<?xml version="1.0" encoding="UTF-8"?>
<testsuite xmlns:xsi="http://www.w3.org/2001/XMLSchema-instance" xsi:noNamespaceSchemaLocation="https://maven.apache.org/surefire/maven-surefire-plugin/xsd/surefire-test-report-3.0.xsd" version="3.0" name="org.apache.ratis.TestMultiRaftGroup" time="62.147" tests="3" errors="0" skipped="0" failures="1">
  <properties>
    <property name="awt.toolkit" value="sun.awt.X11.XToolkit"/>
    <property name="file.encoding.pkg" value="sun.io"/>
    <property name="java.specification.version" value="1.8"/>
    <property name="sun.cpu.isalist" value=""/>
    <property name="sun.jnu.encoding" value="UTF-8"/>
    <property name="java.class.path" value="/home/runner/work/ratis/ratis/ratis-examples/target/test-classes:/home/runner/work/ratis/ratis/ratis-examples/target/classes:/home/runner/.m2/repository/org/apache/ratis/ratis-thirdparty-misc/1.0.6/ratis-thirdparty-misc-1.0.6.jar:/home/runner/work/ratis/ratis/ratis-proto/target/classes:/home/runner/work/ratis/ratis/ratis-tools/target/classes:/home/runner/work/ratis/ratis/ratis-common/target/classes:/home/runner/work/ratis/ratis/ratis-common/target/test-classes:/home/runner/work/ratis/ratis/ratis-client/target/classes:/home/runner/work/ratis/ratis/ratis-server/target/classes:/home/runner/work/ratis/ratis/ratis-server-api/target/classes:/home/runner/work/ratis/ratis/ratis-metrics-api/target/classes:/home/runner/work/ratis/ratis/ratis-server/target/test-classes:/home/runner/work/ratis/ratis/ratis-metrics-default/target/classes:/home/runner/work/ratis/ratis/ratis-grpc/target/classes:/home/runner/work/ratis/ratis/ratis-grpc/target/test-classes:/home/runner/work/ratis/ratis/ratis-netty/target/classes:/home/runner/work/ratis/ratis/ratis-netty/target/test-classes:/home/runner/work/ratis/ratis/ratis-test/target/test-classes:/home/runner/.m2/repository/com/beust/jcommander/1.82/jcommander-1.82.jar:/home/runner/.m2/repository/org/slf4j/slf4j-api/2.0.7/slf4j-api-2.0.7.jar:/home/runner/.m2/repository/org/slf4j/slf4j-reload4j/2.0.7/slf4j-reload4j-2.0.7.jar:/home/runner/.m2/repository/ch/qos/reload4j/reload4j/1.2.22/reload4j-1.2.22.jar:/home/runner/.m2/repository/junit/junit/4.13.2/junit-4.13.2.jar:/home/runner/.m2/repository/org/hamcrest/hamcrest-core/1.3/hamcrest-core-1.3.jar:/home/runner/.m2/repository/org/junit/jupiter/junit-jupiter-engine/5.10.1/junit-jupiter-engine-5.10.1.jar:/home/runner/.m2/repository/org/junit/platform/junit-platform-engine/1.10.1/junit-platform-engine-1.10.1.jar:/home/runner/.m2/repository/org/apiguardian/apiguardian-api/1.1.2/apiguardian-api-1.1.2.jar:/home/runner/.m2/repository/org/junit/jupiter/junit-jupiter-api/5.10.1/junit-jupiter-api-5.10.1.jar:/home/runner/.m2/repository/org/opentest4j/opentest4j/1.3.0/opentest4j-1.3.0.jar:/home/runner/.m2/repository/org/junit/platform/junit-platform-commons/1.10.1/junit-platform-commons-1.10.1.jar:/home/runner/.m2/repository/org/junit/jupiter/junit-jupiter-params/5.10.1/junit-jupiter-params-5.10.1.jar:"/>
    <property name="java.vm.vendor" value="Temurin"/>
    <property name="sun.arch.data.model" value="64"/>
    <property name="java.vendor.url" value="https://adoptium.net/"/>
    <property name="user.timezone" value="Etc/UTC"/>
    <property name="java.vm.specification.version" value="1.8"/>
    <property name="os.name" value="Linux"/>
    <property name="sun.java.launcher" value="SUN_STANDARD"/>
    <property name="sun.boot.library.path" value="/usr/lib/jvm/temurin-8-jdk-amd64/jre/lib/amd64"/>
    <property name="sun.java.command" value="/home/runner/work/ratis/ratis/ratis-examples/target/surefire/surefirebooter5970999950583237979.jar /home/runner/work/ratis/ratis/ratis-examples/target/surefire 2024-09-10T06-13-31_851-jvmRun1 surefire541102177248927044tmp surefire_378778379585995997961tmp"/>
    <property name="surefire.test.class.path" value="/home/runner/work/ratis/ratis/ratis-examples/target/test-classes:/home/runner/work/ratis/ratis/ratis-examples/target/classes:/home/runner/.m2/repository/org/apache/ratis/ratis-thirdparty-misc/1.0.6/ratis-thirdparty-misc-1.0.6.jar:/home/runner/work/ratis/ratis/ratis-proto/target/classes:/home/runner/work/ratis/ratis/ratis-tools/target/classes:/home/runner/work/ratis/ratis/ratis-common/target/classes:/home/runner/work/ratis/ratis/ratis-common/target/test-classes:/home/runner/work/ratis/ratis/ratis-client/target/classes:/home/runner/work/ratis/ratis/ratis-server/target/classes:/home/runner/work/ratis/ratis/ratis-server-api/target/classes:/home/runner/work/ratis/ratis/ratis-metrics-api/target/classes:/home/runner/work/ratis/ratis/ratis-server/target/test-classes:/home/runner/work/ratis/ratis/ratis-metrics-default/target/classes:/home/runner/work/ratis/ratis/ratis-grpc/target/classes:/home/runner/work/ratis/ratis/ratis-grpc/target/test-classes:/home/runner/work/ratis/ratis/ratis-netty/target/classes:/home/runner/work/ratis/ratis/ratis-netty/target/test-classes:/home/runner/work/ratis/ratis/ratis-test/target/test-classes:/home/runner/.m2/repository/com/beust/jcommander/1.82/jcommander-1.82.jar:/home/runner/.m2/repository/org/slf4j/slf4j-api/2.0.7/slf4j-api-2.0.7.jar:/home/runner/.m2/repository/org/slf4j/slf4j-reload4j/2.0.7/slf4j-reload4j-2.0.7.jar:/home/runner/.m2/repository/ch/qos/reload4j/reload4j/1.2.22/reload4j-1.2.22.jar:/home/runner/.m2/repository/junit/junit/4.13.2/junit-4.13.2.jar:/home/runner/.m2/repository/org/hamcrest/hamcrest-core/1.3/hamcrest-core-1.3.jar:/home/runner/.m2/repository/org/junit/jupiter/junit-jupiter-engine/5.10.1/junit-jupiter-engine-5.10.1.jar:/home/runner/.m2/repository/org/junit/platform/junit-platform-engine/1.10.1/junit-platform-engine-1.10.1.jar:/home/runner/.m2/repository/org/apiguardian/apiguardian-api/1.1.2/apiguardian-api-1.1.2.jar:/home/runner/.m2/repository/org/junit/jupiter/junit-jupiter-api/5.10.1/junit-jupiter-api-5.10.1.jar:/home/runner/.m2/repository/org/opentest4j/opentest4j/1.3.0/opentest4j-1.3.0.jar:/home/runner/.m2/repository/org/junit/platform/junit-platform-commons/1.10.1/junit-platform-commons-1.10.1.jar:/home/runner/.m2/repository/org/junit/jupiter/junit-jupiter-params/5.10.1/junit-jupiter-params-5.10.1.jar:"/>
    <property name="sun.cpu.endian" value="little"/>
    <property name="user.home" value="/home/runner"/>
    <property name="user.language" value="en"/>
    <property name="java.specification.vendor" value="Oracle Corporation"/>
    <property name="java.home" value="/usr/lib/jvm/temurin-8-jdk-amd64/jre"/>
    <property name="basedir" value="/home/runner/work/ratis/ratis/ratis-examples"/>
    <property name="file.separator" value="/"/>
    <property name="line.separator" value="&#10;"/>
    <property name="java.vm.specification.vendor" value="Oracle Corporation"/>
    <property name="java.specification.name" value="Java Platform API Specification"/>
    <property name="java.awt.graphicsenv" value="sun.awt.X11GraphicsEnvironment"/>
    <property name="surefire.real.class.path" value="/home/runner/work/ratis/ratis/ratis-examples/target/surefire/surefirebooter5970999950583237979.jar:/home/runner/.m2/repository/org/jacoco/org.jacoco.agent/0.8.11/org.jacoco.agent-0.8.11-runtime.jar"/>
    <property name="sun.boot.class.path" value="/usr/lib/jvm/temurin-8-jdk-amd64/jre/lib/resources.jar:/usr/lib/jvm/temurin-8-jdk-amd64/jre/lib/rt.jar:/usr/lib/jvm/temurin-8-jdk-amd64/jre/lib/sunrsasign.jar:/usr/lib/jvm/temurin-8-jdk-amd64/jre/lib/jsse.jar:/usr/lib/jvm/temurin-8-jdk-amd64/jre/lib/jce.jar:/usr/lib/jvm/temurin-8-jdk-amd64/jre/lib/charsets.jar:/usr/lib/jvm/temurin-8-jdk-amd64/jre/lib/jfr.jar:/usr/lib/jvm/temurin-8-jdk-amd64/jre/classes"/>
    <property name="sun.management.compiler" value="HotSpot 64-Bit Tiered Compilers"/>
    <property name="java.runtime.version" value="1.8.0_422-b05"/>
    <property name="java.net.preferIPv4Stack" value="true"/>
    <property name="user.name" value="runner"/>
    <property name="path.separator" value=":"/>
    <property name="os.version" value="5.15.0-1071-azure"/>
    <property name="java.endorsed.dirs" value="/usr/lib/jvm/temurin-8-jdk-amd64/jre/lib/endorsed"/>
    <property name="java.runtime.name" value="OpenJDK Runtime Environment"/>
    <property name="file.encoding" value="UTF-8"/>
    <property name="java.vm.name" value="OpenJDK 64-Bit Server VM"/>
    <property name="localRepository" value="/home/runner/.m2/repository"/>
    <property name="java.vendor.url.bug" value="https://github.com/adoptium/adoptium-support/issues"/>
    <property name="java.io.tmpdir" value="/tmp"/>
    <property name="java.version" value="1.8.0_422"/>
    <property name="user.dir" value="/home/runner/work/ratis/ratis/ratis-examples"/>
    <property name="os.arch" value="amd64"/>
    <property name="ratis.tmp.dir" value="/home/runner/work/ratis/ratis/ratis-examples/target/tmp"/>
    <property name="java.vm.specification.name" value="Java Virtual Machine Specification"/>
    <property name="java.awt.printerjob" value="sun.print.PSPrinterJob"/>
    <property name="ratis.log.dir" value="/home/runner/work/ratis/ratis/ratis-examples/target/log"/>
    <property name="sun.os.patch.level" value="unknown"/>
    <property name="org.apache.ratis.thirdparty.io.netty.allocator.useCacheForAllThreads" value="false"/>
    <property name="java.library.path" value="/usr/java/packages/lib/amd64:/usr/lib64:/lib64:/lib:/usr/lib"/>
    <property name="java.vm.info" value="mixed mode"/>
    <property name="java.vendor" value="Temurin"/>
    <property name="java.vm.version" value="25.422-b05"/>
    <property name="java.specification.maintenance.version" value="5"/>
    <property name="java.ext.dirs" value="/usr/lib/jvm/temurin-8-jdk-amd64/jre/lib/ext:/usr/java/packages/lib/ext"/>
    <property name="sun.io.unicode.encoding" value="UnicodeLittle"/>
    <property name="java.class.version" value="52.0"/>
  </properties>
  <testcase name="testMultiRaftGroup(MiniRaftCluster)[1]" classname="org.apache.ratis.TestMultiRaftGroup" time="19.007"/>
  <testcase name="testMultiRaftGroup(MiniRaftCluster)[2]" classname="org.apache.ratis.TestMultiRaftGroup" time="23.12">
    <failure type="java.lang.AssertionError"><![CDATA[java.lang.AssertionError: Zero copy messages are not released, please check logs to find leaks.  expected:<3963> but was:<3962>
	at org.junit.Assert.fail(Assert.java:89)
	at org.junit.Assert.failNotEquals(Assert.java:835)
	at org.junit.Assert.assertEquals(Assert.java:647)
	at org.apache.ratis.grpc.MiniRaftClusterWithGrpc.lambda$null$2(MiniRaftClusterWithGrpc.java:104)
	at java.util.ArrayList.forEach(ArrayList.java:1259)
	at org.apache.ratis.grpc.MiniRaftClusterWithGrpc.lambda$assertZeroCopyMetrics$3(MiniRaftClusterWithGrpc.java:98)
	at java.lang.Iterable.forEach(Iterable.java:75)
	at org.apache.ratis.grpc.MiniRaftClusterWithGrpc.assertZeroCopyMetrics(MiniRaftClusterWithGrpc.java:98)
	at org.apache.ratis.grpc.MiniRaftClusterWithGrpc.shutdown(MiniRaftClusterWithGrpc.java:94)
	at org.apache.ratis.server.impl.GroupManagementBaseTest.runMultiGroupTest(GroupManagementBaseTest.java:341)
	at org.apache.ratis.TestMultiRaftGroup.runTestMultiRaftGroup(TestMultiRaftGroup.java:68)
	at org.apache.ratis.TestMultiRaftGroup.runTestMultiRaftGroup(TestMultiRaftGroup.java:54)
	at org.apache.ratis.TestMultiRaftGroup.testMultiRaftGroup(TestMultiRaftGroup.java:50)
	at java.lang.reflect.Method.invoke(Method.java:498)
	at java.util.stream.ForEachOps$ForEachOp$OfRef.accept(ForEachOps.java:183)
	at java.util.stream.ReferencePipeline$3$1.accept(ReferencePipeline.java:193)
	at java.util.stream.ReferencePipeline$2$1.accept(ReferencePipeline.java:175)
	at java.util.stream.ReferencePipeline$3$1.accept(ReferencePipeline.java:193)
	at java.util.stream.ForEachOps$ForEachOp$OfRef.accept(ForEachOps.java:183)
	at java.util.stream.ReferencePipeline$3$1.accept(ReferencePipeline.java:193)
	at java.util.stream.ReferencePipeline$3$1.accept(ReferencePipeline.java:193)
	at java.util.stream.ReferencePipeline$3$1.accept(ReferencePipeline.java:193)
	at java.util.stream.ForEachOps$ForEachOp$OfRef.accept(ForEachOps.java:183)
	at java.util.stream.ReferencePipeline$3$1.accept(ReferencePipeline.java:193)
	at java.util.ArrayList$ArrayListSpliterator.forEachRemaining(ArrayList.java:1384)
	at java.util.stream.ReferencePipeline$Head.forEach(ReferencePipeline.java:647)
	at java.util.stream.ReferencePipeline$7$1.accept(ReferencePipeline.java:272)
	at java.util.stream.ReferencePipeline$3$1.accept(ReferencePipeline.java:193)
	at java.util.stream.ReferencePipeline$3$1.accept(ReferencePipeline.java:193)
	at java.util.stream.ReferencePipeline$3$1.accept(ReferencePipeline.java:193)
	at java.util.Spliterators$ArraySpliterator.forEachRemaining(Spliterators.java:948)
	at java.util.stream.AbstractPipeline.copyInto(AbstractPipeline.java:482)
	at java.util.stream.AbstractPipeline.wrapAndCopyInto(AbstractPipeline.java:472)
	at java.util.stream.ForEachOps$ForEachOp.evaluateSequential(ForEachOps.java:150)
	at java.util.stream.ForEachOps$ForEachOp$OfRef.evaluateSequential(ForEachOps.java:173)
	at java.util.stream.AbstractPipeline.evaluate(AbstractPipeline.java:234)
	at java.util.stream.ReferencePipeline.forEach(ReferencePipeline.java:485)
	at java.util.stream.ReferencePipeline$7$1.accept(ReferencePipeline.java:272)
	at java.util.stream.ReferencePipeline$3$1.accept(ReferencePipeline.java:193)
	at java.util.stream.ReferencePipeline$3$1.accept(ReferencePipeline.java:193)
	at java.util.stream.ReferencePipeline$3$1.accept(ReferencePipeline.java:193)
	at java.util.ArrayList$ArrayListSpliterator.forEachRemaining(ArrayList.java:1384)
	at java.util.stream.AbstractPipeline.copyInto(AbstractPipeline.java:482)
	at java.util.stream.AbstractPipeline.wrapAndCopyInto(AbstractPipeline.java:472)
	at java.util.stream.ForEachOps$ForEachOp.evaluateSequential(ForEachOps.java:150)
	at java.util.stream.ForEachOps$ForEachOp$OfRef.evaluateSequential(ForEachOps.java:173)
	at java.util.stream.AbstractPipeline.evaluate(AbstractPipeline.java:234)
	at java.util.stream.ReferencePipeline.forEach(ReferencePipeline.java:485)
	at java.util.stream.ReferencePipeline$7$1.accept(ReferencePipeline.java:272)
	at java.util.ArrayList$ArrayListSpliterator.forEachRemaining(ArrayList.java:1384)
	at java.util.stream.AbstractPipeline.copyInto(AbstractPipeline.java:482)
	at java.util.stream.AbstractPipeline.wrapAndCopyInto(AbstractPipeline.java:472)
	at java.util.stream.ForEachOps$ForEachOp.evaluateSequential(ForEachOps.java:150)
	at java.util.stream.ForEachOps$ForEachOp$OfRef.evaluateSequential(ForEachOps.java:173)
	at java.util.stream.AbstractPipeline.evaluate(AbstractPipeline.java:234)
	at java.util.stream.ReferencePipeline.forEach(ReferencePipeline.java:485)
	at java.util.ArrayList.forEach(ArrayList.java:1259)
	at java.util.ArrayList.forEach(ArrayList.java:1259)
	Suppressed: java.lang.AssertionError: Zero copy messages are not released, please check logs to find leaks.  expected:<3963> but was:<3962>
		at org.apache.ratis.grpc.MiniRaftClusterWithGrpc.lambda$null$2(MiniRaftClusterWithGrpc.java:104)
		at java.util.ArrayList.forEach(ArrayList.java:1259)
		at org.apache.ratis.grpc.MiniRaftClusterWithGrpc.lambda$assertZeroCopyMetrics$3(MiniRaftClusterWithGrpc.java:98)
		at java.lang.Iterable.forEach(Iterable.java:75)
		at org.apache.ratis.grpc.MiniRaftClusterWithGrpc.assertZeroCopyMetrics(MiniRaftClusterWithGrpc.java:98)
		at org.apache.ratis.grpc.MiniRaftClusterWithGrpc.shutdown(MiniRaftClusterWithGrpc.java:94)
		at org.apache.ratis.server.impl.MiniRaftCluster.close(MiniRaftCluster.java:833)
		at java.util.stream.ForEachOps$ForEachOp$OfRef.accept(ForEachOps.java:183)
		at java.util.ArrayList.forEach(ArrayList.java:1259)
		at java.util.stream.SortedOps$RefSortingSink.end(SortedOps.java:395)
		at java.util.stream.Sink$ChainedReference.end(Sink.java:258)
		at java.util.stream.Sink$ChainedReference.end(Sink.java:258)
		at java.util.stream.AbstractPipeline.copyInto(AbstractPipeline.java:483)
		at java.util.stream.AbstractPipeline.wrapAndCopyInto(AbstractPipeline.java:472)
		at java.util.stream.ForEachOps$ForEachOp.evaluateSequential(ForEachOps.java:150)
		at java.util.stream.ForEachOps$ForEachOp$OfRef.evaluateSequential(ForEachOps.java:173)
		at java.util.stream.AbstractPipeline.evaluate(AbstractPipeline.java:234)
		at java.util.stream.ReferencePipeline.forEach(ReferencePipeline.java:485)
		... 44 more
]]></failure>
    <system-out><![CDATA[2024-09-10 06:19:45,357 INFO  util.LogUtils (Slf4jUtils.java:setLogLevel(38)) - Successfully set org.apache.ratis.conf.ConfUtils log level to WARN
2024-09-10 06:19:45,357 INFO  util.LogUtils (Slf4jUtils.java:setLogLevel(38)) - Successfully set org.apache.ratis.util.FileUtils log level to TRACE
2024-09-10 06:19:45,359 INFO  impl.GroupManagementBaseTest (GroupManagementBaseTest.java:runMultiGroupTest(251)) - 

runMultiGroupTest with MiniRaftClusterWithGrpc[3, 6, 9, 12, 15]chosen=0: printing ALL groups
2024-09-10 06:19:45,359 INFO  impl.GroupManagementBaseTest (GroupManagementBaseTest.java:runMultiGroupTest(258)) - ids: [s0, s1, s2, s3, s4, s5, s6, s7, s8, s9, s10, s11, s12, s13, s14]
2024-09-10 06:19:45,359 INFO  impl.MiniRaftCluster (MiniRaftCluster.java:newRaftServer(386)) - newRaftServer: s0, group-DF8C9DCF2580:[], format? true
2024-09-10 06:19:45,360 TRACE util.FileUtils (FileUtils.java:deleteFully(305)) - deleteFully target/test/data/f624d035/MiniRaftClusterWithGrpc4aa2bfeb/s0
2024-09-10 06:19:45,360 TRACE util.FileUtils (FileUtils.java:deleteFully(318)) - deleteFully: target/test/data/f624d035/MiniRaftClusterWithGrpc4aa2bfeb/s0 does not exist.
2024-09-10 06:19:45,360 INFO  impl.MiniRaftCluster (MiniRaftCluster.java:newRaftServer(391)) - Formatted directory target/test/data/f624d035/MiniRaftClusterWithGrpc4aa2bfeb/s0
2024-09-10 06:19:45,368 INFO  server.RaftServer (ConfUtils.java:logGet(46)) - raft.rpc.type = GRPC (default)
2024-09-10 06:19:45,428 INFO  grpc.GrpcConfigKeys (ConfUtils.java:logFallback(53)) - raft.grpc.admin.host = null (fallback to raft.grpc.server.host)
2024-09-10 06:19:45,429 INFO  grpc.GrpcConfigKeys (ConfUtils.java:logFallback(53)) - raft.grpc.admin.port = 15000 (fallback to raft.grpc.server.port)
2024-09-10 06:19:45,430 INFO  grpc.GrpcConfigKeys (ConfUtils.java:logFallback(53)) - raft.grpc.client.host = null (fallback to raft.grpc.server.host)
2024-09-10 06:19:45,430 INFO  grpc.GrpcConfigKeys (ConfUtils.java:logFallback(53)) - raft.grpc.client.port = 15000 (fallback to raft.grpc.server.port)
2024-09-10 06:19:45,430 INFO  grpc.GrpcConfigKeys (ConfUtils.java:logGet(46)) - raft.grpc.server.host = null (default)
2024-09-10 06:19:45,430 INFO  grpc.GrpcConfigKeys (ConfUtils.java:logGet(46)) - raft.grpc.server.port = 15000 (custom)
2024-09-10 06:19:45,431 INFO  server.GrpcService (ConfUtils.java:logGet(46)) - raft.grpc.message.size.max = 64MB (=67108864) (default)
2024-09-10 06:19:45,432 INFO  server.GrpcService (ConfUtils.java:logGet(46)) - raft.grpc.flow.control.window = 1MB (=1048576) (default)
2024-09-10 06:19:45,432 INFO  server.RaftServerConfigKeys (ConfUtils.java:logGet(46)) - raft.server.rpc.request.timeout = 3000ms (default)
2024-09-10 06:19:45,432 INFO  grpc.GrpcConfigKeys (ConfUtils.java:logGet(46)) - raft.grpc.server.heartbeat.channel = true (default)
2024-09-10 06:19:45,433 INFO  grpc.GrpcConfigKeys (ConfUtils.java:logGet(46)) - raft.grpc.server.zerocopy.enabled = true (custom)
2024-09-10 06:19:45,433 INFO  server.RaftServerConfigKeys (ConfUtils.java:logGet(46)) - raft.server.log.appender.buffer.byte-limit = 4MB (=4194304) (default)
2024-09-10 06:19:45,437 INFO  grpc.GrpcConfigKeys (ConfUtils.java:logGet(46)) - raft.grpc.server.async.request.thread.pool.cached = true (default)
2024-09-10 06:19:45,437 INFO  grpc.GrpcConfigKeys (ConfUtils.java:logGet(46)) - raft.grpc.server.async.request.thread.pool.size = 32 (default)
2024-09-10 06:19:45,619 INFO  impl.DataStreamServerImpl (ConfUtils.java:logGet(46)) - raft.datastream.type = DISABLED (default)
2024-09-10 06:19:45,619 INFO  server.RaftServerConfigKeys (ConfUtils.java:logGet(46)) - raft.server.sleep.deviation.threshold = 300ms (default)
2024-09-10 06:19:45,620 INFO  server.RaftServerConfigKeys (ConfUtils.java:logGet(46)) - raft.server.close.threshold = 60s (default)
2024-09-10 06:19:45,620 INFO  server.RaftServerConfigKeys (ConfUtils.java:logGet(46)) - raft.server.leaderelection.leader.step-down.wait-time = 10s (default)
2024-09-10 06:19:45,620 INFO  server.RaftServerConfigKeys (ConfUtils.java:logGet(46)) - raft.server.storage.dir = [/home/runner/work/ratis/ratis/ratis-examples/target/test/data/f624d035/MiniRaftClusterWithGrpc4aa2bfeb/s0] (custom)
2024-09-10 06:19:45,620 INFO  server.RaftServerConfigKeys (ConfUtils.java:logGet(46)) - raft.server.threadpool.proxy.cached = true (default)
2024-09-10 06:19:45,620 INFO  server.RaftServerConfigKeys (ConfUtils.java:logGet(46)) - raft.server.threadpool.proxy.size = 0 (default)
2024-09-10 06:19:45,621 INFO  server.RaftServer (RaftServerProxy.java:addNew(101)) - s0: addNew group-DF8C9DCF2580:[] returns group-DF8C9DCF2580:java.util.concurrent.CompletableFuture@77ec9fdb[Not completed]
2024-09-10 06:19:45,621 INFO  impl.MiniRaftCluster (MiniRaftCluster.java:newRaftServer(386)) - newRaftServer: s1, group-DF8C9DCF2580:[], format? true
2024-09-10 06:19:45,621 TRACE util.FileUtils (FileUtils.java:deleteFully(305)) - deleteFully target/test/data/f624d035/MiniRaftClusterWithGrpc4aa2bfeb/s1
2024-09-10 06:19:45,621 TRACE util.FileUtils (FileUtils.java:deleteFully(318)) - deleteFully: target/test/data/f624d035/MiniRaftClusterWithGrpc4aa2bfeb/s1 does not exist.
2024-09-10 06:19:45,622 INFO  impl.MiniRaftCluster (MiniRaftCluster.java:newRaftServer(391)) - Formatted directory target/test/data/f624d035/MiniRaftClusterWithGrpc4aa2bfeb/s1
2024-09-10 06:19:45,622 INFO  server.RaftServer (ConfUtils.java:logGet(46)) - raft.rpc.type = GRPC (default)
2024-09-10 06:19:45,622 INFO  server.RaftServer$Division (RaftServerImpl.java:<init>(255)) - s0: new RaftServerImpl for group-DF8C9DCF2580:[] with ArithmeticStateMachine:uninitialized
2024-09-10 06:19:45,622 INFO  grpc.GrpcConfigKeys (ConfUtils.java:logFallback(53)) - raft.grpc.admin.host = null (fallback to raft.grpc.server.host)
2024-09-10 06:19:45,622 INFO  server.RaftServerConfigKeys (ConfUtils.java:logGet(46)) - raft.server.rpc.timeout.min = 300ms (custom)
2024-09-10 06:19:45,622 INFO  grpc.GrpcConfigKeys (ConfUtils.java:logFallback(53)) - raft.grpc.admin.port = 15001 (fallback to raft.grpc.server.port)
2024-09-10 06:19:45,622 INFO  server.RaftServerConfigKeys (ConfUtils.java:logGet(46)) - raft.server.rpc.timeout.max = 600ms (custom)
2024-09-10 06:19:45,623 INFO  grpc.GrpcConfigKeys (ConfUtils.java:logFallback(53)) - raft.grpc.client.host = null (fallback to raft.grpc.server.host)
2024-09-10 06:19:45,623 INFO  server.RaftServerConfigKeys (ConfUtils.java:logGet(46)) - raft.server.rpc.sleep.time = 25ms (default)
2024-09-10 06:19:45,623 INFO  grpc.GrpcConfigKeys (ConfUtils.java:logFallback(53)) - raft.grpc.client.port = 15001 (fallback to raft.grpc.server.port)
2024-09-10 06:19:45,623 INFO  server.RaftServerConfigKeys (ConfUtils.java:logGet(46)) - raft.server.rpc.slowness.timeout = 60s (default)
2024-09-10 06:19:45,623 INFO  grpc.GrpcConfigKeys (ConfUtils.java:logGet(46)) - raft.grpc.server.host = null (default)
2024-09-10 06:19:45,623 INFO  server.RaftServerConfigKeys (ConfUtils.java:logGet(46)) - raft.server.leaderelection.leader.step-down.wait-time = 10s (default)
2024-09-10 06:19:45,623 INFO  grpc.GrpcConfigKeys (ConfUtils.java:logGet(46)) - raft.grpc.server.port = 15001 (custom)
2024-09-10 06:19:45,623 INFO  server.RaftServerConfigKeys (ConfUtils.java:logGet(46)) - raft.server.leaderelection.member.majority-add = false (default)
2024-09-10 06:19:45,623 INFO  server.RaftServerConfigKeys (ConfUtils.java:logGet(46)) - raft.server.sleep.deviation.threshold = 300ms (default)
2024-09-10 06:19:45,623 INFO  server.GrpcService (ConfUtils.java:logGet(46)) - raft.grpc.message.size.max = 64MB (=67108864) (default)
2024-09-10 06:19:45,624 INFO  server.GrpcService (ConfUtils.java:logGet(46)) - raft.grpc.flow.control.window = 1MB (=1048576) (default)
2024-09-10 06:19:45,624 INFO  server.RaftServerConfigKeys (ConfUtils.java:logGet(46)) - raft.server.rpc.request.timeout = 3000ms (default)
2024-09-10 06:19:45,624 INFO  grpc.GrpcConfigKeys (ConfUtils.java:logGet(46)) - raft.grpc.server.heartbeat.channel = true (default)
2024-09-10 06:19:45,624 INFO  grpc.GrpcConfigKeys (ConfUtils.java:logGet(46)) - raft.grpc.server.zerocopy.enabled = true (custom)
2024-09-10 06:19:45,624 INFO  server.RaftServerConfigKeys (ConfUtils.java:logGet(46)) - raft.server.log.appender.buffer.byte-limit = 4MB (=4194304) (default)
2024-09-10 06:19:45,624 INFO  server.RaftServer$Division (ServerState.java:<init>(114)) - s0@group-DF8C9DCF2580: ConfigurationManager, init=conf: {index: -1, cur=peers:[]|listeners:[], old=null}, confs=<EMPTY_MAP>
2024-09-10 06:19:45,625 INFO  grpc.GrpcConfigKeys (ConfUtils.java:logGet(46)) - raft.grpc.server.async.request.thread.pool.cached = true (default)
2024-09-10 06:19:45,625 INFO  server.RaftServerConfigKeys (ConfUtils.java:logGet(46)) - raft.server.notification.no-leader.timeout = 60s (default)
2024-09-10 06:19:45,625 INFO  grpc.GrpcConfigKeys (ConfUtils.java:logGet(46)) - raft.grpc.server.async.request.thread.pool.size = 32 (default)
2024-09-10 06:19:45,625 INFO  server.RaftServerConfigKeys (ConfUtils.java:logGet(46)) - raft.server.read.timeout = 10s (default)
2024-09-10 06:19:45,625 INFO  server.RaftServerConfigKeys (ConfUtils.java:logGet(46)) - raft.server.retrycache.expirytime = 60s (default)
2024-09-10 06:19:45,625 INFO  server.RaftServerConfigKeys (ConfUtils.java:logGet(46)) - raft.server.retrycache.statistics.expirytime = 100ms (default)
2024-09-10 06:19:45,625 INFO  server.RaftServerConfigKeys (ConfUtils.java:logGet(46)) - raft.server.read.option = DEFAULT (default)
2024-09-10 06:19:45,625 INFO  server.RaftServerConfigKeys (ConfUtils.java:logGet(46)) - raft.server.read.read-after-write-consistent.write-index-cache.expiry-time = 60s (default)
2024-09-10 06:19:45,626 INFO  impl.DataStreamServerImpl (ConfUtils.java:logGet(46)) - raft.datastream.type = DISABLED (default)
2024-09-10 06:19:45,627 INFO  server.RaftServerConfigKeys (ConfUtils.java:logGet(46)) - raft.server.sleep.deviation.threshold = 300ms (default)
2024-09-10 06:19:45,627 INFO  server.RaftServerConfigKeys (ConfUtils.java:logGet(46)) - raft.server.close.threshold = 60s (default)
2024-09-10 06:19:45,627 INFO  server.RaftServerConfigKeys (ConfUtils.java:logGet(46)) - raft.server.leaderelection.leader.step-down.wait-time = 10s (default)
2024-09-10 06:19:45,627 INFO  server.RaftServerConfigKeys (ConfUtils.java:logGet(46)) - raft.server.rpc.request.timeout = 3000ms (default)
2024-09-10 06:19:45,627 INFO  server.RaftServerConfigKeys (ConfUtils.java:logGet(46)) - raft.server.storage.dir = [/home/runner/work/ratis/ratis/ratis-examples/target/test/data/f624d035/MiniRaftClusterWithGrpc4aa2bfeb/s1] (custom)
2024-09-10 06:19:45,628 INFO  server.RaftServerConfigKeys (ConfUtils.java:logGet(46)) - raft.server.threadpool.proxy.cached = true (default)
2024-09-10 06:19:45,628 INFO  server.RaftServerConfigKeys (ConfUtils.java:logGet(46)) - raft.server.threadpool.proxy.size = 0 (default)
2024-09-10 06:19:45,627 INFO  server.RaftServerConfigKeys (ConfUtils.java:logGet(46)) - raft.server.log.appender.install.snapshot.enabled = true (default)
2024-09-10 06:19:45,628 INFO  server.RaftServerConfigKeys (ConfUtils.java:logGet(46)) - raft.server.threadpool.server.cached = true (default)
2024-09-10 06:19:45,628 INFO  server.RaftServerConfigKeys (ConfUtils.java:logGet(46)) - raft.server.threadpool.server.size = 0 (default)
2024-09-10 06:19:45,628 INFO  server.RaftServerConfigKeys (ConfUtils.java:logGet(46)) - raft.server.threadpool.client.cached = true (default)
2024-09-10 06:19:45,628 INFO  server.RaftServerConfigKeys (ConfUtils.java:logGet(46)) - raft.server.threadpool.client.size = 0 (default)
2024-09-10 06:19:45,628 INFO  server.RaftServer (RaftServerProxy.java:addNew(101)) - s1: addNew group-DF8C9DCF2580:[] returns group-DF8C9DCF2580:java.util.concurrent.CompletableFuture@59b853aa[Not completed]
2024-09-10 06:19:45,628 INFO  server.RaftServer$Division (RaftServerImpl.java:<init>(255)) - s1: new RaftServerImpl for group-DF8C9DCF2580:[] with ArithmeticStateMachine:uninitialized
2024-09-10 06:19:45,629 INFO  impl.MiniRaftCluster (MiniRaftCluster.java:newRaftServer(386)) - newRaftServer: s2, group-DF8C9DCF2580:[], format? true
2024-09-10 06:19:45,629 TRACE util.FileUtils (FileUtils.java:deleteFully(305)) - deleteFully target/test/data/f624d035/MiniRaftClusterWithGrpc4aa2bfeb/s2
2024-09-10 06:19:45,629 INFO  server.RaftServerConfigKeys (ConfUtils.java:logGet(46)) - raft.server.rpc.timeout.min = 300ms (custom)
2024-09-10 06:19:45,629 TRACE util.FileUtils (FileUtils.java:deleteFully(318)) - deleteFully: target/test/data/f624d035/MiniRaftClusterWithGrpc4aa2bfeb/s2 does not exist.
2024-09-10 06:19:45,629 INFO  impl.MiniRaftCluster (MiniRaftCluster.java:newRaftServer(391)) - Formatted directory target/test/data/f624d035/MiniRaftClusterWithGrpc4aa2bfeb/s2
2024-09-10 06:19:45,629 INFO  server.RaftServerConfigKeys (ConfUtils.java:logGet(46)) - raft.server.rpc.timeout.max = 600ms (custom)
2024-09-10 06:19:45,629 INFO  server.RaftServerConfigKeys (ConfUtils.java:logGet(46)) - raft.server.rpc.sleep.time = 25ms (default)
2024-09-10 06:19:45,629 INFO  server.RaftServerConfigKeys (ConfUtils.java:logGet(46)) - raft.server.rpc.slowness.timeout = 60s (default)
2024-09-10 06:19:45,630 INFO  server.RaftServerConfigKeys (ConfUtils.java:logGet(46)) - raft.server.leaderelection.leader.step-down.wait-time = 10s (default)
2024-09-10 06:19:45,629 INFO  server.RaftServer (ConfUtils.java:logGet(46)) - raft.rpc.type = GRPC (default)
2024-09-10 06:19:45,630 INFO  server.RaftServerConfigKeys (ConfUtils.java:logGet(46)) - raft.server.leaderelection.member.majority-add = false (default)
2024-09-10 06:19:45,630 INFO  grpc.GrpcConfigKeys (ConfUtils.java:logFallback(53)) - raft.grpc.admin.host = null (fallback to raft.grpc.server.host)
2024-09-10 06:19:45,630 INFO  server.RaftServerConfigKeys (ConfUtils.java:logGet(46)) - raft.server.sleep.deviation.threshold = 300ms (default)
2024-09-10 06:19:45,630 INFO  grpc.GrpcConfigKeys (ConfUtils.java:logFallback(53)) - raft.grpc.admin.port = 15002 (fallback to raft.grpc.server.port)
2024-09-10 06:19:45,630 INFO  server.RaftServer$Division (ServerState.java:<init>(114)) - s1@group-DF8C9DCF2580: ConfigurationManager, init=conf: {index: -1, cur=peers:[]|listeners:[], old=null}, confs=<EMPTY_MAP>
2024-09-10 06:19:45,630 INFO  grpc.GrpcConfigKeys (ConfUtils.java:logFallback(53)) - raft.grpc.client.host = null (fallback to raft.grpc.server.host)
2024-09-10 06:19:45,630 INFO  server.RaftServerConfigKeys (ConfUtils.java:logGet(46)) - raft.server.notification.no-leader.timeout = 60s (default)
2024-09-10 06:19:45,630 INFO  grpc.GrpcConfigKeys (ConfUtils.java:logFallback(53)) - raft.grpc.client.port = 15002 (fallback to raft.grpc.server.port)
2024-09-10 06:19:45,630 INFO  server.RaftServerConfigKeys (ConfUtils.java:logGet(46)) - raft.server.read.timeout = 10s (default)
2024-09-10 06:19:45,631 INFO  server.RaftServerConfigKeys (ConfUtils.java:logGet(46)) - raft.server.retrycache.expirytime = 60s (default)
2024-09-10 06:19:45,631 INFO  server.RaftServerConfigKeys (ConfUtils.java:logGet(46)) - raft.server.retrycache.statistics.expirytime = 100ms (default)
2024-09-10 06:19:45,631 INFO  server.RaftServerConfigKeys (ConfUtils.java:logGet(46)) - raft.server.read.option = DEFAULT (default)
2024-09-10 06:19:45,631 INFO  server.RaftServerConfigKeys (ConfUtils.java:logGet(46)) - raft.server.read.read-after-write-consistent.write-index-cache.expiry-time = 60s (default)
2024-09-10 06:19:45,631 INFO  server.RaftServerConfigKeys (ConfUtils.java:logGet(46)) - raft.server.rpc.request.timeout = 3000ms (default)
2024-09-10 06:19:45,632 INFO  server.RaftServerConfigKeys (ConfUtils.java:logGet(46)) - raft.server.log.appender.install.snapshot.enabled = true (default)
2024-09-10 06:19:45,632 INFO  server.RaftServerConfigKeys (ConfUtils.java:logGet(46)) - raft.server.threadpool.server.cached = true (default)
2024-09-10 06:19:45,632 INFO  server.RaftServerConfigKeys (ConfUtils.java:logGet(46)) - raft.server.threadpool.server.size = 0 (default)
2024-09-10 06:19:45,632 INFO  server.RaftServerConfigKeys (ConfUtils.java:logGet(46)) - raft.server.threadpool.client.cached = true (default)
2024-09-10 06:19:45,632 INFO  server.RaftServerConfigKeys (ConfUtils.java:logGet(46)) - raft.server.threadpool.client.size = 0 (default)
2024-09-10 06:19:45,631 INFO  grpc.GrpcConfigKeys (ConfUtils.java:logGet(46)) - raft.grpc.server.host = null (default)
2024-09-10 06:19:45,632 INFO  grpc.GrpcConfigKeys (ConfUtils.java:logGet(46)) - raft.grpc.server.port = 15002 (custom)
2024-09-10 06:19:45,632 INFO  server.GrpcService (ConfUtils.java:logGet(46)) - raft.grpc.message.size.max = 64MB (=67108864) (default)
2024-09-10 06:19:45,633 INFO  server.GrpcService (ConfUtils.java:logGet(46)) - raft.grpc.flow.control.window = 1MB (=1048576) (default)
2024-09-10 06:19:45,633 INFO  server.RaftServerConfigKeys (ConfUtils.java:logGet(46)) - raft.server.rpc.request.timeout = 3000ms (default)
2024-09-10 06:19:45,633 INFO  grpc.GrpcConfigKeys (ConfUtils.java:logGet(46)) - raft.grpc.server.heartbeat.channel = true (default)
2024-09-10 06:19:45,633 INFO  grpc.GrpcConfigKeys (ConfUtils.java:logGet(46)) - raft.grpc.server.zerocopy.enabled = true (custom)
2024-09-10 06:19:45,633 INFO  server.RaftServerConfigKeys (ConfUtils.java:logGet(46)) - raft.server.log.appender.buffer.byte-limit = 4MB (=4194304) (default)
2024-09-10 06:19:45,633 INFO  grpc.GrpcConfigKeys (ConfUtils.java:logGet(46)) - raft.grpc.server.async.request.thread.pool.cached = true (default)
2024-09-10 06:19:45,634 INFO  grpc.GrpcConfigKeys (ConfUtils.java:logGet(46)) - raft.grpc.server.async.request.thread.pool.size = 32 (default)
2024-09-10 06:19:45,634 INFO  impl.DataStreamServerImpl (ConfUtils.java:logGet(46)) - raft.datastream.type = DISABLED (default)
2024-09-10 06:19:45,635 INFO  server.RaftServerConfigKeys (ConfUtils.java:logGet(46)) - raft.server.sleep.deviation.threshold = 300ms (default)
2024-09-10 06:19:45,635 INFO  server.RaftServerConfigKeys (ConfUtils.java:logGet(46)) - raft.server.close.threshold = 60s (default)
2024-09-10 06:19:45,635 INFO  server.RaftServerConfigKeys (ConfUtils.java:logGet(46)) - raft.server.leaderelection.leader.step-down.wait-time = 10s (default)
2024-09-10 06:19:45,635 INFO  server.RaftServerConfigKeys (ConfUtils.java:logGet(46)) - raft.server.storage.dir = [/home/runner/work/ratis/ratis/ratis-examples/target/test/data/f624d035/MiniRaftClusterWithGrpc4aa2bfeb/s2] (custom)
2024-09-10 06:19:45,635 INFO  server.RaftServerConfigKeys (ConfUtils.java:logGet(46)) - raft.server.threadpool.proxy.cached = true (default)
2024-09-10 06:19:45,635 INFO  server.RaftServerConfigKeys (ConfUtils.java:logGet(46)) - raft.server.threadpool.proxy.size = 0 (default)
2024-09-10 06:19:45,636 INFO  server.RaftServer (RaftServerProxy.java:addNew(101)) - s2: addNew group-DF8C9DCF2580:[] returns group-DF8C9DCF2580:java.util.concurrent.CompletableFuture@2d88c1bf[Not completed]
2024-09-10 06:19:45,636 INFO  server.RaftServer$Division (RaftServerImpl.java:<init>(255)) - s2: new RaftServerImpl for group-DF8C9DCF2580:[] with ArithmeticStateMachine:uninitialized
2024-09-10 06:19:45,636 INFO  impl.MiniRaftCluster (MiniRaftCluster.java:newRaftServer(386)) - newRaftServer: s3, group-DF8C9DCF2580:[], format? true
2024-09-10 06:19:45,636 TRACE util.FileUtils (FileUtils.java:deleteFully(305)) - deleteFully target/test/data/f624d035/MiniRaftClusterWithGrpc4aa2bfeb/s3
2024-09-10 06:19:45,636 INFO  server.RaftServerConfigKeys (ConfUtils.java:logGet(46)) - raft.server.rpc.timeout.min = 300ms (custom)
2024-09-10 06:19:45,636 TRACE util.FileUtils (FileUtils.java:deleteFully(318)) - deleteFully: target/test/data/f624d035/MiniRaftClusterWithGrpc4aa2bfeb/s3 does not exist.
2024-09-10 06:19:45,636 INFO  impl.MiniRaftCluster (MiniRaftCluster.java:newRaftServer(391)) - Formatted directory target/test/data/f624d035/MiniRaftClusterWithGrpc4aa2bfeb/s3
2024-09-10 06:19:45,636 INFO  server.RaftServerConfigKeys (ConfUtils.java:logGet(46)) - raft.server.rpc.timeout.max = 600ms (custom)
2024-09-10 06:19:45,637 INFO  server.RaftServerConfigKeys (ConfUtils.java:logGet(46)) - raft.server.rpc.sleep.time = 25ms (default)
2024-09-10 06:19:45,637 INFO  server.RaftServerConfigKeys (ConfUtils.java:logGet(46)) - raft.server.rpc.slowness.timeout = 60s (default)
2024-09-10 06:19:45,637 INFO  server.RaftServerConfigKeys (ConfUtils.java:logGet(46)) - raft.server.leaderelection.leader.step-down.wait-time = 10s (default)
2024-09-10 06:19:45,637 INFO  server.RaftServer (ConfUtils.java:logGet(46)) - raft.rpc.type = GRPC (default)
2024-09-10 06:19:45,637 INFO  server.RaftServerConfigKeys (ConfUtils.java:logGet(46)) - raft.server.leaderelection.member.majority-add = false (default)
2024-09-10 06:19:45,637 INFO  grpc.GrpcConfigKeys (ConfUtils.java:logFallback(53)) - raft.grpc.admin.host = null (fallback to raft.grpc.server.host)
2024-09-10 06:19:45,637 INFO  server.RaftServerConfigKeys (ConfUtils.java:logGet(46)) - raft.server.sleep.deviation.threshold = 300ms (default)
2024-09-10 06:19:45,637 INFO  grpc.GrpcConfigKeys (ConfUtils.java:logFallback(53)) - raft.grpc.admin.port = 15003 (fallback to raft.grpc.server.port)
2024-09-10 06:19:45,637 INFO  grpc.GrpcConfigKeys (ConfUtils.java:logFallback(53)) - raft.grpc.client.host = null (fallback to raft.grpc.server.host)
2024-09-10 06:19:45,637 INFO  server.RaftServer$Division (ServerState.java:<init>(114)) - s2@group-DF8C9DCF2580: ConfigurationManager, init=conf: {index: -1, cur=peers:[]|listeners:[], old=null}, confs=<EMPTY_MAP>
2024-09-10 06:19:45,638 INFO  grpc.GrpcConfigKeys (ConfUtils.java:logFallback(53)) - raft.grpc.client.port = 15003 (fallback to raft.grpc.server.port)
2024-09-10 06:19:45,638 INFO  server.RaftServerConfigKeys (ConfUtils.java:logGet(46)) - raft.server.notification.no-leader.timeout = 60s (default)
2024-09-10 06:19:45,638 INFO  grpc.GrpcConfigKeys (ConfUtils.java:logGet(46)) - raft.grpc.server.host = null (default)
2024-09-10 06:19:45,638 INFO  server.RaftServerConfigKeys (ConfUtils.java:logGet(46)) - raft.server.read.timeout = 10s (default)
2024-09-10 06:19:45,638 INFO  grpc.GrpcConfigKeys (ConfUtils.java:logGet(46)) - raft.grpc.server.port = 15003 (custom)
2024-09-10 06:19:45,638 INFO  server.RaftServerConfigKeys (ConfUtils.java:logGet(46)) - raft.server.retrycache.expirytime = 60s (default)
2024-09-10 06:19:45,638 INFO  server.GrpcService (ConfUtils.java:logGet(46)) - raft.grpc.message.size.max = 64MB (=67108864) (default)
2024-09-10 06:19:45,638 INFO  server.GrpcService (ConfUtils.java:logGet(46)) - raft.grpc.flow.control.window = 1MB (=1048576) (default)
2024-09-10 06:19:45,638 INFO  server.RaftServerConfigKeys (ConfUtils.java:logGet(46)) - raft.server.retrycache.statistics.expirytime = 100ms (default)
2024-09-10 06:19:45,639 INFO  server.RaftServerConfigKeys (ConfUtils.java:logGet(46)) - raft.server.rpc.request.timeout = 3000ms (default)
2024-09-10 06:19:45,639 INFO  grpc.GrpcConfigKeys (ConfUtils.java:logGet(46)) - raft.grpc.server.heartbeat.channel = true (default)
2024-09-10 06:19:45,639 INFO  server.RaftServerConfigKeys (ConfUtils.java:logGet(46)) - raft.server.read.option = DEFAULT (default)
2024-09-10 06:19:45,639 INFO  grpc.GrpcConfigKeys (ConfUtils.java:logGet(46)) - raft.grpc.server.zerocopy.enabled = true (custom)
2024-09-10 06:19:45,639 INFO  server.RaftServerConfigKeys (ConfUtils.java:logGet(46)) - raft.server.read.read-after-write-consistent.write-index-cache.expiry-time = 60s (default)
2024-09-10 06:19:45,639 INFO  server.RaftServerConfigKeys (ConfUtils.java:logGet(46)) - raft.server.log.appender.buffer.byte-limit = 4MB (=4194304) (default)
2024-09-10 06:19:45,639 INFO  grpc.GrpcConfigKeys (ConfUtils.java:logGet(46)) - raft.grpc.server.async.request.thread.pool.cached = true (default)
2024-09-10 06:19:45,640 INFO  server.RaftServerConfigKeys (ConfUtils.java:logGet(46)) - raft.server.rpc.request.timeout = 3000ms (default)
2024-09-10 06:19:45,640 INFO  grpc.GrpcConfigKeys (ConfUtils.java:logGet(46)) - raft.grpc.server.async.request.thread.pool.size = 32 (default)
2024-09-10 06:19:45,640 INFO  server.RaftServerConfigKeys (ConfUtils.java:logGet(46)) - raft.server.log.appender.install.snapshot.enabled = true (default)
2024-09-10 06:19:45,640 INFO  server.RaftServerConfigKeys (ConfUtils.java:logGet(46)) - raft.server.threadpool.server.cached = true (default)
2024-09-10 06:19:45,640 INFO  server.RaftServerConfigKeys (ConfUtils.java:logGet(46)) - raft.server.threadpool.server.size = 0 (default)
2024-09-10 06:19:45,640 INFO  server.RaftServerConfigKeys (ConfUtils.java:logGet(46)) - raft.server.threadpool.client.cached = true (default)
2024-09-10 06:19:45,640 INFO  server.RaftServerConfigKeys (ConfUtils.java:logGet(46)) - raft.server.threadpool.client.size = 0 (default)
2024-09-10 06:19:45,641 INFO  impl.DataStreamServerImpl (ConfUtils.java:logGet(46)) - raft.datastream.type = DISABLED (default)
2024-09-10 06:19:45,641 INFO  server.RaftServerConfigKeys (ConfUtils.java:logGet(46)) - raft.server.sleep.deviation.threshold = 300ms (default)
2024-09-10 06:19:45,641 INFO  server.RaftServerConfigKeys (ConfUtils.java:logGet(46)) - raft.server.close.threshold = 60s (default)
2024-09-10 06:19:45,641 INFO  server.RaftServerConfigKeys (ConfUtils.java:logGet(46)) - raft.server.leaderelection.leader.step-down.wait-time = 10s (default)
2024-09-10 06:19:45,641 INFO  server.RaftServerConfigKeys (ConfUtils.java:logGet(46)) - raft.server.storage.dir = [/home/runner/work/ratis/ratis/ratis-examples/target/test/data/f624d035/MiniRaftClusterWithGrpc4aa2bfeb/s3] (custom)
2024-09-10 06:19:45,642 INFO  server.RaftServerConfigKeys (ConfUtils.java:logGet(46)) - raft.server.threadpool.proxy.cached = true (default)
2024-09-10 06:19:45,642 INFO  server.RaftServerConfigKeys (ConfUtils.java:logGet(46)) - raft.server.threadpool.proxy.size = 0 (default)
2024-09-10 06:19:45,642 INFO  server.RaftServer (RaftServerProxy.java:addNew(101)) - s3: addNew group-DF8C9DCF2580:[] returns group-DF8C9DCF2580:java.util.concurrent.CompletableFuture@3dbbed3e[Not completed]
2024-09-10 06:19:45,642 INFO  server.RaftServer$Division (RaftServerImpl.java:<init>(255)) - s3: new RaftServerImpl for group-DF8C9DCF2580:[] with ArithmeticStateMachine:uninitialized
2024-09-10 06:19:45,642 INFO  impl.MiniRaftCluster (MiniRaftCluster.java:newRaftServer(386)) - newRaftServer: s4, group-DF8C9DCF2580:[], format? true
2024-09-10 06:19:45,643 TRACE util.FileUtils (FileUtils.java:deleteFully(305)) - deleteFully target/test/data/f624d035/MiniRaftClusterWithGrpc4aa2bfeb/s4
2024-09-10 06:19:45,642 INFO  server.RaftServerConfigKeys (ConfUtils.java:logGet(46)) - raft.server.rpc.timeout.min = 300ms (custom)
2024-09-10 06:19:45,643 TRACE util.FileUtils (FileUtils.java:deleteFully(318)) - deleteFully: target/test/data/f624d035/MiniRaftClusterWithGrpc4aa2bfeb/s4 does not exist.
2024-09-10 06:19:45,643 INFO  impl.MiniRaftCluster (MiniRaftCluster.java:newRaftServer(391)) - Formatted directory target/test/data/f624d035/MiniRaftClusterWithGrpc4aa2bfeb/s4
2024-09-10 06:19:45,643 INFO  server.RaftServerConfigKeys (ConfUtils.java:logGet(46)) - raft.server.rpc.timeout.max = 600ms (custom)
2024-09-10 06:19:45,643 INFO  server.RaftServerConfigKeys (ConfUtils.java:logGet(46)) - raft.server.rpc.sleep.time = 25ms (default)
2024-09-10 06:19:45,643 INFO  server.RaftServerConfigKeys (ConfUtils.java:logGet(46)) - raft.server.rpc.slowness.timeout = 60s (default)
2024-09-10 06:19:45,643 INFO  server.RaftServer (ConfUtils.java:logGet(46)) - raft.rpc.type = GRPC (default)
2024-09-10 06:19:45,643 INFO  server.RaftServerConfigKeys (ConfUtils.java:logGet(46)) - raft.server.leaderelection.leader.step-down.wait-time = 10s (default)
2024-09-10 06:19:45,643 INFO  grpc.GrpcConfigKeys (ConfUtils.java:logFallback(53)) - raft.grpc.admin.host = null (fallback to raft.grpc.server.host)
2024-09-10 06:19:45,643 INFO  server.RaftServerConfigKeys (ConfUtils.java:logGet(46)) - raft.server.leaderelection.member.majority-add = false (default)
2024-09-10 06:19:45,644 INFO  grpc.GrpcConfigKeys (ConfUtils.java:logFallback(53)) - raft.grpc.admin.port = 15004 (fallback to raft.grpc.server.port)
2024-09-10 06:19:45,644 INFO  server.RaftServerConfigKeys (ConfUtils.java:logGet(46)) - raft.server.sleep.deviation.threshold = 300ms (default)
2024-09-10 06:19:45,644 INFO  grpc.GrpcConfigKeys (ConfUtils.java:logFallback(53)) - raft.grpc.client.host = null (fallback to raft.grpc.server.host)
2024-09-10 06:19:45,644 INFO  server.RaftServer$Division (ServerState.java:<init>(114)) - s3@group-DF8C9DCF2580: ConfigurationManager, init=conf: {index: -1, cur=peers:[]|listeners:[], old=null}, confs=<EMPTY_MAP>
2024-09-10 06:19:45,644 INFO  grpc.GrpcConfigKeys (ConfUtils.java:logFallback(53)) - raft.grpc.client.port = 15004 (fallback to raft.grpc.server.port)
2024-09-10 06:19:45,644 INFO  server.RaftServerConfigKeys (ConfUtils.java:logGet(46)) - raft.server.notification.no-leader.timeout = 60s (default)
2024-09-10 06:19:45,644 INFO  grpc.GrpcConfigKeys (ConfUtils.java:logGet(46)) - raft.grpc.server.host = null (default)
2024-09-10 06:19:45,644 INFO  server.RaftServerConfigKeys (ConfUtils.java:logGet(46)) - raft.server.read.timeout = 10s (default)
2024-09-10 06:19:45,644 INFO  grpc.GrpcConfigKeys (ConfUtils.java:logGet(46)) - raft.grpc.server.port = 15004 (custom)
2024-09-10 06:19:45,644 INFO  server.RaftServerConfigKeys (ConfUtils.java:logGet(46)) - raft.server.retrycache.expirytime = 60s (default)
2024-09-10 06:19:45,645 INFO  server.GrpcService (ConfUtils.java:logGet(46)) - raft.grpc.message.size.max = 64MB (=67108864) (default)
2024-09-10 06:19:45,645 INFO  server.GrpcService (ConfUtils.java:logGet(46)) - raft.grpc.flow.control.window = 1MB (=1048576) (default)
2024-09-10 06:19:45,645 INFO  server.RaftServerConfigKeys (ConfUtils.java:logGet(46)) - raft.server.retrycache.statistics.expirytime = 100ms (default)
2024-09-10 06:19:45,645 INFO  server.RaftServerConfigKeys (ConfUtils.java:logGet(46)) - raft.server.rpc.request.timeout = 3000ms (default)
2024-09-10 06:19:45,645 INFO  server.RaftServerConfigKeys (ConfUtils.java:logGet(46)) - raft.server.read.option = DEFAULT (default)
2024-09-10 06:19:45,645 INFO  server.RaftServerConfigKeys (ConfUtils.java:logGet(46)) - raft.server.read.read-after-write-consistent.write-index-cache.expiry-time = 60s (default)
2024-09-10 06:19:45,645 INFO  grpc.GrpcConfigKeys (ConfUtils.java:logGet(46)) - raft.grpc.server.heartbeat.channel = true (default)
2024-09-10 06:19:45,646 INFO  grpc.GrpcConfigKeys (ConfUtils.java:logGet(46)) - raft.grpc.server.zerocopy.enabled = true (custom)
2024-09-10 06:19:45,646 INFO  server.RaftServerConfigKeys (ConfUtils.java:logGet(46)) - raft.server.rpc.request.timeout = 3000ms (default)
2024-09-10 06:19:45,646 INFO  server.RaftServerConfigKeys (ConfUtils.java:logGet(46)) - raft.server.log.appender.buffer.byte-limit = 4MB (=4194304) (default)
2024-09-10 06:19:45,646 INFO  server.RaftServerConfigKeys (ConfUtils.java:logGet(46)) - raft.server.log.appender.install.snapshot.enabled = true (default)
2024-09-10 06:19:45,646 INFO  server.RaftServerConfigKeys (ConfUtils.java:logGet(46)) - raft.server.threadpool.server.cached = true (default)
2024-09-10 06:19:45,646 INFO  grpc.GrpcConfigKeys (ConfUtils.java:logGet(46)) - raft.grpc.server.async.request.thread.pool.cached = true (default)
2024-09-10 06:19:45,646 INFO  server.RaftServerConfigKeys (ConfUtils.java:logGet(46)) - raft.server.threadpool.server.size = 0 (default)
2024-09-10 06:19:45,646 INFO  grpc.GrpcConfigKeys (ConfUtils.java:logGet(46)) - raft.grpc.server.async.request.thread.pool.size = 32 (default)
2024-09-10 06:19:45,646 INFO  server.RaftServerConfigKeys (ConfUtils.java:logGet(46)) - raft.server.threadpool.client.cached = true (default)
2024-09-10 06:19:45,647 INFO  server.RaftServerConfigKeys (ConfUtils.java:logGet(46)) - raft.server.threadpool.client.size = 0 (default)
2024-09-10 06:19:45,647 INFO  impl.DataStreamServerImpl (ConfUtils.java:logGet(46)) - raft.datastream.type = DISABLED (default)
2024-09-10 06:19:45,648 INFO  server.RaftServerConfigKeys (ConfUtils.java:logGet(46)) - raft.server.sleep.deviation.threshold = 300ms (default)
2024-09-10 06:19:45,648 INFO  server.RaftServerConfigKeys (ConfUtils.java:logGet(46)) - raft.server.close.threshold = 60s (default)
2024-09-10 06:19:45,648 INFO  server.RaftServerConfigKeys (ConfUtils.java:logGet(46)) - raft.server.leaderelection.leader.step-down.wait-time = 10s (default)
2024-09-10 06:19:45,648 INFO  server.RaftServerConfigKeys (ConfUtils.java:logGet(46)) - raft.server.storage.dir = [/home/runner/work/ratis/ratis/ratis-examples/target/test/data/f624d035/MiniRaftClusterWithGrpc4aa2bfeb/s4] (custom)
2024-09-10 06:19:45,649 INFO  server.RaftServerConfigKeys (ConfUtils.java:logGet(46)) - raft.server.threadpool.proxy.cached = true (default)
2024-09-10 06:19:45,649 INFO  server.RaftServerConfigKeys (ConfUtils.java:logGet(46)) - raft.server.threadpool.proxy.size = 0 (default)
2024-09-10 06:19:45,649 INFO  server.RaftServer (RaftServerProxy.java:addNew(101)) - s4: addNew group-DF8C9DCF2580:[] returns group-DF8C9DCF2580:java.util.concurrent.CompletableFuture@4a0c512b[Not completed]
2024-09-10 06:19:45,649 INFO  server.RaftServer$Division (RaftServerImpl.java:<init>(255)) - s4: new RaftServerImpl for group-DF8C9DCF2580:[] with ArithmeticStateMachine:uninitialized
2024-09-10 06:19:45,650 INFO  impl.MiniRaftCluster (MiniRaftCluster.java:newRaftServer(386)) - newRaftServer: s5, group-DF8C9DCF2580:[], format? true
2024-09-10 06:19:45,650 TRACE util.FileUtils (FileUtils.java:deleteFully(305)) - deleteFully target/test/data/f624d035/MiniRaftClusterWithGrpc4aa2bfeb/s5
2024-09-10 06:19:45,650 INFO  server.RaftServerConfigKeys (ConfUtils.java:logGet(46)) - raft.server.rpc.timeout.min = 300ms (custom)
2024-09-10 06:19:45,650 TRACE util.FileUtils (FileUtils.java:deleteFully(318)) - deleteFully: target/test/data/f624d035/MiniRaftClusterWithGrpc4aa2bfeb/s5 does not exist.
2024-09-10 06:19:45,650 INFO  impl.MiniRaftCluster (MiniRaftCluster.java:newRaftServer(391)) - Formatted directory target/test/data/f624d035/MiniRaftClusterWithGrpc4aa2bfeb/s5
2024-09-10 06:19:45,650 INFO  server.RaftServerConfigKeys (ConfUtils.java:logGet(46)) - raft.server.rpc.timeout.max = 600ms (custom)
2024-09-10 06:19:45,651 INFO  server.RaftServerConfigKeys (ConfUtils.java:logGet(46)) - raft.server.rpc.sleep.time = 25ms (default)
2024-09-10 06:19:45,651 INFO  server.RaftServerConfigKeys (ConfUtils.java:logGet(46)) - raft.server.rpc.slowness.timeout = 60s (default)
2024-09-10 06:19:45,651 INFO  server.RaftServerConfigKeys (ConfUtils.java:logGet(46)) - raft.server.leaderelection.leader.step-down.wait-time = 10s (default)
2024-09-10 06:19:45,651 INFO  server.RaftServer (ConfUtils.java:logGet(46)) - raft.rpc.type = GRPC (default)
2024-09-10 06:19:45,651 INFO  server.RaftServerConfigKeys (ConfUtils.java:logGet(46)) - raft.server.leaderelection.member.majority-add = false (default)
2024-09-10 06:19:45,651 INFO  grpc.GrpcConfigKeys (ConfUtils.java:logFallback(53)) - raft.grpc.admin.host = null (fallback to raft.grpc.server.host)
2024-09-10 06:19:45,651 INFO  server.RaftServerConfigKeys (ConfUtils.java:logGet(46)) - raft.server.sleep.deviation.threshold = 300ms (default)
2024-09-10 06:19:45,651 INFO  grpc.GrpcConfigKeys (ConfUtils.java:logFallback(53)) - raft.grpc.admin.port = 15005 (fallback to raft.grpc.server.port)
2024-09-10 06:19:45,651 INFO  server.RaftServer$Division (ServerState.java:<init>(114)) - s4@group-DF8C9DCF2580: ConfigurationManager, init=conf: {index: -1, cur=peers:[]|listeners:[], old=null}, confs=<EMPTY_MAP>
2024-09-10 06:19:45,652 INFO  grpc.GrpcConfigKeys (ConfUtils.java:logFallback(53)) - raft.grpc.client.host = null (fallback to raft.grpc.server.host)
2024-09-10 06:19:45,652 INFO  server.RaftServerConfigKeys (ConfUtils.java:logGet(46)) - raft.server.notification.no-leader.timeout = 60s (default)
2024-09-10 06:19:45,652 INFO  grpc.GrpcConfigKeys (ConfUtils.java:logFallback(53)) - raft.grpc.client.port = 15005 (fallback to raft.grpc.server.port)
2024-09-10 06:19:45,652 INFO  grpc.GrpcConfigKeys (ConfUtils.java:logGet(46)) - raft.grpc.server.host = null (default)
2024-09-10 06:19:45,652 INFO  server.RaftServerConfigKeys (ConfUtils.java:logGet(46)) - raft.server.read.timeout = 10s (default)
2024-09-10 06:19:45,653 INFO  grpc.GrpcConfigKeys (ConfUtils.java:logGet(46)) - raft.grpc.server.port = 15005 (custom)
2024-09-10 06:19:45,653 INFO  server.RaftServerConfigKeys (ConfUtils.java:logGet(46)) - raft.server.retrycache.expirytime = 60s (default)
2024-09-10 06:19:45,653 INFO  server.RaftServerConfigKeys (ConfUtils.java:logGet(46)) - raft.server.retrycache.statistics.expirytime = 100ms (default)
2024-09-10 06:19:45,653 INFO  server.GrpcService (ConfUtils.java:logGet(46)) - raft.grpc.message.size.max = 64MB (=67108864) (default)
2024-09-10 06:19:45,653 INFO  server.GrpcService (ConfUtils.java:logGet(46)) - raft.grpc.flow.control.window = 1MB (=1048576) (default)
2024-09-10 06:19:45,654 INFO  server.RaftServerConfigKeys (ConfUtils.java:logGet(46)) - raft.server.rpc.request.timeout = 3000ms (default)
2024-09-10 06:19:45,653 INFO  server.RaftServerConfigKeys (ConfUtils.java:logGet(46)) - raft.server.read.option = DEFAULT (default)
2024-09-10 06:19:45,654 INFO  grpc.GrpcConfigKeys (ConfUtils.java:logGet(46)) - raft.grpc.server.heartbeat.channel = true (default)
2024-09-10 06:19:45,654 INFO  grpc.GrpcConfigKeys (ConfUtils.java:logGet(46)) - raft.grpc.server.zerocopy.enabled = true (custom)
2024-09-10 06:19:45,654 INFO  server.RaftServerConfigKeys (ConfUtils.java:logGet(46)) - raft.server.log.appender.buffer.byte-limit = 4MB (=4194304) (default)
2024-09-10 06:19:45,654 INFO  server.RaftServerConfigKeys (ConfUtils.java:logGet(46)) - raft.server.read.read-after-write-consistent.write-index-cache.expiry-time = 60s (default)
2024-09-10 06:19:45,655 INFO  grpc.GrpcConfigKeys (ConfUtils.java:logGet(46)) - raft.grpc.server.async.request.thread.pool.cached = true (default)
2024-09-10 06:19:45,655 INFO  grpc.GrpcConfigKeys (ConfUtils.java:logGet(46)) - raft.grpc.server.async.request.thread.pool.size = 32 (default)
2024-09-10 06:19:45,656 INFO  impl.DataStreamServerImpl (ConfUtils.java:logGet(46)) - raft.datastream.type = DISABLED (default)
2024-09-10 06:19:45,657 INFO  server.RaftServerConfigKeys (ConfUtils.java:logGet(46)) - raft.server.sleep.deviation.threshold = 300ms (default)
2024-09-10 06:19:45,657 INFO  server.RaftServerConfigKeys (ConfUtils.java:logGet(46)) - raft.server.close.threshold = 60s (default)
2024-09-10 06:19:45,657 INFO  server.RaftServerConfigKeys (ConfUtils.java:logGet(46)) - raft.server.leaderelection.leader.step-down.wait-time = 10s (default)
2024-09-10 06:19:45,657 INFO  server.RaftServerConfigKeys (ConfUtils.java:logGet(46)) - raft.server.rpc.request.timeout = 3000ms (default)
2024-09-10 06:19:45,657 INFO  server.RaftServerConfigKeys (ConfUtils.java:logGet(46)) - raft.server.storage.dir = [/home/runner/work/ratis/ratis/ratis-examples/target/test/data/f624d035/MiniRaftClusterWithGrpc4aa2bfeb/s5] (custom)
2024-09-10 06:19:45,658 INFO  server.RaftServerConfigKeys (ConfUtils.java:logGet(46)) - raft.server.threadpool.proxy.cached = true (default)
2024-09-10 06:19:45,658 INFO  server.RaftServerConfigKeys (ConfUtils.java:logGet(46)) - raft.server.threadpool.proxy.size = 0 (default)
2024-09-10 06:19:45,657 INFO  server.RaftServerConfigKeys (ConfUtils.java:logGet(46)) - raft.server.log.appender.install.snapshot.enabled = true (default)
2024-09-10 06:19:45,658 INFO  server.RaftServerConfigKeys (ConfUtils.java:logGet(46)) - raft.server.threadpool.server.cached = true (default)
2024-09-10 06:19:45,658 INFO  server.RaftServerConfigKeys (ConfUtils.java:logGet(46)) - raft.server.threadpool.server.size = 0 (default)
2024-09-10 06:19:45,658 INFO  server.RaftServerConfigKeys (ConfUtils.java:logGet(46)) - raft.server.threadpool.client.cached = true (default)
2024-09-10 06:19:45,658 INFO  server.RaftServerConfigKeys (ConfUtils.java:logGet(46)) - raft.server.threadpool.client.size = 0 (default)
2024-09-10 06:19:45,659 INFO  server.RaftServer (RaftServerProxy.java:addNew(101)) - s5: addNew group-DF8C9DCF2580:[] returns group-DF8C9DCF2580:java.util.concurrent.CompletableFuture@12bcf7c6[Not completed]
2024-09-10 06:19:45,659 INFO  impl.MiniRaftCluster (MiniRaftCluster.java:newRaftServer(386)) - newRaftServer: s6, group-DF8C9DCF2580:[], format? true
2024-09-10 06:19:45,659 TRACE util.FileUtils (FileUtils.java:deleteFully(305)) - deleteFully target/test/data/f624d035/MiniRaftClusterWithGrpc4aa2bfeb/s6
2024-09-10 06:19:45,659 INFO  server.RaftServer$Division (RaftServerImpl.java:<init>(255)) - s5: new RaftServerImpl for group-DF8C9DCF2580:[] with ArithmeticStateMachine:uninitialized
2024-09-10 06:19:45,660 TRACE util.FileUtils (FileUtils.java:deleteFully(318)) - deleteFully: target/test/data/f624d035/MiniRaftClusterWithGrpc4aa2bfeb/s6 does not exist.
2024-09-10 06:19:45,660 INFO  impl.MiniRaftCluster (MiniRaftCluster.java:newRaftServer(391)) - Formatted directory target/test/data/f624d035/MiniRaftClusterWithGrpc4aa2bfeb/s6
2024-09-10 06:19:45,660 INFO  server.RaftServerConfigKeys (ConfUtils.java:logGet(46)) - raft.server.rpc.timeout.min = 300ms (custom)
2024-09-10 06:19:45,660 INFO  server.RaftServer (ConfUtils.java:logGet(46)) - raft.rpc.type = GRPC (default)
2024-09-10 06:19:45,660 INFO  grpc.GrpcConfigKeys (ConfUtils.java:logFallback(53)) - raft.grpc.admin.host = null (fallback to raft.grpc.server.host)
2024-09-10 06:19:45,661 INFO  grpc.GrpcConfigKeys (ConfUtils.java:logFallback(53)) - raft.grpc.admin.port = 15006 (fallback to raft.grpc.server.port)
2024-09-10 06:19:45,661 INFO  grpc.GrpcConfigKeys (ConfUtils.java:logFallback(53)) - raft.grpc.client.host = null (fallback to raft.grpc.server.host)
2024-09-10 06:19:45,661 INFO  grpc.GrpcConfigKeys (ConfUtils.java:logFallback(53)) - raft.grpc.client.port = 15006 (fallback to raft.grpc.server.port)
2024-09-10 06:19:45,661 INFO  grpc.GrpcConfigKeys (ConfUtils.java:logGet(46)) - raft.grpc.server.host = null (default)
2024-09-10 06:19:45,662 INFO  grpc.GrpcConfigKeys (ConfUtils.java:logGet(46)) - raft.grpc.server.port = 15006 (custom)
2024-09-10 06:19:45,662 INFO  server.GrpcService (ConfUtils.java:logGet(46)) - raft.grpc.message.size.max = 64MB (=67108864) (default)
2024-09-10 06:19:45,662 INFO  server.GrpcService (ConfUtils.java:logGet(46)) - raft.grpc.flow.control.window = 1MB (=1048576) (default)
2024-09-10 06:19:45,662 INFO  server.RaftServerConfigKeys (ConfUtils.java:logGet(46)) - raft.server.rpc.request.timeout = 3000ms (default)
2024-09-10 06:19:45,662 INFO  grpc.GrpcConfigKeys (ConfUtils.java:logGet(46)) - raft.grpc.server.heartbeat.channel = true (default)
2024-09-10 06:19:45,663 INFO  grpc.GrpcConfigKeys (ConfUtils.java:logGet(46)) - raft.grpc.server.zerocopy.enabled = true (custom)
2024-09-10 06:19:45,663 INFO  server.RaftServerConfigKeys (ConfUtils.java:logGet(46)) - raft.server.log.appender.buffer.byte-limit = 4MB (=4194304) (default)
2024-09-10 06:19:45,663 INFO  grpc.GrpcConfigKeys (ConfUtils.java:logGet(46)) - raft.grpc.server.async.request.thread.pool.cached = true (default)
2024-09-10 06:19:45,663 INFO  grpc.GrpcConfigKeys (ConfUtils.java:logGet(46)) - raft.grpc.server.async.request.thread.pool.size = 32 (default)
2024-09-10 06:19:45,660 INFO  server.RaftServerConfigKeys (ConfUtils.java:logGet(46)) - raft.server.rpc.timeout.max = 600ms (custom)
2024-09-10 06:19:45,664 INFO  server.RaftServerConfigKeys (ConfUtils.java:logGet(46)) - raft.server.rpc.sleep.time = 25ms (default)
2024-09-10 06:19:45,664 INFO  server.RaftServerConfigKeys (ConfUtils.java:logGet(46)) - raft.server.rpc.slowness.timeout = 60s (default)
2024-09-10 06:19:45,664 INFO  server.RaftServerConfigKeys (ConfUtils.java:logGet(46)) - raft.server.leaderelection.leader.step-down.wait-time = 10s (default)
2024-09-10 06:19:45,664 INFO  server.RaftServerConfigKeys (ConfUtils.java:logGet(46)) - raft.server.leaderelection.member.majority-add = false (default)
2024-09-10 06:19:45,665 INFO  server.RaftServerConfigKeys (ConfUtils.java:logGet(46)) - raft.server.sleep.deviation.threshold = 300ms (default)
2024-09-10 06:19:45,664 INFO  impl.DataStreamServerImpl (ConfUtils.java:logGet(46)) - raft.datastream.type = DISABLED (default)
2024-09-10 06:19:45,665 INFO  server.RaftServerConfigKeys (ConfUtils.java:logGet(46)) - raft.server.sleep.deviation.threshold = 300ms (default)
2024-09-10 06:19:45,665 INFO  server.RaftServerConfigKeys (ConfUtils.java:logGet(46)) - raft.server.close.threshold = 60s (default)
2024-09-10 06:19:45,665 INFO  server.RaftServerConfigKeys (ConfUtils.java:logGet(46)) - raft.server.leaderelection.leader.step-down.wait-time = 10s (default)
2024-09-10 06:19:45,665 INFO  server.RaftServer$Division (ServerState.java:<init>(114)) - s5@group-DF8C9DCF2580: ConfigurationManager, init=conf: {index: -1, cur=peers:[]|listeners:[], old=null}, confs=<EMPTY_MAP>
2024-09-10 06:19:45,666 INFO  server.RaftServerConfigKeys (ConfUtils.java:logGet(46)) - raft.server.storage.dir = [/home/runner/work/ratis/ratis/ratis-examples/target/test/data/f624d035/MiniRaftClusterWithGrpc4aa2bfeb/s6] (custom)
2024-09-10 06:19:45,666 INFO  server.RaftServerConfigKeys (ConfUtils.java:logGet(46)) - raft.server.threadpool.proxy.cached = true (default)
2024-09-10 06:19:45,666 INFO  server.RaftServerConfigKeys (ConfUtils.java:logGet(46)) - raft.server.threadpool.proxy.size = 0 (default)
2024-09-10 06:19:45,666 INFO  server.RaftServerConfigKeys (ConfUtils.java:logGet(46)) - raft.server.notification.no-leader.timeout = 60s (default)
2024-09-10 06:19:45,666 INFO  server.RaftServerConfigKeys (ConfUtils.java:logGet(46)) - raft.server.read.timeout = 10s (default)
2024-09-10 06:19:45,667 INFO  server.RaftServerConfigKeys (ConfUtils.java:logGet(46)) - raft.server.retrycache.expirytime = 60s (default)
2024-09-10 06:19:45,667 INFO  server.RaftServerConfigKeys (ConfUtils.java:logGet(46)) - raft.server.retrycache.statistics.expirytime = 100ms (default)
2024-09-10 06:19:45,667 INFO  server.RaftServerConfigKeys (ConfUtils.java:logGet(46)) - raft.server.read.option = DEFAULT (default)
2024-09-10 06:19:45,667 INFO  server.RaftServerConfigKeys (ConfUtils.java:logGet(46)) - raft.server.read.read-after-write-consistent.write-index-cache.expiry-time = 60s (default)
2024-09-10 06:19:45,668 INFO  server.RaftServerConfigKeys (ConfUtils.java:logGet(46)) - raft.server.rpc.request.timeout = 3000ms (default)
2024-09-10 06:19:45,668 INFO  server.RaftServerConfigKeys (ConfUtils.java:logGet(46)) - raft.server.log.appender.install.snapshot.enabled = true (default)
2024-09-10 06:19:45,668 INFO  server.RaftServerConfigKeys (ConfUtils.java:logGet(46)) - raft.server.threadpool.server.cached = true (default)
2024-09-10 06:19:45,668 INFO  server.RaftServerConfigKeys (ConfUtils.java:logGet(46)) - raft.server.threadpool.server.size = 0 (default)
2024-09-10 06:19:45,668 INFO  server.RaftServerConfigKeys (ConfUtils.java:logGet(46)) - raft.server.threadpool.client.cached = true (default)
2024-09-10 06:19:45,668 INFO  server.RaftServerConfigKeys (ConfUtils.java:logGet(46)) - raft.server.threadpool.client.size = 0 (default)
2024-09-10 06:19:45,671 INFO  server.RaftServer (RaftServerProxy.java:addNew(101)) - s6: addNew group-DF8C9DCF2580:[] returns group-DF8C9DCF2580:java.util.concurrent.CompletableFuture@1123d461[Not completed]
2024-09-10 06:19:45,671 INFO  impl.MiniRaftCluster (MiniRaftCluster.java:newRaftServer(386)) - newRaftServer: s7, group-DF8C9DCF2580:[], format? true
2024-09-10 06:19:45,671 TRACE util.FileUtils (FileUtils.java:deleteFully(305)) - deleteFully target/test/data/f624d035/MiniRaftClusterWithGrpc4aa2bfeb/s7
2024-09-10 06:19:45,671 TRACE util.FileUtils (FileUtils.java:deleteFully(318)) - deleteFully: target/test/data/f624d035/MiniRaftClusterWithGrpc4aa2bfeb/s7 does not exist.
2024-09-10 06:19:45,672 INFO  impl.MiniRaftCluster (MiniRaftCluster.java:newRaftServer(391)) - Formatted directory target/test/data/f624d035/MiniRaftClusterWithGrpc4aa2bfeb/s7
2024-09-10 06:19:45,672 INFO  server.RaftServer (ConfUtils.java:logGet(46)) - raft.rpc.type = GRPC (default)
2024-09-10 06:19:45,672 INFO  grpc.GrpcConfigKeys (ConfUtils.java:logFallback(53)) - raft.grpc.admin.host = null (fallback to raft.grpc.server.host)
2024-09-10 06:19:45,673 INFO  grpc.GrpcConfigKeys (ConfUtils.java:logFallback(53)) - raft.grpc.admin.port = 15007 (fallback to raft.grpc.server.port)
2024-09-10 06:19:45,673 INFO  grpc.GrpcConfigKeys (ConfUtils.java:logFallback(53)) - raft.grpc.client.host = null (fallback to raft.grpc.server.host)
2024-09-10 06:19:45,673 INFO  grpc.GrpcConfigKeys (ConfUtils.java:logFallback(53)) - raft.grpc.client.port = 15007 (fallback to raft.grpc.server.port)
2024-09-10 06:19:45,673 INFO  grpc.GrpcConfigKeys (ConfUtils.java:logGet(46)) - raft.grpc.server.host = null (default)
2024-09-10 06:19:45,673 INFO  grpc.GrpcConfigKeys (ConfUtils.java:logGet(46)) - raft.grpc.server.port = 15007 (custom)
2024-09-10 06:19:45,674 INFO  server.GrpcService (ConfUtils.java:logGet(46)) - raft.grpc.message.size.max = 64MB (=67108864) (default)
2024-09-10 06:19:45,674 INFO  server.GrpcService (ConfUtils.java:logGet(46)) - raft.grpc.flow.control.window = 1MB (=1048576) (default)
2024-09-10 06:19:45,674 INFO  server.RaftServerConfigKeys (ConfUtils.java:logGet(46)) - raft.server.rpc.request.timeout = 3000ms (default)
2024-09-10 06:19:45,674 INFO  grpc.GrpcConfigKeys (ConfUtils.java:logGet(46)) - raft.grpc.server.heartbeat.channel = true (default)
2024-09-10 06:19:45,674 INFO  grpc.GrpcConfigKeys (ConfUtils.java:logGet(46)) - raft.grpc.server.zerocopy.enabled = true (custom)
2024-09-10 06:19:45,675 INFO  server.RaftServerConfigKeys (ConfUtils.java:logGet(46)) - raft.server.log.appender.buffer.byte-limit = 4MB (=4194304) (default)
2024-09-10 06:19:45,675 INFO  grpc.GrpcConfigKeys (ConfUtils.java:logGet(46)) - raft.grpc.server.async.request.thread.pool.cached = true (default)
2024-09-10 06:19:45,675 INFO  grpc.GrpcConfigKeys (ConfUtils.java:logGet(46)) - raft.grpc.server.async.request.thread.pool.size = 32 (default)
2024-09-10 06:19:45,676 INFO  impl.DataStreamServerImpl (ConfUtils.java:logGet(46)) - raft.datastream.type = DISABLED (default)
2024-09-10 06:19:45,677 INFO  server.RaftServerConfigKeys (ConfUtils.java:logGet(46)) - raft.server.sleep.deviation.threshold = 300ms (default)
2024-09-10 06:19:45,677 INFO  server.RaftServerConfigKeys (ConfUtils.java:logGet(46)) - raft.server.close.threshold = 60s (default)
2024-09-10 06:19:45,677 INFO  server.RaftServerConfigKeys (ConfUtils.java:logGet(46)) - raft.server.leaderelection.leader.step-down.wait-time = 10s (default)
2024-09-10 06:19:45,677 INFO  server.RaftServerConfigKeys (ConfUtils.java:logGet(46)) - raft.server.storage.dir = [/home/runner/work/ratis/ratis/ratis-examples/target/test/data/f624d035/MiniRaftClusterWithGrpc4aa2bfeb/s7] (custom)
2024-09-10 06:19:45,677 INFO  server.RaftServerConfigKeys (ConfUtils.java:logGet(46)) - raft.server.threadpool.proxy.cached = true (default)
2024-09-10 06:19:45,678 INFO  server.RaftServerConfigKeys (ConfUtils.java:logGet(46)) - raft.server.threadpool.proxy.size = 0 (default)
2024-09-10 06:19:45,678 INFO  server.RaftServer$Division (RaftServerImpl.java:<init>(255)) - s6: new RaftServerImpl for group-DF8C9DCF2580:[] with ArithmeticStateMachine:uninitialized
2024-09-10 06:19:45,678 INFO  server.RaftServerConfigKeys (ConfUtils.java:logGet(46)) - raft.server.rpc.timeout.min = 300ms (custom)
2024-09-10 06:19:45,678 INFO  server.RaftServerConfigKeys (ConfUtils.java:logGet(46)) - raft.server.rpc.timeout.max = 600ms (custom)
2024-09-10 06:19:45,678 INFO  server.RaftServerConfigKeys (ConfUtils.java:logGet(46)) - raft.server.rpc.sleep.time = 25ms (default)
2024-09-10 06:19:45,678 INFO  server.RaftServerConfigKeys (ConfUtils.java:logGet(46)) - raft.server.rpc.slowness.timeout = 60s (default)
2024-09-10 06:19:45,678 INFO  server.RaftServerConfigKeys (ConfUtils.java:logGet(46)) - raft.server.leaderelection.leader.step-down.wait-time = 10s (default)
2024-09-10 06:19:45,678 INFO  server.RaftServerConfigKeys (ConfUtils.java:logGet(46)) - raft.server.leaderelection.member.majority-add = false (default)
2024-09-10 06:19:45,679 INFO  server.RaftServerConfigKeys (ConfUtils.java:logGet(46)) - raft.server.sleep.deviation.threshold = 300ms (default)
2024-09-10 06:19:45,679 INFO  server.RaftServer$Division (ServerState.java:<init>(114)) - s6@group-DF8C9DCF2580: ConfigurationManager, init=conf: {index: -1, cur=peers:[]|listeners:[], old=null}, confs=<EMPTY_MAP>
2024-09-10 06:19:45,679 INFO  server.RaftServerConfigKeys (ConfUtils.java:logGet(46)) - raft.server.notification.no-leader.timeout = 60s (default)
2024-09-10 06:19:45,679 INFO  server.RaftServerConfigKeys (ConfUtils.java:logGet(46)) - raft.server.read.timeout = 10s (default)
2024-09-10 06:19:45,679 INFO  server.RaftServerConfigKeys (ConfUtils.java:logGet(46)) - raft.server.retrycache.expirytime = 60s (default)
2024-09-10 06:19:45,679 INFO  server.RaftServerConfigKeys (ConfUtils.java:logGet(46)) - raft.server.retrycache.statistics.expirytime = 100ms (default)
2024-09-10 06:19:45,679 INFO  server.RaftServerConfigKeys (ConfUtils.java:logGet(46)) - raft.server.read.option = DEFAULT (default)
2024-09-10 06:19:45,679 INFO  server.RaftServerConfigKeys (ConfUtils.java:logGet(46)) - raft.server.read.read-after-write-consistent.write-index-cache.expiry-time = 60s (default)
2024-09-10 06:19:45,680 INFO  server.RaftServerConfigKeys (ConfUtils.java:logGet(46)) - raft.server.rpc.request.timeout = 3000ms (default)
2024-09-10 06:19:45,680 INFO  server.RaftServerConfigKeys (ConfUtils.java:logGet(46)) - raft.server.log.appender.install.snapshot.enabled = true (default)
2024-09-10 06:19:45,680 INFO  server.RaftServerConfigKeys (ConfUtils.java:logGet(46)) - raft.server.threadpool.server.cached = true (default)
2024-09-10 06:19:45,680 INFO  server.RaftServerConfigKeys (ConfUtils.java:logGet(46)) - raft.server.threadpool.server.size = 0 (default)
2024-09-10 06:19:45,680 INFO  server.RaftServerConfigKeys (ConfUtils.java:logGet(46)) - raft.server.threadpool.client.cached = true (default)
2024-09-10 06:19:45,680 INFO  server.RaftServerConfigKeys (ConfUtils.java:logGet(46)) - raft.server.threadpool.client.size = 0 (default)
2024-09-10 06:19:45,683 INFO  server.RaftServer (RaftServerProxy.java:addNew(101)) - s7: addNew group-DF8C9DCF2580:[] returns group-DF8C9DCF2580:java.util.concurrent.CompletableFuture@1c98fe6f[Not completed]
2024-09-10 06:19:45,683 INFO  server.RaftServer$Division (RaftServerImpl.java:<init>(255)) - s7: new RaftServerImpl for group-DF8C9DCF2580:[] with ArithmeticStateMachine:uninitialized
2024-09-10 06:19:45,683 INFO  server.RaftServerConfigKeys (ConfUtils.java:logGet(46)) - raft.server.rpc.timeout.min = 300ms (custom)
2024-09-10 06:19:45,683 INFO  server.RaftServerConfigKeys (ConfUtils.java:logGet(46)) - raft.server.rpc.timeout.max = 600ms (custom)
2024-09-10 06:19:45,683 INFO  server.RaftServerConfigKeys (ConfUtils.java:logGet(46)) - raft.server.rpc.sleep.time = 25ms (default)
2024-09-10 06:19:45,683 INFO  server.RaftServerConfigKeys (ConfUtils.java:logGet(46)) - raft.server.rpc.slowness.timeout = 60s (default)
2024-09-10 06:19:45,683 INFO  server.RaftServerConfigKeys (ConfUtils.java:logGet(46)) - raft.server.leaderelection.leader.step-down.wait-time = 10s (default)
2024-09-10 06:19:45,683 INFO  server.RaftServerConfigKeys (ConfUtils.java:logGet(46)) - raft.server.leaderelection.member.majority-add = false (default)
2024-09-10 06:19:45,683 INFO  server.RaftServerConfigKeys (ConfUtils.java:logGet(46)) - raft.server.sleep.deviation.threshold = 300ms (default)
2024-09-10 06:19:45,683 INFO  server.RaftServer$Division (ServerState.java:<init>(114)) - s7@group-DF8C9DCF2580: ConfigurationManager, init=conf: {index: -1, cur=peers:[]|listeners:[], old=null}, confs=<EMPTY_MAP>
2024-09-10 06:19:45,684 INFO  server.RaftServerConfigKeys (ConfUtils.java:logGet(46)) - raft.server.notification.no-leader.timeout = 60s (default)
2024-09-10 06:19:45,684 INFO  server.RaftServerConfigKeys (ConfUtils.java:logGet(46)) - raft.server.read.timeout = 10s (default)
2024-09-10 06:19:45,684 INFO  server.RaftServerConfigKeys (ConfUtils.java:logGet(46)) - raft.server.retrycache.expirytime = 60s (default)
2024-09-10 06:19:45,684 INFO  server.RaftServerConfigKeys (ConfUtils.java:logGet(46)) - raft.server.retrycache.statistics.expirytime = 100ms (default)
2024-09-10 06:19:45,684 INFO  server.RaftServerConfigKeys (ConfUtils.java:logGet(46)) - raft.server.read.option = DEFAULT (default)
2024-09-10 06:19:45,684 INFO  server.RaftServerConfigKeys (ConfUtils.java:logGet(46)) - raft.server.read.read-after-write-consistent.write-index-cache.expiry-time = 60s (default)
2024-09-10 06:19:45,683 INFO  impl.MiniRaftCluster (MiniRaftCluster.java:newRaftServer(386)) - newRaftServer: s8, group-DF8C9DCF2580:[], format? true
2024-09-10 06:19:45,684 TRACE util.FileUtils (FileUtils.java:deleteFully(305)) - deleteFully target/test/data/f624d035/MiniRaftClusterWithGrpc4aa2bfeb/s8
2024-09-10 06:19:45,685 TRACE util.FileUtils (FileUtils.java:deleteFully(318)) - deleteFully: target/test/data/f624d035/MiniRaftClusterWithGrpc4aa2bfeb/s8 does not exist.
2024-09-10 06:19:45,685 INFO  impl.MiniRaftCluster (MiniRaftCluster.java:newRaftServer(391)) - Formatted directory target/test/data/f624d035/MiniRaftClusterWithGrpc4aa2bfeb/s8
2024-09-10 06:19:45,685 INFO  server.RaftServerConfigKeys (ConfUtils.java:logGet(46)) - raft.server.rpc.request.timeout = 3000ms (default)
2024-09-10 06:19:45,685 INFO  server.RaftServer (ConfUtils.java:logGet(46)) - raft.rpc.type = GRPC (default)
2024-09-10 06:19:45,685 INFO  server.RaftServerConfigKeys (ConfUtils.java:logGet(46)) - raft.server.log.appender.install.snapshot.enabled = true (default)
2024-09-10 06:19:45,686 INFO  server.RaftServerConfigKeys (ConfUtils.java:logGet(46)) - raft.server.threadpool.server.cached = true (default)
2024-09-10 06:19:45,686 INFO  grpc.GrpcConfigKeys (ConfUtils.java:logFallback(53)) - raft.grpc.admin.host = null (fallback to raft.grpc.server.host)
2024-09-10 06:19:45,686 INFO  grpc.GrpcConfigKeys (ConfUtils.java:logFallback(53)) - raft.grpc.admin.port = 15008 (fallback to raft.grpc.server.port)
2024-09-10 06:19:45,686 INFO  grpc.GrpcConfigKeys (ConfUtils.java:logFallback(53)) - raft.grpc.client.host = null (fallback to raft.grpc.server.host)
2024-09-10 06:19:45,687 INFO  grpc.GrpcConfigKeys (ConfUtils.java:logFallback(53)) - raft.grpc.client.port = 15008 (fallback to raft.grpc.server.port)
2024-09-10 06:19:45,687 INFO  grpc.GrpcConfigKeys (ConfUtils.java:logGet(46)) - raft.grpc.server.host = null (default)
2024-09-10 06:19:45,687 INFO  grpc.GrpcConfigKeys (ConfUtils.java:logGet(46)) - raft.grpc.server.port = 15008 (custom)
2024-09-10 06:19:45,687 INFO  server.GrpcService (ConfUtils.java:logGet(46)) - raft.grpc.message.size.max = 64MB (=67108864) (default)
2024-09-10 06:19:45,688 INFO  server.GrpcService (ConfUtils.java:logGet(46)) - raft.grpc.flow.control.window = 1MB (=1048576) (default)
2024-09-10 06:19:45,688 INFO  server.RaftServerConfigKeys (ConfUtils.java:logGet(46)) - raft.server.rpc.request.timeout = 3000ms (default)
2024-09-10 06:19:45,688 INFO  grpc.GrpcConfigKeys (ConfUtils.java:logGet(46)) - raft.grpc.server.heartbeat.channel = true (default)
2024-09-10 06:19:45,688 INFO  grpc.GrpcConfigKeys (ConfUtils.java:logGet(46)) - raft.grpc.server.zerocopy.enabled = true (custom)
2024-09-10 06:19:45,689 INFO  server.RaftServerConfigKeys (ConfUtils.java:logGet(46)) - raft.server.log.appender.buffer.byte-limit = 4MB (=4194304) (default)
2024-09-10 06:19:45,689 INFO  grpc.GrpcConfigKeys (ConfUtils.java:logGet(46)) - raft.grpc.server.async.request.thread.pool.cached = true (default)
2024-09-10 06:19:45,689 INFO  grpc.GrpcConfigKeys (ConfUtils.java:logGet(46)) - raft.grpc.server.async.request.thread.pool.size = 32 (default)
2024-09-10 06:19:45,686 INFO  server.RaftServerConfigKeys (ConfUtils.java:logGet(46)) - raft.server.threadpool.server.size = 0 (default)
2024-09-10 06:19:45,689 INFO  server.RaftServerConfigKeys (ConfUtils.java:logGet(46)) - raft.server.threadpool.client.cached = true (default)
2024-09-10 06:19:45,689 INFO  server.RaftServerConfigKeys (ConfUtils.java:logGet(46)) - raft.server.threadpool.client.size = 0 (default)
2024-09-10 06:19:45,690 INFO  impl.DataStreamServerImpl (ConfUtils.java:logGet(46)) - raft.datastream.type = DISABLED (default)
2024-09-10 06:19:45,690 INFO  server.RaftServerConfigKeys (ConfUtils.java:logGet(46)) - raft.server.sleep.deviation.threshold = 300ms (default)
2024-09-10 06:19:45,691 INFO  server.RaftServerConfigKeys (ConfUtils.java:logGet(46)) - raft.server.close.threshold = 60s (default)
2024-09-10 06:19:45,691 INFO  server.RaftServerConfigKeys (ConfUtils.java:logGet(46)) - raft.server.leaderelection.leader.step-down.wait-time = 10s (default)
2024-09-10 06:19:45,691 INFO  server.RaftServerConfigKeys (ConfUtils.java:logGet(46)) - raft.server.storage.dir = [/home/runner/work/ratis/ratis/ratis-examples/target/test/data/f624d035/MiniRaftClusterWithGrpc4aa2bfeb/s8] (custom)
2024-09-10 06:19:45,691 INFO  server.RaftServerConfigKeys (ConfUtils.java:logGet(46)) - raft.server.threadpool.proxy.cached = true (default)
2024-09-10 06:19:45,692 INFO  server.RaftServerConfigKeys (ConfUtils.java:logGet(46)) - raft.server.threadpool.proxy.size = 0 (default)
2024-09-10 06:19:45,692 INFO  server.RaftServer (RaftServerProxy.java:addNew(101)) - s8: addNew group-DF8C9DCF2580:[] returns group-DF8C9DCF2580:java.util.concurrent.CompletableFuture@30b9728f[Not completed]
2024-09-10 06:19:45,692 INFO  impl.MiniRaftCluster (MiniRaftCluster.java:newRaftServer(386)) - newRaftServer: s9, group-DF8C9DCF2580:[], format? true
2024-09-10 06:19:45,693 TRACE util.FileUtils (FileUtils.java:deleteFully(305)) - deleteFully target/test/data/f624d035/MiniRaftClusterWithGrpc4aa2bfeb/s9
2024-09-10 06:19:45,692 INFO  server.RaftServer$Division (RaftServerImpl.java:<init>(255)) - s8: new RaftServerImpl for group-DF8C9DCF2580:[] with ArithmeticStateMachine:uninitialized
2024-09-10 06:19:45,693 TRACE util.FileUtils (FileUtils.java:deleteFully(318)) - deleteFully: target/test/data/f624d035/MiniRaftClusterWithGrpc4aa2bfeb/s9 does not exist.
2024-09-10 06:19:45,693 INFO  impl.MiniRaftCluster (MiniRaftCluster.java:newRaftServer(391)) - Formatted directory target/test/data/f624d035/MiniRaftClusterWithGrpc4aa2bfeb/s9
2024-09-10 06:19:45,693 INFO  server.RaftServerConfigKeys (ConfUtils.java:logGet(46)) - raft.server.rpc.timeout.min = 300ms (custom)
2024-09-10 06:19:45,693 INFO  server.RaftServerConfigKeys (ConfUtils.java:logGet(46)) - raft.server.rpc.timeout.max = 600ms (custom)
2024-09-10 06:19:45,694 INFO  server.RaftServerConfigKeys (ConfUtils.java:logGet(46)) - raft.server.rpc.sleep.time = 25ms (default)
2024-09-10 06:19:45,694 INFO  server.RaftServerConfigKeys (ConfUtils.java:logGet(46)) - raft.server.rpc.slowness.timeout = 60s (default)
2024-09-10 06:19:45,693 INFO  server.RaftServer (ConfUtils.java:logGet(46)) - raft.rpc.type = GRPC (default)
2024-09-10 06:19:45,694 INFO  server.RaftServerConfigKeys (ConfUtils.java:logGet(46)) - raft.server.leaderelection.leader.step-down.wait-time = 10s (default)
2024-09-10 06:19:45,694 INFO  grpc.GrpcConfigKeys (ConfUtils.java:logFallback(53)) - raft.grpc.admin.host = null (fallback to raft.grpc.server.host)
2024-09-10 06:19:45,694 INFO  grpc.GrpcConfigKeys (ConfUtils.java:logFallback(53)) - raft.grpc.admin.port = 15009 (fallback to raft.grpc.server.port)
2024-09-10 06:19:45,694 INFO  grpc.GrpcConfigKeys (ConfUtils.java:logFallback(53)) - raft.grpc.client.host = null (fallback to raft.grpc.server.host)
2024-09-10 06:19:45,695 INFO  grpc.GrpcConfigKeys (ConfUtils.java:logFallback(53)) - raft.grpc.client.port = 15009 (fallback to raft.grpc.server.port)
2024-09-10 06:19:45,695 INFO  grpc.GrpcConfigKeys (ConfUtils.java:logGet(46)) - raft.grpc.server.host = null (default)
2024-09-10 06:19:45,695 INFO  grpc.GrpcConfigKeys (ConfUtils.java:logGet(46)) - raft.grpc.server.port = 15009 (custom)
2024-09-10 06:19:45,695 INFO  server.GrpcService (ConfUtils.java:logGet(46)) - raft.grpc.message.size.max = 64MB (=67108864) (default)
2024-09-10 06:19:45,696 INFO  server.GrpcService (ConfUtils.java:logGet(46)) - raft.grpc.flow.control.window = 1MB (=1048576) (default)
2024-09-10 06:19:45,696 INFO  server.RaftServerConfigKeys (ConfUtils.java:logGet(46)) - raft.server.rpc.request.timeout = 3000ms (default)
2024-09-10 06:19:45,696 INFO  grpc.GrpcConfigKeys (ConfUtils.java:logGet(46)) - raft.grpc.server.heartbeat.channel = true (default)
2024-09-10 06:19:45,696 INFO  grpc.GrpcConfigKeys (ConfUtils.java:logGet(46)) - raft.grpc.server.zerocopy.enabled = true (custom)
2024-09-10 06:19:45,696 INFO  server.RaftServerConfigKeys (ConfUtils.java:logGet(46)) - raft.server.log.appender.buffer.byte-limit = 4MB (=4194304) (default)
2024-09-10 06:19:45,694 INFO  server.RaftServerConfigKeys (ConfUtils.java:logGet(46)) - raft.server.leaderelection.member.majority-add = false (default)
2024-09-10 06:19:45,697 INFO  server.RaftServerConfigKeys (ConfUtils.java:logGet(46)) - raft.server.sleep.deviation.threshold = 300ms (default)
2024-09-10 06:19:45,697 INFO  grpc.GrpcConfigKeys (ConfUtils.java:logGet(46)) - raft.grpc.server.async.request.thread.pool.cached = true (default)
2024-09-10 06:19:45,697 INFO  grpc.GrpcConfigKeys (ConfUtils.java:logGet(46)) - raft.grpc.server.async.request.thread.pool.size = 32 (default)
2024-09-10 06:19:45,697 INFO  server.RaftServer$Division (ServerState.java:<init>(114)) - s8@group-DF8C9DCF2580: ConfigurationManager, init=conf: {index: -1, cur=peers:[]|listeners:[], old=null}, confs=<EMPTY_MAP>
2024-09-10 06:19:45,697 INFO  server.RaftServerConfigKeys (ConfUtils.java:logGet(46)) - raft.server.notification.no-leader.timeout = 60s (default)
2024-09-10 06:19:45,697 INFO  server.RaftServerConfigKeys (ConfUtils.java:logGet(46)) - raft.server.read.timeout = 10s (default)
2024-09-10 06:19:45,698 INFO  server.RaftServerConfigKeys (ConfUtils.java:logGet(46)) - raft.server.retrycache.expirytime = 60s (default)
2024-09-10 06:19:45,698 INFO  server.RaftServerConfigKeys (ConfUtils.java:logGet(46)) - raft.server.retrycache.statistics.expirytime = 100ms (default)
2024-09-10 06:19:45,698 INFO  server.RaftServerConfigKeys (ConfUtils.java:logGet(46)) - raft.server.read.option = DEFAULT (default)
2024-09-10 06:19:45,698 INFO  server.RaftServerConfigKeys (ConfUtils.java:logGet(46)) - raft.server.read.read-after-write-consistent.write-index-cache.expiry-time = 60s (default)
2024-09-10 06:19:45,698 INFO  impl.DataStreamServerImpl (ConfUtils.java:logGet(46)) - raft.datastream.type = DISABLED (default)
2024-09-10 06:19:45,698 INFO  server.RaftServerConfigKeys (ConfUtils.java:logGet(46)) - raft.server.sleep.deviation.threshold = 300ms (default)
2024-09-10 06:19:45,698 INFO  server.RaftServerConfigKeys (ConfUtils.java:logGet(46)) - raft.server.close.threshold = 60s (default)
2024-09-10 06:19:45,699 INFO  server.RaftServerConfigKeys (ConfUtils.java:logGet(46)) - raft.server.leaderelection.leader.step-down.wait-time = 10s (default)
2024-09-10 06:19:45,698 INFO  server.RaftServerConfigKeys (ConfUtils.java:logGet(46)) - raft.server.rpc.request.timeout = 3000ms (default)
2024-09-10 06:19:45,699 INFO  server.RaftServerConfigKeys (ConfUtils.java:logGet(46)) - raft.server.storage.dir = [/home/runner/work/ratis/ratis/ratis-examples/target/test/data/f624d035/MiniRaftClusterWithGrpc4aa2bfeb/s9] (custom)
2024-09-10 06:19:45,699 INFO  server.RaftServerConfigKeys (ConfUtils.java:logGet(46)) - raft.server.log.appender.install.snapshot.enabled = true (default)
2024-09-10 06:19:45,699 INFO  server.RaftServerConfigKeys (ConfUtils.java:logGet(46)) - raft.server.threadpool.server.cached = true (default)
2024-09-10 06:19:45,699 INFO  server.RaftServerConfigKeys (ConfUtils.java:logGet(46)) - raft.server.threadpool.proxy.cached = true (default)
2024-09-10 06:19:45,699 INFO  server.RaftServerConfigKeys (ConfUtils.java:logGet(46)) - raft.server.threadpool.server.size = 0 (default)
2024-09-10 06:19:45,700 INFO  server.RaftServerConfigKeys (ConfUtils.java:logGet(46)) - raft.server.threadpool.proxy.size = 0 (default)
2024-09-10 06:19:45,700 INFO  server.RaftServerConfigKeys (ConfUtils.java:logGet(46)) - raft.server.threadpool.client.cached = true (default)
2024-09-10 06:19:45,700 INFO  server.RaftServerConfigKeys (ConfUtils.java:logGet(46)) - raft.server.threadpool.client.size = 0 (default)
2024-09-10 06:19:45,700 INFO  server.RaftServer (RaftServerProxy.java:addNew(101)) - s9: addNew group-DF8C9DCF2580:[] returns group-DF8C9DCF2580:java.util.concurrent.CompletableFuture@7cec3975[Not completed]
2024-09-10 06:19:45,700 INFO  impl.MiniRaftCluster (MiniRaftCluster.java:newRaftServer(386)) - newRaftServer: s10, group-DF8C9DCF2580:[], format? true
2024-09-10 06:19:45,700 TRACE util.FileUtils (FileUtils.java:deleteFully(305)) - deleteFully target/test/data/f624d035/MiniRaftClusterWithGrpc4aa2bfeb/s10
2024-09-10 06:19:45,700 INFO  server.RaftServer$Division (RaftServerImpl.java:<init>(255)) - s9: new RaftServerImpl for group-DF8C9DCF2580:[] with ArithmeticStateMachine:uninitialized
2024-09-10 06:19:45,701 TRACE util.FileUtils (FileUtils.java:deleteFully(318)) - deleteFully: target/test/data/f624d035/MiniRaftClusterWithGrpc4aa2bfeb/s10 does not exist.
2024-09-10 06:19:45,701 INFO  impl.MiniRaftCluster (MiniRaftCluster.java:newRaftServer(391)) - Formatted directory target/test/data/f624d035/MiniRaftClusterWithGrpc4aa2bfeb/s10
2024-09-10 06:19:45,701 INFO  server.RaftServer (ConfUtils.java:logGet(46)) - raft.rpc.type = GRPC (default)
2024-09-10 06:19:45,702 INFO  grpc.GrpcConfigKeys (ConfUtils.java:logFallback(53)) - raft.grpc.admin.host = null (fallback to raft.grpc.server.host)
2024-09-10 06:19:45,702 INFO  grpc.GrpcConfigKeys (ConfUtils.java:logFallback(53)) - raft.grpc.admin.port = 15010 (fallback to raft.grpc.server.port)
2024-09-10 06:19:45,702 INFO  grpc.GrpcConfigKeys (ConfUtils.java:logFallback(53)) - raft.grpc.client.host = null (fallback to raft.grpc.server.host)
2024-09-10 06:19:45,702 INFO  grpc.GrpcConfigKeys (ConfUtils.java:logFallback(53)) - raft.grpc.client.port = 15010 (fallback to raft.grpc.server.port)
2024-09-10 06:19:45,702 INFO  grpc.GrpcConfigKeys (ConfUtils.java:logGet(46)) - raft.grpc.server.host = null (default)
2024-09-10 06:19:45,703 INFO  grpc.GrpcConfigKeys (ConfUtils.java:logGet(46)) - raft.grpc.server.port = 15010 (custom)
2024-09-10 06:19:45,703 INFO  server.GrpcService (ConfUtils.java:logGet(46)) - raft.grpc.message.size.max = 64MB (=67108864) (default)
2024-09-10 06:19:45,703 INFO  server.GrpcService (ConfUtils.java:logGet(46)) - raft.grpc.flow.control.window = 1MB (=1048576) (default)
2024-09-10 06:19:45,703 INFO  server.RaftServerConfigKeys (ConfUtils.java:logGet(46)) - raft.server.rpc.request.timeout = 3000ms (default)
2024-09-10 06:19:45,704 INFO  grpc.GrpcConfigKeys (ConfUtils.java:logGet(46)) - raft.grpc.server.heartbeat.channel = true (default)
2024-09-10 06:19:45,704 INFO  grpc.GrpcConfigKeys (ConfUtils.java:logGet(46)) - raft.grpc.server.zerocopy.enabled = true (custom)
2024-09-10 06:19:45,704 INFO  server.RaftServerConfigKeys (ConfUtils.java:logGet(46)) - raft.server.log.appender.buffer.byte-limit = 4MB (=4194304) (default)
2024-09-10 06:19:45,704 INFO  grpc.GrpcConfigKeys (ConfUtils.java:logGet(46)) - raft.grpc.server.async.request.thread.pool.cached = true (default)
2024-09-10 06:19:45,705 INFO  grpc.GrpcConfigKeys (ConfUtils.java:logGet(46)) - raft.grpc.server.async.request.thread.pool.size = 32 (default)
2024-09-10 06:19:45,701 INFO  server.RaftServerConfigKeys (ConfUtils.java:logGet(46)) - raft.server.rpc.timeout.min = 300ms (custom)
2024-09-10 06:19:45,705 INFO  server.RaftServerConfigKeys (ConfUtils.java:logGet(46)) - raft.server.rpc.timeout.max = 600ms (custom)
2024-09-10 06:19:45,705 INFO  server.RaftServerConfigKeys (ConfUtils.java:logGet(46)) - raft.server.rpc.sleep.time = 25ms (default)
2024-09-10 06:19:45,705 INFO  server.RaftServerConfigKeys (ConfUtils.java:logGet(46)) - raft.server.rpc.slowness.timeout = 60s (default)
2024-09-10 06:19:45,705 INFO  server.RaftServerConfigKeys (ConfUtils.java:logGet(46)) - raft.server.leaderelection.leader.step-down.wait-time = 10s (default)
2024-09-10 06:19:45,705 INFO  server.RaftServerConfigKeys (ConfUtils.java:logGet(46)) - raft.server.leaderelection.member.majority-add = false (default)
2024-09-10 06:19:45,705 INFO  server.RaftServerConfigKeys (ConfUtils.java:logGet(46)) - raft.server.sleep.deviation.threshold = 300ms (default)
2024-09-10 06:19:45,705 INFO  server.RaftServer$Division (ServerState.java:<init>(114)) - s9@group-DF8C9DCF2580: ConfigurationManager, init=conf: {index: -1, cur=peers:[]|listeners:[], old=null}, confs=<EMPTY_MAP>
2024-09-10 06:19:45,705 INFO  server.RaftServerConfigKeys (ConfUtils.java:logGet(46)) - raft.server.notification.no-leader.timeout = 60s (default)
2024-09-10 06:19:45,705 INFO  server.RaftServerConfigKeys (ConfUtils.java:logGet(46)) - raft.server.read.timeout = 10s (default)
2024-09-10 06:19:45,705 INFO  server.RaftServerConfigKeys (ConfUtils.java:logGet(46)) - raft.server.retrycache.expirytime = 60s (default)
2024-09-10 06:19:45,705 INFO  server.RaftServerConfigKeys (ConfUtils.java:logGet(46)) - raft.server.retrycache.statistics.expirytime = 100ms (default)
2024-09-10 06:19:45,705 INFO  impl.DataStreamServerImpl (ConfUtils.java:logGet(46)) - raft.datastream.type = DISABLED (default)
2024-09-10 06:19:45,706 INFO  server.RaftServerConfigKeys (ConfUtils.java:logGet(46)) - raft.server.read.option = DEFAULT (default)
2024-09-10 06:19:45,706 INFO  server.RaftServerConfigKeys (ConfUtils.java:logGet(46)) - raft.server.sleep.deviation.threshold = 300ms (default)
2024-09-10 06:19:45,706 INFO  server.RaftServerConfigKeys (ConfUtils.java:logGet(46)) - raft.server.close.threshold = 60s (default)
2024-09-10 06:19:45,706 INFO  server.RaftServerConfigKeys (ConfUtils.java:logGet(46)) - raft.server.read.read-after-write-consistent.write-index-cache.expiry-time = 60s (default)
2024-09-10 06:19:45,706 INFO  server.RaftServerConfigKeys (ConfUtils.java:logGet(46)) - raft.server.leaderelection.leader.step-down.wait-time = 10s (default)
2024-09-10 06:19:45,707 INFO  server.RaftServerConfigKeys (ConfUtils.java:logGet(46)) - raft.server.storage.dir = [/home/runner/work/ratis/ratis/ratis-examples/target/test/data/f624d035/MiniRaftClusterWithGrpc4aa2bfeb/s10] (custom)
2024-09-10 06:19:45,707 INFO  server.RaftServerConfigKeys (ConfUtils.java:logGet(46)) - raft.server.threadpool.proxy.cached = true (default)
2024-09-10 06:19:45,707 INFO  server.RaftServerConfigKeys (ConfUtils.java:logGet(46)) - raft.server.rpc.request.timeout = 3000ms (default)
2024-09-10 06:19:45,707 INFO  server.RaftServerConfigKeys (ConfUtils.java:logGet(46)) - raft.server.threadpool.proxy.size = 0 (default)
2024-09-10 06:19:45,707 INFO  server.RaftServerConfigKeys (ConfUtils.java:logGet(46)) - raft.server.log.appender.install.snapshot.enabled = true (default)
2024-09-10 06:19:45,707 INFO  server.RaftServerConfigKeys (ConfUtils.java:logGet(46)) - raft.server.threadpool.server.cached = true (default)
2024-09-10 06:19:45,707 INFO  server.RaftServerConfigKeys (ConfUtils.java:logGet(46)) - raft.server.threadpool.server.size = 0 (default)
2024-09-10 06:19:45,707 INFO  server.RaftServerConfigKeys (ConfUtils.java:logGet(46)) - raft.server.threadpool.client.cached = true (default)
2024-09-10 06:19:45,708 INFO  server.RaftServerConfigKeys (ConfUtils.java:logGet(46)) - raft.server.threadpool.client.size = 0 (default)
2024-09-10 06:19:45,711 INFO  server.RaftServer (RaftServerProxy.java:addNew(101)) - s10: addNew group-DF8C9DCF2580:[] returns group-DF8C9DCF2580:java.util.concurrent.CompletableFuture@34f60be9[Not completed]
2024-09-10 06:19:45,711 INFO  server.RaftServer$Division (RaftServerImpl.java:<init>(255)) - s10: new RaftServerImpl for group-DF8C9DCF2580:[] with ArithmeticStateMachine:uninitialized
2024-09-10 06:19:45,711 INFO  impl.MiniRaftCluster (MiniRaftCluster.java:newRaftServer(386)) - newRaftServer: s11, group-DF8C9DCF2580:[], format? true
2024-09-10 06:19:45,711 TRACE util.FileUtils (FileUtils.java:deleteFully(305)) - deleteFully target/test/data/f624d035/MiniRaftClusterWithGrpc4aa2bfeb/s11
2024-09-10 06:19:45,711 INFO  server.RaftServerConfigKeys (ConfUtils.java:logGet(46)) - raft.server.rpc.timeout.min = 300ms (custom)
2024-09-10 06:19:45,711 TRACE util.FileUtils (FileUtils.java:deleteFully(318)) - deleteFully: target/test/data/f624d035/MiniRaftClusterWithGrpc4aa2bfeb/s11 does not exist.
2024-09-10 06:19:45,712 INFO  impl.MiniRaftCluster (MiniRaftCluster.java:newRaftServer(391)) - Formatted directory target/test/data/f624d035/MiniRaftClusterWithGrpc4aa2bfeb/s11
2024-09-10 06:19:45,711 INFO  server.RaftServerConfigKeys (ConfUtils.java:logGet(46)) - raft.server.rpc.timeout.max = 600ms (custom)
2024-09-10 06:19:45,712 INFO  server.RaftServerConfigKeys (ConfUtils.java:logGet(46)) - raft.server.rpc.sleep.time = 25ms (default)
2024-09-10 06:19:45,712 INFO  server.RaftServerConfigKeys (ConfUtils.java:logGet(46)) - raft.server.rpc.slowness.timeout = 60s (default)
2024-09-10 06:19:45,712 INFO  server.RaftServerConfigKeys (ConfUtils.java:logGet(46)) - raft.server.leaderelection.leader.step-down.wait-time = 10s (default)
2024-09-10 06:19:45,712 INFO  server.RaftServer (ConfUtils.java:logGet(46)) - raft.rpc.type = GRPC (default)
2024-09-10 06:19:45,712 INFO  server.RaftServerConfigKeys (ConfUtils.java:logGet(46)) - raft.server.leaderelection.member.majority-add = false (default)
2024-09-10 06:19:45,712 INFO  grpc.GrpcConfigKeys (ConfUtils.java:logFallback(53)) - raft.grpc.admin.host = null (fallback to raft.grpc.server.host)
2024-09-10 06:19:45,712 INFO  server.RaftServerConfigKeys (ConfUtils.java:logGet(46)) - raft.server.sleep.deviation.threshold = 300ms (default)
2024-09-10 06:19:45,712 INFO  grpc.GrpcConfigKeys (ConfUtils.java:logFallback(53)) - raft.grpc.admin.port = 15011 (fallback to raft.grpc.server.port)
2024-09-10 06:19:45,713 INFO  server.RaftServer$Division (ServerState.java:<init>(114)) - s10@group-DF8C9DCF2580: ConfigurationManager, init=conf: {index: -1, cur=peers:[]|listeners:[], old=null}, confs=<EMPTY_MAP>
2024-09-10 06:19:45,713 INFO  grpc.GrpcConfigKeys (ConfUtils.java:logFallback(53)) - raft.grpc.client.host = null (fallback to raft.grpc.server.host)
2024-09-10 06:19:45,713 INFO  server.RaftServerConfigKeys (ConfUtils.java:logGet(46)) - raft.server.notification.no-leader.timeout = 60s (default)
2024-09-10 06:19:45,713 INFO  server.RaftServerConfigKeys (ConfUtils.java:logGet(46)) - raft.server.read.timeout = 10s (default)
2024-09-10 06:19:45,713 INFO  grpc.GrpcConfigKeys (ConfUtils.java:logFallback(53)) - raft.grpc.client.port = 15011 (fallback to raft.grpc.server.port)
2024-09-10 06:19:45,713 INFO  server.RaftServerConfigKeys (ConfUtils.java:logGet(46)) - raft.server.retrycache.expirytime = 60s (default)
2024-09-10 06:19:45,714 INFO  server.RaftServerConfigKeys (ConfUtils.java:logGet(46)) - raft.server.retrycache.statistics.expirytime = 100ms (default)
2024-09-10 06:19:45,713 INFO  grpc.GrpcConfigKeys (ConfUtils.java:logGet(46)) - raft.grpc.server.host = null (default)
2024-09-10 06:19:45,714 INFO  server.RaftServerConfigKeys (ConfUtils.java:logGet(46)) - raft.server.read.option = DEFAULT (default)
2024-09-10 06:19:45,714 INFO  server.RaftServerConfigKeys (ConfUtils.java:logGet(46)) - raft.server.read.read-after-write-consistent.write-index-cache.expiry-time = 60s (default)
2024-09-10 06:19:45,714 INFO  grpc.GrpcConfigKeys (ConfUtils.java:logGet(46)) - raft.grpc.server.port = 15011 (custom)
2024-09-10 06:19:45,714 INFO  server.GrpcService (ConfUtils.java:logGet(46)) - raft.grpc.message.size.max = 64MB (=67108864) (default)
2024-09-10 06:19:45,714 INFO  server.GrpcService (ConfUtils.java:logGet(46)) - raft.grpc.flow.control.window = 1MB (=1048576) (default)
2024-09-10 06:19:45,714 INFO  server.RaftServerConfigKeys (ConfUtils.java:logGet(46)) - raft.server.rpc.request.timeout = 3000ms (default)
2024-09-10 06:19:45,715 INFO  server.RaftServerConfigKeys (ConfUtils.java:logGet(46)) - raft.server.rpc.request.timeout = 3000ms (default)
2024-09-10 06:19:45,715 INFO  grpc.GrpcConfigKeys (ConfUtils.java:logGet(46)) - raft.grpc.server.heartbeat.channel = true (default)
2024-09-10 06:19:45,715 INFO  server.RaftServerConfigKeys (ConfUtils.java:logGet(46)) - raft.server.log.appender.install.snapshot.enabled = true (default)
2024-09-10 06:19:45,715 INFO  server.RaftServerConfigKeys (ConfUtils.java:logGet(46)) - raft.server.threadpool.server.cached = true (default)
2024-09-10 06:19:45,715 INFO  grpc.GrpcConfigKeys (ConfUtils.java:logGet(46)) - raft.grpc.server.zerocopy.enabled = true (custom)
2024-09-10 06:19:45,715 INFO  server.RaftServerConfigKeys (ConfUtils.java:logGet(46)) - raft.server.log.appender.buffer.byte-limit = 4MB (=4194304) (default)
2024-09-10 06:19:45,715 INFO  server.RaftServerConfigKeys (ConfUtils.java:logGet(46)) - raft.server.threadpool.server.size = 0 (default)
2024-09-10 06:19:45,715 INFO  grpc.GrpcConfigKeys (ConfUtils.java:logGet(46)) - raft.grpc.server.async.request.thread.pool.cached = true (default)
2024-09-10 06:19:45,715 INFO  server.RaftServerConfigKeys (ConfUtils.java:logGet(46)) - raft.server.threadpool.client.cached = true (default)
2024-09-10 06:19:45,716 INFO  grpc.GrpcConfigKeys (ConfUtils.java:logGet(46)) - raft.grpc.server.async.request.thread.pool.size = 32 (default)
2024-09-10 06:19:45,716 INFO  server.RaftServerConfigKeys (ConfUtils.java:logGet(46)) - raft.server.threadpool.client.size = 0 (default)
2024-09-10 06:19:45,716 INFO  impl.DataStreamServerImpl (ConfUtils.java:logGet(46)) - raft.datastream.type = DISABLED (default)
2024-09-10 06:19:45,717 INFO  server.RaftServerConfigKeys (ConfUtils.java:logGet(46)) - raft.server.sleep.deviation.threshold = 300ms (default)
2024-09-10 06:19:45,717 INFO  server.RaftServerConfigKeys (ConfUtils.java:logGet(46)) - raft.server.close.threshold = 60s (default)
2024-09-10 06:19:45,717 INFO  server.RaftServerConfigKeys (ConfUtils.java:logGet(46)) - raft.server.leaderelection.leader.step-down.wait-time = 10s (default)
2024-09-10 06:19:45,717 INFO  server.RaftServerConfigKeys (ConfUtils.java:logGet(46)) - raft.server.storage.dir = [/home/runner/work/ratis/ratis/ratis-examples/target/test/data/f624d035/MiniRaftClusterWithGrpc4aa2bfeb/s11] (custom)
2024-09-10 06:19:45,717 INFO  server.RaftServerConfigKeys (ConfUtils.java:logGet(46)) - raft.server.threadpool.proxy.cached = true (default)
2024-09-10 06:19:45,717 INFO  server.RaftServerConfigKeys (ConfUtils.java:logGet(46)) - raft.server.threadpool.proxy.size = 0 (default)
2024-09-10 06:19:45,718 INFO  server.RaftServer (RaftServerProxy.java:addNew(101)) - s11: addNew group-DF8C9DCF2580:[] returns group-DF8C9DCF2580:java.util.concurrent.CompletableFuture@24b8a393[Not completed]
2024-09-10 06:19:45,718 INFO  server.RaftServer$Division (RaftServerImpl.java:<init>(255)) - s11: new RaftServerImpl for group-DF8C9DCF2580:[] with ArithmeticStateMachine:uninitialized
2024-09-10 06:19:45,718 INFO  impl.MiniRaftCluster (MiniRaftCluster.java:newRaftServer(386)) - newRaftServer: s12, group-DF8C9DCF2580:[], format? true
2024-09-10 06:19:45,719 TRACE util.FileUtils (FileUtils.java:deleteFully(305)) - deleteFully target/test/data/f624d035/MiniRaftClusterWithGrpc4aa2bfeb/s12
2024-09-10 06:19:45,718 INFO  server.RaftServerConfigKeys (ConfUtils.java:logGet(46)) - raft.server.rpc.timeout.min = 300ms (custom)
2024-09-10 06:19:45,719 TRACE util.FileUtils (FileUtils.java:deleteFully(318)) - deleteFully: target/test/data/f624d035/MiniRaftClusterWithGrpc4aa2bfeb/s12 does not exist.
2024-09-10 06:19:45,719 INFO  impl.MiniRaftCluster (MiniRaftCluster.java:newRaftServer(391)) - Formatted directory target/test/data/f624d035/MiniRaftClusterWithGrpc4aa2bfeb/s12
2024-09-10 06:19:45,719 INFO  server.RaftServerConfigKeys (ConfUtils.java:logGet(46)) - raft.server.rpc.timeout.max = 600ms (custom)
2024-09-10 06:19:45,719 INFO  server.RaftServerConfigKeys (ConfUtils.java:logGet(46)) - raft.server.rpc.sleep.time = 25ms (default)
2024-09-10 06:19:45,720 INFO  server.RaftServer (ConfUtils.java:logGet(46)) - raft.rpc.type = GRPC (default)
2024-09-10 06:19:45,720 INFO  server.RaftServerConfigKeys (ConfUtils.java:logGet(46)) - raft.server.rpc.slowness.timeout = 60s (default)
2024-09-10 06:19:45,720 INFO  server.RaftServerConfigKeys (ConfUtils.java:logGet(46)) - raft.server.leaderelection.leader.step-down.wait-time = 10s (default)
2024-09-10 06:19:45,720 INFO  grpc.GrpcConfigKeys (ConfUtils.java:logFallback(53)) - raft.grpc.admin.host = null (fallback to raft.grpc.server.host)
2024-09-10 06:19:45,720 INFO  server.RaftServerConfigKeys (ConfUtils.java:logGet(46)) - raft.server.leaderelection.member.majority-add = false (default)
2024-09-10 06:19:45,720 INFO  server.RaftServerConfigKeys (ConfUtils.java:logGet(46)) - raft.server.sleep.deviation.threshold = 300ms (default)
2024-09-10 06:19:45,720 INFO  grpc.GrpcConfigKeys (ConfUtils.java:logFallback(53)) - raft.grpc.admin.port = 15012 (fallback to raft.grpc.server.port)
2024-09-10 06:19:45,720 INFO  server.RaftServer$Division (ServerState.java:<init>(114)) - s11@group-DF8C9DCF2580: ConfigurationManager, init=conf: {index: -1, cur=peers:[]|listeners:[], old=null}, confs=<EMPTY_MAP>
2024-09-10 06:19:45,721 INFO  grpc.GrpcConfigKeys (ConfUtils.java:logFallback(53)) - raft.grpc.client.host = null (fallback to raft.grpc.server.host)
2024-09-10 06:19:45,721 INFO  server.RaftServerConfigKeys (ConfUtils.java:logGet(46)) - raft.server.notification.no-leader.timeout = 60s (default)
2024-09-10 06:19:45,721 INFO  grpc.GrpcConfigKeys (ConfUtils.java:logFallback(53)) - raft.grpc.client.port = 15012 (fallback to raft.grpc.server.port)
2024-09-10 06:19:45,721 INFO  server.RaftServerConfigKeys (ConfUtils.java:logGet(46)) - raft.server.read.timeout = 10s (default)
2024-09-10 06:19:45,721 INFO  grpc.GrpcConfigKeys (ConfUtils.java:logGet(46)) - raft.grpc.server.host = null (default)
2024-09-10 06:19:45,721 INFO  server.RaftServerConfigKeys (ConfUtils.java:logGet(46)) - raft.server.retrycache.expirytime = 60s (default)
2024-09-10 06:19:45,721 INFO  server.RaftServerConfigKeys (ConfUtils.java:logGet(46)) - raft.server.retrycache.statistics.expirytime = 100ms (default)
2024-09-10 06:19:45,721 INFO  grpc.GrpcConfigKeys (ConfUtils.java:logGet(46)) - raft.grpc.server.port = 15012 (custom)
2024-09-10 06:19:45,722 INFO  server.RaftServerConfigKeys (ConfUtils.java:logGet(46)) - raft.server.read.option = DEFAULT (default)
2024-09-10 06:19:45,722 INFO  server.GrpcService (ConfUtils.java:logGet(46)) - raft.grpc.message.size.max = 64MB (=67108864) (default)
2024-09-10 06:19:45,722 INFO  server.RaftServerConfigKeys (ConfUtils.java:logGet(46)) - raft.server.read.read-after-write-consistent.write-index-cache.expiry-time = 60s (default)
2024-09-10 06:19:45,722 INFO  server.GrpcService (ConfUtils.java:logGet(46)) - raft.grpc.flow.control.window = 1MB (=1048576) (default)
2024-09-10 06:19:45,722 INFO  server.RaftServerConfigKeys (ConfUtils.java:logGet(46)) - raft.server.rpc.request.timeout = 3000ms (default)
2024-09-10 06:19:45,723 INFO  grpc.GrpcConfigKeys (ConfUtils.java:logGet(46)) - raft.grpc.server.heartbeat.channel = true (default)
2024-09-10 06:19:45,723 INFO  server.RaftServerConfigKeys (ConfUtils.java:logGet(46)) - raft.server.rpc.request.timeout = 3000ms (default)
2024-09-10 06:19:45,723 INFO  grpc.GrpcConfigKeys (ConfUtils.java:logGet(46)) - raft.grpc.server.zerocopy.enabled = true (custom)
2024-09-10 06:19:45,723 INFO  server.RaftServerConfigKeys (ConfUtils.java:logGet(46)) - raft.server.log.appender.buffer.byte-limit = 4MB (=4194304) (default)
2024-09-10 06:19:45,723 INFO  server.RaftServerConfigKeys (ConfUtils.java:logGet(46)) - raft.server.log.appender.install.snapshot.enabled = true (default)
2024-09-10 06:19:45,723 INFO  grpc.GrpcConfigKeys (ConfUtils.java:logGet(46)) - raft.grpc.server.async.request.thread.pool.cached = true (default)
2024-09-10 06:19:45,724 INFO  server.RaftServerConfigKeys (ConfUtils.java:logGet(46)) - raft.server.threadpool.server.cached = true (default)
2024-09-10 06:19:45,724 INFO  grpc.GrpcConfigKeys (ConfUtils.java:logGet(46)) - raft.grpc.server.async.request.thread.pool.size = 32 (default)
2024-09-10 06:19:45,724 INFO  server.RaftServerConfigKeys (ConfUtils.java:logGet(46)) - raft.server.threadpool.server.size = 0 (default)
2024-09-10 06:19:45,724 INFO  server.RaftServerConfigKeys (ConfUtils.java:logGet(46)) - raft.server.threadpool.client.cached = true (default)
2024-09-10 06:19:45,724 INFO  server.RaftServerConfigKeys (ConfUtils.java:logGet(46)) - raft.server.threadpool.client.size = 0 (default)
2024-09-10 06:19:45,725 INFO  impl.DataStreamServerImpl (ConfUtils.java:logGet(46)) - raft.datastream.type = DISABLED (default)
2024-09-10 06:19:45,725 INFO  server.RaftServerConfigKeys (ConfUtils.java:logGet(46)) - raft.server.sleep.deviation.threshold = 300ms (default)
2024-09-10 06:19:45,725 INFO  server.RaftServerConfigKeys (ConfUtils.java:logGet(46)) - raft.server.close.threshold = 60s (default)
2024-09-10 06:19:45,725 INFO  server.RaftServerConfigKeys (ConfUtils.java:logGet(46)) - raft.server.leaderelection.leader.step-down.wait-time = 10s (default)
2024-09-10 06:19:45,726 INFO  server.RaftServerConfigKeys (ConfUtils.java:logGet(46)) - raft.server.storage.dir = [/home/runner/work/ratis/ratis/ratis-examples/target/test/data/f624d035/MiniRaftClusterWithGrpc4aa2bfeb/s12] (custom)
2024-09-10 06:19:45,726 INFO  server.RaftServerConfigKeys (ConfUtils.java:logGet(46)) - raft.server.threadpool.proxy.cached = true (default)
2024-09-10 06:19:45,726 INFO  server.RaftServerConfigKeys (ConfUtils.java:logGet(46)) - raft.server.threadpool.proxy.size = 0 (default)
2024-09-10 06:19:45,728 INFO  server.RaftServer (RaftServerProxy.java:addNew(101)) - s12: addNew group-DF8C9DCF2580:[] returns group-DF8C9DCF2580:java.util.concurrent.CompletableFuture@417bfebd[Not completed]
2024-09-10 06:19:45,728 INFO  impl.MiniRaftCluster (MiniRaftCluster.java:newRaftServer(386)) - newRaftServer: s13, group-DF8C9DCF2580:[], format? true
2024-09-10 06:19:45,728 TRACE util.FileUtils (FileUtils.java:deleteFully(305)) - deleteFully target/test/data/f624d035/MiniRaftClusterWithGrpc4aa2bfeb/s13
2024-09-10 06:19:45,728 INFO  server.RaftServer$Division (RaftServerImpl.java:<init>(255)) - s12: new RaftServerImpl for group-DF8C9DCF2580:[] with ArithmeticStateMachine:uninitialized
2024-09-10 06:19:45,729 TRACE util.FileUtils (FileUtils.java:deleteFully(318)) - deleteFully: target/test/data/f624d035/MiniRaftClusterWithGrpc4aa2bfeb/s13 does not exist.
2024-09-10 06:19:45,729 INFO  impl.MiniRaftCluster (MiniRaftCluster.java:newRaftServer(391)) - Formatted directory target/test/data/f624d035/MiniRaftClusterWithGrpc4aa2bfeb/s13
2024-09-10 06:19:45,729 INFO  server.RaftServerConfigKeys (ConfUtils.java:logGet(46)) - raft.server.rpc.timeout.min = 300ms (custom)
2024-09-10 06:19:45,729 INFO  server.RaftServer (ConfUtils.java:logGet(46)) - raft.rpc.type = GRPC (default)
2024-09-10 06:19:45,730 INFO  grpc.GrpcConfigKeys (ConfUtils.java:logFallback(53)) - raft.grpc.admin.host = null (fallback to raft.grpc.server.host)
2024-09-10 06:19:45,730 INFO  grpc.GrpcConfigKeys (ConfUtils.java:logFallback(53)) - raft.grpc.admin.port = 15013 (fallback to raft.grpc.server.port)
2024-09-10 06:19:45,730 INFO  grpc.GrpcConfigKeys (ConfUtils.java:logFallback(53)) - raft.grpc.client.host = null (fallback to raft.grpc.server.host)
2024-09-10 06:19:45,730 INFO  grpc.GrpcConfigKeys (ConfUtils.java:logFallback(53)) - raft.grpc.client.port = 15013 (fallback to raft.grpc.server.port)
2024-09-10 06:19:45,731 INFO  grpc.GrpcConfigKeys (ConfUtils.java:logGet(46)) - raft.grpc.server.host = null (default)
2024-09-10 06:19:45,731 INFO  grpc.GrpcConfigKeys (ConfUtils.java:logGet(46)) - raft.grpc.server.port = 15013 (custom)
2024-09-10 06:19:45,731 INFO  server.GrpcService (ConfUtils.java:logGet(46)) - raft.grpc.message.size.max = 64MB (=67108864) (default)
2024-09-10 06:19:45,731 INFO  server.GrpcService (ConfUtils.java:logGet(46)) - raft.grpc.flow.control.window = 1MB (=1048576) (default)
2024-09-10 06:19:45,731 INFO  server.RaftServerConfigKeys (ConfUtils.java:logGet(46)) - raft.server.rpc.request.timeout = 3000ms (default)
2024-09-10 06:19:45,731 INFO  grpc.GrpcConfigKeys (ConfUtils.java:logGet(46)) - raft.grpc.server.heartbeat.channel = true (default)
2024-09-10 06:19:45,731 INFO  grpc.GrpcConfigKeys (ConfUtils.java:logGet(46)) - raft.grpc.server.zerocopy.enabled = true (custom)
2024-09-10 06:19:45,732 INFO  server.RaftServerConfigKeys (ConfUtils.java:logGet(46)) - raft.server.log.appender.buffer.byte-limit = 4MB (=4194304) (default)
2024-09-10 06:19:45,732 INFO  grpc.GrpcConfigKeys (ConfUtils.java:logGet(46)) - raft.grpc.server.async.request.thread.pool.cached = true (default)
2024-09-10 06:19:45,732 INFO  grpc.GrpcConfigKeys (ConfUtils.java:logGet(46)) - raft.grpc.server.async.request.thread.pool.size = 32 (default)
2024-09-10 06:19:45,729 INFO  server.RaftServerConfigKeys (ConfUtils.java:logGet(46)) - raft.server.rpc.timeout.max = 600ms (custom)
2024-09-10 06:19:45,732 INFO  server.RaftServerConfigKeys (ConfUtils.java:logGet(46)) - raft.server.rpc.sleep.time = 25ms (default)
2024-09-10 06:19:45,732 INFO  server.RaftServerConfigKeys (ConfUtils.java:logGet(46)) - raft.server.rpc.slowness.timeout = 60s (default)
2024-09-10 06:19:45,732 INFO  impl.DataStreamServerImpl (ConfUtils.java:logGet(46)) - raft.datastream.type = DISABLED (default)
2024-09-10 06:19:45,733 INFO  server.RaftServerConfigKeys (ConfUtils.java:logGet(46)) - raft.server.sleep.deviation.threshold = 300ms (default)
2024-09-10 06:19:45,733 INFO  server.RaftServerConfigKeys (ConfUtils.java:logGet(46)) - raft.server.close.threshold = 60s (default)
2024-09-10 06:19:45,733 INFO  server.RaftServerConfigKeys (ConfUtils.java:logGet(46)) - raft.server.leaderelection.leader.step-down.wait-time = 10s (default)
2024-09-10 06:19:45,732 INFO  server.RaftServerConfigKeys (ConfUtils.java:logGet(46)) - raft.server.leaderelection.leader.step-down.wait-time = 10s (default)
2024-09-10 06:19:45,733 INFO  server.RaftServerConfigKeys (ConfUtils.java:logGet(46)) - raft.server.storage.dir = [/home/runner/work/ratis/ratis/ratis-examples/target/test/data/f624d035/MiniRaftClusterWithGrpc4aa2bfeb/s13] (custom)
2024-09-10 06:19:45,733 INFO  server.RaftServerConfigKeys (ConfUtils.java:logGet(46)) - raft.server.threadpool.proxy.cached = true (default)
2024-09-10 06:19:45,733 INFO  server.RaftServerConfigKeys (ConfUtils.java:logGet(46)) - raft.server.threadpool.proxy.size = 0 (default)
2024-09-10 06:19:45,733 INFO  server.RaftServerConfigKeys (ConfUtils.java:logGet(46)) - raft.server.leaderelection.member.majority-add = false (default)
2024-09-10 06:19:45,734 INFO  server.RaftServerConfigKeys (ConfUtils.java:logGet(46)) - raft.server.sleep.deviation.threshold = 300ms (default)
2024-09-10 06:19:45,734 INFO  server.RaftServer$Division (ServerState.java:<init>(114)) - s12@group-DF8C9DCF2580: ConfigurationManager, init=conf: {index: -1, cur=peers:[]|listeners:[], old=null}, confs=<EMPTY_MAP>
2024-09-10 06:19:45,734 INFO  server.RaftServer (RaftServerProxy.java:addNew(101)) - s13: addNew group-DF8C9DCF2580:[] returns group-DF8C9DCF2580:java.util.concurrent.CompletableFuture@9763e61[Not completed]
2024-09-10 06:19:45,734 INFO  server.RaftServer$Division (RaftServerImpl.java:<init>(255)) - s13: new RaftServerImpl for group-DF8C9DCF2580:[] with ArithmeticStateMachine:uninitialized
2024-09-10 06:19:45,734 INFO  server.RaftServerConfigKeys (ConfUtils.java:logGet(46)) - raft.server.rpc.timeout.min = 300ms (custom)
2024-09-10 06:19:45,734 INFO  server.RaftServerConfigKeys (ConfUtils.java:logGet(46)) - raft.server.rpc.timeout.max = 600ms (custom)
2024-09-10 06:19:45,734 INFO  server.RaftServerConfigKeys (ConfUtils.java:logGet(46)) - raft.server.rpc.sleep.time = 25ms (default)
2024-09-10 06:19:45,734 INFO  server.RaftServerConfigKeys (ConfUtils.java:logGet(46)) - raft.server.rpc.slowness.timeout = 60s (default)
2024-09-10 06:19:45,734 INFO  server.RaftServerConfigKeys (ConfUtils.java:logGet(46)) - raft.server.leaderelection.leader.step-down.wait-time = 10s (default)
2024-09-10 06:19:45,734 INFO  server.RaftServerConfigKeys (ConfUtils.java:logGet(46)) - raft.server.leaderelection.member.majority-add = false (default)
2024-09-10 06:19:45,734 INFO  server.RaftServerConfigKeys (ConfUtils.java:logGet(46)) - raft.server.sleep.deviation.threshold = 300ms (default)
2024-09-10 06:19:45,734 INFO  server.RaftServerConfigKeys (ConfUtils.java:logGet(46)) - raft.server.notification.no-leader.timeout = 60s (default)
2024-09-10 06:19:45,734 INFO  server.RaftServer$Division (ServerState.java:<init>(114)) - s13@group-DF8C9DCF2580: ConfigurationManager, init=conf: {index: -1, cur=peers:[]|listeners:[], old=null}, confs=<EMPTY_MAP>
2024-09-10 06:19:45,735 INFO  server.RaftServerConfigKeys (ConfUtils.java:logGet(46)) - raft.server.notification.no-leader.timeout = 60s (default)
2024-09-10 06:19:45,735 INFO  server.RaftServerConfigKeys (ConfUtils.java:logGet(46)) - raft.server.read.timeout = 10s (default)
2024-09-10 06:19:45,735 INFO  server.RaftServerConfigKeys (ConfUtils.java:logGet(46)) - raft.server.retrycache.expirytime = 60s (default)
2024-09-10 06:19:45,735 INFO  server.RaftServerConfigKeys (ConfUtils.java:logGet(46)) - raft.server.retrycache.statistics.expirytime = 100ms (default)
2024-09-10 06:19:45,735 INFO  server.RaftServerConfigKeys (ConfUtils.java:logGet(46)) - raft.server.read.option = DEFAULT (default)
2024-09-10 06:19:45,735 INFO  server.RaftServerConfigKeys (ConfUtils.java:logGet(46)) - raft.server.read.read-after-write-consistent.write-index-cache.expiry-time = 60s (default)
2024-09-10 06:19:45,736 INFO  server.RaftServerConfigKeys (ConfUtils.java:logGet(46)) - raft.server.rpc.request.timeout = 3000ms (default)
2024-09-10 06:19:45,736 INFO  server.RaftServerConfigKeys (ConfUtils.java:logGet(46)) - raft.server.log.appender.install.snapshot.enabled = true (default)
2024-09-10 06:19:45,736 INFO  server.RaftServerConfigKeys (ConfUtils.java:logGet(46)) - raft.server.threadpool.server.cached = true (default)
2024-09-10 06:19:45,736 INFO  server.RaftServerConfigKeys (ConfUtils.java:logGet(46)) - raft.server.threadpool.server.size = 0 (default)
2024-09-10 06:19:45,736 INFO  server.RaftServerConfigKeys (ConfUtils.java:logGet(46)) - raft.server.threadpool.client.cached = true (default)
2024-09-10 06:19:45,736 INFO  server.RaftServerConfigKeys (ConfUtils.java:logGet(46)) - raft.server.threadpool.client.size = 0 (default)
2024-09-10 06:19:45,734 INFO  impl.MiniRaftCluster (MiniRaftCluster.java:newRaftServer(386)) - newRaftServer: s14, group-DF8C9DCF2580:[], format? true
2024-09-10 06:19:45,736 TRACE util.FileUtils (FileUtils.java:deleteFully(305)) - deleteFully target/test/data/f624d035/MiniRaftClusterWithGrpc4aa2bfeb/s14
2024-09-10 06:19:45,734 INFO  server.RaftServerConfigKeys (ConfUtils.java:logGet(46)) - raft.server.read.timeout = 10s (default)
2024-09-10 06:19:45,736 TRACE util.FileUtils (FileUtils.java:deleteFully(318)) - deleteFully: target/test/data/f624d035/MiniRaftClusterWithGrpc4aa2bfeb/s14 does not exist.
2024-09-10 06:19:45,737 INFO  impl.MiniRaftCluster (MiniRaftCluster.java:newRaftServer(391)) - Formatted directory target/test/data/f624d035/MiniRaftClusterWithGrpc4aa2bfeb/s14
2024-09-10 06:19:45,737 INFO  server.RaftServerConfigKeys (ConfUtils.java:logGet(46)) - raft.server.retrycache.expirytime = 60s (default)
2024-09-10 06:19:45,737 INFO  server.RaftServerConfigKeys (ConfUtils.java:logGet(46)) - raft.server.retrycache.statistics.expirytime = 100ms (default)
2024-09-10 06:19:45,737 INFO  server.RaftServer (ConfUtils.java:logGet(46)) - raft.rpc.type = GRPC (default)
2024-09-10 06:19:45,737 INFO  grpc.GrpcConfigKeys (ConfUtils.java:logFallback(53)) - raft.grpc.admin.host = null (fallback to raft.grpc.server.host)
2024-09-10 06:19:45,738 INFO  grpc.GrpcConfigKeys (ConfUtils.java:logFallback(53)) - raft.grpc.admin.port = 15014 (fallback to raft.grpc.server.port)
2024-09-10 06:19:45,738 INFO  grpc.GrpcConfigKeys (ConfUtils.java:logFallback(53)) - raft.grpc.client.host = null (fallback to raft.grpc.server.host)
2024-09-10 06:19:45,738 INFO  grpc.GrpcConfigKeys (ConfUtils.java:logFallback(53)) - raft.grpc.client.port = 15014 (fallback to raft.grpc.server.port)
2024-09-10 06:19:45,738 INFO  grpc.GrpcConfigKeys (ConfUtils.java:logGet(46)) - raft.grpc.server.host = null (default)
2024-09-10 06:19:45,738 INFO  grpc.GrpcConfigKeys (ConfUtils.java:logGet(46)) - raft.grpc.server.port = 15014 (custom)
2024-09-10 06:19:45,738 INFO  server.GrpcService (ConfUtils.java:logGet(46)) - raft.grpc.message.size.max = 64MB (=67108864) (default)
2024-09-10 06:19:45,738 INFO  server.GrpcService (ConfUtils.java:logGet(46)) - raft.grpc.flow.control.window = 1MB (=1048576) (default)
2024-09-10 06:19:45,739 INFO  server.RaftServerConfigKeys (ConfUtils.java:logGet(46)) - raft.server.rpc.request.timeout = 3000ms (default)
2024-09-10 06:19:45,739 INFO  grpc.GrpcConfigKeys (ConfUtils.java:logGet(46)) - raft.grpc.server.heartbeat.channel = true (default)
2024-09-10 06:19:45,739 INFO  grpc.GrpcConfigKeys (ConfUtils.java:logGet(46)) - raft.grpc.server.zerocopy.enabled = true (custom)
2024-09-10 06:19:45,739 INFO  server.RaftServerConfigKeys (ConfUtils.java:logGet(46)) - raft.server.log.appender.buffer.byte-limit = 4MB (=4194304) (default)
2024-09-10 06:19:45,739 INFO  grpc.GrpcConfigKeys (ConfUtils.java:logGet(46)) - raft.grpc.server.async.request.thread.pool.cached = true (default)
2024-09-10 06:19:45,739 INFO  grpc.GrpcConfigKeys (ConfUtils.java:logGet(46)) - raft.grpc.server.async.request.thread.pool.size = 32 (default)
2024-09-10 06:19:45,737 INFO  server.RaftServerConfigKeys (ConfUtils.java:logGet(46)) - raft.server.read.option = DEFAULT (default)
2024-09-10 06:19:45,740 INFO  server.RaftServerConfigKeys (ConfUtils.java:logGet(46)) - raft.server.read.read-after-write-consistent.write-index-cache.expiry-time = 60s (default)
2024-09-10 06:19:45,740 INFO  impl.DataStreamServerImpl (ConfUtils.java:logGet(46)) - raft.datastream.type = DISABLED (default)
2024-09-10 06:19:45,740 INFO  server.RaftServerConfigKeys (ConfUtils.java:logGet(46)) - raft.server.sleep.deviation.threshold = 300ms (default)
2024-09-10 06:19:45,740 INFO  server.RaftServerConfigKeys (ConfUtils.java:logGet(46)) - raft.server.close.threshold = 60s (default)
2024-09-10 06:19:45,740 INFO  server.RaftServerConfigKeys (ConfUtils.java:logGet(46)) - raft.server.leaderelection.leader.step-down.wait-time = 10s (default)
2024-09-10 06:19:45,740 INFO  server.RaftServerConfigKeys (ConfUtils.java:logGet(46)) - raft.server.storage.dir = [/home/runner/work/ratis/ratis/ratis-examples/target/test/data/f624d035/MiniRaftClusterWithGrpc4aa2bfeb/s14] (custom)
2024-09-10 06:19:45,741 INFO  server.RaftServerConfigKeys (ConfUtils.java:logGet(46)) - raft.server.threadpool.proxy.cached = true (default)
2024-09-10 06:19:45,741 INFO  server.RaftServerConfigKeys (ConfUtils.java:logGet(46)) - raft.server.threadpool.proxy.size = 0 (default)
2024-09-10 06:19:45,741 INFO  server.RaftServer (RaftServerProxy.java:addNew(101)) - s14: addNew group-DF8C9DCF2580:[] returns group-DF8C9DCF2580:java.util.concurrent.CompletableFuture@b842275[Not completed]
2024-09-10 06:19:45,741 INFO  server.RaftServer$Division (RaftServerImpl.java:<init>(255)) - s14: new RaftServerImpl for group-DF8C9DCF2580:[] with ArithmeticStateMachine:uninitialized
2024-09-10 06:19:45,741 INFO  server.RaftServerConfigKeys (ConfUtils.java:logGet(46)) - raft.server.rpc.timeout.min = 300ms (custom)
2024-09-10 06:19:45,741 INFO  server.RaftServerConfigKeys (ConfUtils.java:logGet(46)) - raft.server.rpc.timeout.max = 600ms (custom)
2024-09-10 06:19:45,742 INFO  server.RaftServerConfigKeys (ConfUtils.java:logGet(46)) - raft.server.rpc.sleep.time = 25ms (default)
2024-09-10 06:19:45,742 INFO  server.RaftServerConfigKeys (ConfUtils.java:logGet(46)) - raft.server.rpc.slowness.timeout = 60s (default)
2024-09-10 06:19:45,742 INFO  server.RaftServerConfigKeys (ConfUtils.java:logGet(46)) - raft.server.leaderelection.leader.step-down.wait-time = 10s (default)
2024-09-10 06:19:45,742 INFO  server.RaftServerConfigKeys (ConfUtils.java:logGet(46)) - raft.server.leaderelection.member.majority-add = false (default)
2024-09-10 06:19:45,742 INFO  server.RaftServerConfigKeys (ConfUtils.java:logGet(46)) - raft.server.sleep.deviation.threshold = 300ms (default)
2024-09-10 06:19:45,742 INFO  server.RaftServer$Division (ServerState.java:<init>(114)) - s14@group-DF8C9DCF2580: ConfigurationManager, init=conf: {index: -1, cur=peers:[]|listeners:[], old=null}, confs=<EMPTY_MAP>
2024-09-10 06:19:45,742 INFO  server.RaftServerConfigKeys (ConfUtils.java:logGet(46)) - raft.server.notification.no-leader.timeout = 60s (default)
2024-09-10 06:19:45,742 INFO  server.RaftServerConfigKeys (ConfUtils.java:logGet(46)) - raft.server.read.timeout = 10s (default)
2024-09-10 06:19:45,742 INFO  server.RaftServerConfigKeys (ConfUtils.java:logGet(46)) - raft.server.retrycache.expirytime = 60s (default)
2024-09-10 06:19:45,742 INFO  server.RaftServerConfigKeys (ConfUtils.java:logGet(46)) - raft.server.retrycache.statistics.expirytime = 100ms (default)
2024-09-10 06:19:45,741 INFO  server.RaftServerConfigKeys (ConfUtils.java:logGet(46)) - raft.server.rpc.request.timeout = 3000ms (default)
2024-09-10 06:19:45,742 INFO  server.RaftServerConfigKeys (ConfUtils.java:logGet(46)) - raft.server.read.option = DEFAULT (default)
2024-09-10 06:19:45,742 INFO  server.RaftServerConfigKeys (ConfUtils.java:logGet(46)) - raft.server.read.read-after-write-consistent.write-index-cache.expiry-time = 60s (default)
2024-09-10 06:19:45,742 INFO  impl.GroupManagementBaseTest (GroupManagementBaseTest.java:runMultiGroupTest(260)) - putNewServer: printing ALL groups
  s3:      NEW      null s3@group-DF8C9DCF2580:t0, leader=null, voted=null, raftlog=UNINITIALIZED, conf=conf: {index: -1, cur=peers:[]|listeners:[], old=null} NEW
  s4:      NEW      null s4@group-DF8C9DCF2580:t0, leader=null, voted=null, raftlog=UNINITIALIZED, conf=conf: {index: -1, cur=peers:[]|listeners:[], old=null} NEW
  s5:      NEW      null s5@group-DF8C9DCF2580:t0, leader=null, voted=null, raftlog=UNINITIALIZED, conf=conf: {index: -1, cur=peers:[]|listeners:[], old=null} NEW
  s6:      NEW      null s6@group-DF8C9DCF2580:t0, leader=null, voted=null, raftlog=UNINITIALIZED, conf=conf: {index: -1, cur=peers:[]|listeners:[], old=null} NEW
  s7:      NEW      null s7@group-DF8C9DCF2580:t0, leader=null, voted=null, raftlog=UNINITIALIZED, conf=conf: {index: -1, cur=peers:[]|listeners:[], old=null} NEW
  s8:      NEW      null s8@group-DF8C9DCF2580:t0, leader=null, voted=null, raftlog=UNINITIALIZED, conf=conf: {index: -1, cur=peers:[]|listeners:[], old=null} NEW
  s9:      NEW      null s9@group-DF8C9DCF2580:t0, leader=null, voted=null, raftlog=UNINITIALIZED, conf=conf: {index: -1, cur=peers:[]|listeners:[], old=null} NEW
  s11:      NEW      null s11@group-DF8C9DCF2580:t0, leader=null, voted=null, raftlog=UNINITIALIZED, conf=conf: {index: -1, cur=peers:[]|listeners:[], old=null} NEW
  s10:      NEW      null s10@group-DF8C9DCF2580:t0, leader=null, voted=null, raftlog=UNINITIALIZED, conf=conf: {index: -1, cur=peers:[]|listeners:[], old=null} NEW
  s13:      NEW      null s13@group-DF8C9DCF2580:t0, leader=null, voted=null, raftlog=UNINITIALIZED, conf=conf: {index: -1, cur=peers:[]|listeners:[], old=null} NEW
  s12:      NEW group-DF8C9DCF2580:java.util.concurrent.CompletableFuture@417bfebd[Not completed]
  s14:      NEW group-DF8C9DCF2580:java.util.concurrent.CompletableFuture@b842275[Not completed]
  s0:      NEW      null s0@group-DF8C9DCF2580:t0, leader=null, voted=null, raftlog=UNINITIALIZED, conf=conf: {index: -1, cur=peers:[]|listeners:[], old=null} NEW
  s1:      NEW      null s1@group-DF8C9DCF2580:t0, leader=null, voted=null, raftlog=UNINITIALIZED, conf=conf: {index: -1, cur=peers:[]|listeners:[], old=null} NEW
  s2:      NEW      null s2@group-DF8C9DCF2580:t0, leader=null, voted=null, raftlog=UNINITIALIZED, conf=conf: {index: -1, cur=peers:[]|listeners:[], old=null} NEW
2024-09-10 06:19:45,742 INFO  server.RaftServerConfigKeys (ConfUtils.java:logGet(46)) - raft.server.log.appender.install.snapshot.enabled = true (default)
2024-09-10 06:19:45,742 INFO  server.RaftServerConfigKeys (ConfUtils.java:logGet(46)) - raft.server.threadpool.server.cached = true (default)
2024-09-10 06:19:45,743 INFO  server.RaftServerConfigKeys (ConfUtils.java:logGet(46)) - raft.server.threadpool.server.size = 0 (default)
2024-09-10 06:19:45,743 INFO  server.RaftServerConfigKeys (ConfUtils.java:logGet(46)) - raft.server.threadpool.client.cached = true (default)
2024-09-10 06:19:45,743 INFO  server.RaftServerConfigKeys (ConfUtils.java:logGet(46)) - raft.server.threadpool.client.size = 0 (default)
2024-09-10 06:19:45,743 INFO  server.RaftServerConfigKeys (ConfUtils.java:logGet(46)) - raft.server.rpc.request.timeout = 3000ms (default)
2024-09-10 06:19:45,743 INFO  server.RaftServerConfigKeys (ConfUtils.java:logGet(46)) - raft.server.log.appender.install.snapshot.enabled = true (default)
2024-09-10 06:19:45,743 INFO  server.RaftServerConfigKeys (ConfUtils.java:logGet(46)) - raft.server.threadpool.server.cached = true (default)
2024-09-10 06:19:45,743 INFO  server.RaftServerConfigKeys (ConfUtils.java:logGet(46)) - raft.server.threadpool.server.size = 0 (default)
2024-09-10 06:19:45,743 INFO  server.RaftServerConfigKeys (ConfUtils.java:logGet(46)) - raft.server.threadpool.client.cached = true (default)
2024-09-10 06:19:45,743 INFO  server.RaftServerConfigKeys (ConfUtils.java:logGet(46)) - raft.server.threadpool.client.size = 0 (default)
2024-09-10 06:19:46,742 INFO  impl.MiniRaftCluster (MiniRaftCluster.java:start(342)) - .............................................................. 
2024-09-10 06:19:46,743 INFO  impl.MiniRaftCluster (MiniRaftCluster.java:start(343)) - ... 
2024-09-10 06:19:46,743 INFO  impl.MiniRaftCluster (MiniRaftCluster.java:start(344)) - ...     Starting MiniRaftClusterWithGrpc
2024-09-10 06:19:46,743 INFO  impl.MiniRaftCluster (MiniRaftCluster.java:start(345)) - ... 
2024-09-10 06:19:46,743 INFO  impl.MiniRaftCluster (MiniRaftCluster.java:start(346)) - .............................................................. 
2024-09-10 06:19:46,744 INFO  impl.MiniRaftCluster (MiniRaftCluster.java:initServers(321)) - servers = {s3=s3:      NEW      null s3@group-DF8C9DCF2580:t0, leader=null, voted=null, raftlog=UNINITIALIZED, conf=conf: {index: -1, cur=peers:[]|listeners:[], old=null} NEW, s4=s4:      NEW      null s4@group-DF8C9DCF2580:t0, leader=null, voted=null, raftlog=UNINITIALIZED, conf=conf: {index: -1, cur=peers:[]|listeners:[], old=null} NEW, s5=s5:      NEW      null s5@group-DF8C9DCF2580:t0, leader=null, voted=null, raftlog=UNINITIALIZED, conf=conf: {index: -1, cur=peers:[]|listeners:[], old=null} NEW, s6=s6:      NEW      null s6@group-DF8C9DCF2580:t0, leader=null, voted=null, raftlog=UNINITIALIZED, conf=conf: {index: -1, cur=peers:[]|listeners:[], old=null} NEW, s7=s7:      NEW      null s7@group-DF8C9DCF2580:t0, leader=null, voted=null, raftlog=UNINITIALIZED, conf=conf: {index: -1, cur=peers:[]|listeners:[], old=null} NEW, s8=s8:      NEW      null s8@group-DF8C9DCF2580:t0, leader=null, voted=null, raftlog=UNINITIALIZED, conf=conf: {index: -1, cur=peers:[]|listeners:[], old=null} NEW, s9=s9:      NEW      null s9@group-DF8C9DCF2580:t0, leader=null, voted=null, raftlog=UNINITIALIZED, conf=conf: {index: -1, cur=peers:[]|listeners:[], old=null} NEW, s11=s11:      NEW      null s11@group-DF8C9DCF2580:t0, leader=null, voted=null, raftlog=UNINITIALIZED, conf=conf: {index: -1, cur=peers:[]|listeners:[], old=null} NEW, s10=s10:      NEW      null s10@group-DF8C9DCF2580:t0, leader=null, voted=null, raftlog=UNINITIALIZED, conf=conf: {index: -1, cur=peers:[]|listeners:[], old=null} NEW, s13=s13:      NEW      null s13@group-DF8C9DCF2580:t0, leader=null, voted=null, raftlog=UNINITIALIZED, conf=conf: {index: -1, cur=peers:[]|listeners:[], old=null} NEW, s12=s12:      NEW      null s12@group-DF8C9DCF2580:t0, leader=null, voted=null, raftlog=UNINITIALIZED, conf=conf: {index: -1, cur=peers:[]|listeners:[], old=null} NEW, s14=s14:      NEW      null s14@group-DF8C9DCF2580:t0, leader=null, voted=null, raftlog=UNINITIALIZED, conf=conf: {index: -1, cur=peers:[]|listeners:[], old=null} NEW, s0=s0:      NEW      null s0@group-DF8C9DCF2580:t0, leader=null, voted=null, raftlog=UNINITIALIZED, conf=conf: {index: -1, cur=peers:[]|listeners:[], old=null} NEW, s1=s1:      NEW      null s1@group-DF8C9DCF2580:t0, leader=null, voted=null, raftlog=UNINITIALIZED, conf=conf: {index: -1, cur=peers:[]|listeners:[], old=null} NEW, s2=s2:      NEW      null s2@group-DF8C9DCF2580:t0, leader=null, voted=null, raftlog=UNINITIALIZED, conf=conf: {index: -1, cur=peers:[]|listeners:[], old=null} NEW}
2024-09-10 06:19:46,744 INFO  server.RaftServerConfigKeys (ConfUtils.java:logGet(46)) - raft.server.storage.free-space.min = 0MB (=0) (default)
2024-09-10 06:19:46,744 INFO  server.RaftServerConfigKeys (ConfUtils.java:logGet(46)) - raft.server.log.corruption.policy = EXCEPTION (default)
2024-09-10 06:19:46,744 INFO  server.RaftServerConfigKeys (ConfUtils.java:logGet(46)) - raft.server.storage.dir = [/home/runner/work/ratis/ratis/ratis-examples/target/test/data/f624d035/MiniRaftClusterWithGrpc4aa2bfeb/s3] (custom)
2024-09-10 06:19:46,745 INFO  storage.RaftStorageDirectory (RaftStorageDirectoryImpl.java:analyzeStorage(138)) - The storage directory /home/runner/work/ratis/ratis/ratis-examples/target/test/data/f624d035/MiniRaftClusterWithGrpc4aa2bfeb/s3/b3f0f602-2f65-4943-a3d9-df8c9dcf2580 does not exist. Creating ...
2024-09-10 06:19:46,745 TRACE util.FileUtils (LogUtils.java:runAndLog(49)) - Successfully ran Files.createDirectories /home/runner/work/ratis/ratis/ratis-examples/target/test/data/f624d035/MiniRaftClusterWithGrpc4aa2bfeb/s3/b3f0f602-2f65-4943-a3d9-df8c9dcf2580
2024-09-10 06:19:46,747 INFO  storage.RaftStorageDirectory (RaftStorageDirectoryImpl.java:tryLock(229)) - Lock on /home/runner/work/ratis/ratis/ratis-examples/target/test/data/f624d035/MiniRaftClusterWithGrpc4aa2bfeb/s3/b3f0f602-2f65-4943-a3d9-df8c9dcf2580/in_use.lock acquired by nodename 13550@fv-az691-408
2024-09-10 06:19:46,747 TRACE util.FileUtils (LogUtils.java:runAndLog(49)) - Successfully ran Files.createDirectories /home/runner/work/ratis/ratis/ratis-examples/target/test/data/f624d035/MiniRaftClusterWithGrpc4aa2bfeb/s3/b3f0f602-2f65-4943-a3d9-df8c9dcf2580/current
2024-09-10 06:19:46,747 TRACE util.FileUtils (LogUtils.java:runAndLog(49)) - Successfully ran Files.createDirectories /home/runner/work/ratis/ratis/ratis-examples/target/test/data/f624d035/MiniRaftClusterWithGrpc4aa2bfeb/s3/b3f0f602-2f65-4943-a3d9-df8c9dcf2580/sm
2024-09-10 06:19:46,747 TRACE util.FileUtils (LogUtils.java:supplyAndLog(69)) - Successfully supplied FileChannel.open /home/runner/work/ratis/ratis/ratis-examples/target/test/data/f624d035/MiniRaftClusterWithGrpc4aa2bfeb/s3/b3f0f602-2f65-4943-a3d9-df8c9dcf2580/current/raft-meta.tmp with options [CREATE, WRITE]: sun.nio.ch.FileChannelImpl@5956a53a
2024-09-10 06:19:46,748 TRACE util.FileUtils (LogUtils.java:runAndLog(49)) - Successfully ran Atomic Files.move /home/runner/work/ratis/ratis/ratis-examples/target/test/data/f624d035/MiniRaftClusterWithGrpc4aa2bfeb/s3/b3f0f602-2f65-4943-a3d9-df8c9dcf2580/current/raft-meta.tmp to /home/runner/work/ratis/ratis/ratis-examples/target/test/data/f624d035/MiniRaftClusterWithGrpc4aa2bfeb/s3/b3f0f602-2f65-4943-a3d9-df8c9dcf2580/current/raft-meta with options [REPLACE_EXISTING]
2024-09-10 06:19:46,748 INFO  storage.RaftStorage (RaftStorageImpl.java:format(98)) - Storage directory /home/runner/work/ratis/ratis/ratis-examples/target/test/data/f624d035/MiniRaftClusterWithGrpc4aa2bfeb/s3/b3f0f602-2f65-4943-a3d9-df8c9dcf2580 has been successfully formatted.
2024-09-10 06:19:46,749 WARN  statemachine.StateMachine (ArithmeticStateMachine.java:loadSnapshot(115)) - The snapshot info is null.
2024-09-10 06:19:46,749 INFO  server.RaftServerConfigKeys (ConfUtils.java:logGet(46)) - raft.server.log.use.memory = false (default)
2024-09-10 06:19:46,749 INFO  server.RaftServerConfigKeys (ConfUtils.java:logGet(46)) - raft.server.log.purge.gap = 1024 (default)
2024-09-10 06:19:46,749 INFO  server.RaftServerConfigKeys (ConfUtils.java:logGet(46)) - raft.server.log.appender.buffer.byte-limit = 4MB (=4194304) (default)
2024-09-10 06:19:46,749 INFO  server.RaftServerConfigKeys (ConfUtils.java:logGet(46)) - raft.server.log.statemachine.data.read.timeout = 1000ms (default)
2024-09-10 06:19:46,749 INFO  server.RaftServerConfigKeys (ConfUtils.java:logGet(46)) - raft.server.log.purge.preservation.log.num = 0 (default)
2024-09-10 06:19:46,749 INFO  server.RaftServerConfigKeys (ConfUtils.java:logGet(46)) - raft.server.log.segment.size.max = 32MB (=33554432) (default)
2024-09-10 06:19:46,749 INFO  server.RaftServerConfigKeys (ConfUtils.java:logGet(46)) - raft.server.log.segment.cache.num.max = 6 (default)
2024-09-10 06:19:46,749 INFO  server.RaftServerConfigKeys (ConfUtils.java:logGet(46)) - raft.server.log.segment.cache.size.max = 200MB (=209715200) (default)
2024-09-10 06:19:46,750 INFO  server.RaftServerConfigKeys (ConfUtils.java:logGet(46)) - raft.server.log.appender.buffer.byte-limit = 4MB (=4194304) (default)
2024-09-10 06:19:46,750 INFO  util.AwaitToRun (AwaitToRun.java:start(81)) - Thread[s3@group-DF8C9DCF2580-cacheEviction-AwaitToRun,5,main] started
2024-09-10 06:19:46,750 INFO  segmented.SegmentedRaftLogWorker (SegmentedRaftLogWorker.java:<init>(187)) - new s3@group-DF8C9DCF2580-SegmentedRaftLogWorker for RaftStorageImpl:Storage Directory /home/runner/work/ratis/ratis/ratis-examples/target/test/data/f624d035/MiniRaftClusterWithGrpc4aa2bfeb/s3/b3f0f602-2f65-4943-a3d9-df8c9dcf2580
2024-09-10 06:19:46,750 INFO  server.RaftServerConfigKeys (ConfUtils.java:logGet(46)) - raft.server.log.queue.byte-limit = 64MB (=67108864) (default)
2024-09-10 06:19:46,750 INFO  server.RaftServerConfigKeys (ConfUtils.java:logGet(46)) - raft.server.log.queue.element-limit = 4096 (default)
2024-09-10 06:19:46,750 INFO  server.RaftServerConfigKeys (ConfUtils.java:logGet(46)) - raft.server.log.segment.size.max = 32MB (=33554432) (default)
2024-09-10 06:19:46,750 INFO  server.RaftServerConfigKeys (ConfUtils.java:logGet(46)) - raft.server.log.preallocated.size = 4MB (=4194304) (default)
2024-09-10 06:19:46,750 INFO  server.RaftServerConfigKeys (ConfUtils.java:logGet(46)) - raft.server.log.force.sync.num = 128 (default)
2024-09-10 06:19:46,750 INFO  server.RaftServerConfigKeys (ConfUtils.java:logGet(46)) - raft.server.log.statemachine.data.sync = true (default)
2024-09-10 06:19:46,750 INFO  server.RaftServerConfigKeys (ConfUtils.java:logGet(46)) - raft.server.log.statemachine.data.sync.timeout = 10s (default)
2024-09-10 06:19:46,750 INFO  server.RaftServerConfigKeys (ConfUtils.java:logGet(46)) - raft.server.log.statemachine.data.sync.timeout.retry = -1 (default)
2024-09-10 06:19:46,750 INFO  server.RaftServerConfigKeys (ConfUtils.java:logGet(46)) - raft.server.log.write.buffer.size = 8MB (=8388608) (default)
2024-09-10 06:19:46,752 INFO  server.RaftServerConfigKeys (ConfUtils.java:logGet(46)) - raft.server.log.appender.buffer.byte-limit = 4MB (=4194304) (default)
2024-09-10 06:19:46,752 INFO  server.RaftServerConfigKeys (ConfUtils.java:logGet(46)) - raft.server.log.unsafe-flush.enabled = false (default)
2024-09-10 06:19:46,752 INFO  server.RaftServerConfigKeys (ConfUtils.java:logGet(46)) - raft.server.log.async-flush.enabled = false (default)
2024-09-10 06:19:46,752 INFO  server.RaftServerConfigKeys (ConfUtils.java:logGet(46)) - raft.server.log.statemachine.data.caching.enabled = false (default)
2024-09-10 06:19:46,752 INFO  segmented.SegmentedRaftLogWorker (SegmentedRaftLogWorker.java:lambda$new$0(138)) - s3@group-DF8C9DCF2580-SegmentedRaftLogWorker: flushIndex: setUnconditionally 0 -> -1
2024-09-10 06:19:46,752 INFO  segmented.SegmentedRaftLogWorker (SegmentedRaftLogWorker.java:lambda$new$0(138)) - s3@group-DF8C9DCF2580-SegmentedRaftLogWorker: safeCacheEvictIndex: setUnconditionally 0 -> -1
2024-09-10 06:19:46,752 INFO  server.RaftServer$Division (RaftServerImpl.java:start(397)) - s3@group-DF8C9DCF2580: start with initializing state, conf=conf: {index: -1, cur=peers:[]|listeners:[], old=null}
2024-09-10 06:19:46,752 INFO  server.RaftServer$Division (RaftServerImpl.java:setRole(378)) - s3@group-DF8C9DCF2580: changes role from      null to FOLLOWER at term 0 for start
2024-09-10 06:19:46,753 INFO  util.JmxRegister (JmxRegister.java:tryRegister(44)) - Successfully registered JMX Bean with object name Ratis:service=RaftServer,group=group-DF8C9DCF2580,id=s3
2024-09-10 06:19:46,753 INFO  util.JmxRegister (JmxRegister.java:register(58)) - register mxBean class org.apache.ratis.server.impl.RaftServerJmxAdapter as Ratis:service=RaftServer,group=group-DF8C9DCF2580,id=s3
2024-09-10 06:19:46,753 INFO  server.RaftServerConfigKeys (ConfUtils.java:logGet(46)) - raft.server.snapshot.trigger-when-stop.enabled = true (default)
2024-09-10 06:19:46,753 INFO  server.RaftServerConfigKeys (ConfUtils.java:logGet(46)) - raft.server.snapshot.trigger-when-remove.enabled = true (default)
2024-09-10 06:19:46,753 INFO  server.RaftServerConfigKeys (ConfUtils.java:logGet(46)) - raft.server.snapshot.auto.trigger.enabled = false (default)
2024-09-10 06:19:46,753 INFO  server.RaftServerConfigKeys (ConfUtils.java:logGet(46)) - raft.server.snapshot.retention.file.num = -1 (default)
2024-09-10 06:19:46,753 INFO  server.RaftServerConfigKeys (ConfUtils.java:logGet(46)) - raft.server.log.purge.upto.snapshot.index = false (default)
2024-09-10 06:19:46,753 INFO  server.RaftServer (RaftServerProxy.java:startImpl(408)) - s3: start RPC server
2024-09-10 06:19:46,805 INFO  server.GrpcService (GrpcService.java:startImpl(340)) - s3: GrpcService started, listening on 15003
2024-09-10 06:19:46,805 INFO  util.JvmPauseMonitor (JvmPauseMonitor.java:run(146)) - JvmPauseMonitor-s3: Started
2024-09-10 06:19:46,805 INFO  server.RaftServerConfigKeys (ConfUtils.java:logGet(46)) - raft.server.storage.free-space.min = 0MB (=0) (default)
2024-09-10 06:19:46,805 INFO  server.RaftServerConfigKeys (ConfUtils.java:logGet(46)) - raft.server.log.corruption.policy = EXCEPTION (default)
2024-09-10 06:19:46,805 INFO  server.RaftServerConfigKeys (ConfUtils.java:logGet(46)) - raft.server.storage.dir = [/home/runner/work/ratis/ratis/ratis-examples/target/test/data/f624d035/MiniRaftClusterWithGrpc4aa2bfeb/s4] (custom)
2024-09-10 06:19:46,806 INFO  storage.RaftStorageDirectory (RaftStorageDirectoryImpl.java:analyzeStorage(138)) - The storage directory /home/runner/work/ratis/ratis/ratis-examples/target/test/data/f624d035/MiniRaftClusterWithGrpc4aa2bfeb/s4/b3f0f602-2f65-4943-a3d9-df8c9dcf2580 does not exist. Creating ...
2024-09-10 06:19:46,806 TRACE util.FileUtils (LogUtils.java:runAndLog(49)) - Successfully ran Files.createDirectories /home/runner/work/ratis/ratis/ratis-examples/target/test/data/f624d035/MiniRaftClusterWithGrpc4aa2bfeb/s4/b3f0f602-2f65-4943-a3d9-df8c9dcf2580
2024-09-10 06:19:46,807 INFO  storage.RaftStorageDirectory (RaftStorageDirectoryImpl.java:tryLock(229)) - Lock on /home/runner/work/ratis/ratis/ratis-examples/target/test/data/f624d035/MiniRaftClusterWithGrpc4aa2bfeb/s4/b3f0f602-2f65-4943-a3d9-df8c9dcf2580/in_use.lock acquired by nodename 13550@fv-az691-408
2024-09-10 06:19:46,807 TRACE util.FileUtils (LogUtils.java:runAndLog(49)) - Successfully ran Files.createDirectories /home/runner/work/ratis/ratis/ratis-examples/target/test/data/f624d035/MiniRaftClusterWithGrpc4aa2bfeb/s4/b3f0f602-2f65-4943-a3d9-df8c9dcf2580/current
2024-09-10 06:19:46,807 TRACE util.FileUtils (LogUtils.java:runAndLog(49)) - Successfully ran Files.createDirectories /home/runner/work/ratis/ratis/ratis-examples/target/test/data/f624d035/MiniRaftClusterWithGrpc4aa2bfeb/s4/b3f0f602-2f65-4943-a3d9-df8c9dcf2580/sm
2024-09-10 06:19:46,808 TRACE util.FileUtils (LogUtils.java:supplyAndLog(69)) - Successfully supplied FileChannel.open /home/runner/work/ratis/ratis/ratis-examples/target/test/data/f624d035/MiniRaftClusterWithGrpc4aa2bfeb/s4/b3f0f602-2f65-4943-a3d9-df8c9dcf2580/current/raft-meta.tmp with options [CREATE, WRITE]: sun.nio.ch.FileChannelImpl@28f6124d
2024-09-10 06:19:46,809 TRACE util.FileUtils (LogUtils.java:runAndLog(49)) - Successfully ran Atomic Files.move /home/runner/work/ratis/ratis/ratis-examples/target/test/data/f624d035/MiniRaftClusterWithGrpc4aa2bfeb/s4/b3f0f602-2f65-4943-a3d9-df8c9dcf2580/current/raft-meta.tmp to /home/runner/work/ratis/ratis/ratis-examples/target/test/data/f624d035/MiniRaftClusterWithGrpc4aa2bfeb/s4/b3f0f602-2f65-4943-a3d9-df8c9dcf2580/current/raft-meta with options [REPLACE_EXISTING]
2024-09-10 06:19:46,809 INFO  storage.RaftStorage (RaftStorageImpl.java:format(98)) - Storage directory /home/runner/work/ratis/ratis/ratis-examples/target/test/data/f624d035/MiniRaftClusterWithGrpc4aa2bfeb/s4/b3f0f602-2f65-4943-a3d9-df8c9dcf2580 has been successfully formatted.
2024-09-10 06:19:46,809 WARN  statemachine.StateMachine (ArithmeticStateMachine.java:loadSnapshot(115)) - The snapshot info is null.
2024-09-10 06:19:46,809 INFO  server.RaftServerConfigKeys (ConfUtils.java:logGet(46)) - raft.server.log.use.memory = false (default)
2024-09-10 06:19:46,809 INFO  server.RaftServerConfigKeys (ConfUtils.java:logGet(46)) - raft.server.log.purge.gap = 1024 (default)
2024-09-10 06:19:46,809 INFO  server.RaftServerConfigKeys (ConfUtils.java:logGet(46)) - raft.server.log.appender.buffer.byte-limit = 4MB (=4194304) (default)
2024-09-10 06:19:46,809 INFO  server.RaftServerConfigKeys (ConfUtils.java:logGet(46)) - raft.server.log.statemachine.data.read.timeout = 1000ms (default)
2024-09-10 06:19:46,809 INFO  server.RaftServerConfigKeys (ConfUtils.java:logGet(46)) - raft.server.log.purge.preservation.log.num = 0 (default)
2024-09-10 06:19:46,810 INFO  server.RaftServerConfigKeys (ConfUtils.java:logGet(46)) - raft.server.log.segment.size.max = 32MB (=33554432) (default)
2024-09-10 06:19:46,810 INFO  server.RaftServerConfigKeys (ConfUtils.java:logGet(46)) - raft.server.log.segment.cache.num.max = 6 (default)
2024-09-10 06:19:46,810 INFO  server.RaftServerConfigKeys (ConfUtils.java:logGet(46)) - raft.server.log.segment.cache.size.max = 200MB (=209715200) (default)
2024-09-10 06:19:46,810 INFO  server.RaftServerConfigKeys (ConfUtils.java:logGet(46)) - raft.server.log.appender.buffer.byte-limit = 4MB (=4194304) (default)
2024-09-10 06:19:46,810 INFO  util.AwaitToRun (AwaitToRun.java:start(81)) - Thread[s4@group-DF8C9DCF2580-cacheEviction-AwaitToRun,5,main] started
2024-09-10 06:19:46,810 INFO  segmented.SegmentedRaftLogWorker (SegmentedRaftLogWorker.java:<init>(187)) - new s4@group-DF8C9DCF2580-SegmentedRaftLogWorker for RaftStorageImpl:Storage Directory /home/runner/work/ratis/ratis/ratis-examples/target/test/data/f624d035/MiniRaftClusterWithGrpc4aa2bfeb/s4/b3f0f602-2f65-4943-a3d9-df8c9dcf2580
2024-09-10 06:19:46,810 INFO  server.RaftServerConfigKeys (ConfUtils.java:logGet(46)) - raft.server.log.queue.byte-limit = 64MB (=67108864) (default)
2024-09-10 06:19:46,811 INFO  server.RaftServerConfigKeys (ConfUtils.java:logGet(46)) - raft.server.log.queue.element-limit = 4096 (default)
2024-09-10 06:19:46,811 INFO  server.RaftServerConfigKeys (ConfUtils.java:logGet(46)) - raft.server.log.segment.size.max = 32MB (=33554432) (default)
2024-09-10 06:19:46,811 INFO  server.RaftServerConfigKeys (ConfUtils.java:logGet(46)) - raft.server.log.preallocated.size = 4MB (=4194304) (default)
2024-09-10 06:19:46,811 INFO  server.RaftServerConfigKeys (ConfUtils.java:logGet(46)) - raft.server.log.force.sync.num = 128 (default)
2024-09-10 06:19:46,811 INFO  server.RaftServerConfigKeys (ConfUtils.java:logGet(46)) - raft.server.log.statemachine.data.sync = true (default)
2024-09-10 06:19:46,811 INFO  server.RaftServerConfigKeys (ConfUtils.java:logGet(46)) - raft.server.log.statemachine.data.sync.timeout = 10s (default)
2024-09-10 06:19:46,811 INFO  server.RaftServerConfigKeys (ConfUtils.java:logGet(46)) - raft.server.log.statemachine.data.sync.timeout.retry = -1 (default)
2024-09-10 06:19:46,811 INFO  server.RaftServerConfigKeys (ConfUtils.java:logGet(46)) - raft.server.log.write.buffer.size = 8MB (=8388608) (default)
2024-09-10 06:19:46,813 INFO  server.RaftServerConfigKeys (ConfUtils.java:logGet(46)) - raft.server.log.appender.buffer.byte-limit = 4MB (=4194304) (default)
2024-09-10 06:19:46,813 INFO  server.RaftServerConfigKeys (ConfUtils.java:logGet(46)) - raft.server.log.unsafe-flush.enabled = false (default)
2024-09-10 06:19:46,813 INFO  server.RaftServerConfigKeys (ConfUtils.java:logGet(46)) - raft.server.log.async-flush.enabled = false (default)
2024-09-10 06:19:46,813 INFO  server.RaftServerConfigKeys (ConfUtils.java:logGet(46)) - raft.server.log.statemachine.data.caching.enabled = false (default)
2024-09-10 06:19:46,814 INFO  segmented.SegmentedRaftLogWorker (SegmentedRaftLogWorker.java:lambda$new$0(138)) - s4@group-DF8C9DCF2580-SegmentedRaftLogWorker: flushIndex: setUnconditionally 0 -> -1
2024-09-10 06:19:46,814 INFO  segmented.SegmentedRaftLogWorker (SegmentedRaftLogWorker.java:lambda$new$0(138)) - s4@group-DF8C9DCF2580-SegmentedRaftLogWorker: safeCacheEvictIndex: setUnconditionally 0 -> -1
2024-09-10 06:19:46,814 INFO  server.RaftServer$Division (RaftServerImpl.java:start(397)) - s4@group-DF8C9DCF2580: start with initializing state, conf=conf: {index: -1, cur=peers:[]|listeners:[], old=null}
2024-09-10 06:19:46,814 INFO  server.RaftServer$Division (RaftServerImpl.java:setRole(378)) - s4@group-DF8C9DCF2580: changes role from      null to FOLLOWER at term 0 for start
2024-09-10 06:19:46,814 INFO  util.JmxRegister (JmxRegister.java:tryRegister(44)) - Successfully registered JMX Bean with object name Ratis:service=RaftServer,group=group-DF8C9DCF2580,id=s4
2024-09-10 06:19:46,814 INFO  util.JmxRegister (JmxRegister.java:register(58)) - register mxBean class org.apache.ratis.server.impl.RaftServerJmxAdapter as Ratis:service=RaftServer,group=group-DF8C9DCF2580,id=s4
2024-09-10 06:19:46,814 INFO  server.RaftServerConfigKeys (ConfUtils.java:logGet(46)) - raft.server.snapshot.trigger-when-stop.enabled = true (default)
2024-09-10 06:19:46,814 INFO  server.RaftServerConfigKeys (ConfUtils.java:logGet(46)) - raft.server.snapshot.trigger-when-remove.enabled = true (default)
2024-09-10 06:19:46,814 INFO  server.RaftServerConfigKeys (ConfUtils.java:logGet(46)) - raft.server.snapshot.auto.trigger.enabled = false (default)
2024-09-10 06:19:46,815 INFO  server.RaftServerConfigKeys (ConfUtils.java:logGet(46)) - raft.server.snapshot.retention.file.num = -1 (default)
2024-09-10 06:19:46,815 INFO  server.RaftServerConfigKeys (ConfUtils.java:logGet(46)) - raft.server.log.purge.upto.snapshot.index = false (default)
2024-09-10 06:19:46,815 INFO  server.RaftServer (RaftServerProxy.java:startImpl(408)) - s4: start RPC server
2024-09-10 06:19:46,816 INFO  server.GrpcService (GrpcService.java:startImpl(340)) - s4: GrpcService started, listening on 15004
2024-09-10 06:19:46,817 INFO  server.RaftServerConfigKeys (ConfUtils.java:logGet(46)) - raft.server.storage.free-space.min = 0MB (=0) (default)
2024-09-10 06:19:46,817 INFO  server.RaftServerConfigKeys (ConfUtils.java:logGet(46)) - raft.server.log.corruption.policy = EXCEPTION (default)
2024-09-10 06:19:46,817 INFO  server.RaftServerConfigKeys (ConfUtils.java:logGet(46)) - raft.server.storage.dir = [/home/runner/work/ratis/ratis/ratis-examples/target/test/data/f624d035/MiniRaftClusterWithGrpc4aa2bfeb/s5] (custom)
2024-09-10 06:19:46,817 INFO  storage.RaftStorageDirectory (RaftStorageDirectoryImpl.java:analyzeStorage(138)) - The storage directory /home/runner/work/ratis/ratis/ratis-examples/target/test/data/f624d035/MiniRaftClusterWithGrpc4aa2bfeb/s5/b3f0f602-2f65-4943-a3d9-df8c9dcf2580 does not exist. Creating ...
2024-09-10 06:19:46,818 TRACE util.FileUtils (LogUtils.java:runAndLog(49)) - Successfully ran Files.createDirectories /home/runner/work/ratis/ratis/ratis-examples/target/test/data/f624d035/MiniRaftClusterWithGrpc4aa2bfeb/s5/b3f0f602-2f65-4943-a3d9-df8c9dcf2580
2024-09-10 06:19:46,818 INFO  util.JvmPauseMonitor (JvmPauseMonitor.java:run(146)) - JvmPauseMonitor-s4: Started
2024-09-10 06:19:46,818 INFO  storage.RaftStorageDirectory (RaftStorageDirectoryImpl.java:tryLock(229)) - Lock on /home/runner/work/ratis/ratis/ratis-examples/target/test/data/f624d035/MiniRaftClusterWithGrpc4aa2bfeb/s5/b3f0f602-2f65-4943-a3d9-df8c9dcf2580/in_use.lock acquired by nodename 13550@fv-az691-408
2024-09-10 06:19:46,819 TRACE util.FileUtils (LogUtils.java:runAndLog(49)) - Successfully ran Files.createDirectories /home/runner/work/ratis/ratis/ratis-examples/target/test/data/f624d035/MiniRaftClusterWithGrpc4aa2bfeb/s5/b3f0f602-2f65-4943-a3d9-df8c9dcf2580/current
2024-09-10 06:19:46,819 TRACE util.FileUtils (LogUtils.java:runAndLog(49)) - Successfully ran Files.createDirectories /home/runner/work/ratis/ratis/ratis-examples/target/test/data/f624d035/MiniRaftClusterWithGrpc4aa2bfeb/s5/b3f0f602-2f65-4943-a3d9-df8c9dcf2580/sm
2024-09-10 06:19:46,819 TRACE util.FileUtils (LogUtils.java:supplyAndLog(69)) - Successfully supplied FileChannel.open /home/runner/work/ratis/ratis/ratis-examples/target/test/data/f624d035/MiniRaftClusterWithGrpc4aa2bfeb/s5/b3f0f602-2f65-4943-a3d9-df8c9dcf2580/current/raft-meta.tmp with options [CREATE, WRITE]: sun.nio.ch.FileChannelImpl@47f31812
2024-09-10 06:19:46,820 TRACE util.FileUtils (LogUtils.java:runAndLog(49)) - Successfully ran Atomic Files.move /home/runner/work/ratis/ratis/ratis-examples/target/test/data/f624d035/MiniRaftClusterWithGrpc4aa2bfeb/s5/b3f0f602-2f65-4943-a3d9-df8c9dcf2580/current/raft-meta.tmp to /home/runner/work/ratis/ratis/ratis-examples/target/test/data/f624d035/MiniRaftClusterWithGrpc4aa2bfeb/s5/b3f0f602-2f65-4943-a3d9-df8c9dcf2580/current/raft-meta with options [REPLACE_EXISTING]
2024-09-10 06:19:46,820 INFO  storage.RaftStorage (RaftStorageImpl.java:format(98)) - Storage directory /home/runner/work/ratis/ratis/ratis-examples/target/test/data/f624d035/MiniRaftClusterWithGrpc4aa2bfeb/s5/b3f0f602-2f65-4943-a3d9-df8c9dcf2580 has been successfully formatted.
2024-09-10 06:19:46,820 WARN  statemachine.StateMachine (ArithmeticStateMachine.java:loadSnapshot(115)) - The snapshot info is null.
2024-09-10 06:19:46,820 INFO  server.RaftServerConfigKeys (ConfUtils.java:logGet(46)) - raft.server.log.use.memory = false (default)
2024-09-10 06:19:46,820 INFO  server.RaftServerConfigKeys (ConfUtils.java:logGet(46)) - raft.server.log.purge.gap = 1024 (default)
2024-09-10 06:19:46,820 INFO  server.RaftServerConfigKeys (ConfUtils.java:logGet(46)) - raft.server.log.appender.buffer.byte-limit = 4MB (=4194304) (default)
2024-09-10 06:19:46,821 INFO  server.RaftServerConfigKeys (ConfUtils.java:logGet(46)) - raft.server.log.statemachine.data.read.timeout = 1000ms (default)
2024-09-10 06:19:46,821 INFO  server.RaftServerConfigKeys (ConfUtils.java:logGet(46)) - raft.server.log.purge.preservation.log.num = 0 (default)
2024-09-10 06:19:46,821 INFO  server.RaftServerConfigKeys (ConfUtils.java:logGet(46)) - raft.server.log.segment.size.max = 32MB (=33554432) (default)
2024-09-10 06:19:46,821 INFO  server.RaftServerConfigKeys (ConfUtils.java:logGet(46)) - raft.server.log.segment.cache.num.max = 6 (default)
2024-09-10 06:19:46,821 INFO  server.RaftServerConfigKeys (ConfUtils.java:logGet(46)) - raft.server.log.segment.cache.size.max = 200MB (=209715200) (default)
2024-09-10 06:19:46,821 INFO  server.RaftServerConfigKeys (ConfUtils.java:logGet(46)) - raft.server.log.appender.buffer.byte-limit = 4MB (=4194304) (default)
2024-09-10 06:19:46,821 INFO  util.AwaitToRun (AwaitToRun.java:start(81)) - Thread[s5@group-DF8C9DCF2580-cacheEviction-AwaitToRun,5,main] started
2024-09-10 06:19:46,821 INFO  segmented.SegmentedRaftLogWorker (SegmentedRaftLogWorker.java:<init>(187)) - new s5@group-DF8C9DCF2580-SegmentedRaftLogWorker for RaftStorageImpl:Storage Directory /home/runner/work/ratis/ratis/ratis-examples/target/test/data/f624d035/MiniRaftClusterWithGrpc4aa2bfeb/s5/b3f0f602-2f65-4943-a3d9-df8c9dcf2580
2024-09-10 06:19:46,821 INFO  server.RaftServerConfigKeys (ConfUtils.java:logGet(46)) - raft.server.log.queue.byte-limit = 64MB (=67108864) (default)
2024-09-10 06:19:46,821 INFO  server.RaftServerConfigKeys (ConfUtils.java:logGet(46)) - raft.server.log.queue.element-limit = 4096 (default)
2024-09-10 06:19:46,822 INFO  server.RaftServerConfigKeys (ConfUtils.java:logGet(46)) - raft.server.log.segment.size.max = 32MB (=33554432) (default)
2024-09-10 06:19:46,822 INFO  server.RaftServerConfigKeys (ConfUtils.java:logGet(46)) - raft.server.log.preallocated.size = 4MB (=4194304) (default)
2024-09-10 06:19:46,822 INFO  server.RaftServerConfigKeys (ConfUtils.java:logGet(46)) - raft.server.log.force.sync.num = 128 (default)
2024-09-10 06:19:46,822 INFO  server.RaftServerConfigKeys (ConfUtils.java:logGet(46)) - raft.server.log.statemachine.data.sync = true (default)
2024-09-10 06:19:46,822 INFO  server.RaftServerConfigKeys (ConfUtils.java:logGet(46)) - raft.server.log.statemachine.data.sync.timeout = 10s (default)
2024-09-10 06:19:46,822 INFO  server.RaftServerConfigKeys (ConfUtils.java:logGet(46)) - raft.server.log.statemachine.data.sync.timeout.retry = -1 (default)
2024-09-10 06:19:46,822 INFO  server.RaftServerConfigKeys (ConfUtils.java:logGet(46)) - raft.server.log.write.buffer.size = 8MB (=8388608) (default)
2024-09-10 06:19:46,823 INFO  server.RaftServerConfigKeys (ConfUtils.java:logGet(46)) - raft.server.log.appender.buffer.byte-limit = 4MB (=4194304) (default)
2024-09-10 06:19:46,823 INFO  server.RaftServerConfigKeys (ConfUtils.java:logGet(46)) - raft.server.log.unsafe-flush.enabled = false (default)
2024-09-10 06:19:46,823 INFO  server.RaftServerConfigKeys (ConfUtils.java:logGet(46)) - raft.server.log.async-flush.enabled = false (default)
2024-09-10 06:19:46,823 INFO  server.RaftServerConfigKeys (ConfUtils.java:logGet(46)) - raft.server.log.statemachine.data.caching.enabled = false (default)
2024-09-10 06:19:46,823 INFO  segmented.SegmentedRaftLogWorker (SegmentedRaftLogWorker.java:lambda$new$0(138)) - s5@group-DF8C9DCF2580-SegmentedRaftLogWorker: flushIndex: setUnconditionally 0 -> -1
2024-09-10 06:19:46,823 INFO  segmented.SegmentedRaftLogWorker (SegmentedRaftLogWorker.java:lambda$new$0(138)) - s5@group-DF8C9DCF2580-SegmentedRaftLogWorker: safeCacheEvictIndex: setUnconditionally 0 -> -1
2024-09-10 06:19:46,823 INFO  server.RaftServer$Division (RaftServerImpl.java:start(397)) - s5@group-DF8C9DCF2580: start with initializing state, conf=conf: {index: -1, cur=peers:[]|listeners:[], old=null}
2024-09-10 06:19:46,823 INFO  server.RaftServer$Division (RaftServerImpl.java:setRole(378)) - s5@group-DF8C9DCF2580: changes role from      null to FOLLOWER at term 0 for start
2024-09-10 06:19:46,823 INFO  util.JmxRegister (JmxRegister.java:tryRegister(44)) - Successfully registered JMX Bean with object name Ratis:service=RaftServer,group=group-DF8C9DCF2580,id=s5
2024-09-10 06:19:46,823 INFO  util.JmxRegister (JmxRegister.java:register(58)) - register mxBean class org.apache.ratis.server.impl.RaftServerJmxAdapter as Ratis:service=RaftServer,group=group-DF8C9DCF2580,id=s5
2024-09-10 06:19:46,823 INFO  server.RaftServerConfigKeys (ConfUtils.java:logGet(46)) - raft.server.snapshot.trigger-when-stop.enabled = true (default)
2024-09-10 06:19:46,823 INFO  server.RaftServerConfigKeys (ConfUtils.java:logGet(46)) - raft.server.snapshot.trigger-when-remove.enabled = true (default)
2024-09-10 06:19:46,824 INFO  server.RaftServerConfigKeys (ConfUtils.java:logGet(46)) - raft.server.snapshot.auto.trigger.enabled = false (default)
2024-09-10 06:19:46,824 INFO  server.RaftServerConfigKeys (ConfUtils.java:logGet(46)) - raft.server.snapshot.retention.file.num = -1 (default)
2024-09-10 06:19:46,824 INFO  server.RaftServerConfigKeys (ConfUtils.java:logGet(46)) - raft.server.log.purge.upto.snapshot.index = false (default)
2024-09-10 06:19:46,824 INFO  server.RaftServer (RaftServerProxy.java:startImpl(408)) - s5: start RPC server
2024-09-10 06:19:46,825 INFO  server.GrpcService (GrpcService.java:startImpl(340)) - s5: GrpcService started, listening on 15005
2024-09-10 06:19:46,826 INFO  server.RaftServerConfigKeys (ConfUtils.java:logGet(46)) - raft.server.storage.free-space.min = 0MB (=0) (default)
2024-09-10 06:19:46,826 INFO  server.RaftServerConfigKeys (ConfUtils.java:logGet(46)) - raft.server.log.corruption.policy = EXCEPTION (default)
2024-09-10 06:19:46,826 INFO  server.RaftServerConfigKeys (ConfUtils.java:logGet(46)) - raft.server.storage.dir = [/home/runner/work/ratis/ratis/ratis-examples/target/test/data/f624d035/MiniRaftClusterWithGrpc4aa2bfeb/s6] (custom)
2024-09-10 06:19:46,826 INFO  storage.RaftStorageDirectory (RaftStorageDirectoryImpl.java:analyzeStorage(138)) - The storage directory /home/runner/work/ratis/ratis/ratis-examples/target/test/data/f624d035/MiniRaftClusterWithGrpc4aa2bfeb/s6/b3f0f602-2f65-4943-a3d9-df8c9dcf2580 does not exist. Creating ...
2024-09-10 06:19:46,826 TRACE util.FileUtils (LogUtils.java:runAndLog(49)) - Successfully ran Files.createDirectories /home/runner/work/ratis/ratis/ratis-examples/target/test/data/f624d035/MiniRaftClusterWithGrpc4aa2bfeb/s6/b3f0f602-2f65-4943-a3d9-df8c9dcf2580
2024-09-10 06:19:46,826 INFO  util.JvmPauseMonitor (JvmPauseMonitor.java:run(146)) - JvmPauseMonitor-s5: Started
2024-09-10 06:19:46,827 INFO  storage.RaftStorageDirectory (RaftStorageDirectoryImpl.java:tryLock(229)) - Lock on /home/runner/work/ratis/ratis/ratis-examples/target/test/data/f624d035/MiniRaftClusterWithGrpc4aa2bfeb/s6/b3f0f602-2f65-4943-a3d9-df8c9dcf2580/in_use.lock acquired by nodename 13550@fv-az691-408
2024-09-10 06:19:46,827 TRACE util.FileUtils (LogUtils.java:runAndLog(49)) - Successfully ran Files.createDirectories /home/runner/work/ratis/ratis/ratis-examples/target/test/data/f624d035/MiniRaftClusterWithGrpc4aa2bfeb/s6/b3f0f602-2f65-4943-a3d9-df8c9dcf2580/current
2024-09-10 06:19:46,828 TRACE util.FileUtils (LogUtils.java:runAndLog(49)) - Successfully ran Files.createDirectories /home/runner/work/ratis/ratis/ratis-examples/target/test/data/f624d035/MiniRaftClusterWithGrpc4aa2bfeb/s6/b3f0f602-2f65-4943-a3d9-df8c9dcf2580/sm
2024-09-10 06:19:46,828 TRACE util.FileUtils (LogUtils.java:supplyAndLog(69)) - Successfully supplied FileChannel.open /home/runner/work/ratis/ratis/ratis-examples/target/test/data/f624d035/MiniRaftClusterWithGrpc4aa2bfeb/s6/b3f0f602-2f65-4943-a3d9-df8c9dcf2580/current/raft-meta.tmp with options [CREATE, WRITE]: sun.nio.ch.FileChannelImpl@49308901
2024-09-10 06:19:46,829 TRACE util.FileUtils (LogUtils.java:runAndLog(49)) - Successfully ran Atomic Files.move /home/runner/work/ratis/ratis/ratis-examples/target/test/data/f624d035/MiniRaftClusterWithGrpc4aa2bfeb/s6/b3f0f602-2f65-4943-a3d9-df8c9dcf2580/current/raft-meta.tmp to /home/runner/work/ratis/ratis/ratis-examples/target/test/data/f624d035/MiniRaftClusterWithGrpc4aa2bfeb/s6/b3f0f602-2f65-4943-a3d9-df8c9dcf2580/current/raft-meta with options [REPLACE_EXISTING]
2024-09-10 06:19:46,829 INFO  storage.RaftStorage (RaftStorageImpl.java:format(98)) - Storage directory /home/runner/work/ratis/ratis/ratis-examples/target/test/data/f624d035/MiniRaftClusterWithGrpc4aa2bfeb/s6/b3f0f602-2f65-4943-a3d9-df8c9dcf2580 has been successfully formatted.
2024-09-10 06:19:46,829 WARN  statemachine.StateMachine (ArithmeticStateMachine.java:loadSnapshot(115)) - The snapshot info is null.
2024-09-10 06:19:46,829 INFO  server.RaftServerConfigKeys (ConfUtils.java:logGet(46)) - raft.server.log.use.memory = false (default)
2024-09-10 06:19:46,830 INFO  server.RaftServerConfigKeys (ConfUtils.java:logGet(46)) - raft.server.log.purge.gap = 1024 (default)
2024-09-10 06:19:46,830 INFO  server.RaftServerConfigKeys (ConfUtils.java:logGet(46)) - raft.server.log.appender.buffer.byte-limit = 4MB (=4194304) (default)
2024-09-10 06:19:46,830 INFO  server.RaftServerConfigKeys (ConfUtils.java:logGet(46)) - raft.server.log.statemachine.data.read.timeout = 1000ms (default)
2024-09-10 06:19:46,830 INFO  server.RaftServerConfigKeys (ConfUtils.java:logGet(46)) - raft.server.log.purge.preservation.log.num = 0 (default)
2024-09-10 06:19:46,830 INFO  server.RaftServerConfigKeys (ConfUtils.java:logGet(46)) - raft.server.log.segment.size.max = 32MB (=33554432) (default)
2024-09-10 06:19:46,830 INFO  server.RaftServerConfigKeys (ConfUtils.java:logGet(46)) - raft.server.log.segment.cache.num.max = 6 (default)
2024-09-10 06:19:46,830 INFO  server.RaftServerConfigKeys (ConfUtils.java:logGet(46)) - raft.server.log.segment.cache.size.max = 200MB (=209715200) (default)
2024-09-10 06:19:46,830 INFO  server.RaftServerConfigKeys (ConfUtils.java:logGet(46)) - raft.server.log.appender.buffer.byte-limit = 4MB (=4194304) (default)
2024-09-10 06:19:46,830 INFO  util.AwaitToRun (AwaitToRun.java:start(81)) - Thread[s6@group-DF8C9DCF2580-cacheEviction-AwaitToRun,5,main] started
2024-09-10 06:19:46,831 INFO  segmented.SegmentedRaftLogWorker (SegmentedRaftLogWorker.java:<init>(187)) - new s6@group-DF8C9DCF2580-SegmentedRaftLogWorker for RaftStorageImpl:Storage Directory /home/runner/work/ratis/ratis/ratis-examples/target/test/data/f624d035/MiniRaftClusterWithGrpc4aa2bfeb/s6/b3f0f602-2f65-4943-a3d9-df8c9dcf2580
2024-09-10 06:19:46,831 INFO  server.RaftServerConfigKeys (ConfUtils.java:logGet(46)) - raft.server.log.queue.byte-limit = 64MB (=67108864) (default)
2024-09-10 06:19:46,831 INFO  server.RaftServerConfigKeys (ConfUtils.java:logGet(46)) - raft.server.log.queue.element-limit = 4096 (default)
2024-09-10 06:19:46,831 INFO  server.RaftServerConfigKeys (ConfUtils.java:logGet(46)) - raft.server.log.segment.size.max = 32MB (=33554432) (default)
2024-09-10 06:19:46,831 INFO  server.RaftServerConfigKeys (ConfUtils.java:logGet(46)) - raft.server.log.preallocated.size = 4MB (=4194304) (default)
2024-09-10 06:19:46,831 INFO  server.RaftServerConfigKeys (ConfUtils.java:logGet(46)) - raft.server.log.force.sync.num = 128 (default)
2024-09-10 06:19:46,831 INFO  server.RaftServerConfigKeys (ConfUtils.java:logGet(46)) - raft.server.log.statemachine.data.sync = true (default)
2024-09-10 06:19:46,832 INFO  server.RaftServerConfigKeys (ConfUtils.java:logGet(46)) - raft.server.log.statemachine.data.sync.timeout = 10s (default)
2024-09-10 06:19:46,832 INFO  server.RaftServerConfigKeys (ConfUtils.java:logGet(46)) - raft.server.log.statemachine.data.sync.timeout.retry = -1 (default)
2024-09-10 06:19:46,832 INFO  server.RaftServerConfigKeys (ConfUtils.java:logGet(46)) - raft.server.log.write.buffer.size = 8MB (=8388608) (default)
2024-09-10 06:19:46,834 INFO  server.RaftServerConfigKeys (ConfUtils.java:logGet(46)) - raft.server.log.appender.buffer.byte-limit = 4MB (=4194304) (default)
2024-09-10 06:19:46,834 INFO  server.RaftServerConfigKeys (ConfUtils.java:logGet(46)) - raft.server.log.unsafe-flush.enabled = false (default)
2024-09-10 06:19:46,834 INFO  server.RaftServerConfigKeys (ConfUtils.java:logGet(46)) - raft.server.log.async-flush.enabled = false (default)
2024-09-10 06:19:46,834 INFO  server.RaftServerConfigKeys (ConfUtils.java:logGet(46)) - raft.server.log.statemachine.data.caching.enabled = false (default)
2024-09-10 06:19:46,834 INFO  segmented.SegmentedRaftLogWorker (SegmentedRaftLogWorker.java:lambda$new$0(138)) - s6@group-DF8C9DCF2580-SegmentedRaftLogWorker: flushIndex: setUnconditionally 0 -> -1
2024-09-10 06:19:46,834 INFO  segmented.SegmentedRaftLogWorker (SegmentedRaftLogWorker.java:lambda$new$0(138)) - s6@group-DF8C9DCF2580-SegmentedRaftLogWorker: safeCacheEvictIndex: setUnconditionally 0 -> -1
2024-09-10 06:19:46,834 INFO  server.RaftServer$Division (RaftServerImpl.java:start(397)) - s6@group-DF8C9DCF2580: start with initializing state, conf=conf: {index: -1, cur=peers:[]|listeners:[], old=null}
2024-09-10 06:19:46,834 INFO  server.RaftServer$Division (RaftServerImpl.java:setRole(378)) - s6@group-DF8C9DCF2580: changes role from      null to FOLLOWER at term 0 for start
2024-09-10 06:19:46,835 INFO  util.JmxRegister (JmxRegister.java:tryRegister(44)) - Successfully registered JMX Bean with object name Ratis:service=RaftServer,group=group-DF8C9DCF2580,id=s6
2024-09-10 06:19:46,835 INFO  util.JmxRegister (JmxRegister.java:register(58)) - register mxBean class org.apache.ratis.server.impl.RaftServerJmxAdapter as Ratis:service=RaftServer,group=group-DF8C9DCF2580,id=s6
2024-09-10 06:19:46,835 INFO  server.RaftServerConfigKeys (ConfUtils.java:logGet(46)) - raft.server.snapshot.trigger-when-stop.enabled = true (default)
2024-09-10 06:19:46,835 INFO  server.RaftServerConfigKeys (ConfUtils.java:logGet(46)) - raft.server.snapshot.trigger-when-remove.enabled = true (default)
2024-09-10 06:19:46,835 INFO  server.RaftServerConfigKeys (ConfUtils.java:logGet(46)) - raft.server.snapshot.auto.trigger.enabled = false (default)
2024-09-10 06:19:46,836 INFO  server.RaftServerConfigKeys (ConfUtils.java:logGet(46)) - raft.server.snapshot.retention.file.num = -1 (default)
2024-09-10 06:19:46,836 INFO  server.RaftServerConfigKeys (ConfUtils.java:logGet(46)) - raft.server.log.purge.upto.snapshot.index = false (default)
2024-09-10 06:19:46,836 INFO  server.RaftServer (RaftServerProxy.java:startImpl(408)) - s6: start RPC server
2024-09-10 06:19:46,840 INFO  server.GrpcService (GrpcService.java:startImpl(340)) - s6: GrpcService started, listening on 15006
2024-09-10 06:19:46,840 INFO  util.JvmPauseMonitor (JvmPauseMonitor.java:run(146)) - JvmPauseMonitor-s6: Started
2024-09-10 06:19:46,840 INFO  server.RaftServerConfigKeys (ConfUtils.java:logGet(46)) - raft.server.storage.free-space.min = 0MB (=0) (default)
2024-09-10 06:19:46,841 INFO  server.RaftServerConfigKeys (ConfUtils.java:logGet(46)) - raft.server.log.corruption.policy = EXCEPTION (default)
2024-09-10 06:19:46,841 INFO  server.RaftServerConfigKeys (ConfUtils.java:logGet(46)) - raft.server.storage.dir = [/home/runner/work/ratis/ratis/ratis-examples/target/test/data/f624d035/MiniRaftClusterWithGrpc4aa2bfeb/s7] (custom)
2024-09-10 06:19:46,841 INFO  storage.RaftStorageDirectory (RaftStorageDirectoryImpl.java:analyzeStorage(138)) - The storage directory /home/runner/work/ratis/ratis/ratis-examples/target/test/data/f624d035/MiniRaftClusterWithGrpc4aa2bfeb/s7/b3f0f602-2f65-4943-a3d9-df8c9dcf2580 does not exist. Creating ...
2024-09-10 06:19:46,841 TRACE util.FileUtils (LogUtils.java:runAndLog(49)) - Successfully ran Files.createDirectories /home/runner/work/ratis/ratis/ratis-examples/target/test/data/f624d035/MiniRaftClusterWithGrpc4aa2bfeb/s7/b3f0f602-2f65-4943-a3d9-df8c9dcf2580
2024-09-10 06:19:46,843 INFO  storage.RaftStorageDirectory (RaftStorageDirectoryImpl.java:tryLock(229)) - Lock on /home/runner/work/ratis/ratis/ratis-examples/target/test/data/f624d035/MiniRaftClusterWithGrpc4aa2bfeb/s7/b3f0f602-2f65-4943-a3d9-df8c9dcf2580/in_use.lock acquired by nodename 13550@fv-az691-408
2024-09-10 06:19:46,843 TRACE util.FileUtils (LogUtils.java:runAndLog(49)) - Successfully ran Files.createDirectories /home/runner/work/ratis/ratis/ratis-examples/target/test/data/f624d035/MiniRaftClusterWithGrpc4aa2bfeb/s7/b3f0f602-2f65-4943-a3d9-df8c9dcf2580/current
2024-09-10 06:19:46,843 TRACE util.FileUtils (LogUtils.java:runAndLog(49)) - Successfully ran Files.createDirectories /home/runner/work/ratis/ratis/ratis-examples/target/test/data/f624d035/MiniRaftClusterWithGrpc4aa2bfeb/s7/b3f0f602-2f65-4943-a3d9-df8c9dcf2580/sm
2024-09-10 06:19:46,843 TRACE util.FileUtils (LogUtils.java:supplyAndLog(69)) - Successfully supplied FileChannel.open /home/runner/work/ratis/ratis/ratis-examples/target/test/data/f624d035/MiniRaftClusterWithGrpc4aa2bfeb/s7/b3f0f602-2f65-4943-a3d9-df8c9dcf2580/current/raft-meta.tmp with options [CREATE, WRITE]: sun.nio.ch.FileChannelImpl@7bbcda84
2024-09-10 06:19:46,845 TRACE util.FileUtils (LogUtils.java:runAndLog(49)) - Successfully ran Atomic Files.move /home/runner/work/ratis/ratis/ratis-examples/target/test/data/f624d035/MiniRaftClusterWithGrpc4aa2bfeb/s7/b3f0f602-2f65-4943-a3d9-df8c9dcf2580/current/raft-meta.tmp to /home/runner/work/ratis/ratis/ratis-examples/target/test/data/f624d035/MiniRaftClusterWithGrpc4aa2bfeb/s7/b3f0f602-2f65-4943-a3d9-df8c9dcf2580/current/raft-meta with options [REPLACE_EXISTING]
2024-09-10 06:19:46,845 INFO  storage.RaftStorage (RaftStorageImpl.java:format(98)) - Storage directory /home/runner/work/ratis/ratis/ratis-examples/target/test/data/f624d035/MiniRaftClusterWithGrpc4aa2bfeb/s7/b3f0f602-2f65-4943-a3d9-df8c9dcf2580 has been successfully formatted.
2024-09-10 06:19:46,845 WARN  statemachine.StateMachine (ArithmeticStateMachine.java:loadSnapshot(115)) - The snapshot info is null.
2024-09-10 06:19:46,845 INFO  server.RaftServerConfigKeys (ConfUtils.java:logGet(46)) - raft.server.log.use.memory = false (default)
2024-09-10 06:19:46,845 INFO  server.RaftServerConfigKeys (ConfUtils.java:logGet(46)) - raft.server.log.purge.gap = 1024 (default)
2024-09-10 06:19:46,845 INFO  server.RaftServerConfigKeys (ConfUtils.java:logGet(46)) - raft.server.log.appender.buffer.byte-limit = 4MB (=4194304) (default)
2024-09-10 06:19:46,845 INFO  server.RaftServerConfigKeys (ConfUtils.java:logGet(46)) - raft.server.log.statemachine.data.read.timeout = 1000ms (default)
2024-09-10 06:19:46,845 INFO  server.RaftServerConfigKeys (ConfUtils.java:logGet(46)) - raft.server.log.purge.preservation.log.num = 0 (default)
2024-09-10 06:19:46,845 INFO  server.RaftServerConfigKeys (ConfUtils.java:logGet(46)) - raft.server.log.segment.size.max = 32MB (=33554432) (default)
2024-09-10 06:19:46,845 INFO  server.RaftServerConfigKeys (ConfUtils.java:logGet(46)) - raft.server.log.segment.cache.num.max = 6 (default)
2024-09-10 06:19:46,846 INFO  server.RaftServerConfigKeys (ConfUtils.java:logGet(46)) - raft.server.log.segment.cache.size.max = 200MB (=209715200) (default)
2024-09-10 06:19:46,846 INFO  server.RaftServerConfigKeys (ConfUtils.java:logGet(46)) - raft.server.log.appender.buffer.byte-limit = 4MB (=4194304) (default)
2024-09-10 06:19:46,846 INFO  util.AwaitToRun (AwaitToRun.java:start(81)) - Thread[s7@group-DF8C9DCF2580-cacheEviction-AwaitToRun,5,main] started
2024-09-10 06:19:46,846 INFO  segmented.SegmentedRaftLogWorker (SegmentedRaftLogWorker.java:<init>(187)) - new s7@group-DF8C9DCF2580-SegmentedRaftLogWorker for RaftStorageImpl:Storage Directory /home/runner/work/ratis/ratis/ratis-examples/target/test/data/f624d035/MiniRaftClusterWithGrpc4aa2bfeb/s7/b3f0f602-2f65-4943-a3d9-df8c9dcf2580
2024-09-10 06:19:46,846 INFO  server.RaftServerConfigKeys (ConfUtils.java:logGet(46)) - raft.server.log.queue.byte-limit = 64MB (=67108864) (default)
2024-09-10 06:19:46,846 INFO  server.RaftServerConfigKeys (ConfUtils.java:logGet(46)) - raft.server.log.queue.element-limit = 4096 (default)
2024-09-10 06:19:46,846 INFO  server.RaftServerConfigKeys (ConfUtils.java:logGet(46)) - raft.server.log.segment.size.max = 32MB (=33554432) (default)
2024-09-10 06:19:46,846 INFO  server.RaftServerConfigKeys (ConfUtils.java:logGet(46)) - raft.server.log.preallocated.size = 4MB (=4194304) (default)
2024-09-10 06:19:46,846 INFO  server.RaftServerConfigKeys (ConfUtils.java:logGet(46)) - raft.server.log.force.sync.num = 128 (default)
2024-09-10 06:19:46,846 INFO  server.RaftServerConfigKeys (ConfUtils.java:logGet(46)) - raft.server.log.statemachine.data.sync = true (default)
2024-09-10 06:19:46,846 INFO  server.RaftServerConfigKeys (ConfUtils.java:logGet(46)) - raft.server.log.statemachine.data.sync.timeout = 10s (default)
2024-09-10 06:19:46,846 INFO  server.RaftServerConfigKeys (ConfUtils.java:logGet(46)) - raft.server.log.statemachine.data.sync.timeout.retry = -1 (default)
2024-09-10 06:19:46,846 INFO  server.RaftServerConfigKeys (ConfUtils.java:logGet(46)) - raft.server.log.write.buffer.size = 8MB (=8388608) (default)
2024-09-10 06:19:46,848 INFO  server.RaftServerConfigKeys (ConfUtils.java:logGet(46)) - raft.server.log.appender.buffer.byte-limit = 4MB (=4194304) (default)
2024-09-10 06:19:46,848 INFO  server.RaftServerConfigKeys (ConfUtils.java:logGet(46)) - raft.server.log.unsafe-flush.enabled = false (default)
2024-09-10 06:19:46,849 INFO  server.RaftServerConfigKeys (ConfUtils.java:logGet(46)) - raft.server.log.async-flush.enabled = false (default)
2024-09-10 06:19:46,849 INFO  server.RaftServerConfigKeys (ConfUtils.java:logGet(46)) - raft.server.log.statemachine.data.caching.enabled = false (default)
2024-09-10 06:19:46,849 INFO  segmented.SegmentedRaftLogWorker (SegmentedRaftLogWorker.java:lambda$new$0(138)) - s7@group-DF8C9DCF2580-SegmentedRaftLogWorker: flushIndex: setUnconditionally 0 -> -1
2024-09-10 06:19:46,849 INFO  segmented.SegmentedRaftLogWorker (SegmentedRaftLogWorker.java:lambda$new$0(138)) - s7@group-DF8C9DCF2580-SegmentedRaftLogWorker: safeCacheEvictIndex: setUnconditionally 0 -> -1
2024-09-10 06:19:46,849 INFO  server.RaftServer$Division (RaftServerImpl.java:start(397)) - s7@group-DF8C9DCF2580: start with initializing state, conf=conf: {index: -1, cur=peers:[]|listeners:[], old=null}
2024-09-10 06:19:46,849 INFO  server.RaftServer$Division (RaftServerImpl.java:setRole(378)) - s7@group-DF8C9DCF2580: changes role from      null to FOLLOWER at term 0 for start
2024-09-10 06:19:46,849 INFO  util.JmxRegister (JmxRegister.java:tryRegister(44)) - Successfully registered JMX Bean with object name Ratis:service=RaftServer,group=group-DF8C9DCF2580,id=s7
2024-09-10 06:19:46,849 INFO  util.JmxRegister (JmxRegister.java:register(58)) - register mxBean class org.apache.ratis.server.impl.RaftServerJmxAdapter as Ratis:service=RaftServer,group=group-DF8C9DCF2580,id=s7
2024-09-10 06:19:46,849 INFO  server.RaftServerConfigKeys (ConfUtils.java:logGet(46)) - raft.server.snapshot.trigger-when-stop.enabled = true (default)
2024-09-10 06:19:46,849 INFO  server.RaftServerConfigKeys (ConfUtils.java:logGet(46)) - raft.server.snapshot.trigger-when-remove.enabled = true (default)
2024-09-10 06:19:46,850 INFO  server.RaftServerConfigKeys (ConfUtils.java:logGet(46)) - raft.server.snapshot.auto.trigger.enabled = false (default)
2024-09-10 06:19:46,850 INFO  server.RaftServerConfigKeys (ConfUtils.java:logGet(46)) - raft.server.snapshot.retention.file.num = -1 (default)
2024-09-10 06:19:46,850 INFO  server.RaftServerConfigKeys (ConfUtils.java:logGet(46)) - raft.server.log.purge.upto.snapshot.index = false (default)
2024-09-10 06:19:46,850 INFO  server.RaftServer (RaftServerProxy.java:startImpl(408)) - s7: start RPC server
2024-09-10 06:19:46,852 INFO  server.GrpcService (GrpcService.java:startImpl(340)) - s7: GrpcService started, listening on 15007
2024-09-10 06:19:46,853 INFO  util.JvmPauseMonitor (JvmPauseMonitor.java:run(146)) - JvmPauseMonitor-s7: Started
2024-09-10 06:19:46,853 INFO  server.RaftServerConfigKeys (ConfUtils.java:logGet(46)) - raft.server.storage.free-space.min = 0MB (=0) (default)
2024-09-10 06:19:46,853 INFO  server.RaftServerConfigKeys (ConfUtils.java:logGet(46)) - raft.server.log.corruption.policy = EXCEPTION (default)
2024-09-10 06:19:46,853 INFO  server.RaftServerConfigKeys (ConfUtils.java:logGet(46)) - raft.server.storage.dir = [/home/runner/work/ratis/ratis/ratis-examples/target/test/data/f624d035/MiniRaftClusterWithGrpc4aa2bfeb/s8] (custom)
2024-09-10 06:19:46,853 INFO  storage.RaftStorageDirectory (RaftStorageDirectoryImpl.java:analyzeStorage(138)) - The storage directory /home/runner/work/ratis/ratis/ratis-examples/target/test/data/f624d035/MiniRaftClusterWithGrpc4aa2bfeb/s8/b3f0f602-2f65-4943-a3d9-df8c9dcf2580 does not exist. Creating ...
2024-09-10 06:19:46,853 TRACE util.FileUtils (LogUtils.java:runAndLog(49)) - Successfully ran Files.createDirectories /home/runner/work/ratis/ratis/ratis-examples/target/test/data/f624d035/MiniRaftClusterWithGrpc4aa2bfeb/s8/b3f0f602-2f65-4943-a3d9-df8c9dcf2580
2024-09-10 06:19:46,854 INFO  storage.RaftStorageDirectory (RaftStorageDirectoryImpl.java:tryLock(229)) - Lock on /home/runner/work/ratis/ratis/ratis-examples/target/test/data/f624d035/MiniRaftClusterWithGrpc4aa2bfeb/s8/b3f0f602-2f65-4943-a3d9-df8c9dcf2580/in_use.lock acquired by nodename 13550@fv-az691-408
2024-09-10 06:19:46,854 TRACE util.FileUtils (LogUtils.java:runAndLog(49)) - Successfully ran Files.createDirectories /home/runner/work/ratis/ratis/ratis-examples/target/test/data/f624d035/MiniRaftClusterWithGrpc4aa2bfeb/s8/b3f0f602-2f65-4943-a3d9-df8c9dcf2580/current
2024-09-10 06:19:46,855 TRACE util.FileUtils (LogUtils.java:runAndLog(49)) - Successfully ran Files.createDirectories /home/runner/work/ratis/ratis/ratis-examples/target/test/data/f624d035/MiniRaftClusterWithGrpc4aa2bfeb/s8/b3f0f602-2f65-4943-a3d9-df8c9dcf2580/sm
2024-09-10 06:19:46,855 TRACE util.FileUtils (LogUtils.java:supplyAndLog(69)) - Successfully supplied FileChannel.open /home/runner/work/ratis/ratis/ratis-examples/target/test/data/f624d035/MiniRaftClusterWithGrpc4aa2bfeb/s8/b3f0f602-2f65-4943-a3d9-df8c9dcf2580/current/raft-meta.tmp with options [CREATE, WRITE]: sun.nio.ch.FileChannelImpl@7c00e550
2024-09-10 06:19:46,858 TRACE util.FileUtils (LogUtils.java:runAndLog(49)) - Successfully ran Atomic Files.move /home/runner/work/ratis/ratis/ratis-examples/target/test/data/f624d035/MiniRaftClusterWithGrpc4aa2bfeb/s8/b3f0f602-2f65-4943-a3d9-df8c9dcf2580/current/raft-meta.tmp to /home/runner/work/ratis/ratis/ratis-examples/target/test/data/f624d035/MiniRaftClusterWithGrpc4aa2bfeb/s8/b3f0f602-2f65-4943-a3d9-df8c9dcf2580/current/raft-meta with options [REPLACE_EXISTING]
2024-09-10 06:19:46,858 INFO  storage.RaftStorage (RaftStorageImpl.java:format(98)) - Storage directory /home/runner/work/ratis/ratis/ratis-examples/target/test/data/f624d035/MiniRaftClusterWithGrpc4aa2bfeb/s8/b3f0f602-2f65-4943-a3d9-df8c9dcf2580 has been successfully formatted.
2024-09-10 06:19:46,858 WARN  statemachine.StateMachine (ArithmeticStateMachine.java:loadSnapshot(115)) - The snapshot info is null.
2024-09-10 06:19:46,858 INFO  server.RaftServerConfigKeys (ConfUtils.java:logGet(46)) - raft.server.log.use.memory = false (default)
2024-09-10 06:19:46,858 INFO  server.RaftServerConfigKeys (ConfUtils.java:logGet(46)) - raft.server.log.purge.gap = 1024 (default)
2024-09-10 06:19:46,858 INFO  server.RaftServerConfigKeys (ConfUtils.java:logGet(46)) - raft.server.log.appender.buffer.byte-limit = 4MB (=4194304) (default)
2024-09-10 06:19:46,858 INFO  server.RaftServerConfigKeys (ConfUtils.java:logGet(46)) - raft.server.log.statemachine.data.read.timeout = 1000ms (default)
2024-09-10 06:19:46,858 INFO  server.RaftServerConfigKeys (ConfUtils.java:logGet(46)) - raft.server.log.purge.preservation.log.num = 0 (default)
2024-09-10 06:19:46,859 INFO  server.RaftServerConfigKeys (ConfUtils.java:logGet(46)) - raft.server.log.segment.size.max = 32MB (=33554432) (default)
2024-09-10 06:19:46,859 INFO  server.RaftServerConfigKeys (ConfUtils.java:logGet(46)) - raft.server.log.segment.cache.num.max = 6 (default)
2024-09-10 06:19:46,859 INFO  server.RaftServerConfigKeys (ConfUtils.java:logGet(46)) - raft.server.log.segment.cache.size.max = 200MB (=209715200) (default)
2024-09-10 06:19:46,859 INFO  server.RaftServerConfigKeys (ConfUtils.java:logGet(46)) - raft.server.log.appender.buffer.byte-limit = 4MB (=4194304) (default)
2024-09-10 06:19:46,859 INFO  util.AwaitToRun (AwaitToRun.java:start(81)) - Thread[s8@group-DF8C9DCF2580-cacheEviction-AwaitToRun,5,main] started
2024-09-10 06:19:46,859 INFO  segmented.SegmentedRaftLogWorker (SegmentedRaftLogWorker.java:<init>(187)) - new s8@group-DF8C9DCF2580-SegmentedRaftLogWorker for RaftStorageImpl:Storage Directory /home/runner/work/ratis/ratis/ratis-examples/target/test/data/f624d035/MiniRaftClusterWithGrpc4aa2bfeb/s8/b3f0f602-2f65-4943-a3d9-df8c9dcf2580
2024-09-10 06:19:46,859 INFO  server.RaftServerConfigKeys (ConfUtils.java:logGet(46)) - raft.server.log.queue.byte-limit = 64MB (=67108864) (default)
2024-09-10 06:19:46,859 INFO  server.RaftServerConfigKeys (ConfUtils.java:logGet(46)) - raft.server.log.queue.element-limit = 4096 (default)
2024-09-10 06:19:46,859 INFO  server.RaftServerConfigKeys (ConfUtils.java:logGet(46)) - raft.server.log.segment.size.max = 32MB (=33554432) (default)
2024-09-10 06:19:46,859 INFO  server.RaftServerConfigKeys (ConfUtils.java:logGet(46)) - raft.server.log.preallocated.size = 4MB (=4194304) (default)
2024-09-10 06:19:46,860 INFO  server.RaftServerConfigKeys (ConfUtils.java:logGet(46)) - raft.server.log.force.sync.num = 128 (default)
2024-09-10 06:19:46,860 INFO  server.RaftServerConfigKeys (ConfUtils.java:logGet(46)) - raft.server.log.statemachine.data.sync = true (default)
2024-09-10 06:19:46,860 INFO  server.RaftServerConfigKeys (ConfUtils.java:logGet(46)) - raft.server.log.statemachine.data.sync.timeout = 10s (default)
2024-09-10 06:19:46,860 INFO  server.RaftServerConfigKeys (ConfUtils.java:logGet(46)) - raft.server.log.statemachine.data.sync.timeout.retry = -1 (default)
2024-09-10 06:19:46,860 INFO  server.RaftServerConfigKeys (ConfUtils.java:logGet(46)) - raft.server.log.write.buffer.size = 8MB (=8388608) (default)
2024-09-10 06:19:46,861 INFO  server.RaftServerConfigKeys (ConfUtils.java:logGet(46)) - raft.server.log.appender.buffer.byte-limit = 4MB (=4194304) (default)
2024-09-10 06:19:46,861 INFO  server.RaftServerConfigKeys (ConfUtils.java:logGet(46)) - raft.server.log.unsafe-flush.enabled = false (default)
2024-09-10 06:19:46,861 INFO  server.RaftServerConfigKeys (ConfUtils.java:logGet(46)) - raft.server.log.async-flush.enabled = false (default)
2024-09-10 06:19:46,861 INFO  server.RaftServerConfigKeys (ConfUtils.java:logGet(46)) - raft.server.log.statemachine.data.caching.enabled = false (default)
2024-09-10 06:19:46,861 INFO  segmented.SegmentedRaftLogWorker (SegmentedRaftLogWorker.java:lambda$new$0(138)) - s8@group-DF8C9DCF2580-SegmentedRaftLogWorker: flushIndex: setUnconditionally 0 -> -1
2024-09-10 06:19:46,861 INFO  segmented.SegmentedRaftLogWorker (SegmentedRaftLogWorker.java:lambda$new$0(138)) - s8@group-DF8C9DCF2580-SegmentedRaftLogWorker: safeCacheEvictIndex: setUnconditionally 0 -> -1
2024-09-10 06:19:46,862 INFO  server.RaftServer$Division (RaftServerImpl.java:start(397)) - s8@group-DF8C9DCF2580: start with initializing state, conf=conf: {index: -1, cur=peers:[]|listeners:[], old=null}
2024-09-10 06:19:46,862 INFO  server.RaftServer$Division (RaftServerImpl.java:setRole(378)) - s8@group-DF8C9DCF2580: changes role from      null to FOLLOWER at term 0 for start
2024-09-10 06:19:46,862 INFO  util.JmxRegister (JmxRegister.java:tryRegister(44)) - Successfully registered JMX Bean with object name Ratis:service=RaftServer,group=group-DF8C9DCF2580,id=s8
2024-09-10 06:19:46,862 INFO  util.JmxRegister (JmxRegister.java:register(58)) - register mxBean class org.apache.ratis.server.impl.RaftServerJmxAdapter as Ratis:service=RaftServer,group=group-DF8C9DCF2580,id=s8
2024-09-10 06:19:46,862 INFO  server.RaftServerConfigKeys (ConfUtils.java:logGet(46)) - raft.server.snapshot.trigger-when-stop.enabled = true (default)
2024-09-10 06:19:46,862 INFO  server.RaftServerConfigKeys (ConfUtils.java:logGet(46)) - raft.server.snapshot.trigger-when-remove.enabled = true (default)
2024-09-10 06:19:46,862 INFO  server.RaftServerConfigKeys (ConfUtils.java:logGet(46)) - raft.server.snapshot.auto.trigger.enabled = false (default)
2024-09-10 06:19:46,862 INFO  server.RaftServerConfigKeys (ConfUtils.java:logGet(46)) - raft.server.snapshot.retention.file.num = -1 (default)
2024-09-10 06:19:46,862 INFO  server.RaftServerConfigKeys (ConfUtils.java:logGet(46)) - raft.server.log.purge.upto.snapshot.index = false (default)
2024-09-10 06:19:46,862 INFO  server.RaftServer (RaftServerProxy.java:startImpl(408)) - s8: start RPC server
2024-09-10 06:19:46,864 INFO  server.GrpcService (GrpcService.java:startImpl(340)) - s8: GrpcService started, listening on 15008
2024-09-10 06:19:46,864 INFO  server.RaftServerConfigKeys (ConfUtils.java:logGet(46)) - raft.server.storage.free-space.min = 0MB (=0) (default)
2024-09-10 06:19:46,864 INFO  server.RaftServerConfigKeys (ConfUtils.java:logGet(46)) - raft.server.log.corruption.policy = EXCEPTION (default)
2024-09-10 06:19:46,864 INFO  server.RaftServerConfigKeys (ConfUtils.java:logGet(46)) - raft.server.storage.dir = [/home/runner/work/ratis/ratis/ratis-examples/target/test/data/f624d035/MiniRaftClusterWithGrpc4aa2bfeb/s9] (custom)
2024-09-10 06:19:46,864 INFO  storage.RaftStorageDirectory (RaftStorageDirectoryImpl.java:analyzeStorage(138)) - The storage directory /home/runner/work/ratis/ratis/ratis-examples/target/test/data/f624d035/MiniRaftClusterWithGrpc4aa2bfeb/s9/b3f0f602-2f65-4943-a3d9-df8c9dcf2580 does not exist. Creating ...
2024-09-10 06:19:46,865 TRACE util.FileUtils (LogUtils.java:runAndLog(49)) - Successfully ran Files.createDirectories /home/runner/work/ratis/ratis/ratis-examples/target/test/data/f624d035/MiniRaftClusterWithGrpc4aa2bfeb/s9/b3f0f602-2f65-4943-a3d9-df8c9dcf2580
2024-09-10 06:19:46,865 INFO  util.JvmPauseMonitor (JvmPauseMonitor.java:run(146)) - JvmPauseMonitor-s8: Started
2024-09-10 06:19:46,866 INFO  storage.RaftStorageDirectory (RaftStorageDirectoryImpl.java:tryLock(229)) - Lock on /home/runner/work/ratis/ratis/ratis-examples/target/test/data/f624d035/MiniRaftClusterWithGrpc4aa2bfeb/s9/b3f0f602-2f65-4943-a3d9-df8c9dcf2580/in_use.lock acquired by nodename 13550@fv-az691-408
2024-09-10 06:19:46,866 TRACE util.FileUtils (LogUtils.java:runAndLog(49)) - Successfully ran Files.createDirectories /home/runner/work/ratis/ratis/ratis-examples/target/test/data/f624d035/MiniRaftClusterWithGrpc4aa2bfeb/s9/b3f0f602-2f65-4943-a3d9-df8c9dcf2580/current
2024-09-10 06:19:46,866 TRACE util.FileUtils (LogUtils.java:runAndLog(49)) - Successfully ran Files.createDirectories /home/runner/work/ratis/ratis/ratis-examples/target/test/data/f624d035/MiniRaftClusterWithGrpc4aa2bfeb/s9/b3f0f602-2f65-4943-a3d9-df8c9dcf2580/sm
2024-09-10 06:19:46,867 TRACE util.FileUtils (LogUtils.java:supplyAndLog(69)) - Successfully supplied FileChannel.open /home/runner/work/ratis/ratis/ratis-examples/target/test/data/f624d035/MiniRaftClusterWithGrpc4aa2bfeb/s9/b3f0f602-2f65-4943-a3d9-df8c9dcf2580/current/raft-meta.tmp with options [CREATE, WRITE]: sun.nio.ch.FileChannelImpl@3aec4a7f
2024-09-10 06:19:46,868 TRACE util.FileUtils (LogUtils.java:runAndLog(49)) - Successfully ran Atomic Files.move /home/runner/work/ratis/ratis/ratis-examples/target/test/data/f624d035/MiniRaftClusterWithGrpc4aa2bfeb/s9/b3f0f602-2f65-4943-a3d9-df8c9dcf2580/current/raft-meta.tmp to /home/runner/work/ratis/ratis/ratis-examples/target/test/data/f624d035/MiniRaftClusterWithGrpc4aa2bfeb/s9/b3f0f602-2f65-4943-a3d9-df8c9dcf2580/current/raft-meta with options [REPLACE_EXISTING]
2024-09-10 06:19:46,868 INFO  storage.RaftStorage (RaftStorageImpl.java:format(98)) - Storage directory /home/runner/work/ratis/ratis/ratis-examples/target/test/data/f624d035/MiniRaftClusterWithGrpc4aa2bfeb/s9/b3f0f602-2f65-4943-a3d9-df8c9dcf2580 has been successfully formatted.
2024-09-10 06:19:46,868 WARN  statemachine.StateMachine (ArithmeticStateMachine.java:loadSnapshot(115)) - The snapshot info is null.
2024-09-10 06:19:46,868 INFO  server.RaftServerConfigKeys (ConfUtils.java:logGet(46)) - raft.server.log.use.memory = false (default)
2024-09-10 06:19:46,868 INFO  server.RaftServerConfigKeys (ConfUtils.java:logGet(46)) - raft.server.log.purge.gap = 1024 (default)
2024-09-10 06:19:46,868 INFO  server.RaftServerConfigKeys (ConfUtils.java:logGet(46)) - raft.server.log.appender.buffer.byte-limit = 4MB (=4194304) (default)
2024-09-10 06:19:46,868 INFO  server.RaftServerConfigKeys (ConfUtils.java:logGet(46)) - raft.server.log.statemachine.data.read.timeout = 1000ms (default)
2024-09-10 06:19:46,868 INFO  server.RaftServerConfigKeys (ConfUtils.java:logGet(46)) - raft.server.log.purge.preservation.log.num = 0 (default)
2024-09-10 06:19:46,869 INFO  server.RaftServerConfigKeys (ConfUtils.java:logGet(46)) - raft.server.log.segment.size.max = 32MB (=33554432) (default)
2024-09-10 06:19:46,869 INFO  server.RaftServerConfigKeys (ConfUtils.java:logGet(46)) - raft.server.log.segment.cache.num.max = 6 (default)
2024-09-10 06:19:46,869 INFO  server.RaftServerConfigKeys (ConfUtils.java:logGet(46)) - raft.server.log.segment.cache.size.max = 200MB (=209715200) (default)
2024-09-10 06:19:46,869 INFO  server.RaftServerConfigKeys (ConfUtils.java:logGet(46)) - raft.server.log.appender.buffer.byte-limit = 4MB (=4194304) (default)
2024-09-10 06:19:46,869 INFO  util.AwaitToRun (AwaitToRun.java:start(81)) - Thread[s9@group-DF8C9DCF2580-cacheEviction-AwaitToRun,5,main] started
2024-09-10 06:19:46,869 INFO  segmented.SegmentedRaftLogWorker (SegmentedRaftLogWorker.java:<init>(187)) - new s9@group-DF8C9DCF2580-SegmentedRaftLogWorker for RaftStorageImpl:Storage Directory /home/runner/work/ratis/ratis/ratis-examples/target/test/data/f624d035/MiniRaftClusterWithGrpc4aa2bfeb/s9/b3f0f602-2f65-4943-a3d9-df8c9dcf2580
2024-09-10 06:19:46,869 INFO  server.RaftServerConfigKeys (ConfUtils.java:logGet(46)) - raft.server.log.queue.byte-limit = 64MB (=67108864) (default)
2024-09-10 06:19:46,869 INFO  server.RaftServerConfigKeys (ConfUtils.java:logGet(46)) - raft.server.log.queue.element-limit = 4096 (default)
2024-09-10 06:19:46,869 INFO  server.RaftServerConfigKeys (ConfUtils.java:logGet(46)) - raft.server.log.segment.size.max = 32MB (=33554432) (default)
2024-09-10 06:19:46,869 INFO  server.RaftServerConfigKeys (ConfUtils.java:logGet(46)) - raft.server.log.preallocated.size = 4MB (=4194304) (default)
2024-09-10 06:19:46,869 INFO  server.RaftServerConfigKeys (ConfUtils.java:logGet(46)) - raft.server.log.force.sync.num = 128 (default)
2024-09-10 06:19:46,870 INFO  server.RaftServerConfigKeys (ConfUtils.java:logGet(46)) - raft.server.log.statemachine.data.sync = true (default)
2024-09-10 06:19:46,870 INFO  server.RaftServerConfigKeys (ConfUtils.java:logGet(46)) - raft.server.log.statemachine.data.sync.timeout = 10s (default)
2024-09-10 06:19:46,870 INFO  server.RaftServerConfigKeys (ConfUtils.java:logGet(46)) - raft.server.log.statemachine.data.sync.timeout.retry = -1 (default)
2024-09-10 06:19:46,870 INFO  server.RaftServerConfigKeys (ConfUtils.java:logGet(46)) - raft.server.log.write.buffer.size = 8MB (=8388608) (default)
2024-09-10 06:19:46,872 INFO  server.RaftServerConfigKeys (ConfUtils.java:logGet(46)) - raft.server.log.appender.buffer.byte-limit = 4MB (=4194304) (default)
2024-09-10 06:19:46,872 INFO  server.RaftServerConfigKeys (ConfUtils.java:logGet(46)) - raft.server.log.unsafe-flush.enabled = false (default)
2024-09-10 06:19:46,872 INFO  server.RaftServerConfigKeys (ConfUtils.java:logGet(46)) - raft.server.log.async-flush.enabled = false (default)
2024-09-10 06:19:46,872 INFO  server.RaftServerConfigKeys (ConfUtils.java:logGet(46)) - raft.server.log.statemachine.data.caching.enabled = false (default)
2024-09-10 06:19:46,872 INFO  segmented.SegmentedRaftLogWorker (SegmentedRaftLogWorker.java:lambda$new$0(138)) - s9@group-DF8C9DCF2580-SegmentedRaftLogWorker: flushIndex: setUnconditionally 0 -> -1
2024-09-10 06:19:46,872 INFO  segmented.SegmentedRaftLogWorker (SegmentedRaftLogWorker.java:lambda$new$0(138)) - s9@group-DF8C9DCF2580-SegmentedRaftLogWorker: safeCacheEvictIndex: setUnconditionally 0 -> -1
2024-09-10 06:19:46,872 INFO  server.RaftServer$Division (RaftServerImpl.java:start(397)) - s9@group-DF8C9DCF2580: start with initializing state, conf=conf: {index: -1, cur=peers:[]|listeners:[], old=null}
2024-09-10 06:19:46,872 INFO  server.RaftServer$Division (RaftServerImpl.java:setRole(378)) - s9@group-DF8C9DCF2580: changes role from      null to FOLLOWER at term 0 for start
2024-09-10 06:19:46,872 INFO  util.JmxRegister (JmxRegister.java:tryRegister(44)) - Successfully registered JMX Bean with object name Ratis:service=RaftServer,group=group-DF8C9DCF2580,id=s9
2024-09-10 06:19:46,872 INFO  util.JmxRegister (JmxRegister.java:register(58)) - register mxBean class org.apache.ratis.server.impl.RaftServerJmxAdapter as Ratis:service=RaftServer,group=group-DF8C9DCF2580,id=s9
2024-09-10 06:19:46,872 INFO  server.RaftServerConfigKeys (ConfUtils.java:logGet(46)) - raft.server.snapshot.trigger-when-stop.enabled = true (default)
2024-09-10 06:19:46,872 INFO  server.RaftServerConfigKeys (ConfUtils.java:logGet(46)) - raft.server.snapshot.trigger-when-remove.enabled = true (default)
2024-09-10 06:19:46,872 INFO  server.RaftServerConfigKeys (ConfUtils.java:logGet(46)) - raft.server.snapshot.auto.trigger.enabled = false (default)
2024-09-10 06:19:46,873 INFO  server.RaftServerConfigKeys (ConfUtils.java:logGet(46)) - raft.server.snapshot.retention.file.num = -1 (default)
2024-09-10 06:19:46,873 INFO  server.RaftServerConfigKeys (ConfUtils.java:logGet(46)) - raft.server.log.purge.upto.snapshot.index = false (default)
2024-09-10 06:19:46,873 INFO  server.RaftServer (RaftServerProxy.java:startImpl(408)) - s9: start RPC server
2024-09-10 06:19:46,874 INFO  server.GrpcService (GrpcService.java:startImpl(340)) - s9: GrpcService started, listening on 15009
2024-09-10 06:19:46,874 INFO  util.JvmPauseMonitor (JvmPauseMonitor.java:run(146)) - JvmPauseMonitor-s9: Started
2024-09-10 06:19:46,874 INFO  server.RaftServerConfigKeys (ConfUtils.java:logGet(46)) - raft.server.storage.free-space.min = 0MB (=0) (default)
2024-09-10 06:19:46,874 INFO  server.RaftServerConfigKeys (ConfUtils.java:logGet(46)) - raft.server.log.corruption.policy = EXCEPTION (default)
2024-09-10 06:19:46,874 INFO  server.RaftServerConfigKeys (ConfUtils.java:logGet(46)) - raft.server.storage.dir = [/home/runner/work/ratis/ratis/ratis-examples/target/test/data/f624d035/MiniRaftClusterWithGrpc4aa2bfeb/s11] (custom)
2024-09-10 06:19:46,874 INFO  storage.RaftStorageDirectory (RaftStorageDirectoryImpl.java:analyzeStorage(138)) - The storage directory /home/runner/work/ratis/ratis/ratis-examples/target/test/data/f624d035/MiniRaftClusterWithGrpc4aa2bfeb/s11/b3f0f602-2f65-4943-a3d9-df8c9dcf2580 does not exist. Creating ...
2024-09-10 06:19:46,875 TRACE util.FileUtils (LogUtils.java:runAndLog(49)) - Successfully ran Files.createDirectories /home/runner/work/ratis/ratis/ratis-examples/target/test/data/f624d035/MiniRaftClusterWithGrpc4aa2bfeb/s11/b3f0f602-2f65-4943-a3d9-df8c9dcf2580
2024-09-10 06:19:46,876 INFO  storage.RaftStorageDirectory (RaftStorageDirectoryImpl.java:tryLock(229)) - Lock on /home/runner/work/ratis/ratis/ratis-examples/target/test/data/f624d035/MiniRaftClusterWithGrpc4aa2bfeb/s11/b3f0f602-2f65-4943-a3d9-df8c9dcf2580/in_use.lock acquired by nodename 13550@fv-az691-408
2024-09-10 06:19:46,876 TRACE util.FileUtils (LogUtils.java:runAndLog(49)) - Successfully ran Files.createDirectories /home/runner/work/ratis/ratis/ratis-examples/target/test/data/f624d035/MiniRaftClusterWithGrpc4aa2bfeb/s11/b3f0f602-2f65-4943-a3d9-df8c9dcf2580/current
2024-09-10 06:19:46,876 TRACE util.FileUtils (LogUtils.java:runAndLog(49)) - Successfully ran Files.createDirectories /home/runner/work/ratis/ratis/ratis-examples/target/test/data/f624d035/MiniRaftClusterWithGrpc4aa2bfeb/s11/b3f0f602-2f65-4943-a3d9-df8c9dcf2580/sm
2024-09-10 06:19:46,876 TRACE util.FileUtils (LogUtils.java:supplyAndLog(69)) - Successfully supplied FileChannel.open /home/runner/work/ratis/ratis/ratis-examples/target/test/data/f624d035/MiniRaftClusterWithGrpc4aa2bfeb/s11/b3f0f602-2f65-4943-a3d9-df8c9dcf2580/current/raft-meta.tmp with options [CREATE, WRITE]: sun.nio.ch.FileChannelImpl@1495403f
2024-09-10 06:19:46,877 TRACE util.FileUtils (LogUtils.java:runAndLog(49)) - Successfully ran Atomic Files.move /home/runner/work/ratis/ratis/ratis-examples/target/test/data/f624d035/MiniRaftClusterWithGrpc4aa2bfeb/s11/b3f0f602-2f65-4943-a3d9-df8c9dcf2580/current/raft-meta.tmp to /home/runner/work/ratis/ratis/ratis-examples/target/test/data/f624d035/MiniRaftClusterWithGrpc4aa2bfeb/s11/b3f0f602-2f65-4943-a3d9-df8c9dcf2580/current/raft-meta with options [REPLACE_EXISTING]
2024-09-10 06:19:46,877 INFO  storage.RaftStorage (RaftStorageImpl.java:format(98)) - Storage directory /home/runner/work/ratis/ratis/ratis-examples/target/test/data/f624d035/MiniRaftClusterWithGrpc4aa2bfeb/s11/b3f0f602-2f65-4943-a3d9-df8c9dcf2580 has been successfully formatted.
2024-09-10 06:19:46,877 WARN  statemachine.StateMachine (ArithmeticStateMachine.java:loadSnapshot(115)) - The snapshot info is null.
2024-09-10 06:19:46,877 INFO  server.RaftServerConfigKeys (ConfUtils.java:logGet(46)) - raft.server.log.use.memory = false (default)
2024-09-10 06:19:46,877 INFO  server.RaftServerConfigKeys (ConfUtils.java:logGet(46)) - raft.server.log.purge.gap = 1024 (default)
2024-09-10 06:19:46,877 INFO  server.RaftServerConfigKeys (ConfUtils.java:logGet(46)) - raft.server.log.appender.buffer.byte-limit = 4MB (=4194304) (default)
2024-09-10 06:19:46,878 INFO  server.RaftServerConfigKeys (ConfUtils.java:logGet(46)) - raft.server.log.statemachine.data.read.timeout = 1000ms (default)
2024-09-10 06:19:46,878 INFO  server.RaftServerConfigKeys (ConfUtils.java:logGet(46)) - raft.server.log.purge.preservation.log.num = 0 (default)
2024-09-10 06:19:46,878 INFO  server.RaftServerConfigKeys (ConfUtils.java:logGet(46)) - raft.server.log.segment.size.max = 32MB (=33554432) (default)
2024-09-10 06:19:46,878 INFO  server.RaftServerConfigKeys (ConfUtils.java:logGet(46)) - raft.server.log.segment.cache.num.max = 6 (default)
2024-09-10 06:19:46,878 INFO  server.RaftServerConfigKeys (ConfUtils.java:logGet(46)) - raft.server.log.segment.cache.size.max = 200MB (=209715200) (default)
2024-09-10 06:19:46,878 INFO  server.RaftServerConfigKeys (ConfUtils.java:logGet(46)) - raft.server.log.appender.buffer.byte-limit = 4MB (=4194304) (default)
2024-09-10 06:19:46,878 INFO  util.AwaitToRun (AwaitToRun.java:start(81)) - Thread[s11@group-DF8C9DCF2580-cacheEviction-AwaitToRun,5,main] started
2024-09-10 06:19:46,878 INFO  segmented.SegmentedRaftLogWorker (SegmentedRaftLogWorker.java:<init>(187)) - new s11@group-DF8C9DCF2580-SegmentedRaftLogWorker for RaftStorageImpl:Storage Directory /home/runner/work/ratis/ratis/ratis-examples/target/test/data/f624d035/MiniRaftClusterWithGrpc4aa2bfeb/s11/b3f0f602-2f65-4943-a3d9-df8c9dcf2580
2024-09-10 06:19:46,878 INFO  server.RaftServerConfigKeys (ConfUtils.java:logGet(46)) - raft.server.log.queue.byte-limit = 64MB (=67108864) (default)
2024-09-10 06:19:46,878 INFO  server.RaftServerConfigKeys (ConfUtils.java:logGet(46)) - raft.server.log.queue.element-limit = 4096 (default)
2024-09-10 06:19:46,878 INFO  server.RaftServerConfigKeys (ConfUtils.java:logGet(46)) - raft.server.log.segment.size.max = 32MB (=33554432) (default)
2024-09-10 06:19:46,878 INFO  server.RaftServerConfigKeys (ConfUtils.java:logGet(46)) - raft.server.log.preallocated.size = 4MB (=4194304) (default)
2024-09-10 06:19:46,878 INFO  server.RaftServerConfigKeys (ConfUtils.java:logGet(46)) - raft.server.log.force.sync.num = 128 (default)
2024-09-10 06:19:46,878 INFO  server.RaftServerConfigKeys (ConfUtils.java:logGet(46)) - raft.server.log.statemachine.data.sync = true (default)
2024-09-10 06:19:46,878 INFO  server.RaftServerConfigKeys (ConfUtils.java:logGet(46)) - raft.server.log.statemachine.data.sync.timeout = 10s (default)
2024-09-10 06:19:46,878 INFO  server.RaftServerConfigKeys (ConfUtils.java:logGet(46)) - raft.server.log.statemachine.data.sync.timeout.retry = -1 (default)
2024-09-10 06:19:46,878 INFO  server.RaftServerConfigKeys (ConfUtils.java:logGet(46)) - raft.server.log.write.buffer.size = 8MB (=8388608) (default)
2024-09-10 06:19:46,880 INFO  server.RaftServerConfigKeys (ConfUtils.java:logGet(46)) - raft.server.log.appender.buffer.byte-limit = 4MB (=4194304) (default)
2024-09-10 06:19:46,880 INFO  server.RaftServerConfigKeys (ConfUtils.java:logGet(46)) - raft.server.log.unsafe-flush.enabled = false (default)
2024-09-10 06:19:46,880 INFO  server.RaftServerConfigKeys (ConfUtils.java:logGet(46)) - raft.server.log.async-flush.enabled = false (default)
2024-09-10 06:19:46,880 INFO  server.RaftServerConfigKeys (ConfUtils.java:logGet(46)) - raft.server.log.statemachine.data.caching.enabled = false (default)
2024-09-10 06:19:46,880 INFO  segmented.SegmentedRaftLogWorker (SegmentedRaftLogWorker.java:lambda$new$0(138)) - s11@group-DF8C9DCF2580-SegmentedRaftLogWorker: flushIndex: setUnconditionally 0 -> -1
2024-09-10 06:19:46,880 INFO  segmented.SegmentedRaftLogWorker (SegmentedRaftLogWorker.java:lambda$new$0(138)) - s11@group-DF8C9DCF2580-SegmentedRaftLogWorker: safeCacheEvictIndex: setUnconditionally 0 -> -1
2024-09-10 06:19:46,880 INFO  server.RaftServer$Division (RaftServerImpl.java:start(397)) - s11@group-DF8C9DCF2580: start with initializing state, conf=conf: {index: -1, cur=peers:[]|listeners:[], old=null}
2024-09-10 06:19:46,880 INFO  server.RaftServer$Division (RaftServerImpl.java:setRole(378)) - s11@group-DF8C9DCF2580: changes role from      null to FOLLOWER at term 0 for start
2024-09-10 06:19:46,880 INFO  util.JmxRegister (JmxRegister.java:tryRegister(44)) - Successfully registered JMX Bean with object name Ratis:service=RaftServer,group=group-DF8C9DCF2580,id=s11
2024-09-10 06:19:46,881 INFO  util.JmxRegister (JmxRegister.java:register(58)) - register mxBean class org.apache.ratis.server.impl.RaftServerJmxAdapter as Ratis:service=RaftServer,group=group-DF8C9DCF2580,id=s11
2024-09-10 06:19:46,881 INFO  server.RaftServerConfigKeys (ConfUtils.java:logGet(46)) - raft.server.snapshot.trigger-when-stop.enabled = true (default)
2024-09-10 06:19:46,881 INFO  server.RaftServerConfigKeys (ConfUtils.java:logGet(46)) - raft.server.snapshot.trigger-when-remove.enabled = true (default)
2024-09-10 06:19:46,881 INFO  server.RaftServerConfigKeys (ConfUtils.java:logGet(46)) - raft.server.snapshot.auto.trigger.enabled = false (default)
2024-09-10 06:19:46,881 INFO  server.RaftServerConfigKeys (ConfUtils.java:logGet(46)) - raft.server.snapshot.retention.file.num = -1 (default)
2024-09-10 06:19:46,881 INFO  server.RaftServerConfigKeys (ConfUtils.java:logGet(46)) - raft.server.log.purge.upto.snapshot.index = false (default)
2024-09-10 06:19:46,881 INFO  server.RaftServer (RaftServerProxy.java:startImpl(408)) - s11: start RPC server
2024-09-10 06:19:46,882 INFO  server.GrpcService (GrpcService.java:startImpl(340)) - s11: GrpcService started, listening on 15011
2024-09-10 06:19:46,882 INFO  util.JvmPauseMonitor (JvmPauseMonitor.java:run(146)) - JvmPauseMonitor-s11: Started
2024-09-10 06:19:46,882 INFO  server.RaftServerConfigKeys (ConfUtils.java:logGet(46)) - raft.server.storage.free-space.min = 0MB (=0) (default)
2024-09-10 06:19:46,882 INFO  server.RaftServerConfigKeys (ConfUtils.java:logGet(46)) - raft.server.log.corruption.policy = EXCEPTION (default)
2024-09-10 06:19:46,882 INFO  server.RaftServerConfigKeys (ConfUtils.java:logGet(46)) - raft.server.storage.dir = [/home/runner/work/ratis/ratis/ratis-examples/target/test/data/f624d035/MiniRaftClusterWithGrpc4aa2bfeb/s10] (custom)
2024-09-10 06:19:46,883 INFO  storage.RaftStorageDirectory (RaftStorageDirectoryImpl.java:analyzeStorage(138)) - The storage directory /home/runner/work/ratis/ratis/ratis-examples/target/test/data/f624d035/MiniRaftClusterWithGrpc4aa2bfeb/s10/b3f0f602-2f65-4943-a3d9-df8c9dcf2580 does not exist. Creating ...
2024-09-10 06:19:46,883 TRACE util.FileUtils (LogUtils.java:runAndLog(49)) - Successfully ran Files.createDirectories /home/runner/work/ratis/ratis/ratis-examples/target/test/data/f624d035/MiniRaftClusterWithGrpc4aa2bfeb/s10/b3f0f602-2f65-4943-a3d9-df8c9dcf2580
2024-09-10 06:19:46,884 INFO  storage.RaftStorageDirectory (RaftStorageDirectoryImpl.java:tryLock(229)) - Lock on /home/runner/work/ratis/ratis/ratis-examples/target/test/data/f624d035/MiniRaftClusterWithGrpc4aa2bfeb/s10/b3f0f602-2f65-4943-a3d9-df8c9dcf2580/in_use.lock acquired by nodename 13550@fv-az691-408
2024-09-10 06:19:46,884 TRACE util.FileUtils (LogUtils.java:runAndLog(49)) - Successfully ran Files.createDirectories /home/runner/work/ratis/ratis/ratis-examples/target/test/data/f624d035/MiniRaftClusterWithGrpc4aa2bfeb/s10/b3f0f602-2f65-4943-a3d9-df8c9dcf2580/current
2024-09-10 06:19:46,884 TRACE util.FileUtils (LogUtils.java:runAndLog(49)) - Successfully ran Files.createDirectories /home/runner/work/ratis/ratis/ratis-examples/target/test/data/f624d035/MiniRaftClusterWithGrpc4aa2bfeb/s10/b3f0f602-2f65-4943-a3d9-df8c9dcf2580/sm
2024-09-10 06:19:46,884 TRACE util.FileUtils (LogUtils.java:supplyAndLog(69)) - Successfully supplied FileChannel.open /home/runner/work/ratis/ratis/ratis-examples/target/test/data/f624d035/MiniRaftClusterWithGrpc4aa2bfeb/s10/b3f0f602-2f65-4943-a3d9-df8c9dcf2580/current/raft-meta.tmp with options [CREATE, WRITE]: sun.nio.ch.FileChannelImpl@1b60d2bf
2024-09-10 06:19:46,886 TRACE util.FileUtils (LogUtils.java:runAndLog(49)) - Successfully ran Atomic Files.move /home/runner/work/ratis/ratis/ratis-examples/target/test/data/f624d035/MiniRaftClusterWithGrpc4aa2bfeb/s10/b3f0f602-2f65-4943-a3d9-df8c9dcf2580/current/raft-meta.tmp to /home/runner/work/ratis/ratis/ratis-examples/target/test/data/f624d035/MiniRaftClusterWithGrpc4aa2bfeb/s10/b3f0f602-2f65-4943-a3d9-df8c9dcf2580/current/raft-meta with options [REPLACE_EXISTING]
2024-09-10 06:19:46,886 INFO  storage.RaftStorage (RaftStorageImpl.java:format(98)) - Storage directory /home/runner/work/ratis/ratis/ratis-examples/target/test/data/f624d035/MiniRaftClusterWithGrpc4aa2bfeb/s10/b3f0f602-2f65-4943-a3d9-df8c9dcf2580 has been successfully formatted.
2024-09-10 06:19:46,886 WARN  statemachine.StateMachine (ArithmeticStateMachine.java:loadSnapshot(115)) - The snapshot info is null.
2024-09-10 06:19:46,886 INFO  server.RaftServerConfigKeys (ConfUtils.java:logGet(46)) - raft.server.log.use.memory = false (default)
2024-09-10 06:19:46,887 INFO  server.RaftServerConfigKeys (ConfUtils.java:logGet(46)) - raft.server.log.purge.gap = 1024 (default)
2024-09-10 06:19:46,887 INFO  server.RaftServerConfigKeys (ConfUtils.java:logGet(46)) - raft.server.log.appender.buffer.byte-limit = 4MB (=4194304) (default)
2024-09-10 06:19:46,887 INFO  server.RaftServerConfigKeys (ConfUtils.java:logGet(46)) - raft.server.log.statemachine.data.read.timeout = 1000ms (default)
2024-09-10 06:19:46,887 INFO  server.RaftServerConfigKeys (ConfUtils.java:logGet(46)) - raft.server.log.purge.preservation.log.num = 0 (default)
2024-09-10 06:19:46,887 INFO  server.RaftServerConfigKeys (ConfUtils.java:logGet(46)) - raft.server.log.segment.size.max = 32MB (=33554432) (default)
2024-09-10 06:19:46,887 INFO  server.RaftServerConfigKeys (ConfUtils.java:logGet(46)) - raft.server.log.segment.cache.num.max = 6 (default)
2024-09-10 06:19:46,887 INFO  server.RaftServerConfigKeys (ConfUtils.java:logGet(46)) - raft.server.log.segment.cache.size.max = 200MB (=209715200) (default)
2024-09-10 06:19:46,887 INFO  server.RaftServerConfigKeys (ConfUtils.java:logGet(46)) - raft.server.log.appender.buffer.byte-limit = 4MB (=4194304) (default)
2024-09-10 06:19:46,887 INFO  util.AwaitToRun (AwaitToRun.java:start(81)) - Thread[s10@group-DF8C9DCF2580-cacheEviction-AwaitToRun,5,main] started
2024-09-10 06:19:46,888 INFO  segmented.SegmentedRaftLogWorker (SegmentedRaftLogWorker.java:<init>(187)) - new s10@group-DF8C9DCF2580-SegmentedRaftLogWorker for RaftStorageImpl:Storage Directory /home/runner/work/ratis/ratis/ratis-examples/target/test/data/f624d035/MiniRaftClusterWithGrpc4aa2bfeb/s10/b3f0f602-2f65-4943-a3d9-df8c9dcf2580
2024-09-10 06:19:46,888 INFO  server.RaftServerConfigKeys (ConfUtils.java:logGet(46)) - raft.server.log.queue.byte-limit = 64MB (=67108864) (default)
2024-09-10 06:19:46,888 INFO  server.RaftServerConfigKeys (ConfUtils.java:logGet(46)) - raft.server.log.queue.element-limit = 4096 (default)
2024-09-10 06:19:46,888 INFO  server.RaftServerConfigKeys (ConfUtils.java:logGet(46)) - raft.server.log.segment.size.max = 32MB (=33554432) (default)
2024-09-10 06:19:46,888 INFO  server.RaftServerConfigKeys (ConfUtils.java:logGet(46)) - raft.server.log.preallocated.size = 4MB (=4194304) (default)
2024-09-10 06:19:46,888 INFO  server.RaftServerConfigKeys (ConfUtils.java:logGet(46)) - raft.server.log.force.sync.num = 128 (default)
2024-09-10 06:19:46,888 INFO  server.RaftServerConfigKeys (ConfUtils.java:logGet(46)) - raft.server.log.statemachine.data.sync = true (default)
2024-09-10 06:19:46,888 INFO  server.RaftServerConfigKeys (ConfUtils.java:logGet(46)) - raft.server.log.statemachine.data.sync.timeout = 10s (default)
2024-09-10 06:19:46,888 INFO  server.RaftServerConfigKeys (ConfUtils.java:logGet(46)) - raft.server.log.statemachine.data.sync.timeout.retry = -1 (default)
2024-09-10 06:19:46,888 INFO  server.RaftServerConfigKeys (ConfUtils.java:logGet(46)) - raft.server.log.write.buffer.size = 8MB (=8388608) (default)
2024-09-10 06:19:46,889 INFO  server.RaftServerConfigKeys (ConfUtils.java:logGet(46)) - raft.server.log.appender.buffer.byte-limit = 4MB (=4194304) (default)
2024-09-10 06:19:46,890 INFO  server.RaftServerConfigKeys (ConfUtils.java:logGet(46)) - raft.server.log.unsafe-flush.enabled = false (default)
2024-09-10 06:19:46,890 INFO  server.RaftServerConfigKeys (ConfUtils.java:logGet(46)) - raft.server.log.async-flush.enabled = false (default)
2024-09-10 06:19:46,890 INFO  server.RaftServerConfigKeys (ConfUtils.java:logGet(46)) - raft.server.log.statemachine.data.caching.enabled = false (default)
2024-09-10 06:19:46,890 INFO  segmented.SegmentedRaftLogWorker (SegmentedRaftLogWorker.java:lambda$new$0(138)) - s10@group-DF8C9DCF2580-SegmentedRaftLogWorker: flushIndex: setUnconditionally 0 -> -1
2024-09-10 06:19:46,890 INFO  segmented.SegmentedRaftLogWorker (SegmentedRaftLogWorker.java:lambda$new$0(138)) - s10@group-DF8C9DCF2580-SegmentedRaftLogWorker: safeCacheEvictIndex: setUnconditionally 0 -> -1
2024-09-10 06:19:46,890 INFO  server.RaftServer$Division (RaftServerImpl.java:start(397)) - s10@group-DF8C9DCF2580: start with initializing state, conf=conf: {index: -1, cur=peers:[]|listeners:[], old=null}
2024-09-10 06:19:46,890 INFO  server.RaftServer$Division (RaftServerImpl.java:setRole(378)) - s10@group-DF8C9DCF2580: changes role from      null to FOLLOWER at term 0 for start
2024-09-10 06:19:46,890 INFO  util.JmxRegister (JmxRegister.java:tryRegister(44)) - Successfully registered JMX Bean with object name Ratis:service=RaftServer,group=group-DF8C9DCF2580,id=s10
2024-09-10 06:19:46,890 INFO  util.JmxRegister (JmxRegister.java:register(58)) - register mxBean class org.apache.ratis.server.impl.RaftServerJmxAdapter as Ratis:service=RaftServer,group=group-DF8C9DCF2580,id=s10
2024-09-10 06:19:46,890 INFO  server.RaftServerConfigKeys (ConfUtils.java:logGet(46)) - raft.server.snapshot.trigger-when-stop.enabled = true (default)
2024-09-10 06:19:46,890 INFO  server.RaftServerConfigKeys (ConfUtils.java:logGet(46)) - raft.server.snapshot.trigger-when-remove.enabled = true (default)
2024-09-10 06:19:46,890 INFO  server.RaftServerConfigKeys (ConfUtils.java:logGet(46)) - raft.server.snapshot.auto.trigger.enabled = false (default)
2024-09-10 06:19:46,890 INFO  server.RaftServerConfigKeys (ConfUtils.java:logGet(46)) - raft.server.snapshot.retention.file.num = -1 (default)
2024-09-10 06:19:46,891 INFO  server.RaftServerConfigKeys (ConfUtils.java:logGet(46)) - raft.server.log.purge.upto.snapshot.index = false (default)
2024-09-10 06:19:46,891 INFO  server.RaftServer (RaftServerProxy.java:startImpl(408)) - s10: start RPC server
2024-09-10 06:19:46,892 INFO  server.GrpcService (GrpcService.java:startImpl(340)) - s10: GrpcService started, listening on 15010
2024-09-10 06:19:46,892 INFO  util.JvmPauseMonitor (JvmPauseMonitor.java:run(146)) - JvmPauseMonitor-s10: Started
2024-09-10 06:19:46,892 INFO  server.RaftServerConfigKeys (ConfUtils.java:logGet(46)) - raft.server.storage.free-space.min = 0MB (=0) (default)
2024-09-10 06:19:46,892 INFO  server.RaftServerConfigKeys (ConfUtils.java:logGet(46)) - raft.server.log.corruption.policy = EXCEPTION (default)
2024-09-10 06:19:46,892 INFO  server.RaftServerConfigKeys (ConfUtils.java:logGet(46)) - raft.server.storage.dir = [/home/runner/work/ratis/ratis/ratis-examples/target/test/data/f624d035/MiniRaftClusterWithGrpc4aa2bfeb/s13] (custom)
2024-09-10 06:19:46,893 INFO  storage.RaftStorageDirectory (RaftStorageDirectoryImpl.java:analyzeStorage(138)) - The storage directory /home/runner/work/ratis/ratis/ratis-examples/target/test/data/f624d035/MiniRaftClusterWithGrpc4aa2bfeb/s13/b3f0f602-2f65-4943-a3d9-df8c9dcf2580 does not exist. Creating ...
2024-09-10 06:19:46,893 TRACE util.FileUtils (LogUtils.java:runAndLog(49)) - Successfully ran Files.createDirectories /home/runner/work/ratis/ratis/ratis-examples/target/test/data/f624d035/MiniRaftClusterWithGrpc4aa2bfeb/s13/b3f0f602-2f65-4943-a3d9-df8c9dcf2580
2024-09-10 06:19:46,895 INFO  storage.RaftStorageDirectory (RaftStorageDirectoryImpl.java:tryLock(229)) - Lock on /home/runner/work/ratis/ratis/ratis-examples/target/test/data/f624d035/MiniRaftClusterWithGrpc4aa2bfeb/s13/b3f0f602-2f65-4943-a3d9-df8c9dcf2580/in_use.lock acquired by nodename 13550@fv-az691-408
2024-09-10 06:19:46,895 TRACE util.FileUtils (LogUtils.java:runAndLog(49)) - Successfully ran Files.createDirectories /home/runner/work/ratis/ratis/ratis-examples/target/test/data/f624d035/MiniRaftClusterWithGrpc4aa2bfeb/s13/b3f0f602-2f65-4943-a3d9-df8c9dcf2580/current
2024-09-10 06:19:46,896 TRACE util.FileUtils (LogUtils.java:runAndLog(49)) - Successfully ran Files.createDirectories /home/runner/work/ratis/ratis/ratis-examples/target/test/data/f624d035/MiniRaftClusterWithGrpc4aa2bfeb/s13/b3f0f602-2f65-4943-a3d9-df8c9dcf2580/sm
2024-09-10 06:19:46,896 TRACE util.FileUtils (LogUtils.java:supplyAndLog(69)) - Successfully supplied FileChannel.open /home/runner/work/ratis/ratis/ratis-examples/target/test/data/f624d035/MiniRaftClusterWithGrpc4aa2bfeb/s13/b3f0f602-2f65-4943-a3d9-df8c9dcf2580/current/raft-meta.tmp with options [CREATE, WRITE]: sun.nio.ch.FileChannelImpl@c58d9ff
2024-09-10 06:19:46,898 TRACE util.FileUtils (LogUtils.java:runAndLog(49)) - Successfully ran Atomic Files.move /home/runner/work/ratis/ratis/ratis-examples/target/test/data/f624d035/MiniRaftClusterWithGrpc4aa2bfeb/s13/b3f0f602-2f65-4943-a3d9-df8c9dcf2580/current/raft-meta.tmp to /home/runner/work/ratis/ratis/ratis-examples/target/test/data/f624d035/MiniRaftClusterWithGrpc4aa2bfeb/s13/b3f0f602-2f65-4943-a3d9-df8c9dcf2580/current/raft-meta with options [REPLACE_EXISTING]
2024-09-10 06:19:46,898 INFO  storage.RaftStorage (RaftStorageImpl.java:format(98)) - Storage directory /home/runner/work/ratis/ratis/ratis-examples/target/test/data/f624d035/MiniRaftClusterWithGrpc4aa2bfeb/s13/b3f0f602-2f65-4943-a3d9-df8c9dcf2580 has been successfully formatted.
2024-09-10 06:19:46,898 WARN  statemachine.StateMachine (ArithmeticStateMachine.java:loadSnapshot(115)) - The snapshot info is null.
2024-09-10 06:19:46,898 INFO  server.RaftServerConfigKeys (ConfUtils.java:logGet(46)) - raft.server.log.use.memory = false (default)
2024-09-10 06:19:46,898 INFO  server.RaftServerConfigKeys (ConfUtils.java:logGet(46)) - raft.server.log.purge.gap = 1024 (default)
2024-09-10 06:19:46,898 INFO  server.RaftServerConfigKeys (ConfUtils.java:logGet(46)) - raft.server.log.appender.buffer.byte-limit = 4MB (=4194304) (default)
2024-09-10 06:19:46,898 INFO  server.RaftServerConfigKeys (ConfUtils.java:logGet(46)) - raft.server.log.statemachine.data.read.timeout = 1000ms (default)
2024-09-10 06:19:46,898 INFO  server.RaftServerConfigKeys (ConfUtils.java:logGet(46)) - raft.server.log.purge.preservation.log.num = 0 (default)
2024-09-10 06:19:46,898 INFO  server.RaftServerConfigKeys (ConfUtils.java:logGet(46)) - raft.server.log.segment.size.max = 32MB (=33554432) (default)
2024-09-10 06:19:46,898 INFO  server.RaftServerConfigKeys (ConfUtils.java:logGet(46)) - raft.server.log.segment.cache.num.max = 6 (default)
2024-09-10 06:19:46,899 INFO  server.RaftServerConfigKeys (ConfUtils.java:logGet(46)) - raft.server.log.segment.cache.size.max = 200MB (=209715200) (default)
2024-09-10 06:19:46,899 INFO  server.RaftServerConfigKeys (ConfUtils.java:logGet(46)) - raft.server.log.appender.buffer.byte-limit = 4MB (=4194304) (default)
2024-09-10 06:19:46,899 INFO  util.AwaitToRun (AwaitToRun.java:start(81)) - Thread[s13@group-DF8C9DCF2580-cacheEviction-AwaitToRun,5,main] started
2024-09-10 06:19:46,899 INFO  segmented.SegmentedRaftLogWorker (SegmentedRaftLogWorker.java:<init>(187)) - new s13@group-DF8C9DCF2580-SegmentedRaftLogWorker for RaftStorageImpl:Storage Directory /home/runner/work/ratis/ratis/ratis-examples/target/test/data/f624d035/MiniRaftClusterWithGrpc4aa2bfeb/s13/b3f0f602-2f65-4943-a3d9-df8c9dcf2580
2024-09-10 06:19:46,899 INFO  server.RaftServerConfigKeys (ConfUtils.java:logGet(46)) - raft.server.log.queue.byte-limit = 64MB (=67108864) (default)
2024-09-10 06:19:46,899 INFO  server.RaftServerConfigKeys (ConfUtils.java:logGet(46)) - raft.server.log.queue.element-limit = 4096 (default)
2024-09-10 06:19:46,899 INFO  server.RaftServerConfigKeys (ConfUtils.java:logGet(46)) - raft.server.log.segment.size.max = 32MB (=33554432) (default)
2024-09-10 06:19:46,899 INFO  server.RaftServerConfigKeys (ConfUtils.java:logGet(46)) - raft.server.log.preallocated.size = 4MB (=4194304) (default)
2024-09-10 06:19:46,899 INFO  server.RaftServerConfigKeys (ConfUtils.java:logGet(46)) - raft.server.log.force.sync.num = 128 (default)
2024-09-10 06:19:46,899 INFO  server.RaftServerConfigKeys (ConfUtils.java:logGet(46)) - raft.server.log.statemachine.data.sync = true (default)
2024-09-10 06:19:46,899 INFO  server.RaftServerConfigKeys (ConfUtils.java:logGet(46)) - raft.server.log.statemachine.data.sync.timeout = 10s (default)
2024-09-10 06:19:46,899 INFO  server.RaftServerConfigKeys (ConfUtils.java:logGet(46)) - raft.server.log.statemachine.data.sync.timeout.retry = -1 (default)
2024-09-10 06:19:46,899 INFO  server.RaftServerConfigKeys (ConfUtils.java:logGet(46)) - raft.server.log.write.buffer.size = 8MB (=8388608) (default)
2024-09-10 06:19:46,901 INFO  server.RaftServerConfigKeys (ConfUtils.java:logGet(46)) - raft.server.log.appender.buffer.byte-limit = 4MB (=4194304) (default)
2024-09-10 06:19:46,901 INFO  server.RaftServerConfigKeys (ConfUtils.java:logGet(46)) - raft.server.log.unsafe-flush.enabled = false (default)
2024-09-10 06:19:46,901 INFO  server.RaftServerConfigKeys (ConfUtils.java:logGet(46)) - raft.server.log.async-flush.enabled = false (default)
2024-09-10 06:19:46,901 INFO  server.RaftServerConfigKeys (ConfUtils.java:logGet(46)) - raft.server.log.statemachine.data.caching.enabled = false (default)
2024-09-10 06:19:46,901 INFO  segmented.SegmentedRaftLogWorker (SegmentedRaftLogWorker.java:lambda$new$0(138)) - s13@group-DF8C9DCF2580-SegmentedRaftLogWorker: flushIndex: setUnconditionally 0 -> -1
2024-09-10 06:19:46,901 INFO  segmented.SegmentedRaftLogWorker (SegmentedRaftLogWorker.java:lambda$new$0(138)) - s13@group-DF8C9DCF2580-SegmentedRaftLogWorker: safeCacheEvictIndex: setUnconditionally 0 -> -1
2024-09-10 06:19:46,901 INFO  server.RaftServer$Division (RaftServerImpl.java:start(397)) - s13@group-DF8C9DCF2580: start with initializing state, conf=conf: {index: -1, cur=peers:[]|listeners:[], old=null}
2024-09-10 06:19:46,901 INFO  server.RaftServer$Division (RaftServerImpl.java:setRole(378)) - s13@group-DF8C9DCF2580: changes role from      null to FOLLOWER at term 0 for start
2024-09-10 06:19:46,901 INFO  util.JmxRegister (JmxRegister.java:tryRegister(44)) - Successfully registered JMX Bean with object name Ratis:service=RaftServer,group=group-DF8C9DCF2580,id=s13
2024-09-10 06:19:46,902 INFO  util.JmxRegister (JmxRegister.java:register(58)) - register mxBean class org.apache.ratis.server.impl.RaftServerJmxAdapter as Ratis:service=RaftServer,group=group-DF8C9DCF2580,id=s13
2024-09-10 06:19:46,902 INFO  server.RaftServerConfigKeys (ConfUtils.java:logGet(46)) - raft.server.snapshot.trigger-when-stop.enabled = true (default)
2024-09-10 06:19:46,902 INFO  server.RaftServerConfigKeys (ConfUtils.java:logGet(46)) - raft.server.snapshot.trigger-when-remove.enabled = true (default)
2024-09-10 06:19:46,902 INFO  server.RaftServerConfigKeys (ConfUtils.java:logGet(46)) - raft.server.snapshot.auto.trigger.enabled = false (default)
2024-09-10 06:19:46,902 INFO  server.RaftServerConfigKeys (ConfUtils.java:logGet(46)) - raft.server.snapshot.retention.file.num = -1 (default)
2024-09-10 06:19:46,902 INFO  server.RaftServerConfigKeys (ConfUtils.java:logGet(46)) - raft.server.log.purge.upto.snapshot.index = false (default)
2024-09-10 06:19:46,902 INFO  server.RaftServer (RaftServerProxy.java:startImpl(408)) - s13: start RPC server
2024-09-10 06:19:46,903 INFO  server.GrpcService (GrpcService.java:startImpl(340)) - s13: GrpcService started, listening on 15013
2024-09-10 06:19:46,904 INFO  util.JvmPauseMonitor (JvmPauseMonitor.java:run(146)) - JvmPauseMonitor-s13: Started
2024-09-10 06:19:46,904 INFO  server.RaftServerConfigKeys (ConfUtils.java:logGet(46)) - raft.server.storage.free-space.min = 0MB (=0) (default)
2024-09-10 06:19:46,904 INFO  server.RaftServerConfigKeys (ConfUtils.java:logGet(46)) - raft.server.log.corruption.policy = EXCEPTION (default)
2024-09-10 06:19:46,904 INFO  server.RaftServerConfigKeys (ConfUtils.java:logGet(46)) - raft.server.storage.dir = [/home/runner/work/ratis/ratis/ratis-examples/target/test/data/f624d035/MiniRaftClusterWithGrpc4aa2bfeb/s12] (custom)
2024-09-10 06:19:46,904 INFO  storage.RaftStorageDirectory (RaftStorageDirectoryImpl.java:analyzeStorage(138)) - The storage directory /home/runner/work/ratis/ratis/ratis-examples/target/test/data/f624d035/MiniRaftClusterWithGrpc4aa2bfeb/s12/b3f0f602-2f65-4943-a3d9-df8c9dcf2580 does not exist. Creating ...
2024-09-10 06:19:46,904 TRACE util.FileUtils (LogUtils.java:runAndLog(49)) - Successfully ran Files.createDirectories /home/runner/work/ratis/ratis/ratis-examples/target/test/data/f624d035/MiniRaftClusterWithGrpc4aa2bfeb/s12/b3f0f602-2f65-4943-a3d9-df8c9dcf2580
2024-09-10 06:19:46,905 INFO  storage.RaftStorageDirectory (RaftStorageDirectoryImpl.java:tryLock(229)) - Lock on /home/runner/work/ratis/ratis/ratis-examples/target/test/data/f624d035/MiniRaftClusterWithGrpc4aa2bfeb/s12/b3f0f602-2f65-4943-a3d9-df8c9dcf2580/in_use.lock acquired by nodename 13550@fv-az691-408
2024-09-10 06:19:46,906 TRACE util.FileUtils (LogUtils.java:runAndLog(49)) - Successfully ran Files.createDirectories /home/runner/work/ratis/ratis/ratis-examples/target/test/data/f624d035/MiniRaftClusterWithGrpc4aa2bfeb/s12/b3f0f602-2f65-4943-a3d9-df8c9dcf2580/current
2024-09-10 06:19:46,906 TRACE util.FileUtils (LogUtils.java:runAndLog(49)) - Successfully ran Files.createDirectories /home/runner/work/ratis/ratis/ratis-examples/target/test/data/f624d035/MiniRaftClusterWithGrpc4aa2bfeb/s12/b3f0f602-2f65-4943-a3d9-df8c9dcf2580/sm
2024-09-10 06:19:46,906 TRACE util.FileUtils (LogUtils.java:supplyAndLog(69)) - Successfully supplied FileChannel.open /home/runner/work/ratis/ratis/ratis-examples/target/test/data/f624d035/MiniRaftClusterWithGrpc4aa2bfeb/s12/b3f0f602-2f65-4943-a3d9-df8c9dcf2580/current/raft-meta.tmp with options [CREATE, WRITE]: sun.nio.ch.FileChannelImpl@57dcd1f6
2024-09-10 06:19:46,907 TRACE util.FileUtils (LogUtils.java:runAndLog(49)) - Successfully ran Atomic Files.move /home/runner/work/ratis/ratis/ratis-examples/target/test/data/f624d035/MiniRaftClusterWithGrpc4aa2bfeb/s12/b3f0f602-2f65-4943-a3d9-df8c9dcf2580/current/raft-meta.tmp to /home/runner/work/ratis/ratis/ratis-examples/target/test/data/f624d035/MiniRaftClusterWithGrpc4aa2bfeb/s12/b3f0f602-2f65-4943-a3d9-df8c9dcf2580/current/raft-meta with options [REPLACE_EXISTING]
2024-09-10 06:19:46,907 INFO  storage.RaftStorage (RaftStorageImpl.java:format(98)) - Storage directory /home/runner/work/ratis/ratis/ratis-examples/target/test/data/f624d035/MiniRaftClusterWithGrpc4aa2bfeb/s12/b3f0f602-2f65-4943-a3d9-df8c9dcf2580 has been successfully formatted.
2024-09-10 06:19:46,907 WARN  statemachine.StateMachine (ArithmeticStateMachine.java:loadSnapshot(115)) - The snapshot info is null.
2024-09-10 06:19:46,907 INFO  server.RaftServerConfigKeys (ConfUtils.java:logGet(46)) - raft.server.log.use.memory = false (default)
2024-09-10 06:19:46,907 INFO  server.RaftServerConfigKeys (ConfUtils.java:logGet(46)) - raft.server.log.purge.gap = 1024 (default)
2024-09-10 06:19:46,907 INFO  server.RaftServerConfigKeys (ConfUtils.java:logGet(46)) - raft.server.log.appender.buffer.byte-limit = 4MB (=4194304) (default)
2024-09-10 06:19:46,907 INFO  server.RaftServerConfigKeys (ConfUtils.java:logGet(46)) - raft.server.log.statemachine.data.read.timeout = 1000ms (default)
2024-09-10 06:19:46,907 INFO  server.RaftServerConfigKeys (ConfUtils.java:logGet(46)) - raft.server.log.purge.preservation.log.num = 0 (default)
2024-09-10 06:19:46,907 INFO  server.RaftServerConfigKeys (ConfUtils.java:logGet(46)) - raft.server.log.segment.size.max = 32MB (=33554432) (default)
2024-09-10 06:19:46,908 INFO  server.RaftServerConfigKeys (ConfUtils.java:logGet(46)) - raft.server.log.segment.cache.num.max = 6 (default)
2024-09-10 06:19:46,908 INFO  server.RaftServerConfigKeys (ConfUtils.java:logGet(46)) - raft.server.log.segment.cache.size.max = 200MB (=209715200) (default)
2024-09-10 06:19:46,908 INFO  server.RaftServerConfigKeys (ConfUtils.java:logGet(46)) - raft.server.log.appender.buffer.byte-limit = 4MB (=4194304) (default)
2024-09-10 06:19:46,908 INFO  util.AwaitToRun (AwaitToRun.java:start(81)) - Thread[s12@group-DF8C9DCF2580-cacheEviction-AwaitToRun,5,main] started
2024-09-10 06:19:46,908 INFO  segmented.SegmentedRaftLogWorker (SegmentedRaftLogWorker.java:<init>(187)) - new s12@group-DF8C9DCF2580-SegmentedRaftLogWorker for RaftStorageImpl:Storage Directory /home/runner/work/ratis/ratis/ratis-examples/target/test/data/f624d035/MiniRaftClusterWithGrpc4aa2bfeb/s12/b3f0f602-2f65-4943-a3d9-df8c9dcf2580
2024-09-10 06:19:46,908 INFO  server.RaftServerConfigKeys (ConfUtils.java:logGet(46)) - raft.server.log.queue.byte-limit = 64MB (=67108864) (default)
2024-09-10 06:19:46,908 INFO  server.RaftServerConfigKeys (ConfUtils.java:logGet(46)) - raft.server.log.queue.element-limit = 4096 (default)
2024-09-10 06:19:46,908 INFO  server.RaftServerConfigKeys (ConfUtils.java:logGet(46)) - raft.server.log.segment.size.max = 32MB (=33554432) (default)
2024-09-10 06:19:46,908 INFO  server.RaftServerConfigKeys (ConfUtils.java:logGet(46)) - raft.server.log.preallocated.size = 4MB (=4194304) (default)
2024-09-10 06:19:46,908 INFO  server.RaftServerConfigKeys (ConfUtils.java:logGet(46)) - raft.server.log.force.sync.num = 128 (default)
2024-09-10 06:19:46,908 INFO  server.RaftServerConfigKeys (ConfUtils.java:logGet(46)) - raft.server.log.statemachine.data.sync = true (default)
2024-09-10 06:19:46,908 INFO  server.RaftServerConfigKeys (ConfUtils.java:logGet(46)) - raft.server.log.statemachine.data.sync.timeout = 10s (default)
2024-09-10 06:19:46,908 INFO  server.RaftServerConfigKeys (ConfUtils.java:logGet(46)) - raft.server.log.statemachine.data.sync.timeout.retry = -1 (default)
2024-09-10 06:19:46,908 INFO  server.RaftServerConfigKeys (ConfUtils.java:logGet(46)) - raft.server.log.write.buffer.size = 8MB (=8388608) (default)
2024-09-10 06:19:46,910 INFO  server.RaftServerConfigKeys (ConfUtils.java:logGet(46)) - raft.server.log.appender.buffer.byte-limit = 4MB (=4194304) (default)
2024-09-10 06:19:46,910 INFO  server.RaftServerConfigKeys (ConfUtils.java:logGet(46)) - raft.server.log.unsafe-flush.enabled = false (default)
2024-09-10 06:19:46,910 INFO  server.RaftServerConfigKeys (ConfUtils.java:logGet(46)) - raft.server.log.async-flush.enabled = false (default)
2024-09-10 06:19:46,910 INFO  server.RaftServerConfigKeys (ConfUtils.java:logGet(46)) - raft.server.log.statemachine.data.caching.enabled = false (default)
2024-09-10 06:19:46,910 INFO  segmented.SegmentedRaftLogWorker (SegmentedRaftLogWorker.java:lambda$new$0(138)) - s12@group-DF8C9DCF2580-SegmentedRaftLogWorker: flushIndex: setUnconditionally 0 -> -1
2024-09-10 06:19:46,910 INFO  segmented.SegmentedRaftLogWorker (SegmentedRaftLogWorker.java:lambda$new$0(138)) - s12@group-DF8C9DCF2580-SegmentedRaftLogWorker: safeCacheEvictIndex: setUnconditionally 0 -> -1
2024-09-10 06:19:46,910 INFO  server.RaftServer$Division (RaftServerImpl.java:start(397)) - s12@group-DF8C9DCF2580: start with initializing state, conf=conf: {index: -1, cur=peers:[]|listeners:[], old=null}
2024-09-10 06:19:46,910 INFO  server.RaftServer$Division (RaftServerImpl.java:setRole(378)) - s12@group-DF8C9DCF2580: changes role from      null to FOLLOWER at term 0 for start
2024-09-10 06:19:46,910 INFO  util.JmxRegister (JmxRegister.java:tryRegister(44)) - Successfully registered JMX Bean with object name Ratis:service=RaftServer,group=group-DF8C9DCF2580,id=s12
2024-09-10 06:19:46,910 INFO  util.JmxRegister (JmxRegister.java:register(58)) - register mxBean class org.apache.ratis.server.impl.RaftServerJmxAdapter as Ratis:service=RaftServer,group=group-DF8C9DCF2580,id=s12
2024-09-10 06:19:46,910 INFO  server.RaftServerConfigKeys (ConfUtils.java:logGet(46)) - raft.server.snapshot.trigger-when-stop.enabled = true (default)
2024-09-10 06:19:46,911 INFO  server.RaftServerConfigKeys (ConfUtils.java:logGet(46)) - raft.server.snapshot.trigger-when-remove.enabled = true (default)
2024-09-10 06:19:46,911 INFO  server.RaftServerConfigKeys (ConfUtils.java:logGet(46)) - raft.server.snapshot.auto.trigger.enabled = false (default)
2024-09-10 06:19:46,911 INFO  server.RaftServerConfigKeys (ConfUtils.java:logGet(46)) - raft.server.snapshot.retention.file.num = -1 (default)
2024-09-10 06:19:46,911 INFO  server.RaftServerConfigKeys (ConfUtils.java:logGet(46)) - raft.server.log.purge.upto.snapshot.index = false (default)
2024-09-10 06:19:46,911 INFO  server.RaftServer (RaftServerProxy.java:startImpl(408)) - s12: start RPC server
2024-09-10 06:19:46,912 INFO  server.GrpcService (GrpcService.java:startImpl(340)) - s12: GrpcService started, listening on 15012
2024-09-10 06:19:46,912 INFO  server.RaftServerConfigKeys (ConfUtils.java:logGet(46)) - raft.server.storage.free-space.min = 0MB (=0) (default)
2024-09-10 06:19:46,912 INFO  util.JvmPauseMonitor (JvmPauseMonitor.java:run(146)) - JvmPauseMonitor-s12: Started
2024-09-10 06:19:46,912 INFO  server.RaftServerConfigKeys (ConfUtils.java:logGet(46)) - raft.server.log.corruption.policy = EXCEPTION (default)
2024-09-10 06:19:46,912 INFO  server.RaftServerConfigKeys (ConfUtils.java:logGet(46)) - raft.server.storage.dir = [/home/runner/work/ratis/ratis/ratis-examples/target/test/data/f624d035/MiniRaftClusterWithGrpc4aa2bfeb/s14] (custom)
2024-09-10 06:19:46,913 INFO  storage.RaftStorageDirectory (RaftStorageDirectoryImpl.java:analyzeStorage(138)) - The storage directory /home/runner/work/ratis/ratis/ratis-examples/target/test/data/f624d035/MiniRaftClusterWithGrpc4aa2bfeb/s14/b3f0f602-2f65-4943-a3d9-df8c9dcf2580 does not exist. Creating ...
2024-09-10 06:19:46,913 TRACE util.FileUtils (LogUtils.java:runAndLog(49)) - Successfully ran Files.createDirectories /home/runner/work/ratis/ratis/ratis-examples/target/test/data/f624d035/MiniRaftClusterWithGrpc4aa2bfeb/s14/b3f0f602-2f65-4943-a3d9-df8c9dcf2580
2024-09-10 06:19:46,915 INFO  storage.RaftStorageDirectory (RaftStorageDirectoryImpl.java:tryLock(229)) - Lock on /home/runner/work/ratis/ratis/ratis-examples/target/test/data/f624d035/MiniRaftClusterWithGrpc4aa2bfeb/s14/b3f0f602-2f65-4943-a3d9-df8c9dcf2580/in_use.lock acquired by nodename 13550@fv-az691-408
2024-09-10 06:19:46,915 TRACE util.FileUtils (LogUtils.java:runAndLog(49)) - Successfully ran Files.createDirectories /home/runner/work/ratis/ratis/ratis-examples/target/test/data/f624d035/MiniRaftClusterWithGrpc4aa2bfeb/s14/b3f0f602-2f65-4943-a3d9-df8c9dcf2580/current
2024-09-10 06:19:46,915 TRACE util.FileUtils (LogUtils.java:runAndLog(49)) - Successfully ran Files.createDirectories /home/runner/work/ratis/ratis/ratis-examples/target/test/data/f624d035/MiniRaftClusterWithGrpc4aa2bfeb/s14/b3f0f602-2f65-4943-a3d9-df8c9dcf2580/sm
2024-09-10 06:19:46,915 TRACE util.FileUtils (LogUtils.java:supplyAndLog(69)) - Successfully supplied FileChannel.open /home/runner/work/ratis/ratis/ratis-examples/target/test/data/f624d035/MiniRaftClusterWithGrpc4aa2bfeb/s14/b3f0f602-2f65-4943-a3d9-df8c9dcf2580/current/raft-meta.tmp with options [CREATE, WRITE]: sun.nio.ch.FileChannelImpl@1933a47f
2024-09-10 06:19:46,916 TRACE util.FileUtils (LogUtils.java:runAndLog(49)) - Successfully ran Atomic Files.move /home/runner/work/ratis/ratis/ratis-examples/target/test/data/f624d035/MiniRaftClusterWithGrpc4aa2bfeb/s14/b3f0f602-2f65-4943-a3d9-df8c9dcf2580/current/raft-meta.tmp to /home/runner/work/ratis/ratis/ratis-examples/target/test/data/f624d035/MiniRaftClusterWithGrpc4aa2bfeb/s14/b3f0f602-2f65-4943-a3d9-df8c9dcf2580/current/raft-meta with options [REPLACE_EXISTING]
2024-09-10 06:19:46,916 INFO  storage.RaftStorage (RaftStorageImpl.java:format(98)) - Storage directory /home/runner/work/ratis/ratis/ratis-examples/target/test/data/f624d035/MiniRaftClusterWithGrpc4aa2bfeb/s14/b3f0f602-2f65-4943-a3d9-df8c9dcf2580 has been successfully formatted.
2024-09-10 06:19:46,916 WARN  statemachine.StateMachine (ArithmeticStateMachine.java:loadSnapshot(115)) - The snapshot info is null.
2024-09-10 06:19:46,916 INFO  server.RaftServerConfigKeys (ConfUtils.java:logGet(46)) - raft.server.log.use.memory = false (default)
2024-09-10 06:19:46,916 INFO  server.RaftServerConfigKeys (ConfUtils.java:logGet(46)) - raft.server.log.purge.gap = 1024 (default)
2024-09-10 06:19:46,916 INFO  server.RaftServerConfigKeys (ConfUtils.java:logGet(46)) - raft.server.log.appender.buffer.byte-limit = 4MB (=4194304) (default)
2024-09-10 06:19:46,916 INFO  server.RaftServerConfigKeys (ConfUtils.java:logGet(46)) - raft.server.log.statemachine.data.read.timeout = 1000ms (default)
2024-09-10 06:19:46,916 INFO  server.RaftServerConfigKeys (ConfUtils.java:logGet(46)) - raft.server.log.purge.preservation.log.num = 0 (default)
2024-09-10 06:19:46,917 INFO  server.RaftServerConfigKeys (ConfUtils.java:logGet(46)) - raft.server.log.segment.size.max = 32MB (=33554432) (default)
2024-09-10 06:19:46,917 INFO  server.RaftServerConfigKeys (ConfUtils.java:logGet(46)) - raft.server.log.segment.cache.num.max = 6 (default)
2024-09-10 06:19:46,917 INFO  server.RaftServerConfigKeys (ConfUtils.java:logGet(46)) - raft.server.log.segment.cache.size.max = 200MB (=209715200) (default)
2024-09-10 06:19:46,917 INFO  server.RaftServerConfigKeys (ConfUtils.java:logGet(46)) - raft.server.log.appender.buffer.byte-limit = 4MB (=4194304) (default)
2024-09-10 06:19:46,917 INFO  util.AwaitToRun (AwaitToRun.java:start(81)) - Thread[s14@group-DF8C9DCF2580-cacheEviction-AwaitToRun,5,main] started
2024-09-10 06:19:46,917 INFO  segmented.SegmentedRaftLogWorker (SegmentedRaftLogWorker.java:<init>(187)) - new s14@group-DF8C9DCF2580-SegmentedRaftLogWorker for RaftStorageImpl:Storage Directory /home/runner/work/ratis/ratis/ratis-examples/target/test/data/f624d035/MiniRaftClusterWithGrpc4aa2bfeb/s14/b3f0f602-2f65-4943-a3d9-df8c9dcf2580
2024-09-10 06:19:46,917 INFO  server.RaftServerConfigKeys (ConfUtils.java:logGet(46)) - raft.server.log.queue.byte-limit = 64MB (=67108864) (default)
2024-09-10 06:19:46,917 INFO  server.RaftServerConfigKeys (ConfUtils.java:logGet(46)) - raft.server.log.queue.element-limit = 4096 (default)
2024-09-10 06:19:46,917 INFO  server.RaftServerConfigKeys (ConfUtils.java:logGet(46)) - raft.server.log.segment.size.max = 32MB (=33554432) (default)
2024-09-10 06:19:46,917 INFO  server.RaftServerConfigKeys (ConfUtils.java:logGet(46)) - raft.server.log.preallocated.size = 4MB (=4194304) (default)
2024-09-10 06:19:46,917 INFO  server.RaftServerConfigKeys (ConfUtils.java:logGet(46)) - raft.server.log.force.sync.num = 128 (default)
2024-09-10 06:19:46,917 INFO  server.RaftServerConfigKeys (ConfUtils.java:logGet(46)) - raft.server.log.statemachine.data.sync = true (default)
2024-09-10 06:19:46,917 INFO  server.RaftServerConfigKeys (ConfUtils.java:logGet(46)) - raft.server.log.statemachine.data.sync.timeout = 10s (default)
2024-09-10 06:19:46,917 INFO  server.RaftServerConfigKeys (ConfUtils.java:logGet(46)) - raft.server.log.statemachine.data.sync.timeout.retry = -1 (default)
2024-09-10 06:19:46,917 INFO  server.RaftServerConfigKeys (ConfUtils.java:logGet(46)) - raft.server.log.write.buffer.size = 8MB (=8388608) (default)
2024-09-10 06:19:46,919 INFO  server.RaftServerConfigKeys (ConfUtils.java:logGet(46)) - raft.server.log.appender.buffer.byte-limit = 4MB (=4194304) (default)
2024-09-10 06:19:46,919 INFO  server.RaftServerConfigKeys (ConfUtils.java:logGet(46)) - raft.server.log.unsafe-flush.enabled = false (default)
2024-09-10 06:19:46,919 INFO  server.RaftServerConfigKeys (ConfUtils.java:logGet(46)) - raft.server.log.async-flush.enabled = false (default)
2024-09-10 06:19:46,919 INFO  server.RaftServerConfigKeys (ConfUtils.java:logGet(46)) - raft.server.log.statemachine.data.caching.enabled = false (default)
2024-09-10 06:19:46,919 INFO  segmented.SegmentedRaftLogWorker (SegmentedRaftLogWorker.java:lambda$new$0(138)) - s14@group-DF8C9DCF2580-SegmentedRaftLogWorker: flushIndex: setUnconditionally 0 -> -1
2024-09-10 06:19:46,919 INFO  segmented.SegmentedRaftLogWorker (SegmentedRaftLogWorker.java:lambda$new$0(138)) - s14@group-DF8C9DCF2580-SegmentedRaftLogWorker: safeCacheEvictIndex: setUnconditionally 0 -> -1
2024-09-10 06:19:46,919 INFO  server.RaftServer$Division (RaftServerImpl.java:start(397)) - s14@group-DF8C9DCF2580: start with initializing state, conf=conf: {index: -1, cur=peers:[]|listeners:[], old=null}
2024-09-10 06:19:46,919 INFO  server.RaftServer$Division (RaftServerImpl.java:setRole(378)) - s14@group-DF8C9DCF2580: changes role from      null to FOLLOWER at term 0 for start
2024-09-10 06:19:46,920 INFO  util.JmxRegister (JmxRegister.java:tryRegister(44)) - Successfully registered JMX Bean with object name Ratis:service=RaftServer,group=group-DF8C9DCF2580,id=s14
2024-09-10 06:19:46,920 INFO  util.JmxRegister (JmxRegister.java:register(58)) - register mxBean class org.apache.ratis.server.impl.RaftServerJmxAdapter as Ratis:service=RaftServer,group=group-DF8C9DCF2580,id=s14
2024-09-10 06:19:46,920 INFO  server.RaftServerConfigKeys (ConfUtils.java:logGet(46)) - raft.server.snapshot.trigger-when-stop.enabled = true (default)
2024-09-10 06:19:46,920 INFO  server.RaftServerConfigKeys (ConfUtils.java:logGet(46)) - raft.server.snapshot.trigger-when-remove.enabled = true (default)
2024-09-10 06:19:46,920 INFO  server.RaftServerConfigKeys (ConfUtils.java:logGet(46)) - raft.server.snapshot.auto.trigger.enabled = false (default)
2024-09-10 06:19:46,920 INFO  server.RaftServerConfigKeys (ConfUtils.java:logGet(46)) - raft.server.snapshot.retention.file.num = -1 (default)
2024-09-10 06:19:46,920 INFO  server.RaftServerConfigKeys (ConfUtils.java:logGet(46)) - raft.server.log.purge.upto.snapshot.index = false (default)
2024-09-10 06:19:46,920 INFO  server.RaftServer (RaftServerProxy.java:startImpl(408)) - s14: start RPC server
2024-09-10 06:19:46,921 INFO  server.GrpcService (GrpcService.java:startImpl(340)) - s14: GrpcService started, listening on 15014
2024-09-10 06:19:46,921 INFO  util.JvmPauseMonitor (JvmPauseMonitor.java:run(146)) - JvmPauseMonitor-s14: Started
2024-09-10 06:19:46,922 INFO  server.RaftServerConfigKeys (ConfUtils.java:logGet(46)) - raft.server.storage.free-space.min = 0MB (=0) (default)
2024-09-10 06:19:46,922 INFO  server.RaftServerConfigKeys (ConfUtils.java:logGet(46)) - raft.server.log.corruption.policy = EXCEPTION (default)
2024-09-10 06:19:46,922 INFO  server.RaftServerConfigKeys (ConfUtils.java:logGet(46)) - raft.server.storage.dir = [/home/runner/work/ratis/ratis/ratis-examples/target/test/data/f624d035/MiniRaftClusterWithGrpc4aa2bfeb/s0] (custom)
2024-09-10 06:19:46,922 INFO  storage.RaftStorageDirectory (RaftStorageDirectoryImpl.java:analyzeStorage(138)) - The storage directory /home/runner/work/ratis/ratis/ratis-examples/target/test/data/f624d035/MiniRaftClusterWithGrpc4aa2bfeb/s0/b3f0f602-2f65-4943-a3d9-df8c9dcf2580 does not exist. Creating ...
2024-09-10 06:19:46,922 TRACE util.FileUtils (LogUtils.java:runAndLog(49)) - Successfully ran Files.createDirectories /home/runner/work/ratis/ratis/ratis-examples/target/test/data/f624d035/MiniRaftClusterWithGrpc4aa2bfeb/s0/b3f0f602-2f65-4943-a3d9-df8c9dcf2580
2024-09-10 06:19:46,924 INFO  storage.RaftStorageDirectory (RaftStorageDirectoryImpl.java:tryLock(229)) - Lock on /home/runner/work/ratis/ratis/ratis-examples/target/test/data/f624d035/MiniRaftClusterWithGrpc4aa2bfeb/s0/b3f0f602-2f65-4943-a3d9-df8c9dcf2580/in_use.lock acquired by nodename 13550@fv-az691-408
2024-09-10 06:19:46,924 TRACE util.FileUtils (LogUtils.java:runAndLog(49)) - Successfully ran Files.createDirectories /home/runner/work/ratis/ratis/ratis-examples/target/test/data/f624d035/MiniRaftClusterWithGrpc4aa2bfeb/s0/b3f0f602-2f65-4943-a3d9-df8c9dcf2580/current
2024-09-10 06:19:46,924 TRACE util.FileUtils (LogUtils.java:runAndLog(49)) - Successfully ran Files.createDirectories /home/runner/work/ratis/ratis/ratis-examples/target/test/data/f624d035/MiniRaftClusterWithGrpc4aa2bfeb/s0/b3f0f602-2f65-4943-a3d9-df8c9dcf2580/sm
2024-09-10 06:19:46,924 TRACE util.FileUtils (LogUtils.java:supplyAndLog(69)) - Successfully supplied FileChannel.open /home/runner/work/ratis/ratis/ratis-examples/target/test/data/f624d035/MiniRaftClusterWithGrpc4aa2bfeb/s0/b3f0f602-2f65-4943-a3d9-df8c9dcf2580/current/raft-meta.tmp with options [CREATE, WRITE]: sun.nio.ch.FileChannelImpl@48f0fdfa
2024-09-10 06:19:46,925 TRACE util.FileUtils (LogUtils.java:runAndLog(49)) - Successfully ran Atomic Files.move /home/runner/work/ratis/ratis/ratis-examples/target/test/data/f624d035/MiniRaftClusterWithGrpc4aa2bfeb/s0/b3f0f602-2f65-4943-a3d9-df8c9dcf2580/current/raft-meta.tmp to /home/runner/work/ratis/ratis/ratis-examples/target/test/data/f624d035/MiniRaftClusterWithGrpc4aa2bfeb/s0/b3f0f602-2f65-4943-a3d9-df8c9dcf2580/current/raft-meta with options [REPLACE_EXISTING]
2024-09-10 06:19:46,925 INFO  storage.RaftStorage (RaftStorageImpl.java:format(98)) - Storage directory /home/runner/work/ratis/ratis/ratis-examples/target/test/data/f624d035/MiniRaftClusterWithGrpc4aa2bfeb/s0/b3f0f602-2f65-4943-a3d9-df8c9dcf2580 has been successfully formatted.
2024-09-10 06:19:46,925 WARN  statemachine.StateMachine (ArithmeticStateMachine.java:loadSnapshot(115)) - The snapshot info is null.
2024-09-10 06:19:46,925 INFO  server.RaftServerConfigKeys (ConfUtils.java:logGet(46)) - raft.server.log.use.memory = false (default)
2024-09-10 06:19:46,925 INFO  server.RaftServerConfigKeys (ConfUtils.java:logGet(46)) - raft.server.log.purge.gap = 1024 (default)
2024-09-10 06:19:46,925 INFO  server.RaftServerConfigKeys (ConfUtils.java:logGet(46)) - raft.server.log.appender.buffer.byte-limit = 4MB (=4194304) (default)
2024-09-10 06:19:46,925 INFO  server.RaftServerConfigKeys (ConfUtils.java:logGet(46)) - raft.server.log.statemachine.data.read.timeout = 1000ms (default)
2024-09-10 06:19:46,926 INFO  server.RaftServerConfigKeys (ConfUtils.java:logGet(46)) - raft.server.log.purge.preservation.log.num = 0 (default)
2024-09-10 06:19:46,926 INFO  server.RaftServerConfigKeys (ConfUtils.java:logGet(46)) - raft.server.log.segment.size.max = 32MB (=33554432) (default)
2024-09-10 06:19:46,926 INFO  server.RaftServerConfigKeys (ConfUtils.java:logGet(46)) - raft.server.log.segment.cache.num.max = 6 (default)
2024-09-10 06:19:46,926 INFO  server.RaftServerConfigKeys (ConfUtils.java:logGet(46)) - raft.server.log.segment.cache.size.max = 200MB (=209715200) (default)
2024-09-10 06:19:46,926 INFO  server.RaftServerConfigKeys (ConfUtils.java:logGet(46)) - raft.server.log.appender.buffer.byte-limit = 4MB (=4194304) (default)
2024-09-10 06:19:46,926 INFO  util.AwaitToRun (AwaitToRun.java:start(81)) - Thread[s0@group-DF8C9DCF2580-cacheEviction-AwaitToRun,5,main] started
2024-09-10 06:19:46,926 INFO  segmented.SegmentedRaftLogWorker (SegmentedRaftLogWorker.java:<init>(187)) - new s0@group-DF8C9DCF2580-SegmentedRaftLogWorker for RaftStorageImpl:Storage Directory /home/runner/work/ratis/ratis/ratis-examples/target/test/data/f624d035/MiniRaftClusterWithGrpc4aa2bfeb/s0/b3f0f602-2f65-4943-a3d9-df8c9dcf2580
2024-09-10 06:19:46,926 INFO  server.RaftServerConfigKeys (ConfUtils.java:logGet(46)) - raft.server.log.queue.byte-limit = 64MB (=67108864) (default)
2024-09-10 06:19:46,926 INFO  server.RaftServerConfigKeys (ConfUtils.java:logGet(46)) - raft.server.log.queue.element-limit = 4096 (default)
2024-09-10 06:19:46,926 INFO  server.RaftServerConfigKeys (ConfUtils.java:logGet(46)) - raft.server.log.segment.size.max = 32MB (=33554432) (default)
2024-09-10 06:19:46,926 INFO  server.RaftServerConfigKeys (ConfUtils.java:logGet(46)) - raft.server.log.preallocated.size = 4MB (=4194304) (default)
2024-09-10 06:19:46,926 INFO  server.RaftServerConfigKeys (ConfUtils.java:logGet(46)) - raft.server.log.force.sync.num = 128 (default)
2024-09-10 06:19:46,926 INFO  server.RaftServerConfigKeys (ConfUtils.java:logGet(46)) - raft.server.log.statemachine.data.sync = true (default)
2024-09-10 06:19:46,926 INFO  server.RaftServerConfigKeys (ConfUtils.java:logGet(46)) - raft.server.log.statemachine.data.sync.timeout = 10s (default)
2024-09-10 06:19:46,926 INFO  server.RaftServerConfigKeys (ConfUtils.java:logGet(46)) - raft.server.log.statemachine.data.sync.timeout.retry = -1 (default)
2024-09-10 06:19:46,926 INFO  server.RaftServerConfigKeys (ConfUtils.java:logGet(46)) - raft.server.log.write.buffer.size = 8MB (=8388608) (default)
2024-09-10 06:19:46,928 INFO  server.RaftServerConfigKeys (ConfUtils.java:logGet(46)) - raft.server.log.appender.buffer.byte-limit = 4MB (=4194304) (default)
2024-09-10 06:19:46,928 INFO  server.RaftServerConfigKeys (ConfUtils.java:logGet(46)) - raft.server.log.unsafe-flush.enabled = false (default)
2024-09-10 06:19:46,928 INFO  server.RaftServerConfigKeys (ConfUtils.java:logGet(46)) - raft.server.log.async-flush.enabled = false (default)
2024-09-10 06:19:46,928 INFO  server.RaftServerConfigKeys (ConfUtils.java:logGet(46)) - raft.server.log.statemachine.data.caching.enabled = false (default)
2024-09-10 06:19:46,928 INFO  segmented.SegmentedRaftLogWorker (SegmentedRaftLogWorker.java:lambda$new$0(138)) - s0@group-DF8C9DCF2580-SegmentedRaftLogWorker: flushIndex: setUnconditionally 0 -> -1
2024-09-10 06:19:46,928 INFO  segmented.SegmentedRaftLogWorker (SegmentedRaftLogWorker.java:lambda$new$0(138)) - s0@group-DF8C9DCF2580-SegmentedRaftLogWorker: safeCacheEvictIndex: setUnconditionally 0 -> -1
2024-09-10 06:19:46,928 INFO  server.RaftServer$Division (RaftServerImpl.java:start(397)) - s0@group-DF8C9DCF2580: start with initializing state, conf=conf: {index: -1, cur=peers:[]|listeners:[], old=null}
2024-09-10 06:19:46,928 INFO  server.RaftServer$Division (RaftServerImpl.java:setRole(378)) - s0@group-DF8C9DCF2580: changes role from      null to FOLLOWER at term 0 for start
2024-09-10 06:19:46,928 INFO  util.JmxRegister (JmxRegister.java:tryRegister(44)) - Successfully registered JMX Bean with object name Ratis:service=RaftServer,group=group-DF8C9DCF2580,id=s0
2024-09-10 06:19:46,928 INFO  util.JmxRegister (JmxRegister.java:register(58)) - register mxBean class org.apache.ratis.server.impl.RaftServerJmxAdapter as Ratis:service=RaftServer,group=group-DF8C9DCF2580,id=s0
2024-09-10 06:19:46,928 INFO  server.RaftServerConfigKeys (ConfUtils.java:logGet(46)) - raft.server.snapshot.trigger-when-stop.enabled = true (default)
2024-09-10 06:19:46,928 INFO  server.RaftServerConfigKeys (ConfUtils.java:logGet(46)) - raft.server.snapshot.trigger-when-remove.enabled = true (default)
2024-09-10 06:19:46,928 INFO  server.RaftServerConfigKeys (ConfUtils.java:logGet(46)) - raft.server.snapshot.auto.trigger.enabled = false (default)
2024-09-10 06:19:46,929 INFO  server.RaftServerConfigKeys (ConfUtils.java:logGet(46)) - raft.server.snapshot.retention.file.num = -1 (default)
2024-09-10 06:19:46,929 INFO  server.RaftServerConfigKeys (ConfUtils.java:logGet(46)) - raft.server.log.purge.upto.snapshot.index = false (default)
2024-09-10 06:19:46,931 INFO  server.RaftServer (RaftServerProxy.java:startImpl(408)) - s0: start RPC server
2024-09-10 06:19:46,932 INFO  server.GrpcService (GrpcService.java:startImpl(340)) - s0: GrpcService started, listening on 15000
2024-09-10 06:19:46,933 INFO  util.JvmPauseMonitor (JvmPauseMonitor.java:run(146)) - JvmPauseMonitor-s0: Started
2024-09-10 06:19:46,933 INFO  server.RaftServerConfigKeys (ConfUtils.java:logGet(46)) - raft.server.storage.free-space.min = 0MB (=0) (default)
2024-09-10 06:19:46,933 INFO  server.RaftServerConfigKeys (ConfUtils.java:logGet(46)) - raft.server.log.corruption.policy = EXCEPTION (default)
2024-09-10 06:19:46,933 INFO  server.RaftServerConfigKeys (ConfUtils.java:logGet(46)) - raft.server.storage.dir = [/home/runner/work/ratis/ratis/ratis-examples/target/test/data/f624d035/MiniRaftClusterWithGrpc4aa2bfeb/s1] (custom)
2024-09-10 06:19:46,933 INFO  storage.RaftStorageDirectory (RaftStorageDirectoryImpl.java:analyzeStorage(138)) - The storage directory /home/runner/work/ratis/ratis/ratis-examples/target/test/data/f624d035/MiniRaftClusterWithGrpc4aa2bfeb/s1/b3f0f602-2f65-4943-a3d9-df8c9dcf2580 does not exist. Creating ...
2024-09-10 06:19:46,933 TRACE util.FileUtils (LogUtils.java:runAndLog(49)) - Successfully ran Files.createDirectories /home/runner/work/ratis/ratis/ratis-examples/target/test/data/f624d035/MiniRaftClusterWithGrpc4aa2bfeb/s1/b3f0f602-2f65-4943-a3d9-df8c9dcf2580
2024-09-10 06:19:46,935 INFO  storage.RaftStorageDirectory (RaftStorageDirectoryImpl.java:tryLock(229)) - Lock on /home/runner/work/ratis/ratis/ratis-examples/target/test/data/f624d035/MiniRaftClusterWithGrpc4aa2bfeb/s1/b3f0f602-2f65-4943-a3d9-df8c9dcf2580/in_use.lock acquired by nodename 13550@fv-az691-408
2024-09-10 06:19:46,935 TRACE util.FileUtils (LogUtils.java:runAndLog(49)) - Successfully ran Files.createDirectories /home/runner/work/ratis/ratis/ratis-examples/target/test/data/f624d035/MiniRaftClusterWithGrpc4aa2bfeb/s1/b3f0f602-2f65-4943-a3d9-df8c9dcf2580/current
2024-09-10 06:19:46,935 TRACE util.FileUtils (LogUtils.java:runAndLog(49)) - Successfully ran Files.createDirectories /home/runner/work/ratis/ratis/ratis-examples/target/test/data/f624d035/MiniRaftClusterWithGrpc4aa2bfeb/s1/b3f0f602-2f65-4943-a3d9-df8c9dcf2580/sm
2024-09-10 06:19:46,935 TRACE util.FileUtils (LogUtils.java:supplyAndLog(69)) - Successfully supplied FileChannel.open /home/runner/work/ratis/ratis/ratis-examples/target/test/data/f624d035/MiniRaftClusterWithGrpc4aa2bfeb/s1/b3f0f602-2f65-4943-a3d9-df8c9dcf2580/current/raft-meta.tmp with options [CREATE, WRITE]: sun.nio.ch.FileChannelImpl@4af61f7
2024-09-10 06:19:46,937 TRACE util.FileUtils (LogUtils.java:runAndLog(49)) - Successfully ran Atomic Files.move /home/runner/work/ratis/ratis/ratis-examples/target/test/data/f624d035/MiniRaftClusterWithGrpc4aa2bfeb/s1/b3f0f602-2f65-4943-a3d9-df8c9dcf2580/current/raft-meta.tmp to /home/runner/work/ratis/ratis/ratis-examples/target/test/data/f624d035/MiniRaftClusterWithGrpc4aa2bfeb/s1/b3f0f602-2f65-4943-a3d9-df8c9dcf2580/current/raft-meta with options [REPLACE_EXISTING]
2024-09-10 06:19:46,937 INFO  storage.RaftStorage (RaftStorageImpl.java:format(98)) - Storage directory /home/runner/work/ratis/ratis/ratis-examples/target/test/data/f624d035/MiniRaftClusterWithGrpc4aa2bfeb/s1/b3f0f602-2f65-4943-a3d9-df8c9dcf2580 has been successfully formatted.
2024-09-10 06:19:46,937 WARN  statemachine.StateMachine (ArithmeticStateMachine.java:loadSnapshot(115)) - The snapshot info is null.
2024-09-10 06:19:46,937 INFO  server.RaftServerConfigKeys (ConfUtils.java:logGet(46)) - raft.server.log.use.memory = false (default)
2024-09-10 06:19:46,937 INFO  server.RaftServerConfigKeys (ConfUtils.java:logGet(46)) - raft.server.log.purge.gap = 1024 (default)
2024-09-10 06:19:46,937 INFO  server.RaftServerConfigKeys (ConfUtils.java:logGet(46)) - raft.server.log.appender.buffer.byte-limit = 4MB (=4194304) (default)
2024-09-10 06:19:46,937 INFO  server.RaftServerConfigKeys (ConfUtils.java:logGet(46)) - raft.server.log.statemachine.data.read.timeout = 1000ms (default)
2024-09-10 06:19:46,937 INFO  server.RaftServerConfigKeys (ConfUtils.java:logGet(46)) - raft.server.log.purge.preservation.log.num = 0 (default)
2024-09-10 06:19:46,938 INFO  server.RaftServerConfigKeys (ConfUtils.java:logGet(46)) - raft.server.log.segment.size.max = 32MB (=33554432) (default)
2024-09-10 06:19:46,938 INFO  server.RaftServerConfigKeys (ConfUtils.java:logGet(46)) - raft.server.log.segment.cache.num.max = 6 (default)
2024-09-10 06:19:46,938 INFO  server.RaftServerConfigKeys (ConfUtils.java:logGet(46)) - raft.server.log.segment.cache.size.max = 200MB (=209715200) (default)
2024-09-10 06:19:46,938 INFO  server.RaftServerConfigKeys (ConfUtils.java:logGet(46)) - raft.server.log.appender.buffer.byte-limit = 4MB (=4194304) (default)
2024-09-10 06:19:46,938 INFO  util.AwaitToRun (AwaitToRun.java:start(81)) - Thread[s1@group-DF8C9DCF2580-cacheEviction-AwaitToRun,5,main] started
2024-09-10 06:19:46,938 INFO  segmented.SegmentedRaftLogWorker (SegmentedRaftLogWorker.java:<init>(187)) - new s1@group-DF8C9DCF2580-SegmentedRaftLogWorker for RaftStorageImpl:Storage Directory /home/runner/work/ratis/ratis/ratis-examples/target/test/data/f624d035/MiniRaftClusterWithGrpc4aa2bfeb/s1/b3f0f602-2f65-4943-a3d9-df8c9dcf2580
2024-09-10 06:19:46,938 INFO  server.RaftServerConfigKeys (ConfUtils.java:logGet(46)) - raft.server.log.queue.byte-limit = 64MB (=67108864) (default)
2024-09-10 06:19:46,938 INFO  server.RaftServerConfigKeys (ConfUtils.java:logGet(46)) - raft.server.log.queue.element-limit = 4096 (default)
2024-09-10 06:19:46,938 INFO  server.RaftServerConfigKeys (ConfUtils.java:logGet(46)) - raft.server.log.segment.size.max = 32MB (=33554432) (default)
2024-09-10 06:19:46,938 INFO  server.RaftServerConfigKeys (ConfUtils.java:logGet(46)) - raft.server.log.preallocated.size = 4MB (=4194304) (default)
2024-09-10 06:19:46,938 INFO  server.RaftServerConfigKeys (ConfUtils.java:logGet(46)) - raft.server.log.force.sync.num = 128 (default)
2024-09-10 06:19:46,938 INFO  server.RaftServerConfigKeys (ConfUtils.java:logGet(46)) - raft.server.log.statemachine.data.sync = true (default)
2024-09-10 06:19:46,938 INFO  server.RaftServerConfigKeys (ConfUtils.java:logGet(46)) - raft.server.log.statemachine.data.sync.timeout = 10s (default)
2024-09-10 06:19:46,939 INFO  server.RaftServerConfigKeys (ConfUtils.java:logGet(46)) - raft.server.log.statemachine.data.sync.timeout.retry = -1 (default)
2024-09-10 06:19:46,939 INFO  server.RaftServerConfigKeys (ConfUtils.java:logGet(46)) - raft.server.log.write.buffer.size = 8MB (=8388608) (default)
2024-09-10 06:19:46,939 INFO  server.RaftServerConfigKeys (ConfUtils.java:logGet(46)) - raft.server.log.appender.buffer.byte-limit = 4MB (=4194304) (default)
2024-09-10 06:19:46,939 INFO  server.RaftServerConfigKeys (ConfUtils.java:logGet(46)) - raft.server.log.unsafe-flush.enabled = false (default)
2024-09-10 06:19:46,939 INFO  server.RaftServerConfigKeys (ConfUtils.java:logGet(46)) - raft.server.log.async-flush.enabled = false (default)
2024-09-10 06:19:46,939 INFO  server.RaftServerConfigKeys (ConfUtils.java:logGet(46)) - raft.server.log.statemachine.data.caching.enabled = false (default)
2024-09-10 06:19:46,939 INFO  segmented.SegmentedRaftLogWorker (SegmentedRaftLogWorker.java:lambda$new$0(138)) - s1@group-DF8C9DCF2580-SegmentedRaftLogWorker: flushIndex: setUnconditionally 0 -> -1
2024-09-10 06:19:46,939 INFO  segmented.SegmentedRaftLogWorker (SegmentedRaftLogWorker.java:lambda$new$0(138)) - s1@group-DF8C9DCF2580-SegmentedRaftLogWorker: safeCacheEvictIndex: setUnconditionally 0 -> -1
2024-09-10 06:19:46,940 INFO  server.RaftServer$Division (RaftServerImpl.java:start(397)) - s1@group-DF8C9DCF2580: start with initializing state, conf=conf: {index: -1, cur=peers:[]|listeners:[], old=null}
2024-09-10 06:19:46,940 INFO  server.RaftServer$Division (RaftServerImpl.java:setRole(378)) - s1@group-DF8C9DCF2580: changes role from      null to FOLLOWER at term 0 for start
2024-09-10 06:19:46,940 INFO  util.JmxRegister (JmxRegister.java:tryRegister(44)) - Successfully registered JMX Bean with object name Ratis:service=RaftServer,group=group-DF8C9DCF2580,id=s1
2024-09-10 06:19:46,940 INFO  util.JmxRegister (JmxRegister.java:register(58)) - register mxBean class org.apache.ratis.server.impl.RaftServerJmxAdapter as Ratis:service=RaftServer,group=group-DF8C9DCF2580,id=s1
2024-09-10 06:19:46,940 INFO  server.RaftServerConfigKeys (ConfUtils.java:logGet(46)) - raft.server.snapshot.trigger-when-stop.enabled = true (default)
2024-09-10 06:19:46,940 INFO  server.RaftServerConfigKeys (ConfUtils.java:logGet(46)) - raft.server.snapshot.trigger-when-remove.enabled = true (default)
2024-09-10 06:19:46,940 INFO  server.RaftServerConfigKeys (ConfUtils.java:logGet(46)) - raft.server.snapshot.auto.trigger.enabled = false (default)
2024-09-10 06:19:46,940 INFO  server.RaftServerConfigKeys (ConfUtils.java:logGet(46)) - raft.server.snapshot.retention.file.num = -1 (default)
2024-09-10 06:19:46,940 INFO  server.RaftServerConfigKeys (ConfUtils.java:logGet(46)) - raft.server.log.purge.upto.snapshot.index = false (default)
2024-09-10 06:19:46,943 INFO  server.RaftServer (RaftServerProxy.java:startImpl(408)) - s1: start RPC server
2024-09-10 06:19:46,944 INFO  server.GrpcService (GrpcService.java:startImpl(340)) - s1: GrpcService started, listening on 15001
2024-09-10 06:19:46,944 INFO  util.JvmPauseMonitor (JvmPauseMonitor.java:run(146)) - JvmPauseMonitor-s1: Started
2024-09-10 06:19:46,944 INFO  server.RaftServerConfigKeys (ConfUtils.java:logGet(46)) - raft.server.storage.free-space.min = 0MB (=0) (default)
2024-09-10 06:19:46,944 INFO  server.RaftServerConfigKeys (ConfUtils.java:logGet(46)) - raft.server.log.corruption.policy = EXCEPTION (default)
2024-09-10 06:19:46,945 INFO  server.RaftServerConfigKeys (ConfUtils.java:logGet(46)) - raft.server.storage.dir = [/home/runner/work/ratis/ratis/ratis-examples/target/test/data/f624d035/MiniRaftClusterWithGrpc4aa2bfeb/s2] (custom)
2024-09-10 06:19:46,945 INFO  storage.RaftStorageDirectory (RaftStorageDirectoryImpl.java:analyzeStorage(138)) - The storage directory /home/runner/work/ratis/ratis/ratis-examples/target/test/data/f624d035/MiniRaftClusterWithGrpc4aa2bfeb/s2/b3f0f602-2f65-4943-a3d9-df8c9dcf2580 does not exist. Creating ...
2024-09-10 06:19:46,945 TRACE util.FileUtils (LogUtils.java:runAndLog(49)) - Successfully ran Files.createDirectories /home/runner/work/ratis/ratis/ratis-examples/target/test/data/f624d035/MiniRaftClusterWithGrpc4aa2bfeb/s2/b3f0f602-2f65-4943-a3d9-df8c9dcf2580
2024-09-10 06:19:46,947 INFO  storage.RaftStorageDirectory (RaftStorageDirectoryImpl.java:tryLock(229)) - Lock on /home/runner/work/ratis/ratis/ratis-examples/target/test/data/f624d035/MiniRaftClusterWithGrpc4aa2bfeb/s2/b3f0f602-2f65-4943-a3d9-df8c9dcf2580/in_use.lock acquired by nodename 13550@fv-az691-408
2024-09-10 06:19:46,947 TRACE util.FileUtils (LogUtils.java:runAndLog(49)) - Successfully ran Files.createDirectories /home/runner/work/ratis/ratis/ratis-examples/target/test/data/f624d035/MiniRaftClusterWithGrpc4aa2bfeb/s2/b3f0f602-2f65-4943-a3d9-df8c9dcf2580/current
2024-09-10 06:19:46,947 TRACE util.FileUtils (LogUtils.java:runAndLog(49)) - Successfully ran Files.createDirectories /home/runner/work/ratis/ratis/ratis-examples/target/test/data/f624d035/MiniRaftClusterWithGrpc4aa2bfeb/s2/b3f0f602-2f65-4943-a3d9-df8c9dcf2580/sm
2024-09-10 06:19:46,947 TRACE util.FileUtils (LogUtils.java:supplyAndLog(69)) - Successfully supplied FileChannel.open /home/runner/work/ratis/ratis/ratis-examples/target/test/data/f624d035/MiniRaftClusterWithGrpc4aa2bfeb/s2/b3f0f602-2f65-4943-a3d9-df8c9dcf2580/current/raft-meta.tmp with options [CREATE, WRITE]: sun.nio.ch.FileChannelImpl@fa0c7e5
2024-09-10 06:19:46,949 TRACE util.FileUtils (LogUtils.java:runAndLog(49)) - Successfully ran Atomic Files.move /home/runner/work/ratis/ratis/ratis-examples/target/test/data/f624d035/MiniRaftClusterWithGrpc4aa2bfeb/s2/b3f0f602-2f65-4943-a3d9-df8c9dcf2580/current/raft-meta.tmp to /home/runner/work/ratis/ratis/ratis-examples/target/test/data/f624d035/MiniRaftClusterWithGrpc4aa2bfeb/s2/b3f0f602-2f65-4943-a3d9-df8c9dcf2580/current/raft-meta with options [REPLACE_EXISTING]
2024-09-10 06:19:46,949 INFO  storage.RaftStorage (RaftStorageImpl.java:format(98)) - Storage directory /home/runner/work/ratis/ratis/ratis-examples/target/test/data/f624d035/MiniRaftClusterWithGrpc4aa2bfeb/s2/b3f0f602-2f65-4943-a3d9-df8c9dcf2580 has been successfully formatted.
2024-09-10 06:19:46,949 WARN  statemachine.StateMachine (ArithmeticStateMachine.java:loadSnapshot(115)) - The snapshot info is null.
2024-09-10 06:19:46,949 INFO  server.RaftServerConfigKeys (ConfUtils.java:logGet(46)) - raft.server.log.use.memory = false (default)
2024-09-10 06:19:46,949 INFO  server.RaftServerConfigKeys (ConfUtils.java:logGet(46)) - raft.server.log.purge.gap = 1024 (default)
2024-09-10 06:19:46,949 INFO  server.RaftServerConfigKeys (ConfUtils.java:logGet(46)) - raft.server.log.appender.buffer.byte-limit = 4MB (=4194304) (default)
2024-09-10 06:19:46,949 INFO  server.RaftServerConfigKeys (ConfUtils.java:logGet(46)) - raft.server.log.statemachine.data.read.timeout = 1000ms (default)
2024-09-10 06:19:46,949 INFO  server.RaftServerConfigKeys (ConfUtils.java:logGet(46)) - raft.server.log.purge.preservation.log.num = 0 (default)
2024-09-10 06:19:46,950 INFO  server.RaftServerConfigKeys (ConfUtils.java:logGet(46)) - raft.server.log.segment.size.max = 32MB (=33554432) (default)
2024-09-10 06:19:46,950 INFO  server.RaftServerConfigKeys (ConfUtils.java:logGet(46)) - raft.server.log.segment.cache.num.max = 6 (default)
2024-09-10 06:19:46,950 INFO  server.RaftServerConfigKeys (ConfUtils.java:logGet(46)) - raft.server.log.segment.cache.size.max = 200MB (=209715200) (default)
2024-09-10 06:19:46,950 INFO  server.RaftServerConfigKeys (ConfUtils.java:logGet(46)) - raft.server.log.appender.buffer.byte-limit = 4MB (=4194304) (default)
2024-09-10 06:19:46,950 INFO  util.AwaitToRun (AwaitToRun.java:start(81)) - Thread[s2@group-DF8C9DCF2580-cacheEviction-AwaitToRun,5,main] started
2024-09-10 06:19:46,950 INFO  segmented.SegmentedRaftLogWorker (SegmentedRaftLogWorker.java:<init>(187)) - new s2@group-DF8C9DCF2580-SegmentedRaftLogWorker for RaftStorageImpl:Storage Directory /home/runner/work/ratis/ratis/ratis-examples/target/test/data/f624d035/MiniRaftClusterWithGrpc4aa2bfeb/s2/b3f0f602-2f65-4943-a3d9-df8c9dcf2580
2024-09-10 06:19:46,950 INFO  server.RaftServerConfigKeys (ConfUtils.java:logGet(46)) - raft.server.log.queue.byte-limit = 64MB (=67108864) (default)
2024-09-10 06:19:46,950 INFO  server.RaftServerConfigKeys (ConfUtils.java:logGet(46)) - raft.server.log.queue.element-limit = 4096 (default)
2024-09-10 06:19:46,950 INFO  server.RaftServerConfigKeys (ConfUtils.java:logGet(46)) - raft.server.log.segment.size.max = 32MB (=33554432) (default)
2024-09-10 06:19:46,950 INFO  server.RaftServerConfigKeys (ConfUtils.java:logGet(46)) - raft.server.log.preallocated.size = 4MB (=4194304) (default)
2024-09-10 06:19:46,950 INFO  server.RaftServerConfigKeys (ConfUtils.java:logGet(46)) - raft.server.log.force.sync.num = 128 (default)
2024-09-10 06:19:46,950 INFO  server.RaftServerConfigKeys (ConfUtils.java:logGet(46)) - raft.server.log.statemachine.data.sync = true (default)
2024-09-10 06:19:46,950 INFO  server.RaftServerConfigKeys (ConfUtils.java:logGet(46)) - raft.server.log.statemachine.data.sync.timeout = 10s (default)
2024-09-10 06:19:46,951 INFO  server.RaftServerConfigKeys (ConfUtils.java:logGet(46)) - raft.server.log.statemachine.data.sync.timeout.retry = -1 (default)
2024-09-10 06:19:46,951 INFO  server.RaftServerConfigKeys (ConfUtils.java:logGet(46)) - raft.server.log.write.buffer.size = 8MB (=8388608) (default)
2024-09-10 06:19:46,951 INFO  server.RaftServerConfigKeys (ConfUtils.java:logGet(46)) - raft.server.log.appender.buffer.byte-limit = 4MB (=4194304) (default)
2024-09-10 06:19:46,951 INFO  server.RaftServerConfigKeys (ConfUtils.java:logGet(46)) - raft.server.log.unsafe-flush.enabled = false (default)
2024-09-10 06:19:46,951 INFO  server.RaftServerConfigKeys (ConfUtils.java:logGet(46)) - raft.server.log.async-flush.enabled = false (default)
2024-09-10 06:19:46,951 INFO  server.RaftServerConfigKeys (ConfUtils.java:logGet(46)) - raft.server.log.statemachine.data.caching.enabled = false (default)
2024-09-10 06:19:46,951 INFO  segmented.SegmentedRaftLogWorker (SegmentedRaftLogWorker.java:lambda$new$0(138)) - s2@group-DF8C9DCF2580-SegmentedRaftLogWorker: flushIndex: setUnconditionally 0 -> -1
2024-09-10 06:19:46,952 INFO  segmented.SegmentedRaftLogWorker (SegmentedRaftLogWorker.java:lambda$new$0(138)) - s2@group-DF8C9DCF2580-SegmentedRaftLogWorker: safeCacheEvictIndex: setUnconditionally 0 -> -1
2024-09-10 06:19:46,952 INFO  server.RaftServer$Division (RaftServerImpl.java:start(397)) - s2@group-DF8C9DCF2580: start with initializing state, conf=conf: {index: -1, cur=peers:[]|listeners:[], old=null}
2024-09-10 06:19:46,952 INFO  server.RaftServer$Division (RaftServerImpl.java:setRole(378)) - s2@group-DF8C9DCF2580: changes role from      null to FOLLOWER at term 0 for start
2024-09-10 06:19:46,952 INFO  util.JmxRegister (JmxRegister.java:tryRegister(44)) - Successfully registered JMX Bean with object name Ratis:service=RaftServer,group=group-DF8C9DCF2580,id=s2
2024-09-10 06:19:46,952 INFO  util.JmxRegister (JmxRegister.java:register(58)) - register mxBean class org.apache.ratis.server.impl.RaftServerJmxAdapter as Ratis:service=RaftServer,group=group-DF8C9DCF2580,id=s2
2024-09-10 06:19:46,952 INFO  server.RaftServerConfigKeys (ConfUtils.java:logGet(46)) - raft.server.snapshot.trigger-when-stop.enabled = true (default)
2024-09-10 06:19:46,952 INFO  server.RaftServerConfigKeys (ConfUtils.java:logGet(46)) - raft.server.snapshot.trigger-when-remove.enabled = true (default)
2024-09-10 06:19:46,952 INFO  server.RaftServerConfigKeys (ConfUtils.java:logGet(46)) - raft.server.snapshot.auto.trigger.enabled = false (default)
2024-09-10 06:19:46,952 INFO  server.RaftServerConfigKeys (ConfUtils.java:logGet(46)) - raft.server.snapshot.retention.file.num = -1 (default)
2024-09-10 06:19:46,952 INFO  server.RaftServerConfigKeys (ConfUtils.java:logGet(46)) - raft.server.log.purge.upto.snapshot.index = false (default)
2024-09-10 06:19:46,952 INFO  server.RaftServer (RaftServerProxy.java:startImpl(408)) - s2: start RPC server
2024-09-10 06:19:46,953 INFO  server.GrpcService (GrpcService.java:startImpl(340)) - s2: GrpcService started, listening on 15002
2024-09-10 06:19:46,954 INFO  util.JvmPauseMonitor (JvmPauseMonitor.java:run(146)) - JvmPauseMonitor-s2: Started
2024-09-10 06:19:47,954 INFO  impl.GroupManagementBaseTest (GroupManagementBaseTest.java:runMultiGroupTest(267)) - start: printing ALL groups
  s3:  RUNNING  FOLLOWER s3@group-DF8C9DCF2580:t0, leader=null, voted=, raftlog=Memoized:s3@group-DF8C9DCF2580-SegmentedRaftLog:OPENED:c-1:lastnull, conf=conf: {index: -1, cur=peers:[]|listeners:[], old=null} STARTING
  s4:  RUNNING  FOLLOWER s4@group-DF8C9DCF2580:t0, leader=null, voted=, raftlog=Memoized:s4@group-DF8C9DCF2580-SegmentedRaftLog:OPENED:c-1:lastnull, conf=conf: {index: -1, cur=peers:[]|listeners:[], old=null} STARTING
  s5:  RUNNING  FOLLOWER s5@group-DF8C9DCF2580:t0, leader=null, voted=, raftlog=Memoized:s5@group-DF8C9DCF2580-SegmentedRaftLog:OPENED:c-1:lastnull, conf=conf: {index: -1, cur=peers:[]|listeners:[], old=null} STARTING
  s6:  RUNNING  FOLLOWER s6@group-DF8C9DCF2580:t0, leader=null, voted=, raftlog=Memoized:s6@group-DF8C9DCF2580-SegmentedRaftLog:OPENED:c-1:lastnull, conf=conf: {index: -1, cur=peers:[]|listeners:[], old=null} STARTING
  s7:  RUNNING  FOLLOWER s7@group-DF8C9DCF2580:t0, leader=null, voted=, raftlog=Memoized:s7@group-DF8C9DCF2580-SegmentedRaftLog:OPENED:c-1:lastnull, conf=conf: {index: -1, cur=peers:[]|listeners:[], old=null} STARTING
  s8:  RUNNING  FOLLOWER s8@group-DF8C9DCF2580:t0, leader=null, voted=, raftlog=Memoized:s8@group-DF8C9DCF2580-SegmentedRaftLog:OPENED:c-1:lastnull, conf=conf: {index: -1, cur=peers:[]|listeners:[], old=null} STARTING
  s9:  RUNNING  FOLLOWER s9@group-DF8C9DCF2580:t0, leader=null, voted=, raftlog=Memoized:s9@group-DF8C9DCF2580-SegmentedRaftLog:OPENED:c-1:lastnull, conf=conf: {index: -1, cur=peers:[]|listeners:[], old=null} STARTING
  s11:  RUNNING  FOLLOWER s11@group-DF8C9DCF2580:t0, leader=null, voted=, raftlog=Memoized:s11@group-DF8C9DCF2580-SegmentedRaftLog:OPENED:c-1:lastnull, conf=conf: {index: -1, cur=peers:[]|listeners:[], old=null} STARTING
  s10:  RUNNING  FOLLOWER s10@group-DF8C9DCF2580:t0, leader=null, voted=, raftlog=Memoized:s10@group-DF8C9DCF2580-SegmentedRaftLog:OPENED:c-1:lastnull, conf=conf: {index: -1, cur=peers:[]|listeners:[], old=null} STARTING
  s13:  RUNNING  FOLLOWER s13@group-DF8C9DCF2580:t0, leader=null, voted=, raftlog=Memoized:s13@group-DF8C9DCF2580-SegmentedRaftLog:OPENED:c-1:lastnull, conf=conf: {index: -1, cur=peers:[]|listeners:[], old=null} STARTING
  s12:  RUNNING  FOLLOWER s12@group-DF8C9DCF2580:t0, leader=null, voted=, raftlog=Memoized:s12@group-DF8C9DCF2580-SegmentedRaftLog:OPENED:c-1:lastnull, conf=conf: {index: -1, cur=peers:[]|listeners:[], old=null} STARTING
  s14:  RUNNING  FOLLOWER s14@group-DF8C9DCF2580:t0, leader=null, voted=, raftlog=Memoized:s14@group-DF8C9DCF2580-SegmentedRaftLog:OPENED:c-1:lastnull, conf=conf: {index: -1, cur=peers:[]|listeners:[], old=null} STARTING
  s0:  RUNNING  FOLLOWER s0@group-DF8C9DCF2580:t0, leader=null, voted=, raftlog=Memoized:s0@group-DF8C9DCF2580-SegmentedRaftLog:OPENED:c-1:lastnull, conf=conf: {index: -1, cur=peers:[]|listeners:[], old=null} STARTING
  s1:  RUNNING  FOLLOWER s1@group-DF8C9DCF2580:t0, leader=null, voted=, raftlog=Memoized:s1@group-DF8C9DCF2580-SegmentedRaftLog:OPENED:c-1:lastnull, conf=conf: {index: -1, cur=peers:[]|listeners:[], old=null} STARTING
  s2:  RUNNING  FOLLOWER s2@group-DF8C9DCF2580:t0, leader=null, voted=, raftlog=Memoized:s2@group-DF8C9DCF2580-SegmentedRaftLog:OPENED:c-1:lastnull, conf=conf: {index: -1, cur=peers:[]|listeners:[], old=null} STARTING
2024-09-10 06:19:47,955 INFO  impl.GroupManagementBaseTest (GroupManagementBaseTest.java:runMultiGroupTest(281)) - 0) starting group-5D788F7A274C:[s10|0.0.0.0:15010, s0|0.0.0.0:15000, s1|0.0.0.0:15001]
2024-09-10 06:19:48,318 INFO  server.RaftServer (RaftServerProxy.java:addNew(101)) - s0: addNew group-5D788F7A274C:[s10|0.0.0.0:15010, s0|0.0.0.0:15000, s1|0.0.0.0:15001] returns group-5D788F7A274C:java.util.concurrent.CompletableFuture@2b24b77e[Not completed]
2024-09-10 06:19:48,318 INFO  server.RaftServer$Division (RaftServerImpl.java:<init>(255)) - s0: new RaftServerImpl for group-5D788F7A274C:[s10|0.0.0.0:15010, s0|0.0.0.0:15000, s1|0.0.0.0:15001] with ArithmeticStateMachine:uninitialized
2024-09-10 06:19:48,319 INFO  server.RaftServerConfigKeys (ConfUtils.java:logGet(46)) - raft.server.rpc.timeout.min = 300ms (custom)
2024-09-10 06:19:48,319 INFO  server.RaftServerConfigKeys (ConfUtils.java:logGet(46)) - raft.server.rpc.timeout.max = 600ms (custom)
2024-09-10 06:19:48,319 INFO  server.RaftServerConfigKeys (ConfUtils.java:logGet(46)) - raft.server.rpc.sleep.time = 25ms (default)
2024-09-10 06:19:48,319 INFO  server.RaftServerConfigKeys (ConfUtils.java:logGet(46)) - raft.server.rpc.slowness.timeout = 60s (default)
2024-09-10 06:19:48,319 INFO  server.RaftServerConfigKeys (ConfUtils.java:logGet(46)) - raft.server.leaderelection.leader.step-down.wait-time = 10s (default)
2024-09-10 06:19:48,319 INFO  server.RaftServerConfigKeys (ConfUtils.java:logGet(46)) - raft.server.leaderelection.member.majority-add = false (default)
2024-09-10 06:19:48,319 INFO  server.RaftServerConfigKeys (ConfUtils.java:logGet(46)) - raft.server.sleep.deviation.threshold = 300ms (default)
2024-09-10 06:19:48,319 INFO  server.RaftServer$Division (ServerState.java:<init>(114)) - s0@group-5D788F7A274C: ConfigurationManager, init=conf: {index: -1, cur=peers:[s10|0.0.0.0:15010, s0|0.0.0.0:15000, s1|0.0.0.0:15001]|listeners:[], old=null}, confs=<EMPTY_MAP>
2024-09-10 06:19:48,319 INFO  server.RaftServerConfigKeys (ConfUtils.java:logGet(46)) - raft.server.notification.no-leader.timeout = 60s (default)
2024-09-10 06:19:48,319 INFO  server.RaftServerConfigKeys (ConfUtils.java:logGet(46)) - raft.server.read.timeout = 10s (default)
2024-09-10 06:19:48,320 INFO  server.RaftServerConfigKeys (ConfUtils.java:logGet(46)) - raft.server.retrycache.expirytime = 60s (default)
2024-09-10 06:19:48,320 INFO  server.RaftServerConfigKeys (ConfUtils.java:logGet(46)) - raft.server.retrycache.statistics.expirytime = 100ms (default)
2024-09-10 06:19:48,320 INFO  server.RaftServerConfigKeys (ConfUtils.java:logGet(46)) - raft.server.read.option = DEFAULT (default)
2024-09-10 06:19:48,320 INFO  server.RaftServerConfigKeys (ConfUtils.java:logGet(46)) - raft.server.read.read-after-write-consistent.write-index-cache.expiry-time = 60s (default)
2024-09-10 06:19:48,321 INFO  server.RaftServerConfigKeys (ConfUtils.java:logGet(46)) - raft.server.rpc.request.timeout = 3000ms (default)
2024-09-10 06:19:48,321 INFO  server.RaftServerConfigKeys (ConfUtils.java:logGet(46)) - raft.server.log.appender.install.snapshot.enabled = true (default)
2024-09-10 06:19:48,321 INFO  server.RaftServerConfigKeys (ConfUtils.java:logGet(46)) - raft.server.threadpool.server.cached = true (default)
2024-09-10 06:19:48,321 INFO  server.RaftServerConfigKeys (ConfUtils.java:logGet(46)) - raft.server.threadpool.server.size = 0 (default)
2024-09-10 06:19:48,321 INFO  server.RaftServerConfigKeys (ConfUtils.java:logGet(46)) - raft.server.threadpool.client.cached = true (default)
2024-09-10 06:19:48,321 INFO  server.RaftServerConfigKeys (ConfUtils.java:logGet(46)) - raft.server.threadpool.client.size = 0 (default)
2024-09-10 06:19:48,321 INFO  server.RaftServerConfigKeys (ConfUtils.java:logGet(46)) - raft.server.storage.free-space.min = 0MB (=0) (default)
2024-09-10 06:19:48,321 INFO  server.RaftServerConfigKeys (ConfUtils.java:logGet(46)) - raft.server.log.corruption.policy = EXCEPTION (default)
2024-09-10 06:19:48,321 INFO  server.RaftServerConfigKeys (ConfUtils.java:logGet(46)) - raft.server.storage.dir = [/home/runner/work/ratis/ratis/ratis-examples/target/test/data/f624d035/MiniRaftClusterWithGrpc4aa2bfeb/s0] (custom)
2024-09-10 06:19:48,322 INFO  storage.RaftStorageDirectory (RaftStorageDirectoryImpl.java:analyzeStorage(138)) - The storage directory /home/runner/work/ratis/ratis/ratis-examples/target/test/data/f624d035/MiniRaftClusterWithGrpc4aa2bfeb/s0/746c2775-00df-41b8-9955-5d788f7a274c does not exist. Creating ...
2024-09-10 06:19:48,322 TRACE util.FileUtils (LogUtils.java:runAndLog(49)) - Successfully ran Files.createDirectories /home/runner/work/ratis/ratis/ratis-examples/target/test/data/f624d035/MiniRaftClusterWithGrpc4aa2bfeb/s0/746c2775-00df-41b8-9955-5d788f7a274c
2024-09-10 06:19:48,324 INFO  storage.RaftStorageDirectory (RaftStorageDirectoryImpl.java:tryLock(229)) - Lock on /home/runner/work/ratis/ratis/ratis-examples/target/test/data/f624d035/MiniRaftClusterWithGrpc4aa2bfeb/s0/746c2775-00df-41b8-9955-5d788f7a274c/in_use.lock acquired by nodename 13550@fv-az691-408
2024-09-10 06:19:48,324 TRACE util.FileUtils (LogUtils.java:runAndLog(49)) - Successfully ran Files.createDirectories /home/runner/work/ratis/ratis/ratis-examples/target/test/data/f624d035/MiniRaftClusterWithGrpc4aa2bfeb/s0/746c2775-00df-41b8-9955-5d788f7a274c/current
2024-09-10 06:19:48,324 TRACE util.FileUtils (LogUtils.java:runAndLog(49)) - Successfully ran Files.createDirectories /home/runner/work/ratis/ratis/ratis-examples/target/test/data/f624d035/MiniRaftClusterWithGrpc4aa2bfeb/s0/746c2775-00df-41b8-9955-5d788f7a274c/sm
2024-09-10 06:19:48,324 TRACE util.FileUtils (LogUtils.java:supplyAndLog(69)) - Successfully supplied FileChannel.open /home/runner/work/ratis/ratis/ratis-examples/target/test/data/f624d035/MiniRaftClusterWithGrpc4aa2bfeb/s0/746c2775-00df-41b8-9955-5d788f7a274c/current/raft-meta.tmp with options [CREATE, WRITE]: sun.nio.ch.FileChannelImpl@1fa5535e
2024-09-10 06:19:48,326 TRACE util.FileUtils (LogUtils.java:runAndLog(49)) - Successfully ran Atomic Files.move /home/runner/work/ratis/ratis/ratis-examples/target/test/data/f624d035/MiniRaftClusterWithGrpc4aa2bfeb/s0/746c2775-00df-41b8-9955-5d788f7a274c/current/raft-meta.tmp to /home/runner/work/ratis/ratis/ratis-examples/target/test/data/f624d035/MiniRaftClusterWithGrpc4aa2bfeb/s0/746c2775-00df-41b8-9955-5d788f7a274c/current/raft-meta with options [REPLACE_EXISTING]
2024-09-10 06:19:48,326 INFO  storage.RaftStorage (RaftStorageImpl.java:format(98)) - Storage directory /home/runner/work/ratis/ratis/ratis-examples/target/test/data/f624d035/MiniRaftClusterWithGrpc4aa2bfeb/s0/746c2775-00df-41b8-9955-5d788f7a274c has been successfully formatted.
2024-09-10 06:19:48,326 WARN  statemachine.StateMachine (ArithmeticStateMachine.java:loadSnapshot(115)) - The snapshot info is null.
2024-09-10 06:19:48,326 INFO  server.RaftServerConfigKeys (ConfUtils.java:logGet(46)) - raft.server.log.use.memory = false (default)
2024-09-10 06:19:48,326 INFO  server.RaftServerConfigKeys (ConfUtils.java:logGet(46)) - raft.server.log.purge.gap = 1024 (default)
2024-09-10 06:19:48,326 INFO  server.RaftServerConfigKeys (ConfUtils.java:logGet(46)) - raft.server.log.appender.buffer.byte-limit = 4MB (=4194304) (default)
2024-09-10 06:19:48,327 INFO  server.RaftServerConfigKeys (ConfUtils.java:logGet(46)) - raft.server.log.statemachine.data.read.timeout = 1000ms (default)
2024-09-10 06:19:48,327 INFO  server.RaftServerConfigKeys (ConfUtils.java:logGet(46)) - raft.server.log.purge.preservation.log.num = 0 (default)
2024-09-10 06:19:48,327 INFO  server.RaftServerConfigKeys (ConfUtils.java:logGet(46)) - raft.server.log.segment.size.max = 32MB (=33554432) (default)
2024-09-10 06:19:48,327 INFO  server.RaftServerConfigKeys (ConfUtils.java:logGet(46)) - raft.server.log.segment.cache.num.max = 6 (default)
2024-09-10 06:19:48,327 INFO  server.RaftServerConfigKeys (ConfUtils.java:logGet(46)) - raft.server.log.segment.cache.size.max = 200MB (=209715200) (default)
2024-09-10 06:19:48,327 INFO  server.RaftServerConfigKeys (ConfUtils.java:logGet(46)) - raft.server.log.appender.buffer.byte-limit = 4MB (=4194304) (default)
2024-09-10 06:19:48,328 INFO  util.AwaitToRun (AwaitToRun.java:start(81)) - Thread[s0@group-5D788F7A274C-cacheEviction-AwaitToRun,5,main] started
2024-09-10 06:19:48,328 INFO  segmented.SegmentedRaftLogWorker (SegmentedRaftLogWorker.java:<init>(187)) - new s0@group-5D788F7A274C-SegmentedRaftLogWorker for RaftStorageImpl:Storage Directory /home/runner/work/ratis/ratis/ratis-examples/target/test/data/f624d035/MiniRaftClusterWithGrpc4aa2bfeb/s0/746c2775-00df-41b8-9955-5d788f7a274c
2024-09-10 06:19:48,328 INFO  server.RaftServerConfigKeys (ConfUtils.java:logGet(46)) - raft.server.log.queue.byte-limit = 64MB (=67108864) (default)
2024-09-10 06:19:48,328 INFO  server.RaftServerConfigKeys (ConfUtils.java:logGet(46)) - raft.server.log.queue.element-limit = 4096 (default)
2024-09-10 06:19:48,329 INFO  server.RaftServerConfigKeys (ConfUtils.java:logGet(46)) - raft.server.log.segment.size.max = 32MB (=33554432) (default)
2024-09-10 06:19:48,329 INFO  server.RaftServerConfigKeys (ConfUtils.java:logGet(46)) - raft.server.log.preallocated.size = 4MB (=4194304) (default)
2024-09-10 06:19:48,329 INFO  server.RaftServerConfigKeys (ConfUtils.java:logGet(46)) - raft.server.log.force.sync.num = 128 (default)
2024-09-10 06:19:48,329 INFO  server.RaftServerConfigKeys (ConfUtils.java:logGet(46)) - raft.server.log.statemachine.data.sync = true (default)
2024-09-10 06:19:48,329 INFO  server.RaftServerConfigKeys (ConfUtils.java:logGet(46)) - raft.server.log.statemachine.data.sync.timeout = 10s (default)
2024-09-10 06:19:48,329 INFO  server.RaftServerConfigKeys (ConfUtils.java:logGet(46)) - raft.server.log.statemachine.data.sync.timeout.retry = -1 (default)
2024-09-10 06:19:48,329 INFO  server.RaftServerConfigKeys (ConfUtils.java:logGet(46)) - raft.server.log.write.buffer.size = 8MB (=8388608) (default)
2024-09-10 06:19:48,330 INFO  server.RaftServerConfigKeys (ConfUtils.java:logGet(46)) - raft.server.log.appender.buffer.byte-limit = 4MB (=4194304) (default)
2024-09-10 06:19:48,330 INFO  server.RaftServerConfigKeys (ConfUtils.java:logGet(46)) - raft.server.log.unsafe-flush.enabled = false (default)
2024-09-10 06:19:48,330 INFO  server.RaftServerConfigKeys (ConfUtils.java:logGet(46)) - raft.server.log.async-flush.enabled = false (default)
2024-09-10 06:19:48,330 INFO  server.RaftServerConfigKeys (ConfUtils.java:logGet(46)) - raft.server.log.statemachine.data.caching.enabled = false (default)
2024-09-10 06:19:48,330 INFO  segmented.SegmentedRaftLogWorker (SegmentedRaftLogWorker.java:lambda$new$0(138)) - s0@group-5D788F7A274C-SegmentedRaftLogWorker: flushIndex: setUnconditionally 0 -> -1
2024-09-10 06:19:48,330 INFO  segmented.SegmentedRaftLogWorker (SegmentedRaftLogWorker.java:lambda$new$0(138)) - s0@group-5D788F7A274C-SegmentedRaftLogWorker: safeCacheEvictIndex: setUnconditionally 0 -> -1
2024-09-10 06:19:48,331 INFO  server.RaftServer$Division (RaftServerImpl.java:start(391)) - s0@group-5D788F7A274C: start as a follower, conf=conf: {index: -1, cur=peers:[s10|0.0.0.0:15010, s0|0.0.0.0:15000, s1|0.0.0.0:15001]|listeners:[], old=null}
2024-09-10 06:19:48,331 INFO  server.RaftServer$Division (RaftServerImpl.java:setRole(378)) - s0@group-5D788F7A274C: changes role from      null to FOLLOWER at term 0 for startAsFollower
2024-09-10 06:19:48,331 INFO  impl.RoleInfo (RoleInfo.java:updateAndGet(148)) - s0: start s0@group-5D788F7A274C-FollowerState
2024-09-10 06:19:48,333 INFO  server.RaftServerConfigKeys (ConfUtils.java:logFallback(53)) - raft.server.rpc.first-election.timeout.min = 300ms (fallback to raft.server.rpc.timeout.min)
2024-09-10 06:19:48,333 INFO  util.JmxRegister (JmxRegister.java:tryRegister(44)) - Successfully registered JMX Bean with object name Ratis:service=RaftServer,group=group-5D788F7A274C,id=s0
2024-09-10 06:19:48,333 INFO  util.JmxRegister (JmxRegister.java:register(58)) - register mxBean class org.apache.ratis.server.impl.RaftServerJmxAdapter as Ratis:service=RaftServer,group=group-5D788F7A274C,id=s0
2024-09-10 06:19:48,333 INFO  server.RaftServerConfigKeys (ConfUtils.java:logGet(46)) - raft.server.snapshot.trigger-when-stop.enabled = true (default)
2024-09-10 06:19:48,333 INFO  server.RaftServerConfigKeys (ConfUtils.java:logGet(46)) - raft.server.snapshot.trigger-when-remove.enabled = true (default)
2024-09-10 06:19:48,333 INFO  server.RaftServerConfigKeys (ConfUtils.java:logGet(46)) - raft.server.snapshot.auto.trigger.enabled = false (default)
2024-09-10 06:19:48,333 INFO  server.RaftServerConfigKeys (ConfUtils.java:logGet(46)) - raft.server.snapshot.retention.file.num = -1 (default)
2024-09-10 06:19:48,333 INFO  server.RaftServerConfigKeys (ConfUtils.java:logGet(46)) - raft.server.log.purge.upto.snapshot.index = false (default)
2024-09-10 06:19:48,333 INFO  server.RaftServerConfigKeys (ConfUtils.java:logFallback(53)) - raft.server.rpc.first-election.timeout.max = 600ms (fallback to raft.server.rpc.timeout.max)
2024-09-10 06:19:48,380 INFO  server.RaftServer (RaftServerProxy.java:addNew(101)) - s1: addNew group-5D788F7A274C:[s10|0.0.0.0:15010, s0|0.0.0.0:15000, s1|0.0.0.0:15001] returns group-5D788F7A274C:java.util.concurrent.CompletableFuture@38285937[Not completed]
2024-09-10 06:19:48,381 INFO  server.RaftServer$Division (RaftServerImpl.java:<init>(255)) - s1: new RaftServerImpl for group-5D788F7A274C:[s10|0.0.0.0:15010, s0|0.0.0.0:15000, s1|0.0.0.0:15001] with ArithmeticStateMachine:uninitialized
2024-09-10 06:19:48,381 INFO  server.RaftServerConfigKeys (ConfUtils.java:logGet(46)) - raft.server.rpc.timeout.min = 300ms (custom)
2024-09-10 06:19:48,381 INFO  server.RaftServerConfigKeys (ConfUtils.java:logGet(46)) - raft.server.rpc.timeout.max = 600ms (custom)
2024-09-10 06:19:48,381 INFO  server.RaftServerConfigKeys (ConfUtils.java:logGet(46)) - raft.server.rpc.sleep.time = 25ms (default)
2024-09-10 06:19:48,381 INFO  server.RaftServerConfigKeys (ConfUtils.java:logGet(46)) - raft.server.rpc.slowness.timeout = 60s (default)
2024-09-10 06:19:48,381 INFO  server.RaftServerConfigKeys (ConfUtils.java:logGet(46)) - raft.server.leaderelection.leader.step-down.wait-time = 10s (default)
2024-09-10 06:19:48,381 INFO  server.RaftServerConfigKeys (ConfUtils.java:logGet(46)) - raft.server.leaderelection.member.majority-add = false (default)
2024-09-10 06:19:48,381 INFO  server.RaftServerConfigKeys (ConfUtils.java:logGet(46)) - raft.server.sleep.deviation.threshold = 300ms (default)
2024-09-10 06:19:48,381 INFO  server.RaftServer$Division (ServerState.java:<init>(114)) - s1@group-5D788F7A274C: ConfigurationManager, init=conf: {index: -1, cur=peers:[s10|0.0.0.0:15010, s0|0.0.0.0:15000, s1|0.0.0.0:15001]|listeners:[], old=null}, confs=<EMPTY_MAP>
2024-09-10 06:19:48,381 INFO  server.RaftServerConfigKeys (ConfUtils.java:logGet(46)) - raft.server.notification.no-leader.timeout = 60s (default)
2024-09-10 06:19:48,381 INFO  server.RaftServerConfigKeys (ConfUtils.java:logGet(46)) - raft.server.read.timeout = 10s (default)
2024-09-10 06:19:48,381 INFO  server.RaftServerConfigKeys (ConfUtils.java:logGet(46)) - raft.server.retrycache.expirytime = 60s (default)
2024-09-10 06:19:48,381 INFO  server.RaftServerConfigKeys (ConfUtils.java:logGet(46)) - raft.server.retrycache.statistics.expirytime = 100ms (default)
2024-09-10 06:19:48,381 INFO  server.RaftServerConfigKeys (ConfUtils.java:logGet(46)) - raft.server.read.option = DEFAULT (default)
2024-09-10 06:19:48,381 INFO  server.RaftServerConfigKeys (ConfUtils.java:logGet(46)) - raft.server.read.read-after-write-consistent.write-index-cache.expiry-time = 60s (default)
2024-09-10 06:19:48,382 INFO  server.RaftServerConfigKeys (ConfUtils.java:logGet(46)) - raft.server.rpc.request.timeout = 3000ms (default)
2024-09-10 06:19:48,382 INFO  server.RaftServerConfigKeys (ConfUtils.java:logGet(46)) - raft.server.log.appender.install.snapshot.enabled = true (default)
2024-09-10 06:19:48,382 INFO  server.RaftServerConfigKeys (ConfUtils.java:logGet(46)) - raft.server.threadpool.server.cached = true (default)
2024-09-10 06:19:48,382 INFO  server.RaftServerConfigKeys (ConfUtils.java:logGet(46)) - raft.server.threadpool.server.size = 0 (default)
2024-09-10 06:19:48,382 INFO  server.RaftServerConfigKeys (ConfUtils.java:logGet(46)) - raft.server.threadpool.client.cached = true (default)
2024-09-10 06:19:48,382 INFO  server.RaftServerConfigKeys (ConfUtils.java:logGet(46)) - raft.server.threadpool.client.size = 0 (default)
2024-09-10 06:19:48,382 INFO  server.RaftServerConfigKeys (ConfUtils.java:logGet(46)) - raft.server.storage.free-space.min = 0MB (=0) (default)
2024-09-10 06:19:48,382 INFO  server.RaftServerConfigKeys (ConfUtils.java:logGet(46)) - raft.server.log.corruption.policy = EXCEPTION (default)
2024-09-10 06:19:48,382 INFO  server.RaftServerConfigKeys (ConfUtils.java:logGet(46)) - raft.server.storage.dir = [/home/runner/work/ratis/ratis/ratis-examples/target/test/data/f624d035/MiniRaftClusterWithGrpc4aa2bfeb/s1] (custom)
2024-09-10 06:19:48,383 INFO  storage.RaftStorageDirectory (RaftStorageDirectoryImpl.java:analyzeStorage(138)) - The storage directory /home/runner/work/ratis/ratis/ratis-examples/target/test/data/f624d035/MiniRaftClusterWithGrpc4aa2bfeb/s1/746c2775-00df-41b8-9955-5d788f7a274c does not exist. Creating ...
2024-09-10 06:19:48,383 TRACE util.FileUtils (LogUtils.java:runAndLog(49)) - Successfully ran Files.createDirectories /home/runner/work/ratis/ratis/ratis-examples/target/test/data/f624d035/MiniRaftClusterWithGrpc4aa2bfeb/s1/746c2775-00df-41b8-9955-5d788f7a274c
2024-09-10 06:19:48,384 INFO  storage.RaftStorageDirectory (RaftStorageDirectoryImpl.java:tryLock(229)) - Lock on /home/runner/work/ratis/ratis/ratis-examples/target/test/data/f624d035/MiniRaftClusterWithGrpc4aa2bfeb/s1/746c2775-00df-41b8-9955-5d788f7a274c/in_use.lock acquired by nodename 13550@fv-az691-408
2024-09-10 06:19:48,384 TRACE util.FileUtils (LogUtils.java:runAndLog(49)) - Successfully ran Files.createDirectories /home/runner/work/ratis/ratis/ratis-examples/target/test/data/f624d035/MiniRaftClusterWithGrpc4aa2bfeb/s1/746c2775-00df-41b8-9955-5d788f7a274c/current
2024-09-10 06:19:48,384 TRACE util.FileUtils (LogUtils.java:runAndLog(49)) - Successfully ran Files.createDirectories /home/runner/work/ratis/ratis/ratis-examples/target/test/data/f624d035/MiniRaftClusterWithGrpc4aa2bfeb/s1/746c2775-00df-41b8-9955-5d788f7a274c/sm
2024-09-10 06:19:48,384 TRACE util.FileUtils (LogUtils.java:supplyAndLog(69)) - Successfully supplied FileChannel.open /home/runner/work/ratis/ratis/ratis-examples/target/test/data/f624d035/MiniRaftClusterWithGrpc4aa2bfeb/s1/746c2775-00df-41b8-9955-5d788f7a274c/current/raft-meta.tmp with options [CREATE, WRITE]: sun.nio.ch.FileChannelImpl@37871e49
2024-09-10 06:19:48,385 TRACE util.FileUtils (LogUtils.java:runAndLog(49)) - Successfully ran Atomic Files.move /home/runner/work/ratis/ratis/ratis-examples/target/test/data/f624d035/MiniRaftClusterWithGrpc4aa2bfeb/s1/746c2775-00df-41b8-9955-5d788f7a274c/current/raft-meta.tmp to /home/runner/work/ratis/ratis/ratis-examples/target/test/data/f624d035/MiniRaftClusterWithGrpc4aa2bfeb/s1/746c2775-00df-41b8-9955-5d788f7a274c/current/raft-meta with options [REPLACE_EXISTING]
2024-09-10 06:19:48,385 INFO  storage.RaftStorage (RaftStorageImpl.java:format(98)) - Storage directory /home/runner/work/ratis/ratis/ratis-examples/target/test/data/f624d035/MiniRaftClusterWithGrpc4aa2bfeb/s1/746c2775-00df-41b8-9955-5d788f7a274c has been successfully formatted.
2024-09-10 06:19:48,385 WARN  statemachine.StateMachine (ArithmeticStateMachine.java:loadSnapshot(115)) - The snapshot info is null.
2024-09-10 06:19:48,385 INFO  server.RaftServerConfigKeys (ConfUtils.java:logGet(46)) - raft.server.log.use.memory = false (default)
2024-09-10 06:19:48,385 INFO  server.RaftServerConfigKeys (ConfUtils.java:logGet(46)) - raft.server.log.purge.gap = 1024 (default)
2024-09-10 06:19:48,385 INFO  server.RaftServerConfigKeys (ConfUtils.java:logGet(46)) - raft.server.log.appender.buffer.byte-limit = 4MB (=4194304) (default)
2024-09-10 06:19:48,385 INFO  server.RaftServerConfigKeys (ConfUtils.java:logGet(46)) - raft.server.log.statemachine.data.read.timeout = 1000ms (default)
2024-09-10 06:19:48,386 INFO  server.RaftServerConfigKeys (ConfUtils.java:logGet(46)) - raft.server.log.purge.preservation.log.num = 0 (default)
2024-09-10 06:19:48,386 INFO  server.RaftServerConfigKeys (ConfUtils.java:logGet(46)) - raft.server.log.segment.size.max = 32MB (=33554432) (default)
2024-09-10 06:19:48,386 INFO  server.RaftServerConfigKeys (ConfUtils.java:logGet(46)) - raft.server.log.segment.cache.num.max = 6 (default)
2024-09-10 06:19:48,386 INFO  server.RaftServerConfigKeys (ConfUtils.java:logGet(46)) - raft.server.log.segment.cache.size.max = 200MB (=209715200) (default)
2024-09-10 06:19:48,386 INFO  server.RaftServerConfigKeys (ConfUtils.java:logGet(46)) - raft.server.log.appender.buffer.byte-limit = 4MB (=4194304) (default)
2024-09-10 06:19:48,386 INFO  util.AwaitToRun (AwaitToRun.java:start(81)) - Thread[s1@group-5D788F7A274C-cacheEviction-AwaitToRun,5,main] started
2024-09-10 06:19:48,386 INFO  segmented.SegmentedRaftLogWorker (SegmentedRaftLogWorker.java:<init>(187)) - new s1@group-5D788F7A274C-SegmentedRaftLogWorker for RaftStorageImpl:Storage Directory /home/runner/work/ratis/ratis/ratis-examples/target/test/data/f624d035/MiniRaftClusterWithGrpc4aa2bfeb/s1/746c2775-00df-41b8-9955-5d788f7a274c
2024-09-10 06:19:48,386 INFO  server.RaftServerConfigKeys (ConfUtils.java:logGet(46)) - raft.server.log.queue.byte-limit = 64MB (=67108864) (default)
2024-09-10 06:19:48,386 INFO  server.RaftServerConfigKeys (ConfUtils.java:logGet(46)) - raft.server.log.queue.element-limit = 4096 (default)
2024-09-10 06:19:48,386 INFO  server.RaftServerConfigKeys (ConfUtils.java:logGet(46)) - raft.server.log.segment.size.max = 32MB (=33554432) (default)
2024-09-10 06:19:48,387 INFO  server.RaftServerConfigKeys (ConfUtils.java:logGet(46)) - raft.server.log.preallocated.size = 4MB (=4194304) (default)
2024-09-10 06:19:48,387 INFO  server.RaftServerConfigKeys (ConfUtils.java:logGet(46)) - raft.server.log.force.sync.num = 128 (default)
2024-09-10 06:19:48,387 INFO  server.RaftServerConfigKeys (ConfUtils.java:logGet(46)) - raft.server.log.statemachine.data.sync = true (default)
2024-09-10 06:19:48,387 INFO  server.RaftServerConfigKeys (ConfUtils.java:logGet(46)) - raft.server.log.statemachine.data.sync.timeout = 10s (default)
2024-09-10 06:19:48,387 INFO  server.RaftServerConfigKeys (ConfUtils.java:logGet(46)) - raft.server.log.statemachine.data.sync.timeout.retry = -1 (default)
2024-09-10 06:19:48,387 INFO  server.RaftServerConfigKeys (ConfUtils.java:logGet(46)) - raft.server.log.write.buffer.size = 8MB (=8388608) (default)
2024-09-10 06:19:48,388 INFO  server.RaftServerConfigKeys (ConfUtils.java:logGet(46)) - raft.server.log.appender.buffer.byte-limit = 4MB (=4194304) (default)
2024-09-10 06:19:48,389 INFO  server.RaftServerConfigKeys (ConfUtils.java:logGet(46)) - raft.server.log.unsafe-flush.enabled = false (default)
2024-09-10 06:19:48,389 INFO  server.RaftServerConfigKeys (ConfUtils.java:logGet(46)) - raft.server.log.async-flush.enabled = false (default)
2024-09-10 06:19:48,389 INFO  server.RaftServerConfigKeys (ConfUtils.java:logGet(46)) - raft.server.log.statemachine.data.caching.enabled = false (default)
2024-09-10 06:19:48,389 INFO  segmented.SegmentedRaftLogWorker (SegmentedRaftLogWorker.java:lambda$new$0(138)) - s1@group-5D788F7A274C-SegmentedRaftLogWorker: flushIndex: setUnconditionally 0 -> -1
2024-09-10 06:19:48,389 INFO  segmented.SegmentedRaftLogWorker (SegmentedRaftLogWorker.java:lambda$new$0(138)) - s1@group-5D788F7A274C-SegmentedRaftLogWorker: safeCacheEvictIndex: setUnconditionally 0 -> -1
2024-09-10 06:19:48,389 INFO  server.RaftServer$Division (RaftServerImpl.java:start(391)) - s1@group-5D788F7A274C: start as a follower, conf=conf: {index: -1, cur=peers:[s10|0.0.0.0:15010, s0|0.0.0.0:15000, s1|0.0.0.0:15001]|listeners:[], old=null}
2024-09-10 06:19:48,389 INFO  server.RaftServer$Division (RaftServerImpl.java:setRole(378)) - s1@group-5D788F7A274C: changes role from      null to FOLLOWER at term 0 for startAsFollower
2024-09-10 06:19:48,389 INFO  impl.RoleInfo (RoleInfo.java:updateAndGet(148)) - s1: start s1@group-5D788F7A274C-FollowerState
2024-09-10 06:19:48,389 INFO  server.RaftServerConfigKeys (ConfUtils.java:logFallback(53)) - raft.server.rpc.first-election.timeout.min = 300ms (fallback to raft.server.rpc.timeout.min)
2024-09-10 06:19:48,389 INFO  server.RaftServerConfigKeys (ConfUtils.java:logFallback(53)) - raft.server.rpc.first-election.timeout.max = 600ms (fallback to raft.server.rpc.timeout.max)
2024-09-10 06:19:48,390 INFO  util.JmxRegister (JmxRegister.java:tryRegister(44)) - Successfully registered JMX Bean with object name Ratis:service=RaftServer,group=group-5D788F7A274C,id=s1
2024-09-10 06:19:48,390 INFO  util.JmxRegister (JmxRegister.java:register(58)) - register mxBean class org.apache.ratis.server.impl.RaftServerJmxAdapter as Ratis:service=RaftServer,group=group-5D788F7A274C,id=s1
2024-09-10 06:19:48,390 INFO  server.RaftServerConfigKeys (ConfUtils.java:logGet(46)) - raft.server.snapshot.trigger-when-stop.enabled = true (default)
2024-09-10 06:19:48,390 INFO  server.RaftServerConfigKeys (ConfUtils.java:logGet(46)) - raft.server.snapshot.trigger-when-remove.enabled = true (default)
2024-09-10 06:19:48,390 INFO  server.RaftServerConfigKeys (ConfUtils.java:logGet(46)) - raft.server.snapshot.auto.trigger.enabled = false (default)
2024-09-10 06:19:48,390 INFO  server.RaftServerConfigKeys (ConfUtils.java:logGet(46)) - raft.server.snapshot.retention.file.num = -1 (default)
2024-09-10 06:19:48,390 INFO  server.RaftServerConfigKeys (ConfUtils.java:logGet(46)) - raft.server.log.purge.upto.snapshot.index = false (default)
2024-09-10 06:19:48,412 INFO  server.RaftServer (RaftServerProxy.java:addNew(101)) - s10: addNew group-5D788F7A274C:[s10|0.0.0.0:15010, s0|0.0.0.0:15000, s1|0.0.0.0:15001] returns group-5D788F7A274C:java.util.concurrent.CompletableFuture@c7ffaac[Not completed]
2024-09-10 06:19:48,412 INFO  server.RaftServer$Division (RaftServerImpl.java:<init>(255)) - s10: new RaftServerImpl for group-5D788F7A274C:[s10|0.0.0.0:15010, s0|0.0.0.0:15000, s1|0.0.0.0:15001] with ArithmeticStateMachine:uninitialized
2024-09-10 06:19:48,412 INFO  server.RaftServerConfigKeys (ConfUtils.java:logGet(46)) - raft.server.rpc.timeout.min = 300ms (custom)
2024-09-10 06:19:48,412 INFO  server.RaftServerConfigKeys (ConfUtils.java:logGet(46)) - raft.server.rpc.timeout.max = 600ms (custom)
2024-09-10 06:19:48,413 INFO  server.RaftServerConfigKeys (ConfUtils.java:logGet(46)) - raft.server.rpc.sleep.time = 25ms (default)
2024-09-10 06:19:48,413 INFO  server.RaftServerConfigKeys (ConfUtils.java:logGet(46)) - raft.server.rpc.slowness.timeout = 60s (default)
2024-09-10 06:19:48,413 INFO  server.RaftServerConfigKeys (ConfUtils.java:logGet(46)) - raft.server.leaderelection.leader.step-down.wait-time = 10s (default)
2024-09-10 06:19:48,413 INFO  server.RaftServerConfigKeys (ConfUtils.java:logGet(46)) - raft.server.leaderelection.member.majority-add = false (default)
2024-09-10 06:19:48,413 INFO  server.RaftServerConfigKeys (ConfUtils.java:logGet(46)) - raft.server.sleep.deviation.threshold = 300ms (default)
2024-09-10 06:19:48,413 INFO  server.RaftServer$Division (ServerState.java:<init>(114)) - s10@group-5D788F7A274C: ConfigurationManager, init=conf: {index: -1, cur=peers:[s10|0.0.0.0:15010, s0|0.0.0.0:15000, s1|0.0.0.0:15001]|listeners:[], old=null}, confs=<EMPTY_MAP>
2024-09-10 06:19:48,413 INFO  server.RaftServerConfigKeys (ConfUtils.java:logGet(46)) - raft.server.notification.no-leader.timeout = 60s (default)
2024-09-10 06:19:48,413 INFO  server.RaftServerConfigKeys (ConfUtils.java:logGet(46)) - raft.server.read.timeout = 10s (default)
2024-09-10 06:19:48,413 INFO  server.RaftServerConfigKeys (ConfUtils.java:logGet(46)) - raft.server.retrycache.expirytime = 60s (default)
2024-09-10 06:19:48,413 INFO  server.RaftServerConfigKeys (ConfUtils.java:logGet(46)) - raft.server.retrycache.statistics.expirytime = 100ms (default)
2024-09-10 06:19:48,413 INFO  server.RaftServerConfigKeys (ConfUtils.java:logGet(46)) - raft.server.read.option = DEFAULT (default)
2024-09-10 06:19:48,413 INFO  server.RaftServerConfigKeys (ConfUtils.java:logGet(46)) - raft.server.read.read-after-write-consistent.write-index-cache.expiry-time = 60s (default)
2024-09-10 06:19:48,414 INFO  server.RaftServerConfigKeys (ConfUtils.java:logGet(46)) - raft.server.rpc.request.timeout = 3000ms (default)
2024-09-10 06:19:48,414 INFO  server.RaftServerConfigKeys (ConfUtils.java:logGet(46)) - raft.server.log.appender.install.snapshot.enabled = true (default)
2024-09-10 06:19:48,414 INFO  server.RaftServerConfigKeys (ConfUtils.java:logGet(46)) - raft.server.threadpool.server.cached = true (default)
2024-09-10 06:19:48,414 INFO  server.RaftServerConfigKeys (ConfUtils.java:logGet(46)) - raft.server.threadpool.server.size = 0 (default)
2024-09-10 06:19:48,414 INFO  server.RaftServerConfigKeys (ConfUtils.java:logGet(46)) - raft.server.threadpool.client.cached = true (default)
2024-09-10 06:19:48,414 INFO  server.RaftServerConfigKeys (ConfUtils.java:logGet(46)) - raft.server.threadpool.client.size = 0 (default)
2024-09-10 06:19:48,414 INFO  server.RaftServerConfigKeys (ConfUtils.java:logGet(46)) - raft.server.storage.free-space.min = 0MB (=0) (default)
2024-09-10 06:19:48,414 INFO  server.RaftServerConfigKeys (ConfUtils.java:logGet(46)) - raft.server.log.corruption.policy = EXCEPTION (default)
2024-09-10 06:19:48,414 INFO  server.RaftServerConfigKeys (ConfUtils.java:logGet(46)) - raft.server.storage.dir = [/home/runner/work/ratis/ratis/ratis-examples/target/test/data/f624d035/MiniRaftClusterWithGrpc4aa2bfeb/s10] (custom)
2024-09-10 06:19:48,414 INFO  storage.RaftStorageDirectory (RaftStorageDirectoryImpl.java:analyzeStorage(138)) - The storage directory /home/runner/work/ratis/ratis/ratis-examples/target/test/data/f624d035/MiniRaftClusterWithGrpc4aa2bfeb/s10/746c2775-00df-41b8-9955-5d788f7a274c does not exist. Creating ...
2024-09-10 06:19:48,415 TRACE util.FileUtils (LogUtils.java:runAndLog(49)) - Successfully ran Files.createDirectories /home/runner/work/ratis/ratis/ratis-examples/target/test/data/f624d035/MiniRaftClusterWithGrpc4aa2bfeb/s10/746c2775-00df-41b8-9955-5d788f7a274c
2024-09-10 06:19:48,416 INFO  storage.RaftStorageDirectory (RaftStorageDirectoryImpl.java:tryLock(229)) - Lock on /home/runner/work/ratis/ratis/ratis-examples/target/test/data/f624d035/MiniRaftClusterWithGrpc4aa2bfeb/s10/746c2775-00df-41b8-9955-5d788f7a274c/in_use.lock acquired by nodename 13550@fv-az691-408
2024-09-10 06:19:48,416 TRACE util.FileUtils (LogUtils.java:runAndLog(49)) - Successfully ran Files.createDirectories /home/runner/work/ratis/ratis/ratis-examples/target/test/data/f624d035/MiniRaftClusterWithGrpc4aa2bfeb/s10/746c2775-00df-41b8-9955-5d788f7a274c/current
2024-09-10 06:19:48,416 TRACE util.FileUtils (LogUtils.java:runAndLog(49)) - Successfully ran Files.createDirectories /home/runner/work/ratis/ratis/ratis-examples/target/test/data/f624d035/MiniRaftClusterWithGrpc4aa2bfeb/s10/746c2775-00df-41b8-9955-5d788f7a274c/sm
2024-09-10 06:19:48,416 TRACE util.FileUtils (LogUtils.java:supplyAndLog(69)) - Successfully supplied FileChannel.open /home/runner/work/ratis/ratis/ratis-examples/target/test/data/f624d035/MiniRaftClusterWithGrpc4aa2bfeb/s10/746c2775-00df-41b8-9955-5d788f7a274c/current/raft-meta.tmp with options [CREATE, WRITE]: sun.nio.ch.FileChannelImpl@71f075f7
2024-09-10 06:19:48,418 TRACE util.FileUtils (LogUtils.java:runAndLog(49)) - Successfully ran Atomic Files.move /home/runner/work/ratis/ratis/ratis-examples/target/test/data/f624d035/MiniRaftClusterWithGrpc4aa2bfeb/s10/746c2775-00df-41b8-9955-5d788f7a274c/current/raft-meta.tmp to /home/runner/work/ratis/ratis/ratis-examples/target/test/data/f624d035/MiniRaftClusterWithGrpc4aa2bfeb/s10/746c2775-00df-41b8-9955-5d788f7a274c/current/raft-meta with options [REPLACE_EXISTING]
2024-09-10 06:19:48,418 INFO  storage.RaftStorage (RaftStorageImpl.java:format(98)) - Storage directory /home/runner/work/ratis/ratis/ratis-examples/target/test/data/f624d035/MiniRaftClusterWithGrpc4aa2bfeb/s10/746c2775-00df-41b8-9955-5d788f7a274c has been successfully formatted.
2024-09-10 06:19:48,418 WARN  statemachine.StateMachine (ArithmeticStateMachine.java:loadSnapshot(115)) - The snapshot info is null.
2024-09-10 06:19:48,418 INFO  server.RaftServerConfigKeys (ConfUtils.java:logGet(46)) - raft.server.log.use.memory = false (default)
2024-09-10 06:19:48,418 INFO  server.RaftServerConfigKeys (ConfUtils.java:logGet(46)) - raft.server.log.purge.gap = 1024 (default)
2024-09-10 06:19:48,418 INFO  server.RaftServerConfigKeys (ConfUtils.java:logGet(46)) - raft.server.log.appender.buffer.byte-limit = 4MB (=4194304) (default)
2024-09-10 06:19:48,418 INFO  server.RaftServerConfigKeys (ConfUtils.java:logGet(46)) - raft.server.log.statemachine.data.read.timeout = 1000ms (default)
2024-09-10 06:19:48,418 INFO  server.RaftServerConfigKeys (ConfUtils.java:logGet(46)) - raft.server.log.purge.preservation.log.num = 0 (default)
2024-09-10 06:19:48,419 INFO  server.RaftServerConfigKeys (ConfUtils.java:logGet(46)) - raft.server.log.segment.size.max = 32MB (=33554432) (default)
2024-09-10 06:19:48,419 INFO  server.RaftServerConfigKeys (ConfUtils.java:logGet(46)) - raft.server.log.segment.cache.num.max = 6 (default)
2024-09-10 06:19:48,419 INFO  server.RaftServerConfigKeys (ConfUtils.java:logGet(46)) - raft.server.log.segment.cache.size.max = 200MB (=209715200) (default)
2024-09-10 06:19:48,419 INFO  server.RaftServerConfigKeys (ConfUtils.java:logGet(46)) - raft.server.log.appender.buffer.byte-limit = 4MB (=4194304) (default)
2024-09-10 06:19:48,419 INFO  util.AwaitToRun (AwaitToRun.java:start(81)) - Thread[s10@group-5D788F7A274C-cacheEviction-AwaitToRun,5,main] started
2024-09-10 06:19:48,419 INFO  segmented.SegmentedRaftLogWorker (SegmentedRaftLogWorker.java:<init>(187)) - new s10@group-5D788F7A274C-SegmentedRaftLogWorker for RaftStorageImpl:Storage Directory /home/runner/work/ratis/ratis/ratis-examples/target/test/data/f624d035/MiniRaftClusterWithGrpc4aa2bfeb/s10/746c2775-00df-41b8-9955-5d788f7a274c
2024-09-10 06:19:48,419 INFO  server.RaftServerConfigKeys (ConfUtils.java:logGet(46)) - raft.server.log.queue.byte-limit = 64MB (=67108864) (default)
2024-09-10 06:19:48,419 INFO  server.RaftServerConfigKeys (ConfUtils.java:logGet(46)) - raft.server.log.queue.element-limit = 4096 (default)
2024-09-10 06:19:48,419 INFO  server.RaftServerConfigKeys (ConfUtils.java:logGet(46)) - raft.server.log.segment.size.max = 32MB (=33554432) (default)
2024-09-10 06:19:48,419 INFO  server.RaftServerConfigKeys (ConfUtils.java:logGet(46)) - raft.server.log.preallocated.size = 4MB (=4194304) (default)
2024-09-10 06:19:48,419 INFO  server.RaftServerConfigKeys (ConfUtils.java:logGet(46)) - raft.server.log.force.sync.num = 128 (default)
2024-09-10 06:19:48,420 INFO  server.RaftServerConfigKeys (ConfUtils.java:logGet(46)) - raft.server.log.statemachine.data.sync = true (default)
2024-09-10 06:19:48,420 INFO  server.RaftServerConfigKeys (ConfUtils.java:logGet(46)) - raft.server.log.statemachine.data.sync.timeout = 10s (default)
2024-09-10 06:19:48,420 INFO  server.RaftServerConfigKeys (ConfUtils.java:logGet(46)) - raft.server.log.statemachine.data.sync.timeout.retry = -1 (default)
2024-09-10 06:19:48,420 INFO  server.RaftServerConfigKeys (ConfUtils.java:logGet(46)) - raft.server.log.write.buffer.size = 8MB (=8388608) (default)
2024-09-10 06:19:48,422 INFO  server.RaftServerConfigKeys (ConfUtils.java:logGet(46)) - raft.server.log.appender.buffer.byte-limit = 4MB (=4194304) (default)
2024-09-10 06:19:48,422 INFO  server.RaftServerConfigKeys (ConfUtils.java:logGet(46)) - raft.server.log.unsafe-flush.enabled = false (default)
2024-09-10 06:19:48,422 INFO  server.RaftServerConfigKeys (ConfUtils.java:logGet(46)) - raft.server.log.async-flush.enabled = false (default)
2024-09-10 06:19:48,422 INFO  server.RaftServerConfigKeys (ConfUtils.java:logGet(46)) - raft.server.log.statemachine.data.caching.enabled = false (default)
2024-09-10 06:19:48,422 INFO  segmented.SegmentedRaftLogWorker (SegmentedRaftLogWorker.java:lambda$new$0(138)) - s10@group-5D788F7A274C-SegmentedRaftLogWorker: flushIndex: setUnconditionally 0 -> -1
2024-09-10 06:19:48,422 INFO  segmented.SegmentedRaftLogWorker (SegmentedRaftLogWorker.java:lambda$new$0(138)) - s10@group-5D788F7A274C-SegmentedRaftLogWorker: safeCacheEvictIndex: setUnconditionally 0 -> -1
2024-09-10 06:19:48,422 INFO  server.RaftServer$Division (RaftServerImpl.java:start(391)) - s10@group-5D788F7A274C: start as a follower, conf=conf: {index: -1, cur=peers:[s10|0.0.0.0:15010, s0|0.0.0.0:15000, s1|0.0.0.0:15001]|listeners:[], old=null}
2024-09-10 06:19:48,422 INFO  server.RaftServer$Division (RaftServerImpl.java:setRole(378)) - s10@group-5D788F7A274C: changes role from      null to FOLLOWER at term 0 for startAsFollower
2024-09-10 06:19:48,423 INFO  impl.RoleInfo (RoleInfo.java:updateAndGet(148)) - s10: start s10@group-5D788F7A274C-FollowerState
2024-09-10 06:19:48,423 INFO  server.RaftServerConfigKeys (ConfUtils.java:logFallback(53)) - raft.server.rpc.first-election.timeout.min = 300ms (fallback to raft.server.rpc.timeout.min)
2024-09-10 06:19:48,423 INFO  server.RaftServerConfigKeys (ConfUtils.java:logFallback(53)) - raft.server.rpc.first-election.timeout.max = 600ms (fallback to raft.server.rpc.timeout.max)
2024-09-10 06:19:48,423 INFO  util.JmxRegister (JmxRegister.java:tryRegister(44)) - Successfully registered JMX Bean with object name Ratis:service=RaftServer,group=group-5D788F7A274C,id=s10
2024-09-10 06:19:48,423 INFO  util.JmxRegister (JmxRegister.java:register(58)) - register mxBean class org.apache.ratis.server.impl.RaftServerJmxAdapter as Ratis:service=RaftServer,group=group-5D788F7A274C,id=s10
2024-09-10 06:19:48,423 INFO  server.RaftServerConfigKeys (ConfUtils.java:logGet(46)) - raft.server.snapshot.trigger-when-stop.enabled = true (default)
2024-09-10 06:19:48,423 INFO  server.RaftServerConfigKeys (ConfUtils.java:logGet(46)) - raft.server.snapshot.trigger-when-remove.enabled = true (default)
2024-09-10 06:19:48,423 INFO  server.RaftServerConfigKeys (ConfUtils.java:logGet(46)) - raft.server.snapshot.auto.trigger.enabled = false (default)
2024-09-10 06:19:48,423 INFO  server.RaftServerConfigKeys (ConfUtils.java:logGet(46)) - raft.server.snapshot.retention.file.num = -1 (default)
2024-09-10 06:19:48,423 INFO  server.RaftServerConfigKeys (ConfUtils.java:logGet(46)) - raft.server.log.purge.upto.snapshot.index = false (default)
2024-09-10 06:19:48,437 INFO  server.RaftServerConfigKeys (ConfUtils.java:logGet(46)) - raft.server.rpc.timeout.max = 600ms (custom)
2024-09-10 06:19:48,438 INFO  ratis.RaftTestUtil (RaftTestUtil.java:waitForLeader(107)) - printing group-5D788F7A274C
  s10:  RUNNING [
   FOLLOWER s10@group-5D788F7A274C:t0, leader=null, voted=, raftlog=Memoized:s10@group-5D788F7A274C-SegmentedRaftLog:OPENED:c-1:lastnull, conf=conf: {index: -1, cur=peers:[s10|0.0.0.0:15010, s0|0.0.0.0:15000, s1|0.0.0.0:15001]|listeners:[], old=null} RUNNING
   FOLLOWER s10@group-DF8C9DCF2580:t0, leader=null, voted=, raftlog=Memoized:s10@group-DF8C9DCF2580-SegmentedRaftLog:OPENED:c-1:lastnull, conf=conf: {index: -1, cur=peers:[]|listeners:[], old=null} STARTING] size=2
  s0:  RUNNING [
   FOLLOWER s0@group-5D788F7A274C:t0, leader=null, voted=, raftlog=Memoized:s0@group-5D788F7A274C-SegmentedRaftLog:OPENED:c-1:lastnull, conf=conf: {index: -1, cur=peers:[s10|0.0.0.0:15010, s0|0.0.0.0:15000, s1|0.0.0.0:15001]|listeners:[], old=null} RUNNING
   FOLLOWER s0@group-DF8C9DCF2580:t0, leader=null, voted=, raftlog=Memoized:s0@group-DF8C9DCF2580-SegmentedRaftLog:OPENED:c-1:lastnull, conf=conf: {index: -1, cur=peers:[]|listeners:[], old=null} STARTING] size=2
  s1:  RUNNING [
   FOLLOWER s1@group-5D788F7A274C:t0, leader=null, voted=, raftlog=Memoized:s1@group-5D788F7A274C-SegmentedRaftLog:OPENED:c-1:lastnull, conf=conf: {index: -1, cur=peers:[s10|0.0.0.0:15010, s0|0.0.0.0:15000, s1|0.0.0.0:15001]|listeners:[], old=null} RUNNING
   FOLLOWER s1@group-DF8C9DCF2580:t0, leader=null, voted=, raftlog=Memoized:s1@group-DF8C9DCF2580-SegmentedRaftLog:OPENED:c-1:lastnull, conf=conf: {index: -1, cur=peers:[]|listeners:[], old=null} STARTING] size=2
2024-09-10 06:19:48,438 WARN  ratis.RaftTestUtil (RaftTestUtil.java:lambda$waitForLeader$3(126)) - Attempt #1 failed: java.lang.IllegalStateException: No leader yet  for group-5D788F7A274C: printing group-5D788F7A274C
  s10:  RUNNING [
   FOLLOWER s10@group-5D788F7A274C:t0, leader=null, voted=, raftlog=Memoized:s10@group-5D788F7A274C-SegmentedRaftLog:OPENED:c-1:lastnull, conf=conf: {index: -1, cur=peers:[s10|0.0.0.0:15010, s0|0.0.0.0:15000, s1|0.0.0.0:15001]|listeners:[], old=null} RUNNING
   FOLLOWER s10@group-DF8C9DCF2580:t0, leader=null, voted=, raftlog=Memoized:s10@group-DF8C9DCF2580-SegmentedRaftLog:OPENED:c-1:lastnull, conf=conf: {index: -1, cur=peers:[]|listeners:[], old=null} STARTING] size=2
  s0:  RUNNING [
   FOLLOWER s0@group-5D788F7A274C:t0, leader=null, voted=, raftlog=Memoized:s0@group-5D788F7A274C-SegmentedRaftLog:OPENED:c-1:lastnull, conf=conf: {index: -1, cur=peers:[s10|0.0.0.0:15010, s0|0.0.0.0:15000, s1|0.0.0.0:15001]|listeners:[], old=null} RUNNING
   FOLLOWER s0@group-DF8C9DCF2580:t0, leader=null, voted=, raftlog=Memoized:s0@group-DF8C9DCF2580-SegmentedRaftLog:OPENED:c-1:lastnull, conf=conf: {index: -1, cur=peers:[]|listeners:[], old=null} STARTING] size=2
  s1:  RUNNING [
   FOLLOWER s1@group-5D788F7A274C:t0, leader=null, voted=, raftlog=Memoized:s1@group-5D788F7A274C-SegmentedRaftLog:OPENED:c-1:lastnull, conf=conf: {index: -1, cur=peers:[s10|0.0.0.0:15010, s0|0.0.0.0:15000, s1|0.0.0.0:15001]|listeners:[], old=null} RUNNING
   FOLLOWER s1@group-DF8C9DCF2580:t0, leader=null, voted=, raftlog=Memoized:s1@group-DF8C9DCF2580-SegmentedRaftLog:OPENED:c-1:lastnull, conf=conf: {index: -1, cur=peers:[]|listeners:[], old=null} STARTING] size=2
2024-09-10 06:19:48,696 INFO  impl.FollowerState (FollowerState.java:run(144)) - s1@group-5D788F7A274C-FollowerState: change to CANDIDATE, lastRpcElapsedTime:306466495ns, electionTimeout:306ms
2024-09-10 06:19:48,696 INFO  impl.RoleInfo (RoleInfo.java:shutdownFollowerState(119)) - s1: shutdown s1@group-5D788F7A274C-FollowerState
2024-09-10 06:19:48,696 INFO  server.RaftServer$Division (RaftServerImpl.java:setRole(378)) - s1@group-5D788F7A274C: changes role from  FOLLOWER to CANDIDATE at term 0 for changeToCandidate
2024-09-10 06:19:48,696 INFO  server.RaftServerConfigKeys (ConfUtils.java:logGet(46)) - raft.server.leaderelection.pre-vote = true (default)
2024-09-10 06:19:48,696 INFO  impl.RoleInfo (RoleInfo.java:updateAndGet(148)) - s1: start s1@group-5D788F7A274C-LeaderElection12
2024-09-10 06:19:48,697 INFO  impl.LeaderElection (LeaderElection.java:askForVotes(325)) - s1@group-5D788F7A274C-LeaderElection12 PRE_VOTE round 0: submit vote requests at term 0 for conf: {index: -1, cur=peers:[s10|0.0.0.0:15010, s0|0.0.0.0:15000, s1|0.0.0.0:15001]|listeners:[], old=null}
2024-09-10 06:19:48,697 INFO  server.RaftServerConfigKeys (ConfUtils.java:logFallback(53)) - raft.server.rpc.first-election.timeout.min = 300ms (fallback to raft.server.rpc.timeout.min)
2024-09-10 06:19:48,697 INFO  server.RaftServerConfigKeys (ConfUtils.java:logFallback(53)) - raft.server.rpc.first-election.timeout.max = 600ms (fallback to raft.server.rpc.timeout.max)
2024-09-10 06:19:48,698 INFO  impl.FollowerState (FollowerState.java:run(144)) - s0@group-5D788F7A274C-FollowerState: change to CANDIDATE, lastRpcElapsedTime:366581807ns, electionTimeout:364ms
2024-09-10 06:19:48,698 INFO  server.GrpcServerProtocolClient (GrpcServerProtocolClient.java:<init>(65)) - Build channel for s10|0.0.0.0:15010
2024-09-10 06:19:48,698 INFO  impl.RoleInfo (RoleInfo.java:shutdownFollowerState(119)) - s0: shutdown s0@group-5D788F7A274C-FollowerState
2024-09-10 06:19:48,698 INFO  server.RaftServer$Division (RaftServerImpl.java:setRole(378)) - s0@group-5D788F7A274C: changes role from  FOLLOWER to CANDIDATE at term 0 for changeToCandidate
2024-09-10 06:19:48,698 INFO  server.GrpcServerProtocolClient (GrpcServerProtocolClient.java:<init>(65)) - Build channel for s0|0.0.0.0:15000
2024-09-10 06:19:48,698 INFO  server.RaftServerConfigKeys (ConfUtils.java:logGet(46)) - raft.server.leaderelection.pre-vote = true (default)
2024-09-10 06:19:48,699 INFO  impl.RoleInfo (RoleInfo.java:updateAndGet(148)) - s0: start s0@group-5D788F7A274C-LeaderElection13
2024-09-10 06:19:48,699 INFO  impl.LeaderElection (LeaderElection.java:askForVotes(325)) - s0@group-5D788F7A274C-LeaderElection13 PRE_VOTE round 0: submit vote requests at term 0 for conf: {index: -1, cur=peers:[s10|0.0.0.0:15010, s0|0.0.0.0:15000, s1|0.0.0.0:15001]|listeners:[], old=null}
2024-09-10 06:19:48,699 INFO  server.GrpcServerProtocolClient (GrpcServerProtocolClient.java:<init>(65)) - Build channel for s10|0.0.0.0:15010
2024-09-10 06:19:48,699 INFO  server.RaftServerConfigKeys (ConfUtils.java:logFallback(53)) - raft.server.rpc.first-election.timeout.min = 300ms (fallback to raft.server.rpc.timeout.min)
2024-09-10 06:19:48,700 INFO  server.RaftServerConfigKeys (ConfUtils.java:logFallback(53)) - raft.server.rpc.first-election.timeout.max = 600ms (fallback to raft.server.rpc.timeout.max)
2024-09-10 06:19:48,700 INFO  server.GrpcServerProtocolClient (GrpcServerProtocolClient.java:<init>(65)) - Build channel for s1|0.0.0.0:15001
2024-09-10 06:19:48,714 INFO  server.RaftServer$Division (RaftServerImpl.java:requestVote(1437)) - s1@group-5D788F7A274C: receive requestVote(PRE_VOTE, s0, group-5D788F7A274C, 0, (t:0, i:0))
2024-09-10 06:19:48,715 INFO  impl.VoteContext (VoteContext.java:log(49)) - s1@group-5D788F7A274C-CANDIDATE: accept PRE_VOTE from s0: our priority 0 <= candidate's priority 0
2024-09-10 06:19:48,715 INFO  server.RaftServer$Division (RaftServerImpl.java:requestVote(1470)) - s1@group-5D788F7A274C replies to PRE_VOTE vote request: s0<-s1#0:OK-t0. Peer's state: s1@group-5D788F7A274C:t0, leader=null, voted=, raftlog=Memoized:s1@group-5D788F7A274C-SegmentedRaftLog:OPENED:c-1:lastnull, conf=conf: {index: -1, cur=peers:[s10|0.0.0.0:15010, s0|0.0.0.0:15000, s1|0.0.0.0:15001]|listeners:[], old=null}
2024-09-10 06:19:48,715 INFO  server.RaftServer$Division (RaftServerImpl.java:requestVote(1437)) - s10@group-5D788F7A274C: receive requestVote(PRE_VOTE, s0, group-5D788F7A274C, 0, (t:0, i:0))
2024-09-10 06:19:48,715 INFO  impl.VoteContext (VoteContext.java:log(49)) - s10@group-5D788F7A274C-FOLLOWER: accept PRE_VOTE from s0: our priority 0 <= candidate's priority 0
2024-09-10 06:19:48,715 INFO  server.RaftServer$Division (RaftServerImpl.java:requestVote(1470)) - s10@group-5D788F7A274C replies to PRE_VOTE vote request: s0<-s10#0:OK-t0. Peer's state: s10@group-5D788F7A274C:t0, leader=null, voted=, raftlog=Memoized:s10@group-5D788F7A274C-SegmentedRaftLog:OPENED:c-1:lastnull, conf=conf: {index: -1, cur=peers:[s10|0.0.0.0:15010, s0|0.0.0.0:15000, s1|0.0.0.0:15001]|listeners:[], old=null}
2024-09-10 06:19:48,723 INFO  server.RaftServer$Division (RaftServerImpl.java:requestVote(1437)) - s0@group-5D788F7A274C: receive requestVote(PRE_VOTE, s1, group-5D788F7A274C, 0, (t:0, i:0))
2024-09-10 06:19:48,723 INFO  impl.VoteContext (VoteContext.java:log(49)) - s0@group-5D788F7A274C-CANDIDATE: accept PRE_VOTE from s1: our priority 0 <= candidate's priority 0
2024-09-10 06:19:48,723 INFO  server.RaftServer$Division (RaftServerImpl.java:requestVote(1470)) - s0@group-5D788F7A274C replies to PRE_VOTE vote request: s1<-s0#0:OK-t0. Peer's state: s0@group-5D788F7A274C:t0, leader=null, voted=, raftlog=Memoized:s0@group-5D788F7A274C-SegmentedRaftLog:OPENED:c-1:lastnull, conf=conf: {index: -1, cur=peers:[s10|0.0.0.0:15010, s0|0.0.0.0:15000, s1|0.0.0.0:15001]|listeners:[], old=null}
2024-09-10 06:19:48,723 INFO  impl.LeaderElection (LeaderElection.java:logAndReturn(89)) - s0@group-5D788F7A274C-LeaderElection13: PRE_VOTE PASSED received 1 response(s) and 0 exception(s):
2024-09-10 06:19:48,723 INFO  impl.LeaderElection (LeaderElection.java:logAndReturn(93)) -   Response 0: s0<-s1#0:OK-t0
2024-09-10 06:19:48,723 INFO  impl.LeaderElection (LeaderElection.java:askForVotes(327)) - s0@group-5D788F7A274C-LeaderElection13 PRE_VOTE round 0: result PASSED
2024-09-10 06:19:48,724 TRACE util.FileUtils (LogUtils.java:supplyAndLog(69)) - Successfully supplied FileChannel.open /home/runner/work/ratis/ratis/ratis-examples/target/test/data/f624d035/MiniRaftClusterWithGrpc4aa2bfeb/s0/746c2775-00df-41b8-9955-5d788f7a274c/current/raft-meta.tmp with options [CREATE, WRITE]: sun.nio.ch.FileChannelImpl@1ba12e31
2024-09-10 06:19:48,726 TRACE util.FileUtils (LogUtils.java:runAndLog(49)) - Successfully ran Atomic Files.move /home/runner/work/ratis/ratis/ratis-examples/target/test/data/f624d035/MiniRaftClusterWithGrpc4aa2bfeb/s0/746c2775-00df-41b8-9955-5d788f7a274c/current/raft-meta.tmp to /home/runner/work/ratis/ratis/ratis-examples/target/test/data/f624d035/MiniRaftClusterWithGrpc4aa2bfeb/s0/746c2775-00df-41b8-9955-5d788f7a274c/current/raft-meta with options [REPLACE_EXISTING]
2024-09-10 06:19:48,726 INFO  impl.LeaderElection (LeaderElection.java:askForVotes(325)) - s0@group-5D788F7A274C-LeaderElection13 ELECTION round 0: submit vote requests at term 1 for conf: {index: -1, cur=peers:[s10|0.0.0.0:15010, s0|0.0.0.0:15000, s1|0.0.0.0:15001]|listeners:[], old=null}
2024-09-10 06:19:48,727 INFO  server.RaftServer$Division (RaftServerImpl.java:requestVote(1437)) - s10@group-5D788F7A274C: receive requestVote(PRE_VOTE, s1, group-5D788F7A274C, 0, (t:0, i:0))
2024-09-10 06:19:48,727 INFO  server.RaftServerConfigKeys (ConfUtils.java:logFallback(53)) - raft.server.rpc.first-election.timeout.min = 300ms (fallback to raft.server.rpc.timeout.min)
2024-09-10 06:19:48,727 INFO  server.RaftServerConfigKeys (ConfUtils.java:logFallback(53)) - raft.server.rpc.first-election.timeout.max = 600ms (fallback to raft.server.rpc.timeout.max)
2024-09-10 06:19:48,731 INFO  impl.VoteContext (VoteContext.java:log(49)) - s10@group-5D788F7A274C-FOLLOWER: accept PRE_VOTE from s1: our priority 0 <= candidate's priority 0
2024-09-10 06:19:48,731 INFO  server.RaftServer$Division (RaftServerImpl.java:requestVote(1470)) - s10@group-5D788F7A274C replies to PRE_VOTE vote request: s1<-s10#0:OK-t0. Peer's state: s10@group-5D788F7A274C:t0, leader=null, voted=, raftlog=Memoized:s10@group-5D788F7A274C-SegmentedRaftLog:OPENED:c-1:lastnull, conf=conf: {index: -1, cur=peers:[s10|0.0.0.0:15010, s0|0.0.0.0:15000, s1|0.0.0.0:15001]|listeners:[], old=null}
2024-09-10 06:19:48,739 INFO  impl.LeaderElection (LeaderElection.java:logAndReturn(89)) - s1@group-5D788F7A274C-LeaderElection12: PRE_VOTE PASSED received 1 response(s) and 0 exception(s):
2024-09-10 06:19:48,739 INFO  impl.LeaderElection (LeaderElection.java:logAndReturn(93)) -   Response 0: s1<-s10#0:OK-t0
2024-09-10 06:19:48,739 INFO  impl.LeaderElection (LeaderElection.java:askForVotes(327)) - s1@group-5D788F7A274C-LeaderElection12 PRE_VOTE round 0: result PASSED
2024-09-10 06:19:48,739 TRACE util.FileUtils (LogUtils.java:supplyAndLog(69)) - Successfully supplied FileChannel.open /home/runner/work/ratis/ratis/ratis-examples/target/test/data/f624d035/MiniRaftClusterWithGrpc4aa2bfeb/s1/746c2775-00df-41b8-9955-5d788f7a274c/current/raft-meta.tmp with options [CREATE, WRITE]: sun.nio.ch.FileChannelImpl@23bad13d
2024-09-10 06:19:48,741 TRACE util.FileUtils (LogUtils.java:runAndLog(49)) - Successfully ran Atomic Files.move /home/runner/work/ratis/ratis/ratis-examples/target/test/data/f624d035/MiniRaftClusterWithGrpc4aa2bfeb/s1/746c2775-00df-41b8-9955-5d788f7a274c/current/raft-meta.tmp to /home/runner/work/ratis/ratis/ratis-examples/target/test/data/f624d035/MiniRaftClusterWithGrpc4aa2bfeb/s1/746c2775-00df-41b8-9955-5d788f7a274c/current/raft-meta with options [REPLACE_EXISTING]
2024-09-10 06:19:48,741 INFO  impl.LeaderElection (LeaderElection.java:askForVotes(325)) - s1@group-5D788F7A274C-LeaderElection12 ELECTION round 0: submit vote requests at term 1 for conf: {index: -1, cur=peers:[s10|0.0.0.0:15010, s0|0.0.0.0:15000, s1|0.0.0.0:15001]|listeners:[], old=null}
2024-09-10 06:19:48,741 INFO  server.RaftServer$Division (RaftServerImpl.java:requestVote(1437)) - s10@group-5D788F7A274C: receive requestVote(ELECTION, s0, group-5D788F7A274C, 1, (t:0, i:0))
2024-09-10 06:19:48,742 INFO  impl.VoteContext (VoteContext.java:log(49)) - s10@group-5D788F7A274C-FOLLOWER: accept ELECTION from s0: our priority 0 <= candidate's priority 0
2024-09-10 06:19:48,742 INFO  server.RaftServer$Division (RaftServerImpl.java:setRole(378)) - s10@group-5D788F7A274C: changes role from  FOLLOWER to FOLLOWER at term 1 for candidate:s0
2024-09-10 06:19:48,742 INFO  impl.RoleInfo (RoleInfo.java:shutdownFollowerState(119)) - s10: shutdown s10@group-5D788F7A274C-FollowerState
2024-09-10 06:19:48,742 INFO  server.RaftServerConfigKeys (ConfUtils.java:logFallback(53)) - raft.server.rpc.first-election.timeout.min = 300ms (fallback to raft.server.rpc.timeout.min)
2024-09-10 06:19:48,742 INFO  impl.FollowerState (FollowerState.java:run(153)) - s10@group-5D788F7A274C-FollowerState was interrupted
2024-09-10 06:19:48,742 INFO  server.RaftServerConfigKeys (ConfUtils.java:logFallback(53)) - raft.server.rpc.first-election.timeout.max = 600ms (fallback to raft.server.rpc.timeout.max)
2024-09-10 06:19:48,743 INFO  impl.RoleInfo (RoleInfo.java:updateAndGet(148)) - s10: start s10@group-5D788F7A274C-FollowerState
2024-09-10 06:19:48,743 INFO  server.RaftServer$Division (RaftServerImpl.java:setFirstElection(559)) - s10@group-5D788F7A274C: set firstElectionSinceStartup to false for candidate:s0
2024-09-10 06:19:48,743 TRACE util.FileUtils (LogUtils.java:supplyAndLog(69)) - Successfully supplied FileChannel.open /home/runner/work/ratis/ratis/ratis-examples/target/test/data/f624d035/MiniRaftClusterWithGrpc4aa2bfeb/s10/746c2775-00df-41b8-9955-5d788f7a274c/current/raft-meta.tmp with options [CREATE, WRITE]: sun.nio.ch.FileChannelImpl@743e4b
2024-09-10 06:19:48,745 INFO  server.RaftServer$Division (RaftServerImpl.java:requestVote(1437)) - s1@group-5D788F7A274C: receive requestVote(ELECTION, s0, group-5D788F7A274C, 1, (t:0, i:0))
2024-09-10 06:19:48,745 TRACE util.FileUtils (LogUtils.java:runAndLog(49)) - Successfully ran Atomic Files.move /home/runner/work/ratis/ratis/ratis-examples/target/test/data/f624d035/MiniRaftClusterWithGrpc4aa2bfeb/s10/746c2775-00df-41b8-9955-5d788f7a274c/current/raft-meta.tmp to /home/runner/work/ratis/ratis/ratis-examples/target/test/data/f624d035/MiniRaftClusterWithGrpc4aa2bfeb/s10/746c2775-00df-41b8-9955-5d788f7a274c/current/raft-meta with options [REPLACE_EXISTING]
2024-09-10 06:19:48,747 INFO  server.RaftServer$Division (RaftServerImpl.java:requestVote(1470)) - s10@group-5D788F7A274C replies to ELECTION vote request: s0<-s10#0:OK-t1. Peer's state: s10@group-5D788F7A274C:t1, leader=null, voted=s0, raftlog=Memoized:s10@group-5D788F7A274C-SegmentedRaftLog:OPENED:c-1:lastnull, conf=conf: {index: -1, cur=peers:[s10|0.0.0.0:15010, s0|0.0.0.0:15000, s1|0.0.0.0:15001]|listeners:[], old=null}
2024-09-10 06:19:48,747 INFO  impl.VoteContext (VoteContext.java:log(49)) - s1@group-5D788F7A274C-CANDIDATE: reject ELECTION from s0: already has voted for s1 at current term 1
2024-09-10 06:19:48,747 INFO  server.RaftServer$Division (RaftServerImpl.java:requestVote(1437)) - s0@group-5D788F7A274C: receive requestVote(ELECTION, s1, group-5D788F7A274C, 1, (t:0, i:0))
2024-09-10 06:19:48,747 INFO  server.RaftServer$Division (RaftServerImpl.java:requestVote(1470)) - s1@group-5D788F7A274C replies to ELECTION vote request: s0<-s1#0:FAIL-t1. Peer's state: s1@group-5D788F7A274C:t1, leader=null, voted=s1, raftlog=Memoized:s1@group-5D788F7A274C-SegmentedRaftLog:OPENED:c-1:lastnull, conf=conf: {index: -1, cur=peers:[s10|0.0.0.0:15010, s0|0.0.0.0:15000, s1|0.0.0.0:15001]|listeners:[], old=null}
2024-09-10 06:19:48,747 INFO  impl.VoteContext (VoteContext.java:log(49)) - s0@group-5D788F7A274C-CANDIDATE: reject ELECTION from s1: already has voted for s0 at current term 1
2024-09-10 06:19:48,747 INFO  server.RaftServer$Division (RaftServerImpl.java:requestVote(1470)) - s0@group-5D788F7A274C replies to ELECTION vote request: s1<-s0#0:FAIL-t1. Peer's state: s0@group-5D788F7A274C:t1, leader=null, voted=s0, raftlog=Memoized:s0@group-5D788F7A274C-SegmentedRaftLog:OPENED:c-1:lastnull, conf=conf: {index: -1, cur=peers:[s10|0.0.0.0:15010, s0|0.0.0.0:15000, s1|0.0.0.0:15001]|listeners:[], old=null}
2024-09-10 06:19:48,748 INFO  server.RaftServer$Division (RaftServerImpl.java:requestVote(1437)) - s10@group-5D788F7A274C: receive requestVote(ELECTION, s1, group-5D788F7A274C, 1, (t:0, i:0))
2024-09-10 06:19:48,748 INFO  impl.VoteContext (VoteContext.java:log(49)) - s10@group-5D788F7A274C-FOLLOWER: reject ELECTION from s1: already has voted for s0 at current term 1
2024-09-10 06:19:48,748 INFO  server.RaftServer$Division (RaftServerImpl.java:requestVote(1470)) - s10@group-5D788F7A274C replies to ELECTION vote request: s1<-s10#0:FAIL-t1. Peer's state: s10@group-5D788F7A274C:t1, leader=null, voted=s0, raftlog=Memoized:s10@group-5D788F7A274C-SegmentedRaftLog:OPENED:c-1:lastnull, conf=conf: {index: -1, cur=peers:[s10|0.0.0.0:15010, s0|0.0.0.0:15000, s1|0.0.0.0:15001]|listeners:[], old=null}
2024-09-10 06:19:48,750 INFO  impl.LeaderElection (LeaderElection.java:logAndReturn(89)) - s0@group-5D788F7A274C-LeaderElection13: ELECTION PASSED received 1 response(s) and 0 exception(s):
2024-09-10 06:19:48,750 INFO  impl.LeaderElection (LeaderElection.java:logAndReturn(93)) -   Response 0: s0<-s10#0:OK-t1
2024-09-10 06:19:48,750 INFO  impl.LeaderElection (LeaderElection.java:askForVotes(327)) - s0@group-5D788F7A274C-LeaderElection13 ELECTION round 0: result PASSED
2024-09-10 06:19:48,750 INFO  impl.RoleInfo (RoleInfo.java:shutdownLeaderElection(139)) - s0: shutdown s0@group-5D788F7A274C-LeaderElection13
2024-09-10 06:19:48,750 INFO  server.RaftServer$Division (RaftServerImpl.java:setRole(378)) - s0@group-5D788F7A274C: changes role from CANDIDATE to LEADER at term 1 for changeToLeader
2024-09-10 06:19:48,750 INFO  server.RaftServerConfigKeys (ConfUtils.java:logGet(46)) - raft.server.staging.catchup.gap = 1000 (default)
2024-09-10 06:19:48,750 INFO  server.RaftServerConfigKeys (ConfUtils.java:logGet(46)) - raft.server.write.element-limit = 4096 (default)
2024-09-10 06:19:48,750 INFO  server.RaftServerConfigKeys (ConfUtils.java:logGet(46)) - raft.server.write.byte-limit = 64MB (=67108864) (default)
2024-09-10 06:19:48,750 INFO  server.RaftServerConfigKeys (ConfUtils.java:logGet(46)) - raft.server.watch.timeout = 10s (default)
2024-09-10 06:19:48,750 INFO  server.RaftServerConfigKeys (ConfUtils.java:logGet(46)) - raft.server.watch.timeout.denomination = 1s (default)
2024-09-10 06:19:48,751 INFO  server.RaftServerConfigKeys (ConfUtils.java:logGet(46)) - raft.server.watch.element-limit = 65536 (default)
2024-09-10 06:19:48,751 INFO  server.RaftServerConfigKeys (ConfUtils.java:logGet(46)) - raft.server.read.leader.lease.enabled = false (default)
2024-09-10 06:19:48,751 INFO  server.RaftServerConfigKeys (ConfUtils.java:logGet(46)) - raft.server.read.leader.lease.timeout.ratio = 0.9 (default)
2024-09-10 06:19:48,751 INFO  server.RaftServerConfigKeys (ConfUtils.java:logGet(46)) - raft.server.rpc.timeout.min = 300ms (custom)
2024-09-10 06:19:48,751 INFO  server.RaftServerConfigKeys (ConfUtils.java:logGet(46)) - raft.server.log.log-metadata.enabled = true (default)
2024-09-10 06:19:48,751 INFO  server.RaftServerConfigKeys (ConfUtils.java:logGet(46)) - raft.server.write.element-limit = 4096 (default)
2024-09-10 06:19:48,751 INFO  server.RaftServerConfigKeys (ConfUtils.java:logGet(46)) - raft.server.write.follower.gap.ratio.max = -1.0 (default)
2024-09-10 06:19:48,752 INFO  impl.LeaderElection (LeaderElection.java:logAndReturn(89)) - s1@group-5D788F7A274C-LeaderElection12: ELECTION REJECTED received 2 response(s) and 0 exception(s):
2024-09-10 06:19:48,753 INFO  impl.LeaderElection (LeaderElection.java:logAndReturn(93)) -   Response 0: s1<-s10#0:FAIL-t1
2024-09-10 06:19:48,753 INFO  impl.LeaderElection (LeaderElection.java:logAndReturn(93)) -   Response 1: s1<-s0#0:FAIL-t1
2024-09-10 06:19:48,753 INFO  impl.LeaderElection (LeaderElection.java:askForVotes(327)) - s1@group-5D788F7A274C-LeaderElection12 ELECTION round 0: result REJECTED
2024-09-10 06:19:48,753 INFO  server.RaftServer$Division (RaftServerImpl.java:setRole(378)) - s1@group-5D788F7A274C: changes role from CANDIDATE to FOLLOWER at term 1 for REJECTED
2024-09-10 06:19:48,753 INFO  impl.RoleInfo (RoleInfo.java:shutdownLeaderElection(139)) - s1: shutdown s1@group-5D788F7A274C-LeaderElection12
2024-09-10 06:19:48,753 INFO  impl.RoleInfo (RoleInfo.java:updateAndGet(148)) - s1: start s1@group-5D788F7A274C-FollowerState
2024-09-10 06:19:48,754 INFO  server.RaftServer$Division (RaftServerImpl.java:setFirstElection(559)) - s1@group-5D788F7A274C: set firstElectionSinceStartup to false for REJECTED
2024-09-10 06:19:48,756 INFO  server.RaftServerConfigKeys (ConfUtils.java:logGet(46)) - raft.server.log.appender.snapshot.chunk.size.max = 16MB (=16777216) (default)
2024-09-10 06:19:48,756 INFO  server.RaftServerConfigKeys (ConfUtils.java:logGet(46)) - raft.server.log.appender.buffer.byte-limit = 4MB (=4194304) (default)
2024-09-10 06:19:48,756 INFO  server.RaftServerConfigKeys (ConfUtils.java:logGet(46)) - raft.server.log.appender.buffer.element-limit = 0 (default)
2024-09-10 06:19:48,756 INFO  server.RaftServerConfigKeys (ConfUtils.java:logGet(46)) - raft.server.log.appender.wait-time.min = 1ms (default)
2024-09-10 06:19:48,757 INFO  grpc.GrpcConfigKeys (ConfUtils.java:logGet(46)) - raft.grpc.server.leader.outstanding.appends.max = 8 (default)
2024-09-10 06:19:48,757 INFO  server.RaftServerConfigKeys (ConfUtils.java:logGet(46)) - raft.server.rpc.request.timeout = 3000ms (default)
2024-09-10 06:19:48,757 INFO  grpc.GrpcConfigKeys (ConfUtils.java:logGet(46)) - raft.grpc.server.install_snapshot.request.element-limit = 8 (default)
2024-09-10 06:19:48,757 INFO  grpc.GrpcConfigKeys (ConfUtils.java:logGet(46)) - raft.grpc.server.install_snapshot.request.timeout = 3000ms (default)
2024-09-10 06:19:48,757 INFO  grpc.GrpcConfigKeys (ConfUtils.java:logGet(46)) - raft.grpc.server.log-message.batch.duration = 5s (default)
2024-09-10 06:19:48,757 INFO  server.RaftServerConfigKeys (ConfUtils.java:logGet(46)) - raft.server.log.appender.install.snapshot.enabled = true (default)
2024-09-10 06:19:48,757 INFO  grpc.GrpcConfigKeys (ConfUtils.java:logGet(46)) - raft.grpc.server.heartbeat.channel = true (default)
2024-09-10 06:19:48,760 INFO  server.RaftServerConfigKeys (ConfUtils.java:logGet(46)) - raft.server.log.appender.snapshot.chunk.size.max = 16MB (=16777216) (default)
2024-09-10 06:19:48,760 INFO  server.RaftServerConfigKeys (ConfUtils.java:logGet(46)) - raft.server.log.appender.buffer.byte-limit = 4MB (=4194304) (default)
2024-09-10 06:19:48,760 INFO  server.RaftServerConfigKeys (ConfUtils.java:logGet(46)) - raft.server.log.appender.buffer.element-limit = 0 (default)
2024-09-10 06:19:48,760 INFO  server.RaftServerConfigKeys (ConfUtils.java:logGet(46)) - raft.server.log.appender.wait-time.min = 1ms (default)
2024-09-10 06:19:48,760 INFO  grpc.GrpcConfigKeys (ConfUtils.java:logGet(46)) - raft.grpc.server.leader.outstanding.appends.max = 8 (default)
2024-09-10 06:19:48,760 INFO  server.RaftServerConfigKeys (ConfUtils.java:logGet(46)) - raft.server.rpc.request.timeout = 3000ms (default)
2024-09-10 06:19:48,760 INFO  grpc.GrpcConfigKeys (ConfUtils.java:logGet(46)) - raft.grpc.server.install_snapshot.request.element-limit = 8 (default)
2024-09-10 06:19:48,760 INFO  grpc.GrpcConfigKeys (ConfUtils.java:logGet(46)) - raft.grpc.server.install_snapshot.request.timeout = 3000ms (default)
2024-09-10 06:19:48,761 INFO  grpc.GrpcConfigKeys (ConfUtils.java:logGet(46)) - raft.grpc.server.log-message.batch.duration = 5s (default)
2024-09-10 06:19:48,761 INFO  server.RaftServerConfigKeys (ConfUtils.java:logGet(46)) - raft.server.log.appender.install.snapshot.enabled = true (default)
2024-09-10 06:19:48,761 INFO  grpc.GrpcConfigKeys (ConfUtils.java:logGet(46)) - raft.grpc.server.heartbeat.channel = true (default)
2024-09-10 06:19:48,761 INFO  impl.RoleInfo (RoleInfo.java:updateAndGet(148)) - s0: start s0@group-5D788F7A274C-LeaderStateImpl
2024-09-10 06:19:48,761 INFO  server.RaftServer$Division (RaftServerImpl.java:setFirstElection(559)) - s0@group-5D788F7A274C: set firstElectionSinceStartup to false for becomeLeader
2024-09-10 06:19:48,761 INFO  server.RaftServer$Division (ServerState.java:setLeader(272)) - s0@group-5D788F7A274C: change Leader from null to s0 at term 1 for becomeLeader, leader elected after 441ms
2024-09-10 06:19:48,761 INFO  segmented.SegmentedRaftLogWorker (SegmentedRaftLogWorker.java:startLogSegment(438)) - s0@group-5D788F7A274C-SegmentedRaftLogWorker: Starting segment from index:0
2024-09-10 06:19:48,761 INFO  server.RaftServer$Division (ServerState.java:setRaftConf(386)) - s0@group-5D788F7A274C: set configuration conf: {index: 0, cur=peers:[s10|0.0.0.0:15010, s0|0.0.0.0:15000, s1|0.0.0.0:15001]|listeners:[], old=null}
2024-09-10 06:19:48,762 INFO  segmented.BufferedWriteChannel (BufferedWriteChannel.java:open(61)) - open log_inprogress_0 at position 0
2024-09-10 06:19:48,773 INFO  segmented.SegmentedRaftLogWorker (SegmentedRaftLogWorker.java:execute(660)) - s0@group-5D788F7A274C-SegmentedRaftLogWorker: created new log segment /home/runner/work/ratis/ratis/ratis-examples/target/test/data/f624d035/MiniRaftClusterWithGrpc4aa2bfeb/s0/746c2775-00df-41b8-9955-5d788f7a274c/current/log_inprogress_0
2024-09-10 06:19:48,795 DEBUG server.RaftServer$Division (RaftServerImpl.java:logAppendEntries(1539)) - s1@group-5D788F7A274C: appendEntries* s0->s1#1-t1,previous=(t:0, i:0),leaderCommit=-1,initializing? false,entries: size=1, first=(t:1, i:0), CONFIGURATIONENTRY(current:id:"s10"address:"0.0.0.0:15010"clientAddress:"0.0.0.0:15010"adminAddress:"0.0.0.0:15010"startupRole:FOLLOWER, id:"s0"address:"0.0.0.0:15000"clientAddress:"0.0.0.0:15000"adminAddress:"0.0.0.0:15000"startupRole:FOLLOWER, id:"s1"address:"0.0.0.0:15001"clientAddress:"0.0.0.0:15001"adminAddress:"0.0.0.0:15001"startupRole:FOLLOWER, old:)
2024-09-10 06:19:48,795 INFO  server.RaftServer$Division (ServerState.java:setLeader(272)) - s10@group-5D788F7A274C: change Leader from null to s0 at term 1 for appendEntries, leader elected after 382ms
2024-09-10 06:19:48,795 INFO  server.RaftServer$Division (ServerState.java:setLeader(272)) - s1@group-5D788F7A274C: change Leader from null to s0 at term 1 for appendEntries, leader elected after 413ms
2024-09-10 06:19:48,797 DEBUG server.RaftServer$Division (RaftServerImpl.java:logAppendEntries(1539)) - s10@group-5D788F7A274C: appendEntries* s0->s10#1-t1,previous=(t:0, i:0),leaderCommit=-1,initializing? false,entries: size=1, first=(t:1, i:0), CONFIGURATIONENTRY(current:id:"s10"address:"0.0.0.0:15010"clientAddress:"0.0.0.0:15010"adminAddress:"0.0.0.0:15010"startupRole:FOLLOWER, id:"s0"address:"0.0.0.0:15000"clientAddress:"0.0.0.0:15000"adminAddress:"0.0.0.0:15000"startupRole:FOLLOWER, id:"s1"address:"0.0.0.0:15001"clientAddress:"0.0.0.0:15001"adminAddress:"0.0.0.0:15001"startupRole:FOLLOWER, old:)
2024-09-10 06:19:48,798 INFO  server.RaftServer$Division (ServerState.java:setRaftConf(386)) - s1@group-5D788F7A274C: set configuration conf: {index: 0, cur=peers:[s10|0.0.0.0:15010, s0|0.0.0.0:15000, s1|0.0.0.0:15001]|listeners:[], old=null}
2024-09-10 06:19:48,798 INFO  server.RaftServer$Division (ServerState.java:setRaftConf(386)) - s10@group-5D788F7A274C: set configuration conf: {index: 0, cur=peers:[s10|0.0.0.0:15010, s0|0.0.0.0:15000, s1|0.0.0.0:15001]|listeners:[], old=null}
2024-09-10 06:19:48,799 INFO  segmented.SegmentedRaftLogWorker (SegmentedRaftLogWorker.java:startLogSegment(438)) - s10@group-5D788F7A274C-SegmentedRaftLogWorker: Starting segment from index:0
2024-09-10 06:19:48,800 INFO  segmented.BufferedWriteChannel (BufferedWriteChannel.java:open(61)) - open log_inprogress_0 at position 0
2024-09-10 06:19:48,801 INFO  segmented.SegmentedRaftLogWorker (SegmentedRaftLogWorker.java:startLogSegment(438)) - s1@group-5D788F7A274C-SegmentedRaftLogWorker: Starting segment from index:0
2024-09-10 06:19:48,807 INFO  segmented.BufferedWriteChannel (BufferedWriteChannel.java:open(61)) - open log_inprogress_0 at position 0
2024-09-10 06:19:48,813 INFO  segmented.SegmentedRaftLogWorker (SegmentedRaftLogWorker.java:execute(660)) - s10@group-5D788F7A274C-SegmentedRaftLogWorker: created new log segment /home/runner/work/ratis/ratis/ratis-examples/target/test/data/f624d035/MiniRaftClusterWithGrpc4aa2bfeb/s10/746c2775-00df-41b8-9955-5d788f7a274c/current/log_inprogress_0
2024-09-10 06:19:48,813 DEBUG server.RaftServer$Division (RaftServerImpl.java:logAppendEntries(1539)) - s10@group-5D788F7A274C: appendEntries* reply s0<-s10#1:OK-t1,SUCCESS,nextIndex=1,followerCommit=-1,matchIndex=0
2024-09-10 06:19:48,816 TRACE util.FileUtils (LogUtils.java:supplyAndLog(69)) - Successfully supplied FileChannel.open /home/runner/work/ratis/ratis/ratis-examples/target/test/data/f624d035/MiniRaftClusterWithGrpc4aa2bfeb/s0/746c2775-00df-41b8-9955-5d788f7a274c/current/raft-meta.conf.tmp with options [CREATE, WRITE]: sun.nio.ch.FileChannelImpl@24b052cd
2024-09-10 06:19:48,818 INFO  segmented.SegmentedRaftLogWorker (SegmentedRaftLogWorker.java:execute(660)) - s1@group-5D788F7A274C-SegmentedRaftLogWorker: created new log segment /home/runner/work/ratis/ratis/ratis-examples/target/test/data/f624d035/MiniRaftClusterWithGrpc4aa2bfeb/s1/746c2775-00df-41b8-9955-5d788f7a274c/current/log_inprogress_0
2024-09-10 06:19:48,819 DEBUG server.RaftServer$Division (RaftServerImpl.java:logAppendEntries(1539)) - s1@group-5D788F7A274C: appendEntries* reply s0<-s1#1:OK-t1,SUCCESS,nextIndex=1,followerCommit=-1,matchIndex=0
2024-09-10 06:19:48,819 TRACE util.FileUtils (LogUtils.java:runAndLog(49)) - Successfully ran Atomic Files.move /home/runner/work/ratis/ratis/ratis-examples/target/test/data/f624d035/MiniRaftClusterWithGrpc4aa2bfeb/s0/746c2775-00df-41b8-9955-5d788f7a274c/current/raft-meta.conf.tmp to /home/runner/work/ratis/ratis/ratis-examples/target/test/data/f624d035/MiniRaftClusterWithGrpc4aa2bfeb/s0/746c2775-00df-41b8-9955-5d788f7a274c/current/raft-meta.conf with options [REPLACE_EXISTING]
2024-09-10 06:19:48,819 INFO  server.RaftServer$Division (LeaderStateImpl.java:checkStartIndex(317)) - Leader s0@group-5D788F7A274C-LeaderStateImpl is ready since appliedIndex == startIndex == 0
2024-09-10 06:19:48,969 TRACE util.FileUtils (LogUtils.java:supplyAndLog(69)) - Successfully supplied FileChannel.open /home/runner/work/ratis/ratis/ratis-examples/target/test/data/f624d035/MiniRaftClusterWithGrpc4aa2bfeb/s10/746c2775-00df-41b8-9955-5d788f7a274c/current/raft-meta.conf.tmp with options [CREATE, WRITE]: sun.nio.ch.FileChannelImpl@5d29ddfa
2024-09-10 06:19:48,971 TRACE util.FileUtils (LogUtils.java:runAndLog(49)) - Successfully ran Atomic Files.move /home/runner/work/ratis/ratis/ratis-examples/target/test/data/f624d035/MiniRaftClusterWithGrpc4aa2bfeb/s10/746c2775-00df-41b8-9955-5d788f7a274c/current/raft-meta.conf.tmp to /home/runner/work/ratis/ratis/ratis-examples/target/test/data/f624d035/MiniRaftClusterWithGrpc4aa2bfeb/s10/746c2775-00df-41b8-9955-5d788f7a274c/current/raft-meta.conf with options [REPLACE_EXISTING]
2024-09-10 06:19:48,974 TRACE util.FileUtils (LogUtils.java:supplyAndLog(69)) - Successfully supplied FileChannel.open /home/runner/work/ratis/ratis/ratis-examples/target/test/data/f624d035/MiniRaftClusterWithGrpc4aa2bfeb/s1/746c2775-00df-41b8-9955-5d788f7a274c/current/raft-meta.conf.tmp with options [CREATE, WRITE]: sun.nio.ch.FileChannelImpl@2ff081d3
2024-09-10 06:19:48,976 TRACE util.FileUtils (LogUtils.java:runAndLog(49)) - Successfully ran Atomic Files.move /home/runner/work/ratis/ratis/ratis-examples/target/test/data/f624d035/MiniRaftClusterWithGrpc4aa2bfeb/s1/746c2775-00df-41b8-9955-5d788f7a274c/current/raft-meta.conf.tmp to /home/runner/work/ratis/ratis/ratis-examples/target/test/data/f624d035/MiniRaftClusterWithGrpc4aa2bfeb/s1/746c2775-00df-41b8-9955-5d788f7a274c/current/raft-meta.conf with options [REPLACE_EXISTING]
2024-09-10 06:19:49,339 INFO  ratis.RaftTestUtil (RaftTestUtil.java:waitForLeader(131)) - printing group-5D788F7A274C
  s10:  RUNNING [
   FOLLOWER s10@group-5D788F7A274C:t1, leader=s0, voted=s0, raftlog=Memoized:s10@group-5D788F7A274C-SegmentedRaftLog:OPENED:c0:last(t:1, i:0), conf=conf: {index: 0, cur=peers:[s10|0.0.0.0:15010, s0|0.0.0.0:15000, s1|0.0.0.0:15001]|listeners:[], old=null} RUNNING
   FOLLOWER s10@group-DF8C9DCF2580:t0, leader=null, voted=, raftlog=Memoized:s10@group-DF8C9DCF2580-SegmentedRaftLog:OPENED:c-1:lastnull, conf=conf: {index: -1, cur=peers:[]|listeners:[], old=null} STARTING] size=2
  s0:  RUNNING [
     LEADER s0@group-5D788F7A274C:t1, leader=s0, voted=s0, raftlog=Memoized:s0@group-5D788F7A274C-SegmentedRaftLog:OPENED:c0:last(t:1, i:0), conf=conf: {index: 0, cur=peers:[s10|0.0.0.0:15010, s0|0.0.0.0:15000, s1|0.0.0.0:15001]|listeners:[], old=null} RUNNING
   FOLLOWER s0@group-DF8C9DCF2580:t0, leader=null, voted=, raftlog=Memoized:s0@group-DF8C9DCF2580-SegmentedRaftLog:OPENED:c-1:lastnull, conf=conf: {index: -1, cur=peers:[]|listeners:[], old=null} STARTING] size=2
  s1:  RUNNING [
   FOLLOWER s1@group-5D788F7A274C:t1, leader=s0, voted=s1, raftlog=Memoized:s1@group-5D788F7A274C-SegmentedRaftLog:OPENED:c0:last(t:1, i:0), conf=conf: {index: 0, cur=peers:[s10|0.0.0.0:15010, s0|0.0.0.0:15000, s1|0.0.0.0:15001]|listeners:[], old=null} RUNNING
   FOLLOWER s1@group-DF8C9DCF2580:t0, leader=null, voted=, raftlog=Memoized:s1@group-DF8C9DCF2580-SegmentedRaftLog:OPENED:c-1:lastnull, conf=conf: {index: -1, cur=peers:[]|listeners:[], old=null} STARTING] size=2
2024-09-10 06:19:49,358 DEBUG server.RaftServer$Division (RaftServerImpl.java:submitClientRequestAsync(910)) - s10@group-5D788F7A274C: receive client request(RaftClientRequest:client-F6450E2571FC->s10@group-5D788F7A274C, cid=4158, seq=null, RW, Message:01016102400800000000...(size=12))
2024-09-10 06:19:49,359 INFO  server.GrpcClientProtocolService (GrpcClientProtocolService.java:lambda$processClientRequest$0(331)) - Failed request cid=4158, null, reply=RaftClientReply:client-F6450E2571FC->s10@group-5D788F7A274C, cid=4158, FAILED org.apache.ratis.protocol.exceptions.NotLeaderException: Server s10@group-5D788F7A274C is not the leader, suggested leader is: s0|0.0.0.0:15000, logIndex=0, commits[s10:c0, s0:c0, s1:c0]
2024-09-10 06:19:49,473 DEBUG server.RaftServer$Division (RaftServerImpl.java:submitClientRequestAsync(910)) - s0@group-5D788F7A274C: receive client request(RaftClientRequest:client-F6450E2571FC->s0@group-5D788F7A274C, cid=4158, seq=null, RW, Message:01016102400800000000...(size=12))
2024-09-10 06:19:49,474 DEBUG server.RaftServer$Division (LeaderStateImpl.java:addPendingRequest(532)) - s0@group-5D788F7A274C-LeaderStateImpl: addPendingRequest at RaftClientRequest:client-F6450E2571FC->s0@group-5D788F7A274C, cid=4158, seq=null, RW, Message:01016102400800000000...(size=12), entry=(t:1, i:1), STATEMACHINELOGENTRY, WRITE: logData.size=12, stateMachineData.size=0, logEntryProtoSerializedSize=0
2024-09-10 06:19:49,476 DEBUG server.RaftServer$Division (RaftServerImpl.java:logAppendEntries(1539)) - s1@group-5D788F7A274C: appendEntries* s0->s1#9-t1,previous=(t:1, i:0),leaderCommit=0,initializing? false,entries: size=1, first=(t:1, i:1), STATEMACHINELOGENTRY, StateMachineLogEntryProto:4158@client-F6450E2571FC
2024-09-10 06:19:49,476 DEBUG server.RaftServer$Division (RaftServerImpl.java:logAppendEntries(1539)) - s10@group-5D788F7A274C: appendEntries* s0->s10#7-t1,previous=(t:1, i:0),leaderCommit=0,initializing? false,entries: size=1, first=(t:1, i:1), STATEMACHINELOGENTRY, StateMachineLogEntryProto:4158@client-F6450E2571FC
2024-09-10 06:19:49,478 DEBUG server.RaftServer$Division (RaftServerImpl.java:logAppendEntries(1539)) - s1@group-5D788F7A274C: appendEntries* reply s0<-s1#9:OK-t1,SUCCESS,nextIndex=2,followerCommit=0,matchIndex=1
2024-09-10 06:19:49,478 DEBUG server.RaftServer$Division (RaftServerImpl.java:logAppendEntries(1539)) - s10@group-5D788F7A274C: appendEntries* reply s0<-s10#7:OK-t1,SUCCESS,nextIndex=2,followerCommit=0,matchIndex=1
2024-09-10 06:19:49,479 INFO  statemachine.StateMachine (ArithmeticStateMachine.java:applyTransaction(181)) - LEADER:s0-1: a = 3 = 3
2024-09-10 06:19:49,481 DEBUG server.RaftServer$Division (RaftServerImpl.java:logAppendEntries(1539)) - s1@group-5D788F7A274C: appendEntries* s0->s1#10-t1,previous=(t:1, i:1),leaderCommit=1,initializing? false,entries: size=1, first=(t:1, i:2), METADATAENTRY(c:1)
2024-09-10 06:19:49,481 DEBUG server.RaftServer$Division (RaftServerImpl.java:logAppendEntries(1539)) - s1@group-5D788F7A274C: appendEntries* reply s0<-s1#10:OK-t1,SUCCESS,nextIndex=3,followerCommit=1,matchIndex=2
2024-09-10 06:19:49,483 DEBUG server.RaftServer$Division (RaftServerImpl.java:logAppendEntries(1539)) - s10@group-5D788F7A274C: appendEntries* s0->s10#8-t1,previous=(t:1, i:1),leaderCommit=1,initializing? false,entries: size=1, first=(t:1, i:2), METADATAENTRY(c:1)
2024-09-10 06:19:49,484 DEBUG server.RaftServer$Division (RaftServerImpl.java:logAppendEntries(1539)) - s10@group-5D788F7A274C: appendEntries* reply s0<-s10#8:OK-t1,SUCCESS,nextIndex=3,followerCommit=1,matchIndex=2
2024-09-10 06:19:49,488 DEBUG server.RaftServer$Division (RaftServerImpl.java:submitClientRequestAsync(910)) - s0@group-5D788F7A274C: receive client request(RaftClientRequest:client-F6450E2571FC->s0@group-5D788F7A274C, cid=4159, seq=null, RW, Message:01016202401000000000...(size=12))
2024-09-10 06:19:49,489 DEBUG server.RaftServer$Division (LeaderStateImpl.java:addPendingRequest(532)) - s0@group-5D788F7A274C-LeaderStateImpl: addPendingRequest at RaftClientRequest:client-F6450E2571FC->s0@group-5D788F7A274C, cid=4159, seq=null, RW, Message:01016202401000000000...(size=12), entry=(t:1, i:3), STATEMACHINELOGENTRY, WRITE: logData.size=12, stateMachineData.size=0, logEntryProtoSerializedSize=0
2024-09-10 06:19:49,491 DEBUG server.RaftServer$Division (RaftServerImpl.java:logAppendEntries(1539)) - s10@group-5D788F7A274C: appendEntries* s0->s10#13-t1,previous=(t:1, i:2),leaderCommit=2,initializing? false,entries: size=1, first=(t:1, i:3), STATEMACHINELOGENTRY, StateMachineLogEntryProto:4159@client-F6450E2571FC
2024-09-10 06:19:49,491 DEBUG server.RaftServer$Division (RaftServerImpl.java:logAppendEntries(1539)) - s10@group-5D788F7A274C: appendEntries* reply s0<-s10#13:OK-t1,SUCCESS,nextIndex=4,followerCommit=2,matchIndex=3
2024-09-10 06:19:49,491 DEBUG server.RaftServer$Division (RaftServerImpl.java:logAppendEntries(1539)) - s1@group-5D788F7A274C: appendEntries* s0->s1#13-t1,previous=(t:1, i:2),leaderCommit=2,initializing? false,entries: size=1, first=(t:1, i:3), STATEMACHINELOGENTRY, StateMachineLogEntryProto:4159@client-F6450E2571FC
2024-09-10 06:19:49,492 DEBUG server.RaftServer$Division (RaftServerImpl.java:logAppendEntries(1539)) - s1@group-5D788F7A274C: appendEntries* reply s0<-s1#13:OK-t1,SUCCESS,nextIndex=4,followerCommit=2,matchIndex=3
2024-09-10 06:19:49,493 INFO  statemachine.StateMachine (ArithmeticStateMachine.java:applyTransaction(181)) - LEADER:s0-3: b = 4 = 4
2024-09-10 06:19:49,495 DEBUG server.RaftServer$Division (RaftServerImpl.java:logAppendEntries(1539)) - s10@group-5D788F7A274C: appendEntries* s0->s10#14-t1,previous=(t:1, i:3),leaderCommit=3,initializing? false,entries: size=1, first=(t:1, i:4), METADATAENTRY(c:3)
2024-09-10 06:19:49,495 DEBUG server.RaftServer$Division (RaftServerImpl.java:logAppendEntries(1539)) - s1@group-5D788F7A274C: appendEntries* s0->s1#15-t1,previous=(t:1, i:3),leaderCommit=3,initializing? false,entries: size=1, first=(t:1, i:4), METADATAENTRY(c:3)
2024-09-10 06:19:49,495 DEBUG server.RaftServer$Division (RaftServerImpl.java:logAppendEntries(1539)) - s10@group-5D788F7A274C: appendEntries* reply s0<-s10#14:OK-t1,SUCCESS,nextIndex=5,followerCommit=3,matchIndex=4
2024-09-10 06:19:49,498 DEBUG server.RaftServer$Division (RaftServerImpl.java:logAppendEntries(1539)) - s1@group-5D788F7A274C: appendEntries* reply s0<-s1#15:OK-t1,SUCCESS,nextIndex=5,followerCommit=3,matchIndex=4
2024-09-10 06:19:49,501 DEBUG server.RaftServer$Division (RaftServerImpl.java:submitClientRequestAsync(910)) - s0@group-5D788F7A274C: receive client request(RaftClientRequest:client-F6450E2571FC->s0@group-5D788F7A274C, cid=4160, seq=null, RW, Message:01016304010300040201...(size=17))
2024-09-10 06:19:49,501 DEBUG server.RaftServer$Division (LeaderStateImpl.java:addPendingRequest(532)) - s0@group-5D788F7A274C-LeaderStateImpl: addPendingRequest at RaftClientRequest:client-F6450E2571FC->s0@group-5D788F7A274C, cid=4160, seq=null, RW, Message:01016304010300040201...(size=17), entry=(t:1, i:5), STATEMACHINELOGENTRY, WRITE: logData.size=17, stateMachineData.size=0, logEntryProtoSerializedSize=0
2024-09-10 06:19:49,503 DEBUG server.RaftServer$Division (RaftServerImpl.java:logAppendEntries(1539)) - s10@group-5D788F7A274C: appendEntries* s0->s10#18-t1,previous=(t:1, i:4),leaderCommit=4,initializing? false,entries: size=1, first=(t:1, i:5), STATEMACHINELOGENTRY, StateMachineLogEntryProto:4160@client-F6450E2571FC
2024-09-10 06:19:49,504 DEBUG server.RaftServer$Division (RaftServerImpl.java:logAppendEntries(1539)) - s1@group-5D788F7A274C: appendEntries* s0->s1#21-t1,previous=(t:1, i:4),leaderCommit=4,initializing? false,entries: size=1, first=(t:1, i:5), STATEMACHINELOGENTRY, StateMachineLogEntryProto:4160@client-F6450E2571FC
2024-09-10 06:19:49,504 DEBUG server.RaftServer$Division (RaftServerImpl.java:logAppendEntries(1539)) - s10@group-5D788F7A274C: appendEntries* reply s0<-s10#18:OK-t1,SUCCESS,nextIndex=6,followerCommit=4,matchIndex=5
2024-09-10 06:19:49,504 DEBUG server.RaftServer$Division (RaftServerImpl.java:logAppendEntries(1539)) - s1@group-5D788F7A274C: appendEntries* reply s0<-s1#21:OK-t1,SUCCESS,nextIndex=6,followerCommit=4,matchIndex=5
2024-09-10 06:19:49,505 INFO  statemachine.StateMachine (ArithmeticStateMachine.java:applyTransaction(181)) - LEADER:s0-5: c = √(a^2 + b^2) = 5
2024-09-10 06:19:49,506 DEBUG server.RaftServer$Division (RaftServerImpl.java:logAppendEntries(1539)) - s10@group-5D788F7A274C: appendEntries* s0->s10#19-t1,previous=(t:1, i:5),leaderCommit=5,initializing? false,entries: size=1, first=(t:1, i:6), METADATAENTRY(c:5)
2024-09-10 06:19:49,507 DEBUG server.RaftServer$Division (RaftServerImpl.java:logAppendEntries(1539)) - s10@group-5D788F7A274C: appendEntries* reply s0<-s10#19:OK-t1,SUCCESS,nextIndex=7,followerCommit=5,matchIndex=6
2024-09-10 06:19:49,508 DEBUG server.RaftServer$Division (RaftServerImpl.java:logAppendEntries(1539)) - s1@group-5D788F7A274C: appendEntries* s0->s1#22-t1,previous=(t:1, i:5),leaderCommit=5,initializing? false,entries: size=1, first=(t:1, i:6), METADATAENTRY(c:5)
2024-09-10 06:19:49,508 DEBUG server.RaftServer$Division (RaftServerImpl.java:logAppendEntries(1539)) - s1@group-5D788F7A274C: appendEntries* reply s0<-s1#22:OK-t1,SUCCESS,nextIndex=7,followerCommit=5,matchIndex=6
2024-09-10 06:19:49,512 DEBUG server.RaftServer$Division (RaftServerImpl.java:submitClientRequestAsync(910)) - s0@group-5D788F7A274C: receive client request(RaftClientRequest:client-F6450E2571FC->s0@group-5D788F7A274C, cid=4161, seq=null, RW, Message:01016100)
2024-09-10 06:19:49,512 DEBUG server.RaftServer$Division (LeaderStateImpl.java:addPendingRequest(532)) - s0@group-5D788F7A274C-LeaderStateImpl: addPendingRequest at RaftClientRequest:client-F6450E2571FC->s0@group-5D788F7A274C, cid=4161, seq=null, RW, Message:01016100, entry=(t:1, i:7), STATEMACHINELOGENTRY, WRITE: logData.size=4, stateMachineData.size=0, logEntryProtoSerializedSize=0
2024-09-10 06:19:49,514 DEBUG server.RaftServer$Division (RaftServerImpl.java:logAppendEntries(1539)) - s10@group-5D788F7A274C: appendEntries* s0->s10#23-t1,previous=(t:1, i:6),leaderCommit=6,initializing? false,entries: size=1, first=(t:1, i:7), STATEMACHINELOGENTRY, StateMachineLogEntryProto:4161@client-F6450E2571FC
2024-09-10 06:19:49,514 DEBUG server.RaftServer$Division (RaftServerImpl.java:logAppendEntries(1539)) - s1@group-5D788F7A274C: appendEntries* s0->s1#26-t1,previous=(t:1, i:6),leaderCommit=6,initializing? false,entries: size=1, first=(t:1, i:7), STATEMACHINELOGENTRY, StateMachineLogEntryProto:4161@client-F6450E2571FC
2024-09-10 06:19:49,515 DEBUG server.RaftServer$Division (RaftServerImpl.java:logAppendEntries(1539)) - s10@group-5D788F7A274C: appendEntries* reply s0<-s10#23:OK-t1,SUCCESS,nextIndex=8,followerCommit=6,matchIndex=7
2024-09-10 06:19:49,515 DEBUG server.RaftServer$Division (RaftServerImpl.java:logAppendEntries(1539)) - s1@group-5D788F7A274C: appendEntries* reply s0<-s1#26:OK-t1,SUCCESS,nextIndex=8,followerCommit=6,matchIndex=7
2024-09-10 06:19:49,516 INFO  statemachine.StateMachine (ArithmeticStateMachine.java:applyTransaction(181)) - LEADER:s0-7: a = null = null
2024-09-10 06:19:49,519 DEBUG server.RaftServer$Division (RaftServerImpl.java:logAppendEntries(1539)) - s10@group-5D788F7A274C: appendEntries* s0->s10#24-t1,previous=(t:1, i:7),leaderCommit=7,initializing? false,entries: size=1, first=(t:1, i:8), METADATAENTRY(c:7)
2024-09-10 06:19:49,520 DEBUG server.RaftServer$Division (RaftServerImpl.java:logAppendEntries(1539)) - s10@group-5D788F7A274C: appendEntries* reply s0<-s10#24:OK-t1,SUCCESS,nextIndex=9,followerCommit=7,matchIndex=8
2024-09-10 06:19:49,520 DEBUG server.RaftServer$Division (RaftServerImpl.java:logAppendEntries(1539)) - s1@group-5D788F7A274C: appendEntries* s0->s1#28-t1,previous=(t:1, i:7),leaderCommit=7,initializing? false,entries: size=1, first=(t:1, i:8), METADATAENTRY(c:7)
2024-09-10 06:19:49,521 DEBUG server.RaftServer$Division (RaftServerImpl.java:logAppendEntries(1539)) - s1@group-5D788F7A274C: appendEntries* reply s0<-s1#28:OK-t1,SUCCESS,nextIndex=9,followerCommit=7,matchIndex=8
2024-09-10 06:19:49,523 DEBUG server.RaftServer$Division (RaftServerImpl.java:submitClientRequestAsync(910)) - s0@group-5D788F7A274C: receive client request(RaftClientRequest:client-F6450E2571FC->s0@group-5D788F7A274C, cid=4162, seq=null, RW, Message:01016200)
2024-09-10 06:19:49,524 DEBUG server.RaftServer$Division (LeaderStateImpl.java:addPendingRequest(532)) - s0@group-5D788F7A274C-LeaderStateImpl: addPendingRequest at RaftClientRequest:client-F6450E2571FC->s0@group-5D788F7A274C, cid=4162, seq=null, RW, Message:01016200, entry=(t:1, i:9), STATEMACHINELOGENTRY, WRITE: logData.size=4, stateMachineData.size=0, logEntryProtoSerializedSize=0
2024-09-10 06:19:49,532 DEBUG server.RaftServer$Division (RaftServerImpl.java:logAppendEntries(1539)) - s1@group-5D788F7A274C: appendEntries* s0->s1#31-t1,previous=(t:1, i:8),leaderCommit=8,initializing? false,entries: size=1, first=(t:1, i:9), STATEMACHINELOGENTRY, StateMachineLogEntryProto:4162@client-F6450E2571FC
2024-09-10 06:19:49,532 DEBUG server.RaftServer$Division (RaftServerImpl.java:logAppendEntries(1539)) - s1@group-5D788F7A274C: appendEntries* reply s0<-s1#31:OK-t1,SUCCESS,nextIndex=10,followerCommit=8,matchIndex=9
2024-09-10 06:19:49,533 DEBUG server.RaftServer$Division (RaftServerImpl.java:logAppendEntries(1539)) - s10@group-5D788F7A274C: appendEntries* s0->s10#27-t1,previous=(t:1, i:8),leaderCommit=8,initializing? false,entries: size=1, first=(t:1, i:9), STATEMACHINELOGENTRY, StateMachineLogEntryProto:4162@client-F6450E2571FC
2024-09-10 06:19:49,534 INFO  statemachine.StateMachine (ArithmeticStateMachine.java:applyTransaction(181)) - LEADER:s0-9: b = null = null
2024-09-10 06:19:49,534 DEBUG server.RaftServer$Division (RaftServerImpl.java:logAppendEntries(1539)) - s10@group-5D788F7A274C: appendEntries* reply s0<-s10#27:OK-t1,SUCCESS,nextIndex=10,followerCommit=8,matchIndex=9
2024-09-10 06:19:49,536 DEBUG server.RaftServer$Division (RaftServerImpl.java:logAppendEntries(1539)) - s10@group-5D788F7A274C: appendEntries* s0->s10#30-t1,previous=(t:1, i:9),leaderCommit=9,initializing? false,entries: size=1, first=(t:1, i:10), METADATAENTRY(c:9)
2024-09-10 06:19:49,537 DEBUG server.RaftServer$Division (RaftServerImpl.java:logAppendEntries(1539)) - s1@group-5D788F7A274C: appendEntries* s0->s1#33-t1,previous=(t:1, i:9),leaderCommit=9,initializing? false,entries: size=1, first=(t:1, i:10), METADATAENTRY(c:9)
2024-09-10 06:19:49,537 DEBUG server.RaftServer$Division (RaftServerImpl.java:logAppendEntries(1539)) - s10@group-5D788F7A274C: appendEntries* reply s0<-s10#30:OK-t1,SUCCESS,nextIndex=11,followerCommit=9,matchIndex=10
2024-09-10 06:19:49,538 DEBUG server.RaftServer$Division (RaftServerImpl.java:logAppendEntries(1539)) - s1@group-5D788F7A274C: appendEntries* reply s0<-s1#33:OK-t1,SUCCESS,nextIndex=11,followerCommit=9,matchIndex=10
2024-09-10 06:19:49,549 DEBUG server.RaftServer$Division (RaftServerImpl.java:submitClientRequestAsync(910)) - s0@group-5D788F7A274C: receive client request(RaftClientRequest:client-F6450E2571FC->s0@group-5D788F7A274C, cid=4163, seq=null, RW, Message:01016300)
2024-09-10 06:19:49,550 DEBUG server.RaftServer$Division (LeaderStateImpl.java:addPendingRequest(532)) - s0@group-5D788F7A274C-LeaderStateImpl: addPendingRequest at RaftClientRequest:client-F6450E2571FC->s0@group-5D788F7A274C, cid=4163, seq=null, RW, Message:01016300, entry=(t:1, i:11), STATEMACHINELOGENTRY, WRITE: logData.size=4, stateMachineData.size=0, logEntryProtoSerializedSize=0
2024-09-10 06:19:49,552 DEBUG server.RaftServer$Division (RaftServerImpl.java:logAppendEntries(1539)) - s10@group-5D788F7A274C: appendEntries* s0->s10#34-t1,previous=(t:1, i:10),leaderCommit=10,initializing? false,entries: size=1, first=(t:1, i:11), STATEMACHINELOGENTRY, StateMachineLogEntryProto:4163@client-F6450E2571FC
2024-09-10 06:19:49,552 DEBUG server.RaftServer$Division (RaftServerImpl.java:logAppendEntries(1539)) - s1@group-5D788F7A274C: appendEntries* s0->s1#37-t1,previous=(t:1, i:10),leaderCommit=10,initializing? false,entries: size=1, first=(t:1, i:11), STATEMACHINELOGENTRY, StateMachineLogEntryProto:4163@client-F6450E2571FC
2024-09-10 06:19:49,553 DEBUG server.RaftServer$Division (RaftServerImpl.java:logAppendEntries(1539)) - s1@group-5D788F7A274C: appendEntries* reply s0<-s1#37:OK-t1,SUCCESS,nextIndex=12,followerCommit=10,matchIndex=11
2024-09-10 06:19:49,553 DEBUG server.RaftServer$Division (RaftServerImpl.java:logAppendEntries(1539)) - s10@group-5D788F7A274C: appendEntries* reply s0<-s10#34:OK-t1,SUCCESS,nextIndex=12,followerCommit=10,matchIndex=11
2024-09-10 06:19:49,554 INFO  statemachine.StateMachine (ArithmeticStateMachine.java:applyTransaction(181)) - LEADER:s0-11: c = null = null
2024-09-10 06:19:49,556 DEBUG server.RaftServer$Division (RaftServerImpl.java:logAppendEntries(1539)) - s1@group-5D788F7A274C: appendEntries* s0->s1#38-t1,previous=(t:1, i:11),leaderCommit=11,initializing? false,entries: size=1, first=(t:1, i:12), METADATAENTRY(c:11)
2024-09-10 06:19:49,558 DEBUG server.RaftServer$Division (RaftServerImpl.java:logAppendEntries(1539)) - s10@group-5D788F7A274C: appendEntries* s0->s10#36-t1,previous=(t:1, i:11),leaderCommit=11,initializing? false,entries: size=1, first=(t:1, i:12), METADATAENTRY(c:11)
2024-09-10 06:19:49,558 DEBUG server.RaftServer$Division (RaftServerImpl.java:logAppendEntries(1539)) - s1@group-5D788F7A274C: appendEntries* reply s0<-s1#38:OK-t1,SUCCESS,nextIndex=13,followerCommit=11,matchIndex=12
2024-09-10 06:19:49,559 DEBUG server.RaftServer$Division (RaftServerImpl.java:submitClientRequestAsync(910)) - s0@group-5D788F7A274C: receive client request(RaftClientRequest:client-F6450E2571FC->s0@group-5D788F7A274C, cid=4164, seq=null, RW, Message:01016102401400000000...(size=12))
2024-09-10 06:19:49,560 DEBUG server.RaftServer$Division (LeaderStateImpl.java:addPendingRequest(532)) - s0@group-5D788F7A274C-LeaderStateImpl: addPendingRequest at RaftClientRequest:client-F6450E2571FC->s0@group-5D788F7A274C, cid=4164, seq=null, RW, Message:01016102401400000000...(size=12), entry=(t:1, i:13), STATEMACHINELOGENTRY, WRITE: logData.size=12, stateMachineData.size=0, logEntryProtoSerializedSize=0
2024-09-10 06:19:49,562 DEBUG server.RaftServer$Division (RaftServerImpl.java:logAppendEntries(1539)) - s10@group-5D788F7A274C: appendEntries* reply s0<-s10#36:OK-t1,SUCCESS,nextIndex=13,followerCommit=11,matchIndex=12
2024-09-10 06:19:49,562 DEBUG server.RaftServer$Division (RaftServerImpl.java:logAppendEntries(1539)) - s10@group-5D788F7A274C: appendEntries* s0->s10#37-t1,previous=(t:1, i:12),leaderCommit=12,initializing? false,entries: size=1, first=(t:1, i:13), STATEMACHINELOGENTRY, StateMachineLogEntryProto:4164@client-F6450E2571FC
2024-09-10 06:19:49,563 DEBUG server.RaftServer$Division (RaftServerImpl.java:logAppendEntries(1539)) - s1@group-5D788F7A274C: appendEntries* s0->s1#39-t1,previous=(t:1, i:12),leaderCommit=12,initializing? false,entries: size=1, first=(t:1, i:13), STATEMACHINELOGENTRY, StateMachineLogEntryProto:4164@client-F6450E2571FC
2024-09-10 06:19:49,564 DEBUG server.RaftServer$Division (RaftServerImpl.java:logAppendEntries(1539)) - s1@group-5D788F7A274C: appendEntries* reply s0<-s1#39:OK-t1,SUCCESS,nextIndex=14,followerCommit=12,matchIndex=13
2024-09-10 06:19:49,564 DEBUG server.RaftServer$Division (RaftServerImpl.java:logAppendEntries(1539)) - s10@group-5D788F7A274C: appendEntries* reply s0<-s10#37:OK-t1,SUCCESS,nextIndex=14,followerCommit=12,matchIndex=13
2024-09-10 06:19:49,565 INFO  statemachine.StateMachine (ArithmeticStateMachine.java:applyTransaction(181)) - LEADER:s0-13: a = 5 = 5
2024-09-10 06:19:49,567 DEBUG server.RaftServer$Division (RaftServerImpl.java:logAppendEntries(1539)) - s10@group-5D788F7A274C: appendEntries* s0->s10#39-t1,previous=(t:1, i:13),leaderCommit=13,initializing? false,entries: size=1, first=(t:1, i:14), METADATAENTRY(c:13)
2024-09-10 06:19:49,568 DEBUG server.RaftServer$Division (RaftServerImpl.java:logAppendEntries(1539)) - s10@group-5D788F7A274C: appendEntries* reply s0<-s10#39:OK-t1,SUCCESS,nextIndex=15,followerCommit=13,matchIndex=14
2024-09-10 06:19:49,569 DEBUG server.RaftServer$Division (RaftServerImpl.java:logAppendEntries(1539)) - s1@group-5D788F7A274C: appendEntries* s0->s1#41-t1,previous=(t:1, i:13),leaderCommit=13,initializing? false,entries: size=1, first=(t:1, i:14), METADATAENTRY(c:13)
2024-09-10 06:19:49,570 DEBUG server.RaftServer$Division (RaftServerImpl.java:logAppendEntries(1539)) - s1@group-5D788F7A274C: appendEntries* reply s0<-s1#41:OK-t1,SUCCESS,nextIndex=15,followerCommit=13,matchIndex=14
2024-09-10 06:19:49,570 DEBUG server.RaftServer$Division (RaftServerImpl.java:submitClientRequestAsync(910)) - s0@group-5D788F7A274C: receive client request(RaftClientRequest:client-F6450E2571FC->s0@group-5D788F7A274C, cid=4165, seq=null, RW, Message:01016202402800000000...(size=12))
2024-09-10 06:19:49,571 DEBUG server.RaftServer$Division (LeaderStateImpl.java:addPendingRequest(532)) - s0@group-5D788F7A274C-LeaderStateImpl: addPendingRequest at RaftClientRequest:client-F6450E2571FC->s0@group-5D788F7A274C, cid=4165, seq=null, RW, Message:01016202402800000000...(size=12), entry=(t:1, i:15), STATEMACHINELOGENTRY, WRITE: logData.size=12, stateMachineData.size=0, logEntryProtoSerializedSize=0
2024-09-10 06:19:49,573 DEBUG server.RaftServer$Division (RaftServerImpl.java:logAppendEntries(1539)) - s10@group-5D788F7A274C: appendEntries* s0->s10#41-t1,previous=(t:1, i:14),leaderCommit=14,initializing? false,entries: size=1, first=(t:1, i:15), STATEMACHINELOGENTRY, StateMachineLogEntryProto:4165@client-F6450E2571FC
2024-09-10 06:19:49,573 DEBUG server.RaftServer$Division (RaftServerImpl.java:logAppendEntries(1539)) - s10@group-5D788F7A274C: appendEntries* reply s0<-s10#41:OK-t1,SUCCESS,nextIndex=16,followerCommit=14,matchIndex=15
2024-09-10 06:19:49,574 DEBUG server.RaftServer$Division (RaftServerImpl.java:logAppendEntries(1539)) - s1@group-5D788F7A274C: appendEntries* s0->s1#44-t1,previous=(t:1, i:14),leaderCommit=14,initializing? false,entries: size=1, first=(t:1, i:15), STATEMACHINELOGENTRY, StateMachineLogEntryProto:4165@client-F6450E2571FC
2024-09-10 06:19:49,575 INFO  statemachine.StateMachine (ArithmeticStateMachine.java:applyTransaction(181)) - LEADER:s0-15: b = 12 = 12
2024-09-10 06:19:49,576 DEBUG server.RaftServer$Division (RaftServerImpl.java:logAppendEntries(1539)) - s1@group-5D788F7A274C: appendEntries* reply s0<-s1#44:OK-t1,SUCCESS,nextIndex=16,followerCommit=14,matchIndex=15
2024-09-10 06:19:49,577 DEBUG server.RaftServer$Division (RaftServerImpl.java:logAppendEntries(1539)) - s1@group-5D788F7A274C: appendEntries* s0->s1#47-t1,previous=(t:1, i:15),leaderCommit=15,initializing? false,entries: size=1, first=(t:1, i:16), METADATAENTRY(c:15)
2024-09-10 06:19:49,578 DEBUG server.RaftServer$Division (RaftServerImpl.java:logAppendEntries(1539)) - s1@group-5D788F7A274C: appendEntries* reply s0<-s1#47:OK-t1,SUCCESS,nextIndex=17,followerCommit=15,matchIndex=16
2024-09-10 06:19:49,578 DEBUG server.RaftServer$Division (RaftServerImpl.java:logAppendEntries(1539)) - s10@group-5D788F7A274C: appendEntries* s0->s10#43-t1,previous=(t:1, i:15),leaderCommit=15,initializing? false,entries: size=1, first=(t:1, i:16), METADATAENTRY(c:15)
2024-09-10 06:19:49,580 DEBUG server.RaftServer$Division (RaftServerImpl.java:logAppendEntries(1539)) - s10@group-5D788F7A274C: appendEntries* reply s0<-s10#43:OK-t1,SUCCESS,nextIndex=17,followerCommit=15,matchIndex=16
2024-09-10 06:19:49,586 DEBUG server.RaftServer$Division (RaftServerImpl.java:submitClientRequestAsync(910)) - s0@group-5D788F7A274C: receive client request(RaftClientRequest:client-F6450E2571FC->s0@group-5D788F7A274C, cid=4166, seq=null, RW, Message:01016304010300040201...(size=17))
2024-09-10 06:19:49,587 DEBUG server.RaftServer$Division (LeaderStateImpl.java:addPendingRequest(532)) - s0@group-5D788F7A274C-LeaderStateImpl: addPendingRequest at RaftClientRequest:client-F6450E2571FC->s0@group-5D788F7A274C, cid=4166, seq=null, RW, Message:01016304010300040201...(size=17), entry=(t:1, i:17), STATEMACHINELOGENTRY, WRITE: logData.size=17, stateMachineData.size=0, logEntryProtoSerializedSize=0
2024-09-10 06:19:49,588 DEBUG server.RaftServer$Division (RaftServerImpl.java:logAppendEntries(1539)) - s1@group-5D788F7A274C: appendEntries* s0->s1#51-t1,previous=(t:1, i:16),leaderCommit=16,initializing? false,entries: size=1, first=(t:1, i:17), STATEMACHINELOGENTRY, StateMachineLogEntryProto:4166@client-F6450E2571FC
2024-09-10 06:19:49,588 DEBUG server.RaftServer$Division (RaftServerImpl.java:logAppendEntries(1539)) - s10@group-5D788F7A274C: appendEntries* s0->s10#48-t1,previous=(t:1, i:16),leaderCommit=16,initializing? false,entries: size=1, first=(t:1, i:17), STATEMACHINELOGENTRY, StateMachineLogEntryProto:4166@client-F6450E2571FC
2024-09-10 06:19:49,588 DEBUG server.RaftServer$Division (RaftServerImpl.java:logAppendEntries(1539)) - s1@group-5D788F7A274C: appendEntries* reply s0<-s1#51:OK-t1,SUCCESS,nextIndex=18,followerCommit=16,matchIndex=17
2024-09-10 06:19:49,589 DEBUG server.RaftServer$Division (RaftServerImpl.java:logAppendEntries(1539)) - s10@group-5D788F7A274C: appendEntries* reply s0<-s10#48:OK-t1,SUCCESS,nextIndex=18,followerCommit=16,matchIndex=17
2024-09-10 06:19:49,590 INFO  statemachine.StateMachine (ArithmeticStateMachine.java:applyTransaction(181)) - LEADER:s0-17: c = √(a^2 + b^2) = 13
2024-09-10 06:19:49,593 DEBUG server.RaftServer$Division (RaftServerImpl.java:logAppendEntries(1539)) - s10@group-5D788F7A274C: appendEntries* s0->s10#50-t1,previous=(t:1, i:17),leaderCommit=17,initializing? false,entries: size=1, first=(t:1, i:18), METADATAENTRY(c:17)
2024-09-10 06:19:49,593 DEBUG server.RaftServer$Division (RaftServerImpl.java:logAppendEntries(1539)) - s1@group-5D788F7A274C: appendEntries* s0->s1#52-t1,previous=(t:1, i:17),leaderCommit=17,initializing? false,entries: size=1, first=(t:1, i:18), METADATAENTRY(c:17)
2024-09-10 06:19:49,593 DEBUG server.RaftServer$Division (RaftServerImpl.java:logAppendEntries(1539)) - s10@group-5D788F7A274C: appendEntries* reply s0<-s10#50:OK-t1,SUCCESS,nextIndex=19,followerCommit=17,matchIndex=18
2024-09-10 06:19:49,593 DEBUG server.RaftServer$Division (RaftServerImpl.java:logAppendEntries(1539)) - s1@group-5D788F7A274C: appendEntries* reply s0<-s1#52:OK-t1,SUCCESS,nextIndex=19,followerCommit=17,matchIndex=18
2024-09-10 06:19:49,602 DEBUG server.RaftServer$Division (RaftServerImpl.java:submitClientRequestAsync(910)) - s0@group-5D788F7A274C: receive client request(RaftClientRequest:client-F6450E2571FC->s0@group-5D788F7A274C, cid=4167, seq=null, RW, Message:01016100)
2024-09-10 06:19:49,602 DEBUG server.RaftServer$Division (LeaderStateImpl.java:addPendingRequest(532)) - s0@group-5D788F7A274C-LeaderStateImpl: addPendingRequest at RaftClientRequest:client-F6450E2571FC->s0@group-5D788F7A274C, cid=4167, seq=null, RW, Message:01016100, entry=(t:1, i:19), STATEMACHINELOGENTRY, WRITE: logData.size=4, stateMachineData.size=0, logEntryProtoSerializedSize=0
2024-09-10 06:19:49,604 DEBUG server.RaftServer$Division (RaftServerImpl.java:logAppendEntries(1539)) - s1@group-5D788F7A274C: appendEntries* s0->s1#56-t1,previous=(t:1, i:18),leaderCommit=18,initializing? false,entries: size=1, first=(t:1, i:19), STATEMACHINELOGENTRY, StateMachineLogEntryProto:4167@client-F6450E2571FC
2024-09-10 06:19:49,604 DEBUG server.RaftServer$Division (RaftServerImpl.java:logAppendEntries(1539)) - s1@group-5D788F7A274C: appendEntries* reply s0<-s1#56:OK-t1,SUCCESS,nextIndex=20,followerCommit=18,matchIndex=19
2024-09-10 06:19:49,605 DEBUG server.RaftServer$Division (RaftServerImpl.java:logAppendEntries(1539)) - s10@group-5D788F7A274C: appendEntries* s0->s10#55-t1,previous=(t:1, i:18),leaderCommit=18,initializing? false,entries: size=1, first=(t:1, i:19), STATEMACHINELOGENTRY, StateMachineLogEntryProto:4167@client-F6450E2571FC
2024-09-10 06:19:49,606 INFO  statemachine.StateMachine (ArithmeticStateMachine.java:applyTransaction(181)) - LEADER:s0-19: a = null = null
2024-09-10 06:19:49,606 DEBUG server.RaftServer$Division (RaftServerImpl.java:logAppendEntries(1539)) - s10@group-5D788F7A274C: appendEntries* reply s0<-s10#55:OK-t1,SUCCESS,nextIndex=20,followerCommit=18,matchIndex=19
2024-09-10 06:19:49,608 DEBUG server.RaftServer$Division (RaftServerImpl.java:logAppendEntries(1539)) - s10@group-5D788F7A274C: appendEntries* s0->s10#56-t1,previous=(t:1, i:19),leaderCommit=19,initializing? false,entries: size=1, first=(t:1, i:20), METADATAENTRY(c:19)
2024-09-10 06:19:49,608 DEBUG server.RaftServer$Division (RaftServerImpl.java:logAppendEntries(1539)) - s1@group-5D788F7A274C: appendEntries* s0->s1#57-t1,previous=(t:1, i:19),leaderCommit=19,initializing? false,entries: size=1, first=(t:1, i:20), METADATAENTRY(c:19)
2024-09-10 06:19:49,610 DEBUG server.RaftServer$Division (RaftServerImpl.java:logAppendEntries(1539)) - s10@group-5D788F7A274C: appendEntries* reply s0<-s10#56:OK-t1,SUCCESS,nextIndex=21,followerCommit=19,matchIndex=20
2024-09-10 06:19:49,610 DEBUG server.RaftServer$Division (RaftServerImpl.java:logAppendEntries(1539)) - s1@group-5D788F7A274C: appendEntries* reply s0<-s1#57:OK-t1,SUCCESS,nextIndex=21,followerCommit=19,matchIndex=20
2024-09-10 06:19:49,612 DEBUG server.RaftServer$Division (RaftServerImpl.java:submitClientRequestAsync(910)) - s0@group-5D788F7A274C: receive client request(RaftClientRequest:client-F6450E2571FC->s0@group-5D788F7A274C, cid=4168, seq=null, RW, Message:01016200)
2024-09-10 06:19:49,612 DEBUG server.RaftServer$Division (LeaderStateImpl.java:addPendingRequest(532)) - s0@group-5D788F7A274C-LeaderStateImpl: addPendingRequest at RaftClientRequest:client-F6450E2571FC->s0@group-5D788F7A274C, cid=4168, seq=null, RW, Message:01016200, entry=(t:1, i:21), STATEMACHINELOGENTRY, WRITE: logData.size=4, stateMachineData.size=0, logEntryProtoSerializedSize=0
2024-09-10 06:19:49,614 DEBUG server.RaftServer$Division (RaftServerImpl.java:logAppendEntries(1539)) - s1@group-5D788F7A274C: appendEntries* s0->s1#60-t1,previous=(t:1, i:20),leaderCommit=20,initializing? false,entries: size=1, first=(t:1, i:21), STATEMACHINELOGENTRY, StateMachineLogEntryProto:4168@client-F6450E2571FC
2024-09-10 06:19:49,614 DEBUG server.RaftServer$Division (RaftServerImpl.java:logAppendEntries(1539)) - s10@group-5D788F7A274C: appendEntries* s0->s10#59-t1,previous=(t:1, i:20),leaderCommit=20,initializing? false,entries: size=1, first=(t:1, i:21), STATEMACHINELOGENTRY, StateMachineLogEntryProto:4168@client-F6450E2571FC
2024-09-10 06:19:49,615 DEBUG server.RaftServer$Division (RaftServerImpl.java:logAppendEntries(1539)) - s1@group-5D788F7A274C: appendEntries* reply s0<-s1#60:OK-t1,SUCCESS,nextIndex=22,followerCommit=20,matchIndex=21
2024-09-10 06:19:49,615 DEBUG server.RaftServer$Division (RaftServerImpl.java:logAppendEntries(1539)) - s10@group-5D788F7A274C: appendEntries* reply s0<-s10#59:OK-t1,SUCCESS,nextIndex=22,followerCommit=20,matchIndex=21
2024-09-10 06:19:49,616 INFO  statemachine.StateMachine (ArithmeticStateMachine.java:applyTransaction(181)) - LEADER:s0-21: b = null = null
2024-09-10 06:19:49,618 DEBUG server.RaftServer$Division (RaftServerImpl.java:logAppendEntries(1539)) - s10@group-5D788F7A274C: appendEntries* s0->s10#61-t1,previous=(t:1, i:21),leaderCommit=21,initializing? false,entries: size=1, first=(t:1, i:22), METADATAENTRY(c:21)
2024-09-10 06:19:49,619 DEBUG server.RaftServer$Division (RaftServerImpl.java:logAppendEntries(1539)) - s1@group-5D788F7A274C: appendEntries* s0->s1#61-t1,previous=(t:1, i:21),leaderCommit=21,initializing? false,entries: size=1, first=(t:1, i:22), METADATAENTRY(c:21)
2024-09-10 06:19:49,620 DEBUG server.RaftServer$Division (RaftServerImpl.java:logAppendEntries(1539)) - s10@group-5D788F7A274C: appendEntries* reply s0<-s10#61:OK-t1,SUCCESS,nextIndex=23,followerCommit=21,matchIndex=22
2024-09-10 06:19:49,620 DEBUG server.RaftServer$Division (RaftServerImpl.java:submitClientRequestAsync(910)) - s0@group-5D788F7A274C: receive client request(RaftClientRequest:client-F6450E2571FC->s0@group-5D788F7A274C, cid=4169, seq=null, RW, Message:01016300)
2024-09-10 06:19:49,620 DEBUG server.RaftServer$Division (RaftServerImpl.java:logAppendEntries(1539)) - s1@group-5D788F7A274C: appendEntries* reply s0<-s1#61:OK-t1,SUCCESS,nextIndex=23,followerCommit=21,matchIndex=22
2024-09-10 06:19:49,620 DEBUG server.RaftServer$Division (LeaderStateImpl.java:addPendingRequest(532)) - s0@group-5D788F7A274C-LeaderStateImpl: addPendingRequest at RaftClientRequest:client-F6450E2571FC->s0@group-5D788F7A274C, cid=4169, seq=null, RW, Message:01016300, entry=(t:1, i:23), STATEMACHINELOGENTRY, WRITE: logData.size=4, stateMachineData.size=0, logEntryProtoSerializedSize=0
2024-09-10 06:19:49,622 DEBUG server.RaftServer$Division (RaftServerImpl.java:logAppendEntries(1539)) - s10@group-5D788F7A274C: appendEntries* s0->s10#63-t1,previous=(t:1, i:22),leaderCommit=21,initializing? false,entries: size=1, first=(t:1, i:23), STATEMACHINELOGENTRY, StateMachineLogEntryProto:4169@client-F6450E2571FC
2024-09-10 06:19:49,622 DEBUG server.RaftServer$Division (RaftServerImpl.java:logAppendEntries(1539)) - s1@group-5D788F7A274C: appendEntries* s0->s1#63-t1,previous=(t:1, i:22),leaderCommit=21,initializing? false,entries: size=1, first=(t:1, i:23), STATEMACHINELOGENTRY, StateMachineLogEntryProto:4169@client-F6450E2571FC
2024-09-10 06:19:49,622 DEBUG server.RaftServer$Division (RaftServerImpl.java:logAppendEntries(1539)) - s10@group-5D788F7A274C: appendEntries* reply s0<-s10#63:OK-t1,SUCCESS,nextIndex=24,followerCommit=21,matchIndex=23
2024-09-10 06:19:49,623 DEBUG server.RaftServer$Division (RaftServerImpl.java:logAppendEntries(1539)) - s1@group-5D788F7A274C: appendEntries* reply s0<-s1#63:OK-t1,SUCCESS,nextIndex=24,followerCommit=21,matchIndex=23
2024-09-10 06:19:49,623 INFO  statemachine.StateMachine (ArithmeticStateMachine.java:applyTransaction(181)) - LEADER:s0-23: c = null = null
2024-09-10 06:19:49,625 DEBUG server.RaftServer$Division (RaftServerImpl.java:logAppendEntries(1539)) - s10@group-5D788F7A274C: appendEntries* s0->s10#65-t1,previous=(t:1, i:23),leaderCommit=23,initializing? false,entries: size=1, first=(t:1, i:24), METADATAENTRY(c:23)
2024-09-10 06:19:49,626 DEBUG server.RaftServer$Division (RaftServerImpl.java:logAppendEntries(1539)) - s10@group-5D788F7A274C: appendEntries* reply s0<-s10#65:OK-t1,SUCCESS,nextIndex=25,followerCommit=23,matchIndex=24
2024-09-10 06:19:49,626 DEBUG server.RaftServer$Division (RaftServerImpl.java:logAppendEntries(1539)) - s1@group-5D788F7A274C: appendEntries* s0->s1#66-t1,previous=(t:1, i:23),leaderCommit=23,initializing? false,entries: size=1, first=(t:1, i:24), METADATAENTRY(c:23)
2024-09-10 06:19:49,627 DEBUG server.RaftServer$Division (RaftServerImpl.java:logAppendEntries(1539)) - s1@group-5D788F7A274C: appendEntries* reply s0<-s1#66:OK-t1,SUCCESS,nextIndex=25,followerCommit=23,matchIndex=24
2024-09-10 06:19:49,630 DEBUG server.RaftServer$Division (RaftServerImpl.java:submitClientRequestAsync(910)) - s0@group-5D788F7A274C: receive client request(RaftClientRequest:client-F6450E2571FC->s0@group-5D788F7A274C, cid=4170, seq=null, RW, Message:01016102401c00000000...(size=12))
2024-09-10 06:19:49,630 DEBUG server.RaftServer$Division (LeaderStateImpl.java:addPendingRequest(532)) - s0@group-5D788F7A274C-LeaderStateImpl: addPendingRequest at RaftClientRequest:client-F6450E2571FC->s0@group-5D788F7A274C, cid=4170, seq=null, RW, Message:01016102401c00000000...(size=12), entry=(t:1, i:25), STATEMACHINELOGENTRY, WRITE: logData.size=12, stateMachineData.size=0, logEntryProtoSerializedSize=0
2024-09-10 06:19:49,632 DEBUG server.RaftServer$Division (RaftServerImpl.java:logAppendEntries(1539)) - s1@group-5D788F7A274C: appendEntries* s0->s1#71-t1,previous=(t:1, i:24),leaderCommit=24,initializing? false,entries: size=1, first=(t:1, i:25), STATEMACHINELOGENTRY, StateMachineLogEntryProto:4170@client-F6450E2571FC
2024-09-10 06:19:49,632 DEBUG server.RaftServer$Division (RaftServerImpl.java:logAppendEntries(1539)) - s1@group-5D788F7A274C: appendEntries* reply s0<-s1#71:OK-t1,SUCCESS,nextIndex=26,followerCommit=24,matchIndex=25
2024-09-10 06:19:49,633 DEBUG server.RaftServer$Division (RaftServerImpl.java:logAppendEntries(1539)) - s10@group-5D788F7A274C: appendEntries* s0->s10#67-t1,previous=(t:1, i:24),leaderCommit=24,initializing? false,entries: size=1, first=(t:1, i:25), STATEMACHINELOGENTRY, StateMachineLogEntryProto:4170@client-F6450E2571FC
2024-09-10 06:19:49,633 INFO  statemachine.StateMachine (ArithmeticStateMachine.java:applyTransaction(181)) - LEADER:s0-25: a = 7 = 7
2024-09-10 06:19:49,634 DEBUG server.RaftServer$Division (RaftServerImpl.java:logAppendEntries(1539)) - s10@group-5D788F7A274C: appendEntries* reply s0<-s10#67:OK-t1,SUCCESS,nextIndex=26,followerCommit=24,matchIndex=25
2024-09-10 06:19:49,635 DEBUG server.RaftServer$Division (RaftServerImpl.java:logAppendEntries(1539)) - s1@group-5D788F7A274C: appendEntries* s0->s1#72-t1,previous=(t:1, i:25),leaderCommit=25,initializing? false,entries: size=1, first=(t:1, i:26), METADATAENTRY(c:25)
2024-09-10 06:19:49,636 DEBUG server.RaftServer$Division (RaftServerImpl.java:logAppendEntries(1539)) - s10@group-5D788F7A274C: appendEntries* s0->s10#69-t1,previous=(t:1, i:25),leaderCommit=25,initializing? false,entries: size=1, first=(t:1, i:26), METADATAENTRY(c:25)
2024-09-10 06:19:49,636 DEBUG server.RaftServer$Division (RaftServerImpl.java:logAppendEntries(1539)) - s1@group-5D788F7A274C: appendEntries* reply s0<-s1#72:OK-t1,SUCCESS,nextIndex=27,followerCommit=25,matchIndex=26
2024-09-10 06:19:49,637 DEBUG server.RaftServer$Division (RaftServerImpl.java:logAppendEntries(1539)) - s10@group-5D788F7A274C: appendEntries* reply s0<-s10#69:OK-t1,SUCCESS,nextIndex=27,followerCommit=25,matchIndex=26
2024-09-10 06:19:49,639 DEBUG server.RaftServer$Division (RaftServerImpl.java:submitClientRequestAsync(910)) - s0@group-5D788F7A274C: receive client request(RaftClientRequest:client-F6450E2571FC->s0@group-5D788F7A274C, cid=4171, seq=null, RW, Message:01016202403800000000...(size=12))
2024-09-10 06:19:49,640 DEBUG server.RaftServer$Division (LeaderStateImpl.java:addPendingRequest(532)) - s0@group-5D788F7A274C-LeaderStateImpl: addPendingRequest at RaftClientRequest:client-F6450E2571FC->s0@group-5D788F7A274C, cid=4171, seq=null, RW, Message:01016202403800000000...(size=12), entry=(t:1, i:27), STATEMACHINELOGENTRY, WRITE: logData.size=12, stateMachineData.size=0, logEntryProtoSerializedSize=0
2024-09-10 06:19:49,641 DEBUG server.RaftServer$Division (RaftServerImpl.java:logAppendEntries(1539)) - s10@group-5D788F7A274C: appendEntries* s0->s10#73-t1,previous=(t:1, i:26),leaderCommit=26,initializing? false,entries: size=1, first=(t:1, i:27), STATEMACHINELOGENTRY, StateMachineLogEntryProto:4171@client-F6450E2571FC
2024-09-10 06:19:49,642 DEBUG server.RaftServer$Division (RaftServerImpl.java:logAppendEntries(1539)) - s1@group-5D788F7A274C: appendEntries* s0->s1#76-t1,previous=(t:1, i:26),leaderCommit=26,initializing? false,entries: size=1, first=(t:1, i:27), STATEMACHINELOGENTRY, StateMachineLogEntryProto:4171@client-F6450E2571FC
2024-09-10 06:19:49,642 DEBUG server.RaftServer$Division (RaftServerImpl.java:logAppendEntries(1539)) - s10@group-5D788F7A274C: appendEntries* reply s0<-s10#73:OK-t1,SUCCESS,nextIndex=28,followerCommit=26,matchIndex=27
2024-09-10 06:19:49,643 DEBUG server.RaftServer$Division (RaftServerImpl.java:logAppendEntries(1539)) - s1@group-5D788F7A274C: appendEntries* reply s0<-s1#76:OK-t1,SUCCESS,nextIndex=28,followerCommit=26,matchIndex=27
2024-09-10 06:19:49,643 INFO  statemachine.StateMachine (ArithmeticStateMachine.java:applyTransaction(181)) - LEADER:s0-27: b = 24 = 24
2024-09-10 06:19:49,644 DEBUG server.RaftServer$Division (RaftServerImpl.java:logAppendEntries(1539)) - s10@group-5D788F7A274C: appendEntries* s0->s10#74-t1,previous=(t:1, i:27),leaderCommit=27,initializing? false,entries: size=1, first=(t:1, i:28), METADATAENTRY(c:27)
2024-09-10 06:19:49,644 DEBUG server.RaftServer$Division (RaftServerImpl.java:logAppendEntries(1539)) - s10@group-5D788F7A274C: appendEntries* reply s0<-s10#74:OK-t1,SUCCESS,nextIndex=29,followerCommit=27,matchIndex=28
2024-09-10 06:19:49,646 DEBUG server.RaftServer$Division (RaftServerImpl.java:logAppendEntries(1539)) - s1@group-5D788F7A274C: appendEntries* s0->s1#78-t1,previous=(t:1, i:27),leaderCommit=27,initializing? false,entries: size=1, first=(t:1, i:28), METADATAENTRY(c:27)
2024-09-10 06:19:49,647 DEBUG server.RaftServer$Division (RaftServerImpl.java:logAppendEntries(1539)) - s1@group-5D788F7A274C: appendEntries* reply s0<-s1#78:OK-t1,SUCCESS,nextIndex=29,followerCommit=27,matchIndex=28
2024-09-10 06:19:49,648 DEBUG server.RaftServer$Division (RaftServerImpl.java:submitClientRequestAsync(910)) - s0@group-5D788F7A274C: receive client request(RaftClientRequest:client-F6450E2571FC->s0@group-5D788F7A274C, cid=4172, seq=null, RW, Message:01016304010300040201...(size=17))
2024-09-10 06:19:49,648 DEBUG server.RaftServer$Division (LeaderStateImpl.java:addPendingRequest(532)) - s0@group-5D788F7A274C-LeaderStateImpl: addPendingRequest at RaftClientRequest:client-F6450E2571FC->s0@group-5D788F7A274C, cid=4172, seq=null, RW, Message:01016304010300040201...(size=17), entry=(t:1, i:29), STATEMACHINELOGENTRY, WRITE: logData.size=17, stateMachineData.size=0, logEntryProtoSerializedSize=0
2024-09-10 06:19:49,649 DEBUG server.RaftServer$Division (RaftServerImpl.java:logAppendEntries(1539)) - s10@group-5D788F7A274C: appendEntries* s0->s10#77-t1,previous=(t:1, i:28),leaderCommit=28,initializing? false,entries: size=1, first=(t:1, i:29), STATEMACHINELOGENTRY, StateMachineLogEntryProto:4172@client-F6450E2571FC
2024-09-10 06:19:49,650 DEBUG server.RaftServer$Division (RaftServerImpl.java:logAppendEntries(1539)) - s10@group-5D788F7A274C: appendEntries* reply s0<-s10#77:OK-t1,SUCCESS,nextIndex=30,followerCommit=28,matchIndex=29
2024-09-10 06:19:49,651 INFO  statemachine.StateMachine (ArithmeticStateMachine.java:applyTransaction(181)) - LEADER:s0-29: c = √(a^2 + b^2) = 25
2024-09-10 06:19:49,654 DEBUG server.RaftServer$Division (RaftServerImpl.java:logAppendEntries(1539)) - s10@group-5D788F7A274C: appendEntries* s0->s10#79-t1,previous=(t:1, i:29),leaderCommit=29,initializing? false,entries: size=1, first=(t:1, i:30), METADATAENTRY(c:29)
2024-09-10 06:19:49,655 DEBUG server.RaftServer$Division (RaftServerImpl.java:logAppendEntries(1539)) - s10@group-5D788F7A274C: appendEntries* reply s0<-s10#79:OK-t1,SUCCESS,nextIndex=31,followerCommit=29,matchIndex=30
2024-09-10 06:19:49,655 DEBUG server.RaftServer$Division (RaftServerImpl.java:logAppendEntries(1539)) - s1@group-5D788F7A274C: appendEntries* s0->s1#83-t1,previous=(t:1, i:28),leaderCommit=28,initializing? false,entries: size=1, first=(t:1, i:29), STATEMACHINELOGENTRY, StateMachineLogEntryProto:4172@client-F6450E2571FC
2024-09-10 06:19:49,659 DEBUG server.RaftServer$Division (RaftServerImpl.java:submitClientRequestAsync(910)) - s0@group-5D788F7A274C: receive client request(RaftClientRequest:client-F6450E2571FC->s0@group-5D788F7A274C, cid=4173, seq=null, RW, Message:01016100)
2024-09-10 06:19:49,660 DEBUG server.RaftServer$Division (LeaderStateImpl.java:addPendingRequest(532)) - s0@group-5D788F7A274C-LeaderStateImpl: addPendingRequest at RaftClientRequest:client-F6450E2571FC->s0@group-5D788F7A274C, cid=4173, seq=null, RW, Message:01016100, entry=(t:1, i:31), STATEMACHINELOGENTRY, WRITE: logData.size=4, stateMachineData.size=0, logEntryProtoSerializedSize=0
2024-09-10 06:19:49,660 DEBUG server.RaftServer$Division (RaftServerImpl.java:logAppendEntries(1539)) - s1@group-5D788F7A274C: appendEntries* reply s0<-s1#83:OK-t1,SUCCESS,nextIndex=30,followerCommit=28,matchIndex=29
2024-09-10 06:19:49,660 DEBUG server.RaftServer$Division (RaftServerImpl.java:logAppendEntries(1539)) - s1@group-5D788F7A274C: appendEntries* s0->s1#86-t1,previous=(t:1, i:29),leaderCommit=29,initializing? false,entries: size=1, first=(t:1, i:30), METADATAENTRY(c:29)
2024-09-10 06:19:49,662 DEBUG server.RaftServer$Division (RaftServerImpl.java:logAppendEntries(1539)) - s10@group-5D788F7A274C: appendEntries* s0->s10#80-t1,previous=(t:1, i:30),leaderCommit=29,initializing? false,entries: size=1, first=(t:1, i:31), STATEMACHINELOGENTRY, StateMachineLogEntryProto:4173@client-F6450E2571FC
2024-09-10 06:19:49,662 DEBUG server.RaftServer$Division (RaftServerImpl.java:logAppendEntries(1539)) - s1@group-5D788F7A274C: appendEntries* reply s0<-s1#86:OK-t1,SUCCESS,nextIndex=31,followerCommit=29,matchIndex=30
2024-09-10 06:19:49,662 DEBUG server.RaftServer$Division (RaftServerImpl.java:logAppendEntries(1539)) - s10@group-5D788F7A274C: appendEntries* reply s0<-s10#80:OK-t1,SUCCESS,nextIndex=32,followerCommit=29,matchIndex=31
2024-09-10 06:19:49,663 DEBUG server.RaftServer$Division (RaftServerImpl.java:logAppendEntries(1539)) - s1@group-5D788F7A274C: appendEntries* s0->s1#87-t1,previous=(t:1, i:30),leaderCommit=29,initializing? false,entries: size=1, first=(t:1, i:31), STATEMACHINELOGENTRY, StateMachineLogEntryProto:4173@client-F6450E2571FC
2024-09-10 06:19:49,664 DEBUG server.RaftServer$Division (RaftServerImpl.java:logAppendEntries(1539)) - s1@group-5D788F7A274C: appendEntries* reply s0<-s1#87:OK-t1,SUCCESS,nextIndex=32,followerCommit=29,matchIndex=31
2024-09-10 06:19:49,665 INFO  statemachine.StateMachine (ArithmeticStateMachine.java:applyTransaction(181)) - LEADER:s0-31: a = null = null
2024-09-10 06:19:49,668 DEBUG server.RaftServer$Division (RaftServerImpl.java:logAppendEntries(1539)) - s10@group-5D788F7A274C: appendEntries* s0->s10#84-t1,previous=(t:1, i:31),leaderCommit=31,initializing? false,entries: size=1, first=(t:1, i:32), METADATAENTRY(c:31)
2024-09-10 06:19:49,669 DEBUG server.RaftServer$Division (RaftServerImpl.java:logAppendEntries(1539)) - s1@group-5D788F7A274C: appendEntries* s0->s1#91-t1,previous=(t:1, i:31),leaderCommit=31,initializing? false,entries: size=1, first=(t:1, i:32), METADATAENTRY(c:31)
2024-09-10 06:19:49,669 DEBUG server.RaftServer$Division (RaftServerImpl.java:logAppendEntries(1539)) - s10@group-5D788F7A274C: appendEntries* reply s0<-s10#84:OK-t1,SUCCESS,nextIndex=33,followerCommit=31,matchIndex=32
2024-09-10 06:19:49,670 DEBUG server.RaftServer$Division (RaftServerImpl.java:logAppendEntries(1539)) - s1@group-5D788F7A274C: appendEntries* reply s0<-s1#91:OK-t1,SUCCESS,nextIndex=33,followerCommit=31,matchIndex=32
2024-09-10 06:19:49,672 DEBUG server.RaftServer$Division (RaftServerImpl.java:submitClientRequestAsync(910)) - s0@group-5D788F7A274C: receive client request(RaftClientRequest:client-F6450E2571FC->s0@group-5D788F7A274C, cid=4174, seq=null, RW, Message:01016200)
2024-09-10 06:19:49,672 DEBUG server.RaftServer$Division (LeaderStateImpl.java:addPendingRequest(532)) - s0@group-5D788F7A274C-LeaderStateImpl: addPendingRequest at RaftClientRequest:client-F6450E2571FC->s0@group-5D788F7A274C, cid=4174, seq=null, RW, Message:01016200, entry=(t:1, i:33), STATEMACHINELOGENTRY, WRITE: logData.size=4, stateMachineData.size=0, logEntryProtoSerializedSize=0
2024-09-10 06:19:49,674 DEBUG server.RaftServer$Division (RaftServerImpl.java:logAppendEntries(1539)) - s10@group-5D788F7A274C: appendEntries* s0->s10#86-t1,previous=(t:1, i:32),leaderCommit=32,initializing? false,entries: size=1, first=(t:1, i:33), STATEMACHINELOGENTRY, StateMachineLogEntryProto:4174@client-F6450E2571FC
2024-09-10 06:19:49,674 DEBUG server.RaftServer$Division (RaftServerImpl.java:logAppendEntries(1539)) - s1@group-5D788F7A274C: appendEntries* s0->s1#92-t1,previous=(t:1, i:32),leaderCommit=32,initializing? false,entries: size=1, first=(t:1, i:33), STATEMACHINELOGENTRY, StateMachineLogEntryProto:4174@client-F6450E2571FC
2024-09-10 06:19:49,675 DEBUG server.RaftServer$Division (RaftServerImpl.java:logAppendEntries(1539)) - s10@group-5D788F7A274C: appendEntries* reply s0<-s10#86:OK-t1,SUCCESS,nextIndex=34,followerCommit=32,matchIndex=33
2024-09-10 06:19:49,675 DEBUG server.RaftServer$Division (RaftServerImpl.java:logAppendEntries(1539)) - s1@group-5D788F7A274C: appendEntries* reply s0<-s1#92:OK-t1,SUCCESS,nextIndex=34,followerCommit=32,matchIndex=33
2024-09-10 06:19:49,676 INFO  statemachine.StateMachine (ArithmeticStateMachine.java:applyTransaction(181)) - LEADER:s0-33: b = null = null
2024-09-10 06:19:49,678 DEBUG server.RaftServer$Division (RaftServerImpl.java:logAppendEntries(1539)) - s10@group-5D788F7A274C: appendEntries* s0->s10#89-t1,previous=(t:1, i:33),leaderCommit=33,initializing? false,entries: size=1, first=(t:1, i:34), METADATAENTRY(c:33)
2024-09-10 06:19:49,679 DEBUG server.RaftServer$Division (RaftServerImpl.java:logAppendEntries(1539)) - s10@group-5D788F7A274C: appendEntries* reply s0<-s10#89:OK-t1,SUCCESS,nextIndex=35,followerCommit=33,matchIndex=34
2024-09-10 06:19:49,679 DEBUG server.RaftServer$Division (RaftServerImpl.java:logAppendEntries(1539)) - s1@group-5D788F7A274C: appendEntries* s0->s1#95-t1,previous=(t:1, i:33),leaderCommit=33,initializing? false,entries: size=1, first=(t:1, i:34), METADATAENTRY(c:33)
2024-09-10 06:19:49,680 DEBUG server.RaftServer$Division (RaftServerImpl.java:logAppendEntries(1539)) - s1@group-5D788F7A274C: appendEntries* reply s0<-s1#95:OK-t1,SUCCESS,nextIndex=35,followerCommit=33,matchIndex=34
2024-09-10 06:19:49,683 DEBUG server.RaftServer$Division (RaftServerImpl.java:submitClientRequestAsync(910)) - s0@group-5D788F7A274C: receive client request(RaftClientRequest:client-F6450E2571FC->s0@group-5D788F7A274C, cid=4175, seq=null, RW, Message:01016300)
2024-09-10 06:19:49,684 DEBUG server.RaftServer$Division (LeaderStateImpl.java:addPendingRequest(532)) - s0@group-5D788F7A274C-LeaderStateImpl: addPendingRequest at RaftClientRequest:client-F6450E2571FC->s0@group-5D788F7A274C, cid=4175, seq=null, RW, Message:01016300, entry=(t:1, i:35), STATEMACHINELOGENTRY, WRITE: logData.size=4, stateMachineData.size=0, logEntryProtoSerializedSize=0
2024-09-10 06:19:49,685 DEBUG server.RaftServer$Division (RaftServerImpl.java:logAppendEntries(1539)) - s1@group-5D788F7A274C: appendEntries* s0->s1#98-t1,previous=(t:1, i:34),leaderCommit=34,initializing? false,entries: size=1, first=(t:1, i:35), STATEMACHINELOGENTRY, StateMachineLogEntryProto:4175@client-F6450E2571FC
2024-09-10 06:19:49,685 DEBUG server.RaftServer$Division (RaftServerImpl.java:logAppendEntries(1539)) - s10@group-5D788F7A274C: appendEntries* s0->s10#92-t1,previous=(t:1, i:34),leaderCommit=34,initializing? false,entries: size=1, first=(t:1, i:35), STATEMACHINELOGENTRY, StateMachineLogEntryProto:4175@client-F6450E2571FC
2024-09-10 06:19:49,687 DEBUG server.RaftServer$Division (RaftServerImpl.java:logAppendEntries(1539)) - s1@group-5D788F7A274C: appendEntries* reply s0<-s1#98:OK-t1,SUCCESS,nextIndex=36,followerCommit=34,matchIndex=35
2024-09-10 06:19:49,687 DEBUG server.RaftServer$Division (RaftServerImpl.java:logAppendEntries(1539)) - s10@group-5D788F7A274C: appendEntries* reply s0<-s10#92:OK-t1,SUCCESS,nextIndex=36,followerCommit=34,matchIndex=35
2024-09-10 06:19:49,688 INFO  statemachine.StateMachine (ArithmeticStateMachine.java:applyTransaction(181)) - LEADER:s0-35: c = null = null
2024-09-10 06:19:49,691 DEBUG server.RaftServer$Division (RaftServerImpl.java:logAppendEntries(1539)) - s10@group-5D788F7A274C: appendEntries* s0->s10#93-t1,previous=(t:1, i:35),leaderCommit=35,initializing? false,entries: size=1, first=(t:1, i:36), METADATAENTRY(c:35)
2024-09-10 06:19:49,692 DEBUG server.RaftServer$Division (RaftServerImpl.java:logAppendEntries(1539)) - s1@group-5D788F7A274C: appendEntries* s0->s1#100-t1,previous=(t:1, i:35),leaderCommit=35,initializing? false,entries: size=1, first=(t:1, i:36), METADATAENTRY(c:35)
2024-09-10 06:19:49,692 DEBUG server.RaftServer$Division (RaftServerImpl.java:logAppendEntries(1539)) - s10@group-5D788F7A274C: appendEntries* reply s0<-s10#93:OK-t1,SUCCESS,nextIndex=37,followerCommit=35,matchIndex=36
2024-09-10 06:19:49,693 DEBUG server.RaftServer$Division (RaftServerImpl.java:logAppendEntries(1539)) - s1@group-5D788F7A274C: appendEntries* reply s0<-s1#100:OK-t1,SUCCESS,nextIndex=37,followerCommit=35,matchIndex=36
2024-09-10 06:19:49,697 DEBUG server.RaftServer$Division (RaftServerImpl.java:submitClientRequestAsync(910)) - s0@group-5D788F7A274C: receive client request(RaftClientRequest:client-F6450E2571FC->s0@group-5D788F7A274C, cid=4176, seq=null, RW, Message:01016102402200000000...(size=12))
2024-09-10 06:19:49,697 DEBUG server.RaftServer$Division (LeaderStateImpl.java:addPendingRequest(532)) - s0@group-5D788F7A274C-LeaderStateImpl: addPendingRequest at RaftClientRequest:client-F6450E2571FC->s0@group-5D788F7A274C, cid=4176, seq=null, RW, Message:01016102402200000000...(size=12), entry=(t:1, i:37), STATEMACHINELOGENTRY, WRITE: logData.size=12, stateMachineData.size=0, logEntryProtoSerializedSize=0
2024-09-10 06:19:49,699 DEBUG server.RaftServer$Division (RaftServerImpl.java:logAppendEntries(1539)) - s10@group-5D788F7A274C: appendEntries* s0->s10#96-t1,previous=(t:1, i:36),leaderCommit=36,initializing? false,entries: size=1, first=(t:1, i:37), STATEMACHINELOGENTRY, StateMachineLogEntryProto:4176@client-F6450E2571FC
2024-09-10 06:19:49,699 DEBUG server.RaftServer$Division (RaftServerImpl.java:logAppendEntries(1539)) - s1@group-5D788F7A274C: appendEntries* s0->s1#103-t1,previous=(t:1, i:36),leaderCommit=36,initializing? false,entries: size=1, first=(t:1, i:37), STATEMACHINELOGENTRY, StateMachineLogEntryProto:4176@client-F6450E2571FC
2024-09-10 06:19:49,700 DEBUG server.RaftServer$Division (RaftServerImpl.java:logAppendEntries(1539)) - s10@group-5D788F7A274C: appendEntries* reply s0<-s10#96:OK-t1,SUCCESS,nextIndex=38,followerCommit=36,matchIndex=37
2024-09-10 06:19:49,701 INFO  statemachine.StateMachine (ArithmeticStateMachine.java:applyTransaction(181)) - LEADER:s0-37: a = 9 = 9
2024-09-10 06:19:49,702 DEBUG server.RaftServer$Division (RaftServerImpl.java:logAppendEntries(1539)) - s1@group-5D788F7A274C: appendEntries* reply s0<-s1#103:OK-t1,SUCCESS,nextIndex=38,followerCommit=36,matchIndex=37
2024-09-10 06:19:49,703 DEBUG server.RaftServer$Division (RaftServerImpl.java:logAppendEntries(1539)) - s10@group-5D788F7A274C: appendEntries* s0->s10#97-t1,previous=(t:1, i:37),leaderCommit=37,initializing? false,entries: size=1, first=(t:1, i:38), METADATAENTRY(c:37)
2024-09-10 06:19:49,705 DEBUG server.RaftServer$Division (RaftServerImpl.java:logAppendEntries(1539)) - s10@group-5D788F7A274C: appendEntries* reply s0<-s10#97:OK-t1,SUCCESS,nextIndex=39,followerCommit=37,matchIndex=38
2024-09-10 06:19:49,706 DEBUG server.RaftServer$Division (RaftServerImpl.java:logAppendEntries(1539)) - s1@group-5D788F7A274C: appendEntries* s0->s1#105-t1,previous=(t:1, i:37),leaderCommit=37,initializing? false,entries: size=1, first=(t:1, i:38), METADATAENTRY(c:37)
2024-09-10 06:19:49,707 DEBUG server.RaftServer$Division (RaftServerImpl.java:logAppendEntries(1539)) - s1@group-5D788F7A274C: appendEntries* reply s0<-s1#105:OK-t1,SUCCESS,nextIndex=39,followerCommit=37,matchIndex=38
2024-09-10 06:19:49,708 DEBUG server.RaftServer$Division (RaftServerImpl.java:submitClientRequestAsync(910)) - s0@group-5D788F7A274C: receive client request(RaftClientRequest:client-F6450E2571FC->s0@group-5D788F7A274C, cid=4177, seq=null, RW, Message:01016202404400000000...(size=12))
2024-09-10 06:19:49,709 DEBUG server.RaftServer$Division (LeaderStateImpl.java:addPendingRequest(532)) - s0@group-5D788F7A274C-LeaderStateImpl: addPendingRequest at RaftClientRequest:client-F6450E2571FC->s0@group-5D788F7A274C, cid=4177, seq=null, RW, Message:01016202404400000000...(size=12), entry=(t:1, i:39), STATEMACHINELOGENTRY, WRITE: logData.size=12, stateMachineData.size=0, logEntryProtoSerializedSize=0
2024-09-10 06:19:49,711 DEBUG server.RaftServer$Division (RaftServerImpl.java:logAppendEntries(1539)) - s10@group-5D788F7A274C: appendEntries* s0->s10#99-t1,previous=(t:1, i:38),leaderCommit=37,initializing? false,entries: size=1, first=(t:1, i:39), STATEMACHINELOGENTRY, StateMachineLogEntryProto:4177@client-F6450E2571FC
2024-09-10 06:19:49,712 DEBUG server.RaftServer$Division (RaftServerImpl.java:logAppendEntries(1539)) - s10@group-5D788F7A274C: appendEntries* reply s0<-s10#99:OK-t1,SUCCESS,nextIndex=40,followerCommit=37,matchIndex=39
2024-09-10 06:19:49,713 DEBUG server.RaftServer$Division (RaftServerImpl.java:logAppendEntries(1539)) - s1@group-5D788F7A274C: appendEntries* s0->s1#107-t1,previous=(t:1, i:38),leaderCommit=37,initializing? false,entries: size=1, first=(t:1, i:39), STATEMACHINELOGENTRY, StateMachineLogEntryProto:4177@client-F6450E2571FC
2024-09-10 06:19:49,713 INFO  statemachine.StateMachine (ArithmeticStateMachine.java:applyTransaction(181)) - LEADER:s0-39: b = 40 = 40
2024-09-10 06:19:49,714 DEBUG server.RaftServer$Division (RaftServerImpl.java:logAppendEntries(1539)) - s1@group-5D788F7A274C: appendEntries* reply s0<-s1#107:OK-t1,SUCCESS,nextIndex=40,followerCommit=37,matchIndex=39
2024-09-10 06:19:49,714 DEBUG server.RaftServer$Division (RaftServerImpl.java:logAppendEntries(1539)) - s10@group-5D788F7A274C: appendEntries* s0->s10#102-t1,previous=(t:1, i:39),leaderCommit=39,initializing? false,entries: size=1, first=(t:1, i:40), METADATAENTRY(c:39)
2024-09-10 06:19:49,715 DEBUG server.RaftServer$Division (RaftServerImpl.java:logAppendEntries(1539)) - s10@group-5D788F7A274C: appendEntries* reply s0<-s10#102:OK-t1,SUCCESS,nextIndex=41,followerCommit=39,matchIndex=40
2024-09-10 06:19:49,718 DEBUG server.RaftServer$Division (RaftServerImpl.java:logAppendEntries(1539)) - s1@group-5D788F7A274C: appendEntries* s0->s1#110-t1,previous=(t:1, i:39),leaderCommit=39,initializing? false,entries: size=1, first=(t:1, i:40), METADATAENTRY(c:39)
2024-09-10 06:19:49,718 DEBUG server.RaftServer$Division (RaftServerImpl.java:logAppendEntries(1539)) - s1@group-5D788F7A274C: appendEntries* reply s0<-s1#110:OK-t1,SUCCESS,nextIndex=41,followerCommit=39,matchIndex=40
2024-09-10 06:19:49,720 DEBUG server.RaftServer$Division (RaftServerImpl.java:submitClientRequestAsync(910)) - s0@group-5D788F7A274C: receive client request(RaftClientRequest:client-F6450E2571FC->s0@group-5D788F7A274C, cid=4178, seq=null, RW, Message:01016304010300040201...(size=17))
2024-09-10 06:19:49,721 DEBUG server.RaftServer$Division (LeaderStateImpl.java:addPendingRequest(532)) - s0@group-5D788F7A274C-LeaderStateImpl: addPendingRequest at RaftClientRequest:client-F6450E2571FC->s0@group-5D788F7A274C, cid=4178, seq=null, RW, Message:01016304010300040201...(size=17), entry=(t:1, i:41), STATEMACHINELOGENTRY, WRITE: logData.size=17, stateMachineData.size=0, logEntryProtoSerializedSize=0
2024-09-10 06:19:49,722 DEBUG server.RaftServer$Division (RaftServerImpl.java:logAppendEntries(1539)) - s10@group-5D788F7A274C: appendEntries* s0->s10#105-t1,previous=(t:1, i:40),leaderCommit=40,initializing? false,entries: size=1, first=(t:1, i:41), STATEMACHINELOGENTRY, StateMachineLogEntryProto:4178@client-F6450E2571FC
2024-09-10 06:19:49,723 DEBUG server.RaftServer$Division (RaftServerImpl.java:logAppendEntries(1539)) - s1@group-5D788F7A274C: appendEntries* s0->s1#114-t1,previous=(t:1, i:40),leaderCommit=40,initializing? false,entries: size=1, first=(t:1, i:41), STATEMACHINELOGENTRY, StateMachineLogEntryProto:4178@client-F6450E2571FC
2024-09-10 06:19:49,723 DEBUG server.RaftServer$Division (RaftServerImpl.java:logAppendEntries(1539)) - s10@group-5D788F7A274C: appendEntries* reply s0<-s10#105:OK-t1,SUCCESS,nextIndex=42,followerCommit=40,matchIndex=41
2024-09-10 06:19:49,724 DEBUG server.RaftServer$Division (RaftServerImpl.java:logAppendEntries(1539)) - s1@group-5D788F7A274C: appendEntries* reply s0<-s1#114:OK-t1,SUCCESS,nextIndex=42,followerCommit=40,matchIndex=41
2024-09-10 06:19:49,724 INFO  statemachine.StateMachine (ArithmeticStateMachine.java:applyTransaction(181)) - LEADER:s0-41: c = √(a^2 + b^2) = 41
2024-09-10 06:19:49,726 DEBUG server.RaftServer$Division (RaftServerImpl.java:logAppendEntries(1539)) - s10@group-5D788F7A274C: appendEntries* s0->s10#106-t1,previous=(t:1, i:41),leaderCommit=41,initializing? false,entries: size=1, first=(t:1, i:42), METADATAENTRY(c:41)
2024-09-10 06:19:49,727 DEBUG server.RaftServer$Division (RaftServerImpl.java:logAppendEntries(1539)) - s1@group-5D788F7A274C: appendEntries* s0->s1#116-t1,previous=(t:1, i:41),leaderCommit=41,initializing? false,entries: size=1, first=(t:1, i:42), METADATAENTRY(c:41)
2024-09-10 06:19:49,727 DEBUG server.RaftServer$Division (RaftServerImpl.java:logAppendEntries(1539)) - s10@group-5D788F7A274C: appendEntries* reply s0<-s10#106:OK-t1,SUCCESS,nextIndex=43,followerCommit=41,matchIndex=42
2024-09-10 06:19:49,728 DEBUG server.RaftServer$Division (RaftServerImpl.java:logAppendEntries(1539)) - s1@group-5D788F7A274C: appendEntries* reply s0<-s1#116:OK-t1,SUCCESS,nextIndex=43,followerCommit=41,matchIndex=42
2024-09-10 06:19:49,732 DEBUG server.RaftServer$Division (RaftServerImpl.java:submitClientRequestAsync(910)) - s0@group-5D788F7A274C: receive client request(RaftClientRequest:client-F6450E2571FC->s0@group-5D788F7A274C, cid=4179, seq=null, RW, Message:01016100)
2024-09-10 06:19:49,733 DEBUG server.RaftServer$Division (LeaderStateImpl.java:addPendingRequest(532)) - s0@group-5D788F7A274C-LeaderStateImpl: addPendingRequest at RaftClientRequest:client-F6450E2571FC->s0@group-5D788F7A274C, cid=4179, seq=null, RW, Message:01016100, entry=(t:1, i:43), STATEMACHINELOGENTRY, WRITE: logData.size=4, stateMachineData.size=0, logEntryProtoSerializedSize=0
2024-09-10 06:19:49,734 DEBUG server.RaftServer$Division (RaftServerImpl.java:logAppendEntries(1539)) - s10@group-5D788F7A274C: appendEntries* s0->s10#111-t1,previous=(t:1, i:42),leaderCommit=42,initializing? false,entries: size=1, first=(t:1, i:43), STATEMACHINELOGENTRY, StateMachineLogEntryProto:4179@client-F6450E2571FC
2024-09-10 06:19:49,735 DEBUG server.RaftServer$Division (RaftServerImpl.java:logAppendEntries(1539)) - s1@group-5D788F7A274C: appendEntries* s0->s1#120-t1,previous=(t:1, i:42),leaderCommit=42,initializing? false,entries: size=1, first=(t:1, i:43), STATEMACHINELOGENTRY, StateMachineLogEntryProto:4179@client-F6450E2571FC
2024-09-10 06:19:49,735 DEBUG server.RaftServer$Division (RaftServerImpl.java:logAppendEntries(1539)) - s10@group-5D788F7A274C: appendEntries* reply s0<-s10#111:OK-t1,SUCCESS,nextIndex=44,followerCommit=42,matchIndex=43
2024-09-10 06:19:49,736 DEBUG server.RaftServer$Division (RaftServerImpl.java:logAppendEntries(1539)) - s1@group-5D788F7A274C: appendEntries* reply s0<-s1#120:OK-t1,SUCCESS,nextIndex=44,followerCommit=42,matchIndex=43
2024-09-10 06:19:49,736 INFO  statemachine.StateMachine (ArithmeticStateMachine.java:applyTransaction(181)) - LEADER:s0-43: a = null = null
2024-09-10 06:19:49,738 DEBUG server.RaftServer$Division (RaftServerImpl.java:logAppendEntries(1539)) - s10@group-5D788F7A274C: appendEntries* s0->s10#112-t1,previous=(t:1, i:43),leaderCommit=43,initializing? false,entries: size=1, first=(t:1, i:44), METADATAENTRY(c:43)
2024-09-10 06:19:49,739 DEBUG server.RaftServer$Division (RaftServerImpl.java:logAppendEntries(1539)) - s10@group-5D788F7A274C: appendEntries* reply s0<-s10#112:OK-t1,SUCCESS,nextIndex=45,followerCommit=43,matchIndex=44
2024-09-10 06:19:49,739 DEBUG server.RaftServer$Division (RaftServerImpl.java:logAppendEntries(1539)) - s1@group-5D788F7A274C: appendEntries* s0->s1#122-t1,previous=(t:1, i:43),leaderCommit=43,initializing? false,entries: size=1, first=(t:1, i:44), METADATAENTRY(c:43)
2024-09-10 06:19:49,740 DEBUG server.RaftServer$Division (RaftServerImpl.java:logAppendEntries(1539)) - s1@group-5D788F7A274C: appendEntries* reply s0<-s1#122:OK-t1,SUCCESS,nextIndex=45,followerCommit=43,matchIndex=44
2024-09-10 06:19:49,744 DEBUG server.RaftServer$Division (RaftServerImpl.java:submitClientRequestAsync(910)) - s0@group-5D788F7A274C: receive client request(RaftClientRequest:client-F6450E2571FC->s0@group-5D788F7A274C, cid=4180, seq=null, RW, Message:01016200)
2024-09-10 06:19:49,744 DEBUG server.RaftServer$Division (LeaderStateImpl.java:addPendingRequest(532)) - s0@group-5D788F7A274C-LeaderStateImpl: addPendingRequest at RaftClientRequest:client-F6450E2571FC->s0@group-5D788F7A274C, cid=4180, seq=null, RW, Message:01016200, entry=(t:1, i:45), STATEMACHINELOGENTRY, WRITE: logData.size=4, stateMachineData.size=0, logEntryProtoSerializedSize=0
2024-09-10 06:19:49,745 DEBUG server.RaftServer$Division (RaftServerImpl.java:logAppendEntries(1539)) - s10@group-5D788F7A274C: appendEntries* s0->s10#117-t1,previous=(t:1, i:44),leaderCommit=44,initializing? false,entries: size=1, first=(t:1, i:45), STATEMACHINELOGENTRY, StateMachineLogEntryProto:4180@client-F6450E2571FC
2024-09-10 06:19:49,746 DEBUG server.RaftServer$Division (RaftServerImpl.java:logAppendEntries(1539)) - s1@group-5D788F7A274C: appendEntries* s0->s1#126-t1,previous=(t:1, i:44),leaderCommit=44,initializing? false,entries: size=1, first=(t:1, i:45), STATEMACHINELOGENTRY, StateMachineLogEntryProto:4180@client-F6450E2571FC
2024-09-10 06:19:49,746 DEBUG server.RaftServer$Division (RaftServerImpl.java:logAppendEntries(1539)) - s1@group-5D788F7A274C: appendEntries* reply s0<-s1#126:OK-t1,SUCCESS,nextIndex=46,followerCommit=44,matchIndex=45
2024-09-10 06:19:49,746 DEBUG server.RaftServer$Division (RaftServerImpl.java:logAppendEntries(1539)) - s10@group-5D788F7A274C: appendEntries* reply s0<-s10#117:OK-t1,SUCCESS,nextIndex=46,followerCommit=44,matchIndex=45
2024-09-10 06:19:49,747 INFO  statemachine.StateMachine (ArithmeticStateMachine.java:applyTransaction(181)) - LEADER:s0-45: b = null = null
2024-09-10 06:19:49,750 DEBUG server.RaftServer$Division (RaftServerImpl.java:logAppendEntries(1539)) - s1@group-5D788F7A274C: appendEntries* s0->s1#127-t1,previous=(t:1, i:45),leaderCommit=45,initializing? false,entries: size=1, first=(t:1, i:46), METADATAENTRY(c:45)
2024-09-10 06:19:49,750 DEBUG server.RaftServer$Division (RaftServerImpl.java:logAppendEntries(1539)) - s10@group-5D788F7A274C: appendEntries* s0->s10#119-t1,previous=(t:1, i:45),leaderCommit=45,initializing? false,entries: size=1, first=(t:1, i:46), METADATAENTRY(c:45)
2024-09-10 06:19:49,750 DEBUG server.RaftServer$Division (RaftServerImpl.java:logAppendEntries(1539)) - s1@group-5D788F7A274C: appendEntries* reply s0<-s1#127:OK-t1,SUCCESS,nextIndex=47,followerCommit=45,matchIndex=46
2024-09-10 06:19:49,750 DEBUG server.RaftServer$Division (RaftServerImpl.java:logAppendEntries(1539)) - s10@group-5D788F7A274C: appendEntries* reply s0<-s10#119:OK-t1,SUCCESS,nextIndex=47,followerCommit=45,matchIndex=46
2024-09-10 06:19:49,754 DEBUG server.RaftServer$Division (RaftServerImpl.java:submitClientRequestAsync(910)) - s0@group-5D788F7A274C: receive client request(RaftClientRequest:client-F6450E2571FC->s0@group-5D788F7A274C, cid=4181, seq=null, RW, Message:01016300)
2024-09-10 06:19:49,754 DEBUG server.RaftServer$Division (LeaderStateImpl.java:addPendingRequest(532)) - s0@group-5D788F7A274C-LeaderStateImpl: addPendingRequest at RaftClientRequest:client-F6450E2571FC->s0@group-5D788F7A274C, cid=4181, seq=null, RW, Message:01016300, entry=(t:1, i:47), STATEMACHINELOGENTRY, WRITE: logData.size=4, stateMachineData.size=0, logEntryProtoSerializedSize=0
2024-09-10 06:19:49,755 DEBUG server.RaftServer$Division (RaftServerImpl.java:logAppendEntries(1539)) - s10@group-5D788F7A274C: appendEntries* s0->s10#123-t1,previous=(t:1, i:46),leaderCommit=46,initializing? false,entries: size=1, first=(t:1, i:47), STATEMACHINELOGENTRY, StateMachineLogEntryProto:4181@client-F6450E2571FC
2024-09-10 06:19:49,756 DEBUG server.RaftServer$Division (RaftServerImpl.java:logAppendEntries(1539)) - s10@group-5D788F7A274C: appendEntries* reply s0<-s10#123:OK-t1,SUCCESS,nextIndex=48,followerCommit=46,matchIndex=47
2024-09-10 06:19:49,756 DEBUG server.RaftServer$Division (RaftServerImpl.java:logAppendEntries(1539)) - s1@group-5D788F7A274C: appendEntries* s0->s1#130-t1,previous=(t:1, i:46),leaderCommit=46,initializing? false,entries: size=1, first=(t:1, i:47), STATEMACHINELOGENTRY, StateMachineLogEntryProto:4181@client-F6450E2571FC
2024-09-10 06:19:49,757 DEBUG server.RaftServer$Division (RaftServerImpl.java:logAppendEntries(1539)) - s1@group-5D788F7A274C: appendEntries* reply s0<-s1#130:OK-t1,SUCCESS,nextIndex=48,followerCommit=46,matchIndex=47
2024-09-10 06:19:49,757 INFO  statemachine.StateMachine (ArithmeticStateMachine.java:applyTransaction(181)) - LEADER:s0-47: c = null = null
2024-09-10 06:19:49,759 DEBUG server.RaftServer$Division (RaftServerImpl.java:logAppendEntries(1539)) - s10@group-5D788F7A274C: appendEntries* s0->s10#124-t1,previous=(t:1, i:47),leaderCommit=47,initializing? false,entries: size=1, first=(t:1, i:48), METADATAENTRY(c:47)
2024-09-10 06:19:49,760 DEBUG server.RaftServer$Division (RaftServerImpl.java:logAppendEntries(1539)) - s10@group-5D788F7A274C: appendEntries* reply s0<-s10#124:OK-t1,SUCCESS,nextIndex=49,followerCommit=47,matchIndex=48
2024-09-10 06:19:49,760 DEBUG server.RaftServer$Division (RaftServerImpl.java:logAppendEntries(1539)) - s1@group-5D788F7A274C: appendEntries* s0->s1#131-t1,previous=(t:1, i:47),leaderCommit=47,initializing? false,entries: size=1, first=(t:1, i:48), METADATAENTRY(c:47)
2024-09-10 06:19:49,762 DEBUG server.RaftServer$Division (RaftServerImpl.java:logAppendEntries(1539)) - s1@group-5D788F7A274C: appendEntries* reply s0<-s1#131:OK-t1,SUCCESS,nextIndex=49,followerCommit=47,matchIndex=48
2024-09-10 06:19:49,764 DEBUG server.RaftServer$Division (RaftServerImpl.java:submitClientRequestAsync(910)) - s0@group-5D788F7A274C: receive client request(RaftClientRequest:client-F6450E2571FC->s0@group-5D788F7A274C, cid=4182, seq=null, RW, Message:01016102402600000000...(size=12))
2024-09-10 06:19:49,764 DEBUG server.RaftServer$Division (LeaderStateImpl.java:addPendingRequest(532)) - s0@group-5D788F7A274C-LeaderStateImpl: addPendingRequest at RaftClientRequest:client-F6450E2571FC->s0@group-5D788F7A274C, cid=4182, seq=null, RW, Message:01016102402600000000...(size=12), entry=(t:1, i:49), STATEMACHINELOGENTRY, WRITE: logData.size=12, stateMachineData.size=0, logEntryProtoSerializedSize=0
2024-09-10 06:19:49,766 DEBUG server.RaftServer$Division (RaftServerImpl.java:logAppendEntries(1539)) - s10@group-5D788F7A274C: appendEntries* s0->s10#126-t1,previous=(t:1, i:48),leaderCommit=47,initializing? false,entries: size=1, first=(t:1, i:49), STATEMACHINELOGENTRY, StateMachineLogEntryProto:4182@client-F6450E2571FC
2024-09-10 06:19:49,766 DEBUG server.RaftServer$Division (RaftServerImpl.java:logAppendEntries(1539)) - s10@group-5D788F7A274C: appendEntries* reply s0<-s10#126:OK-t1,SUCCESS,nextIndex=50,followerCommit=47,matchIndex=49
2024-09-10 06:19:49,768 DEBUG server.RaftServer$Division (RaftServerImpl.java:logAppendEntries(1539)) - s1@group-5D788F7A274C: appendEntries* s0->s1#133-t1,previous=(t:1, i:48),leaderCommit=47,initializing? false,entries: size=1, first=(t:1, i:49), STATEMACHINELOGENTRY, StateMachineLogEntryProto:4182@client-F6450E2571FC
2024-09-10 06:19:49,768 DEBUG server.RaftServer$Division (RaftServerImpl.java:logAppendEntries(1539)) - s1@group-5D788F7A274C: appendEntries* reply s0<-s1#133:OK-t1,SUCCESS,nextIndex=50,followerCommit=47,matchIndex=49
2024-09-10 06:19:49,769 INFO  statemachine.StateMachine (ArithmeticStateMachine.java:applyTransaction(181)) - LEADER:s0-49: a = 11 = 11
2024-09-10 06:19:49,771 DEBUG server.RaftServer$Division (RaftServerImpl.java:logAppendEntries(1539)) - s1@group-5D788F7A274C: appendEntries* s0->s1#136-t1,previous=(t:1, i:49),leaderCommit=49,initializing? false,entries: size=1, first=(t:1, i:50), METADATAENTRY(c:49)
2024-09-10 06:19:49,773 DEBUG server.RaftServer$Division (RaftServerImpl.java:logAppendEntries(1539)) - s1@group-5D788F7A274C: appendEntries* reply s0<-s1#136:OK-t1,SUCCESS,nextIndex=51,followerCommit=49,matchIndex=50
2024-09-10 06:19:49,775 DEBUG server.RaftServer$Division (RaftServerImpl.java:logAppendEntries(1539)) - s10@group-5D788F7A274C: appendEntries* s0->s10#131-t1,previous=(t:1, i:49),leaderCommit=49,initializing? false,entries: size=1, first=(t:1, i:50), METADATAENTRY(c:49)
2024-09-10 06:19:49,775 DEBUG server.RaftServer$Division (RaftServerImpl.java:logAppendEntries(1539)) - s10@group-5D788F7A274C: appendEntries* reply s0<-s10#131:OK-t1,SUCCESS,nextIndex=51,followerCommit=49,matchIndex=50
2024-09-10 06:19:49,777 DEBUG server.RaftServer$Division (RaftServerImpl.java:submitClientRequestAsync(910)) - s0@group-5D788F7A274C: receive client request(RaftClientRequest:client-F6450E2571FC->s0@group-5D788F7A274C, cid=4183, seq=null, RW, Message:01016202404e00000000...(size=12))
2024-09-10 06:19:49,777 DEBUG server.RaftServer$Division (LeaderStateImpl.java:addPendingRequest(532)) - s0@group-5D788F7A274C-LeaderStateImpl: addPendingRequest at RaftClientRequest:client-F6450E2571FC->s0@group-5D788F7A274C, cid=4183, seq=null, RW, Message:01016202404e00000000...(size=12), entry=(t:1, i:51), STATEMACHINELOGENTRY, WRITE: logData.size=12, stateMachineData.size=0, logEntryProtoSerializedSize=0
2024-09-10 06:19:49,779 DEBUG server.RaftServer$Division (RaftServerImpl.java:logAppendEntries(1539)) - s10@group-5D788F7A274C: appendEntries* s0->s10#135-t1,previous=(t:1, i:50),leaderCommit=50,initializing? false,entries: size=1, first=(t:1, i:51), STATEMACHINELOGENTRY, StateMachineLogEntryProto:4183@client-F6450E2571FC
2024-09-10 06:19:49,779 DEBUG server.RaftServer$Division (RaftServerImpl.java:logAppendEntries(1539)) - s10@group-5D788F7A274C: appendEntries* reply s0<-s10#135:OK-t1,SUCCESS,nextIndex=52,followerCommit=50,matchIndex=51
2024-09-10 06:19:49,780 DEBUG server.RaftServer$Division (RaftServerImpl.java:logAppendEntries(1539)) - s1@group-5D788F7A274C: appendEntries* s0->s1#140-t1,previous=(t:1, i:50),leaderCommit=50,initializing? false,entries: size=1, first=(t:1, i:51), STATEMACHINELOGENTRY, StateMachineLogEntryProto:4183@client-F6450E2571FC
2024-09-10 06:19:49,781 DEBUG server.RaftServer$Division (RaftServerImpl.java:logAppendEntries(1539)) - s1@group-5D788F7A274C: appendEntries* reply s0<-s1#140:OK-t1,SUCCESS,nextIndex=52,followerCommit=50,matchIndex=51
2024-09-10 06:19:49,781 INFO  statemachine.StateMachine (ArithmeticStateMachine.java:applyTransaction(181)) - LEADER:s0-51: b = 60 = 60
2024-09-10 06:19:49,782 DEBUG server.RaftServer$Division (RaftServerImpl.java:logAppendEntries(1539)) - s1@group-5D788F7A274C: appendEntries* s0->s1#142-t1,previous=(t:1, i:51),leaderCommit=51,initializing? false,entries: size=1, first=(t:1, i:52), METADATAENTRY(c:51)
2024-09-10 06:19:49,784 DEBUG server.RaftServer$Division (RaftServerImpl.java:logAppendEntries(1539)) - s10@group-5D788F7A274C: appendEntries* s0->s10#136-t1,previous=(t:1, i:51),leaderCommit=51,initializing? false,entries: size=1, first=(t:1, i:52), METADATAENTRY(c:51)
2024-09-10 06:19:49,784 DEBUG server.RaftServer$Division (RaftServerImpl.java:logAppendEntries(1539)) - s1@group-5D788F7A274C: appendEntries* reply s0<-s1#142:OK-t1,SUCCESS,nextIndex=53,followerCommit=51,matchIndex=52
2024-09-10 06:19:49,784 DEBUG server.RaftServer$Division (RaftServerImpl.java:logAppendEntries(1539)) - s10@group-5D788F7A274C: appendEntries* reply s0<-s10#136:OK-t1,SUCCESS,nextIndex=53,followerCommit=51,matchIndex=52
2024-09-10 06:19:49,789 DEBUG server.RaftServer$Division (RaftServerImpl.java:submitClientRequestAsync(910)) - s0@group-5D788F7A274C: receive client request(RaftClientRequest:client-F6450E2571FC->s0@group-5D788F7A274C, cid=4184, seq=null, RW, Message:01016304010300040201...(size=17))
2024-09-10 06:19:49,789 DEBUG server.RaftServer$Division (LeaderStateImpl.java:addPendingRequest(532)) - s0@group-5D788F7A274C-LeaderStateImpl: addPendingRequest at RaftClientRequest:client-F6450E2571FC->s0@group-5D788F7A274C, cid=4184, seq=null, RW, Message:01016304010300040201...(size=17), entry=(t:1, i:53), STATEMACHINELOGENTRY, WRITE: logData.size=17, stateMachineData.size=0, logEntryProtoSerializedSize=0
2024-09-10 06:19:49,790 DEBUG server.RaftServer$Division (RaftServerImpl.java:logAppendEntries(1539)) - s10@group-5D788F7A274C: appendEntries* s0->s10#140-t1,previous=(t:1, i:52),leaderCommit=52,initializing? false,entries: size=1, first=(t:1, i:53), STATEMACHINELOGENTRY, StateMachineLogEntryProto:4184@client-F6450E2571FC
2024-09-10 06:19:49,791 DEBUG server.RaftServer$Division (RaftServerImpl.java:logAppendEntries(1539)) - s1@group-5D788F7A274C: appendEntries* s0->s1#146-t1,previous=(t:1, i:52),leaderCommit=52,initializing? false,entries: size=1, first=(t:1, i:53), STATEMACHINELOGENTRY, StateMachineLogEntryProto:4184@client-F6450E2571FC
2024-09-10 06:19:49,791 DEBUG server.RaftServer$Division (RaftServerImpl.java:logAppendEntries(1539)) - s10@group-5D788F7A274C: appendEntries* reply s0<-s10#140:OK-t1,SUCCESS,nextIndex=54,followerCommit=52,matchIndex=53
2024-09-10 06:19:49,792 DEBUG server.RaftServer$Division (RaftServerImpl.java:logAppendEntries(1539)) - s1@group-5D788F7A274C: appendEntries* reply s0<-s1#146:OK-t1,SUCCESS,nextIndex=54,followerCommit=52,matchIndex=53
2024-09-10 06:19:49,793 INFO  statemachine.StateMachine (ArithmeticStateMachine.java:applyTransaction(181)) - LEADER:s0-53: c = √(a^2 + b^2) = 61
2024-09-10 06:19:49,794 DEBUG server.RaftServer$Division (RaftServerImpl.java:logAppendEntries(1539)) - s10@group-5D788F7A274C: appendEntries* s0->s10#141-t1,previous=(t:1, i:53),leaderCommit=53,initializing? false,entries: size=1, first=(t:1, i:54), METADATAENTRY(c:53)
2024-09-10 06:19:49,795 DEBUG server.RaftServer$Division (RaftServerImpl.java:logAppendEntries(1539)) - s1@group-5D788F7A274C: appendEntries* s0->s1#148-t1,previous=(t:1, i:53),leaderCommit=53,initializing? false,entries: size=1, first=(t:1, i:54), METADATAENTRY(c:53)
2024-09-10 06:19:49,796 DEBUG server.RaftServer$Division (RaftServerImpl.java:logAppendEntries(1539)) - s10@group-5D788F7A274C: appendEntries* reply s0<-s10#141:OK-t1,SUCCESS,nextIndex=55,followerCommit=53,matchIndex=54
2024-09-10 06:19:49,796 DEBUG server.RaftServer$Division (RaftServerImpl.java:logAppendEntries(1539)) - s1@group-5D788F7A274C: appendEntries* reply s0<-s1#148:OK-t1,SUCCESS,nextIndex=55,followerCommit=53,matchIndex=54
2024-09-10 06:19:49,801 DEBUG server.RaftServer$Division (RaftServerImpl.java:submitClientRequestAsync(910)) - s0@group-5D788F7A274C: receive client request(RaftClientRequest:client-F6450E2571FC->s0@group-5D788F7A274C, cid=4185, seq=null, RW, Message:01016100)
2024-09-10 06:19:49,802 DEBUG server.RaftServer$Division (LeaderStateImpl.java:addPendingRequest(532)) - s0@group-5D788F7A274C-LeaderStateImpl: addPendingRequest at RaftClientRequest:client-F6450E2571FC->s0@group-5D788F7A274C, cid=4185, seq=null, RW, Message:01016100, entry=(t:1, i:55), STATEMACHINELOGENTRY, WRITE: logData.size=4, stateMachineData.size=0, logEntryProtoSerializedSize=0
2024-09-10 06:19:49,803 DEBUG server.RaftServer$Division (RaftServerImpl.java:logAppendEntries(1539)) - s10@group-5D788F7A274C: appendEntries* s0->s10#145-t1,previous=(t:1, i:54),leaderCommit=54,initializing? false,entries: size=1, first=(t:1, i:55), STATEMACHINELOGENTRY, StateMachineLogEntryProto:4185@client-F6450E2571FC
2024-09-10 06:19:49,803 DEBUG server.RaftServer$Division (RaftServerImpl.java:logAppendEntries(1539)) - s1@group-5D788F7A274C: appendEntries* s0->s1#152-t1,previous=(t:1, i:54),leaderCommit=54,initializing? false,entries: size=1, first=(t:1, i:55), STATEMACHINELOGENTRY, StateMachineLogEntryProto:4185@client-F6450E2571FC
2024-09-10 06:19:49,804 DEBUG server.RaftServer$Division (RaftServerImpl.java:logAppendEntries(1539)) - s1@group-5D788F7A274C: appendEntries* reply s0<-s1#152:OK-t1,SUCCESS,nextIndex=56,followerCommit=54,matchIndex=55
2024-09-10 06:19:49,804 DEBUG server.RaftServer$Division (RaftServerImpl.java:logAppendEntries(1539)) - s10@group-5D788F7A274C: appendEntries* reply s0<-s10#145:OK-t1,SUCCESS,nextIndex=56,followerCommit=54,matchIndex=55
2024-09-10 06:19:49,805 INFO  statemachine.StateMachine (ArithmeticStateMachine.java:applyTransaction(181)) - LEADER:s0-55: a = null = null
2024-09-10 06:19:49,808 DEBUG server.RaftServer$Division (RaftServerImpl.java:logAppendEntries(1539)) - s10@group-5D788F7A274C: appendEntries* s0->s10#147-t1,previous=(t:1, i:55),leaderCommit=55,initializing? false,entries: size=1, first=(t:1, i:56), METADATAENTRY(c:55)
2024-09-10 06:19:49,809 DEBUG server.RaftServer$Division (RaftServerImpl.java:logAppendEntries(1539)) - s10@group-5D788F7A274C: appendEntries* reply s0<-s10#147:OK-t1,SUCCESS,nextIndex=57,followerCommit=55,matchIndex=56
2024-09-10 06:19:49,810 DEBUG server.RaftServer$Division (RaftServerImpl.java:logAppendEntries(1539)) - s1@group-5D788F7A274C: appendEntries* s0->s1#153-t1,previous=(t:1, i:55),leaderCommit=55,initializing? false,entries: size=1, first=(t:1, i:56), METADATAENTRY(c:55)
2024-09-10 06:19:49,811 DEBUG server.RaftServer$Division (RaftServerImpl.java:logAppendEntries(1539)) - s1@group-5D788F7A274C: appendEntries* reply s0<-s1#153:OK-t1,SUCCESS,nextIndex=57,followerCommit=55,matchIndex=56
2024-09-10 06:19:49,812 DEBUG server.RaftServer$Division (RaftServerImpl.java:submitClientRequestAsync(910)) - s0@group-5D788F7A274C: receive client request(RaftClientRequest:client-F6450E2571FC->s0@group-5D788F7A274C, cid=4186, seq=null, RW, Message:01016200)
2024-09-10 06:19:49,812 DEBUG server.RaftServer$Division (LeaderStateImpl.java:addPendingRequest(532)) - s0@group-5D788F7A274C-LeaderStateImpl: addPendingRequest at RaftClientRequest:client-F6450E2571FC->s0@group-5D788F7A274C, cid=4186, seq=null, RW, Message:01016200, entry=(t:1, i:57), STATEMACHINELOGENTRY, WRITE: logData.size=4, stateMachineData.size=0, logEntryProtoSerializedSize=0
2024-09-10 06:19:49,815 DEBUG server.RaftServer$Division (RaftServerImpl.java:logAppendEntries(1539)) - s10@group-5D788F7A274C: appendEntries* s0->s10#149-t1,previous=(t:1, i:56),leaderCommit=55,initializing? false,entries: size=1, first=(t:1, i:57), STATEMACHINELOGENTRY, StateMachineLogEntryProto:4186@client-F6450E2571FC
2024-09-10 06:19:49,815 DEBUG server.RaftServer$Division (RaftServerImpl.java:logAppendEntries(1539)) - s1@group-5D788F7A274C: appendEntries* s0->s1#155-t1,previous=(t:1, i:56),leaderCommit=55,initializing? false,entries: size=1, first=(t:1, i:57), STATEMACHINELOGENTRY, StateMachineLogEntryProto:4186@client-F6450E2571FC
2024-09-10 06:19:49,816 DEBUG server.RaftServer$Division (RaftServerImpl.java:logAppendEntries(1539)) - s10@group-5D788F7A274C: appendEntries* reply s0<-s10#149:OK-t1,SUCCESS,nextIndex=58,followerCommit=55,matchIndex=57
2024-09-10 06:19:49,816 DEBUG server.RaftServer$Division (RaftServerImpl.java:logAppendEntries(1539)) - s1@group-5D788F7A274C: appendEntries* reply s0<-s1#155:OK-t1,SUCCESS,nextIndex=58,followerCommit=55,matchIndex=57
2024-09-10 06:19:49,817 INFO  statemachine.StateMachine (ArithmeticStateMachine.java:applyTransaction(181)) - LEADER:s0-57: b = null = null
2024-09-10 06:19:49,819 DEBUG server.RaftServer$Division (RaftServerImpl.java:logAppendEntries(1539)) - s10@group-5D788F7A274C: appendEntries* s0->s10#154-t1,previous=(t:1, i:57),leaderCommit=57,initializing? false,entries: size=1, first=(t:1, i:58), METADATAENTRY(c:57)
2024-09-10 06:19:49,819 DEBUG server.RaftServer$Division (RaftServerImpl.java:logAppendEntries(1539)) - s10@group-5D788F7A274C: appendEntries* reply s0<-s10#154:OK-t1,SUCCESS,nextIndex=59,followerCommit=57,matchIndex=58
2024-09-10 06:19:49,820 DEBUG server.RaftServer$Division (RaftServerImpl.java:logAppendEntries(1539)) - s1@group-5D788F7A274C: appendEntries* s0->s1#158-t1,previous=(t:1, i:57),leaderCommit=57,initializing? false,entries: size=1, first=(t:1, i:58), METADATAENTRY(c:57)
2024-09-10 06:19:49,820 DEBUG server.RaftServer$Division (RaftServerImpl.java:logAppendEntries(1539)) - s1@group-5D788F7A274C: appendEntries* reply s0<-s1#158:OK-t1,SUCCESS,nextIndex=59,followerCommit=57,matchIndex=58
2024-09-10 06:19:49,824 DEBUG server.RaftServer$Division (RaftServerImpl.java:submitClientRequestAsync(910)) - s0@group-5D788F7A274C: receive client request(RaftClientRequest:client-F6450E2571FC->s0@group-5D788F7A274C, cid=4187, seq=null, RW, Message:01016300)
2024-09-10 06:19:49,824 DEBUG server.RaftServer$Division (LeaderStateImpl.java:addPendingRequest(532)) - s0@group-5D788F7A274C-LeaderStateImpl: addPendingRequest at RaftClientRequest:client-F6450E2571FC->s0@group-5D788F7A274C, cid=4187, seq=null, RW, Message:01016300, entry=(t:1, i:59), STATEMACHINELOGENTRY, WRITE: logData.size=4, stateMachineData.size=0, logEntryProtoSerializedSize=0
2024-09-10 06:19:49,826 DEBUG server.RaftServer$Division (RaftServerImpl.java:logAppendEntries(1539)) - s1@group-5D788F7A274C: appendEntries* s0->s1#162-t1,previous=(t:1, i:58),leaderCommit=58,initializing? false,entries: size=1, first=(t:1, i:59), STATEMACHINELOGENTRY, StateMachineLogEntryProto:4187@client-F6450E2571FC
2024-09-10 06:19:49,827 DEBUG server.RaftServer$Division (RaftServerImpl.java:logAppendEntries(1539)) - s10@group-5D788F7A274C: appendEntries* s0->s10#158-t1,previous=(t:1, i:58),leaderCommit=58,initializing? false,entries: size=1, first=(t:1, i:59), STATEMACHINELOGENTRY, StateMachineLogEntryProto:4187@client-F6450E2571FC
2024-09-10 06:19:49,827 DEBUG server.RaftServer$Division (RaftServerImpl.java:logAppendEntries(1539)) - s1@group-5D788F7A274C: appendEntries* reply s0<-s1#162:OK-t1,SUCCESS,nextIndex=60,followerCommit=58,matchIndex=59
2024-09-10 06:19:49,827 DEBUG server.RaftServer$Division (RaftServerImpl.java:logAppendEntries(1539)) - s10@group-5D788F7A274C: appendEntries* reply s0<-s10#158:OK-t1,SUCCESS,nextIndex=60,followerCommit=58,matchIndex=59
2024-09-10 06:19:49,828 INFO  statemachine.StateMachine (ArithmeticStateMachine.java:applyTransaction(181)) - LEADER:s0-59: c = null = null
2024-09-10 06:19:49,830 DEBUG server.RaftServer$Division (RaftServerImpl.java:logAppendEntries(1539)) - s10@group-5D788F7A274C: appendEntries* s0->s10#160-t1,previous=(t:1, i:59),leaderCommit=59,initializing? false,entries: size=1, first=(t:1, i:60), METADATAENTRY(c:59)
2024-09-10 06:19:49,831 DEBUG server.RaftServer$Division (RaftServerImpl.java:logAppendEntries(1539)) - s10@group-5D788F7A274C: appendEntries* reply s0<-s10#160:OK-t1,SUCCESS,nextIndex=61,followerCommit=59,matchIndex=60
2024-09-10 06:19:49,832 DEBUG server.RaftServer$Division (RaftServerImpl.java:logAppendEntries(1539)) - s1@group-5D788F7A274C: appendEntries* s0->s1#163-t1,previous=(t:1, i:59),leaderCommit=59,initializing? false,entries: size=1, first=(t:1, i:60), METADATAENTRY(c:59)
2024-09-10 06:19:49,833 DEBUG server.RaftServer$Division (RaftServerImpl.java:logAppendEntries(1539)) - s1@group-5D788F7A274C: appendEntries* reply s0<-s1#163:OK-t1,SUCCESS,nextIndex=61,followerCommit=59,matchIndex=60
2024-09-10 06:19:49,834 DEBUG server.RaftServer$Division (RaftServerImpl.java:submitClientRequestAsync(910)) - s0@group-5D788F7A274C: receive client request(RaftClientRequest:client-F6450E2571FC->s0@group-5D788F7A274C, cid=4188, seq=null, RW, Message:01016102402a00000000...(size=12))
2024-09-10 06:19:49,834 DEBUG server.RaftServer$Division (LeaderStateImpl.java:addPendingRequest(532)) - s0@group-5D788F7A274C-LeaderStateImpl: addPendingRequest at RaftClientRequest:client-F6450E2571FC->s0@group-5D788F7A274C, cid=4188, seq=null, RW, Message:01016102402a00000000...(size=12), entry=(t:1, i:61), STATEMACHINELOGENTRY, WRITE: logData.size=12, stateMachineData.size=0, logEntryProtoSerializedSize=0
2024-09-10 06:19:49,836 DEBUG server.RaftServer$Division (RaftServerImpl.java:logAppendEntries(1539)) - s10@group-5D788F7A274C: appendEntries* s0->s10#163-t1,previous=(t:1, i:60),leaderCommit=60,initializing? false,entries: size=1, first=(t:1, i:61), STATEMACHINELOGENTRY, StateMachineLogEntryProto:4188@client-F6450E2571FC
2024-09-10 06:19:49,836 DEBUG server.RaftServer$Division (RaftServerImpl.java:logAppendEntries(1539)) - s1@group-5D788F7A274C: appendEntries* s0->s1#166-t1,previous=(t:1, i:60),leaderCommit=60,initializing? false,entries: size=1, first=(t:1, i:61), STATEMACHINELOGENTRY, StateMachineLogEntryProto:4188@client-F6450E2571FC
2024-09-10 06:19:49,837 DEBUG server.RaftServer$Division (RaftServerImpl.java:logAppendEntries(1539)) - s10@group-5D788F7A274C: appendEntries* reply s0<-s10#163:OK-t1,SUCCESS,nextIndex=62,followerCommit=60,matchIndex=61
2024-09-10 06:19:49,837 DEBUG server.RaftServer$Division (RaftServerImpl.java:logAppendEntries(1539)) - s1@group-5D788F7A274C: appendEntries* reply s0<-s1#166:OK-t1,SUCCESS,nextIndex=62,followerCommit=60,matchIndex=61
2024-09-10 06:19:49,837 INFO  statemachine.StateMachine (ArithmeticStateMachine.java:applyTransaction(181)) - LEADER:s0-61: a = 13 = 13
2024-09-10 06:19:49,842 DEBUG server.RaftServer$Division (RaftServerImpl.java:logAppendEntries(1539)) - s10@group-5D788F7A274C: appendEntries* s0->s10#166-t1,previous=(t:1, i:61),leaderCommit=61,initializing? false,entries: size=1, first=(t:1, i:62), METADATAENTRY(c:61)
2024-09-10 06:19:49,843 DEBUG server.RaftServer$Division (RaftServerImpl.java:logAppendEntries(1539)) - s1@group-5D788F7A274C: appendEntries* s0->s1#168-t1,previous=(t:1, i:61),leaderCommit=61,initializing? false,entries: size=1, first=(t:1, i:62), METADATAENTRY(c:61)
2024-09-10 06:19:49,843 DEBUG server.RaftServer$Division (RaftServerImpl.java:submitClientRequestAsync(910)) - s0@group-5D788F7A274C: receive client request(RaftClientRequest:client-F6450E2571FC->s0@group-5D788F7A274C, cid=4189, seq=null, RW, Message:01016202405500000000...(size=12))
2024-09-10 06:19:49,843 DEBUG server.RaftServer$Division (RaftServerImpl.java:logAppendEntries(1539)) - s10@group-5D788F7A274C: appendEntries* reply s0<-s10#166:OK-t1,SUCCESS,nextIndex=63,followerCommit=61,matchIndex=62
2024-09-10 06:19:49,843 DEBUG server.RaftServer$Division (LeaderStateImpl.java:addPendingRequest(532)) - s0@group-5D788F7A274C-LeaderStateImpl: addPendingRequest at RaftClientRequest:client-F6450E2571FC->s0@group-5D788F7A274C, cid=4189, seq=null, RW, Message:01016202405500000000...(size=12), entry=(t:1, i:63), STATEMACHINELOGENTRY, WRITE: logData.size=12, stateMachineData.size=0, logEntryProtoSerializedSize=0
2024-09-10 06:19:49,844 DEBUG server.RaftServer$Division (RaftServerImpl.java:logAppendEntries(1539)) - s1@group-5D788F7A274C: appendEntries* reply s0<-s1#168:OK-t1,SUCCESS,nextIndex=63,followerCommit=61,matchIndex=62
2024-09-10 06:19:49,845 DEBUG server.RaftServer$Division (RaftServerImpl.java:logAppendEntries(1539)) - s1@group-5D788F7A274C: appendEntries* s0->s1#170-t1,previous=(t:1, i:62),leaderCommit=61,initializing? false,entries: size=1, first=(t:1, i:63), STATEMACHINELOGENTRY, StateMachineLogEntryProto:4189@client-F6450E2571FC
2024-09-10 06:19:49,846 DEBUG server.RaftServer$Division (RaftServerImpl.java:logAppendEntries(1539)) - s10@group-5D788F7A274C: appendEntries* s0->s10#168-t1,previous=(t:1, i:62),leaderCommit=61,initializing? false,entries: size=1, first=(t:1, i:63), STATEMACHINELOGENTRY, StateMachineLogEntryProto:4189@client-F6450E2571FC
2024-09-10 06:19:49,847 DEBUG server.RaftServer$Division (RaftServerImpl.java:logAppendEntries(1539)) - s10@group-5D788F7A274C: appendEntries* reply s0<-s10#168:OK-t1,SUCCESS,nextIndex=64,followerCommit=61,matchIndex=63
2024-09-10 06:19:49,847 DEBUG server.RaftServer$Division (RaftServerImpl.java:logAppendEntries(1539)) - s1@group-5D788F7A274C: appendEntries* reply s0<-s1#170:OK-t1,SUCCESS,nextIndex=64,followerCommit=61,matchIndex=63
2024-09-10 06:19:49,850 INFO  statemachine.StateMachine (ArithmeticStateMachine.java:applyTransaction(181)) - LEADER:s0-63: b = 84 = 84
2024-09-10 06:19:49,851 DEBUG server.RaftServer$Division (RaftServerImpl.java:logAppendEntries(1539)) - s10@group-5D788F7A274C: appendEntries* s0->s10#171-t1,previous=(t:1, i:63),leaderCommit=63,initializing? false,entries: size=1, first=(t:1, i:64), METADATAENTRY(c:63)
2024-09-10 06:19:49,852 DEBUG server.RaftServer$Division (RaftServerImpl.java:logAppendEntries(1539)) - s10@group-5D788F7A274C: appendEntries* reply s0<-s10#171:OK-t1,SUCCESS,nextIndex=65,followerCommit=63,matchIndex=64
2024-09-10 06:19:49,853 DEBUG server.RaftServer$Division (RaftServerImpl.java:logAppendEntries(1539)) - s1@group-5D788F7A274C: appendEntries* s0->s1#173-t1,previous=(t:1, i:63),leaderCommit=63,initializing? false,entries: size=1, first=(t:1, i:64), METADATAENTRY(c:63)
2024-09-10 06:19:49,854 DEBUG server.RaftServer$Division (RaftServerImpl.java:logAppendEntries(1539)) - s1@group-5D788F7A274C: appendEntries* reply s0<-s1#173:OK-t1,SUCCESS,nextIndex=65,followerCommit=63,matchIndex=64
2024-09-10 06:19:49,856 DEBUG server.RaftServer$Division (RaftServerImpl.java:submitClientRequestAsync(910)) - s0@group-5D788F7A274C: receive client request(RaftClientRequest:client-F6450E2571FC->s0@group-5D788F7A274C, cid=4190, seq=null, RW, Message:01016304010300040201...(size=17))
2024-09-10 06:19:49,856 DEBUG server.RaftServer$Division (LeaderStateImpl.java:addPendingRequest(532)) - s0@group-5D788F7A274C-LeaderStateImpl: addPendingRequest at RaftClientRequest:client-F6450E2571FC->s0@group-5D788F7A274C, cid=4190, seq=null, RW, Message:01016304010300040201...(size=17), entry=(t:1, i:65), STATEMACHINELOGENTRY, WRITE: logData.size=17, stateMachineData.size=0, logEntryProtoSerializedSize=0
2024-09-10 06:19:49,858 DEBUG server.RaftServer$Division (RaftServerImpl.java:logAppendEntries(1539)) - s10@group-5D788F7A274C: appendEntries* s0->s10#173-t1,previous=(t:1, i:64),leaderCommit=64,initializing? false,entries: size=1, first=(t:1, i:65), STATEMACHINELOGENTRY, StateMachineLogEntryProto:4190@client-F6450E2571FC
2024-09-10 06:19:49,858 DEBUG server.RaftServer$Division (RaftServerImpl.java:logAppendEntries(1539)) - s10@group-5D788F7A274C: appendEntries* reply s0<-s10#173:OK-t1,SUCCESS,nextIndex=66,followerCommit=64,matchIndex=65
2024-09-10 06:19:49,858 DEBUG server.RaftServer$Division (RaftServerImpl.java:logAppendEntries(1539)) - s1@group-5D788F7A274C: appendEntries* s0->s1#177-t1,previous=(t:1, i:64),leaderCommit=64,initializing? false,entries: size=1, first=(t:1, i:65), STATEMACHINELOGENTRY, StateMachineLogEntryProto:4190@client-F6450E2571FC
2024-09-10 06:19:49,859 DEBUG server.RaftServer$Division (RaftServerImpl.java:logAppendEntries(1539)) - s1@group-5D788F7A274C: appendEntries* reply s0<-s1#177:OK-t1,SUCCESS,nextIndex=66,followerCommit=64,matchIndex=65
2024-09-10 06:19:49,859 INFO  statemachine.StateMachine (ArithmeticStateMachine.java:applyTransaction(181)) - LEADER:s0-65: c = √(a^2 + b^2) = 85
2024-09-10 06:19:49,860 DEBUG server.RaftServer$Division (RaftServerImpl.java:logAppendEntries(1539)) - s10@group-5D788F7A274C: appendEntries* s0->s10#174-t1,previous=(t:1, i:65),leaderCommit=65,initializing? false,entries: size=1, first=(t:1, i:66), METADATAENTRY(c:65)
2024-09-10 06:19:49,861 DEBUG server.RaftServer$Division (RaftServerImpl.java:logAppendEntries(1539)) - s1@group-5D788F7A274C: appendEntries* s0->s1#179-t1,previous=(t:1, i:65),leaderCommit=65,initializing? false,entries: size=1, first=(t:1, i:66), METADATAENTRY(c:65)
2024-09-10 06:19:49,862 DEBUG server.RaftServer$Division (RaftServerImpl.java:logAppendEntries(1539)) - s10@group-5D788F7A274C: appendEntries* reply s0<-s10#174:OK-t1,SUCCESS,nextIndex=67,followerCommit=65,matchIndex=66
2024-09-10 06:19:49,862 DEBUG server.RaftServer$Division (RaftServerImpl.java:logAppendEntries(1539)) - s1@group-5D788F7A274C: appendEntries* reply s0<-s1#179:OK-t1,SUCCESS,nextIndex=67,followerCommit=65,matchIndex=66
2024-09-10 06:19:49,865 DEBUG server.RaftServer$Division (RaftServerImpl.java:submitClientRequestAsync(910)) - s0@group-5D788F7A274C: receive client request(RaftClientRequest:client-F6450E2571FC->s0@group-5D788F7A274C, cid=4191, seq=null, RW, Message:01016100)
2024-09-10 06:19:49,865 DEBUG server.RaftServer$Division (LeaderStateImpl.java:addPendingRequest(532)) - s0@group-5D788F7A274C-LeaderStateImpl: addPendingRequest at RaftClientRequest:client-F6450E2571FC->s0@group-5D788F7A274C, cid=4191, seq=null, RW, Message:01016100, entry=(t:1, i:67), STATEMACHINELOGENTRY, WRITE: logData.size=4, stateMachineData.size=0, logEntryProtoSerializedSize=0
2024-09-10 06:19:49,866 DEBUG server.RaftServer$Division (RaftServerImpl.java:logAppendEntries(1539)) - s10@group-5D788F7A274C: appendEntries* s0->s10#178-t1,previous=(t:1, i:66),leaderCommit=66,initializing? false,entries: size=1, first=(t:1, i:67), STATEMACHINELOGENTRY, StateMachineLogEntryProto:4191@client-F6450E2571FC
2024-09-10 06:19:49,867 DEBUG server.RaftServer$Division (RaftServerImpl.java:logAppendEntries(1539)) - s10@group-5D788F7A274C: appendEntries* reply s0<-s10#178:OK-t1,SUCCESS,nextIndex=68,followerCommit=66,matchIndex=67
2024-09-10 06:19:49,867 DEBUG server.RaftServer$Division (RaftServerImpl.java:logAppendEntries(1539)) - s1@group-5D788F7A274C: appendEntries* s0->s1#182-t1,previous=(t:1, i:66),leaderCommit=66,initializing? false,entries: size=1, first=(t:1, i:67), STATEMACHINELOGENTRY, StateMachineLogEntryProto:4191@client-F6450E2571FC
2024-09-10 06:19:49,868 DEBUG server.RaftServer$Division (RaftServerImpl.java:logAppendEntries(1539)) - s1@group-5D788F7A274C: appendEntries* reply s0<-s1#182:OK-t1,SUCCESS,nextIndex=68,followerCommit=66,matchIndex=67
2024-09-10 06:19:49,868 INFO  statemachine.StateMachine (ArithmeticStateMachine.java:applyTransaction(181)) - LEADER:s0-67: a = null = null
2024-09-10 06:19:49,869 DEBUG server.RaftServer$Division (RaftServerImpl.java:logAppendEntries(1539)) - s10@group-5D788F7A274C: appendEntries* s0->s10#179-t1,previous=(t:1, i:67),leaderCommit=67,initializing? false,entries: size=1, first=(t:1, i:68), METADATAENTRY(c:67)
2024-09-10 06:19:49,870 DEBUG server.RaftServer$Division (RaftServerImpl.java:logAppendEntries(1539)) - s10@group-5D788F7A274C: appendEntries* reply s0<-s10#179:OK-t1,SUCCESS,nextIndex=69,followerCommit=67,matchIndex=68
2024-09-10 06:19:49,871 DEBUG server.RaftServer$Division (RaftServerImpl.java:logAppendEntries(1539)) - s1@group-5D788F7A274C: appendEntries* s0->s1#184-t1,previous=(t:1, i:67),leaderCommit=67,initializing? false,entries: size=1, first=(t:1, i:68), METADATAENTRY(c:67)
2024-09-10 06:19:49,873 DEBUG server.RaftServer$Division (RaftServerImpl.java:logAppendEntries(1539)) - s1@group-5D788F7A274C: appendEntries* reply s0<-s1#184:OK-t1,SUCCESS,nextIndex=69,followerCommit=67,matchIndex=68
2024-09-10 06:19:49,875 DEBUG server.RaftServer$Division (RaftServerImpl.java:submitClientRequestAsync(910)) - s0@group-5D788F7A274C: receive client request(RaftClientRequest:client-F6450E2571FC->s0@group-5D788F7A274C, cid=4192, seq=null, RW, Message:01016200)
2024-09-10 06:19:49,875 DEBUG server.RaftServer$Division (LeaderStateImpl.java:addPendingRequest(532)) - s0@group-5D788F7A274C-LeaderStateImpl: addPendingRequest at RaftClientRequest:client-F6450E2571FC->s0@group-5D788F7A274C, cid=4192, seq=null, RW, Message:01016200, entry=(t:1, i:69), STATEMACHINELOGENTRY, WRITE: logData.size=4, stateMachineData.size=0, logEntryProtoSerializedSize=0
2024-09-10 06:19:49,876 DEBUG server.RaftServer$Division (RaftServerImpl.java:logAppendEntries(1539)) - s1@group-5D788F7A274C: appendEntries* s0->s1#188-t1,previous=(t:1, i:68),leaderCommit=68,initializing? false,entries: size=1, first=(t:1, i:69), STATEMACHINELOGENTRY, StateMachineLogEntryProto:4192@client-F6450E2571FC
2024-09-10 06:19:49,876 DEBUG server.RaftServer$Division (RaftServerImpl.java:logAppendEntries(1539)) - s10@group-5D788F7A274C: appendEntries* s0->s10#183-t1,previous=(t:1, i:68),leaderCommit=68,initializing? false,entries: size=1, first=(t:1, i:69), STATEMACHINELOGENTRY, StateMachineLogEntryProto:4192@client-F6450E2571FC
2024-09-10 06:19:49,877 DEBUG server.RaftServer$Division (RaftServerImpl.java:logAppendEntries(1539)) - s1@group-5D788F7A274C: appendEntries* reply s0<-s1#188:OK-t1,SUCCESS,nextIndex=70,followerCommit=68,matchIndex=69
2024-09-10 06:19:49,877 DEBUG server.RaftServer$Division (RaftServerImpl.java:logAppendEntries(1539)) - s10@group-5D788F7A274C: appendEntries* reply s0<-s10#183:OK-t1,SUCCESS,nextIndex=70,followerCommit=68,matchIndex=69
2024-09-10 06:19:49,878 INFO  statemachine.StateMachine (ArithmeticStateMachine.java:applyTransaction(181)) - LEADER:s0-69: b = null = null
2024-09-10 06:19:49,880 DEBUG server.RaftServer$Division (RaftServerImpl.java:logAppendEntries(1539)) - s10@group-5D788F7A274C: appendEntries* s0->s10#184-t1,previous=(t:1, i:69),leaderCommit=69,initializing? false,entries: size=1, first=(t:1, i:70), METADATAENTRY(c:69)
2024-09-10 06:19:49,880 DEBUG server.RaftServer$Division (RaftServerImpl.java:logAppendEntries(1539)) - s10@group-5D788F7A274C: appendEntries* reply s0<-s10#184:OK-t1,SUCCESS,nextIndex=71,followerCommit=69,matchIndex=70
2024-09-10 06:19:49,882 DEBUG server.RaftServer$Division (RaftServerImpl.java:logAppendEntries(1539)) - s1@group-5D788F7A274C: appendEntries* s0->s1#190-t1,previous=(t:1, i:69),leaderCommit=69,initializing? false,entries: size=1, first=(t:1, i:70), METADATAENTRY(c:69)
2024-09-10 06:19:49,883 DEBUG server.RaftServer$Division (RaftServerImpl.java:logAppendEntries(1539)) - s1@group-5D788F7A274C: appendEntries* reply s0<-s1#190:OK-t1,SUCCESS,nextIndex=71,followerCommit=69,matchIndex=70
2024-09-10 06:19:49,883 DEBUG server.RaftServer$Division (RaftServerImpl.java:submitClientRequestAsync(910)) - s0@group-5D788F7A274C: receive client request(RaftClientRequest:client-F6450E2571FC->s0@group-5D788F7A274C, cid=4193, seq=null, RW, Message:01016300)
2024-09-10 06:19:49,884 DEBUG server.RaftServer$Division (LeaderStateImpl.java:addPendingRequest(532)) - s0@group-5D788F7A274C-LeaderStateImpl: addPendingRequest at RaftClientRequest:client-F6450E2571FC->s0@group-5D788F7A274C, cid=4193, seq=null, RW, Message:01016300, entry=(t:1, i:71), STATEMACHINELOGENTRY, WRITE: logData.size=4, stateMachineData.size=0, logEntryProtoSerializedSize=0
2024-09-10 06:19:49,885 DEBUG server.RaftServer$Division (RaftServerImpl.java:logAppendEntries(1539)) - s10@group-5D788F7A274C: appendEntries* s0->s10#187-t1,previous=(t:1, i:70),leaderCommit=70,initializing? false,entries: size=1, first=(t:1, i:71), STATEMACHINELOGENTRY, StateMachineLogEntryProto:4193@client-F6450E2571FC
2024-09-10 06:19:49,885 DEBUG server.RaftServer$Division (RaftServerImpl.java:logAppendEntries(1539)) - s1@group-5D788F7A274C: appendEntries* s0->s1#194-t1,previous=(t:1, i:70),leaderCommit=70,initializing? false,entries: size=1, first=(t:1, i:71), STATEMACHINELOGENTRY, StateMachineLogEntryProto:4193@client-F6450E2571FC
2024-09-10 06:19:49,886 DEBUG server.RaftServer$Division (RaftServerImpl.java:logAppendEntries(1539)) - s1@group-5D788F7A274C: appendEntries* reply s0<-s1#194:OK-t1,SUCCESS,nextIndex=72,followerCommit=70,matchIndex=71
2024-09-10 06:19:49,886 DEBUG server.RaftServer$Division (RaftServerImpl.java:logAppendEntries(1539)) - s10@group-5D788F7A274C: appendEntries* reply s0<-s10#187:OK-t1,SUCCESS,nextIndex=72,followerCommit=70,matchIndex=71
2024-09-10 06:19:49,887 INFO  statemachine.StateMachine (ArithmeticStateMachine.java:applyTransaction(181)) - LEADER:s0-71: c = null = null
2024-09-10 06:19:49,889 DEBUG server.RaftServer$Division (RaftServerImpl.java:logAppendEntries(1539)) - s10@group-5D788F7A274C: appendEntries* s0->s10#189-t1,previous=(t:1, i:71),leaderCommit=71,initializing? false,entries: size=1, first=(t:1, i:72), METADATAENTRY(c:71)
2024-09-10 06:19:49,890 DEBUG server.RaftServer$Division (RaftServerImpl.java:logAppendEntries(1539)) - s10@group-5D788F7A274C: appendEntries* reply s0<-s10#189:OK-t1,SUCCESS,nextIndex=73,followerCommit=71,matchIndex=72
2024-09-10 06:19:49,891 DEBUG server.RaftServer$Division (RaftServerImpl.java:logAppendEntries(1539)) - s1@group-5D788F7A274C: appendEntries* s0->s1#195-t1,previous=(t:1, i:71),leaderCommit=71,initializing? false,entries: size=1, first=(t:1, i:72), METADATAENTRY(c:71)
2024-09-10 06:19:49,892 DEBUG server.RaftServer$Division (RaftServerImpl.java:logAppendEntries(1539)) - s1@group-5D788F7A274C: appendEntries* reply s0<-s1#195:OK-t1,SUCCESS,nextIndex=73,followerCommit=71,matchIndex=72
2024-09-10 06:19:49,893 DEBUG server.RaftServer$Division (RaftServerImpl.java:submitClientRequestAsync(910)) - s0@group-5D788F7A274C: receive client request(RaftClientRequest:client-F6450E2571FC->s0@group-5D788F7A274C, cid=4194, seq=null, RW, Message:01016102402e00000000...(size=12))
2024-09-10 06:19:49,893 DEBUG server.RaftServer$Division (LeaderStateImpl.java:addPendingRequest(532)) - s0@group-5D788F7A274C-LeaderStateImpl: addPendingRequest at RaftClientRequest:client-F6450E2571FC->s0@group-5D788F7A274C, cid=4194, seq=null, RW, Message:01016102402e00000000...(size=12), entry=(t:1, i:73), STATEMACHINELOGENTRY, WRITE: logData.size=12, stateMachineData.size=0, logEntryProtoSerializedSize=0
2024-09-10 06:19:49,894 DEBUG server.RaftServer$Division (RaftServerImpl.java:logAppendEntries(1539)) - s1@group-5D788F7A274C: appendEntries* s0->s1#198-t1,previous=(t:1, i:72),leaderCommit=72,initializing? false,entries: size=1, first=(t:1, i:73), STATEMACHINELOGENTRY, StateMachineLogEntryProto:4194@client-F6450E2571FC
2024-09-10 06:19:49,895 DEBUG server.RaftServer$Division (RaftServerImpl.java:logAppendEntries(1539)) - s10@group-5D788F7A274C: appendEntries* s0->s10#191-t1,previous=(t:1, i:72),leaderCommit=72,initializing? false,entries: size=1, first=(t:1, i:73), STATEMACHINELOGENTRY, StateMachineLogEntryProto:4194@client-F6450E2571FC
2024-09-10 06:19:49,895 DEBUG server.RaftServer$Division (RaftServerImpl.java:logAppendEntries(1539)) - s1@group-5D788F7A274C: appendEntries* reply s0<-s1#198:OK-t1,SUCCESS,nextIndex=74,followerCommit=72,matchIndex=73
2024-09-10 06:19:49,896 INFO  statemachine.StateMachine (ArithmeticStateMachine.java:applyTransaction(181)) - LEADER:s0-73: a = 15 = 15
2024-09-10 06:19:49,896 DEBUG server.RaftServer$Division (RaftServerImpl.java:logAppendEntries(1539)) - s10@group-5D788F7A274C: appendEntries* reply s0<-s10#191:OK-t1,SUCCESS,nextIndex=74,followerCommit=72,matchIndex=73
2024-09-10 06:19:49,897 DEBUG server.RaftServer$Division (RaftServerImpl.java:logAppendEntries(1539)) - s10@group-5D788F7A274C: appendEntries* s0->s10#193-t1,previous=(t:1, i:73),leaderCommit=73,initializing? false,entries: size=1, first=(t:1, i:74), METADATAENTRY(c:73)
2024-09-10 06:19:49,898 DEBUG server.RaftServer$Division (RaftServerImpl.java:logAppendEntries(1539)) - s1@group-5D788F7A274C: appendEntries* s0->s1#199-t1,previous=(t:1, i:73),leaderCommit=73,initializing? false,entries: size=1, first=(t:1, i:74), METADATAENTRY(c:73)
2024-09-10 06:19:49,898 DEBUG server.RaftServer$Division (RaftServerImpl.java:logAppendEntries(1539)) - s10@group-5D788F7A274C: appendEntries* reply s0<-s10#193:OK-t1,SUCCESS,nextIndex=75,followerCommit=73,matchIndex=74
2024-09-10 06:19:49,899 DEBUG server.RaftServer$Division (RaftServerImpl.java:logAppendEntries(1539)) - s1@group-5D788F7A274C: appendEntries* reply s0<-s1#199:OK-t1,SUCCESS,nextIndex=75,followerCommit=73,matchIndex=74
2024-09-10 06:19:49,902 DEBUG server.RaftServer$Division (RaftServerImpl.java:submitClientRequestAsync(910)) - s0@group-5D788F7A274C: receive client request(RaftClientRequest:client-F6450E2571FC->s0@group-5D788F7A274C, cid=4195, seq=null, RW, Message:01016202405c00000000...(size=12))
2024-09-10 06:19:49,902 DEBUG server.RaftServer$Division (LeaderStateImpl.java:addPendingRequest(532)) - s0@group-5D788F7A274C-LeaderStateImpl: addPendingRequest at RaftClientRequest:client-F6450E2571FC->s0@group-5D788F7A274C, cid=4195, seq=null, RW, Message:01016202405c00000000...(size=12), entry=(t:1, i:75), STATEMACHINELOGENTRY, WRITE: logData.size=12, stateMachineData.size=0, logEntryProtoSerializedSize=0
2024-09-10 06:19:49,907 DEBUG server.RaftServer$Division (RaftServerImpl.java:logAppendEntries(1539)) - s1@group-5D788F7A274C: appendEntries* s0->s1#203-t1,previous=(t:1, i:74),leaderCommit=74,initializing? false,entries: size=1, first=(t:1, i:75), STATEMACHINELOGENTRY, StateMachineLogEntryProto:4195@client-F6450E2571FC
2024-09-10 06:19:49,907 DEBUG server.RaftServer$Division (RaftServerImpl.java:logAppendEntries(1539)) - s10@group-5D788F7A274C: appendEntries* s0->s10#198-t1,previous=(t:1, i:74),leaderCommit=74,initializing? false,entries: size=1, first=(t:1, i:75), STATEMACHINELOGENTRY, StateMachineLogEntryProto:4195@client-F6450E2571FC
2024-09-10 06:19:49,908 DEBUG server.RaftServer$Division (RaftServerImpl.java:logAppendEntries(1539)) - s1@group-5D788F7A274C: appendEntries* reply s0<-s1#203:OK-t1,SUCCESS,nextIndex=76,followerCommit=74,matchIndex=75
2024-09-10 06:19:49,908 DEBUG server.RaftServer$Division (RaftServerImpl.java:logAppendEntries(1539)) - s10@group-5D788F7A274C: appendEntries* reply s0<-s10#198:OK-t1,SUCCESS,nextIndex=76,followerCommit=74,matchIndex=75
2024-09-10 06:19:49,908 INFO  statemachine.StateMachine (ArithmeticStateMachine.java:applyTransaction(181)) - LEADER:s0-75: b = 112 = 112
2024-09-10 06:19:49,911 DEBUG server.RaftServer$Division (RaftServerImpl.java:logAppendEntries(1539)) - s10@group-5D788F7A274C: appendEntries* s0->s10#199-t1,previous=(t:1, i:75),leaderCommit=75,initializing? false,entries: size=1, first=(t:1, i:76), METADATAENTRY(c:75)
2024-09-10 06:19:49,912 DEBUG server.RaftServer$Division (RaftServerImpl.java:logAppendEntries(1539)) - s10@group-5D788F7A274C: appendEntries* reply s0<-s10#199:OK-t1,SUCCESS,nextIndex=77,followerCommit=75,matchIndex=76
2024-09-10 06:19:49,913 DEBUG server.RaftServer$Division (RaftServerImpl.java:logAppendEntries(1539)) - s1@group-5D788F7A274C: appendEntries* s0->s1#204-t1,previous=(t:1, i:75),leaderCommit=75,initializing? false,entries: size=1, first=(t:1, i:76), METADATAENTRY(c:75)
2024-09-10 06:19:49,914 DEBUG server.RaftServer$Division (RaftServerImpl.java:logAppendEntries(1539)) - s1@group-5D788F7A274C: appendEntries* reply s0<-s1#204:OK-t1,SUCCESS,nextIndex=77,followerCommit=75,matchIndex=76
2024-09-10 06:19:49,915 DEBUG server.RaftServer$Division (RaftServerImpl.java:submitClientRequestAsync(910)) - s0@group-5D788F7A274C: receive client request(RaftClientRequest:client-F6450E2571FC->s0@group-5D788F7A274C, cid=4196, seq=null, RW, Message:01016304010300040201...(size=17))
2024-09-10 06:19:49,917 DEBUG server.RaftServer$Division (LeaderStateImpl.java:addPendingRequest(532)) - s0@group-5D788F7A274C-LeaderStateImpl: addPendingRequest at RaftClientRequest:client-F6450E2571FC->s0@group-5D788F7A274C, cid=4196, seq=null, RW, Message:01016304010300040201...(size=17), entry=(t:1, i:77), STATEMACHINELOGENTRY, WRITE: logData.size=17, stateMachineData.size=0, logEntryProtoSerializedSize=0
2024-09-10 06:19:49,918 DEBUG server.RaftServer$Division (RaftServerImpl.java:logAppendEntries(1539)) - s10@group-5D788F7A274C: appendEntries* s0->s10#203-t1,previous=(t:1, i:76),leaderCommit=76,initializing? false,entries: size=1, first=(t:1, i:77), STATEMACHINELOGENTRY, StateMachineLogEntryProto:4196@client-F6450E2571FC
2024-09-10 06:19:49,919 DEBUG server.RaftServer$Division (RaftServerImpl.java:logAppendEntries(1539)) - s10@group-5D788F7A274C: appendEntries* reply s0<-s10#203:OK-t1,SUCCESS,nextIndex=78,followerCommit=76,matchIndex=77
2024-09-10 06:19:49,919 DEBUG server.RaftServer$Division (RaftServerImpl.java:logAppendEntries(1539)) - s1@group-5D788F7A274C: appendEntries* s0->s1#207-t1,previous=(t:1, i:76),leaderCommit=76,initializing? false,entries: size=1, first=(t:1, i:77), STATEMACHINELOGENTRY, StateMachineLogEntryProto:4196@client-F6450E2571FC
2024-09-10 06:19:49,920 INFO  statemachine.StateMachine (ArithmeticStateMachine.java:applyTransaction(181)) - LEADER:s0-77: c = √(a^2 + b^2) = 113
2024-09-10 06:19:49,922 DEBUG server.RaftServer$Division (RaftServerImpl.java:logAppendEntries(1539)) - s1@group-5D788F7A274C: appendEntries* reply s0<-s1#207:OK-t1,SUCCESS,nextIndex=78,followerCommit=76,matchIndex=77
2024-09-10 06:19:49,925 DEBUG server.RaftServer$Division (RaftServerImpl.java:logAppendEntries(1539)) - s10@group-5D788F7A274C: appendEntries* s0->s10#204-t1,previous=(t:1, i:77),leaderCommit=77,initializing? false,entries: size=1, first=(t:1, i:78), METADATAENTRY(c:77)
2024-09-10 06:19:49,925 DEBUG server.RaftServer$Division (RaftServerImpl.java:logAppendEntries(1539)) - s10@group-5D788F7A274C: appendEntries* reply s0<-s10#204:OK-t1,SUCCESS,nextIndex=79,followerCommit=77,matchIndex=78
2024-09-10 06:19:49,927 DEBUG server.RaftServer$Division (RaftServerImpl.java:logAppendEntries(1539)) - s1@group-5D788F7A274C: appendEntries* s0->s1#209-t1,previous=(t:1, i:77),leaderCommit=77,initializing? false,entries: size=1, first=(t:1, i:78), METADATAENTRY(c:77)
2024-09-10 06:19:49,928 DEBUG server.RaftServer$Division (RaftServerImpl.java:submitClientRequestAsync(910)) - s0@group-5D788F7A274C: receive client request(RaftClientRequest:client-F6450E2571FC->s0@group-5D788F7A274C, cid=4197, seq=null, RW, Message:01016100)
2024-09-10 06:19:49,928 DEBUG server.RaftServer$Division (RaftServerImpl.java:logAppendEntries(1539)) - s1@group-5D788F7A274C: appendEntries* reply s0<-s1#209:OK-t1,SUCCESS,nextIndex=79,followerCommit=77,matchIndex=78
2024-09-10 06:19:49,928 DEBUG server.RaftServer$Division (LeaderStateImpl.java:addPendingRequest(532)) - s0@group-5D788F7A274C-LeaderStateImpl: addPendingRequest at RaftClientRequest:client-F6450E2571FC->s0@group-5D788F7A274C, cid=4197, seq=null, RW, Message:01016100, entry=(t:1, i:79), STATEMACHINELOGENTRY, WRITE: logData.size=4, stateMachineData.size=0, logEntryProtoSerializedSize=0
2024-09-10 06:19:49,930 DEBUG server.RaftServer$Division (RaftServerImpl.java:logAppendEntries(1539)) - s10@group-5D788F7A274C: appendEntries* s0->s10#206-t1,previous=(t:1, i:78),leaderCommit=77,initializing? false,entries: size=1, first=(t:1, i:79), STATEMACHINELOGENTRY, StateMachineLogEntryProto:4197@client-F6450E2571FC
2024-09-10 06:19:49,930 DEBUG server.RaftServer$Division (RaftServerImpl.java:logAppendEntries(1539)) - s10@group-5D788F7A274C: appendEntries* reply s0<-s10#206:OK-t1,SUCCESS,nextIndex=80,followerCommit=77,matchIndex=79
2024-09-10 06:19:49,931 DEBUG server.RaftServer$Division (RaftServerImpl.java:logAppendEntries(1539)) - s1@group-5D788F7A274C: appendEntries* s0->s1#211-t1,previous=(t:1, i:78),leaderCommit=77,initializing? false,entries: size=1, first=(t:1, i:79), STATEMACHINELOGENTRY, StateMachineLogEntryProto:4197@client-F6450E2571FC
2024-09-10 06:19:49,931 INFO  statemachine.StateMachine (ArithmeticStateMachine.java:applyTransaction(181)) - LEADER:s0-79: a = null = null
2024-09-10 06:19:49,932 DEBUG server.RaftServer$Division (RaftServerImpl.java:logAppendEntries(1539)) - s10@group-5D788F7A274C: appendEntries* s0->s10#209-t1,previous=(t:1, i:79),leaderCommit=79,initializing? false,entries: size=1, first=(t:1, i:80), METADATAENTRY(c:79)
2024-09-10 06:19:49,932 DEBUG server.RaftServer$Division (RaftServerImpl.java:logAppendEntries(1539)) - s1@group-5D788F7A274C: appendEntries* reply s0<-s1#211:OK-t1,SUCCESS,nextIndex=80,followerCommit=77,matchIndex=79
2024-09-10 06:19:49,933 DEBUG server.RaftServer$Division (RaftServerImpl.java:logAppendEntries(1539)) - s10@group-5D788F7A274C: appendEntries* reply s0<-s10#209:OK-t1,SUCCESS,nextIndex=81,followerCommit=79,matchIndex=80
2024-09-10 06:19:49,934 DEBUG server.RaftServer$Division (RaftServerImpl.java:logAppendEntries(1539)) - s1@group-5D788F7A274C: appendEntries* s0->s1#214-t1,previous=(t:1, i:79),leaderCommit=79,initializing? false,entries: size=1, first=(t:1, i:80), METADATAENTRY(c:79)
2024-09-10 06:19:49,935 DEBUG server.RaftServer$Division (RaftServerImpl.java:logAppendEntries(1539)) - s1@group-5D788F7A274C: appendEntries* reply s0<-s1#214:OK-t1,SUCCESS,nextIndex=81,followerCommit=79,matchIndex=80
2024-09-10 06:19:49,938 DEBUG server.RaftServer$Division (RaftServerImpl.java:submitClientRequestAsync(910)) - s0@group-5D788F7A274C: receive client request(RaftClientRequest:client-F6450E2571FC->s0@group-5D788F7A274C, cid=4198, seq=null, RW, Message:01016200)
2024-09-10 06:19:49,938 DEBUG server.RaftServer$Division (LeaderStateImpl.java:addPendingRequest(532)) - s0@group-5D788F7A274C-LeaderStateImpl: addPendingRequest at RaftClientRequest:client-F6450E2571FC->s0@group-5D788F7A274C, cid=4198, seq=null, RW, Message:01016200, entry=(t:1, i:81), STATEMACHINELOGENTRY, WRITE: logData.size=4, stateMachineData.size=0, logEntryProtoSerializedSize=0
2024-09-10 06:19:49,939 DEBUG server.RaftServer$Division (RaftServerImpl.java:logAppendEntries(1539)) - s1@group-5D788F7A274C: appendEntries* s0->s1#219-t1,previous=(t:1, i:80),leaderCommit=80,initializing? false,entries: size=1, first=(t:1, i:81), STATEMACHINELOGENTRY, StateMachineLogEntryProto:4198@client-F6450E2571FC
2024-09-10 06:19:49,940 DEBUG server.RaftServer$Division (RaftServerImpl.java:logAppendEntries(1539)) - s10@group-5D788F7A274C: appendEntries* s0->s10#212-t1,previous=(t:1, i:80),leaderCommit=80,initializing? false,entries: size=1, first=(t:1, i:81), STATEMACHINELOGENTRY, StateMachineLogEntryProto:4198@client-F6450E2571FC
2024-09-10 06:19:49,940 DEBUG server.RaftServer$Division (RaftServerImpl.java:logAppendEntries(1539)) - s1@group-5D788F7A274C: appendEntries* reply s0<-s1#219:OK-t1,SUCCESS,nextIndex=82,followerCommit=80,matchIndex=81
2024-09-10 06:19:49,940 DEBUG server.RaftServer$Division (RaftServerImpl.java:logAppendEntries(1539)) - s10@group-5D788F7A274C: appendEntries* reply s0<-s10#212:OK-t1,SUCCESS,nextIndex=82,followerCommit=80,matchIndex=81
2024-09-10 06:19:49,941 INFO  statemachine.StateMachine (ArithmeticStateMachine.java:applyTransaction(181)) - LEADER:s0-81: b = null = null
2024-09-10 06:19:49,943 DEBUG server.RaftServer$Division (RaftServerImpl.java:logAppendEntries(1539)) - s10@group-5D788F7A274C: appendEntries* s0->s10#213-t1,previous=(t:1, i:81),leaderCommit=81,initializing? false,entries: size=1, first=(t:1, i:82), METADATAENTRY(c:81)
2024-09-10 06:19:49,943 DEBUG server.RaftServer$Division (RaftServerImpl.java:logAppendEntries(1539)) - s10@group-5D788F7A274C: appendEntries* reply s0<-s10#213:OK-t1,SUCCESS,nextIndex=83,followerCommit=81,matchIndex=82
2024-09-10 06:19:49,944 DEBUG server.RaftServer$Division (RaftServerImpl.java:logAppendEntries(1539)) - s1@group-5D788F7A274C: appendEntries* s0->s1#220-t1,previous=(t:1, i:81),leaderCommit=81,initializing? false,entries: size=1, first=(t:1, i:82), METADATAENTRY(c:81)
2024-09-10 06:19:49,944 DEBUG server.RaftServer$Division (RaftServerImpl.java:logAppendEntries(1539)) - s1@group-5D788F7A274C: appendEntries* reply s0<-s1#220:OK-t1,SUCCESS,nextIndex=83,followerCommit=81,matchIndex=82
2024-09-10 06:19:49,947 DEBUG server.RaftServer$Division (RaftServerImpl.java:submitClientRequestAsync(910)) - s0@group-5D788F7A274C: receive client request(RaftClientRequest:client-F6450E2571FC->s0@group-5D788F7A274C, cid=4199, seq=null, RW, Message:01016300)
2024-09-10 06:19:49,947 DEBUG server.RaftServer$Division (LeaderStateImpl.java:addPendingRequest(532)) - s0@group-5D788F7A274C-LeaderStateImpl: addPendingRequest at RaftClientRequest:client-F6450E2571FC->s0@group-5D788F7A274C, cid=4199, seq=null, RW, Message:01016300, entry=(t:1, i:83), STATEMACHINELOGENTRY, WRITE: logData.size=4, stateMachineData.size=0, logEntryProtoSerializedSize=0
2024-09-10 06:19:49,948 DEBUG server.RaftServer$Division (RaftServerImpl.java:logAppendEntries(1539)) - s10@group-5D788F7A274C: appendEntries* s0->s10#216-t1,previous=(t:1, i:82),leaderCommit=82,initializing? false,entries: size=1, first=(t:1, i:83), STATEMACHINELOGENTRY, StateMachineLogEntryProto:4199@client-F6450E2571FC
2024-09-10 06:19:49,949 DEBUG server.RaftServer$Division (RaftServerImpl.java:logAppendEntries(1539)) - s1@group-5D788F7A274C: appendEntries* s0->s1#223-t1,previous=(t:1, i:82),leaderCommit=82,initializing? false,entries: size=1, first=(t:1, i:83), STATEMACHINELOGENTRY, StateMachineLogEntryProto:4199@client-F6450E2571FC
2024-09-10 06:19:49,949 DEBUG server.RaftServer$Division (RaftServerImpl.java:logAppendEntries(1539)) - s10@group-5D788F7A274C: appendEntries* reply s0<-s10#216:OK-t1,SUCCESS,nextIndex=84,followerCommit=82,matchIndex=83
2024-09-10 06:19:49,950 DEBUG server.RaftServer$Division (RaftServerImpl.java:logAppendEntries(1539)) - s1@group-5D788F7A274C: appendEntries* reply s0<-s1#223:OK-t1,SUCCESS,nextIndex=84,followerCommit=82,matchIndex=83
2024-09-10 06:19:49,951 INFO  statemachine.StateMachine (ArithmeticStateMachine.java:applyTransaction(181)) - LEADER:s0-83: c = null = null
2024-09-10 06:19:49,951 DEBUG server.RaftServer$Division (RaftServerImpl.java:logAppendEntries(1539)) - s10@group-5D788F7A274C: appendEntries* s0->s10#217-t1,previous=(t:1, i:83),leaderCommit=83,initializing? false,entries: size=1, first=(t:1, i:84), METADATAENTRY(c:83)
2024-09-10 06:19:49,952 DEBUG server.RaftServer$Division (RaftServerImpl.java:logAppendEntries(1539)) - s10@group-5D788F7A274C: appendEntries* reply s0<-s10#217:OK-t1,SUCCESS,nextIndex=85,followerCommit=83,matchIndex=84
2024-09-10 06:19:49,954 DEBUG server.RaftServer$Division (RaftServerImpl.java:logAppendEntries(1539)) - s1@group-5D788F7A274C: appendEntries* s0->s1#225-t1,previous=(t:1, i:83),leaderCommit=83,initializing? false,entries: size=1, first=(t:1, i:84), METADATAENTRY(c:83)
2024-09-10 06:19:49,955 DEBUG server.RaftServer$Division (RaftServerImpl.java:logAppendEntries(1539)) - s1@group-5D788F7A274C: appendEntries* reply s0<-s1#225:OK-t1,SUCCESS,nextIndex=85,followerCommit=83,matchIndex=84
2024-09-10 06:19:49,955 DEBUG server.RaftServer$Division (RaftServerImpl.java:submitClientRequestAsync(910)) - s0@group-5D788F7A274C: receive client request(RaftClientRequest:client-F6450E2571FC->s0@group-5D788F7A274C, cid=4200, seq=null, RW, Message:01016102403100000000...(size=12))
2024-09-10 06:19:49,956 DEBUG server.RaftServer$Division (LeaderStateImpl.java:addPendingRequest(532)) - s0@group-5D788F7A274C-LeaderStateImpl: addPendingRequest at RaftClientRequest:client-F6450E2571FC->s0@group-5D788F7A274C, cid=4200, seq=null, RW, Message:01016102403100000000...(size=12), entry=(t:1, i:85), STATEMACHINELOGENTRY, WRITE: logData.size=12, stateMachineData.size=0, logEntryProtoSerializedSize=0
2024-09-10 06:19:49,957 DEBUG server.RaftServer$Division (RaftServerImpl.java:logAppendEntries(1539)) - s10@group-5D788F7A274C: appendEntries* s0->s10#219-t1,previous=(t:1, i:84),leaderCommit=84,initializing? false,entries: size=1, first=(t:1, i:85), STATEMACHINELOGENTRY, StateMachineLogEntryProto:4200@client-F6450E2571FC
2024-09-10 06:19:49,958 DEBUG server.RaftServer$Division (RaftServerImpl.java:logAppendEntries(1539)) - s10@group-5D788F7A274C: appendEntries* reply s0<-s10#219:OK-t1,SUCCESS,nextIndex=86,followerCommit=84,matchIndex=85
2024-09-10 06:19:49,958 DEBUG server.RaftServer$Division (RaftServerImpl.java:logAppendEntries(1539)) - s1@group-5D788F7A274C: appendEntries* s0->s1#228-t1,previous=(t:1, i:84),leaderCommit=84,initializing? false,entries: size=1, first=(t:1, i:85), STATEMACHINELOGENTRY, StateMachineLogEntryProto:4200@client-F6450E2571FC
2024-09-10 06:19:49,958 DEBUG server.RaftServer$Division (RaftServerImpl.java:logAppendEntries(1539)) - s1@group-5D788F7A274C: appendEntries* reply s0<-s1#228:OK-t1,SUCCESS,nextIndex=86,followerCommit=84,matchIndex=85
2024-09-10 06:19:49,959 INFO  statemachine.StateMachine (ArithmeticStateMachine.java:applyTransaction(181)) - LEADER:s0-85: a = 17 = 17
2024-09-10 06:19:49,959 DEBUG server.RaftServer$Division (RaftServerImpl.java:logAppendEntries(1539)) - s10@group-5D788F7A274C: appendEntries* s0->s10#221-t1,previous=(t:1, i:85),leaderCommit=85,initializing? false,entries: size=1, first=(t:1, i:86), METADATAENTRY(c:85)
2024-09-10 06:19:49,960 DEBUG server.RaftServer$Division (RaftServerImpl.java:logAppendEntries(1539)) - s1@group-5D788F7A274C: appendEntries* s0->s1#231-t1,previous=(t:1, i:85),leaderCommit=85,initializing? false,entries: size=1, first=(t:1, i:86), METADATAENTRY(c:85)
2024-09-10 06:19:49,960 DEBUG server.RaftServer$Division (RaftServerImpl.java:logAppendEntries(1539)) - s10@group-5D788F7A274C: appendEntries* reply s0<-s10#221:OK-t1,SUCCESS,nextIndex=87,followerCommit=85,matchIndex=86
2024-09-10 06:19:49,961 DEBUG server.RaftServer$Division (RaftServerImpl.java:logAppendEntries(1539)) - s1@group-5D788F7A274C: appendEntries* reply s0<-s1#231:OK-t1,SUCCESS,nextIndex=87,followerCommit=85,matchIndex=86
2024-09-10 06:19:49,964 DEBUG server.RaftServer$Division (RaftServerImpl.java:submitClientRequestAsync(910)) - s0@group-5D788F7A274C: receive client request(RaftClientRequest:client-F6450E2571FC->s0@group-5D788F7A274C, cid=4201, seq=null, RW, Message:01016202406200000000...(size=12))
2024-09-10 06:19:49,964 DEBUG server.RaftServer$Division (LeaderStateImpl.java:addPendingRequest(532)) - s0@group-5D788F7A274C-LeaderStateImpl: addPendingRequest at RaftClientRequest:client-F6450E2571FC->s0@group-5D788F7A274C, cid=4201, seq=null, RW, Message:01016202406200000000...(size=12), entry=(t:1, i:87), STATEMACHINELOGENTRY, WRITE: logData.size=12, stateMachineData.size=0, logEntryProtoSerializedSize=0
2024-09-10 06:19:49,965 DEBUG server.RaftServer$Division (RaftServerImpl.java:logAppendEntries(1539)) - s10@group-5D788F7A274C: appendEntries* s0->s10#225-t1,previous=(t:1, i:86),leaderCommit=86,initializing? false,entries: size=1, first=(t:1, i:87), STATEMACHINELOGENTRY, StateMachineLogEntryProto:4201@client-F6450E2571FC
2024-09-10 06:19:49,965 DEBUG server.RaftServer$Division (RaftServerImpl.java:logAppendEntries(1539)) - s1@group-5D788F7A274C: appendEntries* s0->s1#235-t1,previous=(t:1, i:86),leaderCommit=86,initializing? false,entries: size=1, first=(t:1, i:87), STATEMACHINELOGENTRY, StateMachineLogEntryProto:4201@client-F6450E2571FC
2024-09-10 06:19:49,967 DEBUG server.RaftServer$Division (RaftServerImpl.java:logAppendEntries(1539)) - s10@group-5D788F7A274C: appendEntries* reply s0<-s10#225:OK-t1,SUCCESS,nextIndex=88,followerCommit=86,matchIndex=87
2024-09-10 06:19:49,967 DEBUG server.RaftServer$Division (RaftServerImpl.java:logAppendEntries(1539)) - s1@group-5D788F7A274C: appendEntries* reply s0<-s1#235:OK-t1,SUCCESS,nextIndex=88,followerCommit=86,matchIndex=87
2024-09-10 06:19:49,967 INFO  statemachine.StateMachine (ArithmeticStateMachine.java:applyTransaction(181)) - LEADER:s0-87: b = 144 = 144
2024-09-10 06:19:49,969 DEBUG server.RaftServer$Division (RaftServerImpl.java:logAppendEntries(1539)) - s10@group-5D788F7A274C: appendEntries* s0->s10#226-t1,previous=(t:1, i:87),leaderCommit=87,initializing? false,entries: size=1, first=(t:1, i:88), METADATAENTRY(c:87)
2024-09-10 06:19:49,969 DEBUG server.RaftServer$Division (RaftServerImpl.java:logAppendEntries(1539)) - s1@group-5D788F7A274C: appendEntries* s0->s1#237-t1,previous=(t:1, i:87),leaderCommit=87,initializing? false,entries: size=1, first=(t:1, i:88), METADATAENTRY(c:87)
2024-09-10 06:19:49,970 DEBUG server.RaftServer$Division (RaftServerImpl.java:logAppendEntries(1539)) - s1@group-5D788F7A274C: appendEntries* reply s0<-s1#237:OK-t1,SUCCESS,nextIndex=89,followerCommit=87,matchIndex=88
2024-09-10 06:19:49,970 DEBUG server.RaftServer$Division (RaftServerImpl.java:logAppendEntries(1539)) - s10@group-5D788F7A274C: appendEntries* reply s0<-s10#226:OK-t1,SUCCESS,nextIndex=89,followerCommit=87,matchIndex=88
2024-09-10 06:19:49,973 DEBUG server.RaftServer$Division (RaftServerImpl.java:submitClientRequestAsync(910)) - s0@group-5D788F7A274C: receive client request(RaftClientRequest:client-F6450E2571FC->s0@group-5D788F7A274C, cid=4202, seq=null, RW, Message:01016304010300040201...(size=17))
2024-09-10 06:19:49,973 DEBUG server.RaftServer$Division (LeaderStateImpl.java:addPendingRequest(532)) - s0@group-5D788F7A274C-LeaderStateImpl: addPendingRequest at RaftClientRequest:client-F6450E2571FC->s0@group-5D788F7A274C, cid=4202, seq=null, RW, Message:01016304010300040201...(size=17), entry=(t:1, i:89), STATEMACHINELOGENTRY, WRITE: logData.size=17, stateMachineData.size=0, logEntryProtoSerializedSize=0
2024-09-10 06:19:49,974 DEBUG server.RaftServer$Division (RaftServerImpl.java:logAppendEntries(1539)) - s1@group-5D788F7A274C: appendEntries* s0->s1#241-t1,previous=(t:1, i:88),leaderCommit=88,initializing? false,entries: size=1, first=(t:1, i:89), STATEMACHINELOGENTRY, StateMachineLogEntryProto:4202@client-F6450E2571FC
2024-09-10 06:19:49,975 DEBUG server.RaftServer$Division (RaftServerImpl.java:logAppendEntries(1539)) - s1@group-5D788F7A274C: appendEntries* reply s0<-s1#241:OK-t1,SUCCESS,nextIndex=90,followerCommit=88,matchIndex=89
2024-09-10 06:19:49,976 DEBUG server.RaftServer$Division (RaftServerImpl.java:logAppendEntries(1539)) - s10@group-5D788F7A274C: appendEntries* s0->s10#231-t1,previous=(t:1, i:88),leaderCommit=88,initializing? false,entries: size=1, first=(t:1, i:89), STATEMACHINELOGENTRY, StateMachineLogEntryProto:4202@client-F6450E2571FC
2024-09-10 06:19:49,976 INFO  statemachine.StateMachine (ArithmeticStateMachine.java:applyTransaction(181)) - LEADER:s0-89: c = √(a^2 + b^2) = 145
2024-09-10 06:19:49,977 DEBUG server.RaftServer$Division (RaftServerImpl.java:logAppendEntries(1539)) - s10@group-5D788F7A274C: appendEntries* reply s0<-s10#231:OK-t1,SUCCESS,nextIndex=90,followerCommit=88,matchIndex=89
2024-09-10 06:19:49,977 DEBUG server.RaftServer$Division (RaftServerImpl.java:logAppendEntries(1539)) - s1@group-5D788F7A274C: appendEntries* s0->s1#242-t1,previous=(t:1, i:89),leaderCommit=89,initializing? false,entries: size=1, first=(t:1, i:90), METADATAENTRY(c:89)
2024-09-10 06:19:49,979 DEBUG server.RaftServer$Division (RaftServerImpl.java:logAppendEntries(1539)) - s1@group-5D788F7A274C: appendEntries* reply s0<-s1#242:OK-t1,SUCCESS,nextIndex=91,followerCommit=89,matchIndex=90
2024-09-10 06:19:49,980 DEBUG server.RaftServer$Division (RaftServerImpl.java:logAppendEntries(1539)) - s10@group-5D788F7A274C: appendEntries* s0->s10#233-t1,previous=(t:1, i:89),leaderCommit=89,initializing? false,entries: size=1, first=(t:1, i:90), METADATAENTRY(c:89)
2024-09-10 06:19:49,981 DEBUG server.RaftServer$Division (RaftServerImpl.java:logAppendEntries(1539)) - s10@group-5D788F7A274C: appendEntries* reply s0<-s10#233:OK-t1,SUCCESS,nextIndex=91,followerCommit=89,matchIndex=90
2024-09-10 06:19:49,982 DEBUG server.RaftServer$Division (RaftServerImpl.java:submitClientRequestAsync(910)) - s0@group-5D788F7A274C: receive client request(RaftClientRequest:client-F6450E2571FC->s0@group-5D788F7A274C, cid=4203, seq=null, RW, Message:01016100)
2024-09-10 06:19:49,982 DEBUG server.RaftServer$Division (LeaderStateImpl.java:addPendingRequest(532)) - s0@group-5D788F7A274C-LeaderStateImpl: addPendingRequest at RaftClientRequest:client-F6450E2571FC->s0@group-5D788F7A274C, cid=4203, seq=null, RW, Message:01016100, entry=(t:1, i:91), STATEMACHINELOGENTRY, WRITE: logData.size=4, stateMachineData.size=0, logEntryProtoSerializedSize=0
2024-09-10 06:19:49,983 DEBUG server.RaftServer$Division (RaftServerImpl.java:logAppendEntries(1539)) - s10@group-5D788F7A274C: appendEntries* s0->s10#238-t1,previous=(t:1, i:90),leaderCommit=90,initializing? false,entries: size=1, first=(t:1, i:91), STATEMACHINELOGENTRY, StateMachineLogEntryProto:4203@client-F6450E2571FC
2024-09-10 06:19:49,984 DEBUG server.RaftServer$Division (RaftServerImpl.java:logAppendEntries(1539)) - s1@group-5D788F7A274C: appendEntries* s0->s1#246-t1,previous=(t:1, i:90),leaderCommit=90,initializing? false,entries: size=1, first=(t:1, i:91), STATEMACHINELOGENTRY, StateMachineLogEntryProto:4203@client-F6450E2571FC
2024-09-10 06:19:49,986 DEBUG server.RaftServer$Division (RaftServerImpl.java:logAppendEntries(1539)) - s1@group-5D788F7A274C: appendEntries* reply s0<-s1#246:OK-t1,SUCCESS,nextIndex=92,followerCommit=90,matchIndex=91
2024-09-10 06:19:49,986 DEBUG server.RaftServer$Division (RaftServerImpl.java:logAppendEntries(1539)) - s10@group-5D788F7A274C: appendEntries* reply s0<-s10#238:OK-t1,SUCCESS,nextIndex=92,followerCommit=90,matchIndex=91
2024-09-10 06:19:49,987 INFO  statemachine.StateMachine (ArithmeticStateMachine.java:applyTransaction(181)) - LEADER:s0-91: a = null = null
2024-09-10 06:19:49,988 DEBUG server.RaftServer$Division (RaftServerImpl.java:logAppendEntries(1539)) - s10@group-5D788F7A274C: appendEntries* s0->s10#239-t1,previous=(t:1, i:91),leaderCommit=91,initializing? false,entries: size=1, first=(t:1, i:92), METADATAENTRY(c:91)
2024-09-10 06:19:49,988 DEBUG server.RaftServer$Division (RaftServerImpl.java:logAppendEntries(1539)) - s1@group-5D788F7A274C: appendEntries* s0->s1#247-t1,previous=(t:1, i:91),leaderCommit=91,initializing? false,entries: size=1, first=(t:1, i:92), METADATAENTRY(c:91)
2024-09-10 06:19:49,988 DEBUG server.RaftServer$Division (RaftServerImpl.java:logAppendEntries(1539)) - s10@group-5D788F7A274C: appendEntries* reply s0<-s10#239:OK-t1,SUCCESS,nextIndex=93,followerCommit=91,matchIndex=92
2024-09-10 06:19:49,990 DEBUG server.RaftServer$Division (RaftServerImpl.java:logAppendEntries(1539)) - s1@group-5D788F7A274C: appendEntries* reply s0<-s1#247:OK-t1,SUCCESS,nextIndex=93,followerCommit=91,matchIndex=92
2024-09-10 06:19:49,992 DEBUG server.RaftServer$Division (RaftServerImpl.java:submitClientRequestAsync(910)) - s0@group-5D788F7A274C: receive client request(RaftClientRequest:client-F6450E2571FC->s0@group-5D788F7A274C, cid=4204, seq=null, RW, Message:01016200)
2024-09-10 06:19:49,992 DEBUG server.RaftServer$Division (LeaderStateImpl.java:addPendingRequest(532)) - s0@group-5D788F7A274C-LeaderStateImpl: addPendingRequest at RaftClientRequest:client-F6450E2571FC->s0@group-5D788F7A274C, cid=4204, seq=null, RW, Message:01016200, entry=(t:1, i:93), STATEMACHINELOGENTRY, WRITE: logData.size=4, stateMachineData.size=0, logEntryProtoSerializedSize=0
2024-09-10 06:19:49,993 DEBUG server.RaftServer$Division (RaftServerImpl.java:logAppendEntries(1539)) - s10@group-5D788F7A274C: appendEntries* s0->s10#243-t1,previous=(t:1, i:92),leaderCommit=92,initializing? false,entries: size=1, first=(t:1, i:93), STATEMACHINELOGENTRY, StateMachineLogEntryProto:4204@client-F6450E2571FC
2024-09-10 06:19:49,993 DEBUG server.RaftServer$Division (RaftServerImpl.java:logAppendEntries(1539)) - s1@group-5D788F7A274C: appendEntries* s0->s1#250-t1,previous=(t:1, i:92),leaderCommit=92,initializing? false,entries: size=1, first=(t:1, i:93), STATEMACHINELOGENTRY, StateMachineLogEntryProto:4204@client-F6450E2571FC
2024-09-10 06:19:49,994 DEBUG server.RaftServer$Division (RaftServerImpl.java:logAppendEntries(1539)) - s10@group-5D788F7A274C: appendEntries* reply s0<-s10#243:OK-t1,SUCCESS,nextIndex=94,followerCommit=92,matchIndex=93
2024-09-10 06:19:49,994 DEBUG server.RaftServer$Division (RaftServerImpl.java:logAppendEntries(1539)) - s1@group-5D788F7A274C: appendEntries* reply s0<-s1#250:OK-t1,SUCCESS,nextIndex=94,followerCommit=92,matchIndex=93
2024-09-10 06:19:49,995 INFO  statemachine.StateMachine (ArithmeticStateMachine.java:applyTransaction(181)) - LEADER:s0-93: b = null = null
2024-09-10 06:19:49,997 DEBUG server.RaftServer$Division (RaftServerImpl.java:logAppendEntries(1539)) - s10@group-5D788F7A274C: appendEntries* s0->s10#244-t1,previous=(t:1, i:93),leaderCommit=93,initializing? false,entries: size=1, first=(t:1, i:94), METADATAENTRY(c:93)
2024-09-10 06:19:49,997 DEBUG server.RaftServer$Division (RaftServerImpl.java:logAppendEntries(1539)) - s1@group-5D788F7A274C: appendEntries* s0->s1#252-t1,previous=(t:1, i:93),leaderCommit=93,initializing? false,entries: size=1, first=(t:1, i:94), METADATAENTRY(c:93)
2024-09-10 06:19:49,998 DEBUG server.RaftServer$Division (RaftServerImpl.java:logAppendEntries(1539)) - s10@group-5D788F7A274C: appendEntries* reply s0<-s10#244:OK-t1,SUCCESS,nextIndex=95,followerCommit=93,matchIndex=94
2024-09-10 06:19:49,999 DEBUG server.RaftServer$Division (RaftServerImpl.java:logAppendEntries(1539)) - s1@group-5D788F7A274C: appendEntries* reply s0<-s1#252:OK-t1,SUCCESS,nextIndex=95,followerCommit=93,matchIndex=94
2024-09-10 06:19:50,003 DEBUG server.RaftServer$Division (RaftServerImpl.java:submitClientRequestAsync(910)) - s0@group-5D788F7A274C: receive client request(RaftClientRequest:client-F6450E2571FC->s0@group-5D788F7A274C, cid=4205, seq=null, RW, Message:01016300)
2024-09-10 06:19:50,004 DEBUG server.RaftServer$Division (LeaderStateImpl.java:addPendingRequest(532)) - s0@group-5D788F7A274C-LeaderStateImpl: addPendingRequest at RaftClientRequest:client-F6450E2571FC->s0@group-5D788F7A274C, cid=4205, seq=null, RW, Message:01016300, entry=(t:1, i:95), STATEMACHINELOGENTRY, WRITE: logData.size=4, stateMachineData.size=0, logEntryProtoSerializedSize=0
2024-09-10 06:19:50,005 DEBUG server.RaftServer$Division (RaftServerImpl.java:logAppendEntries(1539)) - s10@group-5D788F7A274C: appendEntries* s0->s10#249-t1,previous=(t:1, i:94),leaderCommit=94,initializing? false,entries: size=1, first=(t:1, i:95), STATEMACHINELOGENTRY, StateMachineLogEntryProto:4205@client-F6450E2571FC
2024-09-10 06:19:50,006 DEBUG server.RaftServer$Division (RaftServerImpl.java:logAppendEntries(1539)) - s10@group-5D788F7A274C: appendEntries* reply s0<-s10#249:OK-t1,SUCCESS,nextIndex=96,followerCommit=94,matchIndex=95
2024-09-10 06:19:50,007 DEBUG server.RaftServer$Division (RaftServerImpl.java:logAppendEntries(1539)) - s1@group-5D788F7A274C: appendEntries* s0->s1#256-t1,previous=(t:1, i:94),leaderCommit=94,initializing? false,entries: size=1, first=(t:1, i:95), STATEMACHINELOGENTRY, StateMachineLogEntryProto:4205@client-F6450E2571FC
2024-09-10 06:19:50,007 DEBUG server.RaftServer$Division (RaftServerImpl.java:logAppendEntries(1539)) - s1@group-5D788F7A274C: appendEntries* reply s0<-s1#256:OK-t1,SUCCESS,nextIndex=96,followerCommit=94,matchIndex=95
2024-09-10 06:19:50,008 INFO  statemachine.StateMachine (ArithmeticStateMachine.java:applyTransaction(181)) - LEADER:s0-95: c = null = null
2024-09-10 06:19:50,009 DEBUG server.RaftServer$Division (RaftServerImpl.java:logAppendEntries(1539)) - s10@group-5D788F7A274C: appendEntries* s0->s10#251-t1,previous=(t:1, i:95),leaderCommit=95,initializing? false,entries: size=1, first=(t:1, i:96), METADATAENTRY(c:95)
2024-09-10 06:19:50,010 DEBUG server.RaftServer$Division (RaftServerImpl.java:logAppendEntries(1539)) - s10@group-5D788F7A274C: appendEntries* reply s0<-s10#251:OK-t1,SUCCESS,nextIndex=97,followerCommit=95,matchIndex=96
2024-09-10 06:19:50,011 DEBUG server.RaftServer$Division (RaftServerImpl.java:logAppendEntries(1539)) - s1@group-5D788F7A274C: appendEntries* s0->s1#257-t1,previous=(t:1, i:95),leaderCommit=95,initializing? false,entries: size=1, first=(t:1, i:96), METADATAENTRY(c:95)
2024-09-10 06:19:50,012 DEBUG server.RaftServer$Division (RaftServerImpl.java:logAppendEntries(1539)) - s1@group-5D788F7A274C: appendEntries* reply s0<-s1#257:OK-t1,SUCCESS,nextIndex=97,followerCommit=95,matchIndex=96
2024-09-10 06:19:50,014 DEBUG server.RaftServer$Division (RaftServerImpl.java:submitClientRequestAsync(910)) - s0@group-5D788F7A274C: receive client request(RaftClientRequest:client-F6450E2571FC->s0@group-5D788F7A274C, cid=4206, seq=null, RW, Message:01016102403300000000...(size=12))
2024-09-10 06:19:50,014 DEBUG server.RaftServer$Division (LeaderStateImpl.java:addPendingRequest(532)) - s0@group-5D788F7A274C-LeaderStateImpl: addPendingRequest at RaftClientRequest:client-F6450E2571FC->s0@group-5D788F7A274C, cid=4206, seq=null, RW, Message:01016102403300000000...(size=12), entry=(t:1, i:97), STATEMACHINELOGENTRY, WRITE: logData.size=12, stateMachineData.size=0, logEntryProtoSerializedSize=0
2024-09-10 06:19:50,016 DEBUG server.RaftServer$Division (RaftServerImpl.java:logAppendEntries(1539)) - s1@group-5D788F7A274C: appendEntries* s0->s1#261-t1,previous=(t:1, i:96),leaderCommit=96,initializing? false,entries: size=1, first=(t:1, i:97), STATEMACHINELOGENTRY, StateMachineLogEntryProto:4206@client-F6450E2571FC
2024-09-10 06:19:50,016 DEBUG server.RaftServer$Division (RaftServerImpl.java:logAppendEntries(1539)) - s10@group-5D788F7A274C: appendEntries* s0->s10#256-t1,previous=(t:1, i:96),leaderCommit=96,initializing? false,entries: size=1, first=(t:1, i:97), STATEMACHINELOGENTRY, StateMachineLogEntryProto:4206@client-F6450E2571FC
2024-09-10 06:19:50,016 DEBUG server.RaftServer$Division (RaftServerImpl.java:logAppendEntries(1539)) - s1@group-5D788F7A274C: appendEntries* reply s0<-s1#261:OK-t1,SUCCESS,nextIndex=98,followerCommit=96,matchIndex=97
2024-09-10 06:19:50,016 DEBUG server.RaftServer$Division (RaftServerImpl.java:logAppendEntries(1539)) - s10@group-5D788F7A274C: appendEntries* reply s0<-s10#256:OK-t1,SUCCESS,nextIndex=98,followerCommit=96,matchIndex=97
2024-09-10 06:19:50,017 INFO  statemachine.StateMachine (ArithmeticStateMachine.java:applyTransaction(181)) - LEADER:s0-97: a = 19 = 19
2024-09-10 06:19:50,018 DEBUG server.RaftServer$Division (RaftServerImpl.java:logAppendEntries(1539)) - s10@group-5D788F7A274C: appendEntries* s0->s10#257-t1,previous=(t:1, i:97),leaderCommit=97,initializing? false,entries: size=1, first=(t:1, i:98), METADATAENTRY(c:97)
2024-09-10 06:19:50,019 DEBUG server.RaftServer$Division (RaftServerImpl.java:logAppendEntries(1539)) - s1@group-5D788F7A274C: appendEntries* s0->s1#263-t1,previous=(t:1, i:97),leaderCommit=97,initializing? false,entries: size=1, first=(t:1, i:98), METADATAENTRY(c:97)
2024-09-10 06:19:50,019 DEBUG server.RaftServer$Division (RaftServerImpl.java:logAppendEntries(1539)) - s10@group-5D788F7A274C: appendEntries* reply s0<-s10#257:OK-t1,SUCCESS,nextIndex=99,followerCommit=97,matchIndex=98
2024-09-10 06:19:50,019 DEBUG server.RaftServer$Division (RaftServerImpl.java:logAppendEntries(1539)) - s1@group-5D788F7A274C: appendEntries* reply s0<-s1#263:OK-t1,SUCCESS,nextIndex=99,followerCommit=97,matchIndex=98
2024-09-10 06:19:50,022 DEBUG server.RaftServer$Division (RaftServerImpl.java:submitClientRequestAsync(910)) - s0@group-5D788F7A274C: receive client request(RaftClientRequest:client-F6450E2571FC->s0@group-5D788F7A274C, cid=4207, seq=null, RW, Message:01016202406680000000...(size=12))
2024-09-10 06:19:50,022 DEBUG server.RaftServer$Division (LeaderStateImpl.java:addPendingRequest(532)) - s0@group-5D788F7A274C-LeaderStateImpl: addPendingRequest at RaftClientRequest:client-F6450E2571FC->s0@group-5D788F7A274C, cid=4207, seq=null, RW, Message:01016202406680000000...(size=12), entry=(t:1, i:99), STATEMACHINELOGENTRY, WRITE: logData.size=12, stateMachineData.size=0, logEntryProtoSerializedSize=0
2024-09-10 06:19:50,023 DEBUG server.RaftServer$Division (RaftServerImpl.java:logAppendEntries(1539)) - s1@group-5D788F7A274C: appendEntries* s0->s1#266-t1,previous=(t:1, i:98),leaderCommit=98,initializing? false,entries: size=1, first=(t:1, i:99), STATEMACHINELOGENTRY, StateMachineLogEntryProto:4207@client-F6450E2571FC
2024-09-10 06:19:50,024 DEBUG server.RaftServer$Division (RaftServerImpl.java:logAppendEntries(1539)) - s10@group-5D788F7A274C: appendEntries* s0->s10#262-t1,previous=(t:1, i:98),leaderCommit=98,initializing? false,entries: size=1, first=(t:1, i:99), STATEMACHINELOGENTRY, StateMachineLogEntryProto:4207@client-F6450E2571FC
2024-09-10 06:19:50,024 DEBUG server.RaftServer$Division (RaftServerImpl.java:logAppendEntries(1539)) - s1@group-5D788F7A274C: appendEntries* reply s0<-s1#266:OK-t1,SUCCESS,nextIndex=100,followerCommit=98,matchIndex=99
2024-09-10 06:19:50,024 DEBUG server.RaftServer$Division (RaftServerImpl.java:logAppendEntries(1539)) - s10@group-5D788F7A274C: appendEntries* reply s0<-s10#262:OK-t1,SUCCESS,nextIndex=100,followerCommit=98,matchIndex=99
2024-09-10 06:19:50,025 INFO  statemachine.StateMachine (ArithmeticStateMachine.java:applyTransaction(181)) - LEADER:s0-99: b = 180 = 180
2024-09-10 06:19:50,026 DEBUG server.RaftServer$Division (RaftServerImpl.java:logAppendEntries(1539)) - s10@group-5D788F7A274C: appendEntries* s0->s10#264-t1,previous=(t:1, i:99),leaderCommit=99,initializing? false,entries: size=1, first=(t:1, i:100), METADATAENTRY(c:99)
2024-09-10 06:19:50,026 DEBUG server.RaftServer$Division (RaftServerImpl.java:logAppendEntries(1539)) - s10@group-5D788F7A274C: appendEntries* reply s0<-s10#264:OK-t1,SUCCESS,nextIndex=101,followerCommit=99,matchIndex=100
2024-09-10 06:19:50,027 DEBUG server.RaftServer$Division (RaftServerImpl.java:logAppendEntries(1539)) - s1@group-5D788F7A274C: appendEntries* s0->s1#267-t1,previous=(t:1, i:99),leaderCommit=99,initializing? false,entries: size=1, first=(t:1, i:100), METADATAENTRY(c:99)
2024-09-10 06:19:50,028 DEBUG server.RaftServer$Division (RaftServerImpl.java:logAppendEntries(1539)) - s1@group-5D788F7A274C: appendEntries* reply s0<-s1#267:OK-t1,SUCCESS,nextIndex=101,followerCommit=99,matchIndex=100
2024-09-10 06:19:50,029 DEBUG server.RaftServer$Division (RaftServerImpl.java:submitClientRequestAsync(910)) - s0@group-5D788F7A274C: receive client request(RaftClientRequest:client-F6450E2571FC->s0@group-5D788F7A274C, cid=4208, seq=null, RW, Message:01016304010300040201...(size=17))
2024-09-10 06:19:50,030 DEBUG server.RaftServer$Division (LeaderStateImpl.java:addPendingRequest(532)) - s0@group-5D788F7A274C-LeaderStateImpl: addPendingRequest at RaftClientRequest:client-F6450E2571FC->s0@group-5D788F7A274C, cid=4208, seq=null, RW, Message:01016304010300040201...(size=17), entry=(t:1, i:101), STATEMACHINELOGENTRY, WRITE: logData.size=17, stateMachineData.size=0, logEntryProtoSerializedSize=0
2024-09-10 06:19:50,031 DEBUG server.RaftServer$Division (RaftServerImpl.java:logAppendEntries(1539)) - s1@group-5D788F7A274C: appendEntries* s0->s1#272-t1,previous=(t:1, i:100),leaderCommit=100,initializing? false,entries: size=1, first=(t:1, i:101), STATEMACHINELOGENTRY, StateMachineLogEntryProto:4208@client-F6450E2571FC
2024-09-10 06:19:50,032 DEBUG server.RaftServer$Division (RaftServerImpl.java:logAppendEntries(1539)) - s10@group-5D788F7A274C: appendEntries* s0->s10#268-t1,previous=(t:1, i:100),leaderCommit=100,initializing? false,entries: size=1, first=(t:1, i:101), STATEMACHINELOGENTRY, StateMachineLogEntryProto:4208@client-F6450E2571FC
2024-09-10 06:19:50,032 DEBUG server.RaftServer$Division (RaftServerImpl.java:logAppendEntries(1539)) - s1@group-5D788F7A274C: appendEntries* reply s0<-s1#272:OK-t1,SUCCESS,nextIndex=102,followerCommit=100,matchIndex=101
2024-09-10 06:19:50,032 DEBUG server.RaftServer$Division (RaftServerImpl.java:logAppendEntries(1539)) - s10@group-5D788F7A274C: appendEntries* reply s0<-s10#268:OK-t1,SUCCESS,nextIndex=102,followerCommit=100,matchIndex=101
2024-09-10 06:19:50,033 INFO  statemachine.StateMachine (ArithmeticStateMachine.java:applyTransaction(181)) - LEADER:s0-101: c = √(a^2 + b^2) = 181
2024-09-10 06:19:50,034 DEBUG server.RaftServer$Division (RaftServerImpl.java:logAppendEntries(1539)) - s10@group-5D788F7A274C: appendEntries* s0->s10#269-t1,previous=(t:1, i:101),leaderCommit=101,initializing? false,entries: size=1, first=(t:1, i:102), METADATAENTRY(c:101)
2024-09-10 06:19:50,035 DEBUG server.RaftServer$Division (RaftServerImpl.java:logAppendEntries(1539)) - s10@group-5D788F7A274C: appendEntries* reply s0<-s10#269:OK-t1,SUCCESS,nextIndex=103,followerCommit=101,matchIndex=102
2024-09-10 06:19:50,036 DEBUG server.RaftServer$Division (RaftServerImpl.java:logAppendEntries(1539)) - s1@group-5D788F7A274C: appendEntries* s0->s1#274-t1,previous=(t:1, i:101),leaderCommit=101,initializing? false,entries: size=1, first=(t:1, i:102), METADATAENTRY(c:101)
2024-09-10 06:19:50,036 DEBUG server.RaftServer$Division (RaftServerImpl.java:logAppendEntries(1539)) - s1@group-5D788F7A274C: appendEntries* reply s0<-s1#274:OK-t1,SUCCESS,nextIndex=103,followerCommit=101,matchIndex=102
2024-09-10 06:19:50,039 DEBUG server.RaftServer$Division (RaftServerImpl.java:submitClientRequestAsync(910)) - s0@group-5D788F7A274C: receive client request(RaftClientRequest:client-F6450E2571FC->s0@group-5D788F7A274C, cid=4209, seq=null, RW, Message:01016100)
2024-09-10 06:19:50,039 DEBUG server.RaftServer$Division (LeaderStateImpl.java:addPendingRequest(532)) - s0@group-5D788F7A274C-LeaderStateImpl: addPendingRequest at RaftClientRequest:client-F6450E2571FC->s0@group-5D788F7A274C, cid=4209, seq=null, RW, Message:01016100, entry=(t:1, i:103), STATEMACHINELOGENTRY, WRITE: logData.size=4, stateMachineData.size=0, logEntryProtoSerializedSize=0
2024-09-10 06:19:50,040 DEBUG server.RaftServer$Division (RaftServerImpl.java:logAppendEntries(1539)) - s1@group-5D788F7A274C: appendEntries* s0->s1#278-t1,previous=(t:1, i:102),leaderCommit=102,initializing? false,entries: size=1, first=(t:1, i:103), STATEMACHINELOGENTRY, StateMachineLogEntryProto:4209@client-F6450E2571FC
2024-09-10 06:19:50,040 DEBUG server.RaftServer$Division (RaftServerImpl.java:logAppendEntries(1539)) - s10@group-5D788F7A274C: appendEntries* s0->s10#274-t1,previous=(t:1, i:102),leaderCommit=102,initializing? false,entries: size=1, first=(t:1, i:103), STATEMACHINELOGENTRY, StateMachineLogEntryProto:4209@client-F6450E2571FC
2024-09-10 06:19:50,041 DEBUG server.RaftServer$Division (RaftServerImpl.java:logAppendEntries(1539)) - s1@group-5D788F7A274C: appendEntries* reply s0<-s1#278:OK-t1,SUCCESS,nextIndex=104,followerCommit=102,matchIndex=103
2024-09-10 06:19:50,041 DEBUG server.RaftServer$Division (RaftServerImpl.java:logAppendEntries(1539)) - s10@group-5D788F7A274C: appendEntries* reply s0<-s10#274:OK-t1,SUCCESS,nextIndex=104,followerCommit=102,matchIndex=103
2024-09-10 06:19:50,042 INFO  statemachine.StateMachine (ArithmeticStateMachine.java:applyTransaction(181)) - LEADER:s0-103: a = null = null
2024-09-10 06:19:50,043 DEBUG server.RaftServer$Division (RaftServerImpl.java:logAppendEntries(1539)) - s10@group-5D788F7A274C: appendEntries* s0->s10#275-t1,previous=(t:1, i:103),leaderCommit=103,initializing? false,entries: size=1, first=(t:1, i:104), METADATAENTRY(c:103)
2024-09-10 06:19:50,044 DEBUG server.RaftServer$Division (RaftServerImpl.java:logAppendEntries(1539)) - s10@group-5D788F7A274C: appendEntries* reply s0<-s10#275:OK-t1,SUCCESS,nextIndex=105,followerCommit=103,matchIndex=104
2024-09-10 06:19:50,045 DEBUG server.RaftServer$Division (RaftServerImpl.java:logAppendEntries(1539)) - s1@group-5D788F7A274C: appendEntries* s0->s1#280-t1,previous=(t:1, i:103),leaderCommit=103,initializing? false,entries: size=1, first=(t:1, i:104), METADATAENTRY(c:103)
2024-09-10 06:19:50,046 DEBUG server.RaftServer$Division (RaftServerImpl.java:submitClientRequestAsync(910)) - s0@group-5D788F7A274C: receive client request(RaftClientRequest:client-F6450E2571FC->s0@group-5D788F7A274C, cid=4210, seq=null, RW, Message:01016200)
2024-09-10 06:19:50,046 DEBUG server.RaftServer$Division (LeaderStateImpl.java:addPendingRequest(532)) - s0@group-5D788F7A274C-LeaderStateImpl: addPendingRequest at RaftClientRequest:client-F6450E2571FC->s0@group-5D788F7A274C, cid=4210, seq=null, RW, Message:01016200, entry=(t:1, i:105), STATEMACHINELOGENTRY, WRITE: logData.size=4, stateMachineData.size=0, logEntryProtoSerializedSize=0
2024-09-10 06:19:50,047 DEBUG server.RaftServer$Division (RaftServerImpl.java:logAppendEntries(1539)) - s1@group-5D788F7A274C: appendEntries* reply s0<-s1#280:OK-t1,SUCCESS,nextIndex=105,followerCommit=103,matchIndex=104
2024-09-10 06:19:50,047 DEBUG server.RaftServer$Division (RaftServerImpl.java:logAppendEntries(1539)) - s1@group-5D788F7A274C: appendEntries* s0->s1#284-t1,previous=(t:1, i:104),leaderCommit=104,initializing? false,entries: size=1, first=(t:1, i:105), STATEMACHINELOGENTRY, StateMachineLogEntryProto:4210@client-F6450E2571FC
2024-09-10 06:19:50,048 DEBUG server.RaftServer$Division (RaftServerImpl.java:logAppendEntries(1539)) - s10@group-5D788F7A274C: appendEntries* s0->s10#278-t1,previous=(t:1, i:104),leaderCommit=104,initializing? false,entries: size=1, first=(t:1, i:105), STATEMACHINELOGENTRY, StateMachineLogEntryProto:4210@client-F6450E2571FC
2024-09-10 06:19:50,048 DEBUG server.RaftServer$Division (RaftServerImpl.java:logAppendEntries(1539)) - s1@group-5D788F7A274C: appendEntries* reply s0<-s1#284:OK-t1,SUCCESS,nextIndex=106,followerCommit=104,matchIndex=105
2024-09-10 06:19:50,049 DEBUG server.RaftServer$Division (RaftServerImpl.java:logAppendEntries(1539)) - s10@group-5D788F7A274C: appendEntries* reply s0<-s10#278:OK-t1,SUCCESS,nextIndex=106,followerCommit=104,matchIndex=105
2024-09-10 06:19:50,050 INFO  statemachine.StateMachine (ArithmeticStateMachine.java:applyTransaction(181)) - LEADER:s0-105: b = null = null
2024-09-10 06:19:50,051 DEBUG server.RaftServer$Division (RaftServerImpl.java:logAppendEntries(1539)) - s10@group-5D788F7A274C: appendEntries* s0->s10#280-t1,previous=(t:1, i:105),leaderCommit=105,initializing? false,entries: size=1, first=(t:1, i:106), METADATAENTRY(c:105)
2024-09-10 06:19:50,052 DEBUG server.RaftServer$Division (RaftServerImpl.java:logAppendEntries(1539)) - s1@group-5D788F7A274C: appendEntries* s0->s1#286-t1,previous=(t:1, i:105),leaderCommit=105,initializing? false,entries: size=1, first=(t:1, i:106), METADATAENTRY(c:105)
2024-09-10 06:19:50,054 DEBUG server.RaftServer$Division (RaftServerImpl.java:submitClientRequestAsync(910)) - s0@group-5D788F7A274C: receive client request(RaftClientRequest:client-F6450E2571FC->s0@group-5D788F7A274C, cid=4211, seq=null, RW, Message:01016300)
2024-09-10 06:19:50,055 DEBUG server.RaftServer$Division (LeaderStateImpl.java:addPendingRequest(532)) - s0@group-5D788F7A274C-LeaderStateImpl: addPendingRequest at RaftClientRequest:client-F6450E2571FC->s0@group-5D788F7A274C, cid=4211, seq=null, RW, Message:01016300, entry=(t:1, i:107), STATEMACHINELOGENTRY, WRITE: logData.size=4, stateMachineData.size=0, logEntryProtoSerializedSize=0
2024-09-10 06:19:50,055 DEBUG server.RaftServer$Division (RaftServerImpl.java:logAppendEntries(1539)) - s10@group-5D788F7A274C: appendEntries* reply s0<-s10#280:OK-t1,SUCCESS,nextIndex=107,followerCommit=105,matchIndex=106
2024-09-10 06:19:50,055 DEBUG server.RaftServer$Division (RaftServerImpl.java:logAppendEntries(1539)) - s1@group-5D788F7A274C: appendEntries* reply s0<-s1#286:OK-t1,SUCCESS,nextIndex=107,followerCommit=105,matchIndex=106
2024-09-10 06:19:50,057 DEBUG server.RaftServer$Division (RaftServerImpl.java:logAppendEntries(1539)) - s1@group-5D788F7A274C: appendEntries* s0->s1#288-t1,previous=(t:1, i:106),leaderCommit=105,initializing? false,entries: size=1, first=(t:1, i:107), STATEMACHINELOGENTRY, StateMachineLogEntryProto:4211@client-F6450E2571FC
2024-09-10 06:19:50,057 DEBUG server.RaftServer$Division (RaftServerImpl.java:logAppendEntries(1539)) - s10@group-5D788F7A274C: appendEntries* s0->s10#282-t1,previous=(t:1, i:106),leaderCommit=105,initializing? false,entries: size=1, first=(t:1, i:107), STATEMACHINELOGENTRY, StateMachineLogEntryProto:4211@client-F6450E2571FC
2024-09-10 06:19:50,058 DEBUG server.RaftServer$Division (RaftServerImpl.java:logAppendEntries(1539)) - s1@group-5D788F7A274C: appendEntries* reply s0<-s1#288:OK-t1,SUCCESS,nextIndex=108,followerCommit=105,matchIndex=107
2024-09-10 06:19:50,058 INFO  statemachine.StateMachine (ArithmeticStateMachine.java:applyTransaction(181)) - LEADER:s0-107: c = null = null
2024-09-10 06:19:50,059 DEBUG server.RaftServer$Division (RaftServerImpl.java:logAppendEntries(1539)) - s10@group-5D788F7A274C: appendEntries* reply s0<-s10#282:OK-t1,SUCCESS,nextIndex=108,followerCommit=105,matchIndex=107
2024-09-10 06:19:50,061 DEBUG server.RaftServer$Division (RaftServerImpl.java:logAppendEntries(1539)) - s10@group-5D788F7A274C: appendEntries* s0->s10#285-t1,previous=(t:1, i:107),leaderCommit=107,initializing? false,entries: size=1, first=(t:1, i:108), METADATAENTRY(c:107)
2024-09-10 06:19:50,062 DEBUG server.RaftServer$Division (RaftServerImpl.java:submitClientRequestAsync(910)) - s0@group-5D788F7A274C: receive client request(RaftClientRequest:client-F6450E2571FC->s0@group-5D788F7A274C, cid=4212, seq=null, RW, Message:01016102403500000000...(size=12))
2024-09-10 06:19:50,062 DEBUG server.RaftServer$Division (LeaderStateImpl.java:addPendingRequest(532)) - s0@group-5D788F7A274C-LeaderStateImpl: addPendingRequest at RaftClientRequest:client-F6450E2571FC->s0@group-5D788F7A274C, cid=4212, seq=null, RW, Message:01016102403500000000...(size=12), entry=(t:1, i:109), STATEMACHINELOGENTRY, WRITE: logData.size=12, stateMachineData.size=0, logEntryProtoSerializedSize=0
2024-09-10 06:19:50,063 DEBUG server.RaftServer$Division (RaftServerImpl.java:logAppendEntries(1539)) - s10@group-5D788F7A274C: appendEntries* reply s0<-s10#285:OK-t1,SUCCESS,nextIndex=109,followerCommit=107,matchIndex=108
2024-09-10 06:19:50,064 DEBUG server.RaftServer$Division (RaftServerImpl.java:logAppendEntries(1539)) - s10@group-5D788F7A274C: appendEntries* s0->s10#287-t1,previous=(t:1, i:108),leaderCommit=107,initializing? false,entries: size=1, first=(t:1, i:109), STATEMACHINELOGENTRY, StateMachineLogEntryProto:4212@client-F6450E2571FC
2024-09-10 06:19:50,064 DEBUG server.RaftServer$Division (RaftServerImpl.java:logAppendEntries(1539)) - s10@group-5D788F7A274C: appendEntries* reply s0<-s10#287:OK-t1,SUCCESS,nextIndex=110,followerCommit=107,matchIndex=109
2024-09-10 06:19:50,065 DEBUG server.RaftServer$Division (RaftServerImpl.java:logAppendEntries(1539)) - s1@group-5D788F7A274C: appendEntries* s0->s1#291-t1,previous=(t:1, i:107),leaderCommit=107,initializing? false,entries: size=1, first=(t:1, i:108), METADATAENTRY(c:107)
2024-09-10 06:19:50,066 DEBUG server.RaftServer$Division (RaftServerImpl.java:logAppendEntries(1539)) - s1@group-5D788F7A274C: appendEntries* reply s0<-s1#291:OK-t1,SUCCESS,nextIndex=109,followerCommit=107,matchIndex=108
2024-09-10 06:19:50,067 DEBUG server.RaftServer$Division (RaftServerImpl.java:logAppendEntries(1539)) - s1@group-5D788F7A274C: appendEntries* s0->s1#292-t1,previous=(t:1, i:108),leaderCommit=107,initializing? false,entries: size=1, first=(t:1, i:109), STATEMACHINELOGENTRY, StateMachineLogEntryProto:4212@client-F6450E2571FC
2024-09-10 06:19:50,067 INFO  statemachine.StateMachine (ArithmeticStateMachine.java:applyTransaction(181)) - LEADER:s0-109: a = 21 = 21
2024-09-10 06:19:50,068 DEBUG server.RaftServer$Division (RaftServerImpl.java:logAppendEntries(1539)) - s1@group-5D788F7A274C: appendEntries* reply s0<-s1#292:OK-t1,SUCCESS,nextIndex=110,followerCommit=107,matchIndex=109
2024-09-10 06:19:50,069 DEBUG server.RaftServer$Division (RaftServerImpl.java:logAppendEntries(1539)) - s1@group-5D788F7A274C: appendEntries* s0->s1#295-t1,previous=(t:1, i:109),leaderCommit=109,initializing? false,entries: size=1, first=(t:1, i:110), METADATAENTRY(c:109)
2024-09-10 06:19:50,069 DEBUG server.RaftServer$Division (RaftServerImpl.java:logAppendEntries(1539)) - s10@group-5D788F7A274C: appendEntries* s0->s10#290-t1,previous=(t:1, i:109),leaderCommit=109,initializing? false,entries: size=1, first=(t:1, i:110), METADATAENTRY(c:109)
2024-09-10 06:19:50,070 DEBUG server.RaftServer$Division (RaftServerImpl.java:logAppendEntries(1539)) - s1@group-5D788F7A274C: appendEntries* reply s0<-s1#295:OK-t1,SUCCESS,nextIndex=111,followerCommit=109,matchIndex=110
2024-09-10 06:19:50,071 DEBUG server.RaftServer$Division (RaftServerImpl.java:logAppendEntries(1539)) - s10@group-5D788F7A274C: appendEntries* reply s0<-s10#290:OK-t1,SUCCESS,nextIndex=111,followerCommit=109,matchIndex=110
2024-09-10 06:19:50,074 DEBUG server.RaftServer$Division (RaftServerImpl.java:submitClientRequestAsync(910)) - s0@group-5D788F7A274C: receive client request(RaftClientRequest:client-F6450E2571FC->s0@group-5D788F7A274C, cid=4213, seq=null, RW, Message:01016202406b80000000...(size=12))
2024-09-10 06:19:50,074 DEBUG server.RaftServer$Division (LeaderStateImpl.java:addPendingRequest(532)) - s0@group-5D788F7A274C-LeaderStateImpl: addPendingRequest at RaftClientRequest:client-F6450E2571FC->s0@group-5D788F7A274C, cid=4213, seq=null, RW, Message:01016202406b80000000...(size=12), entry=(t:1, i:111), STATEMACHINELOGENTRY, WRITE: logData.size=12, stateMachineData.size=0, logEntryProtoSerializedSize=0
2024-09-10 06:19:50,075 DEBUG server.RaftServer$Division (RaftServerImpl.java:logAppendEntries(1539)) - s10@group-5D788F7A274C: appendEntries* s0->s10#294-t1,previous=(t:1, i:110),leaderCommit=110,initializing? false,entries: size=1, first=(t:1, i:111), STATEMACHINELOGENTRY, StateMachineLogEntryProto:4213@client-F6450E2571FC
2024-09-10 06:19:50,076 DEBUG server.RaftServer$Division (RaftServerImpl.java:logAppendEntries(1539)) - s10@group-5D788F7A274C: appendEntries* reply s0<-s10#294:OK-t1,SUCCESS,nextIndex=112,followerCommit=110,matchIndex=111
2024-09-10 06:19:50,076 DEBUG server.RaftServer$Division (RaftServerImpl.java:logAppendEntries(1539)) - s1@group-5D788F7A274C: appendEntries* s0->s1#299-t1,previous=(t:1, i:110),leaderCommit=110,initializing? false,entries: size=1, first=(t:1, i:111), STATEMACHINELOGENTRY, StateMachineLogEntryProto:4213@client-F6450E2571FC
2024-09-10 06:19:50,077 DEBUG server.RaftServer$Division (RaftServerImpl.java:logAppendEntries(1539)) - s1@group-5D788F7A274C: appendEntries* reply s0<-s1#299:OK-t1,SUCCESS,nextIndex=112,followerCommit=110,matchIndex=111
2024-09-10 06:19:50,077 INFO  statemachine.StateMachine (ArithmeticStateMachine.java:applyTransaction(181)) - LEADER:s0-111: b = 220 = 220
2024-09-10 06:19:50,078 DEBUG server.RaftServer$Division (RaftServerImpl.java:logAppendEntries(1539)) - s10@group-5D788F7A274C: appendEntries* s0->s10#295-t1,previous=(t:1, i:111),leaderCommit=111,initializing? false,entries: size=1, first=(t:1, i:112), METADATAENTRY(c:111)
2024-09-10 06:19:50,079 DEBUG server.RaftServer$Division (RaftServerImpl.java:logAppendEntries(1539)) - s10@group-5D788F7A274C: appendEntries* reply s0<-s10#295:OK-t1,SUCCESS,nextIndex=113,followerCommit=111,matchIndex=112
2024-09-10 06:19:50,080 DEBUG server.RaftServer$Division (RaftServerImpl.java:logAppendEntries(1539)) - s1@group-5D788F7A274C: appendEntries* s0->s1#301-t1,previous=(t:1, i:111),leaderCommit=111,initializing? false,entries: size=1, first=(t:1, i:112), METADATAENTRY(c:111)
2024-09-10 06:19:50,081 DEBUG server.RaftServer$Division (RaftServerImpl.java:logAppendEntries(1539)) - s1@group-5D788F7A274C: appendEntries* reply s0<-s1#301:OK-t1,SUCCESS,nextIndex=113,followerCommit=111,matchIndex=112
2024-09-10 06:19:50,082 DEBUG server.RaftServer$Division (RaftServerImpl.java:submitClientRequestAsync(910)) - s0@group-5D788F7A274C: receive client request(RaftClientRequest:client-F6450E2571FC->s0@group-5D788F7A274C, cid=4214, seq=null, RW, Message:01016304010300040201...(size=17))
2024-09-10 06:19:50,082 DEBUG server.RaftServer$Division (LeaderStateImpl.java:addPendingRequest(532)) - s0@group-5D788F7A274C-LeaderStateImpl: addPendingRequest at RaftClientRequest:client-F6450E2571FC->s0@group-5D788F7A274C, cid=4214, seq=null, RW, Message:01016304010300040201...(size=17), entry=(t:1, i:113), STATEMACHINELOGENTRY, WRITE: logData.size=17, stateMachineData.size=0, logEntryProtoSerializedSize=0
2024-09-10 06:19:50,083 DEBUG server.RaftServer$Division (RaftServerImpl.java:logAppendEntries(1539)) - s10@group-5D788F7A274C: appendEntries* s0->s10#298-t1,previous=(t:1, i:112),leaderCommit=112,initializing? false,entries: size=1, first=(t:1, i:113), STATEMACHINELOGENTRY, StateMachineLogEntryProto:4214@client-F6450E2571FC
2024-09-10 06:19:50,084 DEBUG server.RaftServer$Division (RaftServerImpl.java:logAppendEntries(1539)) - s1@group-5D788F7A274C: appendEntries* s0->s1#305-t1,previous=(t:1, i:112),leaderCommit=112,initializing? false,entries: size=1, first=(t:1, i:113), STATEMACHINELOGENTRY, StateMachineLogEntryProto:4214@client-F6450E2571FC
2024-09-10 06:19:50,084 DEBUG server.RaftServer$Division (RaftServerImpl.java:logAppendEntries(1539)) - s10@group-5D788F7A274C: appendEntries* reply s0<-s10#298:OK-t1,SUCCESS,nextIndex=114,followerCommit=112,matchIndex=113
2024-09-10 06:19:50,085 INFO  statemachine.StateMachine (ArithmeticStateMachine.java:applyTransaction(181)) - LEADER:s0-113: c = √(a^2 + b^2) = 221
2024-09-10 06:19:50,086 DEBUG server.RaftServer$Division (RaftServerImpl.java:logAppendEntries(1539)) - s1@group-5D788F7A274C: appendEntries* reply s0<-s1#305:OK-t1,SUCCESS,nextIndex=114,followerCommit=112,matchIndex=113
2024-09-10 06:19:50,086 DEBUG server.RaftServer$Division (RaftServerImpl.java:logAppendEntries(1539)) - s10@group-5D788F7A274C: appendEntries* s0->s10#300-t1,previous=(t:1, i:113),leaderCommit=113,initializing? false,entries: size=1, first=(t:1, i:114), METADATAENTRY(c:113)
2024-09-10 06:19:50,087 DEBUG server.RaftServer$Division (RaftServerImpl.java:logAppendEntries(1539)) - s10@group-5D788F7A274C: appendEntries* reply s0<-s10#300:OK-t1,SUCCESS,nextIndex=115,followerCommit=113,matchIndex=114
2024-09-10 06:19:50,088 DEBUG server.RaftServer$Division (RaftServerImpl.java:logAppendEntries(1539)) - s1@group-5D788F7A274C: appendEntries* s0->s1#308-t1,previous=(t:1, i:113),leaderCommit=113,initializing? false,entries: size=1, first=(t:1, i:114), METADATAENTRY(c:113)
2024-09-10 06:19:50,090 DEBUG server.RaftServer$Division (RaftServerImpl.java:submitClientRequestAsync(910)) - s0@group-5D788F7A274C: receive client request(RaftClientRequest:client-F6450E2571FC->s0@group-5D788F7A274C, cid=4215, seq=null, RW, Message:01016100)
2024-09-10 06:19:50,090 DEBUG server.RaftServer$Division (LeaderStateImpl.java:addPendingRequest(532)) - s0@group-5D788F7A274C-LeaderStateImpl: addPendingRequest at RaftClientRequest:client-F6450E2571FC->s0@group-5D788F7A274C, cid=4215, seq=null, RW, Message:01016100, entry=(t:1, i:115), STATEMACHINELOGENTRY, WRITE: logData.size=4, stateMachineData.size=0, logEntryProtoSerializedSize=0
2024-09-10 06:19:50,091 DEBUG server.RaftServer$Division (RaftServerImpl.java:logAppendEntries(1539)) - s1@group-5D788F7A274C: appendEntries* reply s0<-s1#308:OK-t1,SUCCESS,nextIndex=115,followerCommit=113,matchIndex=114
2024-09-10 06:19:50,091 DEBUG server.RaftServer$Division (RaftServerImpl.java:logAppendEntries(1539)) - s10@group-5D788F7A274C: appendEntries* s0->s10#303-t1,previous=(t:1, i:114),leaderCommit=114,initializing? false,entries: size=1, first=(t:1, i:115), STATEMACHINELOGENTRY, StateMachineLogEntryProto:4215@client-F6450E2571FC
2024-09-10 06:19:50,092 DEBUG server.RaftServer$Division (RaftServerImpl.java:logAppendEntries(1539)) - s1@group-5D788F7A274C: appendEntries* s0->s1#312-t1,previous=(t:1, i:114),leaderCommit=114,initializing? false,entries: size=1, first=(t:1, i:115), STATEMACHINELOGENTRY, StateMachineLogEntryProto:4215@client-F6450E2571FC
2024-09-10 06:19:50,092 DEBUG server.RaftServer$Division (RaftServerImpl.java:logAppendEntries(1539)) - s10@group-5D788F7A274C: appendEntries* reply s0<-s10#303:OK-t1,SUCCESS,nextIndex=116,followerCommit=114,matchIndex=115
2024-09-10 06:19:50,093 INFO  statemachine.StateMachine (ArithmeticStateMachine.java:applyTransaction(181)) - LEADER:s0-115: a = null = null
2024-09-10 06:19:50,094 DEBUG server.RaftServer$Division (RaftServerImpl.java:logAppendEntries(1539)) - s1@group-5D788F7A274C: appendEntries* reply s0<-s1#312:OK-t1,SUCCESS,nextIndex=116,followerCommit=114,matchIndex=115
2024-09-10 06:19:50,094 DEBUG server.RaftServer$Division (RaftServerImpl.java:logAppendEntries(1539)) - s1@group-5D788F7A274C: appendEntries* s0->s1#315-t1,previous=(t:1, i:115),leaderCommit=115,initializing? false,entries: size=1, first=(t:1, i:116), METADATAENTRY(c:115)
2024-09-10 06:19:50,094 DEBUG server.RaftServer$Division (RaftServerImpl.java:logAppendEntries(1539)) - s1@group-5D788F7A274C: appendEntries* reply s0<-s1#315:OK-t1,SUCCESS,nextIndex=117,followerCommit=115,matchIndex=116
2024-09-10 06:19:50,095 DEBUG server.RaftServer$Division (RaftServerImpl.java:logAppendEntries(1539)) - s10@group-5D788F7A274C: appendEntries* s0->s10#305-t1,previous=(t:1, i:115),leaderCommit=115,initializing? false,entries: size=1, first=(t:1, i:116), METADATAENTRY(c:115)
2024-09-10 06:19:50,095 DEBUG server.RaftServer$Division (RaftServerImpl.java:logAppendEntries(1539)) - s10@group-5D788F7A274C: appendEntries* reply s0<-s10#305:OK-t1,SUCCESS,nextIndex=117,followerCommit=115,matchIndex=116
2024-09-10 06:19:50,097 DEBUG server.RaftServer$Division (RaftServerImpl.java:submitClientRequestAsync(910)) - s0@group-5D788F7A274C: receive client request(RaftClientRequest:client-F6450E2571FC->s0@group-5D788F7A274C, cid=4216, seq=null, RW, Message:01016200)
2024-09-10 06:19:50,097 DEBUG server.RaftServer$Division (LeaderStateImpl.java:addPendingRequest(532)) - s0@group-5D788F7A274C-LeaderStateImpl: addPendingRequest at RaftClientRequest:client-F6450E2571FC->s0@group-5D788F7A274C, cid=4216, seq=null, RW, Message:01016200, entry=(t:1, i:117), STATEMACHINELOGENTRY, WRITE: logData.size=4, stateMachineData.size=0, logEntryProtoSerializedSize=0
2024-09-10 06:19:50,098 DEBUG server.RaftServer$Division (RaftServerImpl.java:logAppendEntries(1539)) - s1@group-5D788F7A274C: appendEntries* s0->s1#319-t1,previous=(t:1, i:116),leaderCommit=116,initializing? false,entries: size=1, first=(t:1, i:117), STATEMACHINELOGENTRY, StateMachineLogEntryProto:4216@client-F6450E2571FC
2024-09-10 06:19:50,098 DEBUG server.RaftServer$Division (RaftServerImpl.java:logAppendEntries(1539)) - s10@group-5D788F7A274C: appendEntries* s0->s10#309-t1,previous=(t:1, i:116),leaderCommit=116,initializing? false,entries: size=1, first=(t:1, i:117), STATEMACHINELOGENTRY, StateMachineLogEntryProto:4216@client-F6450E2571FC
2024-09-10 06:19:50,099 DEBUG server.RaftServer$Division (RaftServerImpl.java:logAppendEntries(1539)) - s10@group-5D788F7A274C: appendEntries* reply s0<-s10#309:OK-t1,SUCCESS,nextIndex=118,followerCommit=116,matchIndex=117
2024-09-10 06:19:50,099 DEBUG server.RaftServer$Division (RaftServerImpl.java:logAppendEntries(1539)) - s1@group-5D788F7A274C: appendEntries* reply s0<-s1#319:OK-t1,SUCCESS,nextIndex=118,followerCommit=116,matchIndex=117
2024-09-10 06:19:50,100 INFO  statemachine.StateMachine (ArithmeticStateMachine.java:applyTransaction(181)) - LEADER:s0-117: b = null = null
2024-09-10 06:19:50,101 DEBUG server.RaftServer$Division (RaftServerImpl.java:logAppendEntries(1539)) - s10@group-5D788F7A274C: appendEntries* s0->s10#310-t1,previous=(t:1, i:117),leaderCommit=117,initializing? false,entries: size=1, first=(t:1, i:118), METADATAENTRY(c:117)
2024-09-10 06:19:50,101 DEBUG server.RaftServer$Division (RaftServerImpl.java:logAppendEntries(1539)) - s1@group-5D788F7A274C: appendEntries* s0->s1#321-t1,previous=(t:1, i:117),leaderCommit=117,initializing? false,entries: size=1, first=(t:1, i:118), METADATAENTRY(c:117)
2024-09-10 06:19:50,102 DEBUG server.RaftServer$Division (RaftServerImpl.java:logAppendEntries(1539)) - s10@group-5D788F7A274C: appendEntries* reply s0<-s10#310:OK-t1,SUCCESS,nextIndex=119,followerCommit=117,matchIndex=118
2024-09-10 06:19:50,102 DEBUG server.RaftServer$Division (RaftServerImpl.java:logAppendEntries(1539)) - s1@group-5D788F7A274C: appendEntries* reply s0<-s1#321:OK-t1,SUCCESS,nextIndex=119,followerCommit=117,matchIndex=118
2024-09-10 06:19:50,104 DEBUG server.RaftServer$Division (RaftServerImpl.java:submitClientRequestAsync(910)) - s0@group-5D788F7A274C: receive client request(RaftClientRequest:client-F6450E2571FC->s0@group-5D788F7A274C, cid=4217, seq=null, RW, Message:01016300)
2024-09-10 06:19:50,104 DEBUG server.RaftServer$Division (LeaderStateImpl.java:addPendingRequest(532)) - s0@group-5D788F7A274C-LeaderStateImpl: addPendingRequest at RaftClientRequest:client-F6450E2571FC->s0@group-5D788F7A274C, cid=4217, seq=null, RW, Message:01016300, entry=(t:1, i:119), STATEMACHINELOGENTRY, WRITE: logData.size=4, stateMachineData.size=0, logEntryProtoSerializedSize=0
2024-09-10 06:19:50,105 DEBUG server.RaftServer$Division (RaftServerImpl.java:logAppendEntries(1539)) - s10@group-5D788F7A274C: appendEntries* s0->s10#314-t1,previous=(t:1, i:118),leaderCommit=118,initializing? false,entries: size=1, first=(t:1, i:119), STATEMACHINELOGENTRY, StateMachineLogEntryProto:4217@client-F6450E2571FC
2024-09-10 06:19:50,105 DEBUG server.RaftServer$Division (RaftServerImpl.java:logAppendEntries(1539)) - s10@group-5D788F7A274C: appendEntries* reply s0<-s10#314:OK-t1,SUCCESS,nextIndex=120,followerCommit=118,matchIndex=119
2024-09-10 06:19:50,106 DEBUG server.RaftServer$Division (RaftServerImpl.java:logAppendEntries(1539)) - s1@group-5D788F7A274C: appendEntries* s0->s1#324-t1,previous=(t:1, i:118),leaderCommit=118,initializing? false,entries: size=1, first=(t:1, i:119), STATEMACHINELOGENTRY, StateMachineLogEntryProto:4217@client-F6450E2571FC
2024-09-10 06:19:50,107 INFO  statemachine.StateMachine (ArithmeticStateMachine.java:applyTransaction(181)) - LEADER:s0-119: c = null = null
2024-09-10 06:19:50,107 DEBUG server.RaftServer$Division (RaftServerImpl.java:logAppendEntries(1539)) - s1@group-5D788F7A274C: appendEntries* reply s0<-s1#324:OK-t1,SUCCESS,nextIndex=120,followerCommit=118,matchIndex=119
2024-09-10 06:19:50,108 DEBUG server.RaftServer$Division (RaftServerImpl.java:logAppendEntries(1539)) - s10@group-5D788F7A274C: appendEntries* s0->s10#316-t1,previous=(t:1, i:119),leaderCommit=119,initializing? false,entries: size=1, first=(t:1, i:120), METADATAENTRY(c:119)
2024-09-10 06:19:50,109 DEBUG server.RaftServer$Division (RaftServerImpl.java:logAppendEntries(1539)) - s1@group-5D788F7A274C: appendEntries* s0->s1#327-t1,previous=(t:1, i:119),leaderCommit=119,initializing? false,entries: size=1, first=(t:1, i:120), METADATAENTRY(c:119)
2024-09-10 06:19:50,109 DEBUG server.RaftServer$Division (RaftServerImpl.java:logAppendEntries(1539)) - s10@group-5D788F7A274C: appendEntries* reply s0<-s10#316:OK-t1,SUCCESS,nextIndex=121,followerCommit=119,matchIndex=120
2024-09-10 06:19:50,109 DEBUG server.RaftServer$Division (RaftServerImpl.java:logAppendEntries(1539)) - s1@group-5D788F7A274C: appendEntries* reply s0<-s1#327:OK-t1,SUCCESS,nextIndex=121,followerCommit=119,matchIndex=120
2024-09-10 06:19:50,120 INFO  impl.GroupManagementBaseTest (GroupManagementBaseTest.java:runMultiGroupTest(281)) - 1) starting group-0052E07B9BEC:[s11|0.0.0.0:15011, s13|0.0.0.0:15013, s12|0.0.0.0:15012]
2024-09-10 06:19:50,128 INFO  server.RaftServer (RaftServerProxy.java:addNew(101)) - s11: addNew group-0052E07B9BEC:[s11|0.0.0.0:15011, s13|0.0.0.0:15013, s12|0.0.0.0:15012] returns group-0052E07B9BEC:java.util.concurrent.CompletableFuture@19b4a335[Not completed]
2024-09-10 06:19:50,128 INFO  server.RaftServer$Division (RaftServerImpl.java:<init>(255)) - s11: new RaftServerImpl for group-0052E07B9BEC:[s11|0.0.0.0:15011, s13|0.0.0.0:15013, s12|0.0.0.0:15012] with ArithmeticStateMachine:uninitialized
2024-09-10 06:19:50,128 INFO  server.RaftServerConfigKeys (ConfUtils.java:logGet(46)) - raft.server.rpc.timeout.min = 300ms (custom)
2024-09-10 06:19:50,128 INFO  server.RaftServerConfigKeys (ConfUtils.java:logGet(46)) - raft.server.rpc.timeout.max = 600ms (custom)
2024-09-10 06:19:50,128 INFO  server.RaftServerConfigKeys (ConfUtils.java:logGet(46)) - raft.server.rpc.sleep.time = 25ms (default)
2024-09-10 06:19:50,128 INFO  server.RaftServerConfigKeys (ConfUtils.java:logGet(46)) - raft.server.rpc.slowness.timeout = 60s (default)
2024-09-10 06:19:50,128 INFO  server.RaftServerConfigKeys (ConfUtils.java:logGet(46)) - raft.server.leaderelection.leader.step-down.wait-time = 10s (default)
2024-09-10 06:19:50,129 INFO  server.RaftServerConfigKeys (ConfUtils.java:logGet(46)) - raft.server.leaderelection.member.majority-add = false (default)
2024-09-10 06:19:50,129 INFO  server.RaftServerConfigKeys (ConfUtils.java:logGet(46)) - raft.server.sleep.deviation.threshold = 300ms (default)
2024-09-10 06:19:50,129 INFO  server.RaftServer$Division (ServerState.java:<init>(114)) - s11@group-0052E07B9BEC: ConfigurationManager, init=conf: {index: -1, cur=peers:[s11|0.0.0.0:15011, s13|0.0.0.0:15013, s12|0.0.0.0:15012]|listeners:[], old=null}, confs=<EMPTY_MAP>
2024-09-10 06:19:50,129 INFO  server.RaftServerConfigKeys (ConfUtils.java:logGet(46)) - raft.server.notification.no-leader.timeout = 60s (default)
2024-09-10 06:19:50,129 INFO  server.RaftServerConfigKeys (ConfUtils.java:logGet(46)) - raft.server.read.timeout = 10s (default)
2024-09-10 06:19:50,129 INFO  server.RaftServerConfigKeys (ConfUtils.java:logGet(46)) - raft.server.retrycache.expirytime = 60s (default)
2024-09-10 06:19:50,129 INFO  server.RaftServerConfigKeys (ConfUtils.java:logGet(46)) - raft.server.retrycache.statistics.expirytime = 100ms (default)
2024-09-10 06:19:50,129 INFO  server.RaftServerConfigKeys (ConfUtils.java:logGet(46)) - raft.server.read.option = DEFAULT (default)
2024-09-10 06:19:50,129 INFO  server.RaftServerConfigKeys (ConfUtils.java:logGet(46)) - raft.server.read.read-after-write-consistent.write-index-cache.expiry-time = 60s (default)
2024-09-10 06:19:50,130 INFO  server.RaftServerConfigKeys (ConfUtils.java:logGet(46)) - raft.server.rpc.request.timeout = 3000ms (default)
2024-09-10 06:19:50,130 INFO  server.RaftServerConfigKeys (ConfUtils.java:logGet(46)) - raft.server.log.appender.install.snapshot.enabled = true (default)
2024-09-10 06:19:50,130 INFO  server.RaftServerConfigKeys (ConfUtils.java:logGet(46)) - raft.server.threadpool.server.cached = true (default)
2024-09-10 06:19:50,130 INFO  server.RaftServerConfigKeys (ConfUtils.java:logGet(46)) - raft.server.threadpool.server.size = 0 (default)
2024-09-10 06:19:50,130 INFO  server.RaftServerConfigKeys (ConfUtils.java:logGet(46)) - raft.server.threadpool.client.cached = true (default)
2024-09-10 06:19:50,130 INFO  server.RaftServerConfigKeys (ConfUtils.java:logGet(46)) - raft.server.threadpool.client.size = 0 (default)
2024-09-10 06:19:50,130 INFO  server.RaftServerConfigKeys (ConfUtils.java:logGet(46)) - raft.server.storage.free-space.min = 0MB (=0) (default)
2024-09-10 06:19:50,130 INFO  server.RaftServerConfigKeys (ConfUtils.java:logGet(46)) - raft.server.log.corruption.policy = EXCEPTION (default)
2024-09-10 06:19:50,130 INFO  server.RaftServerConfigKeys (ConfUtils.java:logGet(46)) - raft.server.storage.dir = [/home/runner/work/ratis/ratis/ratis-examples/target/test/data/f624d035/MiniRaftClusterWithGrpc4aa2bfeb/s11] (custom)
2024-09-10 06:19:50,130 INFO  storage.RaftStorageDirectory (RaftStorageDirectoryImpl.java:analyzeStorage(138)) - The storage directory /home/runner/work/ratis/ratis/ratis-examples/target/test/data/f624d035/MiniRaftClusterWithGrpc4aa2bfeb/s11/f0720976-9fd9-4a03-868e-0052e07b9bec does not exist. Creating ...
2024-09-10 06:19:50,130 TRACE util.FileUtils (LogUtils.java:runAndLog(49)) - Successfully ran Files.createDirectories /home/runner/work/ratis/ratis/ratis-examples/target/test/data/f624d035/MiniRaftClusterWithGrpc4aa2bfeb/s11/f0720976-9fd9-4a03-868e-0052e07b9bec
2024-09-10 06:19:50,132 INFO  storage.RaftStorageDirectory (RaftStorageDirectoryImpl.java:tryLock(229)) - Lock on /home/runner/work/ratis/ratis/ratis-examples/target/test/data/f624d035/MiniRaftClusterWithGrpc4aa2bfeb/s11/f0720976-9fd9-4a03-868e-0052e07b9bec/in_use.lock acquired by nodename 13550@fv-az691-408
2024-09-10 06:19:50,132 TRACE util.FileUtils (LogUtils.java:runAndLog(49)) - Successfully ran Files.createDirectories /home/runner/work/ratis/ratis/ratis-examples/target/test/data/f624d035/MiniRaftClusterWithGrpc4aa2bfeb/s11/f0720976-9fd9-4a03-868e-0052e07b9bec/current
2024-09-10 06:19:50,132 TRACE util.FileUtils (LogUtils.java:runAndLog(49)) - Successfully ran Files.createDirectories /home/runner/work/ratis/ratis/ratis-examples/target/test/data/f624d035/MiniRaftClusterWithGrpc4aa2bfeb/s11/f0720976-9fd9-4a03-868e-0052e07b9bec/sm
2024-09-10 06:19:50,132 TRACE util.FileUtils (LogUtils.java:supplyAndLog(69)) - Successfully supplied FileChannel.open /home/runner/work/ratis/ratis/ratis-examples/target/test/data/f624d035/MiniRaftClusterWithGrpc4aa2bfeb/s11/f0720976-9fd9-4a03-868e-0052e07b9bec/current/raft-meta.tmp with options [CREATE, WRITE]: sun.nio.ch.FileChannelImpl@38b983d0
2024-09-10 06:19:50,134 TRACE util.FileUtils (LogUtils.java:runAndLog(49)) - Successfully ran Atomic Files.move /home/runner/work/ratis/ratis/ratis-examples/target/test/data/f624d035/MiniRaftClusterWithGrpc4aa2bfeb/s11/f0720976-9fd9-4a03-868e-0052e07b9bec/current/raft-meta.tmp to /home/runner/work/ratis/ratis/ratis-examples/target/test/data/f624d035/MiniRaftClusterWithGrpc4aa2bfeb/s11/f0720976-9fd9-4a03-868e-0052e07b9bec/current/raft-meta with options [REPLACE_EXISTING]
2024-09-10 06:19:50,134 INFO  storage.RaftStorage (RaftStorageImpl.java:format(98)) - Storage directory /home/runner/work/ratis/ratis/ratis-examples/target/test/data/f624d035/MiniRaftClusterWithGrpc4aa2bfeb/s11/f0720976-9fd9-4a03-868e-0052e07b9bec has been successfully formatted.
2024-09-10 06:19:50,134 WARN  statemachine.StateMachine (ArithmeticStateMachine.java:loadSnapshot(115)) - The snapshot info is null.
2024-09-10 06:19:50,134 INFO  server.RaftServerConfigKeys (ConfUtils.java:logGet(46)) - raft.server.log.use.memory = false (default)
2024-09-10 06:19:50,134 INFO  server.RaftServerConfigKeys (ConfUtils.java:logGet(46)) - raft.server.log.purge.gap = 1024 (default)
2024-09-10 06:19:50,134 INFO  server.RaftServerConfigKeys (ConfUtils.java:logGet(46)) - raft.server.log.appender.buffer.byte-limit = 4MB (=4194304) (default)
2024-09-10 06:19:50,134 INFO  server.RaftServerConfigKeys (ConfUtils.java:logGet(46)) - raft.server.log.statemachine.data.read.timeout = 1000ms (default)
2024-09-10 06:19:50,135 INFO  server.RaftServerConfigKeys (ConfUtils.java:logGet(46)) - raft.server.log.purge.preservation.log.num = 0 (default)
2024-09-10 06:19:50,135 INFO  server.RaftServerConfigKeys (ConfUtils.java:logGet(46)) - raft.server.log.segment.size.max = 32MB (=33554432) (default)
2024-09-10 06:19:50,135 INFO  server.RaftServerConfigKeys (ConfUtils.java:logGet(46)) - raft.server.log.segment.cache.num.max = 6 (default)
2024-09-10 06:19:50,135 INFO  server.RaftServerConfigKeys (ConfUtils.java:logGet(46)) - raft.server.log.segment.cache.size.max = 200MB (=209715200) (default)
2024-09-10 06:19:50,135 INFO  server.RaftServerConfigKeys (ConfUtils.java:logGet(46)) - raft.server.log.appender.buffer.byte-limit = 4MB (=4194304) (default)
2024-09-10 06:19:50,135 INFO  util.AwaitToRun (AwaitToRun.java:start(81)) - Thread[s11@group-0052E07B9BEC-cacheEviction-AwaitToRun,5,main] started
2024-09-10 06:19:50,135 INFO  segmented.SegmentedRaftLogWorker (SegmentedRaftLogWorker.java:<init>(187)) - new s11@group-0052E07B9BEC-SegmentedRaftLogWorker for RaftStorageImpl:Storage Directory /home/runner/work/ratis/ratis/ratis-examples/target/test/data/f624d035/MiniRaftClusterWithGrpc4aa2bfeb/s11/f0720976-9fd9-4a03-868e-0052e07b9bec
2024-09-10 06:19:50,135 INFO  server.RaftServerConfigKeys (ConfUtils.java:logGet(46)) - raft.server.log.queue.byte-limit = 64MB (=67108864) (default)
2024-09-10 06:19:50,135 INFO  server.RaftServerConfigKeys (ConfUtils.java:logGet(46)) - raft.server.log.queue.element-limit = 4096 (default)
2024-09-10 06:19:50,136 INFO  server.RaftServerConfigKeys (ConfUtils.java:logGet(46)) - raft.server.log.segment.size.max = 32MB (=33554432) (default)
2024-09-10 06:19:50,136 INFO  server.RaftServerConfigKeys (ConfUtils.java:logGet(46)) - raft.server.log.preallocated.size = 4MB (=4194304) (default)
2024-09-10 06:19:50,136 INFO  server.RaftServerConfigKeys (ConfUtils.java:logGet(46)) - raft.server.log.force.sync.num = 128 (default)
2024-09-10 06:19:50,136 INFO  server.RaftServerConfigKeys (ConfUtils.java:logGet(46)) - raft.server.log.statemachine.data.sync = true (default)
2024-09-10 06:19:50,136 INFO  server.RaftServerConfigKeys (ConfUtils.java:logGet(46)) - raft.server.log.statemachine.data.sync.timeout = 10s (default)
2024-09-10 06:19:50,136 INFO  server.RaftServerConfigKeys (ConfUtils.java:logGet(46)) - raft.server.log.statemachine.data.sync.timeout.retry = -1 (default)
2024-09-10 06:19:50,136 INFO  server.RaftServerConfigKeys (ConfUtils.java:logGet(46)) - raft.server.log.write.buffer.size = 8MB (=8388608) (default)
2024-09-10 06:19:50,138 INFO  server.RaftServerConfigKeys (ConfUtils.java:logGet(46)) - raft.server.log.appender.buffer.byte-limit = 4MB (=4194304) (default)
2024-09-10 06:19:50,138 INFO  server.RaftServerConfigKeys (ConfUtils.java:logGet(46)) - raft.server.log.unsafe-flush.enabled = false (default)
2024-09-10 06:19:50,138 INFO  server.RaftServerConfigKeys (ConfUtils.java:logGet(46)) - raft.server.log.async-flush.enabled = false (default)
2024-09-10 06:19:50,138 INFO  server.RaftServerConfigKeys (ConfUtils.java:logGet(46)) - raft.server.log.statemachine.data.caching.enabled = false (default)
2024-09-10 06:19:50,138 INFO  segmented.SegmentedRaftLogWorker (SegmentedRaftLogWorker.java:lambda$new$0(138)) - s11@group-0052E07B9BEC-SegmentedRaftLogWorker: flushIndex: setUnconditionally 0 -> -1
2024-09-10 06:19:50,138 INFO  segmented.SegmentedRaftLogWorker (SegmentedRaftLogWorker.java:lambda$new$0(138)) - s11@group-0052E07B9BEC-SegmentedRaftLogWorker: safeCacheEvictIndex: setUnconditionally 0 -> -1
2024-09-10 06:19:50,139 INFO  server.RaftServer$Division (RaftServerImpl.java:start(391)) - s11@group-0052E07B9BEC: start as a follower, conf=conf: {index: -1, cur=peers:[s11|0.0.0.0:15011, s13|0.0.0.0:15013, s12|0.0.0.0:15012]|listeners:[], old=null}
2024-09-10 06:19:50,139 INFO  server.RaftServer$Division (RaftServerImpl.java:setRole(378)) - s11@group-0052E07B9BEC: changes role from      null to FOLLOWER at term 0 for startAsFollower
2024-09-10 06:19:50,139 INFO  impl.RoleInfo (RoleInfo.java:updateAndGet(148)) - s11: start s11@group-0052E07B9BEC-FollowerState
2024-09-10 06:19:50,139 INFO  server.RaftServerConfigKeys (ConfUtils.java:logFallback(53)) - raft.server.rpc.first-election.timeout.min = 300ms (fallback to raft.server.rpc.timeout.min)
2024-09-10 06:19:50,139 INFO  util.JmxRegister (JmxRegister.java:tryRegister(44)) - Successfully registered JMX Bean with object name Ratis:service=RaftServer,group=group-0052E07B9BEC,id=s11
2024-09-10 06:19:50,139 INFO  util.JmxRegister (JmxRegister.java:register(58)) - register mxBean class org.apache.ratis.server.impl.RaftServerJmxAdapter as Ratis:service=RaftServer,group=group-0052E07B9BEC,id=s11
2024-09-10 06:19:50,139 INFO  server.RaftServerConfigKeys (ConfUtils.java:logGet(46)) - raft.server.snapshot.trigger-when-stop.enabled = true (default)
2024-09-10 06:19:50,139 INFO  server.RaftServerConfigKeys (ConfUtils.java:logGet(46)) - raft.server.snapshot.trigger-when-remove.enabled = true (default)
2024-09-10 06:19:50,139 INFO  server.RaftServerConfigKeys (ConfUtils.java:logGet(46)) - raft.server.snapshot.auto.trigger.enabled = false (default)
2024-09-10 06:19:50,140 INFO  server.RaftServerConfigKeys (ConfUtils.java:logGet(46)) - raft.server.snapshot.retention.file.num = -1 (default)
2024-09-10 06:19:50,140 INFO  server.RaftServerConfigKeys (ConfUtils.java:logGet(46)) - raft.server.log.purge.upto.snapshot.index = false (default)
2024-09-10 06:19:50,139 INFO  server.RaftServerConfigKeys (ConfUtils.java:logFallback(53)) - raft.server.rpc.first-election.timeout.max = 600ms (fallback to raft.server.rpc.timeout.max)
2024-09-10 06:19:50,165 INFO  server.RaftServer (RaftServerProxy.java:addNew(101)) - s12: addNew group-0052E07B9BEC:[s11|0.0.0.0:15011, s13|0.0.0.0:15013, s12|0.0.0.0:15012] returns group-0052E07B9BEC:java.util.concurrent.CompletableFuture@1805ecad[Not completed]
2024-09-10 06:19:50,165 INFO  server.RaftServer$Division (RaftServerImpl.java:<init>(255)) - s12: new RaftServerImpl for group-0052E07B9BEC:[s11|0.0.0.0:15011, s13|0.0.0.0:15013, s12|0.0.0.0:15012] with ArithmeticStateMachine:uninitialized
2024-09-10 06:19:50,166 INFO  server.RaftServerConfigKeys (ConfUtils.java:logGet(46)) - raft.server.rpc.timeout.min = 300ms (custom)
2024-09-10 06:19:50,166 INFO  server.RaftServerConfigKeys (ConfUtils.java:logGet(46)) - raft.server.rpc.timeout.max = 600ms (custom)
2024-09-10 06:19:50,166 INFO  server.RaftServerConfigKeys (ConfUtils.java:logGet(46)) - raft.server.rpc.sleep.time = 25ms (default)
2024-09-10 06:19:50,166 INFO  server.RaftServerConfigKeys (ConfUtils.java:logGet(46)) - raft.server.rpc.slowness.timeout = 60s (default)
2024-09-10 06:19:50,166 INFO  server.RaftServerConfigKeys (ConfUtils.java:logGet(46)) - raft.server.leaderelection.leader.step-down.wait-time = 10s (default)
2024-09-10 06:19:50,166 INFO  server.RaftServerConfigKeys (ConfUtils.java:logGet(46)) - raft.server.leaderelection.member.majority-add = false (default)
2024-09-10 06:19:50,166 INFO  server.RaftServerConfigKeys (ConfUtils.java:logGet(46)) - raft.server.sleep.deviation.threshold = 300ms (default)
2024-09-10 06:19:50,166 INFO  server.RaftServer$Division (ServerState.java:<init>(114)) - s12@group-0052E07B9BEC: ConfigurationManager, init=conf: {index: -1, cur=peers:[s11|0.0.0.0:15011, s13|0.0.0.0:15013, s12|0.0.0.0:15012]|listeners:[], old=null}, confs=<EMPTY_MAP>
2024-09-10 06:19:50,166 INFO  server.RaftServerConfigKeys (ConfUtils.java:logGet(46)) - raft.server.notification.no-leader.timeout = 60s (default)
2024-09-10 06:19:50,166 INFO  server.RaftServerConfigKeys (ConfUtils.java:logGet(46)) - raft.server.read.timeout = 10s (default)
2024-09-10 06:19:50,166 INFO  server.RaftServerConfigKeys (ConfUtils.java:logGet(46)) - raft.server.retrycache.expirytime = 60s (default)
2024-09-10 06:19:50,166 INFO  server.RaftServerConfigKeys (ConfUtils.java:logGet(46)) - raft.server.retrycache.statistics.expirytime = 100ms (default)
2024-09-10 06:19:50,166 INFO  server.RaftServerConfigKeys (ConfUtils.java:logGet(46)) - raft.server.read.option = DEFAULT (default)
2024-09-10 06:19:50,166 INFO  server.RaftServerConfigKeys (ConfUtils.java:logGet(46)) - raft.server.read.read-after-write-consistent.write-index-cache.expiry-time = 60s (default)
2024-09-10 06:19:50,167 INFO  server.RaftServerConfigKeys (ConfUtils.java:logGet(46)) - raft.server.rpc.request.timeout = 3000ms (default)
2024-09-10 06:19:50,167 INFO  server.RaftServerConfigKeys (ConfUtils.java:logGet(46)) - raft.server.log.appender.install.snapshot.enabled = true (default)
2024-09-10 06:19:50,167 INFO  server.RaftServerConfigKeys (ConfUtils.java:logGet(46)) - raft.server.threadpool.server.cached = true (default)
2024-09-10 06:19:50,167 INFO  server.RaftServerConfigKeys (ConfUtils.java:logGet(46)) - raft.server.threadpool.server.size = 0 (default)
2024-09-10 06:19:50,167 INFO  server.RaftServerConfigKeys (ConfUtils.java:logGet(46)) - raft.server.threadpool.client.cached = true (default)
2024-09-10 06:19:50,167 INFO  server.RaftServerConfigKeys (ConfUtils.java:logGet(46)) - raft.server.threadpool.client.size = 0 (default)
2024-09-10 06:19:50,167 INFO  server.RaftServerConfigKeys (ConfUtils.java:logGet(46)) - raft.server.storage.free-space.min = 0MB (=0) (default)
2024-09-10 06:19:50,167 INFO  server.RaftServerConfigKeys (ConfUtils.java:logGet(46)) - raft.server.log.corruption.policy = EXCEPTION (default)
2024-09-10 06:19:50,168 INFO  server.RaftServerConfigKeys (ConfUtils.java:logGet(46)) - raft.server.storage.dir = [/home/runner/work/ratis/ratis/ratis-examples/target/test/data/f624d035/MiniRaftClusterWithGrpc4aa2bfeb/s12] (custom)
2024-09-10 06:19:50,168 INFO  storage.RaftStorageDirectory (RaftStorageDirectoryImpl.java:analyzeStorage(138)) - The storage directory /home/runner/work/ratis/ratis/ratis-examples/target/test/data/f624d035/MiniRaftClusterWithGrpc4aa2bfeb/s12/f0720976-9fd9-4a03-868e-0052e07b9bec does not exist. Creating ...
2024-09-10 06:19:50,168 TRACE util.FileUtils (LogUtils.java:runAndLog(49)) - Successfully ran Files.createDirectories /home/runner/work/ratis/ratis/ratis-examples/target/test/data/f624d035/MiniRaftClusterWithGrpc4aa2bfeb/s12/f0720976-9fd9-4a03-868e-0052e07b9bec
2024-09-10 06:19:50,170 INFO  storage.RaftStorageDirectory (RaftStorageDirectoryImpl.java:tryLock(229)) - Lock on /home/runner/work/ratis/ratis/ratis-examples/target/test/data/f624d035/MiniRaftClusterWithGrpc4aa2bfeb/s12/f0720976-9fd9-4a03-868e-0052e07b9bec/in_use.lock acquired by nodename 13550@fv-az691-408
2024-09-10 06:19:50,170 TRACE util.FileUtils (LogUtils.java:runAndLog(49)) - Successfully ran Files.createDirectories /home/runner/work/ratis/ratis/ratis-examples/target/test/data/f624d035/MiniRaftClusterWithGrpc4aa2bfeb/s12/f0720976-9fd9-4a03-868e-0052e07b9bec/current
2024-09-10 06:19:50,170 TRACE util.FileUtils (LogUtils.java:runAndLog(49)) - Successfully ran Files.createDirectories /home/runner/work/ratis/ratis/ratis-examples/target/test/data/f624d035/MiniRaftClusterWithGrpc4aa2bfeb/s12/f0720976-9fd9-4a03-868e-0052e07b9bec/sm
2024-09-10 06:19:50,170 TRACE util.FileUtils (LogUtils.java:supplyAndLog(69)) - Successfully supplied FileChannel.open /home/runner/work/ratis/ratis/ratis-examples/target/test/data/f624d035/MiniRaftClusterWithGrpc4aa2bfeb/s12/f0720976-9fd9-4a03-868e-0052e07b9bec/current/raft-meta.tmp with options [CREATE, WRITE]: sun.nio.ch.FileChannelImpl@80d9bf1
2024-09-10 06:19:50,171 TRACE util.FileUtils (LogUtils.java:runAndLog(49)) - Successfully ran Atomic Files.move /home/runner/work/ratis/ratis/ratis-examples/target/test/data/f624d035/MiniRaftClusterWithGrpc4aa2bfeb/s12/f0720976-9fd9-4a03-868e-0052e07b9bec/current/raft-meta.tmp to /home/runner/work/ratis/ratis/ratis-examples/target/test/data/f624d035/MiniRaftClusterWithGrpc4aa2bfeb/s12/f0720976-9fd9-4a03-868e-0052e07b9bec/current/raft-meta with options [REPLACE_EXISTING]
2024-09-10 06:19:50,171 INFO  storage.RaftStorage (RaftStorageImpl.java:format(98)) - Storage directory /home/runner/work/ratis/ratis/ratis-examples/target/test/data/f624d035/MiniRaftClusterWithGrpc4aa2bfeb/s12/f0720976-9fd9-4a03-868e-0052e07b9bec has been successfully formatted.
2024-09-10 06:19:50,172 WARN  statemachine.StateMachine (ArithmeticStateMachine.java:loadSnapshot(115)) - The snapshot info is null.
2024-09-10 06:19:50,172 INFO  server.RaftServerConfigKeys (ConfUtils.java:logGet(46)) - raft.server.log.use.memory = false (default)
2024-09-10 06:19:50,172 INFO  server.RaftServerConfigKeys (ConfUtils.java:logGet(46)) - raft.server.log.purge.gap = 1024 (default)
2024-09-10 06:19:50,172 INFO  server.RaftServerConfigKeys (ConfUtils.java:logGet(46)) - raft.server.log.appender.buffer.byte-limit = 4MB (=4194304) (default)
2024-09-10 06:19:50,172 INFO  server.RaftServerConfigKeys (ConfUtils.java:logGet(46)) - raft.server.log.statemachine.data.read.timeout = 1000ms (default)
2024-09-10 06:19:50,172 INFO  server.RaftServerConfigKeys (ConfUtils.java:logGet(46)) - raft.server.log.purge.preservation.log.num = 0 (default)
2024-09-10 06:19:50,172 INFO  server.RaftServerConfigKeys (ConfUtils.java:logGet(46)) - raft.server.log.segment.size.max = 32MB (=33554432) (default)
2024-09-10 06:19:50,172 INFO  server.RaftServerConfigKeys (ConfUtils.java:logGet(46)) - raft.server.log.segment.cache.num.max = 6 (default)
2024-09-10 06:19:50,172 INFO  server.RaftServerConfigKeys (ConfUtils.java:logGet(46)) - raft.server.log.segment.cache.size.max = 200MB (=209715200) (default)
2024-09-10 06:19:50,172 INFO  server.RaftServerConfigKeys (ConfUtils.java:logGet(46)) - raft.server.log.appender.buffer.byte-limit = 4MB (=4194304) (default)
2024-09-10 06:19:50,172 INFO  util.AwaitToRun (AwaitToRun.java:start(81)) - Thread[s12@group-0052E07B9BEC-cacheEviction-AwaitToRun,5,main] started
2024-09-10 06:19:50,173 INFO  segmented.SegmentedRaftLogWorker (SegmentedRaftLogWorker.java:<init>(187)) - new s12@group-0052E07B9BEC-SegmentedRaftLogWorker for RaftStorageImpl:Storage Directory /home/runner/work/ratis/ratis/ratis-examples/target/test/data/f624d035/MiniRaftClusterWithGrpc4aa2bfeb/s12/f0720976-9fd9-4a03-868e-0052e07b9bec
2024-09-10 06:19:50,173 INFO  server.RaftServerConfigKeys (ConfUtils.java:logGet(46)) - raft.server.log.queue.byte-limit = 64MB (=67108864) (default)
2024-09-10 06:19:50,173 INFO  server.RaftServerConfigKeys (ConfUtils.java:logGet(46)) - raft.server.log.queue.element-limit = 4096 (default)
2024-09-10 06:19:50,173 INFO  server.RaftServerConfigKeys (ConfUtils.java:logGet(46)) - raft.server.log.segment.size.max = 32MB (=33554432) (default)
2024-09-10 06:19:50,173 INFO  server.RaftServerConfigKeys (ConfUtils.java:logGet(46)) - raft.server.log.preallocated.size = 4MB (=4194304) (default)
2024-09-10 06:19:50,173 INFO  server.RaftServerConfigKeys (ConfUtils.java:logGet(46)) - raft.server.log.force.sync.num = 128 (default)
2024-09-10 06:19:50,173 INFO  server.RaftServerConfigKeys (ConfUtils.java:logGet(46)) - raft.server.log.statemachine.data.sync = true (default)
2024-09-10 06:19:50,173 INFO  server.RaftServerConfigKeys (ConfUtils.java:logGet(46)) - raft.server.log.statemachine.data.sync.timeout = 10s (default)
2024-09-10 06:19:50,173 INFO  server.RaftServerConfigKeys (ConfUtils.java:logGet(46)) - raft.server.log.statemachine.data.sync.timeout.retry = -1 (default)
2024-09-10 06:19:50,173 INFO  server.RaftServerConfigKeys (ConfUtils.java:logGet(46)) - raft.server.log.write.buffer.size = 8MB (=8388608) (default)
2024-09-10 06:19:50,174 INFO  server.RaftServerConfigKeys (ConfUtils.java:logGet(46)) - raft.server.log.appender.buffer.byte-limit = 4MB (=4194304) (default)
2024-09-10 06:19:50,174 INFO  server.RaftServerConfigKeys (ConfUtils.java:logGet(46)) - raft.server.log.unsafe-flush.enabled = false (default)
2024-09-10 06:19:50,174 INFO  server.RaftServerConfigKeys (ConfUtils.java:logGet(46)) - raft.server.log.async-flush.enabled = false (default)
2024-09-10 06:19:50,174 INFO  server.RaftServerConfigKeys (ConfUtils.java:logGet(46)) - raft.server.log.statemachine.data.caching.enabled = false (default)
2024-09-10 06:19:50,174 INFO  segmented.SegmentedRaftLogWorker (SegmentedRaftLogWorker.java:lambda$new$0(138)) - s12@group-0052E07B9BEC-SegmentedRaftLogWorker: flushIndex: setUnconditionally 0 -> -1
2024-09-10 06:19:50,174 INFO  segmented.SegmentedRaftLogWorker (SegmentedRaftLogWorker.java:lambda$new$0(138)) - s12@group-0052E07B9BEC-SegmentedRaftLogWorker: safeCacheEvictIndex: setUnconditionally 0 -> -1
2024-09-10 06:19:50,174 INFO  server.RaftServer$Division (RaftServerImpl.java:start(391)) - s12@group-0052E07B9BEC: start as a follower, conf=conf: {index: -1, cur=peers:[s11|0.0.0.0:15011, s13|0.0.0.0:15013, s12|0.0.0.0:15012]|listeners:[], old=null}
2024-09-10 06:19:50,174 INFO  server.RaftServer$Division (RaftServerImpl.java:setRole(378)) - s12@group-0052E07B9BEC: changes role from      null to FOLLOWER at term 0 for startAsFollower
2024-09-10 06:19:50,175 INFO  impl.RoleInfo (RoleInfo.java:updateAndGet(148)) - s12: start s12@group-0052E07B9BEC-FollowerState
2024-09-10 06:19:50,175 INFO  util.JmxRegister (JmxRegister.java:tryRegister(44)) - Successfully registered JMX Bean with object name Ratis:service=RaftServer,group=group-0052E07B9BEC,id=s12
2024-09-10 06:19:50,175 INFO  util.JmxRegister (JmxRegister.java:register(58)) - register mxBean class org.apache.ratis.server.impl.RaftServerJmxAdapter as Ratis:service=RaftServer,group=group-0052E07B9BEC,id=s12
2024-09-10 06:19:50,175 INFO  server.RaftServerConfigKeys (ConfUtils.java:logFallback(53)) - raft.server.rpc.first-election.timeout.min = 300ms (fallback to raft.server.rpc.timeout.min)
2024-09-10 06:19:50,175 INFO  server.RaftServerConfigKeys (ConfUtils.java:logGet(46)) - raft.server.snapshot.trigger-when-stop.enabled = true (default)
2024-09-10 06:19:50,175 INFO  server.RaftServerConfigKeys (ConfUtils.java:logGet(46)) - raft.server.snapshot.trigger-when-remove.enabled = true (default)
2024-09-10 06:19:50,175 INFO  server.RaftServerConfigKeys (ConfUtils.java:logGet(46)) - raft.server.snapshot.auto.trigger.enabled = false (default)
2024-09-10 06:19:50,175 INFO  server.RaftServerConfigKeys (ConfUtils.java:logGet(46)) - raft.server.snapshot.retention.file.num = -1 (default)
2024-09-10 06:19:50,175 INFO  server.RaftServerConfigKeys (ConfUtils.java:logGet(46)) - raft.server.log.purge.upto.snapshot.index = false (default)
2024-09-10 06:19:50,175 INFO  server.RaftServerConfigKeys (ConfUtils.java:logFallback(53)) - raft.server.rpc.first-election.timeout.max = 600ms (fallback to raft.server.rpc.timeout.max)
2024-09-10 06:19:50,190 INFO  server.RaftServer (RaftServerProxy.java:addNew(101)) - s13: addNew group-0052E07B9BEC:[s11|0.0.0.0:15011, s13|0.0.0.0:15013, s12|0.0.0.0:15012] returns group-0052E07B9BEC:java.util.concurrent.CompletableFuture@e19a2eb[Not completed]
2024-09-10 06:19:50,190 INFO  server.RaftServer$Division (RaftServerImpl.java:<init>(255)) - s13: new RaftServerImpl for group-0052E07B9BEC:[s11|0.0.0.0:15011, s13|0.0.0.0:15013, s12|0.0.0.0:15012] with ArithmeticStateMachine:uninitialized
2024-09-10 06:19:50,190 INFO  server.RaftServerConfigKeys (ConfUtils.java:logGet(46)) - raft.server.rpc.timeout.min = 300ms (custom)
2024-09-10 06:19:50,190 INFO  server.RaftServerConfigKeys (ConfUtils.java:logGet(46)) - raft.server.rpc.timeout.max = 600ms (custom)
2024-09-10 06:19:50,190 INFO  server.RaftServerConfigKeys (ConfUtils.java:logGet(46)) - raft.server.rpc.sleep.time = 25ms (default)
2024-09-10 06:19:50,190 INFO  server.RaftServerConfigKeys (ConfUtils.java:logGet(46)) - raft.server.rpc.slowness.timeout = 60s (default)
2024-09-10 06:19:50,190 INFO  server.RaftServerConfigKeys (ConfUtils.java:logGet(46)) - raft.server.leaderelection.leader.step-down.wait-time = 10s (default)
2024-09-10 06:19:50,190 INFO  server.RaftServerConfigKeys (ConfUtils.java:logGet(46)) - raft.server.leaderelection.member.majority-add = false (default)
2024-09-10 06:19:50,190 INFO  server.RaftServerConfigKeys (ConfUtils.java:logGet(46)) - raft.server.sleep.deviation.threshold = 300ms (default)
2024-09-10 06:19:50,190 INFO  server.RaftServer$Division (ServerState.java:<init>(114)) - s13@group-0052E07B9BEC: ConfigurationManager, init=conf: {index: -1, cur=peers:[s11|0.0.0.0:15011, s13|0.0.0.0:15013, s12|0.0.0.0:15012]|listeners:[], old=null}, confs=<EMPTY_MAP>
2024-09-10 06:19:50,190 INFO  server.RaftServerConfigKeys (ConfUtils.java:logGet(46)) - raft.server.notification.no-leader.timeout = 60s (default)
2024-09-10 06:19:50,190 INFO  server.RaftServerConfigKeys (ConfUtils.java:logGet(46)) - raft.server.read.timeout = 10s (default)
2024-09-10 06:19:50,191 INFO  server.RaftServerConfigKeys (ConfUtils.java:logGet(46)) - raft.server.retrycache.expirytime = 60s (default)
2024-09-10 06:19:50,191 INFO  server.RaftServerConfigKeys (ConfUtils.java:logGet(46)) - raft.server.retrycache.statistics.expirytime = 100ms (default)
2024-09-10 06:19:50,191 INFO  server.RaftServerConfigKeys (ConfUtils.java:logGet(46)) - raft.server.read.option = DEFAULT (default)
2024-09-10 06:19:50,191 INFO  server.RaftServerConfigKeys (ConfUtils.java:logGet(46)) - raft.server.read.read-after-write-consistent.write-index-cache.expiry-time = 60s (default)
2024-09-10 06:19:50,191 INFO  server.RaftServerConfigKeys (ConfUtils.java:logGet(46)) - raft.server.rpc.request.timeout = 3000ms (default)
2024-09-10 06:19:50,192 INFO  server.RaftServerConfigKeys (ConfUtils.java:logGet(46)) - raft.server.log.appender.install.snapshot.enabled = true (default)
2024-09-10 06:19:50,192 INFO  server.RaftServerConfigKeys (ConfUtils.java:logGet(46)) - raft.server.threadpool.server.cached = true (default)
2024-09-10 06:19:50,192 INFO  server.RaftServerConfigKeys (ConfUtils.java:logGet(46)) - raft.server.threadpool.server.size = 0 (default)
2024-09-10 06:19:50,192 INFO  server.RaftServerConfigKeys (ConfUtils.java:logGet(46)) - raft.server.threadpool.client.cached = true (default)
2024-09-10 06:19:50,192 INFO  server.RaftServerConfigKeys (ConfUtils.java:logGet(46)) - raft.server.threadpool.client.size = 0 (default)
2024-09-10 06:19:50,192 INFO  server.RaftServerConfigKeys (ConfUtils.java:logGet(46)) - raft.server.storage.free-space.min = 0MB (=0) (default)
2024-09-10 06:19:50,192 INFO  server.RaftServerConfigKeys (ConfUtils.java:logGet(46)) - raft.server.log.corruption.policy = EXCEPTION (default)
2024-09-10 06:19:50,192 INFO  server.RaftServerConfigKeys (ConfUtils.java:logGet(46)) - raft.server.storage.dir = [/home/runner/work/ratis/ratis/ratis-examples/target/test/data/f624d035/MiniRaftClusterWithGrpc4aa2bfeb/s13] (custom)
2024-09-10 06:19:50,192 INFO  storage.RaftStorageDirectory (RaftStorageDirectoryImpl.java:analyzeStorage(138)) - The storage directory /home/runner/work/ratis/ratis/ratis-examples/target/test/data/f624d035/MiniRaftClusterWithGrpc4aa2bfeb/s13/f0720976-9fd9-4a03-868e-0052e07b9bec does not exist. Creating ...
2024-09-10 06:19:50,192 TRACE util.FileUtils (LogUtils.java:runAndLog(49)) - Successfully ran Files.createDirectories /home/runner/work/ratis/ratis/ratis-examples/target/test/data/f624d035/MiniRaftClusterWithGrpc4aa2bfeb/s13/f0720976-9fd9-4a03-868e-0052e07b9bec
2024-09-10 06:19:50,194 INFO  storage.RaftStorageDirectory (RaftStorageDirectoryImpl.java:tryLock(229)) - Lock on /home/runner/work/ratis/ratis/ratis-examples/target/test/data/f624d035/MiniRaftClusterWithGrpc4aa2bfeb/s13/f0720976-9fd9-4a03-868e-0052e07b9bec/in_use.lock acquired by nodename 13550@fv-az691-408
2024-09-10 06:19:50,194 TRACE util.FileUtils (LogUtils.java:runAndLog(49)) - Successfully ran Files.createDirectories /home/runner/work/ratis/ratis/ratis-examples/target/test/data/f624d035/MiniRaftClusterWithGrpc4aa2bfeb/s13/f0720976-9fd9-4a03-868e-0052e07b9bec/current
2024-09-10 06:19:50,194 TRACE util.FileUtils (LogUtils.java:runAndLog(49)) - Successfully ran Files.createDirectories /home/runner/work/ratis/ratis/ratis-examples/target/test/data/f624d035/MiniRaftClusterWithGrpc4aa2bfeb/s13/f0720976-9fd9-4a03-868e-0052e07b9bec/sm
2024-09-10 06:19:50,194 TRACE util.FileUtils (LogUtils.java:supplyAndLog(69)) - Successfully supplied FileChannel.open /home/runner/work/ratis/ratis/ratis-examples/target/test/data/f624d035/MiniRaftClusterWithGrpc4aa2bfeb/s13/f0720976-9fd9-4a03-868e-0052e07b9bec/current/raft-meta.tmp with options [CREATE, WRITE]: sun.nio.ch.FileChannelImpl@6e14f6fd
2024-09-10 06:19:50,195 TRACE util.FileUtils (LogUtils.java:runAndLog(49)) - Successfully ran Atomic Files.move /home/runner/work/ratis/ratis/ratis-examples/target/test/data/f624d035/MiniRaftClusterWithGrpc4aa2bfeb/s13/f0720976-9fd9-4a03-868e-0052e07b9bec/current/raft-meta.tmp to /home/runner/work/ratis/ratis/ratis-examples/target/test/data/f624d035/MiniRaftClusterWithGrpc4aa2bfeb/s13/f0720976-9fd9-4a03-868e-0052e07b9bec/current/raft-meta with options [REPLACE_EXISTING]
2024-09-10 06:19:50,195 INFO  storage.RaftStorage (RaftStorageImpl.java:format(98)) - Storage directory /home/runner/work/ratis/ratis/ratis-examples/target/test/data/f624d035/MiniRaftClusterWithGrpc4aa2bfeb/s13/f0720976-9fd9-4a03-868e-0052e07b9bec has been successfully formatted.
2024-09-10 06:19:50,195 WARN  statemachine.StateMachine (ArithmeticStateMachine.java:loadSnapshot(115)) - The snapshot info is null.
2024-09-10 06:19:50,196 INFO  server.RaftServerConfigKeys (ConfUtils.java:logGet(46)) - raft.server.log.use.memory = false (default)
2024-09-10 06:19:50,196 INFO  server.RaftServerConfigKeys (ConfUtils.java:logGet(46)) - raft.server.log.purge.gap = 1024 (default)
2024-09-10 06:19:50,196 INFO  server.RaftServerConfigKeys (ConfUtils.java:logGet(46)) - raft.server.log.appender.buffer.byte-limit = 4MB (=4194304) (default)
2024-09-10 06:19:50,196 INFO  server.RaftServerConfigKeys (ConfUtils.java:logGet(46)) - raft.server.log.statemachine.data.read.timeout = 1000ms (default)
2024-09-10 06:19:50,196 INFO  server.RaftServerConfigKeys (ConfUtils.java:logGet(46)) - raft.server.log.purge.preservation.log.num = 0 (default)
2024-09-10 06:19:50,196 INFO  server.RaftServerConfigKeys (ConfUtils.java:logGet(46)) - raft.server.log.segment.size.max = 32MB (=33554432) (default)
2024-09-10 06:19:50,196 INFO  server.RaftServerConfigKeys (ConfUtils.java:logGet(46)) - raft.server.log.segment.cache.num.max = 6 (default)
2024-09-10 06:19:50,196 INFO  server.RaftServerConfigKeys (ConfUtils.java:logGet(46)) - raft.server.log.segment.cache.size.max = 200MB (=209715200) (default)
2024-09-10 06:19:50,196 INFO  server.RaftServerConfigKeys (ConfUtils.java:logGet(46)) - raft.server.log.appender.buffer.byte-limit = 4MB (=4194304) (default)
2024-09-10 06:19:50,196 INFO  util.AwaitToRun (AwaitToRun.java:start(81)) - Thread[s13@group-0052E07B9BEC-cacheEviction-AwaitToRun,5,main] started
2024-09-10 06:19:50,196 INFO  segmented.SegmentedRaftLogWorker (SegmentedRaftLogWorker.java:<init>(187)) - new s13@group-0052E07B9BEC-SegmentedRaftLogWorker for RaftStorageImpl:Storage Directory /home/runner/work/ratis/ratis/ratis-examples/target/test/data/f624d035/MiniRaftClusterWithGrpc4aa2bfeb/s13/f0720976-9fd9-4a03-868e-0052e07b9bec
2024-09-10 06:19:50,197 INFO  server.RaftServerConfigKeys (ConfUtils.java:logGet(46)) - raft.server.log.queue.byte-limit = 64MB (=67108864) (default)
2024-09-10 06:19:50,197 INFO  server.RaftServerConfigKeys (ConfUtils.java:logGet(46)) - raft.server.log.queue.element-limit = 4096 (default)
2024-09-10 06:19:50,197 INFO  server.RaftServerConfigKeys (ConfUtils.java:logGet(46)) - raft.server.log.segment.size.max = 32MB (=33554432) (default)
2024-09-10 06:19:50,197 INFO  server.RaftServerConfigKeys (ConfUtils.java:logGet(46)) - raft.server.log.preallocated.size = 4MB (=4194304) (default)
2024-09-10 06:19:50,197 INFO  server.RaftServerConfigKeys (ConfUtils.java:logGet(46)) - raft.server.log.force.sync.num = 128 (default)
2024-09-10 06:19:50,197 INFO  server.RaftServerConfigKeys (ConfUtils.java:logGet(46)) - raft.server.log.statemachine.data.sync = true (default)
2024-09-10 06:19:50,197 INFO  server.RaftServerConfigKeys (ConfUtils.java:logGet(46)) - raft.server.log.statemachine.data.sync.timeout = 10s (default)
2024-09-10 06:19:50,197 INFO  server.RaftServerConfigKeys (ConfUtils.java:logGet(46)) - raft.server.log.statemachine.data.sync.timeout.retry = -1 (default)
2024-09-10 06:19:50,197 INFO  server.RaftServerConfigKeys (ConfUtils.java:logGet(46)) - raft.server.log.write.buffer.size = 8MB (=8388608) (default)
2024-09-10 06:19:50,197 INFO  server.RaftServerConfigKeys (ConfUtils.java:logGet(46)) - raft.server.log.appender.buffer.byte-limit = 4MB (=4194304) (default)
2024-09-10 06:19:50,197 INFO  server.RaftServerConfigKeys (ConfUtils.java:logGet(46)) - raft.server.log.unsafe-flush.enabled = false (default)
2024-09-10 06:19:50,198 INFO  server.RaftServerConfigKeys (ConfUtils.java:logGet(46)) - raft.server.log.async-flush.enabled = false (default)
2024-09-10 06:19:50,198 INFO  server.RaftServerConfigKeys (ConfUtils.java:logGet(46)) - raft.server.log.statemachine.data.caching.enabled = false (default)
2024-09-10 06:19:50,198 INFO  segmented.SegmentedRaftLogWorker (SegmentedRaftLogWorker.java:lambda$new$0(138)) - s13@group-0052E07B9BEC-SegmentedRaftLogWorker: flushIndex: setUnconditionally 0 -> -1
2024-09-10 06:19:50,198 INFO  segmented.SegmentedRaftLogWorker (SegmentedRaftLogWorker.java:lambda$new$0(138)) - s13@group-0052E07B9BEC-SegmentedRaftLogWorker: safeCacheEvictIndex: setUnconditionally 0 -> -1
2024-09-10 06:19:50,198 INFO  server.RaftServer$Division (RaftServerImpl.java:start(391)) - s13@group-0052E07B9BEC: start as a follower, conf=conf: {index: -1, cur=peers:[s11|0.0.0.0:15011, s13|0.0.0.0:15013, s12|0.0.0.0:15012]|listeners:[], old=null}
2024-09-10 06:19:50,198 INFO  server.RaftServer$Division (RaftServerImpl.java:setRole(378)) - s13@group-0052E07B9BEC: changes role from      null to FOLLOWER at term 0 for startAsFollower
2024-09-10 06:19:50,198 INFO  impl.RoleInfo (RoleInfo.java:updateAndGet(148)) - s13: start s13@group-0052E07B9BEC-FollowerState
2024-09-10 06:19:50,198 INFO  util.JmxRegister (JmxRegister.java:tryRegister(44)) - Successfully registered JMX Bean with object name Ratis:service=RaftServer,group=group-0052E07B9BEC,id=s13
2024-09-10 06:19:50,198 INFO  server.RaftServerConfigKeys (ConfUtils.java:logFallback(53)) - raft.server.rpc.first-election.timeout.min = 300ms (fallback to raft.server.rpc.timeout.min)
2024-09-10 06:19:50,198 INFO  server.RaftServerConfigKeys (ConfUtils.java:logFallback(53)) - raft.server.rpc.first-election.timeout.max = 600ms (fallback to raft.server.rpc.timeout.max)
2024-09-10 06:19:50,198 INFO  util.JmxRegister (JmxRegister.java:register(58)) - register mxBean class org.apache.ratis.server.impl.RaftServerJmxAdapter as Ratis:service=RaftServer,group=group-0052E07B9BEC,id=s13
2024-09-10 06:19:50,199 INFO  server.RaftServerConfigKeys (ConfUtils.java:logGet(46)) - raft.server.snapshot.trigger-when-stop.enabled = true (default)
2024-09-10 06:19:50,199 INFO  server.RaftServerConfigKeys (ConfUtils.java:logGet(46)) - raft.server.snapshot.trigger-when-remove.enabled = true (default)
2024-09-10 06:19:50,199 INFO  server.RaftServerConfigKeys (ConfUtils.java:logGet(46)) - raft.server.snapshot.auto.trigger.enabled = false (default)
2024-09-10 06:19:50,199 INFO  server.RaftServerConfigKeys (ConfUtils.java:logGet(46)) - raft.server.snapshot.retention.file.num = -1 (default)
2024-09-10 06:19:50,199 INFO  server.RaftServerConfigKeys (ConfUtils.java:logGet(46)) - raft.server.log.purge.upto.snapshot.index = false (default)
2024-09-10 06:19:50,203 INFO  server.RaftServerConfigKeys (ConfUtils.java:logGet(46)) - raft.server.rpc.timeout.max = 600ms (custom)
2024-09-10 06:19:50,204 INFO  ratis.RaftTestUtil (RaftTestUtil.java:waitForLeader(107)) - printing group-0052E07B9BEC
  s11:  RUNNING [
   FOLLOWER s11@group-0052E07B9BEC:t0, leader=null, voted=, raftlog=Memoized:s11@group-0052E07B9BEC-SegmentedRaftLog:OPENED:c-1:lastnull, conf=conf: {index: -1, cur=peers:[s11|0.0.0.0:15011, s13|0.0.0.0:15013, s12|0.0.0.0:15012]|listeners:[], old=null} RUNNING
   FOLLOWER s11@group-DF8C9DCF2580:t0, leader=null, voted=, raftlog=Memoized:s11@group-DF8C9DCF2580-SegmentedRaftLog:OPENED:c-1:lastnull, conf=conf: {index: -1, cur=peers:[]|listeners:[], old=null} STARTING] size=2
  s13:  RUNNING [
   FOLLOWER s13@group-0052E07B9BEC:t0, leader=null, voted=, raftlog=Memoized:s13@group-0052E07B9BEC-SegmentedRaftLog:OPENED:c-1:lastnull, conf=conf: {index: -1, cur=peers:[s11|0.0.0.0:15011, s13|0.0.0.0:15013, s12|0.0.0.0:15012]|listeners:[], old=null} RUNNING
   FOLLOWER s13@group-DF8C9DCF2580:t0, leader=null, voted=, raftlog=Memoized:s13@group-DF8C9DCF2580-SegmentedRaftLog:OPENED:c-1:lastnull, conf=conf: {index: -1, cur=peers:[]|listeners:[], old=null} STARTING] size=2
  s12:  RUNNING [
   FOLLOWER s12@group-0052E07B9BEC:t0, leader=null, voted=, raftlog=Memoized:s12@group-0052E07B9BEC-SegmentedRaftLog:OPENED:c-1:lastnull, conf=conf: {index: -1, cur=peers:[s11|0.0.0.0:15011, s13|0.0.0.0:15013, s12|0.0.0.0:15012]|listeners:[], old=null} RUNNING
   FOLLOWER s12@group-DF8C9DCF2580:t0, leader=null, voted=, raftlog=Memoized:s12@group-DF8C9DCF2580-SegmentedRaftLog:OPENED:c-1:lastnull, conf=conf: {index: -1, cur=peers:[]|listeners:[], old=null} STARTING] size=2
2024-09-10 06:19:50,204 WARN  ratis.RaftTestUtil (RaftTestUtil.java:lambda$waitForLeader$3(126)) - Attempt #1 failed: java.lang.IllegalStateException: No leader yet  for group-0052E07B9BEC: printing group-0052E07B9BEC
  s11:  RUNNING [
   FOLLOWER s11@group-0052E07B9BEC:t0, leader=null, voted=, raftlog=Memoized:s11@group-0052E07B9BEC-SegmentedRaftLog:OPENED:c-1:lastnull, conf=conf: {index: -1, cur=peers:[s11|0.0.0.0:15011, s13|0.0.0.0:15013, s12|0.0.0.0:15012]|listeners:[], old=null} RUNNING
   FOLLOWER s11@group-DF8C9DCF2580:t0, leader=null, voted=, raftlog=Memoized:s11@group-DF8C9DCF2580-SegmentedRaftLog:OPENED:c-1:lastnull, conf=conf: {index: -1, cur=peers:[]|listeners:[], old=null} STARTING] size=2
  s13:  RUNNING [
   FOLLOWER s13@group-0052E07B9BEC:t0, leader=null, voted=, raftlog=Memoized:s13@group-0052E07B9BEC-SegmentedRaftLog:OPENED:c-1:lastnull, conf=conf: {index: -1, cur=peers:[s11|0.0.0.0:15011, s13|0.0.0.0:15013, s12|0.0.0.0:15012]|listeners:[], old=null} RUNNING
   FOLLOWER s13@group-DF8C9DCF2580:t0, leader=null, voted=, raftlog=Memoized:s13@group-DF8C9DCF2580-SegmentedRaftLog:OPENED:c-1:lastnull, conf=conf: {index: -1, cur=peers:[]|listeners:[], old=null} STARTING] size=2
  s12:  RUNNING [
   FOLLOWER s12@group-0052E07B9BEC:t0, leader=null, voted=, raftlog=Memoized:s12@group-0052E07B9BEC-SegmentedRaftLog:OPENED:c-1:lastnull, conf=conf: {index: -1, cur=peers:[s11|0.0.0.0:15011, s13|0.0.0.0:15013, s12|0.0.0.0:15012]|listeners:[], old=null} RUNNING
   FOLLOWER s12@group-DF8C9DCF2580:t0, leader=null, voted=, raftlog=Memoized:s12@group-DF8C9DCF2580-SegmentedRaftLog:OPENED:c-1:lastnull, conf=conf: {index: -1, cur=peers:[]|listeners:[], old=null} STARTING] size=2
2024-09-10 06:19:50,446 INFO  impl.FollowerState (FollowerState.java:run(144)) - s11@group-0052E07B9BEC-FollowerState: change to CANDIDATE, lastRpcElapsedTime:307211793ns, electionTimeout:306ms
2024-09-10 06:19:50,446 INFO  impl.RoleInfo (RoleInfo.java:shutdownFollowerState(119)) - s11: shutdown s11@group-0052E07B9BEC-FollowerState
2024-09-10 06:19:50,446 INFO  server.RaftServer$Division (RaftServerImpl.java:setRole(378)) - s11@group-0052E07B9BEC: changes role from  FOLLOWER to CANDIDATE at term 0 for changeToCandidate
2024-09-10 06:19:50,447 INFO  server.RaftServerConfigKeys (ConfUtils.java:logGet(46)) - raft.server.leaderelection.pre-vote = true (default)
2024-09-10 06:19:50,447 INFO  impl.RoleInfo (RoleInfo.java:updateAndGet(148)) - s11: start s11@group-0052E07B9BEC-LeaderElection14
2024-09-10 06:19:50,447 INFO  impl.LeaderElection (LeaderElection.java:askForVotes(325)) - s11@group-0052E07B9BEC-LeaderElection14 PRE_VOTE round 0: submit vote requests at term 0 for conf: {index: -1, cur=peers:[s11|0.0.0.0:15011, s13|0.0.0.0:15013, s12|0.0.0.0:15012]|listeners:[], old=null}
2024-09-10 06:19:50,448 INFO  server.GrpcServerProtocolClient (GrpcServerProtocolClient.java:<init>(65)) - Build channel for s13|0.0.0.0:15013
2024-09-10 06:19:50,448 INFO  server.GrpcServerProtocolClient (GrpcServerProtocolClient.java:<init>(65)) - Build channel for s12|0.0.0.0:15012
2024-09-10 06:19:50,448 INFO  server.RaftServerConfigKeys (ConfUtils.java:logFallback(53)) - raft.server.rpc.first-election.timeout.min = 300ms (fallback to raft.server.rpc.timeout.min)
2024-09-10 06:19:50,448 INFO  server.RaftServerConfigKeys (ConfUtils.java:logFallback(53)) - raft.server.rpc.first-election.timeout.max = 600ms (fallback to raft.server.rpc.timeout.max)
2024-09-10 06:19:50,456 INFO  server.RaftServer$Division (RaftServerImpl.java:requestVote(1437)) - s12@group-0052E07B9BEC: receive requestVote(PRE_VOTE, s11, group-0052E07B9BEC, 0, (t:0, i:0))
2024-09-10 06:19:50,457 INFO  impl.VoteContext (VoteContext.java:log(49)) - s12@group-0052E07B9BEC-FOLLOWER: accept PRE_VOTE from s11: our priority 0 <= candidate's priority 0
2024-09-10 06:19:50,457 INFO  server.RaftServer$Division (RaftServerImpl.java:requestVote(1470)) - s12@group-0052E07B9BEC replies to PRE_VOTE vote request: s11<-s12#0:OK-t0. Peer's state: s12@group-0052E07B9BEC:t0, leader=null, voted=, raftlog=Memoized:s12@group-0052E07B9BEC-SegmentedRaftLog:OPENED:c-1:lastnull, conf=conf: {index: -1, cur=peers:[s11|0.0.0.0:15011, s13|0.0.0.0:15013, s12|0.0.0.0:15012]|listeners:[], old=null}
2024-09-10 06:19:50,457 INFO  server.RaftServer$Division (RaftServerImpl.java:requestVote(1437)) - s13@group-0052E07B9BEC: receive requestVote(PRE_VOTE, s11, group-0052E07B9BEC, 0, (t:0, i:0))
2024-09-10 06:19:50,457 INFO  impl.VoteContext (VoteContext.java:log(49)) - s13@group-0052E07B9BEC-FOLLOWER: accept PRE_VOTE from s11: our priority 0 <= candidate's priority 0
2024-09-10 06:19:50,457 INFO  server.RaftServer$Division (RaftServerImpl.java:requestVote(1470)) - s13@group-0052E07B9BEC replies to PRE_VOTE vote request: s11<-s13#0:OK-t0. Peer's state: s13@group-0052E07B9BEC:t0, leader=null, voted=, raftlog=Memoized:s13@group-0052E07B9BEC-SegmentedRaftLog:OPENED:c-1:lastnull, conf=conf: {index: -1, cur=peers:[s11|0.0.0.0:15011, s13|0.0.0.0:15013, s12|0.0.0.0:15012]|listeners:[], old=null}
2024-09-10 06:19:50,459 INFO  impl.LeaderElection (LeaderElection.java:logAndReturn(89)) - s11@group-0052E07B9BEC-LeaderElection14: PRE_VOTE PASSED received 1 response(s) and 0 exception(s):
2024-09-10 06:19:50,459 INFO  impl.LeaderElection (LeaderElection.java:logAndReturn(93)) -   Response 0: s11<-s12#0:OK-t0
2024-09-10 06:19:50,459 INFO  impl.LeaderElection (LeaderElection.java:askForVotes(327)) - s11@group-0052E07B9BEC-LeaderElection14 PRE_VOTE round 0: result PASSED
2024-09-10 06:19:50,459 TRACE util.FileUtils (LogUtils.java:supplyAndLog(69)) - Successfully supplied FileChannel.open /home/runner/work/ratis/ratis/ratis-examples/target/test/data/f624d035/MiniRaftClusterWithGrpc4aa2bfeb/s11/f0720976-9fd9-4a03-868e-0052e07b9bec/current/raft-meta.tmp with options [CREATE, WRITE]: sun.nio.ch.FileChannelImpl@97993d3
2024-09-10 06:19:50,461 TRACE util.FileUtils (LogUtils.java:runAndLog(49)) - Successfully ran Atomic Files.move /home/runner/work/ratis/ratis/ratis-examples/target/test/data/f624d035/MiniRaftClusterWithGrpc4aa2bfeb/s11/f0720976-9fd9-4a03-868e-0052e07b9bec/current/raft-meta.tmp to /home/runner/work/ratis/ratis/ratis-examples/target/test/data/f624d035/MiniRaftClusterWithGrpc4aa2bfeb/s11/f0720976-9fd9-4a03-868e-0052e07b9bec/current/raft-meta with options [REPLACE_EXISTING]
2024-09-10 06:19:50,461 INFO  impl.LeaderElection (LeaderElection.java:askForVotes(325)) - s11@group-0052E07B9BEC-LeaderElection14 ELECTION round 0: submit vote requests at term 1 for conf: {index: -1, cur=peers:[s11|0.0.0.0:15011, s13|0.0.0.0:15013, s12|0.0.0.0:15012]|listeners:[], old=null}
2024-09-10 06:19:50,463 INFO  server.RaftServerConfigKeys (ConfUtils.java:logFallback(53)) - raft.server.rpc.first-election.timeout.min = 300ms (fallback to raft.server.rpc.timeout.min)
2024-09-10 06:19:50,463 INFO  server.RaftServerConfigKeys (ConfUtils.java:logFallback(53)) - raft.server.rpc.first-election.timeout.max = 600ms (fallback to raft.server.rpc.timeout.max)
2024-09-10 06:19:50,464 INFO  server.RaftServer$Division (RaftServerImpl.java:requestVote(1437)) - s12@group-0052E07B9BEC: receive requestVote(ELECTION, s11, group-0052E07B9BEC, 1, (t:0, i:0))
2024-09-10 06:19:50,464 INFO  impl.VoteContext (VoteContext.java:log(49)) - s12@group-0052E07B9BEC-FOLLOWER: accept ELECTION from s11: our priority 0 <= candidate's priority 0
2024-09-10 06:19:50,464 INFO  server.RaftServer$Division (RaftServerImpl.java:setRole(378)) - s12@group-0052E07B9BEC: changes role from  FOLLOWER to FOLLOWER at term 1 for candidate:s11
2024-09-10 06:19:50,464 INFO  impl.RoleInfo (RoleInfo.java:shutdownFollowerState(119)) - s12: shutdown s12@group-0052E07B9BEC-FollowerState
2024-09-10 06:19:50,464 INFO  impl.FollowerState (FollowerState.java:run(153)) - s12@group-0052E07B9BEC-FollowerState was interrupted
2024-09-10 06:19:50,465 INFO  impl.RoleInfo (RoleInfo.java:updateAndGet(148)) - s12: start s12@group-0052E07B9BEC-FollowerState
2024-09-10 06:19:50,467 INFO  server.RaftServer$Division (RaftServerImpl.java:setFirstElection(559)) - s12@group-0052E07B9BEC: set firstElectionSinceStartup to false for candidate:s11
2024-09-10 06:19:50,467 TRACE util.FileUtils (LogUtils.java:supplyAndLog(69)) - Successfully supplied FileChannel.open /home/runner/work/ratis/ratis/ratis-examples/target/test/data/f624d035/MiniRaftClusterWithGrpc4aa2bfeb/s12/f0720976-9fd9-4a03-868e-0052e07b9bec/current/raft-meta.tmp with options [CREATE, WRITE]: sun.nio.ch.FileChannelImpl@3c826862
2024-09-10 06:19:50,471 INFO  server.RaftServer$Division (RaftServerImpl.java:requestVote(1437)) - s13@group-0052E07B9BEC: receive requestVote(ELECTION, s11, group-0052E07B9BEC, 1, (t:0, i:0))
2024-09-10 06:19:50,471 INFO  impl.VoteContext (VoteContext.java:log(49)) - s13@group-0052E07B9BEC-FOLLOWER: accept ELECTION from s11: our priority 0 <= candidate's priority 0
2024-09-10 06:19:50,471 INFO  server.RaftServer$Division (RaftServerImpl.java:setRole(378)) - s13@group-0052E07B9BEC: changes role from  FOLLOWER to FOLLOWER at term 1 for candidate:s11
2024-09-10 06:19:50,471 INFO  impl.RoleInfo (RoleInfo.java:shutdownFollowerState(119)) - s13: shutdown s13@group-0052E07B9BEC-FollowerState
2024-09-10 06:19:50,471 INFO  impl.FollowerState (FollowerState.java:run(153)) - s13@group-0052E07B9BEC-FollowerState was interrupted
2024-09-10 06:19:50,472 TRACE util.FileUtils (LogUtils.java:runAndLog(49)) - Successfully ran Atomic Files.move /home/runner/work/ratis/ratis/ratis-examples/target/test/data/f624d035/MiniRaftClusterWithGrpc4aa2bfeb/s12/f0720976-9fd9-4a03-868e-0052e07b9bec/current/raft-meta.tmp to /home/runner/work/ratis/ratis/ratis-examples/target/test/data/f624d035/MiniRaftClusterWithGrpc4aa2bfeb/s12/f0720976-9fd9-4a03-868e-0052e07b9bec/current/raft-meta with options [REPLACE_EXISTING]
2024-09-10 06:19:50,472 INFO  server.RaftServer$Division (RaftServerImpl.java:requestVote(1470)) - s12@group-0052E07B9BEC replies to ELECTION vote request: s11<-s12#0:OK-t1. Peer's state: s12@group-0052E07B9BEC:t1, leader=null, voted=s11, raftlog=Memoized:s12@group-0052E07B9BEC-SegmentedRaftLog:OPENED:c-1:lastnull, conf=conf: {index: -1, cur=peers:[s11|0.0.0.0:15011, s13|0.0.0.0:15013, s12|0.0.0.0:15012]|listeners:[], old=null}
2024-09-10 06:19:50,472 INFO  impl.RoleInfo (RoleInfo.java:updateAndGet(148)) - s13: start s13@group-0052E07B9BEC-FollowerState
2024-09-10 06:19:50,473 INFO  impl.LeaderElection (LeaderElection.java:logAndReturn(89)) - s11@group-0052E07B9BEC-LeaderElection14: ELECTION PASSED received 1 response(s) and 0 exception(s):
2024-09-10 06:19:50,473 INFO  impl.LeaderElection (LeaderElection.java:logAndReturn(93)) -   Response 0: s11<-s12#0:OK-t1
2024-09-10 06:19:50,474 INFO  server.RaftServer$Division (RaftServerImpl.java:setFirstElection(559)) - s13@group-0052E07B9BEC: set firstElectionSinceStartup to false for candidate:s11
2024-09-10 06:19:50,474 TRACE util.FileUtils (LogUtils.java:supplyAndLog(69)) - Successfully supplied FileChannel.open /home/runner/work/ratis/ratis/ratis-examples/target/test/data/f624d035/MiniRaftClusterWithGrpc4aa2bfeb/s13/f0720976-9fd9-4a03-868e-0052e07b9bec/current/raft-meta.tmp with options [CREATE, WRITE]: sun.nio.ch.FileChannelImpl@47281c3
2024-09-10 06:19:50,474 INFO  impl.LeaderElection (LeaderElection.java:askForVotes(327)) - s11@group-0052E07B9BEC-LeaderElection14 ELECTION round 0: result PASSED
2024-09-10 06:19:50,474 INFO  impl.RoleInfo (RoleInfo.java:shutdownLeaderElection(139)) - s11: shutdown s11@group-0052E07B9BEC-LeaderElection14
2024-09-10 06:19:50,474 INFO  server.RaftServer$Division (RaftServerImpl.java:setRole(378)) - s11@group-0052E07B9BEC: changes role from CANDIDATE to LEADER at term 1 for changeToLeader
2024-09-10 06:19:50,474 INFO  server.RaftServerConfigKeys (ConfUtils.java:logGet(46)) - raft.server.staging.catchup.gap = 1000 (default)
2024-09-10 06:19:50,474 INFO  server.RaftServerConfigKeys (ConfUtils.java:logGet(46)) - raft.server.write.element-limit = 4096 (default)
2024-09-10 06:19:50,474 INFO  server.RaftServerConfigKeys (ConfUtils.java:logGet(46)) - raft.server.write.byte-limit = 64MB (=67108864) (default)
2024-09-10 06:19:50,474 INFO  server.RaftServerConfigKeys (ConfUtils.java:logGet(46)) - raft.server.watch.timeout = 10s (default)
2024-09-10 06:19:50,475 INFO  server.RaftServerConfigKeys (ConfUtils.java:logGet(46)) - raft.server.watch.timeout.denomination = 1s (default)
2024-09-10 06:19:50,475 INFO  server.RaftServerConfigKeys (ConfUtils.java:logGet(46)) - raft.server.watch.element-limit = 65536 (default)
2024-09-10 06:19:50,475 INFO  server.RaftServerConfigKeys (ConfUtils.java:logGet(46)) - raft.server.read.leader.lease.enabled = false (default)
2024-09-10 06:19:50,475 INFO  server.RaftServerConfigKeys (ConfUtils.java:logGet(46)) - raft.server.read.leader.lease.timeout.ratio = 0.9 (default)
2024-09-10 06:19:50,475 INFO  server.RaftServerConfigKeys (ConfUtils.java:logGet(46)) - raft.server.rpc.timeout.min = 300ms (custom)
2024-09-10 06:19:50,475 TRACE util.FileUtils (LogUtils.java:runAndLog(49)) - Successfully ran Atomic Files.move /home/runner/work/ratis/ratis/ratis-examples/target/test/data/f624d035/MiniRaftClusterWithGrpc4aa2bfeb/s13/f0720976-9fd9-4a03-868e-0052e07b9bec/current/raft-meta.tmp to /home/runner/work/ratis/ratis/ratis-examples/target/test/data/f624d035/MiniRaftClusterWithGrpc4aa2bfeb/s13/f0720976-9fd9-4a03-868e-0052e07b9bec/current/raft-meta with options [REPLACE_EXISTING]
2024-09-10 06:19:50,475 INFO  server.RaftServer$Division (RaftServerImpl.java:requestVote(1470)) - s13@group-0052E07B9BEC replies to ELECTION vote request: s11<-s13#0:OK-t1. Peer's state: s13@group-0052E07B9BEC:t1, leader=null, voted=s11, raftlog=Memoized:s13@group-0052E07B9BEC-SegmentedRaftLog:OPENED:c-1:lastnull, conf=conf: {index: -1, cur=peers:[s11|0.0.0.0:15011, s13|0.0.0.0:15013, s12|0.0.0.0:15012]|listeners:[], old=null}
2024-09-10 06:19:50,475 INFO  server.RaftServerConfigKeys (ConfUtils.java:logGet(46)) - raft.server.log.log-metadata.enabled = true (default)
2024-09-10 06:19:50,480 INFO  server.RaftServerConfigKeys (ConfUtils.java:logGet(46)) - raft.server.write.element-limit = 4096 (default)
2024-09-10 06:19:50,481 INFO  server.RaftServerConfigKeys (ConfUtils.java:logGet(46)) - raft.server.write.follower.gap.ratio.max = -1.0 (default)
2024-09-10 06:19:50,481 INFO  server.RaftServerConfigKeys (ConfUtils.java:logGet(46)) - raft.server.log.appender.snapshot.chunk.size.max = 16MB (=16777216) (default)
2024-09-10 06:19:50,481 INFO  server.RaftServerConfigKeys (ConfUtils.java:logGet(46)) - raft.server.log.appender.buffer.byte-limit = 4MB (=4194304) (default)
2024-09-10 06:19:50,481 INFO  server.RaftServerConfigKeys (ConfUtils.java:logGet(46)) - raft.server.log.appender.buffer.element-limit = 0 (default)
2024-09-10 06:19:50,481 INFO  server.RaftServerConfigKeys (ConfUtils.java:logGet(46)) - raft.server.log.appender.wait-time.min = 1ms (default)
2024-09-10 06:19:50,481 INFO  grpc.GrpcConfigKeys (ConfUtils.java:logGet(46)) - raft.grpc.server.leader.outstanding.appends.max = 8 (default)
2024-09-10 06:19:50,481 INFO  server.RaftServerConfigKeys (ConfUtils.java:logGet(46)) - raft.server.rpc.request.timeout = 3000ms (default)
2024-09-10 06:19:50,481 INFO  grpc.GrpcConfigKeys (ConfUtils.java:logGet(46)) - raft.grpc.server.install_snapshot.request.element-limit = 8 (default)
2024-09-10 06:19:50,481 INFO  grpc.GrpcConfigKeys (ConfUtils.java:logGet(46)) - raft.grpc.server.install_snapshot.request.timeout = 3000ms (default)
2024-09-10 06:19:50,481 INFO  grpc.GrpcConfigKeys (ConfUtils.java:logGet(46)) - raft.grpc.server.log-message.batch.duration = 5s (default)
2024-09-10 06:19:50,481 INFO  server.RaftServerConfigKeys (ConfUtils.java:logGet(46)) - raft.server.log.appender.install.snapshot.enabled = true (default)
2024-09-10 06:19:50,481 INFO  grpc.GrpcConfigKeys (ConfUtils.java:logGet(46)) - raft.grpc.server.heartbeat.channel = true (default)
2024-09-10 06:19:50,481 INFO  server.RaftServerConfigKeys (ConfUtils.java:logGet(46)) - raft.server.log.appender.snapshot.chunk.size.max = 16MB (=16777216) (default)
2024-09-10 06:19:50,481 INFO  server.RaftServerConfigKeys (ConfUtils.java:logGet(46)) - raft.server.log.appender.buffer.byte-limit = 4MB (=4194304) (default)
2024-09-10 06:19:50,481 INFO  server.RaftServerConfigKeys (ConfUtils.java:logGet(46)) - raft.server.log.appender.buffer.element-limit = 0 (default)
2024-09-10 06:19:50,481 INFO  server.RaftServerConfigKeys (ConfUtils.java:logGet(46)) - raft.server.log.appender.wait-time.min = 1ms (default)
2024-09-10 06:19:50,481 INFO  grpc.GrpcConfigKeys (ConfUtils.java:logGet(46)) - raft.grpc.server.leader.outstanding.appends.max = 8 (default)
2024-09-10 06:19:50,481 INFO  server.RaftServerConfigKeys (ConfUtils.java:logGet(46)) - raft.server.rpc.request.timeout = 3000ms (default)
2024-09-10 06:19:50,482 INFO  grpc.GrpcConfigKeys (ConfUtils.java:logGet(46)) - raft.grpc.server.install_snapshot.request.element-limit = 8 (default)
2024-09-10 06:19:50,482 INFO  grpc.GrpcConfigKeys (ConfUtils.java:logGet(46)) - raft.grpc.server.install_snapshot.request.timeout = 3000ms (default)
2024-09-10 06:19:50,482 INFO  grpc.GrpcConfigKeys (ConfUtils.java:logGet(46)) - raft.grpc.server.log-message.batch.duration = 5s (default)
2024-09-10 06:19:50,482 INFO  server.RaftServerConfigKeys (ConfUtils.java:logGet(46)) - raft.server.log.appender.install.snapshot.enabled = true (default)
2024-09-10 06:19:50,482 INFO  grpc.GrpcConfigKeys (ConfUtils.java:logGet(46)) - raft.grpc.server.heartbeat.channel = true (default)
2024-09-10 06:19:50,482 INFO  impl.RoleInfo (RoleInfo.java:updateAndGet(148)) - s11: start s11@group-0052E07B9BEC-LeaderStateImpl
2024-09-10 06:19:50,482 INFO  server.RaftServer$Division (RaftServerImpl.java:setFirstElection(559)) - s11@group-0052E07B9BEC: set firstElectionSinceStartup to false for becomeLeader
2024-09-10 06:19:50,482 INFO  server.RaftServer$Division (ServerState.java:setLeader(272)) - s11@group-0052E07B9BEC: change Leader from null to s11 at term 1 for becomeLeader, leader elected after 353ms
2024-09-10 06:19:50,482 INFO  segmented.SegmentedRaftLogWorker (SegmentedRaftLogWorker.java:startLogSegment(438)) - s11@group-0052E07B9BEC-SegmentedRaftLogWorker: Starting segment from index:0
2024-09-10 06:19:50,483 INFO  server.RaftServer$Division (ServerState.java:setRaftConf(386)) - s11@group-0052E07B9BEC: set configuration conf: {index: 0, cur=peers:[s11|0.0.0.0:15011, s13|0.0.0.0:15013, s12|0.0.0.0:15012]|listeners:[], old=null}
2024-09-10 06:19:50,483 INFO  segmented.BufferedWriteChannel (BufferedWriteChannel.java:open(61)) - open log_inprogress_0 at position 0
2024-09-10 06:19:50,496 INFO  segmented.SegmentedRaftLogWorker (SegmentedRaftLogWorker.java:execute(660)) - s11@group-0052E07B9BEC-SegmentedRaftLogWorker: created new log segment /home/runner/work/ratis/ratis/ratis-examples/target/test/data/f624d035/MiniRaftClusterWithGrpc4aa2bfeb/s11/f0720976-9fd9-4a03-868e-0052e07b9bec/current/log_inprogress_0
2024-09-10 06:19:50,501 INFO  server.RaftServer$Division (ServerState.java:setLeader(272)) - s13@group-0052E07B9BEC: change Leader from null to s11 at term 1 for appendEntries, leader elected after 310ms
2024-09-10 06:19:50,504 DEBUG server.RaftServer$Division (RaftServerImpl.java:logAppendEntries(1539)) - s13@group-0052E07B9BEC: appendEntries* s11->s13#1-t1,previous=(t:0, i:0),leaderCommit=-1,initializing? false,entries: size=1, first=(t:1, i:0), CONFIGURATIONENTRY(current:id:"s11"address:"0.0.0.0:15011"clientAddress:"0.0.0.0:15011"adminAddress:"0.0.0.0:15011"startupRole:FOLLOWER, id:"s13"address:"0.0.0.0:15013"clientAddress:"0.0.0.0:15013"adminAddress:"0.0.0.0:15013"startupRole:FOLLOWER, id:"s12"address:"0.0.0.0:15012"clientAddress:"0.0.0.0:15012"adminAddress:"0.0.0.0:15012"startupRole:FOLLOWER, old:)
2024-09-10 06:19:50,504 INFO  server.RaftServer$Division (ServerState.java:setRaftConf(386)) - s13@group-0052E07B9BEC: set configuration conf: {index: 0, cur=peers:[s11|0.0.0.0:15011, s13|0.0.0.0:15013, s12|0.0.0.0:15012]|listeners:[], old=null}
2024-09-10 06:19:50,505 INFO  segmented.SegmentedRaftLogWorker (SegmentedRaftLogWorker.java:startLogSegment(438)) - s13@group-0052E07B9BEC-SegmentedRaftLogWorker: Starting segment from index:0
2024-09-10 06:19:50,505 INFO  segmented.BufferedWriteChannel (BufferedWriteChannel.java:open(61)) - open log_inprogress_0 at position 0
2024-09-10 06:19:50,512 INFO  server.RaftServer$Division (ServerState.java:setLeader(272)) - s12@group-0052E07B9BEC: change Leader from null to s11 at term 1 for appendEntries, leader elected after 345ms
2024-09-10 06:19:50,514 DEBUG server.RaftServer$Division (RaftServerImpl.java:logAppendEntries(1539)) - s12@group-0052E07B9BEC: appendEntries* s11->s12#1-t1,previous=(t:0, i:0),leaderCommit=-1,initializing? false,entries: size=1, first=(t:1, i:0), CONFIGURATIONENTRY(current:id:"s11"address:"0.0.0.0:15011"clientAddress:"0.0.0.0:15011"adminAddress:"0.0.0.0:15011"startupRole:FOLLOWER, id:"s13"address:"0.0.0.0:15013"clientAddress:"0.0.0.0:15013"adminAddress:"0.0.0.0:15013"startupRole:FOLLOWER, id:"s12"address:"0.0.0.0:15012"clientAddress:"0.0.0.0:15012"adminAddress:"0.0.0.0:15012"startupRole:FOLLOWER, old:)
2024-09-10 06:19:50,514 INFO  server.RaftServer$Division (ServerState.java:setRaftConf(386)) - s12@group-0052E07B9BEC: set configuration conf: {index: 0, cur=peers:[s11|0.0.0.0:15011, s13|0.0.0.0:15013, s12|0.0.0.0:15012]|listeners:[], old=null}
2024-09-10 06:19:50,514 INFO  segmented.SegmentedRaftLogWorker (SegmentedRaftLogWorker.java:startLogSegment(438)) - s12@group-0052E07B9BEC-SegmentedRaftLogWorker: Starting segment from index:0
2024-09-10 06:19:50,514 INFO  segmented.SegmentedRaftLogWorker (SegmentedRaftLogWorker.java:execute(660)) - s13@group-0052E07B9BEC-SegmentedRaftLogWorker: created new log segment /home/runner/work/ratis/ratis/ratis-examples/target/test/data/f624d035/MiniRaftClusterWithGrpc4aa2bfeb/s13/f0720976-9fd9-4a03-868e-0052e07b9bec/current/log_inprogress_0
2024-09-10 06:19:50,515 INFO  segmented.BufferedWriteChannel (BufferedWriteChannel.java:open(61)) - open log_inprogress_0 at position 0
2024-09-10 06:19:50,515 DEBUG server.RaftServer$Division (RaftServerImpl.java:logAppendEntries(1539)) - s13@group-0052E07B9BEC: appendEntries* reply s11<-s13#1:OK-t1,SUCCESS,nextIndex=1,followerCommit=-1,matchIndex=0
2024-09-10 06:19:50,520 TRACE util.FileUtils (LogUtils.java:supplyAndLog(69)) - Successfully supplied FileChannel.open /home/runner/work/ratis/ratis/ratis-examples/target/test/data/f624d035/MiniRaftClusterWithGrpc4aa2bfeb/s11/f0720976-9fd9-4a03-868e-0052e07b9bec/current/raft-meta.conf.tmp with options [CREATE, WRITE]: sun.nio.ch.FileChannelImpl@6e8eaabc
2024-09-10 06:19:50,524 INFO  segmented.SegmentedRaftLogWorker (SegmentedRaftLogWorker.java:execute(660)) - s12@group-0052E07B9BEC-SegmentedRaftLogWorker: created new log segment /home/runner/work/ratis/ratis/ratis-examples/target/test/data/f624d035/MiniRaftClusterWithGrpc4aa2bfeb/s12/f0720976-9fd9-4a03-868e-0052e07b9bec/current/log_inprogress_0
2024-09-10 06:19:50,524 TRACE util.FileUtils (LogUtils.java:runAndLog(49)) - Successfully ran Atomic Files.move /home/runner/work/ratis/ratis/ratis-examples/target/test/data/f624d035/MiniRaftClusterWithGrpc4aa2bfeb/s11/f0720976-9fd9-4a03-868e-0052e07b9bec/current/raft-meta.conf.tmp to /home/runner/work/ratis/ratis/ratis-examples/target/test/data/f624d035/MiniRaftClusterWithGrpc4aa2bfeb/s11/f0720976-9fd9-4a03-868e-0052e07b9bec/current/raft-meta.conf with options [REPLACE_EXISTING]
2024-09-10 06:19:50,524 DEBUG server.RaftServer$Division (RaftServerImpl.java:logAppendEntries(1539)) - s12@group-0052E07B9BEC: appendEntries* reply s11<-s12#1:OK-t1,SUCCESS,nextIndex=1,followerCommit=-1,matchIndex=0
2024-09-10 06:19:50,524 INFO  server.RaftServer$Division (LeaderStateImpl.java:checkStartIndex(317)) - Leader s11@group-0052E07B9BEC-LeaderStateImpl is ready since appliedIndex == startIndex == 0
2024-09-10 06:19:50,673 TRACE util.FileUtils (LogUtils.java:supplyAndLog(69)) - Successfully supplied FileChannel.open /home/runner/work/ratis/ratis/ratis-examples/target/test/data/f624d035/MiniRaftClusterWithGrpc4aa2bfeb/s13/f0720976-9fd9-4a03-868e-0052e07b9bec/current/raft-meta.conf.tmp with options [CREATE, WRITE]: sun.nio.ch.FileChannelImpl@2d152799
2024-09-10 06:19:50,676 TRACE util.FileUtils (LogUtils.java:runAndLog(49)) - Successfully ran Atomic Files.move /home/runner/work/ratis/ratis/ratis-examples/target/test/data/f624d035/MiniRaftClusterWithGrpc4aa2bfeb/s13/f0720976-9fd9-4a03-868e-0052e07b9bec/current/raft-meta.conf.tmp to /home/runner/work/ratis/ratis/ratis-examples/target/test/data/f624d035/MiniRaftClusterWithGrpc4aa2bfeb/s13/f0720976-9fd9-4a03-868e-0052e07b9bec/current/raft-meta.conf with options [REPLACE_EXISTING]
2024-09-10 06:19:50,678 TRACE util.FileUtils (LogUtils.java:supplyAndLog(69)) - Successfully supplied FileChannel.open /home/runner/work/ratis/ratis/ratis-examples/target/test/data/f624d035/MiniRaftClusterWithGrpc4aa2bfeb/s12/f0720976-9fd9-4a03-868e-0052e07b9bec/current/raft-meta.conf.tmp with options [CREATE, WRITE]: sun.nio.ch.FileChannelImpl@1a951cf7
2024-09-10 06:19:50,681 TRACE util.FileUtils (LogUtils.java:runAndLog(49)) - Successfully ran Atomic Files.move /home/runner/work/ratis/ratis/ratis-examples/target/test/data/f624d035/MiniRaftClusterWithGrpc4aa2bfeb/s12/f0720976-9fd9-4a03-868e-0052e07b9bec/current/raft-meta.conf.tmp to /home/runner/work/ratis/ratis/ratis-examples/target/test/data/f624d035/MiniRaftClusterWithGrpc4aa2bfeb/s12/f0720976-9fd9-4a03-868e-0052e07b9bec/current/raft-meta.conf with options [REPLACE_EXISTING]
2024-09-10 06:19:51,105 INFO  ratis.RaftTestUtil (RaftTestUtil.java:waitForLeader(131)) - printing group-0052E07B9BEC
  s11:  RUNNING [
     LEADER s11@group-0052E07B9BEC:t1, leader=s11, voted=s11, raftlog=Memoized:s11@group-0052E07B9BEC-SegmentedRaftLog:OPENED:c0:last(t:1, i:0), conf=conf: {index: 0, cur=peers:[s11|0.0.0.0:15011, s13|0.0.0.0:15013, s12|0.0.0.0:15012]|listeners:[], old=null} RUNNING
   FOLLOWER s11@group-DF8C9DCF2580:t0, leader=null, voted=, raftlog=Memoized:s11@group-DF8C9DCF2580-SegmentedRaftLog:OPENED:c-1:lastnull, conf=conf: {index: -1, cur=peers:[]|listeners:[], old=null} STARTING] size=2
  s13:  RUNNING [
   FOLLOWER s13@group-0052E07B9BEC:t1, leader=s11, voted=s11, raftlog=Memoized:s13@group-0052E07B9BEC-SegmentedRaftLog:OPENED:c0:last(t:1, i:0), conf=conf: {index: 0, cur=peers:[s11|0.0.0.0:15011, s13|0.0.0.0:15013, s12|0.0.0.0:15012]|listeners:[], old=null} RUNNING
   FOLLOWER s13@group-DF8C9DCF2580:t0, leader=null, voted=, raftlog=Memoized:s13@group-DF8C9DCF2580-SegmentedRaftLog:OPENED:c-1:lastnull, conf=conf: {index: -1, cur=peers:[]|listeners:[], old=null} STARTING] size=2
  s12:  RUNNING [
   FOLLOWER s12@group-0052E07B9BEC:t1, leader=s11, voted=s11, raftlog=Memoized:s12@group-0052E07B9BEC-SegmentedRaftLog:OPENED:c0:last(t:1, i:0), conf=conf: {index: 0, cur=peers:[s11|0.0.0.0:15011, s13|0.0.0.0:15013, s12|0.0.0.0:15012]|listeners:[], old=null} RUNNING
   FOLLOWER s12@group-DF8C9DCF2580:t0, leader=null, voted=, raftlog=Memoized:s12@group-DF8C9DCF2580-SegmentedRaftLog:OPENED:c-1:lastnull, conf=conf: {index: -1, cur=peers:[]|listeners:[], old=null} STARTING] size=2
2024-09-10 06:19:51,111 DEBUG server.RaftServer$Division (RaftServerImpl.java:submitClientRequestAsync(910)) - s11@group-0052E07B9BEC: receive client request(RaftClientRequest:client-C7441C59A54E->s11@group-0052E07B9BEC, cid=4221, seq=null, RW, Message:01016102403700000000...(size=12))
2024-09-10 06:19:51,111 DEBUG server.RaftServer$Division (LeaderStateImpl.java:addPendingRequest(532)) - s11@group-0052E07B9BEC-LeaderStateImpl: addPendingRequest at RaftClientRequest:client-C7441C59A54E->s11@group-0052E07B9BEC, cid=4221, seq=null, RW, Message:01016102403700000000...(size=12), entry=(t:1, i:1), STATEMACHINELOGENTRY, WRITE: logData.size=12, stateMachineData.size=0, logEntryProtoSerializedSize=0
2024-09-10 06:19:51,112 DEBUG server.RaftServer$Division (RaftServerImpl.java:logAppendEntries(1539)) - s12@group-0052E07B9BEC: appendEntries* s11->s12#8-t1,previous=(t:1, i:0),leaderCommit=0,initializing? false,entries: size=1, first=(t:1, i:1), STATEMACHINELOGENTRY, StateMachineLogEntryProto:4221@client-C7441C59A54E
2024-09-10 06:19:51,112 DEBUG server.RaftServer$Division (RaftServerImpl.java:logAppendEntries(1539)) - s13@group-0052E07B9BEC: appendEntries* s11->s13#6-t1,previous=(t:1, i:0),leaderCommit=0,initializing? false,entries: size=1, first=(t:1, i:1), STATEMACHINELOGENTRY, StateMachineLogEntryProto:4221@client-C7441C59A54E
2024-09-10 06:19:51,113 DEBUG server.RaftServer$Division (RaftServerImpl.java:logAppendEntries(1539)) - s13@group-0052E07B9BEC: appendEntries* reply s11<-s13#6:OK-t1,SUCCESS,nextIndex=2,followerCommit=0,matchIndex=1
2024-09-10 06:19:51,114 DEBUG server.RaftServer$Division (RaftServerImpl.java:logAppendEntries(1539)) - s12@group-0052E07B9BEC: appendEntries* reply s11<-s12#8:OK-t1,SUCCESS,nextIndex=2,followerCommit=0,matchIndex=1
2024-09-10 06:19:51,114 INFO  statemachine.StateMachine (ArithmeticStateMachine.java:applyTransaction(181)) - LEADER:s11-1: a = 23 = 23
2024-09-10 06:19:51,115 DEBUG server.RaftServer$Division (RaftServerImpl.java:logAppendEntries(1539)) - s12@group-0052E07B9BEC: appendEntries* s11->s12#10-t1,previous=(t:1, i:1),leaderCommit=1,initializing? false,entries: size=1, first=(t:1, i:2), METADATAENTRY(c:1)
2024-09-10 06:19:51,115 DEBUG server.RaftServer$Division (RaftServerImpl.java:logAppendEntries(1539)) - s13@group-0052E07B9BEC: appendEntries* s11->s13#7-t1,previous=(t:1, i:1),leaderCommit=1,initializing? false,entries: size=1, first=(t:1, i:2), METADATAENTRY(c:1)
2024-09-10 06:19:51,116 DEBUG server.RaftServer$Division (RaftServerImpl.java:logAppendEntries(1539)) - s13@group-0052E07B9BEC: appendEntries* reply s11<-s13#7:OK-t1,SUCCESS,nextIndex=3,followerCommit=1,matchIndex=2
2024-09-10 06:19:51,117 DEBUG server.RaftServer$Division (RaftServerImpl.java:logAppendEntries(1539)) - s12@group-0052E07B9BEC: appendEntries* reply s11<-s12#10:OK-t1,SUCCESS,nextIndex=3,followerCommit=1,matchIndex=2
2024-09-10 06:19:51,120 DEBUG server.RaftServer$Division (RaftServerImpl.java:submitClientRequestAsync(910)) - s11@group-0052E07B9BEC: receive client request(RaftClientRequest:client-C7441C59A54E->s11@group-0052E07B9BEC, cid=4222, seq=null, RW, Message:01016202407080000000...(size=12))
2024-09-10 06:19:51,120 DEBUG server.RaftServer$Division (LeaderStateImpl.java:addPendingRequest(532)) - s11@group-0052E07B9BEC-LeaderStateImpl: addPendingRequest at RaftClientRequest:client-C7441C59A54E->s11@group-0052E07B9BEC, cid=4222, seq=null, RW, Message:01016202407080000000...(size=12), entry=(t:1, i:3), STATEMACHINELOGENTRY, WRITE: logData.size=12, stateMachineData.size=0, logEntryProtoSerializedSize=0
2024-09-10 06:19:51,121 DEBUG server.RaftServer$Division (RaftServerImpl.java:logAppendEntries(1539)) - s13@group-0052E07B9BEC: appendEntries* s11->s13#10-t1,previous=(t:1, i:2),leaderCommit=2,initializing? false,entries: size=1, first=(t:1, i:3), STATEMACHINELOGENTRY, StateMachineLogEntryProto:4222@client-C7441C59A54E
2024-09-10 06:19:51,121 DEBUG server.RaftServer$Division (RaftServerImpl.java:logAppendEntries(1539)) - s12@group-0052E07B9BEC: appendEntries* s11->s12#13-t1,previous=(t:1, i:2),leaderCommit=2,initializing? false,entries: size=1, first=(t:1, i:3), STATEMACHINELOGENTRY, StateMachineLogEntryProto:4222@client-C7441C59A54E
2024-09-10 06:19:51,122 DEBUG server.RaftServer$Division (RaftServerImpl.java:logAppendEntries(1539)) - s13@group-0052E07B9BEC: appendEntries* reply s11<-s13#10:OK-t1,SUCCESS,nextIndex=4,followerCommit=2,matchIndex=3
2024-09-10 06:19:51,122 DEBUG server.RaftServer$Division (RaftServerImpl.java:logAppendEntries(1539)) - s12@group-0052E07B9BEC: appendEntries* reply s11<-s12#13:OK-t1,SUCCESS,nextIndex=4,followerCommit=2,matchIndex=3
2024-09-10 06:19:51,124 INFO  statemachine.StateMachine (ArithmeticStateMachine.java:applyTransaction(181)) - LEADER:s11-3: b = 264 = 264
2024-09-10 06:19:51,124 DEBUG server.RaftServer$Division (RaftServerImpl.java:logAppendEntries(1539)) - s13@group-0052E07B9BEC: appendEntries* s11->s13#12-t1,previous=(t:1, i:3),leaderCommit=3,initializing? false,entries: size=1, first=(t:1, i:4), METADATAENTRY(c:3)
2024-09-10 06:19:51,125 DEBUG server.RaftServer$Division (RaftServerImpl.java:logAppendEntries(1539)) - s12@group-0052E07B9BEC: appendEntries* s11->s12#15-t1,previous=(t:1, i:3),leaderCommit=3,initializing? false,entries: size=1, first=(t:1, i:4), METADATAENTRY(c:3)
2024-09-10 06:19:51,125 DEBUG server.RaftServer$Division (RaftServerImpl.java:logAppendEntries(1539)) - s13@group-0052E07B9BEC: appendEntries* reply s11<-s13#12:OK-t1,SUCCESS,nextIndex=5,followerCommit=3,matchIndex=4
2024-09-10 06:19:51,125 DEBUG server.RaftServer$Division (RaftServerImpl.java:logAppendEntries(1539)) - s12@group-0052E07B9BEC: appendEntries* reply s11<-s12#15:OK-t1,SUCCESS,nextIndex=5,followerCommit=3,matchIndex=4
2024-09-10 06:19:51,128 DEBUG server.RaftServer$Division (RaftServerImpl.java:submitClientRequestAsync(910)) - s11@group-0052E07B9BEC: receive client request(RaftClientRequest:client-C7441C59A54E->s11@group-0052E07B9BEC, cid=4223, seq=null, RW, Message:01016304010300040201...(size=17))
2024-09-10 06:19:51,128 DEBUG server.RaftServer$Division (LeaderStateImpl.java:addPendingRequest(532)) - s11@group-0052E07B9BEC-LeaderStateImpl: addPendingRequest at RaftClientRequest:client-C7441C59A54E->s11@group-0052E07B9BEC, cid=4223, seq=null, RW, Message:01016304010300040201...(size=17), entry=(t:1, i:5), STATEMACHINELOGENTRY, WRITE: logData.size=17, stateMachineData.size=0, logEntryProtoSerializedSize=0
2024-09-10 06:19:51,129 DEBUG server.RaftServer$Division (RaftServerImpl.java:logAppendEntries(1539)) - s13@group-0052E07B9BEC: appendEntries* s11->s13#15-t1,previous=(t:1, i:4),leaderCommit=4,initializing? false,entries: size=1, first=(t:1, i:5), STATEMACHINELOGENTRY, StateMachineLogEntryProto:4223@client-C7441C59A54E
2024-09-10 06:19:51,129 DEBUG server.RaftServer$Division (RaftServerImpl.java:logAppendEntries(1539)) - s12@group-0052E07B9BEC: appendEntries* s11->s12#18-t1,previous=(t:1, i:4),leaderCommit=4,initializing? false,entries: size=1, first=(t:1, i:5), STATEMACHINELOGENTRY, StateMachineLogEntryProto:4223@client-C7441C59A54E
2024-09-10 06:19:51,130 DEBUG server.RaftServer$Division (RaftServerImpl.java:logAppendEntries(1539)) - s13@group-0052E07B9BEC: appendEntries* reply s11<-s13#15:OK-t1,SUCCESS,nextIndex=6,followerCommit=4,matchIndex=5
2024-09-10 06:19:51,130 DEBUG server.RaftServer$Division (RaftServerImpl.java:logAppendEntries(1539)) - s12@group-0052E07B9BEC: appendEntries* reply s11<-s12#18:OK-t1,SUCCESS,nextIndex=6,followerCommit=4,matchIndex=5
2024-09-10 06:19:51,130 INFO  statemachine.StateMachine (ArithmeticStateMachine.java:applyTransaction(181)) - LEADER:s11-5: c = √(a^2 + b^2) = 265
2024-09-10 06:19:51,131 DEBUG server.RaftServer$Division (RaftServerImpl.java:logAppendEntries(1539)) - s13@group-0052E07B9BEC: appendEntries* s11->s13#16-t1,previous=(t:1, i:5),leaderCommit=5,initializing? false,entries: size=1, first=(t:1, i:6), METADATAENTRY(c:5)
2024-09-10 06:19:51,131 DEBUG server.RaftServer$Division (RaftServerImpl.java:logAppendEntries(1539)) - s13@group-0052E07B9BEC: appendEntries* reply s11<-s13#16:OK-t1,SUCCESS,nextIndex=7,followerCommit=5,matchIndex=6
2024-09-10 06:19:51,132 DEBUG server.RaftServer$Division (RaftServerImpl.java:logAppendEntries(1539)) - s12@group-0052E07B9BEC: appendEntries* s11->s12#20-t1,previous=(t:1, i:5),leaderCommit=5,initializing? false,entries: size=1, first=(t:1, i:6), METADATAENTRY(c:5)
2024-09-10 06:19:51,132 DEBUG server.RaftServer$Division (RaftServerImpl.java:logAppendEntries(1539)) - s12@group-0052E07B9BEC: appendEntries* reply s11<-s12#20:OK-t1,SUCCESS,nextIndex=7,followerCommit=5,matchIndex=6
2024-09-10 06:19:51,134 DEBUG server.RaftServer$Division (RaftServerImpl.java:submitClientRequestAsync(910)) - s11@group-0052E07B9BEC: receive client request(RaftClientRequest:client-C7441C59A54E->s11@group-0052E07B9BEC, cid=4224, seq=null, RW, Message:01016100)
2024-09-10 06:19:51,134 DEBUG server.RaftServer$Division (LeaderStateImpl.java:addPendingRequest(532)) - s11@group-0052E07B9BEC-LeaderStateImpl: addPendingRequest at RaftClientRequest:client-C7441C59A54E->s11@group-0052E07B9BEC, cid=4224, seq=null, RW, Message:01016100, entry=(t:1, i:7), STATEMACHINELOGENTRY, WRITE: logData.size=4, stateMachineData.size=0, logEntryProtoSerializedSize=0
2024-09-10 06:19:51,135 DEBUG server.RaftServer$Division (RaftServerImpl.java:logAppendEntries(1539)) - s13@group-0052E07B9BEC: appendEntries* s11->s13#20-t1,previous=(t:1, i:6),leaderCommit=6,initializing? false,entries: size=1, first=(t:1, i:7), STATEMACHINELOGENTRY, StateMachineLogEntryProto:4224@client-C7441C59A54E
2024-09-10 06:19:51,135 DEBUG server.RaftServer$Division (RaftServerImpl.java:logAppendEntries(1539)) - s12@group-0052E07B9BEC: appendEntries* s11->s12#25-t1,previous=(t:1, i:6),leaderCommit=6,initializing? false,entries: size=1, first=(t:1, i:7), STATEMACHINELOGENTRY, StateMachineLogEntryProto:4224@client-C7441C59A54E
2024-09-10 06:19:51,135 DEBUG server.RaftServer$Division (RaftServerImpl.java:logAppendEntries(1539)) - s13@group-0052E07B9BEC: appendEntries* reply s11<-s13#20:OK-t1,SUCCESS,nextIndex=8,followerCommit=6,matchIndex=7
2024-09-10 06:19:51,136 DEBUG server.RaftServer$Division (RaftServerImpl.java:logAppendEntries(1539)) - s12@group-0052E07B9BEC: appendEntries* reply s11<-s12#25:OK-t1,SUCCESS,nextIndex=8,followerCommit=6,matchIndex=7
2024-09-10 06:19:51,136 INFO  statemachine.StateMachine (ArithmeticStateMachine.java:applyTransaction(181)) - LEADER:s11-7: a = null = null
2024-09-10 06:19:51,137 DEBUG server.RaftServer$Division (RaftServerImpl.java:logAppendEntries(1539)) - s13@group-0052E07B9BEC: appendEntries* s11->s13#21-t1,previous=(t:1, i:7),leaderCommit=7,initializing? false,entries: size=1, first=(t:1, i:8), METADATAENTRY(c:7)
2024-09-10 06:19:51,137 DEBUG server.RaftServer$Division (RaftServerImpl.java:logAppendEntries(1539)) - s13@group-0052E07B9BEC: appendEntries* reply s11<-s13#21:OK-t1,SUCCESS,nextIndex=9,followerCommit=7,matchIndex=8
2024-09-10 06:19:51,137 DEBUG server.RaftServer$Division (RaftServerImpl.java:logAppendEntries(1539)) - s12@group-0052E07B9BEC: appendEntries* s11->s12#27-t1,previous=(t:1, i:7),leaderCommit=7,initializing? false,entries: size=1, first=(t:1, i:8), METADATAENTRY(c:7)
2024-09-10 06:19:51,138 DEBUG server.RaftServer$Division (RaftServerImpl.java:logAppendEntries(1539)) - s12@group-0052E07B9BEC: appendEntries* reply s11<-s12#27:OK-t1,SUCCESS,nextIndex=9,followerCommit=7,matchIndex=8
2024-09-10 06:19:51,139 DEBUG server.RaftServer$Division (RaftServerImpl.java:submitClientRequestAsync(910)) - s11@group-0052E07B9BEC: receive client request(RaftClientRequest:client-C7441C59A54E->s11@group-0052E07B9BEC, cid=4225, seq=null, RW, Message:01016200)
2024-09-10 06:19:51,139 DEBUG server.RaftServer$Division (LeaderStateImpl.java:addPendingRequest(532)) - s11@group-0052E07B9BEC-LeaderStateImpl: addPendingRequest at RaftClientRequest:client-C7441C59A54E->s11@group-0052E07B9BEC, cid=4225, seq=null, RW, Message:01016200, entry=(t:1, i:9), STATEMACHINELOGENTRY, WRITE: logData.size=4, stateMachineData.size=0, logEntryProtoSerializedSize=0
2024-09-10 06:19:51,140 DEBUG server.RaftServer$Division (RaftServerImpl.java:logAppendEntries(1539)) - s13@group-0052E07B9BEC: appendEntries* s11->s13#25-t1,previous=(t:1, i:8),leaderCommit=8,initializing? false,entries: size=1, first=(t:1, i:9), STATEMACHINELOGENTRY, StateMachineLogEntryProto:4225@client-C7441C59A54E
2024-09-10 06:19:51,140 DEBUG server.RaftServer$Division (RaftServerImpl.java:logAppendEntries(1539)) - s12@group-0052E07B9BEC: appendEntries* s11->s12#31-t1,previous=(t:1, i:8),leaderCommit=8,initializing? false,entries: size=1, first=(t:1, i:9), STATEMACHINELOGENTRY, StateMachineLogEntryProto:4225@client-C7441C59A54E
2024-09-10 06:19:51,141 DEBUG server.RaftServer$Division (RaftServerImpl.java:logAppendEntries(1539)) - s13@group-0052E07B9BEC: appendEntries* reply s11<-s13#25:OK-t1,SUCCESS,nextIndex=10,followerCommit=8,matchIndex=9
2024-09-10 06:19:51,141 DEBUG server.RaftServer$Division (RaftServerImpl.java:logAppendEntries(1539)) - s12@group-0052E07B9BEC: appendEntries* reply s11<-s12#31:OK-t1,SUCCESS,nextIndex=10,followerCommit=8,matchIndex=9
2024-09-10 06:19:51,141 INFO  statemachine.StateMachine (ArithmeticStateMachine.java:applyTransaction(181)) - LEADER:s11-9: b = null = null
2024-09-10 06:19:51,142 DEBUG server.RaftServer$Division (RaftServerImpl.java:logAppendEntries(1539)) - s13@group-0052E07B9BEC: appendEntries* s11->s13#26-t1,previous=(t:1, i:9),leaderCommit=9,initializing? false,entries: size=1, first=(t:1, i:10), METADATAENTRY(c:9)
2024-09-10 06:19:51,142 DEBUG server.RaftServer$Division (RaftServerImpl.java:logAppendEntries(1539)) - s12@group-0052E07B9BEC: appendEntries* s11->s12#33-t1,previous=(t:1, i:9),leaderCommit=9,initializing? false,entries: size=1, first=(t:1, i:10), METADATAENTRY(c:9)
2024-09-10 06:19:51,143 DEBUG server.RaftServer$Division (RaftServerImpl.java:logAppendEntries(1539)) - s12@group-0052E07B9BEC: appendEntries* reply s11<-s12#33:OK-t1,SUCCESS,nextIndex=11,followerCommit=9,matchIndex=10
2024-09-10 06:19:51,143 DEBUG server.RaftServer$Division (RaftServerImpl.java:logAppendEntries(1539)) - s13@group-0052E07B9BEC: appendEntries* reply s11<-s13#26:OK-t1,SUCCESS,nextIndex=11,followerCommit=9,matchIndex=10
2024-09-10 06:19:51,144 DEBUG server.RaftServer$Division (RaftServerImpl.java:submitClientRequestAsync(910)) - s11@group-0052E07B9BEC: receive client request(RaftClientRequest:client-C7441C59A54E->s11@group-0052E07B9BEC, cid=4226, seq=null, RW, Message:01016300)
2024-09-10 06:19:51,144 DEBUG server.RaftServer$Division (LeaderStateImpl.java:addPendingRequest(532)) - s11@group-0052E07B9BEC-LeaderStateImpl: addPendingRequest at RaftClientRequest:client-C7441C59A54E->s11@group-0052E07B9BEC, cid=4226, seq=null, RW, Message:01016300, entry=(t:1, i:11), STATEMACHINELOGENTRY, WRITE: logData.size=4, stateMachineData.size=0, logEntryProtoSerializedSize=0
2024-09-10 06:19:51,145 DEBUG server.RaftServer$Division (RaftServerImpl.java:logAppendEntries(1539)) - s13@group-0052E07B9BEC: appendEntries* s11->s13#30-t1,previous=(t:1, i:10),leaderCommit=10,initializing? false,entries: size=1, first=(t:1, i:11), STATEMACHINELOGENTRY, StateMachineLogEntryProto:4226@client-C7441C59A54E
2024-09-10 06:19:51,145 DEBUG server.RaftServer$Division (RaftServerImpl.java:logAppendEntries(1539)) - s12@group-0052E07B9BEC: appendEntries* s11->s12#38-t1,previous=(t:1, i:10),leaderCommit=10,initializing? false,entries: size=1, first=(t:1, i:11), STATEMACHINELOGENTRY, StateMachineLogEntryProto:4226@client-C7441C59A54E
2024-09-10 06:19:51,146 DEBUG server.RaftServer$Division (RaftServerImpl.java:logAppendEntries(1539)) - s13@group-0052E07B9BEC: appendEntries* reply s11<-s13#30:OK-t1,SUCCESS,nextIndex=12,followerCommit=10,matchIndex=11
2024-09-10 06:19:51,146 DEBUG server.RaftServer$Division (RaftServerImpl.java:logAppendEntries(1539)) - s12@group-0052E07B9BEC: appendEntries* reply s11<-s12#38:OK-t1,SUCCESS,nextIndex=12,followerCommit=10,matchIndex=11
2024-09-10 06:19:51,146 INFO  statemachine.StateMachine (ArithmeticStateMachine.java:applyTransaction(181)) - LEADER:s11-11: c = null = null
2024-09-10 06:19:51,148 DEBUG server.RaftServer$Division (RaftServerImpl.java:logAppendEntries(1539)) - s13@group-0052E07B9BEC: appendEntries* s11->s13#31-t1,previous=(t:1, i:11),leaderCommit=11,initializing? false,entries: size=1, first=(t:1, i:12), METADATAENTRY(c:11)
2024-09-10 06:19:51,148 DEBUG server.RaftServer$Division (RaftServerImpl.java:logAppendEntries(1539)) - s12@group-0052E07B9BEC: appendEntries* s11->s12#39-t1,previous=(t:1, i:11),leaderCommit=11,initializing? false,entries: size=1, first=(t:1, i:12), METADATAENTRY(c:11)
2024-09-10 06:19:51,151 DEBUG server.RaftServer$Division (RaftServerImpl.java:logAppendEntries(1539)) - s12@group-0052E07B9BEC: appendEntries* reply s11<-s12#39:OK-t1,SUCCESS,nextIndex=13,followerCommit=11,matchIndex=12
2024-09-10 06:19:51,151 DEBUG server.RaftServer$Division (RaftServerImpl.java:logAppendEntries(1539)) - s13@group-0052E07B9BEC: appendEntries* reply s11<-s13#31:OK-t1,SUCCESS,nextIndex=13,followerCommit=11,matchIndex=12
2024-09-10 06:19:51,154 DEBUG server.RaftServer$Division (RaftServerImpl.java:submitClientRequestAsync(910)) - s11@group-0052E07B9BEC: receive client request(RaftClientRequest:client-C7441C59A54E->s11@group-0052E07B9BEC, cid=4227, seq=null, RW, Message:01016102403900000000...(size=12))
2024-09-10 06:19:51,154 DEBUG server.RaftServer$Division (LeaderStateImpl.java:addPendingRequest(532)) - s11@group-0052E07B9BEC-LeaderStateImpl: addPendingRequest at RaftClientRequest:client-C7441C59A54E->s11@group-0052E07B9BEC, cid=4227, seq=null, RW, Message:01016102403900000000...(size=12), entry=(t:1, i:13), STATEMACHINELOGENTRY, WRITE: logData.size=12, stateMachineData.size=0, logEntryProtoSerializedSize=0
2024-09-10 06:19:51,155 DEBUG server.RaftServer$Division (RaftServerImpl.java:logAppendEntries(1539)) - s13@group-0052E07B9BEC: appendEntries* s11->s13#34-t1,previous=(t:1, i:12),leaderCommit=12,initializing? false,entries: size=1, first=(t:1, i:13), STATEMACHINELOGENTRY, StateMachineLogEntryProto:4227@client-C7441C59A54E
2024-09-10 06:19:51,155 DEBUG server.RaftServer$Division (RaftServerImpl.java:logAppendEntries(1539)) - s12@group-0052E07B9BEC: appendEntries* s11->s12#42-t1,previous=(t:1, i:12),leaderCommit=12,initializing? false,entries: size=1, first=(t:1, i:13), STATEMACHINELOGENTRY, StateMachineLogEntryProto:4227@client-C7441C59A54E
2024-09-10 06:19:51,155 DEBUG server.RaftServer$Division (RaftServerImpl.java:logAppendEntries(1539)) - s12@group-0052E07B9BEC: appendEntries* reply s11<-s12#42:OK-t1,SUCCESS,nextIndex=14,followerCommit=12,matchIndex=13
2024-09-10 06:19:51,155 DEBUG server.RaftServer$Division (RaftServerImpl.java:logAppendEntries(1539)) - s13@group-0052E07B9BEC: appendEntries* reply s11<-s13#34:OK-t1,SUCCESS,nextIndex=14,followerCommit=12,matchIndex=13
2024-09-10 06:19:51,156 INFO  statemachine.StateMachine (ArithmeticStateMachine.java:applyTransaction(181)) - LEADER:s11-13: a = 25 = 25
2024-09-10 06:19:51,157 DEBUG server.RaftServer$Division (RaftServerImpl.java:logAppendEntries(1539)) - s13@group-0052E07B9BEC: appendEntries* s11->s13#35-t1,previous=(t:1, i:13),leaderCommit=13,initializing? false,entries: size=1, first=(t:1, i:14), METADATAENTRY(c:13)
2024-09-10 06:19:51,157 DEBUG server.RaftServer$Division (RaftServerImpl.java:logAppendEntries(1539)) - s12@group-0052E07B9BEC: appendEntries* s11->s12#43-t1,previous=(t:1, i:13),leaderCommit=13,initializing? false,entries: size=1, first=(t:1, i:14), METADATAENTRY(c:13)
2024-09-10 06:19:51,158 DEBUG server.RaftServer$Division (RaftServerImpl.java:logAppendEntries(1539)) - s12@group-0052E07B9BEC: appendEntries* reply s11<-s12#43:OK-t1,SUCCESS,nextIndex=15,followerCommit=13,matchIndex=14
2024-09-10 06:19:51,158 DEBUG server.RaftServer$Division (RaftServerImpl.java:logAppendEntries(1539)) - s13@group-0052E07B9BEC: appendEntries* reply s11<-s13#35:OK-t1,SUCCESS,nextIndex=15,followerCommit=13,matchIndex=14
2024-09-10 06:19:51,160 DEBUG server.RaftServer$Division (RaftServerImpl.java:submitClientRequestAsync(910)) - s11@group-0052E07B9BEC: receive client request(RaftClientRequest:client-C7441C59A54E->s11@group-0052E07B9BEC, cid=4228, seq=null, RW, Message:01016202407380000000...(size=12))
2024-09-10 06:19:51,160 DEBUG server.RaftServer$Division (LeaderStateImpl.java:addPendingRequest(532)) - s11@group-0052E07B9BEC-LeaderStateImpl: addPendingRequest at RaftClientRequest:client-C7441C59A54E->s11@group-0052E07B9BEC, cid=4228, seq=null, RW, Message:01016202407380000000...(size=12), entry=(t:1, i:15), STATEMACHINELOGENTRY, WRITE: logData.size=12, stateMachineData.size=0, logEntryProtoSerializedSize=0
2024-09-10 06:19:51,161 DEBUG server.RaftServer$Division (RaftServerImpl.java:logAppendEntries(1539)) - s12@group-0052E07B9BEC: appendEntries* s11->s12#47-t1,previous=(t:1, i:14),leaderCommit=14,initializing? false,entries: size=1, first=(t:1, i:15), STATEMACHINELOGENTRY, StateMachineLogEntryProto:4228@client-C7441C59A54E
2024-09-10 06:19:51,161 DEBUG server.RaftServer$Division (RaftServerImpl.java:logAppendEntries(1539)) - s13@group-0052E07B9BEC: appendEntries* s11->s13#38-t1,previous=(t:1, i:14),leaderCommit=14,initializing? false,entries: size=1, first=(t:1, i:15), STATEMACHINELOGENTRY, StateMachineLogEntryProto:4228@client-C7441C59A54E
2024-09-10 06:19:51,162 DEBUG server.RaftServer$Division (RaftServerImpl.java:logAppendEntries(1539)) - s12@group-0052E07B9BEC: appendEntries* reply s11<-s12#47:OK-t1,SUCCESS,nextIndex=16,followerCommit=14,matchIndex=15
2024-09-10 06:19:51,162 DEBUG server.RaftServer$Division (RaftServerImpl.java:logAppendEntries(1539)) - s13@group-0052E07B9BEC: appendEntries* reply s11<-s13#38:OK-t1,SUCCESS,nextIndex=16,followerCommit=14,matchIndex=15
2024-09-10 06:19:51,163 INFO  statemachine.StateMachine (ArithmeticStateMachine.java:applyTransaction(181)) - LEADER:s11-15: b = 312 = 312
2024-09-10 06:19:51,163 DEBUG server.RaftServer$Division (RaftServerImpl.java:logAppendEntries(1539)) - s12@group-0052E07B9BEC: appendEntries* s11->s12#48-t1,previous=(t:1, i:15),leaderCommit=15,initializing? false,entries: size=1, first=(t:1, i:16), METADATAENTRY(c:15)
2024-09-10 06:19:51,164 DEBUG server.RaftServer$Division (RaftServerImpl.java:logAppendEntries(1539)) - s13@group-0052E07B9BEC: appendEntries* s11->s13#39-t1,previous=(t:1, i:15),leaderCommit=15,initializing? false,entries: size=1, first=(t:1, i:16), METADATAENTRY(c:15)
2024-09-10 06:19:51,164 DEBUG server.RaftServer$Division (RaftServerImpl.java:logAppendEntries(1539)) - s13@group-0052E07B9BEC: appendEntries* reply s11<-s13#39:OK-t1,SUCCESS,nextIndex=17,followerCommit=15,matchIndex=16
2024-09-10 06:19:51,165 DEBUG server.RaftServer$Division (RaftServerImpl.java:logAppendEntries(1539)) - s12@group-0052E07B9BEC: appendEntries* reply s11<-s12#48:OK-t1,SUCCESS,nextIndex=17,followerCommit=15,matchIndex=16
2024-09-10 06:19:51,166 DEBUG server.RaftServer$Division (RaftServerImpl.java:submitClientRequestAsync(910)) - s11@group-0052E07B9BEC: receive client request(RaftClientRequest:client-C7441C59A54E->s11@group-0052E07B9BEC, cid=4229, seq=null, RW, Message:01016304010300040201...(size=17))
2024-09-10 06:19:51,166 DEBUG server.RaftServer$Division (LeaderStateImpl.java:addPendingRequest(532)) - s11@group-0052E07B9BEC-LeaderStateImpl: addPendingRequest at RaftClientRequest:client-C7441C59A54E->s11@group-0052E07B9BEC, cid=4229, seq=null, RW, Message:01016304010300040201...(size=17), entry=(t:1, i:17), STATEMACHINELOGENTRY, WRITE: logData.size=17, stateMachineData.size=0, logEntryProtoSerializedSize=0
2024-09-10 06:19:51,167 DEBUG server.RaftServer$Division (RaftServerImpl.java:logAppendEntries(1539)) - s12@group-0052E07B9BEC: appendEntries* s11->s12#52-t1,previous=(t:1, i:16),leaderCommit=16,initializing? false,entries: size=1, first=(t:1, i:17), STATEMACHINELOGENTRY, StateMachineLogEntryProto:4229@client-C7441C59A54E
2024-09-10 06:19:51,167 DEBUG server.RaftServer$Division (RaftServerImpl.java:logAppendEntries(1539)) - s13@group-0052E07B9BEC: appendEntries* s11->s13#41-t1,previous=(t:1, i:16),leaderCommit=16,initializing? false,entries: size=1, first=(t:1, i:17), STATEMACHINELOGENTRY, StateMachineLogEntryProto:4229@client-C7441C59A54E
2024-09-10 06:19:51,167 DEBUG server.RaftServer$Division (RaftServerImpl.java:logAppendEntries(1539)) - s12@group-0052E07B9BEC: appendEntries* reply s11<-s12#52:OK-t1,SUCCESS,nextIndex=18,followerCommit=16,matchIndex=17
2024-09-10 06:19:51,167 DEBUG server.RaftServer$Division (RaftServerImpl.java:logAppendEntries(1539)) - s13@group-0052E07B9BEC: appendEntries* reply s11<-s13#41:OK-t1,SUCCESS,nextIndex=18,followerCommit=16,matchIndex=17
2024-09-10 06:19:51,168 INFO  statemachine.StateMachine (ArithmeticStateMachine.java:applyTransaction(181)) - LEADER:s11-17: c = √(a^2 + b^2) = 313
2024-09-10 06:19:51,169 DEBUG server.RaftServer$Division (RaftServerImpl.java:logAppendEntries(1539)) - s12@group-0052E07B9BEC: appendEntries* s11->s12#53-t1,previous=(t:1, i:17),leaderCommit=17,initializing? false,entries: size=1, first=(t:1, i:18), METADATAENTRY(c:17)
2024-09-10 06:19:51,169 DEBUG server.RaftServer$Division (RaftServerImpl.java:logAppendEntries(1539)) - s13@group-0052E07B9BEC: appendEntries* s11->s13#42-t1,previous=(t:1, i:17),leaderCommit=17,initializing? false,entries: size=1, first=(t:1, i:18), METADATAENTRY(c:17)
2024-09-10 06:19:51,170 DEBUG server.RaftServer$Division (RaftServerImpl.java:logAppendEntries(1539)) - s13@group-0052E07B9BEC: appendEntries* reply s11<-s13#42:OK-t1,SUCCESS,nextIndex=19,followerCommit=17,matchIndex=18
2024-09-10 06:19:51,170 DEBUG server.RaftServer$Division (RaftServerImpl.java:logAppendEntries(1539)) - s12@group-0052E07B9BEC: appendEntries* reply s11<-s12#53:OK-t1,SUCCESS,nextIndex=19,followerCommit=17,matchIndex=18
2024-09-10 06:19:51,171 DEBUG server.RaftServer$Division (RaftServerImpl.java:submitClientRequestAsync(910)) - s11@group-0052E07B9BEC: receive client request(RaftClientRequest:client-C7441C59A54E->s11@group-0052E07B9BEC, cid=4230, seq=null, RW, Message:01016100)
2024-09-10 06:19:51,171 DEBUG server.RaftServer$Division (LeaderStateImpl.java:addPendingRequest(532)) - s11@group-0052E07B9BEC-LeaderStateImpl: addPendingRequest at RaftClientRequest:client-C7441C59A54E->s11@group-0052E07B9BEC, cid=4230, seq=null, RW, Message:01016100, entry=(t:1, i:19), STATEMACHINELOGENTRY, WRITE: logData.size=4, stateMachineData.size=0, logEntryProtoSerializedSize=0
2024-09-10 06:19:51,172 DEBUG server.RaftServer$Division (RaftServerImpl.java:logAppendEntries(1539)) - s12@group-0052E07B9BEC: appendEntries* s11->s12#57-t1,previous=(t:1, i:18),leaderCommit=18,initializing? false,entries: size=1, first=(t:1, i:19), STATEMACHINELOGENTRY, StateMachineLogEntryProto:4230@client-C7441C59A54E
2024-09-10 06:19:51,172 DEBUG server.RaftServer$Division (RaftServerImpl.java:logAppendEntries(1539)) - s13@group-0052E07B9BEC: appendEntries* s11->s13#45-t1,previous=(t:1, i:18),leaderCommit=18,initializing? false,entries: size=1, first=(t:1, i:19), STATEMACHINELOGENTRY, StateMachineLogEntryProto:4230@client-C7441C59A54E
2024-09-10 06:19:51,173 DEBUG server.RaftServer$Division (RaftServerImpl.java:logAppendEntries(1539)) - s13@group-0052E07B9BEC: appendEntries* reply s11<-s13#45:OK-t1,SUCCESS,nextIndex=20,followerCommit=18,matchIndex=19
2024-09-10 06:19:51,173 DEBUG server.RaftServer$Division (RaftServerImpl.java:logAppendEntries(1539)) - s12@group-0052E07B9BEC: appendEntries* reply s11<-s12#57:OK-t1,SUCCESS,nextIndex=20,followerCommit=18,matchIndex=19
2024-09-10 06:19:51,173 INFO  statemachine.StateMachine (ArithmeticStateMachine.java:applyTransaction(181)) - LEADER:s11-19: a = null = null
2024-09-10 06:19:51,174 DEBUG server.RaftServer$Division (RaftServerImpl.java:logAppendEntries(1539)) - s13@group-0052E07B9BEC: appendEntries* s11->s13#46-t1,previous=(t:1, i:19),leaderCommit=19,initializing? false,entries: size=1, first=(t:1, i:20), METADATAENTRY(c:19)
2024-09-10 06:19:51,174 DEBUG server.RaftServer$Division (RaftServerImpl.java:logAppendEntries(1539)) - s12@group-0052E07B9BEC: appendEntries* s11->s12#59-t1,previous=(t:1, i:19),leaderCommit=19,initializing? false,entries: size=1, first=(t:1, i:20), METADATAENTRY(c:19)
2024-09-10 06:19:51,175 DEBUG server.RaftServer$Division (RaftServerImpl.java:logAppendEntries(1539)) - s12@group-0052E07B9BEC: appendEntries* reply s11<-s12#59:OK-t1,SUCCESS,nextIndex=21,followerCommit=19,matchIndex=20
2024-09-10 06:19:51,175 DEBUG server.RaftServer$Division (RaftServerImpl.java:logAppendEntries(1539)) - s13@group-0052E07B9BEC: appendEntries* reply s11<-s13#46:OK-t1,SUCCESS,nextIndex=21,followerCommit=19,matchIndex=20
2024-09-10 06:19:51,177 DEBUG server.RaftServer$Division (RaftServerImpl.java:submitClientRequestAsync(910)) - s11@group-0052E07B9BEC: receive client request(RaftClientRequest:client-C7441C59A54E->s11@group-0052E07B9BEC, cid=4231, seq=null, RW, Message:01016200)
2024-09-10 06:19:51,177 DEBUG server.RaftServer$Division (LeaderStateImpl.java:addPendingRequest(532)) - s11@group-0052E07B9BEC-LeaderStateImpl: addPendingRequest at RaftClientRequest:client-C7441C59A54E->s11@group-0052E07B9BEC, cid=4231, seq=null, RW, Message:01016200, entry=(t:1, i:21), STATEMACHINELOGENTRY, WRITE: logData.size=4, stateMachineData.size=0, logEntryProtoSerializedSize=0
2024-09-10 06:19:51,178 DEBUG server.RaftServer$Division (RaftServerImpl.java:logAppendEntries(1539)) - s13@group-0052E07B9BEC: appendEntries* s11->s13#48-t1,previous=(t:1, i:20),leaderCommit=20,initializing? false,entries: size=1, first=(t:1, i:21), STATEMACHINELOGENTRY, StateMachineLogEntryProto:4231@client-C7441C59A54E
2024-09-10 06:19:51,178 DEBUG server.RaftServer$Division (RaftServerImpl.java:logAppendEntries(1539)) - s12@group-0052E07B9BEC: appendEntries* s11->s12#61-t1,previous=(t:1, i:20),leaderCommit=20,initializing? false,entries: size=1, first=(t:1, i:21), STATEMACHINELOGENTRY, StateMachineLogEntryProto:4231@client-C7441C59A54E
2024-09-10 06:19:51,179 DEBUG server.RaftServer$Division (RaftServerImpl.java:logAppendEntries(1539)) - s13@group-0052E07B9BEC: appendEntries* reply s11<-s13#48:OK-t1,SUCCESS,nextIndex=22,followerCommit=20,matchIndex=21
2024-09-10 06:19:51,179 INFO  statemachine.StateMachine (ArithmeticStateMachine.java:applyTransaction(181)) - LEADER:s11-21: b = null = null
2024-09-10 06:19:51,179 DEBUG server.RaftServer$Division (RaftServerImpl.java:logAppendEntries(1539)) - s12@group-0052E07B9BEC: appendEntries* reply s11<-s12#61:OK-t1,SUCCESS,nextIndex=22,followerCommit=20,matchIndex=21
2024-09-10 06:19:51,180 DEBUG server.RaftServer$Division (RaftServerImpl.java:logAppendEntries(1539)) - s13@group-0052E07B9BEC: appendEntries* s11->s13#49-t1,previous=(t:1, i:21),leaderCommit=21,initializing? false,entries: size=1, first=(t:1, i:22), METADATAENTRY(c:21)
2024-09-10 06:19:51,180 DEBUG server.RaftServer$Division (RaftServerImpl.java:logAppendEntries(1539)) - s12@group-0052E07B9BEC: appendEntries* s11->s12#63-t1,previous=(t:1, i:21),leaderCommit=21,initializing? false,entries: size=1, first=(t:1, i:22), METADATAENTRY(c:21)
2024-09-10 06:19:51,181 DEBUG server.RaftServer$Division (RaftServerImpl.java:logAppendEntries(1539)) - s13@group-0052E07B9BEC: appendEntries* reply s11<-s13#49:OK-t1,SUCCESS,nextIndex=23,followerCommit=21,matchIndex=22
2024-09-10 06:19:51,181 DEBUG server.RaftServer$Division (RaftServerImpl.java:logAppendEntries(1539)) - s12@group-0052E07B9BEC: appendEntries* reply s11<-s12#63:OK-t1,SUCCESS,nextIndex=23,followerCommit=21,matchIndex=22
2024-09-10 06:19:51,183 DEBUG server.RaftServer$Division (RaftServerImpl.java:submitClientRequestAsync(910)) - s11@group-0052E07B9BEC: receive client request(RaftClientRequest:client-C7441C59A54E->s11@group-0052E07B9BEC, cid=4232, seq=null, RW, Message:01016300)
2024-09-10 06:19:51,183 DEBUG server.RaftServer$Division (LeaderStateImpl.java:addPendingRequest(532)) - s11@group-0052E07B9BEC-LeaderStateImpl: addPendingRequest at RaftClientRequest:client-C7441C59A54E->s11@group-0052E07B9BEC, cid=4232, seq=null, RW, Message:01016300, entry=(t:1, i:23), STATEMACHINELOGENTRY, WRITE: logData.size=4, stateMachineData.size=0, logEntryProtoSerializedSize=0
2024-09-10 06:19:51,184 DEBUG server.RaftServer$Division (RaftServerImpl.java:logAppendEntries(1539)) - s12@group-0052E07B9BEC: appendEntries* s11->s12#68-t1,previous=(t:1, i:22),leaderCommit=22,initializing? false,entries: size=1, first=(t:1, i:23), STATEMACHINELOGENTRY, StateMachineLogEntryProto:4232@client-C7441C59A54E
2024-09-10 06:19:51,184 DEBUG server.RaftServer$Division (RaftServerImpl.java:logAppendEntries(1539)) - s13@group-0052E07B9BEC: appendEntries* s11->s13#53-t1,previous=(t:1, i:22),leaderCommit=22,initializing? false,entries: size=1, first=(t:1, i:23), STATEMACHINELOGENTRY, StateMachineLogEntryProto:4232@client-C7441C59A54E
2024-09-10 06:19:51,184 DEBUG server.RaftServer$Division (RaftServerImpl.java:logAppendEntries(1539)) - s12@group-0052E07B9BEC: appendEntries* reply s11<-s12#68:OK-t1,SUCCESS,nextIndex=24,followerCommit=22,matchIndex=23
2024-09-10 06:19:51,185 DEBUG server.RaftServer$Division (RaftServerImpl.java:logAppendEntries(1539)) - s13@group-0052E07B9BEC: appendEntries* reply s11<-s13#53:OK-t1,SUCCESS,nextIndex=24,followerCommit=22,matchIndex=23
2024-09-10 06:19:51,185 INFO  statemachine.StateMachine (ArithmeticStateMachine.java:applyTransaction(181)) - LEADER:s11-23: c = null = null
2024-09-10 06:19:51,185 DEBUG server.RaftServer$Division (RaftServerImpl.java:logAppendEntries(1539)) - s12@group-0052E07B9BEC: appendEntries* s11->s12#70-t1,previous=(t:1, i:23),leaderCommit=23,initializing? false,entries: size=1, first=(t:1, i:24), METADATAENTRY(c:23)
2024-09-10 06:19:51,186 DEBUG server.RaftServer$Division (RaftServerImpl.java:logAppendEntries(1539)) - s13@group-0052E07B9BEC: appendEntries* s11->s13#54-t1,previous=(t:1, i:23),leaderCommit=23,initializing? false,entries: size=1, first=(t:1, i:24), METADATAENTRY(c:23)
2024-09-10 06:19:51,186 DEBUG server.RaftServer$Division (RaftServerImpl.java:logAppendEntries(1539)) - s12@group-0052E07B9BEC: appendEntries* reply s11<-s12#70:OK-t1,SUCCESS,nextIndex=25,followerCommit=23,matchIndex=24
2024-09-10 06:19:51,187 DEBUG server.RaftServer$Division (RaftServerImpl.java:logAppendEntries(1539)) - s13@group-0052E07B9BEC: appendEntries* reply s11<-s13#54:OK-t1,SUCCESS,nextIndex=25,followerCommit=23,matchIndex=24
2024-09-10 06:19:51,188 DEBUG server.RaftServer$Division (RaftServerImpl.java:submitClientRequestAsync(910)) - s11@group-0052E07B9BEC: receive client request(RaftClientRequest:client-C7441C59A54E->s11@group-0052E07B9BEC, cid=4233, seq=null, RW, Message:01016102403b00000000...(size=12))
2024-09-10 06:19:51,188 DEBUG server.RaftServer$Division (LeaderStateImpl.java:addPendingRequest(532)) - s11@group-0052E07B9BEC-LeaderStateImpl: addPendingRequest at RaftClientRequest:client-C7441C59A54E->s11@group-0052E07B9BEC, cid=4233, seq=null, RW, Message:01016102403b00000000...(size=12), entry=(t:1, i:25), STATEMACHINELOGENTRY, WRITE: logData.size=12, stateMachineData.size=0, logEntryProtoSerializedSize=0
2024-09-10 06:19:51,189 DEBUG server.RaftServer$Division (RaftServerImpl.java:logAppendEntries(1539)) - s12@group-0052E07B9BEC: appendEntries* s11->s12#74-t1,previous=(t:1, i:24),leaderCommit=24,initializing? false,entries: size=1, first=(t:1, i:25), STATEMACHINELOGENTRY, StateMachineLogEntryProto:4233@client-C7441C59A54E
2024-09-10 06:19:51,189 DEBUG server.RaftServer$Division (RaftServerImpl.java:logAppendEntries(1539)) - s13@group-0052E07B9BEC: appendEntries* s11->s13#57-t1,previous=(t:1, i:24),leaderCommit=24,initializing? false,entries: size=1, first=(t:1, i:25), STATEMACHINELOGENTRY, StateMachineLogEntryProto:4233@client-C7441C59A54E
2024-09-10 06:19:51,190 DEBUG server.RaftServer$Division (RaftServerImpl.java:logAppendEntries(1539)) - s12@group-0052E07B9BEC: appendEntries* reply s11<-s12#74:OK-t1,SUCCESS,nextIndex=26,followerCommit=24,matchIndex=25
2024-09-10 06:19:51,190 DEBUG server.RaftServer$Division (RaftServerImpl.java:logAppendEntries(1539)) - s13@group-0052E07B9BEC: appendEntries* reply s11<-s13#57:OK-t1,SUCCESS,nextIndex=26,followerCommit=24,matchIndex=25
2024-09-10 06:19:51,190 INFO  statemachine.StateMachine (ArithmeticStateMachine.java:applyTransaction(181)) - LEADER:s11-25: a = 27 = 27
2024-09-10 06:19:51,191 DEBUG server.RaftServer$Division (RaftServerImpl.java:logAppendEntries(1539)) - s12@group-0052E07B9BEC: appendEntries* s11->s12#75-t1,previous=(t:1, i:25),leaderCommit=25,initializing? false,entries: size=1, first=(t:1, i:26), METADATAENTRY(c:25)
2024-09-10 06:19:51,191 DEBUG server.RaftServer$Division (RaftServerImpl.java:logAppendEntries(1539)) - s13@group-0052E07B9BEC: appendEntries* s11->s13#58-t1,previous=(t:1, i:25),leaderCommit=25,initializing? false,entries: size=1, first=(t:1, i:26), METADATAENTRY(c:25)
2024-09-10 06:19:51,192 DEBUG server.RaftServer$Division (RaftServerImpl.java:logAppendEntries(1539)) - s13@group-0052E07B9BEC: appendEntries* reply s11<-s13#58:OK-t1,SUCCESS,nextIndex=27,followerCommit=25,matchIndex=26
2024-09-10 06:19:51,192 DEBUG server.RaftServer$Division (RaftServerImpl.java:logAppendEntries(1539)) - s12@group-0052E07B9BEC: appendEntries* reply s11<-s12#75:OK-t1,SUCCESS,nextIndex=27,followerCommit=25,matchIndex=26
2024-09-10 06:19:51,194 DEBUG server.RaftServer$Division (RaftServerImpl.java:submitClientRequestAsync(910)) - s11@group-0052E07B9BEC: receive client request(RaftClientRequest:client-C7441C59A54E->s11@group-0052E07B9BEC, cid=4234, seq=null, RW, Message:010162024076c0000000...(size=12))
2024-09-10 06:19:51,194 DEBUG server.RaftServer$Division (LeaderStateImpl.java:addPendingRequest(532)) - s11@group-0052E07B9BEC-LeaderStateImpl: addPendingRequest at RaftClientRequest:client-C7441C59A54E->s11@group-0052E07B9BEC, cid=4234, seq=null, RW, Message:010162024076c0000000...(size=12), entry=(t:1, i:27), STATEMACHINELOGENTRY, WRITE: logData.size=12, stateMachineData.size=0, logEntryProtoSerializedSize=0
2024-09-10 06:19:51,195 DEBUG server.RaftServer$Division (RaftServerImpl.java:logAppendEntries(1539)) - s13@group-0052E07B9BEC: appendEntries* s11->s13#60-t1,previous=(t:1, i:26),leaderCommit=26,initializing? false,entries: size=1, first=(t:1, i:27), STATEMACHINELOGENTRY, StateMachineLogEntryProto:4234@client-C7441C59A54E
2024-09-10 06:19:51,195 DEBUG server.RaftServer$Division (RaftServerImpl.java:logAppendEntries(1539)) - s12@group-0052E07B9BEC: appendEntries* s11->s12#79-t1,previous=(t:1, i:26),leaderCommit=26,initializing? false,entries: size=1, first=(t:1, i:27), STATEMACHINELOGENTRY, StateMachineLogEntryProto:4234@client-C7441C59A54E
2024-09-10 06:19:51,196 DEBUG server.RaftServer$Division (RaftServerImpl.java:logAppendEntries(1539)) - s13@group-0052E07B9BEC: appendEntries* reply s11<-s13#60:OK-t1,SUCCESS,nextIndex=28,followerCommit=26,matchIndex=27
2024-09-10 06:19:51,196 DEBUG server.RaftServer$Division (RaftServerImpl.java:logAppendEntries(1539)) - s12@group-0052E07B9BEC: appendEntries* reply s11<-s12#79:OK-t1,SUCCESS,nextIndex=28,followerCommit=26,matchIndex=27
2024-09-10 06:19:51,197 INFO  statemachine.StateMachine (ArithmeticStateMachine.java:applyTransaction(181)) - LEADER:s11-27: b = 364 = 364
2024-09-10 06:19:51,197 DEBUG server.RaftServer$Division (RaftServerImpl.java:logAppendEntries(1539)) - s13@group-0052E07B9BEC: appendEntries* s11->s13#61-t1,previous=(t:1, i:27),leaderCommit=27,initializing? false,entries: size=1, first=(t:1, i:28), METADATAENTRY(c:27)
2024-09-10 06:19:51,199 DEBUG server.RaftServer$Division (RaftServerImpl.java:logAppendEntries(1539)) - s13@group-0052E07B9BEC: appendEntries* reply s11<-s13#61:OK-t1,SUCCESS,nextIndex=29,followerCommit=27,matchIndex=28
2024-09-10 06:19:51,199 DEBUG server.RaftServer$Division (RaftServerImpl.java:logAppendEntries(1539)) - s12@group-0052E07B9BEC: appendEntries* s11->s12#81-t1,previous=(t:1, i:27),leaderCommit=27,initializing? false,entries: size=1, first=(t:1, i:28), METADATAENTRY(c:27)
2024-09-10 06:19:51,200 DEBUG server.RaftServer$Division (RaftServerImpl.java:logAppendEntries(1539)) - s12@group-0052E07B9BEC: appendEntries* reply s11<-s12#81:OK-t1,SUCCESS,nextIndex=29,followerCommit=27,matchIndex=28
2024-09-10 06:19:51,200 DEBUG server.RaftServer$Division (RaftServerImpl.java:submitClientRequestAsync(910)) - s11@group-0052E07B9BEC: receive client request(RaftClientRequest:client-C7441C59A54E->s11@group-0052E07B9BEC, cid=4235, seq=null, RW, Message:01016304010300040201...(size=17))
2024-09-10 06:19:51,200 DEBUG server.RaftServer$Division (LeaderStateImpl.java:addPendingRequest(532)) - s11@group-0052E07B9BEC-LeaderStateImpl: addPendingRequest at RaftClientRequest:client-C7441C59A54E->s11@group-0052E07B9BEC, cid=4235, seq=null, RW, Message:01016304010300040201...(size=17), entry=(t:1, i:29), STATEMACHINELOGENTRY, WRITE: logData.size=17, stateMachineData.size=0, logEntryProtoSerializedSize=0
2024-09-10 06:19:51,201 DEBUG server.RaftServer$Division (RaftServerImpl.java:logAppendEntries(1539)) - s13@group-0052E07B9BEC: appendEntries* s11->s13#64-t1,previous=(t:1, i:28),leaderCommit=28,initializing? false,entries: size=1, first=(t:1, i:29), STATEMACHINELOGENTRY, StateMachineLogEntryProto:4235@client-C7441C59A54E
2024-09-10 06:19:51,202 DEBUG server.RaftServer$Division (RaftServerImpl.java:logAppendEntries(1539)) - s13@group-0052E07B9BEC: appendEntries* reply s11<-s13#64:OK-t1,SUCCESS,nextIndex=30,followerCommit=28,matchIndex=29
2024-09-10 06:19:51,202 INFO  statemachine.StateMachine (ArithmeticStateMachine.java:applyTransaction(181)) - LEADER:s11-29: c = √(a^2 + b^2) = 365
2024-09-10 06:19:51,203 DEBUG server.RaftServer$Division (RaftServerImpl.java:logAppendEntries(1539)) - s13@group-0052E07B9BEC: appendEntries* s11->s13#65-t1,previous=(t:1, i:29),leaderCommit=29,initializing? false,entries: size=1, first=(t:1, i:30), METADATAENTRY(c:29)
2024-09-10 06:19:51,203 DEBUG server.RaftServer$Division (RaftServerImpl.java:logAppendEntries(1539)) - s13@group-0052E07B9BEC: appendEntries* reply s11<-s13#65:OK-t1,SUCCESS,nextIndex=31,followerCommit=29,matchIndex=30
2024-09-10 06:19:51,206 DEBUG server.RaftServer$Division (RaftServerImpl.java:submitClientRequestAsync(910)) - s11@group-0052E07B9BEC: receive client request(RaftClientRequest:client-C7441C59A54E->s11@group-0052E07B9BEC, cid=4236, seq=null, RW, Message:01016100)
2024-09-10 06:19:51,207 DEBUG server.RaftServer$Division (LeaderStateImpl.java:addPendingRequest(532)) - s11@group-0052E07B9BEC-LeaderStateImpl: addPendingRequest at RaftClientRequest:client-C7441C59A54E->s11@group-0052E07B9BEC, cid=4236, seq=null, RW, Message:01016100, entry=(t:1, i:31), STATEMACHINELOGENTRY, WRITE: logData.size=4, stateMachineData.size=0, logEntryProtoSerializedSize=0
2024-09-10 06:19:51,207 DEBUG server.RaftServer$Division (RaftServerImpl.java:logAppendEntries(1539)) - s13@group-0052E07B9BEC: appendEntries* s11->s13#67-t1,previous=(t:1, i:30),leaderCommit=30,initializing? false,entries: size=1, first=(t:1, i:31), STATEMACHINELOGENTRY, StateMachineLogEntryProto:4236@client-C7441C59A54E
2024-09-10 06:19:51,208 DEBUG server.RaftServer$Division (RaftServerImpl.java:logAppendEntries(1539)) - s12@group-0052E07B9BEC: appendEntries* s11->s12#82-t1,previous=(t:1, i:28),leaderCommit=30,initializing? false,entries: size=3, first=(t:1, i:29), STATEMACHINELOGENTRY, StateMachineLogEntryProto:4235@client-C7441C59A54E
2024-09-10 06:19:51,208 DEBUG server.RaftServer$Division (RaftServerImpl.java:logAppendEntries(1539)) - s13@group-0052E07B9BEC: appendEntries* reply s11<-s13#67:OK-t1,SUCCESS,nextIndex=32,followerCommit=30,matchIndex=31
2024-09-10 06:19:51,208 DEBUG server.RaftServer$Division (RaftServerImpl.java:logAppendEntries(1539)) - s12@group-0052E07B9BEC: appendEntries* reply s11<-s12#82:OK-t1,SUCCESS,nextIndex=32,followerCommit=30,matchIndex=31
2024-09-10 06:19:51,209 INFO  statemachine.StateMachine (ArithmeticStateMachine.java:applyTransaction(181)) - LEADER:s11-31: a = null = null
2024-09-10 06:19:51,210 DEBUG server.RaftServer$Division (RaftServerImpl.java:logAppendEntries(1539)) - s12@group-0052E07B9BEC: appendEntries* s11->s12#84-t1,previous=(t:1, i:31),leaderCommit=31,initializing? false,entries: size=1, first=(t:1, i:32), METADATAENTRY(c:31)
2024-09-10 06:19:51,210 DEBUG server.RaftServer$Division (RaftServerImpl.java:logAppendEntries(1539)) - s13@group-0052E07B9BEC: appendEntries* s11->s13#68-t1,previous=(t:1, i:31),leaderCommit=31,initializing? false,entries: size=1, first=(t:1, i:32), METADATAENTRY(c:31)
2024-09-10 06:19:51,210 DEBUG server.RaftServer$Division (RaftServerImpl.java:logAppendEntries(1539)) - s12@group-0052E07B9BEC: appendEntries* reply s11<-s12#84:OK-t1,SUCCESS,nextIndex=33,followerCommit=31,matchIndex=32
2024-09-10 06:19:51,210 DEBUG server.RaftServer$Division (RaftServerImpl.java:logAppendEntries(1539)) - s13@group-0052E07B9BEC: appendEntries* reply s11<-s13#68:OK-t1,SUCCESS,nextIndex=33,followerCommit=31,matchIndex=32
2024-09-10 06:19:51,213 DEBUG server.RaftServer$Division (RaftServerImpl.java:submitClientRequestAsync(910)) - s11@group-0052E07B9BEC: receive client request(RaftClientRequest:client-C7441C59A54E->s11@group-0052E07B9BEC, cid=4237, seq=null, RW, Message:01016200)
2024-09-10 06:19:51,213 DEBUG server.RaftServer$Division (LeaderStateImpl.java:addPendingRequest(532)) - s11@group-0052E07B9BEC-LeaderStateImpl: addPendingRequest at RaftClientRequest:client-C7441C59A54E->s11@group-0052E07B9BEC, cid=4237, seq=null, RW, Message:01016200, entry=(t:1, i:33), STATEMACHINELOGENTRY, WRITE: logData.size=4, stateMachineData.size=0, logEntryProtoSerializedSize=0
2024-09-10 06:19:51,214 DEBUG server.RaftServer$Division (RaftServerImpl.java:logAppendEntries(1539)) - s12@group-0052E07B9BEC: appendEntries* s11->s12#88-t1,previous=(t:1, i:32),leaderCommit=32,initializing? false,entries: size=1, first=(t:1, i:33), STATEMACHINELOGENTRY, StateMachineLogEntryProto:4237@client-C7441C59A54E
2024-09-10 06:19:51,214 DEBUG server.RaftServer$Division (RaftServerImpl.java:logAppendEntries(1539)) - s13@group-0052E07B9BEC: appendEntries* s11->s13#72-t1,previous=(t:1, i:32),leaderCommit=32,initializing? false,entries: size=1, first=(t:1, i:33), STATEMACHINELOGENTRY, StateMachineLogEntryProto:4237@client-C7441C59A54E
2024-09-10 06:19:51,215 DEBUG server.RaftServer$Division (RaftServerImpl.java:logAppendEntries(1539)) - s12@group-0052E07B9BEC: appendEntries* reply s11<-s12#88:OK-t1,SUCCESS,nextIndex=34,followerCommit=32,matchIndex=33
2024-09-10 06:19:51,215 DEBUG server.RaftServer$Division (RaftServerImpl.java:logAppendEntries(1539)) - s13@group-0052E07B9BEC: appendEntries* reply s11<-s13#72:OK-t1,SUCCESS,nextIndex=34,followerCommit=32,matchIndex=33
2024-09-10 06:19:51,216 INFO  statemachine.StateMachine (ArithmeticStateMachine.java:applyTransaction(181)) - LEADER:s11-33: b = null = null
2024-09-10 06:19:51,216 DEBUG server.RaftServer$Division (RaftServerImpl.java:logAppendEntries(1539)) - s12@group-0052E07B9BEC: appendEntries* s11->s12#89-t1,previous=(t:1, i:33),leaderCommit=33,initializing? false,entries: size=1, first=(t:1, i:34), METADATAENTRY(c:33)
2024-09-10 06:19:51,216 DEBUG server.RaftServer$Division (RaftServerImpl.java:logAppendEntries(1539)) - s13@group-0052E07B9BEC: appendEntries* s11->s13#73-t1,previous=(t:1, i:33),leaderCommit=33,initializing? false,entries: size=1, first=(t:1, i:34), METADATAENTRY(c:33)
2024-09-10 06:19:51,217 DEBUG server.RaftServer$Division (RaftServerImpl.java:logAppendEntries(1539)) - s12@group-0052E07B9BEC: appendEntries* reply s11<-s12#89:OK-t1,SUCCESS,nextIndex=35,followerCommit=33,matchIndex=34
2024-09-10 06:19:51,217 DEBUG server.RaftServer$Division (RaftServerImpl.java:logAppendEntries(1539)) - s13@group-0052E07B9BEC: appendEntries* reply s11<-s13#73:OK-t1,SUCCESS,nextIndex=35,followerCommit=33,matchIndex=34
2024-09-10 06:19:51,219 DEBUG server.RaftServer$Division (RaftServerImpl.java:submitClientRequestAsync(910)) - s11@group-0052E07B9BEC: receive client request(RaftClientRequest:client-C7441C59A54E->s11@group-0052E07B9BEC, cid=4238, seq=null, RW, Message:01016300)
2024-09-10 06:19:51,219 DEBUG server.RaftServer$Division (LeaderStateImpl.java:addPendingRequest(532)) - s11@group-0052E07B9BEC-LeaderStateImpl: addPendingRequest at RaftClientRequest:client-C7441C59A54E->s11@group-0052E07B9BEC, cid=4238, seq=null, RW, Message:01016300, entry=(t:1, i:35), STATEMACHINELOGENTRY, WRITE: logData.size=4, stateMachineData.size=0, logEntryProtoSerializedSize=0
2024-09-10 06:19:51,220 DEBUG server.RaftServer$Division (RaftServerImpl.java:logAppendEntries(1539)) - s13@group-0052E07B9BEC: appendEntries* s11->s13#76-t1,previous=(t:1, i:34),leaderCommit=34,initializing? false,entries: size=1, first=(t:1, i:35), STATEMACHINELOGENTRY, StateMachineLogEntryProto:4238@client-C7441C59A54E
2024-09-10 06:19:51,221 DEBUG server.RaftServer$Division (RaftServerImpl.java:logAppendEntries(1539)) - s13@group-0052E07B9BEC: appendEntries* reply s11<-s13#76:OK-t1,SUCCESS,nextIndex=36,followerCommit=34,matchIndex=35
2024-09-10 06:19:51,221 DEBUG server.RaftServer$Division (RaftServerImpl.java:logAppendEntries(1539)) - s12@group-0052E07B9BEC: appendEntries* s11->s12#92-t1,previous=(t:1, i:34),leaderCommit=34,initializing? false,entries: size=1, first=(t:1, i:35), STATEMACHINELOGENTRY, StateMachineLogEntryProto:4238@client-C7441C59A54E
2024-09-10 06:19:51,221 DEBUG server.RaftServer$Division (RaftServerImpl.java:logAppendEntries(1539)) - s12@group-0052E07B9BEC: appendEntries* reply s11<-s12#92:OK-t1,SUCCESS,nextIndex=36,followerCommit=34,matchIndex=35
2024-09-10 06:19:51,222 INFO  statemachine.StateMachine (ArithmeticStateMachine.java:applyTransaction(181)) - LEADER:s11-35: c = null = null
2024-09-10 06:19:51,223 DEBUG server.RaftServer$Division (RaftServerImpl.java:logAppendEntries(1539)) - s13@group-0052E07B9BEC: appendEntries* s11->s13#77-t1,previous=(t:1, i:35),leaderCommit=35,initializing? false,entries: size=1, first=(t:1, i:36), METADATAENTRY(c:35)
2024-09-10 06:19:51,224 DEBUG server.RaftServer$Division (RaftServerImpl.java:logAppendEntries(1539)) - s13@group-0052E07B9BEC: appendEntries* reply s11<-s13#77:OK-t1,SUCCESS,nextIndex=37,followerCommit=35,matchIndex=36
2024-09-10 06:19:51,224 DEBUG server.RaftServer$Division (RaftServerImpl.java:logAppendEntries(1539)) - s12@group-0052E07B9BEC: appendEntries* s11->s12#93-t1,previous=(t:1, i:35),leaderCommit=35,initializing? false,entries: size=1, first=(t:1, i:36), METADATAENTRY(c:35)
2024-09-10 06:19:51,224 DEBUG server.RaftServer$Division (RaftServerImpl.java:logAppendEntries(1539)) - s12@group-0052E07B9BEC: appendEntries* reply s11<-s12#93:OK-t1,SUCCESS,nextIndex=37,followerCommit=35,matchIndex=36
2024-09-10 06:19:51,224 ERROR impl.StateMachineUpdater (StateMachineUpdater.java:run(206)) - s11@group-0052E07B9BEC-StateMachineUpdater caught a Throwable.
java.lang.IllegalStateException: Failed to retain: object has already been completely released.
	at org.apache.ratis.util.ReferenceCountedLeakDetector$Impl.retain(ReferenceCountedLeakDetector.java:116)
	at org.apache.ratis.server.raftlog.segmented.SegmentedRaftLog.retainLog(SegmentedRaftLog.java:310)
	at org.apache.ratis.server.impl.StateMachineUpdater.applyLog(StateMachineUpdater.java:244)
	at org.apache.ratis.server.impl.StateMachineUpdater.run(StateMachineUpdater.java:193)
	at java.lang.Thread.run(Thread.java:750)
2024-09-10 06:19:51,225 INFO  server.RaftServer$Division (RaftServerImpl.java:lambda$close$1(510)) - s11@group-0052E07B9BEC: shutdown
2024-09-10 06:19:51,225 INFO  util.JmxRegister (JmxRegister.java:unregister(74)) - Successfully un-registered JMX Bean with object name Ratis:service=RaftServer,group=group-0052E07B9BEC,id=s11
2024-09-10 06:19:51,225 INFO  impl.RoleInfo (RoleInfo.java:shutdownLeaderState(103)) - s11: shutdown s11@group-0052E07B9BEC-LeaderStateImpl
2024-09-10 06:19:51,225 INFO  impl.PendingRequests (PendingRequests.java:sendNotLeaderResponses(287)) - s11@group-0052E07B9BEC-PendingRequests: sendNotLeaderResponses
2024-09-10 06:19:51,227 WARN  server.GrpcLogAppender (GrpcLogAppender.java:mayWait(293)) - s11@group-0052E07B9BEC->s13-GrpcLogAppender: Wait interrupted by java.lang.InterruptedException
2024-09-10 06:19:51,227 WARN  server.GrpcLogAppender (GrpcLogAppender.java:mayWait(293)) - s11@group-0052E07B9BEC->s12-GrpcLogAppender: Wait interrupted by java.lang.InterruptedException
2024-09-10 06:19:51,229 INFO  server.GrpcServerProtocolService (GrpcServerProtocolService.java:onCompleted(200)) - s13: Completed APPEND_ENTRIES, lastRequest: s11->s13#77-t1,previous=(t:1, i:35),leaderCommit=35,initializing? false,entries: size=1, first=(t:1, i:36), METADATAENTRY(c:35)
2024-09-10 06:19:51,229 INFO  server.GrpcServerProtocolService (GrpcServerProtocolService.java:onCompleted(200)) - s12: Completed APPEND_ENTRIES, lastRequest: s11->s12#93-t1,previous=(t:1, i:35),leaderCommit=35,initializing? false,entries: size=1, first=(t:1, i:36), METADATAENTRY(c:35)
2024-09-10 06:19:51,229 DEBUG server.RaftServer$Division (RaftServerImpl.java:submitClientRequestAsync(910)) - s11@group-0052E07B9BEC: receive client request(RaftClientRequest:client-C7441C59A54E->s11@group-0052E07B9BEC, cid=4239, seq=null, RW, Message:01016102403d00000000...(size=12))
2024-09-10 06:19:51,230 INFO  server.GrpcServerProtocolService (GrpcServerProtocolService.java:onCompleted(200)) - s13: Completed APPEND_ENTRIES, lastRequest: null
2024-09-10 06:19:51,230 INFO  impl.StateMachineUpdater (StateMachineUpdater.java:stop(141)) - s11@group-0052E07B9BEC-StateMachineUpdater: closing ArithmeticStateMachine, lastApplied=(t:1, i:35)
2024-09-10 06:19:51,230 INFO  util.AwaitToRun (AwaitToRun.java:run(49)) - s11@group-0052E07B9BEC-cacheEviction-AwaitToRun-AwaitForSignal is interrupted
2024-09-10 06:19:51,230 INFO  server.GrpcServerProtocolService (GrpcServerProtocolService.java:lambda$onCompleted$7(202)) - s12: Completed APPEND_ENTRIES, lastReply: null
2024-09-10 06:19:51,231 INFO  server.GrpcServerProtocolService (GrpcServerProtocolService.java:lambda$onCompleted$7(202)) - s13: Completed APPEND_ENTRIES, lastReply: null
2024-09-10 06:19:51,231 WARN  server.RaftServer$Division (ServerState.java:close(437)) - s11@group-0052E07B9BEC: Failed to close raft log s11@group-0052E07B9BEC-SegmentedRaftLog:CLOSED:c36
java.lang.IllegalStateException: Failed to release: object has already been completely released.
	at org.apache.ratis.util.ReferenceCountedLeakDetector$Impl.release(ReferenceCountedLeakDetector.java:130)
	at org.apache.ratis.util.ReferenceCountedLeakDetector$SimpleTracing.release(ReferenceCountedLeakDetector.java:152)
	at java.util.concurrent.ConcurrentHashMap$ValuesView.forEach(ConcurrentHashMap.java:4705)
	at org.apache.ratis.server.raftlog.segmented.LogSegment$EntryCache.clear(LogSegment.java:309)
	at org.apache.ratis.server.raftlog.segmented.LogSegment.evictCache(LogSegment.java:517)
	at org.apache.ratis.server.raftlog.segmented.LogSegment.clear(LogSegment.java:508)
	at org.apache.ratis.server.raftlog.segmented.SegmentedRaftLogCache.close(SegmentedRaftLogCache.java:742)
	at org.apache.ratis.server.raftlog.segmented.SegmentedRaftLog.close(SegmentedRaftLog.java:563)
	at org.apache.ratis.server.impl.ServerState.close(ServerState.java:434)
	at org.apache.ratis.server.impl.RaftServerImpl.lambda$close$1(RaftServerImpl.java:532)
	at org.apache.ratis.util.LifeCycle.lambda$checkStateAndClose$7(LifeCycle.java:306)
	at org.apache.ratis.util.LifeCycle.checkStateAndClose(LifeCycle.java:326)
	at org.apache.ratis.util.LifeCycle.checkStateAndClose(LifeCycle.java:304)
	at org.apache.ratis.server.impl.RaftServerImpl.close(RaftServerImpl.java:509)
	at org.apache.ratis.server.impl.StateMachineUpdater.run(StateMachineUpdater.java:207)
	at java.lang.Thread.run(Thread.java:750)
2024-09-10 06:19:51,232 INFO  server.GrpcLogAppender (GrpcLogAppender.java:onCompleted(559)) - s11@group-0052E07B9BEC->s13-AppendLogResponseHandler: follower responses appendEntries COMPLETED
2024-09-10 06:19:51,233 INFO  server.GrpcServerProtocolService (GrpcServerProtocolService.java:onCompleted(200)) - s12: Completed APPEND_ENTRIES, lastRequest: null
2024-09-10 06:19:51,234 INFO  server.GrpcServerProtocolService (GrpcServerProtocolService.java:lambda$onCompleted$7(202)) - s12: Completed APPEND_ENTRIES, lastReply: serverReply {
  requestorId: "s11"
  replyId: "s12"
  raftGroupId {
    id: "\360r\tv\237\331J\003\206\216\000R\340{\233\354"
  }
  callId: 7
  success: true
}
term: 1
nextIndex: 1
matchIndex: 18446744073709551615
isHearbeat: true

2024-09-10 06:19:51,234 INFO  server.GrpcServerProtocolService (GrpcServerProtocolService.java:lambda$onCompleted$7(202)) - s13: Completed APPEND_ENTRIES, lastReply: serverReply {
  requestorId: "s11"
  replyId: "s13"
  raftGroupId {
    id: "\360r\tv\237\331J\003\206\216\000R\340{\233\354"
  }
  callId: 5
  success: true
}
term: 1
nextIndex: 1
matchIndex: 18446744073709551615
isHearbeat: true

2024-09-10 06:19:51,235 INFO  server.GrpcLogAppender (GrpcLogAppender.java:onCompleted(559)) - s11@group-0052E07B9BEC->s12-AppendLogResponseHandler: follower responses appendEntries COMPLETED
2024-09-10 06:19:51,235 INFO  server.GrpcLogAppender (GrpcLogAppender.java:onCompleted(559)) - s11@group-0052E07B9BEC->s12-AppendLogResponseHandler: follower responses appendEntries COMPLETED
2024-09-10 06:19:51,235 INFO  server.GrpcLogAppender (GrpcLogAppender.java:onCompleted(559)) - s11@group-0052E07B9BEC->s13-AppendLogResponseHandler: follower responses appendEntries COMPLETED
2024-09-10 06:19:51,359 DEBUG server.RaftServer$Division (RaftServerImpl.java:submitClientRequestAsync(910)) - s12@group-0052E07B9BEC: receive client request(RaftClientRequest:client-C7441C59A54E->s12@group-0052E07B9BEC, cid=4239, seq=null, RW, Message:01016102403d00000000...(size=12))
2024-09-10 06:19:51,359 INFO  server.GrpcClientProtocolService (GrpcClientProtocolService.java:lambda$processClientRequest$0(331)) - Failed request cid=4239, null, reply=RaftClientReply:client-C7441C59A54E->s12@group-0052E07B9BEC, cid=4239, FAILED org.apache.ratis.protocol.exceptions.NotLeaderException: Server s12@group-0052E07B9BEC is not the leader, suggested leader is: s11|0.0.0.0:15011, logIndex=0, commits[s12:c35, s11:c35, s13:c34]
2024-09-10 06:19:51,580 DEBUG server.RaftServer$Division (RaftServerImpl.java:submitClientRequestAsync(910)) - s13@group-0052E07B9BEC: receive client request(RaftClientRequest:client-C7441C59A54E->s13@group-0052E07B9BEC, cid=4239, seq=null, RW, Message:01016102403d00000000...(size=12))
2024-09-10 06:19:51,581 INFO  server.GrpcClientProtocolService (GrpcClientProtocolService.java:lambda$processClientRequest$0(331)) - Failed request cid=4239, null, reply=RaftClientReply:client-C7441C59A54E->s13@group-0052E07B9BEC, cid=4239, FAILED org.apache.ratis.protocol.exceptions.NotLeaderException: Server s13@group-0052E07B9BEC is not the leader, suggested leader is: s11|0.0.0.0:15011, logIndex=0, commits[s13:c35, s11:c35, s12:c33]
2024-09-10 06:19:51,802 DEBUG server.RaftServer$Division (RaftServerImpl.java:submitClientRequestAsync(910)) - s12@group-0052E07B9BEC: receive client request(RaftClientRequest:client-C7441C59A54E->s12@group-0052E07B9BEC, cid=4239, seq=null, RW, Message:01016102403d00000000...(size=12))
2024-09-10 06:19:51,802 INFO  server.GrpcClientProtocolService (GrpcClientProtocolService.java:lambda$processClientRequest$0(331)) - Failed request cid=4239, null, reply=RaftClientReply:client-C7441C59A54E->s12@group-0052E07B9BEC, cid=4239, FAILED org.apache.ratis.protocol.exceptions.NotLeaderException: Server s12@group-0052E07B9BEC is not the leader, suggested leader is: s11|0.0.0.0:15011, logIndex=0, commits[s12:c35, s11:c35, s13:c34]
2024-09-10 06:19:51,903 INFO  impl.FollowerState (FollowerState.java:run(144)) - s13@group-0052E07B9BEC-FollowerState: change to CANDIDATE, lastRpcElapsedTime:679321643ns, electionTimeout:456ms
2024-09-10 06:19:51,903 INFO  impl.RoleInfo (RoleInfo.java:shutdownFollowerState(119)) - s13: shutdown s13@group-0052E07B9BEC-FollowerState
2024-09-10 06:19:51,903 INFO  server.RaftServer$Division (RaftServerImpl.java:setRole(378)) - s13@group-0052E07B9BEC: changes role from  FOLLOWER to CANDIDATE at term 1 for changeToCandidate
2024-09-10 06:19:51,903 INFO  server.RaftServerConfigKeys (ConfUtils.java:logGet(46)) - raft.server.leaderelection.pre-vote = true (default)
2024-09-10 06:19:51,903 INFO  impl.RoleInfo (RoleInfo.java:updateAndGet(148)) - s13: start s13@group-0052E07B9BEC-LeaderElection15
2024-09-10 06:19:51,904 INFO  server.RaftServer$Division (ServerState.java:setLeader(272)) - s13@group-0052E07B9BEC: change Leader from s11 to null at term 1 for PRE_VOTE
2024-09-10 06:19:51,904 INFO  impl.LeaderElection (LeaderElection.java:askForVotes(325)) - s13@group-0052E07B9BEC-LeaderElection15 PRE_VOTE round 0: submit vote requests at term 1 for conf: {index: 0, cur=peers:[s11|0.0.0.0:15011, s13|0.0.0.0:15013, s12|0.0.0.0:15012]|listeners:[], old=null}
2024-09-10 06:19:51,904 INFO  server.GrpcServerProtocolClient (GrpcServerProtocolClient.java:<init>(65)) - Build channel for s11|0.0.0.0:15011
2024-09-10 06:19:51,904 INFO  server.GrpcServerProtocolClient (GrpcServerProtocolClient.java:<init>(65)) - Build channel for s12|0.0.0.0:15012
2024-09-10 06:19:51,910 INFO  server.RaftServer$Division (RaftServerImpl.java:requestVote(1437)) - s12@group-0052E07B9BEC: receive requestVote(PRE_VOTE, s13, group-0052E07B9BEC, 1, (t:1, i:36))
2024-09-10 06:19:51,910 INFO  impl.VoteContext (VoteContext.java:log(49)) - s12@group-0052E07B9BEC-FOLLOWER: accept PRE_VOTE from s13: our priority 0 <= candidate's priority 0
2024-09-10 06:19:51,910 INFO  server.RaftServer$Division (RaftServerImpl.java:requestVote(1470)) - s12@group-0052E07B9BEC replies to PRE_VOTE vote request: s13<-s12#0:OK-t1. Peer's state: s12@group-0052E07B9BEC:t1, leader=s11, voted=s11, raftlog=Memoized:s12@group-0052E07B9BEC-SegmentedRaftLog:OPENED:c35:last(t:1, i:36), conf=conf: {index: 0, cur=peers:[s11|0.0.0.0:15011, s13|0.0.0.0:15013, s12|0.0.0.0:15012]|listeners:[], old=null}
2024-09-10 06:19:51,917 INFO  server.RaftServer$Division (RaftServerImpl.java:requestVote(1437)) - s11@group-0052E07B9BEC: receive requestVote(PRE_VOTE, s13, group-0052E07B9BEC, 1, (t:1, i:36))
2024-09-10 06:19:51,917 WARN  server.GrpcServerProtocolService (LogUtils.java:warn(121)) - s11: Failed requestVote s13->s11#0: org.apache.ratis.protocol.exceptions.ServerNotReadyException: s11@group-0052E07B9BEC is not in [RUNNING]: current state is CLOSED
2024-09-10 06:19:51,920 INFO  impl.LeaderElection (LeaderElection.java:logAndReturn(89)) - s13@group-0052E07B9BEC-LeaderElection15: PRE_VOTE PASSED received 1 response(s) and 0 exception(s):
2024-09-10 06:19:51,920 INFO  impl.LeaderElection (LeaderElection.java:logAndReturn(93)) -   Response 0: s13<-s12#0:OK-t1
2024-09-10 06:19:51,920 INFO  impl.LeaderElection (LeaderElection.java:askForVotes(327)) - s13@group-0052E07B9BEC-LeaderElection15 PRE_VOTE round 0: result PASSED
2024-09-10 06:19:51,921 TRACE util.FileUtils (LogUtils.java:supplyAndLog(69)) - Successfully supplied FileChannel.open /home/runner/work/ratis/ratis/ratis-examples/target/test/data/f624d035/MiniRaftClusterWithGrpc4aa2bfeb/s13/f0720976-9fd9-4a03-868e-0052e07b9bec/current/raft-meta.tmp with options [CREATE, WRITE]: sun.nio.ch.FileChannelImpl@3716cb10
2024-09-10 06:19:51,926 TRACE util.FileUtils (LogUtils.java:runAndLog(49)) - Successfully ran Atomic Files.move /home/runner/work/ratis/ratis/ratis-examples/target/test/data/f624d035/MiniRaftClusterWithGrpc4aa2bfeb/s13/f0720976-9fd9-4a03-868e-0052e07b9bec/current/raft-meta.tmp to /home/runner/work/ratis/ratis/ratis-examples/target/test/data/f624d035/MiniRaftClusterWithGrpc4aa2bfeb/s13/f0720976-9fd9-4a03-868e-0052e07b9bec/current/raft-meta with options [REPLACE_EXISTING]
2024-09-10 06:19:51,926 INFO  impl.LeaderElection (LeaderElection.java:askForVotes(325)) - s13@group-0052E07B9BEC-LeaderElection15 ELECTION round 0: submit vote requests at term 2 for conf: {index: 0, cur=peers:[s11|0.0.0.0:15011, s13|0.0.0.0:15013, s12|0.0.0.0:15012]|listeners:[], old=null}
2024-09-10 06:19:51,928 INFO  server.RaftServer$Division (RaftServerImpl.java:requestVote(1437)) - s11@group-0052E07B9BEC: receive requestVote(ELECTION, s13, group-0052E07B9BEC, 2, (t:1, i:36))
2024-09-10 06:19:51,928 INFO  server.RaftServer$Division (RaftServerImpl.java:requestVote(1437)) - s12@group-0052E07B9BEC: receive requestVote(ELECTION, s13, group-0052E07B9BEC, 2, (t:1, i:36))
2024-09-10 06:19:51,928 WARN  server.GrpcServerProtocolService (LogUtils.java:warn(121)) - s11: Failed requestVote s13->s11#0: org.apache.ratis.protocol.exceptions.ServerNotReadyException: s11@group-0052E07B9BEC is not in [RUNNING]: current state is CLOSED
2024-09-10 06:19:51,928 INFO  impl.VoteContext (VoteContext.java:log(49)) - s12@group-0052E07B9BEC-FOLLOWER: accept ELECTION from s13: our priority 0 <= candidate's priority 0
2024-09-10 06:19:51,928 INFO  server.RaftServer$Division (ServerState.java:setLeader(272)) - s12@group-0052E07B9BEC: change Leader from s11 to null at term 2 for updateCurrentTerm
2024-09-10 06:19:51,928 INFO  server.RaftServer$Division (RaftServerImpl.java:setRole(378)) - s12@group-0052E07B9BEC: changes role from  FOLLOWER to FOLLOWER at term 2 for candidate:s13
2024-09-10 06:19:51,928 INFO  impl.RoleInfo (RoleInfo.java:shutdownFollowerState(119)) - s12: shutdown s12@group-0052E07B9BEC-FollowerState
2024-09-10 06:19:51,928 INFO  impl.RoleInfo (RoleInfo.java:updateAndGet(148)) - s12: start s12@group-0052E07B9BEC-FollowerState
2024-09-10 06:19:51,928 INFO  impl.FollowerState (FollowerState.java:run(153)) - s12@group-0052E07B9BEC-FollowerState was interrupted
2024-09-10 06:19:51,929 TRACE util.FileUtils (LogUtils.java:supplyAndLog(69)) - Successfully supplied FileChannel.open /home/runner/work/ratis/ratis/ratis-examples/target/test/data/f624d035/MiniRaftClusterWithGrpc4aa2bfeb/s12/f0720976-9fd9-4a03-868e-0052e07b9bec/current/raft-meta.tmp with options [CREATE, WRITE]: sun.nio.ch.FileChannelImpl@572ab5a5
2024-09-10 06:19:51,931 INFO  impl.LeaderElection (LogUtils.java:infoOrTrace(136)) - s13@group-0052E07B9BEC-LeaderElection15 got exception when requesting votes: java.util.concurrent.ExecutionException: org.apache.ratis.thirdparty.io.grpc.StatusRuntimeException: INTERNAL: s11@group-0052E07B9BEC is not in [RUNNING]: current state is CLOSED
2024-09-10 06:19:51,932 TRACE util.FileUtils (LogUtils.java:runAndLog(49)) - Successfully ran Atomic Files.move /home/runner/work/ratis/ratis/ratis-examples/target/test/data/f624d035/MiniRaftClusterWithGrpc4aa2bfeb/s12/f0720976-9fd9-4a03-868e-0052e07b9bec/current/raft-meta.tmp to /home/runner/work/ratis/ratis/ratis-examples/target/test/data/f624d035/MiniRaftClusterWithGrpc4aa2bfeb/s12/f0720976-9fd9-4a03-868e-0052e07b9bec/current/raft-meta with options [REPLACE_EXISTING]
2024-09-10 06:19:51,932 INFO  server.RaftServer$Division (RaftServerImpl.java:requestVote(1470)) - s12@group-0052E07B9BEC replies to ELECTION vote request: s13<-s12#0:OK-t2. Peer's state: s12@group-0052E07B9BEC:t2, leader=null, voted=s13, raftlog=Memoized:s12@group-0052E07B9BEC-SegmentedRaftLog:OPENED:c35:last(t:1, i:36), conf=conf: {index: 0, cur=peers:[s11|0.0.0.0:15011, s13|0.0.0.0:15013, s12|0.0.0.0:15012]|listeners:[], old=null}
2024-09-10 06:19:51,935 INFO  impl.LeaderElection (LeaderElection.java:logAndReturn(89)) - s13@group-0052E07B9BEC-LeaderElection15: ELECTION PASSED received 1 response(s) and 1 exception(s):
2024-09-10 06:19:51,935 INFO  impl.LeaderElection (LeaderElection.java:logAndReturn(93)) -   Response 0: s13<-s12#0:OK-t2
2024-09-10 06:19:51,935 INFO  impl.LeaderElection (LogUtils.java:infoOrTrace(136)) -   Exception 1: java.util.concurrent.ExecutionException: org.apache.ratis.thirdparty.io.grpc.StatusRuntimeException: INTERNAL: s11@group-0052E07B9BEC is not in [RUNNING]: current state is CLOSED
2024-09-10 06:19:51,935 INFO  impl.LeaderElection (LeaderElection.java:askForVotes(327)) - s13@group-0052E07B9BEC-LeaderElection15 ELECTION round 0: result PASSED
2024-09-10 06:19:51,935 INFO  impl.RoleInfo (RoleInfo.java:shutdownLeaderElection(139)) - s13: shutdown s13@group-0052E07B9BEC-LeaderElection15
2024-09-10 06:19:51,935 INFO  server.RaftServer$Division (RaftServerImpl.java:setRole(378)) - s13@group-0052E07B9BEC: changes role from CANDIDATE to LEADER at term 2 for changeToLeader
2024-09-10 06:19:51,935 INFO  server.RaftServerConfigKeys (ConfUtils.java:logGet(46)) - raft.server.staging.catchup.gap = 1000 (default)
2024-09-10 06:19:51,935 INFO  server.RaftServerConfigKeys (ConfUtils.java:logGet(46)) - raft.server.write.element-limit = 4096 (default)
2024-09-10 06:19:51,935 INFO  server.RaftServerConfigKeys (ConfUtils.java:logGet(46)) - raft.server.write.byte-limit = 64MB (=67108864) (default)
2024-09-10 06:19:51,935 INFO  server.RaftServerConfigKeys (ConfUtils.java:logGet(46)) - raft.server.watch.timeout = 10s (default)
2024-09-10 06:19:51,935 INFO  server.RaftServerConfigKeys (ConfUtils.java:logGet(46)) - raft.server.watch.timeout.denomination = 1s (default)
2024-09-10 06:19:51,935 INFO  server.RaftServerConfigKeys (ConfUtils.java:logGet(46)) - raft.server.watch.element-limit = 65536 (default)
2024-09-10 06:19:51,936 INFO  server.RaftServerConfigKeys (ConfUtils.java:logGet(46)) - raft.server.read.leader.lease.enabled = false (default)
2024-09-10 06:19:51,936 INFO  server.RaftServerConfigKeys (ConfUtils.java:logGet(46)) - raft.server.read.leader.lease.timeout.ratio = 0.9 (default)
2024-09-10 06:19:51,936 INFO  server.RaftServerConfigKeys (ConfUtils.java:logGet(46)) - raft.server.rpc.timeout.min = 300ms (custom)
2024-09-10 06:19:51,936 INFO  server.RaftServerConfigKeys (ConfUtils.java:logGet(46)) - raft.server.log.log-metadata.enabled = true (default)
2024-09-10 06:19:51,936 INFO  server.RaftServerConfigKeys (ConfUtils.java:logGet(46)) - raft.server.write.element-limit = 4096 (default)
2024-09-10 06:19:51,936 INFO  server.RaftServerConfigKeys (ConfUtils.java:logGet(46)) - raft.server.write.follower.gap.ratio.max = -1.0 (default)
2024-09-10 06:19:51,936 INFO  server.RaftServerConfigKeys (ConfUtils.java:logGet(46)) - raft.server.log.appender.snapshot.chunk.size.max = 16MB (=16777216) (default)
2024-09-10 06:19:51,937 INFO  server.RaftServerConfigKeys (ConfUtils.java:logGet(46)) - raft.server.log.appender.buffer.byte-limit = 4MB (=4194304) (default)
2024-09-10 06:19:51,937 INFO  server.RaftServerConfigKeys (ConfUtils.java:logGet(46)) - raft.server.log.appender.buffer.element-limit = 0 (default)
2024-09-10 06:19:51,937 INFO  server.RaftServerConfigKeys (ConfUtils.java:logGet(46)) - raft.server.log.appender.wait-time.min = 1ms (default)
2024-09-10 06:19:51,937 INFO  grpc.GrpcConfigKeys (ConfUtils.java:logGet(46)) - raft.grpc.server.leader.outstanding.appends.max = 8 (default)
2024-09-10 06:19:51,937 INFO  server.RaftServerConfigKeys (ConfUtils.java:logGet(46)) - raft.server.rpc.request.timeout = 3000ms (default)
2024-09-10 06:19:51,937 INFO  grpc.GrpcConfigKeys (ConfUtils.java:logGet(46)) - raft.grpc.server.install_snapshot.request.element-limit = 8 (default)
2024-09-10 06:19:51,937 INFO  grpc.GrpcConfigKeys (ConfUtils.java:logGet(46)) - raft.grpc.server.install_snapshot.request.timeout = 3000ms (default)
2024-09-10 06:19:51,937 INFO  grpc.GrpcConfigKeys (ConfUtils.java:logGet(46)) - raft.grpc.server.log-message.batch.duration = 5s (default)
2024-09-10 06:19:51,937 INFO  server.RaftServerConfigKeys (ConfUtils.java:logGet(46)) - raft.server.log.appender.install.snapshot.enabled = true (default)
2024-09-10 06:19:51,937 INFO  grpc.GrpcConfigKeys (ConfUtils.java:logGet(46)) - raft.grpc.server.heartbeat.channel = true (default)
2024-09-10 06:19:51,937 INFO  server.RaftServerConfigKeys (ConfUtils.java:logGet(46)) - raft.server.log.appender.snapshot.chunk.size.max = 16MB (=16777216) (default)
2024-09-10 06:19:51,937 INFO  server.RaftServerConfigKeys (ConfUtils.java:logGet(46)) - raft.server.log.appender.buffer.byte-limit = 4MB (=4194304) (default)
2024-09-10 06:19:51,938 INFO  server.RaftServerConfigKeys (ConfUtils.java:logGet(46)) - raft.server.log.appender.buffer.element-limit = 0 (default)
2024-09-10 06:19:51,938 INFO  server.RaftServerConfigKeys (ConfUtils.java:logGet(46)) - raft.server.log.appender.wait-time.min = 1ms (default)
2024-09-10 06:19:51,938 INFO  grpc.GrpcConfigKeys (ConfUtils.java:logGet(46)) - raft.grpc.server.leader.outstanding.appends.max = 8 (default)
2024-09-10 06:19:51,938 INFO  server.RaftServerConfigKeys (ConfUtils.java:logGet(46)) - raft.server.rpc.request.timeout = 3000ms (default)
2024-09-10 06:19:51,938 INFO  grpc.GrpcConfigKeys (ConfUtils.java:logGet(46)) - raft.grpc.server.install_snapshot.request.element-limit = 8 (default)
2024-09-10 06:19:51,938 INFO  grpc.GrpcConfigKeys (ConfUtils.java:logGet(46)) - raft.grpc.server.install_snapshot.request.timeout = 3000ms (default)
2024-09-10 06:19:51,938 INFO  grpc.GrpcConfigKeys (ConfUtils.java:logGet(46)) - raft.grpc.server.log-message.batch.duration = 5s (default)
2024-09-10 06:19:51,938 INFO  server.RaftServerConfigKeys (ConfUtils.java:logGet(46)) - raft.server.log.appender.install.snapshot.enabled = true (default)
2024-09-10 06:19:51,938 INFO  grpc.GrpcConfigKeys (ConfUtils.java:logGet(46)) - raft.grpc.server.heartbeat.channel = true (default)
2024-09-10 06:19:51,938 INFO  impl.RoleInfo (RoleInfo.java:updateAndGet(148)) - s13: start s13@group-0052E07B9BEC-LeaderStateImpl
2024-09-10 06:19:51,938 INFO  server.RaftServer$Division (ServerState.java:setLeader(272)) - s13@group-0052E07B9BEC: change Leader from null to s13 at term 2 for becomeLeader, leader elected after 34ms
2024-09-10 06:19:51,939 INFO  segmented.SegmentedRaftLogWorker (SegmentedRaftLogWorker.java:rollLogSegment(443)) - s13@group-0052E07B9BEC-SegmentedRaftLogWorker: Rolling segment log-0_36 to index:36
2024-09-10 06:19:51,939 INFO  server.RaftServer$Division (ServerState.java:setRaftConf(386)) - s13@group-0052E07B9BEC: set configuration conf: {index: 37, cur=peers:[s11|0.0.0.0:15011, s13|0.0.0.0:15013, s12|0.0.0.0:15012]|listeners:[], old=null}
2024-09-10 06:19:51,940 TRACE util.FileUtils (LogUtils.java:runAndLog(49)) - Successfully ran Atomic Files.move /home/runner/work/ratis/ratis/ratis-examples/target/test/data/f624d035/MiniRaftClusterWithGrpc4aa2bfeb/s13/f0720976-9fd9-4a03-868e-0052e07b9bec/current/log_inprogress_0 to /home/runner/work/ratis/ratis/ratis-examples/target/test/data/f624d035/MiniRaftClusterWithGrpc4aa2bfeb/s13/f0720976-9fd9-4a03-868e-0052e07b9bec/current/log_0-36
2024-09-10 06:19:51,940 INFO  segmented.SegmentedRaftLogWorker (SegmentedRaftLogWorker.java:execute(617)) - s13@group-0052E07B9BEC-SegmentedRaftLogWorker: Rolled log segment from /home/runner/work/ratis/ratis/ratis-examples/target/test/data/f624d035/MiniRaftClusterWithGrpc4aa2bfeb/s13/f0720976-9fd9-4a03-868e-0052e07b9bec/current/log_inprogress_0 to /home/runner/work/ratis/ratis/ratis-examples/target/test/data/f624d035/MiniRaftClusterWithGrpc4aa2bfeb/s13/f0720976-9fd9-4a03-868e-0052e07b9bec/current/log_0-36
2024-09-10 06:19:51,941 INFO  segmented.BufferedWriteChannel (BufferedWriteChannel.java:open(61)) - open log_inprogress_37 at position 0
2024-09-10 06:19:51,948 WARN  server.GrpcServerProtocolService (LogUtils.java:warn(123)) - s11: Failed APPEND_ENTRIES request cid=1, isHeartbeat? false
java.util.concurrent.CompletionException: java.util.concurrent.RejectedExecutionException: Task java.util.concurrent.CompletableFuture$AsyncSupply@51170ae7 rejected from java.util.concurrent.ThreadPoolExecutor@76e18451[Terminated, pool size = 0, active threads = 0, queued tasks = 0, completed tasks = 0]
	at java.util.concurrent.CompletableFuture.encodeThrowable(CompletableFuture.java:273)
	at java.util.concurrent.CompletableFuture.uniComposeStage(CompletableFuture.java:1005)
	at java.util.concurrent.CompletableFuture.thenCompose(CompletableFuture.java:2137)
	at org.apache.ratis.server.impl.RaftServerProxy.appendEntriesAsync(RaftServerProxy.java:655)
	at org.apache.ratis.grpc.server.GrpcServerProtocolService$1.process(GrpcServerProtocolService.java:307)
	at org.apache.ratis.grpc.server.GrpcServerProtocolService$ServerRequestStreamObserver.onNext(GrpcServerProtocolService.java:174)
	at org.apache.ratis.thirdparty.io.grpc.stub.ServerCalls$StreamingServerCallHandler$StreamingServerCallListener.onMessage(ServerCalls.java:262)
	at org.apache.ratis.thirdparty.io.grpc.internal.ServerCallImpl$ServerStreamListenerImpl.messagesAvailableInternal(ServerCallImpl.java:329)
	at org.apache.ratis.thirdparty.io.grpc.internal.ServerCallImpl$ServerStreamListenerImpl.messagesAvailable(ServerCallImpl.java:314)
	at org.apache.ratis.thirdparty.io.grpc.internal.ServerImpl$JumpToApplicationThreadServerStreamListener$1MessagesAvailable.runInContext(ServerImpl.java:833)
	at org.apache.ratis.thirdparty.io.grpc.internal.ContextRunnable.run(ContextRunnable.java:37)
	at org.apache.ratis.thirdparty.io.grpc.internal.SerializingExecutor.run(SerializingExecutor.java:133)
	at java.util.concurrent.ThreadPoolExecutor.runWorker(ThreadPoolExecutor.java:1149)
	at java.util.concurrent.ThreadPoolExecutor$Worker.run(ThreadPoolExecutor.java:624)
	at java.lang.Thread.run(Thread.java:750)
Caused by: java.util.concurrent.RejectedExecutionException: Task java.util.concurrent.CompletableFuture$AsyncSupply@51170ae7 rejected from java.util.concurrent.ThreadPoolExecutor@76e18451[Terminated, pool size = 0, active threads = 0, queued tasks = 0, completed tasks = 0]
	at java.util.concurrent.ThreadPoolExecutor$AbortPolicy.rejectedExecution(ThreadPoolExecutor.java:2063)
	at java.util.concurrent.ThreadPoolExecutor.reject(ThreadPoolExecutor.java:830)
	at java.util.concurrent.ThreadPoolExecutor.execute(ThreadPoolExecutor.java:1379)
	at java.util.concurrent.CompletableFuture.asyncSupplyStage(CompletableFuture.java:1618)
	at java.util.concurrent.CompletableFuture.supplyAsync(CompletableFuture.java:1843)
	at org.apache.ratis.server.impl.RaftServerImpl.executeSubmitServerRequestAsync(RaftServerImpl.java:896)
	at org.apache.ratis.server.impl.RaftServerProxy.lambda$appendEntriesAsync$29(RaftServerProxy.java:655)
	at java.util.concurrent.CompletableFuture.uniComposeStage(CompletableFuture.java:995)
	... 13 more
2024-09-10 06:19:51,949 INFO  server.RaftServer$Division (ServerState.java:setLeader(272)) - s12@group-0052E07B9BEC: change Leader from null to s13 at term 2 for appendEntries, leader elected after 20ms
2024-09-10 06:19:51,952 DEBUG server.RaftServer$Division (RaftServerImpl.java:logAppendEntries(1539)) - s12@group-0052E07B9BEC: appendEntries* s13->s12#1-t2,previous=(t:1, i:36),leaderCommit=35,initializing? false,entries: size=1, first=(t:2, i:37), CONFIGURATIONENTRY(current:id:"s11"address:"0.0.0.0:15011"clientAddress:"0.0.0.0:15011"adminAddress:"0.0.0.0:15011"startupRole:FOLLOWER, id:"s13"address:"0.0.0.0:15013"clientAddress:"0.0.0.0:15013"adminAddress:"0.0.0.0:15013"startupRole:FOLLOWER, id:"s12"address:"0.0.0.0:15012"clientAddress:"0.0.0.0:15012"adminAddress:"0.0.0.0:15012"startupRole:FOLLOWER, old:)
2024-09-10 06:19:51,952 INFO  server.RaftServer$Division (ServerState.java:setRaftConf(386)) - s12@group-0052E07B9BEC: set configuration conf: {index: 37, cur=peers:[s11|0.0.0.0:15011, s13|0.0.0.0:15013, s12|0.0.0.0:15012]|listeners:[], old=null}
2024-09-10 06:19:51,952 INFO  segmented.SegmentedRaftLogWorker (SegmentedRaftLogWorker.java:rollLogSegment(443)) - s12@group-0052E07B9BEC-SegmentedRaftLogWorker: Rolling segment log-0_36 to index:36
2024-09-10 06:19:51,953 TRACE util.FileUtils (LogUtils.java:runAndLog(49)) - Successfully ran Atomic Files.move /home/runner/work/ratis/ratis/ratis-examples/target/test/data/f624d035/MiniRaftClusterWithGrpc4aa2bfeb/s12/f0720976-9fd9-4a03-868e-0052e07b9bec/current/log_inprogress_0 to /home/runner/work/ratis/ratis/ratis-examples/target/test/data/f624d035/MiniRaftClusterWithGrpc4aa2bfeb/s12/f0720976-9fd9-4a03-868e-0052e07b9bec/current/log_0-36
2024-09-10 06:19:51,954 INFO  segmented.SegmentedRaftLogWorker (SegmentedRaftLogWorker.java:execute(617)) - s12@group-0052E07B9BEC-SegmentedRaftLogWorker: Rolled log segment from /home/runner/work/ratis/ratis/ratis-examples/target/test/data/f624d035/MiniRaftClusterWithGrpc4aa2bfeb/s12/f0720976-9fd9-4a03-868e-0052e07b9bec/current/log_inprogress_0 to /home/runner/work/ratis/ratis/ratis-examples/target/test/data/f624d035/MiniRaftClusterWithGrpc4aa2bfeb/s12/f0720976-9fd9-4a03-868e-0052e07b9bec/current/log_0-36
2024-09-10 06:19:51,954 INFO  segmented.BufferedWriteChannel (BufferedWriteChannel.java:open(61)) - open log_inprogress_37 at position 0
2024-09-10 06:19:51,956 WARN  server.GrpcLogAppender (LogUtils.java:warn(123)) - s13@group-0052E07B9BEC->s11-AppendLogResponseHandler: Failed appendEntries
java.util.concurrent.RejectedExecutionException: Task java.util.concurrent.CompletableFuture$AsyncSupply@51170ae7 rejected from java.util.concurrent.ThreadPoolExecutor@76e18451[Terminated, pool size = 0, active threads = 0, queued tasks = 0, completed tasks = 0]
	at java.util.concurrent.ThreadPoolExecutor$AbortPolicy.rejectedExecution(ThreadPoolExecutor.java:2063)
	at java.util.concurrent.ThreadPoolExecutor.reject(ThreadPoolExecutor.java:830)
	at java.util.concurrent.ThreadPoolExecutor.execute(ThreadPoolExecutor.java:1379)
	at java.util.concurrent.CompletableFuture.asyncSupplyStage(CompletableFuture.java:1618)
	at java.util.concurrent.CompletableFuture.supplyAsync(CompletableFuture.java:1843)
	at org.apache.ratis.server.impl.RaftServerImpl.executeSubmitServerRequestAsync(RaftServerImpl.java:896)
	at org.apache.ratis.server.impl.RaftServerProxy.lambda$appendEntriesAsync$29(RaftServerProxy.java:655)
	at java.util.concurrent.CompletableFuture.uniComposeStage(CompletableFuture.java:995)
	at java.util.concurrent.CompletableFuture.thenCompose(CompletableFuture.java:2137)
	at org.apache.ratis.server.impl.RaftServerProxy.appendEntriesAsync(RaftServerProxy.java:655)
	at org.apache.ratis.grpc.server.GrpcServerProtocolService$1.process(GrpcServerProtocolService.java:307)
	at org.apache.ratis.grpc.server.GrpcServerProtocolService$ServerRequestStreamObserver.onNext(GrpcServerProtocolService.java:174)
	at org.apache.ratis.thirdparty.io.grpc.stub.ServerCalls$StreamingServerCallHandler$StreamingServerCallListener.onMessage(ServerCalls.java:262)
	at org.apache.ratis.thirdparty.io.grpc.internal.ServerCallImpl$ServerStreamListenerImpl.messagesAvailableInternal(ServerCallImpl.java:329)
	at org.apache.ratis.thirdparty.io.grpc.internal.ServerCallImpl$ServerStreamListenerImpl.messagesAvailable(ServerCallImpl.java:314)
	at org.apache.ratis.thirdparty.io.grpc.internal.ServerImpl$JumpToApplicationThreadServerStreamListener$1MessagesAvailable.runInContext(ServerImpl.java:833)
	at org.apache.ratis.thirdparty.io.grpc.internal.ContextRunnable.run(ContextRunnable.java:37)
	at org.apache.ratis.thirdparty.io.grpc.internal.SerializingExecutor.run(SerializingExecutor.java:133)
	at java.util.concurrent.ThreadPoolExecutor.runWorker(ThreadPoolExecutor.java:1149)
	at java.util.concurrent.ThreadPoolExecutor$Worker.run(ThreadPoolExecutor.java:624)
	at java.lang.Thread.run(Thread.java:750)
2024-09-10 06:19:51,956 INFO  segmented.SegmentedRaftLogWorker (SegmentedRaftLogWorker.java:execute(660)) - s13@group-0052E07B9BEC-SegmentedRaftLogWorker: created new log segment /home/runner/work/ratis/ratis/ratis-examples/target/test/data/f624d035/MiniRaftClusterWithGrpc4aa2bfeb/s13/f0720976-9fd9-4a03-868e-0052e07b9bec/current/log_inprogress_37
2024-09-10 06:19:51,957 INFO  leader.LogAppender (LogAppenderBase.java:lambda$getNextIndexForError$0(219)) - Decrease nextIndex to 37
2024-09-10 06:19:51,957 INFO  leader.LogAppender (LogAppenderBase.java:lambda$getNextIndexForError$0(219)) - Decrease nextIndex to 37
2024-09-10 06:19:51,957 INFO  leader.FollowerInfo (FollowerInfoImpl.java:info(70)) - s13@group-0052E07B9BEC->s11: computeNextIndex nextIndex: updateUnconditionally 38 -> 37
2024-09-10 06:19:51,964 INFO  segmented.SegmentedRaftLogWorker (SegmentedRaftLogWorker.java:execute(660)) - s12@group-0052E07B9BEC-SegmentedRaftLogWorker: created new log segment /home/runner/work/ratis/ratis/ratis-examples/target/test/data/f624d035/MiniRaftClusterWithGrpc4aa2bfeb/s12/f0720976-9fd9-4a03-868e-0052e07b9bec/current/log_inprogress_37
2024-09-10 06:19:51,965 DEBUG server.RaftServer$Division (RaftServerImpl.java:logAppendEntries(1539)) - s12@group-0052E07B9BEC: appendEntries* reply s13<-s12#1:OK-t2,SUCCESS,nextIndex=38,followerCommit=35,matchIndex=37
2024-09-10 06:19:51,967 TRACE util.FileUtils (LogUtils.java:supplyAndLog(69)) - Successfully supplied FileChannel.open /home/runner/work/ratis/ratis/ratis-examples/target/test/data/f624d035/MiniRaftClusterWithGrpc4aa2bfeb/s13/f0720976-9fd9-4a03-868e-0052e07b9bec/current/raft-meta.conf.tmp with options [CREATE, WRITE]: sun.nio.ch.FileChannelImpl@23d2cc4b
2024-09-10 06:19:51,969 DEBUG server.RaftServer$Division (RaftServerImpl.java:logAppendEntries(1539)) - s12@group-0052E07B9BEC: appendEntries* s13->s12#2-t2,previous=(t:2, i:37),leaderCommit=37,initializing? false,entries: size=1, first=(t:2, i:38), METADATAENTRY(c:37)
2024-09-10 06:19:51,969 TRACE util.FileUtils (LogUtils.java:runAndLog(49)) - Successfully ran Atomic Files.move /home/runner/work/ratis/ratis/ratis-examples/target/test/data/f624d035/MiniRaftClusterWithGrpc4aa2bfeb/s13/f0720976-9fd9-4a03-868e-0052e07b9bec/current/raft-meta.conf.tmp to /home/runner/work/ratis/ratis/ratis-examples/target/test/data/f624d035/MiniRaftClusterWithGrpc4aa2bfeb/s13/f0720976-9fd9-4a03-868e-0052e07b9bec/current/raft-meta.conf with options [REPLACE_EXISTING]
2024-09-10 06:19:51,969 INFO  server.RaftServer$Division (LeaderStateImpl.java:checkStartIndex(317)) - Leader s13@group-0052E07B9BEC-LeaderStateImpl is ready since appliedIndex == startIndex == 37
2024-09-10 06:19:51,970 WARN  server.GrpcServerProtocolService (LogUtils.java:warn(123)) - s11: Failed APPEND_ENTRIES request cid=3, isHeartbeat? false
java.util.concurrent.CompletionException: java.util.concurrent.RejectedExecutionException: Task java.util.concurrent.CompletableFuture$AsyncSupply@48b34084 rejected from java.util.concurrent.ThreadPoolExecutor@76e18451[Terminated, pool size = 0, active threads = 0, queued tasks = 0, completed tasks = 0]
	at java.util.concurrent.CompletableFuture.encodeThrowable(CompletableFuture.java:273)
	at java.util.concurrent.CompletableFuture.uniComposeStage(CompletableFuture.java:1005)
	at java.util.concurrent.CompletableFuture.thenCompose(CompletableFuture.java:2137)
	at org.apache.ratis.server.impl.RaftServerProxy.appendEntriesAsync(RaftServerProxy.java:655)
	at org.apache.ratis.grpc.server.GrpcServerProtocolService$1.process(GrpcServerProtocolService.java:307)
	at org.apache.ratis.grpc.server.GrpcServerProtocolService$ServerRequestStreamObserver.onNext(GrpcServerProtocolService.java:174)
	at org.apache.ratis.thirdparty.io.grpc.stub.ServerCalls$StreamingServerCallHandler$StreamingServerCallListener.onMessage(ServerCalls.java:262)
	at org.apache.ratis.thirdparty.io.grpc.internal.ServerCallImpl$ServerStreamListenerImpl.messagesAvailableInternal(ServerCallImpl.java:329)
	at org.apache.ratis.thirdparty.io.grpc.internal.ServerCallImpl$ServerStreamListenerImpl.messagesAvailable(ServerCallImpl.java:314)
	at org.apache.ratis.thirdparty.io.grpc.internal.ServerImpl$JumpToApplicationThreadServerStreamListener$1MessagesAvailable.runInContext(ServerImpl.java:833)
	at org.apache.ratis.thirdparty.io.grpc.internal.ContextRunnable.run(ContextRunnable.java:37)
	at org.apache.ratis.thirdparty.io.grpc.internal.SerializingExecutor.run(SerializingExecutor.java:133)
	at java.util.concurrent.ThreadPoolExecutor.runWorker(ThreadPoolExecutor.java:1149)
	at java.util.concurrent.ThreadPoolExecutor$Worker.run(ThreadPoolExecutor.java:624)
	at java.lang.Thread.run(Thread.java:750)
Caused by: java.util.concurrent.RejectedExecutionException: Task java.util.concurrent.CompletableFuture$AsyncSupply@48b34084 rejected from java.util.concurrent.ThreadPoolExecutor@76e18451[Terminated, pool size = 0, active threads = 0, queued tasks = 0, completed tasks = 0]
	at java.util.concurrent.ThreadPoolExecutor$AbortPolicy.rejectedExecution(ThreadPoolExecutor.java:2063)
	at java.util.concurrent.ThreadPoolExecutor.reject(ThreadPoolExecutor.java:830)
	at java.util.concurrent.ThreadPoolExecutor.execute(ThreadPoolExecutor.java:1379)
	at java.util.concurrent.CompletableFuture.asyncSupplyStage(CompletableFuture.java:1618)
	at java.util.concurrent.CompletableFuture.supplyAsync(CompletableFuture.java:1843)
	at org.apache.ratis.server.impl.RaftServerImpl.executeSubmitServerRequestAsync(RaftServerImpl.java:896)
	at org.apache.ratis.server.impl.RaftServerProxy.lambda$appendEntriesAsync$29(RaftServerProxy.java:655)
	at java.util.concurrent.CompletableFuture.uniComposeStage(CompletableFuture.java:995)
	... 13 more
2024-09-10 06:19:51,970 DEBUG server.RaftServer$Division (RaftServerImpl.java:logAppendEntries(1539)) - s12@group-0052E07B9BEC: appendEntries* reply s13<-s12#2:OK-t2,SUCCESS,nextIndex=39,followerCommit=37,matchIndex=38
2024-09-10 06:19:51,970 TRACE util.FileUtils (LogUtils.java:supplyAndLog(69)) - Successfully supplied FileChannel.open /home/runner/work/ratis/ratis/ratis-examples/target/test/data/f624d035/MiniRaftClusterWithGrpc4aa2bfeb/s12/f0720976-9fd9-4a03-868e-0052e07b9bec/current/raft-meta.conf.tmp with options [CREATE, WRITE]: sun.nio.ch.FileChannelImpl@1452e1d5
2024-09-10 06:19:51,972 TRACE util.FileUtils (LogUtils.java:runAndLog(49)) - Successfully ran Atomic Files.move /home/runner/work/ratis/ratis/ratis-examples/target/test/data/f624d035/MiniRaftClusterWithGrpc4aa2bfeb/s12/f0720976-9fd9-4a03-868e-0052e07b9bec/current/raft-meta.conf.tmp to /home/runner/work/ratis/ratis/ratis-examples/target/test/data/f624d035/MiniRaftClusterWithGrpc4aa2bfeb/s12/f0720976-9fd9-4a03-868e-0052e07b9bec/current/raft-meta.conf with options [REPLACE_EXISTING]
2024-09-10 06:19:51,973 INFO  leader.LogAppender (LogAppenderBase.java:lambda$getNextIndexForError$0(219)) - Decrease nextIndex to 37
2024-09-10 06:19:51,973 INFO  leader.LogAppender (LogAppenderBase.java:lambda$getNextIndexForError$0(219)) - Decrease nextIndex to 37
2024-09-10 06:19:51,973 INFO  leader.FollowerInfo (FollowerInfoImpl.java:info(70)) - s13@group-0052E07B9BEC->s11: computeNextIndex nextIndex: updateUnconditionally 39 -> 37
2024-09-10 06:19:52,026 DEBUG server.RaftServer$Division (RaftServerImpl.java:submitClientRequestAsync(910)) - s13@group-0052E07B9BEC: receive client request(RaftClientRequest:client-C7441C59A54E->s13@group-0052E07B9BEC, cid=4239, seq=null, RW, Message:01016102403d00000000...(size=12))
2024-09-10 06:19:52,027 DEBUG server.RaftServer$Division (LeaderStateImpl.java:addPendingRequest(532)) - s13@group-0052E07B9BEC-LeaderStateImpl: addPendingRequest at RaftClientRequest:client-C7441C59A54E->s13@group-0052E07B9BEC, cid=4239, seq=null, RW, Message:01016102403d00000000...(size=12), entry=(t:2, i:39), STATEMACHINELOGENTRY, WRITE: logData.size=12, stateMachineData.size=0, logEntryProtoSerializedSize=0
2024-09-10 06:19:52,028 DEBUG server.RaftServer$Division (RaftServerImpl.java:logAppendEntries(1539)) - s12@group-0052E07B9BEC: appendEntries* s13->s12#4-t2,previous=(t:2, i:38),leaderCommit=38,initializing? false,entries: size=1, first=(t:2, i:39), STATEMACHINELOGENTRY, StateMachineLogEntryProto:4239@client-C7441C59A54E
2024-09-10 06:19:52,029 WARN  server.GrpcServerProtocolService (LogUtils.java:warn(123)) - s11: Failed APPEND_ENTRIES request cid=5, isHeartbeat? false
java.util.concurrent.CompletionException: java.util.concurrent.RejectedExecutionException: Task java.util.concurrent.CompletableFuture$AsyncSupply@3a258855 rejected from java.util.concurrent.ThreadPoolExecutor@76e18451[Terminated, pool size = 0, active threads = 0, queued tasks = 0, completed tasks = 0]
	at java.util.concurrent.CompletableFuture.encodeThrowable(CompletableFuture.java:273)
	at java.util.concurrent.CompletableFuture.uniComposeStage(CompletableFuture.java:1005)
	at java.util.concurrent.CompletableFuture.thenCompose(CompletableFuture.java:2137)
	at org.apache.ratis.server.impl.RaftServerProxy.appendEntriesAsync(RaftServerProxy.java:655)
	at org.apache.ratis.grpc.server.GrpcServerProtocolService$1.process(GrpcServerProtocolService.java:307)
	at org.apache.ratis.grpc.server.GrpcServerProtocolService$ServerRequestStreamObserver.onNext(GrpcServerProtocolService.java:174)
	at org.apache.ratis.thirdparty.io.grpc.stub.ServerCalls$StreamingServerCallHandler$StreamingServerCallListener.onMessage(ServerCalls.java:262)
	at org.apache.ratis.thirdparty.io.grpc.internal.ServerCallImpl$ServerStreamListenerImpl.messagesAvailableInternal(ServerCallImpl.java:329)
	at org.apache.ratis.thirdparty.io.grpc.internal.ServerCallImpl$ServerStreamListenerImpl.messagesAvailable(ServerCallImpl.java:314)
	at org.apache.ratis.thirdparty.io.grpc.internal.ServerImpl$JumpToApplicationThreadServerStreamListener$1MessagesAvailable.runInContext(ServerImpl.java:833)
	at org.apache.ratis.thirdparty.io.grpc.internal.ContextRunnable.run(ContextRunnable.java:37)
	at org.apache.ratis.thirdparty.io.grpc.internal.SerializingExecutor.run(SerializingExecutor.java:133)
	at java.util.concurrent.ThreadPoolExecutor.runWorker(ThreadPoolExecutor.java:1149)
	at java.util.concurrent.ThreadPoolExecutor$Worker.run(ThreadPoolExecutor.java:624)
	at java.lang.Thread.run(Thread.java:750)
Caused by: java.util.concurrent.RejectedExecutionException: Task java.util.concurrent.CompletableFuture$AsyncSupply@3a258855 rejected from java.util.concurrent.ThreadPoolExecutor@76e18451[Terminated, pool size = 0, active threads = 0, queued tasks = 0, completed tasks = 0]
	at java.util.concurrent.ThreadPoolExecutor$AbortPolicy.rejectedExecution(ThreadPoolExecutor.java:2063)
	at java.util.concurrent.ThreadPoolExecutor.reject(ThreadPoolExecutor.java:830)
	at java.util.concurrent.ThreadPoolExecutor.execute(ThreadPoolExecutor.java:1379)
	at java.util.concurrent.CompletableFuture.asyncSupplyStage(CompletableFuture.java:1618)
	at java.util.concurrent.CompletableFuture.supplyAsync(CompletableFuture.java:1843)
	at org.apache.ratis.server.impl.RaftServerImpl.executeSubmitServerRequestAsync(RaftServerImpl.java:896)
	at org.apache.ratis.server.impl.RaftServerProxy.lambda$appendEntriesAsync$29(RaftServerProxy.java:655)
	at java.util.concurrent.CompletableFuture.uniComposeStage(CompletableFuture.java:995)
	... 13 more
2024-09-10 06:19:52,030 DEBUG server.RaftServer$Division (RaftServerImpl.java:logAppendEntries(1539)) - s12@group-0052E07B9BEC: appendEntries* reply s13<-s12#4:OK-t2,SUCCESS,nextIndex=40,followerCommit=38,matchIndex=39
2024-09-10 06:19:52,031 INFO  statemachine.StateMachine (ArithmeticStateMachine.java:applyTransaction(181)) - LEADER:s13-39: a = 29 = 29
2024-09-10 06:19:52,034 INFO  leader.LogAppender (LogAppenderBase.java:lambda$getNextIndexForError$0(219)) - Decrease nextIndex to 37
2024-09-10 06:19:52,034 INFO  leader.LogAppender (LogAppenderBase.java:lambda$getNextIndexForError$0(219)) - Decrease nextIndex to 37
2024-09-10 06:19:52,034 DEBUG server.RaftServer$Division (RaftServerImpl.java:logAppendEntries(1539)) - s12@group-0052E07B9BEC: appendEntries* s13->s12#5-t2,previous=(t:2, i:39),leaderCommit=39,initializing? false,entries: size=1, first=(t:2, i:40), METADATAENTRY(c:39)
2024-09-10 06:19:52,034 INFO  leader.FollowerInfo (FollowerInfoImpl.java:info(70)) - s13@group-0052E07B9BEC->s11: computeNextIndex nextIndex: updateUnconditionally 40 -> 37
2024-09-10 06:19:52,035 DEBUG server.RaftServer$Division (RaftServerImpl.java:logAppendEntries(1539)) - s12@group-0052E07B9BEC: appendEntries* reply s13<-s12#5:OK-t2,SUCCESS,nextIndex=41,followerCommit=39,matchIndex=40
2024-09-10 06:19:52,036 DEBUG server.RaftServer$Division (RaftServerImpl.java:submitClientRequestAsync(910)) - s13@group-0052E07B9BEC: receive client request(RaftClientRequest:client-C7441C59A54E->s13@group-0052E07B9BEC, cid=4240, seq=null, RW, Message:01016202407a40000000...(size=12))
2024-09-10 06:19:52,036 DEBUG server.RaftServer$Division (LeaderStateImpl.java:addPendingRequest(532)) - s13@group-0052E07B9BEC-LeaderStateImpl: addPendingRequest at RaftClientRequest:client-C7441C59A54E->s13@group-0052E07B9BEC, cid=4240, seq=null, RW, Message:01016202407a40000000...(size=12), entry=(t:2, i:41), STATEMACHINELOGENTRY, WRITE: logData.size=12, stateMachineData.size=0, logEntryProtoSerializedSize=0
2024-09-10 06:19:52,038 DEBUG server.RaftServer$Division (RaftServerImpl.java:logAppendEntries(1539)) - s12@group-0052E07B9BEC: appendEntries* s13->s12#6-t2,previous=(t:2, i:40),leaderCommit=40,initializing? false,entries: size=1, first=(t:2, i:41), STATEMACHINELOGENTRY, StateMachineLogEntryProto:4240@client-C7441C59A54E
2024-09-10 06:19:52,038 DEBUG server.RaftServer$Division (RaftServerImpl.java:logAppendEntries(1539)) - s12@group-0052E07B9BEC: appendEntries* reply s13<-s12#6:OK-t2,SUCCESS,nextIndex=42,followerCommit=40,matchIndex=41
2024-09-10 06:19:52,039 WARN  server.GrpcServerProtocolService (LogUtils.java:warn(123)) - s11: Failed APPEND_ENTRIES request cid=8, isHeartbeat? false
java.util.concurrent.CompletionException: java.util.concurrent.RejectedExecutionException: Task java.util.concurrent.CompletableFuture$AsyncSupply@171c27cc rejected from java.util.concurrent.ThreadPoolExecutor@76e18451[Terminated, pool size = 0, active threads = 0, queued tasks = 0, completed tasks = 0]
	at java.util.concurrent.CompletableFuture.encodeThrowable(CompletableFuture.java:273)
	at java.util.concurrent.CompletableFuture.uniComposeStage(CompletableFuture.java:1005)
	at java.util.concurrent.CompletableFuture.thenCompose(CompletableFuture.java:2137)
	at org.apache.ratis.server.impl.RaftServerProxy.appendEntriesAsync(RaftServerProxy.java:655)
	at org.apache.ratis.grpc.server.GrpcServerProtocolService$1.process(GrpcServerProtocolService.java:307)
	at org.apache.ratis.grpc.server.GrpcServerProtocolService$ServerRequestStreamObserver.onNext(GrpcServerProtocolService.java:174)
	at org.apache.ratis.thirdparty.io.grpc.stub.ServerCalls$StreamingServerCallHandler$StreamingServerCallListener.onMessage(ServerCalls.java:262)
	at org.apache.ratis.thirdparty.io.grpc.internal.ServerCallImpl$ServerStreamListenerImpl.messagesAvailableInternal(ServerCallImpl.java:329)
	at org.apache.ratis.thirdparty.io.grpc.internal.ServerCallImpl$ServerStreamListenerImpl.messagesAvailable(ServerCallImpl.java:314)
	at org.apache.ratis.thirdparty.io.grpc.internal.ServerImpl$JumpToApplicationThreadServerStreamListener$1MessagesAvailable.runInContext(ServerImpl.java:833)
	at org.apache.ratis.thirdparty.io.grpc.internal.ContextRunnable.run(ContextRunnable.java:37)
	at org.apache.ratis.thirdparty.io.grpc.internal.SerializingExecutor.run(SerializingExecutor.java:133)
	at java.util.concurrent.ThreadPoolExecutor.runWorker(ThreadPoolExecutor.java:1149)
	at java.util.concurrent.ThreadPoolExecutor$Worker.run(ThreadPoolExecutor.java:624)
	at java.lang.Thread.run(Thread.java:750)
Caused by: java.util.concurrent.RejectedExecutionException: Task java.util.concurrent.CompletableFuture$AsyncSupply@171c27cc rejected from java.util.concurrent.ThreadPoolExecutor@76e18451[Terminated, pool size = 0, active threads = 0, queued tasks = 0, completed tasks = 0]
	at java.util.concurrent.ThreadPoolExecutor$AbortPolicy.rejectedExecution(ThreadPoolExecutor.java:2063)
	at java.util.concurrent.ThreadPoolExecutor.reject(ThreadPoolExecutor.java:830)
	at java.util.concurrent.ThreadPoolExecutor.execute(ThreadPoolExecutor.java:1379)
	at java.util.concurrent.CompletableFuture.asyncSupplyStage(CompletableFuture.java:1618)
	at java.util.concurrent.CompletableFuture.supplyAsync(CompletableFuture.java:1843)
	at org.apache.ratis.server.impl.RaftServerImpl.executeSubmitServerRequestAsync(RaftServerImpl.java:896)
	at org.apache.ratis.server.impl.RaftServerProxy.lambda$appendEntriesAsync$29(RaftServerProxy.java:655)
	at java.util.concurrent.CompletableFuture.uniComposeStage(CompletableFuture.java:995)
	... 13 more
2024-09-10 06:19:52,041 INFO  statemachine.StateMachine (ArithmeticStateMachine.java:applyTransaction(181)) - LEADER:s13-41: b = 420 = 420
2024-09-10 06:19:52,042 INFO  leader.LogAppender (LogAppenderBase.java:lambda$getNextIndexForError$0(219)) - Decrease nextIndex to 37
2024-09-10 06:19:52,042 INFO  leader.LogAppender (LogAppenderBase.java:lambda$getNextIndexForError$0(219)) - Decrease nextIndex to 37
2024-09-10 06:19:52,042 INFO  leader.FollowerInfo (FollowerInfoImpl.java:info(70)) - s13@group-0052E07B9BEC->s11: computeNextIndex nextIndex: updateUnconditionally 42 -> 37
2024-09-10 06:19:52,043 DEBUG server.RaftServer$Division (RaftServerImpl.java:logAppendEntries(1539)) - s12@group-0052E07B9BEC: appendEntries* s13->s12#7-t2,previous=(t:2, i:41),leaderCommit=41,initializing? false,entries: size=1, first=(t:2, i:42), METADATAENTRY(c:41)
2024-09-10 06:19:52,045 DEBUG server.RaftServer$Division (RaftServerImpl.java:logAppendEntries(1539)) - s12@group-0052E07B9BEC: appendEntries* reply s13<-s12#7:OK-t2,SUCCESS,nextIndex=43,followerCommit=41,matchIndex=42
2024-09-10 06:19:52,045 DEBUG server.RaftServer$Division (RaftServerImpl.java:submitClientRequestAsync(910)) - s13@group-0052E07B9BEC: receive client request(RaftClientRequest:client-C7441C59A54E->s13@group-0052E07B9BEC, cid=4241, seq=null, RW, Message:01016304010300040201...(size=17))
2024-09-10 06:19:52,045 DEBUG server.RaftServer$Division (LeaderStateImpl.java:addPendingRequest(532)) - s13@group-0052E07B9BEC-LeaderStateImpl: addPendingRequest at RaftClientRequest:client-C7441C59A54E->s13@group-0052E07B9BEC, cid=4241, seq=null, RW, Message:01016304010300040201...(size=17), entry=(t:2, i:43), STATEMACHINELOGENTRY, WRITE: logData.size=17, stateMachineData.size=0, logEntryProtoSerializedSize=0
2024-09-10 06:19:52,047 DEBUG server.RaftServer$Division (RaftServerImpl.java:logAppendEntries(1539)) - s12@group-0052E07B9BEC: appendEntries* s13->s12#8-t2,previous=(t:2, i:42),leaderCommit=42,initializing? false,entries: size=1, first=(t:2, i:43), STATEMACHINELOGENTRY, StateMachineLogEntryProto:4241@client-C7441C59A54E
2024-09-10 06:19:52,047 DEBUG server.RaftServer$Division (RaftServerImpl.java:logAppendEntries(1539)) - s12@group-0052E07B9BEC: appendEntries* reply s13<-s12#8:OK-t2,SUCCESS,nextIndex=44,followerCommit=42,matchIndex=43
2024-09-10 06:19:52,048 WARN  server.GrpcServerProtocolService (LogUtils.java:warn(123)) - s11: Failed APPEND_ENTRIES request cid=10, isHeartbeat? false
java.util.concurrent.CompletionException: java.util.concurrent.RejectedExecutionException: Task java.util.concurrent.CompletableFuture$AsyncSupply@2dccc1cf rejected from java.util.concurrent.ThreadPoolExecutor@76e18451[Terminated, pool size = 0, active threads = 0, queued tasks = 0, completed tasks = 0]
	at java.util.concurrent.CompletableFuture.encodeThrowable(CompletableFuture.java:273)
	at java.util.concurrent.CompletableFuture.uniComposeStage(CompletableFuture.java:1005)
	at java.util.concurrent.CompletableFuture.thenCompose(CompletableFuture.java:2137)
	at org.apache.ratis.server.impl.RaftServerProxy.appendEntriesAsync(RaftServerProxy.java:655)
	at org.apache.ratis.grpc.server.GrpcServerProtocolService$1.process(GrpcServerProtocolService.java:307)
	at org.apache.ratis.grpc.server.GrpcServerProtocolService$ServerRequestStreamObserver.onNext(GrpcServerProtocolService.java:174)
	at org.apache.ratis.thirdparty.io.grpc.stub.ServerCalls$StreamingServerCallHandler$StreamingServerCallListener.onMessage(ServerCalls.java:262)
	at org.apache.ratis.thirdparty.io.grpc.internal.ServerCallImpl$ServerStreamListenerImpl.messagesAvailableInternal(ServerCallImpl.java:329)
	at org.apache.ratis.thirdparty.io.grpc.internal.ServerCallImpl$ServerStreamListenerImpl.messagesAvailable(ServerCallImpl.java:314)
	at org.apache.ratis.thirdparty.io.grpc.internal.ServerImpl$JumpToApplicationThreadServerStreamListener$1MessagesAvailable.runInContext(ServerImpl.java:833)
	at org.apache.ratis.thirdparty.io.grpc.internal.ContextRunnable.run(ContextRunnable.java:37)
	at org.apache.ratis.thirdparty.io.grpc.internal.SerializingExecutor.run(SerializingExecutor.java:133)
	at java.util.concurrent.ThreadPoolExecutor.runWorker(ThreadPoolExecutor.java:1149)
	at java.util.concurrent.ThreadPoolExecutor$Worker.run(ThreadPoolExecutor.java:624)
	at java.lang.Thread.run(Thread.java:750)
Caused by: java.util.concurrent.RejectedExecutionException: Task java.util.concurrent.CompletableFuture$AsyncSupply@2dccc1cf rejected from java.util.concurrent.ThreadPoolExecutor@76e18451[Terminated, pool size = 0, active threads = 0, queued tasks = 0, completed tasks = 0]
	at java.util.concurrent.ThreadPoolExecutor$AbortPolicy.rejectedExecution(ThreadPoolExecutor.java:2063)
	at java.util.concurrent.ThreadPoolExecutor.reject(ThreadPoolExecutor.java:830)
	at java.util.concurrent.ThreadPoolExecutor.execute(ThreadPoolExecutor.java:1379)
	at java.util.concurrent.CompletableFuture.asyncSupplyStage(CompletableFuture.java:1618)
	at java.util.concurrent.CompletableFuture.supplyAsync(CompletableFuture.java:1843)
	at org.apache.ratis.server.impl.RaftServerImpl.executeSubmitServerRequestAsync(RaftServerImpl.java:896)
	at org.apache.ratis.server.impl.RaftServerProxy.lambda$appendEntriesAsync$29(RaftServerProxy.java:655)
	at java.util.concurrent.CompletableFuture.uniComposeStage(CompletableFuture.java:995)
	... 13 more
2024-09-10 06:19:52,048 INFO  statemachine.StateMachine (ArithmeticStateMachine.java:applyTransaction(181)) - LEADER:s13-43: c = √(a^2 + b^2) = 421
2024-09-10 06:19:52,050 DEBUG server.RaftServer$Division (RaftServerImpl.java:logAppendEntries(1539)) - s12@group-0052E07B9BEC: appendEntries* s13->s12#9-t2,previous=(t:2, i:43),leaderCommit=43,initializing? false,entries: size=1, first=(t:2, i:44), METADATAENTRY(c:43)
2024-09-10 06:19:52,051 DEBUG server.RaftServer$Division (RaftServerImpl.java:logAppendEntries(1539)) - s12@group-0052E07B9BEC: appendEntries* reply s13<-s12#9:OK-t2,SUCCESS,nextIndex=45,followerCommit=43,matchIndex=44
2024-09-10 06:19:52,053 INFO  leader.LogAppender (LogAppenderBase.java:lambda$getNextIndexForError$0(219)) - Decrease nextIndex to 37
2024-09-10 06:19:52,053 INFO  leader.LogAppender (LogAppenderBase.java:lambda$getNextIndexForError$0(219)) - Decrease nextIndex to 37
2024-09-10 06:19:52,053 INFO  leader.FollowerInfo (FollowerInfoImpl.java:info(70)) - s13@group-0052E07B9BEC->s11: computeNextIndex nextIndex: updateUnconditionally 43 -> 37
2024-09-10 06:19:52,053 DEBUG server.RaftServer$Division (RaftServerImpl.java:submitClientRequestAsync(910)) - s13@group-0052E07B9BEC: receive client request(RaftClientRequest:client-C7441C59A54E->s13@group-0052E07B9BEC, cid=4242, seq=null, RW, Message:01016100)
2024-09-10 06:19:52,054 DEBUG server.RaftServer$Division (LeaderStateImpl.java:addPendingRequest(532)) - s13@group-0052E07B9BEC-LeaderStateImpl: addPendingRequest at RaftClientRequest:client-C7441C59A54E->s13@group-0052E07B9BEC, cid=4242, seq=null, RW, Message:01016100, entry=(t:2, i:45), STATEMACHINELOGENTRY, WRITE: logData.size=4, stateMachineData.size=0, logEntryProtoSerializedSize=0
2024-09-10 06:19:52,054 DEBUG server.RaftServer$Division (RaftServerImpl.java:logAppendEntries(1539)) - s12@group-0052E07B9BEC: appendEntries* s13->s12#10-t2,previous=(t:2, i:44),leaderCommit=43,initializing? false,entries: size=1, first=(t:2, i:45), STATEMACHINELOGENTRY, StateMachineLogEntryProto:4242@client-C7441C59A54E
2024-09-10 06:19:52,055 DEBUG server.RaftServer$Division (RaftServerImpl.java:logAppendEntries(1539)) - s12@group-0052E07B9BEC: appendEntries* reply s13<-s12#10:OK-t2,SUCCESS,nextIndex=46,followerCommit=43,matchIndex=45
2024-09-10 06:19:52,056 INFO  statemachine.StateMachine (ArithmeticStateMachine.java:applyTransaction(181)) - LEADER:s13-45: a = null = null
2024-09-10 06:19:52,056 WARN  server.GrpcServerProtocolService (LogUtils.java:warn(123)) - s11: Failed APPEND_ENTRIES request cid=12, isHeartbeat? false
java.util.concurrent.CompletionException: java.util.concurrent.RejectedExecutionException: Task java.util.concurrent.CompletableFuture$AsyncSupply@71d762bb rejected from java.util.concurrent.ThreadPoolExecutor@76e18451[Terminated, pool size = 0, active threads = 0, queued tasks = 0, completed tasks = 0]
	at java.util.concurrent.CompletableFuture.encodeThrowable(CompletableFuture.java:273)
	at java.util.concurrent.CompletableFuture.uniComposeStage(CompletableFuture.java:1005)
	at java.util.concurrent.CompletableFuture.thenCompose(CompletableFuture.java:2137)
	at org.apache.ratis.server.impl.RaftServerProxy.appendEntriesAsync(RaftServerProxy.java:655)
	at org.apache.ratis.grpc.server.GrpcServerProtocolService$1.process(GrpcServerProtocolService.java:307)
	at org.apache.ratis.grpc.server.GrpcServerProtocolService$ServerRequestStreamObserver.onNext(GrpcServerProtocolService.java:174)
	at org.apache.ratis.thirdparty.io.grpc.stub.ServerCalls$StreamingServerCallHandler$StreamingServerCallListener.onMessage(ServerCalls.java:262)
	at org.apache.ratis.thirdparty.io.grpc.internal.ServerCallImpl$ServerStreamListenerImpl.messagesAvailableInternal(ServerCallImpl.java:329)
	at org.apache.ratis.thirdparty.io.grpc.internal.ServerCallImpl$ServerStreamListenerImpl.messagesAvailable(ServerCallImpl.java:314)
	at org.apache.ratis.thirdparty.io.grpc.internal.ServerImpl$JumpToApplicationThreadServerStreamListener$1MessagesAvailable.runInContext(ServerImpl.java:833)
	at org.apache.ratis.thirdparty.io.grpc.internal.ContextRunnable.run(ContextRunnable.java:37)
	at org.apache.ratis.thirdparty.io.grpc.internal.SerializingExecutor.run(SerializingExecutor.java:133)
	at java.util.concurrent.ThreadPoolExecutor.runWorker(ThreadPoolExecutor.java:1149)
	at java.util.concurrent.ThreadPoolExecutor$Worker.run(ThreadPoolExecutor.java:624)
	at java.lang.Thread.run(Thread.java:750)
Caused by: java.util.concurrent.RejectedExecutionException: Task java.util.concurrent.CompletableFuture$AsyncSupply@71d762bb rejected from java.util.concurrent.ThreadPoolExecutor@76e18451[Terminated, pool size = 0, active threads = 0, queued tasks = 0, completed tasks = 0]
	at java.util.concurrent.ThreadPoolExecutor$AbortPolicy.rejectedExecution(ThreadPoolExecutor.java:2063)
	at java.util.concurrent.ThreadPoolExecutor.reject(ThreadPoolExecutor.java:830)
	at java.util.concurrent.ThreadPoolExecutor.execute(ThreadPoolExecutor.java:1379)
	at java.util.concurrent.CompletableFuture.asyncSupplyStage(CompletableFuture.java:1618)
	at java.util.concurrent.CompletableFuture.supplyAsync(CompletableFuture.java:1843)
	at org.apache.ratis.server.impl.RaftServerImpl.executeSubmitServerRequestAsync(RaftServerImpl.java:896)
	at org.apache.ratis.server.impl.RaftServerProxy.lambda$appendEntriesAsync$29(RaftServerProxy.java:655)
	at java.util.concurrent.CompletableFuture.uniComposeStage(CompletableFuture.java:995)
	... 13 more
2024-09-10 06:19:52,060 DEBUG server.RaftServer$Division (RaftServerImpl.java:submitClientRequestAsync(910)) - s13@group-0052E07B9BEC: receive client request(RaftClientRequest:client-C7441C59A54E->s13@group-0052E07B9BEC, cid=4243, seq=null, RW, Message:01016200)
2024-09-10 06:19:52,060 DEBUG server.RaftServer$Division (LeaderStateImpl.java:addPendingRequest(532)) - s13@group-0052E07B9BEC-LeaderStateImpl: addPendingRequest at RaftClientRequest:client-C7441C59A54E->s13@group-0052E07B9BEC, cid=4243, seq=null, RW, Message:01016200, entry=(t:2, i:47), STATEMACHINELOGENTRY, WRITE: logData.size=4, stateMachineData.size=0, logEntryProtoSerializedSize=0
2024-09-10 06:19:52,061 INFO  leader.LogAppender (LogAppenderBase.java:lambda$getNextIndexForError$0(219)) - Decrease nextIndex to 37
2024-09-10 06:19:52,061 INFO  leader.LogAppender (LogAppenderBase.java:lambda$getNextIndexForError$0(219)) - Decrease nextIndex to 37
2024-09-10 06:19:52,061 INFO  leader.FollowerInfo (FollowerInfoImpl.java:info(70)) - s13@group-0052E07B9BEC->s11: computeNextIndex nextIndex: updateUnconditionally 46 -> 37
2024-09-10 06:19:52,062 DEBUG server.RaftServer$Division (RaftServerImpl.java:logAppendEntries(1539)) - s12@group-0052E07B9BEC: appendEntries* s13->s12#13-t2,previous=(t:2, i:45),leaderCommit=45,initializing? false,entries: size=1, first=(t:2, i:46), METADATAENTRY(c:45)
2024-09-10 06:19:52,062 DEBUG server.RaftServer$Division (RaftServerImpl.java:logAppendEntries(1539)) - s12@group-0052E07B9BEC: appendEntries* reply s13<-s12#13:OK-t2,SUCCESS,nextIndex=47,followerCommit=45,matchIndex=46
2024-09-10 06:19:52,062 DEBUG server.RaftServer$Division (RaftServerImpl.java:logAppendEntries(1539)) - s12@group-0052E07B9BEC: appendEntries* s13->s12#14-t2,previous=(t:2, i:46),leaderCommit=45,initializing? false,entries: size=1, first=(t:2, i:47), STATEMACHINELOGENTRY, StateMachineLogEntryProto:4243@client-C7441C59A54E
2024-09-10 06:19:52,063 DEBUG server.RaftServer$Division (RaftServerImpl.java:logAppendEntries(1539)) - s12@group-0052E07B9BEC: appendEntries* reply s13<-s12#14:OK-t2,SUCCESS,nextIndex=48,followerCommit=45,matchIndex=47
2024-09-10 06:19:52,064 INFO  statemachine.StateMachine (ArithmeticStateMachine.java:applyTransaction(181)) - LEADER:s13-47: b = null = null
2024-09-10 06:19:52,066 WARN  server.GrpcServerProtocolService (LogUtils.java:warn(123)) - s11: Failed APPEND_ENTRIES request cid=15, isHeartbeat? false
java.util.concurrent.CompletionException: java.util.concurrent.RejectedExecutionException: Task java.util.concurrent.CompletableFuture$AsyncSupply@760e26aa rejected from java.util.concurrent.ThreadPoolExecutor@76e18451[Terminated, pool size = 0, active threads = 0, queued tasks = 0, completed tasks = 0]
	at java.util.concurrent.CompletableFuture.encodeThrowable(CompletableFuture.java:273)
	at java.util.concurrent.CompletableFuture.uniComposeStage(CompletableFuture.java:1005)
	at java.util.concurrent.CompletableFuture.thenCompose(CompletableFuture.java:2137)
	at org.apache.ratis.server.impl.RaftServerProxy.appendEntriesAsync(RaftServerProxy.java:655)
	at org.apache.ratis.grpc.server.GrpcServerProtocolService$1.process(GrpcServerProtocolService.java:307)
	at org.apache.ratis.grpc.server.GrpcServerProtocolService$ServerRequestStreamObserver.onNext(GrpcServerProtocolService.java:174)
	at org.apache.ratis.thirdparty.io.grpc.stub.ServerCalls$StreamingServerCallHandler$StreamingServerCallListener.onMessage(ServerCalls.java:262)
	at org.apache.ratis.thirdparty.io.grpc.internal.ServerCallImpl$ServerStreamListenerImpl.messagesAvailableInternal(ServerCallImpl.java:329)
	at org.apache.ratis.thirdparty.io.grpc.internal.ServerCallImpl$ServerStreamListenerImpl.messagesAvailable(ServerCallImpl.java:314)
	at org.apache.ratis.thirdparty.io.grpc.internal.ServerImpl$JumpToApplicationThreadServerStreamListener$1MessagesAvailable.runInContext(ServerImpl.java:833)
	at org.apache.ratis.thirdparty.io.grpc.internal.ContextRunnable.run(ContextRunnable.java:37)
	at org.apache.ratis.thirdparty.io.grpc.internal.SerializingExecutor.run(SerializingExecutor.java:133)
	at java.util.concurrent.ThreadPoolExecutor.runWorker(ThreadPoolExecutor.java:1149)
	at java.util.concurrent.ThreadPoolExecutor$Worker.run(ThreadPoolExecutor.java:624)
	at java.lang.Thread.run(Thread.java:750)
Caused by: java.util.concurrent.RejectedExecutionException: Task java.util.concurrent.CompletableFuture$AsyncSupply@760e26aa rejected from java.util.concurrent.ThreadPoolExecutor@76e18451[Terminated, pool size = 0, active threads = 0, queued tasks = 0, completed tasks = 0]
	at java.util.concurrent.ThreadPoolExecutor$AbortPolicy.rejectedExecution(ThreadPoolExecutor.java:2063)
	at java.util.concurrent.ThreadPoolExecutor.reject(ThreadPoolExecutor.java:830)
	at java.util.concurrent.ThreadPoolExecutor.execute(ThreadPoolExecutor.java:1379)
	at java.util.concurrent.CompletableFuture.asyncSupplyStage(CompletableFuture.java:1618)
	at java.util.concurrent.CompletableFuture.supplyAsync(CompletableFuture.java:1843)
	at org.apache.ratis.server.impl.RaftServerImpl.executeSubmitServerRequestAsync(RaftServerImpl.java:896)
	at org.apache.ratis.server.impl.RaftServerProxy.lambda$appendEntriesAsync$29(RaftServerProxy.java:655)
	at java.util.concurrent.CompletableFuture.uniComposeStage(CompletableFuture.java:995)
	... 13 more
2024-09-10 06:19:52,068 DEBUG server.RaftServer$Division (RaftServerImpl.java:submitClientRequestAsync(910)) - s13@group-0052E07B9BEC: receive client request(RaftClientRequest:client-C7441C59A54E->s13@group-0052E07B9BEC, cid=4244, seq=null, RW, Message:01016300)
2024-09-10 06:19:52,069 DEBUG server.RaftServer$Division (LeaderStateImpl.java:addPendingRequest(532)) - s13@group-0052E07B9BEC-LeaderStateImpl: addPendingRequest at RaftClientRequest:client-C7441C59A54E->s13@group-0052E07B9BEC, cid=4244, seq=null, RW, Message:01016300, entry=(t:2, i:49), STATEMACHINELOGENTRY, WRITE: logData.size=4, stateMachineData.size=0, logEntryProtoSerializedSize=0
2024-09-10 06:19:52,069 DEBUG server.RaftServer$Division (RaftServerImpl.java:logAppendEntries(1539)) - s12@group-0052E07B9BEC: appendEntries* s13->s12#16-t2,previous=(t:2, i:47),leaderCommit=47,initializing? false,entries: size=1, first=(t:2, i:48), METADATAENTRY(c:47)
2024-09-10 06:19:52,070 DEBUG server.RaftServer$Division (RaftServerImpl.java:logAppendEntries(1539)) - s12@group-0052E07B9BEC: appendEntries* reply s13<-s12#16:OK-t2,SUCCESS,nextIndex=49,followerCommit=47,matchIndex=48
2024-09-10 06:19:52,071 INFO  leader.LogAppender (LogAppenderBase.java:lambda$getNextIndexForError$0(219)) - Decrease nextIndex to 37
2024-09-10 06:19:52,071 INFO  leader.LogAppender (LogAppenderBase.java:lambda$getNextIndexForError$0(219)) - Decrease nextIndex to 37
2024-09-10 06:19:52,071 INFO  leader.FollowerInfo (FollowerInfoImpl.java:info(70)) - s13@group-0052E07B9BEC->s11: computeNextIndex nextIndex: updateUnconditionally 48 -> 37
2024-09-10 06:19:52,072 DEBUG server.RaftServer$Division (RaftServerImpl.java:logAppendEntries(1539)) - s12@group-0052E07B9BEC: appendEntries* s13->s12#17-t2,previous=(t:2, i:48),leaderCommit=47,initializing? false,entries: size=1, first=(t:2, i:49), STATEMACHINELOGENTRY, StateMachineLogEntryProto:4244@client-C7441C59A54E
2024-09-10 06:19:52,072 DEBUG server.RaftServer$Division (RaftServerImpl.java:logAppendEntries(1539)) - s12@group-0052E07B9BEC: appendEntries* reply s13<-s12#17:OK-t2,SUCCESS,nextIndex=50,followerCommit=47,matchIndex=49
2024-09-10 06:19:52,073 INFO  statemachine.StateMachine (ArithmeticStateMachine.java:applyTransaction(181)) - LEADER:s13-49: c = null = null
2024-09-10 06:19:52,075 DEBUG server.RaftServer$Division (RaftServerImpl.java:logAppendEntries(1539)) - s12@group-0052E07B9BEC: appendEntries* s13->s12#18-t2,previous=(t:2, i:49),leaderCommit=49,initializing? false,entries: size=1, first=(t:2, i:50), METADATAENTRY(c:49)
2024-09-10 06:19:52,075 WARN  server.GrpcServerProtocolService (LogUtils.java:warn(123)) - s11: Failed APPEND_ENTRIES request cid=17, isHeartbeat? false
java.util.concurrent.CompletionException: java.util.concurrent.RejectedExecutionException: Task java.util.concurrent.CompletableFuture$AsyncSupply@131606ea rejected from java.util.concurrent.ThreadPoolExecutor@76e18451[Terminated, pool size = 0, active threads = 0, queued tasks = 0, completed tasks = 0]
	at java.util.concurrent.CompletableFuture.encodeThrowable(CompletableFuture.java:273)
	at java.util.concurrent.CompletableFuture.uniComposeStage(CompletableFuture.java:1005)
	at java.util.concurrent.CompletableFuture.thenCompose(CompletableFuture.java:2137)
	at org.apache.ratis.server.impl.RaftServerProxy.appendEntriesAsync(RaftServerProxy.java:655)
	at org.apache.ratis.grpc.server.GrpcServerProtocolService$1.process(GrpcServerProtocolService.java:307)
	at org.apache.ratis.grpc.server.GrpcServerProtocolService$ServerRequestStreamObserver.onNext(GrpcServerProtocolService.java:174)
	at org.apache.ratis.thirdparty.io.grpc.stub.ServerCalls$StreamingServerCallHandler$StreamingServerCallListener.onMessage(ServerCalls.java:262)
	at org.apache.ratis.thirdparty.io.grpc.internal.ServerCallImpl$ServerStreamListenerImpl.messagesAvailableInternal(ServerCallImpl.java:329)
	at org.apache.ratis.thirdparty.io.grpc.internal.ServerCallImpl$ServerStreamListenerImpl.messagesAvailable(ServerCallImpl.java:314)
	at org.apache.ratis.thirdparty.io.grpc.internal.ServerImpl$JumpToApplicationThreadServerStreamListener$1MessagesAvailable.runInContext(ServerImpl.java:833)
	at org.apache.ratis.thirdparty.io.grpc.internal.ContextRunnable.run(ContextRunnable.java:37)
	at org.apache.ratis.thirdparty.io.grpc.internal.SerializingExecutor.run(SerializingExecutor.java:133)
	at java.util.concurrent.ThreadPoolExecutor.runWorker(ThreadPoolExecutor.java:1149)
	at java.util.concurrent.ThreadPoolExecutor$Worker.run(ThreadPoolExecutor.java:624)
	at java.lang.Thread.run(Thread.java:750)
Caused by: java.util.concurrent.RejectedExecutionException: Task java.util.concurrent.CompletableFuture$AsyncSupply@131606ea rejected from java.util.concurrent.ThreadPoolExecutor@76e18451[Terminated, pool size = 0, active threads = 0, queued tasks = 0, completed tasks = 0]
	at java.util.concurrent.ThreadPoolExecutor$AbortPolicy.rejectedExecution(ThreadPoolExecutor.java:2063)
	at java.util.concurrent.ThreadPoolExecutor.reject(ThreadPoolExecutor.java:830)
	at java.util.concurrent.ThreadPoolExecutor.execute(ThreadPoolExecutor.java:1379)
	at java.util.concurrent.CompletableFuture.asyncSupplyStage(CompletableFuture.java:1618)
	at java.util.concurrent.CompletableFuture.supplyAsync(CompletableFuture.java:1843)
	at org.apache.ratis.server.impl.RaftServerImpl.executeSubmitServerRequestAsync(RaftServerImpl.java:896)
	at org.apache.ratis.server.impl.RaftServerProxy.lambda$appendEntriesAsync$29(RaftServerProxy.java:655)
	at java.util.concurrent.CompletableFuture.uniComposeStage(CompletableFuture.java:995)
	... 13 more
2024-09-10 06:19:52,077 DEBUG server.RaftServer$Division (RaftServerImpl.java:submitClientRequestAsync(910)) - s13@group-0052E07B9BEC: receive client request(RaftClientRequest:client-C7441C59A54E->s13@group-0052E07B9BEC, cid=4245, seq=null, RW, Message:01016102403f00000000...(size=12))
2024-09-10 06:19:52,078 DEBUG server.RaftServer$Division (LeaderStateImpl.java:addPendingRequest(532)) - s13@group-0052E07B9BEC-LeaderStateImpl: addPendingRequest at RaftClientRequest:client-C7441C59A54E->s13@group-0052E07B9BEC, cid=4245, seq=null, RW, Message:01016102403f00000000...(size=12), entry=(t:2, i:51), STATEMACHINELOGENTRY, WRITE: logData.size=12, stateMachineData.size=0, logEntryProtoSerializedSize=0
2024-09-10 06:19:52,078 DEBUG server.RaftServer$Division (RaftServerImpl.java:logAppendEntries(1539)) - s12@group-0052E07B9BEC: appendEntries* reply s13<-s12#18:OK-t2,SUCCESS,nextIndex=51,followerCommit=49,matchIndex=50
2024-09-10 06:19:52,080 INFO  leader.LogAppender (LogAppenderBase.java:lambda$getNextIndexForError$0(219)) - Decrease nextIndex to 37
2024-09-10 06:19:52,080 INFO  leader.LogAppender (LogAppenderBase.java:lambda$getNextIndexForError$0(219)) - Decrease nextIndex to 37
2024-09-10 06:19:52,080 INFO  leader.FollowerInfo (FollowerInfoImpl.java:info(70)) - s13@group-0052E07B9BEC->s11: computeNextIndex nextIndex: updateUnconditionally 50 -> 37
2024-09-10 06:19:52,081 DEBUG server.RaftServer$Division (RaftServerImpl.java:logAppendEntries(1539)) - s12@group-0052E07B9BEC: appendEntries* s13->s12#19-t2,previous=(t:2, i:50),leaderCommit=49,initializing? false,entries: size=1, first=(t:2, i:51), STATEMACHINELOGENTRY, StateMachineLogEntryProto:4245@client-C7441C59A54E
2024-09-10 06:19:52,081 DEBUG server.RaftServer$Division (RaftServerImpl.java:logAppendEntries(1539)) - s12@group-0052E07B9BEC: appendEntries* reply s13<-s12#19:OK-t2,SUCCESS,nextIndex=52,followerCommit=49,matchIndex=51
2024-09-10 06:19:52,082 INFO  statemachine.StateMachine (ArithmeticStateMachine.java:applyTransaction(181)) - LEADER:s13-51: a = 31 = 31
2024-09-10 06:19:52,084 DEBUG server.RaftServer$Division (RaftServerImpl.java:logAppendEntries(1539)) - s12@group-0052E07B9BEC: appendEntries* s13->s12#20-t2,previous=(t:2, i:51),leaderCommit=51,initializing? false,entries: size=1, first=(t:2, i:52), METADATAENTRY(c:51)
2024-09-10 06:19:52,084 DEBUG server.RaftServer$Division (RaftServerImpl.java:submitClientRequestAsync(910)) - s13@group-0052E07B9BEC: receive client request(RaftClientRequest:client-C7441C59A54E->s13@group-0052E07B9BEC, cid=4246, seq=null, RW, Message:01016202407e00000000...(size=12))
2024-09-10 06:19:52,084 DEBUG server.RaftServer$Division (LeaderStateImpl.java:addPendingRequest(532)) - s13@group-0052E07B9BEC-LeaderStateImpl: addPendingRequest at RaftClientRequest:client-C7441C59A54E->s13@group-0052E07B9BEC, cid=4246, seq=null, RW, Message:01016202407e00000000...(size=12), entry=(t:2, i:53), STATEMACHINELOGENTRY, WRITE: logData.size=12, stateMachineData.size=0, logEntryProtoSerializedSize=0
2024-09-10 06:19:52,084 DEBUG server.RaftServer$Division (RaftServerImpl.java:logAppendEntries(1539)) - s12@group-0052E07B9BEC: appendEntries* reply s13<-s12#20:OK-t2,SUCCESS,nextIndex=53,followerCommit=51,matchIndex=52
2024-09-10 06:19:52,085 WARN  server.GrpcServerProtocolService (LogUtils.java:warn(123)) - s11: Failed APPEND_ENTRIES request cid=19, isHeartbeat? false
java.util.concurrent.CompletionException: java.util.concurrent.RejectedExecutionException: Task java.util.concurrent.CompletableFuture$AsyncSupply@4d874afd rejected from java.util.concurrent.ThreadPoolExecutor@76e18451[Terminated, pool size = 0, active threads = 0, queued tasks = 0, completed tasks = 0]
	at java.util.concurrent.CompletableFuture.encodeThrowable(CompletableFuture.java:273)
	at java.util.concurrent.CompletableFuture.uniComposeStage(CompletableFuture.java:1005)
	at java.util.concurrent.CompletableFuture.thenCompose(CompletableFuture.java:2137)
	at org.apache.ratis.server.impl.RaftServerProxy.appendEntriesAsync(RaftServerProxy.java:655)
	at org.apache.ratis.grpc.server.GrpcServerProtocolService$1.process(GrpcServerProtocolService.java:307)
	at org.apache.ratis.grpc.server.GrpcServerProtocolService$ServerRequestStreamObserver.onNext(GrpcServerProtocolService.java:174)
	at org.apache.ratis.thirdparty.io.grpc.stub.ServerCalls$StreamingServerCallHandler$StreamingServerCallListener.onMessage(ServerCalls.java:262)
	at org.apache.ratis.thirdparty.io.grpc.internal.ServerCallImpl$ServerStreamListenerImpl.messagesAvailableInternal(ServerCallImpl.java:329)
	at org.apache.ratis.thirdparty.io.grpc.internal.ServerCallImpl$ServerStreamListenerImpl.messagesAvailable(ServerCallImpl.java:314)
	at org.apache.ratis.thirdparty.io.grpc.internal.ServerImpl$JumpToApplicationThreadServerStreamListener$1MessagesAvailable.runInContext(ServerImpl.java:833)
	at org.apache.ratis.thirdparty.io.grpc.internal.ContextRunnable.run(ContextRunnable.java:37)
	at org.apache.ratis.thirdparty.io.grpc.internal.SerializingExecutor.run(SerializingExecutor.java:133)
	at java.util.concurrent.ThreadPoolExecutor.runWorker(ThreadPoolExecutor.java:1149)
	at java.util.concurrent.ThreadPoolExecutor$Worker.run(ThreadPoolExecutor.java:624)
	at java.lang.Thread.run(Thread.java:750)
Caused by: java.util.concurrent.RejectedExecutionException: Task java.util.concurrent.CompletableFuture$AsyncSupply@4d874afd rejected from java.util.concurrent.ThreadPoolExecutor@76e18451[Terminated, pool size = 0, active threads = 0, queued tasks = 0, completed tasks = 0]
	at java.util.concurrent.ThreadPoolExecutor$AbortPolicy.rejectedExecution(ThreadPoolExecutor.java:2063)
	at java.util.concurrent.ThreadPoolExecutor.reject(ThreadPoolExecutor.java:830)
	at java.util.concurrent.ThreadPoolExecutor.execute(ThreadPoolExecutor.java:1379)
	at java.util.concurrent.CompletableFuture.asyncSupplyStage(CompletableFuture.java:1618)
	at java.util.concurrent.CompletableFuture.supplyAsync(CompletableFuture.java:1843)
	at org.apache.ratis.server.impl.RaftServerImpl.executeSubmitServerRequestAsync(RaftServerImpl.java:896)
	at org.apache.ratis.server.impl.RaftServerProxy.lambda$appendEntriesAsync$29(RaftServerProxy.java:655)
	at java.util.concurrent.CompletableFuture.uniComposeStage(CompletableFuture.java:995)
	... 13 more
2024-09-10 06:19:52,089 INFO  leader.LogAppender (LogAppenderBase.java:lambda$getNextIndexForError$0(219)) - Decrease nextIndex to 37
2024-09-10 06:19:52,089 INFO  leader.LogAppender (LogAppenderBase.java:lambda$getNextIndexForError$0(219)) - Decrease nextIndex to 37
2024-09-10 06:19:52,089 INFO  leader.FollowerInfo (FollowerInfoImpl.java:info(70)) - s13@group-0052E07B9BEC->s11: computeNextIndex nextIndex: updateUnconditionally 52 -> 37
2024-09-10 06:19:52,117 DEBUG server.RaftServer$Division (RaftServerImpl.java:logAppendEntries(1539)) - s12@group-0052E07B9BEC: appendEntries* s13->s12#21-t2,previous=(t:2, i:52),leaderCommit=52,initializing? false,entries: size=1, first=(t:2, i:53), STATEMACHINELOGENTRY, StateMachineLogEntryProto:4246@client-C7441C59A54E
2024-09-10 06:19:52,118 DEBUG server.RaftServer$Division (RaftServerImpl.java:logAppendEntries(1539)) - s12@group-0052E07B9BEC: appendEntries* reply s13<-s12#21:OK-t2,SUCCESS,nextIndex=54,followerCommit=52,matchIndex=53
2024-09-10 06:19:52,120 INFO  statemachine.StateMachine (ArithmeticStateMachine.java:applyTransaction(181)) - LEADER:s13-53: b = 480 = 480
2024-09-10 06:19:52,121 WARN  server.GrpcServerProtocolService (LogUtils.java:warn(123)) - s11: Failed APPEND_ENTRIES request cid=20, isHeartbeat? false
java.util.concurrent.CompletionException: java.util.concurrent.RejectedExecutionException: Task java.util.concurrent.CompletableFuture$AsyncSupply@5d08c299 rejected from java.util.concurrent.ThreadPoolExecutor@76e18451[Terminated, pool size = 0, active threads = 0, queued tasks = 0, completed tasks = 0]
	at java.util.concurrent.CompletableFuture.encodeThrowable(CompletableFuture.java:273)
	at java.util.concurrent.CompletableFuture.uniComposeStage(CompletableFuture.java:1005)
	at java.util.concurrent.CompletableFuture.thenCompose(CompletableFuture.java:2137)
	at org.apache.ratis.server.impl.RaftServerProxy.appendEntriesAsync(RaftServerProxy.java:655)
	at org.apache.ratis.grpc.server.GrpcServerProtocolService$1.process(GrpcServerProtocolService.java:307)
	at org.apache.ratis.grpc.server.GrpcServerProtocolService$ServerRequestStreamObserver.onNext(GrpcServerProtocolService.java:174)
	at org.apache.ratis.thirdparty.io.grpc.stub.ServerCalls$StreamingServerCallHandler$StreamingServerCallListener.onMessage(ServerCalls.java:262)
	at org.apache.ratis.thirdparty.io.grpc.internal.ServerCallImpl$ServerStreamListenerImpl.messagesAvailableInternal(ServerCallImpl.java:329)
	at org.apache.ratis.thirdparty.io.grpc.internal.ServerCallImpl$ServerStreamListenerImpl.messagesAvailable(ServerCallImpl.java:314)
	at org.apache.ratis.thirdparty.io.grpc.internal.ServerImpl$JumpToApplicationThreadServerStreamListener$1MessagesAvailable.runInContext(ServerImpl.java:833)
	at org.apache.ratis.thirdparty.io.grpc.internal.ContextRunnable.run(ContextRunnable.java:37)
	at org.apache.ratis.thirdparty.io.grpc.internal.SerializingExecutor.run(SerializingExecutor.java:133)
	at java.util.concurrent.ThreadPoolExecutor.runWorker(ThreadPoolExecutor.java:1149)
	at java.util.concurrent.ThreadPoolExecutor$Worker.run(ThreadPoolExecutor.java:624)
	at java.lang.Thread.run(Thread.java:750)
Caused by: java.util.concurrent.RejectedExecutionException: Task java.util.concurrent.CompletableFuture$AsyncSupply@5d08c299 rejected from java.util.concurrent.ThreadPoolExecutor@76e18451[Terminated, pool size = 0, active threads = 0, queued tasks = 0, completed tasks = 0]
	at java.util.concurrent.ThreadPoolExecutor$AbortPolicy.rejectedExecution(ThreadPoolExecutor.java:2063)
	at java.util.concurrent.ThreadPoolExecutor.reject(ThreadPoolExecutor.java:830)
	at java.util.concurrent.ThreadPoolExecutor.execute(ThreadPoolExecutor.java:1379)
	at java.util.concurrent.CompletableFuture.asyncSupplyStage(CompletableFuture.java:1618)
	at java.util.concurrent.CompletableFuture.supplyAsync(CompletableFuture.java:1843)
	at org.apache.ratis.server.impl.RaftServerImpl.executeSubmitServerRequestAsync(RaftServerImpl.java:896)
	at org.apache.ratis.server.impl.RaftServerProxy.lambda$appendEntriesAsync$29(RaftServerProxy.java:655)
	at java.util.concurrent.CompletableFuture.uniComposeStage(CompletableFuture.java:995)
	... 13 more
2024-09-10 06:19:52,125 DEBUG server.RaftServer$Division (RaftServerImpl.java:submitClientRequestAsync(910)) - s13@group-0052E07B9BEC: receive client request(RaftClientRequest:client-C7441C59A54E->s13@group-0052E07B9BEC, cid=4247, seq=null, RW, Message:01016304010300040201...(size=17))
2024-09-10 06:19:52,125 DEBUG server.RaftServer$Division (LeaderStateImpl.java:addPendingRequest(532)) - s13@group-0052E07B9BEC-LeaderStateImpl: addPendingRequest at RaftClientRequest:client-C7441C59A54E->s13@group-0052E07B9BEC, cid=4247, seq=null, RW, Message:01016304010300040201...(size=17), entry=(t:2, i:55), STATEMACHINELOGENTRY, WRITE: logData.size=17, stateMachineData.size=0, logEntryProtoSerializedSize=0
2024-09-10 06:19:52,130 INFO  leader.LogAppender (LogAppenderBase.java:lambda$getNextIndexForError$0(219)) - Decrease nextIndex to 37
2024-09-10 06:19:52,130 INFO  leader.LogAppender (LogAppenderBase.java:lambda$getNextIndexForError$0(219)) - Decrease nextIndex to 37
2024-09-10 06:19:52,130 INFO  leader.FollowerInfo (FollowerInfoImpl.java:info(70)) - s13@group-0052E07B9BEC->s11: computeNextIndex nextIndex: updateUnconditionally 54 -> 37
2024-09-10 06:19:52,131 DEBUG server.RaftServer$Division (RaftServerImpl.java:logAppendEntries(1539)) - s12@group-0052E07B9BEC: appendEntries* s13->s12#22-t2,previous=(t:2, i:53),leaderCommit=53,initializing? false,entries: size=1, first=(t:2, i:54), METADATAENTRY(c:53)
2024-09-10 06:19:52,131 DEBUG server.RaftServer$Division (RaftServerImpl.java:logAppendEntries(1539)) - s12@group-0052E07B9BEC: appendEntries* reply s13<-s12#22:OK-t2,SUCCESS,nextIndex=55,followerCommit=53,matchIndex=54
2024-09-10 06:19:52,132 DEBUG server.RaftServer$Division (RaftServerImpl.java:logAppendEntries(1539)) - s12@group-0052E07B9BEC: appendEntries* s13->s12#23-t2,previous=(t:2, i:54),leaderCommit=53,initializing? false,entries: size=1, first=(t:2, i:55), STATEMACHINELOGENTRY, StateMachineLogEntryProto:4247@client-C7441C59A54E
2024-09-10 06:19:52,133 DEBUG server.RaftServer$Division (RaftServerImpl.java:logAppendEntries(1539)) - s12@group-0052E07B9BEC: appendEntries* reply s13<-s12#23:OK-t2,SUCCESS,nextIndex=56,followerCommit=53,matchIndex=55
2024-09-10 06:19:52,134 INFO  statemachine.StateMachine (ArithmeticStateMachine.java:applyTransaction(181)) - LEADER:s13-55: c = √(a^2 + b^2) = 481
2024-09-10 06:19:52,135 WARN  server.GrpcServerProtocolService (LogUtils.java:warn(123)) - s11: Failed APPEND_ENTRIES request cid=23, isHeartbeat? false
java.util.concurrent.CompletionException: java.util.concurrent.RejectedExecutionException: Task java.util.concurrent.CompletableFuture$AsyncSupply@6fca55c2 rejected from java.util.concurrent.ThreadPoolExecutor@76e18451[Terminated, pool size = 0, active threads = 0, queued tasks = 0, completed tasks = 0]
	at java.util.concurrent.CompletableFuture.encodeThrowable(CompletableFuture.java:273)
	at java.util.concurrent.CompletableFuture.uniComposeStage(CompletableFuture.java:1005)
	at java.util.concurrent.CompletableFuture.thenCompose(CompletableFuture.java:2137)
	at org.apache.ratis.server.impl.RaftServerProxy.appendEntriesAsync(RaftServerProxy.java:655)
	at org.apache.ratis.grpc.server.GrpcServerProtocolService$1.process(GrpcServerProtocolService.java:307)
	at org.apache.ratis.grpc.server.GrpcServerProtocolService$ServerRequestStreamObserver.onNext(GrpcServerProtocolService.java:174)
	at org.apache.ratis.thirdparty.io.grpc.stub.ServerCalls$StreamingServerCallHandler$StreamingServerCallListener.onMessage(ServerCalls.java:262)
	at org.apache.ratis.thirdparty.io.grpc.internal.ServerCallImpl$ServerStreamListenerImpl.messagesAvailableInternal(ServerCallImpl.java:329)
	at org.apache.ratis.thirdparty.io.grpc.internal.ServerCallImpl$ServerStreamListenerImpl.messagesAvailable(ServerCallImpl.java:314)
	at org.apache.ratis.thirdparty.io.grpc.internal.ServerImpl$JumpToApplicationThreadServerStreamListener$1MessagesAvailable.runInContext(ServerImpl.java:833)
	at org.apache.ratis.thirdparty.io.grpc.internal.ContextRunnable.run(ContextRunnable.java:37)
	at org.apache.ratis.thirdparty.io.grpc.internal.SerializingExecutor.run(SerializingExecutor.java:133)
	at java.util.concurrent.ThreadPoolExecutor.runWorker(ThreadPoolExecutor.java:1149)
	at java.util.concurrent.ThreadPoolExecutor$Worker.run(ThreadPoolExecutor.java:624)
	at java.lang.Thread.run(Thread.java:750)
Caused by: java.util.concurrent.RejectedExecutionException: Task java.util.concurrent.CompletableFuture$AsyncSupply@6fca55c2 rejected from java.util.concurrent.ThreadPoolExecutor@76e18451[Terminated, pool size = 0, active threads = 0, queued tasks = 0, completed tasks = 0]
	at java.util.concurrent.ThreadPoolExecutor$AbortPolicy.rejectedExecution(ThreadPoolExecutor.java:2063)
	at java.util.concurrent.ThreadPoolExecutor.reject(ThreadPoolExecutor.java:830)
	at java.util.concurrent.ThreadPoolExecutor.execute(ThreadPoolExecutor.java:1379)
	at java.util.concurrent.CompletableFuture.asyncSupplyStage(CompletableFuture.java:1618)
	at java.util.concurrent.CompletableFuture.supplyAsync(CompletableFuture.java:1843)
	at org.apache.ratis.server.impl.RaftServerImpl.executeSubmitServerRequestAsync(RaftServerImpl.java:896)
	at org.apache.ratis.server.impl.RaftServerProxy.lambda$appendEntriesAsync$29(RaftServerProxy.java:655)
	at java.util.concurrent.CompletableFuture.uniComposeStage(CompletableFuture.java:995)
	... 13 more
2024-09-10 06:19:52,137 DEBUG server.RaftServer$Division (RaftServerImpl.java:submitClientRequestAsync(910)) - s13@group-0052E07B9BEC: receive client request(RaftClientRequest:client-C7441C59A54E->s13@group-0052E07B9BEC, cid=4248, seq=null, RW, Message:01016100)
2024-09-10 06:19:52,137 DEBUG server.RaftServer$Division (LeaderStateImpl.java:addPendingRequest(532)) - s13@group-0052E07B9BEC-LeaderStateImpl: addPendingRequest at RaftClientRequest:client-C7441C59A54E->s13@group-0052E07B9BEC, cid=4248, seq=null, RW, Message:01016100, entry=(t:2, i:57), STATEMACHINELOGENTRY, WRITE: logData.size=4, stateMachineData.size=0, logEntryProtoSerializedSize=0
2024-09-10 06:19:52,138 DEBUG server.RaftServer$Division (RaftServerImpl.java:logAppendEntries(1539)) - s12@group-0052E07B9BEC: appendEntries* s13->s12#26-t2,previous=(t:2, i:55),leaderCommit=55,initializing? false,entries: size=1, first=(t:2, i:56), METADATAENTRY(c:55)
2024-09-10 06:19:52,138 DEBUG server.RaftServer$Division (RaftServerImpl.java:logAppendEntries(1539)) - s12@group-0052E07B9BEC: appendEntries* reply s13<-s12#26:OK-t2,SUCCESS,nextIndex=57,followerCommit=55,matchIndex=56
2024-09-10 06:19:52,139 INFO  leader.LogAppender (LogAppenderBase.java:lambda$getNextIndexForError$0(219)) - Decrease nextIndex to 37
2024-09-10 06:19:52,139 INFO  leader.LogAppender (LogAppenderBase.java:lambda$getNextIndexForError$0(219)) - Decrease nextIndex to 37
2024-09-10 06:19:52,139 INFO  leader.FollowerInfo (FollowerInfoImpl.java:info(70)) - s13@group-0052E07B9BEC->s11: computeNextIndex nextIndex: updateUnconditionally 56 -> 37
2024-09-10 06:19:52,140 DEBUG server.RaftServer$Division (RaftServerImpl.java:logAppendEntries(1539)) - s12@group-0052E07B9BEC: appendEntries* s13->s12#27-t2,previous=(t:2, i:56),leaderCommit=55,initializing? false,entries: size=1, first=(t:2, i:57), STATEMACHINELOGENTRY, StateMachineLogEntryProto:4248@client-C7441C59A54E
2024-09-10 06:19:52,141 DEBUG server.RaftServer$Division (RaftServerImpl.java:logAppendEntries(1539)) - s12@group-0052E07B9BEC: appendEntries* reply s13<-s12#27:OK-t2,SUCCESS,nextIndex=58,followerCommit=55,matchIndex=57
2024-09-10 06:19:52,142 INFO  statemachine.StateMachine (ArithmeticStateMachine.java:applyTransaction(181)) - LEADER:s13-57: a = null = null
2024-09-10 06:19:52,144 DEBUG server.RaftServer$Division (RaftServerImpl.java:logAppendEntries(1539)) - s12@group-0052E07B9BEC: appendEntries* s13->s12#29-t2,previous=(t:2, i:57),leaderCommit=57,initializing? false,entries: size=1, first=(t:2, i:58), METADATAENTRY(c:57)
2024-09-10 06:19:52,145 DEBUG server.RaftServer$Division (RaftServerImpl.java:logAppendEntries(1539)) - s12@group-0052E07B9BEC: appendEntries* reply s13<-s12#29:OK-t2,SUCCESS,nextIndex=59,followerCommit=57,matchIndex=58
2024-09-10 06:19:52,145 DEBUG server.RaftServer$Division (RaftServerImpl.java:submitClientRequestAsync(910)) - s13@group-0052E07B9BEC: receive client request(RaftClientRequest:client-C7441C59A54E->s13@group-0052E07B9BEC, cid=4249, seq=null, RW, Message:01016200)
2024-09-10 06:19:52,145 WARN  server.GrpcServerProtocolService (LogUtils.java:warn(123)) - s11: Failed APPEND_ENTRIES request cid=25, isHeartbeat? false
java.util.concurrent.CompletionException: java.util.concurrent.RejectedExecutionException: Task java.util.concurrent.CompletableFuture$AsyncSupply@449f61d8 rejected from java.util.concurrent.ThreadPoolExecutor@76e18451[Terminated, pool size = 0, active threads = 0, queued tasks = 0, completed tasks = 0]
	at java.util.concurrent.CompletableFuture.encodeThrowable(CompletableFuture.java:273)
	at java.util.concurrent.CompletableFuture.uniComposeStage(CompletableFuture.java:1005)
	at java.util.concurrent.CompletableFuture.thenCompose(CompletableFuture.java:2137)
	at org.apache.ratis.server.impl.RaftServerProxy.appendEntriesAsync(RaftServerProxy.java:655)
	at org.apache.ratis.grpc.server.GrpcServerProtocolService$1.process(GrpcServerProtocolService.java:307)
	at org.apache.ratis.grpc.server.GrpcServerProtocolService$ServerRequestStreamObserver.onNext(GrpcServerProtocolService.java:174)
	at org.apache.ratis.thirdparty.io.grpc.stub.ServerCalls$StreamingServerCallHandler$StreamingServerCallListener.onMessage(ServerCalls.java:262)
	at org.apache.ratis.thirdparty.io.grpc.internal.ServerCallImpl$ServerStreamListenerImpl.messagesAvailableInternal(ServerCallImpl.java:329)
	at org.apache.ratis.thirdparty.io.grpc.internal.ServerCallImpl$ServerStreamListenerImpl.messagesAvailable(ServerCallImpl.java:314)
	at org.apache.ratis.thirdparty.io.grpc.internal.ServerImpl$JumpToApplicationThreadServerStreamListener$1MessagesAvailable.runInContext(ServerImpl.java:833)
	at org.apache.ratis.thirdparty.io.grpc.internal.ContextRunnable.run(ContextRunnable.java:37)
	at org.apache.ratis.thirdparty.io.grpc.internal.SerializingExecutor.run(SerializingExecutor.java:133)
	at java.util.concurrent.ThreadPoolExecutor.runWorker(ThreadPoolExecutor.java:1149)
	at java.util.concurrent.ThreadPoolExecutor$Worker.run(ThreadPoolExecutor.java:624)
	at java.lang.Thread.run(Thread.java:750)
Caused by: java.util.concurrent.RejectedExecutionException: Task java.util.concurrent.CompletableFuture$AsyncSupply@449f61d8 rejected from java.util.concurrent.ThreadPoolExecutor@76e18451[Terminated, pool size = 0, active threads = 0, queued tasks = 0, completed tasks = 0]
	at java.util.concurrent.ThreadPoolExecutor$AbortPolicy.rejectedExecution(ThreadPoolExecutor.java:2063)
	at java.util.concurrent.ThreadPoolExecutor.reject(ThreadPoolExecutor.java:830)
	at java.util.concurrent.ThreadPoolExecutor.execute(ThreadPoolExecutor.java:1379)
	at java.util.concurrent.CompletableFuture.asyncSupplyStage(CompletableFuture.java:1618)
	at java.util.concurrent.CompletableFuture.supplyAsync(CompletableFuture.java:1843)
	at org.apache.ratis.server.impl.RaftServerImpl.executeSubmitServerRequestAsync(RaftServerImpl.java:896)
	at org.apache.ratis.server.impl.RaftServerProxy.lambda$appendEntriesAsync$29(RaftServerProxy.java:655)
	at java.util.concurrent.CompletableFuture.uniComposeStage(CompletableFuture.java:995)
	... 13 more
2024-09-10 06:19:52,145 DEBUG server.RaftServer$Division (LeaderStateImpl.java:addPendingRequest(532)) - s13@group-0052E07B9BEC-LeaderStateImpl: addPendingRequest at RaftClientRequest:client-C7441C59A54E->s13@group-0052E07B9BEC, cid=4249, seq=null, RW, Message:01016200, entry=(t:2, i:59), STATEMACHINELOGENTRY, WRITE: logData.size=4, stateMachineData.size=0, logEntryProtoSerializedSize=0
2024-09-10 06:19:52,149 INFO  leader.LogAppender (LogAppenderBase.java:lambda$getNextIndexForError$0(219)) - Decrease nextIndex to 37
2024-09-10 06:19:52,149 INFO  leader.LogAppender (LogAppenderBase.java:lambda$getNextIndexForError$0(219)) - Decrease nextIndex to 37
2024-09-10 06:19:52,149 INFO  leader.FollowerInfo (FollowerInfoImpl.java:info(70)) - s13@group-0052E07B9BEC->s11: computeNextIndex nextIndex: updateUnconditionally 58 -> 37
2024-09-10 06:19:52,149 DEBUG server.RaftServer$Division (RaftServerImpl.java:logAppendEntries(1539)) - s12@group-0052E07B9BEC: appendEntries* s13->s12#30-t2,previous=(t:2, i:58),leaderCommit=57,initializing? false,entries: size=1, first=(t:2, i:59), STATEMACHINELOGENTRY, StateMachineLogEntryProto:4249@client-C7441C59A54E
2024-09-10 06:19:52,150 DEBUG server.RaftServer$Division (RaftServerImpl.java:logAppendEntries(1539)) - s12@group-0052E07B9BEC: appendEntries* reply s13<-s12#30:OK-t2,SUCCESS,nextIndex=60,followerCommit=57,matchIndex=59
2024-09-10 06:19:52,152 INFO  statemachine.StateMachine (ArithmeticStateMachine.java:applyTransaction(181)) - LEADER:s13-59: b = null = null
2024-09-10 06:19:52,154 WARN  server.GrpcServerProtocolService (LogUtils.java:warn(123)) - s11: Failed APPEND_ENTRIES request cid=27, isHeartbeat? false
java.util.concurrent.CompletionException: java.util.concurrent.RejectedExecutionException: Task java.util.concurrent.CompletableFuture$AsyncSupply@35672868 rejected from java.util.concurrent.ThreadPoolExecutor@76e18451[Terminated, pool size = 0, active threads = 0, queued tasks = 0, completed tasks = 0]
	at java.util.concurrent.CompletableFuture.encodeThrowable(CompletableFuture.java:273)
	at java.util.concurrent.CompletableFuture.uniComposeStage(CompletableFuture.java:1005)
	at java.util.concurrent.CompletableFuture.thenCompose(CompletableFuture.java:2137)
	at org.apache.ratis.server.impl.RaftServerProxy.appendEntriesAsync(RaftServerProxy.java:655)
	at org.apache.ratis.grpc.server.GrpcServerProtocolService$1.process(GrpcServerProtocolService.java:307)
	at org.apache.ratis.grpc.server.GrpcServerProtocolService$ServerRequestStreamObserver.onNext(GrpcServerProtocolService.java:174)
	at org.apache.ratis.thirdparty.io.grpc.stub.ServerCalls$StreamingServerCallHandler$StreamingServerCallListener.onMessage(ServerCalls.java:262)
	at org.apache.ratis.thirdparty.io.grpc.internal.ServerCallImpl$ServerStreamListenerImpl.messagesAvailableInternal(ServerCallImpl.java:329)
	at org.apache.ratis.thirdparty.io.grpc.internal.ServerCallImpl$ServerStreamListenerImpl.messagesAvailable(ServerCallImpl.java:314)
	at org.apache.ratis.thirdparty.io.grpc.internal.ServerImpl$JumpToApplicationThreadServerStreamListener$1MessagesAvailable.runInContext(ServerImpl.java:833)
	at org.apache.ratis.thirdparty.io.grpc.internal.ContextRunnable.run(ContextRunnable.java:37)
	at org.apache.ratis.thirdparty.io.grpc.internal.SerializingExecutor.run(SerializingExecutor.java:133)
	at java.util.concurrent.ThreadPoolExecutor.runWorker(ThreadPoolExecutor.java:1149)
	at java.util.concurrent.ThreadPoolExecutor$Worker.run(ThreadPoolExecutor.java:624)
	at java.lang.Thread.run(Thread.java:750)
Caused by: java.util.concurrent.RejectedExecutionException: Task java.util.concurrent.CompletableFuture$AsyncSupply@35672868 rejected from java.util.concurrent.ThreadPoolExecutor@76e18451[Terminated, pool size = 0, active threads = 0, queued tasks = 0, completed tasks = 0]
	at java.util.concurrent.ThreadPoolExecutor$AbortPolicy.rejectedExecution(ThreadPoolExecutor.java:2063)
	at java.util.concurrent.ThreadPoolExecutor.reject(ThreadPoolExecutor.java:830)
	at java.util.concurrent.ThreadPoolExecutor.execute(ThreadPoolExecutor.java:1379)
	at java.util.concurrent.CompletableFuture.asyncSupplyStage(CompletableFuture.java:1618)
	at java.util.concurrent.CompletableFuture.supplyAsync(CompletableFuture.java:1843)
	at org.apache.ratis.server.impl.RaftServerImpl.executeSubmitServerRequestAsync(RaftServerImpl.java:896)
	at org.apache.ratis.server.impl.RaftServerProxy.lambda$appendEntriesAsync$29(RaftServerProxy.java:655)
	at java.util.concurrent.CompletableFuture.uniComposeStage(CompletableFuture.java:995)
	... 13 more
2024-09-10 06:19:52,154 DEBUG server.RaftServer$Division (RaftServerImpl.java:submitClientRequestAsync(910)) - s13@group-0052E07B9BEC: receive client request(RaftClientRequest:client-C7441C59A54E->s13@group-0052E07B9BEC, cid=4250, seq=null, RW, Message:01016300)
2024-09-10 06:19:52,155 DEBUG server.RaftServer$Division (LeaderStateImpl.java:addPendingRequest(532)) - s13@group-0052E07B9BEC-LeaderStateImpl: addPendingRequest at RaftClientRequest:client-C7441C59A54E->s13@group-0052E07B9BEC, cid=4250, seq=null, RW, Message:01016300, entry=(t:2, i:61), STATEMACHINELOGENTRY, WRITE: logData.size=4, stateMachineData.size=0, logEntryProtoSerializedSize=0
2024-09-10 06:19:52,157 DEBUG server.RaftServer$Division (RaftServerImpl.java:logAppendEntries(1539)) - s12@group-0052E07B9BEC: appendEntries* s13->s12#33-t2,previous=(t:2, i:59),leaderCommit=59,initializing? false,entries: size=1, first=(t:2, i:60), METADATAENTRY(c:59)
2024-09-10 06:19:52,158 DEBUG server.RaftServer$Division (RaftServerImpl.java:logAppendEntries(1539)) - s12@group-0052E07B9BEC: appendEntries* reply s13<-s12#33:OK-t2,SUCCESS,nextIndex=61,followerCommit=59,matchIndex=60
2024-09-10 06:19:52,159 INFO  leader.LogAppender (LogAppenderBase.java:lambda$getNextIndexForError$0(219)) - Decrease nextIndex to 37
2024-09-10 06:19:52,159 INFO  leader.LogAppender (LogAppenderBase.java:lambda$getNextIndexForError$0(219)) - Decrease nextIndex to 37
2024-09-10 06:19:52,159 INFO  leader.FollowerInfo (FollowerInfoImpl.java:info(70)) - s13@group-0052E07B9BEC->s11: computeNextIndex nextIndex: updateUnconditionally 60 -> 37
2024-09-10 06:19:52,159 DEBUG server.RaftServer$Division (RaftServerImpl.java:logAppendEntries(1539)) - s12@group-0052E07B9BEC: appendEntries* s13->s12#34-t2,previous=(t:2, i:60),leaderCommit=59,initializing? false,entries: size=1, first=(t:2, i:61), STATEMACHINELOGENTRY, StateMachineLogEntryProto:4250@client-C7441C59A54E
2024-09-10 06:19:52,160 DEBUG server.RaftServer$Division (RaftServerImpl.java:logAppendEntries(1539)) - s12@group-0052E07B9BEC: appendEntries* reply s13<-s12#34:OK-t2,SUCCESS,nextIndex=62,followerCommit=59,matchIndex=61
2024-09-10 06:19:52,162 INFO  statemachine.StateMachine (ArithmeticStateMachine.java:applyTransaction(181)) - LEADER:s13-61: c = null = null
2024-09-10 06:19:52,162 WARN  server.GrpcServerProtocolService (LogUtils.java:warn(123)) - s11: Failed APPEND_ENTRIES request cid=29, isHeartbeat? false
java.util.concurrent.CompletionException: java.util.concurrent.RejectedExecutionException: Task java.util.concurrent.CompletableFuture$AsyncSupply@48a6a26f rejected from java.util.concurrent.ThreadPoolExecutor@76e18451[Terminated, pool size = 0, active threads = 0, queued tasks = 0, completed tasks = 0]
	at java.util.concurrent.CompletableFuture.encodeThrowable(CompletableFuture.java:273)
	at java.util.concurrent.CompletableFuture.uniComposeStage(CompletableFuture.java:1005)
	at java.util.concurrent.CompletableFuture.thenCompose(CompletableFuture.java:2137)
	at org.apache.ratis.server.impl.RaftServerProxy.appendEntriesAsync(RaftServerProxy.java:655)
	at org.apache.ratis.grpc.server.GrpcServerProtocolService$1.process(GrpcServerProtocolService.java:307)
	at org.apache.ratis.grpc.server.GrpcServerProtocolService$ServerRequestStreamObserver.onNext(GrpcServerProtocolService.java:174)
	at org.apache.ratis.thirdparty.io.grpc.stub.ServerCalls$StreamingServerCallHandler$StreamingServerCallListener.onMessage(ServerCalls.java:262)
	at org.apache.ratis.thirdparty.io.grpc.internal.ServerCallImpl$ServerStreamListenerImpl.messagesAvailableInternal(ServerCallImpl.java:329)
	at org.apache.ratis.thirdparty.io.grpc.internal.ServerCallImpl$ServerStreamListenerImpl.messagesAvailable(ServerCallImpl.java:314)
	at org.apache.ratis.thirdparty.io.grpc.internal.ServerImpl$JumpToApplicationThreadServerStreamListener$1MessagesAvailable.runInContext(ServerImpl.java:833)
	at org.apache.ratis.thirdparty.io.grpc.internal.ContextRunnable.run(ContextRunnable.java:37)
	at org.apache.ratis.thirdparty.io.grpc.internal.SerializingExecutor.run(SerializingExecutor.java:133)
	at java.util.concurrent.ThreadPoolExecutor.runWorker(ThreadPoolExecutor.java:1149)
	at java.util.concurrent.ThreadPoolExecutor$Worker.run(ThreadPoolExecutor.java:624)
	at java.lang.Thread.run(Thread.java:750)
Caused by: java.util.concurrent.RejectedExecutionException: Task java.util.concurrent.CompletableFuture$AsyncSupply@48a6a26f rejected from java.util.concurrent.ThreadPoolExecutor@76e18451[Terminated, pool size = 0, active threads = 0, queued tasks = 0, completed tasks = 0]
	at java.util.concurrent.ThreadPoolExecutor$AbortPolicy.rejectedExecution(ThreadPoolExecutor.java:2063)
	at java.util.concurrent.ThreadPoolExecutor.reject(ThreadPoolExecutor.java:830)
	at java.util.concurrent.ThreadPoolExecutor.execute(ThreadPoolExecutor.java:1379)
	at java.util.concurrent.CompletableFuture.asyncSupplyStage(CompletableFuture.java:1618)
	at java.util.concurrent.CompletableFuture.supplyAsync(CompletableFuture.java:1843)
	at org.apache.ratis.server.impl.RaftServerImpl.executeSubmitServerRequestAsync(RaftServerImpl.java:896)
	at org.apache.ratis.server.impl.RaftServerProxy.lambda$appendEntriesAsync$29(RaftServerProxy.java:655)
	at java.util.concurrent.CompletableFuture.uniComposeStage(CompletableFuture.java:995)
	... 13 more
2024-09-10 06:19:52,162 DEBUG server.RaftServer$Division (RaftServerImpl.java:logAppendEntries(1539)) - s12@group-0052E07B9BEC: appendEntries* s13->s12#36-t2,previous=(t:2, i:61),leaderCommit=61,initializing? false,entries: size=1, first=(t:2, i:62), METADATAENTRY(c:61)
2024-09-10 06:19:52,164 DEBUG server.RaftServer$Division (RaftServerImpl.java:logAppendEntries(1539)) - s12@group-0052E07B9BEC: appendEntries* reply s13<-s12#36:OK-t2,SUCCESS,nextIndex=63,followerCommit=61,matchIndex=62
2024-09-10 06:19:52,166 DEBUG server.RaftServer$Division (RaftServerImpl.java:submitClientRequestAsync(910)) - s13@group-0052E07B9BEC: receive client request(RaftClientRequest:client-C7441C59A54E->s13@group-0052E07B9BEC, cid=4251, seq=null, RW, Message:01016102404080000000...(size=12))
2024-09-10 06:19:52,166 DEBUG server.RaftServer$Division (LeaderStateImpl.java:addPendingRequest(532)) - s13@group-0052E07B9BEC-LeaderStateImpl: addPendingRequest at RaftClientRequest:client-C7441C59A54E->s13@group-0052E07B9BEC, cid=4251, seq=null, RW, Message:01016102404080000000...(size=12), entry=(t:2, i:63), STATEMACHINELOGENTRY, WRITE: logData.size=12, stateMachineData.size=0, logEntryProtoSerializedSize=0
2024-09-10 06:19:52,168 INFO  leader.LogAppender (LogAppenderBase.java:lambda$getNextIndexForError$0(219)) - Decrease nextIndex to 37
2024-09-10 06:19:52,168 INFO  leader.LogAppender (LogAppenderBase.java:lambda$getNextIndexForError$0(219)) - Decrease nextIndex to 37
2024-09-10 06:19:52,168 INFO  leader.FollowerInfo (FollowerInfoImpl.java:info(70)) - s13@group-0052E07B9BEC->s11: computeNextIndex nextIndex: updateUnconditionally 62 -> 37
2024-09-10 06:19:52,170 DEBUG server.RaftServer$Division (RaftServerImpl.java:logAppendEntries(1539)) - s12@group-0052E07B9BEC: appendEntries* s13->s12#37-t2,previous=(t:2, i:62),leaderCommit=61,initializing? false,entries: size=1, first=(t:2, i:63), STATEMACHINELOGENTRY, StateMachineLogEntryProto:4251@client-C7441C59A54E
2024-09-10 06:19:52,170 DEBUG server.RaftServer$Division (RaftServerImpl.java:logAppendEntries(1539)) - s12@group-0052E07B9BEC: appendEntries* reply s13<-s12#37:OK-t2,SUCCESS,nextIndex=64,followerCommit=61,matchIndex=63
2024-09-10 06:19:52,171 INFO  statemachine.StateMachine (ArithmeticStateMachine.java:applyTransaction(181)) - LEADER:s13-63: a = 33 = 33
2024-09-10 06:19:52,173 DEBUG server.RaftServer$Division (RaftServerImpl.java:submitClientRequestAsync(910)) - s13@group-0052E07B9BEC: receive client request(RaftClientRequest:client-C7441C59A54E->s13@group-0052E07B9BEC, cid=4252, seq=null, RW, Message:01016202408100000000...(size=12))
2024-09-10 06:19:52,174 DEBUG server.RaftServer$Division (RaftServerImpl.java:logAppendEntries(1539)) - s12@group-0052E07B9BEC: appendEntries* s13->s12#40-t2,previous=(t:2, i:63),leaderCommit=63,initializing? false,entries: size=1, first=(t:2, i:64), METADATAENTRY(c:63)
2024-09-10 06:19:52,174 DEBUG server.RaftServer$Division (LeaderStateImpl.java:addPendingRequest(532)) - s13@group-0052E07B9BEC-LeaderStateImpl: addPendingRequest at RaftClientRequest:client-C7441C59A54E->s13@group-0052E07B9BEC, cid=4252, seq=null, RW, Message:01016202408100000000...(size=12), entry=(t:2, i:65), STATEMACHINELOGENTRY, WRITE: logData.size=12, stateMachineData.size=0, logEntryProtoSerializedSize=0
2024-09-10 06:19:52,174 DEBUG server.RaftServer$Division (RaftServerImpl.java:logAppendEntries(1539)) - s12@group-0052E07B9BEC: appendEntries* reply s13<-s12#40:OK-t2,SUCCESS,nextIndex=65,followerCommit=63,matchIndex=64
2024-09-10 06:19:52,175 DEBUG server.RaftServer$Division (RaftServerImpl.java:logAppendEntries(1539)) - s12@group-0052E07B9BEC: appendEntries* s13->s12#41-t2,previous=(t:2, i:64),leaderCommit=63,initializing? false,entries: size=1, first=(t:2, i:65), STATEMACHINELOGENTRY, StateMachineLogEntryProto:4252@client-C7441C59A54E
2024-09-10 06:19:52,176 DEBUG server.RaftServer$Division (RaftServerImpl.java:logAppendEntries(1539)) - s12@group-0052E07B9BEC: appendEntries* reply s13<-s12#41:OK-t2,SUCCESS,nextIndex=66,followerCommit=63,matchIndex=65
2024-09-10 06:19:52,176 WARN  server.GrpcServerProtocolService (LogUtils.java:warn(123)) - s11: Failed APPEND_ENTRIES request cid=32, isHeartbeat? false
java.util.concurrent.CompletionException: java.util.concurrent.RejectedExecutionException: Task java.util.concurrent.CompletableFuture$AsyncSupply@6644b9ba rejected from java.util.concurrent.ThreadPoolExecutor@76e18451[Terminated, pool size = 0, active threads = 0, queued tasks = 0, completed tasks = 0]
	at java.util.concurrent.CompletableFuture.encodeThrowable(CompletableFuture.java:273)
	at java.util.concurrent.CompletableFuture.uniComposeStage(CompletableFuture.java:1005)
	at java.util.concurrent.CompletableFuture.thenCompose(CompletableFuture.java:2137)
	at org.apache.ratis.server.impl.RaftServerProxy.appendEntriesAsync(RaftServerProxy.java:655)
	at org.apache.ratis.grpc.server.GrpcServerProtocolService$1.process(GrpcServerProtocolService.java:307)
	at org.apache.ratis.grpc.server.GrpcServerProtocolService$ServerRequestStreamObserver.onNext(GrpcServerProtocolService.java:174)
	at org.apache.ratis.thirdparty.io.grpc.stub.ServerCalls$StreamingServerCallHandler$StreamingServerCallListener.onMessage(ServerCalls.java:262)
	at org.apache.ratis.thirdparty.io.grpc.internal.ServerCallImpl$ServerStreamListenerImpl.messagesAvailableInternal(ServerCallImpl.java:329)
	at org.apache.ratis.thirdparty.io.grpc.internal.ServerCallImpl$ServerStreamListenerImpl.messagesAvailable(ServerCallImpl.java:314)
	at org.apache.ratis.thirdparty.io.grpc.internal.ServerImpl$JumpToApplicationThreadServerStreamListener$1MessagesAvailable.runInContext(ServerImpl.java:833)
	at org.apache.ratis.thirdparty.io.grpc.internal.ContextRunnable.run(ContextRunnable.java:37)
	at org.apache.ratis.thirdparty.io.grpc.internal.SerializingExecutor.run(SerializingExecutor.java:133)
	at java.util.concurrent.ThreadPoolExecutor.runWorker(ThreadPoolExecutor.java:1149)
	at java.util.concurrent.ThreadPoolExecutor$Worker.run(ThreadPoolExecutor.java:624)
	at java.lang.Thread.run(Thread.java:750)
Caused by: java.util.concurrent.RejectedExecutionException: Task java.util.concurrent.CompletableFuture$AsyncSupply@6644b9ba rejected from java.util.concurrent.ThreadPoolExecutor@76e18451[Terminated, pool size = 0, active threads = 0, queued tasks = 0, completed tasks = 0]
	at java.util.concurrent.ThreadPoolExecutor$AbortPolicy.rejectedExecution(ThreadPoolExecutor.java:2063)
	at java.util.concurrent.ThreadPoolExecutor.reject(ThreadPoolExecutor.java:830)
	at java.util.concurrent.ThreadPoolExecutor.execute(ThreadPoolExecutor.java:1379)
	at java.util.concurrent.CompletableFuture.asyncSupplyStage(CompletableFuture.java:1618)
	at java.util.concurrent.CompletableFuture.supplyAsync(CompletableFuture.java:1843)
	at org.apache.ratis.server.impl.RaftServerImpl.executeSubmitServerRequestAsync(RaftServerImpl.java:896)
	at org.apache.ratis.server.impl.RaftServerProxy.lambda$appendEntriesAsync$29(RaftServerProxy.java:655)
	at java.util.concurrent.CompletableFuture.uniComposeStage(CompletableFuture.java:995)
	... 13 more
2024-09-10 06:19:52,178 DEBUG server.RaftServer$Division (RaftServerImpl.java:logAppendEntries(1539)) - s12@group-0052E07B9BEC: appendEntries* s13->s12#44-t2,previous=(t:2, i:65),leaderCommit=65,initializing? false,entries: size=1, first=(t:2, i:66), METADATAENTRY(c:65)
2024-09-10 06:19:52,179 DEBUG server.RaftServer$Division (RaftServerImpl.java:logAppendEntries(1539)) - s12@group-0052E07B9BEC: appendEntries* reply s13<-s12#44:OK-t2,SUCCESS,nextIndex=67,followerCommit=65,matchIndex=66
2024-09-10 06:19:52,176 INFO  statemachine.StateMachine (ArithmeticStateMachine.java:applyTransaction(181)) - LEADER:s13-65: b = 544 = 544
2024-09-10 06:19:52,182 DEBUG server.RaftServer$Division (RaftServerImpl.java:submitClientRequestAsync(910)) - s13@group-0052E07B9BEC: receive client request(RaftClientRequest:client-C7441C59A54E->s13@group-0052E07B9BEC, cid=4253, seq=null, RW, Message:01016304010300040201...(size=17))
2024-09-10 06:19:52,183 DEBUG server.RaftServer$Division (LeaderStateImpl.java:addPendingRequest(532)) - s13@group-0052E07B9BEC-LeaderStateImpl: addPendingRequest at RaftClientRequest:client-C7441C59A54E->s13@group-0052E07B9BEC, cid=4253, seq=null, RW, Message:01016304010300040201...(size=17), entry=(t:2, i:67), STATEMACHINELOGENTRY, WRITE: logData.size=17, stateMachineData.size=0, logEntryProtoSerializedSize=0
2024-09-10 06:19:52,183 INFO  leader.LogAppender (LogAppenderBase.java:lambda$getNextIndexForError$0(219)) - Decrease nextIndex to 37
2024-09-10 06:19:52,183 INFO  leader.LogAppender (LogAppenderBase.java:lambda$getNextIndexForError$0(219)) - Decrease nextIndex to 37
2024-09-10 06:19:52,183 INFO  leader.FollowerInfo (FollowerInfoImpl.java:info(70)) - s13@group-0052E07B9BEC->s11: computeNextIndex nextIndex: updateUnconditionally 64 -> 37
2024-09-10 06:19:52,184 DEBUG server.RaftServer$Division (RaftServerImpl.java:logAppendEntries(1539)) - s12@group-0052E07B9BEC: appendEntries* s13->s12#45-t2,previous=(t:2, i:66),leaderCommit=65,initializing? false,entries: size=1, first=(t:2, i:67), STATEMACHINELOGENTRY, StateMachineLogEntryProto:4253@client-C7441C59A54E
2024-09-10 06:19:52,185 DEBUG server.RaftServer$Division (RaftServerImpl.java:logAppendEntries(1539)) - s12@group-0052E07B9BEC: appendEntries* reply s13<-s12#45:OK-t2,SUCCESS,nextIndex=68,followerCommit=65,matchIndex=67
2024-09-10 06:19:52,186 INFO  statemachine.StateMachine (ArithmeticStateMachine.java:applyTransaction(181)) - LEADER:s13-67: c = √(a^2 + b^2) = 545
2024-09-10 06:19:52,187 DEBUG server.RaftServer$Division (RaftServerImpl.java:logAppendEntries(1539)) - s12@group-0052E07B9BEC: appendEntries* s13->s12#48-t2,previous=(t:2, i:67),leaderCommit=67,initializing? false,entries: size=1, first=(t:2, i:68), METADATAENTRY(c:67)
2024-09-10 06:19:52,187 DEBUG server.RaftServer$Division (RaftServerImpl.java:logAppendEntries(1539)) - s12@group-0052E07B9BEC: appendEntries* reply s13<-s12#48:OK-t2,SUCCESS,nextIndex=69,followerCommit=67,matchIndex=68
2024-09-10 06:19:52,188 WARN  server.GrpcServerProtocolService (LogUtils.java:warn(123)) - s11: Failed APPEND_ENTRIES request cid=37, isHeartbeat? false
java.util.concurrent.CompletionException: java.util.concurrent.RejectedExecutionException: Task java.util.concurrent.CompletableFuture$AsyncSupply@722e4864 rejected from java.util.concurrent.ThreadPoolExecutor@76e18451[Terminated, pool size = 0, active threads = 0, queued tasks = 0, completed tasks = 0]
	at java.util.concurrent.CompletableFuture.encodeThrowable(CompletableFuture.java:273)
	at java.util.concurrent.CompletableFuture.uniComposeStage(CompletableFuture.java:1005)
	at java.util.concurrent.CompletableFuture.thenCompose(CompletableFuture.java:2137)
	at org.apache.ratis.server.impl.RaftServerProxy.appendEntriesAsync(RaftServerProxy.java:655)
	at org.apache.ratis.grpc.server.GrpcServerProtocolService$1.process(GrpcServerProtocolService.java:307)
	at org.apache.ratis.grpc.server.GrpcServerProtocolService$ServerRequestStreamObserver.onNext(GrpcServerProtocolService.java:174)
	at org.apache.ratis.thirdparty.io.grpc.stub.ServerCalls$StreamingServerCallHandler$StreamingServerCallListener.onMessage(ServerCalls.java:262)
	at org.apache.ratis.thirdparty.io.grpc.internal.ServerCallImpl$ServerStreamListenerImpl.messagesAvailableInternal(ServerCallImpl.java:329)
	at org.apache.ratis.thirdparty.io.grpc.internal.ServerCallImpl$ServerStreamListenerImpl.messagesAvailable(ServerCallImpl.java:314)
	at org.apache.ratis.thirdparty.io.grpc.internal.ServerImpl$JumpToApplicationThreadServerStreamListener$1MessagesAvailable.runInContext(ServerImpl.java:833)
	at org.apache.ratis.thirdparty.io.grpc.internal.ContextRunnable.run(ContextRunnable.java:37)
	at org.apache.ratis.thirdparty.io.grpc.internal.SerializingExecutor.run(SerializingExecutor.java:133)
	at java.util.concurrent.ThreadPoolExecutor.runWorker(ThreadPoolExecutor.java:1149)
	at java.util.concurrent.ThreadPoolExecutor$Worker.run(ThreadPoolExecutor.java:624)
	at java.lang.Thread.run(Thread.java:750)
Caused by: java.util.concurrent.RejectedExecutionException: Task java.util.concurrent.CompletableFuture$AsyncSupply@722e4864 rejected from java.util.concurrent.ThreadPoolExecutor@76e18451[Terminated, pool size = 0, active threads = 0, queued tasks = 0, completed tasks = 0]
	at java.util.concurrent.ThreadPoolExecutor$AbortPolicy.rejectedExecution(ThreadPoolExecutor.java:2063)
	at java.util.concurrent.ThreadPoolExecutor.reject(ThreadPoolExecutor.java:830)
	at java.util.concurrent.ThreadPoolExecutor.execute(ThreadPoolExecutor.java:1379)
	at java.util.concurrent.CompletableFuture.asyncSupplyStage(CompletableFuture.java:1618)
	at java.util.concurrent.CompletableFuture.supplyAsync(CompletableFuture.java:1843)
	at org.apache.ratis.server.impl.RaftServerImpl.executeSubmitServerRequestAsync(RaftServerImpl.java:896)
	at org.apache.ratis.server.impl.RaftServerProxy.lambda$appendEntriesAsync$29(RaftServerProxy.java:655)
	at java.util.concurrent.CompletableFuture.uniComposeStage(CompletableFuture.java:995)
	... 13 more
2024-09-10 06:19:52,190 DEBUG server.RaftServer$Division (RaftServerImpl.java:submitClientRequestAsync(910)) - s13@group-0052E07B9BEC: receive client request(RaftClientRequest:client-C7441C59A54E->s13@group-0052E07B9BEC, cid=4254, seq=null, RW, Message:01016100)
2024-09-10 06:19:52,190 DEBUG server.RaftServer$Division (LeaderStateImpl.java:addPendingRequest(532)) - s13@group-0052E07B9BEC-LeaderStateImpl: addPendingRequest at RaftClientRequest:client-C7441C59A54E->s13@group-0052E07B9BEC, cid=4254, seq=null, RW, Message:01016100, entry=(t:2, i:69), STATEMACHINELOGENTRY, WRITE: logData.size=4, stateMachineData.size=0, logEntryProtoSerializedSize=0
2024-09-10 06:19:52,192 INFO  leader.LogAppender (LogAppenderBase.java:lambda$getNextIndexForError$0(219)) - Decrease nextIndex to 37
2024-09-10 06:19:52,192 INFO  leader.LogAppender (LogAppenderBase.java:lambda$getNextIndexForError$0(219)) - Decrease nextIndex to 37
2024-09-10 06:19:52,192 INFO  leader.FollowerInfo (FollowerInfoImpl.java:info(70)) - s13@group-0052E07B9BEC->s11: computeNextIndex nextIndex: updateUnconditionally 68 -> 37
2024-09-10 06:19:52,192 DEBUG server.RaftServer$Division (RaftServerImpl.java:logAppendEntries(1539)) - s12@group-0052E07B9BEC: appendEntries* s13->s12#50-t2,previous=(t:2, i:68),leaderCommit=68,initializing? false,entries: size=1, first=(t:2, i:69), STATEMACHINELOGENTRY, StateMachineLogEntryProto:4254@client-C7441C59A54E
2024-09-10 06:19:52,193 DEBUG server.RaftServer$Division (RaftServerImpl.java:logAppendEntries(1539)) - s12@group-0052E07B9BEC: appendEntries* reply s13<-s12#50:OK-t2,SUCCESS,nextIndex=70,followerCommit=68,matchIndex=69
2024-09-10 06:19:52,193 INFO  statemachine.StateMachine (ArithmeticStateMachine.java:applyTransaction(181)) - LEADER:s13-69: a = null = null
2024-09-10 06:19:52,196 DEBUG server.RaftServer$Division (RaftServerImpl.java:submitClientRequestAsync(910)) - s13@group-0052E07B9BEC: receive client request(RaftClientRequest:client-C7441C59A54E->s13@group-0052E07B9BEC, cid=4255, seq=null, RW, Message:01016200)
2024-09-10 06:19:52,196 DEBUG server.RaftServer$Division (LeaderStateImpl.java:addPendingRequest(532)) - s13@group-0052E07B9BEC-LeaderStateImpl: addPendingRequest at RaftClientRequest:client-C7441C59A54E->s13@group-0052E07B9BEC, cid=4255, seq=null, RW, Message:01016200, entry=(t:2, i:71), STATEMACHINELOGENTRY, WRITE: logData.size=4, stateMachineData.size=0, logEntryProtoSerializedSize=0
2024-09-10 06:19:52,197 DEBUG server.RaftServer$Division (RaftServerImpl.java:logAppendEntries(1539)) - s12@group-0052E07B9BEC: appendEntries* s13->s12#51-t2,previous=(t:2, i:69),leaderCommit=69,initializing? false,entries: size=1, first=(t:2, i:70), METADATAENTRY(c:69)
2024-09-10 06:19:52,197 DEBUG server.RaftServer$Division (RaftServerImpl.java:logAppendEntries(1539)) - s12@group-0052E07B9BEC: appendEntries* reply s13<-s12#51:OK-t2,SUCCESS,nextIndex=71,followerCommit=69,matchIndex=70
2024-09-10 06:19:52,198 DEBUG server.RaftServer$Division (RaftServerImpl.java:logAppendEntries(1539)) - s12@group-0052E07B9BEC: appendEntries* s13->s12#52-t2,previous=(t:2, i:70),leaderCommit=69,initializing? false,entries: size=1, first=(t:2, i:71), STATEMACHINELOGENTRY, StateMachineLogEntryProto:4255@client-C7441C59A54E
2024-09-10 06:19:52,198 DEBUG server.RaftServer$Division (RaftServerImpl.java:logAppendEntries(1539)) - s12@group-0052E07B9BEC: appendEntries* reply s13<-s12#52:OK-t2,SUCCESS,nextIndex=72,followerCommit=69,matchIndex=71
2024-09-10 06:19:52,199 WARN  server.GrpcServerProtocolService (LogUtils.java:warn(123)) - s11: Failed APPEND_ENTRIES request cid=40, isHeartbeat? false
java.util.concurrent.CompletionException: java.util.concurrent.RejectedExecutionException: Task java.util.concurrent.CompletableFuture$AsyncSupply@47f56784 rejected from java.util.concurrent.ThreadPoolExecutor@76e18451[Terminated, pool size = 0, active threads = 0, queued tasks = 0, completed tasks = 0]
	at java.util.concurrent.CompletableFuture.encodeThrowable(CompletableFuture.java:273)
	at java.util.concurrent.CompletableFuture.uniComposeStage(CompletableFuture.java:1005)
	at java.util.concurrent.CompletableFuture.thenCompose(CompletableFuture.java:2137)
	at org.apache.ratis.server.impl.RaftServerProxy.appendEntriesAsync(RaftServerProxy.java:655)
	at org.apache.ratis.grpc.server.GrpcServerProtocolService$1.process(GrpcServerProtocolService.java:307)
	at org.apache.ratis.grpc.server.GrpcServerProtocolService$ServerRequestStreamObserver.onNext(GrpcServerProtocolService.java:174)
	at org.apache.ratis.thirdparty.io.grpc.stub.ServerCalls$StreamingServerCallHandler$StreamingServerCallListener.onMessage(ServerCalls.java:262)
	at org.apache.ratis.thirdparty.io.grpc.internal.ServerCallImpl$ServerStreamListenerImpl.messagesAvailableInternal(ServerCallImpl.java:329)
	at org.apache.ratis.thirdparty.io.grpc.internal.ServerCallImpl$ServerStreamListenerImpl.messagesAvailable(ServerCallImpl.java:314)
	at org.apache.ratis.thirdparty.io.grpc.internal.ServerImpl$JumpToApplicationThreadServerStreamListener$1MessagesAvailable.runInContext(ServerImpl.java:833)
	at org.apache.ratis.thirdparty.io.grpc.internal.ContextRunnable.run(ContextRunnable.java:37)
	at org.apache.ratis.thirdparty.io.grpc.internal.SerializingExecutor.run(SerializingExecutor.java:133)
	at java.util.concurrent.ThreadPoolExecutor.runWorker(ThreadPoolExecutor.java:1149)
	at java.util.concurrent.ThreadPoolExecutor$Worker.run(ThreadPoolExecutor.java:624)
	at java.lang.Thread.run(Thread.java:750)
Caused by: java.util.concurrent.RejectedExecutionException: Task java.util.concurrent.CompletableFuture$AsyncSupply@47f56784 rejected from java.util.concurrent.ThreadPoolExecutor@76e18451[Terminated, pool size = 0, active threads = 0, queued tasks = 0, completed tasks = 0]
	at java.util.concurrent.ThreadPoolExecutor$AbortPolicy.rejectedExecution(ThreadPoolExecutor.java:2063)
	at java.util.concurrent.ThreadPoolExecutor.reject(ThreadPoolExecutor.java:830)
	at java.util.concurrent.ThreadPoolExecutor.execute(ThreadPoolExecutor.java:1379)
	at java.util.concurrent.CompletableFuture.asyncSupplyStage(CompletableFuture.java:1618)
	at java.util.concurrent.CompletableFuture.supplyAsync(CompletableFuture.java:1843)
	at org.apache.ratis.server.impl.RaftServerImpl.executeSubmitServerRequestAsync(RaftServerImpl.java:896)
	at org.apache.ratis.server.impl.RaftServerProxy.lambda$appendEntriesAsync$29(RaftServerProxy.java:655)
	at java.util.concurrent.CompletableFuture.uniComposeStage(CompletableFuture.java:995)
	... 13 more
2024-09-10 06:19:52,199 INFO  statemachine.StateMachine (ArithmeticStateMachine.java:applyTransaction(181)) - LEADER:s13-71: b = null = null
2024-09-10 06:19:52,203 DEBUG server.RaftServer$Division (RaftServerImpl.java:submitClientRequestAsync(910)) - s13@group-0052E07B9BEC: receive client request(RaftClientRequest:client-C7441C59A54E->s13@group-0052E07B9BEC, cid=4256, seq=null, RW, Message:01016300)
2024-09-10 06:19:52,203 DEBUG server.RaftServer$Division (LeaderStateImpl.java:addPendingRequest(532)) - s13@group-0052E07B9BEC-LeaderStateImpl: addPendingRequest at RaftClientRequest:client-C7441C59A54E->s13@group-0052E07B9BEC, cid=4256, seq=null, RW, Message:01016300, entry=(t:2, i:73), STATEMACHINELOGENTRY, WRITE: logData.size=4, stateMachineData.size=0, logEntryProtoSerializedSize=0
2024-09-10 06:19:52,204 INFO  leader.LogAppender (LogAppenderBase.java:lambda$getNextIndexForError$0(219)) - Decrease nextIndex to 37
2024-09-10 06:19:52,204 INFO  leader.LogAppender (LogAppenderBase.java:lambda$getNextIndexForError$0(219)) - Decrease nextIndex to 37
2024-09-10 06:19:52,204 INFO  leader.FollowerInfo (FollowerInfoImpl.java:info(70)) - s13@group-0052E07B9BEC->s11: computeNextIndex nextIndex: updateUnconditionally 70 -> 37
2024-09-10 06:19:52,207 DEBUG server.RaftServer$Division (RaftServerImpl.java:logAppendEntries(1539)) - s12@group-0052E07B9BEC: appendEntries* s13->s12#55-t2,previous=(t:2, i:71),leaderCommit=71,initializing? false,entries: size=1, first=(t:2, i:72), METADATAENTRY(c:71)
2024-09-10 06:19:52,208 DEBUG server.RaftServer$Division (RaftServerImpl.java:logAppendEntries(1539)) - s12@group-0052E07B9BEC: appendEntries* s13->s12#56-t2,previous=(t:2, i:72),leaderCommit=71,initializing? false,entries: size=1, first=(t:2, i:73), STATEMACHINELOGENTRY, StateMachineLogEntryProto:4256@client-C7441C59A54E
2024-09-10 06:19:52,208 DEBUG server.RaftServer$Division (RaftServerImpl.java:logAppendEntries(1539)) - s12@group-0052E07B9BEC: appendEntries* reply s13<-s12#55:OK-t2,SUCCESS,nextIndex=73,followerCommit=71,matchIndex=72
2024-09-10 06:19:52,208 DEBUG server.RaftServer$Division (RaftServerImpl.java:logAppendEntries(1539)) - s12@group-0052E07B9BEC: appendEntries* reply s13<-s12#56:OK-t2,SUCCESS,nextIndex=74,followerCommit=71,matchIndex=73
2024-09-10 06:19:52,209 INFO  statemachine.StateMachine (ArithmeticStateMachine.java:applyTransaction(181)) - LEADER:s13-73: c = null = null
2024-09-10 06:19:52,211 DEBUG server.RaftServer$Division (RaftServerImpl.java:logAppendEntries(1539)) - s12@group-0052E07B9BEC: appendEntries* s13->s12#57-t2,previous=(t:2, i:73),leaderCommit=73,initializing? false,entries: size=1, first=(t:2, i:74), METADATAENTRY(c:73)
2024-09-10 06:19:52,211 DEBUG server.RaftServer$Division (RaftServerImpl.java:logAppendEntries(1539)) - s12@group-0052E07B9BEC: appendEntries* reply s13<-s12#57:OK-t2,SUCCESS,nextIndex=75,followerCommit=73,matchIndex=74
2024-09-10 06:19:52,212 DEBUG server.RaftServer$Division (RaftServerImpl.java:submitClientRequestAsync(910)) - s13@group-0052E07B9BEC: receive client request(RaftClientRequest:client-C7441C59A54E->s13@group-0052E07B9BEC, cid=4257, seq=null, RW, Message:01016102404180000000...(size=12))
2024-09-10 06:19:52,212 DEBUG server.RaftServer$Division (LeaderStateImpl.java:addPendingRequest(532)) - s13@group-0052E07B9BEC-LeaderStateImpl: addPendingRequest at RaftClientRequest:client-C7441C59A54E->s13@group-0052E07B9BEC, cid=4257, seq=null, RW, Message:01016102404180000000...(size=12), entry=(t:2, i:75), STATEMACHINELOGENTRY, WRITE: logData.size=12, stateMachineData.size=0, logEntryProtoSerializedSize=0
2024-09-10 06:19:52,212 WARN  server.GrpcServerProtocolService (LogUtils.java:warn(123)) - s11: Failed APPEND_ENTRIES request cid=44, isHeartbeat? false
java.util.concurrent.CompletionException: java.util.concurrent.RejectedExecutionException: Task java.util.concurrent.CompletableFuture$AsyncSupply@d1d22b5 rejected from java.util.concurrent.ThreadPoolExecutor@76e18451[Terminated, pool size = 0, active threads = 0, queued tasks = 0, completed tasks = 0]
	at java.util.concurrent.CompletableFuture.encodeThrowable(CompletableFuture.java:273)
	at java.util.concurrent.CompletableFuture.uniComposeStage(CompletableFuture.java:1005)
	at java.util.concurrent.CompletableFuture.thenCompose(CompletableFuture.java:2137)
	at org.apache.ratis.server.impl.RaftServerProxy.appendEntriesAsync(RaftServerProxy.java:655)
	at org.apache.ratis.grpc.server.GrpcServerProtocolService$1.process(GrpcServerProtocolService.java:307)
	at org.apache.ratis.grpc.server.GrpcServerProtocolService$ServerRequestStreamObserver.onNext(GrpcServerProtocolService.java:174)
	at org.apache.ratis.thirdparty.io.grpc.stub.ServerCalls$StreamingServerCallHandler$StreamingServerCallListener.onMessage(ServerCalls.java:262)
	at org.apache.ratis.thirdparty.io.grpc.internal.ServerCallImpl$ServerStreamListenerImpl.messagesAvailableInternal(ServerCallImpl.java:329)
	at org.apache.ratis.thirdparty.io.grpc.internal.ServerCallImpl$ServerStreamListenerImpl.messagesAvailable(ServerCallImpl.java:314)
	at org.apache.ratis.thirdparty.io.grpc.internal.ServerImpl$JumpToApplicationThreadServerStreamListener$1MessagesAvailable.runInContext(ServerImpl.java:833)
	at org.apache.ratis.thirdparty.io.grpc.internal.ContextRunnable.run(ContextRunnable.java:37)
	at org.apache.ratis.thirdparty.io.grpc.internal.SerializingExecutor.run(SerializingExecutor.java:133)
	at java.util.concurrent.ThreadPoolExecutor.runWorker(ThreadPoolExecutor.java:1149)
	at java.util.concurrent.ThreadPoolExecutor$Worker.run(ThreadPoolExecutor.java:624)
	at java.lang.Thread.run(Thread.java:750)
Caused by: java.util.concurrent.RejectedExecutionException: Task java.util.concurrent.CompletableFuture$AsyncSupply@d1d22b5 rejected from java.util.concurrent.ThreadPoolExecutor@76e18451[Terminated, pool size = 0, active threads = 0, queued tasks = 0, completed tasks = 0]
	at java.util.concurrent.ThreadPoolExecutor$AbortPolicy.rejectedExecution(ThreadPoolExecutor.java:2063)
	at java.util.concurrent.ThreadPoolExecutor.reject(ThreadPoolExecutor.java:830)
	at java.util.concurrent.ThreadPoolExecutor.execute(ThreadPoolExecutor.java:1379)
	at java.util.concurrent.CompletableFuture.asyncSupplyStage(CompletableFuture.java:1618)
	at java.util.concurrent.CompletableFuture.supplyAsync(CompletableFuture.java:1843)
	at org.apache.ratis.server.impl.RaftServerImpl.executeSubmitServerRequestAsync(RaftServerImpl.java:896)
	at org.apache.ratis.server.impl.RaftServerProxy.lambda$appendEntriesAsync$29(RaftServerProxy.java:655)
	at java.util.concurrent.CompletableFuture.uniComposeStage(CompletableFuture.java:995)
	... 13 more
2024-09-10 06:19:52,214 DEBUG server.RaftServer$Division (RaftServerImpl.java:logAppendEntries(1539)) - s12@group-0052E07B9BEC: appendEntries* s13->s12#59-t2,previous=(t:2, i:74),leaderCommit=74,initializing? false,entries: size=1, first=(t:2, i:75), STATEMACHINELOGENTRY, StateMachineLogEntryProto:4257@client-C7441C59A54E
2024-09-10 06:19:52,214 DEBUG server.RaftServer$Division (RaftServerImpl.java:logAppendEntries(1539)) - s12@group-0052E07B9BEC: appendEntries* reply s13<-s12#59:OK-t2,SUCCESS,nextIndex=76,followerCommit=74,matchIndex=75
2024-09-10 06:19:52,215 INFO  leader.LogAppender (LogAppenderBase.java:lambda$getNextIndexForError$0(219)) - Decrease nextIndex to 37
2024-09-10 06:19:52,215 INFO  leader.LogAppender (LogAppenderBase.java:lambda$getNextIndexForError$0(219)) - Decrease nextIndex to 37
2024-09-10 06:19:52,215 INFO  leader.FollowerInfo (FollowerInfoImpl.java:info(70)) - s13@group-0052E07B9BEC->s11: computeNextIndex nextIndex: updateUnconditionally 74 -> 37
2024-09-10 06:19:52,216 INFO  statemachine.StateMachine (ArithmeticStateMachine.java:applyTransaction(181)) - LEADER:s13-75: a = 35 = 35
2024-09-10 06:19:52,217 DEBUG server.RaftServer$Division (RaftServerImpl.java:logAppendEntries(1539)) - s12@group-0052E07B9BEC: appendEntries* s13->s12#60-t2,previous=(t:2, i:75),leaderCommit=75,initializing? false,entries: size=1, first=(t:2, i:76), METADATAENTRY(c:75)
2024-09-10 06:19:52,218 DEBUG server.RaftServer$Division (RaftServerImpl.java:logAppendEntries(1539)) - s12@group-0052E07B9BEC: appendEntries* reply s13<-s12#60:OK-t2,SUCCESS,nextIndex=77,followerCommit=75,matchIndex=76
2024-09-10 06:19:52,219 WARN  server.GrpcServerProtocolService (LogUtils.java:warn(123)) - s11: Failed APPEND_ENTRIES request cid=46, isHeartbeat? false
java.util.concurrent.CompletionException: java.util.concurrent.RejectedExecutionException: Task java.util.concurrent.CompletableFuture$AsyncSupply@340b3fec rejected from java.util.concurrent.ThreadPoolExecutor@76e18451[Terminated, pool size = 0, active threads = 0, queued tasks = 0, completed tasks = 0]
	at java.util.concurrent.CompletableFuture.encodeThrowable(CompletableFuture.java:273)
	at java.util.concurrent.CompletableFuture.uniComposeStage(CompletableFuture.java:1005)
	at java.util.concurrent.CompletableFuture.thenCompose(CompletableFuture.java:2137)
	at org.apache.ratis.server.impl.RaftServerProxy.appendEntriesAsync(RaftServerProxy.java:655)
	at org.apache.ratis.grpc.server.GrpcServerProtocolService$1.process(GrpcServerProtocolService.java:307)
	at org.apache.ratis.grpc.server.GrpcServerProtocolService$ServerRequestStreamObserver.onNext(GrpcServerProtocolService.java:174)
	at org.apache.ratis.thirdparty.io.grpc.stub.ServerCalls$StreamingServerCallHandler$StreamingServerCallListener.onMessage(ServerCalls.java:262)
	at org.apache.ratis.thirdparty.io.grpc.internal.ServerCallImpl$ServerStreamListenerImpl.messagesAvailableInternal(ServerCallImpl.java:329)
	at org.apache.ratis.thirdparty.io.grpc.internal.ServerCallImpl$ServerStreamListenerImpl.messagesAvailable(ServerCallImpl.java:314)
	at org.apache.ratis.thirdparty.io.grpc.internal.ServerImpl$JumpToApplicationThreadServerStreamListener$1MessagesAvailable.runInContext(ServerImpl.java:833)
	at org.apache.ratis.thirdparty.io.grpc.internal.ContextRunnable.run(ContextRunnable.java:37)
	at org.apache.ratis.thirdparty.io.grpc.internal.SerializingExecutor.run(SerializingExecutor.java:133)
	at java.util.concurrent.ThreadPoolExecutor.runWorker(ThreadPoolExecutor.java:1149)
	at java.util.concurrent.ThreadPoolExecutor$Worker.run(ThreadPoolExecutor.java:624)
	at java.lang.Thread.run(Thread.java:750)
Caused by: java.util.concurrent.RejectedExecutionException: Task java.util.concurrent.CompletableFuture$AsyncSupply@340b3fec rejected from java.util.concurrent.ThreadPoolExecutor@76e18451[Terminated, pool size = 0, active threads = 0, queued tasks = 0, completed tasks = 0]
	at java.util.concurrent.ThreadPoolExecutor$AbortPolicy.rejectedExecution(ThreadPoolExecutor.java:2063)
	at java.util.concurrent.ThreadPoolExecutor.reject(ThreadPoolExecutor.java:830)
	at java.util.concurrent.ThreadPoolExecutor.execute(ThreadPoolExecutor.java:1379)
	at java.util.concurrent.CompletableFuture.asyncSupplyStage(CompletableFuture.java:1618)
	at java.util.concurrent.CompletableFuture.supplyAsync(CompletableFuture.java:1843)
	at org.apache.ratis.server.impl.RaftServerImpl.executeSubmitServerRequestAsync(RaftServerImpl.java:896)
	at org.apache.ratis.server.impl.RaftServerProxy.lambda$appendEntriesAsync$29(RaftServerProxy.java:655)
	at java.util.concurrent.CompletableFuture.uniComposeStage(CompletableFuture.java:995)
	... 13 more
2024-09-10 06:19:52,221 DEBUG server.RaftServer$Division (RaftServerImpl.java:submitClientRequestAsync(910)) - s13@group-0052E07B9BEC: receive client request(RaftClientRequest:client-C7441C59A54E->s13@group-0052E07B9BEC, cid=4258, seq=null, RW, Message:01016202408320000000...(size=12))
2024-09-10 06:19:52,221 DEBUG server.RaftServer$Division (LeaderStateImpl.java:addPendingRequest(532)) - s13@group-0052E07B9BEC-LeaderStateImpl: addPendingRequest at RaftClientRequest:client-C7441C59A54E->s13@group-0052E07B9BEC, cid=4258, seq=null, RW, Message:01016202408320000000...(size=12), entry=(t:2, i:77), STATEMACHINELOGENTRY, WRITE: logData.size=12, stateMachineData.size=0, logEntryProtoSerializedSize=0
2024-09-10 06:19:52,222 INFO  leader.LogAppender (LogAppenderBase.java:lambda$getNextIndexForError$0(219)) - Decrease nextIndex to 37
2024-09-10 06:19:52,222 INFO  leader.LogAppender (LogAppenderBase.java:lambda$getNextIndexForError$0(219)) - Decrease nextIndex to 37
2024-09-10 06:19:52,222 INFO  leader.FollowerInfo (FollowerInfoImpl.java:info(70)) - s13@group-0052E07B9BEC->s11: computeNextIndex nextIndex: updateUnconditionally 76 -> 37
2024-09-10 06:19:52,222 DEBUG server.RaftServer$Division (RaftServerImpl.java:logAppendEntries(1539)) - s12@group-0052E07B9BEC: appendEntries* s13->s12#62-t2,previous=(t:2, i:76),leaderCommit=76,initializing? false,entries: size=1, first=(t:2, i:77), STATEMACHINELOGENTRY, StateMachineLogEntryProto:4258@client-C7441C59A54E
2024-09-10 06:19:52,223 DEBUG server.RaftServer$Division (RaftServerImpl.java:logAppendEntries(1539)) - s12@group-0052E07B9BEC: appendEntries* reply s13<-s12#62:OK-t2,SUCCESS,nextIndex=78,followerCommit=76,matchIndex=77
2024-09-10 06:19:52,224 INFO  statemachine.StateMachine (ArithmeticStateMachine.java:applyTransaction(181)) - LEADER:s13-77: b = 612 = 612
2024-09-10 06:19:52,225 DEBUG server.RaftServer$Division (RaftServerImpl.java:logAppendEntries(1539)) - s12@group-0052E07B9BEC: appendEntries* s13->s12#63-t2,previous=(t:2, i:77),leaderCommit=77,initializing? false,entries: size=1, first=(t:2, i:78), METADATAENTRY(c:77)
2024-09-10 06:19:52,226 DEBUG server.RaftServer$Division (RaftServerImpl.java:logAppendEntries(1539)) - s12@group-0052E07B9BEC: appendEntries* reply s13<-s12#63:OK-t2,SUCCESS,nextIndex=79,followerCommit=77,matchIndex=78
2024-09-10 06:19:52,226 DEBUG server.RaftServer$Division (RaftServerImpl.java:submitClientRequestAsync(910)) - s13@group-0052E07B9BEC: receive client request(RaftClientRequest:client-C7441C59A54E->s13@group-0052E07B9BEC, cid=4259, seq=null, RW, Message:01016304010300040201...(size=17))
2024-09-10 06:19:52,227 DEBUG server.RaftServer$Division (LeaderStateImpl.java:addPendingRequest(532)) - s13@group-0052E07B9BEC-LeaderStateImpl: addPendingRequest at RaftClientRequest:client-C7441C59A54E->s13@group-0052E07B9BEC, cid=4259, seq=null, RW, Message:01016304010300040201...(size=17), entry=(t:2, i:79), STATEMACHINELOGENTRY, WRITE: logData.size=17, stateMachineData.size=0, logEntryProtoSerializedSize=0
2024-09-10 06:19:52,228 DEBUG server.RaftServer$Division (RaftServerImpl.java:logAppendEntries(1539)) - s12@group-0052E07B9BEC: appendEntries* s13->s12#64-t2,previous=(t:2, i:78),leaderCommit=78,initializing? false,entries: size=1, first=(t:2, i:79), STATEMACHINELOGENTRY, StateMachineLogEntryProto:4259@client-C7441C59A54E
2024-09-10 06:19:52,228 WARN  server.GrpcServerProtocolService (LogUtils.java:warn(123)) - s11: Failed APPEND_ENTRIES request cid=49, isHeartbeat? false
java.util.concurrent.CompletionException: java.util.concurrent.RejectedExecutionException: Task java.util.concurrent.CompletableFuture$AsyncSupply@15bf2bf9 rejected from java.util.concurrent.ThreadPoolExecutor@76e18451[Terminated, pool size = 0, active threads = 0, queued tasks = 0, completed tasks = 0]
	at java.util.concurrent.CompletableFuture.encodeThrowable(CompletableFuture.java:273)
	at java.util.concurrent.CompletableFuture.uniComposeStage(CompletableFuture.java:1005)
	at java.util.concurrent.CompletableFuture.thenCompose(CompletableFuture.java:2137)
	at org.apache.ratis.server.impl.RaftServerProxy.appendEntriesAsync(RaftServerProxy.java:655)
	at org.apache.ratis.grpc.server.GrpcServerProtocolService$1.process(GrpcServerProtocolService.java:307)
	at org.apache.ratis.grpc.server.GrpcServerProtocolService$ServerRequestStreamObserver.onNext(GrpcServerProtocolService.java:174)
	at org.apache.ratis.thirdparty.io.grpc.stub.ServerCalls$StreamingServerCallHandler$StreamingServerCallListener.onMessage(ServerCalls.java:262)
	at org.apache.ratis.thirdparty.io.grpc.internal.ServerCallImpl$ServerStreamListenerImpl.messagesAvailableInternal(ServerCallImpl.java:329)
	at org.apache.ratis.thirdparty.io.grpc.internal.ServerCallImpl$ServerStreamListenerImpl.messagesAvailable(ServerCallImpl.java:314)
	at org.apache.ratis.thirdparty.io.grpc.internal.ServerImpl$JumpToApplicationThreadServerStreamListener$1MessagesAvailable.runInContext(ServerImpl.java:833)
	at org.apache.ratis.thirdparty.io.grpc.internal.ContextRunnable.run(ContextRunnable.java:37)
	at org.apache.ratis.thirdparty.io.grpc.internal.SerializingExecutor.run(SerializingExecutor.java:133)
	at java.util.concurrent.ThreadPoolExecutor.runWorker(ThreadPoolExecutor.java:1149)
	at java.util.concurrent.ThreadPoolExecutor$Worker.run(ThreadPoolExecutor.java:624)
	at java.lang.Thread.run(Thread.java:750)
Caused by: java.util.concurrent.RejectedExecutionException: Task java.util.concurrent.CompletableFuture$AsyncSupply@15bf2bf9 rejected from java.util.concurrent.ThreadPoolExecutor@76e18451[Terminated, pool size = 0, active threads = 0, queued tasks = 0, completed tasks = 0]
	at java.util.concurrent.ThreadPoolExecutor$AbortPolicy.rejectedExecution(ThreadPoolExecutor.java:2063)
	at java.util.concurrent.ThreadPoolExecutor.reject(ThreadPoolExecutor.java:830)
	at java.util.concurrent.ThreadPoolExecutor.execute(ThreadPoolExecutor.java:1379)
	at java.util.concurrent.CompletableFuture.asyncSupplyStage(CompletableFuture.java:1618)
	at java.util.concurrent.CompletableFuture.supplyAsync(CompletableFuture.java:1843)
	at org.apache.ratis.server.impl.RaftServerImpl.executeSubmitServerRequestAsync(RaftServerImpl.java:896)
	at org.apache.ratis.server.impl.RaftServerProxy.lambda$appendEntriesAsync$29(RaftServerProxy.java:655)
	at java.util.concurrent.CompletableFuture.uniComposeStage(CompletableFuture.java:995)
	... 13 more
2024-09-10 06:19:52,230 DEBUG server.RaftServer$Division (RaftServerImpl.java:logAppendEntries(1539)) - s12@group-0052E07B9BEC: appendEntries* reply s13<-s12#64:OK-t2,SUCCESS,nextIndex=80,followerCommit=78,matchIndex=79
2024-09-10 06:19:52,231 INFO  statemachine.StateMachine (ArithmeticStateMachine.java:applyTransaction(181)) - LEADER:s13-79: c = √(a^2 + b^2) = 613
2024-09-10 06:19:52,232 INFO  leader.LogAppender (LogAppenderBase.java:lambda$getNextIndexForError$0(219)) - Decrease nextIndex to 37
2024-09-10 06:19:52,232 INFO  leader.LogAppender (LogAppenderBase.java:lambda$getNextIndexForError$0(219)) - Decrease nextIndex to 37
2024-09-10 06:19:52,232 INFO  leader.FollowerInfo (FollowerInfoImpl.java:info(70)) - s13@group-0052E07B9BEC->s11: computeNextIndex nextIndex: updateUnconditionally 78 -> 37
2024-09-10 06:19:52,232 DEBUG server.RaftServer$Division (RaftServerImpl.java:logAppendEntries(1539)) - s12@group-0052E07B9BEC: appendEntries* s13->s12#65-t2,previous=(t:2, i:79),leaderCommit=79,initializing? false,entries: size=1, first=(t:2, i:80), METADATAENTRY(c:79)
2024-09-10 06:19:52,233 DEBUG server.RaftServer$Division (RaftServerImpl.java:logAppendEntries(1539)) - s12@group-0052E07B9BEC: appendEntries* reply s13<-s12#65:OK-t2,SUCCESS,nextIndex=81,followerCommit=79,matchIndex=80
2024-09-10 06:19:52,234 DEBUG server.RaftServer$Division (RaftServerImpl.java:submitClientRequestAsync(910)) - s13@group-0052E07B9BEC: receive client request(RaftClientRequest:client-C7441C59A54E->s13@group-0052E07B9BEC, cid=4260, seq=null, RW, Message:01016100)
2024-09-10 06:19:52,235 DEBUG server.RaftServer$Division (LeaderStateImpl.java:addPendingRequest(532)) - s13@group-0052E07B9BEC-LeaderStateImpl: addPendingRequest at RaftClientRequest:client-C7441C59A54E->s13@group-0052E07B9BEC, cid=4260, seq=null, RW, Message:01016100, entry=(t:2, i:81), STATEMACHINELOGENTRY, WRITE: logData.size=4, stateMachineData.size=0, logEntryProtoSerializedSize=0
2024-09-10 06:19:52,236 WARN  server.GrpcServerProtocolService (LogUtils.java:warn(123)) - s11: Failed APPEND_ENTRIES request cid=53, isHeartbeat? false
java.util.concurrent.CompletionException: java.util.concurrent.RejectedExecutionException: Task java.util.concurrent.CompletableFuture$AsyncSupply@5a9272aa rejected from java.util.concurrent.ThreadPoolExecutor@76e18451[Terminated, pool size = 0, active threads = 0, queued tasks = 0, completed tasks = 0]
	at java.util.concurrent.CompletableFuture.encodeThrowable(CompletableFuture.java:273)
	at java.util.concurrent.CompletableFuture.uniComposeStage(CompletableFuture.java:1005)
	at java.util.concurrent.CompletableFuture.thenCompose(CompletableFuture.java:2137)
	at org.apache.ratis.server.impl.RaftServerProxy.appendEntriesAsync(RaftServerProxy.java:655)
	at org.apache.ratis.grpc.server.GrpcServerProtocolService$1.process(GrpcServerProtocolService.java:307)
	at org.apache.ratis.grpc.server.GrpcServerProtocolService$ServerRequestStreamObserver.onNext(GrpcServerProtocolService.java:174)
	at org.apache.ratis.thirdparty.io.grpc.stub.ServerCalls$StreamingServerCallHandler$StreamingServerCallListener.onMessage(ServerCalls.java:262)
	at org.apache.ratis.thirdparty.io.grpc.internal.ServerCallImpl$ServerStreamListenerImpl.messagesAvailableInternal(ServerCallImpl.java:329)
	at org.apache.ratis.thirdparty.io.grpc.internal.ServerCallImpl$ServerStreamListenerImpl.messagesAvailable(ServerCallImpl.java:314)
	at org.apache.ratis.thirdparty.io.grpc.internal.ServerImpl$JumpToApplicationThreadServerStreamListener$1MessagesAvailable.runInContext(ServerImpl.java:833)
	at org.apache.ratis.thirdparty.io.grpc.internal.ContextRunnable.run(ContextRunnable.java:37)
	at org.apache.ratis.thirdparty.io.grpc.internal.SerializingExecutor.run(SerializingExecutor.java:133)
	at java.util.concurrent.ThreadPoolExecutor.runWorker(ThreadPoolExecutor.java:1149)
	at java.util.concurrent.ThreadPoolExecutor$Worker.run(ThreadPoolExecutor.java:624)
	at java.lang.Thread.run(Thread.java:750)
Caused by: java.util.concurrent.RejectedExecutionException: Task java.util.concurrent.CompletableFuture$AsyncSupply@5a9272aa rejected from java.util.concurrent.ThreadPoolExecutor@76e18451[Terminated, pool size = 0, active threads = 0, queued tasks = 0, completed tasks = 0]
	at java.util.concurrent.ThreadPoolExecutor$AbortPolicy.rejectedExecution(ThreadPoolExecutor.java:2063)
	at java.util.concurrent.ThreadPoolExecutor.reject(ThreadPoolExecutor.java:830)
	at java.util.concurrent.ThreadPoolExecutor.execute(ThreadPoolExecutor.java:1379)
	at java.util.concurrent.CompletableFuture.asyncSupplyStage(CompletableFuture.java:1618)
	at java.util.concurrent.CompletableFuture.supplyAsync(CompletableFuture.java:1843)
	at org.apache.ratis.server.impl.RaftServerImpl.executeSubmitServerRequestAsync(RaftServerImpl.java:896)
	at org.apache.ratis.server.impl.RaftServerProxy.lambda$appendEntriesAsync$29(RaftServerProxy.java:655)
	at java.util.concurrent.CompletableFuture.uniComposeStage(CompletableFuture.java:995)
	... 13 more
2024-09-10 06:19:52,237 DEBUG server.RaftServer$Division (RaftServerImpl.java:logAppendEntries(1539)) - s12@group-0052E07B9BEC: appendEntries* s13->s12#67-t2,previous=(t:2, i:80),leaderCommit=80,initializing? false,entries: size=1, first=(t:2, i:81), STATEMACHINELOGENTRY, StateMachineLogEntryProto:4260@client-C7441C59A54E
2024-09-10 06:19:52,238 DEBUG server.RaftServer$Division (RaftServerImpl.java:logAppendEntries(1539)) - s12@group-0052E07B9BEC: appendEntries* reply s13<-s12#67:OK-t2,SUCCESS,nextIndex=82,followerCommit=80,matchIndex=81
2024-09-10 06:19:52,239 INFO  leader.LogAppender (LogAppenderBase.java:lambda$getNextIndexForError$0(219)) - Decrease nextIndex to 37
2024-09-10 06:19:52,239 INFO  leader.LogAppender (LogAppenderBase.java:lambda$getNextIndexForError$0(219)) - Decrease nextIndex to 37
2024-09-10 06:19:52,239 INFO  leader.FollowerInfo (FollowerInfoImpl.java:info(70)) - s13@group-0052E07B9BEC->s11: computeNextIndex nextIndex: updateUnconditionally 81 -> 37
2024-09-10 06:19:52,239 INFO  statemachine.StateMachine (ArithmeticStateMachine.java:applyTransaction(181)) - LEADER:s13-81: a = null = null
2024-09-10 06:19:52,241 DEBUG server.RaftServer$Division (RaftServerImpl.java:logAppendEntries(1539)) - s12@group-0052E07B9BEC: appendEntries* s13->s12#68-t2,previous=(t:2, i:81),leaderCommit=81,initializing? false,entries: size=1, first=(t:2, i:82), METADATAENTRY(c:81)
2024-09-10 06:19:52,242 WARN  server.GrpcServerProtocolService (LogUtils.java:warn(123)) - s11: Failed APPEND_ENTRIES request cid=54, isHeartbeat? false
java.util.concurrent.CompletionException: java.util.concurrent.RejectedExecutionException: Task java.util.concurrent.CompletableFuture$AsyncSupply@1d8cdf66 rejected from java.util.concurrent.ThreadPoolExecutor@76e18451[Terminated, pool size = 0, active threads = 0, queued tasks = 0, completed tasks = 0]
	at java.util.concurrent.CompletableFuture.encodeThrowable(CompletableFuture.java:273)
	at java.util.concurrent.CompletableFuture.uniComposeStage(CompletableFuture.java:1005)
	at java.util.concurrent.CompletableFuture.thenCompose(CompletableFuture.java:2137)
	at org.apache.ratis.server.impl.RaftServerProxy.appendEntriesAsync(RaftServerProxy.java:655)
	at org.apache.ratis.grpc.server.GrpcServerProtocolService$1.process(GrpcServerProtocolService.java:307)
	at org.apache.ratis.grpc.server.GrpcServerProtocolService$ServerRequestStreamObserver.onNext(GrpcServerProtocolService.java:174)
	at org.apache.ratis.thirdparty.io.grpc.stub.ServerCalls$StreamingServerCallHandler$StreamingServerCallListener.onMessage(ServerCalls.java:262)
	at org.apache.ratis.thirdparty.io.grpc.internal.ServerCallImpl$ServerStreamListenerImpl.messagesAvailableInternal(ServerCallImpl.java:329)
	at org.apache.ratis.thirdparty.io.grpc.internal.ServerCallImpl$ServerStreamListenerImpl.messagesAvailable(ServerCallImpl.java:314)
	at org.apache.ratis.thirdparty.io.grpc.internal.ServerImpl$JumpToApplicationThreadServerStreamListener$1MessagesAvailable.runInContext(ServerImpl.java:833)
	at org.apache.ratis.thirdparty.io.grpc.internal.ContextRunnable.run(ContextRunnable.java:37)
	at org.apache.ratis.thirdparty.io.grpc.internal.SerializingExecutor.run(SerializingExecutor.java:133)
	at java.util.concurrent.ThreadPoolExecutor.runWorker(ThreadPoolExecutor.java:1149)
	at java.util.concurrent.ThreadPoolExecutor$Worker.run(ThreadPoolExecutor.java:624)
	at java.lang.Thread.run(Thread.java:750)
Caused by: java.util.concurrent.RejectedExecutionException: Task java.util.concurrent.CompletableFuture$AsyncSupply@1d8cdf66 rejected from java.util.concurrent.ThreadPoolExecutor@76e18451[Terminated, pool size = 0, active threads = 0, queued tasks = 0, completed tasks = 0]
	at java.util.concurrent.ThreadPoolExecutor$AbortPolicy.rejectedExecution(ThreadPoolExecutor.java:2063)
	at java.util.concurrent.ThreadPoolExecutor.reject(ThreadPoolExecutor.java:830)
	at java.util.concurrent.ThreadPoolExecutor.execute(ThreadPoolExecutor.java:1379)
	at java.util.concurrent.CompletableFuture.asyncSupplyStage(CompletableFuture.java:1618)
	at java.util.concurrent.CompletableFuture.supplyAsync(CompletableFuture.java:1843)
	at org.apache.ratis.server.impl.RaftServerImpl.executeSubmitServerRequestAsync(RaftServerImpl.java:896)
	at org.apache.ratis.server.impl.RaftServerProxy.lambda$appendEntriesAsync$29(RaftServerProxy.java:655)
	at java.util.concurrent.CompletableFuture.uniComposeStage(CompletableFuture.java:995)
	... 13 more
2024-09-10 06:19:52,243 DEBUG server.RaftServer$Division (RaftServerImpl.java:logAppendEntries(1539)) - s12@group-0052E07B9BEC: appendEntries* reply s13<-s12#68:OK-t2,SUCCESS,nextIndex=83,followerCommit=81,matchIndex=82
2024-09-10 06:19:52,244 DEBUG server.RaftServer$Division (RaftServerImpl.java:submitClientRequestAsync(910)) - s13@group-0052E07B9BEC: receive client request(RaftClientRequest:client-C7441C59A54E->s13@group-0052E07B9BEC, cid=4261, seq=null, RW, Message:01016200)
2024-09-10 06:19:52,244 DEBUG server.RaftServer$Division (LeaderStateImpl.java:addPendingRequest(532)) - s13@group-0052E07B9BEC-LeaderStateImpl: addPendingRequest at RaftClientRequest:client-C7441C59A54E->s13@group-0052E07B9BEC, cid=4261, seq=null, RW, Message:01016200, entry=(t:2, i:83), STATEMACHINELOGENTRY, WRITE: logData.size=4, stateMachineData.size=0, logEntryProtoSerializedSize=0
2024-09-10 06:19:52,245 INFO  leader.LogAppender (LogAppenderBase.java:lambda$getNextIndexForError$0(219)) - Decrease nextIndex to 37
2024-09-10 06:19:52,245 INFO  leader.LogAppender (LogAppenderBase.java:lambda$getNextIndexForError$0(219)) - Decrease nextIndex to 37
2024-09-10 06:19:52,245 INFO  leader.FollowerInfo (FollowerInfoImpl.java:info(70)) - s13@group-0052E07B9BEC->s11: computeNextIndex nextIndex: updateUnconditionally 83 -> 37
2024-09-10 06:19:52,245 DEBUG server.RaftServer$Division (RaftServerImpl.java:logAppendEntries(1539)) - s12@group-0052E07B9BEC: appendEntries* s13->s12#69-t2,previous=(t:2, i:82),leaderCommit=81,initializing? false,entries: size=1, first=(t:2, i:83), STATEMACHINELOGENTRY, StateMachineLogEntryProto:4261@client-C7441C59A54E
2024-09-10 06:19:52,246 DEBUG server.RaftServer$Division (RaftServerImpl.java:logAppendEntries(1539)) - s12@group-0052E07B9BEC: appendEntries* reply s13<-s12#69:OK-t2,SUCCESS,nextIndex=84,followerCommit=81,matchIndex=83
2024-09-10 06:19:52,246 INFO  statemachine.StateMachine (ArithmeticStateMachine.java:applyTransaction(181)) - LEADER:s13-83: b = null = null
2024-09-10 06:19:52,247 DEBUG server.RaftServer$Division (RaftServerImpl.java:logAppendEntries(1539)) - s12@group-0052E07B9BEC: appendEntries* s13->s12#72-t2,previous=(t:2, i:83),leaderCommit=83,initializing? false,entries: size=1, first=(t:2, i:84), METADATAENTRY(c:83)
2024-09-10 06:19:52,248 DEBUG server.RaftServer$Division (RaftServerImpl.java:logAppendEntries(1539)) - s12@group-0052E07B9BEC: appendEntries* reply s13<-s12#72:OK-t2,SUCCESS,nextIndex=85,followerCommit=83,matchIndex=84
2024-09-10 06:19:52,249 WARN  server.GrpcServerProtocolService (LogUtils.java:warn(123)) - s11: Failed APPEND_ENTRIES request cid=57, isHeartbeat? false
java.util.concurrent.CompletionException: java.util.concurrent.RejectedExecutionException: Task java.util.concurrent.CompletableFuture$AsyncSupply@6d56e815 rejected from java.util.concurrent.ThreadPoolExecutor@76e18451[Terminated, pool size = 0, active threads = 0, queued tasks = 0, completed tasks = 0]
	at java.util.concurrent.CompletableFuture.encodeThrowable(CompletableFuture.java:273)
	at java.util.concurrent.CompletableFuture.uniComposeStage(CompletableFuture.java:1005)
	at java.util.concurrent.CompletableFuture.thenCompose(CompletableFuture.java:2137)
	at org.apache.ratis.server.impl.RaftServerProxy.appendEntriesAsync(RaftServerProxy.java:655)
	at org.apache.ratis.grpc.server.GrpcServerProtocolService$1.process(GrpcServerProtocolService.java:307)
	at org.apache.ratis.grpc.server.GrpcServerProtocolService$ServerRequestStreamObserver.onNext(GrpcServerProtocolService.java:174)
	at org.apache.ratis.thirdparty.io.grpc.stub.ServerCalls$StreamingServerCallHandler$StreamingServerCallListener.onMessage(ServerCalls.java:262)
	at org.apache.ratis.thirdparty.io.grpc.internal.ServerCallImpl$ServerStreamListenerImpl.messagesAvailableInternal(ServerCallImpl.java:329)
	at org.apache.ratis.thirdparty.io.grpc.internal.ServerCallImpl$ServerStreamListenerImpl.messagesAvailable(ServerCallImpl.java:314)
	at org.apache.ratis.thirdparty.io.grpc.internal.ServerImpl$JumpToApplicationThreadServerStreamListener$1MessagesAvailable.runInContext(ServerImpl.java:833)
	at org.apache.ratis.thirdparty.io.grpc.internal.ContextRunnable.run(ContextRunnable.java:37)
	at org.apache.ratis.thirdparty.io.grpc.internal.SerializingExecutor.run(SerializingExecutor.java:133)
	at java.util.concurrent.ThreadPoolExecutor.runWorker(ThreadPoolExecutor.java:1149)
	at java.util.concurrent.ThreadPoolExecutor$Worker.run(ThreadPoolExecutor.java:624)
	at java.lang.Thread.run(Thread.java:750)
Caused by: java.util.concurrent.RejectedExecutionException: Task java.util.concurrent.CompletableFuture$AsyncSupply@6d56e815 rejected from java.util.concurrent.ThreadPoolExecutor@76e18451[Terminated, pool size = 0, active threads = 0, queued tasks = 0, completed tasks = 0]
	at java.util.concurrent.ThreadPoolExecutor$AbortPolicy.rejectedExecution(ThreadPoolExecutor.java:2063)
	at java.util.concurrent.ThreadPoolExecutor.reject(ThreadPoolExecutor.java:830)
	at java.util.concurrent.ThreadPoolExecutor.execute(ThreadPoolExecutor.java:1379)
	at java.util.concurrent.CompletableFuture.asyncSupplyStage(CompletableFuture.java:1618)
	at java.util.concurrent.CompletableFuture.supplyAsync(CompletableFuture.java:1843)
	at org.apache.ratis.server.impl.RaftServerImpl.executeSubmitServerRequestAsync(RaftServerImpl.java:896)
	at org.apache.ratis.server.impl.RaftServerProxy.lambda$appendEntriesAsync$29(RaftServerProxy.java:655)
	at java.util.concurrent.CompletableFuture.uniComposeStage(CompletableFuture.java:995)
	... 13 more
2024-09-10 06:19:52,250 DEBUG server.RaftServer$Division (RaftServerImpl.java:submitClientRequestAsync(910)) - s13@group-0052E07B9BEC: receive client request(RaftClientRequest:client-C7441C59A54E->s13@group-0052E07B9BEC, cid=4262, seq=null, RW, Message:01016300)
2024-09-10 06:19:52,250 DEBUG server.RaftServer$Division (LeaderStateImpl.java:addPendingRequest(532)) - s13@group-0052E07B9BEC-LeaderStateImpl: addPendingRequest at RaftClientRequest:client-C7441C59A54E->s13@group-0052E07B9BEC, cid=4262, seq=null, RW, Message:01016300, entry=(t:2, i:85), STATEMACHINELOGENTRY, WRITE: logData.size=4, stateMachineData.size=0, logEntryProtoSerializedSize=0
2024-09-10 06:19:52,251 DEBUG server.RaftServer$Division (RaftServerImpl.java:logAppendEntries(1539)) - s12@group-0052E07B9BEC: appendEntries* s13->s12#74-t2,previous=(t:2, i:84),leaderCommit=84,initializing? false,entries: size=1, first=(t:2, i:85), STATEMACHINELOGENTRY, StateMachineLogEntryProto:4262@client-C7441C59A54E
2024-09-10 06:19:52,252 DEBUG server.RaftServer$Division (RaftServerImpl.java:logAppendEntries(1539)) - s12@group-0052E07B9BEC: appendEntries* reply s13<-s12#74:OK-t2,SUCCESS,nextIndex=86,followerCommit=84,matchIndex=85
2024-09-10 06:19:52,252 INFO  leader.LogAppender (LogAppenderBase.java:lambda$getNextIndexForError$0(219)) - Decrease nextIndex to 37
2024-09-10 06:19:52,252 INFO  leader.LogAppender (LogAppenderBase.java:lambda$getNextIndexForError$0(219)) - Decrease nextIndex to 37
2024-09-10 06:19:52,252 INFO  leader.FollowerInfo (FollowerInfoImpl.java:info(70)) - s13@group-0052E07B9BEC->s11: computeNextIndex nextIndex: updateUnconditionally 85 -> 37
2024-09-10 06:19:52,253 INFO  statemachine.StateMachine (ArithmeticStateMachine.java:applyTransaction(181)) - LEADER:s13-85: c = null = null
2024-09-10 06:19:52,254 DEBUG server.RaftServer$Division (RaftServerImpl.java:logAppendEntries(1539)) - s12@group-0052E07B9BEC: appendEntries* s13->s12#75-t2,previous=(t:2, i:85),leaderCommit=85,initializing? false,entries: size=1, first=(t:2, i:86), METADATAENTRY(c:85)
2024-09-10 06:19:52,254 DEBUG server.RaftServer$Division (RaftServerImpl.java:logAppendEntries(1539)) - s12@group-0052E07B9BEC: appendEntries* reply s13<-s12#75:OK-t2,SUCCESS,nextIndex=87,followerCommit=85,matchIndex=86
2024-09-10 06:19:52,255 WARN  server.GrpcServerProtocolService (LogUtils.java:warn(123)) - s11: Failed APPEND_ENTRIES request cid=60, isHeartbeat? false
java.util.concurrent.CompletionException: java.util.concurrent.RejectedExecutionException: Task java.util.concurrent.CompletableFuture$AsyncSupply@12699e99 rejected from java.util.concurrent.ThreadPoolExecutor@76e18451[Terminated, pool size = 0, active threads = 0, queued tasks = 0, completed tasks = 0]
	at java.util.concurrent.CompletableFuture.encodeThrowable(CompletableFuture.java:273)
	at java.util.concurrent.CompletableFuture.uniComposeStage(CompletableFuture.java:1005)
	at java.util.concurrent.CompletableFuture.thenCompose(CompletableFuture.java:2137)
	at org.apache.ratis.server.impl.RaftServerProxy.appendEntriesAsync(RaftServerProxy.java:655)
	at org.apache.ratis.grpc.server.GrpcServerProtocolService$1.process(GrpcServerProtocolService.java:307)
	at org.apache.ratis.grpc.server.GrpcServerProtocolService$ServerRequestStreamObserver.onNext(GrpcServerProtocolService.java:174)
	at org.apache.ratis.thirdparty.io.grpc.stub.ServerCalls$StreamingServerCallHandler$StreamingServerCallListener.onMessage(ServerCalls.java:262)
	at org.apache.ratis.thirdparty.io.grpc.internal.ServerCallImpl$ServerStreamListenerImpl.messagesAvailableInternal(ServerCallImpl.java:329)
	at org.apache.ratis.thirdparty.io.grpc.internal.ServerCallImpl$ServerStreamListenerImpl.messagesAvailable(ServerCallImpl.java:314)
	at org.apache.ratis.thirdparty.io.grpc.internal.ServerImpl$JumpToApplicationThreadServerStreamListener$1MessagesAvailable.runInContext(ServerImpl.java:833)
	at org.apache.ratis.thirdparty.io.grpc.internal.ContextRunnable.run(ContextRunnable.java:37)
	at org.apache.ratis.thirdparty.io.grpc.internal.SerializingExecutor.run(SerializingExecutor.java:133)
	at java.util.concurrent.ThreadPoolExecutor.runWorker(ThreadPoolExecutor.java:1149)
	at java.util.concurrent.ThreadPoolExecutor$Worker.run(ThreadPoolExecutor.java:624)
	at java.lang.Thread.run(Thread.java:750)
Caused by: java.util.concurrent.RejectedExecutionException: Task java.util.concurrent.CompletableFuture$AsyncSupply@12699e99 rejected from java.util.concurrent.ThreadPoolExecutor@76e18451[Terminated, pool size = 0, active threads = 0, queued tasks = 0, completed tasks = 0]
	at java.util.concurrent.ThreadPoolExecutor$AbortPolicy.rejectedExecution(ThreadPoolExecutor.java:2063)
	at java.util.concurrent.ThreadPoolExecutor.reject(ThreadPoolExecutor.java:830)
	at java.util.concurrent.ThreadPoolExecutor.execute(ThreadPoolExecutor.java:1379)
	at java.util.concurrent.CompletableFuture.asyncSupplyStage(CompletableFuture.java:1618)
	at java.util.concurrent.CompletableFuture.supplyAsync(CompletableFuture.java:1843)
	at org.apache.ratis.server.impl.RaftServerImpl.executeSubmitServerRequestAsync(RaftServerImpl.java:896)
	at org.apache.ratis.server.impl.RaftServerProxy.lambda$appendEntriesAsync$29(RaftServerProxy.java:655)
	at java.util.concurrent.CompletableFuture.uniComposeStage(CompletableFuture.java:995)
	... 13 more
2024-09-10 06:19:52,258 INFO  leader.LogAppender (LogAppenderBase.java:lambda$getNextIndexForError$0(219)) - Decrease nextIndex to 37
2024-09-10 06:19:52,258 INFO  leader.LogAppender (LogAppenderBase.java:lambda$getNextIndexForError$0(219)) - Decrease nextIndex to 37
2024-09-10 06:19:52,258 INFO  leader.FollowerInfo (FollowerInfoImpl.java:info(70)) - s13@group-0052E07B9BEC->s11: computeNextIndex nextIndex: updateUnconditionally 87 -> 37
2024-09-10 06:19:52,261 DEBUG server.RaftServer$Division (RaftServerImpl.java:submitClientRequestAsync(910)) - s13@group-0052E07B9BEC: receive client request(RaftClientRequest:client-C7441C59A54E->s13@group-0052E07B9BEC, cid=4263, seq=null, RW, Message:01016102404280000000...(size=12))
2024-09-10 06:19:52,261 DEBUG server.RaftServer$Division (LeaderStateImpl.java:addPendingRequest(532)) - s13@group-0052E07B9BEC-LeaderStateImpl: addPendingRequest at RaftClientRequest:client-C7441C59A54E->s13@group-0052E07B9BEC, cid=4263, seq=null, RW, Message:01016102404280000000...(size=12), entry=(t:2, i:87), STATEMACHINELOGENTRY, WRITE: logData.size=12, stateMachineData.size=0, logEntryProtoSerializedSize=0
2024-09-10 06:19:52,263 DEBUG server.RaftServer$Division (RaftServerImpl.java:logAppendEntries(1539)) - s12@group-0052E07B9BEC: appendEntries* s13->s12#77-t2,previous=(t:2, i:86),leaderCommit=86,initializing? false,entries: size=1, first=(t:2, i:87), STATEMACHINELOGENTRY, StateMachineLogEntryProto:4263@client-C7441C59A54E
2024-09-10 06:19:52,263 DEBUG server.RaftServer$Division (RaftServerImpl.java:logAppendEntries(1539)) - s12@group-0052E07B9BEC: appendEntries* reply s13<-s12#77:OK-t2,SUCCESS,nextIndex=88,followerCommit=86,matchIndex=87
2024-09-10 06:19:52,264 WARN  server.GrpcServerProtocolService (LogUtils.java:warn(123)) - s11: Failed APPEND_ENTRIES request cid=62, isHeartbeat? false
java.util.concurrent.CompletionException: java.util.concurrent.RejectedExecutionException: Task java.util.concurrent.CompletableFuture$AsyncSupply@2a2fc76a rejected from java.util.concurrent.ThreadPoolExecutor@76e18451[Terminated, pool size = 0, active threads = 0, queued tasks = 0, completed tasks = 0]
	at java.util.concurrent.CompletableFuture.encodeThrowable(CompletableFuture.java:273)
	at java.util.concurrent.CompletableFuture.uniComposeStage(CompletableFuture.java:1005)
	at java.util.concurrent.CompletableFuture.thenCompose(CompletableFuture.java:2137)
	at org.apache.ratis.server.impl.RaftServerProxy.appendEntriesAsync(RaftServerProxy.java:655)
	at org.apache.ratis.grpc.server.GrpcServerProtocolService$1.process(GrpcServerProtocolService.java:307)
	at org.apache.ratis.grpc.server.GrpcServerProtocolService$ServerRequestStreamObserver.onNext(GrpcServerProtocolService.java:174)
	at org.apache.ratis.thirdparty.io.grpc.stub.ServerCalls$StreamingServerCallHandler$StreamingServerCallListener.onMessage(ServerCalls.java:262)
	at org.apache.ratis.thirdparty.io.grpc.internal.ServerCallImpl$ServerStreamListenerImpl.messagesAvailableInternal(ServerCallImpl.java:329)
	at org.apache.ratis.thirdparty.io.grpc.internal.ServerCallImpl$ServerStreamListenerImpl.messagesAvailable(ServerCallImpl.java:314)
	at org.apache.ratis.thirdparty.io.grpc.internal.ServerImpl$JumpToApplicationThreadServerStreamListener$1MessagesAvailable.runInContext(ServerImpl.java:833)
	at org.apache.ratis.thirdparty.io.grpc.internal.ContextRunnable.run(ContextRunnable.java:37)
	at org.apache.ratis.thirdparty.io.grpc.internal.SerializingExecutor.run(SerializingExecutor.java:133)
	at java.util.concurrent.ThreadPoolExecutor.runWorker(ThreadPoolExecutor.java:1149)
	at java.util.concurrent.ThreadPoolExecutor$Worker.run(ThreadPoolExecutor.java:624)
	at java.lang.Thread.run(Thread.java:750)
Caused by: java.util.concurrent.RejectedExecutionException: Task java.util.concurrent.CompletableFuture$AsyncSupply@2a2fc76a rejected from java.util.concurrent.ThreadPoolExecutor@76e18451[Terminated, pool size = 0, active threads = 0, queued tasks = 0, completed tasks = 0]
	at java.util.concurrent.ThreadPoolExecutor$AbortPolicy.rejectedExecution(ThreadPoolExecutor.java:2063)
	at java.util.concurrent.ThreadPoolExecutor.reject(ThreadPoolExecutor.java:830)
	at java.util.concurrent.ThreadPoolExecutor.execute(ThreadPoolExecutor.java:1379)
	at java.util.concurrent.CompletableFuture.asyncSupplyStage(CompletableFuture.java:1618)
	at java.util.concurrent.CompletableFuture.supplyAsync(CompletableFuture.java:1843)
	at org.apache.ratis.server.impl.RaftServerImpl.executeSubmitServerRequestAsync(RaftServerImpl.java:896)
	at org.apache.ratis.server.impl.RaftServerProxy.lambda$appendEntriesAsync$29(RaftServerProxy.java:655)
	at java.util.concurrent.CompletableFuture.uniComposeStage(CompletableFuture.java:995)
	... 13 more
2024-09-10 06:19:52,265 DEBUG server.RaftServer$Division (RaftServerImpl.java:logAppendEntries(1539)) - s12@group-0052E07B9BEC: appendEntries* s13->s12#78-t2,previous=(t:2, i:87),leaderCommit=87,initializing? false,entries: size=1, first=(t:2, i:88), METADATAENTRY(c:87)
2024-09-10 06:19:52,264 INFO  statemachine.StateMachine (ArithmeticStateMachine.java:applyTransaction(181)) - LEADER:s13-87: a = 37 = 37
2024-09-10 06:19:52,266 DEBUG server.RaftServer$Division (RaftServerImpl.java:logAppendEntries(1539)) - s12@group-0052E07B9BEC: appendEntries* reply s13<-s12#78:OK-t2,SUCCESS,nextIndex=89,followerCommit=87,matchIndex=88
2024-09-10 06:19:52,268 INFO  leader.LogAppender (LogAppenderBase.java:lambda$getNextIndexForError$0(219)) - Decrease nextIndex to 37
2024-09-10 06:19:52,268 INFO  leader.LogAppender (LogAppenderBase.java:lambda$getNextIndexForError$0(219)) - Decrease nextIndex to 37
2024-09-10 06:19:52,268 INFO  leader.FollowerInfo (FollowerInfoImpl.java:info(70)) - s13@group-0052E07B9BEC->s11: computeNextIndex nextIndex: updateUnconditionally 88 -> 37
2024-09-10 06:19:52,270 DEBUG server.RaftServer$Division (RaftServerImpl.java:submitClientRequestAsync(910)) - s13@group-0052E07B9BEC: receive client request(RaftClientRequest:client-C7441C59A54E->s13@group-0052E07B9BEC, cid=4264, seq=null, RW, Message:01016202408560000000...(size=12))
2024-09-10 06:19:52,270 DEBUG server.RaftServer$Division (LeaderStateImpl.java:addPendingRequest(532)) - s13@group-0052E07B9BEC-LeaderStateImpl: addPendingRequest at RaftClientRequest:client-C7441C59A54E->s13@group-0052E07B9BEC, cid=4264, seq=null, RW, Message:01016202408560000000...(size=12), entry=(t:2, i:89), STATEMACHINELOGENTRY, WRITE: logData.size=12, stateMachineData.size=0, logEntryProtoSerializedSize=0
2024-09-10 06:19:52,271 DEBUG server.RaftServer$Division (RaftServerImpl.java:logAppendEntries(1539)) - s12@group-0052E07B9BEC: appendEntries* s13->s12#80-t2,previous=(t:2, i:88),leaderCommit=88,initializing? false,entries: size=1, first=(t:2, i:89), STATEMACHINELOGENTRY, StateMachineLogEntryProto:4264@client-C7441C59A54E
2024-09-10 06:19:52,271 DEBUG server.RaftServer$Division (RaftServerImpl.java:logAppendEntries(1539)) - s12@group-0052E07B9BEC: appendEntries* reply s13<-s12#80:OK-t2,SUCCESS,nextIndex=90,followerCommit=88,matchIndex=89
2024-09-10 06:19:52,272 INFO  statemachine.StateMachine (ArithmeticStateMachine.java:applyTransaction(181)) - LEADER:s13-89: b = 684 = 684
2024-09-10 06:19:52,272 DEBUG server.RaftServer$Division (RaftServerImpl.java:logAppendEntries(1539)) - s12@group-0052E07B9BEC: appendEntries* s13->s12#81-t2,previous=(t:2, i:89),leaderCommit=89,initializing? false,entries: size=1, first=(t:2, i:90), METADATAENTRY(c:89)
2024-09-10 06:19:52,273 WARN  server.GrpcServerProtocolService (LogUtils.java:warn(123)) - s11: Failed APPEND_ENTRIES request cid=64, isHeartbeat? false
java.util.concurrent.CompletionException: java.util.concurrent.RejectedExecutionException: Task java.util.concurrent.CompletableFuture$AsyncSupply@1aac52fd rejected from java.util.concurrent.ThreadPoolExecutor@76e18451[Terminated, pool size = 0, active threads = 0, queued tasks = 0, completed tasks = 0]
	at java.util.concurrent.CompletableFuture.encodeThrowable(CompletableFuture.java:273)
	at java.util.concurrent.CompletableFuture.uniComposeStage(CompletableFuture.java:1005)
	at java.util.concurrent.CompletableFuture.thenCompose(CompletableFuture.java:2137)
	at org.apache.ratis.server.impl.RaftServerProxy.appendEntriesAsync(RaftServerProxy.java:655)
	at org.apache.ratis.grpc.server.GrpcServerProtocolService$1.process(GrpcServerProtocolService.java:307)
	at org.apache.ratis.grpc.server.GrpcServerProtocolService$ServerRequestStreamObserver.onNext(GrpcServerProtocolService.java:174)
	at org.apache.ratis.thirdparty.io.grpc.stub.ServerCalls$StreamingServerCallHandler$StreamingServerCallListener.onMessage(ServerCalls.java:262)
	at org.apache.ratis.thirdparty.io.grpc.internal.ServerCallImpl$ServerStreamListenerImpl.messagesAvailableInternal(ServerCallImpl.java:329)
	at org.apache.ratis.thirdparty.io.grpc.internal.ServerCallImpl$ServerStreamListenerImpl.messagesAvailable(ServerCallImpl.java:314)
	at org.apache.ratis.thirdparty.io.grpc.internal.ServerImpl$JumpToApplicationThreadServerStreamListener$1MessagesAvailable.runInContext(ServerImpl.java:833)
	at org.apache.ratis.thirdparty.io.grpc.internal.ContextRunnable.run(ContextRunnable.java:37)
	at org.apache.ratis.thirdparty.io.grpc.internal.SerializingExecutor.run(SerializingExecutor.java:133)
	at java.util.concurrent.ThreadPoolExecutor.runWorker(ThreadPoolExecutor.java:1149)
	at java.util.concurrent.ThreadPoolExecutor$Worker.run(ThreadPoolExecutor.java:624)
	at java.lang.Thread.run(Thread.java:750)
Caused by: java.util.concurrent.RejectedExecutionException: Task java.util.concurrent.CompletableFuture$AsyncSupply@1aac52fd rejected from java.util.concurrent.ThreadPoolExecutor@76e18451[Terminated, pool size = 0, active threads = 0, queued tasks = 0, completed tasks = 0]
	at java.util.concurrent.ThreadPoolExecutor$AbortPolicy.rejectedExecution(ThreadPoolExecutor.java:2063)
	at java.util.concurrent.ThreadPoolExecutor.reject(ThreadPoolExecutor.java:830)
	at java.util.concurrent.ThreadPoolExecutor.execute(ThreadPoolExecutor.java:1379)
	at java.util.concurrent.CompletableFuture.asyncSupplyStage(CompletableFuture.java:1618)
	at java.util.concurrent.CompletableFuture.supplyAsync(CompletableFuture.java:1843)
	at org.apache.ratis.server.impl.RaftServerImpl.executeSubmitServerRequestAsync(RaftServerImpl.java:896)
	at org.apache.ratis.server.impl.RaftServerProxy.lambda$appendEntriesAsync$29(RaftServerProxy.java:655)
	at java.util.concurrent.CompletableFuture.uniComposeStage(CompletableFuture.java:995)
	... 13 more
2024-09-10 06:19:52,274 DEBUG server.RaftServer$Division (RaftServerImpl.java:logAppendEntries(1539)) - s12@group-0052E07B9BEC: appendEntries* reply s13<-s12#81:OK-t2,SUCCESS,nextIndex=91,followerCommit=89,matchIndex=90
2024-09-10 06:19:52,275 INFO  leader.LogAppender (LogAppenderBase.java:lambda$getNextIndexForError$0(219)) - Decrease nextIndex to 37
2024-09-10 06:19:52,275 INFO  leader.LogAppender (LogAppenderBase.java:lambda$getNextIndexForError$0(219)) - Decrease nextIndex to 37
2024-09-10 06:19:52,275 INFO  leader.FollowerInfo (FollowerInfoImpl.java:info(70)) - s13@group-0052E07B9BEC->s11: computeNextIndex nextIndex: updateUnconditionally 89 -> 37
2024-09-10 06:19:52,277 DEBUG server.RaftServer$Division (RaftServerImpl.java:submitClientRequestAsync(910)) - s13@group-0052E07B9BEC: receive client request(RaftClientRequest:client-C7441C59A54E->s13@group-0052E07B9BEC, cid=4265, seq=null, RW, Message:01016304010300040201...(size=17))
2024-09-10 06:19:52,277 DEBUG server.RaftServer$Division (LeaderStateImpl.java:addPendingRequest(532)) - s13@group-0052E07B9BEC-LeaderStateImpl: addPendingRequest at RaftClientRequest:client-C7441C59A54E->s13@group-0052E07B9BEC, cid=4265, seq=null, RW, Message:01016304010300040201...(size=17), entry=(t:2, i:91), STATEMACHINELOGENTRY, WRITE: logData.size=17, stateMachineData.size=0, logEntryProtoSerializedSize=0
2024-09-10 06:19:52,278 DEBUG server.RaftServer$Division (RaftServerImpl.java:logAppendEntries(1539)) - s12@group-0052E07B9BEC: appendEntries* s13->s12#84-t2,previous=(t:2, i:90),leaderCommit=90,initializing? false,entries: size=1, first=(t:2, i:91), STATEMACHINELOGENTRY, StateMachineLogEntryProto:4265@client-C7441C59A54E
2024-09-10 06:19:52,278 WARN  server.GrpcServerProtocolService (LogUtils.java:warn(123)) - s11: Failed APPEND_ENTRIES request cid=66, isHeartbeat? false
java.util.concurrent.CompletionException: java.util.concurrent.RejectedExecutionException: Task java.util.concurrent.CompletableFuture$AsyncSupply@48977ab7 rejected from java.util.concurrent.ThreadPoolExecutor@76e18451[Terminated, pool size = 0, active threads = 0, queued tasks = 0, completed tasks = 0]
	at java.util.concurrent.CompletableFuture.encodeThrowable(CompletableFuture.java:273)
	at java.util.concurrent.CompletableFuture.uniComposeStage(CompletableFuture.java:1005)
	at java.util.concurrent.CompletableFuture.thenCompose(CompletableFuture.java:2137)
	at org.apache.ratis.server.impl.RaftServerProxy.appendEntriesAsync(RaftServerProxy.java:655)
	at org.apache.ratis.grpc.server.GrpcServerProtocolService$1.process(GrpcServerProtocolService.java:307)
	at org.apache.ratis.grpc.server.GrpcServerProtocolService$ServerRequestStreamObserver.onNext(GrpcServerProtocolService.java:174)
	at org.apache.ratis.thirdparty.io.grpc.stub.ServerCalls$StreamingServerCallHandler$StreamingServerCallListener.onMessage(ServerCalls.java:262)
	at org.apache.ratis.thirdparty.io.grpc.internal.ServerCallImpl$ServerStreamListenerImpl.messagesAvailableInternal(ServerCallImpl.java:329)
	at org.apache.ratis.thirdparty.io.grpc.internal.ServerCallImpl$ServerStreamListenerImpl.messagesAvailable(ServerCallImpl.java:314)
	at org.apache.ratis.thirdparty.io.grpc.internal.ServerImpl$JumpToApplicationThreadServerStreamListener$1MessagesAvailable.runInContext(ServerImpl.java:833)
	at org.apache.ratis.thirdparty.io.grpc.internal.ContextRunnable.run(ContextRunnable.java:37)
	at org.apache.ratis.thirdparty.io.grpc.internal.SerializingExecutor.run(SerializingExecutor.java:133)
	at java.util.concurrent.ThreadPoolExecutor.runWorker(ThreadPoolExecutor.java:1149)
	at java.util.concurrent.ThreadPoolExecutor$Worker.run(ThreadPoolExecutor.java:624)
	at java.lang.Thread.run(Thread.java:750)
Caused by: java.util.concurrent.RejectedExecutionException: Task java.util.concurrent.CompletableFuture$AsyncSupply@48977ab7 rejected from java.util.concurrent.ThreadPoolExecutor@76e18451[Terminated, pool size = 0, active threads = 0, queued tasks = 0, completed tasks = 0]
	at java.util.concurrent.ThreadPoolExecutor$AbortPolicy.rejectedExecution(ThreadPoolExecutor.java:2063)
	at java.util.concurrent.ThreadPoolExecutor.reject(ThreadPoolExecutor.java:830)
	at java.util.concurrent.ThreadPoolExecutor.execute(ThreadPoolExecutor.java:1379)
	at java.util.concurrent.CompletableFuture.asyncSupplyStage(CompletableFuture.java:1618)
	at java.util.concurrent.CompletableFuture.supplyAsync(CompletableFuture.java:1843)
	at org.apache.ratis.server.impl.RaftServerImpl.executeSubmitServerRequestAsync(RaftServerImpl.java:896)
	at org.apache.ratis.server.impl.RaftServerProxy.lambda$appendEntriesAsync$29(RaftServerProxy.java:655)
	at java.util.concurrent.CompletableFuture.uniComposeStage(CompletableFuture.java:995)
	... 13 more
2024-09-10 06:19:52,278 DEBUG server.RaftServer$Division (RaftServerImpl.java:logAppendEntries(1539)) - s12@group-0052E07B9BEC: appendEntries* reply s13<-s12#84:OK-t2,SUCCESS,nextIndex=92,followerCommit=90,matchIndex=91
2024-09-10 06:19:52,279 INFO  statemachine.StateMachine (ArithmeticStateMachine.java:applyTransaction(181)) - LEADER:s13-91: c = √(a^2 + b^2) = 685
2024-09-10 06:19:52,280 DEBUG server.RaftServer$Division (RaftServerImpl.java:logAppendEntries(1539)) - s12@group-0052E07B9BEC: appendEntries* s13->s12#85-t2,previous=(t:2, i:91),leaderCommit=91,initializing? false,entries: size=1, first=(t:2, i:92), METADATAENTRY(c:91)
2024-09-10 06:19:52,281 DEBUG server.RaftServer$Division (RaftServerImpl.java:logAppendEntries(1539)) - s12@group-0052E07B9BEC: appendEntries* reply s13<-s12#85:OK-t2,SUCCESS,nextIndex=93,followerCommit=91,matchIndex=92
2024-09-10 06:19:52,282 DEBUG server.RaftServer$Division (RaftServerImpl.java:submitClientRequestAsync(910)) - s13@group-0052E07B9BEC: receive client request(RaftClientRequest:client-C7441C59A54E->s13@group-0052E07B9BEC, cid=4266, seq=null, RW, Message:01016100)
2024-09-10 06:19:52,282 DEBUG server.RaftServer$Division (LeaderStateImpl.java:addPendingRequest(532)) - s13@group-0052E07B9BEC-LeaderStateImpl: addPendingRequest at RaftClientRequest:client-C7441C59A54E->s13@group-0052E07B9BEC, cid=4266, seq=null, RW, Message:01016100, entry=(t:2, i:93), STATEMACHINELOGENTRY, WRITE: logData.size=4, stateMachineData.size=0, logEntryProtoSerializedSize=0
2024-09-10 06:19:52,283 INFO  leader.LogAppender (LogAppenderBase.java:lambda$getNextIndexForError$0(219)) - Decrease nextIndex to 37
2024-09-10 06:19:52,283 INFO  leader.LogAppender (LogAppenderBase.java:lambda$getNextIndexForError$0(219)) - Decrease nextIndex to 37
2024-09-10 06:19:52,284 INFO  leader.FollowerInfo (FollowerInfoImpl.java:info(70)) - s13@group-0052E07B9BEC->s11: computeNextIndex nextIndex: updateUnconditionally 91 -> 37
2024-09-10 06:19:52,284 DEBUG server.RaftServer$Division (RaftServerImpl.java:logAppendEntries(1539)) - s12@group-0052E07B9BEC: appendEntries* s13->s12#87-t2,previous=(t:2, i:92),leaderCommit=92,initializing? false,entries: size=1, first=(t:2, i:93), STATEMACHINELOGENTRY, StateMachineLogEntryProto:4266@client-C7441C59A54E
2024-09-10 06:19:52,284 DEBUG server.RaftServer$Division (RaftServerImpl.java:logAppendEntries(1539)) - s12@group-0052E07B9BEC: appendEntries* reply s13<-s12#87:OK-t2,SUCCESS,nextIndex=94,followerCommit=92,matchIndex=93
2024-09-10 06:19:52,285 INFO  statemachine.StateMachine (ArithmeticStateMachine.java:applyTransaction(181)) - LEADER:s13-93: a = null = null
2024-09-10 06:19:52,286 DEBUG server.RaftServer$Division (RaftServerImpl.java:logAppendEntries(1539)) - s12@group-0052E07B9BEC: appendEntries* s13->s12#88-t2,previous=(t:2, i:93),leaderCommit=93,initializing? false,entries: size=1, first=(t:2, i:94), METADATAENTRY(c:93)
2024-09-10 06:19:52,287 DEBUG server.RaftServer$Division (RaftServerImpl.java:logAppendEntries(1539)) - s12@group-0052E07B9BEC: appendEntries* reply s13<-s12#88:OK-t2,SUCCESS,nextIndex=95,followerCommit=93,matchIndex=94
2024-09-10 06:19:52,288 DEBUG server.RaftServer$Division (RaftServerImpl.java:submitClientRequestAsync(910)) - s13@group-0052E07B9BEC: receive client request(RaftClientRequest:client-C7441C59A54E->s13@group-0052E07B9BEC, cid=4267, seq=null, RW, Message:01016200)
2024-09-10 06:19:52,288 WARN  server.GrpcServerProtocolService (LogUtils.java:warn(123)) - s11: Failed APPEND_ENTRIES request cid=70, isHeartbeat? false
java.util.concurrent.CompletionException: java.util.concurrent.RejectedExecutionException: Task java.util.concurrent.CompletableFuture$AsyncSupply@5ae482cd rejected from java.util.concurrent.ThreadPoolExecutor@76e18451[Terminated, pool size = 0, active threads = 0, queued tasks = 0, completed tasks = 0]
	at java.util.concurrent.CompletableFuture.encodeThrowable(CompletableFuture.java:273)
	at java.util.concurrent.CompletableFuture.uniComposeStage(CompletableFuture.java:1005)
	at java.util.concurrent.CompletableFuture.thenCompose(CompletableFuture.java:2137)
	at org.apache.ratis.server.impl.RaftServerProxy.appendEntriesAsync(RaftServerProxy.java:655)
	at org.apache.ratis.grpc.server.GrpcServerProtocolService$1.process(GrpcServerProtocolService.java:307)
	at org.apache.ratis.grpc.server.GrpcServerProtocolService$ServerRequestStreamObserver.onNext(GrpcServerProtocolService.java:174)
	at org.apache.ratis.thirdparty.io.grpc.stub.ServerCalls$StreamingServerCallHandler$StreamingServerCallListener.onMessage(ServerCalls.java:262)
	at org.apache.ratis.thirdparty.io.grpc.internal.ServerCallImpl$ServerStreamListenerImpl.messagesAvailableInternal(ServerCallImpl.java:329)
	at org.apache.ratis.thirdparty.io.grpc.internal.ServerCallImpl$ServerStreamListenerImpl.messagesAvailable(ServerCallImpl.java:314)
	at org.apache.ratis.thirdparty.io.grpc.internal.ServerImpl$JumpToApplicationThreadServerStreamListener$1MessagesAvailable.runInContext(ServerImpl.java:833)
	at org.apache.ratis.thirdparty.io.grpc.internal.ContextRunnable.run(ContextRunnable.java:37)
	at org.apache.ratis.thirdparty.io.grpc.internal.SerializingExecutor.run(SerializingExecutor.java:133)
	at java.util.concurrent.ThreadPoolExecutor.runWorker(ThreadPoolExecutor.java:1149)
	at java.util.concurrent.ThreadPoolExecutor$Worker.run(ThreadPoolExecutor.java:624)
	at java.lang.Thread.run(Thread.java:750)
Caused by: java.util.concurrent.RejectedExecutionException: Task java.util.concurrent.CompletableFuture$AsyncSupply@5ae482cd rejected from java.util.concurrent.ThreadPoolExecutor@76e18451[Terminated, pool size = 0, active threads = 0, queued tasks = 0, completed tasks = 0]
	at java.util.concurrent.ThreadPoolExecutor$AbortPolicy.rejectedExecution(ThreadPoolExecutor.java:2063)
	at java.util.concurrent.ThreadPoolExecutor.reject(ThreadPoolExecutor.java:830)
	at java.util.concurrent.ThreadPoolExecutor.execute(ThreadPoolExecutor.java:1379)
	at java.util.concurrent.CompletableFuture.asyncSupplyStage(CompletableFuture.java:1618)
	at java.util.concurrent.CompletableFuture.supplyAsync(CompletableFuture.java:1843)
	at org.apache.ratis.server.impl.RaftServerImpl.executeSubmitServerRequestAsync(RaftServerImpl.java:896)
	at org.apache.ratis.server.impl.RaftServerProxy.lambda$appendEntriesAsync$29(RaftServerProxy.java:655)
	at java.util.concurrent.CompletableFuture.uniComposeStage(CompletableFuture.java:995)
	... 13 more
2024-09-10 06:19:52,288 DEBUG server.RaftServer$Division (LeaderStateImpl.java:addPendingRequest(532)) - s13@group-0052E07B9BEC-LeaderStateImpl: addPendingRequest at RaftClientRequest:client-C7441C59A54E->s13@group-0052E07B9BEC, cid=4267, seq=null, RW, Message:01016200, entry=(t:2, i:95), STATEMACHINELOGENTRY, WRITE: logData.size=4, stateMachineData.size=0, logEntryProtoSerializedSize=0
2024-09-10 06:19:52,289 DEBUG server.RaftServer$Division (RaftServerImpl.java:logAppendEntries(1539)) - s12@group-0052E07B9BEC: appendEntries* s13->s12#91-t2,previous=(t:2, i:94),leaderCommit=94,initializing? false,entries: size=1, first=(t:2, i:95), STATEMACHINELOGENTRY, StateMachineLogEntryProto:4267@client-C7441C59A54E
2024-09-10 06:19:52,290 DEBUG server.RaftServer$Division (RaftServerImpl.java:logAppendEntries(1539)) - s12@group-0052E07B9BEC: appendEntries* reply s13<-s12#91:OK-t2,SUCCESS,nextIndex=96,followerCommit=94,matchIndex=95
2024-09-10 06:19:52,290 INFO  statemachine.StateMachine (ArithmeticStateMachine.java:applyTransaction(181)) - LEADER:s13-95: b = null = null
2024-09-10 06:19:52,292 INFO  leader.LogAppender (LogAppenderBase.java:lambda$getNextIndexForError$0(219)) - Decrease nextIndex to 37
2024-09-10 06:19:52,292 INFO  leader.LogAppender (LogAppenderBase.java:lambda$getNextIndexForError$0(219)) - Decrease nextIndex to 37
2024-09-10 06:19:52,292 DEBUG server.RaftServer$Division (RaftServerImpl.java:logAppendEntries(1539)) - s12@group-0052E07B9BEC: appendEntries* s13->s12#92-t2,previous=(t:2, i:95),leaderCommit=95,initializing? false,entries: size=1, first=(t:2, i:96), METADATAENTRY(c:95)
2024-09-10 06:19:52,292 INFO  leader.FollowerInfo (FollowerInfoImpl.java:info(70)) - s13@group-0052E07B9BEC->s11: computeNextIndex nextIndex: updateUnconditionally 94 -> 37
2024-09-10 06:19:52,292 DEBUG server.RaftServer$Division (RaftServerImpl.java:logAppendEntries(1539)) - s12@group-0052E07B9BEC: appendEntries* reply s13<-s12#92:OK-t2,SUCCESS,nextIndex=97,followerCommit=95,matchIndex=96
2024-09-10 06:19:52,294 DEBUG server.RaftServer$Division (RaftServerImpl.java:submitClientRequestAsync(910)) - s13@group-0052E07B9BEC: receive client request(RaftClientRequest:client-C7441C59A54E->s13@group-0052E07B9BEC, cid=4268, seq=null, RW, Message:01016300)
2024-09-10 06:19:52,294 DEBUG server.RaftServer$Division (LeaderStateImpl.java:addPendingRequest(532)) - s13@group-0052E07B9BEC-LeaderStateImpl: addPendingRequest at RaftClientRequest:client-C7441C59A54E->s13@group-0052E07B9BEC, cid=4268, seq=null, RW, Message:01016300, entry=(t:2, i:97), STATEMACHINELOGENTRY, WRITE: logData.size=4, stateMachineData.size=0, logEntryProtoSerializedSize=0
2024-09-10 06:19:52,295 DEBUG server.RaftServer$Division (RaftServerImpl.java:logAppendEntries(1539)) - s12@group-0052E07B9BEC: appendEntries* s13->s12#94-t2,previous=(t:2, i:96),leaderCommit=95,initializing? false,entries: size=1, first=(t:2, i:97), STATEMACHINELOGENTRY, StateMachineLogEntryProto:4268@client-C7441C59A54E
2024-09-10 06:19:52,295 DEBUG server.RaftServer$Division (RaftServerImpl.java:logAppendEntries(1539)) - s12@group-0052E07B9BEC: appendEntries* reply s13<-s12#94:OK-t2,SUCCESS,nextIndex=98,followerCommit=95,matchIndex=97
2024-09-10 06:19:52,296 WARN  server.GrpcServerProtocolService (LogUtils.java:warn(123)) - s11: Failed APPEND_ENTRIES request cid=73, isHeartbeat? false
java.util.concurrent.CompletionException: java.util.concurrent.RejectedExecutionException: Task java.util.concurrent.CompletableFuture$AsyncSupply@77bb0134 rejected from java.util.concurrent.ThreadPoolExecutor@76e18451[Terminated, pool size = 0, active threads = 0, queued tasks = 0, completed tasks = 0]
	at java.util.concurrent.CompletableFuture.encodeThrowable(CompletableFuture.java:273)
	at java.util.concurrent.CompletableFuture.uniComposeStage(CompletableFuture.java:1005)
	at java.util.concurrent.CompletableFuture.thenCompose(CompletableFuture.java:2137)
	at org.apache.ratis.server.impl.RaftServerProxy.appendEntriesAsync(RaftServerProxy.java:655)
	at org.apache.ratis.grpc.server.GrpcServerProtocolService$1.process(GrpcServerProtocolService.java:307)
	at org.apache.ratis.grpc.server.GrpcServerProtocolService$ServerRequestStreamObserver.onNext(GrpcServerProtocolService.java:174)
	at org.apache.ratis.thirdparty.io.grpc.stub.ServerCalls$StreamingServerCallHandler$StreamingServerCallListener.onMessage(ServerCalls.java:262)
	at org.apache.ratis.thirdparty.io.grpc.internal.ServerCallImpl$ServerStreamListenerImpl.messagesAvailableInternal(ServerCallImpl.java:329)
	at org.apache.ratis.thirdparty.io.grpc.internal.ServerCallImpl$ServerStreamListenerImpl.messagesAvailable(ServerCallImpl.java:314)
	at org.apache.ratis.thirdparty.io.grpc.internal.ServerImpl$JumpToApplicationThreadServerStreamListener$1MessagesAvailable.runInContext(ServerImpl.java:833)
	at org.apache.ratis.thirdparty.io.grpc.internal.ContextRunnable.run(ContextRunnable.java:37)
	at org.apache.ratis.thirdparty.io.grpc.internal.SerializingExecutor.run(SerializingExecutor.java:133)
	at java.util.concurrent.ThreadPoolExecutor.runWorker(ThreadPoolExecutor.java:1149)
	at java.util.concurrent.ThreadPoolExecutor$Worker.run(ThreadPoolExecutor.java:624)
	at java.lang.Thread.run(Thread.java:750)
Caused by: java.util.concurrent.RejectedExecutionException: Task java.util.concurrent.CompletableFuture$AsyncSupply@77bb0134 rejected from java.util.concurrent.ThreadPoolExecutor@76e18451[Terminated, pool size = 0, active threads = 0, queued tasks = 0, completed tasks = 0]
	at java.util.concurrent.ThreadPoolExecutor$AbortPolicy.rejectedExecution(ThreadPoolExecutor.java:2063)
	at java.util.concurrent.ThreadPoolExecutor.reject(ThreadPoolExecutor.java:830)
	at java.util.concurrent.ThreadPoolExecutor.execute(ThreadPoolExecutor.java:1379)
	at java.util.concurrent.CompletableFuture.asyncSupplyStage(CompletableFuture.java:1618)
	at java.util.concurrent.CompletableFuture.supplyAsync(CompletableFuture.java:1843)
	at org.apache.ratis.server.impl.RaftServerImpl.executeSubmitServerRequestAsync(RaftServerImpl.java:896)
	at org.apache.ratis.server.impl.RaftServerProxy.lambda$appendEntriesAsync$29(RaftServerProxy.java:655)
	at java.util.concurrent.CompletableFuture.uniComposeStage(CompletableFuture.java:995)
	... 13 more
2024-09-10 06:19:52,298 INFO  leader.LogAppender (LogAppenderBase.java:lambda$getNextIndexForError$0(219)) - Decrease nextIndex to 37
2024-09-10 06:19:52,299 INFO  leader.LogAppender (LogAppenderBase.java:lambda$getNextIndexForError$0(219)) - Decrease nextIndex to 37
2024-09-10 06:19:52,298 INFO  statemachine.StateMachine (ArithmeticStateMachine.java:applyTransaction(181)) - LEADER:s13-97: c = null = null
2024-09-10 06:19:52,300 DEBUG server.RaftServer$Division (RaftServerImpl.java:logAppendEntries(1539)) - s12@group-0052E07B9BEC: appendEntries* s13->s12#96-t2,previous=(t:2, i:97),leaderCommit=97,initializing? false,entries: size=1, first=(t:2, i:98), METADATAENTRY(c:97)
2024-09-10 06:19:52,299 INFO  leader.FollowerInfo (FollowerInfoImpl.java:info(70)) - s13@group-0052E07B9BEC->s11: computeNextIndex nextIndex: updateUnconditionally 97 -> 37
2024-09-10 06:19:52,300 DEBUG server.RaftServer$Division (RaftServerImpl.java:logAppendEntries(1539)) - s12@group-0052E07B9BEC: appendEntries* reply s13<-s12#96:OK-t2,SUCCESS,nextIndex=99,followerCommit=97,matchIndex=98
2024-09-10 06:19:52,302 DEBUG server.RaftServer$Division (RaftServerImpl.java:submitClientRequestAsync(910)) - s13@group-0052E07B9BEC: receive client request(RaftClientRequest:client-C7441C59A54E->s13@group-0052E07B9BEC, cid=4269, seq=null, RW, Message:01016102404380000000...(size=12))
2024-09-10 06:19:52,303 DEBUG server.RaftServer$Division (LeaderStateImpl.java:addPendingRequest(532)) - s13@group-0052E07B9BEC-LeaderStateImpl: addPendingRequest at RaftClientRequest:client-C7441C59A54E->s13@group-0052E07B9BEC, cid=4269, seq=null, RW, Message:01016102404380000000...(size=12), entry=(t:2, i:99), STATEMACHINELOGENTRY, WRITE: logData.size=12, stateMachineData.size=0, logEntryProtoSerializedSize=0
2024-09-10 06:19:52,304 WARN  server.GrpcServerProtocolService (LogUtils.java:warn(123)) - s11: Failed APPEND_ENTRIES request cid=74, isHeartbeat? false
java.util.concurrent.CompletionException: java.util.concurrent.RejectedExecutionException: Task java.util.concurrent.CompletableFuture$AsyncSupply@27164244 rejected from java.util.concurrent.ThreadPoolExecutor@76e18451[Terminated, pool size = 0, active threads = 0, queued tasks = 0, completed tasks = 0]
	at java.util.concurrent.CompletableFuture.encodeThrowable(CompletableFuture.java:273)
	at java.util.concurrent.CompletableFuture.uniComposeStage(CompletableFuture.java:1005)
	at java.util.concurrent.CompletableFuture.thenCompose(CompletableFuture.java:2137)
	at org.apache.ratis.server.impl.RaftServerProxy.appendEntriesAsync(RaftServerProxy.java:655)
	at org.apache.ratis.grpc.server.GrpcServerProtocolService$1.process(GrpcServerProtocolService.java:307)
	at org.apache.ratis.grpc.server.GrpcServerProtocolService$ServerRequestStreamObserver.onNext(GrpcServerProtocolService.java:174)
	at org.apache.ratis.thirdparty.io.grpc.stub.ServerCalls$StreamingServerCallHandler$StreamingServerCallListener.onMessage(ServerCalls.java:262)
	at org.apache.ratis.thirdparty.io.grpc.internal.ServerCallImpl$ServerStreamListenerImpl.messagesAvailableInternal(ServerCallImpl.java:329)
	at org.apache.ratis.thirdparty.io.grpc.internal.ServerCallImpl$ServerStreamListenerImpl.messagesAvailable(ServerCallImpl.java:314)
	at org.apache.ratis.thirdparty.io.grpc.internal.ServerImpl$JumpToApplicationThreadServerStreamListener$1MessagesAvailable.runInContext(ServerImpl.java:833)
	at org.apache.ratis.thirdparty.io.grpc.internal.ContextRunnable.run(ContextRunnable.java:37)
	at org.apache.ratis.thirdparty.io.grpc.internal.SerializingExecutor.run(SerializingExecutor.java:133)
	at java.util.concurrent.ThreadPoolExecutor.runWorker(ThreadPoolExecutor.java:1149)
	at java.util.concurrent.ThreadPoolExecutor$Worker.run(ThreadPoolExecutor.java:624)
	at java.lang.Thread.run(Thread.java:750)
Caused by: java.util.concurrent.RejectedExecutionException: Task java.util.concurrent.CompletableFuture$AsyncSupply@27164244 rejected from java.util.concurrent.ThreadPoolExecutor@76e18451[Terminated, pool size = 0, active threads = 0, queued tasks = 0, completed tasks = 0]
	at java.util.concurrent.ThreadPoolExecutor$AbortPolicy.rejectedExecution(ThreadPoolExecutor.java:2063)
	at java.util.concurrent.ThreadPoolExecutor.reject(ThreadPoolExecutor.java:830)
	at java.util.concurrent.ThreadPoolExecutor.execute(ThreadPoolExecutor.java:1379)
	at java.util.concurrent.CompletableFuture.asyncSupplyStage(CompletableFuture.java:1618)
	at java.util.concurrent.CompletableFuture.supplyAsync(CompletableFuture.java:1843)
	at org.apache.ratis.server.impl.RaftServerImpl.executeSubmitServerRequestAsync(RaftServerImpl.java:896)
	at org.apache.ratis.server.impl.RaftServerProxy.lambda$appendEntriesAsync$29(RaftServerProxy.java:655)
	at java.util.concurrent.CompletableFuture.uniComposeStage(CompletableFuture.java:995)
	... 13 more
2024-09-10 06:19:52,305 DEBUG server.RaftServer$Division (RaftServerImpl.java:logAppendEntries(1539)) - s12@group-0052E07B9BEC: appendEntries* s13->s12#98-t2,previous=(t:2, i:98),leaderCommit=97,initializing? false,entries: size=1, first=(t:2, i:99), STATEMACHINELOGENTRY, StateMachineLogEntryProto:4269@client-C7441C59A54E
2024-09-10 06:19:52,306 DEBUG server.RaftServer$Division (RaftServerImpl.java:logAppendEntries(1539)) - s12@group-0052E07B9BEC: appendEntries* reply s13<-s12#98:OK-t2,SUCCESS,nextIndex=100,followerCommit=97,matchIndex=99
2024-09-10 06:19:52,306 INFO  leader.LogAppender (LogAppenderBase.java:lambda$getNextIndexForError$0(219)) - Decrease nextIndex to 37
2024-09-10 06:19:52,306 INFO  leader.LogAppender (LogAppenderBase.java:lambda$getNextIndexForError$0(219)) - Decrease nextIndex to 37
2024-09-10 06:19:52,306 INFO  leader.FollowerInfo (FollowerInfoImpl.java:info(70)) - s13@group-0052E07B9BEC->s11: computeNextIndex nextIndex: updateUnconditionally 99 -> 37
2024-09-10 06:19:52,307 INFO  statemachine.StateMachine (ArithmeticStateMachine.java:applyTransaction(181)) - LEADER:s13-99: a = 39 = 39
2024-09-10 06:19:52,308 DEBUG server.RaftServer$Division (RaftServerImpl.java:logAppendEntries(1539)) - s12@group-0052E07B9BEC: appendEntries* s13->s12#101-t2,previous=(t:2, i:99),leaderCommit=99,initializing? false,entries: size=1, first=(t:2, i:100), METADATAENTRY(c:99)
2024-09-10 06:19:52,309 DEBUG server.RaftServer$Division (RaftServerImpl.java:logAppendEntries(1539)) - s12@group-0052E07B9BEC: appendEntries* reply s13<-s12#101:OK-t2,SUCCESS,nextIndex=101,followerCommit=99,matchIndex=100
2024-09-10 06:19:52,310 DEBUG server.RaftServer$Division (RaftServerImpl.java:submitClientRequestAsync(910)) - s13@group-0052E07B9BEC: receive client request(RaftClientRequest:client-C7441C59A54E->s13@group-0052E07B9BEC, cid=4270, seq=null, RW, Message:010162024087c0000000...(size=12))
2024-09-10 06:19:52,310 DEBUG server.RaftServer$Division (LeaderStateImpl.java:addPendingRequest(532)) - s13@group-0052E07B9BEC-LeaderStateImpl: addPendingRequest at RaftClientRequest:client-C7441C59A54E->s13@group-0052E07B9BEC, cid=4270, seq=null, RW, Message:010162024087c0000000...(size=12), entry=(t:2, i:101), STATEMACHINELOGENTRY, WRITE: logData.size=12, stateMachineData.size=0, logEntryProtoSerializedSize=0
2024-09-10 06:19:52,311 WARN  server.GrpcServerProtocolService (LogUtils.java:warn(123)) - s11: Failed APPEND_ENTRIES request cid=76, isHeartbeat? false
java.util.concurrent.CompletionException: java.util.concurrent.RejectedExecutionException: Task java.util.concurrent.CompletableFuture$AsyncSupply@2d3233e6 rejected from java.util.concurrent.ThreadPoolExecutor@76e18451[Terminated, pool size = 0, active threads = 0, queued tasks = 0, completed tasks = 0]
	at java.util.concurrent.CompletableFuture.encodeThrowable(CompletableFuture.java:273)
	at java.util.concurrent.CompletableFuture.uniComposeStage(CompletableFuture.java:1005)
	at java.util.concurrent.CompletableFuture.thenCompose(CompletableFuture.java:2137)
	at org.apache.ratis.server.impl.RaftServerProxy.appendEntriesAsync(RaftServerProxy.java:655)
	at org.apache.ratis.grpc.server.GrpcServerProtocolService$1.process(GrpcServerProtocolService.java:307)
	at org.apache.ratis.grpc.server.GrpcServerProtocolService$ServerRequestStreamObserver.onNext(GrpcServerProtocolService.java:174)
	at org.apache.ratis.thirdparty.io.grpc.stub.ServerCalls$StreamingServerCallHandler$StreamingServerCallListener.onMessage(ServerCalls.java:262)
	at org.apache.ratis.thirdparty.io.grpc.internal.ServerCallImpl$ServerStreamListenerImpl.messagesAvailableInternal(ServerCallImpl.java:329)
	at org.apache.ratis.thirdparty.io.grpc.internal.ServerCallImpl$ServerStreamListenerImpl.messagesAvailable(ServerCallImpl.java:314)
	at org.apache.ratis.thirdparty.io.grpc.internal.ServerImpl$JumpToApplicationThreadServerStreamListener$1MessagesAvailable.runInContext(ServerImpl.java:833)
	at org.apache.ratis.thirdparty.io.grpc.internal.ContextRunnable.run(ContextRunnable.java:37)
	at org.apache.ratis.thirdparty.io.grpc.internal.SerializingExecutor.run(SerializingExecutor.java:133)
	at java.util.concurrent.ThreadPoolExecutor.runWorker(ThreadPoolExecutor.java:1149)
	at java.util.concurrent.ThreadPoolExecutor$Worker.run(ThreadPoolExecutor.java:624)
	at java.lang.Thread.run(Thread.java:750)
Caused by: java.util.concurrent.RejectedExecutionException: Task java.util.concurrent.CompletableFuture$AsyncSupply@2d3233e6 rejected from java.util.concurrent.ThreadPoolExecutor@76e18451[Terminated, pool size = 0, active threads = 0, queued tasks = 0, completed tasks = 0]
	at java.util.concurrent.ThreadPoolExecutor$AbortPolicy.rejectedExecution(ThreadPoolExecutor.java:2063)
	at java.util.concurrent.ThreadPoolExecutor.reject(ThreadPoolExecutor.java:830)
	at java.util.concurrent.ThreadPoolExecutor.execute(ThreadPoolExecutor.java:1379)
	at java.util.concurrent.CompletableFuture.asyncSupplyStage(CompletableFuture.java:1618)
	at java.util.concurrent.CompletableFuture.supplyAsync(CompletableFuture.java:1843)
	at org.apache.ratis.server.impl.RaftServerImpl.executeSubmitServerRequestAsync(RaftServerImpl.java:896)
	at org.apache.ratis.server.impl.RaftServerProxy.lambda$appendEntriesAsync$29(RaftServerProxy.java:655)
	at java.util.concurrent.CompletableFuture.uniComposeStage(CompletableFuture.java:995)
	... 13 more
2024-09-10 06:19:52,313 DEBUG server.RaftServer$Division (RaftServerImpl.java:logAppendEntries(1539)) - s12@group-0052E07B9BEC: appendEntries* s13->s12#103-t2,previous=(t:2, i:100),leaderCommit=100,initializing? false,entries: size=1, first=(t:2, i:101), STATEMACHINELOGENTRY, StateMachineLogEntryProto:4270@client-C7441C59A54E
2024-09-10 06:19:52,314 DEBUG server.RaftServer$Division (RaftServerImpl.java:logAppendEntries(1539)) - s12@group-0052E07B9BEC: appendEntries* reply s13<-s12#103:OK-t2,SUCCESS,nextIndex=102,followerCommit=100,matchIndex=101
2024-09-10 06:19:52,315 INFO  leader.LogAppender (LogAppenderBase.java:lambda$getNextIndexForError$0(219)) - Decrease nextIndex to 37
2024-09-10 06:19:52,315 INFO  leader.LogAppender (LogAppenderBase.java:lambda$getNextIndexForError$0(219)) - Decrease nextIndex to 37
2024-09-10 06:19:52,315 INFO  leader.FollowerInfo (FollowerInfoImpl.java:info(70)) - s13@group-0052E07B9BEC->s11: computeNextIndex nextIndex: updateUnconditionally 101 -> 37
2024-09-10 06:19:52,315 INFO  statemachine.StateMachine (ArithmeticStateMachine.java:applyTransaction(181)) - LEADER:s13-101: b = 760 = 760
2024-09-10 06:19:52,318 DEBUG server.RaftServer$Division (RaftServerImpl.java:submitClientRequestAsync(910)) - s13@group-0052E07B9BEC: receive client request(RaftClientRequest:client-C7441C59A54E->s13@group-0052E07B9BEC, cid=4271, seq=null, RW, Message:01016304010300040201...(size=17))
2024-09-10 06:19:52,318 DEBUG server.RaftServer$Division (RaftServerImpl.java:logAppendEntries(1539)) - s12@group-0052E07B9BEC: appendEntries* s13->s12#104-t2,previous=(t:2, i:101),leaderCommit=101,initializing? false,entries: size=1, first=(t:2, i:102), METADATAENTRY(c:101)
2024-09-10 06:19:52,318 DEBUG server.RaftServer$Division (LeaderStateImpl.java:addPendingRequest(532)) - s13@group-0052E07B9BEC-LeaderStateImpl: addPendingRequest at RaftClientRequest:client-C7441C59A54E->s13@group-0052E07B9BEC, cid=4271, seq=null, RW, Message:01016304010300040201...(size=17), entry=(t:2, i:103), STATEMACHINELOGENTRY, WRITE: logData.size=17, stateMachineData.size=0, logEntryProtoSerializedSize=0
2024-09-10 06:19:52,319 DEBUG server.RaftServer$Division (RaftServerImpl.java:logAppendEntries(1539)) - s12@group-0052E07B9BEC: appendEntries* reply s13<-s12#104:OK-t2,SUCCESS,nextIndex=103,followerCommit=101,matchIndex=102
2024-09-10 06:19:52,319 WARN  server.GrpcServerProtocolService (LogUtils.java:warn(123)) - s11: Failed APPEND_ENTRIES request cid=78, isHeartbeat? false
java.util.concurrent.CompletionException: java.util.concurrent.RejectedExecutionException: Task java.util.concurrent.CompletableFuture$AsyncSupply@32df3a0c rejected from java.util.concurrent.ThreadPoolExecutor@76e18451[Terminated, pool size = 0, active threads = 0, queued tasks = 0, completed tasks = 0]
	at java.util.concurrent.CompletableFuture.encodeThrowable(CompletableFuture.java:273)
	at java.util.concurrent.CompletableFuture.uniComposeStage(CompletableFuture.java:1005)
	at java.util.concurrent.CompletableFuture.thenCompose(CompletableFuture.java:2137)
	at org.apache.ratis.server.impl.RaftServerProxy.appendEntriesAsync(RaftServerProxy.java:655)
	at org.apache.ratis.grpc.server.GrpcServerProtocolService$1.process(GrpcServerProtocolService.java:307)
	at org.apache.ratis.grpc.server.GrpcServerProtocolService$ServerRequestStreamObserver.onNext(GrpcServerProtocolService.java:174)
	at org.apache.ratis.thirdparty.io.grpc.stub.ServerCalls$StreamingServerCallHandler$StreamingServerCallListener.onMessage(ServerCalls.java:262)
	at org.apache.ratis.thirdparty.io.grpc.internal.ServerCallImpl$ServerStreamListenerImpl.messagesAvailableInternal(ServerCallImpl.java:329)
	at org.apache.ratis.thirdparty.io.grpc.internal.ServerCallImpl$ServerStreamListenerImpl.messagesAvailable(ServerCallImpl.java:314)
	at org.apache.ratis.thirdparty.io.grpc.internal.ServerImpl$JumpToApplicationThreadServerStreamListener$1MessagesAvailable.runInContext(ServerImpl.java:833)
	at org.apache.ratis.thirdparty.io.grpc.internal.ContextRunnable.run(ContextRunnable.java:37)
	at org.apache.ratis.thirdparty.io.grpc.internal.SerializingExecutor.run(SerializingExecutor.java:133)
	at java.util.concurrent.ThreadPoolExecutor.runWorker(ThreadPoolExecutor.java:1149)
	at java.util.concurrent.ThreadPoolExecutor$Worker.run(ThreadPoolExecutor.java:624)
	at java.lang.Thread.run(Thread.java:750)
Caused by: java.util.concurrent.RejectedExecutionException: Task java.util.concurrent.CompletableFuture$AsyncSupply@32df3a0c rejected from java.util.concurrent.ThreadPoolExecutor@76e18451[Terminated, pool size = 0, active threads = 0, queued tasks = 0, completed tasks = 0]
	at java.util.concurrent.ThreadPoolExecutor$AbortPolicy.rejectedExecution(ThreadPoolExecutor.java:2063)
	at java.util.concurrent.ThreadPoolExecutor.reject(ThreadPoolExecutor.java:830)
	at java.util.concurrent.ThreadPoolExecutor.execute(ThreadPoolExecutor.java:1379)
	at java.util.concurrent.CompletableFuture.asyncSupplyStage(CompletableFuture.java:1618)
	at java.util.concurrent.CompletableFuture.supplyAsync(CompletableFuture.java:1843)
	at org.apache.ratis.server.impl.RaftServerImpl.executeSubmitServerRequestAsync(RaftServerImpl.java:896)
	at org.apache.ratis.server.impl.RaftServerProxy.lambda$appendEntriesAsync$29(RaftServerProxy.java:655)
	at java.util.concurrent.CompletableFuture.uniComposeStage(CompletableFuture.java:995)
	... 13 more
2024-09-10 06:19:52,321 DEBUG server.RaftServer$Division (RaftServerImpl.java:logAppendEntries(1539)) - s12@group-0052E07B9BEC: appendEntries* s13->s12#105-t2,previous=(t:2, i:102),leaderCommit=101,initializing? false,entries: size=1, first=(t:2, i:103), STATEMACHINELOGENTRY, StateMachineLogEntryProto:4271@client-C7441C59A54E
2024-09-10 06:19:52,321 DEBUG server.RaftServer$Division (RaftServerImpl.java:logAppendEntries(1539)) - s12@group-0052E07B9BEC: appendEntries* reply s13<-s12#105:OK-t2,SUCCESS,nextIndex=104,followerCommit=101,matchIndex=103
2024-09-10 06:19:52,322 INFO  statemachine.StateMachine (ArithmeticStateMachine.java:applyTransaction(181)) - LEADER:s13-103: c = √(a^2 + b^2) = 761
2024-09-10 06:19:52,325 DEBUG server.RaftServer$Division (RaftServerImpl.java:submitClientRequestAsync(910)) - s13@group-0052E07B9BEC: receive client request(RaftClientRequest:client-C7441C59A54E->s13@group-0052E07B9BEC, cid=4272, seq=null, RW, Message:01016100)
2024-09-10 06:19:52,325 INFO  leader.LogAppender (LogAppenderBase.java:lambda$getNextIndexForError$0(219)) - Decrease nextIndex to 37
2024-09-10 06:19:52,325 INFO  leader.LogAppender (LogAppenderBase.java:lambda$getNextIndexForError$0(219)) - Decrease nextIndex to 37
2024-09-10 06:19:52,325 INFO  leader.FollowerInfo (FollowerInfoImpl.java:info(70)) - s13@group-0052E07B9BEC->s11: computeNextIndex nextIndex: updateUnconditionally 103 -> 37
2024-09-10 06:19:52,325 DEBUG server.RaftServer$Division (LeaderStateImpl.java:addPendingRequest(532)) - s13@group-0052E07B9BEC-LeaderStateImpl: addPendingRequest at RaftClientRequest:client-C7441C59A54E->s13@group-0052E07B9BEC, cid=4272, seq=null, RW, Message:01016100, entry=(t:2, i:105), STATEMACHINELOGENTRY, WRITE: logData.size=4, stateMachineData.size=0, logEntryProtoSerializedSize=0
2024-09-10 06:19:52,325 DEBUG server.RaftServer$Division (RaftServerImpl.java:logAppendEntries(1539)) - s12@group-0052E07B9BEC: appendEntries* s13->s12#108-t2,previous=(t:2, i:103),leaderCommit=103,initializing? false,entries: size=1, first=(t:2, i:104), METADATAENTRY(c:103)
2024-09-10 06:19:52,326 DEBUG server.RaftServer$Division (RaftServerImpl.java:logAppendEntries(1539)) - s12@group-0052E07B9BEC: appendEntries* reply s13<-s12#108:OK-t2,SUCCESS,nextIndex=105,followerCommit=103,matchIndex=104
2024-09-10 06:19:52,328 DEBUG server.RaftServer$Division (RaftServerImpl.java:logAppendEntries(1539)) - s12@group-0052E07B9BEC: appendEntries* s13->s12#109-t2,previous=(t:2, i:104),leaderCommit=103,initializing? false,entries: size=1, first=(t:2, i:105), STATEMACHINELOGENTRY, StateMachineLogEntryProto:4272@client-C7441C59A54E
2024-09-10 06:19:52,328 WARN  server.GrpcServerProtocolService (LogUtils.java:warn(123)) - s11: Failed APPEND_ENTRIES request cid=81, isHeartbeat? false
java.util.concurrent.CompletionException: java.util.concurrent.RejectedExecutionException: Task java.util.concurrent.CompletableFuture$AsyncSupply@1a186aa5 rejected from java.util.concurrent.ThreadPoolExecutor@76e18451[Terminated, pool size = 0, active threads = 0, queued tasks = 0, completed tasks = 0]
	at java.util.concurrent.CompletableFuture.encodeThrowable(CompletableFuture.java:273)
	at java.util.concurrent.CompletableFuture.uniComposeStage(CompletableFuture.java:1005)
	at java.util.concurrent.CompletableFuture.thenCompose(CompletableFuture.java:2137)
	at org.apache.ratis.server.impl.RaftServerProxy.appendEntriesAsync(RaftServerProxy.java:655)
	at org.apache.ratis.grpc.server.GrpcServerProtocolService$1.process(GrpcServerProtocolService.java:307)
	at org.apache.ratis.grpc.server.GrpcServerProtocolService$ServerRequestStreamObserver.onNext(GrpcServerProtocolService.java:174)
	at org.apache.ratis.thirdparty.io.grpc.stub.ServerCalls$StreamingServerCallHandler$StreamingServerCallListener.onMessage(ServerCalls.java:262)
	at org.apache.ratis.thirdparty.io.grpc.internal.ServerCallImpl$ServerStreamListenerImpl.messagesAvailableInternal(ServerCallImpl.java:329)
	at org.apache.ratis.thirdparty.io.grpc.internal.ServerCallImpl$ServerStreamListenerImpl.messagesAvailable(ServerCallImpl.java:314)
	at org.apache.ratis.thirdparty.io.grpc.internal.ServerImpl$JumpToApplicationThreadServerStreamListener$1MessagesAvailable.runInContext(ServerImpl.java:833)
	at org.apache.ratis.thirdparty.io.grpc.internal.ContextRunnable.run(ContextRunnable.java:37)
	at org.apache.ratis.thirdparty.io.grpc.internal.SerializingExecutor.run(SerializingExecutor.java:133)
	at java.util.concurrent.ThreadPoolExecutor.runWorker(ThreadPoolExecutor.java:1149)
	at java.util.concurrent.ThreadPoolExecutor$Worker.run(ThreadPoolExecutor.java:624)
	at java.lang.Thread.run(Thread.java:750)
Caused by: java.util.concurrent.RejectedExecutionException: Task java.util.concurrent.CompletableFuture$AsyncSupply@1a186aa5 rejected from java.util.concurrent.ThreadPoolExecutor@76e18451[Terminated, pool size = 0, active threads = 0, queued tasks = 0, completed tasks = 0]
	at java.util.concurrent.ThreadPoolExecutor$AbortPolicy.rejectedExecution(ThreadPoolExecutor.java:2063)
	at java.util.concurrent.ThreadPoolExecutor.reject(ThreadPoolExecutor.java:830)
	at java.util.concurrent.ThreadPoolExecutor.execute(ThreadPoolExecutor.java:1379)
	at java.util.concurrent.CompletableFuture.asyncSupplyStage(CompletableFuture.java:1618)
	at java.util.concurrent.CompletableFuture.supplyAsync(CompletableFuture.java:1843)
	at org.apache.ratis.server.impl.RaftServerImpl.executeSubmitServerRequestAsync(RaftServerImpl.java:896)
	at org.apache.ratis.server.impl.RaftServerProxy.lambda$appendEntriesAsync$29(RaftServerProxy.java:655)
	at java.util.concurrent.CompletableFuture.uniComposeStage(CompletableFuture.java:995)
	... 13 more
2024-09-10 06:19:52,330 DEBUG server.RaftServer$Division (RaftServerImpl.java:logAppendEntries(1539)) - s12@group-0052E07B9BEC: appendEntries* reply s13<-s12#109:OK-t2,SUCCESS,nextIndex=106,followerCommit=103,matchIndex=105
2024-09-10 06:19:52,332 INFO  leader.LogAppender (LogAppenderBase.java:lambda$getNextIndexForError$0(219)) - Decrease nextIndex to 37
2024-09-10 06:19:52,332 INFO  leader.LogAppender (LogAppenderBase.java:lambda$getNextIndexForError$0(219)) - Decrease nextIndex to 37
2024-09-10 06:19:52,332 INFO  leader.FollowerInfo (FollowerInfoImpl.java:info(70)) - s13@group-0052E07B9BEC->s11: computeNextIndex nextIndex: updateUnconditionally 106 -> 37
2024-09-10 06:19:52,333 INFO  statemachine.StateMachine (ArithmeticStateMachine.java:applyTransaction(181)) - LEADER:s13-105: a = null = null
2024-09-10 06:19:52,335 DEBUG server.RaftServer$Division (RaftServerImpl.java:submitClientRequestAsync(910)) - s13@group-0052E07B9BEC: receive client request(RaftClientRequest:client-C7441C59A54E->s13@group-0052E07B9BEC, cid=4273, seq=null, RW, Message:01016200)
2024-09-10 06:19:52,336 DEBUG server.RaftServer$Division (LeaderStateImpl.java:addPendingRequest(532)) - s13@group-0052E07B9BEC-LeaderStateImpl: addPendingRequest at RaftClientRequest:client-C7441C59A54E->s13@group-0052E07B9BEC, cid=4273, seq=null, RW, Message:01016200, entry=(t:2, i:107), STATEMACHINELOGENTRY, WRITE: logData.size=4, stateMachineData.size=0, logEntryProtoSerializedSize=0
2024-09-10 06:19:52,336 DEBUG server.RaftServer$Division (RaftServerImpl.java:logAppendEntries(1539)) - s12@group-0052E07B9BEC: appendEntries* s13->s12#112-t2,previous=(t:2, i:105),leaderCommit=105,initializing? false,entries: size=1, first=(t:2, i:106), METADATAENTRY(c:105)
2024-09-10 06:19:52,336 DEBUG server.RaftServer$Division (RaftServerImpl.java:logAppendEntries(1539)) - s12@group-0052E07B9BEC: appendEntries* reply s13<-s12#112:OK-t2,SUCCESS,nextIndex=107,followerCommit=105,matchIndex=106
2024-09-10 06:19:52,337 DEBUG server.RaftServer$Division (RaftServerImpl.java:logAppendEntries(1539)) - s12@group-0052E07B9BEC: appendEntries* s13->s12#113-t2,previous=(t:2, i:106),leaderCommit=105,initializing? false,entries: size=1, first=(t:2, i:107), STATEMACHINELOGENTRY, StateMachineLogEntryProto:4273@client-C7441C59A54E
2024-09-10 06:19:52,337 DEBUG server.RaftServer$Division (RaftServerImpl.java:logAppendEntries(1539)) - s12@group-0052E07B9BEC: appendEntries* reply s13<-s12#113:OK-t2,SUCCESS,nextIndex=108,followerCommit=105,matchIndex=107
2024-09-10 06:19:52,338 WARN  server.GrpcServerProtocolService (LogUtils.java:warn(123)) - s11: Failed APPEND_ENTRIES request cid=83, isHeartbeat? false
java.util.concurrent.CompletionException: java.util.concurrent.RejectedExecutionException: Task java.util.concurrent.CompletableFuture$AsyncSupply@3ee07fa1 rejected from java.util.concurrent.ThreadPoolExecutor@76e18451[Terminated, pool size = 0, active threads = 0, queued tasks = 0, completed tasks = 0]
	at java.util.concurrent.CompletableFuture.encodeThrowable(CompletableFuture.java:273)
	at java.util.concurrent.CompletableFuture.uniComposeStage(CompletableFuture.java:1005)
	at java.util.concurrent.CompletableFuture.thenCompose(CompletableFuture.java:2137)
	at org.apache.ratis.server.impl.RaftServerProxy.appendEntriesAsync(RaftServerProxy.java:655)
	at org.apache.ratis.grpc.server.GrpcServerProtocolService$1.process(GrpcServerProtocolService.java:307)
	at org.apache.ratis.grpc.server.GrpcServerProtocolService$ServerRequestStreamObserver.onNext(GrpcServerProtocolService.java:174)
	at org.apache.ratis.thirdparty.io.grpc.stub.ServerCalls$StreamingServerCallHandler$StreamingServerCallListener.onMessage(ServerCalls.java:262)
	at org.apache.ratis.thirdparty.io.grpc.internal.ServerCallImpl$ServerStreamListenerImpl.messagesAvailableInternal(ServerCallImpl.java:329)
	at org.apache.ratis.thirdparty.io.grpc.internal.ServerCallImpl$ServerStreamListenerImpl.messagesAvailable(ServerCallImpl.java:314)
	at org.apache.ratis.thirdparty.io.grpc.internal.ServerImpl$JumpToApplicationThreadServerStreamListener$1MessagesAvailable.runInContext(ServerImpl.java:833)
	at org.apache.ratis.thirdparty.io.grpc.internal.ContextRunnable.run(ContextRunnable.java:37)
	at org.apache.ratis.thirdparty.io.grpc.internal.SerializingExecutor.run(SerializingExecutor.java:133)
	at java.util.concurrent.ThreadPoolExecutor.runWorker(ThreadPoolExecutor.java:1149)
	at java.util.concurrent.ThreadPoolExecutor$Worker.run(ThreadPoolExecutor.java:624)
	at java.lang.Thread.run(Thread.java:750)
Caused by: java.util.concurrent.RejectedExecutionException: Task java.util.concurrent.CompletableFuture$AsyncSupply@3ee07fa1 rejected from java.util.concurrent.ThreadPoolExecutor@76e18451[Terminated, pool size = 0, active threads = 0, queued tasks = 0, completed tasks = 0]
	at java.util.concurrent.ThreadPoolExecutor$AbortPolicy.rejectedExecution(ThreadPoolExecutor.java:2063)
	at java.util.concurrent.ThreadPoolExecutor.reject(ThreadPoolExecutor.java:830)
	at java.util.concurrent.ThreadPoolExecutor.execute(ThreadPoolExecutor.java:1379)
	at java.util.concurrent.CompletableFuture.asyncSupplyStage(CompletableFuture.java:1618)
	at java.util.concurrent.CompletableFuture.supplyAsync(CompletableFuture.java:1843)
	at org.apache.ratis.server.impl.RaftServerImpl.executeSubmitServerRequestAsync(RaftServerImpl.java:896)
	at org.apache.ratis.server.impl.RaftServerProxy.lambda$appendEntriesAsync$29(RaftServerProxy.java:655)
	at java.util.concurrent.CompletableFuture.uniComposeStage(CompletableFuture.java:995)
	... 13 more
2024-09-10 06:19:52,338 INFO  statemachine.StateMachine (ArithmeticStateMachine.java:applyTransaction(181)) - LEADER:s13-107: b = null = null
2024-09-10 06:19:52,341 DEBUG server.RaftServer$Division (RaftServerImpl.java:submitClientRequestAsync(910)) - s13@group-0052E07B9BEC: receive client request(RaftClientRequest:client-C7441C59A54E->s13@group-0052E07B9BEC, cid=4274, seq=null, RW, Message:01016300)
2024-09-10 06:19:52,341 DEBUG server.RaftServer$Division (LeaderStateImpl.java:addPendingRequest(532)) - s13@group-0052E07B9BEC-LeaderStateImpl: addPendingRequest at RaftClientRequest:client-C7441C59A54E->s13@group-0052E07B9BEC, cid=4274, seq=null, RW, Message:01016300, entry=(t:2, i:109), STATEMACHINELOGENTRY, WRITE: logData.size=4, stateMachineData.size=0, logEntryProtoSerializedSize=0
2024-09-10 06:19:52,342 INFO  leader.LogAppender (LogAppenderBase.java:lambda$getNextIndexForError$0(219)) - Decrease nextIndex to 37
2024-09-10 06:19:52,342 INFO  leader.LogAppender (LogAppenderBase.java:lambda$getNextIndexForError$0(219)) - Decrease nextIndex to 37
2024-09-10 06:19:52,342 INFO  leader.FollowerInfo (FollowerInfoImpl.java:info(70)) - s13@group-0052E07B9BEC->s11: computeNextIndex nextIndex: updateUnconditionally 107 -> 37
2024-09-10 06:19:52,345 DEBUG server.RaftServer$Division (RaftServerImpl.java:logAppendEntries(1539)) - s12@group-0052E07B9BEC: appendEntries* s13->s12#114-t2,previous=(t:2, i:107),leaderCommit=107,initializing? false,entries: size=1, first=(t:2, i:108), METADATAENTRY(c:107)
2024-09-10 06:19:52,345 DEBUG server.RaftServer$Division (RaftServerImpl.java:logAppendEntries(1539)) - s12@group-0052E07B9BEC: appendEntries* s13->s12#115-t2,previous=(t:2, i:108),leaderCommit=107,initializing? false,entries: size=1, first=(t:2, i:109), STATEMACHINELOGENTRY, StateMachineLogEntryProto:4274@client-C7441C59A54E
2024-09-10 06:19:52,346 DEBUG server.RaftServer$Division (RaftServerImpl.java:logAppendEntries(1539)) - s12@group-0052E07B9BEC: appendEntries* reply s13<-s12#114:OK-t2,SUCCESS,nextIndex=109,followerCommit=107,matchIndex=108
2024-09-10 06:19:52,346 DEBUG server.RaftServer$Division (RaftServerImpl.java:logAppendEntries(1539)) - s12@group-0052E07B9BEC: appendEntries* reply s13<-s12#115:OK-t2,SUCCESS,nextIndex=110,followerCommit=107,matchIndex=109
2024-09-10 06:19:52,348 INFO  statemachine.StateMachine (ArithmeticStateMachine.java:applyTransaction(181)) - LEADER:s13-109: c = null = null
2024-09-10 06:19:52,349 DEBUG server.RaftServer$Division (RaftServerImpl.java:logAppendEntries(1539)) - s12@group-0052E07B9BEC: appendEntries* s13->s12#117-t2,previous=(t:2, i:109),leaderCommit=109,initializing? false,entries: size=1, first=(t:2, i:110), METADATAENTRY(c:109)
2024-09-10 06:19:52,349 DEBUG server.RaftServer$Division (RaftServerImpl.java:logAppendEntries(1539)) - s12@group-0052E07B9BEC: appendEntries* reply s13<-s12#117:OK-t2,SUCCESS,nextIndex=111,followerCommit=109,matchIndex=110
2024-09-10 06:19:52,351 DEBUG server.RaftServer$Division (RaftServerImpl.java:submitClientRequestAsync(910)) - s13@group-0052E07B9BEC: receive client request(RaftClientRequest:client-C7441C59A54E->s13@group-0052E07B9BEC, cid=4275, seq=null, RW, Message:01016102404480000000...(size=12))
2024-09-10 06:19:52,352 DEBUG server.RaftServer$Division (LeaderStateImpl.java:addPendingRequest(532)) - s13@group-0052E07B9BEC-LeaderStateImpl: addPendingRequest at RaftClientRequest:client-C7441C59A54E->s13@group-0052E07B9BEC, cid=4275, seq=null, RW, Message:01016102404480000000...(size=12), entry=(t:2, i:111), STATEMACHINELOGENTRY, WRITE: logData.size=12, stateMachineData.size=0, logEntryProtoSerializedSize=0
2024-09-10 06:19:52,352 WARN  server.GrpcServerProtocolService (LogUtils.java:warn(123)) - s11: Failed APPEND_ENTRIES request cid=87, isHeartbeat? false
java.util.concurrent.CompletionException: java.util.concurrent.RejectedExecutionException: Task java.util.concurrent.CompletableFuture$AsyncSupply@71e21348 rejected from java.util.concurrent.ThreadPoolExecutor@76e18451[Terminated, pool size = 0, active threads = 0, queued tasks = 0, completed tasks = 0]
	at java.util.concurrent.CompletableFuture.encodeThrowable(CompletableFuture.java:273)
	at java.util.concurrent.CompletableFuture.uniComposeStage(CompletableFuture.java:1005)
	at java.util.concurrent.CompletableFuture.thenCompose(CompletableFuture.java:2137)
	at org.apache.ratis.server.impl.RaftServerProxy.appendEntriesAsync(RaftServerProxy.java:655)
	at org.apache.ratis.grpc.server.GrpcServerProtocolService$1.process(GrpcServerProtocolService.java:307)
	at org.apache.ratis.grpc.server.GrpcServerProtocolService$ServerRequestStreamObserver.onNext(GrpcServerProtocolService.java:174)
	at org.apache.ratis.thirdparty.io.grpc.stub.ServerCalls$StreamingServerCallHandler$StreamingServerCallListener.onMessage(ServerCalls.java:262)
	at org.apache.ratis.thirdparty.io.grpc.internal.ServerCallImpl$ServerStreamListenerImpl.messagesAvailableInternal(ServerCallImpl.java:329)
	at org.apache.ratis.thirdparty.io.grpc.internal.ServerCallImpl$ServerStreamListenerImpl.messagesAvailable(ServerCallImpl.java:314)
	at org.apache.ratis.thirdparty.io.grpc.internal.ServerImpl$JumpToApplicationThreadServerStreamListener$1MessagesAvailable.runInContext(ServerImpl.java:833)
	at org.apache.ratis.thirdparty.io.grpc.internal.ContextRunnable.run(ContextRunnable.java:37)
	at org.apache.ratis.thirdparty.io.grpc.internal.SerializingExecutor.run(SerializingExecutor.java:133)
	at java.util.concurrent.ThreadPoolExecutor.runWorker(ThreadPoolExecutor.java:1149)
	at java.util.concurrent.ThreadPoolExecutor$Worker.run(ThreadPoolExecutor.java:624)
	at java.lang.Thread.run(Thread.java:750)
Caused by: java.util.concurrent.RejectedExecutionException: Task java.util.concurrent.CompletableFuture$AsyncSupply@71e21348 rejected from java.util.concurrent.ThreadPoolExecutor@76e18451[Terminated, pool size = 0, active threads = 0, queued tasks = 0, completed tasks = 0]
	at java.util.concurrent.ThreadPoolExecutor$AbortPolicy.rejectedExecution(ThreadPoolExecutor.java:2063)
	at java.util.concurrent.ThreadPoolExecutor.reject(ThreadPoolExecutor.java:830)
	at java.util.concurrent.ThreadPoolExecutor.execute(ThreadPoolExecutor.java:1379)
	at java.util.concurrent.CompletableFuture.asyncSupplyStage(CompletableFuture.java:1618)
	at java.util.concurrent.CompletableFuture.supplyAsync(CompletableFuture.java:1843)
	at org.apache.ratis.server.impl.RaftServerImpl.executeSubmitServerRequestAsync(RaftServerImpl.java:896)
	at org.apache.ratis.server.impl.RaftServerProxy.lambda$appendEntriesAsync$29(RaftServerProxy.java:655)
	at java.util.concurrent.CompletableFuture.uniComposeStage(CompletableFuture.java:995)
	... 13 more
2024-09-10 06:19:52,354 DEBUG server.RaftServer$Division (RaftServerImpl.java:logAppendEntries(1539)) - s12@group-0052E07B9BEC: appendEntries* s13->s12#119-t2,previous=(t:2, i:110),leaderCommit=110,initializing? false,entries: size=1, first=(t:2, i:111), STATEMACHINELOGENTRY, StateMachineLogEntryProto:4275@client-C7441C59A54E
2024-09-10 06:19:52,355 DEBUG server.RaftServer$Division (RaftServerImpl.java:logAppendEntries(1539)) - s12@group-0052E07B9BEC: appendEntries* reply s13<-s12#119:OK-t2,SUCCESS,nextIndex=112,followerCommit=110,matchIndex=111
2024-09-10 06:19:52,356 INFO  statemachine.StateMachine (ArithmeticStateMachine.java:applyTransaction(181)) - LEADER:s13-111: a = 41 = 41
2024-09-10 06:19:52,356 DEBUG server.RaftServer$Division (RaftServerImpl.java:logAppendEntries(1539)) - s12@group-0052E07B9BEC: appendEntries* s13->s12#120-t2,previous=(t:2, i:111),leaderCommit=111,initializing? false,entries: size=1, first=(t:2, i:112), METADATAENTRY(c:111)
2024-09-10 06:19:52,357 DEBUG server.RaftServer$Division (RaftServerImpl.java:logAppendEntries(1539)) - s12@group-0052E07B9BEC: appendEntries* reply s13<-s12#120:OK-t2,SUCCESS,nextIndex=113,followerCommit=111,matchIndex=112
2024-09-10 06:19:52,359 DEBUG server.RaftServer$Division (RaftServerImpl.java:submitClientRequestAsync(910)) - s13@group-0052E07B9BEC: receive client request(RaftClientRequest:client-C7441C59A54E->s13@group-0052E07B9BEC, cid=4276, seq=null, RW, Message:01016202408a40000000...(size=12))
2024-09-10 06:19:52,359 DEBUG server.RaftServer$Division (LeaderStateImpl.java:addPendingRequest(532)) - s13@group-0052E07B9BEC-LeaderStateImpl: addPendingRequest at RaftClientRequest:client-C7441C59A54E->s13@group-0052E07B9BEC, cid=4276, seq=null, RW, Message:01016202408a40000000...(size=12), entry=(t:2, i:113), STATEMACHINELOGENTRY, WRITE: logData.size=12, stateMachineData.size=0, logEntryProtoSerializedSize=0
2024-09-10 06:19:52,360 DEBUG server.RaftServer$Division (RaftServerImpl.java:logAppendEntries(1539)) - s12@group-0052E07B9BEC: appendEntries* s13->s12#122-t2,previous=(t:2, i:112),leaderCommit=112,initializing? false,entries: size=1, first=(t:2, i:113), STATEMACHINELOGENTRY, StateMachineLogEntryProto:4276@client-C7441C59A54E
2024-09-10 06:19:52,360 DEBUG server.RaftServer$Division (RaftServerImpl.java:logAppendEntries(1539)) - s12@group-0052E07B9BEC: appendEntries* reply s13<-s12#122:OK-t2,SUCCESS,nextIndex=114,followerCommit=112,matchIndex=113
2024-09-10 06:19:52,361 INFO  leader.LogAppender (LogAppenderBase.java:lambda$getNextIndexForError$0(219)) - Decrease nextIndex to 37
2024-09-10 06:19:52,361 INFO  leader.LogAppender (LogAppenderBase.java:lambda$getNextIndexForError$0(219)) - Decrease nextIndex to 37
2024-09-10 06:19:52,361 INFO  leader.FollowerInfo (FollowerInfoImpl.java:info(70)) - s13@group-0052E07B9BEC->s11: computeNextIndex nextIndex: updateUnconditionally 110 -> 37
2024-09-10 06:19:52,362 INFO  statemachine.StateMachine (ArithmeticStateMachine.java:applyTransaction(181)) - LEADER:s13-113: b = 840 = 840
2024-09-10 06:19:52,364 DEBUG server.RaftServer$Division (RaftServerImpl.java:logAppendEntries(1539)) - s12@group-0052E07B9BEC: appendEntries* s13->s12#123-t2,previous=(t:2, i:113),leaderCommit=113,initializing? false,entries: size=1, first=(t:2, i:114), METADATAENTRY(c:113)
2024-09-10 06:19:52,365 DEBUG server.RaftServer$Division (RaftServerImpl.java:logAppendEntries(1539)) - s12@group-0052E07B9BEC: appendEntries* reply s13<-s12#123:OK-t2,SUCCESS,nextIndex=115,followerCommit=113,matchIndex=114
2024-09-10 06:19:52,365 DEBUG server.RaftServer$Division (RaftServerImpl.java:submitClientRequestAsync(910)) - s13@group-0052E07B9BEC: receive client request(RaftClientRequest:client-C7441C59A54E->s13@group-0052E07B9BEC, cid=4277, seq=null, RW, Message:01016304010300040201...(size=17))
2024-09-10 06:19:52,365 DEBUG server.RaftServer$Division (LeaderStateImpl.java:addPendingRequest(532)) - s13@group-0052E07B9BEC-LeaderStateImpl: addPendingRequest at RaftClientRequest:client-C7441C59A54E->s13@group-0052E07B9BEC, cid=4277, seq=null, RW, Message:01016304010300040201...(size=17), entry=(t:2, i:115), STATEMACHINELOGENTRY, WRITE: logData.size=17, stateMachineData.size=0, logEntryProtoSerializedSize=0
2024-09-10 06:19:52,366 DEBUG server.RaftServer$Division (RaftServerImpl.java:logAppendEntries(1539)) - s12@group-0052E07B9BEC: appendEntries* s13->s12#124-t2,previous=(t:2, i:114),leaderCommit=114,initializing? false,entries: size=1, first=(t:2, i:115), STATEMACHINELOGENTRY, StateMachineLogEntryProto:4277@client-C7441C59A54E
2024-09-10 06:19:52,366 DEBUG server.RaftServer$Division (RaftServerImpl.java:logAppendEntries(1539)) - s12@group-0052E07B9BEC: appendEntries* reply s13<-s12#124:OK-t2,SUCCESS,nextIndex=116,followerCommit=114,matchIndex=115
2024-09-10 06:19:52,367 INFO  statemachine.StateMachine (ArithmeticStateMachine.java:applyTransaction(181)) - LEADER:s13-115: c = √(a^2 + b^2) = 841
2024-09-10 06:19:52,368 DEBUG server.RaftServer$Division (RaftServerImpl.java:logAppendEntries(1539)) - s12@group-0052E07B9BEC: appendEntries* s13->s12#125-t2,previous=(t:2, i:115),leaderCommit=115,initializing? false,entries: size=1, first=(t:2, i:116), METADATAENTRY(c:115)
2024-09-10 06:19:52,368 DEBUG server.RaftServer$Division (RaftServerImpl.java:logAppendEntries(1539)) - s12@group-0052E07B9BEC: appendEntries* reply s13<-s12#125:OK-t2,SUCCESS,nextIndex=117,followerCommit=115,matchIndex=116
2024-09-10 06:19:52,370 DEBUG server.RaftServer$Division (RaftServerImpl.java:submitClientRequestAsync(910)) - s13@group-0052E07B9BEC: receive client request(RaftClientRequest:client-C7441C59A54E->s13@group-0052E07B9BEC, cid=4278, seq=null, RW, Message:01016100)
2024-09-10 06:19:52,371 DEBUG server.RaftServer$Division (LeaderStateImpl.java:addPendingRequest(532)) - s13@group-0052E07B9BEC-LeaderStateImpl: addPendingRequest at RaftClientRequest:client-C7441C59A54E->s13@group-0052E07B9BEC, cid=4278, seq=null, RW, Message:01016100, entry=(t:2, i:117), STATEMACHINELOGENTRY, WRITE: logData.size=4, stateMachineData.size=0, logEntryProtoSerializedSize=0
2024-09-10 06:19:52,371 DEBUG server.RaftServer$Division (RaftServerImpl.java:logAppendEntries(1539)) - s12@group-0052E07B9BEC: appendEntries* s13->s12#129-t2,previous=(t:2, i:116),leaderCommit=116,initializing? false,entries: size=1, first=(t:2, i:117), STATEMACHINELOGENTRY, StateMachineLogEntryProto:4278@client-C7441C59A54E
2024-09-10 06:19:52,372 DEBUG server.RaftServer$Division (RaftServerImpl.java:logAppendEntries(1539)) - s12@group-0052E07B9BEC: appendEntries* reply s13<-s12#129:OK-t2,SUCCESS,nextIndex=118,followerCommit=116,matchIndex=117
2024-09-10 06:19:52,373 INFO  statemachine.StateMachine (ArithmeticStateMachine.java:applyTransaction(181)) - LEADER:s13-117: a = null = null
2024-09-10 06:19:52,374 DEBUG server.RaftServer$Division (RaftServerImpl.java:logAppendEntries(1539)) - s12@group-0052E07B9BEC: appendEntries* s13->s12#130-t2,previous=(t:2, i:117),leaderCommit=117,initializing? false,entries: size=1, first=(t:2, i:118), METADATAENTRY(c:117)
2024-09-10 06:19:52,375 DEBUG server.RaftServer$Division (RaftServerImpl.java:logAppendEntries(1539)) - s12@group-0052E07B9BEC: appendEntries* reply s13<-s12#130:OK-t2,SUCCESS,nextIndex=119,followerCommit=117,matchIndex=118
2024-09-10 06:19:52,375 WARN  server.GrpcServerProtocolService (LogUtils.java:warn(123)) - s11: Failed APPEND_ENTRIES request cid=93, isHeartbeat? false
java.util.concurrent.CompletionException: java.util.concurrent.RejectedExecutionException: Task java.util.concurrent.CompletableFuture$AsyncSupply@213d60c4 rejected from java.util.concurrent.ThreadPoolExecutor@76e18451[Terminated, pool size = 0, active threads = 0, queued tasks = 0, completed tasks = 0]
	at java.util.concurrent.CompletableFuture.encodeThrowable(CompletableFuture.java:273)
	at java.util.concurrent.CompletableFuture.uniComposeStage(CompletableFuture.java:1005)
	at java.util.concurrent.CompletableFuture.thenCompose(CompletableFuture.java:2137)
	at org.apache.ratis.server.impl.RaftServerProxy.appendEntriesAsync(RaftServerProxy.java:655)
	at org.apache.ratis.grpc.server.GrpcServerProtocolService$1.process(GrpcServerProtocolService.java:307)
	at org.apache.ratis.grpc.server.GrpcServerProtocolService$ServerRequestStreamObserver.onNext(GrpcServerProtocolService.java:174)
	at org.apache.ratis.thirdparty.io.grpc.stub.ServerCalls$StreamingServerCallHandler$StreamingServerCallListener.onMessage(ServerCalls.java:262)
	at org.apache.ratis.thirdparty.io.grpc.internal.ServerCallImpl$ServerStreamListenerImpl.messagesAvailableInternal(ServerCallImpl.java:329)
	at org.apache.ratis.thirdparty.io.grpc.internal.ServerCallImpl$ServerStreamListenerImpl.messagesAvailable(ServerCallImpl.java:314)
	at org.apache.ratis.thirdparty.io.grpc.internal.ServerImpl$JumpToApplicationThreadServerStreamListener$1MessagesAvailable.runInContext(ServerImpl.java:833)
	at org.apache.ratis.thirdparty.io.grpc.internal.ContextRunnable.run(ContextRunnable.java:37)
	at org.apache.ratis.thirdparty.io.grpc.internal.SerializingExecutor.run(SerializingExecutor.java:133)
	at java.util.concurrent.ThreadPoolExecutor.runWorker(ThreadPoolExecutor.java:1149)
	at java.util.concurrent.ThreadPoolExecutor$Worker.run(ThreadPoolExecutor.java:624)
	at java.lang.Thread.run(Thread.java:750)
Caused by: java.util.concurrent.RejectedExecutionException: Task java.util.concurrent.CompletableFuture$AsyncSupply@213d60c4 rejected from java.util.concurrent.ThreadPoolExecutor@76e18451[Terminated, pool size = 0, active threads = 0, queued tasks = 0, completed tasks = 0]
	at java.util.concurrent.ThreadPoolExecutor$AbortPolicy.rejectedExecution(ThreadPoolExecutor.java:2063)
	at java.util.concurrent.ThreadPoolExecutor.reject(ThreadPoolExecutor.java:830)
	at java.util.concurrent.ThreadPoolExecutor.execute(ThreadPoolExecutor.java:1379)
	at java.util.concurrent.CompletableFuture.asyncSupplyStage(CompletableFuture.java:1618)
	at java.util.concurrent.CompletableFuture.supplyAsync(CompletableFuture.java:1843)
	at org.apache.ratis.server.impl.RaftServerImpl.executeSubmitServerRequestAsync(RaftServerImpl.java:896)
	at org.apache.ratis.server.impl.RaftServerProxy.lambda$appendEntriesAsync$29(RaftServerProxy.java:655)
	at java.util.concurrent.CompletableFuture.uniComposeStage(CompletableFuture.java:995)
	... 13 more
2024-09-10 06:19:52,376 DEBUG server.RaftServer$Division (RaftServerImpl.java:submitClientRequestAsync(910)) - s13@group-0052E07B9BEC: receive client request(RaftClientRequest:client-C7441C59A54E->s13@group-0052E07B9BEC, cid=4279, seq=null, RW, Message:01016200)
2024-09-10 06:19:52,376 DEBUG server.RaftServer$Division (LeaderStateImpl.java:addPendingRequest(532)) - s13@group-0052E07B9BEC-LeaderStateImpl: addPendingRequest at RaftClientRequest:client-C7441C59A54E->s13@group-0052E07B9BEC, cid=4279, seq=null, RW, Message:01016200, entry=(t:2, i:119), STATEMACHINELOGENTRY, WRITE: logData.size=4, stateMachineData.size=0, logEntryProtoSerializedSize=0
2024-09-10 06:19:52,377 DEBUG server.RaftServer$Division (RaftServerImpl.java:logAppendEntries(1539)) - s12@group-0052E07B9BEC: appendEntries* s13->s12#133-t2,previous=(t:2, i:118),leaderCommit=118,initializing? false,entries: size=1, first=(t:2, i:119), STATEMACHINELOGENTRY, StateMachineLogEntryProto:4279@client-C7441C59A54E
2024-09-10 06:19:52,378 DEBUG server.RaftServer$Division (RaftServerImpl.java:logAppendEntries(1539)) - s12@group-0052E07B9BEC: appendEntries* reply s13<-s12#133:OK-t2,SUCCESS,nextIndex=120,followerCommit=118,matchIndex=119
2024-09-10 06:19:52,379 INFO  leader.LogAppender (LogAppenderBase.java:lambda$getNextIndexForError$0(219)) - Decrease nextIndex to 37
2024-09-10 06:19:52,379 INFO  leader.LogAppender (LogAppenderBase.java:lambda$getNextIndexForError$0(219)) - Decrease nextIndex to 37
2024-09-10 06:19:52,379 INFO  leader.FollowerInfo (FollowerInfoImpl.java:info(70)) - s13@group-0052E07B9BEC->s11: computeNextIndex nextIndex: updateUnconditionally 114 -> 37
2024-09-10 06:19:52,379 INFO  statemachine.StateMachine (ArithmeticStateMachine.java:applyTransaction(181)) - LEADER:s13-119: b = null = null
2024-09-10 06:19:52,381 DEBUG server.RaftServer$Division (RaftServerImpl.java:logAppendEntries(1539)) - s12@group-0052E07B9BEC: appendEntries* s13->s12#134-t2,previous=(t:2, i:119),leaderCommit=119,initializing? false,entries: size=1, first=(t:2, i:120), METADATAENTRY(c:119)
2024-09-10 06:19:52,382 DEBUG server.RaftServer$Division (RaftServerImpl.java:logAppendEntries(1539)) - s12@group-0052E07B9BEC: appendEntries* reply s13<-s12#134:OK-t2,SUCCESS,nextIndex=121,followerCommit=119,matchIndex=120
2024-09-10 06:19:52,383 WARN  server.GrpcServerProtocolService (LogUtils.java:warn(123)) - s11: Failed APPEND_ENTRIES request cid=102, isHeartbeat? false
java.util.concurrent.CompletionException: java.util.concurrent.RejectedExecutionException: Task java.util.concurrent.CompletableFuture$AsyncSupply@36da6612 rejected from java.util.concurrent.ThreadPoolExecutor@76e18451[Terminated, pool size = 0, active threads = 0, queued tasks = 0, completed tasks = 0]
	at java.util.concurrent.CompletableFuture.encodeThrowable(CompletableFuture.java:273)
	at java.util.concurrent.CompletableFuture.uniComposeStage(CompletableFuture.java:1005)
	at java.util.concurrent.CompletableFuture.thenCompose(CompletableFuture.java:2137)
	at org.apache.ratis.server.impl.RaftServerProxy.appendEntriesAsync(RaftServerProxy.java:655)
	at org.apache.ratis.grpc.server.GrpcServerProtocolService$1.process(GrpcServerProtocolService.java:307)
	at org.apache.ratis.grpc.server.GrpcServerProtocolService$ServerRequestStreamObserver.onNext(GrpcServerProtocolService.java:174)
	at org.apache.ratis.thirdparty.io.grpc.stub.ServerCalls$StreamingServerCallHandler$StreamingServerCallListener.onMessage(ServerCalls.java:262)
	at org.apache.ratis.thirdparty.io.grpc.internal.ServerCallImpl$ServerStreamListenerImpl.messagesAvailableInternal(ServerCallImpl.java:329)
	at org.apache.ratis.thirdparty.io.grpc.internal.ServerCallImpl$ServerStreamListenerImpl.messagesAvailable(ServerCallImpl.java:314)
	at org.apache.ratis.thirdparty.io.grpc.internal.ServerImpl$JumpToApplicationThreadServerStreamListener$1MessagesAvailable.runInContext(ServerImpl.java:833)
	at org.apache.ratis.thirdparty.io.grpc.internal.ContextRunnable.run(ContextRunnable.java:37)
	at org.apache.ratis.thirdparty.io.grpc.internal.SerializingExecutor.run(SerializingExecutor.java:133)
	at java.util.concurrent.ThreadPoolExecutor.runWorker(ThreadPoolExecutor.java:1149)
	at java.util.concurrent.ThreadPoolExecutor$Worker.run(ThreadPoolExecutor.java:624)
	at java.lang.Thread.run(Thread.java:750)
Caused by: java.util.concurrent.RejectedExecutionException: Task java.util.concurrent.CompletableFuture$AsyncSupply@36da6612 rejected from java.util.concurrent.ThreadPoolExecutor@76e18451[Terminated, pool size = 0, active threads = 0, queued tasks = 0, completed tasks = 0]
	at java.util.concurrent.ThreadPoolExecutor$AbortPolicy.rejectedExecution(ThreadPoolExecutor.java:2063)
	at java.util.concurrent.ThreadPoolExecutor.reject(ThreadPoolExecutor.java:830)
	at java.util.concurrent.ThreadPoolExecutor.execute(ThreadPoolExecutor.java:1379)
	at java.util.concurrent.CompletableFuture.asyncSupplyStage(CompletableFuture.java:1618)
	at java.util.concurrent.CompletableFuture.supplyAsync(CompletableFuture.java:1843)
	at org.apache.ratis.server.impl.RaftServerImpl.executeSubmitServerRequestAsync(RaftServerImpl.java:896)
	at org.apache.ratis.server.impl.RaftServerProxy.lambda$appendEntriesAsync$29(RaftServerProxy.java:655)
	at java.util.concurrent.CompletableFuture.uniComposeStage(CompletableFuture.java:995)
	... 13 more
2024-09-10 06:19:52,386 DEBUG server.RaftServer$Division (RaftServerImpl.java:submitClientRequestAsync(910)) - s13@group-0052E07B9BEC: receive client request(RaftClientRequest:client-C7441C59A54E->s13@group-0052E07B9BEC, cid=4280, seq=null, RW, Message:01016300)
2024-09-10 06:19:52,386 DEBUG server.RaftServer$Division (LeaderStateImpl.java:addPendingRequest(532)) - s13@group-0052E07B9BEC-LeaderStateImpl: addPendingRequest at RaftClientRequest:client-C7441C59A54E->s13@group-0052E07B9BEC, cid=4280, seq=null, RW, Message:01016300, entry=(t:2, i:121), STATEMACHINELOGENTRY, WRITE: logData.size=4, stateMachineData.size=0, logEntryProtoSerializedSize=0
2024-09-10 06:19:52,387 INFO  leader.LogAppender (LogAppenderBase.java:lambda$getNextIndexForError$0(219)) - Decrease nextIndex to 37
2024-09-10 06:19:52,387 INFO  leader.LogAppender (LogAppenderBase.java:lambda$getNextIndexForError$0(219)) - Decrease nextIndex to 37
2024-09-10 06:19:52,387 INFO  leader.FollowerInfo (FollowerInfoImpl.java:info(70)) - s13@group-0052E07B9BEC->s11: computeNextIndex nextIndex: updateUnconditionally 121 -> 37
2024-09-10 06:19:52,388 DEBUG server.RaftServer$Division (RaftServerImpl.java:logAppendEntries(1539)) - s12@group-0052E07B9BEC: appendEntries* s13->s12#136-t2,previous=(t:2, i:120),leaderCommit=120,initializing? false,entries: size=1, first=(t:2, i:121), STATEMACHINELOGENTRY, StateMachineLogEntryProto:4280@client-C7441C59A54E
2024-09-10 06:19:52,388 DEBUG server.RaftServer$Division (RaftServerImpl.java:logAppendEntries(1539)) - s12@group-0052E07B9BEC: appendEntries* reply s13<-s12#136:OK-t2,SUCCESS,nextIndex=122,followerCommit=120,matchIndex=121
2024-09-10 06:19:52,389 INFO  statemachine.StateMachine (ArithmeticStateMachine.java:applyTransaction(181)) - LEADER:s13-121: c = null = null
2024-09-10 06:19:52,390 DEBUG server.RaftServer$Division (RaftServerImpl.java:logAppendEntries(1539)) - s12@group-0052E07B9BEC: appendEntries* s13->s12#137-t2,previous=(t:2, i:121),leaderCommit=121,initializing? false,entries: size=1, first=(t:2, i:122), METADATAENTRY(c:121)
2024-09-10 06:19:52,391 DEBUG server.RaftServer$Division (RaftServerImpl.java:logAppendEntries(1539)) - s12@group-0052E07B9BEC: appendEntries* reply s13<-s12#137:OK-t2,SUCCESS,nextIndex=123,followerCommit=121,matchIndex=122
2024-09-10 06:19:52,392 WARN  server.GrpcServerProtocolService (LogUtils.java:warn(123)) - s11: Failed APPEND_ENTRIES request cid=104, isHeartbeat? false
java.util.concurrent.CompletionException: java.util.concurrent.RejectedExecutionException: Task java.util.concurrent.CompletableFuture$AsyncSupply@2eea4a6 rejected from java.util.concurrent.ThreadPoolExecutor@76e18451[Terminated, pool size = 0, active threads = 0, queued tasks = 0, completed tasks = 0]
	at java.util.concurrent.CompletableFuture.encodeThrowable(CompletableFuture.java:273)
	at java.util.concurrent.CompletableFuture.uniComposeStage(CompletableFuture.java:1005)
	at java.util.concurrent.CompletableFuture.thenCompose(CompletableFuture.java:2137)
	at org.apache.ratis.server.impl.RaftServerProxy.appendEntriesAsync(RaftServerProxy.java:655)
	at org.apache.ratis.grpc.server.GrpcServerProtocolService$1.process(GrpcServerProtocolService.java:307)
	at org.apache.ratis.grpc.server.GrpcServerProtocolService$ServerRequestStreamObserver.onNext(GrpcServerProtocolService.java:174)
	at org.apache.ratis.thirdparty.io.grpc.stub.ServerCalls$StreamingServerCallHandler$StreamingServerCallListener.onMessage(ServerCalls.java:262)
	at org.apache.ratis.thirdparty.io.grpc.internal.ServerCallImpl$ServerStreamListenerImpl.messagesAvailableInternal(ServerCallImpl.java:329)
	at org.apache.ratis.thirdparty.io.grpc.internal.ServerCallImpl$ServerStreamListenerImpl.messagesAvailable(ServerCallImpl.java:314)
	at org.apache.ratis.thirdparty.io.grpc.internal.ServerImpl$JumpToApplicationThreadServerStreamListener$1MessagesAvailable.runInContext(ServerImpl.java:833)
	at org.apache.ratis.thirdparty.io.grpc.internal.ContextRunnable.run(ContextRunnable.java:37)
	at org.apache.ratis.thirdparty.io.grpc.internal.SerializingExecutor.run(SerializingExecutor.java:133)
	at java.util.concurrent.ThreadPoolExecutor.runWorker(ThreadPoolExecutor.java:1149)
	at java.util.concurrent.ThreadPoolExecutor$Worker.run(ThreadPoolExecutor.java:624)
	at java.lang.Thread.run(Thread.java:750)
Caused by: java.util.concurrent.RejectedExecutionException: Task java.util.concurrent.CompletableFuture$AsyncSupply@2eea4a6 rejected from java.util.concurrent.ThreadPoolExecutor@76e18451[Terminated, pool size = 0, active threads = 0, queued tasks = 0, completed tasks = 0]
	at java.util.concurrent.ThreadPoolExecutor$AbortPolicy.rejectedExecution(ThreadPoolExecutor.java:2063)
	at java.util.concurrent.ThreadPoolExecutor.reject(ThreadPoolExecutor.java:830)
	at java.util.concurrent.ThreadPoolExecutor.execute(ThreadPoolExecutor.java:1379)
	at java.util.concurrent.CompletableFuture.asyncSupplyStage(CompletableFuture.java:1618)
	at java.util.concurrent.CompletableFuture.supplyAsync(CompletableFuture.java:1843)
	at org.apache.ratis.server.impl.RaftServerImpl.executeSubmitServerRequestAsync(RaftServerImpl.java:896)
	at org.apache.ratis.server.impl.RaftServerProxy.lambda$appendEntriesAsync$29(RaftServerProxy.java:655)
	at java.util.concurrent.CompletableFuture.uniComposeStage(CompletableFuture.java:995)
	... 13 more
2024-09-10 06:19:52,394 INFO  leader.LogAppender (LogAppenderBase.java:lambda$getNextIndexForError$0(219)) - Decrease nextIndex to 37
2024-09-10 06:19:52,394 INFO  leader.LogAppender (LogAppenderBase.java:lambda$getNextIndexForError$0(219)) - Decrease nextIndex to 37
2024-09-10 06:19:52,394 INFO  leader.FollowerInfo (FollowerInfoImpl.java:info(70)) - s13@group-0052E07B9BEC->s11: computeNextIndex nextIndex: updateUnconditionally 122 -> 37
2024-09-10 06:19:52,400 INFO  impl.GroupManagementBaseTest (GroupManagementBaseTest.java:runMultiGroupTest(281)) - 2) starting group-05D5B636F8BE:[s3|0.0.0.0:15003, s14|0.0.0.0:15014, s2|0.0.0.0:15002]
2024-09-10 06:19:52,405 INFO  server.RaftServer (RaftServerProxy.java:addNew(101)) - s14: addNew group-05D5B636F8BE:[s3|0.0.0.0:15003, s14|0.0.0.0:15014, s2|0.0.0.0:15002] returns group-05D5B636F8BE:java.util.concurrent.CompletableFuture@66c9f64[Not completed]
2024-09-10 06:19:52,406 INFO  server.RaftServer$Division (RaftServerImpl.java:<init>(255)) - s14: new RaftServerImpl for group-05D5B636F8BE:[s3|0.0.0.0:15003, s14|0.0.0.0:15014, s2|0.0.0.0:15002] with ArithmeticStateMachine:uninitialized
2024-09-10 06:19:52,406 INFO  server.RaftServerConfigKeys (ConfUtils.java:logGet(46)) - raft.server.rpc.timeout.min = 300ms (custom)
2024-09-10 06:19:52,406 INFO  server.RaftServerConfigKeys (ConfUtils.java:logGet(46)) - raft.server.rpc.timeout.max = 600ms (custom)
2024-09-10 06:19:52,406 INFO  server.RaftServerConfigKeys (ConfUtils.java:logGet(46)) - raft.server.rpc.sleep.time = 25ms (default)
2024-09-10 06:19:52,406 INFO  server.RaftServerConfigKeys (ConfUtils.java:logGet(46)) - raft.server.rpc.slowness.timeout = 60s (default)
2024-09-10 06:19:52,406 INFO  server.RaftServerConfigKeys (ConfUtils.java:logGet(46)) - raft.server.leaderelection.leader.step-down.wait-time = 10s (default)
2024-09-10 06:19:52,406 INFO  server.RaftServerConfigKeys (ConfUtils.java:logGet(46)) - raft.server.leaderelection.member.majority-add = false (default)
2024-09-10 06:19:52,406 INFO  server.RaftServerConfigKeys (ConfUtils.java:logGet(46)) - raft.server.sleep.deviation.threshold = 300ms (default)
2024-09-10 06:19:52,406 INFO  server.RaftServer$Division (ServerState.java:<init>(114)) - s14@group-05D5B636F8BE: ConfigurationManager, init=conf: {index: -1, cur=peers:[s3|0.0.0.0:15003, s14|0.0.0.0:15014, s2|0.0.0.0:15002]|listeners:[], old=null}, confs=<EMPTY_MAP>
2024-09-10 06:19:52,406 INFO  server.RaftServerConfigKeys (ConfUtils.java:logGet(46)) - raft.server.notification.no-leader.timeout = 60s (default)
2024-09-10 06:19:52,406 INFO  server.RaftServerConfigKeys (ConfUtils.java:logGet(46)) - raft.server.read.timeout = 10s (default)
2024-09-10 06:19:52,406 INFO  server.RaftServerConfigKeys (ConfUtils.java:logGet(46)) - raft.server.retrycache.expirytime = 60s (default)
2024-09-10 06:19:52,406 INFO  server.RaftServerConfigKeys (ConfUtils.java:logGet(46)) - raft.server.retrycache.statistics.expirytime = 100ms (default)
2024-09-10 06:19:52,406 INFO  server.RaftServerConfigKeys (ConfUtils.java:logGet(46)) - raft.server.read.option = DEFAULT (default)
2024-09-10 06:19:52,407 INFO  server.RaftServerConfigKeys (ConfUtils.java:logGet(46)) - raft.server.read.read-after-write-consistent.write-index-cache.expiry-time = 60s (default)
2024-09-10 06:19:52,407 INFO  server.RaftServerConfigKeys (ConfUtils.java:logGet(46)) - raft.server.rpc.request.timeout = 3000ms (default)
2024-09-10 06:19:52,407 INFO  server.RaftServerConfigKeys (ConfUtils.java:logGet(46)) - raft.server.log.appender.install.snapshot.enabled = true (default)
2024-09-10 06:19:52,407 INFO  server.RaftServerConfigKeys (ConfUtils.java:logGet(46)) - raft.server.threadpool.server.cached = true (default)
2024-09-10 06:19:52,407 INFO  server.RaftServerConfigKeys (ConfUtils.java:logGet(46)) - raft.server.threadpool.server.size = 0 (default)
2024-09-10 06:19:52,407 INFO  server.RaftServerConfigKeys (ConfUtils.java:logGet(46)) - raft.server.threadpool.client.cached = true (default)
2024-09-10 06:19:52,407 INFO  server.RaftServerConfigKeys (ConfUtils.java:logGet(46)) - raft.server.threadpool.client.size = 0 (default)
2024-09-10 06:19:52,408 INFO  server.RaftServerConfigKeys (ConfUtils.java:logGet(46)) - raft.server.storage.free-space.min = 0MB (=0) (default)
2024-09-10 06:19:52,408 INFO  server.RaftServerConfigKeys (ConfUtils.java:logGet(46)) - raft.server.log.corruption.policy = EXCEPTION (default)
2024-09-10 06:19:52,408 INFO  server.RaftServerConfigKeys (ConfUtils.java:logGet(46)) - raft.server.storage.dir = [/home/runner/work/ratis/ratis/ratis-examples/target/test/data/f624d035/MiniRaftClusterWithGrpc4aa2bfeb/s14] (custom)
2024-09-10 06:19:52,408 INFO  storage.RaftStorageDirectory (RaftStorageDirectoryImpl.java:analyzeStorage(138)) - The storage directory /home/runner/work/ratis/ratis/ratis-examples/target/test/data/f624d035/MiniRaftClusterWithGrpc4aa2bfeb/s14/ee0e86cd-827b-45c2-9dbc-05d5b636f8be does not exist. Creating ...
2024-09-10 06:19:52,408 TRACE util.FileUtils (LogUtils.java:runAndLog(49)) - Successfully ran Files.createDirectories /home/runner/work/ratis/ratis/ratis-examples/target/test/data/f624d035/MiniRaftClusterWithGrpc4aa2bfeb/s14/ee0e86cd-827b-45c2-9dbc-05d5b636f8be
2024-09-10 06:19:52,409 INFO  storage.RaftStorageDirectory (RaftStorageDirectoryImpl.java:tryLock(229)) - Lock on /home/runner/work/ratis/ratis/ratis-examples/target/test/data/f624d035/MiniRaftClusterWithGrpc4aa2bfeb/s14/ee0e86cd-827b-45c2-9dbc-05d5b636f8be/in_use.lock acquired by nodename 13550@fv-az691-408
2024-09-10 06:19:52,409 TRACE util.FileUtils (LogUtils.java:runAndLog(49)) - Successfully ran Files.createDirectories /home/runner/work/ratis/ratis/ratis-examples/target/test/data/f624d035/MiniRaftClusterWithGrpc4aa2bfeb/s14/ee0e86cd-827b-45c2-9dbc-05d5b636f8be/current
2024-09-10 06:19:52,409 TRACE util.FileUtils (LogUtils.java:runAndLog(49)) - Successfully ran Files.createDirectories /home/runner/work/ratis/ratis/ratis-examples/target/test/data/f624d035/MiniRaftClusterWithGrpc4aa2bfeb/s14/ee0e86cd-827b-45c2-9dbc-05d5b636f8be/sm
2024-09-10 06:19:52,410 TRACE util.FileUtils (LogUtils.java:supplyAndLog(69)) - Successfully supplied FileChannel.open /home/runner/work/ratis/ratis/ratis-examples/target/test/data/f624d035/MiniRaftClusterWithGrpc4aa2bfeb/s14/ee0e86cd-827b-45c2-9dbc-05d5b636f8be/current/raft-meta.tmp with options [CREATE, WRITE]: sun.nio.ch.FileChannelImpl@25c8b35e
2024-09-10 06:19:52,411 TRACE util.FileUtils (LogUtils.java:runAndLog(49)) - Successfully ran Atomic Files.move /home/runner/work/ratis/ratis/ratis-examples/target/test/data/f624d035/MiniRaftClusterWithGrpc4aa2bfeb/s14/ee0e86cd-827b-45c2-9dbc-05d5b636f8be/current/raft-meta.tmp to /home/runner/work/ratis/ratis/ratis-examples/target/test/data/f624d035/MiniRaftClusterWithGrpc4aa2bfeb/s14/ee0e86cd-827b-45c2-9dbc-05d5b636f8be/current/raft-meta with options [REPLACE_EXISTING]
2024-09-10 06:19:52,411 INFO  storage.RaftStorage (RaftStorageImpl.java:format(98)) - Storage directory /home/runner/work/ratis/ratis/ratis-examples/target/test/data/f624d035/MiniRaftClusterWithGrpc4aa2bfeb/s14/ee0e86cd-827b-45c2-9dbc-05d5b636f8be has been successfully formatted.
2024-09-10 06:19:52,411 WARN  statemachine.StateMachine (ArithmeticStateMachine.java:loadSnapshot(115)) - The snapshot info is null.
2024-09-10 06:19:52,411 INFO  server.RaftServerConfigKeys (ConfUtils.java:logGet(46)) - raft.server.log.use.memory = false (default)
2024-09-10 06:19:52,411 INFO  server.RaftServerConfigKeys (ConfUtils.java:logGet(46)) - raft.server.log.purge.gap = 1024 (default)
2024-09-10 06:19:52,411 INFO  server.RaftServerConfigKeys (ConfUtils.java:logGet(46)) - raft.server.log.appender.buffer.byte-limit = 4MB (=4194304) (default)
2024-09-10 06:19:52,411 INFO  server.RaftServerConfigKeys (ConfUtils.java:logGet(46)) - raft.server.log.statemachine.data.read.timeout = 1000ms (default)
2024-09-10 06:19:52,411 INFO  server.RaftServerConfigKeys (ConfUtils.java:logGet(46)) - raft.server.log.purge.preservation.log.num = 0 (default)
2024-09-10 06:19:52,412 INFO  server.RaftServerConfigKeys (ConfUtils.java:logGet(46)) - raft.server.log.segment.size.max = 32MB (=33554432) (default)
2024-09-10 06:19:52,412 INFO  server.RaftServerConfigKeys (ConfUtils.java:logGet(46)) - raft.server.log.segment.cache.num.max = 6 (default)
2024-09-10 06:19:52,412 INFO  server.RaftServerConfigKeys (ConfUtils.java:logGet(46)) - raft.server.log.segment.cache.size.max = 200MB (=209715200) (default)
2024-09-10 06:19:52,412 INFO  server.RaftServerConfigKeys (ConfUtils.java:logGet(46)) - raft.server.log.appender.buffer.byte-limit = 4MB (=4194304) (default)
2024-09-10 06:19:52,412 INFO  util.AwaitToRun (AwaitToRun.java:start(81)) - Thread[s14@group-05D5B636F8BE-cacheEviction-AwaitToRun,5,main] started
2024-09-10 06:19:52,412 INFO  segmented.SegmentedRaftLogWorker (SegmentedRaftLogWorker.java:<init>(187)) - new s14@group-05D5B636F8BE-SegmentedRaftLogWorker for RaftStorageImpl:Storage Directory /home/runner/work/ratis/ratis/ratis-examples/target/test/data/f624d035/MiniRaftClusterWithGrpc4aa2bfeb/s14/ee0e86cd-827b-45c2-9dbc-05d5b636f8be
2024-09-10 06:19:52,412 INFO  server.RaftServerConfigKeys (ConfUtils.java:logGet(46)) - raft.server.log.queue.byte-limit = 64MB (=67108864) (default)
2024-09-10 06:19:52,412 INFO  server.RaftServerConfigKeys (ConfUtils.java:logGet(46)) - raft.server.log.queue.element-limit = 4096 (default)
2024-09-10 06:19:52,412 INFO  server.RaftServerConfigKeys (ConfUtils.java:logGet(46)) - raft.server.log.segment.size.max = 32MB (=33554432) (default)
2024-09-10 06:19:52,413 INFO  server.RaftServerConfigKeys (ConfUtils.java:logGet(46)) - raft.server.log.preallocated.size = 4MB (=4194304) (default)
2024-09-10 06:19:52,413 INFO  server.RaftServerConfigKeys (ConfUtils.java:logGet(46)) - raft.server.log.force.sync.num = 128 (default)
2024-09-10 06:19:52,413 INFO  server.RaftServerConfigKeys (ConfUtils.java:logGet(46)) - raft.server.log.statemachine.data.sync = true (default)
2024-09-10 06:19:52,413 INFO  server.RaftServerConfigKeys (ConfUtils.java:logGet(46)) - raft.server.log.statemachine.data.sync.timeout = 10s (default)
2024-09-10 06:19:52,413 INFO  server.RaftServerConfigKeys (ConfUtils.java:logGet(46)) - raft.server.log.statemachine.data.sync.timeout.retry = -1 (default)
2024-09-10 06:19:52,413 INFO  server.RaftServerConfigKeys (ConfUtils.java:logGet(46)) - raft.server.log.write.buffer.size = 8MB (=8388608) (default)
2024-09-10 06:19:52,415 INFO  server.RaftServerConfigKeys (ConfUtils.java:logGet(46)) - raft.server.log.appender.buffer.byte-limit = 4MB (=4194304) (default)
2024-09-10 06:19:52,415 INFO  server.RaftServerConfigKeys (ConfUtils.java:logGet(46)) - raft.server.log.unsafe-flush.enabled = false (default)
2024-09-10 06:19:52,415 INFO  server.RaftServerConfigKeys (ConfUtils.java:logGet(46)) - raft.server.log.async-flush.enabled = false (default)
2024-09-10 06:19:52,416 INFO  server.RaftServerConfigKeys (ConfUtils.java:logGet(46)) - raft.server.log.statemachine.data.caching.enabled = false (default)
2024-09-10 06:19:52,416 INFO  segmented.SegmentedRaftLogWorker (SegmentedRaftLogWorker.java:lambda$new$0(138)) - s14@group-05D5B636F8BE-SegmentedRaftLogWorker: flushIndex: setUnconditionally 0 -> -1
2024-09-10 06:19:52,416 INFO  segmented.SegmentedRaftLogWorker (SegmentedRaftLogWorker.java:lambda$new$0(138)) - s14@group-05D5B636F8BE-SegmentedRaftLogWorker: safeCacheEvictIndex: setUnconditionally 0 -> -1
2024-09-10 06:19:52,416 INFO  server.RaftServer$Division (RaftServerImpl.java:start(391)) - s14@group-05D5B636F8BE: start as a follower, conf=conf: {index: -1, cur=peers:[s3|0.0.0.0:15003, s14|0.0.0.0:15014, s2|0.0.0.0:15002]|listeners:[], old=null}
2024-09-10 06:19:52,416 INFO  server.RaftServer$Division (RaftServerImpl.java:setRole(378)) - s14@group-05D5B636F8BE: changes role from      null to FOLLOWER at term 0 for startAsFollower
2024-09-10 06:19:52,416 INFO  impl.RoleInfo (RoleInfo.java:updateAndGet(148)) - s14: start s14@group-05D5B636F8BE-FollowerState
2024-09-10 06:19:52,416 INFO  server.RaftServerConfigKeys (ConfUtils.java:logFallback(53)) - raft.server.rpc.first-election.timeout.min = 300ms (fallback to raft.server.rpc.timeout.min)
2024-09-10 06:19:52,416 INFO  server.RaftServerConfigKeys (ConfUtils.java:logFallback(53)) - raft.server.rpc.first-election.timeout.max = 600ms (fallback to raft.server.rpc.timeout.max)
2024-09-10 06:19:52,417 INFO  util.JmxRegister (JmxRegister.java:tryRegister(44)) - Successfully registered JMX Bean with object name Ratis:service=RaftServer,group=group-05D5B636F8BE,id=s14
2024-09-10 06:19:52,417 INFO  util.JmxRegister (JmxRegister.java:register(58)) - register mxBean class org.apache.ratis.server.impl.RaftServerJmxAdapter as Ratis:service=RaftServer,group=group-05D5B636F8BE,id=s14
2024-09-10 06:19:52,417 INFO  server.RaftServerConfigKeys (ConfUtils.java:logGet(46)) - raft.server.snapshot.trigger-when-stop.enabled = true (default)
2024-09-10 06:19:52,417 INFO  server.RaftServerConfigKeys (ConfUtils.java:logGet(46)) - raft.server.snapshot.trigger-when-remove.enabled = true (default)
2024-09-10 06:19:52,417 INFO  server.RaftServerConfigKeys (ConfUtils.java:logGet(46)) - raft.server.snapshot.auto.trigger.enabled = false (default)
2024-09-10 06:19:52,417 INFO  server.RaftServerConfigKeys (ConfUtils.java:logGet(46)) - raft.server.snapshot.retention.file.num = -1 (default)
2024-09-10 06:19:52,417 INFO  server.RaftServerConfigKeys (ConfUtils.java:logGet(46)) - raft.server.log.purge.upto.snapshot.index = false (default)
2024-09-10 06:19:52,436 INFO  server.RaftServer (RaftServerProxy.java:addNew(101)) - s2: addNew group-05D5B636F8BE:[s3|0.0.0.0:15003, s14|0.0.0.0:15014, s2|0.0.0.0:15002] returns group-05D5B636F8BE:java.util.concurrent.CompletableFuture@1bde7f65[Not completed]
2024-09-10 06:19:52,436 INFO  server.RaftServer$Division (RaftServerImpl.java:<init>(255)) - s2: new RaftServerImpl for group-05D5B636F8BE:[s3|0.0.0.0:15003, s14|0.0.0.0:15014, s2|0.0.0.0:15002] with ArithmeticStateMachine:uninitialized
2024-09-10 06:19:52,436 INFO  server.RaftServerConfigKeys (ConfUtils.java:logGet(46)) - raft.server.rpc.timeout.min = 300ms (custom)
2024-09-10 06:19:52,436 INFO  server.RaftServerConfigKeys (ConfUtils.java:logGet(46)) - raft.server.rpc.timeout.max = 600ms (custom)
2024-09-10 06:19:52,436 INFO  server.RaftServerConfigKeys (ConfUtils.java:logGet(46)) - raft.server.rpc.sleep.time = 25ms (default)
2024-09-10 06:19:52,436 INFO  server.RaftServerConfigKeys (ConfUtils.java:logGet(46)) - raft.server.rpc.slowness.timeout = 60s (default)
2024-09-10 06:19:52,436 INFO  server.RaftServerConfigKeys (ConfUtils.java:logGet(46)) - raft.server.leaderelection.leader.step-down.wait-time = 10s (default)
2024-09-10 06:19:52,436 INFO  server.RaftServerConfigKeys (ConfUtils.java:logGet(46)) - raft.server.leaderelection.member.majority-add = false (default)
2024-09-10 06:19:52,436 INFO  server.RaftServerConfigKeys (ConfUtils.java:logGet(46)) - raft.server.sleep.deviation.threshold = 300ms (default)
2024-09-10 06:19:52,437 INFO  server.RaftServer$Division (ServerState.java:<init>(114)) - s2@group-05D5B636F8BE: ConfigurationManager, init=conf: {index: -1, cur=peers:[s3|0.0.0.0:15003, s14|0.0.0.0:15014, s2|0.0.0.0:15002]|listeners:[], old=null}, confs=<EMPTY_MAP>
2024-09-10 06:19:52,437 INFO  server.RaftServerConfigKeys (ConfUtils.java:logGet(46)) - raft.server.notification.no-leader.timeout = 60s (default)
2024-09-10 06:19:52,437 INFO  server.RaftServerConfigKeys (ConfUtils.java:logGet(46)) - raft.server.read.timeout = 10s (default)
2024-09-10 06:19:52,437 INFO  server.RaftServerConfigKeys (ConfUtils.java:logGet(46)) - raft.server.retrycache.expirytime = 60s (default)
2024-09-10 06:19:52,437 INFO  server.RaftServerConfigKeys (ConfUtils.java:logGet(46)) - raft.server.retrycache.statistics.expirytime = 100ms (default)
2024-09-10 06:19:52,437 INFO  server.RaftServerConfigKeys (ConfUtils.java:logGet(46)) - raft.server.read.option = DEFAULT (default)
2024-09-10 06:19:52,437 INFO  server.RaftServerConfigKeys (ConfUtils.java:logGet(46)) - raft.server.read.read-after-write-consistent.write-index-cache.expiry-time = 60s (default)
2024-09-10 06:19:52,437 INFO  server.RaftServerConfigKeys (ConfUtils.java:logGet(46)) - raft.server.rpc.request.timeout = 3000ms (default)
2024-09-10 06:19:52,437 INFO  server.RaftServerConfigKeys (ConfUtils.java:logGet(46)) - raft.server.log.appender.install.snapshot.enabled = true (default)
2024-09-10 06:19:52,437 INFO  server.RaftServerConfigKeys (ConfUtils.java:logGet(46)) - raft.server.threadpool.server.cached = true (default)
2024-09-10 06:19:52,438 INFO  server.RaftServerConfigKeys (ConfUtils.java:logGet(46)) - raft.server.threadpool.server.size = 0 (default)
2024-09-10 06:19:52,438 INFO  server.RaftServerConfigKeys (ConfUtils.java:logGet(46)) - raft.server.threadpool.client.cached = true (default)
2024-09-10 06:19:52,438 INFO  server.RaftServerConfigKeys (ConfUtils.java:logGet(46)) - raft.server.threadpool.client.size = 0 (default)
2024-09-10 06:19:52,438 INFO  server.RaftServerConfigKeys (ConfUtils.java:logGet(46)) - raft.server.storage.free-space.min = 0MB (=0) (default)
2024-09-10 06:19:52,438 INFO  server.RaftServerConfigKeys (ConfUtils.java:logGet(46)) - raft.server.log.corruption.policy = EXCEPTION (default)
2024-09-10 06:19:52,438 INFO  server.RaftServerConfigKeys (ConfUtils.java:logGet(46)) - raft.server.storage.dir = [/home/runner/work/ratis/ratis/ratis-examples/target/test/data/f624d035/MiniRaftClusterWithGrpc4aa2bfeb/s2] (custom)
2024-09-10 06:19:52,438 INFO  storage.RaftStorageDirectory (RaftStorageDirectoryImpl.java:analyzeStorage(138)) - The storage directory /home/runner/work/ratis/ratis/ratis-examples/target/test/data/f624d035/MiniRaftClusterWithGrpc4aa2bfeb/s2/ee0e86cd-827b-45c2-9dbc-05d5b636f8be does not exist. Creating ...
2024-09-10 06:19:52,438 TRACE util.FileUtils (LogUtils.java:runAndLog(49)) - Successfully ran Files.createDirectories /home/runner/work/ratis/ratis/ratis-examples/target/test/data/f624d035/MiniRaftClusterWithGrpc4aa2bfeb/s2/ee0e86cd-827b-45c2-9dbc-05d5b636f8be
2024-09-10 06:19:52,439 INFO  storage.RaftStorageDirectory (RaftStorageDirectoryImpl.java:tryLock(229)) - Lock on /home/runner/work/ratis/ratis/ratis-examples/target/test/data/f624d035/MiniRaftClusterWithGrpc4aa2bfeb/s2/ee0e86cd-827b-45c2-9dbc-05d5b636f8be/in_use.lock acquired by nodename 13550@fv-az691-408
2024-09-10 06:19:52,440 TRACE util.FileUtils (LogUtils.java:runAndLog(49)) - Successfully ran Files.createDirectories /home/runner/work/ratis/ratis/ratis-examples/target/test/data/f624d035/MiniRaftClusterWithGrpc4aa2bfeb/s2/ee0e86cd-827b-45c2-9dbc-05d5b636f8be/current
2024-09-10 06:19:52,440 TRACE util.FileUtils (LogUtils.java:runAndLog(49)) - Successfully ran Files.createDirectories /home/runner/work/ratis/ratis/ratis-examples/target/test/data/f624d035/MiniRaftClusterWithGrpc4aa2bfeb/s2/ee0e86cd-827b-45c2-9dbc-05d5b636f8be/sm
2024-09-10 06:19:52,440 TRACE util.FileUtils (LogUtils.java:supplyAndLog(69)) - Successfully supplied FileChannel.open /home/runner/work/ratis/ratis/ratis-examples/target/test/data/f624d035/MiniRaftClusterWithGrpc4aa2bfeb/s2/ee0e86cd-827b-45c2-9dbc-05d5b636f8be/current/raft-meta.tmp with options [CREATE, WRITE]: sun.nio.ch.FileChannelImpl@6551d340
2024-09-10 06:19:52,441 TRACE util.FileUtils (LogUtils.java:runAndLog(49)) - Successfully ran Atomic Files.move /home/runner/work/ratis/ratis/ratis-examples/target/test/data/f624d035/MiniRaftClusterWithGrpc4aa2bfeb/s2/ee0e86cd-827b-45c2-9dbc-05d5b636f8be/current/raft-meta.tmp to /home/runner/work/ratis/ratis/ratis-examples/target/test/data/f624d035/MiniRaftClusterWithGrpc4aa2bfeb/s2/ee0e86cd-827b-45c2-9dbc-05d5b636f8be/current/raft-meta with options [REPLACE_EXISTING]
2024-09-10 06:19:52,441 INFO  storage.RaftStorage (RaftStorageImpl.java:format(98)) - Storage directory /home/runner/work/ratis/ratis/ratis-examples/target/test/data/f624d035/MiniRaftClusterWithGrpc4aa2bfeb/s2/ee0e86cd-827b-45c2-9dbc-05d5b636f8be has been successfully formatted.
2024-09-10 06:19:52,442 WARN  statemachine.StateMachine (ArithmeticStateMachine.java:loadSnapshot(115)) - The snapshot info is null.
2024-09-10 06:19:52,442 INFO  server.RaftServerConfigKeys (ConfUtils.java:logGet(46)) - raft.server.log.use.memory = false (default)
2024-09-10 06:19:52,442 INFO  server.RaftServerConfigKeys (ConfUtils.java:logGet(46)) - raft.server.log.purge.gap = 1024 (default)
2024-09-10 06:19:52,442 INFO  server.RaftServerConfigKeys (ConfUtils.java:logGet(46)) - raft.server.log.appender.buffer.byte-limit = 4MB (=4194304) (default)
2024-09-10 06:19:52,442 INFO  server.RaftServerConfigKeys (ConfUtils.java:logGet(46)) - raft.server.log.statemachine.data.read.timeout = 1000ms (default)
2024-09-10 06:19:52,442 INFO  server.RaftServerConfigKeys (ConfUtils.java:logGet(46)) - raft.server.log.purge.preservation.log.num = 0 (default)
2024-09-10 06:19:52,442 INFO  server.RaftServerConfigKeys (ConfUtils.java:logGet(46)) - raft.server.log.segment.size.max = 32MB (=33554432) (default)
2024-09-10 06:19:52,442 INFO  server.RaftServerConfigKeys (ConfUtils.java:logGet(46)) - raft.server.log.segment.cache.num.max = 6 (default)
2024-09-10 06:19:52,442 INFO  server.RaftServerConfigKeys (ConfUtils.java:logGet(46)) - raft.server.log.segment.cache.size.max = 200MB (=209715200) (default)
2024-09-10 06:19:52,442 INFO  server.RaftServerConfigKeys (ConfUtils.java:logGet(46)) - raft.server.log.appender.buffer.byte-limit = 4MB (=4194304) (default)
2024-09-10 06:19:52,442 INFO  util.AwaitToRun (AwaitToRun.java:start(81)) - Thread[s2@group-05D5B636F8BE-cacheEviction-AwaitToRun,5,main] started
2024-09-10 06:19:52,443 INFO  segmented.SegmentedRaftLogWorker (SegmentedRaftLogWorker.java:<init>(187)) - new s2@group-05D5B636F8BE-SegmentedRaftLogWorker for RaftStorageImpl:Storage Directory /home/runner/work/ratis/ratis/ratis-examples/target/test/data/f624d035/MiniRaftClusterWithGrpc4aa2bfeb/s2/ee0e86cd-827b-45c2-9dbc-05d5b636f8be
2024-09-10 06:19:52,443 INFO  server.RaftServerConfigKeys (ConfUtils.java:logGet(46)) - raft.server.log.queue.byte-limit = 64MB (=67108864) (default)
2024-09-10 06:19:52,443 INFO  server.RaftServerConfigKeys (ConfUtils.java:logGet(46)) - raft.server.log.queue.element-limit = 4096 (default)
2024-09-10 06:19:52,443 INFO  server.RaftServerConfigKeys (ConfUtils.java:logGet(46)) - raft.server.log.segment.size.max = 32MB (=33554432) (default)
2024-09-10 06:19:52,443 INFO  server.RaftServerConfigKeys (ConfUtils.java:logGet(46)) - raft.server.log.preallocated.size = 4MB (=4194304) (default)
2024-09-10 06:19:52,443 INFO  server.RaftServerConfigKeys (ConfUtils.java:logGet(46)) - raft.server.log.force.sync.num = 128 (default)
2024-09-10 06:19:52,443 INFO  server.RaftServerConfigKeys (ConfUtils.java:logGet(46)) - raft.server.log.statemachine.data.sync = true (default)
2024-09-10 06:19:52,443 INFO  server.RaftServerConfigKeys (ConfUtils.java:logGet(46)) - raft.server.log.statemachine.data.sync.timeout = 10s (default)
2024-09-10 06:19:52,443 INFO  server.RaftServerConfigKeys (ConfUtils.java:logGet(46)) - raft.server.log.statemachine.data.sync.timeout.retry = -1 (default)
2024-09-10 06:19:52,443 INFO  server.RaftServerConfigKeys (ConfUtils.java:logGet(46)) - raft.server.log.write.buffer.size = 8MB (=8388608) (default)
2024-09-10 06:19:52,445 INFO  server.RaftServerConfigKeys (ConfUtils.java:logGet(46)) - raft.server.log.appender.buffer.byte-limit = 4MB (=4194304) (default)
2024-09-10 06:19:52,445 INFO  server.RaftServerConfigKeys (ConfUtils.java:logGet(46)) - raft.server.log.unsafe-flush.enabled = false (default)
2024-09-10 06:19:52,445 INFO  server.RaftServerConfigKeys (ConfUtils.java:logGet(46)) - raft.server.log.async-flush.enabled = false (default)
2024-09-10 06:19:52,445 INFO  server.RaftServerConfigKeys (ConfUtils.java:logGet(46)) - raft.server.log.statemachine.data.caching.enabled = false (default)
2024-09-10 06:19:52,445 INFO  segmented.SegmentedRaftLogWorker (SegmentedRaftLogWorker.java:lambda$new$0(138)) - s2@group-05D5B636F8BE-SegmentedRaftLogWorker: flushIndex: setUnconditionally 0 -> -1
2024-09-10 06:19:52,445 INFO  segmented.SegmentedRaftLogWorker (SegmentedRaftLogWorker.java:lambda$new$0(138)) - s2@group-05D5B636F8BE-SegmentedRaftLogWorker: safeCacheEvictIndex: setUnconditionally 0 -> -1
2024-09-10 06:19:52,445 INFO  server.RaftServer$Division (RaftServerImpl.java:start(391)) - s2@group-05D5B636F8BE: start as a follower, conf=conf: {index: -1, cur=peers:[s3|0.0.0.0:15003, s14|0.0.0.0:15014, s2|0.0.0.0:15002]|listeners:[], old=null}
2024-09-10 06:19:52,445 INFO  server.RaftServer$Division (RaftServerImpl.java:setRole(378)) - s2@group-05D5B636F8BE: changes role from      null to FOLLOWER at term 0 for startAsFollower
2024-09-10 06:19:52,445 INFO  impl.RoleInfo (RoleInfo.java:updateAndGet(148)) - s2: start s2@group-05D5B636F8BE-FollowerState
2024-09-10 06:19:52,446 INFO  util.JmxRegister (JmxRegister.java:tryRegister(44)) - Successfully registered JMX Bean with object name Ratis:service=RaftServer,group=group-05D5B636F8BE,id=s2
2024-09-10 06:19:52,446 INFO  util.JmxRegister (JmxRegister.java:register(58)) - register mxBean class org.apache.ratis.server.impl.RaftServerJmxAdapter as Ratis:service=RaftServer,group=group-05D5B636F8BE,id=s2
2024-09-10 06:19:52,446 INFO  server.RaftServerConfigKeys (ConfUtils.java:logFallback(53)) - raft.server.rpc.first-election.timeout.min = 300ms (fallback to raft.server.rpc.timeout.min)
2024-09-10 06:19:52,446 INFO  server.RaftServerConfigKeys (ConfUtils.java:logGet(46)) - raft.server.snapshot.trigger-when-stop.enabled = true (default)
2024-09-10 06:19:52,446 INFO  server.RaftServerConfigKeys (ConfUtils.java:logGet(46)) - raft.server.snapshot.trigger-when-remove.enabled = true (default)
2024-09-10 06:19:52,446 INFO  server.RaftServerConfigKeys (ConfUtils.java:logFallback(53)) - raft.server.rpc.first-election.timeout.max = 600ms (fallback to raft.server.rpc.timeout.max)
2024-09-10 06:19:52,446 INFO  server.RaftServerConfigKeys (ConfUtils.java:logGet(46)) - raft.server.snapshot.auto.trigger.enabled = false (default)
2024-09-10 06:19:52,447 INFO  server.RaftServerConfigKeys (ConfUtils.java:logGet(46)) - raft.server.snapshot.retention.file.num = -1 (default)
2024-09-10 06:19:52,447 INFO  server.RaftServerConfigKeys (ConfUtils.java:logGet(46)) - raft.server.log.purge.upto.snapshot.index = false (default)
2024-09-10 06:19:52,458 INFO  server.RaftServer (RaftServerProxy.java:addNew(101)) - s3: addNew group-05D5B636F8BE:[s3|0.0.0.0:15003, s14|0.0.0.0:15014, s2|0.0.0.0:15002] returns group-05D5B636F8BE:java.util.concurrent.CompletableFuture@1b0614fc[Not completed]
2024-09-10 06:19:52,459 INFO  server.RaftServer$Division (RaftServerImpl.java:<init>(255)) - s3: new RaftServerImpl for group-05D5B636F8BE:[s3|0.0.0.0:15003, s14|0.0.0.0:15014, s2|0.0.0.0:15002] with ArithmeticStateMachine:uninitialized
2024-09-10 06:19:52,459 INFO  server.RaftServerConfigKeys (ConfUtils.java:logGet(46)) - raft.server.rpc.timeout.min = 300ms (custom)
2024-09-10 06:19:52,459 INFO  server.RaftServerConfigKeys (ConfUtils.java:logGet(46)) - raft.server.rpc.timeout.max = 600ms (custom)
2024-09-10 06:19:52,459 INFO  server.RaftServerConfigKeys (ConfUtils.java:logGet(46)) - raft.server.rpc.sleep.time = 25ms (default)
2024-09-10 06:19:52,459 INFO  server.RaftServerConfigKeys (ConfUtils.java:logGet(46)) - raft.server.rpc.slowness.timeout = 60s (default)
2024-09-10 06:19:52,459 INFO  server.RaftServerConfigKeys (ConfUtils.java:logGet(46)) - raft.server.leaderelection.leader.step-down.wait-time = 10s (default)
2024-09-10 06:19:52,459 INFO  server.RaftServerConfigKeys (ConfUtils.java:logGet(46)) - raft.server.leaderelection.member.majority-add = false (default)
2024-09-10 06:19:52,459 INFO  server.RaftServerConfigKeys (ConfUtils.java:logGet(46)) - raft.server.sleep.deviation.threshold = 300ms (default)
2024-09-10 06:19:52,459 INFO  server.RaftServer$Division (ServerState.java:<init>(114)) - s3@group-05D5B636F8BE: ConfigurationManager, init=conf: {index: -1, cur=peers:[s3|0.0.0.0:15003, s14|0.0.0.0:15014, s2|0.0.0.0:15002]|listeners:[], old=null}, confs=<EMPTY_MAP>
2024-09-10 06:19:52,459 INFO  server.RaftServerConfigKeys (ConfUtils.java:logGet(46)) - raft.server.notification.no-leader.timeout = 60s (default)
2024-09-10 06:19:52,459 INFO  server.RaftServerConfigKeys (ConfUtils.java:logGet(46)) - raft.server.read.timeout = 10s (default)
2024-09-10 06:19:52,459 INFO  server.RaftServerConfigKeys (ConfUtils.java:logGet(46)) - raft.server.retrycache.expirytime = 60s (default)
2024-09-10 06:19:52,459 INFO  server.RaftServerConfigKeys (ConfUtils.java:logGet(46)) - raft.server.retrycache.statistics.expirytime = 100ms (default)
2024-09-10 06:19:52,459 INFO  server.RaftServerConfigKeys (ConfUtils.java:logGet(46)) - raft.server.read.option = DEFAULT (default)
2024-09-10 06:19:52,460 INFO  server.RaftServerConfigKeys (ConfUtils.java:logGet(46)) - raft.server.read.read-after-write-consistent.write-index-cache.expiry-time = 60s (default)
2024-09-10 06:19:52,460 INFO  server.RaftServerConfigKeys (ConfUtils.java:logGet(46)) - raft.server.rpc.request.timeout = 3000ms (default)
2024-09-10 06:19:52,460 INFO  server.RaftServerConfigKeys (ConfUtils.java:logGet(46)) - raft.server.log.appender.install.snapshot.enabled = true (default)
2024-09-10 06:19:52,460 INFO  server.RaftServerConfigKeys (ConfUtils.java:logGet(46)) - raft.server.threadpool.server.cached = true (default)
2024-09-10 06:19:52,460 INFO  server.RaftServerConfigKeys (ConfUtils.java:logGet(46)) - raft.server.threadpool.server.size = 0 (default)
2024-09-10 06:19:52,460 INFO  server.RaftServerConfigKeys (ConfUtils.java:logGet(46)) - raft.server.threadpool.client.cached = true (default)
2024-09-10 06:19:52,460 INFO  server.RaftServerConfigKeys (ConfUtils.java:logGet(46)) - raft.server.threadpool.client.size = 0 (default)
2024-09-10 06:19:52,460 INFO  server.RaftServerConfigKeys (ConfUtils.java:logGet(46)) - raft.server.storage.free-space.min = 0MB (=0) (default)
2024-09-10 06:19:52,460 INFO  server.RaftServerConfigKeys (ConfUtils.java:logGet(46)) - raft.server.log.corruption.policy = EXCEPTION (default)
2024-09-10 06:19:52,461 INFO  server.RaftServerConfigKeys (ConfUtils.java:logGet(46)) - raft.server.storage.dir = [/home/runner/work/ratis/ratis/ratis-examples/target/test/data/f624d035/MiniRaftClusterWithGrpc4aa2bfeb/s3] (custom)
2024-09-10 06:19:52,461 INFO  storage.RaftStorageDirectory (RaftStorageDirectoryImpl.java:analyzeStorage(138)) - The storage directory /home/runner/work/ratis/ratis/ratis-examples/target/test/data/f624d035/MiniRaftClusterWithGrpc4aa2bfeb/s3/ee0e86cd-827b-45c2-9dbc-05d5b636f8be does not exist. Creating ...
2024-09-10 06:19:52,461 TRACE util.FileUtils (LogUtils.java:runAndLog(49)) - Successfully ran Files.createDirectories /home/runner/work/ratis/ratis/ratis-examples/target/test/data/f624d035/MiniRaftClusterWithGrpc4aa2bfeb/s3/ee0e86cd-827b-45c2-9dbc-05d5b636f8be
2024-09-10 06:19:52,463 INFO  storage.RaftStorageDirectory (RaftStorageDirectoryImpl.java:tryLock(229)) - Lock on /home/runner/work/ratis/ratis/ratis-examples/target/test/data/f624d035/MiniRaftClusterWithGrpc4aa2bfeb/s3/ee0e86cd-827b-45c2-9dbc-05d5b636f8be/in_use.lock acquired by nodename 13550@fv-az691-408
2024-09-10 06:19:52,463 TRACE util.FileUtils (LogUtils.java:runAndLog(49)) - Successfully ran Files.createDirectories /home/runner/work/ratis/ratis/ratis-examples/target/test/data/f624d035/MiniRaftClusterWithGrpc4aa2bfeb/s3/ee0e86cd-827b-45c2-9dbc-05d5b636f8be/current
2024-09-10 06:19:52,463 TRACE util.FileUtils (LogUtils.java:runAndLog(49)) - Successfully ran Files.createDirectories /home/runner/work/ratis/ratis/ratis-examples/target/test/data/f624d035/MiniRaftClusterWithGrpc4aa2bfeb/s3/ee0e86cd-827b-45c2-9dbc-05d5b636f8be/sm
2024-09-10 06:19:52,463 TRACE util.FileUtils (LogUtils.java:supplyAndLog(69)) - Successfully supplied FileChannel.open /home/runner/work/ratis/ratis/ratis-examples/target/test/data/f624d035/MiniRaftClusterWithGrpc4aa2bfeb/s3/ee0e86cd-827b-45c2-9dbc-05d5b636f8be/current/raft-meta.tmp with options [CREATE, WRITE]: sun.nio.ch.FileChannelImpl@2db5c133
2024-09-10 06:19:52,464 TRACE util.FileUtils (LogUtils.java:runAndLog(49)) - Successfully ran Atomic Files.move /home/runner/work/ratis/ratis/ratis-examples/target/test/data/f624d035/MiniRaftClusterWithGrpc4aa2bfeb/s3/ee0e86cd-827b-45c2-9dbc-05d5b636f8be/current/raft-meta.tmp to /home/runner/work/ratis/ratis/ratis-examples/target/test/data/f624d035/MiniRaftClusterWithGrpc4aa2bfeb/s3/ee0e86cd-827b-45c2-9dbc-05d5b636f8be/current/raft-meta with options [REPLACE_EXISTING]
2024-09-10 06:19:52,464 INFO  storage.RaftStorage (RaftStorageImpl.java:format(98)) - Storage directory /home/runner/work/ratis/ratis/ratis-examples/target/test/data/f624d035/MiniRaftClusterWithGrpc4aa2bfeb/s3/ee0e86cd-827b-45c2-9dbc-05d5b636f8be has been successfully formatted.
2024-09-10 06:19:52,465 WARN  statemachine.StateMachine (ArithmeticStateMachine.java:loadSnapshot(115)) - The snapshot info is null.
2024-09-10 06:19:52,465 INFO  server.RaftServerConfigKeys (ConfUtils.java:logGet(46)) - raft.server.log.use.memory = false (default)
2024-09-10 06:19:52,465 INFO  server.RaftServerConfigKeys (ConfUtils.java:logGet(46)) - raft.server.log.purge.gap = 1024 (default)
2024-09-10 06:19:52,465 INFO  server.RaftServerConfigKeys (ConfUtils.java:logGet(46)) - raft.server.log.appender.buffer.byte-limit = 4MB (=4194304) (default)
2024-09-10 06:19:52,465 INFO  server.RaftServerConfigKeys (ConfUtils.java:logGet(46)) - raft.server.log.statemachine.data.read.timeout = 1000ms (default)
2024-09-10 06:19:52,465 INFO  server.RaftServerConfigKeys (ConfUtils.java:logGet(46)) - raft.server.log.purge.preservation.log.num = 0 (default)
2024-09-10 06:19:52,465 INFO  server.RaftServerConfigKeys (ConfUtils.java:logGet(46)) - raft.server.log.segment.size.max = 32MB (=33554432) (default)
2024-09-10 06:19:52,466 INFO  server.RaftServerConfigKeys (ConfUtils.java:logGet(46)) - raft.server.log.segment.cache.num.max = 6 (default)
2024-09-10 06:19:52,466 INFO  server.RaftServerConfigKeys (ConfUtils.java:logGet(46)) - raft.server.log.segment.cache.size.max = 200MB (=209715200) (default)
2024-09-10 06:19:52,466 INFO  server.RaftServerConfigKeys (ConfUtils.java:logGet(46)) - raft.server.log.appender.buffer.byte-limit = 4MB (=4194304) (default)
2024-09-10 06:19:52,466 INFO  util.AwaitToRun (AwaitToRun.java:start(81)) - Thread[s3@group-05D5B636F8BE-cacheEviction-AwaitToRun,5,main] started
2024-09-10 06:19:52,466 INFO  segmented.SegmentedRaftLogWorker (SegmentedRaftLogWorker.java:<init>(187)) - new s3@group-05D5B636F8BE-SegmentedRaftLogWorker for RaftStorageImpl:Storage Directory /home/runner/work/ratis/ratis/ratis-examples/target/test/data/f624d035/MiniRaftClusterWithGrpc4aa2bfeb/s3/ee0e86cd-827b-45c2-9dbc-05d5b636f8be
2024-09-10 06:19:52,466 INFO  server.RaftServerConfigKeys (ConfUtils.java:logGet(46)) - raft.server.log.queue.byte-limit = 64MB (=67108864) (default)
2024-09-10 06:19:52,466 INFO  server.RaftServerConfigKeys (ConfUtils.java:logGet(46)) - raft.server.log.queue.element-limit = 4096 (default)
2024-09-10 06:19:52,466 INFO  server.RaftServerConfigKeys (ConfUtils.java:logGet(46)) - raft.server.log.segment.size.max = 32MB (=33554432) (default)
2024-09-10 06:19:52,466 INFO  server.RaftServerConfigKeys (ConfUtils.java:logGet(46)) - raft.server.log.preallocated.size = 4MB (=4194304) (default)
2024-09-10 06:19:52,466 INFO  server.RaftServerConfigKeys (ConfUtils.java:logGet(46)) - raft.server.log.force.sync.num = 128 (default)
2024-09-10 06:19:52,467 INFO  server.RaftServerConfigKeys (ConfUtils.java:logGet(46)) - raft.server.log.statemachine.data.sync = true (default)
2024-09-10 06:19:52,467 INFO  server.RaftServerConfigKeys (ConfUtils.java:logGet(46)) - raft.server.log.statemachine.data.sync.timeout = 10s (default)
2024-09-10 06:19:52,467 INFO  server.RaftServerConfigKeys (ConfUtils.java:logGet(46)) - raft.server.log.statemachine.data.sync.timeout.retry = -1 (default)
2024-09-10 06:19:52,467 INFO  server.RaftServerConfigKeys (ConfUtils.java:logGet(46)) - raft.server.log.write.buffer.size = 8MB (=8388608) (default)
2024-09-10 06:19:52,469 INFO  server.RaftServerConfigKeys (ConfUtils.java:logGet(46)) - raft.server.log.appender.buffer.byte-limit = 4MB (=4194304) (default)
2024-09-10 06:19:52,469 INFO  server.RaftServerConfigKeys (ConfUtils.java:logGet(46)) - raft.server.log.unsafe-flush.enabled = false (default)
2024-09-10 06:19:52,469 INFO  server.RaftServerConfigKeys (ConfUtils.java:logGet(46)) - raft.server.log.async-flush.enabled = false (default)
2024-09-10 06:19:52,469 INFO  server.RaftServerConfigKeys (ConfUtils.java:logGet(46)) - raft.server.log.statemachine.data.caching.enabled = false (default)
2024-09-10 06:19:52,469 INFO  segmented.SegmentedRaftLogWorker (SegmentedRaftLogWorker.java:lambda$new$0(138)) - s3@group-05D5B636F8BE-SegmentedRaftLogWorker: flushIndex: setUnconditionally 0 -> -1
2024-09-10 06:19:52,469 INFO  segmented.SegmentedRaftLogWorker (SegmentedRaftLogWorker.java:lambda$new$0(138)) - s3@group-05D5B636F8BE-SegmentedRaftLogWorker: safeCacheEvictIndex: setUnconditionally 0 -> -1
2024-09-10 06:19:52,470 INFO  server.RaftServer$Division (RaftServerImpl.java:start(391)) - s3@group-05D5B636F8BE: start as a follower, conf=conf: {index: -1, cur=peers:[s3|0.0.0.0:15003, s14|0.0.0.0:15014, s2|0.0.0.0:15002]|listeners:[], old=null}
2024-09-10 06:19:52,470 INFO  server.RaftServer$Division (RaftServerImpl.java:setRole(378)) - s3@group-05D5B636F8BE: changes role from      null to FOLLOWER at term 0 for startAsFollower
2024-09-10 06:19:52,470 INFO  impl.RoleInfo (RoleInfo.java:updateAndGet(148)) - s3: start s3@group-05D5B636F8BE-FollowerState
2024-09-10 06:19:52,470 INFO  server.RaftServerConfigKeys (ConfUtils.java:logFallback(53)) - raft.server.rpc.first-election.timeout.min = 300ms (fallback to raft.server.rpc.timeout.min)
2024-09-10 06:19:52,470 INFO  server.RaftServerConfigKeys (ConfUtils.java:logFallback(53)) - raft.server.rpc.first-election.timeout.max = 600ms (fallback to raft.server.rpc.timeout.max)
2024-09-10 06:19:52,470 INFO  util.JmxRegister (JmxRegister.java:tryRegister(44)) - Successfully registered JMX Bean with object name Ratis:service=RaftServer,group=group-05D5B636F8BE,id=s3
2024-09-10 06:19:52,470 INFO  util.JmxRegister (JmxRegister.java:register(58)) - register mxBean class org.apache.ratis.server.impl.RaftServerJmxAdapter as Ratis:service=RaftServer,group=group-05D5B636F8BE,id=s3
2024-09-10 06:19:52,471 INFO  server.RaftServerConfigKeys (ConfUtils.java:logGet(46)) - raft.server.snapshot.trigger-when-stop.enabled = true (default)
2024-09-10 06:19:52,471 INFO  server.RaftServerConfigKeys (ConfUtils.java:logGet(46)) - raft.server.snapshot.trigger-when-remove.enabled = true (default)
2024-09-10 06:19:52,471 INFO  server.RaftServerConfigKeys (ConfUtils.java:logGet(46)) - raft.server.snapshot.auto.trigger.enabled = false (default)
2024-09-10 06:19:52,471 INFO  server.RaftServerConfigKeys (ConfUtils.java:logGet(46)) - raft.server.snapshot.retention.file.num = -1 (default)
2024-09-10 06:19:52,471 INFO  server.RaftServerConfigKeys (ConfUtils.java:logGet(46)) - raft.server.log.purge.upto.snapshot.index = false (default)
2024-09-10 06:19:52,480 INFO  server.RaftServerConfigKeys (ConfUtils.java:logGet(46)) - raft.server.rpc.timeout.max = 600ms (custom)
2024-09-10 06:19:52,481 INFO  ratis.RaftTestUtil (RaftTestUtil.java:waitForLeader(107)) - printing group-05D5B636F8BE
  s3:  RUNNING [
   FOLLOWER s3@group-05D5B636F8BE:t0, leader=null, voted=, raftlog=Memoized:s3@group-05D5B636F8BE-SegmentedRaftLog:OPENED:c-1:lastnull, conf=conf: {index: -1, cur=peers:[s3|0.0.0.0:15003, s14|0.0.0.0:15014, s2|0.0.0.0:15002]|listeners:[], old=null} RUNNING
   FOLLOWER s3@group-DF8C9DCF2580:t0, leader=null, voted=, raftlog=Memoized:s3@group-DF8C9DCF2580-SegmentedRaftLog:OPENED:c-1:lastnull, conf=conf: {index: -1, cur=peers:[]|listeners:[], old=null} STARTING] size=2
  s14:  RUNNING [
   FOLLOWER s14@group-05D5B636F8BE:t0, leader=null, voted=, raftlog=Memoized:s14@group-05D5B636F8BE-SegmentedRaftLog:OPENED:c-1:lastnull, conf=conf: {index: -1, cur=peers:[s3|0.0.0.0:15003, s14|0.0.0.0:15014, s2|0.0.0.0:15002]|listeners:[], old=null} RUNNING
   FOLLOWER s14@group-DF8C9DCF2580:t0, leader=null, voted=, raftlog=Memoized:s14@group-DF8C9DCF2580-SegmentedRaftLog:OPENED:c-1:lastnull, conf=conf: {index: -1, cur=peers:[]|listeners:[], old=null} STARTING] size=2
  s2:  RUNNING [
   FOLLOWER s2@group-05D5B636F8BE:t0, leader=null, voted=, raftlog=Memoized:s2@group-05D5B636F8BE-SegmentedRaftLog:OPENED:c-1:lastnull, conf=conf: {index: -1, cur=peers:[s3|0.0.0.0:15003, s14|0.0.0.0:15014, s2|0.0.0.0:15002]|listeners:[], old=null} RUNNING
   FOLLOWER s2@group-DF8C9DCF2580:t0, leader=null, voted=, raftlog=Memoized:s2@group-DF8C9DCF2580-SegmentedRaftLog:OPENED:c-1:lastnull, conf=conf: {index: -1, cur=peers:[]|listeners:[], old=null} STARTING] size=2
2024-09-10 06:19:52,481 WARN  ratis.RaftTestUtil (RaftTestUtil.java:lambda$waitForLeader$3(126)) - Attempt #1 failed: java.lang.IllegalStateException: No leader yet  for group-05D5B636F8BE: printing group-05D5B636F8BE
  s3:  RUNNING [
   FOLLOWER s3@group-05D5B636F8BE:t0, leader=null, voted=, raftlog=Memoized:s3@group-05D5B636F8BE-SegmentedRaftLog:OPENED:c-1:lastnull, conf=conf: {index: -1, cur=peers:[s3|0.0.0.0:15003, s14|0.0.0.0:15014, s2|0.0.0.0:15002]|listeners:[], old=null} RUNNING
   FOLLOWER s3@group-DF8C9DCF2580:t0, leader=null, voted=, raftlog=Memoized:s3@group-DF8C9DCF2580-SegmentedRaftLog:OPENED:c-1:lastnull, conf=conf: {index: -1, cur=peers:[]|listeners:[], old=null} STARTING] size=2
  s14:  RUNNING [
   FOLLOWER s14@group-05D5B636F8BE:t0, leader=null, voted=, raftlog=Memoized:s14@group-05D5B636F8BE-SegmentedRaftLog:OPENED:c-1:lastnull, conf=conf: {index: -1, cur=peers:[s3|0.0.0.0:15003, s14|0.0.0.0:15014, s2|0.0.0.0:15002]|listeners:[], old=null} RUNNING
   FOLLOWER s14@group-DF8C9DCF2580:t0, leader=null, voted=, raftlog=Memoized:s14@group-DF8C9DCF2580-SegmentedRaftLog:OPENED:c-1:lastnull, conf=conf: {index: -1, cur=peers:[]|listeners:[], old=null} STARTING] size=2
  s2:  RUNNING [
   FOLLOWER s2@group-05D5B636F8BE:t0, leader=null, voted=, raftlog=Memoized:s2@group-05D5B636F8BE-SegmentedRaftLog:OPENED:c-1:lastnull, conf=conf: {index: -1, cur=peers:[s3|0.0.0.0:15003, s14|0.0.0.0:15014, s2|0.0.0.0:15002]|listeners:[], old=null} RUNNING
   FOLLOWER s2@group-DF8C9DCF2580:t0, leader=null, voted=, raftlog=Memoized:s2@group-DF8C9DCF2580-SegmentedRaftLog:OPENED:c-1:lastnull, conf=conf: {index: -1, cur=peers:[]|listeners:[], old=null} STARTING] size=2
2024-09-10 06:19:52,770 INFO  impl.FollowerState (FollowerState.java:run(144)) - s14@group-05D5B636F8BE-FollowerState: change to CANDIDATE, lastRpcElapsedTime:353503175ns, electionTimeout:353ms
2024-09-10 06:19:52,770 INFO  impl.RoleInfo (RoleInfo.java:shutdownFollowerState(119)) - s14: shutdown s14@group-05D5B636F8BE-FollowerState
2024-09-10 06:19:52,770 INFO  server.RaftServer$Division (RaftServerImpl.java:setRole(378)) - s14@group-05D5B636F8BE: changes role from  FOLLOWER to CANDIDATE at term 0 for changeToCandidate
2024-09-10 06:19:52,770 INFO  server.RaftServerConfigKeys (ConfUtils.java:logGet(46)) - raft.server.leaderelection.pre-vote = true (default)
2024-09-10 06:19:52,770 INFO  impl.RoleInfo (RoleInfo.java:updateAndGet(148)) - s14: start s14@group-05D5B636F8BE-LeaderElection16
2024-09-10 06:19:52,771 INFO  impl.LeaderElection (LeaderElection.java:askForVotes(325)) - s14@group-05D5B636F8BE-LeaderElection16 PRE_VOTE round 0: submit vote requests at term 0 for conf: {index: -1, cur=peers:[s3|0.0.0.0:15003, s14|0.0.0.0:15014, s2|0.0.0.0:15002]|listeners:[], old=null}
2024-09-10 06:19:52,771 INFO  server.GrpcServerProtocolClient (GrpcServerProtocolClient.java:<init>(65)) - Build channel for s3|0.0.0.0:15003
2024-09-10 06:19:52,771 INFO  server.RaftServerConfigKeys (ConfUtils.java:logFallback(53)) - raft.server.rpc.first-election.timeout.min = 300ms (fallback to raft.server.rpc.timeout.min)
2024-09-10 06:19:52,771 INFO  server.GrpcServerProtocolClient (GrpcServerProtocolClient.java:<init>(65)) - Build channel for s2|0.0.0.0:15002
2024-09-10 06:19:52,771 INFO  server.RaftServerConfigKeys (ConfUtils.java:logFallback(53)) - raft.server.rpc.first-election.timeout.max = 600ms (fallback to raft.server.rpc.timeout.max)
2024-09-10 06:19:52,776 INFO  server.RaftServer$Division (RaftServerImpl.java:requestVote(1437)) - s2@group-05D5B636F8BE: receive requestVote(PRE_VOTE, s14, group-05D5B636F8BE, 0, (t:0, i:0))
2024-09-10 06:19:52,777 INFO  impl.VoteContext (VoteContext.java:log(49)) - s2@group-05D5B636F8BE-FOLLOWER: accept PRE_VOTE from s14: our priority 0 <= candidate's priority 0
2024-09-10 06:19:52,777 INFO  server.RaftServer$Division (RaftServerImpl.java:requestVote(1470)) - s2@group-05D5B636F8BE replies to PRE_VOTE vote request: s14<-s2#0:OK-t0. Peer's state: s2@group-05D5B636F8BE:t0, leader=null, voted=, raftlog=Memoized:s2@group-05D5B636F8BE-SegmentedRaftLog:OPENED:c-1:lastnull, conf=conf: {index: -1, cur=peers:[s3|0.0.0.0:15003, s14|0.0.0.0:15014, s2|0.0.0.0:15002]|listeners:[], old=null}
2024-09-10 06:19:52,778 INFO  server.RaftServer$Division (RaftServerImpl.java:requestVote(1437)) - s3@group-05D5B636F8BE: receive requestVote(PRE_VOTE, s14, group-05D5B636F8BE, 0, (t:0, i:0))
2024-09-10 06:19:52,778 INFO  impl.VoteContext (VoteContext.java:log(49)) - s3@group-05D5B636F8BE-FOLLOWER: accept PRE_VOTE from s14: our priority 0 <= candidate's priority 0
2024-09-10 06:19:52,778 INFO  server.RaftServer$Division (RaftServerImpl.java:requestVote(1470)) - s3@group-05D5B636F8BE replies to PRE_VOTE vote request: s14<-s3#0:OK-t0. Peer's state: s3@group-05D5B636F8BE:t0, leader=null, voted=, raftlog=Memoized:s3@group-05D5B636F8BE-SegmentedRaftLog:OPENED:c-1:lastnull, conf=conf: {index: -1, cur=peers:[s3|0.0.0.0:15003, s14|0.0.0.0:15014, s2|0.0.0.0:15002]|listeners:[], old=null}
2024-09-10 06:19:52,779 INFO  impl.LeaderElection (LeaderElection.java:logAndReturn(89)) - s14@group-05D5B636F8BE-LeaderElection16: PRE_VOTE PASSED received 1 response(s) and 0 exception(s):
2024-09-10 06:19:52,779 INFO  impl.LeaderElection (LeaderElection.java:logAndReturn(93)) -   Response 0: s14<-s2#0:OK-t0
2024-09-10 06:19:52,779 INFO  impl.LeaderElection (LeaderElection.java:askForVotes(327)) - s14@group-05D5B636F8BE-LeaderElection16 PRE_VOTE round 0: result PASSED
2024-09-10 06:19:52,780 TRACE util.FileUtils (LogUtils.java:supplyAndLog(69)) - Successfully supplied FileChannel.open /home/runner/work/ratis/ratis/ratis-examples/target/test/data/f624d035/MiniRaftClusterWithGrpc4aa2bfeb/s14/ee0e86cd-827b-45c2-9dbc-05d5b636f8be/current/raft-meta.tmp with options [CREATE, WRITE]: sun.nio.ch.FileChannelImpl@6a3c8770
2024-09-10 06:19:52,781 TRACE util.FileUtils (LogUtils.java:runAndLog(49)) - Successfully ran Atomic Files.move /home/runner/work/ratis/ratis/ratis-examples/target/test/data/f624d035/MiniRaftClusterWithGrpc4aa2bfeb/s14/ee0e86cd-827b-45c2-9dbc-05d5b636f8be/current/raft-meta.tmp to /home/runner/work/ratis/ratis/ratis-examples/target/test/data/f624d035/MiniRaftClusterWithGrpc4aa2bfeb/s14/ee0e86cd-827b-45c2-9dbc-05d5b636f8be/current/raft-meta with options [REPLACE_EXISTING]
2024-09-10 06:19:52,781 INFO  impl.LeaderElection (LeaderElection.java:askForVotes(325)) - s14@group-05D5B636F8BE-LeaderElection16 ELECTION round 0: submit vote requests at term 1 for conf: {index: -1, cur=peers:[s3|0.0.0.0:15003, s14|0.0.0.0:15014, s2|0.0.0.0:15002]|listeners:[], old=null}
2024-09-10 06:19:52,781 INFO  server.RaftServerConfigKeys (ConfUtils.java:logFallback(53)) - raft.server.rpc.first-election.timeout.min = 300ms (fallback to raft.server.rpc.timeout.min)
2024-09-10 06:19:52,781 INFO  server.RaftServerConfigKeys (ConfUtils.java:logFallback(53)) - raft.server.rpc.first-election.timeout.max = 600ms (fallback to raft.server.rpc.timeout.max)
2024-09-10 06:19:52,783 INFO  server.RaftServer$Division (RaftServerImpl.java:requestVote(1437)) - s3@group-05D5B636F8BE: receive requestVote(ELECTION, s14, group-05D5B636F8BE, 1, (t:0, i:0))
2024-09-10 06:19:52,784 INFO  impl.VoteContext (VoteContext.java:log(49)) - s3@group-05D5B636F8BE-FOLLOWER: accept ELECTION from s14: our priority 0 <= candidate's priority 0
2024-09-10 06:19:52,784 INFO  server.RaftServer$Division (RaftServerImpl.java:setRole(378)) - s3@group-05D5B636F8BE: changes role from  FOLLOWER to FOLLOWER at term 1 for candidate:s14
2024-09-10 06:19:52,784 INFO  impl.RoleInfo (RoleInfo.java:shutdownFollowerState(119)) - s3: shutdown s3@group-05D5B636F8BE-FollowerState
2024-09-10 06:19:52,784 INFO  impl.FollowerState (FollowerState.java:run(153)) - s3@group-05D5B636F8BE-FollowerState was interrupted
2024-09-10 06:19:52,787 INFO  server.RaftServer$Division (RaftServerImpl.java:requestVote(1437)) - s2@group-05D5B636F8BE: receive requestVote(ELECTION, s14, group-05D5B636F8BE, 1, (t:0, i:0))
2024-09-10 06:19:52,787 INFO  impl.RoleInfo (RoleInfo.java:updateAndGet(148)) - s3: start s3@group-05D5B636F8BE-FollowerState
2024-09-10 06:19:52,787 INFO  impl.VoteContext (VoteContext.java:log(49)) - s2@group-05D5B636F8BE-FOLLOWER: accept ELECTION from s14: our priority 0 <= candidate's priority 0
2024-09-10 06:19:52,788 INFO  server.RaftServer$Division (RaftServerImpl.java:setRole(378)) - s2@group-05D5B636F8BE: changes role from  FOLLOWER to FOLLOWER at term 1 for candidate:s14
2024-09-10 06:19:52,788 INFO  impl.RoleInfo (RoleInfo.java:shutdownFollowerState(119)) - s2: shutdown s2@group-05D5B636F8BE-FollowerState
2024-09-10 06:19:52,788 INFO  server.RaftServer$Division (RaftServerImpl.java:setFirstElection(559)) - s3@group-05D5B636F8BE: set firstElectionSinceStartup to false for candidate:s14
2024-09-10 06:19:52,788 INFO  impl.FollowerState (FollowerState.java:run(153)) - s2@group-05D5B636F8BE-FollowerState was interrupted
2024-09-10 06:19:52,788 TRACE util.FileUtils (LogUtils.java:supplyAndLog(69)) - Successfully supplied FileChannel.open /home/runner/work/ratis/ratis/ratis-examples/target/test/data/f624d035/MiniRaftClusterWithGrpc4aa2bfeb/s3/ee0e86cd-827b-45c2-9dbc-05d5b636f8be/current/raft-meta.tmp with options [CREATE, WRITE]: sun.nio.ch.FileChannelImpl@13acb7c0
2024-09-10 06:19:52,788 INFO  impl.RoleInfo (RoleInfo.java:updateAndGet(148)) - s2: start s2@group-05D5B636F8BE-FollowerState
2024-09-10 06:19:52,789 INFO  server.RaftServer$Division (RaftServerImpl.java:setFirstElection(559)) - s2@group-05D5B636F8BE: set firstElectionSinceStartup to false for candidate:s14
2024-09-10 06:19:52,789 TRACE util.FileUtils (LogUtils.java:supplyAndLog(69)) - Successfully supplied FileChannel.open /home/runner/work/ratis/ratis/ratis-examples/target/test/data/f624d035/MiniRaftClusterWithGrpc4aa2bfeb/s2/ee0e86cd-827b-45c2-9dbc-05d5b636f8be/current/raft-meta.tmp with options [CREATE, WRITE]: sun.nio.ch.FileChannelImpl@362b2173
2024-09-10 06:19:52,790 TRACE util.FileUtils (LogUtils.java:runAndLog(49)) - Successfully ran Atomic Files.move /home/runner/work/ratis/ratis/ratis-examples/target/test/data/f624d035/MiniRaftClusterWithGrpc4aa2bfeb/s3/ee0e86cd-827b-45c2-9dbc-05d5b636f8be/current/raft-meta.tmp to /home/runner/work/ratis/ratis/ratis-examples/target/test/data/f624d035/MiniRaftClusterWithGrpc4aa2bfeb/s3/ee0e86cd-827b-45c2-9dbc-05d5b636f8be/current/raft-meta with options [REPLACE_EXISTING]
2024-09-10 06:19:52,790 INFO  server.RaftServer$Division (RaftServerImpl.java:requestVote(1470)) - s3@group-05D5B636F8BE replies to ELECTION vote request: s14<-s3#0:OK-t1. Peer's state: s3@group-05D5B636F8BE:t1, leader=null, voted=s14, raftlog=Memoized:s3@group-05D5B636F8BE-SegmentedRaftLog:OPENED:c-1:lastnull, conf=conf: {index: -1, cur=peers:[s3|0.0.0.0:15003, s14|0.0.0.0:15014, s2|0.0.0.0:15002]|listeners:[], old=null}
2024-09-10 06:19:52,790 TRACE util.FileUtils (LogUtils.java:runAndLog(49)) - Successfully ran Atomic Files.move /home/runner/work/ratis/ratis/ratis-examples/target/test/data/f624d035/MiniRaftClusterWithGrpc4aa2bfeb/s2/ee0e86cd-827b-45c2-9dbc-05d5b636f8be/current/raft-meta.tmp to /home/runner/work/ratis/ratis/ratis-examples/target/test/data/f624d035/MiniRaftClusterWithGrpc4aa2bfeb/s2/ee0e86cd-827b-45c2-9dbc-05d5b636f8be/current/raft-meta with options [REPLACE_EXISTING]
2024-09-10 06:19:52,790 INFO  server.RaftServer$Division (RaftServerImpl.java:requestVote(1470)) - s2@group-05D5B636F8BE replies to ELECTION vote request: s14<-s2#0:OK-t1. Peer's state: s2@group-05D5B636F8BE:t1, leader=null, voted=s14, raftlog=Memoized:s2@group-05D5B636F8BE-SegmentedRaftLog:OPENED:c-1:lastnull, conf=conf: {index: -1, cur=peers:[s3|0.0.0.0:15003, s14|0.0.0.0:15014, s2|0.0.0.0:15002]|listeners:[], old=null}
2024-09-10 06:19:52,791 INFO  impl.LeaderElection (LeaderElection.java:logAndReturn(89)) - s14@group-05D5B636F8BE-LeaderElection16: ELECTION PASSED received 1 response(s) and 0 exception(s):
2024-09-10 06:19:52,791 INFO  impl.LeaderElection (LeaderElection.java:logAndReturn(93)) -   Response 0: s14<-s3#0:OK-t1
2024-09-10 06:19:52,791 INFO  impl.LeaderElection (LeaderElection.java:askForVotes(327)) - s14@group-05D5B636F8BE-LeaderElection16 ELECTION round 0: result PASSED
2024-09-10 06:19:52,791 INFO  impl.RoleInfo (RoleInfo.java:shutdownLeaderElection(139)) - s14: shutdown s14@group-05D5B636F8BE-LeaderElection16
2024-09-10 06:19:52,791 INFO  server.RaftServer$Division (RaftServerImpl.java:setRole(378)) - s14@group-05D5B636F8BE: changes role from CANDIDATE to LEADER at term 1 for changeToLeader
2024-09-10 06:19:52,791 INFO  server.RaftServerConfigKeys (ConfUtils.java:logGet(46)) - raft.server.staging.catchup.gap = 1000 (default)
2024-09-10 06:19:52,791 INFO  server.RaftServerConfigKeys (ConfUtils.java:logGet(46)) - raft.server.write.element-limit = 4096 (default)
2024-09-10 06:19:52,791 INFO  server.RaftServerConfigKeys (ConfUtils.java:logGet(46)) - raft.server.write.byte-limit = 64MB (=67108864) (default)
2024-09-10 06:19:52,791 INFO  server.RaftServerConfigKeys (ConfUtils.java:logGet(46)) - raft.server.watch.timeout = 10s (default)
2024-09-10 06:19:52,791 INFO  server.RaftServerConfigKeys (ConfUtils.java:logGet(46)) - raft.server.watch.timeout.denomination = 1s (default)
2024-09-10 06:19:52,792 INFO  server.RaftServerConfigKeys (ConfUtils.java:logGet(46)) - raft.server.watch.element-limit = 65536 (default)
2024-09-10 06:19:52,792 INFO  server.RaftServerConfigKeys (ConfUtils.java:logGet(46)) - raft.server.read.leader.lease.enabled = false (default)
2024-09-10 06:19:52,792 INFO  server.RaftServerConfigKeys (ConfUtils.java:logGet(46)) - raft.server.read.leader.lease.timeout.ratio = 0.9 (default)
2024-09-10 06:19:52,792 INFO  server.RaftServerConfigKeys (ConfUtils.java:logGet(46)) - raft.server.rpc.timeout.min = 300ms (custom)
2024-09-10 06:19:52,792 INFO  server.RaftServerConfigKeys (ConfUtils.java:logGet(46)) - raft.server.log.log-metadata.enabled = true (default)
2024-09-10 06:19:52,792 INFO  server.RaftServerConfigKeys (ConfUtils.java:logGet(46)) - raft.server.write.element-limit = 4096 (default)
2024-09-10 06:19:52,792 INFO  server.RaftServerConfigKeys (ConfUtils.java:logGet(46)) - raft.server.write.follower.gap.ratio.max = -1.0 (default)
2024-09-10 06:19:52,792 INFO  server.RaftServerConfigKeys (ConfUtils.java:logGet(46)) - raft.server.log.appender.snapshot.chunk.size.max = 16MB (=16777216) (default)
2024-09-10 06:19:52,792 INFO  server.RaftServerConfigKeys (ConfUtils.java:logGet(46)) - raft.server.log.appender.buffer.byte-limit = 4MB (=4194304) (default)
2024-09-10 06:19:52,792 INFO  server.RaftServerConfigKeys (ConfUtils.java:logGet(46)) - raft.server.log.appender.buffer.element-limit = 0 (default)
2024-09-10 06:19:52,792 INFO  server.RaftServerConfigKeys (ConfUtils.java:logGet(46)) - raft.server.log.appender.wait-time.min = 1ms (default)
2024-09-10 06:19:52,792 INFO  grpc.GrpcConfigKeys (ConfUtils.java:logGet(46)) - raft.grpc.server.leader.outstanding.appends.max = 8 (default)
2024-09-10 06:19:52,792 INFO  server.RaftServerConfigKeys (ConfUtils.java:logGet(46)) - raft.server.rpc.request.timeout = 3000ms (default)
2024-09-10 06:19:52,793 INFO  grpc.GrpcConfigKeys (ConfUtils.java:logGet(46)) - raft.grpc.server.install_snapshot.request.element-limit = 8 (default)
2024-09-10 06:19:52,793 INFO  grpc.GrpcConfigKeys (ConfUtils.java:logGet(46)) - raft.grpc.server.install_snapshot.request.timeout = 3000ms (default)
2024-09-10 06:19:52,793 INFO  grpc.GrpcConfigKeys (ConfUtils.java:logGet(46)) - raft.grpc.server.log-message.batch.duration = 5s (default)
2024-09-10 06:19:52,793 INFO  server.RaftServerConfigKeys (ConfUtils.java:logGet(46)) - raft.server.log.appender.install.snapshot.enabled = true (default)
2024-09-10 06:19:52,793 INFO  grpc.GrpcConfigKeys (ConfUtils.java:logGet(46)) - raft.grpc.server.heartbeat.channel = true (default)
2024-09-10 06:19:52,793 INFO  server.RaftServerConfigKeys (ConfUtils.java:logGet(46)) - raft.server.log.appender.snapshot.chunk.size.max = 16MB (=16777216) (default)
2024-09-10 06:19:52,793 INFO  server.RaftServerConfigKeys (ConfUtils.java:logGet(46)) - raft.server.log.appender.buffer.byte-limit = 4MB (=4194304) (default)
2024-09-10 06:19:52,793 INFO  server.RaftServerConfigKeys (ConfUtils.java:logGet(46)) - raft.server.log.appender.buffer.element-limit = 0 (default)
2024-09-10 06:19:52,793 INFO  server.RaftServerConfigKeys (ConfUtils.java:logGet(46)) - raft.server.log.appender.wait-time.min = 1ms (default)
2024-09-10 06:19:52,793 INFO  grpc.GrpcConfigKeys (ConfUtils.java:logGet(46)) - raft.grpc.server.leader.outstanding.appends.max = 8 (default)
2024-09-10 06:19:52,793 INFO  server.RaftServerConfigKeys (ConfUtils.java:logGet(46)) - raft.server.rpc.request.timeout = 3000ms (default)
2024-09-10 06:19:52,793 INFO  grpc.GrpcConfigKeys (ConfUtils.java:logGet(46)) - raft.grpc.server.install_snapshot.request.element-limit = 8 (default)
2024-09-10 06:19:52,793 INFO  grpc.GrpcConfigKeys (ConfUtils.java:logGet(46)) - raft.grpc.server.install_snapshot.request.timeout = 3000ms (default)
2024-09-10 06:19:52,793 INFO  grpc.GrpcConfigKeys (ConfUtils.java:logGet(46)) - raft.grpc.server.log-message.batch.duration = 5s (default)
2024-09-10 06:19:52,793 INFO  server.RaftServerConfigKeys (ConfUtils.java:logGet(46)) - raft.server.log.appender.install.snapshot.enabled = true (default)
2024-09-10 06:19:52,794 INFO  grpc.GrpcConfigKeys (ConfUtils.java:logGet(46)) - raft.grpc.server.heartbeat.channel = true (default)
2024-09-10 06:19:52,794 INFO  impl.RoleInfo (RoleInfo.java:updateAndGet(148)) - s14: start s14@group-05D5B636F8BE-LeaderStateImpl
2024-09-10 06:19:52,794 INFO  server.RaftServer$Division (RaftServerImpl.java:setFirstElection(559)) - s14@group-05D5B636F8BE: set firstElectionSinceStartup to false for becomeLeader
2024-09-10 06:19:52,794 INFO  server.RaftServer$Division (ServerState.java:setLeader(272)) - s14@group-05D5B636F8BE: change Leader from null to s14 at term 1 for becomeLeader, leader elected after 387ms
2024-09-10 06:19:52,794 INFO  segmented.SegmentedRaftLogWorker (SegmentedRaftLogWorker.java:startLogSegment(438)) - s14@group-05D5B636F8BE-SegmentedRaftLogWorker: Starting segment from index:0
2024-09-10 06:19:52,794 INFO  server.RaftServer$Division (ServerState.java:setRaftConf(386)) - s14@group-05D5B636F8BE: set configuration conf: {index: 0, cur=peers:[s3|0.0.0.0:15003, s14|0.0.0.0:15014, s2|0.0.0.0:15002]|listeners:[], old=null}
2024-09-10 06:19:52,794 INFO  segmented.BufferedWriteChannel (BufferedWriteChannel.java:open(61)) - open log_inprogress_0 at position 0
2024-09-10 06:19:52,799 INFO  server.RaftServer$Division (ServerState.java:setLeader(272)) - s2@group-05D5B636F8BE: change Leader from null to s14 at term 1 for appendEntries, leader elected after 362ms
2024-09-10 06:19:52,799 INFO  server.RaftServer$Division (ServerState.java:setLeader(272)) - s3@group-05D5B636F8BE: change Leader from null to s14 at term 1 for appendEntries, leader elected after 339ms
2024-09-10 06:19:52,802 DEBUG server.RaftServer$Division (RaftServerImpl.java:logAppendEntries(1539)) - s2@group-05D5B636F8BE: appendEntries* s14->s2#1-t1,previous=(t:0, i:0),leaderCommit=-1,initializing? false,entries: size=1, first=(t:1, i:0), CONFIGURATIONENTRY(current:id:"s3"address:"0.0.0.0:15003"clientAddress:"0.0.0.0:15003"adminAddress:"0.0.0.0:15003"startupRole:FOLLOWER, id:"s14"address:"0.0.0.0:15014"clientAddress:"0.0.0.0:15014"adminAddress:"0.0.0.0:15014"startupRole:FOLLOWER, id:"s2"address:"0.0.0.0:15002"clientAddress:"0.0.0.0:15002"adminAddress:"0.0.0.0:15002"startupRole:FOLLOWER, old:)
2024-09-10 06:19:52,802 DEBUG server.RaftServer$Division (RaftServerImpl.java:logAppendEntries(1539)) - s3@group-05D5B636F8BE: appendEntries* s14->s3#1-t1,previous=(t:0, i:0),leaderCommit=-1,initializing? false,entries: size=1, first=(t:1, i:0), CONFIGURATIONENTRY(current:id:"s3"address:"0.0.0.0:15003"clientAddress:"0.0.0.0:15003"adminAddress:"0.0.0.0:15003"startupRole:FOLLOWER, id:"s14"address:"0.0.0.0:15014"clientAddress:"0.0.0.0:15014"adminAddress:"0.0.0.0:15014"startupRole:FOLLOWER, id:"s2"address:"0.0.0.0:15002"clientAddress:"0.0.0.0:15002"adminAddress:"0.0.0.0:15002"startupRole:FOLLOWER, old:)
2024-09-10 06:19:52,803 INFO  server.RaftServer$Division (ServerState.java:setRaftConf(386)) - s2@group-05D5B636F8BE: set configuration conf: {index: 0, cur=peers:[s3|0.0.0.0:15003, s14|0.0.0.0:15014, s2|0.0.0.0:15002]|listeners:[], old=null}
2024-09-10 06:19:52,804 INFO  segmented.SegmentedRaftLogWorker (SegmentedRaftLogWorker.java:startLogSegment(438)) - s2@group-05D5B636F8BE-SegmentedRaftLogWorker: Starting segment from index:0
2024-09-10 06:19:52,804 INFO  server.RaftServer$Division (ServerState.java:setRaftConf(386)) - s3@group-05D5B636F8BE: set configuration conf: {index: 0, cur=peers:[s3|0.0.0.0:15003, s14|0.0.0.0:15014, s2|0.0.0.0:15002]|listeners:[], old=null}
2024-09-10 06:19:52,804 INFO  segmented.SegmentedRaftLogWorker (SegmentedRaftLogWorker.java:startLogSegment(438)) - s3@group-05D5B636F8BE-SegmentedRaftLogWorker: Starting segment from index:0
2024-09-10 06:19:52,805 INFO  segmented.SegmentedRaftLogWorker (SegmentedRaftLogWorker.java:execute(660)) - s14@group-05D5B636F8BE-SegmentedRaftLogWorker: created new log segment /home/runner/work/ratis/ratis/ratis-examples/target/test/data/f624d035/MiniRaftClusterWithGrpc4aa2bfeb/s14/ee0e86cd-827b-45c2-9dbc-05d5b636f8be/current/log_inprogress_0
2024-09-10 06:19:52,807 INFO  segmented.BufferedWriteChannel (BufferedWriteChannel.java:open(61)) - open log_inprogress_0 at position 0
2024-09-10 06:19:52,811 INFO  segmented.BufferedWriteChannel (BufferedWriteChannel.java:open(61)) - open log_inprogress_0 at position 0
2024-09-10 06:19:52,822 INFO  segmented.SegmentedRaftLogWorker (SegmentedRaftLogWorker.java:execute(660)) - s3@group-05D5B636F8BE-SegmentedRaftLogWorker: created new log segment /home/runner/work/ratis/ratis/ratis-examples/target/test/data/f624d035/MiniRaftClusterWithGrpc4aa2bfeb/s3/ee0e86cd-827b-45c2-9dbc-05d5b636f8be/current/log_inprogress_0
2024-09-10 06:19:52,822 DEBUG server.RaftServer$Division (RaftServerImpl.java:logAppendEntries(1539)) - s3@group-05D5B636F8BE: appendEntries* reply s14<-s3#1:OK-t1,SUCCESS,nextIndex=1,followerCommit=-1,matchIndex=0
2024-09-10 06:19:52,822 INFO  segmented.SegmentedRaftLogWorker (SegmentedRaftLogWorker.java:execute(660)) - s2@group-05D5B636F8BE-SegmentedRaftLogWorker: created new log segment /home/runner/work/ratis/ratis/ratis-examples/target/test/data/f624d035/MiniRaftClusterWithGrpc4aa2bfeb/s2/ee0e86cd-827b-45c2-9dbc-05d5b636f8be/current/log_inprogress_0
2024-09-10 06:19:52,823 DEBUG server.RaftServer$Division (RaftServerImpl.java:logAppendEntries(1539)) - s2@group-05D5B636F8BE: appendEntries* reply s14<-s2#1:OK-t1,SUCCESS,nextIndex=1,followerCommit=-1,matchIndex=0
2024-09-10 06:19:52,823 TRACE util.FileUtils (LogUtils.java:supplyAndLog(69)) - Successfully supplied FileChannel.open /home/runner/work/ratis/ratis/ratis-examples/target/test/data/f624d035/MiniRaftClusterWithGrpc4aa2bfeb/s14/ee0e86cd-827b-45c2-9dbc-05d5b636f8be/current/raft-meta.conf.tmp with options [CREATE, WRITE]: sun.nio.ch.FileChannelImpl@26e528c0
2024-09-10 06:19:52,824 TRACE util.FileUtils (LogUtils.java:runAndLog(49)) - Successfully ran Atomic Files.move /home/runner/work/ratis/ratis/ratis-examples/target/test/data/f624d035/MiniRaftClusterWithGrpc4aa2bfeb/s14/ee0e86cd-827b-45c2-9dbc-05d5b636f8be/current/raft-meta.conf.tmp to /home/runner/work/ratis/ratis/ratis-examples/target/test/data/f624d035/MiniRaftClusterWithGrpc4aa2bfeb/s14/ee0e86cd-827b-45c2-9dbc-05d5b636f8be/current/raft-meta.conf with options [REPLACE_EXISTING]
2024-09-10 06:19:52,824 INFO  server.RaftServer$Division (LeaderStateImpl.java:checkStartIndex(317)) - Leader s14@group-05D5B636F8BE-LeaderStateImpl is ready since appliedIndex == startIndex == 0
2024-09-10 06:19:52,975 TRACE util.FileUtils (LogUtils.java:supplyAndLog(69)) - Successfully supplied FileChannel.open /home/runner/work/ratis/ratis/ratis-examples/target/test/data/f624d035/MiniRaftClusterWithGrpc4aa2bfeb/s2/ee0e86cd-827b-45c2-9dbc-05d5b636f8be/current/raft-meta.conf.tmp with options [CREATE, WRITE]: sun.nio.ch.FileChannelImpl@76ca2f65
2024-09-10 06:19:52,975 TRACE util.FileUtils (LogUtils.java:supplyAndLog(69)) - Successfully supplied FileChannel.open /home/runner/work/ratis/ratis/ratis-examples/target/test/data/f624d035/MiniRaftClusterWithGrpc4aa2bfeb/s3/ee0e86cd-827b-45c2-9dbc-05d5b636f8be/current/raft-meta.conf.tmp with options [CREATE, WRITE]: sun.nio.ch.FileChannelImpl@70882e78
2024-09-10 06:19:52,977 TRACE util.FileUtils (LogUtils.java:runAndLog(49)) - Successfully ran Atomic Files.move /home/runner/work/ratis/ratis/ratis-examples/target/test/data/f624d035/MiniRaftClusterWithGrpc4aa2bfeb/s2/ee0e86cd-827b-45c2-9dbc-05d5b636f8be/current/raft-meta.conf.tmp to /home/runner/work/ratis/ratis/ratis-examples/target/test/data/f624d035/MiniRaftClusterWithGrpc4aa2bfeb/s2/ee0e86cd-827b-45c2-9dbc-05d5b636f8be/current/raft-meta.conf with options [REPLACE_EXISTING]
2024-09-10 06:19:52,978 TRACE util.FileUtils (LogUtils.java:runAndLog(49)) - Successfully ran Atomic Files.move /home/runner/work/ratis/ratis/ratis-examples/target/test/data/f624d035/MiniRaftClusterWithGrpc4aa2bfeb/s3/ee0e86cd-827b-45c2-9dbc-05d5b636f8be/current/raft-meta.conf.tmp to /home/runner/work/ratis/ratis/ratis-examples/target/test/data/f624d035/MiniRaftClusterWithGrpc4aa2bfeb/s3/ee0e86cd-827b-45c2-9dbc-05d5b636f8be/current/raft-meta.conf with options [REPLACE_EXISTING]
2024-09-10 06:19:53,382 INFO  ratis.RaftTestUtil (RaftTestUtil.java:waitForLeader(131)) - printing group-05D5B636F8BE
  s3:  RUNNING [
   FOLLOWER s3@group-05D5B636F8BE:t1, leader=s14, voted=s14, raftlog=Memoized:s3@group-05D5B636F8BE-SegmentedRaftLog:OPENED:c0:last(t:1, i:0), conf=conf: {index: 0, cur=peers:[s3|0.0.0.0:15003, s14|0.0.0.0:15014, s2|0.0.0.0:15002]|listeners:[], old=null} RUNNING
   FOLLOWER s3@group-DF8C9DCF2580:t0, leader=null, voted=, raftlog=Memoized:s3@group-DF8C9DCF2580-SegmentedRaftLog:OPENED:c-1:lastnull, conf=conf: {index: -1, cur=peers:[]|listeners:[], old=null} STARTING] size=2
  s14:  RUNNING [
     LEADER s14@group-05D5B636F8BE:t1, leader=s14, voted=s14, raftlog=Memoized:s14@group-05D5B636F8BE-SegmentedRaftLog:OPENED:c0:last(t:1, i:0), conf=conf: {index: 0, cur=peers:[s3|0.0.0.0:15003, s14|0.0.0.0:15014, s2|0.0.0.0:15002]|listeners:[], old=null} RUNNING
   FOLLOWER s14@group-DF8C9DCF2580:t0, leader=null, voted=, raftlog=Memoized:s14@group-DF8C9DCF2580-SegmentedRaftLog:OPENED:c-1:lastnull, conf=conf: {index: -1, cur=peers:[]|listeners:[], old=null} STARTING] size=2
  s2:  RUNNING [
   FOLLOWER s2@group-05D5B636F8BE:t1, leader=s14, voted=s14, raftlog=Memoized:s2@group-05D5B636F8BE-SegmentedRaftLog:OPENED:c0:last(t:1, i:0), conf=conf: {index: 0, cur=peers:[s3|0.0.0.0:15003, s14|0.0.0.0:15014, s2|0.0.0.0:15002]|listeners:[], old=null} RUNNING
   FOLLOWER s2@group-DF8C9DCF2580:t0, leader=null, voted=, raftlog=Memoized:s2@group-DF8C9DCF2580-SegmentedRaftLog:OPENED:c-1:lastnull, conf=conf: {index: -1, cur=peers:[]|listeners:[], old=null} STARTING] size=2
2024-09-10 06:19:53,388 DEBUG server.RaftServer$Division (RaftServerImpl.java:submitClientRequestAsync(910)) - s3@group-05D5B636F8BE: receive client request(RaftClientRequest:client-0D8F39A90E5A->s3@group-05D5B636F8BE, cid=4284, seq=null, RW, Message:01016102404580000000...(size=12))
2024-09-10 06:19:53,388 INFO  server.GrpcClientProtocolService (GrpcClientProtocolService.java:lambda$processClientRequest$0(331)) - Failed request cid=4284, null, reply=RaftClientReply:client-0D8F39A90E5A->s3@group-05D5B636F8BE, cid=4284, FAILED org.apache.ratis.protocol.exceptions.NotLeaderException: Server s3@group-05D5B636F8BE is not the leader, suggested leader is: s14|0.0.0.0:15014, logIndex=0, commits[s3:c0, s14:c0, s2:c0]
2024-09-10 06:19:53,497 DEBUG server.RaftServer$Division (RaftServerImpl.java:submitClientRequestAsync(910)) - s14@group-05D5B636F8BE: receive client request(RaftClientRequest:client-0D8F39A90E5A->s14@group-05D5B636F8BE, cid=4284, seq=null, RW, Message:01016102404580000000...(size=12))
2024-09-10 06:19:53,497 DEBUG server.RaftServer$Division (LeaderStateImpl.java:addPendingRequest(532)) - s14@group-05D5B636F8BE-LeaderStateImpl: addPendingRequest at RaftClientRequest:client-0D8F39A90E5A->s14@group-05D5B636F8BE, cid=4284, seq=null, RW, Message:01016102404580000000...(size=12), entry=(t:1, i:1), STATEMACHINELOGENTRY, WRITE: logData.size=12, stateMachineData.size=0, logEntryProtoSerializedSize=0
2024-09-10 06:19:53,498 DEBUG server.RaftServer$Division (RaftServerImpl.java:logAppendEntries(1539)) - s3@group-05D5B636F8BE: appendEntries* s14->s3#9-t1,previous=(t:1, i:0),leaderCommit=0,initializing? false,entries: size=1, first=(t:1, i:1), STATEMACHINELOGENTRY, StateMachineLogEntryProto:4284@client-0D8F39A90E5A
2024-09-10 06:19:53,498 DEBUG server.RaftServer$Division (RaftServerImpl.java:logAppendEntries(1539)) - s2@group-05D5B636F8BE: appendEntries* s14->s2#8-t1,previous=(t:1, i:0),leaderCommit=0,initializing? false,entries: size=1, first=(t:1, i:1), STATEMACHINELOGENTRY, StateMachineLogEntryProto:4284@client-0D8F39A90E5A
2024-09-10 06:19:53,499 DEBUG server.RaftServer$Division (RaftServerImpl.java:logAppendEntries(1539)) - s2@group-05D5B636F8BE: appendEntries* reply s14<-s2#8:OK-t1,SUCCESS,nextIndex=2,followerCommit=0,matchIndex=1
2024-09-10 06:19:53,499 DEBUG server.RaftServer$Division (RaftServerImpl.java:logAppendEntries(1539)) - s3@group-05D5B636F8BE: appendEntries* reply s14<-s3#9:OK-t1,SUCCESS,nextIndex=2,followerCommit=0,matchIndex=1
2024-09-10 06:19:53,499 INFO  statemachine.StateMachine (ArithmeticStateMachine.java:applyTransaction(181)) - LEADER:s14-1: a = 43 = 43
2024-09-10 06:19:53,500 DEBUG server.RaftServer$Division (RaftServerImpl.java:logAppendEntries(1539)) - s2@group-05D5B636F8BE: appendEntries* s14->s2#9-t1,previous=(t:1, i:1),leaderCommit=1,initializing? false,entries: size=1, first=(t:1, i:2), METADATAENTRY(c:1)
2024-09-10 06:19:53,501 DEBUG server.RaftServer$Division (RaftServerImpl.java:logAppendEntries(1539)) - s2@group-05D5B636F8BE: appendEntries* reply s14<-s2#9:OK-t1,SUCCESS,nextIndex=3,followerCommit=1,matchIndex=2
2024-09-10 06:19:53,502 DEBUG server.RaftServer$Division (RaftServerImpl.java:logAppendEntries(1539)) - s3@group-05D5B636F8BE: appendEntries* s14->s3#10-t1,previous=(t:1, i:1),leaderCommit=1,initializing? false,entries: size=1, first=(t:1, i:2), METADATAENTRY(c:1)
2024-09-10 06:19:53,502 DEBUG server.RaftServer$Division (RaftServerImpl.java:logAppendEntries(1539)) - s3@group-05D5B636F8BE: appendEntries* reply s14<-s3#10:OK-t1,SUCCESS,nextIndex=3,followerCommit=1,matchIndex=2
2024-09-10 06:19:53,504 DEBUG server.RaftServer$Division (RaftServerImpl.java:submitClientRequestAsync(910)) - s14@group-05D5B636F8BE: receive client request(RaftClientRequest:client-0D8F39A90E5A->s14@group-05D5B636F8BE, cid=4285, seq=null, RW, Message:01016202408ce0000000...(size=12))
2024-09-10 06:19:53,504 DEBUG server.RaftServer$Division (LeaderStateImpl.java:addPendingRequest(532)) - s14@group-05D5B636F8BE-LeaderStateImpl: addPendingRequest at RaftClientRequest:client-0D8F39A90E5A->s14@group-05D5B636F8BE, cid=4285, seq=null, RW, Message:01016202408ce0000000...(size=12), entry=(t:1, i:3), STATEMACHINELOGENTRY, WRITE: logData.size=12, stateMachineData.size=0, logEntryProtoSerializedSize=0
2024-09-10 06:19:53,505 DEBUG server.RaftServer$Division (RaftServerImpl.java:logAppendEntries(1539)) - s3@group-05D5B636F8BE: appendEntries* s14->s3#11-t1,previous=(t:1, i:2),leaderCommit=1,initializing? false,entries: size=1, first=(t:1, i:3), STATEMACHINELOGENTRY, StateMachineLogEntryProto:4285@client-0D8F39A90E5A
2024-09-10 06:19:53,505 DEBUG server.RaftServer$Division (RaftServerImpl.java:logAppendEntries(1539)) - s2@group-05D5B636F8BE: appendEntries* s14->s2#11-t1,previous=(t:1, i:2),leaderCommit=1,initializing? false,entries: size=1, first=(t:1, i:3), STATEMACHINELOGENTRY, StateMachineLogEntryProto:4285@client-0D8F39A90E5A
2024-09-10 06:19:53,505 DEBUG server.RaftServer$Division (RaftServerImpl.java:logAppendEntries(1539)) - s3@group-05D5B636F8BE: appendEntries* reply s14<-s3#11:OK-t1,SUCCESS,nextIndex=4,followerCommit=1,matchIndex=3
2024-09-10 06:19:53,505 DEBUG server.RaftServer$Division (RaftServerImpl.java:logAppendEntries(1539)) - s2@group-05D5B636F8BE: appendEntries* reply s14<-s2#11:OK-t1,SUCCESS,nextIndex=4,followerCommit=1,matchIndex=3
2024-09-10 06:19:53,506 INFO  statemachine.StateMachine (ArithmeticStateMachine.java:applyTransaction(181)) - LEADER:s14-3: b = 924 = 924
2024-09-10 06:19:53,506 DEBUG server.RaftServer$Division (RaftServerImpl.java:logAppendEntries(1539)) - s2@group-05D5B636F8BE: appendEntries* s14->s2#12-t1,previous=(t:1, i:3),leaderCommit=3,initializing? false,entries: size=1, first=(t:1, i:4), METADATAENTRY(c:3)
2024-09-10 06:19:53,506 DEBUG server.RaftServer$Division (RaftServerImpl.java:logAppendEntries(1539)) - s3@group-05D5B636F8BE: appendEntries* s14->s3#12-t1,previous=(t:1, i:3),leaderCommit=3,initializing? false,entries: size=1, first=(t:1, i:4), METADATAENTRY(c:3)
2024-09-10 06:19:53,507 DEBUG server.RaftServer$Division (RaftServerImpl.java:logAppendEntries(1539)) - s2@group-05D5B636F8BE: appendEntries* reply s14<-s2#12:OK-t1,SUCCESS,nextIndex=5,followerCommit=3,matchIndex=4
2024-09-10 06:19:53,507 DEBUG server.RaftServer$Division (RaftServerImpl.java:logAppendEntries(1539)) - s3@group-05D5B636F8BE: appendEntries* reply s14<-s3#12:OK-t1,SUCCESS,nextIndex=5,followerCommit=3,matchIndex=4
2024-09-10 06:19:53,509 DEBUG server.RaftServer$Division (RaftServerImpl.java:submitClientRequestAsync(910)) - s14@group-05D5B636F8BE: receive client request(RaftClientRequest:client-0D8F39A90E5A->s14@group-05D5B636F8BE, cid=4286, seq=null, RW, Message:01016304010300040201...(size=17))
2024-09-10 06:19:53,509 DEBUG server.RaftServer$Division (LeaderStateImpl.java:addPendingRequest(532)) - s14@group-05D5B636F8BE-LeaderStateImpl: addPendingRequest at RaftClientRequest:client-0D8F39A90E5A->s14@group-05D5B636F8BE, cid=4286, seq=null, RW, Message:01016304010300040201...(size=17), entry=(t:1, i:5), STATEMACHINELOGENTRY, WRITE: logData.size=17, stateMachineData.size=0, logEntryProtoSerializedSize=0
2024-09-10 06:19:53,510 DEBUG server.RaftServer$Division (RaftServerImpl.java:logAppendEntries(1539)) - s3@group-05D5B636F8BE: appendEntries* s14->s3#13-t1,previous=(t:1, i:4),leaderCommit=3,initializing? false,entries: size=1, first=(t:1, i:5), STATEMACHINELOGENTRY, StateMachineLogEntryProto:4286@client-0D8F39A90E5A
2024-09-10 06:19:53,511 DEBUG server.RaftServer$Division (RaftServerImpl.java:logAppendEntries(1539)) - s3@group-05D5B636F8BE: appendEntries* reply s14<-s3#13:OK-t1,SUCCESS,nextIndex=6,followerCommit=3,matchIndex=5
2024-09-10 06:19:53,511 DEBUG server.RaftServer$Division (RaftServerImpl.java:logAppendEntries(1539)) - s2@group-05D5B636F8BE: appendEntries* s14->s2#14-t1,previous=(t:1, i:4),leaderCommit=3,initializing? false,entries: size=1, first=(t:1, i:5), STATEMACHINELOGENTRY, StateMachineLogEntryProto:4286@client-0D8F39A90E5A
2024-09-10 06:19:53,513 DEBUG server.RaftServer$Division (RaftServerImpl.java:logAppendEntries(1539)) - s2@group-05D5B636F8BE: appendEntries* reply s14<-s2#14:OK-t1,SUCCESS,nextIndex=6,followerCommit=3,matchIndex=5
2024-09-10 06:19:53,513 INFO  statemachine.StateMachine (ArithmeticStateMachine.java:applyTransaction(181)) - LEADER:s14-5: c = √(a^2 + b^2) = 925
2024-09-10 06:19:53,514 DEBUG server.RaftServer$Division (RaftServerImpl.java:logAppendEntries(1539)) - s2@group-05D5B636F8BE: appendEntries* s14->s2#19-t1,previous=(t:1, i:5),leaderCommit=5,initializing? false,entries: size=1, first=(t:1, i:6), METADATAENTRY(c:5)
2024-09-10 06:19:53,514 DEBUG server.RaftServer$Division (RaftServerImpl.java:logAppendEntries(1539)) - s2@group-05D5B636F8BE: appendEntries* reply s14<-s2#19:OK-t1,SUCCESS,nextIndex=7,followerCommit=5,matchIndex=6
2024-09-10 06:19:53,514 DEBUG server.RaftServer$Division (RaftServerImpl.java:logAppendEntries(1539)) - s3@group-05D5B636F8BE: appendEntries* s14->s3#15-t1,previous=(t:1, i:5),leaderCommit=5,initializing? false,entries: size=1, first=(t:1, i:6), METADATAENTRY(c:5)
2024-09-10 06:19:53,515 DEBUG server.RaftServer$Division (RaftServerImpl.java:logAppendEntries(1539)) - s3@group-05D5B636F8BE: appendEntries* reply s14<-s3#15:OK-t1,SUCCESS,nextIndex=7,followerCommit=5,matchIndex=6
2024-09-10 06:19:53,517 DEBUG server.RaftServer$Division (RaftServerImpl.java:submitClientRequestAsync(910)) - s14@group-05D5B636F8BE: receive client request(RaftClientRequest:client-0D8F39A90E5A->s14@group-05D5B636F8BE, cid=4287, seq=null, RW, Message:01016100)
2024-09-10 06:19:53,517 DEBUG server.RaftServer$Division (LeaderStateImpl.java:addPendingRequest(532)) - s14@group-05D5B636F8BE-LeaderStateImpl: addPendingRequest at RaftClientRequest:client-0D8F39A90E5A->s14@group-05D5B636F8BE, cid=4287, seq=null, RW, Message:01016100, entry=(t:1, i:7), STATEMACHINELOGENTRY, WRITE: logData.size=4, stateMachineData.size=0, logEntryProtoSerializedSize=0
2024-09-10 06:19:53,518 DEBUG server.RaftServer$Division (RaftServerImpl.java:logAppendEntries(1539)) - s3@group-05D5B636F8BE: appendEntries* s14->s3#20-t1,previous=(t:1, i:6),leaderCommit=6,initializing? false,entries: size=1, first=(t:1, i:7), STATEMACHINELOGENTRY, StateMachineLogEntryProto:4287@client-0D8F39A90E5A
2024-09-10 06:19:53,518 DEBUG server.RaftServer$Division (RaftServerImpl.java:logAppendEntries(1539)) - s3@group-05D5B636F8BE: appendEntries* reply s14<-s3#20:OK-t1,SUCCESS,nextIndex=8,followerCommit=6,matchIndex=7
2024-09-10 06:19:53,519 INFO  statemachine.StateMachine (ArithmeticStateMachine.java:applyTransaction(181)) - LEADER:s14-7: a = null = null
2024-09-10 06:19:53,520 DEBUG server.RaftServer$Division (RaftServerImpl.java:logAppendEntries(1539)) - s2@group-05D5B636F8BE: appendEntries* s14->s2#22-t1,previous=(t:1, i:6),leaderCommit=6,initializing? false,entries: size=1, first=(t:1, i:7), STATEMACHINELOGENTRY, StateMachineLogEntryProto:4287@client-0D8F39A90E5A
2024-09-10 06:19:53,520 DEBUG server.RaftServer$Division (RaftServerImpl.java:logAppendEntries(1539)) - s2@group-05D5B636F8BE: appendEntries* s14->s2#23-t1,previous=(t:1, i:7),leaderCommit=7,initializing? false,entries: size=1, first=(t:1, i:8), METADATAENTRY(c:7)
2024-09-10 06:19:53,520 DEBUG server.RaftServer$Division (RaftServerImpl.java:logAppendEntries(1539)) - s2@group-05D5B636F8BE: appendEntries* reply s14<-s2#22:OK-t1,SUCCESS,nextIndex=8,followerCommit=6,matchIndex=7
2024-09-10 06:19:53,521 DEBUG server.RaftServer$Division (RaftServerImpl.java:logAppendEntries(1539)) - s2@group-05D5B636F8BE: appendEntries* reply s14<-s2#23:OK-t1,SUCCESS,nextIndex=9,followerCommit=7,matchIndex=8
2024-09-10 06:19:53,521 DEBUG server.RaftServer$Division (RaftServerImpl.java:logAppendEntries(1539)) - s3@group-05D5B636F8BE: appendEntries* s14->s3#21-t1,previous=(t:1, i:7),leaderCommit=7,initializing? false,entries: size=1, first=(t:1, i:8), METADATAENTRY(c:7)
2024-09-10 06:19:53,521 DEBUG server.RaftServer$Division (RaftServerImpl.java:logAppendEntries(1539)) - s3@group-05D5B636F8BE: appendEntries* reply s14<-s3#21:OK-t1,SUCCESS,nextIndex=9,followerCommit=7,matchIndex=8
2024-09-10 06:19:53,523 DEBUG server.RaftServer$Division (RaftServerImpl.java:submitClientRequestAsync(910)) - s14@group-05D5B636F8BE: receive client request(RaftClientRequest:client-0D8F39A90E5A->s14@group-05D5B636F8BE, cid=4288, seq=null, RW, Message:01016200)
2024-09-10 06:19:53,524 DEBUG server.RaftServer$Division (LeaderStateImpl.java:addPendingRequest(532)) - s14@group-05D5B636F8BE-LeaderStateImpl: addPendingRequest at RaftClientRequest:client-0D8F39A90E5A->s14@group-05D5B636F8BE, cid=4288, seq=null, RW, Message:01016200, entry=(t:1, i:9), STATEMACHINELOGENTRY, WRITE: logData.size=4, stateMachineData.size=0, logEntryProtoSerializedSize=0
2024-09-10 06:19:53,524 DEBUG server.RaftServer$Division (RaftServerImpl.java:logAppendEntries(1539)) - s3@group-05D5B636F8BE: appendEntries* s14->s3#23-t1,previous=(t:1, i:8),leaderCommit=8,initializing? false,entries: size=1, first=(t:1, i:9), STATEMACHINELOGENTRY, StateMachineLogEntryProto:4288@client-0D8F39A90E5A
2024-09-10 06:19:53,525 DEBUG server.RaftServer$Division (RaftServerImpl.java:logAppendEntries(1539)) - s3@group-05D5B636F8BE: appendEntries* reply s14<-s3#23:OK-t1,SUCCESS,nextIndex=10,followerCommit=8,matchIndex=9
2024-09-10 06:19:53,525 DEBUG server.RaftServer$Division (RaftServerImpl.java:logAppendEntries(1539)) - s2@group-05D5B636F8BE: appendEntries* s14->s2#25-t1,previous=(t:1, i:8),leaderCommit=8,initializing? false,entries: size=1, first=(t:1, i:9), STATEMACHINELOGENTRY, StateMachineLogEntryProto:4288@client-0D8F39A90E5A
2024-09-10 06:19:53,525 DEBUG server.RaftServer$Division (RaftServerImpl.java:logAppendEntries(1539)) - s2@group-05D5B636F8BE: appendEntries* reply s14<-s2#25:OK-t1,SUCCESS,nextIndex=10,followerCommit=8,matchIndex=9
2024-09-10 06:19:53,526 INFO  statemachine.StateMachine (ArithmeticStateMachine.java:applyTransaction(181)) - LEADER:s14-9: b = null = null
2024-09-10 06:19:53,526 DEBUG server.RaftServer$Division (RaftServerImpl.java:logAppendEntries(1539)) - s3@group-05D5B636F8BE: appendEntries* s14->s3#24-t1,previous=(t:1, i:9),leaderCommit=9,initializing? false,entries: size=1, first=(t:1, i:10), METADATAENTRY(c:9)
2024-09-10 06:19:53,527 DEBUG server.RaftServer$Division (RaftServerImpl.java:logAppendEntries(1539)) - s3@group-05D5B636F8BE: appendEntries* reply s14<-s3#24:OK-t1,SUCCESS,nextIndex=11,followerCommit=9,matchIndex=10
2024-09-10 06:19:53,528 DEBUG server.RaftServer$Division (RaftServerImpl.java:logAppendEntries(1539)) - s2@group-05D5B636F8BE: appendEntries* s14->s2#27-t1,previous=(t:1, i:9),leaderCommit=9,initializing? false,entries: size=1, first=(t:1, i:10), METADATAENTRY(c:9)
2024-09-10 06:19:53,529 DEBUG server.RaftServer$Division (RaftServerImpl.java:logAppendEntries(1539)) - s2@group-05D5B636F8BE: appendEntries* reply s14<-s2#27:OK-t1,SUCCESS,nextIndex=11,followerCommit=9,matchIndex=10
2024-09-10 06:19:53,531 DEBUG server.RaftServer$Division (RaftServerImpl.java:submitClientRequestAsync(910)) - s14@group-05D5B636F8BE: receive client request(RaftClientRequest:client-0D8F39A90E5A->s14@group-05D5B636F8BE, cid=4289, seq=null, RW, Message:01016300)
2024-09-10 06:19:53,531 DEBUG server.RaftServer$Division (LeaderStateImpl.java:addPendingRequest(532)) - s14@group-05D5B636F8BE-LeaderStateImpl: addPendingRequest at RaftClientRequest:client-0D8F39A90E5A->s14@group-05D5B636F8BE, cid=4289, seq=null, RW, Message:01016300, entry=(t:1, i:11), STATEMACHINELOGENTRY, WRITE: logData.size=4, stateMachineData.size=0, logEntryProtoSerializedSize=0
2024-09-10 06:19:53,533 DEBUG server.RaftServer$Division (RaftServerImpl.java:logAppendEntries(1539)) - s3@group-05D5B636F8BE: appendEntries* s14->s3#28-t1,previous=(t:1, i:10),leaderCommit=10,initializing? false,entries: size=1, first=(t:1, i:11), STATEMACHINELOGENTRY, StateMachineLogEntryProto:4289@client-0D8F39A90E5A
2024-09-10 06:19:53,533 DEBUG server.RaftServer$Division (RaftServerImpl.java:logAppendEntries(1539)) - s2@group-05D5B636F8BE: appendEntries* s14->s2#31-t1,previous=(t:1, i:10),leaderCommit=10,initializing? false,entries: size=1, first=(t:1, i:11), STATEMACHINELOGENTRY, StateMachineLogEntryProto:4289@client-0D8F39A90E5A
2024-09-10 06:19:53,533 DEBUG server.RaftServer$Division (RaftServerImpl.java:logAppendEntries(1539)) - s3@group-05D5B636F8BE: appendEntries* reply s14<-s3#28:OK-t1,SUCCESS,nextIndex=12,followerCommit=10,matchIndex=11
2024-09-10 06:19:53,533 DEBUG server.RaftServer$Division (RaftServerImpl.java:logAppendEntries(1539)) - s2@group-05D5B636F8BE: appendEntries* reply s14<-s2#31:OK-t1,SUCCESS,nextIndex=12,followerCommit=10,matchIndex=11
2024-09-10 06:19:53,534 INFO  statemachine.StateMachine (ArithmeticStateMachine.java:applyTransaction(181)) - LEADER:s14-11: c = null = null
2024-09-10 06:19:53,534 DEBUG server.RaftServer$Division (RaftServerImpl.java:logAppendEntries(1539)) - s3@group-05D5B636F8BE: appendEntries* s14->s3#29-t1,previous=(t:1, i:11),leaderCommit=11,initializing? false,entries: size=1, first=(t:1, i:12), METADATAENTRY(c:11)
2024-09-10 06:19:53,535 DEBUG server.RaftServer$Division (RaftServerImpl.java:logAppendEntries(1539)) - s3@group-05D5B636F8BE: appendEntries* reply s14<-s3#29:OK-t1,SUCCESS,nextIndex=13,followerCommit=11,matchIndex=12
2024-09-10 06:19:53,537 DEBUG server.RaftServer$Division (RaftServerImpl.java:logAppendEntries(1539)) - s2@group-05D5B636F8BE: appendEntries* s14->s2#33-t1,previous=(t:1, i:11),leaderCommit=11,initializing? false,entries: size=1, first=(t:1, i:12), METADATAENTRY(c:11)
2024-09-10 06:19:53,537 DEBUG server.RaftServer$Division (RaftServerImpl.java:logAppendEntries(1539)) - s2@group-05D5B636F8BE: appendEntries* reply s14<-s2#33:OK-t1,SUCCESS,nextIndex=13,followerCommit=11,matchIndex=12
2024-09-10 06:19:53,538 DEBUG server.RaftServer$Division (RaftServerImpl.java:submitClientRequestAsync(910)) - s14@group-05D5B636F8BE: receive client request(RaftClientRequest:client-0D8F39A90E5A->s14@group-05D5B636F8BE, cid=4290, seq=null, RW, Message:01016102404680000000...(size=12))
2024-09-10 06:19:53,538 DEBUG server.RaftServer$Division (LeaderStateImpl.java:addPendingRequest(532)) - s14@group-05D5B636F8BE-LeaderStateImpl: addPendingRequest at RaftClientRequest:client-0D8F39A90E5A->s14@group-05D5B636F8BE, cid=4290, seq=null, RW, Message:01016102404680000000...(size=12), entry=(t:1, i:13), STATEMACHINELOGENTRY, WRITE: logData.size=12, stateMachineData.size=0, logEntryProtoSerializedSize=0
2024-09-10 06:19:53,539 DEBUG server.RaftServer$Division (RaftServerImpl.java:logAppendEntries(1539)) - s3@group-05D5B636F8BE: appendEntries* s14->s3#33-t1,previous=(t:1, i:12),leaderCommit=12,initializing? false,entries: size=1, first=(t:1, i:13), STATEMACHINELOGENTRY, StateMachineLogEntryProto:4290@client-0D8F39A90E5A
2024-09-10 06:19:53,539 DEBUG server.RaftServer$Division (RaftServerImpl.java:logAppendEntries(1539)) - s2@group-05D5B636F8BE: appendEntries* s14->s2#36-t1,previous=(t:1, i:12),leaderCommit=12,initializing? false,entries: size=1, first=(t:1, i:13), STATEMACHINELOGENTRY, StateMachineLogEntryProto:4290@client-0D8F39A90E5A
2024-09-10 06:19:53,539 DEBUG server.RaftServer$Division (RaftServerImpl.java:logAppendEntries(1539)) - s2@group-05D5B636F8BE: appendEntries* reply s14<-s2#36:OK-t1,SUCCESS,nextIndex=14,followerCommit=12,matchIndex=13
2024-09-10 06:19:53,539 DEBUG server.RaftServer$Division (RaftServerImpl.java:logAppendEntries(1539)) - s3@group-05D5B636F8BE: appendEntries* reply s14<-s3#33:OK-t1,SUCCESS,nextIndex=14,followerCommit=12,matchIndex=13
2024-09-10 06:19:53,540 INFO  statemachine.StateMachine (ArithmeticStateMachine.java:applyTransaction(181)) - LEADER:s14-13: a = 45 = 45
2024-09-10 06:19:53,541 DEBUG server.RaftServer$Division (RaftServerImpl.java:logAppendEntries(1539)) - s3@group-05D5B636F8BE: appendEntries* s14->s3#34-t1,previous=(t:1, i:13),leaderCommit=13,initializing? false,entries: size=1, first=(t:1, i:14), METADATAENTRY(c:13)
2024-09-10 06:19:53,541 DEBUG server.RaftServer$Division (RaftServerImpl.java:logAppendEntries(1539)) - s3@group-05D5B636F8BE: appendEntries* reply s14<-s3#34:OK-t1,SUCCESS,nextIndex=15,followerCommit=13,matchIndex=14
2024-09-10 06:19:53,543 DEBUG server.RaftServer$Division (RaftServerImpl.java:logAppendEntries(1539)) - s2@group-05D5B636F8BE: appendEntries* s14->s2#38-t1,previous=(t:1, i:13),leaderCommit=13,initializing? false,entries: size=1, first=(t:1, i:14), METADATAENTRY(c:13)
2024-09-10 06:19:53,543 DEBUG server.RaftServer$Division (RaftServerImpl.java:logAppendEntries(1539)) - s2@group-05D5B636F8BE: appendEntries* reply s14<-s2#38:OK-t1,SUCCESS,nextIndex=15,followerCommit=13,matchIndex=14
2024-09-10 06:19:53,544 DEBUG server.RaftServer$Division (RaftServerImpl.java:submitClientRequestAsync(910)) - s14@group-05D5B636F8BE: receive client request(RaftClientRequest:client-0D8F39A90E5A->s14@group-05D5B636F8BE, cid=4291, seq=null, RW, Message:01016202408fa0000000...(size=12))
2024-09-10 06:19:53,544 DEBUG server.RaftServer$Division (LeaderStateImpl.java:addPendingRequest(532)) - s14@group-05D5B636F8BE-LeaderStateImpl: addPendingRequest at RaftClientRequest:client-0D8F39A90E5A->s14@group-05D5B636F8BE, cid=4291, seq=null, RW, Message:01016202408fa0000000...(size=12), entry=(t:1, i:15), STATEMACHINELOGENTRY, WRITE: logData.size=12, stateMachineData.size=0, logEntryProtoSerializedSize=0
2024-09-10 06:19:53,545 DEBUG server.RaftServer$Division (RaftServerImpl.java:logAppendEntries(1539)) - s3@group-05D5B636F8BE: appendEntries* s14->s3#37-t1,previous=(t:1, i:14),leaderCommit=14,initializing? false,entries: size=1, first=(t:1, i:15), STATEMACHINELOGENTRY, StateMachineLogEntryProto:4291@client-0D8F39A90E5A
2024-09-10 06:19:53,545 DEBUG server.RaftServer$Division (RaftServerImpl.java:logAppendEntries(1539)) - s2@group-05D5B636F8BE: appendEntries* s14->s2#42-t1,previous=(t:1, i:14),leaderCommit=14,initializing? false,entries: size=1, first=(t:1, i:15), STATEMACHINELOGENTRY, StateMachineLogEntryProto:4291@client-0D8F39A90E5A
2024-09-10 06:19:53,546 DEBUG server.RaftServer$Division (RaftServerImpl.java:logAppendEntries(1539)) - s2@group-05D5B636F8BE: appendEntries* reply s14<-s2#42:OK-t1,SUCCESS,nextIndex=16,followerCommit=14,matchIndex=15
2024-09-10 06:19:53,546 DEBUG server.RaftServer$Division (RaftServerImpl.java:logAppendEntries(1539)) - s3@group-05D5B636F8BE: appendEntries* reply s14<-s3#37:OK-t1,SUCCESS,nextIndex=16,followerCommit=14,matchIndex=15
2024-09-10 06:19:53,546 INFO  statemachine.StateMachine (ArithmeticStateMachine.java:applyTransaction(181)) - LEADER:s14-15: b = 1012 = 1012
2024-09-10 06:19:53,547 DEBUG server.RaftServer$Division (RaftServerImpl.java:logAppendEntries(1539)) - s3@group-05D5B636F8BE: appendEntries* s14->s3#38-t1,previous=(t:1, i:15),leaderCommit=15,initializing? false,entries: size=1, first=(t:1, i:16), METADATAENTRY(c:15)
2024-09-10 06:19:53,547 DEBUG server.RaftServer$Division (RaftServerImpl.java:logAppendEntries(1539)) - s2@group-05D5B636F8BE: appendEntries* s14->s2#43-t1,previous=(t:1, i:15),leaderCommit=15,initializing? false,entries: size=1, first=(t:1, i:16), METADATAENTRY(c:15)
2024-09-10 06:19:53,548 DEBUG server.RaftServer$Division (RaftServerImpl.java:logAppendEntries(1539)) - s2@group-05D5B636F8BE: appendEntries* reply s14<-s2#43:OK-t1,SUCCESS,nextIndex=17,followerCommit=15,matchIndex=16
2024-09-10 06:19:53,548 DEBUG server.RaftServer$Division (RaftServerImpl.java:logAppendEntries(1539)) - s3@group-05D5B636F8BE: appendEntries* reply s14<-s3#38:OK-t1,SUCCESS,nextIndex=17,followerCommit=15,matchIndex=16
2024-09-10 06:19:53,550 DEBUG server.RaftServer$Division (RaftServerImpl.java:submitClientRequestAsync(910)) - s14@group-05D5B636F8BE: receive client request(RaftClientRequest:client-0D8F39A90E5A->s14@group-05D5B636F8BE, cid=4292, seq=null, RW, Message:01016304010300040201...(size=17))
2024-09-10 06:19:53,550 DEBUG server.RaftServer$Division (LeaderStateImpl.java:addPendingRequest(532)) - s14@group-05D5B636F8BE-LeaderStateImpl: addPendingRequest at RaftClientRequest:client-0D8F39A90E5A->s14@group-05D5B636F8BE, cid=4292, seq=null, RW, Message:01016304010300040201...(size=17), entry=(t:1, i:17), STATEMACHINELOGENTRY, WRITE: logData.size=17, stateMachineData.size=0, logEntryProtoSerializedSize=0
2024-09-10 06:19:53,551 DEBUG server.RaftServer$Division (RaftServerImpl.java:logAppendEntries(1539)) - s2@group-05D5B636F8BE: appendEntries* s14->s2#47-t1,previous=(t:1, i:16),leaderCommit=16,initializing? false,entries: size=1, first=(t:1, i:17), STATEMACHINELOGENTRY, StateMachineLogEntryProto:4292@client-0D8F39A90E5A
2024-09-10 06:19:53,551 DEBUG server.RaftServer$Division (RaftServerImpl.java:logAppendEntries(1539)) - s3@group-05D5B636F8BE: appendEntries* s14->s3#40-t1,previous=(t:1, i:16),leaderCommit=16,initializing? false,entries: size=1, first=(t:1, i:17), STATEMACHINELOGENTRY, StateMachineLogEntryProto:4292@client-0D8F39A90E5A
2024-09-10 06:19:53,551 DEBUG server.RaftServer$Division (RaftServerImpl.java:logAppendEntries(1539)) - s3@group-05D5B636F8BE: appendEntries* reply s14<-s3#40:OK-t1,SUCCESS,nextIndex=18,followerCommit=16,matchIndex=17
2024-09-10 06:19:53,552 INFO  statemachine.StateMachine (ArithmeticStateMachine.java:applyTransaction(181)) - LEADER:s14-17: c = √(a^2 + b^2) = 1013
2024-09-10 06:19:53,553 DEBUG server.RaftServer$Division (RaftServerImpl.java:logAppendEntries(1539)) - s3@group-05D5B636F8BE: appendEntries* s14->s3#41-t1,previous=(t:1, i:17),leaderCommit=17,initializing? false,entries: size=1, first=(t:1, i:18), METADATAENTRY(c:17)
2024-09-10 06:19:53,551 DEBUG server.RaftServer$Division (RaftServerImpl.java:logAppendEntries(1539)) - s2@group-05D5B636F8BE: appendEntries* reply s14<-s2#47:OK-t1,SUCCESS,nextIndex=18,followerCommit=16,matchIndex=17
2024-09-10 06:19:53,553 DEBUG server.RaftServer$Division (RaftServerImpl.java:logAppendEntries(1539)) - s3@group-05D5B636F8BE: appendEntries* reply s14<-s3#41:OK-t1,SUCCESS,nextIndex=19,followerCommit=17,matchIndex=18
2024-09-10 06:19:53,555 DEBUG server.RaftServer$Division (RaftServerImpl.java:logAppendEntries(1539)) - s2@group-05D5B636F8BE: appendEntries* s14->s2#49-t1,previous=(t:1, i:17),leaderCommit=17,initializing? false,entries: size=1, first=(t:1, i:18), METADATAENTRY(c:17)
2024-09-10 06:19:53,556 DEBUG server.RaftServer$Division (RaftServerImpl.java:logAppendEntries(1539)) - s2@group-05D5B636F8BE: appendEntries* reply s14<-s2#49:OK-t1,SUCCESS,nextIndex=19,followerCommit=17,matchIndex=18
2024-09-10 06:19:53,556 DEBUG server.RaftServer$Division (RaftServerImpl.java:submitClientRequestAsync(910)) - s14@group-05D5B636F8BE: receive client request(RaftClientRequest:client-0D8F39A90E5A->s14@group-05D5B636F8BE, cid=4293, seq=null, RW, Message:01016100)
2024-09-10 06:19:53,557 DEBUG server.RaftServer$Division (LeaderStateImpl.java:addPendingRequest(532)) - s14@group-05D5B636F8BE-LeaderStateImpl: addPendingRequest at RaftClientRequest:client-0D8F39A90E5A->s14@group-05D5B636F8BE, cid=4293, seq=null, RW, Message:01016100, entry=(t:1, i:19), STATEMACHINELOGENTRY, WRITE: logData.size=4, stateMachineData.size=0, logEntryProtoSerializedSize=0
2024-09-10 06:19:53,557 DEBUG server.RaftServer$Division (RaftServerImpl.java:logAppendEntries(1539)) - s3@group-05D5B636F8BE: appendEntries* s14->s3#43-t1,previous=(t:1, i:18),leaderCommit=18,initializing? false,entries: size=1, first=(t:1, i:19), STATEMACHINELOGENTRY, StateMachineLogEntryProto:4293@client-0D8F39A90E5A
2024-09-10 06:19:53,557 DEBUG server.RaftServer$Division (RaftServerImpl.java:logAppendEntries(1539)) - s2@group-05D5B636F8BE: appendEntries* s14->s2#52-t1,previous=(t:1, i:18),leaderCommit=18,initializing? false,entries: size=1, first=(t:1, i:19), STATEMACHINELOGENTRY, StateMachineLogEntryProto:4293@client-0D8F39A90E5A
2024-09-10 06:19:53,558 DEBUG server.RaftServer$Division (RaftServerImpl.java:logAppendEntries(1539)) - s3@group-05D5B636F8BE: appendEntries* reply s14<-s3#43:OK-t1,SUCCESS,nextIndex=20,followerCommit=18,matchIndex=19
2024-09-10 06:19:53,558 INFO  statemachine.StateMachine (ArithmeticStateMachine.java:applyTransaction(181)) - LEADER:s14-19: a = null = null
2024-09-10 06:19:53,559 DEBUG server.RaftServer$Division (RaftServerImpl.java:logAppendEntries(1539)) - s2@group-05D5B636F8BE: appendEntries* reply s14<-s2#52:OK-t1,SUCCESS,nextIndex=20,followerCommit=18,matchIndex=19
2024-09-10 06:19:53,559 DEBUG server.RaftServer$Division (RaftServerImpl.java:logAppendEntries(1539)) - s3@group-05D5B636F8BE: appendEntries* s14->s3#45-t1,previous=(t:1, i:19),leaderCommit=19,initializing? false,entries: size=1, first=(t:1, i:20), METADATAENTRY(c:19)
2024-09-10 06:19:53,560 DEBUG server.RaftServer$Division (RaftServerImpl.java:logAppendEntries(1539)) - s2@group-05D5B636F8BE: appendEntries* s14->s2#54-t1,previous=(t:1, i:19),leaderCommit=19,initializing? false,entries: size=1, first=(t:1, i:20), METADATAENTRY(c:19)
2024-09-10 06:19:53,560 DEBUG server.RaftServer$Division (RaftServerImpl.java:logAppendEntries(1539)) - s3@group-05D5B636F8BE: appendEntries* reply s14<-s3#45:OK-t1,SUCCESS,nextIndex=21,followerCommit=19,matchIndex=20
2024-09-10 06:19:53,560 DEBUG server.RaftServer$Division (RaftServerImpl.java:logAppendEntries(1539)) - s2@group-05D5B636F8BE: appendEntries* reply s14<-s2#54:OK-t1,SUCCESS,nextIndex=21,followerCommit=19,matchIndex=20
2024-09-10 06:19:53,563 DEBUG server.RaftServer$Division (RaftServerImpl.java:submitClientRequestAsync(910)) - s14@group-05D5B636F8BE: receive client request(RaftClientRequest:client-0D8F39A90E5A->s14@group-05D5B636F8BE, cid=4294, seq=null, RW, Message:01016200)
2024-09-10 06:19:53,563 DEBUG server.RaftServer$Division (LeaderStateImpl.java:addPendingRequest(532)) - s14@group-05D5B636F8BE-LeaderStateImpl: addPendingRequest at RaftClientRequest:client-0D8F39A90E5A->s14@group-05D5B636F8BE, cid=4294, seq=null, RW, Message:01016200, entry=(t:1, i:21), STATEMACHINELOGENTRY, WRITE: logData.size=4, stateMachineData.size=0, logEntryProtoSerializedSize=0
2024-09-10 06:19:53,564 DEBUG server.RaftServer$Division (RaftServerImpl.java:logAppendEntries(1539)) - s3@group-05D5B636F8BE: appendEntries* s14->s3#51-t1,previous=(t:1, i:20),leaderCommit=20,initializing? false,entries: size=1, first=(t:1, i:21), STATEMACHINELOGENTRY, StateMachineLogEntryProto:4294@client-0D8F39A90E5A
2024-09-10 06:19:53,564 DEBUG server.RaftServer$Division (RaftServerImpl.java:logAppendEntries(1539)) - s2@group-05D5B636F8BE: appendEntries* s14->s2#62-t1,previous=(t:1, i:20),leaderCommit=20,initializing? false,entries: size=1, first=(t:1, i:21), STATEMACHINELOGENTRY, StateMachineLogEntryProto:4294@client-0D8F39A90E5A
2024-09-10 06:19:53,565 DEBUG server.RaftServer$Division (RaftServerImpl.java:logAppendEntries(1539)) - s2@group-05D5B636F8BE: appendEntries* reply s14<-s2#62:OK-t1,SUCCESS,nextIndex=22,followerCommit=20,matchIndex=21
2024-09-10 06:19:53,565 DEBUG server.RaftServer$Division (RaftServerImpl.java:logAppendEntries(1539)) - s3@group-05D5B636F8BE: appendEntries* reply s14<-s3#51:OK-t1,SUCCESS,nextIndex=22,followerCommit=20,matchIndex=21
2024-09-10 06:19:53,565 INFO  statemachine.StateMachine (ArithmeticStateMachine.java:applyTransaction(181)) - LEADER:s14-21: b = null = null
2024-09-10 06:19:53,566 DEBUG server.RaftServer$Division (RaftServerImpl.java:logAppendEntries(1539)) - s3@group-05D5B636F8BE: appendEntries* s14->s3#52-t1,previous=(t:1, i:21),leaderCommit=21,initializing? false,entries: size=1, first=(t:1, i:22), METADATAENTRY(c:21)
2024-09-10 06:19:53,567 DEBUG server.RaftServer$Division (RaftServerImpl.java:logAppendEntries(1539)) - s2@group-05D5B636F8BE: appendEntries* s14->s2#63-t1,previous=(t:1, i:21),leaderCommit=21,initializing? false,entries: size=1, first=(t:1, i:22), METADATAENTRY(c:21)
2024-09-10 06:19:53,567 DEBUG server.RaftServer$Division (RaftServerImpl.java:logAppendEntries(1539)) - s3@group-05D5B636F8BE: appendEntries* reply s14<-s3#52:OK-t1,SUCCESS,nextIndex=23,followerCommit=21,matchIndex=22
2024-09-10 06:19:53,568 DEBUG server.RaftServer$Division (RaftServerImpl.java:logAppendEntries(1539)) - s2@group-05D5B636F8BE: appendEntries* reply s14<-s2#63:OK-t1,SUCCESS,nextIndex=23,followerCommit=21,matchIndex=22
2024-09-10 06:19:53,570 DEBUG server.RaftServer$Division (RaftServerImpl.java:submitClientRequestAsync(910)) - s14@group-05D5B636F8BE: receive client request(RaftClientRequest:client-0D8F39A90E5A->s14@group-05D5B636F8BE, cid=4295, seq=null, RW, Message:01016300)
2024-09-10 06:19:53,570 DEBUG server.RaftServer$Division (LeaderStateImpl.java:addPendingRequest(532)) - s14@group-05D5B636F8BE-LeaderStateImpl: addPendingRequest at RaftClientRequest:client-0D8F39A90E5A->s14@group-05D5B636F8BE, cid=4295, seq=null, RW, Message:01016300, entry=(t:1, i:23), STATEMACHINELOGENTRY, WRITE: logData.size=4, stateMachineData.size=0, logEntryProtoSerializedSize=0
2024-09-10 06:19:53,571 DEBUG server.RaftServer$Division (RaftServerImpl.java:logAppendEntries(1539)) - s3@group-05D5B636F8BE: appendEntries* s14->s3#56-t1,previous=(t:1, i:22),leaderCommit=22,initializing? false,entries: size=1, first=(t:1, i:23), STATEMACHINELOGENTRY, StateMachineLogEntryProto:4295@client-0D8F39A90E5A
2024-09-10 06:19:53,571 DEBUG server.RaftServer$Division (RaftServerImpl.java:logAppendEntries(1539)) - s2@group-05D5B636F8BE: appendEntries* s14->s2#67-t1,previous=(t:1, i:22),leaderCommit=22,initializing? false,entries: size=1, first=(t:1, i:23), STATEMACHINELOGENTRY, StateMachineLogEntryProto:4295@client-0D8F39A90E5A
2024-09-10 06:19:53,572 DEBUG server.RaftServer$Division (RaftServerImpl.java:logAppendEntries(1539)) - s2@group-05D5B636F8BE: appendEntries* reply s14<-s2#67:OK-t1,SUCCESS,nextIndex=24,followerCommit=22,matchIndex=23
2024-09-10 06:19:53,572 DEBUG server.RaftServer$Division (RaftServerImpl.java:logAppendEntries(1539)) - s3@group-05D5B636F8BE: appendEntries* reply s14<-s3#56:OK-t1,SUCCESS,nextIndex=24,followerCommit=22,matchIndex=23
2024-09-10 06:19:53,572 INFO  statemachine.StateMachine (ArithmeticStateMachine.java:applyTransaction(181)) - LEADER:s14-23: c = null = null
2024-09-10 06:19:53,572 DEBUG server.RaftServer$Division (RaftServerImpl.java:logAppendEntries(1539)) - s3@group-05D5B636F8BE: appendEntries* s14->s3#58-t1,previous=(t:1, i:23),leaderCommit=23,initializing? false,entries: size=1, first=(t:1, i:24), METADATAENTRY(c:23)
2024-09-10 06:19:53,573 DEBUG server.RaftServer$Division (RaftServerImpl.java:logAppendEntries(1539)) - s2@group-05D5B636F8BE: appendEntries* s14->s2#68-t1,previous=(t:1, i:23),leaderCommit=23,initializing? false,entries: size=1, first=(t:1, i:24), METADATAENTRY(c:23)
2024-09-10 06:19:53,573 DEBUG server.RaftServer$Division (RaftServerImpl.java:logAppendEntries(1539)) - s3@group-05D5B636F8BE: appendEntries* reply s14<-s3#58:OK-t1,SUCCESS,nextIndex=25,followerCommit=23,matchIndex=24
2024-09-10 06:19:53,573 DEBUG server.RaftServer$Division (RaftServerImpl.java:logAppendEntries(1539)) - s2@group-05D5B636F8BE: appendEntries* reply s14<-s2#68:OK-t1,SUCCESS,nextIndex=25,followerCommit=23,matchIndex=24
2024-09-10 06:19:53,580 DEBUG server.RaftServer$Division (RaftServerImpl.java:submitClientRequestAsync(910)) - s14@group-05D5B636F8BE: receive client request(RaftClientRequest:client-0D8F39A90E5A->s14@group-05D5B636F8BE, cid=4296, seq=null, RW, Message:01016102404780000000...(size=12))
2024-09-10 06:19:53,580 DEBUG server.RaftServer$Division (LeaderStateImpl.java:addPendingRequest(532)) - s14@group-05D5B636F8BE-LeaderStateImpl: addPendingRequest at RaftClientRequest:client-0D8F39A90E5A->s14@group-05D5B636F8BE, cid=4296, seq=null, RW, Message:01016102404780000000...(size=12), entry=(t:1, i:25), STATEMACHINELOGENTRY, WRITE: logData.size=12, stateMachineData.size=0, logEntryProtoSerializedSize=0
2024-09-10 06:19:53,581 DEBUG server.RaftServer$Division (RaftServerImpl.java:logAppendEntries(1539)) - s3@group-05D5B636F8BE: appendEntries* s14->s3#61-t1,previous=(t:1, i:24),leaderCommit=24,initializing? false,entries: size=1, first=(t:1, i:25), STATEMACHINELOGENTRY, StateMachineLogEntryProto:4296@client-0D8F39A90E5A
2024-09-10 06:19:53,581 DEBUG server.RaftServer$Division (RaftServerImpl.java:logAppendEntries(1539)) - s2@group-05D5B636F8BE: appendEntries* s14->s2#71-t1,previous=(t:1, i:24),leaderCommit=24,initializing? false,entries: size=1, first=(t:1, i:25), STATEMACHINELOGENTRY, StateMachineLogEntryProto:4296@client-0D8F39A90E5A
2024-09-10 06:19:53,581 DEBUG server.RaftServer$Division (RaftServerImpl.java:logAppendEntries(1539)) - s3@group-05D5B636F8BE: appendEntries* reply s14<-s3#61:OK-t1,SUCCESS,nextIndex=26,followerCommit=24,matchIndex=25
2024-09-10 06:19:53,581 DEBUG server.RaftServer$Division (RaftServerImpl.java:logAppendEntries(1539)) - s2@group-05D5B636F8BE: appendEntries* reply s14<-s2#71:OK-t1,SUCCESS,nextIndex=26,followerCommit=24,matchIndex=25
2024-09-10 06:19:53,582 INFO  statemachine.StateMachine (ArithmeticStateMachine.java:applyTransaction(181)) - LEADER:s14-25: a = 47 = 47
2024-09-10 06:19:53,582 DEBUG server.RaftServer$Division (RaftServerImpl.java:logAppendEntries(1539)) - s3@group-05D5B636F8BE: appendEntries* s14->s3#62-t1,previous=(t:1, i:25),leaderCommit=25,initializing? false,entries: size=1, first=(t:1, i:26), METADATAENTRY(c:25)
2024-09-10 06:19:53,583 DEBUG server.RaftServer$Division (RaftServerImpl.java:logAppendEntries(1539)) - s2@group-05D5B636F8BE: appendEntries* s14->s2#73-t1,previous=(t:1, i:25),leaderCommit=25,initializing? false,entries: size=1, first=(t:1, i:26), METADATAENTRY(c:25)
2024-09-10 06:19:53,583 DEBUG server.RaftServer$Division (RaftServerImpl.java:logAppendEntries(1539)) - s3@group-05D5B636F8BE: appendEntries* reply s14<-s3#62:OK-t1,SUCCESS,nextIndex=27,followerCommit=25,matchIndex=26
2024-09-10 06:19:53,583 DEBUG server.RaftServer$Division (RaftServerImpl.java:logAppendEntries(1539)) - s2@group-05D5B636F8BE: appendEntries* reply s14<-s2#73:OK-t1,SUCCESS,nextIndex=27,followerCommit=25,matchIndex=26
2024-09-10 06:19:53,585 DEBUG server.RaftServer$Division (RaftServerImpl.java:submitClientRequestAsync(910)) - s14@group-05D5B636F8BE: receive client request(RaftClientRequest:client-0D8F39A90E5A->s14@group-05D5B636F8BE, cid=4297, seq=null, RW, Message:01016202409140000000...(size=12))
2024-09-10 06:19:53,585 DEBUG server.RaftServer$Division (LeaderStateImpl.java:addPendingRequest(532)) - s14@group-05D5B636F8BE-LeaderStateImpl: addPendingRequest at RaftClientRequest:client-0D8F39A90E5A->s14@group-05D5B636F8BE, cid=4297, seq=null, RW, Message:01016202409140000000...(size=12), entry=(t:1, i:27), STATEMACHINELOGENTRY, WRITE: logData.size=12, stateMachineData.size=0, logEntryProtoSerializedSize=0
2024-09-10 06:19:53,586 DEBUG server.RaftServer$Division (RaftServerImpl.java:logAppendEntries(1539)) - s3@group-05D5B636F8BE: appendEntries* s14->s3#66-t1,previous=(t:1, i:26),leaderCommit=26,initializing? false,entries: size=1, first=(t:1, i:27), STATEMACHINELOGENTRY, StateMachineLogEntryProto:4297@client-0D8F39A90E5A
2024-09-10 06:19:53,586 DEBUG server.RaftServer$Division (RaftServerImpl.java:logAppendEntries(1539)) - s2@group-05D5B636F8BE: appendEntries* s14->s2#77-t1,previous=(t:1, i:26),leaderCommit=26,initializing? false,entries: size=1, first=(t:1, i:27), STATEMACHINELOGENTRY, StateMachineLogEntryProto:4297@client-0D8F39A90E5A
2024-09-10 06:19:53,586 DEBUG server.RaftServer$Division (RaftServerImpl.java:logAppendEntries(1539)) - s3@group-05D5B636F8BE: appendEntries* reply s14<-s3#66:OK-t1,SUCCESS,nextIndex=28,followerCommit=26,matchIndex=27
2024-09-10 06:19:53,586 DEBUG server.RaftServer$Division (RaftServerImpl.java:logAppendEntries(1539)) - s2@group-05D5B636F8BE: appendEntries* reply s14<-s2#77:OK-t1,SUCCESS,nextIndex=28,followerCommit=26,matchIndex=27
2024-09-10 06:19:53,587 INFO  statemachine.StateMachine (ArithmeticStateMachine.java:applyTransaction(181)) - LEADER:s14-27: b = 1104 = 1104
2024-09-10 06:19:53,587 DEBUG server.RaftServer$Division (RaftServerImpl.java:logAppendEntries(1539)) - s3@group-05D5B636F8BE: appendEntries* s14->s3#67-t1,previous=(t:1, i:27),leaderCommit=27,initializing? false,entries: size=1, first=(t:1, i:28), METADATAENTRY(c:27)
2024-09-10 06:19:53,588 DEBUG server.RaftServer$Division (RaftServerImpl.java:logAppendEntries(1539)) - s3@group-05D5B636F8BE: appendEntries* reply s14<-s3#67:OK-t1,SUCCESS,nextIndex=29,followerCommit=27,matchIndex=28
2024-09-10 06:19:53,590 DEBUG server.RaftServer$Division (RaftServerImpl.java:logAppendEntries(1539)) - s2@group-05D5B636F8BE: appendEntries* s14->s2#78-t1,previous=(t:1, i:27),leaderCommit=27,initializing? false,entries: size=1, first=(t:1, i:28), METADATAENTRY(c:27)
2024-09-10 06:19:53,590 DEBUG server.RaftServer$Division (RaftServerImpl.java:logAppendEntries(1539)) - s2@group-05D5B636F8BE: appendEntries* reply s14<-s2#78:OK-t1,SUCCESS,nextIndex=29,followerCommit=27,matchIndex=28
2024-09-10 06:19:53,591 DEBUG server.RaftServer$Division (RaftServerImpl.java:submitClientRequestAsync(910)) - s14@group-05D5B636F8BE: receive client request(RaftClientRequest:client-0D8F39A90E5A->s14@group-05D5B636F8BE, cid=4298, seq=null, RW, Message:01016304010300040201...(size=17))
2024-09-10 06:19:53,591 DEBUG server.RaftServer$Division (LeaderStateImpl.java:addPendingRequest(532)) - s14@group-05D5B636F8BE-LeaderStateImpl: addPendingRequest at RaftClientRequest:client-0D8F39A90E5A->s14@group-05D5B636F8BE, cid=4298, seq=null, RW, Message:01016304010300040201...(size=17), entry=(t:1, i:29), STATEMACHINELOGENTRY, WRITE: logData.size=17, stateMachineData.size=0, logEntryProtoSerializedSize=0
2024-09-10 06:19:53,592 DEBUG server.RaftServer$Division (RaftServerImpl.java:logAppendEntries(1539)) - s2@group-05D5B636F8BE: appendEntries* s14->s2#82-t1,previous=(t:1, i:28),leaderCommit=28,initializing? false,entries: size=1, first=(t:1, i:29), STATEMACHINELOGENTRY, StateMachineLogEntryProto:4298@client-0D8F39A90E5A
2024-09-10 06:19:53,592 DEBUG server.RaftServer$Division (RaftServerImpl.java:logAppendEntries(1539)) - s3@group-05D5B636F8BE: appendEntries* s14->s3#71-t1,previous=(t:1, i:28),leaderCommit=28,initializing? false,entries: size=1, first=(t:1, i:29), STATEMACHINELOGENTRY, StateMachineLogEntryProto:4298@client-0D8F39A90E5A
2024-09-10 06:19:53,593 DEBUG server.RaftServer$Division (RaftServerImpl.java:logAppendEntries(1539)) - s3@group-05D5B636F8BE: appendEntries* reply s14<-s3#71:OK-t1,SUCCESS,nextIndex=30,followerCommit=28,matchIndex=29
2024-09-10 06:19:53,593 DEBUG server.RaftServer$Division (RaftServerImpl.java:logAppendEntries(1539)) - s2@group-05D5B636F8BE: appendEntries* reply s14<-s2#82:OK-t1,SUCCESS,nextIndex=30,followerCommit=28,matchIndex=29
2024-09-10 06:19:53,593 INFO  statemachine.StateMachine (ArithmeticStateMachine.java:applyTransaction(181)) - LEADER:s14-29: c = √(a^2 + b^2) = 1105
2024-09-10 06:19:53,594 DEBUG server.RaftServer$Division (RaftServerImpl.java:logAppendEntries(1539)) - s3@group-05D5B636F8BE: appendEntries* s14->s3#72-t1,previous=(t:1, i:29),leaderCommit=29,initializing? false,entries: size=1, first=(t:1, i:30), METADATAENTRY(c:29)
2024-09-10 06:19:53,594 DEBUG server.RaftServer$Division (RaftServerImpl.java:logAppendEntries(1539)) - s3@group-05D5B636F8BE: appendEntries* reply s14<-s3#72:OK-t1,SUCCESS,nextIndex=31,followerCommit=29,matchIndex=30
2024-09-10 06:19:53,596 DEBUG server.RaftServer$Division (RaftServerImpl.java:logAppendEntries(1539)) - s2@group-05D5B636F8BE: appendEntries* s14->s2#84-t1,previous=(t:1, i:29),leaderCommit=29,initializing? false,entries: size=1, first=(t:1, i:30), METADATAENTRY(c:29)
2024-09-10 06:19:53,596 DEBUG server.RaftServer$Division (RaftServerImpl.java:logAppendEntries(1539)) - s2@group-05D5B636F8BE: appendEntries* reply s14<-s2#84:OK-t1,SUCCESS,nextIndex=31,followerCommit=29,matchIndex=30
2024-09-10 06:19:53,597 DEBUG server.RaftServer$Division (RaftServerImpl.java:submitClientRequestAsync(910)) - s14@group-05D5B636F8BE: receive client request(RaftClientRequest:client-0D8F39A90E5A->s14@group-05D5B636F8BE, cid=4299, seq=null, RW, Message:01016100)
2024-09-10 06:19:53,597 DEBUG server.RaftServer$Division (LeaderStateImpl.java:addPendingRequest(532)) - s14@group-05D5B636F8BE-LeaderStateImpl: addPendingRequest at RaftClientRequest:client-0D8F39A90E5A->s14@group-05D5B636F8BE, cid=4299, seq=null, RW, Message:01016100, entry=(t:1, i:31), STATEMACHINELOGENTRY, WRITE: logData.size=4, stateMachineData.size=0, logEntryProtoSerializedSize=0
2024-09-10 06:19:53,598 DEBUG server.RaftServer$Division (RaftServerImpl.java:logAppendEntries(1539)) - s2@group-05D5B636F8BE: appendEntries* s14->s2#89-t1,previous=(t:1, i:30),leaderCommit=30,initializing? false,entries: size=1, first=(t:1, i:31), STATEMACHINELOGENTRY, StateMachineLogEntryProto:4299@client-0D8F39A90E5A
2024-09-10 06:19:53,598 DEBUG server.RaftServer$Division (RaftServerImpl.java:logAppendEntries(1539)) - s3@group-05D5B636F8BE: appendEntries* s14->s3#76-t1,previous=(t:1, i:30),leaderCommit=30,initializing? false,entries: size=1, first=(t:1, i:31), STATEMACHINELOGENTRY, StateMachineLogEntryProto:4299@client-0D8F39A90E5A
2024-09-10 06:19:53,599 DEBUG server.RaftServer$Division (RaftServerImpl.java:logAppendEntries(1539)) - s3@group-05D5B636F8BE: appendEntries* reply s14<-s3#76:OK-t1,SUCCESS,nextIndex=32,followerCommit=30,matchIndex=31
2024-09-10 06:19:53,599 DEBUG server.RaftServer$Division (RaftServerImpl.java:logAppendEntries(1539)) - s2@group-05D5B636F8BE: appendEntries* reply s14<-s2#89:OK-t1,SUCCESS,nextIndex=32,followerCommit=30,matchIndex=31
2024-09-10 06:19:53,599 INFO  statemachine.StateMachine (ArithmeticStateMachine.java:applyTransaction(181)) - LEADER:s14-31: a = null = null
2024-09-10 06:19:53,600 DEBUG server.RaftServer$Division (RaftServerImpl.java:logAppendEntries(1539)) - s3@group-05D5B636F8BE: appendEntries* s14->s3#77-t1,previous=(t:1, i:31),leaderCommit=31,initializing? false,entries: size=1, first=(t:1, i:32), METADATAENTRY(c:31)
2024-09-10 06:19:53,600 DEBUG server.RaftServer$Division (RaftServerImpl.java:logAppendEntries(1539)) - s3@group-05D5B636F8BE: appendEntries* reply s14<-s3#77:OK-t1,SUCCESS,nextIndex=33,followerCommit=31,matchIndex=32
2024-09-10 06:19:53,602 DEBUG server.RaftServer$Division (RaftServerImpl.java:logAppendEntries(1539)) - s2@group-05D5B636F8BE: appendEntries* s14->s2#91-t1,previous=(t:1, i:31),leaderCommit=31,initializing? false,entries: size=1, first=(t:1, i:32), METADATAENTRY(c:31)
2024-09-10 06:19:53,602 DEBUG server.RaftServer$Division (RaftServerImpl.java:logAppendEntries(1539)) - s2@group-05D5B636F8BE: appendEntries* reply s14<-s2#91:OK-t1,SUCCESS,nextIndex=33,followerCommit=31,matchIndex=32
2024-09-10 06:19:53,603 DEBUG server.RaftServer$Division (RaftServerImpl.java:submitClientRequestAsync(910)) - s14@group-05D5B636F8BE: receive client request(RaftClientRequest:client-0D8F39A90E5A->s14@group-05D5B636F8BE, cid=4300, seq=null, RW, Message:01016200)
2024-09-10 06:19:53,603 DEBUG server.RaftServer$Division (LeaderStateImpl.java:addPendingRequest(532)) - s14@group-05D5B636F8BE-LeaderStateImpl: addPendingRequest at RaftClientRequest:client-0D8F39A90E5A->s14@group-05D5B636F8BE, cid=4300, seq=null, RW, Message:01016200, entry=(t:1, i:33), STATEMACHINELOGENTRY, WRITE: logData.size=4, stateMachineData.size=0, logEntryProtoSerializedSize=0
2024-09-10 06:19:53,604 DEBUG server.RaftServer$Division (RaftServerImpl.java:logAppendEntries(1539)) - s2@group-05D5B636F8BE: appendEntries* s14->s2#94-t1,previous=(t:1, i:32),leaderCommit=32,initializing? false,entries: size=1, first=(t:1, i:33), STATEMACHINELOGENTRY, StateMachineLogEntryProto:4300@client-0D8F39A90E5A
2024-09-10 06:19:53,604 DEBUG server.RaftServer$Division (RaftServerImpl.java:logAppendEntries(1539)) - s3@group-05D5B636F8BE: appendEntries* s14->s3#80-t1,previous=(t:1, i:32),leaderCommit=32,initializing? false,entries: size=1, first=(t:1, i:33), STATEMACHINELOGENTRY, StateMachineLogEntryProto:4300@client-0D8F39A90E5A
2024-09-10 06:19:53,604 DEBUG server.RaftServer$Division (RaftServerImpl.java:logAppendEntries(1539)) - s2@group-05D5B636F8BE: appendEntries* reply s14<-s2#94:OK-t1,SUCCESS,nextIndex=34,followerCommit=32,matchIndex=33
2024-09-10 06:19:53,604 DEBUG server.RaftServer$Division (RaftServerImpl.java:logAppendEntries(1539)) - s3@group-05D5B636F8BE: appendEntries* reply s14<-s3#80:OK-t1,SUCCESS,nextIndex=34,followerCommit=32,matchIndex=33
2024-09-10 06:19:53,605 INFO  statemachine.StateMachine (ArithmeticStateMachine.java:applyTransaction(181)) - LEADER:s14-33: b = null = null
2024-09-10 06:19:53,606 DEBUG server.RaftServer$Division (RaftServerImpl.java:logAppendEntries(1539)) - s2@group-05D5B636F8BE: appendEntries* s14->s2#95-t1,previous=(t:1, i:33),leaderCommit=33,initializing? false,entries: size=1, first=(t:1, i:34), METADATAENTRY(c:33)
2024-09-10 06:19:53,606 DEBUG server.RaftServer$Division (RaftServerImpl.java:logAppendEntries(1539)) - s3@group-05D5B636F8BE: appendEntries* s14->s3#81-t1,previous=(t:1, i:33),leaderCommit=33,initializing? false,entries: size=1, first=(t:1, i:34), METADATAENTRY(c:33)
2024-09-10 06:19:53,607 DEBUG server.RaftServer$Division (RaftServerImpl.java:logAppendEntries(1539)) - s3@group-05D5B636F8BE: appendEntries* reply s14<-s3#81:OK-t1,SUCCESS,nextIndex=35,followerCommit=33,matchIndex=34
2024-09-10 06:19:53,607 DEBUG server.RaftServer$Division (RaftServerImpl.java:logAppendEntries(1539)) - s2@group-05D5B636F8BE: appendEntries* reply s14<-s2#95:OK-t1,SUCCESS,nextIndex=35,followerCommit=33,matchIndex=34
2024-09-10 06:19:53,608 DEBUG server.RaftServer$Division (RaftServerImpl.java:submitClientRequestAsync(910)) - s14@group-05D5B636F8BE: receive client request(RaftClientRequest:client-0D8F39A90E5A->s14@group-05D5B636F8BE, cid=4301, seq=null, RW, Message:01016300)
2024-09-10 06:19:53,609 DEBUG server.RaftServer$Division (LeaderStateImpl.java:addPendingRequest(532)) - s14@group-05D5B636F8BE-LeaderStateImpl: addPendingRequest at RaftClientRequest:client-0D8F39A90E5A->s14@group-05D5B636F8BE, cid=4301, seq=null, RW, Message:01016300, entry=(t:1, i:35), STATEMACHINELOGENTRY, WRITE: logData.size=4, stateMachineData.size=0, logEntryProtoSerializedSize=0
2024-09-10 06:19:53,609 DEBUG server.RaftServer$Division (RaftServerImpl.java:logAppendEntries(1539)) - s3@group-05D5B636F8BE: appendEntries* s14->s3#83-t1,previous=(t:1, i:34),leaderCommit=34,initializing? false,entries: size=1, first=(t:1, i:35), STATEMACHINELOGENTRY, StateMachineLogEntryProto:4301@client-0D8F39A90E5A
2024-09-10 06:19:53,609 DEBUG server.RaftServer$Division (RaftServerImpl.java:logAppendEntries(1539)) - s2@group-05D5B636F8BE: appendEntries* s14->s2#98-t1,previous=(t:1, i:34),leaderCommit=34,initializing? false,entries: size=1, first=(t:1, i:35), STATEMACHINELOGENTRY, StateMachineLogEntryProto:4301@client-0D8F39A90E5A
2024-09-10 06:19:53,610 DEBUG server.RaftServer$Division (RaftServerImpl.java:logAppendEntries(1539)) - s3@group-05D5B636F8BE: appendEntries* reply s14<-s3#83:OK-t1,SUCCESS,nextIndex=36,followerCommit=34,matchIndex=35
2024-09-10 06:19:53,610 DEBUG server.RaftServer$Division (RaftServerImpl.java:logAppendEntries(1539)) - s2@group-05D5B636F8BE: appendEntries* reply s14<-s2#98:OK-t1,SUCCESS,nextIndex=36,followerCommit=34,matchIndex=35
2024-09-10 06:19:53,610 INFO  statemachine.StateMachine (ArithmeticStateMachine.java:applyTransaction(181)) - LEADER:s14-35: c = null = null
2024-09-10 06:19:53,611 DEBUG server.RaftServer$Division (RaftServerImpl.java:logAppendEntries(1539)) - s3@group-05D5B636F8BE: appendEntries* s14->s3#85-t1,previous=(t:1, i:35),leaderCommit=35,initializing? false,entries: size=1, first=(t:1, i:36), METADATAENTRY(c:35)
2024-09-10 06:19:53,611 DEBUG server.RaftServer$Division (RaftServerImpl.java:logAppendEntries(1539)) - s3@group-05D5B636F8BE: appendEntries* reply s14<-s3#85:OK-t1,SUCCESS,nextIndex=37,followerCommit=35,matchIndex=36
2024-09-10 06:19:53,612 DEBUG server.RaftServer$Division (RaftServerImpl.java:logAppendEntries(1539)) - s2@group-05D5B636F8BE: appendEntries* s14->s2#99-t1,previous=(t:1, i:35),leaderCommit=35,initializing? false,entries: size=1, first=(t:1, i:36), METADATAENTRY(c:35)
2024-09-10 06:19:53,613 DEBUG server.RaftServer$Division (RaftServerImpl.java:logAppendEntries(1539)) - s2@group-05D5B636F8BE: appendEntries* reply s14<-s2#99:OK-t1,SUCCESS,nextIndex=37,followerCommit=35,matchIndex=36
2024-09-10 06:19:53,614 DEBUG server.RaftServer$Division (RaftServerImpl.java:submitClientRequestAsync(910)) - s14@group-05D5B636F8BE: receive client request(RaftClientRequest:client-0D8F39A90E5A->s14@group-05D5B636F8BE, cid=4302, seq=null, RW, Message:01016102404880000000...(size=12))
2024-09-10 06:19:53,614 DEBUG server.RaftServer$Division (LeaderStateImpl.java:addPendingRequest(532)) - s14@group-05D5B636F8BE-LeaderStateImpl: addPendingRequest at RaftClientRequest:client-0D8F39A90E5A->s14@group-05D5B636F8BE, cid=4302, seq=null, RW, Message:01016102404880000000...(size=12), entry=(t:1, i:37), STATEMACHINELOGENTRY, WRITE: logData.size=12, stateMachineData.size=0, logEntryProtoSerializedSize=0
2024-09-10 06:19:53,615 DEBUG server.RaftServer$Division (RaftServerImpl.java:logAppendEntries(1539)) - s3@group-05D5B636F8BE: appendEntries* s14->s3#89-t1,previous=(t:1, i:36),leaderCommit=36,initializing? false,entries: size=1, first=(t:1, i:37), STATEMACHINELOGENTRY, StateMachineLogEntryProto:4302@client-0D8F39A90E5A
2024-09-10 06:19:53,615 DEBUG server.RaftServer$Division (RaftServerImpl.java:logAppendEntries(1539)) - s2@group-05D5B636F8BE: appendEntries* s14->s2#103-t1,previous=(t:1, i:36),leaderCommit=36,initializing? false,entries: size=1, first=(t:1, i:37), STATEMACHINELOGENTRY, StateMachineLogEntryProto:4302@client-0D8F39A90E5A
2024-09-10 06:19:53,615 DEBUG server.RaftServer$Division (RaftServerImpl.java:logAppendEntries(1539)) - s3@group-05D5B636F8BE: appendEntries* reply s14<-s3#89:OK-t1,SUCCESS,nextIndex=38,followerCommit=36,matchIndex=37
2024-09-10 06:19:53,616 INFO  statemachine.StateMachine (ArithmeticStateMachine.java:applyTransaction(181)) - LEADER:s14-37: a = 49 = 49
2024-09-10 06:19:53,616 DEBUG server.RaftServer$Division (RaftServerImpl.java:logAppendEntries(1539)) - s2@group-05D5B636F8BE: appendEntries* reply s14<-s2#103:OK-t1,SUCCESS,nextIndex=38,followerCommit=36,matchIndex=37
2024-09-10 06:19:53,617 DEBUG server.RaftServer$Division (RaftServerImpl.java:logAppendEntries(1539)) - s3@group-05D5B636F8BE: appendEntries* s14->s3#90-t1,previous=(t:1, i:37),leaderCommit=37,initializing? false,entries: size=1, first=(t:1, i:38), METADATAENTRY(c:37)
2024-09-10 06:19:53,618 DEBUG server.RaftServer$Division (RaftServerImpl.java:logAppendEntries(1539)) - s3@group-05D5B636F8BE: appendEntries* reply s14<-s3#90:OK-t1,SUCCESS,nextIndex=39,followerCommit=37,matchIndex=38
2024-09-10 06:19:53,618 DEBUG server.RaftServer$Division (RaftServerImpl.java:logAppendEntries(1539)) - s2@group-05D5B636F8BE: appendEntries* s14->s2#105-t1,previous=(t:1, i:37),leaderCommit=37,initializing? false,entries: size=1, first=(t:1, i:38), METADATAENTRY(c:37)
2024-09-10 06:19:53,619 DEBUG server.RaftServer$Division (RaftServerImpl.java:logAppendEntries(1539)) - s2@group-05D5B636F8BE: appendEntries* reply s14<-s2#105:OK-t1,SUCCESS,nextIndex=39,followerCommit=37,matchIndex=38
2024-09-10 06:19:53,620 DEBUG server.RaftServer$Division (RaftServerImpl.java:submitClientRequestAsync(910)) - s14@group-05D5B636F8BE: receive client request(RaftClientRequest:client-0D8F39A90E5A->s14@group-05D5B636F8BE, cid=4303, seq=null, RW, Message:010162024092c0000000...(size=12))
2024-09-10 06:19:53,620 DEBUG server.RaftServer$Division (LeaderStateImpl.java:addPendingRequest(532)) - s14@group-05D5B636F8BE-LeaderStateImpl: addPendingRequest at RaftClientRequest:client-0D8F39A90E5A->s14@group-05D5B636F8BE, cid=4303, seq=null, RW, Message:010162024092c0000000...(size=12), entry=(t:1, i:39), STATEMACHINELOGENTRY, WRITE: logData.size=12, stateMachineData.size=0, logEntryProtoSerializedSize=0
2024-09-10 06:19:53,621 DEBUG server.RaftServer$Division (RaftServerImpl.java:logAppendEntries(1539)) - s2@group-05D5B636F8BE: appendEntries* s14->s2#109-t1,previous=(t:1, i:38),leaderCommit=38,initializing? false,entries: size=1, first=(t:1, i:39), STATEMACHINELOGENTRY, StateMachineLogEntryProto:4303@client-0D8F39A90E5A
2024-09-10 06:19:53,622 DEBUG server.RaftServer$Division (RaftServerImpl.java:logAppendEntries(1539)) - s3@group-05D5B636F8BE: appendEntries* s14->s3#94-t1,previous=(t:1, i:38),leaderCommit=38,initializing? false,entries: size=1, first=(t:1, i:39), STATEMACHINELOGENTRY, StateMachineLogEntryProto:4303@client-0D8F39A90E5A
2024-09-10 06:19:53,622 DEBUG server.RaftServer$Division (RaftServerImpl.java:logAppendEntries(1539)) - s2@group-05D5B636F8BE: appendEntries* reply s14<-s2#109:OK-t1,SUCCESS,nextIndex=40,followerCommit=38,matchIndex=39
2024-09-10 06:19:53,622 DEBUG server.RaftServer$Division (RaftServerImpl.java:logAppendEntries(1539)) - s3@group-05D5B636F8BE: appendEntries* reply s14<-s3#94:OK-t1,SUCCESS,nextIndex=40,followerCommit=38,matchIndex=39
2024-09-10 06:19:53,622 INFO  statemachine.StateMachine (ArithmeticStateMachine.java:applyTransaction(181)) - LEADER:s14-39: b = 1200 = 1200
2024-09-10 06:19:53,623 DEBUG server.RaftServer$Division (RaftServerImpl.java:logAppendEntries(1539)) - s2@group-05D5B636F8BE: appendEntries* s14->s2#110-t1,previous=(t:1, i:39),leaderCommit=39,initializing? false,entries: size=1, first=(t:1, i:40), METADATAENTRY(c:39)
2024-09-10 06:19:53,624 DEBUG server.RaftServer$Division (RaftServerImpl.java:logAppendEntries(1539)) - s2@group-05D5B636F8BE: appendEntries* reply s14<-s2#110:OK-t1,SUCCESS,nextIndex=41,followerCommit=39,matchIndex=40
2024-09-10 06:19:53,624 DEBUG server.RaftServer$Division (RaftServerImpl.java:logAppendEntries(1539)) - s3@group-05D5B636F8BE: appendEntries* s14->s3#96-t1,previous=(t:1, i:39),leaderCommit=39,initializing? false,entries: size=1, first=(t:1, i:40), METADATAENTRY(c:39)
2024-09-10 06:19:53,624 DEBUG server.RaftServer$Division (RaftServerImpl.java:logAppendEntries(1539)) - s3@group-05D5B636F8BE: appendEntries* reply s14<-s3#96:OK-t1,SUCCESS,nextIndex=41,followerCommit=39,matchIndex=40
2024-09-10 06:19:53,626 DEBUG server.RaftServer$Division (RaftServerImpl.java:submitClientRequestAsync(910)) - s14@group-05D5B636F8BE: receive client request(RaftClientRequest:client-0D8F39A90E5A->s14@group-05D5B636F8BE, cid=4304, seq=null, RW, Message:01016304010300040201...(size=17))
2024-09-10 06:19:53,626 DEBUG server.RaftServer$Division (LeaderStateImpl.java:addPendingRequest(532)) - s14@group-05D5B636F8BE-LeaderStateImpl: addPendingRequest at RaftClientRequest:client-0D8F39A90E5A->s14@group-05D5B636F8BE, cid=4304, seq=null, RW, Message:01016304010300040201...(size=17), entry=(t:1, i:41), STATEMACHINELOGENTRY, WRITE: logData.size=17, stateMachineData.size=0, logEntryProtoSerializedSize=0
2024-09-10 06:19:53,627 DEBUG server.RaftServer$Division (RaftServerImpl.java:logAppendEntries(1539)) - s3@group-05D5B636F8BE: appendEntries* s14->s3#99-t1,previous=(t:1, i:40),leaderCommit=40,initializing? false,entries: size=1, first=(t:1, i:41), STATEMACHINELOGENTRY, StateMachineLogEntryProto:4304@client-0D8F39A90E5A
2024-09-10 06:19:53,627 DEBUG server.RaftServer$Division (RaftServerImpl.java:logAppendEntries(1539)) - s2@group-05D5B636F8BE: appendEntries* s14->s2#113-t1,previous=(t:1, i:40),leaderCommit=40,initializing? false,entries: size=1, first=(t:1, i:41), STATEMACHINELOGENTRY, StateMachineLogEntryProto:4304@client-0D8F39A90E5A
2024-09-10 06:19:53,628 DEBUG server.RaftServer$Division (RaftServerImpl.java:logAppendEntries(1539)) - s3@group-05D5B636F8BE: appendEntries* reply s14<-s3#99:OK-t1,SUCCESS,nextIndex=42,followerCommit=40,matchIndex=41
2024-09-10 06:19:53,628 DEBUG server.RaftServer$Division (RaftServerImpl.java:logAppendEntries(1539)) - s2@group-05D5B636F8BE: appendEntries* reply s14<-s2#113:OK-t1,SUCCESS,nextIndex=42,followerCommit=40,matchIndex=41
2024-09-10 06:19:53,628 INFO  statemachine.StateMachine (ArithmeticStateMachine.java:applyTransaction(181)) - LEADER:s14-41: c = √(a^2 + b^2) = 1201
2024-09-10 06:19:53,629 DEBUG server.RaftServer$Division (RaftServerImpl.java:logAppendEntries(1539)) - s3@group-05D5B636F8BE: appendEntries* s14->s3#100-t1,previous=(t:1, i:41),leaderCommit=41,initializing? false,entries: size=1, first=(t:1, i:42), METADATAENTRY(c:41)
2024-09-10 06:19:53,629 DEBUG server.RaftServer$Division (RaftServerImpl.java:logAppendEntries(1539)) - s3@group-05D5B636F8BE: appendEntries* reply s14<-s3#100:OK-t1,SUCCESS,nextIndex=43,followerCommit=41,matchIndex=42
2024-09-10 06:19:53,630 DEBUG server.RaftServer$Division (RaftServerImpl.java:logAppendEntries(1539)) - s2@group-05D5B636F8BE: appendEntries* s14->s2#115-t1,previous=(t:1, i:41),leaderCommit=41,initializing? false,entries: size=1, first=(t:1, i:42), METADATAENTRY(c:41)
2024-09-10 06:19:53,631 DEBUG server.RaftServer$Division (RaftServerImpl.java:logAppendEntries(1539)) - s2@group-05D5B636F8BE: appendEntries* reply s14<-s2#115:OK-t1,SUCCESS,nextIndex=43,followerCommit=41,matchIndex=42
2024-09-10 06:19:53,631 DEBUG server.RaftServer$Division (RaftServerImpl.java:submitClientRequestAsync(910)) - s14@group-05D5B636F8BE: receive client request(RaftClientRequest:client-0D8F39A90E5A->s14@group-05D5B636F8BE, cid=4305, seq=null, RW, Message:01016100)
2024-09-10 06:19:53,631 DEBUG server.RaftServer$Division (LeaderStateImpl.java:addPendingRequest(532)) - s14@group-05D5B636F8BE-LeaderStateImpl: addPendingRequest at RaftClientRequest:client-0D8F39A90E5A->s14@group-05D5B636F8BE, cid=4305, seq=null, RW, Message:01016100, entry=(t:1, i:43), STATEMACHINELOGENTRY, WRITE: logData.size=4, stateMachineData.size=0, logEntryProtoSerializedSize=0
2024-09-10 06:19:53,632 DEBUG server.RaftServer$Division (RaftServerImpl.java:logAppendEntries(1539)) - s3@group-05D5B636F8BE: appendEntries* s14->s3#104-t1,previous=(t:1, i:42),leaderCommit=42,initializing? false,entries: size=1, first=(t:1, i:43), STATEMACHINELOGENTRY, StateMachineLogEntryProto:4305@client-0D8F39A90E5A
2024-09-10 06:19:53,632 DEBUG server.RaftServer$Division (RaftServerImpl.java:logAppendEntries(1539)) - s2@group-05D5B636F8BE: appendEntries* s14->s2#119-t1,previous=(t:1, i:42),leaderCommit=42,initializing? false,entries: size=1, first=(t:1, i:43), STATEMACHINELOGENTRY, StateMachineLogEntryProto:4305@client-0D8F39A90E5A
2024-09-10 06:19:53,633 DEBUG server.RaftServer$Division (RaftServerImpl.java:logAppendEntries(1539)) - s3@group-05D5B636F8BE: appendEntries* reply s14<-s3#104:OK-t1,SUCCESS,nextIndex=44,followerCommit=42,matchIndex=43
2024-09-10 06:19:53,633 DEBUG server.RaftServer$Division (RaftServerImpl.java:logAppendEntries(1539)) - s2@group-05D5B636F8BE: appendEntries* reply s14<-s2#119:OK-t1,SUCCESS,nextIndex=44,followerCommit=42,matchIndex=43
2024-09-10 06:19:53,633 INFO  statemachine.StateMachine (ArithmeticStateMachine.java:applyTransaction(181)) - LEADER:s14-43: a = null = null
2024-09-10 06:19:53,634 DEBUG server.RaftServer$Division (RaftServerImpl.java:logAppendEntries(1539)) - s3@group-05D5B636F8BE: appendEntries* s14->s3#106-t1,previous=(t:1, i:43),leaderCommit=43,initializing? false,entries: size=1, first=(t:1, i:44), METADATAENTRY(c:43)
2024-09-10 06:19:53,634 DEBUG server.RaftServer$Division (RaftServerImpl.java:logAppendEntries(1539)) - s2@group-05D5B636F8BE: appendEntries* s14->s2#120-t1,previous=(t:1, i:43),leaderCommit=43,initializing? false,entries: size=1, first=(t:1, i:44), METADATAENTRY(c:43)
2024-09-10 06:19:53,635 DEBUG server.RaftServer$Division (RaftServerImpl.java:logAppendEntries(1539)) - s3@group-05D5B636F8BE: appendEntries* reply s14<-s3#106:OK-t1,SUCCESS,nextIndex=45,followerCommit=43,matchIndex=44
2024-09-10 06:19:53,635 DEBUG server.RaftServer$Division (RaftServerImpl.java:logAppendEntries(1539)) - s2@group-05D5B636F8BE: appendEntries* reply s14<-s2#120:OK-t1,SUCCESS,nextIndex=45,followerCommit=43,matchIndex=44
2024-09-10 06:19:53,637 DEBUG server.RaftServer$Division (RaftServerImpl.java:submitClientRequestAsync(910)) - s14@group-05D5B636F8BE: receive client request(RaftClientRequest:client-0D8F39A90E5A->s14@group-05D5B636F8BE, cid=4306, seq=null, RW, Message:01016200)
2024-09-10 06:19:53,638 DEBUG server.RaftServer$Division (LeaderStateImpl.java:addPendingRequest(532)) - s14@group-05D5B636F8BE-LeaderStateImpl: addPendingRequest at RaftClientRequest:client-0D8F39A90E5A->s14@group-05D5B636F8BE, cid=4306, seq=null, RW, Message:01016200, entry=(t:1, i:45), STATEMACHINELOGENTRY, WRITE: logData.size=4, stateMachineData.size=0, logEntryProtoSerializedSize=0
2024-09-10 06:19:53,638 DEBUG server.RaftServer$Division (RaftServerImpl.java:logAppendEntries(1539)) - s3@group-05D5B636F8BE: appendEntries* s14->s3#110-t1,previous=(t:1, i:44),leaderCommit=44,initializing? false,entries: size=1, first=(t:1, i:45), STATEMACHINELOGENTRY, StateMachineLogEntryProto:4306@client-0D8F39A90E5A
2024-09-10 06:19:53,639 DEBUG server.RaftServer$Division (RaftServerImpl.java:logAppendEntries(1539)) - s2@group-05D5B636F8BE: appendEntries* s14->s2#124-t1,previous=(t:1, i:44),leaderCommit=44,initializing? false,entries: size=1, first=(t:1, i:45), STATEMACHINELOGENTRY, StateMachineLogEntryProto:4306@client-0D8F39A90E5A
2024-09-10 06:19:53,639 DEBUG server.RaftServer$Division (RaftServerImpl.java:logAppendEntries(1539)) - s3@group-05D5B636F8BE: appendEntries* reply s14<-s3#110:OK-t1,SUCCESS,nextIndex=46,followerCommit=44,matchIndex=45
2024-09-10 06:19:53,639 DEBUG server.RaftServer$Division (RaftServerImpl.java:logAppendEntries(1539)) - s2@group-05D5B636F8BE: appendEntries* reply s14<-s2#124:OK-t1,SUCCESS,nextIndex=46,followerCommit=44,matchIndex=45
2024-09-10 06:19:53,640 INFO  statemachine.StateMachine (ArithmeticStateMachine.java:applyTransaction(181)) - LEADER:s14-45: b = null = null
2024-09-10 06:19:53,640 DEBUG server.RaftServer$Division (RaftServerImpl.java:logAppendEntries(1539)) - s3@group-05D5B636F8BE: appendEntries* s14->s3#111-t1,previous=(t:1, i:45),leaderCommit=45,initializing? false,entries: size=1, first=(t:1, i:46), METADATAENTRY(c:45)
2024-09-10 06:19:53,641 DEBUG server.RaftServer$Division (RaftServerImpl.java:logAppendEntries(1539)) - s2@group-05D5B636F8BE: appendEntries* s14->s2#126-t1,previous=(t:1, i:45),leaderCommit=45,initializing? false,entries: size=1, first=(t:1, i:46), METADATAENTRY(c:45)
2024-09-10 06:19:53,641 DEBUG server.RaftServer$Division (RaftServerImpl.java:logAppendEntries(1539)) - s3@group-05D5B636F8BE: appendEntries* reply s14<-s3#111:OK-t1,SUCCESS,nextIndex=47,followerCommit=45,matchIndex=46
2024-09-10 06:19:53,641 DEBUG server.RaftServer$Division (RaftServerImpl.java:logAppendEntries(1539)) - s2@group-05D5B636F8BE: appendEntries* reply s14<-s2#126:OK-t1,SUCCESS,nextIndex=47,followerCommit=45,matchIndex=46
2024-09-10 06:19:53,643 DEBUG server.RaftServer$Division (RaftServerImpl.java:submitClientRequestAsync(910)) - s14@group-05D5B636F8BE: receive client request(RaftClientRequest:client-0D8F39A90E5A->s14@group-05D5B636F8BE, cid=4307, seq=null, RW, Message:01016300)
2024-09-10 06:19:53,644 DEBUG server.RaftServer$Division (LeaderStateImpl.java:addPendingRequest(532)) - s14@group-05D5B636F8BE-LeaderStateImpl: addPendingRequest at RaftClientRequest:client-0D8F39A90E5A->s14@group-05D5B636F8BE, cid=4307, seq=null, RW, Message:01016300, entry=(t:1, i:47), STATEMACHINELOGENTRY, WRITE: logData.size=4, stateMachineData.size=0, logEntryProtoSerializedSize=0
2024-09-10 06:19:53,645 DEBUG server.RaftServer$Division (RaftServerImpl.java:logAppendEntries(1539)) - s3@group-05D5B636F8BE: appendEntries* s14->s3#115-t1,previous=(t:1, i:46),leaderCommit=46,initializing? false,entries: size=1, first=(t:1, i:47), STATEMACHINELOGENTRY, StateMachineLogEntryProto:4307@client-0D8F39A90E5A
2024-09-10 06:19:53,645 DEBUG server.RaftServer$Division (RaftServerImpl.java:logAppendEntries(1539)) - s2@group-05D5B636F8BE: appendEntries* s14->s2#130-t1,previous=(t:1, i:46),leaderCommit=46,initializing? false,entries: size=1, first=(t:1, i:47), STATEMACHINELOGENTRY, StateMachineLogEntryProto:4307@client-0D8F39A90E5A
2024-09-10 06:19:53,645 DEBUG server.RaftServer$Division (RaftServerImpl.java:logAppendEntries(1539)) - s3@group-05D5B636F8BE: appendEntries* reply s14<-s3#115:OK-t1,SUCCESS,nextIndex=48,followerCommit=46,matchIndex=47
2024-09-10 06:19:53,646 DEBUG server.RaftServer$Division (RaftServerImpl.java:logAppendEntries(1539)) - s2@group-05D5B636F8BE: appendEntries* reply s14<-s2#130:OK-t1,SUCCESS,nextIndex=48,followerCommit=46,matchIndex=47
2024-09-10 06:19:53,646 INFO  statemachine.StateMachine (ArithmeticStateMachine.java:applyTransaction(181)) - LEADER:s14-47: c = null = null
2024-09-10 06:19:53,649 DEBUG server.RaftServer$Division (RaftServerImpl.java:logAppendEntries(1539)) - s2@group-05D5B636F8BE: appendEntries* s14->s2#132-t1,previous=(t:1, i:47),leaderCommit=47,initializing? false,entries: size=1, first=(t:1, i:48), METADATAENTRY(c:47)
2024-09-10 06:19:53,649 DEBUG server.RaftServer$Division (RaftServerImpl.java:logAppendEntries(1539)) - s3@group-05D5B636F8BE: appendEntries* s14->s3#116-t1,previous=(t:1, i:47),leaderCommit=47,initializing? false,entries: size=1, first=(t:1, i:48), METADATAENTRY(c:47)
2024-09-10 06:19:53,649 DEBUG server.RaftServer$Division (RaftServerImpl.java:logAppendEntries(1539)) - s3@group-05D5B636F8BE: appendEntries* reply s14<-s3#116:OK-t1,SUCCESS,nextIndex=49,followerCommit=47,matchIndex=48
2024-09-10 06:19:53,649 DEBUG server.RaftServer$Division (RaftServerImpl.java:logAppendEntries(1539)) - s2@group-05D5B636F8BE: appendEntries* reply s14<-s2#132:OK-t1,SUCCESS,nextIndex=49,followerCommit=47,matchIndex=48
2024-09-10 06:19:53,651 DEBUG server.RaftServer$Division (RaftServerImpl.java:submitClientRequestAsync(910)) - s14@group-05D5B636F8BE: receive client request(RaftClientRequest:client-0D8F39A90E5A->s14@group-05D5B636F8BE, cid=4308, seq=null, RW, Message:01016102404980000000...(size=12))
2024-09-10 06:19:53,651 DEBUG server.RaftServer$Division (LeaderStateImpl.java:addPendingRequest(532)) - s14@group-05D5B636F8BE-LeaderStateImpl: addPendingRequest at RaftClientRequest:client-0D8F39A90E5A->s14@group-05D5B636F8BE, cid=4308, seq=null, RW, Message:01016102404980000000...(size=12), entry=(t:1, i:49), STATEMACHINELOGENTRY, WRITE: logData.size=12, stateMachineData.size=0, logEntryProtoSerializedSize=0
2024-09-10 06:19:53,652 DEBUG server.RaftServer$Division (RaftServerImpl.java:logAppendEntries(1539)) - s3@group-05D5B636F8BE: appendEntries* s14->s3#120-t1,previous=(t:1, i:48),leaderCommit=48,initializing? false,entries: size=1, first=(t:1, i:49), STATEMACHINELOGENTRY, StateMachineLogEntryProto:4308@client-0D8F39A90E5A
2024-09-10 06:19:53,653 DEBUG server.RaftServer$Division (RaftServerImpl.java:logAppendEntries(1539)) - s2@group-05D5B636F8BE: appendEntries* s14->s2#136-t1,previous=(t:1, i:48),leaderCommit=48,initializing? false,entries: size=1, first=(t:1, i:49), STATEMACHINELOGENTRY, StateMachineLogEntryProto:4308@client-0D8F39A90E5A
2024-09-10 06:19:53,653 DEBUG server.RaftServer$Division (RaftServerImpl.java:logAppendEntries(1539)) - s3@group-05D5B636F8BE: appendEntries* reply s14<-s3#120:OK-t1,SUCCESS,nextIndex=50,followerCommit=48,matchIndex=49
2024-09-10 06:19:53,653 INFO  statemachine.StateMachine (ArithmeticStateMachine.java:applyTransaction(181)) - LEADER:s14-49: a = 51 = 51
2024-09-10 06:19:53,653 DEBUG server.RaftServer$Division (RaftServerImpl.java:logAppendEntries(1539)) - s2@group-05D5B636F8BE: appendEntries* reply s14<-s2#136:OK-t1,SUCCESS,nextIndex=50,followerCommit=48,matchIndex=49
2024-09-10 06:19:53,654 DEBUG server.RaftServer$Division (RaftServerImpl.java:logAppendEntries(1539)) - s3@group-05D5B636F8BE: appendEntries* s14->s3#122-t1,previous=(t:1, i:49),leaderCommit=49,initializing? false,entries: size=1, first=(t:1, i:50), METADATAENTRY(c:49)
2024-09-10 06:19:53,655 DEBUG server.RaftServer$Division (RaftServerImpl.java:logAppendEntries(1539)) - s3@group-05D5B636F8BE: appendEntries* reply s14<-s3#122:OK-t1,SUCCESS,nextIndex=51,followerCommit=49,matchIndex=50
2024-09-10 06:19:53,656 DEBUG server.RaftServer$Division (RaftServerImpl.java:logAppendEntries(1539)) - s2@group-05D5B636F8BE: appendEntries* s14->s2#138-t1,previous=(t:1, i:49),leaderCommit=49,initializing? false,entries: size=1, first=(t:1, i:50), METADATAENTRY(c:49)
2024-09-10 06:19:53,656 DEBUG server.RaftServer$Division (RaftServerImpl.java:logAppendEntries(1539)) - s2@group-05D5B636F8BE: appendEntries* reply s14<-s2#138:OK-t1,SUCCESS,nextIndex=51,followerCommit=49,matchIndex=50
2024-09-10 06:19:53,657 DEBUG server.RaftServer$Division (RaftServerImpl.java:submitClientRequestAsync(910)) - s14@group-05D5B636F8BE: receive client request(RaftClientRequest:client-0D8F39A90E5A->s14@group-05D5B636F8BE, cid=4309, seq=null, RW, Message:01016202409450000000...(size=12))
2024-09-10 06:19:53,657 DEBUG server.RaftServer$Division (LeaderStateImpl.java:addPendingRequest(532)) - s14@group-05D5B636F8BE-LeaderStateImpl: addPendingRequest at RaftClientRequest:client-0D8F39A90E5A->s14@group-05D5B636F8BE, cid=4309, seq=null, RW, Message:01016202409450000000...(size=12), entry=(t:1, i:51), STATEMACHINELOGENTRY, WRITE: logData.size=12, stateMachineData.size=0, logEntryProtoSerializedSize=0
2024-09-10 06:19:53,658 DEBUG server.RaftServer$Division (RaftServerImpl.java:logAppendEntries(1539)) - s3@group-05D5B636F8BE: appendEntries* s14->s3#125-t1,previous=(t:1, i:50),leaderCommit=50,initializing? false,entries: size=1, first=(t:1, i:51), STATEMACHINELOGENTRY, StateMachineLogEntryProto:4309@client-0D8F39A90E5A
2024-09-10 06:19:53,658 DEBUG server.RaftServer$Division (RaftServerImpl.java:logAppendEntries(1539)) - s2@group-05D5B636F8BE: appendEntries* s14->s2#141-t1,previous=(t:1, i:50),leaderCommit=50,initializing? false,entries: size=1, first=(t:1, i:51), STATEMACHINELOGENTRY, StateMachineLogEntryProto:4309@client-0D8F39A90E5A
2024-09-10 06:19:53,658 DEBUG server.RaftServer$Division (RaftServerImpl.java:logAppendEntries(1539)) - s3@group-05D5B636F8BE: appendEntries* reply s14<-s3#125:OK-t1,SUCCESS,nextIndex=52,followerCommit=50,matchIndex=51
2024-09-10 06:19:53,659 DEBUG server.RaftServer$Division (RaftServerImpl.java:logAppendEntries(1539)) - s2@group-05D5B636F8BE: appendEntries* reply s14<-s2#141:OK-t1,SUCCESS,nextIndex=52,followerCommit=50,matchIndex=51
2024-09-10 06:19:53,659 INFO  statemachine.StateMachine (ArithmeticStateMachine.java:applyTransaction(181)) - LEADER:s14-51: b = 1300 = 1300
2024-09-10 06:19:53,659 DEBUG server.RaftServer$Division (RaftServerImpl.java:logAppendEntries(1539)) - s3@group-05D5B636F8BE: appendEntries* s14->s3#126-t1,previous=(t:1, i:51),leaderCommit=51,initializing? false,entries: size=1, first=(t:1, i:52), METADATAENTRY(c:51)
2024-09-10 06:19:53,660 DEBUG server.RaftServer$Division (RaftServerImpl.java:logAppendEntries(1539)) - s2@group-05D5B636F8BE: appendEntries* s14->s2#143-t1,previous=(t:1, i:51),leaderCommit=51,initializing? false,entries: size=1, first=(t:1, i:52), METADATAENTRY(c:51)
2024-09-10 06:19:53,660 DEBUG server.RaftServer$Division (RaftServerImpl.java:logAppendEntries(1539)) - s3@group-05D5B636F8BE: appendEntries* reply s14<-s3#126:OK-t1,SUCCESS,nextIndex=53,followerCommit=51,matchIndex=52
2024-09-10 06:19:53,661 DEBUG server.RaftServer$Division (RaftServerImpl.java:logAppendEntries(1539)) - s2@group-05D5B636F8BE: appendEntries* reply s14<-s2#143:OK-t1,SUCCESS,nextIndex=53,followerCommit=51,matchIndex=52
2024-09-10 06:19:53,662 DEBUG server.RaftServer$Division (RaftServerImpl.java:submitClientRequestAsync(910)) - s14@group-05D5B636F8BE: receive client request(RaftClientRequest:client-0D8F39A90E5A->s14@group-05D5B636F8BE, cid=4310, seq=null, RW, Message:01016304010300040201...(size=17))
2024-09-10 06:19:53,662 DEBUG server.RaftServer$Division (LeaderStateImpl.java:addPendingRequest(532)) - s14@group-05D5B636F8BE-LeaderStateImpl: addPendingRequest at RaftClientRequest:client-0D8F39A90E5A->s14@group-05D5B636F8BE, cid=4310, seq=null, RW, Message:01016304010300040201...(size=17), entry=(t:1, i:53), STATEMACHINELOGENTRY, WRITE: logData.size=17, stateMachineData.size=0, logEntryProtoSerializedSize=0
2024-09-10 06:19:53,663 DEBUG server.RaftServer$Division (RaftServerImpl.java:logAppendEntries(1539)) - s2@group-05D5B636F8BE: appendEntries* s14->s2#147-t1,previous=(t:1, i:52),leaderCommit=52,initializing? false,entries: size=1, first=(t:1, i:53), STATEMACHINELOGENTRY, StateMachineLogEntryProto:4310@client-0D8F39A90E5A
2024-09-10 06:19:53,663 DEBUG server.RaftServer$Division (RaftServerImpl.java:logAppendEntries(1539)) - s3@group-05D5B636F8BE: appendEntries* s14->s3#130-t1,previous=(t:1, i:52),leaderCommit=52,initializing? false,entries: size=1, first=(t:1, i:53), STATEMACHINELOGENTRY, StateMachineLogEntryProto:4310@client-0D8F39A90E5A
2024-09-10 06:19:53,663 DEBUG server.RaftServer$Division (RaftServerImpl.java:logAppendEntries(1539)) - s3@group-05D5B636F8BE: appendEntries* reply s14<-s3#130:OK-t1,SUCCESS,nextIndex=54,followerCommit=52,matchIndex=53
2024-09-10 06:19:53,663 DEBUG server.RaftServer$Division (RaftServerImpl.java:logAppendEntries(1539)) - s2@group-05D5B636F8BE: appendEntries* reply s14<-s2#147:OK-t1,SUCCESS,nextIndex=54,followerCommit=52,matchIndex=53
2024-09-10 06:19:53,664 INFO  statemachine.StateMachine (ArithmeticStateMachine.java:applyTransaction(181)) - LEADER:s14-53: c = √(a^2 + b^2) = 1301
2024-09-10 06:19:53,665 DEBUG server.RaftServer$Division (RaftServerImpl.java:logAppendEntries(1539)) - s3@group-05D5B636F8BE: appendEntries* s14->s3#131-t1,previous=(t:1, i:53),leaderCommit=53,initializing? false,entries: size=1, first=(t:1, i:54), METADATAENTRY(c:53)
2024-09-10 06:19:53,665 DEBUG server.RaftServer$Division (RaftServerImpl.java:logAppendEntries(1539)) - s3@group-05D5B636F8BE: appendEntries* reply s14<-s3#131:OK-t1,SUCCESS,nextIndex=55,followerCommit=53,matchIndex=54
2024-09-10 06:19:53,665 DEBUG server.RaftServer$Division (RaftServerImpl.java:logAppendEntries(1539)) - s2@group-05D5B636F8BE: appendEntries* s14->s2#148-t1,previous=(t:1, i:53),leaderCommit=53,initializing? false,entries: size=1, first=(t:1, i:54), METADATAENTRY(c:53)
2024-09-10 06:19:53,666 DEBUG server.RaftServer$Division (RaftServerImpl.java:logAppendEntries(1539)) - s2@group-05D5B636F8BE: appendEntries* reply s14<-s2#148:OK-t1,SUCCESS,nextIndex=55,followerCommit=53,matchIndex=54
2024-09-10 06:19:53,667 DEBUG server.RaftServer$Division (RaftServerImpl.java:submitClientRequestAsync(910)) - s14@group-05D5B636F8BE: receive client request(RaftClientRequest:client-0D8F39A90E5A->s14@group-05D5B636F8BE, cid=4311, seq=null, RW, Message:01016100)
2024-09-10 06:19:53,667 DEBUG server.RaftServer$Division (LeaderStateImpl.java:addPendingRequest(532)) - s14@group-05D5B636F8BE-LeaderStateImpl: addPendingRequest at RaftClientRequest:client-0D8F39A90E5A->s14@group-05D5B636F8BE, cid=4311, seq=null, RW, Message:01016100, entry=(t:1, i:55), STATEMACHINELOGENTRY, WRITE: logData.size=4, stateMachineData.size=0, logEntryProtoSerializedSize=0
2024-09-10 06:19:53,668 DEBUG server.RaftServer$Division (RaftServerImpl.java:logAppendEntries(1539)) - s3@group-05D5B636F8BE: appendEntries* s14->s3#133-t1,previous=(t:1, i:54),leaderCommit=54,initializing? false,entries: size=1, first=(t:1, i:55), STATEMACHINELOGENTRY, StateMachineLogEntryProto:4311@client-0D8F39A90E5A
2024-09-10 06:19:53,668 DEBUG server.RaftServer$Division (RaftServerImpl.java:logAppendEntries(1539)) - s2@group-05D5B636F8BE: appendEntries* s14->s2#150-t1,previous=(t:1, i:54),leaderCommit=54,initializing? false,entries: size=1, first=(t:1, i:55), STATEMACHINELOGENTRY, StateMachineLogEntryProto:4311@client-0D8F39A90E5A
2024-09-10 06:19:53,668 DEBUG server.RaftServer$Division (RaftServerImpl.java:logAppendEntries(1539)) - s3@group-05D5B636F8BE: appendEntries* reply s14<-s3#133:OK-t1,SUCCESS,nextIndex=56,followerCommit=54,matchIndex=55
2024-09-10 06:19:53,669 INFO  statemachine.StateMachine (ArithmeticStateMachine.java:applyTransaction(181)) - LEADER:s14-55: a = null = null
2024-09-10 06:19:53,669 DEBUG server.RaftServer$Division (RaftServerImpl.java:logAppendEntries(1539)) - s2@group-05D5B636F8BE: appendEntries* reply s14<-s2#150:OK-t1,SUCCESS,nextIndex=56,followerCommit=54,matchIndex=55
2024-09-10 06:19:53,670 DEBUG server.RaftServer$Division (RaftServerImpl.java:logAppendEntries(1539)) - s3@group-05D5B636F8BE: appendEntries* s14->s3#135-t1,previous=(t:1, i:55),leaderCommit=55,initializing? false,entries: size=1, first=(t:1, i:56), METADATAENTRY(c:55)
2024-09-10 06:19:53,671 DEBUG server.RaftServer$Division (RaftServerImpl.java:logAppendEntries(1539)) - s3@group-05D5B636F8BE: appendEntries* reply s14<-s3#135:OK-t1,SUCCESS,nextIndex=57,followerCommit=55,matchIndex=56
2024-09-10 06:19:53,671 DEBUG server.RaftServer$Division (RaftServerImpl.java:logAppendEntries(1539)) - s2@group-05D5B636F8BE: appendEntries* s14->s2#151-t1,previous=(t:1, i:55),leaderCommit=55,initializing? false,entries: size=1, first=(t:1, i:56), METADATAENTRY(c:55)
2024-09-10 06:19:53,672 DEBUG server.RaftServer$Division (RaftServerImpl.java:logAppendEntries(1539)) - s2@group-05D5B636F8BE: appendEntries* reply s14<-s2#151:OK-t1,SUCCESS,nextIndex=57,followerCommit=55,matchIndex=56
2024-09-10 06:19:53,673 DEBUG server.RaftServer$Division (RaftServerImpl.java:submitClientRequestAsync(910)) - s14@group-05D5B636F8BE: receive client request(RaftClientRequest:client-0D8F39A90E5A->s14@group-05D5B636F8BE, cid=4312, seq=null, RW, Message:01016200)
2024-09-10 06:19:53,673 DEBUG server.RaftServer$Division (LeaderStateImpl.java:addPendingRequest(532)) - s14@group-05D5B636F8BE-LeaderStateImpl: addPendingRequest at RaftClientRequest:client-0D8F39A90E5A->s14@group-05D5B636F8BE, cid=4312, seq=null, RW, Message:01016200, entry=(t:1, i:57), STATEMACHINELOGENTRY, WRITE: logData.size=4, stateMachineData.size=0, logEntryProtoSerializedSize=0
2024-09-10 06:19:53,674 DEBUG server.RaftServer$Division (RaftServerImpl.java:logAppendEntries(1539)) - s2@group-05D5B636F8BE: appendEntries* s14->s2#154-t1,previous=(t:1, i:56),leaderCommit=56,initializing? false,entries: size=1, first=(t:1, i:57), STATEMACHINELOGENTRY, StateMachineLogEntryProto:4312@client-0D8F39A90E5A
2024-09-10 06:19:53,674 DEBUG server.RaftServer$Division (RaftServerImpl.java:logAppendEntries(1539)) - s3@group-05D5B636F8BE: appendEntries* s14->s3#138-t1,previous=(t:1, i:56),leaderCommit=56,initializing? false,entries: size=1, first=(t:1, i:57), STATEMACHINELOGENTRY, StateMachineLogEntryProto:4312@client-0D8F39A90E5A
2024-09-10 06:19:53,674 DEBUG server.RaftServer$Division (RaftServerImpl.java:logAppendEntries(1539)) - s2@group-05D5B636F8BE: appendEntries* reply s14<-s2#154:OK-t1,SUCCESS,nextIndex=58,followerCommit=56,matchIndex=57
2024-09-10 06:19:53,675 DEBUG server.RaftServer$Division (RaftServerImpl.java:logAppendEntries(1539)) - s3@group-05D5B636F8BE: appendEntries* reply s14<-s3#138:OK-t1,SUCCESS,nextIndex=58,followerCommit=56,matchIndex=57
2024-09-10 06:19:53,675 INFO  statemachine.StateMachine (ArithmeticStateMachine.java:applyTransaction(181)) - LEADER:s14-57: b = null = null
2024-09-10 06:19:53,676 DEBUG server.RaftServer$Division (RaftServerImpl.java:logAppendEntries(1539)) - s2@group-05D5B636F8BE: appendEntries* s14->s2#155-t1,previous=(t:1, i:57),leaderCommit=57,initializing? false,entries: size=1, first=(t:1, i:58), METADATAENTRY(c:57)
2024-09-10 06:19:53,676 DEBUG server.RaftServer$Division (RaftServerImpl.java:logAppendEntries(1539)) - s3@group-05D5B636F8BE: appendEntries* s14->s3#140-t1,previous=(t:1, i:57),leaderCommit=57,initializing? false,entries: size=1, first=(t:1, i:58), METADATAENTRY(c:57)
2024-09-10 06:19:53,676 DEBUG server.RaftServer$Division (RaftServerImpl.java:logAppendEntries(1539)) - s2@group-05D5B636F8BE: appendEntries* reply s14<-s2#155:OK-t1,SUCCESS,nextIndex=59,followerCommit=57,matchIndex=58
2024-09-10 06:19:53,676 DEBUG server.RaftServer$Division (RaftServerImpl.java:logAppendEntries(1539)) - s3@group-05D5B636F8BE: appendEntries* reply s14<-s3#140:OK-t1,SUCCESS,nextIndex=59,followerCommit=57,matchIndex=58
2024-09-10 06:19:53,678 DEBUG server.RaftServer$Division (RaftServerImpl.java:submitClientRequestAsync(910)) - s14@group-05D5B636F8BE: receive client request(RaftClientRequest:client-0D8F39A90E5A->s14@group-05D5B636F8BE, cid=4313, seq=null, RW, Message:01016300)
2024-09-10 06:19:53,678 DEBUG server.RaftServer$Division (LeaderStateImpl.java:addPendingRequest(532)) - s14@group-05D5B636F8BE-LeaderStateImpl: addPendingRequest at RaftClientRequest:client-0D8F39A90E5A->s14@group-05D5B636F8BE, cid=4313, seq=null, RW, Message:01016300, entry=(t:1, i:59), STATEMACHINELOGENTRY, WRITE: logData.size=4, stateMachineData.size=0, logEntryProtoSerializedSize=0
2024-09-10 06:19:53,679 DEBUG server.RaftServer$Division (RaftServerImpl.java:logAppendEntries(1539)) - s2@group-05D5B636F8BE: appendEntries* s14->s2#159-t1,previous=(t:1, i:58),leaderCommit=58,initializing? false,entries: size=1, first=(t:1, i:59), STATEMACHINELOGENTRY, StateMachineLogEntryProto:4313@client-0D8F39A90E5A
2024-09-10 06:19:53,680 DEBUG server.RaftServer$Division (RaftServerImpl.java:logAppendEntries(1539)) - s3@group-05D5B636F8BE: appendEntries* s14->s3#144-t1,previous=(t:1, i:58),leaderCommit=58,initializing? false,entries: size=1, first=(t:1, i:59), STATEMACHINELOGENTRY, StateMachineLogEntryProto:4313@client-0D8F39A90E5A
2024-09-10 06:19:53,680 DEBUG server.RaftServer$Division (RaftServerImpl.java:logAppendEntries(1539)) - s2@group-05D5B636F8BE: appendEntries* reply s14<-s2#159:OK-t1,SUCCESS,nextIndex=60,followerCommit=58,matchIndex=59
2024-09-10 06:19:53,680 DEBUG server.RaftServer$Division (RaftServerImpl.java:logAppendEntries(1539)) - s3@group-05D5B636F8BE: appendEntries* reply s14<-s3#144:OK-t1,SUCCESS,nextIndex=60,followerCommit=58,matchIndex=59
2024-09-10 06:19:53,681 INFO  statemachine.StateMachine (ArithmeticStateMachine.java:applyTransaction(181)) - LEADER:s14-59: c = null = null
2024-09-10 06:19:53,681 DEBUG server.RaftServer$Division (RaftServerImpl.java:logAppendEntries(1539)) - s3@group-05D5B636F8BE: appendEntries* s14->s3#146-t1,previous=(t:1, i:59),leaderCommit=59,initializing? false,entries: size=1, first=(t:1, i:60), METADATAENTRY(c:59)
2024-09-10 06:19:53,681 DEBUG server.RaftServer$Division (RaftServerImpl.java:logAppendEntries(1539)) - s3@group-05D5B636F8BE: appendEntries* reply s14<-s3#146:OK-t1,SUCCESS,nextIndex=61,followerCommit=59,matchIndex=60
2024-09-10 06:19:53,682 DEBUG server.RaftServer$Division (RaftServerImpl.java:logAppendEntries(1539)) - s2@group-05D5B636F8BE: appendEntries* s14->s2#161-t1,previous=(t:1, i:59),leaderCommit=59,initializing? false,entries: size=1, first=(t:1, i:60), METADATAENTRY(c:59)
2024-09-10 06:19:53,683 DEBUG server.RaftServer$Division (RaftServerImpl.java:logAppendEntries(1539)) - s2@group-05D5B636F8BE: appendEntries* reply s14<-s2#161:OK-t1,SUCCESS,nextIndex=61,followerCommit=59,matchIndex=60
2024-09-10 06:19:53,684 DEBUG server.RaftServer$Division (RaftServerImpl.java:submitClientRequestAsync(910)) - s14@group-05D5B636F8BE: receive client request(RaftClientRequest:client-0D8F39A90E5A->s14@group-05D5B636F8BE, cid=4314, seq=null, RW, Message:01016102404a80000000...(size=12))
2024-09-10 06:19:53,685 DEBUG server.RaftServer$Division (LeaderStateImpl.java:addPendingRequest(532)) - s14@group-05D5B636F8BE-LeaderStateImpl: addPendingRequest at RaftClientRequest:client-0D8F39A90E5A->s14@group-05D5B636F8BE, cid=4314, seq=null, RW, Message:01016102404a80000000...(size=12), entry=(t:1, i:61), STATEMACHINELOGENTRY, WRITE: logData.size=12, stateMachineData.size=0, logEntryProtoSerializedSize=0
2024-09-10 06:19:53,685 DEBUG server.RaftServer$Division (RaftServerImpl.java:logAppendEntries(1539)) - s3@group-05D5B636F8BE: appendEntries* s14->s3#150-t1,previous=(t:1, i:60),leaderCommit=60,initializing? false,entries: size=1, first=(t:1, i:61), STATEMACHINELOGENTRY, StateMachineLogEntryProto:4314@client-0D8F39A90E5A
2024-09-10 06:19:53,686 DEBUG server.RaftServer$Division (RaftServerImpl.java:logAppendEntries(1539)) - s2@group-05D5B636F8BE: appendEntries* s14->s2#166-t1,previous=(t:1, i:60),leaderCommit=60,initializing? false,entries: size=1, first=(t:1, i:61), STATEMACHINELOGENTRY, StateMachineLogEntryProto:4314@client-0D8F39A90E5A
2024-09-10 06:19:53,686 DEBUG server.RaftServer$Division (RaftServerImpl.java:logAppendEntries(1539)) - s3@group-05D5B636F8BE: appendEntries* reply s14<-s3#150:OK-t1,SUCCESS,nextIndex=62,followerCommit=60,matchIndex=61
2024-09-10 06:19:53,686 INFO  statemachine.StateMachine (ArithmeticStateMachine.java:applyTransaction(181)) - LEADER:s14-61: a = 53 = 53
2024-09-10 06:19:53,687 DEBUG server.RaftServer$Division (RaftServerImpl.java:logAppendEntries(1539)) - s2@group-05D5B636F8BE: appendEntries* reply s14<-s2#166:OK-t1,SUCCESS,nextIndex=62,followerCommit=60,matchIndex=61
2024-09-10 06:19:53,687 DEBUG server.RaftServer$Division (RaftServerImpl.java:logAppendEntries(1539)) - s3@group-05D5B636F8BE: appendEntries* s14->s3#151-t1,previous=(t:1, i:61),leaderCommit=61,initializing? false,entries: size=1, first=(t:1, i:62), METADATAENTRY(c:61)
2024-09-10 06:19:53,687 DEBUG server.RaftServer$Division (RaftServerImpl.java:logAppendEntries(1539)) - s2@group-05D5B636F8BE: appendEntries* s14->s2#168-t1,previous=(t:1, i:61),leaderCommit=61,initializing? false,entries: size=1, first=(t:1, i:62), METADATAENTRY(c:61)
2024-09-10 06:19:53,688 DEBUG server.RaftServer$Division (RaftServerImpl.java:logAppendEntries(1539)) - s3@group-05D5B636F8BE: appendEntries* reply s14<-s3#151:OK-t1,SUCCESS,nextIndex=63,followerCommit=61,matchIndex=62
2024-09-10 06:19:53,688 DEBUG server.RaftServer$Division (RaftServerImpl.java:logAppendEntries(1539)) - s2@group-05D5B636F8BE: appendEntries* reply s14<-s2#168:OK-t1,SUCCESS,nextIndex=63,followerCommit=61,matchIndex=62
2024-09-10 06:19:53,690 DEBUG server.RaftServer$Division (RaftServerImpl.java:submitClientRequestAsync(910)) - s14@group-05D5B636F8BE: receive client request(RaftClientRequest:client-0D8F39A90E5A->s14@group-05D5B636F8BE, cid=4315, seq=null, RW, Message:010162024095f0000000...(size=12))
2024-09-10 06:19:53,691 DEBUG server.RaftServer$Division (LeaderStateImpl.java:addPendingRequest(532)) - s14@group-05D5B636F8BE-LeaderStateImpl: addPendingRequest at RaftClientRequest:client-0D8F39A90E5A->s14@group-05D5B636F8BE, cid=4315, seq=null, RW, Message:010162024095f0000000...(size=12), entry=(t:1, i:63), STATEMACHINELOGENTRY, WRITE: logData.size=12, stateMachineData.size=0, logEntryProtoSerializedSize=0
2024-09-10 06:19:53,691 DEBUG server.RaftServer$Division (RaftServerImpl.java:logAppendEntries(1539)) - s3@group-05D5B636F8BE: appendEntries* s14->s3#154-t1,previous=(t:1, i:62),leaderCommit=62,initializing? false,entries: size=1, first=(t:1, i:63), STATEMACHINELOGENTRY, StateMachineLogEntryProto:4315@client-0D8F39A90E5A
2024-09-10 06:19:53,692 DEBUG server.RaftServer$Division (RaftServerImpl.java:logAppendEntries(1539)) - s2@group-05D5B636F8BE: appendEntries* s14->s2#172-t1,previous=(t:1, i:62),leaderCommit=62,initializing? false,entries: size=1, first=(t:1, i:63), STATEMACHINELOGENTRY, StateMachineLogEntryProto:4315@client-0D8F39A90E5A
2024-09-10 06:19:53,692 DEBUG server.RaftServer$Division (RaftServerImpl.java:logAppendEntries(1539)) - s3@group-05D5B636F8BE: appendEntries* reply s14<-s3#154:OK-t1,SUCCESS,nextIndex=64,followerCommit=62,matchIndex=63
2024-09-10 06:19:53,693 INFO  statemachine.StateMachine (ArithmeticStateMachine.java:applyTransaction(181)) - LEADER:s14-63: b = 1404 = 1404
2024-09-10 06:19:53,693 DEBUG server.RaftServer$Division (RaftServerImpl.java:logAppendEntries(1539)) - s2@group-05D5B636F8BE: appendEntries* reply s14<-s2#172:OK-t1,SUCCESS,nextIndex=64,followerCommit=62,matchIndex=63
2024-09-10 06:19:53,693 DEBUG server.RaftServer$Division (RaftServerImpl.java:logAppendEntries(1539)) - s3@group-05D5B636F8BE: appendEntries* s14->s3#155-t1,previous=(t:1, i:63),leaderCommit=63,initializing? false,entries: size=1, first=(t:1, i:64), METADATAENTRY(c:63)
2024-09-10 06:19:53,694 DEBUG server.RaftServer$Division (RaftServerImpl.java:logAppendEntries(1539)) - s3@group-05D5B636F8BE: appendEntries* reply s14<-s3#155:OK-t1,SUCCESS,nextIndex=65,followerCommit=63,matchIndex=64
2024-09-10 06:19:53,695 DEBUG server.RaftServer$Division (RaftServerImpl.java:logAppendEntries(1539)) - s2@group-05D5B636F8BE: appendEntries* s14->s2#174-t1,previous=(t:1, i:63),leaderCommit=63,initializing? false,entries: size=1, first=(t:1, i:64), METADATAENTRY(c:63)
2024-09-10 06:19:53,696 DEBUG server.RaftServer$Division (RaftServerImpl.java:logAppendEntries(1539)) - s2@group-05D5B636F8BE: appendEntries* reply s14<-s2#174:OK-t1,SUCCESS,nextIndex=65,followerCommit=63,matchIndex=64
2024-09-10 06:19:53,696 DEBUG server.RaftServer$Division (RaftServerImpl.java:submitClientRequestAsync(910)) - s14@group-05D5B636F8BE: receive client request(RaftClientRequest:client-0D8F39A90E5A->s14@group-05D5B636F8BE, cid=4316, seq=null, RW, Message:01016304010300040201...(size=17))
2024-09-10 06:19:53,696 DEBUG server.RaftServer$Division (LeaderStateImpl.java:addPendingRequest(532)) - s14@group-05D5B636F8BE-LeaderStateImpl: addPendingRequest at RaftClientRequest:client-0D8F39A90E5A->s14@group-05D5B636F8BE, cid=4316, seq=null, RW, Message:01016304010300040201...(size=17), entry=(t:1, i:65), STATEMACHINELOGENTRY, WRITE: logData.size=17, stateMachineData.size=0, logEntryProtoSerializedSize=0
2024-09-10 06:19:53,696 DEBUG server.RaftServer$Division (RaftServerImpl.java:logAppendEntries(1539)) - s3@group-05D5B636F8BE: appendEntries* s14->s3#158-t1,previous=(t:1, i:64),leaderCommit=64,initializing? false,entries: size=1, first=(t:1, i:65), STATEMACHINELOGENTRY, StateMachineLogEntryProto:4316@client-0D8F39A90E5A
2024-09-10 06:19:53,697 DEBUG server.RaftServer$Division (RaftServerImpl.java:logAppendEntries(1539)) - s3@group-05D5B636F8BE: appendEntries* reply s14<-s3#158:OK-t1,SUCCESS,nextIndex=66,followerCommit=64,matchIndex=65
2024-09-10 06:19:53,697 DEBUG server.RaftServer$Division (RaftServerImpl.java:logAppendEntries(1539)) - s2@group-05D5B636F8BE: appendEntries* s14->s2#178-t1,previous=(t:1, i:64),leaderCommit=64,initializing? false,entries: size=1, first=(t:1, i:65), STATEMACHINELOGENTRY, StateMachineLogEntryProto:4316@client-0D8F39A90E5A
2024-09-10 06:19:53,697 INFO  statemachine.StateMachine (ArithmeticStateMachine.java:applyTransaction(181)) - LEADER:s14-65: c = √(a^2 + b^2) = 1405
2024-09-10 06:19:53,698 DEBUG server.RaftServer$Division (RaftServerImpl.java:logAppendEntries(1539)) - s3@group-05D5B636F8BE: appendEntries* s14->s3#160-t1,previous=(t:1, i:65),leaderCommit=65,initializing? false,entries: size=1, first=(t:1, i:66), METADATAENTRY(c:65)
2024-09-10 06:19:53,698 DEBUG server.RaftServer$Division (RaftServerImpl.java:logAppendEntries(1539)) - s2@group-05D5B636F8BE: appendEntries* s14->s2#181-t1,previous=(t:1, i:65),leaderCommit=65,initializing? false,entries: size=1, first=(t:1, i:66), METADATAENTRY(c:65)
2024-09-10 06:19:53,698 DEBUG server.RaftServer$Division (RaftServerImpl.java:logAppendEntries(1539)) - s2@group-05D5B636F8BE: appendEntries* reply s14<-s2#178:OK-t1,SUCCESS,nextIndex=66,followerCommit=64,matchIndex=65
2024-09-10 06:19:53,698 DEBUG server.RaftServer$Division (RaftServerImpl.java:logAppendEntries(1539)) - s3@group-05D5B636F8BE: appendEntries* reply s14<-s3#160:OK-t1,SUCCESS,nextIndex=67,followerCommit=65,matchIndex=66
2024-09-10 06:19:53,699 DEBUG server.RaftServer$Division (RaftServerImpl.java:logAppendEntries(1539)) - s2@group-05D5B636F8BE: appendEntries* reply s14<-s2#181:OK-t1,SUCCESS,nextIndex=67,followerCommit=65,matchIndex=66
2024-09-10 06:19:53,700 DEBUG server.RaftServer$Division (RaftServerImpl.java:submitClientRequestAsync(910)) - s14@group-05D5B636F8BE: receive client request(RaftClientRequest:client-0D8F39A90E5A->s14@group-05D5B636F8BE, cid=4317, seq=null, RW, Message:01016100)
2024-09-10 06:19:53,700 DEBUG server.RaftServer$Division (LeaderStateImpl.java:addPendingRequest(532)) - s14@group-05D5B636F8BE-LeaderStateImpl: addPendingRequest at RaftClientRequest:client-0D8F39A90E5A->s14@group-05D5B636F8BE, cid=4317, seq=null, RW, Message:01016100, entry=(t:1, i:67), STATEMACHINELOGENTRY, WRITE: logData.size=4, stateMachineData.size=0, logEntryProtoSerializedSize=0
2024-09-10 06:19:53,701 DEBUG server.RaftServer$Division (RaftServerImpl.java:logAppendEntries(1539)) - s3@group-05D5B636F8BE: appendEntries* s14->s3#162-t1,previous=(t:1, i:66),leaderCommit=66,initializing? false,entries: size=1, first=(t:1, i:67), STATEMACHINELOGENTRY, StateMachineLogEntryProto:4317@client-0D8F39A90E5A
2024-09-10 06:19:53,701 DEBUG server.RaftServer$Division (RaftServerImpl.java:logAppendEntries(1539)) - s2@group-05D5B636F8BE: appendEntries* s14->s2#184-t1,previous=(t:1, i:66),leaderCommit=66,initializing? false,entries: size=1, first=(t:1, i:67), STATEMACHINELOGENTRY, StateMachineLogEntryProto:4317@client-0D8F39A90E5A
2024-09-10 06:19:53,702 DEBUG server.RaftServer$Division (RaftServerImpl.java:logAppendEntries(1539)) - s3@group-05D5B636F8BE: appendEntries* reply s14<-s3#162:OK-t1,SUCCESS,nextIndex=68,followerCommit=66,matchIndex=67
2024-09-10 06:19:53,702 DEBUG server.RaftServer$Division (RaftServerImpl.java:logAppendEntries(1539)) - s2@group-05D5B636F8BE: appendEntries* reply s14<-s2#184:OK-t1,SUCCESS,nextIndex=68,followerCommit=66,matchIndex=67
2024-09-10 06:19:53,702 INFO  statemachine.StateMachine (ArithmeticStateMachine.java:applyTransaction(181)) - LEADER:s14-67: a = null = null
2024-09-10 06:19:53,703 DEBUG server.RaftServer$Division (RaftServerImpl.java:logAppendEntries(1539)) - s2@group-05D5B636F8BE: appendEntries* s14->s2#186-t1,previous=(t:1, i:67),leaderCommit=67,initializing? false,entries: size=1, first=(t:1, i:68), METADATAENTRY(c:67)
2024-09-10 06:19:53,703 DEBUG server.RaftServer$Division (RaftServerImpl.java:logAppendEntries(1539)) - s3@group-05D5B636F8BE: appendEntries* s14->s3#164-t1,previous=(t:1, i:67),leaderCommit=67,initializing? false,entries: size=1, first=(t:1, i:68), METADATAENTRY(c:67)
2024-09-10 06:19:53,703 DEBUG server.RaftServer$Division (RaftServerImpl.java:logAppendEntries(1539)) - s2@group-05D5B636F8BE: appendEntries* reply s14<-s2#186:OK-t1,SUCCESS,nextIndex=69,followerCommit=67,matchIndex=68
2024-09-10 06:19:53,703 DEBUG server.RaftServer$Division (RaftServerImpl.java:logAppendEntries(1539)) - s3@group-05D5B636F8BE: appendEntries* reply s14<-s3#164:OK-t1,SUCCESS,nextIndex=69,followerCommit=67,matchIndex=68
2024-09-10 06:19:53,705 DEBUG server.RaftServer$Division (RaftServerImpl.java:submitClientRequestAsync(910)) - s14@group-05D5B636F8BE: receive client request(RaftClientRequest:client-0D8F39A90E5A->s14@group-05D5B636F8BE, cid=4318, seq=null, RW, Message:01016200)
2024-09-10 06:19:53,706 DEBUG server.RaftServer$Division (LeaderStateImpl.java:addPendingRequest(532)) - s14@group-05D5B636F8BE-LeaderStateImpl: addPendingRequest at RaftClientRequest:client-0D8F39A90E5A->s14@group-05D5B636F8BE, cid=4318, seq=null, RW, Message:01016200, entry=(t:1, i:69), STATEMACHINELOGENTRY, WRITE: logData.size=4, stateMachineData.size=0, logEntryProtoSerializedSize=0
2024-09-10 06:19:53,706 DEBUG server.RaftServer$Division (RaftServerImpl.java:logAppendEntries(1539)) - s3@group-05D5B636F8BE: appendEntries* s14->s3#168-t1,previous=(t:1, i:68),leaderCommit=68,initializing? false,entries: size=1, first=(t:1, i:69), STATEMACHINELOGENTRY, StateMachineLogEntryProto:4318@client-0D8F39A90E5A
2024-09-10 06:19:53,707 DEBUG server.RaftServer$Division (RaftServerImpl.java:logAppendEntries(1539)) - s2@group-05D5B636F8BE: appendEntries* s14->s2#191-t1,previous=(t:1, i:68),leaderCommit=68,initializing? false,entries: size=1, first=(t:1, i:69), STATEMACHINELOGENTRY, StateMachineLogEntryProto:4318@client-0D8F39A90E5A
2024-09-10 06:19:53,707 DEBUG server.RaftServer$Division (RaftServerImpl.java:logAppendEntries(1539)) - s3@group-05D5B636F8BE: appendEntries* reply s14<-s3#168:OK-t1,SUCCESS,nextIndex=70,followerCommit=68,matchIndex=69
2024-09-10 06:19:53,707 DEBUG server.RaftServer$Division (RaftServerImpl.java:logAppendEntries(1539)) - s2@group-05D5B636F8BE: appendEntries* reply s14<-s2#191:OK-t1,SUCCESS,nextIndex=70,followerCommit=68,matchIndex=69
2024-09-10 06:19:53,707 INFO  statemachine.StateMachine (ArithmeticStateMachine.java:applyTransaction(181)) - LEADER:s14-69: b = null = null
2024-09-10 06:19:53,708 DEBUG server.RaftServer$Division (RaftServerImpl.java:logAppendEntries(1539)) - s3@group-05D5B636F8BE: appendEntries* s14->s3#169-t1,previous=(t:1, i:69),leaderCommit=69,initializing? false,entries: size=1, first=(t:1, i:70), METADATAENTRY(c:69)
2024-09-10 06:19:53,708 DEBUG server.RaftServer$Division (RaftServerImpl.java:logAppendEntries(1539)) - s2@group-05D5B636F8BE: appendEntries* s14->s2#193-t1,previous=(t:1, i:69),leaderCommit=69,initializing? false,entries: size=1, first=(t:1, i:70), METADATAENTRY(c:69)
2024-09-10 06:19:53,708 DEBUG server.RaftServer$Division (RaftServerImpl.java:logAppendEntries(1539)) - s3@group-05D5B636F8BE: appendEntries* reply s14<-s3#169:OK-t1,SUCCESS,nextIndex=71,followerCommit=69,matchIndex=70
2024-09-10 06:19:53,709 DEBUG server.RaftServer$Division (RaftServerImpl.java:logAppendEntries(1539)) - s2@group-05D5B636F8BE: appendEntries* reply s14<-s2#193:OK-t1,SUCCESS,nextIndex=71,followerCommit=69,matchIndex=70
2024-09-10 06:19:53,710 DEBUG server.RaftServer$Division (RaftServerImpl.java:submitClientRequestAsync(910)) - s14@group-05D5B636F8BE: receive client request(RaftClientRequest:client-0D8F39A90E5A->s14@group-05D5B636F8BE, cid=4319, seq=null, RW, Message:01016300)
2024-09-10 06:19:53,711 DEBUG server.RaftServer$Division (LeaderStateImpl.java:addPendingRequest(532)) - s14@group-05D5B636F8BE-LeaderStateImpl: addPendingRequest at RaftClientRequest:client-0D8F39A90E5A->s14@group-05D5B636F8BE, cid=4319, seq=null, RW, Message:01016300, entry=(t:1, i:71), STATEMACHINELOGENTRY, WRITE: logData.size=4, stateMachineData.size=0, logEntryProtoSerializedSize=0
2024-09-10 06:19:53,711 DEBUG server.RaftServer$Division (RaftServerImpl.java:logAppendEntries(1539)) - s2@group-05D5B636F8BE: appendEntries* s14->s2#197-t1,previous=(t:1, i:70),leaderCommit=70,initializing? false,entries: size=1, first=(t:1, i:71), STATEMACHINELOGENTRY, StateMachineLogEntryProto:4319@client-0D8F39A90E5A
2024-09-10 06:19:53,712 DEBUG server.RaftServer$Division (RaftServerImpl.java:logAppendEntries(1539)) - s3@group-05D5B636F8BE: appendEntries* s14->s3#173-t1,previous=(t:1, i:70),leaderCommit=70,initializing? false,entries: size=1, first=(t:1, i:71), STATEMACHINELOGENTRY, StateMachineLogEntryProto:4319@client-0D8F39A90E5A
2024-09-10 06:19:53,712 DEBUG server.RaftServer$Division (RaftServerImpl.java:logAppendEntries(1539)) - s2@group-05D5B636F8BE: appendEntries* reply s14<-s2#197:OK-t1,SUCCESS,nextIndex=72,followerCommit=70,matchIndex=71
2024-09-10 06:19:53,712 DEBUG server.RaftServer$Division (RaftServerImpl.java:logAppendEntries(1539)) - s3@group-05D5B636F8BE: appendEntries* reply s14<-s3#173:OK-t1,SUCCESS,nextIndex=72,followerCommit=70,matchIndex=71
2024-09-10 06:19:53,713 INFO  statemachine.StateMachine (ArithmeticStateMachine.java:applyTransaction(181)) - LEADER:s14-71: c = null = null
2024-09-10 06:19:53,713 DEBUG server.RaftServer$Division (RaftServerImpl.java:logAppendEntries(1539)) - s3@group-05D5B636F8BE: appendEntries* s14->s3#175-t1,previous=(t:1, i:71),leaderCommit=71,initializing? false,entries: size=1, first=(t:1, i:72), METADATAENTRY(c:71)
2024-09-10 06:19:53,714 DEBUG server.RaftServer$Division (RaftServerImpl.java:logAppendEntries(1539)) - s2@group-05D5B636F8BE: appendEntries* s14->s2#198-t1,previous=(t:1, i:71),leaderCommit=71,initializing? false,entries: size=1, first=(t:1, i:72), METADATAENTRY(c:71)
2024-09-10 06:19:53,714 DEBUG server.RaftServer$Division (RaftServerImpl.java:logAppendEntries(1539)) - s3@group-05D5B636F8BE: appendEntries* reply s14<-s3#175:OK-t1,SUCCESS,nextIndex=73,followerCommit=71,matchIndex=72
2024-09-10 06:19:53,714 DEBUG server.RaftServer$Division (RaftServerImpl.java:logAppendEntries(1539)) - s2@group-05D5B636F8BE: appendEntries* reply s14<-s2#198:OK-t1,SUCCESS,nextIndex=73,followerCommit=71,matchIndex=72
2024-09-10 06:19:53,716 DEBUG server.RaftServer$Division (RaftServerImpl.java:submitClientRequestAsync(910)) - s14@group-05D5B636F8BE: receive client request(RaftClientRequest:client-0D8F39A90E5A->s14@group-05D5B636F8BE, cid=4320, seq=null, RW, Message:01016102404b80000000...(size=12))
2024-09-10 06:19:53,716 DEBUG server.RaftServer$Division (LeaderStateImpl.java:addPendingRequest(532)) - s14@group-05D5B636F8BE-LeaderStateImpl: addPendingRequest at RaftClientRequest:client-0D8F39A90E5A->s14@group-05D5B636F8BE, cid=4320, seq=null, RW, Message:01016102404b80000000...(size=12), entry=(t:1, i:73), STATEMACHINELOGENTRY, WRITE: logData.size=12, stateMachineData.size=0, logEntryProtoSerializedSize=0
2024-09-10 06:19:53,717 DEBUG server.RaftServer$Division (RaftServerImpl.java:logAppendEntries(1539)) - s3@group-05D5B636F8BE: appendEntries* s14->s3#178-t1,previous=(t:1, i:72),leaderCommit=72,initializing? false,entries: size=1, first=(t:1, i:73), STATEMACHINELOGENTRY, StateMachineLogEntryProto:4320@client-0D8F39A90E5A
2024-09-10 06:19:53,717 DEBUG server.RaftServer$Division (RaftServerImpl.java:logAppendEntries(1539)) - s2@group-05D5B636F8BE: appendEntries* s14->s2#201-t1,previous=(t:1, i:72),leaderCommit=72,initializing? false,entries: size=1, first=(t:1, i:73), STATEMACHINELOGENTRY, StateMachineLogEntryProto:4320@client-0D8F39A90E5A
2024-09-10 06:19:53,719 DEBUG server.RaftServer$Division (RaftServerImpl.java:logAppendEntries(1539)) - s3@group-05D5B636F8BE: appendEntries* reply s14<-s3#178:OK-t1,SUCCESS,nextIndex=74,followerCommit=72,matchIndex=73
2024-09-10 06:19:53,719 DEBUG server.RaftServer$Division (RaftServerImpl.java:logAppendEntries(1539)) - s2@group-05D5B636F8BE: appendEntries* reply s14<-s2#201:OK-t1,SUCCESS,nextIndex=74,followerCommit=72,matchIndex=73
2024-09-10 06:19:53,719 INFO  statemachine.StateMachine (ArithmeticStateMachine.java:applyTransaction(181)) - LEADER:s14-73: a = 55 = 55
2024-09-10 06:19:53,720 DEBUG server.RaftServer$Division (RaftServerImpl.java:logAppendEntries(1539)) - s2@group-05D5B636F8BE: appendEntries* s14->s2#203-t1,previous=(t:1, i:73),leaderCommit=73,initializing? false,entries: size=1, first=(t:1, i:74), METADATAENTRY(c:73)
2024-09-10 06:19:53,720 DEBUG server.RaftServer$Division (RaftServerImpl.java:logAppendEntries(1539)) - s3@group-05D5B636F8BE: appendEntries* s14->s3#179-t1,previous=(t:1, i:73),leaderCommit=73,initializing? false,entries: size=1, first=(t:1, i:74), METADATAENTRY(c:73)
2024-09-10 06:19:53,721 DEBUG server.RaftServer$Division (RaftServerImpl.java:logAppendEntries(1539)) - s2@group-05D5B636F8BE: appendEntries* reply s14<-s2#203:OK-t1,SUCCESS,nextIndex=75,followerCommit=73,matchIndex=74
2024-09-10 06:19:53,721 DEBUG server.RaftServer$Division (RaftServerImpl.java:logAppendEntries(1539)) - s3@group-05D5B636F8BE: appendEntries* reply s14<-s3#179:OK-t1,SUCCESS,nextIndex=75,followerCommit=73,matchIndex=74
2024-09-10 06:19:53,723 DEBUG server.RaftServer$Division (RaftServerImpl.java:submitClientRequestAsync(910)) - s14@group-05D5B636F8BE: receive client request(RaftClientRequest:client-0D8F39A90E5A->s14@group-05D5B636F8BE, cid=4321, seq=null, RW, Message:010162024097a0000000...(size=12))
2024-09-10 06:19:53,723 DEBUG server.RaftServer$Division (LeaderStateImpl.java:addPendingRequest(532)) - s14@group-05D5B636F8BE-LeaderStateImpl: addPendingRequest at RaftClientRequest:client-0D8F39A90E5A->s14@group-05D5B636F8BE, cid=4321, seq=null, RW, Message:010162024097a0000000...(size=12), entry=(t:1, i:75), STATEMACHINELOGENTRY, WRITE: logData.size=12, stateMachineData.size=0, logEntryProtoSerializedSize=0
2024-09-10 06:19:53,724 DEBUG server.RaftServer$Division (RaftServerImpl.java:logAppendEntries(1539)) - s3@group-05D5B636F8BE: appendEntries* s14->s3#182-t1,previous=(t:1, i:74),leaderCommit=74,initializing? false,entries: size=1, first=(t:1, i:75), STATEMACHINELOGENTRY, StateMachineLogEntryProto:4321@client-0D8F39A90E5A
2024-09-10 06:19:53,724 DEBUG server.RaftServer$Division (RaftServerImpl.java:logAppendEntries(1539)) - s2@group-05D5B636F8BE: appendEntries* s14->s2#208-t1,previous=(t:1, i:74),leaderCommit=74,initializing? false,entries: size=1, first=(t:1, i:75), STATEMACHINELOGENTRY, StateMachineLogEntryProto:4321@client-0D8F39A90E5A
2024-09-10 06:19:53,724 DEBUG server.RaftServer$Division (RaftServerImpl.java:logAppendEntries(1539)) - s3@group-05D5B636F8BE: appendEntries* reply s14<-s3#182:OK-t1,SUCCESS,nextIndex=76,followerCommit=74,matchIndex=75
2024-09-10 06:19:53,724 DEBUG server.RaftServer$Division (RaftServerImpl.java:logAppendEntries(1539)) - s2@group-05D5B636F8BE: appendEntries* reply s14<-s2#208:OK-t1,SUCCESS,nextIndex=76,followerCommit=74,matchIndex=75
2024-09-10 06:19:53,725 INFO  statemachine.StateMachine (ArithmeticStateMachine.java:applyTransaction(181)) - LEADER:s14-75: b = 1512 = 1512
2024-09-10 06:19:53,726 DEBUG server.RaftServer$Division (RaftServerImpl.java:logAppendEntries(1539)) - s2@group-05D5B636F8BE: appendEntries* s14->s2#210-t1,previous=(t:1, i:75),leaderCommit=75,initializing? false,entries: size=1, first=(t:1, i:76), METADATAENTRY(c:75)
2024-09-10 06:19:53,726 DEBUG server.RaftServer$Division (RaftServerImpl.java:logAppendEntries(1539)) - s3@group-05D5B636F8BE: appendEntries* s14->s3#183-t1,previous=(t:1, i:75),leaderCommit=75,initializing? false,entries: size=1, first=(t:1, i:76), METADATAENTRY(c:75)
2024-09-10 06:19:53,726 DEBUG server.RaftServer$Division (RaftServerImpl.java:logAppendEntries(1539)) - s2@group-05D5B636F8BE: appendEntries* reply s14<-s2#210:OK-t1,SUCCESS,nextIndex=77,followerCommit=75,matchIndex=76
2024-09-10 06:19:53,726 DEBUG server.RaftServer$Division (RaftServerImpl.java:logAppendEntries(1539)) - s3@group-05D5B636F8BE: appendEntries* reply s14<-s3#183:OK-t1,SUCCESS,nextIndex=77,followerCommit=75,matchIndex=76
2024-09-10 06:19:53,728 DEBUG server.RaftServer$Division (RaftServerImpl.java:submitClientRequestAsync(910)) - s14@group-05D5B636F8BE: receive client request(RaftClientRequest:client-0D8F39A90E5A->s14@group-05D5B636F8BE, cid=4322, seq=null, RW, Message:01016304010300040201...(size=17))
2024-09-10 06:19:53,729 DEBUG server.RaftServer$Division (LeaderStateImpl.java:addPendingRequest(532)) - s14@group-05D5B636F8BE-LeaderStateImpl: addPendingRequest at RaftClientRequest:client-0D8F39A90E5A->s14@group-05D5B636F8BE, cid=4322, seq=null, RW, Message:01016304010300040201...(size=17), entry=(t:1, i:77), STATEMACHINELOGENTRY, WRITE: logData.size=17, stateMachineData.size=0, logEntryProtoSerializedSize=0
2024-09-10 06:19:53,730 DEBUG server.RaftServer$Division (RaftServerImpl.java:logAppendEntries(1539)) - s3@group-05D5B636F8BE: appendEntries* s14->s3#186-t1,previous=(t:1, i:76),leaderCommit=76,initializing? false,entries: size=1, first=(t:1, i:77), STATEMACHINELOGENTRY, StateMachineLogEntryProto:4322@client-0D8F39A90E5A
2024-09-10 06:19:53,730 DEBUG server.RaftServer$Division (RaftServerImpl.java:logAppendEntries(1539)) - s2@group-05D5B636F8BE: appendEntries* s14->s2#214-t1,previous=(t:1, i:76),leaderCommit=76,initializing? false,entries: size=1, first=(t:1, i:77), STATEMACHINELOGENTRY, StateMachineLogEntryProto:4322@client-0D8F39A90E5A
2024-09-10 06:19:53,730 DEBUG server.RaftServer$Division (RaftServerImpl.java:logAppendEntries(1539)) - s3@group-05D5B636F8BE: appendEntries* reply s14<-s3#186:OK-t1,SUCCESS,nextIndex=78,followerCommit=76,matchIndex=77
2024-09-10 06:19:53,730 DEBUG server.RaftServer$Division (RaftServerImpl.java:logAppendEntries(1539)) - s2@group-05D5B636F8BE: appendEntries* reply s14<-s2#214:OK-t1,SUCCESS,nextIndex=78,followerCommit=76,matchIndex=77
2024-09-10 06:19:53,731 INFO  statemachine.StateMachine (ArithmeticStateMachine.java:applyTransaction(181)) - LEADER:s14-77: c = √(a^2 + b^2) = 1513
2024-09-10 06:19:53,731 DEBUG server.RaftServer$Division (RaftServerImpl.java:logAppendEntries(1539)) - s2@group-05D5B636F8BE: appendEntries* s14->s2#216-t1,previous=(t:1, i:77),leaderCommit=77,initializing? false,entries: size=1, first=(t:1, i:78), METADATAENTRY(c:77)
2024-09-10 06:19:53,732 DEBUG server.RaftServer$Division (RaftServerImpl.java:logAppendEntries(1539)) - s3@group-05D5B636F8BE: appendEntries* s14->s3#187-t1,previous=(t:1, i:77),leaderCommit=77,initializing? false,entries: size=1, first=(t:1, i:78), METADATAENTRY(c:77)
2024-09-10 06:19:53,732 DEBUG server.RaftServer$Division (RaftServerImpl.java:logAppendEntries(1539)) - s2@group-05D5B636F8BE: appendEntries* reply s14<-s2#216:OK-t1,SUCCESS,nextIndex=79,followerCommit=77,matchIndex=78
2024-09-10 06:19:53,732 DEBUG server.RaftServer$Division (RaftServerImpl.java:logAppendEntries(1539)) - s3@group-05D5B636F8BE: appendEntries* reply s14<-s3#187:OK-t1,SUCCESS,nextIndex=79,followerCommit=77,matchIndex=78
2024-09-10 06:19:53,734 DEBUG server.RaftServer$Division (RaftServerImpl.java:submitClientRequestAsync(910)) - s14@group-05D5B636F8BE: receive client request(RaftClientRequest:client-0D8F39A90E5A->s14@group-05D5B636F8BE, cid=4323, seq=null, RW, Message:01016100)
2024-09-10 06:19:53,734 DEBUG server.RaftServer$Division (LeaderStateImpl.java:addPendingRequest(532)) - s14@group-05D5B636F8BE-LeaderStateImpl: addPendingRequest at RaftClientRequest:client-0D8F39A90E5A->s14@group-05D5B636F8BE, cid=4323, seq=null, RW, Message:01016100, entry=(t:1, i:79), STATEMACHINELOGENTRY, WRITE: logData.size=4, stateMachineData.size=0, logEntryProtoSerializedSize=0
2024-09-10 06:19:53,734 DEBUG server.RaftServer$Division (RaftServerImpl.java:logAppendEntries(1539)) - s3@group-05D5B636F8BE: appendEntries* s14->s3#190-t1,previous=(t:1, i:78),leaderCommit=78,initializing? false,entries: size=1, first=(t:1, i:79), STATEMACHINELOGENTRY, StateMachineLogEntryProto:4323@client-0D8F39A90E5A
2024-09-10 06:19:53,735 DEBUG server.RaftServer$Division (RaftServerImpl.java:logAppendEntries(1539)) - s3@group-05D5B636F8BE: appendEntries* reply s14<-s3#190:OK-t1,SUCCESS,nextIndex=80,followerCommit=78,matchIndex=79
2024-09-10 06:19:53,735 DEBUG server.RaftServer$Division (RaftServerImpl.java:logAppendEntries(1539)) - s2@group-05D5B636F8BE: appendEntries* s14->s2#220-t1,previous=(t:1, i:78),leaderCommit=78,initializing? false,entries: size=1, first=(t:1, i:79), STATEMACHINELOGENTRY, StateMachineLogEntryProto:4323@client-0D8F39A90E5A
2024-09-10 06:19:53,735 INFO  statemachine.StateMachine (ArithmeticStateMachine.java:applyTransaction(181)) - LEADER:s14-79: a = null = null
2024-09-10 06:19:53,736 DEBUG server.RaftServer$Division (RaftServerImpl.java:logAppendEntries(1539)) - s3@group-05D5B636F8BE: appendEntries* s14->s3#191-t1,previous=(t:1, i:79),leaderCommit=79,initializing? false,entries: size=1, first=(t:1, i:80), METADATAENTRY(c:79)
2024-09-10 06:19:53,736 DEBUG server.RaftServer$Division (RaftServerImpl.java:logAppendEntries(1539)) - s2@group-05D5B636F8BE: appendEntries* reply s14<-s2#220:OK-t1,SUCCESS,nextIndex=80,followerCommit=78,matchIndex=79
2024-09-10 06:19:53,736 DEBUG server.RaftServer$Division (RaftServerImpl.java:logAppendEntries(1539)) - s3@group-05D5B636F8BE: appendEntries* reply s14<-s3#191:OK-t1,SUCCESS,nextIndex=81,followerCommit=79,matchIndex=80
2024-09-10 06:19:53,737 DEBUG server.RaftServer$Division (RaftServerImpl.java:logAppendEntries(1539)) - s2@group-05D5B636F8BE: appendEntries* s14->s2#222-t1,previous=(t:1, i:79),leaderCommit=79,initializing? false,entries: size=1, first=(t:1, i:80), METADATAENTRY(c:79)
2024-09-10 06:19:53,737 DEBUG server.RaftServer$Division (RaftServerImpl.java:logAppendEntries(1539)) - s2@group-05D5B636F8BE: appendEntries* reply s14<-s2#222:OK-t1,SUCCESS,nextIndex=81,followerCommit=79,matchIndex=80
2024-09-10 06:19:53,738 DEBUG server.RaftServer$Division (RaftServerImpl.java:submitClientRequestAsync(910)) - s14@group-05D5B636F8BE: receive client request(RaftClientRequest:client-0D8F39A90E5A->s14@group-05D5B636F8BE, cid=4324, seq=null, RW, Message:01016200)
2024-09-10 06:19:53,739 DEBUG server.RaftServer$Division (LeaderStateImpl.java:addPendingRequest(532)) - s14@group-05D5B636F8BE-LeaderStateImpl: addPendingRequest at RaftClientRequest:client-0D8F39A90E5A->s14@group-05D5B636F8BE, cid=4324, seq=null, RW, Message:01016200, entry=(t:1, i:81), STATEMACHINELOGENTRY, WRITE: logData.size=4, stateMachineData.size=0, logEntryProtoSerializedSize=0
2024-09-10 06:19:53,739 DEBUG server.RaftServer$Division (RaftServerImpl.java:logAppendEntries(1539)) - s3@group-05D5B636F8BE: appendEntries* s14->s3#194-t1,previous=(t:1, i:80),leaderCommit=80,initializing? false,entries: size=1, first=(t:1, i:81), STATEMACHINELOGENTRY, StateMachineLogEntryProto:4324@client-0D8F39A90E5A
2024-09-10 06:19:53,740 DEBUG server.RaftServer$Division (RaftServerImpl.java:logAppendEntries(1539)) - s3@group-05D5B636F8BE: appendEntries* reply s14<-s3#194:OK-t1,SUCCESS,nextIndex=82,followerCommit=80,matchIndex=81
2024-09-10 06:19:53,740 DEBUG server.RaftServer$Division (RaftServerImpl.java:logAppendEntries(1539)) - s2@group-05D5B636F8BE: appendEntries* s14->s2#225-t1,previous=(t:1, i:80),leaderCommit=80,initializing? false,entries: size=1, first=(t:1, i:81), STATEMACHINELOGENTRY, StateMachineLogEntryProto:4324@client-0D8F39A90E5A
2024-09-10 06:19:53,740 DEBUG server.RaftServer$Division (RaftServerImpl.java:logAppendEntries(1539)) - s2@group-05D5B636F8BE: appendEntries* reply s14<-s2#225:OK-t1,SUCCESS,nextIndex=82,followerCommit=80,matchIndex=81
2024-09-10 06:19:53,740 INFO  statemachine.StateMachine (ArithmeticStateMachine.java:applyTransaction(181)) - LEADER:s14-81: b = null = null
2024-09-10 06:19:53,741 DEBUG server.RaftServer$Division (RaftServerImpl.java:logAppendEntries(1539)) - s2@group-05D5B636F8BE: appendEntries* s14->s2#228-t1,previous=(t:1, i:81),leaderCommit=81,initializing? false,entries: size=1, first=(t:1, i:82), METADATAENTRY(c:81)
2024-09-10 06:19:53,741 DEBUG server.RaftServer$Division (RaftServerImpl.java:logAppendEntries(1539)) - s3@group-05D5B636F8BE: appendEntries* s14->s3#197-t1,previous=(t:1, i:81),leaderCommit=81,initializing? false,entries: size=1, first=(t:1, i:82), METADATAENTRY(c:81)
2024-09-10 06:19:53,742 DEBUG server.RaftServer$Division (RaftServerImpl.java:logAppendEntries(1539)) - s2@group-05D5B636F8BE: appendEntries* reply s14<-s2#228:OK-t1,SUCCESS,nextIndex=83,followerCommit=81,matchIndex=82
2024-09-10 06:19:53,742 DEBUG server.RaftServer$Division (RaftServerImpl.java:logAppendEntries(1539)) - s3@group-05D5B636F8BE: appendEntries* reply s14<-s3#197:OK-t1,SUCCESS,nextIndex=83,followerCommit=81,matchIndex=82
2024-09-10 06:19:53,744 DEBUG server.RaftServer$Division (RaftServerImpl.java:submitClientRequestAsync(910)) - s14@group-05D5B636F8BE: receive client request(RaftClientRequest:client-0D8F39A90E5A->s14@group-05D5B636F8BE, cid=4325, seq=null, RW, Message:01016300)
2024-09-10 06:19:53,744 DEBUG server.RaftServer$Division (LeaderStateImpl.java:addPendingRequest(532)) - s14@group-05D5B636F8BE-LeaderStateImpl: addPendingRequest at RaftClientRequest:client-0D8F39A90E5A->s14@group-05D5B636F8BE, cid=4325, seq=null, RW, Message:01016300, entry=(t:1, i:83), STATEMACHINELOGENTRY, WRITE: logData.size=4, stateMachineData.size=0, logEntryProtoSerializedSize=0
2024-09-10 06:19:53,745 DEBUG server.RaftServer$Division (RaftServerImpl.java:logAppendEntries(1539)) - s2@group-05D5B636F8BE: appendEntries* s14->s2#232-t1,previous=(t:1, i:82),leaderCommit=82,initializing? false,entries: size=1, first=(t:1, i:83), STATEMACHINELOGENTRY, StateMachineLogEntryProto:4325@client-0D8F39A90E5A
2024-09-10 06:19:53,745 DEBUG server.RaftServer$Division (RaftServerImpl.java:logAppendEntries(1539)) - s3@group-05D5B636F8BE: appendEntries* s14->s3#201-t1,previous=(t:1, i:82),leaderCommit=82,initializing? false,entries: size=1, first=(t:1, i:83), STATEMACHINELOGENTRY, StateMachineLogEntryProto:4325@client-0D8F39A90E5A
2024-09-10 06:19:53,746 DEBUG server.RaftServer$Division (RaftServerImpl.java:logAppendEntries(1539)) - s2@group-05D5B636F8BE: appendEntries* reply s14<-s2#232:OK-t1,SUCCESS,nextIndex=84,followerCommit=82,matchIndex=83
2024-09-10 06:19:53,746 DEBUG server.RaftServer$Division (RaftServerImpl.java:logAppendEntries(1539)) - s3@group-05D5B636F8BE: appendEntries* reply s14<-s3#201:OK-t1,SUCCESS,nextIndex=84,followerCommit=82,matchIndex=83
2024-09-10 06:19:53,746 INFO  statemachine.StateMachine (ArithmeticStateMachine.java:applyTransaction(181)) - LEADER:s14-83: c = null = null
2024-09-10 06:19:53,747 DEBUG server.RaftServer$Division (RaftServerImpl.java:logAppendEntries(1539)) - s2@group-05D5B636F8BE: appendEntries* s14->s2#233-t1,previous=(t:1, i:83),leaderCommit=83,initializing? false,entries: size=1, first=(t:1, i:84), METADATAENTRY(c:83)
2024-09-10 06:19:53,747 DEBUG server.RaftServer$Division (RaftServerImpl.java:logAppendEntries(1539)) - s3@group-05D5B636F8BE: appendEntries* s14->s3#203-t1,previous=(t:1, i:83),leaderCommit=83,initializing? false,entries: size=1, first=(t:1, i:84), METADATAENTRY(c:83)
2024-09-10 06:19:53,748 DEBUG server.RaftServer$Division (RaftServerImpl.java:logAppendEntries(1539)) - s2@group-05D5B636F8BE: appendEntries* reply s14<-s2#233:OK-t1,SUCCESS,nextIndex=85,followerCommit=83,matchIndex=84
2024-09-10 06:19:53,748 DEBUG server.RaftServer$Division (RaftServerImpl.java:logAppendEntries(1539)) - s3@group-05D5B636F8BE: appendEntries* reply s14<-s3#203:OK-t1,SUCCESS,nextIndex=85,followerCommit=83,matchIndex=84
2024-09-10 06:19:53,749 DEBUG server.RaftServer$Division (RaftServerImpl.java:submitClientRequestAsync(910)) - s14@group-05D5B636F8BE: receive client request(RaftClientRequest:client-0D8F39A90E5A->s14@group-05D5B636F8BE, cid=4326, seq=null, RW, Message:01016102404c80000000...(size=12))
2024-09-10 06:19:53,749 DEBUG server.RaftServer$Division (LeaderStateImpl.java:addPendingRequest(532)) - s14@group-05D5B636F8BE-LeaderStateImpl: addPendingRequest at RaftClientRequest:client-0D8F39A90E5A->s14@group-05D5B636F8BE, cid=4326, seq=null, RW, Message:01016102404c80000000...(size=12), entry=(t:1, i:85), STATEMACHINELOGENTRY, WRITE: logData.size=12, stateMachineData.size=0, logEntryProtoSerializedSize=0
2024-09-10 06:19:53,750 DEBUG server.RaftServer$Division (RaftServerImpl.java:logAppendEntries(1539)) - s3@group-05D5B636F8BE: appendEntries* s14->s3#205-t1,previous=(t:1, i:84),leaderCommit=84,initializing? false,entries: size=1, first=(t:1, i:85), STATEMACHINELOGENTRY, StateMachineLogEntryProto:4326@client-0D8F39A90E5A
2024-09-10 06:19:53,750 DEBUG server.RaftServer$Division (RaftServerImpl.java:logAppendEntries(1539)) - s2@group-05D5B636F8BE: appendEntries* s14->s2#235-t1,previous=(t:1, i:84),leaderCommit=84,initializing? false,entries: size=1, first=(t:1, i:85), STATEMACHINELOGENTRY, StateMachineLogEntryProto:4326@client-0D8F39A90E5A
2024-09-10 06:19:53,750 DEBUG server.RaftServer$Division (RaftServerImpl.java:logAppendEntries(1539)) - s3@group-05D5B636F8BE: appendEntries* reply s14<-s3#205:OK-t1,SUCCESS,nextIndex=86,followerCommit=84,matchIndex=85
2024-09-10 06:19:53,750 DEBUG server.RaftServer$Division (RaftServerImpl.java:logAppendEntries(1539)) - s2@group-05D5B636F8BE: appendEntries* reply s14<-s2#235:OK-t1,SUCCESS,nextIndex=86,followerCommit=84,matchIndex=85
2024-09-10 06:19:53,751 INFO  statemachine.StateMachine (ArithmeticStateMachine.java:applyTransaction(181)) - LEADER:s14-85: a = 57 = 57
2024-09-10 06:19:53,751 DEBUG server.RaftServer$Division (RaftServerImpl.java:logAppendEntries(1539)) - s3@group-05D5B636F8BE: appendEntries* s14->s3#206-t1,previous=(t:1, i:85),leaderCommit=85,initializing? false,entries: size=1, first=(t:1, i:86), METADATAENTRY(c:85)
2024-09-10 06:19:53,752 DEBUG server.RaftServer$Division (RaftServerImpl.java:logAppendEntries(1539)) - s2@group-05D5B636F8BE: appendEntries* s14->s2#237-t1,previous=(t:1, i:85),leaderCommit=85,initializing? false,entries: size=1, first=(t:1, i:86), METADATAENTRY(c:85)
2024-09-10 06:19:53,752 DEBUG server.RaftServer$Division (RaftServerImpl.java:logAppendEntries(1539)) - s3@group-05D5B636F8BE: appendEntries* reply s14<-s3#206:OK-t1,SUCCESS,nextIndex=87,followerCommit=85,matchIndex=86
2024-09-10 06:19:53,753 DEBUG server.RaftServer$Division (RaftServerImpl.java:logAppendEntries(1539)) - s2@group-05D5B636F8BE: appendEntries* reply s14<-s2#237:OK-t1,SUCCESS,nextIndex=87,followerCommit=85,matchIndex=86
2024-09-10 06:19:53,754 DEBUG server.RaftServer$Division (RaftServerImpl.java:submitClientRequestAsync(910)) - s14@group-05D5B636F8BE: receive client request(RaftClientRequest:client-0D8F39A90E5A->s14@group-05D5B636F8BE, cid=4327, seq=null, RW, Message:01016202409960000000...(size=12))
2024-09-10 06:19:53,754 DEBUG server.RaftServer$Division (LeaderStateImpl.java:addPendingRequest(532)) - s14@group-05D5B636F8BE-LeaderStateImpl: addPendingRequest at RaftClientRequest:client-0D8F39A90E5A->s14@group-05D5B636F8BE, cid=4327, seq=null, RW, Message:01016202409960000000...(size=12), entry=(t:1, i:87), STATEMACHINELOGENTRY, WRITE: logData.size=12, stateMachineData.size=0, logEntryProtoSerializedSize=0
2024-09-10 06:19:53,755 DEBUG server.RaftServer$Division (RaftServerImpl.java:logAppendEntries(1539)) - s2@group-05D5B636F8BE: appendEntries* s14->s2#242-t1,previous=(t:1, i:86),leaderCommit=86,initializing? false,entries: size=1, first=(t:1, i:87), STATEMACHINELOGENTRY, StateMachineLogEntryProto:4327@client-0D8F39A90E5A
2024-09-10 06:19:53,755 DEBUG server.RaftServer$Division (RaftServerImpl.java:logAppendEntries(1539)) - s3@group-05D5B636F8BE: appendEntries* s14->s3#209-t1,previous=(t:1, i:86),leaderCommit=86,initializing? false,entries: size=1, first=(t:1, i:87), STATEMACHINELOGENTRY, StateMachineLogEntryProto:4327@client-0D8F39A90E5A
2024-09-10 06:19:53,755 DEBUG server.RaftServer$Division (RaftServerImpl.java:logAppendEntries(1539)) - s2@group-05D5B636F8BE: appendEntries* reply s14<-s2#242:OK-t1,SUCCESS,nextIndex=88,followerCommit=86,matchIndex=87
2024-09-10 06:19:53,756 INFO  statemachine.StateMachine (ArithmeticStateMachine.java:applyTransaction(181)) - LEADER:s14-87: b = 1624 = 1624
2024-09-10 06:19:53,756 DEBUG server.RaftServer$Division (RaftServerImpl.java:logAppendEntries(1539)) - s3@group-05D5B636F8BE: appendEntries* reply s14<-s3#209:OK-t1,SUCCESS,nextIndex=88,followerCommit=86,matchIndex=87
2024-09-10 06:19:53,757 DEBUG server.RaftServer$Division (RaftServerImpl.java:logAppendEntries(1539)) - s2@group-05D5B636F8BE: appendEntries* s14->s2#244-t1,previous=(t:1, i:87),leaderCommit=87,initializing? false,entries: size=1, first=(t:1, i:88), METADATAENTRY(c:87)
2024-09-10 06:19:53,757 DEBUG server.RaftServer$Division (RaftServerImpl.java:logAppendEntries(1539)) - s3@group-05D5B636F8BE: appendEntries* s14->s3#212-t1,previous=(t:1, i:87),leaderCommit=87,initializing? false,entries: size=1, first=(t:1, i:88), METADATAENTRY(c:87)
2024-09-10 06:19:53,758 DEBUG server.RaftServer$Division (RaftServerImpl.java:logAppendEntries(1539)) - s2@group-05D5B636F8BE: appendEntries* reply s14<-s2#244:OK-t1,SUCCESS,nextIndex=89,followerCommit=87,matchIndex=88
2024-09-10 06:19:53,758 DEBUG server.RaftServer$Division (RaftServerImpl.java:submitClientRequestAsync(910)) - s14@group-05D5B636F8BE: receive client request(RaftClientRequest:client-0D8F39A90E5A->s14@group-05D5B636F8BE, cid=4328, seq=null, RW, Message:01016304010300040201...(size=17))
2024-09-10 06:19:53,759 DEBUG server.RaftServer$Division (LeaderStateImpl.java:addPendingRequest(532)) - s14@group-05D5B636F8BE-LeaderStateImpl: addPendingRequest at RaftClientRequest:client-0D8F39A90E5A->s14@group-05D5B636F8BE, cid=4328, seq=null, RW, Message:01016304010300040201...(size=17), entry=(t:1, i:89), STATEMACHINELOGENTRY, WRITE: logData.size=17, stateMachineData.size=0, logEntryProtoSerializedSize=0
2024-09-10 06:19:53,759 DEBUG server.RaftServer$Division (RaftServerImpl.java:logAppendEntries(1539)) - s3@group-05D5B636F8BE: appendEntries* reply s14<-s3#212:OK-t1,SUCCESS,nextIndex=89,followerCommit=87,matchIndex=88
2024-09-10 06:19:53,759 DEBUG server.RaftServer$Division (RaftServerImpl.java:logAppendEntries(1539)) - s3@group-05D5B636F8BE: appendEntries* s14->s3#213-t1,previous=(t:1, i:88),leaderCommit=87,initializing? false,entries: size=1, first=(t:1, i:89), STATEMACHINELOGENTRY, StateMachineLogEntryProto:4328@client-0D8F39A90E5A
2024-09-10 06:19:53,760 DEBUG server.RaftServer$Division (RaftServerImpl.java:logAppendEntries(1539)) - s2@group-05D5B636F8BE: appendEntries* s14->s2#246-t1,previous=(t:1, i:88),leaderCommit=87,initializing? false,entries: size=1, first=(t:1, i:89), STATEMACHINELOGENTRY, StateMachineLogEntryProto:4328@client-0D8F39A90E5A
2024-09-10 06:19:53,760 DEBUG server.RaftServer$Division (RaftServerImpl.java:logAppendEntries(1539)) - s3@group-05D5B636F8BE: appendEntries* reply s14<-s3#213:OK-t1,SUCCESS,nextIndex=90,followerCommit=87,matchIndex=89
2024-09-10 06:19:53,760 DEBUG server.RaftServer$Division (RaftServerImpl.java:logAppendEntries(1539)) - s2@group-05D5B636F8BE: appendEntries* reply s14<-s2#246:OK-t1,SUCCESS,nextIndex=90,followerCommit=87,matchIndex=89
2024-09-10 06:19:53,760 INFO  statemachine.StateMachine (ArithmeticStateMachine.java:applyTransaction(181)) - LEADER:s14-89: c = √(a^2 + b^2) = 1625
2024-09-10 06:19:53,761 DEBUG server.RaftServer$Division (RaftServerImpl.java:logAppendEntries(1539)) - s2@group-05D5B636F8BE: appendEntries* s14->s2#248-t1,previous=(t:1, i:89),leaderCommit=89,initializing? false,entries: size=1, first=(t:1, i:90), METADATAENTRY(c:89)
2024-09-10 06:19:53,761 DEBUG server.RaftServer$Division (RaftServerImpl.java:logAppendEntries(1539)) - s2@group-05D5B636F8BE: appendEntries* reply s14<-s2#248:OK-t1,SUCCESS,nextIndex=91,followerCommit=89,matchIndex=90
2024-09-10 06:19:53,761 DEBUG server.RaftServer$Division (RaftServerImpl.java:logAppendEntries(1539)) - s3@group-05D5B636F8BE: appendEntries* s14->s3#215-t1,previous=(t:1, i:89),leaderCommit=89,initializing? false,entries: size=1, first=(t:1, i:90), METADATAENTRY(c:89)
2024-09-10 06:19:53,762 DEBUG server.RaftServer$Division (RaftServerImpl.java:logAppendEntries(1539)) - s3@group-05D5B636F8BE: appendEntries* reply s14<-s3#215:OK-t1,SUCCESS,nextIndex=91,followerCommit=89,matchIndex=90
2024-09-10 06:19:53,763 DEBUG server.RaftServer$Division (RaftServerImpl.java:submitClientRequestAsync(910)) - s14@group-05D5B636F8BE: receive client request(RaftClientRequest:client-0D8F39A90E5A->s14@group-05D5B636F8BE, cid=4329, seq=null, RW, Message:01016100)
2024-09-10 06:19:53,763 DEBUG server.RaftServer$Division (LeaderStateImpl.java:addPendingRequest(532)) - s14@group-05D5B636F8BE-LeaderStateImpl: addPendingRequest at RaftClientRequest:client-0D8F39A90E5A->s14@group-05D5B636F8BE, cid=4329, seq=null, RW, Message:01016100, entry=(t:1, i:91), STATEMACHINELOGENTRY, WRITE: logData.size=4, stateMachineData.size=0, logEntryProtoSerializedSize=0
2024-09-10 06:19:53,764 DEBUG server.RaftServer$Division (RaftServerImpl.java:logAppendEntries(1539)) - s2@group-05D5B636F8BE: appendEntries* s14->s2#252-t1,previous=(t:1, i:90),leaderCommit=90,initializing? false,entries: size=1, first=(t:1, i:91), STATEMACHINELOGENTRY, StateMachineLogEntryProto:4329@client-0D8F39A90E5A
2024-09-10 06:19:53,764 DEBUG server.RaftServer$Division (RaftServerImpl.java:logAppendEntries(1539)) - s3@group-05D5B636F8BE: appendEntries* s14->s3#217-t1,previous=(t:1, i:90),leaderCommit=90,initializing? false,entries: size=1, first=(t:1, i:91), STATEMACHINELOGENTRY, StateMachineLogEntryProto:4329@client-0D8F39A90E5A
2024-09-10 06:19:53,764 DEBUG server.RaftServer$Division (RaftServerImpl.java:logAppendEntries(1539)) - s2@group-05D5B636F8BE: appendEntries* reply s14<-s2#252:OK-t1,SUCCESS,nextIndex=92,followerCommit=90,matchIndex=91
2024-09-10 06:19:53,764 DEBUG server.RaftServer$Division (RaftServerImpl.java:logAppendEntries(1539)) - s3@group-05D5B636F8BE: appendEntries* reply s14<-s3#217:OK-t1,SUCCESS,nextIndex=92,followerCommit=90,matchIndex=91
2024-09-10 06:19:53,765 INFO  statemachine.StateMachine (ArithmeticStateMachine.java:applyTransaction(181)) - LEADER:s14-91: a = null = null
2024-09-10 06:19:53,765 DEBUG server.RaftServer$Division (RaftServerImpl.java:logAppendEntries(1539)) - s2@group-05D5B636F8BE: appendEntries* s14->s2#254-t1,previous=(t:1, i:91),leaderCommit=91,initializing? false,entries: size=1, first=(t:1, i:92), METADATAENTRY(c:91)
2024-09-10 06:19:53,766 DEBUG server.RaftServer$Division (RaftServerImpl.java:logAppendEntries(1539)) - s3@group-05D5B636F8BE: appendEntries* s14->s3#218-t1,previous=(t:1, i:91),leaderCommit=91,initializing? false,entries: size=1, first=(t:1, i:92), METADATAENTRY(c:91)
2024-09-10 06:19:53,766 DEBUG server.RaftServer$Division (RaftServerImpl.java:logAppendEntries(1539)) - s2@group-05D5B636F8BE: appendEntries* reply s14<-s2#254:OK-t1,SUCCESS,nextIndex=93,followerCommit=91,matchIndex=92
2024-09-10 06:19:53,766 DEBUG server.RaftServer$Division (RaftServerImpl.java:logAppendEntries(1539)) - s3@group-05D5B636F8BE: appendEntries* reply s14<-s3#218:OK-t1,SUCCESS,nextIndex=93,followerCommit=91,matchIndex=92
2024-09-10 06:19:53,768 DEBUG server.RaftServer$Division (RaftServerImpl.java:submitClientRequestAsync(910)) - s14@group-05D5B636F8BE: receive client request(RaftClientRequest:client-0D8F39A90E5A->s14@group-05D5B636F8BE, cid=4330, seq=null, RW, Message:01016200)
2024-09-10 06:19:53,768 DEBUG server.RaftServer$Division (LeaderStateImpl.java:addPendingRequest(532)) - s14@group-05D5B636F8BE-LeaderStateImpl: addPendingRequest at RaftClientRequest:client-0D8F39A90E5A->s14@group-05D5B636F8BE, cid=4330, seq=null, RW, Message:01016200, entry=(t:1, i:93), STATEMACHINELOGENTRY, WRITE: logData.size=4, stateMachineData.size=0, logEntryProtoSerializedSize=0
2024-09-10 06:19:53,769 DEBUG server.RaftServer$Division (RaftServerImpl.java:logAppendEntries(1539)) - s3@group-05D5B636F8BE: appendEntries* s14->s3#221-t1,previous=(t:1, i:92),leaderCommit=92,initializing? false,entries: size=1, first=(t:1, i:93), STATEMACHINELOGENTRY, StateMachineLogEntryProto:4330@client-0D8F39A90E5A
2024-09-10 06:19:53,769 DEBUG server.RaftServer$Division (RaftServerImpl.java:logAppendEntries(1539)) - s3@group-05D5B636F8BE: appendEntries* reply s14<-s3#221:OK-t1,SUCCESS,nextIndex=94,followerCommit=92,matchIndex=93
2024-09-10 06:19:53,770 INFO  statemachine.StateMachine (ArithmeticStateMachine.java:applyTransaction(181)) - LEADER:s14-93: b = null = null
2024-09-10 06:19:53,770 DEBUG server.RaftServer$Division (RaftServerImpl.java:logAppendEntries(1539)) - s2@group-05D5B636F8BE: appendEntries* s14->s2#258-t1,previous=(t:1, i:92),leaderCommit=92,initializing? false,entries: size=1, first=(t:1, i:93), STATEMACHINELOGENTRY, StateMachineLogEntryProto:4330@client-0D8F39A90E5A
2024-09-10 06:19:53,770 DEBUG server.RaftServer$Division (RaftServerImpl.java:logAppendEntries(1539)) - s2@group-05D5B636F8BE: appendEntries* s14->s2#260-t1,previous=(t:1, i:93),leaderCommit=93,initializing? false,entries: size=1, first=(t:1, i:94), METADATAENTRY(c:93)
2024-09-10 06:19:53,770 DEBUG server.RaftServer$Division (RaftServerImpl.java:logAppendEntries(1539)) - s2@group-05D5B636F8BE: appendEntries* reply s14<-s2#258:OK-t1,SUCCESS,nextIndex=94,followerCommit=92,matchIndex=93
2024-09-10 06:19:53,771 DEBUG server.RaftServer$Division (RaftServerImpl.java:logAppendEntries(1539)) - s2@group-05D5B636F8BE: appendEntries* reply s14<-s2#260:OK-t1,SUCCESS,nextIndex=95,followerCommit=93,matchIndex=94
2024-09-10 06:19:53,771 DEBUG server.RaftServer$Division (RaftServerImpl.java:logAppendEntries(1539)) - s3@group-05D5B636F8BE: appendEntries* s14->s3#222-t1,previous=(t:1, i:93),leaderCommit=93,initializing? false,entries: size=1, first=(t:1, i:94), METADATAENTRY(c:93)
2024-09-10 06:19:53,771 DEBUG server.RaftServer$Division (RaftServerImpl.java:logAppendEntries(1539)) - s3@group-05D5B636F8BE: appendEntries* reply s14<-s3#222:OK-t1,SUCCESS,nextIndex=95,followerCommit=93,matchIndex=94
2024-09-10 06:19:53,773 DEBUG server.RaftServer$Division (RaftServerImpl.java:submitClientRequestAsync(910)) - s14@group-05D5B636F8BE: receive client request(RaftClientRequest:client-0D8F39A90E5A->s14@group-05D5B636F8BE, cid=4331, seq=null, RW, Message:01016300)
2024-09-10 06:19:53,773 DEBUG server.RaftServer$Division (LeaderStateImpl.java:addPendingRequest(532)) - s14@group-05D5B636F8BE-LeaderStateImpl: addPendingRequest at RaftClientRequest:client-0D8F39A90E5A->s14@group-05D5B636F8BE, cid=4331, seq=null, RW, Message:01016300, entry=(t:1, i:95), STATEMACHINELOGENTRY, WRITE: logData.size=4, stateMachineData.size=0, logEntryProtoSerializedSize=0
2024-09-10 06:19:53,774 DEBUG server.RaftServer$Division (RaftServerImpl.java:logAppendEntries(1539)) - s3@group-05D5B636F8BE: appendEntries* s14->s3#226-t1,previous=(t:1, i:94),leaderCommit=94,initializing? false,entries: size=1, first=(t:1, i:95), STATEMACHINELOGENTRY, StateMachineLogEntryProto:4331@client-0D8F39A90E5A
2024-09-10 06:19:53,775 DEBUG server.RaftServer$Division (RaftServerImpl.java:logAppendEntries(1539)) - s3@group-05D5B636F8BE: appendEntries* reply s14<-s3#226:OK-t1,SUCCESS,nextIndex=96,followerCommit=94,matchIndex=95
2024-09-10 06:19:53,775 INFO  statemachine.StateMachine (ArithmeticStateMachine.java:applyTransaction(181)) - LEADER:s14-95: c = null = null
2024-09-10 06:19:53,775 DEBUG server.RaftServer$Division (RaftServerImpl.java:logAppendEntries(1539)) - s2@group-05D5B636F8BE: appendEntries* s14->s2#264-t1,previous=(t:1, i:94),leaderCommit=94,initializing? false,entries: size=1, first=(t:1, i:95), STATEMACHINELOGENTRY, StateMachineLogEntryProto:4331@client-0D8F39A90E5A
2024-09-10 06:19:53,776 DEBUG server.RaftServer$Division (RaftServerImpl.java:logAppendEntries(1539)) - s3@group-05D5B636F8BE: appendEntries* s14->s3#227-t1,previous=(t:1, i:95),leaderCommit=95,initializing? false,entries: size=1, first=(t:1, i:96), METADATAENTRY(c:95)
2024-09-10 06:19:53,776 DEBUG server.RaftServer$Division (RaftServerImpl.java:logAppendEntries(1539)) - s2@group-05D5B636F8BE: appendEntries* reply s14<-s2#264:OK-t1,SUCCESS,nextIndex=96,followerCommit=94,matchIndex=95
2024-09-10 06:19:53,776 DEBUG server.RaftServer$Division (RaftServerImpl.java:logAppendEntries(1539)) - s3@group-05D5B636F8BE: appendEntries* reply s14<-s3#227:OK-t1,SUCCESS,nextIndex=97,followerCommit=95,matchIndex=96
2024-09-10 06:19:53,777 DEBUG server.RaftServer$Division (RaftServerImpl.java:logAppendEntries(1539)) - s2@group-05D5B636F8BE: appendEntries* s14->s2#266-t1,previous=(t:1, i:95),leaderCommit=95,initializing? false,entries: size=1, first=(t:1, i:96), METADATAENTRY(c:95)
2024-09-10 06:19:53,777 DEBUG server.RaftServer$Division (RaftServerImpl.java:logAppendEntries(1539)) - s2@group-05D5B636F8BE: appendEntries* reply s14<-s2#266:OK-t1,SUCCESS,nextIndex=97,followerCommit=95,matchIndex=96
2024-09-10 06:19:53,779 DEBUG server.RaftServer$Division (RaftServerImpl.java:submitClientRequestAsync(910)) - s14@group-05D5B636F8BE: receive client request(RaftClientRequest:client-0D8F39A90E5A->s14@group-05D5B636F8BE, cid=4332, seq=null, RW, Message:01016102404d80000000...(size=12))
2024-09-10 06:19:53,779 DEBUG server.RaftServer$Division (LeaderStateImpl.java:addPendingRequest(532)) - s14@group-05D5B636F8BE-LeaderStateImpl: addPendingRequest at RaftClientRequest:client-0D8F39A90E5A->s14@group-05D5B636F8BE, cid=4332, seq=null, RW, Message:01016102404d80000000...(size=12), entry=(t:1, i:97), STATEMACHINELOGENTRY, WRITE: logData.size=12, stateMachineData.size=0, logEntryProtoSerializedSize=0
2024-09-10 06:19:53,780 DEBUG server.RaftServer$Division (RaftServerImpl.java:logAppendEntries(1539)) - s3@group-05D5B636F8BE: appendEntries* s14->s3#231-t1,previous=(t:1, i:96),leaderCommit=96,initializing? false,entries: size=1, first=(t:1, i:97), STATEMACHINELOGENTRY, StateMachineLogEntryProto:4332@client-0D8F39A90E5A
2024-09-10 06:19:53,780 DEBUG server.RaftServer$Division (RaftServerImpl.java:logAppendEntries(1539)) - s3@group-05D5B636F8BE: appendEntries* reply s14<-s3#231:OK-t1,SUCCESS,nextIndex=98,followerCommit=96,matchIndex=97
2024-09-10 06:19:53,780 DEBUG server.RaftServer$Division (RaftServerImpl.java:logAppendEntries(1539)) - s2@group-05D5B636F8BE: appendEntries* s14->s2#270-t1,previous=(t:1, i:96),leaderCommit=96,initializing? false,entries: size=1, first=(t:1, i:97), STATEMACHINELOGENTRY, StateMachineLogEntryProto:4332@client-0D8F39A90E5A
2024-09-10 06:19:53,780 DEBUG server.RaftServer$Division (RaftServerImpl.java:logAppendEntries(1539)) - s2@group-05D5B636F8BE: appendEntries* reply s14<-s2#270:OK-t1,SUCCESS,nextIndex=98,followerCommit=96,matchIndex=97
2024-09-10 06:19:53,781 INFO  statemachine.StateMachine (ArithmeticStateMachine.java:applyTransaction(181)) - LEADER:s14-97: a = 59 = 59
2024-09-10 06:19:53,781 DEBUG server.RaftServer$Division (RaftServerImpl.java:logAppendEntries(1539)) - s3@group-05D5B636F8BE: appendEntries* s14->s3#232-t1,previous=(t:1, i:97),leaderCommit=97,initializing? false,entries: size=1, first=(t:1, i:98), METADATAENTRY(c:97)
2024-09-10 06:19:53,782 DEBUG server.RaftServer$Division (RaftServerImpl.java:logAppendEntries(1539)) - s3@group-05D5B636F8BE: appendEntries* reply s14<-s3#232:OK-t1,SUCCESS,nextIndex=99,followerCommit=97,matchIndex=98
2024-09-10 06:19:53,782 DEBUG server.RaftServer$Division (RaftServerImpl.java:logAppendEntries(1539)) - s2@group-05D5B636F8BE: appendEntries* s14->s2#272-t1,previous=(t:1, i:97),leaderCommit=97,initializing? false,entries: size=1, first=(t:1, i:98), METADATAENTRY(c:97)
2024-09-10 06:19:53,783 DEBUG server.RaftServer$Division (RaftServerImpl.java:logAppendEntries(1539)) - s2@group-05D5B636F8BE: appendEntries* reply s14<-s2#272:OK-t1,SUCCESS,nextIndex=99,followerCommit=97,matchIndex=98
2024-09-10 06:19:53,784 DEBUG server.RaftServer$Division (RaftServerImpl.java:submitClientRequestAsync(910)) - s14@group-05D5B636F8BE: receive client request(RaftClientRequest:client-0D8F39A90E5A->s14@group-05D5B636F8BE, cid=4333, seq=null, RW, Message:01016202409b30000000...(size=12))
2024-09-10 06:19:53,785 DEBUG server.RaftServer$Division (LeaderStateImpl.java:addPendingRequest(532)) - s14@group-05D5B636F8BE-LeaderStateImpl: addPendingRequest at RaftClientRequest:client-0D8F39A90E5A->s14@group-05D5B636F8BE, cid=4333, seq=null, RW, Message:01016202409b30000000...(size=12), entry=(t:1, i:99), STATEMACHINELOGENTRY, WRITE: logData.size=12, stateMachineData.size=0, logEntryProtoSerializedSize=0
2024-09-10 06:19:53,785 DEBUG server.RaftServer$Division (RaftServerImpl.java:logAppendEntries(1539)) - s3@group-05D5B636F8BE: appendEntries* s14->s3#236-t1,previous=(t:1, i:98),leaderCommit=98,initializing? false,entries: size=1, first=(t:1, i:99), STATEMACHINELOGENTRY, StateMachineLogEntryProto:4333@client-0D8F39A90E5A
2024-09-10 06:19:53,786 DEBUG server.RaftServer$Division (RaftServerImpl.java:logAppendEntries(1539)) - s3@group-05D5B636F8BE: appendEntries* reply s14<-s3#236:OK-t1,SUCCESS,nextIndex=100,followerCommit=98,matchIndex=99
2024-09-10 06:19:53,786 DEBUG server.RaftServer$Division (RaftServerImpl.java:logAppendEntries(1539)) - s2@group-05D5B636F8BE: appendEntries* s14->s2#277-t1,previous=(t:1, i:98),leaderCommit=98,initializing? false,entries: size=1, first=(t:1, i:99), STATEMACHINELOGENTRY, StateMachineLogEntryProto:4333@client-0D8F39A90E5A
2024-09-10 06:19:53,786 INFO  statemachine.StateMachine (ArithmeticStateMachine.java:applyTransaction(181)) - LEADER:s14-99: b = 1740 = 1740
2024-09-10 06:19:53,787 DEBUG server.RaftServer$Division (RaftServerImpl.java:logAppendEntries(1539)) - s2@group-05D5B636F8BE: appendEntries* reply s14<-s2#277:OK-t1,SUCCESS,nextIndex=100,followerCommit=98,matchIndex=99
2024-09-10 06:19:53,787 DEBUG server.RaftServer$Division (RaftServerImpl.java:logAppendEntries(1539)) - s3@group-05D5B636F8BE: appendEntries* s14->s3#237-t1,previous=(t:1, i:99),leaderCommit=99,initializing? false,entries: size=1, first=(t:1, i:100), METADATAENTRY(c:99)
2024-09-10 06:19:53,788 DEBUG server.RaftServer$Division (RaftServerImpl.java:logAppendEntries(1539)) - s2@group-05D5B636F8BE: appendEntries* s14->s2#279-t1,previous=(t:1, i:99),leaderCommit=99,initializing? false,entries: size=1, first=(t:1, i:100), METADATAENTRY(c:99)
2024-09-10 06:19:53,788 DEBUG server.RaftServer$Division (RaftServerImpl.java:logAppendEntries(1539)) - s3@group-05D5B636F8BE: appendEntries* reply s14<-s3#237:OK-t1,SUCCESS,nextIndex=101,followerCommit=99,matchIndex=100
2024-09-10 06:19:53,788 DEBUG server.RaftServer$Division (RaftServerImpl.java:logAppendEntries(1539)) - s2@group-05D5B636F8BE: appendEntries* reply s14<-s2#279:OK-t1,SUCCESS,nextIndex=101,followerCommit=99,matchIndex=100
2024-09-10 06:19:53,791 DEBUG server.RaftServer$Division (RaftServerImpl.java:submitClientRequestAsync(910)) - s14@group-05D5B636F8BE: receive client request(RaftClientRequest:client-0D8F39A90E5A->s14@group-05D5B636F8BE, cid=4334, seq=null, RW, Message:01016304010300040201...(size=17))
2024-09-10 06:19:53,791 DEBUG server.RaftServer$Division (LeaderStateImpl.java:addPendingRequest(532)) - s14@group-05D5B636F8BE-LeaderStateImpl: addPendingRequest at RaftClientRequest:client-0D8F39A90E5A->s14@group-05D5B636F8BE, cid=4334, seq=null, RW, Message:01016304010300040201...(size=17), entry=(t:1, i:101), STATEMACHINELOGENTRY, WRITE: logData.size=17, stateMachineData.size=0, logEntryProtoSerializedSize=0
2024-09-10 06:19:53,792 DEBUG server.RaftServer$Division (RaftServerImpl.java:logAppendEntries(1539)) - s3@group-05D5B636F8BE: appendEntries* s14->s3#241-t1,previous=(t:1, i:100),leaderCommit=100,initializing? false,entries: size=1, first=(t:1, i:101), STATEMACHINELOGENTRY, StateMachineLogEntryProto:4334@client-0D8F39A90E5A
2024-09-10 06:19:53,792 DEBUG server.RaftServer$Division (RaftServerImpl.java:logAppendEntries(1539)) - s3@group-05D5B636F8BE: appendEntries* reply s14<-s3#241:OK-t1,SUCCESS,nextIndex=102,followerCommit=100,matchIndex=101
2024-09-10 06:19:53,792 DEBUG server.RaftServer$Division (RaftServerImpl.java:logAppendEntries(1539)) - s2@group-05D5B636F8BE: appendEntries* s14->s2#284-t1,previous=(t:1, i:100),leaderCommit=100,initializing? false,entries: size=1, first=(t:1, i:101), STATEMACHINELOGENTRY, StateMachineLogEntryProto:4334@client-0D8F39A90E5A
2024-09-10 06:19:53,793 INFO  statemachine.StateMachine (ArithmeticStateMachine.java:applyTransaction(181)) - LEADER:s14-101: c = √(a^2 + b^2) = 1741
2024-09-10 06:19:53,793 DEBUG server.RaftServer$Division (RaftServerImpl.java:logAppendEntries(1539)) - s2@group-05D5B636F8BE: appendEntries* reply s14<-s2#284:OK-t1,SUCCESS,nextIndex=102,followerCommit=100,matchIndex=101
2024-09-10 06:19:53,793 DEBUG server.RaftServer$Division (RaftServerImpl.java:logAppendEntries(1539)) - s3@group-05D5B636F8BE: appendEntries* s14->s3#242-t1,previous=(t:1, i:101),leaderCommit=101,initializing? false,entries: size=1, first=(t:1, i:102), METADATAENTRY(c:101)
2024-09-10 06:19:53,794 DEBUG server.RaftServer$Division (RaftServerImpl.java:logAppendEntries(1539)) - s3@group-05D5B636F8BE: appendEntries* reply s14<-s3#242:OK-t1,SUCCESS,nextIndex=103,followerCommit=101,matchIndex=102
2024-09-10 06:19:53,795 DEBUG server.RaftServer$Division (RaftServerImpl.java:logAppendEntries(1539)) - s2@group-05D5B636F8BE: appendEntries* s14->s2#286-t1,previous=(t:1, i:101),leaderCommit=101,initializing? false,entries: size=1, first=(t:1, i:102), METADATAENTRY(c:101)
2024-09-10 06:19:53,796 DEBUG server.RaftServer$Division (RaftServerImpl.java:logAppendEntries(1539)) - s2@group-05D5B636F8BE: appendEntries* reply s14<-s2#286:OK-t1,SUCCESS,nextIndex=103,followerCommit=101,matchIndex=102
2024-09-10 06:19:53,796 DEBUG server.RaftServer$Division (RaftServerImpl.java:submitClientRequestAsync(910)) - s14@group-05D5B636F8BE: receive client request(RaftClientRequest:client-0D8F39A90E5A->s14@group-05D5B636F8BE, cid=4335, seq=null, RW, Message:01016100)
2024-09-10 06:19:53,796 DEBUG server.RaftServer$Division (LeaderStateImpl.java:addPendingRequest(532)) - s14@group-05D5B636F8BE-LeaderStateImpl: addPendingRequest at RaftClientRequest:client-0D8F39A90E5A->s14@group-05D5B636F8BE, cid=4335, seq=null, RW, Message:01016100, entry=(t:1, i:103), STATEMACHINELOGENTRY, WRITE: logData.size=4, stateMachineData.size=0, logEntryProtoSerializedSize=0
2024-09-10 06:19:53,797 DEBUG server.RaftServer$Division (RaftServerImpl.java:logAppendEntries(1539)) - s2@group-05D5B636F8BE: appendEntries* s14->s2#291-t1,previous=(t:1, i:102),leaderCommit=102,initializing? false,entries: size=1, first=(t:1, i:103), STATEMACHINELOGENTRY, StateMachineLogEntryProto:4335@client-0D8F39A90E5A
2024-09-10 06:19:53,797 DEBUG server.RaftServer$Division (RaftServerImpl.java:logAppendEntries(1539)) - s3@group-05D5B636F8BE: appendEntries* s14->s3#246-t1,previous=(t:1, i:102),leaderCommit=102,initializing? false,entries: size=1, first=(t:1, i:103), STATEMACHINELOGENTRY, StateMachineLogEntryProto:4335@client-0D8F39A90E5A
2024-09-10 06:19:53,797 DEBUG server.RaftServer$Division (RaftServerImpl.java:logAppendEntries(1539)) - s2@group-05D5B636F8BE: appendEntries* reply s14<-s2#291:OK-t1,SUCCESS,nextIndex=104,followerCommit=102,matchIndex=103
2024-09-10 06:19:53,798 DEBUG server.RaftServer$Division (RaftServerImpl.java:logAppendEntries(1539)) - s3@group-05D5B636F8BE: appendEntries* reply s14<-s3#246:OK-t1,SUCCESS,nextIndex=104,followerCommit=102,matchIndex=103
2024-09-10 06:19:53,798 INFO  statemachine.StateMachine (ArithmeticStateMachine.java:applyTransaction(181)) - LEADER:s14-103: a = null = null
2024-09-10 06:19:53,799 DEBUG server.RaftServer$Division (RaftServerImpl.java:logAppendEntries(1539)) - s3@group-05D5B636F8BE: appendEntries* s14->s3#247-t1,previous=(t:1, i:103),leaderCommit=103,initializing? false,entries: size=1, first=(t:1, i:104), METADATAENTRY(c:103)
2024-09-10 06:19:53,799 DEBUG server.RaftServer$Division (RaftServerImpl.java:logAppendEntries(1539)) - s3@group-05D5B636F8BE: appendEntries* reply s14<-s3#247:OK-t1,SUCCESS,nextIndex=105,followerCommit=103,matchIndex=104
2024-09-10 06:19:53,800 DEBUG server.RaftServer$Division (RaftServerImpl.java:logAppendEntries(1539)) - s2@group-05D5B636F8BE: appendEntries* s14->s2#293-t1,previous=(t:1, i:103),leaderCommit=103,initializing? false,entries: size=1, first=(t:1, i:104), METADATAENTRY(c:103)
2024-09-10 06:19:53,800 DEBUG server.RaftServer$Division (RaftServerImpl.java:logAppendEntries(1539)) - s2@group-05D5B636F8BE: appendEntries* reply s14<-s2#293:OK-t1,SUCCESS,nextIndex=105,followerCommit=103,matchIndex=104
2024-09-10 06:19:53,801 DEBUG server.RaftServer$Division (RaftServerImpl.java:submitClientRequestAsync(910)) - s14@group-05D5B636F8BE: receive client request(RaftClientRequest:client-0D8F39A90E5A->s14@group-05D5B636F8BE, cid=4336, seq=null, RW, Message:01016200)
2024-09-10 06:19:53,801 DEBUG server.RaftServer$Division (LeaderStateImpl.java:addPendingRequest(532)) - s14@group-05D5B636F8BE-LeaderStateImpl: addPendingRequest at RaftClientRequest:client-0D8F39A90E5A->s14@group-05D5B636F8BE, cid=4336, seq=null, RW, Message:01016200, entry=(t:1, i:105), STATEMACHINELOGENTRY, WRITE: logData.size=4, stateMachineData.size=0, logEntryProtoSerializedSize=0
2024-09-10 06:19:53,802 DEBUG server.RaftServer$Division (RaftServerImpl.java:logAppendEntries(1539)) - s2@group-05D5B636F8BE: appendEntries* s14->s2#298-t1,previous=(t:1, i:104),leaderCommit=104,initializing? false,entries: size=1, first=(t:1, i:105), STATEMACHINELOGENTRY, StateMachineLogEntryProto:4336@client-0D8F39A90E5A
2024-09-10 06:19:53,802 DEBUG server.RaftServer$Division (RaftServerImpl.java:logAppendEntries(1539)) - s3@group-05D5B636F8BE: appendEntries* s14->s3#251-t1,previous=(t:1, i:104),leaderCommit=104,initializing? false,entries: size=1, first=(t:1, i:105), STATEMACHINELOGENTRY, StateMachineLogEntryProto:4336@client-0D8F39A90E5A
2024-09-10 06:19:53,803 DEBUG server.RaftServer$Division (RaftServerImpl.java:logAppendEntries(1539)) - s2@group-05D5B636F8BE: appendEntries* reply s14<-s2#298:OK-t1,SUCCESS,nextIndex=106,followerCommit=104,matchIndex=105
2024-09-10 06:19:53,803 DEBUG server.RaftServer$Division (RaftServerImpl.java:logAppendEntries(1539)) - s3@group-05D5B636F8BE: appendEntries* reply s14<-s3#251:OK-t1,SUCCESS,nextIndex=106,followerCommit=104,matchIndex=105
2024-09-10 06:19:53,803 INFO  statemachine.StateMachine (ArithmeticStateMachine.java:applyTransaction(181)) - LEADER:s14-105: b = null = null
2024-09-10 06:19:53,804 DEBUG server.RaftServer$Division (RaftServerImpl.java:logAppendEntries(1539)) - s2@group-05D5B636F8BE: appendEntries* s14->s2#299-t1,previous=(t:1, i:105),leaderCommit=105,initializing? false,entries: size=1, first=(t:1, i:106), METADATAENTRY(c:105)
2024-09-10 06:19:53,804 DEBUG server.RaftServer$Division (RaftServerImpl.java:logAppendEntries(1539)) - s3@group-05D5B636F8BE: appendEntries* s14->s3#252-t1,previous=(t:1, i:105),leaderCommit=105,initializing? false,entries: size=1, first=(t:1, i:106), METADATAENTRY(c:105)
2024-09-10 06:19:53,805 DEBUG server.RaftServer$Division (RaftServerImpl.java:logAppendEntries(1539)) - s2@group-05D5B636F8BE: appendEntries* reply s14<-s2#299:OK-t1,SUCCESS,nextIndex=107,followerCommit=105,matchIndex=106
2024-09-10 06:19:53,805 DEBUG server.RaftServer$Division (RaftServerImpl.java:logAppendEntries(1539)) - s3@group-05D5B636F8BE: appendEntries* reply s14<-s3#252:OK-t1,SUCCESS,nextIndex=107,followerCommit=105,matchIndex=106
2024-09-10 06:19:53,806 DEBUG server.RaftServer$Division (RaftServerImpl.java:submitClientRequestAsync(910)) - s14@group-05D5B636F8BE: receive client request(RaftClientRequest:client-0D8F39A90E5A->s14@group-05D5B636F8BE, cid=4337, seq=null, RW, Message:01016300)
2024-09-10 06:19:53,806 DEBUG server.RaftServer$Division (LeaderStateImpl.java:addPendingRequest(532)) - s14@group-05D5B636F8BE-LeaderStateImpl: addPendingRequest at RaftClientRequest:client-0D8F39A90E5A->s14@group-05D5B636F8BE, cid=4337, seq=null, RW, Message:01016300, entry=(t:1, i:107), STATEMACHINELOGENTRY, WRITE: logData.size=4, stateMachineData.size=0, logEntryProtoSerializedSize=0
2024-09-10 06:19:53,807 DEBUG server.RaftServer$Division (RaftServerImpl.java:logAppendEntries(1539)) - s2@group-05D5B636F8BE: appendEntries* s14->s2#304-t1,previous=(t:1, i:106),leaderCommit=106,initializing? false,entries: size=1, first=(t:1, i:107), STATEMACHINELOGENTRY, StateMachineLogEntryProto:4337@client-0D8F39A90E5A
2024-09-10 06:19:53,807 DEBUG server.RaftServer$Division (RaftServerImpl.java:logAppendEntries(1539)) - s3@group-05D5B636F8BE: appendEntries* s14->s3#255-t1,previous=(t:1, i:106),leaderCommit=106,initializing? false,entries: size=1, first=(t:1, i:107), STATEMACHINELOGENTRY, StateMachineLogEntryProto:4337@client-0D8F39A90E5A
2024-09-10 06:19:53,807 DEBUG server.RaftServer$Division (RaftServerImpl.java:logAppendEntries(1539)) - s2@group-05D5B636F8BE: appendEntries* reply s14<-s2#304:OK-t1,SUCCESS,nextIndex=108,followerCommit=106,matchIndex=107
2024-09-10 06:19:53,807 DEBUG server.RaftServer$Division (RaftServerImpl.java:logAppendEntries(1539)) - s3@group-05D5B636F8BE: appendEntries* reply s14<-s3#255:OK-t1,SUCCESS,nextIndex=108,followerCommit=106,matchIndex=107
2024-09-10 06:19:53,808 INFO  statemachine.StateMachine (ArithmeticStateMachine.java:applyTransaction(181)) - LEADER:s14-107: c = null = null
2024-09-10 06:19:53,808 DEBUG server.RaftServer$Division (RaftServerImpl.java:logAppendEntries(1539)) - s3@group-05D5B636F8BE: appendEntries* s14->s3#256-t1,previous=(t:1, i:107),leaderCommit=107,initializing? false,entries: size=1, first=(t:1, i:108), METADATAENTRY(c:107)
2024-09-10 06:19:53,809 DEBUG server.RaftServer$Division (RaftServerImpl.java:logAppendEntries(1539)) - s2@group-05D5B636F8BE: appendEntries* s14->s2#305-t1,previous=(t:1, i:107),leaderCommit=107,initializing? false,entries: size=1, first=(t:1, i:108), METADATAENTRY(c:107)
2024-09-10 06:19:53,810 DEBUG server.RaftServer$Division (RaftServerImpl.java:logAppendEntries(1539)) - s2@group-05D5B636F8BE: appendEntries* reply s14<-s2#305:OK-t1,SUCCESS,nextIndex=109,followerCommit=107,matchIndex=108
2024-09-10 06:19:53,810 DEBUG server.RaftServer$Division (RaftServerImpl.java:submitClientRequestAsync(910)) - s14@group-05D5B636F8BE: receive client request(RaftClientRequest:client-0D8F39A90E5A->s14@group-05D5B636F8BE, cid=4338, seq=null, RW, Message:01016102404e80000000...(size=12))
2024-09-10 06:19:53,810 DEBUG server.RaftServer$Division (LeaderStateImpl.java:addPendingRequest(532)) - s14@group-05D5B636F8BE-LeaderStateImpl: addPendingRequest at RaftClientRequest:client-0D8F39A90E5A->s14@group-05D5B636F8BE, cid=4338, seq=null, RW, Message:01016102404e80000000...(size=12), entry=(t:1, i:109), STATEMACHINELOGENTRY, WRITE: logData.size=12, stateMachineData.size=0, logEntryProtoSerializedSize=0
2024-09-10 06:19:53,810 DEBUG server.RaftServer$Division (RaftServerImpl.java:logAppendEntries(1539)) - s3@group-05D5B636F8BE: appendEntries* reply s14<-s3#256:OK-t1,SUCCESS,nextIndex=109,followerCommit=107,matchIndex=108
2024-09-10 06:19:53,810 DEBUG server.RaftServer$Division (RaftServerImpl.java:logAppendEntries(1539)) - s2@group-05D5B636F8BE: appendEntries* s14->s2#306-t1,previous=(t:1, i:108),leaderCommit=107,initializing? false,entries: size=1, first=(t:1, i:109), STATEMACHINELOGENTRY, StateMachineLogEntryProto:4338@client-0D8F39A90E5A
2024-09-10 06:19:53,811 DEBUG server.RaftServer$Division (RaftServerImpl.java:logAppendEntries(1539)) - s2@group-05D5B636F8BE: appendEntries* reply s14<-s2#306:OK-t1,SUCCESS,nextIndex=110,followerCommit=107,matchIndex=109
2024-09-10 06:19:53,811 DEBUG server.RaftServer$Division (RaftServerImpl.java:logAppendEntries(1539)) - s3@group-05D5B636F8BE: appendEntries* s14->s3#257-t1,previous=(t:1, i:108),leaderCommit=108,initializing? false,entries: size=1, first=(t:1, i:109), STATEMACHINELOGENTRY, StateMachineLogEntryProto:4338@client-0D8F39A90E5A
2024-09-10 06:19:53,812 DEBUG server.RaftServer$Division (RaftServerImpl.java:logAppendEntries(1539)) - s3@group-05D5B636F8BE: appendEntries* reply s14<-s3#257:OK-t1,SUCCESS,nextIndex=110,followerCommit=108,matchIndex=109
2024-09-10 06:19:53,812 INFO  statemachine.StateMachine (ArithmeticStateMachine.java:applyTransaction(181)) - LEADER:s14-109: a = 61 = 61
2024-09-10 06:19:53,813 DEBUG server.RaftServer$Division (RaftServerImpl.java:logAppendEntries(1539)) - s3@group-05D5B636F8BE: appendEntries* s14->s3#259-t1,previous=(t:1, i:109),leaderCommit=109,initializing? false,entries: size=1, first=(t:1, i:110), METADATAENTRY(c:109)
2024-09-10 06:19:53,813 DEBUG server.RaftServer$Division (RaftServerImpl.java:logAppendEntries(1539)) - s3@group-05D5B636F8BE: appendEntries* reply s14<-s3#259:OK-t1,SUCCESS,nextIndex=111,followerCommit=109,matchIndex=110
2024-09-10 06:19:53,816 DEBUG server.RaftServer$Division (RaftServerImpl.java:logAppendEntries(1539)) - s2@group-05D5B636F8BE: appendEntries* s14->s2#310-t1,previous=(t:1, i:109),leaderCommit=109,initializing? false,entries: size=1, first=(t:1, i:110), METADATAENTRY(c:109)
2024-09-10 06:19:53,817 DEBUG server.RaftServer$Division (RaftServerImpl.java:logAppendEntries(1539)) - s2@group-05D5B636F8BE: appendEntries* reply s14<-s2#310:OK-t1,SUCCESS,nextIndex=111,followerCommit=109,matchIndex=110
2024-09-10 06:19:53,818 DEBUG server.RaftServer$Division (RaftServerImpl.java:submitClientRequestAsync(910)) - s14@group-05D5B636F8BE: receive client request(RaftClientRequest:client-0D8F39A90E5A->s14@group-05D5B636F8BE, cid=4339, seq=null, RW, Message:01016202409d10000000...(size=12))
2024-09-10 06:19:53,818 DEBUG server.RaftServer$Division (LeaderStateImpl.java:addPendingRequest(532)) - s14@group-05D5B636F8BE-LeaderStateImpl: addPendingRequest at RaftClientRequest:client-0D8F39A90E5A->s14@group-05D5B636F8BE, cid=4339, seq=null, RW, Message:01016202409d10000000...(size=12), entry=(t:1, i:111), STATEMACHINELOGENTRY, WRITE: logData.size=12, stateMachineData.size=0, logEntryProtoSerializedSize=0
2024-09-10 06:19:53,819 DEBUG server.RaftServer$Division (RaftServerImpl.java:logAppendEntries(1539)) - s3@group-05D5B636F8BE: appendEntries* s14->s3#262-t1,previous=(t:1, i:110),leaderCommit=110,initializing? false,entries: size=1, first=(t:1, i:111), STATEMACHINELOGENTRY, StateMachineLogEntryProto:4339@client-0D8F39A90E5A
2024-09-10 06:19:53,819 DEBUG server.RaftServer$Division (RaftServerImpl.java:logAppendEntries(1539)) - s2@group-05D5B636F8BE: appendEntries* s14->s2#314-t1,previous=(t:1, i:110),leaderCommit=110,initializing? false,entries: size=1, first=(t:1, i:111), STATEMACHINELOGENTRY, StateMachineLogEntryProto:4339@client-0D8F39A90E5A
2024-09-10 06:19:53,820 DEBUG server.RaftServer$Division (RaftServerImpl.java:logAppendEntries(1539)) - s2@group-05D5B636F8BE: appendEntries* reply s14<-s2#314:OK-t1,SUCCESS,nextIndex=112,followerCommit=110,matchIndex=111
2024-09-10 06:19:53,820 DEBUG server.RaftServer$Division (RaftServerImpl.java:logAppendEntries(1539)) - s3@group-05D5B636F8BE: appendEntries* reply s14<-s3#262:OK-t1,SUCCESS,nextIndex=112,followerCommit=110,matchIndex=111
2024-09-10 06:19:53,820 INFO  statemachine.StateMachine (ArithmeticStateMachine.java:applyTransaction(181)) - LEADER:s14-111: b = 1860 = 1860
2024-09-10 06:19:53,821 DEBUG server.RaftServer$Division (RaftServerImpl.java:logAppendEntries(1539)) - s3@group-05D5B636F8BE: appendEntries* s14->s3#263-t1,previous=(t:1, i:111),leaderCommit=111,initializing? false,entries: size=1, first=(t:1, i:112), METADATAENTRY(c:111)
2024-09-10 06:19:53,821 DEBUG server.RaftServer$Division (RaftServerImpl.java:logAppendEntries(1539)) - s2@group-05D5B636F8BE: appendEntries* s14->s2#315-t1,previous=(t:1, i:111),leaderCommit=111,initializing? false,entries: size=1, first=(t:1, i:112), METADATAENTRY(c:111)
2024-09-10 06:19:53,822 DEBUG server.RaftServer$Division (RaftServerImpl.java:logAppendEntries(1539)) - s3@group-05D5B636F8BE: appendEntries* reply s14<-s3#263:OK-t1,SUCCESS,nextIndex=113,followerCommit=111,matchIndex=112
2024-09-10 06:19:53,822 DEBUG server.RaftServer$Division (RaftServerImpl.java:logAppendEntries(1539)) - s2@group-05D5B636F8BE: appendEntries* reply s14<-s2#315:OK-t1,SUCCESS,nextIndex=113,followerCommit=111,matchIndex=112
2024-09-10 06:19:53,824 DEBUG server.RaftServer$Division (RaftServerImpl.java:submitClientRequestAsync(910)) - s14@group-05D5B636F8BE: receive client request(RaftClientRequest:client-0D8F39A90E5A->s14@group-05D5B636F8BE, cid=4340, seq=null, RW, Message:01016304010300040201...(size=17))
2024-09-10 06:19:53,824 DEBUG server.RaftServer$Division (LeaderStateImpl.java:addPendingRequest(532)) - s14@group-05D5B636F8BE-LeaderStateImpl: addPendingRequest at RaftClientRequest:client-0D8F39A90E5A->s14@group-05D5B636F8BE, cid=4340, seq=null, RW, Message:01016304010300040201...(size=17), entry=(t:1, i:113), STATEMACHINELOGENTRY, WRITE: logData.size=17, stateMachineData.size=0, logEntryProtoSerializedSize=0
2024-09-10 06:19:53,825 DEBUG server.RaftServer$Division (RaftServerImpl.java:logAppendEntries(1539)) - s3@group-05D5B636F8BE: appendEntries* s14->s3#266-t1,previous=(t:1, i:112),leaderCommit=112,initializing? false,entries: size=1, first=(t:1, i:113), STATEMACHINELOGENTRY, StateMachineLogEntryProto:4340@client-0D8F39A90E5A
2024-09-10 06:19:53,825 DEBUG server.RaftServer$Division (RaftServerImpl.java:logAppendEntries(1539)) - s2@group-05D5B636F8BE: appendEntries* s14->s2#318-t1,previous=(t:1, i:112),leaderCommit=112,initializing? false,entries: size=1, first=(t:1, i:113), STATEMACHINELOGENTRY, StateMachineLogEntryProto:4340@client-0D8F39A90E5A
2024-09-10 06:19:53,825 DEBUG server.RaftServer$Division (RaftServerImpl.java:logAppendEntries(1539)) - s3@group-05D5B636F8BE: appendEntries* reply s14<-s3#266:OK-t1,SUCCESS,nextIndex=114,followerCommit=112,matchIndex=113
2024-09-10 06:19:53,826 DEBUG server.RaftServer$Division (RaftServerImpl.java:logAppendEntries(1539)) - s2@group-05D5B636F8BE: appendEntries* reply s14<-s2#318:OK-t1,SUCCESS,nextIndex=114,followerCommit=112,matchIndex=113
2024-09-10 06:19:53,826 INFO  statemachine.StateMachine (ArithmeticStateMachine.java:applyTransaction(181)) - LEADER:s14-113: c = √(a^2 + b^2) = 1861
2024-09-10 06:19:53,827 DEBUG server.RaftServer$Division (RaftServerImpl.java:logAppendEntries(1539)) - s3@group-05D5B636F8BE: appendEntries* s14->s3#267-t1,previous=(t:1, i:113),leaderCommit=113,initializing? false,entries: size=1, first=(t:1, i:114), METADATAENTRY(c:113)
2024-09-10 06:19:53,827 DEBUG server.RaftServer$Division (RaftServerImpl.java:logAppendEntries(1539)) - s3@group-05D5B636F8BE: appendEntries* reply s14<-s3#267:OK-t1,SUCCESS,nextIndex=115,followerCommit=113,matchIndex=114
2024-09-10 06:19:53,829 DEBUG server.RaftServer$Division (RaftServerImpl.java:logAppendEntries(1539)) - s2@group-05D5B636F8BE: appendEntries* s14->s2#319-t1,previous=(t:1, i:113),leaderCommit=113,initializing? false,entries: size=1, first=(t:1, i:114), METADATAENTRY(c:113)
2024-09-10 06:19:53,829 DEBUG server.RaftServer$Division (RaftServerImpl.java:logAppendEntries(1539)) - s2@group-05D5B636F8BE: appendEntries* reply s14<-s2#319:OK-t1,SUCCESS,nextIndex=115,followerCommit=113,matchIndex=114
2024-09-10 06:19:53,830 DEBUG server.RaftServer$Division (RaftServerImpl.java:submitClientRequestAsync(910)) - s14@group-05D5B636F8BE: receive client request(RaftClientRequest:client-0D8F39A90E5A->s14@group-05D5B636F8BE, cid=4341, seq=null, RW, Message:01016100)
2024-09-10 06:19:53,830 DEBUG server.RaftServer$Division (LeaderStateImpl.java:addPendingRequest(532)) - s14@group-05D5B636F8BE-LeaderStateImpl: addPendingRequest at RaftClientRequest:client-0D8F39A90E5A->s14@group-05D5B636F8BE, cid=4341, seq=null, RW, Message:01016100, entry=(t:1, i:115), STATEMACHINELOGENTRY, WRITE: logData.size=4, stateMachineData.size=0, logEntryProtoSerializedSize=0
2024-09-10 06:19:53,831 DEBUG server.RaftServer$Division (RaftServerImpl.java:logAppendEntries(1539)) - s2@group-05D5B636F8BE: appendEntries* s14->s2#324-t1,previous=(t:1, i:114),leaderCommit=114,initializing? false,entries: size=1, first=(t:1, i:115), STATEMACHINELOGENTRY, StateMachineLogEntryProto:4341@client-0D8F39A90E5A
2024-09-10 06:19:53,831 DEBUG server.RaftServer$Division (RaftServerImpl.java:logAppendEntries(1539)) - s3@group-05D5B636F8BE: appendEntries* s14->s3#271-t1,previous=(t:1, i:114),leaderCommit=114,initializing? false,entries: size=1, first=(t:1, i:115), STATEMACHINELOGENTRY, StateMachineLogEntryProto:4341@client-0D8F39A90E5A
2024-09-10 06:19:53,832 DEBUG server.RaftServer$Division (RaftServerImpl.java:logAppendEntries(1539)) - s3@group-05D5B636F8BE: appendEntries* reply s14<-s3#271:OK-t1,SUCCESS,nextIndex=116,followerCommit=114,matchIndex=115
2024-09-10 06:19:53,832 DEBUG server.RaftServer$Division (RaftServerImpl.java:logAppendEntries(1539)) - s2@group-05D5B636F8BE: appendEntries* reply s14<-s2#324:OK-t1,SUCCESS,nextIndex=116,followerCommit=114,matchIndex=115
2024-09-10 06:19:53,833 INFO  statemachine.StateMachine (ArithmeticStateMachine.java:applyTransaction(181)) - LEADER:s14-115: a = null = null
2024-09-10 06:19:53,833 DEBUG server.RaftServer$Division (RaftServerImpl.java:logAppendEntries(1539)) - s2@group-05D5B636F8BE: appendEntries* s14->s2#325-t1,previous=(t:1, i:115),leaderCommit=115,initializing? false,entries: size=1, first=(t:1, i:116), METADATAENTRY(c:115)
2024-09-10 06:19:53,833 DEBUG server.RaftServer$Division (RaftServerImpl.java:logAppendEntries(1539)) - s3@group-05D5B636F8BE: appendEntries* s14->s3#272-t1,previous=(t:1, i:115),leaderCommit=115,initializing? false,entries: size=1, first=(t:1, i:116), METADATAENTRY(c:115)
2024-09-10 06:19:53,834 DEBUG server.RaftServer$Division (RaftServerImpl.java:logAppendEntries(1539)) - s2@group-05D5B636F8BE: appendEntries* reply s14<-s2#325:OK-t1,SUCCESS,nextIndex=117,followerCommit=115,matchIndex=116
2024-09-10 06:19:53,834 DEBUG server.RaftServer$Division (RaftServerImpl.java:logAppendEntries(1539)) - s3@group-05D5B636F8BE: appendEntries* reply s14<-s3#272:OK-t1,SUCCESS,nextIndex=117,followerCommit=115,matchIndex=116
2024-09-10 06:19:53,836 DEBUG server.RaftServer$Division (RaftServerImpl.java:submitClientRequestAsync(910)) - s14@group-05D5B636F8BE: receive client request(RaftClientRequest:client-0D8F39A90E5A->s14@group-05D5B636F8BE, cid=4342, seq=null, RW, Message:01016200)
2024-09-10 06:19:53,836 DEBUG server.RaftServer$Division (LeaderStateImpl.java:addPendingRequest(532)) - s14@group-05D5B636F8BE-LeaderStateImpl: addPendingRequest at RaftClientRequest:client-0D8F39A90E5A->s14@group-05D5B636F8BE, cid=4342, seq=null, RW, Message:01016200, entry=(t:1, i:117), STATEMACHINELOGENTRY, WRITE: logData.size=4, stateMachineData.size=0, logEntryProtoSerializedSize=0
2024-09-10 06:19:53,837 DEBUG server.RaftServer$Division (RaftServerImpl.java:logAppendEntries(1539)) - s2@group-05D5B636F8BE: appendEntries* s14->s2#330-t1,previous=(t:1, i:116),leaderCommit=116,initializing? false,entries: size=1, first=(t:1, i:117), STATEMACHINELOGENTRY, StateMachineLogEntryProto:4342@client-0D8F39A90E5A
2024-09-10 06:19:53,837 DEBUG server.RaftServer$Division (RaftServerImpl.java:logAppendEntries(1539)) - s2@group-05D5B636F8BE: appendEntries* reply s14<-s2#330:OK-t1,SUCCESS,nextIndex=118,followerCommit=116,matchIndex=117
2024-09-10 06:19:53,838 INFO  statemachine.StateMachine (ArithmeticStateMachine.java:applyTransaction(181)) - LEADER:s14-117: b = null = null
2024-09-10 06:19:53,838 DEBUG server.RaftServer$Division (RaftServerImpl.java:logAppendEntries(1539)) - s3@group-05D5B636F8BE: appendEntries* s14->s3#276-t1,previous=(t:1, i:116),leaderCommit=116,initializing? false,entries: size=1, first=(t:1, i:117), STATEMACHINELOGENTRY, StateMachineLogEntryProto:4342@client-0D8F39A90E5A
2024-09-10 06:19:53,839 DEBUG server.RaftServer$Division (RaftServerImpl.java:logAppendEntries(1539)) - s3@group-05D5B636F8BE: appendEntries* reply s14<-s3#276:OK-t1,SUCCESS,nextIndex=118,followerCommit=116,matchIndex=117
2024-09-10 06:19:53,839 DEBUG server.RaftServer$Division (RaftServerImpl.java:logAppendEntries(1539)) - s3@group-05D5B636F8BE: appendEntries* s14->s3#278-t1,previous=(t:1, i:117),leaderCommit=117,initializing? false,entries: size=1, first=(t:1, i:118), METADATAENTRY(c:117)
2024-09-10 06:19:53,839 DEBUG server.RaftServer$Division (RaftServerImpl.java:logAppendEntries(1539)) - s2@group-05D5B636F8BE: appendEntries* s14->s2#331-t1,previous=(t:1, i:117),leaderCommit=117,initializing? false,entries: size=1, first=(t:1, i:118), METADATAENTRY(c:117)
2024-09-10 06:19:53,840 DEBUG server.RaftServer$Division (RaftServerImpl.java:logAppendEntries(1539)) - s2@group-05D5B636F8BE: appendEntries* reply s14<-s2#331:OK-t1,SUCCESS,nextIndex=119,followerCommit=117,matchIndex=118
2024-09-10 06:19:53,840 DEBUG server.RaftServer$Division (RaftServerImpl.java:logAppendEntries(1539)) - s3@group-05D5B636F8BE: appendEntries* reply s14<-s3#278:OK-t1,SUCCESS,nextIndex=119,followerCommit=117,matchIndex=118
2024-09-10 06:19:53,841 DEBUG server.RaftServer$Division (RaftServerImpl.java:submitClientRequestAsync(910)) - s14@group-05D5B636F8BE: receive client request(RaftClientRequest:client-0D8F39A90E5A->s14@group-05D5B636F8BE, cid=4343, seq=null, RW, Message:01016300)
2024-09-10 06:19:53,842 DEBUG server.RaftServer$Division (LeaderStateImpl.java:addPendingRequest(532)) - s14@group-05D5B636F8BE-LeaderStateImpl: addPendingRequest at RaftClientRequest:client-0D8F39A90E5A->s14@group-05D5B636F8BE, cid=4343, seq=null, RW, Message:01016300, entry=(t:1, i:119), STATEMACHINELOGENTRY, WRITE: logData.size=4, stateMachineData.size=0, logEntryProtoSerializedSize=0
2024-09-10 06:19:53,842 DEBUG server.RaftServer$Division (RaftServerImpl.java:logAppendEntries(1539)) - s3@group-05D5B636F8BE: appendEntries* s14->s3#281-t1,previous=(t:1, i:118),leaderCommit=118,initializing? false,entries: size=1, first=(t:1, i:119), STATEMACHINELOGENTRY, StateMachineLogEntryProto:4343@client-0D8F39A90E5A
2024-09-10 06:19:53,843 DEBUG server.RaftServer$Division (RaftServerImpl.java:logAppendEntries(1539)) - s2@group-05D5B636F8BE: appendEntries* s14->s2#336-t1,previous=(t:1, i:118),leaderCommit=118,initializing? false,entries: size=1, first=(t:1, i:119), STATEMACHINELOGENTRY, StateMachineLogEntryProto:4343@client-0D8F39A90E5A
2024-09-10 06:19:53,843 DEBUG server.RaftServer$Division (RaftServerImpl.java:logAppendEntries(1539)) - s3@group-05D5B636F8BE: appendEntries* reply s14<-s3#281:OK-t1,SUCCESS,nextIndex=120,followerCommit=118,matchIndex=119
2024-09-10 06:19:53,843 DEBUG server.RaftServer$Division (RaftServerImpl.java:logAppendEntries(1539)) - s2@group-05D5B636F8BE: appendEntries* reply s14<-s2#336:OK-t1,SUCCESS,nextIndex=120,followerCommit=118,matchIndex=119
2024-09-10 06:19:53,843 INFO  statemachine.StateMachine (ArithmeticStateMachine.java:applyTransaction(181)) - LEADER:s14-119: c = null = null
2024-09-10 06:19:53,844 DEBUG server.RaftServer$Division (RaftServerImpl.java:logAppendEntries(1539)) - s3@group-05D5B636F8BE: appendEntries* s14->s3#282-t1,previous=(t:1, i:119),leaderCommit=119,initializing? false,entries: size=1, first=(t:1, i:120), METADATAENTRY(c:119)
2024-09-10 06:19:53,844 DEBUG server.RaftServer$Division (RaftServerImpl.java:logAppendEntries(1539)) - s3@group-05D5B636F8BE: appendEntries* reply s14<-s3#282:OK-t1,SUCCESS,nextIndex=121,followerCommit=119,matchIndex=120
2024-09-10 06:19:53,845 DEBUG server.RaftServer$Division (RaftServerImpl.java:logAppendEntries(1539)) - s2@group-05D5B636F8BE: appendEntries* s14->s2#337-t1,previous=(t:1, i:119),leaderCommit=119,initializing? false,entries: size=1, first=(t:1, i:120), METADATAENTRY(c:119)
2024-09-10 06:19:53,846 DEBUG server.RaftServer$Division (RaftServerImpl.java:logAppendEntries(1539)) - s2@group-05D5B636F8BE: appendEntries* reply s14<-s2#337:OK-t1,SUCCESS,nextIndex=121,followerCommit=119,matchIndex=120
2024-09-10 06:19:53,851 INFO  impl.GroupManagementBaseTest (GroupManagementBaseTest.java:runMultiGroupTest(281)) - 3) starting group-7DC22DB0A052:[s4|0.0.0.0:15004, s5|0.0.0.0:15005, s6|0.0.0.0:15006]
2024-09-10 06:19:53,858 INFO  server.RaftServer (RaftServerProxy.java:addNew(101)) - s4: addNew group-7DC22DB0A052:[s4|0.0.0.0:15004, s5|0.0.0.0:15005, s6|0.0.0.0:15006] returns group-7DC22DB0A052:java.util.concurrent.CompletableFuture@b4aac9f[Not completed]
2024-09-10 06:19:53,858 INFO  server.RaftServer$Division (RaftServerImpl.java:<init>(255)) - s4: new RaftServerImpl for group-7DC22DB0A052:[s4|0.0.0.0:15004, s5|0.0.0.0:15005, s6|0.0.0.0:15006] with ArithmeticStateMachine:uninitialized
2024-09-10 06:19:53,858 INFO  server.RaftServerConfigKeys (ConfUtils.java:logGet(46)) - raft.server.rpc.timeout.min = 300ms (custom)
2024-09-10 06:19:53,858 INFO  server.RaftServerConfigKeys (ConfUtils.java:logGet(46)) - raft.server.rpc.timeout.max = 600ms (custom)
2024-09-10 06:19:53,858 INFO  server.RaftServerConfigKeys (ConfUtils.java:logGet(46)) - raft.server.rpc.sleep.time = 25ms (default)
2024-09-10 06:19:53,858 INFO  server.RaftServerConfigKeys (ConfUtils.java:logGet(46)) - raft.server.rpc.slowness.timeout = 60s (default)
2024-09-10 06:19:53,858 INFO  server.RaftServerConfigKeys (ConfUtils.java:logGet(46)) - raft.server.leaderelection.leader.step-down.wait-time = 10s (default)
2024-09-10 06:19:53,858 INFO  server.RaftServerConfigKeys (ConfUtils.java:logGet(46)) - raft.server.leaderelection.member.majority-add = false (default)
2024-09-10 06:19:53,858 INFO  server.RaftServerConfigKeys (ConfUtils.java:logGet(46)) - raft.server.sleep.deviation.threshold = 300ms (default)
2024-09-10 06:19:53,858 INFO  server.RaftServer$Division (ServerState.java:<init>(114)) - s4@group-7DC22DB0A052: ConfigurationManager, init=conf: {index: -1, cur=peers:[s4|0.0.0.0:15004, s5|0.0.0.0:15005, s6|0.0.0.0:15006]|listeners:[], old=null}, confs=<EMPTY_MAP>
2024-09-10 06:19:53,858 INFO  server.RaftServerConfigKeys (ConfUtils.java:logGet(46)) - raft.server.notification.no-leader.timeout = 60s (default)
2024-09-10 06:19:53,858 INFO  server.RaftServerConfigKeys (ConfUtils.java:logGet(46)) - raft.server.read.timeout = 10s (default)
2024-09-10 06:19:53,858 INFO  server.RaftServerConfigKeys (ConfUtils.java:logGet(46)) - raft.server.retrycache.expirytime = 60s (default)
2024-09-10 06:19:53,859 INFO  server.RaftServerConfigKeys (ConfUtils.java:logGet(46)) - raft.server.retrycache.statistics.expirytime = 100ms (default)
2024-09-10 06:19:53,859 INFO  server.RaftServerConfigKeys (ConfUtils.java:logGet(46)) - raft.server.read.option = DEFAULT (default)
2024-09-10 06:19:53,859 INFO  server.RaftServerConfigKeys (ConfUtils.java:logGet(46)) - raft.server.read.read-after-write-consistent.write-index-cache.expiry-time = 60s (default)
2024-09-10 06:19:53,859 INFO  server.RaftServerConfigKeys (ConfUtils.java:logGet(46)) - raft.server.rpc.request.timeout = 3000ms (default)
2024-09-10 06:19:53,859 INFO  server.RaftServerConfigKeys (ConfUtils.java:logGet(46)) - raft.server.log.appender.install.snapshot.enabled = true (default)
2024-09-10 06:19:53,859 INFO  server.RaftServerConfigKeys (ConfUtils.java:logGet(46)) - raft.server.threadpool.server.cached = true (default)
2024-09-10 06:19:53,859 INFO  server.RaftServerConfigKeys (ConfUtils.java:logGet(46)) - raft.server.threadpool.server.size = 0 (default)
2024-09-10 06:19:53,859 INFO  server.RaftServerConfigKeys (ConfUtils.java:logGet(46)) - raft.server.threadpool.client.cached = true (default)
2024-09-10 06:19:53,860 INFO  server.RaftServerConfigKeys (ConfUtils.java:logGet(46)) - raft.server.threadpool.client.size = 0 (default)
2024-09-10 06:19:53,860 INFO  server.RaftServerConfigKeys (ConfUtils.java:logGet(46)) - raft.server.storage.free-space.min = 0MB (=0) (default)
2024-09-10 06:19:53,860 INFO  server.RaftServerConfigKeys (ConfUtils.java:logGet(46)) - raft.server.log.corruption.policy = EXCEPTION (default)
2024-09-10 06:19:53,860 INFO  server.RaftServerConfigKeys (ConfUtils.java:logGet(46)) - raft.server.storage.dir = [/home/runner/work/ratis/ratis/ratis-examples/target/test/data/f624d035/MiniRaftClusterWithGrpc4aa2bfeb/s4] (custom)
2024-09-10 06:19:53,860 INFO  storage.RaftStorageDirectory (RaftStorageDirectoryImpl.java:analyzeStorage(138)) - The storage directory /home/runner/work/ratis/ratis/ratis-examples/target/test/data/f624d035/MiniRaftClusterWithGrpc4aa2bfeb/s4/0ec42209-eaab-4456-bc68-7dc22db0a052 does not exist. Creating ...
2024-09-10 06:19:53,860 TRACE util.FileUtils (LogUtils.java:runAndLog(49)) - Successfully ran Files.createDirectories /home/runner/work/ratis/ratis/ratis-examples/target/test/data/f624d035/MiniRaftClusterWithGrpc4aa2bfeb/s4/0ec42209-eaab-4456-bc68-7dc22db0a052
2024-09-10 06:19:53,862 INFO  storage.RaftStorageDirectory (RaftStorageDirectoryImpl.java:tryLock(229)) - Lock on /home/runner/work/ratis/ratis/ratis-examples/target/test/data/f624d035/MiniRaftClusterWithGrpc4aa2bfeb/s4/0ec42209-eaab-4456-bc68-7dc22db0a052/in_use.lock acquired by nodename 13550@fv-az691-408
2024-09-10 06:19:53,862 TRACE util.FileUtils (LogUtils.java:runAndLog(49)) - Successfully ran Files.createDirectories /home/runner/work/ratis/ratis/ratis-examples/target/test/data/f624d035/MiniRaftClusterWithGrpc4aa2bfeb/s4/0ec42209-eaab-4456-bc68-7dc22db0a052/current
2024-09-10 06:19:53,862 TRACE util.FileUtils (LogUtils.java:runAndLog(49)) - Successfully ran Files.createDirectories /home/runner/work/ratis/ratis/ratis-examples/target/test/data/f624d035/MiniRaftClusterWithGrpc4aa2bfeb/s4/0ec42209-eaab-4456-bc68-7dc22db0a052/sm
2024-09-10 06:19:53,862 TRACE util.FileUtils (LogUtils.java:supplyAndLog(69)) - Successfully supplied FileChannel.open /home/runner/work/ratis/ratis/ratis-examples/target/test/data/f624d035/MiniRaftClusterWithGrpc4aa2bfeb/s4/0ec42209-eaab-4456-bc68-7dc22db0a052/current/raft-meta.tmp with options [CREATE, WRITE]: sun.nio.ch.FileChannelImpl@5a069a1e
2024-09-10 06:19:53,863 TRACE util.FileUtils (LogUtils.java:runAndLog(49)) - Successfully ran Atomic Files.move /home/runner/work/ratis/ratis/ratis-examples/target/test/data/f624d035/MiniRaftClusterWithGrpc4aa2bfeb/s4/0ec42209-eaab-4456-bc68-7dc22db0a052/current/raft-meta.tmp to /home/runner/work/ratis/ratis/ratis-examples/target/test/data/f624d035/MiniRaftClusterWithGrpc4aa2bfeb/s4/0ec42209-eaab-4456-bc68-7dc22db0a052/current/raft-meta with options [REPLACE_EXISTING]
2024-09-10 06:19:53,863 INFO  storage.RaftStorage (RaftStorageImpl.java:format(98)) - Storage directory /home/runner/work/ratis/ratis/ratis-examples/target/test/data/f624d035/MiniRaftClusterWithGrpc4aa2bfeb/s4/0ec42209-eaab-4456-bc68-7dc22db0a052 has been successfully formatted.
2024-09-10 06:19:53,863 WARN  statemachine.StateMachine (ArithmeticStateMachine.java:loadSnapshot(115)) - The snapshot info is null.
2024-09-10 06:19:53,864 INFO  server.RaftServerConfigKeys (ConfUtils.java:logGet(46)) - raft.server.log.use.memory = false (default)
2024-09-10 06:19:53,864 INFO  server.RaftServerConfigKeys (ConfUtils.java:logGet(46)) - raft.server.log.purge.gap = 1024 (default)
2024-09-10 06:19:53,864 INFO  server.RaftServerConfigKeys (ConfUtils.java:logGet(46)) - raft.server.log.appender.buffer.byte-limit = 4MB (=4194304) (default)
2024-09-10 06:19:53,864 INFO  server.RaftServerConfigKeys (ConfUtils.java:logGet(46)) - raft.server.log.statemachine.data.read.timeout = 1000ms (default)
2024-09-10 06:19:53,864 INFO  server.RaftServerConfigKeys (ConfUtils.java:logGet(46)) - raft.server.log.purge.preservation.log.num = 0 (default)
2024-09-10 06:19:53,864 INFO  server.RaftServerConfigKeys (ConfUtils.java:logGet(46)) - raft.server.log.segment.size.max = 32MB (=33554432) (default)
2024-09-10 06:19:53,865 INFO  server.RaftServerConfigKeys (ConfUtils.java:logGet(46)) - raft.server.log.segment.cache.num.max = 6 (default)
2024-09-10 06:19:53,865 INFO  server.RaftServerConfigKeys (ConfUtils.java:logGet(46)) - raft.server.log.segment.cache.size.max = 200MB (=209715200) (default)
2024-09-10 06:19:53,865 INFO  server.RaftServerConfigKeys (ConfUtils.java:logGet(46)) - raft.server.log.appender.buffer.byte-limit = 4MB (=4194304) (default)
2024-09-10 06:19:53,865 INFO  util.AwaitToRun (AwaitToRun.java:start(81)) - Thread[s4@group-7DC22DB0A052-cacheEviction-AwaitToRun,5,main] started
2024-09-10 06:19:53,865 INFO  segmented.SegmentedRaftLogWorker (SegmentedRaftLogWorker.java:<init>(187)) - new s4@group-7DC22DB0A052-SegmentedRaftLogWorker for RaftStorageImpl:Storage Directory /home/runner/work/ratis/ratis/ratis-examples/target/test/data/f624d035/MiniRaftClusterWithGrpc4aa2bfeb/s4/0ec42209-eaab-4456-bc68-7dc22db0a052
2024-09-10 06:19:53,865 INFO  server.RaftServerConfigKeys (ConfUtils.java:logGet(46)) - raft.server.log.queue.byte-limit = 64MB (=67108864) (default)
2024-09-10 06:19:53,865 INFO  server.RaftServerConfigKeys (ConfUtils.java:logGet(46)) - raft.server.log.queue.element-limit = 4096 (default)
2024-09-10 06:19:53,865 INFO  server.RaftServerConfigKeys (ConfUtils.java:logGet(46)) - raft.server.log.segment.size.max = 32MB (=33554432) (default)
2024-09-10 06:19:53,866 INFO  server.RaftServerConfigKeys (ConfUtils.java:logGet(46)) - raft.server.log.preallocated.size = 4MB (=4194304) (default)
2024-09-10 06:19:53,866 INFO  server.RaftServerConfigKeys (ConfUtils.java:logGet(46)) - raft.server.log.force.sync.num = 128 (default)
2024-09-10 06:19:53,866 INFO  server.RaftServerConfigKeys (ConfUtils.java:logGet(46)) - raft.server.log.statemachine.data.sync = true (default)
2024-09-10 06:19:53,866 INFO  server.RaftServerConfigKeys (ConfUtils.java:logGet(46)) - raft.server.log.statemachine.data.sync.timeout = 10s (default)
2024-09-10 06:19:53,866 INFO  server.RaftServerConfigKeys (ConfUtils.java:logGet(46)) - raft.server.log.statemachine.data.sync.timeout.retry = -1 (default)
2024-09-10 06:19:53,866 INFO  server.RaftServerConfigKeys (ConfUtils.java:logGet(46)) - raft.server.log.write.buffer.size = 8MB (=8388608) (default)
2024-09-10 06:19:53,867 INFO  server.RaftServerConfigKeys (ConfUtils.java:logGet(46)) - raft.server.log.appender.buffer.byte-limit = 4MB (=4194304) (default)
2024-09-10 06:19:53,867 INFO  server.RaftServerConfigKeys (ConfUtils.java:logGet(46)) - raft.server.log.unsafe-flush.enabled = false (default)
2024-09-10 06:19:53,867 INFO  server.RaftServerConfigKeys (ConfUtils.java:logGet(46)) - raft.server.log.async-flush.enabled = false (default)
2024-09-10 06:19:53,867 INFO  server.RaftServerConfigKeys (ConfUtils.java:logGet(46)) - raft.server.log.statemachine.data.caching.enabled = false (default)
2024-09-10 06:19:53,867 INFO  segmented.SegmentedRaftLogWorker (SegmentedRaftLogWorker.java:lambda$new$0(138)) - s4@group-7DC22DB0A052-SegmentedRaftLogWorker: flushIndex: setUnconditionally 0 -> -1
2024-09-10 06:19:53,867 INFO  segmented.SegmentedRaftLogWorker (SegmentedRaftLogWorker.java:lambda$new$0(138)) - s4@group-7DC22DB0A052-SegmentedRaftLogWorker: safeCacheEvictIndex: setUnconditionally 0 -> -1
2024-09-10 06:19:53,868 INFO  server.RaftServer$Division (RaftServerImpl.java:start(391)) - s4@group-7DC22DB0A052: start as a follower, conf=conf: {index: -1, cur=peers:[s4|0.0.0.0:15004, s5|0.0.0.0:15005, s6|0.0.0.0:15006]|listeners:[], old=null}
2024-09-10 06:19:53,868 INFO  server.RaftServer$Division (RaftServerImpl.java:setRole(378)) - s4@group-7DC22DB0A052: changes role from      null to FOLLOWER at term 0 for startAsFollower
2024-09-10 06:19:53,868 INFO  impl.RoleInfo (RoleInfo.java:updateAndGet(148)) - s4: start s4@group-7DC22DB0A052-FollowerState
2024-09-10 06:19:53,868 INFO  server.RaftServerConfigKeys (ConfUtils.java:logFallback(53)) - raft.server.rpc.first-election.timeout.min = 300ms (fallback to raft.server.rpc.timeout.min)
2024-09-10 06:19:53,868 INFO  server.RaftServerConfigKeys (ConfUtils.java:logFallback(53)) - raft.server.rpc.first-election.timeout.max = 600ms (fallback to raft.server.rpc.timeout.max)
2024-09-10 06:19:53,868 INFO  util.JmxRegister (JmxRegister.java:tryRegister(44)) - Successfully registered JMX Bean with object name Ratis:service=RaftServer,group=group-7DC22DB0A052,id=s4
2024-09-10 06:19:53,868 INFO  util.JmxRegister (JmxRegister.java:register(58)) - register mxBean class org.apache.ratis.server.impl.RaftServerJmxAdapter as Ratis:service=RaftServer,group=group-7DC22DB0A052,id=s4
2024-09-10 06:19:53,868 INFO  server.RaftServerConfigKeys (ConfUtils.java:logGet(46)) - raft.server.snapshot.trigger-when-stop.enabled = true (default)
2024-09-10 06:19:53,868 INFO  server.RaftServerConfigKeys (ConfUtils.java:logGet(46)) - raft.server.snapshot.trigger-when-remove.enabled = true (default)
2024-09-10 06:19:53,869 INFO  server.RaftServerConfigKeys (ConfUtils.java:logGet(46)) - raft.server.snapshot.auto.trigger.enabled = false (default)
2024-09-10 06:19:53,869 INFO  server.RaftServerConfigKeys (ConfUtils.java:logGet(46)) - raft.server.snapshot.retention.file.num = -1 (default)
2024-09-10 06:19:53,869 INFO  server.RaftServerConfigKeys (ConfUtils.java:logGet(46)) - raft.server.log.purge.upto.snapshot.index = false (default)
2024-09-10 06:19:53,881 INFO  server.RaftServer (RaftServerProxy.java:addNew(101)) - s5: addNew group-7DC22DB0A052:[s4|0.0.0.0:15004, s5|0.0.0.0:15005, s6|0.0.0.0:15006] returns group-7DC22DB0A052:java.util.concurrent.CompletableFuture@5d7f3de2[Not completed]
2024-09-10 06:19:53,881 INFO  server.RaftServer$Division (RaftServerImpl.java:<init>(255)) - s5: new RaftServerImpl for group-7DC22DB0A052:[s4|0.0.0.0:15004, s5|0.0.0.0:15005, s6|0.0.0.0:15006] with ArithmeticStateMachine:uninitialized
2024-09-10 06:19:53,881 INFO  server.RaftServerConfigKeys (ConfUtils.java:logGet(46)) - raft.server.rpc.timeout.min = 300ms (custom)
2024-09-10 06:19:53,881 INFO  server.RaftServerConfigKeys (ConfUtils.java:logGet(46)) - raft.server.rpc.timeout.max = 600ms (custom)
2024-09-10 06:19:53,881 INFO  server.RaftServerConfigKeys (ConfUtils.java:logGet(46)) - raft.server.rpc.sleep.time = 25ms (default)
2024-09-10 06:19:53,881 INFO  server.RaftServerConfigKeys (ConfUtils.java:logGet(46)) - raft.server.rpc.slowness.timeout = 60s (default)
2024-09-10 06:19:53,881 INFO  server.RaftServerConfigKeys (ConfUtils.java:logGet(46)) - raft.server.leaderelection.leader.step-down.wait-time = 10s (default)
2024-09-10 06:19:53,881 INFO  server.RaftServerConfigKeys (ConfUtils.java:logGet(46)) - raft.server.leaderelection.member.majority-add = false (default)
2024-09-10 06:19:53,881 INFO  server.RaftServerConfigKeys (ConfUtils.java:logGet(46)) - raft.server.sleep.deviation.threshold = 300ms (default)
2024-09-10 06:19:53,881 INFO  server.RaftServer$Division (ServerState.java:<init>(114)) - s5@group-7DC22DB0A052: ConfigurationManager, init=conf: {index: -1, cur=peers:[s4|0.0.0.0:15004, s5|0.0.0.0:15005, s6|0.0.0.0:15006]|listeners:[], old=null}, confs=<EMPTY_MAP>
2024-09-10 06:19:53,881 INFO  server.RaftServerConfigKeys (ConfUtils.java:logGet(46)) - raft.server.notification.no-leader.timeout = 60s (default)
2024-09-10 06:19:53,881 INFO  server.RaftServerConfigKeys (ConfUtils.java:logGet(46)) - raft.server.read.timeout = 10s (default)
2024-09-10 06:19:53,881 INFO  server.RaftServerConfigKeys (ConfUtils.java:logGet(46)) - raft.server.retrycache.expirytime = 60s (default)
2024-09-10 06:19:53,881 INFO  server.RaftServerConfigKeys (ConfUtils.java:logGet(46)) - raft.server.retrycache.statistics.expirytime = 100ms (default)
2024-09-10 06:19:53,882 INFO  server.RaftServerConfigKeys (ConfUtils.java:logGet(46)) - raft.server.read.option = DEFAULT (default)
2024-09-10 06:19:53,882 INFO  server.RaftServerConfigKeys (ConfUtils.java:logGet(46)) - raft.server.read.read-after-write-consistent.write-index-cache.expiry-time = 60s (default)
2024-09-10 06:19:53,882 INFO  server.RaftServerConfigKeys (ConfUtils.java:logGet(46)) - raft.server.rpc.request.timeout = 3000ms (default)
2024-09-10 06:19:53,882 INFO  server.RaftServerConfigKeys (ConfUtils.java:logGet(46)) - raft.server.log.appender.install.snapshot.enabled = true (default)
2024-09-10 06:19:53,882 INFO  server.RaftServerConfigKeys (ConfUtils.java:logGet(46)) - raft.server.threadpool.server.cached = true (default)
2024-09-10 06:19:53,882 INFO  server.RaftServerConfigKeys (ConfUtils.java:logGet(46)) - raft.server.threadpool.server.size = 0 (default)
2024-09-10 06:19:53,882 INFO  server.RaftServerConfigKeys (ConfUtils.java:logGet(46)) - raft.server.threadpool.client.cached = true (default)
2024-09-10 06:19:53,882 INFO  server.RaftServerConfigKeys (ConfUtils.java:logGet(46)) - raft.server.threadpool.client.size = 0 (default)
2024-09-10 06:19:53,882 INFO  server.RaftServerConfigKeys (ConfUtils.java:logGet(46)) - raft.server.storage.free-space.min = 0MB (=0) (default)
2024-09-10 06:19:53,882 INFO  server.RaftServerConfigKeys (ConfUtils.java:logGet(46)) - raft.server.log.corruption.policy = EXCEPTION (default)
2024-09-10 06:19:53,882 INFO  server.RaftServerConfigKeys (ConfUtils.java:logGet(46)) - raft.server.storage.dir = [/home/runner/work/ratis/ratis/ratis-examples/target/test/data/f624d035/MiniRaftClusterWithGrpc4aa2bfeb/s5] (custom)
2024-09-10 06:19:53,883 INFO  storage.RaftStorageDirectory (RaftStorageDirectoryImpl.java:analyzeStorage(138)) - The storage directory /home/runner/work/ratis/ratis/ratis-examples/target/test/data/f624d035/MiniRaftClusterWithGrpc4aa2bfeb/s5/0ec42209-eaab-4456-bc68-7dc22db0a052 does not exist. Creating ...
2024-09-10 06:19:53,883 TRACE util.FileUtils (LogUtils.java:runAndLog(49)) - Successfully ran Files.createDirectories /home/runner/work/ratis/ratis/ratis-examples/target/test/data/f624d035/MiniRaftClusterWithGrpc4aa2bfeb/s5/0ec42209-eaab-4456-bc68-7dc22db0a052
2024-09-10 06:19:53,884 INFO  storage.RaftStorageDirectory (RaftStorageDirectoryImpl.java:tryLock(229)) - Lock on /home/runner/work/ratis/ratis/ratis-examples/target/test/data/f624d035/MiniRaftClusterWithGrpc4aa2bfeb/s5/0ec42209-eaab-4456-bc68-7dc22db0a052/in_use.lock acquired by nodename 13550@fv-az691-408
2024-09-10 06:19:53,884 TRACE util.FileUtils (LogUtils.java:runAndLog(49)) - Successfully ran Files.createDirectories /home/runner/work/ratis/ratis/ratis-examples/target/test/data/f624d035/MiniRaftClusterWithGrpc4aa2bfeb/s5/0ec42209-eaab-4456-bc68-7dc22db0a052/current
2024-09-10 06:19:53,884 TRACE util.FileUtils (LogUtils.java:runAndLog(49)) - Successfully ran Files.createDirectories /home/runner/work/ratis/ratis/ratis-examples/target/test/data/f624d035/MiniRaftClusterWithGrpc4aa2bfeb/s5/0ec42209-eaab-4456-bc68-7dc22db0a052/sm
2024-09-10 06:19:53,884 TRACE util.FileUtils (LogUtils.java:supplyAndLog(69)) - Successfully supplied FileChannel.open /home/runner/work/ratis/ratis/ratis-examples/target/test/data/f624d035/MiniRaftClusterWithGrpc4aa2bfeb/s5/0ec42209-eaab-4456-bc68-7dc22db0a052/current/raft-meta.tmp with options [CREATE, WRITE]: sun.nio.ch.FileChannelImpl@412b615c
2024-09-10 06:19:53,885 TRACE util.FileUtils (LogUtils.java:runAndLog(49)) - Successfully ran Atomic Files.move /home/runner/work/ratis/ratis/ratis-examples/target/test/data/f624d035/MiniRaftClusterWithGrpc4aa2bfeb/s5/0ec42209-eaab-4456-bc68-7dc22db0a052/current/raft-meta.tmp to /home/runner/work/ratis/ratis/ratis-examples/target/test/data/f624d035/MiniRaftClusterWithGrpc4aa2bfeb/s5/0ec42209-eaab-4456-bc68-7dc22db0a052/current/raft-meta with options [REPLACE_EXISTING]
2024-09-10 06:19:53,885 INFO  storage.RaftStorage (RaftStorageImpl.java:format(98)) - Storage directory /home/runner/work/ratis/ratis/ratis-examples/target/test/data/f624d035/MiniRaftClusterWithGrpc4aa2bfeb/s5/0ec42209-eaab-4456-bc68-7dc22db0a052 has been successfully formatted.
2024-09-10 06:19:53,885 WARN  statemachine.StateMachine (ArithmeticStateMachine.java:loadSnapshot(115)) - The snapshot info is null.
2024-09-10 06:19:53,885 INFO  server.RaftServerConfigKeys (ConfUtils.java:logGet(46)) - raft.server.log.use.memory = false (default)
2024-09-10 06:19:53,885 INFO  server.RaftServerConfigKeys (ConfUtils.java:logGet(46)) - raft.server.log.purge.gap = 1024 (default)
2024-09-10 06:19:53,885 INFO  server.RaftServerConfigKeys (ConfUtils.java:logGet(46)) - raft.server.log.appender.buffer.byte-limit = 4MB (=4194304) (default)
2024-09-10 06:19:53,886 INFO  server.RaftServerConfigKeys (ConfUtils.java:logGet(46)) - raft.server.log.statemachine.data.read.timeout = 1000ms (default)
2024-09-10 06:19:53,886 INFO  server.RaftServerConfigKeys (ConfUtils.java:logGet(46)) - raft.server.log.purge.preservation.log.num = 0 (default)
2024-09-10 06:19:53,886 INFO  server.RaftServerConfigKeys (ConfUtils.java:logGet(46)) - raft.server.log.segment.size.max = 32MB (=33554432) (default)
2024-09-10 06:19:53,886 INFO  server.RaftServerConfigKeys (ConfUtils.java:logGet(46)) - raft.server.log.segment.cache.num.max = 6 (default)
2024-09-10 06:19:53,886 INFO  server.RaftServerConfigKeys (ConfUtils.java:logGet(46)) - raft.server.log.segment.cache.size.max = 200MB (=209715200) (default)
2024-09-10 06:19:53,886 INFO  server.RaftServerConfigKeys (ConfUtils.java:logGet(46)) - raft.server.log.appender.buffer.byte-limit = 4MB (=4194304) (default)
2024-09-10 06:19:53,886 INFO  util.AwaitToRun (AwaitToRun.java:start(81)) - Thread[s5@group-7DC22DB0A052-cacheEviction-AwaitToRun,5,main] started
2024-09-10 06:19:53,886 INFO  segmented.SegmentedRaftLogWorker (SegmentedRaftLogWorker.java:<init>(187)) - new s5@group-7DC22DB0A052-SegmentedRaftLogWorker for RaftStorageImpl:Storage Directory /home/runner/work/ratis/ratis/ratis-examples/target/test/data/f624d035/MiniRaftClusterWithGrpc4aa2bfeb/s5/0ec42209-eaab-4456-bc68-7dc22db0a052
2024-09-10 06:19:53,886 INFO  server.RaftServerConfigKeys (ConfUtils.java:logGet(46)) - raft.server.log.queue.byte-limit = 64MB (=67108864) (default)
2024-09-10 06:19:53,886 INFO  server.RaftServerConfigKeys (ConfUtils.java:logGet(46)) - raft.server.log.queue.element-limit = 4096 (default)
2024-09-10 06:19:53,886 INFO  server.RaftServerConfigKeys (ConfUtils.java:logGet(46)) - raft.server.log.segment.size.max = 32MB (=33554432) (default)
2024-09-10 06:19:53,887 INFO  server.RaftServerConfigKeys (ConfUtils.java:logGet(46)) - raft.server.log.preallocated.size = 4MB (=4194304) (default)
2024-09-10 06:19:53,887 INFO  server.RaftServerConfigKeys (ConfUtils.java:logGet(46)) - raft.server.log.force.sync.num = 128 (default)
2024-09-10 06:19:53,887 INFO  server.RaftServerConfigKeys (ConfUtils.java:logGet(46)) - raft.server.log.statemachine.data.sync = true (default)
2024-09-10 06:19:53,887 INFO  server.RaftServerConfigKeys (ConfUtils.java:logGet(46)) - raft.server.log.statemachine.data.sync.timeout = 10s (default)
2024-09-10 06:19:53,887 INFO  server.RaftServerConfigKeys (ConfUtils.java:logGet(46)) - raft.server.log.statemachine.data.sync.timeout.retry = -1 (default)
2024-09-10 06:19:53,887 INFO  server.RaftServerConfigKeys (ConfUtils.java:logGet(46)) - raft.server.log.write.buffer.size = 8MB (=8388608) (default)
2024-09-10 06:19:53,888 INFO  server.RaftServerConfigKeys (ConfUtils.java:logGet(46)) - raft.server.log.appender.buffer.byte-limit = 4MB (=4194304) (default)
2024-09-10 06:19:53,888 INFO  server.RaftServerConfigKeys (ConfUtils.java:logGet(46)) - raft.server.log.unsafe-flush.enabled = false (default)
2024-09-10 06:19:53,888 INFO  server.RaftServerConfigKeys (ConfUtils.java:logGet(46)) - raft.server.log.async-flush.enabled = false (default)
2024-09-10 06:19:53,889 INFO  server.RaftServerConfigKeys (ConfUtils.java:logGet(46)) - raft.server.log.statemachine.data.caching.enabled = false (default)
2024-09-10 06:19:53,889 INFO  segmented.SegmentedRaftLogWorker (SegmentedRaftLogWorker.java:lambda$new$0(138)) - s5@group-7DC22DB0A052-SegmentedRaftLogWorker: flushIndex: setUnconditionally 0 -> -1
2024-09-10 06:19:53,889 INFO  segmented.SegmentedRaftLogWorker (SegmentedRaftLogWorker.java:lambda$new$0(138)) - s5@group-7DC22DB0A052-SegmentedRaftLogWorker: safeCacheEvictIndex: setUnconditionally 0 -> -1
2024-09-10 06:19:53,889 INFO  server.RaftServer$Division (RaftServerImpl.java:start(391)) - s5@group-7DC22DB0A052: start as a follower, conf=conf: {index: -1, cur=peers:[s4|0.0.0.0:15004, s5|0.0.0.0:15005, s6|0.0.0.0:15006]|listeners:[], old=null}
2024-09-10 06:19:53,889 INFO  server.RaftServer$Division (RaftServerImpl.java:setRole(378)) - s5@group-7DC22DB0A052: changes role from      null to FOLLOWER at term 0 for startAsFollower
2024-09-10 06:19:53,889 INFO  impl.RoleInfo (RoleInfo.java:updateAndGet(148)) - s5: start s5@group-7DC22DB0A052-FollowerState
2024-09-10 06:19:53,889 INFO  server.RaftServerConfigKeys (ConfUtils.java:logFallback(53)) - raft.server.rpc.first-election.timeout.min = 300ms (fallback to raft.server.rpc.timeout.min)
2024-09-10 06:19:53,889 INFO  util.JmxRegister (JmxRegister.java:tryRegister(44)) - Successfully registered JMX Bean with object name Ratis:service=RaftServer,group=group-7DC22DB0A052,id=s5
2024-09-10 06:19:53,889 INFO  util.JmxRegister (JmxRegister.java:register(58)) - register mxBean class org.apache.ratis.server.impl.RaftServerJmxAdapter as Ratis:service=RaftServer,group=group-7DC22DB0A052,id=s5
2024-09-10 06:19:53,889 INFO  server.RaftServerConfigKeys (ConfUtils.java:logGet(46)) - raft.server.snapshot.trigger-when-stop.enabled = true (default)
2024-09-10 06:19:53,890 INFO  server.RaftServerConfigKeys (ConfUtils.java:logGet(46)) - raft.server.snapshot.trigger-when-remove.enabled = true (default)
2024-09-10 06:19:53,890 INFO  server.RaftServerConfigKeys (ConfUtils.java:logGet(46)) - raft.server.snapshot.auto.trigger.enabled = false (default)
2024-09-10 06:19:53,890 INFO  server.RaftServerConfigKeys (ConfUtils.java:logGet(46)) - raft.server.snapshot.retention.file.num = -1 (default)
2024-09-10 06:19:53,890 INFO  server.RaftServerConfigKeys (ConfUtils.java:logGet(46)) - raft.server.log.purge.upto.snapshot.index = false (default)
2024-09-10 06:19:53,889 INFO  server.RaftServerConfigKeys (ConfUtils.java:logFallback(53)) - raft.server.rpc.first-election.timeout.max = 600ms (fallback to raft.server.rpc.timeout.max)
2024-09-10 06:19:53,898 INFO  server.RaftServer (RaftServerProxy.java:addNew(101)) - s6: addNew group-7DC22DB0A052:[s4|0.0.0.0:15004, s5|0.0.0.0:15005, s6|0.0.0.0:15006] returns group-7DC22DB0A052:java.util.concurrent.CompletableFuture@6ec43b30[Not completed]
2024-09-10 06:19:53,898 INFO  server.RaftServer$Division (RaftServerImpl.java:<init>(255)) - s6: new RaftServerImpl for group-7DC22DB0A052:[s4|0.0.0.0:15004, s5|0.0.0.0:15005, s6|0.0.0.0:15006] with ArithmeticStateMachine:uninitialized
2024-09-10 06:19:53,899 INFO  server.RaftServerConfigKeys (ConfUtils.java:logGet(46)) - raft.server.rpc.timeout.min = 300ms (custom)
2024-09-10 06:19:53,899 INFO  server.RaftServerConfigKeys (ConfUtils.java:logGet(46)) - raft.server.rpc.timeout.max = 600ms (custom)
2024-09-10 06:19:53,899 INFO  server.RaftServerConfigKeys (ConfUtils.java:logGet(46)) - raft.server.rpc.sleep.time = 25ms (default)
2024-09-10 06:19:53,899 INFO  server.RaftServerConfigKeys (ConfUtils.java:logGet(46)) - raft.server.rpc.slowness.timeout = 60s (default)
2024-09-10 06:19:53,899 INFO  server.RaftServerConfigKeys (ConfUtils.java:logGet(46)) - raft.server.leaderelection.leader.step-down.wait-time = 10s (default)
2024-09-10 06:19:53,899 INFO  server.RaftServerConfigKeys (ConfUtils.java:logGet(46)) - raft.server.leaderelection.member.majority-add = false (default)
2024-09-10 06:19:53,899 INFO  server.RaftServerConfigKeys (ConfUtils.java:logGet(46)) - raft.server.sleep.deviation.threshold = 300ms (default)
2024-09-10 06:19:53,899 INFO  server.RaftServer$Division (ServerState.java:<init>(114)) - s6@group-7DC22DB0A052: ConfigurationManager, init=conf: {index: -1, cur=peers:[s4|0.0.0.0:15004, s5|0.0.0.0:15005, s6|0.0.0.0:15006]|listeners:[], old=null}, confs=<EMPTY_MAP>
2024-09-10 06:19:53,899 INFO  server.RaftServerConfigKeys (ConfUtils.java:logGet(46)) - raft.server.notification.no-leader.timeout = 60s (default)
2024-09-10 06:19:53,899 INFO  server.RaftServerConfigKeys (ConfUtils.java:logGet(46)) - raft.server.read.timeout = 10s (default)
2024-09-10 06:19:53,899 INFO  server.RaftServerConfigKeys (ConfUtils.java:logGet(46)) - raft.server.retrycache.expirytime = 60s (default)
2024-09-10 06:19:53,899 INFO  server.RaftServerConfigKeys (ConfUtils.java:logGet(46)) - raft.server.retrycache.statistics.expirytime = 100ms (default)
2024-09-10 06:19:53,899 INFO  server.RaftServerConfigKeys (ConfUtils.java:logGet(46)) - raft.server.read.option = DEFAULT (default)
2024-09-10 06:19:53,899 INFO  server.RaftServerConfigKeys (ConfUtils.java:logGet(46)) - raft.server.read.read-after-write-consistent.write-index-cache.expiry-time = 60s (default)
2024-09-10 06:19:53,900 INFO  server.RaftServerConfigKeys (ConfUtils.java:logGet(46)) - raft.server.rpc.request.timeout = 3000ms (default)
2024-09-10 06:19:53,900 INFO  server.RaftServerConfigKeys (ConfUtils.java:logGet(46)) - raft.server.log.appender.install.snapshot.enabled = true (default)
2024-09-10 06:19:53,900 INFO  server.RaftServerConfigKeys (ConfUtils.java:logGet(46)) - raft.server.threadpool.server.cached = true (default)
2024-09-10 06:19:53,900 INFO  server.RaftServerConfigKeys (ConfUtils.java:logGet(46)) - raft.server.threadpool.server.size = 0 (default)
2024-09-10 06:19:53,900 INFO  server.RaftServerConfigKeys (ConfUtils.java:logGet(46)) - raft.server.threadpool.client.cached = true (default)
2024-09-10 06:19:53,900 INFO  server.RaftServerConfigKeys (ConfUtils.java:logGet(46)) - raft.server.threadpool.client.size = 0 (default)
2024-09-10 06:19:53,900 INFO  server.RaftServerConfigKeys (ConfUtils.java:logGet(46)) - raft.server.storage.free-space.min = 0MB (=0) (default)
2024-09-10 06:19:53,900 INFO  server.RaftServerConfigKeys (ConfUtils.java:logGet(46)) - raft.server.log.corruption.policy = EXCEPTION (default)
2024-09-10 06:19:53,900 INFO  server.RaftServerConfigKeys (ConfUtils.java:logGet(46)) - raft.server.storage.dir = [/home/runner/work/ratis/ratis/ratis-examples/target/test/data/f624d035/MiniRaftClusterWithGrpc4aa2bfeb/s6] (custom)
2024-09-10 06:19:53,901 INFO  storage.RaftStorageDirectory (RaftStorageDirectoryImpl.java:analyzeStorage(138)) - The storage directory /home/runner/work/ratis/ratis/ratis-examples/target/test/data/f624d035/MiniRaftClusterWithGrpc4aa2bfeb/s6/0ec42209-eaab-4456-bc68-7dc22db0a052 does not exist. Creating ...
2024-09-10 06:19:53,901 TRACE util.FileUtils (LogUtils.java:runAndLog(49)) - Successfully ran Files.createDirectories /home/runner/work/ratis/ratis/ratis-examples/target/test/data/f624d035/MiniRaftClusterWithGrpc4aa2bfeb/s6/0ec42209-eaab-4456-bc68-7dc22db0a052
2024-09-10 06:19:53,902 INFO  storage.RaftStorageDirectory (RaftStorageDirectoryImpl.java:tryLock(229)) - Lock on /home/runner/work/ratis/ratis/ratis-examples/target/test/data/f624d035/MiniRaftClusterWithGrpc4aa2bfeb/s6/0ec42209-eaab-4456-bc68-7dc22db0a052/in_use.lock acquired by nodename 13550@fv-az691-408
2024-09-10 06:19:53,902 TRACE util.FileUtils (LogUtils.java:runAndLog(49)) - Successfully ran Files.createDirectories /home/runner/work/ratis/ratis/ratis-examples/target/test/data/f624d035/MiniRaftClusterWithGrpc4aa2bfeb/s6/0ec42209-eaab-4456-bc68-7dc22db0a052/current
2024-09-10 06:19:53,902 TRACE util.FileUtils (LogUtils.java:runAndLog(49)) - Successfully ran Files.createDirectories /home/runner/work/ratis/ratis/ratis-examples/target/test/data/f624d035/MiniRaftClusterWithGrpc4aa2bfeb/s6/0ec42209-eaab-4456-bc68-7dc22db0a052/sm
2024-09-10 06:19:53,902 TRACE util.FileUtils (LogUtils.java:supplyAndLog(69)) - Successfully supplied FileChannel.open /home/runner/work/ratis/ratis/ratis-examples/target/test/data/f624d035/MiniRaftClusterWithGrpc4aa2bfeb/s6/0ec42209-eaab-4456-bc68-7dc22db0a052/current/raft-meta.tmp with options [CREATE, WRITE]: sun.nio.ch.FileChannelImpl@7bfdf75b
2024-09-10 06:19:53,903 TRACE util.FileUtils (LogUtils.java:runAndLog(49)) - Successfully ran Atomic Files.move /home/runner/work/ratis/ratis/ratis-examples/target/test/data/f624d035/MiniRaftClusterWithGrpc4aa2bfeb/s6/0ec42209-eaab-4456-bc68-7dc22db0a052/current/raft-meta.tmp to /home/runner/work/ratis/ratis/ratis-examples/target/test/data/f624d035/MiniRaftClusterWithGrpc4aa2bfeb/s6/0ec42209-eaab-4456-bc68-7dc22db0a052/current/raft-meta with options [REPLACE_EXISTING]
2024-09-10 06:19:53,903 INFO  storage.RaftStorage (RaftStorageImpl.java:format(98)) - Storage directory /home/runner/work/ratis/ratis/ratis-examples/target/test/data/f624d035/MiniRaftClusterWithGrpc4aa2bfeb/s6/0ec42209-eaab-4456-bc68-7dc22db0a052 has been successfully formatted.
2024-09-10 06:19:53,903 WARN  statemachine.StateMachine (ArithmeticStateMachine.java:loadSnapshot(115)) - The snapshot info is null.
2024-09-10 06:19:53,903 INFO  server.RaftServerConfigKeys (ConfUtils.java:logGet(46)) - raft.server.log.use.memory = false (default)
2024-09-10 06:19:53,903 INFO  server.RaftServerConfigKeys (ConfUtils.java:logGet(46)) - raft.server.log.purge.gap = 1024 (default)
2024-09-10 06:19:53,903 INFO  server.RaftServerConfigKeys (ConfUtils.java:logGet(46)) - raft.server.log.appender.buffer.byte-limit = 4MB (=4194304) (default)
2024-09-10 06:19:53,903 INFO  server.RaftServerConfigKeys (ConfUtils.java:logGet(46)) - raft.server.log.statemachine.data.read.timeout = 1000ms (default)
2024-09-10 06:19:53,903 INFO  server.RaftServerConfigKeys (ConfUtils.java:logGet(46)) - raft.server.log.purge.preservation.log.num = 0 (default)
2024-09-10 06:19:53,904 INFO  server.RaftServerConfigKeys (ConfUtils.java:logGet(46)) - raft.server.log.segment.size.max = 32MB (=33554432) (default)
2024-09-10 06:19:53,904 INFO  server.RaftServerConfigKeys (ConfUtils.java:logGet(46)) - raft.server.log.segment.cache.num.max = 6 (default)
2024-09-10 06:19:53,904 INFO  server.RaftServerConfigKeys (ConfUtils.java:logGet(46)) - raft.server.log.segment.cache.size.max = 200MB (=209715200) (default)
2024-09-10 06:19:53,904 INFO  server.RaftServerConfigKeys (ConfUtils.java:logGet(46)) - raft.server.log.appender.buffer.byte-limit = 4MB (=4194304) (default)
2024-09-10 06:19:53,904 INFO  util.AwaitToRun (AwaitToRun.java:start(81)) - Thread[s6@group-7DC22DB0A052-cacheEviction-AwaitToRun,5,main] started
2024-09-10 06:19:53,904 INFO  segmented.SegmentedRaftLogWorker (SegmentedRaftLogWorker.java:<init>(187)) - new s6@group-7DC22DB0A052-SegmentedRaftLogWorker for RaftStorageImpl:Storage Directory /home/runner/work/ratis/ratis/ratis-examples/target/test/data/f624d035/MiniRaftClusterWithGrpc4aa2bfeb/s6/0ec42209-eaab-4456-bc68-7dc22db0a052
2024-09-10 06:19:53,904 INFO  server.RaftServerConfigKeys (ConfUtils.java:logGet(46)) - raft.server.log.queue.byte-limit = 64MB (=67108864) (default)
2024-09-10 06:19:53,904 INFO  server.RaftServerConfigKeys (ConfUtils.java:logGet(46)) - raft.server.log.queue.element-limit = 4096 (default)
2024-09-10 06:19:53,904 INFO  server.RaftServerConfigKeys (ConfUtils.java:logGet(46)) - raft.server.log.segment.size.max = 32MB (=33554432) (default)
2024-09-10 06:19:53,904 INFO  server.RaftServerConfigKeys (ConfUtils.java:logGet(46)) - raft.server.log.preallocated.size = 4MB (=4194304) (default)
2024-09-10 06:19:53,904 INFO  server.RaftServerConfigKeys (ConfUtils.java:logGet(46)) - raft.server.log.force.sync.num = 128 (default)
2024-09-10 06:19:53,904 INFO  server.RaftServerConfigKeys (ConfUtils.java:logGet(46)) - raft.server.log.statemachine.data.sync = true (default)
2024-09-10 06:19:53,904 INFO  server.RaftServerConfigKeys (ConfUtils.java:logGet(46)) - raft.server.log.statemachine.data.sync.timeout = 10s (default)
2024-09-10 06:19:53,905 INFO  server.RaftServerConfigKeys (ConfUtils.java:logGet(46)) - raft.server.log.statemachine.data.sync.timeout.retry = -1 (default)
2024-09-10 06:19:53,905 INFO  server.RaftServerConfigKeys (ConfUtils.java:logGet(46)) - raft.server.log.write.buffer.size = 8MB (=8388608) (default)
2024-09-10 06:19:53,906 INFO  server.RaftServerConfigKeys (ConfUtils.java:logGet(46)) - raft.server.log.appender.buffer.byte-limit = 4MB (=4194304) (default)
2024-09-10 06:19:53,906 INFO  server.RaftServerConfigKeys (ConfUtils.java:logGet(46)) - raft.server.log.unsafe-flush.enabled = false (default)
2024-09-10 06:19:53,906 INFO  server.RaftServerConfigKeys (ConfUtils.java:logGet(46)) - raft.server.log.async-flush.enabled = false (default)
2024-09-10 06:19:53,906 INFO  server.RaftServerConfigKeys (ConfUtils.java:logGet(46)) - raft.server.log.statemachine.data.caching.enabled = false (default)
2024-09-10 06:19:53,906 INFO  segmented.SegmentedRaftLogWorker (SegmentedRaftLogWorker.java:lambda$new$0(138)) - s6@group-7DC22DB0A052-SegmentedRaftLogWorker: flushIndex: setUnconditionally 0 -> -1
2024-09-10 06:19:53,906 INFO  segmented.SegmentedRaftLogWorker (SegmentedRaftLogWorker.java:lambda$new$0(138)) - s6@group-7DC22DB0A052-SegmentedRaftLogWorker: safeCacheEvictIndex: setUnconditionally 0 -> -1
2024-09-10 06:19:53,907 INFO  server.RaftServer$Division (RaftServerImpl.java:start(391)) - s6@group-7DC22DB0A052: start as a follower, conf=conf: {index: -1, cur=peers:[s4|0.0.0.0:15004, s5|0.0.0.0:15005, s6|0.0.0.0:15006]|listeners:[], old=null}
2024-09-10 06:19:53,907 INFO  server.RaftServer$Division (RaftServerImpl.java:setRole(378)) - s6@group-7DC22DB0A052: changes role from      null to FOLLOWER at term 0 for startAsFollower
2024-09-10 06:19:53,907 INFO  impl.RoleInfo (RoleInfo.java:updateAndGet(148)) - s6: start s6@group-7DC22DB0A052-FollowerState
2024-09-10 06:19:53,907 INFO  util.JmxRegister (JmxRegister.java:tryRegister(44)) - Successfully registered JMX Bean with object name Ratis:service=RaftServer,group=group-7DC22DB0A052,id=s6
2024-09-10 06:19:53,907 INFO  util.JmxRegister (JmxRegister.java:register(58)) - register mxBean class org.apache.ratis.server.impl.RaftServerJmxAdapter as Ratis:service=RaftServer,group=group-7DC22DB0A052,id=s6
2024-09-10 06:19:53,907 INFO  server.RaftServerConfigKeys (ConfUtils.java:logFallback(53)) - raft.server.rpc.first-election.timeout.min = 300ms (fallback to raft.server.rpc.timeout.min)
2024-09-10 06:19:53,907 INFO  server.RaftServerConfigKeys (ConfUtils.java:logGet(46)) - raft.server.snapshot.trigger-when-stop.enabled = true (default)
2024-09-10 06:19:53,907 INFO  server.RaftServerConfigKeys (ConfUtils.java:logFallback(53)) - raft.server.rpc.first-election.timeout.max = 600ms (fallback to raft.server.rpc.timeout.max)
2024-09-10 06:19:53,907 INFO  server.RaftServerConfigKeys (ConfUtils.java:logGet(46)) - raft.server.snapshot.trigger-when-remove.enabled = true (default)
2024-09-10 06:19:53,907 INFO  server.RaftServerConfigKeys (ConfUtils.java:logGet(46)) - raft.server.snapshot.auto.trigger.enabled = false (default)
2024-09-10 06:19:53,907 INFO  server.RaftServerConfigKeys (ConfUtils.java:logGet(46)) - raft.server.snapshot.retention.file.num = -1 (default)
2024-09-10 06:19:53,907 INFO  server.RaftServerConfigKeys (ConfUtils.java:logGet(46)) - raft.server.log.purge.upto.snapshot.index = false (default)
2024-09-10 06:19:53,911 INFO  server.RaftServerConfigKeys (ConfUtils.java:logGet(46)) - raft.server.rpc.timeout.max = 600ms (custom)
2024-09-10 06:19:53,911 INFO  ratis.RaftTestUtil (RaftTestUtil.java:waitForLeader(107)) - printing group-7DC22DB0A052
  s4:  RUNNING [
   FOLLOWER s4@group-7DC22DB0A052:t0, leader=null, voted=, raftlog=Memoized:s4@group-7DC22DB0A052-SegmentedRaftLog:OPENED:c-1:lastnull, conf=conf: {index: -1, cur=peers:[s4|0.0.0.0:15004, s5|0.0.0.0:15005, s6|0.0.0.0:15006]|listeners:[], old=null} RUNNING
   FOLLOWER s4@group-DF8C9DCF2580:t0, leader=null, voted=, raftlog=Memoized:s4@group-DF8C9DCF2580-SegmentedRaftLog:OPENED:c-1:lastnull, conf=conf: {index: -1, cur=peers:[]|listeners:[], old=null} STARTING] size=2
  s5:  RUNNING [
   FOLLOWER s5@group-7DC22DB0A052:t0, leader=null, voted=, raftlog=Memoized:s5@group-7DC22DB0A052-SegmentedRaftLog:OPENED:c-1:lastnull, conf=conf: {index: -1, cur=peers:[s4|0.0.0.0:15004, s5|0.0.0.0:15005, s6|0.0.0.0:15006]|listeners:[], old=null} RUNNING
   FOLLOWER s5@group-DF8C9DCF2580:t0, leader=null, voted=, raftlog=Memoized:s5@group-DF8C9DCF2580-SegmentedRaftLog:OPENED:c-1:lastnull, conf=conf: {index: -1, cur=peers:[]|listeners:[], old=null} STARTING] size=2
  s6:  RUNNING [
   FOLLOWER s6@group-7DC22DB0A052:t0, leader=null, voted=, raftlog=Memoized:s6@group-7DC22DB0A052-SegmentedRaftLog:OPENED:c-1:lastnull, conf=conf: {index: -1, cur=peers:[s4|0.0.0.0:15004, s5|0.0.0.0:15005, s6|0.0.0.0:15006]|listeners:[], old=null} RUNNING
   FOLLOWER s6@group-DF8C9DCF2580:t0, leader=null, voted=, raftlog=Memoized:s6@group-DF8C9DCF2580-SegmentedRaftLog:OPENED:c-1:lastnull, conf=conf: {index: -1, cur=peers:[]|listeners:[], old=null} STARTING] size=2
2024-09-10 06:19:53,911 WARN  ratis.RaftTestUtil (RaftTestUtil.java:lambda$waitForLeader$3(126)) - Attempt #1 failed: java.lang.IllegalStateException: No leader yet  for group-7DC22DB0A052: printing group-7DC22DB0A052
  s4:  RUNNING [
   FOLLOWER s4@group-7DC22DB0A052:t0, leader=null, voted=, raftlog=Memoized:s4@group-7DC22DB0A052-SegmentedRaftLog:OPENED:c-1:lastnull, conf=conf: {index: -1, cur=peers:[s4|0.0.0.0:15004, s5|0.0.0.0:15005, s6|0.0.0.0:15006]|listeners:[], old=null} RUNNING
   FOLLOWER s4@group-DF8C9DCF2580:t0, leader=null, voted=, raftlog=Memoized:s4@group-DF8C9DCF2580-SegmentedRaftLog:OPENED:c-1:lastnull, conf=conf: {index: -1, cur=peers:[]|listeners:[], old=null} STARTING] size=2
  s5:  RUNNING [
   FOLLOWER s5@group-7DC22DB0A052:t0, leader=null, voted=, raftlog=Memoized:s5@group-7DC22DB0A052-SegmentedRaftLog:OPENED:c-1:lastnull, conf=conf: {index: -1, cur=peers:[s4|0.0.0.0:15004, s5|0.0.0.0:15005, s6|0.0.0.0:15006]|listeners:[], old=null} RUNNING
   FOLLOWER s5@group-DF8C9DCF2580:t0, leader=null, voted=, raftlog=Memoized:s5@group-DF8C9DCF2580-SegmentedRaftLog:OPENED:c-1:lastnull, conf=conf: {index: -1, cur=peers:[]|listeners:[], old=null} STARTING] size=2
  s6:  RUNNING [
   FOLLOWER s6@group-7DC22DB0A052:t0, leader=null, voted=, raftlog=Memoized:s6@group-7DC22DB0A052-SegmentedRaftLog:OPENED:c-1:lastnull, conf=conf: {index: -1, cur=peers:[s4|0.0.0.0:15004, s5|0.0.0.0:15005, s6|0.0.0.0:15006]|listeners:[], old=null} RUNNING
   FOLLOWER s6@group-DF8C9DCF2580:t0, leader=null, voted=, raftlog=Memoized:s6@group-DF8C9DCF2580-SegmentedRaftLog:OPENED:c-1:lastnull, conf=conf: {index: -1, cur=peers:[]|listeners:[], old=null} STARTING] size=2
2024-09-10 06:19:54,271 INFO  impl.FollowerState (FollowerState.java:run(144)) - s6@group-7DC22DB0A052-FollowerState: change to CANDIDATE, lastRpcElapsedTime:364628134ns, electionTimeout:364ms
2024-09-10 06:19:54,272 INFO  impl.RoleInfo (RoleInfo.java:shutdownFollowerState(119)) - s6: shutdown s6@group-7DC22DB0A052-FollowerState
2024-09-10 06:19:54,272 INFO  server.RaftServer$Division (RaftServerImpl.java:setRole(378)) - s6@group-7DC22DB0A052: changes role from  FOLLOWER to CANDIDATE at term 0 for changeToCandidate
2024-09-10 06:19:54,272 INFO  server.RaftServerConfigKeys (ConfUtils.java:logGet(46)) - raft.server.leaderelection.pre-vote = true (default)
2024-09-10 06:19:54,272 INFO  impl.RoleInfo (RoleInfo.java:updateAndGet(148)) - s6: start s6@group-7DC22DB0A052-LeaderElection17
2024-09-10 06:19:54,273 INFO  impl.LeaderElection (LeaderElection.java:askForVotes(325)) - s6@group-7DC22DB0A052-LeaderElection17 PRE_VOTE round 0: submit vote requests at term 0 for conf: {index: -1, cur=peers:[s4|0.0.0.0:15004, s5|0.0.0.0:15005, s6|0.0.0.0:15006]|listeners:[], old=null}
2024-09-10 06:19:54,273 INFO  server.GrpcServerProtocolClient (GrpcServerProtocolClient.java:<init>(65)) - Build channel for s4|0.0.0.0:15004
2024-09-10 06:19:54,273 INFO  server.RaftServerConfigKeys (ConfUtils.java:logFallback(53)) - raft.server.rpc.first-election.timeout.min = 300ms (fallback to raft.server.rpc.timeout.min)
2024-09-10 06:19:54,273 INFO  server.GrpcServerProtocolClient (GrpcServerProtocolClient.java:<init>(65)) - Build channel for s5|0.0.0.0:15005
2024-09-10 06:19:54,273 INFO  server.RaftServerConfigKeys (ConfUtils.java:logFallback(53)) - raft.server.rpc.first-election.timeout.max = 600ms (fallback to raft.server.rpc.timeout.max)
2024-09-10 06:19:54,278 INFO  server.RaftServer$Division (RaftServerImpl.java:requestVote(1437)) - s4@group-7DC22DB0A052: receive requestVote(PRE_VOTE, s6, group-7DC22DB0A052, 0, (t:0, i:0))
2024-09-10 06:19:54,279 INFO  impl.VoteContext (VoteContext.java:log(49)) - s4@group-7DC22DB0A052-FOLLOWER: accept PRE_VOTE from s6: our priority 0 <= candidate's priority 0
2024-09-10 06:19:54,279 INFO  server.RaftServer$Division (RaftServerImpl.java:requestVote(1470)) - s4@group-7DC22DB0A052 replies to PRE_VOTE vote request: s6<-s4#0:OK-t0. Peer's state: s4@group-7DC22DB0A052:t0, leader=null, voted=, raftlog=Memoized:s4@group-7DC22DB0A052-SegmentedRaftLog:OPENED:c-1:lastnull, conf=conf: {index: -1, cur=peers:[s4|0.0.0.0:15004, s5|0.0.0.0:15005, s6|0.0.0.0:15006]|listeners:[], old=null}
2024-09-10 06:19:54,279 INFO  server.RaftServer$Division (RaftServerImpl.java:requestVote(1437)) - s5@group-7DC22DB0A052: receive requestVote(PRE_VOTE, s6, group-7DC22DB0A052, 0, (t:0, i:0))
2024-09-10 06:19:54,279 INFO  impl.VoteContext (VoteContext.java:log(49)) - s5@group-7DC22DB0A052-FOLLOWER: accept PRE_VOTE from s6: our priority 0 <= candidate's priority 0
2024-09-10 06:19:54,279 INFO  server.RaftServer$Division (RaftServerImpl.java:requestVote(1470)) - s5@group-7DC22DB0A052 replies to PRE_VOTE vote request: s6<-s5#0:OK-t0. Peer's state: s5@group-7DC22DB0A052:t0, leader=null, voted=, raftlog=Memoized:s5@group-7DC22DB0A052-SegmentedRaftLog:OPENED:c-1:lastnull, conf=conf: {index: -1, cur=peers:[s4|0.0.0.0:15004, s5|0.0.0.0:15005, s6|0.0.0.0:15006]|listeners:[], old=null}
2024-09-10 06:19:54,282 INFO  impl.LeaderElection (LeaderElection.java:logAndReturn(89)) - s6@group-7DC22DB0A052-LeaderElection17: PRE_VOTE PASSED received 1 response(s) and 0 exception(s):
2024-09-10 06:19:54,282 INFO  impl.LeaderElection (LeaderElection.java:logAndReturn(93)) -   Response 0: s6<-s4#0:OK-t0
2024-09-10 06:19:54,282 INFO  impl.LeaderElection (LeaderElection.java:askForVotes(327)) - s6@group-7DC22DB0A052-LeaderElection17 PRE_VOTE round 0: result PASSED
2024-09-10 06:19:54,282 TRACE util.FileUtils (LogUtils.java:supplyAndLog(69)) - Successfully supplied FileChannel.open /home/runner/work/ratis/ratis/ratis-examples/target/test/data/f624d035/MiniRaftClusterWithGrpc4aa2bfeb/s6/0ec42209-eaab-4456-bc68-7dc22db0a052/current/raft-meta.tmp with options [CREATE, WRITE]: sun.nio.ch.FileChannelImpl@b1b233f
2024-09-10 06:19:54,283 TRACE util.FileUtils (LogUtils.java:runAndLog(49)) - Successfully ran Atomic Files.move /home/runner/work/ratis/ratis/ratis-examples/target/test/data/f624d035/MiniRaftClusterWithGrpc4aa2bfeb/s6/0ec42209-eaab-4456-bc68-7dc22db0a052/current/raft-meta.tmp to /home/runner/work/ratis/ratis/ratis-examples/target/test/data/f624d035/MiniRaftClusterWithGrpc4aa2bfeb/s6/0ec42209-eaab-4456-bc68-7dc22db0a052/current/raft-meta with options [REPLACE_EXISTING]
2024-09-10 06:19:54,283 INFO  impl.LeaderElection (LeaderElection.java:askForVotes(325)) - s6@group-7DC22DB0A052-LeaderElection17 ELECTION round 0: submit vote requests at term 1 for conf: {index: -1, cur=peers:[s4|0.0.0.0:15004, s5|0.0.0.0:15005, s6|0.0.0.0:15006]|listeners:[], old=null}
2024-09-10 06:19:54,284 INFO  server.RaftServerConfigKeys (ConfUtils.java:logFallback(53)) - raft.server.rpc.first-election.timeout.min = 300ms (fallback to raft.server.rpc.timeout.min)
2024-09-10 06:19:54,284 INFO  server.RaftServerConfigKeys (ConfUtils.java:logFallback(53)) - raft.server.rpc.first-election.timeout.max = 600ms (fallback to raft.server.rpc.timeout.max)
2024-09-10 06:19:54,285 INFO  server.RaftServer$Division (RaftServerImpl.java:requestVote(1437)) - s5@group-7DC22DB0A052: receive requestVote(ELECTION, s6, group-7DC22DB0A052, 1, (t:0, i:0))
2024-09-10 06:19:54,285 INFO  server.RaftServer$Division (RaftServerImpl.java:requestVote(1437)) - s4@group-7DC22DB0A052: receive requestVote(ELECTION, s6, group-7DC22DB0A052, 1, (t:0, i:0))
2024-09-10 06:19:54,285 INFO  impl.VoteContext (VoteContext.java:log(49)) - s5@group-7DC22DB0A052-FOLLOWER: accept ELECTION from s6: our priority 0 <= candidate's priority 0
2024-09-10 06:19:54,286 INFO  server.RaftServer$Division (RaftServerImpl.java:setRole(378)) - s5@group-7DC22DB0A052: changes role from  FOLLOWER to FOLLOWER at term 1 for candidate:s6
2024-09-10 06:19:54,286 INFO  impl.RoleInfo (RoleInfo.java:shutdownFollowerState(119)) - s5: shutdown s5@group-7DC22DB0A052-FollowerState
2024-09-10 06:19:54,286 INFO  impl.VoteContext (VoteContext.java:log(49)) - s4@group-7DC22DB0A052-FOLLOWER: accept ELECTION from s6: our priority 0 <= candidate's priority 0
2024-09-10 06:19:54,287 INFO  impl.RoleInfo (RoleInfo.java:updateAndGet(148)) - s5: start s5@group-7DC22DB0A052-FollowerState
2024-09-10 06:19:54,287 INFO  impl.FollowerState (FollowerState.java:run(153)) - s5@group-7DC22DB0A052-FollowerState was interrupted
2024-09-10 06:19:54,287 INFO  server.RaftServer$Division (RaftServerImpl.java:setRole(378)) - s4@group-7DC22DB0A052: changes role from  FOLLOWER to FOLLOWER at term 1 for candidate:s6
2024-09-10 06:19:54,287 INFO  impl.RoleInfo (RoleInfo.java:shutdownFollowerState(119)) - s4: shutdown s4@group-7DC22DB0A052-FollowerState
2024-09-10 06:19:54,287 INFO  impl.RoleInfo (RoleInfo.java:updateAndGet(148)) - s4: start s4@group-7DC22DB0A052-FollowerState
2024-09-10 06:19:54,287 INFO  server.RaftServer$Division (RaftServerImpl.java:setFirstElection(559)) - s5@group-7DC22DB0A052: set firstElectionSinceStartup to false for candidate:s6
2024-09-10 06:19:54,287 INFO  server.RaftServer$Division (RaftServerImpl.java:setFirstElection(559)) - s4@group-7DC22DB0A052: set firstElectionSinceStartup to false for candidate:s6
2024-09-10 06:19:54,287 INFO  impl.FollowerState (FollowerState.java:run(153)) - s4@group-7DC22DB0A052-FollowerState was interrupted
2024-09-10 06:19:54,287 TRACE util.FileUtils (LogUtils.java:supplyAndLog(69)) - Successfully supplied FileChannel.open /home/runner/work/ratis/ratis/ratis-examples/target/test/data/f624d035/MiniRaftClusterWithGrpc4aa2bfeb/s5/0ec42209-eaab-4456-bc68-7dc22db0a052/current/raft-meta.tmp with options [CREATE, WRITE]: sun.nio.ch.FileChannelImpl@a28453e
2024-09-10 06:19:54,287 TRACE util.FileUtils (LogUtils.java:supplyAndLog(69)) - Successfully supplied FileChannel.open /home/runner/work/ratis/ratis/ratis-examples/target/test/data/f624d035/MiniRaftClusterWithGrpc4aa2bfeb/s4/0ec42209-eaab-4456-bc68-7dc22db0a052/current/raft-meta.tmp with options [CREATE, WRITE]: sun.nio.ch.FileChannelImpl@66a0c0ec
2024-09-10 06:19:54,289 TRACE util.FileUtils (LogUtils.java:runAndLog(49)) - Successfully ran Atomic Files.move /home/runner/work/ratis/ratis/ratis-examples/target/test/data/f624d035/MiniRaftClusterWithGrpc4aa2bfeb/s5/0ec42209-eaab-4456-bc68-7dc22db0a052/current/raft-meta.tmp to /home/runner/work/ratis/ratis/ratis-examples/target/test/data/f624d035/MiniRaftClusterWithGrpc4aa2bfeb/s5/0ec42209-eaab-4456-bc68-7dc22db0a052/current/raft-meta with options [REPLACE_EXISTING]
2024-09-10 06:19:54,289 INFO  server.RaftServer$Division (RaftServerImpl.java:requestVote(1470)) - s5@group-7DC22DB0A052 replies to ELECTION vote request: s6<-s5#0:OK-t1. Peer's state: s5@group-7DC22DB0A052:t1, leader=null, voted=s6, raftlog=Memoized:s5@group-7DC22DB0A052-SegmentedRaftLog:OPENED:c-1:lastnull, conf=conf: {index: -1, cur=peers:[s4|0.0.0.0:15004, s5|0.0.0.0:15005, s6|0.0.0.0:15006]|listeners:[], old=null}
2024-09-10 06:19:54,290 TRACE util.FileUtils (LogUtils.java:runAndLog(49)) - Successfully ran Atomic Files.move /home/runner/work/ratis/ratis/ratis-examples/target/test/data/f624d035/MiniRaftClusterWithGrpc4aa2bfeb/s4/0ec42209-eaab-4456-bc68-7dc22db0a052/current/raft-meta.tmp to /home/runner/work/ratis/ratis/ratis-examples/target/test/data/f624d035/MiniRaftClusterWithGrpc4aa2bfeb/s4/0ec42209-eaab-4456-bc68-7dc22db0a052/current/raft-meta with options [REPLACE_EXISTING]
2024-09-10 06:19:54,290 INFO  server.RaftServer$Division (RaftServerImpl.java:requestVote(1470)) - s4@group-7DC22DB0A052 replies to ELECTION vote request: s6<-s4#0:OK-t1. Peer's state: s4@group-7DC22DB0A052:t1, leader=null, voted=s6, raftlog=Memoized:s4@group-7DC22DB0A052-SegmentedRaftLog:OPENED:c-1:lastnull, conf=conf: {index: -1, cur=peers:[s4|0.0.0.0:15004, s5|0.0.0.0:15005, s6|0.0.0.0:15006]|listeners:[], old=null}
2024-09-10 06:19:54,290 INFO  impl.LeaderElection (LeaderElection.java:logAndReturn(89)) - s6@group-7DC22DB0A052-LeaderElection17: ELECTION PASSED received 1 response(s) and 0 exception(s):
2024-09-10 06:19:54,290 INFO  impl.LeaderElection (LeaderElection.java:logAndReturn(93)) -   Response 0: s6<-s5#0:OK-t1
2024-09-10 06:19:54,290 INFO  impl.LeaderElection (LeaderElection.java:askForVotes(327)) - s6@group-7DC22DB0A052-LeaderElection17 ELECTION round 0: result PASSED
2024-09-10 06:19:54,290 INFO  impl.RoleInfo (RoleInfo.java:shutdownLeaderElection(139)) - s6: shutdown s6@group-7DC22DB0A052-LeaderElection17
2024-09-10 06:19:54,290 INFO  server.RaftServer$Division (RaftServerImpl.java:setRole(378)) - s6@group-7DC22DB0A052: changes role from CANDIDATE to LEADER at term 1 for changeToLeader
2024-09-10 06:19:54,290 INFO  server.RaftServerConfigKeys (ConfUtils.java:logGet(46)) - raft.server.staging.catchup.gap = 1000 (default)
2024-09-10 06:19:54,290 INFO  server.RaftServerConfigKeys (ConfUtils.java:logGet(46)) - raft.server.write.element-limit = 4096 (default)
2024-09-10 06:19:54,290 INFO  server.RaftServerConfigKeys (ConfUtils.java:logGet(46)) - raft.server.write.byte-limit = 64MB (=67108864) (default)
2024-09-10 06:19:54,291 INFO  server.RaftServerConfigKeys (ConfUtils.java:logGet(46)) - raft.server.watch.timeout = 10s (default)
2024-09-10 06:19:54,291 INFO  server.RaftServerConfigKeys (ConfUtils.java:logGet(46)) - raft.server.watch.timeout.denomination = 1s (default)
2024-09-10 06:19:54,291 INFO  server.RaftServerConfigKeys (ConfUtils.java:logGet(46)) - raft.server.watch.element-limit = 65536 (default)
2024-09-10 06:19:54,291 INFO  server.RaftServerConfigKeys (ConfUtils.java:logGet(46)) - raft.server.read.leader.lease.enabled = false (default)
2024-09-10 06:19:54,291 INFO  server.RaftServerConfigKeys (ConfUtils.java:logGet(46)) - raft.server.read.leader.lease.timeout.ratio = 0.9 (default)
2024-09-10 06:19:54,291 INFO  server.RaftServerConfigKeys (ConfUtils.java:logGet(46)) - raft.server.rpc.timeout.min = 300ms (custom)
2024-09-10 06:19:54,291 INFO  server.RaftServerConfigKeys (ConfUtils.java:logGet(46)) - raft.server.log.log-metadata.enabled = true (default)
2024-09-10 06:19:54,291 INFO  server.RaftServerConfigKeys (ConfUtils.java:logGet(46)) - raft.server.write.element-limit = 4096 (default)
2024-09-10 06:19:54,291 INFO  server.RaftServerConfigKeys (ConfUtils.java:logGet(46)) - raft.server.write.follower.gap.ratio.max = -1.0 (default)
2024-09-10 06:19:54,291 INFO  server.RaftServerConfigKeys (ConfUtils.java:logGet(46)) - raft.server.log.appender.snapshot.chunk.size.max = 16MB (=16777216) (default)
2024-09-10 06:19:54,291 INFO  server.RaftServerConfigKeys (ConfUtils.java:logGet(46)) - raft.server.log.appender.buffer.byte-limit = 4MB (=4194304) (default)
2024-09-10 06:19:54,291 INFO  server.RaftServerConfigKeys (ConfUtils.java:logGet(46)) - raft.server.log.appender.buffer.element-limit = 0 (default)
2024-09-10 06:19:54,292 INFO  server.RaftServerConfigKeys (ConfUtils.java:logGet(46)) - raft.server.log.appender.wait-time.min = 1ms (default)
2024-09-10 06:19:54,292 INFO  grpc.GrpcConfigKeys (ConfUtils.java:logGet(46)) - raft.grpc.server.leader.outstanding.appends.max = 8 (default)
2024-09-10 06:19:54,292 INFO  server.RaftServerConfigKeys (ConfUtils.java:logGet(46)) - raft.server.rpc.request.timeout = 3000ms (default)
2024-09-10 06:19:54,292 INFO  grpc.GrpcConfigKeys (ConfUtils.java:logGet(46)) - raft.grpc.server.install_snapshot.request.element-limit = 8 (default)
2024-09-10 06:19:54,292 INFO  grpc.GrpcConfigKeys (ConfUtils.java:logGet(46)) - raft.grpc.server.install_snapshot.request.timeout = 3000ms (default)
2024-09-10 06:19:54,292 INFO  grpc.GrpcConfigKeys (ConfUtils.java:logGet(46)) - raft.grpc.server.log-message.batch.duration = 5s (default)
2024-09-10 06:19:54,292 INFO  server.RaftServerConfigKeys (ConfUtils.java:logGet(46)) - raft.server.log.appender.install.snapshot.enabled = true (default)
2024-09-10 06:19:54,292 INFO  grpc.GrpcConfigKeys (ConfUtils.java:logGet(46)) - raft.grpc.server.heartbeat.channel = true (default)
2024-09-10 06:19:54,292 INFO  server.RaftServerConfigKeys (ConfUtils.java:logGet(46)) - raft.server.log.appender.snapshot.chunk.size.max = 16MB (=16777216) (default)
2024-09-10 06:19:54,292 INFO  server.RaftServerConfigKeys (ConfUtils.java:logGet(46)) - raft.server.log.appender.buffer.byte-limit = 4MB (=4194304) (default)
2024-09-10 06:19:54,292 INFO  server.RaftServerConfigKeys (ConfUtils.java:logGet(46)) - raft.server.log.appender.buffer.element-limit = 0 (default)
2024-09-10 06:19:54,292 INFO  server.RaftServerConfigKeys (ConfUtils.java:logGet(46)) - raft.server.log.appender.wait-time.min = 1ms (default)
2024-09-10 06:19:54,292 INFO  grpc.GrpcConfigKeys (ConfUtils.java:logGet(46)) - raft.grpc.server.leader.outstanding.appends.max = 8 (default)
2024-09-10 06:19:54,293 INFO  server.RaftServerConfigKeys (ConfUtils.java:logGet(46)) - raft.server.rpc.request.timeout = 3000ms (default)
2024-09-10 06:19:54,293 INFO  grpc.GrpcConfigKeys (ConfUtils.java:logGet(46)) - raft.grpc.server.install_snapshot.request.element-limit = 8 (default)
2024-09-10 06:19:54,293 INFO  grpc.GrpcConfigKeys (ConfUtils.java:logGet(46)) - raft.grpc.server.install_snapshot.request.timeout = 3000ms (default)
2024-09-10 06:19:54,293 INFO  grpc.GrpcConfigKeys (ConfUtils.java:logGet(46)) - raft.grpc.server.log-message.batch.duration = 5s (default)
2024-09-10 06:19:54,293 INFO  server.RaftServerConfigKeys (ConfUtils.java:logGet(46)) - raft.server.log.appender.install.snapshot.enabled = true (default)
2024-09-10 06:19:54,293 INFO  grpc.GrpcConfigKeys (ConfUtils.java:logGet(46)) - raft.grpc.server.heartbeat.channel = true (default)
2024-09-10 06:19:54,293 INFO  impl.RoleInfo (RoleInfo.java:updateAndGet(148)) - s6: start s6@group-7DC22DB0A052-LeaderStateImpl
2024-09-10 06:19:54,293 INFO  server.RaftServer$Division (RaftServerImpl.java:setFirstElection(559)) - s6@group-7DC22DB0A052: set firstElectionSinceStartup to false for becomeLeader
2024-09-10 06:19:54,293 INFO  server.RaftServer$Division (ServerState.java:setLeader(272)) - s6@group-7DC22DB0A052: change Leader from null to s6 at term 1 for becomeLeader, leader elected after 394ms
2024-09-10 06:19:54,293 INFO  segmented.SegmentedRaftLogWorker (SegmentedRaftLogWorker.java:startLogSegment(438)) - s6@group-7DC22DB0A052-SegmentedRaftLogWorker: Starting segment from index:0
2024-09-10 06:19:54,294 INFO  segmented.BufferedWriteChannel (BufferedWriteChannel.java:open(61)) - open log_inprogress_0 at position 0
2024-09-10 06:19:54,295 INFO  server.RaftServer$Division (ServerState.java:setRaftConf(386)) - s6@group-7DC22DB0A052: set configuration conf: {index: 0, cur=peers:[s4|0.0.0.0:15004, s5|0.0.0.0:15005, s6|0.0.0.0:15006]|listeners:[], old=null}
2024-09-10 06:19:54,300 INFO  server.RaftServer$Division (ServerState.java:setLeader(272)) - s4@group-7DC22DB0A052: change Leader from null to s6 at term 1 for appendEntries, leader elected after 442ms
2024-09-10 06:19:54,302 INFO  server.RaftServer$Division (ServerState.java:setLeader(272)) - s5@group-7DC22DB0A052: change Leader from null to s6 at term 1 for appendEntries, leader elected after 420ms
2024-09-10 06:19:54,303 DEBUG server.RaftServer$Division (RaftServerImpl.java:logAppendEntries(1539)) - s4@group-7DC22DB0A052: appendEntries* s6->s4#1-t1,previous=(t:0, i:0),leaderCommit=-1,initializing? false,entries: size=1, first=(t:1, i:0), CONFIGURATIONENTRY(current:id:"s4"address:"0.0.0.0:15004"clientAddress:"0.0.0.0:15004"adminAddress:"0.0.0.0:15004"startupRole:FOLLOWER, id:"s5"address:"0.0.0.0:15005"clientAddress:"0.0.0.0:15005"adminAddress:"0.0.0.0:15005"startupRole:FOLLOWER, id:"s6"address:"0.0.0.0:15006"clientAddress:"0.0.0.0:15006"adminAddress:"0.0.0.0:15006"startupRole:FOLLOWER, old:)
2024-09-10 06:19:54,303 INFO  server.RaftServer$Division (ServerState.java:setRaftConf(386)) - s4@group-7DC22DB0A052: set configuration conf: {index: 0, cur=peers:[s4|0.0.0.0:15004, s5|0.0.0.0:15005, s6|0.0.0.0:15006]|listeners:[], old=null}
2024-09-10 06:19:54,303 INFO  segmented.SegmentedRaftLogWorker (SegmentedRaftLogWorker.java:startLogSegment(438)) - s4@group-7DC22DB0A052-SegmentedRaftLogWorker: Starting segment from index:0
2024-09-10 06:19:54,303 INFO  segmented.BufferedWriteChannel (BufferedWriteChannel.java:open(61)) - open log_inprogress_0 at position 0
2024-09-10 06:19:54,305 INFO  segmented.SegmentedRaftLogWorker (SegmentedRaftLogWorker.java:execute(660)) - s6@group-7DC22DB0A052-SegmentedRaftLogWorker: created new log segment /home/runner/work/ratis/ratis/ratis-examples/target/test/data/f624d035/MiniRaftClusterWithGrpc4aa2bfeb/s6/0ec42209-eaab-4456-bc68-7dc22db0a052/current/log_inprogress_0
2024-09-10 06:19:54,312 DEBUG server.RaftServer$Division (RaftServerImpl.java:logAppendEntries(1539)) - s5@group-7DC22DB0A052: appendEntries* s6->s5#1-t1,previous=(t:0, i:0),leaderCommit=-1,initializing? false,entries: size=1, first=(t:1, i:0), CONFIGURATIONENTRY(current:id:"s4"address:"0.0.0.0:15004"clientAddress:"0.0.0.0:15004"adminAddress:"0.0.0.0:15004"startupRole:FOLLOWER, id:"s5"address:"0.0.0.0:15005"clientAddress:"0.0.0.0:15005"adminAddress:"0.0.0.0:15005"startupRole:FOLLOWER, id:"s6"address:"0.0.0.0:15006"clientAddress:"0.0.0.0:15006"adminAddress:"0.0.0.0:15006"startupRole:FOLLOWER, old:)
2024-09-10 06:19:54,312 INFO  server.RaftServer$Division (ServerState.java:setRaftConf(386)) - s5@group-7DC22DB0A052: set configuration conf: {index: 0, cur=peers:[s4|0.0.0.0:15004, s5|0.0.0.0:15005, s6|0.0.0.0:15006]|listeners:[], old=null}
2024-09-10 06:19:54,312 INFO  segmented.SegmentedRaftLogWorker (SegmentedRaftLogWorker.java:startLogSegment(438)) - s5@group-7DC22DB0A052-SegmentedRaftLogWorker: Starting segment from index:0
2024-09-10 06:19:54,313 INFO  segmented.BufferedWriteChannel (BufferedWriteChannel.java:open(61)) - open log_inprogress_0 at position 0
2024-09-10 06:19:54,315 INFO  segmented.SegmentedRaftLogWorker (SegmentedRaftLogWorker.java:execute(660)) - s4@group-7DC22DB0A052-SegmentedRaftLogWorker: created new log segment /home/runner/work/ratis/ratis/ratis-examples/target/test/data/f624d035/MiniRaftClusterWithGrpc4aa2bfeb/s4/0ec42209-eaab-4456-bc68-7dc22db0a052/current/log_inprogress_0
2024-09-10 06:19:54,315 DEBUG server.RaftServer$Division (RaftServerImpl.java:logAppendEntries(1539)) - s4@group-7DC22DB0A052: appendEntries* reply s6<-s4#1:OK-t1,SUCCESS,nextIndex=1,followerCommit=-1,matchIndex=0
2024-09-10 06:19:54,316 TRACE util.FileUtils (LogUtils.java:supplyAndLog(69)) - Successfully supplied FileChannel.open /home/runner/work/ratis/ratis/ratis-examples/target/test/data/f624d035/MiniRaftClusterWithGrpc4aa2bfeb/s6/0ec42209-eaab-4456-bc68-7dc22db0a052/current/raft-meta.conf.tmp with options [CREATE, WRITE]: sun.nio.ch.FileChannelImpl@5b30b419
2024-09-10 06:19:54,317 TRACE util.FileUtils (LogUtils.java:runAndLog(49)) - Successfully ran Atomic Files.move /home/runner/work/ratis/ratis/ratis-examples/target/test/data/f624d035/MiniRaftClusterWithGrpc4aa2bfeb/s6/0ec42209-eaab-4456-bc68-7dc22db0a052/current/raft-meta.conf.tmp to /home/runner/work/ratis/ratis/ratis-examples/target/test/data/f624d035/MiniRaftClusterWithGrpc4aa2bfeb/s6/0ec42209-eaab-4456-bc68-7dc22db0a052/current/raft-meta.conf with options [REPLACE_EXISTING]
2024-09-10 06:19:54,317 INFO  server.RaftServer$Division (LeaderStateImpl.java:checkStartIndex(317)) - Leader s6@group-7DC22DB0A052-LeaderStateImpl is ready since appliedIndex == startIndex == 0
2024-09-10 06:19:54,324 INFO  segmented.SegmentedRaftLogWorker (SegmentedRaftLogWorker.java:execute(660)) - s5@group-7DC22DB0A052-SegmentedRaftLogWorker: created new log segment /home/runner/work/ratis/ratis/ratis-examples/target/test/data/f624d035/MiniRaftClusterWithGrpc4aa2bfeb/s5/0ec42209-eaab-4456-bc68-7dc22db0a052/current/log_inprogress_0
2024-09-10 06:19:54,324 DEBUG server.RaftServer$Division (RaftServerImpl.java:logAppendEntries(1539)) - s5@group-7DC22DB0A052: appendEntries* reply s6<-s5#1:OK-t1,SUCCESS,nextIndex=1,followerCommit=-1,matchIndex=0
2024-09-10 06:19:54,468 TRACE util.FileUtils (LogUtils.java:supplyAndLog(69)) - Successfully supplied FileChannel.open /home/runner/work/ratis/ratis/ratis-examples/target/test/data/f624d035/MiniRaftClusterWithGrpc4aa2bfeb/s4/0ec42209-eaab-4456-bc68-7dc22db0a052/current/raft-meta.conf.tmp with options [CREATE, WRITE]: sun.nio.ch.FileChannelImpl@473015be
2024-09-10 06:19:54,470 TRACE util.FileUtils (LogUtils.java:runAndLog(49)) - Successfully ran Atomic Files.move /home/runner/work/ratis/ratis/ratis-examples/target/test/data/f624d035/MiniRaftClusterWithGrpc4aa2bfeb/s4/0ec42209-eaab-4456-bc68-7dc22db0a052/current/raft-meta.conf.tmp to /home/runner/work/ratis/ratis/ratis-examples/target/test/data/f624d035/MiniRaftClusterWithGrpc4aa2bfeb/s4/0ec42209-eaab-4456-bc68-7dc22db0a052/current/raft-meta.conf with options [REPLACE_EXISTING]
2024-09-10 06:19:54,478 TRACE util.FileUtils (LogUtils.java:supplyAndLog(69)) - Successfully supplied FileChannel.open /home/runner/work/ratis/ratis/ratis-examples/target/test/data/f624d035/MiniRaftClusterWithGrpc4aa2bfeb/s5/0ec42209-eaab-4456-bc68-7dc22db0a052/current/raft-meta.conf.tmp with options [CREATE, WRITE]: sun.nio.ch.FileChannelImpl@669a6d4d
2024-09-10 06:19:54,479 TRACE util.FileUtils (LogUtils.java:runAndLog(49)) - Successfully ran Atomic Files.move /home/runner/work/ratis/ratis/ratis-examples/target/test/data/f624d035/MiniRaftClusterWithGrpc4aa2bfeb/s5/0ec42209-eaab-4456-bc68-7dc22db0a052/current/raft-meta.conf.tmp to /home/runner/work/ratis/ratis/ratis-examples/target/test/data/f624d035/MiniRaftClusterWithGrpc4aa2bfeb/s5/0ec42209-eaab-4456-bc68-7dc22db0a052/current/raft-meta.conf with options [REPLACE_EXISTING]
2024-09-10 06:19:54,812 INFO  ratis.RaftTestUtil (RaftTestUtil.java:waitForLeader(131)) - printing group-7DC22DB0A052
  s4:  RUNNING [
   FOLLOWER s4@group-7DC22DB0A052:t1, leader=s6, voted=s6, raftlog=Memoized:s4@group-7DC22DB0A052-SegmentedRaftLog:OPENED:c0:last(t:1, i:0), conf=conf: {index: 0, cur=peers:[s4|0.0.0.0:15004, s5|0.0.0.0:15005, s6|0.0.0.0:15006]|listeners:[], old=null} RUNNING
   FOLLOWER s4@group-DF8C9DCF2580:t0, leader=null, voted=, raftlog=Memoized:s4@group-DF8C9DCF2580-SegmentedRaftLog:OPENED:c-1:lastnull, conf=conf: {index: -1, cur=peers:[]|listeners:[], old=null} STARTING] size=2
  s5:  RUNNING [
   FOLLOWER s5@group-7DC22DB0A052:t1, leader=s6, voted=s6, raftlog=Memoized:s5@group-7DC22DB0A052-SegmentedRaftLog:OPENED:c0:last(t:1, i:0), conf=conf: {index: 0, cur=peers:[s4|0.0.0.0:15004, s5|0.0.0.0:15005, s6|0.0.0.0:15006]|listeners:[], old=null} RUNNING
   FOLLOWER s5@group-DF8C9DCF2580:t0, leader=null, voted=, raftlog=Memoized:s5@group-DF8C9DCF2580-SegmentedRaftLog:OPENED:c-1:lastnull, conf=conf: {index: -1, cur=peers:[]|listeners:[], old=null} STARTING] size=2
  s6:  RUNNING [
     LEADER s6@group-7DC22DB0A052:t1, leader=s6, voted=s6, raftlog=Memoized:s6@group-7DC22DB0A052-SegmentedRaftLog:OPENED:c0:last(t:1, i:0), conf=conf: {index: 0, cur=peers:[s4|0.0.0.0:15004, s5|0.0.0.0:15005, s6|0.0.0.0:15006]|listeners:[], old=null} RUNNING
   FOLLOWER s6@group-DF8C9DCF2580:t0, leader=null, voted=, raftlog=Memoized:s6@group-DF8C9DCF2580-SegmentedRaftLog:OPENED:c-1:lastnull, conf=conf: {index: -1, cur=peers:[]|listeners:[], old=null} STARTING] size=2
2024-09-10 06:19:54,818 DEBUG server.RaftServer$Division (RaftServerImpl.java:submitClientRequestAsync(910)) - s4@group-7DC22DB0A052: receive client request(RaftClientRequest:client-E23D9C381951->s4@group-7DC22DB0A052, cid=4347, seq=null, RW, Message:01016102404f80000000...(size=12))
2024-09-10 06:19:54,818 INFO  server.GrpcClientProtocolService (GrpcClientProtocolService.java:lambda$processClientRequest$0(331)) - Failed request cid=4347, null, reply=RaftClientReply:client-E23D9C381951->s4@group-7DC22DB0A052, cid=4347, FAILED org.apache.ratis.protocol.exceptions.NotLeaderException: Server s4@group-7DC22DB0A052 is not the leader, suggested leader is: s6|0.0.0.0:15006, logIndex=0, commits[s4:c0, s5:c0, s6:c0]
2024-09-10 06:19:54,926 DEBUG server.RaftServer$Division (RaftServerImpl.java:submitClientRequestAsync(910)) - s6@group-7DC22DB0A052: receive client request(RaftClientRequest:client-E23D9C381951->s6@group-7DC22DB0A052, cid=4347, seq=null, RW, Message:01016102404f80000000...(size=12))
2024-09-10 06:19:54,926 DEBUG server.RaftServer$Division (LeaderStateImpl.java:addPendingRequest(532)) - s6@group-7DC22DB0A052-LeaderStateImpl: addPendingRequest at RaftClientRequest:client-E23D9C381951->s6@group-7DC22DB0A052, cid=4347, seq=null, RW, Message:01016102404f80000000...(size=12), entry=(t:1, i:1), STATEMACHINELOGENTRY, WRITE: logData.size=12, stateMachineData.size=0, logEntryProtoSerializedSize=0
2024-09-10 06:19:54,927 DEBUG server.RaftServer$Division (RaftServerImpl.java:logAppendEntries(1539)) - s4@group-7DC22DB0A052: appendEntries* s6->s4#8-t1,previous=(t:1, i:0),leaderCommit=0,initializing? false,entries: size=1, first=(t:1, i:1), STATEMACHINELOGENTRY, StateMachineLogEntryProto:4347@client-E23D9C381951
2024-09-10 06:19:54,927 DEBUG server.RaftServer$Division (RaftServerImpl.java:logAppendEntries(1539)) - s5@group-7DC22DB0A052: appendEntries* s6->s5#8-t1,previous=(t:1, i:0),leaderCommit=0,initializing? false,entries: size=1, first=(t:1, i:1), STATEMACHINELOGENTRY, StateMachineLogEntryProto:4347@client-E23D9C381951
2024-09-10 06:19:54,928 DEBUG server.RaftServer$Division (RaftServerImpl.java:logAppendEntries(1539)) - s5@group-7DC22DB0A052: appendEntries* reply s6<-s5#8:OK-t1,SUCCESS,nextIndex=2,followerCommit=0,matchIndex=1
2024-09-10 06:19:54,928 DEBUG server.RaftServer$Division (RaftServerImpl.java:logAppendEntries(1539)) - s4@group-7DC22DB0A052: appendEntries* reply s6<-s4#8:OK-t1,SUCCESS,nextIndex=2,followerCommit=0,matchIndex=1
2024-09-10 06:19:54,929 INFO  statemachine.StateMachine (ArithmeticStateMachine.java:applyTransaction(181)) - LEADER:s6-1: a = 63 = 63
2024-09-10 06:19:54,929 DEBUG server.RaftServer$Division (RaftServerImpl.java:logAppendEntries(1539)) - s5@group-7DC22DB0A052: appendEntries* s6->s5#9-t1,previous=(t:1, i:1),leaderCommit=1,initializing? false,entries: size=1, first=(t:1, i:2), METADATAENTRY(c:1)
2024-09-10 06:19:54,930 DEBUG server.RaftServer$Division (RaftServerImpl.java:logAppendEntries(1539)) - s5@group-7DC22DB0A052: appendEntries* reply s6<-s5#9:OK-t1,SUCCESS,nextIndex=3,followerCommit=1,matchIndex=2
2024-09-10 06:19:54,930 DEBUG server.RaftServer$Division (RaftServerImpl.java:logAppendEntries(1539)) - s4@group-7DC22DB0A052: appendEntries* s6->s4#9-t1,previous=(t:1, i:1),leaderCommit=1,initializing? false,entries: size=1, first=(t:1, i:2), METADATAENTRY(c:1)
2024-09-10 06:19:54,931 DEBUG server.RaftServer$Division (RaftServerImpl.java:logAppendEntries(1539)) - s4@group-7DC22DB0A052: appendEntries* reply s6<-s4#9:OK-t1,SUCCESS,nextIndex=3,followerCommit=1,matchIndex=2
2024-09-10 06:19:54,933 DEBUG server.RaftServer$Division (RaftServerImpl.java:submitClientRequestAsync(910)) - s6@group-7DC22DB0A052: receive client request(RaftClientRequest:client-E23D9C381951->s6@group-7DC22DB0A052, cid=4348, seq=null, RW, Message:01016202409f00000000...(size=12))
2024-09-10 06:19:54,933 DEBUG server.RaftServer$Division (LeaderStateImpl.java:addPendingRequest(532)) - s6@group-7DC22DB0A052-LeaderStateImpl: addPendingRequest at RaftClientRequest:client-E23D9C381951->s6@group-7DC22DB0A052, cid=4348, seq=null, RW, Message:01016202409f00000000...(size=12), entry=(t:1, i:3), STATEMACHINELOGENTRY, WRITE: logData.size=12, stateMachineData.size=0, logEntryProtoSerializedSize=0
2024-09-10 06:19:54,934 DEBUG server.RaftServer$Division (RaftServerImpl.java:logAppendEntries(1539)) - s4@group-7DC22DB0A052: appendEntries* s6->s4#13-t1,previous=(t:1, i:2),leaderCommit=2,initializing? false,entries: size=1, first=(t:1, i:3), STATEMACHINELOGENTRY, StateMachineLogEntryProto:4348@client-E23D9C381951
2024-09-10 06:19:54,934 DEBUG server.RaftServer$Division (RaftServerImpl.java:logAppendEntries(1539)) - s5@group-7DC22DB0A052: appendEntries* s6->s5#12-t1,previous=(t:1, i:2),leaderCommit=2,initializing? false,entries: size=1, first=(t:1, i:3), STATEMACHINELOGENTRY, StateMachineLogEntryProto:4348@client-E23D9C381951
2024-09-10 06:19:54,934 DEBUG server.RaftServer$Division (RaftServerImpl.java:logAppendEntries(1539)) - s4@group-7DC22DB0A052: appendEntries* reply s6<-s4#13:OK-t1,SUCCESS,nextIndex=4,followerCommit=2,matchIndex=3
2024-09-10 06:19:54,934 DEBUG server.RaftServer$Division (RaftServerImpl.java:logAppendEntries(1539)) - s5@group-7DC22DB0A052: appendEntries* reply s6<-s5#12:OK-t1,SUCCESS,nextIndex=4,followerCommit=2,matchIndex=3
2024-09-10 06:19:54,935 INFO  statemachine.StateMachine (ArithmeticStateMachine.java:applyTransaction(181)) - LEADER:s6-3: b = 1984 = 1984
2024-09-10 06:19:54,936 DEBUG server.RaftServer$Division (RaftServerImpl.java:logAppendEntries(1539)) - s5@group-7DC22DB0A052: appendEntries* s6->s5#14-t1,previous=(t:1, i:3),leaderCommit=3,initializing? false,entries: size=1, first=(t:1, i:4), METADATAENTRY(c:3)
2024-09-10 06:19:54,936 DEBUG server.RaftServer$Division (RaftServerImpl.java:logAppendEntries(1539)) - s4@group-7DC22DB0A052: appendEntries* s6->s4#14-t1,previous=(t:1, i:3),leaderCommit=3,initializing? false,entries: size=1, first=(t:1, i:4), METADATAENTRY(c:3)
2024-09-10 06:19:54,937 DEBUG server.RaftServer$Division (RaftServerImpl.java:logAppendEntries(1539)) - s5@group-7DC22DB0A052: appendEntries* reply s6<-s5#14:OK-t1,SUCCESS,nextIndex=5,followerCommit=3,matchIndex=4
2024-09-10 06:19:54,937 DEBUG server.RaftServer$Division (RaftServerImpl.java:logAppendEntries(1539)) - s4@group-7DC22DB0A052: appendEntries* reply s6<-s4#14:OK-t1,SUCCESS,nextIndex=5,followerCommit=3,matchIndex=4
2024-09-10 06:19:54,938 DEBUG server.RaftServer$Division (RaftServerImpl.java:submitClientRequestAsync(910)) - s6@group-7DC22DB0A052: receive client request(RaftClientRequest:client-E23D9C381951->s6@group-7DC22DB0A052, cid=4349, seq=null, RW, Message:01016304010300040201...(size=17))
2024-09-10 06:19:54,938 DEBUG server.RaftServer$Division (LeaderStateImpl.java:addPendingRequest(532)) - s6@group-7DC22DB0A052-LeaderStateImpl: addPendingRequest at RaftClientRequest:client-E23D9C381951->s6@group-7DC22DB0A052, cid=4349, seq=null, RW, Message:01016304010300040201...(size=17), entry=(t:1, i:5), STATEMACHINELOGENTRY, WRITE: logData.size=17, stateMachineData.size=0, logEntryProtoSerializedSize=0
2024-09-10 06:19:54,939 DEBUG server.RaftServer$Division (RaftServerImpl.java:logAppendEntries(1539)) - s4@group-7DC22DB0A052: appendEntries* s6->s4#18-t1,previous=(t:1, i:4),leaderCommit=4,initializing? false,entries: size=1, first=(t:1, i:5), STATEMACHINELOGENTRY, StateMachineLogEntryProto:4349@client-E23D9C381951
2024-09-10 06:19:54,939 DEBUG server.RaftServer$Division (RaftServerImpl.java:logAppendEntries(1539)) - s5@group-7DC22DB0A052: appendEntries* s6->s5#18-t1,previous=(t:1, i:4),leaderCommit=4,initializing? false,entries: size=1, first=(t:1, i:5), STATEMACHINELOGENTRY, StateMachineLogEntryProto:4349@client-E23D9C381951
2024-09-10 06:19:54,939 DEBUG server.RaftServer$Division (RaftServerImpl.java:logAppendEntries(1539)) - s4@group-7DC22DB0A052: appendEntries* reply s6<-s4#18:OK-t1,SUCCESS,nextIndex=6,followerCommit=4,matchIndex=5
2024-09-10 06:19:54,939 DEBUG server.RaftServer$Division (RaftServerImpl.java:logAppendEntries(1539)) - s5@group-7DC22DB0A052: appendEntries* reply s6<-s5#18:OK-t1,SUCCESS,nextIndex=6,followerCommit=4,matchIndex=5
2024-09-10 06:19:54,940 INFO  statemachine.StateMachine (ArithmeticStateMachine.java:applyTransaction(181)) - LEADER:s6-5: c = √(a^2 + b^2) = 1985
2024-09-10 06:19:54,941 DEBUG server.RaftServer$Division (RaftServerImpl.java:logAppendEntries(1539)) - s5@group-7DC22DB0A052: appendEntries* s6->s5#19-t1,previous=(t:1, i:5),leaderCommit=5,initializing? false,entries: size=1, first=(t:1, i:6), METADATAENTRY(c:5)
2024-09-10 06:19:54,941 DEBUG server.RaftServer$Division (RaftServerImpl.java:logAppendEntries(1539)) - s4@group-7DC22DB0A052: appendEntries* s6->s4#19-t1,previous=(t:1, i:5),leaderCommit=5,initializing? false,entries: size=1, first=(t:1, i:6), METADATAENTRY(c:5)
2024-09-10 06:19:54,941 DEBUG server.RaftServer$Division (RaftServerImpl.java:logAppendEntries(1539)) - s5@group-7DC22DB0A052: appendEntries* reply s6<-s5#19:OK-t1,SUCCESS,nextIndex=7,followerCommit=5,matchIndex=6
2024-09-10 06:19:54,942 DEBUG server.RaftServer$Division (RaftServerImpl.java:logAppendEntries(1539)) - s4@group-7DC22DB0A052: appendEntries* reply s6<-s4#19:OK-t1,SUCCESS,nextIndex=7,followerCommit=5,matchIndex=6
2024-09-10 06:19:54,943 DEBUG server.RaftServer$Division (RaftServerImpl.java:submitClientRequestAsync(910)) - s6@group-7DC22DB0A052: receive client request(RaftClientRequest:client-E23D9C381951->s6@group-7DC22DB0A052, cid=4350, seq=null, RW, Message:01016100)
2024-09-10 06:19:54,943 DEBUG server.RaftServer$Division (LeaderStateImpl.java:addPendingRequest(532)) - s6@group-7DC22DB0A052-LeaderStateImpl: addPendingRequest at RaftClientRequest:client-E23D9C381951->s6@group-7DC22DB0A052, cid=4350, seq=null, RW, Message:01016100, entry=(t:1, i:7), STATEMACHINELOGENTRY, WRITE: logData.size=4, stateMachineData.size=0, logEntryProtoSerializedSize=0
2024-09-10 06:19:54,944 DEBUG server.RaftServer$Division (RaftServerImpl.java:logAppendEntries(1539)) - s4@group-7DC22DB0A052: appendEntries* s6->s4#23-t1,previous=(t:1, i:6),leaderCommit=6,initializing? false,entries: size=1, first=(t:1, i:7), STATEMACHINELOGENTRY, StateMachineLogEntryProto:4350@client-E23D9C381951
2024-09-10 06:19:54,944 DEBUG server.RaftServer$Division (RaftServerImpl.java:logAppendEntries(1539)) - s5@group-7DC22DB0A052: appendEntries* s6->s5#22-t1,previous=(t:1, i:6),leaderCommit=6,initializing? false,entries: size=1, first=(t:1, i:7), STATEMACHINELOGENTRY, StateMachineLogEntryProto:4350@client-E23D9C381951
2024-09-10 06:19:54,945 DEBUG server.RaftServer$Division (RaftServerImpl.java:logAppendEntries(1539)) - s5@group-7DC22DB0A052: appendEntries* reply s6<-s5#22:OK-t1,SUCCESS,nextIndex=8,followerCommit=6,matchIndex=7
2024-09-10 06:19:54,945 DEBUG server.RaftServer$Division (RaftServerImpl.java:logAppendEntries(1539)) - s4@group-7DC22DB0A052: appendEntries* reply s6<-s4#23:OK-t1,SUCCESS,nextIndex=8,followerCommit=6,matchIndex=7
2024-09-10 06:19:54,945 INFO  statemachine.StateMachine (ArithmeticStateMachine.java:applyTransaction(181)) - LEADER:s6-7: a = null = null
2024-09-10 06:19:54,946 DEBUG server.RaftServer$Division (RaftServerImpl.java:logAppendEntries(1539)) - s4@group-7DC22DB0A052: appendEntries* s6->s4#24-t1,previous=(t:1, i:7),leaderCommit=7,initializing? false,entries: size=1, first=(t:1, i:8), METADATAENTRY(c:7)
2024-09-10 06:19:54,946 DEBUG server.RaftServer$Division (RaftServerImpl.java:logAppendEntries(1539)) - s4@group-7DC22DB0A052: appendEntries* reply s6<-s4#24:OK-t1,SUCCESS,nextIndex=9,followerCommit=7,matchIndex=8
2024-09-10 06:19:54,946 DEBUG server.RaftServer$Division (RaftServerImpl.java:logAppendEntries(1539)) - s5@group-7DC22DB0A052: appendEntries* s6->s5#23-t1,previous=(t:1, i:7),leaderCommit=7,initializing? false,entries: size=1, first=(t:1, i:8), METADATAENTRY(c:7)
2024-09-10 06:19:54,947 DEBUG server.RaftServer$Division (RaftServerImpl.java:logAppendEntries(1539)) - s5@group-7DC22DB0A052: appendEntries* reply s6<-s5#23:OK-t1,SUCCESS,nextIndex=9,followerCommit=7,matchIndex=8
2024-09-10 06:19:54,948 DEBUG server.RaftServer$Division (RaftServerImpl.java:submitClientRequestAsync(910)) - s6@group-7DC22DB0A052: receive client request(RaftClientRequest:client-E23D9C381951->s6@group-7DC22DB0A052, cid=4351, seq=null, RW, Message:01016200)
2024-09-10 06:19:54,948 DEBUG server.RaftServer$Division (LeaderStateImpl.java:addPendingRequest(532)) - s6@group-7DC22DB0A052-LeaderStateImpl: addPendingRequest at RaftClientRequest:client-E23D9C381951->s6@group-7DC22DB0A052, cid=4351, seq=null, RW, Message:01016200, entry=(t:1, i:9), STATEMACHINELOGENTRY, WRITE: logData.size=4, stateMachineData.size=0, logEntryProtoSerializedSize=0
2024-09-10 06:19:54,949 DEBUG server.RaftServer$Division (RaftServerImpl.java:logAppendEntries(1539)) - s4@group-7DC22DB0A052: appendEntries* s6->s4#27-t1,previous=(t:1, i:8),leaderCommit=8,initializing? false,entries: size=1, first=(t:1, i:9), STATEMACHINELOGENTRY, StateMachineLogEntryProto:4351@client-E23D9C381951
2024-09-10 06:19:54,949 DEBUG server.RaftServer$Division (RaftServerImpl.java:logAppendEntries(1539)) - s4@group-7DC22DB0A052: appendEntries* reply s6<-s4#27:OK-t1,SUCCESS,nextIndex=10,followerCommit=8,matchIndex=9
2024-09-10 06:19:54,949 DEBUG server.RaftServer$Division (RaftServerImpl.java:logAppendEntries(1539)) - s5@group-7DC22DB0A052: appendEntries* s6->s5#26-t1,previous=(t:1, i:8),leaderCommit=8,initializing? false,entries: size=1, first=(t:1, i:9), STATEMACHINELOGENTRY, StateMachineLogEntryProto:4351@client-E23D9C381951
2024-09-10 06:19:54,950 INFO  statemachine.StateMachine (ArithmeticStateMachine.java:applyTransaction(181)) - LEADER:s6-9: b = null = null
2024-09-10 06:19:54,950 DEBUG server.RaftServer$Division (RaftServerImpl.java:logAppendEntries(1539)) - s5@group-7DC22DB0A052: appendEntries* reply s6<-s5#26:OK-t1,SUCCESS,nextIndex=10,followerCommit=8,matchIndex=9
2024-09-10 06:19:54,951 DEBUG server.RaftServer$Division (RaftServerImpl.java:logAppendEntries(1539)) - s4@group-7DC22DB0A052: appendEntries* s6->s4#28-t1,previous=(t:1, i:9),leaderCommit=9,initializing? false,entries: size=1, first=(t:1, i:10), METADATAENTRY(c:9)
2024-09-10 06:19:54,951 DEBUG server.RaftServer$Division (RaftServerImpl.java:logAppendEntries(1539)) - s4@group-7DC22DB0A052: appendEntries* reply s6<-s4#28:OK-t1,SUCCESS,nextIndex=11,followerCommit=9,matchIndex=10
2024-09-10 06:19:54,952 DEBUG server.RaftServer$Division (RaftServerImpl.java:logAppendEntries(1539)) - s5@group-7DC22DB0A052: appendEntries* s6->s5#27-t1,previous=(t:1, i:9),leaderCommit=9,initializing? false,entries: size=1, first=(t:1, i:10), METADATAENTRY(c:9)
2024-09-10 06:19:54,952 DEBUG server.RaftServer$Division (RaftServerImpl.java:submitClientRequestAsync(910)) - s6@group-7DC22DB0A052: receive client request(RaftClientRequest:client-E23D9C381951->s6@group-7DC22DB0A052, cid=4352, seq=null, RW, Message:01016300)
2024-09-10 06:19:54,952 DEBUG server.RaftServer$Division (RaftServerImpl.java:logAppendEntries(1539)) - s5@group-7DC22DB0A052: appendEntries* reply s6<-s5#27:OK-t1,SUCCESS,nextIndex=11,followerCommit=9,matchIndex=10
2024-09-10 06:19:54,952 DEBUG server.RaftServer$Division (LeaderStateImpl.java:addPendingRequest(532)) - s6@group-7DC22DB0A052-LeaderStateImpl: addPendingRequest at RaftClientRequest:client-E23D9C381951->s6@group-7DC22DB0A052, cid=4352, seq=null, RW, Message:01016300, entry=(t:1, i:11), STATEMACHINELOGENTRY, WRITE: logData.size=4, stateMachineData.size=0, logEntryProtoSerializedSize=0
2024-09-10 06:19:54,953 DEBUG server.RaftServer$Division (RaftServerImpl.java:logAppendEntries(1539)) - s4@group-7DC22DB0A052: appendEntries* s6->s4#30-t1,previous=(t:1, i:10),leaderCommit=9,initializing? false,entries: size=1, first=(t:1, i:11), STATEMACHINELOGENTRY, StateMachineLogEntryProto:4352@client-E23D9C381951
2024-09-10 06:19:54,953 DEBUG server.RaftServer$Division (RaftServerImpl.java:logAppendEntries(1539)) - s5@group-7DC22DB0A052: appendEntries* s6->s5#29-t1,previous=(t:1, i:10),leaderCommit=9,initializing? false,entries: size=1, first=(t:1, i:11), STATEMACHINELOGENTRY, StateMachineLogEntryProto:4352@client-E23D9C381951
2024-09-10 06:19:54,956 DEBUG server.RaftServer$Division (RaftServerImpl.java:logAppendEntries(1539)) - s4@group-7DC22DB0A052: appendEntries* reply s6<-s4#30:OK-t1,SUCCESS,nextIndex=12,followerCommit=9,matchIndex=11
2024-09-10 06:19:54,956 DEBUG server.RaftServer$Division (RaftServerImpl.java:logAppendEntries(1539)) - s5@group-7DC22DB0A052: appendEntries* reply s6<-s5#29:OK-t1,SUCCESS,nextIndex=12,followerCommit=9,matchIndex=11
2024-09-10 06:19:54,956 INFO  statemachine.StateMachine (ArithmeticStateMachine.java:applyTransaction(181)) - LEADER:s6-11: c = null = null
2024-09-10 06:19:54,957 DEBUG server.RaftServer$Division (RaftServerImpl.java:logAppendEntries(1539)) - s4@group-7DC22DB0A052: appendEntries* s6->s4#34-t1,previous=(t:1, i:11),leaderCommit=11,initializing? false,entries: size=1, first=(t:1, i:12), METADATAENTRY(c:11)
2024-09-10 06:19:54,957 DEBUG server.RaftServer$Division (RaftServerImpl.java:logAppendEntries(1539)) - s5@group-7DC22DB0A052: appendEntries* s6->s5#33-t1,previous=(t:1, i:11),leaderCommit=11,initializing? false,entries: size=1, first=(t:1, i:12), METADATAENTRY(c:11)
2024-09-10 06:19:54,957 DEBUG server.RaftServer$Division (RaftServerImpl.java:logAppendEntries(1539)) - s5@group-7DC22DB0A052: appendEntries* reply s6<-s5#33:OK-t1,SUCCESS,nextIndex=13,followerCommit=11,matchIndex=12
2024-09-10 06:19:54,957 DEBUG server.RaftServer$Division (RaftServerImpl.java:logAppendEntries(1539)) - s4@group-7DC22DB0A052: appendEntries* reply s6<-s4#34:OK-t1,SUCCESS,nextIndex=13,followerCommit=11,matchIndex=12
2024-09-10 06:19:54,959 DEBUG server.RaftServer$Division (RaftServerImpl.java:submitClientRequestAsync(910)) - s6@group-7DC22DB0A052: receive client request(RaftClientRequest:client-E23D9C381951->s6@group-7DC22DB0A052, cid=4353, seq=null, RW, Message:01016102405040000000...(size=12))
2024-09-10 06:19:54,960 DEBUG server.RaftServer$Division (LeaderStateImpl.java:addPendingRequest(532)) - s6@group-7DC22DB0A052-LeaderStateImpl: addPendingRequest at RaftClientRequest:client-E23D9C381951->s6@group-7DC22DB0A052, cid=4353, seq=null, RW, Message:01016102405040000000...(size=12), entry=(t:1, i:13), STATEMACHINELOGENTRY, WRITE: logData.size=12, stateMachineData.size=0, logEntryProtoSerializedSize=0
2024-09-10 06:19:54,960 DEBUG server.RaftServer$Division (RaftServerImpl.java:logAppendEntries(1539)) - s4@group-7DC22DB0A052: appendEntries* s6->s4#37-t1,previous=(t:1, i:12),leaderCommit=12,initializing? false,entries: size=1, first=(t:1, i:13), STATEMACHINELOGENTRY, StateMachineLogEntryProto:4353@client-E23D9C381951
2024-09-10 06:19:54,960 DEBUG server.RaftServer$Division (RaftServerImpl.java:logAppendEntries(1539)) - s5@group-7DC22DB0A052: appendEntries* s6->s5#37-t1,previous=(t:1, i:12),leaderCommit=12,initializing? false,entries: size=1, first=(t:1, i:13), STATEMACHINELOGENTRY, StateMachineLogEntryProto:4353@client-E23D9C381951
2024-09-10 06:19:54,961 DEBUG server.RaftServer$Division (RaftServerImpl.java:logAppendEntries(1539)) - s5@group-7DC22DB0A052: appendEntries* reply s6<-s5#37:OK-t1,SUCCESS,nextIndex=14,followerCommit=12,matchIndex=13
2024-09-10 06:19:54,961 DEBUG server.RaftServer$Division (RaftServerImpl.java:logAppendEntries(1539)) - s4@group-7DC22DB0A052: appendEntries* reply s6<-s4#37:OK-t1,SUCCESS,nextIndex=14,followerCommit=12,matchIndex=13
2024-09-10 06:19:54,962 INFO  statemachine.StateMachine (ArithmeticStateMachine.java:applyTransaction(181)) - LEADER:s6-13: a = 65 = 65
2024-09-10 06:19:54,962 DEBUG server.RaftServer$Division (RaftServerImpl.java:logAppendEntries(1539)) - s4@group-7DC22DB0A052: appendEntries* s6->s4#39-t1,previous=(t:1, i:13),leaderCommit=13,initializing? false,entries: size=1, first=(t:1, i:14), METADATAENTRY(c:13)
2024-09-10 06:19:54,962 DEBUG server.RaftServer$Division (RaftServerImpl.java:logAppendEntries(1539)) - s5@group-7DC22DB0A052: appendEntries* s6->s5#38-t1,previous=(t:1, i:13),leaderCommit=13,initializing? false,entries: size=1, first=(t:1, i:14), METADATAENTRY(c:13)
2024-09-10 06:19:54,962 DEBUG server.RaftServer$Division (RaftServerImpl.java:logAppendEntries(1539)) - s5@group-7DC22DB0A052: appendEntries* reply s6<-s5#38:OK-t1,SUCCESS,nextIndex=15,followerCommit=13,matchIndex=14
2024-09-10 06:19:54,962 DEBUG server.RaftServer$Division (RaftServerImpl.java:logAppendEntries(1539)) - s4@group-7DC22DB0A052: appendEntries* reply s6<-s4#39:OK-t1,SUCCESS,nextIndex=15,followerCommit=13,matchIndex=14
2024-09-10 06:19:54,966 DEBUG server.RaftServer$Division (RaftServerImpl.java:submitClientRequestAsync(910)) - s6@group-7DC22DB0A052: receive client request(RaftClientRequest:client-E23D9C381951->s6@group-7DC22DB0A052, cid=4354, seq=null, RW, Message:0101620240a080000000...(size=12))
2024-09-10 06:19:54,966 DEBUG server.RaftServer$Division (LeaderStateImpl.java:addPendingRequest(532)) - s6@group-7DC22DB0A052-LeaderStateImpl: addPendingRequest at RaftClientRequest:client-E23D9C381951->s6@group-7DC22DB0A052, cid=4354, seq=null, RW, Message:0101620240a080000000...(size=12), entry=(t:1, i:15), STATEMACHINELOGENTRY, WRITE: logData.size=12, stateMachineData.size=0, logEntryProtoSerializedSize=0
2024-09-10 06:19:54,967 DEBUG server.RaftServer$Division (RaftServerImpl.java:logAppendEntries(1539)) - s5@group-7DC22DB0A052: appendEntries* s6->s5#42-t1,previous=(t:1, i:14),leaderCommit=14,initializing? false,entries: size=1, first=(t:1, i:15), STATEMACHINELOGENTRY, StateMachineLogEntryProto:4354@client-E23D9C381951
2024-09-10 06:19:54,967 DEBUG server.RaftServer$Division (RaftServerImpl.java:logAppendEntries(1539)) - s5@group-7DC22DB0A052: appendEntries* reply s6<-s5#42:OK-t1,SUCCESS,nextIndex=16,followerCommit=14,matchIndex=15
2024-09-10 06:19:54,967 DEBUG server.RaftServer$Division (RaftServerImpl.java:logAppendEntries(1539)) - s4@group-7DC22DB0A052: appendEntries* s6->s4#44-t1,previous=(t:1, i:14),leaderCommit=14,initializing? false,entries: size=1, first=(t:1, i:15), STATEMACHINELOGENTRY, StateMachineLogEntryProto:4354@client-E23D9C381951
2024-09-10 06:19:54,968 INFO  statemachine.StateMachine (ArithmeticStateMachine.java:applyTransaction(181)) - LEADER:s6-15: b = 2112 = 2112
2024-09-10 06:19:54,968 DEBUG server.RaftServer$Division (RaftServerImpl.java:logAppendEntries(1539)) - s4@group-7DC22DB0A052: appendEntries* reply s6<-s4#44:OK-t1,SUCCESS,nextIndex=16,followerCommit=14,matchIndex=15
2024-09-10 06:19:54,968 DEBUG server.RaftServer$Division (RaftServerImpl.java:logAppendEntries(1539)) - s4@group-7DC22DB0A052: appendEntries* s6->s4#45-t1,previous=(t:1, i:15),leaderCommit=15,initializing? false,entries: size=1, first=(t:1, i:16), METADATAENTRY(c:15)
2024-09-10 06:19:54,969 DEBUG server.RaftServer$Division (RaftServerImpl.java:logAppendEntries(1539)) - s4@group-7DC22DB0A052: appendEntries* reply s6<-s4#45:OK-t1,SUCCESS,nextIndex=17,followerCommit=15,matchIndex=16
2024-09-10 06:19:54,970 DEBUG server.RaftServer$Division (RaftServerImpl.java:logAppendEntries(1539)) - s5@group-7DC22DB0A052: appendEntries* s6->s5#43-t1,previous=(t:1, i:15),leaderCommit=15,initializing? false,entries: size=1, first=(t:1, i:16), METADATAENTRY(c:15)
2024-09-10 06:19:54,970 DEBUG server.RaftServer$Division (RaftServerImpl.java:logAppendEntries(1539)) - s5@group-7DC22DB0A052: appendEntries* reply s6<-s5#43:OK-t1,SUCCESS,nextIndex=17,followerCommit=15,matchIndex=16
2024-09-10 06:19:54,971 DEBUG server.RaftServer$Division (RaftServerImpl.java:submitClientRequestAsync(910)) - s6@group-7DC22DB0A052: receive client request(RaftClientRequest:client-E23D9C381951->s6@group-7DC22DB0A052, cid=4355, seq=null, RW, Message:01016304010300040201...(size=17))
2024-09-10 06:19:54,972 DEBUG server.RaftServer$Division (LeaderStateImpl.java:addPendingRequest(532)) - s6@group-7DC22DB0A052-LeaderStateImpl: addPendingRequest at RaftClientRequest:client-E23D9C381951->s6@group-7DC22DB0A052, cid=4355, seq=null, RW, Message:01016304010300040201...(size=17), entry=(t:1, i:17), STATEMACHINELOGENTRY, WRITE: logData.size=17, stateMachineData.size=0, logEntryProtoSerializedSize=0
2024-09-10 06:19:54,972 DEBUG server.RaftServer$Division (RaftServerImpl.java:logAppendEntries(1539)) - s4@group-7DC22DB0A052: appendEntries* s6->s4#49-t1,previous=(t:1, i:16),leaderCommit=16,initializing? false,entries: size=1, first=(t:1, i:17), STATEMACHINELOGENTRY, StateMachineLogEntryProto:4355@client-E23D9C381951
2024-09-10 06:19:54,973 DEBUG server.RaftServer$Division (RaftServerImpl.java:logAppendEntries(1539)) - s5@group-7DC22DB0A052: appendEntries* s6->s5#47-t1,previous=(t:1, i:16),leaderCommit=16,initializing? false,entries: size=1, first=(t:1, i:17), STATEMACHINELOGENTRY, StateMachineLogEntryProto:4355@client-E23D9C381951
2024-09-10 06:19:54,973 DEBUG server.RaftServer$Division (RaftServerImpl.java:logAppendEntries(1539)) - s4@group-7DC22DB0A052: appendEntries* reply s6<-s4#49:OK-t1,SUCCESS,nextIndex=18,followerCommit=16,matchIndex=17
2024-09-10 06:19:54,973 INFO  statemachine.StateMachine (ArithmeticStateMachine.java:applyTransaction(181)) - LEADER:s6-17: c = √(a^2 + b^2) = 2113
2024-09-10 06:19:54,974 DEBUG server.RaftServer$Division (RaftServerImpl.java:logAppendEntries(1539)) - s4@group-7DC22DB0A052: appendEntries* s6->s4#50-t1,previous=(t:1, i:17),leaderCommit=17,initializing? false,entries: size=1, first=(t:1, i:18), METADATAENTRY(c:17)
2024-09-10 06:19:54,974 DEBUG server.RaftServer$Division (RaftServerImpl.java:logAppendEntries(1539)) - s5@group-7DC22DB0A052: appendEntries* reply s6<-s5#47:OK-t1,SUCCESS,nextIndex=18,followerCommit=16,matchIndex=17
2024-09-10 06:19:54,974 DEBUG server.RaftServer$Division (RaftServerImpl.java:logAppendEntries(1539)) - s5@group-7DC22DB0A052: appendEntries* s6->s5#48-t1,previous=(t:1, i:17),leaderCommit=17,initializing? false,entries: size=1, first=(t:1, i:18), METADATAENTRY(c:17)
2024-09-10 06:19:54,974 DEBUG server.RaftServer$Division (RaftServerImpl.java:logAppendEntries(1539)) - s4@group-7DC22DB0A052: appendEntries* reply s6<-s4#50:OK-t1,SUCCESS,nextIndex=19,followerCommit=17,matchIndex=18
2024-09-10 06:19:54,975 DEBUG server.RaftServer$Division (RaftServerImpl.java:logAppendEntries(1539)) - s5@group-7DC22DB0A052: appendEntries* reply s6<-s5#48:OK-t1,SUCCESS,nextIndex=19,followerCommit=17,matchIndex=18
2024-09-10 06:19:54,977 DEBUG server.RaftServer$Division (RaftServerImpl.java:submitClientRequestAsync(910)) - s6@group-7DC22DB0A052: receive client request(RaftClientRequest:client-E23D9C381951->s6@group-7DC22DB0A052, cid=4356, seq=null, RW, Message:01016100)
2024-09-10 06:19:54,977 DEBUG server.RaftServer$Division (LeaderStateImpl.java:addPendingRequest(532)) - s6@group-7DC22DB0A052-LeaderStateImpl: addPendingRequest at RaftClientRequest:client-E23D9C381951->s6@group-7DC22DB0A052, cid=4356, seq=null, RW, Message:01016100, entry=(t:1, i:19), STATEMACHINELOGENTRY, WRITE: logData.size=4, stateMachineData.size=0, logEntryProtoSerializedSize=0
2024-09-10 06:19:54,978 DEBUG server.RaftServer$Division (RaftServerImpl.java:logAppendEntries(1539)) - s4@group-7DC22DB0A052: appendEntries* s6->s4#55-t1,previous=(t:1, i:18),leaderCommit=18,initializing? false,entries: size=1, first=(t:1, i:19), STATEMACHINELOGENTRY, StateMachineLogEntryProto:4356@client-E23D9C381951
2024-09-10 06:19:54,978 DEBUG server.RaftServer$Division (RaftServerImpl.java:logAppendEntries(1539)) - s4@group-7DC22DB0A052: appendEntries* reply s6<-s4#55:OK-t1,SUCCESS,nextIndex=20,followerCommit=18,matchIndex=19
2024-09-10 06:19:54,978 DEBUG server.RaftServer$Division (RaftServerImpl.java:logAppendEntries(1539)) - s5@group-7DC22DB0A052: appendEntries* s6->s5#52-t1,previous=(t:1, i:18),leaderCommit=18,initializing? false,entries: size=1, first=(t:1, i:19), STATEMACHINELOGENTRY, StateMachineLogEntryProto:4356@client-E23D9C381951
2024-09-10 06:19:54,978 INFO  statemachine.StateMachine (ArithmeticStateMachine.java:applyTransaction(181)) - LEADER:s6-19: a = null = null
2024-09-10 06:19:54,979 DEBUG server.RaftServer$Division (RaftServerImpl.java:logAppendEntries(1539)) - s5@group-7DC22DB0A052: appendEntries* reply s6<-s5#52:OK-t1,SUCCESS,nextIndex=20,followerCommit=18,matchIndex=19
2024-09-10 06:19:54,979 DEBUG server.RaftServer$Division (RaftServerImpl.java:logAppendEntries(1539)) - s4@group-7DC22DB0A052: appendEntries* s6->s4#56-t1,previous=(t:1, i:19),leaderCommit=19,initializing? false,entries: size=1, first=(t:1, i:20), METADATAENTRY(c:19)
2024-09-10 06:19:54,980 DEBUG server.RaftServer$Division (RaftServerImpl.java:logAppendEntries(1539)) - s4@group-7DC22DB0A052: appendEntries* reply s6<-s4#56:OK-t1,SUCCESS,nextIndex=21,followerCommit=19,matchIndex=20
2024-09-10 06:19:54,980 DEBUG server.RaftServer$Division (RaftServerImpl.java:logAppendEntries(1539)) - s5@group-7DC22DB0A052: appendEntries* s6->s5#53-t1,previous=(t:1, i:19),leaderCommit=19,initializing? false,entries: size=1, first=(t:1, i:20), METADATAENTRY(c:19)
2024-09-10 06:19:54,981 DEBUG server.RaftServer$Division (RaftServerImpl.java:logAppendEntries(1539)) - s5@group-7DC22DB0A052: appendEntries* reply s6<-s5#53:OK-t1,SUCCESS,nextIndex=21,followerCommit=19,matchIndex=20
2024-09-10 06:19:54,981 DEBUG server.RaftServer$Division (RaftServerImpl.java:submitClientRequestAsync(910)) - s6@group-7DC22DB0A052: receive client request(RaftClientRequest:client-E23D9C381951->s6@group-7DC22DB0A052, cid=4357, seq=null, RW, Message:01016200)
2024-09-10 06:19:54,982 DEBUG server.RaftServer$Division (LeaderStateImpl.java:addPendingRequest(532)) - s6@group-7DC22DB0A052-LeaderStateImpl: addPendingRequest at RaftClientRequest:client-E23D9C381951->s6@group-7DC22DB0A052, cid=4357, seq=null, RW, Message:01016200, entry=(t:1, i:21), STATEMACHINELOGENTRY, WRITE: logData.size=4, stateMachineData.size=0, logEntryProtoSerializedSize=0
2024-09-10 06:19:54,982 DEBUG server.RaftServer$Division (RaftServerImpl.java:logAppendEntries(1539)) - s4@group-7DC22DB0A052: appendEntries* s6->s4#60-t1,previous=(t:1, i:20),leaderCommit=20,initializing? false,entries: size=1, first=(t:1, i:21), STATEMACHINELOGENTRY, StateMachineLogEntryProto:4357@client-E23D9C381951
2024-09-10 06:19:54,983 DEBUG server.RaftServer$Division (RaftServerImpl.java:logAppendEntries(1539)) - s5@group-7DC22DB0A052: appendEntries* s6->s5#57-t1,previous=(t:1, i:20),leaderCommit=20,initializing? false,entries: size=1, first=(t:1, i:21), STATEMACHINELOGENTRY, StateMachineLogEntryProto:4357@client-E23D9C381951
2024-09-10 06:19:54,983 DEBUG server.RaftServer$Division (RaftServerImpl.java:logAppendEntries(1539)) - s4@group-7DC22DB0A052: appendEntries* reply s6<-s4#60:OK-t1,SUCCESS,nextIndex=22,followerCommit=20,matchIndex=21
2024-09-10 06:19:54,983 DEBUG server.RaftServer$Division (RaftServerImpl.java:logAppendEntries(1539)) - s5@group-7DC22DB0A052: appendEntries* reply s6<-s5#57:OK-t1,SUCCESS,nextIndex=22,followerCommit=20,matchIndex=21
2024-09-10 06:19:54,983 INFO  statemachine.StateMachine (ArithmeticStateMachine.java:applyTransaction(181)) - LEADER:s6-21: b = null = null
2024-09-10 06:19:54,984 DEBUG server.RaftServer$Division (RaftServerImpl.java:logAppendEntries(1539)) - s5@group-7DC22DB0A052: appendEntries* s6->s5#58-t1,previous=(t:1, i:21),leaderCommit=21,initializing? false,entries: size=1, first=(t:1, i:22), METADATAENTRY(c:21)
2024-09-10 06:19:54,984 DEBUG server.RaftServer$Division (RaftServerImpl.java:logAppendEntries(1539)) - s4@group-7DC22DB0A052: appendEntries* s6->s4#61-t1,previous=(t:1, i:21),leaderCommit=21,initializing? false,entries: size=1, first=(t:1, i:22), METADATAENTRY(c:21)
2024-09-10 06:19:54,985 DEBUG server.RaftServer$Division (RaftServerImpl.java:logAppendEntries(1539)) - s4@group-7DC22DB0A052: appendEntries* reply s6<-s4#61:OK-t1,SUCCESS,nextIndex=23,followerCommit=21,matchIndex=22
2024-09-10 06:19:54,985 DEBUG server.RaftServer$Division (RaftServerImpl.java:logAppendEntries(1539)) - s5@group-7DC22DB0A052: appendEntries* reply s6<-s5#58:OK-t1,SUCCESS,nextIndex=23,followerCommit=21,matchIndex=22
2024-09-10 06:19:54,986 DEBUG server.RaftServer$Division (RaftServerImpl.java:submitClientRequestAsync(910)) - s6@group-7DC22DB0A052: receive client request(RaftClientRequest:client-E23D9C381951->s6@group-7DC22DB0A052, cid=4358, seq=null, RW, Message:01016300)
2024-09-10 06:19:54,987 DEBUG server.RaftServer$Division (LeaderStateImpl.java:addPendingRequest(532)) - s6@group-7DC22DB0A052-LeaderStateImpl: addPendingRequest at RaftClientRequest:client-E23D9C381951->s6@group-7DC22DB0A052, cid=4358, seq=null, RW, Message:01016300, entry=(t:1, i:23), STATEMACHINELOGENTRY, WRITE: logData.size=4, stateMachineData.size=0, logEntryProtoSerializedSize=0
2024-09-10 06:19:54,987 DEBUG server.RaftServer$Division (RaftServerImpl.java:logAppendEntries(1539)) - s5@group-7DC22DB0A052: appendEntries* s6->s5#63-t1,previous=(t:1, i:22),leaderCommit=22,initializing? false,entries: size=1, first=(t:1, i:23), STATEMACHINELOGENTRY, StateMachineLogEntryProto:4358@client-E23D9C381951
2024-09-10 06:19:54,988 DEBUG server.RaftServer$Division (RaftServerImpl.java:logAppendEntries(1539)) - s4@group-7DC22DB0A052: appendEntries* s6->s4#64-t1,previous=(t:1, i:22),leaderCommit=22,initializing? false,entries: size=1, first=(t:1, i:23), STATEMACHINELOGENTRY, StateMachineLogEntryProto:4358@client-E23D9C381951
2024-09-10 06:19:54,988 DEBUG server.RaftServer$Division (RaftServerImpl.java:logAppendEntries(1539)) - s4@group-7DC22DB0A052: appendEntries* reply s6<-s4#64:OK-t1,SUCCESS,nextIndex=24,followerCommit=22,matchIndex=23
2024-09-10 06:19:54,988 DEBUG server.RaftServer$Division (RaftServerImpl.java:logAppendEntries(1539)) - s5@group-7DC22DB0A052: appendEntries* reply s6<-s5#63:OK-t1,SUCCESS,nextIndex=24,followerCommit=22,matchIndex=23
2024-09-10 06:19:54,989 INFO  statemachine.StateMachine (ArithmeticStateMachine.java:applyTransaction(181)) - LEADER:s6-23: c = null = null
2024-09-10 06:19:54,989 DEBUG server.RaftServer$Division (RaftServerImpl.java:logAppendEntries(1539)) - s4@group-7DC22DB0A052: appendEntries* s6->s4#66-t1,previous=(t:1, i:23),leaderCommit=23,initializing? false,entries: size=1, first=(t:1, i:24), METADATAENTRY(c:23)
2024-09-10 06:19:54,989 DEBUG server.RaftServer$Division (RaftServerImpl.java:logAppendEntries(1539)) - s5@group-7DC22DB0A052: appendEntries* s6->s5#64-t1,previous=(t:1, i:23),leaderCommit=23,initializing? false,entries: size=1, first=(t:1, i:24), METADATAENTRY(c:23)
2024-09-10 06:19:54,990 DEBUG server.RaftServer$Division (RaftServerImpl.java:logAppendEntries(1539)) - s4@group-7DC22DB0A052: appendEntries* reply s6<-s4#66:OK-t1,SUCCESS,nextIndex=25,followerCommit=23,matchIndex=24
2024-09-10 06:19:54,990 DEBUG server.RaftServer$Division (RaftServerImpl.java:logAppendEntries(1539)) - s5@group-7DC22DB0A052: appendEntries* reply s6<-s5#64:OK-t1,SUCCESS,nextIndex=25,followerCommit=23,matchIndex=24
2024-09-10 06:19:54,991 DEBUG server.RaftServer$Division (RaftServerImpl.java:submitClientRequestAsync(910)) - s6@group-7DC22DB0A052: receive client request(RaftClientRequest:client-E23D9C381951->s6@group-7DC22DB0A052, cid=4359, seq=null, RW, Message:010161024050c0000000...(size=12))
2024-09-10 06:19:54,992 DEBUG server.RaftServer$Division (LeaderStateImpl.java:addPendingRequest(532)) - s6@group-7DC22DB0A052-LeaderStateImpl: addPendingRequest at RaftClientRequest:client-E23D9C381951->s6@group-7DC22DB0A052, cid=4359, seq=null, RW, Message:010161024050c0000000...(size=12), entry=(t:1, i:25), STATEMACHINELOGENTRY, WRITE: logData.size=12, stateMachineData.size=0, logEntryProtoSerializedSize=0
2024-09-10 06:19:54,992 DEBUG server.RaftServer$Division (RaftServerImpl.java:logAppendEntries(1539)) - s5@group-7DC22DB0A052: appendEntries* s6->s5#67-t1,previous=(t:1, i:24),leaderCommit=24,initializing? false,entries: size=1, first=(t:1, i:25), STATEMACHINELOGENTRY, StateMachineLogEntryProto:4359@client-E23D9C381951
2024-09-10 06:19:54,993 DEBUG server.RaftServer$Division (RaftServerImpl.java:logAppendEntries(1539)) - s4@group-7DC22DB0A052: appendEntries* s6->s4#70-t1,previous=(t:1, i:24),leaderCommit=24,initializing? false,entries: size=1, first=(t:1, i:25), STATEMACHINELOGENTRY, StateMachineLogEntryProto:4359@client-E23D9C381951
2024-09-10 06:19:54,993 DEBUG server.RaftServer$Division (RaftServerImpl.java:logAppendEntries(1539)) - s5@group-7DC22DB0A052: appendEntries* reply s6<-s5#67:OK-t1,SUCCESS,nextIndex=26,followerCommit=24,matchIndex=25
2024-09-10 06:19:54,993 DEBUG server.RaftServer$Division (RaftServerImpl.java:logAppendEntries(1539)) - s4@group-7DC22DB0A052: appendEntries* reply s6<-s4#70:OK-t1,SUCCESS,nextIndex=26,followerCommit=24,matchIndex=25
2024-09-10 06:19:54,994 INFO  statemachine.StateMachine (ArithmeticStateMachine.java:applyTransaction(181)) - LEADER:s6-25: a = 67 = 67
2024-09-10 06:19:54,995 DEBUG server.RaftServer$Division (RaftServerImpl.java:logAppendEntries(1539)) - s4@group-7DC22DB0A052: appendEntries* s6->s4#71-t1,previous=(t:1, i:25),leaderCommit=25,initializing? false,entries: size=1, first=(t:1, i:26), METADATAENTRY(c:25)
2024-09-10 06:19:54,995 DEBUG server.RaftServer$Division (RaftServerImpl.java:logAppendEntries(1539)) - s5@group-7DC22DB0A052: appendEntries* s6->s5#69-t1,previous=(t:1, i:25),leaderCommit=25,initializing? false,entries: size=1, first=(t:1, i:26), METADATAENTRY(c:25)
2024-09-10 06:19:54,995 DEBUG server.RaftServer$Division (RaftServerImpl.java:logAppendEntries(1539)) - s4@group-7DC22DB0A052: appendEntries* reply s6<-s4#71:OK-t1,SUCCESS,nextIndex=27,followerCommit=25,matchIndex=26
2024-09-10 06:19:54,996 DEBUG server.RaftServer$Division (RaftServerImpl.java:logAppendEntries(1539)) - s5@group-7DC22DB0A052: appendEntries* reply s6<-s5#69:OK-t1,SUCCESS,nextIndex=27,followerCommit=25,matchIndex=26
2024-09-10 06:19:54,997 DEBUG server.RaftServer$Division (RaftServerImpl.java:submitClientRequestAsync(910)) - s6@group-7DC22DB0A052: receive client request(RaftClientRequest:client-E23D9C381951->s6@group-7DC22DB0A052, cid=4360, seq=null, RW, Message:0101620240a188000000...(size=12))
2024-09-10 06:19:54,997 DEBUG server.RaftServer$Division (LeaderStateImpl.java:addPendingRequest(532)) - s6@group-7DC22DB0A052-LeaderStateImpl: addPendingRequest at RaftClientRequest:client-E23D9C381951->s6@group-7DC22DB0A052, cid=4360, seq=null, RW, Message:0101620240a188000000...(size=12), entry=(t:1, i:27), STATEMACHINELOGENTRY, WRITE: logData.size=12, stateMachineData.size=0, logEntryProtoSerializedSize=0
2024-09-10 06:19:54,997 DEBUG server.RaftServer$Division (RaftServerImpl.java:logAppendEntries(1539)) - s4@group-7DC22DB0A052: appendEntries* s6->s4#73-t1,previous=(t:1, i:26),leaderCommit=26,initializing? false,entries: size=1, first=(t:1, i:27), STATEMACHINELOGENTRY, StateMachineLogEntryProto:4360@client-E23D9C381951
2024-09-10 06:19:54,998 DEBUG server.RaftServer$Division (RaftServerImpl.java:logAppendEntries(1539)) - s4@group-7DC22DB0A052: appendEntries* reply s6<-s4#73:OK-t1,SUCCESS,nextIndex=28,followerCommit=26,matchIndex=27
2024-09-10 06:19:54,998 DEBUG server.RaftServer$Division (RaftServerImpl.java:logAppendEntries(1539)) - s5@group-7DC22DB0A052: appendEntries* s6->s5#72-t1,previous=(t:1, i:26),leaderCommit=26,initializing? false,entries: size=1, first=(t:1, i:27), STATEMACHINELOGENTRY, StateMachineLogEntryProto:4360@client-E23D9C381951
2024-09-10 06:19:54,998 DEBUG server.RaftServer$Division (RaftServerImpl.java:logAppendEntries(1539)) - s5@group-7DC22DB0A052: appendEntries* reply s6<-s5#72:OK-t1,SUCCESS,nextIndex=28,followerCommit=26,matchIndex=27
2024-09-10 06:19:54,998 INFO  statemachine.StateMachine (ArithmeticStateMachine.java:applyTransaction(181)) - LEADER:s6-27: b = 2244 = 2244
2024-09-10 06:19:54,999 DEBUG server.RaftServer$Division (RaftServerImpl.java:logAppendEntries(1539)) - s4@group-7DC22DB0A052: appendEntries* s6->s4#74-t1,previous=(t:1, i:27),leaderCommit=27,initializing? false,entries: size=1, first=(t:1, i:28), METADATAENTRY(c:27)
2024-09-10 06:19:55,000 DEBUG server.RaftServer$Division (RaftServerImpl.java:logAppendEntries(1539)) - s4@group-7DC22DB0A052: appendEntries* reply s6<-s4#74:OK-t1,SUCCESS,nextIndex=29,followerCommit=27,matchIndex=28
2024-09-10 06:19:55,001 DEBUG server.RaftServer$Division (RaftServerImpl.java:submitClientRequestAsync(910)) - s6@group-7DC22DB0A052: receive client request(RaftClientRequest:client-E23D9C381951->s6@group-7DC22DB0A052, cid=4361, seq=null, RW, Message:01016304010300040201...(size=17))
2024-09-10 06:19:55,002 DEBUG server.RaftServer$Division (RaftServerImpl.java:logAppendEntries(1539)) - s5@group-7DC22DB0A052: appendEntries* s6->s5#74-t1,previous=(t:1, i:27),leaderCommit=27,initializing? false,entries: size=1, first=(t:1, i:28), METADATAENTRY(c:27)
2024-09-10 06:19:55,002 DEBUG server.RaftServer$Division (LeaderStateImpl.java:addPendingRequest(532)) - s6@group-7DC22DB0A052-LeaderStateImpl: addPendingRequest at RaftClientRequest:client-E23D9C381951->s6@group-7DC22DB0A052, cid=4361, seq=null, RW, Message:01016304010300040201...(size=17), entry=(t:1, i:29), STATEMACHINELOGENTRY, WRITE: logData.size=17, stateMachineData.size=0, logEntryProtoSerializedSize=0
2024-09-10 06:19:55,002 DEBUG server.RaftServer$Division (RaftServerImpl.java:logAppendEntries(1539)) - s5@group-7DC22DB0A052: appendEntries* reply s6<-s5#74:OK-t1,SUCCESS,nextIndex=29,followerCommit=27,matchIndex=28
2024-09-10 06:19:55,004 DEBUG server.RaftServer$Division (RaftServerImpl.java:logAppendEntries(1539)) - s5@group-7DC22DB0A052: appendEntries* s6->s5#76-t1,previous=(t:1, i:28),leaderCommit=28,initializing? false,entries: size=1, first=(t:1, i:29), STATEMACHINELOGENTRY, StateMachineLogEntryProto:4361@client-E23D9C381951
2024-09-10 06:19:55,004 DEBUG server.RaftServer$Division (RaftServerImpl.java:logAppendEntries(1539)) - s4@group-7DC22DB0A052: appendEntries* s6->s4#77-t1,previous=(t:1, i:28),leaderCommit=28,initializing? false,entries: size=1, first=(t:1, i:29), STATEMACHINELOGENTRY, StateMachineLogEntryProto:4361@client-E23D9C381951
2024-09-10 06:19:55,004 DEBUG server.RaftServer$Division (RaftServerImpl.java:logAppendEntries(1539)) - s5@group-7DC22DB0A052: appendEntries* reply s6<-s5#76:OK-t1,SUCCESS,nextIndex=30,followerCommit=28,matchIndex=29
2024-09-10 06:19:55,004 DEBUG server.RaftServer$Division (RaftServerImpl.java:logAppendEntries(1539)) - s4@group-7DC22DB0A052: appendEntries* reply s6<-s4#77:OK-t1,SUCCESS,nextIndex=30,followerCommit=28,matchIndex=29
2024-09-10 06:19:55,005 INFO  statemachine.StateMachine (ArithmeticStateMachine.java:applyTransaction(181)) - LEADER:s6-29: c = √(a^2 + b^2) = 2245
2024-09-10 06:19:55,006 DEBUG server.RaftServer$Division (RaftServerImpl.java:logAppendEntries(1539)) - s4@group-7DC22DB0A052: appendEntries* s6->s4#80-t1,previous=(t:1, i:29),leaderCommit=29,initializing? false,entries: size=1, first=(t:1, i:30), METADATAENTRY(c:29)
2024-09-10 06:19:55,006 DEBUG server.RaftServer$Division (RaftServerImpl.java:logAppendEntries(1539)) - s5@group-7DC22DB0A052: appendEntries* s6->s5#77-t1,previous=(t:1, i:29),leaderCommit=29,initializing? false,entries: size=1, first=(t:1, i:30), METADATAENTRY(c:29)
2024-09-10 06:19:55,006 DEBUG server.RaftServer$Division (RaftServerImpl.java:logAppendEntries(1539)) - s5@group-7DC22DB0A052: appendEntries* reply s6<-s5#77:OK-t1,SUCCESS,nextIndex=31,followerCommit=29,matchIndex=30
2024-09-10 06:19:55,006 DEBUG server.RaftServer$Division (RaftServerImpl.java:logAppendEntries(1539)) - s4@group-7DC22DB0A052: appendEntries* reply s6<-s4#80:OK-t1,SUCCESS,nextIndex=31,followerCommit=29,matchIndex=30
2024-09-10 06:19:55,009 DEBUG server.RaftServer$Division (RaftServerImpl.java:submitClientRequestAsync(910)) - s6@group-7DC22DB0A052: receive client request(RaftClientRequest:client-E23D9C381951->s6@group-7DC22DB0A052, cid=4362, seq=null, RW, Message:01016100)
2024-09-10 06:19:55,009 DEBUG server.RaftServer$Division (LeaderStateImpl.java:addPendingRequest(532)) - s6@group-7DC22DB0A052-LeaderStateImpl: addPendingRequest at RaftClientRequest:client-E23D9C381951->s6@group-7DC22DB0A052, cid=4362, seq=null, RW, Message:01016100, entry=(t:1, i:31), STATEMACHINELOGENTRY, WRITE: logData.size=4, stateMachineData.size=0, logEntryProtoSerializedSize=0
2024-09-10 06:19:55,010 DEBUG server.RaftServer$Division (RaftServerImpl.java:logAppendEntries(1539)) - s4@group-7DC22DB0A052: appendEntries* s6->s4#83-t1,previous=(t:1, i:30),leaderCommit=30,initializing? false,entries: size=1, first=(t:1, i:31), STATEMACHINELOGENTRY, StateMachineLogEntryProto:4362@client-E23D9C381951
2024-09-10 06:19:55,010 DEBUG server.RaftServer$Division (RaftServerImpl.java:logAppendEntries(1539)) - s5@group-7DC22DB0A052: appendEntries* s6->s5#80-t1,previous=(t:1, i:30),leaderCommit=30,initializing? false,entries: size=1, first=(t:1, i:31), STATEMACHINELOGENTRY, StateMachineLogEntryProto:4362@client-E23D9C381951
2024-09-10 06:19:55,011 DEBUG server.RaftServer$Division (RaftServerImpl.java:logAppendEntries(1539)) - s5@group-7DC22DB0A052: appendEntries* reply s6<-s5#80:OK-t1,SUCCESS,nextIndex=32,followerCommit=30,matchIndex=31
2024-09-10 06:19:55,011 DEBUG server.RaftServer$Division (RaftServerImpl.java:logAppendEntries(1539)) - s4@group-7DC22DB0A052: appendEntries* reply s6<-s4#83:OK-t1,SUCCESS,nextIndex=32,followerCommit=30,matchIndex=31
2024-09-10 06:19:55,011 INFO  statemachine.StateMachine (ArithmeticStateMachine.java:applyTransaction(181)) - LEADER:s6-31: a = null = null
2024-09-10 06:19:55,013 DEBUG server.RaftServer$Division (RaftServerImpl.java:logAppendEntries(1539)) - s4@group-7DC22DB0A052: appendEntries* s6->s4#84-t1,previous=(t:1, i:31),leaderCommit=31,initializing? false,entries: size=1, first=(t:1, i:32), METADATAENTRY(c:31)
2024-09-10 06:19:55,013 DEBUG server.RaftServer$Division (RaftServerImpl.java:logAppendEntries(1539)) - s5@group-7DC22DB0A052: appendEntries* s6->s5#81-t1,previous=(t:1, i:31),leaderCommit=31,initializing? false,entries: size=1, first=(t:1, i:32), METADATAENTRY(c:31)
2024-09-10 06:19:55,014 DEBUG server.RaftServer$Division (RaftServerImpl.java:logAppendEntries(1539)) - s4@group-7DC22DB0A052: appendEntries* reply s6<-s4#84:OK-t1,SUCCESS,nextIndex=33,followerCommit=31,matchIndex=32
2024-09-10 06:19:55,014 DEBUG server.RaftServer$Division (RaftServerImpl.java:logAppendEntries(1539)) - s5@group-7DC22DB0A052: appendEntries* reply s6<-s5#81:OK-t1,SUCCESS,nextIndex=33,followerCommit=31,matchIndex=32
2024-09-10 06:19:55,016 DEBUG server.RaftServer$Division (RaftServerImpl.java:submitClientRequestAsync(910)) - s6@group-7DC22DB0A052: receive client request(RaftClientRequest:client-E23D9C381951->s6@group-7DC22DB0A052, cid=4363, seq=null, RW, Message:01016200)
2024-09-10 06:19:55,016 DEBUG server.RaftServer$Division (LeaderStateImpl.java:addPendingRequest(532)) - s6@group-7DC22DB0A052-LeaderStateImpl: addPendingRequest at RaftClientRequest:client-E23D9C381951->s6@group-7DC22DB0A052, cid=4363, seq=null, RW, Message:01016200, entry=(t:1, i:33), STATEMACHINELOGENTRY, WRITE: logData.size=4, stateMachineData.size=0, logEntryProtoSerializedSize=0
2024-09-10 06:19:55,017 DEBUG server.RaftServer$Division (RaftServerImpl.java:logAppendEntries(1539)) - s4@group-7DC22DB0A052: appendEntries* s6->s4#88-t1,previous=(t:1, i:32),leaderCommit=32,initializing? false,entries: size=1, first=(t:1, i:33), STATEMACHINELOGENTRY, StateMachineLogEntryProto:4363@client-E23D9C381951
2024-09-10 06:19:55,017 DEBUG server.RaftServer$Division (RaftServerImpl.java:logAppendEntries(1539)) - s5@group-7DC22DB0A052: appendEntries* s6->s5#85-t1,previous=(t:1, i:32),leaderCommit=32,initializing? false,entries: size=1, first=(t:1, i:33), STATEMACHINELOGENTRY, StateMachineLogEntryProto:4363@client-E23D9C381951
2024-09-10 06:19:55,017 DEBUG server.RaftServer$Division (RaftServerImpl.java:logAppendEntries(1539)) - s4@group-7DC22DB0A052: appendEntries* reply s6<-s4#88:OK-t1,SUCCESS,nextIndex=34,followerCommit=32,matchIndex=33
2024-09-10 06:19:55,017 DEBUG server.RaftServer$Division (RaftServerImpl.java:logAppendEntries(1539)) - s5@group-7DC22DB0A052: appendEntries* reply s6<-s5#85:OK-t1,SUCCESS,nextIndex=34,followerCommit=32,matchIndex=33
2024-09-10 06:19:55,018 INFO  statemachine.StateMachine (ArithmeticStateMachine.java:applyTransaction(181)) - LEADER:s6-33: b = null = null
2024-09-10 06:19:55,019 DEBUG server.RaftServer$Division (RaftServerImpl.java:logAppendEntries(1539)) - s4@group-7DC22DB0A052: appendEntries* s6->s4#89-t1,previous=(t:1, i:33),leaderCommit=33,initializing? false,entries: size=1, first=(t:1, i:34), METADATAENTRY(c:33)
2024-09-10 06:19:55,019 DEBUG server.RaftServer$Division (RaftServerImpl.java:logAppendEntries(1539)) - s5@group-7DC22DB0A052: appendEntries* s6->s5#86-t1,previous=(t:1, i:33),leaderCommit=33,initializing? false,entries: size=1, first=(t:1, i:34), METADATAENTRY(c:33)
2024-09-10 06:19:55,020 DEBUG server.RaftServer$Division (RaftServerImpl.java:logAppendEntries(1539)) - s4@group-7DC22DB0A052: appendEntries* reply s6<-s4#89:OK-t1,SUCCESS,nextIndex=35,followerCommit=33,matchIndex=34
2024-09-10 06:19:55,020 DEBUG server.RaftServer$Division (RaftServerImpl.java:logAppendEntries(1539)) - s5@group-7DC22DB0A052: appendEntries* reply s6<-s5#86:OK-t1,SUCCESS,nextIndex=35,followerCommit=33,matchIndex=34
2024-09-10 06:19:55,020 DEBUG server.RaftServer$Division (RaftServerImpl.java:submitClientRequestAsync(910)) - s6@group-7DC22DB0A052: receive client request(RaftClientRequest:client-E23D9C381951->s6@group-7DC22DB0A052, cid=4364, seq=null, RW, Message:01016300)
2024-09-10 06:19:55,021 DEBUG server.RaftServer$Division (LeaderStateImpl.java:addPendingRequest(532)) - s6@group-7DC22DB0A052-LeaderStateImpl: addPendingRequest at RaftClientRequest:client-E23D9C381951->s6@group-7DC22DB0A052, cid=4364, seq=null, RW, Message:01016300, entry=(t:1, i:35), STATEMACHINELOGENTRY, WRITE: logData.size=4, stateMachineData.size=0, logEntryProtoSerializedSize=0
2024-09-10 06:19:55,023 DEBUG server.RaftServer$Division (RaftServerImpl.java:logAppendEntries(1539)) - s5@group-7DC22DB0A052: appendEntries* s6->s5#88-t1,previous=(t:1, i:34),leaderCommit=33,initializing? false,entries: size=1, first=(t:1, i:35), STATEMACHINELOGENTRY, StateMachineLogEntryProto:4364@client-E23D9C381951
2024-09-10 06:19:55,023 DEBUG server.RaftServer$Division (RaftServerImpl.java:logAppendEntries(1539)) - s4@group-7DC22DB0A052: appendEntries* s6->s4#90-t1,previous=(t:1, i:34),leaderCommit=33,initializing? false,entries: size=1, first=(t:1, i:35), STATEMACHINELOGENTRY, StateMachineLogEntryProto:4364@client-E23D9C381951
2024-09-10 06:19:55,024 DEBUG server.RaftServer$Division (RaftServerImpl.java:logAppendEntries(1539)) - s5@group-7DC22DB0A052: appendEntries* reply s6<-s5#88:OK-t1,SUCCESS,nextIndex=36,followerCommit=33,matchIndex=35
2024-09-10 06:19:55,024 DEBUG server.RaftServer$Division (RaftServerImpl.java:logAppendEntries(1539)) - s4@group-7DC22DB0A052: appendEntries* reply s6<-s4#90:OK-t1,SUCCESS,nextIndex=36,followerCommit=33,matchIndex=35
2024-09-10 06:19:55,024 INFO  statemachine.StateMachine (ArithmeticStateMachine.java:applyTransaction(181)) - LEADER:s6-35: c = null = null
2024-09-10 06:19:55,025 DEBUG server.RaftServer$Division (RaftServerImpl.java:logAppendEntries(1539)) - s4@group-7DC22DB0A052: appendEntries* s6->s4#92-t1,previous=(t:1, i:35),leaderCommit=35,initializing? false,entries: size=1, first=(t:1, i:36), METADATAENTRY(c:35)
2024-09-10 06:19:55,025 DEBUG server.RaftServer$Division (RaftServerImpl.java:logAppendEntries(1539)) - s5@group-7DC22DB0A052: appendEntries* s6->s5#90-t1,previous=(t:1, i:35),leaderCommit=35,initializing? false,entries: size=1, first=(t:1, i:36), METADATAENTRY(c:35)
2024-09-10 06:19:55,026 DEBUG server.RaftServer$Division (RaftServerImpl.java:logAppendEntries(1539)) - s5@group-7DC22DB0A052: appendEntries* reply s6<-s5#90:OK-t1,SUCCESS,nextIndex=37,followerCommit=35,matchIndex=36
2024-09-10 06:19:55,026 DEBUG server.RaftServer$Division (RaftServerImpl.java:logAppendEntries(1539)) - s4@group-7DC22DB0A052: appendEntries* reply s6<-s4#92:OK-t1,SUCCESS,nextIndex=37,followerCommit=35,matchIndex=36
2024-09-10 06:19:55,027 DEBUG server.RaftServer$Division (RaftServerImpl.java:submitClientRequestAsync(910)) - s6@group-7DC22DB0A052: receive client request(RaftClientRequest:client-E23D9C381951->s6@group-7DC22DB0A052, cid=4365, seq=null, RW, Message:01016102405140000000...(size=12))
2024-09-10 06:19:55,028 DEBUG server.RaftServer$Division (LeaderStateImpl.java:addPendingRequest(532)) - s6@group-7DC22DB0A052-LeaderStateImpl: addPendingRequest at RaftClientRequest:client-E23D9C381951->s6@group-7DC22DB0A052, cid=4365, seq=null, RW, Message:01016102405140000000...(size=12), entry=(t:1, i:37), STATEMACHINELOGENTRY, WRITE: logData.size=12, stateMachineData.size=0, logEntryProtoSerializedSize=0
2024-09-10 06:19:55,031 DEBUG server.RaftServer$Division (RaftServerImpl.java:logAppendEntries(1539)) - s5@group-7DC22DB0A052: appendEntries* s6->s5#94-t1,previous=(t:1, i:36),leaderCommit=36,initializing? false,entries: size=1, first=(t:1, i:37), STATEMACHINELOGENTRY, StateMachineLogEntryProto:4365@client-E23D9C381951
2024-09-10 06:19:55,031 DEBUG server.RaftServer$Division (RaftServerImpl.java:logAppendEntries(1539)) - s4@group-7DC22DB0A052: appendEntries* s6->s4#96-t1,previous=(t:1, i:36),leaderCommit=36,initializing? false,entries: size=1, first=(t:1, i:37), STATEMACHINELOGENTRY, StateMachineLogEntryProto:4365@client-E23D9C381951
2024-09-10 06:19:55,032 DEBUG server.RaftServer$Division (RaftServerImpl.java:logAppendEntries(1539)) - s5@group-7DC22DB0A052: appendEntries* reply s6<-s5#94:OK-t1,SUCCESS,nextIndex=38,followerCommit=36,matchIndex=37
2024-09-10 06:19:55,032 DEBUG server.RaftServer$Division (RaftServerImpl.java:logAppendEntries(1539)) - s4@group-7DC22DB0A052: appendEntries* reply s6<-s4#96:OK-t1,SUCCESS,nextIndex=38,followerCommit=36,matchIndex=37
2024-09-10 06:19:55,032 INFO  statemachine.StateMachine (ArithmeticStateMachine.java:applyTransaction(181)) - LEADER:s6-37: a = 69 = 69
2024-09-10 06:19:55,033 DEBUG server.RaftServer$Division (RaftServerImpl.java:logAppendEntries(1539)) - s5@group-7DC22DB0A052: appendEntries* s6->s5#95-t1,previous=(t:1, i:37),leaderCommit=37,initializing? false,entries: size=1, first=(t:1, i:38), METADATAENTRY(c:37)
2024-09-10 06:19:55,033 DEBUG server.RaftServer$Division (RaftServerImpl.java:logAppendEntries(1539)) - s4@group-7DC22DB0A052: appendEntries* s6->s4#98-t1,previous=(t:1, i:37),leaderCommit=37,initializing? false,entries: size=1, first=(t:1, i:38), METADATAENTRY(c:37)
2024-09-10 06:19:55,033 DEBUG server.RaftServer$Division (RaftServerImpl.java:logAppendEntries(1539)) - s5@group-7DC22DB0A052: appendEntries* reply s6<-s5#95:OK-t1,SUCCESS,nextIndex=39,followerCommit=37,matchIndex=38
2024-09-10 06:19:55,034 DEBUG server.RaftServer$Division (RaftServerImpl.java:logAppendEntries(1539)) - s4@group-7DC22DB0A052: appendEntries* reply s6<-s4#98:OK-t1,SUCCESS,nextIndex=39,followerCommit=37,matchIndex=38
2024-09-10 06:19:55,035 DEBUG server.RaftServer$Division (RaftServerImpl.java:submitClientRequestAsync(910)) - s6@group-7DC22DB0A052: receive client request(RaftClientRequest:client-E23D9C381951->s6@group-7DC22DB0A052, cid=4366, seq=null, RW, Message:0101620240a298000000...(size=12))
2024-09-10 06:19:55,036 DEBUG server.RaftServer$Division (LeaderStateImpl.java:addPendingRequest(532)) - s6@group-7DC22DB0A052-LeaderStateImpl: addPendingRequest at RaftClientRequest:client-E23D9C381951->s6@group-7DC22DB0A052, cid=4366, seq=null, RW, Message:0101620240a298000000...(size=12), entry=(t:1, i:39), STATEMACHINELOGENTRY, WRITE: logData.size=12, stateMachineData.size=0, logEntryProtoSerializedSize=0
2024-09-10 06:19:55,036 DEBUG server.RaftServer$Division (RaftServerImpl.java:logAppendEntries(1539)) - s4@group-7DC22DB0A052: appendEntries* s6->s4#100-t1,previous=(t:1, i:38),leaderCommit=38,initializing? false,entries: size=1, first=(t:1, i:39), STATEMACHINELOGENTRY, StateMachineLogEntryProto:4366@client-E23D9C381951
2024-09-10 06:19:55,037 DEBUG server.RaftServer$Division (RaftServerImpl.java:logAppendEntries(1539)) - s5@group-7DC22DB0A052: appendEntries* s6->s5#98-t1,previous=(t:1, i:38),leaderCommit=38,initializing? false,entries: size=1, first=(t:1, i:39), STATEMACHINELOGENTRY, StateMachineLogEntryProto:4366@client-E23D9C381951
2024-09-10 06:19:55,037 DEBUG server.RaftServer$Division (RaftServerImpl.java:logAppendEntries(1539)) - s4@group-7DC22DB0A052: appendEntries* reply s6<-s4#100:OK-t1,SUCCESS,nextIndex=40,followerCommit=38,matchIndex=39
2024-09-10 06:19:55,037 DEBUG server.RaftServer$Division (RaftServerImpl.java:logAppendEntries(1539)) - s5@group-7DC22DB0A052: appendEntries* reply s6<-s5#98:OK-t1,SUCCESS,nextIndex=40,followerCommit=38,matchIndex=39
2024-09-10 06:19:55,038 INFO  statemachine.StateMachine (ArithmeticStateMachine.java:applyTransaction(181)) - LEADER:s6-39: b = 2380 = 2380
2024-09-10 06:19:55,039 DEBUG server.RaftServer$Division (RaftServerImpl.java:logAppendEntries(1539)) - s4@group-7DC22DB0A052: appendEntries* s6->s4#101-t1,previous=(t:1, i:39),leaderCommit=39,initializing? false,entries: size=1, first=(t:1, i:40), METADATAENTRY(c:39)
2024-09-10 06:19:55,039 DEBUG server.RaftServer$Division (RaftServerImpl.java:logAppendEntries(1539)) - s4@group-7DC22DB0A052: appendEntries* reply s6<-s4#101:OK-t1,SUCCESS,nextIndex=41,followerCommit=39,matchIndex=40
2024-09-10 06:19:55,040 DEBUG server.RaftServer$Division (RaftServerImpl.java:logAppendEntries(1539)) - s5@group-7DC22DB0A052: appendEntries* s6->s5#100-t1,previous=(t:1, i:39),leaderCommit=39,initializing? false,entries: size=1, first=(t:1, i:40), METADATAENTRY(c:39)
2024-09-10 06:19:55,040 DEBUG server.RaftServer$Division (RaftServerImpl.java:logAppendEntries(1539)) - s5@group-7DC22DB0A052: appendEntries* reply s6<-s5#100:OK-t1,SUCCESS,nextIndex=41,followerCommit=39,matchIndex=40
2024-09-10 06:19:55,040 DEBUG server.RaftServer$Division (RaftServerImpl.java:submitClientRequestAsync(910)) - s6@group-7DC22DB0A052: receive client request(RaftClientRequest:client-E23D9C381951->s6@group-7DC22DB0A052, cid=4367, seq=null, RW, Message:01016304010300040201...(size=17))
2024-09-10 06:19:55,041 DEBUG server.RaftServer$Division (LeaderStateImpl.java:addPendingRequest(532)) - s6@group-7DC22DB0A052-LeaderStateImpl: addPendingRequest at RaftClientRequest:client-E23D9C381951->s6@group-7DC22DB0A052, cid=4367, seq=null, RW, Message:01016304010300040201...(size=17), entry=(t:1, i:41), STATEMACHINELOGENTRY, WRITE: logData.size=17, stateMachineData.size=0, logEntryProtoSerializedSize=0
2024-09-10 06:19:55,042 DEBUG server.RaftServer$Division (RaftServerImpl.java:logAppendEntries(1539)) - s4@group-7DC22DB0A052: appendEntries* s6->s4#104-t1,previous=(t:1, i:40),leaderCommit=40,initializing? false,entries: size=1, first=(t:1, i:41), STATEMACHINELOGENTRY, StateMachineLogEntryProto:4367@client-E23D9C381951
2024-09-10 06:19:55,042 DEBUG server.RaftServer$Division (RaftServerImpl.java:logAppendEntries(1539)) - s5@group-7DC22DB0A052: appendEntries* s6->s5#102-t1,previous=(t:1, i:40),leaderCommit=40,initializing? false,entries: size=1, first=(t:1, i:41), STATEMACHINELOGENTRY, StateMachineLogEntryProto:4367@client-E23D9C381951
2024-09-10 06:19:55,042 DEBUG server.RaftServer$Division (RaftServerImpl.java:logAppendEntries(1539)) - s4@group-7DC22DB0A052: appendEntries* reply s6<-s4#104:OK-t1,SUCCESS,nextIndex=42,followerCommit=40,matchIndex=41
2024-09-10 06:19:55,042 DEBUG server.RaftServer$Division (RaftServerImpl.java:logAppendEntries(1539)) - s5@group-7DC22DB0A052: appendEntries* reply s6<-s5#102:OK-t1,SUCCESS,nextIndex=42,followerCommit=40,matchIndex=41
2024-09-10 06:19:55,042 INFO  statemachine.StateMachine (ArithmeticStateMachine.java:applyTransaction(181)) - LEADER:s6-41: c = √(a^2 + b^2) = 2381
2024-09-10 06:19:55,043 DEBUG server.RaftServer$Division (RaftServerImpl.java:logAppendEntries(1539)) - s4@group-7DC22DB0A052: appendEntries* s6->s4#106-t1,previous=(t:1, i:41),leaderCommit=41,initializing? false,entries: size=1, first=(t:1, i:42), METADATAENTRY(c:41)
2024-09-10 06:19:55,043 DEBUG server.RaftServer$Division (RaftServerImpl.java:logAppendEntries(1539)) - s5@group-7DC22DB0A052: appendEntries* s6->s5#104-t1,previous=(t:1, i:41),leaderCommit=41,initializing? false,entries: size=1, first=(t:1, i:42), METADATAENTRY(c:41)
2024-09-10 06:19:55,044 DEBUG server.RaftServer$Division (RaftServerImpl.java:logAppendEntries(1539)) - s4@group-7DC22DB0A052: appendEntries* reply s6<-s4#106:OK-t1,SUCCESS,nextIndex=43,followerCommit=41,matchIndex=42
2024-09-10 06:19:55,044 DEBUG server.RaftServer$Division (RaftServerImpl.java:logAppendEntries(1539)) - s5@group-7DC22DB0A052: appendEntries* reply s6<-s5#104:OK-t1,SUCCESS,nextIndex=43,followerCommit=41,matchIndex=42
2024-09-10 06:19:55,045 DEBUG server.RaftServer$Division (RaftServerImpl.java:submitClientRequestAsync(910)) - s6@group-7DC22DB0A052: receive client request(RaftClientRequest:client-E23D9C381951->s6@group-7DC22DB0A052, cid=4368, seq=null, RW, Message:01016100)
2024-09-10 06:19:55,046 DEBUG server.RaftServer$Division (LeaderStateImpl.java:addPendingRequest(532)) - s6@group-7DC22DB0A052-LeaderStateImpl: addPendingRequest at RaftClientRequest:client-E23D9C381951->s6@group-7DC22DB0A052, cid=4368, seq=null, RW, Message:01016100, entry=(t:1, i:43), STATEMACHINELOGENTRY, WRITE: logData.size=4, stateMachineData.size=0, logEntryProtoSerializedSize=0
2024-09-10 06:19:55,046 DEBUG server.RaftServer$Division (RaftServerImpl.java:logAppendEntries(1539)) - s4@group-7DC22DB0A052: appendEntries* s6->s4#110-t1,previous=(t:1, i:42),leaderCommit=42,initializing? false,entries: size=1, first=(t:1, i:43), STATEMACHINELOGENTRY, StateMachineLogEntryProto:4368@client-E23D9C381951
2024-09-10 06:19:55,047 DEBUG server.RaftServer$Division (RaftServerImpl.java:logAppendEntries(1539)) - s5@group-7DC22DB0A052: appendEntries* s6->s5#108-t1,previous=(t:1, i:42),leaderCommit=42,initializing? false,entries: size=1, first=(t:1, i:43), STATEMACHINELOGENTRY, StateMachineLogEntryProto:4368@client-E23D9C381951
2024-09-10 06:19:55,047 DEBUG server.RaftServer$Division (RaftServerImpl.java:logAppendEntries(1539)) - s4@group-7DC22DB0A052: appendEntries* reply s6<-s4#110:OK-t1,SUCCESS,nextIndex=44,followerCommit=42,matchIndex=43
2024-09-10 06:19:55,047 DEBUG server.RaftServer$Division (RaftServerImpl.java:logAppendEntries(1539)) - s5@group-7DC22DB0A052: appendEntries* reply s6<-s5#108:OK-t1,SUCCESS,nextIndex=44,followerCommit=42,matchIndex=43
2024-09-10 06:19:55,048 INFO  statemachine.StateMachine (ArithmeticStateMachine.java:applyTransaction(181)) - LEADER:s6-43: a = null = null
2024-09-10 06:19:55,051 DEBUG server.RaftServer$Division (RaftServerImpl.java:logAppendEntries(1539)) - s5@group-7DC22DB0A052: appendEntries* s6->s5#109-t1,previous=(t:1, i:43),leaderCommit=43,initializing? false,entries: size=1, first=(t:1, i:44), METADATAENTRY(c:43)
2024-09-10 06:19:55,051 DEBUG server.RaftServer$Division (RaftServerImpl.java:logAppendEntries(1539)) - s4@group-7DC22DB0A052: appendEntries* s6->s4#111-t1,previous=(t:1, i:43),leaderCommit=43,initializing? false,entries: size=1, first=(t:1, i:44), METADATAENTRY(c:43)
2024-09-10 06:19:55,052 DEBUG server.RaftServer$Division (RaftServerImpl.java:logAppendEntries(1539)) - s5@group-7DC22DB0A052: appendEntries* reply s6<-s5#109:OK-t1,SUCCESS,nextIndex=45,followerCommit=43,matchIndex=44
2024-09-10 06:19:55,052 DEBUG server.RaftServer$Division (RaftServerImpl.java:submitClientRequestAsync(910)) - s6@group-7DC22DB0A052: receive client request(RaftClientRequest:client-E23D9C381951->s6@group-7DC22DB0A052, cid=4369, seq=null, RW, Message:01016200)
2024-09-10 06:19:55,052 DEBUG server.RaftServer$Division (RaftServerImpl.java:logAppendEntries(1539)) - s4@group-7DC22DB0A052: appendEntries* reply s6<-s4#111:OK-t1,SUCCESS,nextIndex=45,followerCommit=43,matchIndex=44
2024-09-10 06:19:55,052 DEBUG server.RaftServer$Division (LeaderStateImpl.java:addPendingRequest(532)) - s6@group-7DC22DB0A052-LeaderStateImpl: addPendingRequest at RaftClientRequest:client-E23D9C381951->s6@group-7DC22DB0A052, cid=4369, seq=null, RW, Message:01016200, entry=(t:1, i:45), STATEMACHINELOGENTRY, WRITE: logData.size=4, stateMachineData.size=0, logEntryProtoSerializedSize=0
2024-09-10 06:19:55,053 DEBUG server.RaftServer$Division (RaftServerImpl.java:logAppendEntries(1539)) - s5@group-7DC22DB0A052: appendEntries* s6->s5#111-t1,previous=(t:1, i:44),leaderCommit=43,initializing? false,entries: size=1, first=(t:1, i:45), STATEMACHINELOGENTRY, StateMachineLogEntryProto:4369@client-E23D9C381951
2024-09-10 06:19:55,053 DEBUG server.RaftServer$Division (RaftServerImpl.java:logAppendEntries(1539)) - s4@group-7DC22DB0A052: appendEntries* s6->s4#113-t1,previous=(t:1, i:44),leaderCommit=44,initializing? false,entries: size=1, first=(t:1, i:45), STATEMACHINELOGENTRY, StateMachineLogEntryProto:4369@client-E23D9C381951
2024-09-10 06:19:55,054 DEBUG server.RaftServer$Division (RaftServerImpl.java:logAppendEntries(1539)) - s5@group-7DC22DB0A052: appendEntries* reply s6<-s5#111:OK-t1,SUCCESS,nextIndex=46,followerCommit=43,matchIndex=45
2024-09-10 06:19:55,054 DEBUG server.RaftServer$Division (RaftServerImpl.java:logAppendEntries(1539)) - s4@group-7DC22DB0A052: appendEntries* reply s6<-s4#113:OK-t1,SUCCESS,nextIndex=46,followerCommit=44,matchIndex=45
2024-09-10 06:19:55,054 INFO  statemachine.StateMachine (ArithmeticStateMachine.java:applyTransaction(181)) - LEADER:s6-45: b = null = null
2024-09-10 06:19:55,055 DEBUG server.RaftServer$Division (RaftServerImpl.java:logAppendEntries(1539)) - s4@group-7DC22DB0A052: appendEntries* s6->s4#114-t1,previous=(t:1, i:45),leaderCommit=45,initializing? false,entries: size=1, first=(t:1, i:46), METADATAENTRY(c:45)
2024-09-10 06:19:55,055 DEBUG server.RaftServer$Division (RaftServerImpl.java:logAppendEntries(1539)) - s4@group-7DC22DB0A052: appendEntries* reply s6<-s4#114:OK-t1,SUCCESS,nextIndex=47,followerCommit=45,matchIndex=46
2024-09-10 06:19:55,056 DEBUG server.RaftServer$Division (RaftServerImpl.java:logAppendEntries(1539)) - s5@group-7DC22DB0A052: appendEntries* s6->s5#113-t1,previous=(t:1, i:45),leaderCommit=45,initializing? false,entries: size=1, first=(t:1, i:46), METADATAENTRY(c:45)
2024-09-10 06:19:55,056 DEBUG server.RaftServer$Division (RaftServerImpl.java:logAppendEntries(1539)) - s5@group-7DC22DB0A052: appendEntries* reply s6<-s5#113:OK-t1,SUCCESS,nextIndex=47,followerCommit=45,matchIndex=46
2024-09-10 06:19:55,058 DEBUG server.RaftServer$Division (RaftServerImpl.java:submitClientRequestAsync(910)) - s6@group-7DC22DB0A052: receive client request(RaftClientRequest:client-E23D9C381951->s6@group-7DC22DB0A052, cid=4370, seq=null, RW, Message:01016300)
2024-09-10 06:19:55,058 DEBUG server.RaftServer$Division (LeaderStateImpl.java:addPendingRequest(532)) - s6@group-7DC22DB0A052-LeaderStateImpl: addPendingRequest at RaftClientRequest:client-E23D9C381951->s6@group-7DC22DB0A052, cid=4370, seq=null, RW, Message:01016300, entry=(t:1, i:47), STATEMACHINELOGENTRY, WRITE: logData.size=4, stateMachineData.size=0, logEntryProtoSerializedSize=0
2024-09-10 06:19:55,059 DEBUG server.RaftServer$Division (RaftServerImpl.java:logAppendEntries(1539)) - s5@group-7DC22DB0A052: appendEntries* s6->s5#116-t1,previous=(t:1, i:46),leaderCommit=46,initializing? false,entries: size=1, first=(t:1, i:47), STATEMACHINELOGENTRY, StateMachineLogEntryProto:4370@client-E23D9C381951
2024-09-10 06:19:55,059 DEBUG server.RaftServer$Division (RaftServerImpl.java:logAppendEntries(1539)) - s4@group-7DC22DB0A052: appendEntries* s6->s4#118-t1,previous=(t:1, i:46),leaderCommit=46,initializing? false,entries: size=1, first=(t:1, i:47), STATEMACHINELOGENTRY, StateMachineLogEntryProto:4370@client-E23D9C381951
2024-09-10 06:19:55,059 DEBUG server.RaftServer$Division (RaftServerImpl.java:logAppendEntries(1539)) - s5@group-7DC22DB0A052: appendEntries* reply s6<-s5#116:OK-t1,SUCCESS,nextIndex=48,followerCommit=46,matchIndex=47
2024-09-10 06:19:55,059 DEBUG server.RaftServer$Division (RaftServerImpl.java:logAppendEntries(1539)) - s4@group-7DC22DB0A052: appendEntries* reply s6<-s4#118:OK-t1,SUCCESS,nextIndex=48,followerCommit=46,matchIndex=47
2024-09-10 06:19:55,060 INFO  statemachine.StateMachine (ArithmeticStateMachine.java:applyTransaction(181)) - LEADER:s6-47: c = null = null
2024-09-10 06:19:55,060 DEBUG server.RaftServer$Division (RaftServerImpl.java:logAppendEntries(1539)) - s4@group-7DC22DB0A052: appendEntries* s6->s4#119-t1,previous=(t:1, i:47),leaderCommit=47,initializing? false,entries: size=1, first=(t:1, i:48), METADATAENTRY(c:47)
2024-09-10 06:19:55,061 DEBUG server.RaftServer$Division (RaftServerImpl.java:logAppendEntries(1539)) - s4@group-7DC22DB0A052: appendEntries* reply s6<-s4#119:OK-t1,SUCCESS,nextIndex=49,followerCommit=47,matchIndex=48
2024-09-10 06:19:55,061 DEBUG server.RaftServer$Division (RaftServerImpl.java:logAppendEntries(1539)) - s5@group-7DC22DB0A052: appendEntries* s6->s5#117-t1,previous=(t:1, i:47),leaderCommit=47,initializing? false,entries: size=1, first=(t:1, i:48), METADATAENTRY(c:47)
2024-09-10 06:19:55,062 DEBUG server.RaftServer$Division (RaftServerImpl.java:logAppendEntries(1539)) - s5@group-7DC22DB0A052: appendEntries* reply s6<-s5#117:OK-t1,SUCCESS,nextIndex=49,followerCommit=47,matchIndex=48
2024-09-10 06:19:55,064 DEBUG server.RaftServer$Division (RaftServerImpl.java:submitClientRequestAsync(910)) - s6@group-7DC22DB0A052: receive client request(RaftClientRequest:client-E23D9C381951->s6@group-7DC22DB0A052, cid=4371, seq=null, RW, Message:010161024051c0000000...(size=12))
2024-09-10 06:19:55,064 DEBUG server.RaftServer$Division (LeaderStateImpl.java:addPendingRequest(532)) - s6@group-7DC22DB0A052-LeaderStateImpl: addPendingRequest at RaftClientRequest:client-E23D9C381951->s6@group-7DC22DB0A052, cid=4371, seq=null, RW, Message:010161024051c0000000...(size=12), entry=(t:1, i:49), STATEMACHINELOGENTRY, WRITE: logData.size=12, stateMachineData.size=0, logEntryProtoSerializedSize=0
2024-09-10 06:19:55,065 DEBUG server.RaftServer$Division (RaftServerImpl.java:logAppendEntries(1539)) - s5@group-7DC22DB0A052: appendEntries* s6->s5#121-t1,previous=(t:1, i:48),leaderCommit=48,initializing? false,entries: size=1, first=(t:1, i:49), STATEMACHINELOGENTRY, StateMachineLogEntryProto:4371@client-E23D9C381951
2024-09-10 06:19:55,065 DEBUG server.RaftServer$Division (RaftServerImpl.java:logAppendEntries(1539)) - s4@group-7DC22DB0A052: appendEntries* s6->s4#123-t1,previous=(t:1, i:48),leaderCommit=48,initializing? false,entries: size=1, first=(t:1, i:49), STATEMACHINELOGENTRY, StateMachineLogEntryProto:4371@client-E23D9C381951
2024-09-10 06:19:55,065 DEBUG server.RaftServer$Division (RaftServerImpl.java:logAppendEntries(1539)) - s5@group-7DC22DB0A052: appendEntries* reply s6<-s5#121:OK-t1,SUCCESS,nextIndex=50,followerCommit=48,matchIndex=49
2024-09-10 06:19:55,065 DEBUG server.RaftServer$Division (RaftServerImpl.java:logAppendEntries(1539)) - s4@group-7DC22DB0A052: appendEntries* reply s6<-s4#123:OK-t1,SUCCESS,nextIndex=50,followerCommit=48,matchIndex=49
2024-09-10 06:19:55,066 INFO  statemachine.StateMachine (ArithmeticStateMachine.java:applyTransaction(181)) - LEADER:s6-49: a = 71 = 71
2024-09-10 06:19:55,067 DEBUG server.RaftServer$Division (RaftServerImpl.java:logAppendEntries(1539)) - s4@group-7DC22DB0A052: appendEntries* s6->s4#125-t1,previous=(t:1, i:49),leaderCommit=49,initializing? false,entries: size=1, first=(t:1, i:50), METADATAENTRY(c:49)
2024-09-10 06:19:55,067 DEBUG server.RaftServer$Division (RaftServerImpl.java:logAppendEntries(1539)) - s5@group-7DC22DB0A052: appendEntries* s6->s5#122-t1,previous=(t:1, i:49),leaderCommit=49,initializing? false,entries: size=1, first=(t:1, i:50), METADATAENTRY(c:49)
2024-09-10 06:19:55,067 DEBUG server.RaftServer$Division (RaftServerImpl.java:logAppendEntries(1539)) - s4@group-7DC22DB0A052: appendEntries* reply s6<-s4#125:OK-t1,SUCCESS,nextIndex=51,followerCommit=49,matchIndex=50
2024-09-10 06:19:55,067 DEBUG server.RaftServer$Division (RaftServerImpl.java:logAppendEntries(1539)) - s5@group-7DC22DB0A052: appendEntries* reply s6<-s5#122:OK-t1,SUCCESS,nextIndex=51,followerCommit=49,matchIndex=50
2024-09-10 06:19:55,069 DEBUG server.RaftServer$Division (RaftServerImpl.java:submitClientRequestAsync(910)) - s6@group-7DC22DB0A052: receive client request(RaftClientRequest:client-E23D9C381951->s6@group-7DC22DB0A052, cid=4372, seq=null, RW, Message:0101620240a3b0000000...(size=12))
2024-09-10 06:19:55,069 DEBUG server.RaftServer$Division (LeaderStateImpl.java:addPendingRequest(532)) - s6@group-7DC22DB0A052-LeaderStateImpl: addPendingRequest at RaftClientRequest:client-E23D9C381951->s6@group-7DC22DB0A052, cid=4372, seq=null, RW, Message:0101620240a3b0000000...(size=12), entry=(t:1, i:51), STATEMACHINELOGENTRY, WRITE: logData.size=12, stateMachineData.size=0, logEntryProtoSerializedSize=0
2024-09-10 06:19:55,070 DEBUG server.RaftServer$Division (RaftServerImpl.java:logAppendEntries(1539)) - s5@group-7DC22DB0A052: appendEntries* s6->s5#126-t1,previous=(t:1, i:50),leaderCommit=50,initializing? false,entries: size=1, first=(t:1, i:51), STATEMACHINELOGENTRY, StateMachineLogEntryProto:4372@client-E23D9C381951
2024-09-10 06:19:55,070 DEBUG server.RaftServer$Division (RaftServerImpl.java:logAppendEntries(1539)) - s4@group-7DC22DB0A052: appendEntries* s6->s4#130-t1,previous=(t:1, i:50),leaderCommit=50,initializing? false,entries: size=1, first=(t:1, i:51), STATEMACHINELOGENTRY, StateMachineLogEntryProto:4372@client-E23D9C381951
2024-09-10 06:19:55,071 DEBUG server.RaftServer$Division (RaftServerImpl.java:logAppendEntries(1539)) - s5@group-7DC22DB0A052: appendEntries* reply s6<-s5#126:OK-t1,SUCCESS,nextIndex=52,followerCommit=50,matchIndex=51
2024-09-10 06:19:55,071 DEBUG server.RaftServer$Division (RaftServerImpl.java:logAppendEntries(1539)) - s4@group-7DC22DB0A052: appendEntries* reply s6<-s4#130:OK-t1,SUCCESS,nextIndex=52,followerCommit=50,matchIndex=51
2024-09-10 06:19:55,071 INFO  statemachine.StateMachine (ArithmeticStateMachine.java:applyTransaction(181)) - LEADER:s6-51: b = 2520 = 2520
2024-09-10 06:19:55,072 DEBUG server.RaftServer$Division (RaftServerImpl.java:logAppendEntries(1539)) - s4@group-7DC22DB0A052: appendEntries* s6->s4#132-t1,previous=(t:1, i:51),leaderCommit=51,initializing? false,entries: size=1, first=(t:1, i:52), METADATAENTRY(c:51)
2024-09-10 06:19:55,072 DEBUG server.RaftServer$Division (RaftServerImpl.java:logAppendEntries(1539)) - s5@group-7DC22DB0A052: appendEntries* s6->s5#127-t1,previous=(t:1, i:51),leaderCommit=51,initializing? false,entries: size=1, first=(t:1, i:52), METADATAENTRY(c:51)
2024-09-10 06:19:55,072 DEBUG server.RaftServer$Division (RaftServerImpl.java:logAppendEntries(1539)) - s4@group-7DC22DB0A052: appendEntries* reply s6<-s4#132:OK-t1,SUCCESS,nextIndex=53,followerCommit=51,matchIndex=52
2024-09-10 06:19:55,073 DEBUG server.RaftServer$Division (RaftServerImpl.java:logAppendEntries(1539)) - s5@group-7DC22DB0A052: appendEntries* reply s6<-s5#127:OK-t1,SUCCESS,nextIndex=53,followerCommit=51,matchIndex=52
2024-09-10 06:19:55,074 DEBUG server.RaftServer$Division (RaftServerImpl.java:submitClientRequestAsync(910)) - s6@group-7DC22DB0A052: receive client request(RaftClientRequest:client-E23D9C381951->s6@group-7DC22DB0A052, cid=4373, seq=null, RW, Message:01016304010300040201...(size=17))
2024-09-10 06:19:55,075 DEBUG server.RaftServer$Division (LeaderStateImpl.java:addPendingRequest(532)) - s6@group-7DC22DB0A052-LeaderStateImpl: addPendingRequest at RaftClientRequest:client-E23D9C381951->s6@group-7DC22DB0A052, cid=4373, seq=null, RW, Message:01016304010300040201...(size=17), entry=(t:1, i:53), STATEMACHINELOGENTRY, WRITE: logData.size=17, stateMachineData.size=0, logEntryProtoSerializedSize=0
2024-09-10 06:19:55,075 DEBUG server.RaftServer$Division (RaftServerImpl.java:logAppendEntries(1539)) - s5@group-7DC22DB0A052: appendEntries* s6->s5#131-t1,previous=(t:1, i:52),leaderCommit=52,initializing? false,entries: size=1, first=(t:1, i:53), STATEMACHINELOGENTRY, StateMachineLogEntryProto:4373@client-E23D9C381951
2024-09-10 06:19:55,076 DEBUG server.RaftServer$Division (RaftServerImpl.java:logAppendEntries(1539)) - s4@group-7DC22DB0A052: appendEntries* s6->s4#136-t1,previous=(t:1, i:52),leaderCommit=52,initializing? false,entries: size=1, first=(t:1, i:53), STATEMACHINELOGENTRY, StateMachineLogEntryProto:4373@client-E23D9C381951
2024-09-10 06:19:55,076 DEBUG server.RaftServer$Division (RaftServerImpl.java:logAppendEntries(1539)) - s5@group-7DC22DB0A052: appendEntries* reply s6<-s5#131:OK-t1,SUCCESS,nextIndex=54,followerCommit=52,matchIndex=53
2024-09-10 06:19:55,076 INFO  statemachine.StateMachine (ArithmeticStateMachine.java:applyTransaction(181)) - LEADER:s6-53: c = √(a^2 + b^2) = 2521
2024-09-10 06:19:55,076 DEBUG server.RaftServer$Division (RaftServerImpl.java:logAppendEntries(1539)) - s4@group-7DC22DB0A052: appendEntries* reply s6<-s4#136:OK-t1,SUCCESS,nextIndex=54,followerCommit=52,matchIndex=53
2024-09-10 06:19:55,077 DEBUG server.RaftServer$Division (RaftServerImpl.java:logAppendEntries(1539)) - s5@group-7DC22DB0A052: appendEntries* s6->s5#132-t1,previous=(t:1, i:53),leaderCommit=53,initializing? false,entries: size=1, first=(t:1, i:54), METADATAENTRY(c:53)
2024-09-10 06:19:55,077 DEBUG server.RaftServer$Division (RaftServerImpl.java:logAppendEntries(1539)) - s4@group-7DC22DB0A052: appendEntries* s6->s4#138-t1,previous=(t:1, i:53),leaderCommit=53,initializing? false,entries: size=1, first=(t:1, i:54), METADATAENTRY(c:53)
2024-09-10 06:19:55,077 DEBUG server.RaftServer$Division (RaftServerImpl.java:logAppendEntries(1539)) - s5@group-7DC22DB0A052: appendEntries* reply s6<-s5#132:OK-t1,SUCCESS,nextIndex=55,followerCommit=53,matchIndex=54
2024-09-10 06:19:55,078 DEBUG server.RaftServer$Division (RaftServerImpl.java:logAppendEntries(1539)) - s4@group-7DC22DB0A052: appendEntries* reply s6<-s4#138:OK-t1,SUCCESS,nextIndex=55,followerCommit=53,matchIndex=54
2024-09-10 06:19:55,079 DEBUG server.RaftServer$Division (RaftServerImpl.java:submitClientRequestAsync(910)) - s6@group-7DC22DB0A052: receive client request(RaftClientRequest:client-E23D9C381951->s6@group-7DC22DB0A052, cid=4374, seq=null, RW, Message:01016100)
2024-09-10 06:19:55,080 DEBUG server.RaftServer$Division (LeaderStateImpl.java:addPendingRequest(532)) - s6@group-7DC22DB0A052-LeaderStateImpl: addPendingRequest at RaftClientRequest:client-E23D9C381951->s6@group-7DC22DB0A052, cid=4374, seq=null, RW, Message:01016100, entry=(t:1, i:55), STATEMACHINELOGENTRY, WRITE: logData.size=4, stateMachineData.size=0, logEntryProtoSerializedSize=0
2024-09-10 06:19:55,080 DEBUG server.RaftServer$Division (RaftServerImpl.java:logAppendEntries(1539)) - s5@group-7DC22DB0A052: appendEntries* s6->s5#136-t1,previous=(t:1, i:54),leaderCommit=54,initializing? false,entries: size=1, first=(t:1, i:55), STATEMACHINELOGENTRY, StateMachineLogEntryProto:4374@client-E23D9C381951
2024-09-10 06:19:55,081 DEBUG server.RaftServer$Division (RaftServerImpl.java:logAppendEntries(1539)) - s4@group-7DC22DB0A052: appendEntries* s6->s4#142-t1,previous=(t:1, i:54),leaderCommit=54,initializing? false,entries: size=1, first=(t:1, i:55), STATEMACHINELOGENTRY, StateMachineLogEntryProto:4374@client-E23D9C381951
2024-09-10 06:19:55,081 DEBUG server.RaftServer$Division (RaftServerImpl.java:logAppendEntries(1539)) - s5@group-7DC22DB0A052: appendEntries* reply s6<-s5#136:OK-t1,SUCCESS,nextIndex=56,followerCommit=54,matchIndex=55
2024-09-10 06:19:55,081 INFO  statemachine.StateMachine (ArithmeticStateMachine.java:applyTransaction(181)) - LEADER:s6-55: a = null = null
2024-09-10 06:19:55,081 DEBUG server.RaftServer$Division (RaftServerImpl.java:logAppendEntries(1539)) - s4@group-7DC22DB0A052: appendEntries* reply s6<-s4#142:OK-t1,SUCCESS,nextIndex=56,followerCommit=54,matchIndex=55
2024-09-10 06:19:55,082 DEBUG server.RaftServer$Division (RaftServerImpl.java:logAppendEntries(1539)) - s4@group-7DC22DB0A052: appendEntries* s6->s4#144-t1,previous=(t:1, i:55),leaderCommit=55,initializing? false,entries: size=1, first=(t:1, i:56), METADATAENTRY(c:55)
2024-09-10 06:19:55,082 DEBUG server.RaftServer$Division (RaftServerImpl.java:logAppendEntries(1539)) - s4@group-7DC22DB0A052: appendEntries* reply s6<-s4#144:OK-t1,SUCCESS,nextIndex=57,followerCommit=55,matchIndex=56
2024-09-10 06:19:55,083 DEBUG server.RaftServer$Division (RaftServerImpl.java:logAppendEntries(1539)) - s5@group-7DC22DB0A052: appendEntries* s6->s5#138-t1,previous=(t:1, i:55),leaderCommit=55,initializing? false,entries: size=1, first=(t:1, i:56), METADATAENTRY(c:55)
2024-09-10 06:19:55,083 DEBUG server.RaftServer$Division (RaftServerImpl.java:logAppendEntries(1539)) - s5@group-7DC22DB0A052: appendEntries* reply s6<-s5#138:OK-t1,SUCCESS,nextIndex=57,followerCommit=55,matchIndex=56
2024-09-10 06:19:55,084 DEBUG server.RaftServer$Division (RaftServerImpl.java:submitClientRequestAsync(910)) - s6@group-7DC22DB0A052: receive client request(RaftClientRequest:client-E23D9C381951->s6@group-7DC22DB0A052, cid=4375, seq=null, RW, Message:01016200)
2024-09-10 06:19:55,085 DEBUG server.RaftServer$Division (LeaderStateImpl.java:addPendingRequest(532)) - s6@group-7DC22DB0A052-LeaderStateImpl: addPendingRequest at RaftClientRequest:client-E23D9C381951->s6@group-7DC22DB0A052, cid=4375, seq=null, RW, Message:01016200, entry=(t:1, i:57), STATEMACHINELOGENTRY, WRITE: logData.size=4, stateMachineData.size=0, logEntryProtoSerializedSize=0
2024-09-10 06:19:55,085 DEBUG server.RaftServer$Division (RaftServerImpl.java:logAppendEntries(1539)) - s5@group-7DC22DB0A052: appendEntries* s6->s5#141-t1,previous=(t:1, i:56),leaderCommit=56,initializing? false,entries: size=1, first=(t:1, i:57), STATEMACHINELOGENTRY, StateMachineLogEntryProto:4375@client-E23D9C381951
2024-09-10 06:19:55,085 DEBUG server.RaftServer$Division (RaftServerImpl.java:logAppendEntries(1539)) - s5@group-7DC22DB0A052: appendEntries* reply s6<-s5#141:OK-t1,SUCCESS,nextIndex=58,followerCommit=56,matchIndex=57
2024-09-10 06:19:55,085 DEBUG server.RaftServer$Division (RaftServerImpl.java:logAppendEntries(1539)) - s4@group-7DC22DB0A052: appendEntries* s6->s4#147-t1,previous=(t:1, i:56),leaderCommit=56,initializing? false,entries: size=1, first=(t:1, i:57), STATEMACHINELOGENTRY, StateMachineLogEntryProto:4375@client-E23D9C381951
2024-09-10 06:19:55,086 INFO  statemachine.StateMachine (ArithmeticStateMachine.java:applyTransaction(181)) - LEADER:s6-57: b = null = null
2024-09-10 06:19:55,086 DEBUG server.RaftServer$Division (RaftServerImpl.java:logAppendEntries(1539)) - s4@group-7DC22DB0A052: appendEntries* reply s6<-s4#147:OK-t1,SUCCESS,nextIndex=58,followerCommit=56,matchIndex=57
2024-09-10 06:19:55,086 DEBUG server.RaftServer$Division (RaftServerImpl.java:logAppendEntries(1539)) - s5@group-7DC22DB0A052: appendEntries* s6->s5#142-t1,previous=(t:1, i:57),leaderCommit=57,initializing? false,entries: size=1, first=(t:1, i:58), METADATAENTRY(c:57)
2024-09-10 06:19:55,087 DEBUG server.RaftServer$Division (RaftServerImpl.java:logAppendEntries(1539)) - s5@group-7DC22DB0A052: appendEntries* reply s6<-s5#142:OK-t1,SUCCESS,nextIndex=59,followerCommit=57,matchIndex=58
2024-09-10 06:19:55,088 DEBUG server.RaftServer$Division (RaftServerImpl.java:logAppendEntries(1539)) - s4@group-7DC22DB0A052: appendEntries* s6->s4#149-t1,previous=(t:1, i:57),leaderCommit=57,initializing? false,entries: size=1, first=(t:1, i:58), METADATAENTRY(c:57)
2024-09-10 06:19:55,088 DEBUG server.RaftServer$Division (RaftServerImpl.java:logAppendEntries(1539)) - s4@group-7DC22DB0A052: appendEntries* reply s6<-s4#149:OK-t1,SUCCESS,nextIndex=59,followerCommit=57,matchIndex=58
2024-09-10 06:19:55,089 DEBUG server.RaftServer$Division (RaftServerImpl.java:submitClientRequestAsync(910)) - s6@group-7DC22DB0A052: receive client request(RaftClientRequest:client-E23D9C381951->s6@group-7DC22DB0A052, cid=4376, seq=null, RW, Message:01016300)
2024-09-10 06:19:55,089 DEBUG server.RaftServer$Division (LeaderStateImpl.java:addPendingRequest(532)) - s6@group-7DC22DB0A052-LeaderStateImpl: addPendingRequest at RaftClientRequest:client-E23D9C381951->s6@group-7DC22DB0A052, cid=4376, seq=null, RW, Message:01016300, entry=(t:1, i:59), STATEMACHINELOGENTRY, WRITE: logData.size=4, stateMachineData.size=0, logEntryProtoSerializedSize=0
2024-09-10 06:19:55,089 DEBUG server.RaftServer$Division (RaftServerImpl.java:logAppendEntries(1539)) - s4@group-7DC22DB0A052: appendEntries* s6->s4#153-t1,previous=(t:1, i:58),leaderCommit=58,initializing? false,entries: size=1, first=(t:1, i:59), STATEMACHINELOGENTRY, StateMachineLogEntryProto:4376@client-E23D9C381951
2024-09-10 06:19:55,090 DEBUG server.RaftServer$Division (RaftServerImpl.java:logAppendEntries(1539)) - s5@group-7DC22DB0A052: appendEntries* s6->s5#145-t1,previous=(t:1, i:58),leaderCommit=58,initializing? false,entries: size=1, first=(t:1, i:59), STATEMACHINELOGENTRY, StateMachineLogEntryProto:4376@client-E23D9C381951
2024-09-10 06:19:55,090 DEBUG server.RaftServer$Division (RaftServerImpl.java:logAppendEntries(1539)) - s4@group-7DC22DB0A052: appendEntries* reply s6<-s4#153:OK-t1,SUCCESS,nextIndex=60,followerCommit=58,matchIndex=59
2024-09-10 06:19:55,090 DEBUG server.RaftServer$Division (RaftServerImpl.java:logAppendEntries(1539)) - s5@group-7DC22DB0A052: appendEntries* reply s6<-s5#145:OK-t1,SUCCESS,nextIndex=60,followerCommit=58,matchIndex=59
2024-09-10 06:19:55,091 INFO  statemachine.StateMachine (ArithmeticStateMachine.java:applyTransaction(181)) - LEADER:s6-59: c = null = null
2024-09-10 06:19:55,092 DEBUG server.RaftServer$Division (RaftServerImpl.java:logAppendEntries(1539)) - s4@group-7DC22DB0A052: appendEntries* s6->s4#155-t1,previous=(t:1, i:59),leaderCommit=59,initializing? false,entries: size=1, first=(t:1, i:60), METADATAENTRY(c:59)
2024-09-10 06:19:55,092 DEBUG server.RaftServer$Division (RaftServerImpl.java:logAppendEntries(1539)) - s5@group-7DC22DB0A052: appendEntries* s6->s5#147-t1,previous=(t:1, i:59),leaderCommit=59,initializing? false,entries: size=1, first=(t:1, i:60), METADATAENTRY(c:59)
2024-09-10 06:19:55,092 DEBUG server.RaftServer$Division (RaftServerImpl.java:logAppendEntries(1539)) - s4@group-7DC22DB0A052: appendEntries* reply s6<-s4#155:OK-t1,SUCCESS,nextIndex=61,followerCommit=59,matchIndex=60
2024-09-10 06:19:55,092 DEBUG server.RaftServer$Division (RaftServerImpl.java:logAppendEntries(1539)) - s5@group-7DC22DB0A052: appendEntries* reply s6<-s5#147:OK-t1,SUCCESS,nextIndex=61,followerCommit=59,matchIndex=60
2024-09-10 06:19:55,094 DEBUG server.RaftServer$Division (RaftServerImpl.java:submitClientRequestAsync(910)) - s6@group-7DC22DB0A052: receive client request(RaftClientRequest:client-E23D9C381951->s6@group-7DC22DB0A052, cid=4377, seq=null, RW, Message:01016102405240000000...(size=12))
2024-09-10 06:19:55,094 DEBUG server.RaftServer$Division (LeaderStateImpl.java:addPendingRequest(532)) - s6@group-7DC22DB0A052-LeaderStateImpl: addPendingRequest at RaftClientRequest:client-E23D9C381951->s6@group-7DC22DB0A052, cid=4377, seq=null, RW, Message:01016102405240000000...(size=12), entry=(t:1, i:61), STATEMACHINELOGENTRY, WRITE: logData.size=12, stateMachineData.size=0, logEntryProtoSerializedSize=0
2024-09-10 06:19:55,095 DEBUG server.RaftServer$Division (RaftServerImpl.java:logAppendEntries(1539)) - s5@group-7DC22DB0A052: appendEntries* s6->s5#151-t1,previous=(t:1, i:60),leaderCommit=60,initializing? false,entries: size=1, first=(t:1, i:61), STATEMACHINELOGENTRY, StateMachineLogEntryProto:4377@client-E23D9C381951
2024-09-10 06:19:55,095 DEBUG server.RaftServer$Division (RaftServerImpl.java:logAppendEntries(1539)) - s4@group-7DC22DB0A052: appendEntries* s6->s4#159-t1,previous=(t:1, i:60),leaderCommit=60,initializing? false,entries: size=1, first=(t:1, i:61), STATEMACHINELOGENTRY, StateMachineLogEntryProto:4377@client-E23D9C381951
2024-09-10 06:19:55,095 DEBUG server.RaftServer$Division (RaftServerImpl.java:logAppendEntries(1539)) - s5@group-7DC22DB0A052: appendEntries* reply s6<-s5#151:OK-t1,SUCCESS,nextIndex=62,followerCommit=60,matchIndex=61
2024-09-10 06:19:55,096 DEBUG server.RaftServer$Division (RaftServerImpl.java:logAppendEntries(1539)) - s4@group-7DC22DB0A052: appendEntries* reply s6<-s4#159:OK-t1,SUCCESS,nextIndex=62,followerCommit=60,matchIndex=61
2024-09-10 06:19:55,096 INFO  statemachine.StateMachine (ArithmeticStateMachine.java:applyTransaction(181)) - LEADER:s6-61: a = 73 = 73
2024-09-10 06:19:55,096 DEBUG server.RaftServer$Division (RaftServerImpl.java:logAppendEntries(1539)) - s4@group-7DC22DB0A052: appendEntries* s6->s4#161-t1,previous=(t:1, i:61),leaderCommit=61,initializing? false,entries: size=1, first=(t:1, i:62), METADATAENTRY(c:61)
2024-09-10 06:19:55,097 DEBUG server.RaftServer$Division (RaftServerImpl.java:logAppendEntries(1539)) - s5@group-7DC22DB0A052: appendEntries* s6->s5#152-t1,previous=(t:1, i:61),leaderCommit=61,initializing? false,entries: size=1, first=(t:1, i:62), METADATAENTRY(c:61)
2024-09-10 06:19:55,097 DEBUG server.RaftServer$Division (RaftServerImpl.java:logAppendEntries(1539)) - s4@group-7DC22DB0A052: appendEntries* reply s6<-s4#161:OK-t1,SUCCESS,nextIndex=63,followerCommit=61,matchIndex=62
2024-09-10 06:19:55,097 DEBUG server.RaftServer$Division (RaftServerImpl.java:logAppendEntries(1539)) - s5@group-7DC22DB0A052: appendEntries* reply s6<-s5#152:OK-t1,SUCCESS,nextIndex=63,followerCommit=61,matchIndex=62
2024-09-10 06:19:55,099 DEBUG server.RaftServer$Division (RaftServerImpl.java:submitClientRequestAsync(910)) - s6@group-7DC22DB0A052: receive client request(RaftClientRequest:client-E23D9C381951->s6@group-7DC22DB0A052, cid=4378, seq=null, RW, Message:0101620240a4d0000000...(size=12))
2024-09-10 06:19:55,099 DEBUG server.RaftServer$Division (LeaderStateImpl.java:addPendingRequest(532)) - s6@group-7DC22DB0A052-LeaderStateImpl: addPendingRequest at RaftClientRequest:client-E23D9C381951->s6@group-7DC22DB0A052, cid=4378, seq=null, RW, Message:0101620240a4d0000000...(size=12), entry=(t:1, i:63), STATEMACHINELOGENTRY, WRITE: logData.size=12, stateMachineData.size=0, logEntryProtoSerializedSize=0
2024-09-10 06:19:55,100 DEBUG server.RaftServer$Division (RaftServerImpl.java:logAppendEntries(1539)) - s5@group-7DC22DB0A052: appendEntries* s6->s5#156-t1,previous=(t:1, i:62),leaderCommit=62,initializing? false,entries: size=1, first=(t:1, i:63), STATEMACHINELOGENTRY, StateMachineLogEntryProto:4378@client-E23D9C381951
2024-09-10 06:19:55,100 DEBUG server.RaftServer$Division (RaftServerImpl.java:logAppendEntries(1539)) - s4@group-7DC22DB0A052: appendEntries* s6->s4#166-t1,previous=(t:1, i:62),leaderCommit=62,initializing? false,entries: size=1, first=(t:1, i:63), STATEMACHINELOGENTRY, StateMachineLogEntryProto:4378@client-E23D9C381951
2024-09-10 06:19:55,101 DEBUG server.RaftServer$Division (RaftServerImpl.java:logAppendEntries(1539)) - s5@group-7DC22DB0A052: appendEntries* reply s6<-s5#156:OK-t1,SUCCESS,nextIndex=64,followerCommit=62,matchIndex=63
2024-09-10 06:19:55,101 DEBUG server.RaftServer$Division (RaftServerImpl.java:logAppendEntries(1539)) - s4@group-7DC22DB0A052: appendEntries* reply s6<-s4#166:OK-t1,SUCCESS,nextIndex=64,followerCommit=62,matchIndex=63
2024-09-10 06:19:55,101 INFO  statemachine.StateMachine (ArithmeticStateMachine.java:applyTransaction(181)) - LEADER:s6-63: b = 2664 = 2664
2024-09-10 06:19:55,101 DEBUG server.RaftServer$Division (RaftServerImpl.java:logAppendEntries(1539)) - s4@group-7DC22DB0A052: appendEntries* s6->s4#168-t1,previous=(t:1, i:63),leaderCommit=63,initializing? false,entries: size=1, first=(t:1, i:64), METADATAENTRY(c:63)
2024-09-10 06:19:55,102 DEBUG server.RaftServer$Division (RaftServerImpl.java:logAppendEntries(1539)) - s4@group-7DC22DB0A052: appendEntries* reply s6<-s4#168:OK-t1,SUCCESS,nextIndex=65,followerCommit=63,matchIndex=64
2024-09-10 06:19:55,102 DEBUG server.RaftServer$Division (RaftServerImpl.java:logAppendEntries(1539)) - s5@group-7DC22DB0A052: appendEntries* s6->s5#157-t1,previous=(t:1, i:63),leaderCommit=63,initializing? false,entries: size=1, first=(t:1, i:64), METADATAENTRY(c:63)
2024-09-10 06:19:55,103 DEBUG server.RaftServer$Division (RaftServerImpl.java:logAppendEntries(1539)) - s5@group-7DC22DB0A052: appendEntries* reply s6<-s5#157:OK-t1,SUCCESS,nextIndex=65,followerCommit=63,matchIndex=64
2024-09-10 06:19:55,105 DEBUG server.RaftServer$Division (RaftServerImpl.java:submitClientRequestAsync(910)) - s6@group-7DC22DB0A052: receive client request(RaftClientRequest:client-E23D9C381951->s6@group-7DC22DB0A052, cid=4379, seq=null, RW, Message:01016304010300040201...(size=17))
2024-09-10 06:19:55,105 DEBUG server.RaftServer$Division (LeaderStateImpl.java:addPendingRequest(532)) - s6@group-7DC22DB0A052-LeaderStateImpl: addPendingRequest at RaftClientRequest:client-E23D9C381951->s6@group-7DC22DB0A052, cid=4379, seq=null, RW, Message:01016304010300040201...(size=17), entry=(t:1, i:65), STATEMACHINELOGENTRY, WRITE: logData.size=17, stateMachineData.size=0, logEntryProtoSerializedSize=0
2024-09-10 06:19:55,106 DEBUG server.RaftServer$Division (RaftServerImpl.java:logAppendEntries(1539)) - s4@group-7DC22DB0A052: appendEntries* s6->s4#171-t1,previous=(t:1, i:64),leaderCommit=64,initializing? false,entries: size=1, first=(t:1, i:65), STATEMACHINELOGENTRY, StateMachineLogEntryProto:4379@client-E23D9C381951
2024-09-10 06:19:55,106 DEBUG server.RaftServer$Division (RaftServerImpl.java:logAppendEntries(1539)) - s5@group-7DC22DB0A052: appendEntries* s6->s5#160-t1,previous=(t:1, i:64),leaderCommit=64,initializing? false,entries: size=1, first=(t:1, i:65), STATEMACHINELOGENTRY, StateMachineLogEntryProto:4379@client-E23D9C381951
2024-09-10 06:19:55,106 DEBUG server.RaftServer$Division (RaftServerImpl.java:logAppendEntries(1539)) - s4@group-7DC22DB0A052: appendEntries* reply s6<-s4#171:OK-t1,SUCCESS,nextIndex=66,followerCommit=64,matchIndex=65
2024-09-10 06:19:55,107 DEBUG server.RaftServer$Division (RaftServerImpl.java:logAppendEntries(1539)) - s5@group-7DC22DB0A052: appendEntries* reply s6<-s5#160:OK-t1,SUCCESS,nextIndex=66,followerCommit=64,matchIndex=65
2024-09-10 06:19:55,107 INFO  statemachine.StateMachine (ArithmeticStateMachine.java:applyTransaction(181)) - LEADER:s6-65: c = √(a^2 + b^2) = 2665
2024-09-10 06:19:55,108 DEBUG server.RaftServer$Division (RaftServerImpl.java:logAppendEntries(1539)) - s4@group-7DC22DB0A052: appendEntries* s6->s4#173-t1,previous=(t:1, i:65),leaderCommit=65,initializing? false,entries: size=1, first=(t:1, i:66), METADATAENTRY(c:65)
2024-09-10 06:19:55,108 DEBUG server.RaftServer$Division (RaftServerImpl.java:logAppendEntries(1539)) - s5@group-7DC22DB0A052: appendEntries* s6->s5#163-t1,previous=(t:1, i:65),leaderCommit=65,initializing? false,entries: size=1, first=(t:1, i:66), METADATAENTRY(c:65)
2024-09-10 06:19:55,109 DEBUG server.RaftServer$Division (RaftServerImpl.java:logAppendEntries(1539)) - s4@group-7DC22DB0A052: appendEntries* reply s6<-s4#173:OK-t1,SUCCESS,nextIndex=67,followerCommit=65,matchIndex=66
2024-09-10 06:19:55,109 DEBUG server.RaftServer$Division (RaftServerImpl.java:logAppendEntries(1539)) - s5@group-7DC22DB0A052: appendEntries* reply s6<-s5#163:OK-t1,SUCCESS,nextIndex=67,followerCommit=65,matchIndex=66
2024-09-10 06:19:55,109 DEBUG server.RaftServer$Division (RaftServerImpl.java:submitClientRequestAsync(910)) - s6@group-7DC22DB0A052: receive client request(RaftClientRequest:client-E23D9C381951->s6@group-7DC22DB0A052, cid=4380, seq=null, RW, Message:01016100)
2024-09-10 06:19:55,109 DEBUG server.RaftServer$Division (LeaderStateImpl.java:addPendingRequest(532)) - s6@group-7DC22DB0A052-LeaderStateImpl: addPendingRequest at RaftClientRequest:client-E23D9C381951->s6@group-7DC22DB0A052, cid=4380, seq=null, RW, Message:01016100, entry=(t:1, i:67), STATEMACHINELOGENTRY, WRITE: logData.size=4, stateMachineData.size=0, logEntryProtoSerializedSize=0
2024-09-10 06:19:55,110 DEBUG server.RaftServer$Division (RaftServerImpl.java:logAppendEntries(1539)) - s4@group-7DC22DB0A052: appendEntries* s6->s4#175-t1,previous=(t:1, i:66),leaderCommit=65,initializing? false,entries: size=1, first=(t:1, i:67), STATEMACHINELOGENTRY, StateMachineLogEntryProto:4380@client-E23D9C381951
2024-09-10 06:19:55,110 DEBUG server.RaftServer$Division (RaftServerImpl.java:logAppendEntries(1539)) - s5@group-7DC22DB0A052: appendEntries* s6->s5#165-t1,previous=(t:1, i:66),leaderCommit=66,initializing? false,entries: size=1, first=(t:1, i:67), STATEMACHINELOGENTRY, StateMachineLogEntryProto:4380@client-E23D9C381951
2024-09-10 06:19:55,111 DEBUG server.RaftServer$Division (RaftServerImpl.java:logAppendEntries(1539)) - s4@group-7DC22DB0A052: appendEntries* reply s6<-s4#175:OK-t1,SUCCESS,nextIndex=68,followerCommit=65,matchIndex=67
2024-09-10 06:19:55,111 DEBUG server.RaftServer$Division (RaftServerImpl.java:logAppendEntries(1539)) - s5@group-7DC22DB0A052: appendEntries* reply s6<-s5#165:OK-t1,SUCCESS,nextIndex=68,followerCommit=66,matchIndex=67
2024-09-10 06:19:55,111 INFO  statemachine.StateMachine (ArithmeticStateMachine.java:applyTransaction(181)) - LEADER:s6-67: a = null = null
2024-09-10 06:19:55,112 DEBUG server.RaftServer$Division (RaftServerImpl.java:logAppendEntries(1539)) - s4@group-7DC22DB0A052: appendEntries* s6->s4#177-t1,previous=(t:1, i:67),leaderCommit=67,initializing? false,entries: size=1, first=(t:1, i:68), METADATAENTRY(c:67)
2024-09-10 06:19:55,112 DEBUG server.RaftServer$Division (RaftServerImpl.java:logAppendEntries(1539)) - s4@group-7DC22DB0A052: appendEntries* reply s6<-s4#177:OK-t1,SUCCESS,nextIndex=69,followerCommit=67,matchIndex=68
2024-09-10 06:19:55,112 DEBUG server.RaftServer$Division (RaftServerImpl.java:logAppendEntries(1539)) - s5@group-7DC22DB0A052: appendEntries* s6->s5#167-t1,previous=(t:1, i:67),leaderCommit=67,initializing? false,entries: size=1, first=(t:1, i:68), METADATAENTRY(c:67)
2024-09-10 06:19:55,112 DEBUG server.RaftServer$Division (RaftServerImpl.java:logAppendEntries(1539)) - s5@group-7DC22DB0A052: appendEntries* reply s6<-s5#167:OK-t1,SUCCESS,nextIndex=69,followerCommit=67,matchIndex=68
2024-09-10 06:19:55,114 DEBUG server.RaftServer$Division (RaftServerImpl.java:submitClientRequestAsync(910)) - s6@group-7DC22DB0A052: receive client request(RaftClientRequest:client-E23D9C381951->s6@group-7DC22DB0A052, cid=4381, seq=null, RW, Message:01016200)
2024-09-10 06:19:55,114 DEBUG server.RaftServer$Division (LeaderStateImpl.java:addPendingRequest(532)) - s6@group-7DC22DB0A052-LeaderStateImpl: addPendingRequest at RaftClientRequest:client-E23D9C381951->s6@group-7DC22DB0A052, cid=4381, seq=null, RW, Message:01016200, entry=(t:1, i:69), STATEMACHINELOGENTRY, WRITE: logData.size=4, stateMachineData.size=0, logEntryProtoSerializedSize=0
2024-09-10 06:19:55,115 DEBUG server.RaftServer$Division (RaftServerImpl.java:logAppendEntries(1539)) - s5@group-7DC22DB0A052: appendEntries* s6->s5#171-t1,previous=(t:1, i:68),leaderCommit=68,initializing? false,entries: size=1, first=(t:1, i:69), STATEMACHINELOGENTRY, StateMachineLogEntryProto:4381@client-E23D9C381951
2024-09-10 06:19:55,115 DEBUG server.RaftServer$Division (RaftServerImpl.java:logAppendEntries(1539)) - s4@group-7DC22DB0A052: appendEntries* s6->s4#181-t1,previous=(t:1, i:68),leaderCommit=68,initializing? false,entries: size=1, first=(t:1, i:69), STATEMACHINELOGENTRY, StateMachineLogEntryProto:4381@client-E23D9C381951
2024-09-10 06:19:55,115 DEBUG server.RaftServer$Division (RaftServerImpl.java:logAppendEntries(1539)) - s5@group-7DC22DB0A052: appendEntries* reply s6<-s5#171:OK-t1,SUCCESS,nextIndex=70,followerCommit=68,matchIndex=69
2024-09-10 06:19:55,115 DEBUG server.RaftServer$Division (RaftServerImpl.java:logAppendEntries(1539)) - s4@group-7DC22DB0A052: appendEntries* reply s6<-s4#181:OK-t1,SUCCESS,nextIndex=70,followerCommit=68,matchIndex=69
2024-09-10 06:19:55,116 INFO  statemachine.StateMachine (ArithmeticStateMachine.java:applyTransaction(181)) - LEADER:s6-69: b = null = null
2024-09-10 06:19:55,117 DEBUG server.RaftServer$Division (RaftServerImpl.java:logAppendEntries(1539)) - s4@group-7DC22DB0A052: appendEntries* s6->s4#182-t1,previous=(t:1, i:69),leaderCommit=69,initializing? false,entries: size=1, first=(t:1, i:70), METADATAENTRY(c:69)
2024-09-10 06:19:55,117 DEBUG server.RaftServer$Division (RaftServerImpl.java:logAppendEntries(1539)) - s5@group-7DC22DB0A052: appendEntries* s6->s5#172-t1,previous=(t:1, i:69),leaderCommit=69,initializing? false,entries: size=1, first=(t:1, i:70), METADATAENTRY(c:69)
2024-09-10 06:19:55,117 DEBUG server.RaftServer$Division (RaftServerImpl.java:logAppendEntries(1539)) - s4@group-7DC22DB0A052: appendEntries* reply s6<-s4#182:OK-t1,SUCCESS,nextIndex=71,followerCommit=69,matchIndex=70
2024-09-10 06:19:55,117 DEBUG server.RaftServer$Division (RaftServerImpl.java:logAppendEntries(1539)) - s5@group-7DC22DB0A052: appendEntries* reply s6<-s5#172:OK-t1,SUCCESS,nextIndex=71,followerCommit=69,matchIndex=70
2024-09-10 06:19:55,118 DEBUG server.RaftServer$Division (RaftServerImpl.java:submitClientRequestAsync(910)) - s6@group-7DC22DB0A052: receive client request(RaftClientRequest:client-E23D9C381951->s6@group-7DC22DB0A052, cid=4382, seq=null, RW, Message:01016300)
2024-09-10 06:19:55,118 DEBUG server.RaftServer$Division (LeaderStateImpl.java:addPendingRequest(532)) - s6@group-7DC22DB0A052-LeaderStateImpl: addPendingRequest at RaftClientRequest:client-E23D9C381951->s6@group-7DC22DB0A052, cid=4382, seq=null, RW, Message:01016300, entry=(t:1, i:71), STATEMACHINELOGENTRY, WRITE: logData.size=4, stateMachineData.size=0, logEntryProtoSerializedSize=0
2024-09-10 06:19:55,119 DEBUG server.RaftServer$Division (RaftServerImpl.java:logAppendEntries(1539)) - s4@group-7DC22DB0A052: appendEntries* s6->s4#184-t1,previous=(t:1, i:70),leaderCommit=70,initializing? false,entries: size=1, first=(t:1, i:71), STATEMACHINELOGENTRY, StateMachineLogEntryProto:4382@client-E23D9C381951
2024-09-10 06:19:55,119 DEBUG server.RaftServer$Division (RaftServerImpl.java:logAppendEntries(1539)) - s5@group-7DC22DB0A052: appendEntries* s6->s5#173-t1,previous=(t:1, i:70),leaderCommit=70,initializing? false,entries: size=1, first=(t:1, i:71), STATEMACHINELOGENTRY, StateMachineLogEntryProto:4382@client-E23D9C381951
2024-09-10 06:19:55,120 DEBUG server.RaftServer$Division (RaftServerImpl.java:logAppendEntries(1539)) - s4@group-7DC22DB0A052: appendEntries* reply s6<-s4#184:OK-t1,SUCCESS,nextIndex=72,followerCommit=70,matchIndex=71
2024-09-10 06:19:55,120 DEBUG server.RaftServer$Division (RaftServerImpl.java:logAppendEntries(1539)) - s5@group-7DC22DB0A052: appendEntries* reply s6<-s5#173:OK-t1,SUCCESS,nextIndex=72,followerCommit=70,matchIndex=71
2024-09-10 06:19:55,120 INFO  statemachine.StateMachine (ArithmeticStateMachine.java:applyTransaction(181)) - LEADER:s6-71: c = null = null
2024-09-10 06:19:55,121 DEBUG server.RaftServer$Division (RaftServerImpl.java:logAppendEntries(1539)) - s4@group-7DC22DB0A052: appendEntries* s6->s4#185-t1,previous=(t:1, i:71),leaderCommit=71,initializing? false,entries: size=1, first=(t:1, i:72), METADATAENTRY(c:71)
2024-09-10 06:19:55,121 DEBUG server.RaftServer$Division (RaftServerImpl.java:logAppendEntries(1539)) - s4@group-7DC22DB0A052: appendEntries* reply s6<-s4#185:OK-t1,SUCCESS,nextIndex=73,followerCommit=71,matchIndex=72
2024-09-10 06:19:55,121 DEBUG server.RaftServer$Division (RaftServerImpl.java:logAppendEntries(1539)) - s5@group-7DC22DB0A052: appendEntries* s6->s5#175-t1,previous=(t:1, i:71),leaderCommit=71,initializing? false,entries: size=1, first=(t:1, i:72), METADATAENTRY(c:71)
2024-09-10 06:19:55,122 DEBUG server.RaftServer$Division (RaftServerImpl.java:logAppendEntries(1539)) - s5@group-7DC22DB0A052: appendEntries* reply s6<-s5#175:OK-t1,SUCCESS,nextIndex=73,followerCommit=71,matchIndex=72
2024-09-10 06:19:55,123 DEBUG server.RaftServer$Division (RaftServerImpl.java:submitClientRequestAsync(910)) - s6@group-7DC22DB0A052: receive client request(RaftClientRequest:client-E23D9C381951->s6@group-7DC22DB0A052, cid=4383, seq=null, RW, Message:010161024052c0000000...(size=12))
2024-09-10 06:19:55,123 DEBUG server.RaftServer$Division (LeaderStateImpl.java:addPendingRequest(532)) - s6@group-7DC22DB0A052-LeaderStateImpl: addPendingRequest at RaftClientRequest:client-E23D9C381951->s6@group-7DC22DB0A052, cid=4383, seq=null, RW, Message:010161024052c0000000...(size=12), entry=(t:1, i:73), STATEMACHINELOGENTRY, WRITE: logData.size=12, stateMachineData.size=0, logEntryProtoSerializedSize=0
2024-09-10 06:19:55,124 DEBUG server.RaftServer$Division (RaftServerImpl.java:logAppendEntries(1539)) - s5@group-7DC22DB0A052: appendEntries* s6->s5#180-t1,previous=(t:1, i:72),leaderCommit=72,initializing? false,entries: size=1, first=(t:1, i:73), STATEMACHINELOGENTRY, StateMachineLogEntryProto:4383@client-E23D9C381951
2024-09-10 06:19:55,124 DEBUG server.RaftServer$Division (RaftServerImpl.java:logAppendEntries(1539)) - s4@group-7DC22DB0A052: appendEntries* s6->s4#189-t1,previous=(t:1, i:72),leaderCommit=72,initializing? false,entries: size=1, first=(t:1, i:73), STATEMACHINELOGENTRY, StateMachineLogEntryProto:4383@client-E23D9C381951
2024-09-10 06:19:55,124 DEBUG server.RaftServer$Division (RaftServerImpl.java:logAppendEntries(1539)) - s4@group-7DC22DB0A052: appendEntries* reply s6<-s4#189:OK-t1,SUCCESS,nextIndex=74,followerCommit=72,matchIndex=73
2024-09-10 06:19:55,125 DEBUG server.RaftServer$Division (RaftServerImpl.java:logAppendEntries(1539)) - s5@group-7DC22DB0A052: appendEntries* reply s6<-s5#180:OK-t1,SUCCESS,nextIndex=74,followerCommit=72,matchIndex=73
2024-09-10 06:19:55,125 INFO  statemachine.StateMachine (ArithmeticStateMachine.java:applyTransaction(181)) - LEADER:s6-73: a = 75 = 75
2024-09-10 06:19:55,125 DEBUG server.RaftServer$Division (RaftServerImpl.java:logAppendEntries(1539)) - s4@group-7DC22DB0A052: appendEntries* s6->s4#190-t1,previous=(t:1, i:73),leaderCommit=73,initializing? false,entries: size=1, first=(t:1, i:74), METADATAENTRY(c:73)
2024-09-10 06:19:55,126 DEBUG server.RaftServer$Division (RaftServerImpl.java:logAppendEntries(1539)) - s5@group-7DC22DB0A052: appendEntries* s6->s5#182-t1,previous=(t:1, i:73),leaderCommit=73,initializing? false,entries: size=1, first=(t:1, i:74), METADATAENTRY(c:73)
2024-09-10 06:19:55,126 DEBUG server.RaftServer$Division (RaftServerImpl.java:logAppendEntries(1539)) - s4@group-7DC22DB0A052: appendEntries* reply s6<-s4#190:OK-t1,SUCCESS,nextIndex=75,followerCommit=73,matchIndex=74
2024-09-10 06:19:55,127 DEBUG server.RaftServer$Division (RaftServerImpl.java:logAppendEntries(1539)) - s5@group-7DC22DB0A052: appendEntries* reply s6<-s5#182:OK-t1,SUCCESS,nextIndex=75,followerCommit=73,matchIndex=74
2024-09-10 06:19:55,127 DEBUG server.RaftServer$Division (RaftServerImpl.java:submitClientRequestAsync(910)) - s6@group-7DC22DB0A052: receive client request(RaftClientRequest:client-E23D9C381951->s6@group-7DC22DB0A052, cid=4384, seq=null, RW, Message:0101620240a5f8000000...(size=12))
2024-09-10 06:19:55,128 DEBUG server.RaftServer$Division (LeaderStateImpl.java:addPendingRequest(532)) - s6@group-7DC22DB0A052-LeaderStateImpl: addPendingRequest at RaftClientRequest:client-E23D9C381951->s6@group-7DC22DB0A052, cid=4384, seq=null, RW, Message:0101620240a5f8000000...(size=12), entry=(t:1, i:75), STATEMACHINELOGENTRY, WRITE: logData.size=12, stateMachineData.size=0, logEntryProtoSerializedSize=0
2024-09-10 06:19:55,128 DEBUG server.RaftServer$Division (RaftServerImpl.java:logAppendEntries(1539)) - s5@group-7DC22DB0A052: appendEntries* s6->s5#186-t1,previous=(t:1, i:74),leaderCommit=74,initializing? false,entries: size=1, first=(t:1, i:75), STATEMACHINELOGENTRY, StateMachineLogEntryProto:4384@client-E23D9C381951
2024-09-10 06:19:55,129 DEBUG server.RaftServer$Division (RaftServerImpl.java:logAppendEntries(1539)) - s4@group-7DC22DB0A052: appendEntries* s6->s4#194-t1,previous=(t:1, i:74),leaderCommit=74,initializing? false,entries: size=1, first=(t:1, i:75), STATEMACHINELOGENTRY, StateMachineLogEntryProto:4384@client-E23D9C381951
2024-09-10 06:19:55,129 DEBUG server.RaftServer$Division (RaftServerImpl.java:logAppendEntries(1539)) - s5@group-7DC22DB0A052: appendEntries* reply s6<-s5#186:OK-t1,SUCCESS,nextIndex=76,followerCommit=74,matchIndex=75
2024-09-10 06:19:55,129 DEBUG server.RaftServer$Division (RaftServerImpl.java:logAppendEntries(1539)) - s4@group-7DC22DB0A052: appendEntries* reply s6<-s4#194:OK-t1,SUCCESS,nextIndex=76,followerCommit=74,matchIndex=75
2024-09-10 06:19:55,129 INFO  statemachine.StateMachine (ArithmeticStateMachine.java:applyTransaction(181)) - LEADER:s6-75: b = 2812 = 2812
2024-09-10 06:19:55,130 DEBUG server.RaftServer$Division (RaftServerImpl.java:logAppendEntries(1539)) - s4@group-7DC22DB0A052: appendEntries* s6->s4#196-t1,previous=(t:1, i:75),leaderCommit=75,initializing? false,entries: size=1, first=(t:1, i:76), METADATAENTRY(c:75)
2024-09-10 06:19:55,130 DEBUG server.RaftServer$Division (RaftServerImpl.java:logAppendEntries(1539)) - s4@group-7DC22DB0A052: appendEntries* reply s6<-s4#196:OK-t1,SUCCESS,nextIndex=77,followerCommit=75,matchIndex=76
2024-09-10 06:19:55,131 DEBUG server.RaftServer$Division (RaftServerImpl.java:logAppendEntries(1539)) - s5@group-7DC22DB0A052: appendEntries* s6->s5#187-t1,previous=(t:1, i:75),leaderCommit=75,initializing? false,entries: size=1, first=(t:1, i:76), METADATAENTRY(c:75)
2024-09-10 06:19:55,132 DEBUG server.RaftServer$Division (RaftServerImpl.java:submitClientRequestAsync(910)) - s6@group-7DC22DB0A052: receive client request(RaftClientRequest:client-E23D9C381951->s6@group-7DC22DB0A052, cid=4385, seq=null, RW, Message:01016304010300040201...(size=17))
2024-09-10 06:19:55,132 DEBUG server.RaftServer$Division (LeaderStateImpl.java:addPendingRequest(532)) - s6@group-7DC22DB0A052-LeaderStateImpl: addPendingRequest at RaftClientRequest:client-E23D9C381951->s6@group-7DC22DB0A052, cid=4385, seq=null, RW, Message:01016304010300040201...(size=17), entry=(t:1, i:77), STATEMACHINELOGENTRY, WRITE: logData.size=17, stateMachineData.size=0, logEntryProtoSerializedSize=0
2024-09-10 06:19:55,133 DEBUG server.RaftServer$Division (RaftServerImpl.java:logAppendEntries(1539)) - s5@group-7DC22DB0A052: appendEntries* reply s6<-s5#187:OK-t1,SUCCESS,nextIndex=77,followerCommit=75,matchIndex=76
2024-09-10 06:19:55,133 DEBUG server.RaftServer$Division (RaftServerImpl.java:logAppendEntries(1539)) - s5@group-7DC22DB0A052: appendEntries* s6->s5#191-t1,previous=(t:1, i:76),leaderCommit=76,initializing? false,entries: size=1, first=(t:1, i:77), STATEMACHINELOGENTRY, StateMachineLogEntryProto:4385@client-E23D9C381951
2024-09-10 06:19:55,133 DEBUG server.RaftServer$Division (RaftServerImpl.java:logAppendEntries(1539)) - s4@group-7DC22DB0A052: appendEntries* s6->s4#199-t1,previous=(t:1, i:76),leaderCommit=76,initializing? false,entries: size=1, first=(t:1, i:77), STATEMACHINELOGENTRY, StateMachineLogEntryProto:4385@client-E23D9C381951
2024-09-10 06:19:55,134 DEBUG server.RaftServer$Division (RaftServerImpl.java:logAppendEntries(1539)) - s5@group-7DC22DB0A052: appendEntries* reply s6<-s5#191:OK-t1,SUCCESS,nextIndex=78,followerCommit=76,matchIndex=77
2024-09-10 06:19:55,134 INFO  statemachine.StateMachine (ArithmeticStateMachine.java:applyTransaction(181)) - LEADER:s6-77: c = √(a^2 + b^2) = 2813
2024-09-10 06:19:55,135 DEBUG server.RaftServer$Division (RaftServerImpl.java:logAppendEntries(1539)) - s4@group-7DC22DB0A052: appendEntries* reply s6<-s4#199:OK-t1,SUCCESS,nextIndex=78,followerCommit=76,matchIndex=77
2024-09-10 06:19:55,135 DEBUG server.RaftServer$Division (RaftServerImpl.java:logAppendEntries(1539)) - s4@group-7DC22DB0A052: appendEntries* s6->s4#202-t1,previous=(t:1, i:77),leaderCommit=77,initializing? false,entries: size=1, first=(t:1, i:78), METADATAENTRY(c:77)
2024-09-10 06:19:55,136 DEBUG server.RaftServer$Division (RaftServerImpl.java:logAppendEntries(1539)) - s5@group-7DC22DB0A052: appendEntries* s6->s5#193-t1,previous=(t:1, i:77),leaderCommit=77,initializing? false,entries: size=1, first=(t:1, i:78), METADATAENTRY(c:77)
2024-09-10 06:19:55,136 DEBUG server.RaftServer$Division (RaftServerImpl.java:logAppendEntries(1539)) - s4@group-7DC22DB0A052: appendEntries* reply s6<-s4#202:OK-t1,SUCCESS,nextIndex=79,followerCommit=77,matchIndex=78
2024-09-10 06:19:55,136 DEBUG server.RaftServer$Division (RaftServerImpl.java:logAppendEntries(1539)) - s5@group-7DC22DB0A052: appendEntries* reply s6<-s5#193:OK-t1,SUCCESS,nextIndex=79,followerCommit=77,matchIndex=78
2024-09-10 06:19:55,137 DEBUG server.RaftServer$Division (RaftServerImpl.java:submitClientRequestAsync(910)) - s6@group-7DC22DB0A052: receive client request(RaftClientRequest:client-E23D9C381951->s6@group-7DC22DB0A052, cid=4386, seq=null, RW, Message:01016100)
2024-09-10 06:19:55,137 DEBUG server.RaftServer$Division (LeaderStateImpl.java:addPendingRequest(532)) - s6@group-7DC22DB0A052-LeaderStateImpl: addPendingRequest at RaftClientRequest:client-E23D9C381951->s6@group-7DC22DB0A052, cid=4386, seq=null, RW, Message:01016100, entry=(t:1, i:79), STATEMACHINELOGENTRY, WRITE: logData.size=4, stateMachineData.size=0, logEntryProtoSerializedSize=0
2024-09-10 06:19:55,138 DEBUG server.RaftServer$Division (RaftServerImpl.java:logAppendEntries(1539)) - s4@group-7DC22DB0A052: appendEntries* s6->s4#206-t1,previous=(t:1, i:78),leaderCommit=78,initializing? false,entries: size=1, first=(t:1, i:79), STATEMACHINELOGENTRY, StateMachineLogEntryProto:4386@client-E23D9C381951
2024-09-10 06:19:55,138 DEBUG server.RaftServer$Division (RaftServerImpl.java:logAppendEntries(1539)) - s5@group-7DC22DB0A052: appendEntries* s6->s5#196-t1,previous=(t:1, i:78),leaderCommit=78,initializing? false,entries: size=1, first=(t:1, i:79), STATEMACHINELOGENTRY, StateMachineLogEntryProto:4386@client-E23D9C381951
2024-09-10 06:19:55,138 DEBUG server.RaftServer$Division (RaftServerImpl.java:logAppendEntries(1539)) - s4@group-7DC22DB0A052: appendEntries* reply s6<-s4#206:OK-t1,SUCCESS,nextIndex=80,followerCommit=78,matchIndex=79
2024-09-10 06:19:55,138 DEBUG server.RaftServer$Division (RaftServerImpl.java:logAppendEntries(1539)) - s5@group-7DC22DB0A052: appendEntries* reply s6<-s5#196:OK-t1,SUCCESS,nextIndex=80,followerCommit=78,matchIndex=79
2024-09-10 06:19:55,139 INFO  statemachine.StateMachine (ArithmeticStateMachine.java:applyTransaction(181)) - LEADER:s6-79: a = null = null
2024-09-10 06:19:55,139 DEBUG server.RaftServer$Division (RaftServerImpl.java:logAppendEntries(1539)) - s4@group-7DC22DB0A052: appendEntries* s6->s4#207-t1,previous=(t:1, i:79),leaderCommit=79,initializing? false,entries: size=1, first=(t:1, i:80), METADATAENTRY(c:79)
2024-09-10 06:19:55,140 DEBUG server.RaftServer$Division (RaftServerImpl.java:logAppendEntries(1539)) - s5@group-7DC22DB0A052: appendEntries* s6->s5#198-t1,previous=(t:1, i:79),leaderCommit=79,initializing? false,entries: size=1, first=(t:1, i:80), METADATAENTRY(c:79)
2024-09-10 06:19:55,140 DEBUG server.RaftServer$Division (RaftServerImpl.java:logAppendEntries(1539)) - s4@group-7DC22DB0A052: appendEntries* reply s6<-s4#207:OK-t1,SUCCESS,nextIndex=81,followerCommit=79,matchIndex=80
2024-09-10 06:19:55,140 DEBUG server.RaftServer$Division (RaftServerImpl.java:logAppendEntries(1539)) - s5@group-7DC22DB0A052: appendEntries* reply s6<-s5#198:OK-t1,SUCCESS,nextIndex=81,followerCommit=79,matchIndex=80
2024-09-10 06:19:55,141 DEBUG server.RaftServer$Division (RaftServerImpl.java:submitClientRequestAsync(910)) - s6@group-7DC22DB0A052: receive client request(RaftClientRequest:client-E23D9C381951->s6@group-7DC22DB0A052, cid=4387, seq=null, RW, Message:01016200)
2024-09-10 06:19:55,141 DEBUG server.RaftServer$Division (LeaderStateImpl.java:addPendingRequest(532)) - s6@group-7DC22DB0A052-LeaderStateImpl: addPendingRequest at RaftClientRequest:client-E23D9C381951->s6@group-7DC22DB0A052, cid=4387, seq=null, RW, Message:01016200, entry=(t:1, i:81), STATEMACHINELOGENTRY, WRITE: logData.size=4, stateMachineData.size=0, logEntryProtoSerializedSize=0
2024-09-10 06:19:55,142 DEBUG server.RaftServer$Division (RaftServerImpl.java:logAppendEntries(1539)) - s5@group-7DC22DB0A052: appendEntries* s6->s5#202-t1,previous=(t:1, i:80),leaderCommit=80,initializing? false,entries: size=1, first=(t:1, i:81), STATEMACHINELOGENTRY, StateMachineLogEntryProto:4387@client-E23D9C381951
2024-09-10 06:19:55,142 DEBUG server.RaftServer$Division (RaftServerImpl.java:logAppendEntries(1539)) - s4@group-7DC22DB0A052: appendEntries* s6->s4#212-t1,previous=(t:1, i:80),leaderCommit=80,initializing? false,entries: size=1, first=(t:1, i:81), STATEMACHINELOGENTRY, StateMachineLogEntryProto:4387@client-E23D9C381951
2024-09-10 06:19:55,142 DEBUG server.RaftServer$Division (RaftServerImpl.java:logAppendEntries(1539)) - s5@group-7DC22DB0A052: appendEntries* reply s6<-s5#202:OK-t1,SUCCESS,nextIndex=82,followerCommit=80,matchIndex=81
2024-09-10 06:19:55,143 DEBUG server.RaftServer$Division (RaftServerImpl.java:logAppendEntries(1539)) - s4@group-7DC22DB0A052: appendEntries* reply s6<-s4#212:OK-t1,SUCCESS,nextIndex=82,followerCommit=80,matchIndex=81
2024-09-10 06:19:55,143 INFO  statemachine.StateMachine (ArithmeticStateMachine.java:applyTransaction(181)) - LEADER:s6-81: b = null = null
2024-09-10 06:19:55,144 DEBUG server.RaftServer$Division (RaftServerImpl.java:logAppendEntries(1539)) - s4@group-7DC22DB0A052: appendEntries* s6->s4#214-t1,previous=(t:1, i:81),leaderCommit=81,initializing? false,entries: size=1, first=(t:1, i:82), METADATAENTRY(c:81)
2024-09-10 06:19:55,145 DEBUG server.RaftServer$Division (RaftServerImpl.java:logAppendEntries(1539)) - s4@group-7DC22DB0A052: appendEntries* reply s6<-s4#214:OK-t1,SUCCESS,nextIndex=83,followerCommit=81,matchIndex=82
2024-09-10 06:19:55,145 DEBUG server.RaftServer$Division (RaftServerImpl.java:logAppendEntries(1539)) - s5@group-7DC22DB0A052: appendEntries* s6->s5#203-t1,previous=(t:1, i:81),leaderCommit=81,initializing? false,entries: size=1, first=(t:1, i:82), METADATAENTRY(c:81)
2024-09-10 06:19:55,146 DEBUG server.RaftServer$Division (RaftServerImpl.java:submitClientRequestAsync(910)) - s6@group-7DC22DB0A052: receive client request(RaftClientRequest:client-E23D9C381951->s6@group-7DC22DB0A052, cid=4388, seq=null, RW, Message:01016300)
2024-09-10 06:19:55,146 DEBUG server.RaftServer$Division (LeaderStateImpl.java:addPendingRequest(532)) - s6@group-7DC22DB0A052-LeaderStateImpl: addPendingRequest at RaftClientRequest:client-E23D9C381951->s6@group-7DC22DB0A052, cid=4388, seq=null, RW, Message:01016300, entry=(t:1, i:83), STATEMACHINELOGENTRY, WRITE: logData.size=4, stateMachineData.size=0, logEntryProtoSerializedSize=0
2024-09-10 06:19:55,146 DEBUG server.RaftServer$Division (RaftServerImpl.java:logAppendEntries(1539)) - s5@group-7DC22DB0A052: appendEntries* reply s6<-s5#203:OK-t1,SUCCESS,nextIndex=83,followerCommit=81,matchIndex=82
2024-09-10 06:19:55,147 DEBUG server.RaftServer$Division (RaftServerImpl.java:logAppendEntries(1539)) - s5@group-7DC22DB0A052: appendEntries* s6->s5#207-t1,previous=(t:1, i:82),leaderCommit=82,initializing? false,entries: size=1, first=(t:1, i:83), STATEMACHINELOGENTRY, StateMachineLogEntryProto:4388@client-E23D9C381951
2024-09-10 06:19:55,147 DEBUG server.RaftServer$Division (RaftServerImpl.java:logAppendEntries(1539)) - s4@group-7DC22DB0A052: appendEntries* s6->s4#217-t1,previous=(t:1, i:82),leaderCommit=82,initializing? false,entries: size=1, first=(t:1, i:83), STATEMACHINELOGENTRY, StateMachineLogEntryProto:4388@client-E23D9C381951
2024-09-10 06:19:55,147 DEBUG server.RaftServer$Division (RaftServerImpl.java:logAppendEntries(1539)) - s5@group-7DC22DB0A052: appendEntries* reply s6<-s5#207:OK-t1,SUCCESS,nextIndex=84,followerCommit=82,matchIndex=83
2024-09-10 06:19:55,147 DEBUG server.RaftServer$Division (RaftServerImpl.java:logAppendEntries(1539)) - s4@group-7DC22DB0A052: appendEntries* reply s6<-s4#217:OK-t1,SUCCESS,nextIndex=84,followerCommit=82,matchIndex=83
2024-09-10 06:19:55,147 INFO  statemachine.StateMachine (ArithmeticStateMachine.java:applyTransaction(181)) - LEADER:s6-83: c = null = null
2024-09-10 06:19:55,148 DEBUG server.RaftServer$Division (RaftServerImpl.java:logAppendEntries(1539)) - s4@group-7DC22DB0A052: appendEntries* s6->s4#219-t1,previous=(t:1, i:83),leaderCommit=83,initializing? false,entries: size=1, first=(t:1, i:84), METADATAENTRY(c:83)
2024-09-10 06:19:55,149 DEBUG server.RaftServer$Division (RaftServerImpl.java:logAppendEntries(1539)) - s4@group-7DC22DB0A052: appendEntries* reply s6<-s4#219:OK-t1,SUCCESS,nextIndex=85,followerCommit=83,matchIndex=84
2024-09-10 06:19:55,149 DEBUG server.RaftServer$Division (RaftServerImpl.java:logAppendEntries(1539)) - s5@group-7DC22DB0A052: appendEntries* s6->s5#209-t1,previous=(t:1, i:83),leaderCommit=83,initializing? false,entries: size=1, first=(t:1, i:84), METADATAENTRY(c:83)
2024-09-10 06:19:55,150 DEBUG server.RaftServer$Division (RaftServerImpl.java:submitClientRequestAsync(910)) - s6@group-7DC22DB0A052: receive client request(RaftClientRequest:client-E23D9C381951->s6@group-7DC22DB0A052, cid=4389, seq=null, RW, Message:01016102405340000000...(size=12))
2024-09-10 06:19:55,150 DEBUG server.RaftServer$Division (LeaderStateImpl.java:addPendingRequest(532)) - s6@group-7DC22DB0A052-LeaderStateImpl: addPendingRequest at RaftClientRequest:client-E23D9C381951->s6@group-7DC22DB0A052, cid=4389, seq=null, RW, Message:01016102405340000000...(size=12), entry=(t:1, i:85), STATEMACHINELOGENTRY, WRITE: logData.size=12, stateMachineData.size=0, logEntryProtoSerializedSize=0
2024-09-10 06:19:55,151 DEBUG server.RaftServer$Division (RaftServerImpl.java:logAppendEntries(1539)) - s5@group-7DC22DB0A052: appendEntries* reply s6<-s5#209:OK-t1,SUCCESS,nextIndex=85,followerCommit=83,matchIndex=84
2024-09-10 06:19:55,151 DEBUG server.RaftServer$Division (RaftServerImpl.java:logAppendEntries(1539)) - s5@group-7DC22DB0A052: appendEntries* s6->s5#213-t1,previous=(t:1, i:84),leaderCommit=84,initializing? false,entries: size=1, first=(t:1, i:85), STATEMACHINELOGENTRY, StateMachineLogEntryProto:4389@client-E23D9C381951
2024-09-10 06:19:55,152 DEBUG server.RaftServer$Division (RaftServerImpl.java:logAppendEntries(1539)) - s4@group-7DC22DB0A052: appendEntries* s6->s4#222-t1,previous=(t:1, i:84),leaderCommit=84,initializing? false,entries: size=1, first=(t:1, i:85), STATEMACHINELOGENTRY, StateMachineLogEntryProto:4389@client-E23D9C381951
2024-09-10 06:19:55,152 DEBUG server.RaftServer$Division (RaftServerImpl.java:logAppendEntries(1539)) - s5@group-7DC22DB0A052: appendEntries* reply s6<-s5#213:OK-t1,SUCCESS,nextIndex=86,followerCommit=84,matchIndex=85
2024-09-10 06:19:55,152 DEBUG server.RaftServer$Division (RaftServerImpl.java:logAppendEntries(1539)) - s4@group-7DC22DB0A052: appendEntries* reply s6<-s4#222:OK-t1,SUCCESS,nextIndex=86,followerCommit=84,matchIndex=85
2024-09-10 06:19:55,152 INFO  statemachine.StateMachine (ArithmeticStateMachine.java:applyTransaction(181)) - LEADER:s6-85: a = 77 = 77
2024-09-10 06:19:55,153 DEBUG server.RaftServer$Division (RaftServerImpl.java:logAppendEntries(1539)) - s4@group-7DC22DB0A052: appendEntries* s6->s4#225-t1,previous=(t:1, i:85),leaderCommit=85,initializing? false,entries: size=1, first=(t:1, i:86), METADATAENTRY(c:85)
2024-09-10 06:19:55,153 DEBUG server.RaftServer$Division (RaftServerImpl.java:logAppendEntries(1539)) - s4@group-7DC22DB0A052: appendEntries* reply s6<-s4#225:OK-t1,SUCCESS,nextIndex=87,followerCommit=85,matchIndex=86
2024-09-10 06:19:55,154 DEBUG server.RaftServer$Division (RaftServerImpl.java:logAppendEntries(1539)) - s5@group-7DC22DB0A052: appendEntries* s6->s5#215-t1,previous=(t:1, i:85),leaderCommit=85,initializing? false,entries: size=1, first=(t:1, i:86), METADATAENTRY(c:85)
2024-09-10 06:19:55,155 DEBUG server.RaftServer$Division (RaftServerImpl.java:submitClientRequestAsync(910)) - s6@group-7DC22DB0A052: receive client request(RaftClientRequest:client-E23D9C381951->s6@group-7DC22DB0A052, cid=4390, seq=null, RW, Message:0101620240a728000000...(size=12))
2024-09-10 06:19:55,155 DEBUG server.RaftServer$Division (LeaderStateImpl.java:addPendingRequest(532)) - s6@group-7DC22DB0A052-LeaderStateImpl: addPendingRequest at RaftClientRequest:client-E23D9C381951->s6@group-7DC22DB0A052, cid=4390, seq=null, RW, Message:0101620240a728000000...(size=12), entry=(t:1, i:87), STATEMACHINELOGENTRY, WRITE: logData.size=12, stateMachineData.size=0, logEntryProtoSerializedSize=0
2024-09-10 06:19:55,156 DEBUG server.RaftServer$Division (RaftServerImpl.java:logAppendEntries(1539)) - s5@group-7DC22DB0A052: appendEntries* reply s6<-s5#215:OK-t1,SUCCESS,nextIndex=87,followerCommit=85,matchIndex=86
2024-09-10 06:19:55,156 DEBUG server.RaftServer$Division (RaftServerImpl.java:logAppendEntries(1539)) - s5@group-7DC22DB0A052: appendEntries* s6->s5#219-t1,previous=(t:1, i:86),leaderCommit=86,initializing? false,entries: size=1, first=(t:1, i:87), STATEMACHINELOGENTRY, StateMachineLogEntryProto:4390@client-E23D9C381951
2024-09-10 06:19:55,157 DEBUG server.RaftServer$Division (RaftServerImpl.java:logAppendEntries(1539)) - s5@group-7DC22DB0A052: appendEntries* reply s6<-s5#219:OK-t1,SUCCESS,nextIndex=88,followerCommit=86,matchIndex=87
2024-09-10 06:19:55,157 DEBUG server.RaftServer$Division (RaftServerImpl.java:logAppendEntries(1539)) - s4@group-7DC22DB0A052: appendEntries* s6->s4#228-t1,previous=(t:1, i:86),leaderCommit=86,initializing? false,entries: size=1, first=(t:1, i:87), STATEMACHINELOGENTRY, StateMachineLogEntryProto:4390@client-E23D9C381951
2024-09-10 06:19:55,158 INFO  statemachine.StateMachine (ArithmeticStateMachine.java:applyTransaction(181)) - LEADER:s6-87: b = 2964 = 2964
2024-09-10 06:19:55,158 DEBUG server.RaftServer$Division (RaftServerImpl.java:logAppendEntries(1539)) - s4@group-7DC22DB0A052: appendEntries* reply s6<-s4#228:OK-t1,SUCCESS,nextIndex=88,followerCommit=86,matchIndex=87
2024-09-10 06:19:55,159 DEBUG server.RaftServer$Division (RaftServerImpl.java:logAppendEntries(1539)) - s5@group-7DC22DB0A052: appendEntries* s6->s5#221-t1,previous=(t:1, i:87),leaderCommit=87,initializing? false,entries: size=1, first=(t:1, i:88), METADATAENTRY(c:87)
2024-09-10 06:19:55,159 DEBUG server.RaftServer$Division (RaftServerImpl.java:logAppendEntries(1539)) - s5@group-7DC22DB0A052: appendEntries* reply s6<-s5#221:OK-t1,SUCCESS,nextIndex=89,followerCommit=87,matchIndex=88
2024-09-10 06:19:55,160 DEBUG server.RaftServer$Division (RaftServerImpl.java:logAppendEntries(1539)) - s4@group-7DC22DB0A052: appendEntries* s6->s4#230-t1,previous=(t:1, i:87),leaderCommit=87,initializing? false,entries: size=1, first=(t:1, i:88), METADATAENTRY(c:87)
2024-09-10 06:19:55,161 DEBUG server.RaftServer$Division (RaftServerImpl.java:logAppendEntries(1539)) - s4@group-7DC22DB0A052: appendEntries* reply s6<-s4#230:OK-t1,SUCCESS,nextIndex=89,followerCommit=87,matchIndex=88
2024-09-10 06:19:55,162 DEBUG server.RaftServer$Division (RaftServerImpl.java:submitClientRequestAsync(910)) - s6@group-7DC22DB0A052: receive client request(RaftClientRequest:client-E23D9C381951->s6@group-7DC22DB0A052, cid=4391, seq=null, RW, Message:01016304010300040201...(size=17))
2024-09-10 06:19:55,162 DEBUG server.RaftServer$Division (LeaderStateImpl.java:addPendingRequest(532)) - s6@group-7DC22DB0A052-LeaderStateImpl: addPendingRequest at RaftClientRequest:client-E23D9C381951->s6@group-7DC22DB0A052, cid=4391, seq=null, RW, Message:01016304010300040201...(size=17), entry=(t:1, i:89), STATEMACHINELOGENTRY, WRITE: logData.size=17, stateMachineData.size=0, logEntryProtoSerializedSize=0
2024-09-10 06:19:55,162 DEBUG server.RaftServer$Division (RaftServerImpl.java:logAppendEntries(1539)) - s5@group-7DC22DB0A052: appendEntries* s6->s5#225-t1,previous=(t:1, i:88),leaderCommit=88,initializing? false,entries: size=1, first=(t:1, i:89), STATEMACHINELOGENTRY, StateMachineLogEntryProto:4391@client-E23D9C381951
2024-09-10 06:19:55,163 DEBUG server.RaftServer$Division (RaftServerImpl.java:logAppendEntries(1539)) - s4@group-7DC22DB0A052: appendEntries* s6->s4#235-t1,previous=(t:1, i:88),leaderCommit=88,initializing? false,entries: size=1, first=(t:1, i:89), STATEMACHINELOGENTRY, StateMachineLogEntryProto:4391@client-E23D9C381951
2024-09-10 06:19:55,163 DEBUG server.RaftServer$Division (RaftServerImpl.java:logAppendEntries(1539)) - s5@group-7DC22DB0A052: appendEntries* reply s6<-s5#225:OK-t1,SUCCESS,nextIndex=90,followerCommit=88,matchIndex=89
2024-09-10 06:19:55,163 INFO  statemachine.StateMachine (ArithmeticStateMachine.java:applyTransaction(181)) - LEADER:s6-89: c = √(a^2 + b^2) = 2965
2024-09-10 06:19:55,164 DEBUG server.RaftServer$Division (RaftServerImpl.java:logAppendEntries(1539)) - s4@group-7DC22DB0A052: appendEntries* reply s6<-s4#235:OK-t1,SUCCESS,nextIndex=90,followerCommit=88,matchIndex=89
2024-09-10 06:19:55,164 DEBUG server.RaftServer$Division (RaftServerImpl.java:logAppendEntries(1539)) - s4@group-7DC22DB0A052: appendEntries* s6->s4#237-t1,previous=(t:1, i:89),leaderCommit=89,initializing? false,entries: size=1, first=(t:1, i:90), METADATAENTRY(c:89)
2024-09-10 06:19:55,165 DEBUG server.RaftServer$Division (RaftServerImpl.java:logAppendEntries(1539)) - s5@group-7DC22DB0A052: appendEntries* s6->s5#226-t1,previous=(t:1, i:89),leaderCommit=89,initializing? false,entries: size=1, first=(t:1, i:90), METADATAENTRY(c:89)
2024-09-10 06:19:55,165 DEBUG server.RaftServer$Division (RaftServerImpl.java:logAppendEntries(1539)) - s4@group-7DC22DB0A052: appendEntries* reply s6<-s4#237:OK-t1,SUCCESS,nextIndex=91,followerCommit=89,matchIndex=90
2024-09-10 06:19:55,165 DEBUG server.RaftServer$Division (RaftServerImpl.java:logAppendEntries(1539)) - s5@group-7DC22DB0A052: appendEntries* reply s6<-s5#226:OK-t1,SUCCESS,nextIndex=91,followerCommit=89,matchIndex=90
2024-09-10 06:19:55,167 DEBUG server.RaftServer$Division (RaftServerImpl.java:submitClientRequestAsync(910)) - s6@group-7DC22DB0A052: receive client request(RaftClientRequest:client-E23D9C381951->s6@group-7DC22DB0A052, cid=4392, seq=null, RW, Message:01016100)
2024-09-10 06:19:55,168 DEBUG server.RaftServer$Division (LeaderStateImpl.java:addPendingRequest(532)) - s6@group-7DC22DB0A052-LeaderStateImpl: addPendingRequest at RaftClientRequest:client-E23D9C381951->s6@group-7DC22DB0A052, cid=4392, seq=null, RW, Message:01016100, entry=(t:1, i:91), STATEMACHINELOGENTRY, WRITE: logData.size=4, stateMachineData.size=0, logEntryProtoSerializedSize=0
2024-09-10 06:19:55,168 DEBUG server.RaftServer$Division (RaftServerImpl.java:logAppendEntries(1539)) - s5@group-7DC22DB0A052: appendEntries* s6->s5#230-t1,previous=(t:1, i:90),leaderCommit=90,initializing? false,entries: size=1, first=(t:1, i:91), STATEMACHINELOGENTRY, StateMachineLogEntryProto:4392@client-E23D9C381951
2024-09-10 06:19:55,168 DEBUG server.RaftServer$Division (RaftServerImpl.java:logAppendEntries(1539)) - s4@group-7DC22DB0A052: appendEntries* s6->s4#242-t1,previous=(t:1, i:90),leaderCommit=90,initializing? false,entries: size=1, first=(t:1, i:91), STATEMACHINELOGENTRY, StateMachineLogEntryProto:4392@client-E23D9C381951
2024-09-10 06:19:55,169 DEBUG server.RaftServer$Division (RaftServerImpl.java:logAppendEntries(1539)) - s5@group-7DC22DB0A052: appendEntries* reply s6<-s5#230:OK-t1,SUCCESS,nextIndex=92,followerCommit=90,matchIndex=91
2024-09-10 06:19:55,169 DEBUG server.RaftServer$Division (RaftServerImpl.java:logAppendEntries(1539)) - s4@group-7DC22DB0A052: appendEntries* reply s6<-s4#242:OK-t1,SUCCESS,nextIndex=92,followerCommit=90,matchIndex=91
2024-09-10 06:19:55,169 INFO  statemachine.StateMachine (ArithmeticStateMachine.java:applyTransaction(181)) - LEADER:s6-91: a = null = null
2024-09-10 06:19:55,170 DEBUG server.RaftServer$Division (RaftServerImpl.java:logAppendEntries(1539)) - s4@group-7DC22DB0A052: appendEntries* s6->s4#243-t1,previous=(t:1, i:91),leaderCommit=91,initializing? false,entries: size=1, first=(t:1, i:92), METADATAENTRY(c:91)
2024-09-10 06:19:55,171 DEBUG server.RaftServer$Division (RaftServerImpl.java:logAppendEntries(1539)) - s5@group-7DC22DB0A052: appendEntries* s6->s5#232-t1,previous=(t:1, i:91),leaderCommit=91,initializing? false,entries: size=1, first=(t:1, i:92), METADATAENTRY(c:91)
2024-09-10 06:19:55,171 DEBUG server.RaftServer$Division (RaftServerImpl.java:logAppendEntries(1539)) - s4@group-7DC22DB0A052: appendEntries* reply s6<-s4#243:OK-t1,SUCCESS,nextIndex=93,followerCommit=91,matchIndex=92
2024-09-10 06:19:55,171 DEBUG server.RaftServer$Division (RaftServerImpl.java:logAppendEntries(1539)) - s5@group-7DC22DB0A052: appendEntries* reply s6<-s5#232:OK-t1,SUCCESS,nextIndex=93,followerCommit=91,matchIndex=92
2024-09-10 06:19:55,173 DEBUG server.RaftServer$Division (RaftServerImpl.java:submitClientRequestAsync(910)) - s6@group-7DC22DB0A052: receive client request(RaftClientRequest:client-E23D9C381951->s6@group-7DC22DB0A052, cid=4393, seq=null, RW, Message:01016200)
2024-09-10 06:19:55,173 DEBUG server.RaftServer$Division (LeaderStateImpl.java:addPendingRequest(532)) - s6@group-7DC22DB0A052-LeaderStateImpl: addPendingRequest at RaftClientRequest:client-E23D9C381951->s6@group-7DC22DB0A052, cid=4393, seq=null, RW, Message:01016200, entry=(t:1, i:93), STATEMACHINELOGENTRY, WRITE: logData.size=4, stateMachineData.size=0, logEntryProtoSerializedSize=0
2024-09-10 06:19:55,174 DEBUG server.RaftServer$Division (RaftServerImpl.java:logAppendEntries(1539)) - s5@group-7DC22DB0A052: appendEntries* s6->s5#236-t1,previous=(t:1, i:92),leaderCommit=92,initializing? false,entries: size=1, first=(t:1, i:93), STATEMACHINELOGENTRY, StateMachineLogEntryProto:4393@client-E23D9C381951
2024-09-10 06:19:55,174 DEBUG server.RaftServer$Division (RaftServerImpl.java:logAppendEntries(1539)) - s4@group-7DC22DB0A052: appendEntries* s6->s4#248-t1,previous=(t:1, i:92),leaderCommit=92,initializing? false,entries: size=1, first=(t:1, i:93), STATEMACHINELOGENTRY, StateMachineLogEntryProto:4393@client-E23D9C381951
2024-09-10 06:19:55,174 DEBUG server.RaftServer$Division (RaftServerImpl.java:logAppendEntries(1539)) - s5@group-7DC22DB0A052: appendEntries* reply s6<-s5#236:OK-t1,SUCCESS,nextIndex=94,followerCommit=92,matchIndex=93
2024-09-10 06:19:55,175 INFO  statemachine.StateMachine (ArithmeticStateMachine.java:applyTransaction(181)) - LEADER:s6-93: b = null = null
2024-09-10 06:19:55,175 DEBUG server.RaftServer$Division (RaftServerImpl.java:logAppendEntries(1539)) - s4@group-7DC22DB0A052: appendEntries* reply s6<-s4#248:OK-t1,SUCCESS,nextIndex=94,followerCommit=92,matchIndex=93
2024-09-10 06:19:55,176 DEBUG server.RaftServer$Division (RaftServerImpl.java:logAppendEntries(1539)) - s5@group-7DC22DB0A052: appendEntries* s6->s5#237-t1,previous=(t:1, i:93),leaderCommit=93,initializing? false,entries: size=1, first=(t:1, i:94), METADATAENTRY(c:93)
2024-09-10 06:19:55,177 DEBUG server.RaftServer$Division (RaftServerImpl.java:logAppendEntries(1539)) - s5@group-7DC22DB0A052: appendEntries* reply s6<-s5#237:OK-t1,SUCCESS,nextIndex=95,followerCommit=93,matchIndex=94
2024-09-10 06:19:55,178 DEBUG server.RaftServer$Division (RaftServerImpl.java:logAppendEntries(1539)) - s4@group-7DC22DB0A052: appendEntries* s6->s4#250-t1,previous=(t:1, i:93),leaderCommit=93,initializing? false,entries: size=1, first=(t:1, i:94), METADATAENTRY(c:93)
2024-09-10 06:19:55,178 DEBUG server.RaftServer$Division (RaftServerImpl.java:logAppendEntries(1539)) - s4@group-7DC22DB0A052: appendEntries* reply s6<-s4#250:OK-t1,SUCCESS,nextIndex=95,followerCommit=93,matchIndex=94
2024-09-10 06:19:55,179 DEBUG server.RaftServer$Division (RaftServerImpl.java:submitClientRequestAsync(910)) - s6@group-7DC22DB0A052: receive client request(RaftClientRequest:client-E23D9C381951->s6@group-7DC22DB0A052, cid=4394, seq=null, RW, Message:01016300)
2024-09-10 06:19:55,179 DEBUG server.RaftServer$Division (LeaderStateImpl.java:addPendingRequest(532)) - s6@group-7DC22DB0A052-LeaderStateImpl: addPendingRequest at RaftClientRequest:client-E23D9C381951->s6@group-7DC22DB0A052, cid=4394, seq=null, RW, Message:01016300, entry=(t:1, i:95), STATEMACHINELOGENTRY, WRITE: logData.size=4, stateMachineData.size=0, logEntryProtoSerializedSize=0
2024-09-10 06:19:55,180 DEBUG server.RaftServer$Division (RaftServerImpl.java:logAppendEntries(1539)) - s5@group-7DC22DB0A052: appendEntries* s6->s5#240-t1,previous=(t:1, i:94),leaderCommit=94,initializing? false,entries: size=1, first=(t:1, i:95), STATEMACHINELOGENTRY, StateMachineLogEntryProto:4394@client-E23D9C381951
2024-09-10 06:19:55,181 DEBUG server.RaftServer$Division (RaftServerImpl.java:logAppendEntries(1539)) - s4@group-7DC22DB0A052: appendEntries* s6->s4#254-t1,previous=(t:1, i:94),leaderCommit=94,initializing? false,entries: size=1, first=(t:1, i:95), STATEMACHINELOGENTRY, StateMachineLogEntryProto:4394@client-E23D9C381951
2024-09-10 06:19:55,181 DEBUG server.RaftServer$Division (RaftServerImpl.java:logAppendEntries(1539)) - s5@group-7DC22DB0A052: appendEntries* reply s6<-s5#240:OK-t1,SUCCESS,nextIndex=96,followerCommit=94,matchIndex=95
2024-09-10 06:19:55,181 DEBUG server.RaftServer$Division (RaftServerImpl.java:logAppendEntries(1539)) - s4@group-7DC22DB0A052: appendEntries* reply s6<-s4#254:OK-t1,SUCCESS,nextIndex=96,followerCommit=94,matchIndex=95
2024-09-10 06:19:55,182 INFO  statemachine.StateMachine (ArithmeticStateMachine.java:applyTransaction(181)) - LEADER:s6-95: c = null = null
2024-09-10 06:19:55,183 DEBUG server.RaftServer$Division (RaftServerImpl.java:logAppendEntries(1539)) - s5@group-7DC22DB0A052: appendEntries* s6->s5#241-t1,previous=(t:1, i:95),leaderCommit=95,initializing? false,entries: size=1, first=(t:1, i:96), METADATAENTRY(c:95)
2024-09-10 06:19:55,183 DEBUG server.RaftServer$Division (RaftServerImpl.java:logAppendEntries(1539)) - s4@group-7DC22DB0A052: appendEntries* s6->s4#256-t1,previous=(t:1, i:95),leaderCommit=95,initializing? false,entries: size=1, first=(t:1, i:96), METADATAENTRY(c:95)
2024-09-10 06:19:55,183 DEBUG server.RaftServer$Division (RaftServerImpl.java:logAppendEntries(1539)) - s5@group-7DC22DB0A052: appendEntries* reply s6<-s5#241:OK-t1,SUCCESS,nextIndex=97,followerCommit=95,matchIndex=96
2024-09-10 06:19:55,183 DEBUG server.RaftServer$Division (RaftServerImpl.java:logAppendEntries(1539)) - s4@group-7DC22DB0A052: appendEntries* reply s6<-s4#256:OK-t1,SUCCESS,nextIndex=97,followerCommit=95,matchIndex=96
2024-09-10 06:19:55,185 DEBUG server.RaftServer$Division (RaftServerImpl.java:submitClientRequestAsync(910)) - s6@group-7DC22DB0A052: receive client request(RaftClientRequest:client-E23D9C381951->s6@group-7DC22DB0A052, cid=4395, seq=null, RW, Message:010161024053c0000000...(size=12))
2024-09-10 06:19:55,185 DEBUG server.RaftServer$Division (LeaderStateImpl.java:addPendingRequest(532)) - s6@group-7DC22DB0A052-LeaderStateImpl: addPendingRequest at RaftClientRequest:client-E23D9C381951->s6@group-7DC22DB0A052, cid=4395, seq=null, RW, Message:010161024053c0000000...(size=12), entry=(t:1, i:97), STATEMACHINELOGENTRY, WRITE: logData.size=12, stateMachineData.size=0, logEntryProtoSerializedSize=0
2024-09-10 06:19:55,185 DEBUG server.RaftServer$Division (RaftServerImpl.java:logAppendEntries(1539)) - s5@group-7DC22DB0A052: appendEntries* s6->s5#244-t1,previous=(t:1, i:96),leaderCommit=95,initializing? false,entries: size=1, first=(t:1, i:97), STATEMACHINELOGENTRY, StateMachineLogEntryProto:4395@client-E23D9C381951
2024-09-10 06:19:55,186 DEBUG server.RaftServer$Division (RaftServerImpl.java:logAppendEntries(1539)) - s4@group-7DC22DB0A052: appendEntries* s6->s4#257-t1,previous=(t:1, i:96),leaderCommit=96,initializing? false,entries: size=1, first=(t:1, i:97), STATEMACHINELOGENTRY, StateMachineLogEntryProto:4395@client-E23D9C381951
2024-09-10 06:19:55,186 DEBUG server.RaftServer$Division (RaftServerImpl.java:logAppendEntries(1539)) - s5@group-7DC22DB0A052: appendEntries* reply s6<-s5#244:OK-t1,SUCCESS,nextIndex=98,followerCommit=95,matchIndex=97
2024-09-10 06:19:55,186 INFO  statemachine.StateMachine (ArithmeticStateMachine.java:applyTransaction(181)) - LEADER:s6-97: a = 79 = 79
2024-09-10 06:19:55,186 DEBUG server.RaftServer$Division (RaftServerImpl.java:logAppendEntries(1539)) - s5@group-7DC22DB0A052: appendEntries* s6->s5#247-t1,previous=(t:1, i:97),leaderCommit=97,initializing? false,entries: size=1, first=(t:1, i:98), METADATAENTRY(c:97)
2024-09-10 06:19:55,187 DEBUG server.RaftServer$Division (RaftServerImpl.java:logAppendEntries(1539)) - s4@group-7DC22DB0A052: appendEntries* reply s6<-s4#257:OK-t1,SUCCESS,nextIndex=98,followerCommit=96,matchIndex=97
2024-09-10 06:19:55,187 DEBUG server.RaftServer$Division (RaftServerImpl.java:logAppendEntries(1539)) - s5@group-7DC22DB0A052: appendEntries* reply s6<-s5#247:OK-t1,SUCCESS,nextIndex=99,followerCommit=97,matchIndex=98
2024-09-10 06:19:55,187 DEBUG server.RaftServer$Division (RaftServerImpl.java:logAppendEntries(1539)) - s4@group-7DC22DB0A052: appendEntries* s6->s4#259-t1,previous=(t:1, i:97),leaderCommit=97,initializing? false,entries: size=1, first=(t:1, i:98), METADATAENTRY(c:97)
2024-09-10 06:19:55,188 DEBUG server.RaftServer$Division (RaftServerImpl.java:logAppendEntries(1539)) - s4@group-7DC22DB0A052: appendEntries* reply s6<-s4#259:OK-t1,SUCCESS,nextIndex=99,followerCommit=97,matchIndex=98
2024-09-10 06:19:55,189 DEBUG server.RaftServer$Division (RaftServerImpl.java:submitClientRequestAsync(910)) - s6@group-7DC22DB0A052: receive client request(RaftClientRequest:client-E23D9C381951->s6@group-7DC22DB0A052, cid=4396, seq=null, RW, Message:0101620240a860000000...(size=12))
2024-09-10 06:19:55,189 DEBUG server.RaftServer$Division (LeaderStateImpl.java:addPendingRequest(532)) - s6@group-7DC22DB0A052-LeaderStateImpl: addPendingRequest at RaftClientRequest:client-E23D9C381951->s6@group-7DC22DB0A052, cid=4396, seq=null, RW, Message:0101620240a860000000...(size=12), entry=(t:1, i:99), STATEMACHINELOGENTRY, WRITE: logData.size=12, stateMachineData.size=0, logEntryProtoSerializedSize=0
2024-09-10 06:19:55,190 DEBUG server.RaftServer$Division (RaftServerImpl.java:logAppendEntries(1539)) - s5@group-7DC22DB0A052: appendEntries* s6->s5#251-t1,previous=(t:1, i:98),leaderCommit=98,initializing? false,entries: size=1, first=(t:1, i:99), STATEMACHINELOGENTRY, StateMachineLogEntryProto:4396@client-E23D9C381951
2024-09-10 06:19:55,190 DEBUG server.RaftServer$Division (RaftServerImpl.java:logAppendEntries(1539)) - s4@group-7DC22DB0A052: appendEntries* s6->s4#263-t1,previous=(t:1, i:98),leaderCommit=98,initializing? false,entries: size=1, first=(t:1, i:99), STATEMACHINELOGENTRY, StateMachineLogEntryProto:4396@client-E23D9C381951
2024-09-10 06:19:55,191 DEBUG server.RaftServer$Division (RaftServerImpl.java:logAppendEntries(1539)) - s5@group-7DC22DB0A052: appendEntries* reply s6<-s5#251:OK-t1,SUCCESS,nextIndex=100,followerCommit=98,matchIndex=99
2024-09-10 06:19:55,191 DEBUG server.RaftServer$Division (RaftServerImpl.java:logAppendEntries(1539)) - s4@group-7DC22DB0A052: appendEntries* reply s6<-s4#263:OK-t1,SUCCESS,nextIndex=100,followerCommit=98,matchIndex=99
2024-09-10 06:19:55,191 INFO  statemachine.StateMachine (ArithmeticStateMachine.java:applyTransaction(181)) - LEADER:s6-99: b = 3120 = 3120
2024-09-10 06:19:55,192 DEBUG server.RaftServer$Division (RaftServerImpl.java:logAppendEntries(1539)) - s5@group-7DC22DB0A052: appendEntries* s6->s5#252-t1,previous=(t:1, i:99),leaderCommit=99,initializing? false,entries: size=1, first=(t:1, i:100), METADATAENTRY(c:99)
2024-09-10 06:19:55,192 DEBUG server.RaftServer$Division (RaftServerImpl.java:logAppendEntries(1539)) - s4@group-7DC22DB0A052: appendEntries* s6->s4#265-t1,previous=(t:1, i:99),leaderCommit=99,initializing? false,entries: size=1, first=(t:1, i:100), METADATAENTRY(c:99)
2024-09-10 06:19:55,192 DEBUG server.RaftServer$Division (RaftServerImpl.java:logAppendEntries(1539)) - s5@group-7DC22DB0A052: appendEntries* reply s6<-s5#252:OK-t1,SUCCESS,nextIndex=101,followerCommit=99,matchIndex=100
2024-09-10 06:19:55,192 DEBUG server.RaftServer$Division (RaftServerImpl.java:logAppendEntries(1539)) - s4@group-7DC22DB0A052: appendEntries* reply s6<-s4#265:OK-t1,SUCCESS,nextIndex=101,followerCommit=99,matchIndex=100
2024-09-10 06:19:55,194 DEBUG server.RaftServer$Division (RaftServerImpl.java:submitClientRequestAsync(910)) - s6@group-7DC22DB0A052: receive client request(RaftClientRequest:client-E23D9C381951->s6@group-7DC22DB0A052, cid=4397, seq=null, RW, Message:01016304010300040201...(size=17))
2024-09-10 06:19:55,194 DEBUG server.RaftServer$Division (LeaderStateImpl.java:addPendingRequest(532)) - s6@group-7DC22DB0A052-LeaderStateImpl: addPendingRequest at RaftClientRequest:client-E23D9C381951->s6@group-7DC22DB0A052, cid=4397, seq=null, RW, Message:01016304010300040201...(size=17), entry=(t:1, i:101), STATEMACHINELOGENTRY, WRITE: logData.size=17, stateMachineData.size=0, logEntryProtoSerializedSize=0
2024-09-10 06:19:55,195 DEBUG server.RaftServer$Division (RaftServerImpl.java:logAppendEntries(1539)) - s5@group-7DC22DB0A052: appendEntries* s6->s5#256-t1,previous=(t:1, i:100),leaderCommit=100,initializing? false,entries: size=1, first=(t:1, i:101), STATEMACHINELOGENTRY, StateMachineLogEntryProto:4397@client-E23D9C381951
2024-09-10 06:19:55,195 DEBUG server.RaftServer$Division (RaftServerImpl.java:logAppendEntries(1539)) - s4@group-7DC22DB0A052: appendEntries* s6->s4#269-t1,previous=(t:1, i:100),leaderCommit=100,initializing? false,entries: size=1, first=(t:1, i:101), STATEMACHINELOGENTRY, StateMachineLogEntryProto:4397@client-E23D9C381951
2024-09-10 06:19:55,195 DEBUG server.RaftServer$Division (RaftServerImpl.java:logAppendEntries(1539)) - s5@group-7DC22DB0A052: appendEntries* reply s6<-s5#256:OK-t1,SUCCESS,nextIndex=102,followerCommit=100,matchIndex=101
2024-09-10 06:19:55,195 DEBUG server.RaftServer$Division (RaftServerImpl.java:logAppendEntries(1539)) - s4@group-7DC22DB0A052: appendEntries* reply s6<-s4#269:OK-t1,SUCCESS,nextIndex=102,followerCommit=100,matchIndex=101
2024-09-10 06:19:55,196 INFO  statemachine.StateMachine (ArithmeticStateMachine.java:applyTransaction(181)) - LEADER:s6-101: c = √(a^2 + b^2) = 3121
2024-09-10 06:19:55,196 DEBUG server.RaftServer$Division (RaftServerImpl.java:logAppendEntries(1539)) - s5@group-7DC22DB0A052: appendEntries* s6->s5#257-t1,previous=(t:1, i:101),leaderCommit=101,initializing? false,entries: size=1, first=(t:1, i:102), METADATAENTRY(c:101)
2024-09-10 06:19:55,197 DEBUG server.RaftServer$Division (RaftServerImpl.java:logAppendEntries(1539)) - s4@group-7DC22DB0A052: appendEntries* s6->s4#270-t1,previous=(t:1, i:101),leaderCommit=101,initializing? false,entries: size=1, first=(t:1, i:102), METADATAENTRY(c:101)
2024-09-10 06:19:55,197 DEBUG server.RaftServer$Division (RaftServerImpl.java:logAppendEntries(1539)) - s5@group-7DC22DB0A052: appendEntries* reply s6<-s5#257:OK-t1,SUCCESS,nextIndex=103,followerCommit=101,matchIndex=102
2024-09-10 06:19:55,197 DEBUG server.RaftServer$Division (RaftServerImpl.java:logAppendEntries(1539)) - s4@group-7DC22DB0A052: appendEntries* reply s6<-s4#270:OK-t1,SUCCESS,nextIndex=103,followerCommit=101,matchIndex=102
2024-09-10 06:19:55,198 DEBUG server.RaftServer$Division (RaftServerImpl.java:submitClientRequestAsync(910)) - s6@group-7DC22DB0A052: receive client request(RaftClientRequest:client-E23D9C381951->s6@group-7DC22DB0A052, cid=4398, seq=null, RW, Message:01016100)
2024-09-10 06:19:55,199 DEBUG server.RaftServer$Division (LeaderStateImpl.java:addPendingRequest(532)) - s6@group-7DC22DB0A052-LeaderStateImpl: addPendingRequest at RaftClientRequest:client-E23D9C381951->s6@group-7DC22DB0A052, cid=4398, seq=null, RW, Message:01016100, entry=(t:1, i:103), STATEMACHINELOGENTRY, WRITE: logData.size=4, stateMachineData.size=0, logEntryProtoSerializedSize=0
2024-09-10 06:19:55,199 DEBUG server.RaftServer$Division (RaftServerImpl.java:logAppendEntries(1539)) - s5@group-7DC22DB0A052: appendEntries* s6->s5#260-t1,previous=(t:1, i:102),leaderCommit=102,initializing? false,entries: size=1, first=(t:1, i:103), STATEMACHINELOGENTRY, StateMachineLogEntryProto:4398@client-E23D9C381951
2024-09-10 06:19:55,199 DEBUG server.RaftServer$Division (RaftServerImpl.java:logAppendEntries(1539)) - s4@group-7DC22DB0A052: appendEntries* s6->s4#273-t1,previous=(t:1, i:102),leaderCommit=102,initializing? false,entries: size=1, first=(t:1, i:103), STATEMACHINELOGENTRY, StateMachineLogEntryProto:4398@client-E23D9C381951
2024-09-10 06:19:55,200 DEBUG server.RaftServer$Division (RaftServerImpl.java:logAppendEntries(1539)) - s4@group-7DC22DB0A052: appendEntries* reply s6<-s4#273:OK-t1,SUCCESS,nextIndex=104,followerCommit=102,matchIndex=103
2024-09-10 06:19:55,200 DEBUG server.RaftServer$Division (RaftServerImpl.java:logAppendEntries(1539)) - s5@group-7DC22DB0A052: appendEntries* reply s6<-s5#260:OK-t1,SUCCESS,nextIndex=104,followerCommit=102,matchIndex=103
2024-09-10 06:19:55,201 INFO  statemachine.StateMachine (ArithmeticStateMachine.java:applyTransaction(181)) - LEADER:s6-103: a = null = null
2024-09-10 06:19:55,201 DEBUG server.RaftServer$Division (RaftServerImpl.java:logAppendEntries(1539)) - s5@group-7DC22DB0A052: appendEntries* s6->s5#261-t1,previous=(t:1, i:103),leaderCommit=103,initializing? false,entries: size=1, first=(t:1, i:104), METADATAENTRY(c:103)
2024-09-10 06:19:55,202 DEBUG server.RaftServer$Division (RaftServerImpl.java:logAppendEntries(1539)) - s4@group-7DC22DB0A052: appendEntries* s6->s4#275-t1,previous=(t:1, i:103),leaderCommit=103,initializing? false,entries: size=1, first=(t:1, i:104), METADATAENTRY(c:103)
2024-09-10 06:19:55,202 DEBUG server.RaftServer$Division (RaftServerImpl.java:logAppendEntries(1539)) - s5@group-7DC22DB0A052: appendEntries* reply s6<-s5#261:OK-t1,SUCCESS,nextIndex=105,followerCommit=103,matchIndex=104
2024-09-10 06:19:55,202 DEBUG server.RaftServer$Division (RaftServerImpl.java:logAppendEntries(1539)) - s4@group-7DC22DB0A052: appendEntries* reply s6<-s4#275:OK-t1,SUCCESS,nextIndex=105,followerCommit=103,matchIndex=104
2024-09-10 06:19:55,203 DEBUG server.RaftServer$Division (RaftServerImpl.java:submitClientRequestAsync(910)) - s6@group-7DC22DB0A052: receive client request(RaftClientRequest:client-E23D9C381951->s6@group-7DC22DB0A052, cid=4399, seq=null, RW, Message:01016200)
2024-09-10 06:19:55,203 DEBUG server.RaftServer$Division (LeaderStateImpl.java:addPendingRequest(532)) - s6@group-7DC22DB0A052-LeaderStateImpl: addPendingRequest at RaftClientRequest:client-E23D9C381951->s6@group-7DC22DB0A052, cid=4399, seq=null, RW, Message:01016200, entry=(t:1, i:105), STATEMACHINELOGENTRY, WRITE: logData.size=4, stateMachineData.size=0, logEntryProtoSerializedSize=0
2024-09-10 06:19:55,204 DEBUG server.RaftServer$Division (RaftServerImpl.java:logAppendEntries(1539)) - s4@group-7DC22DB0A052: appendEntries* s6->s4#277-t1,previous=(t:1, i:104),leaderCommit=104,initializing? false,entries: size=1, first=(t:1, i:105), STATEMACHINELOGENTRY, StateMachineLogEntryProto:4399@client-E23D9C381951
2024-09-10 06:19:55,204 DEBUG server.RaftServer$Division (RaftServerImpl.java:logAppendEntries(1539)) - s5@group-7DC22DB0A052: appendEntries* s6->s5#263-t1,previous=(t:1, i:104),leaderCommit=103,initializing? false,entries: size=1, first=(t:1, i:105), STATEMACHINELOGENTRY, StateMachineLogEntryProto:4399@client-E23D9C381951
2024-09-10 06:19:55,205 DEBUG server.RaftServer$Division (RaftServerImpl.java:logAppendEntries(1539)) - s5@group-7DC22DB0A052: appendEntries* reply s6<-s5#263:OK-t1,SUCCESS,nextIndex=106,followerCommit=103,matchIndex=105
2024-09-10 06:19:55,205 DEBUG server.RaftServer$Division (RaftServerImpl.java:logAppendEntries(1539)) - s4@group-7DC22DB0A052: appendEntries* reply s6<-s4#277:OK-t1,SUCCESS,nextIndex=106,followerCommit=104,matchIndex=105
2024-09-10 06:19:55,205 INFO  statemachine.StateMachine (ArithmeticStateMachine.java:applyTransaction(181)) - LEADER:s6-105: b = null = null
2024-09-10 06:19:55,206 DEBUG server.RaftServer$Division (RaftServerImpl.java:logAppendEntries(1539)) - s4@group-7DC22DB0A052: appendEntries* s6->s4#278-t1,previous=(t:1, i:105),leaderCommit=105,initializing? false,entries: size=1, first=(t:1, i:106), METADATAENTRY(c:105)
2024-09-10 06:19:55,206 DEBUG server.RaftServer$Division (RaftServerImpl.java:logAppendEntries(1539)) - s5@group-7DC22DB0A052: appendEntries* s6->s5#265-t1,previous=(t:1, i:105),leaderCommit=105,initializing? false,entries: size=1, first=(t:1, i:106), METADATAENTRY(c:105)
2024-09-10 06:19:55,206 DEBUG server.RaftServer$Division (RaftServerImpl.java:logAppendEntries(1539)) - s5@group-7DC22DB0A052: appendEntries* reply s6<-s5#265:OK-t1,SUCCESS,nextIndex=107,followerCommit=105,matchIndex=106
2024-09-10 06:19:55,206 DEBUG server.RaftServer$Division (RaftServerImpl.java:logAppendEntries(1539)) - s4@group-7DC22DB0A052: appendEntries* reply s6<-s4#278:OK-t1,SUCCESS,nextIndex=107,followerCommit=105,matchIndex=106
2024-09-10 06:19:55,212 DEBUG server.RaftServer$Division (RaftServerImpl.java:submitClientRequestAsync(910)) - s6@group-7DC22DB0A052: receive client request(RaftClientRequest:client-E23D9C381951->s6@group-7DC22DB0A052, cid=4400, seq=null, RW, Message:01016300)
2024-09-10 06:19:55,212 DEBUG server.RaftServer$Division (LeaderStateImpl.java:addPendingRequest(532)) - s6@group-7DC22DB0A052-LeaderStateImpl: addPendingRequest at RaftClientRequest:client-E23D9C381951->s6@group-7DC22DB0A052, cid=4400, seq=null, RW, Message:01016300, entry=(t:1, i:107), STATEMACHINELOGENTRY, WRITE: logData.size=4, stateMachineData.size=0, logEntryProtoSerializedSize=0
2024-09-10 06:19:55,213 DEBUG server.RaftServer$Division (RaftServerImpl.java:logAppendEntries(1539)) - s5@group-7DC22DB0A052: appendEntries* s6->s5#269-t1,previous=(t:1, i:106),leaderCommit=106,initializing? false,entries: size=1, first=(t:1, i:107), STATEMACHINELOGENTRY, StateMachineLogEntryProto:4400@client-E23D9C381951
2024-09-10 06:19:55,214 DEBUG server.RaftServer$Division (RaftServerImpl.java:logAppendEntries(1539)) - s4@group-7DC22DB0A052: appendEntries* s6->s4#282-t1,previous=(t:1, i:106),leaderCommit=106,initializing? false,entries: size=1, first=(t:1, i:107), STATEMACHINELOGENTRY, StateMachineLogEntryProto:4400@client-E23D9C381951
2024-09-10 06:19:55,214 DEBUG server.RaftServer$Division (RaftServerImpl.java:logAppendEntries(1539)) - s5@group-7DC22DB0A052: appendEntries* reply s6<-s5#269:OK-t1,SUCCESS,nextIndex=108,followerCommit=106,matchIndex=107
2024-09-10 06:19:55,214 INFO  statemachine.StateMachine (ArithmeticStateMachine.java:applyTransaction(181)) - LEADER:s6-107: c = null = null
2024-09-10 06:19:55,214 DEBUG server.RaftServer$Division (RaftServerImpl.java:logAppendEntries(1539)) - s4@group-7DC22DB0A052: appendEntries* reply s6<-s4#282:OK-t1,SUCCESS,nextIndex=108,followerCommit=106,matchIndex=107
2024-09-10 06:19:55,215 DEBUG server.RaftServer$Division (RaftServerImpl.java:logAppendEntries(1539)) - s5@group-7DC22DB0A052: appendEntries* s6->s5#270-t1,previous=(t:1, i:107),leaderCommit=107,initializing? false,entries: size=1, first=(t:1, i:108), METADATAENTRY(c:107)
2024-09-10 06:19:55,215 DEBUG server.RaftServer$Division (RaftServerImpl.java:logAppendEntries(1539)) - s4@group-7DC22DB0A052: appendEntries* s6->s4#284-t1,previous=(t:1, i:107),leaderCommit=107,initializing? false,entries: size=1, first=(t:1, i:108), METADATAENTRY(c:107)
2024-09-10 06:19:55,215 DEBUG server.RaftServer$Division (RaftServerImpl.java:logAppendEntries(1539)) - s5@group-7DC22DB0A052: appendEntries* reply s6<-s5#270:OK-t1,SUCCESS,nextIndex=109,followerCommit=107,matchIndex=108
2024-09-10 06:19:55,216 DEBUG server.RaftServer$Division (RaftServerImpl.java:logAppendEntries(1539)) - s4@group-7DC22DB0A052: appendEntries* reply s6<-s4#284:OK-t1,SUCCESS,nextIndex=109,followerCommit=107,matchIndex=108
2024-09-10 06:19:55,218 DEBUG server.RaftServer$Division (RaftServerImpl.java:submitClientRequestAsync(910)) - s6@group-7DC22DB0A052: receive client request(RaftClientRequest:client-E23D9C381951->s6@group-7DC22DB0A052, cid=4401, seq=null, RW, Message:01016102405440000000...(size=12))
2024-09-10 06:19:55,218 DEBUG server.RaftServer$Division (LeaderStateImpl.java:addPendingRequest(532)) - s6@group-7DC22DB0A052-LeaderStateImpl: addPendingRequest at RaftClientRequest:client-E23D9C381951->s6@group-7DC22DB0A052, cid=4401, seq=null, RW, Message:01016102405440000000...(size=12), entry=(t:1, i:109), STATEMACHINELOGENTRY, WRITE: logData.size=12, stateMachineData.size=0, logEntryProtoSerializedSize=0
2024-09-10 06:19:55,219 DEBUG server.RaftServer$Division (RaftServerImpl.java:logAppendEntries(1539)) - s5@group-7DC22DB0A052: appendEntries* s6->s5#274-t1,previous=(t:1, i:108),leaderCommit=108,initializing? false,entries: size=1, first=(t:1, i:109), STATEMACHINELOGENTRY, StateMachineLogEntryProto:4401@client-E23D9C381951
2024-09-10 06:19:55,219 DEBUG server.RaftServer$Division (RaftServerImpl.java:logAppendEntries(1539)) - s4@group-7DC22DB0A052: appendEntries* s6->s4#289-t1,previous=(t:1, i:108),leaderCommit=108,initializing? false,entries: size=1, first=(t:1, i:109), STATEMACHINELOGENTRY, StateMachineLogEntryProto:4401@client-E23D9C381951
2024-09-10 06:19:55,219 DEBUG server.RaftServer$Division (RaftServerImpl.java:logAppendEntries(1539)) - s5@group-7DC22DB0A052: appendEntries* reply s6<-s5#274:OK-t1,SUCCESS,nextIndex=110,followerCommit=108,matchIndex=109
2024-09-10 06:19:55,220 INFO  statemachine.StateMachine (ArithmeticStateMachine.java:applyTransaction(181)) - LEADER:s6-109: a = 81 = 81
2024-09-10 06:19:55,220 DEBUG server.RaftServer$Division (RaftServerImpl.java:logAppendEntries(1539)) - s4@group-7DC22DB0A052: appendEntries* reply s6<-s4#289:OK-t1,SUCCESS,nextIndex=110,followerCommit=108,matchIndex=109
2024-09-10 06:19:55,221 DEBUG server.RaftServer$Division (RaftServerImpl.java:logAppendEntries(1539)) - s4@group-7DC22DB0A052: appendEntries* s6->s4#291-t1,previous=(t:1, i:109),leaderCommit=109,initializing? false,entries: size=1, first=(t:1, i:110), METADATAENTRY(c:109)
2024-09-10 06:19:55,221 DEBUG server.RaftServer$Division (RaftServerImpl.java:logAppendEntries(1539)) - s4@group-7DC22DB0A052: appendEntries* reply s6<-s4#291:OK-t1,SUCCESS,nextIndex=111,followerCommit=109,matchIndex=110
2024-09-10 06:19:55,221 DEBUG server.RaftServer$Division (RaftServerImpl.java:logAppendEntries(1539)) - s5@group-7DC22DB0A052: appendEntries* s6->s5#276-t1,previous=(t:1, i:109),leaderCommit=109,initializing? false,entries: size=1, first=(t:1, i:110), METADATAENTRY(c:109)
2024-09-10 06:19:55,222 DEBUG server.RaftServer$Division (RaftServerImpl.java:logAppendEntries(1539)) - s5@group-7DC22DB0A052: appendEntries* reply s6<-s5#276:OK-t1,SUCCESS,nextIndex=111,followerCommit=109,matchIndex=110
2024-09-10 06:19:55,224 DEBUG server.RaftServer$Division (RaftServerImpl.java:submitClientRequestAsync(910)) - s6@group-7DC22DB0A052: receive client request(RaftClientRequest:client-E23D9C381951->s6@group-7DC22DB0A052, cid=4402, seq=null, RW, Message:0101620240a9a0000000...(size=12))
2024-09-10 06:19:55,224 DEBUG server.RaftServer$Division (LeaderStateImpl.java:addPendingRequest(532)) - s6@group-7DC22DB0A052-LeaderStateImpl: addPendingRequest at RaftClientRequest:client-E23D9C381951->s6@group-7DC22DB0A052, cid=4402, seq=null, RW, Message:0101620240a9a0000000...(size=12), entry=(t:1, i:111), STATEMACHINELOGENTRY, WRITE: logData.size=12, stateMachineData.size=0, logEntryProtoSerializedSize=0
2024-09-10 06:19:55,224 DEBUG server.RaftServer$Division (RaftServerImpl.java:logAppendEntries(1539)) - s4@group-7DC22DB0A052: appendEntries* s6->s4#295-t1,previous=(t:1, i:110),leaderCommit=110,initializing? false,entries: size=1, first=(t:1, i:111), STATEMACHINELOGENTRY, StateMachineLogEntryProto:4402@client-E23D9C381951
2024-09-10 06:19:55,225 DEBUG server.RaftServer$Division (RaftServerImpl.java:logAppendEntries(1539)) - s5@group-7DC22DB0A052: appendEntries* s6->s5#280-t1,previous=(t:1, i:110),leaderCommit=110,initializing? false,entries: size=1, first=(t:1, i:111), STATEMACHINELOGENTRY, StateMachineLogEntryProto:4402@client-E23D9C381951
2024-09-10 06:19:55,225 DEBUG server.RaftServer$Division (RaftServerImpl.java:logAppendEntries(1539)) - s4@group-7DC22DB0A052: appendEntries* reply s6<-s4#295:OK-t1,SUCCESS,nextIndex=112,followerCommit=110,matchIndex=111
2024-09-10 06:19:55,226 INFO  statemachine.StateMachine (ArithmeticStateMachine.java:applyTransaction(181)) - LEADER:s6-111: b = 3280 = 3280
2024-09-10 06:19:55,226 DEBUG server.RaftServer$Division (RaftServerImpl.java:logAppendEntries(1539)) - s5@group-7DC22DB0A052: appendEntries* reply s6<-s5#280:OK-t1,SUCCESS,nextIndex=112,followerCommit=110,matchIndex=111
2024-09-10 06:19:55,226 DEBUG server.RaftServer$Division (RaftServerImpl.java:logAppendEntries(1539)) - s4@group-7DC22DB0A052: appendEntries* s6->s4#296-t1,previous=(t:1, i:111),leaderCommit=111,initializing? false,entries: size=1, first=(t:1, i:112), METADATAENTRY(c:111)
2024-09-10 06:19:55,226 DEBUG server.RaftServer$Division (RaftServerImpl.java:logAppendEntries(1539)) - s5@group-7DC22DB0A052: appendEntries* s6->s5#282-t1,previous=(t:1, i:111),leaderCommit=111,initializing? false,entries: size=1, first=(t:1, i:112), METADATAENTRY(c:111)
2024-09-10 06:19:55,227 DEBUG server.RaftServer$Division (RaftServerImpl.java:logAppendEntries(1539)) - s4@group-7DC22DB0A052: appendEntries* reply s6<-s4#296:OK-t1,SUCCESS,nextIndex=113,followerCommit=111,matchIndex=112
2024-09-10 06:19:55,227 DEBUG server.RaftServer$Division (RaftServerImpl.java:logAppendEntries(1539)) - s5@group-7DC22DB0A052: appendEntries* reply s6<-s5#282:OK-t1,SUCCESS,nextIndex=113,followerCommit=111,matchIndex=112
2024-09-10 06:19:55,229 DEBUG server.RaftServer$Division (RaftServerImpl.java:submitClientRequestAsync(910)) - s6@group-7DC22DB0A052: receive client request(RaftClientRequest:client-E23D9C381951->s6@group-7DC22DB0A052, cid=4403, seq=null, RW, Message:01016304010300040201...(size=17))
2024-09-10 06:19:55,229 DEBUG server.RaftServer$Division (LeaderStateImpl.java:addPendingRequest(532)) - s6@group-7DC22DB0A052-LeaderStateImpl: addPendingRequest at RaftClientRequest:client-E23D9C381951->s6@group-7DC22DB0A052, cid=4403, seq=null, RW, Message:01016304010300040201...(size=17), entry=(t:1, i:113), STATEMACHINELOGENTRY, WRITE: logData.size=17, stateMachineData.size=0, logEntryProtoSerializedSize=0
2024-09-10 06:19:55,229 DEBUG server.RaftServer$Division (RaftServerImpl.java:logAppendEntries(1539)) - s5@group-7DC22DB0A052: appendEntries* s6->s5#285-t1,previous=(t:1, i:112),leaderCommit=112,initializing? false,entries: size=1, first=(t:1, i:113), STATEMACHINELOGENTRY, StateMachineLogEntryProto:4403@client-E23D9C381951
2024-09-10 06:19:55,230 DEBUG server.RaftServer$Division (RaftServerImpl.java:logAppendEntries(1539)) - s5@group-7DC22DB0A052: appendEntries* reply s6<-s5#285:OK-t1,SUCCESS,nextIndex=114,followerCommit=112,matchIndex=113
2024-09-10 06:19:55,230 DEBUG server.RaftServer$Division (RaftServerImpl.java:logAppendEntries(1539)) - s4@group-7DC22DB0A052: appendEntries* s6->s4#300-t1,previous=(t:1, i:112),leaderCommit=112,initializing? false,entries: size=1, first=(t:1, i:113), STATEMACHINELOGENTRY, StateMachineLogEntryProto:4403@client-E23D9C381951
2024-09-10 06:19:55,231 INFO  statemachine.StateMachine (ArithmeticStateMachine.java:applyTransaction(181)) - LEADER:s6-113: c = √(a^2 + b^2) = 3281
2024-09-10 06:19:55,231 DEBUG server.RaftServer$Division (RaftServerImpl.java:logAppendEntries(1539)) - s4@group-7DC22DB0A052: appendEntries* reply s6<-s4#300:OK-t1,SUCCESS,nextIndex=114,followerCommit=112,matchIndex=113
2024-09-10 06:19:55,231 DEBUG server.RaftServer$Division (RaftServerImpl.java:logAppendEntries(1539)) - s5@group-7DC22DB0A052: appendEntries* s6->s5#286-t1,previous=(t:1, i:113),leaderCommit=113,initializing? false,entries: size=1, first=(t:1, i:114), METADATAENTRY(c:113)
2024-09-10 06:19:55,231 DEBUG server.RaftServer$Division (RaftServerImpl.java:logAppendEntries(1539)) - s4@group-7DC22DB0A052: appendEntries* s6->s4#302-t1,previous=(t:1, i:113),leaderCommit=113,initializing? false,entries: size=1, first=(t:1, i:114), METADATAENTRY(c:113)
2024-09-10 06:19:55,232 DEBUG server.RaftServer$Division (RaftServerImpl.java:logAppendEntries(1539)) - s4@group-7DC22DB0A052: appendEntries* reply s6<-s4#302:OK-t1,SUCCESS,nextIndex=115,followerCommit=113,matchIndex=114
2024-09-10 06:19:55,232 DEBUG server.RaftServer$Division (RaftServerImpl.java:logAppendEntries(1539)) - s5@group-7DC22DB0A052: appendEntries* reply s6<-s5#286:OK-t1,SUCCESS,nextIndex=115,followerCommit=113,matchIndex=114
2024-09-10 06:19:55,233 DEBUG server.RaftServer$Division (RaftServerImpl.java:submitClientRequestAsync(910)) - s6@group-7DC22DB0A052: receive client request(RaftClientRequest:client-E23D9C381951->s6@group-7DC22DB0A052, cid=4404, seq=null, RW, Message:01016100)
2024-09-10 06:19:55,234 DEBUG server.RaftServer$Division (LeaderStateImpl.java:addPendingRequest(532)) - s6@group-7DC22DB0A052-LeaderStateImpl: addPendingRequest at RaftClientRequest:client-E23D9C381951->s6@group-7DC22DB0A052, cid=4404, seq=null, RW, Message:01016100, entry=(t:1, i:115), STATEMACHINELOGENTRY, WRITE: logData.size=4, stateMachineData.size=0, logEntryProtoSerializedSize=0
2024-09-10 06:19:55,234 DEBUG server.RaftServer$Division (RaftServerImpl.java:logAppendEntries(1539)) - s5@group-7DC22DB0A052: appendEntries* s6->s5#290-t1,previous=(t:1, i:114),leaderCommit=114,initializing? false,entries: size=1, first=(t:1, i:115), STATEMACHINELOGENTRY, StateMachineLogEntryProto:4404@client-E23D9C381951
2024-09-10 06:19:55,234 DEBUG server.RaftServer$Division (RaftServerImpl.java:logAppendEntries(1539)) - s4@group-7DC22DB0A052: appendEntries* s6->s4#306-t1,previous=(t:1, i:114),leaderCommit=114,initializing? false,entries: size=1, first=(t:1, i:115), STATEMACHINELOGENTRY, StateMachineLogEntryProto:4404@client-E23D9C381951
2024-09-10 06:19:55,235 DEBUG server.RaftServer$Division (RaftServerImpl.java:logAppendEntries(1539)) - s5@group-7DC22DB0A052: appendEntries* reply s6<-s5#290:OK-t1,SUCCESS,nextIndex=116,followerCommit=114,matchIndex=115
2024-09-10 06:19:55,235 DEBUG server.RaftServer$Division (RaftServerImpl.java:logAppendEntries(1539)) - s4@group-7DC22DB0A052: appendEntries* reply s6<-s4#306:OK-t1,SUCCESS,nextIndex=116,followerCommit=114,matchIndex=115
2024-09-10 06:19:55,235 INFO  statemachine.StateMachine (ArithmeticStateMachine.java:applyTransaction(181)) - LEADER:s6-115: a = null = null
2024-09-10 06:19:55,236 DEBUG server.RaftServer$Division (RaftServerImpl.java:logAppendEntries(1539)) - s4@group-7DC22DB0A052: appendEntries* s6->s4#307-t1,previous=(t:1, i:115),leaderCommit=115,initializing? false,entries: size=1, first=(t:1, i:116), METADATAENTRY(c:115)
2024-09-10 06:19:55,236 DEBUG server.RaftServer$Division (RaftServerImpl.java:logAppendEntries(1539)) - s5@group-7DC22DB0A052: appendEntries* s6->s5#291-t1,previous=(t:1, i:115),leaderCommit=115,initializing? false,entries: size=1, first=(t:1, i:116), METADATAENTRY(c:115)
2024-09-10 06:19:55,236 DEBUG server.RaftServer$Division (RaftServerImpl.java:logAppendEntries(1539)) - s4@group-7DC22DB0A052: appendEntries* reply s6<-s4#307:OK-t1,SUCCESS,nextIndex=117,followerCommit=115,matchIndex=116
2024-09-10 06:19:55,237 DEBUG server.RaftServer$Division (RaftServerImpl.java:logAppendEntries(1539)) - s5@group-7DC22DB0A052: appendEntries* reply s6<-s5#291:OK-t1,SUCCESS,nextIndex=117,followerCommit=115,matchIndex=116
2024-09-10 06:19:55,238 DEBUG server.RaftServer$Division (RaftServerImpl.java:submitClientRequestAsync(910)) - s6@group-7DC22DB0A052: receive client request(RaftClientRequest:client-E23D9C381951->s6@group-7DC22DB0A052, cid=4405, seq=null, RW, Message:01016200)
2024-09-10 06:19:55,239 DEBUG server.RaftServer$Division (LeaderStateImpl.java:addPendingRequest(532)) - s6@group-7DC22DB0A052-LeaderStateImpl: addPendingRequest at RaftClientRequest:client-E23D9C381951->s6@group-7DC22DB0A052, cid=4405, seq=null, RW, Message:01016200, entry=(t:1, i:117), STATEMACHINELOGENTRY, WRITE: logData.size=4, stateMachineData.size=0, logEntryProtoSerializedSize=0
2024-09-10 06:19:55,239 DEBUG server.RaftServer$Division (RaftServerImpl.java:logAppendEntries(1539)) - s4@group-7DC22DB0A052: appendEntries* s6->s4#311-t1,previous=(t:1, i:116),leaderCommit=116,initializing? false,entries: size=1, first=(t:1, i:117), STATEMACHINELOGENTRY, StateMachineLogEntryProto:4405@client-E23D9C381951
2024-09-10 06:19:55,239 DEBUG server.RaftServer$Division (RaftServerImpl.java:logAppendEntries(1539)) - s4@group-7DC22DB0A052: appendEntries* reply s6<-s4#311:OK-t1,SUCCESS,nextIndex=118,followerCommit=116,matchIndex=117
2024-09-10 06:19:55,240 DEBUG server.RaftServer$Division (RaftServerImpl.java:logAppendEntries(1539)) - s5@group-7DC22DB0A052: appendEntries* s6->s5#295-t1,previous=(t:1, i:116),leaderCommit=116,initializing? false,entries: size=1, first=(t:1, i:117), STATEMACHINELOGENTRY, StateMachineLogEntryProto:4405@client-E23D9C381951
2024-09-10 06:19:55,240 INFO  statemachine.StateMachine (ArithmeticStateMachine.java:applyTransaction(181)) - LEADER:s6-117: b = null = null
2024-09-10 06:19:55,240 DEBUG server.RaftServer$Division (RaftServerImpl.java:logAppendEntries(1539)) - s4@group-7DC22DB0A052: appendEntries* s6->s4#312-t1,previous=(t:1, i:117),leaderCommit=117,initializing? false,entries: size=1, first=(t:1, i:118), METADATAENTRY(c:117)
2024-09-10 06:19:55,240 DEBUG server.RaftServer$Division (RaftServerImpl.java:logAppendEntries(1539)) - s5@group-7DC22DB0A052: appendEntries* reply s6<-s5#295:OK-t1,SUCCESS,nextIndex=118,followerCommit=116,matchIndex=117
2024-09-10 06:19:55,241 DEBUG server.RaftServer$Division (RaftServerImpl.java:logAppendEntries(1539)) - s4@group-7DC22DB0A052: appendEntries* reply s6<-s4#312:OK-t1,SUCCESS,nextIndex=119,followerCommit=117,matchIndex=118
2024-09-10 06:19:55,241 DEBUG server.RaftServer$Division (RaftServerImpl.java:logAppendEntries(1539)) - s5@group-7DC22DB0A052: appendEntries* s6->s5#296-t1,previous=(t:1, i:117),leaderCommit=117,initializing? false,entries: size=1, first=(t:1, i:118), METADATAENTRY(c:117)
2024-09-10 06:19:55,242 DEBUG server.RaftServer$Division (RaftServerImpl.java:logAppendEntries(1539)) - s5@group-7DC22DB0A052: appendEntries* reply s6<-s5#296:OK-t1,SUCCESS,nextIndex=119,followerCommit=117,matchIndex=118
2024-09-10 06:19:55,243 DEBUG server.RaftServer$Division (RaftServerImpl.java:submitClientRequestAsync(910)) - s6@group-7DC22DB0A052: receive client request(RaftClientRequest:client-E23D9C381951->s6@group-7DC22DB0A052, cid=4406, seq=null, RW, Message:01016300)
2024-09-10 06:19:55,243 DEBUG server.RaftServer$Division (LeaderStateImpl.java:addPendingRequest(532)) - s6@group-7DC22DB0A052-LeaderStateImpl: addPendingRequest at RaftClientRequest:client-E23D9C381951->s6@group-7DC22DB0A052, cid=4406, seq=null, RW, Message:01016300, entry=(t:1, i:119), STATEMACHINELOGENTRY, WRITE: logData.size=4, stateMachineData.size=0, logEntryProtoSerializedSize=0
2024-09-10 06:19:55,244 DEBUG server.RaftServer$Division (RaftServerImpl.java:logAppendEntries(1539)) - s4@group-7DC22DB0A052: appendEntries* s6->s4#316-t1,previous=(t:1, i:118),leaderCommit=118,initializing? false,entries: size=1, first=(t:1, i:119), STATEMACHINELOGENTRY, StateMachineLogEntryProto:4406@client-E23D9C381951
2024-09-10 06:19:55,244 DEBUG server.RaftServer$Division (RaftServerImpl.java:logAppendEntries(1539)) - s4@group-7DC22DB0A052: appendEntries* reply s6<-s4#316:OK-t1,SUCCESS,nextIndex=120,followerCommit=118,matchIndex=119
2024-09-10 06:19:55,244 DEBUG server.RaftServer$Division (RaftServerImpl.java:logAppendEntries(1539)) - s5@group-7DC22DB0A052: appendEntries* s6->s5#300-t1,previous=(t:1, i:118),leaderCommit=118,initializing? false,entries: size=1, first=(t:1, i:119), STATEMACHINELOGENTRY, StateMachineLogEntryProto:4406@client-E23D9C381951
2024-09-10 06:19:55,244 INFO  statemachine.StateMachine (ArithmeticStateMachine.java:applyTransaction(181)) - LEADER:s6-119: c = null = null
2024-09-10 06:19:55,245 DEBUG server.RaftServer$Division (RaftServerImpl.java:logAppendEntries(1539)) - s4@group-7DC22DB0A052: appendEntries* s6->s4#317-t1,previous=(t:1, i:119),leaderCommit=119,initializing? false,entries: size=1, first=(t:1, i:120), METADATAENTRY(c:119)
2024-09-10 06:19:55,245 DEBUG server.RaftServer$Division (RaftServerImpl.java:logAppendEntries(1539)) - s5@group-7DC22DB0A052: appendEntries* reply s6<-s5#300:OK-t1,SUCCESS,nextIndex=120,followerCommit=118,matchIndex=119
2024-09-10 06:19:55,245 DEBUG server.RaftServer$Division (RaftServerImpl.java:logAppendEntries(1539)) - s4@group-7DC22DB0A052: appendEntries* reply s6<-s4#317:OK-t1,SUCCESS,nextIndex=121,followerCommit=119,matchIndex=120
2024-09-10 06:19:55,246 DEBUG server.RaftServer$Division (RaftServerImpl.java:logAppendEntries(1539)) - s5@group-7DC22DB0A052: appendEntries* s6->s5#301-t1,previous=(t:1, i:119),leaderCommit=119,initializing? false,entries: size=1, first=(t:1, i:120), METADATAENTRY(c:119)
2024-09-10 06:19:55,247 DEBUG server.RaftServer$Division (RaftServerImpl.java:logAppendEntries(1539)) - s5@group-7DC22DB0A052: appendEntries* reply s6<-s5#301:OK-t1,SUCCESS,nextIndex=121,followerCommit=119,matchIndex=120
2024-09-10 06:19:55,253 INFO  impl.GroupManagementBaseTest (GroupManagementBaseTest.java:runMultiGroupTest(281)) - 4) starting group-6D3E3F15100A:[s7|0.0.0.0:15007, s8|0.0.0.0:15008, s9|0.0.0.0:15009]
2024-09-10 06:19:55,260 INFO  server.RaftServer (RaftServerProxy.java:addNew(101)) - s7: addNew group-6D3E3F15100A:[s7|0.0.0.0:15007, s8|0.0.0.0:15008, s9|0.0.0.0:15009] returns group-6D3E3F15100A:java.util.concurrent.CompletableFuture@164d6541[Not completed]
2024-09-10 06:19:55,260 INFO  server.RaftServer$Division (RaftServerImpl.java:<init>(255)) - s7: new RaftServerImpl for group-6D3E3F15100A:[s7|0.0.0.0:15007, s8|0.0.0.0:15008, s9|0.0.0.0:15009] with ArithmeticStateMachine:uninitialized
2024-09-10 06:19:55,260 INFO  server.RaftServerConfigKeys (ConfUtils.java:logGet(46)) - raft.server.rpc.timeout.min = 300ms (custom)
2024-09-10 06:19:55,260 INFO  server.RaftServerConfigKeys (ConfUtils.java:logGet(46)) - raft.server.rpc.timeout.max = 600ms (custom)
2024-09-10 06:19:55,260 INFO  server.RaftServerConfigKeys (ConfUtils.java:logGet(46)) - raft.server.rpc.sleep.time = 25ms (default)
2024-09-10 06:19:55,260 INFO  server.RaftServerConfigKeys (ConfUtils.java:logGet(46)) - raft.server.rpc.slowness.timeout = 60s (default)
2024-09-10 06:19:55,260 INFO  server.RaftServerConfigKeys (ConfUtils.java:logGet(46)) - raft.server.leaderelection.leader.step-down.wait-time = 10s (default)
2024-09-10 06:19:55,260 INFO  server.RaftServerConfigKeys (ConfUtils.java:logGet(46)) - raft.server.leaderelection.member.majority-add = false (default)
2024-09-10 06:19:55,260 INFO  server.RaftServerConfigKeys (ConfUtils.java:logGet(46)) - raft.server.sleep.deviation.threshold = 300ms (default)
2024-09-10 06:19:55,260 INFO  server.RaftServer$Division (ServerState.java:<init>(114)) - s7@group-6D3E3F15100A: ConfigurationManager, init=conf: {index: -1, cur=peers:[s7|0.0.0.0:15007, s8|0.0.0.0:15008, s9|0.0.0.0:15009]|listeners:[], old=null}, confs=<EMPTY_MAP>
2024-09-10 06:19:55,260 INFO  server.RaftServerConfigKeys (ConfUtils.java:logGet(46)) - raft.server.notification.no-leader.timeout = 60s (default)
2024-09-10 06:19:55,261 INFO  server.RaftServerConfigKeys (ConfUtils.java:logGet(46)) - raft.server.read.timeout = 10s (default)
2024-09-10 06:19:55,261 INFO  server.RaftServerConfigKeys (ConfUtils.java:logGet(46)) - raft.server.retrycache.expirytime = 60s (default)
2024-09-10 06:19:55,261 INFO  server.RaftServerConfigKeys (ConfUtils.java:logGet(46)) - raft.server.retrycache.statistics.expirytime = 100ms (default)
2024-09-10 06:19:55,261 INFO  server.RaftServerConfigKeys (ConfUtils.java:logGet(46)) - raft.server.read.option = DEFAULT (default)
2024-09-10 06:19:55,261 INFO  server.RaftServerConfigKeys (ConfUtils.java:logGet(46)) - raft.server.read.read-after-write-consistent.write-index-cache.expiry-time = 60s (default)
2024-09-10 06:19:55,261 INFO  server.RaftServerConfigKeys (ConfUtils.java:logGet(46)) - raft.server.rpc.request.timeout = 3000ms (default)
2024-09-10 06:19:55,262 INFO  server.RaftServerConfigKeys (ConfUtils.java:logGet(46)) - raft.server.log.appender.install.snapshot.enabled = true (default)
2024-09-10 06:19:55,262 INFO  server.RaftServerConfigKeys (ConfUtils.java:logGet(46)) - raft.server.threadpool.server.cached = true (default)
2024-09-10 06:19:55,262 INFO  server.RaftServerConfigKeys (ConfUtils.java:logGet(46)) - raft.server.threadpool.server.size = 0 (default)
2024-09-10 06:19:55,262 INFO  server.RaftServerConfigKeys (ConfUtils.java:logGet(46)) - raft.server.threadpool.client.cached = true (default)
2024-09-10 06:19:55,262 INFO  server.RaftServerConfigKeys (ConfUtils.java:logGet(46)) - raft.server.threadpool.client.size = 0 (default)
2024-09-10 06:19:55,262 INFO  server.RaftServerConfigKeys (ConfUtils.java:logGet(46)) - raft.server.storage.free-space.min = 0MB (=0) (default)
2024-09-10 06:19:55,262 INFO  server.RaftServerConfigKeys (ConfUtils.java:logGet(46)) - raft.server.log.corruption.policy = EXCEPTION (default)
2024-09-10 06:19:55,262 INFO  server.RaftServerConfigKeys (ConfUtils.java:logGet(46)) - raft.server.storage.dir = [/home/runner/work/ratis/ratis/ratis-examples/target/test/data/f624d035/MiniRaftClusterWithGrpc4aa2bfeb/s7] (custom)
2024-09-10 06:19:55,262 INFO  storage.RaftStorageDirectory (RaftStorageDirectoryImpl.java:analyzeStorage(138)) - The storage directory /home/runner/work/ratis/ratis/ratis-examples/target/test/data/f624d035/MiniRaftClusterWithGrpc4aa2bfeb/s7/861dd211-de6e-49be-983e-6d3e3f15100a does not exist. Creating ...
2024-09-10 06:19:55,263 TRACE util.FileUtils (LogUtils.java:runAndLog(49)) - Successfully ran Files.createDirectories /home/runner/work/ratis/ratis/ratis-examples/target/test/data/f624d035/MiniRaftClusterWithGrpc4aa2bfeb/s7/861dd211-de6e-49be-983e-6d3e3f15100a
2024-09-10 06:19:55,263 INFO  storage.RaftStorageDirectory (RaftStorageDirectoryImpl.java:tryLock(229)) - Lock on /home/runner/work/ratis/ratis/ratis-examples/target/test/data/f624d035/MiniRaftClusterWithGrpc4aa2bfeb/s7/861dd211-de6e-49be-983e-6d3e3f15100a/in_use.lock acquired by nodename 13550@fv-az691-408
2024-09-10 06:19:55,264 TRACE util.FileUtils (LogUtils.java:runAndLog(49)) - Successfully ran Files.createDirectories /home/runner/work/ratis/ratis/ratis-examples/target/test/data/f624d035/MiniRaftClusterWithGrpc4aa2bfeb/s7/861dd211-de6e-49be-983e-6d3e3f15100a/current
2024-09-10 06:19:55,264 TRACE util.FileUtils (LogUtils.java:runAndLog(49)) - Successfully ran Files.createDirectories /home/runner/work/ratis/ratis/ratis-examples/target/test/data/f624d035/MiniRaftClusterWithGrpc4aa2bfeb/s7/861dd211-de6e-49be-983e-6d3e3f15100a/sm
2024-09-10 06:19:55,264 TRACE util.FileUtils (LogUtils.java:supplyAndLog(69)) - Successfully supplied FileChannel.open /home/runner/work/ratis/ratis/ratis-examples/target/test/data/f624d035/MiniRaftClusterWithGrpc4aa2bfeb/s7/861dd211-de6e-49be-983e-6d3e3f15100a/current/raft-meta.tmp with options [CREATE, WRITE]: sun.nio.ch.FileChannelImpl@16ffe5e5
2024-09-10 06:19:55,265 TRACE util.FileUtils (LogUtils.java:runAndLog(49)) - Successfully ran Atomic Files.move /home/runner/work/ratis/ratis/ratis-examples/target/test/data/f624d035/MiniRaftClusterWithGrpc4aa2bfeb/s7/861dd211-de6e-49be-983e-6d3e3f15100a/current/raft-meta.tmp to /home/runner/work/ratis/ratis/ratis-examples/target/test/data/f624d035/MiniRaftClusterWithGrpc4aa2bfeb/s7/861dd211-de6e-49be-983e-6d3e3f15100a/current/raft-meta with options [REPLACE_EXISTING]
2024-09-10 06:19:55,265 INFO  storage.RaftStorage (RaftStorageImpl.java:format(98)) - Storage directory /home/runner/work/ratis/ratis/ratis-examples/target/test/data/f624d035/MiniRaftClusterWithGrpc4aa2bfeb/s7/861dd211-de6e-49be-983e-6d3e3f15100a has been successfully formatted.
2024-09-10 06:19:55,265 WARN  statemachine.StateMachine (ArithmeticStateMachine.java:loadSnapshot(115)) - The snapshot info is null.
2024-09-10 06:19:55,265 INFO  server.RaftServerConfigKeys (ConfUtils.java:logGet(46)) - raft.server.log.use.memory = false (default)
2024-09-10 06:19:55,265 INFO  server.RaftServerConfigKeys (ConfUtils.java:logGet(46)) - raft.server.log.purge.gap = 1024 (default)
2024-09-10 06:19:55,265 INFO  server.RaftServerConfigKeys (ConfUtils.java:logGet(46)) - raft.server.log.appender.buffer.byte-limit = 4MB (=4194304) (default)
2024-09-10 06:19:55,265 INFO  server.RaftServerConfigKeys (ConfUtils.java:logGet(46)) - raft.server.log.statemachine.data.read.timeout = 1000ms (default)
2024-09-10 06:19:55,265 INFO  server.RaftServerConfigKeys (ConfUtils.java:logGet(46)) - raft.server.log.purge.preservation.log.num = 0 (default)
2024-09-10 06:19:55,266 INFO  server.RaftServerConfigKeys (ConfUtils.java:logGet(46)) - raft.server.log.segment.size.max = 32MB (=33554432) (default)
2024-09-10 06:19:55,266 INFO  server.RaftServerConfigKeys (ConfUtils.java:logGet(46)) - raft.server.log.segment.cache.num.max = 6 (default)
2024-09-10 06:19:55,266 INFO  server.RaftServerConfigKeys (ConfUtils.java:logGet(46)) - raft.server.log.segment.cache.size.max = 200MB (=209715200) (default)
2024-09-10 06:19:55,266 INFO  server.RaftServerConfigKeys (ConfUtils.java:logGet(46)) - raft.server.log.appender.buffer.byte-limit = 4MB (=4194304) (default)
2024-09-10 06:19:55,267 INFO  util.AwaitToRun (AwaitToRun.java:start(81)) - Thread[s7@group-6D3E3F15100A-cacheEviction-AwaitToRun,5,main] started
2024-09-10 06:19:55,267 INFO  segmented.SegmentedRaftLogWorker (SegmentedRaftLogWorker.java:<init>(187)) - new s7@group-6D3E3F15100A-SegmentedRaftLogWorker for RaftStorageImpl:Storage Directory /home/runner/work/ratis/ratis/ratis-examples/target/test/data/f624d035/MiniRaftClusterWithGrpc4aa2bfeb/s7/861dd211-de6e-49be-983e-6d3e3f15100a
2024-09-10 06:19:55,267 INFO  server.RaftServerConfigKeys (ConfUtils.java:logGet(46)) - raft.server.log.queue.byte-limit = 64MB (=67108864) (default)
2024-09-10 06:19:55,267 INFO  server.RaftServerConfigKeys (ConfUtils.java:logGet(46)) - raft.server.log.queue.element-limit = 4096 (default)
2024-09-10 06:19:55,267 INFO  server.RaftServerConfigKeys (ConfUtils.java:logGet(46)) - raft.server.log.segment.size.max = 32MB (=33554432) (default)
2024-09-10 06:19:55,267 INFO  server.RaftServerConfigKeys (ConfUtils.java:logGet(46)) - raft.server.log.preallocated.size = 4MB (=4194304) (default)
2024-09-10 06:19:55,267 INFO  server.RaftServerConfigKeys (ConfUtils.java:logGet(46)) - raft.server.log.force.sync.num = 128 (default)
2024-09-10 06:19:55,267 INFO  server.RaftServerConfigKeys (ConfUtils.java:logGet(46)) - raft.server.log.statemachine.data.sync = true (default)
2024-09-10 06:19:55,267 INFO  server.RaftServerConfigKeys (ConfUtils.java:logGet(46)) - raft.server.log.statemachine.data.sync.timeout = 10s (default)
2024-09-10 06:19:55,267 INFO  server.RaftServerConfigKeys (ConfUtils.java:logGet(46)) - raft.server.log.statemachine.data.sync.timeout.retry = -1 (default)
2024-09-10 06:19:55,268 INFO  server.RaftServerConfigKeys (ConfUtils.java:logGet(46)) - raft.server.log.write.buffer.size = 8MB (=8388608) (default)
2024-09-10 06:19:55,269 INFO  server.RaftServerConfigKeys (ConfUtils.java:logGet(46)) - raft.server.log.appender.buffer.byte-limit = 4MB (=4194304) (default)
2024-09-10 06:19:55,270 INFO  server.RaftServerConfigKeys (ConfUtils.java:logGet(46)) - raft.server.log.unsafe-flush.enabled = false (default)
2024-09-10 06:19:55,270 INFO  server.RaftServerConfigKeys (ConfUtils.java:logGet(46)) - raft.server.log.async-flush.enabled = false (default)
2024-09-10 06:19:55,270 INFO  server.RaftServerConfigKeys (ConfUtils.java:logGet(46)) - raft.server.log.statemachine.data.caching.enabled = false (default)
2024-09-10 06:19:55,270 INFO  segmented.SegmentedRaftLogWorker (SegmentedRaftLogWorker.java:lambda$new$0(138)) - s7@group-6D3E3F15100A-SegmentedRaftLogWorker: flushIndex: setUnconditionally 0 -> -1
2024-09-10 06:19:55,270 INFO  segmented.SegmentedRaftLogWorker (SegmentedRaftLogWorker.java:lambda$new$0(138)) - s7@group-6D3E3F15100A-SegmentedRaftLogWorker: safeCacheEvictIndex: setUnconditionally 0 -> -1
2024-09-10 06:19:55,270 INFO  server.RaftServer$Division (RaftServerImpl.java:start(391)) - s7@group-6D3E3F15100A: start as a follower, conf=conf: {index: -1, cur=peers:[s7|0.0.0.0:15007, s8|0.0.0.0:15008, s9|0.0.0.0:15009]|listeners:[], old=null}
2024-09-10 06:19:55,270 INFO  server.RaftServer$Division (RaftServerImpl.java:setRole(378)) - s7@group-6D3E3F15100A: changes role from      null to FOLLOWER at term 0 for startAsFollower
2024-09-10 06:19:55,270 INFO  impl.RoleInfo (RoleInfo.java:updateAndGet(148)) - s7: start s7@group-6D3E3F15100A-FollowerState
2024-09-10 06:19:55,271 INFO  server.RaftServerConfigKeys (ConfUtils.java:logFallback(53)) - raft.server.rpc.first-election.timeout.min = 300ms (fallback to raft.server.rpc.timeout.min)
2024-09-10 06:19:55,271 INFO  server.RaftServerConfigKeys (ConfUtils.java:logFallback(53)) - raft.server.rpc.first-election.timeout.max = 600ms (fallback to raft.server.rpc.timeout.max)
2024-09-10 06:19:55,271 INFO  util.JmxRegister (JmxRegister.java:tryRegister(44)) - Successfully registered JMX Bean with object name Ratis:service=RaftServer,group=group-6D3E3F15100A,id=s7
2024-09-10 06:19:55,271 INFO  util.JmxRegister (JmxRegister.java:register(58)) - register mxBean class org.apache.ratis.server.impl.RaftServerJmxAdapter as Ratis:service=RaftServer,group=group-6D3E3F15100A,id=s7
2024-09-10 06:19:55,272 INFO  server.RaftServerConfigKeys (ConfUtils.java:logGet(46)) - raft.server.snapshot.trigger-when-stop.enabled = true (default)
2024-09-10 06:19:55,272 INFO  server.RaftServerConfigKeys (ConfUtils.java:logGet(46)) - raft.server.snapshot.trigger-when-remove.enabled = true (default)
2024-09-10 06:19:55,272 INFO  server.RaftServerConfigKeys (ConfUtils.java:logGet(46)) - raft.server.snapshot.auto.trigger.enabled = false (default)
2024-09-10 06:19:55,272 INFO  server.RaftServerConfigKeys (ConfUtils.java:logGet(46)) - raft.server.snapshot.retention.file.num = -1 (default)
2024-09-10 06:19:55,272 INFO  server.RaftServerConfigKeys (ConfUtils.java:logGet(46)) - raft.server.log.purge.upto.snapshot.index = false (default)
2024-09-10 06:19:55,280 INFO  server.RaftServer (RaftServerProxy.java:addNew(101)) - s8: addNew group-6D3E3F15100A:[s7|0.0.0.0:15007, s8|0.0.0.0:15008, s9|0.0.0.0:15009] returns group-6D3E3F15100A:java.util.concurrent.CompletableFuture@186d87a5[Not completed]
2024-09-10 06:19:55,280 INFO  server.RaftServer$Division (RaftServerImpl.java:<init>(255)) - s8: new RaftServerImpl for group-6D3E3F15100A:[s7|0.0.0.0:15007, s8|0.0.0.0:15008, s9|0.0.0.0:15009] with ArithmeticStateMachine:uninitialized
2024-09-10 06:19:55,280 INFO  server.RaftServerConfigKeys (ConfUtils.java:logGet(46)) - raft.server.rpc.timeout.min = 300ms (custom)
2024-09-10 06:19:55,280 INFO  server.RaftServerConfigKeys (ConfUtils.java:logGet(46)) - raft.server.rpc.timeout.max = 600ms (custom)
2024-09-10 06:19:55,280 INFO  server.RaftServerConfigKeys (ConfUtils.java:logGet(46)) - raft.server.rpc.sleep.time = 25ms (default)
2024-09-10 06:19:55,280 INFO  server.RaftServerConfigKeys (ConfUtils.java:logGet(46)) - raft.server.rpc.slowness.timeout = 60s (default)
2024-09-10 06:19:55,280 INFO  server.RaftServerConfigKeys (ConfUtils.java:logGet(46)) - raft.server.leaderelection.leader.step-down.wait-time = 10s (default)
2024-09-10 06:19:55,280 INFO  server.RaftServerConfigKeys (ConfUtils.java:logGet(46)) - raft.server.leaderelection.member.majority-add = false (default)
2024-09-10 06:19:55,280 INFO  server.RaftServerConfigKeys (ConfUtils.java:logGet(46)) - raft.server.sleep.deviation.threshold = 300ms (default)
2024-09-10 06:19:55,280 INFO  server.RaftServer$Division (ServerState.java:<init>(114)) - s8@group-6D3E3F15100A: ConfigurationManager, init=conf: {index: -1, cur=peers:[s7|0.0.0.0:15007, s8|0.0.0.0:15008, s9|0.0.0.0:15009]|listeners:[], old=null}, confs=<EMPTY_MAP>
2024-09-10 06:19:55,280 INFO  server.RaftServerConfigKeys (ConfUtils.java:logGet(46)) - raft.server.notification.no-leader.timeout = 60s (default)
2024-09-10 06:19:55,281 INFO  server.RaftServerConfigKeys (ConfUtils.java:logGet(46)) - raft.server.read.timeout = 10s (default)
2024-09-10 06:19:55,281 INFO  server.RaftServerConfigKeys (ConfUtils.java:logGet(46)) - raft.server.retrycache.expirytime = 60s (default)
2024-09-10 06:19:55,281 INFO  server.RaftServerConfigKeys (ConfUtils.java:logGet(46)) - raft.server.retrycache.statistics.expirytime = 100ms (default)
2024-09-10 06:19:55,281 INFO  server.RaftServerConfigKeys (ConfUtils.java:logGet(46)) - raft.server.read.option = DEFAULT (default)
2024-09-10 06:19:55,281 INFO  server.RaftServerConfigKeys (ConfUtils.java:logGet(46)) - raft.server.read.read-after-write-consistent.write-index-cache.expiry-time = 60s (default)
2024-09-10 06:19:55,281 INFO  server.RaftServerConfigKeys (ConfUtils.java:logGet(46)) - raft.server.rpc.request.timeout = 3000ms (default)
2024-09-10 06:19:55,281 INFO  server.RaftServerConfigKeys (ConfUtils.java:logGet(46)) - raft.server.log.appender.install.snapshot.enabled = true (default)
2024-09-10 06:19:55,281 INFO  server.RaftServerConfigKeys (ConfUtils.java:logGet(46)) - raft.server.threadpool.server.cached = true (default)
2024-09-10 06:19:55,281 INFO  server.RaftServerConfigKeys (ConfUtils.java:logGet(46)) - raft.server.threadpool.server.size = 0 (default)
2024-09-10 06:19:55,281 INFO  server.RaftServerConfigKeys (ConfUtils.java:logGet(46)) - raft.server.threadpool.client.cached = true (default)
2024-09-10 06:19:55,282 INFO  server.RaftServerConfigKeys (ConfUtils.java:logGet(46)) - raft.server.threadpool.client.size = 0 (default)
2024-09-10 06:19:55,282 INFO  server.RaftServerConfigKeys (ConfUtils.java:logGet(46)) - raft.server.storage.free-space.min = 0MB (=0) (default)
2024-09-10 06:19:55,282 INFO  server.RaftServerConfigKeys (ConfUtils.java:logGet(46)) - raft.server.log.corruption.policy = EXCEPTION (default)
2024-09-10 06:19:55,282 INFO  server.RaftServerConfigKeys (ConfUtils.java:logGet(46)) - raft.server.storage.dir = [/home/runner/work/ratis/ratis/ratis-examples/target/test/data/f624d035/MiniRaftClusterWithGrpc4aa2bfeb/s8] (custom)
2024-09-10 06:19:55,282 INFO  storage.RaftStorageDirectory (RaftStorageDirectoryImpl.java:analyzeStorage(138)) - The storage directory /home/runner/work/ratis/ratis/ratis-examples/target/test/data/f624d035/MiniRaftClusterWithGrpc4aa2bfeb/s8/861dd211-de6e-49be-983e-6d3e3f15100a does not exist. Creating ...
2024-09-10 06:19:55,282 TRACE util.FileUtils (LogUtils.java:runAndLog(49)) - Successfully ran Files.createDirectories /home/runner/work/ratis/ratis/ratis-examples/target/test/data/f624d035/MiniRaftClusterWithGrpc4aa2bfeb/s8/861dd211-de6e-49be-983e-6d3e3f15100a
2024-09-10 06:19:55,283 INFO  storage.RaftStorageDirectory (RaftStorageDirectoryImpl.java:tryLock(229)) - Lock on /home/runner/work/ratis/ratis/ratis-examples/target/test/data/f624d035/MiniRaftClusterWithGrpc4aa2bfeb/s8/861dd211-de6e-49be-983e-6d3e3f15100a/in_use.lock acquired by nodename 13550@fv-az691-408
2024-09-10 06:19:55,284 TRACE util.FileUtils (LogUtils.java:runAndLog(49)) - Successfully ran Files.createDirectories /home/runner/work/ratis/ratis/ratis-examples/target/test/data/f624d035/MiniRaftClusterWithGrpc4aa2bfeb/s8/861dd211-de6e-49be-983e-6d3e3f15100a/current
2024-09-10 06:19:55,284 TRACE util.FileUtils (LogUtils.java:runAndLog(49)) - Successfully ran Files.createDirectories /home/runner/work/ratis/ratis/ratis-examples/target/test/data/f624d035/MiniRaftClusterWithGrpc4aa2bfeb/s8/861dd211-de6e-49be-983e-6d3e3f15100a/sm
2024-09-10 06:19:55,284 TRACE util.FileUtils (LogUtils.java:supplyAndLog(69)) - Successfully supplied FileChannel.open /home/runner/work/ratis/ratis/ratis-examples/target/test/data/f624d035/MiniRaftClusterWithGrpc4aa2bfeb/s8/861dd211-de6e-49be-983e-6d3e3f15100a/current/raft-meta.tmp with options [CREATE, WRITE]: sun.nio.ch.FileChannelImpl@64b65867
2024-09-10 06:19:55,285 TRACE util.FileUtils (LogUtils.java:runAndLog(49)) - Successfully ran Atomic Files.move /home/runner/work/ratis/ratis/ratis-examples/target/test/data/f624d035/MiniRaftClusterWithGrpc4aa2bfeb/s8/861dd211-de6e-49be-983e-6d3e3f15100a/current/raft-meta.tmp to /home/runner/work/ratis/ratis/ratis-examples/target/test/data/f624d035/MiniRaftClusterWithGrpc4aa2bfeb/s8/861dd211-de6e-49be-983e-6d3e3f15100a/current/raft-meta with options [REPLACE_EXISTING]
2024-09-10 06:19:55,285 INFO  storage.RaftStorage (RaftStorageImpl.java:format(98)) - Storage directory /home/runner/work/ratis/ratis/ratis-examples/target/test/data/f624d035/MiniRaftClusterWithGrpc4aa2bfeb/s8/861dd211-de6e-49be-983e-6d3e3f15100a has been successfully formatted.
2024-09-10 06:19:55,286 WARN  statemachine.StateMachine (ArithmeticStateMachine.java:loadSnapshot(115)) - The snapshot info is null.
2024-09-10 06:19:55,286 INFO  server.RaftServerConfigKeys (ConfUtils.java:logGet(46)) - raft.server.log.use.memory = false (default)
2024-09-10 06:19:55,286 INFO  server.RaftServerConfigKeys (ConfUtils.java:logGet(46)) - raft.server.log.purge.gap = 1024 (default)
2024-09-10 06:19:55,286 INFO  server.RaftServerConfigKeys (ConfUtils.java:logGet(46)) - raft.server.log.appender.buffer.byte-limit = 4MB (=4194304) (default)
2024-09-10 06:19:55,286 INFO  server.RaftServerConfigKeys (ConfUtils.java:logGet(46)) - raft.server.log.statemachine.data.read.timeout = 1000ms (default)
2024-09-10 06:19:55,286 INFO  server.RaftServerConfigKeys (ConfUtils.java:logGet(46)) - raft.server.log.purge.preservation.log.num = 0 (default)
2024-09-10 06:19:55,287 INFO  server.RaftServerConfigKeys (ConfUtils.java:logGet(46)) - raft.server.log.segment.size.max = 32MB (=33554432) (default)
2024-09-10 06:19:55,287 INFO  server.RaftServerConfigKeys (ConfUtils.java:logGet(46)) - raft.server.log.segment.cache.num.max = 6 (default)
2024-09-10 06:19:55,287 INFO  server.RaftServerConfigKeys (ConfUtils.java:logGet(46)) - raft.server.log.segment.cache.size.max = 200MB (=209715200) (default)
2024-09-10 06:19:55,287 INFO  server.RaftServerConfigKeys (ConfUtils.java:logGet(46)) - raft.server.log.appender.buffer.byte-limit = 4MB (=4194304) (default)
2024-09-10 06:19:55,287 INFO  util.AwaitToRun (AwaitToRun.java:start(81)) - Thread[s8@group-6D3E3F15100A-cacheEviction-AwaitToRun,5,main] started
2024-09-10 06:19:55,287 INFO  segmented.SegmentedRaftLogWorker (SegmentedRaftLogWorker.java:<init>(187)) - new s8@group-6D3E3F15100A-SegmentedRaftLogWorker for RaftStorageImpl:Storage Directory /home/runner/work/ratis/ratis/ratis-examples/target/test/data/f624d035/MiniRaftClusterWithGrpc4aa2bfeb/s8/861dd211-de6e-49be-983e-6d3e3f15100a
2024-09-10 06:19:55,287 INFO  server.RaftServerConfigKeys (ConfUtils.java:logGet(46)) - raft.server.log.queue.byte-limit = 64MB (=67108864) (default)
2024-09-10 06:19:55,287 INFO  server.RaftServerConfigKeys (ConfUtils.java:logGet(46)) - raft.server.log.queue.element-limit = 4096 (default)
2024-09-10 06:19:55,287 INFO  server.RaftServerConfigKeys (ConfUtils.java:logGet(46)) - raft.server.log.segment.size.max = 32MB (=33554432) (default)
2024-09-10 06:19:55,287 INFO  server.RaftServerConfigKeys (ConfUtils.java:logGet(46)) - raft.server.log.preallocated.size = 4MB (=4194304) (default)
2024-09-10 06:19:55,287 INFO  server.RaftServerConfigKeys (ConfUtils.java:logGet(46)) - raft.server.log.force.sync.num = 128 (default)
2024-09-10 06:19:55,287 INFO  server.RaftServerConfigKeys (ConfUtils.java:logGet(46)) - raft.server.log.statemachine.data.sync = true (default)
2024-09-10 06:19:55,288 INFO  server.RaftServerConfigKeys (ConfUtils.java:logGet(46)) - raft.server.log.statemachine.data.sync.timeout = 10s (default)
2024-09-10 06:19:55,288 INFO  server.RaftServerConfigKeys (ConfUtils.java:logGet(46)) - raft.server.log.statemachine.data.sync.timeout.retry = -1 (default)
2024-09-10 06:19:55,288 INFO  server.RaftServerConfigKeys (ConfUtils.java:logGet(46)) - raft.server.log.write.buffer.size = 8MB (=8388608) (default)
2024-09-10 06:19:55,288 INFO  server.RaftServerConfigKeys (ConfUtils.java:logGet(46)) - raft.server.log.appender.buffer.byte-limit = 4MB (=4194304) (default)
2024-09-10 06:19:55,288 INFO  server.RaftServerConfigKeys (ConfUtils.java:logGet(46)) - raft.server.log.unsafe-flush.enabled = false (default)
2024-09-10 06:19:55,288 INFO  server.RaftServerConfigKeys (ConfUtils.java:logGet(46)) - raft.server.log.async-flush.enabled = false (default)
2024-09-10 06:19:55,288 INFO  server.RaftServerConfigKeys (ConfUtils.java:logGet(46)) - raft.server.log.statemachine.data.caching.enabled = false (default)
2024-09-10 06:19:55,288 INFO  segmented.SegmentedRaftLogWorker (SegmentedRaftLogWorker.java:lambda$new$0(138)) - s8@group-6D3E3F15100A-SegmentedRaftLogWorker: flushIndex: setUnconditionally 0 -> -1
2024-09-10 06:19:55,288 INFO  segmented.SegmentedRaftLogWorker (SegmentedRaftLogWorker.java:lambda$new$0(138)) - s8@group-6D3E3F15100A-SegmentedRaftLogWorker: safeCacheEvictIndex: setUnconditionally 0 -> -1
2024-09-10 06:19:55,291 INFO  server.RaftServer$Division (RaftServerImpl.java:start(391)) - s8@group-6D3E3F15100A: start as a follower, conf=conf: {index: -1, cur=peers:[s7|0.0.0.0:15007, s8|0.0.0.0:15008, s9|0.0.0.0:15009]|listeners:[], old=null}
2024-09-10 06:19:55,291 INFO  server.RaftServer$Division (RaftServerImpl.java:setRole(378)) - s8@group-6D3E3F15100A: changes role from      null to FOLLOWER at term 0 for startAsFollower
2024-09-10 06:19:55,291 INFO  impl.RoleInfo (RoleInfo.java:updateAndGet(148)) - s8: start s8@group-6D3E3F15100A-FollowerState
2024-09-10 06:19:55,291 INFO  util.JmxRegister (JmxRegister.java:tryRegister(44)) - Successfully registered JMX Bean with object name Ratis:service=RaftServer,group=group-6D3E3F15100A,id=s8
2024-09-10 06:19:55,291 INFO  util.JmxRegister (JmxRegister.java:register(58)) - register mxBean class org.apache.ratis.server.impl.RaftServerJmxAdapter as Ratis:service=RaftServer,group=group-6D3E3F15100A,id=s8
2024-09-10 06:19:55,291 INFO  server.RaftServerConfigKeys (ConfUtils.java:logGet(46)) - raft.server.snapshot.trigger-when-stop.enabled = true (default)
2024-09-10 06:19:55,291 INFO  server.RaftServerConfigKeys (ConfUtils.java:logGet(46)) - raft.server.snapshot.trigger-when-remove.enabled = true (default)
2024-09-10 06:19:55,291 INFO  server.RaftServerConfigKeys (ConfUtils.java:logGet(46)) - raft.server.snapshot.auto.trigger.enabled = false (default)
2024-09-10 06:19:55,291 INFO  server.RaftServerConfigKeys (ConfUtils.java:logGet(46)) - raft.server.snapshot.retention.file.num = -1 (default)
2024-09-10 06:19:55,291 INFO  server.RaftServerConfigKeys (ConfUtils.java:logGet(46)) - raft.server.log.purge.upto.snapshot.index = false (default)
2024-09-10 06:19:55,292 INFO  server.RaftServerConfigKeys (ConfUtils.java:logFallback(53)) - raft.server.rpc.first-election.timeout.min = 300ms (fallback to raft.server.rpc.timeout.min)
2024-09-10 06:19:55,292 INFO  server.RaftServerConfigKeys (ConfUtils.java:logFallback(53)) - raft.server.rpc.first-election.timeout.max = 600ms (fallback to raft.server.rpc.timeout.max)
2024-09-10 06:19:55,306 INFO  server.RaftServer (RaftServerProxy.java:addNew(101)) - s9: addNew group-6D3E3F15100A:[s7|0.0.0.0:15007, s8|0.0.0.0:15008, s9|0.0.0.0:15009] returns group-6D3E3F15100A:java.util.concurrent.CompletableFuture@59b9dfde[Not completed]
2024-09-10 06:19:55,306 INFO  server.RaftServer$Division (RaftServerImpl.java:<init>(255)) - s9: new RaftServerImpl for group-6D3E3F15100A:[s7|0.0.0.0:15007, s8|0.0.0.0:15008, s9|0.0.0.0:15009] with ArithmeticStateMachine:uninitialized
2024-09-10 06:19:55,306 INFO  server.RaftServerConfigKeys (ConfUtils.java:logGet(46)) - raft.server.rpc.timeout.min = 300ms (custom)
2024-09-10 06:19:55,306 INFO  server.RaftServerConfigKeys (ConfUtils.java:logGet(46)) - raft.server.rpc.timeout.max = 600ms (custom)
2024-09-10 06:19:55,306 INFO  server.RaftServerConfigKeys (ConfUtils.java:logGet(46)) - raft.server.rpc.sleep.time = 25ms (default)
2024-09-10 06:19:55,307 INFO  server.RaftServerConfigKeys (ConfUtils.java:logGet(46)) - raft.server.rpc.slowness.timeout = 60s (default)
2024-09-10 06:19:55,307 INFO  server.RaftServerConfigKeys (ConfUtils.java:logGet(46)) - raft.server.leaderelection.leader.step-down.wait-time = 10s (default)
2024-09-10 06:19:55,307 INFO  server.RaftServerConfigKeys (ConfUtils.java:logGet(46)) - raft.server.leaderelection.member.majority-add = false (default)
2024-09-10 06:19:55,307 INFO  server.RaftServerConfigKeys (ConfUtils.java:logGet(46)) - raft.server.sleep.deviation.threshold = 300ms (default)
2024-09-10 06:19:55,307 INFO  server.RaftServer$Division (ServerState.java:<init>(114)) - s9@group-6D3E3F15100A: ConfigurationManager, init=conf: {index: -1, cur=peers:[s7|0.0.0.0:15007, s8|0.0.0.0:15008, s9|0.0.0.0:15009]|listeners:[], old=null}, confs=<EMPTY_MAP>
2024-09-10 06:19:55,307 INFO  server.RaftServerConfigKeys (ConfUtils.java:logGet(46)) - raft.server.notification.no-leader.timeout = 60s (default)
2024-09-10 06:19:55,307 INFO  server.RaftServerConfigKeys (ConfUtils.java:logGet(46)) - raft.server.read.timeout = 10s (default)
2024-09-10 06:19:55,307 INFO  server.RaftServerConfigKeys (ConfUtils.java:logGet(46)) - raft.server.retrycache.expirytime = 60s (default)
2024-09-10 06:19:55,307 INFO  server.RaftServerConfigKeys (ConfUtils.java:logGet(46)) - raft.server.retrycache.statistics.expirytime = 100ms (default)
2024-09-10 06:19:55,307 INFO  server.RaftServerConfigKeys (ConfUtils.java:logGet(46)) - raft.server.read.option = DEFAULT (default)
2024-09-10 06:19:55,307 INFO  server.RaftServerConfigKeys (ConfUtils.java:logGet(46)) - raft.server.read.read-after-write-consistent.write-index-cache.expiry-time = 60s (default)
2024-09-10 06:19:55,308 INFO  server.RaftServerConfigKeys (ConfUtils.java:logGet(46)) - raft.server.rpc.request.timeout = 3000ms (default)
2024-09-10 06:19:55,308 INFO  server.RaftServerConfigKeys (ConfUtils.java:logGet(46)) - raft.server.log.appender.install.snapshot.enabled = true (default)
2024-09-10 06:19:55,308 INFO  server.RaftServerConfigKeys (ConfUtils.java:logGet(46)) - raft.server.threadpool.server.cached = true (default)
2024-09-10 06:19:55,308 INFO  server.RaftServerConfigKeys (ConfUtils.java:logGet(46)) - raft.server.threadpool.server.size = 0 (default)
2024-09-10 06:19:55,308 INFO  server.RaftServerConfigKeys (ConfUtils.java:logGet(46)) - raft.server.threadpool.client.cached = true (default)
2024-09-10 06:19:55,308 INFO  server.RaftServerConfigKeys (ConfUtils.java:logGet(46)) - raft.server.threadpool.client.size = 0 (default)
2024-09-10 06:19:55,308 INFO  server.RaftServerConfigKeys (ConfUtils.java:logGet(46)) - raft.server.storage.free-space.min = 0MB (=0) (default)
2024-09-10 06:19:55,308 INFO  server.RaftServerConfigKeys (ConfUtils.java:logGet(46)) - raft.server.log.corruption.policy = EXCEPTION (default)
2024-09-10 06:19:55,308 INFO  server.RaftServerConfigKeys (ConfUtils.java:logGet(46)) - raft.server.storage.dir = [/home/runner/work/ratis/ratis/ratis-examples/target/test/data/f624d035/MiniRaftClusterWithGrpc4aa2bfeb/s9] (custom)
2024-09-10 06:19:55,308 INFO  storage.RaftStorageDirectory (RaftStorageDirectoryImpl.java:analyzeStorage(138)) - The storage directory /home/runner/work/ratis/ratis/ratis-examples/target/test/data/f624d035/MiniRaftClusterWithGrpc4aa2bfeb/s9/861dd211-de6e-49be-983e-6d3e3f15100a does not exist. Creating ...
2024-09-10 06:19:55,309 TRACE util.FileUtils (LogUtils.java:runAndLog(49)) - Successfully ran Files.createDirectories /home/runner/work/ratis/ratis/ratis-examples/target/test/data/f624d035/MiniRaftClusterWithGrpc4aa2bfeb/s9/861dd211-de6e-49be-983e-6d3e3f15100a
2024-09-10 06:19:55,312 INFO  storage.RaftStorageDirectory (RaftStorageDirectoryImpl.java:tryLock(229)) - Lock on /home/runner/work/ratis/ratis/ratis-examples/target/test/data/f624d035/MiniRaftClusterWithGrpc4aa2bfeb/s9/861dd211-de6e-49be-983e-6d3e3f15100a/in_use.lock acquired by nodename 13550@fv-az691-408
2024-09-10 06:19:55,312 TRACE util.FileUtils (LogUtils.java:runAndLog(49)) - Successfully ran Files.createDirectories /home/runner/work/ratis/ratis/ratis-examples/target/test/data/f624d035/MiniRaftClusterWithGrpc4aa2bfeb/s9/861dd211-de6e-49be-983e-6d3e3f15100a/current
2024-09-10 06:19:55,313 TRACE util.FileUtils (LogUtils.java:runAndLog(49)) - Successfully ran Files.createDirectories /home/runner/work/ratis/ratis/ratis-examples/target/test/data/f624d035/MiniRaftClusterWithGrpc4aa2bfeb/s9/861dd211-de6e-49be-983e-6d3e3f15100a/sm
2024-09-10 06:19:55,313 TRACE util.FileUtils (LogUtils.java:supplyAndLog(69)) - Successfully supplied FileChannel.open /home/runner/work/ratis/ratis/ratis-examples/target/test/data/f624d035/MiniRaftClusterWithGrpc4aa2bfeb/s9/861dd211-de6e-49be-983e-6d3e3f15100a/current/raft-meta.tmp with options [CREATE, WRITE]: sun.nio.ch.FileChannelImpl@6b64924
2024-09-10 06:19:55,315 TRACE util.FileUtils (LogUtils.java:runAndLog(49)) - Successfully ran Atomic Files.move /home/runner/work/ratis/ratis/ratis-examples/target/test/data/f624d035/MiniRaftClusterWithGrpc4aa2bfeb/s9/861dd211-de6e-49be-983e-6d3e3f15100a/current/raft-meta.tmp to /home/runner/work/ratis/ratis/ratis-examples/target/test/data/f624d035/MiniRaftClusterWithGrpc4aa2bfeb/s9/861dd211-de6e-49be-983e-6d3e3f15100a/current/raft-meta with options [REPLACE_EXISTING]
2024-09-10 06:19:55,315 INFO  storage.RaftStorage (RaftStorageImpl.java:format(98)) - Storage directory /home/runner/work/ratis/ratis/ratis-examples/target/test/data/f624d035/MiniRaftClusterWithGrpc4aa2bfeb/s9/861dd211-de6e-49be-983e-6d3e3f15100a has been successfully formatted.
2024-09-10 06:19:55,315 WARN  statemachine.StateMachine (ArithmeticStateMachine.java:loadSnapshot(115)) - The snapshot info is null.
2024-09-10 06:19:55,315 INFO  server.RaftServerConfigKeys (ConfUtils.java:logGet(46)) - raft.server.log.use.memory = false (default)
2024-09-10 06:19:55,315 INFO  server.RaftServerConfigKeys (ConfUtils.java:logGet(46)) - raft.server.log.purge.gap = 1024 (default)
2024-09-10 06:19:55,315 INFO  server.RaftServerConfigKeys (ConfUtils.java:logGet(46)) - raft.server.log.appender.buffer.byte-limit = 4MB (=4194304) (default)
2024-09-10 06:19:55,315 INFO  server.RaftServerConfigKeys (ConfUtils.java:logGet(46)) - raft.server.log.statemachine.data.read.timeout = 1000ms (default)
2024-09-10 06:19:55,315 INFO  server.RaftServerConfigKeys (ConfUtils.java:logGet(46)) - raft.server.log.purge.preservation.log.num = 0 (default)
2024-09-10 06:19:55,316 INFO  server.RaftServerConfigKeys (ConfUtils.java:logGet(46)) - raft.server.log.segment.size.max = 32MB (=33554432) (default)
2024-09-10 06:19:55,316 INFO  server.RaftServerConfigKeys (ConfUtils.java:logGet(46)) - raft.server.log.segment.cache.num.max = 6 (default)
2024-09-10 06:19:55,316 INFO  server.RaftServerConfigKeys (ConfUtils.java:logGet(46)) - raft.server.log.segment.cache.size.max = 200MB (=209715200) (default)
2024-09-10 06:19:55,316 INFO  server.RaftServerConfigKeys (ConfUtils.java:logGet(46)) - raft.server.log.appender.buffer.byte-limit = 4MB (=4194304) (default)
2024-09-10 06:19:55,316 INFO  util.AwaitToRun (AwaitToRun.java:start(81)) - Thread[s9@group-6D3E3F15100A-cacheEviction-AwaitToRun,5,main] started
2024-09-10 06:19:55,316 INFO  segmented.SegmentedRaftLogWorker (SegmentedRaftLogWorker.java:<init>(187)) - new s9@group-6D3E3F15100A-SegmentedRaftLogWorker for RaftStorageImpl:Storage Directory /home/runner/work/ratis/ratis/ratis-examples/target/test/data/f624d035/MiniRaftClusterWithGrpc4aa2bfeb/s9/861dd211-de6e-49be-983e-6d3e3f15100a
2024-09-10 06:19:55,316 INFO  server.RaftServerConfigKeys (ConfUtils.java:logGet(46)) - raft.server.log.queue.byte-limit = 64MB (=67108864) (default)
2024-09-10 06:19:55,316 INFO  server.RaftServerConfigKeys (ConfUtils.java:logGet(46)) - raft.server.log.queue.element-limit = 4096 (default)
2024-09-10 06:19:55,316 INFO  server.RaftServerConfigKeys (ConfUtils.java:logGet(46)) - raft.server.log.segment.size.max = 32MB (=33554432) (default)
2024-09-10 06:19:55,316 INFO  server.RaftServerConfigKeys (ConfUtils.java:logGet(46)) - raft.server.log.preallocated.size = 4MB (=4194304) (default)
2024-09-10 06:19:55,316 INFO  server.RaftServerConfigKeys (ConfUtils.java:logGet(46)) - raft.server.log.force.sync.num = 128 (default)
2024-09-10 06:19:55,316 INFO  server.RaftServerConfigKeys (ConfUtils.java:logGet(46)) - raft.server.log.statemachine.data.sync = true (default)
2024-09-10 06:19:55,317 INFO  server.RaftServerConfigKeys (ConfUtils.java:logGet(46)) - raft.server.log.statemachine.data.sync.timeout = 10s (default)
2024-09-10 06:19:55,317 INFO  server.RaftServerConfigKeys (ConfUtils.java:logGet(46)) - raft.server.log.statemachine.data.sync.timeout.retry = -1 (default)
2024-09-10 06:19:55,317 INFO  server.RaftServerConfigKeys (ConfUtils.java:logGet(46)) - raft.server.log.write.buffer.size = 8MB (=8388608) (default)
2024-09-10 06:19:55,318 INFO  server.RaftServerConfigKeys (ConfUtils.java:logGet(46)) - raft.server.log.appender.buffer.byte-limit = 4MB (=4194304) (default)
2024-09-10 06:19:55,319 INFO  server.RaftServerConfigKeys (ConfUtils.java:logGet(46)) - raft.server.log.unsafe-flush.enabled = false (default)
2024-09-10 06:19:55,319 INFO  server.RaftServerConfigKeys (ConfUtils.java:logGet(46)) - raft.server.log.async-flush.enabled = false (default)
2024-09-10 06:19:55,319 INFO  server.RaftServerConfigKeys (ConfUtils.java:logGet(46)) - raft.server.log.statemachine.data.caching.enabled = false (default)
2024-09-10 06:19:55,319 INFO  segmented.SegmentedRaftLogWorker (SegmentedRaftLogWorker.java:lambda$new$0(138)) - s9@group-6D3E3F15100A-SegmentedRaftLogWorker: flushIndex: setUnconditionally 0 -> -1
2024-09-10 06:19:55,319 INFO  segmented.SegmentedRaftLogWorker (SegmentedRaftLogWorker.java:lambda$new$0(138)) - s9@group-6D3E3F15100A-SegmentedRaftLogWorker: safeCacheEvictIndex: setUnconditionally 0 -> -1
2024-09-10 06:19:55,319 INFO  server.RaftServer$Division (RaftServerImpl.java:start(391)) - s9@group-6D3E3F15100A: start as a follower, conf=conf: {index: -1, cur=peers:[s7|0.0.0.0:15007, s8|0.0.0.0:15008, s9|0.0.0.0:15009]|listeners:[], old=null}
2024-09-10 06:19:55,319 INFO  server.RaftServer$Division (RaftServerImpl.java:setRole(378)) - s9@group-6D3E3F15100A: changes role from      null to FOLLOWER at term 0 for startAsFollower
2024-09-10 06:19:55,319 INFO  impl.RoleInfo (RoleInfo.java:updateAndGet(148)) - s9: start s9@group-6D3E3F15100A-FollowerState
2024-09-10 06:19:55,323 INFO  server.RaftServerConfigKeys (ConfUtils.java:logFallback(53)) - raft.server.rpc.first-election.timeout.min = 300ms (fallback to raft.server.rpc.timeout.min)
2024-09-10 06:19:55,323 INFO  server.RaftServerConfigKeys (ConfUtils.java:logFallback(53)) - raft.server.rpc.first-election.timeout.max = 600ms (fallback to raft.server.rpc.timeout.max)
2024-09-10 06:19:55,323 INFO  util.JmxRegister (JmxRegister.java:tryRegister(44)) - Successfully registered JMX Bean with object name Ratis:service=RaftServer,group=group-6D3E3F15100A,id=s9
2024-09-10 06:19:55,323 INFO  util.JmxRegister (JmxRegister.java:register(58)) - register mxBean class org.apache.ratis.server.impl.RaftServerJmxAdapter as Ratis:service=RaftServer,group=group-6D3E3F15100A,id=s9
2024-09-10 06:19:55,323 INFO  server.RaftServerConfigKeys (ConfUtils.java:logGet(46)) - raft.server.snapshot.trigger-when-stop.enabled = true (default)
2024-09-10 06:19:55,323 INFO  server.RaftServerConfigKeys (ConfUtils.java:logGet(46)) - raft.server.snapshot.trigger-when-remove.enabled = true (default)
2024-09-10 06:19:55,323 INFO  server.RaftServerConfigKeys (ConfUtils.java:logGet(46)) - raft.server.snapshot.auto.trigger.enabled = false (default)
2024-09-10 06:19:55,323 INFO  server.RaftServerConfigKeys (ConfUtils.java:logGet(46)) - raft.server.snapshot.retention.file.num = -1 (default)
2024-09-10 06:19:55,323 INFO  server.RaftServerConfigKeys (ConfUtils.java:logGet(46)) - raft.server.log.purge.upto.snapshot.index = false (default)
2024-09-10 06:19:55,327 INFO  server.RaftServerConfigKeys (ConfUtils.java:logGet(46)) - raft.server.rpc.timeout.max = 600ms (custom)
2024-09-10 06:19:55,328 INFO  ratis.RaftTestUtil (RaftTestUtil.java:waitForLeader(107)) - printing group-6D3E3F15100A
  s7:  RUNNING [
   FOLLOWER s7@group-6D3E3F15100A:t0, leader=null, voted=, raftlog=Memoized:s7@group-6D3E3F15100A-SegmentedRaftLog:OPENED:c-1:lastnull, conf=conf: {index: -1, cur=peers:[s7|0.0.0.0:15007, s8|0.0.0.0:15008, s9|0.0.0.0:15009]|listeners:[], old=null} RUNNING
   FOLLOWER s7@group-DF8C9DCF2580:t0, leader=null, voted=, raftlog=Memoized:s7@group-DF8C9DCF2580-SegmentedRaftLog:OPENED:c-1:lastnull, conf=conf: {index: -1, cur=peers:[]|listeners:[], old=null} STARTING] size=2
  s8:  RUNNING [
   FOLLOWER s8@group-6D3E3F15100A:t0, leader=null, voted=, raftlog=Memoized:s8@group-6D3E3F15100A-SegmentedRaftLog:OPENED:c-1:lastnull, conf=conf: {index: -1, cur=peers:[s7|0.0.0.0:15007, s8|0.0.0.0:15008, s9|0.0.0.0:15009]|listeners:[], old=null} RUNNING
   FOLLOWER s8@group-DF8C9DCF2580:t0, leader=null, voted=, raftlog=Memoized:s8@group-DF8C9DCF2580-SegmentedRaftLog:OPENED:c-1:lastnull, conf=conf: {index: -1, cur=peers:[]|listeners:[], old=null} STARTING] size=2
  s9:  RUNNING [
   FOLLOWER s9@group-6D3E3F15100A:t0, leader=null, voted=, raftlog=Memoized:s9@group-6D3E3F15100A-SegmentedRaftLog:OPENED:c-1:lastnull, conf=conf: {index: -1, cur=peers:[s7|0.0.0.0:15007, s8|0.0.0.0:15008, s9|0.0.0.0:15009]|listeners:[], old=null} RUNNING
   FOLLOWER s9@group-DF8C9DCF2580:t0, leader=null, voted=, raftlog=Memoized:s9@group-DF8C9DCF2580-SegmentedRaftLog:OPENED:c-1:lastnull, conf=conf: {index: -1, cur=peers:[]|listeners:[], old=null} STARTING] size=2
2024-09-10 06:19:55,328 WARN  ratis.RaftTestUtil (RaftTestUtil.java:lambda$waitForLeader$3(126)) - Attempt #1 failed: java.lang.IllegalStateException: No leader yet  for group-6D3E3F15100A: printing group-6D3E3F15100A
  s7:  RUNNING [
   FOLLOWER s7@group-6D3E3F15100A:t0, leader=null, voted=, raftlog=Memoized:s7@group-6D3E3F15100A-SegmentedRaftLog:OPENED:c-1:lastnull, conf=conf: {index: -1, cur=peers:[s7|0.0.0.0:15007, s8|0.0.0.0:15008, s9|0.0.0.0:15009]|listeners:[], old=null} RUNNING
   FOLLOWER s7@group-DF8C9DCF2580:t0, leader=null, voted=, raftlog=Memoized:s7@group-DF8C9DCF2580-SegmentedRaftLog:OPENED:c-1:lastnull, conf=conf: {index: -1, cur=peers:[]|listeners:[], old=null} STARTING] size=2
  s8:  RUNNING [
   FOLLOWER s8@group-6D3E3F15100A:t0, leader=null, voted=, raftlog=Memoized:s8@group-6D3E3F15100A-SegmentedRaftLog:OPENED:c-1:lastnull, conf=conf: {index: -1, cur=peers:[s7|0.0.0.0:15007, s8|0.0.0.0:15008, s9|0.0.0.0:15009]|listeners:[], old=null} RUNNING
   FOLLOWER s8@group-DF8C9DCF2580:t0, leader=null, voted=, raftlog=Memoized:s8@group-DF8C9DCF2580-SegmentedRaftLog:OPENED:c-1:lastnull, conf=conf: {index: -1, cur=peers:[]|listeners:[], old=null} STARTING] size=2
  s9:  RUNNING [
   FOLLOWER s9@group-6D3E3F15100A:t0, leader=null, voted=, raftlog=Memoized:s9@group-6D3E3F15100A-SegmentedRaftLog:OPENED:c-1:lastnull, conf=conf: {index: -1, cur=peers:[s7|0.0.0.0:15007, s8|0.0.0.0:15008, s9|0.0.0.0:15009]|listeners:[], old=null} RUNNING
   FOLLOWER s9@group-DF8C9DCF2580:t0, leader=null, voted=, raftlog=Memoized:s9@group-DF8C9DCF2580-SegmentedRaftLog:OPENED:c-1:lastnull, conf=conf: {index: -1, cur=peers:[]|listeners:[], old=null} STARTING] size=2
2024-09-10 06:19:55,544 WARN  server.GrpcLogAppender (GrpcLogAppender.java:timeoutAppendRequest(450)) - s13@group-0052E07B9BEC->s11-GrpcLogAppender: Timed out HEARTBEAT appendEntries, errorCount=39, request=AppendEntriesRequest:cid=106,entriesCount=0
2024-09-10 06:19:55,719 INFO  impl.FollowerState (FollowerState.java:run(144)) - s9@group-6D3E3F15100A-FollowerState: change to CANDIDATE, lastRpcElapsedTime:399915070ns, electionTimeout:396ms
2024-09-10 06:19:55,719 INFO  impl.RoleInfo (RoleInfo.java:shutdownFollowerState(119)) - s9: shutdown s9@group-6D3E3F15100A-FollowerState
2024-09-10 06:19:55,719 INFO  server.RaftServer$Division (RaftServerImpl.java:setRole(378)) - s9@group-6D3E3F15100A: changes role from  FOLLOWER to CANDIDATE at term 0 for changeToCandidate
2024-09-10 06:19:55,719 INFO  server.RaftServerConfigKeys (ConfUtils.java:logGet(46)) - raft.server.leaderelection.pre-vote = true (default)
2024-09-10 06:19:55,719 INFO  impl.RoleInfo (RoleInfo.java:updateAndGet(148)) - s9: start s9@group-6D3E3F15100A-LeaderElection18
2024-09-10 06:19:55,720 INFO  impl.LeaderElection (LeaderElection.java:askForVotes(325)) - s9@group-6D3E3F15100A-LeaderElection18 PRE_VOTE round 0: submit vote requests at term 0 for conf: {index: -1, cur=peers:[s7|0.0.0.0:15007, s8|0.0.0.0:15008, s9|0.0.0.0:15009]|listeners:[], old=null}
2024-09-10 06:19:55,720 INFO  server.GrpcServerProtocolClient (GrpcServerProtocolClient.java:<init>(65)) - Build channel for s7|0.0.0.0:15007
2024-09-10 06:19:55,720 INFO  server.GrpcServerProtocolClient (GrpcServerProtocolClient.java:<init>(65)) - Build channel for s8|0.0.0.0:15008
2024-09-10 06:19:55,720 INFO  server.RaftServerConfigKeys (ConfUtils.java:logFallback(53)) - raft.server.rpc.first-election.timeout.min = 300ms (fallback to raft.server.rpc.timeout.min)
2024-09-10 06:19:55,721 INFO  server.RaftServerConfigKeys (ConfUtils.java:logFallback(53)) - raft.server.rpc.first-election.timeout.max = 600ms (fallback to raft.server.rpc.timeout.max)
2024-09-10 06:19:55,727 INFO  server.RaftServer$Division (RaftServerImpl.java:requestVote(1437)) - s7@group-6D3E3F15100A: receive requestVote(PRE_VOTE, s9, group-6D3E3F15100A, 0, (t:0, i:0))
2024-09-10 06:19:55,728 INFO  impl.VoteContext (VoteContext.java:log(49)) - s7@group-6D3E3F15100A-FOLLOWER: accept PRE_VOTE from s9: our priority 0 <= candidate's priority 0
2024-09-10 06:19:55,728 INFO  server.RaftServer$Division (RaftServerImpl.java:requestVote(1470)) - s7@group-6D3E3F15100A replies to PRE_VOTE vote request: s9<-s7#0:OK-t0. Peer's state: s7@group-6D3E3F15100A:t0, leader=null, voted=, raftlog=Memoized:s7@group-6D3E3F15100A-SegmentedRaftLog:OPENED:c-1:lastnull, conf=conf: {index: -1, cur=peers:[s7|0.0.0.0:15007, s8|0.0.0.0:15008, s9|0.0.0.0:15009]|listeners:[], old=null}
2024-09-10 06:19:55,728 INFO  impl.LeaderElection (LeaderElection.java:logAndReturn(89)) - s9@group-6D3E3F15100A-LeaderElection18: PRE_VOTE PASSED received 1 response(s) and 0 exception(s):
2024-09-10 06:19:55,728 INFO  impl.LeaderElection (LeaderElection.java:logAndReturn(93)) -   Response 0: s9<-s7#0:OK-t0
2024-09-10 06:19:55,729 INFO  impl.LeaderElection (LeaderElection.java:askForVotes(327)) - s9@group-6D3E3F15100A-LeaderElection18 PRE_VOTE round 0: result PASSED
2024-09-10 06:19:55,729 TRACE util.FileUtils (LogUtils.java:supplyAndLog(69)) - Successfully supplied FileChannel.open /home/runner/work/ratis/ratis/ratis-examples/target/test/data/f624d035/MiniRaftClusterWithGrpc4aa2bfeb/s9/861dd211-de6e-49be-983e-6d3e3f15100a/current/raft-meta.tmp with options [CREATE, WRITE]: sun.nio.ch.FileChannelImpl@7354f5eb
2024-09-10 06:19:55,733 INFO  server.RaftServer$Division (RaftServerImpl.java:requestVote(1437)) - s8@group-6D3E3F15100A: receive requestVote(PRE_VOTE, s9, group-6D3E3F15100A, 0, (t:0, i:0))
2024-09-10 06:19:55,733 INFO  impl.VoteContext (VoteContext.java:log(49)) - s8@group-6D3E3F15100A-FOLLOWER: accept PRE_VOTE from s9: our priority 0 <= candidate's priority 0
2024-09-10 06:19:55,733 TRACE util.FileUtils (LogUtils.java:runAndLog(49)) - Successfully ran Atomic Files.move /home/runner/work/ratis/ratis/ratis-examples/target/test/data/f624d035/MiniRaftClusterWithGrpc4aa2bfeb/s9/861dd211-de6e-49be-983e-6d3e3f15100a/current/raft-meta.tmp to /home/runner/work/ratis/ratis/ratis-examples/target/test/data/f624d035/MiniRaftClusterWithGrpc4aa2bfeb/s9/861dd211-de6e-49be-983e-6d3e3f15100a/current/raft-meta with options [REPLACE_EXISTING]
2024-09-10 06:19:55,733 INFO  impl.LeaderElection (LeaderElection.java:askForVotes(325)) - s9@group-6D3E3F15100A-LeaderElection18 ELECTION round 0: submit vote requests at term 1 for conf: {index: -1, cur=peers:[s7|0.0.0.0:15007, s8|0.0.0.0:15008, s9|0.0.0.0:15009]|listeners:[], old=null}
2024-09-10 06:19:55,733 INFO  server.RaftServer$Division (RaftServerImpl.java:requestVote(1470)) - s8@group-6D3E3F15100A replies to PRE_VOTE vote request: s9<-s8#0:OK-t0. Peer's state: s8@group-6D3E3F15100A:t0, leader=null, voted=, raftlog=Memoized:s8@group-6D3E3F15100A-SegmentedRaftLog:OPENED:c-1:lastnull, conf=conf: {index: -1, cur=peers:[s7|0.0.0.0:15007, s8|0.0.0.0:15008, s9|0.0.0.0:15009]|listeners:[], old=null}
2024-09-10 06:19:55,734 INFO  server.RaftServerConfigKeys (ConfUtils.java:logFallback(53)) - raft.server.rpc.first-election.timeout.min = 300ms (fallback to raft.server.rpc.timeout.min)
2024-09-10 06:19:55,734 INFO  server.RaftServerConfigKeys (ConfUtils.java:logFallback(53)) - raft.server.rpc.first-election.timeout.max = 600ms (fallback to raft.server.rpc.timeout.max)
2024-09-10 06:19:55,735 INFO  server.RaftServer$Division (RaftServerImpl.java:requestVote(1437)) - s7@group-6D3E3F15100A: receive requestVote(ELECTION, s9, group-6D3E3F15100A, 1, (t:0, i:0))
2024-09-10 06:19:55,735 INFO  impl.VoteContext (VoteContext.java:log(49)) - s7@group-6D3E3F15100A-FOLLOWER: accept ELECTION from s9: our priority 0 <= candidate's priority 0
2024-09-10 06:19:55,736 INFO  server.RaftServer$Division (RaftServerImpl.java:setRole(378)) - s7@group-6D3E3F15100A: changes role from  FOLLOWER to FOLLOWER at term 1 for candidate:s9
2024-09-10 06:19:55,736 INFO  impl.RoleInfo (RoleInfo.java:shutdownFollowerState(119)) - s7: shutdown s7@group-6D3E3F15100A-FollowerState
2024-09-10 06:19:55,736 INFO  impl.RoleInfo (RoleInfo.java:updateAndGet(148)) - s7: start s7@group-6D3E3F15100A-FollowerState
2024-09-10 06:19:55,736 INFO  impl.FollowerState (FollowerState.java:run(153)) - s7@group-6D3E3F15100A-FollowerState was interrupted
2024-09-10 06:19:55,736 INFO  server.RaftServer$Division (RaftServerImpl.java:setFirstElection(559)) - s7@group-6D3E3F15100A: set firstElectionSinceStartup to false for candidate:s9
2024-09-10 06:19:55,736 TRACE util.FileUtils (LogUtils.java:supplyAndLog(69)) - Successfully supplied FileChannel.open /home/runner/work/ratis/ratis/ratis-examples/target/test/data/f624d035/MiniRaftClusterWithGrpc4aa2bfeb/s7/861dd211-de6e-49be-983e-6d3e3f15100a/current/raft-meta.tmp with options [CREATE, WRITE]: sun.nio.ch.FileChannelImpl@43ff6c5c
2024-09-10 06:19:55,737 INFO  server.RaftServer$Division (RaftServerImpl.java:requestVote(1437)) - s8@group-6D3E3F15100A: receive requestVote(ELECTION, s9, group-6D3E3F15100A, 1, (t:0, i:0))
2024-09-10 06:19:55,738 INFO  impl.VoteContext (VoteContext.java:log(49)) - s8@group-6D3E3F15100A-FOLLOWER: accept ELECTION from s9: our priority 0 <= candidate's priority 0
2024-09-10 06:19:55,738 INFO  server.RaftServer$Division (RaftServerImpl.java:setRole(378)) - s8@group-6D3E3F15100A: changes role from  FOLLOWER to FOLLOWER at term 1 for candidate:s9
2024-09-10 06:19:55,738 INFO  impl.RoleInfo (RoleInfo.java:shutdownFollowerState(119)) - s8: shutdown s8@group-6D3E3F15100A-FollowerState
2024-09-10 06:19:55,738 INFO  impl.RoleInfo (RoleInfo.java:updateAndGet(148)) - s8: start s8@group-6D3E3F15100A-FollowerState
2024-09-10 06:19:55,738 INFO  impl.FollowerState (FollowerState.java:run(153)) - s8@group-6D3E3F15100A-FollowerState was interrupted
2024-09-10 06:19:55,738 TRACE util.FileUtils (LogUtils.java:runAndLog(49)) - Successfully ran Atomic Files.move /home/runner/work/ratis/ratis/ratis-examples/target/test/data/f624d035/MiniRaftClusterWithGrpc4aa2bfeb/s7/861dd211-de6e-49be-983e-6d3e3f15100a/current/raft-meta.tmp to /home/runner/work/ratis/ratis/ratis-examples/target/test/data/f624d035/MiniRaftClusterWithGrpc4aa2bfeb/s7/861dd211-de6e-49be-983e-6d3e3f15100a/current/raft-meta with options [REPLACE_EXISTING]
2024-09-10 06:19:55,738 INFO  server.RaftServer$Division (RaftServerImpl.java:requestVote(1470)) - s7@group-6D3E3F15100A replies to ELECTION vote request: s9<-s7#0:OK-t1. Peer's state: s7@group-6D3E3F15100A:t1, leader=null, voted=s9, raftlog=Memoized:s7@group-6D3E3F15100A-SegmentedRaftLog:OPENED:c-1:lastnull, conf=conf: {index: -1, cur=peers:[s7|0.0.0.0:15007, s8|0.0.0.0:15008, s9|0.0.0.0:15009]|listeners:[], old=null}
2024-09-10 06:19:55,738 INFO  server.RaftServer$Division (RaftServerImpl.java:setFirstElection(559)) - s8@group-6D3E3F15100A: set firstElectionSinceStartup to false for candidate:s9
2024-09-10 06:19:55,739 TRACE util.FileUtils (LogUtils.java:supplyAndLog(69)) - Successfully supplied FileChannel.open /home/runner/work/ratis/ratis/ratis-examples/target/test/data/f624d035/MiniRaftClusterWithGrpc4aa2bfeb/s8/861dd211-de6e-49be-983e-6d3e3f15100a/current/raft-meta.tmp with options [CREATE, WRITE]: sun.nio.ch.FileChannelImpl@46dda9a1
2024-09-10 06:19:55,740 INFO  impl.LeaderElection (LeaderElection.java:logAndReturn(89)) - s9@group-6D3E3F15100A-LeaderElection18: ELECTION PASSED received 1 response(s) and 0 exception(s):
2024-09-10 06:19:55,740 INFO  impl.LeaderElection (LeaderElection.java:logAndReturn(93)) -   Response 0: s9<-s7#0:OK-t1
2024-09-10 06:19:55,740 INFO  impl.LeaderElection (LeaderElection.java:askForVotes(327)) - s9@group-6D3E3F15100A-LeaderElection18 ELECTION round 0: result PASSED
2024-09-10 06:19:55,740 INFO  impl.RoleInfo (RoleInfo.java:shutdownLeaderElection(139)) - s9: shutdown s9@group-6D3E3F15100A-LeaderElection18
2024-09-10 06:19:55,740 INFO  server.RaftServer$Division (RaftServerImpl.java:setRole(378)) - s9@group-6D3E3F15100A: changes role from CANDIDATE to LEADER at term 1 for changeToLeader
2024-09-10 06:19:55,740 INFO  server.RaftServerConfigKeys (ConfUtils.java:logGet(46)) - raft.server.staging.catchup.gap = 1000 (default)
2024-09-10 06:19:55,741 INFO  server.RaftServerConfigKeys (ConfUtils.java:logGet(46)) - raft.server.write.element-limit = 4096 (default)
2024-09-10 06:19:55,741 INFO  server.RaftServerConfigKeys (ConfUtils.java:logGet(46)) - raft.server.write.byte-limit = 64MB (=67108864) (default)
2024-09-10 06:19:55,741 INFO  server.RaftServerConfigKeys (ConfUtils.java:logGet(46)) - raft.server.watch.timeout = 10s (default)
2024-09-10 06:19:55,741 INFO  server.RaftServerConfigKeys (ConfUtils.java:logGet(46)) - raft.server.watch.timeout.denomination = 1s (default)
2024-09-10 06:19:55,741 INFO  server.RaftServerConfigKeys (ConfUtils.java:logGet(46)) - raft.server.watch.element-limit = 65536 (default)
2024-09-10 06:19:55,741 INFO  server.RaftServerConfigKeys (ConfUtils.java:logGet(46)) - raft.server.read.leader.lease.enabled = false (default)
2024-09-10 06:19:55,741 INFO  server.RaftServerConfigKeys (ConfUtils.java:logGet(46)) - raft.server.read.leader.lease.timeout.ratio = 0.9 (default)
2024-09-10 06:19:55,741 INFO  server.RaftServerConfigKeys (ConfUtils.java:logGet(46)) - raft.server.rpc.timeout.min = 300ms (custom)
2024-09-10 06:19:55,741 INFO  server.RaftServerConfigKeys (ConfUtils.java:logGet(46)) - raft.server.log.log-metadata.enabled = true (default)
2024-09-10 06:19:55,741 INFO  server.RaftServerConfigKeys (ConfUtils.java:logGet(46)) - raft.server.write.element-limit = 4096 (default)
2024-09-10 06:19:55,741 INFO  server.RaftServerConfigKeys (ConfUtils.java:logGet(46)) - raft.server.write.follower.gap.ratio.max = -1.0 (default)
2024-09-10 06:19:55,742 INFO  server.RaftServerConfigKeys (ConfUtils.java:logGet(46)) - raft.server.log.appender.snapshot.chunk.size.max = 16MB (=16777216) (default)
2024-09-10 06:19:55,742 INFO  server.RaftServerConfigKeys (ConfUtils.java:logGet(46)) - raft.server.log.appender.buffer.byte-limit = 4MB (=4194304) (default)
2024-09-10 06:19:55,742 INFO  server.RaftServerConfigKeys (ConfUtils.java:logGet(46)) - raft.server.log.appender.buffer.element-limit = 0 (default)
2024-09-10 06:19:55,742 INFO  server.RaftServerConfigKeys (ConfUtils.java:logGet(46)) - raft.server.log.appender.wait-time.min = 1ms (default)
2024-09-10 06:19:55,742 INFO  grpc.GrpcConfigKeys (ConfUtils.java:logGet(46)) - raft.grpc.server.leader.outstanding.appends.max = 8 (default)
2024-09-10 06:19:55,742 INFO  server.RaftServerConfigKeys (ConfUtils.java:logGet(46)) - raft.server.rpc.request.timeout = 3000ms (default)
2024-09-10 06:19:55,742 INFO  grpc.GrpcConfigKeys (ConfUtils.java:logGet(46)) - raft.grpc.server.install_snapshot.request.element-limit = 8 (default)
2024-09-10 06:19:55,742 INFO  grpc.GrpcConfigKeys (ConfUtils.java:logGet(46)) - raft.grpc.server.install_snapshot.request.timeout = 3000ms (default)
2024-09-10 06:19:55,742 INFO  grpc.GrpcConfigKeys (ConfUtils.java:logGet(46)) - raft.grpc.server.log-message.batch.duration = 5s (default)
2024-09-10 06:19:55,742 INFO  server.RaftServerConfigKeys (ConfUtils.java:logGet(46)) - raft.server.log.appender.install.snapshot.enabled = true (default)
2024-09-10 06:19:55,742 INFO  grpc.GrpcConfigKeys (ConfUtils.java:logGet(46)) - raft.grpc.server.heartbeat.channel = true (default)
2024-09-10 06:19:55,743 INFO  server.RaftServerConfigKeys (ConfUtils.java:logGet(46)) - raft.server.log.appender.snapshot.chunk.size.max = 16MB (=16777216) (default)
2024-09-10 06:19:55,743 INFO  server.RaftServerConfigKeys (ConfUtils.java:logGet(46)) - raft.server.log.appender.buffer.byte-limit = 4MB (=4194304) (default)
2024-09-10 06:19:55,743 INFO  server.RaftServerConfigKeys (ConfUtils.java:logGet(46)) - raft.server.log.appender.buffer.element-limit = 0 (default)
2024-09-10 06:19:55,743 INFO  server.RaftServerConfigKeys (ConfUtils.java:logGet(46)) - raft.server.log.appender.wait-time.min = 1ms (default)
2024-09-10 06:19:55,743 INFO  grpc.GrpcConfigKeys (ConfUtils.java:logGet(46)) - raft.grpc.server.leader.outstanding.appends.max = 8 (default)
2024-09-10 06:19:55,743 INFO  server.RaftServerConfigKeys (ConfUtils.java:logGet(46)) - raft.server.rpc.request.timeout = 3000ms (default)
2024-09-10 06:19:55,743 INFO  grpc.GrpcConfigKeys (ConfUtils.java:logGet(46)) - raft.grpc.server.install_snapshot.request.element-limit = 8 (default)
2024-09-10 06:19:55,743 INFO  grpc.GrpcConfigKeys (ConfUtils.java:logGet(46)) - raft.grpc.server.install_snapshot.request.timeout = 3000ms (default)
2024-09-10 06:19:55,743 INFO  grpc.GrpcConfigKeys (ConfUtils.java:logGet(46)) - raft.grpc.server.log-message.batch.duration = 5s (default)
2024-09-10 06:19:55,743 INFO  server.RaftServerConfigKeys (ConfUtils.java:logGet(46)) - raft.server.log.appender.install.snapshot.enabled = true (default)
2024-09-10 06:19:55,743 INFO  grpc.GrpcConfigKeys (ConfUtils.java:logGet(46)) - raft.grpc.server.heartbeat.channel = true (default)
2024-09-10 06:19:55,743 INFO  impl.RoleInfo (RoleInfo.java:updateAndGet(148)) - s9: start s9@group-6D3E3F15100A-LeaderStateImpl
2024-09-10 06:19:55,743 INFO  server.RaftServer$Division (RaftServerImpl.java:setFirstElection(559)) - s9@group-6D3E3F15100A: set firstElectionSinceStartup to false for becomeLeader
2024-09-10 06:19:55,744 INFO  server.RaftServer$Division (ServerState.java:setLeader(272)) - s9@group-6D3E3F15100A: change Leader from null to s9 at term 1 for becomeLeader, leader elected after 436ms
2024-09-10 06:19:55,744 INFO  segmented.SegmentedRaftLogWorker (SegmentedRaftLogWorker.java:startLogSegment(438)) - s9@group-6D3E3F15100A-SegmentedRaftLogWorker: Starting segment from index:0
2024-09-10 06:19:55,744 TRACE util.FileUtils (LogUtils.java:runAndLog(49)) - Successfully ran Atomic Files.move /home/runner/work/ratis/ratis/ratis-examples/target/test/data/f624d035/MiniRaftClusterWithGrpc4aa2bfeb/s8/861dd211-de6e-49be-983e-6d3e3f15100a/current/raft-meta.tmp to /home/runner/work/ratis/ratis/ratis-examples/target/test/data/f624d035/MiniRaftClusterWithGrpc4aa2bfeb/s8/861dd211-de6e-49be-983e-6d3e3f15100a/current/raft-meta with options [REPLACE_EXISTING]
2024-09-10 06:19:55,744 INFO  server.RaftServer$Division (RaftServerImpl.java:requestVote(1470)) - s8@group-6D3E3F15100A replies to ELECTION vote request: s9<-s8#0:OK-t1. Peer's state: s8@group-6D3E3F15100A:t1, leader=null, voted=s9, raftlog=Memoized:s8@group-6D3E3F15100A-SegmentedRaftLog:OPENED:c-1:lastnull, conf=conf: {index: -1, cur=peers:[s7|0.0.0.0:15007, s8|0.0.0.0:15008, s9|0.0.0.0:15009]|listeners:[], old=null}
2024-09-10 06:19:55,745 INFO  segmented.BufferedWriteChannel (BufferedWriteChannel.java:open(61)) - open log_inprogress_0 at position 0
2024-09-10 06:19:55,751 INFO  server.RaftServer$Division (ServerState.java:setRaftConf(386)) - s9@group-6D3E3F15100A: set configuration conf: {index: 0, cur=peers:[s7|0.0.0.0:15007, s8|0.0.0.0:15008, s9|0.0.0.0:15009]|listeners:[], old=null}
2024-09-10 06:19:55,758 INFO  segmented.SegmentedRaftLogWorker (SegmentedRaftLogWorker.java:execute(660)) - s9@group-6D3E3F15100A-SegmentedRaftLogWorker: created new log segment /home/runner/work/ratis/ratis/ratis-examples/target/test/data/f624d035/MiniRaftClusterWithGrpc4aa2bfeb/s9/861dd211-de6e-49be-983e-6d3e3f15100a/current/log_inprogress_0
2024-09-10 06:19:55,759 INFO  server.RaftServer$Division (ServerState.java:setLeader(272)) - s7@group-6D3E3F15100A: change Leader from null to s9 at term 1 for appendEntries, leader elected after 498ms
2024-09-10 06:19:55,759 INFO  server.RaftServer$Division (ServerState.java:setLeader(272)) - s8@group-6D3E3F15100A: change Leader from null to s9 at term 1 for appendEntries, leader elected after 478ms
2024-09-10 06:19:55,763 DEBUG server.RaftServer$Division (RaftServerImpl.java:logAppendEntries(1539)) - s7@group-6D3E3F15100A: appendEntries* s9->s7#1-t1,previous=(t:0, i:0),leaderCommit=-1,initializing? false,entries: size=1, first=(t:1, i:0), CONFIGURATIONENTRY(current:id:"s7"address:"0.0.0.0:15007"clientAddress:"0.0.0.0:15007"adminAddress:"0.0.0.0:15007"startupRole:FOLLOWER, id:"s8"address:"0.0.0.0:15008"clientAddress:"0.0.0.0:15008"adminAddress:"0.0.0.0:15008"startupRole:FOLLOWER, id:"s9"address:"0.0.0.0:15009"clientAddress:"0.0.0.0:15009"adminAddress:"0.0.0.0:15009"startupRole:FOLLOWER, old:)
2024-09-10 06:19:55,763 DEBUG server.RaftServer$Division (RaftServerImpl.java:logAppendEntries(1539)) - s8@group-6D3E3F15100A: appendEntries* s9->s8#1-t1,previous=(t:0, i:0),leaderCommit=-1,initializing? false,entries: size=1, first=(t:1, i:0), CONFIGURATIONENTRY(current:id:"s7"address:"0.0.0.0:15007"clientAddress:"0.0.0.0:15007"adminAddress:"0.0.0.0:15007"startupRole:FOLLOWER, id:"s8"address:"0.0.0.0:15008"clientAddress:"0.0.0.0:15008"adminAddress:"0.0.0.0:15008"startupRole:FOLLOWER, id:"s9"address:"0.0.0.0:15009"clientAddress:"0.0.0.0:15009"adminAddress:"0.0.0.0:15009"startupRole:FOLLOWER, old:)
2024-09-10 06:19:55,764 INFO  server.RaftServer$Division (ServerState.java:setRaftConf(386)) - s8@group-6D3E3F15100A: set configuration conf: {index: 0, cur=peers:[s7|0.0.0.0:15007, s8|0.0.0.0:15008, s9|0.0.0.0:15009]|listeners:[], old=null}
2024-09-10 06:19:55,764 INFO  segmented.SegmentedRaftLogWorker (SegmentedRaftLogWorker.java:startLogSegment(438)) - s8@group-6D3E3F15100A-SegmentedRaftLogWorker: Starting segment from index:0
2024-09-10 06:19:55,765 INFO  segmented.BufferedWriteChannel (BufferedWriteChannel.java:open(61)) - open log_inprogress_0 at position 0
2024-09-10 06:19:55,771 INFO  server.RaftServer$Division (ServerState.java:setRaftConf(386)) - s7@group-6D3E3F15100A: set configuration conf: {index: 0, cur=peers:[s7|0.0.0.0:15007, s8|0.0.0.0:15008, s9|0.0.0.0:15009]|listeners:[], old=null}
2024-09-10 06:19:55,771 INFO  segmented.SegmentedRaftLogWorker (SegmentedRaftLogWorker.java:startLogSegment(438)) - s7@group-6D3E3F15100A-SegmentedRaftLogWorker: Starting segment from index:0
2024-09-10 06:19:55,771 INFO  segmented.BufferedWriteChannel (BufferedWriteChannel.java:open(61)) - open log_inprogress_0 at position 0
2024-09-10 06:19:55,784 INFO  segmented.SegmentedRaftLogWorker (SegmentedRaftLogWorker.java:execute(660)) - s8@group-6D3E3F15100A-SegmentedRaftLogWorker: created new log segment /home/runner/work/ratis/ratis/ratis-examples/target/test/data/f624d035/MiniRaftClusterWithGrpc4aa2bfeb/s8/861dd211-de6e-49be-983e-6d3e3f15100a/current/log_inprogress_0
2024-09-10 06:19:55,785 DEBUG server.RaftServer$Division (RaftServerImpl.java:logAppendEntries(1539)) - s8@group-6D3E3F15100A: appendEntries* reply s9<-s8#1:OK-t1,SUCCESS,nextIndex=1,followerCommit=-1,matchIndex=0
2024-09-10 06:19:55,786 INFO  segmented.SegmentedRaftLogWorker (SegmentedRaftLogWorker.java:execute(660)) - s7@group-6D3E3F15100A-SegmentedRaftLogWorker: created new log segment /home/runner/work/ratis/ratis/ratis-examples/target/test/data/f624d035/MiniRaftClusterWithGrpc4aa2bfeb/s7/861dd211-de6e-49be-983e-6d3e3f15100a/current/log_inprogress_0
2024-09-10 06:19:55,786 TRACE util.FileUtils (LogUtils.java:supplyAndLog(69)) - Successfully supplied FileChannel.open /home/runner/work/ratis/ratis/ratis-examples/target/test/data/f624d035/MiniRaftClusterWithGrpc4aa2bfeb/s9/861dd211-de6e-49be-983e-6d3e3f15100a/current/raft-meta.conf.tmp with options [CREATE, WRITE]: sun.nio.ch.FileChannelImpl@64f26ad
2024-09-10 06:19:55,786 DEBUG server.RaftServer$Division (RaftServerImpl.java:logAppendEntries(1539)) - s7@group-6D3E3F15100A: appendEntries* reply s9<-s7#1:OK-t1,SUCCESS,nextIndex=1,followerCommit=-1,matchIndex=0
2024-09-10 06:19:55,787 TRACE util.FileUtils (LogUtils.java:runAndLog(49)) - Successfully ran Atomic Files.move /home/runner/work/ratis/ratis/ratis-examples/target/test/data/f624d035/MiniRaftClusterWithGrpc4aa2bfeb/s9/861dd211-de6e-49be-983e-6d3e3f15100a/current/raft-meta.conf.tmp to /home/runner/work/ratis/ratis/ratis-examples/target/test/data/f624d035/MiniRaftClusterWithGrpc4aa2bfeb/s9/861dd211-de6e-49be-983e-6d3e3f15100a/current/raft-meta.conf with options [REPLACE_EXISTING]
2024-09-10 06:19:55,787 INFO  server.RaftServer$Division (LeaderStateImpl.java:checkStartIndex(317)) - Leader s9@group-6D3E3F15100A-LeaderStateImpl is ready since appliedIndex == startIndex == 0
2024-09-10 06:19:55,937 TRACE util.FileUtils (LogUtils.java:supplyAndLog(69)) - Successfully supplied FileChannel.open /home/runner/work/ratis/ratis/ratis-examples/target/test/data/f624d035/MiniRaftClusterWithGrpc4aa2bfeb/s8/861dd211-de6e-49be-983e-6d3e3f15100a/current/raft-meta.conf.tmp with options [CREATE, WRITE]: sun.nio.ch.FileChannelImpl@48f890d1
2024-09-10 06:19:55,940 TRACE util.FileUtils (LogUtils.java:runAndLog(49)) - Successfully ran Atomic Files.move /home/runner/work/ratis/ratis/ratis-examples/target/test/data/f624d035/MiniRaftClusterWithGrpc4aa2bfeb/s8/861dd211-de6e-49be-983e-6d3e3f15100a/current/raft-meta.conf.tmp to /home/runner/work/ratis/ratis/ratis-examples/target/test/data/f624d035/MiniRaftClusterWithGrpc4aa2bfeb/s8/861dd211-de6e-49be-983e-6d3e3f15100a/current/raft-meta.conf with options [REPLACE_EXISTING]
2024-09-10 06:19:55,940 TRACE util.FileUtils (LogUtils.java:supplyAndLog(69)) - Successfully supplied FileChannel.open /home/runner/work/ratis/ratis/ratis-examples/target/test/data/f624d035/MiniRaftClusterWithGrpc4aa2bfeb/s7/861dd211-de6e-49be-983e-6d3e3f15100a/current/raft-meta.conf.tmp with options [CREATE, WRITE]: sun.nio.ch.FileChannelImpl@6edfcd34
2024-09-10 06:19:55,943 TRACE util.FileUtils (LogUtils.java:runAndLog(49)) - Successfully ran Atomic Files.move /home/runner/work/ratis/ratis/ratis-examples/target/test/data/f624d035/MiniRaftClusterWithGrpc4aa2bfeb/s7/861dd211-de6e-49be-983e-6d3e3f15100a/current/raft-meta.conf.tmp to /home/runner/work/ratis/ratis/ratis-examples/target/test/data/f624d035/MiniRaftClusterWithGrpc4aa2bfeb/s7/861dd211-de6e-49be-983e-6d3e3f15100a/current/raft-meta.conf with options [REPLACE_EXISTING]
2024-09-10 06:19:56,229 INFO  ratis.RaftTestUtil (RaftTestUtil.java:waitForLeader(131)) - printing group-6D3E3F15100A
  s7:  RUNNING [
   FOLLOWER s7@group-6D3E3F15100A:t1, leader=s9, voted=s9, raftlog=Memoized:s7@group-6D3E3F15100A-SegmentedRaftLog:OPENED:c0:last(t:1, i:0), conf=conf: {index: 0, cur=peers:[s7|0.0.0.0:15007, s8|0.0.0.0:15008, s9|0.0.0.0:15009]|listeners:[], old=null} RUNNING
   FOLLOWER s7@group-DF8C9DCF2580:t0, leader=null, voted=, raftlog=Memoized:s7@group-DF8C9DCF2580-SegmentedRaftLog:OPENED:c-1:lastnull, conf=conf: {index: -1, cur=peers:[]|listeners:[], old=null} STARTING] size=2
  s8:  RUNNING [
   FOLLOWER s8@group-6D3E3F15100A:t1, leader=s9, voted=s9, raftlog=Memoized:s8@group-6D3E3F15100A-SegmentedRaftLog:OPENED:c0:last(t:1, i:0), conf=conf: {index: 0, cur=peers:[s7|0.0.0.0:15007, s8|0.0.0.0:15008, s9|0.0.0.0:15009]|listeners:[], old=null} RUNNING
   FOLLOWER s8@group-DF8C9DCF2580:t0, leader=null, voted=, raftlog=Memoized:s8@group-DF8C9DCF2580-SegmentedRaftLog:OPENED:c-1:lastnull, conf=conf: {index: -1, cur=peers:[]|listeners:[], old=null} STARTING] size=2
  s9:  RUNNING [
     LEADER s9@group-6D3E3F15100A:t1, leader=s9, voted=s9, raftlog=Memoized:s9@group-6D3E3F15100A-SegmentedRaftLog:OPENED:c0:last(t:1, i:0), conf=conf: {index: 0, cur=peers:[s7|0.0.0.0:15007, s8|0.0.0.0:15008, s9|0.0.0.0:15009]|listeners:[], old=null} RUNNING
   FOLLOWER s9@group-DF8C9DCF2580:t0, leader=null, voted=, raftlog=Memoized:s9@group-DF8C9DCF2580-SegmentedRaftLog:OPENED:c-1:lastnull, conf=conf: {index: -1, cur=peers:[]|listeners:[], old=null} STARTING] size=2
2024-09-10 06:19:56,234 DEBUG server.RaftServer$Division (RaftServerImpl.java:submitClientRequestAsync(910)) - s7@group-6D3E3F15100A: receive client request(RaftClientRequest:client-FE8BBA5C6A13->s7@group-6D3E3F15100A, cid=4410, seq=null, RW, Message:010161024054c0000000...(size=12))
2024-09-10 06:19:56,235 INFO  server.GrpcClientProtocolService (GrpcClientProtocolService.java:lambda$processClientRequest$0(331)) - Failed request cid=4410, null, reply=RaftClientReply:client-FE8BBA5C6A13->s7@group-6D3E3F15100A, cid=4410, FAILED org.apache.ratis.protocol.exceptions.NotLeaderException: Server s7@group-6D3E3F15100A is not the leader, suggested leader is: s9|0.0.0.0:15009, logIndex=0, commits[s7:c0, s8:c0, s9:c0]
2024-09-10 06:19:56,341 DEBUG server.RaftServer$Division (RaftServerImpl.java:submitClientRequestAsync(910)) - s9@group-6D3E3F15100A: receive client request(RaftClientRequest:client-FE8BBA5C6A13->s9@group-6D3E3F15100A, cid=4410, seq=null, RW, Message:010161024054c0000000...(size=12))
2024-09-10 06:19:56,342 DEBUG server.RaftServer$Division (LeaderStateImpl.java:addPendingRequest(532)) - s9@group-6D3E3F15100A-LeaderStateImpl: addPendingRequest at RaftClientRequest:client-FE8BBA5C6A13->s9@group-6D3E3F15100A, cid=4410, seq=null, RW, Message:010161024054c0000000...(size=12), entry=(t:1, i:1), STATEMACHINELOGENTRY, WRITE: logData.size=12, stateMachineData.size=0, logEntryProtoSerializedSize=0
2024-09-10 06:19:56,342 DEBUG server.RaftServer$Division (RaftServerImpl.java:logAppendEntries(1539)) - s7@group-6D3E3F15100A: appendEntries* s9->s7#7-t1,previous=(t:1, i:0),leaderCommit=0,initializing? false,entries: size=1, first=(t:1, i:1), STATEMACHINELOGENTRY, StateMachineLogEntryProto:4410@client-FE8BBA5C6A13
2024-09-10 06:19:56,342 DEBUG server.RaftServer$Division (RaftServerImpl.java:logAppendEntries(1539)) - s8@group-6D3E3F15100A: appendEntries* s9->s8#6-t1,previous=(t:1, i:0),leaderCommit=0,initializing? false,entries: size=1, first=(t:1, i:1), STATEMACHINELOGENTRY, StateMachineLogEntryProto:4410@client-FE8BBA5C6A13
2024-09-10 06:19:56,343 DEBUG server.RaftServer$Division (RaftServerImpl.java:logAppendEntries(1539)) - s7@group-6D3E3F15100A: appendEntries* reply s9<-s7#7:OK-t1,SUCCESS,nextIndex=2,followerCommit=0,matchIndex=1
2024-09-10 06:19:56,343 INFO  statemachine.StateMachine (ArithmeticStateMachine.java:applyTransaction(181)) - LEADER:s9-1: a = 83 = 83
2024-09-10 06:19:56,343 DEBUG server.RaftServer$Division (RaftServerImpl.java:logAppendEntries(1539)) - s8@group-6D3E3F15100A: appendEntries* s9->s8#7-t1,previous=(t:1, i:1),leaderCommit=1,initializing? false,entries: size=1, first=(t:1, i:2), METADATAENTRY(c:1)
2024-09-10 06:19:56,343 DEBUG server.RaftServer$Division (RaftServerImpl.java:logAppendEntries(1539)) - s7@group-6D3E3F15100A: appendEntries* s9->s7#8-t1,previous=(t:1, i:1),leaderCommit=1,initializing? false,entries: size=1, first=(t:1, i:2), METADATAENTRY(c:1)
2024-09-10 06:19:56,344 DEBUG server.RaftServer$Division (RaftServerImpl.java:logAppendEntries(1539)) - s8@group-6D3E3F15100A: appendEntries* reply s9<-s8#6:OK-t1,SUCCESS,nextIndex=2,followerCommit=0,matchIndex=1
2024-09-10 06:19:56,344 DEBUG server.RaftServer$Division (RaftServerImpl.java:logAppendEntries(1539)) - s8@group-6D3E3F15100A: appendEntries* reply s9<-s8#7:OK-t1,SUCCESS,nextIndex=3,followerCommit=1,matchIndex=2
2024-09-10 06:19:56,344 DEBUG server.RaftServer$Division (RaftServerImpl.java:logAppendEntries(1539)) - s7@group-6D3E3F15100A: appendEntries* reply s9<-s7#8:OK-t1,SUCCESS,nextIndex=3,followerCommit=1,matchIndex=2
2024-09-10 06:19:56,351 DEBUG server.RaftServer$Division (RaftServerImpl.java:submitClientRequestAsync(910)) - s9@group-6D3E3F15100A: receive client request(RaftClientRequest:client-FE8BBA5C6A13->s9@group-6D3E3F15100A, cid=4411, seq=null, RW, Message:0101620240aae8000000...(size=12))
2024-09-10 06:19:56,352 DEBUG server.RaftServer$Division (LeaderStateImpl.java:addPendingRequest(532)) - s9@group-6D3E3F15100A-LeaderStateImpl: addPendingRequest at RaftClientRequest:client-FE8BBA5C6A13->s9@group-6D3E3F15100A, cid=4411, seq=null, RW, Message:0101620240aae8000000...(size=12), entry=(t:1, i:3), STATEMACHINELOGENTRY, WRITE: logData.size=12, stateMachineData.size=0, logEntryProtoSerializedSize=0
2024-09-10 06:19:56,352 DEBUG server.RaftServer$Division (RaftServerImpl.java:logAppendEntries(1539)) - s8@group-6D3E3F15100A: appendEntries* s9->s8#10-t1,previous=(t:1, i:2),leaderCommit=2,initializing? false,entries: size=1, first=(t:1, i:3), STATEMACHINELOGENTRY, StateMachineLogEntryProto:4411@client-FE8BBA5C6A13
2024-09-10 06:19:56,352 DEBUG server.RaftServer$Division (RaftServerImpl.java:logAppendEntries(1539)) - s7@group-6D3E3F15100A: appendEntries* s9->s7#10-t1,previous=(t:1, i:2),leaderCommit=2,initializing? false,entries: size=1, first=(t:1, i:3), STATEMACHINELOGENTRY, StateMachineLogEntryProto:4411@client-FE8BBA5C6A13
2024-09-10 06:19:56,353 DEBUG server.RaftServer$Division (RaftServerImpl.java:logAppendEntries(1539)) - s8@group-6D3E3F15100A: appendEntries* reply s9<-s8#10:OK-t1,SUCCESS,nextIndex=4,followerCommit=2,matchIndex=3
2024-09-10 06:19:56,353 DEBUG server.RaftServer$Division (RaftServerImpl.java:logAppendEntries(1539)) - s7@group-6D3E3F15100A: appendEntries* reply s9<-s7#10:OK-t1,SUCCESS,nextIndex=4,followerCommit=2,matchIndex=3
2024-09-10 06:19:56,354 INFO  statemachine.StateMachine (ArithmeticStateMachine.java:applyTransaction(181)) - LEADER:s9-3: b = 3444 = 3444
2024-09-10 06:19:56,354 DEBUG server.RaftServer$Division (RaftServerImpl.java:logAppendEntries(1539)) - s8@group-6D3E3F15100A: appendEntries* s9->s8#11-t1,previous=(t:1, i:3),leaderCommit=3,initializing? false,entries: size=1, first=(t:1, i:4), METADATAENTRY(c:3)
2024-09-10 06:19:56,355 DEBUG server.RaftServer$Division (RaftServerImpl.java:logAppendEntries(1539)) - s8@group-6D3E3F15100A: appendEntries* reply s9<-s8#11:OK-t1,SUCCESS,nextIndex=5,followerCommit=3,matchIndex=4
2024-09-10 06:19:56,355 DEBUG server.RaftServer$Division (RaftServerImpl.java:logAppendEntries(1539)) - s7@group-6D3E3F15100A: appendEntries* s9->s7#12-t1,previous=(t:1, i:3),leaderCommit=3,initializing? false,entries: size=1, first=(t:1, i:4), METADATAENTRY(c:3)
2024-09-10 06:19:56,355 DEBUG server.RaftServer$Division (RaftServerImpl.java:logAppendEntries(1539)) - s7@group-6D3E3F15100A: appendEntries* reply s9<-s7#12:OK-t1,SUCCESS,nextIndex=5,followerCommit=3,matchIndex=4
2024-09-10 06:19:56,357 DEBUG server.RaftServer$Division (RaftServerImpl.java:submitClientRequestAsync(910)) - s9@group-6D3E3F15100A: receive client request(RaftClientRequest:client-FE8BBA5C6A13->s9@group-6D3E3F15100A, cid=4412, seq=null, RW, Message:01016304010300040201...(size=17))
2024-09-10 06:19:56,357 DEBUG server.RaftServer$Division (LeaderStateImpl.java:addPendingRequest(532)) - s9@group-6D3E3F15100A-LeaderStateImpl: addPendingRequest at RaftClientRequest:client-FE8BBA5C6A13->s9@group-6D3E3F15100A, cid=4412, seq=null, RW, Message:01016304010300040201...(size=17), entry=(t:1, i:5), STATEMACHINELOGENTRY, WRITE: logData.size=17, stateMachineData.size=0, logEntryProtoSerializedSize=0
2024-09-10 06:19:56,357 DEBUG server.RaftServer$Division (RaftServerImpl.java:logAppendEntries(1539)) - s8@group-6D3E3F15100A: appendEntries* s9->s8#15-t1,previous=(t:1, i:4),leaderCommit=4,initializing? false,entries: size=1, first=(t:1, i:5), STATEMACHINELOGENTRY, StateMachineLogEntryProto:4412@client-FE8BBA5C6A13
2024-09-10 06:19:56,358 DEBUG server.RaftServer$Division (RaftServerImpl.java:logAppendEntries(1539)) - s7@group-6D3E3F15100A: appendEntries* s9->s7#16-t1,previous=(t:1, i:4),leaderCommit=4,initializing? false,entries: size=1, first=(t:1, i:5), STATEMACHINELOGENTRY, StateMachineLogEntryProto:4412@client-FE8BBA5C6A13
2024-09-10 06:19:56,358 DEBUG server.RaftServer$Division (RaftServerImpl.java:logAppendEntries(1539)) - s8@group-6D3E3F15100A: appendEntries* reply s9<-s8#15:OK-t1,SUCCESS,nextIndex=6,followerCommit=4,matchIndex=5
2024-09-10 06:19:56,358 DEBUG server.RaftServer$Division (RaftServerImpl.java:logAppendEntries(1539)) - s7@group-6D3E3F15100A: appendEntries* reply s9<-s7#16:OK-t1,SUCCESS,nextIndex=6,followerCommit=4,matchIndex=5
2024-09-10 06:19:56,358 INFO  statemachine.StateMachine (ArithmeticStateMachine.java:applyTransaction(181)) - LEADER:s9-5: c = √(a^2 + b^2) = 3445
2024-09-10 06:19:56,359 DEBUG server.RaftServer$Division (RaftServerImpl.java:logAppendEntries(1539)) - s8@group-6D3E3F15100A: appendEntries* s9->s8#16-t1,previous=(t:1, i:5),leaderCommit=5,initializing? false,entries: size=1, first=(t:1, i:6), METADATAENTRY(c:5)
2024-09-10 06:19:56,360 DEBUG server.RaftServer$Division (RaftServerImpl.java:logAppendEntries(1539)) - s8@group-6D3E3F15100A: appendEntries* reply s9<-s8#16:OK-t1,SUCCESS,nextIndex=7,followerCommit=5,matchIndex=6
2024-09-10 06:19:56,360 DEBUG server.RaftServer$Division (RaftServerImpl.java:logAppendEntries(1539)) - s7@group-6D3E3F15100A: appendEntries* s9->s7#18-t1,previous=(t:1, i:5),leaderCommit=5,initializing? false,entries: size=1, first=(t:1, i:6), METADATAENTRY(c:5)
2024-09-10 06:19:56,360 DEBUG server.RaftServer$Division (RaftServerImpl.java:submitClientRequestAsync(910)) - s9@group-6D3E3F15100A: receive client request(RaftClientRequest:client-FE8BBA5C6A13->s9@group-6D3E3F15100A, cid=4413, seq=null, RW, Message:01016100)
2024-09-10 06:19:56,361 DEBUG server.RaftServer$Division (RaftServerImpl.java:logAppendEntries(1539)) - s7@group-6D3E3F15100A: appendEntries* reply s9<-s7#18:OK-t1,SUCCESS,nextIndex=7,followerCommit=5,matchIndex=6
2024-09-10 06:19:56,361 DEBUG server.RaftServer$Division (LeaderStateImpl.java:addPendingRequest(532)) - s9@group-6D3E3F15100A-LeaderStateImpl: addPendingRequest at RaftClientRequest:client-FE8BBA5C6A13->s9@group-6D3E3F15100A, cid=4413, seq=null, RW, Message:01016100, entry=(t:1, i:7), STATEMACHINELOGENTRY, WRITE: logData.size=4, stateMachineData.size=0, logEntryProtoSerializedSize=0
2024-09-10 06:19:56,361 DEBUG server.RaftServer$Division (RaftServerImpl.java:logAppendEntries(1539)) - s7@group-6D3E3F15100A: appendEntries* s9->s7#22-t1,previous=(t:1, i:6),leaderCommit=6,initializing? false,entries: size=1, first=(t:1, i:7), STATEMACHINELOGENTRY, StateMachineLogEntryProto:4413@client-FE8BBA5C6A13
2024-09-10 06:19:56,361 DEBUG server.RaftServer$Division (RaftServerImpl.java:logAppendEntries(1539)) - s8@group-6D3E3F15100A: appendEntries* s9->s8#19-t1,previous=(t:1, i:6),leaderCommit=6,initializing? false,entries: size=1, first=(t:1, i:7), STATEMACHINELOGENTRY, StateMachineLogEntryProto:4413@client-FE8BBA5C6A13
2024-09-10 06:19:56,362 DEBUG server.RaftServer$Division (RaftServerImpl.java:logAppendEntries(1539)) - s8@group-6D3E3F15100A: appendEntries* reply s9<-s8#19:OK-t1,SUCCESS,nextIndex=8,followerCommit=6,matchIndex=7
2024-09-10 06:19:56,362 DEBUG server.RaftServer$Division (RaftServerImpl.java:logAppendEntries(1539)) - s7@group-6D3E3F15100A: appendEntries* reply s9<-s7#22:OK-t1,SUCCESS,nextIndex=8,followerCommit=6,matchIndex=7
2024-09-10 06:19:56,362 INFO  statemachine.StateMachine (ArithmeticStateMachine.java:applyTransaction(181)) - LEADER:s9-7: a = null = null
2024-09-10 06:19:56,363 DEBUG server.RaftServer$Division (RaftServerImpl.java:logAppendEntries(1539)) - s8@group-6D3E3F15100A: appendEntries* s9->s8#21-t1,previous=(t:1, i:7),leaderCommit=7,initializing? false,entries: size=1, first=(t:1, i:8), METADATAENTRY(c:7)
2024-09-10 06:19:56,363 DEBUG server.RaftServer$Division (RaftServerImpl.java:logAppendEntries(1539)) - s7@group-6D3E3F15100A: appendEntries* s9->s7#25-t1,previous=(t:1, i:7),leaderCommit=7,initializing? false,entries: size=1, first=(t:1, i:8), METADATAENTRY(c:7)
2024-09-10 06:19:56,363 DEBUG server.RaftServer$Division (RaftServerImpl.java:logAppendEntries(1539)) - s8@group-6D3E3F15100A: appendEntries* reply s9<-s8#21:OK-t1,SUCCESS,nextIndex=9,followerCommit=7,matchIndex=8
2024-09-10 06:19:56,364 DEBUG server.RaftServer$Division (RaftServerImpl.java:logAppendEntries(1539)) - s7@group-6D3E3F15100A: appendEntries* reply s9<-s7#25:OK-t1,SUCCESS,nextIndex=9,followerCommit=7,matchIndex=8
2024-09-10 06:19:56,366 DEBUG server.RaftServer$Division (RaftServerImpl.java:submitClientRequestAsync(910)) - s9@group-6D3E3F15100A: receive client request(RaftClientRequest:client-FE8BBA5C6A13->s9@group-6D3E3F15100A, cid=4414, seq=null, RW, Message:01016200)
2024-09-10 06:19:56,366 DEBUG server.RaftServer$Division (LeaderStateImpl.java:addPendingRequest(532)) - s9@group-6D3E3F15100A-LeaderStateImpl: addPendingRequest at RaftClientRequest:client-FE8BBA5C6A13->s9@group-6D3E3F15100A, cid=4414, seq=null, RW, Message:01016200, entry=(t:1, i:9), STATEMACHINELOGENTRY, WRITE: logData.size=4, stateMachineData.size=0, logEntryProtoSerializedSize=0
2024-09-10 06:19:56,367 DEBUG server.RaftServer$Division (RaftServerImpl.java:logAppendEntries(1539)) - s8@group-6D3E3F15100A: appendEntries* s9->s8#25-t1,previous=(t:1, i:8),leaderCommit=8,initializing? false,entries: size=1, first=(t:1, i:9), STATEMACHINELOGENTRY, StateMachineLogEntryProto:4414@client-FE8BBA5C6A13
2024-09-10 06:19:56,367 DEBUG server.RaftServer$Division (RaftServerImpl.java:logAppendEntries(1539)) - s7@group-6D3E3F15100A: appendEntries* s9->s7#30-t1,previous=(t:1, i:8),leaderCommit=8,initializing? false,entries: size=1, first=(t:1, i:9), STATEMACHINELOGENTRY, StateMachineLogEntryProto:4414@client-FE8BBA5C6A13
2024-09-10 06:19:56,368 DEBUG server.RaftServer$Division (RaftServerImpl.java:logAppendEntries(1539)) - s8@group-6D3E3F15100A: appendEntries* reply s9<-s8#25:OK-t1,SUCCESS,nextIndex=10,followerCommit=8,matchIndex=9
2024-09-10 06:19:56,368 DEBUG server.RaftServer$Division (RaftServerImpl.java:logAppendEntries(1539)) - s7@group-6D3E3F15100A: appendEntries* reply s9<-s7#30:OK-t1,SUCCESS,nextIndex=10,followerCommit=8,matchIndex=9
2024-09-10 06:19:56,368 INFO  statemachine.StateMachine (ArithmeticStateMachine.java:applyTransaction(181)) - LEADER:s9-9: b = null = null
2024-09-10 06:19:56,368 DEBUG server.RaftServer$Division (RaftServerImpl.java:logAppendEntries(1539)) - s8@group-6D3E3F15100A: appendEntries* s9->s8#26-t1,previous=(t:1, i:9),leaderCommit=9,initializing? false,entries: size=1, first=(t:1, i:10), METADATAENTRY(c:9)
2024-09-10 06:19:56,369 DEBUG server.RaftServer$Division (RaftServerImpl.java:logAppendEntries(1539)) - s7@group-6D3E3F15100A: appendEntries* s9->s7#31-t1,previous=(t:1, i:9),leaderCommit=9,initializing? false,entries: size=1, first=(t:1, i:10), METADATAENTRY(c:9)
2024-09-10 06:19:56,369 DEBUG server.RaftServer$Division (RaftServerImpl.java:logAppendEntries(1539)) - s8@group-6D3E3F15100A: appendEntries* reply s9<-s8#26:OK-t1,SUCCESS,nextIndex=11,followerCommit=9,matchIndex=10
2024-09-10 06:19:56,369 DEBUG server.RaftServer$Division (RaftServerImpl.java:logAppendEntries(1539)) - s7@group-6D3E3F15100A: appendEntries* reply s9<-s7#31:OK-t1,SUCCESS,nextIndex=11,followerCommit=9,matchIndex=10
2024-09-10 06:19:56,372 DEBUG server.RaftServer$Division (RaftServerImpl.java:submitClientRequestAsync(910)) - s9@group-6D3E3F15100A: receive client request(RaftClientRequest:client-FE8BBA5C6A13->s9@group-6D3E3F15100A, cid=4415, seq=null, RW, Message:01016300)
2024-09-10 06:19:56,372 DEBUG server.RaftServer$Division (LeaderStateImpl.java:addPendingRequest(532)) - s9@group-6D3E3F15100A-LeaderStateImpl: addPendingRequest at RaftClientRequest:client-FE8BBA5C6A13->s9@group-6D3E3F15100A, cid=4415, seq=null, RW, Message:01016300, entry=(t:1, i:11), STATEMACHINELOGENTRY, WRITE: logData.size=4, stateMachineData.size=0, logEntryProtoSerializedSize=0
2024-09-10 06:19:56,373 DEBUG server.RaftServer$Division (RaftServerImpl.java:logAppendEntries(1539)) - s7@group-6D3E3F15100A: appendEntries* s9->s7#36-t1,previous=(t:1, i:10),leaderCommit=10,initializing? false,entries: size=1, first=(t:1, i:11), STATEMACHINELOGENTRY, StateMachineLogEntryProto:4415@client-FE8BBA5C6A13
2024-09-10 06:19:56,373 DEBUG server.RaftServer$Division (RaftServerImpl.java:logAppendEntries(1539)) - s8@group-6D3E3F15100A: appendEntries* s9->s8#29-t1,previous=(t:1, i:10),leaderCommit=10,initializing? false,entries: size=1, first=(t:1, i:11), STATEMACHINELOGENTRY, StateMachineLogEntryProto:4415@client-FE8BBA5C6A13
2024-09-10 06:19:56,373 DEBUG server.RaftServer$Division (RaftServerImpl.java:logAppendEntries(1539)) - s7@group-6D3E3F15100A: appendEntries* reply s9<-s7#36:OK-t1,SUCCESS,nextIndex=12,followerCommit=10,matchIndex=11
2024-09-10 06:19:56,373 DEBUG server.RaftServer$Division (RaftServerImpl.java:logAppendEntries(1539)) - s8@group-6D3E3F15100A: appendEntries* reply s9<-s8#29:OK-t1,SUCCESS,nextIndex=12,followerCommit=10,matchIndex=11
2024-09-10 06:19:56,373 INFO  statemachine.StateMachine (ArithmeticStateMachine.java:applyTransaction(181)) - LEADER:s9-11: c = null = null
2024-09-10 06:19:56,374 DEBUG server.RaftServer$Division (RaftServerImpl.java:logAppendEntries(1539)) - s7@group-6D3E3F15100A: appendEntries* s9->s7#37-t1,previous=(t:1, i:11),leaderCommit=11,initializing? false,entries: size=1, first=(t:1, i:12), METADATAENTRY(c:11)
2024-09-10 06:19:56,374 DEBUG server.RaftServer$Division (RaftServerImpl.java:logAppendEntries(1539)) - s8@group-6D3E3F15100A: appendEntries* s9->s8#30-t1,previous=(t:1, i:11),leaderCommit=11,initializing? false,entries: size=1, first=(t:1, i:12), METADATAENTRY(c:11)
2024-09-10 06:19:56,375 DEBUG server.RaftServer$Division (RaftServerImpl.java:logAppendEntries(1539)) - s8@group-6D3E3F15100A: appendEntries* reply s9<-s8#30:OK-t1,SUCCESS,nextIndex=13,followerCommit=11,matchIndex=12
2024-09-10 06:19:56,375 DEBUG server.RaftServer$Division (RaftServerImpl.java:submitClientRequestAsync(910)) - s9@group-6D3E3F15100A: receive client request(RaftClientRequest:client-FE8BBA5C6A13->s9@group-6D3E3F15100A, cid=4416, seq=null, RW, Message:01016102405540000000...(size=12))
2024-09-10 06:19:56,375 DEBUG server.RaftServer$Division (RaftServerImpl.java:logAppendEntries(1539)) - s7@group-6D3E3F15100A: appendEntries* reply s9<-s7#37:OK-t1,SUCCESS,nextIndex=13,followerCommit=11,matchIndex=12
2024-09-10 06:19:56,375 DEBUG server.RaftServer$Division (LeaderStateImpl.java:addPendingRequest(532)) - s9@group-6D3E3F15100A-LeaderStateImpl: addPendingRequest at RaftClientRequest:client-FE8BBA5C6A13->s9@group-6D3E3F15100A, cid=4416, seq=null, RW, Message:01016102405540000000...(size=12), entry=(t:1, i:13), STATEMACHINELOGENTRY, WRITE: logData.size=12, stateMachineData.size=0, logEntryProtoSerializedSize=0
2024-09-10 06:19:56,376 DEBUG server.RaftServer$Division (RaftServerImpl.java:logAppendEntries(1539)) - s8@group-6D3E3F15100A: appendEntries* s9->s8#31-t1,previous=(t:1, i:12),leaderCommit=11,initializing? false,entries: size=1, first=(t:1, i:13), STATEMACHINELOGENTRY, StateMachineLogEntryProto:4416@client-FE8BBA5C6A13
2024-09-10 06:19:56,376 DEBUG server.RaftServer$Division (RaftServerImpl.java:logAppendEntries(1539)) - s7@group-6D3E3F15100A: appendEntries* s9->s7#38-t1,previous=(t:1, i:12),leaderCommit=11,initializing? false,entries: size=1, first=(t:1, i:13), STATEMACHINELOGENTRY, StateMachineLogEntryProto:4416@client-FE8BBA5C6A13
2024-09-10 06:19:56,377 DEBUG server.RaftServer$Division (RaftServerImpl.java:logAppendEntries(1539)) - s8@group-6D3E3F15100A: appendEntries* reply s9<-s8#31:OK-t1,SUCCESS,nextIndex=14,followerCommit=11,matchIndex=13
2024-09-10 06:19:56,377 DEBUG server.RaftServer$Division (RaftServerImpl.java:logAppendEntries(1539)) - s7@group-6D3E3F15100A: appendEntries* reply s9<-s7#38:OK-t1,SUCCESS,nextIndex=14,followerCommit=11,matchIndex=13
2024-09-10 06:19:56,377 INFO  statemachine.StateMachine (ArithmeticStateMachine.java:applyTransaction(181)) - LEADER:s9-13: a = 85 = 85
2024-09-10 06:19:56,378 DEBUG server.RaftServer$Division (RaftServerImpl.java:logAppendEntries(1539)) - s8@group-6D3E3F15100A: appendEntries* s9->s8#34-t1,previous=(t:1, i:13),leaderCommit=13,initializing? false,entries: size=1, first=(t:1, i:14), METADATAENTRY(c:13)
2024-09-10 06:19:56,378 DEBUG server.RaftServer$Division (RaftServerImpl.java:logAppendEntries(1539)) - s7@group-6D3E3F15100A: appendEntries* s9->s7#41-t1,previous=(t:1, i:13),leaderCommit=13,initializing? false,entries: size=1, first=(t:1, i:14), METADATAENTRY(c:13)
2024-09-10 06:19:56,378 DEBUG server.RaftServer$Division (RaftServerImpl.java:logAppendEntries(1539)) - s8@group-6D3E3F15100A: appendEntries* reply s9<-s8#34:OK-t1,SUCCESS,nextIndex=15,followerCommit=13,matchIndex=14
2024-09-10 06:19:56,379 DEBUG server.RaftServer$Division (RaftServerImpl.java:submitClientRequestAsync(910)) - s9@group-6D3E3F15100A: receive client request(RaftClientRequest:client-FE8BBA5C6A13->s9@group-6D3E3F15100A, cid=4417, seq=null, RW, Message:0101620240ac38000000...(size=12))
2024-09-10 06:19:56,379 DEBUG server.RaftServer$Division (LeaderStateImpl.java:addPendingRequest(532)) - s9@group-6D3E3F15100A-LeaderStateImpl: addPendingRequest at RaftClientRequest:client-FE8BBA5C6A13->s9@group-6D3E3F15100A, cid=4417, seq=null, RW, Message:0101620240ac38000000...(size=12), entry=(t:1, i:15), STATEMACHINELOGENTRY, WRITE: logData.size=12, stateMachineData.size=0, logEntryProtoSerializedSize=0
2024-09-10 06:19:56,379 DEBUG server.RaftServer$Division (RaftServerImpl.java:logAppendEntries(1539)) - s7@group-6D3E3F15100A: appendEntries* s9->s7#44-t1,previous=(t:1, i:14),leaderCommit=13,initializing? false,entries: size=1, first=(t:1, i:15), STATEMACHINELOGENTRY, StateMachineLogEntryProto:4417@client-FE8BBA5C6A13
2024-09-10 06:19:56,379 DEBUG server.RaftServer$Division (RaftServerImpl.java:logAppendEntries(1539)) - s8@group-6D3E3F15100A: appendEntries* s9->s8#35-t1,previous=(t:1, i:14),leaderCommit=13,initializing? false,entries: size=1, first=(t:1, i:15), STATEMACHINELOGENTRY, StateMachineLogEntryProto:4417@client-FE8BBA5C6A13
2024-09-10 06:19:56,380 DEBUG server.RaftServer$Division (RaftServerImpl.java:logAppendEntries(1539)) - s7@group-6D3E3F15100A: appendEntries* reply s9<-s7#41:OK-t1,SUCCESS,nextIndex=15,followerCommit=13,matchIndex=14
2024-09-10 06:19:56,380 DEBUG server.RaftServer$Division (RaftServerImpl.java:logAppendEntries(1539)) - s7@group-6D3E3F15100A: appendEntries* reply s9<-s7#44:OK-t1,SUCCESS,nextIndex=16,followerCommit=13,matchIndex=15
2024-09-10 06:19:56,380 DEBUG server.RaftServer$Division (RaftServerImpl.java:logAppendEntries(1539)) - s8@group-6D3E3F15100A: appendEntries* reply s9<-s8#35:OK-t1,SUCCESS,nextIndex=16,followerCommit=13,matchIndex=15
2024-09-10 06:19:56,381 INFO  statemachine.StateMachine (ArithmeticStateMachine.java:applyTransaction(181)) - LEADER:s9-15: b = 3612 = 3612
2024-09-10 06:19:56,381 DEBUG server.RaftServer$Division (RaftServerImpl.java:logAppendEntries(1539)) - s8@group-6D3E3F15100A: appendEntries* s9->s8#38-t1,previous=(t:1, i:15),leaderCommit=15,initializing? false,entries: size=1, first=(t:1, i:16), METADATAENTRY(c:15)
2024-09-10 06:19:56,381 DEBUG server.RaftServer$Division (RaftServerImpl.java:logAppendEntries(1539)) - s7@group-6D3E3F15100A: appendEntries* s9->s7#47-t1,previous=(t:1, i:15),leaderCommit=15,initializing? false,entries: size=1, first=(t:1, i:16), METADATAENTRY(c:15)
2024-09-10 06:19:56,381 DEBUG server.RaftServer$Division (RaftServerImpl.java:logAppendEntries(1539)) - s8@group-6D3E3F15100A: appendEntries* reply s9<-s8#38:OK-t1,SUCCESS,nextIndex=17,followerCommit=15,matchIndex=16
2024-09-10 06:19:56,382 DEBUG server.RaftServer$Division (RaftServerImpl.java:logAppendEntries(1539)) - s7@group-6D3E3F15100A: appendEntries* reply s9<-s7#47:OK-t1,SUCCESS,nextIndex=17,followerCommit=15,matchIndex=16
2024-09-10 06:19:56,382 DEBUG server.RaftServer$Division (RaftServerImpl.java:submitClientRequestAsync(910)) - s9@group-6D3E3F15100A: receive client request(RaftClientRequest:client-FE8BBA5C6A13->s9@group-6D3E3F15100A, cid=4418, seq=null, RW, Message:01016304010300040201...(size=17))
2024-09-10 06:19:56,383 DEBUG server.RaftServer$Division (LeaderStateImpl.java:addPendingRequest(532)) - s9@group-6D3E3F15100A-LeaderStateImpl: addPendingRequest at RaftClientRequest:client-FE8BBA5C6A13->s9@group-6D3E3F15100A, cid=4418, seq=null, RW, Message:01016304010300040201...(size=17), entry=(t:1, i:17), STATEMACHINELOGENTRY, WRITE: logData.size=17, stateMachineData.size=0, logEntryProtoSerializedSize=0
2024-09-10 06:19:56,383 DEBUG server.RaftServer$Division (RaftServerImpl.java:logAppendEntries(1539)) - s8@group-6D3E3F15100A: appendEntries* s9->s8#40-t1,previous=(t:1, i:16),leaderCommit=16,initializing? false,entries: size=1, first=(t:1, i:17), STATEMACHINELOGENTRY, StateMachineLogEntryProto:4418@client-FE8BBA5C6A13
2024-09-10 06:19:56,383 DEBUG server.RaftServer$Division (RaftServerImpl.java:logAppendEntries(1539)) - s7@group-6D3E3F15100A: appendEntries* s9->s7#51-t1,previous=(t:1, i:16),leaderCommit=16,initializing? false,entries: size=1, first=(t:1, i:17), STATEMACHINELOGENTRY, StateMachineLogEntryProto:4418@client-FE8BBA5C6A13
2024-09-10 06:19:56,383 DEBUG server.RaftServer$Division (RaftServerImpl.java:logAppendEntries(1539)) - s8@group-6D3E3F15100A: appendEntries* reply s9<-s8#40:OK-t1,SUCCESS,nextIndex=18,followerCommit=16,matchIndex=17
2024-09-10 06:19:56,384 DEBUG server.RaftServer$Division (RaftServerImpl.java:logAppendEntries(1539)) - s7@group-6D3E3F15100A: appendEntries* reply s9<-s7#51:OK-t1,SUCCESS,nextIndex=18,followerCommit=16,matchIndex=17
2024-09-10 06:19:56,384 INFO  statemachine.StateMachine (ArithmeticStateMachine.java:applyTransaction(181)) - LEADER:s9-17: c = √(a^2 + b^2) = 3613
2024-09-10 06:19:56,384 DEBUG server.RaftServer$Division (RaftServerImpl.java:logAppendEntries(1539)) - s8@group-6D3E3F15100A: appendEntries* s9->s8#41-t1,previous=(t:1, i:17),leaderCommit=17,initializing? false,entries: size=1, first=(t:1, i:18), METADATAENTRY(c:17)
2024-09-10 06:19:56,384 DEBUG server.RaftServer$Division (RaftServerImpl.java:logAppendEntries(1539)) - s7@group-6D3E3F15100A: appendEntries* s9->s7#53-t1,previous=(t:1, i:17),leaderCommit=17,initializing? false,entries: size=1, first=(t:1, i:18), METADATAENTRY(c:17)
2024-09-10 06:19:56,385 DEBUG server.RaftServer$Division (RaftServerImpl.java:logAppendEntries(1539)) - s8@group-6D3E3F15100A: appendEntries* reply s9<-s8#41:OK-t1,SUCCESS,nextIndex=19,followerCommit=17,matchIndex=18
2024-09-10 06:19:56,385 DEBUG server.RaftServer$Division (RaftServerImpl.java:logAppendEntries(1539)) - s7@group-6D3E3F15100A: appendEntries* reply s9<-s7#53:OK-t1,SUCCESS,nextIndex=19,followerCommit=17,matchIndex=18
2024-09-10 06:19:56,386 DEBUG server.RaftServer$Division (RaftServerImpl.java:submitClientRequestAsync(910)) - s9@group-6D3E3F15100A: receive client request(RaftClientRequest:client-FE8BBA5C6A13->s9@group-6D3E3F15100A, cid=4419, seq=null, RW, Message:01016100)
2024-09-10 06:19:56,386 DEBUG server.RaftServer$Division (LeaderStateImpl.java:addPendingRequest(532)) - s9@group-6D3E3F15100A-LeaderStateImpl: addPendingRequest at RaftClientRequest:client-FE8BBA5C6A13->s9@group-6D3E3F15100A, cid=4419, seq=null, RW, Message:01016100, entry=(t:1, i:19), STATEMACHINELOGENTRY, WRITE: logData.size=4, stateMachineData.size=0, logEntryProtoSerializedSize=0
2024-09-10 06:19:56,387 DEBUG server.RaftServer$Division (RaftServerImpl.java:logAppendEntries(1539)) - s8@group-6D3E3F15100A: appendEntries* s9->s8#45-t1,previous=(t:1, i:18),leaderCommit=18,initializing? false,entries: size=1, first=(t:1, i:19), STATEMACHINELOGENTRY, StateMachineLogEntryProto:4419@client-FE8BBA5C6A13
2024-09-10 06:19:56,387 DEBUG server.RaftServer$Division (RaftServerImpl.java:logAppendEntries(1539)) - s7@group-6D3E3F15100A: appendEntries* s9->s7#56-t1,previous=(t:1, i:18),leaderCommit=18,initializing? false,entries: size=1, first=(t:1, i:19), STATEMACHINELOGENTRY, StateMachineLogEntryProto:4419@client-FE8BBA5C6A13
2024-09-10 06:19:56,387 DEBUG server.RaftServer$Division (RaftServerImpl.java:logAppendEntries(1539)) - s8@group-6D3E3F15100A: appendEntries* reply s9<-s8#45:OK-t1,SUCCESS,nextIndex=20,followerCommit=18,matchIndex=19
2024-09-10 06:19:56,387 DEBUG server.RaftServer$Division (RaftServerImpl.java:logAppendEntries(1539)) - s7@group-6D3E3F15100A: appendEntries* reply s9<-s7#56:OK-t1,SUCCESS,nextIndex=20,followerCommit=18,matchIndex=19
2024-09-10 06:19:56,388 INFO  statemachine.StateMachine (ArithmeticStateMachine.java:applyTransaction(181)) - LEADER:s9-19: a = null = null
2024-09-10 06:19:56,388 DEBUG server.RaftServer$Division (RaftServerImpl.java:logAppendEntries(1539)) - s7@group-6D3E3F15100A: appendEntries* s9->s7#57-t1,previous=(t:1, i:19),leaderCommit=19,initializing? false,entries: size=1, first=(t:1, i:20), METADATAENTRY(c:19)
2024-09-10 06:19:56,388 DEBUG server.RaftServer$Division (RaftServerImpl.java:logAppendEntries(1539)) - s8@group-6D3E3F15100A: appendEntries* s9->s8#47-t1,previous=(t:1, i:19),leaderCommit=19,initializing? false,entries: size=1, first=(t:1, i:20), METADATAENTRY(c:19)
2024-09-10 06:19:56,389 DEBUG server.RaftServer$Division (RaftServerImpl.java:logAppendEntries(1539)) - s8@group-6D3E3F15100A: appendEntries* reply s9<-s8#47:OK-t1,SUCCESS,nextIndex=21,followerCommit=19,matchIndex=20
2024-09-10 06:19:56,389 DEBUG server.RaftServer$Division (RaftServerImpl.java:logAppendEntries(1539)) - s7@group-6D3E3F15100A: appendEntries* reply s9<-s7#57:OK-t1,SUCCESS,nextIndex=21,followerCommit=19,matchIndex=20
2024-09-10 06:19:56,390 DEBUG server.RaftServer$Division (RaftServerImpl.java:submitClientRequestAsync(910)) - s9@group-6D3E3F15100A: receive client request(RaftClientRequest:client-FE8BBA5C6A13->s9@group-6D3E3F15100A, cid=4420, seq=null, RW, Message:01016200)
2024-09-10 06:19:56,390 DEBUG server.RaftServer$Division (LeaderStateImpl.java:addPendingRequest(532)) - s9@group-6D3E3F15100A-LeaderStateImpl: addPendingRequest at RaftClientRequest:client-FE8BBA5C6A13->s9@group-6D3E3F15100A, cid=4420, seq=null, RW, Message:01016200, entry=(t:1, i:21), STATEMACHINELOGENTRY, WRITE: logData.size=4, stateMachineData.size=0, logEntryProtoSerializedSize=0
2024-09-10 06:19:56,390 DEBUG server.RaftServer$Division (RaftServerImpl.java:logAppendEntries(1539)) - s7@group-6D3E3F15100A: appendEntries* s9->s7#60-t1,previous=(t:1, i:20),leaderCommit=20,initializing? false,entries: size=1, first=(t:1, i:21), STATEMACHINELOGENTRY, StateMachineLogEntryProto:4420@client-FE8BBA5C6A13
2024-09-10 06:19:56,390 DEBUG server.RaftServer$Division (RaftServerImpl.java:logAppendEntries(1539)) - s8@group-6D3E3F15100A: appendEntries* s9->s8#50-t1,previous=(t:1, i:20),leaderCommit=20,initializing? false,entries: size=1, first=(t:1, i:21), STATEMACHINELOGENTRY, StateMachineLogEntryProto:4420@client-FE8BBA5C6A13
2024-09-10 06:19:56,391 DEBUG server.RaftServer$Division (RaftServerImpl.java:logAppendEntries(1539)) - s8@group-6D3E3F15100A: appendEntries* reply s9<-s8#50:OK-t1,SUCCESS,nextIndex=22,followerCommit=20,matchIndex=21
2024-09-10 06:19:56,391 INFO  statemachine.StateMachine (ArithmeticStateMachine.java:applyTransaction(181)) - LEADER:s9-21: b = null = null
2024-09-10 06:19:56,391 DEBUG server.RaftServer$Division (RaftServerImpl.java:logAppendEntries(1539)) - s7@group-6D3E3F15100A: appendEntries* reply s9<-s7#60:OK-t1,SUCCESS,nextIndex=22,followerCommit=20,matchIndex=21
2024-09-10 06:19:56,392 DEBUG server.RaftServer$Division (RaftServerImpl.java:logAppendEntries(1539)) - s7@group-6D3E3F15100A: appendEntries* s9->s7#62-t1,previous=(t:1, i:21),leaderCommit=21,initializing? false,entries: size=1, first=(t:1, i:22), METADATAENTRY(c:21)
2024-09-10 06:19:56,392 DEBUG server.RaftServer$Division (RaftServerImpl.java:logAppendEntries(1539)) - s8@group-6D3E3F15100A: appendEntries* s9->s8#51-t1,previous=(t:1, i:21),leaderCommit=21,initializing? false,entries: size=1, first=(t:1, i:22), METADATAENTRY(c:21)
2024-09-10 06:19:56,392 DEBUG server.RaftServer$Division (RaftServerImpl.java:logAppendEntries(1539)) - s8@group-6D3E3F15100A: appendEntries* reply s9<-s8#51:OK-t1,SUCCESS,nextIndex=23,followerCommit=21,matchIndex=22
2024-09-10 06:19:56,393 DEBUG server.RaftServer$Division (RaftServerImpl.java:logAppendEntries(1539)) - s7@group-6D3E3F15100A: appendEntries* reply s9<-s7#62:OK-t1,SUCCESS,nextIndex=23,followerCommit=21,matchIndex=22
2024-09-10 06:19:56,394 DEBUG server.RaftServer$Division (RaftServerImpl.java:submitClientRequestAsync(910)) - s9@group-6D3E3F15100A: receive client request(RaftClientRequest:client-FE8BBA5C6A13->s9@group-6D3E3F15100A, cid=4421, seq=null, RW, Message:01016300)
2024-09-10 06:19:56,394 DEBUG server.RaftServer$Division (LeaderStateImpl.java:addPendingRequest(532)) - s9@group-6D3E3F15100A-LeaderStateImpl: addPendingRequest at RaftClientRequest:client-FE8BBA5C6A13->s9@group-6D3E3F15100A, cid=4421, seq=null, RW, Message:01016300, entry=(t:1, i:23), STATEMACHINELOGENTRY, WRITE: logData.size=4, stateMachineData.size=0, logEntryProtoSerializedSize=0
2024-09-10 06:19:56,395 DEBUG server.RaftServer$Division (RaftServerImpl.java:logAppendEntries(1539)) - s7@group-6D3E3F15100A: appendEntries* s9->s7#67-t1,previous=(t:1, i:22),leaderCommit=22,initializing? false,entries: size=1, first=(t:1, i:23), STATEMACHINELOGENTRY, StateMachineLogEntryProto:4421@client-FE8BBA5C6A13
2024-09-10 06:19:56,395 DEBUG server.RaftServer$Division (RaftServerImpl.java:logAppendEntries(1539)) - s8@group-6D3E3F15100A: appendEntries* s9->s8#55-t1,previous=(t:1, i:22),leaderCommit=22,initializing? false,entries: size=1, first=(t:1, i:23), STATEMACHINELOGENTRY, StateMachineLogEntryProto:4421@client-FE8BBA5C6A13
2024-09-10 06:19:56,395 DEBUG server.RaftServer$Division (RaftServerImpl.java:logAppendEntries(1539)) - s7@group-6D3E3F15100A: appendEntries* reply s9<-s7#67:OK-t1,SUCCESS,nextIndex=24,followerCommit=22,matchIndex=23
2024-09-10 06:19:56,396 INFO  statemachine.StateMachine (ArithmeticStateMachine.java:applyTransaction(181)) - LEADER:s9-23: c = null = null
2024-09-10 06:19:56,396 DEBUG server.RaftServer$Division (RaftServerImpl.java:logAppendEntries(1539)) - s8@group-6D3E3F15100A: appendEntries* reply s9<-s8#55:OK-t1,SUCCESS,nextIndex=24,followerCommit=22,matchIndex=23
2024-09-10 06:19:56,396 DEBUG server.RaftServer$Division (RaftServerImpl.java:logAppendEntries(1539)) - s8@group-6D3E3F15100A: appendEntries* s9->s8#57-t1,previous=(t:1, i:23),leaderCommit=23,initializing? false,entries: size=1, first=(t:1, i:24), METADATAENTRY(c:23)
2024-09-10 06:19:56,397 DEBUG server.RaftServer$Division (RaftServerImpl.java:logAppendEntries(1539)) - s7@group-6D3E3F15100A: appendEntries* s9->s7#69-t1,previous=(t:1, i:23),leaderCommit=23,initializing? false,entries: size=1, first=(t:1, i:24), METADATAENTRY(c:23)
2024-09-10 06:19:56,398 DEBUG server.RaftServer$Division (RaftServerImpl.java:submitClientRequestAsync(910)) - s9@group-6D3E3F15100A: receive client request(RaftClientRequest:client-FE8BBA5C6A13->s9@group-6D3E3F15100A, cid=4422, seq=null, RW, Message:010161024055c0000000...(size=12))
2024-09-10 06:19:56,398 DEBUG server.RaftServer$Division (RaftServerImpl.java:logAppendEntries(1539)) - s7@group-6D3E3F15100A: appendEntries* reply s9<-s7#69:OK-t1,SUCCESS,nextIndex=25,followerCommit=23,matchIndex=24
2024-09-10 06:19:56,398 DEBUG server.RaftServer$Division (LeaderStateImpl.java:addPendingRequest(532)) - s9@group-6D3E3F15100A-LeaderStateImpl: addPendingRequest at RaftClientRequest:client-FE8BBA5C6A13->s9@group-6D3E3F15100A, cid=4422, seq=null, RW, Message:010161024055c0000000...(size=12), entry=(t:1, i:25), STATEMACHINELOGENTRY, WRITE: logData.size=12, stateMachineData.size=0, logEntryProtoSerializedSize=0
2024-09-10 06:19:56,398 DEBUG server.RaftServer$Division (RaftServerImpl.java:logAppendEntries(1539)) - s8@group-6D3E3F15100A: appendEntries* reply s9<-s8#57:OK-t1,SUCCESS,nextIndex=25,followerCommit=23,matchIndex=24
2024-09-10 06:19:56,399 DEBUG server.RaftServer$Division (RaftServerImpl.java:logAppendEntries(1539)) - s7@group-6D3E3F15100A: appendEntries* s9->s7#70-t1,previous=(t:1, i:24),leaderCommit=23,initializing? false,entries: size=1, first=(t:1, i:25), STATEMACHINELOGENTRY, StateMachineLogEntryProto:4422@client-FE8BBA5C6A13
2024-09-10 06:19:56,399 DEBUG server.RaftServer$Division (RaftServerImpl.java:logAppendEntries(1539)) - s8@group-6D3E3F15100A: appendEntries* s9->s8#59-t1,previous=(t:1, i:24),leaderCommit=23,initializing? false,entries: size=1, first=(t:1, i:25), STATEMACHINELOGENTRY, StateMachineLogEntryProto:4422@client-FE8BBA5C6A13
2024-09-10 06:19:56,399 DEBUG server.RaftServer$Division (RaftServerImpl.java:logAppendEntries(1539)) - s7@group-6D3E3F15100A: appendEntries* reply s9<-s7#70:OK-t1,SUCCESS,nextIndex=26,followerCommit=23,matchIndex=25
2024-09-10 06:19:56,400 INFO  statemachine.StateMachine (ArithmeticStateMachine.java:applyTransaction(181)) - LEADER:s9-25: a = 87 = 87
2024-09-10 06:19:56,400 DEBUG server.RaftServer$Division (RaftServerImpl.java:logAppendEntries(1539)) - s8@group-6D3E3F15100A: appendEntries* s9->s8#61-t1,previous=(t:1, i:25),leaderCommit=25,initializing? false,entries: size=1, first=(t:1, i:26), METADATAENTRY(c:25)
2024-09-10 06:19:56,401 DEBUG server.RaftServer$Division (RaftServerImpl.java:logAppendEntries(1539)) - s7@group-6D3E3F15100A: appendEntries* s9->s7#74-t1,previous=(t:1, i:25),leaderCommit=25,initializing? false,entries: size=1, first=(t:1, i:26), METADATAENTRY(c:25)
2024-09-10 06:19:56,401 DEBUG server.RaftServer$Division (RaftServerImpl.java:logAppendEntries(1539)) - s7@group-6D3E3F15100A: appendEntries* reply s9<-s7#74:OK-t1,SUCCESS,nextIndex=27,followerCommit=25,matchIndex=26
2024-09-10 06:19:56,401 DEBUG server.RaftServer$Division (RaftServerImpl.java:logAppendEntries(1539)) - s8@group-6D3E3F15100A: appendEntries* reply s9<-s8#59:OK-t1,SUCCESS,nextIndex=26,followerCommit=23,matchIndex=25
2024-09-10 06:19:56,402 DEBUG server.RaftServer$Division (RaftServerImpl.java:logAppendEntries(1539)) - s8@group-6D3E3F15100A: appendEntries* reply s9<-s8#61:OK-t1,SUCCESS,nextIndex=27,followerCommit=25,matchIndex=26
2024-09-10 06:19:56,402 DEBUG server.RaftServer$Division (RaftServerImpl.java:submitClientRequestAsync(910)) - s9@group-6D3E3F15100A: receive client request(RaftClientRequest:client-FE8BBA5C6A13->s9@group-6D3E3F15100A, cid=4423, seq=null, RW, Message:0101620240ad90000000...(size=12))
2024-09-10 06:19:56,402 DEBUG server.RaftServer$Division (LeaderStateImpl.java:addPendingRequest(532)) - s9@group-6D3E3F15100A-LeaderStateImpl: addPendingRequest at RaftClientRequest:client-FE8BBA5C6A13->s9@group-6D3E3F15100A, cid=4423, seq=null, RW, Message:0101620240ad90000000...(size=12), entry=(t:1, i:27), STATEMACHINELOGENTRY, WRITE: logData.size=12, stateMachineData.size=0, logEntryProtoSerializedSize=0
2024-09-10 06:19:56,402 DEBUG server.RaftServer$Division (RaftServerImpl.java:logAppendEntries(1539)) - s7@group-6D3E3F15100A: appendEntries* s9->s7#76-t1,previous=(t:1, i:26),leaderCommit=26,initializing? false,entries: size=1, first=(t:1, i:27), STATEMACHINELOGENTRY, StateMachineLogEntryProto:4423@client-FE8BBA5C6A13
2024-09-10 06:19:56,403 DEBUG server.RaftServer$Division (RaftServerImpl.java:logAppendEntries(1539)) - s8@group-6D3E3F15100A: appendEntries* s9->s8#64-t1,previous=(t:1, i:26),leaderCommit=26,initializing? false,entries: size=1, first=(t:1, i:27), STATEMACHINELOGENTRY, StateMachineLogEntryProto:4423@client-FE8BBA5C6A13
2024-09-10 06:19:56,403 DEBUG server.RaftServer$Division (RaftServerImpl.java:logAppendEntries(1539)) - s7@group-6D3E3F15100A: appendEntries* reply s9<-s7#76:OK-t1,SUCCESS,nextIndex=28,followerCommit=26,matchIndex=27
2024-09-10 06:19:56,403 INFO  statemachine.StateMachine (ArithmeticStateMachine.java:applyTransaction(181)) - LEADER:s9-27: b = 3784 = 3784
2024-09-10 06:19:56,404 DEBUG server.RaftServer$Division (RaftServerImpl.java:logAppendEntries(1539)) - s8@group-6D3E3F15100A: appendEntries* reply s9<-s8#64:OK-t1,SUCCESS,nextIndex=28,followerCommit=26,matchIndex=27
2024-09-10 06:19:56,404 DEBUG server.RaftServer$Division (RaftServerImpl.java:logAppendEntries(1539)) - s8@group-6D3E3F15100A: appendEntries* s9->s8#66-t1,previous=(t:1, i:27),leaderCommit=27,initializing? false,entries: size=1, first=(t:1, i:28), METADATAENTRY(c:27)
2024-09-10 06:19:56,404 DEBUG server.RaftServer$Division (RaftServerImpl.java:logAppendEntries(1539)) - s8@group-6D3E3F15100A: appendEntries* reply s9<-s8#66:OK-t1,SUCCESS,nextIndex=29,followerCommit=27,matchIndex=28
2024-09-10 06:19:56,404 DEBUG server.RaftServer$Division (RaftServerImpl.java:logAppendEntries(1539)) - s7@group-6D3E3F15100A: appendEntries* s9->s7#77-t1,previous=(t:1, i:27),leaderCommit=27,initializing? false,entries: size=1, first=(t:1, i:28), METADATAENTRY(c:27)
2024-09-10 06:19:56,405 DEBUG server.RaftServer$Division (RaftServerImpl.java:logAppendEntries(1539)) - s7@group-6D3E3F15100A: appendEntries* reply s9<-s7#77:OK-t1,SUCCESS,nextIndex=29,followerCommit=27,matchIndex=28
2024-09-10 06:19:56,406 DEBUG server.RaftServer$Division (RaftServerImpl.java:submitClientRequestAsync(910)) - s9@group-6D3E3F15100A: receive client request(RaftClientRequest:client-FE8BBA5C6A13->s9@group-6D3E3F15100A, cid=4424, seq=null, RW, Message:01016304010300040201...(size=17))
2024-09-10 06:19:56,406 DEBUG server.RaftServer$Division (LeaderStateImpl.java:addPendingRequest(532)) - s9@group-6D3E3F15100A-LeaderStateImpl: addPendingRequest at RaftClientRequest:client-FE8BBA5C6A13->s9@group-6D3E3F15100A, cid=4424, seq=null, RW, Message:01016304010300040201...(size=17), entry=(t:1, i:29), STATEMACHINELOGENTRY, WRITE: logData.size=17, stateMachineData.size=0, logEntryProtoSerializedSize=0
2024-09-10 06:19:56,406 DEBUG server.RaftServer$Division (RaftServerImpl.java:logAppendEntries(1539)) - s7@group-6D3E3F15100A: appendEntries* s9->s7#81-t1,previous=(t:1, i:28),leaderCommit=28,initializing? false,entries: size=1, first=(t:1, i:29), STATEMACHINELOGENTRY, StateMachineLogEntryProto:4424@client-FE8BBA5C6A13
2024-09-10 06:19:56,407 DEBUG server.RaftServer$Division (RaftServerImpl.java:logAppendEntries(1539)) - s8@group-6D3E3F15100A: appendEntries* s9->s8#70-t1,previous=(t:1, i:28),leaderCommit=28,initializing? false,entries: size=1, first=(t:1, i:29), STATEMACHINELOGENTRY, StateMachineLogEntryProto:4424@client-FE8BBA5C6A13
2024-09-10 06:19:56,407 DEBUG server.RaftServer$Division (RaftServerImpl.java:logAppendEntries(1539)) - s7@group-6D3E3F15100A: appendEntries* reply s9<-s7#81:OK-t1,SUCCESS,nextIndex=30,followerCommit=28,matchIndex=29
2024-09-10 06:19:56,407 DEBUG server.RaftServer$Division (RaftServerImpl.java:logAppendEntries(1539)) - s8@group-6D3E3F15100A: appendEntries* reply s9<-s8#70:OK-t1,SUCCESS,nextIndex=30,followerCommit=28,matchIndex=29
2024-09-10 06:19:56,407 INFO  statemachine.StateMachine (ArithmeticStateMachine.java:applyTransaction(181)) - LEADER:s9-29: c = √(a^2 + b^2) = 3785
2024-09-10 06:19:56,408 DEBUG server.RaftServer$Division (RaftServerImpl.java:logAppendEntries(1539)) - s7@group-6D3E3F15100A: appendEntries* s9->s7#82-t1,previous=(t:1, i:29),leaderCommit=29,initializing? false,entries: size=1, first=(t:1, i:30), METADATAENTRY(c:29)
2024-09-10 06:19:56,408 DEBUG server.RaftServer$Division (RaftServerImpl.java:submitClientRequestAsync(910)) - s9@group-6D3E3F15100A: receive client request(RaftClientRequest:client-FE8BBA5C6A13->s9@group-6D3E3F15100A, cid=4425, seq=null, RW, Message:01016100)
2024-09-10 06:19:56,408 DEBUG server.RaftServer$Division (LeaderStateImpl.java:addPendingRequest(532)) - s9@group-6D3E3F15100A-LeaderStateImpl: addPendingRequest at RaftClientRequest:client-FE8BBA5C6A13->s9@group-6D3E3F15100A, cid=4425, seq=null, RW, Message:01016100, entry=(t:1, i:31), STATEMACHINELOGENTRY, WRITE: logData.size=4, stateMachineData.size=0, logEntryProtoSerializedSize=0
2024-09-10 06:19:56,409 DEBUG server.RaftServer$Division (RaftServerImpl.java:logAppendEntries(1539)) - s8@group-6D3E3F15100A: appendEntries* s9->s8#72-t1,previous=(t:1, i:29),leaderCommit=29,initializing? false,entries: size=1, first=(t:1, i:30), METADATAENTRY(c:29)
2024-09-10 06:19:56,409 DEBUG server.RaftServer$Division (RaftServerImpl.java:logAppendEntries(1539)) - s7@group-6D3E3F15100A: appendEntries* reply s9<-s7#82:OK-t1,SUCCESS,nextIndex=31,followerCommit=29,matchIndex=30
2024-09-10 06:19:56,409 DEBUG server.RaftServer$Division (RaftServerImpl.java:logAppendEntries(1539)) - s7@group-6D3E3F15100A: appendEntries* s9->s7#83-t1,previous=(t:1, i:30),leaderCommit=29,initializing? false,entries: size=1, first=(t:1, i:31), STATEMACHINELOGENTRY, StateMachineLogEntryProto:4425@client-FE8BBA5C6A13
2024-09-10 06:19:56,409 DEBUG server.RaftServer$Division (RaftServerImpl.java:logAppendEntries(1539)) - s8@group-6D3E3F15100A: appendEntries* reply s9<-s8#72:OK-t1,SUCCESS,nextIndex=31,followerCommit=29,matchIndex=30
2024-09-10 06:19:56,410 DEBUG server.RaftServer$Division (RaftServerImpl.java:logAppendEntries(1539)) - s7@group-6D3E3F15100A: appendEntries* reply s9<-s7#83:OK-t1,SUCCESS,nextIndex=32,followerCommit=29,matchIndex=31
2024-09-10 06:19:56,410 DEBUG server.RaftServer$Division (RaftServerImpl.java:logAppendEntries(1539)) - s8@group-6D3E3F15100A: appendEntries* s9->s8#73-t1,previous=(t:1, i:30),leaderCommit=29,initializing? false,entries: size=1, first=(t:1, i:31), STATEMACHINELOGENTRY, StateMachineLogEntryProto:4425@client-FE8BBA5C6A13
2024-09-10 06:19:56,410 INFO  statemachine.StateMachine (ArithmeticStateMachine.java:applyTransaction(181)) - LEADER:s9-31: a = null = null
2024-09-10 06:19:56,410 DEBUG server.RaftServer$Division (RaftServerImpl.java:logAppendEntries(1539)) - s7@group-6D3E3F15100A: appendEntries* s9->s7#87-t1,previous=(t:1, i:31),leaderCommit=31,initializing? false,entries: size=1, first=(t:1, i:32), METADATAENTRY(c:31)
2024-09-10 06:19:56,411 DEBUG server.RaftServer$Division (RaftServerImpl.java:logAppendEntries(1539)) - s8@group-6D3E3F15100A: appendEntries* reply s9<-s8#73:OK-t1,SUCCESS,nextIndex=32,followerCommit=29,matchIndex=31
2024-09-10 06:19:56,411 DEBUG server.RaftServer$Division (RaftServerImpl.java:logAppendEntries(1539)) - s7@group-6D3E3F15100A: appendEntries* reply s9<-s7#87:OK-t1,SUCCESS,nextIndex=33,followerCommit=31,matchIndex=32
2024-09-10 06:19:56,412 DEBUG server.RaftServer$Division (RaftServerImpl.java:logAppendEntries(1539)) - s8@group-6D3E3F15100A: appendEntries* s9->s8#74-t1,previous=(t:1, i:31),leaderCommit=31,initializing? false,entries: size=1, first=(t:1, i:32), METADATAENTRY(c:31)
2024-09-10 06:19:56,412 DEBUG server.RaftServer$Division (RaftServerImpl.java:submitClientRequestAsync(910)) - s9@group-6D3E3F15100A: receive client request(RaftClientRequest:client-FE8BBA5C6A13->s9@group-6D3E3F15100A, cid=4426, seq=null, RW, Message:01016200)
2024-09-10 06:19:56,412 DEBUG server.RaftServer$Division (LeaderStateImpl.java:addPendingRequest(532)) - s9@group-6D3E3F15100A-LeaderStateImpl: addPendingRequest at RaftClientRequest:client-FE8BBA5C6A13->s9@group-6D3E3F15100A, cid=4426, seq=null, RW, Message:01016200, entry=(t:1, i:33), STATEMACHINELOGENTRY, WRITE: logData.size=4, stateMachineData.size=0, logEntryProtoSerializedSize=0
2024-09-10 06:19:56,412 DEBUG server.RaftServer$Division (RaftServerImpl.java:logAppendEntries(1539)) - s8@group-6D3E3F15100A: appendEntries* reply s9<-s8#74:OK-t1,SUCCESS,nextIndex=33,followerCommit=31,matchIndex=32
2024-09-10 06:19:56,413 DEBUG server.RaftServer$Division (RaftServerImpl.java:logAppendEntries(1539)) - s7@group-6D3E3F15100A: appendEntries* s9->s7#89-t1,previous=(t:1, i:32),leaderCommit=32,initializing? false,entries: size=1, first=(t:1, i:33), STATEMACHINELOGENTRY, StateMachineLogEntryProto:4426@client-FE8BBA5C6A13
2024-09-10 06:19:56,413 DEBUG server.RaftServer$Division (RaftServerImpl.java:logAppendEntries(1539)) - s7@group-6D3E3F15100A: appendEntries* reply s9<-s7#89:OK-t1,SUCCESS,nextIndex=34,followerCommit=32,matchIndex=33
2024-09-10 06:19:56,414 INFO  statemachine.StateMachine (ArithmeticStateMachine.java:applyTransaction(181)) - LEADER:s9-33: b = null = null
2024-09-10 06:19:56,414 DEBUG server.RaftServer$Division (RaftServerImpl.java:logAppendEntries(1539)) - s8@group-6D3E3F15100A: appendEntries* s9->s8#76-t1,previous=(t:1, i:32),leaderCommit=32,initializing? false,entries: size=1, first=(t:1, i:33), STATEMACHINELOGENTRY, StateMachineLogEntryProto:4426@client-FE8BBA5C6A13
2024-09-10 06:19:56,414 DEBUG server.RaftServer$Division (RaftServerImpl.java:logAppendEntries(1539)) - s7@group-6D3E3F15100A: appendEntries* s9->s7#91-t1,previous=(t:1, i:33),leaderCommit=33,initializing? false,entries: size=1, first=(t:1, i:34), METADATAENTRY(c:33)
2024-09-10 06:19:56,414 DEBUG server.RaftServer$Division (RaftServerImpl.java:logAppendEntries(1539)) - s8@group-6D3E3F15100A: appendEntries* reply s9<-s8#76:OK-t1,SUCCESS,nextIndex=34,followerCommit=32,matchIndex=33
2024-09-10 06:19:56,415 DEBUG server.RaftServer$Division (RaftServerImpl.java:logAppendEntries(1539)) - s7@group-6D3E3F15100A: appendEntries* reply s9<-s7#91:OK-t1,SUCCESS,nextIndex=35,followerCommit=33,matchIndex=34
2024-09-10 06:19:56,415 DEBUG server.RaftServer$Division (RaftServerImpl.java:logAppendEntries(1539)) - s8@group-6D3E3F15100A: appendEntries* s9->s8#77-t1,previous=(t:1, i:33),leaderCommit=33,initializing? false,entries: size=1, first=(t:1, i:34), METADATAENTRY(c:33)
2024-09-10 06:19:56,416 DEBUG server.RaftServer$Division (RaftServerImpl.java:logAppendEntries(1539)) - s8@group-6D3E3F15100A: appendEntries* reply s9<-s8#77:OK-t1,SUCCESS,nextIndex=35,followerCommit=33,matchIndex=34
2024-09-10 06:19:56,416 DEBUG server.RaftServer$Division (RaftServerImpl.java:submitClientRequestAsync(910)) - s9@group-6D3E3F15100A: receive client request(RaftClientRequest:client-FE8BBA5C6A13->s9@group-6D3E3F15100A, cid=4427, seq=null, RW, Message:01016300)
2024-09-10 06:19:56,416 DEBUG server.RaftServer$Division (LeaderStateImpl.java:addPendingRequest(532)) - s9@group-6D3E3F15100A-LeaderStateImpl: addPendingRequest at RaftClientRequest:client-FE8BBA5C6A13->s9@group-6D3E3F15100A, cid=4427, seq=null, RW, Message:01016300, entry=(t:1, i:35), STATEMACHINELOGENTRY, WRITE: logData.size=4, stateMachineData.size=0, logEntryProtoSerializedSize=0
2024-09-10 06:19:56,417 DEBUG server.RaftServer$Division (RaftServerImpl.java:logAppendEntries(1539)) - s8@group-6D3E3F15100A: appendEntries* s9->s8#81-t1,previous=(t:1, i:34),leaderCommit=34,initializing? false,entries: size=1, first=(t:1, i:35), STATEMACHINELOGENTRY, StateMachineLogEntryProto:4427@client-FE8BBA5C6A13
2024-09-10 06:19:56,417 DEBUG server.RaftServer$Division (RaftServerImpl.java:logAppendEntries(1539)) - s7@group-6D3E3F15100A: appendEntries* s9->s7#95-t1,previous=(t:1, i:34),leaderCommit=34,initializing? false,entries: size=1, first=(t:1, i:35), STATEMACHINELOGENTRY, StateMachineLogEntryProto:4427@client-FE8BBA5C6A13
2024-09-10 06:19:56,417 DEBUG server.RaftServer$Division (RaftServerImpl.java:logAppendEntries(1539)) - s8@group-6D3E3F15100A: appendEntries* reply s9<-s8#81:OK-t1,SUCCESS,nextIndex=36,followerCommit=34,matchIndex=35
2024-09-10 06:19:56,417 DEBUG server.RaftServer$Division (RaftServerImpl.java:logAppendEntries(1539)) - s7@group-6D3E3F15100A: appendEntries* reply s9<-s7#95:OK-t1,SUCCESS,nextIndex=36,followerCommit=34,matchIndex=35
2024-09-10 06:19:56,418 INFO  statemachine.StateMachine (ArithmeticStateMachine.java:applyTransaction(181)) - LEADER:s9-35: c = null = null
2024-09-10 06:19:56,418 DEBUG server.RaftServer$Division (RaftServerImpl.java:logAppendEntries(1539)) - s8@group-6D3E3F15100A: appendEntries* s9->s8#82-t1,previous=(t:1, i:35),leaderCommit=35,initializing? false,entries: size=1, first=(t:1, i:36), METADATAENTRY(c:35)
2024-09-10 06:19:56,419 DEBUG server.RaftServer$Division (RaftServerImpl.java:logAppendEntries(1539)) - s7@group-6D3E3F15100A: appendEntries* s9->s7#96-t1,previous=(t:1, i:35),leaderCommit=35,initializing? false,entries: size=1, first=(t:1, i:36), METADATAENTRY(c:35)
2024-09-10 06:19:56,419 DEBUG server.RaftServer$Division (RaftServerImpl.java:logAppendEntries(1539)) - s8@group-6D3E3F15100A: appendEntries* reply s9<-s8#82:OK-t1,SUCCESS,nextIndex=37,followerCommit=35,matchIndex=36
2024-09-10 06:19:56,419 DEBUG server.RaftServer$Division (RaftServerImpl.java:logAppendEntries(1539)) - s7@group-6D3E3F15100A: appendEntries* reply s9<-s7#96:OK-t1,SUCCESS,nextIndex=37,followerCommit=35,matchIndex=36
2024-09-10 06:19:56,420 DEBUG server.RaftServer$Division (RaftServerImpl.java:submitClientRequestAsync(910)) - s9@group-6D3E3F15100A: receive client request(RaftClientRequest:client-FE8BBA5C6A13->s9@group-6D3E3F15100A, cid=4428, seq=null, RW, Message:01016102405640000000...(size=12))
2024-09-10 06:19:56,420 DEBUG server.RaftServer$Division (LeaderStateImpl.java:addPendingRequest(532)) - s9@group-6D3E3F15100A-LeaderStateImpl: addPendingRequest at RaftClientRequest:client-FE8BBA5C6A13->s9@group-6D3E3F15100A, cid=4428, seq=null, RW, Message:01016102405640000000...(size=12), entry=(t:1, i:37), STATEMACHINELOGENTRY, WRITE: logData.size=12, stateMachineData.size=0, logEntryProtoSerializedSize=0
2024-09-10 06:19:56,420 DEBUG server.RaftServer$Division (RaftServerImpl.java:logAppendEntries(1539)) - s8@group-6D3E3F15100A: appendEntries* s9->s8#84-t1,previous=(t:1, i:36),leaderCommit=36,initializing? false,entries: size=1, first=(t:1, i:37), STATEMACHINELOGENTRY, StateMachineLogEntryProto:4428@client-FE8BBA5C6A13
2024-09-10 06:19:56,421 DEBUG server.RaftServer$Division (RaftServerImpl.java:logAppendEntries(1539)) - s7@group-6D3E3F15100A: appendEntries* s9->s7#99-t1,previous=(t:1, i:36),leaderCommit=36,initializing? false,entries: size=1, first=(t:1, i:37), STATEMACHINELOGENTRY, StateMachineLogEntryProto:4428@client-FE8BBA5C6A13
2024-09-10 06:19:56,421 DEBUG server.RaftServer$Division (RaftServerImpl.java:logAppendEntries(1539)) - s8@group-6D3E3F15100A: appendEntries* reply s9<-s8#84:OK-t1,SUCCESS,nextIndex=38,followerCommit=36,matchIndex=37
2024-09-10 06:19:56,421 DEBUG server.RaftServer$Division (RaftServerImpl.java:logAppendEntries(1539)) - s7@group-6D3E3F15100A: appendEntries* reply s9<-s7#99:OK-t1,SUCCESS,nextIndex=38,followerCommit=36,matchIndex=37
2024-09-10 06:19:56,421 INFO  statemachine.StateMachine (ArithmeticStateMachine.java:applyTransaction(181)) - LEADER:s9-37: a = 89 = 89
2024-09-10 06:19:56,422 DEBUG server.RaftServer$Division (RaftServerImpl.java:logAppendEntries(1539)) - s8@group-6D3E3F15100A: appendEntries* s9->s8#86-t1,previous=(t:1, i:37),leaderCommit=37,initializing? false,entries: size=1, first=(t:1, i:38), METADATAENTRY(c:37)
2024-09-10 06:19:56,422 DEBUG server.RaftServer$Division (RaftServerImpl.java:logAppendEntries(1539)) - s7@group-6D3E3F15100A: appendEntries* s9->s7#102-t1,previous=(t:1, i:37),leaderCommit=37,initializing? false,entries: size=1, first=(t:1, i:38), METADATAENTRY(c:37)
2024-09-10 06:19:56,422 DEBUG server.RaftServer$Division (RaftServerImpl.java:logAppendEntries(1539)) - s8@group-6D3E3F15100A: appendEntries* reply s9<-s8#86:OK-t1,SUCCESS,nextIndex=39,followerCommit=37,matchIndex=38
2024-09-10 06:19:56,422 DEBUG server.RaftServer$Division (RaftServerImpl.java:logAppendEntries(1539)) - s7@group-6D3E3F15100A: appendEntries* reply s9<-s7#102:OK-t1,SUCCESS,nextIndex=39,followerCommit=37,matchIndex=38
2024-09-10 06:19:56,423 DEBUG server.RaftServer$Division (RaftServerImpl.java:submitClientRequestAsync(910)) - s9@group-6D3E3F15100A: receive client request(RaftClientRequest:client-FE8BBA5C6A13->s9@group-6D3E3F15100A, cid=4429, seq=null, RW, Message:0101620240aef0000000...(size=12))
2024-09-10 06:19:56,424 DEBUG server.RaftServer$Division (LeaderStateImpl.java:addPendingRequest(532)) - s9@group-6D3E3F15100A-LeaderStateImpl: addPendingRequest at RaftClientRequest:client-FE8BBA5C6A13->s9@group-6D3E3F15100A, cid=4429, seq=null, RW, Message:0101620240aef0000000...(size=12), entry=(t:1, i:39), STATEMACHINELOGENTRY, WRITE: logData.size=12, stateMachineData.size=0, logEntryProtoSerializedSize=0
2024-09-10 06:19:56,424 DEBUG server.RaftServer$Division (RaftServerImpl.java:logAppendEntries(1539)) - s8@group-6D3E3F15100A: appendEntries* s9->s8#90-t1,previous=(t:1, i:38),leaderCommit=38,initializing? false,entries: size=1, first=(t:1, i:39), STATEMACHINELOGENTRY, StateMachineLogEntryProto:4429@client-FE8BBA5C6A13
2024-09-10 06:19:56,424 DEBUG server.RaftServer$Division (RaftServerImpl.java:logAppendEntries(1539)) - s7@group-6D3E3F15100A: appendEntries* s9->s7#106-t1,previous=(t:1, i:38),leaderCommit=38,initializing? false,entries: size=1, first=(t:1, i:39), STATEMACHINELOGENTRY, StateMachineLogEntryProto:4429@client-FE8BBA5C6A13
2024-09-10 06:19:56,425 DEBUG server.RaftServer$Division (RaftServerImpl.java:logAppendEntries(1539)) - s8@group-6D3E3F15100A: appendEntries* reply s9<-s8#90:OK-t1,SUCCESS,nextIndex=40,followerCommit=38,matchIndex=39
2024-09-10 06:19:56,425 DEBUG server.RaftServer$Division (RaftServerImpl.java:logAppendEntries(1539)) - s7@group-6D3E3F15100A: appendEntries* reply s9<-s7#106:OK-t1,SUCCESS,nextIndex=40,followerCommit=38,matchIndex=39
2024-09-10 06:19:56,425 INFO  statemachine.StateMachine (ArithmeticStateMachine.java:applyTransaction(181)) - LEADER:s9-39: b = 3960 = 3960
2024-09-10 06:19:56,426 DEBUG server.RaftServer$Division (RaftServerImpl.java:logAppendEntries(1539)) - s8@group-6D3E3F15100A: appendEntries* s9->s8#91-t1,previous=(t:1, i:39),leaderCommit=39,initializing? false,entries: size=1, first=(t:1, i:40), METADATAENTRY(c:39)
2024-09-10 06:19:56,426 DEBUG server.RaftServer$Division (RaftServerImpl.java:logAppendEntries(1539)) - s8@group-6D3E3F15100A: appendEntries* reply s9<-s8#91:OK-t1,SUCCESS,nextIndex=41,followerCommit=39,matchIndex=40
2024-09-10 06:19:56,427 DEBUG server.RaftServer$Division (RaftServerImpl.java:logAppendEntries(1539)) - s7@group-6D3E3F15100A: appendEntries* s9->s7#108-t1,previous=(t:1, i:39),leaderCommit=39,initializing? false,entries: size=1, first=(t:1, i:40), METADATAENTRY(c:39)
2024-09-10 06:19:56,428 DEBUG server.RaftServer$Division (RaftServerImpl.java:submitClientRequestAsync(910)) - s9@group-6D3E3F15100A: receive client request(RaftClientRequest:client-FE8BBA5C6A13->s9@group-6D3E3F15100A, cid=4430, seq=null, RW, Message:01016304010300040201...(size=17))
2024-09-10 06:19:56,428 DEBUG server.RaftServer$Division (LeaderStateImpl.java:addPendingRequest(532)) - s9@group-6D3E3F15100A-LeaderStateImpl: addPendingRequest at RaftClientRequest:client-FE8BBA5C6A13->s9@group-6D3E3F15100A, cid=4430, seq=null, RW, Message:01016304010300040201...(size=17), entry=(t:1, i:41), STATEMACHINELOGENTRY, WRITE: logData.size=17, stateMachineData.size=0, logEntryProtoSerializedSize=0
2024-09-10 06:19:56,428 DEBUG server.RaftServer$Division (RaftServerImpl.java:logAppendEntries(1539)) - s7@group-6D3E3F15100A: appendEntries* reply s9<-s7#108:OK-t1,SUCCESS,nextIndex=41,followerCommit=39,matchIndex=40
2024-09-10 06:19:56,428 DEBUG server.RaftServer$Division (RaftServerImpl.java:logAppendEntries(1539)) - s8@group-6D3E3F15100A: appendEntries* s9->s8#94-t1,previous=(t:1, i:40),leaderCommit=40,initializing? false,entries: size=1, first=(t:1, i:41), STATEMACHINELOGENTRY, StateMachineLogEntryProto:4430@client-FE8BBA5C6A13
2024-09-10 06:19:56,429 DEBUG server.RaftServer$Division (RaftServerImpl.java:logAppendEntries(1539)) - s7@group-6D3E3F15100A: appendEntries* s9->s7#112-t1,previous=(t:1, i:40),leaderCommit=40,initializing? false,entries: size=1, first=(t:1, i:41), STATEMACHINELOGENTRY, StateMachineLogEntryProto:4430@client-FE8BBA5C6A13
2024-09-10 06:19:56,429 DEBUG server.RaftServer$Division (RaftServerImpl.java:logAppendEntries(1539)) - s8@group-6D3E3F15100A: appendEntries* reply s9<-s8#94:OK-t1,SUCCESS,nextIndex=42,followerCommit=40,matchIndex=41
2024-09-10 06:19:56,429 INFO  statemachine.StateMachine (ArithmeticStateMachine.java:applyTransaction(181)) - LEADER:s9-41: c = √(a^2 + b^2) = 3961
2024-09-10 06:19:56,430 DEBUG server.RaftServer$Division (RaftServerImpl.java:logAppendEntries(1539)) - s8@group-6D3E3F15100A: appendEntries* s9->s8#96-t1,previous=(t:1, i:41),leaderCommit=41,initializing? false,entries: size=1, first=(t:1, i:42), METADATAENTRY(c:41)
2024-09-10 06:19:56,430 DEBUG server.RaftServer$Division (RaftServerImpl.java:logAppendEntries(1539)) - s7@group-6D3E3F15100A: appendEntries* s9->s7#115-t1,previous=(t:1, i:41),leaderCommit=41,initializing? false,entries: size=1, first=(t:1, i:42), METADATAENTRY(c:41)
2024-09-10 06:19:56,430 DEBUG server.RaftServer$Division (RaftServerImpl.java:logAppendEntries(1539)) - s8@group-6D3E3F15100A: appendEntries* reply s9<-s8#96:OK-t1,SUCCESS,nextIndex=43,followerCommit=41,matchIndex=42
2024-09-10 06:19:56,430 DEBUG server.RaftServer$Division (RaftServerImpl.java:logAppendEntries(1539)) - s7@group-6D3E3F15100A: appendEntries* reply s9<-s7#115:OK-t1,SUCCESS,nextIndex=43,followerCommit=41,matchIndex=42
2024-09-10 06:19:56,431 DEBUG server.RaftServer$Division (RaftServerImpl.java:logAppendEntries(1539)) - s7@group-6D3E3F15100A: appendEntries* reply s9<-s7#112:OK-t1,SUCCESS,nextIndex=42,followerCommit=41,matchIndex=41
2024-09-10 06:19:56,431 DEBUG server.RaftServer$Division (RaftServerImpl.java:submitClientRequestAsync(910)) - s9@group-6D3E3F15100A: receive client request(RaftClientRequest:client-FE8BBA5C6A13->s9@group-6D3E3F15100A, cid=4431, seq=null, RW, Message:01016100)
2024-09-10 06:19:56,432 DEBUG server.RaftServer$Division (LeaderStateImpl.java:addPendingRequest(532)) - s9@group-6D3E3F15100A-LeaderStateImpl: addPendingRequest at RaftClientRequest:client-FE8BBA5C6A13->s9@group-6D3E3F15100A, cid=4431, seq=null, RW, Message:01016100, entry=(t:1, i:43), STATEMACHINELOGENTRY, WRITE: logData.size=4, stateMachineData.size=0, logEntryProtoSerializedSize=0
2024-09-10 06:19:56,432 DEBUG server.RaftServer$Division (RaftServerImpl.java:logAppendEntries(1539)) - s8@group-6D3E3F15100A: appendEntries* s9->s8#98-t1,previous=(t:1, i:42),leaderCommit=42,initializing? false,entries: size=1, first=(t:1, i:43), STATEMACHINELOGENTRY, StateMachineLogEntryProto:4431@client-FE8BBA5C6A13
2024-09-10 06:19:56,432 DEBUG server.RaftServer$Division (RaftServerImpl.java:logAppendEntries(1539)) - s7@group-6D3E3F15100A: appendEntries* s9->s7#117-t1,previous=(t:1, i:42),leaderCommit=42,initializing? false,entries: size=1, first=(t:1, i:43), STATEMACHINELOGENTRY, StateMachineLogEntryProto:4431@client-FE8BBA5C6A13
2024-09-10 06:19:56,433 DEBUG server.RaftServer$Division (RaftServerImpl.java:logAppendEntries(1539)) - s8@group-6D3E3F15100A: appendEntries* reply s9<-s8#98:OK-t1,SUCCESS,nextIndex=44,followerCommit=42,matchIndex=43
2024-09-10 06:19:56,433 DEBUG server.RaftServer$Division (RaftServerImpl.java:logAppendEntries(1539)) - s7@group-6D3E3F15100A: appendEntries* reply s9<-s7#117:OK-t1,SUCCESS,nextIndex=44,followerCommit=42,matchIndex=43
2024-09-10 06:19:56,433 INFO  statemachine.StateMachine (ArithmeticStateMachine.java:applyTransaction(181)) - LEADER:s9-43: a = null = null
2024-09-10 06:19:56,434 DEBUG server.RaftServer$Division (RaftServerImpl.java:logAppendEntries(1539)) - s8@group-6D3E3F15100A: appendEntries* s9->s8#99-t1,previous=(t:1, i:43),leaderCommit=43,initializing? false,entries: size=1, first=(t:1, i:44), METADATAENTRY(c:43)
2024-09-10 06:19:56,434 DEBUG server.RaftServer$Division (RaftServerImpl.java:logAppendEntries(1539)) - s7@group-6D3E3F15100A: appendEntries* s9->s7#120-t1,previous=(t:1, i:43),leaderCommit=43,initializing? false,entries: size=1, first=(t:1, i:44), METADATAENTRY(c:43)
2024-09-10 06:19:56,434 DEBUG server.RaftServer$Division (RaftServerImpl.java:logAppendEntries(1539)) - s8@group-6D3E3F15100A: appendEntries* reply s9<-s8#99:OK-t1,SUCCESS,nextIndex=45,followerCommit=43,matchIndex=44
2024-09-10 06:19:56,435 DEBUG server.RaftServer$Division (RaftServerImpl.java:logAppendEntries(1539)) - s7@group-6D3E3F15100A: appendEntries* reply s9<-s7#120:OK-t1,SUCCESS,nextIndex=45,followerCommit=43,matchIndex=44
2024-09-10 06:19:56,435 DEBUG server.RaftServer$Division (RaftServerImpl.java:submitClientRequestAsync(910)) - s9@group-6D3E3F15100A: receive client request(RaftClientRequest:client-FE8BBA5C6A13->s9@group-6D3E3F15100A, cid=4432, seq=null, RW, Message:01016200)
2024-09-10 06:19:56,435 DEBUG server.RaftServer$Division (LeaderStateImpl.java:addPendingRequest(532)) - s9@group-6D3E3F15100A-LeaderStateImpl: addPendingRequest at RaftClientRequest:client-FE8BBA5C6A13->s9@group-6D3E3F15100A, cid=4432, seq=null, RW, Message:01016200, entry=(t:1, i:45), STATEMACHINELOGENTRY, WRITE: logData.size=4, stateMachineData.size=0, logEntryProtoSerializedSize=0
2024-09-10 06:19:56,436 DEBUG server.RaftServer$Division (RaftServerImpl.java:logAppendEntries(1539)) - s8@group-6D3E3F15100A: appendEntries* s9->s8#102-t1,previous=(t:1, i:44),leaderCommit=44,initializing? false,entries: size=1, first=(t:1, i:45), STATEMACHINELOGENTRY, StateMachineLogEntryProto:4432@client-FE8BBA5C6A13
2024-09-10 06:19:56,436 DEBUG server.RaftServer$Division (RaftServerImpl.java:logAppendEntries(1539)) - s7@group-6D3E3F15100A: appendEntries* s9->s7#124-t1,previous=(t:1, i:44),leaderCommit=44,initializing? false,entries: size=1, first=(t:1, i:45), STATEMACHINELOGENTRY, StateMachineLogEntryProto:4432@client-FE8BBA5C6A13
2024-09-10 06:19:56,437 DEBUG server.RaftServer$Division (RaftServerImpl.java:logAppendEntries(1539)) - s8@group-6D3E3F15100A: appendEntries* reply s9<-s8#102:OK-t1,SUCCESS,nextIndex=46,followerCommit=44,matchIndex=45
2024-09-10 06:19:56,437 DEBUG server.RaftServer$Division (RaftServerImpl.java:logAppendEntries(1539)) - s7@group-6D3E3F15100A: appendEntries* reply s9<-s7#124:OK-t1,SUCCESS,nextIndex=46,followerCommit=44,matchIndex=45
2024-09-10 06:19:56,437 INFO  statemachine.StateMachine (ArithmeticStateMachine.java:applyTransaction(181)) - LEADER:s9-45: b = null = null
2024-09-10 06:19:56,438 DEBUG server.RaftServer$Division (RaftServerImpl.java:logAppendEntries(1539)) - s8@group-6D3E3F15100A: appendEntries* s9->s8#104-t1,previous=(t:1, i:45),leaderCommit=45,initializing? false,entries: size=1, first=(t:1, i:46), METADATAENTRY(c:45)
2024-09-10 06:19:56,438 DEBUG server.RaftServer$Division (RaftServerImpl.java:logAppendEntries(1539)) - s8@group-6D3E3F15100A: appendEntries* reply s9<-s8#104:OK-t1,SUCCESS,nextIndex=47,followerCommit=45,matchIndex=46
2024-09-10 06:19:56,438 DEBUG server.RaftServer$Division (RaftServerImpl.java:logAppendEntries(1539)) - s7@group-6D3E3F15100A: appendEntries* s9->s7#127-t1,previous=(t:1, i:45),leaderCommit=45,initializing? false,entries: size=1, first=(t:1, i:46), METADATAENTRY(c:45)
2024-09-10 06:19:56,439 DEBUG server.RaftServer$Division (RaftServerImpl.java:submitClientRequestAsync(910)) - s9@group-6D3E3F15100A: receive client request(RaftClientRequest:client-FE8BBA5C6A13->s9@group-6D3E3F15100A, cid=4433, seq=null, RW, Message:01016300)
2024-09-10 06:19:56,439 DEBUG server.RaftServer$Division (LeaderStateImpl.java:addPendingRequest(532)) - s9@group-6D3E3F15100A-LeaderStateImpl: addPendingRequest at RaftClientRequest:client-FE8BBA5C6A13->s9@group-6D3E3F15100A, cid=4433, seq=null, RW, Message:01016300, entry=(t:1, i:47), STATEMACHINELOGENTRY, WRITE: logData.size=4, stateMachineData.size=0, logEntryProtoSerializedSize=0
2024-09-10 06:19:56,440 DEBUG server.RaftServer$Division (RaftServerImpl.java:logAppendEntries(1539)) - s7@group-6D3E3F15100A: appendEntries* reply s9<-s7#127:OK-t1,SUCCESS,nextIndex=47,followerCommit=45,matchIndex=46
2024-09-10 06:19:56,440 DEBUG server.RaftServer$Division (RaftServerImpl.java:logAppendEntries(1539)) - s8@group-6D3E3F15100A: appendEntries* s9->s8#107-t1,previous=(t:1, i:46),leaderCommit=46,initializing? false,entries: size=1, first=(t:1, i:47), STATEMACHINELOGENTRY, StateMachineLogEntryProto:4433@client-FE8BBA5C6A13
2024-09-10 06:19:56,440 DEBUG server.RaftServer$Division (RaftServerImpl.java:logAppendEntries(1539)) - s7@group-6D3E3F15100A: appendEntries* s9->s7#131-t1,previous=(t:1, i:46),leaderCommit=46,initializing? false,entries: size=1, first=(t:1, i:47), STATEMACHINELOGENTRY, StateMachineLogEntryProto:4433@client-FE8BBA5C6A13
2024-09-10 06:19:56,441 DEBUG server.RaftServer$Division (RaftServerImpl.java:logAppendEntries(1539)) - s8@group-6D3E3F15100A: appendEntries* reply s9<-s8#107:OK-t1,SUCCESS,nextIndex=48,followerCommit=46,matchIndex=47
2024-09-10 06:19:56,441 DEBUG server.RaftServer$Division (RaftServerImpl.java:logAppendEntries(1539)) - s7@group-6D3E3F15100A: appendEntries* reply s9<-s7#131:OK-t1,SUCCESS,nextIndex=48,followerCommit=46,matchIndex=47
2024-09-10 06:19:56,441 INFO  statemachine.StateMachine (ArithmeticStateMachine.java:applyTransaction(181)) - LEADER:s9-47: c = null = null
2024-09-10 06:19:56,441 DEBUG server.RaftServer$Division (RaftServerImpl.java:logAppendEntries(1539)) - s8@group-6D3E3F15100A: appendEntries* s9->s8#109-t1,previous=(t:1, i:47),leaderCommit=47,initializing? false,entries: size=1, first=(t:1, i:48), METADATAENTRY(c:47)
2024-09-10 06:19:56,442 DEBUG server.RaftServer$Division (RaftServerImpl.java:logAppendEntries(1539)) - s7@group-6D3E3F15100A: appendEntries* s9->s7#134-t1,previous=(t:1, i:47),leaderCommit=47,initializing? false,entries: size=1, first=(t:1, i:48), METADATAENTRY(c:47)
2024-09-10 06:19:56,442 DEBUG server.RaftServer$Division (RaftServerImpl.java:logAppendEntries(1539)) - s8@group-6D3E3F15100A: appendEntries* reply s9<-s8#109:OK-t1,SUCCESS,nextIndex=49,followerCommit=47,matchIndex=48
2024-09-10 06:19:56,442 DEBUG server.RaftServer$Division (RaftServerImpl.java:logAppendEntries(1539)) - s7@group-6D3E3F15100A: appendEntries* reply s9<-s7#134:OK-t1,SUCCESS,nextIndex=49,followerCommit=47,matchIndex=48
2024-09-10 06:19:56,443 DEBUG server.RaftServer$Division (RaftServerImpl.java:submitClientRequestAsync(910)) - s9@group-6D3E3F15100A: receive client request(RaftClientRequest:client-FE8BBA5C6A13->s9@group-6D3E3F15100A, cid=4434, seq=null, RW, Message:010161024056c0000000...(size=12))
2024-09-10 06:19:56,443 DEBUG server.RaftServer$Division (LeaderStateImpl.java:addPendingRequest(532)) - s9@group-6D3E3F15100A-LeaderStateImpl: addPendingRequest at RaftClientRequest:client-FE8BBA5C6A13->s9@group-6D3E3F15100A, cid=4434, seq=null, RW, Message:010161024056c0000000...(size=12), entry=(t:1, i:49), STATEMACHINELOGENTRY, WRITE: logData.size=12, stateMachineData.size=0, logEntryProtoSerializedSize=0
2024-09-10 06:19:56,444 DEBUG server.RaftServer$Division (RaftServerImpl.java:logAppendEntries(1539)) - s8@group-6D3E3F15100A: appendEntries* s9->s8#112-t1,previous=(t:1, i:48),leaderCommit=48,initializing? false,entries: size=1, first=(t:1, i:49), STATEMACHINELOGENTRY, StateMachineLogEntryProto:4434@client-FE8BBA5C6A13
2024-09-10 06:19:56,444 DEBUG server.RaftServer$Division (RaftServerImpl.java:logAppendEntries(1539)) - s8@group-6D3E3F15100A: appendEntries* reply s9<-s8#112:OK-t1,SUCCESS,nextIndex=50,followerCommit=48,matchIndex=49
2024-09-10 06:19:56,444 DEBUG server.RaftServer$Division (RaftServerImpl.java:logAppendEntries(1539)) - s7@group-6D3E3F15100A: appendEntries* s9->s7#139-t1,previous=(t:1, i:48),leaderCommit=48,initializing? false,entries: size=1, first=(t:1, i:49), STATEMACHINELOGENTRY, StateMachineLogEntryProto:4434@client-FE8BBA5C6A13
2024-09-10 06:19:56,444 INFO  statemachine.StateMachine (ArithmeticStateMachine.java:applyTransaction(181)) - LEADER:s9-49: a = 91 = 91
2024-09-10 06:19:56,445 DEBUG server.RaftServer$Division (RaftServerImpl.java:logAppendEntries(1539)) - s7@group-6D3E3F15100A: appendEntries* reply s9<-s7#139:OK-t1,SUCCESS,nextIndex=50,followerCommit=48,matchIndex=49
2024-09-10 06:19:56,446 DEBUG server.RaftServer$Division (RaftServerImpl.java:logAppendEntries(1539)) - s7@group-6D3E3F15100A: appendEntries* s9->s7#141-t1,previous=(t:1, i:49),leaderCommit=49,initializing? false,entries: size=1, first=(t:1, i:50), METADATAENTRY(c:49)
2024-09-10 06:19:56,446 DEBUG server.RaftServer$Division (RaftServerImpl.java:logAppendEntries(1539)) - s8@group-6D3E3F15100A: appendEntries* s9->s8#113-t1,previous=(t:1, i:49),leaderCommit=49,initializing? false,entries: size=1, first=(t:1, i:50), METADATAENTRY(c:49)
2024-09-10 06:19:56,446 DEBUG server.RaftServer$Division (RaftServerImpl.java:submitClientRequestAsync(910)) - s9@group-6D3E3F15100A: receive client request(RaftClientRequest:client-FE8BBA5C6A13->s9@group-6D3E3F15100A, cid=4435, seq=null, RW, Message:0101620240b02c000000...(size=12))
2024-09-10 06:19:56,447 DEBUG server.RaftServer$Division (RaftServerImpl.java:logAppendEntries(1539)) - s7@group-6D3E3F15100A: appendEntries* reply s9<-s7#141:OK-t1,SUCCESS,nextIndex=51,followerCommit=49,matchIndex=50
2024-09-10 06:19:56,447 DEBUG server.RaftServer$Division (LeaderStateImpl.java:addPendingRequest(532)) - s9@group-6D3E3F15100A-LeaderStateImpl: addPendingRequest at RaftClientRequest:client-FE8BBA5C6A13->s9@group-6D3E3F15100A, cid=4435, seq=null, RW, Message:0101620240b02c000000...(size=12), entry=(t:1, i:51), STATEMACHINELOGENTRY, WRITE: logData.size=12, stateMachineData.size=0, logEntryProtoSerializedSize=0
2024-09-10 06:19:56,447 DEBUG server.RaftServer$Division (RaftServerImpl.java:logAppendEntries(1539)) - s8@group-6D3E3F15100A: appendEntries* reply s9<-s8#113:OK-t1,SUCCESS,nextIndex=51,followerCommit=49,matchIndex=50
2024-09-10 06:19:56,447 DEBUG server.RaftServer$Division (RaftServerImpl.java:logAppendEntries(1539)) - s7@group-6D3E3F15100A: appendEntries* s9->s7#142-t1,previous=(t:1, i:50),leaderCommit=49,initializing? false,entries: size=1, first=(t:1, i:51), STATEMACHINELOGENTRY, StateMachineLogEntryProto:4435@client-FE8BBA5C6A13
2024-09-10 06:19:56,447 DEBUG server.RaftServer$Division (RaftServerImpl.java:logAppendEntries(1539)) - s8@group-6D3E3F15100A: appendEntries* s9->s8#114-t1,previous=(t:1, i:50),leaderCommit=49,initializing? false,entries: size=1, first=(t:1, i:51), STATEMACHINELOGENTRY, StateMachineLogEntryProto:4435@client-FE8BBA5C6A13
2024-09-10 06:19:56,448 DEBUG server.RaftServer$Division (RaftServerImpl.java:logAppendEntries(1539)) - s8@group-6D3E3F15100A: appendEntries* reply s9<-s8#114:OK-t1,SUCCESS,nextIndex=52,followerCommit=49,matchIndex=51
2024-09-10 06:19:56,448 DEBUG server.RaftServer$Division (RaftServerImpl.java:logAppendEntries(1539)) - s7@group-6D3E3F15100A: appendEntries* reply s9<-s7#142:OK-t1,SUCCESS,nextIndex=52,followerCommit=49,matchIndex=51
2024-09-10 06:19:56,448 INFO  statemachine.StateMachine (ArithmeticStateMachine.java:applyTransaction(181)) - LEADER:s9-51: b = 4140 = 4140
2024-09-10 06:19:56,449 DEBUG server.RaftServer$Division (RaftServerImpl.java:logAppendEntries(1539)) - s7@group-6D3E3F15100A: appendEntries* s9->s7#145-t1,previous=(t:1, i:51),leaderCommit=51,initializing? false,entries: size=1, first=(t:1, i:52), METADATAENTRY(c:51)
2024-09-10 06:19:56,449 DEBUG server.RaftServer$Division (RaftServerImpl.java:logAppendEntries(1539)) - s7@group-6D3E3F15100A: appendEntries* reply s9<-s7#145:OK-t1,SUCCESS,nextIndex=53,followerCommit=51,matchIndex=52
2024-09-10 06:19:56,450 DEBUG server.RaftServer$Division (RaftServerImpl.java:submitClientRequestAsync(910)) - s9@group-6D3E3F15100A: receive client request(RaftClientRequest:client-FE8BBA5C6A13->s9@group-6D3E3F15100A, cid=4436, seq=null, RW, Message:01016304010300040201...(size=17))
2024-09-10 06:19:56,450 DEBUG server.RaftServer$Division (LeaderStateImpl.java:addPendingRequest(532)) - s9@group-6D3E3F15100A-LeaderStateImpl: addPendingRequest at RaftClientRequest:client-FE8BBA5C6A13->s9@group-6D3E3F15100A, cid=4436, seq=null, RW, Message:01016304010300040201...(size=17), entry=(t:1, i:53), STATEMACHINELOGENTRY, WRITE: logData.size=17, stateMachineData.size=0, logEntryProtoSerializedSize=0
2024-09-10 06:19:56,451 DEBUG server.RaftServer$Division (RaftServerImpl.java:logAppendEntries(1539)) - s8@group-6D3E3F15100A: appendEntries* s9->s8#116-t1,previous=(t:1, i:51),leaderCommit=51,initializing? false,entries: size=1, first=(t:1, i:52), METADATAENTRY(c:51)
2024-09-10 06:19:56,451 DEBUG server.RaftServer$Division (RaftServerImpl.java:logAppendEntries(1539)) - s7@group-6D3E3F15100A: appendEntries* s9->s7#147-t1,previous=(t:1, i:52),leaderCommit=52,initializing? false,entries: size=1, first=(t:1, i:53), STATEMACHINELOGENTRY, StateMachineLogEntryProto:4436@client-FE8BBA5C6A13
2024-09-10 06:19:56,451 DEBUG server.RaftServer$Division (RaftServerImpl.java:logAppendEntries(1539)) - s8@group-6D3E3F15100A: appendEntries* reply s9<-s8#116:OK-t1,SUCCESS,nextIndex=53,followerCommit=51,matchIndex=52
2024-09-10 06:19:56,451 DEBUG server.RaftServer$Division (RaftServerImpl.java:logAppendEntries(1539)) - s7@group-6D3E3F15100A: appendEntries* reply s9<-s7#147:OK-t1,SUCCESS,nextIndex=54,followerCommit=52,matchIndex=53
2024-09-10 06:19:56,452 INFO  statemachine.StateMachine (ArithmeticStateMachine.java:applyTransaction(181)) - LEADER:s9-53: c = √(a^2 + b^2) = 4141
2024-09-10 06:19:56,452 DEBUG server.RaftServer$Division (RaftServerImpl.java:logAppendEntries(1539)) - s7@group-6D3E3F15100A: appendEntries* s9->s7#149-t1,previous=(t:1, i:53),leaderCommit=53,initializing? false,entries: size=1, first=(t:1, i:54), METADATAENTRY(c:53)
2024-09-10 06:19:56,452 DEBUG server.RaftServer$Division (RaftServerImpl.java:logAppendEntries(1539)) - s8@group-6D3E3F15100A: appendEntries* s9->s8#118-t1,previous=(t:1, i:52),leaderCommit=52,initializing? false,entries: size=1, first=(t:1, i:53), STATEMACHINELOGENTRY, StateMachineLogEntryProto:4436@client-FE8BBA5C6A13
2024-09-10 06:19:56,452 DEBUG server.RaftServer$Division (RaftServerImpl.java:logAppendEntries(1539)) - s7@group-6D3E3F15100A: appendEntries* reply s9<-s7#149:OK-t1,SUCCESS,nextIndex=55,followerCommit=53,matchIndex=54
2024-09-10 06:19:56,453 DEBUG server.RaftServer$Division (RaftServerImpl.java:logAppendEntries(1539)) - s8@group-6D3E3F15100A: appendEntries* reply s9<-s8#118:OK-t1,SUCCESS,nextIndex=54,followerCommit=52,matchIndex=53
2024-09-10 06:19:56,453 DEBUG server.RaftServer$Division (RaftServerImpl.java:logAppendEntries(1539)) - s8@group-6D3E3F15100A: appendEntries* s9->s8#119-t1,previous=(t:1, i:53),leaderCommit=53,initializing? false,entries: size=1, first=(t:1, i:54), METADATAENTRY(c:53)
2024-09-10 06:19:56,454 DEBUG server.RaftServer$Division (RaftServerImpl.java:logAppendEntries(1539)) - s8@group-6D3E3F15100A: appendEntries* reply s9<-s8#119:OK-t1,SUCCESS,nextIndex=55,followerCommit=53,matchIndex=54
2024-09-10 06:19:56,454 DEBUG server.RaftServer$Division (RaftServerImpl.java:submitClientRequestAsync(910)) - s9@group-6D3E3F15100A: receive client request(RaftClientRequest:client-FE8BBA5C6A13->s9@group-6D3E3F15100A, cid=4437, seq=null, RW, Message:01016100)
2024-09-10 06:19:56,454 DEBUG server.RaftServer$Division (LeaderStateImpl.java:addPendingRequest(532)) - s9@group-6D3E3F15100A-LeaderStateImpl: addPendingRequest at RaftClientRequest:client-FE8BBA5C6A13->s9@group-6D3E3F15100A, cid=4437, seq=null, RW, Message:01016100, entry=(t:1, i:55), STATEMACHINELOGENTRY, WRITE: logData.size=4, stateMachineData.size=0, logEntryProtoSerializedSize=0
2024-09-10 06:19:56,455 DEBUG server.RaftServer$Division (RaftServerImpl.java:logAppendEntries(1539)) - s7@group-6D3E3F15100A: appendEntries* s9->s7#153-t1,previous=(t:1, i:54),leaderCommit=54,initializing? false,entries: size=1, first=(t:1, i:55), STATEMACHINELOGENTRY, StateMachineLogEntryProto:4437@client-FE8BBA5C6A13
2024-09-10 06:19:56,455 DEBUG server.RaftServer$Division (RaftServerImpl.java:logAppendEntries(1539)) - s8@group-6D3E3F15100A: appendEntries* s9->s8#121-t1,previous=(t:1, i:54),leaderCommit=54,initializing? false,entries: size=1, first=(t:1, i:55), STATEMACHINELOGENTRY, StateMachineLogEntryProto:4437@client-FE8BBA5C6A13
2024-09-10 06:19:56,455 DEBUG server.RaftServer$Division (RaftServerImpl.java:logAppendEntries(1539)) - s8@group-6D3E3F15100A: appendEntries* reply s9<-s8#121:OK-t1,SUCCESS,nextIndex=56,followerCommit=54,matchIndex=55
2024-09-10 06:19:56,455 DEBUG server.RaftServer$Division (RaftServerImpl.java:logAppendEntries(1539)) - s7@group-6D3E3F15100A: appendEntries* reply s9<-s7#153:OK-t1,SUCCESS,nextIndex=56,followerCommit=54,matchIndex=55
2024-09-10 06:19:56,456 INFO  statemachine.StateMachine (ArithmeticStateMachine.java:applyTransaction(181)) - LEADER:s9-55: a = null = null
2024-09-10 06:19:56,456 DEBUG server.RaftServer$Division (RaftServerImpl.java:logAppendEntries(1539)) - s7@group-6D3E3F15100A: appendEntries* s9->s7#155-t1,previous=(t:1, i:55),leaderCommit=55,initializing? false,entries: size=1, first=(t:1, i:56), METADATAENTRY(c:55)
2024-09-10 06:19:56,456 DEBUG server.RaftServer$Division (RaftServerImpl.java:logAppendEntries(1539)) - s8@group-6D3E3F15100A: appendEntries* s9->s8#122-t1,previous=(t:1, i:55),leaderCommit=55,initializing? false,entries: size=1, first=(t:1, i:56), METADATAENTRY(c:55)
2024-09-10 06:19:56,457 DEBUG server.RaftServer$Division (RaftServerImpl.java:logAppendEntries(1539)) - s8@group-6D3E3F15100A: appendEntries* reply s9<-s8#122:OK-t1,SUCCESS,nextIndex=57,followerCommit=55,matchIndex=56
2024-09-10 06:19:56,457 DEBUG server.RaftServer$Division (RaftServerImpl.java:logAppendEntries(1539)) - s7@group-6D3E3F15100A: appendEntries* reply s9<-s7#155:OK-t1,SUCCESS,nextIndex=57,followerCommit=55,matchIndex=56
2024-09-10 06:19:56,457 DEBUG server.RaftServer$Division (RaftServerImpl.java:submitClientRequestAsync(910)) - s9@group-6D3E3F15100A: receive client request(RaftClientRequest:client-FE8BBA5C6A13->s9@group-6D3E3F15100A, cid=4438, seq=null, RW, Message:01016200)
2024-09-10 06:19:56,458 DEBUG server.RaftServer$Division (LeaderStateImpl.java:addPendingRequest(532)) - s9@group-6D3E3F15100A-LeaderStateImpl: addPendingRequest at RaftClientRequest:client-FE8BBA5C6A13->s9@group-6D3E3F15100A, cid=4438, seq=null, RW, Message:01016200, entry=(t:1, i:57), STATEMACHINELOGENTRY, WRITE: logData.size=4, stateMachineData.size=0, logEntryProtoSerializedSize=0
2024-09-10 06:19:56,458 DEBUG server.RaftServer$Division (RaftServerImpl.java:logAppendEntries(1539)) - s7@group-6D3E3F15100A: appendEntries* s9->s7#159-t1,previous=(t:1, i:56),leaderCommit=56,initializing? false,entries: size=1, first=(t:1, i:57), STATEMACHINELOGENTRY, StateMachineLogEntryProto:4438@client-FE8BBA5C6A13
2024-09-10 06:19:56,459 DEBUG server.RaftServer$Division (RaftServerImpl.java:logAppendEntries(1539)) - s8@group-6D3E3F15100A: appendEntries* s9->s8#125-t1,previous=(t:1, i:56),leaderCommit=56,initializing? false,entries: size=1, first=(t:1, i:57), STATEMACHINELOGENTRY, StateMachineLogEntryProto:4438@client-FE8BBA5C6A13
2024-09-10 06:19:56,459 DEBUG server.RaftServer$Division (RaftServerImpl.java:logAppendEntries(1539)) - s8@group-6D3E3F15100A: appendEntries* reply s9<-s8#125:OK-t1,SUCCESS,nextIndex=58,followerCommit=56,matchIndex=57
2024-09-10 06:19:56,459 DEBUG server.RaftServer$Division (RaftServerImpl.java:logAppendEntries(1539)) - s7@group-6D3E3F15100A: appendEntries* reply s9<-s7#159:OK-t1,SUCCESS,nextIndex=58,followerCommit=56,matchIndex=57
2024-09-10 06:19:56,460 INFO  statemachine.StateMachine (ArithmeticStateMachine.java:applyTransaction(181)) - LEADER:s9-57: b = null = null
2024-09-10 06:19:56,460 DEBUG server.RaftServer$Division (RaftServerImpl.java:logAppendEntries(1539)) - s7@group-6D3E3F15100A: appendEntries* s9->s7#161-t1,previous=(t:1, i:57),leaderCommit=57,initializing? false,entries: size=1, first=(t:1, i:58), METADATAENTRY(c:57)
2024-09-10 06:19:56,461 DEBUG server.RaftServer$Division (RaftServerImpl.java:logAppendEntries(1539)) - s8@group-6D3E3F15100A: appendEntries* s9->s8#126-t1,previous=(t:1, i:57),leaderCommit=57,initializing? false,entries: size=1, first=(t:1, i:58), METADATAENTRY(c:57)
2024-09-10 06:19:56,461 DEBUG server.RaftServer$Division (RaftServerImpl.java:logAppendEntries(1539)) - s8@group-6D3E3F15100A: appendEntries* reply s9<-s8#126:OK-t1,SUCCESS,nextIndex=59,followerCommit=57,matchIndex=58
2024-09-10 06:19:56,461 DEBUG server.RaftServer$Division (RaftServerImpl.java:logAppendEntries(1539)) - s7@group-6D3E3F15100A: appendEntries* reply s9<-s7#161:OK-t1,SUCCESS,nextIndex=59,followerCommit=57,matchIndex=58
2024-09-10 06:19:56,463 DEBUG server.RaftServer$Division (RaftServerImpl.java:submitClientRequestAsync(910)) - s9@group-6D3E3F15100A: receive client request(RaftClientRequest:client-FE8BBA5C6A13->s9@group-6D3E3F15100A, cid=4439, seq=null, RW, Message:01016300)
2024-09-10 06:19:56,463 DEBUG server.RaftServer$Division (LeaderStateImpl.java:addPendingRequest(532)) - s9@group-6D3E3F15100A-LeaderStateImpl: addPendingRequest at RaftClientRequest:client-FE8BBA5C6A13->s9@group-6D3E3F15100A, cid=4439, seq=null, RW, Message:01016300, entry=(t:1, i:59), STATEMACHINELOGENTRY, WRITE: logData.size=4, stateMachineData.size=0, logEntryProtoSerializedSize=0
2024-09-10 06:19:56,464 DEBUG server.RaftServer$Division (RaftServerImpl.java:logAppendEntries(1539)) - s7@group-6D3E3F15100A: appendEntries* s9->s7#165-t1,previous=(t:1, i:58),leaderCommit=58,initializing? false,entries: size=1, first=(t:1, i:59), STATEMACHINELOGENTRY, StateMachineLogEntryProto:4439@client-FE8BBA5C6A13
2024-09-10 06:19:56,464 DEBUG server.RaftServer$Division (RaftServerImpl.java:logAppendEntries(1539)) - s8@group-6D3E3F15100A: appendEntries* s9->s8#128-t1,previous=(t:1, i:58),leaderCommit=58,initializing? false,entries: size=1, first=(t:1, i:59), STATEMACHINELOGENTRY, StateMachineLogEntryProto:4439@client-FE8BBA5C6A13
2024-09-10 06:19:56,464 DEBUG server.RaftServer$Division (RaftServerImpl.java:logAppendEntries(1539)) - s8@group-6D3E3F15100A: appendEntries* reply s9<-s8#128:OK-t1,SUCCESS,nextIndex=60,followerCommit=58,matchIndex=59
2024-09-10 06:19:56,464 DEBUG server.RaftServer$Division (RaftServerImpl.java:logAppendEntries(1539)) - s7@group-6D3E3F15100A: appendEntries* reply s9<-s7#165:OK-t1,SUCCESS,nextIndex=60,followerCommit=58,matchIndex=59
2024-09-10 06:19:56,465 INFO  statemachine.StateMachine (ArithmeticStateMachine.java:applyTransaction(181)) - LEADER:s9-59: c = null = null
2024-09-10 06:19:56,465 DEBUG server.RaftServer$Division (RaftServerImpl.java:logAppendEntries(1539)) - s7@group-6D3E3F15100A: appendEntries* s9->s7#166-t1,previous=(t:1, i:59),leaderCommit=59,initializing? false,entries: size=1, first=(t:1, i:60), METADATAENTRY(c:59)
2024-09-10 06:19:56,465 DEBUG server.RaftServer$Division (RaftServerImpl.java:logAppendEntries(1539)) - s8@group-6D3E3F15100A: appendEntries* s9->s8#130-t1,previous=(t:1, i:59),leaderCommit=59,initializing? false,entries: size=1, first=(t:1, i:60), METADATAENTRY(c:59)
2024-09-10 06:19:56,466 DEBUG server.RaftServer$Division (RaftServerImpl.java:logAppendEntries(1539)) - s7@group-6D3E3F15100A: appendEntries* reply s9<-s7#166:OK-t1,SUCCESS,nextIndex=61,followerCommit=59,matchIndex=60
2024-09-10 06:19:56,466 DEBUG server.RaftServer$Division (RaftServerImpl.java:logAppendEntries(1539)) - s8@group-6D3E3F15100A: appendEntries* reply s9<-s8#130:OK-t1,SUCCESS,nextIndex=61,followerCommit=59,matchIndex=60
2024-09-10 06:19:56,467 DEBUG server.RaftServer$Division (RaftServerImpl.java:submitClientRequestAsync(910)) - s9@group-6D3E3F15100A: receive client request(RaftClientRequest:client-FE8BBA5C6A13->s9@group-6D3E3F15100A, cid=4440, seq=null, RW, Message:01016102405740000000...(size=12))
2024-09-10 06:19:56,467 DEBUG server.RaftServer$Division (LeaderStateImpl.java:addPendingRequest(532)) - s9@group-6D3E3F15100A-LeaderStateImpl: addPendingRequest at RaftClientRequest:client-FE8BBA5C6A13->s9@group-6D3E3F15100A, cid=4440, seq=null, RW, Message:01016102405740000000...(size=12), entry=(t:1, i:61), STATEMACHINELOGENTRY, WRITE: logData.size=12, stateMachineData.size=0, logEntryProtoSerializedSize=0
2024-09-10 06:19:56,468 DEBUG server.RaftServer$Division (RaftServerImpl.java:logAppendEntries(1539)) - s8@group-6D3E3F15100A: appendEntries* s9->s8#134-t1,previous=(t:1, i:60),leaderCommit=60,initializing? false,entries: size=1, first=(t:1, i:61), STATEMACHINELOGENTRY, StateMachineLogEntryProto:4440@client-FE8BBA5C6A13
2024-09-10 06:19:56,468 DEBUG server.RaftServer$Division (RaftServerImpl.java:logAppendEntries(1539)) - s7@group-6D3E3F15100A: appendEntries* s9->s7#169-t1,previous=(t:1, i:60),leaderCommit=60,initializing? false,entries: size=1, first=(t:1, i:61), STATEMACHINELOGENTRY, StateMachineLogEntryProto:4440@client-FE8BBA5C6A13
2024-09-10 06:19:56,469 DEBUG server.RaftServer$Division (RaftServerImpl.java:logAppendEntries(1539)) - s8@group-6D3E3F15100A: appendEntries* reply s9<-s8#134:OK-t1,SUCCESS,nextIndex=62,followerCommit=60,matchIndex=61
2024-09-10 06:19:56,469 DEBUG server.RaftServer$Division (RaftServerImpl.java:logAppendEntries(1539)) - s7@group-6D3E3F15100A: appendEntries* reply s9<-s7#169:OK-t1,SUCCESS,nextIndex=62,followerCommit=60,matchIndex=61
2024-09-10 06:19:56,469 INFO  statemachine.StateMachine (ArithmeticStateMachine.java:applyTransaction(181)) - LEADER:s9-61: a = 93 = 93
2024-09-10 06:19:56,470 DEBUG server.RaftServer$Division (RaftServerImpl.java:logAppendEntries(1539)) - s8@group-6D3E3F15100A: appendEntries* s9->s8#135-t1,previous=(t:1, i:61),leaderCommit=61,initializing? false,entries: size=1, first=(t:1, i:62), METADATAENTRY(c:61)
2024-09-10 06:19:56,470 DEBUG server.RaftServer$Division (RaftServerImpl.java:logAppendEntries(1539)) - s7@group-6D3E3F15100A: appendEntries* s9->s7#170-t1,previous=(t:1, i:61),leaderCommit=61,initializing? false,entries: size=1, first=(t:1, i:62), METADATAENTRY(c:61)
2024-09-10 06:19:56,470 DEBUG server.RaftServer$Division (RaftServerImpl.java:logAppendEntries(1539)) - s8@group-6D3E3F15100A: appendEntries* reply s9<-s8#135:OK-t1,SUCCESS,nextIndex=63,followerCommit=61,matchIndex=62
2024-09-10 06:19:56,471 DEBUG server.RaftServer$Division (RaftServerImpl.java:logAppendEntries(1539)) - s7@group-6D3E3F15100A: appendEntries* reply s9<-s7#170:OK-t1,SUCCESS,nextIndex=63,followerCommit=61,matchIndex=62
2024-09-10 06:19:56,471 DEBUG server.RaftServer$Division (RaftServerImpl.java:submitClientRequestAsync(910)) - s9@group-6D3E3F15100A: receive client request(RaftClientRequest:client-FE8BBA5C6A13->s9@group-6D3E3F15100A, cid=4441, seq=null, RW, Message:0101620240b0e4000000...(size=12))
2024-09-10 06:19:56,472 DEBUG server.RaftServer$Division (LeaderStateImpl.java:addPendingRequest(532)) - s9@group-6D3E3F15100A-LeaderStateImpl: addPendingRequest at RaftClientRequest:client-FE8BBA5C6A13->s9@group-6D3E3F15100A, cid=4441, seq=null, RW, Message:0101620240b0e4000000...(size=12), entry=(t:1, i:63), STATEMACHINELOGENTRY, WRITE: logData.size=12, stateMachineData.size=0, logEntryProtoSerializedSize=0
2024-09-10 06:19:56,472 DEBUG server.RaftServer$Division (RaftServerImpl.java:logAppendEntries(1539)) - s7@group-6D3E3F15100A: appendEntries* s9->s7#174-t1,previous=(t:1, i:62),leaderCommit=62,initializing? false,entries: size=1, first=(t:1, i:63), STATEMACHINELOGENTRY, StateMachineLogEntryProto:4441@client-FE8BBA5C6A13
2024-09-10 06:19:56,473 DEBUG server.RaftServer$Division (RaftServerImpl.java:logAppendEntries(1539)) - s8@group-6D3E3F15100A: appendEntries* s9->s8#139-t1,previous=(t:1, i:62),leaderCommit=62,initializing? false,entries: size=1, first=(t:1, i:63), STATEMACHINELOGENTRY, StateMachineLogEntryProto:4441@client-FE8BBA5C6A13
2024-09-10 06:19:56,473 DEBUG server.RaftServer$Division (RaftServerImpl.java:logAppendEntries(1539)) - s7@group-6D3E3F15100A: appendEntries* reply s9<-s7#174:OK-t1,SUCCESS,nextIndex=64,followerCommit=62,matchIndex=63
2024-09-10 06:19:56,473 INFO  statemachine.StateMachine (ArithmeticStateMachine.java:applyTransaction(181)) - LEADER:s9-63: b = 4324 = 4324
2024-09-10 06:19:56,473 DEBUG server.RaftServer$Division (RaftServerImpl.java:logAppendEntries(1539)) - s8@group-6D3E3F15100A: appendEntries* reply s9<-s8#139:OK-t1,SUCCESS,nextIndex=64,followerCommit=62,matchIndex=63
2024-09-10 06:19:56,474 DEBUG server.RaftServer$Division (RaftServerImpl.java:logAppendEntries(1539)) - s7@group-6D3E3F15100A: appendEntries* s9->s7#175-t1,previous=(t:1, i:63),leaderCommit=63,initializing? false,entries: size=1, first=(t:1, i:64), METADATAENTRY(c:63)
2024-09-10 06:19:56,474 DEBUG server.RaftServer$Division (RaftServerImpl.java:logAppendEntries(1539)) - s7@group-6D3E3F15100A: appendEntries* reply s9<-s7#175:OK-t1,SUCCESS,nextIndex=65,followerCommit=63,matchIndex=64
2024-09-10 06:19:56,475 DEBUG server.RaftServer$Division (RaftServerImpl.java:logAppendEntries(1539)) - s8@group-6D3E3F15100A: appendEntries* s9->s8#141-t1,previous=(t:1, i:63),leaderCommit=63,initializing? false,entries: size=1, first=(t:1, i:64), METADATAENTRY(c:63)
2024-09-10 06:19:56,475 DEBUG server.RaftServer$Division (RaftServerImpl.java:logAppendEntries(1539)) - s8@group-6D3E3F15100A: appendEntries* reply s9<-s8#141:OK-t1,SUCCESS,nextIndex=65,followerCommit=63,matchIndex=64
2024-09-10 06:19:56,476 DEBUG server.RaftServer$Division (RaftServerImpl.java:submitClientRequestAsync(910)) - s9@group-6D3E3F15100A: receive client request(RaftClientRequest:client-FE8BBA5C6A13->s9@group-6D3E3F15100A, cid=4442, seq=null, RW, Message:01016304010300040201...(size=17))
2024-09-10 06:19:56,476 DEBUG server.RaftServer$Division (LeaderStateImpl.java:addPendingRequest(532)) - s9@group-6D3E3F15100A-LeaderStateImpl: addPendingRequest at RaftClientRequest:client-FE8BBA5C6A13->s9@group-6D3E3F15100A, cid=4442, seq=null, RW, Message:01016304010300040201...(size=17), entry=(t:1, i:65), STATEMACHINELOGENTRY, WRITE: logData.size=17, stateMachineData.size=0, logEntryProtoSerializedSize=0
2024-09-10 06:19:56,477 DEBUG server.RaftServer$Division (RaftServerImpl.java:logAppendEntries(1539)) - s8@group-6D3E3F15100A: appendEntries* s9->s8#143-t1,previous=(t:1, i:64),leaderCommit=64,initializing? false,entries: size=1, first=(t:1, i:65), STATEMACHINELOGENTRY, StateMachineLogEntryProto:4442@client-FE8BBA5C6A13
2024-09-10 06:19:56,477 DEBUG server.RaftServer$Division (RaftServerImpl.java:logAppendEntries(1539)) - s7@group-6D3E3F15100A: appendEntries* s9->s7#179-t1,previous=(t:1, i:64),leaderCommit=64,initializing? false,entries: size=1, first=(t:1, i:65), STATEMACHINELOGENTRY, StateMachineLogEntryProto:4442@client-FE8BBA5C6A13
2024-09-10 06:19:56,477 DEBUG server.RaftServer$Division (RaftServerImpl.java:logAppendEntries(1539)) - s8@group-6D3E3F15100A: appendEntries* reply s9<-s8#143:OK-t1,SUCCESS,nextIndex=66,followerCommit=64,matchIndex=65
2024-09-10 06:19:56,477 DEBUG server.RaftServer$Division (RaftServerImpl.java:logAppendEntries(1539)) - s7@group-6D3E3F15100A: appendEntries* reply s9<-s7#179:OK-t1,SUCCESS,nextIndex=66,followerCommit=64,matchIndex=65
2024-09-10 06:19:56,478 INFO  statemachine.StateMachine (ArithmeticStateMachine.java:applyTransaction(181)) - LEADER:s9-65: c = √(a^2 + b^2) = 4325
2024-09-10 06:19:56,478 DEBUG server.RaftServer$Division (RaftServerImpl.java:logAppendEntries(1539)) - s8@group-6D3E3F15100A: appendEntries* s9->s8#144-t1,previous=(t:1, i:65),leaderCommit=65,initializing? false,entries: size=1, first=(t:1, i:66), METADATAENTRY(c:65)
2024-09-10 06:19:56,478 DEBUG server.RaftServer$Division (RaftServerImpl.java:logAppendEntries(1539)) - s8@group-6D3E3F15100A: appendEntries* reply s9<-s8#144:OK-t1,SUCCESS,nextIndex=67,followerCommit=65,matchIndex=66
2024-09-10 06:19:56,478 DEBUG server.RaftServer$Division (RaftServerImpl.java:logAppendEntries(1539)) - s7@group-6D3E3F15100A: appendEntries* s9->s7#181-t1,previous=(t:1, i:65),leaderCommit=65,initializing? false,entries: size=1, first=(t:1, i:66), METADATAENTRY(c:65)
2024-09-10 06:19:56,479 DEBUG server.RaftServer$Division (RaftServerImpl.java:logAppendEntries(1539)) - s7@group-6D3E3F15100A: appendEntries* reply s9<-s7#181:OK-t1,SUCCESS,nextIndex=67,followerCommit=65,matchIndex=66
2024-09-10 06:19:56,480 DEBUG server.RaftServer$Division (RaftServerImpl.java:submitClientRequestAsync(910)) - s9@group-6D3E3F15100A: receive client request(RaftClientRequest:client-FE8BBA5C6A13->s9@group-6D3E3F15100A, cid=4443, seq=null, RW, Message:01016100)
2024-09-10 06:19:56,481 DEBUG server.RaftServer$Division (LeaderStateImpl.java:addPendingRequest(532)) - s9@group-6D3E3F15100A-LeaderStateImpl: addPendingRequest at RaftClientRequest:client-FE8BBA5C6A13->s9@group-6D3E3F15100A, cid=4443, seq=null, RW, Message:01016100, entry=(t:1, i:67), STATEMACHINELOGENTRY, WRITE: logData.size=4, stateMachineData.size=0, logEntryProtoSerializedSize=0
2024-09-10 06:19:56,481 DEBUG server.RaftServer$Division (RaftServerImpl.java:logAppendEntries(1539)) - s8@group-6D3E3F15100A: appendEntries* s9->s8#148-t1,previous=(t:1, i:66),leaderCommit=66,initializing? false,entries: size=1, first=(t:1, i:67), STATEMACHINELOGENTRY, StateMachineLogEntryProto:4443@client-FE8BBA5C6A13
2024-09-10 06:19:56,481 DEBUG server.RaftServer$Division (RaftServerImpl.java:logAppendEntries(1539)) - s7@group-6D3E3F15100A: appendEntries* s9->s7#185-t1,previous=(t:1, i:66),leaderCommit=66,initializing? false,entries: size=1, first=(t:1, i:67), STATEMACHINELOGENTRY, StateMachineLogEntryProto:4443@client-FE8BBA5C6A13
2024-09-10 06:19:56,482 DEBUG server.RaftServer$Division (RaftServerImpl.java:logAppendEntries(1539)) - s8@group-6D3E3F15100A: appendEntries* reply s9<-s8#148:OK-t1,SUCCESS,nextIndex=68,followerCommit=66,matchIndex=67
2024-09-10 06:19:56,482 DEBUG server.RaftServer$Division (RaftServerImpl.java:logAppendEntries(1539)) - s7@group-6D3E3F15100A: appendEntries* reply s9<-s7#185:OK-t1,SUCCESS,nextIndex=68,followerCommit=66,matchIndex=67
2024-09-10 06:19:56,482 INFO  statemachine.StateMachine (ArithmeticStateMachine.java:applyTransaction(181)) - LEADER:s9-67: a = null = null
2024-09-10 06:19:56,483 DEBUG server.RaftServer$Division (RaftServerImpl.java:logAppendEntries(1539)) - s8@group-6D3E3F15100A: appendEntries* s9->s8#149-t1,previous=(t:1, i:67),leaderCommit=67,initializing? false,entries: size=1, first=(t:1, i:68), METADATAENTRY(c:67)
2024-09-10 06:19:56,483 DEBUG server.RaftServer$Division (RaftServerImpl.java:logAppendEntries(1539)) - s7@group-6D3E3F15100A: appendEntries* s9->s7#186-t1,previous=(t:1, i:67),leaderCommit=67,initializing? false,entries: size=1, first=(t:1, i:68), METADATAENTRY(c:67)
2024-09-10 06:19:56,483 DEBUG server.RaftServer$Division (RaftServerImpl.java:logAppendEntries(1539)) - s8@group-6D3E3F15100A: appendEntries* reply s9<-s8#149:OK-t1,SUCCESS,nextIndex=69,followerCommit=67,matchIndex=68
2024-09-10 06:19:56,483 DEBUG server.RaftServer$Division (RaftServerImpl.java:logAppendEntries(1539)) - s7@group-6D3E3F15100A: appendEntries* reply s9<-s7#186:OK-t1,SUCCESS,nextIndex=69,followerCommit=67,matchIndex=68
2024-09-10 06:19:56,485 DEBUG server.RaftServer$Division (RaftServerImpl.java:submitClientRequestAsync(910)) - s9@group-6D3E3F15100A: receive client request(RaftClientRequest:client-FE8BBA5C6A13->s9@group-6D3E3F15100A, cid=4444, seq=null, RW, Message:01016200)
2024-09-10 06:19:56,485 DEBUG server.RaftServer$Division (LeaderStateImpl.java:addPendingRequest(532)) - s9@group-6D3E3F15100A-LeaderStateImpl: addPendingRequest at RaftClientRequest:client-FE8BBA5C6A13->s9@group-6D3E3F15100A, cid=4444, seq=null, RW, Message:01016200, entry=(t:1, i:69), STATEMACHINELOGENTRY, WRITE: logData.size=4, stateMachineData.size=0, logEntryProtoSerializedSize=0
2024-09-10 06:19:56,486 DEBUG server.RaftServer$Division (RaftServerImpl.java:logAppendEntries(1539)) - s8@group-6D3E3F15100A: appendEntries* s9->s8#152-t1,previous=(t:1, i:68),leaderCommit=68,initializing? false,entries: size=1, first=(t:1, i:69), STATEMACHINELOGENTRY, StateMachineLogEntryProto:4444@client-FE8BBA5C6A13
2024-09-10 06:19:56,486 DEBUG server.RaftServer$Division (RaftServerImpl.java:logAppendEntries(1539)) - s7@group-6D3E3F15100A: appendEntries* s9->s7#189-t1,previous=(t:1, i:68),leaderCommit=68,initializing? false,entries: size=1, first=(t:1, i:69), STATEMACHINELOGENTRY, StateMachineLogEntryProto:4444@client-FE8BBA5C6A13
2024-09-10 06:19:56,486 DEBUG server.RaftServer$Division (RaftServerImpl.java:logAppendEntries(1539)) - s8@group-6D3E3F15100A: appendEntries* reply s9<-s8#152:OK-t1,SUCCESS,nextIndex=70,followerCommit=68,matchIndex=69
2024-09-10 06:19:56,486 DEBUG server.RaftServer$Division (RaftServerImpl.java:logAppendEntries(1539)) - s7@group-6D3E3F15100A: appendEntries* reply s9<-s7#189:OK-t1,SUCCESS,nextIndex=70,followerCommit=68,matchIndex=69
2024-09-10 06:19:56,487 INFO  statemachine.StateMachine (ArithmeticStateMachine.java:applyTransaction(181)) - LEADER:s9-69: b = null = null
2024-09-10 06:19:56,487 DEBUG server.RaftServer$Division (RaftServerImpl.java:logAppendEntries(1539)) - s8@group-6D3E3F15100A: appendEntries* s9->s8#153-t1,previous=(t:1, i:69),leaderCommit=69,initializing? false,entries: size=1, first=(t:1, i:70), METADATAENTRY(c:69)
2024-09-10 06:19:56,487 DEBUG server.RaftServer$Division (RaftServerImpl.java:logAppendEntries(1539)) - s7@group-6D3E3F15100A: appendEntries* s9->s7#191-t1,previous=(t:1, i:69),leaderCommit=69,initializing? false,entries: size=1, first=(t:1, i:70), METADATAENTRY(c:69)
2024-09-10 06:19:56,487 DEBUG server.RaftServer$Division (RaftServerImpl.java:logAppendEntries(1539)) - s8@group-6D3E3F15100A: appendEntries* reply s9<-s8#153:OK-t1,SUCCESS,nextIndex=71,followerCommit=69,matchIndex=70
2024-09-10 06:19:56,488 DEBUG server.RaftServer$Division (RaftServerImpl.java:logAppendEntries(1539)) - s7@group-6D3E3F15100A: appendEntries* reply s9<-s7#191:OK-t1,SUCCESS,nextIndex=71,followerCommit=69,matchIndex=70
2024-09-10 06:19:56,489 DEBUG server.RaftServer$Division (RaftServerImpl.java:submitClientRequestAsync(910)) - s9@group-6D3E3F15100A: receive client request(RaftClientRequest:client-FE8BBA5C6A13->s9@group-6D3E3F15100A, cid=4445, seq=null, RW, Message:01016300)
2024-09-10 06:19:56,490 DEBUG server.RaftServer$Division (LeaderStateImpl.java:addPendingRequest(532)) - s9@group-6D3E3F15100A-LeaderStateImpl: addPendingRequest at RaftClientRequest:client-FE8BBA5C6A13->s9@group-6D3E3F15100A, cid=4445, seq=null, RW, Message:01016300, entry=(t:1, i:71), STATEMACHINELOGENTRY, WRITE: logData.size=4, stateMachineData.size=0, logEntryProtoSerializedSize=0
2024-09-10 06:19:56,490 DEBUG server.RaftServer$Division (RaftServerImpl.java:logAppendEntries(1539)) - s7@group-6D3E3F15100A: appendEntries* s9->s7#194-t1,previous=(t:1, i:70),leaderCommit=70,initializing? false,entries: size=1, first=(t:1, i:71), STATEMACHINELOGENTRY, StateMachineLogEntryProto:4445@client-FE8BBA5C6A13
2024-09-10 06:19:56,490 DEBUG server.RaftServer$Division (RaftServerImpl.java:logAppendEntries(1539)) - s8@group-6D3E3F15100A: appendEntries* s9->s8#156-t1,previous=(t:1, i:70),leaderCommit=70,initializing? false,entries: size=1, first=(t:1, i:71), STATEMACHINELOGENTRY, StateMachineLogEntryProto:4445@client-FE8BBA5C6A13
2024-09-10 06:19:56,490 DEBUG server.RaftServer$Division (RaftServerImpl.java:logAppendEntries(1539)) - s7@group-6D3E3F15100A: appendEntries* reply s9<-s7#194:OK-t1,SUCCESS,nextIndex=72,followerCommit=70,matchIndex=71
2024-09-10 06:19:56,491 DEBUG server.RaftServer$Division (RaftServerImpl.java:logAppendEntries(1539)) - s8@group-6D3E3F15100A: appendEntries* reply s9<-s8#156:OK-t1,SUCCESS,nextIndex=72,followerCommit=70,matchIndex=71
2024-09-10 06:19:56,491 INFO  statemachine.StateMachine (ArithmeticStateMachine.java:applyTransaction(181)) - LEADER:s9-71: c = null = null
2024-09-10 06:19:56,491 DEBUG server.RaftServer$Division (RaftServerImpl.java:logAppendEntries(1539)) - s8@group-6D3E3F15100A: appendEntries* s9->s8#158-t1,previous=(t:1, i:71),leaderCommit=71,initializing? false,entries: size=1, first=(t:1, i:72), METADATAENTRY(c:71)
2024-09-10 06:19:56,492 DEBUG server.RaftServer$Division (RaftServerImpl.java:logAppendEntries(1539)) - s7@group-6D3E3F15100A: appendEntries* s9->s7#195-t1,previous=(t:1, i:71),leaderCommit=71,initializing? false,entries: size=1, first=(t:1, i:72), METADATAENTRY(c:71)
2024-09-10 06:19:56,492 DEBUG server.RaftServer$Division (RaftServerImpl.java:logAppendEntries(1539)) - s8@group-6D3E3F15100A: appendEntries* reply s9<-s8#158:OK-t1,SUCCESS,nextIndex=73,followerCommit=71,matchIndex=72
2024-09-10 06:19:56,492 DEBUG server.RaftServer$Division (RaftServerImpl.java:logAppendEntries(1539)) - s7@group-6D3E3F15100A: appendEntries* reply s9<-s7#195:OK-t1,SUCCESS,nextIndex=73,followerCommit=71,matchIndex=72
2024-09-10 06:19:56,493 DEBUG server.RaftServer$Division (RaftServerImpl.java:submitClientRequestAsync(910)) - s9@group-6D3E3F15100A: receive client request(RaftClientRequest:client-FE8BBA5C6A13->s9@group-6D3E3F15100A, cid=4446, seq=null, RW, Message:010161024057c0000000...(size=12))
2024-09-10 06:19:56,494 DEBUG server.RaftServer$Division (LeaderStateImpl.java:addPendingRequest(532)) - s9@group-6D3E3F15100A-LeaderStateImpl: addPendingRequest at RaftClientRequest:client-FE8BBA5C6A13->s9@group-6D3E3F15100A, cid=4446, seq=null, RW, Message:010161024057c0000000...(size=12), entry=(t:1, i:73), STATEMACHINELOGENTRY, WRITE: logData.size=12, stateMachineData.size=0, logEntryProtoSerializedSize=0
2024-09-10 06:19:56,494 DEBUG server.RaftServer$Division (RaftServerImpl.java:logAppendEntries(1539)) - s7@group-6D3E3F15100A: appendEntries* s9->s7#199-t1,previous=(t:1, i:72),leaderCommit=72,initializing? false,entries: size=1, first=(t:1, i:73), STATEMACHINELOGENTRY, StateMachineLogEntryProto:4446@client-FE8BBA5C6A13
2024-09-10 06:19:56,494 DEBUG server.RaftServer$Division (RaftServerImpl.java:logAppendEntries(1539)) - s8@group-6D3E3F15100A: appendEntries* s9->s8#162-t1,previous=(t:1, i:72),leaderCommit=72,initializing? false,entries: size=1, first=(t:1, i:73), STATEMACHINELOGENTRY, StateMachineLogEntryProto:4446@client-FE8BBA5C6A13
2024-09-10 06:19:56,495 DEBUG server.RaftServer$Division (RaftServerImpl.java:logAppendEntries(1539)) - s8@group-6D3E3F15100A: appendEntries* reply s9<-s8#162:OK-t1,SUCCESS,nextIndex=74,followerCommit=72,matchIndex=73
2024-09-10 06:19:56,495 DEBUG server.RaftServer$Division (RaftServerImpl.java:logAppendEntries(1539)) - s7@group-6D3E3F15100A: appendEntries* reply s9<-s7#199:OK-t1,SUCCESS,nextIndex=74,followerCommit=72,matchIndex=73
2024-09-10 06:19:56,495 INFO  statemachine.StateMachine (ArithmeticStateMachine.java:applyTransaction(181)) - LEADER:s9-73: a = 95 = 95
2024-09-10 06:19:56,496 DEBUG server.RaftServer$Division (RaftServerImpl.java:logAppendEntries(1539)) - s7@group-6D3E3F15100A: appendEntries* s9->s7#201-t1,previous=(t:1, i:73),leaderCommit=73,initializing? false,entries: size=1, first=(t:1, i:74), METADATAENTRY(c:73)
2024-09-10 06:19:56,496 DEBUG server.RaftServer$Division (RaftServerImpl.java:logAppendEntries(1539)) - s8@group-6D3E3F15100A: appendEntries* s9->s8#163-t1,previous=(t:1, i:73),leaderCommit=73,initializing? false,entries: size=1, first=(t:1, i:74), METADATAENTRY(c:73)
2024-09-10 06:19:56,496 DEBUG server.RaftServer$Division (RaftServerImpl.java:logAppendEntries(1539)) - s8@group-6D3E3F15100A: appendEntries* reply s9<-s8#163:OK-t1,SUCCESS,nextIndex=75,followerCommit=73,matchIndex=74
2024-09-10 06:19:56,496 DEBUG server.RaftServer$Division (RaftServerImpl.java:logAppendEntries(1539)) - s7@group-6D3E3F15100A: appendEntries* reply s9<-s7#201:OK-t1,SUCCESS,nextIndex=75,followerCommit=73,matchIndex=74
2024-09-10 06:19:56,498 DEBUG server.RaftServer$Division (RaftServerImpl.java:submitClientRequestAsync(910)) - s9@group-6D3E3F15100A: receive client request(RaftClientRequest:client-FE8BBA5C6A13->s9@group-6D3E3F15100A, cid=4447, seq=null, RW, Message:0101620240b1a0000000...(size=12))
2024-09-10 06:19:56,499 DEBUG server.RaftServer$Division (LeaderStateImpl.java:addPendingRequest(532)) - s9@group-6D3E3F15100A-LeaderStateImpl: addPendingRequest at RaftClientRequest:client-FE8BBA5C6A13->s9@group-6D3E3F15100A, cid=4447, seq=null, RW, Message:0101620240b1a0000000...(size=12), entry=(t:1, i:75), STATEMACHINELOGENTRY, WRITE: logData.size=12, stateMachineData.size=0, logEntryProtoSerializedSize=0
2024-09-10 06:19:56,499 DEBUG server.RaftServer$Division (RaftServerImpl.java:logAppendEntries(1539)) - s7@group-6D3E3F15100A: appendEntries* s9->s7#204-t1,previous=(t:1, i:74),leaderCommit=74,initializing? false,entries: size=1, first=(t:1, i:75), STATEMACHINELOGENTRY, StateMachineLogEntryProto:4447@client-FE8BBA5C6A13
2024-09-10 06:19:56,499 DEBUG server.RaftServer$Division (RaftServerImpl.java:logAppendEntries(1539)) - s8@group-6D3E3F15100A: appendEntries* s9->s8#166-t1,previous=(t:1, i:74),leaderCommit=74,initializing? false,entries: size=1, first=(t:1, i:75), STATEMACHINELOGENTRY, StateMachineLogEntryProto:4447@client-FE8BBA5C6A13
2024-09-10 06:19:56,500 DEBUG server.RaftServer$Division (RaftServerImpl.java:logAppendEntries(1539)) - s8@group-6D3E3F15100A: appendEntries* reply s9<-s8#166:OK-t1,SUCCESS,nextIndex=76,followerCommit=74,matchIndex=75
2024-09-10 06:19:56,500 DEBUG server.RaftServer$Division (RaftServerImpl.java:logAppendEntries(1539)) - s7@group-6D3E3F15100A: appendEntries* reply s9<-s7#204:OK-t1,SUCCESS,nextIndex=76,followerCommit=74,matchIndex=75
2024-09-10 06:19:56,501 INFO  statemachine.StateMachine (ArithmeticStateMachine.java:applyTransaction(181)) - LEADER:s9-75: b = 4512 = 4512
2024-09-10 06:19:56,501 DEBUG server.RaftServer$Division (RaftServerImpl.java:logAppendEntries(1539)) - s8@group-6D3E3F15100A: appendEntries* s9->s8#167-t1,previous=(t:1, i:75),leaderCommit=75,initializing? false,entries: size=1, first=(t:1, i:76), METADATAENTRY(c:75)
2024-09-10 06:19:56,501 DEBUG server.RaftServer$Division (RaftServerImpl.java:logAppendEntries(1539)) - s8@group-6D3E3F15100A: appendEntries* reply s9<-s8#167:OK-t1,SUCCESS,nextIndex=77,followerCommit=75,matchIndex=76
2024-09-10 06:19:56,502 DEBUG server.RaftServer$Division (RaftServerImpl.java:logAppendEntries(1539)) - s7@group-6D3E3F15100A: appendEntries* s9->s7#206-t1,previous=(t:1, i:75),leaderCommit=75,initializing? false,entries: size=1, first=(t:1, i:76), METADATAENTRY(c:75)
2024-09-10 06:19:56,502 DEBUG server.RaftServer$Division (RaftServerImpl.java:logAppendEntries(1539)) - s7@group-6D3E3F15100A: appendEntries* reply s9<-s7#206:OK-t1,SUCCESS,nextIndex=77,followerCommit=75,matchIndex=76
2024-09-10 06:19:56,503 DEBUG server.RaftServer$Division (RaftServerImpl.java:submitClientRequestAsync(910)) - s9@group-6D3E3F15100A: receive client request(RaftClientRequest:client-FE8BBA5C6A13->s9@group-6D3E3F15100A, cid=4448, seq=null, RW, Message:01016304010300040201...(size=17))
2024-09-10 06:19:56,504 DEBUG server.RaftServer$Division (LeaderStateImpl.java:addPendingRequest(532)) - s9@group-6D3E3F15100A-LeaderStateImpl: addPendingRequest at RaftClientRequest:client-FE8BBA5C6A13->s9@group-6D3E3F15100A, cid=4448, seq=null, RW, Message:01016304010300040201...(size=17), entry=(t:1, i:77), STATEMACHINELOGENTRY, WRITE: logData.size=17, stateMachineData.size=0, logEntryProtoSerializedSize=0
2024-09-10 06:19:56,504 DEBUG server.RaftServer$Division (RaftServerImpl.java:logAppendEntries(1539)) - s7@group-6D3E3F15100A: appendEntries* s9->s7#209-t1,previous=(t:1, i:76),leaderCommit=76,initializing? false,entries: size=1, first=(t:1, i:77), STATEMACHINELOGENTRY, StateMachineLogEntryProto:4448@client-FE8BBA5C6A13
2024-09-10 06:19:56,505 DEBUG server.RaftServer$Division (RaftServerImpl.java:logAppendEntries(1539)) - s8@group-6D3E3F15100A: appendEntries* s9->s8#170-t1,previous=(t:1, i:76),leaderCommit=76,initializing? false,entries: size=1, first=(t:1, i:77), STATEMACHINELOGENTRY, StateMachineLogEntryProto:4448@client-FE8BBA5C6A13
2024-09-10 06:19:56,505 DEBUG server.RaftServer$Division (RaftServerImpl.java:logAppendEntries(1539)) - s8@group-6D3E3F15100A: appendEntries* reply s9<-s8#170:OK-t1,SUCCESS,nextIndex=78,followerCommit=76,matchIndex=77
2024-09-10 06:19:56,505 DEBUG server.RaftServer$Division (RaftServerImpl.java:logAppendEntries(1539)) - s7@group-6D3E3F15100A: appendEntries* reply s9<-s7#209:OK-t1,SUCCESS,nextIndex=78,followerCommit=76,matchIndex=77
2024-09-10 06:19:56,505 INFO  statemachine.StateMachine (ArithmeticStateMachine.java:applyTransaction(181)) - LEADER:s9-77: c = √(a^2 + b^2) = 4513
2024-09-10 06:19:56,506 DEBUG server.RaftServer$Division (RaftServerImpl.java:logAppendEntries(1539)) - s8@group-6D3E3F15100A: appendEntries* s9->s8#171-t1,previous=(t:1, i:77),leaderCommit=77,initializing? false,entries: size=1, first=(t:1, i:78), METADATAENTRY(c:77)
2024-09-10 06:19:56,506 DEBUG server.RaftServer$Division (RaftServerImpl.java:logAppendEntries(1539)) - s8@group-6D3E3F15100A: appendEntries* reply s9<-s8#171:OK-t1,SUCCESS,nextIndex=79,followerCommit=77,matchIndex=78
2024-09-10 06:19:56,506 DEBUG server.RaftServer$Division (RaftServerImpl.java:logAppendEntries(1539)) - s7@group-6D3E3F15100A: appendEntries* s9->s7#210-t1,previous=(t:1, i:77),leaderCommit=77,initializing? false,entries: size=1, first=(t:1, i:78), METADATAENTRY(c:77)
2024-09-10 06:19:56,507 DEBUG server.RaftServer$Division (RaftServerImpl.java:logAppendEntries(1539)) - s7@group-6D3E3F15100A: appendEntries* reply s9<-s7#210:OK-t1,SUCCESS,nextIndex=79,followerCommit=77,matchIndex=78
2024-09-10 06:19:56,508 DEBUG server.RaftServer$Division (RaftServerImpl.java:submitClientRequestAsync(910)) - s9@group-6D3E3F15100A: receive client request(RaftClientRequest:client-FE8BBA5C6A13->s9@group-6D3E3F15100A, cid=4449, seq=null, RW, Message:01016100)
2024-09-10 06:19:56,508 DEBUG server.RaftServer$Division (LeaderStateImpl.java:addPendingRequest(532)) - s9@group-6D3E3F15100A-LeaderStateImpl: addPendingRequest at RaftClientRequest:client-FE8BBA5C6A13->s9@group-6D3E3F15100A, cid=4449, seq=null, RW, Message:01016100, entry=(t:1, i:79), STATEMACHINELOGENTRY, WRITE: logData.size=4, stateMachineData.size=0, logEntryProtoSerializedSize=0
2024-09-10 06:19:56,508 DEBUG server.RaftServer$Division (RaftServerImpl.java:logAppendEntries(1539)) - s7@group-6D3E3F15100A: appendEntries* s9->s7#213-t1,previous=(t:1, i:78),leaderCommit=78,initializing? false,entries: size=1, first=(t:1, i:79), STATEMACHINELOGENTRY, StateMachineLogEntryProto:4449@client-FE8BBA5C6A13
2024-09-10 06:19:56,509 DEBUG server.RaftServer$Division (RaftServerImpl.java:logAppendEntries(1539)) - s8@group-6D3E3F15100A: appendEntries* s9->s8#174-t1,previous=(t:1, i:78),leaderCommit=78,initializing? false,entries: size=1, first=(t:1, i:79), STATEMACHINELOGENTRY, StateMachineLogEntryProto:4449@client-FE8BBA5C6A13
2024-09-10 06:19:56,509 DEBUG server.RaftServer$Division (RaftServerImpl.java:logAppendEntries(1539)) - s7@group-6D3E3F15100A: appendEntries* reply s9<-s7#213:OK-t1,SUCCESS,nextIndex=80,followerCommit=78,matchIndex=79
2024-09-10 06:19:56,509 INFO  statemachine.StateMachine (ArithmeticStateMachine.java:applyTransaction(181)) - LEADER:s9-79: a = null = null
2024-09-10 06:19:56,509 DEBUG server.RaftServer$Division (RaftServerImpl.java:logAppendEntries(1539)) - s8@group-6D3E3F15100A: appendEntries* reply s9<-s8#174:OK-t1,SUCCESS,nextIndex=80,followerCommit=78,matchIndex=79
2024-09-10 06:19:56,510 DEBUG server.RaftServer$Division (RaftServerImpl.java:logAppendEntries(1539)) - s7@group-6D3E3F15100A: appendEntries* s9->s7#214-t1,previous=(t:1, i:79),leaderCommit=79,initializing? false,entries: size=1, first=(t:1, i:80), METADATAENTRY(c:79)
2024-09-10 06:19:56,510 DEBUG server.RaftServer$Division (RaftServerImpl.java:logAppendEntries(1539)) - s8@group-6D3E3F15100A: appendEntries* s9->s8#176-t1,previous=(t:1, i:79),leaderCommit=79,initializing? false,entries: size=1, first=(t:1, i:80), METADATAENTRY(c:79)
2024-09-10 06:19:56,511 DEBUG server.RaftServer$Division (RaftServerImpl.java:logAppendEntries(1539)) - s7@group-6D3E3F15100A: appendEntries* reply s9<-s7#214:OK-t1,SUCCESS,nextIndex=81,followerCommit=79,matchIndex=80
2024-09-10 06:19:56,511 DEBUG server.RaftServer$Division (RaftServerImpl.java:logAppendEntries(1539)) - s8@group-6D3E3F15100A: appendEntries* reply s9<-s8#176:OK-t1,SUCCESS,nextIndex=81,followerCommit=79,matchIndex=80
2024-09-10 06:19:56,511 DEBUG server.RaftServer$Division (RaftServerImpl.java:submitClientRequestAsync(910)) - s9@group-6D3E3F15100A: receive client request(RaftClientRequest:client-FE8BBA5C6A13->s9@group-6D3E3F15100A, cid=4450, seq=null, RW, Message:01016200)
2024-09-10 06:19:56,512 DEBUG server.RaftServer$Division (LeaderStateImpl.java:addPendingRequest(532)) - s9@group-6D3E3F15100A-LeaderStateImpl: addPendingRequest at RaftClientRequest:client-FE8BBA5C6A13->s9@group-6D3E3F15100A, cid=4450, seq=null, RW, Message:01016200, entry=(t:1, i:81), STATEMACHINELOGENTRY, WRITE: logData.size=4, stateMachineData.size=0, logEntryProtoSerializedSize=0
2024-09-10 06:19:56,512 DEBUG server.RaftServer$Division (RaftServerImpl.java:logAppendEntries(1539)) - s7@group-6D3E3F15100A: appendEntries* s9->s7#218-t1,previous=(t:1, i:80),leaderCommit=80,initializing? false,entries: size=1, first=(t:1, i:81), STATEMACHINELOGENTRY, StateMachineLogEntryProto:4450@client-FE8BBA5C6A13
2024-09-10 06:19:56,512 DEBUG server.RaftServer$Division (RaftServerImpl.java:logAppendEntries(1539)) - s8@group-6D3E3F15100A: appendEntries* s9->s8#179-t1,previous=(t:1, i:80),leaderCommit=80,initializing? false,entries: size=1, first=(t:1, i:81), STATEMACHINELOGENTRY, StateMachineLogEntryProto:4450@client-FE8BBA5C6A13
2024-09-10 06:19:56,514 DEBUG server.RaftServer$Division (RaftServerImpl.java:logAppendEntries(1539)) - s7@group-6D3E3F15100A: appendEntries* reply s9<-s7#218:OK-t1,SUCCESS,nextIndex=82,followerCommit=80,matchIndex=81
2024-09-10 06:19:56,514 DEBUG server.RaftServer$Division (RaftServerImpl.java:logAppendEntries(1539)) - s8@group-6D3E3F15100A: appendEntries* reply s9<-s8#179:OK-t1,SUCCESS,nextIndex=82,followerCommit=80,matchIndex=81
2024-09-10 06:19:56,514 INFO  statemachine.StateMachine (ArithmeticStateMachine.java:applyTransaction(181)) - LEADER:s9-81: b = null = null
2024-09-10 06:19:56,514 DEBUG server.RaftServer$Division (RaftServerImpl.java:logAppendEntries(1539)) - s8@group-6D3E3F15100A: appendEntries* s9->s8#180-t1,previous=(t:1, i:81),leaderCommit=81,initializing? false,entries: size=1, first=(t:1, i:82), METADATAENTRY(c:81)
2024-09-10 06:19:56,515 DEBUG server.RaftServer$Division (RaftServerImpl.java:logAppendEntries(1539)) - s7@group-6D3E3F15100A: appendEntries* s9->s7#219-t1,previous=(t:1, i:81),leaderCommit=81,initializing? false,entries: size=1, first=(t:1, i:82), METADATAENTRY(c:81)
2024-09-10 06:19:56,515 DEBUG server.RaftServer$Division (RaftServerImpl.java:logAppendEntries(1539)) - s8@group-6D3E3F15100A: appendEntries* reply s9<-s8#180:OK-t1,SUCCESS,nextIndex=83,followerCommit=81,matchIndex=82
2024-09-10 06:19:56,515 DEBUG server.RaftServer$Division (RaftServerImpl.java:logAppendEntries(1539)) - s7@group-6D3E3F15100A: appendEntries* reply s9<-s7#219:OK-t1,SUCCESS,nextIndex=83,followerCommit=81,matchIndex=82
2024-09-10 06:19:56,516 DEBUG server.RaftServer$Division (RaftServerImpl.java:submitClientRequestAsync(910)) - s9@group-6D3E3F15100A: receive client request(RaftClientRequest:client-FE8BBA5C6A13->s9@group-6D3E3F15100A, cid=4451, seq=null, RW, Message:01016300)
2024-09-10 06:19:56,517 DEBUG server.RaftServer$Division (LeaderStateImpl.java:addPendingRequest(532)) - s9@group-6D3E3F15100A-LeaderStateImpl: addPendingRequest at RaftClientRequest:client-FE8BBA5C6A13->s9@group-6D3E3F15100A, cid=4451, seq=null, RW, Message:01016300, entry=(t:1, i:83), STATEMACHINELOGENTRY, WRITE: logData.size=4, stateMachineData.size=0, logEntryProtoSerializedSize=0
2024-09-10 06:19:56,517 DEBUG server.RaftServer$Division (RaftServerImpl.java:logAppendEntries(1539)) - s7@group-6D3E3F15100A: appendEntries* s9->s7#222-t1,previous=(t:1, i:82),leaderCommit=82,initializing? false,entries: size=1, first=(t:1, i:83), STATEMACHINELOGENTRY, StateMachineLogEntryProto:4451@client-FE8BBA5C6A13
2024-09-10 06:19:56,517 DEBUG server.RaftServer$Division (RaftServerImpl.java:logAppendEntries(1539)) - s8@group-6D3E3F15100A: appendEntries* s9->s8#182-t1,previous=(t:1, i:82),leaderCommit=82,initializing? false,entries: size=1, first=(t:1, i:83), STATEMACHINELOGENTRY, StateMachineLogEntryProto:4451@client-FE8BBA5C6A13
2024-09-10 06:19:56,518 DEBUG server.RaftServer$Division (RaftServerImpl.java:logAppendEntries(1539)) - s7@group-6D3E3F15100A: appendEntries* reply s9<-s7#222:OK-t1,SUCCESS,nextIndex=84,followerCommit=82,matchIndex=83
2024-09-10 06:19:56,518 DEBUG server.RaftServer$Division (RaftServerImpl.java:logAppendEntries(1539)) - s8@group-6D3E3F15100A: appendEntries* reply s9<-s8#182:OK-t1,SUCCESS,nextIndex=84,followerCommit=82,matchIndex=83
2024-09-10 06:19:56,519 INFO  statemachine.StateMachine (ArithmeticStateMachine.java:applyTransaction(181)) - LEADER:s9-83: c = null = null
2024-09-10 06:19:56,519 DEBUG server.RaftServer$Division (RaftServerImpl.java:logAppendEntries(1539)) - s8@group-6D3E3F15100A: appendEntries* s9->s8#184-t1,previous=(t:1, i:83),leaderCommit=83,initializing? false,entries: size=1, first=(t:1, i:84), METADATAENTRY(c:83)
2024-09-10 06:19:56,519 DEBUG server.RaftServer$Division (RaftServerImpl.java:logAppendEntries(1539)) - s7@group-6D3E3F15100A: appendEntries* s9->s7#223-t1,previous=(t:1, i:83),leaderCommit=83,initializing? false,entries: size=1, first=(t:1, i:84), METADATAENTRY(c:83)
2024-09-10 06:19:56,519 DEBUG server.RaftServer$Division (RaftServerImpl.java:logAppendEntries(1539)) - s8@group-6D3E3F15100A: appendEntries* reply s9<-s8#184:OK-t1,SUCCESS,nextIndex=85,followerCommit=83,matchIndex=84
2024-09-10 06:19:56,520 DEBUG server.RaftServer$Division (RaftServerImpl.java:logAppendEntries(1539)) - s7@group-6D3E3F15100A: appendEntries* reply s9<-s7#223:OK-t1,SUCCESS,nextIndex=85,followerCommit=83,matchIndex=84
2024-09-10 06:19:56,521 DEBUG server.RaftServer$Division (RaftServerImpl.java:submitClientRequestAsync(910)) - s9@group-6D3E3F15100A: receive client request(RaftClientRequest:client-FE8BBA5C6A13->s9@group-6D3E3F15100A, cid=4452, seq=null, RW, Message:01016102405840000000...(size=12))
2024-09-10 06:19:56,522 DEBUG server.RaftServer$Division (LeaderStateImpl.java:addPendingRequest(532)) - s9@group-6D3E3F15100A-LeaderStateImpl: addPendingRequest at RaftClientRequest:client-FE8BBA5C6A13->s9@group-6D3E3F15100A, cid=4452, seq=null, RW, Message:01016102405840000000...(size=12), entry=(t:1, i:85), STATEMACHINELOGENTRY, WRITE: logData.size=12, stateMachineData.size=0, logEntryProtoSerializedSize=0
2024-09-10 06:19:56,522 DEBUG server.RaftServer$Division (RaftServerImpl.java:logAppendEntries(1539)) - s7@group-6D3E3F15100A: appendEntries* s9->s7#227-t1,previous=(t:1, i:84),leaderCommit=84,initializing? false,entries: size=1, first=(t:1, i:85), STATEMACHINELOGENTRY, StateMachineLogEntryProto:4452@client-FE8BBA5C6A13
2024-09-10 06:19:56,522 DEBUG server.RaftServer$Division (RaftServerImpl.java:logAppendEntries(1539)) - s8@group-6D3E3F15100A: appendEntries* s9->s8#187-t1,previous=(t:1, i:84),leaderCommit=84,initializing? false,entries: size=1, first=(t:1, i:85), STATEMACHINELOGENTRY, StateMachineLogEntryProto:4452@client-FE8BBA5C6A13
2024-09-10 06:19:56,523 DEBUG server.RaftServer$Division (RaftServerImpl.java:logAppendEntries(1539)) - s7@group-6D3E3F15100A: appendEntries* reply s9<-s7#227:OK-t1,SUCCESS,nextIndex=86,followerCommit=84,matchIndex=85
2024-09-10 06:19:56,523 INFO  statemachine.StateMachine (ArithmeticStateMachine.java:applyTransaction(181)) - LEADER:s9-85: a = 97 = 97
2024-09-10 06:19:56,524 DEBUG server.RaftServer$Division (RaftServerImpl.java:logAppendEntries(1539)) - s8@group-6D3E3F15100A: appendEntries* s9->s8#189-t1,previous=(t:1, i:85),leaderCommit=85,initializing? false,entries: size=1, first=(t:1, i:86), METADATAENTRY(c:85)
2024-09-10 06:19:56,523 DEBUG server.RaftServer$Division (RaftServerImpl.java:logAppendEntries(1539)) - s8@group-6D3E3F15100A: appendEntries* reply s9<-s8#187:OK-t1,SUCCESS,nextIndex=86,followerCommit=84,matchIndex=85
2024-09-10 06:19:56,524 DEBUG server.RaftServer$Division (RaftServerImpl.java:logAppendEntries(1539)) - s7@group-6D3E3F15100A: appendEntries* s9->s7#228-t1,previous=(t:1, i:85),leaderCommit=85,initializing? false,entries: size=1, first=(t:1, i:86), METADATAENTRY(c:85)
2024-09-10 06:19:56,524 DEBUG server.RaftServer$Division (RaftServerImpl.java:logAppendEntries(1539)) - s7@group-6D3E3F15100A: appendEntries* reply s9<-s7#228:OK-t1,SUCCESS,nextIndex=87,followerCommit=85,matchIndex=86
2024-09-10 06:19:56,525 DEBUG server.RaftServer$Division (RaftServerImpl.java:logAppendEntries(1539)) - s8@group-6D3E3F15100A: appendEntries* reply s9<-s8#189:OK-t1,SUCCESS,nextIndex=87,followerCommit=85,matchIndex=86
2024-09-10 06:19:56,527 DEBUG server.RaftServer$Division (RaftServerImpl.java:submitClientRequestAsync(910)) - s9@group-6D3E3F15100A: receive client request(RaftClientRequest:client-FE8BBA5C6A13->s9@group-6D3E3F15100A, cid=4453, seq=null, RW, Message:0101620240b260000000...(size=12))
2024-09-10 06:19:56,528 DEBUG server.RaftServer$Division (LeaderStateImpl.java:addPendingRequest(532)) - s9@group-6D3E3F15100A-LeaderStateImpl: addPendingRequest at RaftClientRequest:client-FE8BBA5C6A13->s9@group-6D3E3F15100A, cid=4453, seq=null, RW, Message:0101620240b260000000...(size=12), entry=(t:1, i:87), STATEMACHINELOGENTRY, WRITE: logData.size=12, stateMachineData.size=0, logEntryProtoSerializedSize=0
2024-09-10 06:19:56,528 DEBUG server.RaftServer$Division (RaftServerImpl.java:logAppendEntries(1539)) - s7@group-6D3E3F15100A: appendEntries* s9->s7#232-t1,previous=(t:1, i:86),leaderCommit=86,initializing? false,entries: size=1, first=(t:1, i:87), STATEMACHINELOGENTRY, StateMachineLogEntryProto:4453@client-FE8BBA5C6A13
2024-09-10 06:19:56,529 DEBUG server.RaftServer$Division (RaftServerImpl.java:logAppendEntries(1539)) - s8@group-6D3E3F15100A: appendEntries* s9->s8#193-t1,previous=(t:1, i:86),leaderCommit=86,initializing? false,entries: size=1, first=(t:1, i:87), STATEMACHINELOGENTRY, StateMachineLogEntryProto:4453@client-FE8BBA5C6A13
2024-09-10 06:19:56,529 DEBUG server.RaftServer$Division (RaftServerImpl.java:logAppendEntries(1539)) - s7@group-6D3E3F15100A: appendEntries* reply s9<-s7#232:OK-t1,SUCCESS,nextIndex=88,followerCommit=86,matchIndex=87
2024-09-10 06:19:56,529 DEBUG server.RaftServer$Division (RaftServerImpl.java:logAppendEntries(1539)) - s8@group-6D3E3F15100A: appendEntries* reply s9<-s8#193:OK-t1,SUCCESS,nextIndex=88,followerCommit=86,matchIndex=87
2024-09-10 06:19:56,529 INFO  statemachine.StateMachine (ArithmeticStateMachine.java:applyTransaction(181)) - LEADER:s9-87: b = 4704 = 4704
2024-09-10 06:19:56,530 DEBUG server.RaftServer$Division (RaftServerImpl.java:logAppendEntries(1539)) - s8@group-6D3E3F15100A: appendEntries* s9->s8#195-t1,previous=(t:1, i:87),leaderCommit=87,initializing? false,entries: size=1, first=(t:1, i:88), METADATAENTRY(c:87)
2024-09-10 06:19:56,530 DEBUG server.RaftServer$Division (RaftServerImpl.java:logAppendEntries(1539)) - s7@group-6D3E3F15100A: appendEntries* s9->s7#233-t1,previous=(t:1, i:87),leaderCommit=87,initializing? false,entries: size=1, first=(t:1, i:88), METADATAENTRY(c:87)
2024-09-10 06:19:56,530 DEBUG server.RaftServer$Division (RaftServerImpl.java:logAppendEntries(1539)) - s8@group-6D3E3F15100A: appendEntries* reply s9<-s8#195:OK-t1,SUCCESS,nextIndex=89,followerCommit=87,matchIndex=88
2024-09-10 06:19:56,531 DEBUG server.RaftServer$Division (RaftServerImpl.java:logAppendEntries(1539)) - s7@group-6D3E3F15100A: appendEntries* reply s9<-s7#233:OK-t1,SUCCESS,nextIndex=89,followerCommit=87,matchIndex=88
2024-09-10 06:19:56,532 DEBUG server.RaftServer$Division (RaftServerImpl.java:submitClientRequestAsync(910)) - s9@group-6D3E3F15100A: receive client request(RaftClientRequest:client-FE8BBA5C6A13->s9@group-6D3E3F15100A, cid=4454, seq=null, RW, Message:01016304010300040201...(size=17))
2024-09-10 06:19:56,532 DEBUG server.RaftServer$Division (LeaderStateImpl.java:addPendingRequest(532)) - s9@group-6D3E3F15100A-LeaderStateImpl: addPendingRequest at RaftClientRequest:client-FE8BBA5C6A13->s9@group-6D3E3F15100A, cid=4454, seq=null, RW, Message:01016304010300040201...(size=17), entry=(t:1, i:89), STATEMACHINELOGENTRY, WRITE: logData.size=17, stateMachineData.size=0, logEntryProtoSerializedSize=0
2024-09-10 06:19:56,533 DEBUG server.RaftServer$Division (RaftServerImpl.java:logAppendEntries(1539)) - s7@group-6D3E3F15100A: appendEntries* s9->s7#237-t1,previous=(t:1, i:88),leaderCommit=88,initializing? false,entries: size=1, first=(t:1, i:89), STATEMACHINELOGENTRY, StateMachineLogEntryProto:4454@client-FE8BBA5C6A13
2024-09-10 06:19:56,534 DEBUG server.RaftServer$Division (RaftServerImpl.java:logAppendEntries(1539)) - s7@group-6D3E3F15100A: appendEntries* reply s9<-s7#237:OK-t1,SUCCESS,nextIndex=90,followerCommit=88,matchIndex=89
2024-09-10 06:19:56,534 DEBUG server.RaftServer$Division (RaftServerImpl.java:logAppendEntries(1539)) - s8@group-6D3E3F15100A: appendEntries* s9->s8#199-t1,previous=(t:1, i:88),leaderCommit=88,initializing? false,entries: size=1, first=(t:1, i:89), STATEMACHINELOGENTRY, StateMachineLogEntryProto:4454@client-FE8BBA5C6A13
2024-09-10 06:19:56,534 DEBUG server.RaftServer$Division (RaftServerImpl.java:logAppendEntries(1539)) - s8@group-6D3E3F15100A: appendEntries* reply s9<-s8#199:OK-t1,SUCCESS,nextIndex=90,followerCommit=88,matchIndex=89
2024-09-10 06:19:56,534 INFO  statemachine.StateMachine (ArithmeticStateMachine.java:applyTransaction(181)) - LEADER:s9-89: c = √(a^2 + b^2) = 4705
2024-09-10 06:19:56,535 DEBUG server.RaftServer$Division (RaftServerImpl.java:logAppendEntries(1539)) - s8@group-6D3E3F15100A: appendEntries* s9->s8#200-t1,previous=(t:1, i:89),leaderCommit=89,initializing? false,entries: size=1, first=(t:1, i:90), METADATAENTRY(c:89)
2024-09-10 06:19:56,535 DEBUG server.RaftServer$Division (RaftServerImpl.java:logAppendEntries(1539)) - s7@group-6D3E3F15100A: appendEntries* s9->s7#238-t1,previous=(t:1, i:89),leaderCommit=89,initializing? false,entries: size=1, first=(t:1, i:90), METADATAENTRY(c:89)
2024-09-10 06:19:56,535 DEBUG server.RaftServer$Division (RaftServerImpl.java:logAppendEntries(1539)) - s8@group-6D3E3F15100A: appendEntries* reply s9<-s8#200:OK-t1,SUCCESS,nextIndex=91,followerCommit=89,matchIndex=90
2024-09-10 06:19:56,536 DEBUG server.RaftServer$Division (RaftServerImpl.java:logAppendEntries(1539)) - s7@group-6D3E3F15100A: appendEntries* reply s9<-s7#238:OK-t1,SUCCESS,nextIndex=91,followerCommit=89,matchIndex=90
2024-09-10 06:19:56,536 DEBUG server.RaftServer$Division (RaftServerImpl.java:submitClientRequestAsync(910)) - s9@group-6D3E3F15100A: receive client request(RaftClientRequest:client-FE8BBA5C6A13->s9@group-6D3E3F15100A, cid=4455, seq=null, RW, Message:01016100)
2024-09-10 06:19:56,537 DEBUG server.RaftServer$Division (LeaderStateImpl.java:addPendingRequest(532)) - s9@group-6D3E3F15100A-LeaderStateImpl: addPendingRequest at RaftClientRequest:client-FE8BBA5C6A13->s9@group-6D3E3F15100A, cid=4455, seq=null, RW, Message:01016100, entry=(t:1, i:91), STATEMACHINELOGENTRY, WRITE: logData.size=4, stateMachineData.size=0, logEntryProtoSerializedSize=0
2024-09-10 06:19:56,537 DEBUG server.RaftServer$Division (RaftServerImpl.java:logAppendEntries(1539)) - s7@group-6D3E3F15100A: appendEntries* s9->s7#242-t1,previous=(t:1, i:90),leaderCommit=90,initializing? false,entries: size=1, first=(t:1, i:91), STATEMACHINELOGENTRY, StateMachineLogEntryProto:4455@client-FE8BBA5C6A13
2024-09-10 06:19:56,537 DEBUG server.RaftServer$Division (RaftServerImpl.java:logAppendEntries(1539)) - s8@group-6D3E3F15100A: appendEntries* s9->s8#204-t1,previous=(t:1, i:90),leaderCommit=90,initializing? false,entries: size=1, first=(t:1, i:91), STATEMACHINELOGENTRY, StateMachineLogEntryProto:4455@client-FE8BBA5C6A13
2024-09-10 06:19:56,538 DEBUG server.RaftServer$Division (RaftServerImpl.java:logAppendEntries(1539)) - s7@group-6D3E3F15100A: appendEntries* reply s9<-s7#242:OK-t1,SUCCESS,nextIndex=92,followerCommit=90,matchIndex=91
2024-09-10 06:19:56,538 DEBUG server.RaftServer$Division (RaftServerImpl.java:logAppendEntries(1539)) - s8@group-6D3E3F15100A: appendEntries* reply s9<-s8#204:OK-t1,SUCCESS,nextIndex=92,followerCommit=90,matchIndex=91
2024-09-10 06:19:56,538 INFO  statemachine.StateMachine (ArithmeticStateMachine.java:applyTransaction(181)) - LEADER:s9-91: a = null = null
2024-09-10 06:19:56,539 DEBUG server.RaftServer$Division (RaftServerImpl.java:logAppendEntries(1539)) - s8@group-6D3E3F15100A: appendEntries* s9->s8#205-t1,previous=(t:1, i:91),leaderCommit=91,initializing? false,entries: size=1, first=(t:1, i:92), METADATAENTRY(c:91)
2024-09-10 06:19:56,539 DEBUG server.RaftServer$Division (RaftServerImpl.java:logAppendEntries(1539)) - s7@group-6D3E3F15100A: appendEntries* s9->s7#243-t1,previous=(t:1, i:91),leaderCommit=91,initializing? false,entries: size=1, first=(t:1, i:92), METADATAENTRY(c:91)
2024-09-10 06:19:56,539 DEBUG server.RaftServer$Division (RaftServerImpl.java:logAppendEntries(1539)) - s8@group-6D3E3F15100A: appendEntries* reply s9<-s8#205:OK-t1,SUCCESS,nextIndex=93,followerCommit=91,matchIndex=92
2024-09-10 06:19:56,539 DEBUG server.RaftServer$Division (RaftServerImpl.java:logAppendEntries(1539)) - s7@group-6D3E3F15100A: appendEntries* reply s9<-s7#243:OK-t1,SUCCESS,nextIndex=93,followerCommit=91,matchIndex=92
2024-09-10 06:19:56,542 DEBUG server.RaftServer$Division (RaftServerImpl.java:submitClientRequestAsync(910)) - s9@group-6D3E3F15100A: receive client request(RaftClientRequest:client-FE8BBA5C6A13->s9@group-6D3E3F15100A, cid=4456, seq=null, RW, Message:01016200)
2024-09-10 06:19:56,542 DEBUG server.RaftServer$Division (LeaderStateImpl.java:addPendingRequest(532)) - s9@group-6D3E3F15100A-LeaderStateImpl: addPendingRequest at RaftClientRequest:client-FE8BBA5C6A13->s9@group-6D3E3F15100A, cid=4456, seq=null, RW, Message:01016200, entry=(t:1, i:93), STATEMACHINELOGENTRY, WRITE: logData.size=4, stateMachineData.size=0, logEntryProtoSerializedSize=0
2024-09-10 06:19:56,542 DEBUG server.RaftServer$Division (RaftServerImpl.java:logAppendEntries(1539)) - s8@group-6D3E3F15100A: appendEntries* s9->s8#209-t1,previous=(t:1, i:92),leaderCommit=92,initializing? false,entries: size=1, first=(t:1, i:93), STATEMACHINELOGENTRY, StateMachineLogEntryProto:4456@client-FE8BBA5C6A13
2024-09-10 06:19:56,543 DEBUG server.RaftServer$Division (RaftServerImpl.java:logAppendEntries(1539)) - s7@group-6D3E3F15100A: appendEntries* s9->s7#247-t1,previous=(t:1, i:92),leaderCommit=92,initializing? false,entries: size=1, first=(t:1, i:93), STATEMACHINELOGENTRY, StateMachineLogEntryProto:4456@client-FE8BBA5C6A13
2024-09-10 06:19:56,543 DEBUG server.RaftServer$Division (RaftServerImpl.java:logAppendEntries(1539)) - s8@group-6D3E3F15100A: appendEntries* reply s9<-s8#209:OK-t1,SUCCESS,nextIndex=94,followerCommit=92,matchIndex=93
2024-09-10 06:19:56,543 DEBUG server.RaftServer$Division (RaftServerImpl.java:logAppendEntries(1539)) - s7@group-6D3E3F15100A: appendEntries* reply s9<-s7#247:OK-t1,SUCCESS,nextIndex=94,followerCommit=92,matchIndex=93
2024-09-10 06:19:56,543 INFO  statemachine.StateMachine (ArithmeticStateMachine.java:applyTransaction(181)) - LEADER:s9-93: b = null = null
2024-09-10 06:19:56,544 DEBUG server.RaftServer$Division (RaftServerImpl.java:logAppendEntries(1539)) - s8@group-6D3E3F15100A: appendEntries* s9->s8#210-t1,previous=(t:1, i:93),leaderCommit=93,initializing? false,entries: size=1, first=(t:1, i:94), METADATAENTRY(c:93)
2024-09-10 06:19:56,544 DEBUG server.RaftServer$Division (RaftServerImpl.java:logAppendEntries(1539)) - s7@group-6D3E3F15100A: appendEntries* s9->s7#248-t1,previous=(t:1, i:93),leaderCommit=93,initializing? false,entries: size=1, first=(t:1, i:94), METADATAENTRY(c:93)
2024-09-10 06:19:56,544 DEBUG server.RaftServer$Division (RaftServerImpl.java:logAppendEntries(1539)) - s8@group-6D3E3F15100A: appendEntries* reply s9<-s8#210:OK-t1,SUCCESS,nextIndex=95,followerCommit=93,matchIndex=94
2024-09-10 06:19:56,545 DEBUG server.RaftServer$Division (RaftServerImpl.java:logAppendEntries(1539)) - s7@group-6D3E3F15100A: appendEntries* reply s9<-s7#248:OK-t1,SUCCESS,nextIndex=95,followerCommit=93,matchIndex=94
2024-09-10 06:19:56,545 DEBUG server.RaftServer$Division (RaftServerImpl.java:submitClientRequestAsync(910)) - s9@group-6D3E3F15100A: receive client request(RaftClientRequest:client-FE8BBA5C6A13->s9@group-6D3E3F15100A, cid=4457, seq=null, RW, Message:01016300)
2024-09-10 06:19:56,546 DEBUG server.RaftServer$Division (LeaderStateImpl.java:addPendingRequest(532)) - s9@group-6D3E3F15100A-LeaderStateImpl: addPendingRequest at RaftClientRequest:client-FE8BBA5C6A13->s9@group-6D3E3F15100A, cid=4457, seq=null, RW, Message:01016300, entry=(t:1, i:95), STATEMACHINELOGENTRY, WRITE: logData.size=4, stateMachineData.size=0, logEntryProtoSerializedSize=0
2024-09-10 06:19:56,546 DEBUG server.RaftServer$Division (RaftServerImpl.java:logAppendEntries(1539)) - s8@group-6D3E3F15100A: appendEntries* s9->s8#214-t1,previous=(t:1, i:94),leaderCommit=94,initializing? false,entries: size=1, first=(t:1, i:95), STATEMACHINELOGENTRY, StateMachineLogEntryProto:4457@client-FE8BBA5C6A13
2024-09-10 06:19:56,547 DEBUG server.RaftServer$Division (RaftServerImpl.java:logAppendEntries(1539)) - s7@group-6D3E3F15100A: appendEntries* s9->s7#252-t1,previous=(t:1, i:94),leaderCommit=94,initializing? false,entries: size=1, first=(t:1, i:95), STATEMACHINELOGENTRY, StateMachineLogEntryProto:4457@client-FE8BBA5C6A13
2024-09-10 06:19:56,547 DEBUG server.RaftServer$Division (RaftServerImpl.java:logAppendEntries(1539)) - s8@group-6D3E3F15100A: appendEntries* reply s9<-s8#214:OK-t1,SUCCESS,nextIndex=96,followerCommit=94,matchIndex=95
2024-09-10 06:19:56,547 DEBUG server.RaftServer$Division (RaftServerImpl.java:logAppendEntries(1539)) - s7@group-6D3E3F15100A: appendEntries* reply s9<-s7#252:OK-t1,SUCCESS,nextIndex=96,followerCommit=94,matchIndex=95
2024-09-10 06:19:56,547 INFO  statemachine.StateMachine (ArithmeticStateMachine.java:applyTransaction(181)) - LEADER:s9-95: c = null = null
2024-09-10 06:19:56,548 DEBUG server.RaftServer$Division (RaftServerImpl.java:logAppendEntries(1539)) - s8@group-6D3E3F15100A: appendEntries* s9->s8#215-t1,previous=(t:1, i:95),leaderCommit=95,initializing? false,entries: size=1, first=(t:1, i:96), METADATAENTRY(c:95)
2024-09-10 06:19:56,548 DEBUG server.RaftServer$Division (RaftServerImpl.java:logAppendEntries(1539)) - s7@group-6D3E3F15100A: appendEntries* s9->s7#253-t1,previous=(t:1, i:95),leaderCommit=95,initializing? false,entries: size=1, first=(t:1, i:96), METADATAENTRY(c:95)
2024-09-10 06:19:56,548 DEBUG server.RaftServer$Division (RaftServerImpl.java:logAppendEntries(1539)) - s8@group-6D3E3F15100A: appendEntries* reply s9<-s8#215:OK-t1,SUCCESS,nextIndex=97,followerCommit=95,matchIndex=96
2024-09-10 06:19:56,549 DEBUG server.RaftServer$Division (RaftServerImpl.java:logAppendEntries(1539)) - s7@group-6D3E3F15100A: appendEntries* reply s9<-s7#253:OK-t1,SUCCESS,nextIndex=97,followerCommit=95,matchIndex=96
2024-09-10 06:19:56,549 DEBUG server.RaftServer$Division (RaftServerImpl.java:submitClientRequestAsync(910)) - s9@group-6D3E3F15100A: receive client request(RaftClientRequest:client-FE8BBA5C6A13->s9@group-6D3E3F15100A, cid=4458, seq=null, RW, Message:010161024058c0000000...(size=12))
2024-09-10 06:19:56,550 DEBUG server.RaftServer$Division (LeaderStateImpl.java:addPendingRequest(532)) - s9@group-6D3E3F15100A-LeaderStateImpl: addPendingRequest at RaftClientRequest:client-FE8BBA5C6A13->s9@group-6D3E3F15100A, cid=4458, seq=null, RW, Message:010161024058c0000000...(size=12), entry=(t:1, i:97), STATEMACHINELOGENTRY, WRITE: logData.size=12, stateMachineData.size=0, logEntryProtoSerializedSize=0
2024-09-10 06:19:56,550 DEBUG server.RaftServer$Division (RaftServerImpl.java:logAppendEntries(1539)) - s7@group-6D3E3F15100A: appendEntries* s9->s7#256-t1,previous=(t:1, i:96),leaderCommit=96,initializing? false,entries: size=1, first=(t:1, i:97), STATEMACHINELOGENTRY, StateMachineLogEntryProto:4458@client-FE8BBA5C6A13
2024-09-10 06:19:56,551 DEBUG server.RaftServer$Division (RaftServerImpl.java:logAppendEntries(1539)) - s8@group-6D3E3F15100A: appendEntries* s9->s8#219-t1,previous=(t:1, i:96),leaderCommit=96,initializing? false,entries: size=1, first=(t:1, i:97), STATEMACHINELOGENTRY, StateMachineLogEntryProto:4458@client-FE8BBA5C6A13
2024-09-10 06:19:56,551 DEBUG server.RaftServer$Division (RaftServerImpl.java:logAppendEntries(1539)) - s7@group-6D3E3F15100A: appendEntries* reply s9<-s7#256:OK-t1,SUCCESS,nextIndex=98,followerCommit=96,matchIndex=97
2024-09-10 06:19:56,551 DEBUG server.RaftServer$Division (RaftServerImpl.java:logAppendEntries(1539)) - s8@group-6D3E3F15100A: appendEntries* reply s9<-s8#219:OK-t1,SUCCESS,nextIndex=98,followerCommit=96,matchIndex=97
2024-09-10 06:19:56,551 INFO  statemachine.StateMachine (ArithmeticStateMachine.java:applyTransaction(181)) - LEADER:s9-97: a = 99 = 99
2024-09-10 06:19:56,552 DEBUG server.RaftServer$Division (RaftServerImpl.java:logAppendEntries(1539)) - s8@group-6D3E3F15100A: appendEntries* s9->s8#220-t1,previous=(t:1, i:97),leaderCommit=97,initializing? false,entries: size=1, first=(t:1, i:98), METADATAENTRY(c:97)
2024-09-10 06:19:56,552 DEBUG server.RaftServer$Division (RaftServerImpl.java:logAppendEntries(1539)) - s7@group-6D3E3F15100A: appendEntries* s9->s7#257-t1,previous=(t:1, i:97),leaderCommit=97,initializing? false,entries: size=1, first=(t:1, i:98), METADATAENTRY(c:97)
2024-09-10 06:19:56,552 DEBUG server.RaftServer$Division (RaftServerImpl.java:logAppendEntries(1539)) - s8@group-6D3E3F15100A: appendEntries* reply s9<-s8#220:OK-t1,SUCCESS,nextIndex=99,followerCommit=97,matchIndex=98
2024-09-10 06:19:56,553 DEBUG server.RaftServer$Division (RaftServerImpl.java:logAppendEntries(1539)) - s7@group-6D3E3F15100A: appendEntries* reply s9<-s7#257:OK-t1,SUCCESS,nextIndex=99,followerCommit=97,matchIndex=98
2024-09-10 06:19:56,553 DEBUG server.RaftServer$Division (RaftServerImpl.java:submitClientRequestAsync(910)) - s9@group-6D3E3F15100A: receive client request(RaftClientRequest:client-FE8BBA5C6A13->s9@group-6D3E3F15100A, cid=4459, seq=null, RW, Message:0101620240b324000000...(size=12))
2024-09-10 06:19:56,554 DEBUG server.RaftServer$Division (LeaderStateImpl.java:addPendingRequest(532)) - s9@group-6D3E3F15100A-LeaderStateImpl: addPendingRequest at RaftClientRequest:client-FE8BBA5C6A13->s9@group-6D3E3F15100A, cid=4459, seq=null, RW, Message:0101620240b324000000...(size=12), entry=(t:1, i:99), STATEMACHINELOGENTRY, WRITE: logData.size=12, stateMachineData.size=0, logEntryProtoSerializedSize=0
2024-09-10 06:19:56,554 DEBUG server.RaftServer$Division (RaftServerImpl.java:logAppendEntries(1539)) - s7@group-6D3E3F15100A: appendEntries* s9->s7#261-t1,previous=(t:1, i:98),leaderCommit=98,initializing? false,entries: size=1, first=(t:1, i:99), STATEMACHINELOGENTRY, StateMachineLogEntryProto:4459@client-FE8BBA5C6A13
2024-09-10 06:19:56,554 DEBUG server.RaftServer$Division (RaftServerImpl.java:logAppendEntries(1539)) - s8@group-6D3E3F15100A: appendEntries* s9->s8#224-t1,previous=(t:1, i:98),leaderCommit=98,initializing? false,entries: size=1, first=(t:1, i:99), STATEMACHINELOGENTRY, StateMachineLogEntryProto:4459@client-FE8BBA5C6A13
2024-09-10 06:19:56,555 DEBUG server.RaftServer$Division (RaftServerImpl.java:logAppendEntries(1539)) - s7@group-6D3E3F15100A: appendEntries* reply s9<-s7#261:OK-t1,SUCCESS,nextIndex=100,followerCommit=98,matchIndex=99
2024-09-10 06:19:56,555 DEBUG server.RaftServer$Division (RaftServerImpl.java:logAppendEntries(1539)) - s8@group-6D3E3F15100A: appendEntries* reply s9<-s8#224:OK-t1,SUCCESS,nextIndex=100,followerCommit=98,matchIndex=99
2024-09-10 06:19:56,555 INFO  statemachine.StateMachine (ArithmeticStateMachine.java:applyTransaction(181)) - LEADER:s9-99: b = 4900 = 4900
2024-09-10 06:19:56,556 DEBUG server.RaftServer$Division (RaftServerImpl.java:logAppendEntries(1539)) - s8@group-6D3E3F15100A: appendEntries* s9->s8#226-t1,previous=(t:1, i:99),leaderCommit=99,initializing? false,entries: size=1, first=(t:1, i:100), METADATAENTRY(c:99)
2024-09-10 06:19:56,556 DEBUG server.RaftServer$Division (RaftServerImpl.java:logAppendEntries(1539)) - s7@group-6D3E3F15100A: appendEntries* s9->s7#262-t1,previous=(t:1, i:99),leaderCommit=99,initializing? false,entries: size=1, first=(t:1, i:100), METADATAENTRY(c:99)
2024-09-10 06:19:56,556 DEBUG server.RaftServer$Division (RaftServerImpl.java:logAppendEntries(1539)) - s8@group-6D3E3F15100A: appendEntries* reply s9<-s8#226:OK-t1,SUCCESS,nextIndex=101,followerCommit=99,matchIndex=100
2024-09-10 06:19:56,557 DEBUG server.RaftServer$Division (RaftServerImpl.java:logAppendEntries(1539)) - s7@group-6D3E3F15100A: appendEntries* reply s9<-s7#262:OK-t1,SUCCESS,nextIndex=101,followerCommit=99,matchIndex=100
2024-09-10 06:19:56,557 DEBUG server.RaftServer$Division (RaftServerImpl.java:submitClientRequestAsync(910)) - s9@group-6D3E3F15100A: receive client request(RaftClientRequest:client-FE8BBA5C6A13->s9@group-6D3E3F15100A, cid=4460, seq=null, RW, Message:01016304010300040201...(size=17))
2024-09-10 06:19:56,557 DEBUG server.RaftServer$Division (LeaderStateImpl.java:addPendingRequest(532)) - s9@group-6D3E3F15100A-LeaderStateImpl: addPendingRequest at RaftClientRequest:client-FE8BBA5C6A13->s9@group-6D3E3F15100A, cid=4460, seq=null, RW, Message:01016304010300040201...(size=17), entry=(t:1, i:101), STATEMACHINELOGENTRY, WRITE: logData.size=17, stateMachineData.size=0, logEntryProtoSerializedSize=0
2024-09-10 06:19:56,558 DEBUG server.RaftServer$Division (RaftServerImpl.java:logAppendEntries(1539)) - s7@group-6D3E3F15100A: appendEntries* s9->s7#265-t1,previous=(t:1, i:100),leaderCommit=100,initializing? false,entries: size=1, first=(t:1, i:101), STATEMACHINELOGENTRY, StateMachineLogEntryProto:4460@client-FE8BBA5C6A13
2024-09-10 06:19:56,558 DEBUG server.RaftServer$Division (RaftServerImpl.java:logAppendEntries(1539)) - s8@group-6D3E3F15100A: appendEntries* s9->s8#229-t1,previous=(t:1, i:100),leaderCommit=100,initializing? false,entries: size=1, first=(t:1, i:101), STATEMACHINELOGENTRY, StateMachineLogEntryProto:4460@client-FE8BBA5C6A13
2024-09-10 06:19:56,558 DEBUG server.RaftServer$Division (RaftServerImpl.java:logAppendEntries(1539)) - s7@group-6D3E3F15100A: appendEntries* reply s9<-s7#265:OK-t1,SUCCESS,nextIndex=102,followerCommit=100,matchIndex=101
2024-09-10 06:19:56,558 INFO  statemachine.StateMachine (ArithmeticStateMachine.java:applyTransaction(181)) - LEADER:s9-101: c = √(a^2 + b^2) = 4901
2024-09-10 06:19:56,559 DEBUG server.RaftServer$Division (RaftServerImpl.java:logAppendEntries(1539)) - s7@group-6D3E3F15100A: appendEntries* s9->s7#267-t1,previous=(t:1, i:101),leaderCommit=101,initializing? false,entries: size=1, first=(t:1, i:102), METADATAENTRY(c:101)
2024-09-10 06:19:56,559 DEBUG server.RaftServer$Division (RaftServerImpl.java:logAppendEntries(1539)) - s8@group-6D3E3F15100A: appendEntries* s9->s8#232-t1,previous=(t:1, i:101),leaderCommit=101,initializing? false,entries: size=1, first=(t:1, i:102), METADATAENTRY(c:101)
2024-09-10 06:19:56,559 DEBUG server.RaftServer$Division (RaftServerImpl.java:logAppendEntries(1539)) - s8@group-6D3E3F15100A: appendEntries* reply s9<-s8#229:OK-t1,SUCCESS,nextIndex=102,followerCommit=100,matchIndex=101
2024-09-10 06:19:56,559 DEBUG server.RaftServer$Division (RaftServerImpl.java:logAppendEntries(1539)) - s8@group-6D3E3F15100A: appendEntries* reply s9<-s8#232:OK-t1,SUCCESS,nextIndex=103,followerCommit=101,matchIndex=102
2024-09-10 06:19:56,560 DEBUG server.RaftServer$Division (RaftServerImpl.java:logAppendEntries(1539)) - s7@group-6D3E3F15100A: appendEntries* reply s9<-s7#267:OK-t1,SUCCESS,nextIndex=103,followerCommit=101,matchIndex=102
2024-09-10 06:19:56,560 DEBUG server.RaftServer$Division (RaftServerImpl.java:submitClientRequestAsync(910)) - s9@group-6D3E3F15100A: receive client request(RaftClientRequest:client-FE8BBA5C6A13->s9@group-6D3E3F15100A, cid=4461, seq=null, RW, Message:01016100)
2024-09-10 06:19:56,560 DEBUG server.RaftServer$Division (LeaderStateImpl.java:addPendingRequest(532)) - s9@group-6D3E3F15100A-LeaderStateImpl: addPendingRequest at RaftClientRequest:client-FE8BBA5C6A13->s9@group-6D3E3F15100A, cid=4461, seq=null, RW, Message:01016100, entry=(t:1, i:103), STATEMACHINELOGENTRY, WRITE: logData.size=4, stateMachineData.size=0, logEntryProtoSerializedSize=0
2024-09-10 06:19:56,561 DEBUG server.RaftServer$Division (RaftServerImpl.java:logAppendEntries(1539)) - s7@group-6D3E3F15100A: appendEntries* s9->s7#270-t1,previous=(t:1, i:102),leaderCommit=102,initializing? false,entries: size=1, first=(t:1, i:103), STATEMACHINELOGENTRY, StateMachineLogEntryProto:4461@client-FE8BBA5C6A13
2024-09-10 06:19:56,561 DEBUG server.RaftServer$Division (RaftServerImpl.java:logAppendEntries(1539)) - s8@group-6D3E3F15100A: appendEntries* s9->s8#235-t1,previous=(t:1, i:102),leaderCommit=102,initializing? false,entries: size=1, first=(t:1, i:103), STATEMACHINELOGENTRY, StateMachineLogEntryProto:4461@client-FE8BBA5C6A13
2024-09-10 06:19:56,561 DEBUG server.RaftServer$Division (RaftServerImpl.java:logAppendEntries(1539)) - s7@group-6D3E3F15100A: appendEntries* reply s9<-s7#270:OK-t1,SUCCESS,nextIndex=104,followerCommit=102,matchIndex=103
2024-09-10 06:19:56,562 INFO  statemachine.StateMachine (ArithmeticStateMachine.java:applyTransaction(181)) - LEADER:s9-103: a = null = null
2024-09-10 06:19:56,562 DEBUG server.RaftServer$Division (RaftServerImpl.java:logAppendEntries(1539)) - s8@group-6D3E3F15100A: appendEntries* s9->s8#237-t1,previous=(t:1, i:103),leaderCommit=103,initializing? false,entries: size=1, first=(t:1, i:104), METADATAENTRY(c:103)
2024-09-10 06:19:56,562 DEBUG server.RaftServer$Division (RaftServerImpl.java:logAppendEntries(1539)) - s8@group-6D3E3F15100A: appendEntries* reply s9<-s8#235:OK-t1,SUCCESS,nextIndex=104,followerCommit=102,matchIndex=103
2024-09-10 06:19:56,563 DEBUG server.RaftServer$Division (RaftServerImpl.java:logAppendEntries(1539)) - s8@group-6D3E3F15100A: appendEntries* reply s9<-s8#237:OK-t1,SUCCESS,nextIndex=105,followerCommit=103,matchIndex=104
2024-09-10 06:19:56,563 DEBUG server.RaftServer$Division (RaftServerImpl.java:logAppendEntries(1539)) - s7@group-6D3E3F15100A: appendEntries* s9->s7#272-t1,previous=(t:1, i:103),leaderCommit=103,initializing? false,entries: size=1, first=(t:1, i:104), METADATAENTRY(c:103)
2024-09-10 06:19:56,564 DEBUG server.RaftServer$Division (RaftServerImpl.java:submitClientRequestAsync(910)) - s9@group-6D3E3F15100A: receive client request(RaftClientRequest:client-FE8BBA5C6A13->s9@group-6D3E3F15100A, cid=4462, seq=null, RW, Message:01016200)
2024-09-10 06:19:56,564 DEBUG server.RaftServer$Division (LeaderStateImpl.java:addPendingRequest(532)) - s9@group-6D3E3F15100A-LeaderStateImpl: addPendingRequest at RaftClientRequest:client-FE8BBA5C6A13->s9@group-6D3E3F15100A, cid=4462, seq=null, RW, Message:01016200, entry=(t:1, i:105), STATEMACHINELOGENTRY, WRITE: logData.size=4, stateMachineData.size=0, logEntryProtoSerializedSize=0
2024-09-10 06:19:56,564 DEBUG server.RaftServer$Division (RaftServerImpl.java:logAppendEntries(1539)) - s7@group-6D3E3F15100A: appendEntries* reply s9<-s7#272:OK-t1,SUCCESS,nextIndex=105,followerCommit=103,matchIndex=104
2024-09-10 06:19:56,564 DEBUG server.RaftServer$Division (RaftServerImpl.java:logAppendEntries(1539)) - s7@group-6D3E3F15100A: appendEntries* s9->s7#274-t1,previous=(t:1, i:104),leaderCommit=104,initializing? false,entries: size=1, first=(t:1, i:105), STATEMACHINELOGENTRY, StateMachineLogEntryProto:4462@client-FE8BBA5C6A13
2024-09-10 06:19:56,565 DEBUG server.RaftServer$Division (RaftServerImpl.java:logAppendEntries(1539)) - s7@group-6D3E3F15100A: appendEntries* reply s9<-s7#274:OK-t1,SUCCESS,nextIndex=106,followerCommit=104,matchIndex=105
2024-09-10 06:19:56,565 INFO  statemachine.StateMachine (ArithmeticStateMachine.java:applyTransaction(181)) - LEADER:s9-105: b = null = null
2024-09-10 06:19:56,565 DEBUG server.RaftServer$Division (RaftServerImpl.java:logAppendEntries(1539)) - s7@group-6D3E3F15100A: appendEntries* s9->s7#276-t1,previous=(t:1, i:105),leaderCommit=105,initializing? false,entries: size=1, first=(t:1, i:106), METADATAENTRY(c:105)
2024-09-10 06:19:56,566 DEBUG server.RaftServer$Division (RaftServerImpl.java:logAppendEntries(1539)) - s8@group-6D3E3F15100A: appendEntries* s9->s8#240-t1,previous=(t:1, i:104),leaderCommit=104,initializing? false,entries: size=1, first=(t:1, i:105), STATEMACHINELOGENTRY, StateMachineLogEntryProto:4462@client-FE8BBA5C6A13
2024-09-10 06:19:56,566 DEBUG server.RaftServer$Division (RaftServerImpl.java:submitClientRequestAsync(910)) - s9@group-6D3E3F15100A: receive client request(RaftClientRequest:client-FE8BBA5C6A13->s9@group-6D3E3F15100A, cid=4463, seq=null, RW, Message:01016300)
2024-09-10 06:19:56,566 DEBUG server.RaftServer$Division (RaftServerImpl.java:logAppendEntries(1539)) - s7@group-6D3E3F15100A: appendEntries* reply s9<-s7#276:OK-t1,SUCCESS,nextIndex=107,followerCommit=105,matchIndex=106
2024-09-10 06:19:56,567 DEBUG server.RaftServer$Division (LeaderStateImpl.java:addPendingRequest(532)) - s9@group-6D3E3F15100A-LeaderStateImpl: addPendingRequest at RaftClientRequest:client-FE8BBA5C6A13->s9@group-6D3E3F15100A, cid=4463, seq=null, RW, Message:01016300, entry=(t:1, i:107), STATEMACHINELOGENTRY, WRITE: logData.size=4, stateMachineData.size=0, logEntryProtoSerializedSize=0
2024-09-10 06:19:56,567 DEBUG server.RaftServer$Division (RaftServerImpl.java:logAppendEntries(1539)) - s7@group-6D3E3F15100A: appendEntries* s9->s7#277-t1,previous=(t:1, i:106),leaderCommit=106,initializing? false,entries: size=1, first=(t:1, i:107), STATEMACHINELOGENTRY, StateMachineLogEntryProto:4463@client-FE8BBA5C6A13
2024-09-10 06:19:56,567 DEBUG server.RaftServer$Division (RaftServerImpl.java:logAppendEntries(1539)) - s8@group-6D3E3F15100A: appendEntries* s9->s8#243-t1,previous=(t:1, i:105),leaderCommit=105,initializing? false,entries: size=1, first=(t:1, i:106), METADATAENTRY(c:105)
2024-09-10 06:19:56,567 DEBUG server.RaftServer$Division (RaftServerImpl.java:logAppendEntries(1539)) - s7@group-6D3E3F15100A: appendEntries* reply s9<-s7#277:OK-t1,SUCCESS,nextIndex=108,followerCommit=106,matchIndex=107
2024-09-10 06:19:56,567 DEBUG server.RaftServer$Division (RaftServerImpl.java:logAppendEntries(1539)) - s8@group-6D3E3F15100A: appendEntries* reply s9<-s8#243:OK-t1,SUCCESS,nextIndex=107,followerCommit=105,matchIndex=106
2024-09-10 06:19:56,568 INFO  statemachine.StateMachine (ArithmeticStateMachine.java:applyTransaction(181)) - LEADER:s9-107: c = null = null
2024-09-10 06:19:56,568 DEBUG server.RaftServer$Division (RaftServerImpl.java:logAppendEntries(1539)) - s7@group-6D3E3F15100A: appendEntries* s9->s7#278-t1,previous=(t:1, i:107),leaderCommit=107,initializing? false,entries: size=1, first=(t:1, i:108), METADATAENTRY(c:107)
2024-09-10 06:19:56,568 DEBUG server.RaftServer$Division (RaftServerImpl.java:logAppendEntries(1539)) - s8@group-6D3E3F15100A: appendEntries* reply s9<-s8#240:OK-t1,SUCCESS,nextIndex=106,followerCommit=105,matchIndex=105
2024-09-10 06:19:56,568 DEBUG server.RaftServer$Division (RaftServerImpl.java:logAppendEntries(1539)) - s8@group-6D3E3F15100A: appendEntries* s9->s8#244-t1,previous=(t:1, i:106),leaderCommit=105,initializing? false,entries: size=1, first=(t:1, i:107), STATEMACHINELOGENTRY, StateMachineLogEntryProto:4463@client-FE8BBA5C6A13
2024-09-10 06:19:56,569 DEBUG server.RaftServer$Division (RaftServerImpl.java:logAppendEntries(1539)) - s7@group-6D3E3F15100A: appendEntries* reply s9<-s7#278:OK-t1,SUCCESS,nextIndex=109,followerCommit=107,matchIndex=108
2024-09-10 06:19:56,569 DEBUG server.RaftServer$Division (RaftServerImpl.java:logAppendEntries(1539)) - s8@group-6D3E3F15100A: appendEntries* s9->s8#245-t1,previous=(t:1, i:107),leaderCommit=107,initializing? false,entries: size=1, first=(t:1, i:108), METADATAENTRY(c:107)
2024-09-10 06:19:56,570 DEBUG server.RaftServer$Division (RaftServerImpl.java:submitClientRequestAsync(910)) - s9@group-6D3E3F15100A: receive client request(RaftClientRequest:client-FE8BBA5C6A13->s9@group-6D3E3F15100A, cid=4464, seq=null, RW, Message:01016102405940000000...(size=12))
2024-09-10 06:19:56,570 DEBUG server.RaftServer$Division (RaftServerImpl.java:logAppendEntries(1539)) - s8@group-6D3E3F15100A: appendEntries* reply s9<-s8#245:OK-t1,SUCCESS,nextIndex=109,followerCommit=107,matchIndex=108
2024-09-10 06:19:56,570 DEBUG server.RaftServer$Division (LeaderStateImpl.java:addPendingRequest(532)) - s9@group-6D3E3F15100A-LeaderStateImpl: addPendingRequest at RaftClientRequest:client-FE8BBA5C6A13->s9@group-6D3E3F15100A, cid=4464, seq=null, RW, Message:01016102405940000000...(size=12), entry=(t:1, i:109), STATEMACHINELOGENTRY, WRITE: logData.size=12, stateMachineData.size=0, logEntryProtoSerializedSize=0
2024-09-10 06:19:56,571 DEBUG server.RaftServer$Division (RaftServerImpl.java:logAppendEntries(1539)) - s7@group-6D3E3F15100A: appendEntries* s9->s7#281-t1,previous=(t:1, i:108),leaderCommit=108,initializing? false,entries: size=1, first=(t:1, i:109), STATEMACHINELOGENTRY, StateMachineLogEntryProto:4464@client-FE8BBA5C6A13
2024-09-10 06:19:56,571 DEBUG server.RaftServer$Division (RaftServerImpl.java:logAppendEntries(1539)) - s8@group-6D3E3F15100A: appendEntries* reply s9<-s8#244:OK-t1,SUCCESS,nextIndex=108,followerCommit=107,matchIndex=107
2024-09-10 06:19:56,571 DEBUG server.RaftServer$Division (RaftServerImpl.java:logAppendEntries(1539)) - s8@group-6D3E3F15100A: appendEntries* s9->s8#248-t1,previous=(t:1, i:108),leaderCommit=108,initializing? false,entries: size=1, first=(t:1, i:109), STATEMACHINELOGENTRY, StateMachineLogEntryProto:4464@client-FE8BBA5C6A13
2024-09-10 06:19:56,571 DEBUG server.RaftServer$Division (RaftServerImpl.java:logAppendEntries(1539)) - s7@group-6D3E3F15100A: appendEntries* reply s9<-s7#281:OK-t1,SUCCESS,nextIndex=110,followerCommit=108,matchIndex=109
2024-09-10 06:19:56,571 INFO  statemachine.StateMachine (ArithmeticStateMachine.java:applyTransaction(181)) - LEADER:s9-109: a = 101 = 101
2024-09-10 06:19:56,572 DEBUG server.RaftServer$Division (RaftServerImpl.java:logAppendEntries(1539)) - s7@group-6D3E3F15100A: appendEntries* s9->s7#282-t1,previous=(t:1, i:109),leaderCommit=109,initializing? false,entries: size=1, first=(t:1, i:110), METADATAENTRY(c:109)
2024-09-10 06:19:56,572 DEBUG server.RaftServer$Division (RaftServerImpl.java:logAppendEntries(1539)) - s8@group-6D3E3F15100A: appendEntries* reply s9<-s8#248:OK-t1,SUCCESS,nextIndex=110,followerCommit=108,matchIndex=109
2024-09-10 06:19:56,572 DEBUG server.RaftServer$Division (RaftServerImpl.java:logAppendEntries(1539)) - s7@group-6D3E3F15100A: appendEntries* reply s9<-s7#282:OK-t1,SUCCESS,nextIndex=111,followerCommit=109,matchIndex=110
2024-09-10 06:19:56,573 DEBUG server.RaftServer$Division (RaftServerImpl.java:logAppendEntries(1539)) - s8@group-6D3E3F15100A: appendEntries* s9->s8#250-t1,previous=(t:1, i:109),leaderCommit=109,initializing? false,entries: size=1, first=(t:1, i:110), METADATAENTRY(c:109)
2024-09-10 06:19:56,573 DEBUG server.RaftServer$Division (RaftServerImpl.java:logAppendEntries(1539)) - s8@group-6D3E3F15100A: appendEntries* reply s9<-s8#250:OK-t1,SUCCESS,nextIndex=111,followerCommit=109,matchIndex=110
2024-09-10 06:19:56,574 DEBUG server.RaftServer$Division (RaftServerImpl.java:submitClientRequestAsync(910)) - s9@group-6D3E3F15100A: receive client request(RaftClientRequest:client-FE8BBA5C6A13->s9@group-6D3E3F15100A, cid=4465, seq=null, RW, Message:0101620240b3ec000000...(size=12))
2024-09-10 06:19:56,574 DEBUG server.RaftServer$Division (LeaderStateImpl.java:addPendingRequest(532)) - s9@group-6D3E3F15100A-LeaderStateImpl: addPendingRequest at RaftClientRequest:client-FE8BBA5C6A13->s9@group-6D3E3F15100A, cid=4465, seq=null, RW, Message:0101620240b3ec000000...(size=12), entry=(t:1, i:111), STATEMACHINELOGENTRY, WRITE: logData.size=12, stateMachineData.size=0, logEntryProtoSerializedSize=0
2024-09-10 06:19:56,574 DEBUG server.RaftServer$Division (RaftServerImpl.java:logAppendEntries(1539)) - s7@group-6D3E3F15100A: appendEntries* s9->s7#286-t1,previous=(t:1, i:110),leaderCommit=110,initializing? false,entries: size=1, first=(t:1, i:111), STATEMACHINELOGENTRY, StateMachineLogEntryProto:4465@client-FE8BBA5C6A13
2024-09-10 06:19:56,575 DEBUG server.RaftServer$Division (RaftServerImpl.java:logAppendEntries(1539)) - s8@group-6D3E3F15100A: appendEntries* s9->s8#254-t1,previous=(t:1, i:110),leaderCommit=110,initializing? false,entries: size=1, first=(t:1, i:111), STATEMACHINELOGENTRY, StateMachineLogEntryProto:4465@client-FE8BBA5C6A13
2024-09-10 06:19:56,575 DEBUG server.RaftServer$Division (RaftServerImpl.java:logAppendEntries(1539)) - s7@group-6D3E3F15100A: appendEntries* reply s9<-s7#286:OK-t1,SUCCESS,nextIndex=112,followerCommit=110,matchIndex=111
2024-09-10 06:19:56,575 INFO  statemachine.StateMachine (ArithmeticStateMachine.java:applyTransaction(181)) - LEADER:s9-111: b = 5100 = 5100
2024-09-10 06:19:56,575 DEBUG server.RaftServer$Division (RaftServerImpl.java:logAppendEntries(1539)) - s7@group-6D3E3F15100A: appendEntries* s9->s7#288-t1,previous=(t:1, i:111),leaderCommit=111,initializing? false,entries: size=1, first=(t:1, i:112), METADATAENTRY(c:111)
2024-09-10 06:19:56,576 DEBUG server.RaftServer$Division (RaftServerImpl.java:logAppendEntries(1539)) - s8@group-6D3E3F15100A: appendEntries* s9->s8#256-t1,previous=(t:1, i:111),leaderCommit=111,initializing? false,entries: size=1, first=(t:1, i:112), METADATAENTRY(c:111)
2024-09-10 06:19:56,576 DEBUG server.RaftServer$Division (RaftServerImpl.java:logAppendEntries(1539)) - s8@group-6D3E3F15100A: appendEntries* reply s9<-s8#254:OK-t1,SUCCESS,nextIndex=112,followerCommit=110,matchIndex=111
2024-09-10 06:19:56,576 DEBUG server.RaftServer$Division (RaftServerImpl.java:logAppendEntries(1539)) - s8@group-6D3E3F15100A: appendEntries* reply s9<-s8#256:OK-t1,SUCCESS,nextIndex=113,followerCommit=111,matchIndex=112
2024-09-10 06:19:56,576 DEBUG server.RaftServer$Division (RaftServerImpl.java:logAppendEntries(1539)) - s7@group-6D3E3F15100A: appendEntries* reply s9<-s7#288:OK-t1,SUCCESS,nextIndex=113,followerCommit=111,matchIndex=112
2024-09-10 06:19:56,577 DEBUG server.RaftServer$Division (RaftServerImpl.java:submitClientRequestAsync(910)) - s9@group-6D3E3F15100A: receive client request(RaftClientRequest:client-FE8BBA5C6A13->s9@group-6D3E3F15100A, cid=4466, seq=null, RW, Message:01016304010300040201...(size=17))
2024-09-10 06:19:56,577 DEBUG server.RaftServer$Division (LeaderStateImpl.java:addPendingRequest(532)) - s9@group-6D3E3F15100A-LeaderStateImpl: addPendingRequest at RaftClientRequest:client-FE8BBA5C6A13->s9@group-6D3E3F15100A, cid=4466, seq=null, RW, Message:01016304010300040201...(size=17), entry=(t:1, i:113), STATEMACHINELOGENTRY, WRITE: logData.size=17, stateMachineData.size=0, logEntryProtoSerializedSize=0
2024-09-10 06:19:56,578 DEBUG server.RaftServer$Division (RaftServerImpl.java:logAppendEntries(1539)) - s7@group-6D3E3F15100A: appendEntries* s9->s7#292-t1,previous=(t:1, i:112),leaderCommit=112,initializing? false,entries: size=1, first=(t:1, i:113), STATEMACHINELOGENTRY, StateMachineLogEntryProto:4466@client-FE8BBA5C6A13
2024-09-10 06:19:56,578 DEBUG server.RaftServer$Division (RaftServerImpl.java:logAppendEntries(1539)) - s8@group-6D3E3F15100A: appendEntries* s9->s8#261-t1,previous=(t:1, i:112),leaderCommit=112,initializing? false,entries: size=1, first=(t:1, i:113), STATEMACHINELOGENTRY, StateMachineLogEntryProto:4466@client-FE8BBA5C6A13
2024-09-10 06:19:56,578 DEBUG server.RaftServer$Division (RaftServerImpl.java:logAppendEntries(1539)) - s7@group-6D3E3F15100A: appendEntries* reply s9<-s7#292:OK-t1,SUCCESS,nextIndex=114,followerCommit=112,matchIndex=113
2024-09-10 06:19:56,578 DEBUG server.RaftServer$Division (RaftServerImpl.java:logAppendEntries(1539)) - s8@group-6D3E3F15100A: appendEntries* reply s9<-s8#261:OK-t1,SUCCESS,nextIndex=114,followerCommit=112,matchIndex=113
2024-09-10 06:19:56,579 INFO  statemachine.StateMachine (ArithmeticStateMachine.java:applyTransaction(181)) - LEADER:s9-113: c = √(a^2 + b^2) = 5101
2024-09-10 06:19:56,579 DEBUG server.RaftServer$Division (RaftServerImpl.java:logAppendEntries(1539)) - s7@group-6D3E3F15100A: appendEntries* s9->s7#293-t1,previous=(t:1, i:113),leaderCommit=113,initializing? false,entries: size=1, first=(t:1, i:114), METADATAENTRY(c:113)
2024-09-10 06:19:56,580 DEBUG server.RaftServer$Division (RaftServerImpl.java:logAppendEntries(1539)) - s7@group-6D3E3F15100A: appendEntries* reply s9<-s7#293:OK-t1,SUCCESS,nextIndex=115,followerCommit=113,matchIndex=114
2024-09-10 06:19:56,580 DEBUG server.RaftServer$Division (RaftServerImpl.java:logAppendEntries(1539)) - s8@group-6D3E3F15100A: appendEntries* s9->s8#263-t1,previous=(t:1, i:113),leaderCommit=113,initializing? false,entries: size=1, first=(t:1, i:114), METADATAENTRY(c:113)
2024-09-10 06:19:56,581 DEBUG server.RaftServer$Division (RaftServerImpl.java:logAppendEntries(1539)) - s8@group-6D3E3F15100A: appendEntries* reply s9<-s8#263:OK-t1,SUCCESS,nextIndex=115,followerCommit=113,matchIndex=114
2024-09-10 06:19:56,582 DEBUG server.RaftServer$Division (RaftServerImpl.java:submitClientRequestAsync(910)) - s9@group-6D3E3F15100A: receive client request(RaftClientRequest:client-FE8BBA5C6A13->s9@group-6D3E3F15100A, cid=4467, seq=null, RW, Message:01016100)
2024-09-10 06:19:56,582 DEBUG server.RaftServer$Division (LeaderStateImpl.java:addPendingRequest(532)) - s9@group-6D3E3F15100A-LeaderStateImpl: addPendingRequest at RaftClientRequest:client-FE8BBA5C6A13->s9@group-6D3E3F15100A, cid=4467, seq=null, RW, Message:01016100, entry=(t:1, i:115), STATEMACHINELOGENTRY, WRITE: logData.size=4, stateMachineData.size=0, logEntryProtoSerializedSize=0
2024-09-10 06:19:56,582 DEBUG server.RaftServer$Division (RaftServerImpl.java:logAppendEntries(1539)) - s7@group-6D3E3F15100A: appendEntries* s9->s7#297-t1,previous=(t:1, i:114),leaderCommit=114,initializing? false,entries: size=1, first=(t:1, i:115), STATEMACHINELOGENTRY, StateMachineLogEntryProto:4467@client-FE8BBA5C6A13
2024-09-10 06:19:56,582 DEBUG server.RaftServer$Division (RaftServerImpl.java:logAppendEntries(1539)) - s8@group-6D3E3F15100A: appendEntries* s9->s8#269-t1,previous=(t:1, i:114),leaderCommit=114,initializing? false,entries: size=1, first=(t:1, i:115), STATEMACHINELOGENTRY, StateMachineLogEntryProto:4467@client-FE8BBA5C6A13
2024-09-10 06:19:56,583 DEBUG server.RaftServer$Division (RaftServerImpl.java:logAppendEntries(1539)) - s7@group-6D3E3F15100A: appendEntries* reply s9<-s7#297:OK-t1,SUCCESS,nextIndex=116,followerCommit=114,matchIndex=115
2024-09-10 06:19:56,583 DEBUG server.RaftServer$Division (RaftServerImpl.java:logAppendEntries(1539)) - s8@group-6D3E3F15100A: appendEntries* reply s9<-s8#269:OK-t1,SUCCESS,nextIndex=116,followerCommit=114,matchIndex=115
2024-09-10 06:19:56,583 INFO  statemachine.StateMachine (ArithmeticStateMachine.java:applyTransaction(181)) - LEADER:s9-115: a = null = null
2024-09-10 06:19:56,584 DEBUG server.RaftServer$Division (RaftServerImpl.java:logAppendEntries(1539)) - s7@group-6D3E3F15100A: appendEntries* s9->s7#298-t1,previous=(t:1, i:115),leaderCommit=115,initializing? false,entries: size=1, first=(t:1, i:116), METADATAENTRY(c:115)
2024-09-10 06:19:56,585 DEBUG server.RaftServer$Division (RaftServerImpl.java:logAppendEntries(1539)) - s8@group-6D3E3F15100A: appendEntries* s9->s8#270-t1,previous=(t:1, i:115),leaderCommit=115,initializing? false,entries: size=1, first=(t:1, i:116), METADATAENTRY(c:115)
2024-09-10 06:19:56,585 DEBUG server.RaftServer$Division (RaftServerImpl.java:logAppendEntries(1539)) - s7@group-6D3E3F15100A: appendEntries* reply s9<-s7#298:OK-t1,SUCCESS,nextIndex=117,followerCommit=115,matchIndex=116
2024-09-10 06:19:56,585 DEBUG server.RaftServer$Division (RaftServerImpl.java:submitClientRequestAsync(910)) - s9@group-6D3E3F15100A: receive client request(RaftClientRequest:client-FE8BBA5C6A13->s9@group-6D3E3F15100A, cid=4468, seq=null, RW, Message:01016200)
2024-09-10 06:19:56,585 DEBUG server.RaftServer$Division (LeaderStateImpl.java:addPendingRequest(532)) - s9@group-6D3E3F15100A-LeaderStateImpl: addPendingRequest at RaftClientRequest:client-FE8BBA5C6A13->s9@group-6D3E3F15100A, cid=4468, seq=null, RW, Message:01016200, entry=(t:1, i:117), STATEMACHINELOGENTRY, WRITE: logData.size=4, stateMachineData.size=0, logEntryProtoSerializedSize=0
2024-09-10 06:19:56,586 DEBUG server.RaftServer$Division (RaftServerImpl.java:logAppendEntries(1539)) - s8@group-6D3E3F15100A: appendEntries* s9->s8#271-t1,previous=(t:1, i:116),leaderCommit=115,initializing? false,entries: size=1, first=(t:1, i:117), STATEMACHINELOGENTRY, StateMachineLogEntryProto:4468@client-FE8BBA5C6A13
2024-09-10 06:19:56,586 DEBUG server.RaftServer$Division (RaftServerImpl.java:logAppendEntries(1539)) - s7@group-6D3E3F15100A: appendEntries* s9->s7#299-t1,previous=(t:1, i:116),leaderCommit=115,initializing? false,entries: size=1, first=(t:1, i:117), STATEMACHINELOGENTRY, StateMachineLogEntryProto:4468@client-FE8BBA5C6A13
2024-09-10 06:19:56,586 DEBUG server.RaftServer$Division (RaftServerImpl.java:logAppendEntries(1539)) - s8@group-6D3E3F15100A: appendEntries* reply s9<-s8#270:OK-t1,SUCCESS,nextIndex=117,followerCommit=115,matchIndex=116
2024-09-10 06:19:56,586 DEBUG server.RaftServer$Division (RaftServerImpl.java:logAppendEntries(1539)) - s8@group-6D3E3F15100A: appendEntries* reply s9<-s8#271:OK-t1,SUCCESS,nextIndex=118,followerCommit=115,matchIndex=117
2024-09-10 06:19:56,586 DEBUG server.RaftServer$Division (RaftServerImpl.java:logAppendEntries(1539)) - s7@group-6D3E3F15100A: appendEntries* reply s9<-s7#299:OK-t1,SUCCESS,nextIndex=118,followerCommit=115,matchIndex=117
2024-09-10 06:19:56,587 INFO  statemachine.StateMachine (ArithmeticStateMachine.java:applyTransaction(181)) - LEADER:s9-117: b = null = null
2024-09-10 06:19:56,587 DEBUG server.RaftServer$Division (RaftServerImpl.java:logAppendEntries(1539)) - s7@group-6D3E3F15100A: appendEntries* s9->s7#301-t1,previous=(t:1, i:117),leaderCommit=117,initializing? false,entries: size=1, first=(t:1, i:118), METADATAENTRY(c:117)
2024-09-10 06:19:56,587 DEBUG server.RaftServer$Division (RaftServerImpl.java:logAppendEntries(1539)) - s7@group-6D3E3F15100A: appendEntries* reply s9<-s7#301:OK-t1,SUCCESS,nextIndex=119,followerCommit=117,matchIndex=118
2024-09-10 06:19:56,588 DEBUG server.RaftServer$Division (RaftServerImpl.java:logAppendEntries(1539)) - s8@group-6D3E3F15100A: appendEntries* s9->s8#273-t1,previous=(t:1, i:117),leaderCommit=117,initializing? false,entries: size=1, first=(t:1, i:118), METADATAENTRY(c:117)
2024-09-10 06:19:56,588 DEBUG server.RaftServer$Division (RaftServerImpl.java:logAppendEntries(1539)) - s8@group-6D3E3F15100A: appendEntries* reply s9<-s8#273:OK-t1,SUCCESS,nextIndex=119,followerCommit=117,matchIndex=118
2024-09-10 06:19:56,589 DEBUG server.RaftServer$Division (RaftServerImpl.java:submitClientRequestAsync(910)) - s9@group-6D3E3F15100A: receive client request(RaftClientRequest:client-FE8BBA5C6A13->s9@group-6D3E3F15100A, cid=4469, seq=null, RW, Message:01016300)
2024-09-10 06:19:56,589 DEBUG server.RaftServer$Division (LeaderStateImpl.java:addPendingRequest(532)) - s9@group-6D3E3F15100A-LeaderStateImpl: addPendingRequest at RaftClientRequest:client-FE8BBA5C6A13->s9@group-6D3E3F15100A, cid=4469, seq=null, RW, Message:01016300, entry=(t:1, i:119), STATEMACHINELOGENTRY, WRITE: logData.size=4, stateMachineData.size=0, logEntryProtoSerializedSize=0
2024-09-10 06:19:56,589 DEBUG server.RaftServer$Division (RaftServerImpl.java:logAppendEntries(1539)) - s8@group-6D3E3F15100A: appendEntries* s9->s8#276-t1,previous=(t:1, i:118),leaderCommit=118,initializing? false,entries: size=1, first=(t:1, i:119), STATEMACHINELOGENTRY, StateMachineLogEntryProto:4469@client-FE8BBA5C6A13
2024-09-10 06:19:56,590 DEBUG server.RaftServer$Division (RaftServerImpl.java:logAppendEntries(1539)) - s7@group-6D3E3F15100A: appendEntries* s9->s7#303-t1,previous=(t:1, i:118),leaderCommit=118,initializing? false,entries: size=1, first=(t:1, i:119), STATEMACHINELOGENTRY, StateMachineLogEntryProto:4469@client-FE8BBA5C6A13
2024-09-10 06:19:56,590 DEBUG server.RaftServer$Division (RaftServerImpl.java:logAppendEntries(1539)) - s8@group-6D3E3F15100A: appendEntries* reply s9<-s8#276:OK-t1,SUCCESS,nextIndex=120,followerCommit=118,matchIndex=119
2024-09-10 06:19:56,590 DEBUG server.RaftServer$Division (RaftServerImpl.java:logAppendEntries(1539)) - s7@group-6D3E3F15100A: appendEntries* reply s9<-s7#303:OK-t1,SUCCESS,nextIndex=120,followerCommit=118,matchIndex=119
2024-09-10 06:19:56,590 INFO  statemachine.StateMachine (ArithmeticStateMachine.java:applyTransaction(181)) - LEADER:s9-119: c = null = null
2024-09-10 06:19:56,590 DEBUG server.RaftServer$Division (RaftServerImpl.java:logAppendEntries(1539)) - s7@group-6D3E3F15100A: appendEntries* s9->s7#304-t1,previous=(t:1, i:119),leaderCommit=119,initializing? false,entries: size=1, first=(t:1, i:120), METADATAENTRY(c:119)
2024-09-10 06:19:56,591 DEBUG server.RaftServer$Division (RaftServerImpl.java:logAppendEntries(1539)) - s7@group-6D3E3F15100A: appendEntries* reply s9<-s7#304:OK-t1,SUCCESS,nextIndex=121,followerCommit=119,matchIndex=120
2024-09-10 06:19:56,592 DEBUG server.RaftServer$Division (RaftServerImpl.java:logAppendEntries(1539)) - s8@group-6D3E3F15100A: appendEntries* s9->s8#278-t1,previous=(t:1, i:119),leaderCommit=119,initializing? false,entries: size=1, first=(t:1, i:120), METADATAENTRY(c:119)
2024-09-10 06:19:56,592 DEBUG server.RaftServer$Division (RaftServerImpl.java:logAppendEntries(1539)) - s8@group-6D3E3F15100A: appendEntries* reply s9<-s8#278:OK-t1,SUCCESS,nextIndex=121,followerCommit=119,matchIndex=120
| MiniRaftClusterWithGrpc[3, 6, 9, 12, 15]chosen=0 | start groups | 229 |
2024-09-10 06:19:56,598 INFO  impl.GroupManagementBaseTest (GroupManagementBaseTest.java:runMultiGroupTest(291)) - start groups: printing ALL groups
  s3:  RUNNING [
   FOLLOWER s3@group-05D5B636F8BE:t1, leader=s14, voted=s14, raftlog=Memoized:s3@group-05D5B636F8BE-SegmentedRaftLog:OPENED:c120:last(t:1, i:120), conf=conf: {index: 0, cur=peers:[s3|0.0.0.0:15003, s14|0.0.0.0:15014, s2|0.0.0.0:15002]|listeners:[], old=null} RUNNING
   FOLLOWER s3@group-DF8C9DCF2580:t0, leader=null, voted=, raftlog=Memoized:s3@group-DF8C9DCF2580-SegmentedRaftLog:OPENED:c-1:lastnull, conf=conf: {index: -1, cur=peers:[]|listeners:[], old=null} STARTING] size=2
  s4:  RUNNING [
   FOLLOWER s4@group-7DC22DB0A052:t1, leader=s6, voted=s6, raftlog=Memoized:s4@group-7DC22DB0A052-SegmentedRaftLog:OPENED:c120:last(t:1, i:120), conf=conf: {index: 0, cur=peers:[s4|0.0.0.0:15004, s5|0.0.0.0:15005, s6|0.0.0.0:15006]|listeners:[], old=null} RUNNING
   FOLLOWER s4@group-DF8C9DCF2580:t0, leader=null, voted=, raftlog=Memoized:s4@group-DF8C9DCF2580-SegmentedRaftLog:OPENED:c-1:lastnull, conf=conf: {index: -1, cur=peers:[]|listeners:[], old=null} STARTING] size=2
  s5:  RUNNING [
   FOLLOWER s5@group-7DC22DB0A052:t1, leader=s6, voted=s6, raftlog=Memoized:s5@group-7DC22DB0A052-SegmentedRaftLog:OPENED:c120:last(t:1, i:120), conf=conf: {index: 0, cur=peers:[s4|0.0.0.0:15004, s5|0.0.0.0:15005, s6|0.0.0.0:15006]|listeners:[], old=null} RUNNING
   FOLLOWER s5@group-DF8C9DCF2580:t0, leader=null, voted=, raftlog=Memoized:s5@group-DF8C9DCF2580-SegmentedRaftLog:OPENED:c-1:lastnull, conf=conf: {index: -1, cur=peers:[]|listeners:[], old=null} STARTING] size=2
  s6:  RUNNING [
     LEADER s6@group-7DC22DB0A052:t1, leader=s6, voted=s6, raftlog=Memoized:s6@group-7DC22DB0A052-SegmentedRaftLog:OPENED:c120:last(t:1, i:120), conf=conf: {index: 0, cur=peers:[s4|0.0.0.0:15004, s5|0.0.0.0:15005, s6|0.0.0.0:15006]|listeners:[], old=null} RUNNING
   FOLLOWER s6@group-DF8C9DCF2580:t0, leader=null, voted=, raftlog=Memoized:s6@group-DF8C9DCF2580-SegmentedRaftLog:OPENED:c-1:lastnull, conf=conf: {index: -1, cur=peers:[]|listeners:[], old=null} STARTING] size=2
  s7:  RUNNING [
   FOLLOWER s7@group-6D3E3F15100A:t1, leader=s9, voted=s9, raftlog=Memoized:s7@group-6D3E3F15100A-SegmentedRaftLog:OPENED:c119:last(t:1, i:120), conf=conf: {index: 0, cur=peers:[s7|0.0.0.0:15007, s8|0.0.0.0:15008, s9|0.0.0.0:15009]|listeners:[], old=null} RUNNING
   FOLLOWER s7@group-DF8C9DCF2580:t0, leader=null, voted=, raftlog=Memoized:s7@group-DF8C9DCF2580-SegmentedRaftLog:OPENED:c-1:lastnull, conf=conf: {index: -1, cur=peers:[]|listeners:[], old=null} STARTING] size=2
  s8:  RUNNING [
   FOLLOWER s8@group-6D3E3F15100A:t1, leader=s9, voted=s9, raftlog=Memoized:s8@group-6D3E3F15100A-SegmentedRaftLog:OPENED:c119:last(t:1, i:120), conf=conf: {index: 0, cur=peers:[s7|0.0.0.0:15007, s8|0.0.0.0:15008, s9|0.0.0.0:15009]|listeners:[], old=null} RUNNING
   FOLLOWER s8@group-DF8C9DCF2580:t0, leader=null, voted=, raftlog=Memoized:s8@group-DF8C9DCF2580-SegmentedRaftLog:OPENED:c-1:lastnull, conf=conf: {index: -1, cur=peers:[]|listeners:[], old=null} STARTING] size=2
  s9:  RUNNING [
     LEADER s9@group-6D3E3F15100A:t1, leader=s9, voted=s9, raftlog=Memoized:s9@group-6D3E3F15100A-SegmentedRaftLog:OPENED:c120:last(t:1, i:120), conf=conf: {index: 0, cur=peers:[s7|0.0.0.0:15007, s8|0.0.0.0:15008, s9|0.0.0.0:15009]|listeners:[], old=null} RUNNING
   FOLLOWER s9@group-DF8C9DCF2580:t0, leader=null, voted=, raftlog=Memoized:s9@group-DF8C9DCF2580-SegmentedRaftLog:OPENED:c-1:lastnull, conf=conf: {index: -1, cur=peers:[]|listeners:[], old=null} STARTING] size=2
  s11:  RUNNING [
     LEADER s11@group-0052E07B9BEC:t1, leader=s11, voted=s11, raftlog=Memoized:s11@group-0052E07B9BEC-SegmentedRaftLog:CLOSED:c36, conf=conf: {index: 0, cur=peers:[s11|0.0.0.0:15011, s13|0.0.0.0:15013, s12|0.0.0.0:15012]|listeners:[], old=null} CLOSED
   FOLLOWER s11@group-DF8C9DCF2580:t0, leader=null, voted=, raftlog=Memoized:s11@group-DF8C9DCF2580-SegmentedRaftLog:OPENED:c-1:lastnull, conf=conf: {index: -1, cur=peers:[]|listeners:[], old=null} STARTING] size=2
  s10:  RUNNING [
   FOLLOWER s10@group-5D788F7A274C:t1, leader=s0, voted=s0, raftlog=Memoized:s10@group-5D788F7A274C-SegmentedRaftLog:OPENED:c120:last(t:1, i:120), conf=conf: {index: 0, cur=peers:[s10|0.0.0.0:15010, s0|0.0.0.0:15000, s1|0.0.0.0:15001]|listeners:[], old=null} RUNNING
   FOLLOWER s10@group-DF8C9DCF2580:t0, leader=null, voted=, raftlog=Memoized:s10@group-DF8C9DCF2580-SegmentedRaftLog:OPENED:c-1:lastnull, conf=conf: {index: -1, cur=peers:[]|listeners:[], old=null} STARTING] size=2
  s13:  RUNNING [
     LEADER s13@group-0052E07B9BEC:t2, leader=s13, voted=s13, raftlog=Memoized:s13@group-0052E07B9BEC-SegmentedRaftLog:OPENED:c122:last(t:2, i:122), conf=conf: {index: 37, cur=peers:[s11|0.0.0.0:15011, s13|0.0.0.0:15013, s12|0.0.0.0:15012]|listeners:[], old=null} RUNNING
   FOLLOWER s13@group-DF8C9DCF2580:t0, leader=null, voted=, raftlog=Memoized:s13@group-DF8C9DCF2580-SegmentedRaftLog:OPENED:c-1:lastnull, conf=conf: {index: -1, cur=peers:[]|listeners:[], old=null} STARTING] size=2
  s12:  RUNNING [
   FOLLOWER s12@group-0052E07B9BEC:t2, leader=s13, voted=s13, raftlog=Memoized:s12@group-0052E07B9BEC-SegmentedRaftLog:OPENED:c122:last(t:2, i:122), conf=conf: {index: 37, cur=peers:[s11|0.0.0.0:15011, s13|0.0.0.0:15013, s12|0.0.0.0:15012]|listeners:[], old=null} RUNNING
   FOLLOWER s12@group-DF8C9DCF2580:t0, leader=null, voted=, raftlog=Memoized:s12@group-DF8C9DCF2580-SegmentedRaftLog:OPENED:c-1:lastnull, conf=conf: {index: -1, cur=peers:[]|listeners:[], old=null} STARTING] size=2
  s14:  RUNNING [
     LEADER s14@group-05D5B636F8BE:t1, leader=s14, voted=s14, raftlog=Memoized:s14@group-05D5B636F8BE-SegmentedRaftLog:OPENED:c120:last(t:1, i:120), conf=conf: {index: 0, cur=peers:[s3|0.0.0.0:15003, s14|0.0.0.0:15014, s2|0.0.0.0:15002]|listeners:[], old=null} RUNNING
   FOLLOWER s14@group-DF8C9DCF2580:t0, leader=null, voted=, raftlog=Memoized:s14@group-DF8C9DCF2580-SegmentedRaftLog:OPENED:c-1:lastnull, conf=conf: {index: -1, cur=peers:[]|listeners:[], old=null} STARTING] size=2
  s0:  RUNNING [
     LEADER s0@group-5D788F7A274C:t1, leader=s0, voted=s0, raftlog=Memoized:s0@group-5D788F7A274C-SegmentedRaftLog:OPENED:c120:last(t:1, i:120), conf=conf: {index: 0, cur=peers:[s10|0.0.0.0:15010, s0|0.0.0.0:15000, s1|0.0.0.0:15001]|listeners:[], old=null} RUNNING
   FOLLOWER s0@group-DF8C9DCF2580:t0, leader=null, voted=, raftlog=Memoized:s0@group-DF8C9DCF2580-SegmentedRaftLog:OPENED:c-1:lastnull, conf=conf: {index: -1, cur=peers:[]|listeners:[], old=null} STARTING] size=2
  s1:  RUNNING [
   FOLLOWER s1@group-5D788F7A274C:t1, leader=s0, voted=s1, raftlog=Memoized:s1@group-5D788F7A274C-SegmentedRaftLog:OPENED:c120:last(t:1, i:120), conf=conf: {index: 0, cur=peers:[s10|0.0.0.0:15010, s0|0.0.0.0:15000, s1|0.0.0.0:15001]|listeners:[], old=null} RUNNING
   FOLLOWER s1@group-DF8C9DCF2580:t0, leader=null, voted=, raftlog=Memoized:s1@group-DF8C9DCF2580-SegmentedRaftLog:OPENED:c-1:lastnull, conf=conf: {index: -1, cur=peers:[]|listeners:[], old=null} STARTING] size=2
  s2:  RUNNING [
   FOLLOWER s2@group-05D5B636F8BE:t1, leader=s14, voted=s14, raftlog=Memoized:s2@group-05D5B636F8BE-SegmentedRaftLog:OPENED:c120:last(t:1, i:120), conf=conf: {index: 0, cur=peers:[s3|0.0.0.0:15003, s14|0.0.0.0:15014, s2|0.0.0.0:15002]|listeners:[], old=null} RUNNING
   FOLLOWER s2@group-DF8C9DCF2580:t0, leader=null, voted=, raftlog=Memoized:s2@group-DF8C9DCF2580-SegmentedRaftLog:OPENED:c-1:lastnull, conf=conf: {index: -1, cur=peers:[]|listeners:[], old=null} STARTING] size=2
2024-09-10 06:19:56,598 INFO  impl.GroupManagementBaseTest (GroupManagementBaseTest.java:runMultiGroupTest(294)) - chosen = 0, group-5D788F7A274C:[s10|0.0.0.0:15010, s0|0.0.0.0:15000, s1|0.0.0.0:15001]
2024-09-10 06:19:56,599 INFO  impl.GroupManagementBaseTest (GroupManagementBaseTest.java:runMultiGroupTest(299)) - 1) close printing group-0052E07B9BEC
  s11:  RUNNING [
     LEADER s11@group-0052E07B9BEC:t1, leader=s11, voted=s11, raftlog=Memoized:s11@group-0052E07B9BEC-SegmentedRaftLog:CLOSED:c36, conf=conf: {index: 0, cur=peers:[s11|0.0.0.0:15011, s13|0.0.0.0:15013, s12|0.0.0.0:15012]|listeners:[], old=null} CLOSED
   FOLLOWER s11@group-DF8C9DCF2580:t0, leader=null, voted=, raftlog=Memoized:s11@group-DF8C9DCF2580-SegmentedRaftLog:OPENED:c-1:lastnull, conf=conf: {index: -1, cur=peers:[]|listeners:[], old=null} STARTING] size=2
  s13:  RUNNING [
     LEADER s13@group-0052E07B9BEC:t2, leader=s13, voted=s13, raftlog=Memoized:s13@group-0052E07B9BEC-SegmentedRaftLog:OPENED:c122:last(t:2, i:122), conf=conf: {index: 37, cur=peers:[s11|0.0.0.0:15011, s13|0.0.0.0:15013, s12|0.0.0.0:15012]|listeners:[], old=null} RUNNING
   FOLLOWER s13@group-DF8C9DCF2580:t0, leader=null, voted=, raftlog=Memoized:s13@group-DF8C9DCF2580-SegmentedRaftLog:OPENED:c-1:lastnull, conf=conf: {index: -1, cur=peers:[]|listeners:[], old=null} STARTING] size=2
  s12:  RUNNING [
   FOLLOWER s12@group-0052E07B9BEC:t2, leader=s13, voted=s13, raftlog=Memoized:s12@group-0052E07B9BEC-SegmentedRaftLog:OPENED:c122:last(t:2, i:122), conf=conf: {index: 37, cur=peers:[s11|0.0.0.0:15011, s13|0.0.0.0:15013, s12|0.0.0.0:15012]|listeners:[], old=null} RUNNING
   FOLLOWER s12@group-DF8C9DCF2580:t0, leader=null, voted=, raftlog=Memoized:s12@group-DF8C9DCF2580-SegmentedRaftLog:OPENED:c-1:lastnull, conf=conf: {index: -1, cur=peers:[]|listeners:[], old=null} STARTING] size=2
2024-09-10 06:19:56,608 INFO  server.RaftServer (RaftServerProxy.java:remove(112)) - s11: remove    LEADER s11@group-0052E07B9BEC:t1, leader=s11, voted=s11, raftlog=Memoized:s11@group-0052E07B9BEC-SegmentedRaftLog:CLOSED:c36, conf=conf: {index: 0, cur=peers:[s11|0.0.0.0:15011, s13|0.0.0.0:15013, s12|0.0.0.0:15012]|listeners:[], old=null} CLOSED
2024-09-10 06:19:56,608 TRACE util.FileUtils (FileUtils.java:deleteFully(305)) - deleteFully /home/runner/work/ratis/ratis/ratis-examples/target/test/data/f624d035/MiniRaftClusterWithGrpc4aa2bfeb/s11/f0720976-9fd9-4a03-868e-0052e07b9bec
2024-09-10 06:19:56,609 TRACE util.FileUtils (LogUtils.java:runAndLog(49)) - Successfully ran Files.delete /home/runner/work/ratis/ratis/ratis-examples/target/test/data/f624d035/MiniRaftClusterWithGrpc4aa2bfeb/s11/f0720976-9fd9-4a03-868e-0052e07b9bec/in_use.lock
2024-09-10 06:19:56,609 TRACE util.FileUtils (LogUtils.java:runAndLog(49)) - Successfully ran Files.delete /home/runner/work/ratis/ratis/ratis-examples/target/test/data/f624d035/MiniRaftClusterWithGrpc4aa2bfeb/s11/f0720976-9fd9-4a03-868e-0052e07b9bec/sm
2024-09-10 06:19:56,609 TRACE util.FileUtils (LogUtils.java:runAndLog(49)) - Successfully ran Files.delete /home/runner/work/ratis/ratis/ratis-examples/target/test/data/f624d035/MiniRaftClusterWithGrpc4aa2bfeb/s11/f0720976-9fd9-4a03-868e-0052e07b9bec/current/log_inprogress_0
2024-09-10 06:19:56,609 TRACE util.FileUtils (LogUtils.java:runAndLog(49)) - Successfully ran Files.delete /home/runner/work/ratis/ratis/ratis-examples/target/test/data/f624d035/MiniRaftClusterWithGrpc4aa2bfeb/s11/f0720976-9fd9-4a03-868e-0052e07b9bec/current/raft-meta.conf
2024-09-10 06:19:56,609 TRACE util.FileUtils (LogUtils.java:runAndLog(49)) - Successfully ran Files.delete /home/runner/work/ratis/ratis/ratis-examples/target/test/data/f624d035/MiniRaftClusterWithGrpc4aa2bfeb/s11/f0720976-9fd9-4a03-868e-0052e07b9bec/current/raft-meta
2024-09-10 06:19:56,610 TRACE util.FileUtils (LogUtils.java:runAndLog(49)) - Successfully ran Files.delete /home/runner/work/ratis/ratis/ratis-examples/target/test/data/f624d035/MiniRaftClusterWithGrpc4aa2bfeb/s11/f0720976-9fd9-4a03-868e-0052e07b9bec/current
2024-09-10 06:19:56,610 TRACE util.FileUtils (LogUtils.java:runAndLog(49)) - Successfully ran Files.delete /home/runner/work/ratis/ratis/ratis-examples/target/test/data/f624d035/MiniRaftClusterWithGrpc4aa2bfeb/s11/f0720976-9fd9-4a03-868e-0052e07b9bec
2024-09-10 06:19:56,610 INFO  server.RaftServer$Division (RaftServerImpl.java:groupRemove(480)) - s11@group-0052E07B9BEC: Succeed to remove RaftStorageDirectory Storage Directory /home/runner/work/ratis/ratis/ratis-examples/target/test/data/f624d035/MiniRaftClusterWithGrpc4aa2bfeb/s11/f0720976-9fd9-4a03-868e-0052e07b9bec
2024-09-10 06:19:56,626 INFO  server.RaftServer (RaftServerProxy.java:remove(112)) - s13: remove    LEADER s13@group-0052E07B9BEC:t2, leader=s13, voted=s13, raftlog=Memoized:s13@group-0052E07B9BEC-SegmentedRaftLog:OPENED:c122:last(t:2, i:122), conf=conf: {index: 37, cur=peers:[s11|0.0.0.0:15011, s13|0.0.0.0:15013, s12|0.0.0.0:15012]|listeners:[], old=null} RUNNING
2024-09-10 06:19:56,626 INFO  server.RaftServer$Division (RaftServerImpl.java:lambda$close$1(510)) - s13@group-0052E07B9BEC: shutdown
2024-09-10 06:19:56,626 INFO  util.JmxRegister (JmxRegister.java:unregister(74)) - Successfully un-registered JMX Bean with object name Ratis:service=RaftServer,group=group-0052E07B9BEC,id=s13
2024-09-10 06:19:56,626 INFO  impl.RoleInfo (RoleInfo.java:shutdownLeaderState(103)) - s13: shutdown s13@group-0052E07B9BEC-LeaderStateImpl
2024-09-10 06:19:56,627 WARN  server.GrpcLogAppender (GrpcLogAppender.java:mayWait(293)) - s13@group-0052E07B9BEC->s11-GrpcLogAppender: Wait interrupted by java.lang.InterruptedException
2024-09-10 06:19:56,627 INFO  impl.PendingRequests (PendingRequests.java:sendNotLeaderResponses(287)) - s13@group-0052E07B9BEC-PendingRequests: sendNotLeaderResponses
2024-09-10 06:19:56,627 WARN  server.GrpcLogAppender (GrpcLogAppender.java:mayWait(293)) - s13@group-0052E07B9BEC->s12-GrpcLogAppender: Wait interrupted by java.lang.InterruptedException
2024-09-10 06:19:56,627 INFO  server.GrpcServerProtocolService (GrpcServerProtocolService.java:onCompleted(200)) - s12: Completed APPEND_ENTRIES, lastRequest: null
2024-09-10 06:19:56,627 INFO  server.GrpcServerProtocolService (GrpcServerProtocolService.java:onCompleted(200)) - s11: Completed APPEND_ENTRIES, lastRequest: null
2024-09-10 06:19:56,627 INFO  server.GrpcServerProtocolService (GrpcServerProtocolService.java:onCompleted(200)) - s12: Completed APPEND_ENTRIES, lastRequest: s13->s12#137-t2,previous=(t:2, i:121),leaderCommit=121,initializing? false,entries: size=1, first=(t:2, i:122), METADATAENTRY(c:121)
2024-09-10 06:19:56,628 INFO  server.GrpcServerProtocolService (GrpcServerProtocolService.java:lambda$onCompleted$7(202)) - s12: Completed APPEND_ENTRIES, lastReply: null
2024-09-10 06:19:56,628 INFO  server.GrpcServerProtocolService (GrpcServerProtocolService.java:lambda$onCompleted$7(202)) - s12: Completed APPEND_ENTRIES, lastReply: serverReply {
  requestorId: "s13"
  replyId: "s12"
  raftGroupId {
    id: "\360r\tv\237\331J\003\206\216\000R\340{\233\354"
  }
  callId: 165
  success: true
}
term: 2
nextIndex: 123
followerCommit: 122
matchIndex: 18446744073709551615
isHearbeat: true

2024-09-10 06:19:56,628 INFO  impl.StateMachineUpdater (StateMachineUpdater.java:stop(141)) - s13@group-0052E07B9BEC-StateMachineUpdater: closing ArithmeticStateMachine, lastApplied=(t:2, i:122)
2024-09-10 06:19:56,629 INFO  server.GrpcLogAppender (GrpcLogAppender.java:onCompleted(559)) - s13@group-0052E07B9BEC->s12-AppendLogResponseHandler: follower responses appendEntries COMPLETED
2024-09-10 06:19:56,628 INFO  impl.StateMachineUpdater (StateMachineUpdater.java:stopAndJoin(164)) - s13@group-0052E07B9BEC-StateMachineUpdater: set stopIndex = 122
2024-09-10 06:19:56,629 INFO  util.AwaitToRun (AwaitToRun.java:run(49)) - s13@group-0052E07B9BEC-cacheEviction-AwaitToRun-AwaitForSignal is interrupted
2024-09-10 06:19:56,627 INFO  server.GrpcServerProtocolService (GrpcServerProtocolService.java:onCompleted(200)) - s11: Completed APPEND_ENTRIES, lastRequest: null
2024-09-10 06:19:56,629 INFO  server.GrpcServerProtocolService (GrpcServerProtocolService.java:lambda$onCompleted$7(202)) - s11: Completed APPEND_ENTRIES, lastReply: null
2024-09-10 06:19:56,629 INFO  server.GrpcLogAppender (GrpcLogAppender.java:onCompleted(559)) - s13@group-0052E07B9BEC->s12-AppendLogResponseHandler: follower responses appendEntries COMPLETED
2024-09-10 06:19:56,630 INFO  server.GrpcLogAppender (GrpcLogAppender.java:onCompleted(559)) - s13@group-0052E07B9BEC->s11-AppendLogResponseHandler: follower responses appendEntries COMPLETED
2024-09-10 06:19:56,630 INFO  leader.LogAppender (LogAppenderBase.java:lambda$getNextIndexForError$0(219)) - Decrease nextIndex to 0
2024-09-10 06:19:56,630 INFO  leader.LogAppender (LogAppenderBase.java:lambda$getNextIndexForError$0(219)) - Decrease nextIndex to 0
2024-09-10 06:19:56,630 INFO  leader.FollowerInfo (FollowerInfoImpl.java:info(70)) - s13@group-0052E07B9BEC->s11: computeNextIndex nextIndex: updateUnconditionally 37 -> 0
2024-09-10 06:19:56,954 INFO  impl.MiniRaftCluster (MiniRaftCluster.java:lambda$null$7(352)) - TIMED-PRINT: printing ALL groups
  s3:  RUNNING [
   FOLLOWER s3@group-05D5B636F8BE:t1, leader=s14, voted=s14, raftlog=Memoized:s3@group-05D5B636F8BE-SegmentedRaftLog:OPENED:c120:last(t:1, i:120), conf=conf: {index: 0, cur=peers:[s3|0.0.0.0:15003, s14|0.0.0.0:15014, s2|0.0.0.0:15002]|listeners:[], old=null} RUNNING
   FOLLOWER s3@group-DF8C9DCF2580:t0, leader=null, voted=, raftlog=Memoized:s3@group-DF8C9DCF2580-SegmentedRaftLog:OPENED:c-1:lastnull, conf=conf: {index: -1, cur=peers:[]|listeners:[], old=null} STARTING] size=2
  s4:  RUNNING [
   FOLLOWER s4@group-7DC22DB0A052:t1, leader=s6, voted=s6, raftlog=Memoized:s4@group-7DC22DB0A052-SegmentedRaftLog:OPENED:c120:last(t:1, i:120), conf=conf: {index: 0, cur=peers:[s4|0.0.0.0:15004, s5|0.0.0.0:15005, s6|0.0.0.0:15006]|listeners:[], old=null} RUNNING
   FOLLOWER s4@group-DF8C9DCF2580:t0, leader=null, voted=, raftlog=Memoized:s4@group-DF8C9DCF2580-SegmentedRaftLog:OPENED:c-1:lastnull, conf=conf: {index: -1, cur=peers:[]|listeners:[], old=null} STARTING] size=2
  s5:  RUNNING [
   FOLLOWER s5@group-7DC22DB0A052:t1, leader=s6, voted=s6, raftlog=Memoized:s5@group-7DC22DB0A052-SegmentedRaftLog:OPENED:c120:last(t:1, i:120), conf=conf: {index: 0, cur=peers:[s4|0.0.0.0:15004, s5|0.0.0.0:15005, s6|0.0.0.0:15006]|listeners:[], old=null} RUNNING
   FOLLOWER s5@group-DF8C9DCF2580:t0, leader=null, voted=, raftlog=Memoized:s5@group-DF8C9DCF2580-SegmentedRaftLog:OPENED:c-1:lastnull, conf=conf: {index: -1, cur=peers:[]|listeners:[], old=null} STARTING] size=2
  s6:  RUNNING [
     LEADER s6@group-7DC22DB0A052:t1, leader=s6, voted=s6, raftlog=Memoized:s6@group-7DC22DB0A052-SegmentedRaftLog:OPENED:c120:last(t:1, i:120), conf=conf: {index: 0, cur=peers:[s4|0.0.0.0:15004, s5|0.0.0.0:15005, s6|0.0.0.0:15006]|listeners:[], old=null} RUNNING
   FOLLOWER s6@group-DF8C9DCF2580:t0, leader=null, voted=, raftlog=Memoized:s6@group-DF8C9DCF2580-SegmentedRaftLog:OPENED:c-1:lastnull, conf=conf: {index: -1, cur=peers:[]|listeners:[], old=null} STARTING] size=2
  s7:  RUNNING [
   FOLLOWER s7@group-6D3E3F15100A:t1, leader=s9, voted=s9, raftlog=Memoized:s7@group-6D3E3F15100A-SegmentedRaftLog:OPENED:c120:last(t:1, i:120), conf=conf: {index: 0, cur=peers:[s7|0.0.0.0:15007, s8|0.0.0.0:15008, s9|0.0.0.0:15009]|listeners:[], old=null} RUNNING
   FOLLOWER s7@group-DF8C9DCF2580:t0, leader=null, voted=, raftlog=Memoized:s7@group-DF8C9DCF2580-SegmentedRaftLog:OPENED:c-1:lastnull, conf=conf: {index: -1, cur=peers:[]|listeners:[], old=null} STARTING] size=2
  s8:  RUNNING [
   FOLLOWER s8@group-6D3E3F15100A:t1, leader=s9, voted=s9, raftlog=Memoized:s8@group-6D3E3F15100A-SegmentedRaftLog:OPENED:c120:last(t:1, i:120), conf=conf: {index: 0, cur=peers:[s7|0.0.0.0:15007, s8|0.0.0.0:15008, s9|0.0.0.0:15009]|listeners:[], old=null} RUNNING
   FOLLOWER s8@group-DF8C9DCF2580:t0, leader=null, voted=, raftlog=Memoized:s8@group-DF8C9DCF2580-SegmentedRaftLog:OPENED:c-1:lastnull, conf=conf: {index: -1, cur=peers:[]|listeners:[], old=null} STARTING] size=2
  s9:  RUNNING [
     LEADER s9@group-6D3E3F15100A:t1, leader=s9, voted=s9, raftlog=Memoized:s9@group-6D3E3F15100A-SegmentedRaftLog:OPENED:c120:last(t:1, i:120), conf=conf: {index: 0, cur=peers:[s7|0.0.0.0:15007, s8|0.0.0.0:15008, s9|0.0.0.0:15009]|listeners:[], old=null} RUNNING
   FOLLOWER s9@group-DF8C9DCF2580:t0, leader=null, voted=, raftlog=Memoized:s9@group-DF8C9DCF2580-SegmentedRaftLog:OPENED:c-1:lastnull, conf=conf: {index: -1, cur=peers:[]|listeners:[], old=null} STARTING] size=2
  s11:  RUNNING  FOLLOWER s11@group-DF8C9DCF2580:t0, leader=null, voted=, raftlog=Memoized:s11@group-DF8C9DCF2580-SegmentedRaftLog:OPENED:c-1:lastnull, conf=conf: {index: -1, cur=peers:[]|listeners:[], old=null} STARTING
  s10:  RUNNING [
   FOLLOWER s10@group-5D788F7A274C:t1, leader=s0, voted=s0, raftlog=Memoized:s10@group-5D788F7A274C-SegmentedRaftLog:OPENED:c120:last(t:1, i:120), conf=conf: {index: 0, cur=peers:[s10|0.0.0.0:15010, s0|0.0.0.0:15000, s1|0.0.0.0:15001]|listeners:[], old=null} RUNNING
   FOLLOWER s10@group-DF8C9DCF2580:t0, leader=null, voted=, raftlog=Memoized:s10@group-DF8C9DCF2580-SegmentedRaftLog:OPENED:c-1:lastnull, conf=conf: {index: -1, cur=peers:[]|listeners:[], old=null} STARTING] size=2
  s13:  RUNNING  FOLLOWER s13@group-DF8C9DCF2580:t0, leader=null, voted=, raftlog=Memoized:s13@group-DF8C9DCF2580-SegmentedRaftLog:OPENED:c-1:lastnull, conf=conf: {index: -1, cur=peers:[]|listeners:[], old=null} STARTING
  s12:  RUNNING [
   FOLLOWER s12@group-0052E07B9BEC:t2, leader=s13, voted=s13, raftlog=Memoized:s12@group-0052E07B9BEC-SegmentedRaftLog:OPENED:c122:last(t:2, i:122), conf=conf: {index: 37, cur=peers:[s11|0.0.0.0:15011, s13|0.0.0.0:15013, s12|0.0.0.0:15012]|listeners:[], old=null} RUNNING
   FOLLOWER s12@group-DF8C9DCF2580:t0, leader=null, voted=, raftlog=Memoized:s12@group-DF8C9DCF2580-SegmentedRaftLog:OPENED:c-1:lastnull, conf=conf: {index: -1, cur=peers:[]|listeners:[], old=null} STARTING] size=2
  s14:  RUNNING [
     LEADER s14@group-05D5B636F8BE:t1, leader=s14, voted=s14, raftlog=Memoized:s14@group-05D5B636F8BE-SegmentedRaftLog:OPENED:c120:last(t:1, i:120), conf=conf: {index: 0, cur=peers:[s3|0.0.0.0:15003, s14|0.0.0.0:15014, s2|0.0.0.0:15002]|listeners:[], old=null} RUNNING
   FOLLOWER s14@group-DF8C9DCF2580:t0, leader=null, voted=, raftlog=Memoized:s14@group-DF8C9DCF2580-SegmentedRaftLog:OPENED:c-1:lastnull, conf=conf: {index: -1, cur=peers:[]|listeners:[], old=null} STARTING] size=2
  s0:  RUNNING [
     LEADER s0@group-5D788F7A274C:t1, leader=s0, voted=s0, raftlog=Memoized:s0@group-5D788F7A274C-SegmentedRaftLog:OPENED:c120:last(t:1, i:120), conf=conf: {index: 0, cur=peers:[s10|0.0.0.0:15010, s0|0.0.0.0:15000, s1|0.0.0.0:15001]|listeners:[], old=null} RUNNING
   FOLLOWER s0@group-DF8C9DCF2580:t0, leader=null, voted=, raftlog=Memoized:s0@group-DF8C9DCF2580-SegmentedRaftLog:OPENED:c-1:lastnull, conf=conf: {index: -1, cur=peers:[]|listeners:[], old=null} STARTING] size=2
  s1:  RUNNING [
   FOLLOWER s1@group-5D788F7A274C:t1, leader=s0, voted=s1, raftlog=Memoized:s1@group-5D788F7A274C-SegmentedRaftLog:OPENED:c120:last(t:1, i:120), conf=conf: {index: 0, cur=peers:[s10|0.0.0.0:15010, s0|0.0.0.0:15000, s1|0.0.0.0:15001]|listeners:[], old=null} RUNNING
   FOLLOWER s1@group-DF8C9DCF2580:t0, leader=null, voted=, raftlog=Memoized:s1@group-DF8C9DCF2580-SegmentedRaftLog:OPENED:c-1:lastnull, conf=conf: {index: -1, cur=peers:[]|listeners:[], old=null} STARTING] size=2
  s2:  RUNNING [
   FOLLOWER s2@group-05D5B636F8BE:t1, leader=s14, voted=s14, raftlog=Memoized:s2@group-05D5B636F8BE-SegmentedRaftLog:OPENED:c120:last(t:1, i:120), conf=conf: {index: 0, cur=peers:[s3|0.0.0.0:15003, s14|0.0.0.0:15014, s2|0.0.0.0:15002]|listeners:[], old=null} RUNNING
   FOLLOWER s2@group-DF8C9DCF2580:t0, leader=null, voted=, raftlog=Memoized:s2@group-DF8C9DCF2580-SegmentedRaftLog:OPENED:c-1:lastnull, conf=conf: {index: -1, cur=peers:[]|listeners:[], old=null} STARTING] size=2
2024-09-10 06:19:56,958 WARN  server.GrpcLogAppender (LogUtils.java:warn(123)) - s13@group-0052E07B9BEC->s11-AppendLogResponseHandler: Failed appendEntries (Repeated 38 times in the last 5.002s)
java.util.concurrent.RejectedExecutionException: Task java.util.concurrent.CompletableFuture$AsyncSupply@2eea4a6 rejected from java.util.concurrent.ThreadPoolExecutor@76e18451[Terminated, pool size = 0, active threads = 0, queued tasks = 0, completed tasks = 0]
	at java.util.concurrent.ThreadPoolExecutor$AbortPolicy.rejectedExecution(ThreadPoolExecutor.java:2063)
	at java.util.concurrent.ThreadPoolExecutor.reject(ThreadPoolExecutor.java:830)
	at java.util.concurrent.ThreadPoolExecutor.execute(ThreadPoolExecutor.java:1379)
	at java.util.concurrent.CompletableFuture.asyncSupplyStage(CompletableFuture.java:1618)
	at java.util.concurrent.CompletableFuture.supplyAsync(CompletableFuture.java:1843)
	at org.apache.ratis.server.impl.RaftServerImpl.executeSubmitServerRequestAsync(RaftServerImpl.java:896)
	at org.apache.ratis.server.impl.RaftServerProxy.lambda$appendEntriesAsync$29(RaftServerProxy.java:655)
	at java.util.concurrent.CompletableFuture.uniComposeStage(CompletableFuture.java:995)
	at java.util.concurrent.CompletableFuture.thenCompose(CompletableFuture.java:2137)
	at org.apache.ratis.server.impl.RaftServerProxy.appendEntriesAsync(RaftServerProxy.java:655)
	at org.apache.ratis.grpc.server.GrpcServerProtocolService$1.process(GrpcServerProtocolService.java:307)
	at org.apache.ratis.grpc.server.GrpcServerProtocolService$ServerRequestStreamObserver.onNext(GrpcServerProtocolService.java:174)
	at org.apache.ratis.thirdparty.io.grpc.stub.ServerCalls$StreamingServerCallHandler$StreamingServerCallListener.onMessage(ServerCalls.java:262)
	at org.apache.ratis.thirdparty.io.grpc.internal.ServerCallImpl$ServerStreamListenerImpl.messagesAvailableInternal(ServerCallImpl.java:329)
	at org.apache.ratis.thirdparty.io.grpc.internal.ServerCallImpl$ServerStreamListenerImpl.messagesAvailable(ServerCallImpl.java:314)
	at org.apache.ratis.thirdparty.io.grpc.internal.ServerImpl$JumpToApplicationThreadServerStreamListener$1MessagesAvailable.runInContext(ServerImpl.java:833)
	at org.apache.ratis.thirdparty.io.grpc.internal.ContextRunnable.run(ContextRunnable.java:37)
	at org.apache.ratis.thirdparty.io.grpc.internal.SerializingExecutor.run(SerializingExecutor.java:133)
	at java.util.concurrent.ThreadPoolExecutor.runWorker(ThreadPoolExecutor.java:1149)
	at java.util.concurrent.ThreadPoolExecutor$Worker.run(ThreadPoolExecutor.java:624)
	at java.lang.Thread.run(Thread.java:750)
2024-09-10 06:19:57,299 INFO  impl.FollowerState (FollowerState.java:run(144)) - s12@group-0052E07B9BEC-FollowerState: change to CANDIDATE, lastRpcElapsedTime:803346650ns, electionTimeout:453ms
2024-09-10 06:19:57,300 INFO  impl.RoleInfo (RoleInfo.java:shutdownFollowerState(119)) - s12: shutdown s12@group-0052E07B9BEC-FollowerState
2024-09-10 06:19:57,300 INFO  server.RaftServer$Division (RaftServerImpl.java:setRole(378)) - s12@group-0052E07B9BEC: changes role from  FOLLOWER to CANDIDATE at term 2 for changeToCandidate
2024-09-10 06:19:57,300 INFO  server.RaftServerConfigKeys (ConfUtils.java:logGet(46)) - raft.server.leaderelection.pre-vote = true (default)
2024-09-10 06:19:57,300 INFO  impl.RoleInfo (RoleInfo.java:updateAndGet(148)) - s12: start s12@group-0052E07B9BEC-LeaderElection19
2024-09-10 06:19:57,300 INFO  server.RaftServer$Division (ServerState.java:setLeader(272)) - s12@group-0052E07B9BEC: change Leader from s13 to null at term 2 for PRE_VOTE
2024-09-10 06:19:57,300 INFO  impl.LeaderElection (LeaderElection.java:askForVotes(325)) - s12@group-0052E07B9BEC-LeaderElection19 PRE_VOTE round 0: submit vote requests at term 2 for conf: {index: 37, cur=peers:[s11|0.0.0.0:15011, s13|0.0.0.0:15013, s12|0.0.0.0:15012]|listeners:[], old=null}
2024-09-10 06:19:57,300 INFO  server.GrpcServerProtocolClient (GrpcServerProtocolClient.java:<init>(65)) - Build channel for s11|0.0.0.0:15011
2024-09-10 06:19:57,300 INFO  server.GrpcServerProtocolClient (GrpcServerProtocolClient.java:<init>(65)) - Build channel for s13|0.0.0.0:15013
2024-09-10 06:19:57,306 WARN  server.GrpcServerProtocolService (LogUtils.java:warn(123)) - s11: Failed requestVote s12->s11#0
org.apache.ratis.protocol.exceptions.GroupMismatchException: s11: group-0052E07B9BEC not found.
	at org.apache.ratis.server.impl.RaftServerProxy$ImplMap.get(RaftServerProxy.java:156)
	at org.apache.ratis.server.impl.RaftServerProxy.getImplFuture(RaftServerProxy.java:366)
	at org.apache.ratis.server.impl.RaftServerProxy.getImpl(RaftServerProxy.java:375)
	at org.apache.ratis.server.impl.RaftServerProxy.getImpl(RaftServerProxy.java:370)
	at org.apache.ratis.server.impl.RaftServerProxy.requestVote(RaftServerProxy.java:640)
	at org.apache.ratis.grpc.server.GrpcServerProtocolService.requestVote(GrpcServerProtocolService.java:269)
	at org.apache.ratis.proto.grpc.RaftServerProtocolServiceGrpc$MethodHandlers.invoke(RaftServerProtocolServiceGrpc.java:428)
	at org.apache.ratis.thirdparty.io.grpc.stub.ServerCalls$UnaryServerCallHandler$UnaryServerCallListener.onHalfClose(ServerCalls.java:182)
	at org.apache.ratis.thirdparty.io.grpc.internal.ServerCallImpl$ServerStreamListenerImpl.halfClosed(ServerCallImpl.java:351)
	at org.apache.ratis.thirdparty.io.grpc.internal.ServerImpl$JumpToApplicationThreadServerStreamListener$1HalfClosed.runInContext(ServerImpl.java:860)
	at org.apache.ratis.thirdparty.io.grpc.internal.ContextRunnable.run(ContextRunnable.java:37)
	at org.apache.ratis.thirdparty.io.grpc.internal.SerializingExecutor.run(SerializingExecutor.java:133)
	at java.util.concurrent.ThreadPoolExecutor.runWorker(ThreadPoolExecutor.java:1149)
	at java.util.concurrent.ThreadPoolExecutor$Worker.run(ThreadPoolExecutor.java:624)
	at java.lang.Thread.run(Thread.java:750)
2024-09-10 06:19:57,306 WARN  server.GrpcServerProtocolService (LogUtils.java:warn(123)) - s13: Failed requestVote s12->s13#0
org.apache.ratis.protocol.exceptions.GroupMismatchException: s13: group-0052E07B9BEC not found.
	at org.apache.ratis.server.impl.RaftServerProxy$ImplMap.get(RaftServerProxy.java:156)
	at org.apache.ratis.server.impl.RaftServerProxy.getImplFuture(RaftServerProxy.java:366)
	at org.apache.ratis.server.impl.RaftServerProxy.getImpl(RaftServerProxy.java:375)
	at org.apache.ratis.server.impl.RaftServerProxy.getImpl(RaftServerProxy.java:370)
	at org.apache.ratis.server.impl.RaftServerProxy.requestVote(RaftServerProxy.java:640)
	at org.apache.ratis.grpc.server.GrpcServerProtocolService.requestVote(GrpcServerProtocolService.java:269)
	at org.apache.ratis.proto.grpc.RaftServerProtocolServiceGrpc$MethodHandlers.invoke(RaftServerProtocolServiceGrpc.java:428)
	at org.apache.ratis.thirdparty.io.grpc.stub.ServerCalls$UnaryServerCallHandler$UnaryServerCallListener.onHalfClose(ServerCalls.java:182)
	at org.apache.ratis.thirdparty.io.grpc.internal.ServerCallImpl$ServerStreamListenerImpl.halfClosed(ServerCallImpl.java:351)
	at org.apache.ratis.thirdparty.io.grpc.internal.ServerImpl$JumpToApplicationThreadServerStreamListener$1HalfClosed.runInContext(ServerImpl.java:860)
	at org.apache.ratis.thirdparty.io.grpc.internal.ContextRunnable.run(ContextRunnable.java:37)
	at org.apache.ratis.thirdparty.io.grpc.internal.SerializingExecutor.run(SerializingExecutor.java:133)
	at java.util.concurrent.ThreadPoolExecutor.runWorker(ThreadPoolExecutor.java:1149)
	at java.util.concurrent.ThreadPoolExecutor$Worker.run(ThreadPoolExecutor.java:624)
	at java.lang.Thread.run(Thread.java:750)
2024-09-10 06:19:57,309 INFO  impl.LeaderElection (LogUtils.java:infoOrTrace(136)) - s12@group-0052E07B9BEC-LeaderElection19 got exception when requesting votes: java.util.concurrent.ExecutionException: org.apache.ratis.thirdparty.io.grpc.StatusRuntimeException: INTERNAL: s11: group-0052E07B9BEC not found.
2024-09-10 06:19:57,309 INFO  impl.LeaderElection (LogUtils.java:infoOrTrace(136)) - s12@group-0052E07B9BEC-LeaderElection19 got exception when requesting votes: java.util.concurrent.ExecutionException: org.apache.ratis.thirdparty.io.grpc.StatusRuntimeException: INTERNAL: s13: group-0052E07B9BEC not found.
2024-09-10 06:19:57,309 INFO  impl.LeaderElection (LeaderElection.java:logAndReturn(89)) - s12@group-0052E07B9BEC-LeaderElection19: PRE_VOTE REJECTED received 0 response(s) and 2 exception(s):
2024-09-10 06:19:57,309 INFO  impl.LeaderElection (LogUtils.java:infoOrTrace(136)) -   Exception 0: java.util.concurrent.ExecutionException: org.apache.ratis.thirdparty.io.grpc.StatusRuntimeException: INTERNAL: s11: group-0052E07B9BEC not found.
2024-09-10 06:19:57,309 INFO  impl.LeaderElection (LogUtils.java:infoOrTrace(136)) -   Exception 1: java.util.concurrent.ExecutionException: org.apache.ratis.thirdparty.io.grpc.StatusRuntimeException: INTERNAL: s13: group-0052E07B9BEC not found.
2024-09-10 06:19:57,310 INFO  impl.LeaderElection (LeaderElection.java:askForVotes(327)) - s12@group-0052E07B9BEC-LeaderElection19 PRE_VOTE round 0: result REJECTED
2024-09-10 06:19:57,310 INFO  server.RaftServer$Division (RaftServerImpl.java:setRole(378)) - s12@group-0052E07B9BEC: changes role from CANDIDATE to FOLLOWER at term 2 for REJECTED
2024-09-10 06:19:57,310 INFO  impl.RoleInfo (RoleInfo.java:shutdownLeaderElection(139)) - s12: shutdown s12@group-0052E07B9BEC-LeaderElection19
2024-09-10 06:19:57,310 INFO  impl.RoleInfo (RoleInfo.java:updateAndGet(148)) - s12: start s12@group-0052E07B9BEC-FollowerState
2024-09-10 06:19:57,391 INFO  segmented.SegmentedRaftLogWorker (SegmentedRaftLogWorker.java:close(251)) - s13@group-0052E07B9BEC-SegmentedRaftLogWorker close()
2024-09-10 06:19:57,392 TRACE util.FileUtils (FileUtils.java:deleteFully(305)) - deleteFully /home/runner/work/ratis/ratis/ratis-examples/target/test/data/f624d035/MiniRaftClusterWithGrpc4aa2bfeb/s13/f0720976-9fd9-4a03-868e-0052e07b9bec
2024-09-10 06:19:57,392 TRACE util.FileUtils (LogUtils.java:runAndLog(49)) - Successfully ran Files.delete /home/runner/work/ratis/ratis/ratis-examples/target/test/data/f624d035/MiniRaftClusterWithGrpc4aa2bfeb/s13/f0720976-9fd9-4a03-868e-0052e07b9bec/in_use.lock
2024-09-10 06:19:57,392 TRACE util.FileUtils (LogUtils.java:runAndLog(49)) - Successfully ran Files.delete /home/runner/work/ratis/ratis/ratis-examples/target/test/data/f624d035/MiniRaftClusterWithGrpc4aa2bfeb/s13/f0720976-9fd9-4a03-868e-0052e07b9bec/sm
2024-09-10 06:19:57,392 TRACE util.FileUtils (LogUtils.java:runAndLog(49)) - Successfully ran Files.delete /home/runner/work/ratis/ratis/ratis-examples/target/test/data/f624d035/MiniRaftClusterWithGrpc4aa2bfeb/s13/f0720976-9fd9-4a03-868e-0052e07b9bec/current/log_inprogress_37
2024-09-10 06:19:57,393 TRACE util.FileUtils (LogUtils.java:runAndLog(49)) - Successfully ran Files.delete /home/runner/work/ratis/ratis/ratis-examples/target/test/data/f624d035/MiniRaftClusterWithGrpc4aa2bfeb/s13/f0720976-9fd9-4a03-868e-0052e07b9bec/current/raft-meta.conf
2024-09-10 06:19:57,393 TRACE util.FileUtils (LogUtils.java:runAndLog(49)) - Successfully ran Files.delete /home/runner/work/ratis/ratis/ratis-examples/target/test/data/f624d035/MiniRaftClusterWithGrpc4aa2bfeb/s13/f0720976-9fd9-4a03-868e-0052e07b9bec/current/log_0-36
2024-09-10 06:19:57,393 TRACE util.FileUtils (LogUtils.java:runAndLog(49)) - Successfully ran Files.delete /home/runner/work/ratis/ratis/ratis-examples/target/test/data/f624d035/MiniRaftClusterWithGrpc4aa2bfeb/s13/f0720976-9fd9-4a03-868e-0052e07b9bec/current/raft-meta
2024-09-10 06:19:57,393 TRACE util.FileUtils (LogUtils.java:runAndLog(49)) - Successfully ran Files.delete /home/runner/work/ratis/ratis/ratis-examples/target/test/data/f624d035/MiniRaftClusterWithGrpc4aa2bfeb/s13/f0720976-9fd9-4a03-868e-0052e07b9bec/current
2024-09-10 06:19:57,393 TRACE util.FileUtils (LogUtils.java:runAndLog(49)) - Successfully ran Files.delete /home/runner/work/ratis/ratis/ratis-examples/target/test/data/f624d035/MiniRaftClusterWithGrpc4aa2bfeb/s13/f0720976-9fd9-4a03-868e-0052e07b9bec
2024-09-10 06:19:57,393 INFO  server.RaftServer$Division (RaftServerImpl.java:groupRemove(480)) - s13@group-0052E07B9BEC: Succeed to remove RaftStorageDirectory Storage Directory /home/runner/work/ratis/ratis/ratis-examples/target/test/data/f624d035/MiniRaftClusterWithGrpc4aa2bfeb/s13/f0720976-9fd9-4a03-868e-0052e07b9bec
2024-09-10 06:19:57,398 INFO  server.RaftServer (RaftServerProxy.java:remove(112)) - s12: remove  FOLLOWER s12@group-0052E07B9BEC:t2, leader=null, voted=s13, raftlog=Memoized:s12@group-0052E07B9BEC-SegmentedRaftLog:OPENED:c122:last(t:2, i:122), conf=conf: {index: 37, cur=peers:[s11|0.0.0.0:15011, s13|0.0.0.0:15013, s12|0.0.0.0:15012]|listeners:[], old=null} RUNNING
2024-09-10 06:19:57,398 INFO  server.RaftServer$Division (RaftServerImpl.java:lambda$close$1(510)) - s12@group-0052E07B9BEC: shutdown
2024-09-10 06:19:57,398 INFO  util.JmxRegister (JmxRegister.java:unregister(74)) - Successfully un-registered JMX Bean with object name Ratis:service=RaftServer,group=group-0052E07B9BEC,id=s12
2024-09-10 06:19:57,398 INFO  impl.RoleInfo (RoleInfo.java:shutdownFollowerState(119)) - s12: shutdown s12@group-0052E07B9BEC-FollowerState
2024-09-10 06:19:57,398 INFO  impl.StateMachineUpdater (StateMachineUpdater.java:stopAndJoin(164)) - s12@group-0052E07B9BEC-StateMachineUpdater: set stopIndex = 122
2024-09-10 06:19:57,398 INFO  impl.StateMachineUpdater (StateMachineUpdater.java:stop(141)) - s12@group-0052E07B9BEC-StateMachineUpdater: closing ArithmeticStateMachine, lastApplied=(t:2, i:122)
2024-09-10 06:19:57,398 INFO  impl.FollowerState (FollowerState.java:run(153)) - s12@group-0052E07B9BEC-FollowerState was interrupted
2024-09-10 06:19:57,399 INFO  util.AwaitToRun (AwaitToRun.java:run(49)) - s12@group-0052E07B9BEC-cacheEviction-AwaitToRun-AwaitForSignal is interrupted
2024-09-10 06:19:58,393 INFO  segmented.SegmentedRaftLogWorker (SegmentedRaftLogWorker.java:close(251)) - s12@group-0052E07B9BEC-SegmentedRaftLogWorker close()
2024-09-10 06:19:58,394 TRACE util.FileUtils (FileUtils.java:deleteFully(305)) - deleteFully /home/runner/work/ratis/ratis/ratis-examples/target/test/data/f624d035/MiniRaftClusterWithGrpc4aa2bfeb/s12/f0720976-9fd9-4a03-868e-0052e07b9bec
2024-09-10 06:19:58,394 TRACE util.FileUtils (LogUtils.java:runAndLog(49)) - Successfully ran Files.delete /home/runner/work/ratis/ratis/ratis-examples/target/test/data/f624d035/MiniRaftClusterWithGrpc4aa2bfeb/s12/f0720976-9fd9-4a03-868e-0052e07b9bec/in_use.lock
2024-09-10 06:19:58,394 TRACE util.FileUtils (LogUtils.java:runAndLog(49)) - Successfully ran Files.delete /home/runner/work/ratis/ratis/ratis-examples/target/test/data/f624d035/MiniRaftClusterWithGrpc4aa2bfeb/s12/f0720976-9fd9-4a03-868e-0052e07b9bec/sm
2024-09-10 06:19:58,394 TRACE util.FileUtils (LogUtils.java:runAndLog(49)) - Successfully ran Files.delete /home/runner/work/ratis/ratis/ratis-examples/target/test/data/f624d035/MiniRaftClusterWithGrpc4aa2bfeb/s12/f0720976-9fd9-4a03-868e-0052e07b9bec/current/log_inprogress_37
2024-09-10 06:19:58,394 TRACE util.FileUtils (LogUtils.java:runAndLog(49)) - Successfully ran Files.delete /home/runner/work/ratis/ratis/ratis-examples/target/test/data/f624d035/MiniRaftClusterWithGrpc4aa2bfeb/s12/f0720976-9fd9-4a03-868e-0052e07b9bec/current/raft-meta.conf
2024-09-10 06:19:58,395 TRACE util.FileUtils (LogUtils.java:runAndLog(49)) - Successfully ran Files.delete /home/runner/work/ratis/ratis/ratis-examples/target/test/data/f624d035/MiniRaftClusterWithGrpc4aa2bfeb/s12/f0720976-9fd9-4a03-868e-0052e07b9bec/current/log_0-36
2024-09-10 06:19:58,395 TRACE util.FileUtils (LogUtils.java:runAndLog(49)) - Successfully ran Files.delete /home/runner/work/ratis/ratis/ratis-examples/target/test/data/f624d035/MiniRaftClusterWithGrpc4aa2bfeb/s12/f0720976-9fd9-4a03-868e-0052e07b9bec/current/raft-meta
2024-09-10 06:19:58,395 TRACE util.FileUtils (LogUtils.java:runAndLog(49)) - Successfully ran Files.delete /home/runner/work/ratis/ratis/ratis-examples/target/test/data/f624d035/MiniRaftClusterWithGrpc4aa2bfeb/s12/f0720976-9fd9-4a03-868e-0052e07b9bec/current
2024-09-10 06:19:58,395 TRACE util.FileUtils (LogUtils.java:runAndLog(49)) - Successfully ran Files.delete /home/runner/work/ratis/ratis/ratis-examples/target/test/data/f624d035/MiniRaftClusterWithGrpc4aa2bfeb/s12/f0720976-9fd9-4a03-868e-0052e07b9bec
2024-09-10 06:19:58,395 INFO  server.RaftServer$Division (RaftServerImpl.java:groupRemove(480)) - s12@group-0052E07B9BEC: Succeed to remove RaftStorageDirectory Storage Directory /home/runner/work/ratis/ratis/ratis-examples/target/test/data/f624d035/MiniRaftClusterWithGrpc4aa2bfeb/s12/f0720976-9fd9-4a03-868e-0052e07b9bec
2024-09-10 06:19:58,400 INFO  impl.GroupManagementBaseTest (GroupManagementBaseTest.java:runMultiGroupTest(299)) - 2) close printing group-05D5B636F8BE
  s3:  RUNNING [
   FOLLOWER s3@group-05D5B636F8BE:t1, leader=s14, voted=s14, raftlog=Memoized:s3@group-05D5B636F8BE-SegmentedRaftLog:OPENED:c120:last(t:1, i:120), conf=conf: {index: 0, cur=peers:[s3|0.0.0.0:15003, s14|0.0.0.0:15014, s2|0.0.0.0:15002]|listeners:[], old=null} RUNNING
   FOLLOWER s3@group-DF8C9DCF2580:t0, leader=null, voted=, raftlog=Memoized:s3@group-DF8C9DCF2580-SegmentedRaftLog:OPENED:c-1:lastnull, conf=conf: {index: -1, cur=peers:[]|listeners:[], old=null} STARTING] size=2
  s14:  RUNNING [
     LEADER s14@group-05D5B636F8BE:t1, leader=s14, voted=s14, raftlog=Memoized:s14@group-05D5B636F8BE-SegmentedRaftLog:OPENED:c120:last(t:1, i:120), conf=conf: {index: 0, cur=peers:[s3|0.0.0.0:15003, s14|0.0.0.0:15014, s2|0.0.0.0:15002]|listeners:[], old=null} RUNNING
   FOLLOWER s14@group-DF8C9DCF2580:t0, leader=null, voted=, raftlog=Memoized:s14@group-DF8C9DCF2580-SegmentedRaftLog:OPENED:c-1:lastnull, conf=conf: {index: -1, cur=peers:[]|listeners:[], old=null} STARTING] size=2
  s2:  RUNNING [
   FOLLOWER s2@group-05D5B636F8BE:t1, leader=s14, voted=s14, raftlog=Memoized:s2@group-05D5B636F8BE-SegmentedRaftLog:OPENED:c120:last(t:1, i:120), conf=conf: {index: 0, cur=peers:[s3|0.0.0.0:15003, s14|0.0.0.0:15014, s2|0.0.0.0:15002]|listeners:[], old=null} RUNNING
   FOLLOWER s2@group-DF8C9DCF2580:t0, leader=null, voted=, raftlog=Memoized:s2@group-DF8C9DCF2580-SegmentedRaftLog:OPENED:c-1:lastnull, conf=conf: {index: -1, cur=peers:[]|listeners:[], old=null} STARTING] size=2
2024-09-10 06:19:58,404 INFO  server.RaftServer (RaftServerProxy.java:remove(112)) - s3: remove  FOLLOWER s3@group-05D5B636F8BE:t1, leader=s14, voted=s14, raftlog=Memoized:s3@group-05D5B636F8BE-SegmentedRaftLog:OPENED:c120:last(t:1, i:120), conf=conf: {index: 0, cur=peers:[s3|0.0.0.0:15003, s14|0.0.0.0:15014, s2|0.0.0.0:15002]|listeners:[], old=null} RUNNING
2024-09-10 06:19:58,404 INFO  server.RaftServer$Division (RaftServerImpl.java:lambda$close$1(510)) - s3@group-05D5B636F8BE: shutdown
2024-09-10 06:19:58,404 INFO  util.JmxRegister (JmxRegister.java:unregister(74)) - Successfully un-registered JMX Bean with object name Ratis:service=RaftServer,group=group-05D5B636F8BE,id=s3
2024-09-10 06:19:58,404 INFO  impl.RoleInfo (RoleInfo.java:shutdownFollowerState(119)) - s3: shutdown s3@group-05D5B636F8BE-FollowerState
2024-09-10 06:19:58,405 INFO  impl.FollowerState (FollowerState.java:run(153)) - s3@group-05D5B636F8BE-FollowerState was interrupted
2024-09-10 06:19:58,405 INFO  impl.StateMachineUpdater (StateMachineUpdater.java:stop(141)) - s3@group-05D5B636F8BE-StateMachineUpdater: closing ArithmeticStateMachine, lastApplied=(t:1, i:120)
2024-09-10 06:19:58,405 INFO  impl.StateMachineUpdater (StateMachineUpdater.java:stopAndJoin(164)) - s3@group-05D5B636F8BE-StateMachineUpdater: set stopIndex = 120
2024-09-10 06:19:58,405 INFO  util.AwaitToRun (AwaitToRun.java:run(49)) - s3@group-05D5B636F8BE-cacheEviction-AwaitToRun-AwaitForSignal is interrupted
2024-09-10 06:19:58,846 INFO  segmented.SegmentedRaftLogWorker (SegmentedRaftLogWorker.java:close(251)) - s3@group-05D5B636F8BE-SegmentedRaftLogWorker close()
2024-09-10 06:19:58,847 TRACE util.FileUtils (FileUtils.java:deleteFully(305)) - deleteFully /home/runner/work/ratis/ratis/ratis-examples/target/test/data/f624d035/MiniRaftClusterWithGrpc4aa2bfeb/s3/ee0e86cd-827b-45c2-9dbc-05d5b636f8be
2024-09-10 06:19:58,847 TRACE util.FileUtils (LogUtils.java:runAndLog(49)) - Successfully ran Files.delete /home/runner/work/ratis/ratis/ratis-examples/target/test/data/f624d035/MiniRaftClusterWithGrpc4aa2bfeb/s3/ee0e86cd-827b-45c2-9dbc-05d5b636f8be/in_use.lock
2024-09-10 06:19:58,847 TRACE util.FileUtils (LogUtils.java:runAndLog(49)) - Successfully ran Files.delete /home/runner/work/ratis/ratis/ratis-examples/target/test/data/f624d035/MiniRaftClusterWithGrpc4aa2bfeb/s3/ee0e86cd-827b-45c2-9dbc-05d5b636f8be/sm
2024-09-10 06:19:58,847 TRACE util.FileUtils (LogUtils.java:runAndLog(49)) - Successfully ran Files.delete /home/runner/work/ratis/ratis/ratis-examples/target/test/data/f624d035/MiniRaftClusterWithGrpc4aa2bfeb/s3/ee0e86cd-827b-45c2-9dbc-05d5b636f8be/current/log_inprogress_0
2024-09-10 06:19:58,847 TRACE util.FileUtils (LogUtils.java:runAndLog(49)) - Successfully ran Files.delete /home/runner/work/ratis/ratis/ratis-examples/target/test/data/f624d035/MiniRaftClusterWithGrpc4aa2bfeb/s3/ee0e86cd-827b-45c2-9dbc-05d5b636f8be/current/raft-meta.conf
2024-09-10 06:19:58,847 TRACE util.FileUtils (LogUtils.java:runAndLog(49)) - Successfully ran Files.delete /home/runner/work/ratis/ratis/ratis-examples/target/test/data/f624d035/MiniRaftClusterWithGrpc4aa2bfeb/s3/ee0e86cd-827b-45c2-9dbc-05d5b636f8be/current/raft-meta
2024-09-10 06:19:58,848 TRACE util.FileUtils (LogUtils.java:runAndLog(49)) - Successfully ran Files.delete /home/runner/work/ratis/ratis/ratis-examples/target/test/data/f624d035/MiniRaftClusterWithGrpc4aa2bfeb/s3/ee0e86cd-827b-45c2-9dbc-05d5b636f8be/current
2024-09-10 06:19:58,848 TRACE util.FileUtils (LogUtils.java:runAndLog(49)) - Successfully ran Files.delete /home/runner/work/ratis/ratis/ratis-examples/target/test/data/f624d035/MiniRaftClusterWithGrpc4aa2bfeb/s3/ee0e86cd-827b-45c2-9dbc-05d5b636f8be
2024-09-10 06:19:58,848 INFO  server.RaftServer$Division (RaftServerImpl.java:groupRemove(480)) - s3@group-05D5B636F8BE: Succeed to remove RaftStorageDirectory Storage Directory /home/runner/work/ratis/ratis/ratis-examples/target/test/data/f624d035/MiniRaftClusterWithGrpc4aa2bfeb/s3/ee0e86cd-827b-45c2-9dbc-05d5b636f8be
2024-09-10 06:19:58,854 INFO  server.RaftServer (RaftServerProxy.java:remove(112)) - s14: remove    LEADER s14@group-05D5B636F8BE:t1, leader=s14, voted=s14, raftlog=Memoized:s14@group-05D5B636F8BE-SegmentedRaftLog:OPENED:c120:last(t:1, i:120), conf=conf: {index: 0, cur=peers:[s3|0.0.0.0:15003, s14|0.0.0.0:15014, s2|0.0.0.0:15002]|listeners:[], old=null} RUNNING
2024-09-10 06:19:58,854 INFO  server.RaftServer$Division (RaftServerImpl.java:lambda$close$1(510)) - s14@group-05D5B636F8BE: shutdown
2024-09-10 06:19:58,855 INFO  util.JmxRegister (JmxRegister.java:unregister(74)) - Successfully un-registered JMX Bean with object name Ratis:service=RaftServer,group=group-05D5B636F8BE,id=s14
2024-09-10 06:19:58,855 INFO  impl.RoleInfo (RoleInfo.java:shutdownLeaderState(103)) - s14: shutdown s14@group-05D5B636F8BE-LeaderStateImpl
2024-09-10 06:19:58,855 WARN  server.GrpcLogAppender (GrpcLogAppender.java:mayWait(293)) - s14@group-05D5B636F8BE->s3-GrpcLogAppender: Wait interrupted by java.lang.InterruptedException
2024-09-10 06:19:58,855 WARN  server.GrpcLogAppender (GrpcLogAppender.java:mayWait(293)) - s14@group-05D5B636F8BE->s2-GrpcLogAppender: Wait interrupted by java.lang.InterruptedException
2024-09-10 06:19:58,855 INFO  server.GrpcServerProtocolService (GrpcServerProtocolService.java:onCompleted(200)) - s3: Completed APPEND_ENTRIES, lastRequest: s14->s3#282-t1,previous=(t:1, i:119),leaderCommit=119,initializing? false,entries: size=1, first=(t:1, i:120), METADATAENTRY(c:119)
2024-09-10 06:19:58,855 INFO  server.GrpcServerProtocolService (GrpcServerProtocolService.java:lambda$onCompleted$7(202)) - s3: Completed APPEND_ENTRIES, lastReply: null
2024-09-10 06:19:58,855 INFO  server.GrpcServerProtocolService (GrpcServerProtocolService.java:onCompleted(200)) - s2: Completed APPEND_ENTRIES, lastRequest: s14->s2#337-t1,previous=(t:1, i:119),leaderCommit=119,initializing? false,entries: size=1, first=(t:1, i:120), METADATAENTRY(c:119)
2024-09-10 06:19:58,856 INFO  server.GrpcServerProtocolService (GrpcServerProtocolService.java:lambda$onCompleted$7(202)) - s2: Completed APPEND_ENTRIES, lastReply: null
2024-09-10 06:19:58,856 INFO  server.GrpcLogAppender (GrpcLogAppender.java:onCompleted(559)) - s14@group-05D5B636F8BE->s3-AppendLogResponseHandler: follower responses appendEntries COMPLETED
2024-09-10 06:19:58,855 INFO  impl.PendingRequests (PendingRequests.java:sendNotLeaderResponses(287)) - s14@group-05D5B636F8BE-PendingRequests: sendNotLeaderResponses
2024-09-10 06:19:58,856 INFO  server.GrpcServerProtocolService (GrpcServerProtocolService.java:onCompleted(200)) - s3: Completed APPEND_ENTRIES, lastRequest: null
2024-09-10 06:19:58,856 INFO  server.GrpcLogAppender (GrpcLogAppender.java:onCompleted(559)) - s14@group-05D5B636F8BE->s2-AppendLogResponseHandler: follower responses appendEntries COMPLETED
2024-09-10 06:19:58,855 INFO  server.GrpcServerProtocolService (GrpcServerProtocolService.java:onCompleted(200)) - s2: Completed APPEND_ENTRIES, lastRequest: null
2024-09-10 06:19:58,857 INFO  impl.StateMachineUpdater (StateMachineUpdater.java:stopAndJoin(164)) - s14@group-05D5B636F8BE-StateMachineUpdater: set stopIndex = 120
2024-09-10 06:19:58,857 INFO  server.GrpcServerProtocolService (GrpcServerProtocolService.java:lambda$onCompleted$7(202)) - s2: Completed APPEND_ENTRIES, lastReply: serverReply {
  requestorId: "s14"
  replyId: "s2"
  raftGroupId {
    id: "\356\016\206\315\202{E\302\235\274\005\325\2666\370\276"
  }
  callId: 373
  success: true
}
term: 1
nextIndex: 121
followerCommit: 120
matchIndex: 18446744073709551615
isHearbeat: true

2024-09-10 06:19:58,857 INFO  impl.StateMachineUpdater (StateMachineUpdater.java:stop(141)) - s14@group-05D5B636F8BE-StateMachineUpdater: closing ArithmeticStateMachine, lastApplied=(t:1, i:120)
2024-09-10 06:19:58,857 INFO  server.GrpcLogAppender (GrpcLogAppender.java:onCompleted(559)) - s14@group-05D5B636F8BE->s2-AppendLogResponseHandler: follower responses appendEntries COMPLETED
2024-09-10 06:19:58,857 INFO  util.AwaitToRun (AwaitToRun.java:run(49)) - s14@group-05D5B636F8BE-cacheEviction-AwaitToRun-AwaitForSignal is interrupted
2024-09-10 06:19:59,467 INFO  impl.FollowerState (FollowerState.java:run(144)) - s2@group-05D5B636F8BE-FollowerState: change to CANDIDATE, lastRpcElapsedTime:616529303ns, electionTimeout:380ms
2024-09-10 06:19:59,467 INFO  impl.RoleInfo (RoleInfo.java:shutdownFollowerState(119)) - s2: shutdown s2@group-05D5B636F8BE-FollowerState
2024-09-10 06:19:59,467 INFO  server.RaftServer$Division (RaftServerImpl.java:setRole(378)) - s2@group-05D5B636F8BE: changes role from  FOLLOWER to CANDIDATE at term 1 for changeToCandidate
2024-09-10 06:19:59,467 INFO  server.RaftServerConfigKeys (ConfUtils.java:logGet(46)) - raft.server.leaderelection.pre-vote = true (default)
2024-09-10 06:19:59,467 INFO  impl.RoleInfo (RoleInfo.java:updateAndGet(148)) - s2: start s2@group-05D5B636F8BE-LeaderElection20
2024-09-10 06:19:59,467 INFO  server.RaftServer$Division (ServerState.java:setLeader(272)) - s2@group-05D5B636F8BE: change Leader from s14 to null at term 1 for PRE_VOTE
2024-09-10 06:19:59,467 INFO  impl.LeaderElection (LeaderElection.java:askForVotes(325)) - s2@group-05D5B636F8BE-LeaderElection20 PRE_VOTE round 0: submit vote requests at term 1 for conf: {index: 0, cur=peers:[s3|0.0.0.0:15003, s14|0.0.0.0:15014, s2|0.0.0.0:15002]|listeners:[], old=null}
2024-09-10 06:19:59,468 INFO  server.GrpcServerProtocolClient (GrpcServerProtocolClient.java:<init>(65)) - Build channel for s3|0.0.0.0:15003
2024-09-10 06:19:59,468 INFO  server.GrpcServerProtocolClient (GrpcServerProtocolClient.java:<init>(65)) - Build channel for s14|0.0.0.0:15014
2024-09-10 06:19:59,472 WARN  server.GrpcServerProtocolService (LogUtils.java:warn(123)) - s14: Failed requestVote s2->s14#0
org.apache.ratis.protocol.exceptions.GroupMismatchException: s14: group-05D5B636F8BE not found.
	at org.apache.ratis.server.impl.RaftServerProxy$ImplMap.get(RaftServerProxy.java:156)
	at org.apache.ratis.server.impl.RaftServerProxy.getImplFuture(RaftServerProxy.java:366)
	at org.apache.ratis.server.impl.RaftServerProxy.getImpl(RaftServerProxy.java:375)
	at org.apache.ratis.server.impl.RaftServerProxy.getImpl(RaftServerProxy.java:370)
	at org.apache.ratis.server.impl.RaftServerProxy.requestVote(RaftServerProxy.java:640)
	at org.apache.ratis.grpc.server.GrpcServerProtocolService.requestVote(GrpcServerProtocolService.java:269)
	at org.apache.ratis.proto.grpc.RaftServerProtocolServiceGrpc$MethodHandlers.invoke(RaftServerProtocolServiceGrpc.java:428)
	at org.apache.ratis.thirdparty.io.grpc.stub.ServerCalls$UnaryServerCallHandler$UnaryServerCallListener.onHalfClose(ServerCalls.java:182)
	at org.apache.ratis.thirdparty.io.grpc.internal.ServerCallImpl$ServerStreamListenerImpl.halfClosed(ServerCallImpl.java:351)
	at org.apache.ratis.thirdparty.io.grpc.internal.ServerImpl$JumpToApplicationThreadServerStreamListener$1HalfClosed.runInContext(ServerImpl.java:860)
	at org.apache.ratis.thirdparty.io.grpc.internal.ContextRunnable.run(ContextRunnable.java:37)
	at org.apache.ratis.thirdparty.io.grpc.internal.SerializingExecutor.run(SerializingExecutor.java:133)
	at java.util.concurrent.ThreadPoolExecutor.runWorker(ThreadPoolExecutor.java:1149)
	at java.util.concurrent.ThreadPoolExecutor$Worker.run(ThreadPoolExecutor.java:624)
	at java.lang.Thread.run(Thread.java:750)
2024-09-10 06:19:59,475 INFO  impl.LeaderElection (LogUtils.java:infoOrTrace(136)) - s2@group-05D5B636F8BE-LeaderElection20 got exception when requesting votes: java.util.concurrent.ExecutionException: org.apache.ratis.thirdparty.io.grpc.StatusRuntimeException: INTERNAL: s14: group-05D5B636F8BE not found.
2024-09-10 06:19:59,475 WARN  server.GrpcServerProtocolService (LogUtils.java:warn(123)) - s3: Failed requestVote s2->s3#0
org.apache.ratis.protocol.exceptions.GroupMismatchException: s3: group-05D5B636F8BE not found.
	at org.apache.ratis.server.impl.RaftServerProxy$ImplMap.get(RaftServerProxy.java:156)
	at org.apache.ratis.server.impl.RaftServerProxy.getImplFuture(RaftServerProxy.java:366)
	at org.apache.ratis.server.impl.RaftServerProxy.getImpl(RaftServerProxy.java:375)
	at org.apache.ratis.server.impl.RaftServerProxy.getImpl(RaftServerProxy.java:370)
	at org.apache.ratis.server.impl.RaftServerProxy.requestVote(RaftServerProxy.java:640)
	at org.apache.ratis.grpc.server.GrpcServerProtocolService.requestVote(GrpcServerProtocolService.java:269)
	at org.apache.ratis.proto.grpc.RaftServerProtocolServiceGrpc$MethodHandlers.invoke(RaftServerProtocolServiceGrpc.java:428)
	at org.apache.ratis.thirdparty.io.grpc.stub.ServerCalls$UnaryServerCallHandler$UnaryServerCallListener.onHalfClose(ServerCalls.java:182)
	at org.apache.ratis.thirdparty.io.grpc.internal.ServerCallImpl$ServerStreamListenerImpl.halfClosed(ServerCallImpl.java:351)
	at org.apache.ratis.thirdparty.io.grpc.internal.ServerImpl$JumpToApplicationThreadServerStreamListener$1HalfClosed.runInContext(ServerImpl.java:860)
	at org.apache.ratis.thirdparty.io.grpc.internal.ContextRunnable.run(ContextRunnable.java:37)
	at org.apache.ratis.thirdparty.io.grpc.internal.SerializingExecutor.run(SerializingExecutor.java:133)
	at java.util.concurrent.ThreadPoolExecutor.runWorker(ThreadPoolExecutor.java:1149)
	at java.util.concurrent.ThreadPoolExecutor$Worker.run(ThreadPoolExecutor.java:624)
	at java.lang.Thread.run(Thread.java:750)
2024-09-10 06:19:59,477 INFO  impl.LeaderElection (LogUtils.java:infoOrTrace(136)) - s2@group-05D5B636F8BE-LeaderElection20 got exception when requesting votes: java.util.concurrent.ExecutionException: org.apache.ratis.thirdparty.io.grpc.StatusRuntimeException: INTERNAL: s3: group-05D5B636F8BE not found.
2024-09-10 06:19:59,477 INFO  impl.LeaderElection (LeaderElection.java:logAndReturn(89)) - s2@group-05D5B636F8BE-LeaderElection20: PRE_VOTE REJECTED received 0 response(s) and 2 exception(s):
2024-09-10 06:19:59,477 INFO  impl.LeaderElection (LogUtils.java:infoOrTrace(136)) -   Exception 0: java.util.concurrent.ExecutionException: org.apache.ratis.thirdparty.io.grpc.StatusRuntimeException: INTERNAL: s14: group-05D5B636F8BE not found.
2024-09-10 06:19:59,477 INFO  impl.LeaderElection (LogUtils.java:infoOrTrace(136)) -   Exception 1: java.util.concurrent.ExecutionException: org.apache.ratis.thirdparty.io.grpc.StatusRuntimeException: INTERNAL: s3: group-05D5B636F8BE not found.
2024-09-10 06:19:59,477 INFO  impl.LeaderElection (LeaderElection.java:askForVotes(327)) - s2@group-05D5B636F8BE-LeaderElection20 PRE_VOTE round 0: result REJECTED
2024-09-10 06:19:59,477 INFO  server.RaftServer$Division (RaftServerImpl.java:setRole(378)) - s2@group-05D5B636F8BE: changes role from CANDIDATE to FOLLOWER at term 1 for REJECTED
2024-09-10 06:19:59,477 INFO  impl.RoleInfo (RoleInfo.java:shutdownLeaderElection(139)) - s2: shutdown s2@group-05D5B636F8BE-LeaderElection20
2024-09-10 06:19:59,477 INFO  impl.RoleInfo (RoleInfo.java:updateAndGet(148)) - s2: start s2@group-05D5B636F8BE-FollowerState
2024-09-10 06:19:59,845 INFO  segmented.SegmentedRaftLogWorker (SegmentedRaftLogWorker.java:close(251)) - s14@group-05D5B636F8BE-SegmentedRaftLogWorker close()
2024-09-10 06:19:59,846 TRACE util.FileUtils (FileUtils.java:deleteFully(305)) - deleteFully /home/runner/work/ratis/ratis/ratis-examples/target/test/data/f624d035/MiniRaftClusterWithGrpc4aa2bfeb/s14/ee0e86cd-827b-45c2-9dbc-05d5b636f8be
2024-09-10 06:19:59,846 TRACE util.FileUtils (LogUtils.java:runAndLog(49)) - Successfully ran Files.delete /home/runner/work/ratis/ratis/ratis-examples/target/test/data/f624d035/MiniRaftClusterWithGrpc4aa2bfeb/s14/ee0e86cd-827b-45c2-9dbc-05d5b636f8be/in_use.lock
2024-09-10 06:19:59,846 TRACE util.FileUtils (LogUtils.java:runAndLog(49)) - Successfully ran Files.delete /home/runner/work/ratis/ratis/ratis-examples/target/test/data/f624d035/MiniRaftClusterWithGrpc4aa2bfeb/s14/ee0e86cd-827b-45c2-9dbc-05d5b636f8be/sm
2024-09-10 06:19:59,847 TRACE util.FileUtils (LogUtils.java:runAndLog(49)) - Successfully ran Files.delete /home/runner/work/ratis/ratis/ratis-examples/target/test/data/f624d035/MiniRaftClusterWithGrpc4aa2bfeb/s14/ee0e86cd-827b-45c2-9dbc-05d5b636f8be/current/log_inprogress_0
2024-09-10 06:19:59,847 TRACE util.FileUtils (LogUtils.java:runAndLog(49)) - Successfully ran Files.delete /home/runner/work/ratis/ratis/ratis-examples/target/test/data/f624d035/MiniRaftClusterWithGrpc4aa2bfeb/s14/ee0e86cd-827b-45c2-9dbc-05d5b636f8be/current/raft-meta.conf
2024-09-10 06:19:59,847 TRACE util.FileUtils (LogUtils.java:runAndLog(49)) - Successfully ran Files.delete /home/runner/work/ratis/ratis/ratis-examples/target/test/data/f624d035/MiniRaftClusterWithGrpc4aa2bfeb/s14/ee0e86cd-827b-45c2-9dbc-05d5b636f8be/current/raft-meta
2024-09-10 06:19:59,847 TRACE util.FileUtils (LogUtils.java:runAndLog(49)) - Successfully ran Files.delete /home/runner/work/ratis/ratis/ratis-examples/target/test/data/f624d035/MiniRaftClusterWithGrpc4aa2bfeb/s14/ee0e86cd-827b-45c2-9dbc-05d5b636f8be/current
2024-09-10 06:19:59,847 TRACE util.FileUtils (LogUtils.java:runAndLog(49)) - Successfully ran Files.delete /home/runner/work/ratis/ratis/ratis-examples/target/test/data/f624d035/MiniRaftClusterWithGrpc4aa2bfeb/s14/ee0e86cd-827b-45c2-9dbc-05d5b636f8be
2024-09-10 06:19:59,847 INFO  server.RaftServer$Division (RaftServerImpl.java:groupRemove(480)) - s14@group-05D5B636F8BE: Succeed to remove RaftStorageDirectory Storage Directory /home/runner/work/ratis/ratis/ratis-examples/target/test/data/f624d035/MiniRaftClusterWithGrpc4aa2bfeb/s14/ee0e86cd-827b-45c2-9dbc-05d5b636f8be
2024-09-10 06:19:59,853 INFO  server.RaftServer (RaftServerProxy.java:remove(112)) - s2: remove  FOLLOWER s2@group-05D5B636F8BE:t1, leader=null, voted=s14, raftlog=Memoized:s2@group-05D5B636F8BE-SegmentedRaftLog:OPENED:c120:last(t:1, i:120), conf=conf: {index: 0, cur=peers:[s3|0.0.0.0:15003, s14|0.0.0.0:15014, s2|0.0.0.0:15002]|listeners:[], old=null} RUNNING
2024-09-10 06:19:59,854 INFO  server.RaftServer$Division (RaftServerImpl.java:lambda$close$1(510)) - s2@group-05D5B636F8BE: shutdown
2024-09-10 06:19:59,854 INFO  util.JmxRegister (JmxRegister.java:unregister(74)) - Successfully un-registered JMX Bean with object name Ratis:service=RaftServer,group=group-05D5B636F8BE,id=s2
2024-09-10 06:19:59,854 INFO  impl.RoleInfo (RoleInfo.java:shutdownFollowerState(119)) - s2: shutdown s2@group-05D5B636F8BE-FollowerState
2024-09-10 06:19:59,854 INFO  impl.StateMachineUpdater (StateMachineUpdater.java:stopAndJoin(164)) - s2@group-05D5B636F8BE-StateMachineUpdater: set stopIndex = 120
2024-09-10 06:19:59,854 INFO  impl.StateMachineUpdater (StateMachineUpdater.java:stop(141)) - s2@group-05D5B636F8BE-StateMachineUpdater: closing ArithmeticStateMachine, lastApplied=(t:1, i:120)
2024-09-10 06:19:59,854 INFO  impl.FollowerState (FollowerState.java:run(153)) - s2@group-05D5B636F8BE-FollowerState was interrupted
2024-09-10 06:19:59,854 INFO  util.AwaitToRun (AwaitToRun.java:run(49)) - s2@group-05D5B636F8BE-cacheEviction-AwaitToRun-AwaitForSignal is interrupted
2024-09-10 06:20:00,847 INFO  segmented.SegmentedRaftLogWorker (SegmentedRaftLogWorker.java:close(251)) - s2@group-05D5B636F8BE-SegmentedRaftLogWorker close()
2024-09-10 06:20:00,848 TRACE util.FileUtils (FileUtils.java:deleteFully(305)) - deleteFully /home/runner/work/ratis/ratis/ratis-examples/target/test/data/f624d035/MiniRaftClusterWithGrpc4aa2bfeb/s2/ee0e86cd-827b-45c2-9dbc-05d5b636f8be
2024-09-10 06:20:00,849 TRACE util.FileUtils (LogUtils.java:runAndLog(49)) - Successfully ran Files.delete /home/runner/work/ratis/ratis/ratis-examples/target/test/data/f624d035/MiniRaftClusterWithGrpc4aa2bfeb/s2/ee0e86cd-827b-45c2-9dbc-05d5b636f8be/in_use.lock
2024-09-10 06:20:00,849 TRACE util.FileUtils (LogUtils.java:runAndLog(49)) - Successfully ran Files.delete /home/runner/work/ratis/ratis/ratis-examples/target/test/data/f624d035/MiniRaftClusterWithGrpc4aa2bfeb/s2/ee0e86cd-827b-45c2-9dbc-05d5b636f8be/sm
2024-09-10 06:20:00,849 TRACE util.FileUtils (LogUtils.java:runAndLog(49)) - Successfully ran Files.delete /home/runner/work/ratis/ratis/ratis-examples/target/test/data/f624d035/MiniRaftClusterWithGrpc4aa2bfeb/s2/ee0e86cd-827b-45c2-9dbc-05d5b636f8be/current/log_inprogress_0
2024-09-10 06:20:00,849 TRACE util.FileUtils (LogUtils.java:runAndLog(49)) - Successfully ran Files.delete /home/runner/work/ratis/ratis/ratis-examples/target/test/data/f624d035/MiniRaftClusterWithGrpc4aa2bfeb/s2/ee0e86cd-827b-45c2-9dbc-05d5b636f8be/current/raft-meta.conf
2024-09-10 06:20:00,849 TRACE util.FileUtils (LogUtils.java:runAndLog(49)) - Successfully ran Files.delete /home/runner/work/ratis/ratis/ratis-examples/target/test/data/f624d035/MiniRaftClusterWithGrpc4aa2bfeb/s2/ee0e86cd-827b-45c2-9dbc-05d5b636f8be/current/raft-meta
2024-09-10 06:20:00,849 TRACE util.FileUtils (LogUtils.java:runAndLog(49)) - Successfully ran Files.delete /home/runner/work/ratis/ratis/ratis-examples/target/test/data/f624d035/MiniRaftClusterWithGrpc4aa2bfeb/s2/ee0e86cd-827b-45c2-9dbc-05d5b636f8be/current
2024-09-10 06:20:00,850 TRACE util.FileUtils (LogUtils.java:runAndLog(49)) - Successfully ran Files.delete /home/runner/work/ratis/ratis/ratis-examples/target/test/data/f624d035/MiniRaftClusterWithGrpc4aa2bfeb/s2/ee0e86cd-827b-45c2-9dbc-05d5b636f8be
2024-09-10 06:20:00,850 INFO  server.RaftServer$Division (RaftServerImpl.java:groupRemove(480)) - s2@group-05D5B636F8BE: Succeed to remove RaftStorageDirectory Storage Directory /home/runner/work/ratis/ratis/ratis-examples/target/test/data/f624d035/MiniRaftClusterWithGrpc4aa2bfeb/s2/ee0e86cd-827b-45c2-9dbc-05d5b636f8be
2024-09-10 06:20:00,852 INFO  impl.GroupManagementBaseTest (GroupManagementBaseTest.java:runMultiGroupTest(299)) - 3) close printing group-7DC22DB0A052
  s4:  RUNNING [
   FOLLOWER s4@group-7DC22DB0A052:t1, leader=s6, voted=s6, raftlog=Memoized:s4@group-7DC22DB0A052-SegmentedRaftLog:OPENED:c120:last(t:1, i:120), conf=conf: {index: 0, cur=peers:[s4|0.0.0.0:15004, s5|0.0.0.0:15005, s6|0.0.0.0:15006]|listeners:[], old=null} RUNNING
   FOLLOWER s4@group-DF8C9DCF2580:t0, leader=null, voted=, raftlog=Memoized:s4@group-DF8C9DCF2580-SegmentedRaftLog:OPENED:c-1:lastnull, conf=conf: {index: -1, cur=peers:[]|listeners:[], old=null} STARTING] size=2
  s5:  RUNNING [
   FOLLOWER s5@group-7DC22DB0A052:t1, leader=s6, voted=s6, raftlog=Memoized:s5@group-7DC22DB0A052-SegmentedRaftLog:OPENED:c120:last(t:1, i:120), conf=conf: {index: 0, cur=peers:[s4|0.0.0.0:15004, s5|0.0.0.0:15005, s6|0.0.0.0:15006]|listeners:[], old=null} RUNNING
   FOLLOWER s5@group-DF8C9DCF2580:t0, leader=null, voted=, raftlog=Memoized:s5@group-DF8C9DCF2580-SegmentedRaftLog:OPENED:c-1:lastnull, conf=conf: {index: -1, cur=peers:[]|listeners:[], old=null} STARTING] size=2
  s6:  RUNNING [
     LEADER s6@group-7DC22DB0A052:t1, leader=s6, voted=s6, raftlog=Memoized:s6@group-7DC22DB0A052-SegmentedRaftLog:OPENED:c120:last(t:1, i:120), conf=conf: {index: 0, cur=peers:[s4|0.0.0.0:15004, s5|0.0.0.0:15005, s6|0.0.0.0:15006]|listeners:[], old=null} RUNNING
   FOLLOWER s6@group-DF8C9DCF2580:t0, leader=null, voted=, raftlog=Memoized:s6@group-DF8C9DCF2580-SegmentedRaftLog:OPENED:c-1:lastnull, conf=conf: {index: -1, cur=peers:[]|listeners:[], old=null} STARTING] size=2
2024-09-10 06:20:00,856 INFO  server.RaftServer (RaftServerProxy.java:remove(112)) - s4: remove  FOLLOWER s4@group-7DC22DB0A052:t1, leader=s6, voted=s6, raftlog=Memoized:s4@group-7DC22DB0A052-SegmentedRaftLog:OPENED:c120:last(t:1, i:120), conf=conf: {index: 0, cur=peers:[s4|0.0.0.0:15004, s5|0.0.0.0:15005, s6|0.0.0.0:15006]|listeners:[], old=null} RUNNING
2024-09-10 06:20:00,857 INFO  server.RaftServer$Division (RaftServerImpl.java:lambda$close$1(510)) - s4@group-7DC22DB0A052: shutdown
2024-09-10 06:20:00,857 INFO  util.JmxRegister (JmxRegister.java:unregister(74)) - Successfully un-registered JMX Bean with object name Ratis:service=RaftServer,group=group-7DC22DB0A052,id=s4
2024-09-10 06:20:00,857 INFO  impl.RoleInfo (RoleInfo.java:shutdownFollowerState(119)) - s4: shutdown s4@group-7DC22DB0A052-FollowerState
2024-09-10 06:20:00,857 INFO  impl.StateMachineUpdater (StateMachineUpdater.java:stopAndJoin(164)) - s4@group-7DC22DB0A052-StateMachineUpdater: set stopIndex = 120
2024-09-10 06:20:00,857 INFO  impl.FollowerState (FollowerState.java:run(153)) - s4@group-7DC22DB0A052-FollowerState was interrupted
2024-09-10 06:20:00,857 INFO  impl.StateMachineUpdater (StateMachineUpdater.java:stop(141)) - s4@group-7DC22DB0A052-StateMachineUpdater: closing ArithmeticStateMachine, lastApplied=(t:1, i:120)
2024-09-10 06:20:00,857 INFO  util.AwaitToRun (AwaitToRun.java:run(49)) - s4@group-7DC22DB0A052-cacheEviction-AwaitToRun-AwaitForSignal is interrupted
2024-09-10 06:20:01,249 INFO  segmented.SegmentedRaftLogWorker (SegmentedRaftLogWorker.java:close(251)) - s4@group-7DC22DB0A052-SegmentedRaftLogWorker close()
2024-09-10 06:20:01,250 TRACE util.FileUtils (FileUtils.java:deleteFully(305)) - deleteFully /home/runner/work/ratis/ratis/ratis-examples/target/test/data/f624d035/MiniRaftClusterWithGrpc4aa2bfeb/s4/0ec42209-eaab-4456-bc68-7dc22db0a052
2024-09-10 06:20:01,251 TRACE util.FileUtils (LogUtils.java:runAndLog(49)) - Successfully ran Files.delete /home/runner/work/ratis/ratis/ratis-examples/target/test/data/f624d035/MiniRaftClusterWithGrpc4aa2bfeb/s4/0ec42209-eaab-4456-bc68-7dc22db0a052/in_use.lock
2024-09-10 06:20:01,251 TRACE util.FileUtils (LogUtils.java:runAndLog(49)) - Successfully ran Files.delete /home/runner/work/ratis/ratis/ratis-examples/target/test/data/f624d035/MiniRaftClusterWithGrpc4aa2bfeb/s4/0ec42209-eaab-4456-bc68-7dc22db0a052/sm
2024-09-10 06:20:01,251 TRACE util.FileUtils (LogUtils.java:runAndLog(49)) - Successfully ran Files.delete /home/runner/work/ratis/ratis/ratis-examples/target/test/data/f624d035/MiniRaftClusterWithGrpc4aa2bfeb/s4/0ec42209-eaab-4456-bc68-7dc22db0a052/current/log_inprogress_0
2024-09-10 06:20:01,251 TRACE util.FileUtils (LogUtils.java:runAndLog(49)) - Successfully ran Files.delete /home/runner/work/ratis/ratis/ratis-examples/target/test/data/f624d035/MiniRaftClusterWithGrpc4aa2bfeb/s4/0ec42209-eaab-4456-bc68-7dc22db0a052/current/raft-meta.conf
2024-09-10 06:20:01,251 TRACE util.FileUtils (LogUtils.java:runAndLog(49)) - Successfully ran Files.delete /home/runner/work/ratis/ratis/ratis-examples/target/test/data/f624d035/MiniRaftClusterWithGrpc4aa2bfeb/s4/0ec42209-eaab-4456-bc68-7dc22db0a052/current/raft-meta
2024-09-10 06:20:01,252 TRACE util.FileUtils (LogUtils.java:runAndLog(49)) - Successfully ran Files.delete /home/runner/work/ratis/ratis/ratis-examples/target/test/data/f624d035/MiniRaftClusterWithGrpc4aa2bfeb/s4/0ec42209-eaab-4456-bc68-7dc22db0a052/current
2024-09-10 06:20:01,252 TRACE util.FileUtils (LogUtils.java:runAndLog(49)) - Successfully ran Files.delete /home/runner/work/ratis/ratis/ratis-examples/target/test/data/f624d035/MiniRaftClusterWithGrpc4aa2bfeb/s4/0ec42209-eaab-4456-bc68-7dc22db0a052
2024-09-10 06:20:01,252 INFO  server.RaftServer$Division (RaftServerImpl.java:groupRemove(480)) - s4@group-7DC22DB0A052: Succeed to remove RaftStorageDirectory Storage Directory /home/runner/work/ratis/ratis/ratis-examples/target/test/data/f624d035/MiniRaftClusterWithGrpc4aa2bfeb/s4/0ec42209-eaab-4456-bc68-7dc22db0a052
2024-09-10 06:20:01,258 INFO  server.RaftServer (RaftServerProxy.java:remove(112)) - s5: remove  FOLLOWER s5@group-7DC22DB0A052:t1, leader=s6, voted=s6, raftlog=Memoized:s5@group-7DC22DB0A052-SegmentedRaftLog:OPENED:c120:last(t:1, i:120), conf=conf: {index: 0, cur=peers:[s4|0.0.0.0:15004, s5|0.0.0.0:15005, s6|0.0.0.0:15006]|listeners:[], old=null} RUNNING
2024-09-10 06:20:01,258 INFO  server.RaftServer$Division (RaftServerImpl.java:lambda$close$1(510)) - s5@group-7DC22DB0A052: shutdown
2024-09-10 06:20:01,258 INFO  util.JmxRegister (JmxRegister.java:unregister(74)) - Successfully un-registered JMX Bean with object name Ratis:service=RaftServer,group=group-7DC22DB0A052,id=s5
2024-09-10 06:20:01,258 INFO  impl.RoleInfo (RoleInfo.java:shutdownFollowerState(119)) - s5: shutdown s5@group-7DC22DB0A052-FollowerState
2024-09-10 06:20:01,258 INFO  impl.StateMachineUpdater (StateMachineUpdater.java:stopAndJoin(164)) - s5@group-7DC22DB0A052-StateMachineUpdater: set stopIndex = 120
2024-09-10 06:20:01,258 INFO  impl.StateMachineUpdater (StateMachineUpdater.java:stop(141)) - s5@group-7DC22DB0A052-StateMachineUpdater: closing ArithmeticStateMachine, lastApplied=(t:1, i:120)
2024-09-10 06:20:01,258 INFO  impl.FollowerState (FollowerState.java:run(153)) - s5@group-7DC22DB0A052-FollowerState was interrupted
2024-09-10 06:20:01,258 INFO  util.AwaitToRun (AwaitToRun.java:run(49)) - s5@group-7DC22DB0A052-cacheEviction-AwaitToRun-AwaitForSignal is interrupted
2024-09-10 06:20:01,849 WARN  server.RaftServer$Division (LeaderStateImpl.java:checkLeadership(1120)) - s6@group-7DC22DB0A052-LeaderStateImpl: Lost leadership on term: 1. Election timeout: 600ms. In charge for: 7558ms. Conf: conf: {index: 0, cur=peers:[s4|0.0.0.0:15004, s5|0.0.0.0:15005, s6|0.0.0.0:15006]|listeners:[], old=null}
2024-09-10 06:20:01,849 WARN  server.RaftServer$Division (LeaderStateImpl.java:lambda$checkLeadership$20(1124)) - Follower s6@group-7DC22DB0A052->s4(c120,m120,n121, caughtUp=true, lastRpcSendTime=17, lastRpcResponseTime=1002)
2024-09-10 06:20:01,849 WARN  server.RaftServer$Division (LeaderStateImpl.java:lambda$checkLeadership$20(1124)) - Follower s6@group-7DC22DB0A052->s5(c120,m120,n121, caughtUp=true, lastRpcSendTime=19, lastRpcResponseTime=697)
2024-09-10 06:20:01,849 INFO  server.RaftServer$Division (RaftServerImpl.java:setRole(378)) - s6@group-7DC22DB0A052: changes role from    LEADER to FOLLOWER at term 1 for StepDownReason:LOST_MAJORITY_HEARTBEATS
2024-09-10 06:20:01,849 INFO  impl.RoleInfo (RoleInfo.java:shutdownLeaderState(103)) - s6: shutdown s6@group-7DC22DB0A052-LeaderStateImpl
2024-09-10 06:20:01,849 WARN  server.GrpcLogAppender (GrpcLogAppender.java:mayWait(293)) - s6@group-7DC22DB0A052->s5-GrpcLogAppender: Wait interrupted by java.lang.InterruptedException
2024-09-10 06:20:01,849 WARN  server.GrpcLogAppender (GrpcLogAppender.java:mayWait(293)) - s6@group-7DC22DB0A052->s4-GrpcLogAppender: Wait interrupted by java.lang.InterruptedException
2024-09-10 06:20:01,849 INFO  impl.PendingRequests (PendingRequests.java:sendNotLeaderResponses(287)) - s6@group-7DC22DB0A052-PendingRequests: sendNotLeaderResponses
2024-09-10 06:20:01,850 INFO  server.GrpcServerProtocolService (GrpcServerProtocolService.java:onCompleted(200)) - s5: Completed APPEND_ENTRIES, lastRequest: s6->s5#301-t1,previous=(t:1, i:119),leaderCommit=119,initializing? false,entries: size=1, first=(t:1, i:120), METADATAENTRY(c:119)
2024-09-10 06:20:01,850 INFO  server.GrpcServerProtocolService (GrpcServerProtocolService.java:lambda$onCompleted$7(202)) - s5: Completed APPEND_ENTRIES, lastReply: null
2024-09-10 06:20:01,851 INFO  server.RaftServer$Division (ServerState.java:setLeader(272)) - s6@group-7DC22DB0A052: change Leader from s6 to null at term 1 for StepDownReason:LOST_MAJORITY_HEARTBEATS
2024-09-10 06:20:01,851 INFO  server.GrpcServerProtocolService (GrpcServerProtocolService.java:onCompleted(200)) - s4: Completed APPEND_ENTRIES, lastRequest: s6->s4#317-t1,previous=(t:1, i:119),leaderCommit=119,initializing? false,entries: size=1, first=(t:1, i:120), METADATAENTRY(c:119)
2024-09-10 06:20:01,851 INFO  server.GrpcServerProtocolService (GrpcServerProtocolService.java:lambda$onCompleted$7(202)) - s4: Completed APPEND_ENTRIES, lastReply: null
2024-09-10 06:20:01,851 INFO  impl.RoleInfo (RoleInfo.java:updateAndGet(148)) - s6: start s6@group-7DC22DB0A052-FollowerState
2024-09-10 06:20:01,851 INFO  server.GrpcServerProtocolService (GrpcServerProtocolService.java:onCompleted(200)) - s4: Completed APPEND_ENTRIES, lastRequest: null
2024-09-10 06:20:01,851 INFO  server.GrpcServerProtocolService (GrpcServerProtocolService.java:onCompleted(200)) - s5: Completed APPEND_ENTRIES, lastRequest: null
2024-09-10 06:20:01,851 INFO  server.GrpcLogAppender (GrpcLogAppender.java:onCompleted(559)) - s6@group-7DC22DB0A052->s4-AppendLogResponseHandler: follower responses appendEntries COMPLETED
2024-09-10 06:20:01,853 INFO  server.GrpcLogAppender (GrpcLogAppender.java:onCompleted(559)) - s6@group-7DC22DB0A052->s5-AppendLogResponseHandler: follower responses appendEntries COMPLETED
2024-09-10 06:20:02,248 INFO  segmented.SegmentedRaftLogWorker (SegmentedRaftLogWorker.java:close(251)) - s5@group-7DC22DB0A052-SegmentedRaftLogWorker close()
2024-09-10 06:20:02,249 TRACE util.FileUtils (FileUtils.java:deleteFully(305)) - deleteFully /home/runner/work/ratis/ratis/ratis-examples/target/test/data/f624d035/MiniRaftClusterWithGrpc4aa2bfeb/s5/0ec42209-eaab-4456-bc68-7dc22db0a052
2024-09-10 06:20:02,249 TRACE util.FileUtils (LogUtils.java:runAndLog(49)) - Successfully ran Files.delete /home/runner/work/ratis/ratis/ratis-examples/target/test/data/f624d035/MiniRaftClusterWithGrpc4aa2bfeb/s5/0ec42209-eaab-4456-bc68-7dc22db0a052/in_use.lock
2024-09-10 06:20:02,249 TRACE util.FileUtils (LogUtils.java:runAndLog(49)) - Successfully ran Files.delete /home/runner/work/ratis/ratis/ratis-examples/target/test/data/f624d035/MiniRaftClusterWithGrpc4aa2bfeb/s5/0ec42209-eaab-4456-bc68-7dc22db0a052/sm
2024-09-10 06:20:02,250 TRACE util.FileUtils (LogUtils.java:runAndLog(49)) - Successfully ran Files.delete /home/runner/work/ratis/ratis/ratis-examples/target/test/data/f624d035/MiniRaftClusterWithGrpc4aa2bfeb/s5/0ec42209-eaab-4456-bc68-7dc22db0a052/current/log_inprogress_0
2024-09-10 06:20:02,250 TRACE util.FileUtils (LogUtils.java:runAndLog(49)) - Successfully ran Files.delete /home/runner/work/ratis/ratis/ratis-examples/target/test/data/f624d035/MiniRaftClusterWithGrpc4aa2bfeb/s5/0ec42209-eaab-4456-bc68-7dc22db0a052/current/raft-meta.conf
2024-09-10 06:20:02,250 TRACE util.FileUtils (LogUtils.java:runAndLog(49)) - Successfully ran Files.delete /home/runner/work/ratis/ratis/ratis-examples/target/test/data/f624d035/MiniRaftClusterWithGrpc4aa2bfeb/s5/0ec42209-eaab-4456-bc68-7dc22db0a052/current/raft-meta
2024-09-10 06:20:02,250 TRACE util.FileUtils (LogUtils.java:runAndLog(49)) - Successfully ran Files.delete /home/runner/work/ratis/ratis/ratis-examples/target/test/data/f624d035/MiniRaftClusterWithGrpc4aa2bfeb/s5/0ec42209-eaab-4456-bc68-7dc22db0a052/current
2024-09-10 06:20:02,250 TRACE util.FileUtils (LogUtils.java:runAndLog(49)) - Successfully ran Files.delete /home/runner/work/ratis/ratis/ratis-examples/target/test/data/f624d035/MiniRaftClusterWithGrpc4aa2bfeb/s5/0ec42209-eaab-4456-bc68-7dc22db0a052
2024-09-10 06:20:02,250 INFO  server.RaftServer$Division (RaftServerImpl.java:groupRemove(480)) - s5@group-7DC22DB0A052: Succeed to remove RaftStorageDirectory Storage Directory /home/runner/work/ratis/ratis/ratis-examples/target/test/data/f624d035/MiniRaftClusterWithGrpc4aa2bfeb/s5/0ec42209-eaab-4456-bc68-7dc22db0a052
2024-09-10 06:20:02,256 INFO  server.RaftServer (RaftServerProxy.java:remove(112)) - s6: remove  FOLLOWER s6@group-7DC22DB0A052:t1, leader=null, voted=s6, raftlog=Memoized:s6@group-7DC22DB0A052-SegmentedRaftLog:OPENED:c120:last(t:1, i:120), conf=conf: {index: 0, cur=peers:[s4|0.0.0.0:15004, s5|0.0.0.0:15005, s6|0.0.0.0:15006]|listeners:[], old=null} RUNNING
2024-09-10 06:20:02,256 INFO  server.RaftServer$Division (RaftServerImpl.java:lambda$close$1(510)) - s6@group-7DC22DB0A052: shutdown
2024-09-10 06:20:02,256 INFO  util.JmxRegister (JmxRegister.java:unregister(74)) - Successfully un-registered JMX Bean with object name Ratis:service=RaftServer,group=group-7DC22DB0A052,id=s6
2024-09-10 06:20:02,256 INFO  impl.RoleInfo (RoleInfo.java:shutdownFollowerState(119)) - s6: shutdown s6@group-7DC22DB0A052-FollowerState
2024-09-10 06:20:02,256 INFO  impl.StateMachineUpdater (StateMachineUpdater.java:stopAndJoin(164)) - s6@group-7DC22DB0A052-StateMachineUpdater: set stopIndex = 120
2024-09-10 06:20:02,256 INFO  impl.FollowerState (FollowerState.java:run(153)) - s6@group-7DC22DB0A052-FollowerState was interrupted
2024-09-10 06:20:02,257 INFO  impl.StateMachineUpdater (StateMachineUpdater.java:stop(141)) - s6@group-7DC22DB0A052-StateMachineUpdater: closing ArithmeticStateMachine, lastApplied=(t:1, i:120)
2024-09-10 06:20:02,257 INFO  util.AwaitToRun (AwaitToRun.java:run(49)) - s6@group-7DC22DB0A052-cacheEviction-AwaitToRun-AwaitForSignal is interrupted
2024-09-10 06:20:03,247 INFO  segmented.SegmentedRaftLogWorker (SegmentedRaftLogWorker.java:close(251)) - s6@group-7DC22DB0A052-SegmentedRaftLogWorker close()
2024-09-10 06:20:03,248 TRACE util.FileUtils (FileUtils.java:deleteFully(305)) - deleteFully /home/runner/work/ratis/ratis/ratis-examples/target/test/data/f624d035/MiniRaftClusterWithGrpc4aa2bfeb/s6/0ec42209-eaab-4456-bc68-7dc22db0a052
2024-09-10 06:20:03,248 TRACE util.FileUtils (LogUtils.java:runAndLog(49)) - Successfully ran Files.delete /home/runner/work/ratis/ratis/ratis-examples/target/test/data/f624d035/MiniRaftClusterWithGrpc4aa2bfeb/s6/0ec42209-eaab-4456-bc68-7dc22db0a052/in_use.lock
2024-09-10 06:20:03,248 TRACE util.FileUtils (LogUtils.java:runAndLog(49)) - Successfully ran Files.delete /home/runner/work/ratis/ratis/ratis-examples/target/test/data/f624d035/MiniRaftClusterWithGrpc4aa2bfeb/s6/0ec42209-eaab-4456-bc68-7dc22db0a052/sm
2024-09-10 06:20:03,248 TRACE util.FileUtils (LogUtils.java:runAndLog(49)) - Successfully ran Files.delete /home/runner/work/ratis/ratis/ratis-examples/target/test/data/f624d035/MiniRaftClusterWithGrpc4aa2bfeb/s6/0ec42209-eaab-4456-bc68-7dc22db0a052/current/log_inprogress_0
2024-09-10 06:20:03,249 TRACE util.FileUtils (LogUtils.java:runAndLog(49)) - Successfully ran Files.delete /home/runner/work/ratis/ratis/ratis-examples/target/test/data/f624d035/MiniRaftClusterWithGrpc4aa2bfeb/s6/0ec42209-eaab-4456-bc68-7dc22db0a052/current/raft-meta.conf
2024-09-10 06:20:03,249 TRACE util.FileUtils (LogUtils.java:runAndLog(49)) - Successfully ran Files.delete /home/runner/work/ratis/ratis/ratis-examples/target/test/data/f624d035/MiniRaftClusterWithGrpc4aa2bfeb/s6/0ec42209-eaab-4456-bc68-7dc22db0a052/current/raft-meta
2024-09-10 06:20:03,249 TRACE util.FileUtils (LogUtils.java:runAndLog(49)) - Successfully ran Files.delete /home/runner/work/ratis/ratis/ratis-examples/target/test/data/f624d035/MiniRaftClusterWithGrpc4aa2bfeb/s6/0ec42209-eaab-4456-bc68-7dc22db0a052/current
2024-09-10 06:20:03,249 TRACE util.FileUtils (LogUtils.java:runAndLog(49)) - Successfully ran Files.delete /home/runner/work/ratis/ratis/ratis-examples/target/test/data/f624d035/MiniRaftClusterWithGrpc4aa2bfeb/s6/0ec42209-eaab-4456-bc68-7dc22db0a052
2024-09-10 06:20:03,249 INFO  server.RaftServer$Division (RaftServerImpl.java:groupRemove(480)) - s6@group-7DC22DB0A052: Succeed to remove RaftStorageDirectory Storage Directory /home/runner/work/ratis/ratis/ratis-examples/target/test/data/f624d035/MiniRaftClusterWithGrpc4aa2bfeb/s6/0ec42209-eaab-4456-bc68-7dc22db0a052
2024-09-10 06:20:03,254 INFO  impl.GroupManagementBaseTest (GroupManagementBaseTest.java:runMultiGroupTest(299)) - 4) close printing group-6D3E3F15100A
  s7:  RUNNING [
   FOLLOWER s7@group-6D3E3F15100A:t1, leader=s9, voted=s9, raftlog=Memoized:s7@group-6D3E3F15100A-SegmentedRaftLog:OPENED:c120:last(t:1, i:120), conf=conf: {index: 0, cur=peers:[s7|0.0.0.0:15007, s8|0.0.0.0:15008, s9|0.0.0.0:15009]|listeners:[], old=null} RUNNING
   FOLLOWER s7@group-DF8C9DCF2580:t0, leader=null, voted=, raftlog=Memoized:s7@group-DF8C9DCF2580-SegmentedRaftLog:OPENED:c-1:lastnull, conf=conf: {index: -1, cur=peers:[]|listeners:[], old=null} STARTING] size=2
  s8:  RUNNING [
   FOLLOWER s8@group-6D3E3F15100A:t1, leader=s9, voted=s9, raftlog=Memoized:s8@group-6D3E3F15100A-SegmentedRaftLog:OPENED:c120:last(t:1, i:120), conf=conf: {index: 0, cur=peers:[s7|0.0.0.0:15007, s8|0.0.0.0:15008, s9|0.0.0.0:15009]|listeners:[], old=null} RUNNING
   FOLLOWER s8@group-DF8C9DCF2580:t0, leader=null, voted=, raftlog=Memoized:s8@group-DF8C9DCF2580-SegmentedRaftLog:OPENED:c-1:lastnull, conf=conf: {index: -1, cur=peers:[]|listeners:[], old=null} STARTING] size=2
  s9:  RUNNING [
     LEADER s9@group-6D3E3F15100A:t1, leader=s9, voted=s9, raftlog=Memoized:s9@group-6D3E3F15100A-SegmentedRaftLog:OPENED:c120:last(t:1, i:120), conf=conf: {index: 0, cur=peers:[s7|0.0.0.0:15007, s8|0.0.0.0:15008, s9|0.0.0.0:15009]|listeners:[], old=null} RUNNING
   FOLLOWER s9@group-DF8C9DCF2580:t0, leader=null, voted=, raftlog=Memoized:s9@group-DF8C9DCF2580-SegmentedRaftLog:OPENED:c-1:lastnull, conf=conf: {index: -1, cur=peers:[]|listeners:[], old=null} STARTING] size=2
2024-09-10 06:20:03,267 WARN  util.ReferenceCountedLeakDetector (ReferenceCountedLeakDetector.java:lambda$new$0(147)) - LEAK: A org.apache.ratis.protocol.RaftClientRequest is not released properly
2024-09-10 06:20:03,270 INFO  server.RaftServer (RaftServerProxy.java:remove(112)) - s7: remove  FOLLOWER s7@group-6D3E3F15100A:t1, leader=s9, voted=s9, raftlog=Memoized:s7@group-6D3E3F15100A-SegmentedRaftLog:OPENED:c120:last(t:1, i:120), conf=conf: {index: 0, cur=peers:[s7|0.0.0.0:15007, s8|0.0.0.0:15008, s9|0.0.0.0:15009]|listeners:[], old=null} RUNNING
2024-09-10 06:20:03,270 INFO  server.RaftServer$Division (RaftServerImpl.java:lambda$close$1(510)) - s7@group-6D3E3F15100A: shutdown
2024-09-10 06:20:03,270 INFO  util.JmxRegister (JmxRegister.java:unregister(74)) - Successfully un-registered JMX Bean with object name Ratis:service=RaftServer,group=group-6D3E3F15100A,id=s7
2024-09-10 06:20:03,270 INFO  impl.RoleInfo (RoleInfo.java:shutdownFollowerState(119)) - s7: shutdown s7@group-6D3E3F15100A-FollowerState
2024-09-10 06:20:03,270 INFO  impl.FollowerState (FollowerState.java:run(153)) - s7@group-6D3E3F15100A-FollowerState was interrupted
2024-09-10 06:20:03,271 INFO  impl.StateMachineUpdater (StateMachineUpdater.java:stopAndJoin(164)) - s7@group-6D3E3F15100A-StateMachineUpdater: set stopIndex = 120
2024-09-10 06:20:03,272 INFO  impl.StateMachineUpdater (StateMachineUpdater.java:stop(141)) - s7@group-6D3E3F15100A-StateMachineUpdater: closing ArithmeticStateMachine, lastApplied=(t:1, i:120)
2024-09-10 06:20:03,272 INFO  util.AwaitToRun (AwaitToRun.java:run(49)) - s7@group-6D3E3F15100A-cacheEviction-AwaitToRun-AwaitForSignal is interrupted
2024-09-10 06:20:03,592 INFO  segmented.SegmentedRaftLogWorker (SegmentedRaftLogWorker.java:close(251)) - s7@group-6D3E3F15100A-SegmentedRaftLogWorker close()
2024-09-10 06:20:03,593 TRACE util.FileUtils (FileUtils.java:deleteFully(305)) - deleteFully /home/runner/work/ratis/ratis/ratis-examples/target/test/data/f624d035/MiniRaftClusterWithGrpc4aa2bfeb/s7/861dd211-de6e-49be-983e-6d3e3f15100a
2024-09-10 06:20:03,593 TRACE util.FileUtils (LogUtils.java:runAndLog(49)) - Successfully ran Files.delete /home/runner/work/ratis/ratis/ratis-examples/target/test/data/f624d035/MiniRaftClusterWithGrpc4aa2bfeb/s7/861dd211-de6e-49be-983e-6d3e3f15100a/in_use.lock
2024-09-10 06:20:03,594 TRACE util.FileUtils (LogUtils.java:runAndLog(49)) - Successfully ran Files.delete /home/runner/work/ratis/ratis/ratis-examples/target/test/data/f624d035/MiniRaftClusterWithGrpc4aa2bfeb/s7/861dd211-de6e-49be-983e-6d3e3f15100a/sm
2024-09-10 06:20:03,594 TRACE util.FileUtils (LogUtils.java:runAndLog(49)) - Successfully ran Files.delete /home/runner/work/ratis/ratis/ratis-examples/target/test/data/f624d035/MiniRaftClusterWithGrpc4aa2bfeb/s7/861dd211-de6e-49be-983e-6d3e3f15100a/current/log_inprogress_0
2024-09-10 06:20:03,594 TRACE util.FileUtils (LogUtils.java:runAndLog(49)) - Successfully ran Files.delete /home/runner/work/ratis/ratis/ratis-examples/target/test/data/f624d035/MiniRaftClusterWithGrpc4aa2bfeb/s7/861dd211-de6e-49be-983e-6d3e3f15100a/current/raft-meta.conf
2024-09-10 06:20:03,594 TRACE util.FileUtils (LogUtils.java:runAndLog(49)) - Successfully ran Files.delete /home/runner/work/ratis/ratis/ratis-examples/target/test/data/f624d035/MiniRaftClusterWithGrpc4aa2bfeb/s7/861dd211-de6e-49be-983e-6d3e3f15100a/current/raft-meta
2024-09-10 06:20:03,594 TRACE util.FileUtils (LogUtils.java:runAndLog(49)) - Successfully ran Files.delete /home/runner/work/ratis/ratis/ratis-examples/target/test/data/f624d035/MiniRaftClusterWithGrpc4aa2bfeb/s7/861dd211-de6e-49be-983e-6d3e3f15100a/current
2024-09-10 06:20:03,594 TRACE util.FileUtils (LogUtils.java:runAndLog(49)) - Successfully ran Files.delete /home/runner/work/ratis/ratis/ratis-examples/target/test/data/f624d035/MiniRaftClusterWithGrpc4aa2bfeb/s7/861dd211-de6e-49be-983e-6d3e3f15100a
2024-09-10 06:20:03,594 INFO  server.RaftServer$Division (RaftServerImpl.java:groupRemove(480)) - s7@group-6D3E3F15100A: Succeed to remove RaftStorageDirectory Storage Directory /home/runner/work/ratis/ratis/ratis-examples/target/test/data/f624d035/MiniRaftClusterWithGrpc4aa2bfeb/s7/861dd211-de6e-49be-983e-6d3e3f15100a
2024-09-10 06:20:03,599 INFO  server.RaftServer (RaftServerProxy.java:remove(112)) - s8: remove  FOLLOWER s8@group-6D3E3F15100A:t1, leader=s9, voted=s9, raftlog=Memoized:s8@group-6D3E3F15100A-SegmentedRaftLog:OPENED:c120:last(t:1, i:120), conf=conf: {index: 0, cur=peers:[s7|0.0.0.0:15007, s8|0.0.0.0:15008, s9|0.0.0.0:15009]|listeners:[], old=null} RUNNING
2024-09-10 06:20:03,600 INFO  server.RaftServer$Division (RaftServerImpl.java:lambda$close$1(510)) - s8@group-6D3E3F15100A: shutdown
2024-09-10 06:20:03,600 INFO  util.JmxRegister (JmxRegister.java:unregister(74)) - Successfully un-registered JMX Bean with object name Ratis:service=RaftServer,group=group-6D3E3F15100A,id=s8
2024-09-10 06:20:03,600 INFO  impl.RoleInfo (RoleInfo.java:shutdownFollowerState(119)) - s8: shutdown s8@group-6D3E3F15100A-FollowerState
2024-09-10 06:20:03,600 INFO  impl.StateMachineUpdater (StateMachineUpdater.java:stopAndJoin(164)) - s8@group-6D3E3F15100A-StateMachineUpdater: set stopIndex = 120
2024-09-10 06:20:03,600 INFO  impl.FollowerState (FollowerState.java:run(153)) - s8@group-6D3E3F15100A-FollowerState was interrupted
2024-09-10 06:20:03,600 INFO  impl.StateMachineUpdater (StateMachineUpdater.java:stop(141)) - s8@group-6D3E3F15100A-StateMachineUpdater: closing ArithmeticStateMachine, lastApplied=(t:1, i:120)
2024-09-10 06:20:03,600 INFO  util.AwaitToRun (AwaitToRun.java:run(49)) - s8@group-6D3E3F15100A-cacheEviction-AwaitToRun-AwaitForSignal is interrupted
2024-09-10 06:20:04,394 WARN  server.RaftServer$Division (LeaderStateImpl.java:checkLeadership(1120)) - s9@group-6D3E3F15100A-LeaderStateImpl: Lost leadership on term: 1. Election timeout: 600ms. In charge for: 8653ms. Conf: conf: {index: 0, cur=peers:[s7|0.0.0.0:15007, s8|0.0.0.0:15008, s9|0.0.0.0:15009]|listeners:[], old=null}
2024-09-10 06:20:04,394 WARN  server.RaftServer$Division (LeaderStateImpl.java:lambda$checkLeadership$20(1124)) - Follower s9@group-6D3E3F15100A->s7(c120,m120,n121, caughtUp=true, lastRpcSendTime=11, lastRpcResponseTime=1143)
2024-09-10 06:20:04,394 WARN  server.RaftServer$Division (LeaderStateImpl.java:lambda$checkLeadership$20(1124)) - Follower s9@group-6D3E3F15100A->s8(c120,m120,n121, caughtUp=true, lastRpcSendTime=8, lastRpcResponseTime=840)
2024-09-10 06:20:04,394 INFO  server.RaftServer$Division (RaftServerImpl.java:setRole(378)) - s9@group-6D3E3F15100A: changes role from    LEADER to FOLLOWER at term 1 for StepDownReason:LOST_MAJORITY_HEARTBEATS
2024-09-10 06:20:04,394 INFO  impl.RoleInfo (RoleInfo.java:shutdownLeaderState(103)) - s9: shutdown s9@group-6D3E3F15100A-LeaderStateImpl
2024-09-10 06:20:04,395 WARN  server.GrpcLogAppender (GrpcLogAppender.java:mayWait(293)) - s9@group-6D3E3F15100A->s8-GrpcLogAppender: Wait interrupted by java.lang.InterruptedException
2024-09-10 06:20:04,395 INFO  impl.PendingRequests (PendingRequests.java:sendNotLeaderResponses(287)) - s9@group-6D3E3F15100A-PendingRequests: sendNotLeaderResponses
2024-09-10 06:20:04,395 WARN  server.GrpcLogAppender (GrpcLogAppender.java:mayWait(293)) - s9@group-6D3E3F15100A->s7-GrpcLogAppender: Wait interrupted by java.lang.InterruptedException
2024-09-10 06:20:04,395 INFO  server.GrpcServerProtocolService (GrpcServerProtocolService.java:onCompleted(200)) - s8: Completed APPEND_ENTRIES, lastRequest: s9->s8#278-t1,previous=(t:1, i:119),leaderCommit=119,initializing? false,entries: size=1, first=(t:1, i:120), METADATAENTRY(c:119)
2024-09-10 06:20:04,396 INFO  server.GrpcServerProtocolService (GrpcServerProtocolService.java:lambda$onCompleted$7(202)) - s8: Completed APPEND_ENTRIES, lastReply: null
2024-09-10 06:20:04,395 INFO  server.GrpcServerProtocolService (GrpcServerProtocolService.java:onCompleted(200)) - s8: Completed APPEND_ENTRIES, lastRequest: null
2024-09-10 06:20:04,396 INFO  server.GrpcServerProtocolService (GrpcServerProtocolService.java:onCompleted(200)) - s7: Completed APPEND_ENTRIES, lastRequest: s9->s7#304-t1,previous=(t:1, i:119),leaderCommit=119,initializing? false,entries: size=1, first=(t:1, i:120), METADATAENTRY(c:119)
2024-09-10 06:20:04,396 INFO  server.GrpcServerProtocolService (GrpcServerProtocolService.java:lambda$onCompleted$7(202)) - s7: Completed APPEND_ENTRIES, lastReply: null
2024-09-10 06:20:04,396 INFO  server.RaftServer$Division (ServerState.java:setLeader(272)) - s9@group-6D3E3F15100A: change Leader from s9 to null at term 1 for StepDownReason:LOST_MAJORITY_HEARTBEATS
2024-09-10 06:20:04,396 INFO  server.GrpcServerProtocolService (GrpcServerProtocolService.java:onCompleted(200)) - s7: Completed APPEND_ENTRIES, lastRequest: null
2024-09-10 06:20:04,396 INFO  impl.RoleInfo (RoleInfo.java:updateAndGet(148)) - s9: start s9@group-6D3E3F15100A-FollowerState
2024-09-10 06:20:04,396 INFO  server.GrpcLogAppender (GrpcLogAppender.java:onCompleted(559)) - s9@group-6D3E3F15100A->s8-AppendLogResponseHandler: follower responses appendEntries COMPLETED
2024-09-10 06:20:04,396 INFO  server.GrpcLogAppender (GrpcLogAppender.java:onCompleted(559)) - s9@group-6D3E3F15100A->s7-AppendLogResponseHandler: follower responses appendEntries COMPLETED
2024-09-10 06:20:04,593 INFO  segmented.SegmentedRaftLogWorker (SegmentedRaftLogWorker.java:close(251)) - s8@group-6D3E3F15100A-SegmentedRaftLogWorker close()
2024-09-10 06:20:04,594 TRACE util.FileUtils (FileUtils.java:deleteFully(305)) - deleteFully /home/runner/work/ratis/ratis/ratis-examples/target/test/data/f624d035/MiniRaftClusterWithGrpc4aa2bfeb/s8/861dd211-de6e-49be-983e-6d3e3f15100a
2024-09-10 06:20:04,595 TRACE util.FileUtils (LogUtils.java:runAndLog(49)) - Successfully ran Files.delete /home/runner/work/ratis/ratis/ratis-examples/target/test/data/f624d035/MiniRaftClusterWithGrpc4aa2bfeb/s8/861dd211-de6e-49be-983e-6d3e3f15100a/in_use.lock
2024-09-10 06:20:04,595 TRACE util.FileUtils (LogUtils.java:runAndLog(49)) - Successfully ran Files.delete /home/runner/work/ratis/ratis/ratis-examples/target/test/data/f624d035/MiniRaftClusterWithGrpc4aa2bfeb/s8/861dd211-de6e-49be-983e-6d3e3f15100a/sm
2024-09-10 06:20:04,595 TRACE util.FileUtils (LogUtils.java:runAndLog(49)) - Successfully ran Files.delete /home/runner/work/ratis/ratis/ratis-examples/target/test/data/f624d035/MiniRaftClusterWithGrpc4aa2bfeb/s8/861dd211-de6e-49be-983e-6d3e3f15100a/current/log_inprogress_0
2024-09-10 06:20:04,595 TRACE util.FileUtils (LogUtils.java:runAndLog(49)) - Successfully ran Files.delete /home/runner/work/ratis/ratis/ratis-examples/target/test/data/f624d035/MiniRaftClusterWithGrpc4aa2bfeb/s8/861dd211-de6e-49be-983e-6d3e3f15100a/current/raft-meta.conf
2024-09-10 06:20:04,595 TRACE util.FileUtils (LogUtils.java:runAndLog(49)) - Successfully ran Files.delete /home/runner/work/ratis/ratis/ratis-examples/target/test/data/f624d035/MiniRaftClusterWithGrpc4aa2bfeb/s8/861dd211-de6e-49be-983e-6d3e3f15100a/current/raft-meta
2024-09-10 06:20:04,595 TRACE util.FileUtils (LogUtils.java:runAndLog(49)) - Successfully ran Files.delete /home/runner/work/ratis/ratis/ratis-examples/target/test/data/f624d035/MiniRaftClusterWithGrpc4aa2bfeb/s8/861dd211-de6e-49be-983e-6d3e3f15100a/current
2024-09-10 06:20:04,595 TRACE util.FileUtils (LogUtils.java:runAndLog(49)) - Successfully ran Files.delete /home/runner/work/ratis/ratis/ratis-examples/target/test/data/f624d035/MiniRaftClusterWithGrpc4aa2bfeb/s8/861dd211-de6e-49be-983e-6d3e3f15100a
2024-09-10 06:20:04,595 INFO  server.RaftServer$Division (RaftServerImpl.java:groupRemove(480)) - s8@group-6D3E3F15100A: Succeed to remove RaftStorageDirectory Storage Directory /home/runner/work/ratis/ratis/ratis-examples/target/test/data/f624d035/MiniRaftClusterWithGrpc4aa2bfeb/s8/861dd211-de6e-49be-983e-6d3e3f15100a
2024-09-10 06:20:04,603 INFO  server.RaftServer (RaftServerProxy.java:remove(112)) - s9: remove  FOLLOWER s9@group-6D3E3F15100A:t1, leader=null, voted=s9, raftlog=Memoized:s9@group-6D3E3F15100A-SegmentedRaftLog:OPENED:c120:last(t:1, i:120), conf=conf: {index: 0, cur=peers:[s7|0.0.0.0:15007, s8|0.0.0.0:15008, s9|0.0.0.0:15009]|listeners:[], old=null} RUNNING
2024-09-10 06:20:04,603 INFO  server.RaftServer$Division (RaftServerImpl.java:lambda$close$1(510)) - s9@group-6D3E3F15100A: shutdown
2024-09-10 06:20:04,604 INFO  util.JmxRegister (JmxRegister.java:unregister(74)) - Successfully un-registered JMX Bean with object name Ratis:service=RaftServer,group=group-6D3E3F15100A,id=s9
2024-09-10 06:20:04,604 INFO  impl.RoleInfo (RoleInfo.java:shutdownFollowerState(119)) - s9: shutdown s9@group-6D3E3F15100A-FollowerState
2024-09-10 06:20:04,604 INFO  impl.StateMachineUpdater (StateMachineUpdater.java:stopAndJoin(164)) - s9@group-6D3E3F15100A-StateMachineUpdater: set stopIndex = 120
2024-09-10 06:20:04,604 INFO  impl.FollowerState (FollowerState.java:run(153)) - s9@group-6D3E3F15100A-FollowerState was interrupted
2024-09-10 06:20:04,604 INFO  impl.StateMachineUpdater (StateMachineUpdater.java:stop(141)) - s9@group-6D3E3F15100A-StateMachineUpdater: closing ArithmeticStateMachine, lastApplied=(t:1, i:120)
2024-09-10 06:20:04,604 INFO  util.AwaitToRun (AwaitToRun.java:run(49)) - s9@group-6D3E3F15100A-cacheEviction-AwaitToRun-AwaitForSignal is interrupted
2024-09-10 06:20:05,592 INFO  segmented.SegmentedRaftLogWorker (SegmentedRaftLogWorker.java:close(251)) - s9@group-6D3E3F15100A-SegmentedRaftLogWorker close()
2024-09-10 06:20:05,593 TRACE util.FileUtils (FileUtils.java:deleteFully(305)) - deleteFully /home/runner/work/ratis/ratis/ratis-examples/target/test/data/f624d035/MiniRaftClusterWithGrpc4aa2bfeb/s9/861dd211-de6e-49be-983e-6d3e3f15100a
2024-09-10 06:20:05,593 TRACE util.FileUtils (LogUtils.java:runAndLog(49)) - Successfully ran Files.delete /home/runner/work/ratis/ratis/ratis-examples/target/test/data/f624d035/MiniRaftClusterWithGrpc4aa2bfeb/s9/861dd211-de6e-49be-983e-6d3e3f15100a/in_use.lock
2024-09-10 06:20:05,594 TRACE util.FileUtils (LogUtils.java:runAndLog(49)) - Successfully ran Files.delete /home/runner/work/ratis/ratis/ratis-examples/target/test/data/f624d035/MiniRaftClusterWithGrpc4aa2bfeb/s9/861dd211-de6e-49be-983e-6d3e3f15100a/sm
2024-09-10 06:20:05,594 TRACE util.FileUtils (LogUtils.java:runAndLog(49)) - Successfully ran Files.delete /home/runner/work/ratis/ratis/ratis-examples/target/test/data/f624d035/MiniRaftClusterWithGrpc4aa2bfeb/s9/861dd211-de6e-49be-983e-6d3e3f15100a/current/log_inprogress_0
2024-09-10 06:20:05,594 TRACE util.FileUtils (LogUtils.java:runAndLog(49)) - Successfully ran Files.delete /home/runner/work/ratis/ratis/ratis-examples/target/test/data/f624d035/MiniRaftClusterWithGrpc4aa2bfeb/s9/861dd211-de6e-49be-983e-6d3e3f15100a/current/raft-meta.conf
2024-09-10 06:20:05,594 TRACE util.FileUtils (LogUtils.java:runAndLog(49)) - Successfully ran Files.delete /home/runner/work/ratis/ratis/ratis-examples/target/test/data/f624d035/MiniRaftClusterWithGrpc4aa2bfeb/s9/861dd211-de6e-49be-983e-6d3e3f15100a/current/raft-meta
2024-09-10 06:20:05,594 TRACE util.FileUtils (LogUtils.java:runAndLog(49)) - Successfully ran Files.delete /home/runner/work/ratis/ratis/ratis-examples/target/test/data/f624d035/MiniRaftClusterWithGrpc4aa2bfeb/s9/861dd211-de6e-49be-983e-6d3e3f15100a/current
2024-09-10 06:20:05,594 TRACE util.FileUtils (LogUtils.java:runAndLog(49)) - Successfully ran Files.delete /home/runner/work/ratis/ratis/ratis-examples/target/test/data/f624d035/MiniRaftClusterWithGrpc4aa2bfeb/s9/861dd211-de6e-49be-983e-6d3e3f15100a
2024-09-10 06:20:05,594 INFO  server.RaftServer$Division (RaftServerImpl.java:groupRemove(480)) - s9@group-6D3E3F15100A: Succeed to remove RaftStorageDirectory Storage Directory /home/runner/work/ratis/ratis/ratis-examples/target/test/data/f624d035/MiniRaftClusterWithGrpc4aa2bfeb/s9/861dd211-de6e-49be-983e-6d3e3f15100a
| MiniRaftClusterWithGrpc[3, 6, 9, 12, 15]chosen=0 | close groups | 153 |
2024-09-10 06:20:05,596 INFO  impl.GroupManagementBaseTest (GroupManagementBaseTest.java:runMultiGroupTest(316)) - close groups: printing ALL groups
  s3:  RUNNING  FOLLOWER s3@group-DF8C9DCF2580:t0, leader=null, voted=, raftlog=Memoized:s3@group-DF8C9DCF2580-SegmentedRaftLog:OPENED:c-1:lastnull, conf=conf: {index: -1, cur=peers:[]|listeners:[], old=null} STARTING
  s4:  RUNNING  FOLLOWER s4@group-DF8C9DCF2580:t0, leader=null, voted=, raftlog=Memoized:s4@group-DF8C9DCF2580-SegmentedRaftLog:OPENED:c-1:lastnull, conf=conf: {index: -1, cur=peers:[]|listeners:[], old=null} STARTING
  s5:  RUNNING  FOLLOWER s5@group-DF8C9DCF2580:t0, leader=null, voted=, raftlog=Memoized:s5@group-DF8C9DCF2580-SegmentedRaftLog:OPENED:c-1:lastnull, conf=conf: {index: -1, cur=peers:[]|listeners:[], old=null} STARTING
  s6:  RUNNING  FOLLOWER s6@group-DF8C9DCF2580:t0, leader=null, voted=, raftlog=Memoized:s6@group-DF8C9DCF2580-SegmentedRaftLog:OPENED:c-1:lastnull, conf=conf: {index: -1, cur=peers:[]|listeners:[], old=null} STARTING
  s7:  RUNNING  FOLLOWER s7@group-DF8C9DCF2580:t0, leader=null, voted=, raftlog=Memoized:s7@group-DF8C9DCF2580-SegmentedRaftLog:OPENED:c-1:lastnull, conf=conf: {index: -1, cur=peers:[]|listeners:[], old=null} STARTING
  s8:  RUNNING  FOLLOWER s8@group-DF8C9DCF2580:t0, leader=null, voted=, raftlog=Memoized:s8@group-DF8C9DCF2580-SegmentedRaftLog:OPENED:c-1:lastnull, conf=conf: {index: -1, cur=peers:[]|listeners:[], old=null} STARTING
  s9:  RUNNING  FOLLOWER s9@group-DF8C9DCF2580:t0, leader=null, voted=, raftlog=Memoized:s9@group-DF8C9DCF2580-SegmentedRaftLog:OPENED:c-1:lastnull, conf=conf: {index: -1, cur=peers:[]|listeners:[], old=null} STARTING
  s11:  RUNNING  FOLLOWER s11@group-DF8C9DCF2580:t0, leader=null, voted=, raftlog=Memoized:s11@group-DF8C9DCF2580-SegmentedRaftLog:OPENED:c-1:lastnull, conf=conf: {index: -1, cur=peers:[]|listeners:[], old=null} STARTING
  s10:  RUNNING [
   FOLLOWER s10@group-5D788F7A274C:t1, leader=s0, voted=s0, raftlog=Memoized:s10@group-5D788F7A274C-SegmentedRaftLog:OPENED:c120:last(t:1, i:120), conf=conf: {index: 0, cur=peers:[s10|0.0.0.0:15010, s0|0.0.0.0:15000, s1|0.0.0.0:15001]|listeners:[], old=null} RUNNING
   FOLLOWER s10@group-DF8C9DCF2580:t0, leader=null, voted=, raftlog=Memoized:s10@group-DF8C9DCF2580-SegmentedRaftLog:OPENED:c-1:lastnull, conf=conf: {index: -1, cur=peers:[]|listeners:[], old=null} STARTING] size=2
  s13:  RUNNING  FOLLOWER s13@group-DF8C9DCF2580:t0, leader=null, voted=, raftlog=Memoized:s13@group-DF8C9DCF2580-SegmentedRaftLog:OPENED:c-1:lastnull, conf=conf: {index: -1, cur=peers:[]|listeners:[], old=null} STARTING
  s12:  RUNNING  FOLLOWER s12@group-DF8C9DCF2580:t0, leader=null, voted=, raftlog=Memoized:s12@group-DF8C9DCF2580-SegmentedRaftLog:OPENED:c-1:lastnull, conf=conf: {index: -1, cur=peers:[]|listeners:[], old=null} STARTING
  s14:  RUNNING  FOLLOWER s14@group-DF8C9DCF2580:t0, leader=null, voted=, raftlog=Memoized:s14@group-DF8C9DCF2580-SegmentedRaftLog:OPENED:c-1:lastnull, conf=conf: {index: -1, cur=peers:[]|listeners:[], old=null} STARTING
  s0:  RUNNING [
     LEADER s0@group-5D788F7A274C:t1, leader=s0, voted=s0, raftlog=Memoized:s0@group-5D788F7A274C-SegmentedRaftLog:OPENED:c120:last(t:1, i:120), conf=conf: {index: 0, cur=peers:[s10|0.0.0.0:15010, s0|0.0.0.0:15000, s1|0.0.0.0:15001]|listeners:[], old=null} RUNNING
   FOLLOWER s0@group-DF8C9DCF2580:t0, leader=null, voted=, raftlog=Memoized:s0@group-DF8C9DCF2580-SegmentedRaftLog:OPENED:c-1:lastnull, conf=conf: {index: -1, cur=peers:[]|listeners:[], old=null} STARTING] size=2
  s1:  RUNNING [
   FOLLOWER s1@group-5D788F7A274C:t1, leader=s0, voted=s1, raftlog=Memoized:s1@group-5D788F7A274C-SegmentedRaftLog:OPENED:c120:last(t:1, i:120), conf=conf: {index: 0, cur=peers:[s10|0.0.0.0:15010, s0|0.0.0.0:15000, s1|0.0.0.0:15001]|listeners:[], old=null} RUNNING
   FOLLOWER s1@group-DF8C9DCF2580:t0, leader=null, voted=, raftlog=Memoized:s1@group-DF8C9DCF2580-SegmentedRaftLog:OPENED:c-1:lastnull, conf=conf: {index: -1, cur=peers:[]|listeners:[], old=null} STARTING] size=2
  s2:  RUNNING  FOLLOWER s2@group-DF8C9DCF2580:t0, leader=null, voted=, raftlog=Memoized:s2@group-DF8C9DCF2580-SegmentedRaftLog:OPENED:c-1:lastnull, conf=conf: {index: -1, cur=peers:[]|listeners:[], old=null} STARTING
2024-09-10 06:20:05,596 INFO  impl.GroupManagementBaseTest (GroupManagementBaseTest.java:runMultiGroupTest(322)) - 1) groupAdd: printing group-0052E07B9BEC
2024-09-10 06:20:05,600 INFO  server.RaftServer (RaftServerProxy.java:addNew(101)) - s11: addNew group-5D788F7A274C:[] returns group-5D788F7A274C:java.util.concurrent.CompletableFuture@74aafa6f[Not completed]
2024-09-10 06:20:05,600 INFO  server.RaftServer$Division (RaftServerImpl.java:<init>(255)) - s11: new RaftServerImpl for group-5D788F7A274C:[] with ArithmeticStateMachine:uninitialized
2024-09-10 06:20:05,600 INFO  server.RaftServerConfigKeys (ConfUtils.java:logGet(46)) - raft.server.rpc.timeout.min = 300ms (custom)
2024-09-10 06:20:05,600 INFO  server.RaftServerConfigKeys (ConfUtils.java:logGet(46)) - raft.server.rpc.timeout.max = 600ms (custom)
2024-09-10 06:20:05,600 INFO  server.RaftServerConfigKeys (ConfUtils.java:logGet(46)) - raft.server.rpc.sleep.time = 25ms (default)
2024-09-10 06:20:05,600 INFO  server.RaftServerConfigKeys (ConfUtils.java:logGet(46)) - raft.server.rpc.slowness.timeout = 60s (default)
2024-09-10 06:20:05,600 INFO  server.RaftServerConfigKeys (ConfUtils.java:logGet(46)) - raft.server.leaderelection.leader.step-down.wait-time = 10s (default)
2024-09-10 06:20:05,600 INFO  server.RaftServerConfigKeys (ConfUtils.java:logGet(46)) - raft.server.leaderelection.member.majority-add = false (default)
2024-09-10 06:20:05,600 INFO  server.RaftServerConfigKeys (ConfUtils.java:logGet(46)) - raft.server.sleep.deviation.threshold = 300ms (default)
2024-09-10 06:20:05,600 INFO  server.RaftServer$Division (ServerState.java:<init>(114)) - s11@group-5D788F7A274C: ConfigurationManager, init=conf: {index: -1, cur=peers:[]|listeners:[], old=null}, confs=<EMPTY_MAP>
2024-09-10 06:20:05,600 INFO  server.RaftServerConfigKeys (ConfUtils.java:logGet(46)) - raft.server.notification.no-leader.timeout = 60s (default)
2024-09-10 06:20:05,600 INFO  server.RaftServerConfigKeys (ConfUtils.java:logGet(46)) - raft.server.read.timeout = 10s (default)
2024-09-10 06:20:05,600 INFO  server.RaftServerConfigKeys (ConfUtils.java:logGet(46)) - raft.server.retrycache.expirytime = 60s (default)
2024-09-10 06:20:05,601 INFO  server.RaftServerConfigKeys (ConfUtils.java:logGet(46)) - raft.server.retrycache.statistics.expirytime = 100ms (default)
2024-09-10 06:20:05,601 INFO  server.RaftServerConfigKeys (ConfUtils.java:logGet(46)) - raft.server.read.option = DEFAULT (default)
2024-09-10 06:20:05,601 INFO  server.RaftServerConfigKeys (ConfUtils.java:logGet(46)) - raft.server.read.read-after-write-consistent.write-index-cache.expiry-time = 60s (default)
2024-09-10 06:20:05,601 INFO  server.RaftServerConfigKeys (ConfUtils.java:logGet(46)) - raft.server.rpc.request.timeout = 3000ms (default)
2024-09-10 06:20:05,601 INFO  server.RaftServerConfigKeys (ConfUtils.java:logGet(46)) - raft.server.log.appender.install.snapshot.enabled = true (default)
2024-09-10 06:20:05,601 INFO  server.RaftServerConfigKeys (ConfUtils.java:logGet(46)) - raft.server.threadpool.server.cached = true (default)
2024-09-10 06:20:05,601 INFO  server.RaftServerConfigKeys (ConfUtils.java:logGet(46)) - raft.server.threadpool.server.size = 0 (default)
2024-09-10 06:20:05,601 INFO  server.RaftServerConfigKeys (ConfUtils.java:logGet(46)) - raft.server.threadpool.client.cached = true (default)
2024-09-10 06:20:05,601 INFO  server.RaftServerConfigKeys (ConfUtils.java:logGet(46)) - raft.server.threadpool.client.size = 0 (default)
2024-09-10 06:20:05,601 INFO  server.RaftServerConfigKeys (ConfUtils.java:logGet(46)) - raft.server.storage.free-space.min = 0MB (=0) (default)
2024-09-10 06:20:05,601 INFO  server.RaftServerConfigKeys (ConfUtils.java:logGet(46)) - raft.server.log.corruption.policy = EXCEPTION (default)
2024-09-10 06:20:05,602 INFO  server.RaftServerConfigKeys (ConfUtils.java:logGet(46)) - raft.server.storage.dir = [/home/runner/work/ratis/ratis/ratis-examples/target/test/data/f624d035/MiniRaftClusterWithGrpc4aa2bfeb/s11] (custom)
2024-09-10 06:20:05,602 INFO  storage.RaftStorageDirectory (RaftStorageDirectoryImpl.java:analyzeStorage(138)) - The storage directory /home/runner/work/ratis/ratis/ratis-examples/target/test/data/f624d035/MiniRaftClusterWithGrpc4aa2bfeb/s11/746c2775-00df-41b8-9955-5d788f7a274c does not exist. Creating ...
2024-09-10 06:20:05,602 TRACE util.FileUtils (LogUtils.java:runAndLog(49)) - Successfully ran Files.createDirectories /home/runner/work/ratis/ratis/ratis-examples/target/test/data/f624d035/MiniRaftClusterWithGrpc4aa2bfeb/s11/746c2775-00df-41b8-9955-5d788f7a274c
2024-09-10 06:20:05,603 INFO  storage.RaftStorageDirectory (RaftStorageDirectoryImpl.java:tryLock(229)) - Lock on /home/runner/work/ratis/ratis/ratis-examples/target/test/data/f624d035/MiniRaftClusterWithGrpc4aa2bfeb/s11/746c2775-00df-41b8-9955-5d788f7a274c/in_use.lock acquired by nodename 13550@fv-az691-408
2024-09-10 06:20:05,603 TRACE util.FileUtils (LogUtils.java:runAndLog(49)) - Successfully ran Files.createDirectories /home/runner/work/ratis/ratis/ratis-examples/target/test/data/f624d035/MiniRaftClusterWithGrpc4aa2bfeb/s11/746c2775-00df-41b8-9955-5d788f7a274c/current
2024-09-10 06:20:05,603 TRACE util.FileUtils (LogUtils.java:runAndLog(49)) - Successfully ran Files.createDirectories /home/runner/work/ratis/ratis/ratis-examples/target/test/data/f624d035/MiniRaftClusterWithGrpc4aa2bfeb/s11/746c2775-00df-41b8-9955-5d788f7a274c/sm
2024-09-10 06:20:05,603 TRACE util.FileUtils (LogUtils.java:supplyAndLog(69)) - Successfully supplied FileChannel.open /home/runner/work/ratis/ratis/ratis-examples/target/test/data/f624d035/MiniRaftClusterWithGrpc4aa2bfeb/s11/746c2775-00df-41b8-9955-5d788f7a274c/current/raft-meta.tmp with options [CREATE, WRITE]: sun.nio.ch.FileChannelImpl@7743708c
2024-09-10 06:20:05,604 TRACE util.FileUtils (LogUtils.java:runAndLog(49)) - Successfully ran Atomic Files.move /home/runner/work/ratis/ratis/ratis-examples/target/test/data/f624d035/MiniRaftClusterWithGrpc4aa2bfeb/s11/746c2775-00df-41b8-9955-5d788f7a274c/current/raft-meta.tmp to /home/runner/work/ratis/ratis/ratis-examples/target/test/data/f624d035/MiniRaftClusterWithGrpc4aa2bfeb/s11/746c2775-00df-41b8-9955-5d788f7a274c/current/raft-meta with options [REPLACE_EXISTING]
2024-09-10 06:20:05,604 INFO  storage.RaftStorage (RaftStorageImpl.java:format(98)) - Storage directory /home/runner/work/ratis/ratis/ratis-examples/target/test/data/f624d035/MiniRaftClusterWithGrpc4aa2bfeb/s11/746c2775-00df-41b8-9955-5d788f7a274c has been successfully formatted.
2024-09-10 06:20:05,605 WARN  statemachine.StateMachine (ArithmeticStateMachine.java:loadSnapshot(115)) - The snapshot info is null.
2024-09-10 06:20:05,605 INFO  server.RaftServerConfigKeys (ConfUtils.java:logGet(46)) - raft.server.log.use.memory = false (default)
2024-09-10 06:20:05,605 INFO  server.RaftServerConfigKeys (ConfUtils.java:logGet(46)) - raft.server.log.purge.gap = 1024 (default)
2024-09-10 06:20:05,605 INFO  server.RaftServerConfigKeys (ConfUtils.java:logGet(46)) - raft.server.log.appender.buffer.byte-limit = 4MB (=4194304) (default)
2024-09-10 06:20:05,605 INFO  server.RaftServerConfigKeys (ConfUtils.java:logGet(46)) - raft.server.log.statemachine.data.read.timeout = 1000ms (default)
2024-09-10 06:20:05,605 INFO  server.RaftServerConfigKeys (ConfUtils.java:logGet(46)) - raft.server.log.purge.preservation.log.num = 0 (default)
2024-09-10 06:20:05,605 INFO  server.RaftServerConfigKeys (ConfUtils.java:logGet(46)) - raft.server.log.segment.size.max = 32MB (=33554432) (default)
2024-09-10 06:20:05,605 INFO  server.RaftServerConfigKeys (ConfUtils.java:logGet(46)) - raft.server.log.segment.cache.num.max = 6 (default)
2024-09-10 06:20:05,605 INFO  server.RaftServerConfigKeys (ConfUtils.java:logGet(46)) - raft.server.log.segment.cache.size.max = 200MB (=209715200) (default)
2024-09-10 06:20:05,605 INFO  server.RaftServerConfigKeys (ConfUtils.java:logGet(46)) - raft.server.log.appender.buffer.byte-limit = 4MB (=4194304) (default)
2024-09-10 06:20:05,605 INFO  util.AwaitToRun (AwaitToRun.java:start(81)) - Thread[s11@group-5D788F7A274C-cacheEviction-AwaitToRun,5,main] started
2024-09-10 06:20:05,605 INFO  segmented.SegmentedRaftLogWorker (SegmentedRaftLogWorker.java:<init>(187)) - new s11@group-5D788F7A274C-SegmentedRaftLogWorker for RaftStorageImpl:Storage Directory /home/runner/work/ratis/ratis/ratis-examples/target/test/data/f624d035/MiniRaftClusterWithGrpc4aa2bfeb/s11/746c2775-00df-41b8-9955-5d788f7a274c
2024-09-10 06:20:05,605 INFO  server.RaftServerConfigKeys (ConfUtils.java:logGet(46)) - raft.server.log.queue.byte-limit = 64MB (=67108864) (default)
2024-09-10 06:20:05,605 INFO  server.RaftServerConfigKeys (ConfUtils.java:logGet(46)) - raft.server.log.queue.element-limit = 4096 (default)
2024-09-10 06:20:05,605 INFO  server.RaftServerConfigKeys (ConfUtils.java:logGet(46)) - raft.server.log.segment.size.max = 32MB (=33554432) (default)
2024-09-10 06:20:05,606 INFO  server.RaftServerConfigKeys (ConfUtils.java:logGet(46)) - raft.server.log.preallocated.size = 4MB (=4194304) (default)
2024-09-10 06:20:05,606 INFO  server.RaftServerConfigKeys (ConfUtils.java:logGet(46)) - raft.server.log.force.sync.num = 128 (default)
2024-09-10 06:20:05,606 INFO  server.RaftServerConfigKeys (ConfUtils.java:logGet(46)) - raft.server.log.statemachine.data.sync = true (default)
2024-09-10 06:20:05,606 INFO  server.RaftServerConfigKeys (ConfUtils.java:logGet(46)) - raft.server.log.statemachine.data.sync.timeout = 10s (default)
2024-09-10 06:20:05,606 INFO  server.RaftServerConfigKeys (ConfUtils.java:logGet(46)) - raft.server.log.statemachine.data.sync.timeout.retry = -1 (default)
2024-09-10 06:20:05,606 INFO  server.RaftServerConfigKeys (ConfUtils.java:logGet(46)) - raft.server.log.write.buffer.size = 8MB (=8388608) (default)
2024-09-10 06:20:05,607 INFO  server.RaftServerConfigKeys (ConfUtils.java:logGet(46)) - raft.server.log.appender.buffer.byte-limit = 4MB (=4194304) (default)
2024-09-10 06:20:05,607 INFO  server.RaftServerConfigKeys (ConfUtils.java:logGet(46)) - raft.server.log.unsafe-flush.enabled = false (default)
2024-09-10 06:20:05,607 INFO  server.RaftServerConfigKeys (ConfUtils.java:logGet(46)) - raft.server.log.async-flush.enabled = false (default)
2024-09-10 06:20:05,608 INFO  server.RaftServerConfigKeys (ConfUtils.java:logGet(46)) - raft.server.log.statemachine.data.caching.enabled = false (default)
2024-09-10 06:20:05,608 INFO  segmented.SegmentedRaftLogWorker (SegmentedRaftLogWorker.java:lambda$new$0(138)) - s11@group-5D788F7A274C-SegmentedRaftLogWorker: flushIndex: setUnconditionally 0 -> -1
2024-09-10 06:20:05,608 INFO  segmented.SegmentedRaftLogWorker (SegmentedRaftLogWorker.java:lambda$new$0(138)) - s11@group-5D788F7A274C-SegmentedRaftLogWorker: safeCacheEvictIndex: setUnconditionally 0 -> -1
2024-09-10 06:20:05,608 INFO  server.RaftServer$Division (RaftServerImpl.java:start(397)) - s11@group-5D788F7A274C: start with initializing state, conf=conf: {index: -1, cur=peers:[]|listeners:[], old=null}
2024-09-10 06:20:05,608 INFO  server.RaftServer$Division (RaftServerImpl.java:setRole(378)) - s11@group-5D788F7A274C: changes role from      null to FOLLOWER at term 0 for start
2024-09-10 06:20:05,608 INFO  util.JmxRegister (JmxRegister.java:tryRegister(44)) - Successfully registered JMX Bean with object name Ratis:service=RaftServer,group=group-5D788F7A274C,id=s11
2024-09-10 06:20:05,608 INFO  util.JmxRegister (JmxRegister.java:register(58)) - register mxBean class org.apache.ratis.server.impl.RaftServerJmxAdapter as Ratis:service=RaftServer,group=group-5D788F7A274C,id=s11
2024-09-10 06:20:05,608 INFO  server.RaftServerConfigKeys (ConfUtils.java:logGet(46)) - raft.server.snapshot.trigger-when-stop.enabled = true (default)
2024-09-10 06:20:05,608 INFO  server.RaftServerConfigKeys (ConfUtils.java:logGet(46)) - raft.server.snapshot.trigger-when-remove.enabled = true (default)
2024-09-10 06:20:05,608 INFO  server.RaftServerConfigKeys (ConfUtils.java:logGet(46)) - raft.server.snapshot.auto.trigger.enabled = false (default)
2024-09-10 06:20:05,608 INFO  server.RaftServerConfigKeys (ConfUtils.java:logGet(46)) - raft.server.snapshot.retention.file.num = -1 (default)
2024-09-10 06:20:05,608 INFO  server.RaftServerConfigKeys (ConfUtils.java:logGet(46)) - raft.server.log.purge.upto.snapshot.index = false (default)
2024-09-10 06:20:05,613 INFO  server.RaftServer (RaftServerProxy.java:addNew(101)) - s13: addNew group-5D788F7A274C:[] returns group-5D788F7A274C:java.util.concurrent.CompletableFuture@3711f2b4[Not completed]
2024-09-10 06:20:05,613 INFO  server.RaftServer$Division (RaftServerImpl.java:<init>(255)) - s13: new RaftServerImpl for group-5D788F7A274C:[] with ArithmeticStateMachine:uninitialized
2024-09-10 06:20:05,613 INFO  server.RaftServerConfigKeys (ConfUtils.java:logGet(46)) - raft.server.rpc.timeout.min = 300ms (custom)
2024-09-10 06:20:05,614 INFO  server.RaftServerConfigKeys (ConfUtils.java:logGet(46)) - raft.server.rpc.timeout.max = 600ms (custom)
2024-09-10 06:20:05,614 INFO  server.RaftServerConfigKeys (ConfUtils.java:logGet(46)) - raft.server.rpc.sleep.time = 25ms (default)
2024-09-10 06:20:05,614 INFO  server.RaftServerConfigKeys (ConfUtils.java:logGet(46)) - raft.server.rpc.slowness.timeout = 60s (default)
2024-09-10 06:20:05,614 INFO  server.RaftServerConfigKeys (ConfUtils.java:logGet(46)) - raft.server.leaderelection.leader.step-down.wait-time = 10s (default)
2024-09-10 06:20:05,614 INFO  server.RaftServerConfigKeys (ConfUtils.java:logGet(46)) - raft.server.leaderelection.member.majority-add = false (default)
2024-09-10 06:20:05,614 INFO  server.RaftServerConfigKeys (ConfUtils.java:logGet(46)) - raft.server.sleep.deviation.threshold = 300ms (default)
2024-09-10 06:20:05,614 INFO  server.RaftServer$Division (ServerState.java:<init>(114)) - s13@group-5D788F7A274C: ConfigurationManager, init=conf: {index: -1, cur=peers:[]|listeners:[], old=null}, confs=<EMPTY_MAP>
2024-09-10 06:20:05,614 INFO  server.RaftServerConfigKeys (ConfUtils.java:logGet(46)) - raft.server.notification.no-leader.timeout = 60s (default)
2024-09-10 06:20:05,614 INFO  server.RaftServerConfigKeys (ConfUtils.java:logGet(46)) - raft.server.read.timeout = 10s (default)
2024-09-10 06:20:05,614 INFO  server.RaftServerConfigKeys (ConfUtils.java:logGet(46)) - raft.server.retrycache.expirytime = 60s (default)
2024-09-10 06:20:05,614 INFO  server.RaftServerConfigKeys (ConfUtils.java:logGet(46)) - raft.server.retrycache.statistics.expirytime = 100ms (default)
2024-09-10 06:20:05,614 INFO  server.RaftServerConfigKeys (ConfUtils.java:logGet(46)) - raft.server.read.option = DEFAULT (default)
2024-09-10 06:20:05,614 INFO  server.RaftServerConfigKeys (ConfUtils.java:logGet(46)) - raft.server.read.read-after-write-consistent.write-index-cache.expiry-time = 60s (default)
2024-09-10 06:20:05,615 INFO  server.RaftServerConfigKeys (ConfUtils.java:logGet(46)) - raft.server.rpc.request.timeout = 3000ms (default)
2024-09-10 06:20:05,615 INFO  server.RaftServerConfigKeys (ConfUtils.java:logGet(46)) - raft.server.log.appender.install.snapshot.enabled = true (default)
2024-09-10 06:20:05,615 INFO  server.RaftServerConfigKeys (ConfUtils.java:logGet(46)) - raft.server.threadpool.server.cached = true (default)
2024-09-10 06:20:05,615 INFO  server.RaftServerConfigKeys (ConfUtils.java:logGet(46)) - raft.server.threadpool.server.size = 0 (default)
2024-09-10 06:20:05,615 INFO  server.RaftServerConfigKeys (ConfUtils.java:logGet(46)) - raft.server.threadpool.client.cached = true (default)
2024-09-10 06:20:05,615 INFO  server.RaftServerConfigKeys (ConfUtils.java:logGet(46)) - raft.server.threadpool.client.size = 0 (default)
2024-09-10 06:20:05,615 INFO  server.RaftServerConfigKeys (ConfUtils.java:logGet(46)) - raft.server.storage.free-space.min = 0MB (=0) (default)
2024-09-10 06:20:05,615 INFO  server.RaftServerConfigKeys (ConfUtils.java:logGet(46)) - raft.server.log.corruption.policy = EXCEPTION (default)
2024-09-10 06:20:05,615 INFO  server.RaftServerConfigKeys (ConfUtils.java:logGet(46)) - raft.server.storage.dir = [/home/runner/work/ratis/ratis/ratis-examples/target/test/data/f624d035/MiniRaftClusterWithGrpc4aa2bfeb/s13] (custom)
2024-09-10 06:20:05,616 INFO  storage.RaftStorageDirectory (RaftStorageDirectoryImpl.java:analyzeStorage(138)) - The storage directory /home/runner/work/ratis/ratis/ratis-examples/target/test/data/f624d035/MiniRaftClusterWithGrpc4aa2bfeb/s13/746c2775-00df-41b8-9955-5d788f7a274c does not exist. Creating ...
2024-09-10 06:20:05,616 TRACE util.FileUtils (LogUtils.java:runAndLog(49)) - Successfully ran Files.createDirectories /home/runner/work/ratis/ratis/ratis-examples/target/test/data/f624d035/MiniRaftClusterWithGrpc4aa2bfeb/s13/746c2775-00df-41b8-9955-5d788f7a274c
2024-09-10 06:20:05,616 INFO  storage.RaftStorageDirectory (RaftStorageDirectoryImpl.java:tryLock(229)) - Lock on /home/runner/work/ratis/ratis/ratis-examples/target/test/data/f624d035/MiniRaftClusterWithGrpc4aa2bfeb/s13/746c2775-00df-41b8-9955-5d788f7a274c/in_use.lock acquired by nodename 13550@fv-az691-408
2024-09-10 06:20:05,616 TRACE util.FileUtils (LogUtils.java:runAndLog(49)) - Successfully ran Files.createDirectories /home/runner/work/ratis/ratis/ratis-examples/target/test/data/f624d035/MiniRaftClusterWithGrpc4aa2bfeb/s13/746c2775-00df-41b8-9955-5d788f7a274c/current
2024-09-10 06:20:05,617 TRACE util.FileUtils (LogUtils.java:runAndLog(49)) - Successfully ran Files.createDirectories /home/runner/work/ratis/ratis/ratis-examples/target/test/data/f624d035/MiniRaftClusterWithGrpc4aa2bfeb/s13/746c2775-00df-41b8-9955-5d788f7a274c/sm
2024-09-10 06:20:05,617 TRACE util.FileUtils (LogUtils.java:supplyAndLog(69)) - Successfully supplied FileChannel.open /home/runner/work/ratis/ratis/ratis-examples/target/test/data/f624d035/MiniRaftClusterWithGrpc4aa2bfeb/s13/746c2775-00df-41b8-9955-5d788f7a274c/current/raft-meta.tmp with options [CREATE, WRITE]: sun.nio.ch.FileChannelImpl@21ee0f74
2024-09-10 06:20:05,617 TRACE util.FileUtils (LogUtils.java:runAndLog(49)) - Successfully ran Atomic Files.move /home/runner/work/ratis/ratis/ratis-examples/target/test/data/f624d035/MiniRaftClusterWithGrpc4aa2bfeb/s13/746c2775-00df-41b8-9955-5d788f7a274c/current/raft-meta.tmp to /home/runner/work/ratis/ratis/ratis-examples/target/test/data/f624d035/MiniRaftClusterWithGrpc4aa2bfeb/s13/746c2775-00df-41b8-9955-5d788f7a274c/current/raft-meta with options [REPLACE_EXISTING]
2024-09-10 06:20:05,617 INFO  storage.RaftStorage (RaftStorageImpl.java:format(98)) - Storage directory /home/runner/work/ratis/ratis/ratis-examples/target/test/data/f624d035/MiniRaftClusterWithGrpc4aa2bfeb/s13/746c2775-00df-41b8-9955-5d788f7a274c has been successfully formatted.
2024-09-10 06:20:05,618 WARN  statemachine.StateMachine (ArithmeticStateMachine.java:loadSnapshot(115)) - The snapshot info is null.
2024-09-10 06:20:05,618 INFO  server.RaftServerConfigKeys (ConfUtils.java:logGet(46)) - raft.server.log.use.memory = false (default)
2024-09-10 06:20:05,618 INFO  server.RaftServerConfigKeys (ConfUtils.java:logGet(46)) - raft.server.log.purge.gap = 1024 (default)
2024-09-10 06:20:05,618 INFO  server.RaftServerConfigKeys (ConfUtils.java:logGet(46)) - raft.server.log.appender.buffer.byte-limit = 4MB (=4194304) (default)
2024-09-10 06:20:05,618 INFO  server.RaftServerConfigKeys (ConfUtils.java:logGet(46)) - raft.server.log.statemachine.data.read.timeout = 1000ms (default)
2024-09-10 06:20:05,618 INFO  server.RaftServerConfigKeys (ConfUtils.java:logGet(46)) - raft.server.log.purge.preservation.log.num = 0 (default)
2024-09-10 06:20:05,618 INFO  server.RaftServerConfigKeys (ConfUtils.java:logGet(46)) - raft.server.log.segment.size.max = 32MB (=33554432) (default)
2024-09-10 06:20:05,618 INFO  server.RaftServerConfigKeys (ConfUtils.java:logGet(46)) - raft.server.log.segment.cache.num.max = 6 (default)
2024-09-10 06:20:05,618 INFO  server.RaftServerConfigKeys (ConfUtils.java:logGet(46)) - raft.server.log.segment.cache.size.max = 200MB (=209715200) (default)
2024-09-10 06:20:05,618 INFO  server.RaftServerConfigKeys (ConfUtils.java:logGet(46)) - raft.server.log.appender.buffer.byte-limit = 4MB (=4194304) (default)
2024-09-10 06:20:05,619 INFO  util.AwaitToRun (AwaitToRun.java:start(81)) - Thread[s13@group-5D788F7A274C-cacheEviction-AwaitToRun,5,main] started
2024-09-10 06:20:05,619 INFO  segmented.SegmentedRaftLogWorker (SegmentedRaftLogWorker.java:<init>(187)) - new s13@group-5D788F7A274C-SegmentedRaftLogWorker for RaftStorageImpl:Storage Directory /home/runner/work/ratis/ratis/ratis-examples/target/test/data/f624d035/MiniRaftClusterWithGrpc4aa2bfeb/s13/746c2775-00df-41b8-9955-5d788f7a274c
2024-09-10 06:20:05,619 INFO  server.RaftServerConfigKeys (ConfUtils.java:logGet(46)) - raft.server.log.queue.byte-limit = 64MB (=67108864) (default)
2024-09-10 06:20:05,619 INFO  server.RaftServerConfigKeys (ConfUtils.java:logGet(46)) - raft.server.log.queue.element-limit = 4096 (default)
2024-09-10 06:20:05,619 INFO  server.RaftServerConfigKeys (ConfUtils.java:logGet(46)) - raft.server.log.segment.size.max = 32MB (=33554432) (default)
2024-09-10 06:20:05,619 INFO  server.RaftServerConfigKeys (ConfUtils.java:logGet(46)) - raft.server.log.preallocated.size = 4MB (=4194304) (default)
2024-09-10 06:20:05,619 INFO  server.RaftServerConfigKeys (ConfUtils.java:logGet(46)) - raft.server.log.force.sync.num = 128 (default)
2024-09-10 06:20:05,619 INFO  server.RaftServerConfigKeys (ConfUtils.java:logGet(46)) - raft.server.log.statemachine.data.sync = true (default)
2024-09-10 06:20:05,619 INFO  server.RaftServerConfigKeys (ConfUtils.java:logGet(46)) - raft.server.log.statemachine.data.sync.timeout = 10s (default)
2024-09-10 06:20:05,619 INFO  server.RaftServerConfigKeys (ConfUtils.java:logGet(46)) - raft.server.log.statemachine.data.sync.timeout.retry = -1 (default)
2024-09-10 06:20:05,619 INFO  server.RaftServerConfigKeys (ConfUtils.java:logGet(46)) - raft.server.log.write.buffer.size = 8MB (=8388608) (default)
2024-09-10 06:20:05,620 INFO  server.RaftServerConfigKeys (ConfUtils.java:logGet(46)) - raft.server.log.appender.buffer.byte-limit = 4MB (=4194304) (default)
2024-09-10 06:20:05,620 INFO  server.RaftServerConfigKeys (ConfUtils.java:logGet(46)) - raft.server.log.unsafe-flush.enabled = false (default)
2024-09-10 06:20:05,620 INFO  server.RaftServerConfigKeys (ConfUtils.java:logGet(46)) - raft.server.log.async-flush.enabled = false (default)
2024-09-10 06:20:05,620 INFO  server.RaftServerConfigKeys (ConfUtils.java:logGet(46)) - raft.server.log.statemachine.data.caching.enabled = false (default)
2024-09-10 06:20:05,620 INFO  segmented.SegmentedRaftLogWorker (SegmentedRaftLogWorker.java:lambda$new$0(138)) - s13@group-5D788F7A274C-SegmentedRaftLogWorker: flushIndex: setUnconditionally 0 -> -1
2024-09-10 06:20:05,620 INFO  segmented.SegmentedRaftLogWorker (SegmentedRaftLogWorker.java:lambda$new$0(138)) - s13@group-5D788F7A274C-SegmentedRaftLogWorker: safeCacheEvictIndex: setUnconditionally 0 -> -1
2024-09-10 06:20:05,620 INFO  server.RaftServer$Division (RaftServerImpl.java:start(397)) - s13@group-5D788F7A274C: start with initializing state, conf=conf: {index: -1, cur=peers:[]|listeners:[], old=null}
2024-09-10 06:20:05,620 INFO  server.RaftServer$Division (RaftServerImpl.java:setRole(378)) - s13@group-5D788F7A274C: changes role from      null to FOLLOWER at term 0 for start
2024-09-10 06:20:05,620 INFO  util.JmxRegister (JmxRegister.java:tryRegister(44)) - Successfully registered JMX Bean with object name Ratis:service=RaftServer,group=group-5D788F7A274C,id=s13
2024-09-10 06:20:05,620 INFO  util.JmxRegister (JmxRegister.java:register(58)) - register mxBean class org.apache.ratis.server.impl.RaftServerJmxAdapter as Ratis:service=RaftServer,group=group-5D788F7A274C,id=s13
2024-09-10 06:20:05,621 INFO  server.RaftServerConfigKeys (ConfUtils.java:logGet(46)) - raft.server.snapshot.trigger-when-stop.enabled = true (default)
2024-09-10 06:20:05,621 INFO  server.RaftServerConfigKeys (ConfUtils.java:logGet(46)) - raft.server.snapshot.trigger-when-remove.enabled = true (default)
2024-09-10 06:20:05,621 INFO  server.RaftServerConfigKeys (ConfUtils.java:logGet(46)) - raft.server.snapshot.auto.trigger.enabled = false (default)
2024-09-10 06:20:05,621 INFO  server.RaftServerConfigKeys (ConfUtils.java:logGet(46)) - raft.server.snapshot.retention.file.num = -1 (default)
2024-09-10 06:20:05,621 INFO  server.RaftServerConfigKeys (ConfUtils.java:logGet(46)) - raft.server.log.purge.upto.snapshot.index = false (default)
2024-09-10 06:20:05,627 INFO  server.RaftServer (RaftServerProxy.java:addNew(101)) - s12: addNew group-5D788F7A274C:[] returns group-5D788F7A274C:java.util.concurrent.CompletableFuture@28ed25a6[Not completed]
2024-09-10 06:20:05,627 INFO  server.RaftServer$Division (RaftServerImpl.java:<init>(255)) - s12: new RaftServerImpl for group-5D788F7A274C:[] with ArithmeticStateMachine:uninitialized
2024-09-10 06:20:05,627 INFO  server.RaftServerConfigKeys (ConfUtils.java:logGet(46)) - raft.server.rpc.timeout.min = 300ms (custom)
2024-09-10 06:20:05,627 INFO  server.RaftServerConfigKeys (ConfUtils.java:logGet(46)) - raft.server.rpc.timeout.max = 600ms (custom)
2024-09-10 06:20:05,627 INFO  server.RaftServerConfigKeys (ConfUtils.java:logGet(46)) - raft.server.rpc.sleep.time = 25ms (default)
2024-09-10 06:20:05,627 INFO  server.RaftServerConfigKeys (ConfUtils.java:logGet(46)) - raft.server.rpc.slowness.timeout = 60s (default)
2024-09-10 06:20:05,627 INFO  server.RaftServerConfigKeys (ConfUtils.java:logGet(46)) - raft.server.leaderelection.leader.step-down.wait-time = 10s (default)
2024-09-10 06:20:05,627 INFO  server.RaftServerConfigKeys (ConfUtils.java:logGet(46)) - raft.server.leaderelection.member.majority-add = false (default)
2024-09-10 06:20:05,627 INFO  server.RaftServerConfigKeys (ConfUtils.java:logGet(46)) - raft.server.sleep.deviation.threshold = 300ms (default)
2024-09-10 06:20:05,627 INFO  server.RaftServer$Division (ServerState.java:<init>(114)) - s12@group-5D788F7A274C: ConfigurationManager, init=conf: {index: -1, cur=peers:[]|listeners:[], old=null}, confs=<EMPTY_MAP>
2024-09-10 06:20:05,627 INFO  server.RaftServerConfigKeys (ConfUtils.java:logGet(46)) - raft.server.notification.no-leader.timeout = 60s (default)
2024-09-10 06:20:05,627 INFO  server.RaftServerConfigKeys (ConfUtils.java:logGet(46)) - raft.server.read.timeout = 10s (default)
2024-09-10 06:20:05,627 INFO  server.RaftServerConfigKeys (ConfUtils.java:logGet(46)) - raft.server.retrycache.expirytime = 60s (default)
2024-09-10 06:20:05,627 INFO  server.RaftServerConfigKeys (ConfUtils.java:logGet(46)) - raft.server.retrycache.statistics.expirytime = 100ms (default)
2024-09-10 06:20:05,627 INFO  server.RaftServerConfigKeys (ConfUtils.java:logGet(46)) - raft.server.read.option = DEFAULT (default)
2024-09-10 06:20:05,627 INFO  server.RaftServerConfigKeys (ConfUtils.java:logGet(46)) - raft.server.read.read-after-write-consistent.write-index-cache.expiry-time = 60s (default)
2024-09-10 06:20:05,628 INFO  server.RaftServerConfigKeys (ConfUtils.java:logGet(46)) - raft.server.rpc.request.timeout = 3000ms (default)
2024-09-10 06:20:05,628 INFO  server.RaftServerConfigKeys (ConfUtils.java:logGet(46)) - raft.server.log.appender.install.snapshot.enabled = true (default)
2024-09-10 06:20:05,628 INFO  server.RaftServerConfigKeys (ConfUtils.java:logGet(46)) - raft.server.threadpool.server.cached = true (default)
2024-09-10 06:20:05,628 INFO  server.RaftServerConfigKeys (ConfUtils.java:logGet(46)) - raft.server.threadpool.server.size = 0 (default)
2024-09-10 06:20:05,628 INFO  server.RaftServerConfigKeys (ConfUtils.java:logGet(46)) - raft.server.threadpool.client.cached = true (default)
2024-09-10 06:20:05,628 INFO  server.RaftServerConfigKeys (ConfUtils.java:logGet(46)) - raft.server.threadpool.client.size = 0 (default)
2024-09-10 06:20:05,628 INFO  server.RaftServerConfigKeys (ConfUtils.java:logGet(46)) - raft.server.storage.free-space.min = 0MB (=0) (default)
2024-09-10 06:20:05,628 INFO  server.RaftServerConfigKeys (ConfUtils.java:logGet(46)) - raft.server.log.corruption.policy = EXCEPTION (default)
2024-09-10 06:20:05,628 INFO  server.RaftServerConfigKeys (ConfUtils.java:logGet(46)) - raft.server.storage.dir = [/home/runner/work/ratis/ratis/ratis-examples/target/test/data/f624d035/MiniRaftClusterWithGrpc4aa2bfeb/s12] (custom)
2024-09-10 06:20:05,628 INFO  storage.RaftStorageDirectory (RaftStorageDirectoryImpl.java:analyzeStorage(138)) - The storage directory /home/runner/work/ratis/ratis/ratis-examples/target/test/data/f624d035/MiniRaftClusterWithGrpc4aa2bfeb/s12/746c2775-00df-41b8-9955-5d788f7a274c does not exist. Creating ...
2024-09-10 06:20:05,628 TRACE util.FileUtils (LogUtils.java:runAndLog(49)) - Successfully ran Files.createDirectories /home/runner/work/ratis/ratis/ratis-examples/target/test/data/f624d035/MiniRaftClusterWithGrpc4aa2bfeb/s12/746c2775-00df-41b8-9955-5d788f7a274c
2024-09-10 06:20:05,630 INFO  storage.RaftStorageDirectory (RaftStorageDirectoryImpl.java:tryLock(229)) - Lock on /home/runner/work/ratis/ratis/ratis-examples/target/test/data/f624d035/MiniRaftClusterWithGrpc4aa2bfeb/s12/746c2775-00df-41b8-9955-5d788f7a274c/in_use.lock acquired by nodename 13550@fv-az691-408
2024-09-10 06:20:05,630 TRACE util.FileUtils (LogUtils.java:runAndLog(49)) - Successfully ran Files.createDirectories /home/runner/work/ratis/ratis/ratis-examples/target/test/data/f624d035/MiniRaftClusterWithGrpc4aa2bfeb/s12/746c2775-00df-41b8-9955-5d788f7a274c/current
2024-09-10 06:20:05,630 TRACE util.FileUtils (LogUtils.java:runAndLog(49)) - Successfully ran Files.createDirectories /home/runner/work/ratis/ratis/ratis-examples/target/test/data/f624d035/MiniRaftClusterWithGrpc4aa2bfeb/s12/746c2775-00df-41b8-9955-5d788f7a274c/sm
2024-09-10 06:20:05,630 TRACE util.FileUtils (LogUtils.java:supplyAndLog(69)) - Successfully supplied FileChannel.open /home/runner/work/ratis/ratis/ratis-examples/target/test/data/f624d035/MiniRaftClusterWithGrpc4aa2bfeb/s12/746c2775-00df-41b8-9955-5d788f7a274c/current/raft-meta.tmp with options [CREATE, WRITE]: sun.nio.ch.FileChannelImpl@47f76ebb
2024-09-10 06:20:05,631 TRACE util.FileUtils (LogUtils.java:runAndLog(49)) - Successfully ran Atomic Files.move /home/runner/work/ratis/ratis/ratis-examples/target/test/data/f624d035/MiniRaftClusterWithGrpc4aa2bfeb/s12/746c2775-00df-41b8-9955-5d788f7a274c/current/raft-meta.tmp to /home/runner/work/ratis/ratis/ratis-examples/target/test/data/f624d035/MiniRaftClusterWithGrpc4aa2bfeb/s12/746c2775-00df-41b8-9955-5d788f7a274c/current/raft-meta with options [REPLACE_EXISTING]
2024-09-10 06:20:05,631 INFO  storage.RaftStorage (RaftStorageImpl.java:format(98)) - Storage directory /home/runner/work/ratis/ratis/ratis-examples/target/test/data/f624d035/MiniRaftClusterWithGrpc4aa2bfeb/s12/746c2775-00df-41b8-9955-5d788f7a274c has been successfully formatted.
2024-09-10 06:20:05,631 WARN  statemachine.StateMachine (ArithmeticStateMachine.java:loadSnapshot(115)) - The snapshot info is null.
2024-09-10 06:20:05,631 INFO  server.RaftServerConfigKeys (ConfUtils.java:logGet(46)) - raft.server.log.use.memory = false (default)
2024-09-10 06:20:05,631 INFO  server.RaftServerConfigKeys (ConfUtils.java:logGet(46)) - raft.server.log.purge.gap = 1024 (default)
2024-09-10 06:20:05,631 INFO  server.RaftServerConfigKeys (ConfUtils.java:logGet(46)) - raft.server.log.appender.buffer.byte-limit = 4MB (=4194304) (default)
2024-09-10 06:20:05,631 INFO  server.RaftServerConfigKeys (ConfUtils.java:logGet(46)) - raft.server.log.statemachine.data.read.timeout = 1000ms (default)
2024-09-10 06:20:05,631 INFO  server.RaftServerConfigKeys (ConfUtils.java:logGet(46)) - raft.server.log.purge.preservation.log.num = 0 (default)
2024-09-10 06:20:05,631 INFO  server.RaftServerConfigKeys (ConfUtils.java:logGet(46)) - raft.server.log.segment.size.max = 32MB (=33554432) (default)
2024-09-10 06:20:05,632 INFO  server.RaftServerConfigKeys (ConfUtils.java:logGet(46)) - raft.server.log.segment.cache.num.max = 6 (default)
2024-09-10 06:20:05,632 INFO  server.RaftServerConfigKeys (ConfUtils.java:logGet(46)) - raft.server.log.segment.cache.size.max = 200MB (=209715200) (default)
2024-09-10 06:20:05,632 INFO  server.RaftServerConfigKeys (ConfUtils.java:logGet(46)) - raft.server.log.appender.buffer.byte-limit = 4MB (=4194304) (default)
2024-09-10 06:20:05,632 INFO  util.AwaitToRun (AwaitToRun.java:start(81)) - Thread[s12@group-5D788F7A274C-cacheEviction-AwaitToRun,5,main] started
2024-09-10 06:20:05,632 INFO  segmented.SegmentedRaftLogWorker (SegmentedRaftLogWorker.java:<init>(187)) - new s12@group-5D788F7A274C-SegmentedRaftLogWorker for RaftStorageImpl:Storage Directory /home/runner/work/ratis/ratis/ratis-examples/target/test/data/f624d035/MiniRaftClusterWithGrpc4aa2bfeb/s12/746c2775-00df-41b8-9955-5d788f7a274c
2024-09-10 06:20:05,632 INFO  server.RaftServerConfigKeys (ConfUtils.java:logGet(46)) - raft.server.log.queue.byte-limit = 64MB (=67108864) (default)
2024-09-10 06:20:05,632 INFO  server.RaftServerConfigKeys (ConfUtils.java:logGet(46)) - raft.server.log.queue.element-limit = 4096 (default)
2024-09-10 06:20:05,632 INFO  server.RaftServerConfigKeys (ConfUtils.java:logGet(46)) - raft.server.log.segment.size.max = 32MB (=33554432) (default)
2024-09-10 06:20:05,632 INFO  server.RaftServerConfigKeys (ConfUtils.java:logGet(46)) - raft.server.log.preallocated.size = 4MB (=4194304) (default)
2024-09-10 06:20:05,633 INFO  server.RaftServerConfigKeys (ConfUtils.java:logGet(46)) - raft.server.log.force.sync.num = 128 (default)
2024-09-10 06:20:05,633 INFO  server.RaftServerConfigKeys (ConfUtils.java:logGet(46)) - raft.server.log.statemachine.data.sync = true (default)
2024-09-10 06:20:05,633 INFO  server.RaftServerConfigKeys (ConfUtils.java:logGet(46)) - raft.server.log.statemachine.data.sync.timeout = 10s (default)
2024-09-10 06:20:05,633 INFO  server.RaftServerConfigKeys (ConfUtils.java:logGet(46)) - raft.server.log.statemachine.data.sync.timeout.retry = -1 (default)
2024-09-10 06:20:05,633 INFO  server.RaftServerConfigKeys (ConfUtils.java:logGet(46)) - raft.server.log.write.buffer.size = 8MB (=8388608) (default)
2024-09-10 06:20:05,633 INFO  server.RaftServerConfigKeys (ConfUtils.java:logGet(46)) - raft.server.log.appender.buffer.byte-limit = 4MB (=4194304) (default)
2024-09-10 06:20:05,634 INFO  server.RaftServerConfigKeys (ConfUtils.java:logGet(46)) - raft.server.log.unsafe-flush.enabled = false (default)
2024-09-10 06:20:05,634 INFO  server.RaftServerConfigKeys (ConfUtils.java:logGet(46)) - raft.server.log.async-flush.enabled = false (default)
2024-09-10 06:20:05,634 INFO  server.RaftServerConfigKeys (ConfUtils.java:logGet(46)) - raft.server.log.statemachine.data.caching.enabled = false (default)
2024-09-10 06:20:05,634 INFO  segmented.SegmentedRaftLogWorker (SegmentedRaftLogWorker.java:lambda$new$0(138)) - s12@group-5D788F7A274C-SegmentedRaftLogWorker: flushIndex: setUnconditionally 0 -> -1
2024-09-10 06:20:05,634 INFO  segmented.SegmentedRaftLogWorker (SegmentedRaftLogWorker.java:lambda$new$0(138)) - s12@group-5D788F7A274C-SegmentedRaftLogWorker: safeCacheEvictIndex: setUnconditionally 0 -> -1
2024-09-10 06:20:05,634 INFO  server.RaftServer$Division (RaftServerImpl.java:start(397)) - s12@group-5D788F7A274C: start with initializing state, conf=conf: {index: -1, cur=peers:[]|listeners:[], old=null}
2024-09-10 06:20:05,634 INFO  server.RaftServer$Division (RaftServerImpl.java:setRole(378)) - s12@group-5D788F7A274C: changes role from      null to FOLLOWER at term 0 for start
2024-09-10 06:20:05,635 INFO  util.JmxRegister (JmxRegister.java:tryRegister(44)) - Successfully registered JMX Bean with object name Ratis:service=RaftServer,group=group-5D788F7A274C,id=s12
2024-09-10 06:20:05,635 INFO  util.JmxRegister (JmxRegister.java:register(58)) - register mxBean class org.apache.ratis.server.impl.RaftServerJmxAdapter as Ratis:service=RaftServer,group=group-5D788F7A274C,id=s12
2024-09-10 06:20:05,635 INFO  server.RaftServerConfigKeys (ConfUtils.java:logGet(46)) - raft.server.snapshot.trigger-when-stop.enabled = true (default)
2024-09-10 06:20:05,635 INFO  server.RaftServerConfigKeys (ConfUtils.java:logGet(46)) - raft.server.snapshot.trigger-when-remove.enabled = true (default)
2024-09-10 06:20:05,635 INFO  server.RaftServerConfigKeys (ConfUtils.java:logGet(46)) - raft.server.snapshot.auto.trigger.enabled = false (default)
2024-09-10 06:20:05,635 INFO  server.RaftServerConfigKeys (ConfUtils.java:logGet(46)) - raft.server.snapshot.retention.file.num = -1 (default)
2024-09-10 06:20:05,635 INFO  server.RaftServerConfigKeys (ConfUtils.java:logGet(46)) - raft.server.log.purge.upto.snapshot.index = false (default)
2024-09-10 06:20:05,640 INFO  impl.GroupManagementBaseTest (GroupManagementBaseTest.java:runMultiGroupTest(322)) - 2) groupAdd: printing group-05D5B636F8BE
2024-09-10 06:20:05,645 INFO  server.RaftServer (RaftServerProxy.java:addNew(101)) - s3: addNew group-5D788F7A274C:[] returns group-5D788F7A274C:java.util.concurrent.CompletableFuture@77647403[Not completed]
2024-09-10 06:20:05,645 INFO  server.RaftServer$Division (RaftServerImpl.java:<init>(255)) - s3: new RaftServerImpl for group-5D788F7A274C:[] with ArithmeticStateMachine:uninitialized
2024-09-10 06:20:05,645 INFO  server.RaftServerConfigKeys (ConfUtils.java:logGet(46)) - raft.server.rpc.timeout.min = 300ms (custom)
2024-09-10 06:20:05,645 INFO  server.RaftServerConfigKeys (ConfUtils.java:logGet(46)) - raft.server.rpc.timeout.max = 600ms (custom)
2024-09-10 06:20:05,645 INFO  server.RaftServerConfigKeys (ConfUtils.java:logGet(46)) - raft.server.rpc.sleep.time = 25ms (default)
2024-09-10 06:20:05,645 INFO  server.RaftServerConfigKeys (ConfUtils.java:logGet(46)) - raft.server.rpc.slowness.timeout = 60s (default)
2024-09-10 06:20:05,645 INFO  server.RaftServerConfigKeys (ConfUtils.java:logGet(46)) - raft.server.leaderelection.leader.step-down.wait-time = 10s (default)
2024-09-10 06:20:05,646 INFO  server.RaftServerConfigKeys (ConfUtils.java:logGet(46)) - raft.server.leaderelection.member.majority-add = false (default)
2024-09-10 06:20:05,646 INFO  server.RaftServerConfigKeys (ConfUtils.java:logGet(46)) - raft.server.sleep.deviation.threshold = 300ms (default)
2024-09-10 06:20:05,646 INFO  server.RaftServer$Division (ServerState.java:<init>(114)) - s3@group-5D788F7A274C: ConfigurationManager, init=conf: {index: -1, cur=peers:[]|listeners:[], old=null}, confs=<EMPTY_MAP>
2024-09-10 06:20:05,646 INFO  server.RaftServerConfigKeys (ConfUtils.java:logGet(46)) - raft.server.notification.no-leader.timeout = 60s (default)
2024-09-10 06:20:05,646 INFO  server.RaftServerConfigKeys (ConfUtils.java:logGet(46)) - raft.server.read.timeout = 10s (default)
2024-09-10 06:20:05,646 INFO  server.RaftServerConfigKeys (ConfUtils.java:logGet(46)) - raft.server.retrycache.expirytime = 60s (default)
2024-09-10 06:20:05,646 INFO  server.RaftServerConfigKeys (ConfUtils.java:logGet(46)) - raft.server.retrycache.statistics.expirytime = 100ms (default)
2024-09-10 06:20:05,646 INFO  server.RaftServerConfigKeys (ConfUtils.java:logGet(46)) - raft.server.read.option = DEFAULT (default)
2024-09-10 06:20:05,646 INFO  server.RaftServerConfigKeys (ConfUtils.java:logGet(46)) - raft.server.read.read-after-write-consistent.write-index-cache.expiry-time = 60s (default)
2024-09-10 06:20:05,647 INFO  server.RaftServerConfigKeys (ConfUtils.java:logGet(46)) - raft.server.rpc.request.timeout = 3000ms (default)
2024-09-10 06:20:05,647 INFO  server.RaftServerConfigKeys (ConfUtils.java:logGet(46)) - raft.server.log.appender.install.snapshot.enabled = true (default)
2024-09-10 06:20:05,647 INFO  server.RaftServerConfigKeys (ConfUtils.java:logGet(46)) - raft.server.threadpool.server.cached = true (default)
2024-09-10 06:20:05,647 INFO  server.RaftServerConfigKeys (ConfUtils.java:logGet(46)) - raft.server.threadpool.server.size = 0 (default)
2024-09-10 06:20:05,647 INFO  server.RaftServerConfigKeys (ConfUtils.java:logGet(46)) - raft.server.threadpool.client.cached = true (default)
2024-09-10 06:20:05,647 INFO  server.RaftServerConfigKeys (ConfUtils.java:logGet(46)) - raft.server.threadpool.client.size = 0 (default)
2024-09-10 06:20:05,647 INFO  server.RaftServerConfigKeys (ConfUtils.java:logGet(46)) - raft.server.storage.free-space.min = 0MB (=0) (default)
2024-09-10 06:20:05,647 INFO  server.RaftServerConfigKeys (ConfUtils.java:logGet(46)) - raft.server.log.corruption.policy = EXCEPTION (default)
2024-09-10 06:20:05,647 INFO  server.RaftServerConfigKeys (ConfUtils.java:logGet(46)) - raft.server.storage.dir = [/home/runner/work/ratis/ratis/ratis-examples/target/test/data/f624d035/MiniRaftClusterWithGrpc4aa2bfeb/s3] (custom)
2024-09-10 06:20:05,648 INFO  storage.RaftStorageDirectory (RaftStorageDirectoryImpl.java:analyzeStorage(138)) - The storage directory /home/runner/work/ratis/ratis/ratis-examples/target/test/data/f624d035/MiniRaftClusterWithGrpc4aa2bfeb/s3/746c2775-00df-41b8-9955-5d788f7a274c does not exist. Creating ...
2024-09-10 06:20:05,648 TRACE util.FileUtils (LogUtils.java:runAndLog(49)) - Successfully ran Files.createDirectories /home/runner/work/ratis/ratis/ratis-examples/target/test/data/f624d035/MiniRaftClusterWithGrpc4aa2bfeb/s3/746c2775-00df-41b8-9955-5d788f7a274c
2024-09-10 06:20:05,649 INFO  storage.RaftStorageDirectory (RaftStorageDirectoryImpl.java:tryLock(229)) - Lock on /home/runner/work/ratis/ratis/ratis-examples/target/test/data/f624d035/MiniRaftClusterWithGrpc4aa2bfeb/s3/746c2775-00df-41b8-9955-5d788f7a274c/in_use.lock acquired by nodename 13550@fv-az691-408
2024-09-10 06:20:05,649 TRACE util.FileUtils (LogUtils.java:runAndLog(49)) - Successfully ran Files.createDirectories /home/runner/work/ratis/ratis/ratis-examples/target/test/data/f624d035/MiniRaftClusterWithGrpc4aa2bfeb/s3/746c2775-00df-41b8-9955-5d788f7a274c/current
2024-09-10 06:20:05,650 TRACE util.FileUtils (LogUtils.java:runAndLog(49)) - Successfully ran Files.createDirectories /home/runner/work/ratis/ratis/ratis-examples/target/test/data/f624d035/MiniRaftClusterWithGrpc4aa2bfeb/s3/746c2775-00df-41b8-9955-5d788f7a274c/sm
2024-09-10 06:20:05,650 TRACE util.FileUtils (LogUtils.java:supplyAndLog(69)) - Successfully supplied FileChannel.open /home/runner/work/ratis/ratis/ratis-examples/target/test/data/f624d035/MiniRaftClusterWithGrpc4aa2bfeb/s3/746c2775-00df-41b8-9955-5d788f7a274c/current/raft-meta.tmp with options [CREATE, WRITE]: sun.nio.ch.FileChannelImpl@624f30ce
2024-09-10 06:20:05,652 TRACE util.FileUtils (LogUtils.java:runAndLog(49)) - Successfully ran Atomic Files.move /home/runner/work/ratis/ratis/ratis-examples/target/test/data/f624d035/MiniRaftClusterWithGrpc4aa2bfeb/s3/746c2775-00df-41b8-9955-5d788f7a274c/current/raft-meta.tmp to /home/runner/work/ratis/ratis/ratis-examples/target/test/data/f624d035/MiniRaftClusterWithGrpc4aa2bfeb/s3/746c2775-00df-41b8-9955-5d788f7a274c/current/raft-meta with options [REPLACE_EXISTING]
2024-09-10 06:20:05,652 INFO  storage.RaftStorage (RaftStorageImpl.java:format(98)) - Storage directory /home/runner/work/ratis/ratis/ratis-examples/target/test/data/f624d035/MiniRaftClusterWithGrpc4aa2bfeb/s3/746c2775-00df-41b8-9955-5d788f7a274c has been successfully formatted.
2024-09-10 06:20:05,652 WARN  statemachine.StateMachine (ArithmeticStateMachine.java:loadSnapshot(115)) - The snapshot info is null.
2024-09-10 06:20:05,652 INFO  server.RaftServerConfigKeys (ConfUtils.java:logGet(46)) - raft.server.log.use.memory = false (default)
2024-09-10 06:20:05,652 INFO  server.RaftServerConfigKeys (ConfUtils.java:logGet(46)) - raft.server.log.purge.gap = 1024 (default)
2024-09-10 06:20:05,653 INFO  server.RaftServerConfigKeys (ConfUtils.java:logGet(46)) - raft.server.log.appender.buffer.byte-limit = 4MB (=4194304) (default)
2024-09-10 06:20:05,653 INFO  server.RaftServerConfigKeys (ConfUtils.java:logGet(46)) - raft.server.log.statemachine.data.read.timeout = 1000ms (default)
2024-09-10 06:20:05,653 INFO  server.RaftServerConfigKeys (ConfUtils.java:logGet(46)) - raft.server.log.purge.preservation.log.num = 0 (default)
2024-09-10 06:20:05,653 INFO  server.RaftServerConfigKeys (ConfUtils.java:logGet(46)) - raft.server.log.segment.size.max = 32MB (=33554432) (default)
2024-09-10 06:20:05,653 INFO  server.RaftServerConfigKeys (ConfUtils.java:logGet(46)) - raft.server.log.segment.cache.num.max = 6 (default)
2024-09-10 06:20:05,653 INFO  server.RaftServerConfigKeys (ConfUtils.java:logGet(46)) - raft.server.log.segment.cache.size.max = 200MB (=209715200) (default)
2024-09-10 06:20:05,653 INFO  server.RaftServerConfigKeys (ConfUtils.java:logGet(46)) - raft.server.log.appender.buffer.byte-limit = 4MB (=4194304) (default)
2024-09-10 06:20:05,654 INFO  util.AwaitToRun (AwaitToRun.java:start(81)) - Thread[s3@group-5D788F7A274C-cacheEviction-AwaitToRun,5,main] started
2024-09-10 06:20:05,654 INFO  segmented.SegmentedRaftLogWorker (SegmentedRaftLogWorker.java:<init>(187)) - new s3@group-5D788F7A274C-SegmentedRaftLogWorker for RaftStorageImpl:Storage Directory /home/runner/work/ratis/ratis/ratis-examples/target/test/data/f624d035/MiniRaftClusterWithGrpc4aa2bfeb/s3/746c2775-00df-41b8-9955-5d788f7a274c
2024-09-10 06:20:05,654 INFO  server.RaftServerConfigKeys (ConfUtils.java:logGet(46)) - raft.server.log.queue.byte-limit = 64MB (=67108864) (default)
2024-09-10 06:20:05,654 INFO  server.RaftServerConfigKeys (ConfUtils.java:logGet(46)) - raft.server.log.queue.element-limit = 4096 (default)
2024-09-10 06:20:05,654 INFO  server.RaftServerConfigKeys (ConfUtils.java:logGet(46)) - raft.server.log.segment.size.max = 32MB (=33554432) (default)
2024-09-10 06:20:05,654 INFO  server.RaftServerConfigKeys (ConfUtils.java:logGet(46)) - raft.server.log.preallocated.size = 4MB (=4194304) (default)
2024-09-10 06:20:05,654 INFO  server.RaftServerConfigKeys (ConfUtils.java:logGet(46)) - raft.server.log.force.sync.num = 128 (default)
2024-09-10 06:20:05,654 INFO  server.RaftServerConfigKeys (ConfUtils.java:logGet(46)) - raft.server.log.statemachine.data.sync = true (default)
2024-09-10 06:20:05,654 INFO  server.RaftServerConfigKeys (ConfUtils.java:logGet(46)) - raft.server.log.statemachine.data.sync.timeout = 10s (default)
2024-09-10 06:20:05,654 INFO  server.RaftServerConfigKeys (ConfUtils.java:logGet(46)) - raft.server.log.statemachine.data.sync.timeout.retry = -1 (default)
2024-09-10 06:20:05,654 INFO  server.RaftServerConfigKeys (ConfUtils.java:logGet(46)) - raft.server.log.write.buffer.size = 8MB (=8388608) (default)
2024-09-10 06:20:05,655 INFO  server.RaftServerConfigKeys (ConfUtils.java:logGet(46)) - raft.server.log.appender.buffer.byte-limit = 4MB (=4194304) (default)
2024-09-10 06:20:05,655 INFO  server.RaftServerConfigKeys (ConfUtils.java:logGet(46)) - raft.server.log.unsafe-flush.enabled = false (default)
2024-09-10 06:20:05,655 INFO  server.RaftServerConfigKeys (ConfUtils.java:logGet(46)) - raft.server.log.async-flush.enabled = false (default)
2024-09-10 06:20:05,655 INFO  server.RaftServerConfigKeys (ConfUtils.java:logGet(46)) - raft.server.log.statemachine.data.caching.enabled = false (default)
2024-09-10 06:20:05,655 INFO  segmented.SegmentedRaftLogWorker (SegmentedRaftLogWorker.java:lambda$new$0(138)) - s3@group-5D788F7A274C-SegmentedRaftLogWorker: flushIndex: setUnconditionally 0 -> -1
2024-09-10 06:20:05,655 INFO  segmented.SegmentedRaftLogWorker (SegmentedRaftLogWorker.java:lambda$new$0(138)) - s3@group-5D788F7A274C-SegmentedRaftLogWorker: safeCacheEvictIndex: setUnconditionally 0 -> -1
2024-09-10 06:20:05,656 INFO  server.RaftServer$Division (RaftServerImpl.java:start(397)) - s3@group-5D788F7A274C: start with initializing state, conf=conf: {index: -1, cur=peers:[]|listeners:[], old=null}
2024-09-10 06:20:05,656 INFO  server.RaftServer$Division (RaftServerImpl.java:setRole(378)) - s3@group-5D788F7A274C: changes role from      null to FOLLOWER at term 0 for start
2024-09-10 06:20:05,656 INFO  util.JmxRegister (JmxRegister.java:tryRegister(44)) - Successfully registered JMX Bean with object name Ratis:service=RaftServer,group=group-5D788F7A274C,id=s3
2024-09-10 06:20:05,656 INFO  util.JmxRegister (JmxRegister.java:register(58)) - register mxBean class org.apache.ratis.server.impl.RaftServerJmxAdapter as Ratis:service=RaftServer,group=group-5D788F7A274C,id=s3
2024-09-10 06:20:05,656 INFO  server.RaftServerConfigKeys (ConfUtils.java:logGet(46)) - raft.server.snapshot.trigger-when-stop.enabled = true (default)
2024-09-10 06:20:05,656 INFO  server.RaftServerConfigKeys (ConfUtils.java:logGet(46)) - raft.server.snapshot.trigger-when-remove.enabled = true (default)
2024-09-10 06:20:05,656 INFO  server.RaftServerConfigKeys (ConfUtils.java:logGet(46)) - raft.server.snapshot.auto.trigger.enabled = false (default)
2024-09-10 06:20:05,656 INFO  server.RaftServerConfigKeys (ConfUtils.java:logGet(46)) - raft.server.snapshot.retention.file.num = -1 (default)
2024-09-10 06:20:05,656 INFO  server.RaftServerConfigKeys (ConfUtils.java:logGet(46)) - raft.server.log.purge.upto.snapshot.index = false (default)
2024-09-10 06:20:05,664 INFO  server.RaftServer (RaftServerProxy.java:addNew(101)) - s14: addNew group-5D788F7A274C:[] returns group-5D788F7A274C:java.util.concurrent.CompletableFuture@454407e8[Not completed]
2024-09-10 06:20:05,664 INFO  server.RaftServer$Division (RaftServerImpl.java:<init>(255)) - s14: new RaftServerImpl for group-5D788F7A274C:[] with ArithmeticStateMachine:uninitialized
2024-09-10 06:20:05,665 INFO  server.RaftServerConfigKeys (ConfUtils.java:logGet(46)) - raft.server.rpc.timeout.min = 300ms (custom)
2024-09-10 06:20:05,665 INFO  server.RaftServerConfigKeys (ConfUtils.java:logGet(46)) - raft.server.rpc.timeout.max = 600ms (custom)
2024-09-10 06:20:05,665 INFO  server.RaftServerConfigKeys (ConfUtils.java:logGet(46)) - raft.server.rpc.sleep.time = 25ms (default)
2024-09-10 06:20:05,665 INFO  server.RaftServerConfigKeys (ConfUtils.java:logGet(46)) - raft.server.rpc.slowness.timeout = 60s (default)
2024-09-10 06:20:05,665 INFO  server.RaftServerConfigKeys (ConfUtils.java:logGet(46)) - raft.server.leaderelection.leader.step-down.wait-time = 10s (default)
2024-09-10 06:20:05,665 INFO  server.RaftServerConfigKeys (ConfUtils.java:logGet(46)) - raft.server.leaderelection.member.majority-add = false (default)
2024-09-10 06:20:05,665 INFO  server.RaftServerConfigKeys (ConfUtils.java:logGet(46)) - raft.server.sleep.deviation.threshold = 300ms (default)
2024-09-10 06:20:05,665 INFO  server.RaftServer$Division (ServerState.java:<init>(114)) - s14@group-5D788F7A274C: ConfigurationManager, init=conf: {index: -1, cur=peers:[]|listeners:[], old=null}, confs=<EMPTY_MAP>
2024-09-10 06:20:05,665 INFO  server.RaftServerConfigKeys (ConfUtils.java:logGet(46)) - raft.server.notification.no-leader.timeout = 60s (default)
2024-09-10 06:20:05,665 INFO  server.RaftServerConfigKeys (ConfUtils.java:logGet(46)) - raft.server.read.timeout = 10s (default)
2024-09-10 06:20:05,665 INFO  server.RaftServerConfigKeys (ConfUtils.java:logGet(46)) - raft.server.retrycache.expirytime = 60s (default)
2024-09-10 06:20:05,665 INFO  server.RaftServerConfigKeys (ConfUtils.java:logGet(46)) - raft.server.retrycache.statistics.expirytime = 100ms (default)
2024-09-10 06:20:05,665 INFO  server.RaftServerConfigKeys (ConfUtils.java:logGet(46)) - raft.server.read.option = DEFAULT (default)
2024-09-10 06:20:05,665 INFO  server.RaftServerConfigKeys (ConfUtils.java:logGet(46)) - raft.server.read.read-after-write-consistent.write-index-cache.expiry-time = 60s (default)
2024-09-10 06:20:05,666 INFO  server.RaftServerConfigKeys (ConfUtils.java:logGet(46)) - raft.server.rpc.request.timeout = 3000ms (default)
2024-09-10 06:20:05,666 INFO  server.RaftServerConfigKeys (ConfUtils.java:logGet(46)) - raft.server.log.appender.install.snapshot.enabled = true (default)
2024-09-10 06:20:05,666 INFO  server.RaftServerConfigKeys (ConfUtils.java:logGet(46)) - raft.server.threadpool.server.cached = true (default)
2024-09-10 06:20:05,666 INFO  server.RaftServerConfigKeys (ConfUtils.java:logGet(46)) - raft.server.threadpool.server.size = 0 (default)
2024-09-10 06:20:05,666 INFO  server.RaftServerConfigKeys (ConfUtils.java:logGet(46)) - raft.server.threadpool.client.cached = true (default)
2024-09-10 06:20:05,666 INFO  server.RaftServerConfigKeys (ConfUtils.java:logGet(46)) - raft.server.threadpool.client.size = 0 (default)
2024-09-10 06:20:05,667 INFO  server.RaftServerConfigKeys (ConfUtils.java:logGet(46)) - raft.server.storage.free-space.min = 0MB (=0) (default)
2024-09-10 06:20:05,667 INFO  server.RaftServerConfigKeys (ConfUtils.java:logGet(46)) - raft.server.log.corruption.policy = EXCEPTION (default)
2024-09-10 06:20:05,667 INFO  server.RaftServerConfigKeys (ConfUtils.java:logGet(46)) - raft.server.storage.dir = [/home/runner/work/ratis/ratis/ratis-examples/target/test/data/f624d035/MiniRaftClusterWithGrpc4aa2bfeb/s14] (custom)
2024-09-10 06:20:05,667 INFO  storage.RaftStorageDirectory (RaftStorageDirectoryImpl.java:analyzeStorage(138)) - The storage directory /home/runner/work/ratis/ratis/ratis-examples/target/test/data/f624d035/MiniRaftClusterWithGrpc4aa2bfeb/s14/746c2775-00df-41b8-9955-5d788f7a274c does not exist. Creating ...
2024-09-10 06:20:05,667 TRACE util.FileUtils (LogUtils.java:runAndLog(49)) - Successfully ran Files.createDirectories /home/runner/work/ratis/ratis/ratis-examples/target/test/data/f624d035/MiniRaftClusterWithGrpc4aa2bfeb/s14/746c2775-00df-41b8-9955-5d788f7a274c
2024-09-10 06:20:05,668 INFO  storage.RaftStorageDirectory (RaftStorageDirectoryImpl.java:tryLock(229)) - Lock on /home/runner/work/ratis/ratis/ratis-examples/target/test/data/f624d035/MiniRaftClusterWithGrpc4aa2bfeb/s14/746c2775-00df-41b8-9955-5d788f7a274c/in_use.lock acquired by nodename 13550@fv-az691-408
2024-09-10 06:20:05,669 TRACE util.FileUtils (LogUtils.java:runAndLog(49)) - Successfully ran Files.createDirectories /home/runner/work/ratis/ratis/ratis-examples/target/test/data/f624d035/MiniRaftClusterWithGrpc4aa2bfeb/s14/746c2775-00df-41b8-9955-5d788f7a274c/current
2024-09-10 06:20:05,669 TRACE util.FileUtils (LogUtils.java:runAndLog(49)) - Successfully ran Files.createDirectories /home/runner/work/ratis/ratis/ratis-examples/target/test/data/f624d035/MiniRaftClusterWithGrpc4aa2bfeb/s14/746c2775-00df-41b8-9955-5d788f7a274c/sm
2024-09-10 06:20:05,669 TRACE util.FileUtils (LogUtils.java:supplyAndLog(69)) - Successfully supplied FileChannel.open /home/runner/work/ratis/ratis/ratis-examples/target/test/data/f624d035/MiniRaftClusterWithGrpc4aa2bfeb/s14/746c2775-00df-41b8-9955-5d788f7a274c/current/raft-meta.tmp with options [CREATE, WRITE]: sun.nio.ch.FileChannelImpl@6a3243ac
2024-09-10 06:20:05,670 TRACE util.FileUtils (LogUtils.java:runAndLog(49)) - Successfully ran Atomic Files.move /home/runner/work/ratis/ratis/ratis-examples/target/test/data/f624d035/MiniRaftClusterWithGrpc4aa2bfeb/s14/746c2775-00df-41b8-9955-5d788f7a274c/current/raft-meta.tmp to /home/runner/work/ratis/ratis/ratis-examples/target/test/data/f624d035/MiniRaftClusterWithGrpc4aa2bfeb/s14/746c2775-00df-41b8-9955-5d788f7a274c/current/raft-meta with options [REPLACE_EXISTING]
2024-09-10 06:20:05,671 INFO  storage.RaftStorage (RaftStorageImpl.java:format(98)) - Storage directory /home/runner/work/ratis/ratis/ratis-examples/target/test/data/f624d035/MiniRaftClusterWithGrpc4aa2bfeb/s14/746c2775-00df-41b8-9955-5d788f7a274c has been successfully formatted.
2024-09-10 06:20:05,671 WARN  statemachine.StateMachine (ArithmeticStateMachine.java:loadSnapshot(115)) - The snapshot info is null.
2024-09-10 06:20:05,671 INFO  server.RaftServerConfigKeys (ConfUtils.java:logGet(46)) - raft.server.log.use.memory = false (default)
2024-09-10 06:20:05,671 INFO  server.RaftServerConfigKeys (ConfUtils.java:logGet(46)) - raft.server.log.purge.gap = 1024 (default)
2024-09-10 06:20:05,671 INFO  server.RaftServerConfigKeys (ConfUtils.java:logGet(46)) - raft.server.log.appender.buffer.byte-limit = 4MB (=4194304) (default)
2024-09-10 06:20:05,671 INFO  server.RaftServerConfigKeys (ConfUtils.java:logGet(46)) - raft.server.log.statemachine.data.read.timeout = 1000ms (default)
2024-09-10 06:20:05,671 INFO  server.RaftServerConfigKeys (ConfUtils.java:logGet(46)) - raft.server.log.purge.preservation.log.num = 0 (default)
2024-09-10 06:20:05,672 INFO  server.RaftServerConfigKeys (ConfUtils.java:logGet(46)) - raft.server.log.segment.size.max = 32MB (=33554432) (default)
2024-09-10 06:20:05,672 INFO  server.RaftServerConfigKeys (ConfUtils.java:logGet(46)) - raft.server.log.segment.cache.num.max = 6 (default)
2024-09-10 06:20:05,672 INFO  server.RaftServerConfigKeys (ConfUtils.java:logGet(46)) - raft.server.log.segment.cache.size.max = 200MB (=209715200) (default)
2024-09-10 06:20:05,672 INFO  server.RaftServerConfigKeys (ConfUtils.java:logGet(46)) - raft.server.log.appender.buffer.byte-limit = 4MB (=4194304) (default)
2024-09-10 06:20:05,673 INFO  util.AwaitToRun (AwaitToRun.java:start(81)) - Thread[s14@group-5D788F7A274C-cacheEviction-AwaitToRun,5,main] started
2024-09-10 06:20:05,673 INFO  segmented.SegmentedRaftLogWorker (SegmentedRaftLogWorker.java:<init>(187)) - new s14@group-5D788F7A274C-SegmentedRaftLogWorker for RaftStorageImpl:Storage Directory /home/runner/work/ratis/ratis/ratis-examples/target/test/data/f624d035/MiniRaftClusterWithGrpc4aa2bfeb/s14/746c2775-00df-41b8-9955-5d788f7a274c
2024-09-10 06:20:05,673 INFO  server.RaftServerConfigKeys (ConfUtils.java:logGet(46)) - raft.server.log.queue.byte-limit = 64MB (=67108864) (default)
2024-09-10 06:20:05,673 INFO  server.RaftServerConfigKeys (ConfUtils.java:logGet(46)) - raft.server.log.queue.element-limit = 4096 (default)
2024-09-10 06:20:05,673 INFO  server.RaftServerConfigKeys (ConfUtils.java:logGet(46)) - raft.server.log.segment.size.max = 32MB (=33554432) (default)
2024-09-10 06:20:05,673 INFO  server.RaftServerConfigKeys (ConfUtils.java:logGet(46)) - raft.server.log.preallocated.size = 4MB (=4194304) (default)
2024-09-10 06:20:05,673 INFO  server.RaftServerConfigKeys (ConfUtils.java:logGet(46)) - raft.server.log.force.sync.num = 128 (default)
2024-09-10 06:20:05,673 INFO  server.RaftServerConfigKeys (ConfUtils.java:logGet(46)) - raft.server.log.statemachine.data.sync = true (default)
2024-09-10 06:20:05,673 INFO  server.RaftServerConfigKeys (ConfUtils.java:logGet(46)) - raft.server.log.statemachine.data.sync.timeout = 10s (default)
2024-09-10 06:20:05,674 INFO  server.RaftServerConfigKeys (ConfUtils.java:logGet(46)) - raft.server.log.statemachine.data.sync.timeout.retry = -1 (default)
2024-09-10 06:20:05,674 INFO  server.RaftServerConfigKeys (ConfUtils.java:logGet(46)) - raft.server.log.write.buffer.size = 8MB (=8388608) (default)
2024-09-10 06:20:05,674 INFO  server.RaftServerConfigKeys (ConfUtils.java:logGet(46)) - raft.server.log.appender.buffer.byte-limit = 4MB (=4194304) (default)
2024-09-10 06:20:05,674 INFO  server.RaftServerConfigKeys (ConfUtils.java:logGet(46)) - raft.server.log.unsafe-flush.enabled = false (default)
2024-09-10 06:20:05,674 INFO  server.RaftServerConfigKeys (ConfUtils.java:logGet(46)) - raft.server.log.async-flush.enabled = false (default)
2024-09-10 06:20:05,674 INFO  server.RaftServerConfigKeys (ConfUtils.java:logGet(46)) - raft.server.log.statemachine.data.caching.enabled = false (default)
2024-09-10 06:20:05,675 INFO  segmented.SegmentedRaftLogWorker (SegmentedRaftLogWorker.java:lambda$new$0(138)) - s14@group-5D788F7A274C-SegmentedRaftLogWorker: flushIndex: setUnconditionally 0 -> -1
2024-09-10 06:20:05,675 INFO  segmented.SegmentedRaftLogWorker (SegmentedRaftLogWorker.java:lambda$new$0(138)) - s14@group-5D788F7A274C-SegmentedRaftLogWorker: safeCacheEvictIndex: setUnconditionally 0 -> -1
2024-09-10 06:20:05,675 INFO  server.RaftServer$Division (RaftServerImpl.java:start(397)) - s14@group-5D788F7A274C: start with initializing state, conf=conf: {index: -1, cur=peers:[]|listeners:[], old=null}
2024-09-10 06:20:05,675 INFO  server.RaftServer$Division (RaftServerImpl.java:setRole(378)) - s14@group-5D788F7A274C: changes role from      null to FOLLOWER at term 0 for start
2024-09-10 06:20:05,675 INFO  util.JmxRegister (JmxRegister.java:tryRegister(44)) - Successfully registered JMX Bean with object name Ratis:service=RaftServer,group=group-5D788F7A274C,id=s14
2024-09-10 06:20:05,675 INFO  util.JmxRegister (JmxRegister.java:register(58)) - register mxBean class org.apache.ratis.server.impl.RaftServerJmxAdapter as Ratis:service=RaftServer,group=group-5D788F7A274C,id=s14
2024-09-10 06:20:05,675 INFO  server.RaftServerConfigKeys (ConfUtils.java:logGet(46)) - raft.server.snapshot.trigger-when-stop.enabled = true (default)
2024-09-10 06:20:05,675 INFO  server.RaftServerConfigKeys (ConfUtils.java:logGet(46)) - raft.server.snapshot.trigger-when-remove.enabled = true (default)
2024-09-10 06:20:05,675 INFO  server.RaftServerConfigKeys (ConfUtils.java:logGet(46)) - raft.server.snapshot.auto.trigger.enabled = false (default)
2024-09-10 06:20:05,675 INFO  server.RaftServerConfigKeys (ConfUtils.java:logGet(46)) - raft.server.snapshot.retention.file.num = -1 (default)
2024-09-10 06:20:05,675 INFO  server.RaftServerConfigKeys (ConfUtils.java:logGet(46)) - raft.server.log.purge.upto.snapshot.index = false (default)
2024-09-10 06:20:05,688 INFO  server.RaftServer (RaftServerProxy.java:addNew(101)) - s2: addNew group-5D788F7A274C:[] returns group-5D788F7A274C:java.util.concurrent.CompletableFuture@2b73d41c[Not completed]
2024-09-10 06:20:05,688 INFO  server.RaftServer$Division (RaftServerImpl.java:<init>(255)) - s2: new RaftServerImpl for group-5D788F7A274C:[] with ArithmeticStateMachine:uninitialized
2024-09-10 06:20:05,688 INFO  server.RaftServerConfigKeys (ConfUtils.java:logGet(46)) - raft.server.rpc.timeout.min = 300ms (custom)
2024-09-10 06:20:05,688 INFO  server.RaftServerConfigKeys (ConfUtils.java:logGet(46)) - raft.server.rpc.timeout.max = 600ms (custom)
2024-09-10 06:20:05,688 INFO  server.RaftServerConfigKeys (ConfUtils.java:logGet(46)) - raft.server.rpc.sleep.time = 25ms (default)
2024-09-10 06:20:05,688 INFO  server.RaftServerConfigKeys (ConfUtils.java:logGet(46)) - raft.server.rpc.slowness.timeout = 60s (default)
2024-09-10 06:20:05,689 INFO  server.RaftServerConfigKeys (ConfUtils.java:logGet(46)) - raft.server.leaderelection.leader.step-down.wait-time = 10s (default)
2024-09-10 06:20:05,689 INFO  server.RaftServerConfigKeys (ConfUtils.java:logGet(46)) - raft.server.leaderelection.member.majority-add = false (default)
2024-09-10 06:20:05,689 INFO  server.RaftServerConfigKeys (ConfUtils.java:logGet(46)) - raft.server.sleep.deviation.threshold = 300ms (default)
2024-09-10 06:20:05,689 INFO  server.RaftServer$Division (ServerState.java:<init>(114)) - s2@group-5D788F7A274C: ConfigurationManager, init=conf: {index: -1, cur=peers:[]|listeners:[], old=null}, confs=<EMPTY_MAP>
2024-09-10 06:20:05,689 INFO  server.RaftServerConfigKeys (ConfUtils.java:logGet(46)) - raft.server.notification.no-leader.timeout = 60s (default)
2024-09-10 06:20:05,689 INFO  server.RaftServerConfigKeys (ConfUtils.java:logGet(46)) - raft.server.read.timeout = 10s (default)
2024-09-10 06:20:05,689 INFO  server.RaftServerConfigKeys (ConfUtils.java:logGet(46)) - raft.server.retrycache.expirytime = 60s (default)
2024-09-10 06:20:05,689 INFO  server.RaftServerConfigKeys (ConfUtils.java:logGet(46)) - raft.server.retrycache.statistics.expirytime = 100ms (default)
2024-09-10 06:20:05,689 INFO  server.RaftServerConfigKeys (ConfUtils.java:logGet(46)) - raft.server.read.option = DEFAULT (default)
2024-09-10 06:20:05,689 INFO  server.RaftServerConfigKeys (ConfUtils.java:logGet(46)) - raft.server.read.read-after-write-consistent.write-index-cache.expiry-time = 60s (default)
2024-09-10 06:20:05,690 INFO  server.RaftServerConfigKeys (ConfUtils.java:logGet(46)) - raft.server.rpc.request.timeout = 3000ms (default)
2024-09-10 06:20:05,690 INFO  server.RaftServerConfigKeys (ConfUtils.java:logGet(46)) - raft.server.log.appender.install.snapshot.enabled = true (default)
2024-09-10 06:20:05,690 INFO  server.RaftServerConfigKeys (ConfUtils.java:logGet(46)) - raft.server.threadpool.server.cached = true (default)
2024-09-10 06:20:05,690 INFO  server.RaftServerConfigKeys (ConfUtils.java:logGet(46)) - raft.server.threadpool.server.size = 0 (default)
2024-09-10 06:20:05,690 INFO  server.RaftServerConfigKeys (ConfUtils.java:logGet(46)) - raft.server.threadpool.client.cached = true (default)
2024-09-10 06:20:05,690 INFO  server.RaftServerConfigKeys (ConfUtils.java:logGet(46)) - raft.server.threadpool.client.size = 0 (default)
2024-09-10 06:20:05,690 INFO  server.RaftServerConfigKeys (ConfUtils.java:logGet(46)) - raft.server.storage.free-space.min = 0MB (=0) (default)
2024-09-10 06:20:05,690 INFO  server.RaftServerConfigKeys (ConfUtils.java:logGet(46)) - raft.server.log.corruption.policy = EXCEPTION (default)
2024-09-10 06:20:05,690 INFO  server.RaftServerConfigKeys (ConfUtils.java:logGet(46)) - raft.server.storage.dir = [/home/runner/work/ratis/ratis/ratis-examples/target/test/data/f624d035/MiniRaftClusterWithGrpc4aa2bfeb/s2] (custom)
2024-09-10 06:20:05,691 INFO  storage.RaftStorageDirectory (RaftStorageDirectoryImpl.java:analyzeStorage(138)) - The storage directory /home/runner/work/ratis/ratis/ratis-examples/target/test/data/f624d035/MiniRaftClusterWithGrpc4aa2bfeb/s2/746c2775-00df-41b8-9955-5d788f7a274c does not exist. Creating ...
2024-09-10 06:20:05,691 TRACE util.FileUtils (LogUtils.java:runAndLog(49)) - Successfully ran Files.createDirectories /home/runner/work/ratis/ratis/ratis-examples/target/test/data/f624d035/MiniRaftClusterWithGrpc4aa2bfeb/s2/746c2775-00df-41b8-9955-5d788f7a274c
2024-09-10 06:20:05,692 INFO  storage.RaftStorageDirectory (RaftStorageDirectoryImpl.java:tryLock(229)) - Lock on /home/runner/work/ratis/ratis/ratis-examples/target/test/data/f624d035/MiniRaftClusterWithGrpc4aa2bfeb/s2/746c2775-00df-41b8-9955-5d788f7a274c/in_use.lock acquired by nodename 13550@fv-az691-408
2024-09-10 06:20:05,693 TRACE util.FileUtils (LogUtils.java:runAndLog(49)) - Successfully ran Files.createDirectories /home/runner/work/ratis/ratis/ratis-examples/target/test/data/f624d035/MiniRaftClusterWithGrpc4aa2bfeb/s2/746c2775-00df-41b8-9955-5d788f7a274c/current
2024-09-10 06:20:05,693 TRACE util.FileUtils (LogUtils.java:runAndLog(49)) - Successfully ran Files.createDirectories /home/runner/work/ratis/ratis/ratis-examples/target/test/data/f624d035/MiniRaftClusterWithGrpc4aa2bfeb/s2/746c2775-00df-41b8-9955-5d788f7a274c/sm
2024-09-10 06:20:05,693 TRACE util.FileUtils (LogUtils.java:supplyAndLog(69)) - Successfully supplied FileChannel.open /home/runner/work/ratis/ratis/ratis-examples/target/test/data/f624d035/MiniRaftClusterWithGrpc4aa2bfeb/s2/746c2775-00df-41b8-9955-5d788f7a274c/current/raft-meta.tmp with options [CREATE, WRITE]: sun.nio.ch.FileChannelImpl@2aab3ba1
2024-09-10 06:20:05,694 TRACE util.FileUtils (LogUtils.java:runAndLog(49)) - Successfully ran Atomic Files.move /home/runner/work/ratis/ratis/ratis-examples/target/test/data/f624d035/MiniRaftClusterWithGrpc4aa2bfeb/s2/746c2775-00df-41b8-9955-5d788f7a274c/current/raft-meta.tmp to /home/runner/work/ratis/ratis/ratis-examples/target/test/data/f624d035/MiniRaftClusterWithGrpc4aa2bfeb/s2/746c2775-00df-41b8-9955-5d788f7a274c/current/raft-meta with options [REPLACE_EXISTING]
2024-09-10 06:20:05,694 INFO  storage.RaftStorage (RaftStorageImpl.java:format(98)) - Storage directory /home/runner/work/ratis/ratis/ratis-examples/target/test/data/f624d035/MiniRaftClusterWithGrpc4aa2bfeb/s2/746c2775-00df-41b8-9955-5d788f7a274c has been successfully formatted.
2024-09-10 06:20:05,694 WARN  statemachine.StateMachine (ArithmeticStateMachine.java:loadSnapshot(115)) - The snapshot info is null.
2024-09-10 06:20:05,694 INFO  server.RaftServerConfigKeys (ConfUtils.java:logGet(46)) - raft.server.log.use.memory = false (default)
2024-09-10 06:20:05,694 INFO  server.RaftServerConfigKeys (ConfUtils.java:logGet(46)) - raft.server.log.purge.gap = 1024 (default)
2024-09-10 06:20:05,695 INFO  server.RaftServerConfigKeys (ConfUtils.java:logGet(46)) - raft.server.log.appender.buffer.byte-limit = 4MB (=4194304) (default)
2024-09-10 06:20:05,695 INFO  server.RaftServerConfigKeys (ConfUtils.java:logGet(46)) - raft.server.log.statemachine.data.read.timeout = 1000ms (default)
2024-09-10 06:20:05,695 INFO  server.RaftServerConfigKeys (ConfUtils.java:logGet(46)) - raft.server.log.purge.preservation.log.num = 0 (default)
2024-09-10 06:20:05,695 INFO  server.RaftServerConfigKeys (ConfUtils.java:logGet(46)) - raft.server.log.segment.size.max = 32MB (=33554432) (default)
2024-09-10 06:20:05,695 INFO  server.RaftServerConfigKeys (ConfUtils.java:logGet(46)) - raft.server.log.segment.cache.num.max = 6 (default)
2024-09-10 06:20:05,695 INFO  server.RaftServerConfigKeys (ConfUtils.java:logGet(46)) - raft.server.log.segment.cache.size.max = 200MB (=209715200) (default)
2024-09-10 06:20:05,695 INFO  server.RaftServerConfigKeys (ConfUtils.java:logGet(46)) - raft.server.log.appender.buffer.byte-limit = 4MB (=4194304) (default)
2024-09-10 06:20:05,695 INFO  util.AwaitToRun (AwaitToRun.java:start(81)) - Thread[s2@group-5D788F7A274C-cacheEviction-AwaitToRun,5,main] started
2024-09-10 06:20:05,696 INFO  segmented.SegmentedRaftLogWorker (SegmentedRaftLogWorker.java:<init>(187)) - new s2@group-5D788F7A274C-SegmentedRaftLogWorker for RaftStorageImpl:Storage Directory /home/runner/work/ratis/ratis/ratis-examples/target/test/data/f624d035/MiniRaftClusterWithGrpc4aa2bfeb/s2/746c2775-00df-41b8-9955-5d788f7a274c
2024-09-10 06:20:05,696 INFO  server.RaftServerConfigKeys (ConfUtils.java:logGet(46)) - raft.server.log.queue.byte-limit = 64MB (=67108864) (default)
2024-09-10 06:20:05,696 INFO  server.RaftServerConfigKeys (ConfUtils.java:logGet(46)) - raft.server.log.queue.element-limit = 4096 (default)
2024-09-10 06:20:05,696 INFO  server.RaftServerConfigKeys (ConfUtils.java:logGet(46)) - raft.server.log.segment.size.max = 32MB (=33554432) (default)
2024-09-10 06:20:05,696 INFO  server.RaftServerConfigKeys (ConfUtils.java:logGet(46)) - raft.server.log.preallocated.size = 4MB (=4194304) (default)
2024-09-10 06:20:05,696 INFO  server.RaftServerConfigKeys (ConfUtils.java:logGet(46)) - raft.server.log.force.sync.num = 128 (default)
2024-09-10 06:20:05,696 INFO  server.RaftServerConfigKeys (ConfUtils.java:logGet(46)) - raft.server.log.statemachine.data.sync = true (default)
2024-09-10 06:20:05,696 INFO  server.RaftServerConfigKeys (ConfUtils.java:logGet(46)) - raft.server.log.statemachine.data.sync.timeout = 10s (default)
2024-09-10 06:20:05,696 INFO  server.RaftServerConfigKeys (ConfUtils.java:logGet(46)) - raft.server.log.statemachine.data.sync.timeout.retry = -1 (default)
2024-09-10 06:20:05,696 INFO  server.RaftServerConfigKeys (ConfUtils.java:logGet(46)) - raft.server.log.write.buffer.size = 8MB (=8388608) (default)
2024-09-10 06:20:05,697 INFO  server.RaftServerConfigKeys (ConfUtils.java:logGet(46)) - raft.server.log.appender.buffer.byte-limit = 4MB (=4194304) (default)
2024-09-10 06:20:05,697 INFO  server.RaftServerConfigKeys (ConfUtils.java:logGet(46)) - raft.server.log.unsafe-flush.enabled = false (default)
2024-09-10 06:20:05,697 INFO  server.RaftServerConfigKeys (ConfUtils.java:logGet(46)) - raft.server.log.async-flush.enabled = false (default)
2024-09-10 06:20:05,697 INFO  server.RaftServerConfigKeys (ConfUtils.java:logGet(46)) - raft.server.log.statemachine.data.caching.enabled = false (default)
2024-09-10 06:20:05,697 INFO  segmented.SegmentedRaftLogWorker (SegmentedRaftLogWorker.java:lambda$new$0(138)) - s2@group-5D788F7A274C-SegmentedRaftLogWorker: flushIndex: setUnconditionally 0 -> -1
2024-09-10 06:20:05,697 INFO  segmented.SegmentedRaftLogWorker (SegmentedRaftLogWorker.java:lambda$new$0(138)) - s2@group-5D788F7A274C-SegmentedRaftLogWorker: safeCacheEvictIndex: setUnconditionally 0 -> -1
2024-09-10 06:20:05,697 INFO  server.RaftServer$Division (RaftServerImpl.java:start(397)) - s2@group-5D788F7A274C: start with initializing state, conf=conf: {index: -1, cur=peers:[]|listeners:[], old=null}
2024-09-10 06:20:05,697 INFO  server.RaftServer$Division (RaftServerImpl.java:setRole(378)) - s2@group-5D788F7A274C: changes role from      null to FOLLOWER at term 0 for start
2024-09-10 06:20:05,698 INFO  util.JmxRegister (JmxRegister.java:tryRegister(44)) - Successfully registered JMX Bean with object name Ratis:service=RaftServer,group=group-5D788F7A274C,id=s2
2024-09-10 06:20:05,698 INFO  util.JmxRegister (JmxRegister.java:register(58)) - register mxBean class org.apache.ratis.server.impl.RaftServerJmxAdapter as Ratis:service=RaftServer,group=group-5D788F7A274C,id=s2
2024-09-10 06:20:05,698 INFO  server.RaftServerConfigKeys (ConfUtils.java:logGet(46)) - raft.server.snapshot.trigger-when-stop.enabled = true (default)
2024-09-10 06:20:05,698 INFO  server.RaftServerConfigKeys (ConfUtils.java:logGet(46)) - raft.server.snapshot.trigger-when-remove.enabled = true (default)
2024-09-10 06:20:05,698 INFO  server.RaftServerConfigKeys (ConfUtils.java:logGet(46)) - raft.server.snapshot.auto.trigger.enabled = false (default)
2024-09-10 06:20:05,698 INFO  server.RaftServerConfigKeys (ConfUtils.java:logGet(46)) - raft.server.snapshot.retention.file.num = -1 (default)
2024-09-10 06:20:05,698 INFO  server.RaftServerConfigKeys (ConfUtils.java:logGet(46)) - raft.server.log.purge.upto.snapshot.index = false (default)
2024-09-10 06:20:05,703 INFO  impl.GroupManagementBaseTest (GroupManagementBaseTest.java:runMultiGroupTest(322)) - 3) groupAdd: printing group-7DC22DB0A052
2024-09-10 06:20:05,707 INFO  server.RaftServer (RaftServerProxy.java:addNew(101)) - s4: addNew group-5D788F7A274C:[] returns group-5D788F7A274C:java.util.concurrent.CompletableFuture@713900c5[Not completed]
2024-09-10 06:20:05,707 INFO  server.RaftServer$Division (RaftServerImpl.java:<init>(255)) - s4: new RaftServerImpl for group-5D788F7A274C:[] with ArithmeticStateMachine:uninitialized
2024-09-10 06:20:05,707 INFO  server.RaftServerConfigKeys (ConfUtils.java:logGet(46)) - raft.server.rpc.timeout.min = 300ms (custom)
2024-09-10 06:20:05,707 INFO  server.RaftServerConfigKeys (ConfUtils.java:logGet(46)) - raft.server.rpc.timeout.max = 600ms (custom)
2024-09-10 06:20:05,708 INFO  server.RaftServerConfigKeys (ConfUtils.java:logGet(46)) - raft.server.rpc.sleep.time = 25ms (default)
2024-09-10 06:20:05,708 INFO  server.RaftServerConfigKeys (ConfUtils.java:logGet(46)) - raft.server.rpc.slowness.timeout = 60s (default)
2024-09-10 06:20:05,708 INFO  server.RaftServerConfigKeys (ConfUtils.java:logGet(46)) - raft.server.leaderelection.leader.step-down.wait-time = 10s (default)
2024-09-10 06:20:05,708 INFO  server.RaftServerConfigKeys (ConfUtils.java:logGet(46)) - raft.server.leaderelection.member.majority-add = false (default)
2024-09-10 06:20:05,708 INFO  server.RaftServerConfigKeys (ConfUtils.java:logGet(46)) - raft.server.sleep.deviation.threshold = 300ms (default)
2024-09-10 06:20:05,708 INFO  server.RaftServer$Division (ServerState.java:<init>(114)) - s4@group-5D788F7A274C: ConfigurationManager, init=conf: {index: -1, cur=peers:[]|listeners:[], old=null}, confs=<EMPTY_MAP>
2024-09-10 06:20:05,708 INFO  server.RaftServerConfigKeys (ConfUtils.java:logGet(46)) - raft.server.notification.no-leader.timeout = 60s (default)
2024-09-10 06:20:05,708 INFO  server.RaftServerConfigKeys (ConfUtils.java:logGet(46)) - raft.server.read.timeout = 10s (default)
2024-09-10 06:20:05,708 INFO  server.RaftServerConfigKeys (ConfUtils.java:logGet(46)) - raft.server.retrycache.expirytime = 60s (default)
2024-09-10 06:20:05,708 INFO  server.RaftServerConfigKeys (ConfUtils.java:logGet(46)) - raft.server.retrycache.statistics.expirytime = 100ms (default)
2024-09-10 06:20:05,708 INFO  server.RaftServerConfigKeys (ConfUtils.java:logGet(46)) - raft.server.read.option = DEFAULT (default)
2024-09-10 06:20:05,708 INFO  server.RaftServerConfigKeys (ConfUtils.java:logGet(46)) - raft.server.read.read-after-write-consistent.write-index-cache.expiry-time = 60s (default)
2024-09-10 06:20:05,709 INFO  server.RaftServerConfigKeys (ConfUtils.java:logGet(46)) - raft.server.rpc.request.timeout = 3000ms (default)
2024-09-10 06:20:05,709 INFO  server.RaftServerConfigKeys (ConfUtils.java:logGet(46)) - raft.server.log.appender.install.snapshot.enabled = true (default)
2024-09-10 06:20:05,709 INFO  server.RaftServerConfigKeys (ConfUtils.java:logGet(46)) - raft.server.threadpool.server.cached = true (default)
2024-09-10 06:20:05,709 INFO  server.RaftServerConfigKeys (ConfUtils.java:logGet(46)) - raft.server.threadpool.server.size = 0 (default)
2024-09-10 06:20:05,709 INFO  server.RaftServerConfigKeys (ConfUtils.java:logGet(46)) - raft.server.threadpool.client.cached = true (default)
2024-09-10 06:20:05,709 INFO  server.RaftServerConfigKeys (ConfUtils.java:logGet(46)) - raft.server.threadpool.client.size = 0 (default)
2024-09-10 06:20:05,709 INFO  server.RaftServerConfigKeys (ConfUtils.java:logGet(46)) - raft.server.storage.free-space.min = 0MB (=0) (default)
2024-09-10 06:20:05,709 INFO  server.RaftServerConfigKeys (ConfUtils.java:logGet(46)) - raft.server.log.corruption.policy = EXCEPTION (default)
2024-09-10 06:20:05,709 INFO  server.RaftServerConfigKeys (ConfUtils.java:logGet(46)) - raft.server.storage.dir = [/home/runner/work/ratis/ratis/ratis-examples/target/test/data/f624d035/MiniRaftClusterWithGrpc4aa2bfeb/s4] (custom)
2024-09-10 06:20:05,710 INFO  storage.RaftStorageDirectory (RaftStorageDirectoryImpl.java:analyzeStorage(138)) - The storage directory /home/runner/work/ratis/ratis/ratis-examples/target/test/data/f624d035/MiniRaftClusterWithGrpc4aa2bfeb/s4/746c2775-00df-41b8-9955-5d788f7a274c does not exist. Creating ...
2024-09-10 06:20:05,710 TRACE util.FileUtils (LogUtils.java:runAndLog(49)) - Successfully ran Files.createDirectories /home/runner/work/ratis/ratis/ratis-examples/target/test/data/f624d035/MiniRaftClusterWithGrpc4aa2bfeb/s4/746c2775-00df-41b8-9955-5d788f7a274c
2024-09-10 06:20:05,711 INFO  storage.RaftStorageDirectory (RaftStorageDirectoryImpl.java:tryLock(229)) - Lock on /home/runner/work/ratis/ratis/ratis-examples/target/test/data/f624d035/MiniRaftClusterWithGrpc4aa2bfeb/s4/746c2775-00df-41b8-9955-5d788f7a274c/in_use.lock acquired by nodename 13550@fv-az691-408
2024-09-10 06:20:05,711 TRACE util.FileUtils (LogUtils.java:runAndLog(49)) - Successfully ran Files.createDirectories /home/runner/work/ratis/ratis/ratis-examples/target/test/data/f624d035/MiniRaftClusterWithGrpc4aa2bfeb/s4/746c2775-00df-41b8-9955-5d788f7a274c/current
2024-09-10 06:20:05,711 TRACE util.FileUtils (LogUtils.java:runAndLog(49)) - Successfully ran Files.createDirectories /home/runner/work/ratis/ratis/ratis-examples/target/test/data/f624d035/MiniRaftClusterWithGrpc4aa2bfeb/s4/746c2775-00df-41b8-9955-5d788f7a274c/sm
2024-09-10 06:20:05,711 TRACE util.FileUtils (LogUtils.java:supplyAndLog(69)) - Successfully supplied FileChannel.open /home/runner/work/ratis/ratis/ratis-examples/target/test/data/f624d035/MiniRaftClusterWithGrpc4aa2bfeb/s4/746c2775-00df-41b8-9955-5d788f7a274c/current/raft-meta.tmp with options [CREATE, WRITE]: sun.nio.ch.FileChannelImpl@15fc7515
2024-09-10 06:20:05,712 TRACE util.FileUtils (LogUtils.java:runAndLog(49)) - Successfully ran Atomic Files.move /home/runner/work/ratis/ratis/ratis-examples/target/test/data/f624d035/MiniRaftClusterWithGrpc4aa2bfeb/s4/746c2775-00df-41b8-9955-5d788f7a274c/current/raft-meta.tmp to /home/runner/work/ratis/ratis/ratis-examples/target/test/data/f624d035/MiniRaftClusterWithGrpc4aa2bfeb/s4/746c2775-00df-41b8-9955-5d788f7a274c/current/raft-meta with options [REPLACE_EXISTING]
2024-09-10 06:20:05,712 INFO  storage.RaftStorage (RaftStorageImpl.java:format(98)) - Storage directory /home/runner/work/ratis/ratis/ratis-examples/target/test/data/f624d035/MiniRaftClusterWithGrpc4aa2bfeb/s4/746c2775-00df-41b8-9955-5d788f7a274c has been successfully formatted.
2024-09-10 06:20:05,713 WARN  statemachine.StateMachine (ArithmeticStateMachine.java:loadSnapshot(115)) - The snapshot info is null.
2024-09-10 06:20:05,713 INFO  server.RaftServerConfigKeys (ConfUtils.java:logGet(46)) - raft.server.log.use.memory = false (default)
2024-09-10 06:20:05,713 INFO  server.RaftServerConfigKeys (ConfUtils.java:logGet(46)) - raft.server.log.purge.gap = 1024 (default)
2024-09-10 06:20:05,713 INFO  server.RaftServerConfigKeys (ConfUtils.java:logGet(46)) - raft.server.log.appender.buffer.byte-limit = 4MB (=4194304) (default)
2024-09-10 06:20:05,713 INFO  server.RaftServerConfigKeys (ConfUtils.java:logGet(46)) - raft.server.log.statemachine.data.read.timeout = 1000ms (default)
2024-09-10 06:20:05,713 INFO  server.RaftServerConfigKeys (ConfUtils.java:logGet(46)) - raft.server.log.purge.preservation.log.num = 0 (default)
2024-09-10 06:20:05,713 INFO  server.RaftServerConfigKeys (ConfUtils.java:logGet(46)) - raft.server.log.segment.size.max = 32MB (=33554432) (default)
2024-09-10 06:20:05,714 INFO  server.RaftServerConfigKeys (ConfUtils.java:logGet(46)) - raft.server.log.segment.cache.num.max = 6 (default)
2024-09-10 06:20:05,714 INFO  server.RaftServerConfigKeys (ConfUtils.java:logGet(46)) - raft.server.log.segment.cache.size.max = 200MB (=209715200) (default)
2024-09-10 06:20:05,714 INFO  server.RaftServerConfigKeys (ConfUtils.java:logGet(46)) - raft.server.log.appender.buffer.byte-limit = 4MB (=4194304) (default)
2024-09-10 06:20:05,714 INFO  util.AwaitToRun (AwaitToRun.java:start(81)) - Thread[s4@group-5D788F7A274C-cacheEviction-AwaitToRun,5,main] started
2024-09-10 06:20:05,714 INFO  segmented.SegmentedRaftLogWorker (SegmentedRaftLogWorker.java:<init>(187)) - new s4@group-5D788F7A274C-SegmentedRaftLogWorker for RaftStorageImpl:Storage Directory /home/runner/work/ratis/ratis/ratis-examples/target/test/data/f624d035/MiniRaftClusterWithGrpc4aa2bfeb/s4/746c2775-00df-41b8-9955-5d788f7a274c
2024-09-10 06:20:05,714 INFO  server.RaftServerConfigKeys (ConfUtils.java:logGet(46)) - raft.server.log.queue.byte-limit = 64MB (=67108864) (default)
2024-09-10 06:20:05,714 INFO  server.RaftServerConfigKeys (ConfUtils.java:logGet(46)) - raft.server.log.queue.element-limit = 4096 (default)
2024-09-10 06:20:05,714 INFO  server.RaftServerConfigKeys (ConfUtils.java:logGet(46)) - raft.server.log.segment.size.max = 32MB (=33554432) (default)
2024-09-10 06:20:05,714 INFO  server.RaftServerConfigKeys (ConfUtils.java:logGet(46)) - raft.server.log.preallocated.size = 4MB (=4194304) (default)
2024-09-10 06:20:05,714 INFO  server.RaftServerConfigKeys (ConfUtils.java:logGet(46)) - raft.server.log.force.sync.num = 128 (default)
2024-09-10 06:20:05,714 INFO  server.RaftServerConfigKeys (ConfUtils.java:logGet(46)) - raft.server.log.statemachine.data.sync = true (default)
2024-09-10 06:20:05,715 INFO  server.RaftServerConfigKeys (ConfUtils.java:logGet(46)) - raft.server.log.statemachine.data.sync.timeout = 10s (default)
2024-09-10 06:20:05,715 INFO  server.RaftServerConfigKeys (ConfUtils.java:logGet(46)) - raft.server.log.statemachine.data.sync.timeout.retry = -1 (default)
2024-09-10 06:20:05,715 INFO  server.RaftServerConfigKeys (ConfUtils.java:logGet(46)) - raft.server.log.write.buffer.size = 8MB (=8388608) (default)
2024-09-10 06:20:05,715 INFO  server.RaftServerConfigKeys (ConfUtils.java:logGet(46)) - raft.server.log.appender.buffer.byte-limit = 4MB (=4194304) (default)
2024-09-10 06:20:05,716 INFO  server.RaftServerConfigKeys (ConfUtils.java:logGet(46)) - raft.server.log.unsafe-flush.enabled = false (default)
2024-09-10 06:20:05,716 INFO  server.RaftServerConfigKeys (ConfUtils.java:logGet(46)) - raft.server.log.async-flush.enabled = false (default)
2024-09-10 06:20:05,716 INFO  server.RaftServerConfigKeys (ConfUtils.java:logGet(46)) - raft.server.log.statemachine.data.caching.enabled = false (default)
2024-09-10 06:20:05,716 INFO  segmented.SegmentedRaftLogWorker (SegmentedRaftLogWorker.java:lambda$new$0(138)) - s4@group-5D788F7A274C-SegmentedRaftLogWorker: flushIndex: setUnconditionally 0 -> -1
2024-09-10 06:20:05,716 INFO  segmented.SegmentedRaftLogWorker (SegmentedRaftLogWorker.java:lambda$new$0(138)) - s4@group-5D788F7A274C-SegmentedRaftLogWorker: safeCacheEvictIndex: setUnconditionally 0 -> -1
2024-09-10 06:20:05,716 INFO  server.RaftServer$Division (RaftServerImpl.java:start(397)) - s4@group-5D788F7A274C: start with initializing state, conf=conf: {index: -1, cur=peers:[]|listeners:[], old=null}
2024-09-10 06:20:05,716 INFO  server.RaftServer$Division (RaftServerImpl.java:setRole(378)) - s4@group-5D788F7A274C: changes role from      null to FOLLOWER at term 0 for start
2024-09-10 06:20:05,716 INFO  util.JmxRegister (JmxRegister.java:tryRegister(44)) - Successfully registered JMX Bean with object name Ratis:service=RaftServer,group=group-5D788F7A274C,id=s4
2024-09-10 06:20:05,716 INFO  util.JmxRegister (JmxRegister.java:register(58)) - register mxBean class org.apache.ratis.server.impl.RaftServerJmxAdapter as Ratis:service=RaftServer,group=group-5D788F7A274C,id=s4
2024-09-10 06:20:05,716 INFO  server.RaftServerConfigKeys (ConfUtils.java:logGet(46)) - raft.server.snapshot.trigger-when-stop.enabled = true (default)
2024-09-10 06:20:05,717 INFO  server.RaftServerConfigKeys (ConfUtils.java:logGet(46)) - raft.server.snapshot.trigger-when-remove.enabled = true (default)
2024-09-10 06:20:05,717 INFO  server.RaftServerConfigKeys (ConfUtils.java:logGet(46)) - raft.server.snapshot.auto.trigger.enabled = false (default)
2024-09-10 06:20:05,717 INFO  server.RaftServerConfigKeys (ConfUtils.java:logGet(46)) - raft.server.snapshot.retention.file.num = -1 (default)
2024-09-10 06:20:05,717 INFO  server.RaftServerConfigKeys (ConfUtils.java:logGet(46)) - raft.server.log.purge.upto.snapshot.index = false (default)
2024-09-10 06:20:05,728 INFO  server.RaftServer (RaftServerProxy.java:addNew(101)) - s5: addNew group-5D788F7A274C:[] returns group-5D788F7A274C:java.util.concurrent.CompletableFuture@375badae[Not completed]
2024-09-10 06:20:05,729 INFO  server.RaftServer$Division (RaftServerImpl.java:<init>(255)) - s5: new RaftServerImpl for group-5D788F7A274C:[] with ArithmeticStateMachine:uninitialized
2024-09-10 06:20:05,729 INFO  server.RaftServerConfigKeys (ConfUtils.java:logGet(46)) - raft.server.rpc.timeout.min = 300ms (custom)
2024-09-10 06:20:05,729 INFO  server.RaftServerConfigKeys (ConfUtils.java:logGet(46)) - raft.server.rpc.timeout.max = 600ms (custom)
2024-09-10 06:20:05,729 INFO  server.RaftServerConfigKeys (ConfUtils.java:logGet(46)) - raft.server.rpc.sleep.time = 25ms (default)
2024-09-10 06:20:05,729 INFO  server.RaftServerConfigKeys (ConfUtils.java:logGet(46)) - raft.server.rpc.slowness.timeout = 60s (default)
2024-09-10 06:20:05,729 INFO  server.RaftServerConfigKeys (ConfUtils.java:logGet(46)) - raft.server.leaderelection.leader.step-down.wait-time = 10s (default)
2024-09-10 06:20:05,729 INFO  server.RaftServerConfigKeys (ConfUtils.java:logGet(46)) - raft.server.leaderelection.member.majority-add = false (default)
2024-09-10 06:20:05,729 INFO  server.RaftServerConfigKeys (ConfUtils.java:logGet(46)) - raft.server.sleep.deviation.threshold = 300ms (default)
2024-09-10 06:20:05,729 INFO  server.RaftServer$Division (ServerState.java:<init>(114)) - s5@group-5D788F7A274C: ConfigurationManager, init=conf: {index: -1, cur=peers:[]|listeners:[], old=null}, confs=<EMPTY_MAP>
2024-09-10 06:20:05,729 INFO  server.RaftServerConfigKeys (ConfUtils.java:logGet(46)) - raft.server.notification.no-leader.timeout = 60s (default)
2024-09-10 06:20:05,729 INFO  server.RaftServerConfigKeys (ConfUtils.java:logGet(46)) - raft.server.read.timeout = 10s (default)
2024-09-10 06:20:05,729 INFO  server.RaftServerConfigKeys (ConfUtils.java:logGet(46)) - raft.server.retrycache.expirytime = 60s (default)
2024-09-10 06:20:05,729 INFO  server.RaftServerConfigKeys (ConfUtils.java:logGet(46)) - raft.server.retrycache.statistics.expirytime = 100ms (default)
2024-09-10 06:20:05,730 INFO  server.RaftServerConfigKeys (ConfUtils.java:logGet(46)) - raft.server.read.option = DEFAULT (default)
2024-09-10 06:20:05,730 INFO  server.RaftServerConfigKeys (ConfUtils.java:logGet(46)) - raft.server.read.read-after-write-consistent.write-index-cache.expiry-time = 60s (default)
2024-09-10 06:20:05,730 INFO  server.RaftServerConfigKeys (ConfUtils.java:logGet(46)) - raft.server.rpc.request.timeout = 3000ms (default)
2024-09-10 06:20:05,730 INFO  server.RaftServerConfigKeys (ConfUtils.java:logGet(46)) - raft.server.log.appender.install.snapshot.enabled = true (default)
2024-09-10 06:20:05,730 INFO  server.RaftServerConfigKeys (ConfUtils.java:logGet(46)) - raft.server.threadpool.server.cached = true (default)
2024-09-10 06:20:05,730 INFO  server.RaftServerConfigKeys (ConfUtils.java:logGet(46)) - raft.server.threadpool.server.size = 0 (default)
2024-09-10 06:20:05,730 INFO  server.RaftServerConfigKeys (ConfUtils.java:logGet(46)) - raft.server.threadpool.client.cached = true (default)
2024-09-10 06:20:05,730 INFO  server.RaftServerConfigKeys (ConfUtils.java:logGet(46)) - raft.server.threadpool.client.size = 0 (default)
2024-09-10 06:20:05,731 INFO  server.RaftServerConfigKeys (ConfUtils.java:logGet(46)) - raft.server.storage.free-space.min = 0MB (=0) (default)
2024-09-10 06:20:05,731 INFO  server.RaftServerConfigKeys (ConfUtils.java:logGet(46)) - raft.server.log.corruption.policy = EXCEPTION (default)
2024-09-10 06:20:05,731 INFO  server.RaftServerConfigKeys (ConfUtils.java:logGet(46)) - raft.server.storage.dir = [/home/runner/work/ratis/ratis/ratis-examples/target/test/data/f624d035/MiniRaftClusterWithGrpc4aa2bfeb/s5] (custom)
2024-09-10 06:20:05,731 INFO  storage.RaftStorageDirectory (RaftStorageDirectoryImpl.java:analyzeStorage(138)) - The storage directory /home/runner/work/ratis/ratis/ratis-examples/target/test/data/f624d035/MiniRaftClusterWithGrpc4aa2bfeb/s5/746c2775-00df-41b8-9955-5d788f7a274c does not exist. Creating ...
2024-09-10 06:20:05,731 TRACE util.FileUtils (LogUtils.java:runAndLog(49)) - Successfully ran Files.createDirectories /home/runner/work/ratis/ratis/ratis-examples/target/test/data/f624d035/MiniRaftClusterWithGrpc4aa2bfeb/s5/746c2775-00df-41b8-9955-5d788f7a274c
2024-09-10 06:20:05,732 INFO  storage.RaftStorageDirectory (RaftStorageDirectoryImpl.java:tryLock(229)) - Lock on /home/runner/work/ratis/ratis/ratis-examples/target/test/data/f624d035/MiniRaftClusterWithGrpc4aa2bfeb/s5/746c2775-00df-41b8-9955-5d788f7a274c/in_use.lock acquired by nodename 13550@fv-az691-408
2024-09-10 06:20:05,732 TRACE util.FileUtils (LogUtils.java:runAndLog(49)) - Successfully ran Files.createDirectories /home/runner/work/ratis/ratis/ratis-examples/target/test/data/f624d035/MiniRaftClusterWithGrpc4aa2bfeb/s5/746c2775-00df-41b8-9955-5d788f7a274c/current
2024-09-10 06:20:05,732 TRACE util.FileUtils (LogUtils.java:runAndLog(49)) - Successfully ran Files.createDirectories /home/runner/work/ratis/ratis/ratis-examples/target/test/data/f624d035/MiniRaftClusterWithGrpc4aa2bfeb/s5/746c2775-00df-41b8-9955-5d788f7a274c/sm
2024-09-10 06:20:05,733 TRACE util.FileUtils (LogUtils.java:supplyAndLog(69)) - Successfully supplied FileChannel.open /home/runner/work/ratis/ratis/ratis-examples/target/test/data/f624d035/MiniRaftClusterWithGrpc4aa2bfeb/s5/746c2775-00df-41b8-9955-5d788f7a274c/current/raft-meta.tmp with options [CREATE, WRITE]: sun.nio.ch.FileChannelImpl@ed19d32
2024-09-10 06:20:05,734 TRACE util.FileUtils (LogUtils.java:runAndLog(49)) - Successfully ran Atomic Files.move /home/runner/work/ratis/ratis/ratis-examples/target/test/data/f624d035/MiniRaftClusterWithGrpc4aa2bfeb/s5/746c2775-00df-41b8-9955-5d788f7a274c/current/raft-meta.tmp to /home/runner/work/ratis/ratis/ratis-examples/target/test/data/f624d035/MiniRaftClusterWithGrpc4aa2bfeb/s5/746c2775-00df-41b8-9955-5d788f7a274c/current/raft-meta with options [REPLACE_EXISTING]
2024-09-10 06:20:05,734 INFO  storage.RaftStorage (RaftStorageImpl.java:format(98)) - Storage directory /home/runner/work/ratis/ratis/ratis-examples/target/test/data/f624d035/MiniRaftClusterWithGrpc4aa2bfeb/s5/746c2775-00df-41b8-9955-5d788f7a274c has been successfully formatted.
2024-09-10 06:20:05,734 WARN  statemachine.StateMachine (ArithmeticStateMachine.java:loadSnapshot(115)) - The snapshot info is null.
2024-09-10 06:20:05,734 INFO  server.RaftServerConfigKeys (ConfUtils.java:logGet(46)) - raft.server.log.use.memory = false (default)
2024-09-10 06:20:05,734 INFO  server.RaftServerConfigKeys (ConfUtils.java:logGet(46)) - raft.server.log.purge.gap = 1024 (default)
2024-09-10 06:20:05,734 INFO  server.RaftServerConfigKeys (ConfUtils.java:logGet(46)) - raft.server.log.appender.buffer.byte-limit = 4MB (=4194304) (default)
2024-09-10 06:20:05,734 INFO  server.RaftServerConfigKeys (ConfUtils.java:logGet(46)) - raft.server.log.statemachine.data.read.timeout = 1000ms (default)
2024-09-10 06:20:05,734 INFO  server.RaftServerConfigKeys (ConfUtils.java:logGet(46)) - raft.server.log.purge.preservation.log.num = 0 (default)
2024-09-10 06:20:05,734 INFO  server.RaftServerConfigKeys (ConfUtils.java:logGet(46)) - raft.server.log.segment.size.max = 32MB (=33554432) (default)
2024-09-10 06:20:05,735 INFO  server.RaftServerConfigKeys (ConfUtils.java:logGet(46)) - raft.server.log.segment.cache.num.max = 6 (default)
2024-09-10 06:20:05,735 INFO  server.RaftServerConfigKeys (ConfUtils.java:logGet(46)) - raft.server.log.segment.cache.size.max = 200MB (=209715200) (default)
2024-09-10 06:20:05,735 INFO  server.RaftServerConfigKeys (ConfUtils.java:logGet(46)) - raft.server.log.appender.buffer.byte-limit = 4MB (=4194304) (default)
2024-09-10 06:20:05,735 INFO  util.AwaitToRun (AwaitToRun.java:start(81)) - Thread[s5@group-5D788F7A274C-cacheEviction-AwaitToRun,5,main] started
2024-09-10 06:20:05,735 INFO  segmented.SegmentedRaftLogWorker (SegmentedRaftLogWorker.java:<init>(187)) - new s5@group-5D788F7A274C-SegmentedRaftLogWorker for RaftStorageImpl:Storage Directory /home/runner/work/ratis/ratis/ratis-examples/target/test/data/f624d035/MiniRaftClusterWithGrpc4aa2bfeb/s5/746c2775-00df-41b8-9955-5d788f7a274c
2024-09-10 06:20:05,735 INFO  server.RaftServerConfigKeys (ConfUtils.java:logGet(46)) - raft.server.log.queue.byte-limit = 64MB (=67108864) (default)
2024-09-10 06:20:05,735 INFO  server.RaftServerConfigKeys (ConfUtils.java:logGet(46)) - raft.server.log.queue.element-limit = 4096 (default)
2024-09-10 06:20:05,735 INFO  server.RaftServerConfigKeys (ConfUtils.java:logGet(46)) - raft.server.log.segment.size.max = 32MB (=33554432) (default)
2024-09-10 06:20:05,735 INFO  server.RaftServerConfigKeys (ConfUtils.java:logGet(46)) - raft.server.log.preallocated.size = 4MB (=4194304) (default)
2024-09-10 06:20:05,735 INFO  server.RaftServerConfigKeys (ConfUtils.java:logGet(46)) - raft.server.log.force.sync.num = 128 (default)
2024-09-10 06:20:05,736 INFO  server.RaftServerConfigKeys (ConfUtils.java:logGet(46)) - raft.server.log.statemachine.data.sync = true (default)
2024-09-10 06:20:05,736 INFO  server.RaftServerConfigKeys (ConfUtils.java:logGet(46)) - raft.server.log.statemachine.data.sync.timeout = 10s (default)
2024-09-10 06:20:05,736 INFO  server.RaftServerConfigKeys (ConfUtils.java:logGet(46)) - raft.server.log.statemachine.data.sync.timeout.retry = -1 (default)
2024-09-10 06:20:05,736 INFO  server.RaftServerConfigKeys (ConfUtils.java:logGet(46)) - raft.server.log.write.buffer.size = 8MB (=8388608) (default)
2024-09-10 06:20:05,736 INFO  server.RaftServerConfigKeys (ConfUtils.java:logGet(46)) - raft.server.log.appender.buffer.byte-limit = 4MB (=4194304) (default)
2024-09-10 06:20:05,736 INFO  server.RaftServerConfigKeys (ConfUtils.java:logGet(46)) - raft.server.log.unsafe-flush.enabled = false (default)
2024-09-10 06:20:05,736 INFO  server.RaftServerConfigKeys (ConfUtils.java:logGet(46)) - raft.server.log.async-flush.enabled = false (default)
2024-09-10 06:20:05,736 INFO  server.RaftServerConfigKeys (ConfUtils.java:logGet(46)) - raft.server.log.statemachine.data.caching.enabled = false (default)
2024-09-10 06:20:05,737 INFO  segmented.SegmentedRaftLogWorker (SegmentedRaftLogWorker.java:lambda$new$0(138)) - s5@group-5D788F7A274C-SegmentedRaftLogWorker: flushIndex: setUnconditionally 0 -> -1
2024-09-10 06:20:05,737 INFO  segmented.SegmentedRaftLogWorker (SegmentedRaftLogWorker.java:lambda$new$0(138)) - s5@group-5D788F7A274C-SegmentedRaftLogWorker: safeCacheEvictIndex: setUnconditionally 0 -> -1
2024-09-10 06:20:05,737 INFO  server.RaftServer$Division (RaftServerImpl.java:start(397)) - s5@group-5D788F7A274C: start with initializing state, conf=conf: {index: -1, cur=peers:[]|listeners:[], old=null}
2024-09-10 06:20:05,737 INFO  server.RaftServer$Division (RaftServerImpl.java:setRole(378)) - s5@group-5D788F7A274C: changes role from      null to FOLLOWER at term 0 for start
2024-09-10 06:20:05,737 INFO  util.JmxRegister (JmxRegister.java:tryRegister(44)) - Successfully registered JMX Bean with object name Ratis:service=RaftServer,group=group-5D788F7A274C,id=s5
2024-09-10 06:20:05,737 INFO  util.JmxRegister (JmxRegister.java:register(58)) - register mxBean class org.apache.ratis.server.impl.RaftServerJmxAdapter as Ratis:service=RaftServer,group=group-5D788F7A274C,id=s5
2024-09-10 06:20:05,737 INFO  server.RaftServerConfigKeys (ConfUtils.java:logGet(46)) - raft.server.snapshot.trigger-when-stop.enabled = true (default)
2024-09-10 06:20:05,737 INFO  server.RaftServerConfigKeys (ConfUtils.java:logGet(46)) - raft.server.snapshot.trigger-when-remove.enabled = true (default)
2024-09-10 06:20:05,737 INFO  server.RaftServerConfigKeys (ConfUtils.java:logGet(46)) - raft.server.snapshot.auto.trigger.enabled = false (default)
2024-09-10 06:20:05,737 INFO  server.RaftServerConfigKeys (ConfUtils.java:logGet(46)) - raft.server.snapshot.retention.file.num = -1 (default)
2024-09-10 06:20:05,737 INFO  server.RaftServerConfigKeys (ConfUtils.java:logGet(46)) - raft.server.log.purge.upto.snapshot.index = false (default)
2024-09-10 06:20:05,744 INFO  server.RaftServer (RaftServerProxy.java:addNew(101)) - s6: addNew group-5D788F7A274C:[] returns group-5D788F7A274C:java.util.concurrent.CompletableFuture@28ddecf0[Not completed]
2024-09-10 06:20:05,744 INFO  server.RaftServer$Division (RaftServerImpl.java:<init>(255)) - s6: new RaftServerImpl for group-5D788F7A274C:[] with ArithmeticStateMachine:uninitialized
2024-09-10 06:20:05,744 INFO  server.RaftServerConfigKeys (ConfUtils.java:logGet(46)) - raft.server.rpc.timeout.min = 300ms (custom)
2024-09-10 06:20:05,744 INFO  server.RaftServerConfigKeys (ConfUtils.java:logGet(46)) - raft.server.rpc.timeout.max = 600ms (custom)
2024-09-10 06:20:05,744 INFO  server.RaftServerConfigKeys (ConfUtils.java:logGet(46)) - raft.server.rpc.sleep.time = 25ms (default)
2024-09-10 06:20:05,744 INFO  server.RaftServerConfigKeys (ConfUtils.java:logGet(46)) - raft.server.rpc.slowness.timeout = 60s (default)
2024-09-10 06:20:05,744 INFO  server.RaftServerConfigKeys (ConfUtils.java:logGet(46)) - raft.server.leaderelection.leader.step-down.wait-time = 10s (default)
2024-09-10 06:20:05,744 INFO  server.RaftServerConfigKeys (ConfUtils.java:logGet(46)) - raft.server.leaderelection.member.majority-add = false (default)
2024-09-10 06:20:05,744 INFO  server.RaftServerConfigKeys (ConfUtils.java:logGet(46)) - raft.server.sleep.deviation.threshold = 300ms (default)
2024-09-10 06:20:05,744 INFO  server.RaftServer$Division (ServerState.java:<init>(114)) - s6@group-5D788F7A274C: ConfigurationManager, init=conf: {index: -1, cur=peers:[]|listeners:[], old=null}, confs=<EMPTY_MAP>
2024-09-10 06:20:05,744 INFO  server.RaftServerConfigKeys (ConfUtils.java:logGet(46)) - raft.server.notification.no-leader.timeout = 60s (default)
2024-09-10 06:20:05,744 INFO  server.RaftServerConfigKeys (ConfUtils.java:logGet(46)) - raft.server.read.timeout = 10s (default)
2024-09-10 06:20:05,744 INFO  server.RaftServerConfigKeys (ConfUtils.java:logGet(46)) - raft.server.retrycache.expirytime = 60s (default)
2024-09-10 06:20:05,744 INFO  server.RaftServerConfigKeys (ConfUtils.java:logGet(46)) - raft.server.retrycache.statistics.expirytime = 100ms (default)
2024-09-10 06:20:05,744 INFO  server.RaftServerConfigKeys (ConfUtils.java:logGet(46)) - raft.server.read.option = DEFAULT (default)
2024-09-10 06:20:05,744 INFO  server.RaftServerConfigKeys (ConfUtils.java:logGet(46)) - raft.server.read.read-after-write-consistent.write-index-cache.expiry-time = 60s (default)
2024-09-10 06:20:05,745 INFO  server.RaftServerConfigKeys (ConfUtils.java:logGet(46)) - raft.server.rpc.request.timeout = 3000ms (default)
2024-09-10 06:20:05,745 INFO  server.RaftServerConfigKeys (ConfUtils.java:logGet(46)) - raft.server.log.appender.install.snapshot.enabled = true (default)
2024-09-10 06:20:05,745 INFO  server.RaftServerConfigKeys (ConfUtils.java:logGet(46)) - raft.server.threadpool.server.cached = true (default)
2024-09-10 06:20:05,745 INFO  server.RaftServerConfigKeys (ConfUtils.java:logGet(46)) - raft.server.threadpool.server.size = 0 (default)
2024-09-10 06:20:05,745 INFO  server.RaftServerConfigKeys (ConfUtils.java:logGet(46)) - raft.server.threadpool.client.cached = true (default)
2024-09-10 06:20:05,745 INFO  server.RaftServerConfigKeys (ConfUtils.java:logGet(46)) - raft.server.threadpool.client.size = 0 (default)
2024-09-10 06:20:05,745 INFO  server.RaftServerConfigKeys (ConfUtils.java:logGet(46)) - raft.server.storage.free-space.min = 0MB (=0) (default)
2024-09-10 06:20:05,745 INFO  server.RaftServerConfigKeys (ConfUtils.java:logGet(46)) - raft.server.log.corruption.policy = EXCEPTION (default)
2024-09-10 06:20:05,745 INFO  server.RaftServerConfigKeys (ConfUtils.java:logGet(46)) - raft.server.storage.dir = [/home/runner/work/ratis/ratis/ratis-examples/target/test/data/f624d035/MiniRaftClusterWithGrpc4aa2bfeb/s6] (custom)
2024-09-10 06:20:05,745 INFO  storage.RaftStorageDirectory (RaftStorageDirectoryImpl.java:analyzeStorage(138)) - The storage directory /home/runner/work/ratis/ratis/ratis-examples/target/test/data/f624d035/MiniRaftClusterWithGrpc4aa2bfeb/s6/746c2775-00df-41b8-9955-5d788f7a274c does not exist. Creating ...
2024-09-10 06:20:05,745 TRACE util.FileUtils (LogUtils.java:runAndLog(49)) - Successfully ran Files.createDirectories /home/runner/work/ratis/ratis/ratis-examples/target/test/data/f624d035/MiniRaftClusterWithGrpc4aa2bfeb/s6/746c2775-00df-41b8-9955-5d788f7a274c
2024-09-10 06:20:05,746 INFO  storage.RaftStorageDirectory (RaftStorageDirectoryImpl.java:tryLock(229)) - Lock on /home/runner/work/ratis/ratis/ratis-examples/target/test/data/f624d035/MiniRaftClusterWithGrpc4aa2bfeb/s6/746c2775-00df-41b8-9955-5d788f7a274c/in_use.lock acquired by nodename 13550@fv-az691-408
2024-09-10 06:20:05,746 TRACE util.FileUtils (LogUtils.java:runAndLog(49)) - Successfully ran Files.createDirectories /home/runner/work/ratis/ratis/ratis-examples/target/test/data/f624d035/MiniRaftClusterWithGrpc4aa2bfeb/s6/746c2775-00df-41b8-9955-5d788f7a274c/current
2024-09-10 06:20:05,747 TRACE util.FileUtils (LogUtils.java:runAndLog(49)) - Successfully ran Files.createDirectories /home/runner/work/ratis/ratis/ratis-examples/target/test/data/f624d035/MiniRaftClusterWithGrpc4aa2bfeb/s6/746c2775-00df-41b8-9955-5d788f7a274c/sm
2024-09-10 06:20:05,747 TRACE util.FileUtils (LogUtils.java:supplyAndLog(69)) - Successfully supplied FileChannel.open /home/runner/work/ratis/ratis/ratis-examples/target/test/data/f624d035/MiniRaftClusterWithGrpc4aa2bfeb/s6/746c2775-00df-41b8-9955-5d788f7a274c/current/raft-meta.tmp with options [CREATE, WRITE]: sun.nio.ch.FileChannelImpl@34071c6f
2024-09-10 06:20:05,748 TRACE util.FileUtils (LogUtils.java:runAndLog(49)) - Successfully ran Atomic Files.move /home/runner/work/ratis/ratis/ratis-examples/target/test/data/f624d035/MiniRaftClusterWithGrpc4aa2bfeb/s6/746c2775-00df-41b8-9955-5d788f7a274c/current/raft-meta.tmp to /home/runner/work/ratis/ratis/ratis-examples/target/test/data/f624d035/MiniRaftClusterWithGrpc4aa2bfeb/s6/746c2775-00df-41b8-9955-5d788f7a274c/current/raft-meta with options [REPLACE_EXISTING]
2024-09-10 06:20:05,748 INFO  storage.RaftStorage (RaftStorageImpl.java:format(98)) - Storage directory /home/runner/work/ratis/ratis/ratis-examples/target/test/data/f624d035/MiniRaftClusterWithGrpc4aa2bfeb/s6/746c2775-00df-41b8-9955-5d788f7a274c has been successfully formatted.
2024-09-10 06:20:05,748 WARN  statemachine.StateMachine (ArithmeticStateMachine.java:loadSnapshot(115)) - The snapshot info is null.
2024-09-10 06:20:05,748 INFO  server.RaftServerConfigKeys (ConfUtils.java:logGet(46)) - raft.server.log.use.memory = false (default)
2024-09-10 06:20:05,748 INFO  server.RaftServerConfigKeys (ConfUtils.java:logGet(46)) - raft.server.log.purge.gap = 1024 (default)
2024-09-10 06:20:05,748 INFO  server.RaftServerConfigKeys (ConfUtils.java:logGet(46)) - raft.server.log.appender.buffer.byte-limit = 4MB (=4194304) (default)
2024-09-10 06:20:05,748 INFO  server.RaftServerConfigKeys (ConfUtils.java:logGet(46)) - raft.server.log.statemachine.data.read.timeout = 1000ms (default)
2024-09-10 06:20:05,748 INFO  server.RaftServerConfigKeys (ConfUtils.java:logGet(46)) - raft.server.log.purge.preservation.log.num = 0 (default)
2024-09-10 06:20:05,749 INFO  server.RaftServerConfigKeys (ConfUtils.java:logGet(46)) - raft.server.log.segment.size.max = 32MB (=33554432) (default)
2024-09-10 06:20:05,749 INFO  server.RaftServerConfigKeys (ConfUtils.java:logGet(46)) - raft.server.log.segment.cache.num.max = 6 (default)
2024-09-10 06:20:05,749 INFO  server.RaftServerConfigKeys (ConfUtils.java:logGet(46)) - raft.server.log.segment.cache.size.max = 200MB (=209715200) (default)
2024-09-10 06:20:05,749 INFO  server.RaftServerConfigKeys (ConfUtils.java:logGet(46)) - raft.server.log.appender.buffer.byte-limit = 4MB (=4194304) (default)
2024-09-10 06:20:05,749 INFO  util.AwaitToRun (AwaitToRun.java:start(81)) - Thread[s6@group-5D788F7A274C-cacheEviction-AwaitToRun,5,main] started
2024-09-10 06:20:05,749 INFO  segmented.SegmentedRaftLogWorker (SegmentedRaftLogWorker.java:<init>(187)) - new s6@group-5D788F7A274C-SegmentedRaftLogWorker for RaftStorageImpl:Storage Directory /home/runner/work/ratis/ratis/ratis-examples/target/test/data/f624d035/MiniRaftClusterWithGrpc4aa2bfeb/s6/746c2775-00df-41b8-9955-5d788f7a274c
2024-09-10 06:20:05,749 INFO  server.RaftServerConfigKeys (ConfUtils.java:logGet(46)) - raft.server.log.queue.byte-limit = 64MB (=67108864) (default)
2024-09-10 06:20:05,749 INFO  server.RaftServerConfigKeys (ConfUtils.java:logGet(46)) - raft.server.log.queue.element-limit = 4096 (default)
2024-09-10 06:20:05,749 INFO  server.RaftServerConfigKeys (ConfUtils.java:logGet(46)) - raft.server.log.segment.size.max = 32MB (=33554432) (default)
2024-09-10 06:20:05,749 INFO  server.RaftServerConfigKeys (ConfUtils.java:logGet(46)) - raft.server.log.preallocated.size = 4MB (=4194304) (default)
2024-09-10 06:20:05,750 INFO  server.RaftServerConfigKeys (ConfUtils.java:logGet(46)) - raft.server.log.force.sync.num = 128 (default)
2024-09-10 06:20:05,750 INFO  server.RaftServerConfigKeys (ConfUtils.java:logGet(46)) - raft.server.log.statemachine.data.sync = true (default)
2024-09-10 06:20:05,750 INFO  server.RaftServerConfigKeys (ConfUtils.java:logGet(46)) - raft.server.log.statemachine.data.sync.timeout = 10s (default)
2024-09-10 06:20:05,750 INFO  server.RaftServerConfigKeys (ConfUtils.java:logGet(46)) - raft.server.log.statemachine.data.sync.timeout.retry = -1 (default)
2024-09-10 06:20:05,750 INFO  server.RaftServerConfigKeys (ConfUtils.java:logGet(46)) - raft.server.log.write.buffer.size = 8MB (=8388608) (default)
2024-09-10 06:20:05,750 INFO  server.RaftServerConfigKeys (ConfUtils.java:logGet(46)) - raft.server.log.appender.buffer.byte-limit = 4MB (=4194304) (default)
2024-09-10 06:20:05,750 INFO  server.RaftServerConfigKeys (ConfUtils.java:logGet(46)) - raft.server.log.unsafe-flush.enabled = false (default)
2024-09-10 06:20:05,750 INFO  server.RaftServerConfigKeys (ConfUtils.java:logGet(46)) - raft.server.log.async-flush.enabled = false (default)
2024-09-10 06:20:05,751 INFO  server.RaftServerConfigKeys (ConfUtils.java:logGet(46)) - raft.server.log.statemachine.data.caching.enabled = false (default)
2024-09-10 06:20:05,751 INFO  segmented.SegmentedRaftLogWorker (SegmentedRaftLogWorker.java:lambda$new$0(138)) - s6@group-5D788F7A274C-SegmentedRaftLogWorker: flushIndex: setUnconditionally 0 -> -1
2024-09-10 06:20:05,751 INFO  segmented.SegmentedRaftLogWorker (SegmentedRaftLogWorker.java:lambda$new$0(138)) - s6@group-5D788F7A274C-SegmentedRaftLogWorker: safeCacheEvictIndex: setUnconditionally 0 -> -1
2024-09-10 06:20:05,751 INFO  server.RaftServer$Division (RaftServerImpl.java:start(397)) - s6@group-5D788F7A274C: start with initializing state, conf=conf: {index: -1, cur=peers:[]|listeners:[], old=null}
2024-09-10 06:20:05,751 INFO  server.RaftServer$Division (RaftServerImpl.java:setRole(378)) - s6@group-5D788F7A274C: changes role from      null to FOLLOWER at term 0 for start
2024-09-10 06:20:05,751 INFO  util.JmxRegister (JmxRegister.java:tryRegister(44)) - Successfully registered JMX Bean with object name Ratis:service=RaftServer,group=group-5D788F7A274C,id=s6
2024-09-10 06:20:05,751 INFO  util.JmxRegister (JmxRegister.java:register(58)) - register mxBean class org.apache.ratis.server.impl.RaftServerJmxAdapter as Ratis:service=RaftServer,group=group-5D788F7A274C,id=s6
2024-09-10 06:20:05,751 INFO  server.RaftServerConfigKeys (ConfUtils.java:logGet(46)) - raft.server.snapshot.trigger-when-stop.enabled = true (default)
2024-09-10 06:20:05,751 INFO  server.RaftServerConfigKeys (ConfUtils.java:logGet(46)) - raft.server.snapshot.trigger-when-remove.enabled = true (default)
2024-09-10 06:20:05,751 INFO  server.RaftServerConfigKeys (ConfUtils.java:logGet(46)) - raft.server.snapshot.auto.trigger.enabled = false (default)
2024-09-10 06:20:05,751 INFO  server.RaftServerConfigKeys (ConfUtils.java:logGet(46)) - raft.server.snapshot.retention.file.num = -1 (default)
2024-09-10 06:20:05,752 INFO  server.RaftServerConfigKeys (ConfUtils.java:logGet(46)) - raft.server.log.purge.upto.snapshot.index = false (default)
2024-09-10 06:20:05,754 INFO  impl.GroupManagementBaseTest (GroupManagementBaseTest.java:runMultiGroupTest(322)) - 4) groupAdd: printing group-6D3E3F15100A
2024-09-10 06:20:05,757 INFO  server.RaftServer (RaftServerProxy.java:addNew(101)) - s7: addNew group-5D788F7A274C:[] returns group-5D788F7A274C:java.util.concurrent.CompletableFuture@3d0bc353[Not completed]
2024-09-10 06:20:05,757 INFO  server.RaftServer$Division (RaftServerImpl.java:<init>(255)) - s7: new RaftServerImpl for group-5D788F7A274C:[] with ArithmeticStateMachine:uninitialized
2024-09-10 06:20:05,758 INFO  server.RaftServerConfigKeys (ConfUtils.java:logGet(46)) - raft.server.rpc.timeout.min = 300ms (custom)
2024-09-10 06:20:05,758 INFO  server.RaftServerConfigKeys (ConfUtils.java:logGet(46)) - raft.server.rpc.timeout.max = 600ms (custom)
2024-09-10 06:20:05,758 INFO  server.RaftServerConfigKeys (ConfUtils.java:logGet(46)) - raft.server.rpc.sleep.time = 25ms (default)
2024-09-10 06:20:05,758 INFO  server.RaftServerConfigKeys (ConfUtils.java:logGet(46)) - raft.server.rpc.slowness.timeout = 60s (default)
2024-09-10 06:20:05,758 INFO  server.RaftServerConfigKeys (ConfUtils.java:logGet(46)) - raft.server.leaderelection.leader.step-down.wait-time = 10s (default)
2024-09-10 06:20:05,758 INFO  server.RaftServerConfigKeys (ConfUtils.java:logGet(46)) - raft.server.leaderelection.member.majority-add = false (default)
2024-09-10 06:20:05,758 INFO  server.RaftServerConfigKeys (ConfUtils.java:logGet(46)) - raft.server.sleep.deviation.threshold = 300ms (default)
2024-09-10 06:20:05,758 INFO  server.RaftServer$Division (ServerState.java:<init>(114)) - s7@group-5D788F7A274C: ConfigurationManager, init=conf: {index: -1, cur=peers:[]|listeners:[], old=null}, confs=<EMPTY_MAP>
2024-09-10 06:20:05,758 INFO  server.RaftServerConfigKeys (ConfUtils.java:logGet(46)) - raft.server.notification.no-leader.timeout = 60s (default)
2024-09-10 06:20:05,758 INFO  server.RaftServerConfigKeys (ConfUtils.java:logGet(46)) - raft.server.read.timeout = 10s (default)
2024-09-10 06:20:05,758 INFO  server.RaftServerConfigKeys (ConfUtils.java:logGet(46)) - raft.server.retrycache.expirytime = 60s (default)
2024-09-10 06:20:05,758 INFO  server.RaftServerConfigKeys (ConfUtils.java:logGet(46)) - raft.server.retrycache.statistics.expirytime = 100ms (default)
2024-09-10 06:20:05,758 INFO  server.RaftServerConfigKeys (ConfUtils.java:logGet(46)) - raft.server.read.option = DEFAULT (default)
2024-09-10 06:20:05,758 INFO  server.RaftServerConfigKeys (ConfUtils.java:logGet(46)) - raft.server.read.read-after-write-consistent.write-index-cache.expiry-time = 60s (default)
2024-09-10 06:20:05,759 INFO  server.RaftServerConfigKeys (ConfUtils.java:logGet(46)) - raft.server.rpc.request.timeout = 3000ms (default)
2024-09-10 06:20:05,759 INFO  server.RaftServerConfigKeys (ConfUtils.java:logGet(46)) - raft.server.log.appender.install.snapshot.enabled = true (default)
2024-09-10 06:20:05,759 INFO  server.RaftServerConfigKeys (ConfUtils.java:logGet(46)) - raft.server.threadpool.server.cached = true (default)
2024-09-10 06:20:05,759 INFO  server.RaftServerConfigKeys (ConfUtils.java:logGet(46)) - raft.server.threadpool.server.size = 0 (default)
2024-09-10 06:20:05,759 INFO  server.RaftServerConfigKeys (ConfUtils.java:logGet(46)) - raft.server.threadpool.client.cached = true (default)
2024-09-10 06:20:05,759 INFO  server.RaftServerConfigKeys (ConfUtils.java:logGet(46)) - raft.server.threadpool.client.size = 0 (default)
2024-09-10 06:20:05,759 INFO  server.RaftServerConfigKeys (ConfUtils.java:logGet(46)) - raft.server.storage.free-space.min = 0MB (=0) (default)
2024-09-10 06:20:05,759 INFO  server.RaftServerConfigKeys (ConfUtils.java:logGet(46)) - raft.server.log.corruption.policy = EXCEPTION (default)
2024-09-10 06:20:05,759 INFO  server.RaftServerConfigKeys (ConfUtils.java:logGet(46)) - raft.server.storage.dir = [/home/runner/work/ratis/ratis/ratis-examples/target/test/data/f624d035/MiniRaftClusterWithGrpc4aa2bfeb/s7] (custom)
2024-09-10 06:20:05,760 INFO  storage.RaftStorageDirectory (RaftStorageDirectoryImpl.java:analyzeStorage(138)) - The storage directory /home/runner/work/ratis/ratis/ratis-examples/target/test/data/f624d035/MiniRaftClusterWithGrpc4aa2bfeb/s7/746c2775-00df-41b8-9955-5d788f7a274c does not exist. Creating ...
2024-09-10 06:20:05,760 TRACE util.FileUtils (LogUtils.java:runAndLog(49)) - Successfully ran Files.createDirectories /home/runner/work/ratis/ratis/ratis-examples/target/test/data/f624d035/MiniRaftClusterWithGrpc4aa2bfeb/s7/746c2775-00df-41b8-9955-5d788f7a274c
2024-09-10 06:20:05,761 INFO  storage.RaftStorageDirectory (RaftStorageDirectoryImpl.java:tryLock(229)) - Lock on /home/runner/work/ratis/ratis/ratis-examples/target/test/data/f624d035/MiniRaftClusterWithGrpc4aa2bfeb/s7/746c2775-00df-41b8-9955-5d788f7a274c/in_use.lock acquired by nodename 13550@fv-az691-408
2024-09-10 06:20:05,761 TRACE util.FileUtils (LogUtils.java:runAndLog(49)) - Successfully ran Files.createDirectories /home/runner/work/ratis/ratis/ratis-examples/target/test/data/f624d035/MiniRaftClusterWithGrpc4aa2bfeb/s7/746c2775-00df-41b8-9955-5d788f7a274c/current
2024-09-10 06:20:05,761 TRACE util.FileUtils (LogUtils.java:runAndLog(49)) - Successfully ran Files.createDirectories /home/runner/work/ratis/ratis/ratis-examples/target/test/data/f624d035/MiniRaftClusterWithGrpc4aa2bfeb/s7/746c2775-00df-41b8-9955-5d788f7a274c/sm
2024-09-10 06:20:05,761 TRACE util.FileUtils (LogUtils.java:supplyAndLog(69)) - Successfully supplied FileChannel.open /home/runner/work/ratis/ratis/ratis-examples/target/test/data/f624d035/MiniRaftClusterWithGrpc4aa2bfeb/s7/746c2775-00df-41b8-9955-5d788f7a274c/current/raft-meta.tmp with options [CREATE, WRITE]: sun.nio.ch.FileChannelImpl@59050371
2024-09-10 06:20:05,763 TRACE util.FileUtils (LogUtils.java:runAndLog(49)) - Successfully ran Atomic Files.move /home/runner/work/ratis/ratis/ratis-examples/target/test/data/f624d035/MiniRaftClusterWithGrpc4aa2bfeb/s7/746c2775-00df-41b8-9955-5d788f7a274c/current/raft-meta.tmp to /home/runner/work/ratis/ratis/ratis-examples/target/test/data/f624d035/MiniRaftClusterWithGrpc4aa2bfeb/s7/746c2775-00df-41b8-9955-5d788f7a274c/current/raft-meta with options [REPLACE_EXISTING]
2024-09-10 06:20:05,763 INFO  storage.RaftStorage (RaftStorageImpl.java:format(98)) - Storage directory /home/runner/work/ratis/ratis/ratis-examples/target/test/data/f624d035/MiniRaftClusterWithGrpc4aa2bfeb/s7/746c2775-00df-41b8-9955-5d788f7a274c has been successfully formatted.
2024-09-10 06:20:05,763 WARN  statemachine.StateMachine (ArithmeticStateMachine.java:loadSnapshot(115)) - The snapshot info is null.
2024-09-10 06:20:05,763 INFO  server.RaftServerConfigKeys (ConfUtils.java:logGet(46)) - raft.server.log.use.memory = false (default)
2024-09-10 06:20:05,763 INFO  server.RaftServerConfigKeys (ConfUtils.java:logGet(46)) - raft.server.log.purge.gap = 1024 (default)
2024-09-10 06:20:05,763 INFO  server.RaftServerConfigKeys (ConfUtils.java:logGet(46)) - raft.server.log.appender.buffer.byte-limit = 4MB (=4194304) (default)
2024-09-10 06:20:05,763 INFO  server.RaftServerConfigKeys (ConfUtils.java:logGet(46)) - raft.server.log.statemachine.data.read.timeout = 1000ms (default)
2024-09-10 06:20:05,763 INFO  server.RaftServerConfigKeys (ConfUtils.java:logGet(46)) - raft.server.log.purge.preservation.log.num = 0 (default)
2024-09-10 06:20:05,763 INFO  server.RaftServerConfigKeys (ConfUtils.java:logGet(46)) - raft.server.log.segment.size.max = 32MB (=33554432) (default)
2024-09-10 06:20:05,763 INFO  server.RaftServerConfigKeys (ConfUtils.java:logGet(46)) - raft.server.log.segment.cache.num.max = 6 (default)
2024-09-10 06:20:05,764 INFO  server.RaftServerConfigKeys (ConfUtils.java:logGet(46)) - raft.server.log.segment.cache.size.max = 200MB (=209715200) (default)
2024-09-10 06:20:05,764 INFO  server.RaftServerConfigKeys (ConfUtils.java:logGet(46)) - raft.server.log.appender.buffer.byte-limit = 4MB (=4194304) (default)
2024-09-10 06:20:05,764 INFO  util.AwaitToRun (AwaitToRun.java:start(81)) - Thread[s7@group-5D788F7A274C-cacheEviction-AwaitToRun,5,main] started
2024-09-10 06:20:05,764 INFO  segmented.SegmentedRaftLogWorker (SegmentedRaftLogWorker.java:<init>(187)) - new s7@group-5D788F7A274C-SegmentedRaftLogWorker for RaftStorageImpl:Storage Directory /home/runner/work/ratis/ratis/ratis-examples/target/test/data/f624d035/MiniRaftClusterWithGrpc4aa2bfeb/s7/746c2775-00df-41b8-9955-5d788f7a274c
2024-09-10 06:20:05,764 INFO  server.RaftServerConfigKeys (ConfUtils.java:logGet(46)) - raft.server.log.queue.byte-limit = 64MB (=67108864) (default)
2024-09-10 06:20:05,764 INFO  server.RaftServerConfigKeys (ConfUtils.java:logGet(46)) - raft.server.log.queue.element-limit = 4096 (default)
2024-09-10 06:20:05,764 INFO  server.RaftServerConfigKeys (ConfUtils.java:logGet(46)) - raft.server.log.segment.size.max = 32MB (=33554432) (default)
2024-09-10 06:20:05,764 INFO  server.RaftServerConfigKeys (ConfUtils.java:logGet(46)) - raft.server.log.preallocated.size = 4MB (=4194304) (default)
2024-09-10 06:20:05,764 INFO  server.RaftServerConfigKeys (ConfUtils.java:logGet(46)) - raft.server.log.force.sync.num = 128 (default)
2024-09-10 06:20:05,764 INFO  server.RaftServerConfigKeys (ConfUtils.java:logGet(46)) - raft.server.log.statemachine.data.sync = true (default)
2024-09-10 06:20:05,764 INFO  server.RaftServerConfigKeys (ConfUtils.java:logGet(46)) - raft.server.log.statemachine.data.sync.timeout = 10s (default)
2024-09-10 06:20:05,764 INFO  server.RaftServerConfigKeys (ConfUtils.java:logGet(46)) - raft.server.log.statemachine.data.sync.timeout.retry = -1 (default)
2024-09-10 06:20:05,765 INFO  server.RaftServerConfigKeys (ConfUtils.java:logGet(46)) - raft.server.log.write.buffer.size = 8MB (=8388608) (default)
2024-09-10 06:20:05,765 INFO  server.RaftServerConfigKeys (ConfUtils.java:logGet(46)) - raft.server.log.appender.buffer.byte-limit = 4MB (=4194304) (default)
2024-09-10 06:20:05,765 INFO  server.RaftServerConfigKeys (ConfUtils.java:logGet(46)) - raft.server.log.unsafe-flush.enabled = false (default)
2024-09-10 06:20:05,765 INFO  server.RaftServerConfigKeys (ConfUtils.java:logGet(46)) - raft.server.log.async-flush.enabled = false (default)
2024-09-10 06:20:05,765 INFO  server.RaftServerConfigKeys (ConfUtils.java:logGet(46)) - raft.server.log.statemachine.data.caching.enabled = false (default)
2024-09-10 06:20:05,765 INFO  segmented.SegmentedRaftLogWorker (SegmentedRaftLogWorker.java:lambda$new$0(138)) - s7@group-5D788F7A274C-SegmentedRaftLogWorker: flushIndex: setUnconditionally 0 -> -1
2024-09-10 06:20:05,765 INFO  segmented.SegmentedRaftLogWorker (SegmentedRaftLogWorker.java:lambda$new$0(138)) - s7@group-5D788F7A274C-SegmentedRaftLogWorker: safeCacheEvictIndex: setUnconditionally 0 -> -1
2024-09-10 06:20:05,766 INFO  server.RaftServer$Division (RaftServerImpl.java:start(397)) - s7@group-5D788F7A274C: start with initializing state, conf=conf: {index: -1, cur=peers:[]|listeners:[], old=null}
2024-09-10 06:20:05,766 INFO  server.RaftServer$Division (RaftServerImpl.java:setRole(378)) - s7@group-5D788F7A274C: changes role from      null to FOLLOWER at term 0 for start
2024-09-10 06:20:05,766 INFO  util.JmxRegister (JmxRegister.java:tryRegister(44)) - Successfully registered JMX Bean with object name Ratis:service=RaftServer,group=group-5D788F7A274C,id=s7
2024-09-10 06:20:05,766 INFO  util.JmxRegister (JmxRegister.java:register(58)) - register mxBean class org.apache.ratis.server.impl.RaftServerJmxAdapter as Ratis:service=RaftServer,group=group-5D788F7A274C,id=s7
2024-09-10 06:20:05,766 INFO  server.RaftServerConfigKeys (ConfUtils.java:logGet(46)) - raft.server.snapshot.trigger-when-stop.enabled = true (default)
2024-09-10 06:20:05,766 INFO  server.RaftServerConfigKeys (ConfUtils.java:logGet(46)) - raft.server.snapshot.trigger-when-remove.enabled = true (default)
2024-09-10 06:20:05,766 INFO  server.RaftServerConfigKeys (ConfUtils.java:logGet(46)) - raft.server.snapshot.auto.trigger.enabled = false (default)
2024-09-10 06:20:05,766 INFO  server.RaftServerConfigKeys (ConfUtils.java:logGet(46)) - raft.server.snapshot.retention.file.num = -1 (default)
2024-09-10 06:20:05,766 INFO  server.RaftServerConfigKeys (ConfUtils.java:logGet(46)) - raft.server.log.purge.upto.snapshot.index = false (default)
2024-09-10 06:20:05,771 INFO  server.RaftServer (RaftServerProxy.java:addNew(101)) - s8: addNew group-5D788F7A274C:[] returns group-5D788F7A274C:java.util.concurrent.CompletableFuture@631a0219[Not completed]
2024-09-10 06:20:05,771 INFO  server.RaftServer$Division (RaftServerImpl.java:<init>(255)) - s8: new RaftServerImpl for group-5D788F7A274C:[] with ArithmeticStateMachine:uninitialized
2024-09-10 06:20:05,771 INFO  server.RaftServerConfigKeys (ConfUtils.java:logGet(46)) - raft.server.rpc.timeout.min = 300ms (custom)
2024-09-10 06:20:05,772 INFO  server.RaftServerConfigKeys (ConfUtils.java:logGet(46)) - raft.server.rpc.timeout.max = 600ms (custom)
2024-09-10 06:20:05,772 INFO  server.RaftServerConfigKeys (ConfUtils.java:logGet(46)) - raft.server.rpc.sleep.time = 25ms (default)
2024-09-10 06:20:05,772 INFO  server.RaftServerConfigKeys (ConfUtils.java:logGet(46)) - raft.server.rpc.slowness.timeout = 60s (default)
2024-09-10 06:20:05,772 INFO  server.RaftServerConfigKeys (ConfUtils.java:logGet(46)) - raft.server.leaderelection.leader.step-down.wait-time = 10s (default)
2024-09-10 06:20:05,772 INFO  server.RaftServerConfigKeys (ConfUtils.java:logGet(46)) - raft.server.leaderelection.member.majority-add = false (default)
2024-09-10 06:20:05,772 INFO  server.RaftServerConfigKeys (ConfUtils.java:logGet(46)) - raft.server.sleep.deviation.threshold = 300ms (default)
2024-09-10 06:20:05,772 INFO  server.RaftServer$Division (ServerState.java:<init>(114)) - s8@group-5D788F7A274C: ConfigurationManager, init=conf: {index: -1, cur=peers:[]|listeners:[], old=null}, confs=<EMPTY_MAP>
2024-09-10 06:20:05,772 INFO  server.RaftServerConfigKeys (ConfUtils.java:logGet(46)) - raft.server.notification.no-leader.timeout = 60s (default)
2024-09-10 06:20:05,772 INFO  server.RaftServerConfigKeys (ConfUtils.java:logGet(46)) - raft.server.read.timeout = 10s (default)
2024-09-10 06:20:05,772 INFO  server.RaftServerConfigKeys (ConfUtils.java:logGet(46)) - raft.server.retrycache.expirytime = 60s (default)
2024-09-10 06:20:05,772 INFO  server.RaftServerConfigKeys (ConfUtils.java:logGet(46)) - raft.server.retrycache.statistics.expirytime = 100ms (default)
2024-09-10 06:20:05,772 INFO  server.RaftServerConfigKeys (ConfUtils.java:logGet(46)) - raft.server.read.option = DEFAULT (default)
2024-09-10 06:20:05,772 INFO  server.RaftServerConfigKeys (ConfUtils.java:logGet(46)) - raft.server.read.read-after-write-consistent.write-index-cache.expiry-time = 60s (default)
2024-09-10 06:20:05,773 INFO  server.RaftServerConfigKeys (ConfUtils.java:logGet(46)) - raft.server.rpc.request.timeout = 3000ms (default)
2024-09-10 06:20:05,773 INFO  server.RaftServerConfigKeys (ConfUtils.java:logGet(46)) - raft.server.log.appender.install.snapshot.enabled = true (default)
2024-09-10 06:20:05,773 INFO  server.RaftServerConfigKeys (ConfUtils.java:logGet(46)) - raft.server.threadpool.server.cached = true (default)
2024-09-10 06:20:05,773 INFO  server.RaftServerConfigKeys (ConfUtils.java:logGet(46)) - raft.server.threadpool.server.size = 0 (default)
2024-09-10 06:20:05,773 INFO  server.RaftServerConfigKeys (ConfUtils.java:logGet(46)) - raft.server.threadpool.client.cached = true (default)
2024-09-10 06:20:05,773 INFO  server.RaftServerConfigKeys (ConfUtils.java:logGet(46)) - raft.server.threadpool.client.size = 0 (default)
2024-09-10 06:20:05,773 INFO  server.RaftServerConfigKeys (ConfUtils.java:logGet(46)) - raft.server.storage.free-space.min = 0MB (=0) (default)
2024-09-10 06:20:05,773 INFO  server.RaftServerConfigKeys (ConfUtils.java:logGet(46)) - raft.server.log.corruption.policy = EXCEPTION (default)
2024-09-10 06:20:05,773 INFO  server.RaftServerConfigKeys (ConfUtils.java:logGet(46)) - raft.server.storage.dir = [/home/runner/work/ratis/ratis/ratis-examples/target/test/data/f624d035/MiniRaftClusterWithGrpc4aa2bfeb/s8] (custom)
2024-09-10 06:20:05,774 INFO  storage.RaftStorageDirectory (RaftStorageDirectoryImpl.java:analyzeStorage(138)) - The storage directory /home/runner/work/ratis/ratis/ratis-examples/target/test/data/f624d035/MiniRaftClusterWithGrpc4aa2bfeb/s8/746c2775-00df-41b8-9955-5d788f7a274c does not exist. Creating ...
2024-09-10 06:20:05,774 TRACE util.FileUtils (LogUtils.java:runAndLog(49)) - Successfully ran Files.createDirectories /home/runner/work/ratis/ratis/ratis-examples/target/test/data/f624d035/MiniRaftClusterWithGrpc4aa2bfeb/s8/746c2775-00df-41b8-9955-5d788f7a274c
2024-09-10 06:20:05,775 INFO  storage.RaftStorageDirectory (RaftStorageDirectoryImpl.java:tryLock(229)) - Lock on /home/runner/work/ratis/ratis/ratis-examples/target/test/data/f624d035/MiniRaftClusterWithGrpc4aa2bfeb/s8/746c2775-00df-41b8-9955-5d788f7a274c/in_use.lock acquired by nodename 13550@fv-az691-408
2024-09-10 06:20:05,775 TRACE util.FileUtils (LogUtils.java:runAndLog(49)) - Successfully ran Files.createDirectories /home/runner/work/ratis/ratis/ratis-examples/target/test/data/f624d035/MiniRaftClusterWithGrpc4aa2bfeb/s8/746c2775-00df-41b8-9955-5d788f7a274c/current
2024-09-10 06:20:05,775 TRACE util.FileUtils (LogUtils.java:runAndLog(49)) - Successfully ran Files.createDirectories /home/runner/work/ratis/ratis/ratis-examples/target/test/data/f624d035/MiniRaftClusterWithGrpc4aa2bfeb/s8/746c2775-00df-41b8-9955-5d788f7a274c/sm
2024-09-10 06:20:05,776 TRACE util.FileUtils (LogUtils.java:supplyAndLog(69)) - Successfully supplied FileChannel.open /home/runner/work/ratis/ratis/ratis-examples/target/test/data/f624d035/MiniRaftClusterWithGrpc4aa2bfeb/s8/746c2775-00df-41b8-9955-5d788f7a274c/current/raft-meta.tmp with options [CREATE, WRITE]: sun.nio.ch.FileChannelImpl@2b4cb0ba
2024-09-10 06:20:05,776 TRACE util.FileUtils (LogUtils.java:runAndLog(49)) - Successfully ran Atomic Files.move /home/runner/work/ratis/ratis/ratis-examples/target/test/data/f624d035/MiniRaftClusterWithGrpc4aa2bfeb/s8/746c2775-00df-41b8-9955-5d788f7a274c/current/raft-meta.tmp to /home/runner/work/ratis/ratis/ratis-examples/target/test/data/f624d035/MiniRaftClusterWithGrpc4aa2bfeb/s8/746c2775-00df-41b8-9955-5d788f7a274c/current/raft-meta with options [REPLACE_EXISTING]
2024-09-10 06:20:05,777 INFO  storage.RaftStorage (RaftStorageImpl.java:format(98)) - Storage directory /home/runner/work/ratis/ratis/ratis-examples/target/test/data/f624d035/MiniRaftClusterWithGrpc4aa2bfeb/s8/746c2775-00df-41b8-9955-5d788f7a274c has been successfully formatted.
2024-09-10 06:20:05,777 WARN  statemachine.StateMachine (ArithmeticStateMachine.java:loadSnapshot(115)) - The snapshot info is null.
2024-09-10 06:20:05,777 INFO  server.RaftServerConfigKeys (ConfUtils.java:logGet(46)) - raft.server.log.use.memory = false (default)
2024-09-10 06:20:05,777 INFO  server.RaftServerConfigKeys (ConfUtils.java:logGet(46)) - raft.server.log.purge.gap = 1024 (default)
2024-09-10 06:20:05,777 INFO  server.RaftServerConfigKeys (ConfUtils.java:logGet(46)) - raft.server.log.appender.buffer.byte-limit = 4MB (=4194304) (default)
2024-09-10 06:20:05,777 INFO  server.RaftServerConfigKeys (ConfUtils.java:logGet(46)) - raft.server.log.statemachine.data.read.timeout = 1000ms (default)
2024-09-10 06:20:05,777 INFO  server.RaftServerConfigKeys (ConfUtils.java:logGet(46)) - raft.server.log.purge.preservation.log.num = 0 (default)
2024-09-10 06:20:05,778 INFO  server.RaftServerConfigKeys (ConfUtils.java:logGet(46)) - raft.server.log.segment.size.max = 32MB (=33554432) (default)
2024-09-10 06:20:05,778 INFO  server.RaftServerConfigKeys (ConfUtils.java:logGet(46)) - raft.server.log.segment.cache.num.max = 6 (default)
2024-09-10 06:20:05,778 INFO  server.RaftServerConfigKeys (ConfUtils.java:logGet(46)) - raft.server.log.segment.cache.size.max = 200MB (=209715200) (default)
2024-09-10 06:20:05,778 INFO  server.RaftServerConfigKeys (ConfUtils.java:logGet(46)) - raft.server.log.appender.buffer.byte-limit = 4MB (=4194304) (default)
2024-09-10 06:20:05,778 INFO  util.AwaitToRun (AwaitToRun.java:start(81)) - Thread[s8@group-5D788F7A274C-cacheEviction-AwaitToRun,5,main] started
2024-09-10 06:20:05,778 INFO  segmented.SegmentedRaftLogWorker (SegmentedRaftLogWorker.java:<init>(187)) - new s8@group-5D788F7A274C-SegmentedRaftLogWorker for RaftStorageImpl:Storage Directory /home/runner/work/ratis/ratis/ratis-examples/target/test/data/f624d035/MiniRaftClusterWithGrpc4aa2bfeb/s8/746c2775-00df-41b8-9955-5d788f7a274c
2024-09-10 06:20:05,778 INFO  server.RaftServerConfigKeys (ConfUtils.java:logGet(46)) - raft.server.log.queue.byte-limit = 64MB (=67108864) (default)
2024-09-10 06:20:05,778 INFO  server.RaftServerConfigKeys (ConfUtils.java:logGet(46)) - raft.server.log.queue.element-limit = 4096 (default)
2024-09-10 06:20:05,778 INFO  server.RaftServerConfigKeys (ConfUtils.java:logGet(46)) - raft.server.log.segment.size.max = 32MB (=33554432) (default)
2024-09-10 06:20:05,778 INFO  server.RaftServerConfigKeys (ConfUtils.java:logGet(46)) - raft.server.log.preallocated.size = 4MB (=4194304) (default)
2024-09-10 06:20:05,778 INFO  server.RaftServerConfigKeys (ConfUtils.java:logGet(46)) - raft.server.log.force.sync.num = 128 (default)
2024-09-10 06:20:05,779 INFO  server.RaftServerConfigKeys (ConfUtils.java:logGet(46)) - raft.server.log.statemachine.data.sync = true (default)
2024-09-10 06:20:05,779 INFO  server.RaftServerConfigKeys (ConfUtils.java:logGet(46)) - raft.server.log.statemachine.data.sync.timeout = 10s (default)
2024-09-10 06:20:05,779 INFO  server.RaftServerConfigKeys (ConfUtils.java:logGet(46)) - raft.server.log.statemachine.data.sync.timeout.retry = -1 (default)
2024-09-10 06:20:05,779 INFO  server.RaftServerConfigKeys (ConfUtils.java:logGet(46)) - raft.server.log.write.buffer.size = 8MB (=8388608) (default)
2024-09-10 06:20:05,779 INFO  server.RaftServerConfigKeys (ConfUtils.java:logGet(46)) - raft.server.log.appender.buffer.byte-limit = 4MB (=4194304) (default)
2024-09-10 06:20:05,779 INFO  server.RaftServerConfigKeys (ConfUtils.java:logGet(46)) - raft.server.log.unsafe-flush.enabled = false (default)
2024-09-10 06:20:05,779 INFO  server.RaftServerConfigKeys (ConfUtils.java:logGet(46)) - raft.server.log.async-flush.enabled = false (default)
2024-09-10 06:20:05,780 INFO  server.RaftServerConfigKeys (ConfUtils.java:logGet(46)) - raft.server.log.statemachine.data.caching.enabled = false (default)
2024-09-10 06:20:05,780 INFO  segmented.SegmentedRaftLogWorker (SegmentedRaftLogWorker.java:lambda$new$0(138)) - s8@group-5D788F7A274C-SegmentedRaftLogWorker: flushIndex: setUnconditionally 0 -> -1
2024-09-10 06:20:05,780 INFO  segmented.SegmentedRaftLogWorker (SegmentedRaftLogWorker.java:lambda$new$0(138)) - s8@group-5D788F7A274C-SegmentedRaftLogWorker: safeCacheEvictIndex: setUnconditionally 0 -> -1
2024-09-10 06:20:05,780 INFO  server.RaftServer$Division (RaftServerImpl.java:start(397)) - s8@group-5D788F7A274C: start with initializing state, conf=conf: {index: -1, cur=peers:[]|listeners:[], old=null}
2024-09-10 06:20:05,780 INFO  server.RaftServer$Division (RaftServerImpl.java:setRole(378)) - s8@group-5D788F7A274C: changes role from      null to FOLLOWER at term 0 for start
2024-09-10 06:20:05,780 INFO  util.JmxRegister (JmxRegister.java:tryRegister(44)) - Successfully registered JMX Bean with object name Ratis:service=RaftServer,group=group-5D788F7A274C,id=s8
2024-09-10 06:20:05,780 INFO  util.JmxRegister (JmxRegister.java:register(58)) - register mxBean class org.apache.ratis.server.impl.RaftServerJmxAdapter as Ratis:service=RaftServer,group=group-5D788F7A274C,id=s8
2024-09-10 06:20:05,780 INFO  server.RaftServerConfigKeys (ConfUtils.java:logGet(46)) - raft.server.snapshot.trigger-when-stop.enabled = true (default)
2024-09-10 06:20:05,780 INFO  server.RaftServerConfigKeys (ConfUtils.java:logGet(46)) - raft.server.snapshot.trigger-when-remove.enabled = true (default)
2024-09-10 06:20:05,780 INFO  server.RaftServerConfigKeys (ConfUtils.java:logGet(46)) - raft.server.snapshot.auto.trigger.enabled = false (default)
2024-09-10 06:20:05,781 INFO  server.RaftServerConfigKeys (ConfUtils.java:logGet(46)) - raft.server.snapshot.retention.file.num = -1 (default)
2024-09-10 06:20:05,781 INFO  server.RaftServerConfigKeys (ConfUtils.java:logGet(46)) - raft.server.log.purge.upto.snapshot.index = false (default)
2024-09-10 06:20:05,787 INFO  server.RaftServer (RaftServerProxy.java:addNew(101)) - s9: addNew group-5D788F7A274C:[] returns group-5D788F7A274C:java.util.concurrent.CompletableFuture@4b5bf3c1[Not completed]
2024-09-10 06:20:05,787 INFO  server.RaftServer$Division (RaftServerImpl.java:<init>(255)) - s9: new RaftServerImpl for group-5D788F7A274C:[] with ArithmeticStateMachine:uninitialized
2024-09-10 06:20:05,787 INFO  server.RaftServerConfigKeys (ConfUtils.java:logGet(46)) - raft.server.rpc.timeout.min = 300ms (custom)
2024-09-10 06:20:05,787 INFO  server.RaftServerConfigKeys (ConfUtils.java:logGet(46)) - raft.server.rpc.timeout.max = 600ms (custom)
2024-09-10 06:20:05,787 INFO  server.RaftServerConfigKeys (ConfUtils.java:logGet(46)) - raft.server.rpc.sleep.time = 25ms (default)
2024-09-10 06:20:05,787 INFO  server.RaftServerConfigKeys (ConfUtils.java:logGet(46)) - raft.server.rpc.slowness.timeout = 60s (default)
2024-09-10 06:20:05,787 INFO  server.RaftServerConfigKeys (ConfUtils.java:logGet(46)) - raft.server.leaderelection.leader.step-down.wait-time = 10s (default)
2024-09-10 06:20:05,787 INFO  server.RaftServerConfigKeys (ConfUtils.java:logGet(46)) - raft.server.leaderelection.member.majority-add = false (default)
2024-09-10 06:20:05,787 INFO  server.RaftServerConfigKeys (ConfUtils.java:logGet(46)) - raft.server.sleep.deviation.threshold = 300ms (default)
2024-09-10 06:20:05,787 INFO  server.RaftServer$Division (ServerState.java:<init>(114)) - s9@group-5D788F7A274C: ConfigurationManager, init=conf: {index: -1, cur=peers:[]|listeners:[], old=null}, confs=<EMPTY_MAP>
2024-09-10 06:20:05,787 INFO  server.RaftServerConfigKeys (ConfUtils.java:logGet(46)) - raft.server.notification.no-leader.timeout = 60s (default)
2024-09-10 06:20:05,788 INFO  server.RaftServerConfigKeys (ConfUtils.java:logGet(46)) - raft.server.read.timeout = 10s (default)
2024-09-10 06:20:05,788 INFO  server.RaftServerConfigKeys (ConfUtils.java:logGet(46)) - raft.server.retrycache.expirytime = 60s (default)
2024-09-10 06:20:05,788 INFO  server.RaftServerConfigKeys (ConfUtils.java:logGet(46)) - raft.server.retrycache.statistics.expirytime = 100ms (default)
2024-09-10 06:20:05,788 INFO  server.RaftServerConfigKeys (ConfUtils.java:logGet(46)) - raft.server.read.option = DEFAULT (default)
2024-09-10 06:20:05,788 INFO  server.RaftServerConfigKeys (ConfUtils.java:logGet(46)) - raft.server.read.read-after-write-consistent.write-index-cache.expiry-time = 60s (default)
2024-09-10 06:20:05,789 INFO  server.RaftServerConfigKeys (ConfUtils.java:logGet(46)) - raft.server.rpc.request.timeout = 3000ms (default)
2024-09-10 06:20:05,789 INFO  server.RaftServerConfigKeys (ConfUtils.java:logGet(46)) - raft.server.log.appender.install.snapshot.enabled = true (default)
2024-09-10 06:20:05,789 INFO  server.RaftServerConfigKeys (ConfUtils.java:logGet(46)) - raft.server.threadpool.server.cached = true (default)
2024-09-10 06:20:05,789 INFO  server.RaftServerConfigKeys (ConfUtils.java:logGet(46)) - raft.server.threadpool.server.size = 0 (default)
2024-09-10 06:20:05,789 INFO  server.RaftServerConfigKeys (ConfUtils.java:logGet(46)) - raft.server.threadpool.client.cached = true (default)
2024-09-10 06:20:05,789 INFO  server.RaftServerConfigKeys (ConfUtils.java:logGet(46)) - raft.server.threadpool.client.size = 0 (default)
2024-09-10 06:20:05,789 INFO  server.RaftServerConfigKeys (ConfUtils.java:logGet(46)) - raft.server.storage.free-space.min = 0MB (=0) (default)
2024-09-10 06:20:05,789 INFO  server.RaftServerConfigKeys (ConfUtils.java:logGet(46)) - raft.server.log.corruption.policy = EXCEPTION (default)
2024-09-10 06:20:05,789 INFO  server.RaftServerConfigKeys (ConfUtils.java:logGet(46)) - raft.server.storage.dir = [/home/runner/work/ratis/ratis/ratis-examples/target/test/data/f624d035/MiniRaftClusterWithGrpc4aa2bfeb/s9] (custom)
2024-09-10 06:20:05,789 INFO  storage.RaftStorageDirectory (RaftStorageDirectoryImpl.java:analyzeStorage(138)) - The storage directory /home/runner/work/ratis/ratis/ratis-examples/target/test/data/f624d035/MiniRaftClusterWithGrpc4aa2bfeb/s9/746c2775-00df-41b8-9955-5d788f7a274c does not exist. Creating ...
2024-09-10 06:20:05,790 TRACE util.FileUtils (LogUtils.java:runAndLog(49)) - Successfully ran Files.createDirectories /home/runner/work/ratis/ratis/ratis-examples/target/test/data/f624d035/MiniRaftClusterWithGrpc4aa2bfeb/s9/746c2775-00df-41b8-9955-5d788f7a274c
2024-09-10 06:20:05,791 INFO  storage.RaftStorageDirectory (RaftStorageDirectoryImpl.java:tryLock(229)) - Lock on /home/runner/work/ratis/ratis/ratis-examples/target/test/data/f624d035/MiniRaftClusterWithGrpc4aa2bfeb/s9/746c2775-00df-41b8-9955-5d788f7a274c/in_use.lock acquired by nodename 13550@fv-az691-408
2024-09-10 06:20:05,791 TRACE util.FileUtils (LogUtils.java:runAndLog(49)) - Successfully ran Files.createDirectories /home/runner/work/ratis/ratis/ratis-examples/target/test/data/f624d035/MiniRaftClusterWithGrpc4aa2bfeb/s9/746c2775-00df-41b8-9955-5d788f7a274c/current
2024-09-10 06:20:05,791 TRACE util.FileUtils (LogUtils.java:runAndLog(49)) - Successfully ran Files.createDirectories /home/runner/work/ratis/ratis/ratis-examples/target/test/data/f624d035/MiniRaftClusterWithGrpc4aa2bfeb/s9/746c2775-00df-41b8-9955-5d788f7a274c/sm
2024-09-10 06:20:05,791 TRACE util.FileUtils (LogUtils.java:supplyAndLog(69)) - Successfully supplied FileChannel.open /home/runner/work/ratis/ratis/ratis-examples/target/test/data/f624d035/MiniRaftClusterWithGrpc4aa2bfeb/s9/746c2775-00df-41b8-9955-5d788f7a274c/current/raft-meta.tmp with options [CREATE, WRITE]: sun.nio.ch.FileChannelImpl@494cbdb9
2024-09-10 06:20:05,793 TRACE util.FileUtils (LogUtils.java:runAndLog(49)) - Successfully ran Atomic Files.move /home/runner/work/ratis/ratis/ratis-examples/target/test/data/f624d035/MiniRaftClusterWithGrpc4aa2bfeb/s9/746c2775-00df-41b8-9955-5d788f7a274c/current/raft-meta.tmp to /home/runner/work/ratis/ratis/ratis-examples/target/test/data/f624d035/MiniRaftClusterWithGrpc4aa2bfeb/s9/746c2775-00df-41b8-9955-5d788f7a274c/current/raft-meta with options [REPLACE_EXISTING]
2024-09-10 06:20:05,793 INFO  storage.RaftStorage (RaftStorageImpl.java:format(98)) - Storage directory /home/runner/work/ratis/ratis/ratis-examples/target/test/data/f624d035/MiniRaftClusterWithGrpc4aa2bfeb/s9/746c2775-00df-41b8-9955-5d788f7a274c has been successfully formatted.
2024-09-10 06:20:05,793 WARN  statemachine.StateMachine (ArithmeticStateMachine.java:loadSnapshot(115)) - The snapshot info is null.
2024-09-10 06:20:05,793 INFO  server.RaftServerConfigKeys (ConfUtils.java:logGet(46)) - raft.server.log.use.memory = false (default)
2024-09-10 06:20:05,794 INFO  server.RaftServerConfigKeys (ConfUtils.java:logGet(46)) - raft.server.log.purge.gap = 1024 (default)
2024-09-10 06:20:05,794 INFO  server.RaftServerConfigKeys (ConfUtils.java:logGet(46)) - raft.server.log.appender.buffer.byte-limit = 4MB (=4194304) (default)
2024-09-10 06:20:05,794 INFO  server.RaftServerConfigKeys (ConfUtils.java:logGet(46)) - raft.server.log.statemachine.data.read.timeout = 1000ms (default)
2024-09-10 06:20:05,794 INFO  server.RaftServerConfigKeys (ConfUtils.java:logGet(46)) - raft.server.log.purge.preservation.log.num = 0 (default)
2024-09-10 06:20:05,794 INFO  server.RaftServerConfigKeys (ConfUtils.java:logGet(46)) - raft.server.log.segment.size.max = 32MB (=33554432) (default)
2024-09-10 06:20:05,794 INFO  server.RaftServerConfigKeys (ConfUtils.java:logGet(46)) - raft.server.log.segment.cache.num.max = 6 (default)
2024-09-10 06:20:05,794 INFO  server.RaftServerConfigKeys (ConfUtils.java:logGet(46)) - raft.server.log.segment.cache.size.max = 200MB (=209715200) (default)
2024-09-10 06:20:05,794 INFO  server.RaftServerConfigKeys (ConfUtils.java:logGet(46)) - raft.server.log.appender.buffer.byte-limit = 4MB (=4194304) (default)
2024-09-10 06:20:05,794 INFO  util.AwaitToRun (AwaitToRun.java:start(81)) - Thread[s9@group-5D788F7A274C-cacheEviction-AwaitToRun,5,main] started
2024-09-10 06:20:05,794 INFO  segmented.SegmentedRaftLogWorker (SegmentedRaftLogWorker.java:<init>(187)) - new s9@group-5D788F7A274C-SegmentedRaftLogWorker for RaftStorageImpl:Storage Directory /home/runner/work/ratis/ratis/ratis-examples/target/test/data/f624d035/MiniRaftClusterWithGrpc4aa2bfeb/s9/746c2775-00df-41b8-9955-5d788f7a274c
2024-09-10 06:20:05,795 INFO  server.RaftServerConfigKeys (ConfUtils.java:logGet(46)) - raft.server.log.queue.byte-limit = 64MB (=67108864) (default)
2024-09-10 06:20:05,795 INFO  server.RaftServerConfigKeys (ConfUtils.java:logGet(46)) - raft.server.log.queue.element-limit = 4096 (default)
2024-09-10 06:20:05,795 INFO  server.RaftServerConfigKeys (ConfUtils.java:logGet(46)) - raft.server.log.segment.size.max = 32MB (=33554432) (default)
2024-09-10 06:20:05,795 INFO  server.RaftServerConfigKeys (ConfUtils.java:logGet(46)) - raft.server.log.preallocated.size = 4MB (=4194304) (default)
2024-09-10 06:20:05,795 INFO  server.RaftServerConfigKeys (ConfUtils.java:logGet(46)) - raft.server.log.force.sync.num = 128 (default)
2024-09-10 06:20:05,795 INFO  server.RaftServerConfigKeys (ConfUtils.java:logGet(46)) - raft.server.log.statemachine.data.sync = true (default)
2024-09-10 06:20:05,795 INFO  server.RaftServerConfigKeys (ConfUtils.java:logGet(46)) - raft.server.log.statemachine.data.sync.timeout = 10s (default)
2024-09-10 06:20:05,795 INFO  server.RaftServerConfigKeys (ConfUtils.java:logGet(46)) - raft.server.log.statemachine.data.sync.timeout.retry = -1 (default)
2024-09-10 06:20:05,795 INFO  server.RaftServerConfigKeys (ConfUtils.java:logGet(46)) - raft.server.log.write.buffer.size = 8MB (=8388608) (default)
2024-09-10 06:20:05,796 INFO  server.RaftServerConfigKeys (ConfUtils.java:logGet(46)) - raft.server.log.appender.buffer.byte-limit = 4MB (=4194304) (default)
2024-09-10 06:20:05,796 INFO  server.RaftServerConfigKeys (ConfUtils.java:logGet(46)) - raft.server.log.unsafe-flush.enabled = false (default)
2024-09-10 06:20:05,796 INFO  server.RaftServerConfigKeys (ConfUtils.java:logGet(46)) - raft.server.log.async-flush.enabled = false (default)
2024-09-10 06:20:05,796 INFO  server.RaftServerConfigKeys (ConfUtils.java:logGet(46)) - raft.server.log.statemachine.data.caching.enabled = false (default)
2024-09-10 06:20:05,796 INFO  segmented.SegmentedRaftLogWorker (SegmentedRaftLogWorker.java:lambda$new$0(138)) - s9@group-5D788F7A274C-SegmentedRaftLogWorker: flushIndex: setUnconditionally 0 -> -1
2024-09-10 06:20:05,796 INFO  segmented.SegmentedRaftLogWorker (SegmentedRaftLogWorker.java:lambda$new$0(138)) - s9@group-5D788F7A274C-SegmentedRaftLogWorker: safeCacheEvictIndex: setUnconditionally 0 -> -1
2024-09-10 06:20:05,796 INFO  server.RaftServer$Division (RaftServerImpl.java:start(397)) - s9@group-5D788F7A274C: start with initializing state, conf=conf: {index: -1, cur=peers:[]|listeners:[], old=null}
2024-09-10 06:20:05,796 INFO  server.RaftServer$Division (RaftServerImpl.java:setRole(378)) - s9@group-5D788F7A274C: changes role from      null to FOLLOWER at term 0 for start
2024-09-10 06:20:05,797 INFO  util.JmxRegister (JmxRegister.java:tryRegister(44)) - Successfully registered JMX Bean with object name Ratis:service=RaftServer,group=group-5D788F7A274C,id=s9
2024-09-10 06:20:05,797 INFO  util.JmxRegister (JmxRegister.java:register(58)) - register mxBean class org.apache.ratis.server.impl.RaftServerJmxAdapter as Ratis:service=RaftServer,group=group-5D788F7A274C,id=s9
2024-09-10 06:20:05,797 INFO  server.RaftServerConfigKeys (ConfUtils.java:logGet(46)) - raft.server.snapshot.trigger-when-stop.enabled = true (default)
2024-09-10 06:20:05,797 INFO  server.RaftServerConfigKeys (ConfUtils.java:logGet(46)) - raft.server.snapshot.trigger-when-remove.enabled = true (default)
2024-09-10 06:20:05,797 INFO  server.RaftServerConfigKeys (ConfUtils.java:logGet(46)) - raft.server.snapshot.auto.trigger.enabled = false (default)
2024-09-10 06:20:05,797 INFO  server.RaftServerConfigKeys (ConfUtils.java:logGet(46)) - raft.server.snapshot.retention.file.num = -1 (default)
2024-09-10 06:20:05,797 INFO  server.RaftServerConfigKeys (ConfUtils.java:logGet(46)) - raft.server.log.purge.upto.snapshot.index = false (default)
2024-09-10 06:20:05,799 INFO  impl.GroupManagementBaseTest (GroupManagementBaseTest.java:runMultiGroupTest(330)) - 0) setConfiguration: printing group-5D788F7A274C
  s3:  RUNNING [
   FOLLOWER s3@group-5D788F7A274C:t0, leader=null, voted=, raftlog=Memoized:s3@group-5D788F7A274C-SegmentedRaftLog:OPENED:c-1:lastnull, conf=conf: {index: -1, cur=peers:[]|listeners:[], old=null} STARTING
   FOLLOWER s3@group-DF8C9DCF2580:t0, leader=null, voted=, raftlog=Memoized:s3@group-DF8C9DCF2580-SegmentedRaftLog:OPENED:c-1:lastnull, conf=conf: {index: -1, cur=peers:[]|listeners:[], old=null} STARTING] size=2
  s4:  RUNNING [
   FOLLOWER s4@group-5D788F7A274C:t0, leader=null, voted=, raftlog=Memoized:s4@group-5D788F7A274C-SegmentedRaftLog:OPENED:c-1:lastnull, conf=conf: {index: -1, cur=peers:[]|listeners:[], old=null} STARTING
   FOLLOWER s4@group-DF8C9DCF2580:t0, leader=null, voted=, raftlog=Memoized:s4@group-DF8C9DCF2580-SegmentedRaftLog:OPENED:c-1:lastnull, conf=conf: {index: -1, cur=peers:[]|listeners:[], old=null} STARTING] size=2
  s5:  RUNNING [
   FOLLOWER s5@group-5D788F7A274C:t0, leader=null, voted=, raftlog=Memoized:s5@group-5D788F7A274C-SegmentedRaftLog:OPENED:c-1:lastnull, conf=conf: {index: -1, cur=peers:[]|listeners:[], old=null} STARTING
   FOLLOWER s5@group-DF8C9DCF2580:t0, leader=null, voted=, raftlog=Memoized:s5@group-DF8C9DCF2580-SegmentedRaftLog:OPENED:c-1:lastnull, conf=conf: {index: -1, cur=peers:[]|listeners:[], old=null} STARTING] size=2
  s6:  RUNNING [
   FOLLOWER s6@group-5D788F7A274C:t0, leader=null, voted=, raftlog=Memoized:s6@group-5D788F7A274C-SegmentedRaftLog:OPENED:c-1:lastnull, conf=conf: {index: -1, cur=peers:[]|listeners:[], old=null} STARTING
   FOLLOWER s6@group-DF8C9DCF2580:t0, leader=null, voted=, raftlog=Memoized:s6@group-DF8C9DCF2580-SegmentedRaftLog:OPENED:c-1:lastnull, conf=conf: {index: -1, cur=peers:[]|listeners:[], old=null} STARTING] size=2
  s7:  RUNNING [
   FOLLOWER s7@group-5D788F7A274C:t0, leader=null, voted=, raftlog=Memoized:s7@group-5D788F7A274C-SegmentedRaftLog:OPENED:c-1:lastnull, conf=conf: {index: -1, cur=peers:[]|listeners:[], old=null} STARTING
   FOLLOWER s7@group-DF8C9DCF2580:t0, leader=null, voted=, raftlog=Memoized:s7@group-DF8C9DCF2580-SegmentedRaftLog:OPENED:c-1:lastnull, conf=conf: {index: -1, cur=peers:[]|listeners:[], old=null} STARTING] size=2
  s8:  RUNNING [
   FOLLOWER s8@group-5D788F7A274C:t0, leader=null, voted=, raftlog=Memoized:s8@group-5D788F7A274C-SegmentedRaftLog:OPENED:c-1:lastnull, conf=conf: {index: -1, cur=peers:[]|listeners:[], old=null} STARTING
   FOLLOWER s8@group-DF8C9DCF2580:t0, leader=null, voted=, raftlog=Memoized:s8@group-DF8C9DCF2580-SegmentedRaftLog:OPENED:c-1:lastnull, conf=conf: {index: -1, cur=peers:[]|listeners:[], old=null} STARTING] size=2
  s9:  RUNNING [
   FOLLOWER s9@group-5D788F7A274C:t0, leader=null, voted=, raftlog=Memoized:s9@group-5D788F7A274C-SegmentedRaftLog:OPENED:c-1:lastnull, conf=conf: {index: -1, cur=peers:[]|listeners:[], old=null} STARTING
   FOLLOWER s9@group-DF8C9DCF2580:t0, leader=null, voted=, raftlog=Memoized:s9@group-DF8C9DCF2580-SegmentedRaftLog:OPENED:c-1:lastnull, conf=conf: {index: -1, cur=peers:[]|listeners:[], old=null} STARTING] size=2
  s11:  RUNNING [
   FOLLOWER s11@group-5D788F7A274C:t0, leader=null, voted=, raftlog=Memoized:s11@group-5D788F7A274C-SegmentedRaftLog:OPENED:c-1:lastnull, conf=conf: {index: -1, cur=peers:[]|listeners:[], old=null} STARTING
   FOLLOWER s11@group-DF8C9DCF2580:t0, leader=null, voted=, raftlog=Memoized:s11@group-DF8C9DCF2580-SegmentedRaftLog:OPENED:c-1:lastnull, conf=conf: {index: -1, cur=peers:[]|listeners:[], old=null} STARTING] size=2
  s10:  RUNNING [
   FOLLOWER s10@group-5D788F7A274C:t1, leader=s0, voted=s0, raftlog=Memoized:s10@group-5D788F7A274C-SegmentedRaftLog:OPENED:c120:last(t:1, i:120), conf=conf: {index: 0, cur=peers:[s10|0.0.0.0:15010, s0|0.0.0.0:15000, s1|0.0.0.0:15001]|listeners:[], old=null} RUNNING
   FOLLOWER s10@group-DF8C9DCF2580:t0, leader=null, voted=, raftlog=Memoized:s10@group-DF8C9DCF2580-SegmentedRaftLog:OPENED:c-1:lastnull, conf=conf: {index: -1, cur=peers:[]|listeners:[], old=null} STARTING] size=2
  s13:  RUNNING [
   FOLLOWER s13@group-5D788F7A274C:t0, leader=null, voted=, raftlog=Memoized:s13@group-5D788F7A274C-SegmentedRaftLog:OPENED:c-1:lastnull, conf=conf: {index: -1, cur=peers:[]|listeners:[], old=null} STARTING
   FOLLOWER s13@group-DF8C9DCF2580:t0, leader=null, voted=, raftlog=Memoized:s13@group-DF8C9DCF2580-SegmentedRaftLog:OPENED:c-1:lastnull, conf=conf: {index: -1, cur=peers:[]|listeners:[], old=null} STARTING] size=2
  s12:  RUNNING [
   FOLLOWER s12@group-5D788F7A274C:t0, leader=null, voted=, raftlog=Memoized:s12@group-5D788F7A274C-SegmentedRaftLog:OPENED:c-1:lastnull, conf=conf: {index: -1, cur=peers:[]|listeners:[], old=null} STARTING
   FOLLOWER s12@group-DF8C9DCF2580:t0, leader=null, voted=, raftlog=Memoized:s12@group-DF8C9DCF2580-SegmentedRaftLog:OPENED:c-1:lastnull, conf=conf: {index: -1, cur=peers:[]|listeners:[], old=null} STARTING] size=2
  s14:  RUNNING [
   FOLLOWER s14@group-5D788F7A274C:t0, leader=null, voted=, raftlog=Memoized:s14@group-5D788F7A274C-SegmentedRaftLog:OPENED:c-1:lastnull, conf=conf: {index: -1, cur=peers:[]|listeners:[], old=null} STARTING
   FOLLOWER s14@group-DF8C9DCF2580:t0, leader=null, voted=, raftlog=Memoized:s14@group-DF8C9DCF2580-SegmentedRaftLog:OPENED:c-1:lastnull, conf=conf: {index: -1, cur=peers:[]|listeners:[], old=null} STARTING] size=2
  s0:  RUNNING [
     LEADER s0@group-5D788F7A274C:t1, leader=s0, voted=s0, raftlog=Memoized:s0@group-5D788F7A274C-SegmentedRaftLog:OPENED:c120:last(t:1, i:120), conf=conf: {index: 0, cur=peers:[s10|0.0.0.0:15010, s0|0.0.0.0:15000, s1|0.0.0.0:15001]|listeners:[], old=null} RUNNING
   FOLLOWER s0@group-DF8C9DCF2580:t0, leader=null, voted=, raftlog=Memoized:s0@group-DF8C9DCF2580-SegmentedRaftLog:OPENED:c-1:lastnull, conf=conf: {index: -1, cur=peers:[]|listeners:[], old=null} STARTING] size=2
  s1:  RUNNING [
   FOLLOWER s1@group-5D788F7A274C:t1, leader=s0, voted=s1, raftlog=Memoized:s1@group-5D788F7A274C-SegmentedRaftLog:OPENED:c120:last(t:1, i:120), conf=conf: {index: 0, cur=peers:[s10|0.0.0.0:15010, s0|0.0.0.0:15000, s1|0.0.0.0:15001]|listeners:[], old=null} RUNNING
   FOLLOWER s1@group-DF8C9DCF2580:t0, leader=null, voted=, raftlog=Memoized:s1@group-DF8C9DCF2580-SegmentedRaftLog:OPENED:c-1:lastnull, conf=conf: {index: -1, cur=peers:[]|listeners:[], old=null} STARTING] size=2
  s2:  RUNNING [
   FOLLOWER s2@group-5D788F7A274C:t0, leader=null, voted=, raftlog=Memoized:s2@group-5D788F7A274C-SegmentedRaftLog:OPENED:c-1:lastnull, conf=conf: {index: -1, cur=peers:[]|listeners:[], old=null} STARTING
   FOLLOWER s2@group-DF8C9DCF2580:t0, leader=null, voted=, raftlog=Memoized:s2@group-DF8C9DCF2580-SegmentedRaftLog:OPENED:c-1:lastnull, conf=conf: {index: -1, cur=peers:[]|listeners:[], old=null} STARTING] size=2
2024-09-10 06:20:05,810 INFO  server.RaftServer$Division (RaftServerImpl.java:setConfigurationAsync(1326)) - s0@group-5D788F7A274C: receive setConfiguration SetConfigurationRequest:client-2409F4CBBFFE->s0@group-5D788F7A274C, cid=4494, seq=null, RW, null, SET_UNCONDITIONALLY, servers:[s11|0.0.0.0:15011, s10|0.0.0.0:15010, s12|0.0.0.0:15012, s0|0.0.0.0:15000, s1|0.0.0.0:15001], listeners:[]
2024-09-10 06:20:05,810 INFO  server.RaftServer$Division (LeaderStateImpl.java:startSetConfiguration(489)) - s0@group-5D788F7A274C-LeaderStateImpl: startSetConfiguration SetConfigurationRequest:client-2409F4CBBFFE->s0@group-5D788F7A274C, cid=4494, seq=null, RW, null, SET_UNCONDITIONALLY, servers:[s11|0.0.0.0:15011, s10|0.0.0.0:15010, s12|0.0.0.0:15012, s0|0.0.0.0:15000, s1|0.0.0.0:15001], listeners:[]
2024-09-10 06:20:05,811 INFO  server.RaftServerConfigKeys (ConfUtils.java:logGet(46)) - raft.server.log.appender.snapshot.chunk.size.max = 16MB (=16777216) (default)
2024-09-10 06:20:05,811 INFO  server.RaftServerConfigKeys (ConfUtils.java:logGet(46)) - raft.server.log.appender.buffer.byte-limit = 4MB (=4194304) (default)
2024-09-10 06:20:05,811 INFO  server.RaftServerConfigKeys (ConfUtils.java:logGet(46)) - raft.server.log.appender.buffer.element-limit = 0 (default)
2024-09-10 06:20:05,811 INFO  server.RaftServerConfigKeys (ConfUtils.java:logGet(46)) - raft.server.log.appender.wait-time.min = 1ms (default)
2024-09-10 06:20:05,811 INFO  grpc.GrpcConfigKeys (ConfUtils.java:logGet(46)) - raft.grpc.server.leader.outstanding.appends.max = 8 (default)
2024-09-10 06:20:05,811 INFO  server.RaftServerConfigKeys (ConfUtils.java:logGet(46)) - raft.server.rpc.request.timeout = 3000ms (default)
2024-09-10 06:20:05,811 INFO  grpc.GrpcConfigKeys (ConfUtils.java:logGet(46)) - raft.grpc.server.install_snapshot.request.element-limit = 8 (default)
2024-09-10 06:20:05,811 INFO  grpc.GrpcConfigKeys (ConfUtils.java:logGet(46)) - raft.grpc.server.install_snapshot.request.timeout = 3000ms (default)
2024-09-10 06:20:05,811 INFO  grpc.GrpcConfigKeys (ConfUtils.java:logGet(46)) - raft.grpc.server.log-message.batch.duration = 5s (default)
2024-09-10 06:20:05,812 INFO  server.RaftServerConfigKeys (ConfUtils.java:logGet(46)) - raft.server.log.appender.install.snapshot.enabled = true (default)
2024-09-10 06:20:05,812 INFO  grpc.GrpcConfigKeys (ConfUtils.java:logGet(46)) - raft.grpc.server.heartbeat.channel = true (default)
2024-09-10 06:20:05,812 INFO  server.RaftServerConfigKeys (ConfUtils.java:logGet(46)) - raft.server.log.appender.snapshot.chunk.size.max = 16MB (=16777216) (default)
2024-09-10 06:20:05,812 INFO  server.RaftServerConfigKeys (ConfUtils.java:logGet(46)) - raft.server.log.appender.buffer.byte-limit = 4MB (=4194304) (default)
2024-09-10 06:20:05,812 INFO  server.RaftServerConfigKeys (ConfUtils.java:logGet(46)) - raft.server.log.appender.buffer.element-limit = 0 (default)
2024-09-10 06:20:05,812 INFO  server.RaftServerConfigKeys (ConfUtils.java:logGet(46)) - raft.server.log.appender.wait-time.min = 1ms (default)
2024-09-10 06:20:05,812 INFO  grpc.GrpcConfigKeys (ConfUtils.java:logGet(46)) - raft.grpc.server.leader.outstanding.appends.max = 8 (default)
2024-09-10 06:20:05,812 INFO  server.RaftServerConfigKeys (ConfUtils.java:logGet(46)) - raft.server.rpc.request.timeout = 3000ms (default)
2024-09-10 06:20:05,813 INFO  grpc.GrpcConfigKeys (ConfUtils.java:logGet(46)) - raft.grpc.server.install_snapshot.request.element-limit = 8 (default)
2024-09-10 06:20:05,813 INFO  grpc.GrpcConfigKeys (ConfUtils.java:logGet(46)) - raft.grpc.server.install_snapshot.request.timeout = 3000ms (default)
2024-09-10 06:20:05,813 INFO  grpc.GrpcConfigKeys (ConfUtils.java:logGet(46)) - raft.grpc.server.log-message.batch.duration = 5s (default)
2024-09-10 06:20:05,813 INFO  server.RaftServerConfigKeys (ConfUtils.java:logGet(46)) - raft.server.log.appender.install.snapshot.enabled = true (default)
2024-09-10 06:20:05,813 INFO  grpc.GrpcConfigKeys (ConfUtils.java:logGet(46)) - raft.grpc.server.heartbeat.channel = true (default)
2024-09-10 06:20:05,813 INFO  leader.FollowerInfo (FollowerInfoImpl.java:setAttemptedToInstallSnapshot(154)) - Follower s0@group-5D788F7A274C->s11 acknowledged installing snapshot
2024-09-10 06:20:05,814 INFO  leader.FollowerInfo (FollowerInfoImpl.java:setAttemptedToInstallSnapshot(154)) - Follower s0@group-5D788F7A274C->s12 acknowledged installing snapshot
2024-09-10 06:20:05,814 INFO  server.GrpcServerProtocolClient (GrpcServerProtocolClient.java:<init>(65)) - Build channel for s11|0.0.0.0:15011
2024-09-10 06:20:05,814 INFO  server.GrpcServerProtocolClient (GrpcServerProtocolClient.java:<init>(65)) - Build channel for s12|0.0.0.0:15012
2024-09-10 06:20:05,819 TRACE util.FileUtils (LogUtils.java:supplyAndLog(69)) - Successfully supplied FileChannel.open /home/runner/work/ratis/ratis/ratis-examples/target/test/data/f624d035/MiniRaftClusterWithGrpc4aa2bfeb/s12/746c2775-00df-41b8-9955-5d788f7a274c/current/raft-meta.tmp with options [CREATE, WRITE]: sun.nio.ch.FileChannelImpl@588a9f0a
2024-09-10 06:20:05,821 TRACE util.FileUtils (LogUtils.java:runAndLog(49)) - Successfully ran Atomic Files.move /home/runner/work/ratis/ratis/ratis-examples/target/test/data/f624d035/MiniRaftClusterWithGrpc4aa2bfeb/s12/746c2775-00df-41b8-9955-5d788f7a274c/current/raft-meta.tmp to /home/runner/work/ratis/ratis/ratis-examples/target/test/data/f624d035/MiniRaftClusterWithGrpc4aa2bfeb/s12/746c2775-00df-41b8-9955-5d788f7a274c/current/raft-meta with options [REPLACE_EXISTING]
2024-09-10 06:20:05,821 INFO  server.RaftServer$Division (RaftServerImpl.java:setFirstElection(559)) - s12@group-5D788F7A274C: set firstElectionSinceStartup to false for appendEntries
2024-09-10 06:20:05,821 INFO  server.RaftServer$Division (ServerState.java:setLeader(272)) - s12@group-5D788F7A274C: change Leader from null to s0 at term 1 for appendEntries, leader elected after 194ms
2024-09-10 06:20:05,824 DEBUG server.RaftServer$Division (RaftServerImpl.java:logAppendEntries(1539)) - s12@group-5D788F7A274C: appendEntries* s0->s12#1-t1,previous=(t:0, i:0),leaderCommit=120,initializing? true,entries: size=121, first=(t:1, i:0), CONFIGURATIONENTRY(current:id:"s10"address:"0.0.0.0:15010"clientAddress:"0.0.0.0:15010"adminAddress:"0.0.0.0:15010"startupRole:FOLLOWER, id:"s0"address:"0.0.0.0:15000"clientAddress:"0.0.0.0:15000"adminAddress:"0.0.0.0:15000"startupRole:FOLLOWER, id:"s1"address:"0.0.0.0:15001"clientAddress:"0.0.0.0:15001"adminAddress:"0.0.0.0:15001"startupRole:FOLLOWER, old:)
2024-09-10 06:20:05,824 INFO  server.RaftServer$Division (ServerState.java:setRaftConf(386)) - s12@group-5D788F7A274C: set configuration conf: {index: 0, cur=peers:[s10|0.0.0.0:15010, s0|0.0.0.0:15000, s1|0.0.0.0:15001]|listeners:[], old=null}
2024-09-10 06:20:05,824 INFO  segmented.SegmentedRaftLogWorker (SegmentedRaftLogWorker.java:startLogSegment(438)) - s12@group-5D788F7A274C-SegmentedRaftLogWorker: Starting segment from index:0
2024-09-10 06:20:05,825 INFO  segmented.BufferedWriteChannel (BufferedWriteChannel.java:open(61)) - open log_inprogress_0 at position 0
2024-09-10 06:20:05,826 TRACE util.FileUtils (LogUtils.java:supplyAndLog(69)) - Successfully supplied FileChannel.open /home/runner/work/ratis/ratis/ratis-examples/target/test/data/f624d035/MiniRaftClusterWithGrpc4aa2bfeb/s11/746c2775-00df-41b8-9955-5d788f7a274c/current/raft-meta.tmp with options [CREATE, WRITE]: sun.nio.ch.FileChannelImpl@795ec93d
2024-09-10 06:20:05,831 TRACE util.FileUtils (LogUtils.java:runAndLog(49)) - Successfully ran Atomic Files.move /home/runner/work/ratis/ratis/ratis-examples/target/test/data/f624d035/MiniRaftClusterWithGrpc4aa2bfeb/s11/746c2775-00df-41b8-9955-5d788f7a274c/current/raft-meta.tmp to /home/runner/work/ratis/ratis/ratis-examples/target/test/data/f624d035/MiniRaftClusterWithGrpc4aa2bfeb/s11/746c2775-00df-41b8-9955-5d788f7a274c/current/raft-meta with options [REPLACE_EXISTING]
2024-09-10 06:20:05,831 DEBUG server.RaftServer$Division (RaftServerImpl.java:logAppendEntries(1539)) - s11@group-5D788F7A274C: appendEntries* s0->s11#1-t1,previous=(t:0, i:0),leaderCommit=120,initializing? true,entries: size=121, first=(t:1, i:0), CONFIGURATIONENTRY(current:id:"s10"address:"0.0.0.0:15010"clientAddress:"0.0.0.0:15010"adminAddress:"0.0.0.0:15010"startupRole:FOLLOWER, id:"s0"address:"0.0.0.0:15000"clientAddress:"0.0.0.0:15000"adminAddress:"0.0.0.0:15000"startupRole:FOLLOWER, id:"s1"address:"0.0.0.0:15001"clientAddress:"0.0.0.0:15001"adminAddress:"0.0.0.0:15001"startupRole:FOLLOWER, old:)
2024-09-10 06:20:05,832 INFO  server.RaftServer$Division (RaftServerImpl.java:setFirstElection(559)) - s11@group-5D788F7A274C: set firstElectionSinceStartup to false for appendEntries
2024-09-10 06:20:05,833 INFO  server.RaftServer$Division (ServerState.java:setLeader(272)) - s11@group-5D788F7A274C: change Leader from null to s0 at term 1 for appendEntries, leader elected after 231ms
2024-09-10 06:20:05,833 INFO  server.RaftServer$Division (ServerState.java:setRaftConf(386)) - s11@group-5D788F7A274C: set configuration conf: {index: 0, cur=peers:[s10|0.0.0.0:15010, s0|0.0.0.0:15000, s1|0.0.0.0:15001]|listeners:[], old=null}
2024-09-10 06:20:05,833 INFO  segmented.SegmentedRaftLogWorker (SegmentedRaftLogWorker.java:startLogSegment(438)) - s11@group-5D788F7A274C-SegmentedRaftLogWorker: Starting segment from index:0
2024-09-10 06:20:05,835 INFO  segmented.BufferedWriteChannel (BufferedWriteChannel.java:open(61)) - open log_inprogress_0 at position 0
2024-09-10 06:20:05,840 INFO  segmented.SegmentedRaftLogWorker (SegmentedRaftLogWorker.java:execute(660)) - s12@group-5D788F7A274C-SegmentedRaftLogWorker: created new log segment /home/runner/work/ratis/ratis/ratis-examples/target/test/data/f624d035/MiniRaftClusterWithGrpc4aa2bfeb/s12/746c2775-00df-41b8-9955-5d788f7a274c/current/log_inprogress_0
2024-09-10 06:20:05,843 DEBUG server.RaftServer$Division (RaftServerImpl.java:logAppendEntries(1539)) - s12@group-5D788F7A274C: appendEntries* reply s0<-s12#1:OK-t1,SUCCESS,nextIndex=121,followerCommit=120,matchIndex=120
2024-09-10 06:20:05,843 TRACE util.FileUtils (LogUtils.java:supplyAndLog(69)) - Successfully supplied FileChannel.open /home/runner/work/ratis/ratis/ratis-examples/target/test/data/f624d035/MiniRaftClusterWithGrpc4aa2bfeb/s12/746c2775-00df-41b8-9955-5d788f7a274c/current/raft-meta.conf.tmp with options [CREATE, WRITE]: sun.nio.ch.FileChannelImpl@10ee50b7
2024-09-10 06:20:05,844 INFO  server.RaftServer$Division (ServerState.java:setRaftConf(386)) - s0@group-5D788F7A274C: set configuration conf: {index: 121, cur=peers:[s11|0.0.0.0:15011, s10|0.0.0.0:15010, s12|0.0.0.0:15012, s0|0.0.0.0:15000, s1|0.0.0.0:15001]|listeners:[], old=peers:[s10|0.0.0.0:15010, s0|0.0.0.0:15000, s1|0.0.0.0:15001]|listeners:[]}
2024-09-10 06:20:05,847 DEBUG server.RaftServer$Division (RaftServerImpl.java:logAppendEntries(1539)) - s1@group-5D788F7A274C: appendEntries* s0->s1#434-t1,previous=(t:1, i:120),leaderCommit=120,initializing? false,entries: size=1, first=(t:1, i:121), CONFIGURATIONENTRY(current:id:"s11"address:"0.0.0.0:15011"clientAddress:"0.0.0.0:15011"adminAddress:"0.0.0.0:15011"startupRole:FOLLOWER, id:"s10"address:"0.0.0.0:15010"clientAddress:"0.0.0.0:15010"adminAddress:"0.0.0.0:15010"startupRole:FOLLOWER, id:"s12"address:"0.0.0.0:15012"clientAddress:"0.0.0.0:15012"adminAddress:"0.0.0.0:15012"startupRole:FOLLOWER, id:"s0"address:"0.0.0.0:15000"clientAddress:"0.0.0.0:15000"adminAddress:"0.0.0.0:15000"startupRole:FOLLOWER, id:"s1"address:"0.0.0.0:15001"clientAddress:"0.0.0.0:15001"adminAddress:"0.0.0.0:15001"startupRole:FOLLOWER, old:id:"s10"address:"0.0.0.0:15010"clientAddress:"0.0.0.0:15010"adminAddress:"0.0.0.0:15010"startupRole:FOLLOWER, id:"s0"address:"0.0.0.0:15000"clientAddress:"0.0.0.0:15000"adminAddress:"0.0.0.0:15000"startupRole:FOLLOWER, id:"s1"address:"0.0.0.0:15001"clientAddress:"0.0.0.0:15001"adminAddress:"0.0.0.0:15001"startupRole:FOLLOWER)
2024-09-10 06:20:05,847 INFO  server.RaftServer$Division (ServerState.java:setRaftConf(386)) - s1@group-5D788F7A274C: set configuration conf: {index: 121, cur=peers:[s11|0.0.0.0:15011, s10|0.0.0.0:15010, s12|0.0.0.0:15012, s0|0.0.0.0:15000, s1|0.0.0.0:15001]|listeners:[], old=peers:[s10|0.0.0.0:15010, s0|0.0.0.0:15000, s1|0.0.0.0:15001]|listeners:[]}
2024-09-10 06:20:05,847 DEBUG server.RaftServer$Division (RaftServerImpl.java:logAppendEntries(1539)) - s1@group-5D788F7A274C: appendEntries* reply s0<-s1#434:OK-t1,SUCCESS,nextIndex=122,followerCommit=120,matchIndex=121
2024-09-10 06:20:05,848 DEBUG server.RaftServer$Division (RaftServerImpl.java:logAppendEntries(1539)) - s10@group-5D788F7A274C: appendEntries* s0->s10#422-t1,previous=(t:1, i:120),leaderCommit=120,initializing? false,entries: size=1, first=(t:1, i:121), CONFIGURATIONENTRY(current:id:"s11"address:"0.0.0.0:15011"clientAddress:"0.0.0.0:15011"adminAddress:"0.0.0.0:15011"startupRole:FOLLOWER, id:"s10"address:"0.0.0.0:15010"clientAddress:"0.0.0.0:15010"adminAddress:"0.0.0.0:15010"startupRole:FOLLOWER, id:"s12"address:"0.0.0.0:15012"clientAddress:"0.0.0.0:15012"adminAddress:"0.0.0.0:15012"startupRole:FOLLOWER, id:"s0"address:"0.0.0.0:15000"clientAddress:"0.0.0.0:15000"adminAddress:"0.0.0.0:15000"startupRole:FOLLOWER, id:"s1"address:"0.0.0.0:15001"clientAddress:"0.0.0.0:15001"adminAddress:"0.0.0.0:15001"startupRole:FOLLOWER, old:id:"s10"address:"0.0.0.0:15010"clientAddress:"0.0.0.0:15010"adminAddress:"0.0.0.0:15010"startupRole:FOLLOWER, id:"s0"address:"0.0.0.0:15000"clientAddress:"0.0.0.0:15000"adminAddress:"0.0.0.0:15000"startupRole:FOLLOWER, id:"s1"address:"0.0.0.0:15001"clientAddress:"0.0.0.0:15001"adminAddress:"0.0.0.0:15001"startupRole:FOLLOWER)
2024-09-10 06:20:05,848 INFO  server.RaftServer$Division (ServerState.java:setRaftConf(386)) - s10@group-5D788F7A274C: set configuration conf: {index: 121, cur=peers:[s11|0.0.0.0:15011, s10|0.0.0.0:15010, s12|0.0.0.0:15012, s0|0.0.0.0:15000, s1|0.0.0.0:15001]|listeners:[], old=peers:[s10|0.0.0.0:15010, s0|0.0.0.0:15000, s1|0.0.0.0:15001]|listeners:[]}
2024-09-10 06:20:05,848 DEBUG server.RaftServer$Division (RaftServerImpl.java:logAppendEntries(1539)) - s10@group-5D788F7A274C: appendEntries* reply s0<-s10#422:OK-t1,SUCCESS,nextIndex=122,followerCommit=120,matchIndex=121
2024-09-10 06:20:05,849 DEBUG server.RaftServer$Division (RaftServerImpl.java:logAppendEntries(1539)) - s12@group-5D788F7A274C: appendEntries* s0->s12#3-t1,previous=(t:1, i:120),leaderCommit=120,initializing? false,entries: size=1, first=(t:1, i:121), CONFIGURATIONENTRY(current:id:"s11"address:"0.0.0.0:15011"clientAddress:"0.0.0.0:15011"adminAddress:"0.0.0.0:15011"startupRole:FOLLOWER, id:"s10"address:"0.0.0.0:15010"clientAddress:"0.0.0.0:15010"adminAddress:"0.0.0.0:15010"startupRole:FOLLOWER, id:"s12"address:"0.0.0.0:15012"clientAddress:"0.0.0.0:15012"adminAddress:"0.0.0.0:15012"startupRole:FOLLOWER, id:"s0"address:"0.0.0.0:15000"clientAddress:"0.0.0.0:15000"adminAddress:"0.0.0.0:15000"startupRole:FOLLOWER, id:"s1"address:"0.0.0.0:15001"clientAddress:"0.0.0.0:15001"adminAddress:"0.0.0.0:15001"startupRole:FOLLOWER, old:id:"s10"address:"0.0.0.0:15010"clientAddress:"0.0.0.0:15010"adminAddress:"0.0.0.0:15010"startupRole:FOLLOWER, id:"s0"address:"0.0.0.0:15000"clientAddress:"0.0.0.0:15000"adminAddress:"0.0.0.0:15000"startupRole:FOLLOWER, id:"s1"address:"0.0.0.0:15001"clientAddress:"0.0.0.0:15001"adminAddress:"0.0.0.0:15001"startupRole:FOLLOWER)
2024-09-10 06:20:05,849 INFO  impl.RoleInfo (RoleInfo.java:updateAndGet(148)) - s12: start s12@group-5D788F7A274C-FollowerState
2024-09-10 06:20:05,849 INFO  server.RaftServer$Division (ServerState.java:setRaftConf(386)) - s12@group-5D788F7A274C: set configuration conf: {index: 121, cur=peers:[s11|0.0.0.0:15011, s10|0.0.0.0:15010, s12|0.0.0.0:15012, s0|0.0.0.0:15000, s1|0.0.0.0:15001]|listeners:[], old=peers:[s10|0.0.0.0:15010, s0|0.0.0.0:15000, s1|0.0.0.0:15001]|listeners:[]}
2024-09-10 06:20:05,849 INFO  server.RaftServer$Division (ServerState.java:setRaftConf(386)) - s0@group-5D788F7A274C: set configuration conf: {index: 123, cur=peers:[s11|0.0.0.0:15011, s10|0.0.0.0:15010, s12|0.0.0.0:15012, s0|0.0.0.0:15000, s1|0.0.0.0:15001]|listeners:[], old=null}
2024-09-10 06:20:05,849 TRACE util.FileUtils (LogUtils.java:supplyAndLog(69)) - Successfully supplied FileChannel.open /home/runner/work/ratis/ratis/ratis-examples/target/test/data/f624d035/MiniRaftClusterWithGrpc4aa2bfeb/s0/746c2775-00df-41b8-9955-5d788f7a274c/current/raft-meta.conf.tmp with options [CREATE, WRITE]: sun.nio.ch.FileChannelImpl@2e4839bd
2024-09-10 06:20:05,850 DEBUG server.RaftServer$Division (RaftServerImpl.java:logAppendEntries(1539)) - s12@group-5D788F7A274C: appendEntries* reply s0<-s12#3:OK-t1,SUCCESS,nextIndex=122,followerCommit=120,matchIndex=121
2024-09-10 06:20:05,850 TRACE util.FileUtils (LogUtils.java:runAndLog(49)) - Successfully ran Atomic Files.move /home/runner/work/ratis/ratis/ratis-examples/target/test/data/f624d035/MiniRaftClusterWithGrpc4aa2bfeb/s12/746c2775-00df-41b8-9955-5d788f7a274c/current/raft-meta.conf.tmp to /home/runner/work/ratis/ratis/ratis-examples/target/test/data/f624d035/MiniRaftClusterWithGrpc4aa2bfeb/s12/746c2775-00df-41b8-9955-5d788f7a274c/current/raft-meta.conf with options [REPLACE_EXISTING]
2024-09-10 06:20:05,850 INFO  segmented.SegmentedRaftLogWorker (SegmentedRaftLogWorker.java:execute(660)) - s11@group-5D788F7A274C-SegmentedRaftLogWorker: created new log segment /home/runner/work/ratis/ratis/ratis-examples/target/test/data/f624d035/MiniRaftClusterWithGrpc4aa2bfeb/s11/746c2775-00df-41b8-9955-5d788f7a274c/current/log_inprogress_0
2024-09-10 06:20:05,852 DEBUG server.RaftServer$Division (RaftServerImpl.java:logAppendEntries(1539)) - s11@group-5D788F7A274C: appendEntries* s0->s11#4-t1,previous=(t:1, i:120),leaderCommit=120,initializing? false,entries: size=1, first=(t:1, i:121), CONFIGURATIONENTRY(current:id:"s11"address:"0.0.0.0:15011"clientAddress:"0.0.0.0:15011"adminAddress:"0.0.0.0:15011"startupRole:FOLLOWER, id:"s10"address:"0.0.0.0:15010"clientAddress:"0.0.0.0:15010"adminAddress:"0.0.0.0:15010"startupRole:FOLLOWER, id:"s12"address:"0.0.0.0:15012"clientAddress:"0.0.0.0:15012"adminAddress:"0.0.0.0:15012"startupRole:FOLLOWER, id:"s0"address:"0.0.0.0:15000"clientAddress:"0.0.0.0:15000"adminAddress:"0.0.0.0:15000"startupRole:FOLLOWER, id:"s1"address:"0.0.0.0:15001"clientAddress:"0.0.0.0:15001"adminAddress:"0.0.0.0:15001"startupRole:FOLLOWER, old:id:"s10"address:"0.0.0.0:15010"clientAddress:"0.0.0.0:15010"adminAddress:"0.0.0.0:15010"startupRole:FOLLOWER, id:"s0"address:"0.0.0.0:15000"clientAddress:"0.0.0.0:15000"adminAddress:"0.0.0.0:15000"startupRole:FOLLOWER, id:"s1"address:"0.0.0.0:15001"clientAddress:"0.0.0.0:15001"adminAddress:"0.0.0.0:15001"startupRole:FOLLOWER)
2024-09-10 06:20:05,852 INFO  impl.RoleInfo (RoleInfo.java:updateAndGet(148)) - s11: start s11@group-5D788F7A274C-FollowerState
2024-09-10 06:20:05,853 INFO  server.RaftServer$Division (ServerState.java:setRaftConf(386)) - s11@group-5D788F7A274C: set configuration conf: {index: 121, cur=peers:[s11|0.0.0.0:15011, s10|0.0.0.0:15010, s12|0.0.0.0:15012, s0|0.0.0.0:15000, s1|0.0.0.0:15001]|listeners:[], old=peers:[s10|0.0.0.0:15010, s0|0.0.0.0:15000, s1|0.0.0.0:15001]|listeners:[]}
2024-09-10 06:20:05,853 DEBUG server.RaftServer$Division (RaftServerImpl.java:logAppendEntries(1539)) - s10@group-5D788F7A274C: appendEntries* s0->s10#423-t1,previous=(t:1, i:121),leaderCommit=121,initializing? false,entries: size=2, first=(t:1, i:122), METADATAENTRY(c:121)
2024-09-10 06:20:05,853 INFO  server.RaftServer$Division (ServerState.java:setRaftConf(386)) - s10@group-5D788F7A274C: set configuration conf: {index: 123, cur=peers:[s11|0.0.0.0:15011, s10|0.0.0.0:15010, s12|0.0.0.0:15012, s0|0.0.0.0:15000, s1|0.0.0.0:15001]|listeners:[], old=null}
2024-09-10 06:20:05,854 DEBUG server.RaftServer$Division (RaftServerImpl.java:logAppendEntries(1539)) - s11@group-5D788F7A274C: appendEntries* reply s0<-s11#1:OK-t1,SUCCESS,nextIndex=121,followerCommit=120,matchIndex=120
2024-09-10 06:20:05,854 DEBUG server.RaftServer$Division (RaftServerImpl.java:logAppendEntries(1539)) - s1@group-5D788F7A274C: appendEntries* s0->s1#435-t1,previous=(t:1, i:121),leaderCommit=121,initializing? false,entries: size=1, first=(t:1, i:122), METADATAENTRY(c:121)
2024-09-10 06:20:05,854 DEBUG server.RaftServer$Division (RaftServerImpl.java:logAppendEntries(1539)) - s12@group-5D788F7A274C: appendEntries* s0->s12#4-t1,previous=(t:1, i:121),leaderCommit=121,initializing? false,entries: size=2, first=(t:1, i:122), METADATAENTRY(c:121)
2024-09-10 06:20:05,854 TRACE util.FileUtils (LogUtils.java:supplyAndLog(69)) - Successfully supplied FileChannel.open /home/runner/work/ratis/ratis/ratis-examples/target/test/data/f624d035/MiniRaftClusterWithGrpc4aa2bfeb/s11/746c2775-00df-41b8-9955-5d788f7a274c/current/raft-meta.conf.tmp with options [CREATE, WRITE]: sun.nio.ch.FileChannelImpl@507658a4
2024-09-10 06:20:05,854 DEBUG server.RaftServer$Division (RaftServerImpl.java:logAppendEntries(1539)) - s1@group-5D788F7A274C: appendEntries* reply s0<-s1#435:OK-t1,SUCCESS,nextIndex=123,followerCommit=121,matchIndex=122
2024-09-10 06:20:05,854 TRACE util.FileUtils (LogUtils.java:supplyAndLog(69)) - Successfully supplied FileChannel.open /home/runner/work/ratis/ratis/ratis-examples/target/test/data/f624d035/MiniRaftClusterWithGrpc4aa2bfeb/s1/746c2775-00df-41b8-9955-5d788f7a274c/current/raft-meta.conf.tmp with options [CREATE, WRITE]: sun.nio.ch.FileChannelImpl@21376a5d
2024-09-10 06:20:05,854 INFO  server.RaftServer$Division (ServerState.java:setRaftConf(386)) - s12@group-5D788F7A274C: set configuration conf: {index: 123, cur=peers:[s11|0.0.0.0:15011, s10|0.0.0.0:15010, s12|0.0.0.0:15012, s0|0.0.0.0:15000, s1|0.0.0.0:15001]|listeners:[], old=null}
2024-09-10 06:20:05,855 TRACE util.FileUtils (LogUtils.java:runAndLog(49)) - Successfully ran Atomic Files.move /home/runner/work/ratis/ratis/ratis-examples/target/test/data/f624d035/MiniRaftClusterWithGrpc4aa2bfeb/s0/746c2775-00df-41b8-9955-5d788f7a274c/current/raft-meta.conf.tmp to /home/runner/work/ratis/ratis/ratis-examples/target/test/data/f624d035/MiniRaftClusterWithGrpc4aa2bfeb/s0/746c2775-00df-41b8-9955-5d788f7a274c/current/raft-meta.conf with options [REPLACE_EXISTING]
2024-09-10 06:20:05,856 DEBUG server.RaftServer$Division (RaftServerImpl.java:logAppendEntries(1539)) - s1@group-5D788F7A274C: appendEntries* s0->s1#436-t1,previous=(t:1, i:122),leaderCommit=121,initializing? false,entries: size=1, first=(t:1, i:123), CONFIGURATIONENTRY(current:id:"s11"address:"0.0.0.0:15011"clientAddress:"0.0.0.0:15011"adminAddress:"0.0.0.0:15011"startupRole:FOLLOWER, id:"s10"address:"0.0.0.0:15010"clientAddress:"0.0.0.0:15010"adminAddress:"0.0.0.0:15010"startupRole:FOLLOWER, id:"s12"address:"0.0.0.0:15012"clientAddress:"0.0.0.0:15012"adminAddress:"0.0.0.0:15012"startupRole:FOLLOWER, id:"s0"address:"0.0.0.0:15000"clientAddress:"0.0.0.0:15000"adminAddress:"0.0.0.0:15000"startupRole:FOLLOWER, id:"s1"address:"0.0.0.0:15001"clientAddress:"0.0.0.0:15001"adminAddress:"0.0.0.0:15001"startupRole:FOLLOWER, old:)
2024-09-10 06:20:05,856 INFO  server.RaftServer$Division (ServerState.java:setRaftConf(386)) - s1@group-5D788F7A274C: set configuration conf: {index: 123, cur=peers:[s11|0.0.0.0:15011, s10|0.0.0.0:15010, s12|0.0.0.0:15012, s0|0.0.0.0:15000, s1|0.0.0.0:15001]|listeners:[], old=null}
2024-09-10 06:20:05,858 DEBUG server.RaftServer$Division (RaftServerImpl.java:logAppendEntries(1539)) - s12@group-5D788F7A274C: appendEntries* reply s0<-s12#4:OK-t1,SUCCESS,nextIndex=124,followerCommit=121,matchIndex=123
2024-09-10 06:20:05,858 DEBUG server.RaftServer$Division (RaftServerImpl.java:logAppendEntries(1539)) - s1@group-5D788F7A274C: appendEntries* reply s0<-s1#436:OK-t1,SUCCESS,nextIndex=124,followerCommit=121,matchIndex=123
2024-09-10 06:20:05,858 TRACE util.FileUtils (LogUtils.java:supplyAndLog(69)) - Successfully supplied FileChannel.open /home/runner/work/ratis/ratis/ratis-examples/target/test/data/f624d035/MiniRaftClusterWithGrpc4aa2bfeb/s12/746c2775-00df-41b8-9955-5d788f7a274c/current/raft-meta.conf.tmp with options [CREATE, WRITE]: sun.nio.ch.FileChannelImpl@1e29bcda
2024-09-10 06:20:05,858 TRACE util.FileUtils (LogUtils.java:runAndLog(49)) - Successfully ran Atomic Files.move /home/runner/work/ratis/ratis/ratis-examples/target/test/data/f624d035/MiniRaftClusterWithGrpc4aa2bfeb/s11/746c2775-00df-41b8-9955-5d788f7a274c/current/raft-meta.conf.tmp to /home/runner/work/ratis/ratis/ratis-examples/target/test/data/f624d035/MiniRaftClusterWithGrpc4aa2bfeb/s11/746c2775-00df-41b8-9955-5d788f7a274c/current/raft-meta.conf with options [REPLACE_EXISTING]
2024-09-10 06:20:05,858 DEBUG server.RaftServer$Division (RaftServerImpl.java:logAppendEntries(1539)) - s10@group-5D788F7A274C: appendEntries* reply s0<-s10#423:OK-t1,SUCCESS,nextIndex=124,followerCommit=121,matchIndex=123
2024-09-10 06:20:05,858 TRACE util.FileUtils (LogUtils.java:supplyAndLog(69)) - Successfully supplied FileChannel.open /home/runner/work/ratis/ratis/ratis-examples/target/test/data/f624d035/MiniRaftClusterWithGrpc4aa2bfeb/s10/746c2775-00df-41b8-9955-5d788f7a274c/current/raft-meta.conf.tmp with options [CREATE, WRITE]: sun.nio.ch.FileChannelImpl@53ee282f
2024-09-10 06:20:05,859 TRACE util.FileUtils (LogUtils.java:runAndLog(49)) - Successfully ran Atomic Files.move /home/runner/work/ratis/ratis/ratis-examples/target/test/data/f624d035/MiniRaftClusterWithGrpc4aa2bfeb/s1/746c2775-00df-41b8-9955-5d788f7a274c/current/raft-meta.conf.tmp to /home/runner/work/ratis/ratis/ratis-examples/target/test/data/f624d035/MiniRaftClusterWithGrpc4aa2bfeb/s1/746c2775-00df-41b8-9955-5d788f7a274c/current/raft-meta.conf with options [REPLACE_EXISTING]
2024-09-10 06:20:05,860 DEBUG server.RaftServer$Division (RaftServerImpl.java:logAppendEntries(1539)) - s11@group-5D788F7A274C: appendEntries* reply s0<-s11#4:OK-t1,SUCCESS,nextIndex=122,followerCommit=120,matchIndex=121
2024-09-10 06:20:05,860 DEBUG server.RaftServer$Division (RaftServerImpl.java:logAppendEntries(1539)) - s11@group-5D788F7A274C: appendEntries* s0->s11#5-t1,previous=(t:1, i:121),leaderCommit=121,initializing? false,entries: size=2, first=(t:1, i:122), METADATAENTRY(c:121)
2024-09-10 06:20:05,860 INFO  server.RaftServer$Division (ServerState.java:setRaftConf(386)) - s11@group-5D788F7A274C: set configuration conf: {index: 123, cur=peers:[s11|0.0.0.0:15011, s10|0.0.0.0:15010, s12|0.0.0.0:15012, s0|0.0.0.0:15000, s1|0.0.0.0:15001]|listeners:[], old=null}
2024-09-10 06:20:05,863 DEBUG server.RaftServer$Division (RaftServerImpl.java:logAppendEntries(1539)) - s11@group-5D788F7A274C: appendEntries* s0->s11#13-t1,previous=(t:1, i:123),leaderCommit=123,initializing? false,entries: size=1, first=(t:1, i:124), METADATAENTRY(c:123)
2024-09-10 06:20:05,864 DEBUG server.RaftServer$Division (RaftServerImpl.java:logAppendEntries(1539)) - s12@group-5D788F7A274C: appendEntries* s0->s12#10-t1,previous=(t:1, i:123),leaderCommit=123,initializing? false,entries: size=1, first=(t:1, i:124), METADATAENTRY(c:123)
2024-09-10 06:20:05,864 DEBUG server.RaftServer$Division (RaftServerImpl.java:logAppendEntries(1539)) - s1@group-5D788F7A274C: appendEntries* s0->s1#440-t1,previous=(t:1, i:123),leaderCommit=123,initializing? false,entries: size=1, first=(t:1, i:124), METADATAENTRY(c:123)
2024-09-10 06:20:05,864 DEBUG server.RaftServer$Division (RaftServerImpl.java:logAppendEntries(1539)) - s10@group-5D788F7A274C: appendEntries* s0->s10#428-t1,previous=(t:1, i:123),leaderCommit=123,initializing? false,entries: size=1, first=(t:1, i:124), METADATAENTRY(c:123)
2024-09-10 06:20:05,864 DEBUG server.RaftServer$Division (RaftServerImpl.java:logAppendEntries(1539)) - s11@group-5D788F7A274C: appendEntries* reply s0<-s11#13:OK-t1,SUCCESS,nextIndex=125,followerCommit=123,matchIndex=124
2024-09-10 06:20:05,864 DEBUG server.RaftServer$Division (RaftServerImpl.java:logAppendEntries(1539)) - s12@group-5D788F7A274C: appendEntries* reply s0<-s12#10:OK-t1,SUCCESS,nextIndex=125,followerCommit=123,matchIndex=124
2024-09-10 06:20:05,864 DEBUG server.RaftServer$Division (RaftServerImpl.java:logAppendEntries(1539)) - s11@group-5D788F7A274C: appendEntries* reply s0<-s11#5:OK-t1,SUCCESS,nextIndex=124,followerCommit=123,matchIndex=123
2024-09-10 06:20:05,864 DEBUG server.RaftServer$Division (RaftServerImpl.java:logAppendEntries(1539)) - s1@group-5D788F7A274C: appendEntries* reply s0<-s1#440:OK-t1,SUCCESS,nextIndex=125,followerCommit=123,matchIndex=124
2024-09-10 06:20:05,864 TRACE util.FileUtils (LogUtils.java:supplyAndLog(69)) - Successfully supplied FileChannel.open /home/runner/work/ratis/ratis/ratis-examples/target/test/data/f624d035/MiniRaftClusterWithGrpc4aa2bfeb/s1/746c2775-00df-41b8-9955-5d788f7a274c/current/raft-meta.conf.tmp with options [CREATE, WRITE]: sun.nio.ch.FileChannelImpl@2508eaa3
2024-09-10 06:20:05,866 DEBUG server.RaftServer$Division (RaftServerImpl.java:logAppendEntries(1539)) - s10@group-5D788F7A274C: appendEntries* reply s0<-s10#428:OK-t1,SUCCESS,nextIndex=125,followerCommit=123,matchIndex=124
2024-09-10 06:20:05,867 INFO  server.RaftServer$Division (RaftServerImpl.java:setConfigurationAsync(1326)) - s0@group-5D788F7A274C: receive setConfiguration SetConfigurationRequest:client-2409F4CBBFFE->s0@group-5D788F7A274C, cid=4495, seq=null, RW, null, SET_UNCONDITIONALLY, servers:[s3|0.0.0.0:15003, s11|0.0.0.0:15011, s10|0.0.0.0:15010, s13|0.0.0.0:15013, s12|0.0.0.0:15012, s14|0.0.0.0:15014, s0|0.0.0.0:15000, s1|0.0.0.0:15001, s2|0.0.0.0:15002], listeners:[]
2024-09-10 06:20:05,867 TRACE util.FileUtils (LogUtils.java:runAndLog(49)) - Successfully ran Atomic Files.move /home/runner/work/ratis/ratis/ratis-examples/target/test/data/f624d035/MiniRaftClusterWithGrpc4aa2bfeb/s1/746c2775-00df-41b8-9955-5d788f7a274c/current/raft-meta.conf.tmp to /home/runner/work/ratis/ratis/ratis-examples/target/test/data/f624d035/MiniRaftClusterWithGrpc4aa2bfeb/s1/746c2775-00df-41b8-9955-5d788f7a274c/current/raft-meta.conf with options [REPLACE_EXISTING]
2024-09-10 06:20:05,867 TRACE util.FileUtils (LogUtils.java:supplyAndLog(69)) - Successfully supplied FileChannel.open /home/runner/work/ratis/ratis/ratis-examples/target/test/data/f624d035/MiniRaftClusterWithGrpc4aa2bfeb/s0/746c2775-00df-41b8-9955-5d788f7a274c/current/raft-meta.conf.tmp with options [CREATE, WRITE]: sun.nio.ch.FileChannelImpl@6b4ab210
2024-09-10 06:20:05,867 INFO  server.RaftServer$Division (LeaderStateImpl.java:startSetConfiguration(489)) - s0@group-5D788F7A274C-LeaderStateImpl: startSetConfiguration SetConfigurationRequest:client-2409F4CBBFFE->s0@group-5D788F7A274C, cid=4495, seq=null, RW, null, SET_UNCONDITIONALLY, servers:[s3|0.0.0.0:15003, s11|0.0.0.0:15011, s10|0.0.0.0:15010, s13|0.0.0.0:15013, s12|0.0.0.0:15012, s14|0.0.0.0:15014, s0|0.0.0.0:15000, s1|0.0.0.0:15001, s2|0.0.0.0:15002], listeners:[]
2024-09-10 06:20:05,867 TRACE util.FileUtils (LogUtils.java:runAndLog(49)) - Successfully ran Atomic Files.move /home/runner/work/ratis/ratis/ratis-examples/target/test/data/f624d035/MiniRaftClusterWithGrpc4aa2bfeb/s10/746c2775-00df-41b8-9955-5d788f7a274c/current/raft-meta.conf.tmp to /home/runner/work/ratis/ratis/ratis-examples/target/test/data/f624d035/MiniRaftClusterWithGrpc4aa2bfeb/s10/746c2775-00df-41b8-9955-5d788f7a274c/current/raft-meta.conf with options [REPLACE_EXISTING]
2024-09-10 06:20:05,867 TRACE util.FileUtils (LogUtils.java:supplyAndLog(69)) - Successfully supplied FileChannel.open /home/runner/work/ratis/ratis/ratis-examples/target/test/data/f624d035/MiniRaftClusterWithGrpc4aa2bfeb/s10/746c2775-00df-41b8-9955-5d788f7a274c/current/raft-meta.conf.tmp with options [CREATE, WRITE]: sun.nio.ch.FileChannelImpl@57d1b68a
2024-09-10 06:20:05,867 INFO  server.RaftServerConfigKeys (ConfUtils.java:logGet(46)) - raft.server.log.appender.snapshot.chunk.size.max = 16MB (=16777216) (default)
2024-09-10 06:20:05,867 INFO  server.RaftServerConfigKeys (ConfUtils.java:logGet(46)) - raft.server.log.appender.buffer.byte-limit = 4MB (=4194304) (default)
2024-09-10 06:20:05,867 INFO  server.RaftServerConfigKeys (ConfUtils.java:logGet(46)) - raft.server.log.appender.buffer.element-limit = 0 (default)
2024-09-10 06:20:05,868 INFO  server.RaftServerConfigKeys (ConfUtils.java:logGet(46)) - raft.server.log.appender.wait-time.min = 1ms (default)
2024-09-10 06:20:05,868 INFO  grpc.GrpcConfigKeys (ConfUtils.java:logGet(46)) - raft.grpc.server.leader.outstanding.appends.max = 8 (default)
2024-09-10 06:20:05,868 INFO  server.RaftServerConfigKeys (ConfUtils.java:logGet(46)) - raft.server.rpc.request.timeout = 3000ms (default)
2024-09-10 06:20:05,868 INFO  grpc.GrpcConfigKeys (ConfUtils.java:logGet(46)) - raft.grpc.server.install_snapshot.request.element-limit = 8 (default)
2024-09-10 06:20:05,868 INFO  grpc.GrpcConfigKeys (ConfUtils.java:logGet(46)) - raft.grpc.server.install_snapshot.request.timeout = 3000ms (default)
2024-09-10 06:20:05,868 INFO  grpc.GrpcConfigKeys (ConfUtils.java:logGet(46)) - raft.grpc.server.log-message.batch.duration = 5s (default)
2024-09-10 06:20:05,868 INFO  server.RaftServerConfigKeys (ConfUtils.java:logGet(46)) - raft.server.log.appender.install.snapshot.enabled = true (default)
2024-09-10 06:20:05,868 INFO  grpc.GrpcConfigKeys (ConfUtils.java:logGet(46)) - raft.grpc.server.heartbeat.channel = true (default)
2024-09-10 06:20:05,868 INFO  server.RaftServerConfigKeys (ConfUtils.java:logGet(46)) - raft.server.log.appender.snapshot.chunk.size.max = 16MB (=16777216) (default)
2024-09-10 06:20:05,868 INFO  server.RaftServerConfigKeys (ConfUtils.java:logGet(46)) - raft.server.log.appender.buffer.byte-limit = 4MB (=4194304) (default)
2024-09-10 06:20:05,868 INFO  server.RaftServerConfigKeys (ConfUtils.java:logGet(46)) - raft.server.log.appender.buffer.element-limit = 0 (default)
2024-09-10 06:20:05,868 INFO  server.RaftServerConfigKeys (ConfUtils.java:logGet(46)) - raft.server.log.appender.wait-time.min = 1ms (default)
2024-09-10 06:20:05,869 INFO  grpc.GrpcConfigKeys (ConfUtils.java:logGet(46)) - raft.grpc.server.leader.outstanding.appends.max = 8 (default)
2024-09-10 06:20:05,869 INFO  server.RaftServerConfigKeys (ConfUtils.java:logGet(46)) - raft.server.rpc.request.timeout = 3000ms (default)
2024-09-10 06:20:05,869 INFO  grpc.GrpcConfigKeys (ConfUtils.java:logGet(46)) - raft.grpc.server.install_snapshot.request.element-limit = 8 (default)
2024-09-10 06:20:05,869 INFO  grpc.GrpcConfigKeys (ConfUtils.java:logGet(46)) - raft.grpc.server.install_snapshot.request.timeout = 3000ms (default)
2024-09-10 06:20:05,869 INFO  grpc.GrpcConfigKeys (ConfUtils.java:logGet(46)) - raft.grpc.server.log-message.batch.duration = 5s (default)
2024-09-10 06:20:05,869 INFO  server.RaftServerConfigKeys (ConfUtils.java:logGet(46)) - raft.server.log.appender.install.snapshot.enabled = true (default)
2024-09-10 06:20:05,869 INFO  grpc.GrpcConfigKeys (ConfUtils.java:logGet(46)) - raft.grpc.server.heartbeat.channel = true (default)
2024-09-10 06:20:05,869 INFO  server.RaftServerConfigKeys (ConfUtils.java:logGet(46)) - raft.server.log.appender.snapshot.chunk.size.max = 16MB (=16777216) (default)
2024-09-10 06:20:05,869 INFO  server.RaftServerConfigKeys (ConfUtils.java:logGet(46)) - raft.server.log.appender.buffer.byte-limit = 4MB (=4194304) (default)
2024-09-10 06:20:05,869 INFO  server.RaftServerConfigKeys (ConfUtils.java:logGet(46)) - raft.server.log.appender.buffer.element-limit = 0 (default)
2024-09-10 06:20:05,869 INFO  server.RaftServerConfigKeys (ConfUtils.java:logGet(46)) - raft.server.log.appender.wait-time.min = 1ms (default)
2024-09-10 06:20:05,869 INFO  grpc.GrpcConfigKeys (ConfUtils.java:logGet(46)) - raft.grpc.server.leader.outstanding.appends.max = 8 (default)
2024-09-10 06:20:05,869 INFO  server.RaftServerConfigKeys (ConfUtils.java:logGet(46)) - raft.server.rpc.request.timeout = 3000ms (default)
2024-09-10 06:20:05,870 INFO  grpc.GrpcConfigKeys (ConfUtils.java:logGet(46)) - raft.grpc.server.install_snapshot.request.element-limit = 8 (default)
2024-09-10 06:20:05,870 INFO  grpc.GrpcConfigKeys (ConfUtils.java:logGet(46)) - raft.grpc.server.install_snapshot.request.timeout = 3000ms (default)
2024-09-10 06:20:05,870 INFO  grpc.GrpcConfigKeys (ConfUtils.java:logGet(46)) - raft.grpc.server.log-message.batch.duration = 5s (default)
2024-09-10 06:20:05,870 INFO  server.RaftServerConfigKeys (ConfUtils.java:logGet(46)) - raft.server.log.appender.install.snapshot.enabled = true (default)
2024-09-10 06:20:05,870 INFO  grpc.GrpcConfigKeys (ConfUtils.java:logGet(46)) - raft.grpc.server.heartbeat.channel = true (default)
2024-09-10 06:20:05,870 INFO  server.RaftServerConfigKeys (ConfUtils.java:logGet(46)) - raft.server.log.appender.snapshot.chunk.size.max = 16MB (=16777216) (default)
2024-09-10 06:20:05,870 INFO  server.RaftServerConfigKeys (ConfUtils.java:logGet(46)) - raft.server.log.appender.buffer.byte-limit = 4MB (=4194304) (default)
2024-09-10 06:20:05,870 INFO  server.RaftServerConfigKeys (ConfUtils.java:logGet(46)) - raft.server.log.appender.buffer.element-limit = 0 (default)
2024-09-10 06:20:05,870 TRACE util.FileUtils (LogUtils.java:supplyAndLog(69)) - Successfully supplied FileChannel.open /home/runner/work/ratis/ratis/ratis-examples/target/test/data/f624d035/MiniRaftClusterWithGrpc4aa2bfeb/s11/746c2775-00df-41b8-9955-5d788f7a274c/current/raft-meta.conf.tmp with options [CREATE, WRITE]: sun.nio.ch.FileChannelImpl@5eb1acda
2024-09-10 06:20:05,870 INFO  server.RaftServerConfigKeys (ConfUtils.java:logGet(46)) - raft.server.log.appender.wait-time.min = 1ms (default)
2024-09-10 06:20:05,871 INFO  grpc.GrpcConfigKeys (ConfUtils.java:logGet(46)) - raft.grpc.server.leader.outstanding.appends.max = 8 (default)
2024-09-10 06:20:05,871 INFO  server.RaftServerConfigKeys (ConfUtils.java:logGet(46)) - raft.server.rpc.request.timeout = 3000ms (default)
2024-09-10 06:20:05,871 INFO  grpc.GrpcConfigKeys (ConfUtils.java:logGet(46)) - raft.grpc.server.install_snapshot.request.element-limit = 8 (default)
2024-09-10 06:20:05,871 INFO  grpc.GrpcConfigKeys (ConfUtils.java:logGet(46)) - raft.grpc.server.install_snapshot.request.timeout = 3000ms (default)
2024-09-10 06:20:05,871 INFO  grpc.GrpcConfigKeys (ConfUtils.java:logGet(46)) - raft.grpc.server.log-message.batch.duration = 5s (default)
2024-09-10 06:20:05,871 INFO  server.RaftServerConfigKeys (ConfUtils.java:logGet(46)) - raft.server.log.appender.install.snapshot.enabled = true (default)
2024-09-10 06:20:05,871 INFO  grpc.GrpcConfigKeys (ConfUtils.java:logGet(46)) - raft.grpc.server.heartbeat.channel = true (default)
2024-09-10 06:20:05,872 TRACE util.FileUtils (LogUtils.java:runAndLog(49)) - Successfully ran Atomic Files.move /home/runner/work/ratis/ratis/ratis-examples/target/test/data/f624d035/MiniRaftClusterWithGrpc4aa2bfeb/s12/746c2775-00df-41b8-9955-5d788f7a274c/current/raft-meta.conf.tmp to /home/runner/work/ratis/ratis/ratis-examples/target/test/data/f624d035/MiniRaftClusterWithGrpc4aa2bfeb/s12/746c2775-00df-41b8-9955-5d788f7a274c/current/raft-meta.conf with options [REPLACE_EXISTING]
2024-09-10 06:20:05,873 TRACE util.FileUtils (LogUtils.java:supplyAndLog(69)) - Successfully supplied FileChannel.open /home/runner/work/ratis/ratis/ratis-examples/target/test/data/f624d035/MiniRaftClusterWithGrpc4aa2bfeb/s12/746c2775-00df-41b8-9955-5d788f7a274c/current/raft-meta.conf.tmp with options [CREATE, WRITE]: sun.nio.ch.FileChannelImpl@1a163bc7
2024-09-10 06:20:05,873 TRACE util.FileUtils (LogUtils.java:runAndLog(49)) - Successfully ran Atomic Files.move /home/runner/work/ratis/ratis/ratis-examples/target/test/data/f624d035/MiniRaftClusterWithGrpc4aa2bfeb/s10/746c2775-00df-41b8-9955-5d788f7a274c/current/raft-meta.conf.tmp to /home/runner/work/ratis/ratis/ratis-examples/target/test/data/f624d035/MiniRaftClusterWithGrpc4aa2bfeb/s10/746c2775-00df-41b8-9955-5d788f7a274c/current/raft-meta.conf with options [REPLACE_EXISTING]
2024-09-10 06:20:05,873 TRACE util.FileUtils (LogUtils.java:runAndLog(49)) - Successfully ran Atomic Files.move /home/runner/work/ratis/ratis/ratis-examples/target/test/data/f624d035/MiniRaftClusterWithGrpc4aa2bfeb/s11/746c2775-00df-41b8-9955-5d788f7a274c/current/raft-meta.conf.tmp to /home/runner/work/ratis/ratis/ratis-examples/target/test/data/f624d035/MiniRaftClusterWithGrpc4aa2bfeb/s11/746c2775-00df-41b8-9955-5d788f7a274c/current/raft-meta.conf with options [REPLACE_EXISTING]
2024-09-10 06:20:05,873 TRACE util.FileUtils (LogUtils.java:supplyAndLog(69)) - Successfully supplied FileChannel.open /home/runner/work/ratis/ratis/ratis-examples/target/test/data/f624d035/MiniRaftClusterWithGrpc4aa2bfeb/s11/746c2775-00df-41b8-9955-5d788f7a274c/current/raft-meta.conf.tmp with options [CREATE, WRITE]: sun.nio.ch.FileChannelImpl@5a8e33d4
2024-09-10 06:20:05,873 TRACE util.FileUtils (LogUtils.java:runAndLog(49)) - Successfully ran Atomic Files.move /home/runner/work/ratis/ratis/ratis-examples/target/test/data/f624d035/MiniRaftClusterWithGrpc4aa2bfeb/s0/746c2775-00df-41b8-9955-5d788f7a274c/current/raft-meta.conf.tmp to /home/runner/work/ratis/ratis/ratis-examples/target/test/data/f624d035/MiniRaftClusterWithGrpc4aa2bfeb/s0/746c2775-00df-41b8-9955-5d788f7a274c/current/raft-meta.conf with options [REPLACE_EXISTING]
2024-09-10 06:20:05,874 INFO  leader.FollowerInfo (FollowerInfoImpl.java:setAttemptedToInstallSnapshot(154)) - Follower s0@group-5D788F7A274C->s13 acknowledged installing snapshot
2024-09-10 06:20:05,875 TRACE util.FileUtils (LogUtils.java:runAndLog(49)) - Successfully ran Atomic Files.move /home/runner/work/ratis/ratis/ratis-examples/target/test/data/f624d035/MiniRaftClusterWithGrpc4aa2bfeb/s12/746c2775-00df-41b8-9955-5d788f7a274c/current/raft-meta.conf.tmp to /home/runner/work/ratis/ratis/ratis-examples/target/test/data/f624d035/MiniRaftClusterWithGrpc4aa2bfeb/s12/746c2775-00df-41b8-9955-5d788f7a274c/current/raft-meta.conf with options [REPLACE_EXISTING]
2024-09-10 06:20:05,875 INFO  server.GrpcServerProtocolClient (GrpcServerProtocolClient.java:<init>(65)) - Build channel for s13|0.0.0.0:15013
2024-09-10 06:20:05,875 TRACE util.FileUtils (LogUtils.java:runAndLog(49)) - Successfully ran Atomic Files.move /home/runner/work/ratis/ratis/ratis-examples/target/test/data/f624d035/MiniRaftClusterWithGrpc4aa2bfeb/s11/746c2775-00df-41b8-9955-5d788f7a274c/current/raft-meta.conf.tmp to /home/runner/work/ratis/ratis/ratis-examples/target/test/data/f624d035/MiniRaftClusterWithGrpc4aa2bfeb/s11/746c2775-00df-41b8-9955-5d788f7a274c/current/raft-meta.conf with options [REPLACE_EXISTING]
2024-09-10 06:20:05,879 INFO  leader.FollowerInfo (FollowerInfoImpl.java:setAttemptedToInstallSnapshot(154)) - Follower s0@group-5D788F7A274C->s14 acknowledged installing snapshot
2024-09-10 06:20:05,879 INFO  server.GrpcServerProtocolClient (GrpcServerProtocolClient.java:<init>(65)) - Build channel for s14|0.0.0.0:15014
2024-09-10 06:20:05,875 INFO  leader.FollowerInfo (FollowerInfoImpl.java:setAttemptedToInstallSnapshot(154)) - Follower s0@group-5D788F7A274C->s3 acknowledged installing snapshot
2024-09-10 06:20:05,880 INFO  server.GrpcServerProtocolClient (GrpcServerProtocolClient.java:<init>(65)) - Build channel for s3|0.0.0.0:15003
2024-09-10 06:20:05,882 INFO  leader.FollowerInfo (FollowerInfoImpl.java:setAttemptedToInstallSnapshot(154)) - Follower s0@group-5D788F7A274C->s2 acknowledged installing snapshot
2024-09-10 06:20:05,882 INFO  server.GrpcServerProtocolClient (GrpcServerProtocolClient.java:<init>(65)) - Build channel for s2|0.0.0.0:15002
2024-09-10 06:20:05,888 TRACE util.FileUtils (LogUtils.java:supplyAndLog(69)) - Successfully supplied FileChannel.open /home/runner/work/ratis/ratis/ratis-examples/target/test/data/f624d035/MiniRaftClusterWithGrpc4aa2bfeb/s13/746c2775-00df-41b8-9955-5d788f7a274c/current/raft-meta.tmp with options [CREATE, WRITE]: sun.nio.ch.FileChannelImpl@979153
2024-09-10 06:20:05,889 TRACE util.FileUtils (LogUtils.java:runAndLog(49)) - Successfully ran Atomic Files.move /home/runner/work/ratis/ratis/ratis-examples/target/test/data/f624d035/MiniRaftClusterWithGrpc4aa2bfeb/s13/746c2775-00df-41b8-9955-5d788f7a274c/current/raft-meta.tmp to /home/runner/work/ratis/ratis/ratis-examples/target/test/data/f624d035/MiniRaftClusterWithGrpc4aa2bfeb/s13/746c2775-00df-41b8-9955-5d788f7a274c/current/raft-meta with options [REPLACE_EXISTING]
2024-09-10 06:20:05,889 INFO  server.RaftServer$Division (RaftServerImpl.java:setFirstElection(559)) - s13@group-5D788F7A274C: set firstElectionSinceStartup to false for appendEntries
2024-09-10 06:20:05,889 INFO  server.RaftServer$Division (ServerState.java:setLeader(272)) - s13@group-5D788F7A274C: change Leader from null to s0 at term 1 for appendEntries, leader elected after 274ms
2024-09-10 06:20:05,903 DEBUG server.RaftServer$Division (RaftServerImpl.java:logAppendEntries(1539)) - s13@group-5D788F7A274C: appendEntries* s0->s13#1-t1,previous=(t:0, i:0),leaderCommit=124,initializing? true,entries: size=125, first=(t:1, i:0), CONFIGURATIONENTRY(current:id:"s10"address:"0.0.0.0:15010"clientAddress:"0.0.0.0:15010"adminAddress:"0.0.0.0:15010"startupRole:FOLLOWER, id:"s0"address:"0.0.0.0:15000"clientAddress:"0.0.0.0:15000"adminAddress:"0.0.0.0:15000"startupRole:FOLLOWER, id:"s1"address:"0.0.0.0:15001"clientAddress:"0.0.0.0:15001"adminAddress:"0.0.0.0:15001"startupRole:FOLLOWER, old:)
2024-09-10 06:20:05,904 INFO  server.RaftServer$Division (ServerState.java:setRaftConf(386)) - s13@group-5D788F7A274C: set configuration conf: {index: 0, cur=peers:[s10|0.0.0.0:15010, s0|0.0.0.0:15000, s1|0.0.0.0:15001]|listeners:[], old=null}
2024-09-10 06:20:05,904 INFO  server.RaftServer$Division (ServerState.java:setRaftConf(386)) - s13@group-5D788F7A274C: set configuration conf: {index: 121, cur=peers:[s11|0.0.0.0:15011, s10|0.0.0.0:15010, s12|0.0.0.0:15012, s0|0.0.0.0:15000, s1|0.0.0.0:15001]|listeners:[], old=peers:[s10|0.0.0.0:15010, s0|0.0.0.0:15000, s1|0.0.0.0:15001]|listeners:[]}
2024-09-10 06:20:05,904 INFO  server.RaftServer$Division (ServerState.java:setRaftConf(386)) - s13@group-5D788F7A274C: set configuration conf: {index: 123, cur=peers:[s11|0.0.0.0:15011, s10|0.0.0.0:15010, s12|0.0.0.0:15012, s0|0.0.0.0:15000, s1|0.0.0.0:15001]|listeners:[], old=null}
2024-09-10 06:20:05,904 INFO  segmented.SegmentedRaftLogWorker (SegmentedRaftLogWorker.java:startLogSegment(438)) - s13@group-5D788F7A274C-SegmentedRaftLogWorker: Starting segment from index:0
2024-09-10 06:20:05,907 TRACE util.FileUtils (LogUtils.java:supplyAndLog(69)) - Successfully supplied FileChannel.open /home/runner/work/ratis/ratis/ratis-examples/target/test/data/f624d035/MiniRaftClusterWithGrpc4aa2bfeb/s2/746c2775-00df-41b8-9955-5d788f7a274c/current/raft-meta.tmp with options [CREATE, WRITE]: sun.nio.ch.FileChannelImpl@4153a695
2024-09-10 06:20:05,908 TRACE util.FileUtils (LogUtils.java:supplyAndLog(69)) - Successfully supplied FileChannel.open /home/runner/work/ratis/ratis/ratis-examples/target/test/data/f624d035/MiniRaftClusterWithGrpc4aa2bfeb/s14/746c2775-00df-41b8-9955-5d788f7a274c/current/raft-meta.tmp with options [CREATE, WRITE]: sun.nio.ch.FileChannelImpl@3b04c3
2024-09-10 06:20:05,909 INFO  segmented.BufferedWriteChannel (BufferedWriteChannel.java:open(61)) - open log_inprogress_0 at position 0
2024-09-10 06:20:05,909 TRACE util.FileUtils (LogUtils.java:supplyAndLog(69)) - Successfully supplied FileChannel.open /home/runner/work/ratis/ratis/ratis-examples/target/test/data/f624d035/MiniRaftClusterWithGrpc4aa2bfeb/s3/746c2775-00df-41b8-9955-5d788f7a274c/current/raft-meta.tmp with options [CREATE, WRITE]: sun.nio.ch.FileChannelImpl@645748aa
2024-09-10 06:20:05,909 TRACE util.FileUtils (LogUtils.java:runAndLog(49)) - Successfully ran Atomic Files.move /home/runner/work/ratis/ratis/ratis-examples/target/test/data/f624d035/MiniRaftClusterWithGrpc4aa2bfeb/s2/746c2775-00df-41b8-9955-5d788f7a274c/current/raft-meta.tmp to /home/runner/work/ratis/ratis/ratis-examples/target/test/data/f624d035/MiniRaftClusterWithGrpc4aa2bfeb/s2/746c2775-00df-41b8-9955-5d788f7a274c/current/raft-meta with options [REPLACE_EXISTING]
2024-09-10 06:20:05,909 INFO  server.RaftServer$Division (RaftServerImpl.java:setFirstElection(559)) - s2@group-5D788F7A274C: set firstElectionSinceStartup to false for appendEntries
2024-09-10 06:20:05,909 INFO  server.RaftServer$Division (ServerState.java:setLeader(272)) - s2@group-5D788F7A274C: change Leader from null to s0 at term 1 for appendEntries, leader elected after 220ms
2024-09-10 06:20:05,910 TRACE util.FileUtils (LogUtils.java:runAndLog(49)) - Successfully ran Atomic Files.move /home/runner/work/ratis/ratis/ratis-examples/target/test/data/f624d035/MiniRaftClusterWithGrpc4aa2bfeb/s3/746c2775-00df-41b8-9955-5d788f7a274c/current/raft-meta.tmp to /home/runner/work/ratis/ratis/ratis-examples/target/test/data/f624d035/MiniRaftClusterWithGrpc4aa2bfeb/s3/746c2775-00df-41b8-9955-5d788f7a274c/current/raft-meta with options [REPLACE_EXISTING]
2024-09-10 06:20:05,910 INFO  server.RaftServer$Division (RaftServerImpl.java:setFirstElection(559)) - s3@group-5D788F7A274C: set firstElectionSinceStartup to false for appendEntries
2024-09-10 06:20:05,910 INFO  server.RaftServer$Division (ServerState.java:setLeader(272)) - s3@group-5D788F7A274C: change Leader from null to s0 at term 1 for appendEntries, leader elected after 264ms
2024-09-10 06:20:05,911 DEBUG server.RaftServer$Division (RaftServerImpl.java:logAppendEntries(1539)) - s2@group-5D788F7A274C: appendEntries* s0->s2#1-t1,previous=(t:0, i:0),leaderCommit=124,initializing? true,entries: size=125, first=(t:1, i:0), CONFIGURATIONENTRY(current:id:"s10"address:"0.0.0.0:15010"clientAddress:"0.0.0.0:15010"adminAddress:"0.0.0.0:15010"startupRole:FOLLOWER, id:"s0"address:"0.0.0.0:15000"clientAddress:"0.0.0.0:15000"adminAddress:"0.0.0.0:15000"startupRole:FOLLOWER, id:"s1"address:"0.0.0.0:15001"clientAddress:"0.0.0.0:15001"adminAddress:"0.0.0.0:15001"startupRole:FOLLOWER, old:)
2024-09-10 06:20:05,912 INFO  server.RaftServer$Division (ServerState.java:setRaftConf(386)) - s2@group-5D788F7A274C: set configuration conf: {index: 0, cur=peers:[s10|0.0.0.0:15010, s0|0.0.0.0:15000, s1|0.0.0.0:15001]|listeners:[], old=null}
2024-09-10 06:20:05,912 INFO  server.RaftServer$Division (ServerState.java:setRaftConf(386)) - s2@group-5D788F7A274C: set configuration conf: {index: 121, cur=peers:[s11|0.0.0.0:15011, s10|0.0.0.0:15010, s12|0.0.0.0:15012, s0|0.0.0.0:15000, s1|0.0.0.0:15001]|listeners:[], old=peers:[s10|0.0.0.0:15010, s0|0.0.0.0:15000, s1|0.0.0.0:15001]|listeners:[]}
2024-09-10 06:20:05,912 INFO  server.RaftServer$Division (ServerState.java:setRaftConf(386)) - s2@group-5D788F7A274C: set configuration conf: {index: 123, cur=peers:[s11|0.0.0.0:15011, s10|0.0.0.0:15010, s12|0.0.0.0:15012, s0|0.0.0.0:15000, s1|0.0.0.0:15001]|listeners:[], old=null}
2024-09-10 06:20:05,912 INFO  segmented.SegmentedRaftLogWorker (SegmentedRaftLogWorker.java:startLogSegment(438)) - s2@group-5D788F7A274C-SegmentedRaftLogWorker: Starting segment from index:0
2024-09-10 06:20:05,916 DEBUG server.RaftServer$Division (RaftServerImpl.java:logAppendEntries(1539)) - s3@group-5D788F7A274C: appendEntries* s0->s3#1-t1,previous=(t:0, i:0),leaderCommit=124,initializing? true,entries: size=125, first=(t:1, i:0), CONFIGURATIONENTRY(current:id:"s10"address:"0.0.0.0:15010"clientAddress:"0.0.0.0:15010"adminAddress:"0.0.0.0:15010"startupRole:FOLLOWER, id:"s0"address:"0.0.0.0:15000"clientAddress:"0.0.0.0:15000"adminAddress:"0.0.0.0:15000"startupRole:FOLLOWER, id:"s1"address:"0.0.0.0:15001"clientAddress:"0.0.0.0:15001"adminAddress:"0.0.0.0:15001"startupRole:FOLLOWER, old:)
2024-09-10 06:20:05,916 INFO  server.RaftServer$Division (ServerState.java:setRaftConf(386)) - s3@group-5D788F7A274C: set configuration conf: {index: 0, cur=peers:[s10|0.0.0.0:15010, s0|0.0.0.0:15000, s1|0.0.0.0:15001]|listeners:[], old=null}
2024-09-10 06:20:05,916 INFO  server.RaftServer$Division (ServerState.java:setRaftConf(386)) - s3@group-5D788F7A274C: set configuration conf: {index: 121, cur=peers:[s11|0.0.0.0:15011, s10|0.0.0.0:15010, s12|0.0.0.0:15012, s0|0.0.0.0:15000, s1|0.0.0.0:15001]|listeners:[], old=peers:[s10|0.0.0.0:15010, s0|0.0.0.0:15000, s1|0.0.0.0:15001]|listeners:[]}
2024-09-10 06:20:05,916 INFO  server.RaftServer$Division (ServerState.java:setRaftConf(386)) - s3@group-5D788F7A274C: set configuration conf: {index: 123, cur=peers:[s11|0.0.0.0:15011, s10|0.0.0.0:15010, s12|0.0.0.0:15012, s0|0.0.0.0:15000, s1|0.0.0.0:15001]|listeners:[], old=null}
2024-09-10 06:20:05,916 INFO  segmented.SegmentedRaftLogWorker (SegmentedRaftLogWorker.java:startLogSegment(438)) - s3@group-5D788F7A274C-SegmentedRaftLogWorker: Starting segment from index:0
2024-09-10 06:20:05,917 DEBUG server.RaftServer$Division (RaftServerImpl.java:logAppendEntries(1539)) - s14@group-5D788F7A274C: appendEntries* s0->s14#1-t1,previous=(t:0, i:0),leaderCommit=124,initializing? true,entries: size=125, first=(t:1, i:0), CONFIGURATIONENTRY(current:id:"s10"address:"0.0.0.0:15010"clientAddress:"0.0.0.0:15010"adminAddress:"0.0.0.0:15010"startupRole:FOLLOWER, id:"s0"address:"0.0.0.0:15000"clientAddress:"0.0.0.0:15000"adminAddress:"0.0.0.0:15000"startupRole:FOLLOWER, id:"s1"address:"0.0.0.0:15001"clientAddress:"0.0.0.0:15001"adminAddress:"0.0.0.0:15001"startupRole:FOLLOWER, old:)
2024-09-10 06:20:05,920 INFO  segmented.BufferedWriteChannel (BufferedWriteChannel.java:open(61)) - open log_inprogress_0 at position 0
2024-09-10 06:20:05,920 TRACE util.FileUtils (LogUtils.java:runAndLog(49)) - Successfully ran Atomic Files.move /home/runner/work/ratis/ratis/ratis-examples/target/test/data/f624d035/MiniRaftClusterWithGrpc4aa2bfeb/s14/746c2775-00df-41b8-9955-5d788f7a274c/current/raft-meta.tmp to /home/runner/work/ratis/ratis/ratis-examples/target/test/data/f624d035/MiniRaftClusterWithGrpc4aa2bfeb/s14/746c2775-00df-41b8-9955-5d788f7a274c/current/raft-meta with options [REPLACE_EXISTING]
2024-09-10 06:20:05,920 INFO  server.RaftServer$Division (RaftServerImpl.java:setFirstElection(559)) - s14@group-5D788F7A274C: set firstElectionSinceStartup to false for appendEntries
2024-09-10 06:20:05,920 INFO  server.RaftServer$Division (ServerState.java:setLeader(272)) - s14@group-5D788F7A274C: change Leader from null to s0 at term 1 for appendEntries, leader elected after 254ms
2024-09-10 06:20:05,920 INFO  segmented.SegmentedRaftLogWorker (SegmentedRaftLogWorker.java:execute(660)) - s13@group-5D788F7A274C-SegmentedRaftLogWorker: created new log segment /home/runner/work/ratis/ratis/ratis-examples/target/test/data/f624d035/MiniRaftClusterWithGrpc4aa2bfeb/s13/746c2775-00df-41b8-9955-5d788f7a274c/current/log_inprogress_0
2024-09-10 06:20:05,920 INFO  server.RaftServer$Division (ServerState.java:setRaftConf(386)) - s14@group-5D788F7A274C: set configuration conf: {index: 0, cur=peers:[s10|0.0.0.0:15010, s0|0.0.0.0:15000, s1|0.0.0.0:15001]|listeners:[], old=null}
2024-09-10 06:20:05,920 INFO  server.RaftServer$Division (ServerState.java:setRaftConf(386)) - s14@group-5D788F7A274C: set configuration conf: {index: 121, cur=peers:[s11|0.0.0.0:15011, s10|0.0.0.0:15010, s12|0.0.0.0:15012, s0|0.0.0.0:15000, s1|0.0.0.0:15001]|listeners:[], old=peers:[s10|0.0.0.0:15010, s0|0.0.0.0:15000, s1|0.0.0.0:15001]|listeners:[]}
2024-09-10 06:20:05,920 INFO  server.RaftServer$Division (ServerState.java:setRaftConf(386)) - s14@group-5D788F7A274C: set configuration conf: {index: 123, cur=peers:[s11|0.0.0.0:15011, s10|0.0.0.0:15010, s12|0.0.0.0:15012, s0|0.0.0.0:15000, s1|0.0.0.0:15001]|listeners:[], old=null}
2024-09-10 06:20:05,920 INFO  segmented.SegmentedRaftLogWorker (SegmentedRaftLogWorker.java:startLogSegment(438)) - s14@group-5D788F7A274C-SegmentedRaftLogWorker: Starting segment from index:0
2024-09-10 06:20:05,920 INFO  segmented.BufferedWriteChannel (BufferedWriteChannel.java:open(61)) - open log_inprogress_0 at position 0
2024-09-10 06:20:05,927 INFO  segmented.BufferedWriteChannel (BufferedWriteChannel.java:open(61)) - open log_inprogress_0 at position 0
2024-09-10 06:20:05,927 DEBUG server.RaftServer$Division (RaftServerImpl.java:logAppendEntries(1539)) - s13@group-5D788F7A274C: appendEntries* reply s0<-s13#1:OK-t1,SUCCESS,nextIndex=125,followerCommit=124,matchIndex=124
2024-09-10 06:20:05,927 TRACE util.FileUtils (LogUtils.java:supplyAndLog(69)) - Successfully supplied FileChannel.open /home/runner/work/ratis/ratis/ratis-examples/target/test/data/f624d035/MiniRaftClusterWithGrpc4aa2bfeb/s13/746c2775-00df-41b8-9955-5d788f7a274c/current/raft-meta.conf.tmp with options [CREATE, WRITE]: sun.nio.ch.FileChannelImpl@5d8a6f9c
2024-09-10 06:20:05,933 INFO  segmented.SegmentedRaftLogWorker (SegmentedRaftLogWorker.java:execute(660)) - s2@group-5D788F7A274C-SegmentedRaftLogWorker: created new log segment /home/runner/work/ratis/ratis/ratis-examples/target/test/data/f624d035/MiniRaftClusterWithGrpc4aa2bfeb/s2/746c2775-00df-41b8-9955-5d788f7a274c/current/log_inprogress_0
2024-09-10 06:20:05,936 TRACE util.FileUtils (LogUtils.java:runAndLog(49)) - Successfully ran Atomic Files.move /home/runner/work/ratis/ratis/ratis-examples/target/test/data/f624d035/MiniRaftClusterWithGrpc4aa2bfeb/s13/746c2775-00df-41b8-9955-5d788f7a274c/current/raft-meta.conf.tmp to /home/runner/work/ratis/ratis/ratis-examples/target/test/data/f624d035/MiniRaftClusterWithGrpc4aa2bfeb/s13/746c2775-00df-41b8-9955-5d788f7a274c/current/raft-meta.conf with options [REPLACE_EXISTING]
2024-09-10 06:20:05,939 TRACE util.FileUtils (LogUtils.java:supplyAndLog(69)) - Successfully supplied FileChannel.open /home/runner/work/ratis/ratis/ratis-examples/target/test/data/f624d035/MiniRaftClusterWithGrpc4aa2bfeb/s13/746c2775-00df-41b8-9955-5d788f7a274c/current/raft-meta.conf.tmp with options [CREATE, WRITE]: sun.nio.ch.FileChannelImpl@534d9a5d
2024-09-10 06:20:05,939 INFO  segmented.SegmentedRaftLogWorker (SegmentedRaftLogWorker.java:execute(660)) - s14@group-5D788F7A274C-SegmentedRaftLogWorker: created new log segment /home/runner/work/ratis/ratis/ratis-examples/target/test/data/f624d035/MiniRaftClusterWithGrpc4aa2bfeb/s14/746c2775-00df-41b8-9955-5d788f7a274c/current/log_inprogress_0
2024-09-10 06:20:05,939 DEBUG server.RaftServer$Division (RaftServerImpl.java:logAppendEntries(1539)) - s2@group-5D788F7A274C: appendEntries* reply s0<-s2#1:OK-t1,SUCCESS,nextIndex=125,followerCommit=124,matchIndex=124
2024-09-10 06:20:05,939 TRACE util.FileUtils (LogUtils.java:supplyAndLog(69)) - Successfully supplied FileChannel.open /home/runner/work/ratis/ratis/ratis-examples/target/test/data/f624d035/MiniRaftClusterWithGrpc4aa2bfeb/s2/746c2775-00df-41b8-9955-5d788f7a274c/current/raft-meta.conf.tmp with options [CREATE, WRITE]: sun.nio.ch.FileChannelImpl@4906c592
2024-09-10 06:20:05,939 INFO  segmented.SegmentedRaftLogWorker (SegmentedRaftLogWorker.java:execute(660)) - s3@group-5D788F7A274C-SegmentedRaftLogWorker: created new log segment /home/runner/work/ratis/ratis/ratis-examples/target/test/data/f624d035/MiniRaftClusterWithGrpc4aa2bfeb/s3/746c2775-00df-41b8-9955-5d788f7a274c/current/log_inprogress_0
2024-09-10 06:20:05,940 INFO  server.RaftServer$Division (ServerState.java:setRaftConf(386)) - s0@group-5D788F7A274C: set configuration conf: {index: 125, cur=peers:[s3|0.0.0.0:15003, s11|0.0.0.0:15011, s10|0.0.0.0:15010, s13|0.0.0.0:15013, s12|0.0.0.0:15012, s14|0.0.0.0:15014, s0|0.0.0.0:15000, s1|0.0.0.0:15001, s2|0.0.0.0:15002]|listeners:[], old=peers:[s11|0.0.0.0:15011, s10|0.0.0.0:15010, s12|0.0.0.0:15012, s0|0.0.0.0:15000, s1|0.0.0.0:15001]|listeners:[]}
2024-09-10 06:20:05,940 DEBUG server.RaftServer$Division (RaftServerImpl.java:logAppendEntries(1539)) - s14@group-5D788F7A274C: appendEntries* reply s0<-s14#1:OK-t1,SUCCESS,nextIndex=125,followerCommit=124,matchIndex=124
2024-09-10 06:20:05,940 TRACE util.FileUtils (LogUtils.java:supplyAndLog(69)) - Successfully supplied FileChannel.open /home/runner/work/ratis/ratis/ratis-examples/target/test/data/f624d035/MiniRaftClusterWithGrpc4aa2bfeb/s14/746c2775-00df-41b8-9955-5d788f7a274c/current/raft-meta.conf.tmp with options [CREATE, WRITE]: sun.nio.ch.FileChannelImpl@7c3ef2e5
2024-09-10 06:20:05,941 TRACE util.FileUtils (LogUtils.java:runAndLog(49)) - Successfully ran Atomic Files.move /home/runner/work/ratis/ratis/ratis-examples/target/test/data/f624d035/MiniRaftClusterWithGrpc4aa2bfeb/s2/746c2775-00df-41b8-9955-5d788f7a274c/current/raft-meta.conf.tmp to /home/runner/work/ratis/ratis/ratis-examples/target/test/data/f624d035/MiniRaftClusterWithGrpc4aa2bfeb/s2/746c2775-00df-41b8-9955-5d788f7a274c/current/raft-meta.conf with options [REPLACE_EXISTING]
2024-09-10 06:20:05,943 DEBUG server.RaftServer$Division (RaftServerImpl.java:logAppendEntries(1539)) - s2@group-5D788F7A274C: appendEntries* s0->s2#4-t1,previous=(t:1, i:124),leaderCommit=124,initializing? true,entries: size=1, first=(t:1, i:125), CONFIGURATIONENTRY(current:id:"s3"address:"0.0.0.0:15003"clientAddress:"0.0.0.0:15003"adminAddress:"0.0.0.0:15003"startupRole:FOLLOWER, id:"s11"address:"0.0.0.0:15011"clientAddress:"0.0.0.0:15011"adminAddress:"0.0.0.0:15011"startupRole:FOLLOWER, id:"s10"address:"0.0.0.0:15010"clientAddress:"0.0.0.0:15010"adminAddress:"0.0.0.0:15010"startupRole:FOLLOWER, id:"s13"address:"0.0.0.0:15013"clientAddress:"0.0.0.0:15013"adminAddress:"0.0.0.0:15013"startupRole:FOLLOWER, id:"s12"address:"0.0.0.0:15012"clientAddress:"0.0.0.0:15012"adminAddress:"0.0.0.0:15012"startupRole:FOLLOWER, id:"s14"address:"0.0.0.0:15014"clientAddress:"0.0.0.0:15014"adminAddress:"0.0.0.0:15014"startupRole:FOLLOWER, id:"s0"address:"0.0.0.0:15000"clientAddress:"0.0.0.0:15000"adminAddress:"0.0.0.0:15000"startupRole:FOLLOWER, id:"s1"address:"0.0.0.0:15001"clientAddress:"0.0.0.0:15001"adminAddress:"0.0.0.0:15001"startupRole:FOLLOWER, id:"s2"address:"0.0.0.0:15002"clientAddress:"0.0.0.0:15002"adminAddress:"0.0.0.0:15002"startupRole:FOLLOWER, old:id:"s11"address:"0.0.0.0:15011"clientAddress:"0.0.0.0:15011"adminAddress:"0.0.0.0:15011"startupRole:FOLLOWER, id:"s10"address:"0.0.0.0:15010"clientAddress:"0.0.0.0:15010"adminAddress:"0.0.0.0:15010"startupRole:FOLLOWER, id:"s12"address:"0.0.0.0:15012"clientAddress:"0.0.0.0:15012"adminAddress:"0.0.0.0:15012"startupRole:FOLLOWER, id:"s0"address:"0.0.0.0:15000"clientAddress:"0.0.0.0:15000"adminAddress:"0.0.0.0:15000"startupRole:FOLLOWER, id:"s1"address:"0.0.0.0:15001"clientAddress:"0.0.0.0:15001"adminAddress:"0.0.0.0:15001"startupRole:FOLLOWER)
2024-09-10 06:20:05,943 INFO  server.RaftServer$Division (ServerState.java:setRaftConf(386)) - s2@group-5D788F7A274C: set configuration conf: {index: 125, cur=peers:[s3|0.0.0.0:15003, s11|0.0.0.0:15011, s10|0.0.0.0:15010, s13|0.0.0.0:15013, s12|0.0.0.0:15012, s14|0.0.0.0:15014, s0|0.0.0.0:15000, s1|0.0.0.0:15001, s2|0.0.0.0:15002]|listeners:[], old=peers:[s11|0.0.0.0:15011, s10|0.0.0.0:15010, s12|0.0.0.0:15012, s0|0.0.0.0:15000, s1|0.0.0.0:15001]|listeners:[]}
2024-09-10 06:20:05,943 DEBUG server.RaftServer$Division (RaftServerImpl.java:logAppendEntries(1539)) - s11@group-5D788F7A274C: appendEntries* s0->s11#18-t1,previous=(t:1, i:124),leaderCommit=124,initializing? false,entries: size=1, first=(t:1, i:125), CONFIGURATIONENTRY(current:id:"s3"address:"0.0.0.0:15003"clientAddress:"0.0.0.0:15003"adminAddress:"0.0.0.0:15003"startupRole:FOLLOWER, id:"s11"address:"0.0.0.0:15011"clientAddress:"0.0.0.0:15011"adminAddress:"0.0.0.0:15011"startupRole:FOLLOWER, id:"s10"address:"0.0.0.0:15010"clientAddress:"0.0.0.0:15010"adminAddress:"0.0.0.0:15010"startupRole:FOLLOWER, id:"s13"address:"0.0.0.0:15013"clientAddress:"0.0.0.0:15013"adminAddress:"0.0.0.0:15013"startupRole:FOLLOWER, id:"s12"address:"0.0.0.0:15012"clientAddress:"0.0.0.0:15012"adminAddress:"0.0.0.0:15012"startupRole:FOLLOWER, id:"s14"address:"0.0.0.0:15014"clientAddress:"0.0.0.0:15014"adminAddress:"0.0.0.0:15014"startupRole:FOLLOWER, id:"s0"address:"0.0.0.0:15000"clientAddress:"0.0.0.0:15000"adminAddress:"0.0.0.0:15000"startupRole:FOLLOWER, id:"s1"address:"0.0.0.0:15001"clientAddress:"0.0.0.0:15001"adminAddress:"0.0.0.0:15001"startupRole:FOLLOWER, id:"s2"address:"0.0.0.0:15002"clientAddress:"0.0.0.0:15002"adminAddress:"0.0.0.0:15002"startupRole:FOLLOWER, old:id:"s11"address:"0.0.0.0:15011"clientAddress:"0.0.0.0:15011"adminAddress:"0.0.0.0:15011"startupRole:FOLLOWER, id:"s10"address:"0.0.0.0:15010"clientAddress:"0.0.0.0:15010"adminAddress:"0.0.0.0:15010"startupRole:FOLLOWER, id:"s12"address:"0.0.0.0:15012"clientAddress:"0.0.0.0:15012"adminAddress:"0.0.0.0:15012"startupRole:FOLLOWER, id:"s0"address:"0.0.0.0:15000"clientAddress:"0.0.0.0:15000"adminAddress:"0.0.0.0:15000"startupRole:FOLLOWER, id:"s1"address:"0.0.0.0:15001"clientAddress:"0.0.0.0:15001"adminAddress:"0.0.0.0:15001"startupRole:FOLLOWER)
2024-09-10 06:20:05,944 INFO  server.RaftServer$Division (ServerState.java:setRaftConf(386)) - s11@group-5D788F7A274C: set configuration conf: {index: 125, cur=peers:[s3|0.0.0.0:15003, s11|0.0.0.0:15011, s10|0.0.0.0:15010, s13|0.0.0.0:15013, s12|0.0.0.0:15012, s14|0.0.0.0:15014, s0|0.0.0.0:15000, s1|0.0.0.0:15001, s2|0.0.0.0:15002]|listeners:[], old=peers:[s11|0.0.0.0:15011, s10|0.0.0.0:15010, s12|0.0.0.0:15012, s0|0.0.0.0:15000, s1|0.0.0.0:15001]|listeners:[]}
2024-09-10 06:20:05,944 TRACE util.FileUtils (LogUtils.java:supplyAndLog(69)) - Successfully supplied FileChannel.open /home/runner/work/ratis/ratis/ratis-examples/target/test/data/f624d035/MiniRaftClusterWithGrpc4aa2bfeb/s2/746c2775-00df-41b8-9955-5d788f7a274c/current/raft-meta.conf.tmp with options [CREATE, WRITE]: sun.nio.ch.FileChannelImpl@47c132c2
2024-09-10 06:20:05,944 DEBUG server.RaftServer$Division (RaftServerImpl.java:logAppendEntries(1539)) - s1@group-5D788F7A274C: appendEntries* s0->s1#445-t1,previous=(t:1, i:124),leaderCommit=124,initializing? false,entries: size=1, first=(t:1, i:125), CONFIGURATIONENTRY(current:id:"s3"address:"0.0.0.0:15003"clientAddress:"0.0.0.0:15003"adminAddress:"0.0.0.0:15003"startupRole:FOLLOWER, id:"s11"address:"0.0.0.0:15011"clientAddress:"0.0.0.0:15011"adminAddress:"0.0.0.0:15011"startupRole:FOLLOWER, id:"s10"address:"0.0.0.0:15010"clientAddress:"0.0.0.0:15010"adminAddress:"0.0.0.0:15010"startupRole:FOLLOWER, id:"s13"address:"0.0.0.0:15013"clientAddress:"0.0.0.0:15013"adminAddress:"0.0.0.0:15013"startupRole:FOLLOWER, id:"s12"address:"0.0.0.0:15012"clientAddress:"0.0.0.0:15012"adminAddress:"0.0.0.0:15012"startupRole:FOLLOWER, id:"s14"address:"0.0.0.0:15014"clientAddress:"0.0.0.0:15014"adminAddress:"0.0.0.0:15014"startupRole:FOLLOWER, id:"s0"address:"0.0.0.0:15000"clientAddress:"0.0.0.0:15000"adminAddress:"0.0.0.0:15000"startupRole:FOLLOWER, id:"s1"address:"0.0.0.0:15001"clientAddress:"0.0.0.0:15001"adminAddress:"0.0.0.0:15001"startupRole:FOLLOWER, id:"s2"address:"0.0.0.0:15002"clientAddress:"0.0.0.0:15002"adminAddress:"0.0.0.0:15002"startupRole:FOLLOWER, old:id:"s11"address:"0.0.0.0:15011"clientAddress:"0.0.0.0:15011"adminAddress:"0.0.0.0:15011"startupRole:FOLLOWER, id:"s10"address:"0.0.0.0:15010"clientAddress:"0.0.0.0:15010"adminAddress:"0.0.0.0:15010"startupRole:FOLLOWER, id:"s12"address:"0.0.0.0:15012"clientAddress:"0.0.0.0:15012"adminAddress:"0.0.0.0:15012"startupRole:FOLLOWER, id:"s0"address:"0.0.0.0:15000"clientAddress:"0.0.0.0:15000"adminAddress:"0.0.0.0:15000"startupRole:FOLLOWER, id:"s1"address:"0.0.0.0:15001"clientAddress:"0.0.0.0:15001"adminAddress:"0.0.0.0:15001"startupRole:FOLLOWER)
2024-09-10 06:20:05,944 DEBUG server.RaftServer$Division (RaftServerImpl.java:logAppendEntries(1539)) - s3@group-5D788F7A274C: appendEntries* s0->s3#5-t1,previous=(t:1, i:124),leaderCommit=124,initializing? false,entries: size=1, first=(t:1, i:125), CONFIGURATIONENTRY(current:id:"s3"address:"0.0.0.0:15003"clientAddress:"0.0.0.0:15003"adminAddress:"0.0.0.0:15003"startupRole:FOLLOWER, id:"s11"address:"0.0.0.0:15011"clientAddress:"0.0.0.0:15011"adminAddress:"0.0.0.0:15011"startupRole:FOLLOWER, id:"s10"address:"0.0.0.0:15010"clientAddress:"0.0.0.0:15010"adminAddress:"0.0.0.0:15010"startupRole:FOLLOWER, id:"s13"address:"0.0.0.0:15013"clientAddress:"0.0.0.0:15013"adminAddress:"0.0.0.0:15013"startupRole:FOLLOWER, id:"s12"address:"0.0.0.0:15012"clientAddress:"0.0.0.0:15012"adminAddress:"0.0.0.0:15012"startupRole:FOLLOWER, id:"s14"address:"0.0.0.0:15014"clientAddress:"0.0.0.0:15014"adminAddress:"0.0.0.0:15014"startupRole:FOLLOWER, id:"s0"address:"0.0.0.0:15000"clientAddress:"0.0.0.0:15000"adminAddress:"0.0.0.0:15000"startupRole:FOLLOWER, id:"s1"address:"0.0.0.0:15001"clientAddress:"0.0.0.0:15001"adminAddress:"0.0.0.0:15001"startupRole:FOLLOWER, id:"s2"address:"0.0.0.0:15002"clientAddress:"0.0.0.0:15002"adminAddress:"0.0.0.0:15002"startupRole:FOLLOWER, old:id:"s11"address:"0.0.0.0:15011"clientAddress:"0.0.0.0:15011"adminAddress:"0.0.0.0:15011"startupRole:FOLLOWER, id:"s10"address:"0.0.0.0:15010"clientAddress:"0.0.0.0:15010"adminAddress:"0.0.0.0:15010"startupRole:FOLLOWER, id:"s12"address:"0.0.0.0:15012"clientAddress:"0.0.0.0:15012"adminAddress:"0.0.0.0:15012"startupRole:FOLLOWER, id:"s0"address:"0.0.0.0:15000"clientAddress:"0.0.0.0:15000"adminAddress:"0.0.0.0:15000"startupRole:FOLLOWER, id:"s1"address:"0.0.0.0:15001"clientAddress:"0.0.0.0:15001"adminAddress:"0.0.0.0:15001"startupRole:FOLLOWER)
2024-09-10 06:20:05,944 DEBUG server.RaftServer$Division (RaftServerImpl.java:logAppendEntries(1539)) - s13@group-5D788F7A274C: appendEntries* s0->s13#3-t1,previous=(t:1, i:124),leaderCommit=124,initializing? false,entries: size=1, first=(t:1, i:125), CONFIGURATIONENTRY(current:id:"s3"address:"0.0.0.0:15003"clientAddress:"0.0.0.0:15003"adminAddress:"0.0.0.0:15003"startupRole:FOLLOWER, id:"s11"address:"0.0.0.0:15011"clientAddress:"0.0.0.0:15011"adminAddress:"0.0.0.0:15011"startupRole:FOLLOWER, id:"s10"address:"0.0.0.0:15010"clientAddress:"0.0.0.0:15010"adminAddress:"0.0.0.0:15010"startupRole:FOLLOWER, id:"s13"address:"0.0.0.0:15013"clientAddress:"0.0.0.0:15013"adminAddress:"0.0.0.0:15013"startupRole:FOLLOWER, id:"s12"address:"0.0.0.0:15012"clientAddress:"0.0.0.0:15012"adminAddress:"0.0.0.0:15012"startupRole:FOLLOWER, id:"s14"address:"0.0.0.0:15014"clientAddress:"0.0.0.0:15014"adminAddress:"0.0.0.0:15014"startupRole:FOLLOWER, id:"s0"address:"0.0.0.0:15000"clientAddress:"0.0.0.0:15000"adminAddress:"0.0.0.0:15000"startupRole:FOLLOWER, id:"s1"address:"0.0.0.0:15001"clientAddress:"0.0.0.0:15001"adminAddress:"0.0.0.0:15001"startupRole:FOLLOWER, id:"s2"address:"0.0.0.0:15002"clientAddress:"0.0.0.0:15002"adminAddress:"0.0.0.0:15002"startupRole:FOLLOWER, old:id:"s11"address:"0.0.0.0:15011"clientAddress:"0.0.0.0:15011"adminAddress:"0.0.0.0:15011"startupRole:FOLLOWER, id:"s10"address:"0.0.0.0:15010"clientAddress:"0.0.0.0:15010"adminAddress:"0.0.0.0:15010"startupRole:FOLLOWER, id:"s12"address:"0.0.0.0:15012"clientAddress:"0.0.0.0:15012"adminAddress:"0.0.0.0:15012"startupRole:FOLLOWER, id:"s0"address:"0.0.0.0:15000"clientAddress:"0.0.0.0:15000"adminAddress:"0.0.0.0:15000"startupRole:FOLLOWER, id:"s1"address:"0.0.0.0:15001"clientAddress:"0.0.0.0:15001"adminAddress:"0.0.0.0:15001"startupRole:FOLLOWER)
2024-09-10 06:20:05,944 INFO  impl.RoleInfo (RoleInfo.java:updateAndGet(148)) - s3: start s3@group-5D788F7A274C-FollowerState
2024-09-10 06:20:05,944 INFO  server.RaftServer$Division (ServerState.java:setRaftConf(386)) - s1@group-5D788F7A274C: set configuration conf: {index: 125, cur=peers:[s3|0.0.0.0:15003, s11|0.0.0.0:15011, s10|0.0.0.0:15010, s13|0.0.0.0:15013, s12|0.0.0.0:15012, s14|0.0.0.0:15014, s0|0.0.0.0:15000, s1|0.0.0.0:15001, s2|0.0.0.0:15002]|listeners:[], old=peers:[s11|0.0.0.0:15011, s10|0.0.0.0:15010, s12|0.0.0.0:15012, s0|0.0.0.0:15000, s1|0.0.0.0:15001]|listeners:[]}
2024-09-10 06:20:05,945 DEBUG server.RaftServer$Division (RaftServerImpl.java:logAppendEntries(1539)) - s10@group-5D788F7A274C: appendEntries* s0->s10#435-t1,previous=(t:1, i:124),leaderCommit=124,initializing? false,entries: size=1, first=(t:1, i:125), CONFIGURATIONENTRY(current:id:"s3"address:"0.0.0.0:15003"clientAddress:"0.0.0.0:15003"adminAddress:"0.0.0.0:15003"startupRole:FOLLOWER, id:"s11"address:"0.0.0.0:15011"clientAddress:"0.0.0.0:15011"adminAddress:"0.0.0.0:15011"startupRole:FOLLOWER, id:"s10"address:"0.0.0.0:15010"clientAddress:"0.0.0.0:15010"adminAddress:"0.0.0.0:15010"startupRole:FOLLOWER, id:"s13"address:"0.0.0.0:15013"clientAddress:"0.0.0.0:15013"adminAddress:"0.0.0.0:15013"startupRole:FOLLOWER, id:"s12"address:"0.0.0.0:15012"clientAddress:"0.0.0.0:15012"adminAddress:"0.0.0.0:15012"startupRole:FOLLOWER, id:"s14"address:"0.0.0.0:15014"clientAddress:"0.0.0.0:15014"adminAddress:"0.0.0.0:15014"startupRole:FOLLOWER, id:"s0"address:"0.0.0.0:15000"clientAddress:"0.0.0.0:15000"adminAddress:"0.0.0.0:15000"startupRole:FOLLOWER, id:"s1"address:"0.0.0.0:15001"clientAddress:"0.0.0.0:15001"adminAddress:"0.0.0.0:15001"startupRole:FOLLOWER, id:"s2"address:"0.0.0.0:15002"clientAddress:"0.0.0.0:15002"adminAddress:"0.0.0.0:15002"startupRole:FOLLOWER, old:id:"s11"address:"0.0.0.0:15011"clientAddress:"0.0.0.0:15011"adminAddress:"0.0.0.0:15011"startupRole:FOLLOWER, id:"s10"address:"0.0.0.0:15010"clientAddress:"0.0.0.0:15010"adminAddress:"0.0.0.0:15010"startupRole:FOLLOWER, id:"s12"address:"0.0.0.0:15012"clientAddress:"0.0.0.0:15012"adminAddress:"0.0.0.0:15012"startupRole:FOLLOWER, id:"s0"address:"0.0.0.0:15000"clientAddress:"0.0.0.0:15000"adminAddress:"0.0.0.0:15000"startupRole:FOLLOWER, id:"s1"address:"0.0.0.0:15001"clientAddress:"0.0.0.0:15001"adminAddress:"0.0.0.0:15001"startupRole:FOLLOWER)
2024-09-10 06:20:05,945 DEBUG server.RaftServer$Division (RaftServerImpl.java:logAppendEntries(1539)) - s11@group-5D788F7A274C: appendEntries* reply s0<-s11#18:OK-t1,SUCCESS,nextIndex=126,followerCommit=124,matchIndex=125
2024-09-10 06:20:05,945 INFO  server.RaftServer$Division (ServerState.java:setRaftConf(386)) - s10@group-5D788F7A274C: set configuration conf: {index: 125, cur=peers:[s3|0.0.0.0:15003, s11|0.0.0.0:15011, s10|0.0.0.0:15010, s13|0.0.0.0:15013, s12|0.0.0.0:15012, s14|0.0.0.0:15014, s0|0.0.0.0:15000, s1|0.0.0.0:15001, s2|0.0.0.0:15002]|listeners:[], old=peers:[s11|0.0.0.0:15011, s10|0.0.0.0:15010, s12|0.0.0.0:15012, s0|0.0.0.0:15000, s1|0.0.0.0:15001]|listeners:[]}
2024-09-10 06:20:05,944 INFO  impl.RoleInfo (RoleInfo.java:updateAndGet(148)) - s13: start s13@group-5D788F7A274C-FollowerState
2024-09-10 06:20:05,946 DEBUG server.RaftServer$Division (RaftServerImpl.java:logAppendEntries(1539)) - s10@group-5D788F7A274C: appendEntries* reply s0<-s10#435:OK-t1,SUCCESS,nextIndex=126,followerCommit=124,matchIndex=125
2024-09-10 06:20:05,946 DEBUG server.RaftServer$Division (RaftServerImpl.java:logAppendEntries(1539)) - s1@group-5D788F7A274C: appendEntries* reply s0<-s1#445:OK-t1,SUCCESS,nextIndex=126,followerCommit=124,matchIndex=125
2024-09-10 06:20:05,946 DEBUG server.RaftServer$Division (RaftServerImpl.java:logAppendEntries(1539)) - s12@group-5D788F7A274C: appendEntries* s0->s12#16-t1,previous=(t:1, i:124),leaderCommit=124,initializing? false,entries: size=1, first=(t:1, i:125), CONFIGURATIONENTRY(current:id:"s3"address:"0.0.0.0:15003"clientAddress:"0.0.0.0:15003"adminAddress:"0.0.0.0:15003"startupRole:FOLLOWER, id:"s11"address:"0.0.0.0:15011"clientAddress:"0.0.0.0:15011"adminAddress:"0.0.0.0:15011"startupRole:FOLLOWER, id:"s10"address:"0.0.0.0:15010"clientAddress:"0.0.0.0:15010"adminAddress:"0.0.0.0:15010"startupRole:FOLLOWER, id:"s13"address:"0.0.0.0:15013"clientAddress:"0.0.0.0:15013"adminAddress:"0.0.0.0:15013"startupRole:FOLLOWER, id:"s12"address:"0.0.0.0:15012"clientAddress:"0.0.0.0:15012"adminAddress:"0.0.0.0:15012"startupRole:FOLLOWER, id:"s14"address:"0.0.0.0:15014"clientAddress:"0.0.0.0:15014"adminAddress:"0.0.0.0:15014"startupRole:FOLLOWER, id:"s0"address:"0.0.0.0:15000"clientAddress:"0.0.0.0:15000"adminAddress:"0.0.0.0:15000"startupRole:FOLLOWER, id:"s1"address:"0.0.0.0:15001"clientAddress:"0.0.0.0:15001"adminAddress:"0.0.0.0:15001"startupRole:FOLLOWER, id:"s2"address:"0.0.0.0:15002"clientAddress:"0.0.0.0:15002"adminAddress:"0.0.0.0:15002"startupRole:FOLLOWER, old:id:"s11"address:"0.0.0.0:15011"clientAddress:"0.0.0.0:15011"adminAddress:"0.0.0.0:15011"startupRole:FOLLOWER, id:"s10"address:"0.0.0.0:15010"clientAddress:"0.0.0.0:15010"adminAddress:"0.0.0.0:15010"startupRole:FOLLOWER, id:"s12"address:"0.0.0.0:15012"clientAddress:"0.0.0.0:15012"adminAddress:"0.0.0.0:15012"startupRole:FOLLOWER, id:"s0"address:"0.0.0.0:15000"clientAddress:"0.0.0.0:15000"adminAddress:"0.0.0.0:15000"startupRole:FOLLOWER, id:"s1"address:"0.0.0.0:15001"clientAddress:"0.0.0.0:15001"adminAddress:"0.0.0.0:15001"startupRole:FOLLOWER)
2024-09-10 06:20:05,946 INFO  server.RaftServer$Division (ServerState.java:setRaftConf(386)) - s12@group-5D788F7A274C: set configuration conf: {index: 125, cur=peers:[s3|0.0.0.0:15003, s11|0.0.0.0:15011, s10|0.0.0.0:15010, s13|0.0.0.0:15013, s12|0.0.0.0:15012, s14|0.0.0.0:15014, s0|0.0.0.0:15000, s1|0.0.0.0:15001, s2|0.0.0.0:15002]|listeners:[], old=peers:[s11|0.0.0.0:15011, s10|0.0.0.0:15010, s12|0.0.0.0:15012, s0|0.0.0.0:15000, s1|0.0.0.0:15001]|listeners:[]}
2024-09-10 06:20:05,947 TRACE util.FileUtils (LogUtils.java:runAndLog(49)) - Successfully ran Atomic Files.move /home/runner/work/ratis/ratis/ratis-examples/target/test/data/f624d035/MiniRaftClusterWithGrpc4aa2bfeb/s13/746c2775-00df-41b8-9955-5d788f7a274c/current/raft-meta.conf.tmp to /home/runner/work/ratis/ratis/ratis-examples/target/test/data/f624d035/MiniRaftClusterWithGrpc4aa2bfeb/s13/746c2775-00df-41b8-9955-5d788f7a274c/current/raft-meta.conf with options [REPLACE_EXISTING]
2024-09-10 06:20:05,947 TRACE util.FileUtils (LogUtils.java:supplyAndLog(69)) - Successfully supplied FileChannel.open /home/runner/work/ratis/ratis/ratis-examples/target/test/data/f624d035/MiniRaftClusterWithGrpc4aa2bfeb/s13/746c2775-00df-41b8-9955-5d788f7a274c/current/raft-meta.conf.tmp with options [CREATE, WRITE]: sun.nio.ch.FileChannelImpl@577204ec
2024-09-10 06:20:05,947 DEBUG server.RaftServer$Division (RaftServerImpl.java:logAppendEntries(1539)) - s12@group-5D788F7A274C: appendEntries* reply s0<-s12#16:OK-t1,SUCCESS,nextIndex=126,followerCommit=124,matchIndex=125
2024-09-10 06:20:05,948 INFO  server.RaftServer$Division (ServerState.java:setRaftConf(386)) - s0@group-5D788F7A274C: set configuration conf: {index: 127, cur=peers:[s3|0.0.0.0:15003, s11|0.0.0.0:15011, s10|0.0.0.0:15010, s13|0.0.0.0:15013, s12|0.0.0.0:15012, s14|0.0.0.0:15014, s0|0.0.0.0:15000, s1|0.0.0.0:15001, s2|0.0.0.0:15002]|listeners:[], old=null}
2024-09-10 06:20:05,948 TRACE util.FileUtils (LogUtils.java:supplyAndLog(69)) - Successfully supplied FileChannel.open /home/runner/work/ratis/ratis/ratis-examples/target/test/data/f624d035/MiniRaftClusterWithGrpc4aa2bfeb/s0/746c2775-00df-41b8-9955-5d788f7a274c/current/raft-meta.conf.tmp with options [CREATE, WRITE]: sun.nio.ch.FileChannelImpl@4d4aa38e
2024-09-10 06:20:05,950 DEBUG server.RaftServer$Division (RaftServerImpl.java:logAppendEntries(1539)) - s2@group-5D788F7A274C: appendEntries* reply s0<-s2#4:OK-t1,SUCCESS,nextIndex=126,followerCommit=124,matchIndex=125
2024-09-10 06:20:05,951 DEBUG server.RaftServer$Division (RaftServerImpl.java:logAppendEntries(1539)) - s2@group-5D788F7A274C: appendEntries* s0->s2#5-t1,previous=(t:1, i:125),leaderCommit=125,initializing? false,entries: size=2, first=(t:1, i:126), METADATAENTRY(c:125)
2024-09-10 06:20:05,951 DEBUG server.RaftServer$Division (RaftServerImpl.java:logAppendEntries(1539)) - s12@group-5D788F7A274C: appendEntries* s0->s12#20-t1,previous=(t:1, i:125),leaderCommit=125,initializing? false,entries: size=2, first=(t:1, i:126), METADATAENTRY(c:125)
2024-09-10 06:20:05,952 INFO  server.RaftServer$Division (ServerState.java:setRaftConf(386)) - s12@group-5D788F7A274C: set configuration conf: {index: 127, cur=peers:[s3|0.0.0.0:15003, s11|0.0.0.0:15011, s10|0.0.0.0:15010, s13|0.0.0.0:15013, s12|0.0.0.0:15012, s14|0.0.0.0:15014, s0|0.0.0.0:15000, s1|0.0.0.0:15001, s2|0.0.0.0:15002]|listeners:[], old=null}
2024-09-10 06:20:05,952 DEBUG server.RaftServer$Division (RaftServerImpl.java:logAppendEntries(1539)) - s11@group-5D788F7A274C: appendEntries* s0->s11#20-t1,previous=(t:1, i:125),leaderCommit=125,initializing? false,entries: size=2, first=(t:1, i:126), METADATAENTRY(c:125)
2024-09-10 06:20:05,952 INFO  server.RaftServer$Division (ServerState.java:setRaftConf(386)) - s11@group-5D788F7A274C: set configuration conf: {index: 127, cur=peers:[s3|0.0.0.0:15003, s11|0.0.0.0:15011, s10|0.0.0.0:15010, s13|0.0.0.0:15013, s12|0.0.0.0:15012, s14|0.0.0.0:15014, s0|0.0.0.0:15000, s1|0.0.0.0:15001, s2|0.0.0.0:15002]|listeners:[], old=null}
2024-09-10 06:20:05,952 DEBUG server.RaftServer$Division (RaftServerImpl.java:logAppendEntries(1539)) - s10@group-5D788F7A274C: appendEntries* s0->s10#438-t1,previous=(t:1, i:125),leaderCommit=125,initializing? false,entries: size=2, first=(t:1, i:126), METADATAENTRY(c:125)
2024-09-10 06:20:05,953 INFO  server.RaftServer$Division (ServerState.java:setRaftConf(386)) - s10@group-5D788F7A274C: set configuration conf: {index: 127, cur=peers:[s3|0.0.0.0:15003, s11|0.0.0.0:15011, s10|0.0.0.0:15010, s13|0.0.0.0:15013, s12|0.0.0.0:15012, s14|0.0.0.0:15014, s0|0.0.0.0:15000, s1|0.0.0.0:15001, s2|0.0.0.0:15002]|listeners:[], old=null}
2024-09-10 06:20:05,953 DEBUG server.RaftServer$Division (RaftServerImpl.java:logAppendEntries(1539)) - s1@group-5D788F7A274C: appendEntries* s0->s1#447-t1,previous=(t:1, i:125),leaderCommit=125,initializing? false,entries: size=2, first=(t:1, i:126), METADATAENTRY(c:125)
2024-09-10 06:20:05,953 INFO  server.RaftServer$Division (ServerState.java:setRaftConf(386)) - s3@group-5D788F7A274C: set configuration conf: {index: 125, cur=peers:[s3|0.0.0.0:15003, s11|0.0.0.0:15011, s10|0.0.0.0:15010, s13|0.0.0.0:15013, s12|0.0.0.0:15012, s14|0.0.0.0:15014, s0|0.0.0.0:15000, s1|0.0.0.0:15001, s2|0.0.0.0:15002]|listeners:[], old=peers:[s11|0.0.0.0:15011, s10|0.0.0.0:15010, s12|0.0.0.0:15012, s0|0.0.0.0:15000, s1|0.0.0.0:15001]|listeners:[]}
2024-09-10 06:20:05,953 INFO  server.RaftServer$Division (ServerState.java:setRaftConf(386)) - s1@group-5D788F7A274C: set configuration conf: {index: 127, cur=peers:[s3|0.0.0.0:15003, s11|0.0.0.0:15011, s10|0.0.0.0:15010, s13|0.0.0.0:15013, s12|0.0.0.0:15012, s14|0.0.0.0:15014, s0|0.0.0.0:15000, s1|0.0.0.0:15001, s2|0.0.0.0:15002]|listeners:[], old=null}
2024-09-10 06:20:05,953 DEBUG server.RaftServer$Division (RaftServerImpl.java:logAppendEntries(1539)) - s3@group-5D788F7A274C: appendEntries* s0->s3#10-t1,previous=(t:1, i:125),leaderCommit=125,initializing? false,entries: size=2, first=(t:1, i:126), METADATAENTRY(c:125)
2024-09-10 06:20:05,953 INFO  server.RaftServer$Division (ServerState.java:setRaftConf(386)) - s3@group-5D788F7A274C: set configuration conf: {index: 127, cur=peers:[s3|0.0.0.0:15003, s11|0.0.0.0:15011, s10|0.0.0.0:15010, s13|0.0.0.0:15013, s12|0.0.0.0:15012, s14|0.0.0.0:15014, s0|0.0.0.0:15000, s1|0.0.0.0:15001, s2|0.0.0.0:15002]|listeners:[], old=null}
2024-09-10 06:20:05,954 INFO  impl.RoleInfo (RoleInfo.java:updateAndGet(148)) - s2: start s2@group-5D788F7A274C-FollowerState
2024-09-10 06:20:05,954 DEBUG server.RaftServer$Division (RaftServerImpl.java:logAppendEntries(1539)) - s11@group-5D788F7A274C: appendEntries* reply s0<-s11#20:OK-t1,SUCCESS,nextIndex=128,followerCommit=125,matchIndex=127
2024-09-10 06:20:05,954 DEBUG server.RaftServer$Division (RaftServerImpl.java:logAppendEntries(1539)) - s12@group-5D788F7A274C: appendEntries* reply s0<-s12#20:OK-t1,SUCCESS,nextIndex=128,followerCommit=125,matchIndex=127
2024-09-10 06:20:05,954 DEBUG server.RaftServer$Division (RaftServerImpl.java:logAppendEntries(1539)) - s10@group-5D788F7A274C: appendEntries* reply s0<-s10#438:OK-t1,SUCCESS,nextIndex=128,followerCommit=125,matchIndex=127
2024-09-10 06:20:05,955 DEBUG server.RaftServer$Division (RaftServerImpl.java:logAppendEntries(1539)) - s1@group-5D788F7A274C: appendEntries* reply s0<-s1#447:OK-t1,SUCCESS,nextIndex=128,followerCommit=125,matchIndex=127
2024-09-10 06:20:05,957 DEBUG server.RaftServer$Division (RaftServerImpl.java:logAppendEntries(1539)) - s14@group-5D788F7A274C: appendEntries* s0->s14#5-t1,previous=(t:1, i:124),leaderCommit=124,initializing? false,entries: size=1, first=(t:1, i:125), CONFIGURATIONENTRY(current:id:"s3"address:"0.0.0.0:15003"clientAddress:"0.0.0.0:15003"adminAddress:"0.0.0.0:15003"startupRole:FOLLOWER, id:"s11"address:"0.0.0.0:15011"clientAddress:"0.0.0.0:15011"adminAddress:"0.0.0.0:15011"startupRole:FOLLOWER, id:"s10"address:"0.0.0.0:15010"clientAddress:"0.0.0.0:15010"adminAddress:"0.0.0.0:15010"startupRole:FOLLOWER, id:"s13"address:"0.0.0.0:15013"clientAddress:"0.0.0.0:15013"adminAddress:"0.0.0.0:15013"startupRole:FOLLOWER, id:"s12"address:"0.0.0.0:15012"clientAddress:"0.0.0.0:15012"adminAddress:"0.0.0.0:15012"startupRole:FOLLOWER, id:"s14"address:"0.0.0.0:15014"clientAddress:"0.0.0.0:15014"adminAddress:"0.0.0.0:15014"startupRole:FOLLOWER, id:"s0"address:"0.0.0.0:15000"clientAddress:"0.0.0.0:15000"adminAddress:"0.0.0.0:15000"startupRole:FOLLOWER, id:"s1"address:"0.0.0.0:15001"clientAddress:"0.0.0.0:15001"adminAddress:"0.0.0.0:15001"startupRole:FOLLOWER, id:"s2"address:"0.0.0.0:15002"clientAddress:"0.0.0.0:15002"adminAddress:"0.0.0.0:15002"startupRole:FOLLOWER, old:id:"s11"address:"0.0.0.0:15011"clientAddress:"0.0.0.0:15011"adminAddress:"0.0.0.0:15011"startupRole:FOLLOWER, id:"s10"address:"0.0.0.0:15010"clientAddress:"0.0.0.0:15010"adminAddress:"0.0.0.0:15010"startupRole:FOLLOWER, id:"s12"address:"0.0.0.0:15012"clientAddress:"0.0.0.0:15012"adminAddress:"0.0.0.0:15012"startupRole:FOLLOWER, id:"s0"address:"0.0.0.0:15000"clientAddress:"0.0.0.0:15000"adminAddress:"0.0.0.0:15000"startupRole:FOLLOWER, id:"s1"address:"0.0.0.0:15001"clientAddress:"0.0.0.0:15001"adminAddress:"0.0.0.0:15001"startupRole:FOLLOWER)
2024-09-10 06:20:05,958 DEBUG server.RaftServer$Division (RaftServerImpl.java:logAppendEntries(1539)) - s1@group-5D788F7A274C: appendEntries* s0->s1#450-t1,previous=(t:1, i:127),leaderCommit=127,initializing? false,entries: size=1, first=(t:1, i:128), METADATAENTRY(c:127)
2024-09-10 06:20:05,958 DEBUG server.RaftServer$Division (RaftServerImpl.java:logAppendEntries(1539)) - s11@group-5D788F7A274C: appendEntries* s0->s11#21-t1,previous=(t:1, i:127),leaderCommit=127,initializing? false,entries: size=1, first=(t:1, i:128), METADATAENTRY(c:127)
2024-09-10 06:20:05,958 DEBUG server.RaftServer$Division (RaftServerImpl.java:logAppendEntries(1539)) - s12@group-5D788F7A274C: appendEntries* s0->s12#21-t1,previous=(t:1, i:127),leaderCommit=127,initializing? false,entries: size=1, first=(t:1, i:128), METADATAENTRY(c:127)
2024-09-10 06:20:05,958 TRACE util.FileUtils (LogUtils.java:supplyAndLog(69)) - Successfully supplied FileChannel.open /home/runner/work/ratis/ratis/ratis-examples/target/test/data/f624d035/MiniRaftClusterWithGrpc4aa2bfeb/s1/746c2775-00df-41b8-9955-5d788f7a274c/current/raft-meta.conf.tmp with options [CREATE, WRITE]: sun.nio.ch.FileChannelImpl@600a6066
2024-09-10 06:20:05,959 TRACE util.FileUtils (LogUtils.java:supplyAndLog(69)) - Successfully supplied FileChannel.open /home/runner/work/ratis/ratis/ratis-examples/target/test/data/f624d035/MiniRaftClusterWithGrpc4aa2bfeb/s10/746c2775-00df-41b8-9955-5d788f7a274c/current/raft-meta.conf.tmp with options [CREATE, WRITE]: sun.nio.ch.FileChannelImpl@12d32214
2024-09-10 06:20:05,959 INFO  server.RaftServer$Division (RaftServerImpl.java:setConfigurationAsync(1326)) - s0@group-5D788F7A274C: receive setConfiguration SetConfigurationRequest:client-2409F4CBBFFE->s0@group-5D788F7A274C, cid=4496, seq=null, RW, null, SET_UNCONDITIONALLY, servers:[s3|0.0.0.0:15003, s4|0.0.0.0:15004, s5|0.0.0.0:15005, s6|0.0.0.0:15006, s7|0.0.0.0:15007, s8|0.0.0.0:15008, s9|0.0.0.0:15009, s11|0.0.0.0:15011, s10|0.0.0.0:15010, s13|0.0.0.0:15013, s12|0.0.0.0:15012, s14|0.0.0.0:15014, s0|0.0.0.0:15000, s1|0.0.0.0:15001, s2|0.0.0.0:15002], listeners:[]
2024-09-10 06:20:05,959 INFO  server.RaftServer$Division (LeaderStateImpl.java:startSetConfiguration(489)) - s0@group-5D788F7A274C-LeaderStateImpl: startSetConfiguration SetConfigurationRequest:client-2409F4CBBFFE->s0@group-5D788F7A274C, cid=4496, seq=null, RW, null, SET_UNCONDITIONALLY, servers:[s3|0.0.0.0:15003, s4|0.0.0.0:15004, s5|0.0.0.0:15005, s6|0.0.0.0:15006, s7|0.0.0.0:15007, s8|0.0.0.0:15008, s9|0.0.0.0:15009, s11|0.0.0.0:15011, s10|0.0.0.0:15010, s13|0.0.0.0:15013, s12|0.0.0.0:15012, s14|0.0.0.0:15014, s0|0.0.0.0:15000, s1|0.0.0.0:15001, s2|0.0.0.0:15002], listeners:[]
2024-09-10 06:20:05,959 INFO  server.RaftServerConfigKeys (ConfUtils.java:logGet(46)) - raft.server.log.appender.snapshot.chunk.size.max = 16MB (=16777216) (default)
2024-09-10 06:20:05,959 INFO  server.RaftServerConfigKeys (ConfUtils.java:logGet(46)) - raft.server.log.appender.buffer.byte-limit = 4MB (=4194304) (default)
2024-09-10 06:20:05,959 INFO  server.RaftServerConfigKeys (ConfUtils.java:logGet(46)) - raft.server.log.appender.buffer.element-limit = 0 (default)
2024-09-10 06:20:05,958 DEBUG server.RaftServer$Division (RaftServerImpl.java:logAppendEntries(1539)) - s1@group-5D788F7A274C: appendEntries* reply s0<-s1#450:OK-t1,SUCCESS,nextIndex=129,followerCommit=127,matchIndex=128
2024-09-10 06:20:05,960 INFO  server.RaftServer$Division (ServerState.java:setRaftConf(386)) - s13@group-5D788F7A274C: set configuration conf: {index: 125, cur=peers:[s3|0.0.0.0:15003, s11|0.0.0.0:15011, s10|0.0.0.0:15010, s13|0.0.0.0:15013, s12|0.0.0.0:15012, s14|0.0.0.0:15014, s0|0.0.0.0:15000, s1|0.0.0.0:15001, s2|0.0.0.0:15002]|listeners:[], old=peers:[s11|0.0.0.0:15011, s10|0.0.0.0:15010, s12|0.0.0.0:15012, s0|0.0.0.0:15000, s1|0.0.0.0:15001]|listeners:[]}
2024-09-10 06:20:05,960 INFO  server.RaftServerConfigKeys (ConfUtils.java:logGet(46)) - raft.server.log.appender.wait-time.min = 1ms (default)
2024-09-10 06:20:05,960 DEBUG server.RaftServer$Division (RaftServerImpl.java:logAppendEntries(1539)) - s3@group-5D788F7A274C: appendEntries* reply s0<-s3#5:OK-t1,SUCCESS,nextIndex=126,followerCommit=124,matchIndex=125
2024-09-10 06:20:05,959 TRACE util.FileUtils (LogUtils.java:supplyAndLog(69)) - Successfully supplied FileChannel.open /home/runner/work/ratis/ratis/ratis-examples/target/test/data/f624d035/MiniRaftClusterWithGrpc4aa2bfeb/s11/746c2775-00df-41b8-9955-5d788f7a274c/current/raft-meta.conf.tmp with options [CREATE, WRITE]: sun.nio.ch.FileChannelImpl@1f8ca6e1
2024-09-10 06:20:05,958 TRACE util.FileUtils (LogUtils.java:runAndLog(49)) - Successfully ran Atomic Files.move /home/runner/work/ratis/ratis/ratis-examples/target/test/data/f624d035/MiniRaftClusterWithGrpc4aa2bfeb/s14/746c2775-00df-41b8-9955-5d788f7a274c/current/raft-meta.conf.tmp to /home/runner/work/ratis/ratis/ratis-examples/target/test/data/f624d035/MiniRaftClusterWithGrpc4aa2bfeb/s14/746c2775-00df-41b8-9955-5d788f7a274c/current/raft-meta.conf with options [REPLACE_EXISTING]
2024-09-10 06:20:05,958 TRACE util.FileUtils (LogUtils.java:supplyAndLog(69)) - Successfully supplied FileChannel.open /home/runner/work/ratis/ratis/ratis-examples/target/test/data/f624d035/MiniRaftClusterWithGrpc4aa2bfeb/s12/746c2775-00df-41b8-9955-5d788f7a274c/current/raft-meta.conf.tmp with options [CREATE, WRITE]: sun.nio.ch.FileChannelImpl@5f14b6e1
2024-09-10 06:20:05,960 INFO  grpc.GrpcConfigKeys (ConfUtils.java:logGet(46)) - raft.grpc.server.leader.outstanding.appends.max = 8 (default)
2024-09-10 06:20:05,961 INFO  server.RaftServerConfigKeys (ConfUtils.java:logGet(46)) - raft.server.rpc.request.timeout = 3000ms (default)
2024-09-10 06:20:05,961 INFO  grpc.GrpcConfigKeys (ConfUtils.java:logGet(46)) - raft.grpc.server.install_snapshot.request.element-limit = 8 (default)
2024-09-10 06:20:05,961 INFO  grpc.GrpcConfigKeys (ConfUtils.java:logGet(46)) - raft.grpc.server.install_snapshot.request.timeout = 3000ms (default)
2024-09-10 06:20:05,961 INFO  grpc.GrpcConfigKeys (ConfUtils.java:logGet(46)) - raft.grpc.server.log-message.batch.duration = 5s (default)
2024-09-10 06:20:05,961 INFO  server.RaftServerConfigKeys (ConfUtils.java:logGet(46)) - raft.server.log.appender.install.snapshot.enabled = true (default)
2024-09-10 06:20:05,961 INFO  grpc.GrpcConfigKeys (ConfUtils.java:logGet(46)) - raft.grpc.server.heartbeat.channel = true (default)
2024-09-10 06:20:05,961 INFO  server.RaftServerConfigKeys (ConfUtils.java:logGet(46)) - raft.server.log.appender.snapshot.chunk.size.max = 16MB (=16777216) (default)
2024-09-10 06:20:05,962 INFO  server.RaftServerConfigKeys (ConfUtils.java:logGet(46)) - raft.server.log.appender.buffer.byte-limit = 4MB (=4194304) (default)
2024-09-10 06:20:05,962 INFO  server.RaftServerConfigKeys (ConfUtils.java:logGet(46)) - raft.server.log.appender.buffer.element-limit = 0 (default)
2024-09-10 06:20:05,962 DEBUG server.RaftServer$Division (RaftServerImpl.java:logAppendEntries(1539)) - s13@group-5D788F7A274C: appendEntries* s0->s13#4-t1,previous=(t:1, i:125),leaderCommit=125,initializing? false,entries: size=1, first=(t:1, i:126), METADATAENTRY(c:125)
2024-09-10 06:20:05,963 DEBUG server.RaftServer$Division (RaftServerImpl.java:logAppendEntries(1539)) - s13@group-5D788F7A274C: appendEntries* s0->s13#5-t1,previous=(t:1, i:126),leaderCommit=125,initializing? false,entries: size=1, first=(t:1, i:127), CONFIGURATIONENTRY(current:id:"s3"address:"0.0.0.0:15003"clientAddress:"0.0.0.0:15003"adminAddress:"0.0.0.0:15003"startupRole:FOLLOWER, id:"s11"address:"0.0.0.0:15011"clientAddress:"0.0.0.0:15011"adminAddress:"0.0.0.0:15011"startupRole:FOLLOWER, id:"s10"address:"0.0.0.0:15010"clientAddress:"0.0.0.0:15010"adminAddress:"0.0.0.0:15010"startupRole:FOLLOWER, id:"s13"address:"0.0.0.0:15013"clientAddress:"0.0.0.0:15013"adminAddress:"0.0.0.0:15013"startupRole:FOLLOWER, id:"s12"address:"0.0.0.0:15012"clientAddress:"0.0.0.0:15012"adminAddress:"0.0.0.0:15012"startupRole:FOLLOWER, id:"s14"address:"0.0.0.0:15014"clientAddress:"0.0.0.0:15014"adminAddress:"0.0.0.0:15014"startupRole:FOLLOWER, id:"s0"address:"0.0.0.0:15000"clientAddress:"0.0.0.0:15000"adminAddress:"0.0.0.0:15000"startupRole:FOLLOWER, id:"s1"address:"0.0.0.0:15001"clientAddress:"0.0.0.0:15001"adminAddress:"0.0.0.0:15001"startupRole:FOLLOWER, id:"s2"address:"0.0.0.0:15002"clientAddress:"0.0.0.0:15002"adminAddress:"0.0.0.0:15002"startupRole:FOLLOWER, old:)
2024-09-10 06:20:05,963 INFO  server.RaftServer$Division (ServerState.java:setRaftConf(386)) - s13@group-5D788F7A274C: set configuration conf: {index: 127, cur=peers:[s3|0.0.0.0:15003, s11|0.0.0.0:15011, s10|0.0.0.0:15010, s13|0.0.0.0:15013, s12|0.0.0.0:15012, s14|0.0.0.0:15014, s0|0.0.0.0:15000, s1|0.0.0.0:15001, s2|0.0.0.0:15002]|listeners:[], old=null}
2024-09-10 06:20:05,963 DEBUG server.RaftServer$Division (RaftServerImpl.java:logAppendEntries(1539)) - s13@group-5D788F7A274C: appendEntries* s0->s13#9-t1,previous=(t:1, i:127),leaderCommit=127,initializing? false,entries: size=1, first=(t:1, i:128), METADATAENTRY(c:127)
2024-09-10 06:20:05,963 DEBUG server.RaftServer$Division (RaftServerImpl.java:logAppendEntries(1539)) - s10@group-5D788F7A274C: appendEntries* s0->s10#440-t1,previous=(t:1, i:127),leaderCommit=127,initializing? false,entries: size=1, first=(t:1, i:128), METADATAENTRY(c:127)
2024-09-10 06:20:05,964 TRACE util.FileUtils (LogUtils.java:supplyAndLog(69)) - Successfully supplied FileChannel.open /home/runner/work/ratis/ratis/ratis-examples/target/test/data/f624d035/MiniRaftClusterWithGrpc4aa2bfeb/s14/746c2775-00df-41b8-9955-5d788f7a274c/current/raft-meta.conf.tmp with options [CREATE, WRITE]: sun.nio.ch.FileChannelImpl@72f91312
2024-09-10 06:20:05,965 TRACE util.FileUtils (LogUtils.java:supplyAndLog(69)) - Successfully supplied FileChannel.open /home/runner/work/ratis/ratis/ratis-examples/target/test/data/f624d035/MiniRaftClusterWithGrpc4aa2bfeb/s3/746c2775-00df-41b8-9955-5d788f7a274c/current/raft-meta.conf.tmp with options [CREATE, WRITE]: sun.nio.ch.FileChannelImpl@559b91cc
2024-09-10 06:20:05,965 TRACE util.FileUtils (LogUtils.java:runAndLog(49)) - Successfully ran Atomic Files.move /home/runner/work/ratis/ratis/ratis-examples/target/test/data/f624d035/MiniRaftClusterWithGrpc4aa2bfeb/s0/746c2775-00df-41b8-9955-5d788f7a274c/current/raft-meta.conf.tmp to /home/runner/work/ratis/ratis/ratis-examples/target/test/data/f624d035/MiniRaftClusterWithGrpc4aa2bfeb/s0/746c2775-00df-41b8-9955-5d788f7a274c/current/raft-meta.conf with options [REPLACE_EXISTING]
2024-09-10 06:20:05,965 DEBUG server.RaftServer$Division (RaftServerImpl.java:logAppendEntries(1539)) - s12@group-5D788F7A274C: appendEntries* reply s0<-s12#21:OK-t1,SUCCESS,nextIndex=129,followerCommit=127,matchIndex=128
2024-09-10 06:20:05,966 TRACE util.FileUtils (LogUtils.java:supplyAndLog(69)) - Successfully supplied FileChannel.open /home/runner/work/ratis/ratis/ratis-examples/target/test/data/f624d035/MiniRaftClusterWithGrpc4aa2bfeb/s0/746c2775-00df-41b8-9955-5d788f7a274c/current/raft-meta.conf.tmp with options [CREATE, WRITE]: sun.nio.ch.FileChannelImpl@5a6bfcec
2024-09-10 06:20:05,966 TRACE util.FileUtils (LogUtils.java:runAndLog(49)) - Successfully ran Atomic Files.move /home/runner/work/ratis/ratis/ratis-examples/target/test/data/f624d035/MiniRaftClusterWithGrpc4aa2bfeb/s3/746c2775-00df-41b8-9955-5d788f7a274c/current/raft-meta.conf.tmp to /home/runner/work/ratis/ratis/ratis-examples/target/test/data/f624d035/MiniRaftClusterWithGrpc4aa2bfeb/s3/746c2775-00df-41b8-9955-5d788f7a274c/current/raft-meta.conf with options [REPLACE_EXISTING]
2024-09-10 06:20:05,967 TRACE util.FileUtils (LogUtils.java:runAndLog(49)) - Successfully ran Atomic Files.move /home/runner/work/ratis/ratis/ratis-examples/target/test/data/f624d035/MiniRaftClusterWithGrpc4aa2bfeb/s13/746c2775-00df-41b8-9955-5d788f7a274c/current/raft-meta.conf.tmp to /home/runner/work/ratis/ratis/ratis-examples/target/test/data/f624d035/MiniRaftClusterWithGrpc4aa2bfeb/s13/746c2775-00df-41b8-9955-5d788f7a274c/current/raft-meta.conf with options [REPLACE_EXISTING]
2024-09-10 06:20:05,967 DEBUG server.RaftServer$Division (RaftServerImpl.java:logAppendEntries(1539)) - s11@group-5D788F7A274C: appendEntries* reply s0<-s11#21:OK-t1,SUCCESS,nextIndex=129,followerCommit=127,matchIndex=128
2024-09-10 06:20:05,968 DEBUG server.RaftServer$Division (RaftServerImpl.java:logAppendEntries(1539)) - s10@group-5D788F7A274C: appendEntries* reply s0<-s10#440:OK-t1,SUCCESS,nextIndex=129,followerCommit=127,matchIndex=128
2024-09-10 06:20:05,968 DEBUG server.RaftServer$Division (RaftServerImpl.java:logAppendEntries(1539)) - s13@group-5D788F7A274C: appendEntries* reply s0<-s13#4:OK-t1,SUCCESS,nextIndex=127,followerCommit=125,matchIndex=126
2024-09-10 06:20:05,968 DEBUG server.RaftServer$Division (RaftServerImpl.java:logAppendEntries(1539)) - s3@group-5D788F7A274C: appendEntries* s0->s3#14-t1,previous=(t:1, i:127),leaderCommit=127,initializing? false,entries: size=1, first=(t:1, i:128), METADATAENTRY(c:127)
2024-09-10 06:20:05,968 DEBUG server.RaftServer$Division (RaftServerImpl.java:logAppendEntries(1539)) - s13@group-5D788F7A274C: appendEntries* reply s0<-s13#3:OK-t1,SUCCESS,nextIndex=126,followerCommit=125,matchIndex=125
2024-09-10 06:20:05,968 DEBUG server.RaftServer$Division (RaftServerImpl.java:logAppendEntries(1539)) - s13@group-5D788F7A274C: appendEntries* reply s0<-s13#5:OK-t1,SUCCESS,nextIndex=128,followerCommit=125,matchIndex=127
2024-09-10 06:20:05,969 INFO  impl.RoleInfo (RoleInfo.java:updateAndGet(148)) - s14: start s14@group-5D788F7A274C-FollowerState
2024-09-10 06:20:05,968 DEBUG server.RaftServer$Division (RaftServerImpl.java:logAppendEntries(1539)) - s3@group-5D788F7A274C: appendEntries* reply s0<-s3#10:OK-t1,SUCCESS,nextIndex=128,followerCommit=125,matchIndex=127
2024-09-10 06:20:05,969 TRACE util.FileUtils (LogUtils.java:runAndLog(49)) - Successfully ran Atomic Files.move /home/runner/work/ratis/ratis/ratis-examples/target/test/data/f624d035/MiniRaftClusterWithGrpc4aa2bfeb/s1/746c2775-00df-41b8-9955-5d788f7a274c/current/raft-meta.conf.tmp to /home/runner/work/ratis/ratis/ratis-examples/target/test/data/f624d035/MiniRaftClusterWithGrpc4aa2bfeb/s1/746c2775-00df-41b8-9955-5d788f7a274c/current/raft-meta.conf with options [REPLACE_EXISTING]
2024-09-10 06:20:05,969 TRACE util.FileUtils (LogUtils.java:supplyAndLog(69)) - Successfully supplied FileChannel.open /home/runner/work/ratis/ratis/ratis-examples/target/test/data/f624d035/MiniRaftClusterWithGrpc4aa2bfeb/s3/746c2775-00df-41b8-9955-5d788f7a274c/current/raft-meta.conf.tmp with options [CREATE, WRITE]: sun.nio.ch.FileChannelImpl@5b5c650f
2024-09-10 06:20:05,969 TRACE util.FileUtils (LogUtils.java:runAndLog(49)) - Successfully ran Atomic Files.move /home/runner/work/ratis/ratis/ratis-examples/target/test/data/f624d035/MiniRaftClusterWithGrpc4aa2bfeb/s0/746c2775-00df-41b8-9955-5d788f7a274c/current/raft-meta.conf.tmp to /home/runner/work/ratis/ratis/ratis-examples/target/test/data/f624d035/MiniRaftClusterWithGrpc4aa2bfeb/s0/746c2775-00df-41b8-9955-5d788f7a274c/current/raft-meta.conf with options [REPLACE_EXISTING]
2024-09-10 06:20:05,969 DEBUG server.RaftServer$Division (RaftServerImpl.java:logAppendEntries(1539)) - s3@group-5D788F7A274C: appendEntries* reply s0<-s3#14:OK-t1,SUCCESS,nextIndex=129,followerCommit=127,matchIndex=128
2024-09-10 06:20:05,969 TRACE util.FileUtils (LogUtils.java:supplyAndLog(69)) - Successfully supplied FileChannel.open /home/runner/work/ratis/ratis/ratis-examples/target/test/data/f624d035/MiniRaftClusterWithGrpc4aa2bfeb/s13/746c2775-00df-41b8-9955-5d788f7a274c/current/raft-meta.conf.tmp with options [CREATE, WRITE]: sun.nio.ch.FileChannelImpl@12709066
2024-09-10 06:20:05,969 TRACE util.FileUtils (LogUtils.java:supplyAndLog(69)) - Successfully supplied FileChannel.open /home/runner/work/ratis/ratis/ratis-examples/target/test/data/f624d035/MiniRaftClusterWithGrpc4aa2bfeb/s1/746c2775-00df-41b8-9955-5d788f7a274c/current/raft-meta.conf.tmp with options [CREATE, WRITE]: sun.nio.ch.FileChannelImpl@4bdf8bad
2024-09-10 06:20:05,970 TRACE util.FileUtils (LogUtils.java:runAndLog(49)) - Successfully ran Atomic Files.move /home/runner/work/ratis/ratis/ratis-examples/target/test/data/f624d035/MiniRaftClusterWithGrpc4aa2bfeb/s14/746c2775-00df-41b8-9955-5d788f7a274c/current/raft-meta.conf.tmp to /home/runner/work/ratis/ratis/ratis-examples/target/test/data/f624d035/MiniRaftClusterWithGrpc4aa2bfeb/s14/746c2775-00df-41b8-9955-5d788f7a274c/current/raft-meta.conf with options [REPLACE_EXISTING]
2024-09-10 06:20:05,971 TRACE util.FileUtils (LogUtils.java:supplyAndLog(69)) - Successfully supplied FileChannel.open /home/runner/work/ratis/ratis/ratis-examples/target/test/data/f624d035/MiniRaftClusterWithGrpc4aa2bfeb/s14/746c2775-00df-41b8-9955-5d788f7a274c/current/raft-meta.conf.tmp with options [CREATE, WRITE]: sun.nio.ch.FileChannelImpl@76c69995
2024-09-10 06:20:05,972 TRACE util.FileUtils (LogUtils.java:runAndLog(49)) - Successfully ran Atomic Files.move /home/runner/work/ratis/ratis/ratis-examples/target/test/data/f624d035/MiniRaftClusterWithGrpc4aa2bfeb/s1/746c2775-00df-41b8-9955-5d788f7a274c/current/raft-meta.conf.tmp to /home/runner/work/ratis/ratis/ratis-examples/target/test/data/f624d035/MiniRaftClusterWithGrpc4aa2bfeb/s1/746c2775-00df-41b8-9955-5d788f7a274c/current/raft-meta.conf with options [REPLACE_EXISTING]
2024-09-10 06:20:05,973 TRACE util.FileUtils (LogUtils.java:runAndLog(49)) - Successfully ran Atomic Files.move /home/runner/work/ratis/ratis/ratis-examples/target/test/data/f624d035/MiniRaftClusterWithGrpc4aa2bfeb/s3/746c2775-00df-41b8-9955-5d788f7a274c/current/raft-meta.conf.tmp to /home/runner/work/ratis/ratis/ratis-examples/target/test/data/f624d035/MiniRaftClusterWithGrpc4aa2bfeb/s3/746c2775-00df-41b8-9955-5d788f7a274c/current/raft-meta.conf with options [REPLACE_EXISTING]
2024-09-10 06:20:05,973 TRACE util.FileUtils (LogUtils.java:supplyAndLog(69)) - Successfully supplied FileChannel.open /home/runner/work/ratis/ratis/ratis-examples/target/test/data/f624d035/MiniRaftClusterWithGrpc4aa2bfeb/s3/746c2775-00df-41b8-9955-5d788f7a274c/current/raft-meta.conf.tmp with options [CREATE, WRITE]: sun.nio.ch.FileChannelImpl@5f63fabc
2024-09-10 06:20:05,973 DEBUG server.RaftServer$Division (RaftServerImpl.java:logAppendEntries(1539)) - s3@group-5D788F7A274C: appendEntries* reply s0<-s3#1:OK-t1,SUCCESS,nextIndex=125,followerCommit=124,matchIndex=124
2024-09-10 06:20:05,973 DEBUG server.RaftServer$Division (RaftServerImpl.java:logAppendEntries(1539)) - s13@group-5D788F7A274C: appendEntries* reply s0<-s13#9:OK-t1,SUCCESS,nextIndex=129,followerCommit=127,matchIndex=128
2024-09-10 06:20:05,974 TRACE util.FileUtils (LogUtils.java:runAndLog(49)) - Successfully ran Atomic Files.move /home/runner/work/ratis/ratis/ratis-examples/target/test/data/f624d035/MiniRaftClusterWithGrpc4aa2bfeb/s10/746c2775-00df-41b8-9955-5d788f7a274c/current/raft-meta.conf.tmp to /home/runner/work/ratis/ratis/ratis-examples/target/test/data/f624d035/MiniRaftClusterWithGrpc4aa2bfeb/s10/746c2775-00df-41b8-9955-5d788f7a274c/current/raft-meta.conf with options [REPLACE_EXISTING]
2024-09-10 06:20:05,974 TRACE util.FileUtils (LogUtils.java:runAndLog(49)) - Successfully ran Atomic Files.move /home/runner/work/ratis/ratis/ratis-examples/target/test/data/f624d035/MiniRaftClusterWithGrpc4aa2bfeb/s13/746c2775-00df-41b8-9955-5d788f7a274c/current/raft-meta.conf.tmp to /home/runner/work/ratis/ratis/ratis-examples/target/test/data/f624d035/MiniRaftClusterWithGrpc4aa2bfeb/s13/746c2775-00df-41b8-9955-5d788f7a274c/current/raft-meta.conf with options [REPLACE_EXISTING]
2024-09-10 06:20:05,975 TRACE util.FileUtils (LogUtils.java:supplyAndLog(69)) - Successfully supplied FileChannel.open /home/runner/work/ratis/ratis/ratis-examples/target/test/data/f624d035/MiniRaftClusterWithGrpc4aa2bfeb/s13/746c2775-00df-41b8-9955-5d788f7a274c/current/raft-meta.conf.tmp with options [CREATE, WRITE]: sun.nio.ch.FileChannelImpl@1c88fb3b
2024-09-10 06:20:05,974 TRACE util.FileUtils (LogUtils.java:runAndLog(49)) - Successfully ran Atomic Files.move /home/runner/work/ratis/ratis/ratis-examples/target/test/data/f624d035/MiniRaftClusterWithGrpc4aa2bfeb/s2/746c2775-00df-41b8-9955-5d788f7a274c/current/raft-meta.conf.tmp to /home/runner/work/ratis/ratis/ratis-examples/target/test/data/f624d035/MiniRaftClusterWithGrpc4aa2bfeb/s2/746c2775-00df-41b8-9955-5d788f7a274c/current/raft-meta.conf with options [REPLACE_EXISTING]
2024-09-10 06:20:05,976 TRACE util.FileUtils (LogUtils.java:supplyAndLog(69)) - Successfully supplied FileChannel.open /home/runner/work/ratis/ratis/ratis-examples/target/test/data/f624d035/MiniRaftClusterWithGrpc4aa2bfeb/s2/746c2775-00df-41b8-9955-5d788f7a274c/current/raft-meta.conf.tmp with options [CREATE, WRITE]: sun.nio.ch.FileChannelImpl@43feaee2
2024-09-10 06:20:05,974 TRACE util.FileUtils (LogUtils.java:runAndLog(49)) - Successfully ran Atomic Files.move /home/runner/work/ratis/ratis/ratis-examples/target/test/data/f624d035/MiniRaftClusterWithGrpc4aa2bfeb/s14/746c2775-00df-41b8-9955-5d788f7a274c/current/raft-meta.conf.tmp to /home/runner/work/ratis/ratis/ratis-examples/target/test/data/f624d035/MiniRaftClusterWithGrpc4aa2bfeb/s14/746c2775-00df-41b8-9955-5d788f7a274c/current/raft-meta.conf with options [REPLACE_EXISTING]
2024-09-10 06:20:05,974 TRACE util.FileUtils (LogUtils.java:runAndLog(49)) - Successfully ran Atomic Files.move /home/runner/work/ratis/ratis/ratis-examples/target/test/data/f624d035/MiniRaftClusterWithGrpc4aa2bfeb/s11/746c2775-00df-41b8-9955-5d788f7a274c/current/raft-meta.conf.tmp to /home/runner/work/ratis/ratis/ratis-examples/target/test/data/f624d035/MiniRaftClusterWithGrpc4aa2bfeb/s11/746c2775-00df-41b8-9955-5d788f7a274c/current/raft-meta.conf with options [REPLACE_EXISTING]
2024-09-10 06:20:05,977 TRACE util.FileUtils (LogUtils.java:supplyAndLog(69)) - Successfully supplied FileChannel.open /home/runner/work/ratis/ratis/ratis-examples/target/test/data/f624d035/MiniRaftClusterWithGrpc4aa2bfeb/s11/746c2775-00df-41b8-9955-5d788f7a274c/current/raft-meta.conf.tmp with options [CREATE, WRITE]: sun.nio.ch.FileChannelImpl@7ddd7ecc
2024-09-10 06:20:05,973 TRACE util.FileUtils (LogUtils.java:runAndLog(49)) - Successfully ran Atomic Files.move /home/runner/work/ratis/ratis/ratis-examples/target/test/data/f624d035/MiniRaftClusterWithGrpc4aa2bfeb/s12/746c2775-00df-41b8-9955-5d788f7a274c/current/raft-meta.conf.tmp to /home/runner/work/ratis/ratis/ratis-examples/target/test/data/f624d035/MiniRaftClusterWithGrpc4aa2bfeb/s12/746c2775-00df-41b8-9955-5d788f7a274c/current/raft-meta.conf with options [REPLACE_EXISTING]
2024-09-10 06:20:05,975 TRACE util.FileUtils (LogUtils.java:supplyAndLog(69)) - Successfully supplied FileChannel.open /home/runner/work/ratis/ratis/ratis-examples/target/test/data/f624d035/MiniRaftClusterWithGrpc4aa2bfeb/s10/746c2775-00df-41b8-9955-5d788f7a274c/current/raft-meta.conf.tmp with options [CREATE, WRITE]: sun.nio.ch.FileChannelImpl@106fbb9
2024-09-10 06:20:05,978 INFO  server.RaftServer$Division (ServerState.java:setRaftConf(386)) - s2@group-5D788F7A274C: set configuration conf: {index: 127, cur=peers:[s3|0.0.0.0:15003, s11|0.0.0.0:15011, s10|0.0.0.0:15010, s13|0.0.0.0:15013, s12|0.0.0.0:15012, s14|0.0.0.0:15014, s0|0.0.0.0:15000, s1|0.0.0.0:15001, s2|0.0.0.0:15002]|listeners:[], old=null}
2024-09-10 06:20:05,979 INFO  server.RaftServerConfigKeys (ConfUtils.java:logGet(46)) - raft.server.log.appender.wait-time.min = 1ms (default)
2024-09-10 06:20:05,979 INFO  server.RaftServer$Division (ServerState.java:setRaftConf(386)) - s14@group-5D788F7A274C: set configuration conf: {index: 125, cur=peers:[s3|0.0.0.0:15003, s11|0.0.0.0:15011, s10|0.0.0.0:15010, s13|0.0.0.0:15013, s12|0.0.0.0:15012, s14|0.0.0.0:15014, s0|0.0.0.0:15000, s1|0.0.0.0:15001, s2|0.0.0.0:15002]|listeners:[], old=peers:[s11|0.0.0.0:15011, s10|0.0.0.0:15010, s12|0.0.0.0:15012, s0|0.0.0.0:15000, s1|0.0.0.0:15001]|listeners:[]}
2024-09-10 06:20:05,980 TRACE util.FileUtils (LogUtils.java:runAndLog(49)) - Successfully ran Atomic Files.move /home/runner/work/ratis/ratis/ratis-examples/target/test/data/f624d035/MiniRaftClusterWithGrpc4aa2bfeb/s13/746c2775-00df-41b8-9955-5d788f7a274c/current/raft-meta.conf.tmp to /home/runner/work/ratis/ratis/ratis-examples/target/test/data/f624d035/MiniRaftClusterWithGrpc4aa2bfeb/s13/746c2775-00df-41b8-9955-5d788f7a274c/current/raft-meta.conf with options [REPLACE_EXISTING]
2024-09-10 06:20:05,979 INFO  grpc.GrpcConfigKeys (ConfUtils.java:logGet(46)) - raft.grpc.server.leader.outstanding.appends.max = 8 (default)
2024-09-10 06:20:05,980 TRACE util.FileUtils (LogUtils.java:runAndLog(49)) - Successfully ran Atomic Files.move /home/runner/work/ratis/ratis/ratis-examples/target/test/data/f624d035/MiniRaftClusterWithGrpc4aa2bfeb/s2/746c2775-00df-41b8-9955-5d788f7a274c/current/raft-meta.conf.tmp to /home/runner/work/ratis/ratis/ratis-examples/target/test/data/f624d035/MiniRaftClusterWithGrpc4aa2bfeb/s2/746c2775-00df-41b8-9955-5d788f7a274c/current/raft-meta.conf with options [REPLACE_EXISTING]
2024-09-10 06:20:05,979 TRACE util.FileUtils (LogUtils.java:runAndLog(49)) - Successfully ran Atomic Files.move /home/runner/work/ratis/ratis/ratis-examples/target/test/data/f624d035/MiniRaftClusterWithGrpc4aa2bfeb/s3/746c2775-00df-41b8-9955-5d788f7a274c/current/raft-meta.conf.tmp to /home/runner/work/ratis/ratis/ratis-examples/target/test/data/f624d035/MiniRaftClusterWithGrpc4aa2bfeb/s3/746c2775-00df-41b8-9955-5d788f7a274c/current/raft-meta.conf with options [REPLACE_EXISTING]
2024-09-10 06:20:05,980 TRACE util.FileUtils (LogUtils.java:supplyAndLog(69)) - Successfully supplied FileChannel.open /home/runner/work/ratis/ratis/ratis-examples/target/test/data/f624d035/MiniRaftClusterWithGrpc4aa2bfeb/s12/746c2775-00df-41b8-9955-5d788f7a274c/current/raft-meta.conf.tmp with options [CREATE, WRITE]: sun.nio.ch.FileChannelImpl@3d9d3e5c
2024-09-10 06:20:05,980 DEBUG server.RaftServer$Division (RaftServerImpl.java:logAppendEntries(1539)) - s2@group-5D788F7A274C: appendEntries* reply s0<-s2#5:OK-t1,SUCCESS,nextIndex=128,followerCommit=125,matchIndex=127
2024-09-10 06:20:05,980 INFO  server.RaftServerConfigKeys (ConfUtils.java:logGet(46)) - raft.server.rpc.request.timeout = 3000ms (default)
2024-09-10 06:20:05,980 DEBUG server.RaftServer$Division (RaftServerImpl.java:logAppendEntries(1539)) - s14@group-5D788F7A274C: appendEntries* s0->s14#6-t1,previous=(t:1, i:125),leaderCommit=125,initializing? false,entries: size=1, first=(t:1, i:126), METADATAENTRY(c:125)
2024-09-10 06:20:05,980 TRACE util.FileUtils (LogUtils.java:supplyAndLog(69)) - Successfully supplied FileChannel.open /home/runner/work/ratis/ratis/ratis-examples/target/test/data/f624d035/MiniRaftClusterWithGrpc4aa2bfeb/s3/746c2775-00df-41b8-9955-5d788f7a274c/current/raft-meta.conf.tmp with options [CREATE, WRITE]: sun.nio.ch.FileChannelImpl@1a616f34
2024-09-10 06:20:05,980 TRACE util.FileUtils (LogUtils.java:supplyAndLog(69)) - Successfully supplied FileChannel.open /home/runner/work/ratis/ratis/ratis-examples/target/test/data/f624d035/MiniRaftClusterWithGrpc4aa2bfeb/s2/746c2775-00df-41b8-9955-5d788f7a274c/current/raft-meta.conf.tmp with options [CREATE, WRITE]: sun.nio.ch.FileChannelImpl@6fc38f9
2024-09-10 06:20:05,980 INFO  grpc.GrpcConfigKeys (ConfUtils.java:logGet(46)) - raft.grpc.server.install_snapshot.request.element-limit = 8 (default)
2024-09-10 06:20:05,981 INFO  grpc.GrpcConfigKeys (ConfUtils.java:logGet(46)) - raft.grpc.server.install_snapshot.request.timeout = 3000ms (default)
2024-09-10 06:20:05,981 INFO  grpc.GrpcConfigKeys (ConfUtils.java:logGet(46)) - raft.grpc.server.log-message.batch.duration = 5s (default)
2024-09-10 06:20:05,981 INFO  server.RaftServerConfigKeys (ConfUtils.java:logGet(46)) - raft.server.log.appender.install.snapshot.enabled = true (default)
2024-09-10 06:20:05,981 INFO  grpc.GrpcConfigKeys (ConfUtils.java:logGet(46)) - raft.grpc.server.heartbeat.channel = true (default)
2024-09-10 06:20:05,982 INFO  server.RaftServerConfigKeys (ConfUtils.java:logGet(46)) - raft.server.log.appender.snapshot.chunk.size.max = 16MB (=16777216) (default)
2024-09-10 06:20:05,982 INFO  server.RaftServerConfigKeys (ConfUtils.java:logGet(46)) - raft.server.log.appender.buffer.byte-limit = 4MB (=4194304) (default)
2024-09-10 06:20:05,982 INFO  server.RaftServerConfigKeys (ConfUtils.java:logGet(46)) - raft.server.log.appender.buffer.element-limit = 0 (default)
2024-09-10 06:20:05,982 INFO  server.RaftServerConfigKeys (ConfUtils.java:logGet(46)) - raft.server.log.appender.wait-time.min = 1ms (default)
2024-09-10 06:20:05,982 INFO  grpc.GrpcConfigKeys (ConfUtils.java:logGet(46)) - raft.grpc.server.leader.outstanding.appends.max = 8 (default)
2024-09-10 06:20:05,982 INFO  server.RaftServerConfigKeys (ConfUtils.java:logGet(46)) - raft.server.rpc.request.timeout = 3000ms (default)
2024-09-10 06:20:05,982 INFO  grpc.GrpcConfigKeys (ConfUtils.java:logGet(46)) - raft.grpc.server.install_snapshot.request.element-limit = 8 (default)
2024-09-10 06:20:05,982 INFO  grpc.GrpcConfigKeys (ConfUtils.java:logGet(46)) - raft.grpc.server.install_snapshot.request.timeout = 3000ms (default)
2024-09-10 06:20:05,982 INFO  grpc.GrpcConfigKeys (ConfUtils.java:logGet(46)) - raft.grpc.server.log-message.batch.duration = 5s (default)
2024-09-10 06:20:05,982 INFO  server.RaftServerConfigKeys (ConfUtils.java:logGet(46)) - raft.server.log.appender.install.snapshot.enabled = true (default)
2024-09-10 06:20:05,982 INFO  grpc.GrpcConfigKeys (ConfUtils.java:logGet(46)) - raft.grpc.server.heartbeat.channel = true (default)
2024-09-10 06:20:05,983 INFO  server.RaftServerConfigKeys (ConfUtils.java:logGet(46)) - raft.server.log.appender.snapshot.chunk.size.max = 16MB (=16777216) (default)
2024-09-10 06:20:05,984 DEBUG server.RaftServer$Division (RaftServerImpl.java:logAppendEntries(1539)) - s2@group-5D788F7A274C: appendEntries* s0->s2#10-t1,previous=(t:1, i:127),leaderCommit=127,initializing? false,entries: size=1, first=(t:1, i:128), METADATAENTRY(c:127)
2024-09-10 06:20:05,986 TRACE util.FileUtils (LogUtils.java:runAndLog(49)) - Successfully ran Atomic Files.move /home/runner/work/ratis/ratis/ratis-examples/target/test/data/f624d035/MiniRaftClusterWithGrpc4aa2bfeb/s11/746c2775-00df-41b8-9955-5d788f7a274c/current/raft-meta.conf.tmp to /home/runner/work/ratis/ratis/ratis-examples/target/test/data/f624d035/MiniRaftClusterWithGrpc4aa2bfeb/s11/746c2775-00df-41b8-9955-5d788f7a274c/current/raft-meta.conf with options [REPLACE_EXISTING]
2024-09-10 06:20:05,984 TRACE util.FileUtils (LogUtils.java:runAndLog(49)) - Successfully ran Atomic Files.move /home/runner/work/ratis/ratis/ratis-examples/target/test/data/f624d035/MiniRaftClusterWithGrpc4aa2bfeb/s2/746c2775-00df-41b8-9955-5d788f7a274c/current/raft-meta.conf.tmp to /home/runner/work/ratis/ratis/ratis-examples/target/test/data/f624d035/MiniRaftClusterWithGrpc4aa2bfeb/s2/746c2775-00df-41b8-9955-5d788f7a274c/current/raft-meta.conf with options [REPLACE_EXISTING]
2024-09-10 06:20:05,983 TRACE util.FileUtils (LogUtils.java:supplyAndLog(69)) - Successfully supplied FileChannel.open /home/runner/work/ratis/ratis/ratis-examples/target/test/data/f624d035/MiniRaftClusterWithGrpc4aa2bfeb/s14/746c2775-00df-41b8-9955-5d788f7a274c/current/raft-meta.conf.tmp with options [CREATE, WRITE]: sun.nio.ch.FileChannelImpl@33c41929
2024-09-10 06:20:05,983 DEBUG server.RaftServer$Division (RaftServerImpl.java:logAppendEntries(1539)) - s14@group-5D788F7A274C: appendEntries* s0->s14#7-t1,previous=(t:1, i:126),leaderCommit=125,initializing? false,entries: size=1, first=(t:1, i:127), CONFIGURATIONENTRY(current:id:"s3"address:"0.0.0.0:15003"clientAddress:"0.0.0.0:15003"adminAddress:"0.0.0.0:15003"startupRole:FOLLOWER, id:"s11"address:"0.0.0.0:15011"clientAddress:"0.0.0.0:15011"adminAddress:"0.0.0.0:15011"startupRole:FOLLOWER, id:"s10"address:"0.0.0.0:15010"clientAddress:"0.0.0.0:15010"adminAddress:"0.0.0.0:15010"startupRole:FOLLOWER, id:"s13"address:"0.0.0.0:15013"clientAddress:"0.0.0.0:15013"adminAddress:"0.0.0.0:15013"startupRole:FOLLOWER, id:"s12"address:"0.0.0.0:15012"clientAddress:"0.0.0.0:15012"adminAddress:"0.0.0.0:15012"startupRole:FOLLOWER, id:"s14"address:"0.0.0.0:15014"clientAddress:"0.0.0.0:15014"adminAddress:"0.0.0.0:15014"startupRole:FOLLOWER, id:"s0"address:"0.0.0.0:15000"clientAddress:"0.0.0.0:15000"adminAddress:"0.0.0.0:15000"startupRole:FOLLOWER, id:"s1"address:"0.0.0.0:15001"clientAddress:"0.0.0.0:15001"adminAddress:"0.0.0.0:15001"startupRole:FOLLOWER, id:"s2"address:"0.0.0.0:15002"clientAddress:"0.0.0.0:15002"adminAddress:"0.0.0.0:15002"startupRole:FOLLOWER, old:)
2024-09-10 06:20:05,986 INFO  server.RaftServer$Division (ServerState.java:setRaftConf(386)) - s14@group-5D788F7A274C: set configuration conf: {index: 127, cur=peers:[s3|0.0.0.0:15003, s11|0.0.0.0:15011, s10|0.0.0.0:15010, s13|0.0.0.0:15013, s12|0.0.0.0:15012, s14|0.0.0.0:15014, s0|0.0.0.0:15000, s1|0.0.0.0:15001, s2|0.0.0.0:15002]|listeners:[], old=null}
2024-09-10 06:20:05,987 DEBUG server.RaftServer$Division (RaftServerImpl.java:logAppendEntries(1539)) - s14@group-5D788F7A274C: appendEntries* s0->s14#11-t1,previous=(t:1, i:127),leaderCommit=127,initializing? false,entries: size=1, first=(t:1, i:128), METADATAENTRY(c:127)
2024-09-10 06:20:05,983 DEBUG server.RaftServer$Division (RaftServerImpl.java:logAppendEntries(1539)) - s14@group-5D788F7A274C: appendEntries* reply s0<-s14#6:OK-t1,SUCCESS,nextIndex=127,followerCommit=125,matchIndex=126
2024-09-10 06:20:05,983 DEBUG server.RaftServer$Division (RaftServerImpl.java:logAppendEntries(1539)) - s14@group-5D788F7A274C: appendEntries* reply s0<-s14#5:OK-t1,SUCCESS,nextIndex=126,followerCommit=124,matchIndex=125
2024-09-10 06:20:05,986 DEBUG server.RaftServer$Division (RaftServerImpl.java:logAppendEntries(1539)) - s2@group-5D788F7A274C: appendEntries* reply s0<-s2#10:OK-t1,SUCCESS,nextIndex=129,followerCommit=127,matchIndex=128
2024-09-10 06:20:05,988 DEBUG server.RaftServer$Division (RaftServerImpl.java:logAppendEntries(1539)) - s14@group-5D788F7A274C: appendEntries* reply s0<-s14#11:OK-t1,SUCCESS,nextIndex=129,followerCommit=127,matchIndex=128
2024-09-10 06:20:05,986 TRACE util.FileUtils (LogUtils.java:runAndLog(49)) - Successfully ran Atomic Files.move /home/runner/work/ratis/ratis/ratis-examples/target/test/data/f624d035/MiniRaftClusterWithGrpc4aa2bfeb/s12/746c2775-00df-41b8-9955-5d788f7a274c/current/raft-meta.conf.tmp to /home/runner/work/ratis/ratis/ratis-examples/target/test/data/f624d035/MiniRaftClusterWithGrpc4aa2bfeb/s12/746c2775-00df-41b8-9955-5d788f7a274c/current/raft-meta.conf with options [REPLACE_EXISTING]
2024-09-10 06:20:05,986 TRACE util.FileUtils (LogUtils.java:runAndLog(49)) - Successfully ran Atomic Files.move /home/runner/work/ratis/ratis/ratis-examples/target/test/data/f624d035/MiniRaftClusterWithGrpc4aa2bfeb/s10/746c2775-00df-41b8-9955-5d788f7a274c/current/raft-meta.conf.tmp to /home/runner/work/ratis/ratis/ratis-examples/target/test/data/f624d035/MiniRaftClusterWithGrpc4aa2bfeb/s10/746c2775-00df-41b8-9955-5d788f7a274c/current/raft-meta.conf with options [REPLACE_EXISTING]
2024-09-10 06:20:05,985 INFO  server.RaftServerConfigKeys (ConfUtils.java:logGet(46)) - raft.server.log.appender.buffer.byte-limit = 4MB (=4194304) (default)
2024-09-10 06:20:05,989 INFO  server.RaftServerConfigKeys (ConfUtils.java:logGet(46)) - raft.server.log.appender.buffer.element-limit = 0 (default)
2024-09-10 06:20:05,989 INFO  server.RaftServerConfigKeys (ConfUtils.java:logGet(46)) - raft.server.log.appender.wait-time.min = 1ms (default)
2024-09-10 06:20:05,989 INFO  grpc.GrpcConfigKeys (ConfUtils.java:logGet(46)) - raft.grpc.server.leader.outstanding.appends.max = 8 (default)
2024-09-10 06:20:05,989 INFO  server.RaftServerConfigKeys (ConfUtils.java:logGet(46)) - raft.server.rpc.request.timeout = 3000ms (default)
2024-09-10 06:20:05,989 INFO  grpc.GrpcConfigKeys (ConfUtils.java:logGet(46)) - raft.grpc.server.install_snapshot.request.element-limit = 8 (default)
2024-09-10 06:20:05,989 INFO  grpc.GrpcConfigKeys (ConfUtils.java:logGet(46)) - raft.grpc.server.install_snapshot.request.timeout = 3000ms (default)
2024-09-10 06:20:05,989 INFO  grpc.GrpcConfigKeys (ConfUtils.java:logGet(46)) - raft.grpc.server.log-message.batch.duration = 5s (default)
2024-09-10 06:20:05,989 INFO  server.RaftServerConfigKeys (ConfUtils.java:logGet(46)) - raft.server.log.appender.install.snapshot.enabled = true (default)
2024-09-10 06:20:05,990 INFO  grpc.GrpcConfigKeys (ConfUtils.java:logGet(46)) - raft.grpc.server.heartbeat.channel = true (default)
2024-09-10 06:20:05,990 INFO  server.RaftServerConfigKeys (ConfUtils.java:logGet(46)) - raft.server.log.appender.snapshot.chunk.size.max = 16MB (=16777216) (default)
2024-09-10 06:20:05,990 INFO  server.RaftServerConfigKeys (ConfUtils.java:logGet(46)) - raft.server.log.appender.buffer.byte-limit = 4MB (=4194304) (default)
2024-09-10 06:20:05,990 INFO  server.RaftServerConfigKeys (ConfUtils.java:logGet(46)) - raft.server.log.appender.buffer.element-limit = 0 (default)
2024-09-10 06:20:05,990 INFO  server.RaftServerConfigKeys (ConfUtils.java:logGet(46)) - raft.server.log.appender.wait-time.min = 1ms (default)
2024-09-10 06:20:05,988 DEBUG server.RaftServer$Division (RaftServerImpl.java:logAppendEntries(1539)) - s14@group-5D788F7A274C: appendEntries* reply s0<-s14#7:OK-t1,SUCCESS,nextIndex=128,followerCommit=127,matchIndex=127
2024-09-10 06:20:05,991 TRACE util.FileUtils (LogUtils.java:runAndLog(49)) - Successfully ran Atomic Files.move /home/runner/work/ratis/ratis/ratis-examples/target/test/data/f624d035/MiniRaftClusterWithGrpc4aa2bfeb/s14/746c2775-00df-41b8-9955-5d788f7a274c/current/raft-meta.conf.tmp to /home/runner/work/ratis/ratis/ratis-examples/target/test/data/f624d035/MiniRaftClusterWithGrpc4aa2bfeb/s14/746c2775-00df-41b8-9955-5d788f7a274c/current/raft-meta.conf with options [REPLACE_EXISTING]
2024-09-10 06:20:05,990 INFO  grpc.GrpcConfigKeys (ConfUtils.java:logGet(46)) - raft.grpc.server.leader.outstanding.appends.max = 8 (default)
2024-09-10 06:20:05,991 INFO  server.RaftServerConfigKeys (ConfUtils.java:logGet(46)) - raft.server.rpc.request.timeout = 3000ms (default)
2024-09-10 06:20:05,991 INFO  grpc.GrpcConfigKeys (ConfUtils.java:logGet(46)) - raft.grpc.server.install_snapshot.request.element-limit = 8 (default)
2024-09-10 06:20:05,991 INFO  grpc.GrpcConfigKeys (ConfUtils.java:logGet(46)) - raft.grpc.server.install_snapshot.request.timeout = 3000ms (default)
2024-09-10 06:20:05,992 INFO  grpc.GrpcConfigKeys (ConfUtils.java:logGet(46)) - raft.grpc.server.log-message.batch.duration = 5s (default)
2024-09-10 06:20:05,992 INFO  server.RaftServerConfigKeys (ConfUtils.java:logGet(46)) - raft.server.log.appender.install.snapshot.enabled = true (default)
2024-09-10 06:20:05,992 INFO  grpc.GrpcConfigKeys (ConfUtils.java:logGet(46)) - raft.grpc.server.heartbeat.channel = true (default)
2024-09-10 06:20:05,992 TRACE util.FileUtils (LogUtils.java:supplyAndLog(69)) - Successfully supplied FileChannel.open /home/runner/work/ratis/ratis/ratis-examples/target/test/data/f624d035/MiniRaftClusterWithGrpc4aa2bfeb/s2/746c2775-00df-41b8-9955-5d788f7a274c/current/raft-meta.conf.tmp with options [CREATE, WRITE]: sun.nio.ch.FileChannelImpl@79a957e1
2024-09-10 06:20:05,992 INFO  server.RaftServerConfigKeys (ConfUtils.java:logGet(46)) - raft.server.log.appender.snapshot.chunk.size.max = 16MB (=16777216) (default)
2024-09-10 06:20:05,992 TRACE util.FileUtils (LogUtils.java:supplyAndLog(69)) - Successfully supplied FileChannel.open /home/runner/work/ratis/ratis/ratis-examples/target/test/data/f624d035/MiniRaftClusterWithGrpc4aa2bfeb/s14/746c2775-00df-41b8-9955-5d788f7a274c/current/raft-meta.conf.tmp with options [CREATE, WRITE]: sun.nio.ch.FileChannelImpl@38666c6e
2024-09-10 06:20:05,992 TRACE util.FileUtils (LogUtils.java:runAndLog(49)) - Successfully ran Atomic Files.move /home/runner/work/ratis/ratis/ratis-examples/target/test/data/f624d035/MiniRaftClusterWithGrpc4aa2bfeb/s3/746c2775-00df-41b8-9955-5d788f7a274c/current/raft-meta.conf.tmp to /home/runner/work/ratis/ratis/ratis-examples/target/test/data/f624d035/MiniRaftClusterWithGrpc4aa2bfeb/s3/746c2775-00df-41b8-9955-5d788f7a274c/current/raft-meta.conf with options [REPLACE_EXISTING]
2024-09-10 06:20:05,992 TRACE util.FileUtils (LogUtils.java:supplyAndLog(69)) - Successfully supplied FileChannel.open /home/runner/work/ratis/ratis/ratis-examples/target/test/data/f624d035/MiniRaftClusterWithGrpc4aa2bfeb/s3/746c2775-00df-41b8-9955-5d788f7a274c/current/raft-meta.conf.tmp with options [CREATE, WRITE]: sun.nio.ch.FileChannelImpl@13fd9845
2024-09-10 06:20:05,994 TRACE util.FileUtils (LogUtils.java:runAndLog(49)) - Successfully ran Atomic Files.move /home/runner/work/ratis/ratis/ratis-examples/target/test/data/f624d035/MiniRaftClusterWithGrpc4aa2bfeb/s2/746c2775-00df-41b8-9955-5d788f7a274c/current/raft-meta.conf.tmp to /home/runner/work/ratis/ratis/ratis-examples/target/test/data/f624d035/MiniRaftClusterWithGrpc4aa2bfeb/s2/746c2775-00df-41b8-9955-5d788f7a274c/current/raft-meta.conf with options [REPLACE_EXISTING]
2024-09-10 06:20:05,992 INFO  server.RaftServerConfigKeys (ConfUtils.java:logGet(46)) - raft.server.log.appender.buffer.byte-limit = 4MB (=4194304) (default)
2024-09-10 06:20:05,994 INFO  server.RaftServerConfigKeys (ConfUtils.java:logGet(46)) - raft.server.log.appender.buffer.element-limit = 0 (default)
2024-09-10 06:20:05,994 TRACE util.FileUtils (LogUtils.java:runAndLog(49)) - Successfully ran Atomic Files.move /home/runner/work/ratis/ratis/ratis-examples/target/test/data/f624d035/MiniRaftClusterWithGrpc4aa2bfeb/s14/746c2775-00df-41b8-9955-5d788f7a274c/current/raft-meta.conf.tmp to /home/runner/work/ratis/ratis/ratis-examples/target/test/data/f624d035/MiniRaftClusterWithGrpc4aa2bfeb/s14/746c2775-00df-41b8-9955-5d788f7a274c/current/raft-meta.conf with options [REPLACE_EXISTING]
2024-09-10 06:20:05,994 INFO  server.RaftServerConfigKeys (ConfUtils.java:logGet(46)) - raft.server.log.appender.wait-time.min = 1ms (default)
2024-09-10 06:20:05,995 TRACE util.FileUtils (LogUtils.java:runAndLog(49)) - Successfully ran Atomic Files.move /home/runner/work/ratis/ratis/ratis-examples/target/test/data/f624d035/MiniRaftClusterWithGrpc4aa2bfeb/s3/746c2775-00df-41b8-9955-5d788f7a274c/current/raft-meta.conf.tmp to /home/runner/work/ratis/ratis/ratis-examples/target/test/data/f624d035/MiniRaftClusterWithGrpc4aa2bfeb/s3/746c2775-00df-41b8-9955-5d788f7a274c/current/raft-meta.conf with options [REPLACE_EXISTING]
2024-09-10 06:20:05,995 INFO  grpc.GrpcConfigKeys (ConfUtils.java:logGet(46)) - raft.grpc.server.leader.outstanding.appends.max = 8 (default)
2024-09-10 06:20:05,995 INFO  server.RaftServerConfigKeys (ConfUtils.java:logGet(46)) - raft.server.rpc.request.timeout = 3000ms (default)
2024-09-10 06:20:05,995 INFO  grpc.GrpcConfigKeys (ConfUtils.java:logGet(46)) - raft.grpc.server.install_snapshot.request.element-limit = 8 (default)
2024-09-10 06:20:05,995 INFO  grpc.GrpcConfigKeys (ConfUtils.java:logGet(46)) - raft.grpc.server.install_snapshot.request.timeout = 3000ms (default)
2024-09-10 06:20:05,995 INFO  grpc.GrpcConfigKeys (ConfUtils.java:logGet(46)) - raft.grpc.server.log-message.batch.duration = 5s (default)
2024-09-10 06:20:05,995 INFO  server.RaftServerConfigKeys (ConfUtils.java:logGet(46)) - raft.server.log.appender.install.snapshot.enabled = true (default)
2024-09-10 06:20:05,995 INFO  grpc.GrpcConfigKeys (ConfUtils.java:logGet(46)) - raft.grpc.server.heartbeat.channel = true (default)
2024-09-10 06:20:05,996 INFO  leader.FollowerInfo (FollowerInfoImpl.java:setAttemptedToInstallSnapshot(154)) - Follower s0@group-5D788F7A274C->s5 acknowledged installing snapshot
2024-09-10 06:20:05,996 INFO  leader.FollowerInfo (FollowerInfoImpl.java:setAttemptedToInstallSnapshot(154)) - Follower s0@group-5D788F7A274C->s4 acknowledged installing snapshot
2024-09-10 06:20:05,999 INFO  server.GrpcServerProtocolClient (GrpcServerProtocolClient.java:<init>(65)) - Build channel for s5|0.0.0.0:15005
2024-09-10 06:20:05,999 INFO  leader.FollowerInfo (FollowerInfoImpl.java:setAttemptedToInstallSnapshot(154)) - Follower s0@group-5D788F7A274C->s6 acknowledged installing snapshot
2024-09-10 06:20:05,999 INFO  server.GrpcServerProtocolClient (GrpcServerProtocolClient.java:<init>(65)) - Build channel for s6|0.0.0.0:15006
2024-09-10 06:20:06,003 INFO  leader.FollowerInfo (FollowerInfoImpl.java:setAttemptedToInstallSnapshot(154)) - Follower s0@group-5D788F7A274C->s7 acknowledged installing snapshot
2024-09-10 06:20:06,003 INFO  server.GrpcServerProtocolClient (GrpcServerProtocolClient.java:<init>(65)) - Build channel for s7|0.0.0.0:15007
2024-09-10 06:20:06,006 INFO  leader.FollowerInfo (FollowerInfoImpl.java:setAttemptedToInstallSnapshot(154)) - Follower s0@group-5D788F7A274C->s8 acknowledged installing snapshot
2024-09-10 06:20:06,006 INFO  server.GrpcServerProtocolClient (GrpcServerProtocolClient.java:<init>(65)) - Build channel for s8|0.0.0.0:15008
2024-09-10 06:20:06,012 INFO  server.GrpcServerProtocolClient (GrpcServerProtocolClient.java:<init>(65)) - Build channel for s4|0.0.0.0:15004
2024-09-10 06:20:06,015 DEBUG server.RaftServer$Division (RaftServerImpl.java:logAppendEntries(1539)) - s8@group-5D788F7A274C: appendEntries* s0->s8#1-t1,previous=(t:0, i:0),leaderCommit=127,initializing? true,entries: size=129, first=(t:1, i:0), CONFIGURATIONENTRY(current:id:"s10"address:"0.0.0.0:15010"clientAddress:"0.0.0.0:15010"adminAddress:"0.0.0.0:15010"startupRole:FOLLOWER, id:"s0"address:"0.0.0.0:15000"clientAddress:"0.0.0.0:15000"adminAddress:"0.0.0.0:15000"startupRole:FOLLOWER, id:"s1"address:"0.0.0.0:15001"clientAddress:"0.0.0.0:15001"adminAddress:"0.0.0.0:15001"startupRole:FOLLOWER, old:)
2024-09-10 06:20:06,016 TRACE util.FileUtils (LogUtils.java:supplyAndLog(69)) - Successfully supplied FileChannel.open /home/runner/work/ratis/ratis/ratis-examples/target/test/data/f624d035/MiniRaftClusterWithGrpc4aa2bfeb/s8/746c2775-00df-41b8-9955-5d788f7a274c/current/raft-meta.tmp with options [CREATE, WRITE]: sun.nio.ch.FileChannelImpl@12d642d0
2024-09-10 06:20:06,017 TRACE util.FileUtils (LogUtils.java:runAndLog(49)) - Successfully ran Atomic Files.move /home/runner/work/ratis/ratis/ratis-examples/target/test/data/f624d035/MiniRaftClusterWithGrpc4aa2bfeb/s8/746c2775-00df-41b8-9955-5d788f7a274c/current/raft-meta.tmp to /home/runner/work/ratis/ratis/ratis-examples/target/test/data/f624d035/MiniRaftClusterWithGrpc4aa2bfeb/s8/746c2775-00df-41b8-9955-5d788f7a274c/current/raft-meta with options [REPLACE_EXISTING]
2024-09-10 06:20:06,017 INFO  server.RaftServer$Division (RaftServerImpl.java:setFirstElection(559)) - s8@group-5D788F7A274C: set firstElectionSinceStartup to false for appendEntries
2024-09-10 06:20:06,017 INFO  server.RaftServer$Division (ServerState.java:setLeader(272)) - s8@group-5D788F7A274C: change Leader from null to s0 at term 1 for appendEntries, leader elected after 244ms
2024-09-10 06:20:06,017 INFO  server.RaftServer$Division (ServerState.java:setRaftConf(386)) - s8@group-5D788F7A274C: set configuration conf: {index: 0, cur=peers:[s10|0.0.0.0:15010, s0|0.0.0.0:15000, s1|0.0.0.0:15001]|listeners:[], old=null}
2024-09-10 06:20:06,017 INFO  server.RaftServer$Division (ServerState.java:setRaftConf(386)) - s8@group-5D788F7A274C: set configuration conf: {index: 121, cur=peers:[s11|0.0.0.0:15011, s10|0.0.0.0:15010, s12|0.0.0.0:15012, s0|0.0.0.0:15000, s1|0.0.0.0:15001]|listeners:[], old=peers:[s10|0.0.0.0:15010, s0|0.0.0.0:15000, s1|0.0.0.0:15001]|listeners:[]}
2024-09-10 06:20:06,017 INFO  server.RaftServer$Division (ServerState.java:setRaftConf(386)) - s8@group-5D788F7A274C: set configuration conf: {index: 123, cur=peers:[s11|0.0.0.0:15011, s10|0.0.0.0:15010, s12|0.0.0.0:15012, s0|0.0.0.0:15000, s1|0.0.0.0:15001]|listeners:[], old=null}
2024-09-10 06:20:06,017 INFO  server.RaftServer$Division (ServerState.java:setRaftConf(386)) - s8@group-5D788F7A274C: set configuration conf: {index: 125, cur=peers:[s3|0.0.0.0:15003, s11|0.0.0.0:15011, s10|0.0.0.0:15010, s13|0.0.0.0:15013, s12|0.0.0.0:15012, s14|0.0.0.0:15014, s0|0.0.0.0:15000, s1|0.0.0.0:15001, s2|0.0.0.0:15002]|listeners:[], old=peers:[s11|0.0.0.0:15011, s10|0.0.0.0:15010, s12|0.0.0.0:15012, s0|0.0.0.0:15000, s1|0.0.0.0:15001]|listeners:[]}
2024-09-10 06:20:06,017 INFO  server.RaftServer$Division (ServerState.java:setRaftConf(386)) - s8@group-5D788F7A274C: set configuration conf: {index: 127, cur=peers:[s3|0.0.0.0:15003, s11|0.0.0.0:15011, s10|0.0.0.0:15010, s13|0.0.0.0:15013, s12|0.0.0.0:15012, s14|0.0.0.0:15014, s0|0.0.0.0:15000, s1|0.0.0.0:15001, s2|0.0.0.0:15002]|listeners:[], old=null}
2024-09-10 06:20:06,018 INFO  segmented.SegmentedRaftLogWorker (SegmentedRaftLogWorker.java:startLogSegment(438)) - s8@group-5D788F7A274C-SegmentedRaftLogWorker: Starting segment from index:0
2024-09-10 06:20:06,019 INFO  leader.FollowerInfo (FollowerInfoImpl.java:setAttemptedToInstallSnapshot(154)) - Follower s0@group-5D788F7A274C->s9 acknowledged installing snapshot
2024-09-10 06:20:06,019 INFO  server.GrpcServerProtocolClient (GrpcServerProtocolClient.java:<init>(65)) - Build channel for s9|0.0.0.0:15009
2024-09-10 06:20:06,023 TRACE util.FileUtils (LogUtils.java:supplyAndLog(69)) - Successfully supplied FileChannel.open /home/runner/work/ratis/ratis/ratis-examples/target/test/data/f624d035/MiniRaftClusterWithGrpc4aa2bfeb/s4/746c2775-00df-41b8-9955-5d788f7a274c/current/raft-meta.tmp with options [CREATE, WRITE]: sun.nio.ch.FileChannelImpl@db9486f
2024-09-10 06:20:06,026 DEBUG server.RaftServer$Division (RaftServerImpl.java:logAppendEntries(1539)) - s7@group-5D788F7A274C: appendEntries* s0->s7#1-t1,previous=(t:0, i:0),leaderCommit=127,initializing? true,entries: size=129, first=(t:1, i:0), CONFIGURATIONENTRY(current:id:"s10"address:"0.0.0.0:15010"clientAddress:"0.0.0.0:15010"adminAddress:"0.0.0.0:15010"startupRole:FOLLOWER, id:"s0"address:"0.0.0.0:15000"clientAddress:"0.0.0.0:15000"adminAddress:"0.0.0.0:15000"startupRole:FOLLOWER, id:"s1"address:"0.0.0.0:15001"clientAddress:"0.0.0.0:15001"adminAddress:"0.0.0.0:15001"startupRole:FOLLOWER, old:)
2024-09-10 06:20:06,026 TRACE util.FileUtils (LogUtils.java:supplyAndLog(69)) - Successfully supplied FileChannel.open /home/runner/work/ratis/ratis/ratis-examples/target/test/data/f624d035/MiniRaftClusterWithGrpc4aa2bfeb/s7/746c2775-00df-41b8-9955-5d788f7a274c/current/raft-meta.tmp with options [CREATE, WRITE]: sun.nio.ch.FileChannelImpl@11dfa46d
2024-09-10 06:20:06,028 TRACE util.FileUtils (LogUtils.java:runAndLog(49)) - Successfully ran Atomic Files.move /home/runner/work/ratis/ratis/ratis-examples/target/test/data/f624d035/MiniRaftClusterWithGrpc4aa2bfeb/s7/746c2775-00df-41b8-9955-5d788f7a274c/current/raft-meta.tmp to /home/runner/work/ratis/ratis/ratis-examples/target/test/data/f624d035/MiniRaftClusterWithGrpc4aa2bfeb/s7/746c2775-00df-41b8-9955-5d788f7a274c/current/raft-meta with options [REPLACE_EXISTING]
2024-09-10 06:20:06,028 INFO  server.RaftServer$Division (RaftServerImpl.java:setFirstElection(559)) - s7@group-5D788F7A274C: set firstElectionSinceStartup to false for appendEntries
2024-09-10 06:20:06,028 INFO  server.RaftServer$Division (ServerState.java:setLeader(272)) - s7@group-5D788F7A274C: change Leader from null to s0 at term 1 for appendEntries, leader elected after 269ms
2024-09-10 06:20:06,028 INFO  server.RaftServer$Division (ServerState.java:setRaftConf(386)) - s7@group-5D788F7A274C: set configuration conf: {index: 0, cur=peers:[s10|0.0.0.0:15010, s0|0.0.0.0:15000, s1|0.0.0.0:15001]|listeners:[], old=null}
2024-09-10 06:20:06,028 INFO  server.RaftServer$Division (ServerState.java:setRaftConf(386)) - s7@group-5D788F7A274C: set configuration conf: {index: 121, cur=peers:[s11|0.0.0.0:15011, s10|0.0.0.0:15010, s12|0.0.0.0:15012, s0|0.0.0.0:15000, s1|0.0.0.0:15001]|listeners:[], old=peers:[s10|0.0.0.0:15010, s0|0.0.0.0:15000, s1|0.0.0.0:15001]|listeners:[]}
2024-09-10 06:20:06,029 INFO  server.RaftServer$Division (ServerState.java:setRaftConf(386)) - s7@group-5D788F7A274C: set configuration conf: {index: 123, cur=peers:[s11|0.0.0.0:15011, s10|0.0.0.0:15010, s12|0.0.0.0:15012, s0|0.0.0.0:15000, s1|0.0.0.0:15001]|listeners:[], old=null}
2024-09-10 06:20:06,029 INFO  server.RaftServer$Division (ServerState.java:setRaftConf(386)) - s7@group-5D788F7A274C: set configuration conf: {index: 125, cur=peers:[s3|0.0.0.0:15003, s11|0.0.0.0:15011, s10|0.0.0.0:15010, s13|0.0.0.0:15013, s12|0.0.0.0:15012, s14|0.0.0.0:15014, s0|0.0.0.0:15000, s1|0.0.0.0:15001, s2|0.0.0.0:15002]|listeners:[], old=peers:[s11|0.0.0.0:15011, s10|0.0.0.0:15010, s12|0.0.0.0:15012, s0|0.0.0.0:15000, s1|0.0.0.0:15001]|listeners:[]}
2024-09-10 06:20:06,029 INFO  server.RaftServer$Division (ServerState.java:setRaftConf(386)) - s7@group-5D788F7A274C: set configuration conf: {index: 127, cur=peers:[s3|0.0.0.0:15003, s11|0.0.0.0:15011, s10|0.0.0.0:15010, s13|0.0.0.0:15013, s12|0.0.0.0:15012, s14|0.0.0.0:15014, s0|0.0.0.0:15000, s1|0.0.0.0:15001, s2|0.0.0.0:15002]|listeners:[], old=null}
2024-09-10 06:20:06,029 INFO  segmented.SegmentedRaftLogWorker (SegmentedRaftLogWorker.java:startLogSegment(438)) - s7@group-5D788F7A274C-SegmentedRaftLogWorker: Starting segment from index:0
2024-09-10 06:20:06,028 TRACE util.FileUtils (LogUtils.java:runAndLog(49)) - Successfully ran Atomic Files.move /home/runner/work/ratis/ratis/ratis-examples/target/test/data/f624d035/MiniRaftClusterWithGrpc4aa2bfeb/s4/746c2775-00df-41b8-9955-5d788f7a274c/current/raft-meta.tmp to /home/runner/work/ratis/ratis/ratis-examples/target/test/data/f624d035/MiniRaftClusterWithGrpc4aa2bfeb/s4/746c2775-00df-41b8-9955-5d788f7a274c/current/raft-meta with options [REPLACE_EXISTING]
2024-09-10 06:20:06,029 INFO  server.RaftServer$Division (RaftServerImpl.java:setFirstElection(559)) - s4@group-5D788F7A274C: set firstElectionSinceStartup to false for appendEntries
2024-09-10 06:20:06,029 INFO  server.RaftServer$Division (ServerState.java:setLeader(272)) - s4@group-5D788F7A274C: change Leader from null to s0 at term 1 for appendEntries, leader elected after 321ms
2024-09-10 06:20:06,032 TRACE util.FileUtils (LogUtils.java:supplyAndLog(69)) - Successfully supplied FileChannel.open /home/runner/work/ratis/ratis/ratis-examples/target/test/data/f624d035/MiniRaftClusterWithGrpc4aa2bfeb/s9/746c2775-00df-41b8-9955-5d788f7a274c/current/raft-meta.tmp with options [CREATE, WRITE]: sun.nio.ch.FileChannelImpl@251e9bc4
2024-09-10 06:20:06,032 DEBUG server.RaftServer$Division (RaftServerImpl.java:logAppendEntries(1539)) - s4@group-5D788F7A274C: appendEntries* s0->s4#1-t1,previous=(t:0, i:0),leaderCommit=128,initializing? true,entries: size=129, first=(t:1, i:0), CONFIGURATIONENTRY(current:id:"s10"address:"0.0.0.0:15010"clientAddress:"0.0.0.0:15010"adminAddress:"0.0.0.0:15010"startupRole:FOLLOWER, id:"s0"address:"0.0.0.0:15000"clientAddress:"0.0.0.0:15000"adminAddress:"0.0.0.0:15000"startupRole:FOLLOWER, id:"s1"address:"0.0.0.0:15001"clientAddress:"0.0.0.0:15001"adminAddress:"0.0.0.0:15001"startupRole:FOLLOWER, old:)
2024-09-10 06:20:06,032 INFO  server.RaftServer$Division (ServerState.java:setRaftConf(386)) - s4@group-5D788F7A274C: set configuration conf: {index: 0, cur=peers:[s10|0.0.0.0:15010, s0|0.0.0.0:15000, s1|0.0.0.0:15001]|listeners:[], old=null}
2024-09-10 06:20:06,033 INFO  server.RaftServer$Division (ServerState.java:setRaftConf(386)) - s4@group-5D788F7A274C: set configuration conf: {index: 121, cur=peers:[s11|0.0.0.0:15011, s10|0.0.0.0:15010, s12|0.0.0.0:15012, s0|0.0.0.0:15000, s1|0.0.0.0:15001]|listeners:[], old=peers:[s10|0.0.0.0:15010, s0|0.0.0.0:15000, s1|0.0.0.0:15001]|listeners:[]}
2024-09-10 06:20:06,033 INFO  server.RaftServer$Division (ServerState.java:setRaftConf(386)) - s4@group-5D788F7A274C: set configuration conf: {index: 123, cur=peers:[s11|0.0.0.0:15011, s10|0.0.0.0:15010, s12|0.0.0.0:15012, s0|0.0.0.0:15000, s1|0.0.0.0:15001]|listeners:[], old=null}
2024-09-10 06:20:06,033 INFO  server.RaftServer$Division (ServerState.java:setRaftConf(386)) - s4@group-5D788F7A274C: set configuration conf: {index: 125, cur=peers:[s3|0.0.0.0:15003, s11|0.0.0.0:15011, s10|0.0.0.0:15010, s13|0.0.0.0:15013, s12|0.0.0.0:15012, s14|0.0.0.0:15014, s0|0.0.0.0:15000, s1|0.0.0.0:15001, s2|0.0.0.0:15002]|listeners:[], old=peers:[s11|0.0.0.0:15011, s10|0.0.0.0:15010, s12|0.0.0.0:15012, s0|0.0.0.0:15000, s1|0.0.0.0:15001]|listeners:[]}
2024-09-10 06:20:06,033 INFO  server.RaftServer$Division (ServerState.java:setRaftConf(386)) - s4@group-5D788F7A274C: set configuration conf: {index: 127, cur=peers:[s3|0.0.0.0:15003, s11|0.0.0.0:15011, s10|0.0.0.0:15010, s13|0.0.0.0:15013, s12|0.0.0.0:15012, s14|0.0.0.0:15014, s0|0.0.0.0:15000, s1|0.0.0.0:15001, s2|0.0.0.0:15002]|listeners:[], old=null}
2024-09-10 06:20:06,033 INFO  segmented.SegmentedRaftLogWorker (SegmentedRaftLogWorker.java:startLogSegment(438)) - s4@group-5D788F7A274C-SegmentedRaftLogWorker: Starting segment from index:0
2024-09-10 06:20:06,033 TRACE util.FileUtils (LogUtils.java:runAndLog(49)) - Successfully ran Atomic Files.move /home/runner/work/ratis/ratis/ratis-examples/target/test/data/f624d035/MiniRaftClusterWithGrpc4aa2bfeb/s9/746c2775-00df-41b8-9955-5d788f7a274c/current/raft-meta.tmp to /home/runner/work/ratis/ratis/ratis-examples/target/test/data/f624d035/MiniRaftClusterWithGrpc4aa2bfeb/s9/746c2775-00df-41b8-9955-5d788f7a274c/current/raft-meta with options [REPLACE_EXISTING]
2024-09-10 06:20:06,033 INFO  server.RaftServer$Division (RaftServerImpl.java:setFirstElection(559)) - s9@group-5D788F7A274C: set firstElectionSinceStartup to false for appendEntries
2024-09-10 06:20:06,033 INFO  server.RaftServer$Division (ServerState.java:setLeader(272)) - s9@group-5D788F7A274C: change Leader from null to s0 at term 1 for appendEntries, leader elected after 245ms
2024-09-10 06:20:06,035 INFO  segmented.BufferedWriteChannel (BufferedWriteChannel.java:open(61)) - open log_inprogress_0 at position 0
2024-09-10 06:20:06,035 INFO  segmented.BufferedWriteChannel (BufferedWriteChannel.java:open(61)) - open log_inprogress_0 at position 0
2024-09-10 06:20:06,037 DEBUG server.RaftServer$Division (RaftServerImpl.java:logAppendEntries(1539)) - s6@group-5D788F7A274C: appendEntries* s0->s6#1-t1,previous=(t:0, i:0),leaderCommit=128,initializing? true,entries: size=129, first=(t:1, i:0), CONFIGURATIONENTRY(current:id:"s10"address:"0.0.0.0:15010"clientAddress:"0.0.0.0:15010"adminAddress:"0.0.0.0:15010"startupRole:FOLLOWER, id:"s0"address:"0.0.0.0:15000"clientAddress:"0.0.0.0:15000"adminAddress:"0.0.0.0:15000"startupRole:FOLLOWER, id:"s1"address:"0.0.0.0:15001"clientAddress:"0.0.0.0:15001"adminAddress:"0.0.0.0:15001"startupRole:FOLLOWER, old:)
2024-09-10 06:20:06,043 TRACE util.FileUtils (LogUtils.java:supplyAndLog(69)) - Successfully supplied FileChannel.open /home/runner/work/ratis/ratis/ratis-examples/target/test/data/f624d035/MiniRaftClusterWithGrpc4aa2bfeb/s5/746c2775-00df-41b8-9955-5d788f7a274c/current/raft-meta.tmp with options [CREATE, WRITE]: sun.nio.ch.FileChannelImpl@67fabfcb
2024-09-10 06:20:06,043 TRACE util.FileUtils (LogUtils.java:supplyAndLog(69)) - Successfully supplied FileChannel.open /home/runner/work/ratis/ratis/ratis-examples/target/test/data/f624d035/MiniRaftClusterWithGrpc4aa2bfeb/s6/746c2775-00df-41b8-9955-5d788f7a274c/current/raft-meta.tmp with options [CREATE, WRITE]: sun.nio.ch.FileChannelImpl@779f3f07
2024-09-10 06:20:06,044 DEBUG server.RaftServer$Division (RaftServerImpl.java:logAppendEntries(1539)) - s5@group-5D788F7A274C: appendEntries* s0->s5#1-t1,previous=(t:0, i:0),leaderCommit=127,initializing? true,entries: size=129, first=(t:1, i:0), CONFIGURATIONENTRY(current:id:"s10"address:"0.0.0.0:15010"clientAddress:"0.0.0.0:15010"adminAddress:"0.0.0.0:15010"startupRole:FOLLOWER, id:"s0"address:"0.0.0.0:15000"clientAddress:"0.0.0.0:15000"adminAddress:"0.0.0.0:15000"startupRole:FOLLOWER, id:"s1"address:"0.0.0.0:15001"clientAddress:"0.0.0.0:15001"adminAddress:"0.0.0.0:15001"startupRole:FOLLOWER, old:)
2024-09-10 06:20:06,045 TRACE util.FileUtils (LogUtils.java:runAndLog(49)) - Successfully ran Atomic Files.move /home/runner/work/ratis/ratis/ratis-examples/target/test/data/f624d035/MiniRaftClusterWithGrpc4aa2bfeb/s5/746c2775-00df-41b8-9955-5d788f7a274c/current/raft-meta.tmp to /home/runner/work/ratis/ratis/ratis-examples/target/test/data/f624d035/MiniRaftClusterWithGrpc4aa2bfeb/s5/746c2775-00df-41b8-9955-5d788f7a274c/current/raft-meta with options [REPLACE_EXISTING]
2024-09-10 06:20:06,045 INFO  server.RaftServer$Division (RaftServerImpl.java:setFirstElection(559)) - s5@group-5D788F7A274C: set firstElectionSinceStartup to false for appendEntries
2024-09-10 06:20:06,045 INFO  server.RaftServer$Division (ServerState.java:setLeader(272)) - s5@group-5D788F7A274C: change Leader from null to s0 at term 1 for appendEntries, leader elected after 316ms
2024-09-10 06:20:06,046 INFO  segmented.SegmentedRaftLogWorker (SegmentedRaftLogWorker.java:execute(660)) - s4@group-5D788F7A274C-SegmentedRaftLogWorker: created new log segment /home/runner/work/ratis/ratis/ratis-examples/target/test/data/f624d035/MiniRaftClusterWithGrpc4aa2bfeb/s4/746c2775-00df-41b8-9955-5d788f7a274c/current/log_inprogress_0
2024-09-10 06:20:06,047 INFO  server.RaftServer$Division (ServerState.java:setRaftConf(386)) - s5@group-5D788F7A274C: set configuration conf: {index: 0, cur=peers:[s10|0.0.0.0:15010, s0|0.0.0.0:15000, s1|0.0.0.0:15001]|listeners:[], old=null}
2024-09-10 06:20:06,047 INFO  server.RaftServer$Division (ServerState.java:setRaftConf(386)) - s5@group-5D788F7A274C: set configuration conf: {index: 121, cur=peers:[s11|0.0.0.0:15011, s10|0.0.0.0:15010, s12|0.0.0.0:15012, s0|0.0.0.0:15000, s1|0.0.0.0:15001]|listeners:[], old=peers:[s10|0.0.0.0:15010, s0|0.0.0.0:15000, s1|0.0.0.0:15001]|listeners:[]}
2024-09-10 06:20:06,047 INFO  server.RaftServer$Division (ServerState.java:setRaftConf(386)) - s5@group-5D788F7A274C: set configuration conf: {index: 123, cur=peers:[s11|0.0.0.0:15011, s10|0.0.0.0:15010, s12|0.0.0.0:15012, s0|0.0.0.0:15000, s1|0.0.0.0:15001]|listeners:[], old=null}
2024-09-10 06:20:06,047 INFO  server.RaftServer$Division (ServerState.java:setRaftConf(386)) - s5@group-5D788F7A274C: set configuration conf: {index: 125, cur=peers:[s3|0.0.0.0:15003, s11|0.0.0.0:15011, s10|0.0.0.0:15010, s13|0.0.0.0:15013, s12|0.0.0.0:15012, s14|0.0.0.0:15014, s0|0.0.0.0:15000, s1|0.0.0.0:15001, s2|0.0.0.0:15002]|listeners:[], old=peers:[s11|0.0.0.0:15011, s10|0.0.0.0:15010, s12|0.0.0.0:15012, s0|0.0.0.0:15000, s1|0.0.0.0:15001]|listeners:[]}
2024-09-10 06:20:06,047 INFO  server.RaftServer$Division (ServerState.java:setRaftConf(386)) - s5@group-5D788F7A274C: set configuration conf: {index: 127, cur=peers:[s3|0.0.0.0:15003, s11|0.0.0.0:15011, s10|0.0.0.0:15010, s13|0.0.0.0:15013, s12|0.0.0.0:15012, s14|0.0.0.0:15014, s0|0.0.0.0:15000, s1|0.0.0.0:15001, s2|0.0.0.0:15002]|listeners:[], old=null}
2024-09-10 06:20:06,047 INFO  segmented.SegmentedRaftLogWorker (SegmentedRaftLogWorker.java:startLogSegment(438)) - s5@group-5D788F7A274C-SegmentedRaftLogWorker: Starting segment from index:0
2024-09-10 06:20:06,051 TRACE util.FileUtils (LogUtils.java:runAndLog(49)) - Successfully ran Atomic Files.move /home/runner/work/ratis/ratis/ratis-examples/target/test/data/f624d035/MiniRaftClusterWithGrpc4aa2bfeb/s6/746c2775-00df-41b8-9955-5d788f7a274c/current/raft-meta.tmp to /home/runner/work/ratis/ratis/ratis-examples/target/test/data/f624d035/MiniRaftClusterWithGrpc4aa2bfeb/s6/746c2775-00df-41b8-9955-5d788f7a274c/current/raft-meta with options [REPLACE_EXISTING]
2024-09-10 06:20:06,051 INFO  server.RaftServer$Division (RaftServerImpl.java:setFirstElection(559)) - s6@group-5D788F7A274C: set firstElectionSinceStartup to false for appendEntries
2024-09-10 06:20:06,051 INFO  server.RaftServer$Division (ServerState.java:setLeader(272)) - s6@group-5D788F7A274C: change Leader from null to s0 at term 1 for appendEntries, leader elected after 306ms
2024-09-10 06:20:06,051 INFO  server.RaftServer$Division (ServerState.java:setRaftConf(386)) - s6@group-5D788F7A274C: set configuration conf: {index: 0, cur=peers:[s10|0.0.0.0:15010, s0|0.0.0.0:15000, s1|0.0.0.0:15001]|listeners:[], old=null}
2024-09-10 06:20:06,051 INFO  server.RaftServer$Division (ServerState.java:setRaftConf(386)) - s6@group-5D788F7A274C: set configuration conf: {index: 121, cur=peers:[s11|0.0.0.0:15011, s10|0.0.0.0:15010, s12|0.0.0.0:15012, s0|0.0.0.0:15000, s1|0.0.0.0:15001]|listeners:[], old=peers:[s10|0.0.0.0:15010, s0|0.0.0.0:15000, s1|0.0.0.0:15001]|listeners:[]}
2024-09-10 06:20:06,051 INFO  server.RaftServer$Division (ServerState.java:setRaftConf(386)) - s6@group-5D788F7A274C: set configuration conf: {index: 123, cur=peers:[s11|0.0.0.0:15011, s10|0.0.0.0:15010, s12|0.0.0.0:15012, s0|0.0.0.0:15000, s1|0.0.0.0:15001]|listeners:[], old=null}
2024-09-10 06:20:06,051 INFO  server.RaftServer$Division (ServerState.java:setRaftConf(386)) - s6@group-5D788F7A274C: set configuration conf: {index: 125, cur=peers:[s3|0.0.0.0:15003, s11|0.0.0.0:15011, s10|0.0.0.0:15010, s13|0.0.0.0:15013, s12|0.0.0.0:15012, s14|0.0.0.0:15014, s0|0.0.0.0:15000, s1|0.0.0.0:15001, s2|0.0.0.0:15002]|listeners:[], old=peers:[s11|0.0.0.0:15011, s10|0.0.0.0:15010, s12|0.0.0.0:15012, s0|0.0.0.0:15000, s1|0.0.0.0:15001]|listeners:[]}
2024-09-10 06:20:06,052 INFO  server.RaftServer$Division (ServerState.java:setRaftConf(386)) - s6@group-5D788F7A274C: set configuration conf: {index: 127, cur=peers:[s3|0.0.0.0:15003, s11|0.0.0.0:15011, s10|0.0.0.0:15010, s13|0.0.0.0:15013, s12|0.0.0.0:15012, s14|0.0.0.0:15014, s0|0.0.0.0:15000, s1|0.0.0.0:15001, s2|0.0.0.0:15002]|listeners:[], old=null}
2024-09-10 06:20:06,052 INFO  segmented.SegmentedRaftLogWorker (SegmentedRaftLogWorker.java:startLogSegment(438)) - s6@group-5D788F7A274C-SegmentedRaftLogWorker: Starting segment from index:0
2024-09-10 06:20:06,056 TRACE util.FileUtils (LogUtils.java:supplyAndLog(69)) - Successfully supplied FileChannel.open /home/runner/work/ratis/ratis/ratis-examples/target/test/data/f624d035/MiniRaftClusterWithGrpc4aa2bfeb/s4/746c2775-00df-41b8-9955-5d788f7a274c/current/raft-meta.conf.tmp with options [CREATE, WRITE]: sun.nio.ch.FileChannelImpl@e4ed905
2024-09-10 06:20:06,056 INFO  segmented.SegmentedRaftLogWorker (SegmentedRaftLogWorker.java:execute(660)) - s8@group-5D788F7A274C-SegmentedRaftLogWorker: created new log segment /home/runner/work/ratis/ratis/ratis-examples/target/test/data/f624d035/MiniRaftClusterWithGrpc4aa2bfeb/s8/746c2775-00df-41b8-9955-5d788f7a274c/current/log_inprogress_0
2024-09-10 06:20:06,058 TRACE util.FileUtils (LogUtils.java:runAndLog(49)) - Successfully ran Atomic Files.move /home/runner/work/ratis/ratis/ratis-examples/target/test/data/f624d035/MiniRaftClusterWithGrpc4aa2bfeb/s4/746c2775-00df-41b8-9955-5d788f7a274c/current/raft-meta.conf.tmp to /home/runner/work/ratis/ratis/ratis-examples/target/test/data/f624d035/MiniRaftClusterWithGrpc4aa2bfeb/s4/746c2775-00df-41b8-9955-5d788f7a274c/current/raft-meta.conf with options [REPLACE_EXISTING]
2024-09-10 06:20:06,058 INFO  segmented.BufferedWriteChannel (BufferedWriteChannel.java:open(61)) - open log_inprogress_0 at position 0
2024-09-10 06:20:06,058 INFO  segmented.BufferedWriteChannel (BufferedWriteChannel.java:open(61)) - open log_inprogress_0 at position 0
2024-09-10 06:20:06,064 DEBUG server.RaftServer$Division (RaftServerImpl.java:logAppendEntries(1539)) - s4@group-5D788F7A274C: appendEntries* reply s0<-s4#1:OK-t1,SUCCESS,nextIndex=129,followerCommit=128,matchIndex=128
2024-09-10 06:20:06,064 INFO  segmented.BufferedWriteChannel (BufferedWriteChannel.java:open(61)) - open log_inprogress_0 at position 0
2024-09-10 06:20:06,072 TRACE util.FileUtils (LogUtils.java:supplyAndLog(69)) - Successfully supplied FileChannel.open /home/runner/work/ratis/ratis/ratis-examples/target/test/data/f624d035/MiniRaftClusterWithGrpc4aa2bfeb/s4/746c2775-00df-41b8-9955-5d788f7a274c/current/raft-meta.conf.tmp with options [CREATE, WRITE]: sun.nio.ch.FileChannelImpl@8936bc
2024-09-10 06:20:06,077 DEBUG server.RaftServer$Division (RaftServerImpl.java:logAppendEntries(1539)) - s8@group-5D788F7A274C: appendEntries* reply s0<-s8#1:OK-t0,SUCCESS,nextIndex=129,followerCommit=127,matchIndex=128
2024-09-10 06:20:06,081 INFO  segmented.SegmentedRaftLogWorker (SegmentedRaftLogWorker.java:execute(660)) - s5@group-5D788F7A274C-SegmentedRaftLogWorker: created new log segment /home/runner/work/ratis/ratis/ratis-examples/target/test/data/f624d035/MiniRaftClusterWithGrpc4aa2bfeb/s5/746c2775-00df-41b8-9955-5d788f7a274c/current/log_inprogress_0
2024-09-10 06:20:06,082 TRACE util.FileUtils (LogUtils.java:supplyAndLog(69)) - Successfully supplied FileChannel.open /home/runner/work/ratis/ratis/ratis-examples/target/test/data/f624d035/MiniRaftClusterWithGrpc4aa2bfeb/s8/746c2775-00df-41b8-9955-5d788f7a274c/current/raft-meta.conf.tmp with options [CREATE, WRITE]: sun.nio.ch.FileChannelImpl@48610b44
2024-09-10 06:20:06,082 TRACE util.FileUtils (LogUtils.java:runAndLog(49)) - Successfully ran Atomic Files.move /home/runner/work/ratis/ratis/ratis-examples/target/test/data/f624d035/MiniRaftClusterWithGrpc4aa2bfeb/s4/746c2775-00df-41b8-9955-5d788f7a274c/current/raft-meta.conf.tmp to /home/runner/work/ratis/ratis/ratis-examples/target/test/data/f624d035/MiniRaftClusterWithGrpc4aa2bfeb/s4/746c2775-00df-41b8-9955-5d788f7a274c/current/raft-meta.conf with options [REPLACE_EXISTING]
2024-09-10 06:20:06,082 TRACE util.FileUtils (LogUtils.java:supplyAndLog(69)) - Successfully supplied FileChannel.open /home/runner/work/ratis/ratis/ratis-examples/target/test/data/f624d035/MiniRaftClusterWithGrpc4aa2bfeb/s4/746c2775-00df-41b8-9955-5d788f7a274c/current/raft-meta.conf.tmp with options [CREATE, WRITE]: sun.nio.ch.FileChannelImpl@4b6b275
2024-09-10 06:20:06,083 DEBUG server.RaftServer$Division (RaftServerImpl.java:logAppendEntries(1539)) - s9@group-5D788F7A274C: appendEntries* s0->s9#1-t1,previous=(t:0, i:0),leaderCommit=128,initializing? true,entries: size=129, first=(t:1, i:0), CONFIGURATIONENTRY(current:id:"s10"address:"0.0.0.0:15010"clientAddress:"0.0.0.0:15010"adminAddress:"0.0.0.0:15010"startupRole:FOLLOWER, id:"s0"address:"0.0.0.0:15000"clientAddress:"0.0.0.0:15000"adminAddress:"0.0.0.0:15000"startupRole:FOLLOWER, id:"s1"address:"0.0.0.0:15001"clientAddress:"0.0.0.0:15001"adminAddress:"0.0.0.0:15001"startupRole:FOLLOWER, old:)
2024-09-10 06:20:06,083 TRACE util.FileUtils (LogUtils.java:runAndLog(49)) - Successfully ran Atomic Files.move /home/runner/work/ratis/ratis/ratis-examples/target/test/data/f624d035/MiniRaftClusterWithGrpc4aa2bfeb/s8/746c2775-00df-41b8-9955-5d788f7a274c/current/raft-meta.conf.tmp to /home/runner/work/ratis/ratis/ratis-examples/target/test/data/f624d035/MiniRaftClusterWithGrpc4aa2bfeb/s8/746c2775-00df-41b8-9955-5d788f7a274c/current/raft-meta.conf with options [REPLACE_EXISTING]
2024-09-10 06:20:06,083 INFO  server.RaftServer$Division (ServerState.java:setRaftConf(386)) - s9@group-5D788F7A274C: set configuration conf: {index: 0, cur=peers:[s10|0.0.0.0:15010, s0|0.0.0.0:15000, s1|0.0.0.0:15001]|listeners:[], old=null}
2024-09-10 06:20:06,083 INFO  server.RaftServer$Division (ServerState.java:setRaftConf(386)) - s9@group-5D788F7A274C: set configuration conf: {index: 121, cur=peers:[s11|0.0.0.0:15011, s10|0.0.0.0:15010, s12|0.0.0.0:15012, s0|0.0.0.0:15000, s1|0.0.0.0:15001]|listeners:[], old=peers:[s10|0.0.0.0:15010, s0|0.0.0.0:15000, s1|0.0.0.0:15001]|listeners:[]}
2024-09-10 06:20:06,083 INFO  segmented.SegmentedRaftLogWorker (SegmentedRaftLogWorker.java:execute(660)) - s7@group-5D788F7A274C-SegmentedRaftLogWorker: created new log segment /home/runner/work/ratis/ratis/ratis-examples/target/test/data/f624d035/MiniRaftClusterWithGrpc4aa2bfeb/s7/746c2775-00df-41b8-9955-5d788f7a274c/current/log_inprogress_0
2024-09-10 06:20:06,083 INFO  server.RaftServer$Division (ServerState.java:setRaftConf(386)) - s9@group-5D788F7A274C: set configuration conf: {index: 123, cur=peers:[s11|0.0.0.0:15011, s10|0.0.0.0:15010, s12|0.0.0.0:15012, s0|0.0.0.0:15000, s1|0.0.0.0:15001]|listeners:[], old=null}
2024-09-10 06:20:06,084 INFO  server.RaftServer$Division (ServerState.java:setRaftConf(386)) - s9@group-5D788F7A274C: set configuration conf: {index: 125, cur=peers:[s3|0.0.0.0:15003, s11|0.0.0.0:15011, s10|0.0.0.0:15010, s13|0.0.0.0:15013, s12|0.0.0.0:15012, s14|0.0.0.0:15014, s0|0.0.0.0:15000, s1|0.0.0.0:15001, s2|0.0.0.0:15002]|listeners:[], old=peers:[s11|0.0.0.0:15011, s10|0.0.0.0:15010, s12|0.0.0.0:15012, s0|0.0.0.0:15000, s1|0.0.0.0:15001]|listeners:[]}
2024-09-10 06:20:06,084 INFO  server.RaftServer$Division (ServerState.java:setRaftConf(386)) - s9@group-5D788F7A274C: set configuration conf: {index: 127, cur=peers:[s3|0.0.0.0:15003, s11|0.0.0.0:15011, s10|0.0.0.0:15010, s13|0.0.0.0:15013, s12|0.0.0.0:15012, s14|0.0.0.0:15014, s0|0.0.0.0:15000, s1|0.0.0.0:15001, s2|0.0.0.0:15002]|listeners:[], old=null}
2024-09-10 06:20:06,084 INFO  segmented.SegmentedRaftLogWorker (SegmentedRaftLogWorker.java:startLogSegment(438)) - s9@group-5D788F7A274C-SegmentedRaftLogWorker: Starting segment from index:0
2024-09-10 06:20:06,085 TRACE util.FileUtils (LogUtils.java:supplyAndLog(69)) - Successfully supplied FileChannel.open /home/runner/work/ratis/ratis/ratis-examples/target/test/data/f624d035/MiniRaftClusterWithGrpc4aa2bfeb/s7/746c2775-00df-41b8-9955-5d788f7a274c/current/raft-meta.conf.tmp with options [CREATE, WRITE]: sun.nio.ch.FileChannelImpl@16dd0eea
2024-09-10 06:20:06,085 INFO  segmented.BufferedWriteChannel (BufferedWriteChannel.java:open(61)) - open log_inprogress_0 at position 0
2024-09-10 06:20:06,085 DEBUG server.RaftServer$Division (RaftServerImpl.java:logAppendEntries(1539)) - s7@group-5D788F7A274C: appendEntries* reply s0<-s7#1:OK-t0,SUCCESS,nextIndex=129,followerCommit=127,matchIndex=128
2024-09-10 06:20:06,085 INFO  segmented.SegmentedRaftLogWorker (SegmentedRaftLogWorker.java:execute(660)) - s6@group-5D788F7A274C-SegmentedRaftLogWorker: created new log segment /home/runner/work/ratis/ratis/ratis-examples/target/test/data/f624d035/MiniRaftClusterWithGrpc4aa2bfeb/s6/746c2775-00df-41b8-9955-5d788f7a274c/current/log_inprogress_0
2024-09-10 06:20:06,092 TRACE util.FileUtils (LogUtils.java:runAndLog(49)) - Successfully ran Atomic Files.move /home/runner/work/ratis/ratis/ratis-examples/target/test/data/f624d035/MiniRaftClusterWithGrpc4aa2bfeb/s4/746c2775-00df-41b8-9955-5d788f7a274c/current/raft-meta.conf.tmp to /home/runner/work/ratis/ratis/ratis-examples/target/test/data/f624d035/MiniRaftClusterWithGrpc4aa2bfeb/s4/746c2775-00df-41b8-9955-5d788f7a274c/current/raft-meta.conf with options [REPLACE_EXISTING]
2024-09-10 06:20:06,091 TRACE util.FileUtils (LogUtils.java:runAndLog(49)) - Successfully ran Atomic Files.move /home/runner/work/ratis/ratis/ratis-examples/target/test/data/f624d035/MiniRaftClusterWithGrpc4aa2bfeb/s7/746c2775-00df-41b8-9955-5d788f7a274c/current/raft-meta.conf.tmp to /home/runner/work/ratis/ratis/ratis-examples/target/test/data/f624d035/MiniRaftClusterWithGrpc4aa2bfeb/s7/746c2775-00df-41b8-9955-5d788f7a274c/current/raft-meta.conf with options [REPLACE_EXISTING]
2024-09-10 06:20:06,093 TRACE util.FileUtils (LogUtils.java:supplyAndLog(69)) - Successfully supplied FileChannel.open /home/runner/work/ratis/ratis/ratis-examples/target/test/data/f624d035/MiniRaftClusterWithGrpc4aa2bfeb/s4/746c2775-00df-41b8-9955-5d788f7a274c/current/raft-meta.conf.tmp with options [CREATE, WRITE]: sun.nio.ch.FileChannelImpl@41b43c87
2024-09-10 06:20:06,097 TRACE util.FileUtils (LogUtils.java:supplyAndLog(69)) - Successfully supplied FileChannel.open /home/runner/work/ratis/ratis/ratis-examples/target/test/data/f624d035/MiniRaftClusterWithGrpc4aa2bfeb/s8/746c2775-00df-41b8-9955-5d788f7a274c/current/raft-meta.conf.tmp with options [CREATE, WRITE]: sun.nio.ch.FileChannelImpl@46a6fc38
2024-09-10 06:20:06,098 TRACE util.FileUtils (LogUtils.java:runAndLog(49)) - Successfully ran Atomic Files.move /home/runner/work/ratis/ratis/ratis-examples/target/test/data/f624d035/MiniRaftClusterWithGrpc4aa2bfeb/s4/746c2775-00df-41b8-9955-5d788f7a274c/current/raft-meta.conf.tmp to /home/runner/work/ratis/ratis/ratis-examples/target/test/data/f624d035/MiniRaftClusterWithGrpc4aa2bfeb/s4/746c2775-00df-41b8-9955-5d788f7a274c/current/raft-meta.conf with options [REPLACE_EXISTING]
2024-09-10 06:20:06,098 TRACE util.FileUtils (LogUtils.java:supplyAndLog(69)) - Successfully supplied FileChannel.open /home/runner/work/ratis/ratis/ratis-examples/target/test/data/f624d035/MiniRaftClusterWithGrpc4aa2bfeb/s4/746c2775-00df-41b8-9955-5d788f7a274c/current/raft-meta.conf.tmp with options [CREATE, WRITE]: sun.nio.ch.FileChannelImpl@39ca4345
2024-09-10 06:20:06,099 INFO  server.RaftServer$Division (ServerState.java:setRaftConf(386)) - s0@group-5D788F7A274C: set configuration conf: {index: 129, cur=peers:[s3|0.0.0.0:15003, s4|0.0.0.0:15004, s5|0.0.0.0:15005, s6|0.0.0.0:15006, s7|0.0.0.0:15007, s8|0.0.0.0:15008, s9|0.0.0.0:15009, s11|0.0.0.0:15011, s10|0.0.0.0:15010, s13|0.0.0.0:15013, s12|0.0.0.0:15012, s14|0.0.0.0:15014, s0|0.0.0.0:15000, s1|0.0.0.0:15001, s2|0.0.0.0:15002]|listeners:[], old=peers:[s3|0.0.0.0:15003, s11|0.0.0.0:15011, s10|0.0.0.0:15010, s13|0.0.0.0:15013, s12|0.0.0.0:15012, s14|0.0.0.0:15014, s0|0.0.0.0:15000, s1|0.0.0.0:15001, s2|0.0.0.0:15002]|listeners:[]}
2024-09-10 06:20:06,100 TRACE util.FileUtils (LogUtils.java:supplyAndLog(69)) - Successfully supplied FileChannel.open /home/runner/work/ratis/ratis/ratis-examples/target/test/data/f624d035/MiniRaftClusterWithGrpc4aa2bfeb/s7/746c2775-00df-41b8-9955-5d788f7a274c/current/raft-meta.conf.tmp with options [CREATE, WRITE]: sun.nio.ch.FileChannelImpl@181ae241
2024-09-10 06:20:06,101 DEBUG server.RaftServer$Division (RaftServerImpl.java:logAppendEntries(1539)) - s5@group-5D788F7A274C: appendEntries* reply s0<-s5#1:OK-t1,SUCCESS,nextIndex=129,followerCommit=127,matchIndex=128
2024-09-10 06:20:06,101 TRACE util.FileUtils (LogUtils.java:supplyAndLog(69)) - Successfully supplied FileChannel.open /home/runner/work/ratis/ratis/ratis-examples/target/test/data/f624d035/MiniRaftClusterWithGrpc4aa2bfeb/s5/746c2775-00df-41b8-9955-5d788f7a274c/current/raft-meta.conf.tmp with options [CREATE, WRITE]: sun.nio.ch.FileChannelImpl@1b25910a
2024-09-10 06:20:06,102 DEBUG server.RaftServer$Division (RaftServerImpl.java:logAppendEntries(1539)) - s2@group-5D788F7A274C: appendEntries* s0->s2#27-t1,previous=(t:1, i:128),leaderCommit=128,initializing? false,entries: size=1, first=(t:1, i:129), CONFIGURATIONENTRY(current:id:"s3"address:"0.0.0.0:15003"clientAddress:"0.0.0.0:15003"adminAddress:"0.0.0.0:15003"startupRole:FOLLOWER, id:"s4"address:"0.0.0.0:15004"clientAddress:"0.0.0.0:15004"adminAddress:"0.0.0.0:15004"startupRole:FOLLOWER, id:"s5"address:"0.0.0.0:15005"clientAddress:"0.0.0.0:15005"adminAddress:"0.0.0.0:15005"startupRole:FOLLOWER, id:"s6"address:"0.0.0.0:15006"clientAddress:"0.0.0.0:15006"adminAddress:"0.0.0.0:15006"startupRole:FOLLOWER, id:"s7"address:"0.0.0.0:15007"clientAddress:"0.0.0.0:15007"adminAddress:"0.0.0.0:15007"startupRole:FOLLOWER, id:"s8"address:"0.0.0.0:15008"clientAddress:"0.0.0.0:15008"adminAddress:"0.0.0.0:15008"startupRole:FOLLOWER, id:"s9"address:"0.0.0.0:15009"clientAddress:"0.0.0.0:15009"adminAddress:"0.0.0.0:15009"startupRole:FOLLOWER, id:"s11"address:"0.0.0.0:15011"clientAddress:"0.0.0.0:15011"adminAddress:"0.0.0.0:15011"startupRole:FOLLOWER, id:"s10"address:"0.0.0.0:15010"clientAddress:"0.0.0.0:15010"adminAddress:"0.0.0.0:15010"startupRole:FOLLOWER, id:"s13"address:"0.0.0.0:15013"clientAddress:"0.0.0.0:15013"adminAddress:"0.0.0.0:15013"startupRole:FOLLOWER, id:"s12"address:"0.0.0.0:15012"clientAddress:"0.0.0.0:15012"adminAddress:"0.0.0.0:15012"startupRole:FOLLOWER, id:"s14"address:"0.0.0.0:15014"clientAddress:"0.0.0.0:15014"adminAddress:"0.0.0.0:15014"startupRole:FOLLOWER, id:"s0"address:"0.0.0.0:15000"clientAddress:"0.0.0.0:15000"adminAddress:"0.0.0.0:15000"startupRole:FOLLOWER, id:"s1"address:"0.0.0.0:15001"clientAddress:"0.0.0.0:15001"adminAddress:"0.0.0.0:15001"startupRole:FOLLOWER, id:"s2"address:"0.0.0.0:15002"clientAddress:"0.0.0.0:15002"adminAddress:"0.0.0.0:15002"startupRole:FOLLOWER, old:id:"s3"address:"0.0.0.0:15003"clientAddress:"0.0.0.0:15003"adminAddress:"0.0.0.0:15003"startupRole:FOLLOWER, id:"s11"address:"0.0.0.0:15011"clientAddress:"0.0.0.0:15011"adminAddress:"0.0.0.0:15011"startupRole:FOLLOWER, id:"s10"address:"0.0.0.0:15010"clientAddress:"0.0.0.0:15010"adminAddress:"0.0.0.0:15010"startupRole:FOLLOWER, id:"s13"address:"0.0.0.0:15013"clientAddress:"0.0.0.0:15013"adminAddress:"0.0.0.0:15013"startupRole:FOLLOWER, id:"s12"address:"0.0.0.0:15012"clientAddress:"0.0.0.0:15012"adminAddress:"0.0.0.0:15012"startupRole:FOLLOWER, id:"s14"address:"0.0.0.0:15014"clientAddress:"0.0.0.0:15014"adminAddress:"0.0.0.0:15014"startupRole:FOLLOWER, id:"s0"address:"0.0.0.0:15000"clientAddress:"0.0.0.0:15000"adminAddress:"0.0.0.0:15000"startupRole:FOLLOWER, id:"s1"address:"0.0.0.0:15001"clientAddress:"0.0.0.0:15001"adminAddress:"0.0.0.0:15001"startupRole:FOLLOWER, id:"s2"address:"0.0.0.0:15002"clientAddress:"0.0.0.0:15002"adminAddress:"0.0.0.0:15002"startupRole:FOLLOWER)
2024-09-10 06:20:06,101 DEBUG server.RaftServer$Division (RaftServerImpl.java:logAppendEntries(1539)) - s3@group-5D788F7A274C: appendEntries* s0->s3#28-t1,previous=(t:1, i:128),leaderCommit=128,initializing? false,entries: size=1, first=(t:1, i:129), CONFIGURATIONENTRY(current:id:"s3"address:"0.0.0.0:15003"clientAddress:"0.0.0.0:15003"adminAddress:"0.0.0.0:15003"startupRole:FOLLOWER, id:"s4"address:"0.0.0.0:15004"clientAddress:"0.0.0.0:15004"adminAddress:"0.0.0.0:15004"startupRole:FOLLOWER, id:"s5"address:"0.0.0.0:15005"clientAddress:"0.0.0.0:15005"adminAddress:"0.0.0.0:15005"startupRole:FOLLOWER, id:"s6"address:"0.0.0.0:15006"clientAddress:"0.0.0.0:15006"adminAddress:"0.0.0.0:15006"startupRole:FOLLOWER, id:"s7"address:"0.0.0.0:15007"clientAddress:"0.0.0.0:15007"adminAddress:"0.0.0.0:15007"startupRole:FOLLOWER, id:"s8"address:"0.0.0.0:15008"clientAddress:"0.0.0.0:15008"adminAddress:"0.0.0.0:15008"startupRole:FOLLOWER, id:"s9"address:"0.0.0.0:15009"clientAddress:"0.0.0.0:15009"adminAddress:"0.0.0.0:15009"startupRole:FOLLOWER, id:"s11"address:"0.0.0.0:15011"clientAddress:"0.0.0.0:15011"adminAddress:"0.0.0.0:15011"startupRole:FOLLOWER, id:"s10"address:"0.0.0.0:15010"clientAddress:"0.0.0.0:15010"adminAddress:"0.0.0.0:15010"startupRole:FOLLOWER, id:"s13"address:"0.0.0.0:15013"clientAddress:"0.0.0.0:15013"adminAddress:"0.0.0.0:15013"startupRole:FOLLOWER, id:"s12"address:"0.0.0.0:15012"clientAddress:"0.0.0.0:15012"adminAddress:"0.0.0.0:15012"startupRole:FOLLOWER, id:"s14"address:"0.0.0.0:15014"clientAddress:"0.0.0.0:15014"adminAddress:"0.0.0.0:15014"startupRole:FOLLOWER, id:"s0"address:"0.0.0.0:15000"clientAddress:"0.0.0.0:15000"adminAddress:"0.0.0.0:15000"startupRole:FOLLOWER, id:"s1"address:"0.0.0.0:15001"clientAddress:"0.0.0.0:15001"adminAddress:"0.0.0.0:15001"startupRole:FOLLOWER, id:"s2"address:"0.0.0.0:15002"clientAddress:"0.0.0.0:15002"adminAddress:"0.0.0.0:15002"startupRole:FOLLOWER, old:id:"s3"address:"0.0.0.0:15003"clientAddress:"0.0.0.0:15003"adminAddress:"0.0.0.0:15003"startupRole:FOLLOWER, id:"s11"address:"0.0.0.0:15011"clientAddress:"0.0.0.0:15011"adminAddress:"0.0.0.0:15011"startupRole:FOLLOWER, id:"s10"address:"0.0.0.0:15010"clientAddress:"0.0.0.0:15010"adminAddress:"0.0.0.0:15010"startupRole:FOLLOWER, id:"s13"address:"0.0.0.0:15013"clientAddress:"0.0.0.0:15013"adminAddress:"0.0.0.0:15013"startupRole:FOLLOWER, id:"s12"address:"0.0.0.0:15012"clientAddress:"0.0.0.0:15012"adminAddress:"0.0.0.0:15012"startupRole:FOLLOWER, id:"s14"address:"0.0.0.0:15014"clientAddress:"0.0.0.0:15014"adminAddress:"0.0.0.0:15014"startupRole:FOLLOWER, id:"s0"address:"0.0.0.0:15000"clientAddress:"0.0.0.0:15000"adminAddress:"0.0.0.0:15000"startupRole:FOLLOWER, id:"s1"address:"0.0.0.0:15001"clientAddress:"0.0.0.0:15001"adminAddress:"0.0.0.0:15001"startupRole:FOLLOWER, id:"s2"address:"0.0.0.0:15002"clientAddress:"0.0.0.0:15002"adminAddress:"0.0.0.0:15002"startupRole:FOLLOWER)
2024-09-10 06:20:06,103 TRACE util.FileUtils (LogUtils.java:runAndLog(49)) - Successfully ran Atomic Files.move /home/runner/work/ratis/ratis/ratis-examples/target/test/data/f624d035/MiniRaftClusterWithGrpc4aa2bfeb/s8/746c2775-00df-41b8-9955-5d788f7a274c/current/raft-meta.conf.tmp to /home/runner/work/ratis/ratis/ratis-examples/target/test/data/f624d035/MiniRaftClusterWithGrpc4aa2bfeb/s8/746c2775-00df-41b8-9955-5d788f7a274c/current/raft-meta.conf with options [REPLACE_EXISTING]
2024-09-10 06:20:06,103 TRACE util.FileUtils (LogUtils.java:supplyAndLog(69)) - Successfully supplied FileChannel.open /home/runner/work/ratis/ratis/ratis-examples/target/test/data/f624d035/MiniRaftClusterWithGrpc4aa2bfeb/s8/746c2775-00df-41b8-9955-5d788f7a274c/current/raft-meta.conf.tmp with options [CREATE, WRITE]: sun.nio.ch.FileChannelImpl@42996034
2024-09-10 06:20:06,103 INFO  server.RaftServer$Division (ServerState.java:setRaftConf(386)) - s2@group-5D788F7A274C: set configuration conf: {index: 129, cur=peers:[s3|0.0.0.0:15003, s4|0.0.0.0:15004, s5|0.0.0.0:15005, s6|0.0.0.0:15006, s7|0.0.0.0:15007, s8|0.0.0.0:15008, s9|0.0.0.0:15009, s11|0.0.0.0:15011, s10|0.0.0.0:15010, s13|0.0.0.0:15013, s12|0.0.0.0:15012, s14|0.0.0.0:15014, s0|0.0.0.0:15000, s1|0.0.0.0:15001, s2|0.0.0.0:15002]|listeners:[], old=peers:[s3|0.0.0.0:15003, s11|0.0.0.0:15011, s10|0.0.0.0:15010, s13|0.0.0.0:15013, s12|0.0.0.0:15012, s14|0.0.0.0:15014, s0|0.0.0.0:15000, s1|0.0.0.0:15001, s2|0.0.0.0:15002]|listeners:[]}
2024-09-10 06:20:06,103 DEBUG server.RaftServer$Division (RaftServerImpl.java:logAppendEntries(1539)) - s11@group-5D788F7A274C: appendEntries* s0->s11#29-t1,previous=(t:1, i:128),leaderCommit=128,initializing? false,entries: size=1, first=(t:1, i:129), CONFIGURATIONENTRY(current:id:"s3"address:"0.0.0.0:15003"clientAddress:"0.0.0.0:15003"adminAddress:"0.0.0.0:15003"startupRole:FOLLOWER, id:"s4"address:"0.0.0.0:15004"clientAddress:"0.0.0.0:15004"adminAddress:"0.0.0.0:15004"startupRole:FOLLOWER, id:"s5"address:"0.0.0.0:15005"clientAddress:"0.0.0.0:15005"adminAddress:"0.0.0.0:15005"startupRole:FOLLOWER, id:"s6"address:"0.0.0.0:15006"clientAddress:"0.0.0.0:15006"adminAddress:"0.0.0.0:15006"startupRole:FOLLOWER, id:"s7"address:"0.0.0.0:15007"clientAddress:"0.0.0.0:15007"adminAddress:"0.0.0.0:15007"startupRole:FOLLOWER, id:"s8"address:"0.0.0.0:15008"clientAddress:"0.0.0.0:15008"adminAddress:"0.0.0.0:15008"startupRole:FOLLOWER, id:"s9"address:"0.0.0.0:15009"clientAddress:"0.0.0.0:15009"adminAddress:"0.0.0.0:15009"startupRole:FOLLOWER, id:"s11"address:"0.0.0.0:15011"clientAddress:"0.0.0.0:15011"adminAddress:"0.0.0.0:15011"startupRole:FOLLOWER, id:"s10"address:"0.0.0.0:15010"clientAddress:"0.0.0.0:15010"adminAddress:"0.0.0.0:15010"startupRole:FOLLOWER, id:"s13"address:"0.0.0.0:15013"clientAddress:"0.0.0.0:15013"adminAddress:"0.0.0.0:15013"startupRole:FOLLOWER, id:"s12"address:"0.0.0.0:15012"clientAddress:"0.0.0.0:15012"adminAddress:"0.0.0.0:15012"startupRole:FOLLOWER, id:"s14"address:"0.0.0.0:15014"clientAddress:"0.0.0.0:15014"adminAddress:"0.0.0.0:15014"startupRole:FOLLOWER, id:"s0"address:"0.0.0.0:15000"clientAddress:"0.0.0.0:15000"adminAddress:"0.0.0.0:15000"startupRole:FOLLOWER, id:"s1"address:"0.0.0.0:15001"clientAddress:"0.0.0.0:15001"adminAddress:"0.0.0.0:15001"startupRole:FOLLOWER, id:"s2"address:"0.0.0.0:15002"clientAddress:"0.0.0.0:15002"adminAddress:"0.0.0.0:15002"startupRole:FOLLOWER, old:id:"s3"address:"0.0.0.0:15003"clientAddress:"0.0.0.0:15003"adminAddress:"0.0.0.0:15003"startupRole:FOLLOWER, id:"s11"address:"0.0.0.0:15011"clientAddress:"0.0.0.0:15011"adminAddress:"0.0.0.0:15011"startupRole:FOLLOWER, id:"s10"address:"0.0.0.0:15010"clientAddress:"0.0.0.0:15010"adminAddress:"0.0.0.0:15010"startupRole:FOLLOWER, id:"s13"address:"0.0.0.0:15013"clientAddress:"0.0.0.0:15013"adminAddress:"0.0.0.0:15013"startupRole:FOLLOWER, id:"s12"address:"0.0.0.0:15012"clientAddress:"0.0.0.0:15012"adminAddress:"0.0.0.0:15012"startupRole:FOLLOWER, id:"s14"address:"0.0.0.0:15014"clientAddress:"0.0.0.0:15014"adminAddress:"0.0.0.0:15014"startupRole:FOLLOWER, id:"s0"address:"0.0.0.0:15000"clientAddress:"0.0.0.0:15000"adminAddress:"0.0.0.0:15000"startupRole:FOLLOWER, id:"s1"address:"0.0.0.0:15001"clientAddress:"0.0.0.0:15001"adminAddress:"0.0.0.0:15001"startupRole:FOLLOWER, id:"s2"address:"0.0.0.0:15002"clientAddress:"0.0.0.0:15002"adminAddress:"0.0.0.0:15002"startupRole:FOLLOWER)
2024-09-10 06:20:06,104 INFO  server.RaftServer$Division (ServerState.java:setRaftConf(386)) - s11@group-5D788F7A274C: set configuration conf: {index: 129, cur=peers:[s3|0.0.0.0:15003, s4|0.0.0.0:15004, s5|0.0.0.0:15005, s6|0.0.0.0:15006, s7|0.0.0.0:15007, s8|0.0.0.0:15008, s9|0.0.0.0:15009, s11|0.0.0.0:15011, s10|0.0.0.0:15010, s13|0.0.0.0:15013, s12|0.0.0.0:15012, s14|0.0.0.0:15014, s0|0.0.0.0:15000, s1|0.0.0.0:15001, s2|0.0.0.0:15002]|listeners:[], old=peers:[s3|0.0.0.0:15003, s11|0.0.0.0:15011, s10|0.0.0.0:15010, s13|0.0.0.0:15013, s12|0.0.0.0:15012, s14|0.0.0.0:15014, s0|0.0.0.0:15000, s1|0.0.0.0:15001, s2|0.0.0.0:15002]|listeners:[]}
2024-09-10 06:20:06,104 DEBUG server.RaftServer$Division (RaftServerImpl.java:logAppendEntries(1539)) - s10@group-5D788F7A274C: appendEntries* s0->s10#449-t1,previous=(t:1, i:128),leaderCommit=128,initializing? false,entries: size=1, first=(t:1, i:129), CONFIGURATIONENTRY(current:id:"s3"address:"0.0.0.0:15003"clientAddress:"0.0.0.0:15003"adminAddress:"0.0.0.0:15003"startupRole:FOLLOWER, id:"s4"address:"0.0.0.0:15004"clientAddress:"0.0.0.0:15004"adminAddress:"0.0.0.0:15004"startupRole:FOLLOWER, id:"s5"address:"0.0.0.0:15005"clientAddress:"0.0.0.0:15005"adminAddress:"0.0.0.0:15005"startupRole:FOLLOWER, id:"s6"address:"0.0.0.0:15006"clientAddress:"0.0.0.0:15006"adminAddress:"0.0.0.0:15006"startupRole:FOLLOWER, id:"s7"address:"0.0.0.0:15007"clientAddress:"0.0.0.0:15007"adminAddress:"0.0.0.0:15007"startupRole:FOLLOWER, id:"s8"address:"0.0.0.0:15008"clientAddress:"0.0.0.0:15008"adminAddress:"0.0.0.0:15008"startupRole:FOLLOWER, id:"s9"address:"0.0.0.0:15009"clientAddress:"0.0.0.0:15009"adminAddress:"0.0.0.0:15009"startupRole:FOLLOWER, id:"s11"address:"0.0.0.0:15011"clientAddress:"0.0.0.0:15011"adminAddress:"0.0.0.0:15011"startupRole:FOLLOWER, id:"s10"address:"0.0.0.0:15010"clientAddress:"0.0.0.0:15010"adminAddress:"0.0.0.0:15010"startupRole:FOLLOWER, id:"s13"address:"0.0.0.0:15013"clientAddress:"0.0.0.0:15013"adminAddress:"0.0.0.0:15013"startupRole:FOLLOWER, id:"s12"address:"0.0.0.0:15012"clientAddress:"0.0.0.0:15012"adminAddress:"0.0.0.0:15012"startupRole:FOLLOWER, id:"s14"address:"0.0.0.0:15014"clientAddress:"0.0.0.0:15014"adminAddress:"0.0.0.0:15014"startupRole:FOLLOWER, id:"s0"address:"0.0.0.0:15000"clientAddress:"0.0.0.0:15000"adminAddress:"0.0.0.0:15000"startupRole:FOLLOWER, id:"s1"address:"0.0.0.0:15001"clientAddress:"0.0.0.0:15001"adminAddress:"0.0.0.0:15001"startupRole:FOLLOWER, id:"s2"address:"0.0.0.0:15002"clientAddress:"0.0.0.0:15002"adminAddress:"0.0.0.0:15002"startupRole:FOLLOWER, old:id:"s3"address:"0.0.0.0:15003"clientAddress:"0.0.0.0:15003"adminAddress:"0.0.0.0:15003"startupRole:FOLLOWER, id:"s11"address:"0.0.0.0:15011"clientAddress:"0.0.0.0:15011"adminAddress:"0.0.0.0:15011"startupRole:FOLLOWER, id:"s10"address:"0.0.0.0:15010"clientAddress:"0.0.0.0:15010"adminAddress:"0.0.0.0:15010"startupRole:FOLLOWER, id:"s13"address:"0.0.0.0:15013"clientAddress:"0.0.0.0:15013"adminAddress:"0.0.0.0:15013"startupRole:FOLLOWER, id:"s12"address:"0.0.0.0:15012"clientAddress:"0.0.0.0:15012"adminAddress:"0.0.0.0:15012"startupRole:FOLLOWER, id:"s14"address:"0.0.0.0:15014"clientAddress:"0.0.0.0:15014"adminAddress:"0.0.0.0:15014"startupRole:FOLLOWER, id:"s0"address:"0.0.0.0:15000"clientAddress:"0.0.0.0:15000"adminAddress:"0.0.0.0:15000"startupRole:FOLLOWER, id:"s1"address:"0.0.0.0:15001"clientAddress:"0.0.0.0:15001"adminAddress:"0.0.0.0:15001"startupRole:FOLLOWER, id:"s2"address:"0.0.0.0:15002"clientAddress:"0.0.0.0:15002"adminAddress:"0.0.0.0:15002"startupRole:FOLLOWER)
2024-09-10 06:20:06,104 INFO  server.RaftServer$Division (ServerState.java:setRaftConf(386)) - s10@group-5D788F7A274C: set configuration conf: {index: 129, cur=peers:[s3|0.0.0.0:15003, s4|0.0.0.0:15004, s5|0.0.0.0:15005, s6|0.0.0.0:15006, s7|0.0.0.0:15007, s8|0.0.0.0:15008, s9|0.0.0.0:15009, s11|0.0.0.0:15011, s10|0.0.0.0:15010, s13|0.0.0.0:15013, s12|0.0.0.0:15012, s14|0.0.0.0:15014, s0|0.0.0.0:15000, s1|0.0.0.0:15001, s2|0.0.0.0:15002]|listeners:[], old=peers:[s3|0.0.0.0:15003, s11|0.0.0.0:15011, s10|0.0.0.0:15010, s13|0.0.0.0:15013, s12|0.0.0.0:15012, s14|0.0.0.0:15014, s0|0.0.0.0:15000, s1|0.0.0.0:15001, s2|0.0.0.0:15002]|listeners:[]}
2024-09-10 06:20:06,104 DEBUG server.RaftServer$Division (RaftServerImpl.java:logAppendEntries(1539)) - s8@group-5D788F7A274C: appendEntries* s0->s8#9-t1,previous=(t:1, i:128),leaderCommit=128,initializing? false,entries: size=1, first=(t:1, i:129), CONFIGURATIONENTRY(current:id:"s3"address:"0.0.0.0:15003"clientAddress:"0.0.0.0:15003"adminAddress:"0.0.0.0:15003"startupRole:FOLLOWER, id:"s4"address:"0.0.0.0:15004"clientAddress:"0.0.0.0:15004"adminAddress:"0.0.0.0:15004"startupRole:FOLLOWER, id:"s5"address:"0.0.0.0:15005"clientAddress:"0.0.0.0:15005"adminAddress:"0.0.0.0:15005"startupRole:FOLLOWER, id:"s6"address:"0.0.0.0:15006"clientAddress:"0.0.0.0:15006"adminAddress:"0.0.0.0:15006"startupRole:FOLLOWER, id:"s7"address:"0.0.0.0:15007"clientAddress:"0.0.0.0:15007"adminAddress:"0.0.0.0:15007"startupRole:FOLLOWER, id:"s8"address:"0.0.0.0:15008"clientAddress:"0.0.0.0:15008"adminAddress:"0.0.0.0:15008"startupRole:FOLLOWER, id:"s9"address:"0.0.0.0:15009"clientAddress:"0.0.0.0:15009"adminAddress:"0.0.0.0:15009"startupRole:FOLLOWER, id:"s11"address:"0.0.0.0:15011"clientAddress:"0.0.0.0:15011"adminAddress:"0.0.0.0:15011"startupRole:FOLLOWER, id:"s10"address:"0.0.0.0:15010"clientAddress:"0.0.0.0:15010"adminAddress:"0.0.0.0:15010"startupRole:FOLLOWER, id:"s13"address:"0.0.0.0:15013"clientAddress:"0.0.0.0:15013"adminAddress:"0.0.0.0:15013"startupRole:FOLLOWER, id:"s12"address:"0.0.0.0:15012"clientAddress:"0.0.0.0:15012"adminAddress:"0.0.0.0:15012"startupRole:FOLLOWER, id:"s14"address:"0.0.0.0:15014"clientAddress:"0.0.0.0:15014"adminAddress:"0.0.0.0:15014"startupRole:FOLLOWER, id:"s0"address:"0.0.0.0:15000"clientAddress:"0.0.0.0:15000"adminAddress:"0.0.0.0:15000"startupRole:FOLLOWER, id:"s1"address:"0.0.0.0:15001"clientAddress:"0.0.0.0:15001"adminAddress:"0.0.0.0:15001"startupRole:FOLLOWER, id:"s2"address:"0.0.0.0:15002"clientAddress:"0.0.0.0:15002"adminAddress:"0.0.0.0:15002"startupRole:FOLLOWER, old:id:"s3"address:"0.0.0.0:15003"clientAddress:"0.0.0.0:15003"adminAddress:"0.0.0.0:15003"startupRole:FOLLOWER, id:"s11"address:"0.0.0.0:15011"clientAddress:"0.0.0.0:15011"adminAddress:"0.0.0.0:15011"startupRole:FOLLOWER, id:"s10"address:"0.0.0.0:15010"clientAddress:"0.0.0.0:15010"adminAddress:"0.0.0.0:15010"startupRole:FOLLOWER, id:"s13"address:"0.0.0.0:15013"clientAddress:"0.0.0.0:15013"adminAddress:"0.0.0.0:15013"startupRole:FOLLOWER, id:"s12"address:"0.0.0.0:15012"clientAddress:"0.0.0.0:15012"adminAddress:"0.0.0.0:15012"startupRole:FOLLOWER, id:"s14"address:"0.0.0.0:15014"clientAddress:"0.0.0.0:15014"adminAddress:"0.0.0.0:15014"startupRole:FOLLOWER, id:"s0"address:"0.0.0.0:15000"clientAddress:"0.0.0.0:15000"adminAddress:"0.0.0.0:15000"startupRole:FOLLOWER, id:"s1"address:"0.0.0.0:15001"clientAddress:"0.0.0.0:15001"adminAddress:"0.0.0.0:15001"startupRole:FOLLOWER, id:"s2"address:"0.0.0.0:15002"clientAddress:"0.0.0.0:15002"adminAddress:"0.0.0.0:15002"startupRole:FOLLOWER)
2024-09-10 06:20:06,105 INFO  impl.RoleInfo (RoleInfo.java:updateAndGet(148)) - s8: start s8@group-5D788F7A274C-FollowerState
2024-09-10 06:20:06,103 DEBUG server.RaftServer$Division (RaftServerImpl.java:logAppendEntries(1539)) - s12@group-5D788F7A274C: appendEntries* s0->s12#29-t1,previous=(t:1, i:128),leaderCommit=128,initializing? false,entries: size=1, first=(t:1, i:129), CONFIGURATIONENTRY(current:id:"s3"address:"0.0.0.0:15003"clientAddress:"0.0.0.0:15003"adminAddress:"0.0.0.0:15003"startupRole:FOLLOWER, id:"s4"address:"0.0.0.0:15004"clientAddress:"0.0.0.0:15004"adminAddress:"0.0.0.0:15004"startupRole:FOLLOWER, id:"s5"address:"0.0.0.0:15005"clientAddress:"0.0.0.0:15005"adminAddress:"0.0.0.0:15005"startupRole:FOLLOWER, id:"s6"address:"0.0.0.0:15006"clientAddress:"0.0.0.0:15006"adminAddress:"0.0.0.0:15006"startupRole:FOLLOWER, id:"s7"address:"0.0.0.0:15007"clientAddress:"0.0.0.0:15007"adminAddress:"0.0.0.0:15007"startupRole:FOLLOWER, id:"s8"address:"0.0.0.0:15008"clientAddress:"0.0.0.0:15008"adminAddress:"0.0.0.0:15008"startupRole:FOLLOWER, id:"s9"address:"0.0.0.0:15009"clientAddress:"0.0.0.0:15009"adminAddress:"0.0.0.0:15009"startupRole:FOLLOWER, id:"s11"address:"0.0.0.0:15011"clientAddress:"0.0.0.0:15011"adminAddress:"0.0.0.0:15011"startupRole:FOLLOWER, id:"s10"address:"0.0.0.0:15010"clientAddress:"0.0.0.0:15010"adminAddress:"0.0.0.0:15010"startupRole:FOLLOWER, id:"s13"address:"0.0.0.0:15013"clientAddress:"0.0.0.0:15013"adminAddress:"0.0.0.0:15013"startupRole:FOLLOWER, id:"s12"address:"0.0.0.0:15012"clientAddress:"0.0.0.0:15012"adminAddress:"0.0.0.0:15012"startupRole:FOLLOWER, id:"s14"address:"0.0.0.0:15014"clientAddress:"0.0.0.0:15014"adminAddress:"0.0.0.0:15014"startupRole:FOLLOWER, id:"s0"address:"0.0.0.0:15000"clientAddress:"0.0.0.0:15000"adminAddress:"0.0.0.0:15000"startupRole:FOLLOWER, id:"s1"address:"0.0.0.0:15001"clientAddress:"0.0.0.0:15001"adminAddress:"0.0.0.0:15001"startupRole:FOLLOWER, id:"s2"address:"0.0.0.0:15002"clientAddress:"0.0.0.0:15002"adminAddress:"0.0.0.0:15002"startupRole:FOLLOWER, old:id:"s3"address:"0.0.0.0:15003"clientAddress:"0.0.0.0:15003"adminAddress:"0.0.0.0:15003"startupRole:FOLLOWER, id:"s11"address:"0.0.0.0:15011"clientAddress:"0.0.0.0:15011"adminAddress:"0.0.0.0:15011"startupRole:FOLLOWER, id:"s10"address:"0.0.0.0:15010"clientAddress:"0.0.0.0:15010"adminAddress:"0.0.0.0:15010"startupRole:FOLLOWER, id:"s13"address:"0.0.0.0:15013"clientAddress:"0.0.0.0:15013"adminAddress:"0.0.0.0:15013"startupRole:FOLLOWER, id:"s12"address:"0.0.0.0:15012"clientAddress:"0.0.0.0:15012"adminAddress:"0.0.0.0:15012"startupRole:FOLLOWER, id:"s14"address:"0.0.0.0:15014"clientAddress:"0.0.0.0:15014"adminAddress:"0.0.0.0:15014"startupRole:FOLLOWER, id:"s0"address:"0.0.0.0:15000"clientAddress:"0.0.0.0:15000"adminAddress:"0.0.0.0:15000"startupRole:FOLLOWER, id:"s1"address:"0.0.0.0:15001"clientAddress:"0.0.0.0:15001"adminAddress:"0.0.0.0:15001"startupRole:FOLLOWER, id:"s2"address:"0.0.0.0:15002"clientAddress:"0.0.0.0:15002"adminAddress:"0.0.0.0:15002"startupRole:FOLLOWER)
2024-09-10 06:20:06,105 INFO  server.RaftServer$Division (ServerState.java:setRaftConf(386)) - s12@group-5D788F7A274C: set configuration conf: {index: 129, cur=peers:[s3|0.0.0.0:15003, s4|0.0.0.0:15004, s5|0.0.0.0:15005, s6|0.0.0.0:15006, s7|0.0.0.0:15007, s8|0.0.0.0:15008, s9|0.0.0.0:15009, s11|0.0.0.0:15011, s10|0.0.0.0:15010, s13|0.0.0.0:15013, s12|0.0.0.0:15012, s14|0.0.0.0:15014, s0|0.0.0.0:15000, s1|0.0.0.0:15001, s2|0.0.0.0:15002]|listeners:[], old=peers:[s3|0.0.0.0:15003, s11|0.0.0.0:15011, s10|0.0.0.0:15010, s13|0.0.0.0:15013, s12|0.0.0.0:15012, s14|0.0.0.0:15014, s0|0.0.0.0:15000, s1|0.0.0.0:15001, s2|0.0.0.0:15002]|listeners:[]}
2024-09-10 06:20:06,105 TRACE util.FileUtils (LogUtils.java:runAndLog(49)) - Successfully ran Atomic Files.move /home/runner/work/ratis/ratis/ratis-examples/target/test/data/f624d035/MiniRaftClusterWithGrpc4aa2bfeb/s5/746c2775-00df-41b8-9955-5d788f7a274c/current/raft-meta.conf.tmp to /home/runner/work/ratis/ratis/ratis-examples/target/test/data/f624d035/MiniRaftClusterWithGrpc4aa2bfeb/s5/746c2775-00df-41b8-9955-5d788f7a274c/current/raft-meta.conf with options [REPLACE_EXISTING]
2024-09-10 06:20:06,106 TRACE util.FileUtils (LogUtils.java:supplyAndLog(69)) - Successfully supplied FileChannel.open /home/runner/work/ratis/ratis/ratis-examples/target/test/data/f624d035/MiniRaftClusterWithGrpc4aa2bfeb/s5/746c2775-00df-41b8-9955-5d788f7a274c/current/raft-meta.conf.tmp with options [CREATE, WRITE]: sun.nio.ch.FileChannelImpl@15e27c1e
2024-09-10 06:20:06,107 DEBUG server.RaftServer$Division (RaftServerImpl.java:logAppendEntries(1539)) - s7@group-5D788F7A274C: appendEntries* s0->s7#8-t1,previous=(t:1, i:128),leaderCommit=128,initializing? false,entries: size=1, first=(t:1, i:129), CONFIGURATIONENTRY(current:id:"s3"address:"0.0.0.0:15003"clientAddress:"0.0.0.0:15003"adminAddress:"0.0.0.0:15003"startupRole:FOLLOWER, id:"s4"address:"0.0.0.0:15004"clientAddress:"0.0.0.0:15004"adminAddress:"0.0.0.0:15004"startupRole:FOLLOWER, id:"s5"address:"0.0.0.0:15005"clientAddress:"0.0.0.0:15005"adminAddress:"0.0.0.0:15005"startupRole:FOLLOWER, id:"s6"address:"0.0.0.0:15006"clientAddress:"0.0.0.0:15006"adminAddress:"0.0.0.0:15006"startupRole:FOLLOWER, id:"s7"address:"0.0.0.0:15007"clientAddress:"0.0.0.0:15007"adminAddress:"0.0.0.0:15007"startupRole:FOLLOWER, id:"s8"address:"0.0.0.0:15008"clientAddress:"0.0.0.0:15008"adminAddress:"0.0.0.0:15008"startupRole:FOLLOWER, id:"s9"address:"0.0.0.0:15009"clientAddress:"0.0.0.0:15009"adminAddress:"0.0.0.0:15009"startupRole:FOLLOWER, id:"s11"address:"0.0.0.0:15011"clientAddress:"0.0.0.0:15011"adminAddress:"0.0.0.0:15011"startupRole:FOLLOWER, id:"s10"address:"0.0.0.0:15010"clientAddress:"0.0.0.0:15010"adminAddress:"0.0.0.0:15010"startupRole:FOLLOWER, id:"s13"address:"0.0.0.0:15013"clientAddress:"0.0.0.0:15013"adminAddress:"0.0.0.0:15013"startupRole:FOLLOWER, id:"s12"address:"0.0.0.0:15012"clientAddress:"0.0.0.0:15012"adminAddress:"0.0.0.0:15012"startupRole:FOLLOWER, id:"s14"address:"0.0.0.0:15014"clientAddress:"0.0.0.0:15014"adminAddress:"0.0.0.0:15014"startupRole:FOLLOWER, id:"s0"address:"0.0.0.0:15000"clientAddress:"0.0.0.0:15000"adminAddress:"0.0.0.0:15000"startupRole:FOLLOWER, id:"s1"address:"0.0.0.0:15001"clientAddress:"0.0.0.0:15001"adminAddress:"0.0.0.0:15001"startupRole:FOLLOWER, id:"s2"address:"0.0.0.0:15002"clientAddress:"0.0.0.0:15002"adminAddress:"0.0.0.0:15002"startupRole:FOLLOWER, old:id:"s3"address:"0.0.0.0:15003"clientAddress:"0.0.0.0:15003"adminAddress:"0.0.0.0:15003"startupRole:FOLLOWER, id:"s11"address:"0.0.0.0:15011"clientAddress:"0.0.0.0:15011"adminAddress:"0.0.0.0:15011"startupRole:FOLLOWER, id:"s10"address:"0.0.0.0:15010"clientAddress:"0.0.0.0:15010"adminAddress:"0.0.0.0:15010"startupRole:FOLLOWER, id:"s13"address:"0.0.0.0:15013"clientAddress:"0.0.0.0:15013"adminAddress:"0.0.0.0:15013"startupRole:FOLLOWER, id:"s12"address:"0.0.0.0:15012"clientAddress:"0.0.0.0:15012"adminAddress:"0.0.0.0:15012"startupRole:FOLLOWER, id:"s14"address:"0.0.0.0:15014"clientAddress:"0.0.0.0:15014"adminAddress:"0.0.0.0:15014"startupRole:FOLLOWER, id:"s0"address:"0.0.0.0:15000"clientAddress:"0.0.0.0:15000"adminAddress:"0.0.0.0:15000"startupRole:FOLLOWER, id:"s1"address:"0.0.0.0:15001"clientAddress:"0.0.0.0:15001"adminAddress:"0.0.0.0:15001"startupRole:FOLLOWER, id:"s2"address:"0.0.0.0:15002"clientAddress:"0.0.0.0:15002"adminAddress:"0.0.0.0:15002"startupRole:FOLLOWER)
2024-09-10 06:20:06,108 DEBUG server.RaftServer$Division (RaftServerImpl.java:logAppendEntries(1539)) - s1@group-5D788F7A274C: appendEntries* s0->s1#457-t1,previous=(t:1, i:128),leaderCommit=128,initializing? false,entries: size=1, first=(t:1, i:129), CONFIGURATIONENTRY(current:id:"s3"address:"0.0.0.0:15003"clientAddress:"0.0.0.0:15003"adminAddress:"0.0.0.0:15003"startupRole:FOLLOWER, id:"s4"address:"0.0.0.0:15004"clientAddress:"0.0.0.0:15004"adminAddress:"0.0.0.0:15004"startupRole:FOLLOWER, id:"s5"address:"0.0.0.0:15005"clientAddress:"0.0.0.0:15005"adminAddress:"0.0.0.0:15005"startupRole:FOLLOWER, id:"s6"address:"0.0.0.0:15006"clientAddress:"0.0.0.0:15006"adminAddress:"0.0.0.0:15006"startupRole:FOLLOWER, id:"s7"address:"0.0.0.0:15007"clientAddress:"0.0.0.0:15007"adminAddress:"0.0.0.0:15007"startupRole:FOLLOWER, id:"s8"address:"0.0.0.0:15008"clientAddress:"0.0.0.0:15008"adminAddress:"0.0.0.0:15008"startupRole:FOLLOWER, id:"s9"address:"0.0.0.0:15009"clientAddress:"0.0.0.0:15009"adminAddress:"0.0.0.0:15009"startupRole:FOLLOWER, id:"s11"address:"0.0.0.0:15011"clientAddress:"0.0.0.0:15011"adminAddress:"0.0.0.0:15011"startupRole:FOLLOWER, id:"s10"address:"0.0.0.0:15010"clientAddress:"0.0.0.0:15010"adminAddress:"0.0.0.0:15010"startupRole:FOLLOWER, id:"s13"address:"0.0.0.0:15013"clientAddress:"0.0.0.0:15013"adminAddress:"0.0.0.0:15013"startupRole:FOLLOWER, id:"s12"address:"0.0.0.0:15012"clientAddress:"0.0.0.0:15012"adminAddress:"0.0.0.0:15012"startupRole:FOLLOWER, id:"s14"address:"0.0.0.0:15014"clientAddress:"0.0.0.0:15014"adminAddress:"0.0.0.0:15014"startupRole:FOLLOWER, id:"s0"address:"0.0.0.0:15000"clientAddress:"0.0.0.0:15000"adminAddress:"0.0.0.0:15000"startupRole:FOLLOWER, id:"s1"address:"0.0.0.0:15001"clientAddress:"0.0.0.0:15001"adminAddress:"0.0.0.0:15001"startupRole:FOLLOWER, id:"s2"address:"0.0.0.0:15002"clientAddress:"0.0.0.0:15002"adminAddress:"0.0.0.0:15002"startupRole:FOLLOWER, old:id:"s3"address:"0.0.0.0:15003"clientAddress:"0.0.0.0:15003"adminAddress:"0.0.0.0:15003"startupRole:FOLLOWER, id:"s11"address:"0.0.0.0:15011"clientAddress:"0.0.0.0:15011"adminAddress:"0.0.0.0:15011"startupRole:FOLLOWER, id:"s10"address:"0.0.0.0:15010"clientAddress:"0.0.0.0:15010"adminAddress:"0.0.0.0:15010"startupRole:FOLLOWER, id:"s13"address:"0.0.0.0:15013"clientAddress:"0.0.0.0:15013"adminAddress:"0.0.0.0:15013"startupRole:FOLLOWER, id:"s12"address:"0.0.0.0:15012"clientAddress:"0.0.0.0:15012"adminAddress:"0.0.0.0:15012"startupRole:FOLLOWER, id:"s14"address:"0.0.0.0:15014"clientAddress:"0.0.0.0:15014"adminAddress:"0.0.0.0:15014"startupRole:FOLLOWER, id:"s0"address:"0.0.0.0:15000"clientAddress:"0.0.0.0:15000"adminAddress:"0.0.0.0:15000"startupRole:FOLLOWER, id:"s1"address:"0.0.0.0:15001"clientAddress:"0.0.0.0:15001"adminAddress:"0.0.0.0:15001"startupRole:FOLLOWER, id:"s2"address:"0.0.0.0:15002"clientAddress:"0.0.0.0:15002"adminAddress:"0.0.0.0:15002"startupRole:FOLLOWER)
2024-09-10 06:20:06,108 INFO  server.RaftServer$Division (ServerState.java:setRaftConf(386)) - s1@group-5D788F7A274C: set configuration conf: {index: 129, cur=peers:[s3|0.0.0.0:15003, s4|0.0.0.0:15004, s5|0.0.0.0:15005, s6|0.0.0.0:15006, s7|0.0.0.0:15007, s8|0.0.0.0:15008, s9|0.0.0.0:15009, s11|0.0.0.0:15011, s10|0.0.0.0:15010, s13|0.0.0.0:15013, s12|0.0.0.0:15012, s14|0.0.0.0:15014, s0|0.0.0.0:15000, s1|0.0.0.0:15001, s2|0.0.0.0:15002]|listeners:[], old=peers:[s3|0.0.0.0:15003, s11|0.0.0.0:15011, s10|0.0.0.0:15010, s13|0.0.0.0:15013, s12|0.0.0.0:15012, s14|0.0.0.0:15014, s0|0.0.0.0:15000, s1|0.0.0.0:15001, s2|0.0.0.0:15002]|listeners:[]}
2024-09-10 06:20:06,109 DEBUG server.RaftServer$Division (RaftServerImpl.java:logAppendEntries(1539)) - s14@group-5D788F7A274C: appendEntries* s0->s14#29-t1,previous=(t:1, i:128),leaderCommit=128,initializing? false,entries: size=1, first=(t:1, i:129), CONFIGURATIONENTRY(current:id:"s3"address:"0.0.0.0:15003"clientAddress:"0.0.0.0:15003"adminAddress:"0.0.0.0:15003"startupRole:FOLLOWER, id:"s4"address:"0.0.0.0:15004"clientAddress:"0.0.0.0:15004"adminAddress:"0.0.0.0:15004"startupRole:FOLLOWER, id:"s5"address:"0.0.0.0:15005"clientAddress:"0.0.0.0:15005"adminAddress:"0.0.0.0:15005"startupRole:FOLLOWER, id:"s6"address:"0.0.0.0:15006"clientAddress:"0.0.0.0:15006"adminAddress:"0.0.0.0:15006"startupRole:FOLLOWER, id:"s7"address:"0.0.0.0:15007"clientAddress:"0.0.0.0:15007"adminAddress:"0.0.0.0:15007"startupRole:FOLLOWER, id:"s8"address:"0.0.0.0:15008"clientAddress:"0.0.0.0:15008"adminAddress:"0.0.0.0:15008"startupRole:FOLLOWER, id:"s9"address:"0.0.0.0:15009"clientAddress:"0.0.0.0:15009"adminAddress:"0.0.0.0:15009"startupRole:FOLLOWER, id:"s11"address:"0.0.0.0:15011"clientAddress:"0.0.0.0:15011"adminAddress:"0.0.0.0:15011"startupRole:FOLLOWER, id:"s10"address:"0.0.0.0:15010"clientAddress:"0.0.0.0:15010"adminAddress:"0.0.0.0:15010"startupRole:FOLLOWER, id:"s13"address:"0.0.0.0:15013"clientAddress:"0.0.0.0:15013"adminAddress:"0.0.0.0:15013"startupRole:FOLLOWER, id:"s12"address:"0.0.0.0:15012"clientAddress:"0.0.0.0:15012"adminAddress:"0.0.0.0:15012"startupRole:FOLLOWER, id:"s14"address:"0.0.0.0:15014"clientAddress:"0.0.0.0:15014"adminAddress:"0.0.0.0:15014"startupRole:FOLLOWER, id:"s0"address:"0.0.0.0:15000"clientAddress:"0.0.0.0:15000"adminAddress:"0.0.0.0:15000"startupRole:FOLLOWER, id:"s1"address:"0.0.0.0:15001"clientAddress:"0.0.0.0:15001"adminAddress:"0.0.0.0:15001"startupRole:FOLLOWER, id:"s2"address:"0.0.0.0:15002"clientAddress:"0.0.0.0:15002"adminAddress:"0.0.0.0:15002"startupRole:FOLLOWER, old:id:"s3"address:"0.0.0.0:15003"clientAddress:"0.0.0.0:15003"adminAddress:"0.0.0.0:15003"startupRole:FOLLOWER, id:"s11"address:"0.0.0.0:15011"clientAddress:"0.0.0.0:15011"adminAddress:"0.0.0.0:15011"startupRole:FOLLOWER, id:"s10"address:"0.0.0.0:15010"clientAddress:"0.0.0.0:15010"adminAddress:"0.0.0.0:15010"startupRole:FOLLOWER, id:"s13"address:"0.0.0.0:15013"clientAddress:"0.0.0.0:15013"adminAddress:"0.0.0.0:15013"startupRole:FOLLOWER, id:"s12"address:"0.0.0.0:15012"clientAddress:"0.0.0.0:15012"adminAddress:"0.0.0.0:15012"startupRole:FOLLOWER, id:"s14"address:"0.0.0.0:15014"clientAddress:"0.0.0.0:15014"adminAddress:"0.0.0.0:15014"startupRole:FOLLOWER, id:"s0"address:"0.0.0.0:15000"clientAddress:"0.0.0.0:15000"adminAddress:"0.0.0.0:15000"startupRole:FOLLOWER, id:"s1"address:"0.0.0.0:15001"clientAddress:"0.0.0.0:15001"adminAddress:"0.0.0.0:15001"startupRole:FOLLOWER, id:"s2"address:"0.0.0.0:15002"clientAddress:"0.0.0.0:15002"adminAddress:"0.0.0.0:15002"startupRole:FOLLOWER)
2024-09-10 06:20:06,109 DEBUG server.RaftServer$Division (RaftServerImpl.java:logAppendEntries(1539)) - s5@group-5D788F7A274C: appendEntries* s0->s5#7-t1,previous=(t:1, i:128),leaderCommit=128,initializing? false,entries: size=1, first=(t:1, i:129), CONFIGURATIONENTRY(current:id:"s3"address:"0.0.0.0:15003"clientAddress:"0.0.0.0:15003"adminAddress:"0.0.0.0:15003"startupRole:FOLLOWER, id:"s4"address:"0.0.0.0:15004"clientAddress:"0.0.0.0:15004"adminAddress:"0.0.0.0:15004"startupRole:FOLLOWER, id:"s5"address:"0.0.0.0:15005"clientAddress:"0.0.0.0:15005"adminAddress:"0.0.0.0:15005"startupRole:FOLLOWER, id:"s6"address:"0.0.0.0:15006"clientAddress:"0.0.0.0:15006"adminAddress:"0.0.0.0:15006"startupRole:FOLLOWER, id:"s7"address:"0.0.0.0:15007"clientAddress:"0.0.0.0:15007"adminAddress:"0.0.0.0:15007"startupRole:FOLLOWER, id:"s8"address:"0.0.0.0:15008"clientAddress:"0.0.0.0:15008"adminAddress:"0.0.0.0:15008"startupRole:FOLLOWER, id:"s9"address:"0.0.0.0:15009"clientAddress:"0.0.0.0:15009"adminAddress:"0.0.0.0:15009"startupRole:FOLLOWER, id:"s11"address:"0.0.0.0:15011"clientAddress:"0.0.0.0:15011"adminAddress:"0.0.0.0:15011"startupRole:FOLLOWER, id:"s10"address:"0.0.0.0:15010"clientAddress:"0.0.0.0:15010"adminAddress:"0.0.0.0:15010"startupRole:FOLLOWER, id:"s13"address:"0.0.0.0:15013"clientAddress:"0.0.0.0:15013"adminAddress:"0.0.0.0:15013"startupRole:FOLLOWER, id:"s12"address:"0.0.0.0:15012"clientAddress:"0.0.0.0:15012"adminAddress:"0.0.0.0:15012"startupRole:FOLLOWER, id:"s14"address:"0.0.0.0:15014"clientAddress:"0.0.0.0:15014"adminAddress:"0.0.0.0:15014"startupRole:FOLLOWER, id:"s0"address:"0.0.0.0:15000"clientAddress:"0.0.0.0:15000"adminAddress:"0.0.0.0:15000"startupRole:FOLLOWER, id:"s1"address:"0.0.0.0:15001"clientAddress:"0.0.0.0:15001"adminAddress:"0.0.0.0:15001"startupRole:FOLLOWER, id:"s2"address:"0.0.0.0:15002"clientAddress:"0.0.0.0:15002"adminAddress:"0.0.0.0:15002"startupRole:FOLLOWER, old:id:"s3"address:"0.0.0.0:15003"clientAddress:"0.0.0.0:15003"adminAddress:"0.0.0.0:15003"startupRole:FOLLOWER, id:"s11"address:"0.0.0.0:15011"clientAddress:"0.0.0.0:15011"adminAddress:"0.0.0.0:15011"startupRole:FOLLOWER, id:"s10"address:"0.0.0.0:15010"clientAddress:"0.0.0.0:15010"adminAddress:"0.0.0.0:15010"startupRole:FOLLOWER, id:"s13"address:"0.0.0.0:15013"clientAddress:"0.0.0.0:15013"adminAddress:"0.0.0.0:15013"startupRole:FOLLOWER, id:"s12"address:"0.0.0.0:15012"clientAddress:"0.0.0.0:15012"adminAddress:"0.0.0.0:15012"startupRole:FOLLOWER, id:"s14"address:"0.0.0.0:15014"clientAddress:"0.0.0.0:15014"adminAddress:"0.0.0.0:15014"startupRole:FOLLOWER, id:"s0"address:"0.0.0.0:15000"clientAddress:"0.0.0.0:15000"adminAddress:"0.0.0.0:15000"startupRole:FOLLOWER, id:"s1"address:"0.0.0.0:15001"clientAddress:"0.0.0.0:15001"adminAddress:"0.0.0.0:15001"startupRole:FOLLOWER, id:"s2"address:"0.0.0.0:15002"clientAddress:"0.0.0.0:15002"adminAddress:"0.0.0.0:15002"startupRole:FOLLOWER)
2024-09-10 06:20:06,109 DEBUG server.RaftServer$Division (RaftServerImpl.java:logAppendEntries(1539)) - s10@group-5D788F7A274C: appendEntries* reply s0<-s10#449:OK-t1,SUCCESS,nextIndex=130,followerCommit=128,matchIndex=129
2024-09-10 06:20:06,110 DEBUG server.RaftServer$Division (RaftServerImpl.java:logAppendEntries(1539)) - s11@group-5D788F7A274C: appendEntries* reply s0<-s11#29:OK-t1,SUCCESS,nextIndex=130,followerCommit=128,matchIndex=129
2024-09-10 06:20:06,110 DEBUG server.RaftServer$Division (RaftServerImpl.java:logAppendEntries(1539)) - s12@group-5D788F7A274C: appendEntries* reply s0<-s12#29:OK-t1,SUCCESS,nextIndex=130,followerCommit=128,matchIndex=129
2024-09-10 06:20:06,110 DEBUG server.RaftServer$Division (RaftServerImpl.java:logAppendEntries(1539)) - s9@group-5D788F7A274C: appendEntries* s0->s9#7-t1,previous=(t:1, i:128),leaderCommit=128,initializing? false,entries: size=1, first=(t:1, i:129), CONFIGURATIONENTRY(current:id:"s3"address:"0.0.0.0:15003"clientAddress:"0.0.0.0:15003"adminAddress:"0.0.0.0:15003"startupRole:FOLLOWER, id:"s4"address:"0.0.0.0:15004"clientAddress:"0.0.0.0:15004"adminAddress:"0.0.0.0:15004"startupRole:FOLLOWER, id:"s5"address:"0.0.0.0:15005"clientAddress:"0.0.0.0:15005"adminAddress:"0.0.0.0:15005"startupRole:FOLLOWER, id:"s6"address:"0.0.0.0:15006"clientAddress:"0.0.0.0:15006"adminAddress:"0.0.0.0:15006"startupRole:FOLLOWER, id:"s7"address:"0.0.0.0:15007"clientAddress:"0.0.0.0:15007"adminAddress:"0.0.0.0:15007"startupRole:FOLLOWER, id:"s8"address:"0.0.0.0:15008"clientAddress:"0.0.0.0:15008"adminAddress:"0.0.0.0:15008"startupRole:FOLLOWER, id:"s9"address:"0.0.0.0:15009"clientAddress:"0.0.0.0:15009"adminAddress:"0.0.0.0:15009"startupRole:FOLLOWER, id:"s11"address:"0.0.0.0:15011"clientAddress:"0.0.0.0:15011"adminAddress:"0.0.0.0:15011"startupRole:FOLLOWER, id:"s10"address:"0.0.0.0:15010"clientAddress:"0.0.0.0:15010"adminAddress:"0.0.0.0:15010"startupRole:FOLLOWER, id:"s13"address:"0.0.0.0:15013"clientAddress:"0.0.0.0:15013"adminAddress:"0.0.0.0:15013"startupRole:FOLLOWER, id:"s12"address:"0.0.0.0:15012"clientAddress:"0.0.0.0:15012"adminAddress:"0.0.0.0:15012"startupRole:FOLLOWER, id:"s14"address:"0.0.0.0:15014"clientAddress:"0.0.0.0:15014"adminAddress:"0.0.0.0:15014"startupRole:FOLLOWER, id:"s0"address:"0.0.0.0:15000"clientAddress:"0.0.0.0:15000"adminAddress:"0.0.0.0:15000"startupRole:FOLLOWER, id:"s1"address:"0.0.0.0:15001"clientAddress:"0.0.0.0:15001"adminAddress:"0.0.0.0:15001"startupRole:FOLLOWER, id:"s2"address:"0.0.0.0:15002"clientAddress:"0.0.0.0:15002"adminAddress:"0.0.0.0:15002"startupRole:FOLLOWER, old:id:"s3"address:"0.0.0.0:15003"clientAddress:"0.0.0.0:15003"adminAddress:"0.0.0.0:15003"startupRole:FOLLOWER, id:"s11"address:"0.0.0.0:15011"clientAddress:"0.0.0.0:15011"adminAddress:"0.0.0.0:15011"startupRole:FOLLOWER, id:"s10"address:"0.0.0.0:15010"clientAddress:"0.0.0.0:15010"adminAddress:"0.0.0.0:15010"startupRole:FOLLOWER, id:"s13"address:"0.0.0.0:15013"clientAddress:"0.0.0.0:15013"adminAddress:"0.0.0.0:15013"startupRole:FOLLOWER, id:"s12"address:"0.0.0.0:15012"clientAddress:"0.0.0.0:15012"adminAddress:"0.0.0.0:15012"startupRole:FOLLOWER, id:"s14"address:"0.0.0.0:15014"clientAddress:"0.0.0.0:15014"adminAddress:"0.0.0.0:15014"startupRole:FOLLOWER, id:"s0"address:"0.0.0.0:15000"clientAddress:"0.0.0.0:15000"adminAddress:"0.0.0.0:15000"startupRole:FOLLOWER, id:"s1"address:"0.0.0.0:15001"clientAddress:"0.0.0.0:15001"adminAddress:"0.0.0.0:15001"startupRole:FOLLOWER, id:"s2"address:"0.0.0.0:15002"clientAddress:"0.0.0.0:15002"adminAddress:"0.0.0.0:15002"startupRole:FOLLOWER)
2024-09-10 06:20:06,103 INFO  server.RaftServer$Division (ServerState.java:setRaftConf(386)) - s3@group-5D788F7A274C: set configuration conf: {index: 129, cur=peers:[s3|0.0.0.0:15003, s4|0.0.0.0:15004, s5|0.0.0.0:15005, s6|0.0.0.0:15006, s7|0.0.0.0:15007, s8|0.0.0.0:15008, s9|0.0.0.0:15009, s11|0.0.0.0:15011, s10|0.0.0.0:15010, s13|0.0.0.0:15013, s12|0.0.0.0:15012, s14|0.0.0.0:15014, s0|0.0.0.0:15000, s1|0.0.0.0:15001, s2|0.0.0.0:15002]|listeners:[], old=peers:[s3|0.0.0.0:15003, s11|0.0.0.0:15011, s10|0.0.0.0:15010, s13|0.0.0.0:15013, s12|0.0.0.0:15012, s14|0.0.0.0:15014, s0|0.0.0.0:15000, s1|0.0.0.0:15001, s2|0.0.0.0:15002]|listeners:[]}
2024-09-10 06:20:06,109 INFO  server.RaftServer$Division (ServerState.java:setRaftConf(386)) - s14@group-5D788F7A274C: set configuration conf: {index: 129, cur=peers:[s3|0.0.0.0:15003, s4|0.0.0.0:15004, s5|0.0.0.0:15005, s6|0.0.0.0:15006, s7|0.0.0.0:15007, s8|0.0.0.0:15008, s9|0.0.0.0:15009, s11|0.0.0.0:15011, s10|0.0.0.0:15010, s13|0.0.0.0:15013, s12|0.0.0.0:15012, s14|0.0.0.0:15014, s0|0.0.0.0:15000, s1|0.0.0.0:15001, s2|0.0.0.0:15002]|listeners:[], old=peers:[s3|0.0.0.0:15003, s11|0.0.0.0:15011, s10|0.0.0.0:15010, s13|0.0.0.0:15013, s12|0.0.0.0:15012, s14|0.0.0.0:15014, s0|0.0.0.0:15000, s1|0.0.0.0:15001, s2|0.0.0.0:15002]|listeners:[]}
2024-09-10 06:20:06,107 DEBUG server.RaftServer$Division (RaftServerImpl.java:logAppendEntries(1539)) - s4@group-5D788F7A274C: appendEntries* s0->s4#3-t1,previous=(t:1, i:128),leaderCommit=128,initializing? false,entries: size=1, first=(t:1, i:129), CONFIGURATIONENTRY(current:id:"s3"address:"0.0.0.0:15003"clientAddress:"0.0.0.0:15003"adminAddress:"0.0.0.0:15003"startupRole:FOLLOWER, id:"s4"address:"0.0.0.0:15004"clientAddress:"0.0.0.0:15004"adminAddress:"0.0.0.0:15004"startupRole:FOLLOWER, id:"s5"address:"0.0.0.0:15005"clientAddress:"0.0.0.0:15005"adminAddress:"0.0.0.0:15005"startupRole:FOLLOWER, id:"s6"address:"0.0.0.0:15006"clientAddress:"0.0.0.0:15006"adminAddress:"0.0.0.0:15006"startupRole:FOLLOWER, id:"s7"address:"0.0.0.0:15007"clientAddress:"0.0.0.0:15007"adminAddress:"0.0.0.0:15007"startupRole:FOLLOWER, id:"s8"address:"0.0.0.0:15008"clientAddress:"0.0.0.0:15008"adminAddress:"0.0.0.0:15008"startupRole:FOLLOWER, id:"s9"address:"0.0.0.0:15009"clientAddress:"0.0.0.0:15009"adminAddress:"0.0.0.0:15009"startupRole:FOLLOWER, id:"s11"address:"0.0.0.0:15011"clientAddress:"0.0.0.0:15011"adminAddress:"0.0.0.0:15011"startupRole:FOLLOWER, id:"s10"address:"0.0.0.0:15010"clientAddress:"0.0.0.0:15010"adminAddress:"0.0.0.0:15010"startupRole:FOLLOWER, id:"s13"address:"0.0.0.0:15013"clientAddress:"0.0.0.0:15013"adminAddress:"0.0.0.0:15013"startupRole:FOLLOWER, id:"s12"address:"0.0.0.0:15012"clientAddress:"0.0.0.0:15012"adminAddress:"0.0.0.0:15012"startupRole:FOLLOWER, id:"s14"address:"0.0.0.0:15014"clientAddress:"0.0.0.0:15014"adminAddress:"0.0.0.0:15014"startupRole:FOLLOWER, id:"s0"address:"0.0.0.0:15000"clientAddress:"0.0.0.0:15000"adminAddress:"0.0.0.0:15000"startupRole:FOLLOWER, id:"s1"address:"0.0.0.0:15001"clientAddress:"0.0.0.0:15001"adminAddress:"0.0.0.0:15001"startupRole:FOLLOWER, id:"s2"address:"0.0.0.0:15002"clientAddress:"0.0.0.0:15002"adminAddress:"0.0.0.0:15002"startupRole:FOLLOWER, old:id:"s3"address:"0.0.0.0:15003"clientAddress:"0.0.0.0:15003"adminAddress:"0.0.0.0:15003"startupRole:FOLLOWER, id:"s11"address:"0.0.0.0:15011"clientAddress:"0.0.0.0:15011"adminAddress:"0.0.0.0:15011"startupRole:FOLLOWER, id:"s10"address:"0.0.0.0:15010"clientAddress:"0.0.0.0:15010"adminAddress:"0.0.0.0:15010"startupRole:FOLLOWER, id:"s13"address:"0.0.0.0:15013"clientAddress:"0.0.0.0:15013"adminAddress:"0.0.0.0:15013"startupRole:FOLLOWER, id:"s12"address:"0.0.0.0:15012"clientAddress:"0.0.0.0:15012"adminAddress:"0.0.0.0:15012"startupRole:FOLLOWER, id:"s14"address:"0.0.0.0:15014"clientAddress:"0.0.0.0:15014"adminAddress:"0.0.0.0:15014"startupRole:FOLLOWER, id:"s0"address:"0.0.0.0:15000"clientAddress:"0.0.0.0:15000"adminAddress:"0.0.0.0:15000"startupRole:FOLLOWER, id:"s1"address:"0.0.0.0:15001"clientAddress:"0.0.0.0:15001"adminAddress:"0.0.0.0:15001"startupRole:FOLLOWER, id:"s2"address:"0.0.0.0:15002"clientAddress:"0.0.0.0:15002"adminAddress:"0.0.0.0:15002"startupRole:FOLLOWER)
2024-09-10 06:20:06,111 DEBUG server.RaftServer$Division (RaftServerImpl.java:logAppendEntries(1539)) - s1@group-5D788F7A274C: appendEntries* reply s0<-s1#457:OK-t1,SUCCESS,nextIndex=130,followerCommit=128,matchIndex=129
2024-09-10 06:20:06,111 DEBUG server.RaftServer$Division (RaftServerImpl.java:logAppendEntries(1539)) - s2@group-5D788F7A274C: appendEntries* reply s0<-s2#27:OK-t1,SUCCESS,nextIndex=130,followerCommit=128,matchIndex=129
2024-09-10 06:20:06,111 DEBUG server.RaftServer$Division (RaftServerImpl.java:logAppendEntries(1539)) - s3@group-5D788F7A274C: appendEntries* reply s0<-s3#28:OK-t1,SUCCESS,nextIndex=130,followerCommit=128,matchIndex=129
2024-09-10 06:20:06,111 TRACE util.FileUtils (LogUtils.java:runAndLog(49)) - Successfully ran Atomic Files.move /home/runner/work/ratis/ratis/ratis-examples/target/test/data/f624d035/MiniRaftClusterWithGrpc4aa2bfeb/s5/746c2775-00df-41b8-9955-5d788f7a274c/current/raft-meta.conf.tmp to /home/runner/work/ratis/ratis/ratis-examples/target/test/data/f624d035/MiniRaftClusterWithGrpc4aa2bfeb/s5/746c2775-00df-41b8-9955-5d788f7a274c/current/raft-meta.conf with options [REPLACE_EXISTING]
2024-09-10 06:20:06,112 TRACE util.FileUtils (LogUtils.java:supplyAndLog(69)) - Successfully supplied FileChannel.open /home/runner/work/ratis/ratis/ratis-examples/target/test/data/f624d035/MiniRaftClusterWithGrpc4aa2bfeb/s5/746c2775-00df-41b8-9955-5d788f7a274c/current/raft-meta.conf.tmp with options [CREATE, WRITE]: sun.nio.ch.FileChannelImpl@11ddfa7a
2024-09-10 06:20:06,111 DEBUG server.RaftServer$Division (RaftServerImpl.java:logAppendEntries(1539)) - s14@group-5D788F7A274C: appendEntries* reply s0<-s14#29:OK-t1,SUCCESS,nextIndex=130,followerCommit=128,matchIndex=129
2024-09-10 06:20:06,112 TRACE util.FileUtils (LogUtils.java:runAndLog(49)) - Successfully ran Atomic Files.move /home/runner/work/ratis/ratis/ratis-examples/target/test/data/f624d035/MiniRaftClusterWithGrpc4aa2bfeb/s7/746c2775-00df-41b8-9955-5d788f7a274c/current/raft-meta.conf.tmp to /home/runner/work/ratis/ratis/ratis-examples/target/test/data/f624d035/MiniRaftClusterWithGrpc4aa2bfeb/s7/746c2775-00df-41b8-9955-5d788f7a274c/current/raft-meta.conf with options [REPLACE_EXISTING]
2024-09-10 06:20:06,112 TRACE util.FileUtils (LogUtils.java:supplyAndLog(69)) - Successfully supplied FileChannel.open /home/runner/work/ratis/ratis/ratis-examples/target/test/data/f624d035/MiniRaftClusterWithGrpc4aa2bfeb/s7/746c2775-00df-41b8-9955-5d788f7a274c/current/raft-meta.conf.tmp with options [CREATE, WRITE]: sun.nio.ch.FileChannelImpl@1c25659a
2024-09-10 06:20:06,112 INFO  segmented.SegmentedRaftLogWorker (SegmentedRaftLogWorker.java:execute(660)) - s9@group-5D788F7A274C-SegmentedRaftLogWorker: created new log segment /home/runner/work/ratis/ratis/ratis-examples/target/test/data/f624d035/MiniRaftClusterWithGrpc4aa2bfeb/s9/746c2775-00df-41b8-9955-5d788f7a274c/current/log_inprogress_0
2024-09-10 06:20:06,113 INFO  server.RaftServer$Division (ServerState.java:setRaftConf(386)) - s0@group-5D788F7A274C: set configuration conf: {index: 131, cur=peers:[s3|0.0.0.0:15003, s4|0.0.0.0:15004, s5|0.0.0.0:15005, s6|0.0.0.0:15006, s7|0.0.0.0:15007, s8|0.0.0.0:15008, s9|0.0.0.0:15009, s11|0.0.0.0:15011, s10|0.0.0.0:15010, s13|0.0.0.0:15013, s12|0.0.0.0:15012, s14|0.0.0.0:15014, s0|0.0.0.0:15000, s1|0.0.0.0:15001, s2|0.0.0.0:15002]|listeners:[], old=null}
2024-09-10 06:20:06,113 TRACE util.FileUtils (LogUtils.java:supplyAndLog(69)) - Successfully supplied FileChannel.open /home/runner/work/ratis/ratis/ratis-examples/target/test/data/f624d035/MiniRaftClusterWithGrpc4aa2bfeb/s0/746c2775-00df-41b8-9955-5d788f7a274c/current/raft-meta.conf.tmp with options [CREATE, WRITE]: sun.nio.ch.FileChannelImpl@3581b3cd
2024-09-10 06:20:06,115 DEBUG server.RaftServer$Division (RaftServerImpl.java:logAppendEntries(1539)) - s6@group-5D788F7A274C: appendEntries* reply s0<-s6#1:OK-t1,SUCCESS,nextIndex=129,followerCommit=128,matchIndex=128
2024-09-10 06:20:06,115 INFO  impl.RoleInfo (RoleInfo.java:updateAndGet(148)) - s4: start s4@group-5D788F7A274C-FollowerState
2024-09-10 06:20:06,115 INFO  server.RaftServer$Division (ServerState.java:setRaftConf(386)) - s8@group-5D788F7A274C: set configuration conf: {index: 129, cur=peers:[s3|0.0.0.0:15003, s4|0.0.0.0:15004, s5|0.0.0.0:15005, s6|0.0.0.0:15006, s7|0.0.0.0:15007, s8|0.0.0.0:15008, s9|0.0.0.0:15009, s11|0.0.0.0:15011, s10|0.0.0.0:15010, s13|0.0.0.0:15013, s12|0.0.0.0:15012, s14|0.0.0.0:15014, s0|0.0.0.0:15000, s1|0.0.0.0:15001, s2|0.0.0.0:15002]|listeners:[], old=peers:[s3|0.0.0.0:15003, s11|0.0.0.0:15011, s10|0.0.0.0:15010, s13|0.0.0.0:15013, s12|0.0.0.0:15012, s14|0.0.0.0:15014, s0|0.0.0.0:15000, s1|0.0.0.0:15001, s2|0.0.0.0:15002]|listeners:[]}
2024-09-10 06:20:06,115 TRACE util.FileUtils (LogUtils.java:runAndLog(49)) - Successfully ran Atomic Files.move /home/runner/work/ratis/ratis/ratis-examples/target/test/data/f624d035/MiniRaftClusterWithGrpc4aa2bfeb/s5/746c2775-00df-41b8-9955-5d788f7a274c/current/raft-meta.conf.tmp to /home/runner/work/ratis/ratis/ratis-examples/target/test/data/f624d035/MiniRaftClusterWithGrpc4aa2bfeb/s5/746c2775-00df-41b8-9955-5d788f7a274c/current/raft-meta.conf with options [REPLACE_EXISTING]
2024-09-10 06:20:06,116 TRACE util.FileUtils (LogUtils.java:supplyAndLog(69)) - Successfully supplied FileChannel.open /home/runner/work/ratis/ratis/ratis-examples/target/test/data/f624d035/MiniRaftClusterWithGrpc4aa2bfeb/s6/746c2775-00df-41b8-9955-5d788f7a274c/current/raft-meta.conf.tmp with options [CREATE, WRITE]: sun.nio.ch.FileChannelImpl@6ca29b77
2024-09-10 06:20:06,117 DEBUG server.RaftServer$Division (RaftServerImpl.java:logAppendEntries(1539)) - s8@group-5D788F7A274C: appendEntries* s0->s8#17-t1,previous=(t:1, i:129),leaderCommit=129,initializing? false,entries: size=2, first=(t:1, i:130), METADATAENTRY(c:129)
2024-09-10 06:20:06,117 DEBUG server.RaftServer$Division (RaftServerImpl.java:logAppendEntries(1539)) - s14@group-5D788F7A274C: appendEntries* s0->s14#37-t1,previous=(t:1, i:129),leaderCommit=129,initializing? false,entries: size=2, first=(t:1, i:130), METADATAENTRY(c:129)
2024-09-10 06:20:06,117 INFO  server.RaftServer$Division (ServerState.java:setRaftConf(386)) - s8@group-5D788F7A274C: set configuration conf: {index: 131, cur=peers:[s3|0.0.0.0:15003, s4|0.0.0.0:15004, s5|0.0.0.0:15005, s6|0.0.0.0:15006, s7|0.0.0.0:15007, s8|0.0.0.0:15008, s9|0.0.0.0:15009, s11|0.0.0.0:15011, s10|0.0.0.0:15010, s13|0.0.0.0:15013, s12|0.0.0.0:15012, s14|0.0.0.0:15014, s0|0.0.0.0:15000, s1|0.0.0.0:15001, s2|0.0.0.0:15002]|listeners:[], old=null}
2024-09-10 06:20:06,117 INFO  server.RaftServer$Division (ServerState.java:setRaftConf(386)) - s14@group-5D788F7A274C: set configuration conf: {index: 131, cur=peers:[s3|0.0.0.0:15003, s4|0.0.0.0:15004, s5|0.0.0.0:15005, s6|0.0.0.0:15006, s7|0.0.0.0:15007, s8|0.0.0.0:15008, s9|0.0.0.0:15009, s11|0.0.0.0:15011, s10|0.0.0.0:15010, s13|0.0.0.0:15013, s12|0.0.0.0:15012, s14|0.0.0.0:15014, s0|0.0.0.0:15000, s1|0.0.0.0:15001, s2|0.0.0.0:15002]|listeners:[], old=null}
2024-09-10 06:20:06,118 DEBUG server.RaftServer$Division (RaftServerImpl.java:logAppendEntries(1539)) - s8@group-5D788F7A274C: appendEntries* reply s0<-s8#17:OK-t1,SUCCESS,nextIndex=132,followerCommit=129,matchIndex=131
2024-09-10 06:20:06,118 DEBUG server.RaftServer$Division (RaftServerImpl.java:logAppendEntries(1539)) - s1@group-5D788F7A274C: appendEntries* s0->s1#466-t1,previous=(t:1, i:129),leaderCommit=129,initializing? false,entries: size=1, first=(t:1, i:130), METADATAENTRY(c:129)
2024-09-10 06:20:06,118 DEBUG server.RaftServer$Division (RaftServerImpl.java:logAppendEntries(1539)) - s8@group-5D788F7A274C: appendEntries* reply s0<-s8#9:OK-t1,SUCCESS,nextIndex=130,followerCommit=129,matchIndex=129
2024-09-10 06:20:06,118 DEBUG server.RaftServer$Division (RaftServerImpl.java:logAppendEntries(1539)) - s11@group-5D788F7A274C: appendEntries* s0->s11#32-t1,previous=(t:1, i:129),leaderCommit=129,initializing? false,entries: size=2, first=(t:1, i:130), METADATAENTRY(c:129)
2024-09-10 06:20:06,118 INFO  server.RaftServer$Division (ServerState.java:setRaftConf(386)) - s11@group-5D788F7A274C: set configuration conf: {index: 131, cur=peers:[s3|0.0.0.0:15003, s4|0.0.0.0:15004, s5|0.0.0.0:15005, s6|0.0.0.0:15006, s7|0.0.0.0:15007, s8|0.0.0.0:15008, s9|0.0.0.0:15009, s11|0.0.0.0:15011, s10|0.0.0.0:15010, s13|0.0.0.0:15013, s12|0.0.0.0:15012, s14|0.0.0.0:15014, s0|0.0.0.0:15000, s1|0.0.0.0:15001, s2|0.0.0.0:15002]|listeners:[], old=null}
2024-09-10 06:20:06,118 TRACE util.FileUtils (LogUtils.java:runAndLog(49)) - Successfully ran Atomic Files.move /home/runner/work/ratis/ratis/ratis-examples/target/test/data/f624d035/MiniRaftClusterWithGrpc4aa2bfeb/s6/746c2775-00df-41b8-9955-5d788f7a274c/current/raft-meta.conf.tmp to /home/runner/work/ratis/ratis/ratis-examples/target/test/data/f624d035/MiniRaftClusterWithGrpc4aa2bfeb/s6/746c2775-00df-41b8-9955-5d788f7a274c/current/raft-meta.conf with options [REPLACE_EXISTING]
2024-09-10 06:20:06,119 DEBUG server.RaftServer$Division (RaftServerImpl.java:logAppendEntries(1539)) - s11@group-5D788F7A274C: appendEntries* reply s0<-s11#32:OK-t1,SUCCESS,nextIndex=132,followerCommit=129,matchIndex=131
2024-09-10 06:20:06,119 DEBUG server.RaftServer$Division (RaftServerImpl.java:logAppendEntries(1539)) - s1@group-5D788F7A274C: appendEntries* reply s0<-s1#466:OK-t1,SUCCESS,nextIndex=131,followerCommit=129,matchIndex=130
2024-09-10 06:20:06,119 TRACE util.FileUtils (LogUtils.java:supplyAndLog(69)) - Successfully supplied FileChannel.open /home/runner/work/ratis/ratis/ratis-examples/target/test/data/f624d035/MiniRaftClusterWithGrpc4aa2bfeb/s14/746c2775-00df-41b8-9955-5d788f7a274c/current/raft-meta.conf.tmp with options [CREATE, WRITE]: sun.nio.ch.FileChannelImpl@2bd89f3
2024-09-10 06:20:06,119 DEBUG server.RaftServer$Division (RaftServerImpl.java:logAppendEntries(1539)) - s14@group-5D788F7A274C: appendEntries* reply s0<-s14#37:OK-t1,SUCCESS,nextIndex=132,followerCommit=129,matchIndex=131
2024-09-10 06:20:06,119 TRACE util.FileUtils (LogUtils.java:supplyAndLog(69)) - Successfully supplied FileChannel.open /home/runner/work/ratis/ratis/ratis-examples/target/test/data/f624d035/MiniRaftClusterWithGrpc4aa2bfeb/s11/746c2775-00df-41b8-9955-5d788f7a274c/current/raft-meta.conf.tmp with options [CREATE, WRITE]: sun.nio.ch.FileChannelImpl@2e59dad1
2024-09-10 06:20:06,119 TRACE util.FileUtils (LogUtils.java:supplyAndLog(69)) - Successfully supplied FileChannel.open /home/runner/work/ratis/ratis/ratis-examples/target/test/data/f624d035/MiniRaftClusterWithGrpc4aa2bfeb/s5/746c2775-00df-41b8-9955-5d788f7a274c/current/raft-meta.conf.tmp with options [CREATE, WRITE]: sun.nio.ch.FileChannelImpl@54df7625
2024-09-10 06:20:06,120 DEBUG server.RaftServer$Division (RaftServerImpl.java:logAppendEntries(1539)) - s3@group-5D788F7A274C: appendEntries* s0->s3#33-t1,previous=(t:1, i:129),leaderCommit=129,initializing? false,entries: size=1, first=(t:1, i:130), METADATAENTRY(c:129)
2024-09-10 06:20:06,120 DEBUG server.RaftServer$Division (RaftServerImpl.java:logAppendEntries(1539)) - s2@group-5D788F7A274C: appendEntries* s0->s2#32-t1,previous=(t:1, i:129),leaderCommit=129,initializing? false,entries: size=2, first=(t:1, i:130), METADATAENTRY(c:129)
2024-09-10 06:20:06,121 INFO  server.RaftServer$Division (ServerState.java:setRaftConf(386)) - s2@group-5D788F7A274C: set configuration conf: {index: 131, cur=peers:[s3|0.0.0.0:15003, s4|0.0.0.0:15004, s5|0.0.0.0:15005, s6|0.0.0.0:15006, s7|0.0.0.0:15007, s8|0.0.0.0:15008, s9|0.0.0.0:15009, s11|0.0.0.0:15011, s10|0.0.0.0:15010, s13|0.0.0.0:15013, s12|0.0.0.0:15012, s14|0.0.0.0:15014, s0|0.0.0.0:15000, s1|0.0.0.0:15001, s2|0.0.0.0:15002]|listeners:[], old=null}
2024-09-10 06:20:06,122 DEBUG server.RaftServer$Division (RaftServerImpl.java:logAppendEntries(1539)) - s3@group-5D788F7A274C: appendEntries* reply s0<-s3#33:OK-t1,SUCCESS,nextIndex=131,followerCommit=129,matchIndex=130
2024-09-10 06:20:06,122 TRACE util.FileUtils (LogUtils.java:supplyAndLog(69)) - Successfully supplied FileChannel.open /home/runner/work/ratis/ratis/ratis-examples/target/test/data/f624d035/MiniRaftClusterWithGrpc4aa2bfeb/s3/746c2775-00df-41b8-9955-5d788f7a274c/current/raft-meta.conf.tmp with options [CREATE, WRITE]: sun.nio.ch.FileChannelImpl@2bb1f328
2024-09-10 06:20:06,124 DEBUG server.RaftServer$Division (RaftServerImpl.java:logAppendEntries(1539)) - s2@group-5D788F7A274C: appendEntries* reply s0<-s2#32:OK-t1,SUCCESS,nextIndex=132,followerCommit=129,matchIndex=131
2024-09-10 06:20:06,120 TRACE util.FileUtils (LogUtils.java:supplyAndLog(69)) - Successfully supplied FileChannel.open /home/runner/work/ratis/ratis/ratis-examples/target/test/data/f624d035/MiniRaftClusterWithGrpc4aa2bfeb/s6/746c2775-00df-41b8-9955-5d788f7a274c/current/raft-meta.conf.tmp with options [CREATE, WRITE]: sun.nio.ch.FileChannelImpl@62657893
2024-09-10 06:20:06,124 TRACE util.FileUtils (LogUtils.java:runAndLog(49)) - Successfully ran Atomic Files.move /home/runner/work/ratis/ratis/ratis-examples/target/test/data/f624d035/MiniRaftClusterWithGrpc4aa2bfeb/s7/746c2775-00df-41b8-9955-5d788f7a274c/current/raft-meta.conf.tmp to /home/runner/work/ratis/ratis/ratis-examples/target/test/data/f624d035/MiniRaftClusterWithGrpc4aa2bfeb/s7/746c2775-00df-41b8-9955-5d788f7a274c/current/raft-meta.conf with options [REPLACE_EXISTING]
2024-09-10 06:20:06,124 TRACE util.FileUtils (LogUtils.java:supplyAndLog(69)) - Successfully supplied FileChannel.open /home/runner/work/ratis/ratis/ratis-examples/target/test/data/f624d035/MiniRaftClusterWithGrpc4aa2bfeb/s7/746c2775-00df-41b8-9955-5d788f7a274c/current/raft-meta.conf.tmp with options [CREATE, WRITE]: sun.nio.ch.FileChannelImpl@5927e87a
2024-09-10 06:20:06,119 TRACE util.FileUtils (LogUtils.java:supplyAndLog(69)) - Successfully supplied FileChannel.open /home/runner/work/ratis/ratis/ratis-examples/target/test/data/f624d035/MiniRaftClusterWithGrpc4aa2bfeb/s1/746c2775-00df-41b8-9955-5d788f7a274c/current/raft-meta.conf.tmp with options [CREATE, WRITE]: sun.nio.ch.FileChannelImpl@51206509
2024-09-10 06:20:06,127 TRACE util.FileUtils (LogUtils.java:runAndLog(49)) - Successfully ran Atomic Files.move /home/runner/work/ratis/ratis/ratis-examples/target/test/data/f624d035/MiniRaftClusterWithGrpc4aa2bfeb/s4/746c2775-00df-41b8-9955-5d788f7a274c/current/raft-meta.conf.tmp to /home/runner/work/ratis/ratis/ratis-examples/target/test/data/f624d035/MiniRaftClusterWithGrpc4aa2bfeb/s4/746c2775-00df-41b8-9955-5d788f7a274c/current/raft-meta.conf with options [REPLACE_EXISTING]
2024-09-10 06:20:06,124 TRACE util.FileUtils (LogUtils.java:supplyAndLog(69)) - Successfully supplied FileChannel.open /home/runner/work/ratis/ratis/ratis-examples/target/test/data/f624d035/MiniRaftClusterWithGrpc4aa2bfeb/s2/746c2775-00df-41b8-9955-5d788f7a274c/current/raft-meta.conf.tmp with options [CREATE, WRITE]: sun.nio.ch.FileChannelImpl@37303d34
2024-09-10 06:20:06,127 TRACE util.FileUtils (LogUtils.java:runAndLog(49)) - Successfully ran Atomic Files.move /home/runner/work/ratis/ratis/ratis-examples/target/test/data/f624d035/MiniRaftClusterWithGrpc4aa2bfeb/s14/746c2775-00df-41b8-9955-5d788f7a274c/current/raft-meta.conf.tmp to /home/runner/work/ratis/ratis/ratis-examples/target/test/data/f624d035/MiniRaftClusterWithGrpc4aa2bfeb/s14/746c2775-00df-41b8-9955-5d788f7a274c/current/raft-meta.conf with options [REPLACE_EXISTING]
2024-09-10 06:20:06,127 TRACE util.FileUtils (LogUtils.java:runAndLog(49)) - Successfully ran Atomic Files.move /home/runner/work/ratis/ratis/ratis-examples/target/test/data/f624d035/MiniRaftClusterWithGrpc4aa2bfeb/s3/746c2775-00df-41b8-9955-5d788f7a274c/current/raft-meta.conf.tmp to /home/runner/work/ratis/ratis/ratis-examples/target/test/data/f624d035/MiniRaftClusterWithGrpc4aa2bfeb/s3/746c2775-00df-41b8-9955-5d788f7a274c/current/raft-meta.conf with options [REPLACE_EXISTING]
2024-09-10 06:20:06,127 INFO  server.RaftServer$Division (ServerState.java:setRaftConf(386)) - s4@group-5D788F7A274C: set configuration conf: {index: 129, cur=peers:[s3|0.0.0.0:15003, s4|0.0.0.0:15004, s5|0.0.0.0:15005, s6|0.0.0.0:15006, s7|0.0.0.0:15007, s8|0.0.0.0:15008, s9|0.0.0.0:15009, s11|0.0.0.0:15011, s10|0.0.0.0:15010, s13|0.0.0.0:15013, s12|0.0.0.0:15012, s14|0.0.0.0:15014, s0|0.0.0.0:15000, s1|0.0.0.0:15001, s2|0.0.0.0:15002]|listeners:[], old=peers:[s3|0.0.0.0:15003, s11|0.0.0.0:15011, s10|0.0.0.0:15010, s13|0.0.0.0:15013, s12|0.0.0.0:15012, s14|0.0.0.0:15014, s0|0.0.0.0:15000, s1|0.0.0.0:15001, s2|0.0.0.0:15002]|listeners:[]}
2024-09-10 06:20:06,127 INFO  impl.RoleInfo (RoleInfo.java:updateAndGet(148)) - s7: start s7@group-5D788F7A274C-FollowerState
2024-09-10 06:20:06,127 INFO  impl.RoleInfo (RoleInfo.java:updateAndGet(148)) - s5: start s5@group-5D788F7A274C-FollowerState
2024-09-10 06:20:06,127 INFO  impl.RoleInfo (RoleInfo.java:updateAndGet(148)) - s9: start s9@group-5D788F7A274C-FollowerState
2024-09-10 06:20:06,128 DEBUG server.RaftServer$Division (RaftServerImpl.java:logAppendEntries(1539)) - s4@group-5D788F7A274C: appendEntries* reply s0<-s4#3:OK-t1,SUCCESS,nextIndex=130,followerCommit=128,matchIndex=129
2024-09-10 06:20:06,128 DEBUG server.RaftServer$Division (RaftServerImpl.java:logAppendEntries(1539)) - s1@group-5D788F7A274C: appendEntries* s0->s1#467-t1,previous=(t:1, i:130),leaderCommit=129,initializing? false,entries: size=1, first=(t:1, i:131), CONFIGURATIONENTRY(current:id:"s3"address:"0.0.0.0:15003"clientAddress:"0.0.0.0:15003"adminAddress:"0.0.0.0:15003"startupRole:FOLLOWER, id:"s4"address:"0.0.0.0:15004"clientAddress:"0.0.0.0:15004"adminAddress:"0.0.0.0:15004"startupRole:FOLLOWER, id:"s5"address:"0.0.0.0:15005"clientAddress:"0.0.0.0:15005"adminAddress:"0.0.0.0:15005"startupRole:FOLLOWER, id:"s6"address:"0.0.0.0:15006"clientAddress:"0.0.0.0:15006"adminAddress:"0.0.0.0:15006"startupRole:FOLLOWER, id:"s7"address:"0.0.0.0:15007"clientAddress:"0.0.0.0:15007"adminAddress:"0.0.0.0:15007"startupRole:FOLLOWER, id:"s8"address:"0.0.0.0:15008"clientAddress:"0.0.0.0:15008"adminAddress:"0.0.0.0:15008"startupRole:FOLLOWER, id:"s9"address:"0.0.0.0:15009"clientAddress:"0.0.0.0:15009"adminAddress:"0.0.0.0:15009"startupRole:FOLLOWER, id:"s11"address:"0.0.0.0:15011"clientAddress:"0.0.0.0:15011"adminAddress:"0.0.0.0:15011"startupRole:FOLLOWER, id:"s10"address:"0.0.0.0:15010"clientAddress:"0.0.0.0:15010"adminAddress:"0.0.0.0:15010"startupRole:FOLLOWER, id:"s13"address:"0.0.0.0:15013"clientAddress:"0.0.0.0:15013"adminAddress:"0.0.0.0:15013"startupRole:FOLLOWER, id:"s12"address:"0.0.0.0:15012"clientAddress:"0.0.0.0:15012"adminAddress:"0.0.0.0:15012"startupRole:FOLLOWER, id:"s14"address:"0.0.0.0:15014"clientAddress:"0.0.0.0:15014"adminAddress:"0.0.0.0:15014"startupRole:FOLLOWER, id:"s0"address:"0.0.0.0:15000"clientAddress:"0.0.0.0:15000"adminAddress:"0.0.0.0:15000"startupRole:FOLLOWER, id:"s1"address:"0.0.0.0:15001"clientAddress:"0.0.0.0:15001"adminAddress:"0.0.0.0:15001"startupRole:FOLLOWER, id:"s2"address:"0.0.0.0:15002"clientAddress:"0.0.0.0:15002"adminAddress:"0.0.0.0:15002"startupRole:FOLLOWER, old:)
2024-09-10 06:20:06,128 INFO  server.RaftServer$Division (ServerState.java:setRaftConf(386)) - s1@group-5D788F7A274C: set configuration conf: {index: 131, cur=peers:[s3|0.0.0.0:15003, s4|0.0.0.0:15004, s5|0.0.0.0:15005, s6|0.0.0.0:15006, s7|0.0.0.0:15007, s8|0.0.0.0:15008, s9|0.0.0.0:15009, s11|0.0.0.0:15011, s10|0.0.0.0:15010, s13|0.0.0.0:15013, s12|0.0.0.0:15012, s14|0.0.0.0:15014, s0|0.0.0.0:15000, s1|0.0.0.0:15001, s2|0.0.0.0:15002]|listeners:[], old=null}
2024-09-10 06:20:06,129 TRACE util.FileUtils (LogUtils.java:runAndLog(49)) - Successfully ran Atomic Files.move /home/runner/work/ratis/ratis/ratis-examples/target/test/data/f624d035/MiniRaftClusterWithGrpc4aa2bfeb/s5/746c2775-00df-41b8-9955-5d788f7a274c/current/raft-meta.conf.tmp to /home/runner/work/ratis/ratis/ratis-examples/target/test/data/f624d035/MiniRaftClusterWithGrpc4aa2bfeb/s5/746c2775-00df-41b8-9955-5d788f7a274c/current/raft-meta.conf with options [REPLACE_EXISTING]
2024-09-10 06:20:06,129 TRACE util.FileUtils (LogUtils.java:supplyAndLog(69)) - Successfully supplied FileChannel.open /home/runner/work/ratis/ratis/ratis-examples/target/test/data/f624d035/MiniRaftClusterWithGrpc4aa2bfeb/s5/746c2775-00df-41b8-9955-5d788f7a274c/current/raft-meta.conf.tmp with options [CREATE, WRITE]: sun.nio.ch.FileChannelImpl@63c51075
2024-09-10 06:20:06,129 DEBUG server.RaftServer$Division (RaftServerImpl.java:logAppendEntries(1539)) - s3@group-5D788F7A274C: appendEntries* s0->s3#34-t1,previous=(t:1, i:130),leaderCommit=129,initializing? false,entries: size=1, first=(t:1, i:131), CONFIGURATIONENTRY(current:id:"s3"address:"0.0.0.0:15003"clientAddress:"0.0.0.0:15003"adminAddress:"0.0.0.0:15003"startupRole:FOLLOWER, id:"s4"address:"0.0.0.0:15004"clientAddress:"0.0.0.0:15004"adminAddress:"0.0.0.0:15004"startupRole:FOLLOWER, id:"s5"address:"0.0.0.0:15005"clientAddress:"0.0.0.0:15005"adminAddress:"0.0.0.0:15005"startupRole:FOLLOWER, id:"s6"address:"0.0.0.0:15006"clientAddress:"0.0.0.0:15006"adminAddress:"0.0.0.0:15006"startupRole:FOLLOWER, id:"s7"address:"0.0.0.0:15007"clientAddress:"0.0.0.0:15007"adminAddress:"0.0.0.0:15007"startupRole:FOLLOWER, id:"s8"address:"0.0.0.0:15008"clientAddress:"0.0.0.0:15008"adminAddress:"0.0.0.0:15008"startupRole:FOLLOWER, id:"s9"address:"0.0.0.0:15009"clientAddress:"0.0.0.0:15009"adminAddress:"0.0.0.0:15009"startupRole:FOLLOWER, id:"s11"address:"0.0.0.0:15011"clientAddress:"0.0.0.0:15011"adminAddress:"0.0.0.0:15011"startupRole:FOLLOWER, id:"s10"address:"0.0.0.0:15010"clientAddress:"0.0.0.0:15010"adminAddress:"0.0.0.0:15010"startupRole:FOLLOWER, id:"s13"address:"0.0.0.0:15013"clientAddress:"0.0.0.0:15013"adminAddress:"0.0.0.0:15013"startupRole:FOLLOWER, id:"s12"address:"0.0.0.0:15012"clientAddress:"0.0.0.0:15012"adminAddress:"0.0.0.0:15012"startupRole:FOLLOWER, id:"s14"address:"0.0.0.0:15014"clientAddress:"0.0.0.0:15014"adminAddress:"0.0.0.0:15014"startupRole:FOLLOWER, id:"s0"address:"0.0.0.0:15000"clientAddress:"0.0.0.0:15000"adminAddress:"0.0.0.0:15000"startupRole:FOLLOWER, id:"s1"address:"0.0.0.0:15001"clientAddress:"0.0.0.0:15001"adminAddress:"0.0.0.0:15001"startupRole:FOLLOWER, id:"s2"address:"0.0.0.0:15002"clientAddress:"0.0.0.0:15002"adminAddress:"0.0.0.0:15002"startupRole:FOLLOWER, old:)
2024-09-10 06:20:06,130 INFO  server.RaftServer$Division (ServerState.java:setRaftConf(386)) - s3@group-5D788F7A274C: set configuration conf: {index: 131, cur=peers:[s3|0.0.0.0:15003, s4|0.0.0.0:15004, s5|0.0.0.0:15005, s6|0.0.0.0:15006, s7|0.0.0.0:15007, s8|0.0.0.0:15008, s9|0.0.0.0:15009, s11|0.0.0.0:15011, s10|0.0.0.0:15010, s13|0.0.0.0:15013, s12|0.0.0.0:15012, s14|0.0.0.0:15014, s0|0.0.0.0:15000, s1|0.0.0.0:15001, s2|0.0.0.0:15002]|listeners:[], old=null}
2024-09-10 06:20:06,130 DEBUG server.RaftServer$Division (RaftServerImpl.java:logAppendEntries(1539)) - s1@group-5D788F7A274C: appendEntries* reply s0<-s1#467:OK-t1,SUCCESS,nextIndex=132,followerCommit=129,matchIndex=131
2024-09-10 06:20:06,131 INFO  server.RaftServer$Division (ServerState.java:setRaftConf(386)) - s7@group-5D788F7A274C: set configuration conf: {index: 129, cur=peers:[s3|0.0.0.0:15003, s4|0.0.0.0:15004, s5|0.0.0.0:15005, s6|0.0.0.0:15006, s7|0.0.0.0:15007, s8|0.0.0.0:15008, s9|0.0.0.0:15009, s11|0.0.0.0:15011, s10|0.0.0.0:15010, s13|0.0.0.0:15013, s12|0.0.0.0:15012, s14|0.0.0.0:15014, s0|0.0.0.0:15000, s1|0.0.0.0:15001, s2|0.0.0.0:15002]|listeners:[], old=peers:[s3|0.0.0.0:15003, s11|0.0.0.0:15011, s10|0.0.0.0:15010, s13|0.0.0.0:15013, s12|0.0.0.0:15012, s14|0.0.0.0:15014, s0|0.0.0.0:15000, s1|0.0.0.0:15001, s2|0.0.0.0:15002]|listeners:[]}
2024-09-10 06:20:06,131 DEBUG server.RaftServer$Division (RaftServerImpl.java:logAppendEntries(1539)) - s7@group-5D788F7A274C: appendEntries* s0->s7#17-t1,previous=(t:1, i:129),leaderCommit=129,initializing? false,entries: size=2, first=(t:1, i:130), METADATAENTRY(c:129)
2024-09-10 06:20:06,131 DEBUG server.RaftServer$Division (RaftServerImpl.java:logAppendEntries(1539)) - s13@group-5D788F7A274C: appendEntries* s0->s13#25-t1,previous=(t:1, i:128),leaderCommit=128,initializing? false,entries: size=1, first=(t:1, i:129), CONFIGURATIONENTRY(current:id:"s3"address:"0.0.0.0:15003"clientAddress:"0.0.0.0:15003"adminAddress:"0.0.0.0:15003"startupRole:FOLLOWER, id:"s4"address:"0.0.0.0:15004"clientAddress:"0.0.0.0:15004"adminAddress:"0.0.0.0:15004"startupRole:FOLLOWER, id:"s5"address:"0.0.0.0:15005"clientAddress:"0.0.0.0:15005"adminAddress:"0.0.0.0:15005"startupRole:FOLLOWER, id:"s6"address:"0.0.0.0:15006"clientAddress:"0.0.0.0:15006"adminAddress:"0.0.0.0:15006"startupRole:FOLLOWER, id:"s7"address:"0.0.0.0:15007"clientAddress:"0.0.0.0:15007"adminAddress:"0.0.0.0:15007"startupRole:FOLLOWER, id:"s8"address:"0.0.0.0:15008"clientAddress:"0.0.0.0:15008"adminAddress:"0.0.0.0:15008"startupRole:FOLLOWER, id:"s9"address:"0.0.0.0:15009"clientAddress:"0.0.0.0:15009"adminAddress:"0.0.0.0:15009"startupRole:FOLLOWER, id:"s11"address:"0.0.0.0:15011"clientAddress:"0.0.0.0:15011"adminAddress:"0.0.0.0:15011"startupRole:FOLLOWER, id:"s10"address:"0.0.0.0:15010"clientAddress:"0.0.0.0:15010"adminAddress:"0.0.0.0:15010"startupRole:FOLLOWER, id:"s13"address:"0.0.0.0:15013"clientAddress:"0.0.0.0:15013"adminAddress:"0.0.0.0:15013"startupRole:FOLLOWER, id:"s12"address:"0.0.0.0:15012"clientAddress:"0.0.0.0:15012"adminAddress:"0.0.0.0:15012"startupRole:FOLLOWER, id:"s14"address:"0.0.0.0:15014"clientAddress:"0.0.0.0:15014"adminAddress:"0.0.0.0:15014"startupRole:FOLLOWER, id:"s0"address:"0.0.0.0:15000"clientAddress:"0.0.0.0:15000"adminAddress:"0.0.0.0:15000"startupRole:FOLLOWER, id:"s1"address:"0.0.0.0:15001"clientAddress:"0.0.0.0:15001"adminAddress:"0.0.0.0:15001"startupRole:FOLLOWER, id:"s2"address:"0.0.0.0:15002"clientAddress:"0.0.0.0:15002"adminAddress:"0.0.0.0:15002"startupRole:FOLLOWER, old:id:"s3"address:"0.0.0.0:15003"clientAddress:"0.0.0.0:15003"adminAddress:"0.0.0.0:15003"startupRole:FOLLOWER, id:"s11"address:"0.0.0.0:15011"clientAddress:"0.0.0.0:15011"adminAddress:"0.0.0.0:15011"startupRole:FOLLOWER, id:"s10"address:"0.0.0.0:15010"clientAddress:"0.0.0.0:15010"adminAddress:"0.0.0.0:15010"startupRole:FOLLOWER, id:"s13"address:"0.0.0.0:15013"clientAddress:"0.0.0.0:15013"adminAddress:"0.0.0.0:15013"startupRole:FOLLOWER, id:"s12"address:"0.0.0.0:15012"clientAddress:"0.0.0.0:15012"adminAddress:"0.0.0.0:15012"startupRole:FOLLOWER, id:"s14"address:"0.0.0.0:15014"clientAddress:"0.0.0.0:15014"adminAddress:"0.0.0.0:15014"startupRole:FOLLOWER, id:"s0"address:"0.0.0.0:15000"clientAddress:"0.0.0.0:15000"adminAddress:"0.0.0.0:15000"startupRole:FOLLOWER, id:"s1"address:"0.0.0.0:15001"clientAddress:"0.0.0.0:15001"adminAddress:"0.0.0.0:15001"startupRole:FOLLOWER, id:"s2"address:"0.0.0.0:15002"clientAddress:"0.0.0.0:15002"adminAddress:"0.0.0.0:15002"startupRole:FOLLOWER)
2024-09-10 06:20:06,131 INFO  server.RaftServer$Division (ServerState.java:setRaftConf(386)) - s7@group-5D788F7A274C: set configuration conf: {index: 131, cur=peers:[s3|0.0.0.0:15003, s4|0.0.0.0:15004, s5|0.0.0.0:15005, s6|0.0.0.0:15006, s7|0.0.0.0:15007, s8|0.0.0.0:15008, s9|0.0.0.0:15009, s11|0.0.0.0:15011, s10|0.0.0.0:15010, s13|0.0.0.0:15013, s12|0.0.0.0:15012, s14|0.0.0.0:15014, s0|0.0.0.0:15000, s1|0.0.0.0:15001, s2|0.0.0.0:15002]|listeners:[], old=null}
2024-09-10 06:20:06,132 INFO  server.RaftServer$Division (ServerState.java:setRaftConf(386)) - s13@group-5D788F7A274C: set configuration conf: {index: 129, cur=peers:[s3|0.0.0.0:15003, s4|0.0.0.0:15004, s5|0.0.0.0:15005, s6|0.0.0.0:15006, s7|0.0.0.0:15007, s8|0.0.0.0:15008, s9|0.0.0.0:15009, s11|0.0.0.0:15011, s10|0.0.0.0:15010, s13|0.0.0.0:15013, s12|0.0.0.0:15012, s14|0.0.0.0:15014, s0|0.0.0.0:15000, s1|0.0.0.0:15001, s2|0.0.0.0:15002]|listeners:[], old=peers:[s3|0.0.0.0:15003, s11|0.0.0.0:15011, s10|0.0.0.0:15010, s13|0.0.0.0:15013, s12|0.0.0.0:15012, s14|0.0.0.0:15014, s0|0.0.0.0:15000, s1|0.0.0.0:15001, s2|0.0.0.0:15002]|listeners:[]}
2024-09-10 06:20:06,132 TRACE util.FileUtils (LogUtils.java:runAndLog(49)) - Successfully ran Atomic Files.move /home/runner/work/ratis/ratis/ratis-examples/target/test/data/f624d035/MiniRaftClusterWithGrpc4aa2bfeb/s7/746c2775-00df-41b8-9955-5d788f7a274c/current/raft-meta.conf.tmp to /home/runner/work/ratis/ratis/ratis-examples/target/test/data/f624d035/MiniRaftClusterWithGrpc4aa2bfeb/s7/746c2775-00df-41b8-9955-5d788f7a274c/current/raft-meta.conf with options [REPLACE_EXISTING]
2024-09-10 06:20:06,132 TRACE util.FileUtils (LogUtils.java:supplyAndLog(69)) - Successfully supplied FileChannel.open /home/runner/work/ratis/ratis/ratis-examples/target/test/data/f624d035/MiniRaftClusterWithGrpc4aa2bfeb/s7/746c2775-00df-41b8-9955-5d788f7a274c/current/raft-meta.conf.tmp with options [CREATE, WRITE]: sun.nio.ch.FileChannelImpl@27f317ea
2024-09-10 06:20:06,132 DEBUG server.RaftServer$Division (RaftServerImpl.java:logAppendEntries(1539)) - s13@group-5D788F7A274C: appendEntries* reply s0<-s13#25:OK-t1,SUCCESS,nextIndex=130,followerCommit=128,matchIndex=129
2024-09-10 06:20:06,132 DEBUG server.RaftServer$Division (RaftServerImpl.java:logAppendEntries(1539)) - s13@group-5D788F7A274C: appendEntries* s0->s13#33-t1,previous=(t:1, i:129),leaderCommit=129,initializing? false,entries: size=2, first=(t:1, i:130), METADATAENTRY(c:129)
2024-09-10 06:20:06,132 INFO  server.RaftServer$Division (ServerState.java:setRaftConf(386)) - s13@group-5D788F7A274C: set configuration conf: {index: 131, cur=peers:[s3|0.0.0.0:15003, s4|0.0.0.0:15004, s5|0.0.0.0:15005, s6|0.0.0.0:15006, s7|0.0.0.0:15007, s8|0.0.0.0:15008, s9|0.0.0.0:15009, s11|0.0.0.0:15011, s10|0.0.0.0:15010, s13|0.0.0.0:15013, s12|0.0.0.0:15012, s14|0.0.0.0:15014, s0|0.0.0.0:15000, s1|0.0.0.0:15001, s2|0.0.0.0:15002]|listeners:[], old=null}
2024-09-10 06:20:06,133 DEBUG server.RaftServer$Division (RaftServerImpl.java:logAppendEntries(1539)) - s13@group-5D788F7A274C: appendEntries* reply s0<-s13#33:OK-t1,SUCCESS,nextIndex=132,followerCommit=129,matchIndex=131
2024-09-10 06:20:06,133 TRACE util.FileUtils (LogUtils.java:supplyAndLog(69)) - Successfully supplied FileChannel.open /home/runner/work/ratis/ratis/ratis-examples/target/test/data/f624d035/MiniRaftClusterWithGrpc4aa2bfeb/s13/746c2775-00df-41b8-9955-5d788f7a274c/current/raft-meta.conf.tmp with options [CREATE, WRITE]: sun.nio.ch.FileChannelImpl@23a80585
2024-09-10 06:20:06,133 TRACE util.FileUtils (LogUtils.java:runAndLog(49)) - Successfully ran Atomic Files.move /home/runner/work/ratis/ratis/ratis-examples/target/test/data/f624d035/MiniRaftClusterWithGrpc4aa2bfeb/s5/746c2775-00df-41b8-9955-5d788f7a274c/current/raft-meta.conf.tmp to /home/runner/work/ratis/ratis/ratis-examples/target/test/data/f624d035/MiniRaftClusterWithGrpc4aa2bfeb/s5/746c2775-00df-41b8-9955-5d788f7a274c/current/raft-meta.conf with options [REPLACE_EXISTING]
2024-09-10 06:20:06,134 TRACE util.FileUtils (LogUtils.java:runAndLog(49)) - Successfully ran Atomic Files.move /home/runner/work/ratis/ratis/ratis-examples/target/test/data/f624d035/MiniRaftClusterWithGrpc4aa2bfeb/s2/746c2775-00df-41b8-9955-5d788f7a274c/current/raft-meta.conf.tmp to /home/runner/work/ratis/ratis/ratis-examples/target/test/data/f624d035/MiniRaftClusterWithGrpc4aa2bfeb/s2/746c2775-00df-41b8-9955-5d788f7a274c/current/raft-meta.conf with options [REPLACE_EXISTING]
2024-09-10 06:20:06,134 INFO  server.RaftServer$Division (ServerState.java:setRaftConf(386)) - s9@group-5D788F7A274C: set configuration conf: {index: 129, cur=peers:[s3|0.0.0.0:15003, s4|0.0.0.0:15004, s5|0.0.0.0:15005, s6|0.0.0.0:15006, s7|0.0.0.0:15007, s8|0.0.0.0:15008, s9|0.0.0.0:15009, s11|0.0.0.0:15011, s10|0.0.0.0:15010, s13|0.0.0.0:15013, s12|0.0.0.0:15012, s14|0.0.0.0:15014, s0|0.0.0.0:15000, s1|0.0.0.0:15001, s2|0.0.0.0:15002]|listeners:[], old=peers:[s3|0.0.0.0:15003, s11|0.0.0.0:15011, s10|0.0.0.0:15010, s13|0.0.0.0:15013, s12|0.0.0.0:15012, s14|0.0.0.0:15014, s0|0.0.0.0:15000, s1|0.0.0.0:15001, s2|0.0.0.0:15002]|listeners:[]}
2024-09-10 06:20:06,135 TRACE util.FileUtils (LogUtils.java:runAndLog(49)) - Successfully ran Atomic Files.move /home/runner/work/ratis/ratis/ratis-examples/target/test/data/f624d035/MiniRaftClusterWithGrpc4aa2bfeb/s1/746c2775-00df-41b8-9955-5d788f7a274c/current/raft-meta.conf.tmp to /home/runner/work/ratis/ratis/ratis-examples/target/test/data/f624d035/MiniRaftClusterWithGrpc4aa2bfeb/s1/746c2775-00df-41b8-9955-5d788f7a274c/current/raft-meta.conf with options [REPLACE_EXISTING]
2024-09-10 06:20:06,135 TRACE util.FileUtils (LogUtils.java:runAndLog(49)) - Successfully ran Atomic Files.move /home/runner/work/ratis/ratis/ratis-examples/target/test/data/f624d035/MiniRaftClusterWithGrpc4aa2bfeb/s7/746c2775-00df-41b8-9955-5d788f7a274c/current/raft-meta.conf.tmp to /home/runner/work/ratis/ratis/ratis-examples/target/test/data/f624d035/MiniRaftClusterWithGrpc4aa2bfeb/s7/746c2775-00df-41b8-9955-5d788f7a274c/current/raft-meta.conf with options [REPLACE_EXISTING]
2024-09-10 06:20:06,138 DEBUG server.RaftServer$Division (RaftServerImpl.java:logAppendEntries(1539)) - s3@group-5D788F7A274C: appendEntries* reply s0<-s3#34:OK-t1,SUCCESS,nextIndex=132,followerCommit=129,matchIndex=131
2024-09-10 06:20:06,138 TRACE util.FileUtils (LogUtils.java:runAndLog(49)) - Successfully ran Atomic Files.move /home/runner/work/ratis/ratis/ratis-examples/target/test/data/f624d035/MiniRaftClusterWithGrpc4aa2bfeb/s13/746c2775-00df-41b8-9955-5d788f7a274c/current/raft-meta.conf.tmp to /home/runner/work/ratis/ratis/ratis-examples/target/test/data/f624d035/MiniRaftClusterWithGrpc4aa2bfeb/s13/746c2775-00df-41b8-9955-5d788f7a274c/current/raft-meta.conf with options [REPLACE_EXISTING]
2024-09-10 06:20:06,139 DEBUG server.RaftServer$Division (RaftServerImpl.java:logAppendEntries(1539)) - s9@group-5D788F7A274C: appendEntries* s0->s9#15-t1,previous=(t:1, i:129),leaderCommit=129,initializing? false,entries: size=2, first=(t:1, i:130), METADATAENTRY(c:129)
2024-09-10 06:20:06,139 TRACE util.FileUtils (LogUtils.java:runAndLog(49)) - Successfully ran Atomic Files.move /home/runner/work/ratis/ratis/ratis-examples/target/test/data/f624d035/MiniRaftClusterWithGrpc4aa2bfeb/s0/746c2775-00df-41b8-9955-5d788f7a274c/current/raft-meta.conf.tmp to /home/runner/work/ratis/ratis/ratis-examples/target/test/data/f624d035/MiniRaftClusterWithGrpc4aa2bfeb/s0/746c2775-00df-41b8-9955-5d788f7a274c/current/raft-meta.conf with options [REPLACE_EXISTING]
2024-09-10 06:20:06,139 INFO  server.RaftServer$Division (ServerState.java:setRaftConf(386)) - s9@group-5D788F7A274C: set configuration conf: {index: 131, cur=peers:[s3|0.0.0.0:15003, s4|0.0.0.0:15004, s5|0.0.0.0:15005, s6|0.0.0.0:15006, s7|0.0.0.0:15007, s8|0.0.0.0:15008, s9|0.0.0.0:15009, s11|0.0.0.0:15011, s10|0.0.0.0:15010, s13|0.0.0.0:15013, s12|0.0.0.0:15012, s14|0.0.0.0:15014, s0|0.0.0.0:15000, s1|0.0.0.0:15001, s2|0.0.0.0:15002]|listeners:[], old=null}
2024-09-10 06:20:06,143 DEBUG server.RaftServer$Division (RaftServerImpl.java:logAppendEntries(1539)) - s6@group-5D788F7A274C: appendEntries* s0->s6#9-t1,previous=(t:1, i:128),leaderCommit=128,initializing? false,entries: size=1, first=(t:1, i:129), CONFIGURATIONENTRY(current:id:"s3"address:"0.0.0.0:15003"clientAddress:"0.0.0.0:15003"adminAddress:"0.0.0.0:15003"startupRole:FOLLOWER, id:"s4"address:"0.0.0.0:15004"clientAddress:"0.0.0.0:15004"adminAddress:"0.0.0.0:15004"startupRole:FOLLOWER, id:"s5"address:"0.0.0.0:15005"clientAddress:"0.0.0.0:15005"adminAddress:"0.0.0.0:15005"startupRole:FOLLOWER, id:"s6"address:"0.0.0.0:15006"clientAddress:"0.0.0.0:15006"adminAddress:"0.0.0.0:15006"startupRole:FOLLOWER, id:"s7"address:"0.0.0.0:15007"clientAddress:"0.0.0.0:15007"adminAddress:"0.0.0.0:15007"startupRole:FOLLOWER, id:"s8"address:"0.0.0.0:15008"clientAddress:"0.0.0.0:15008"adminAddress:"0.0.0.0:15008"startupRole:FOLLOWER, id:"s9"address:"0.0.0.0:15009"clientAddress:"0.0.0.0:15009"adminAddress:"0.0.0.0:15009"startupRole:FOLLOWER, id:"s11"address:"0.0.0.0:15011"clientAddress:"0.0.0.0:15011"adminAddress:"0.0.0.0:15011"startupRole:FOLLOWER, id:"s10"address:"0.0.0.0:15010"clientAddress:"0.0.0.0:15010"adminAddress:"0.0.0.0:15010"startupRole:FOLLOWER, id:"s13"address:"0.0.0.0:15013"clientAddress:"0.0.0.0:15013"adminAddress:"0.0.0.0:15013"startupRole:FOLLOWER, id:"s12"address:"0.0.0.0:15012"clientAddress:"0.0.0.0:15012"adminAddress:"0.0.0.0:15012"startupRole:FOLLOWER, id:"s14"address:"0.0.0.0:15014"clientAddress:"0.0.0.0:15014"adminAddress:"0.0.0.0:15014"startupRole:FOLLOWER, id:"s0"address:"0.0.0.0:15000"clientAddress:"0.0.0.0:15000"adminAddress:"0.0.0.0:15000"startupRole:FOLLOWER, id:"s1"address:"0.0.0.0:15001"clientAddress:"0.0.0.0:15001"adminAddress:"0.0.0.0:15001"startupRole:FOLLOWER, id:"s2"address:"0.0.0.0:15002"clientAddress:"0.0.0.0:15002"adminAddress:"0.0.0.0:15002"startupRole:FOLLOWER, old:id:"s3"address:"0.0.0.0:15003"clientAddress:"0.0.0.0:15003"adminAddress:"0.0.0.0:15003"startupRole:FOLLOWER, id:"s11"address:"0.0.0.0:15011"clientAddress:"0.0.0.0:15011"adminAddress:"0.0.0.0:15011"startupRole:FOLLOWER, id:"s10"address:"0.0.0.0:15010"clientAddress:"0.0.0.0:15010"adminAddress:"0.0.0.0:15010"startupRole:FOLLOWER, id:"s13"address:"0.0.0.0:15013"clientAddress:"0.0.0.0:15013"adminAddress:"0.0.0.0:15013"startupRole:FOLLOWER, id:"s12"address:"0.0.0.0:15012"clientAddress:"0.0.0.0:15012"adminAddress:"0.0.0.0:15012"startupRole:FOLLOWER, id:"s14"address:"0.0.0.0:15014"clientAddress:"0.0.0.0:15014"adminAddress:"0.0.0.0:15014"startupRole:FOLLOWER, id:"s0"address:"0.0.0.0:15000"clientAddress:"0.0.0.0:15000"adminAddress:"0.0.0.0:15000"startupRole:FOLLOWER, id:"s1"address:"0.0.0.0:15001"clientAddress:"0.0.0.0:15001"adminAddress:"0.0.0.0:15001"startupRole:FOLLOWER, id:"s2"address:"0.0.0.0:15002"clientAddress:"0.0.0.0:15002"adminAddress:"0.0.0.0:15002"startupRole:FOLLOWER)
2024-09-10 06:20:06,143 INFO  impl.RoleInfo (RoleInfo.java:updateAndGet(148)) - s6: start s6@group-5D788F7A274C-FollowerState
2024-09-10 06:20:06,142 TRACE util.FileUtils (LogUtils.java:runAndLog(49)) - Successfully ran Atomic Files.move /home/runner/work/ratis/ratis/ratis-examples/target/test/data/f624d035/MiniRaftClusterWithGrpc4aa2bfeb/s6/746c2775-00df-41b8-9955-5d788f7a274c/current/raft-meta.conf.tmp to /home/runner/work/ratis/ratis/ratis-examples/target/test/data/f624d035/MiniRaftClusterWithGrpc4aa2bfeb/s6/746c2775-00df-41b8-9955-5d788f7a274c/current/raft-meta.conf with options [REPLACE_EXISTING]
2024-09-10 06:20:06,143 TRACE util.FileUtils (LogUtils.java:supplyAndLog(69)) - Successfully supplied FileChannel.open /home/runner/work/ratis/ratis/ratis-examples/target/test/data/f624d035/MiniRaftClusterWithGrpc4aa2bfeb/s6/746c2775-00df-41b8-9955-5d788f7a274c/current/raft-meta.conf.tmp with options [CREATE, WRITE]: sun.nio.ch.FileChannelImpl@665af007
2024-09-10 06:20:06,143 DEBUG server.RaftServer$Division (RaftServerImpl.java:logAppendEntries(1539)) - s9@group-5D788F7A274C: appendEntries* reply s0<-s9#15:OK-t1,SUCCESS,nextIndex=132,followerCommit=129,matchIndex=131
2024-09-10 06:20:06,142 TRACE util.FileUtils (LogUtils.java:runAndLog(49)) - Successfully ran Atomic Files.move /home/runner/work/ratis/ratis/ratis-examples/target/test/data/f624d035/MiniRaftClusterWithGrpc4aa2bfeb/s11/746c2775-00df-41b8-9955-5d788f7a274c/current/raft-meta.conf.tmp to /home/runner/work/ratis/ratis/ratis-examples/target/test/data/f624d035/MiniRaftClusterWithGrpc4aa2bfeb/s11/746c2775-00df-41b8-9955-5d788f7a274c/current/raft-meta.conf with options [REPLACE_EXISTING]
2024-09-10 06:20:06,141 DEBUG server.RaftServer$Division (RaftServerImpl.java:logAppendEntries(1539)) - s12@group-5D788F7A274C: appendEntries* s0->s12#33-t1,previous=(t:1, i:129),leaderCommit=129,initializing? false,entries: size=2, first=(t:1, i:130), METADATAENTRY(c:129)
2024-09-10 06:20:06,144 INFO  server.RaftServer$Division (ServerState.java:setRaftConf(386)) - s12@group-5D788F7A274C: set configuration conf: {index: 131, cur=peers:[s3|0.0.0.0:15003, s4|0.0.0.0:15004, s5|0.0.0.0:15005, s6|0.0.0.0:15006, s7|0.0.0.0:15007, s8|0.0.0.0:15008, s9|0.0.0.0:15009, s11|0.0.0.0:15011, s10|0.0.0.0:15010, s13|0.0.0.0:15013, s12|0.0.0.0:15012, s14|0.0.0.0:15014, s0|0.0.0.0:15000, s1|0.0.0.0:15001, s2|0.0.0.0:15002]|listeners:[], old=null}
2024-09-10 06:20:06,145 INFO  server.RaftServer$Division (ServerState.java:setRaftConf(386)) - s6@group-5D788F7A274C: set configuration conf: {index: 129, cur=peers:[s3|0.0.0.0:15003, s4|0.0.0.0:15004, s5|0.0.0.0:15005, s6|0.0.0.0:15006, s7|0.0.0.0:15007, s8|0.0.0.0:15008, s9|0.0.0.0:15009, s11|0.0.0.0:15011, s10|0.0.0.0:15010, s13|0.0.0.0:15013, s12|0.0.0.0:15012, s14|0.0.0.0:15014, s0|0.0.0.0:15000, s1|0.0.0.0:15001, s2|0.0.0.0:15002]|listeners:[], old=peers:[s3|0.0.0.0:15003, s11|0.0.0.0:15011, s10|0.0.0.0:15010, s13|0.0.0.0:15013, s12|0.0.0.0:15012, s14|0.0.0.0:15014, s0|0.0.0.0:15000, s1|0.0.0.0:15001, s2|0.0.0.0:15002]|listeners:[]}
2024-09-10 06:20:06,145 INFO  server.RaftServer$Division (ServerState.java:setRaftConf(386)) - s5@group-5D788F7A274C: set configuration conf: {index: 129, cur=peers:[s3|0.0.0.0:15003, s4|0.0.0.0:15004, s5|0.0.0.0:15005, s6|0.0.0.0:15006, s7|0.0.0.0:15007, s8|0.0.0.0:15008, s9|0.0.0.0:15009, s11|0.0.0.0:15011, s10|0.0.0.0:15010, s13|0.0.0.0:15013, s12|0.0.0.0:15012, s14|0.0.0.0:15014, s0|0.0.0.0:15000, s1|0.0.0.0:15001, s2|0.0.0.0:15002]|listeners:[], old=peers:[s3|0.0.0.0:15003, s11|0.0.0.0:15011, s10|0.0.0.0:15010, s13|0.0.0.0:15013, s12|0.0.0.0:15012, s14|0.0.0.0:15014, s0|0.0.0.0:15000, s1|0.0.0.0:15001, s2|0.0.0.0:15002]|listeners:[]}
2024-09-10 06:20:06,145 DEBUG server.RaftServer$Division (RaftServerImpl.java:logAppendEntries(1539)) - s5@group-5D788F7A274C: appendEntries* reply s0<-s5#7:OK-t1,SUCCESS,nextIndex=130,followerCommit=128,matchIndex=129
2024-09-10 06:20:06,147 DEBUG server.RaftServer$Division (RaftServerImpl.java:logAppendEntries(1539)) - s1@group-5D788F7A274C: appendEntries* s0->s1#470-t1,previous=(t:1, i:131),leaderCommit=131,initializing? false,entries: size=1, first=(t:1, i:132), METADATAENTRY(c:131)
2024-09-10 06:20:06,147 DEBUG server.RaftServer$Division (RaftServerImpl.java:logAppendEntries(1539)) - s12@group-5D788F7A274C: appendEntries* s0->s12#41-t1,previous=(t:1, i:131),leaderCommit=131,initializing? false,entries: size=1, first=(t:1, i:132), METADATAENTRY(c:131)
2024-09-10 06:20:06,147 DEBUG server.RaftServer$Division (RaftServerImpl.java:logAppendEntries(1539)) - s11@group-5D788F7A274C: appendEntries* s0->s11#40-t1,previous=(t:1, i:131),leaderCommit=131,initializing? false,entries: size=1, first=(t:1, i:132), METADATAENTRY(c:131)
2024-09-10 06:20:06,147 TRACE util.FileUtils (LogUtils.java:supplyAndLog(69)) - Successfully supplied FileChannel.open /home/runner/work/ratis/ratis/ratis-examples/target/test/data/f624d035/MiniRaftClusterWithGrpc4aa2bfeb/s12/746c2775-00df-41b8-9955-5d788f7a274c/current/raft-meta.conf.tmp with options [CREATE, WRITE]: sun.nio.ch.FileChannelImpl@6e018a59
2024-09-10 06:20:06,148 DEBUG server.RaftServer$Division (RaftServerImpl.java:logAppendEntries(1539)) - s5@group-5D788F7A274C: appendEntries* s0->s5#14-t1,previous=(t:1, i:129),leaderCommit=129,initializing? false,entries: size=2, first=(t:1, i:130), METADATAENTRY(c:129)
2024-09-10 06:20:06,148 INFO  server.RaftServer$Division (ServerState.java:setRaftConf(386)) - s5@group-5D788F7A274C: set configuration conf: {index: 131, cur=peers:[s3|0.0.0.0:15003, s4|0.0.0.0:15004, s5|0.0.0.0:15005, s6|0.0.0.0:15006, s7|0.0.0.0:15007, s8|0.0.0.0:15008, s9|0.0.0.0:15009, s11|0.0.0.0:15011, s10|0.0.0.0:15010, s13|0.0.0.0:15013, s12|0.0.0.0:15012, s14|0.0.0.0:15014, s0|0.0.0.0:15000, s1|0.0.0.0:15001, s2|0.0.0.0:15002]|listeners:[], old=null}
2024-09-10 06:20:06,148 DEBUG server.RaftServer$Division (RaftServerImpl.java:logAppendEntries(1539)) - s9@group-5D788F7A274C: appendEntries* s0->s9#23-t1,previous=(t:1, i:131),leaderCommit=131,initializing? false,entries: size=1, first=(t:1, i:132), METADATAENTRY(c:131)
2024-09-10 06:20:06,148 DEBUG server.RaftServer$Division (RaftServerImpl.java:logAppendEntries(1539)) - s2@group-5D788F7A274C: appendEntries* s0->s2#40-t1,previous=(t:1, i:131),leaderCommit=131,initializing? false,entries: size=1, first=(t:1, i:132), METADATAENTRY(c:131)
2024-09-10 06:20:06,148 DEBUG server.RaftServer$Division (RaftServerImpl.java:logAppendEntries(1539)) - s9@group-5D788F7A274C: appendEntries* reply s0<-s9#23:OK-t1,SUCCESS,nextIndex=133,followerCommit=131,matchIndex=132
2024-09-10 06:20:06,149 DEBUG server.RaftServer$Division (RaftServerImpl.java:logAppendEntries(1539)) - s3@group-5D788F7A274C: appendEntries* s0->s3#40-t1,previous=(t:1, i:131),leaderCommit=131,initializing? false,entries: size=1, first=(t:1, i:132), METADATAENTRY(c:131)
2024-09-10 06:20:06,149 DEBUG server.RaftServer$Division (RaftServerImpl.java:logAppendEntries(1539)) - s5@group-5D788F7A274C: appendEntries* reply s0<-s5#14:OK-t1,SUCCESS,nextIndex=132,followerCommit=129,matchIndex=131
2024-09-10 06:20:06,149 TRACE util.FileUtils (LogUtils.java:supplyAndLog(69)) - Successfully supplied FileChannel.open /home/runner/work/ratis/ratis/ratis-examples/target/test/data/f624d035/MiniRaftClusterWithGrpc4aa2bfeb/s5/746c2775-00df-41b8-9955-5d788f7a274c/current/raft-meta.conf.tmp with options [CREATE, WRITE]: sun.nio.ch.FileChannelImpl@65c1829f
2024-09-10 06:20:06,149 DEBUG server.RaftServer$Division (RaftServerImpl.java:logAppendEntries(1539)) - s13@group-5D788F7A274C: appendEntries* s0->s13#39-t1,previous=(t:1, i:131),leaderCommit=131,initializing? false,entries: size=1, first=(t:1, i:132), METADATAENTRY(c:131)
2024-09-10 06:20:06,149 DEBUG server.RaftServer$Division (RaftServerImpl.java:logAppendEntries(1539)) - s14@group-5D788F7A274C: appendEntries* s0->s14#39-t1,previous=(t:1, i:131),leaderCommit=131,initializing? false,entries: size=1, first=(t:1, i:132), METADATAENTRY(c:131)
2024-09-10 06:20:06,150 DEBUG server.RaftServer$Division (RaftServerImpl.java:logAppendEntries(1539)) - s13@group-5D788F7A274C: appendEntries* reply s0<-s13#39:OK-t1,SUCCESS,nextIndex=133,followerCommit=131,matchIndex=132
2024-09-10 06:20:06,150 TRACE util.FileUtils (LogUtils.java:supplyAndLog(69)) - Successfully supplied FileChannel.open /home/runner/work/ratis/ratis/ratis-examples/target/test/data/f624d035/MiniRaftClusterWithGrpc4aa2bfeb/s13/746c2775-00df-41b8-9955-5d788f7a274c/current/raft-meta.conf.tmp with options [CREATE, WRITE]: sun.nio.ch.FileChannelImpl@64ba3078
2024-09-10 06:20:06,140 DEBUG server.RaftServer$Division (RaftServerImpl.java:logAppendEntries(1539)) - s9@group-5D788F7A274C: appendEntries* reply s0<-s9#1:OK-t1,SUCCESS,nextIndex=129,followerCommit=128,matchIndex=128
2024-09-10 06:20:06,151 DEBUG server.RaftServer$Division (RaftServerImpl.java:logAppendEntries(1539)) - s2@group-5D788F7A274C: appendEntries* reply s0<-s2#40:OK-t1,SUCCESS,nextIndex=133,followerCommit=131,matchIndex=132
2024-09-10 06:20:06,151 TRACE util.FileUtils (LogUtils.java:supplyAndLog(69)) - Successfully supplied FileChannel.open /home/runner/work/ratis/ratis/ratis-examples/target/test/data/f624d035/MiniRaftClusterWithGrpc4aa2bfeb/s2/746c2775-00df-41b8-9955-5d788f7a274c/current/raft-meta.conf.tmp with options [CREATE, WRITE]: sun.nio.ch.FileChannelImpl@18f0c8e
2024-09-10 06:20:06,151 DEBUG server.RaftServer$Division (RaftServerImpl.java:logAppendEntries(1539)) - s3@group-5D788F7A274C: appendEntries* reply s0<-s3#40:OK-t1,SUCCESS,nextIndex=133,followerCommit=131,matchIndex=132
2024-09-10 06:20:06,151 DEBUG server.RaftServer$Division (RaftServerImpl.java:logAppendEntries(1539)) - s1@group-5D788F7A274C: appendEntries* reply s0<-s1#470:OK-t1,SUCCESS,nextIndex=133,followerCommit=131,matchIndex=132
2024-09-10 06:20:06,151 TRACE util.FileUtils (LogUtils.java:supplyAndLog(69)) - Successfully supplied FileChannel.open /home/runner/work/ratis/ratis/ratis-examples/target/test/data/f624d035/MiniRaftClusterWithGrpc4aa2bfeb/s3/746c2775-00df-41b8-9955-5d788f7a274c/current/raft-meta.conf.tmp with options [CREATE, WRITE]: sun.nio.ch.FileChannelImpl@6bc75af8
2024-09-10 06:20:06,152 TRACE util.FileUtils (LogUtils.java:supplyAndLog(69)) - Successfully supplied FileChannel.open /home/runner/work/ratis/ratis/ratis-examples/target/test/data/f624d035/MiniRaftClusterWithGrpc4aa2bfeb/s1/746c2775-00df-41b8-9955-5d788f7a274c/current/raft-meta.conf.tmp with options [CREATE, WRITE]: sun.nio.ch.FileChannelImpl@331fd07c
2024-09-10 06:20:06,153 DEBUG server.RaftServer$Division (RaftServerImpl.java:logAppendEntries(1539)) - s12@group-5D788F7A274C: appendEntries* reply s0<-s12#33:OK-t1,SUCCESS,nextIndex=132,followerCommit=131,matchIndex=131
2024-09-10 06:20:06,153 TRACE util.FileUtils (LogUtils.java:supplyAndLog(69)) - Successfully supplied FileChannel.open /home/runner/work/ratis/ratis/ratis-examples/target/test/data/f624d035/MiniRaftClusterWithGrpc4aa2bfeb/s14/746c2775-00df-41b8-9955-5d788f7a274c/current/raft-meta.conf.tmp with options [CREATE, WRITE]: sun.nio.ch.FileChannelImpl@40f5a200
2024-09-10 06:20:06,154 DEBUG server.RaftServer$Division (RaftServerImpl.java:logAppendEntries(1539)) - s8@group-5D788F7A274C: appendEntries* s0->s8#23-t1,previous=(t:1, i:131),leaderCommit=131,initializing? false,entries: size=1, first=(t:1, i:132), METADATAENTRY(c:131)
2024-09-10 06:20:06,154 TRACE util.FileUtils (LogUtils.java:supplyAndLog(69)) - Successfully supplied FileChannel.open /home/runner/work/ratis/ratis/ratis-examples/target/test/data/f624d035/MiniRaftClusterWithGrpc4aa2bfeb/s0/746c2775-00df-41b8-9955-5d788f7a274c/current/raft-meta.conf.tmp with options [CREATE, WRITE]: sun.nio.ch.FileChannelImpl@b654d5f
2024-09-10 06:20:06,154 DEBUG server.RaftServer$Division (RaftServerImpl.java:logAppendEntries(1539)) - s6@group-5D788F7A274C: appendEntries* reply s0<-s6#9:OK-t1,SUCCESS,nextIndex=130,followerCommit=128,matchIndex=129
2024-09-10 06:20:06,154 DEBUG server.RaftServer$Division (RaftServerImpl.java:logAppendEntries(1539)) - s5@group-5D788F7A274C: appendEntries* s0->s5#21-t1,previous=(t:1, i:131),leaderCommit=131,initializing? false,entries: size=1, first=(t:1, i:132), METADATAENTRY(c:131)
2024-09-10 06:20:06,154 DEBUG server.RaftServer$Division (RaftServerImpl.java:logAppendEntries(1539)) - s8@group-5D788F7A274C: appendEntries* reply s0<-s8#23:OK-t1,SUCCESS,nextIndex=133,followerCommit=131,matchIndex=132
2024-09-10 06:20:06,155 TRACE util.FileUtils (LogUtils.java:supplyAndLog(69)) - Successfully supplied FileChannel.open /home/runner/work/ratis/ratis/ratis-examples/target/test/data/f624d035/MiniRaftClusterWithGrpc4aa2bfeb/s11/746c2775-00df-41b8-9955-5d788f7a274c/current/raft-meta.conf.tmp with options [CREATE, WRITE]: sun.nio.ch.FileChannelImpl@5e25c5d
2024-09-10 06:20:06,156 DEBUG server.RaftServer$Division (RaftServerImpl.java:logAppendEntries(1539)) - s5@group-5D788F7A274C: appendEntries* reply s0<-s5#21:OK-t1,SUCCESS,nextIndex=133,followerCommit=131,matchIndex=132
2024-09-10 06:20:06,157 DEBUG server.RaftServer$Division (RaftServerImpl.java:logAppendEntries(1539)) - s6@group-5D788F7A274C: appendEntries* s0->s6#16-t1,previous=(t:1, i:129),leaderCommit=129,initializing? false,entries: size=2, first=(t:1, i:130), METADATAENTRY(c:129)
2024-09-10 06:20:06,157 INFO  server.RaftServer$Division (ServerState.java:setRaftConf(386)) - s6@group-5D788F7A274C: set configuration conf: {index: 131, cur=peers:[s3|0.0.0.0:15003, s4|0.0.0.0:15004, s5|0.0.0.0:15005, s6|0.0.0.0:15006, s7|0.0.0.0:15007, s8|0.0.0.0:15008, s9|0.0.0.0:15009, s11|0.0.0.0:15011, s10|0.0.0.0:15010, s13|0.0.0.0:15013, s12|0.0.0.0:15012, s14|0.0.0.0:15014, s0|0.0.0.0:15000, s1|0.0.0.0:15001, s2|0.0.0.0:15002]|listeners:[], old=null}
2024-09-10 06:20:06,141 TRACE util.FileUtils (LogUtils.java:supplyAndLog(69)) - Successfully supplied FileChannel.open /home/runner/work/ratis/ratis/ratis-examples/target/test/data/f624d035/MiniRaftClusterWithGrpc4aa2bfeb/s7/746c2775-00df-41b8-9955-5d788f7a274c/current/raft-meta.conf.tmp with options [CREATE, WRITE]: sun.nio.ch.FileChannelImpl@6834f1bf
2024-09-10 06:20:06,141 DEBUG server.RaftServer$Division (RaftServerImpl.java:logAppendEntries(1539)) - s10@group-5D788F7A274C: appendEntries* s0->s10#454-t1,previous=(t:1, i:129),leaderCommit=129,initializing? false,entries: size=2, first=(t:1, i:130), METADATAENTRY(c:129)
2024-09-10 06:20:06,158 INFO  server.RaftServer$Division (ServerState.java:setRaftConf(386)) - s10@group-5D788F7A274C: set configuration conf: {index: 131, cur=peers:[s3|0.0.0.0:15003, s4|0.0.0.0:15004, s5|0.0.0.0:15005, s6|0.0.0.0:15006, s7|0.0.0.0:15007, s8|0.0.0.0:15008, s9|0.0.0.0:15009, s11|0.0.0.0:15011, s10|0.0.0.0:15010, s13|0.0.0.0:15013, s12|0.0.0.0:15012, s14|0.0.0.0:15014, s0|0.0.0.0:15000, s1|0.0.0.0:15001, s2|0.0.0.0:15002]|listeners:[], old=null}
2024-09-10 06:20:06,158 DEBUG server.RaftServer$Division (RaftServerImpl.java:logAppendEntries(1539)) - s6@group-5D788F7A274C: appendEntries* reply s0<-s6#16:OK-t1,SUCCESS,nextIndex=132,followerCommit=129,matchIndex=131
2024-09-10 06:20:06,141 DEBUG server.RaftServer$Division (RaftServerImpl.java:logAppendEntries(1539)) - s4@group-5D788F7A274C: appendEntries* s0->s4#4-t1,previous=(t:1, i:129),leaderCommit=129,initializing? false,entries: size=1, first=(t:1, i:130), METADATAENTRY(c:129)
2024-09-10 06:20:06,141 DEBUG server.RaftServer$Division (RaftServerImpl.java:logAppendEntries(1539)) - s7@group-5D788F7A274C: appendEntries* reply s0<-s7#17:OK-t1,SUCCESS,nextIndex=132,followerCommit=129,matchIndex=131
2024-09-10 06:20:06,141 DEBUG server.RaftServer$Division (RaftServerImpl.java:logAppendEntries(1539)) - s7@group-5D788F7A274C: appendEntries* reply s0<-s7#8:OK-t1,SUCCESS,nextIndex=130,followerCommit=128,matchIndex=129
2024-09-10 06:20:06,159 DEBUG server.RaftServer$Division (RaftServerImpl.java:logAppendEntries(1539)) - s4@group-5D788F7A274C: appendEntries* reply s0<-s4#4:OK-t1,SUCCESS,nextIndex=131,followerCommit=129,matchIndex=130
2024-09-10 06:20:06,140 TRACE util.FileUtils (LogUtils.java:supplyAndLog(69)) - Successfully supplied FileChannel.open /home/runner/work/ratis/ratis/ratis-examples/target/test/data/f624d035/MiniRaftClusterWithGrpc4aa2bfeb/s9/746c2775-00df-41b8-9955-5d788f7a274c/current/raft-meta.conf.tmp with options [CREATE, WRITE]: sun.nio.ch.FileChannelImpl@11c676da
2024-09-10 06:20:06,159 TRACE util.FileUtils (LogUtils.java:runAndLog(49)) - Successfully ran Atomic Files.move /home/runner/work/ratis/ratis/ratis-examples/target/test/data/f624d035/MiniRaftClusterWithGrpc4aa2bfeb/s6/746c2775-00df-41b8-9955-5d788f7a274c/current/raft-meta.conf.tmp to /home/runner/work/ratis/ratis/ratis-examples/target/test/data/f624d035/MiniRaftClusterWithGrpc4aa2bfeb/s6/746c2775-00df-41b8-9955-5d788f7a274c/current/raft-meta.conf with options [REPLACE_EXISTING]
2024-09-10 06:20:06,159 TRACE util.FileUtils (LogUtils.java:supplyAndLog(69)) - Successfully supplied FileChannel.open /home/runner/work/ratis/ratis/ratis-examples/target/test/data/f624d035/MiniRaftClusterWithGrpc4aa2bfeb/s6/746c2775-00df-41b8-9955-5d788f7a274c/current/raft-meta.conf.tmp with options [CREATE, WRITE]: sun.nio.ch.FileChannelImpl@235872a8
2024-09-10 06:20:06,158 TRACE util.FileUtils (LogUtils.java:runAndLog(49)) - Successfully ran Atomic Files.move /home/runner/work/ratis/ratis/ratis-examples/target/test/data/f624d035/MiniRaftClusterWithGrpc4aa2bfeb/s2/746c2775-00df-41b8-9955-5d788f7a274c/current/raft-meta.conf.tmp to /home/runner/work/ratis/ratis/ratis-examples/target/test/data/f624d035/MiniRaftClusterWithGrpc4aa2bfeb/s2/746c2775-00df-41b8-9955-5d788f7a274c/current/raft-meta.conf with options [REPLACE_EXISTING]
2024-09-10 06:20:06,160 DEBUG server.RaftServer$Division (RaftServerImpl.java:logAppendEntries(1539)) - s10@group-5D788F7A274C: appendEntries* s0->s10#462-t1,previous=(t:1, i:131),leaderCommit=131,initializing? false,entries: size=1, first=(t:1, i:132), METADATAENTRY(c:131)
2024-09-10 06:20:06,160 DEBUG server.RaftServer$Division (RaftServerImpl.java:logAppendEntries(1539)) - s10@group-5D788F7A274C: appendEntries* reply s0<-s10#454:OK-t1,SUCCESS,nextIndex=132,followerCommit=129,matchIndex=131
2024-09-10 06:20:06,160 TRACE util.FileUtils (LogUtils.java:supplyAndLog(69)) - Successfully supplied FileChannel.open /home/runner/work/ratis/ratis/ratis-examples/target/test/data/f624d035/MiniRaftClusterWithGrpc4aa2bfeb/s4/746c2775-00df-41b8-9955-5d788f7a274c/current/raft-meta.conf.tmp with options [CREATE, WRITE]: sun.nio.ch.FileChannelImpl@70bfbe16
2024-09-10 06:20:06,160 TRACE util.FileUtils (LogUtils.java:supplyAndLog(69)) - Successfully supplied FileChannel.open /home/runner/work/ratis/ratis/ratis-examples/target/test/data/f624d035/MiniRaftClusterWithGrpc4aa2bfeb/s10/746c2775-00df-41b8-9955-5d788f7a274c/current/raft-meta.conf.tmp with options [CREATE, WRITE]: sun.nio.ch.FileChannelImpl@230b14e6
2024-09-10 06:20:06,158 TRACE util.FileUtils (LogUtils.java:runAndLog(49)) - Successfully ran Atomic Files.move /home/runner/work/ratis/ratis/ratis-examples/target/test/data/f624d035/MiniRaftClusterWithGrpc4aa2bfeb/s13/746c2775-00df-41b8-9955-5d788f7a274c/current/raft-meta.conf.tmp to /home/runner/work/ratis/ratis/ratis-examples/target/test/data/f624d035/MiniRaftClusterWithGrpc4aa2bfeb/s13/746c2775-00df-41b8-9955-5d788f7a274c/current/raft-meta.conf with options [REPLACE_EXISTING]
2024-09-10 06:20:06,153 DEBUG server.RaftServer$Division (RaftServerImpl.java:logAppendEntries(1539)) - s14@group-5D788F7A274C: appendEntries* reply s0<-s14#39:OK-t1,SUCCESS,nextIndex=133,followerCommit=131,matchIndex=132
2024-09-10 06:20:06,151 DEBUG server.RaftServer$Division (RaftServerImpl.java:logAppendEntries(1539)) - s11@group-5D788F7A274C: appendEntries* reply s0<-s11#40:OK-t1,SUCCESS,nextIndex=133,followerCommit=131,matchIndex=132
2024-09-10 06:20:06,147 DEBUG server.RaftServer$Division (RaftServerImpl.java:logAppendEntries(1539)) - s12@group-5D788F7A274C: appendEntries* reply s0<-s12#41:OK-t1,SUCCESS,nextIndex=133,followerCommit=131,matchIndex=132
2024-09-10 06:20:06,143 TRACE util.FileUtils (LogUtils.java:runAndLog(49)) - Successfully ran Atomic Files.move /home/runner/work/ratis/ratis/ratis-examples/target/test/data/f624d035/MiniRaftClusterWithGrpc4aa2bfeb/s8/746c2775-00df-41b8-9955-5d788f7a274c/current/raft-meta.conf.tmp to /home/runner/work/ratis/ratis/ratis-examples/target/test/data/f624d035/MiniRaftClusterWithGrpc4aa2bfeb/s8/746c2775-00df-41b8-9955-5d788f7a274c/current/raft-meta.conf with options [REPLACE_EXISTING]
2024-09-10 06:20:06,162 DEBUG server.RaftServer$Division (RaftServerImpl.java:logAppendEntries(1539)) - s10@group-5D788F7A274C: appendEntries* reply s0<-s10#462:OK-t1,SUCCESS,nextIndex=133,followerCommit=131,matchIndex=132
2024-09-10 06:20:06,162 DEBUG server.RaftServer$Division (RaftServerImpl.java:logAppendEntries(1539)) - s6@group-5D788F7A274C: appendEntries* s0->s6#25-t1,previous=(t:1, i:131),leaderCommit=131,initializing? false,entries: size=1, first=(t:1, i:132), METADATAENTRY(c:131)
2024-09-10 06:20:06,162 TRACE util.FileUtils (LogUtils.java:supplyAndLog(69)) - Successfully supplied FileChannel.open /home/runner/work/ratis/ratis/ratis-examples/target/test/data/f624d035/MiniRaftClusterWithGrpc4aa2bfeb/s8/746c2775-00df-41b8-9955-5d788f7a274c/current/raft-meta.conf.tmp with options [CREATE, WRITE]: sun.nio.ch.FileChannelImpl@79bf603
2024-09-10 06:20:06,162 TRACE util.FileUtils (LogUtils.java:runAndLog(49)) - Successfully ran Atomic Files.move /home/runner/work/ratis/ratis/ratis-examples/target/test/data/f624d035/MiniRaftClusterWithGrpc4aa2bfeb/s5/746c2775-00df-41b8-9955-5d788f7a274c/current/raft-meta.conf.tmp to /home/runner/work/ratis/ratis/ratis-examples/target/test/data/f624d035/MiniRaftClusterWithGrpc4aa2bfeb/s5/746c2775-00df-41b8-9955-5d788f7a274c/current/raft-meta.conf with options [REPLACE_EXISTING]
2024-09-10 06:20:06,162 TRACE util.FileUtils (LogUtils.java:supplyAndLog(69)) - Successfully supplied FileChannel.open /home/runner/work/ratis/ratis/ratis-examples/target/test/data/f624d035/MiniRaftClusterWithGrpc4aa2bfeb/s5/746c2775-00df-41b8-9955-5d788f7a274c/current/raft-meta.conf.tmp with options [CREATE, WRITE]: sun.nio.ch.FileChannelImpl@1b31ba77
2024-09-10 06:20:06,162 TRACE util.FileUtils (LogUtils.java:runAndLog(49)) - Successfully ran Atomic Files.move /home/runner/work/ratis/ratis/ratis-examples/target/test/data/f624d035/MiniRaftClusterWithGrpc4aa2bfeb/s9/746c2775-00df-41b8-9955-5d788f7a274c/current/raft-meta.conf.tmp to /home/runner/work/ratis/ratis/ratis-examples/target/test/data/f624d035/MiniRaftClusterWithGrpc4aa2bfeb/s9/746c2775-00df-41b8-9955-5d788f7a274c/current/raft-meta.conf with options [REPLACE_EXISTING]
2024-09-10 06:20:06,164 TRACE util.FileUtils (LogUtils.java:supplyAndLog(69)) - Successfully supplied FileChannel.open /home/runner/work/ratis/ratis/ratis-examples/target/test/data/f624d035/MiniRaftClusterWithGrpc4aa2bfeb/s9/746c2775-00df-41b8-9955-5d788f7a274c/current/raft-meta.conf.tmp with options [CREATE, WRITE]: sun.nio.ch.FileChannelImpl@1f018a92
2024-09-10 06:20:06,160 DEBUG server.RaftServer$Division (RaftServerImpl.java:logAppendEntries(1539)) - s4@group-5D788F7A274C: appendEntries* s0->s4#5-t1,previous=(t:1, i:130),leaderCommit=129,initializing? false,entries: size=1, first=(t:1, i:131), CONFIGURATIONENTRY(current:id:"s3"address:"0.0.0.0:15003"clientAddress:"0.0.0.0:15003"adminAddress:"0.0.0.0:15003"startupRole:FOLLOWER, id:"s4"address:"0.0.0.0:15004"clientAddress:"0.0.0.0:15004"adminAddress:"0.0.0.0:15004"startupRole:FOLLOWER, id:"s5"address:"0.0.0.0:15005"clientAddress:"0.0.0.0:15005"adminAddress:"0.0.0.0:15005"startupRole:FOLLOWER, id:"s6"address:"0.0.0.0:15006"clientAddress:"0.0.0.0:15006"adminAddress:"0.0.0.0:15006"startupRole:FOLLOWER, id:"s7"address:"0.0.0.0:15007"clientAddress:"0.0.0.0:15007"adminAddress:"0.0.0.0:15007"startupRole:FOLLOWER, id:"s8"address:"0.0.0.0:15008"clientAddress:"0.0.0.0:15008"adminAddress:"0.0.0.0:15008"startupRole:FOLLOWER, id:"s9"address:"0.0.0.0:15009"clientAddress:"0.0.0.0:15009"adminAddress:"0.0.0.0:15009"startupRole:FOLLOWER, id:"s11"address:"0.0.0.0:15011"clientAddress:"0.0.0.0:15011"adminAddress:"0.0.0.0:15011"startupRole:FOLLOWER, id:"s10"address:"0.0.0.0:15010"clientAddress:"0.0.0.0:15010"adminAddress:"0.0.0.0:15010"startupRole:FOLLOWER, id:"s13"address:"0.0.0.0:15013"clientAddress:"0.0.0.0:15013"adminAddress:"0.0.0.0:15013"startupRole:FOLLOWER, id:"s12"address:"0.0.0.0:15012"clientAddress:"0.0.0.0:15012"adminAddress:"0.0.0.0:15012"startupRole:FOLLOWER, id:"s14"address:"0.0.0.0:15014"clientAddress:"0.0.0.0:15014"adminAddress:"0.0.0.0:15014"startupRole:FOLLOWER, id:"s0"address:"0.0.0.0:15000"clientAddress:"0.0.0.0:15000"adminAddress:"0.0.0.0:15000"startupRole:FOLLOWER, id:"s1"address:"0.0.0.0:15001"clientAddress:"0.0.0.0:15001"adminAddress:"0.0.0.0:15001"startupRole:FOLLOWER, id:"s2"address:"0.0.0.0:15002"clientAddress:"0.0.0.0:15002"adminAddress:"0.0.0.0:15002"startupRole:FOLLOWER, old:)
2024-09-10 06:20:06,165 TRACE util.FileUtils (LogUtils.java:runAndLog(49)) - Successfully ran Atomic Files.move /home/runner/work/ratis/ratis/ratis-examples/target/test/data/f624d035/MiniRaftClusterWithGrpc4aa2bfeb/s14/746c2775-00df-41b8-9955-5d788f7a274c/current/raft-meta.conf.tmp to /home/runner/work/ratis/ratis/ratis-examples/target/test/data/f624d035/MiniRaftClusterWithGrpc4aa2bfeb/s14/746c2775-00df-41b8-9955-5d788f7a274c/current/raft-meta.conf with options [REPLACE_EXISTING]
2024-09-10 06:20:06,165 INFO  server.RaftServer$Division (ServerState.java:setRaftConf(386)) - s4@group-5D788F7A274C: set configuration conf: {index: 131, cur=peers:[s3|0.0.0.0:15003, s4|0.0.0.0:15004, s5|0.0.0.0:15005, s6|0.0.0.0:15006, s7|0.0.0.0:15007, s8|0.0.0.0:15008, s9|0.0.0.0:15009, s11|0.0.0.0:15011, s10|0.0.0.0:15010, s13|0.0.0.0:15013, s12|0.0.0.0:15012, s14|0.0.0.0:15014, s0|0.0.0.0:15000, s1|0.0.0.0:15001, s2|0.0.0.0:15002]|listeners:[], old=null}
2024-09-10 06:20:06,165 TRACE util.FileUtils (LogUtils.java:runAndLog(49)) - Successfully ran Atomic Files.move /home/runner/work/ratis/ratis/ratis-examples/target/test/data/f624d035/MiniRaftClusterWithGrpc4aa2bfeb/s3/746c2775-00df-41b8-9955-5d788f7a274c/current/raft-meta.conf.tmp to /home/runner/work/ratis/ratis/ratis-examples/target/test/data/f624d035/MiniRaftClusterWithGrpc4aa2bfeb/s3/746c2775-00df-41b8-9955-5d788f7a274c/current/raft-meta.conf with options [REPLACE_EXISTING]
2024-09-10 06:20:06,165 TRACE util.FileUtils (LogUtils.java:runAndLog(49)) - Successfully ran Atomic Files.move /home/runner/work/ratis/ratis/ratis-examples/target/test/data/f624d035/MiniRaftClusterWithGrpc4aa2bfeb/s11/746c2775-00df-41b8-9955-5d788f7a274c/current/raft-meta.conf.tmp to /home/runner/work/ratis/ratis/ratis-examples/target/test/data/f624d035/MiniRaftClusterWithGrpc4aa2bfeb/s11/746c2775-00df-41b8-9955-5d788f7a274c/current/raft-meta.conf with options [REPLACE_EXISTING]
2024-09-10 06:20:06,165 DEBUG server.RaftServer$Division (RaftServerImpl.java:logAppendEntries(1539)) - s4@group-5D788F7A274C: appendEntries* s0->s4#16-t1,previous=(t:1, i:131),leaderCommit=131,initializing? false,entries: size=1, first=(t:1, i:132), METADATAENTRY(c:131)
2024-09-10 06:20:06,165 DEBUG server.RaftServer$Division (RaftServerImpl.java:logAppendEntries(1539)) - s4@group-5D788F7A274C: appendEntries* reply s0<-s4#5:OK-t1,SUCCESS,nextIndex=132,followerCommit=129,matchIndex=131
2024-09-10 06:20:06,166 TRACE util.FileUtils (LogUtils.java:runAndLog(49)) - Successfully ran Atomic Files.move /home/runner/work/ratis/ratis/ratis-examples/target/test/data/f624d035/MiniRaftClusterWithGrpc4aa2bfeb/s8/746c2775-00df-41b8-9955-5d788f7a274c/current/raft-meta.conf.tmp to /home/runner/work/ratis/ratis/ratis-examples/target/test/data/f624d035/MiniRaftClusterWithGrpc4aa2bfeb/s8/746c2775-00df-41b8-9955-5d788f7a274c/current/raft-meta.conf with options [REPLACE_EXISTING]
2024-09-10 06:20:06,166 TRACE util.FileUtils (LogUtils.java:supplyAndLog(69)) - Successfully supplied FileChannel.open /home/runner/work/ratis/ratis/ratis-examples/target/test/data/f624d035/MiniRaftClusterWithGrpc4aa2bfeb/s8/746c2775-00df-41b8-9955-5d788f7a274c/current/raft-meta.conf.tmp with options [CREATE, WRITE]: sun.nio.ch.FileChannelImpl@47e0f69f
2024-09-10 06:20:06,166 TRACE util.FileUtils (LogUtils.java:runAndLog(49)) - Successfully ran Atomic Files.move /home/runner/work/ratis/ratis/ratis-examples/target/test/data/f624d035/MiniRaftClusterWithGrpc4aa2bfeb/s5/746c2775-00df-41b8-9955-5d788f7a274c/current/raft-meta.conf.tmp to /home/runner/work/ratis/ratis/ratis-examples/target/test/data/f624d035/MiniRaftClusterWithGrpc4aa2bfeb/s5/746c2775-00df-41b8-9955-5d788f7a274c/current/raft-meta.conf with options [REPLACE_EXISTING]
2024-09-10 06:20:06,166 DEBUG server.RaftServer$Division (RaftServerImpl.java:logAppendEntries(1539)) - s4@group-5D788F7A274C: appendEntries* reply s0<-s4#16:OK-t1,SUCCESS,nextIndex=133,followerCommit=131,matchIndex=132
2024-09-10 06:20:06,167 DEBUG server.RaftServer$Division (RaftServerImpl.java:logAppendEntries(1539)) - s9@group-5D788F7A274C: appendEntries* reply s0<-s9#7:OK-t1,SUCCESS,nextIndex=130,followerCommit=131,matchIndex=129
2024-09-10 06:20:06,167 DEBUG server.RaftServer$Division (RaftServerImpl.java:logAppendEntries(1539)) - s6@group-5D788F7A274C: appendEntries* reply s0<-s6#25:OK-t1,SUCCESS,nextIndex=133,followerCommit=131,matchIndex=132
2024-09-10 06:20:06,169 TRACE util.FileUtils (LogUtils.java:runAndLog(49)) - Successfully ran Atomic Files.move /home/runner/work/ratis/ratis/ratis-examples/target/test/data/f624d035/MiniRaftClusterWithGrpc4aa2bfeb/s8/746c2775-00df-41b8-9955-5d788f7a274c/current/raft-meta.conf.tmp to /home/runner/work/ratis/ratis/ratis-examples/target/test/data/f624d035/MiniRaftClusterWithGrpc4aa2bfeb/s8/746c2775-00df-41b8-9955-5d788f7a274c/current/raft-meta.conf with options [REPLACE_EXISTING]
2024-09-10 06:20:06,169 TRACE util.FileUtils (LogUtils.java:supplyAndLog(69)) - Successfully supplied FileChannel.open /home/runner/work/ratis/ratis/ratis-examples/target/test/data/f624d035/MiniRaftClusterWithGrpc4aa2bfeb/s8/746c2775-00df-41b8-9955-5d788f7a274c/current/raft-meta.conf.tmp with options [CREATE, WRITE]: sun.nio.ch.FileChannelImpl@36569567
2024-09-10 06:20:06,174 TRACE util.FileUtils (LogUtils.java:runAndLog(49)) - Successfully ran Atomic Files.move /home/runner/work/ratis/ratis/ratis-examples/target/test/data/f624d035/MiniRaftClusterWithGrpc4aa2bfeb/s1/746c2775-00df-41b8-9955-5d788f7a274c/current/raft-meta.conf.tmp to /home/runner/work/ratis/ratis/ratis-examples/target/test/data/f624d035/MiniRaftClusterWithGrpc4aa2bfeb/s1/746c2775-00df-41b8-9955-5d788f7a274c/current/raft-meta.conf with options [REPLACE_EXISTING]
2024-09-10 06:20:06,175 TRACE util.FileUtils (LogUtils.java:runAndLog(49)) - Successfully ran Atomic Files.move /home/runner/work/ratis/ratis/ratis-examples/target/test/data/f624d035/MiniRaftClusterWithGrpc4aa2bfeb/s0/746c2775-00df-41b8-9955-5d788f7a274c/current/raft-meta.conf.tmp to /home/runner/work/ratis/ratis/ratis-examples/target/test/data/f624d035/MiniRaftClusterWithGrpc4aa2bfeb/s0/746c2775-00df-41b8-9955-5d788f7a274c/current/raft-meta.conf with options [REPLACE_EXISTING]
2024-09-10 06:20:06,175 TRACE util.FileUtils (LogUtils.java:runAndLog(49)) - Successfully ran Atomic Files.move /home/runner/work/ratis/ratis/ratis-examples/target/test/data/f624d035/MiniRaftClusterWithGrpc4aa2bfeb/s9/746c2775-00df-41b8-9955-5d788f7a274c/current/raft-meta.conf.tmp to /home/runner/work/ratis/ratis/ratis-examples/target/test/data/f624d035/MiniRaftClusterWithGrpc4aa2bfeb/s9/746c2775-00df-41b8-9955-5d788f7a274c/current/raft-meta.conf with options [REPLACE_EXISTING]
2024-09-10 06:20:06,175 TRACE util.FileUtils (LogUtils.java:supplyAndLog(69)) - Successfully supplied FileChannel.open /home/runner/work/ratis/ratis/ratis-examples/target/test/data/f624d035/MiniRaftClusterWithGrpc4aa2bfeb/s9/746c2775-00df-41b8-9955-5d788f7a274c/current/raft-meta.conf.tmp with options [CREATE, WRITE]: sun.nio.ch.FileChannelImpl@1b3e1daa
2024-09-10 06:20:06,176 TRACE util.FileUtils (LogUtils.java:runAndLog(49)) - Successfully ran Atomic Files.move /home/runner/work/ratis/ratis/ratis-examples/target/test/data/f624d035/MiniRaftClusterWithGrpc4aa2bfeb/s4/746c2775-00df-41b8-9955-5d788f7a274c/current/raft-meta.conf.tmp to /home/runner/work/ratis/ratis/ratis-examples/target/test/data/f624d035/MiniRaftClusterWithGrpc4aa2bfeb/s4/746c2775-00df-41b8-9955-5d788f7a274c/current/raft-meta.conf with options [REPLACE_EXISTING]
2024-09-10 06:20:06,176 TRACE util.FileUtils (LogUtils.java:supplyAndLog(69)) - Successfully supplied FileChannel.open /home/runner/work/ratis/ratis/ratis-examples/target/test/data/f624d035/MiniRaftClusterWithGrpc4aa2bfeb/s4/746c2775-00df-41b8-9955-5d788f7a274c/current/raft-meta.conf.tmp with options [CREATE, WRITE]: sun.nio.ch.FileChannelImpl@412b9f6e
2024-09-10 06:20:06,178 TRACE util.FileUtils (LogUtils.java:runAndLog(49)) - Successfully ran Atomic Files.move /home/runner/work/ratis/ratis/ratis-examples/target/test/data/f624d035/MiniRaftClusterWithGrpc4aa2bfeb/s10/746c2775-00df-41b8-9955-5d788f7a274c/current/raft-meta.conf.tmp to /home/runner/work/ratis/ratis/ratis-examples/target/test/data/f624d035/MiniRaftClusterWithGrpc4aa2bfeb/s10/746c2775-00df-41b8-9955-5d788f7a274c/current/raft-meta.conf with options [REPLACE_EXISTING]
2024-09-10 06:20:06,178 TRACE util.FileUtils (LogUtils.java:supplyAndLog(69)) - Successfully supplied FileChannel.open /home/runner/work/ratis/ratis/ratis-examples/target/test/data/f624d035/MiniRaftClusterWithGrpc4aa2bfeb/s10/746c2775-00df-41b8-9955-5d788f7a274c/current/raft-meta.conf.tmp with options [CREATE, WRITE]: sun.nio.ch.FileChannelImpl@793493eb
2024-09-10 06:20:06,180 DEBUG server.RaftServer$Division (RaftServerImpl.java:logAppendEntries(1539)) - s7@group-5D788F7A274C: appendEntries* s0->s7#25-t1,previous=(t:1, i:131),leaderCommit=131,initializing? false,entries: size=1, first=(t:1, i:132), METADATAENTRY(c:131)
2024-09-10 06:20:06,181 TRACE util.FileUtils (LogUtils.java:runAndLog(49)) - Successfully ran Atomic Files.move /home/runner/work/ratis/ratis/ratis-examples/target/test/data/f624d035/MiniRaftClusterWithGrpc4aa2bfeb/s6/746c2775-00df-41b8-9955-5d788f7a274c/current/raft-meta.conf.tmp to /home/runner/work/ratis/ratis/ratis-examples/target/test/data/f624d035/MiniRaftClusterWithGrpc4aa2bfeb/s6/746c2775-00df-41b8-9955-5d788f7a274c/current/raft-meta.conf with options [REPLACE_EXISTING]
2024-09-10 06:20:06,181 TRACE util.FileUtils (LogUtils.java:supplyAndLog(69)) - Successfully supplied FileChannel.open /home/runner/work/ratis/ratis/ratis-examples/target/test/data/f624d035/MiniRaftClusterWithGrpc4aa2bfeb/s6/746c2775-00df-41b8-9955-5d788f7a274c/current/raft-meta.conf.tmp with options [CREATE, WRITE]: sun.nio.ch.FileChannelImpl@5bd92c97
2024-09-10 06:20:06,182 DEBUG server.RaftServer$Division (RaftServerImpl.java:logAppendEntries(1539)) - s7@group-5D788F7A274C: appendEntries* reply s0<-s7#25:OK-t1,SUCCESS,nextIndex=133,followerCommit=131,matchIndex=132
2024-09-10 06:20:06,184 TRACE util.FileUtils (LogUtils.java:runAndLog(49)) - Successfully ran Atomic Files.move /home/runner/work/ratis/ratis/ratis-examples/target/test/data/f624d035/MiniRaftClusterWithGrpc4aa2bfeb/s9/746c2775-00df-41b8-9955-5d788f7a274c/current/raft-meta.conf.tmp to /home/runner/work/ratis/ratis/ratis-examples/target/test/data/f624d035/MiniRaftClusterWithGrpc4aa2bfeb/s9/746c2775-00df-41b8-9955-5d788f7a274c/current/raft-meta.conf with options [REPLACE_EXISTING]
2024-09-10 06:20:06,184 TRACE util.FileUtils (LogUtils.java:supplyAndLog(69)) - Successfully supplied FileChannel.open /home/runner/work/ratis/ratis/ratis-examples/target/test/data/f624d035/MiniRaftClusterWithGrpc4aa2bfeb/s9/746c2775-00df-41b8-9955-5d788f7a274c/current/raft-meta.conf.tmp with options [CREATE, WRITE]: sun.nio.ch.FileChannelImpl@5e3c80a9
2024-09-10 06:20:06,187 TRACE util.FileUtils (LogUtils.java:runAndLog(49)) - Successfully ran Atomic Files.move /home/runner/work/ratis/ratis/ratis-examples/target/test/data/f624d035/MiniRaftClusterWithGrpc4aa2bfeb/s12/746c2775-00df-41b8-9955-5d788f7a274c/current/raft-meta.conf.tmp to /home/runner/work/ratis/ratis/ratis-examples/target/test/data/f624d035/MiniRaftClusterWithGrpc4aa2bfeb/s12/746c2775-00df-41b8-9955-5d788f7a274c/current/raft-meta.conf with options [REPLACE_EXISTING]
2024-09-10 06:20:06,187 TRACE util.FileUtils (LogUtils.java:supplyAndLog(69)) - Successfully supplied FileChannel.open /home/runner/work/ratis/ratis/ratis-examples/target/test/data/f624d035/MiniRaftClusterWithGrpc4aa2bfeb/s12/746c2775-00df-41b8-9955-5d788f7a274c/current/raft-meta.conf.tmp with options [CREATE, WRITE]: sun.nio.ch.FileChannelImpl@45625c5d
2024-09-10 06:20:06,188 TRACE util.FileUtils (LogUtils.java:runAndLog(49)) - Successfully ran Atomic Files.move /home/runner/work/ratis/ratis/ratis-examples/target/test/data/f624d035/MiniRaftClusterWithGrpc4aa2bfeb/s7/746c2775-00df-41b8-9955-5d788f7a274c/current/raft-meta.conf.tmp to /home/runner/work/ratis/ratis/ratis-examples/target/test/data/f624d035/MiniRaftClusterWithGrpc4aa2bfeb/s7/746c2775-00df-41b8-9955-5d788f7a274c/current/raft-meta.conf with options [REPLACE_EXISTING]
2024-09-10 06:20:06,188 TRACE util.FileUtils (LogUtils.java:runAndLog(49)) - Successfully ran Atomic Files.move /home/runner/work/ratis/ratis/ratis-examples/target/test/data/f624d035/MiniRaftClusterWithGrpc4aa2bfeb/s8/746c2775-00df-41b8-9955-5d788f7a274c/current/raft-meta.conf.tmp to /home/runner/work/ratis/ratis/ratis-examples/target/test/data/f624d035/MiniRaftClusterWithGrpc4aa2bfeb/s8/746c2775-00df-41b8-9955-5d788f7a274c/current/raft-meta.conf with options [REPLACE_EXISTING]
2024-09-10 06:20:06,188 TRACE util.FileUtils (LogUtils.java:supplyAndLog(69)) - Successfully supplied FileChannel.open /home/runner/work/ratis/ratis/ratis-examples/target/test/data/f624d035/MiniRaftClusterWithGrpc4aa2bfeb/s8/746c2775-00df-41b8-9955-5d788f7a274c/current/raft-meta.conf.tmp with options [CREATE, WRITE]: sun.nio.ch.FileChannelImpl@3fc7cb59
2024-09-10 06:20:06,190 TRACE util.FileUtils (LogUtils.java:runAndLog(49)) - Successfully ran Atomic Files.move /home/runner/work/ratis/ratis/ratis-examples/target/test/data/f624d035/MiniRaftClusterWithGrpc4aa2bfeb/s4/746c2775-00df-41b8-9955-5d788f7a274c/current/raft-meta.conf.tmp to /home/runner/work/ratis/ratis/ratis-examples/target/test/data/f624d035/MiniRaftClusterWithGrpc4aa2bfeb/s4/746c2775-00df-41b8-9955-5d788f7a274c/current/raft-meta.conf with options [REPLACE_EXISTING]
2024-09-10 06:20:06,190 TRACE util.FileUtils (LogUtils.java:supplyAndLog(69)) - Successfully supplied FileChannel.open /home/runner/work/ratis/ratis/ratis-examples/target/test/data/f624d035/MiniRaftClusterWithGrpc4aa2bfeb/s7/746c2775-00df-41b8-9955-5d788f7a274c/current/raft-meta.conf.tmp with options [CREATE, WRITE]: sun.nio.ch.FileChannelImpl@5f0a5096
2024-09-10 06:20:06,191 TRACE util.FileUtils (LogUtils.java:runAndLog(49)) - Successfully ran Atomic Files.move /home/runner/work/ratis/ratis/ratis-examples/target/test/data/f624d035/MiniRaftClusterWithGrpc4aa2bfeb/s12/746c2775-00df-41b8-9955-5d788f7a274c/current/raft-meta.conf.tmp to /home/runner/work/ratis/ratis/ratis-examples/target/test/data/f624d035/MiniRaftClusterWithGrpc4aa2bfeb/s12/746c2775-00df-41b8-9955-5d788f7a274c/current/raft-meta.conf with options [REPLACE_EXISTING]
2024-09-10 06:20:06,193 TRACE util.FileUtils (LogUtils.java:runAndLog(49)) - Successfully ran Atomic Files.move /home/runner/work/ratis/ratis/ratis-examples/target/test/data/f624d035/MiniRaftClusterWithGrpc4aa2bfeb/s9/746c2775-00df-41b8-9955-5d788f7a274c/current/raft-meta.conf.tmp to /home/runner/work/ratis/ratis/ratis-examples/target/test/data/f624d035/MiniRaftClusterWithGrpc4aa2bfeb/s9/746c2775-00df-41b8-9955-5d788f7a274c/current/raft-meta.conf with options [REPLACE_EXISTING]
2024-09-10 06:20:06,193 TRACE util.FileUtils (LogUtils.java:supplyAndLog(69)) - Successfully supplied FileChannel.open /home/runner/work/ratis/ratis/ratis-examples/target/test/data/f624d035/MiniRaftClusterWithGrpc4aa2bfeb/s9/746c2775-00df-41b8-9955-5d788f7a274c/current/raft-meta.conf.tmp with options [CREATE, WRITE]: sun.nio.ch.FileChannelImpl@7c6e4d12
2024-09-10 06:20:06,193 TRACE util.FileUtils (LogUtils.java:runAndLog(49)) - Successfully ran Atomic Files.move /home/runner/work/ratis/ratis/ratis-examples/target/test/data/f624d035/MiniRaftClusterWithGrpc4aa2bfeb/s8/746c2775-00df-41b8-9955-5d788f7a274c/current/raft-meta.conf.tmp to /home/runner/work/ratis/ratis/ratis-examples/target/test/data/f624d035/MiniRaftClusterWithGrpc4aa2bfeb/s8/746c2775-00df-41b8-9955-5d788f7a274c/current/raft-meta.conf with options [REPLACE_EXISTING]
2024-09-10 06:20:06,195 TRACE util.FileUtils (LogUtils.java:runAndLog(49)) - Successfully ran Atomic Files.move /home/runner/work/ratis/ratis/ratis-examples/target/test/data/f624d035/MiniRaftClusterWithGrpc4aa2bfeb/s10/746c2775-00df-41b8-9955-5d788f7a274c/current/raft-meta.conf.tmp to /home/runner/work/ratis/ratis/ratis-examples/target/test/data/f624d035/MiniRaftClusterWithGrpc4aa2bfeb/s10/746c2775-00df-41b8-9955-5d788f7a274c/current/raft-meta.conf with options [REPLACE_EXISTING]
2024-09-10 06:20:06,195 TRACE util.FileUtils (LogUtils.java:runAndLog(49)) - Successfully ran Atomic Files.move /home/runner/work/ratis/ratis/ratis-examples/target/test/data/f624d035/MiniRaftClusterWithGrpc4aa2bfeb/s6/746c2775-00df-41b8-9955-5d788f7a274c/current/raft-meta.conf.tmp to /home/runner/work/ratis/ratis/ratis-examples/target/test/data/f624d035/MiniRaftClusterWithGrpc4aa2bfeb/s6/746c2775-00df-41b8-9955-5d788f7a274c/current/raft-meta.conf with options [REPLACE_EXISTING]
2024-09-10 06:20:06,195 TRACE util.FileUtils (LogUtils.java:supplyAndLog(69)) - Successfully supplied FileChannel.open /home/runner/work/ratis/ratis/ratis-examples/target/test/data/f624d035/MiniRaftClusterWithGrpc4aa2bfeb/s6/746c2775-00df-41b8-9955-5d788f7a274c/current/raft-meta.conf.tmp with options [CREATE, WRITE]: sun.nio.ch.FileChannelImpl@1231769f
2024-09-10 06:20:06,196 TRACE util.FileUtils (LogUtils.java:runAndLog(49)) - Successfully ran Atomic Files.move /home/runner/work/ratis/ratis/ratis-examples/target/test/data/f624d035/MiniRaftClusterWithGrpc4aa2bfeb/s9/746c2775-00df-41b8-9955-5d788f7a274c/current/raft-meta.conf.tmp to /home/runner/work/ratis/ratis/ratis-examples/target/test/data/f624d035/MiniRaftClusterWithGrpc4aa2bfeb/s9/746c2775-00df-41b8-9955-5d788f7a274c/current/raft-meta.conf with options [REPLACE_EXISTING]
2024-09-10 06:20:06,196 TRACE util.FileUtils (LogUtils.java:supplyAndLog(69)) - Successfully supplied FileChannel.open /home/runner/work/ratis/ratis/ratis-examples/target/test/data/f624d035/MiniRaftClusterWithGrpc4aa2bfeb/s9/746c2775-00df-41b8-9955-5d788f7a274c/current/raft-meta.conf.tmp with options [CREATE, WRITE]: sun.nio.ch.FileChannelImpl@6fa81d17
2024-09-10 06:20:06,201 INFO  server.RaftServerConfigKeys (ConfUtils.java:logGet(46)) - raft.server.rpc.timeout.max = 600ms (custom)
2024-09-10 06:20:06,202 INFO  ratis.RaftTestUtil (RaftTestUtil.java:waitForLeader(107)) - printing ALL groups
  s3:  RUNNING [
   FOLLOWER s3@group-5D788F7A274C:t1, leader=s0, voted=null, raftlog=Memoized:s3@group-5D788F7A274C-SegmentedRaftLog:OPENED:c131:last(t:1, i:132), conf=conf: {index: 131, cur=peers:[s3|0.0.0.0:15003, s4|0.0.0.0:15004, s5|0.0.0.0:15005, s6|0.0.0.0:15006, s7|0.0.0.0:15007, s8|0.0.0.0:15008, s9|0.0.0.0:15009, s11|0.0.0.0:15011, s10|0.0.0.0:15010, s13|0.0.0.0:15013, s12|0.0.0.0:15012, s14|0.0.0.0:15014, s0|0.0.0.0:15000, s1|0.0.0.0:15001, s2|0.0.0.0:15002]|listeners:[], old=null} RUNNING
   FOLLOWER s3@group-DF8C9DCF2580:t0, leader=null, voted=, raftlog=Memoized:s3@group-DF8C9DCF2580-SegmentedRaftLog:OPENED:c-1:lastnull, conf=conf: {index: -1, cur=peers:[]|listeners:[], old=null} STARTING] size=2
  s4:  RUNNING [
   FOLLOWER s4@group-5D788F7A274C:t1, leader=s0, voted=null, raftlog=Memoized:s4@group-5D788F7A274C-SegmentedRaftLog:OPENED:c131:last(t:1, i:132), conf=conf: {index: 131, cur=peers:[s3|0.0.0.0:15003, s4|0.0.0.0:15004, s5|0.0.0.0:15005, s6|0.0.0.0:15006, s7|0.0.0.0:15007, s8|0.0.0.0:15008, s9|0.0.0.0:15009, s11|0.0.0.0:15011, s10|0.0.0.0:15010, s13|0.0.0.0:15013, s12|0.0.0.0:15012, s14|0.0.0.0:15014, s0|0.0.0.0:15000, s1|0.0.0.0:15001, s2|0.0.0.0:15002]|listeners:[], old=null} RUNNING
   FOLLOWER s4@group-DF8C9DCF2580:t0, leader=null, voted=, raftlog=Memoized:s4@group-DF8C9DCF2580-SegmentedRaftLog:OPENED:c-1:lastnull, conf=conf: {index: -1, cur=peers:[]|listeners:[], old=null} STARTING] size=2
  s5:  RUNNING [
   FOLLOWER s5@group-5D788F7A274C:t1, leader=s0, voted=null, raftlog=Memoized:s5@group-5D788F7A274C-SegmentedRaftLog:OPENED:c131:last(t:1, i:132), conf=conf: {index: 131, cur=peers:[s3|0.0.0.0:15003, s4|0.0.0.0:15004, s5|0.0.0.0:15005, s6|0.0.0.0:15006, s7|0.0.0.0:15007, s8|0.0.0.0:15008, s9|0.0.0.0:15009, s11|0.0.0.0:15011, s10|0.0.0.0:15010, s13|0.0.0.0:15013, s12|0.0.0.0:15012, s14|0.0.0.0:15014, s0|0.0.0.0:15000, s1|0.0.0.0:15001, s2|0.0.0.0:15002]|listeners:[], old=null} RUNNING
   FOLLOWER s5@group-DF8C9DCF2580:t0, leader=null, voted=, raftlog=Memoized:s5@group-DF8C9DCF2580-SegmentedRaftLog:OPENED:c-1:lastnull, conf=conf: {index: -1, cur=peers:[]|listeners:[], old=null} STARTING] size=2
  s6:  RUNNING [
   FOLLOWER s6@group-5D788F7A274C:t1, leader=s0, voted=null, raftlog=Memoized:s6@group-5D788F7A274C-SegmentedRaftLog:OPENED:c131:last(t:1, i:132), conf=conf: {index: 131, cur=peers:[s3|0.0.0.0:15003, s4|0.0.0.0:15004, s5|0.0.0.0:15005, s6|0.0.0.0:15006, s7|0.0.0.0:15007, s8|0.0.0.0:15008, s9|0.0.0.0:15009, s11|0.0.0.0:15011, s10|0.0.0.0:15010, s13|0.0.0.0:15013, s12|0.0.0.0:15012, s14|0.0.0.0:15014, s0|0.0.0.0:15000, s1|0.0.0.0:15001, s2|0.0.0.0:15002]|listeners:[], old=null} RUNNING
   FOLLOWER s6@group-DF8C9DCF2580:t0, leader=null, voted=, raftlog=Memoized:s6@group-DF8C9DCF2580-SegmentedRaftLog:OPENED:c-1:lastnull, conf=conf: {index: -1, cur=peers:[]|listeners:[], old=null} STARTING] size=2
  s7:  RUNNING [
   FOLLOWER s7@group-5D788F7A274C:t1, leader=s0, voted=null, raftlog=Memoized:s7@group-5D788F7A274C-SegmentedRaftLog:OPENED:c131:last(t:1, i:132), conf=conf: {index: 131, cur=peers:[s3|0.0.0.0:15003, s4|0.0.0.0:15004, s5|0.0.0.0:15005, s6|0.0.0.0:15006, s7|0.0.0.0:15007, s8|0.0.0.0:15008, s9|0.0.0.0:15009, s11|0.0.0.0:15011, s10|0.0.0.0:15010, s13|0.0.0.0:15013, s12|0.0.0.0:15012, s14|0.0.0.0:15014, s0|0.0.0.0:15000, s1|0.0.0.0:15001, s2|0.0.0.0:15002]|listeners:[], old=null} RUNNING
   FOLLOWER s7@group-DF8C9DCF2580:t0, leader=null, voted=, raftlog=Memoized:s7@group-DF8C9DCF2580-SegmentedRaftLog:OPENED:c-1:lastnull, conf=conf: {index: -1, cur=peers:[]|listeners:[], old=null} STARTING] size=2
  s8:  RUNNING [
   FOLLOWER s8@group-5D788F7A274C:t1, leader=s0, voted=null, raftlog=Memoized:s8@group-5D788F7A274C-SegmentedRaftLog:OPENED:c131:last(t:1, i:132), conf=conf: {index: 131, cur=peers:[s3|0.0.0.0:15003, s4|0.0.0.0:15004, s5|0.0.0.0:15005, s6|0.0.0.0:15006, s7|0.0.0.0:15007, s8|0.0.0.0:15008, s9|0.0.0.0:15009, s11|0.0.0.0:15011, s10|0.0.0.0:15010, s13|0.0.0.0:15013, s12|0.0.0.0:15012, s14|0.0.0.0:15014, s0|0.0.0.0:15000, s1|0.0.0.0:15001, s2|0.0.0.0:15002]|listeners:[], old=null} RUNNING
   FOLLOWER s8@group-DF8C9DCF2580:t0, leader=null, voted=, raftlog=Memoized:s8@group-DF8C9DCF2580-SegmentedRaftLog:OPENED:c-1:lastnull, conf=conf: {index: -1, cur=peers:[]|listeners:[], old=null} STARTING] size=2
  s9:  RUNNING [
   FOLLOWER s9@group-5D788F7A274C:t1, leader=s0, voted=null, raftlog=Memoized:s9@group-5D788F7A274C-SegmentedRaftLog:OPENED:c131:last(t:1, i:132), conf=conf: {index: 131, cur=peers:[s3|0.0.0.0:15003, s4|0.0.0.0:15004, s5|0.0.0.0:15005, s6|0.0.0.0:15006, s7|0.0.0.0:15007, s8|0.0.0.0:15008, s9|0.0.0.0:15009, s11|0.0.0.0:15011, s10|0.0.0.0:15010, s13|0.0.0.0:15013, s12|0.0.0.0:15012, s14|0.0.0.0:15014, s0|0.0.0.0:15000, s1|0.0.0.0:15001, s2|0.0.0.0:15002]|listeners:[], old=null} RUNNING
   FOLLOWER s9@group-DF8C9DCF2580:t0, leader=null, voted=, raftlog=Memoized:s9@group-DF8C9DCF2580-SegmentedRaftLog:OPENED:c-1:lastnull, conf=conf: {index: -1, cur=peers:[]|listeners:[], old=null} STARTING] size=2
  s11:  RUNNING [
   FOLLOWER s11@group-5D788F7A274C:t1, leader=s0, voted=null, raftlog=Memoized:s11@group-5D788F7A274C-SegmentedRaftLog:OPENED:c131:last(t:1, i:132), conf=conf: {index: 131, cur=peers:[s3|0.0.0.0:15003, s4|0.0.0.0:15004, s5|0.0.0.0:15005, s6|0.0.0.0:15006, s7|0.0.0.0:15007, s8|0.0.0.0:15008, s9|0.0.0.0:15009, s11|0.0.0.0:15011, s10|0.0.0.0:15010, s13|0.0.0.0:15013, s12|0.0.0.0:15012, s14|0.0.0.0:15014, s0|0.0.0.0:15000, s1|0.0.0.0:15001, s2|0.0.0.0:15002]|listeners:[], old=null} RUNNING
   FOLLOWER s11@group-DF8C9DCF2580:t0, leader=null, voted=, raftlog=Memoized:s11@group-DF8C9DCF2580-SegmentedRaftLog:OPENED:c-1:lastnull, conf=conf: {index: -1, cur=peers:[]|listeners:[], old=null} STARTING] size=2
  s10:  RUNNING [
   FOLLOWER s10@group-5D788F7A274C:t1, leader=s0, voted=s0, raftlog=Memoized:s10@group-5D788F7A274C-SegmentedRaftLog:OPENED:c131:last(t:1, i:132), conf=conf: {index: 131, cur=peers:[s3|0.0.0.0:15003, s4|0.0.0.0:15004, s5|0.0.0.0:15005, s6|0.0.0.0:15006, s7|0.0.0.0:15007, s8|0.0.0.0:15008, s9|0.0.0.0:15009, s11|0.0.0.0:15011, s10|0.0.0.0:15010, s13|0.0.0.0:15013, s12|0.0.0.0:15012, s14|0.0.0.0:15014, s0|0.0.0.0:15000, s1|0.0.0.0:15001, s2|0.0.0.0:15002]|listeners:[], old=null} RUNNING
   FOLLOWER s10@group-DF8C9DCF2580:t0, leader=null, voted=, raftlog=Memoized:s10@group-DF8C9DCF2580-SegmentedRaftLog:OPENED:c-1:lastnull, conf=conf: {index: -1, cur=peers:[]|listeners:[], old=null} STARTING] size=2
  s13:  RUNNING [
   FOLLOWER s13@group-5D788F7A274C:t1, leader=s0, voted=null, raftlog=Memoized:s13@group-5D788F7A274C-SegmentedRaftLog:OPENED:c131:last(t:1, i:132), conf=conf: {index: 131, cur=peers:[s3|0.0.0.0:15003, s4|0.0.0.0:15004, s5|0.0.0.0:15005, s6|0.0.0.0:15006, s7|0.0.0.0:15007, s8|0.0.0.0:15008, s9|0.0.0.0:15009, s11|0.0.0.0:15011, s10|0.0.0.0:15010, s13|0.0.0.0:15013, s12|0.0.0.0:15012, s14|0.0.0.0:15014, s0|0.0.0.0:15000, s1|0.0.0.0:15001, s2|0.0.0.0:15002]|listeners:[], old=null} RUNNING
   FOLLOWER s13@group-DF8C9DCF2580:t0, leader=null, voted=, raftlog=Memoized:s13@group-DF8C9DCF2580-SegmentedRaftLog:OPENED:c-1:lastnull, conf=conf: {index: -1, cur=peers:[]|listeners:[], old=null} STARTING] size=2
  s12:  RUNNING [
   FOLLOWER s12@group-5D788F7A274C:t1, leader=s0, voted=null, raftlog=Memoized:s12@group-5D788F7A274C-SegmentedRaftLog:OPENED:c131:last(t:1, i:132), conf=conf: {index: 131, cur=peers:[s3|0.0.0.0:15003, s4|0.0.0.0:15004, s5|0.0.0.0:15005, s6|0.0.0.0:15006, s7|0.0.0.0:15007, s8|0.0.0.0:15008, s9|0.0.0.0:15009, s11|0.0.0.0:15011, s10|0.0.0.0:15010, s13|0.0.0.0:15013, s12|0.0.0.0:15012, s14|0.0.0.0:15014, s0|0.0.0.0:15000, s1|0.0.0.0:15001, s2|0.0.0.0:15002]|listeners:[], old=null} RUNNING
   FOLLOWER s12@group-DF8C9DCF2580:t0, leader=null, voted=, raftlog=Memoized:s12@group-DF8C9DCF2580-SegmentedRaftLog:OPENED:c-1:lastnull, conf=conf: {index: -1, cur=peers:[]|listeners:[], old=null} STARTING] size=2
  s14:  RUNNING [
   FOLLOWER s14@group-5D788F7A274C:t1, leader=s0, voted=null, raftlog=Memoized:s14@group-5D788F7A274C-SegmentedRaftLog:OPENED:c131:last(t:1, i:132), conf=conf: {index: 131, cur=peers:[s3|0.0.0.0:15003, s4|0.0.0.0:15004, s5|0.0.0.0:15005, s6|0.0.0.0:15006, s7|0.0.0.0:15007, s8|0.0.0.0:15008, s9|0.0.0.0:15009, s11|0.0.0.0:15011, s10|0.0.0.0:15010, s13|0.0.0.0:15013, s12|0.0.0.0:15012, s14|0.0.0.0:15014, s0|0.0.0.0:15000, s1|0.0.0.0:15001, s2|0.0.0.0:15002]|listeners:[], old=null} RUNNING
   FOLLOWER s14@group-DF8C9DCF2580:t0, leader=null, voted=, raftlog=Memoized:s14@group-DF8C9DCF2580-SegmentedRaftLog:OPENED:c-1:lastnull, conf=conf: {index: -1, cur=peers:[]|listeners:[], old=null} STARTING] size=2
  s0:  RUNNING [
     LEADER s0@group-5D788F7A274C:t1, leader=s0, voted=s0, raftlog=Memoized:s0@group-5D788F7A274C-SegmentedRaftLog:OPENED:c132:last(t:1, i:132), conf=conf: {index: 131, cur=peers:[s3|0.0.0.0:15003, s4|0.0.0.0:15004, s5|0.0.0.0:15005, s6|0.0.0.0:15006, s7|0.0.0.0:15007, s8|0.0.0.0:15008, s9|0.0.0.0:15009, s11|0.0.0.0:15011, s10|0.0.0.0:15010, s13|0.0.0.0:15013, s12|0.0.0.0:15012, s14|0.0.0.0:15014, s0|0.0.0.0:15000, s1|0.0.0.0:15001, s2|0.0.0.0:15002]|listeners:[], old=null} RUNNING
   FOLLOWER s0@group-DF8C9DCF2580:t0, leader=null, voted=, raftlog=Memoized:s0@group-DF8C9DCF2580-SegmentedRaftLog:OPENED:c-1:lastnull, conf=conf: {index: -1, cur=peers:[]|listeners:[], old=null} STARTING] size=2
  s1:  RUNNING [
   FOLLOWER s1@group-5D788F7A274C:t1, leader=s0, voted=s1, raftlog=Memoized:s1@group-5D788F7A274C-SegmentedRaftLog:OPENED:c131:last(t:1, i:132), conf=conf: {index: 131, cur=peers:[s3|0.0.0.0:15003, s4|0.0.0.0:15004, s5|0.0.0.0:15005, s6|0.0.0.0:15006, s7|0.0.0.0:15007, s8|0.0.0.0:15008, s9|0.0.0.0:15009, s11|0.0.0.0:15011, s10|0.0.0.0:15010, s13|0.0.0.0:15013, s12|0.0.0.0:15012, s14|0.0.0.0:15014, s0|0.0.0.0:15000, s1|0.0.0.0:15001, s2|0.0.0.0:15002]|listeners:[], old=null} RUNNING
   FOLLOWER s1@group-DF8C9DCF2580:t0, leader=null, voted=, raftlog=Memoized:s1@group-DF8C9DCF2580-SegmentedRaftLog:OPENED:c-1:lastnull, conf=conf: {index: -1, cur=peers:[]|listeners:[], old=null} STARTING] size=2
  s2:  RUNNING [
   FOLLOWER s2@group-5D788F7A274C:t1, leader=s0, voted=null, raftlog=Memoized:s2@group-5D788F7A274C-SegmentedRaftLog:OPENED:c131:last(t:1, i:132), conf=conf: {index: 131, cur=peers:[s3|0.0.0.0:15003, s4|0.0.0.0:15004, s5|0.0.0.0:15005, s6|0.0.0.0:15006, s7|0.0.0.0:15007, s8|0.0.0.0:15008, s9|0.0.0.0:15009, s11|0.0.0.0:15011, s10|0.0.0.0:15010, s13|0.0.0.0:15013, s12|0.0.0.0:15012, s14|0.0.0.0:15014, s0|0.0.0.0:15000, s1|0.0.0.0:15001, s2|0.0.0.0:15002]|listeners:[], old=null} RUNNING
   FOLLOWER s2@group-DF8C9DCF2580:t0, leader=null, voted=, raftlog=Memoized:s2@group-DF8C9DCF2580-SegmentedRaftLog:OPENED:c-1:lastnull, conf=conf: {index: -1, cur=peers:[]|listeners:[], old=null} STARTING] size=2
2024-09-10 06:20:06,203 INFO  ratis.RaftTestUtil (RaftTestUtil.java:waitForLeader(131)) - printing ALL groups
  s3:  RUNNING [
   FOLLOWER s3@group-5D788F7A274C:t1, leader=s0, voted=null, raftlog=Memoized:s3@group-5D788F7A274C-SegmentedRaftLog:OPENED:c131:last(t:1, i:132), conf=conf: {index: 131, cur=peers:[s3|0.0.0.0:15003, s4|0.0.0.0:15004, s5|0.0.0.0:15005, s6|0.0.0.0:15006, s7|0.0.0.0:15007, s8|0.0.0.0:15008, s9|0.0.0.0:15009, s11|0.0.0.0:15011, s10|0.0.0.0:15010, s13|0.0.0.0:15013, s12|0.0.0.0:15012, s14|0.0.0.0:15014, s0|0.0.0.0:15000, s1|0.0.0.0:15001, s2|0.0.0.0:15002]|listeners:[], old=null} RUNNING
   FOLLOWER s3@group-DF8C9DCF2580:t0, leader=null, voted=, raftlog=Memoized:s3@group-DF8C9DCF2580-SegmentedRaftLog:OPENED:c-1:lastnull, conf=conf: {index: -1, cur=peers:[]|listeners:[], old=null} STARTING] size=2
  s4:  RUNNING [
   FOLLOWER s4@group-5D788F7A274C:t1, leader=s0, voted=null, raftlog=Memoized:s4@group-5D788F7A274C-SegmentedRaftLog:OPENED:c131:last(t:1, i:132), conf=conf: {index: 131, cur=peers:[s3|0.0.0.0:15003, s4|0.0.0.0:15004, s5|0.0.0.0:15005, s6|0.0.0.0:15006, s7|0.0.0.0:15007, s8|0.0.0.0:15008, s9|0.0.0.0:15009, s11|0.0.0.0:15011, s10|0.0.0.0:15010, s13|0.0.0.0:15013, s12|0.0.0.0:15012, s14|0.0.0.0:15014, s0|0.0.0.0:15000, s1|0.0.0.0:15001, s2|0.0.0.0:15002]|listeners:[], old=null} RUNNING
   FOLLOWER s4@group-DF8C9DCF2580:t0, leader=null, voted=, raftlog=Memoized:s4@group-DF8C9DCF2580-SegmentedRaftLog:OPENED:c-1:lastnull, conf=conf: {index: -1, cur=peers:[]|listeners:[], old=null} STARTING] size=2
  s5:  RUNNING [
   FOLLOWER s5@group-5D788F7A274C:t1, leader=s0, voted=null, raftlog=Memoized:s5@group-5D788F7A274C-SegmentedRaftLog:OPENED:c131:last(t:1, i:132), conf=conf: {index: 131, cur=peers:[s3|0.0.0.0:15003, s4|0.0.0.0:15004, s5|0.0.0.0:15005, s6|0.0.0.0:15006, s7|0.0.0.0:15007, s8|0.0.0.0:15008, s9|0.0.0.0:15009, s11|0.0.0.0:15011, s10|0.0.0.0:15010, s13|0.0.0.0:15013, s12|0.0.0.0:15012, s14|0.0.0.0:15014, s0|0.0.0.0:15000, s1|0.0.0.0:15001, s2|0.0.0.0:15002]|listeners:[], old=null} RUNNING
   FOLLOWER s5@group-DF8C9DCF2580:t0, leader=null, voted=, raftlog=Memoized:s5@group-DF8C9DCF2580-SegmentedRaftLog:OPENED:c-1:lastnull, conf=conf: {index: -1, cur=peers:[]|listeners:[], old=null} STARTING] size=2
  s6:  RUNNING [
   FOLLOWER s6@group-5D788F7A274C:t1, leader=s0, voted=null, raftlog=Memoized:s6@group-5D788F7A274C-SegmentedRaftLog:OPENED:c131:last(t:1, i:132), conf=conf: {index: 131, cur=peers:[s3|0.0.0.0:15003, s4|0.0.0.0:15004, s5|0.0.0.0:15005, s6|0.0.0.0:15006, s7|0.0.0.0:15007, s8|0.0.0.0:15008, s9|0.0.0.0:15009, s11|0.0.0.0:15011, s10|0.0.0.0:15010, s13|0.0.0.0:15013, s12|0.0.0.0:15012, s14|0.0.0.0:15014, s0|0.0.0.0:15000, s1|0.0.0.0:15001, s2|0.0.0.0:15002]|listeners:[], old=null} RUNNING
   FOLLOWER s6@group-DF8C9DCF2580:t0, leader=null, voted=, raftlog=Memoized:s6@group-DF8C9DCF2580-SegmentedRaftLog:OPENED:c-1:lastnull, conf=conf: {index: -1, cur=peers:[]|listeners:[], old=null} STARTING] size=2
  s7:  RUNNING [
   FOLLOWER s7@group-5D788F7A274C:t1, leader=s0, voted=null, raftlog=Memoized:s7@group-5D788F7A274C-SegmentedRaftLog:OPENED:c131:last(t:1, i:132), conf=conf: {index: 131, cur=peers:[s3|0.0.0.0:15003, s4|0.0.0.0:15004, s5|0.0.0.0:15005, s6|0.0.0.0:15006, s7|0.0.0.0:15007, s8|0.0.0.0:15008, s9|0.0.0.0:15009, s11|0.0.0.0:15011, s10|0.0.0.0:15010, s13|0.0.0.0:15013, s12|0.0.0.0:15012, s14|0.0.0.0:15014, s0|0.0.0.0:15000, s1|0.0.0.0:15001, s2|0.0.0.0:15002]|listeners:[], old=null} RUNNING
   FOLLOWER s7@group-DF8C9DCF2580:t0, leader=null, voted=, raftlog=Memoized:s7@group-DF8C9DCF2580-SegmentedRaftLog:OPENED:c-1:lastnull, conf=conf: {index: -1, cur=peers:[]|listeners:[], old=null} STARTING] size=2
  s8:  RUNNING [
   FOLLOWER s8@group-5D788F7A274C:t1, leader=s0, voted=null, raftlog=Memoized:s8@group-5D788F7A274C-SegmentedRaftLog:OPENED:c131:last(t:1, i:132), conf=conf: {index: 131, cur=peers:[s3|0.0.0.0:15003, s4|0.0.0.0:15004, s5|0.0.0.0:15005, s6|0.0.0.0:15006, s7|0.0.0.0:15007, s8|0.0.0.0:15008, s9|0.0.0.0:15009, s11|0.0.0.0:15011, s10|0.0.0.0:15010, s13|0.0.0.0:15013, s12|0.0.0.0:15012, s14|0.0.0.0:15014, s0|0.0.0.0:15000, s1|0.0.0.0:15001, s2|0.0.0.0:15002]|listeners:[], old=null} RUNNING
   FOLLOWER s8@group-DF8C9DCF2580:t0, leader=null, voted=, raftlog=Memoized:s8@group-DF8C9DCF2580-SegmentedRaftLog:OPENED:c-1:lastnull, conf=conf: {index: -1, cur=peers:[]|listeners:[], old=null} STARTING] size=2
  s9:  RUNNING [
   FOLLOWER s9@group-5D788F7A274C:t1, leader=s0, voted=null, raftlog=Memoized:s9@group-5D788F7A274C-SegmentedRaftLog:OPENED:c131:last(t:1, i:132), conf=conf: {index: 131, cur=peers:[s3|0.0.0.0:15003, s4|0.0.0.0:15004, s5|0.0.0.0:15005, s6|0.0.0.0:15006, s7|0.0.0.0:15007, s8|0.0.0.0:15008, s9|0.0.0.0:15009, s11|0.0.0.0:15011, s10|0.0.0.0:15010, s13|0.0.0.0:15013, s12|0.0.0.0:15012, s14|0.0.0.0:15014, s0|0.0.0.0:15000, s1|0.0.0.0:15001, s2|0.0.0.0:15002]|listeners:[], old=null} RUNNING
   FOLLOWER s9@group-DF8C9DCF2580:t0, leader=null, voted=, raftlog=Memoized:s9@group-DF8C9DCF2580-SegmentedRaftLog:OPENED:c-1:lastnull, conf=conf: {index: -1, cur=peers:[]|listeners:[], old=null} STARTING] size=2
  s11:  RUNNING [
   FOLLOWER s11@group-5D788F7A274C:t1, leader=s0, voted=null, raftlog=Memoized:s11@group-5D788F7A274C-SegmentedRaftLog:OPENED:c131:last(t:1, i:132), conf=conf: {index: 131, cur=peers:[s3|0.0.0.0:15003, s4|0.0.0.0:15004, s5|0.0.0.0:15005, s6|0.0.0.0:15006, s7|0.0.0.0:15007, s8|0.0.0.0:15008, s9|0.0.0.0:15009, s11|0.0.0.0:15011, s10|0.0.0.0:15010, s13|0.0.0.0:15013, s12|0.0.0.0:15012, s14|0.0.0.0:15014, s0|0.0.0.0:15000, s1|0.0.0.0:15001, s2|0.0.0.0:15002]|listeners:[], old=null} RUNNING
   FOLLOWER s11@group-DF8C9DCF2580:t0, leader=null, voted=, raftlog=Memoized:s11@group-DF8C9DCF2580-SegmentedRaftLog:OPENED:c-1:lastnull, conf=conf: {index: -1, cur=peers:[]|listeners:[], old=null} STARTING] size=2
  s10:  RUNNING [
   FOLLOWER s10@group-5D788F7A274C:t1, leader=s0, voted=s0, raftlog=Memoized:s10@group-5D788F7A274C-SegmentedRaftLog:OPENED:c131:last(t:1, i:132), conf=conf: {index: 131, cur=peers:[s3|0.0.0.0:15003, s4|0.0.0.0:15004, s5|0.0.0.0:15005, s6|0.0.0.0:15006, s7|0.0.0.0:15007, s8|0.0.0.0:15008, s9|0.0.0.0:15009, s11|0.0.0.0:15011, s10|0.0.0.0:15010, s13|0.0.0.0:15013, s12|0.0.0.0:15012, s14|0.0.0.0:15014, s0|0.0.0.0:15000, s1|0.0.0.0:15001, s2|0.0.0.0:15002]|listeners:[], old=null} RUNNING
   FOLLOWER s10@group-DF8C9DCF2580:t0, leader=null, voted=, raftlog=Memoized:s10@group-DF8C9DCF2580-SegmentedRaftLog:OPENED:c-1:lastnull, conf=conf: {index: -1, cur=peers:[]|listeners:[], old=null} STARTING] size=2
  s13:  RUNNING [
   FOLLOWER s13@group-5D788F7A274C:t1, leader=s0, voted=null, raftlog=Memoized:s13@group-5D788F7A274C-SegmentedRaftLog:OPENED:c131:last(t:1, i:132), conf=conf: {index: 131, cur=peers:[s3|0.0.0.0:15003, s4|0.0.0.0:15004, s5|0.0.0.0:15005, s6|0.0.0.0:15006, s7|0.0.0.0:15007, s8|0.0.0.0:15008, s9|0.0.0.0:15009, s11|0.0.0.0:15011, s10|0.0.0.0:15010, s13|0.0.0.0:15013, s12|0.0.0.0:15012, s14|0.0.0.0:15014, s0|0.0.0.0:15000, s1|0.0.0.0:15001, s2|0.0.0.0:15002]|listeners:[], old=null} RUNNING
   FOLLOWER s13@group-DF8C9DCF2580:t0, leader=null, voted=, raftlog=Memoized:s13@group-DF8C9DCF2580-SegmentedRaftLog:OPENED:c-1:lastnull, conf=conf: {index: -1, cur=peers:[]|listeners:[], old=null} STARTING] size=2
  s12:  RUNNING [
   FOLLOWER s12@group-5D788F7A274C:t1, leader=s0, voted=null, raftlog=Memoized:s12@group-5D788F7A274C-SegmentedRaftLog:OPENED:c131:last(t:1, i:132), conf=conf: {index: 131, cur=peers:[s3|0.0.0.0:15003, s4|0.0.0.0:15004, s5|0.0.0.0:15005, s6|0.0.0.0:15006, s7|0.0.0.0:15007, s8|0.0.0.0:15008, s9|0.0.0.0:15009, s11|0.0.0.0:15011, s10|0.0.0.0:15010, s13|0.0.0.0:15013, s12|0.0.0.0:15012, s14|0.0.0.0:15014, s0|0.0.0.0:15000, s1|0.0.0.0:15001, s2|0.0.0.0:15002]|listeners:[], old=null} RUNNING
   FOLLOWER s12@group-DF8C9DCF2580:t0, leader=null, voted=, raftlog=Memoized:s12@group-DF8C9DCF2580-SegmentedRaftLog:OPENED:c-1:lastnull, conf=conf: {index: -1, cur=peers:[]|listeners:[], old=null} STARTING] size=2
  s14:  RUNNING [
   FOLLOWER s14@group-5D788F7A274C:t1, leader=s0, voted=null, raftlog=Memoized:s14@group-5D788F7A274C-SegmentedRaftLog:OPENED:c131:last(t:1, i:132), conf=conf: {index: 131, cur=peers:[s3|0.0.0.0:15003, s4|0.0.0.0:15004, s5|0.0.0.0:15005, s6|0.0.0.0:15006, s7|0.0.0.0:15007, s8|0.0.0.0:15008, s9|0.0.0.0:15009, s11|0.0.0.0:15011, s10|0.0.0.0:15010, s13|0.0.0.0:15013, s12|0.0.0.0:15012, s14|0.0.0.0:15014, s0|0.0.0.0:15000, s1|0.0.0.0:15001, s2|0.0.0.0:15002]|listeners:[], old=null} RUNNING
   FOLLOWER s14@group-DF8C9DCF2580:t0, leader=null, voted=, raftlog=Memoized:s14@group-DF8C9DCF2580-SegmentedRaftLog:OPENED:c-1:lastnull, conf=conf: {index: -1, cur=peers:[]|listeners:[], old=null} STARTING] size=2
  s0:  RUNNING [
     LEADER s0@group-5D788F7A274C:t1, leader=s0, voted=s0, raftlog=Memoized:s0@group-5D788F7A274C-SegmentedRaftLog:OPENED:c132:last(t:1, i:132), conf=conf: {index: 131, cur=peers:[s3|0.0.0.0:15003, s4|0.0.0.0:15004, s5|0.0.0.0:15005, s6|0.0.0.0:15006, s7|0.0.0.0:15007, s8|0.0.0.0:15008, s9|0.0.0.0:15009, s11|0.0.0.0:15011, s10|0.0.0.0:15010, s13|0.0.0.0:15013, s12|0.0.0.0:15012, s14|0.0.0.0:15014, s0|0.0.0.0:15000, s1|0.0.0.0:15001, s2|0.0.0.0:15002]|listeners:[], old=null} RUNNING
   FOLLOWER s0@group-DF8C9DCF2580:t0, leader=null, voted=, raftlog=Memoized:s0@group-DF8C9DCF2580-SegmentedRaftLog:OPENED:c-1:lastnull, conf=conf: {index: -1, cur=peers:[]|listeners:[], old=null} STARTING] size=2
  s1:  RUNNING [
   FOLLOWER s1@group-5D788F7A274C:t1, leader=s0, voted=s1, raftlog=Memoized:s1@group-5D788F7A274C-SegmentedRaftLog:OPENED:c131:last(t:1, i:132), conf=conf: {index: 131, cur=peers:[s3|0.0.0.0:15003, s4|0.0.0.0:15004, s5|0.0.0.0:15005, s6|0.0.0.0:15006, s7|0.0.0.0:15007, s8|0.0.0.0:15008, s9|0.0.0.0:15009, s11|0.0.0.0:15011, s10|0.0.0.0:15010, s13|0.0.0.0:15013, s12|0.0.0.0:15012, s14|0.0.0.0:15014, s0|0.0.0.0:15000, s1|0.0.0.0:15001, s2|0.0.0.0:15002]|listeners:[], old=null} RUNNING
   FOLLOWER s1@group-DF8C9DCF2580:t0, leader=null, voted=, raftlog=Memoized:s1@group-DF8C9DCF2580-SegmentedRaftLog:OPENED:c-1:lastnull, conf=conf: {index: -1, cur=peers:[]|listeners:[], old=null} STARTING] size=2
  s2:  RUNNING [
   FOLLOWER s2@group-5D788F7A274C:t1, leader=s0, voted=null, raftlog=Memoized:s2@group-5D788F7A274C-SegmentedRaftLog:OPENED:c131:last(t:1, i:132), conf=conf: {index: 131, cur=peers:[s3|0.0.0.0:15003, s4|0.0.0.0:15004, s5|0.0.0.0:15005, s6|0.0.0.0:15006, s7|0.0.0.0:15007, s8|0.0.0.0:15008, s9|0.0.0.0:15009, s11|0.0.0.0:15011, s10|0.0.0.0:15010, s13|0.0.0.0:15013, s12|0.0.0.0:15012, s14|0.0.0.0:15014, s0|0.0.0.0:15000, s1|0.0.0.0:15001, s2|0.0.0.0:15002]|listeners:[], old=null} RUNNING
   FOLLOWER s2@group-DF8C9DCF2580:t0, leader=null, voted=, raftlog=Memoized:s2@group-DF8C9DCF2580-SegmentedRaftLog:OPENED:c-1:lastnull, conf=conf: {index: -1, cur=peers:[]|listeners:[], old=null} STARTING] size=2
2024-09-10 06:20:06,204 TRACE util.FileUtils (LogUtils.java:runAndLog(49)) - Successfully ran Atomic Files.move /home/runner/work/ratis/ratis/ratis-examples/target/test/data/f624d035/MiniRaftClusterWithGrpc4aa2bfeb/s7/746c2775-00df-41b8-9955-5d788f7a274c/current/raft-meta.conf.tmp to /home/runner/work/ratis/ratis/ratis-examples/target/test/data/f624d035/MiniRaftClusterWithGrpc4aa2bfeb/s7/746c2775-00df-41b8-9955-5d788f7a274c/current/raft-meta.conf with options [REPLACE_EXISTING]
2024-09-10 06:20:06,205 TRACE util.FileUtils (LogUtils.java:runAndLog(49)) - Successfully ran Atomic Files.move /home/runner/work/ratis/ratis/ratis-examples/target/test/data/f624d035/MiniRaftClusterWithGrpc4aa2bfeb/s9/746c2775-00df-41b8-9955-5d788f7a274c/current/raft-meta.conf.tmp to /home/runner/work/ratis/ratis/ratis-examples/target/test/data/f624d035/MiniRaftClusterWithGrpc4aa2bfeb/s9/746c2775-00df-41b8-9955-5d788f7a274c/current/raft-meta.conf with options [REPLACE_EXISTING]
2024-09-10 06:20:06,205 TRACE util.FileUtils (LogUtils.java:supplyAndLog(69)) - Successfully supplied FileChannel.open /home/runner/work/ratis/ratis/ratis-examples/target/test/data/f624d035/MiniRaftClusterWithGrpc4aa2bfeb/s9/746c2775-00df-41b8-9955-5d788f7a274c/current/raft-meta.conf.tmp with options [CREATE, WRITE]: sun.nio.ch.FileChannelImpl@4108e05
2024-09-10 06:20:06,204 TRACE util.FileUtils (LogUtils.java:runAndLog(49)) - Successfully ran Atomic Files.move /home/runner/work/ratis/ratis/ratis-examples/target/test/data/f624d035/MiniRaftClusterWithGrpc4aa2bfeb/s6/746c2775-00df-41b8-9955-5d788f7a274c/current/raft-meta.conf.tmp to /home/runner/work/ratis/ratis/ratis-examples/target/test/data/f624d035/MiniRaftClusterWithGrpc4aa2bfeb/s6/746c2775-00df-41b8-9955-5d788f7a274c/current/raft-meta.conf with options [REPLACE_EXISTING]
2024-09-10 06:20:06,207 TRACE util.FileUtils (LogUtils.java:supplyAndLog(69)) - Successfully supplied FileChannel.open /home/runner/work/ratis/ratis/ratis-examples/target/test/data/f624d035/MiniRaftClusterWithGrpc4aa2bfeb/s6/746c2775-00df-41b8-9955-5d788f7a274c/current/raft-meta.conf.tmp with options [CREATE, WRITE]: sun.nio.ch.FileChannelImpl@235a7616
2024-09-10 06:20:06,211 DEBUG server.RaftServer$Division (RaftServerImpl.java:submitClientRequestAsync(910)) - s0@group-5D788F7A274C: receive client request(RaftClientRequest:client-04EF324C57E0->s0@group-5D788F7A274C, cid=4497, seq=null, RW, Message:010161024059c0000000...(size=12))
2024-09-10 06:20:06,211 DEBUG server.RaftServer$Division (LeaderStateImpl.java:addPendingRequest(532)) - s0@group-5D788F7A274C-LeaderStateImpl: addPendingRequest at RaftClientRequest:client-04EF324C57E0->s0@group-5D788F7A274C, cid=4497, seq=null, RW, Message:010161024059c0000000...(size=12), entry=(t:1, i:133), STATEMACHINELOGENTRY, WRITE: logData.size=12, stateMachineData.size=0, logEntryProtoSerializedSize=0
2024-09-10 06:20:06,211 TRACE util.FileUtils (LogUtils.java:runAndLog(49)) - Successfully ran Atomic Files.move /home/runner/work/ratis/ratis/ratis-examples/target/test/data/f624d035/MiniRaftClusterWithGrpc4aa2bfeb/s6/746c2775-00df-41b8-9955-5d788f7a274c/current/raft-meta.conf.tmp to /home/runner/work/ratis/ratis/ratis-examples/target/test/data/f624d035/MiniRaftClusterWithGrpc4aa2bfeb/s6/746c2775-00df-41b8-9955-5d788f7a274c/current/raft-meta.conf with options [REPLACE_EXISTING]
2024-09-10 06:20:06,212 TRACE util.FileUtils (LogUtils.java:runAndLog(49)) - Successfully ran Atomic Files.move /home/runner/work/ratis/ratis/ratis-examples/target/test/data/f624d035/MiniRaftClusterWithGrpc4aa2bfeb/s9/746c2775-00df-41b8-9955-5d788f7a274c/current/raft-meta.conf.tmp to /home/runner/work/ratis/ratis/ratis-examples/target/test/data/f624d035/MiniRaftClusterWithGrpc4aa2bfeb/s9/746c2775-00df-41b8-9955-5d788f7a274c/current/raft-meta.conf with options [REPLACE_EXISTING]
2024-09-10 06:20:06,212 DEBUG server.RaftServer$Division (RaftServerImpl.java:logAppendEntries(1539)) - s11@group-5D788F7A274C: appendEntries* s0->s11#63-t1,previous=(t:1, i:132),leaderCommit=132,initializing? false,entries: size=1, first=(t:1, i:133), STATEMACHINELOGENTRY, StateMachineLogEntryProto:4497@client-04EF324C57E0
2024-09-10 06:20:06,213 DEBUG server.RaftServer$Division (RaftServerImpl.java:logAppendEntries(1539)) - s11@group-5D788F7A274C: appendEntries* reply s0<-s11#63:OK-t1,SUCCESS,nextIndex=134,followerCommit=132,matchIndex=133
2024-09-10 06:20:06,213 DEBUG server.RaftServer$Division (RaftServerImpl.java:logAppendEntries(1539)) - s8@group-5D788F7A274C: appendEntries* s0->s8#31-t1,previous=(t:1, i:132),leaderCommit=132,initializing? false,entries: size=1, first=(t:1, i:133), STATEMACHINELOGENTRY, StateMachineLogEntryProto:4497@client-04EF324C57E0
2024-09-10 06:20:06,213 DEBUG server.RaftServer$Division (RaftServerImpl.java:logAppendEntries(1539)) - s4@group-5D788F7A274C: appendEntries* s0->s4#40-t1,previous=(t:1, i:132),leaderCommit=132,initializing? false,entries: size=1, first=(t:1, i:133), STATEMACHINELOGENTRY, StateMachineLogEntryProto:4497@client-04EF324C57E0
2024-09-10 06:20:06,213 DEBUG server.RaftServer$Division (RaftServerImpl.java:logAppendEntries(1539)) - s8@group-5D788F7A274C: appendEntries* reply s0<-s8#31:OK-t1,SUCCESS,nextIndex=134,followerCommit=132,matchIndex=133
2024-09-10 06:20:06,213 DEBUG server.RaftServer$Division (RaftServerImpl.java:logAppendEntries(1539)) - s3@group-5D788F7A274C: appendEntries* s0->s3#53-t1,previous=(t:1, i:132),leaderCommit=132,initializing? false,entries: size=1, first=(t:1, i:133), STATEMACHINELOGENTRY, StateMachineLogEntryProto:4497@client-04EF324C57E0
2024-09-10 06:20:06,213 DEBUG server.RaftServer$Division (RaftServerImpl.java:logAppendEntries(1539)) - s4@group-5D788F7A274C: appendEntries* reply s0<-s4#40:OK-t1,SUCCESS,nextIndex=134,followerCommit=132,matchIndex=133
2024-09-10 06:20:06,213 DEBUG server.RaftServer$Division (RaftServerImpl.java:logAppendEntries(1539)) - s9@group-5D788F7A274C: appendEntries* s0->s9#42-t1,previous=(t:1, i:132),leaderCommit=132,initializing? false,entries: size=1, first=(t:1, i:133), STATEMACHINELOGENTRY, StateMachineLogEntryProto:4497@client-04EF324C57E0
2024-09-10 06:20:06,214 DEBUG server.RaftServer$Division (RaftServerImpl.java:logAppendEntries(1539)) - s3@group-5D788F7A274C: appendEntries* reply s0<-s3#53:OK-t1,SUCCESS,nextIndex=134,followerCommit=132,matchIndex=133
2024-09-10 06:20:06,214 DEBUG server.RaftServer$Division (RaftServerImpl.java:logAppendEntries(1539)) - s2@group-5D788F7A274C: appendEntries* s0->s2#48-t1,previous=(t:1, i:132),leaderCommit=132,initializing? false,entries: size=1, first=(t:1, i:133), STATEMACHINELOGENTRY, StateMachineLogEntryProto:4497@client-04EF324C57E0
2024-09-10 06:20:06,214 DEBUG server.RaftServer$Division (RaftServerImpl.java:logAppendEntries(1539)) - s14@group-5D788F7A274C: appendEntries* s0->s14#58-t1,previous=(t:1, i:132),leaderCommit=132,initializing? false,entries: size=1, first=(t:1, i:133), STATEMACHINELOGENTRY, StateMachineLogEntryProto:4497@client-04EF324C57E0
2024-09-10 06:20:06,214 DEBUG server.RaftServer$Division (RaftServerImpl.java:logAppendEntries(1539)) - s9@group-5D788F7A274C: appendEntries* reply s0<-s9#42:OK-t1,SUCCESS,nextIndex=134,followerCommit=132,matchIndex=133
2024-09-10 06:20:06,214 DEBUG server.RaftServer$Division (RaftServerImpl.java:logAppendEntries(1539)) - s1@group-5D788F7A274C: appendEntries* s0->s1#487-t1,previous=(t:1, i:132),leaderCommit=132,initializing? false,entries: size=1, first=(t:1, i:133), STATEMACHINELOGENTRY, StateMachineLogEntryProto:4497@client-04EF324C57E0
2024-09-10 06:20:06,214 DEBUG server.RaftServer$Division (RaftServerImpl.java:logAppendEntries(1539)) - s14@group-5D788F7A274C: appendEntries* reply s0<-s14#58:OK-t1,SUCCESS,nextIndex=134,followerCommit=132,matchIndex=133
2024-09-10 06:20:06,214 DEBUG server.RaftServer$Division (RaftServerImpl.java:logAppendEntries(1539)) - s2@group-5D788F7A274C: appendEntries* reply s0<-s2#48:OK-t1,SUCCESS,nextIndex=134,followerCommit=132,matchIndex=133
2024-09-10 06:20:06,215 DEBUG server.RaftServer$Division (RaftServerImpl.java:logAppendEntries(1539)) - s1@group-5D788F7A274C: appendEntries* reply s0<-s1#487:OK-t1,SUCCESS,nextIndex=134,followerCommit=132,matchIndex=133
2024-09-10 06:20:06,215 DEBUG server.RaftServer$Division (RaftServerImpl.java:logAppendEntries(1539)) - s12@group-5D788F7A274C: appendEntries* s0->s12#53-t1,previous=(t:1, i:132),leaderCommit=132,initializing? false,entries: size=1, first=(t:1, i:133), STATEMACHINELOGENTRY, StateMachineLogEntryProto:4497@client-04EF324C57E0
2024-09-10 06:20:06,215 DEBUG server.RaftServer$Division (RaftServerImpl.java:logAppendEntries(1539)) - s12@group-5D788F7A274C: appendEntries* reply s0<-s12#53:OK-t1,SUCCESS,nextIndex=134,followerCommit=132,matchIndex=133
2024-09-10 06:20:06,215 DEBUG server.RaftServer$Division (RaftServerImpl.java:logAppendEntries(1539)) - s10@group-5D788F7A274C: appendEntries* s0->s10#478-t1,previous=(t:1, i:132),leaderCommit=132,initializing? false,entries: size=1, first=(t:1, i:133), STATEMACHINELOGENTRY, StateMachineLogEntryProto:4497@client-04EF324C57E0
2024-09-10 06:20:06,216 DEBUG server.RaftServer$Division (RaftServerImpl.java:logAppendEntries(1539)) - s6@group-5D788F7A274C: appendEntries* s0->s6#43-t1,previous=(t:1, i:132),leaderCommit=132,initializing? false,entries: size=1, first=(t:1, i:133), STATEMACHINELOGENTRY, StateMachineLogEntryProto:4497@client-04EF324C57E0
2024-09-10 06:20:06,216 INFO  statemachine.StateMachine (ArithmeticStateMachine.java:applyTransaction(181)) - LEADER:s0-133: a = 103 = 103
2024-09-10 06:20:06,216 DEBUG server.RaftServer$Division (RaftServerImpl.java:logAppendEntries(1539)) - s6@group-5D788F7A274C: appendEntries* reply s0<-s6#43:OK-t1,SUCCESS,nextIndex=134,followerCommit=132,matchIndex=133
2024-09-10 06:20:06,216 DEBUG server.RaftServer$Division (RaftServerImpl.java:logAppendEntries(1539)) - s10@group-5D788F7A274C: appendEntries* reply s0<-s10#478:OK-t1,SUCCESS,nextIndex=134,followerCommit=132,matchIndex=133
2024-09-10 06:20:06,217 DEBUG server.RaftServer$Division (RaftServerImpl.java:logAppendEntries(1539)) - s14@group-5D788F7A274C: appendEntries* s0->s14#59-t1,previous=(t:1, i:133),leaderCommit=133,initializing? false,entries: size=1, first=(t:1, i:134), METADATAENTRY(c:133)
2024-09-10 06:20:06,217 DEBUG server.RaftServer$Division (RaftServerImpl.java:logAppendEntries(1539)) - s5@group-5D788F7A274C: appendEntries* s0->s5#33-t1,previous=(t:1, i:132),leaderCommit=132,initializing? false,entries: size=1, first=(t:1, i:133), STATEMACHINELOGENTRY, StateMachineLogEntryProto:4497@client-04EF324C57E0
2024-09-10 06:20:06,217 DEBUG server.RaftServer$Division (RaftServerImpl.java:logAppendEntries(1539)) - s7@group-5D788F7A274C: appendEntries* s0->s7#48-t1,previous=(t:1, i:132),leaderCommit=132,initializing? false,entries: size=1, first=(t:1, i:133), STATEMACHINELOGENTRY, StateMachineLogEntryProto:4497@client-04EF324C57E0
2024-09-10 06:20:06,217 DEBUG server.RaftServer$Division (RaftServerImpl.java:logAppendEntries(1539)) - s5@group-5D788F7A274C: appendEntries* reply s0<-s5#33:OK-t1,SUCCESS,nextIndex=134,followerCommit=132,matchIndex=133
2024-09-10 06:20:06,218 DEBUG server.RaftServer$Division (RaftServerImpl.java:logAppendEntries(1539)) - s13@group-5D788F7A274C: appendEntries* s0->s13#47-t1,previous=(t:1, i:132),leaderCommit=132,initializing? false,entries: size=1, first=(t:1, i:133), STATEMACHINELOGENTRY, StateMachineLogEntryProto:4497@client-04EF324C57E0
2024-09-10 06:20:06,217 DEBUG server.RaftServer$Division (RaftServerImpl.java:logAppendEntries(1539)) - s14@group-5D788F7A274C: appendEntries* reply s0<-s14#59:OK-t1,SUCCESS,nextIndex=135,followerCommit=133,matchIndex=134
2024-09-10 06:20:06,218 DEBUG server.RaftServer$Division (RaftServerImpl.java:logAppendEntries(1539)) - s7@group-5D788F7A274C: appendEntries* reply s0<-s7#48:OK-t1,SUCCESS,nextIndex=134,followerCommit=132,matchIndex=133
2024-09-10 06:20:06,218 DEBUG server.RaftServer$Division (RaftServerImpl.java:logAppendEntries(1539)) - s6@group-5D788F7A274C: appendEntries* s0->s6#46-t1,previous=(t:1, i:133),leaderCommit=133,initializing? false,entries: size=1, first=(t:1, i:134), METADATAENTRY(c:133)
2024-09-10 06:20:06,218 DEBUG server.RaftServer$Division (RaftServerImpl.java:logAppendEntries(1539)) - s13@group-5D788F7A274C: appendEntries* reply s0<-s13#47:OK-t1,SUCCESS,nextIndex=134,followerCommit=132,matchIndex=133
2024-09-10 06:20:06,218 DEBUG server.RaftServer$Division (RaftServerImpl.java:logAppendEntries(1539)) - s6@group-5D788F7A274C: appendEntries* reply s0<-s6#46:OK-t1,SUCCESS,nextIndex=135,followerCommit=133,matchIndex=134
2024-09-10 06:20:06,219 DEBUG server.RaftServer$Division (RaftServerImpl.java:logAppendEntries(1539)) - s1@group-5D788F7A274C: appendEntries* s0->s1#489-t1,previous=(t:1, i:133),leaderCommit=133,initializing? false,entries: size=1, first=(t:1, i:134), METADATAENTRY(c:133)
2024-09-10 06:20:06,219 DEBUG server.RaftServer$Division (RaftServerImpl.java:logAppendEntries(1539)) - s4@group-5D788F7A274C: appendEntries* s0->s4#41-t1,previous=(t:1, i:133),leaderCommit=133,initializing? false,entries: size=1, first=(t:1, i:134), METADATAENTRY(c:133)
2024-09-10 06:20:06,219 DEBUG server.RaftServer$Division (RaftServerImpl.java:logAppendEntries(1539)) - s1@group-5D788F7A274C: appendEntries* reply s0<-s1#489:OK-t1,SUCCESS,nextIndex=135,followerCommit=133,matchIndex=134
2024-09-10 06:20:06,219 DEBUG server.RaftServer$Division (RaftServerImpl.java:logAppendEntries(1539)) - s10@group-5D788F7A274C: appendEntries* s0->s10#481-t1,previous=(t:1, i:133),leaderCommit=133,initializing? false,entries: size=1, first=(t:1, i:134), METADATAENTRY(c:133)
2024-09-10 06:20:06,219 DEBUG server.RaftServer$Division (RaftServerImpl.java:logAppendEntries(1539)) - s12@group-5D788F7A274C: appendEntries* s0->s12#56-t1,previous=(t:1, i:133),leaderCommit=133,initializing? false,entries: size=1, first=(t:1, i:134), METADATAENTRY(c:133)
2024-09-10 06:20:06,220 DEBUG server.RaftServer$Division (RaftServerImpl.java:logAppendEntries(1539)) - s4@group-5D788F7A274C: appendEntries* reply s0<-s4#41:OK-t1,SUCCESS,nextIndex=135,followerCommit=133,matchIndex=134
2024-09-10 06:20:06,220 DEBUG server.RaftServer$Division (RaftServerImpl.java:logAppendEntries(1539)) - s12@group-5D788F7A274C: appendEntries* reply s0<-s12#56:OK-t1,SUCCESS,nextIndex=135,followerCommit=133,matchIndex=134
2024-09-10 06:20:06,220 DEBUG server.RaftServer$Division (RaftServerImpl.java:logAppendEntries(1539)) - s11@group-5D788F7A274C: appendEntries* s0->s11#67-t1,previous=(t:1, i:133),leaderCommit=133,initializing? false,entries: size=1, first=(t:1, i:134), METADATAENTRY(c:133)
2024-09-10 06:20:06,220 DEBUG server.RaftServer$Division (RaftServerImpl.java:logAppendEntries(1539)) - s10@group-5D788F7A274C: appendEntries* reply s0<-s10#481:OK-t1,SUCCESS,nextIndex=135,followerCommit=133,matchIndex=134
2024-09-10 06:20:06,220 DEBUG server.RaftServer$Division (RaftServerImpl.java:logAppendEntries(1539)) - s3@group-5D788F7A274C: appendEntries* s0->s3#54-t1,previous=(t:1, i:133),leaderCommit=133,initializing? false,entries: size=1, first=(t:1, i:134), METADATAENTRY(c:133)
2024-09-10 06:20:06,220 DEBUG server.RaftServer$Division (RaftServerImpl.java:logAppendEntries(1539)) - s11@group-5D788F7A274C: appendEntries* reply s0<-s11#67:OK-t1,SUCCESS,nextIndex=135,followerCommit=133,matchIndex=134
2024-09-10 06:20:06,221 DEBUG server.RaftServer$Division (RaftServerImpl.java:logAppendEntries(1539)) - s3@group-5D788F7A274C: appendEntries* reply s0<-s3#54:OK-t1,SUCCESS,nextIndex=135,followerCommit=133,matchIndex=134
2024-09-10 06:20:06,221 DEBUG server.RaftServer$Division (RaftServerImpl.java:logAppendEntries(1539)) - s2@group-5D788F7A274C: appendEntries* s0->s2#51-t1,previous=(t:1, i:133),leaderCommit=133,initializing? false,entries: size=1, first=(t:1, i:134), METADATAENTRY(c:133)
2024-09-10 06:20:06,221 DEBUG server.RaftServer$Division (RaftServerImpl.java:logAppendEntries(1539)) - s2@group-5D788F7A274C: appendEntries* reply s0<-s2#51:OK-t1,SUCCESS,nextIndex=135,followerCommit=133,matchIndex=134
2024-09-10 06:20:06,221 DEBUG server.RaftServer$Division (RaftServerImpl.java:logAppendEntries(1539)) - s9@group-5D788F7A274C: appendEntries* s0->s9#44-t1,previous=(t:1, i:133),leaderCommit=133,initializing? false,entries: size=1, first=(t:1, i:134), METADATAENTRY(c:133)
2024-09-10 06:20:06,222 DEBUG server.RaftServer$Division (RaftServerImpl.java:logAppendEntries(1539)) - s8@group-5D788F7A274C: appendEntries* s0->s8#34-t1,previous=(t:1, i:133),leaderCommit=133,initializing? false,entries: size=1, first=(t:1, i:134), METADATAENTRY(c:133)
2024-09-10 06:20:06,222 DEBUG server.RaftServer$Division (RaftServerImpl.java:logAppendEntries(1539)) - s8@group-5D788F7A274C: appendEntries* reply s0<-s8#34:OK-t1,SUCCESS,nextIndex=135,followerCommit=133,matchIndex=134
2024-09-10 06:20:06,222 DEBUG server.RaftServer$Division (RaftServerImpl.java:logAppendEntries(1539)) - s9@group-5D788F7A274C: appendEntries* reply s0<-s9#44:OK-t1,SUCCESS,nextIndex=135,followerCommit=133,matchIndex=134
2024-09-10 06:20:06,222 DEBUG server.RaftServer$Division (RaftServerImpl.java:logAppendEntries(1539)) - s13@group-5D788F7A274C: appendEntries* s0->s13#50-t1,previous=(t:1, i:133),leaderCommit=133,initializing? false,entries: size=1, first=(t:1, i:134), METADATAENTRY(c:133)
2024-09-10 06:20:06,223 DEBUG server.RaftServer$Division (RaftServerImpl.java:logAppendEntries(1539)) - s13@group-5D788F7A274C: appendEntries* reply s0<-s13#50:OK-t1,SUCCESS,nextIndex=135,followerCommit=133,matchIndex=134
2024-09-10 06:20:06,223 DEBUG server.RaftServer$Division (RaftServerImpl.java:logAppendEntries(1539)) - s7@group-5D788F7A274C: appendEntries* s0->s7#51-t1,previous=(t:1, i:133),leaderCommit=133,initializing? false,entries: size=1, first=(t:1, i:134), METADATAENTRY(c:133)
2024-09-10 06:20:06,223 DEBUG server.RaftServer$Division (RaftServerImpl.java:logAppendEntries(1539)) - s5@group-5D788F7A274C: appendEntries* s0->s5#36-t1,previous=(t:1, i:133),leaderCommit=133,initializing? false,entries: size=1, first=(t:1, i:134), METADATAENTRY(c:133)
2024-09-10 06:20:06,223 DEBUG server.RaftServer$Division (RaftServerImpl.java:logAppendEntries(1539)) - s7@group-5D788F7A274C: appendEntries* reply s0<-s7#51:OK-t1,SUCCESS,nextIndex=135,followerCommit=133,matchIndex=134
2024-09-10 06:20:06,224 DEBUG server.RaftServer$Division (RaftServerImpl.java:logAppendEntries(1539)) - s5@group-5D788F7A274C: appendEntries* reply s0<-s5#36:OK-t1,SUCCESS,nextIndex=135,followerCommit=133,matchIndex=134
2024-09-10 06:20:06,228 DEBUG server.RaftServer$Division (RaftServerImpl.java:submitClientRequestAsync(910)) - s0@group-5D788F7A274C: receive client request(RaftClientRequest:client-04EF324C57E0->s0@group-5D788F7A274C, cid=4498, seq=null, RW, Message:0101620240b4b8000000...(size=12))
2024-09-10 06:20:06,229 DEBUG server.RaftServer$Division (LeaderStateImpl.java:addPendingRequest(532)) - s0@group-5D788F7A274C-LeaderStateImpl: addPendingRequest at RaftClientRequest:client-04EF324C57E0->s0@group-5D788F7A274C, cid=4498, seq=null, RW, Message:0101620240b4b8000000...(size=12), entry=(t:1, i:135), STATEMACHINELOGENTRY, WRITE: logData.size=12, stateMachineData.size=0, logEntryProtoSerializedSize=0
2024-09-10 06:20:06,229 DEBUG server.RaftServer$Division (RaftServerImpl.java:logAppendEntries(1539)) - s1@group-5D788F7A274C: appendEntries* s0->s1#500-t1,previous=(t:1, i:134),leaderCommit=134,initializing? false,entries: size=1, first=(t:1, i:135), STATEMACHINELOGENTRY, StateMachineLogEntryProto:4498@client-04EF324C57E0
2024-09-10 06:20:06,230 DEBUG server.RaftServer$Division (RaftServerImpl.java:logAppendEntries(1539)) - s12@group-5D788F7A274C: appendEntries* s0->s12#78-t1,previous=(t:1, i:134),leaderCommit=134,initializing? false,entries: size=1, first=(t:1, i:135), STATEMACHINELOGENTRY, StateMachineLogEntryProto:4498@client-04EF324C57E0
2024-09-10 06:20:06,230 DEBUG server.RaftServer$Division (RaftServerImpl.java:logAppendEntries(1539)) - s3@group-5D788F7A274C: appendEntries* s0->s3#72-t1,previous=(t:1, i:134),leaderCommit=134,initializing? false,entries: size=1, first=(t:1, i:135), STATEMACHINELOGENTRY, StateMachineLogEntryProto:4498@client-04EF324C57E0
2024-09-10 06:20:06,230 DEBUG server.RaftServer$Division (RaftServerImpl.java:logAppendEntries(1539)) - s14@group-5D788F7A274C: appendEntries* s0->s14#67-t1,previous=(t:1, i:134),leaderCommit=134,initializing? false,entries: size=1, first=(t:1, i:135), STATEMACHINELOGENTRY, StateMachineLogEntryProto:4498@client-04EF324C57E0
2024-09-10 06:20:06,230 DEBUG server.RaftServer$Division (RaftServerImpl.java:logAppendEntries(1539)) - s12@group-5D788F7A274C: appendEntries* reply s0<-s12#78:OK-t1,SUCCESS,nextIndex=136,followerCommit=134,matchIndex=135
2024-09-10 06:20:06,230 DEBUG server.RaftServer$Division (RaftServerImpl.java:logAppendEntries(1539)) - s9@group-5D788F7A274C: appendEntries* s0->s9#62-t1,previous=(t:1, i:134),leaderCommit=134,initializing? false,entries: size=1, first=(t:1, i:135), STATEMACHINELOGENTRY, StateMachineLogEntryProto:4498@client-04EF324C57E0
2024-09-10 06:20:06,230 DEBUG server.RaftServer$Division (RaftServerImpl.java:logAppendEntries(1539)) - s1@group-5D788F7A274C: appendEntries* reply s0<-s1#500:OK-t1,SUCCESS,nextIndex=136,followerCommit=134,matchIndex=135
2024-09-10 06:20:06,230 DEBUG server.RaftServer$Division (RaftServerImpl.java:logAppendEntries(1539)) - s14@group-5D788F7A274C: appendEntries* reply s0<-s14#67:OK-t1,SUCCESS,nextIndex=136,followerCommit=134,matchIndex=135
2024-09-10 06:20:06,230 DEBUG server.RaftServer$Division (RaftServerImpl.java:logAppendEntries(1539)) - s9@group-5D788F7A274C: appendEntries* reply s0<-s9#62:OK-t1,SUCCESS,nextIndex=136,followerCommit=134,matchIndex=135
2024-09-10 06:20:06,231 DEBUG server.RaftServer$Division (RaftServerImpl.java:logAppendEntries(1539)) - s3@group-5D788F7A274C: appendEntries* reply s0<-s3#72:OK-t1,SUCCESS,nextIndex=136,followerCommit=134,matchIndex=135
2024-09-10 06:20:06,232 DEBUG server.RaftServer$Division (RaftServerImpl.java:logAppendEntries(1539)) - s11@group-5D788F7A274C: appendEntries* s0->s11#88-t1,previous=(t:1, i:134),leaderCommit=134,initializing? false,entries: size=1, first=(t:1, i:135), STATEMACHINELOGENTRY, StateMachineLogEntryProto:4498@client-04EF324C57E0
2024-09-10 06:20:06,232 DEBUG server.RaftServer$Division (RaftServerImpl.java:logAppendEntries(1539)) - s10@group-5D788F7A274C: appendEntries* s0->s10#502-t1,previous=(t:1, i:134),leaderCommit=134,initializing? false,entries: size=1, first=(t:1, i:135), STATEMACHINELOGENTRY, StateMachineLogEntryProto:4498@client-04EF324C57E0
2024-09-10 06:20:06,233 DEBUG server.RaftServer$Division (RaftServerImpl.java:logAppendEntries(1539)) - s11@group-5D788F7A274C: appendEntries* reply s0<-s11#88:OK-t1,SUCCESS,nextIndex=136,followerCommit=134,matchIndex=135
2024-09-10 06:20:06,233 DEBUG server.RaftServer$Division (RaftServerImpl.java:logAppendEntries(1539)) - s10@group-5D788F7A274C: appendEntries* reply s0<-s10#502:OK-t1,SUCCESS,nextIndex=136,followerCommit=134,matchIndex=135
2024-09-10 06:20:06,233 DEBUG server.RaftServer$Division (RaftServerImpl.java:logAppendEntries(1539)) - s4@group-5D788F7A274C: appendEntries* s0->s4#56-t1,previous=(t:1, i:134),leaderCommit=134,initializing? false,entries: size=1, first=(t:1, i:135), STATEMACHINELOGENTRY, StateMachineLogEntryProto:4498@client-04EF324C57E0
2024-09-10 06:20:06,233 DEBUG server.RaftServer$Division (RaftServerImpl.java:logAppendEntries(1539)) - s2@group-5D788F7A274C: appendEntries* s0->s2#68-t1,previous=(t:1, i:134),leaderCommit=134,initializing? false,entries: size=1, first=(t:1, i:135), STATEMACHINELOGENTRY, StateMachineLogEntryProto:4498@client-04EF324C57E0
2024-09-10 06:20:06,233 DEBUG server.RaftServer$Division (RaftServerImpl.java:logAppendEntries(1539)) - s7@group-5D788F7A274C: appendEntries* s0->s7#69-t1,previous=(t:1, i:134),leaderCommit=134,initializing? false,entries: size=1, first=(t:1, i:135), STATEMACHINELOGENTRY, StateMachineLogEntryProto:4498@client-04EF324C57E0
2024-09-10 06:20:06,234 DEBUG server.RaftServer$Division (RaftServerImpl.java:logAppendEntries(1539)) - s5@group-5D788F7A274C: appendEntries* s0->s5#54-t1,previous=(t:1, i:134),leaderCommit=134,initializing? false,entries: size=1, first=(t:1, i:135), STATEMACHINELOGENTRY, StateMachineLogEntryProto:4498@client-04EF324C57E0
2024-09-10 06:20:06,234 DEBUG server.RaftServer$Division (RaftServerImpl.java:logAppendEntries(1539)) - s13@group-5D788F7A274C: appendEntries* s0->s13#70-t1,previous=(t:1, i:134),leaderCommit=134,initializing? false,entries: size=1, first=(t:1, i:135), STATEMACHINELOGENTRY, StateMachineLogEntryProto:4498@client-04EF324C57E0
2024-09-10 06:20:06,234 DEBUG server.RaftServer$Division (RaftServerImpl.java:logAppendEntries(1539)) - s7@group-5D788F7A274C: appendEntries* reply s0<-s7#69:OK-t1,SUCCESS,nextIndex=136,followerCommit=134,matchIndex=135
2024-09-10 06:20:06,233 DEBUG server.RaftServer$Division (RaftServerImpl.java:logAppendEntries(1539)) - s6@group-5D788F7A274C: appendEntries* s0->s6#60-t1,previous=(t:1, i:134),leaderCommit=134,initializing? false,entries: size=1, first=(t:1, i:135), STATEMACHINELOGENTRY, StateMachineLogEntryProto:4498@client-04EF324C57E0
2024-09-10 06:20:06,234 DEBUG server.RaftServer$Division (RaftServerImpl.java:logAppendEntries(1539)) - s13@group-5D788F7A274C: appendEntries* reply s0<-s13#70:OK-t1,SUCCESS,nextIndex=136,followerCommit=134,matchIndex=135
2024-09-10 06:20:06,234 DEBUG server.RaftServer$Division (RaftServerImpl.java:logAppendEntries(1539)) - s4@group-5D788F7A274C: appendEntries* reply s0<-s4#56:OK-t1,SUCCESS,nextIndex=136,followerCommit=134,matchIndex=135
2024-09-10 06:20:06,234 DEBUG server.RaftServer$Division (RaftServerImpl.java:logAppendEntries(1539)) - s5@group-5D788F7A274C: appendEntries* reply s0<-s5#54:OK-t1,SUCCESS,nextIndex=136,followerCommit=134,matchIndex=135
2024-09-10 06:20:06,234 DEBUG server.RaftServer$Division (RaftServerImpl.java:logAppendEntries(1539)) - s2@group-5D788F7A274C: appendEntries* reply s0<-s2#68:OK-t1,SUCCESS,nextIndex=136,followerCommit=134,matchIndex=135
2024-09-10 06:20:06,235 DEBUG server.RaftServer$Division (RaftServerImpl.java:logAppendEntries(1539)) - s6@group-5D788F7A274C: appendEntries* reply s0<-s6#60:OK-t1,SUCCESS,nextIndex=136,followerCommit=134,matchIndex=135
2024-09-10 06:20:06,235 DEBUG server.RaftServer$Division (RaftServerImpl.java:logAppendEntries(1539)) - s8@group-5D788F7A274C: appendEntries* s0->s8#55-t1,previous=(t:1, i:134),leaderCommit=134,initializing? false,entries: size=1, first=(t:1, i:135), STATEMACHINELOGENTRY, StateMachineLogEntryProto:4498@client-04EF324C57E0
2024-09-10 06:20:06,235 INFO  statemachine.StateMachine (ArithmeticStateMachine.java:applyTransaction(181)) - LEADER:s0-135: b = 5304 = 5304
2024-09-10 06:20:06,236 DEBUG server.RaftServer$Division (RaftServerImpl.java:logAppendEntries(1539)) - s8@group-5D788F7A274C: appendEntries* reply s0<-s8#55:OK-t1,SUCCESS,nextIndex=136,followerCommit=134,matchIndex=135
2024-09-10 06:20:06,237 DEBUG server.RaftServer$Division (RaftServerImpl.java:logAppendEntries(1539)) - s14@group-5D788F7A274C: appendEntries* s0->s14#69-t1,previous=(t:1, i:135),leaderCommit=135,initializing? false,entries: size=1, first=(t:1, i:136), METADATAENTRY(c:135)
2024-09-10 06:20:06,238 DEBUG server.RaftServer$Division (RaftServerImpl.java:logAppendEntries(1539)) - s5@group-5D788F7A274C: appendEntries* s0->s5#59-t1,previous=(t:1, i:135),leaderCommit=135,initializing? false,entries: size=1, first=(t:1, i:136), METADATAENTRY(c:135)
2024-09-10 06:20:06,238 DEBUG server.RaftServer$Division (RaftServerImpl.java:logAppendEntries(1539)) - s14@group-5D788F7A274C: appendEntries* reply s0<-s14#69:OK-t1,SUCCESS,nextIndex=137,followerCommit=135,matchIndex=136
2024-09-10 06:20:06,238 DEBUG server.RaftServer$Division (RaftServerImpl.java:logAppendEntries(1539)) - s6@group-5D788F7A274C: appendEntries* s0->s6#67-t1,previous=(t:1, i:135),leaderCommit=135,initializing? false,entries: size=1, first=(t:1, i:136), METADATAENTRY(c:135)
2024-09-10 06:20:06,238 DEBUG server.RaftServer$Division (RaftServerImpl.java:logAppendEntries(1539)) - s5@group-5D788F7A274C: appendEntries* reply s0<-s5#59:OK-t1,SUCCESS,nextIndex=137,followerCommit=135,matchIndex=136
2024-09-10 06:20:06,238 DEBUG server.RaftServer$Division (RaftServerImpl.java:logAppendEntries(1539)) - s13@group-5D788F7A274C: appendEntries* s0->s13#75-t1,previous=(t:1, i:135),leaderCommit=135,initializing? false,entries: size=1, first=(t:1, i:136), METADATAENTRY(c:135)
2024-09-10 06:20:06,238 DEBUG server.RaftServer$Division (RaftServerImpl.java:logAppendEntries(1539)) - s6@group-5D788F7A274C: appendEntries* reply s0<-s6#67:OK-t1,SUCCESS,nextIndex=137,followerCommit=135,matchIndex=136
2024-09-10 06:20:06,239 DEBUG server.RaftServer$Division (RaftServerImpl.java:logAppendEntries(1539)) - s7@group-5D788F7A274C: appendEntries* s0->s7#74-t1,previous=(t:1, i:135),leaderCommit=135,initializing? false,entries: size=1, first=(t:1, i:136), METADATAENTRY(c:135)
2024-09-10 06:20:06,239 DEBUG server.RaftServer$Division (RaftServerImpl.java:logAppendEntries(1539)) - s13@group-5D788F7A274C: appendEntries* reply s0<-s13#75:OK-t1,SUCCESS,nextIndex=137,followerCommit=135,matchIndex=136
2024-09-10 06:20:06,239 DEBUG server.RaftServer$Division (RaftServerImpl.java:logAppendEntries(1539)) - s7@group-5D788F7A274C: appendEntries* reply s0<-s7#74:OK-t1,SUCCESS,nextIndex=137,followerCommit=135,matchIndex=136
2024-09-10 06:20:06,239 DEBUG server.RaftServer$Division (RaftServerImpl.java:logAppendEntries(1539)) - s1@group-5D788F7A274C: appendEntries* s0->s1#503-t1,previous=(t:1, i:135),leaderCommit=135,initializing? false,entries: size=1, first=(t:1, i:136), METADATAENTRY(c:135)
2024-09-10 06:20:06,239 DEBUG server.RaftServer$Division (RaftServerImpl.java:logAppendEntries(1539)) - s1@group-5D788F7A274C: appendEntries* reply s0<-s1#503:OK-t1,SUCCESS,nextIndex=137,followerCommit=135,matchIndex=136
2024-09-10 06:20:06,240 DEBUG server.RaftServer$Division (RaftServerImpl.java:logAppendEntries(1539)) - s8@group-5D788F7A274C: appendEntries* s0->s8#62-t1,previous=(t:1, i:135),leaderCommit=135,initializing? false,entries: size=1, first=(t:1, i:136), METADATAENTRY(c:135)
2024-09-10 06:20:06,240 DEBUG server.RaftServer$Division (RaftServerImpl.java:logAppendEntries(1539)) - s12@group-5D788F7A274C: appendEntries* s0->s12#79-t1,previous=(t:1, i:135),leaderCommit=135,initializing? false,entries: size=1, first=(t:1, i:136), METADATAENTRY(c:135)
2024-09-10 06:20:06,240 DEBUG server.RaftServer$Division (RaftServerImpl.java:logAppendEntries(1539)) - s11@group-5D788F7A274C: appendEntries* s0->s11#96-t1,previous=(t:1, i:135),leaderCommit=135,initializing? false,entries: size=1, first=(t:1, i:136), METADATAENTRY(c:135)
2024-09-10 06:20:06,241 DEBUG server.RaftServer$Division (RaftServerImpl.java:logAppendEntries(1539)) - s10@group-5D788F7A274C: appendEntries* s0->s10#507-t1,previous=(t:1, i:135),leaderCommit=135,initializing? false,entries: size=1, first=(t:1, i:136), METADATAENTRY(c:135)
2024-09-10 06:20:06,241 DEBUG server.RaftServer$Division (RaftServerImpl.java:logAppendEntries(1539)) - s11@group-5D788F7A274C: appendEntries* reply s0<-s11#96:OK-t1,SUCCESS,nextIndex=137,followerCommit=135,matchIndex=136
2024-09-10 06:20:06,241 DEBUG server.RaftServer$Division (RaftServerImpl.java:logAppendEntries(1539)) - s8@group-5D788F7A274C: appendEntries* reply s0<-s8#62:OK-t1,SUCCESS,nextIndex=137,followerCommit=135,matchIndex=136
2024-09-10 06:20:06,241 DEBUG server.RaftServer$Division (RaftServerImpl.java:logAppendEntries(1539)) - s12@group-5D788F7A274C: appendEntries* reply s0<-s12#79:OK-t1,SUCCESS,nextIndex=137,followerCommit=135,matchIndex=136
2024-09-10 06:20:06,241 DEBUG server.RaftServer$Division (RaftServerImpl.java:logAppendEntries(1539)) - s10@group-5D788F7A274C: appendEntries* reply s0<-s10#507:OK-t1,SUCCESS,nextIndex=137,followerCommit=135,matchIndex=136
2024-09-10 06:20:06,241 DEBUG server.RaftServer$Division (RaftServerImpl.java:logAppendEntries(1539)) - s4@group-5D788F7A274C: appendEntries* s0->s4#60-t1,previous=(t:1, i:135),leaderCommit=135,initializing? false,entries: size=1, first=(t:1, i:136), METADATAENTRY(c:135)
2024-09-10 06:20:06,242 DEBUG server.RaftServer$Division (RaftServerImpl.java:logAppendEntries(1539)) - s2@group-5D788F7A274C: appendEntries* s0->s2#73-t1,previous=(t:1, i:135),leaderCommit=135,initializing? false,entries: size=1, first=(t:1, i:136), METADATAENTRY(c:135)
2024-09-10 06:20:06,242 DEBUG server.RaftServer$Division (RaftServerImpl.java:logAppendEntries(1539)) - s4@group-5D788F7A274C: appendEntries* reply s0<-s4#60:OK-t1,SUCCESS,nextIndex=137,followerCommit=135,matchIndex=136
2024-09-10 06:20:06,242 DEBUG server.RaftServer$Division (RaftServerImpl.java:logAppendEntries(1539)) - s3@group-5D788F7A274C: appendEntries* s0->s3#75-t1,previous=(t:1, i:135),leaderCommit=135,initializing? false,entries: size=1, first=(t:1, i:136), METADATAENTRY(c:135)
2024-09-10 06:20:06,242 DEBUG server.RaftServer$Division (RaftServerImpl.java:logAppendEntries(1539)) - s3@group-5D788F7A274C: appendEntries* reply s0<-s3#75:OK-t1,SUCCESS,nextIndex=137,followerCommit=135,matchIndex=136
2024-09-10 06:20:06,242 DEBUG server.RaftServer$Division (RaftServerImpl.java:logAppendEntries(1539)) - s9@group-5D788F7A274C: appendEntries* s0->s9#67-t1,previous=(t:1, i:135),leaderCommit=135,initializing? false,entries: size=1, first=(t:1, i:136), METADATAENTRY(c:135)
2024-09-10 06:20:06,243 DEBUG server.RaftServer$Division (RaftServerImpl.java:logAppendEntries(1539)) - s2@group-5D788F7A274C: appendEntries* reply s0<-s2#73:OK-t1,SUCCESS,nextIndex=137,followerCommit=135,matchIndex=136
2024-09-10 06:20:06,243 DEBUG server.RaftServer$Division (RaftServerImpl.java:logAppendEntries(1539)) - s9@group-5D788F7A274C: appendEntries* reply s0<-s9#67:OK-t1,SUCCESS,nextIndex=137,followerCommit=135,matchIndex=136
2024-09-10 06:20:06,248 DEBUG server.RaftServer$Division (RaftServerImpl.java:submitClientRequestAsync(910)) - s0@group-5D788F7A274C: receive client request(RaftClientRequest:client-04EF324C57E0->s0@group-5D788F7A274C, cid=4499, seq=null, RW, Message:01016304010300040201...(size=17))
2024-09-10 06:20:06,248 DEBUG server.RaftServer$Division (LeaderStateImpl.java:addPendingRequest(532)) - s0@group-5D788F7A274C-LeaderStateImpl: addPendingRequest at RaftClientRequest:client-04EF324C57E0->s0@group-5D788F7A274C, cid=4499, seq=null, RW, Message:01016304010300040201...(size=17), entry=(t:1, i:137), STATEMACHINELOGENTRY, WRITE: logData.size=17, stateMachineData.size=0, logEntryProtoSerializedSize=0
2024-09-10 06:20:06,250 DEBUG server.RaftServer$Division (RaftServerImpl.java:logAppendEntries(1539)) - s4@group-5D788F7A274C: appendEntries* s0->s4#75-t1,previous=(t:1, i:136),leaderCommit=136,initializing? false,entries: size=1, first=(t:1, i:137), STATEMACHINELOGENTRY, StateMachineLogEntryProto:4499@client-04EF324C57E0
2024-09-10 06:20:06,250 DEBUG server.RaftServer$Division (RaftServerImpl.java:logAppendEntries(1539)) - s4@group-5D788F7A274C: appendEntries* reply s0<-s4#75:OK-t1,SUCCESS,nextIndex=138,followerCommit=136,matchIndex=137
2024-09-10 06:20:06,251 DEBUG server.RaftServer$Division (RaftServerImpl.java:logAppendEntries(1539)) - s14@group-5D788F7A274C: appendEntries* s0->s14#82-t1,previous=(t:1, i:136),leaderCommit=136,initializing? false,entries: size=1, first=(t:1, i:137), STATEMACHINELOGENTRY, StateMachineLogEntryProto:4499@client-04EF324C57E0
2024-09-10 06:20:06,251 DEBUG server.RaftServer$Division (RaftServerImpl.java:logAppendEntries(1539)) - s14@group-5D788F7A274C: appendEntries* reply s0<-s14#82:OK-t1,SUCCESS,nextIndex=138,followerCommit=136,matchIndex=137
2024-09-10 06:20:06,251 DEBUG server.RaftServer$Division (RaftServerImpl.java:logAppendEntries(1539)) - s2@group-5D788F7A274C: appendEntries* s0->s2#87-t1,previous=(t:1, i:136),leaderCommit=136,initializing? false,entries: size=1, first=(t:1, i:137), STATEMACHINELOGENTRY, StateMachineLogEntryProto:4499@client-04EF324C57E0
2024-09-10 06:20:06,251 DEBUG server.RaftServer$Division (RaftServerImpl.java:logAppendEntries(1539)) - s9@group-5D788F7A274C: appendEntries* s0->s9#87-t1,previous=(t:1, i:136),leaderCommit=136,initializing? false,entries: size=1, first=(t:1, i:137), STATEMACHINELOGENTRY, StateMachineLogEntryProto:4499@client-04EF324C57E0
2024-09-10 06:20:06,251 DEBUG server.RaftServer$Division (RaftServerImpl.java:logAppendEntries(1539)) - s2@group-5D788F7A274C: appendEntries* reply s0<-s2#87:OK-t1,SUCCESS,nextIndex=138,followerCommit=136,matchIndex=137
2024-09-10 06:20:06,252 DEBUG server.RaftServer$Division (RaftServerImpl.java:logAppendEntries(1539)) - s3@group-5D788F7A274C: appendEntries* s0->s3#98-t1,previous=(t:1, i:136),leaderCommit=136,initializing? false,entries: size=1, first=(t:1, i:137), STATEMACHINELOGENTRY, StateMachineLogEntryProto:4499@client-04EF324C57E0
2024-09-10 06:20:06,252 DEBUG server.RaftServer$Division (RaftServerImpl.java:logAppendEntries(1539)) - s9@group-5D788F7A274C: appendEntries* reply s0<-s9#87:OK-t1,SUCCESS,nextIndex=138,followerCommit=136,matchIndex=137
2024-09-10 06:20:06,252 DEBUG server.RaftServer$Division (RaftServerImpl.java:logAppendEntries(1539)) - s3@group-5D788F7A274C: appendEntries* reply s0<-s3#98:OK-t1,SUCCESS,nextIndex=138,followerCommit=136,matchIndex=137
2024-09-10 06:20:06,254 DEBUG server.RaftServer$Division (RaftServerImpl.java:logAppendEntries(1539)) - s12@group-5D788F7A274C: appendEntries* s0->s12#99-t1,previous=(t:1, i:136),leaderCommit=136,initializing? false,entries: size=1, first=(t:1, i:137), STATEMACHINELOGENTRY, StateMachineLogEntryProto:4499@client-04EF324C57E0
2024-09-10 06:20:06,254 DEBUG server.RaftServer$Division (RaftServerImpl.java:logAppendEntries(1539)) - s10@group-5D788F7A274C: appendEntries* s0->s10#526-t1,previous=(t:1, i:136),leaderCommit=136,initializing? false,entries: size=1, first=(t:1, i:137), STATEMACHINELOGENTRY, StateMachineLogEntryProto:4499@client-04EF324C57E0
2024-09-10 06:20:06,254 DEBUG server.RaftServer$Division (RaftServerImpl.java:logAppendEntries(1539)) - s7@group-5D788F7A274C: appendEntries* s0->s7#85-t1,previous=(t:1, i:136),leaderCommit=136,initializing? false,entries: size=1, first=(t:1, i:137), STATEMACHINELOGENTRY, StateMachineLogEntryProto:4499@client-04EF324C57E0
2024-09-10 06:20:06,254 DEBUG server.RaftServer$Division (RaftServerImpl.java:logAppendEntries(1539)) - s12@group-5D788F7A274C: appendEntries* reply s0<-s12#99:OK-t1,SUCCESS,nextIndex=138,followerCommit=136,matchIndex=137
2024-09-10 06:20:06,255 DEBUG server.RaftServer$Division (RaftServerImpl.java:logAppendEntries(1539)) - s13@group-5D788F7A274C: appendEntries* s0->s13#91-t1,previous=(t:1, i:136),leaderCommit=136,initializing? false,entries: size=1, first=(t:1, i:137), STATEMACHINELOGENTRY, StateMachineLogEntryProto:4499@client-04EF324C57E0
2024-09-10 06:20:06,255 DEBUG server.RaftServer$Division (RaftServerImpl.java:logAppendEntries(1539)) - s7@group-5D788F7A274C: appendEntries* reply s0<-s7#85:OK-t1,SUCCESS,nextIndex=138,followerCommit=136,matchIndex=137
2024-09-10 06:20:06,255 DEBUG server.RaftServer$Division (RaftServerImpl.java:logAppendEntries(1539)) - s10@group-5D788F7A274C: appendEntries* reply s0<-s10#526:OK-t1,SUCCESS,nextIndex=138,followerCommit=136,matchIndex=137
2024-09-10 06:20:06,255 DEBUG server.RaftServer$Division (RaftServerImpl.java:logAppendEntries(1539)) - s13@group-5D788F7A274C: appendEntries* reply s0<-s13#91:OK-t1,SUCCESS,nextIndex=138,followerCommit=136,matchIndex=137
2024-09-10 06:20:06,256 INFO  statemachine.StateMachine (ArithmeticStateMachine.java:applyTransaction(181)) - LEADER:s0-137: c = √(a^2 + b^2) = 5305
2024-09-10 06:20:06,257 DEBUG server.RaftServer$Division (RaftServerImpl.java:logAppendEntries(1539)) - s4@group-5D788F7A274C: appendEntries* s0->s4#77-t1,previous=(t:1, i:137),leaderCommit=137,initializing? false,entries: size=1, first=(t:1, i:138), METADATAENTRY(c:137)
2024-09-10 06:20:06,257 DEBUG server.RaftServer$Division (RaftServerImpl.java:logAppendEntries(1539)) - s4@group-5D788F7A274C: appendEntries* reply s0<-s4#77:OK-t1,SUCCESS,nextIndex=139,followerCommit=137,matchIndex=138
2024-09-10 06:20:06,257 DEBUG server.RaftServer$Division (RaftServerImpl.java:logAppendEntries(1539)) - s14@group-5D788F7A274C: appendEntries* s0->s14#83-t1,previous=(t:1, i:137),leaderCommit=137,initializing? false,entries: size=1, first=(t:1, i:138), METADATAENTRY(c:137)
2024-09-10 06:20:06,258 DEBUG server.RaftServer$Division (RaftServerImpl.java:logAppendEntries(1539)) - s2@group-5D788F7A274C: appendEntries* s0->s2#89-t1,previous=(t:1, i:137),leaderCommit=137,initializing? false,entries: size=1, first=(t:1, i:138), METADATAENTRY(c:137)
2024-09-10 06:20:06,258 DEBUG server.RaftServer$Division (RaftServerImpl.java:logAppendEntries(1539)) - s9@group-5D788F7A274C: appendEntries* s0->s9#89-t1,previous=(t:1, i:137),leaderCommit=137,initializing? false,entries: size=1, first=(t:1, i:138), METADATAENTRY(c:137)
2024-09-10 06:20:06,258 DEBUG server.RaftServer$Division (RaftServerImpl.java:logAppendEntries(1539)) - s14@group-5D788F7A274C: appendEntries* reply s0<-s14#83:OK-t1,SUCCESS,nextIndex=139,followerCommit=137,matchIndex=138
2024-09-10 06:20:06,258 DEBUG server.RaftServer$Division (RaftServerImpl.java:logAppendEntries(1539)) - s2@group-5D788F7A274C: appendEntries* reply s0<-s2#89:OK-t1,SUCCESS,nextIndex=139,followerCommit=137,matchIndex=138
2024-09-10 06:20:06,258 DEBUG server.RaftServer$Division (RaftServerImpl.java:logAppendEntries(1539)) - s9@group-5D788F7A274C: appendEntries* reply s0<-s9#89:OK-t1,SUCCESS,nextIndex=139,followerCommit=137,matchIndex=138
2024-09-10 06:20:06,258 DEBUG server.RaftServer$Division (RaftServerImpl.java:logAppendEntries(1539)) - s3@group-5D788F7A274C: appendEntries* s0->s3#100-t1,previous=(t:1, i:137),leaderCommit=137,initializing? false,entries: size=1, first=(t:1, i:138), METADATAENTRY(c:137)
2024-09-10 06:20:06,259 DEBUG server.RaftServer$Division (RaftServerImpl.java:logAppendEntries(1539)) - s3@group-5D788F7A274C: appendEntries* reply s0<-s3#100:OK-t1,SUCCESS,nextIndex=139,followerCommit=137,matchIndex=138
2024-09-10 06:20:06,260 DEBUG server.RaftServer$Division (RaftServerImpl.java:logAppendEntries(1539)) - s10@group-5D788F7A274C: appendEntries* s0->s10#532-t1,previous=(t:1, i:137),leaderCommit=137,initializing? false,entries: size=1, first=(t:1, i:138), METADATAENTRY(c:137)
2024-09-10 06:20:06,260 DEBUG server.RaftServer$Division (RaftServerImpl.java:logAppendEntries(1539)) - s6@group-5D788F7A274C: appendEntries* s0->s6#87-t1,previous=(t:1, i:136),leaderCommit=136,initializing? false,entries: size=1, first=(t:1, i:137), STATEMACHINELOGENTRY, StateMachineLogEntryProto:4499@client-04EF324C57E0
2024-09-10 06:20:06,260 DEBUG server.RaftServer$Division (RaftServerImpl.java:logAppendEntries(1539)) - s12@group-5D788F7A274C: appendEntries* s0->s12#106-t1,previous=(t:1, i:137),leaderCommit=137,initializing? false,entries: size=1, first=(t:1, i:138), METADATAENTRY(c:137)
2024-09-10 06:20:06,261 DEBUG server.RaftServer$Division (RaftServerImpl.java:logAppendEntries(1539)) - s10@group-5D788F7A274C: appendEntries* reply s0<-s10#532:OK-t1,SUCCESS,nextIndex=139,followerCommit=137,matchIndex=138
2024-09-10 06:20:06,261 DEBUG server.RaftServer$Division (RaftServerImpl.java:logAppendEntries(1539)) - s12@group-5D788F7A274C: appendEntries* reply s0<-s12#106:OK-t1,SUCCESS,nextIndex=139,followerCommit=137,matchIndex=138
2024-09-10 06:20:06,261 DEBUG server.RaftServer$Division (RaftServerImpl.java:logAppendEntries(1539)) - s6@group-5D788F7A274C: appendEntries* reply s0<-s6#87:OK-t1,SUCCESS,nextIndex=138,followerCommit=136,matchIndex=137
2024-09-10 06:20:06,261 DEBUG server.RaftServer$Division (RaftServerImpl.java:logAppendEntries(1539)) - s1@group-5D788F7A274C: appendEntries* s0->s1#515-t1,previous=(t:1, i:136),leaderCommit=136,initializing? false,entries: size=1, first=(t:1, i:137), STATEMACHINELOGENTRY, StateMachineLogEntryProto:4499@client-04EF324C57E0
2024-09-10 06:20:06,262 DEBUG server.RaftServer$Division (RaftServerImpl.java:logAppendEntries(1539)) - s1@group-5D788F7A274C: appendEntries* reply s0<-s1#515:OK-t1,SUCCESS,nextIndex=138,followerCommit=136,matchIndex=137
2024-09-10 06:20:06,262 DEBUG server.RaftServer$Division (RaftServerImpl.java:logAppendEntries(1539)) - s5@group-5D788F7A274C: appendEntries* s0->s5#73-t1,previous=(t:1, i:136),leaderCommit=136,initializing? false,entries: size=1, first=(t:1, i:137), STATEMACHINELOGENTRY, StateMachineLogEntryProto:4499@client-04EF324C57E0
2024-09-10 06:20:06,262 DEBUG server.RaftServer$Division (RaftServerImpl.java:logAppendEntries(1539)) - s1@group-5D788F7A274C: appendEntries* s0->s1#519-t1,previous=(t:1, i:137),leaderCommit=137,initializing? false,entries: size=1, first=(t:1, i:138), METADATAENTRY(c:137)
2024-09-10 06:20:06,262 DEBUG server.RaftServer$Division (RaftServerImpl.java:logAppendEntries(1539)) - s11@group-5D788F7A274C: appendEntries* s0->s11#111-t1,previous=(t:1, i:136),leaderCommit=136,initializing? false,entries: size=1, first=(t:1, i:137), STATEMACHINELOGENTRY, StateMachineLogEntryProto:4499@client-04EF324C57E0
2024-09-10 06:20:06,263 DEBUG server.RaftServer$Division (RaftServerImpl.java:logAppendEntries(1539)) - s1@group-5D788F7A274C: appendEntries* reply s0<-s1#519:OK-t1,SUCCESS,nextIndex=139,followerCommit=137,matchIndex=138
2024-09-10 06:20:06,263 DEBUG server.RaftServer$Division (RaftServerImpl.java:logAppendEntries(1539)) - s5@group-5D788F7A274C: appendEntries* reply s0<-s5#73:OK-t1,SUCCESS,nextIndex=138,followerCommit=136,matchIndex=137
2024-09-10 06:20:06,263 DEBUG server.RaftServer$Division (RaftServerImpl.java:logAppendEntries(1539)) - s11@group-5D788F7A274C: appendEntries* reply s0<-s11#111:OK-t1,SUCCESS,nextIndex=138,followerCommit=136,matchIndex=137
2024-09-10 06:20:06,263 DEBUG server.RaftServer$Division (RaftServerImpl.java:logAppendEntries(1539)) - s8@group-5D788F7A274C: appendEntries* s0->s8#82-t1,previous=(t:1, i:136),leaderCommit=136,initializing? false,entries: size=1, first=(t:1, i:137), STATEMACHINELOGENTRY, StateMachineLogEntryProto:4499@client-04EF324C57E0
2024-09-10 06:20:06,264 DEBUG server.RaftServer$Division (RaftServerImpl.java:logAppendEntries(1539)) - s8@group-5D788F7A274C: appendEntries* reply s0<-s8#82:OK-t1,SUCCESS,nextIndex=138,followerCommit=136,matchIndex=137
2024-09-10 06:20:06,264 DEBUG server.RaftServer$Division (RaftServerImpl.java:logAppendEntries(1539)) - s8@group-5D788F7A274C: appendEntries* s0->s8#88-t1,previous=(t:1, i:137),leaderCommit=137,initializing? false,entries: size=1, first=(t:1, i:138), METADATAENTRY(c:137)
2024-09-10 06:20:06,264 DEBUG server.RaftServer$Division (RaftServerImpl.java:logAppendEntries(1539)) - s11@group-5D788F7A274C: appendEntries* s0->s11#119-t1,previous=(t:1, i:137),leaderCommit=137,initializing? false,entries: size=1, first=(t:1, i:138), METADATAENTRY(c:137)
2024-09-10 06:20:06,264 DEBUG server.RaftServer$Division (RaftServerImpl.java:logAppendEntries(1539)) - s8@group-5D788F7A274C: appendEntries* reply s0<-s8#88:OK-t1,SUCCESS,nextIndex=139,followerCommit=137,matchIndex=138
2024-09-10 06:20:06,264 DEBUG server.RaftServer$Division (RaftServerImpl.java:logAppendEntries(1539)) - s11@group-5D788F7A274C: appendEntries* reply s0<-s11#119:OK-t1,SUCCESS,nextIndex=139,followerCommit=137,matchIndex=138
2024-09-10 06:20:06,265 DEBUG server.RaftServer$Division (RaftServerImpl.java:logAppendEntries(1539)) - s13@group-5D788F7A274C: appendEntries* s0->s13#99-t1,previous=(t:1, i:137),leaderCommit=137,initializing? false,entries: size=1, first=(t:1, i:138), METADATAENTRY(c:137)
2024-09-10 06:20:06,265 DEBUG server.RaftServer$Division (RaftServerImpl.java:logAppendEntries(1539)) - s6@group-5D788F7A274C: appendEntries* s0->s6#93-t1,previous=(t:1, i:137),leaderCommit=137,initializing? false,entries: size=1, first=(t:1, i:138), METADATAENTRY(c:137)
2024-09-10 06:20:06,265 DEBUG server.RaftServer$Division (RaftServerImpl.java:logAppendEntries(1539)) - s5@group-5D788F7A274C: appendEntries* s0->s5#77-t1,previous=(t:1, i:137),leaderCommit=137,initializing? false,entries: size=1, first=(t:1, i:138), METADATAENTRY(c:137)
2024-09-10 06:20:06,265 DEBUG server.RaftServer$Division (RaftServerImpl.java:logAppendEntries(1539)) - s13@group-5D788F7A274C: appendEntries* reply s0<-s13#99:OK-t1,SUCCESS,nextIndex=139,followerCommit=137,matchIndex=138
2024-09-10 06:20:06,265 DEBUG server.RaftServer$Division (RaftServerImpl.java:logAppendEntries(1539)) - s7@group-5D788F7A274C: appendEntries* s0->s7#89-t1,previous=(t:1, i:137),leaderCommit=137,initializing? false,entries: size=1, first=(t:1, i:138), METADATAENTRY(c:137)
2024-09-10 06:20:06,266 DEBUG server.RaftServer$Division (RaftServerImpl.java:logAppendEntries(1539)) - s6@group-5D788F7A274C: appendEntries* reply s0<-s6#93:OK-t1,SUCCESS,nextIndex=139,followerCommit=137,matchIndex=138
2024-09-10 06:20:06,266 DEBUG server.RaftServer$Division (RaftServerImpl.java:logAppendEntries(1539)) - s7@group-5D788F7A274C: appendEntries* reply s0<-s7#89:OK-t1,SUCCESS,nextIndex=139,followerCommit=137,matchIndex=138
2024-09-10 06:20:06,266 DEBUG server.RaftServer$Division (RaftServerImpl.java:logAppendEntries(1539)) - s5@group-5D788F7A274C: appendEntries* reply s0<-s5#77:OK-t1,SUCCESS,nextIndex=139,followerCommit=137,matchIndex=138
2024-09-10 06:20:06,267 DEBUG server.RaftServer$Division (RaftServerImpl.java:submitClientRequestAsync(910)) - s0@group-5D788F7A274C: receive client request(RaftClientRequest:client-04EF324C57E0->s0@group-5D788F7A274C, cid=4500, seq=null, RW, Message:01016100)
2024-09-10 06:20:06,268 DEBUG server.RaftServer$Division (LeaderStateImpl.java:addPendingRequest(532)) - s0@group-5D788F7A274C-LeaderStateImpl: addPendingRequest at RaftClientRequest:client-04EF324C57E0->s0@group-5D788F7A274C, cid=4500, seq=null, RW, Message:01016100, entry=(t:1, i:139), STATEMACHINELOGENTRY, WRITE: logData.size=4, stateMachineData.size=0, logEntryProtoSerializedSize=0
2024-09-10 06:20:06,269 DEBUG server.RaftServer$Division (RaftServerImpl.java:logAppendEntries(1539)) - s14@group-5D788F7A274C: appendEntries* s0->s14#87-t1,previous=(t:1, i:138),leaderCommit=138,initializing? false,entries: size=1, first=(t:1, i:139), STATEMACHINELOGENTRY, StateMachineLogEntryProto:4500@client-04EF324C57E0
2024-09-10 06:20:06,269 DEBUG server.RaftServer$Division (RaftServerImpl.java:logAppendEntries(1539)) - s12@group-5D788F7A274C: appendEntries* s0->s12#115-t1,previous=(t:1, i:138),leaderCommit=138,initializing? false,entries: size=1, first=(t:1, i:139), STATEMACHINELOGENTRY, StateMachineLogEntryProto:4500@client-04EF324C57E0
2024-09-10 06:20:06,270 DEBUG server.RaftServer$Division (RaftServerImpl.java:logAppendEntries(1539)) - s2@group-5D788F7A274C: appendEntries* s0->s2#94-t1,previous=(t:1, i:138),leaderCommit=138,initializing? false,entries: size=1, first=(t:1, i:139), STATEMACHINELOGENTRY, StateMachineLogEntryProto:4500@client-04EF324C57E0
2024-09-10 06:20:06,269 DEBUG server.RaftServer$Division (RaftServerImpl.java:logAppendEntries(1539)) - s14@group-5D788F7A274C: appendEntries* reply s0<-s14#87:OK-t1,SUCCESS,nextIndex=140,followerCommit=138,matchIndex=139
2024-09-10 06:20:06,269 DEBUG server.RaftServer$Division (RaftServerImpl.java:logAppendEntries(1539)) - s4@group-5D788F7A274C: appendEntries* s0->s4#83-t1,previous=(t:1, i:138),leaderCommit=138,initializing? false,entries: size=1, first=(t:1, i:139), STATEMACHINELOGENTRY, StateMachineLogEntryProto:4500@client-04EF324C57E0
2024-09-10 06:20:06,270 DEBUG server.RaftServer$Division (RaftServerImpl.java:logAppendEntries(1539)) - s3@group-5D788F7A274C: appendEntries* s0->s3#107-t1,previous=(t:1, i:138),leaderCommit=138,initializing? false,entries: size=1, first=(t:1, i:139), STATEMACHINELOGENTRY, StateMachineLogEntryProto:4500@client-04EF324C57E0
2024-09-10 06:20:06,270 DEBUG server.RaftServer$Division (RaftServerImpl.java:logAppendEntries(1539)) - s9@group-5D788F7A274C: appendEntries* s0->s9#94-t1,previous=(t:1, i:138),leaderCommit=138,initializing? false,entries: size=1, first=(t:1, i:139), STATEMACHINELOGENTRY, StateMachineLogEntryProto:4500@client-04EF324C57E0
2024-09-10 06:20:06,270 DEBUG server.RaftServer$Division (RaftServerImpl.java:logAppendEntries(1539)) - s10@group-5D788F7A274C: appendEntries* s0->s10#541-t1,previous=(t:1, i:138),leaderCommit=138,initializing? false,entries: size=1, first=(t:1, i:139), STATEMACHINELOGENTRY, StateMachineLogEntryProto:4500@client-04EF324C57E0
2024-09-10 06:20:06,272 DEBUG server.RaftServer$Division (RaftServerImpl.java:logAppendEntries(1539)) - s4@group-5D788F7A274C: appendEntries* reply s0<-s4#83:OK-t1,SUCCESS,nextIndex=140,followerCommit=138,matchIndex=139
2024-09-10 06:20:06,272 DEBUG server.RaftServer$Division (RaftServerImpl.java:logAppendEntries(1539)) - s1@group-5D788F7A274C: appendEntries* s0->s1#528-t1,previous=(t:1, i:138),leaderCommit=138,initializing? false,entries: size=1, first=(t:1, i:139), STATEMACHINELOGENTRY, StateMachineLogEntryProto:4500@client-04EF324C57E0
2024-09-10 06:20:06,272 DEBUG server.RaftServer$Division (RaftServerImpl.java:logAppendEntries(1539)) - s12@group-5D788F7A274C: appendEntries* reply s0<-s12#115:OK-t1,SUCCESS,nextIndex=140,followerCommit=138,matchIndex=139
2024-09-10 06:20:06,272 DEBUG server.RaftServer$Division (RaftServerImpl.java:logAppendEntries(1539)) - s10@group-5D788F7A274C: appendEntries* reply s0<-s10#541:OK-t1,SUCCESS,nextIndex=140,followerCommit=138,matchIndex=139
2024-09-10 06:20:06,272 DEBUG server.RaftServer$Division (RaftServerImpl.java:logAppendEntries(1539)) - s1@group-5D788F7A274C: appendEntries* reply s0<-s1#528:OK-t1,SUCCESS,nextIndex=140,followerCommit=138,matchIndex=139
2024-09-10 06:20:06,272 DEBUG server.RaftServer$Division (RaftServerImpl.java:logAppendEntries(1539)) - s8@group-5D788F7A274C: appendEntries* s0->s8#97-t1,previous=(t:1, i:138),leaderCommit=138,initializing? false,entries: size=1, first=(t:1, i:139), STATEMACHINELOGENTRY, StateMachineLogEntryProto:4500@client-04EF324C57E0
2024-09-10 06:20:06,273 DEBUG server.RaftServer$Division (RaftServerImpl.java:logAppendEntries(1539)) - s8@group-5D788F7A274C: appendEntries* reply s0<-s8#97:OK-t1,SUCCESS,nextIndex=140,followerCommit=138,matchIndex=139
2024-09-10 06:20:06,273 DEBUG server.RaftServer$Division (RaftServerImpl.java:logAppendEntries(1539)) - s9@group-5D788F7A274C: appendEntries* reply s0<-s9#94:OK-t1,SUCCESS,nextIndex=140,followerCommit=138,matchIndex=139
2024-09-10 06:20:06,273 DEBUG server.RaftServer$Division (RaftServerImpl.java:logAppendEntries(1539)) - s3@group-5D788F7A274C: appendEntries* reply s0<-s3#107:OK-t1,SUCCESS,nextIndex=140,followerCommit=138,matchIndex=139
2024-09-10 06:20:06,273 DEBUG server.RaftServer$Division (RaftServerImpl.java:logAppendEntries(1539)) - s5@group-5D788F7A274C: appendEntries* s0->s5#85-t1,previous=(t:1, i:138),leaderCommit=138,initializing? false,entries: size=1, first=(t:1, i:139), STATEMACHINELOGENTRY, StateMachineLogEntryProto:4500@client-04EF324C57E0
2024-09-10 06:20:06,273 DEBUG server.RaftServer$Division (RaftServerImpl.java:logAppendEntries(1539)) - s11@group-5D788F7A274C: appendEntries* s0->s11#132-t1,previous=(t:1, i:138),leaderCommit=138,initializing? false,entries: size=1, first=(t:1, i:139), STATEMACHINELOGENTRY, StateMachineLogEntryProto:4500@client-04EF324C57E0
2024-09-10 06:20:06,273 DEBUG server.RaftServer$Division (RaftServerImpl.java:logAppendEntries(1539)) - s5@group-5D788F7A274C: appendEntries* reply s0<-s5#85:OK-t1,SUCCESS,nextIndex=140,followerCommit=138,matchIndex=139
2024-09-10 06:20:06,273 DEBUG server.RaftServer$Division (RaftServerImpl.java:logAppendEntries(1539)) - s2@group-5D788F7A274C: appendEntries* reply s0<-s2#94:OK-t1,SUCCESS,nextIndex=140,followerCommit=138,matchIndex=139
2024-09-10 06:20:06,274 DEBUG server.RaftServer$Division (RaftServerImpl.java:logAppendEntries(1539)) - s11@group-5D788F7A274C: appendEntries* reply s0<-s11#132:OK-t1,SUCCESS,nextIndex=140,followerCommit=138,matchIndex=139
2024-09-10 06:20:06,274 DEBUG server.RaftServer$Division (RaftServerImpl.java:logAppendEntries(1539)) - s6@group-5D788F7A274C: appendEntries* s0->s6#101-t1,previous=(t:1, i:138),leaderCommit=138,initializing? false,entries: size=1, first=(t:1, i:139), STATEMACHINELOGENTRY, StateMachineLogEntryProto:4500@client-04EF324C57E0
2024-09-10 06:20:06,274 INFO  statemachine.StateMachine (ArithmeticStateMachine.java:applyTransaction(181)) - LEADER:s0-139: a = null = null
2024-09-10 06:20:06,275 DEBUG server.RaftServer$Division (RaftServerImpl.java:logAppendEntries(1539)) - s6@group-5D788F7A274C: appendEntries* reply s0<-s6#101:OK-t1,SUCCESS,nextIndex=140,followerCommit=138,matchIndex=139
2024-09-10 06:20:06,275 DEBUG server.RaftServer$Division (RaftServerImpl.java:logAppendEntries(1539)) - s4@group-5D788F7A274C: appendEntries* s0->s4#90-t1,previous=(t:1, i:139),leaderCommit=139,initializing? false,entries: size=1, first=(t:1, i:140), METADATAENTRY(c:139)
2024-09-10 06:20:06,275 DEBUG server.RaftServer$Division (RaftServerImpl.java:logAppendEntries(1539)) - s14@group-5D788F7A274C: appendEntries* s0->s14#89-t1,previous=(t:1, i:139),leaderCommit=139,initializing? false,entries: size=1, first=(t:1, i:140), METADATAENTRY(c:139)
2024-09-10 06:20:06,275 DEBUG server.RaftServer$Division (RaftServerImpl.java:logAppendEntries(1539)) - s4@group-5D788F7A274C: appendEntries* reply s0<-s4#90:OK-t1,SUCCESS,nextIndex=141,followerCommit=139,matchIndex=140
2024-09-10 06:20:06,276 DEBUG server.RaftServer$Division (RaftServerImpl.java:logAppendEntries(1539)) - s2@group-5D788F7A274C: appendEntries* s0->s2#104-t1,previous=(t:1, i:139),leaderCommit=139,initializing? false,entries: size=1, first=(t:1, i:140), METADATAENTRY(c:139)
2024-09-10 06:20:06,276 DEBUG server.RaftServer$Division (RaftServerImpl.java:logAppendEntries(1539)) - s9@group-5D788F7A274C: appendEntries* s0->s9#105-t1,previous=(t:1, i:139),leaderCommit=139,initializing? false,entries: size=1, first=(t:1, i:140), METADATAENTRY(c:139)
2024-09-10 06:20:06,276 DEBUG server.RaftServer$Division (RaftServerImpl.java:logAppendEntries(1539)) - s12@group-5D788F7A274C: appendEntries* s0->s12#124-t1,previous=(t:1, i:139),leaderCommit=139,initializing? false,entries: size=1, first=(t:1, i:140), METADATAENTRY(c:139)
2024-09-10 06:20:06,276 DEBUG server.RaftServer$Division (RaftServerImpl.java:logAppendEntries(1539)) - s3@group-5D788F7A274C: appendEntries* s0->s3#118-t1,previous=(t:1, i:139),leaderCommit=139,initializing? false,entries: size=1, first=(t:1, i:140), METADATAENTRY(c:139)
2024-09-10 06:20:06,276 DEBUG server.RaftServer$Division (RaftServerImpl.java:logAppendEntries(1539)) - s9@group-5D788F7A274C: appendEntries* reply s0<-s9#105:OK-t1,SUCCESS,nextIndex=141,followerCommit=139,matchIndex=140
2024-09-10 06:20:06,276 DEBUG server.RaftServer$Division (RaftServerImpl.java:logAppendEntries(1539)) - s10@group-5D788F7A274C: appendEntries* s0->s10#544-t1,previous=(t:1, i:139),leaderCommit=139,initializing? false,entries: size=1, first=(t:1, i:140), METADATAENTRY(c:139)
2024-09-10 06:20:06,276 DEBUG server.RaftServer$Division (RaftServerImpl.java:logAppendEntries(1539)) - s12@group-5D788F7A274C: appendEntries* reply s0<-s12#124:OK-t1,SUCCESS,nextIndex=141,followerCommit=139,matchIndex=140
2024-09-10 06:20:06,277 DEBUG server.RaftServer$Division (RaftServerImpl.java:logAppendEntries(1539)) - s10@group-5D788F7A274C: appendEntries* reply s0<-s10#544:OK-t1,SUCCESS,nextIndex=141,followerCommit=139,matchIndex=140
2024-09-10 06:20:06,277 DEBUG server.RaftServer$Division (RaftServerImpl.java:logAppendEntries(1539)) - s14@group-5D788F7A274C: appendEntries* reply s0<-s14#89:OK-t1,SUCCESS,nextIndex=141,followerCommit=139,matchIndex=140
2024-09-10 06:20:06,277 DEBUG server.RaftServer$Division (RaftServerImpl.java:logAppendEntries(1539)) - s3@group-5D788F7A274C: appendEntries* reply s0<-s3#118:OK-t1,SUCCESS,nextIndex=141,followerCommit=139,matchIndex=140
2024-09-10 06:20:06,277 DEBUG server.RaftServer$Division (RaftServerImpl.java:logAppendEntries(1539)) - s2@group-5D788F7A274C: appendEntries* reply s0<-s2#104:OK-t1,SUCCESS,nextIndex=141,followerCommit=139,matchIndex=140
2024-09-10 06:20:06,279 DEBUG server.RaftServer$Division (RaftServerImpl.java:logAppendEntries(1539)) - s13@group-5D788F7A274C: appendEntries* s0->s13#112-t1,previous=(t:1, i:138),leaderCommit=138,initializing? false,entries: size=1, first=(t:1, i:139), STATEMACHINELOGENTRY, StateMachineLogEntryProto:4500@client-04EF324C57E0
2024-09-10 06:20:06,279 DEBUG server.RaftServer$Division (RaftServerImpl.java:logAppendEntries(1539)) - s13@group-5D788F7A274C: appendEntries* reply s0<-s13#112:OK-t1,SUCCESS,nextIndex=140,followerCommit=138,matchIndex=139
2024-09-10 06:20:06,279 DEBUG server.RaftServer$Division (RaftServerImpl.java:logAppendEntries(1539)) - s7@group-5D788F7A274C: appendEntries* s0->s7#97-t1,previous=(t:1, i:138),leaderCommit=138,initializing? false,entries: size=1, first=(t:1, i:139), STATEMACHINELOGENTRY, StateMachineLogEntryProto:4500@client-04EF324C57E0
2024-09-10 06:20:06,280 DEBUG server.RaftServer$Division (RaftServerImpl.java:logAppendEntries(1539)) - s7@group-5D788F7A274C: appendEntries* reply s0<-s7#97:OK-t1,SUCCESS,nextIndex=140,followerCommit=138,matchIndex=139
2024-09-10 06:20:06,280 DEBUG server.RaftServer$Division (RaftServerImpl.java:logAppendEntries(1539)) - s1@group-5D788F7A274C: appendEntries* s0->s1#538-t1,previous=(t:1, i:139),leaderCommit=139,initializing? false,entries: size=1, first=(t:1, i:140), METADATAENTRY(c:139)
2024-09-10 06:20:06,280 DEBUG server.RaftServer$Division (RaftServerImpl.java:logAppendEntries(1539)) - s11@group-5D788F7A274C: appendEntries* s0->s11#144-t1,previous=(t:1, i:139),leaderCommit=139,initializing? false,entries: size=1, first=(t:1, i:140), METADATAENTRY(c:139)
2024-09-10 06:20:06,280 DEBUG server.RaftServer$Division (RaftServerImpl.java:logAppendEntries(1539)) - s1@group-5D788F7A274C: appendEntries* reply s0<-s1#538:OK-t1,SUCCESS,nextIndex=141,followerCommit=139,matchIndex=140
2024-09-10 06:20:06,280 DEBUG server.RaftServer$Division (RaftServerImpl.java:logAppendEntries(1539)) - s8@group-5D788F7A274C: appendEntries* s0->s8#105-t1,previous=(t:1, i:139),leaderCommit=139,initializing? false,entries: size=1, first=(t:1, i:140), METADATAENTRY(c:139)
2024-09-10 06:20:06,281 DEBUG server.RaftServer$Division (RaftServerImpl.java:logAppendEntries(1539)) - s11@group-5D788F7A274C: appendEntries* reply s0<-s11#144:OK-t1,SUCCESS,nextIndex=141,followerCommit=139,matchIndex=140
2024-09-10 06:20:06,281 DEBUG server.RaftServer$Division (RaftServerImpl.java:logAppendEntries(1539)) - s8@group-5D788F7A274C: appendEntries* reply s0<-s8#105:OK-t1,SUCCESS,nextIndex=141,followerCommit=139,matchIndex=140
2024-09-10 06:20:06,283 DEBUG server.RaftServer$Division (RaftServerImpl.java:logAppendEntries(1539)) - s7@group-5D788F7A274C: appendEntries* s0->s7#107-t1,previous=(t:1, i:139),leaderCommit=139,initializing? false,entries: size=1, first=(t:1, i:140), METADATAENTRY(c:139)
2024-09-10 06:20:06,283 DEBUG server.RaftServer$Division (RaftServerImpl.java:logAppendEntries(1539)) - s7@group-5D788F7A274C: appendEntries* reply s0<-s7#107:OK-t1,SUCCESS,nextIndex=141,followerCommit=139,matchIndex=140
2024-09-10 06:20:06,285 DEBUG server.RaftServer$Division (RaftServerImpl.java:logAppendEntries(1539)) - s13@group-5D788F7A274C: appendEntries* s0->s13#126-t1,previous=(t:1, i:139),leaderCommit=139,initializing? false,entries: size=1, first=(t:1, i:140), METADATAENTRY(c:139)
2024-09-10 06:20:06,285 DEBUG server.RaftServer$Division (RaftServerImpl.java:logAppendEntries(1539)) - s5@group-5D788F7A274C: appendEntries* s0->s5#95-t1,previous=(t:1, i:139),leaderCommit=139,initializing? false,entries: size=1, first=(t:1, i:140), METADATAENTRY(c:139)
2024-09-10 06:20:06,285 DEBUG server.RaftServer$Division (RaftServerImpl.java:logAppendEntries(1539)) - s13@group-5D788F7A274C: appendEntries* reply s0<-s13#126:OK-t1,SUCCESS,nextIndex=141,followerCommit=139,matchIndex=140
2024-09-10 06:20:06,285 DEBUG server.RaftServer$Division (RaftServerImpl.java:logAppendEntries(1539)) - s5@group-5D788F7A274C: appendEntries* reply s0<-s5#95:OK-t1,SUCCESS,nextIndex=141,followerCommit=139,matchIndex=140
2024-09-10 06:20:06,286 DEBUG server.RaftServer$Division (RaftServerImpl.java:logAppendEntries(1539)) - s6@group-5D788F7A274C: appendEntries* s0->s6#109-t1,previous=(t:1, i:139),leaderCommit=139,initializing? false,entries: size=1, first=(t:1, i:140), METADATAENTRY(c:139)
2024-09-10 06:20:06,286 DEBUG server.RaftServer$Division (RaftServerImpl.java:logAppendEntries(1539)) - s6@group-5D788F7A274C: appendEntries* reply s0<-s6#109:OK-t1,SUCCESS,nextIndex=141,followerCommit=139,matchIndex=140
2024-09-10 06:20:06,289 DEBUG server.RaftServer$Division (RaftServerImpl.java:submitClientRequestAsync(910)) - s0@group-5D788F7A274C: receive client request(RaftClientRequest:client-04EF324C57E0->s0@group-5D788F7A274C, cid=4501, seq=null, RW, Message:01016200)
2024-09-10 06:20:06,289 DEBUG server.RaftServer$Division (LeaderStateImpl.java:addPendingRequest(532)) - s0@group-5D788F7A274C-LeaderStateImpl: addPendingRequest at RaftClientRequest:client-04EF324C57E0->s0@group-5D788F7A274C, cid=4501, seq=null, RW, Message:01016200, entry=(t:1, i:141), STATEMACHINELOGENTRY, WRITE: logData.size=4, stateMachineData.size=0, logEntryProtoSerializedSize=0
2024-09-10 06:20:06,290 DEBUG server.RaftServer$Division (RaftServerImpl.java:logAppendEntries(1539)) - s14@group-5D788F7A274C: appendEntries* s0->s14#112-t1,previous=(t:1, i:140),leaderCommit=140,initializing? false,entries: size=1, first=(t:1, i:141), STATEMACHINELOGENTRY, StateMachineLogEntryProto:4501@client-04EF324C57E0
2024-09-10 06:20:06,290 DEBUG server.RaftServer$Division (RaftServerImpl.java:logAppendEntries(1539)) - s12@group-5D788F7A274C: appendEntries* s0->s12#148-t1,previous=(t:1, i:140),leaderCommit=140,initializing? false,entries: size=1, first=(t:1, i:141), STATEMACHINELOGENTRY, StateMachineLogEntryProto:4501@client-04EF324C57E0
2024-09-10 06:20:06,290 DEBUG server.RaftServer$Division (RaftServerImpl.java:logAppendEntries(1539)) - s4@group-5D788F7A274C: appendEntries* s0->s4#107-t1,previous=(t:1, i:140),leaderCommit=140,initializing? false,entries: size=1, first=(t:1, i:141), STATEMACHINELOGENTRY, StateMachineLogEntryProto:4501@client-04EF324C57E0
2024-09-10 06:20:06,290 DEBUG server.RaftServer$Division (RaftServerImpl.java:logAppendEntries(1539)) - s3@group-5D788F7A274C: appendEntries* s0->s3#137-t1,previous=(t:1, i:140),leaderCommit=140,initializing? false,entries: size=1, first=(t:1, i:141), STATEMACHINELOGENTRY, StateMachineLogEntryProto:4501@client-04EF324C57E0
2024-09-10 06:20:06,291 DEBUG server.RaftServer$Division (RaftServerImpl.java:logAppendEntries(1539)) - s12@group-5D788F7A274C: appendEntries* reply s0<-s12#148:OK-t1,SUCCESS,nextIndex=142,followerCommit=140,matchIndex=141
2024-09-10 06:20:06,290 DEBUG server.RaftServer$Division (RaftServerImpl.java:logAppendEntries(1539)) - s10@group-5D788F7A274C: appendEntries* s0->s10#564-t1,previous=(t:1, i:140),leaderCommit=140,initializing? false,entries: size=1, first=(t:1, i:141), STATEMACHINELOGENTRY, StateMachineLogEntryProto:4501@client-04EF324C57E0
2024-09-10 06:20:06,291 DEBUG server.RaftServer$Division (RaftServerImpl.java:logAppendEntries(1539)) - s2@group-5D788F7A274C: appendEntries* s0->s2#123-t1,previous=(t:1, i:140),leaderCommit=140,initializing? false,entries: size=1, first=(t:1, i:141), STATEMACHINELOGENTRY, StateMachineLogEntryProto:4501@client-04EF324C57E0
2024-09-10 06:20:06,291 DEBUG server.RaftServer$Division (RaftServerImpl.java:logAppendEntries(1539)) - s4@group-5D788F7A274C: appendEntries* reply s0<-s4#107:OK-t1,SUCCESS,nextIndex=142,followerCommit=140,matchIndex=141
2024-09-10 06:20:06,291 DEBUG server.RaftServer$Division (RaftServerImpl.java:logAppendEntries(1539)) - s9@group-5D788F7A274C: appendEntries* s0->s9#123-t1,previous=(t:1, i:140),leaderCommit=140,initializing? false,entries: size=1, first=(t:1, i:141), STATEMACHINELOGENTRY, StateMachineLogEntryProto:4501@client-04EF324C57E0
2024-09-10 06:20:06,291 DEBUG server.RaftServer$Division (RaftServerImpl.java:logAppendEntries(1539)) - s10@group-5D788F7A274C: appendEntries* reply s0<-s10#564:OK-t1,SUCCESS,nextIndex=142,followerCommit=140,matchIndex=141
2024-09-10 06:20:06,291 DEBUG server.RaftServer$Division (RaftServerImpl.java:logAppendEntries(1539)) - s2@group-5D788F7A274C: appendEntries* reply s0<-s2#123:OK-t1,SUCCESS,nextIndex=142,followerCommit=140,matchIndex=141
2024-09-10 06:20:06,292 DEBUG server.RaftServer$Division (RaftServerImpl.java:logAppendEntries(1539)) - s14@group-5D788F7A274C: appendEntries* reply s0<-s14#112:OK-t1,SUCCESS,nextIndex=142,followerCommit=140,matchIndex=141
2024-09-10 06:20:06,292 DEBUG server.RaftServer$Division (RaftServerImpl.java:logAppendEntries(1539)) - s3@group-5D788F7A274C: appendEntries* reply s0<-s3#137:OK-t1,SUCCESS,nextIndex=142,followerCommit=140,matchIndex=141
2024-09-10 06:20:06,292 DEBUG server.RaftServer$Division (RaftServerImpl.java:logAppendEntries(1539)) - s9@group-5D788F7A274C: appendEntries* reply s0<-s9#123:OK-t1,SUCCESS,nextIndex=142,followerCommit=140,matchIndex=141
2024-09-10 06:20:06,293 INFO  statemachine.StateMachine (ArithmeticStateMachine.java:applyTransaction(181)) - LEADER:s0-141: b = null = null
2024-09-10 06:20:06,294 DEBUG server.RaftServer$Division (RaftServerImpl.java:logAppendEntries(1539)) - s3@group-5D788F7A274C: appendEntries* s0->s3#141-t1,previous=(t:1, i:141),leaderCommit=141,initializing? false,entries: size=1, first=(t:1, i:142), METADATAENTRY(c:141)
2024-09-10 06:20:06,294 DEBUG server.RaftServer$Division (RaftServerImpl.java:logAppendEntries(1539)) - s9@group-5D788F7A274C: appendEntries* s0->s9#128-t1,previous=(t:1, i:141),leaderCommit=141,initializing? false,entries: size=1, first=(t:1, i:142), METADATAENTRY(c:141)
2024-09-10 06:20:06,294 DEBUG server.RaftServer$Division (RaftServerImpl.java:logAppendEntries(1539)) - s14@group-5D788F7A274C: appendEntries* s0->s14#114-t1,previous=(t:1, i:141),leaderCommit=141,initializing? false,entries: size=1, first=(t:1, i:142), METADATAENTRY(c:141)
2024-09-10 06:20:06,294 DEBUG server.RaftServer$Division (RaftServerImpl.java:logAppendEntries(1539)) - s3@group-5D788F7A274C: appendEntries* reply s0<-s3#141:OK-t1,SUCCESS,nextIndex=143,followerCommit=141,matchIndex=142
2024-09-10 06:20:06,294 DEBUG server.RaftServer$Division (RaftServerImpl.java:logAppendEntries(1539)) - s12@group-5D788F7A274C: appendEntries* s0->s12#151-t1,previous=(t:1, i:141),leaderCommit=141,initializing? false,entries: size=1, first=(t:1, i:142), METADATAENTRY(c:141)
2024-09-10 06:20:06,294 DEBUG server.RaftServer$Division (RaftServerImpl.java:logAppendEntries(1539)) - s2@group-5D788F7A274C: appendEntries* s0->s2#126-t1,previous=(t:1, i:141),leaderCommit=141,initializing? false,entries: size=1, first=(t:1, i:142), METADATAENTRY(c:141)
2024-09-10 06:20:06,294 DEBUG server.RaftServer$Division (RaftServerImpl.java:logAppendEntries(1539)) - s4@group-5D788F7A274C: appendEntries* s0->s4#109-t1,previous=(t:1, i:141),leaderCommit=141,initializing? false,entries: size=1, first=(t:1, i:142), METADATAENTRY(c:141)
2024-09-10 06:20:06,294 DEBUG server.RaftServer$Division (RaftServerImpl.java:logAppendEntries(1539)) - s10@group-5D788F7A274C: appendEntries* s0->s10#566-t1,previous=(t:1, i:141),leaderCommit=141,initializing? false,entries: size=1, first=(t:1, i:142), METADATAENTRY(c:141)
2024-09-10 06:20:06,295 DEBUG server.RaftServer$Division (RaftServerImpl.java:logAppendEntries(1539)) - s14@group-5D788F7A274C: appendEntries* reply s0<-s14#114:OK-t1,SUCCESS,nextIndex=143,followerCommit=141,matchIndex=142
2024-09-10 06:20:06,295 DEBUG server.RaftServer$Division (RaftServerImpl.java:logAppendEntries(1539)) - s9@group-5D788F7A274C: appendEntries* reply s0<-s9#128:OK-t1,SUCCESS,nextIndex=143,followerCommit=141,matchIndex=142
2024-09-10 06:20:06,295 DEBUG server.RaftServer$Division (RaftServerImpl.java:logAppendEntries(1539)) - s10@group-5D788F7A274C: appendEntries* reply s0<-s10#566:OK-t1,SUCCESS,nextIndex=143,followerCommit=141,matchIndex=142
2024-09-10 06:20:06,295 DEBUG server.RaftServer$Division (RaftServerImpl.java:logAppendEntries(1539)) - s2@group-5D788F7A274C: appendEntries* reply s0<-s2#126:OK-t1,SUCCESS,nextIndex=143,followerCommit=141,matchIndex=142
2024-09-10 06:20:06,295 DEBUG server.RaftServer$Division (RaftServerImpl.java:logAppendEntries(1539)) - s4@group-5D788F7A274C: appendEntries* reply s0<-s4#109:OK-t1,SUCCESS,nextIndex=143,followerCommit=141,matchIndex=142
2024-09-10 06:20:06,295 DEBUG server.RaftServer$Division (RaftServerImpl.java:logAppendEntries(1539)) - s12@group-5D788F7A274C: appendEntries* reply s0<-s12#151:OK-t1,SUCCESS,nextIndex=143,followerCommit=141,matchIndex=142
2024-09-10 06:20:06,296 DEBUG server.RaftServer$Division (RaftServerImpl.java:logAppendEntries(1539)) - s6@group-5D788F7A274C: appendEntries* s0->s6#132-t1,previous=(t:1, i:140),leaderCommit=140,initializing? false,entries: size=1, first=(t:1, i:141), STATEMACHINELOGENTRY, StateMachineLogEntryProto:4501@client-04EF324C57E0
2024-09-10 06:20:06,297 DEBUG server.RaftServer$Division (RaftServerImpl.java:logAppendEntries(1539)) - s6@group-5D788F7A274C: appendEntries* reply s0<-s6#132:OK-t1,SUCCESS,nextIndex=142,followerCommit=140,matchIndex=141
2024-09-10 06:20:06,297 DEBUG server.RaftServer$Division (RaftServerImpl.java:logAppendEntries(1539)) - s13@group-5D788F7A274C: appendEntries* s0->s13#151-t1,previous=(t:1, i:140),leaderCommit=140,initializing? false,entries: size=1, first=(t:1, i:141), STATEMACHINELOGENTRY, StateMachineLogEntryProto:4501@client-04EF324C57E0
2024-09-10 06:20:06,297 DEBUG server.RaftServer$Division (RaftServerImpl.java:logAppendEntries(1539)) - s13@group-5D788F7A274C: appendEntries* reply s0<-s13#151:OK-t1,SUCCESS,nextIndex=142,followerCommit=140,matchIndex=141
2024-09-10 06:20:06,299 DEBUG server.RaftServer$Division (RaftServerImpl.java:logAppendEntries(1539)) - s7@group-5D788F7A274C: appendEntries* s0->s7#129-t1,previous=(t:1, i:140),leaderCommit=140,initializing? false,entries: size=1, first=(t:1, i:141), STATEMACHINELOGENTRY, StateMachineLogEntryProto:4501@client-04EF324C57E0
2024-09-10 06:20:06,299 DEBUG server.RaftServer$Division (RaftServerImpl.java:logAppendEntries(1539)) - s5@group-5D788F7A274C: appendEntries* s0->s5#118-t1,previous=(t:1, i:140),leaderCommit=140,initializing? false,entries: size=1, first=(t:1, i:141), STATEMACHINELOGENTRY, StateMachineLogEntryProto:4501@client-04EF324C57E0
2024-09-10 06:20:06,299 DEBUG server.RaftServer$Division (RaftServerImpl.java:logAppendEntries(1539)) - s7@group-5D788F7A274C: appendEntries* reply s0<-s7#129:OK-t1,SUCCESS,nextIndex=142,followerCommit=140,matchIndex=141
2024-09-10 06:20:06,299 DEBUG server.RaftServer$Division (RaftServerImpl.java:logAppendEntries(1539)) - s5@group-5D788F7A274C: appendEntries* reply s0<-s5#118:OK-t1,SUCCESS,nextIndex=142,followerCommit=140,matchIndex=141
2024-09-10 06:20:06,300 DEBUG server.RaftServer$Division (RaftServerImpl.java:logAppendEntries(1539)) - s11@group-5D788F7A274C: appendEntries* s0->s11#167-t1,previous=(t:1, i:140),leaderCommit=140,initializing? false,entries: size=1, first=(t:1, i:141), STATEMACHINELOGENTRY, StateMachineLogEntryProto:4501@client-04EF324C57E0
2024-09-10 06:20:06,300 DEBUG server.RaftServer$Division (RaftServerImpl.java:logAppendEntries(1539)) - s11@group-5D788F7A274C: appendEntries* s0->s11#173-t1,previous=(t:1, i:141),leaderCommit=141,initializing? false,entries: size=1, first=(t:1, i:142), METADATAENTRY(c:141)
2024-09-10 06:20:06,300 DEBUG server.RaftServer$Division (RaftServerImpl.java:logAppendEntries(1539)) - s11@group-5D788F7A274C: appendEntries* reply s0<-s11#167:OK-t1,SUCCESS,nextIndex=142,followerCommit=140,matchIndex=141
2024-09-10 06:20:06,301 DEBUG server.RaftServer$Division (RaftServerImpl.java:logAppendEntries(1539)) - s11@group-5D788F7A274C: appendEntries* reply s0<-s11#173:OK-t1,SUCCESS,nextIndex=143,followerCommit=141,matchIndex=142
2024-09-10 06:20:06,301 DEBUG server.RaftServer$Division (RaftServerImpl.java:logAppendEntries(1539)) - s8@group-5D788F7A274C: appendEntries* s0->s8#129-t1,previous=(t:1, i:140),leaderCommit=140,initializing? false,entries: size=1, first=(t:1, i:141), STATEMACHINELOGENTRY, StateMachineLogEntryProto:4501@client-04EF324C57E0
2024-09-10 06:20:06,301 DEBUG server.RaftServer$Division (RaftServerImpl.java:logAppendEntries(1539)) - s8@group-5D788F7A274C: appendEntries* reply s0<-s8#129:OK-t1,SUCCESS,nextIndex=142,followerCommit=140,matchIndex=141
2024-09-10 06:20:06,301 DEBUG server.RaftServer$Division (RaftServerImpl.java:logAppendEntries(1539)) - s8@group-5D788F7A274C: appendEntries* s0->s8#134-t1,previous=(t:1, i:141),leaderCommit=141,initializing? false,entries: size=1, first=(t:1, i:142), METADATAENTRY(c:141)
2024-09-10 06:20:06,301 DEBUG server.RaftServer$Division (RaftServerImpl.java:logAppendEntries(1539)) - s8@group-5D788F7A274C: appendEntries* reply s0<-s8#134:OK-t1,SUCCESS,nextIndex=143,followerCommit=141,matchIndex=142
2024-09-10 06:20:06,302 DEBUG server.RaftServer$Division (RaftServerImpl.java:logAppendEntries(1539)) - s1@group-5D788F7A274C: appendEntries* s0->s1#560-t1,previous=(t:1, i:140),leaderCommit=140,initializing? false,entries: size=1, first=(t:1, i:141), STATEMACHINELOGENTRY, StateMachineLogEntryProto:4501@client-04EF324C57E0
2024-09-10 06:20:06,302 DEBUG server.RaftServer$Division (RaftServerImpl.java:logAppendEntries(1539)) - s6@group-5D788F7A274C: appendEntries* s0->s6#137-t1,previous=(t:1, i:141),leaderCommit=141,initializing? false,entries: size=1, first=(t:1, i:142), METADATAENTRY(c:141)
2024-09-10 06:20:06,302 DEBUG server.RaftServer$Division (RaftServerImpl.java:logAppendEntries(1539)) - s6@group-5D788F7A274C: appendEntries* reply s0<-s6#137:OK-t1,SUCCESS,nextIndex=143,followerCommit=141,matchIndex=142
2024-09-10 06:20:06,302 DEBUG server.RaftServer$Division (RaftServerImpl.java:logAppendEntries(1539)) - s1@group-5D788F7A274C: appendEntries* s0->s1#562-t1,previous=(t:1, i:141),leaderCommit=141,initializing? false,entries: size=1, first=(t:1, i:142), METADATAENTRY(c:141)
2024-09-10 06:20:06,302 DEBUG server.RaftServer$Division (RaftServerImpl.java:logAppendEntries(1539)) - s1@group-5D788F7A274C: appendEntries* reply s0<-s1#560:OK-t1,SUCCESS,nextIndex=142,followerCommit=140,matchIndex=141
2024-09-10 06:20:06,302 DEBUG server.RaftServer$Division (RaftServerImpl.java:logAppendEntries(1539)) - s1@group-5D788F7A274C: appendEntries* reply s0<-s1#562:OK-t1,SUCCESS,nextIndex=143,followerCommit=141,matchIndex=142
2024-09-10 06:20:06,303 DEBUG server.RaftServer$Division (RaftServerImpl.java:logAppendEntries(1539)) - s13@group-5D788F7A274C: appendEntries* s0->s13#156-t1,previous=(t:1, i:141),leaderCommit=141,initializing? false,entries: size=1, first=(t:1, i:142), METADATAENTRY(c:141)
2024-09-10 06:20:06,303 DEBUG server.RaftServer$Division (RaftServerImpl.java:logAppendEntries(1539)) - s13@group-5D788F7A274C: appendEntries* reply s0<-s13#156:OK-t1,SUCCESS,nextIndex=143,followerCommit=141,matchIndex=142
2024-09-10 06:20:06,304 DEBUG server.RaftServer$Division (RaftServerImpl.java:logAppendEntries(1539)) - s7@group-5D788F7A274C: appendEntries* s0->s7#132-t1,previous=(t:1, i:141),leaderCommit=141,initializing? false,entries: size=1, first=(t:1, i:142), METADATAENTRY(c:141)
2024-09-10 06:20:06,304 DEBUG server.RaftServer$Division (RaftServerImpl.java:logAppendEntries(1539)) - s7@group-5D788F7A274C: appendEntries* reply s0<-s7#132:OK-t1,SUCCESS,nextIndex=143,followerCommit=141,matchIndex=142
2024-09-10 06:20:06,304 DEBUG server.RaftServer$Division (RaftServerImpl.java:logAppendEntries(1539)) - s5@group-5D788F7A274C: appendEntries* s0->s5#124-t1,previous=(t:1, i:141),leaderCommit=141,initializing? false,entries: size=1, first=(t:1, i:142), METADATAENTRY(c:141)
2024-09-10 06:20:06,305 DEBUG server.RaftServer$Division (RaftServerImpl.java:logAppendEntries(1539)) - s5@group-5D788F7A274C: appendEntries* reply s0<-s5#124:OK-t1,SUCCESS,nextIndex=143,followerCommit=141,matchIndex=142
2024-09-10 06:20:06,305 DEBUG server.RaftServer$Division (RaftServerImpl.java:submitClientRequestAsync(910)) - s0@group-5D788F7A274C: receive client request(RaftClientRequest:client-04EF324C57E0->s0@group-5D788F7A274C, cid=4502, seq=null, RW, Message:01016300)
2024-09-10 06:20:06,305 DEBUG server.RaftServer$Division (LeaderStateImpl.java:addPendingRequest(532)) - s0@group-5D788F7A274C-LeaderStateImpl: addPendingRequest at RaftClientRequest:client-04EF324C57E0->s0@group-5D788F7A274C, cid=4502, seq=null, RW, Message:01016300, entry=(t:1, i:143), STATEMACHINELOGENTRY, WRITE: logData.size=4, stateMachineData.size=0, logEntryProtoSerializedSize=0
2024-09-10 06:20:06,306 DEBUG server.RaftServer$Division (RaftServerImpl.java:logAppendEntries(1539)) - s14@group-5D788F7A274C: appendEntries* s0->s14#122-t1,previous=(t:1, i:142),leaderCommit=142,initializing? false,entries: size=1, first=(t:1, i:143), STATEMACHINELOGENTRY, StateMachineLogEntryProto:4502@client-04EF324C57E0
2024-09-10 06:20:06,306 DEBUG server.RaftServer$Division (RaftServerImpl.java:logAppendEntries(1539)) - s10@group-5D788F7A274C: appendEntries* s0->s10#576-t1,previous=(t:1, i:142),leaderCommit=142,initializing? false,entries: size=1, first=(t:1, i:143), STATEMACHINELOGENTRY, StateMachineLogEntryProto:4502@client-04EF324C57E0
2024-09-10 06:20:06,307 DEBUG server.RaftServer$Division (RaftServerImpl.java:logAppendEntries(1539)) - s3@group-5D788F7A274C: appendEntries* s0->s3#147-t1,previous=(t:1, i:142),leaderCommit=142,initializing? false,entries: size=1, first=(t:1, i:143), STATEMACHINELOGENTRY, StateMachineLogEntryProto:4502@client-04EF324C57E0
2024-09-10 06:20:06,307 DEBUG server.RaftServer$Division (RaftServerImpl.java:logAppendEntries(1539)) - s9@group-5D788F7A274C: appendEntries* s0->s9#136-t1,previous=(t:1, i:142),leaderCommit=142,initializing? false,entries: size=1, first=(t:1, i:143), STATEMACHINELOGENTRY, StateMachineLogEntryProto:4502@client-04EF324C57E0
2024-09-10 06:20:06,307 DEBUG server.RaftServer$Division (RaftServerImpl.java:logAppendEntries(1539)) - s12@group-5D788F7A274C: appendEntries* s0->s12#159-t1,previous=(t:1, i:142),leaderCommit=142,initializing? false,entries: size=1, first=(t:1, i:143), STATEMACHINELOGENTRY, StateMachineLogEntryProto:4502@client-04EF324C57E0
2024-09-10 06:20:06,307 DEBUG server.RaftServer$Division (RaftServerImpl.java:logAppendEntries(1539)) - s2@group-5D788F7A274C: appendEntries* s0->s2#133-t1,previous=(t:1, i:142),leaderCommit=142,initializing? false,entries: size=1, first=(t:1, i:143), STATEMACHINELOGENTRY, StateMachineLogEntryProto:4502@client-04EF324C57E0
2024-09-10 06:20:06,307 DEBUG server.RaftServer$Division (RaftServerImpl.java:logAppendEntries(1539)) - s9@group-5D788F7A274C: appendEntries* reply s0<-s9#136:OK-t1,SUCCESS,nextIndex=144,followerCommit=142,matchIndex=143
2024-09-10 06:20:06,307 DEBUG server.RaftServer$Division (RaftServerImpl.java:logAppendEntries(1539)) - s10@group-5D788F7A274C: appendEntries* reply s0<-s10#576:OK-t1,SUCCESS,nextIndex=144,followerCommit=142,matchIndex=143
2024-09-10 06:20:06,307 DEBUG server.RaftServer$Division (RaftServerImpl.java:logAppendEntries(1539)) - s14@group-5D788F7A274C: appendEntries* reply s0<-s14#122:OK-t1,SUCCESS,nextIndex=144,followerCommit=142,matchIndex=143
2024-09-10 06:20:06,307 DEBUG server.RaftServer$Division (RaftServerImpl.java:logAppendEntries(1539)) - s3@group-5D788F7A274C: appendEntries* reply s0<-s3#147:OK-t1,SUCCESS,nextIndex=144,followerCommit=142,matchIndex=143
2024-09-10 06:20:06,307 DEBUG server.RaftServer$Division (RaftServerImpl.java:logAppendEntries(1539)) - s2@group-5D788F7A274C: appendEntries* reply s0<-s2#133:OK-t1,SUCCESS,nextIndex=144,followerCommit=142,matchIndex=143
2024-09-10 06:20:06,307 DEBUG server.RaftServer$Division (RaftServerImpl.java:logAppendEntries(1539)) - s4@group-5D788F7A274C: appendEntries* s0->s4#117-t1,previous=(t:1, i:142),leaderCommit=142,initializing? false,entries: size=1, first=(t:1, i:143), STATEMACHINELOGENTRY, StateMachineLogEntryProto:4502@client-04EF324C57E0
2024-09-10 06:20:06,308 DEBUG server.RaftServer$Division (RaftServerImpl.java:logAppendEntries(1539)) - s12@group-5D788F7A274C: appendEntries* reply s0<-s12#159:OK-t1,SUCCESS,nextIndex=144,followerCommit=142,matchIndex=143
2024-09-10 06:20:06,308 DEBUG server.RaftServer$Division (RaftServerImpl.java:logAppendEntries(1539)) - s4@group-5D788F7A274C: appendEntries* reply s0<-s4#117:OK-t1,SUCCESS,nextIndex=144,followerCommit=142,matchIndex=143
2024-09-10 06:20:06,309 INFO  statemachine.StateMachine (ArithmeticStateMachine.java:applyTransaction(181)) - LEADER:s0-143: c = null = null
2024-09-10 06:20:06,309 DEBUG server.RaftServer$Division (RaftServerImpl.java:logAppendEntries(1539)) - s14@group-5D788F7A274C: appendEntries* s0->s14#123-t1,previous=(t:1, i:143),leaderCommit=143,initializing? false,entries: size=1, first=(t:1, i:144), METADATAENTRY(c:143)
2024-09-10 06:20:06,309 DEBUG server.RaftServer$Division (RaftServerImpl.java:logAppendEntries(1539)) - s10@group-5D788F7A274C: appendEntries* s0->s10#580-t1,previous=(t:1, i:143),leaderCommit=143,initializing? false,entries: size=1, first=(t:1, i:144), METADATAENTRY(c:143)
2024-09-10 06:20:06,310 DEBUG server.RaftServer$Division (RaftServerImpl.java:logAppendEntries(1539)) - s14@group-5D788F7A274C: appendEntries* reply s0<-s14#123:OK-t1,SUCCESS,nextIndex=145,followerCommit=143,matchIndex=144
2024-09-10 06:20:06,310 DEBUG server.RaftServer$Division (RaftServerImpl.java:logAppendEntries(1539)) - s10@group-5D788F7A274C: appendEntries* reply s0<-s10#580:OK-t1,SUCCESS,nextIndex=145,followerCommit=143,matchIndex=144
2024-09-10 06:20:06,310 DEBUG server.RaftServer$Division (RaftServerImpl.java:logAppendEntries(1539)) - s4@group-5D788F7A274C: appendEntries* s0->s4#122-t1,previous=(t:1, i:143),leaderCommit=143,initializing? false,entries: size=1, first=(t:1, i:144), METADATAENTRY(c:143)
2024-09-10 06:20:06,310 DEBUG server.RaftServer$Division (RaftServerImpl.java:logAppendEntries(1539)) - s9@group-5D788F7A274C: appendEntries* s0->s9#141-t1,previous=(t:1, i:143),leaderCommit=143,initializing? false,entries: size=1, first=(t:1, i:144), METADATAENTRY(c:143)
2024-09-10 06:20:06,310 DEBUG server.RaftServer$Division (RaftServerImpl.java:logAppendEntries(1539)) - s12@group-5D788F7A274C: appendEntries* s0->s12#162-t1,previous=(t:1, i:143),leaderCommit=143,initializing? false,entries: size=1, first=(t:1, i:144), METADATAENTRY(c:143)
2024-09-10 06:20:06,310 DEBUG server.RaftServer$Division (RaftServerImpl.java:logAppendEntries(1539)) - s2@group-5D788F7A274C: appendEntries* s0->s2#136-t1,previous=(t:1, i:143),leaderCommit=143,initializing? false,entries: size=1, first=(t:1, i:144), METADATAENTRY(c:143)
2024-09-10 06:20:06,310 DEBUG server.RaftServer$Division (RaftServerImpl.java:logAppendEntries(1539)) - s9@group-5D788F7A274C: appendEntries* reply s0<-s9#141:OK-t1,SUCCESS,nextIndex=145,followerCommit=143,matchIndex=144
2024-09-10 06:20:06,310 DEBUG server.RaftServer$Division (RaftServerImpl.java:logAppendEntries(1539)) - s12@group-5D788F7A274C: appendEntries* reply s0<-s12#162:OK-t1,SUCCESS,nextIndex=145,followerCommit=143,matchIndex=144
2024-09-10 06:20:06,311 DEBUG server.RaftServer$Division (RaftServerImpl.java:logAppendEntries(1539)) - s2@group-5D788F7A274C: appendEntries* reply s0<-s2#136:OK-t1,SUCCESS,nextIndex=145,followerCommit=143,matchIndex=144
2024-09-10 06:20:06,311 DEBUG server.RaftServer$Division (RaftServerImpl.java:logAppendEntries(1539)) - s4@group-5D788F7A274C: appendEntries* reply s0<-s4#122:OK-t1,SUCCESS,nextIndex=145,followerCommit=143,matchIndex=144
2024-09-10 06:20:06,311 DEBUG server.RaftServer$Division (RaftServerImpl.java:logAppendEntries(1539)) - s3@group-5D788F7A274C: appendEntries* s0->s3#149-t1,previous=(t:1, i:143),leaderCommit=143,initializing? false,entries: size=1, first=(t:1, i:144), METADATAENTRY(c:143)
2024-09-10 06:20:06,311 DEBUG server.RaftServer$Division (RaftServerImpl.java:logAppendEntries(1539)) - s3@group-5D788F7A274C: appendEntries* reply s0<-s3#149:OK-t1,SUCCESS,nextIndex=145,followerCommit=143,matchIndex=144
2024-09-10 06:20:06,314 DEBUG server.RaftServer$Division (RaftServerImpl.java:logAppendEntries(1539)) - s11@group-5D788F7A274C: appendEntries* s0->s11#185-t1,previous=(t:1, i:142),leaderCommit=142,initializing? false,entries: size=1, first=(t:1, i:143), STATEMACHINELOGENTRY, StateMachineLogEntryProto:4502@client-04EF324C57E0
2024-09-10 06:20:06,314 DEBUG server.RaftServer$Division (RaftServerImpl.java:logAppendEntries(1539)) - s8@group-5D788F7A274C: appendEntries* s0->s8#146-t1,previous=(t:1, i:142),leaderCommit=142,initializing? false,entries: size=1, first=(t:1, i:143), STATEMACHINELOGENTRY, StateMachineLogEntryProto:4502@client-04EF324C57E0
2024-09-10 06:20:06,314 DEBUG server.RaftServer$Division (RaftServerImpl.java:logAppendEntries(1539)) - s11@group-5D788F7A274C: appendEntries* reply s0<-s11#185:OK-t1,SUCCESS,nextIndex=144,followerCommit=142,matchIndex=143
2024-09-10 06:20:06,314 DEBUG server.RaftServer$Division (RaftServerImpl.java:logAppendEntries(1539)) - s11@group-5D788F7A274C: appendEntries* s0->s11#190-t1,previous=(t:1, i:143),leaderCommit=143,initializing? false,entries: size=1, first=(t:1, i:144), METADATAENTRY(c:143)
2024-09-10 06:20:06,314 DEBUG server.RaftServer$Division (RaftServerImpl.java:logAppendEntries(1539)) - s8@group-5D788F7A274C: appendEntries* reply s0<-s8#146:OK-t1,SUCCESS,nextIndex=144,followerCommit=142,matchIndex=143
2024-09-10 06:20:06,315 DEBUG server.RaftServer$Division (RaftServerImpl.java:logAppendEntries(1539)) - s8@group-5D788F7A274C: appendEntries* s0->s8#152-t1,previous=(t:1, i:143),leaderCommit=143,initializing? false,entries: size=1, first=(t:1, i:144), METADATAENTRY(c:143)
2024-09-10 06:20:06,315 DEBUG server.RaftServer$Division (RaftServerImpl.java:logAppendEntries(1539)) - s11@group-5D788F7A274C: appendEntries* reply s0<-s11#190:OK-t1,SUCCESS,nextIndex=145,followerCommit=143,matchIndex=144
2024-09-10 06:20:06,315 DEBUG server.RaftServer$Division (RaftServerImpl.java:logAppendEntries(1539)) - s8@group-5D788F7A274C: appendEntries* reply s0<-s8#152:OK-t1,SUCCESS,nextIndex=145,followerCommit=143,matchIndex=144
2024-09-10 06:20:06,315 DEBUG server.RaftServer$Division (RaftServerImpl.java:logAppendEntries(1539)) - s1@group-5D788F7A274C: appendEntries* s0->s1#571-t1,previous=(t:1, i:142),leaderCommit=142,initializing? false,entries: size=1, first=(t:1, i:143), STATEMACHINELOGENTRY, StateMachineLogEntryProto:4502@client-04EF324C57E0
2024-09-10 06:20:06,316 DEBUG server.RaftServer$Division (RaftServerImpl.java:logAppendEntries(1539)) - s1@group-5D788F7A274C: appendEntries* s0->s1#574-t1,previous=(t:1, i:143),leaderCommit=143,initializing? false,entries: size=1, first=(t:1, i:144), METADATAENTRY(c:143)
2024-09-10 06:20:06,316 DEBUG server.RaftServer$Division (RaftServerImpl.java:logAppendEntries(1539)) - s1@group-5D788F7A274C: appendEntries* reply s0<-s1#571:OK-t1,SUCCESS,nextIndex=144,followerCommit=142,matchIndex=143
2024-09-10 06:20:06,316 DEBUG server.RaftServer$Division (RaftServerImpl.java:logAppendEntries(1539)) - s7@group-5D788F7A274C: appendEntries* s0->s7#141-t1,previous=(t:1, i:142),leaderCommit=142,initializing? false,entries: size=1, first=(t:1, i:143), STATEMACHINELOGENTRY, StateMachineLogEntryProto:4502@client-04EF324C57E0
2024-09-10 06:20:06,316 DEBUG server.RaftServer$Division (RaftServerImpl.java:logAppendEntries(1539)) - s13@group-5D788F7A274C: appendEntries* s0->s13#167-t1,previous=(t:1, i:142),leaderCommit=142,initializing? false,entries: size=1, first=(t:1, i:143), STATEMACHINELOGENTRY, StateMachineLogEntryProto:4502@client-04EF324C57E0
2024-09-10 06:20:06,316 DEBUG server.RaftServer$Division (RaftServerImpl.java:logAppendEntries(1539)) - s5@group-5D788F7A274C: appendEntries* s0->s5#136-t1,previous=(t:1, i:142),leaderCommit=142,initializing? false,entries: size=1, first=(t:1, i:143), STATEMACHINELOGENTRY, StateMachineLogEntryProto:4502@client-04EF324C57E0
2024-09-10 06:20:06,316 DEBUG server.RaftServer$Division (RaftServerImpl.java:logAppendEntries(1539)) - s6@group-5D788F7A274C: appendEntries* s0->s6#148-t1,previous=(t:1, i:142),leaderCommit=142,initializing? false,entries: size=1, first=(t:1, i:143), STATEMACHINELOGENTRY, StateMachineLogEntryProto:4502@client-04EF324C57E0
2024-09-10 06:20:06,317 DEBUG server.RaftServer$Division (RaftServerImpl.java:logAppendEntries(1539)) - s1@group-5D788F7A274C: appendEntries* reply s0<-s1#574:OK-t1,SUCCESS,nextIndex=145,followerCommit=143,matchIndex=144
2024-09-10 06:20:06,317 DEBUG server.RaftServer$Division (RaftServerImpl.java:logAppendEntries(1539)) - s5@group-5D788F7A274C: appendEntries* reply s0<-s5#136:OK-t1,SUCCESS,nextIndex=144,followerCommit=142,matchIndex=143
2024-09-10 06:20:06,317 DEBUG server.RaftServer$Division (RaftServerImpl.java:logAppendEntries(1539)) - s6@group-5D788F7A274C: appendEntries* reply s0<-s6#148:OK-t1,SUCCESS,nextIndex=144,followerCommit=142,matchIndex=143
2024-09-10 06:20:06,317 DEBUG server.RaftServer$Division (RaftServerImpl.java:logAppendEntries(1539)) - s7@group-5D788F7A274C: appendEntries* reply s0<-s7#141:OK-t1,SUCCESS,nextIndex=144,followerCommit=142,matchIndex=143
2024-09-10 06:20:06,317 DEBUG server.RaftServer$Division (RaftServerImpl.java:logAppendEntries(1539)) - s13@group-5D788F7A274C: appendEntries* reply s0<-s13#167:OK-t1,SUCCESS,nextIndex=144,followerCommit=142,matchIndex=143
2024-09-10 06:20:06,319 DEBUG server.RaftServer$Division (RaftServerImpl.java:logAppendEntries(1539)) - s13@group-5D788F7A274C: appendEntries* s0->s13#170-t1,previous=(t:1, i:143),leaderCommit=143,initializing? false,entries: size=1, first=(t:1, i:144), METADATAENTRY(c:143)
2024-09-10 06:20:06,320 DEBUG server.RaftServer$Division (RaftServerImpl.java:logAppendEntries(1539)) - s13@group-5D788F7A274C: appendEntries* reply s0<-s13#170:OK-t1,SUCCESS,nextIndex=145,followerCommit=143,matchIndex=144
2024-09-10 06:20:06,320 DEBUG server.RaftServer$Division (RaftServerImpl.java:logAppendEntries(1539)) - s7@group-5D788F7A274C: appendEntries* s0->s7#144-t1,previous=(t:1, i:143),leaderCommit=143,initializing? false,entries: size=1, first=(t:1, i:144), METADATAENTRY(c:143)
2024-09-10 06:20:06,320 DEBUG server.RaftServer$Division (RaftServerImpl.java:logAppendEntries(1539)) - s5@group-5D788F7A274C: appendEntries* s0->s5#142-t1,previous=(t:1, i:143),leaderCommit=143,initializing? false,entries: size=1, first=(t:1, i:144), METADATAENTRY(c:143)
2024-09-10 06:20:06,320 DEBUG server.RaftServer$Division (RaftServerImpl.java:logAppendEntries(1539)) - s7@group-5D788F7A274C: appendEntries* reply s0<-s7#144:OK-t1,SUCCESS,nextIndex=145,followerCommit=143,matchIndex=144
2024-09-10 06:20:06,320 DEBUG server.RaftServer$Division (RaftServerImpl.java:logAppendEntries(1539)) - s5@group-5D788F7A274C: appendEntries* reply s0<-s5#142:OK-t1,SUCCESS,nextIndex=145,followerCommit=143,matchIndex=144
2024-09-10 06:20:06,321 DEBUG server.RaftServer$Division (RaftServerImpl.java:logAppendEntries(1539)) - s6@group-5D788F7A274C: appendEntries* s0->s6#154-t1,previous=(t:1, i:143),leaderCommit=143,initializing? false,entries: size=1, first=(t:1, i:144), METADATAENTRY(c:143)
2024-09-10 06:20:06,321 DEBUG server.RaftServer$Division (RaftServerImpl.java:logAppendEntries(1539)) - s6@group-5D788F7A274C: appendEntries* reply s0<-s6#154:OK-t1,SUCCESS,nextIndex=145,followerCommit=143,matchIndex=144
2024-09-10 06:20:06,322 DEBUG server.RaftServer$Division (RaftServerImpl.java:submitClientRequestAsync(910)) - s0@group-5D788F7A274C: receive client request(RaftClientRequest:client-04EF324C57E0->s0@group-5D788F7A274C, cid=4503, seq=null, RW, Message:01016102405a40000000...(size=12))
2024-09-10 06:20:06,323 DEBUG server.RaftServer$Division (LeaderStateImpl.java:addPendingRequest(532)) - s0@group-5D788F7A274C-LeaderStateImpl: addPendingRequest at RaftClientRequest:client-04EF324C57E0->s0@group-5D788F7A274C, cid=4503, seq=null, RW, Message:01016102405a40000000...(size=12), entry=(t:1, i:145), STATEMACHINELOGENTRY, WRITE: logData.size=12, stateMachineData.size=0, logEntryProtoSerializedSize=0
2024-09-10 06:20:06,324 DEBUG server.RaftServer$Division (RaftServerImpl.java:logAppendEntries(1539)) - s14@group-5D788F7A274C: appendEntries* s0->s14#139-t1,previous=(t:1, i:144),leaderCommit=144,initializing? false,entries: size=1, first=(t:1, i:145), STATEMACHINELOGENTRY, StateMachineLogEntryProto:4503@client-04EF324C57E0
2024-09-10 06:20:06,324 DEBUG server.RaftServer$Division (RaftServerImpl.java:logAppendEntries(1539)) - s14@group-5D788F7A274C: appendEntries* reply s0<-s14#139:OK-t1,SUCCESS,nextIndex=146,followerCommit=144,matchIndex=145
2024-09-10 06:20:06,325 DEBUG server.RaftServer$Division (RaftServerImpl.java:logAppendEntries(1539)) - s4@group-5D788F7A274C: appendEntries* s0->s4#140-t1,previous=(t:1, i:144),leaderCommit=144,initializing? false,entries: size=1, first=(t:1, i:145), STATEMACHINELOGENTRY, StateMachineLogEntryProto:4503@client-04EF324C57E0
2024-09-10 06:20:06,325 DEBUG server.RaftServer$Division (RaftServerImpl.java:logAppendEntries(1539)) - s1@group-5D788F7A274C: appendEntries* s0->s1#590-t1,previous=(t:1, i:144),leaderCommit=144,initializing? false,entries: size=1, first=(t:1, i:145), STATEMACHINELOGENTRY, StateMachineLogEntryProto:4503@client-04EF324C57E0
2024-09-10 06:20:06,325 DEBUG server.RaftServer$Division (RaftServerImpl.java:logAppendEntries(1539)) - s13@group-5D788F7A274C: appendEntries* s0->s13#191-t1,previous=(t:1, i:144),leaderCommit=144,initializing? false,entries: size=1, first=(t:1, i:145), STATEMACHINELOGENTRY, StateMachineLogEntryProto:4503@client-04EF324C57E0
2024-09-10 06:20:06,325 DEBUG server.RaftServer$Division (RaftServerImpl.java:logAppendEntries(1539)) - s4@group-5D788F7A274C: appendEntries* reply s0<-s4#140:OK-t1,SUCCESS,nextIndex=146,followerCommit=144,matchIndex=145
2024-09-10 06:20:06,326 DEBUG server.RaftServer$Division (RaftServerImpl.java:logAppendEntries(1539)) - s1@group-5D788F7A274C: appendEntries* reply s0<-s1#590:OK-t1,SUCCESS,nextIndex=146,followerCommit=144,matchIndex=145
2024-09-10 06:20:06,326 DEBUG server.RaftServer$Division (RaftServerImpl.java:logAppendEntries(1539)) - s13@group-5D788F7A274C: appendEntries* reply s0<-s13#191:OK-t1,SUCCESS,nextIndex=146,followerCommit=144,matchIndex=145
2024-09-10 06:20:06,326 DEBUG server.RaftServer$Division (RaftServerImpl.java:logAppendEntries(1539)) - s5@group-5D788F7A274C: appendEntries* s0->s5#163-t1,previous=(t:1, i:144),leaderCommit=144,initializing? false,entries: size=1, first=(t:1, i:145), STATEMACHINELOGENTRY, StateMachineLogEntryProto:4503@client-04EF324C57E0
2024-09-10 06:20:06,326 DEBUG server.RaftServer$Division (RaftServerImpl.java:logAppendEntries(1539)) - s10@group-5D788F7A274C: appendEntries* s0->s10#600-t1,previous=(t:1, i:144),leaderCommit=144,initializing? false,entries: size=1, first=(t:1, i:145), STATEMACHINELOGENTRY, StateMachineLogEntryProto:4503@client-04EF324C57E0
2024-09-10 06:20:06,326 DEBUG server.RaftServer$Division (RaftServerImpl.java:logAppendEntries(1539)) - s5@group-5D788F7A274C: appendEntries* reply s0<-s5#163:OK-t1,SUCCESS,nextIndex=146,followerCommit=144,matchIndex=145
2024-09-10 06:20:06,326 DEBUG server.RaftServer$Division (RaftServerImpl.java:logAppendEntries(1539)) - s10@group-5D788F7A274C: appendEntries* reply s0<-s10#600:OK-t1,SUCCESS,nextIndex=146,followerCommit=144,matchIndex=145
2024-09-10 06:20:06,326 DEBUG server.RaftServer$Division (RaftServerImpl.java:logAppendEntries(1539)) - s6@group-5D788F7A274C: appendEntries* s0->s6#176-t1,previous=(t:1, i:144),leaderCommit=144,initializing? false,entries: size=1, first=(t:1, i:145), STATEMACHINELOGENTRY, StateMachineLogEntryProto:4503@client-04EF324C57E0
2024-09-10 06:20:06,326 DEBUG server.RaftServer$Division (RaftServerImpl.java:logAppendEntries(1539)) - s7@group-5D788F7A274C: appendEntries* s0->s7#159-t1,previous=(t:1, i:144),leaderCommit=144,initializing? false,entries: size=1, first=(t:1, i:145), STATEMACHINELOGENTRY, StateMachineLogEntryProto:4503@client-04EF324C57E0
2024-09-10 06:20:06,328 DEBUG server.RaftServer$Division (RaftServerImpl.java:logAppendEntries(1539)) - s12@group-5D788F7A274C: appendEntries* s0->s12#182-t1,previous=(t:1, i:144),leaderCommit=144,initializing? false,entries: size=1, first=(t:1, i:145), STATEMACHINELOGENTRY, StateMachineLogEntryProto:4503@client-04EF324C57E0
2024-09-10 06:20:06,328 DEBUG server.RaftServer$Division (RaftServerImpl.java:logAppendEntries(1539)) - s9@group-5D788F7A274C: appendEntries* s0->s9#157-t1,previous=(t:1, i:144),leaderCommit=144,initializing? false,entries: size=1, first=(t:1, i:145), STATEMACHINELOGENTRY, StateMachineLogEntryProto:4503@client-04EF324C57E0
2024-09-10 06:20:06,328 DEBUG server.RaftServer$Division (RaftServerImpl.java:logAppendEntries(1539)) - s12@group-5D788F7A274C: appendEntries* reply s0<-s12#182:OK-t1,SUCCESS,nextIndex=146,followerCommit=144,matchIndex=145
2024-09-10 06:20:06,329 DEBUG server.RaftServer$Division (RaftServerImpl.java:logAppendEntries(1539)) - s7@group-5D788F7A274C: appendEntries* reply s0<-s7#159:OK-t1,SUCCESS,nextIndex=146,followerCommit=144,matchIndex=145
2024-09-10 06:20:06,329 DEBUG server.RaftServer$Division (RaftServerImpl.java:logAppendEntries(1539)) - s9@group-5D788F7A274C: appendEntries* reply s0<-s9#157:OK-t1,SUCCESS,nextIndex=146,followerCommit=144,matchIndex=145
2024-09-10 06:20:06,329 DEBUG server.RaftServer$Division (RaftServerImpl.java:logAppendEntries(1539)) - s6@group-5D788F7A274C: appendEntries* reply s0<-s6#176:OK-t1,SUCCESS,nextIndex=146,followerCommit=144,matchIndex=145
2024-09-10 06:20:06,329 DEBUG server.RaftServer$Division (RaftServerImpl.java:logAppendEntries(1539)) - s2@group-5D788F7A274C: appendEntries* s0->s2#154-t1,previous=(t:1, i:144),leaderCommit=144,initializing? false,entries: size=1, first=(t:1, i:145), STATEMACHINELOGENTRY, StateMachineLogEntryProto:4503@client-04EF324C57E0
2024-09-10 06:20:06,329 DEBUG server.RaftServer$Division (RaftServerImpl.java:logAppendEntries(1539)) - s3@group-5D788F7A274C: appendEntries* s0->s3#169-t1,previous=(t:1, i:144),leaderCommit=144,initializing? false,entries: size=1, first=(t:1, i:145), STATEMACHINELOGENTRY, StateMachineLogEntryProto:4503@client-04EF324C57E0
2024-09-10 06:20:06,329 DEBUG server.RaftServer$Division (RaftServerImpl.java:logAppendEntries(1539)) - s8@group-5D788F7A274C: appendEntries* s0->s8#175-t1,previous=(t:1, i:144),leaderCommit=144,initializing? false,entries: size=1, first=(t:1, i:145), STATEMACHINELOGENTRY, StateMachineLogEntryProto:4503@client-04EF324C57E0
2024-09-10 06:20:06,329 DEBUG server.RaftServer$Division (RaftServerImpl.java:logAppendEntries(1539)) - s2@group-5D788F7A274C: appendEntries* reply s0<-s2#154:OK-t1,SUCCESS,nextIndex=146,followerCommit=144,matchIndex=145
2024-09-10 06:20:06,329 DEBUG server.RaftServer$Division (RaftServerImpl.java:logAppendEntries(1539)) - s3@group-5D788F7A274C: appendEntries* reply s0<-s3#169:OK-t1,SUCCESS,nextIndex=146,followerCommit=144,matchIndex=145
2024-09-10 06:20:06,329 DEBUG server.RaftServer$Division (RaftServerImpl.java:logAppendEntries(1539)) - s8@group-5D788F7A274C: appendEntries* reply s0<-s8#175:OK-t1,SUCCESS,nextIndex=146,followerCommit=144,matchIndex=145
2024-09-10 06:20:06,330 DEBUG server.RaftServer$Division (RaftServerImpl.java:logAppendEntries(1539)) - s11@group-5D788F7A274C: appendEntries* s0->s11#211-t1,previous=(t:1, i:144),leaderCommit=144,initializing? false,entries: size=1, first=(t:1, i:145), STATEMACHINELOGENTRY, StateMachineLogEntryProto:4503@client-04EF324C57E0
2024-09-10 06:20:06,330 INFO  statemachine.StateMachine (ArithmeticStateMachine.java:applyTransaction(181)) - LEADER:s0-145: a = 105 = 105
2024-09-10 06:20:06,331 DEBUG server.RaftServer$Division (RaftServerImpl.java:logAppendEntries(1539)) - s14@group-5D788F7A274C: appendEntries* s0->s14#141-t1,previous=(t:1, i:145),leaderCommit=145,initializing? false,entries: size=1, first=(t:1, i:146), METADATAENTRY(c:145)
2024-09-10 06:20:06,331 DEBUG server.RaftServer$Division (RaftServerImpl.java:logAppendEntries(1539)) - s11@group-5D788F7A274C: appendEntries* reply s0<-s11#211:OK-t1,SUCCESS,nextIndex=146,followerCommit=144,matchIndex=145
2024-09-10 06:20:06,331 DEBUG server.RaftServer$Division (RaftServerImpl.java:logAppendEntries(1539)) - s14@group-5D788F7A274C: appendEntries* reply s0<-s14#141:OK-t1,SUCCESS,nextIndex=147,followerCommit=145,matchIndex=146
2024-09-10 06:20:06,332 DEBUG server.RaftServer$Division (RaftServerImpl.java:logAppendEntries(1539)) - s9@group-5D788F7A274C: appendEntries* s0->s9#165-t1,previous=(t:1, i:145),leaderCommit=145,initializing? false,entries: size=1, first=(t:1, i:146), METADATAENTRY(c:145)
2024-09-10 06:20:06,332 DEBUG server.RaftServer$Division (RaftServerImpl.java:logAppendEntries(1539)) - s10@group-5D788F7A274C: appendEntries* s0->s10#609-t1,previous=(t:1, i:145),leaderCommit=145,initializing? false,entries: size=1, first=(t:1, i:146), METADATAENTRY(c:145)
2024-09-10 06:20:06,332 DEBUG server.RaftServer$Division (RaftServerImpl.java:logAppendEntries(1539)) - s3@group-5D788F7A274C: appendEntries* s0->s3#178-t1,previous=(t:1, i:145),leaderCommit=145,initializing? false,entries: size=1, first=(t:1, i:146), METADATAENTRY(c:145)
2024-09-10 06:20:06,332 DEBUG server.RaftServer$Division (RaftServerImpl.java:logAppendEntries(1539)) - s4@group-5D788F7A274C: appendEntries* s0->s4#148-t1,previous=(t:1, i:145),leaderCommit=145,initializing? false,entries: size=1, first=(t:1, i:146), METADATAENTRY(c:145)
2024-09-10 06:20:06,332 DEBUG server.RaftServer$Division (RaftServerImpl.java:logAppendEntries(1539)) - s12@group-5D788F7A274C: appendEntries* s0->s12#190-t1,previous=(t:1, i:145),leaderCommit=145,initializing? false,entries: size=1, first=(t:1, i:146), METADATAENTRY(c:145)
2024-09-10 06:20:06,332 DEBUG server.RaftServer$Division (RaftServerImpl.java:logAppendEntries(1539)) - s9@group-5D788F7A274C: appendEntries* reply s0<-s9#165:OK-t1,SUCCESS,nextIndex=147,followerCommit=145,matchIndex=146
2024-09-10 06:20:06,332 DEBUG server.RaftServer$Division (RaftServerImpl.java:logAppendEntries(1539)) - s10@group-5D788F7A274C: appendEntries* reply s0<-s10#609:OK-t1,SUCCESS,nextIndex=147,followerCommit=145,matchIndex=146
2024-09-10 06:20:06,332 DEBUG server.RaftServer$Division (RaftServerImpl.java:logAppendEntries(1539)) - s4@group-5D788F7A274C: appendEntries* reply s0<-s4#148:OK-t1,SUCCESS,nextIndex=147,followerCommit=145,matchIndex=146
2024-09-10 06:20:06,333 DEBUG server.RaftServer$Division (RaftServerImpl.java:logAppendEntries(1539)) - s2@group-5D788F7A274C: appendEntries* s0->s2#164-t1,previous=(t:1, i:145),leaderCommit=145,initializing? false,entries: size=1, first=(t:1, i:146), METADATAENTRY(c:145)
2024-09-10 06:20:06,333 DEBUG server.RaftServer$Division (RaftServerImpl.java:logAppendEntries(1539)) - s3@group-5D788F7A274C: appendEntries* reply s0<-s3#178:OK-t1,SUCCESS,nextIndex=147,followerCommit=145,matchIndex=146
2024-09-10 06:20:06,333 DEBUG server.RaftServer$Division (RaftServerImpl.java:logAppendEntries(1539)) - s12@group-5D788F7A274C: appendEntries* reply s0<-s12#190:OK-t1,SUCCESS,nextIndex=147,followerCommit=145,matchIndex=146
2024-09-10 06:20:06,333 DEBUG server.RaftServer$Division (RaftServerImpl.java:logAppendEntries(1539)) - s2@group-5D788F7A274C: appendEntries* reply s0<-s2#164:OK-t1,SUCCESS,nextIndex=147,followerCommit=145,matchIndex=146
2024-09-10 06:20:06,334 DEBUG server.RaftServer$Division (RaftServerImpl.java:logAppendEntries(1539)) - s13@group-5D788F7A274C: appendEntries* s0->s13#196-t1,previous=(t:1, i:145),leaderCommit=145,initializing? false,entries: size=1, first=(t:1, i:146), METADATAENTRY(c:145)
2024-09-10 06:20:06,334 DEBUG server.RaftServer$Division (RaftServerImpl.java:logAppendEntries(1539)) - s13@group-5D788F7A274C: appendEntries* reply s0<-s13#196:OK-t1,SUCCESS,nextIndex=147,followerCommit=145,matchIndex=146
2024-09-10 06:20:06,334 DEBUG server.RaftServer$Division (RaftServerImpl.java:logAppendEntries(1539)) - s5@group-5D788F7A274C: appendEntries* s0->s5#168-t1,previous=(t:1, i:145),leaderCommit=145,initializing? false,entries: size=1, first=(t:1, i:146), METADATAENTRY(c:145)
2024-09-10 06:20:06,335 DEBUG server.RaftServer$Division (RaftServerImpl.java:logAppendEntries(1539)) - s5@group-5D788F7A274C: appendEntries* reply s0<-s5#168:OK-t1,SUCCESS,nextIndex=147,followerCommit=145,matchIndex=146
2024-09-10 06:20:06,336 DEBUG server.RaftServer$Division (RaftServerImpl.java:logAppendEntries(1539)) - s7@group-5D788F7A274C: appendEntries* s0->s7#166-t1,previous=(t:1, i:145),leaderCommit=145,initializing? false,entries: size=1, first=(t:1, i:146), METADATAENTRY(c:145)
2024-09-10 06:20:06,336 DEBUG server.RaftServer$Division (RaftServerImpl.java:logAppendEntries(1539)) - s6@group-5D788F7A274C: appendEntries* s0->s6#186-t1,previous=(t:1, i:145),leaderCommit=145,initializing? false,entries: size=1, first=(t:1, i:146), METADATAENTRY(c:145)
2024-09-10 06:20:06,337 DEBUG server.RaftServer$Division (RaftServerImpl.java:logAppendEntries(1539)) - s7@group-5D788F7A274C: appendEntries* reply s0<-s7#166:OK-t1,SUCCESS,nextIndex=147,followerCommit=145,matchIndex=146
2024-09-10 06:20:06,337 DEBUG server.RaftServer$Division (RaftServerImpl.java:logAppendEntries(1539)) - s6@group-5D788F7A274C: appendEntries* reply s0<-s6#186:OK-t1,SUCCESS,nextIndex=147,followerCommit=145,matchIndex=146
2024-09-10 06:20:06,337 DEBUG server.RaftServer$Division (RaftServerImpl.java:logAppendEntries(1539)) - s8@group-5D788F7A274C: appendEntries* s0->s8#185-t1,previous=(t:1, i:145),leaderCommit=145,initializing? false,entries: size=1, first=(t:1, i:146), METADATAENTRY(c:145)
2024-09-10 06:20:06,338 DEBUG server.RaftServer$Division (RaftServerImpl.java:logAppendEntries(1539)) - s8@group-5D788F7A274C: appendEntries* reply s0<-s8#185:OK-t1,SUCCESS,nextIndex=147,followerCommit=145,matchIndex=146
2024-09-10 06:20:06,338 DEBUG server.RaftServer$Division (RaftServerImpl.java:logAppendEntries(1539)) - s1@group-5D788F7A274C: appendEntries* s0->s1#595-t1,previous=(t:1, i:145),leaderCommit=145,initializing? false,entries: size=1, first=(t:1, i:146), METADATAENTRY(c:145)
2024-09-10 06:20:06,338 DEBUG server.RaftServer$Division (RaftServerImpl.java:logAppendEntries(1539)) - s1@group-5D788F7A274C: appendEntries* reply s0<-s1#595:OK-t1,SUCCESS,nextIndex=147,followerCommit=145,matchIndex=146
2024-09-10 06:20:06,338 DEBUG server.RaftServer$Division (RaftServerImpl.java:logAppendEntries(1539)) - s11@group-5D788F7A274C: appendEntries* s0->s11#220-t1,previous=(t:1, i:145),leaderCommit=145,initializing? false,entries: size=1, first=(t:1, i:146), METADATAENTRY(c:145)
2024-09-10 06:20:06,338 DEBUG server.RaftServer$Division (RaftServerImpl.java:logAppendEntries(1539)) - s11@group-5D788F7A274C: appendEntries* reply s0<-s11#220:OK-t1,SUCCESS,nextIndex=147,followerCommit=145,matchIndex=146
2024-09-10 06:20:06,339 DEBUG server.RaftServer$Division (RaftServerImpl.java:submitClientRequestAsync(910)) - s0@group-5D788F7A274C: receive client request(RaftClientRequest:client-04EF324C57E0->s0@group-5D788F7A274C, cid=4504, seq=null, RW, Message:0101620240b588000000...(size=12))
2024-09-10 06:20:06,339 DEBUG server.RaftServer$Division (LeaderStateImpl.java:addPendingRequest(532)) - s0@group-5D788F7A274C-LeaderStateImpl: addPendingRequest at RaftClientRequest:client-04EF324C57E0->s0@group-5D788F7A274C, cid=4504, seq=null, RW, Message:0101620240b588000000...(size=12), entry=(t:1, i:147), STATEMACHINELOGENTRY, WRITE: logData.size=12, stateMachineData.size=0, logEntryProtoSerializedSize=0
2024-09-10 06:20:06,340 DEBUG server.RaftServer$Division (RaftServerImpl.java:logAppendEntries(1539)) - s14@group-5D788F7A274C: appendEntries* s0->s14#150-t1,previous=(t:1, i:146),leaderCommit=146,initializing? false,entries: size=1, first=(t:1, i:147), STATEMACHINELOGENTRY, StateMachineLogEntryProto:4504@client-04EF324C57E0
2024-09-10 06:20:06,340 DEBUG server.RaftServer$Division (RaftServerImpl.java:logAppendEntries(1539)) - s10@group-5D788F7A274C: appendEntries* s0->s10#622-t1,previous=(t:1, i:146),leaderCommit=146,initializing? false,entries: size=1, first=(t:1, i:147), STATEMACHINELOGENTRY, StateMachineLogEntryProto:4504@client-04EF324C57E0
2024-09-10 06:20:06,340 DEBUG server.RaftServer$Division (RaftServerImpl.java:logAppendEntries(1539)) - s14@group-5D788F7A274C: appendEntries* reply s0<-s14#150:OK-t1,SUCCESS,nextIndex=148,followerCommit=146,matchIndex=147
2024-09-10 06:20:06,341 DEBUG server.RaftServer$Division (RaftServerImpl.java:logAppendEntries(1539)) - s10@group-5D788F7A274C: appendEntries* reply s0<-s10#622:OK-t1,SUCCESS,nextIndex=148,followerCommit=146,matchIndex=147
2024-09-10 06:20:06,341 DEBUG server.RaftServer$Division (RaftServerImpl.java:logAppendEntries(1539)) - s8@group-5D788F7A274C: appendEntries* s0->s8#200-t1,previous=(t:1, i:146),leaderCommit=146,initializing? false,entries: size=1, first=(t:1, i:147), STATEMACHINELOGENTRY, StateMachineLogEntryProto:4504@client-04EF324C57E0
2024-09-10 06:20:06,341 DEBUG server.RaftServer$Division (RaftServerImpl.java:logAppendEntries(1539)) - s9@group-5D788F7A274C: appendEntries* s0->s9#175-t1,previous=(t:1, i:146),leaderCommit=146,initializing? false,entries: size=1, first=(t:1, i:147), STATEMACHINELOGENTRY, StateMachineLogEntryProto:4504@client-04EF324C57E0
2024-09-10 06:20:06,341 DEBUG server.RaftServer$Division (RaftServerImpl.java:logAppendEntries(1539)) - s11@group-5D788F7A274C: appendEntries* s0->s11#234-t1,previous=(t:1, i:146),leaderCommit=146,initializing? false,entries: size=1, first=(t:1, i:147), STATEMACHINELOGENTRY, StateMachineLogEntryProto:4504@client-04EF324C57E0
2024-09-10 06:20:06,341 DEBUG server.RaftServer$Division (RaftServerImpl.java:logAppendEntries(1539)) - s8@group-5D788F7A274C: appendEntries* reply s0<-s8#200:OK-t1,SUCCESS,nextIndex=148,followerCommit=146,matchIndex=147
2024-09-10 06:20:06,341 DEBUG server.RaftServer$Division (RaftServerImpl.java:logAppendEntries(1539)) - s2@group-5D788F7A274C: appendEntries* s0->s2#175-t1,previous=(t:1, i:146),leaderCommit=146,initializing? false,entries: size=1, first=(t:1, i:147), STATEMACHINELOGENTRY, StateMachineLogEntryProto:4504@client-04EF324C57E0
2024-09-10 06:20:06,341 DEBUG server.RaftServer$Division (RaftServerImpl.java:logAppendEntries(1539)) - s12@group-5D788F7A274C: appendEntries* s0->s12#202-t1,previous=(t:1, i:146),leaderCommit=146,initializing? false,entries: size=1, first=(t:1, i:147), STATEMACHINELOGENTRY, StateMachineLogEntryProto:4504@client-04EF324C57E0
2024-09-10 06:20:06,341 DEBUG server.RaftServer$Division (RaftServerImpl.java:logAppendEntries(1539)) - s3@group-5D788F7A274C: appendEntries* s0->s3#190-t1,previous=(t:1, i:146),leaderCommit=146,initializing? false,entries: size=1, first=(t:1, i:147), STATEMACHINELOGENTRY, StateMachineLogEntryProto:4504@client-04EF324C57E0
2024-09-10 06:20:06,342 DEBUG server.RaftServer$Division (RaftServerImpl.java:logAppendEntries(1539)) - s5@group-5D788F7A274C: appendEntries* s0->s5#182-t1,previous=(t:1, i:146),leaderCommit=146,initializing? false,entries: size=1, first=(t:1, i:147), STATEMACHINELOGENTRY, StateMachineLogEntryProto:4504@client-04EF324C57E0
2024-09-10 06:20:06,342 DEBUG server.RaftServer$Division (RaftServerImpl.java:logAppendEntries(1539)) - s9@group-5D788F7A274C: appendEntries* reply s0<-s9#175:OK-t1,SUCCESS,nextIndex=148,followerCommit=146,matchIndex=147
2024-09-10 06:20:06,341 DEBUG server.RaftServer$Division (RaftServerImpl.java:logAppendEntries(1539)) - s4@group-5D788F7A274C: appendEntries* s0->s4#157-t1,previous=(t:1, i:146),leaderCommit=146,initializing? false,entries: size=1, first=(t:1, i:147), STATEMACHINELOGENTRY, StateMachineLogEntryProto:4504@client-04EF324C57E0
2024-09-10 06:20:06,342 DEBUG server.RaftServer$Division (RaftServerImpl.java:logAppendEntries(1539)) - s5@group-5D788F7A274C: appendEntries* reply s0<-s5#182:OK-t1,SUCCESS,nextIndex=148,followerCommit=146,matchIndex=147
2024-09-10 06:20:06,342 DEBUG server.RaftServer$Division (RaftServerImpl.java:logAppendEntries(1539)) - s3@group-5D788F7A274C: appendEntries* reply s0<-s3#190:OK-t1,SUCCESS,nextIndex=148,followerCommit=146,matchIndex=147
2024-09-10 06:20:06,342 DEBUG server.RaftServer$Division (RaftServerImpl.java:logAppendEntries(1539)) - s1@group-5D788F7A274C: appendEntries* s0->s1#600-t1,previous=(t:1, i:146),leaderCommit=146,initializing? false,entries: size=1, first=(t:1, i:147), STATEMACHINELOGENTRY, StateMachineLogEntryProto:4504@client-04EF324C57E0
2024-09-10 06:20:06,342 DEBUG server.RaftServer$Division (RaftServerImpl.java:logAppendEntries(1539)) - s12@group-5D788F7A274C: appendEntries* reply s0<-s12#202:OK-t1,SUCCESS,nextIndex=148,followerCommit=146,matchIndex=147
2024-09-10 06:20:06,342 DEBUG server.RaftServer$Division (RaftServerImpl.java:logAppendEntries(1539)) - s2@group-5D788F7A274C: appendEntries* reply s0<-s2#175:OK-t1,SUCCESS,nextIndex=148,followerCommit=146,matchIndex=147
2024-09-10 06:20:06,341 DEBUG server.RaftServer$Division (RaftServerImpl.java:logAppendEntries(1539)) - s11@group-5D788F7A274C: appendEntries* reply s0<-s11#234:OK-t1,SUCCESS,nextIndex=148,followerCommit=146,matchIndex=147
2024-09-10 06:20:06,343 DEBUG server.RaftServer$Division (RaftServerImpl.java:logAppendEntries(1539)) - s1@group-5D788F7A274C: appendEntries* reply s0<-s1#600:OK-t1,SUCCESS,nextIndex=148,followerCommit=146,matchIndex=147
2024-09-10 06:20:06,342 DEBUG server.RaftServer$Division (RaftServerImpl.java:logAppendEntries(1539)) - s4@group-5D788F7A274C: appendEntries* reply s0<-s4#157:OK-t1,SUCCESS,nextIndex=148,followerCommit=146,matchIndex=147
2024-09-10 06:20:06,343 INFO  statemachine.StateMachine (ArithmeticStateMachine.java:applyTransaction(181)) - LEADER:s0-147: b = 5512 = 5512
2024-09-10 06:20:06,344 DEBUG server.RaftServer$Division (RaftServerImpl.java:logAppendEntries(1539)) - s10@group-5D788F7A274C: appendEntries* s0->s10#625-t1,previous=(t:1, i:147),leaderCommit=147,initializing? false,entries: size=1, first=(t:1, i:148), METADATAENTRY(c:147)
2024-09-10 06:20:06,344 DEBUG server.RaftServer$Division (RaftServerImpl.java:logAppendEntries(1539)) - s3@group-5D788F7A274C: appendEntries* s0->s3#196-t1,previous=(t:1, i:147),leaderCommit=147,initializing? false,entries: size=1, first=(t:1, i:148), METADATAENTRY(c:147)
2024-09-10 06:20:06,344 DEBUG server.RaftServer$Division (RaftServerImpl.java:logAppendEntries(1539)) - s12@group-5D788F7A274C: appendEntries* s0->s12#209-t1,previous=(t:1, i:147),leaderCommit=147,initializing? false,entries: size=1, first=(t:1, i:148), METADATAENTRY(c:147)
2024-09-10 06:20:06,344 DEBUG server.RaftServer$Division (RaftServerImpl.java:logAppendEntries(1539)) - s10@group-5D788F7A274C: appendEntries* reply s0<-s10#625:OK-t1,SUCCESS,nextIndex=149,followerCommit=147,matchIndex=148
2024-09-10 06:20:06,344 DEBUG server.RaftServer$Division (RaftServerImpl.java:logAppendEntries(1539)) - s6@group-5D788F7A274C: appendEntries* s0->s6#201-t1,previous=(t:1, i:146),leaderCommit=146,initializing? false,entries: size=1, first=(t:1, i:147), STATEMACHINELOGENTRY, StateMachineLogEntryProto:4504@client-04EF324C57E0
2024-09-10 06:20:06,344 DEBUG server.RaftServer$Division (RaftServerImpl.java:logAppendEntries(1539)) - s9@group-5D788F7A274C: appendEntries* s0->s9#180-t1,previous=(t:1, i:147),leaderCommit=147,initializing? false,entries: size=1, first=(t:1, i:148), METADATAENTRY(c:147)
2024-09-10 06:20:06,345 DEBUG server.RaftServer$Division (RaftServerImpl.java:logAppendEntries(1539)) - s2@group-5D788F7A274C: appendEntries* s0->s2#181-t1,previous=(t:1, i:147),leaderCommit=147,initializing? false,entries: size=1, first=(t:1, i:148), METADATAENTRY(c:147)
2024-09-10 06:20:06,345 DEBUG server.RaftServer$Division (RaftServerImpl.java:logAppendEntries(1539)) - s4@group-5D788F7A274C: appendEntries* s0->s4#163-t1,previous=(t:1, i:147),leaderCommit=147,initializing? false,entries: size=1, first=(t:1, i:148), METADATAENTRY(c:147)
2024-09-10 06:20:06,345 DEBUG server.RaftServer$Division (RaftServerImpl.java:logAppendEntries(1539)) - s3@group-5D788F7A274C: appendEntries* reply s0<-s3#196:OK-t1,SUCCESS,nextIndex=149,followerCommit=147,matchIndex=148
2024-09-10 06:20:06,345 DEBUG server.RaftServer$Division (RaftServerImpl.java:logAppendEntries(1539)) - s9@group-5D788F7A274C: appendEntries* reply s0<-s9#180:OK-t1,SUCCESS,nextIndex=149,followerCommit=147,matchIndex=148
2024-09-10 06:20:06,345 DEBUG server.RaftServer$Division (RaftServerImpl.java:logAppendEntries(1539)) - s4@group-5D788F7A274C: appendEntries* reply s0<-s4#163:OK-t1,SUCCESS,nextIndex=149,followerCommit=147,matchIndex=148
2024-09-10 06:20:06,345 DEBUG server.RaftServer$Division (RaftServerImpl.java:logAppendEntries(1539)) - s6@group-5D788F7A274C: appendEntries* reply s0<-s6#201:OK-t1,SUCCESS,nextIndex=148,followerCommit=146,matchIndex=147
2024-09-10 06:20:06,345 DEBUG server.RaftServer$Division (RaftServerImpl.java:logAppendEntries(1539)) - s14@group-5D788F7A274C: appendEntries* s0->s14#154-t1,previous=(t:1, i:147),leaderCommit=147,initializing? false,entries: size=1, first=(t:1, i:148), METADATAENTRY(c:147)
2024-09-10 06:20:06,346 DEBUG server.RaftServer$Division (RaftServerImpl.java:logAppendEntries(1539)) - s12@group-5D788F7A274C: appendEntries* reply s0<-s12#209:OK-t1,SUCCESS,nextIndex=149,followerCommit=147,matchIndex=148
2024-09-10 06:20:06,346 DEBUG server.RaftServer$Division (RaftServerImpl.java:logAppendEntries(1539)) - s14@group-5D788F7A274C: appendEntries* reply s0<-s14#154:OK-t1,SUCCESS,nextIndex=149,followerCommit=147,matchIndex=148
2024-09-10 06:20:06,345 DEBUG server.RaftServer$Division (RaftServerImpl.java:logAppendEntries(1539)) - s2@group-5D788F7A274C: appendEntries* reply s0<-s2#181:OK-t1,SUCCESS,nextIndex=149,followerCommit=147,matchIndex=148
2024-09-10 06:20:06,345 DEBUG server.RaftServer$Division (RaftServerImpl.java:logAppendEntries(1539)) - s13@group-5D788F7A274C: appendEntries* s0->s13#210-t1,previous=(t:1, i:146),leaderCommit=146,initializing? false,entries: size=1, first=(t:1, i:147), STATEMACHINELOGENTRY, StateMachineLogEntryProto:4504@client-04EF324C57E0
2024-09-10 06:20:06,346 DEBUG server.RaftServer$Division (RaftServerImpl.java:logAppendEntries(1539)) - s7@group-5D788F7A274C: appendEntries* s0->s7#177-t1,previous=(t:1, i:146),leaderCommit=146,initializing? false,entries: size=1, first=(t:1, i:147), STATEMACHINELOGENTRY, StateMachineLogEntryProto:4504@client-04EF324C57E0
2024-09-10 06:20:06,346 DEBUG server.RaftServer$Division (RaftServerImpl.java:logAppendEntries(1539)) - s13@group-5D788F7A274C: appendEntries* reply s0<-s13#210:OK-t1,SUCCESS,nextIndex=148,followerCommit=146,matchIndex=147
2024-09-10 06:20:06,347 DEBUG server.RaftServer$Division (RaftServerImpl.java:logAppendEntries(1539)) - s7@group-5D788F7A274C: appendEntries* reply s0<-s7#177:OK-t1,SUCCESS,nextIndex=148,followerCommit=146,matchIndex=147
2024-09-10 06:20:06,348 DEBUG server.RaftServer$Division (RaftServerImpl.java:logAppendEntries(1539)) - s8@group-5D788F7A274C: appendEntries* s0->s8#209-t1,previous=(t:1, i:147),leaderCommit=147,initializing? false,entries: size=1, first=(t:1, i:148), METADATAENTRY(c:147)
2024-09-10 06:20:06,348 DEBUG server.RaftServer$Division (RaftServerImpl.java:logAppendEntries(1539)) - s11@group-5D788F7A274C: appendEntries* s0->s11#243-t1,previous=(t:1, i:147),leaderCommit=147,initializing? false,entries: size=1, first=(t:1, i:148), METADATAENTRY(c:147)
2024-09-10 06:20:06,348 DEBUG server.RaftServer$Division (RaftServerImpl.java:logAppendEntries(1539)) - s13@group-5D788F7A274C: appendEntries* s0->s13#218-t1,previous=(t:1, i:147),leaderCommit=147,initializing? false,entries: size=1, first=(t:1, i:148), METADATAENTRY(c:147)
2024-09-10 06:20:06,348 DEBUG server.RaftServer$Division (RaftServerImpl.java:logAppendEntries(1539)) - s8@group-5D788F7A274C: appendEntries* reply s0<-s8#209:OK-t1,SUCCESS,nextIndex=149,followerCommit=147,matchIndex=148
2024-09-10 06:20:06,348 DEBUG server.RaftServer$Division (RaftServerImpl.java:logAppendEntries(1539)) - s7@group-5D788F7A274C: appendEntries* s0->s7#184-t1,previous=(t:1, i:147),leaderCommit=147,initializing? false,entries: size=1, first=(t:1, i:148), METADATAENTRY(c:147)
2024-09-10 06:20:06,348 DEBUG server.RaftServer$Division (RaftServerImpl.java:logAppendEntries(1539)) - s1@group-5D788F7A274C: appendEntries* s0->s1#602-t1,previous=(t:1, i:147),leaderCommit=148,initializing? false,entries: size=1, first=(t:1, i:148), METADATAENTRY(c:147)
2024-09-10 06:20:06,349 DEBUG server.RaftServer$Division (RaftServerImpl.java:logAppendEntries(1539)) - s7@group-5D788F7A274C: appendEntries* reply s0<-s7#184:OK-t1,SUCCESS,nextIndex=149,followerCommit=147,matchIndex=148
2024-09-10 06:20:06,349 DEBUG server.RaftServer$Division (RaftServerImpl.java:logAppendEntries(1539)) - s11@group-5D788F7A274C: appendEntries* reply s0<-s11#243:OK-t1,SUCCESS,nextIndex=149,followerCommit=147,matchIndex=148
2024-09-10 06:20:06,349 DEBUG server.RaftServer$Division (RaftServerImpl.java:logAppendEntries(1539)) - s1@group-5D788F7A274C: appendEntries* reply s0<-s1#602:OK-t1,SUCCESS,nextIndex=149,followerCommit=148,matchIndex=148
2024-09-10 06:20:06,349 DEBUG server.RaftServer$Division (RaftServerImpl.java:logAppendEntries(1539)) - s5@group-5D788F7A274C: appendEntries* s0->s5#191-t1,previous=(t:1, i:147),leaderCommit=147,initializing? false,entries: size=1, first=(t:1, i:148), METADATAENTRY(c:147)
2024-09-10 06:20:06,349 DEBUG server.RaftServer$Division (RaftServerImpl.java:logAppendEntries(1539)) - s6@group-5D788F7A274C: appendEntries* s0->s6#210-t1,previous=(t:1, i:147),leaderCommit=147,initializing? false,entries: size=1, first=(t:1, i:148), METADATAENTRY(c:147)
2024-09-10 06:20:06,349 DEBUG server.RaftServer$Division (RaftServerImpl.java:logAppendEntries(1539)) - s5@group-5D788F7A274C: appendEntries* reply s0<-s5#191:OK-t1,SUCCESS,nextIndex=149,followerCommit=147,matchIndex=148
2024-09-10 06:20:06,349 DEBUG server.RaftServer$Division (RaftServerImpl.java:logAppendEntries(1539)) - s13@group-5D788F7A274C: appendEntries* reply s0<-s13#218:OK-t1,SUCCESS,nextIndex=149,followerCommit=147,matchIndex=148
2024-09-10 06:20:06,349 DEBUG server.RaftServer$Division (RaftServerImpl.java:logAppendEntries(1539)) - s6@group-5D788F7A274C: appendEntries* reply s0<-s6#210:OK-t1,SUCCESS,nextIndex=149,followerCommit=147,matchIndex=148
2024-09-10 06:20:06,351 DEBUG server.RaftServer$Division (RaftServerImpl.java:submitClientRequestAsync(910)) - s0@group-5D788F7A274C: receive client request(RaftClientRequest:client-04EF324C57E0->s0@group-5D788F7A274C, cid=4505, seq=null, RW, Message:01016304010300040201...(size=17))
2024-09-10 06:20:06,352 DEBUG server.RaftServer$Division (LeaderStateImpl.java:addPendingRequest(532)) - s0@group-5D788F7A274C-LeaderStateImpl: addPendingRequest at RaftClientRequest:client-04EF324C57E0->s0@group-5D788F7A274C, cid=4505, seq=null, RW, Message:01016304010300040201...(size=17), entry=(t:1, i:149), STATEMACHINELOGENTRY, WRITE: logData.size=17, stateMachineData.size=0, logEntryProtoSerializedSize=0
2024-09-10 06:20:06,353 DEBUG server.RaftServer$Division (RaftServerImpl.java:logAppendEntries(1539)) - s14@group-5D788F7A274C: appendEntries* s0->s14#168-t1,previous=(t:1, i:148),leaderCommit=148,initializing? false,entries: size=1, first=(t:1, i:149), STATEMACHINELOGENTRY, StateMachineLogEntryProto:4505@client-04EF324C57E0
2024-09-10 06:20:06,353 DEBUG server.RaftServer$Division (RaftServerImpl.java:logAppendEntries(1539)) - s12@group-5D788F7A274C: appendEntries* s0->s12#223-t1,previous=(t:1, i:148),leaderCommit=148,initializing? false,entries: size=1, first=(t:1, i:149), STATEMACHINELOGENTRY, StateMachineLogEntryProto:4505@client-04EF324C57E0
2024-09-10 06:20:06,353 DEBUG server.RaftServer$Division (RaftServerImpl.java:logAppendEntries(1539)) - s4@group-5D788F7A274C: appendEntries* s0->s4#172-t1,previous=(t:1, i:148),leaderCommit=148,initializing? false,entries: size=1, first=(t:1, i:149), STATEMACHINELOGENTRY, StateMachineLogEntryProto:4505@client-04EF324C57E0
2024-09-10 06:20:06,353 DEBUG server.RaftServer$Division (RaftServerImpl.java:logAppendEntries(1539)) - s3@group-5D788F7A274C: appendEntries* s0->s3#208-t1,previous=(t:1, i:148),leaderCommit=148,initializing? false,entries: size=1, first=(t:1, i:149), STATEMACHINELOGENTRY, StateMachineLogEntryProto:4505@client-04EF324C57E0
2024-09-10 06:20:06,353 DEBUG server.RaftServer$Division (RaftServerImpl.java:logAppendEntries(1539)) - s14@group-5D788F7A274C: appendEntries* reply s0<-s14#168:OK-t1,SUCCESS,nextIndex=150,followerCommit=148,matchIndex=149
2024-09-10 06:20:06,353 DEBUG server.RaftServer$Division (RaftServerImpl.java:logAppendEntries(1539)) - s4@group-5D788F7A274C: appendEntries* reply s0<-s4#172:OK-t1,SUCCESS,nextIndex=150,followerCommit=148,matchIndex=149
2024-09-10 06:20:06,354 DEBUG server.RaftServer$Division (RaftServerImpl.java:logAppendEntries(1539)) - s9@group-5D788F7A274C: appendEntries* s0->s9#192-t1,previous=(t:1, i:148),leaderCommit=148,initializing? false,entries: size=1, first=(t:1, i:149), STATEMACHINELOGENTRY, StateMachineLogEntryProto:4505@client-04EF324C57E0
2024-09-10 06:20:06,354 DEBUG server.RaftServer$Division (RaftServerImpl.java:logAppendEntries(1539)) - s3@group-5D788F7A274C: appendEntries* reply s0<-s3#208:OK-t1,SUCCESS,nextIndex=150,followerCommit=148,matchIndex=149
2024-09-10 06:20:06,354 DEBUG server.RaftServer$Division (RaftServerImpl.java:logAppendEntries(1539)) - s12@group-5D788F7A274C: appendEntries* reply s0<-s12#223:OK-t1,SUCCESS,nextIndex=150,followerCommit=148,matchIndex=149
2024-09-10 06:20:06,354 DEBUG server.RaftServer$Division (RaftServerImpl.java:logAppendEntries(1539)) - s2@group-5D788F7A274C: appendEntries* s0->s2#190-t1,previous=(t:1, i:148),leaderCommit=148,initializing? false,entries: size=1, first=(t:1, i:149), STATEMACHINELOGENTRY, StateMachineLogEntryProto:4505@client-04EF324C57E0
2024-09-10 06:20:06,354 DEBUG server.RaftServer$Division (RaftServerImpl.java:logAppendEntries(1539)) - s9@group-5D788F7A274C: appendEntries* reply s0<-s9#192:OK-t1,SUCCESS,nextIndex=150,followerCommit=148,matchIndex=149
2024-09-10 06:20:06,354 DEBUG server.RaftServer$Division (RaftServerImpl.java:logAppendEntries(1539)) - s10@group-5D788F7A274C: appendEntries* s0->s10#637-t1,previous=(t:1, i:148),leaderCommit=148,initializing? false,entries: size=1, first=(t:1, i:149), STATEMACHINELOGENTRY, StateMachineLogEntryProto:4505@client-04EF324C57E0
2024-09-10 06:20:06,354 DEBUG server.RaftServer$Division (RaftServerImpl.java:logAppendEntries(1539)) - s2@group-5D788F7A274C: appendEntries* reply s0<-s2#190:OK-t1,SUCCESS,nextIndex=150,followerCommit=148,matchIndex=149
2024-09-10 06:20:06,354 DEBUG server.RaftServer$Division (RaftServerImpl.java:logAppendEntries(1539)) - s10@group-5D788F7A274C: appendEntries* reply s0<-s10#637:OK-t1,SUCCESS,nextIndex=150,followerCommit=148,matchIndex=149
2024-09-10 06:20:06,355 INFO  statemachine.StateMachine (ArithmeticStateMachine.java:applyTransaction(181)) - LEADER:s0-149: c = √(a^2 + b^2) = 5513
2024-09-10 06:20:06,356 DEBUG server.RaftServer$Division (RaftServerImpl.java:logAppendEntries(1539)) - s3@group-5D788F7A274C: appendEntries* s0->s3#212-t1,previous=(t:1, i:149),leaderCommit=149,initializing? false,entries: size=1, first=(t:1, i:150), METADATAENTRY(c:149)
2024-09-10 06:20:06,356 DEBUG server.RaftServer$Division (RaftServerImpl.java:logAppendEntries(1539)) - s9@group-5D788F7A274C: appendEntries* s0->s9#197-t1,previous=(t:1, i:149),leaderCommit=149,initializing? false,entries: size=1, first=(t:1, i:150), METADATAENTRY(c:149)
2024-09-10 06:20:06,356 DEBUG server.RaftServer$Division (RaftServerImpl.java:logAppendEntries(1539)) - s14@group-5D788F7A274C: appendEntries* s0->s14#170-t1,previous=(t:1, i:149),leaderCommit=149,initializing? false,entries: size=1, first=(t:1, i:150), METADATAENTRY(c:149)
2024-09-10 06:20:06,357 DEBUG server.RaftServer$Division (RaftServerImpl.java:logAppendEntries(1539)) - s3@group-5D788F7A274C: appendEntries* reply s0<-s3#212:OK-t1,SUCCESS,nextIndex=151,followerCommit=149,matchIndex=150
2024-09-10 06:20:06,357 DEBUG server.RaftServer$Division (RaftServerImpl.java:logAppendEntries(1539)) - s14@group-5D788F7A274C: appendEntries* reply s0<-s14#170:OK-t1,SUCCESS,nextIndex=151,followerCommit=149,matchIndex=150
2024-09-10 06:20:06,357 DEBUG server.RaftServer$Division (RaftServerImpl.java:logAppendEntries(1539)) - s9@group-5D788F7A274C: appendEntries* reply s0<-s9#197:OK-t1,SUCCESS,nextIndex=151,followerCommit=149,matchIndex=150
2024-09-10 06:20:06,358 DEBUG server.RaftServer$Division (RaftServerImpl.java:logAppendEntries(1539)) - s10@group-5D788F7A274C: appendEntries* s0->s10#640-t1,previous=(t:1, i:149),leaderCommit=149,initializing? false,entries: size=1, first=(t:1, i:150), METADATAENTRY(c:149)
2024-09-10 06:20:06,358 DEBUG server.RaftServer$Division (RaftServerImpl.java:logAppendEntries(1539)) - s2@group-5D788F7A274C: appendEntries* s0->s2#195-t1,previous=(t:1, i:149),leaderCommit=149,initializing? false,entries: size=1, first=(t:1, i:150), METADATAENTRY(c:149)
2024-09-10 06:20:06,358 DEBUG server.RaftServer$Division (RaftServerImpl.java:logAppendEntries(1539)) - s2@group-5D788F7A274C: appendEntries* reply s0<-s2#195:OK-t1,SUCCESS,nextIndex=151,followerCommit=149,matchIndex=150
2024-09-10 06:20:06,358 DEBUG server.RaftServer$Division (RaftServerImpl.java:logAppendEntries(1539)) - s12@group-5D788F7A274C: appendEntries* s0->s12#227-t1,previous=(t:1, i:149),leaderCommit=149,initializing? false,entries: size=1, first=(t:1, i:150), METADATAENTRY(c:149)
2024-09-10 06:20:06,358 DEBUG server.RaftServer$Division (RaftServerImpl.java:logAppendEntries(1539)) - s10@group-5D788F7A274C: appendEntries* reply s0<-s10#640:OK-t1,SUCCESS,nextIndex=151,followerCommit=149,matchIndex=150
2024-09-10 06:20:06,358 DEBUG server.RaftServer$Division (RaftServerImpl.java:logAppendEntries(1539)) - s4@group-5D788F7A274C: appendEntries* s0->s4#175-t1,previous=(t:1, i:149),leaderCommit=149,initializing? false,entries: size=1, first=(t:1, i:150), METADATAENTRY(c:149)
2024-09-10 06:20:06,359 DEBUG server.RaftServer$Division (RaftServerImpl.java:logAppendEntries(1539)) - s4@group-5D788F7A274C: appendEntries* reply s0<-s4#175:OK-t1,SUCCESS,nextIndex=151,followerCommit=149,matchIndex=150
2024-09-10 06:20:06,359 DEBUG server.RaftServer$Division (RaftServerImpl.java:logAppendEntries(1539)) - s12@group-5D788F7A274C: appendEntries* reply s0<-s12#227:OK-t1,SUCCESS,nextIndex=151,followerCommit=149,matchIndex=150
2024-09-10 06:20:06,360 DEBUG server.RaftServer$Division (RaftServerImpl.java:logAppendEntries(1539)) - s8@group-5D788F7A274C: appendEntries* s0->s8#224-t1,previous=(t:1, i:148),leaderCommit=148,initializing? false,entries: size=1, first=(t:1, i:149), STATEMACHINELOGENTRY, StateMachineLogEntryProto:4505@client-04EF324C57E0
2024-09-10 06:20:06,360 DEBUG server.RaftServer$Division (RaftServerImpl.java:logAppendEntries(1539)) - s11@group-5D788F7A274C: appendEntries* s0->s11#259-t1,previous=(t:1, i:148),leaderCommit=148,initializing? false,entries: size=1, first=(t:1, i:149), STATEMACHINELOGENTRY, StateMachineLogEntryProto:4505@client-04EF324C57E0
2024-09-10 06:20:06,360 DEBUG server.RaftServer$Division (RaftServerImpl.java:logAppendEntries(1539)) - s8@group-5D788F7A274C: appendEntries* reply s0<-s8#224:OK-t1,SUCCESS,nextIndex=150,followerCommit=148,matchIndex=149
2024-09-10 06:20:06,360 DEBUG server.RaftServer$Division (RaftServerImpl.java:logAppendEntries(1539)) - s1@group-5D788F7A274C: appendEntries* s0->s1#605-t1,previous=(t:1, i:148),leaderCommit=148,initializing? false,entries: size=1, first=(t:1, i:149), STATEMACHINELOGENTRY, StateMachineLogEntryProto:4505@client-04EF324C57E0
2024-09-10 06:20:06,360 DEBUG server.RaftServer$Division (RaftServerImpl.java:logAppendEntries(1539)) - s8@group-5D788F7A274C: appendEntries* s0->s8#229-t1,previous=(t:1, i:149),leaderCommit=149,initializing? false,entries: size=1, first=(t:1, i:150), METADATAENTRY(c:149)
2024-09-10 06:20:06,360 DEBUG server.RaftServer$Division (RaftServerImpl.java:logAppendEntries(1539)) - s11@group-5D788F7A274C: appendEntries* reply s0<-s11#259:OK-t1,SUCCESS,nextIndex=150,followerCommit=148,matchIndex=149
2024-09-10 06:20:06,361 DEBUG server.RaftServer$Division (RaftServerImpl.java:logAppendEntries(1539)) - s1@group-5D788F7A274C: appendEntries* reply s0<-s1#605:OK-t1,SUCCESS,nextIndex=150,followerCommit=148,matchIndex=149
2024-09-10 06:20:06,361 DEBUG server.RaftServer$Division (RaftServerImpl.java:logAppendEntries(1539)) - s1@group-5D788F7A274C: appendEntries* s0->s1#606-t1,previous=(t:1, i:149),leaderCommit=149,initializing? false,entries: size=1, first=(t:1, i:150), METADATAENTRY(c:149)
2024-09-10 06:20:06,361 DEBUG server.RaftServer$Division (RaftServerImpl.java:logAppendEntries(1539)) - s11@group-5D788F7A274C: appendEntries* s0->s11#264-t1,previous=(t:1, i:149),leaderCommit=149,initializing? false,entries: size=1, first=(t:1, i:150), METADATAENTRY(c:149)
2024-09-10 06:20:06,361 DEBUG server.RaftServer$Division (RaftServerImpl.java:logAppendEntries(1539)) - s1@group-5D788F7A274C: appendEntries* reply s0<-s1#606:OK-t1,SUCCESS,nextIndex=151,followerCommit=149,matchIndex=150
2024-09-10 06:20:06,361 DEBUG server.RaftServer$Division (RaftServerImpl.java:logAppendEntries(1539)) - s8@group-5D788F7A274C: appendEntries* reply s0<-s8#229:OK-t1,SUCCESS,nextIndex=151,followerCommit=149,matchIndex=150
2024-09-10 06:20:06,361 DEBUG server.RaftServer$Division (RaftServerImpl.java:logAppendEntries(1539)) - s11@group-5D788F7A274C: appendEntries* reply s0<-s11#264:OK-t1,SUCCESS,nextIndex=151,followerCommit=149,matchIndex=150
2024-09-10 06:20:06,361 DEBUG server.RaftServer$Division (RaftServerImpl.java:logAppendEntries(1539)) - s5@group-5D788F7A274C: appendEntries* s0->s5#206-t1,previous=(t:1, i:148),leaderCommit=148,initializing? false,entries: size=1, first=(t:1, i:149), STATEMACHINELOGENTRY, StateMachineLogEntryProto:4505@client-04EF324C57E0
2024-09-10 06:20:06,362 DEBUG server.RaftServer$Division (RaftServerImpl.java:logAppendEntries(1539)) - s6@group-5D788F7A274C: appendEntries* s0->s6#226-t1,previous=(t:1, i:148),leaderCommit=148,initializing? false,entries: size=1, first=(t:1, i:149), STATEMACHINELOGENTRY, StateMachineLogEntryProto:4505@client-04EF324C57E0
2024-09-10 06:20:06,362 DEBUG server.RaftServer$Division (RaftServerImpl.java:logAppendEntries(1539)) - s7@group-5D788F7A274C: appendEntries* s0->s7#198-t1,previous=(t:1, i:148),leaderCommit=148,initializing? false,entries: size=1, first=(t:1, i:149), STATEMACHINELOGENTRY, StateMachineLogEntryProto:4505@client-04EF324C57E0
2024-09-10 06:20:06,362 DEBUG server.RaftServer$Division (RaftServerImpl.java:logAppendEntries(1539)) - s5@group-5D788F7A274C: appendEntries* reply s0<-s5#206:OK-t1,SUCCESS,nextIndex=150,followerCommit=148,matchIndex=149
2024-09-10 06:20:06,362 DEBUG server.RaftServer$Division (RaftServerImpl.java:logAppendEntries(1539)) - s6@group-5D788F7A274C: appendEntries* reply s0<-s6#226:OK-t1,SUCCESS,nextIndex=150,followerCommit=148,matchIndex=149
2024-09-10 06:20:06,362 DEBUG server.RaftServer$Division (RaftServerImpl.java:logAppendEntries(1539)) - s7@group-5D788F7A274C: appendEntries* reply s0<-s7#198:OK-t1,SUCCESS,nextIndex=150,followerCommit=148,matchIndex=149
2024-09-10 06:20:06,362 DEBUG server.RaftServer$Division (RaftServerImpl.java:logAppendEntries(1539)) - s13@group-5D788F7A274C: appendEntries* s0->s13#232-t1,previous=(t:1, i:148),leaderCommit=148,initializing? false,entries: size=1, first=(t:1, i:149), STATEMACHINELOGENTRY, StateMachineLogEntryProto:4505@client-04EF324C57E0
2024-09-10 06:20:06,362 DEBUG server.RaftServer$Division (RaftServerImpl.java:logAppendEntries(1539)) - s13@group-5D788F7A274C: appendEntries* reply s0<-s13#232:OK-t1,SUCCESS,nextIndex=150,followerCommit=148,matchIndex=149
2024-09-10 06:20:06,364 DEBUG server.RaftServer$Division (RaftServerImpl.java:logAppendEntries(1539)) - s5@group-5D788F7A274C: appendEntries* s0->s5#211-t1,previous=(t:1, i:149),leaderCommit=149,initializing? false,entries: size=1, first=(t:1, i:150), METADATAENTRY(c:149)
2024-09-10 06:20:06,364 DEBUG server.RaftServer$Division (RaftServerImpl.java:logAppendEntries(1539)) - s5@group-5D788F7A274C: appendEntries* reply s0<-s5#211:OK-t1,SUCCESS,nextIndex=151,followerCommit=149,matchIndex=150
2024-09-10 06:20:06,364 DEBUG server.RaftServer$Division (RaftServerImpl.java:logAppendEntries(1539)) - s6@group-5D788F7A274C: appendEntries* s0->s6#232-t1,previous=(t:1, i:149),leaderCommit=149,initializing? false,entries: size=1, first=(t:1, i:150), METADATAENTRY(c:149)
2024-09-10 06:20:06,365 DEBUG server.RaftServer$Division (RaftServerImpl.java:logAppendEntries(1539)) - s7@group-5D788F7A274C: appendEntries* s0->s7#204-t1,previous=(t:1, i:149),leaderCommit=149,initializing? false,entries: size=1, first=(t:1, i:150), METADATAENTRY(c:149)
2024-09-10 06:20:06,365 DEBUG server.RaftServer$Division (RaftServerImpl.java:logAppendEntries(1539)) - s6@group-5D788F7A274C: appendEntries* reply s0<-s6#232:OK-t1,SUCCESS,nextIndex=151,followerCommit=149,matchIndex=150
2024-09-10 06:20:06,365 DEBUG server.RaftServer$Division (RaftServerImpl.java:logAppendEntries(1539)) - s7@group-5D788F7A274C: appendEntries* reply s0<-s7#204:OK-t1,SUCCESS,nextIndex=151,followerCommit=149,matchIndex=150
2024-09-10 06:20:06,365 DEBUG server.RaftServer$Division (RaftServerImpl.java:logAppendEntries(1539)) - s13@group-5D788F7A274C: appendEntries* s0->s13#237-t1,previous=(t:1, i:149),leaderCommit=149,initializing? false,entries: size=1, first=(t:1, i:150), METADATAENTRY(c:149)
2024-09-10 06:20:06,366 DEBUG server.RaftServer$Division (RaftServerImpl.java:logAppendEntries(1539)) - s13@group-5D788F7A274C: appendEntries* reply s0<-s13#237:OK-t1,SUCCESS,nextIndex=151,followerCommit=149,matchIndex=150
2024-09-10 06:20:06,366 DEBUG server.RaftServer$Division (RaftServerImpl.java:submitClientRequestAsync(910)) - s0@group-5D788F7A274C: receive client request(RaftClientRequest:client-04EF324C57E0->s0@group-5D788F7A274C, cid=4506, seq=null, RW, Message:01016100)
2024-09-10 06:20:06,367 DEBUG server.RaftServer$Division (LeaderStateImpl.java:addPendingRequest(532)) - s0@group-5D788F7A274C-LeaderStateImpl: addPendingRequest at RaftClientRequest:client-04EF324C57E0->s0@group-5D788F7A274C, cid=4506, seq=null, RW, Message:01016100, entry=(t:1, i:151), STATEMACHINELOGENTRY, WRITE: logData.size=4, stateMachineData.size=0, logEntryProtoSerializedSize=0
2024-09-10 06:20:06,368 DEBUG server.RaftServer$Division (RaftServerImpl.java:logAppendEntries(1539)) - s14@group-5D788F7A274C: appendEntries* s0->s14#182-t1,previous=(t:1, i:150),leaderCommit=150,initializing? false,entries: size=1, first=(t:1, i:151), STATEMACHINELOGENTRY, StateMachineLogEntryProto:4506@client-04EF324C57E0
2024-09-10 06:20:06,368 DEBUG server.RaftServer$Division (RaftServerImpl.java:logAppendEntries(1539)) - s12@group-5D788F7A274C: appendEntries* s0->s12#244-t1,previous=(t:1, i:150),leaderCommit=150,initializing? false,entries: size=1, first=(t:1, i:151), STATEMACHINELOGENTRY, StateMachineLogEntryProto:4506@client-04EF324C57E0
2024-09-10 06:20:06,368 DEBUG server.RaftServer$Division (RaftServerImpl.java:logAppendEntries(1539)) - s10@group-5D788F7A274C: appendEntries* s0->s10#655-t1,previous=(t:1, i:150),leaderCommit=150,initializing? false,entries: size=1, first=(t:1, i:151), STATEMACHINELOGENTRY, StateMachineLogEntryProto:4506@client-04EF324C57E0
2024-09-10 06:20:06,368 DEBUG server.RaftServer$Division (RaftServerImpl.java:logAppendEntries(1539)) - s5@group-5D788F7A274C: appendEntries* s0->s5#228-t1,previous=(t:1, i:150),leaderCommit=150,initializing? false,entries: size=1, first=(t:1, i:151), STATEMACHINELOGENTRY, StateMachineLogEntryProto:4506@client-04EF324C57E0
2024-09-10 06:20:06,369 DEBUG server.RaftServer$Division (RaftServerImpl.java:logAppendEntries(1539)) - s7@group-5D788F7A274C: appendEntries* s0->s7#222-t1,previous=(t:1, i:150),leaderCommit=150,initializing? false,entries: size=1, first=(t:1, i:151), STATEMACHINELOGENTRY, StateMachineLogEntryProto:4506@client-04EF324C57E0
2024-09-10 06:20:06,369 DEBUG server.RaftServer$Division (RaftServerImpl.java:logAppendEntries(1539)) - s3@group-5D788F7A274C: appendEntries* s0->s3#226-t1,previous=(t:1, i:150),leaderCommit=150,initializing? false,entries: size=1, first=(t:1, i:151), STATEMACHINELOGENTRY, StateMachineLogEntryProto:4506@client-04EF324C57E0
2024-09-10 06:20:06,369 DEBUG server.RaftServer$Division (RaftServerImpl.java:logAppendEntries(1539)) - s9@group-5D788F7A274C: appendEntries* s0->s9#212-t1,previous=(t:1, i:150),leaderCommit=150,initializing? false,entries: size=1, first=(t:1, i:151), STATEMACHINELOGENTRY, StateMachineLogEntryProto:4506@client-04EF324C57E0
2024-09-10 06:20:06,369 DEBUG server.RaftServer$Division (RaftServerImpl.java:logAppendEntries(1539)) - s5@group-5D788F7A274C: appendEntries* reply s0<-s5#228:OK-t1,SUCCESS,nextIndex=152,followerCommit=150,matchIndex=151
2024-09-10 06:20:06,369 DEBUG server.RaftServer$Division (RaftServerImpl.java:logAppendEntries(1539)) - s13@group-5D788F7A274C: appendEntries* s0->s13#253-t1,previous=(t:1, i:150),leaderCommit=150,initializing? false,entries: size=1, first=(t:1, i:151), STATEMACHINELOGENTRY, StateMachineLogEntryProto:4506@client-04EF324C57E0
2024-09-10 06:20:06,369 DEBUG server.RaftServer$Division (RaftServerImpl.java:logAppendEntries(1539)) - s7@group-5D788F7A274C: appendEntries* reply s0<-s7#222:OK-t1,SUCCESS,nextIndex=152,followerCommit=150,matchIndex=151
2024-09-10 06:20:06,369 DEBUG server.RaftServer$Division (RaftServerImpl.java:logAppendEntries(1539)) - s13@group-5D788F7A274C: appendEntries* reply s0<-s13#253:OK-t1,SUCCESS,nextIndex=152,followerCommit=150,matchIndex=151
2024-09-10 06:20:06,369 DEBUG server.RaftServer$Division (RaftServerImpl.java:logAppendEntries(1539)) - s3@group-5D788F7A274C: appendEntries* reply s0<-s3#226:OK-t1,SUCCESS,nextIndex=152,followerCommit=150,matchIndex=151
2024-09-10 06:20:06,369 DEBUG server.RaftServer$Division (RaftServerImpl.java:logAppendEntries(1539)) - s10@group-5D788F7A274C: appendEntries* reply s0<-s10#655:OK-t1,SUCCESS,nextIndex=152,followerCommit=150,matchIndex=151
2024-09-10 06:20:06,369 DEBUG server.RaftServer$Division (RaftServerImpl.java:logAppendEntries(1539)) - s9@group-5D788F7A274C: appendEntries* reply s0<-s9#212:OK-t1,SUCCESS,nextIndex=152,followerCommit=150,matchIndex=151
2024-09-10 06:20:06,370 DEBUG server.RaftServer$Division (RaftServerImpl.java:logAppendEntries(1539)) - s6@group-5D788F7A274C: appendEntries* s0->s6#250-t1,previous=(t:1, i:150),leaderCommit=150,initializing? false,entries: size=1, first=(t:1, i:151), STATEMACHINELOGENTRY, StateMachineLogEntryProto:4506@client-04EF324C57E0
2024-09-10 06:20:06,370 DEBUG server.RaftServer$Division (RaftServerImpl.java:logAppendEntries(1539)) - s12@group-5D788F7A274C: appendEntries* reply s0<-s12#244:OK-t1,SUCCESS,nextIndex=152,followerCommit=150,matchIndex=151
2024-09-10 06:20:06,370 DEBUG server.RaftServer$Division (RaftServerImpl.java:logAppendEntries(1539)) - s6@group-5D788F7A274C: appendEntries* reply s0<-s6#250:OK-t1,SUCCESS,nextIndex=152,followerCommit=150,matchIndex=151
2024-09-10 06:20:06,370 DEBUG server.RaftServer$Division (RaftServerImpl.java:logAppendEntries(1539)) - s4@group-5D788F7A274C: appendEntries* s0->s4#190-t1,previous=(t:1, i:150),leaderCommit=150,initializing? false,entries: size=1, first=(t:1, i:151), STATEMACHINELOGENTRY, StateMachineLogEntryProto:4506@client-04EF324C57E0
2024-09-10 06:20:06,370 DEBUG server.RaftServer$Division (RaftServerImpl.java:logAppendEntries(1539)) - s8@group-5D788F7A274C: appendEntries* s0->s8#247-t1,previous=(t:1, i:150),leaderCommit=150,initializing? false,entries: size=1, first=(t:1, i:151), STATEMACHINELOGENTRY, StateMachineLogEntryProto:4506@client-04EF324C57E0
2024-09-10 06:20:06,371 DEBUG server.RaftServer$Division (RaftServerImpl.java:logAppendEntries(1539)) - s14@group-5D788F7A274C: appendEntries* reply s0<-s14#182:OK-t1,SUCCESS,nextIndex=152,followerCommit=150,matchIndex=151
2024-09-10 06:20:06,371 DEBUG server.RaftServer$Division (RaftServerImpl.java:logAppendEntries(1539)) - s8@group-5D788F7A274C: appendEntries* reply s0<-s8#247:OK-t1,SUCCESS,nextIndex=152,followerCommit=150,matchIndex=151
2024-09-10 06:20:06,371 DEBUG server.RaftServer$Division (RaftServerImpl.java:logAppendEntries(1539)) - s4@group-5D788F7A274C: appendEntries* reply s0<-s4#190:OK-t1,SUCCESS,nextIndex=152,followerCommit=150,matchIndex=151
2024-09-10 06:20:06,371 DEBUG server.RaftServer$Division (RaftServerImpl.java:logAppendEntries(1539)) - s2@group-5D788F7A274C: appendEntries* s0->s2#208-t1,previous=(t:1, i:150),leaderCommit=150,initializing? false,entries: size=1, first=(t:1, i:151), STATEMACHINELOGENTRY, StateMachineLogEntryProto:4506@client-04EF324C57E0
2024-09-10 06:20:06,371 DEBUG server.RaftServer$Division (RaftServerImpl.java:logAppendEntries(1539)) - s11@group-5D788F7A274C: appendEntries* s0->s11#283-t1,previous=(t:1, i:150),leaderCommit=150,initializing? false,entries: size=1, first=(t:1, i:151), STATEMACHINELOGENTRY, StateMachineLogEntryProto:4506@client-04EF324C57E0
2024-09-10 06:20:06,372 DEBUG server.RaftServer$Division (RaftServerImpl.java:logAppendEntries(1539)) - s1@group-5D788F7A274C: appendEntries* s0->s1#619-t1,previous=(t:1, i:150),leaderCommit=150,initializing? false,entries: size=1, first=(t:1, i:151), STATEMACHINELOGENTRY, StateMachineLogEntryProto:4506@client-04EF324C57E0
2024-09-10 06:20:06,372 INFO  statemachine.StateMachine (ArithmeticStateMachine.java:applyTransaction(181)) - LEADER:s0-151: a = null = null
2024-09-10 06:20:06,372 DEBUG server.RaftServer$Division (RaftServerImpl.java:logAppendEntries(1539)) - s1@group-5D788F7A274C: appendEntries* reply s0<-s1#619:OK-t1,SUCCESS,nextIndex=152,followerCommit=150,matchIndex=151
2024-09-10 06:20:06,372 DEBUG server.RaftServer$Division (RaftServerImpl.java:logAppendEntries(1539)) - s2@group-5D788F7A274C: appendEntries* reply s0<-s2#208:OK-t1,SUCCESS,nextIndex=152,followerCommit=150,matchIndex=151
2024-09-10 06:20:06,372 DEBUG server.RaftServer$Division (RaftServerImpl.java:logAppendEntries(1539)) - s11@group-5D788F7A274C: appendEntries* reply s0<-s11#283:OK-t1,SUCCESS,nextIndex=152,followerCommit=150,matchIndex=151
2024-09-10 06:20:06,372 DEBUG server.RaftServer$Division (RaftServerImpl.java:logAppendEntries(1539)) - s14@group-5D788F7A274C: appendEntries* s0->s14#187-t1,previous=(t:1, i:151),leaderCommit=151,initializing? false,entries: size=1, first=(t:1, i:152), METADATAENTRY(c:151)
2024-09-10 06:20:06,373 DEBUG server.RaftServer$Division (RaftServerImpl.java:logAppendEntries(1539)) - s14@group-5D788F7A274C: appendEntries* reply s0<-s14#187:OK-t1,SUCCESS,nextIndex=153,followerCommit=151,matchIndex=152
2024-09-10 06:20:06,374 DEBUG server.RaftServer$Division (RaftServerImpl.java:logAppendEntries(1539)) - s4@group-5D788F7A274C: appendEntries* s0->s4#195-t1,previous=(t:1, i:151),leaderCommit=151,initializing? false,entries: size=1, first=(t:1, i:152), METADATAENTRY(c:151)
2024-09-10 06:20:06,374 DEBUG server.RaftServer$Division (RaftServerImpl.java:logAppendEntries(1539)) - s7@group-5D788F7A274C: appendEntries* s0->s7#227-t1,previous=(t:1, i:151),leaderCommit=151,initializing? false,entries: size=1, first=(t:1, i:152), METADATAENTRY(c:151)
2024-09-10 06:20:06,374 DEBUG server.RaftServer$Division (RaftServerImpl.java:logAppendEntries(1539)) - s1@group-5D788F7A274C: appendEntries* s0->s1#621-t1,previous=(t:1, i:151),leaderCommit=151,initializing? false,entries: size=1, first=(t:1, i:152), METADATAENTRY(c:151)
2024-09-10 06:20:06,374 DEBUG server.RaftServer$Division (RaftServerImpl.java:logAppendEntries(1539)) - s4@group-5D788F7A274C: appendEntries* reply s0<-s4#195:OK-t1,SUCCESS,nextIndex=153,followerCommit=151,matchIndex=152
2024-09-10 06:20:06,374 DEBUG server.RaftServer$Division (RaftServerImpl.java:logAppendEntries(1539)) - s1@group-5D788F7A274C: appendEntries* reply s0<-s1#621:OK-t1,SUCCESS,nextIndex=153,followerCommit=151,matchIndex=152
2024-09-10 06:20:06,374 DEBUG server.RaftServer$Division (RaftServerImpl.java:logAppendEntries(1539)) - s6@group-5D788F7A274C: appendEntries* s0->s6#255-t1,previous=(t:1, i:151),leaderCommit=151,initializing? false,entries: size=1, first=(t:1, i:152), METADATAENTRY(c:151)
2024-09-10 06:20:06,374 DEBUG server.RaftServer$Division (RaftServerImpl.java:logAppendEntries(1539)) - s7@group-5D788F7A274C: appendEntries* reply s0<-s7#227:OK-t1,SUCCESS,nextIndex=153,followerCommit=151,matchIndex=152
2024-09-10 06:20:06,374 DEBUG server.RaftServer$Division (RaftServerImpl.java:logAppendEntries(1539)) - s12@group-5D788F7A274C: appendEntries* s0->s12#246-t1,previous=(t:1, i:151),leaderCommit=151,initializing? false,entries: size=1, first=(t:1, i:152), METADATAENTRY(c:151)
2024-09-10 06:20:06,374 DEBUG server.RaftServer$Division (RaftServerImpl.java:logAppendEntries(1539)) - s5@group-5D788F7A274C: appendEntries* s0->s5#233-t1,previous=(t:1, i:151),leaderCommit=151,initializing? false,entries: size=1, first=(t:1, i:152), METADATAENTRY(c:151)
2024-09-10 06:20:06,375 DEBUG server.RaftServer$Division (RaftServerImpl.java:logAppendEntries(1539)) - s12@group-5D788F7A274C: appendEntries* reply s0<-s12#246:OK-t1,SUCCESS,nextIndex=153,followerCommit=151,matchIndex=152
2024-09-10 06:20:06,374 DEBUG server.RaftServer$Division (RaftServerImpl.java:logAppendEntries(1539)) - s10@group-5D788F7A274C: appendEntries* s0->s10#656-t1,previous=(t:1, i:151),leaderCommit=151,initializing? false,entries: size=1, first=(t:1, i:152), METADATAENTRY(c:151)
2024-09-10 06:20:06,375 DEBUG server.RaftServer$Division (RaftServerImpl.java:logAppendEntries(1539)) - s13@group-5D788F7A274C: appendEntries* s0->s13#255-t1,previous=(t:1, i:151),leaderCommit=151,initializing? false,entries: size=1, first=(t:1, i:152), METADATAENTRY(c:151)
2024-09-10 06:20:06,375 DEBUG server.RaftServer$Division (RaftServerImpl.java:logAppendEntries(1539)) - s10@group-5D788F7A274C: appendEntries* reply s0<-s10#656:OK-t1,SUCCESS,nextIndex=153,followerCommit=151,matchIndex=152
2024-09-10 06:20:06,375 DEBUG server.RaftServer$Division (RaftServerImpl.java:logAppendEntries(1539)) - s13@group-5D788F7A274C: appendEntries* reply s0<-s13#255:OK-t1,SUCCESS,nextIndex=153,followerCommit=151,matchIndex=152
2024-09-10 06:20:06,375 DEBUG server.RaftServer$Division (RaftServerImpl.java:logAppendEntries(1539)) - s5@group-5D788F7A274C: appendEntries* reply s0<-s5#233:OK-t1,SUCCESS,nextIndex=153,followerCommit=151,matchIndex=152
2024-09-10 06:20:06,374 DEBUG server.RaftServer$Division (RaftServerImpl.java:logAppendEntries(1539)) - s6@group-5D788F7A274C: appendEntries* reply s0<-s6#255:OK-t1,SUCCESS,nextIndex=153,followerCommit=151,matchIndex=152
2024-09-10 06:20:06,376 DEBUG server.RaftServer$Division (RaftServerImpl.java:logAppendEntries(1539)) - s3@group-5D788F7A274C: appendEntries* s0->s3#227-t1,previous=(t:1, i:151),leaderCommit=151,initializing? false,entries: size=1, first=(t:1, i:152), METADATAENTRY(c:151)
2024-09-10 06:20:06,376 DEBUG server.RaftServer$Division (RaftServerImpl.java:logAppendEntries(1539)) - s3@group-5D788F7A274C: appendEntries* reply s0<-s3#227:OK-t1,SUCCESS,nextIndex=153,followerCommit=151,matchIndex=152
2024-09-10 06:20:06,376 DEBUG server.RaftServer$Division (RaftServerImpl.java:logAppendEntries(1539)) - s8@group-5D788F7A274C: appendEntries* s0->s8#253-t1,previous=(t:1, i:151),leaderCommit=151,initializing? false,entries: size=1, first=(t:1, i:152), METADATAENTRY(c:151)
2024-09-10 06:20:06,377 DEBUG server.RaftServer$Division (RaftServerImpl.java:logAppendEntries(1539)) - s8@group-5D788F7A274C: appendEntries* reply s0<-s8#253:OK-t1,SUCCESS,nextIndex=153,followerCommit=151,matchIndex=152
2024-09-10 06:20:06,378 DEBUG server.RaftServer$Division (RaftServerImpl.java:logAppendEntries(1539)) - s9@group-5D788F7A274C: appendEntries* s0->s9#219-t1,previous=(t:1, i:151),leaderCommit=151,initializing? false,entries: size=1, first=(t:1, i:152), METADATAENTRY(c:151)
2024-09-10 06:20:06,378 DEBUG server.RaftServer$Division (RaftServerImpl.java:logAppendEntries(1539)) - s2@group-5D788F7A274C: appendEntries* s0->s2#210-t1,previous=(t:1, i:151),leaderCommit=151,initializing? false,entries: size=1, first=(t:1, i:152), METADATAENTRY(c:151)
2024-09-10 06:20:06,379 DEBUG server.RaftServer$Division (RaftServerImpl.java:logAppendEntries(1539)) - s9@group-5D788F7A274C: appendEntries* reply s0<-s9#219:OK-t1,SUCCESS,nextIndex=153,followerCommit=151,matchIndex=152
2024-09-10 06:20:06,379 DEBUG server.RaftServer$Division (RaftServerImpl.java:logAppendEntries(1539)) - s2@group-5D788F7A274C: appendEntries* reply s0<-s2#210:OK-t1,SUCCESS,nextIndex=153,followerCommit=151,matchIndex=152
2024-09-10 06:20:06,380 DEBUG server.RaftServer$Division (RaftServerImpl.java:logAppendEntries(1539)) - s11@group-5D788F7A274C: appendEntries* s0->s11#288-t1,previous=(t:1, i:151),leaderCommit=151,initializing? false,entries: size=1, first=(t:1, i:152), METADATAENTRY(c:151)
2024-09-10 06:20:06,381 DEBUG server.RaftServer$Division (RaftServerImpl.java:logAppendEntries(1539)) - s11@group-5D788F7A274C: appendEntries* reply s0<-s11#288:OK-t1,SUCCESS,nextIndex=153,followerCommit=151,matchIndex=152
2024-09-10 06:20:06,382 DEBUG server.RaftServer$Division (RaftServerImpl.java:submitClientRequestAsync(910)) - s0@group-5D788F7A274C: receive client request(RaftClientRequest:client-04EF324C57E0->s0@group-5D788F7A274C, cid=4507, seq=null, RW, Message:01016200)
2024-09-10 06:20:06,382 DEBUG server.RaftServer$Division (LeaderStateImpl.java:addPendingRequest(532)) - s0@group-5D788F7A274C-LeaderStateImpl: addPendingRequest at RaftClientRequest:client-04EF324C57E0->s0@group-5D788F7A274C, cid=4507, seq=null, RW, Message:01016200, entry=(t:1, i:153), STATEMACHINELOGENTRY, WRITE: logData.size=4, stateMachineData.size=0, logEntryProtoSerializedSize=0
2024-09-10 06:20:06,383 DEBUG server.RaftServer$Division (RaftServerImpl.java:logAppendEntries(1539)) - s14@group-5D788F7A274C: appendEntries* s0->s14#200-t1,previous=(t:1, i:152),leaderCommit=152,initializing? false,entries: size=1, first=(t:1, i:153), STATEMACHINELOGENTRY, StateMachineLogEntryProto:4507@client-04EF324C57E0
2024-09-10 06:20:06,383 DEBUG server.RaftServer$Division (RaftServerImpl.java:logAppendEntries(1539)) - s7@group-5D788F7A274C: appendEntries* s0->s7#245-t1,previous=(t:1, i:152),leaderCommit=152,initializing? false,entries: size=1, first=(t:1, i:153), STATEMACHINELOGENTRY, StateMachineLogEntryProto:4507@client-04EF324C57E0
2024-09-10 06:20:06,383 DEBUG server.RaftServer$Division (RaftServerImpl.java:logAppendEntries(1539)) - s2@group-5D788F7A274C: appendEntries* s0->s2#230-t1,previous=(t:1, i:152),leaderCommit=152,initializing? false,entries: size=1, first=(t:1, i:153), STATEMACHINELOGENTRY, StateMachineLogEntryProto:4507@client-04EF324C57E0
2024-09-10 06:20:06,383 DEBUG server.RaftServer$Division (RaftServerImpl.java:logAppendEntries(1539)) - s5@group-5D788F7A274C: appendEntries* s0->s5#253-t1,previous=(t:1, i:152),leaderCommit=152,initializing? false,entries: size=1, first=(t:1, i:153), STATEMACHINELOGENTRY, StateMachineLogEntryProto:4507@client-04EF324C57E0
2024-09-10 06:20:06,384 DEBUG server.RaftServer$Division (RaftServerImpl.java:logAppendEntries(1539)) - s6@group-5D788F7A274C: appendEntries* s0->s6#274-t1,previous=(t:1, i:152),leaderCommit=152,initializing? false,entries: size=1, first=(t:1, i:153), STATEMACHINELOGENTRY, StateMachineLogEntryProto:4507@client-04EF324C57E0
2024-09-10 06:20:06,384 DEBUG server.RaftServer$Division (RaftServerImpl.java:logAppendEntries(1539)) - s1@group-5D788F7A274C: appendEntries* s0->s1#640-t1,previous=(t:1, i:152),leaderCommit=152,initializing? false,entries: size=1, first=(t:1, i:153), STATEMACHINELOGENTRY, StateMachineLogEntryProto:4507@client-04EF324C57E0
2024-09-10 06:20:06,384 DEBUG server.RaftServer$Division (RaftServerImpl.java:logAppendEntries(1539)) - s13@group-5D788F7A274C: appendEntries* s0->s13#273-t1,previous=(t:1, i:152),leaderCommit=152,initializing? false,entries: size=1, first=(t:1, i:153), STATEMACHINELOGENTRY, StateMachineLogEntryProto:4507@client-04EF324C57E0
2024-09-10 06:20:06,384 DEBUG server.RaftServer$Division (RaftServerImpl.java:logAppendEntries(1539)) - s9@group-5D788F7A274C: appendEntries* s0->s9#242-t1,previous=(t:1, i:152),leaderCommit=152,initializing? false,entries: size=1, first=(t:1, i:153), STATEMACHINELOGENTRY, StateMachineLogEntryProto:4507@client-04EF324C57E0
2024-09-10 06:20:06,384 DEBUG server.RaftServer$Division (RaftServerImpl.java:logAppendEntries(1539)) - s7@group-5D788F7A274C: appendEntries* reply s0<-s7#245:OK-t1,SUCCESS,nextIndex=154,followerCommit=152,matchIndex=153
2024-09-10 06:20:06,385 DEBUG server.RaftServer$Division (RaftServerImpl.java:logAppendEntries(1539)) - s6@group-5D788F7A274C: appendEntries* reply s0<-s6#274:OK-t1,SUCCESS,nextIndex=154,followerCommit=152,matchIndex=153
2024-09-10 06:20:06,385 DEBUG server.RaftServer$Division (RaftServerImpl.java:logAppendEntries(1539)) - s2@group-5D788F7A274C: appendEntries* reply s0<-s2#230:OK-t1,SUCCESS,nextIndex=154,followerCommit=152,matchIndex=153
2024-09-10 06:20:06,385 DEBUG server.RaftServer$Division (RaftServerImpl.java:logAppendEntries(1539)) - s1@group-5D788F7A274C: appendEntries* reply s0<-s1#640:OK-t1,SUCCESS,nextIndex=154,followerCommit=152,matchIndex=153
2024-09-10 06:20:06,384 DEBUG server.RaftServer$Division (RaftServerImpl.java:logAppendEntries(1539)) - s14@group-5D788F7A274C: appendEntries* reply s0<-s14#200:OK-t1,SUCCESS,nextIndex=154,followerCommit=152,matchIndex=153
2024-09-10 06:20:06,385 DEBUG server.RaftServer$Division (RaftServerImpl.java:logAppendEntries(1539)) - s3@group-5D788F7A274C: appendEntries* s0->s3#249-t1,previous=(t:1, i:152),leaderCommit=152,initializing? false,entries: size=1, first=(t:1, i:153), STATEMACHINELOGENTRY, StateMachineLogEntryProto:4507@client-04EF324C57E0
2024-09-10 06:20:06,385 DEBUG server.RaftServer$Division (RaftServerImpl.java:logAppendEntries(1539)) - s5@group-5D788F7A274C: appendEntries* reply s0<-s5#253:OK-t1,SUCCESS,nextIndex=154,followerCommit=152,matchIndex=153
2024-09-10 06:20:06,385 DEBUG server.RaftServer$Division (RaftServerImpl.java:logAppendEntries(1539)) - s9@group-5D788F7A274C: appendEntries* reply s0<-s9#242:OK-t1,SUCCESS,nextIndex=154,followerCommit=152,matchIndex=153
2024-09-10 06:20:06,385 DEBUG server.RaftServer$Division (RaftServerImpl.java:logAppendEntries(1539)) - s3@group-5D788F7A274C: appendEntries* reply s0<-s3#249:OK-t1,SUCCESS,nextIndex=154,followerCommit=152,matchIndex=153
2024-09-10 06:20:06,385 DEBUG server.RaftServer$Division (RaftServerImpl.java:logAppendEntries(1539)) - s13@group-5D788F7A274C: appendEntries* reply s0<-s13#273:OK-t1,SUCCESS,nextIndex=154,followerCommit=152,matchIndex=153
2024-09-10 06:20:06,386 DEBUG server.RaftServer$Division (RaftServerImpl.java:logAppendEntries(1539)) - s4@group-5D788F7A274C: appendEntries* s0->s4#211-t1,previous=(t:1, i:152),leaderCommit=152,initializing? false,entries: size=1, first=(t:1, i:153), STATEMACHINELOGENTRY, StateMachineLogEntryProto:4507@client-04EF324C57E0
2024-09-10 06:20:06,386 DEBUG server.RaftServer$Division (RaftServerImpl.java:logAppendEntries(1539)) - s12@group-5D788F7A274C: appendEntries* s0->s12#268-t1,previous=(t:1, i:152),leaderCommit=152,initializing? false,entries: size=1, first=(t:1, i:153), STATEMACHINELOGENTRY, StateMachineLogEntryProto:4507@client-04EF324C57E0
2024-09-10 06:20:06,386 DEBUG server.RaftServer$Division (RaftServerImpl.java:logAppendEntries(1539)) - s10@group-5D788F7A274C: appendEntries* s0->s10#679-t1,previous=(t:1, i:152),leaderCommit=152,initializing? false,entries: size=1, first=(t:1, i:153), STATEMACHINELOGENTRY, StateMachineLogEntryProto:4507@client-04EF324C57E0
2024-09-10 06:20:06,386 DEBUG server.RaftServer$Division (RaftServerImpl.java:logAppendEntries(1539)) - s12@group-5D788F7A274C: appendEntries* reply s0<-s12#268:OK-t1,SUCCESS,nextIndex=154,followerCommit=152,matchIndex=153
2024-09-10 06:20:06,386 DEBUG server.RaftServer$Division (RaftServerImpl.java:logAppendEntries(1539)) - s4@group-5D788F7A274C: appendEntries* reply s0<-s4#211:OK-t1,SUCCESS,nextIndex=154,followerCommit=152,matchIndex=153
2024-09-10 06:20:06,386 DEBUG server.RaftServer$Division (RaftServerImpl.java:logAppendEntries(1539)) - s10@group-5D788F7A274C: appendEntries* reply s0<-s10#679:OK-t1,SUCCESS,nextIndex=154,followerCommit=152,matchIndex=153
2024-09-10 06:20:06,387 DEBUG server.RaftServer$Division (RaftServerImpl.java:logAppendEntries(1539)) - s11@group-5D788F7A274C: appendEntries* s0->s11#312-t1,previous=(t:1, i:152),leaderCommit=152,initializing? false,entries: size=1, first=(t:1, i:153), STATEMACHINELOGENTRY, StateMachineLogEntryProto:4507@client-04EF324C57E0
2024-09-10 06:20:06,387 DEBUG server.RaftServer$Division (RaftServerImpl.java:logAppendEntries(1539)) - s8@group-5D788F7A274C: appendEntries* s0->s8#275-t1,previous=(t:1, i:152),leaderCommit=152,initializing? false,entries: size=1, first=(t:1, i:153), STATEMACHINELOGENTRY, StateMachineLogEntryProto:4507@client-04EF324C57E0
2024-09-10 06:20:06,387 DEBUG server.RaftServer$Division (RaftServerImpl.java:logAppendEntries(1539)) - s8@group-5D788F7A274C: appendEntries* reply s0<-s8#275:OK-t1,SUCCESS,nextIndex=154,followerCommit=152,matchIndex=153
2024-09-10 06:20:06,387 DEBUG server.RaftServer$Division (RaftServerImpl.java:logAppendEntries(1539)) - s11@group-5D788F7A274C: appendEntries* reply s0<-s11#312:OK-t1,SUCCESS,nextIndex=154,followerCommit=152,matchIndex=153
2024-09-10 06:20:06,388 INFO  statemachine.StateMachine (ArithmeticStateMachine.java:applyTransaction(181)) - LEADER:s0-153: b = null = null
2024-09-10 06:20:06,388 DEBUG server.RaftServer$Division (RaftServerImpl.java:logAppendEntries(1539)) - s14@group-5D788F7A274C: appendEntries* s0->s14#201-t1,previous=(t:1, i:153),leaderCommit=153,initializing? false,entries: size=1, first=(t:1, i:154), METADATAENTRY(c:153)
2024-09-10 06:20:06,389 DEBUG server.RaftServer$Division (RaftServerImpl.java:logAppendEntries(1539)) - s14@group-5D788F7A274C: appendEntries* reply s0<-s14#201:OK-t1,SUCCESS,nextIndex=155,followerCommit=153,matchIndex=154
2024-09-10 06:20:06,389 DEBUG server.RaftServer$Division (RaftServerImpl.java:logAppendEntries(1539)) - s7@group-5D788F7A274C: appendEntries* s0->s7#248-t1,previous=(t:1, i:153),leaderCommit=153,initializing? false,entries: size=1, first=(t:1, i:154), METADATAENTRY(c:153)
2024-09-10 06:20:06,389 DEBUG server.RaftServer$Division (RaftServerImpl.java:logAppendEntries(1539)) - s7@group-5D788F7A274C: appendEntries* reply s0<-s7#248:OK-t1,SUCCESS,nextIndex=155,followerCommit=153,matchIndex=154
2024-09-10 06:20:06,390 DEBUG server.RaftServer$Division (RaftServerImpl.java:logAppendEntries(1539)) - s2@group-5D788F7A274C: appendEntries* s0->s2#237-t1,previous=(t:1, i:153),leaderCommit=153,initializing? false,entries: size=1, first=(t:1, i:154), METADATAENTRY(c:153)
2024-09-10 06:20:06,390 DEBUG server.RaftServer$Division (RaftServerImpl.java:logAppendEntries(1539)) - s9@group-5D788F7A274C: appendEntries* s0->s9#250-t1,previous=(t:1, i:153),leaderCommit=153,initializing? false,entries: size=1, first=(t:1, i:154), METADATAENTRY(c:153)
2024-09-10 06:20:06,390 DEBUG server.RaftServer$Division (RaftServerImpl.java:logAppendEntries(1539)) - s3@group-5D788F7A274C: appendEntries* s0->s3#256-t1,previous=(t:1, i:153),leaderCommit=153,initializing? false,entries: size=1, first=(t:1, i:154), METADATAENTRY(c:153)
2024-09-10 06:20:06,390 DEBUG server.RaftServer$Division (RaftServerImpl.java:logAppendEntries(1539)) - s2@group-5D788F7A274C: appendEntries* reply s0<-s2#237:OK-t1,SUCCESS,nextIndex=155,followerCommit=153,matchIndex=154
2024-09-10 06:20:06,390 DEBUG server.RaftServer$Division (RaftServerImpl.java:logAppendEntries(1539)) - s9@group-5D788F7A274C: appendEntries* reply s0<-s9#250:OK-t1,SUCCESS,nextIndex=155,followerCommit=153,matchIndex=154
2024-09-10 06:20:06,390 DEBUG server.RaftServer$Division (RaftServerImpl.java:logAppendEntries(1539)) - s6@group-5D788F7A274C: appendEntries* s0->s6#279-t1,previous=(t:1, i:153),leaderCommit=153,initializing? false,entries: size=1, first=(t:1, i:154), METADATAENTRY(c:153)
2024-09-10 06:20:06,390 DEBUG server.RaftServer$Division (RaftServerImpl.java:logAppendEntries(1539)) - s3@group-5D788F7A274C: appendEntries* reply s0<-s3#256:OK-t1,SUCCESS,nextIndex=155,followerCommit=153,matchIndex=154
2024-09-10 06:20:06,390 DEBUG server.RaftServer$Division (RaftServerImpl.java:logAppendEntries(1539)) - s5@group-5D788F7A274C: appendEntries* s0->s5#257-t1,previous=(t:1, i:153),leaderCommit=153,initializing? false,entries: size=1, first=(t:1, i:154), METADATAENTRY(c:153)
2024-09-10 06:20:06,391 DEBUG server.RaftServer$Division (RaftServerImpl.java:logAppendEntries(1539)) - s13@group-5D788F7A274C: appendEntries* s0->s13#279-t1,previous=(t:1, i:153),leaderCommit=153,initializing? false,entries: size=1, first=(t:1, i:154), METADATAENTRY(c:153)
2024-09-10 06:20:06,391 DEBUG server.RaftServer$Division (RaftServerImpl.java:logAppendEntries(1539)) - s6@group-5D788F7A274C: appendEntries* reply s0<-s6#279:OK-t1,SUCCESS,nextIndex=155,followerCommit=153,matchIndex=154
2024-09-10 06:20:06,391 DEBUG server.RaftServer$Division (RaftServerImpl.java:logAppendEntries(1539)) - s5@group-5D788F7A274C: appendEntries* reply s0<-s5#257:OK-t1,SUCCESS,nextIndex=155,followerCommit=153,matchIndex=154
2024-09-10 06:20:06,391 DEBUG server.RaftServer$Division (RaftServerImpl.java:logAppendEntries(1539)) - s13@group-5D788F7A274C: appendEntries* reply s0<-s13#279:OK-t1,SUCCESS,nextIndex=155,followerCommit=153,matchIndex=154
2024-09-10 06:20:06,392 DEBUG server.RaftServer$Division (RaftServerImpl.java:logAppendEntries(1539)) - s4@group-5D788F7A274C: appendEntries* s0->s4#219-t1,previous=(t:1, i:153),leaderCommit=153,initializing? false,entries: size=1, first=(t:1, i:154), METADATAENTRY(c:153)
2024-09-10 06:20:06,392 DEBUG server.RaftServer$Division (RaftServerImpl.java:logAppendEntries(1539)) - s1@group-5D788F7A274C: appendEntries* s0->s1#642-t1,previous=(t:1, i:153),leaderCommit=153,initializing? false,entries: size=1, first=(t:1, i:154), METADATAENTRY(c:153)
2024-09-10 06:20:06,392 DEBUG server.RaftServer$Division (RaftServerImpl.java:logAppendEntries(1539)) - s4@group-5D788F7A274C: appendEntries* reply s0<-s4#219:OK-t1,SUCCESS,nextIndex=155,followerCommit=153,matchIndex=154
2024-09-10 06:20:06,393 DEBUG server.RaftServer$Division (RaftServerImpl.java:logAppendEntries(1539)) - s1@group-5D788F7A274C: appendEntries* reply s0<-s1#642:OK-t1,SUCCESS,nextIndex=155,followerCommit=153,matchIndex=154
2024-09-10 06:20:06,393 DEBUG server.RaftServer$Division (RaftServerImpl.java:logAppendEntries(1539)) - s12@group-5D788F7A274C: appendEntries* s0->s12#276-t1,previous=(t:1, i:153),leaderCommit=153,initializing? false,entries: size=1, first=(t:1, i:154), METADATAENTRY(c:153)
2024-09-10 06:20:06,394 DEBUG server.RaftServer$Division (RaftServerImpl.java:logAppendEntries(1539)) - s12@group-5D788F7A274C: appendEntries* reply s0<-s12#276:OK-t1,SUCCESS,nextIndex=155,followerCommit=153,matchIndex=154
2024-09-10 06:20:06,394 DEBUG server.RaftServer$Division (RaftServerImpl.java:logAppendEntries(1539)) - s10@group-5D788F7A274C: appendEntries* s0->s10#687-t1,previous=(t:1, i:153),leaderCommit=153,initializing? false,entries: size=1, first=(t:1, i:154), METADATAENTRY(c:153)
2024-09-10 06:20:06,394 DEBUG server.RaftServer$Division (RaftServerImpl.java:logAppendEntries(1539)) - s10@group-5D788F7A274C: appendEntries* reply s0<-s10#687:OK-t1,SUCCESS,nextIndex=155,followerCommit=153,matchIndex=154
2024-09-10 06:20:06,396 DEBUG server.RaftServer$Division (RaftServerImpl.java:logAppendEntries(1539)) - s8@group-5D788F7A274C: appendEntries* s0->s8#283-t1,previous=(t:1, i:153),leaderCommit=153,initializing? false,entries: size=1, first=(t:1, i:154), METADATAENTRY(c:153)
2024-09-10 06:20:06,396 DEBUG server.RaftServer$Division (RaftServerImpl.java:logAppendEntries(1539)) - s11@group-5D788F7A274C: appendEntries* s0->s11#320-t1,previous=(t:1, i:153),leaderCommit=153,initializing? false,entries: size=1, first=(t:1, i:154), METADATAENTRY(c:153)
2024-09-10 06:20:06,396 DEBUG server.RaftServer$Division (RaftServerImpl.java:logAppendEntries(1539)) - s8@group-5D788F7A274C: appendEntries* reply s0<-s8#283:OK-t1,SUCCESS,nextIndex=155,followerCommit=153,matchIndex=154
2024-09-10 06:20:06,396 DEBUG server.RaftServer$Division (RaftServerImpl.java:submitClientRequestAsync(910)) - s0@group-5D788F7A274C: receive client request(RaftClientRequest:client-04EF324C57E0->s0@group-5D788F7A274C, cid=4508, seq=null, RW, Message:01016300)
2024-09-10 06:20:06,396 DEBUG server.RaftServer$Division (RaftServerImpl.java:logAppendEntries(1539)) - s11@group-5D788F7A274C: appendEntries* reply s0<-s11#320:OK-t1,SUCCESS,nextIndex=155,followerCommit=153,matchIndex=154
2024-09-10 06:20:06,397 DEBUG server.RaftServer$Division (LeaderStateImpl.java:addPendingRequest(532)) - s0@group-5D788F7A274C-LeaderStateImpl: addPendingRequest at RaftClientRequest:client-04EF324C57E0->s0@group-5D788F7A274C, cid=4508, seq=null, RW, Message:01016300, entry=(t:1, i:155), STATEMACHINELOGENTRY, WRITE: logData.size=4, stateMachineData.size=0, logEntryProtoSerializedSize=0
2024-09-10 06:20:06,398 DEBUG server.RaftServer$Division (RaftServerImpl.java:logAppendEntries(1539)) - s14@group-5D788F7A274C: appendEntries* s0->s14#210-t1,previous=(t:1, i:154),leaderCommit=154,initializing? false,entries: size=1, first=(t:1, i:155), STATEMACHINELOGENTRY, StateMachineLogEntryProto:4508@client-04EF324C57E0
2024-09-10 06:20:06,398 DEBUG server.RaftServer$Division (RaftServerImpl.java:logAppendEntries(1539)) - s13@group-5D788F7A274C: appendEntries* s0->s13#292-t1,previous=(t:1, i:154),leaderCommit=154,initializing? false,entries: size=1, first=(t:1, i:155), STATEMACHINELOGENTRY, StateMachineLogEntryProto:4508@client-04EF324C57E0
2024-09-10 06:20:06,398 DEBUG server.RaftServer$Division (RaftServerImpl.java:logAppendEntries(1539)) - s14@group-5D788F7A274C: appendEntries* reply s0<-s14#210:OK-t1,SUCCESS,nextIndex=156,followerCommit=154,matchIndex=155
2024-09-10 06:20:06,398 DEBUG server.RaftServer$Division (RaftServerImpl.java:logAppendEntries(1539)) - s13@group-5D788F7A274C: appendEntries* reply s0<-s13#292:OK-t1,SUCCESS,nextIndex=156,followerCommit=154,matchIndex=155
2024-09-10 06:20:06,399 DEBUG server.RaftServer$Division (RaftServerImpl.java:logAppendEntries(1539)) - s6@group-5D788F7A274C: appendEntries* s0->s6#293-t1,previous=(t:1, i:154),leaderCommit=154,initializing? false,entries: size=1, first=(t:1, i:155), STATEMACHINELOGENTRY, StateMachineLogEntryProto:4508@client-04EF324C57E0
2024-09-10 06:20:06,399 DEBUG server.RaftServer$Division (RaftServerImpl.java:logAppendEntries(1539)) - s3@group-5D788F7A274C: appendEntries* s0->s3#274-t1,previous=(t:1, i:154),leaderCommit=154,initializing? false,entries: size=1, first=(t:1, i:155), STATEMACHINELOGENTRY, StateMachineLogEntryProto:4508@client-04EF324C57E0
2024-09-10 06:20:06,399 DEBUG server.RaftServer$Division (RaftServerImpl.java:logAppendEntries(1539)) - s2@group-5D788F7A274C: appendEntries* s0->s2#254-t1,previous=(t:1, i:154),leaderCommit=154,initializing? false,entries: size=1, first=(t:1, i:155), STATEMACHINELOGENTRY, StateMachineLogEntryProto:4508@client-04EF324C57E0
2024-09-10 06:20:06,399 DEBUG server.RaftServer$Division (RaftServerImpl.java:logAppendEntries(1539)) - s6@group-5D788F7A274C: appendEntries* reply s0<-s6#293:OK-t1,SUCCESS,nextIndex=156,followerCommit=154,matchIndex=155
2024-09-10 06:20:06,399 DEBUG server.RaftServer$Division (RaftServerImpl.java:logAppendEntries(1539)) - s2@group-5D788F7A274C: appendEntries* reply s0<-s2#254:OK-t1,SUCCESS,nextIndex=156,followerCommit=154,matchIndex=155
2024-09-10 06:20:06,399 DEBUG server.RaftServer$Division (RaftServerImpl.java:logAppendEntries(1539)) - s3@group-5D788F7A274C: appendEntries* reply s0<-s3#274:OK-t1,SUCCESS,nextIndex=156,followerCommit=154,matchIndex=155
2024-09-10 06:20:06,399 DEBUG server.RaftServer$Division (RaftServerImpl.java:logAppendEntries(1539)) - s5@group-5D788F7A274C: appendEntries* s0->s5#271-t1,previous=(t:1, i:154),leaderCommit=154,initializing? false,entries: size=1, first=(t:1, i:155), STATEMACHINELOGENTRY, StateMachineLogEntryProto:4508@client-04EF324C57E0
2024-09-10 06:20:06,400 DEBUG server.RaftServer$Division (RaftServerImpl.java:logAppendEntries(1539)) - s9@group-5D788F7A274C: appendEntries* s0->s9#270-t1,previous=(t:1, i:154),leaderCommit=154,initializing? false,entries: size=1, first=(t:1, i:155), STATEMACHINELOGENTRY, StateMachineLogEntryProto:4508@client-04EF324C57E0
2024-09-10 06:20:06,400 DEBUG server.RaftServer$Division (RaftServerImpl.java:logAppendEntries(1539)) - s10@group-5D788F7A274C: appendEntries* s0->s10#704-t1,previous=(t:1, i:154),leaderCommit=154,initializing? false,entries: size=1, first=(t:1, i:155), STATEMACHINELOGENTRY, StateMachineLogEntryProto:4508@client-04EF324C57E0
2024-09-10 06:20:06,400 DEBUG server.RaftServer$Division (RaftServerImpl.java:logAppendEntries(1539)) - s4@group-5D788F7A274C: appendEntries* s0->s4#239-t1,previous=(t:1, i:154),leaderCommit=154,initializing? false,entries: size=1, first=(t:1, i:155), STATEMACHINELOGENTRY, StateMachineLogEntryProto:4508@client-04EF324C57E0
2024-09-10 06:20:06,400 DEBUG server.RaftServer$Division (RaftServerImpl.java:logAppendEntries(1539)) - s9@group-5D788F7A274C: appendEntries* reply s0<-s9#270:OK-t1,SUCCESS,nextIndex=156,followerCommit=154,matchIndex=155
2024-09-10 06:20:06,400 DEBUG server.RaftServer$Division (RaftServerImpl.java:logAppendEntries(1539)) - s10@group-5D788F7A274C: appendEntries* reply s0<-s10#704:OK-t1,SUCCESS,nextIndex=156,followerCommit=154,matchIndex=155
2024-09-10 06:20:06,401 DEBUG server.RaftServer$Division (RaftServerImpl.java:logAppendEntries(1539)) - s4@group-5D788F7A274C: appendEntries* reply s0<-s4#239:OK-t1,SUCCESS,nextIndex=156,followerCommit=154,matchIndex=155
2024-09-10 06:20:06,401 DEBUG server.RaftServer$Division (RaftServerImpl.java:logAppendEntries(1539)) - s12@group-5D788F7A274C: appendEntries* s0->s12#294-t1,previous=(t:1, i:154),leaderCommit=154,initializing? false,entries: size=1, first=(t:1, i:155), STATEMACHINELOGENTRY, StateMachineLogEntryProto:4508@client-04EF324C57E0
2024-09-10 06:20:06,401 DEBUG server.RaftServer$Division (RaftServerImpl.java:logAppendEntries(1539)) - s5@group-5D788F7A274C: appendEntries* reply s0<-s5#271:OK-t1,SUCCESS,nextIndex=156,followerCommit=154,matchIndex=155
2024-09-10 06:20:06,401 DEBUG server.RaftServer$Division (RaftServerImpl.java:logAppendEntries(1539)) - s12@group-5D788F7A274C: appendEntries* reply s0<-s12#294:OK-t1,SUCCESS,nextIndex=156,followerCommit=154,matchIndex=155
2024-09-10 06:20:06,401 DEBUG server.RaftServer$Division (RaftServerImpl.java:logAppendEntries(1539)) - s7@group-5D788F7A274C: appendEntries* s0->s7#261-t1,previous=(t:1, i:154),leaderCommit=154,initializing? false,entries: size=1, first=(t:1, i:155), STATEMACHINELOGENTRY, StateMachineLogEntryProto:4508@client-04EF324C57E0
2024-09-10 06:20:06,402 DEBUG server.RaftServer$Division (RaftServerImpl.java:logAppendEntries(1539)) - s7@group-5D788F7A274C: appendEntries* reply s0<-s7#261:OK-t1,SUCCESS,nextIndex=156,followerCommit=154,matchIndex=155
2024-09-10 06:20:06,402 DEBUG server.RaftServer$Division (RaftServerImpl.java:logAppendEntries(1539)) - s1@group-5D788F7A274C: appendEntries* s0->s1#659-t1,previous=(t:1, i:154),leaderCommit=154,initializing? false,entries: size=1, first=(t:1, i:155), STATEMACHINELOGENTRY, StateMachineLogEntryProto:4508@client-04EF324C57E0
2024-09-10 06:20:06,402 INFO  statemachine.StateMachine (ArithmeticStateMachine.java:applyTransaction(181)) - LEADER:s0-155: c = null = null
2024-09-10 06:20:06,402 DEBUG server.RaftServer$Division (RaftServerImpl.java:logAppendEntries(1539)) - s1@group-5D788F7A274C: appendEntries* reply s0<-s1#659:OK-t1,SUCCESS,nextIndex=156,followerCommit=154,matchIndex=155
2024-09-10 06:20:06,403 DEBUG server.RaftServer$Division (RaftServerImpl.java:logAppendEntries(1539)) - s14@group-5D788F7A274C: appendEntries* s0->s14#211-t1,previous=(t:1, i:155),leaderCommit=155,initializing? false,entries: size=1, first=(t:1, i:156), METADATAENTRY(c:155)
2024-09-10 06:20:06,403 DEBUG server.RaftServer$Division (RaftServerImpl.java:logAppendEntries(1539)) - s14@group-5D788F7A274C: appendEntries* reply s0<-s14#211:OK-t1,SUCCESS,nextIndex=157,followerCommit=155,matchIndex=156
2024-09-10 06:20:06,404 DEBUG server.RaftServer$Division (RaftServerImpl.java:logAppendEntries(1539)) - s13@group-5D788F7A274C: appendEntries* s0->s13#299-t1,previous=(t:1, i:155),leaderCommit=155,initializing? false,entries: size=1, first=(t:1, i:156), METADATAENTRY(c:155)
2024-09-10 06:20:06,404 DEBUG server.RaftServer$Division (RaftServerImpl.java:logAppendEntries(1539)) - s7@group-5D788F7A274C: appendEntries* s0->s7#268-t1,previous=(t:1, i:155),leaderCommit=155,initializing? false,entries: size=1, first=(t:1, i:156), METADATAENTRY(c:155)
2024-09-10 06:20:06,404 DEBUG server.RaftServer$Division (RaftServerImpl.java:logAppendEntries(1539)) - s1@group-5D788F7A274C: appendEntries* s0->s1#667-t1,previous=(t:1, i:155),leaderCommit=155,initializing? false,entries: size=1, first=(t:1, i:156), METADATAENTRY(c:155)
2024-09-10 06:20:06,405 DEBUG server.RaftServer$Division (RaftServerImpl.java:logAppendEntries(1539)) - s11@group-5D788F7A274C: appendEntries* s0->s11#338-t1,previous=(t:1, i:154),leaderCommit=154,initializing? false,entries: size=1, first=(t:1, i:155), STATEMACHINELOGENTRY, StateMachineLogEntryProto:4508@client-04EF324C57E0
2024-09-10 06:20:06,405 DEBUG server.RaftServer$Division (RaftServerImpl.java:logAppendEntries(1539)) - s8@group-5D788F7A274C: appendEntries* s0->s8#302-t1,previous=(t:1, i:154),leaderCommit=154,initializing? false,entries: size=1, first=(t:1, i:155), STATEMACHINELOGENTRY, StateMachineLogEntryProto:4508@client-04EF324C57E0
2024-09-10 06:20:06,405 DEBUG server.RaftServer$Division (RaftServerImpl.java:logAppendEntries(1539)) - s7@group-5D788F7A274C: appendEntries* reply s0<-s7#268:OK-t1,SUCCESS,nextIndex=157,followerCommit=155,matchIndex=156
2024-09-10 06:20:06,405 DEBUG server.RaftServer$Division (RaftServerImpl.java:logAppendEntries(1539)) - s13@group-5D788F7A274C: appendEntries* reply s0<-s13#299:OK-t1,SUCCESS,nextIndex=157,followerCommit=155,matchIndex=156
2024-09-10 06:20:06,405 DEBUG server.RaftServer$Division (RaftServerImpl.java:logAppendEntries(1539)) - s11@group-5D788F7A274C: appendEntries* reply s0<-s11#338:OK-t1,SUCCESS,nextIndex=156,followerCommit=154,matchIndex=155
2024-09-10 06:20:06,405 DEBUG server.RaftServer$Division (RaftServerImpl.java:logAppendEntries(1539)) - s1@group-5D788F7A274C: appendEntries* reply s0<-s1#667:OK-t1,SUCCESS,nextIndex=157,followerCommit=155,matchIndex=156
2024-09-10 06:20:06,405 DEBUG server.RaftServer$Division (RaftServerImpl.java:logAppendEntries(1539)) - s8@group-5D788F7A274C: appendEntries* reply s0<-s8#302:OK-t1,SUCCESS,nextIndex=156,followerCommit=154,matchIndex=155
2024-09-10 06:20:06,406 DEBUG server.RaftServer$Division (RaftServerImpl.java:logAppendEntries(1539)) - s9@group-5D788F7A274C: appendEntries* s0->s9#276-t1,previous=(t:1, i:155),leaderCommit=155,initializing? false,entries: size=1, first=(t:1, i:156), METADATAENTRY(c:155)
2024-09-10 06:20:06,406 DEBUG server.RaftServer$Division (RaftServerImpl.java:logAppendEntries(1539)) - s3@group-5D788F7A274C: appendEntries* s0->s3#277-t1,previous=(t:1, i:155),leaderCommit=155,initializing? false,entries: size=1, first=(t:1, i:156), METADATAENTRY(c:155)
2024-09-10 06:20:06,406 DEBUG server.RaftServer$Division (RaftServerImpl.java:logAppendEntries(1539)) - s6@group-5D788F7A274C: appendEntries* s0->s6#300-t1,previous=(t:1, i:155),leaderCommit=155,initializing? false,entries: size=1, first=(t:1, i:156), METADATAENTRY(c:155)
2024-09-10 06:20:06,406 DEBUG server.RaftServer$Division (RaftServerImpl.java:logAppendEntries(1539)) - s9@group-5D788F7A274C: appendEntries* reply s0<-s9#276:OK-t1,SUCCESS,nextIndex=157,followerCommit=155,matchIndex=156
2024-09-10 06:20:06,406 DEBUG server.RaftServer$Division (RaftServerImpl.java:logAppendEntries(1539)) - s2@group-5D788F7A274C: appendEntries* s0->s2#256-t1,previous=(t:1, i:155),leaderCommit=155,initializing? false,entries: size=1, first=(t:1, i:156), METADATAENTRY(c:155)
2024-09-10 06:20:06,406 DEBUG server.RaftServer$Division (RaftServerImpl.java:logAppendEntries(1539)) - s3@group-5D788F7A274C: appendEntries* reply s0<-s3#277:OK-t1,SUCCESS,nextIndex=157,followerCommit=155,matchIndex=156
2024-09-10 06:20:06,406 DEBUG server.RaftServer$Division (RaftServerImpl.java:logAppendEntries(1539)) - s6@group-5D788F7A274C: appendEntries* reply s0<-s6#300:OK-t1,SUCCESS,nextIndex=157,followerCommit=155,matchIndex=156
2024-09-10 06:20:06,407 DEBUG server.RaftServer$Division (RaftServerImpl.java:logAppendEntries(1539)) - s2@group-5D788F7A274C: appendEntries* reply s0<-s2#256:OK-t1,SUCCESS,nextIndex=157,followerCommit=155,matchIndex=156
2024-09-10 06:20:06,407 DEBUG server.RaftServer$Division (RaftServerImpl.java:logAppendEntries(1539)) - s5@group-5D788F7A274C: appendEntries* s0->s5#278-t1,previous=(t:1, i:155),leaderCommit=155,initializing? false,entries: size=1, first=(t:1, i:156), METADATAENTRY(c:155)
2024-09-10 06:20:06,407 DEBUG server.RaftServer$Division (RaftServerImpl.java:logAppendEntries(1539)) - s5@group-5D788F7A274C: appendEntries* reply s0<-s5#278:OK-t1,SUCCESS,nextIndex=157,followerCommit=155,matchIndex=156
2024-09-10 06:20:06,409 DEBUG server.RaftServer$Division (RaftServerImpl.java:logAppendEntries(1539)) - s4@group-5D788F7A274C: appendEntries* s0->s4#244-t1,previous=(t:1, i:155),leaderCommit=155,initializing? false,entries: size=1, first=(t:1, i:156), METADATAENTRY(c:155)
2024-09-10 06:20:06,409 DEBUG server.RaftServer$Division (RaftServerImpl.java:logAppendEntries(1539)) - s10@group-5D788F7A274C: appendEntries* s0->s10#708-t1,previous=(t:1, i:155),leaderCommit=155,initializing? false,entries: size=1, first=(t:1, i:156), METADATAENTRY(c:155)
2024-09-10 06:20:06,409 DEBUG server.RaftServer$Division (RaftServerImpl.java:logAppendEntries(1539)) - s4@group-5D788F7A274C: appendEntries* reply s0<-s4#244:OK-t1,SUCCESS,nextIndex=157,followerCommit=155,matchIndex=156
2024-09-10 06:20:06,409 DEBUG server.RaftServer$Division (RaftServerImpl.java:logAppendEntries(1539)) - s12@group-5D788F7A274C: appendEntries* s0->s12#299-t1,previous=(t:1, i:155),leaderCommit=155,initializing? false,entries: size=1, first=(t:1, i:156), METADATAENTRY(c:155)
2024-09-10 06:20:06,409 DEBUG server.RaftServer$Division (RaftServerImpl.java:logAppendEntries(1539)) - s8@group-5D788F7A274C: appendEntries* s0->s8#309-t1,previous=(t:1, i:155),leaderCommit=155,initializing? false,entries: size=1, first=(t:1, i:156), METADATAENTRY(c:155)
2024-09-10 06:20:06,409 DEBUG server.RaftServer$Division (RaftServerImpl.java:logAppendEntries(1539)) - s10@group-5D788F7A274C: appendEntries* reply s0<-s10#708:OK-t1,SUCCESS,nextIndex=157,followerCommit=155,matchIndex=156
2024-09-10 06:20:06,410 DEBUG server.RaftServer$Division (RaftServerImpl.java:logAppendEntries(1539)) - s12@group-5D788F7A274C: appendEntries* reply s0<-s12#299:OK-t1,SUCCESS,nextIndex=157,followerCommit=155,matchIndex=156
2024-09-10 06:20:06,410 DEBUG server.RaftServer$Division (RaftServerImpl.java:logAppendEntries(1539)) - s8@group-5D788F7A274C: appendEntries* reply s0<-s8#309:OK-t1,SUCCESS,nextIndex=157,followerCommit=155,matchIndex=156
2024-09-10 06:20:06,410 DEBUG server.RaftServer$Division (RaftServerImpl.java:logAppendEntries(1539)) - s11@group-5D788F7A274C: appendEntries* s0->s11#346-t1,previous=(t:1, i:155),leaderCommit=155,initializing? false,entries: size=1, first=(t:1, i:156), METADATAENTRY(c:155)
2024-09-10 06:20:06,410 DEBUG server.RaftServer$Division (RaftServerImpl.java:logAppendEntries(1539)) - s11@group-5D788F7A274C: appendEntries* reply s0<-s11#346:OK-t1,SUCCESS,nextIndex=157,followerCommit=155,matchIndex=156
2024-09-10 06:20:06,412 DEBUG server.RaftServer$Division (RaftServerImpl.java:submitClientRequestAsync(910)) - s0@group-5D788F7A274C: receive client request(RaftClientRequest:client-04EF324C57E0->s0@group-5D788F7A274C, cid=4509, seq=null, RW, Message:01016102405ac0000000...(size=12))
2024-09-10 06:20:06,412 DEBUG server.RaftServer$Division (LeaderStateImpl.java:addPendingRequest(532)) - s0@group-5D788F7A274C-LeaderStateImpl: addPendingRequest at RaftClientRequest:client-04EF324C57E0->s0@group-5D788F7A274C, cid=4509, seq=null, RW, Message:01016102405ac0000000...(size=12), entry=(t:1, i:157), STATEMACHINELOGENTRY, WRITE: logData.size=12, stateMachineData.size=0, logEntryProtoSerializedSize=0
2024-09-10 06:20:06,413 DEBUG server.RaftServer$Division (RaftServerImpl.java:logAppendEntries(1539)) - s11@group-5D788F7A274C: appendEntries* s0->s11#366-t1,previous=(t:1, i:156),leaderCommit=156,initializing? false,entries: size=1, first=(t:1, i:157), STATEMACHINELOGENTRY, StateMachineLogEntryProto:4509@client-04EF324C57E0
2024-09-10 06:20:06,414 DEBUG server.RaftServer$Division (RaftServerImpl.java:logAppendEntries(1539)) - s13@group-5D788F7A274C: appendEntries* s0->s13#312-t1,previous=(t:1, i:156),leaderCommit=156,initializing? false,entries: size=1, first=(t:1, i:157), STATEMACHINELOGENTRY, StateMachineLogEntryProto:4509@client-04EF324C57E0
2024-09-10 06:20:06,414 DEBUG server.RaftServer$Division (RaftServerImpl.java:logAppendEntries(1539)) - s11@group-5D788F7A274C: appendEntries* reply s0<-s11#366:OK-t1,SUCCESS,nextIndex=158,followerCommit=156,matchIndex=157
2024-09-10 06:20:06,414 DEBUG server.RaftServer$Division (RaftServerImpl.java:logAppendEntries(1539)) - s13@group-5D788F7A274C: appendEntries* reply s0<-s13#312:OK-t1,SUCCESS,nextIndex=158,followerCommit=156,matchIndex=157
2024-09-10 06:20:06,414 DEBUG server.RaftServer$Division (RaftServerImpl.java:logAppendEntries(1539)) - s7@group-5D788F7A274C: appendEntries* s0->s7#282-t1,previous=(t:1, i:156),leaderCommit=156,initializing? false,entries: size=1, first=(t:1, i:157), STATEMACHINELOGENTRY, StateMachineLogEntryProto:4509@client-04EF324C57E0
2024-09-10 06:20:06,414 DEBUG server.RaftServer$Division (RaftServerImpl.java:logAppendEntries(1539)) - s8@group-5D788F7A274C: appendEntries* s0->s8#331-t1,previous=(t:1, i:156),leaderCommit=156,initializing? false,entries: size=1, first=(t:1, i:157), STATEMACHINELOGENTRY, StateMachineLogEntryProto:4509@client-04EF324C57E0
2024-09-10 06:20:06,414 DEBUG server.RaftServer$Division (RaftServerImpl.java:logAppendEntries(1539)) - s4@group-5D788F7A274C: appendEntries* s0->s4#265-t1,previous=(t:1, i:156),leaderCommit=156,initializing? false,entries: size=1, first=(t:1, i:157), STATEMACHINELOGENTRY, StateMachineLogEntryProto:4509@client-04EF324C57E0
2024-09-10 06:20:06,415 DEBUG server.RaftServer$Division (RaftServerImpl.java:logAppendEntries(1539)) - s10@group-5D788F7A274C: appendEntries* s0->s10#730-t1,previous=(t:1, i:156),leaderCommit=156,initializing? false,entries: size=1, first=(t:1, i:157), STATEMACHINELOGENTRY, StateMachineLogEntryProto:4509@client-04EF324C57E0
2024-09-10 06:20:06,415 DEBUG server.RaftServer$Division (RaftServerImpl.java:logAppendEntries(1539)) - s6@group-5D788F7A274C: appendEntries* s0->s6#316-t1,previous=(t:1, i:156),leaderCommit=156,initializing? false,entries: size=1, first=(t:1, i:157), STATEMACHINELOGENTRY, StateMachineLogEntryProto:4509@client-04EF324C57E0
2024-09-10 06:20:06,415 DEBUG server.RaftServer$Division (RaftServerImpl.java:logAppendEntries(1539)) - s1@group-5D788F7A274C: appendEntries* s0->s1#683-t1,previous=(t:1, i:156),leaderCommit=156,initializing? false,entries: size=1, first=(t:1, i:157), STATEMACHINELOGENTRY, StateMachineLogEntryProto:4509@client-04EF324C57E0
2024-09-10 06:20:06,415 DEBUG server.RaftServer$Division (RaftServerImpl.java:logAppendEntries(1539)) - s9@group-5D788F7A274C: appendEntries* s0->s9#296-t1,previous=(t:1, i:156),leaderCommit=156,initializing? false,entries: size=1, first=(t:1, i:157), STATEMACHINELOGENTRY, StateMachineLogEntryProto:4509@client-04EF324C57E0
2024-09-10 06:20:06,415 DEBUG server.RaftServer$Division (RaftServerImpl.java:logAppendEntries(1539)) - s3@group-5D788F7A274C: appendEntries* s0->s3#299-t1,previous=(t:1, i:156),leaderCommit=156,initializing? false,entries: size=1, first=(t:1, i:157), STATEMACHINELOGENTRY, StateMachineLogEntryProto:4509@client-04EF324C57E0
2024-09-10 06:20:06,415 DEBUG server.RaftServer$Division (RaftServerImpl.java:logAppendEntries(1539)) - s7@group-5D788F7A274C: appendEntries* reply s0<-s7#282:OK-t1,SUCCESS,nextIndex=158,followerCommit=156,matchIndex=157
2024-09-10 06:20:06,415 DEBUG server.RaftServer$Division (RaftServerImpl.java:logAppendEntries(1539)) - s1@group-5D788F7A274C: appendEntries* reply s0<-s1#683:OK-t1,SUCCESS,nextIndex=158,followerCommit=156,matchIndex=157
2024-09-10 06:20:06,415 DEBUG server.RaftServer$Division (RaftServerImpl.java:logAppendEntries(1539)) - s3@group-5D788F7A274C: appendEntries* reply s0<-s3#299:OK-t1,SUCCESS,nextIndex=158,followerCommit=156,matchIndex=157
2024-09-10 06:20:06,415 DEBUG server.RaftServer$Division (RaftServerImpl.java:logAppendEntries(1539)) - s10@group-5D788F7A274C: appendEntries* reply s0<-s10#730:OK-t1,SUCCESS,nextIndex=158,followerCommit=156,matchIndex=157
2024-09-10 06:20:06,416 DEBUG server.RaftServer$Division (RaftServerImpl.java:logAppendEntries(1539)) - s6@group-5D788F7A274C: appendEntries* reply s0<-s6#316:OK-t1,SUCCESS,nextIndex=158,followerCommit=156,matchIndex=157
2024-09-10 06:20:06,416 DEBUG server.RaftServer$Division (RaftServerImpl.java:logAppendEntries(1539)) - s4@group-5D788F7A274C: appendEntries* reply s0<-s4#265:OK-t1,SUCCESS,nextIndex=158,followerCommit=156,matchIndex=157
2024-09-10 06:20:06,416 DEBUG server.RaftServer$Division (RaftServerImpl.java:logAppendEntries(1539)) - s14@group-5D788F7A274C: appendEntries* s0->s14#221-t1,previous=(t:1, i:156),leaderCommit=156,initializing? false,entries: size=1, first=(t:1, i:157), STATEMACHINELOGENTRY, StateMachineLogEntryProto:4509@client-04EF324C57E0
2024-09-10 06:20:06,416 DEBUG server.RaftServer$Division (RaftServerImpl.java:logAppendEntries(1539)) - s9@group-5D788F7A274C: appendEntries* reply s0<-s9#296:OK-t1,SUCCESS,nextIndex=158,followerCommit=156,matchIndex=157
2024-09-10 06:20:06,416 DEBUG server.RaftServer$Division (RaftServerImpl.java:logAppendEntries(1539)) - s8@group-5D788F7A274C: appendEntries* reply s0<-s8#331:OK-t1,SUCCESS,nextIndex=158,followerCommit=156,matchIndex=157
2024-09-10 06:20:06,416 DEBUG server.RaftServer$Division (RaftServerImpl.java:logAppendEntries(1539)) - s5@group-5D788F7A274C: appendEntries* s0->s5#296-t1,previous=(t:1, i:156),leaderCommit=156,initializing? false,entries: size=1, first=(t:1, i:157), STATEMACHINELOGENTRY, StateMachineLogEntryProto:4509@client-04EF324C57E0
2024-09-10 06:20:06,416 DEBUG server.RaftServer$Division (RaftServerImpl.java:logAppendEntries(1539)) - s14@group-5D788F7A274C: appendEntries* reply s0<-s14#221:OK-t1,SUCCESS,nextIndex=158,followerCommit=156,matchIndex=157
2024-09-10 06:20:06,417 DEBUG server.RaftServer$Division (RaftServerImpl.java:logAppendEntries(1539)) - s5@group-5D788F7A274C: appendEntries* reply s0<-s5#296:OK-t1,SUCCESS,nextIndex=158,followerCommit=156,matchIndex=157
2024-09-10 06:20:06,418 INFO  statemachine.StateMachine (ArithmeticStateMachine.java:applyTransaction(181)) - LEADER:s0-157: a = 107 = 107
2024-09-10 06:20:06,418 DEBUG server.RaftServer$Division (RaftServerImpl.java:logAppendEntries(1539)) - s13@group-5D788F7A274C: appendEntries* s0->s13#313-t1,previous=(t:1, i:157),leaderCommit=157,initializing? false,entries: size=1, first=(t:1, i:158), METADATAENTRY(c:157)
2024-09-10 06:20:06,418 DEBUG server.RaftServer$Division (RaftServerImpl.java:logAppendEntries(1539)) - s7@group-5D788F7A274C: appendEntries* s0->s7#285-t1,previous=(t:1, i:157),leaderCommit=157,initializing? false,entries: size=1, first=(t:1, i:158), METADATAENTRY(c:157)
2024-09-10 06:20:06,419 DEBUG server.RaftServer$Division (RaftServerImpl.java:logAppendEntries(1539)) - s13@group-5D788F7A274C: appendEntries* reply s0<-s13#313:OK-t1,SUCCESS,nextIndex=159,followerCommit=157,matchIndex=158
2024-09-10 06:20:06,419 DEBUG server.RaftServer$Division (RaftServerImpl.java:logAppendEntries(1539)) - s2@group-5D788F7A274C: appendEntries* s0->s2#271-t1,previous=(t:1, i:156),leaderCommit=156,initializing? false,entries: size=1, first=(t:1, i:157), STATEMACHINELOGENTRY, StateMachineLogEntryProto:4509@client-04EF324C57E0
2024-09-10 06:20:06,419 DEBUG server.RaftServer$Division (RaftServerImpl.java:logAppendEntries(1539)) - s7@group-5D788F7A274C: appendEntries* reply s0<-s7#285:OK-t1,SUCCESS,nextIndex=159,followerCommit=157,matchIndex=158
2024-09-10 06:20:06,419 DEBUG server.RaftServer$Division (RaftServerImpl.java:logAppendEntries(1539)) - s2@group-5D788F7A274C: appendEntries* reply s0<-s2#271:OK-t1,SUCCESS,nextIndex=158,followerCommit=156,matchIndex=157
2024-09-10 06:20:06,420 DEBUG server.RaftServer$Division (RaftServerImpl.java:logAppendEntries(1539)) - s12@group-5D788F7A274C: appendEntries* s0->s12#321-t1,previous=(t:1, i:156),leaderCommit=156,initializing? false,entries: size=1, first=(t:1, i:157), STATEMACHINELOGENTRY, StateMachineLogEntryProto:4509@client-04EF324C57E0
2024-09-10 06:20:06,420 DEBUG server.RaftServer$Division (RaftServerImpl.java:logAppendEntries(1539)) - s12@group-5D788F7A274C: appendEntries* reply s0<-s12#321:OK-t1,SUCCESS,nextIndex=158,followerCommit=156,matchIndex=157
2024-09-10 06:20:06,420 DEBUG server.RaftServer$Division (RaftServerImpl.java:logAppendEntries(1539)) - s4@group-5D788F7A274C: appendEntries* s0->s4#270-t1,previous=(t:1, i:157),leaderCommit=157,initializing? false,entries: size=1, first=(t:1, i:158), METADATAENTRY(c:157)
2024-09-10 06:20:06,420 DEBUG server.RaftServer$Division (RaftServerImpl.java:logAppendEntries(1539)) - s8@group-5D788F7A274C: appendEntries* s0->s8#338-t1,previous=(t:1, i:157),leaderCommit=157,initializing? false,entries: size=1, first=(t:1, i:158), METADATAENTRY(c:157)
2024-09-10 06:20:06,421 DEBUG server.RaftServer$Division (RaftServerImpl.java:logAppendEntries(1539)) - s4@group-5D788F7A274C: appendEntries* reply s0<-s4#270:OK-t1,SUCCESS,nextIndex=159,followerCommit=157,matchIndex=158
2024-09-10 06:20:06,421 DEBUG server.RaftServer$Division (RaftServerImpl.java:logAppendEntries(1539)) - s8@group-5D788F7A274C: appendEntries* reply s0<-s8#338:OK-t1,SUCCESS,nextIndex=159,followerCommit=157,matchIndex=158
2024-09-10 06:20:06,421 DEBUG server.RaftServer$Division (RaftServerImpl.java:logAppendEntries(1539)) - s12@group-5D788F7A274C: appendEntries* s0->s12#329-t1,previous=(t:1, i:157),leaderCommit=157,initializing? false,entries: size=1, first=(t:1, i:158), METADATAENTRY(c:157)
2024-09-10 06:20:06,421 DEBUG server.RaftServer$Division (RaftServerImpl.java:logAppendEntries(1539)) - s5@group-5D788F7A274C: appendEntries* s0->s5#301-t1,previous=(t:1, i:157),leaderCommit=157,initializing? false,entries: size=1, first=(t:1, i:158), METADATAENTRY(c:157)
2024-09-10 06:20:06,421 DEBUG server.RaftServer$Division (RaftServerImpl.java:logAppendEntries(1539)) - s1@group-5D788F7A274C: appendEntries* s0->s1#687-t1,previous=(t:1, i:157),leaderCommit=157,initializing? false,entries: size=1, first=(t:1, i:158), METADATAENTRY(c:157)
2024-09-10 06:20:06,421 DEBUG server.RaftServer$Division (RaftServerImpl.java:logAppendEntries(1539)) - s6@group-5D788F7A274C: appendEntries* s0->s6#319-t1,previous=(t:1, i:157),leaderCommit=157,initializing? false,entries: size=1, first=(t:1, i:158), METADATAENTRY(c:157)
2024-09-10 06:20:06,421 DEBUG server.RaftServer$Division (RaftServerImpl.java:logAppendEntries(1539)) - s12@group-5D788F7A274C: appendEntries* reply s0<-s12#329:OK-t1,SUCCESS,nextIndex=159,followerCommit=157,matchIndex=158
2024-09-10 06:20:06,421 DEBUG server.RaftServer$Division (RaftServerImpl.java:logAppendEntries(1539)) - s5@group-5D788F7A274C: appendEntries* reply s0<-s5#301:OK-t1,SUCCESS,nextIndex=159,followerCommit=157,matchIndex=158
2024-09-10 06:20:06,421 DEBUG server.RaftServer$Division (RaftServerImpl.java:logAppendEntries(1539)) - s6@group-5D788F7A274C: appendEntries* reply s0<-s6#319:OK-t1,SUCCESS,nextIndex=159,followerCommit=157,matchIndex=158
2024-09-10 06:20:06,421 DEBUG server.RaftServer$Division (RaftServerImpl.java:logAppendEntries(1539)) - s1@group-5D788F7A274C: appendEntries* reply s0<-s1#687:OK-t1,SUCCESS,nextIndex=159,followerCommit=157,matchIndex=158
2024-09-10 06:20:06,421 DEBUG server.RaftServer$Division (RaftServerImpl.java:logAppendEntries(1539)) - s10@group-5D788F7A274C: appendEntries* s0->s10#737-t1,previous=(t:1, i:157),leaderCommit=157,initializing? false,entries: size=1, first=(t:1, i:158), METADATAENTRY(c:157)
2024-09-10 06:20:06,422 DEBUG server.RaftServer$Division (RaftServerImpl.java:logAppendEntries(1539)) - s10@group-5D788F7A274C: appendEntries* reply s0<-s10#737:OK-t1,SUCCESS,nextIndex=159,followerCommit=157,matchIndex=158
2024-09-10 06:20:06,422 DEBUG server.RaftServer$Division (RaftServerImpl.java:submitClientRequestAsync(910)) - s0@group-5D788F7A274C: receive client request(RaftClientRequest:client-04EF324C57E0->s0@group-5D788F7A274C, cid=4510, seq=null, RW, Message:0101620240b65c000000...(size=12))
2024-09-10 06:20:06,423 DEBUG server.RaftServer$Division (LeaderStateImpl.java:addPendingRequest(532)) - s0@group-5D788F7A274C-LeaderStateImpl: addPendingRequest at RaftClientRequest:client-04EF324C57E0->s0@group-5D788F7A274C, cid=4510, seq=null, RW, Message:0101620240b65c000000...(size=12), entry=(t:1, i:159), STATEMACHINELOGENTRY, WRITE: logData.size=12, stateMachineData.size=0, logEntryProtoSerializedSize=0
2024-09-10 06:20:06,423 DEBUG server.RaftServer$Division (RaftServerImpl.java:logAppendEntries(1539)) - s3@group-5D788F7A274C: appendEntries* s0->s3#306-t1,previous=(t:1, i:157),leaderCommit=157,initializing? false,entries: size=1, first=(t:1, i:158), METADATAENTRY(c:157)
2024-09-10 06:20:06,423 DEBUG server.RaftServer$Division (RaftServerImpl.java:logAppendEntries(1539)) - s3@group-5D788F7A274C: appendEntries* reply s0<-s3#306:OK-t1,SUCCESS,nextIndex=159,followerCommit=157,matchIndex=158
2024-09-10 06:20:06,423 DEBUG server.RaftServer$Division (RaftServerImpl.java:logAppendEntries(1539)) - s7@group-5D788F7A274C: appendEntries* s0->s7#286-t1,previous=(t:1, i:158),leaderCommit=157,initializing? false,entries: size=1, first=(t:1, i:159), STATEMACHINELOGENTRY, StateMachineLogEntryProto:4510@client-04EF324C57E0
2024-09-10 06:20:06,424 DEBUG server.RaftServer$Division (RaftServerImpl.java:logAppendEntries(1539)) - s7@group-5D788F7A274C: appendEntries* reply s0<-s7#286:OK-t1,SUCCESS,nextIndex=160,followerCommit=157,matchIndex=159
2024-09-10 06:20:06,424 DEBUG server.RaftServer$Division (RaftServerImpl.java:logAppendEntries(1539)) - s13@group-5D788F7A274C: appendEntries* s0->s13#314-t1,previous=(t:1, i:158),leaderCommit=157,initializing? false,entries: size=1, first=(t:1, i:159), STATEMACHINELOGENTRY, StateMachineLogEntryProto:4510@client-04EF324C57E0
2024-09-10 06:20:06,424 DEBUG server.RaftServer$Division (RaftServerImpl.java:logAppendEntries(1539)) - s14@group-5D788F7A274C: appendEntries* s0->s14#224-t1,previous=(t:1, i:157),leaderCommit=157,initializing? false,entries: size=1, first=(t:1, i:158), METADATAENTRY(c:157)
2024-09-10 06:20:06,424 DEBUG server.RaftServer$Division (RaftServerImpl.java:logAppendEntries(1539)) - s13@group-5D788F7A274C: appendEntries* reply s0<-s13#314:OK-t1,SUCCESS,nextIndex=160,followerCommit=157,matchIndex=159
2024-09-10 06:20:06,424 DEBUG server.RaftServer$Division (RaftServerImpl.java:logAppendEntries(1539)) - s14@group-5D788F7A274C: appendEntries* reply s0<-s14#224:OK-t1,SUCCESS,nextIndex=159,followerCommit=157,matchIndex=158
2024-09-10 06:20:06,424 DEBUG server.RaftServer$Division (RaftServerImpl.java:logAppendEntries(1539)) - s9@group-5D788F7A274C: appendEntries* s0->s9#303-t1,previous=(t:1, i:157),leaderCommit=157,initializing? false,entries: size=1, first=(t:1, i:158), METADATAENTRY(c:157)
2024-09-10 06:20:06,425 DEBUG server.RaftServer$Division (RaftServerImpl.java:logAppendEntries(1539)) - s2@group-5D788F7A274C: appendEntries* s0->s2#277-t1,previous=(t:1, i:157),leaderCommit=157,initializing? false,entries: size=1, first=(t:1, i:158), METADATAENTRY(c:157)
2024-09-10 06:20:06,425 DEBUG server.RaftServer$Division (RaftServerImpl.java:logAppendEntries(1539)) - s9@group-5D788F7A274C: appendEntries* reply s0<-s9#303:OK-t1,SUCCESS,nextIndex=159,followerCommit=157,matchIndex=158
2024-09-10 06:20:06,425 DEBUG server.RaftServer$Division (RaftServerImpl.java:logAppendEntries(1539)) - s2@group-5D788F7A274C: appendEntries* reply s0<-s2#277:OK-t1,SUCCESS,nextIndex=159,followerCommit=157,matchIndex=158
2024-09-10 06:20:06,425 DEBUG server.RaftServer$Division (RaftServerImpl.java:logAppendEntries(1539)) - s11@group-5D788F7A274C: appendEntries* s0->s11#369-t1,previous=(t:1, i:157),leaderCommit=157,initializing? false,entries: size=1, first=(t:1, i:158), METADATAENTRY(c:157)
2024-09-10 06:20:06,425 DEBUG server.RaftServer$Division (RaftServerImpl.java:logAppendEntries(1539)) - s11@group-5D788F7A274C: appendEntries* reply s0<-s11#369:OK-t1,SUCCESS,nextIndex=159,followerCommit=157,matchIndex=158
2024-09-10 06:20:06,425 DEBUG server.RaftServer$Division (RaftServerImpl.java:logAppendEntries(1539)) - s4@group-5D788F7A274C: appendEntries* s0->s4#273-t1,previous=(t:1, i:158),leaderCommit=157,initializing? false,entries: size=1, first=(t:1, i:159), STATEMACHINELOGENTRY, StateMachineLogEntryProto:4510@client-04EF324C57E0
2024-09-10 06:20:06,426 DEBUG server.RaftServer$Division (RaftServerImpl.java:logAppendEntries(1539)) - s11@group-5D788F7A274C: appendEntries* s0->s11#372-t1,previous=(t:1, i:158),leaderCommit=157,initializing? false,entries: size=1, first=(t:1, i:159), STATEMACHINELOGENTRY, StateMachineLogEntryProto:4510@client-04EF324C57E0
2024-09-10 06:20:06,426 DEBUG server.RaftServer$Division (RaftServerImpl.java:logAppendEntries(1539)) - s8@group-5D788F7A274C: appendEntries* s0->s8#342-t1,previous=(t:1, i:158),leaderCommit=157,initializing? false,entries: size=1, first=(t:1, i:159), STATEMACHINELOGENTRY, StateMachineLogEntryProto:4510@client-04EF324C57E0
2024-09-10 06:20:06,426 DEBUG server.RaftServer$Division (RaftServerImpl.java:logAppendEntries(1539)) - s11@group-5D788F7A274C: appendEntries* reply s0<-s11#372:OK-t1,SUCCESS,nextIndex=160,followerCommit=157,matchIndex=159
2024-09-10 06:20:06,426 DEBUG server.RaftServer$Division (RaftServerImpl.java:logAppendEntries(1539)) - s8@group-5D788F7A274C: appendEntries* reply s0<-s8#342:OK-t1,SUCCESS,nextIndex=160,followerCommit=157,matchIndex=159
2024-09-10 06:20:06,426 DEBUG server.RaftServer$Division (RaftServerImpl.java:logAppendEntries(1539)) - s4@group-5D788F7A274C: appendEntries* reply s0<-s4#273:OK-t1,SUCCESS,nextIndex=160,followerCommit=157,matchIndex=159
2024-09-10 06:20:06,427 DEBUG server.RaftServer$Division (RaftServerImpl.java:logAppendEntries(1539)) - s6@group-5D788F7A274C: appendEntries* s0->s6#326-t1,previous=(t:1, i:158),leaderCommit=157,initializing? false,entries: size=1, first=(t:1, i:159), STATEMACHINELOGENTRY, StateMachineLogEntryProto:4510@client-04EF324C57E0
2024-09-10 06:20:06,427 DEBUG server.RaftServer$Division (RaftServerImpl.java:logAppendEntries(1539)) - s12@group-5D788F7A274C: appendEntries* s0->s12#335-t1,previous=(t:1, i:158),leaderCommit=157,initializing? false,entries: size=1, first=(t:1, i:159), STATEMACHINELOGENTRY, StateMachineLogEntryProto:4510@client-04EF324C57E0
2024-09-10 06:20:06,428 DEBUG server.RaftServer$Division (RaftServerImpl.java:logAppendEntries(1539)) - s6@group-5D788F7A274C: appendEntries* reply s0<-s6#326:OK-t1,SUCCESS,nextIndex=160,followerCommit=157,matchIndex=159
2024-09-10 06:20:06,428 DEBUG server.RaftServer$Division (RaftServerImpl.java:logAppendEntries(1539)) - s12@group-5D788F7A274C: appendEntries* reply s0<-s12#335:OK-t1,SUCCESS,nextIndex=160,followerCommit=157,matchIndex=159
2024-09-10 06:20:06,428 DEBUG server.RaftServer$Division (RaftServerImpl.java:logAppendEntries(1539)) - s10@group-5D788F7A274C: appendEntries* s0->s10#744-t1,previous=(t:1, i:158),leaderCommit=157,initializing? false,entries: size=1, first=(t:1, i:159), STATEMACHINELOGENTRY, StateMachineLogEntryProto:4510@client-04EF324C57E0
2024-09-10 06:20:06,428 DEBUG server.RaftServer$Division (RaftServerImpl.java:logAppendEntries(1539)) - s10@group-5D788F7A274C: appendEntries* reply s0<-s10#744:OK-t1,SUCCESS,nextIndex=160,followerCommit=157,matchIndex=159
2024-09-10 06:20:06,428 DEBUG server.RaftServer$Division (RaftServerImpl.java:logAppendEntries(1539)) - s5@group-5D788F7A274C: appendEntries* s0->s5#308-t1,previous=(t:1, i:158),leaderCommit=157,initializing? false,entries: size=1, first=(t:1, i:159), STATEMACHINELOGENTRY, StateMachineLogEntryProto:4510@client-04EF324C57E0
2024-09-10 06:20:06,429 DEBUG server.RaftServer$Division (RaftServerImpl.java:logAppendEntries(1539)) - s14@group-5D788F7A274C: appendEntries* s0->s14#230-t1,previous=(t:1, i:158),leaderCommit=157,initializing? false,entries: size=1, first=(t:1, i:159), STATEMACHINELOGENTRY, StateMachineLogEntryProto:4510@client-04EF324C57E0
2024-09-10 06:20:06,429 DEBUG server.RaftServer$Division (RaftServerImpl.java:logAppendEntries(1539)) - s2@group-5D788F7A274C: appendEntries* s0->s2#283-t1,previous=(t:1, i:158),leaderCommit=157,initializing? false,entries: size=1, first=(t:1, i:159), STATEMACHINELOGENTRY, StateMachineLogEntryProto:4510@client-04EF324C57E0
2024-09-10 06:20:06,429 DEBUG server.RaftServer$Division (RaftServerImpl.java:logAppendEntries(1539)) - s5@group-5D788F7A274C: appendEntries* reply s0<-s5#308:OK-t1,SUCCESS,nextIndex=160,followerCommit=157,matchIndex=159
2024-09-10 06:20:06,429 DEBUG server.RaftServer$Division (RaftServerImpl.java:logAppendEntries(1539)) - s2@group-5D788F7A274C: appendEntries* reply s0<-s2#283:OK-t1,SUCCESS,nextIndex=160,followerCommit=157,matchIndex=159
2024-09-10 06:20:06,430 DEBUG server.RaftServer$Division (RaftServerImpl.java:logAppendEntries(1539)) - s14@group-5D788F7A274C: appendEntries* reply s0<-s14#230:OK-t1,SUCCESS,nextIndex=160,followerCommit=157,matchIndex=159
2024-09-10 06:20:06,430 DEBUG server.RaftServer$Division (RaftServerImpl.java:logAppendEntries(1539)) - s1@group-5D788F7A274C: appendEntries* s0->s1#692-t1,previous=(t:1, i:158),leaderCommit=157,initializing? false,entries: size=1, first=(t:1, i:159), STATEMACHINELOGENTRY, StateMachineLogEntryProto:4510@client-04EF324C57E0
2024-09-10 06:20:06,430 DEBUG server.RaftServer$Division (RaftServerImpl.java:logAppendEntries(1539)) - s9@group-5D788F7A274C: appendEntries* s0->s9#309-t1,previous=(t:1, i:158),leaderCommit=157,initializing? false,entries: size=1, first=(t:1, i:159), STATEMACHINELOGENTRY, StateMachineLogEntryProto:4510@client-04EF324C57E0
2024-09-10 06:20:06,430 DEBUG server.RaftServer$Division (RaftServerImpl.java:logAppendEntries(1539)) - s1@group-5D788F7A274C: appendEntries* reply s0<-s1#692:OK-t1,SUCCESS,nextIndex=160,followerCommit=157,matchIndex=159
2024-09-10 06:20:06,431 DEBUG server.RaftServer$Division (RaftServerImpl.java:logAppendEntries(1539)) - s9@group-5D788F7A274C: appendEntries* reply s0<-s9#309:OK-t1,SUCCESS,nextIndex=160,followerCommit=157,matchIndex=159
2024-09-10 06:20:06,431 DEBUG server.RaftServer$Division (RaftServerImpl.java:logAppendEntries(1539)) - s3@group-5D788F7A274C: appendEntries* s0->s3#313-t1,previous=(t:1, i:158),leaderCommit=157,initializing? false,entries: size=1, first=(t:1, i:159), STATEMACHINELOGENTRY, StateMachineLogEntryProto:4510@client-04EF324C57E0
2024-09-10 06:20:06,431 INFO  statemachine.StateMachine (ArithmeticStateMachine.java:applyTransaction(181)) - LEADER:s0-159: b = 5724 = 5724
2024-09-10 06:20:06,431 DEBUG server.RaftServer$Division (RaftServerImpl.java:logAppendEntries(1539)) - s3@group-5D788F7A274C: appendEntries* reply s0<-s3#313:OK-t1,SUCCESS,nextIndex=160,followerCommit=157,matchIndex=159
2024-09-10 06:20:06,432 DEBUG server.RaftServer$Division (RaftServerImpl.java:logAppendEntries(1539)) - s14@group-5D788F7A274C: appendEntries* s0->s14#243-t1,previous=(t:1, i:159),leaderCommit=159,initializing? false,entries: size=1, first=(t:1, i:160), METADATAENTRY(c:159)
2024-09-10 06:20:06,432 DEBUG server.RaftServer$Division (RaftServerImpl.java:logAppendEntries(1539)) - s13@group-5D788F7A274C: appendEntries* s0->s13#322-t1,previous=(t:1, i:159),leaderCommit=159,initializing? false,entries: size=1, first=(t:1, i:160), METADATAENTRY(c:159)
2024-09-10 06:20:06,432 DEBUG server.RaftServer$Division (RaftServerImpl.java:logAppendEntries(1539)) - s10@group-5D788F7A274C: appendEntries* s0->s10#757-t1,previous=(t:1, i:159),leaderCommit=159,initializing? false,entries: size=1, first=(t:1, i:160), METADATAENTRY(c:159)
2024-09-10 06:20:06,433 DEBUG server.RaftServer$Division (RaftServerImpl.java:logAppendEntries(1539)) - s13@group-5D788F7A274C: appendEntries* reply s0<-s13#322:OK-t1,SUCCESS,nextIndex=161,followerCommit=159,matchIndex=160
2024-09-10 06:20:06,433 DEBUG server.RaftServer$Division (RaftServerImpl.java:logAppendEntries(1539)) - s12@group-5D788F7A274C: appendEntries* s0->s12#349-t1,previous=(t:1, i:159),leaderCommit=159,initializing? false,entries: size=1, first=(t:1, i:160), METADATAENTRY(c:159)
2024-09-10 06:20:06,433 DEBUG server.RaftServer$Division (RaftServerImpl.java:logAppendEntries(1539)) - s14@group-5D788F7A274C: appendEntries* reply s0<-s14#243:OK-t1,SUCCESS,nextIndex=161,followerCommit=159,matchIndex=160
2024-09-10 06:20:06,433 DEBUG server.RaftServer$Division (RaftServerImpl.java:logAppendEntries(1539)) - s4@group-5D788F7A274C: appendEntries* s0->s4#281-t1,previous=(t:1, i:159),leaderCommit=159,initializing? false,entries: size=1, first=(t:1, i:160), METADATAENTRY(c:159)
2024-09-10 06:20:06,433 DEBUG server.RaftServer$Division (RaftServerImpl.java:logAppendEntries(1539)) - s3@group-5D788F7A274C: appendEntries* s0->s3#324-t1,previous=(t:1, i:159),leaderCommit=159,initializing? false,entries: size=1, first=(t:1, i:160), METADATAENTRY(c:159)
2024-09-10 06:20:06,433 DEBUG server.RaftServer$Division (RaftServerImpl.java:logAppendEntries(1539)) - s10@group-5D788F7A274C: appendEntries* reply s0<-s10#757:OK-t1,SUCCESS,nextIndex=161,followerCommit=159,matchIndex=160
2024-09-10 06:20:06,433 DEBUG server.RaftServer$Division (RaftServerImpl.java:logAppendEntries(1539)) - s9@group-5D788F7A274C: appendEntries* s0->s9#322-t1,previous=(t:1, i:159),leaderCommit=159,initializing? false,entries: size=1, first=(t:1, i:160), METADATAENTRY(c:159)
2024-09-10 06:20:06,434 DEBUG server.RaftServer$Division (RaftServerImpl.java:logAppendEntries(1539)) - s2@group-5D788F7A274C: appendEntries* s0->s2#295-t1,previous=(t:1, i:159),leaderCommit=159,initializing? false,entries: size=1, first=(t:1, i:160), METADATAENTRY(c:159)
2024-09-10 06:20:06,434 DEBUG server.RaftServer$Division (RaftServerImpl.java:logAppendEntries(1539)) - s4@group-5D788F7A274C: appendEntries* reply s0<-s4#281:OK-t1,SUCCESS,nextIndex=161,followerCommit=159,matchIndex=160
2024-09-10 06:20:06,434 DEBUG server.RaftServer$Division (RaftServerImpl.java:logAppendEntries(1539)) - s9@group-5D788F7A274C: appendEntries* reply s0<-s9#322:OK-t1,SUCCESS,nextIndex=161,followerCommit=159,matchIndex=160
2024-09-10 06:20:06,434 DEBUG server.RaftServer$Division (RaftServerImpl.java:logAppendEntries(1539)) - s2@group-5D788F7A274C: appendEntries* reply s0<-s2#295:OK-t1,SUCCESS,nextIndex=161,followerCommit=159,matchIndex=160
2024-09-10 06:20:06,434 DEBUG server.RaftServer$Division (RaftServerImpl.java:logAppendEntries(1539)) - s12@group-5D788F7A274C: appendEntries* reply s0<-s12#349:OK-t1,SUCCESS,nextIndex=161,followerCommit=159,matchIndex=160
2024-09-10 06:20:06,434 DEBUG server.RaftServer$Division (RaftServerImpl.java:logAppendEntries(1539)) - s3@group-5D788F7A274C: appendEntries* reply s0<-s3#324:OK-t1,SUCCESS,nextIndex=161,followerCommit=159,matchIndex=160
2024-09-10 06:20:06,434 DEBUG server.RaftServer$Division (RaftServerImpl.java:logAppendEntries(1539)) - s7@group-5D788F7A274C: appendEntries* s0->s7#294-t1,previous=(t:1, i:159),leaderCommit=159,initializing? false,entries: size=1, first=(t:1, i:160), METADATAENTRY(c:159)
2024-09-10 06:20:06,435 DEBUG server.RaftServer$Division (RaftServerImpl.java:logAppendEntries(1539)) - s7@group-5D788F7A274C: appendEntries* reply s0<-s7#294:OK-t1,SUCCESS,nextIndex=161,followerCommit=159,matchIndex=160
2024-09-10 06:20:06,436 DEBUG server.RaftServer$Division (RaftServerImpl.java:logAppendEntries(1539)) - s6@group-5D788F7A274C: appendEntries* s0->s6#339-t1,previous=(t:1, i:159),leaderCommit=159,initializing? false,entries: size=1, first=(t:1, i:160), METADATAENTRY(c:159)
2024-09-10 06:20:06,437 DEBUG server.RaftServer$Division (RaftServerImpl.java:logAppendEntries(1539)) - s1@group-5D788F7A274C: appendEntries* s0->s1#704-t1,previous=(t:1, i:159),leaderCommit=159,initializing? false,entries: size=1, first=(t:1, i:160), METADATAENTRY(c:159)
2024-09-10 06:20:06,437 DEBUG server.RaftServer$Division (RaftServerImpl.java:logAppendEntries(1539)) - s6@group-5D788F7A274C: appendEntries* reply s0<-s6#339:OK-t1,SUCCESS,nextIndex=161,followerCommit=159,matchIndex=160
2024-09-10 06:20:06,437 DEBUG server.RaftServer$Division (RaftServerImpl.java:logAppendEntries(1539)) - s5@group-5D788F7A274C: appendEntries* s0->s5#320-t1,previous=(t:1, i:159),leaderCommit=159,initializing? false,entries: size=1, first=(t:1, i:160), METADATAENTRY(c:159)
2024-09-10 06:20:06,437 DEBUG server.RaftServer$Division (RaftServerImpl.java:logAppendEntries(1539)) - s8@group-5D788F7A274C: appendEntries* s0->s8#350-t1,previous=(t:1, i:159),leaderCommit=159,initializing? false,entries: size=1, first=(t:1, i:160), METADATAENTRY(c:159)
2024-09-10 06:20:06,437 DEBUG server.RaftServer$Division (RaftServerImpl.java:logAppendEntries(1539)) - s1@group-5D788F7A274C: appendEntries* reply s0<-s1#704:OK-t1,SUCCESS,nextIndex=161,followerCommit=159,matchIndex=160
2024-09-10 06:20:06,437 DEBUG server.RaftServer$Division (RaftServerImpl.java:logAppendEntries(1539)) - s8@group-5D788F7A274C: appendEntries* reply s0<-s8#350:OK-t1,SUCCESS,nextIndex=161,followerCommit=159,matchIndex=160
2024-09-10 06:20:06,437 DEBUG server.RaftServer$Division (RaftServerImpl.java:logAppendEntries(1539)) - s5@group-5D788F7A274C: appendEntries* reply s0<-s5#320:OK-t1,SUCCESS,nextIndex=161,followerCommit=159,matchIndex=160
2024-09-10 06:20:06,438 DEBUG server.RaftServer$Division (RaftServerImpl.java:logAppendEntries(1539)) - s11@group-5D788F7A274C: appendEntries* s0->s11#382-t1,previous=(t:1, i:159),leaderCommit=159,initializing? false,entries: size=1, first=(t:1, i:160), METADATAENTRY(c:159)
2024-09-10 06:20:06,438 DEBUG server.RaftServer$Division (RaftServerImpl.java:logAppendEntries(1539)) - s11@group-5D788F7A274C: appendEntries* reply s0<-s11#382:OK-t1,SUCCESS,nextIndex=161,followerCommit=159,matchIndex=160
2024-09-10 06:20:06,439 DEBUG server.RaftServer$Division (RaftServerImpl.java:submitClientRequestAsync(910)) - s0@group-5D788F7A274C: receive client request(RaftClientRequest:client-04EF324C57E0->s0@group-5D788F7A274C, cid=4511, seq=null, RW, Message:01016304010300040201...(size=17))
2024-09-10 06:20:06,439 DEBUG server.RaftServer$Division (LeaderStateImpl.java:addPendingRequest(532)) - s0@group-5D788F7A274C-LeaderStateImpl: addPendingRequest at RaftClientRequest:client-04EF324C57E0->s0@group-5D788F7A274C, cid=4511, seq=null, RW, Message:01016304010300040201...(size=17), entry=(t:1, i:161), STATEMACHINELOGENTRY, WRITE: logData.size=17, stateMachineData.size=0, logEntryProtoSerializedSize=0
2024-09-10 06:20:06,440 DEBUG server.RaftServer$Division (RaftServerImpl.java:logAppendEntries(1539)) - s14@group-5D788F7A274C: appendEntries* s0->s14#250-t1,previous=(t:1, i:160),leaderCommit=160,initializing? false,entries: size=1, first=(t:1, i:161), STATEMACHINELOGENTRY, StateMachineLogEntryProto:4511@client-04EF324C57E0
2024-09-10 06:20:06,441 DEBUG server.RaftServer$Division (RaftServerImpl.java:logAppendEntries(1539)) - s4@group-5D788F7A274C: appendEntries* s0->s4#288-t1,previous=(t:1, i:160),leaderCommit=160,initializing? false,entries: size=1, first=(t:1, i:161), STATEMACHINELOGENTRY, StateMachineLogEntryProto:4511@client-04EF324C57E0
2024-09-10 06:20:06,441 DEBUG server.RaftServer$Division (RaftServerImpl.java:logAppendEntries(1539)) - s10@group-5D788F7A274C: appendEntries* s0->s10#767-t1,previous=(t:1, i:160),leaderCommit=160,initializing? false,entries: size=1, first=(t:1, i:161), STATEMACHINELOGENTRY, StateMachineLogEntryProto:4511@client-04EF324C57E0
2024-09-10 06:20:06,441 DEBUG server.RaftServer$Division (RaftServerImpl.java:logAppendEntries(1539)) - s8@group-5D788F7A274C: appendEntries* s0->s8#364-t1,previous=(t:1, i:160),leaderCommit=160,initializing? false,entries: size=1, first=(t:1, i:161), STATEMACHINELOGENTRY, StateMachineLogEntryProto:4511@client-04EF324C57E0
2024-09-10 06:20:06,441 DEBUG server.RaftServer$Division (RaftServerImpl.java:logAppendEntries(1539)) - s1@group-5D788F7A274C: appendEntries* s0->s1#718-t1,previous=(t:1, i:160),leaderCommit=160,initializing? false,entries: size=1, first=(t:1, i:161), STATEMACHINELOGENTRY, StateMachineLogEntryProto:4511@client-04EF324C57E0
2024-09-10 06:20:06,441 DEBUG server.RaftServer$Division (RaftServerImpl.java:logAppendEntries(1539)) - s8@group-5D788F7A274C: appendEntries* reply s0<-s8#364:OK-t1,SUCCESS,nextIndex=162,followerCommit=160,matchIndex=161
2024-09-10 06:20:06,441 DEBUG server.RaftServer$Division (RaftServerImpl.java:logAppendEntries(1539)) - s11@group-5D788F7A274C: appendEntries* s0->s11#395-t1,previous=(t:1, i:160),leaderCommit=160,initializing? false,entries: size=1, first=(t:1, i:161), STATEMACHINELOGENTRY, StateMachineLogEntryProto:4511@client-04EF324C57E0
2024-09-10 06:20:06,441 DEBUG server.RaftServer$Division (RaftServerImpl.java:logAppendEntries(1539)) - s12@group-5D788F7A274C: appendEntries* s0->s12#358-t1,previous=(t:1, i:160),leaderCommit=160,initializing? false,entries: size=1, first=(t:1, i:161), STATEMACHINELOGENTRY, StateMachineLogEntryProto:4511@client-04EF324C57E0
2024-09-10 06:20:06,442 DEBUG server.RaftServer$Division (RaftServerImpl.java:logAppendEntries(1539)) - s2@group-5D788F7A274C: appendEntries* s0->s2#305-t1,previous=(t:1, i:160),leaderCommit=160,initializing? false,entries: size=1, first=(t:1, i:161), STATEMACHINELOGENTRY, StateMachineLogEntryProto:4511@client-04EF324C57E0
2024-09-10 06:20:06,442 DEBUG server.RaftServer$Division (RaftServerImpl.java:logAppendEntries(1539)) - s13@group-5D788F7A274C: appendEntries* s0->s13#335-t1,previous=(t:1, i:160),leaderCommit=160,initializing? false,entries: size=1, first=(t:1, i:161), STATEMACHINELOGENTRY, StateMachineLogEntryProto:4511@client-04EF324C57E0
2024-09-10 06:20:06,442 DEBUG server.RaftServer$Division (RaftServerImpl.java:logAppendEntries(1539)) - s3@group-5D788F7A274C: appendEntries* s0->s3#335-t1,previous=(t:1, i:160),leaderCommit=160,initializing? false,entries: size=1, first=(t:1, i:161), STATEMACHINELOGENTRY, StateMachineLogEntryProto:4511@client-04EF324C57E0
2024-09-10 06:20:06,442 DEBUG server.RaftServer$Division (RaftServerImpl.java:logAppendEntries(1539)) - s12@group-5D788F7A274C: appendEntries* reply s0<-s12#358:OK-t1,SUCCESS,nextIndex=162,followerCommit=160,matchIndex=161
2024-09-10 06:20:06,442 DEBUG server.RaftServer$Division (RaftServerImpl.java:logAppendEntries(1539)) - s4@group-5D788F7A274C: appendEntries* reply s0<-s4#288:OK-t1,SUCCESS,nextIndex=162,followerCommit=160,matchIndex=161
2024-09-10 06:20:06,442 DEBUG server.RaftServer$Division (RaftServerImpl.java:logAppendEntries(1539)) - s13@group-5D788F7A274C: appendEntries* reply s0<-s13#335:OK-t1,SUCCESS,nextIndex=162,followerCommit=160,matchIndex=161
2024-09-10 06:20:06,442 DEBUG server.RaftServer$Division (RaftServerImpl.java:logAppendEntries(1539)) - s10@group-5D788F7A274C: appendEntries* reply s0<-s10#767:OK-t1,SUCCESS,nextIndex=162,followerCommit=160,matchIndex=161
2024-09-10 06:20:06,442 DEBUG server.RaftServer$Division (RaftServerImpl.java:logAppendEntries(1539)) - s3@group-5D788F7A274C: appendEntries* reply s0<-s3#335:OK-t1,SUCCESS,nextIndex=162,followerCommit=160,matchIndex=161
2024-09-10 06:20:06,442 DEBUG server.RaftServer$Division (RaftServerImpl.java:logAppendEntries(1539)) - s2@group-5D788F7A274C: appendEntries* reply s0<-s2#305:OK-t1,SUCCESS,nextIndex=162,followerCommit=160,matchIndex=161
2024-09-10 06:20:06,442 DEBUG server.RaftServer$Division (RaftServerImpl.java:logAppendEntries(1539)) - s11@group-5D788F7A274C: appendEntries* reply s0<-s11#395:OK-t1,SUCCESS,nextIndex=162,followerCommit=160,matchIndex=161
2024-09-10 06:20:06,443 DEBUG server.RaftServer$Division (RaftServerImpl.java:logAppendEntries(1539)) - s14@group-5D788F7A274C: appendEntries* reply s0<-s14#250:OK-t1,SUCCESS,nextIndex=162,followerCommit=160,matchIndex=161
2024-09-10 06:20:06,442 DEBUG server.RaftServer$Division (RaftServerImpl.java:logAppendEntries(1539)) - s7@group-5D788F7A274C: appendEntries* s0->s7#307-t1,previous=(t:1, i:160),leaderCommit=160,initializing? false,entries: size=1, first=(t:1, i:161), STATEMACHINELOGENTRY, StateMachineLogEntryProto:4511@client-04EF324C57E0
2024-09-10 06:20:06,443 DEBUG server.RaftServer$Division (RaftServerImpl.java:logAppendEntries(1539)) - s1@group-5D788F7A274C: appendEntries* reply s0<-s1#718:OK-t1,SUCCESS,nextIndex=162,followerCommit=160,matchIndex=161
2024-09-10 06:20:06,443 DEBUG server.RaftServer$Division (RaftServerImpl.java:logAppendEntries(1539)) - s6@group-5D788F7A274C: appendEntries* s0->s6#352-t1,previous=(t:1, i:160),leaderCommit=160,initializing? false,entries: size=1, first=(t:1, i:161), STATEMACHINELOGENTRY, StateMachineLogEntryProto:4511@client-04EF324C57E0
2024-09-10 06:20:06,443 DEBUG server.RaftServer$Division (RaftServerImpl.java:logAppendEntries(1539)) - s7@group-5D788F7A274C: appendEntries* reply s0<-s7#307:OK-t1,SUCCESS,nextIndex=162,followerCommit=160,matchIndex=161
2024-09-10 06:20:06,443 DEBUG server.RaftServer$Division (RaftServerImpl.java:logAppendEntries(1539)) - s6@group-5D788F7A274C: appendEntries* reply s0<-s6#352:OK-t1,SUCCESS,nextIndex=162,followerCommit=160,matchIndex=161
2024-09-10 06:20:06,443 DEBUG server.RaftServer$Division (RaftServerImpl.java:logAppendEntries(1539)) - s5@group-5D788F7A274C: appendEntries* s0->s5#334-t1,previous=(t:1, i:160),leaderCommit=160,initializing? false,entries: size=1, first=(t:1, i:161), STATEMACHINELOGENTRY, StateMachineLogEntryProto:4511@client-04EF324C57E0
2024-09-10 06:20:06,444 DEBUG server.RaftServer$Division (RaftServerImpl.java:logAppendEntries(1539)) - s5@group-5D788F7A274C: appendEntries* reply s0<-s5#334:OK-t1,SUCCESS,nextIndex=162,followerCommit=160,matchIndex=161
2024-09-10 06:20:06,444 DEBUG server.RaftServer$Division (RaftServerImpl.java:logAppendEntries(1539)) - s9@group-5D788F7A274C: appendEntries* s0->s9#336-t1,previous=(t:1, i:160),leaderCommit=160,initializing? false,entries: size=1, first=(t:1, i:161), STATEMACHINELOGENTRY, StateMachineLogEntryProto:4511@client-04EF324C57E0
2024-09-10 06:20:06,444 DEBUG server.RaftServer$Division (RaftServerImpl.java:logAppendEntries(1539)) - s9@group-5D788F7A274C: appendEntries* reply s0<-s9#336:OK-t1,SUCCESS,nextIndex=162,followerCommit=160,matchIndex=161
2024-09-10 06:20:06,444 INFO  statemachine.StateMachine (ArithmeticStateMachine.java:applyTransaction(181)) - LEADER:s0-161: c = √(a^2 + b^2) = 5725
2024-09-10 06:20:06,446 DEBUG server.RaftServer$Division (RaftServerImpl.java:logAppendEntries(1539)) - s9@group-5D788F7A274C: appendEntries* s0->s9#343-t1,previous=(t:1, i:161),leaderCommit=161,initializing? false,entries: size=1, first=(t:1, i:162), METADATAENTRY(c:161)
2024-09-10 06:20:06,446 DEBUG server.RaftServer$Division (RaftServerImpl.java:logAppendEntries(1539)) - s14@group-5D788F7A274C: appendEntries* s0->s14#253-t1,previous=(t:1, i:161),leaderCommit=161,initializing? false,entries: size=1, first=(t:1, i:162), METADATAENTRY(c:161)
2024-09-10 06:20:06,446 DEBUG server.RaftServer$Division (RaftServerImpl.java:logAppendEntries(1539)) - s9@group-5D788F7A274C: appendEntries* reply s0<-s9#343:OK-t1,SUCCESS,nextIndex=163,followerCommit=161,matchIndex=162
2024-09-10 06:20:06,446 DEBUG server.RaftServer$Division (RaftServerImpl.java:logAppendEntries(1539)) - s7@group-5D788F7A274C: appendEntries* s0->s7#310-t1,previous=(t:1, i:161),leaderCommit=161,initializing? false,entries: size=1, first=(t:1, i:162), METADATAENTRY(c:161)
2024-09-10 06:20:06,446 DEBUG server.RaftServer$Division (RaftServerImpl.java:logAppendEntries(1539)) - s14@group-5D788F7A274C: appendEntries* reply s0<-s14#253:OK-t1,SUCCESS,nextIndex=163,followerCommit=161,matchIndex=162
2024-09-10 06:20:06,447 DEBUG server.RaftServer$Division (RaftServerImpl.java:logAppendEntries(1539)) - s3@group-5D788F7A274C: appendEntries* s0->s3#343-t1,previous=(t:1, i:161),leaderCommit=161,initializing? false,entries: size=1, first=(t:1, i:162), METADATAENTRY(c:161)
2024-09-10 06:20:06,447 DEBUG server.RaftServer$Division (RaftServerImpl.java:logAppendEntries(1539)) - s5@group-5D788F7A274C: appendEntries* s0->s5#340-t1,previous=(t:1, i:161),leaderCommit=161,initializing? false,entries: size=1, first=(t:1, i:162), METADATAENTRY(c:161)
2024-09-10 06:20:06,447 DEBUG server.RaftServer$Division (RaftServerImpl.java:logAppendEntries(1539)) - s7@group-5D788F7A274C: appendEntries* reply s0<-s7#310:OK-t1,SUCCESS,nextIndex=163,followerCommit=161,matchIndex=162
2024-09-10 06:20:06,447 DEBUG server.RaftServer$Division (RaftServerImpl.java:logAppendEntries(1539)) - s5@group-5D788F7A274C: appendEntries* reply s0<-s5#340:OK-t1,SUCCESS,nextIndex=163,followerCommit=161,matchIndex=162
2024-09-10 06:20:06,447 DEBUG server.RaftServer$Division (RaftServerImpl.java:logAppendEntries(1539)) - s13@group-5D788F7A274C: appendEntries* s0->s13#337-t1,previous=(t:1, i:161),leaderCommit=161,initializing? false,entries: size=1, first=(t:1, i:162), METADATAENTRY(c:161)
2024-09-10 06:20:06,447 DEBUG server.RaftServer$Division (RaftServerImpl.java:logAppendEntries(1539)) - s3@group-5D788F7A274C: appendEntries* reply s0<-s3#343:OK-t1,SUCCESS,nextIndex=163,followerCommit=161,matchIndex=162
2024-09-10 06:20:06,447 DEBUG server.RaftServer$Division (RaftServerImpl.java:logAppendEntries(1539)) - s6@group-5D788F7A274C: appendEntries* s0->s6#361-t1,previous=(t:1, i:161),leaderCommit=161,initializing? false,entries: size=1, first=(t:1, i:162), METADATAENTRY(c:161)
2024-09-10 06:20:06,448 DEBUG server.RaftServer$Division (RaftServerImpl.java:logAppendEntries(1539)) - s13@group-5D788F7A274C: appendEntries* reply s0<-s13#337:OK-t1,SUCCESS,nextIndex=163,followerCommit=161,matchIndex=162
2024-09-10 06:20:06,448 DEBUG server.RaftServer$Division (RaftServerImpl.java:logAppendEntries(1539)) - s6@group-5D788F7A274C: appendEntries* reply s0<-s6#361:OK-t1,SUCCESS,nextIndex=163,followerCommit=161,matchIndex=162
2024-09-10 06:20:06,448 DEBUG server.RaftServer$Division (RaftServerImpl.java:logAppendEntries(1539)) - s2@group-5D788F7A274C: appendEntries* s0->s2#312-t1,previous=(t:1, i:161),leaderCommit=161,initializing? false,entries: size=1, first=(t:1, i:162), METADATAENTRY(c:161)
2024-09-10 06:20:06,448 DEBUG server.RaftServer$Division (RaftServerImpl.java:logAppendEntries(1539)) - s4@group-5D788F7A274C: appendEntries* s0->s4#297-t1,previous=(t:1, i:161),leaderCommit=161,initializing? false,entries: size=1, first=(t:1, i:162), METADATAENTRY(c:161)
2024-09-10 06:20:06,449 DEBUG server.RaftServer$Division (RaftServerImpl.java:logAppendEntries(1539)) - s4@group-5D788F7A274C: appendEntries* reply s0<-s4#297:OK-t1,SUCCESS,nextIndex=163,followerCommit=161,matchIndex=162
2024-09-10 06:20:06,449 DEBUG server.RaftServer$Division (RaftServerImpl.java:logAppendEntries(1539)) - s2@group-5D788F7A274C: appendEntries* reply s0<-s2#312:OK-t1,SUCCESS,nextIndex=163,followerCommit=161,matchIndex=162
2024-09-10 06:20:06,449 DEBUG server.RaftServer$Division (RaftServerImpl.java:logAppendEntries(1539)) - s12@group-5D788F7A274C: appendEntries* s0->s12#365-t1,previous=(t:1, i:161),leaderCommit=161,initializing? false,entries: size=1, first=(t:1, i:162), METADATAENTRY(c:161)
2024-09-10 06:20:06,449 DEBUG server.RaftServer$Division (RaftServerImpl.java:logAppendEntries(1539)) - s12@group-5D788F7A274C: appendEntries* reply s0<-s12#365:OK-t1,SUCCESS,nextIndex=163,followerCommit=161,matchIndex=162
2024-09-10 06:20:06,449 DEBUG server.RaftServer$Division (RaftServerImpl.java:logAppendEntries(1539)) - s10@group-5D788F7A274C: appendEntries* s0->s10#775-t1,previous=(t:1, i:161),leaderCommit=161,initializing? false,entries: size=1, first=(t:1, i:162), METADATAENTRY(c:161)
2024-09-10 06:20:06,450 DEBUG server.RaftServer$Division (RaftServerImpl.java:logAppendEntries(1539)) - s10@group-5D788F7A274C: appendEntries* reply s0<-s10#775:OK-t1,SUCCESS,nextIndex=163,followerCommit=161,matchIndex=162
2024-09-10 06:20:06,451 DEBUG server.RaftServer$Division (RaftServerImpl.java:logAppendEntries(1539)) - s11@group-5D788F7A274C: appendEntries* s0->s11#404-t1,previous=(t:1, i:161),leaderCommit=161,initializing? false,entries: size=1, first=(t:1, i:162), METADATAENTRY(c:161)
2024-09-10 06:20:06,451 DEBUG server.RaftServer$Division (RaftServerImpl.java:logAppendEntries(1539)) - s11@group-5D788F7A274C: appendEntries* reply s0<-s11#404:OK-t1,SUCCESS,nextIndex=163,followerCommit=161,matchIndex=162
2024-09-10 06:20:06,451 DEBUG server.RaftServer$Division (RaftServerImpl.java:logAppendEntries(1539)) - s1@group-5D788F7A274C: appendEntries* s0->s1#721-t1,previous=(t:1, i:161),leaderCommit=161,initializing? false,entries: size=1, first=(t:1, i:162), METADATAENTRY(c:161)
2024-09-10 06:20:06,452 DEBUG server.RaftServer$Division (RaftServerImpl.java:logAppendEntries(1539)) - s1@group-5D788F7A274C: appendEntries* reply s0<-s1#721:OK-t1,SUCCESS,nextIndex=163,followerCommit=161,matchIndex=162
2024-09-10 06:20:06,452 DEBUG server.RaftServer$Division (RaftServerImpl.java:logAppendEntries(1539)) - s8@group-5D788F7A274C: appendEntries* s0->s8#369-t1,previous=(t:1, i:161),leaderCommit=161,initializing? false,entries: size=1, first=(t:1, i:162), METADATAENTRY(c:161)
2024-09-10 06:20:06,453 DEBUG server.RaftServer$Division (RaftServerImpl.java:logAppendEntries(1539)) - s8@group-5D788F7A274C: appendEntries* reply s0<-s8#369:OK-t1,SUCCESS,nextIndex=163,followerCommit=161,matchIndex=162
2024-09-10 06:20:06,453 DEBUG server.RaftServer$Division (RaftServerImpl.java:submitClientRequestAsync(910)) - s0@group-5D788F7A274C: receive client request(RaftClientRequest:client-04EF324C57E0->s0@group-5D788F7A274C, cid=4512, seq=null, RW, Message:01016100)
2024-09-10 06:20:06,453 DEBUG server.RaftServer$Division (LeaderStateImpl.java:addPendingRequest(532)) - s0@group-5D788F7A274C-LeaderStateImpl: addPendingRequest at RaftClientRequest:client-04EF324C57E0->s0@group-5D788F7A274C, cid=4512, seq=null, RW, Message:01016100, entry=(t:1, i:163), STATEMACHINELOGENTRY, WRITE: logData.size=4, stateMachineData.size=0, logEntryProtoSerializedSize=0
2024-09-10 06:20:06,455 DEBUG server.RaftServer$Division (RaftServerImpl.java:logAppendEntries(1539)) - s14@group-5D788F7A274C: appendEntries* s0->s14#260-t1,previous=(t:1, i:162),leaderCommit=162,initializing? false,entries: size=1, first=(t:1, i:163), STATEMACHINELOGENTRY, StateMachineLogEntryProto:4512@client-04EF324C57E0
2024-09-10 06:20:06,455 DEBUG server.RaftServer$Division (RaftServerImpl.java:logAppendEntries(1539)) - s1@group-5D788F7A274C: appendEntries* s0->s1#737-t1,previous=(t:1, i:162),leaderCommit=162,initializing? false,entries: size=1, first=(t:1, i:163), STATEMACHINELOGENTRY, StateMachineLogEntryProto:4512@client-04EF324C57E0
2024-09-10 06:20:06,455 DEBUG server.RaftServer$Division (RaftServerImpl.java:logAppendEntries(1539)) - s13@group-5D788F7A274C: appendEntries* s0->s13#354-t1,previous=(t:1, i:162),leaderCommit=162,initializing? false,entries: size=1, first=(t:1, i:163), STATEMACHINELOGENTRY, StateMachineLogEntryProto:4512@client-04EF324C57E0
2024-09-10 06:20:06,455 DEBUG server.RaftServer$Division (RaftServerImpl.java:logAppendEntries(1539)) - s13@group-5D788F7A274C: appendEntries* reply s0<-s13#354:OK-t1,SUCCESS,nextIndex=164,followerCommit=162,matchIndex=163
2024-09-10 06:20:06,455 DEBUG server.RaftServer$Division (RaftServerImpl.java:logAppendEntries(1539)) - s1@group-5D788F7A274C: appendEntries* reply s0<-s1#737:OK-t1,SUCCESS,nextIndex=164,followerCommit=162,matchIndex=163
2024-09-10 06:20:06,455 DEBUG server.RaftServer$Division (RaftServerImpl.java:logAppendEntries(1539)) - s10@group-5D788F7A274C: appendEntries* s0->s10#793-t1,previous=(t:1, i:162),leaderCommit=162,initializing? false,entries: size=1, first=(t:1, i:163), STATEMACHINELOGENTRY, StateMachineLogEntryProto:4512@client-04EF324C57E0
2024-09-10 06:20:06,455 DEBUG server.RaftServer$Division (RaftServerImpl.java:logAppendEntries(1539)) - s4@group-5D788F7A274C: appendEntries* s0->s4#315-t1,previous=(t:1, i:162),leaderCommit=162,initializing? false,entries: size=1, first=(t:1, i:163), STATEMACHINELOGENTRY, StateMachineLogEntryProto:4512@client-04EF324C57E0
2024-09-10 06:20:06,456 DEBUG server.RaftServer$Division (RaftServerImpl.java:logAppendEntries(1539)) - s12@group-5D788F7A274C: appendEntries* s0->s12#382-t1,previous=(t:1, i:162),leaderCommit=162,initializing? false,entries: size=1, first=(t:1, i:163), STATEMACHINELOGENTRY, StateMachineLogEntryProto:4512@client-04EF324C57E0
2024-09-10 06:20:06,456 DEBUG server.RaftServer$Division (RaftServerImpl.java:logAppendEntries(1539)) - s4@group-5D788F7A274C: appendEntries* reply s0<-s4#315:OK-t1,SUCCESS,nextIndex=164,followerCommit=162,matchIndex=163
2024-09-10 06:20:06,456 DEBUG server.RaftServer$Division (RaftServerImpl.java:logAppendEntries(1539)) - s8@group-5D788F7A274C: appendEntries* s0->s8#388-t1,previous=(t:1, i:162),leaderCommit=162,initializing? false,entries: size=1, first=(t:1, i:163), STATEMACHINELOGENTRY, StateMachineLogEntryProto:4512@client-04EF324C57E0
2024-09-10 06:20:06,456 DEBUG server.RaftServer$Division (RaftServerImpl.java:logAppendEntries(1539)) - s10@group-5D788F7A274C: appendEntries* reply s0<-s10#793:OK-t1,SUCCESS,nextIndex=164,followerCommit=162,matchIndex=163
2024-09-10 06:20:06,455 DEBUG server.RaftServer$Division (RaftServerImpl.java:logAppendEntries(1539)) - s14@group-5D788F7A274C: appendEntries* reply s0<-s14#260:OK-t1,SUCCESS,nextIndex=164,followerCommit=162,matchIndex=163
2024-09-10 06:20:06,456 DEBUG server.RaftServer$Division (RaftServerImpl.java:logAppendEntries(1539)) - s12@group-5D788F7A274C: appendEntries* reply s0<-s12#382:OK-t1,SUCCESS,nextIndex=164,followerCommit=162,matchIndex=163
2024-09-10 06:20:06,456 DEBUG server.RaftServer$Division (RaftServerImpl.java:logAppendEntries(1539)) - s11@group-5D788F7A274C: appendEntries* s0->s11#423-t1,previous=(t:1, i:162),leaderCommit=162,initializing? false,entries: size=1, first=(t:1, i:163), STATEMACHINELOGENTRY, StateMachineLogEntryProto:4512@client-04EF324C57E0
2024-09-10 06:20:06,456 DEBUG server.RaftServer$Division (RaftServerImpl.java:logAppendEntries(1539)) - s7@group-5D788F7A274C: appendEntries* s0->s7#329-t1,previous=(t:1, i:162),leaderCommit=162,initializing? false,entries: size=1, first=(t:1, i:163), STATEMACHINELOGENTRY, StateMachineLogEntryProto:4512@client-04EF324C57E0
2024-09-10 06:20:06,456 DEBUG server.RaftServer$Division (RaftServerImpl.java:logAppendEntries(1539)) - s5@group-5D788F7A274C: appendEntries* s0->s5#359-t1,previous=(t:1, i:162),leaderCommit=162,initializing? false,entries: size=1, first=(t:1, i:163), STATEMACHINELOGENTRY, StateMachineLogEntryProto:4512@client-04EF324C57E0
2024-09-10 06:20:06,457 DEBUG server.RaftServer$Division (RaftServerImpl.java:logAppendEntries(1539)) - s8@group-5D788F7A274C: appendEntries* reply s0<-s8#388:OK-t1,SUCCESS,nextIndex=164,followerCommit=162,matchIndex=163
2024-09-10 06:20:06,457 DEBUG server.RaftServer$Division (RaftServerImpl.java:logAppendEntries(1539)) - s7@group-5D788F7A274C: appendEntries* reply s0<-s7#329:OK-t1,SUCCESS,nextIndex=164,followerCommit=162,matchIndex=163
2024-09-10 06:20:06,457 DEBUG server.RaftServer$Division (RaftServerImpl.java:logAppendEntries(1539)) - s11@group-5D788F7A274C: appendEntries* reply s0<-s11#423:OK-t1,SUCCESS,nextIndex=164,followerCommit=162,matchIndex=163
2024-09-10 06:20:06,457 DEBUG server.RaftServer$Division (RaftServerImpl.java:logAppendEntries(1539)) - s5@group-5D788F7A274C: appendEntries* reply s0<-s5#359:OK-t1,SUCCESS,nextIndex=164,followerCommit=162,matchIndex=163
2024-09-10 06:20:06,457 DEBUG server.RaftServer$Division (RaftServerImpl.java:logAppendEntries(1539)) - s3@group-5D788F7A274C: appendEntries* s0->s3#355-t1,previous=(t:1, i:162),leaderCommit=162,initializing? false,entries: size=1, first=(t:1, i:163), STATEMACHINELOGENTRY, StateMachineLogEntryProto:4512@client-04EF324C57E0
2024-09-10 06:20:06,457 DEBUG server.RaftServer$Division (RaftServerImpl.java:logAppendEntries(1539)) - s6@group-5D788F7A274C: appendEntries* s0->s6#380-t1,previous=(t:1, i:162),leaderCommit=162,initializing? false,entries: size=1, first=(t:1, i:163), STATEMACHINELOGENTRY, StateMachineLogEntryProto:4512@client-04EF324C57E0
2024-09-10 06:20:06,457 DEBUG server.RaftServer$Division (RaftServerImpl.java:logAppendEntries(1539)) - s3@group-5D788F7A274C: appendEntries* reply s0<-s3#355:OK-t1,SUCCESS,nextIndex=164,followerCommit=162,matchIndex=163
2024-09-10 06:20:06,457 DEBUG server.RaftServer$Division (RaftServerImpl.java:logAppendEntries(1539)) - s2@group-5D788F7A274C: appendEntries* s0->s2#322-t1,previous=(t:1, i:162),leaderCommit=162,initializing? false,entries: size=1, first=(t:1, i:163), STATEMACHINELOGENTRY, StateMachineLogEntryProto:4512@client-04EF324C57E0
2024-09-10 06:20:06,457 DEBUG server.RaftServer$Division (RaftServerImpl.java:logAppendEntries(1539)) - s6@group-5D788F7A274C: appendEntries* reply s0<-s6#380:OK-t1,SUCCESS,nextIndex=164,followerCommit=162,matchIndex=163
2024-09-10 06:20:06,458 DEBUG server.RaftServer$Division (RaftServerImpl.java:logAppendEntries(1539)) - s2@group-5D788F7A274C: appendEntries* reply s0<-s2#322:OK-t1,SUCCESS,nextIndex=164,followerCommit=162,matchIndex=163
2024-09-10 06:20:06,458 DEBUG server.RaftServer$Division (RaftServerImpl.java:logAppendEntries(1539)) - s9@group-5D788F7A274C: appendEntries* s0->s9#358-t1,previous=(t:1, i:162),leaderCommit=162,initializing? false,entries: size=1, first=(t:1, i:163), STATEMACHINELOGENTRY, StateMachineLogEntryProto:4512@client-04EF324C57E0
2024-09-10 06:20:06,459 DEBUG server.RaftServer$Division (RaftServerImpl.java:logAppendEntries(1539)) - s9@group-5D788F7A274C: appendEntries* reply s0<-s9#358:OK-t1,SUCCESS,nextIndex=164,followerCommit=162,matchIndex=163
2024-09-10 06:20:06,459 INFO  statemachine.StateMachine (ArithmeticStateMachine.java:applyTransaction(181)) - LEADER:s0-163: a = null = null
2024-09-10 06:20:06,460 DEBUG server.RaftServer$Division (RaftServerImpl.java:logAppendEntries(1539)) - s7@group-5D788F7A274C: appendEntries* s0->s7#333-t1,previous=(t:1, i:163),leaderCommit=163,initializing? false,entries: size=1, first=(t:1, i:164), METADATAENTRY(c:163)
2024-09-10 06:20:06,460 DEBUG server.RaftServer$Division (RaftServerImpl.java:logAppendEntries(1539)) - s1@group-5D788F7A274C: appendEntries* s0->s1#746-t1,previous=(t:1, i:163),leaderCommit=163,initializing? false,entries: size=1, first=(t:1, i:164), METADATAENTRY(c:163)
2024-09-10 06:20:06,460 DEBUG server.RaftServer$Division (RaftServerImpl.java:logAppendEntries(1539)) - s13@group-5D788F7A274C: appendEntries* s0->s13#358-t1,previous=(t:1, i:163),leaderCommit=163,initializing? false,entries: size=1, first=(t:1, i:164), METADATAENTRY(c:163)
2024-09-10 06:20:06,460 DEBUG server.RaftServer$Division (RaftServerImpl.java:logAppendEntries(1539)) - s14@group-5D788F7A274C: appendEntries* s0->s14#263-t1,previous=(t:1, i:163),leaderCommit=163,initializing? false,entries: size=1, first=(t:1, i:164), METADATAENTRY(c:163)
2024-09-10 06:20:06,461 DEBUG server.RaftServer$Division (RaftServerImpl.java:logAppendEntries(1539)) - s9@group-5D788F7A274C: appendEntries* s0->s9#366-t1,previous=(t:1, i:163),leaderCommit=163,initializing? false,entries: size=1, first=(t:1, i:164), METADATAENTRY(c:163)
2024-09-10 06:20:06,461 DEBUG server.RaftServer$Division (RaftServerImpl.java:logAppendEntries(1539)) - s13@group-5D788F7A274C: appendEntries* reply s0<-s13#358:OK-t1,SUCCESS,nextIndex=165,followerCommit=163,matchIndex=164
2024-09-10 06:20:06,461 DEBUG server.RaftServer$Division (RaftServerImpl.java:logAppendEntries(1539)) - s14@group-5D788F7A274C: appendEntries* reply s0<-s14#263:OK-t1,SUCCESS,nextIndex=165,followerCommit=163,matchIndex=164
2024-09-10 06:20:06,461 DEBUG server.RaftServer$Division (RaftServerImpl.java:logAppendEntries(1539)) - s9@group-5D788F7A274C: appendEntries* reply s0<-s9#366:OK-t1,SUCCESS,nextIndex=165,followerCommit=163,matchIndex=164
2024-09-10 06:20:06,461 DEBUG server.RaftServer$Division (RaftServerImpl.java:logAppendEntries(1539)) - s1@group-5D788F7A274C: appendEntries* reply s0<-s1#746:OK-t1,SUCCESS,nextIndex=165,followerCommit=163,matchIndex=164
2024-09-10 06:20:06,461 DEBUG server.RaftServer$Division (RaftServerImpl.java:logAppendEntries(1539)) - s5@group-5D788F7A274C: appendEntries* s0->s5#367-t1,previous=(t:1, i:163),leaderCommit=163,initializing? false,entries: size=1, first=(t:1, i:164), METADATAENTRY(c:163)
2024-09-10 06:20:06,461 DEBUG server.RaftServer$Division (RaftServerImpl.java:logAppendEntries(1539)) - s7@group-5D788F7A274C: appendEntries* reply s0<-s7#333:OK-t1,SUCCESS,nextIndex=165,followerCommit=163,matchIndex=164
2024-09-10 06:20:06,461 DEBUG server.RaftServer$Division (RaftServerImpl.java:logAppendEntries(1539)) - s3@group-5D788F7A274C: appendEntries* s0->s3#365-t1,previous=(t:1, i:163),leaderCommit=163,initializing? false,entries: size=1, first=(t:1, i:164), METADATAENTRY(c:163)
2024-09-10 06:20:06,462 DEBUG server.RaftServer$Division (RaftServerImpl.java:logAppendEntries(1539)) - s2@group-5D788F7A274C: appendEntries* s0->s2#331-t1,previous=(t:1, i:163),leaderCommit=163,initializing? false,entries: size=1, first=(t:1, i:164), METADATAENTRY(c:163)
2024-09-10 06:20:06,462 DEBUG server.RaftServer$Division (RaftServerImpl.java:logAppendEntries(1539)) - s6@group-5D788F7A274C: appendEntries* s0->s6#390-t1,previous=(t:1, i:163),leaderCommit=163,initializing? false,entries: size=1, first=(t:1, i:164), METADATAENTRY(c:163)
2024-09-10 06:20:06,462 DEBUG server.RaftServer$Division (RaftServerImpl.java:logAppendEntries(1539)) - s5@group-5D788F7A274C: appendEntries* reply s0<-s5#367:OK-t1,SUCCESS,nextIndex=165,followerCommit=163,matchIndex=164
2024-09-10 06:20:06,462 DEBUG server.RaftServer$Division (RaftServerImpl.java:logAppendEntries(1539)) - s6@group-5D788F7A274C: appendEntries* reply s0<-s6#390:OK-t1,SUCCESS,nextIndex=165,followerCommit=163,matchIndex=164
2024-09-10 06:20:06,463 DEBUG server.RaftServer$Division (RaftServerImpl.java:logAppendEntries(1539)) - s3@group-5D788F7A274C: appendEntries* reply s0<-s3#365:OK-t1,SUCCESS,nextIndex=165,followerCommit=163,matchIndex=164
2024-09-10 06:20:06,463 DEBUG server.RaftServer$Division (RaftServerImpl.java:logAppendEntries(1539)) - s12@group-5D788F7A274C: appendEntries* s0->s12#392-t1,previous=(t:1, i:163),leaderCommit=163,initializing? false,entries: size=1, first=(t:1, i:164), METADATAENTRY(c:163)
2024-09-10 06:20:06,462 DEBUG server.RaftServer$Division (RaftServerImpl.java:logAppendEntries(1539)) - s2@group-5D788F7A274C: appendEntries* reply s0<-s2#331:OK-t1,SUCCESS,nextIndex=165,followerCommit=163,matchIndex=164
2024-09-10 06:20:06,463 DEBUG server.RaftServer$Division (RaftServerImpl.java:logAppendEntries(1539)) - s12@group-5D788F7A274C: appendEntries* reply s0<-s12#392:OK-t1,SUCCESS,nextIndex=165,followerCommit=163,matchIndex=164
2024-09-10 06:20:06,462 DEBUG server.RaftServer$Division (RaftServerImpl.java:logAppendEntries(1539)) - s4@group-5D788F7A274C: appendEntries* s0->s4#321-t1,previous=(t:1, i:163),leaderCommit=163,initializing? false,entries: size=1, first=(t:1, i:164), METADATAENTRY(c:163)
2024-09-10 06:20:06,462 DEBUG server.RaftServer$Division (RaftServerImpl.java:logAppendEntries(1539)) - s10@group-5D788F7A274C: appendEntries* s0->s10#800-t1,previous=(t:1, i:163),leaderCommit=163,initializing? false,entries: size=1, first=(t:1, i:164), METADATAENTRY(c:163)
2024-09-10 06:20:06,462 DEBUG server.RaftServer$Division (RaftServerImpl.java:logAppendEntries(1539)) - s11@group-5D788F7A274C: appendEntries* s0->s11#433-t1,previous=(t:1, i:163),leaderCommit=163,initializing? false,entries: size=1, first=(t:1, i:164), METADATAENTRY(c:163)
2024-09-10 06:20:06,462 DEBUG server.RaftServer$Division (RaftServerImpl.java:logAppendEntries(1539)) - s8@group-5D788F7A274C: appendEntries* s0->s8#397-t1,previous=(t:1, i:163),leaderCommit=163,initializing? false,entries: size=1, first=(t:1, i:164), METADATAENTRY(c:163)
2024-09-10 06:20:06,464 DEBUG server.RaftServer$Division (RaftServerImpl.java:logAppendEntries(1539)) - s10@group-5D788F7A274C: appendEntries* reply s0<-s10#800:OK-t1,SUCCESS,nextIndex=165,followerCommit=163,matchIndex=164
2024-09-10 06:20:06,464 DEBUG server.RaftServer$Division (RaftServerImpl.java:logAppendEntries(1539)) - s4@group-5D788F7A274C: appendEntries* reply s0<-s4#321:OK-t1,SUCCESS,nextIndex=165,followerCommit=163,matchIndex=164
2024-09-10 06:20:06,464 DEBUG server.RaftServer$Division (RaftServerImpl.java:logAppendEntries(1539)) - s8@group-5D788F7A274C: appendEntries* reply s0<-s8#397:OK-t1,SUCCESS,nextIndex=165,followerCommit=163,matchIndex=164
2024-09-10 06:20:06,464 DEBUG server.RaftServer$Division (RaftServerImpl.java:logAppendEntries(1539)) - s11@group-5D788F7A274C: appendEntries* reply s0<-s11#433:OK-t1,SUCCESS,nextIndex=165,followerCommit=163,matchIndex=164
2024-09-10 06:20:06,467 DEBUG server.RaftServer$Division (RaftServerImpl.java:submitClientRequestAsync(910)) - s0@group-5D788F7A274C: receive client request(RaftClientRequest:client-04EF324C57E0->s0@group-5D788F7A274C, cid=4513, seq=null, RW, Message:01016200)
2024-09-10 06:20:06,467 DEBUG server.RaftServer$Division (LeaderStateImpl.java:addPendingRequest(532)) - s0@group-5D788F7A274C-LeaderStateImpl: addPendingRequest at RaftClientRequest:client-04EF324C57E0->s0@group-5D788F7A274C, cid=4513, seq=null, RW, Message:01016200, entry=(t:1, i:165), STATEMACHINELOGENTRY, WRITE: logData.size=4, stateMachineData.size=0, logEntryProtoSerializedSize=0
2024-09-10 06:20:06,468 DEBUG server.RaftServer$Division (RaftServerImpl.java:logAppendEntries(1539)) - s10@group-5D788F7A274C: appendEntries* s0->s10#820-t1,previous=(t:1, i:164),leaderCommit=164,initializing? false,entries: size=1, first=(t:1, i:165), STATEMACHINELOGENTRY, StateMachineLogEntryProto:4513@client-04EF324C57E0
2024-09-10 06:20:06,469 DEBUG server.RaftServer$Division (RaftServerImpl.java:logAppendEntries(1539)) - s14@group-5D788F7A274C: appendEntries* s0->s14#276-t1,previous=(t:1, i:164),leaderCommit=164,initializing? false,entries: size=1, first=(t:1, i:165), STATEMACHINELOGENTRY, StateMachineLogEntryProto:4513@client-04EF324C57E0
2024-09-10 06:20:06,469 DEBUG server.RaftServer$Division (RaftServerImpl.java:logAppendEntries(1539)) - s12@group-5D788F7A274C: appendEntries* s0->s12#411-t1,previous=(t:1, i:164),leaderCommit=164,initializing? false,entries: size=1, first=(t:1, i:165), STATEMACHINELOGENTRY, StateMachineLogEntryProto:4513@client-04EF324C57E0
2024-09-10 06:20:06,469 DEBUG server.RaftServer$Division (RaftServerImpl.java:logAppendEntries(1539)) - s3@group-5D788F7A274C: appendEntries* s0->s3#382-t1,previous=(t:1, i:164),leaderCommit=164,initializing? false,entries: size=1, first=(t:1, i:165), STATEMACHINELOGENTRY, StateMachineLogEntryProto:4513@client-04EF324C57E0
2024-09-10 06:20:06,469 DEBUG server.RaftServer$Division (RaftServerImpl.java:logAppendEntries(1539)) - s14@group-5D788F7A274C: appendEntries* reply s0<-s14#276:OK-t1,SUCCESS,nextIndex=166,followerCommit=164,matchIndex=165
2024-09-10 06:20:06,469 DEBUG server.RaftServer$Division (RaftServerImpl.java:logAppendEntries(1539)) - s4@group-5D788F7A274C: appendEntries* s0->s4#342-t1,previous=(t:1, i:164),leaderCommit=164,initializing? false,entries: size=1, first=(t:1, i:165), STATEMACHINELOGENTRY, StateMachineLogEntryProto:4513@client-04EF324C57E0
2024-09-10 06:20:06,469 DEBUG server.RaftServer$Division (RaftServerImpl.java:logAppendEntries(1539)) - s10@group-5D788F7A274C: appendEntries* reply s0<-s10#820:OK-t1,SUCCESS,nextIndex=166,followerCommit=164,matchIndex=165
2024-09-10 06:20:06,469 DEBUG server.RaftServer$Division (RaftServerImpl.java:logAppendEntries(1539)) - s12@group-5D788F7A274C: appendEntries* reply s0<-s12#411:OK-t1,SUCCESS,nextIndex=166,followerCommit=164,matchIndex=165
2024-09-10 06:20:06,469 DEBUG server.RaftServer$Division (RaftServerImpl.java:logAppendEntries(1539)) - s3@group-5D788F7A274C: appendEntries* reply s0<-s3#382:OK-t1,SUCCESS,nextIndex=166,followerCommit=164,matchIndex=165
2024-09-10 06:20:06,470 DEBUG server.RaftServer$Division (RaftServerImpl.java:logAppendEntries(1539)) - s4@group-5D788F7A274C: appendEntries* reply s0<-s4#342:OK-t1,SUCCESS,nextIndex=166,followerCommit=164,matchIndex=165
2024-09-10 06:20:06,470 DEBUG server.RaftServer$Division (RaftServerImpl.java:logAppendEntries(1539)) - s9@group-5D788F7A274C: appendEntries* s0->s9#385-t1,previous=(t:1, i:164),leaderCommit=164,initializing? false,entries: size=1, first=(t:1, i:165), STATEMACHINELOGENTRY, StateMachineLogEntryProto:4513@client-04EF324C57E0
2024-09-10 06:20:06,470 DEBUG server.RaftServer$Division (RaftServerImpl.java:logAppendEntries(1539)) - s9@group-5D788F7A274C: appendEntries* reply s0<-s9#385:OK-t1,SUCCESS,nextIndex=166,followerCommit=164,matchIndex=165
2024-09-10 06:20:06,471 DEBUG server.RaftServer$Division (RaftServerImpl.java:logAppendEntries(1539)) - s2@group-5D788F7A274C: appendEntries* s0->s2#345-t1,previous=(t:1, i:164),leaderCommit=164,initializing? false,entries: size=1, first=(t:1, i:165), STATEMACHINELOGENTRY, StateMachineLogEntryProto:4513@client-04EF324C57E0
2024-09-10 06:20:06,471 DEBUG server.RaftServer$Division (RaftServerImpl.java:logAppendEntries(1539)) - s2@group-5D788F7A274C: appendEntries* reply s0<-s2#345:OK-t1,SUCCESS,nextIndex=166,followerCommit=164,matchIndex=165
2024-09-10 06:20:06,471 DEBUG server.RaftServer$Division (RaftServerImpl.java:logAppendEntries(1539)) - s13@group-5D788F7A274C: appendEntries* s0->s13#375-t1,previous=(t:1, i:164),leaderCommit=164,initializing? false,entries: size=1, first=(t:1, i:165), STATEMACHINELOGENTRY, StateMachineLogEntryProto:4513@client-04EF324C57E0
2024-09-10 06:20:06,471 DEBUG server.RaftServer$Division (RaftServerImpl.java:logAppendEntries(1539)) - s13@group-5D788F7A274C: appendEntries* reply s0<-s13#375:OK-t1,SUCCESS,nextIndex=166,followerCommit=164,matchIndex=165
2024-09-10 06:20:06,472 DEBUG server.RaftServer$Division (RaftServerImpl.java:logAppendEntries(1539)) - s5@group-5D788F7A274C: appendEntries* s0->s5#384-t1,previous=(t:1, i:164),leaderCommit=164,initializing? false,entries: size=1, first=(t:1, i:165), STATEMACHINELOGENTRY, StateMachineLogEntryProto:4513@client-04EF324C57E0
2024-09-10 06:20:06,472 INFO  statemachine.StateMachine (ArithmeticStateMachine.java:applyTransaction(181)) - LEADER:s0-165: b = null = null
2024-09-10 06:20:06,472 DEBUG server.RaftServer$Division (RaftServerImpl.java:logAppendEntries(1539)) - s5@group-5D788F7A274C: appendEntries* reply s0<-s5#384:OK-t1,SUCCESS,nextIndex=166,followerCommit=164,matchIndex=165
2024-09-10 06:20:06,473 DEBUG server.RaftServer$Division (RaftServerImpl.java:logAppendEntries(1539)) - s14@group-5D788F7A274C: appendEntries* s0->s14#279-t1,previous=(t:1, i:165),leaderCommit=165,initializing? false,entries: size=1, first=(t:1, i:166), METADATAENTRY(c:165)
2024-09-10 06:20:06,473 DEBUG server.RaftServer$Division (RaftServerImpl.java:logAppendEntries(1539)) - s14@group-5D788F7A274C: appendEntries* reply s0<-s14#279:OK-t1,SUCCESS,nextIndex=167,followerCommit=165,matchIndex=166
2024-09-10 06:20:06,473 DEBUG server.RaftServer$Division (RaftServerImpl.java:logAppendEntries(1539)) - s9@group-5D788F7A274C: appendEntries* s0->s9#391-t1,previous=(t:1, i:165),leaderCommit=165,initializing? false,entries: size=1, first=(t:1, i:166), METADATAENTRY(c:165)
2024-09-10 06:20:06,473 DEBUG server.RaftServer$Division (RaftServerImpl.java:logAppendEntries(1539)) - s12@group-5D788F7A274C: appendEntries* s0->s12#415-t1,previous=(t:1, i:165),leaderCommit=165,initializing? false,entries: size=1, first=(t:1, i:166), METADATAENTRY(c:165)
2024-09-10 06:20:06,473 DEBUG server.RaftServer$Division (RaftServerImpl.java:logAppendEntries(1539)) - s4@group-5D788F7A274C: appendEntries* s0->s4#343-t1,previous=(t:1, i:165),leaderCommit=165,initializing? false,entries: size=1, first=(t:1, i:166), METADATAENTRY(c:165)
2024-09-10 06:20:06,474 DEBUG server.RaftServer$Division (RaftServerImpl.java:logAppendEntries(1539)) - s9@group-5D788F7A274C: appendEntries* reply s0<-s9#391:OK-t1,SUCCESS,nextIndex=167,followerCommit=165,matchIndex=166
2024-09-10 06:20:06,473 DEBUG server.RaftServer$Division (RaftServerImpl.java:logAppendEntries(1539)) - s10@group-5D788F7A274C: appendEntries* s0->s10#825-t1,previous=(t:1, i:165),leaderCommit=165,initializing? false,entries: size=1, first=(t:1, i:166), METADATAENTRY(c:165)
2024-09-10 06:20:06,474 DEBUG server.RaftServer$Division (RaftServerImpl.java:logAppendEntries(1539)) - s4@group-5D788F7A274C: appendEntries* reply s0<-s4#343:OK-t1,SUCCESS,nextIndex=167,followerCommit=165,matchIndex=166
2024-09-10 06:20:06,474 DEBUG server.RaftServer$Division (RaftServerImpl.java:logAppendEntries(1539)) - s12@group-5D788F7A274C: appendEntries* reply s0<-s12#415:OK-t1,SUCCESS,nextIndex=167,followerCommit=165,matchIndex=166
2024-09-10 06:20:06,473 DEBUG server.RaftServer$Division (RaftServerImpl.java:logAppendEntries(1539)) - s2@group-5D788F7A274C: appendEntries* s0->s2#352-t1,previous=(t:1, i:165),leaderCommit=165,initializing? false,entries: size=1, first=(t:1, i:166), METADATAENTRY(c:165)
2024-09-10 06:20:06,474 DEBUG server.RaftServer$Division (RaftServerImpl.java:logAppendEntries(1539)) - s10@group-5D788F7A274C: appendEntries* reply s0<-s10#825:OK-t1,SUCCESS,nextIndex=167,followerCommit=165,matchIndex=166
2024-09-10 06:20:06,475 DEBUG server.RaftServer$Division (RaftServerImpl.java:logAppendEntries(1539)) - s2@group-5D788F7A274C: appendEntries* reply s0<-s2#352:OK-t1,SUCCESS,nextIndex=167,followerCommit=165,matchIndex=166
2024-09-10 06:20:06,475 DEBUG server.RaftServer$Division (RaftServerImpl.java:logAppendEntries(1539)) - s3@group-5D788F7A274C: appendEntries* s0->s3#384-t1,previous=(t:1, i:165),leaderCommit=165,initializing? false,entries: size=1, first=(t:1, i:166), METADATAENTRY(c:165)
2024-09-10 06:20:06,475 DEBUG server.RaftServer$Division (RaftServerImpl.java:logAppendEntries(1539)) - s3@group-5D788F7A274C: appendEntries* reply s0<-s3#384:OK-t1,SUCCESS,nextIndex=167,followerCommit=165,matchIndex=166
2024-09-10 06:20:06,476 DEBUG server.RaftServer$Division (RaftServerImpl.java:logAppendEntries(1539)) - s7@group-5D788F7A274C: appendEntries* s0->s7#351-t1,previous=(t:1, i:164),leaderCommit=164,initializing? false,entries: size=1, first=(t:1, i:165), STATEMACHINELOGENTRY, StateMachineLogEntryProto:4513@client-04EF324C57E0
2024-09-10 06:20:06,476 DEBUG server.RaftServer$Division (RaftServerImpl.java:logAppendEntries(1539)) - s6@group-5D788F7A274C: appendEntries* s0->s6#412-t1,previous=(t:1, i:164),leaderCommit=164,initializing? false,entries: size=1, first=(t:1, i:165), STATEMACHINELOGENTRY, StateMachineLogEntryProto:4513@client-04EF324C57E0
2024-09-10 06:20:06,476 DEBUG server.RaftServer$Division (RaftServerImpl.java:logAppendEntries(1539)) - s11@group-5D788F7A274C: appendEntries* s0->s11#451-t1,previous=(t:1, i:164),leaderCommit=164,initializing? false,entries: size=1, first=(t:1, i:165), STATEMACHINELOGENTRY, StateMachineLogEntryProto:4513@client-04EF324C57E0
2024-09-10 06:20:06,476 DEBUG server.RaftServer$Division (RaftServerImpl.java:logAppendEntries(1539)) - s1@group-5D788F7A274C: appendEntries* s0->s1#766-t1,previous=(t:1, i:164),leaderCommit=164,initializing? false,entries: size=1, first=(t:1, i:165), STATEMACHINELOGENTRY, StateMachineLogEntryProto:4513@client-04EF324C57E0
2024-09-10 06:20:06,477 DEBUG server.RaftServer$Division (RaftServerImpl.java:logAppendEntries(1539)) - s8@group-5D788F7A274C: appendEntries* s0->s8#415-t1,previous=(t:1, i:164),leaderCommit=164,initializing? false,entries: size=1, first=(t:1, i:165), STATEMACHINELOGENTRY, StateMachineLogEntryProto:4513@client-04EF324C57E0
2024-09-10 06:20:06,477 DEBUG server.RaftServer$Division (RaftServerImpl.java:logAppendEntries(1539)) - s7@group-5D788F7A274C: appendEntries* reply s0<-s7#351:OK-t1,SUCCESS,nextIndex=166,followerCommit=164,matchIndex=165
2024-09-10 06:20:06,477 DEBUG server.RaftServer$Division (RaftServerImpl.java:logAppendEntries(1539)) - s1@group-5D788F7A274C: appendEntries* reply s0<-s1#766:OK-t1,SUCCESS,nextIndex=166,followerCommit=164,matchIndex=165
2024-09-10 06:20:06,477 DEBUG server.RaftServer$Division (RaftServerImpl.java:logAppendEntries(1539)) - s6@group-5D788F7A274C: appendEntries* reply s0<-s6#412:OK-t1,SUCCESS,nextIndex=166,followerCommit=164,matchIndex=165
2024-09-10 06:20:06,477 DEBUG server.RaftServer$Division (RaftServerImpl.java:logAppendEntries(1539)) - s11@group-5D788F7A274C: appendEntries* reply s0<-s11#451:OK-t1,SUCCESS,nextIndex=166,followerCommit=164,matchIndex=165
2024-09-10 06:20:06,477 DEBUG server.RaftServer$Division (RaftServerImpl.java:logAppendEntries(1539)) - s11@group-5D788F7A274C: appendEntries* s0->s11#459-t1,previous=(t:1, i:165),leaderCommit=165,initializing? false,entries: size=1, first=(t:1, i:166), METADATAENTRY(c:165)
2024-09-10 06:20:06,477 DEBUG server.RaftServer$Division (RaftServerImpl.java:logAppendEntries(1539)) - s1@group-5D788F7A274C: appendEntries* s0->s1#772-t1,previous=(t:1, i:165),leaderCommit=165,initializing? false,entries: size=1, first=(t:1, i:166), METADATAENTRY(c:165)
2024-09-10 06:20:06,477 DEBUG server.RaftServer$Division (RaftServerImpl.java:logAppendEntries(1539)) - s8@group-5D788F7A274C: appendEntries* reply s0<-s8#415:OK-t1,SUCCESS,nextIndex=166,followerCommit=164,matchIndex=165
2024-09-10 06:20:06,478 DEBUG server.RaftServer$Division (RaftServerImpl.java:logAppendEntries(1539)) - s1@group-5D788F7A274C: appendEntries* reply s0<-s1#772:OK-t1,SUCCESS,nextIndex=167,followerCommit=165,matchIndex=166
2024-09-10 06:20:06,478 DEBUG server.RaftServer$Division (RaftServerImpl.java:logAppendEntries(1539)) - s11@group-5D788F7A274C: appendEntries* reply s0<-s11#459:OK-t1,SUCCESS,nextIndex=167,followerCommit=165,matchIndex=166
2024-09-10 06:20:06,478 DEBUG server.RaftServer$Division (RaftServerImpl.java:logAppendEntries(1539)) - s7@group-5D788F7A274C: appendEntries* s0->s7#359-t1,previous=(t:1, i:165),leaderCommit=165,initializing? false,entries: size=1, first=(t:1, i:166), METADATAENTRY(c:165)
2024-09-10 06:20:06,478 DEBUG server.RaftServer$Division (RaftServerImpl.java:logAppendEntries(1539)) - s8@group-5D788F7A274C: appendEntries* s0->s8#423-t1,previous=(t:1, i:165),leaderCommit=165,initializing? false,entries: size=1, first=(t:1, i:166), METADATAENTRY(c:165)
2024-09-10 06:20:06,478 DEBUG server.RaftServer$Division (RaftServerImpl.java:logAppendEntries(1539)) - s7@group-5D788F7A274C: appendEntries* reply s0<-s7#359:OK-t1,SUCCESS,nextIndex=167,followerCommit=165,matchIndex=166
2024-09-10 06:20:06,478 DEBUG server.RaftServer$Division (RaftServerImpl.java:logAppendEntries(1539)) - s8@group-5D788F7A274C: appendEntries* reply s0<-s8#423:OK-t1,SUCCESS,nextIndex=167,followerCommit=165,matchIndex=166
2024-09-10 06:20:06,478 DEBUG server.RaftServer$Division (RaftServerImpl.java:logAppendEntries(1539)) - s6@group-5D788F7A274C: appendEntries* s0->s6#420-t1,previous=(t:1, i:165),leaderCommit=165,initializing? false,entries: size=1, first=(t:1, i:166), METADATAENTRY(c:165)
2024-09-10 06:20:06,479 DEBUG server.RaftServer$Division (RaftServerImpl.java:logAppendEntries(1539)) - s6@group-5D788F7A274C: appendEntries* reply s0<-s6#420:OK-t1,SUCCESS,nextIndex=167,followerCommit=165,matchIndex=166
2024-09-10 06:20:06,479 DEBUG server.RaftServer$Division (RaftServerImpl.java:logAppendEntries(1539)) - s13@group-5D788F7A274C: appendEntries* s0->s13#383-t1,previous=(t:1, i:165),leaderCommit=165,initializing? false,entries: size=1, first=(t:1, i:166), METADATAENTRY(c:165)
2024-09-10 06:20:06,479 DEBUG server.RaftServer$Division (RaftServerImpl.java:logAppendEntries(1539)) - s5@group-5D788F7A274C: appendEntries* s0->s5#392-t1,previous=(t:1, i:165),leaderCommit=165,initializing? false,entries: size=1, first=(t:1, i:166), METADATAENTRY(c:165)
2024-09-10 06:20:06,479 DEBUG server.RaftServer$Division (RaftServerImpl.java:logAppendEntries(1539)) - s13@group-5D788F7A274C: appendEntries* reply s0<-s13#383:OK-t1,SUCCESS,nextIndex=167,followerCommit=165,matchIndex=166
2024-09-10 06:20:06,479 DEBUG server.RaftServer$Division (RaftServerImpl.java:logAppendEntries(1539)) - s5@group-5D788F7A274C: appendEntries* reply s0<-s5#392:OK-t1,SUCCESS,nextIndex=167,followerCommit=165,matchIndex=166
2024-09-10 06:20:06,482 DEBUG server.RaftServer$Division (RaftServerImpl.java:submitClientRequestAsync(910)) - s0@group-5D788F7A274C: receive client request(RaftClientRequest:client-04EF324C57E0->s0@group-5D788F7A274C, cid=4514, seq=null, RW, Message:01016300)
2024-09-10 06:20:06,482 DEBUG server.RaftServer$Division (LeaderStateImpl.java:addPendingRequest(532)) - s0@group-5D788F7A274C-LeaderStateImpl: addPendingRequest at RaftClientRequest:client-04EF324C57E0->s0@group-5D788F7A274C, cid=4514, seq=null, RW, Message:01016300, entry=(t:1, i:167), STATEMACHINELOGENTRY, WRITE: logData.size=4, stateMachineData.size=0, logEntryProtoSerializedSize=0
2024-09-10 06:20:06,483 DEBUG server.RaftServer$Division (RaftServerImpl.java:logAppendEntries(1539)) - s4@group-5D788F7A274C: appendEntries* s0->s4#359-t1,previous=(t:1, i:166),leaderCommit=166,initializing? false,entries: size=1, first=(t:1, i:167), STATEMACHINELOGENTRY, StateMachineLogEntryProto:4514@client-04EF324C57E0
2024-09-10 06:20:06,483 DEBUG server.RaftServer$Division (RaftServerImpl.java:logAppendEntries(1539)) - s13@group-5D788F7A274C: appendEntries* s0->s13#403-t1,previous=(t:1, i:166),leaderCommit=166,initializing? false,entries: size=1, first=(t:1, i:167), STATEMACHINELOGENTRY, StateMachineLogEntryProto:4514@client-04EF324C57E0
2024-09-10 06:20:06,483 DEBUG server.RaftServer$Division (RaftServerImpl.java:logAppendEntries(1539)) - s11@group-5D788F7A274C: appendEntries* s0->s11#478-t1,previous=(t:1, i:166),leaderCommit=166,initializing? false,entries: size=1, first=(t:1, i:167), STATEMACHINELOGENTRY, StateMachineLogEntryProto:4514@client-04EF324C57E0
2024-09-10 06:20:06,483 DEBUG server.RaftServer$Division (RaftServerImpl.java:logAppendEntries(1539)) - s8@group-5D788F7A274C: appendEntries* s0->s8#442-t1,previous=(t:1, i:166),leaderCommit=166,initializing? false,entries: size=1, first=(t:1, i:167), STATEMACHINELOGENTRY, StateMachineLogEntryProto:4514@client-04EF324C57E0
2024-09-10 06:20:06,483 DEBUG server.RaftServer$Division (RaftServerImpl.java:logAppendEntries(1539)) - s13@group-5D788F7A274C: appendEntries* reply s0<-s13#403:OK-t1,SUCCESS,nextIndex=168,followerCommit=166,matchIndex=167
2024-09-10 06:20:06,483 DEBUG server.RaftServer$Division (RaftServerImpl.java:logAppendEntries(1539)) - s11@group-5D788F7A274C: appendEntries* reply s0<-s11#478:OK-t1,SUCCESS,nextIndex=168,followerCommit=166,matchIndex=167
2024-09-10 06:20:06,483 DEBUG server.RaftServer$Division (RaftServerImpl.java:logAppendEntries(1539)) - s7@group-5D788F7A274C: appendEntries* s0->s7#377-t1,previous=(t:1, i:166),leaderCommit=166,initializing? false,entries: size=1, first=(t:1, i:167), STATEMACHINELOGENTRY, StateMachineLogEntryProto:4514@client-04EF324C57E0
2024-09-10 06:20:06,484 DEBUG server.RaftServer$Division (RaftServerImpl.java:logAppendEntries(1539)) - s8@group-5D788F7A274C: appendEntries* reply s0<-s8#442:OK-t1,SUCCESS,nextIndex=168,followerCommit=166,matchIndex=167
2024-09-10 06:20:06,483 DEBUG server.RaftServer$Division (RaftServerImpl.java:logAppendEntries(1539)) - s4@group-5D788F7A274C: appendEntries* reply s0<-s4#359:OK-t1,SUCCESS,nextIndex=168,followerCommit=166,matchIndex=167
2024-09-10 06:20:06,484 DEBUG server.RaftServer$Division (RaftServerImpl.java:logAppendEntries(1539)) - s14@group-5D788F7A274C: appendEntries* s0->s14#293-t1,previous=(t:1, i:166),leaderCommit=166,initializing? false,entries: size=1, first=(t:1, i:167), STATEMACHINELOGENTRY, StateMachineLogEntryProto:4514@client-04EF324C57E0
2024-09-10 06:20:06,484 DEBUG server.RaftServer$Division (RaftServerImpl.java:logAppendEntries(1539)) - s7@group-5D788F7A274C: appendEntries* reply s0<-s7#377:OK-t1,SUCCESS,nextIndex=168,followerCommit=166,matchIndex=167
2024-09-10 06:20:06,484 DEBUG server.RaftServer$Division (RaftServerImpl.java:logAppendEntries(1539)) - s14@group-5D788F7A274C: appendEntries* reply s0<-s14#293:OK-t1,SUCCESS,nextIndex=168,followerCommit=166,matchIndex=167
2024-09-10 06:20:06,485 DEBUG server.RaftServer$Division (RaftServerImpl.java:logAppendEntries(1539)) - s3@group-5D788F7A274C: appendEntries* s0->s3#403-t1,previous=(t:1, i:166),leaderCommit=166,initializing? false,entries: size=1, first=(t:1, i:167), STATEMACHINELOGENTRY, StateMachineLogEntryProto:4514@client-04EF324C57E0
2024-09-10 06:20:06,485 DEBUG server.RaftServer$Division (RaftServerImpl.java:logAppendEntries(1539)) - s2@group-5D788F7A274C: appendEntries* s0->s2#368-t1,previous=(t:1, i:166),leaderCommit=166,initializing? false,entries: size=1, first=(t:1, i:167), STATEMACHINELOGENTRY, StateMachineLogEntryProto:4514@client-04EF324C57E0
2024-09-10 06:20:06,485 DEBUG server.RaftServer$Division (RaftServerImpl.java:logAppendEntries(1539)) - s9@group-5D788F7A274C: appendEntries* s0->s9#406-t1,previous=(t:1, i:166),leaderCommit=166,initializing? false,entries: size=1, first=(t:1, i:167), STATEMACHINELOGENTRY, StateMachineLogEntryProto:4514@client-04EF324C57E0
2024-09-10 06:20:06,485 DEBUG server.RaftServer$Division (RaftServerImpl.java:logAppendEntries(1539)) - s3@group-5D788F7A274C: appendEntries* reply s0<-s3#403:OK-t1,SUCCESS,nextIndex=168,followerCommit=166,matchIndex=167
2024-09-10 06:20:06,485 DEBUG server.RaftServer$Division (RaftServerImpl.java:logAppendEntries(1539)) - s1@group-5D788F7A274C: appendEntries* s0->s1#791-t1,previous=(t:1, i:166),leaderCommit=166,initializing? false,entries: size=1, first=(t:1, i:167), STATEMACHINELOGENTRY, StateMachineLogEntryProto:4514@client-04EF324C57E0
2024-09-10 06:20:06,485 DEBUG server.RaftServer$Division (RaftServerImpl.java:logAppendEntries(1539)) - s2@group-5D788F7A274C: appendEntries* reply s0<-s2#368:OK-t1,SUCCESS,nextIndex=168,followerCommit=166,matchIndex=167
2024-09-10 06:20:06,485 DEBUG server.RaftServer$Division (RaftServerImpl.java:logAppendEntries(1539)) - s9@group-5D788F7A274C: appendEntries* reply s0<-s9#406:OK-t1,SUCCESS,nextIndex=168,followerCommit=166,matchIndex=167
2024-09-10 06:20:06,486 DEBUG server.RaftServer$Division (RaftServerImpl.java:logAppendEntries(1539)) - s10@group-5D788F7A274C: appendEntries* s0->s10#843-t1,previous=(t:1, i:166),leaderCommit=166,initializing? false,entries: size=1, first=(t:1, i:167), STATEMACHINELOGENTRY, StateMachineLogEntryProto:4514@client-04EF324C57E0
2024-09-10 06:20:06,486 DEBUG server.RaftServer$Division (RaftServerImpl.java:logAppendEntries(1539)) - s1@group-5D788F7A274C: appendEntries* reply s0<-s1#791:OK-t1,SUCCESS,nextIndex=168,followerCommit=166,matchIndex=167
2024-09-10 06:20:06,486 DEBUG server.RaftServer$Division (RaftServerImpl.java:logAppendEntries(1539)) - s12@group-5D788F7A274C: appendEntries* s0->s12#432-t1,previous=(t:1, i:166),leaderCommit=166,initializing? false,entries: size=1, first=(t:1, i:167), STATEMACHINELOGENTRY, StateMachineLogEntryProto:4514@client-04EF324C57E0
2024-09-10 06:20:06,486 DEBUG server.RaftServer$Division (RaftServerImpl.java:logAppendEntries(1539)) - s6@group-5D788F7A274C: appendEntries* s0->s6#439-t1,previous=(t:1, i:166),leaderCommit=166,initializing? false,entries: size=1, first=(t:1, i:167), STATEMACHINELOGENTRY, StateMachineLogEntryProto:4514@client-04EF324C57E0
2024-09-10 06:20:06,486 DEBUG server.RaftServer$Division (RaftServerImpl.java:logAppendEntries(1539)) - s5@group-5D788F7A274C: appendEntries* s0->s5#410-t1,previous=(t:1, i:166),leaderCommit=166,initializing? false,entries: size=1, first=(t:1, i:167), STATEMACHINELOGENTRY, StateMachineLogEntryProto:4514@client-04EF324C57E0
2024-09-10 06:20:06,486 INFO  statemachine.StateMachine (ArithmeticStateMachine.java:applyTransaction(181)) - LEADER:s0-167: c = null = null
2024-09-10 06:20:06,487 DEBUG server.RaftServer$Division (RaftServerImpl.java:logAppendEntries(1539)) - s5@group-5D788F7A274C: appendEntries* reply s0<-s5#410:OK-t1,SUCCESS,nextIndex=168,followerCommit=166,matchIndex=167
2024-09-10 06:20:06,487 DEBUG server.RaftServer$Division (RaftServerImpl.java:logAppendEntries(1539)) - s12@group-5D788F7A274C: appendEntries* reply s0<-s12#432:OK-t1,SUCCESS,nextIndex=168,followerCommit=166,matchIndex=167
2024-09-10 06:20:06,487 DEBUG server.RaftServer$Division (RaftServerImpl.java:logAppendEntries(1539)) - s10@group-5D788F7A274C: appendEntries* reply s0<-s10#843:OK-t1,SUCCESS,nextIndex=168,followerCommit=166,matchIndex=167
2024-09-10 06:20:06,487 DEBUG server.RaftServer$Division (RaftServerImpl.java:logAppendEntries(1539)) - s6@group-5D788F7A274C: appendEntries* reply s0<-s6#439:OK-t1,SUCCESS,nextIndex=168,followerCommit=166,matchIndex=167
2024-09-10 06:20:06,487 DEBUG server.RaftServer$Division (RaftServerImpl.java:logAppendEntries(1539)) - s14@group-5D788F7A274C: appendEntries* s0->s14#298-t1,previous=(t:1, i:167),leaderCommit=167,initializing? false,entries: size=1, first=(t:1, i:168), METADATAENTRY(c:167)
2024-09-10 06:20:06,488 DEBUG server.RaftServer$Division (RaftServerImpl.java:logAppendEntries(1539)) - s14@group-5D788F7A274C: appendEntries* reply s0<-s14#298:OK-t1,SUCCESS,nextIndex=169,followerCommit=167,matchIndex=168
2024-09-10 06:20:06,489 DEBUG server.RaftServer$Division (RaftServerImpl.java:logAppendEntries(1539)) - s1@group-5D788F7A274C: appendEntries* s0->s1#797-t1,previous=(t:1, i:167),leaderCommit=167,initializing? false,entries: size=1, first=(t:1, i:168), METADATAENTRY(c:167)
2024-09-10 06:20:06,489 DEBUG server.RaftServer$Division (RaftServerImpl.java:logAppendEntries(1539)) - s7@group-5D788F7A274C: appendEntries* s0->s7#381-t1,previous=(t:1, i:167),leaderCommit=167,initializing? false,entries: size=1, first=(t:1, i:168), METADATAENTRY(c:167)
2024-09-10 06:20:06,489 DEBUG server.RaftServer$Division (RaftServerImpl.java:logAppendEntries(1539)) - s1@group-5D788F7A274C: appendEntries* reply s0<-s1#797:OK-t1,SUCCESS,nextIndex=169,followerCommit=167,matchIndex=168
2024-09-10 06:20:06,489 DEBUG server.RaftServer$Division (RaftServerImpl.java:logAppendEntries(1539)) - s3@group-5D788F7A274C: appendEntries* s0->s3#409-t1,previous=(t:1, i:167),leaderCommit=167,initializing? false,entries: size=1, first=(t:1, i:168), METADATAENTRY(c:167)
2024-09-10 06:20:06,489 DEBUG server.RaftServer$Division (RaftServerImpl.java:logAppendEntries(1539)) - s9@group-5D788F7A274C: appendEntries* s0->s9#412-t1,previous=(t:1, i:167),leaderCommit=167,initializing? false,entries: size=1, first=(t:1, i:168), METADATAENTRY(c:167)
2024-09-10 06:20:06,490 DEBUG server.RaftServer$Division (RaftServerImpl.java:logAppendEntries(1539)) - s7@group-5D788F7A274C: appendEntries* reply s0<-s7#381:OK-t1,SUCCESS,nextIndex=169,followerCommit=167,matchIndex=168
2024-09-10 06:20:06,489 DEBUG server.RaftServer$Division (RaftServerImpl.java:logAppendEntries(1539)) - s13@group-5D788F7A274C: appendEntries* s0->s13#406-t1,previous=(t:1, i:167),leaderCommit=167,initializing? false,entries: size=1, first=(t:1, i:168), METADATAENTRY(c:167)
2024-09-10 06:20:06,490 DEBUG server.RaftServer$Division (RaftServerImpl.java:logAppendEntries(1539)) - s3@group-5D788F7A274C: appendEntries* reply s0<-s3#409:OK-t1,SUCCESS,nextIndex=169,followerCommit=167,matchIndex=168
2024-09-10 06:20:06,490 DEBUG server.RaftServer$Division (RaftServerImpl.java:logAppendEntries(1539)) - s9@group-5D788F7A274C: appendEntries* reply s0<-s9#412:OK-t1,SUCCESS,nextIndex=169,followerCommit=167,matchIndex=168
2024-09-10 06:20:06,490 DEBUG server.RaftServer$Division (RaftServerImpl.java:logAppendEntries(1539)) - s13@group-5D788F7A274C: appendEntries* reply s0<-s13#406:OK-t1,SUCCESS,nextIndex=169,followerCommit=167,matchIndex=168
2024-09-10 06:20:06,490 DEBUG server.RaftServer$Division (RaftServerImpl.java:logAppendEntries(1539)) - s2@group-5D788F7A274C: appendEntries* s0->s2#375-t1,previous=(t:1, i:167),leaderCommit=167,initializing? false,entries: size=1, first=(t:1, i:168), METADATAENTRY(c:167)
2024-09-10 06:20:06,490 DEBUG server.RaftServer$Division (RaftServerImpl.java:logAppendEntries(1539)) - s6@group-5D788F7A274C: appendEntries* s0->s6#446-t1,previous=(t:1, i:167),leaderCommit=167,initializing? false,entries: size=1, first=(t:1, i:168), METADATAENTRY(c:167)
2024-09-10 06:20:06,491 DEBUG server.RaftServer$Division (RaftServerImpl.java:logAppendEntries(1539)) - s4@group-5D788F7A274C: appendEntries* s0->s4#361-t1,previous=(t:1, i:167),leaderCommit=167,initializing? false,entries: size=1, first=(t:1, i:168), METADATAENTRY(c:167)
2024-09-10 06:20:06,491 DEBUG server.RaftServer$Division (RaftServerImpl.java:logAppendEntries(1539)) - s2@group-5D788F7A274C: appendEntries* reply s0<-s2#375:OK-t1,SUCCESS,nextIndex=169,followerCommit=167,matchIndex=168
2024-09-10 06:20:06,491 DEBUG server.RaftServer$Division (RaftServerImpl.java:logAppendEntries(1539)) - s6@group-5D788F7A274C: appendEntries* reply s0<-s6#446:OK-t1,SUCCESS,nextIndex=169,followerCommit=167,matchIndex=168
2024-09-10 06:20:06,491 DEBUG server.RaftServer$Division (RaftServerImpl.java:logAppendEntries(1539)) - s5@group-5D788F7A274C: appendEntries* s0->s5#416-t1,previous=(t:1, i:167),leaderCommit=167,initializing? false,entries: size=1, first=(t:1, i:168), METADATAENTRY(c:167)
2024-09-10 06:20:06,491 DEBUG server.RaftServer$Division (RaftServerImpl.java:logAppendEntries(1539)) - s12@group-5D788F7A274C: appendEntries* s0->s12#439-t1,previous=(t:1, i:167),leaderCommit=167,initializing? false,entries: size=1, first=(t:1, i:168), METADATAENTRY(c:167)
2024-09-10 06:20:06,491 DEBUG server.RaftServer$Division (RaftServerImpl.java:logAppendEntries(1539)) - s10@group-5D788F7A274C: appendEntries* s0->s10#850-t1,previous=(t:1, i:167),leaderCommit=167,initializing? false,entries: size=1, first=(t:1, i:168), METADATAENTRY(c:167)
2024-09-10 06:20:06,491 DEBUG server.RaftServer$Division (RaftServerImpl.java:logAppendEntries(1539)) - s8@group-5D788F7A274C: appendEntries* s0->s8#444-t1,previous=(t:1, i:167),leaderCommit=167,initializing? false,entries: size=1, first=(t:1, i:168), METADATAENTRY(c:167)
2024-09-10 06:20:06,491 DEBUG server.RaftServer$Division (RaftServerImpl.java:logAppendEntries(1539)) - s12@group-5D788F7A274C: appendEntries* reply s0<-s12#439:OK-t1,SUCCESS,nextIndex=169,followerCommit=167,matchIndex=168
2024-09-10 06:20:06,492 DEBUG server.RaftServer$Division (RaftServerImpl.java:logAppendEntries(1539)) - s5@group-5D788F7A274C: appendEntries* reply s0<-s5#416:OK-t1,SUCCESS,nextIndex=169,followerCommit=167,matchIndex=168
2024-09-10 06:20:06,492 DEBUG server.RaftServer$Division (RaftServerImpl.java:logAppendEntries(1539)) - s10@group-5D788F7A274C: appendEntries* reply s0<-s10#850:OK-t1,SUCCESS,nextIndex=169,followerCommit=167,matchIndex=168
2024-09-10 06:20:06,492 DEBUG server.RaftServer$Division (RaftServerImpl.java:logAppendEntries(1539)) - s8@group-5D788F7A274C: appendEntries* reply s0<-s8#444:OK-t1,SUCCESS,nextIndex=169,followerCommit=167,matchIndex=168
2024-09-10 06:20:06,492 DEBUG server.RaftServer$Division (RaftServerImpl.java:logAppendEntries(1539)) - s4@group-5D788F7A274C: appendEntries* reply s0<-s4#361:OK-t1,SUCCESS,nextIndex=169,followerCommit=167,matchIndex=168
2024-09-10 06:20:06,493 DEBUG server.RaftServer$Division (RaftServerImpl.java:logAppendEntries(1539)) - s11@group-5D788F7A274C: appendEntries* s0->s11#481-t1,previous=(t:1, i:167),leaderCommit=167,initializing? false,entries: size=1, first=(t:1, i:168), METADATAENTRY(c:167)
2024-09-10 06:20:06,493 DEBUG server.RaftServer$Division (RaftServerImpl.java:logAppendEntries(1539)) - s11@group-5D788F7A274C: appendEntries* reply s0<-s11#481:OK-t1,SUCCESS,nextIndex=169,followerCommit=167,matchIndex=168
2024-09-10 06:20:06,495 DEBUG server.RaftServer$Division (RaftServerImpl.java:submitClientRequestAsync(910)) - s0@group-5D788F7A274C: receive client request(RaftClientRequest:client-04EF324C57E0->s0@group-5D788F7A274C, cid=4515, seq=null, RW, Message:01016102405b40000000...(size=12))
2024-09-10 06:20:06,496 DEBUG server.RaftServer$Division (LeaderStateImpl.java:addPendingRequest(532)) - s0@group-5D788F7A274C-LeaderStateImpl: addPendingRequest at RaftClientRequest:client-04EF324C57E0->s0@group-5D788F7A274C, cid=4515, seq=null, RW, Message:01016102405b40000000...(size=12), entry=(t:1, i:169), STATEMACHINELOGENTRY, WRITE: logData.size=12, stateMachineData.size=0, logEntryProtoSerializedSize=0
2024-09-10 06:20:06,496 DEBUG server.RaftServer$Division (RaftServerImpl.java:logAppendEntries(1539)) - s13@group-5D788F7A274C: appendEntries* s0->s13#422-t1,previous=(t:1, i:168),leaderCommit=168,initializing? false,entries: size=1, first=(t:1, i:169), STATEMACHINELOGENTRY, StateMachineLogEntryProto:4515@client-04EF324C57E0
2024-09-10 06:20:06,497 DEBUG server.RaftServer$Division (RaftServerImpl.java:logAppendEntries(1539)) - s14@group-5D788F7A274C: appendEntries* s0->s14#308-t1,previous=(t:1, i:168),leaderCommit=168,initializing? false,entries: size=1, first=(t:1, i:169), STATEMACHINELOGENTRY, StateMachineLogEntryProto:4515@client-04EF324C57E0
2024-09-10 06:20:06,497 DEBUG server.RaftServer$Division (RaftServerImpl.java:logAppendEntries(1539)) - s7@group-5D788F7A274C: appendEntries* s0->s7#395-t1,previous=(t:1, i:168),leaderCommit=168,initializing? false,entries: size=1, first=(t:1, i:169), STATEMACHINELOGENTRY, StateMachineLogEntryProto:4515@client-04EF324C57E0
2024-09-10 06:20:06,497 DEBUG server.RaftServer$Division (RaftServerImpl.java:logAppendEntries(1539)) - s14@group-5D788F7A274C: appendEntries* reply s0<-s14#308:OK-t1,SUCCESS,nextIndex=170,followerCommit=168,matchIndex=169
2024-09-10 06:20:06,497 DEBUG server.RaftServer$Division (RaftServerImpl.java:logAppendEntries(1539)) - s11@group-5D788F7A274C: appendEntries* s0->s11#504-t1,previous=(t:1, i:168),leaderCommit=168,initializing? false,entries: size=1, first=(t:1, i:169), STATEMACHINELOGENTRY, StateMachineLogEntryProto:4515@client-04EF324C57E0
2024-09-10 06:20:06,497 DEBUG server.RaftServer$Division (RaftServerImpl.java:logAppendEntries(1539)) - s13@group-5D788F7A274C: appendEntries* reply s0<-s13#422:OK-t1,SUCCESS,nextIndex=170,followerCommit=168,matchIndex=169
2024-09-10 06:20:06,497 DEBUG server.RaftServer$Division (RaftServerImpl.java:logAppendEntries(1539)) - s8@group-5D788F7A274C: appendEntries* s0->s8#464-t1,previous=(t:1, i:168),leaderCommit=168,initializing? false,entries: size=1, first=(t:1, i:169), STATEMACHINELOGENTRY, StateMachineLogEntryProto:4515@client-04EF324C57E0
2024-09-10 06:20:06,497 DEBUG server.RaftServer$Division (RaftServerImpl.java:logAppendEntries(1539)) - s11@group-5D788F7A274C: appendEntries* reply s0<-s11#504:OK-t1,SUCCESS,nextIndex=170,followerCommit=168,matchIndex=169
2024-09-10 06:20:06,497 DEBUG server.RaftServer$Division (RaftServerImpl.java:logAppendEntries(1539)) - s7@group-5D788F7A274C: appendEntries* reply s0<-s7#395:OK-t1,SUCCESS,nextIndex=170,followerCommit=168,matchIndex=169
2024-09-10 06:20:06,498 DEBUG server.RaftServer$Division (RaftServerImpl.java:logAppendEntries(1539)) - s8@group-5D788F7A274C: appendEntries* reply s0<-s8#464:OK-t1,SUCCESS,nextIndex=170,followerCommit=168,matchIndex=169
2024-09-10 06:20:06,498 DEBUG server.RaftServer$Division (RaftServerImpl.java:logAppendEntries(1539)) - s1@group-5D788F7A274C: appendEntries* s0->s1#812-t1,previous=(t:1, i:168),leaderCommit=168,initializing? false,entries: size=1, first=(t:1, i:169), STATEMACHINELOGENTRY, StateMachineLogEntryProto:4515@client-04EF324C57E0
2024-09-10 06:20:06,498 DEBUG server.RaftServer$Division (RaftServerImpl.java:logAppendEntries(1539)) - s6@group-5D788F7A274C: appendEntries* s0->s6#464-t1,previous=(t:1, i:168),leaderCommit=168,initializing? false,entries: size=1, first=(t:1, i:169), STATEMACHINELOGENTRY, StateMachineLogEntryProto:4515@client-04EF324C57E0
2024-09-10 06:20:06,498 DEBUG server.RaftServer$Division (RaftServerImpl.java:logAppendEntries(1539)) - s4@group-5D788F7A274C: appendEntries* s0->s4#383-t1,previous=(t:1, i:168),leaderCommit=168,initializing? false,entries: size=1, first=(t:1, i:169), STATEMACHINELOGENTRY, StateMachineLogEntryProto:4515@client-04EF324C57E0
2024-09-10 06:20:06,498 DEBUG server.RaftServer$Division (RaftServerImpl.java:logAppendEntries(1539)) - s12@group-5D788F7A274C: appendEntries* s0->s12#463-t1,previous=(t:1, i:168),leaderCommit=168,initializing? false,entries: size=1, first=(t:1, i:169), STATEMACHINELOGENTRY, StateMachineLogEntryProto:4515@client-04EF324C57E0
2024-09-10 06:20:06,498 DEBUG server.RaftServer$Division (RaftServerImpl.java:logAppendEntries(1539)) - s3@group-5D788F7A274C: appendEntries* s0->s3#427-t1,previous=(t:1, i:168),leaderCommit=168,initializing? false,entries: size=1, first=(t:1, i:169), STATEMACHINELOGENTRY, StateMachineLogEntryProto:4515@client-04EF324C57E0
2024-09-10 06:20:06,498 DEBUG server.RaftServer$Division (RaftServerImpl.java:logAppendEntries(1539)) - s10@group-5D788F7A274C: appendEntries* s0->s10#872-t1,previous=(t:1, i:168),leaderCommit=168,initializing? false,entries: size=1, first=(t:1, i:169), STATEMACHINELOGENTRY, StateMachineLogEntryProto:4515@client-04EF324C57E0
2024-09-10 06:20:06,499 DEBUG server.RaftServer$Division (RaftServerImpl.java:logAppendEntries(1539)) - s12@group-5D788F7A274C: appendEntries* reply s0<-s12#463:OK-t1,SUCCESS,nextIndex=170,followerCommit=168,matchIndex=169
2024-09-10 06:20:06,499 DEBUG server.RaftServer$Division (RaftServerImpl.java:logAppendEntries(1539)) - s6@group-5D788F7A274C: appendEntries* reply s0<-s6#464:OK-t1,SUCCESS,nextIndex=170,followerCommit=168,matchIndex=169
2024-09-10 06:20:06,499 DEBUG server.RaftServer$Division (RaftServerImpl.java:logAppendEntries(1539)) - s3@group-5D788F7A274C: appendEntries* reply s0<-s3#427:OK-t1,SUCCESS,nextIndex=170,followerCommit=168,matchIndex=169
2024-09-10 06:20:06,499 DEBUG server.RaftServer$Division (RaftServerImpl.java:logAppendEntries(1539)) - s4@group-5D788F7A274C: appendEntries* reply s0<-s4#383:OK-t1,SUCCESS,nextIndex=170,followerCommit=168,matchIndex=169
2024-09-10 06:20:06,499 DEBUG server.RaftServer$Division (RaftServerImpl.java:logAppendEntries(1539)) - s1@group-5D788F7A274C: appendEntries* reply s0<-s1#812:OK-t1,SUCCESS,nextIndex=170,followerCommit=168,matchIndex=169
2024-09-10 06:20:06,499 DEBUG server.RaftServer$Division (RaftServerImpl.java:logAppendEntries(1539)) - s5@group-5D788F7A274C: appendEntries* s0->s5#434-t1,previous=(t:1, i:168),leaderCommit=168,initializing? false,entries: size=1, first=(t:1, i:169), STATEMACHINELOGENTRY, StateMachineLogEntryProto:4515@client-04EF324C57E0
2024-09-10 06:20:06,499 DEBUG server.RaftServer$Division (RaftServerImpl.java:logAppendEntries(1539)) - s10@group-5D788F7A274C: appendEntries* reply s0<-s10#872:OK-t1,SUCCESS,nextIndex=170,followerCommit=168,matchIndex=169
2024-09-10 06:20:06,499 DEBUG server.RaftServer$Division (RaftServerImpl.java:logAppendEntries(1539)) - s5@group-5D788F7A274C: appendEntries* reply s0<-s5#434:OK-t1,SUCCESS,nextIndex=170,followerCommit=168,matchIndex=169
2024-09-10 06:20:06,500 DEBUG server.RaftServer$Division (RaftServerImpl.java:logAppendEntries(1539)) - s2@group-5D788F7A274C: appendEntries* s0->s2#397-t1,previous=(t:1, i:168),leaderCommit=168,initializing? false,entries: size=1, first=(t:1, i:169), STATEMACHINELOGENTRY, StateMachineLogEntryProto:4515@client-04EF324C57E0
2024-09-10 06:20:06,500 DEBUG server.RaftServer$Division (RaftServerImpl.java:logAppendEntries(1539)) - s2@group-5D788F7A274C: appendEntries* reply s0<-s2#397:OK-t1,SUCCESS,nextIndex=170,followerCommit=168,matchIndex=169
2024-09-10 06:20:06,501 INFO  statemachine.StateMachine (ArithmeticStateMachine.java:applyTransaction(181)) - LEADER:s0-169: a = 109 = 109
2024-09-10 06:20:06,501 DEBUG server.RaftServer$Division (RaftServerImpl.java:logAppendEntries(1539)) - s9@group-5D788F7A274C: appendEntries* s0->s9#431-t1,previous=(t:1, i:168),leaderCommit=168,initializing? false,entries: size=1, first=(t:1, i:169), STATEMACHINELOGENTRY, StateMachineLogEntryProto:4515@client-04EF324C57E0
2024-09-10 06:20:06,501 DEBUG server.RaftServer$Division (RaftServerImpl.java:logAppendEntries(1539)) - s9@group-5D788F7A274C: appendEntries* reply s0<-s9#431:OK-t1,SUCCESS,nextIndex=170,followerCommit=168,matchIndex=169
2024-09-10 06:20:06,502 DEBUG server.RaftServer$Division (RaftServerImpl.java:logAppendEntries(1539)) - s7@group-5D788F7A274C: appendEntries* s0->s7#398-t1,previous=(t:1, i:169),leaderCommit=169,initializing? false,entries: size=1, first=(t:1, i:170), METADATAENTRY(c:169)
2024-09-10 06:20:06,502 DEBUG server.RaftServer$Division (RaftServerImpl.java:logAppendEntries(1539)) - s7@group-5D788F7A274C: appendEntries* reply s0<-s7#398:OK-t1,SUCCESS,nextIndex=171,followerCommit=169,matchIndex=170
2024-09-10 06:20:06,502 DEBUG server.RaftServer$Division (RaftServerImpl.java:logAppendEntries(1539)) - s13@group-5D788F7A274C: appendEntries* s0->s13#425-t1,previous=(t:1, i:169),leaderCommit=169,initializing? false,entries: size=1, first=(t:1, i:170), METADATAENTRY(c:169)
2024-09-10 06:20:06,503 DEBUG server.RaftServer$Division (RaftServerImpl.java:logAppendEntries(1539)) - s13@group-5D788F7A274C: appendEntries* reply s0<-s13#425:OK-t1,SUCCESS,nextIndex=171,followerCommit=169,matchIndex=170
2024-09-10 06:20:06,503 DEBUG server.RaftServer$Division (RaftServerImpl.java:logAppendEntries(1539)) - s14@group-5D788F7A274C: appendEntries* s0->s14#309-t1,previous=(t:1, i:169),leaderCommit=169,initializing? false,entries: size=1, first=(t:1, i:170), METADATAENTRY(c:169)
2024-09-10 06:20:06,503 DEBUG server.RaftServer$Division (RaftServerImpl.java:logAppendEntries(1539)) - s1@group-5D788F7A274C: appendEntries* s0->s1#817-t1,previous=(t:1, i:169),leaderCommit=169,initializing? false,entries: size=1, first=(t:1, i:170), METADATAENTRY(c:169)
2024-09-10 06:20:06,503 DEBUG server.RaftServer$Division (RaftServerImpl.java:logAppendEntries(1539)) - s5@group-5D788F7A274C: appendEntries* s0->s5#440-t1,previous=(t:1, i:169),leaderCommit=169,initializing? false,entries: size=1, first=(t:1, i:170), METADATAENTRY(c:169)
2024-09-10 06:20:06,503 DEBUG server.RaftServer$Division (RaftServerImpl.java:logAppendEntries(1539)) - s6@group-5D788F7A274C: appendEntries* s0->s6#468-t1,previous=(t:1, i:169),leaderCommit=169,initializing? false,entries: size=1, first=(t:1, i:170), METADATAENTRY(c:169)
2024-09-10 06:20:06,503 DEBUG server.RaftServer$Division (RaftServerImpl.java:logAppendEntries(1539)) - s14@group-5D788F7A274C: appendEntries* reply s0<-s14#309:OK-t1,SUCCESS,nextIndex=171,followerCommit=169,matchIndex=170
2024-09-10 06:20:06,504 DEBUG server.RaftServer$Division (RaftServerImpl.java:logAppendEntries(1539)) - s6@group-5D788F7A274C: appendEntries* reply s0<-s6#468:OK-t1,SUCCESS,nextIndex=171,followerCommit=169,matchIndex=170
2024-09-10 06:20:06,504 DEBUG server.RaftServer$Division (RaftServerImpl.java:logAppendEntries(1539)) - s1@group-5D788F7A274C: appendEntries* reply s0<-s1#817:OK-t1,SUCCESS,nextIndex=171,followerCommit=169,matchIndex=170
2024-09-10 06:20:06,504 DEBUG server.RaftServer$Division (RaftServerImpl.java:logAppendEntries(1539)) - s5@group-5D788F7A274C: appendEntries* reply s0<-s5#440:OK-t1,SUCCESS,nextIndex=171,followerCommit=169,matchIndex=170
2024-09-10 06:20:06,504 DEBUG server.RaftServer$Division (RaftServerImpl.java:logAppendEntries(1539)) - s3@group-5D788F7A274C: appendEntries* s0->s3#435-t1,previous=(t:1, i:169),leaderCommit=169,initializing? false,entries: size=1, first=(t:1, i:170), METADATAENTRY(c:169)
2024-09-10 06:20:06,504 DEBUG server.RaftServer$Division (RaftServerImpl.java:logAppendEntries(1539)) - s9@group-5D788F7A274C: appendEntries* s0->s9#439-t1,previous=(t:1, i:169),leaderCommit=169,initializing? false,entries: size=1, first=(t:1, i:170), METADATAENTRY(c:169)
2024-09-10 06:20:06,505 DEBUG server.RaftServer$Division (RaftServerImpl.java:logAppendEntries(1539)) - s3@group-5D788F7A274C: appendEntries* reply s0<-s3#435:OK-t1,SUCCESS,nextIndex=171,followerCommit=169,matchIndex=170
2024-09-10 06:20:06,505 DEBUG server.RaftServer$Division (RaftServerImpl.java:logAppendEntries(1539)) - s9@group-5D788F7A274C: appendEntries* reply s0<-s9#439:OK-t1,SUCCESS,nextIndex=171,followerCommit=169,matchIndex=170
2024-09-10 06:20:06,505 DEBUG server.RaftServer$Division (RaftServerImpl.java:logAppendEntries(1539)) - s2@group-5D788F7A274C: appendEntries* s0->s2#406-t1,previous=(t:1, i:169),leaderCommit=169,initializing? false,entries: size=1, first=(t:1, i:170), METADATAENTRY(c:169)
2024-09-10 06:20:06,506 DEBUG server.RaftServer$Division (RaftServerImpl.java:logAppendEntries(1539)) - s4@group-5D788F7A274C: appendEntries* s0->s4#392-t1,previous=(t:1, i:169),leaderCommit=169,initializing? false,entries: size=1, first=(t:1, i:170), METADATAENTRY(c:169)
2024-09-10 06:20:06,506 DEBUG server.RaftServer$Division (RaftServerImpl.java:logAppendEntries(1539)) - s11@group-5D788F7A274C: appendEntries* s0->s11#513-t1,previous=(t:1, i:169),leaderCommit=169,initializing? false,entries: size=1, first=(t:1, i:170), METADATAENTRY(c:169)
2024-09-10 06:20:06,506 DEBUG server.RaftServer$Division (RaftServerImpl.java:logAppendEntries(1539)) - s8@group-5D788F7A274C: appendEntries* s0->s8#472-t1,previous=(t:1, i:169),leaderCommit=169,initializing? false,entries: size=1, first=(t:1, i:170), METADATAENTRY(c:169)
2024-09-10 06:20:06,506 DEBUG server.RaftServer$Division (RaftServerImpl.java:logAppendEntries(1539)) - s4@group-5D788F7A274C: appendEntries* reply s0<-s4#392:OK-t1,SUCCESS,nextIndex=171,followerCommit=169,matchIndex=170
2024-09-10 06:20:06,506 DEBUG server.RaftServer$Division (RaftServerImpl.java:logAppendEntries(1539)) - s8@group-5D788F7A274C: appendEntries* reply s0<-s8#472:OK-t1,SUCCESS,nextIndex=171,followerCommit=169,matchIndex=170
2024-09-10 06:20:06,506 DEBUG server.RaftServer$Division (RaftServerImpl.java:logAppendEntries(1539)) - s10@group-5D788F7A274C: appendEntries* s0->s10#880-t1,previous=(t:1, i:169),leaderCommit=169,initializing? false,entries: size=1, first=(t:1, i:170), METADATAENTRY(c:169)
2024-09-10 06:20:06,506 DEBUG server.RaftServer$Division (RaftServerImpl.java:logAppendEntries(1539)) - s2@group-5D788F7A274C: appendEntries* reply s0<-s2#406:OK-t1,SUCCESS,nextIndex=171,followerCommit=169,matchIndex=170
2024-09-10 06:20:06,507 DEBUG server.RaftServer$Division (RaftServerImpl.java:logAppendEntries(1539)) - s12@group-5D788F7A274C: appendEntries* s0->s12#471-t1,previous=(t:1, i:169),leaderCommit=169,initializing? false,entries: size=1, first=(t:1, i:170), METADATAENTRY(c:169)
2024-09-10 06:20:06,507 DEBUG server.RaftServer$Division (RaftServerImpl.java:logAppendEntries(1539)) - s11@group-5D788F7A274C: appendEntries* reply s0<-s11#513:OK-t1,SUCCESS,nextIndex=171,followerCommit=169,matchIndex=170
2024-09-10 06:20:06,507 DEBUG server.RaftServer$Division (RaftServerImpl.java:logAppendEntries(1539)) - s10@group-5D788F7A274C: appendEntries* reply s0<-s10#880:OK-t1,SUCCESS,nextIndex=171,followerCommit=169,matchIndex=170
2024-09-10 06:20:06,507 DEBUG server.RaftServer$Division (RaftServerImpl.java:logAppendEntries(1539)) - s12@group-5D788F7A274C: appendEntries* reply s0<-s12#471:OK-t1,SUCCESS,nextIndex=171,followerCommit=169,matchIndex=170
2024-09-10 06:20:06,509 DEBUG server.RaftServer$Division (RaftServerImpl.java:submitClientRequestAsync(910)) - s0@group-5D788F7A274C: receive client request(RaftClientRequest:client-04EF324C57E0->s0@group-5D788F7A274C, cid=4516, seq=null, RW, Message:0101620240b734000000...(size=12))
2024-09-10 06:20:06,509 DEBUG server.RaftServer$Division (LeaderStateImpl.java:addPendingRequest(532)) - s0@group-5D788F7A274C-LeaderStateImpl: addPendingRequest at RaftClientRequest:client-04EF324C57E0->s0@group-5D788F7A274C, cid=4516, seq=null, RW, Message:0101620240b734000000...(size=12), entry=(t:1, i:171), STATEMACHINELOGENTRY, WRITE: logData.size=12, stateMachineData.size=0, logEntryProtoSerializedSize=0
2024-09-10 06:20:06,510 DEBUG server.RaftServer$Division (RaftServerImpl.java:logAppendEntries(1539)) - s13@group-5D788F7A274C: appendEntries* s0->s13#435-t1,previous=(t:1, i:170),leaderCommit=170,initializing? false,entries: size=1, first=(t:1, i:171), STATEMACHINELOGENTRY, StateMachineLogEntryProto:4516@client-04EF324C57E0
2024-09-10 06:20:06,511 DEBUG server.RaftServer$Division (RaftServerImpl.java:logAppendEntries(1539)) - s7@group-5D788F7A274C: appendEntries* s0->s7#406-t1,previous=(t:1, i:170),leaderCommit=170,initializing? false,entries: size=1, first=(t:1, i:171), STATEMACHINELOGENTRY, StateMachineLogEntryProto:4516@client-04EF324C57E0
2024-09-10 06:20:06,510 DEBUG server.RaftServer$Division (RaftServerImpl.java:logAppendEntries(1539)) - s14@group-5D788F7A274C: appendEntries* s0->s14#320-t1,previous=(t:1, i:170),leaderCommit=170,initializing? false,entries: size=1, first=(t:1, i:171), STATEMACHINELOGENTRY, StateMachineLogEntryProto:4516@client-04EF324C57E0
2024-09-10 06:20:06,511 DEBUG server.RaftServer$Division (RaftServerImpl.java:logAppendEntries(1539)) - s4@group-5D788F7A274C: appendEntries* s0->s4#409-t1,previous=(t:1, i:170),leaderCommit=170,initializing? false,entries: size=1, first=(t:1, i:171), STATEMACHINELOGENTRY, StateMachineLogEntryProto:4516@client-04EF324C57E0
2024-09-10 06:20:06,511 DEBUG server.RaftServer$Division (RaftServerImpl.java:logAppendEntries(1539)) - s2@group-5D788F7A274C: appendEntries* s0->s2#426-t1,previous=(t:1, i:170),leaderCommit=170,initializing? false,entries: size=1, first=(t:1, i:171), STATEMACHINELOGENTRY, StateMachineLogEntryProto:4516@client-04EF324C57E0
2024-09-10 06:20:06,511 DEBUG server.RaftServer$Division (RaftServerImpl.java:logAppendEntries(1539)) - s13@group-5D788F7A274C: appendEntries* reply s0<-s13#435:OK-t1,SUCCESS,nextIndex=172,followerCommit=170,matchIndex=171
2024-09-10 06:20:06,511 DEBUG server.RaftServer$Division (RaftServerImpl.java:logAppendEntries(1539)) - s14@group-5D788F7A274C: appendEntries* reply s0<-s14#320:OK-t1,SUCCESS,nextIndex=172,followerCommit=170,matchIndex=171
2024-09-10 06:20:06,511 DEBUG server.RaftServer$Division (RaftServerImpl.java:logAppendEntries(1539)) - s7@group-5D788F7A274C: appendEntries* reply s0<-s7#406:OK-t1,SUCCESS,nextIndex=172,followerCommit=170,matchIndex=171
2024-09-10 06:20:06,511 DEBUG server.RaftServer$Division (RaftServerImpl.java:logAppendEntries(1539)) - s3@group-5D788F7A274C: appendEntries* s0->s3#455-t1,previous=(t:1, i:170),leaderCommit=170,initializing? false,entries: size=1, first=(t:1, i:171), STATEMACHINELOGENTRY, StateMachineLogEntryProto:4516@client-04EF324C57E0
2024-09-10 06:20:06,511 DEBUG server.RaftServer$Division (RaftServerImpl.java:logAppendEntries(1539)) - s4@group-5D788F7A274C: appendEntries* reply s0<-s4#409:OK-t1,SUCCESS,nextIndex=172,followerCommit=170,matchIndex=171
2024-09-10 06:20:06,511 DEBUG server.RaftServer$Division (RaftServerImpl.java:logAppendEntries(1539)) - s1@group-5D788F7A274C: appendEntries* s0->s1#830-t1,previous=(t:1, i:170),leaderCommit=170,initializing? false,entries: size=1, first=(t:1, i:171), STATEMACHINELOGENTRY, StateMachineLogEntryProto:4516@client-04EF324C57E0
2024-09-10 06:20:06,512 DEBUG server.RaftServer$Division (RaftServerImpl.java:logAppendEntries(1539)) - s2@group-5D788F7A274C: appendEntries* reply s0<-s2#426:OK-t1,SUCCESS,nextIndex=172,followerCommit=170,matchIndex=171
2024-09-10 06:20:06,512 DEBUG server.RaftServer$Division (RaftServerImpl.java:logAppendEntries(1539)) - s9@group-5D788F7A274C: appendEntries* s0->s9#459-t1,previous=(t:1, i:170),leaderCommit=170,initializing? false,entries: size=1, first=(t:1, i:171), STATEMACHINELOGENTRY, StateMachineLogEntryProto:4516@client-04EF324C57E0
2024-09-10 06:20:06,512 DEBUG server.RaftServer$Division (RaftServerImpl.java:logAppendEntries(1539)) - s11@group-5D788F7A274C: appendEntries* s0->s11#534-t1,previous=(t:1, i:170),leaderCommit=170,initializing? false,entries: size=1, first=(t:1, i:171), STATEMACHINELOGENTRY, StateMachineLogEntryProto:4516@client-04EF324C57E0
2024-09-10 06:20:06,512 DEBUG server.RaftServer$Division (RaftServerImpl.java:logAppendEntries(1539)) - s3@group-5D788F7A274C: appendEntries* reply s0<-s3#455:OK-t1,SUCCESS,nextIndex=172,followerCommit=170,matchIndex=171
2024-09-10 06:20:06,512 DEBUG server.RaftServer$Division (RaftServerImpl.java:logAppendEntries(1539)) - s5@group-5D788F7A274C: appendEntries* s0->s5#458-t1,previous=(t:1, i:170),leaderCommit=170,initializing? false,entries: size=1, first=(t:1, i:171), STATEMACHINELOGENTRY, StateMachineLogEntryProto:4516@client-04EF324C57E0
2024-09-10 06:20:06,512 DEBUG server.RaftServer$Division (RaftServerImpl.java:logAppendEntries(1539)) - s6@group-5D788F7A274C: appendEntries* s0->s6#486-t1,previous=(t:1, i:170),leaderCommit=170,initializing? false,entries: size=1, first=(t:1, i:171), STATEMACHINELOGENTRY, StateMachineLogEntryProto:4516@client-04EF324C57E0
2024-09-10 06:20:06,513 DEBUG server.RaftServer$Division (RaftServerImpl.java:logAppendEntries(1539)) - s10@group-5D788F7A274C: appendEntries* s0->s10#898-t1,previous=(t:1, i:170),leaderCommit=170,initializing? false,entries: size=1, first=(t:1, i:171), STATEMACHINELOGENTRY, StateMachineLogEntryProto:4516@client-04EF324C57E0
2024-09-10 06:20:06,513 DEBUG server.RaftServer$Division (RaftServerImpl.java:logAppendEntries(1539)) - s8@group-5D788F7A274C: appendEntries* s0->s8#491-t1,previous=(t:1, i:170),leaderCommit=170,initializing? false,entries: size=1, first=(t:1, i:171), STATEMACHINELOGENTRY, StateMachineLogEntryProto:4516@client-04EF324C57E0
2024-09-10 06:20:06,513 DEBUG server.RaftServer$Division (RaftServerImpl.java:logAppendEntries(1539)) - s6@group-5D788F7A274C: appendEntries* reply s0<-s6#486:OK-t1,SUCCESS,nextIndex=172,followerCommit=170,matchIndex=171
2024-09-10 06:20:06,513 DEBUG server.RaftServer$Division (RaftServerImpl.java:logAppendEntries(1539)) - s9@group-5D788F7A274C: appendEntries* reply s0<-s9#459:OK-t1,SUCCESS,nextIndex=172,followerCommit=170,matchIndex=171
2024-09-10 06:20:06,513 DEBUG server.RaftServer$Division (RaftServerImpl.java:logAppendEntries(1539)) - s11@group-5D788F7A274C: appendEntries* reply s0<-s11#534:OK-t1,SUCCESS,nextIndex=172,followerCommit=170,matchIndex=171
2024-09-10 06:20:06,513 DEBUG server.RaftServer$Division (RaftServerImpl.java:logAppendEntries(1539)) - s5@group-5D788F7A274C: appendEntries* reply s0<-s5#458:OK-t1,SUCCESS,nextIndex=172,followerCommit=170,matchIndex=171
2024-09-10 06:20:06,513 DEBUG server.RaftServer$Division (RaftServerImpl.java:logAppendEntries(1539)) - s8@group-5D788F7A274C: appendEntries* reply s0<-s8#491:OK-t1,SUCCESS,nextIndex=172,followerCommit=170,matchIndex=171
2024-09-10 06:20:06,513 DEBUG server.RaftServer$Division (RaftServerImpl.java:logAppendEntries(1539)) - s1@group-5D788F7A274C: appendEntries* reply s0<-s1#830:OK-t1,SUCCESS,nextIndex=172,followerCommit=170,matchIndex=171
2024-09-10 06:20:06,513 DEBUG server.RaftServer$Division (RaftServerImpl.java:logAppendEntries(1539)) - s10@group-5D788F7A274C: appendEntries* reply s0<-s10#898:OK-t1,SUCCESS,nextIndex=172,followerCommit=170,matchIndex=171
2024-09-10 06:20:06,514 INFO  statemachine.StateMachine (ArithmeticStateMachine.java:applyTransaction(181)) - LEADER:s0-171: b = 5940 = 5940
2024-09-10 06:20:06,515 DEBUG server.RaftServer$Division (RaftServerImpl.java:logAppendEntries(1539)) - s14@group-5D788F7A274C: appendEntries* s0->s14#322-t1,previous=(t:1, i:171),leaderCommit=171,initializing? false,entries: size=1, first=(t:1, i:172), METADATAENTRY(c:171)
2024-09-10 06:20:06,515 DEBUG server.RaftServer$Division (RaftServerImpl.java:logAppendEntries(1539)) - s7@group-5D788F7A274C: appendEntries* s0->s7#407-t1,previous=(t:1, i:171),leaderCommit=171,initializing? false,entries: size=1, first=(t:1, i:172), METADATAENTRY(c:171)
2024-09-10 06:20:06,515 DEBUG server.RaftServer$Division (RaftServerImpl.java:logAppendEntries(1539)) - s14@group-5D788F7A274C: appendEntries* reply s0<-s14#322:OK-t1,SUCCESS,nextIndex=173,followerCommit=171,matchIndex=172
2024-09-10 06:20:06,515 DEBUG server.RaftServer$Division (RaftServerImpl.java:logAppendEntries(1539)) - s3@group-5D788F7A274C: appendEntries* s0->s3#462-t1,previous=(t:1, i:171),leaderCommit=171,initializing? false,entries: size=1, first=(t:1, i:172), METADATAENTRY(c:171)
2024-09-10 06:20:06,516 DEBUG server.RaftServer$Division (RaftServerImpl.java:logAppendEntries(1539)) - s7@group-5D788F7A274C: appendEntries* reply s0<-s7#407:OK-t1,SUCCESS,nextIndex=173,followerCommit=171,matchIndex=172
2024-09-10 06:20:06,516 DEBUG server.RaftServer$Division (RaftServerImpl.java:logAppendEntries(1539)) - s13@group-5D788F7A274C: appendEntries* s0->s13#436-t1,previous=(t:1, i:171),leaderCommit=171,initializing? false,entries: size=1, first=(t:1, i:172), METADATAENTRY(c:171)
2024-09-10 06:20:06,516 DEBUG server.RaftServer$Division (RaftServerImpl.java:logAppendEntries(1539)) - s6@group-5D788F7A274C: appendEntries* s0->s6#491-t1,previous=(t:1, i:171),leaderCommit=171,initializing? false,entries: size=1, first=(t:1, i:172), METADATAENTRY(c:171)
2024-09-10 06:20:06,516 DEBUG server.RaftServer$Division (RaftServerImpl.java:logAppendEntries(1539)) - s9@group-5D788F7A274C: appendEntries* s0->s9#466-t1,previous=(t:1, i:171),leaderCommit=171,initializing? false,entries: size=1, first=(t:1, i:172), METADATAENTRY(c:171)
2024-09-10 06:20:06,516 DEBUG server.RaftServer$Division (RaftServerImpl.java:logAppendEntries(1539)) - s2@group-5D788F7A274C: appendEntries* s0->s2#433-t1,previous=(t:1, i:171),leaderCommit=171,initializing? false,entries: size=1, first=(t:1, i:172), METADATAENTRY(c:171)
2024-09-10 06:20:06,516 DEBUG server.RaftServer$Division (RaftServerImpl.java:logAppendEntries(1539)) - s6@group-5D788F7A274C: appendEntries* reply s0<-s6#491:OK-t1,SUCCESS,nextIndex=173,followerCommit=171,matchIndex=172
2024-09-10 06:20:06,516 DEBUG server.RaftServer$Division (RaftServerImpl.java:logAppendEntries(1539)) - s12@group-5D788F7A274C: appendEntries* s0->s12#490-t1,previous=(t:1, i:170),leaderCommit=170,initializing? false,entries: size=1, first=(t:1, i:171), STATEMACHINELOGENTRY, StateMachineLogEntryProto:4516@client-04EF324C57E0
2024-09-10 06:20:06,517 DEBUG server.RaftServer$Division (RaftServerImpl.java:logAppendEntries(1539)) - s1@group-5D788F7A274C: appendEntries* s0->s1#835-t1,previous=(t:1, i:171),leaderCommit=171,initializing? false,entries: size=1, first=(t:1, i:172), METADATAENTRY(c:171)
2024-09-10 06:20:06,517 DEBUG server.RaftServer$Division (RaftServerImpl.java:logAppendEntries(1539)) - s12@group-5D788F7A274C: appendEntries* reply s0<-s12#490:OK-t1,SUCCESS,nextIndex=172,followerCommit=170,matchIndex=171
2024-09-10 06:20:06,517 DEBUG server.RaftServer$Division (RaftServerImpl.java:logAppendEntries(1539)) - s2@group-5D788F7A274C: appendEntries* reply s0<-s2#433:OK-t1,SUCCESS,nextIndex=173,followerCommit=171,matchIndex=172
2024-09-10 06:20:06,517 DEBUG server.RaftServer$Division (RaftServerImpl.java:logAppendEntries(1539)) - s9@group-5D788F7A274C: appendEntries* reply s0<-s9#466:OK-t1,SUCCESS,nextIndex=173,followerCommit=171,matchIndex=172
2024-09-10 06:20:06,517 DEBUG server.RaftServer$Division (RaftServerImpl.java:logAppendEntries(1539)) - s3@group-5D788F7A274C: appendEntries* reply s0<-s3#462:OK-t1,SUCCESS,nextIndex=173,followerCommit=171,matchIndex=172
2024-09-10 06:20:06,517 DEBUG server.RaftServer$Division (RaftServerImpl.java:logAppendEntries(1539)) - s13@group-5D788F7A274C: appendEntries* reply s0<-s13#436:OK-t1,SUCCESS,nextIndex=173,followerCommit=171,matchIndex=172
2024-09-10 06:20:06,517 DEBUG server.RaftServer$Division (RaftServerImpl.java:logAppendEntries(1539)) - s1@group-5D788F7A274C: appendEntries* reply s0<-s1#835:OK-t1,SUCCESS,nextIndex=173,followerCommit=171,matchIndex=172
2024-09-10 06:20:06,518 DEBUG server.RaftServer$Division (RaftServerImpl.java:logAppendEntries(1539)) - s5@group-5D788F7A274C: appendEntries* s0->s5#464-t1,previous=(t:1, i:171),leaderCommit=171,initializing? false,entries: size=1, first=(t:1, i:172), METADATAENTRY(c:171)
2024-09-10 06:20:06,519 DEBUG server.RaftServer$Division (RaftServerImpl.java:logAppendEntries(1539)) - s5@group-5D788F7A274C: appendEntries* reply s0<-s5#464:OK-t1,SUCCESS,nextIndex=173,followerCommit=171,matchIndex=172
2024-09-10 06:20:06,519 DEBUG server.RaftServer$Division (RaftServerImpl.java:logAppendEntries(1539)) - s4@group-5D788F7A274C: appendEntries* s0->s4#413-t1,previous=(t:1, i:171),leaderCommit=171,initializing? false,entries: size=1, first=(t:1, i:172), METADATAENTRY(c:171)
2024-09-10 06:20:06,520 DEBUG server.RaftServer$Division (RaftServerImpl.java:logAppendEntries(1539)) - s4@group-5D788F7A274C: appendEntries* reply s0<-s4#413:OK-t1,SUCCESS,nextIndex=173,followerCommit=171,matchIndex=172
2024-09-10 06:20:06,520 DEBUG server.RaftServer$Division (RaftServerImpl.java:logAppendEntries(1539)) - s10@group-5D788F7A274C: appendEntries* s0->s10#905-t1,previous=(t:1, i:171),leaderCommit=171,initializing? false,entries: size=1, first=(t:1, i:172), METADATAENTRY(c:171)
2024-09-10 06:20:06,520 DEBUG server.RaftServer$Division (RaftServerImpl.java:logAppendEntries(1539)) - s10@group-5D788F7A274C: appendEntries* reply s0<-s10#905:OK-t1,SUCCESS,nextIndex=173,followerCommit=171,matchIndex=172
2024-09-10 06:20:06,520 DEBUG server.RaftServer$Division (RaftServerImpl.java:logAppendEntries(1539)) - s12@group-5D788F7A274C: appendEntries* s0->s12#498-t1,previous=(t:1, i:171),leaderCommit=171,initializing? false,entries: size=1, first=(t:1, i:172), METADATAENTRY(c:171)
2024-09-10 06:20:06,521 DEBUG server.RaftServer$Division (RaftServerImpl.java:logAppendEntries(1539)) - s12@group-5D788F7A274C: appendEntries* reply s0<-s12#498:OK-t1,SUCCESS,nextIndex=173,followerCommit=171,matchIndex=172
2024-09-10 06:20:06,522 DEBUG server.RaftServer$Division (RaftServerImpl.java:logAppendEntries(1539)) - s8@group-5D788F7A274C: appendEntries* s0->s8#499-t1,previous=(t:1, i:171),leaderCommit=171,initializing? false,entries: size=1, first=(t:1, i:172), METADATAENTRY(c:171)
2024-09-10 06:20:06,522 DEBUG server.RaftServer$Division (RaftServerImpl.java:logAppendEntries(1539)) - s11@group-5D788F7A274C: appendEntries* s0->s11#541-t1,previous=(t:1, i:171),leaderCommit=171,initializing? false,entries: size=1, first=(t:1, i:172), METADATAENTRY(c:171)
2024-09-10 06:20:06,522 DEBUG server.RaftServer$Division (RaftServerImpl.java:logAppendEntries(1539)) - s8@group-5D788F7A274C: appendEntries* reply s0<-s8#499:OK-t1,SUCCESS,nextIndex=173,followerCommit=171,matchIndex=172
2024-09-10 06:20:06,522 DEBUG server.RaftServer$Division (RaftServerImpl.java:logAppendEntries(1539)) - s11@group-5D788F7A274C: appendEntries* reply s0<-s11#541:OK-t1,SUCCESS,nextIndex=173,followerCommit=171,matchIndex=172
2024-09-10 06:20:06,523 DEBUG server.RaftServer$Division (RaftServerImpl.java:submitClientRequestAsync(910)) - s0@group-5D788F7A274C: receive client request(RaftClientRequest:client-04EF324C57E0->s0@group-5D788F7A274C, cid=4517, seq=null, RW, Message:01016304010300040201...(size=17))
2024-09-10 06:20:06,523 DEBUG server.RaftServer$Division (LeaderStateImpl.java:addPendingRequest(532)) - s0@group-5D788F7A274C-LeaderStateImpl: addPendingRequest at RaftClientRequest:client-04EF324C57E0->s0@group-5D788F7A274C, cid=4517, seq=null, RW, Message:01016304010300040201...(size=17), entry=(t:1, i:173), STATEMACHINELOGENTRY, WRITE: logData.size=17, stateMachineData.size=0, logEntryProtoSerializedSize=0
2024-09-10 06:20:06,524 DEBUG server.RaftServer$Division (RaftServerImpl.java:logAppendEntries(1539)) - s14@group-5D788F7A274C: appendEntries* s0->s14#331-t1,previous=(t:1, i:172),leaderCommit=172,initializing? false,entries: size=1, first=(t:1, i:173), STATEMACHINELOGENTRY, StateMachineLogEntryProto:4517@client-04EF324C57E0
2024-09-10 06:20:06,525 DEBUG server.RaftServer$Division (RaftServerImpl.java:logAppendEntries(1539)) - s9@group-5D788F7A274C: appendEntries* s0->s9#486-t1,previous=(t:1, i:172),leaderCommit=172,initializing? false,entries: size=1, first=(t:1, i:173), STATEMACHINELOGENTRY, StateMachineLogEntryProto:4517@client-04EF324C57E0
2024-09-10 06:20:06,524 DEBUG server.RaftServer$Division (RaftServerImpl.java:logAppendEntries(1539)) - s7@group-5D788F7A274C: appendEntries* s0->s7#418-t1,previous=(t:1, i:172),leaderCommit=172,initializing? false,entries: size=1, first=(t:1, i:173), STATEMACHINELOGENTRY, StateMachineLogEntryProto:4517@client-04EF324C57E0
2024-09-10 06:20:06,525 DEBUG server.RaftServer$Division (RaftServerImpl.java:logAppendEntries(1539)) - s3@group-5D788F7A274C: appendEntries* s0->s3#485-t1,previous=(t:1, i:172),leaderCommit=172,initializing? false,entries: size=1, first=(t:1, i:173), STATEMACHINELOGENTRY, StateMachineLogEntryProto:4517@client-04EF324C57E0
2024-09-10 06:20:06,525 DEBUG server.RaftServer$Division (RaftServerImpl.java:logAppendEntries(1539)) - s12@group-5D788F7A274C: appendEntries* s0->s12#519-t1,previous=(t:1, i:172),leaderCommit=172,initializing? false,entries: size=1, first=(t:1, i:173), STATEMACHINELOGENTRY, StateMachineLogEntryProto:4517@client-04EF324C57E0
2024-09-10 06:20:06,525 DEBUG server.RaftServer$Division (RaftServerImpl.java:logAppendEntries(1539)) - s9@group-5D788F7A274C: appendEntries* reply s0<-s9#486:OK-t1,SUCCESS,nextIndex=174,followerCommit=172,matchIndex=173
2024-09-10 06:20:06,525 DEBUG server.RaftServer$Division (RaftServerImpl.java:logAppendEntries(1539)) - s3@group-5D788F7A274C: appendEntries* reply s0<-s3#485:OK-t1,SUCCESS,nextIndex=174,followerCommit=172,matchIndex=173
2024-09-10 06:20:06,525 DEBUG server.RaftServer$Division (RaftServerImpl.java:logAppendEntries(1539)) - s2@group-5D788F7A274C: appendEntries* s0->s2#453-t1,previous=(t:1, i:172),leaderCommit=172,initializing? false,entries: size=1, first=(t:1, i:173), STATEMACHINELOGENTRY, StateMachineLogEntryProto:4517@client-04EF324C57E0
2024-09-10 06:20:06,525 DEBUG server.RaftServer$Division (RaftServerImpl.java:logAppendEntries(1539)) - s6@group-5D788F7A274C: appendEntries* s0->s6#504-t1,previous=(t:1, i:172),leaderCommit=172,initializing? false,entries: size=1, first=(t:1, i:173), STATEMACHINELOGENTRY, StateMachineLogEntryProto:4517@client-04EF324C57E0
2024-09-10 06:20:06,525 DEBUG server.RaftServer$Division (RaftServerImpl.java:logAppendEntries(1539)) - s10@group-5D788F7A274C: appendEntries* s0->s10#923-t1,previous=(t:1, i:172),leaderCommit=172,initializing? false,entries: size=1, first=(t:1, i:173), STATEMACHINELOGENTRY, StateMachineLogEntryProto:4517@client-04EF324C57E0
2024-09-10 06:20:06,526 DEBUG server.RaftServer$Division (RaftServerImpl.java:logAppendEntries(1539)) - s5@group-5D788F7A274C: appendEntries* s0->s5#484-t1,previous=(t:1, i:172),leaderCommit=172,initializing? false,entries: size=1, first=(t:1, i:173), STATEMACHINELOGENTRY, StateMachineLogEntryProto:4517@client-04EF324C57E0
2024-09-10 06:20:06,526 DEBUG server.RaftServer$Division (RaftServerImpl.java:logAppendEntries(1539)) - s12@group-5D788F7A274C: appendEntries* reply s0<-s12#519:OK-t1,SUCCESS,nextIndex=174,followerCommit=172,matchIndex=173
2024-09-10 06:20:06,525 DEBUG server.RaftServer$Division (RaftServerImpl.java:logAppendEntries(1539)) - s13@group-5D788F7A274C: appendEntries* s0->s13#448-t1,previous=(t:1, i:172),leaderCommit=172,initializing? false,entries: size=1, first=(t:1, i:173), STATEMACHINELOGENTRY, StateMachineLogEntryProto:4517@client-04EF324C57E0
2024-09-10 06:20:06,526 DEBUG server.RaftServer$Division (RaftServerImpl.java:logAppendEntries(1539)) - s14@group-5D788F7A274C: appendEntries* reply s0<-s14#331:OK-t1,SUCCESS,nextIndex=174,followerCommit=172,matchIndex=173
2024-09-10 06:20:06,525 DEBUG server.RaftServer$Division (RaftServerImpl.java:logAppendEntries(1539)) - s4@group-5D788F7A274C: appendEntries* s0->s4#435-t1,previous=(t:1, i:172),leaderCommit=172,initializing? false,entries: size=1, first=(t:1, i:173), STATEMACHINELOGENTRY, StateMachineLogEntryProto:4517@client-04EF324C57E0
2024-09-10 06:20:06,526 DEBUG server.RaftServer$Division (RaftServerImpl.java:logAppendEntries(1539)) - s13@group-5D788F7A274C: appendEntries* reply s0<-s13#448:OK-t1,SUCCESS,nextIndex=174,followerCommit=172,matchIndex=173
2024-09-10 06:20:06,526 DEBUG server.RaftServer$Division (RaftServerImpl.java:logAppendEntries(1539)) - s10@group-5D788F7A274C: appendEntries* reply s0<-s10#923:OK-t1,SUCCESS,nextIndex=174,followerCommit=172,matchIndex=173
2024-09-10 06:20:06,526 DEBUG server.RaftServer$Division (RaftServerImpl.java:logAppendEntries(1539)) - s6@group-5D788F7A274C: appendEntries* reply s0<-s6#504:OK-t1,SUCCESS,nextIndex=174,followerCommit=172,matchIndex=173
2024-09-10 06:20:06,527 DEBUG server.RaftServer$Division (RaftServerImpl.java:logAppendEntries(1539)) - s11@group-5D788F7A274C: appendEntries* s0->s11#560-t1,previous=(t:1, i:172),leaderCommit=172,initializing? false,entries: size=1, first=(t:1, i:173), STATEMACHINELOGENTRY, StateMachineLogEntryProto:4517@client-04EF324C57E0
2024-09-10 06:20:06,527 DEBUG server.RaftServer$Division (RaftServerImpl.java:logAppendEntries(1539)) - s4@group-5D788F7A274C: appendEntries* reply s0<-s4#435:OK-t1,SUCCESS,nextIndex=174,followerCommit=172,matchIndex=173
2024-09-10 06:20:06,527 DEBUG server.RaftServer$Division (RaftServerImpl.java:logAppendEntries(1539)) - s11@group-5D788F7A274C: appendEntries* reply s0<-s11#560:OK-t1,SUCCESS,nextIndex=174,followerCommit=172,matchIndex=173
2024-09-10 06:20:06,527 DEBUG server.RaftServer$Division (RaftServerImpl.java:logAppendEntries(1539)) - s2@group-5D788F7A274C: appendEntries* reply s0<-s2#453:OK-t1,SUCCESS,nextIndex=174,followerCommit=172,matchIndex=173
2024-09-10 06:20:06,526 DEBUG server.RaftServer$Division (RaftServerImpl.java:logAppendEntries(1539)) - s7@group-5D788F7A274C: appendEntries* reply s0<-s7#418:OK-t1,SUCCESS,nextIndex=174,followerCommit=172,matchIndex=173
2024-09-10 06:20:06,526 DEBUG server.RaftServer$Division (RaftServerImpl.java:logAppendEntries(1539)) - s1@group-5D788F7A274C: appendEntries* s0->s1#851-t1,previous=(t:1, i:172),leaderCommit=172,initializing? false,entries: size=1, first=(t:1, i:173), STATEMACHINELOGENTRY, StateMachineLogEntryProto:4517@client-04EF324C57E0
2024-09-10 06:20:06,528 DEBUG server.RaftServer$Division (RaftServerImpl.java:logAppendEntries(1539)) - s8@group-5D788F7A274C: appendEntries* s0->s8#521-t1,previous=(t:1, i:172),leaderCommit=172,initializing? false,entries: size=1, first=(t:1, i:173), STATEMACHINELOGENTRY, StateMachineLogEntryProto:4517@client-04EF324C57E0
2024-09-10 06:20:06,527 DEBUG server.RaftServer$Division (RaftServerImpl.java:logAppendEntries(1539)) - s5@group-5D788F7A274C: appendEntries* reply s0<-s5#484:OK-t1,SUCCESS,nextIndex=174,followerCommit=172,matchIndex=173
2024-09-10 06:20:06,528 DEBUG server.RaftServer$Division (RaftServerImpl.java:logAppendEntries(1539)) - s1@group-5D788F7A274C: appendEntries* reply s0<-s1#851:OK-t1,SUCCESS,nextIndex=174,followerCommit=172,matchIndex=173
2024-09-10 06:20:06,528 DEBUG server.RaftServer$Division (RaftServerImpl.java:logAppendEntries(1539)) - s8@group-5D788F7A274C: appendEntries* reply s0<-s8#521:OK-t1,SUCCESS,nextIndex=174,followerCommit=172,matchIndex=173
2024-09-10 06:20:06,528 INFO  statemachine.StateMachine (ArithmeticStateMachine.java:applyTransaction(181)) - LEADER:s0-173: c = √(a^2 + b^2) = 5941
2024-09-10 06:20:06,529 DEBUG server.RaftServer$Division (RaftServerImpl.java:logAppendEntries(1539)) - s14@group-5D788F7A274C: appendEntries* s0->s14#332-t1,previous=(t:1, i:173),leaderCommit=173,initializing? false,entries: size=1, first=(t:1, i:174), METADATAENTRY(c:173)
2024-09-10 06:20:06,529 DEBUG server.RaftServer$Division (RaftServerImpl.java:logAppendEntries(1539)) - s3@group-5D788F7A274C: appendEntries* s0->s3#489-t1,previous=(t:1, i:173),leaderCommit=173,initializing? false,entries: size=1, first=(t:1, i:174), METADATAENTRY(c:173)
2024-09-10 06:20:06,530 DEBUG server.RaftServer$Division (RaftServerImpl.java:logAppendEntries(1539)) - s14@group-5D788F7A274C: appendEntries* reply s0<-s14#332:OK-t1,SUCCESS,nextIndex=175,followerCommit=173,matchIndex=174
2024-09-10 06:20:06,530 DEBUG server.RaftServer$Division (RaftServerImpl.java:logAppendEntries(1539)) - s3@group-5D788F7A274C: appendEntries* reply s0<-s3#489:OK-t1,SUCCESS,nextIndex=175,followerCommit=173,matchIndex=174
2024-09-10 06:20:06,530 DEBUG server.RaftServer$Division (RaftServerImpl.java:logAppendEntries(1539)) - s7@group-5D788F7A274C: appendEntries* s0->s7#425-t1,previous=(t:1, i:173),leaderCommit=173,initializing? false,entries: size=1, first=(t:1, i:174), METADATAENTRY(c:173)
2024-09-10 06:20:06,530 DEBUG server.RaftServer$Division (RaftServerImpl.java:logAppendEntries(1539)) - s13@group-5D788F7A274C: appendEntries* s0->s13#450-t1,previous=(t:1, i:173),leaderCommit=173,initializing? false,entries: size=1, first=(t:1, i:174), METADATAENTRY(c:173)
2024-09-10 06:20:06,530 DEBUG server.RaftServer$Division (RaftServerImpl.java:logAppendEntries(1539)) - s1@group-5D788F7A274C: appendEntries* s0->s1#858-t1,previous=(t:1, i:173),leaderCommit=173,initializing? false,entries: size=1, first=(t:1, i:174), METADATAENTRY(c:173)
2024-09-10 06:20:06,531 DEBUG server.RaftServer$Division (RaftServerImpl.java:logAppendEntries(1539)) - s7@group-5D788F7A274C: appendEntries* reply s0<-s7#425:OK-t1,SUCCESS,nextIndex=175,followerCommit=173,matchIndex=174
2024-09-10 06:20:06,531 DEBUG server.RaftServer$Division (RaftServerImpl.java:logAppendEntries(1539)) - s13@group-5D788F7A274C: appendEntries* reply s0<-s13#450:OK-t1,SUCCESS,nextIndex=175,followerCommit=173,matchIndex=174
2024-09-10 06:20:06,531 DEBUG server.RaftServer$Division (RaftServerImpl.java:logAppendEntries(1539)) - s1@group-5D788F7A274C: appendEntries* reply s0<-s1#858:OK-t1,SUCCESS,nextIndex=175,followerCommit=173,matchIndex=174
2024-09-10 06:20:06,531 DEBUG server.RaftServer$Division (RaftServerImpl.java:logAppendEntries(1539)) - s6@group-5D788F7A274C: appendEntries* s0->s6#507-t1,previous=(t:1, i:173),leaderCommit=173,initializing? false,entries: size=1, first=(t:1, i:174), METADATAENTRY(c:173)
2024-09-10 06:20:06,531 DEBUG server.RaftServer$Division (RaftServerImpl.java:logAppendEntries(1539)) - s6@group-5D788F7A274C: appendEntries* reply s0<-s6#507:OK-t1,SUCCESS,nextIndex=175,followerCommit=173,matchIndex=174
2024-09-10 06:20:06,531 DEBUG server.RaftServer$Division (RaftServerImpl.java:logAppendEntries(1539)) - s4@group-5D788F7A274C: appendEntries* s0->s4#442-t1,previous=(t:1, i:173),leaderCommit=173,initializing? false,entries: size=1, first=(t:1, i:174), METADATAENTRY(c:173)
2024-09-10 06:20:06,531 DEBUG server.RaftServer$Division (RaftServerImpl.java:logAppendEntries(1539)) - s9@group-5D788F7A274C: appendEntries* s0->s9#488-t1,previous=(t:1, i:173),leaderCommit=173,initializing? false,entries: size=1, first=(t:1, i:174), METADATAENTRY(c:173)
2024-09-10 06:20:06,532 DEBUG server.RaftServer$Division (RaftServerImpl.java:logAppendEntries(1539)) - s2@group-5D788F7A274C: appendEntries* s0->s2#460-t1,previous=(t:1, i:173),leaderCommit=173,initializing? false,entries: size=1, first=(t:1, i:174), METADATAENTRY(c:173)
2024-09-10 06:20:06,532 DEBUG server.RaftServer$Division (RaftServerImpl.java:logAppendEntries(1539)) - s12@group-5D788F7A274C: appendEntries* s0->s12#524-t1,previous=(t:1, i:173),leaderCommit=173,initializing? false,entries: size=1, first=(t:1, i:174), METADATAENTRY(c:173)
2024-09-10 06:20:06,532 DEBUG server.RaftServer$Division (RaftServerImpl.java:logAppendEntries(1539)) - s9@group-5D788F7A274C: appendEntries* reply s0<-s9#488:OK-t1,SUCCESS,nextIndex=175,followerCommit=173,matchIndex=174
2024-09-10 06:20:06,532 DEBUG server.RaftServer$Division (RaftServerImpl.java:logAppendEntries(1539)) - s5@group-5D788F7A274C: appendEntries* s0->s5#491-t1,previous=(t:1, i:173),leaderCommit=173,initializing? false,entries: size=1, first=(t:1, i:174), METADATAENTRY(c:173)
2024-09-10 06:20:06,533 DEBUG server.RaftServer$Division (RaftServerImpl.java:logAppendEntries(1539)) - s10@group-5D788F7A274C: appendEntries* s0->s10#929-t1,previous=(t:1, i:173),leaderCommit=173,initializing? false,entries: size=1, first=(t:1, i:174), METADATAENTRY(c:173)
2024-09-10 06:20:06,533 DEBUG server.RaftServer$Division (RaftServerImpl.java:logAppendEntries(1539)) - s11@group-5D788F7A274C: appendEntries* s0->s11#566-t1,previous=(t:1, i:173),leaderCommit=173,initializing? false,entries: size=1, first=(t:1, i:174), METADATAENTRY(c:173)
2024-09-10 06:20:06,533 DEBUG server.RaftServer$Division (RaftServerImpl.java:logAppendEntries(1539)) - s12@group-5D788F7A274C: appendEntries* reply s0<-s12#524:OK-t1,SUCCESS,nextIndex=175,followerCommit=173,matchIndex=174
2024-09-10 06:20:06,533 DEBUG server.RaftServer$Division (RaftServerImpl.java:logAppendEntries(1539)) - s11@group-5D788F7A274C: appendEntries* reply s0<-s11#566:OK-t1,SUCCESS,nextIndex=175,followerCommit=173,matchIndex=174
2024-09-10 06:20:06,533 DEBUG server.RaftServer$Division (RaftServerImpl.java:logAppendEntries(1539)) - s2@group-5D788F7A274C: appendEntries* reply s0<-s2#460:OK-t1,SUCCESS,nextIndex=175,followerCommit=173,matchIndex=174
2024-09-10 06:20:06,533 DEBUG server.RaftServer$Division (RaftServerImpl.java:logAppendEntries(1539)) - s4@group-5D788F7A274C: appendEntries* reply s0<-s4#442:OK-t1,SUCCESS,nextIndex=175,followerCommit=173,matchIndex=174
2024-09-10 06:20:06,533 DEBUG server.RaftServer$Division (RaftServerImpl.java:logAppendEntries(1539)) - s5@group-5D788F7A274C: appendEntries* reply s0<-s5#491:OK-t1,SUCCESS,nextIndex=175,followerCommit=173,matchIndex=174
2024-09-10 06:20:06,533 DEBUG server.RaftServer$Division (RaftServerImpl.java:logAppendEntries(1539)) - s10@group-5D788F7A274C: appendEntries* reply s0<-s10#929:OK-t1,SUCCESS,nextIndex=175,followerCommit=173,matchIndex=174
2024-09-10 06:20:06,534 DEBUG server.RaftServer$Division (RaftServerImpl.java:logAppendEntries(1539)) - s8@group-5D788F7A274C: appendEntries* s0->s8#528-t1,previous=(t:1, i:173),leaderCommit=173,initializing? false,entries: size=1, first=(t:1, i:174), METADATAENTRY(c:173)
2024-09-10 06:20:06,534 DEBUG server.RaftServer$Division (RaftServerImpl.java:logAppendEntries(1539)) - s8@group-5D788F7A274C: appendEntries* reply s0<-s8#528:OK-t1,SUCCESS,nextIndex=175,followerCommit=173,matchIndex=174
2024-09-10 06:20:06,537 DEBUG server.RaftServer$Division (RaftServerImpl.java:submitClientRequestAsync(910)) - s0@group-5D788F7A274C: receive client request(RaftClientRequest:client-04EF324C57E0->s0@group-5D788F7A274C, cid=4518, seq=null, RW, Message:01016100)
2024-09-10 06:20:06,537 DEBUG server.RaftServer$Division (LeaderStateImpl.java:addPendingRequest(532)) - s0@group-5D788F7A274C-LeaderStateImpl: addPendingRequest at RaftClientRequest:client-04EF324C57E0->s0@group-5D788F7A274C, cid=4518, seq=null, RW, Message:01016100, entry=(t:1, i:175), STATEMACHINELOGENTRY, WRITE: logData.size=4, stateMachineData.size=0, logEntryProtoSerializedSize=0
2024-09-10 06:20:06,538 DEBUG server.RaftServer$Division (RaftServerImpl.java:logAppendEntries(1539)) - s1@group-5D788F7A274C: appendEntries* s0->s1#879-t1,previous=(t:1, i:174),leaderCommit=174,initializing? false,entries: size=1, first=(t:1, i:175), STATEMACHINELOGENTRY, StateMachineLogEntryProto:4518@client-04EF324C57E0
2024-09-10 06:20:06,538 DEBUG server.RaftServer$Division (RaftServerImpl.java:logAppendEntries(1539)) - s5@group-5D788F7A274C: appendEntries* s0->s5#510-t1,previous=(t:1, i:174),leaderCommit=174,initializing? false,entries: size=1, first=(t:1, i:175), STATEMACHINELOGENTRY, StateMachineLogEntryProto:4518@client-04EF324C57E0
2024-09-10 06:20:06,538 DEBUG server.RaftServer$Division (RaftServerImpl.java:logAppendEntries(1539)) - s9@group-5D788F7A274C: appendEntries* s0->s9#505-t1,previous=(t:1, i:174),leaderCommit=174,initializing? false,entries: size=1, first=(t:1, i:175), STATEMACHINELOGENTRY, StateMachineLogEntryProto:4518@client-04EF324C57E0
2024-09-10 06:20:06,538 DEBUG server.RaftServer$Division (RaftServerImpl.java:logAppendEntries(1539)) - s2@group-5D788F7A274C: appendEntries* s0->s2#480-t1,previous=(t:1, i:174),leaderCommit=174,initializing? false,entries: size=1, first=(t:1, i:175), STATEMACHINELOGENTRY, StateMachineLogEntryProto:4518@client-04EF324C57E0
2024-09-10 06:20:06,538 DEBUG server.RaftServer$Division (RaftServerImpl.java:logAppendEntries(1539)) - s8@group-5D788F7A274C: appendEntries* s0->s8#549-t1,previous=(t:1, i:174),leaderCommit=174,initializing? false,entries: size=1, first=(t:1, i:175), STATEMACHINELOGENTRY, StateMachineLogEntryProto:4518@client-04EF324C57E0
2024-09-10 06:20:06,538 DEBUG server.RaftServer$Division (RaftServerImpl.java:logAppendEntries(1539)) - s11@group-5D788F7A274C: appendEntries* s0->s11#585-t1,previous=(t:1, i:174),leaderCommit=174,initializing? false,entries: size=1, first=(t:1, i:175), STATEMACHINELOGENTRY, StateMachineLogEntryProto:4518@client-04EF324C57E0
2024-09-10 06:20:06,538 DEBUG server.RaftServer$Division (RaftServerImpl.java:logAppendEntries(1539)) - s3@group-5D788F7A274C: appendEntries* s0->s3#508-t1,previous=(t:1, i:174),leaderCommit=174,initializing? false,entries: size=1, first=(t:1, i:175), STATEMACHINELOGENTRY, StateMachineLogEntryProto:4518@client-04EF324C57E0
2024-09-10 06:20:06,538 DEBUG server.RaftServer$Division (RaftServerImpl.java:logAppendEntries(1539)) - s14@group-5D788F7A274C: appendEntries* s0->s14#343-t1,previous=(t:1, i:174),leaderCommit=174,initializing? false,entries: size=1, first=(t:1, i:175), STATEMACHINELOGENTRY, StateMachineLogEntryProto:4518@client-04EF324C57E0
2024-09-10 06:20:06,539 DEBUG server.RaftServer$Division (RaftServerImpl.java:logAppendEntries(1539)) - s8@group-5D788F7A274C: appendEntries* reply s0<-s8#549:OK-t1,SUCCESS,nextIndex=176,followerCommit=174,matchIndex=175
2024-09-10 06:20:06,539 DEBUG server.RaftServer$Division (RaftServerImpl.java:logAppendEntries(1539)) - s9@group-5D788F7A274C: appendEntries* reply s0<-s9#505:OK-t1,SUCCESS,nextIndex=176,followerCommit=174,matchIndex=175
2024-09-10 06:20:06,539 DEBUG server.RaftServer$Division (RaftServerImpl.java:logAppendEntries(1539)) - s3@group-5D788F7A274C: appendEntries* reply s0<-s3#508:OK-t1,SUCCESS,nextIndex=176,followerCommit=174,matchIndex=175
2024-09-10 06:20:06,539 DEBUG server.RaftServer$Division (RaftServerImpl.java:logAppendEntries(1539)) - s11@group-5D788F7A274C: appendEntries* reply s0<-s11#585:OK-t1,SUCCESS,nextIndex=176,followerCommit=174,matchIndex=175
2024-09-10 06:20:06,539 DEBUG server.RaftServer$Division (RaftServerImpl.java:logAppendEntries(1539)) - s1@group-5D788F7A274C: appendEntries* reply s0<-s1#879:OK-t1,SUCCESS,nextIndex=176,followerCommit=174,matchIndex=175
2024-09-10 06:20:06,539 DEBUG server.RaftServer$Division (RaftServerImpl.java:logAppendEntries(1539)) - s14@group-5D788F7A274C: appendEntries* reply s0<-s14#343:OK-t1,SUCCESS,nextIndex=176,followerCommit=174,matchIndex=175
2024-09-10 06:20:06,539 DEBUG server.RaftServer$Division (RaftServerImpl.java:logAppendEntries(1539)) - s5@group-5D788F7A274C: appendEntries* reply s0<-s5#510:OK-t1,SUCCESS,nextIndex=176,followerCommit=174,matchIndex=175
2024-09-10 06:20:06,539 DEBUG server.RaftServer$Division (RaftServerImpl.java:logAppendEntries(1539)) - s2@group-5D788F7A274C: appendEntries* reply s0<-s2#480:OK-t1,SUCCESS,nextIndex=176,followerCommit=174,matchIndex=175
2024-09-10 06:20:06,539 DEBUG server.RaftServer$Division (RaftServerImpl.java:logAppendEntries(1539)) - s6@group-5D788F7A274C: appendEntries* s0->s6#523-t1,previous=(t:1, i:174),leaderCommit=174,initializing? false,entries: size=1, first=(t:1, i:175), STATEMACHINELOGENTRY, StateMachineLogEntryProto:4518@client-04EF324C57E0
2024-09-10 06:20:06,540 DEBUG server.RaftServer$Division (RaftServerImpl.java:logAppendEntries(1539)) - s10@group-5D788F7A274C: appendEntries* s0->s10#946-t1,previous=(t:1, i:174),leaderCommit=174,initializing? false,entries: size=1, first=(t:1, i:175), STATEMACHINELOGENTRY, StateMachineLogEntryProto:4518@client-04EF324C57E0
2024-09-10 06:20:06,540 DEBUG server.RaftServer$Division (RaftServerImpl.java:logAppendEntries(1539)) - s6@group-5D788F7A274C: appendEntries* reply s0<-s6#523:OK-t1,SUCCESS,nextIndex=176,followerCommit=174,matchIndex=175
2024-09-10 06:20:06,540 DEBUG server.RaftServer$Division (RaftServerImpl.java:logAppendEntries(1539)) - s13@group-5D788F7A274C: appendEntries* s0->s13#465-t1,previous=(t:1, i:174),leaderCommit=174,initializing? false,entries: size=1, first=(t:1, i:175), STATEMACHINELOGENTRY, StateMachineLogEntryProto:4518@client-04EF324C57E0
2024-09-10 06:20:06,540 DEBUG server.RaftServer$Division (RaftServerImpl.java:logAppendEntries(1539)) - s7@group-5D788F7A274C: appendEntries* s0->s7#441-t1,previous=(t:1, i:174),leaderCommit=174,initializing? false,entries: size=1, first=(t:1, i:175), STATEMACHINELOGENTRY, StateMachineLogEntryProto:4518@client-04EF324C57E0
2024-09-10 06:20:06,540 DEBUG server.RaftServer$Division (RaftServerImpl.java:logAppendEntries(1539)) - s12@group-5D788F7A274C: appendEntries* s0->s12#543-t1,previous=(t:1, i:174),leaderCommit=174,initializing? false,entries: size=1, first=(t:1, i:175), STATEMACHINELOGENTRY, StateMachineLogEntryProto:4518@client-04EF324C57E0
2024-09-10 06:20:06,540 DEBUG server.RaftServer$Division (RaftServerImpl.java:logAppendEntries(1539)) - s4@group-5D788F7A274C: appendEntries* s0->s4#462-t1,previous=(t:1, i:174),leaderCommit=174,initializing? false,entries: size=1, first=(t:1, i:175), STATEMACHINELOGENTRY, StateMachineLogEntryProto:4518@client-04EF324C57E0
2024-09-10 06:20:06,541 DEBUG server.RaftServer$Division (RaftServerImpl.java:logAppendEntries(1539)) - s7@group-5D788F7A274C: appendEntries* reply s0<-s7#441:OK-t1,SUCCESS,nextIndex=176,followerCommit=174,matchIndex=175
2024-09-10 06:20:06,541 DEBUG server.RaftServer$Division (RaftServerImpl.java:logAppendEntries(1539)) - s12@group-5D788F7A274C: appendEntries* reply s0<-s12#543:OK-t1,SUCCESS,nextIndex=176,followerCommit=174,matchIndex=175
2024-09-10 06:20:06,541 DEBUG server.RaftServer$Division (RaftServerImpl.java:logAppendEntries(1539)) - s4@group-5D788F7A274C: appendEntries* reply s0<-s4#462:OK-t1,SUCCESS,nextIndex=176,followerCommit=174,matchIndex=175
2024-09-10 06:20:06,541 DEBUG server.RaftServer$Division (RaftServerImpl.java:logAppendEntries(1539)) - s10@group-5D788F7A274C: appendEntries* reply s0<-s10#946:OK-t1,SUCCESS,nextIndex=176,followerCommit=174,matchIndex=175
2024-09-10 06:20:06,541 DEBUG server.RaftServer$Division (RaftServerImpl.java:logAppendEntries(1539)) - s13@group-5D788F7A274C: appendEntries* reply s0<-s13#465:OK-t1,SUCCESS,nextIndex=176,followerCommit=174,matchIndex=175
2024-09-10 06:20:06,541 INFO  statemachine.StateMachine (ArithmeticStateMachine.java:applyTransaction(181)) - LEADER:s0-175: a = null = null
2024-09-10 06:20:06,542 DEBUG server.RaftServer$Division (RaftServerImpl.java:logAppendEntries(1539)) - s3@group-5D788F7A274C: appendEntries* s0->s3#510-t1,previous=(t:1, i:175),leaderCommit=175,initializing? false,entries: size=1, first=(t:1, i:176), METADATAENTRY(c:175)
2024-09-10 06:20:06,542 DEBUG server.RaftServer$Division (RaftServerImpl.java:logAppendEntries(1539)) - s10@group-5D788F7A274C: appendEntries* s0->s10#954-t1,previous=(t:1, i:175),leaderCommit=175,initializing? false,entries: size=1, first=(t:1, i:176), METADATAENTRY(c:175)
2024-09-10 06:20:06,543 DEBUG server.RaftServer$Division (RaftServerImpl.java:logAppendEntries(1539)) - s3@group-5D788F7A274C: appendEntries* reply s0<-s3#510:OK-t1,SUCCESS,nextIndex=177,followerCommit=175,matchIndex=176
2024-09-10 06:20:06,543 DEBUG server.RaftServer$Division (RaftServerImpl.java:logAppendEntries(1539)) - s9@group-5D788F7A274C: appendEntries* s0->s9#507-t1,previous=(t:1, i:175),leaderCommit=175,initializing? false,entries: size=1, first=(t:1, i:176), METADATAENTRY(c:175)
2024-09-10 06:20:06,543 DEBUG server.RaftServer$Division (RaftServerImpl.java:logAppendEntries(1539)) - s4@group-5D788F7A274C: appendEntries* s0->s4#468-t1,previous=(t:1, i:175),leaderCommit=175,initializing? false,entries: size=1, first=(t:1, i:176), METADATAENTRY(c:175)
2024-09-10 06:20:06,543 DEBUG server.RaftServer$Division (RaftServerImpl.java:logAppendEntries(1539)) - s12@group-5D788F7A274C: appendEntries* s0->s12#548-t1,previous=(t:1, i:175),leaderCommit=175,initializing? false,entries: size=1, first=(t:1, i:176), METADATAENTRY(c:175)
2024-09-10 06:20:06,543 DEBUG server.RaftServer$Division (RaftServerImpl.java:logAppendEntries(1539)) - s2@group-5D788F7A274C: appendEntries* s0->s2#483-t1,previous=(t:1, i:175),leaderCommit=175,initializing? false,entries: size=1, first=(t:1, i:176), METADATAENTRY(c:175)
2024-09-10 06:20:06,543 DEBUG server.RaftServer$Division (RaftServerImpl.java:logAppendEntries(1539)) - s1@group-5D788F7A274C: appendEntries* s0->s1#887-t1,previous=(t:1, i:175),leaderCommit=175,initializing? false,entries: size=1, first=(t:1, i:176), METADATAENTRY(c:175)
2024-09-10 06:20:06,543 DEBUG server.RaftServer$Division (RaftServerImpl.java:logAppendEntries(1539)) - s14@group-5D788F7A274C: appendEntries* s0->s14#344-t1,previous=(t:1, i:175),leaderCommit=175,initializing? false,entries: size=1, first=(t:1, i:176), METADATAENTRY(c:175)
2024-09-10 06:20:06,544 DEBUG server.RaftServer$Division (RaftServerImpl.java:logAppendEntries(1539)) - s9@group-5D788F7A274C: appendEntries* reply s0<-s9#507:OK-t1,SUCCESS,nextIndex=177,followerCommit=175,matchIndex=176
2024-09-10 06:20:06,543 DEBUG server.RaftServer$Division (RaftServerImpl.java:logAppendEntries(1539)) - s8@group-5D788F7A274C: appendEntries* s0->s8#555-t1,previous=(t:1, i:175),leaderCommit=175,initializing? false,entries: size=1, first=(t:1, i:176), METADATAENTRY(c:175)
2024-09-10 06:20:06,544 DEBUG server.RaftServer$Division (RaftServerImpl.java:logAppendEntries(1539)) - s1@group-5D788F7A274C: appendEntries* reply s0<-s1#887:OK-t1,SUCCESS,nextIndex=177,followerCommit=175,matchIndex=176
2024-09-10 06:20:06,544 DEBUG server.RaftServer$Division (RaftServerImpl.java:logAppendEntries(1539)) - s12@group-5D788F7A274C: appendEntries* reply s0<-s12#548:OK-t1,SUCCESS,nextIndex=177,followerCommit=175,matchIndex=176
2024-09-10 06:20:06,544 DEBUG server.RaftServer$Division (RaftServerImpl.java:logAppendEntries(1539)) - s14@group-5D788F7A274C: appendEntries* reply s0<-s14#344:OK-t1,SUCCESS,nextIndex=177,followerCommit=175,matchIndex=176
2024-09-10 06:20:06,544 DEBUG server.RaftServer$Division (RaftServerImpl.java:logAppendEntries(1539)) - s2@group-5D788F7A274C: appendEntries* reply s0<-s2#483:OK-t1,SUCCESS,nextIndex=177,followerCommit=175,matchIndex=176
2024-09-10 06:20:06,544 DEBUG server.RaftServer$Division (RaftServerImpl.java:logAppendEntries(1539)) - s8@group-5D788F7A274C: appendEntries* reply s0<-s8#555:OK-t1,SUCCESS,nextIndex=177,followerCommit=175,matchIndex=176
2024-09-10 06:20:06,544 DEBUG server.RaftServer$Division (RaftServerImpl.java:logAppendEntries(1539)) - s10@group-5D788F7A274C: appendEntries* reply s0<-s10#954:OK-t1,SUCCESS,nextIndex=177,followerCommit=175,matchIndex=176
2024-09-10 06:20:06,544 DEBUG server.RaftServer$Division (RaftServerImpl.java:logAppendEntries(1539)) - s4@group-5D788F7A274C: appendEntries* reply s0<-s4#468:OK-t1,SUCCESS,nextIndex=177,followerCommit=175,matchIndex=176
2024-09-10 06:20:06,545 DEBUG server.RaftServer$Division (RaftServerImpl.java:logAppendEntries(1539)) - s6@group-5D788F7A274C: appendEntries* s0->s6#527-t1,previous=(t:1, i:175),leaderCommit=175,initializing? false,entries: size=1, first=(t:1, i:176), METADATAENTRY(c:175)
2024-09-10 06:20:06,545 DEBUG server.RaftServer$Division (RaftServerImpl.java:logAppendEntries(1539)) - s6@group-5D788F7A274C: appendEntries* reply s0<-s6#527:OK-t1,SUCCESS,nextIndex=177,followerCommit=175,matchIndex=176
2024-09-10 06:20:06,546 DEBUG server.RaftServer$Division (RaftServerImpl.java:logAppendEntries(1539)) - s5@group-5D788F7A274C: appendEntries* s0->s5#514-t1,previous=(t:1, i:175),leaderCommit=175,initializing? false,entries: size=1, first=(t:1, i:176), METADATAENTRY(c:175)
2024-09-10 06:20:06,546 DEBUG server.RaftServer$Division (RaftServerImpl.java:logAppendEntries(1539)) - s5@group-5D788F7A274C: appendEntries* reply s0<-s5#514:OK-t1,SUCCESS,nextIndex=177,followerCommit=175,matchIndex=176
2024-09-10 06:20:06,546 DEBUG server.RaftServer$Division (RaftServerImpl.java:logAppendEntries(1539)) - s11@group-5D788F7A274C: appendEntries* s0->s11#590-t1,previous=(t:1, i:175),leaderCommit=175,initializing? false,entries: size=1, first=(t:1, i:176), METADATAENTRY(c:175)
2024-09-10 06:20:06,547 DEBUG server.RaftServer$Division (RaftServerImpl.java:logAppendEntries(1539)) - s11@group-5D788F7A274C: appendEntries* reply s0<-s11#590:OK-t1,SUCCESS,nextIndex=177,followerCommit=175,matchIndex=176
2024-09-10 06:20:06,547 DEBUG server.RaftServer$Division (RaftServerImpl.java:logAppendEntries(1539)) - s13@group-5D788F7A274C: appendEntries* s0->s13#470-t1,previous=(t:1, i:175),leaderCommit=175,initializing? false,entries: size=1, first=(t:1, i:176), METADATAENTRY(c:175)
2024-09-10 06:20:06,547 DEBUG server.RaftServer$Division (RaftServerImpl.java:logAppendEntries(1539)) - s7@group-5D788F7A274C: appendEntries* s0->s7#447-t1,previous=(t:1, i:175),leaderCommit=175,initializing? false,entries: size=1, first=(t:1, i:176), METADATAENTRY(c:175)
2024-09-10 06:20:06,548 DEBUG server.RaftServer$Division (RaftServerImpl.java:logAppendEntries(1539)) - s13@group-5D788F7A274C: appendEntries* reply s0<-s13#470:OK-t1,SUCCESS,nextIndex=177,followerCommit=175,matchIndex=176
2024-09-10 06:20:06,548 DEBUG server.RaftServer$Division (RaftServerImpl.java:logAppendEntries(1539)) - s7@group-5D788F7A274C: appendEntries* reply s0<-s7#447:OK-t1,SUCCESS,nextIndex=177,followerCommit=175,matchIndex=176
2024-09-10 06:20:06,549 DEBUG server.RaftServer$Division (RaftServerImpl.java:submitClientRequestAsync(910)) - s0@group-5D788F7A274C: receive client request(RaftClientRequest:client-04EF324C57E0->s0@group-5D788F7A274C, cid=4519, seq=null, RW, Message:01016200)
2024-09-10 06:20:06,549 DEBUG server.RaftServer$Division (LeaderStateImpl.java:addPendingRequest(532)) - s0@group-5D788F7A274C-LeaderStateImpl: addPendingRequest at RaftClientRequest:client-04EF324C57E0->s0@group-5D788F7A274C, cid=4519, seq=null, RW, Message:01016200, entry=(t:1, i:177), STATEMACHINELOGENTRY, WRITE: logData.size=4, stateMachineData.size=0, logEntryProtoSerializedSize=0
2024-09-10 06:20:06,550 DEBUG server.RaftServer$Division (RaftServerImpl.java:logAppendEntries(1539)) - s3@group-5D788F7A274C: appendEntries* s0->s3#521-t1,previous=(t:1, i:176),leaderCommit=176,initializing? false,entries: size=1, first=(t:1, i:177), STATEMACHINELOGENTRY, StateMachineLogEntryProto:4519@client-04EF324C57E0
2024-09-10 06:20:06,550 DEBUG server.RaftServer$Division (RaftServerImpl.java:logAppendEntries(1539)) - s9@group-5D788F7A274C: appendEntries* s0->s9#524-t1,previous=(t:1, i:176),leaderCommit=176,initializing? false,entries: size=1, first=(t:1, i:177), STATEMACHINELOGENTRY, StateMachineLogEntryProto:4519@client-04EF324C57E0
2024-09-10 06:20:06,551 DEBUG server.RaftServer$Division (RaftServerImpl.java:logAppendEntries(1539)) - s2@group-5D788F7A274C: appendEntries* s0->s2#501-t1,previous=(t:1, i:176),leaderCommit=176,initializing? false,entries: size=1, first=(t:1, i:177), STATEMACHINELOGENTRY, StateMachineLogEntryProto:4519@client-04EF324C57E0
2024-09-10 06:20:06,551 DEBUG server.RaftServer$Division (RaftServerImpl.java:logAppendEntries(1539)) - s6@group-5D788F7A274C: appendEntries* s0->s6#545-t1,previous=(t:1, i:176),leaderCommit=176,initializing? false,entries: size=1, first=(t:1, i:177), STATEMACHINELOGENTRY, StateMachineLogEntryProto:4519@client-04EF324C57E0
2024-09-10 06:20:06,550 DEBUG server.RaftServer$Division (RaftServerImpl.java:logAppendEntries(1539)) - s14@group-5D788F7A274C: appendEntries* s0->s14#353-t1,previous=(t:1, i:176),leaderCommit=176,initializing? false,entries: size=1, first=(t:1, i:177), STATEMACHINELOGENTRY, StateMachineLogEntryProto:4519@client-04EF324C57E0
2024-09-10 06:20:06,551 DEBUG server.RaftServer$Division (RaftServerImpl.java:logAppendEntries(1539)) - s5@group-5D788F7A274C: appendEntries* s0->s5#532-t1,previous=(t:1, i:176),leaderCommit=176,initializing? false,entries: size=1, first=(t:1, i:177), STATEMACHINELOGENTRY, StateMachineLogEntryProto:4519@client-04EF324C57E0
2024-09-10 06:20:06,551 DEBUG server.RaftServer$Division (RaftServerImpl.java:logAppendEntries(1539)) - s7@group-5D788F7A274C: appendEntries* s0->s7#466-t1,previous=(t:1, i:176),leaderCommit=176,initializing? false,entries: size=1, first=(t:1, i:177), STATEMACHINELOGENTRY, StateMachineLogEntryProto:4519@client-04EF324C57E0
2024-09-10 06:20:06,551 DEBUG server.RaftServer$Division (RaftServerImpl.java:logAppendEntries(1539)) - s1@group-5D788F7A274C: appendEntries* s0->s1#903-t1,previous=(t:1, i:176),leaderCommit=176,initializing? false,entries: size=1, first=(t:1, i:177), STATEMACHINELOGENTRY, StateMachineLogEntryProto:4519@client-04EF324C57E0
2024-09-10 06:20:06,551 DEBUG server.RaftServer$Division (RaftServerImpl.java:logAppendEntries(1539)) - s13@group-5D788F7A274C: appendEntries* s0->s13#486-t1,previous=(t:1, i:176),leaderCommit=176,initializing? false,entries: size=1, first=(t:1, i:177), STATEMACHINELOGENTRY, StateMachineLogEntryProto:4519@client-04EF324C57E0
2024-09-10 06:20:06,551 DEBUG server.RaftServer$Division (RaftServerImpl.java:logAppendEntries(1539)) - s7@group-5D788F7A274C: appendEntries* reply s0<-s7#466:OK-t1,SUCCESS,nextIndex=178,followerCommit=176,matchIndex=177
2024-09-10 06:20:06,551 DEBUG server.RaftServer$Division (RaftServerImpl.java:logAppendEntries(1539)) - s14@group-5D788F7A274C: appendEntries* reply s0<-s14#353:OK-t1,SUCCESS,nextIndex=178,followerCommit=176,matchIndex=177
2024-09-10 06:20:06,551 DEBUG server.RaftServer$Division (RaftServerImpl.java:logAppendEntries(1539)) - s6@group-5D788F7A274C: appendEntries* reply s0<-s6#545:OK-t1,SUCCESS,nextIndex=178,followerCommit=176,matchIndex=177
2024-09-10 06:20:06,551 DEBUG server.RaftServer$Division (RaftServerImpl.java:logAppendEntries(1539)) - s9@group-5D788F7A274C: appendEntries* reply s0<-s9#524:OK-t1,SUCCESS,nextIndex=178,followerCommit=176,matchIndex=177
2024-09-10 06:20:06,552 DEBUG server.RaftServer$Division (RaftServerImpl.java:logAppendEntries(1539)) - s2@group-5D788F7A274C: appendEntries* reply s0<-s2#501:OK-t1,SUCCESS,nextIndex=178,followerCommit=176,matchIndex=177
2024-09-10 06:20:06,551 DEBUG server.RaftServer$Division (RaftServerImpl.java:logAppendEntries(1539)) - s3@group-5D788F7A274C: appendEntries* reply s0<-s3#521:OK-t1,SUCCESS,nextIndex=178,followerCommit=176,matchIndex=177
2024-09-10 06:20:06,551 DEBUG server.RaftServer$Division (RaftServerImpl.java:logAppendEntries(1539)) - s5@group-5D788F7A274C: appendEntries* reply s0<-s5#532:OK-t1,SUCCESS,nextIndex=178,followerCommit=176,matchIndex=177
2024-09-10 06:20:06,551 DEBUG server.RaftServer$Division (RaftServerImpl.java:logAppendEntries(1539)) - s1@group-5D788F7A274C: appendEntries* reply s0<-s1#903:OK-t1,SUCCESS,nextIndex=178,followerCommit=176,matchIndex=177
2024-09-10 06:20:06,552 DEBUG server.RaftServer$Division (RaftServerImpl.java:logAppendEntries(1539)) - s13@group-5D788F7A274C: appendEntries* reply s0<-s13#486:OK-t1,SUCCESS,nextIndex=178,followerCommit=176,matchIndex=177
2024-09-10 06:20:06,553 DEBUG server.RaftServer$Division (RaftServerImpl.java:logAppendEntries(1539)) - s10@group-5D788F7A274C: appendEntries* s0->s10#967-t1,previous=(t:1, i:176),leaderCommit=176,initializing? false,entries: size=1, first=(t:1, i:177), STATEMACHINELOGENTRY, StateMachineLogEntryProto:4519@client-04EF324C57E0
2024-09-10 06:20:06,553 DEBUG server.RaftServer$Division (RaftServerImpl.java:logAppendEntries(1539)) - s12@group-5D788F7A274C: appendEntries* s0->s12#562-t1,previous=(t:1, i:176),leaderCommit=176,initializing? false,entries: size=1, first=(t:1, i:177), STATEMACHINELOGENTRY, StateMachineLogEntryProto:4519@client-04EF324C57E0
2024-09-10 06:20:06,553 DEBUG server.RaftServer$Division (RaftServerImpl.java:logAppendEntries(1539)) - s8@group-5D788F7A274C: appendEntries* s0->s8#574-t1,previous=(t:1, i:176),leaderCommit=176,initializing? false,entries: size=1, first=(t:1, i:177), STATEMACHINELOGENTRY, StateMachineLogEntryProto:4519@client-04EF324C57E0
2024-09-10 06:20:06,553 DEBUG server.RaftServer$Division (RaftServerImpl.java:logAppendEntries(1539)) - s4@group-5D788F7A274C: appendEntries* s0->s4#482-t1,previous=(t:1, i:176),leaderCommit=176,initializing? false,entries: size=1, first=(t:1, i:177), STATEMACHINELOGENTRY, StateMachineLogEntryProto:4519@client-04EF324C57E0
2024-09-10 06:20:06,553 DEBUG server.RaftServer$Division (RaftServerImpl.java:logAppendEntries(1539)) - s12@group-5D788F7A274C: appendEntries* reply s0<-s12#562:OK-t1,SUCCESS,nextIndex=178,followerCommit=176,matchIndex=177
2024-09-10 06:20:06,553 DEBUG server.RaftServer$Division (RaftServerImpl.java:logAppendEntries(1539)) - s8@group-5D788F7A274C: appendEntries* reply s0<-s8#574:OK-t1,SUCCESS,nextIndex=178,followerCommit=176,matchIndex=177
2024-09-10 06:20:06,553 DEBUG server.RaftServer$Division (RaftServerImpl.java:logAppendEntries(1539)) - s11@group-5D788F7A274C: appendEntries* s0->s11#606-t1,previous=(t:1, i:176),leaderCommit=176,initializing? false,entries: size=1, first=(t:1, i:177), STATEMACHINELOGENTRY, StateMachineLogEntryProto:4519@client-04EF324C57E0
2024-09-10 06:20:06,553 DEBUG server.RaftServer$Division (RaftServerImpl.java:logAppendEntries(1539)) - s4@group-5D788F7A274C: appendEntries* reply s0<-s4#482:OK-t1,SUCCESS,nextIndex=178,followerCommit=176,matchIndex=177
2024-09-10 06:20:06,553 DEBUG server.RaftServer$Division (RaftServerImpl.java:logAppendEntries(1539)) - s10@group-5D788F7A274C: appendEntries* reply s0<-s10#967:OK-t1,SUCCESS,nextIndex=178,followerCommit=176,matchIndex=177
2024-09-10 06:20:06,554 INFO  statemachine.StateMachine (ArithmeticStateMachine.java:applyTransaction(181)) - LEADER:s0-177: b = null = null
2024-09-10 06:20:06,554 DEBUG server.RaftServer$Division (RaftServerImpl.java:logAppendEntries(1539)) - s11@group-5D788F7A274C: appendEntries* reply s0<-s11#606:OK-t1,SUCCESS,nextIndex=178,followerCommit=176,matchIndex=177
2024-09-10 06:20:06,555 DEBUG server.RaftServer$Division (RaftServerImpl.java:logAppendEntries(1539)) - s14@group-5D788F7A274C: appendEntries* s0->s14#354-t1,previous=(t:1, i:177),leaderCommit=177,initializing? false,entries: size=1, first=(t:1, i:178), METADATAENTRY(c:177)
2024-09-10 06:20:06,555 DEBUG server.RaftServer$Division (RaftServerImpl.java:logAppendEntries(1539)) - s5@group-5D788F7A274C: appendEntries* s0->s5#535-t1,previous=(t:1, i:177),leaderCommit=177,initializing? false,entries: size=1, first=(t:1, i:178), METADATAENTRY(c:177)
2024-09-10 06:20:06,555 DEBUG server.RaftServer$Division (RaftServerImpl.java:logAppendEntries(1539)) - s7@group-5D788F7A274C: appendEntries* s0->s7#468-t1,previous=(t:1, i:177),leaderCommit=177,initializing? false,entries: size=1, first=(t:1, i:178), METADATAENTRY(c:177)
2024-09-10 06:20:06,555 DEBUG server.RaftServer$Division (RaftServerImpl.java:logAppendEntries(1539)) - s13@group-5D788F7A274C: appendEntries* s0->s13#490-t1,previous=(t:1, i:177),leaderCommit=177,initializing? false,entries: size=1, first=(t:1, i:178), METADATAENTRY(c:177)
2024-09-10 06:20:06,556 DEBUG server.RaftServer$Division (RaftServerImpl.java:logAppendEntries(1539)) - s5@group-5D788F7A274C: appendEntries* reply s0<-s5#535:OK-t1,SUCCESS,nextIndex=179,followerCommit=177,matchIndex=178
2024-09-10 06:20:06,556 DEBUG server.RaftServer$Division (RaftServerImpl.java:logAppendEntries(1539)) - s13@group-5D788F7A274C: appendEntries* reply s0<-s13#490:OK-t1,SUCCESS,nextIndex=179,followerCommit=177,matchIndex=178
2024-09-10 06:20:06,556 DEBUG server.RaftServer$Division (RaftServerImpl.java:logAppendEntries(1539)) - s14@group-5D788F7A274C: appendEntries* reply s0<-s14#354:OK-t1,SUCCESS,nextIndex=179,followerCommit=177,matchIndex=178
2024-09-10 06:20:06,556 DEBUG server.RaftServer$Division (RaftServerImpl.java:logAppendEntries(1539)) - s7@group-5D788F7A274C: appendEntries* reply s0<-s7#468:OK-t1,SUCCESS,nextIndex=179,followerCommit=177,matchIndex=178
2024-09-10 06:20:06,556 DEBUG server.RaftServer$Division (RaftServerImpl.java:logAppendEntries(1539)) - s6@group-5D788F7A274C: appendEntries* s0->s6#546-t1,previous=(t:1, i:177),leaderCommit=177,initializing? false,entries: size=1, first=(t:1, i:178), METADATAENTRY(c:177)
2024-09-10 06:20:06,557 DEBUG server.RaftServer$Division (RaftServerImpl.java:logAppendEntries(1539)) - s1@group-5D788F7A274C: appendEntries* s0->s1#907-t1,previous=(t:1, i:177),leaderCommit=177,initializing? false,entries: size=1, first=(t:1, i:178), METADATAENTRY(c:177)
2024-09-10 06:20:06,557 DEBUG server.RaftServer$Division (RaftServerImpl.java:logAppendEntries(1539)) - s9@group-5D788F7A274C: appendEntries* s0->s9#530-t1,previous=(t:1, i:177),leaderCommit=177,initializing? false,entries: size=1, first=(t:1, i:178), METADATAENTRY(c:177)
2024-09-10 06:20:06,557 DEBUG server.RaftServer$Division (RaftServerImpl.java:logAppendEntries(1539)) - s6@group-5D788F7A274C: appendEntries* reply s0<-s6#546:OK-t1,SUCCESS,nextIndex=179,followerCommit=177,matchIndex=178
2024-09-10 06:20:06,557 DEBUG server.RaftServer$Division (RaftServerImpl.java:logAppendEntries(1539)) - s1@group-5D788F7A274C: appendEntries* reply s0<-s1#907:OK-t1,SUCCESS,nextIndex=179,followerCommit=177,matchIndex=178
2024-09-10 06:20:06,557 DEBUG server.RaftServer$Division (RaftServerImpl.java:logAppendEntries(1539)) - s9@group-5D788F7A274C: appendEntries* reply s0<-s9#530:OK-t1,SUCCESS,nextIndex=179,followerCommit=177,matchIndex=178
2024-09-10 06:20:06,558 DEBUG server.RaftServer$Division (RaftServerImpl.java:logAppendEntries(1539)) - s3@group-5D788F7A274C: appendEntries* s0->s3#527-t1,previous=(t:1, i:177),leaderCommit=177,initializing? false,entries: size=1, first=(t:1, i:178), METADATAENTRY(c:177)
2024-09-10 06:20:06,558 DEBUG server.RaftServer$Division (RaftServerImpl.java:logAppendEntries(1539)) - s3@group-5D788F7A274C: appendEntries* reply s0<-s3#527:OK-t1,SUCCESS,nextIndex=179,followerCommit=177,matchIndex=178
2024-09-10 06:20:06,558 DEBUG server.RaftServer$Division (RaftServerImpl.java:logAppendEntries(1539)) - s2@group-5D788F7A274C: appendEntries* s0->s2#507-t1,previous=(t:1, i:177),leaderCommit=177,initializing? false,entries: size=1, first=(t:1, i:178), METADATAENTRY(c:177)
2024-09-10 06:20:06,559 DEBUG server.RaftServer$Division (RaftServerImpl.java:logAppendEntries(1539)) - s4@group-5D788F7A274C: appendEntries* s0->s4#488-t1,previous=(t:1, i:177),leaderCommit=177,initializing? false,entries: size=1, first=(t:1, i:178), METADATAENTRY(c:177)
2024-09-10 06:20:06,559 DEBUG server.RaftServer$Division (RaftServerImpl.java:logAppendEntries(1539)) - s10@group-5D788F7A274C: appendEntries* s0->s10#973-t1,previous=(t:1, i:177),leaderCommit=177,initializing? false,entries: size=1, first=(t:1, i:178), METADATAENTRY(c:177)
2024-09-10 06:20:06,559 DEBUG server.RaftServer$Division (RaftServerImpl.java:logAppendEntries(1539)) - s11@group-5D788F7A274C: appendEntries* s0->s11#612-t1,previous=(t:1, i:177),leaderCommit=177,initializing? false,entries: size=1, first=(t:1, i:178), METADATAENTRY(c:177)
2024-09-10 06:20:06,559 DEBUG server.RaftServer$Division (RaftServerImpl.java:logAppendEntries(1539)) - s2@group-5D788F7A274C: appendEntries* reply s0<-s2#507:OK-t1,SUCCESS,nextIndex=179,followerCommit=177,matchIndex=178
2024-09-10 06:20:06,559 DEBUG server.RaftServer$Division (RaftServerImpl.java:logAppendEntries(1539)) - s8@group-5D788F7A274C: appendEntries* s0->s8#580-t1,previous=(t:1, i:177),leaderCommit=177,initializing? false,entries: size=1, first=(t:1, i:178), METADATAENTRY(c:177)
2024-09-10 06:20:06,559 DEBUG server.RaftServer$Division (RaftServerImpl.java:logAppendEntries(1539)) - s10@group-5D788F7A274C: appendEntries* reply s0<-s10#973:OK-t1,SUCCESS,nextIndex=179,followerCommit=177,matchIndex=178
2024-09-10 06:20:06,560 DEBUG server.RaftServer$Division (RaftServerImpl.java:logAppendEntries(1539)) - s8@group-5D788F7A274C: appendEntries* reply s0<-s8#580:OK-t1,SUCCESS,nextIndex=179,followerCommit=177,matchIndex=178
2024-09-10 06:20:06,559 DEBUG server.RaftServer$Division (RaftServerImpl.java:logAppendEntries(1539)) - s12@group-5D788F7A274C: appendEntries* s0->s12#568-t1,previous=(t:1, i:177),leaderCommit=177,initializing? false,entries: size=1, first=(t:1, i:178), METADATAENTRY(c:177)
2024-09-10 06:20:06,560 DEBUG server.RaftServer$Division (RaftServerImpl.java:logAppendEntries(1539)) - s11@group-5D788F7A274C: appendEntries* reply s0<-s11#612:OK-t1,SUCCESS,nextIndex=179,followerCommit=177,matchIndex=178
2024-09-10 06:20:06,559 DEBUG server.RaftServer$Division (RaftServerImpl.java:logAppendEntries(1539)) - s4@group-5D788F7A274C: appendEntries* reply s0<-s4#488:OK-t1,SUCCESS,nextIndex=179,followerCommit=177,matchIndex=178
2024-09-10 06:20:06,560 DEBUG server.RaftServer$Division (RaftServerImpl.java:logAppendEntries(1539)) - s12@group-5D788F7A274C: appendEntries* reply s0<-s12#568:OK-t1,SUCCESS,nextIndex=179,followerCommit=177,matchIndex=178
2024-09-10 06:20:06,562 DEBUG server.RaftServer$Division (RaftServerImpl.java:submitClientRequestAsync(910)) - s0@group-5D788F7A274C: receive client request(RaftClientRequest:client-04EF324C57E0->s0@group-5D788F7A274C, cid=4520, seq=null, RW, Message:01016300)
2024-09-10 06:20:06,562 DEBUG server.RaftServer$Division (LeaderStateImpl.java:addPendingRequest(532)) - s0@group-5D788F7A274C-LeaderStateImpl: addPendingRequest at RaftClientRequest:client-04EF324C57E0->s0@group-5D788F7A274C, cid=4520, seq=null, RW, Message:01016300, entry=(t:1, i:179), STATEMACHINELOGENTRY, WRITE: logData.size=4, stateMachineData.size=0, logEntryProtoSerializedSize=0
2024-09-10 06:20:06,563 DEBUG server.RaftServer$Division (RaftServerImpl.java:logAppendEntries(1539)) - s13@group-5D788F7A274C: appendEntries* s0->s13#503-t1,previous=(t:1, i:178),leaderCommit=178,initializing? false,entries: size=1, first=(t:1, i:179), STATEMACHINELOGENTRY, StateMachineLogEntryProto:4520@client-04EF324C57E0
2024-09-10 06:20:06,563 DEBUG server.RaftServer$Division (RaftServerImpl.java:logAppendEntries(1539)) - s14@group-5D788F7A274C: appendEntries* s0->s14#367-t1,previous=(t:1, i:178),leaderCommit=178,initializing? false,entries: size=1, first=(t:1, i:179), STATEMACHINELOGENTRY, StateMachineLogEntryProto:4520@client-04EF324C57E0
2024-09-10 06:20:06,563 DEBUG server.RaftServer$Division (RaftServerImpl.java:logAppendEntries(1539)) - s4@group-5D788F7A274C: appendEntries* s0->s4#509-t1,previous=(t:1, i:178),leaderCommit=178,initializing? false,entries: size=1, first=(t:1, i:179), STATEMACHINELOGENTRY, StateMachineLogEntryProto:4520@client-04EF324C57E0
2024-09-10 06:20:06,563 DEBUG server.RaftServer$Division (RaftServerImpl.java:logAppendEntries(1539)) - s10@group-5D788F7A274C: appendEntries* s0->s10#991-t1,previous=(t:1, i:178),leaderCommit=178,initializing? false,entries: size=1, first=(t:1, i:179), STATEMACHINELOGENTRY, StateMachineLogEntryProto:4520@client-04EF324C57E0
2024-09-10 06:20:06,563 DEBUG server.RaftServer$Division (RaftServerImpl.java:logAppendEntries(1539)) - s14@group-5D788F7A274C: appendEntries* reply s0<-s14#367:OK-t1,SUCCESS,nextIndex=180,followerCommit=178,matchIndex=179
2024-09-10 06:20:06,564 DEBUG server.RaftServer$Division (RaftServerImpl.java:logAppendEntries(1539)) - s9@group-5D788F7A274C: appendEntries* s0->s9#549-t1,previous=(t:1, i:178),leaderCommit=178,initializing? false,entries: size=1, first=(t:1, i:179), STATEMACHINELOGENTRY, StateMachineLogEntryProto:4520@client-04EF324C57E0
2024-09-10 06:20:06,563 DEBUG server.RaftServer$Division (RaftServerImpl.java:logAppendEntries(1539)) - s12@group-5D788F7A274C: appendEntries* s0->s12#589-t1,previous=(t:1, i:178),leaderCommit=178,initializing? false,entries: size=1, first=(t:1, i:179), STATEMACHINELOGENTRY, StateMachineLogEntryProto:4520@client-04EF324C57E0
2024-09-10 06:20:06,564 DEBUG server.RaftServer$Division (RaftServerImpl.java:logAppendEntries(1539)) - s1@group-5D788F7A274C: appendEntries* s0->s1#926-t1,previous=(t:1, i:178),leaderCommit=178,initializing? false,entries: size=1, first=(t:1, i:179), STATEMACHINELOGENTRY, StateMachineLogEntryProto:4520@client-04EF324C57E0
2024-09-10 06:20:06,564 DEBUG server.RaftServer$Division (RaftServerImpl.java:logAppendEntries(1539)) - s9@group-5D788F7A274C: appendEntries* reply s0<-s9#549:OK-t1,SUCCESS,nextIndex=180,followerCommit=178,matchIndex=179
2024-09-10 06:20:06,564 DEBUG server.RaftServer$Division (RaftServerImpl.java:logAppendEntries(1539)) - s3@group-5D788F7A274C: appendEntries* s0->s3#546-t1,previous=(t:1, i:178),leaderCommit=178,initializing? false,entries: size=1, first=(t:1, i:179), STATEMACHINELOGENTRY, StateMachineLogEntryProto:4520@client-04EF324C57E0
2024-09-10 06:20:06,564 DEBUG server.RaftServer$Division (RaftServerImpl.java:logAppendEntries(1539)) - s4@group-5D788F7A274C: appendEntries* reply s0<-s4#509:OK-t1,SUCCESS,nextIndex=180,followerCommit=178,matchIndex=179
2024-09-10 06:20:06,564 DEBUG server.RaftServer$Division (RaftServerImpl.java:logAppendEntries(1539)) - s10@group-5D788F7A274C: appendEntries* reply s0<-s10#991:OK-t1,SUCCESS,nextIndex=180,followerCommit=178,matchIndex=179
2024-09-10 06:20:06,564 DEBUG server.RaftServer$Division (RaftServerImpl.java:logAppendEntries(1539)) - s12@group-5D788F7A274C: appendEntries* reply s0<-s12#589:OK-t1,SUCCESS,nextIndex=180,followerCommit=178,matchIndex=179
2024-09-10 06:20:06,564 DEBUG server.RaftServer$Division (RaftServerImpl.java:logAppendEntries(1539)) - s7@group-5D788F7A274C: appendEntries* s0->s7#481-t1,previous=(t:1, i:178),leaderCommit=178,initializing? false,entries: size=1, first=(t:1, i:179), STATEMACHINELOGENTRY, StateMachineLogEntryProto:4520@client-04EF324C57E0
2024-09-10 06:20:06,564 DEBUG server.RaftServer$Division (RaftServerImpl.java:logAppendEntries(1539)) - s3@group-5D788F7A274C: appendEntries* reply s0<-s3#546:OK-t1,SUCCESS,nextIndex=180,followerCommit=178,matchIndex=179
2024-09-10 06:20:06,564 DEBUG server.RaftServer$Division (RaftServerImpl.java:logAppendEntries(1539)) - s1@group-5D788F7A274C: appendEntries* reply s0<-s1#926:OK-t1,SUCCESS,nextIndex=180,followerCommit=178,matchIndex=179
2024-09-10 06:20:06,565 DEBUG server.RaftServer$Division (RaftServerImpl.java:logAppendEntries(1539)) - s13@group-5D788F7A274C: appendEntries* reply s0<-s13#503:OK-t1,SUCCESS,nextIndex=180,followerCommit=178,matchIndex=179
2024-09-10 06:20:06,564 DEBUG server.RaftServer$Division (RaftServerImpl.java:logAppendEntries(1539)) - s5@group-5D788F7A274C: appendEntries* s0->s5#549-t1,previous=(t:1, i:178),leaderCommit=178,initializing? false,entries: size=1, first=(t:1, i:179), STATEMACHINELOGENTRY, StateMachineLogEntryProto:4520@client-04EF324C57E0
2024-09-10 06:20:06,565 DEBUG server.RaftServer$Division (RaftServerImpl.java:logAppendEntries(1539)) - s6@group-5D788F7A274C: appendEntries* s0->s6#561-t1,previous=(t:1, i:178),leaderCommit=178,initializing? false,entries: size=1, first=(t:1, i:179), STATEMACHINELOGENTRY, StateMachineLogEntryProto:4520@client-04EF324C57E0
2024-09-10 06:20:06,565 DEBUG server.RaftServer$Division (RaftServerImpl.java:logAppendEntries(1539)) - s2@group-5D788F7A274C: appendEntries* s0->s2#528-t1,previous=(t:1, i:178),leaderCommit=178,initializing? false,entries: size=1, first=(t:1, i:179), STATEMACHINELOGENTRY, StateMachineLogEntryProto:4520@client-04EF324C57E0
2024-09-10 06:20:06,565 DEBUG server.RaftServer$Division (RaftServerImpl.java:logAppendEntries(1539)) - s7@group-5D788F7A274C: appendEntries* reply s0<-s7#481:OK-t1,SUCCESS,nextIndex=180,followerCommit=178,matchIndex=179
2024-09-10 06:20:06,565 DEBUG server.RaftServer$Division (RaftServerImpl.java:logAppendEntries(1539)) - s5@group-5D788F7A274C: appendEntries* reply s0<-s5#549:OK-t1,SUCCESS,nextIndex=180,followerCommit=178,matchIndex=179
2024-09-10 06:20:06,566 DEBUG server.RaftServer$Division (RaftServerImpl.java:logAppendEntries(1539)) - s2@group-5D788F7A274C: appendEntries* reply s0<-s2#528:OK-t1,SUCCESS,nextIndex=180,followerCommit=178,matchIndex=179
2024-09-10 06:20:06,566 DEBUG server.RaftServer$Division (RaftServerImpl.java:logAppendEntries(1539)) - s6@group-5D788F7A274C: appendEntries* reply s0<-s6#561:OK-t1,SUCCESS,nextIndex=180,followerCommit=178,matchIndex=179
2024-09-10 06:20:06,566 INFO  statemachine.StateMachine (ArithmeticStateMachine.java:applyTransaction(181)) - LEADER:s0-179: c = null = null
2024-09-10 06:20:06,567 DEBUG server.RaftServer$Division (RaftServerImpl.java:logAppendEntries(1539)) - s14@group-5D788F7A274C: appendEntries* s0->s14#368-t1,previous=(t:1, i:179),leaderCommit=179,initializing? false,entries: size=1, first=(t:1, i:180), METADATAENTRY(c:179)
2024-09-10 06:20:06,568 DEBUG server.RaftServer$Division (RaftServerImpl.java:logAppendEntries(1539)) - s2@group-5D788F7A274C: appendEntries* s0->s2#535-t1,previous=(t:1, i:179),leaderCommit=179,initializing? false,entries: size=1, first=(t:1, i:180), METADATAENTRY(c:179)
2024-09-10 06:20:06,568 DEBUG server.RaftServer$Division (RaftServerImpl.java:logAppendEntries(1539)) - s9@group-5D788F7A274C: appendEntries* s0->s9#556-t1,previous=(t:1, i:179),leaderCommit=179,initializing? false,entries: size=1, first=(t:1, i:180), METADATAENTRY(c:179)
2024-09-10 06:20:06,568 DEBUG server.RaftServer$Division (RaftServerImpl.java:logAppendEntries(1539)) - s11@group-5D788F7A274C: appendEntries* s0->s11#630-t1,previous=(t:1, i:178),leaderCommit=178,initializing? false,entries: size=1, first=(t:1, i:179), STATEMACHINELOGENTRY, StateMachineLogEntryProto:4520@client-04EF324C57E0
2024-09-10 06:20:06,568 DEBUG server.RaftServer$Division (RaftServerImpl.java:logAppendEntries(1539)) - s8@group-5D788F7A274C: appendEntries* s0->s8#600-t1,previous=(t:1, i:178),leaderCommit=178,initializing? false,entries: size=1, first=(t:1, i:179), STATEMACHINELOGENTRY, StateMachineLogEntryProto:4520@client-04EF324C57E0
2024-09-10 06:20:06,569 DEBUG server.RaftServer$Division (RaftServerImpl.java:logAppendEntries(1539)) - s1@group-5D788F7A274C: appendEntries* s0->s1#930-t1,previous=(t:1, i:179),leaderCommit=179,initializing? false,entries: size=1, first=(t:1, i:180), METADATAENTRY(c:179)
2024-09-10 06:20:06,569 DEBUG server.RaftServer$Division (RaftServerImpl.java:logAppendEntries(1539)) - s9@group-5D788F7A274C: appendEntries* reply s0<-s9#556:OK-t1,SUCCESS,nextIndex=181,followerCommit=179,matchIndex=180
2024-09-10 06:20:06,569 DEBUG server.RaftServer$Division (RaftServerImpl.java:logAppendEntries(1539)) - s11@group-5D788F7A274C: appendEntries* reply s0<-s11#630:OK-t1,SUCCESS,nextIndex=180,followerCommit=178,matchIndex=179
2024-09-10 06:20:06,569 DEBUG server.RaftServer$Division (RaftServerImpl.java:logAppendEntries(1539)) - s4@group-5D788F7A274C: appendEntries* s0->s4#517-t1,previous=(t:1, i:179),leaderCommit=179,initializing? false,entries: size=1, first=(t:1, i:180), METADATAENTRY(c:179)
2024-09-10 06:20:06,569 DEBUG server.RaftServer$Division (RaftServerImpl.java:logAppendEntries(1539)) - s10@group-5D788F7A274C: appendEntries* s0->s10#995-t1,previous=(t:1, i:179),leaderCommit=179,initializing? false,entries: size=1, first=(t:1, i:180), METADATAENTRY(c:179)
2024-09-10 06:20:06,569 DEBUG server.RaftServer$Division (RaftServerImpl.java:logAppendEntries(1539)) - s4@group-5D788F7A274C: appendEntries* reply s0<-s4#517:OK-t1,SUCCESS,nextIndex=181,followerCommit=179,matchIndex=180
2024-09-10 06:20:06,568 DEBUG server.RaftServer$Division (RaftServerImpl.java:logAppendEntries(1539)) - s14@group-5D788F7A274C: appendEntries* reply s0<-s14#368:OK-t1,SUCCESS,nextIndex=181,followerCommit=179,matchIndex=180
2024-09-10 06:20:06,569 DEBUG server.RaftServer$Division (RaftServerImpl.java:logAppendEntries(1539)) - s12@group-5D788F7A274C: appendEntries* s0->s12#597-t1,previous=(t:1, i:179),leaderCommit=179,initializing? false,entries: size=1, first=(t:1, i:180), METADATAENTRY(c:179)
2024-09-10 06:20:06,569 DEBUG server.RaftServer$Division (RaftServerImpl.java:logAppendEntries(1539)) - s7@group-5D788F7A274C: appendEntries* s0->s7#486-t1,previous=(t:1, i:179),leaderCommit=179,initializing? false,entries: size=1, first=(t:1, i:180), METADATAENTRY(c:179)
2024-09-10 06:20:06,570 DEBUG server.RaftServer$Division (RaftServerImpl.java:logAppendEntries(1539)) - s13@group-5D788F7A274C: appendEntries* s0->s13#505-t1,previous=(t:1, i:179),leaderCommit=179,initializing? false,entries: size=1, first=(t:1, i:180), METADATAENTRY(c:179)
2024-09-10 06:20:06,570 DEBUG server.RaftServer$Division (RaftServerImpl.java:logAppendEntries(1539)) - s6@group-5D788F7A274C: appendEntries* s0->s6#568-t1,previous=(t:1, i:179),leaderCommit=179,initializing? false,entries: size=1, first=(t:1, i:180), METADATAENTRY(c:179)
2024-09-10 06:20:06,569 DEBUG server.RaftServer$Division (RaftServerImpl.java:logAppendEntries(1539)) - s8@group-5D788F7A274C: appendEntries* reply s0<-s8#600:OK-t1,SUCCESS,nextIndex=180,followerCommit=178,matchIndex=179
2024-09-10 06:20:06,570 DEBUG server.RaftServer$Division (RaftServerImpl.java:logAppendEntries(1539)) - s5@group-5D788F7A274C: appendEntries* s0->s5#556-t1,previous=(t:1, i:179),leaderCommit=179,initializing? false,entries: size=1, first=(t:1, i:180), METADATAENTRY(c:179)
2024-09-10 06:20:06,570 DEBUG server.RaftServer$Division (RaftServerImpl.java:logAppendEntries(1539)) - s8@group-5D788F7A274C: appendEntries* s0->s8#607-t1,previous=(t:1, i:179),leaderCommit=179,initializing? false,entries: size=1, first=(t:1, i:180), METADATAENTRY(c:179)
2024-09-10 06:20:06,569 DEBUG server.RaftServer$Division (RaftServerImpl.java:logAppendEntries(1539)) - s1@group-5D788F7A274C: appendEntries* reply s0<-s1#930:OK-t1,SUCCESS,nextIndex=181,followerCommit=179,matchIndex=180
2024-09-10 06:20:06,569 DEBUG server.RaftServer$Division (RaftServerImpl.java:logAppendEntries(1539)) - s2@group-5D788F7A274C: appendEntries* reply s0<-s2#535:OK-t1,SUCCESS,nextIndex=181,followerCommit=179,matchIndex=180
2024-09-10 06:20:06,570 DEBUG server.RaftServer$Division (RaftServerImpl.java:logAppendEntries(1539)) - s13@group-5D788F7A274C: appendEntries* reply s0<-s13#505:OK-t1,SUCCESS,nextIndex=181,followerCommit=179,matchIndex=180
2024-09-10 06:20:06,571 DEBUG server.RaftServer$Division (RaftServerImpl.java:logAppendEntries(1539)) - s7@group-5D788F7A274C: appendEntries* reply s0<-s7#486:OK-t1,SUCCESS,nextIndex=181,followerCommit=179,matchIndex=180
2024-09-10 06:20:06,568 DEBUG server.RaftServer$Division (RaftServerImpl.java:logAppendEntries(1539)) - s3@group-5D788F7A274C: appendEntries* s0->s3#553-t1,previous=(t:1, i:179),leaderCommit=179,initializing? false,entries: size=1, first=(t:1, i:180), METADATAENTRY(c:179)
2024-09-10 06:20:06,571 DEBUG server.RaftServer$Division (RaftServerImpl.java:logAppendEntries(1539)) - s5@group-5D788F7A274C: appendEntries* reply s0<-s5#556:OK-t1,SUCCESS,nextIndex=181,followerCommit=179,matchIndex=180
2024-09-10 06:20:06,571 DEBUG server.RaftServer$Division (RaftServerImpl.java:logAppendEntries(1539)) - s10@group-5D788F7A274C: appendEntries* reply s0<-s10#995:OK-t1,SUCCESS,nextIndex=181,followerCommit=179,matchIndex=180
2024-09-10 06:20:06,571 DEBUG server.RaftServer$Division (RaftServerImpl.java:logAppendEntries(1539)) - s3@group-5D788F7A274C: appendEntries* reply s0<-s3#553:OK-t1,SUCCESS,nextIndex=181,followerCommit=179,matchIndex=180
2024-09-10 06:20:06,571 DEBUG server.RaftServer$Division (RaftServerImpl.java:logAppendEntries(1539)) - s8@group-5D788F7A274C: appendEntries* reply s0<-s8#607:OK-t1,SUCCESS,nextIndex=181,followerCommit=179,matchIndex=180
2024-09-10 06:20:06,570 DEBUG server.RaftServer$Division (RaftServerImpl.java:logAppendEntries(1539)) - s11@group-5D788F7A274C: appendEntries* s0->s11#637-t1,previous=(t:1, i:179),leaderCommit=179,initializing? false,entries: size=1, first=(t:1, i:180), METADATAENTRY(c:179)
2024-09-10 06:20:06,570 DEBUG server.RaftServer$Division (RaftServerImpl.java:logAppendEntries(1539)) - s6@group-5D788F7A274C: appendEntries* reply s0<-s6#568:OK-t1,SUCCESS,nextIndex=181,followerCommit=179,matchIndex=180
2024-09-10 06:20:06,572 DEBUG server.RaftServer$Division (RaftServerImpl.java:logAppendEntries(1539)) - s12@group-5D788F7A274C: appendEntries* reply s0<-s12#597:OK-t1,SUCCESS,nextIndex=181,followerCommit=179,matchIndex=180
2024-09-10 06:20:06,572 DEBUG server.RaftServer$Division (RaftServerImpl.java:logAppendEntries(1539)) - s11@group-5D788F7A274C: appendEntries* reply s0<-s11#637:OK-t1,SUCCESS,nextIndex=181,followerCommit=179,matchIndex=180
2024-09-10 06:20:06,575 DEBUG server.RaftServer$Division (RaftServerImpl.java:submitClientRequestAsync(910)) - s0@group-5D788F7A274C: receive client request(RaftClientRequest:client-04EF324C57E0->s0@group-5D788F7A274C, cid=4521, seq=null, RW, Message:01016102405bc0000000...(size=12))
2024-09-10 06:20:06,575 DEBUG server.RaftServer$Division (LeaderStateImpl.java:addPendingRequest(532)) - s0@group-5D788F7A274C-LeaderStateImpl: addPendingRequest at RaftClientRequest:client-04EF324C57E0->s0@group-5D788F7A274C, cid=4521, seq=null, RW, Message:01016102405bc0000000...(size=12), entry=(t:1, i:181), STATEMACHINELOGENTRY, WRITE: logData.size=12, stateMachineData.size=0, logEntryProtoSerializedSize=0
2024-09-10 06:20:06,576 DEBUG server.RaftServer$Division (RaftServerImpl.java:logAppendEntries(1539)) - s13@group-5D788F7A274C: appendEntries* s0->s13#523-t1,previous=(t:1, i:180),leaderCommit=180,initializing? false,entries: size=1, first=(t:1, i:181), STATEMACHINELOGENTRY, StateMachineLogEntryProto:4521@client-04EF324C57E0
2024-09-10 06:20:06,576 DEBUG server.RaftServer$Division (RaftServerImpl.java:logAppendEntries(1539)) - s6@group-5D788F7A274C: appendEntries* s0->s6#586-t1,previous=(t:1, i:180),leaderCommit=180,initializing? false,entries: size=1, first=(t:1, i:181), STATEMACHINELOGENTRY, StateMachineLogEntryProto:4521@client-04EF324C57E0
2024-09-10 06:20:06,576 DEBUG server.RaftServer$Division (RaftServerImpl.java:logAppendEntries(1539)) - s1@group-5D788F7A274C: appendEntries* s0->s1#948-t1,previous=(t:1, i:180),leaderCommit=180,initializing? false,entries: size=1, first=(t:1, i:181), STATEMACHINELOGENTRY, StateMachineLogEntryProto:4521@client-04EF324C57E0
2024-09-10 06:20:06,576 DEBUG server.RaftServer$Division (RaftServerImpl.java:logAppendEntries(1539)) - s14@group-5D788F7A274C: appendEntries* s0->s14#381-t1,previous=(t:1, i:180),leaderCommit=180,initializing? false,entries: size=1, first=(t:1, i:181), STATEMACHINELOGENTRY, StateMachineLogEntryProto:4521@client-04EF324C57E0
2024-09-10 06:20:06,577 DEBUG server.RaftServer$Division (RaftServerImpl.java:logAppendEntries(1539)) - s7@group-5D788F7A274C: appendEntries* s0->s7#504-t1,previous=(t:1, i:180),leaderCommit=180,initializing? false,entries: size=1, first=(t:1, i:181), STATEMACHINELOGENTRY, StateMachineLogEntryProto:4521@client-04EF324C57E0
2024-09-10 06:20:06,576 DEBUG server.RaftServer$Division (RaftServerImpl.java:logAppendEntries(1539)) - s5@group-5D788F7A274C: appendEntries* s0->s5#574-t1,previous=(t:1, i:180),leaderCommit=180,initializing? false,entries: size=1, first=(t:1, i:181), STATEMACHINELOGENTRY, StateMachineLogEntryProto:4521@client-04EF324C57E0
2024-09-10 06:20:06,577 DEBUG server.RaftServer$Division (RaftServerImpl.java:logAppendEntries(1539)) - s9@group-5D788F7A274C: appendEntries* s0->s9#568-t1,previous=(t:1, i:180),leaderCommit=180,initializing? false,entries: size=1, first=(t:1, i:181), STATEMACHINELOGENTRY, StateMachineLogEntryProto:4521@client-04EF324C57E0
2024-09-10 06:20:06,577 DEBUG server.RaftServer$Division (RaftServerImpl.java:logAppendEntries(1539)) - s1@group-5D788F7A274C: appendEntries* reply s0<-s1#948:OK-t1,SUCCESS,nextIndex=182,followerCommit=180,matchIndex=181
2024-09-10 06:20:06,576 DEBUG server.RaftServer$Division (RaftServerImpl.java:logAppendEntries(1539)) - s12@group-5D788F7A274C: appendEntries* s0->s12#614-t1,previous=(t:1, i:180),leaderCommit=180,initializing? false,entries: size=1, first=(t:1, i:181), STATEMACHINELOGENTRY, StateMachineLogEntryProto:4521@client-04EF324C57E0
2024-09-10 06:20:06,577 DEBUG server.RaftServer$Division (RaftServerImpl.java:logAppendEntries(1539)) - s14@group-5D788F7A274C: appendEntries* reply s0<-s14#381:OK-t1,SUCCESS,nextIndex=182,followerCommit=180,matchIndex=181
2024-09-10 06:20:06,577 DEBUG server.RaftServer$Division (RaftServerImpl.java:logAppendEntries(1539)) - s3@group-5D788F7A274C: appendEntries* s0->s3#569-t1,previous=(t:1, i:180),leaderCommit=180,initializing? false,entries: size=1, first=(t:1, i:181), STATEMACHINELOGENTRY, StateMachineLogEntryProto:4521@client-04EF324C57E0
2024-09-10 06:20:06,577 DEBUG server.RaftServer$Division (RaftServerImpl.java:logAppendEntries(1539)) - s5@group-5D788F7A274C: appendEntries* reply s0<-s5#574:OK-t1,SUCCESS,nextIndex=182,followerCommit=180,matchIndex=181
2024-09-10 06:20:06,577 DEBUG server.RaftServer$Division (RaftServerImpl.java:logAppendEntries(1539)) - s7@group-5D788F7A274C: appendEntries* reply s0<-s7#504:OK-t1,SUCCESS,nextIndex=182,followerCommit=180,matchIndex=181
2024-09-10 06:20:06,578 DEBUG server.RaftServer$Division (RaftServerImpl.java:logAppendEntries(1539)) - s12@group-5D788F7A274C: appendEntries* reply s0<-s12#614:OK-t1,SUCCESS,nextIndex=182,followerCommit=180,matchIndex=181
2024-09-10 06:20:06,577 DEBUG server.RaftServer$Division (RaftServerImpl.java:logAppendEntries(1539)) - s11@group-5D788F7A274C: appendEntries* s0->s11#655-t1,previous=(t:1, i:180),leaderCommit=180,initializing? false,entries: size=1, first=(t:1, i:181), STATEMACHINELOGENTRY, StateMachineLogEntryProto:4521@client-04EF324C57E0
2024-09-10 06:20:06,577 DEBUG server.RaftServer$Division (RaftServerImpl.java:logAppendEntries(1539)) - s8@group-5D788F7A274C: appendEntries* s0->s8#625-t1,previous=(t:1, i:180),leaderCommit=180,initializing? false,entries: size=1, first=(t:1, i:181), STATEMACHINELOGENTRY, StateMachineLogEntryProto:4521@client-04EF324C57E0
2024-09-10 06:20:06,577 DEBUG server.RaftServer$Division (RaftServerImpl.java:logAppendEntries(1539)) - s10@group-5D788F7A274C: appendEntries* s0->s10#1010-t1,previous=(t:1, i:180),leaderCommit=180,initializing? false,entries: size=1, first=(t:1, i:181), STATEMACHINELOGENTRY, StateMachineLogEntryProto:4521@client-04EF324C57E0
2024-09-10 06:20:06,578 DEBUG server.RaftServer$Division (RaftServerImpl.java:logAppendEntries(1539)) - s11@group-5D788F7A274C: appendEntries* reply s0<-s11#655:OK-t1,SUCCESS,nextIndex=182,followerCommit=180,matchIndex=181
2024-09-10 06:20:06,578 DEBUG server.RaftServer$Division (RaftServerImpl.java:logAppendEntries(1539)) - s3@group-5D788F7A274C: appendEntries* reply s0<-s3#569:OK-t1,SUCCESS,nextIndex=182,followerCommit=180,matchIndex=181
2024-09-10 06:20:06,579 DEBUG server.RaftServer$Division (RaftServerImpl.java:logAppendEntries(1539)) - s8@group-5D788F7A274C: appendEntries* reply s0<-s8#625:OK-t1,SUCCESS,nextIndex=182,followerCommit=180,matchIndex=181
2024-09-10 06:20:06,579 DEBUG server.RaftServer$Division (RaftServerImpl.java:logAppendEntries(1539)) - s10@group-5D788F7A274C: appendEntries* reply s0<-s10#1010:OK-t1,SUCCESS,nextIndex=182,followerCommit=180,matchIndex=181
2024-09-10 06:20:06,577 DEBUG server.RaftServer$Division (RaftServerImpl.java:logAppendEntries(1539)) - s13@group-5D788F7A274C: appendEntries* reply s0<-s13#523:OK-t1,SUCCESS,nextIndex=182,followerCommit=180,matchIndex=181
2024-09-10 06:20:06,577 DEBUG server.RaftServer$Division (RaftServerImpl.java:logAppendEntries(1539)) - s9@group-5D788F7A274C: appendEntries* reply s0<-s9#568:OK-t1,SUCCESS,nextIndex=182,followerCommit=180,matchIndex=181
2024-09-10 06:20:06,579 DEBUG server.RaftServer$Division (RaftServerImpl.java:logAppendEntries(1539)) - s4@group-5D788F7A274C: appendEntries* s0->s4#531-t1,previous=(t:1, i:180),leaderCommit=180,initializing? false,entries: size=1, first=(t:1, i:181), STATEMACHINELOGENTRY, StateMachineLogEntryProto:4521@client-04EF324C57E0
2024-09-10 06:20:06,577 DEBUG server.RaftServer$Division (RaftServerImpl.java:logAppendEntries(1539)) - s6@group-5D788F7A274C: appendEntries* reply s0<-s6#586:OK-t1,SUCCESS,nextIndex=182,followerCommit=180,matchIndex=181
2024-09-10 06:20:06,577 DEBUG server.RaftServer$Division (RaftServerImpl.java:logAppendEntries(1539)) - s2@group-5D788F7A274C: appendEntries* s0->s2#549-t1,previous=(t:1, i:180),leaderCommit=180,initializing? false,entries: size=1, first=(t:1, i:181), STATEMACHINELOGENTRY, StateMachineLogEntryProto:4521@client-04EF324C57E0
2024-09-10 06:20:06,579 INFO  statemachine.StateMachine (ArithmeticStateMachine.java:applyTransaction(181)) - LEADER:s0-181: a = 111 = 111
2024-09-10 06:20:06,580 DEBUG server.RaftServer$Division (RaftServerImpl.java:logAppendEntries(1539)) - s2@group-5D788F7A274C: appendEntries* reply s0<-s2#549:OK-t1,SUCCESS,nextIndex=182,followerCommit=180,matchIndex=181
2024-09-10 06:20:06,580 DEBUG server.RaftServer$Division (RaftServerImpl.java:logAppendEntries(1539)) - s7@group-5D788F7A274C: appendEntries* s0->s7#505-t1,previous=(t:1, i:181),leaderCommit=181,initializing? false,entries: size=1, first=(t:1, i:182), METADATAENTRY(c:181)
2024-09-10 06:20:06,580 DEBUG server.RaftServer$Division (RaftServerImpl.java:logAppendEntries(1539)) - s14@group-5D788F7A274C: appendEntries* s0->s14#384-t1,previous=(t:1, i:181),leaderCommit=181,initializing? false,entries: size=1, first=(t:1, i:182), METADATAENTRY(c:181)
2024-09-10 06:20:06,580 DEBUG server.RaftServer$Division (RaftServerImpl.java:logAppendEntries(1539)) - s7@group-5D788F7A274C: appendEntries* reply s0<-s7#505:OK-t1,SUCCESS,nextIndex=183,followerCommit=181,matchIndex=182
2024-09-10 06:20:06,581 DEBUG server.RaftServer$Division (RaftServerImpl.java:logAppendEntries(1539)) - s4@group-5D788F7A274C: appendEntries* reply s0<-s4#531:OK-t1,SUCCESS,nextIndex=182,followerCommit=180,matchIndex=181
2024-09-10 06:20:06,581 DEBUG server.RaftServer$Division (RaftServerImpl.java:logAppendEntries(1539)) - s3@group-5D788F7A274C: appendEntries* s0->s3#574-t1,previous=(t:1, i:181),leaderCommit=181,initializing? false,entries: size=1, first=(t:1, i:182), METADATAENTRY(c:181)
2024-09-10 06:20:06,581 DEBUG server.RaftServer$Division (RaftServerImpl.java:logAppendEntries(1539)) - s3@group-5D788F7A274C: appendEntries* reply s0<-s3#574:OK-t1,SUCCESS,nextIndex=183,followerCommit=181,matchIndex=182
2024-09-10 06:20:06,581 DEBUG server.RaftServer$Division (RaftServerImpl.java:logAppendEntries(1539)) - s14@group-5D788F7A274C: appendEntries* reply s0<-s14#384:OK-t1,SUCCESS,nextIndex=183,followerCommit=181,matchIndex=182
2024-09-10 06:20:06,582 DEBUG server.RaftServer$Division (RaftServerImpl.java:logAppendEntries(1539)) - s2@group-5D788F7A274C: appendEntries* s0->s2#555-t1,previous=(t:1, i:181),leaderCommit=181,initializing? false,entries: size=1, first=(t:1, i:182), METADATAENTRY(c:181)
2024-09-10 06:20:06,582 DEBUG server.RaftServer$Division (RaftServerImpl.java:logAppendEntries(1539)) - s9@group-5D788F7A274C: appendEntries* s0->s9#574-t1,previous=(t:1, i:181),leaderCommit=181,initializing? false,entries: size=1, first=(t:1, i:182), METADATAENTRY(c:181)
2024-09-10 06:20:06,582 DEBUG server.RaftServer$Division (RaftServerImpl.java:logAppendEntries(1539)) - s1@group-5D788F7A274C: appendEntries* s0->s1#951-t1,previous=(t:1, i:181),leaderCommit=181,initializing? false,entries: size=1, first=(t:1, i:182), METADATAENTRY(c:181)
2024-09-10 06:20:06,582 DEBUG server.RaftServer$Division (RaftServerImpl.java:logAppendEntries(1539)) - s2@group-5D788F7A274C: appendEntries* reply s0<-s2#555:OK-t1,SUCCESS,nextIndex=183,followerCommit=181,matchIndex=182
2024-09-10 06:20:06,582 DEBUG server.RaftServer$Division (RaftServerImpl.java:logAppendEntries(1539)) - s9@group-5D788F7A274C: appendEntries* reply s0<-s9#574:OK-t1,SUCCESS,nextIndex=183,followerCommit=181,matchIndex=182
2024-09-10 06:20:06,582 DEBUG server.RaftServer$Division (RaftServerImpl.java:logAppendEntries(1539)) - s1@group-5D788F7A274C: appendEntries* reply s0<-s1#951:OK-t1,SUCCESS,nextIndex=183,followerCommit=181,matchIndex=182
2024-09-10 06:20:06,583 DEBUG server.RaftServer$Division (RaftServerImpl.java:logAppendEntries(1539)) - s13@group-5D788F7A274C: appendEntries* s0->s13#529-t1,previous=(t:1, i:181),leaderCommit=181,initializing? false,entries: size=1, first=(t:1, i:182), METADATAENTRY(c:181)
2024-09-10 06:20:06,583 DEBUG server.RaftServer$Division (RaftServerImpl.java:logAppendEntries(1539)) - s6@group-5D788F7A274C: appendEntries* s0->s6#591-t1,previous=(t:1, i:181),leaderCommit=181,initializing? false,entries: size=1, first=(t:1, i:182), METADATAENTRY(c:181)
2024-09-10 06:20:06,583 DEBUG server.RaftServer$Division (RaftServerImpl.java:logAppendEntries(1539)) - s5@group-5D788F7A274C: appendEntries* s0->s5#576-t1,previous=(t:1, i:181),leaderCommit=181,initializing? false,entries: size=1, first=(t:1, i:182), METADATAENTRY(c:181)
2024-09-10 06:20:06,583 DEBUG server.RaftServer$Division (RaftServerImpl.java:logAppendEntries(1539)) - s6@group-5D788F7A274C: appendEntries* reply s0<-s6#591:OK-t1,SUCCESS,nextIndex=183,followerCommit=181,matchIndex=182
2024-09-10 06:20:06,583 DEBUG server.RaftServer$Division (RaftServerImpl.java:logAppendEntries(1539)) - s13@group-5D788F7A274C: appendEntries* reply s0<-s13#529:OK-t1,SUCCESS,nextIndex=183,followerCommit=181,matchIndex=182
2024-09-10 06:20:06,583 DEBUG server.RaftServer$Division (RaftServerImpl.java:logAppendEntries(1539)) - s5@group-5D788F7A274C: appendEntries* reply s0<-s5#576:OK-t1,SUCCESS,nextIndex=183,followerCommit=181,matchIndex=182
2024-09-10 06:20:06,584 DEBUG server.RaftServer$Division (RaftServerImpl.java:logAppendEntries(1539)) - s10@group-5D788F7A274C: appendEntries* s0->s10#1016-t1,previous=(t:1, i:181),leaderCommit=181,initializing? false,entries: size=1, first=(t:1, i:182), METADATAENTRY(c:181)
2024-09-10 06:20:06,584 DEBUG server.RaftServer$Division (RaftServerImpl.java:logAppendEntries(1539)) - s12@group-5D788F7A274C: appendEntries* s0->s12#617-t1,previous=(t:1, i:181),leaderCommit=181,initializing? false,entries: size=1, first=(t:1, i:182), METADATAENTRY(c:181)
2024-09-10 06:20:06,585 DEBUG server.RaftServer$Division (RaftServerImpl.java:logAppendEntries(1539)) - s10@group-5D788F7A274C: appendEntries* reply s0<-s10#1016:OK-t1,SUCCESS,nextIndex=183,followerCommit=181,matchIndex=182
2024-09-10 06:20:06,585 DEBUG server.RaftServer$Division (RaftServerImpl.java:logAppendEntries(1539)) - s8@group-5D788F7A274C: appendEntries* s0->s8#630-t1,previous=(t:1, i:181),leaderCommit=181,initializing? false,entries: size=1, first=(t:1, i:182), METADATAENTRY(c:181)
2024-09-10 06:20:06,585 DEBUG server.RaftServer$Division (RaftServerImpl.java:logAppendEntries(1539)) - s12@group-5D788F7A274C: appendEntries* reply s0<-s12#617:OK-t1,SUCCESS,nextIndex=183,followerCommit=181,matchIndex=182
2024-09-10 06:20:06,585 DEBUG server.RaftServer$Division (RaftServerImpl.java:logAppendEntries(1539)) - s8@group-5D788F7A274C: appendEntries* reply s0<-s8#630:OK-t1,SUCCESS,nextIndex=183,followerCommit=181,matchIndex=182
2024-09-10 06:20:06,586 DEBUG server.RaftServer$Division (RaftServerImpl.java:logAppendEntries(1539)) - s11@group-5D788F7A274C: appendEntries* s0->s11#659-t1,previous=(t:1, i:181),leaderCommit=181,initializing? false,entries: size=1, first=(t:1, i:182), METADATAENTRY(c:181)
2024-09-10 06:20:06,586 DEBUG server.RaftServer$Division (RaftServerImpl.java:logAppendEntries(1539)) - s11@group-5D788F7A274C: appendEntries* reply s0<-s11#659:OK-t1,SUCCESS,nextIndex=183,followerCommit=181,matchIndex=182
2024-09-10 06:20:06,586 DEBUG server.RaftServer$Division (RaftServerImpl.java:logAppendEntries(1539)) - s4@group-5D788F7A274C: appendEntries* s0->s4#537-t1,previous=(t:1, i:181),leaderCommit=181,initializing? false,entries: size=1, first=(t:1, i:182), METADATAENTRY(c:181)
2024-09-10 06:20:06,587 DEBUG server.RaftServer$Division (RaftServerImpl.java:logAppendEntries(1539)) - s4@group-5D788F7A274C: appendEntries* reply s0<-s4#537:OK-t1,SUCCESS,nextIndex=183,followerCommit=181,matchIndex=182
2024-09-10 06:20:06,588 DEBUG server.RaftServer$Division (RaftServerImpl.java:submitClientRequestAsync(910)) - s0@group-5D788F7A274C: receive client request(RaftClientRequest:client-04EF324C57E0->s0@group-5D788F7A274C, cid=4522, seq=null, RW, Message:0101620240b810000000...(size=12))
2024-09-10 06:20:06,589 DEBUG server.RaftServer$Division (LeaderStateImpl.java:addPendingRequest(532)) - s0@group-5D788F7A274C-LeaderStateImpl: addPendingRequest at RaftClientRequest:client-04EF324C57E0->s0@group-5D788F7A274C, cid=4522, seq=null, RW, Message:0101620240b810000000...(size=12), entry=(t:1, i:183), STATEMACHINELOGENTRY, WRITE: logData.size=12, stateMachineData.size=0, logEntryProtoSerializedSize=0
2024-09-10 06:20:06,590 DEBUG server.RaftServer$Division (RaftServerImpl.java:logAppendEntries(1539)) - s5@group-5D788F7A274C: appendEntries* s0->s5#593-t1,previous=(t:1, i:182),leaderCommit=182,initializing? false,entries: size=1, first=(t:1, i:183), STATEMACHINELOGENTRY, StateMachineLogEntryProto:4522@client-04EF324C57E0
2024-09-10 06:20:06,590 DEBUG server.RaftServer$Division (RaftServerImpl.java:logAppendEntries(1539)) - s12@group-5D788F7A274C: appendEntries* s0->s12#639-t1,previous=(t:1, i:182),leaderCommit=182,initializing? false,entries: size=1, first=(t:1, i:183), STATEMACHINELOGENTRY, StateMachineLogEntryProto:4522@client-04EF324C57E0
2024-09-10 06:20:06,590 DEBUG server.RaftServer$Division (RaftServerImpl.java:logAppendEntries(1539)) - s11@group-5D788F7A274C: appendEntries* s0->s11#681-t1,previous=(t:1, i:182),leaderCommit=182,initializing? false,entries: size=1, first=(t:1, i:183), STATEMACHINELOGENTRY, StateMachineLogEntryProto:4522@client-04EF324C57E0
2024-09-10 06:20:06,590 DEBUG server.RaftServer$Division (RaftServerImpl.java:logAppendEntries(1539)) - s10@group-5D788F7A274C: appendEntries* s0->s10#1037-t1,previous=(t:1, i:182),leaderCommit=182,initializing? false,entries: size=1, first=(t:1, i:183), STATEMACHINELOGENTRY, StateMachineLogEntryProto:4522@client-04EF324C57E0
2024-09-10 06:20:06,590 DEBUG server.RaftServer$Division (RaftServerImpl.java:logAppendEntries(1539)) - s8@group-5D788F7A274C: appendEntries* s0->s8#650-t1,previous=(t:1, i:182),leaderCommit=182,initializing? false,entries: size=1, first=(t:1, i:183), STATEMACHINELOGENTRY, StateMachineLogEntryProto:4522@client-04EF324C57E0
2024-09-10 06:20:06,591 DEBUG server.RaftServer$Division (RaftServerImpl.java:logAppendEntries(1539)) - s14@group-5D788F7A274C: appendEntries* s0->s14#397-t1,previous=(t:1, i:182),leaderCommit=182,initializing? false,entries: size=1, first=(t:1, i:183), STATEMACHINELOGENTRY, StateMachineLogEntryProto:4522@client-04EF324C57E0
2024-09-10 06:20:06,591 DEBUG server.RaftServer$Division (RaftServerImpl.java:logAppendEntries(1539)) - s7@group-5D788F7A274C: appendEntries* s0->s7#517-t1,previous=(t:1, i:182),leaderCommit=182,initializing? false,entries: size=1, first=(t:1, i:183), STATEMACHINELOGENTRY, StateMachineLogEntryProto:4522@client-04EF324C57E0
2024-09-10 06:20:06,591 DEBUG server.RaftServer$Division (RaftServerImpl.java:logAppendEntries(1539)) - s11@group-5D788F7A274C: appendEntries* reply s0<-s11#681:OK-t1,SUCCESS,nextIndex=184,followerCommit=182,matchIndex=183
2024-09-10 06:20:06,590 DEBUG server.RaftServer$Division (RaftServerImpl.java:logAppendEntries(1539)) - s1@group-5D788F7A274C: appendEntries* s0->s1#972-t1,previous=(t:1, i:182),leaderCommit=182,initializing? false,entries: size=1, first=(t:1, i:183), STATEMACHINELOGENTRY, StateMachineLogEntryProto:4522@client-04EF324C57E0
2024-09-10 06:20:06,591 DEBUG server.RaftServer$Division (RaftServerImpl.java:logAppendEntries(1539)) - s12@group-5D788F7A274C: appendEntries* reply s0<-s12#639:OK-t1,SUCCESS,nextIndex=184,followerCommit=182,matchIndex=183
2024-09-10 06:20:06,591 DEBUG server.RaftServer$Division (RaftServerImpl.java:logAppendEntries(1539)) - s9@group-5D788F7A274C: appendEntries* s0->s9#596-t1,previous=(t:1, i:182),leaderCommit=182,initializing? false,entries: size=1, first=(t:1, i:183), STATEMACHINELOGENTRY, StateMachineLogEntryProto:4522@client-04EF324C57E0
2024-09-10 06:20:06,591 DEBUG server.RaftServer$Division (RaftServerImpl.java:logAppendEntries(1539)) - s7@group-5D788F7A274C: appendEntries* reply s0<-s7#517:OK-t1,SUCCESS,nextIndex=184,followerCommit=182,matchIndex=183
2024-09-10 06:20:06,591 DEBUG server.RaftServer$Division (RaftServerImpl.java:logAppendEntries(1539)) - s3@group-5D788F7A274C: appendEntries* s0->s3#592-t1,previous=(t:1, i:182),leaderCommit=182,initializing? false,entries: size=1, first=(t:1, i:183), STATEMACHINELOGENTRY, StateMachineLogEntryProto:4522@client-04EF324C57E0
2024-09-10 06:20:06,592 DEBUG server.RaftServer$Division (RaftServerImpl.java:logAppendEntries(1539)) - s2@group-5D788F7A274C: appendEntries* s0->s2#577-t1,previous=(t:1, i:182),leaderCommit=182,initializing? false,entries: size=1, first=(t:1, i:183), STATEMACHINELOGENTRY, StateMachineLogEntryProto:4522@client-04EF324C57E0
2024-09-10 06:20:06,592 DEBUG server.RaftServer$Division (RaftServerImpl.java:logAppendEntries(1539)) - s10@group-5D788F7A274C: appendEntries* reply s0<-s10#1037:OK-t1,SUCCESS,nextIndex=184,followerCommit=182,matchIndex=183
2024-09-10 06:20:06,590 DEBUG server.RaftServer$Division (RaftServerImpl.java:logAppendEntries(1539)) - s6@group-5D788F7A274C: appendEntries* s0->s6#609-t1,previous=(t:1, i:182),leaderCommit=182,initializing? false,entries: size=1, first=(t:1, i:183), STATEMACHINELOGENTRY, StateMachineLogEntryProto:4522@client-04EF324C57E0
2024-09-10 06:20:06,592 DEBUG server.RaftServer$Division (RaftServerImpl.java:logAppendEntries(1539)) - s2@group-5D788F7A274C: appendEntries* reply s0<-s2#577:OK-t1,SUCCESS,nextIndex=184,followerCommit=182,matchIndex=183
2024-09-10 06:20:06,590 DEBUG server.RaftServer$Division (RaftServerImpl.java:logAppendEntries(1539)) - s4@group-5D788F7A274C: appendEntries* s0->s4#559-t1,previous=(t:1, i:182),leaderCommit=182,initializing? false,entries: size=1, first=(t:1, i:183), STATEMACHINELOGENTRY, StateMachineLogEntryProto:4522@client-04EF324C57E0
2024-09-10 06:20:06,592 DEBUG server.RaftServer$Division (RaftServerImpl.java:logAppendEntries(1539)) - s3@group-5D788F7A274C: appendEntries* reply s0<-s3#592:OK-t1,SUCCESS,nextIndex=184,followerCommit=182,matchIndex=183
2024-09-10 06:20:06,591 DEBUG server.RaftServer$Division (RaftServerImpl.java:logAppendEntries(1539)) - s13@group-5D788F7A274C: appendEntries* s0->s13#545-t1,previous=(t:1, i:182),leaderCommit=182,initializing? false,entries: size=1, first=(t:1, i:183), STATEMACHINELOGENTRY, StateMachineLogEntryProto:4522@client-04EF324C57E0
2024-09-10 06:20:06,592 DEBUG server.RaftServer$Division (RaftServerImpl.java:logAppendEntries(1539)) - s14@group-5D788F7A274C: appendEntries* reply s0<-s14#397:OK-t1,SUCCESS,nextIndex=184,followerCommit=182,matchIndex=183
2024-09-10 06:20:06,592 DEBUG server.RaftServer$Division (RaftServerImpl.java:logAppendEntries(1539)) - s4@group-5D788F7A274C: appendEntries* reply s0<-s4#559:OK-t1,SUCCESS,nextIndex=184,followerCommit=182,matchIndex=183
2024-09-10 06:20:06,593 DEBUG server.RaftServer$Division (RaftServerImpl.java:logAppendEntries(1539)) - s8@group-5D788F7A274C: appendEntries* reply s0<-s8#650:OK-t1,SUCCESS,nextIndex=184,followerCommit=182,matchIndex=183
2024-09-10 06:20:06,593 DEBUG server.RaftServer$Division (RaftServerImpl.java:logAppendEntries(1539)) - s5@group-5D788F7A274C: appendEntries* reply s0<-s5#593:OK-t1,SUCCESS,nextIndex=184,followerCommit=182,matchIndex=183
2024-09-10 06:20:06,593 DEBUG server.RaftServer$Division (RaftServerImpl.java:logAppendEntries(1539)) - s9@group-5D788F7A274C: appendEntries* reply s0<-s9#596:OK-t1,SUCCESS,nextIndex=184,followerCommit=182,matchIndex=183
2024-09-10 06:20:06,593 DEBUG server.RaftServer$Division (RaftServerImpl.java:logAppendEntries(1539)) - s1@group-5D788F7A274C: appendEntries* reply s0<-s1#972:OK-t1,SUCCESS,nextIndex=184,followerCommit=182,matchIndex=183
2024-09-10 06:20:06,593 DEBUG server.RaftServer$Division (RaftServerImpl.java:logAppendEntries(1539)) - s6@group-5D788F7A274C: appendEntries* reply s0<-s6#609:OK-t1,SUCCESS,nextIndex=184,followerCommit=182,matchIndex=183
2024-09-10 06:20:06,593 INFO  statemachine.StateMachine (ArithmeticStateMachine.java:applyTransaction(181)) - LEADER:s0-183: b = 6160 = 6160
2024-09-10 06:20:06,593 DEBUG server.RaftServer$Division (RaftServerImpl.java:logAppendEntries(1539)) - s13@group-5D788F7A274C: appendEntries* reply s0<-s13#545:OK-t1,SUCCESS,nextIndex=184,followerCommit=182,matchIndex=183
2024-09-10 06:20:06,594 DEBUG server.RaftServer$Division (RaftServerImpl.java:logAppendEntries(1539)) - s14@group-5D788F7A274C: appendEntries* s0->s14#402-t1,previous=(t:1, i:183),leaderCommit=183,initializing? false,entries: size=1, first=(t:1, i:184), METADATAENTRY(c:183)
2024-09-10 06:20:06,594 DEBUG server.RaftServer$Division (RaftServerImpl.java:logAppendEntries(1539)) - s14@group-5D788F7A274C: appendEntries* reply s0<-s14#402:OK-t1,SUCCESS,nextIndex=185,followerCommit=183,matchIndex=184
2024-09-10 06:20:06,594 DEBUG server.RaftServer$Division (RaftServerImpl.java:logAppendEntries(1539)) - s6@group-5D788F7A274C: appendEntries* s0->s6#615-t1,previous=(t:1, i:183),leaderCommit=183,initializing? false,entries: size=1, first=(t:1, i:184), METADATAENTRY(c:183)
2024-09-10 06:20:06,594 DEBUG server.RaftServer$Division (RaftServerImpl.java:logAppendEntries(1539)) - s1@group-5D788F7A274C: appendEntries* s0->s1#976-t1,previous=(t:1, i:183),leaderCommit=183,initializing? false,entries: size=1, first=(t:1, i:184), METADATAENTRY(c:183)
2024-09-10 06:20:06,595 DEBUG server.RaftServer$Division (RaftServerImpl.java:logAppendEntries(1539)) - s7@group-5D788F7A274C: appendEntries* s0->s7#520-t1,previous=(t:1, i:183),leaderCommit=183,initializing? false,entries: size=1, first=(t:1, i:184), METADATAENTRY(c:183)
2024-09-10 06:20:06,595 DEBUG server.RaftServer$Division (RaftServerImpl.java:logAppendEntries(1539)) - s5@group-5D788F7A274C: appendEntries* s0->s5#600-t1,previous=(t:1, i:183),leaderCommit=183,initializing? false,entries: size=1, first=(t:1, i:184), METADATAENTRY(c:183)
2024-09-10 06:20:06,595 DEBUG server.RaftServer$Division (RaftServerImpl.java:logAppendEntries(1539)) - s6@group-5D788F7A274C: appendEntries* reply s0<-s6#615:OK-t1,SUCCESS,nextIndex=185,followerCommit=183,matchIndex=184
2024-09-10 06:20:06,595 DEBUG server.RaftServer$Division (RaftServerImpl.java:logAppendEntries(1539)) - s1@group-5D788F7A274C: appendEntries* reply s0<-s1#976:OK-t1,SUCCESS,nextIndex=185,followerCommit=183,matchIndex=184
2024-09-10 06:20:06,595 DEBUG server.RaftServer$Division (RaftServerImpl.java:logAppendEntries(1539)) - s5@group-5D788F7A274C: appendEntries* reply s0<-s5#600:OK-t1,SUCCESS,nextIndex=185,followerCommit=183,matchIndex=184
2024-09-10 06:20:06,596 DEBUG server.RaftServer$Division (RaftServerImpl.java:logAppendEntries(1539)) - s13@group-5D788F7A274C: appendEntries* s0->s13#552-t1,previous=(t:1, i:183),leaderCommit=183,initializing? false,entries: size=1, first=(t:1, i:184), METADATAENTRY(c:183)
2024-09-10 06:20:06,596 DEBUG server.RaftServer$Division (RaftServerImpl.java:logAppendEntries(1539)) - s7@group-5D788F7A274C: appendEntries* reply s0<-s7#520:OK-t1,SUCCESS,nextIndex=185,followerCommit=183,matchIndex=184
2024-09-10 06:20:06,596 DEBUG server.RaftServer$Division (RaftServerImpl.java:logAppendEntries(1539)) - s2@group-5D788F7A274C: appendEntries* s0->s2#581-t1,previous=(t:1, i:183),leaderCommit=183,initializing? false,entries: size=1, first=(t:1, i:184), METADATAENTRY(c:183)
2024-09-10 06:20:06,596 DEBUG server.RaftServer$Division (RaftServerImpl.java:logAppendEntries(1539)) - s9@group-5D788F7A274C: appendEntries* s0->s9#602-t1,previous=(t:1, i:183),leaderCommit=183,initializing? false,entries: size=1, first=(t:1, i:184), METADATAENTRY(c:183)
2024-09-10 06:20:06,596 DEBUG server.RaftServer$Division (RaftServerImpl.java:logAppendEntries(1539)) - s3@group-5D788F7A274C: appendEntries* s0->s3#597-t1,previous=(t:1, i:183),leaderCommit=183,initializing? false,entries: size=1, first=(t:1, i:184), METADATAENTRY(c:183)
2024-09-10 06:20:06,596 DEBUG server.RaftServer$Division (RaftServerImpl.java:logAppendEntries(1539)) - s9@group-5D788F7A274C: appendEntries* reply s0<-s9#602:OK-t1,SUCCESS,nextIndex=185,followerCommit=183,matchIndex=184
2024-09-10 06:20:06,596 DEBUG server.RaftServer$Division (RaftServerImpl.java:logAppendEntries(1539)) - s13@group-5D788F7A274C: appendEntries* reply s0<-s13#552:OK-t1,SUCCESS,nextIndex=185,followerCommit=183,matchIndex=184
2024-09-10 06:20:06,596 DEBUG server.RaftServer$Division (RaftServerImpl.java:logAppendEntries(1539)) - s3@group-5D788F7A274C: appendEntries* reply s0<-s3#597:OK-t1,SUCCESS,nextIndex=185,followerCommit=183,matchIndex=184
2024-09-10 06:20:06,596 DEBUG server.RaftServer$Division (RaftServerImpl.java:logAppendEntries(1539)) - s2@group-5D788F7A274C: appendEntries* reply s0<-s2#581:OK-t1,SUCCESS,nextIndex=185,followerCommit=183,matchIndex=184
2024-09-10 06:20:06,598 DEBUG server.RaftServer$Division (RaftServerImpl.java:logAppendEntries(1539)) - s10@group-5D788F7A274C: appendEntries* s0->s10#1041-t1,previous=(t:1, i:183),leaderCommit=183,initializing? false,entries: size=1, first=(t:1, i:184), METADATAENTRY(c:183)
2024-09-10 06:20:06,598 DEBUG server.RaftServer$Division (RaftServerImpl.java:logAppendEntries(1539)) - s11@group-5D788F7A274C: appendEntries* s0->s11#682-t1,previous=(t:1, i:183),leaderCommit=183,initializing? false,entries: size=1, first=(t:1, i:184), METADATAENTRY(c:183)
2024-09-10 06:20:06,598 DEBUG server.RaftServer$Division (RaftServerImpl.java:logAppendEntries(1539)) - s12@group-5D788F7A274C: appendEntries* s0->s12#640-t1,previous=(t:1, i:183),leaderCommit=183,initializing? false,entries: size=1, first=(t:1, i:184), METADATAENTRY(c:183)
2024-09-10 06:20:06,598 DEBUG server.RaftServer$Division (RaftServerImpl.java:logAppendEntries(1539)) - s4@group-5D788F7A274C: appendEntries* s0->s4#566-t1,previous=(t:1, i:183),leaderCommit=183,initializing? false,entries: size=1, first=(t:1, i:184), METADATAENTRY(c:183)
2024-09-10 06:20:06,598 DEBUG server.RaftServer$Division (RaftServerImpl.java:logAppendEntries(1539)) - s11@group-5D788F7A274C: appendEntries* reply s0<-s11#682:OK-t1,SUCCESS,nextIndex=185,followerCommit=183,matchIndex=184
2024-09-10 06:20:06,598 DEBUG server.RaftServer$Division (RaftServerImpl.java:logAppendEntries(1539)) - s8@group-5D788F7A274C: appendEntries* s0->s8#657-t1,previous=(t:1, i:183),leaderCommit=183,initializing? false,entries: size=1, first=(t:1, i:184), METADATAENTRY(c:183)
2024-09-10 06:20:06,598 DEBUG server.RaftServer$Division (RaftServerImpl.java:logAppendEntries(1539)) - s10@group-5D788F7A274C: appendEntries* reply s0<-s10#1041:OK-t1,SUCCESS,nextIndex=185,followerCommit=183,matchIndex=184
2024-09-10 06:20:06,598 DEBUG server.RaftServer$Division (RaftServerImpl.java:logAppendEntries(1539)) - s4@group-5D788F7A274C: appendEntries* reply s0<-s4#566:OK-t1,SUCCESS,nextIndex=185,followerCommit=183,matchIndex=184
2024-09-10 06:20:06,599 DEBUG server.RaftServer$Division (RaftServerImpl.java:logAppendEntries(1539)) - s8@group-5D788F7A274C: appendEntries* reply s0<-s8#657:OK-t1,SUCCESS,nextIndex=185,followerCommit=183,matchIndex=184
2024-09-10 06:20:06,598 DEBUG server.RaftServer$Division (RaftServerImpl.java:logAppendEntries(1539)) - s12@group-5D788F7A274C: appendEntries* reply s0<-s12#640:OK-t1,SUCCESS,nextIndex=185,followerCommit=183,matchIndex=184
2024-09-10 06:20:06,600 DEBUG server.RaftServer$Division (RaftServerImpl.java:submitClientRequestAsync(910)) - s0@group-5D788F7A274C: receive client request(RaftClientRequest:client-04EF324C57E0->s0@group-5D788F7A274C, cid=4523, seq=null, RW, Message:01016304010300040201...(size=17))
2024-09-10 06:20:06,600 DEBUG server.RaftServer$Division (LeaderStateImpl.java:addPendingRequest(532)) - s0@group-5D788F7A274C-LeaderStateImpl: addPendingRequest at RaftClientRequest:client-04EF324C57E0->s0@group-5D788F7A274C, cid=4523, seq=null, RW, Message:01016304010300040201...(size=17), entry=(t:1, i:185), STATEMACHINELOGENTRY, WRITE: logData.size=17, stateMachineData.size=0, logEntryProtoSerializedSize=0
2024-09-10 06:20:06,601 DEBUG server.RaftServer$Division (RaftServerImpl.java:logAppendEntries(1539)) - s6@group-5D788F7A274C: appendEntries* s0->s6#628-t1,previous=(t:1, i:184),leaderCommit=184,initializing? false,entries: size=1, first=(t:1, i:185), STATEMACHINELOGENTRY, StateMachineLogEntryProto:4523@client-04EF324C57E0
2024-09-10 06:20:06,601 DEBUG server.RaftServer$Division (RaftServerImpl.java:logAppendEntries(1539)) - s10@group-5D788F7A274C: appendEntries* s0->s10#1060-t1,previous=(t:1, i:184),leaderCommit=184,initializing? false,entries: size=1, first=(t:1, i:185), STATEMACHINELOGENTRY, StateMachineLogEntryProto:4523@client-04EF324C57E0
2024-09-10 06:20:06,602 DEBUG server.RaftServer$Division (RaftServerImpl.java:logAppendEntries(1539)) - s11@group-5D788F7A274C: appendEntries* s0->s11#701-t1,previous=(t:1, i:184),leaderCommit=184,initializing? false,entries: size=1, first=(t:1, i:185), STATEMACHINELOGENTRY, StateMachineLogEntryProto:4523@client-04EF324C57E0
2024-09-10 06:20:06,602 DEBUG server.RaftServer$Division (RaftServerImpl.java:logAppendEntries(1539)) - s12@group-5D788F7A274C: appendEntries* s0->s12#658-t1,previous=(t:1, i:184),leaderCommit=184,initializing? false,entries: size=1, first=(t:1, i:185), STATEMACHINELOGENTRY, StateMachineLogEntryProto:4523@client-04EF324C57E0
2024-09-10 06:20:06,602 DEBUG server.RaftServer$Division (RaftServerImpl.java:logAppendEntries(1539)) - s7@group-5D788F7A274C: appendEntries* s0->s7#532-t1,previous=(t:1, i:184),leaderCommit=184,initializing? false,entries: size=1, first=(t:1, i:185), STATEMACHINELOGENTRY, StateMachineLogEntryProto:4523@client-04EF324C57E0
2024-09-10 06:20:06,602 DEBUG server.RaftServer$Division (RaftServerImpl.java:logAppendEntries(1539)) - s8@group-5D788F7A274C: appendEntries* s0->s8#668-t1,previous=(t:1, i:184),leaderCommit=184,initializing? false,entries: size=1, first=(t:1, i:185), STATEMACHINELOGENTRY, StateMachineLogEntryProto:4523@client-04EF324C57E0
2024-09-10 06:20:06,601 DEBUG server.RaftServer$Division (RaftServerImpl.java:logAppendEntries(1539)) - s5@group-5D788F7A274C: appendEntries* s0->s5#619-t1,previous=(t:1, i:184),leaderCommit=184,initializing? false,entries: size=1, first=(t:1, i:185), STATEMACHINELOGENTRY, StateMachineLogEntryProto:4523@client-04EF324C57E0
2024-09-10 06:20:06,601 DEBUG server.RaftServer$Division (RaftServerImpl.java:logAppendEntries(1539)) - s13@group-5D788F7A274C: appendEntries* s0->s13#568-t1,previous=(t:1, i:184),leaderCommit=184,initializing? false,entries: size=1, first=(t:1, i:185), STATEMACHINELOGENTRY, StateMachineLogEntryProto:4523@client-04EF324C57E0
2024-09-10 06:20:06,602 DEBUG server.RaftServer$Division (RaftServerImpl.java:logAppendEntries(1539)) - s8@group-5D788F7A274C: appendEntries* reply s0<-s8#668:OK-t1,SUCCESS,nextIndex=186,followerCommit=184,matchIndex=185
2024-09-10 06:20:06,602 DEBUG server.RaftServer$Division (RaftServerImpl.java:logAppendEntries(1539)) - s11@group-5D788F7A274C: appendEntries* reply s0<-s11#701:OK-t1,SUCCESS,nextIndex=186,followerCommit=184,matchIndex=185
2024-09-10 06:20:06,602 DEBUG server.RaftServer$Division (RaftServerImpl.java:logAppendEntries(1539)) - s14@group-5D788F7A274C: appendEntries* s0->s14#411-t1,previous=(t:1, i:184),leaderCommit=184,initializing? false,entries: size=1, first=(t:1, i:185), STATEMACHINELOGENTRY, StateMachineLogEntryProto:4523@client-04EF324C57E0
2024-09-10 06:20:06,602 DEBUG server.RaftServer$Division (RaftServerImpl.java:logAppendEntries(1539)) - s12@group-5D788F7A274C: appendEntries* reply s0<-s12#658:OK-t1,SUCCESS,nextIndex=186,followerCommit=184,matchIndex=185
2024-09-10 06:20:06,602 DEBUG server.RaftServer$Division (RaftServerImpl.java:logAppendEntries(1539)) - s4@group-5D788F7A274C: appendEntries* s0->s4#584-t1,previous=(t:1, i:184),leaderCommit=184,initializing? false,entries: size=1, first=(t:1, i:185), STATEMACHINELOGENTRY, StateMachineLogEntryProto:4523@client-04EF324C57E0
2024-09-10 06:20:06,603 DEBUG server.RaftServer$Division (RaftServerImpl.java:logAppendEntries(1539)) - s2@group-5D788F7A274C: appendEntries* s0->s2#601-t1,previous=(t:1, i:184),leaderCommit=184,initializing? false,entries: size=1, first=(t:1, i:185), STATEMACHINELOGENTRY, StateMachineLogEntryProto:4523@client-04EF324C57E0
2024-09-10 06:20:06,603 DEBUG server.RaftServer$Division (RaftServerImpl.java:logAppendEntries(1539)) - s9@group-5D788F7A274C: appendEntries* s0->s9#623-t1,previous=(t:1, i:184),leaderCommit=184,initializing? false,entries: size=1, first=(t:1, i:185), STATEMACHINELOGENTRY, StateMachineLogEntryProto:4523@client-04EF324C57E0
2024-09-10 06:20:06,603 DEBUG server.RaftServer$Division (RaftServerImpl.java:logAppendEntries(1539)) - s13@group-5D788F7A274C: appendEntries* reply s0<-s13#568:OK-t1,SUCCESS,nextIndex=186,followerCommit=184,matchIndex=185
2024-09-10 06:20:06,602 DEBUG server.RaftServer$Division (RaftServerImpl.java:logAppendEntries(1539)) - s1@group-5D788F7A274C: appendEntries* s0->s1#983-t1,previous=(t:1, i:184),leaderCommit=184,initializing? false,entries: size=1, first=(t:1, i:185), STATEMACHINELOGENTRY, StateMachineLogEntryProto:4523@client-04EF324C57E0
2024-09-10 06:20:06,603 DEBUG server.RaftServer$Division (RaftServerImpl.java:logAppendEntries(1539)) - s4@group-5D788F7A274C: appendEntries* reply s0<-s4#584:OK-t1,SUCCESS,nextIndex=186,followerCommit=184,matchIndex=185
2024-09-10 06:20:06,603 DEBUG server.RaftServer$Division (RaftServerImpl.java:logAppendEntries(1539)) - s3@group-5D788F7A274C: appendEntries* s0->s3#616-t1,previous=(t:1, i:184),leaderCommit=184,initializing? false,entries: size=1, first=(t:1, i:185), STATEMACHINELOGENTRY, StateMachineLogEntryProto:4523@client-04EF324C57E0
2024-09-10 06:20:06,603 DEBUG server.RaftServer$Division (RaftServerImpl.java:logAppendEntries(1539)) - s6@group-5D788F7A274C: appendEntries* reply s0<-s6#628:OK-t1,SUCCESS,nextIndex=186,followerCommit=184,matchIndex=185
2024-09-10 06:20:06,604 DEBUG server.RaftServer$Division (RaftServerImpl.java:logAppendEntries(1539)) - s9@group-5D788F7A274C: appendEntries* reply s0<-s9#623:OK-t1,SUCCESS,nextIndex=186,followerCommit=184,matchIndex=185
2024-09-10 06:20:06,604 DEBUG server.RaftServer$Division (RaftServerImpl.java:logAppendEntries(1539)) - s7@group-5D788F7A274C: appendEntries* reply s0<-s7#532:OK-t1,SUCCESS,nextIndex=186,followerCommit=184,matchIndex=185
2024-09-10 06:20:06,604 DEBUG server.RaftServer$Division (RaftServerImpl.java:logAppendEntries(1539)) - s10@group-5D788F7A274C: appendEntries* reply s0<-s10#1060:OK-t1,SUCCESS,nextIndex=186,followerCommit=184,matchIndex=185
2024-09-10 06:20:06,604 DEBUG server.RaftServer$Division (RaftServerImpl.java:logAppendEntries(1539)) - s1@group-5D788F7A274C: appendEntries* reply s0<-s1#983:OK-t1,SUCCESS,nextIndex=186,followerCommit=184,matchIndex=185
2024-09-10 06:20:06,604 DEBUG server.RaftServer$Division (RaftServerImpl.java:logAppendEntries(1539)) - s3@group-5D788F7A274C: appendEntries* reply s0<-s3#616:OK-t1,SUCCESS,nextIndex=186,followerCommit=184,matchIndex=185
2024-09-10 06:20:06,604 DEBUG server.RaftServer$Division (RaftServerImpl.java:logAppendEntries(1539)) - s5@group-5D788F7A274C: appendEntries* reply s0<-s5#619:OK-t1,SUCCESS,nextIndex=186,followerCommit=184,matchIndex=185
2024-09-10 06:20:06,604 DEBUG server.RaftServer$Division (RaftServerImpl.java:logAppendEntries(1539)) - s14@group-5D788F7A274C: appendEntries* reply s0<-s14#411:OK-t1,SUCCESS,nextIndex=186,followerCommit=184,matchIndex=185
2024-09-10 06:20:06,604 DEBUG server.RaftServer$Division (RaftServerImpl.java:logAppendEntries(1539)) - s2@group-5D788F7A274C: appendEntries* reply s0<-s2#601:OK-t1,SUCCESS,nextIndex=186,followerCommit=184,matchIndex=185
2024-09-10 06:20:06,605 INFO  statemachine.StateMachine (ArithmeticStateMachine.java:applyTransaction(181)) - LEADER:s0-185: c = √(a^2 + b^2) = 6161
2024-09-10 06:20:06,606 DEBUG server.RaftServer$Division (RaftServerImpl.java:logAppendEntries(1539)) - s14@group-5D788F7A274C: appendEntries* s0->s14#418-t1,previous=(t:1, i:185),leaderCommit=185,initializing? false,entries: size=1, first=(t:1, i:186), METADATAENTRY(c:185)
2024-09-10 06:20:06,606 DEBUG server.RaftServer$Division (RaftServerImpl.java:logAppendEntries(1539)) - s5@group-5D788F7A274C: appendEntries* s0->s5#626-t1,previous=(t:1, i:185),leaderCommit=185,initializing? false,entries: size=1, first=(t:1, i:186), METADATAENTRY(c:185)
2024-09-10 06:20:06,606 DEBUG server.RaftServer$Division (RaftServerImpl.java:logAppendEntries(1539)) - s6@group-5D788F7A274C: appendEntries* s0->s6#636-t1,previous=(t:1, i:185),leaderCommit=185,initializing? false,entries: size=1, first=(t:1, i:186), METADATAENTRY(c:185)
2024-09-10 06:20:06,606 DEBUG server.RaftServer$Division (RaftServerImpl.java:logAppendEntries(1539)) - s13@group-5D788F7A274C: appendEntries* s0->s13#569-t1,previous=(t:1, i:185),leaderCommit=185,initializing? false,entries: size=1, first=(t:1, i:186), METADATAENTRY(c:185)
2024-09-10 06:20:06,606 DEBUG server.RaftServer$Division (RaftServerImpl.java:logAppendEntries(1539)) - s7@group-5D788F7A274C: appendEntries* s0->s7#536-t1,previous=(t:1, i:185),leaderCommit=185,initializing? false,entries: size=1, first=(t:1, i:186), METADATAENTRY(c:185)
2024-09-10 06:20:06,606 DEBUG server.RaftServer$Division (RaftServerImpl.java:logAppendEntries(1539)) - s6@group-5D788F7A274C: appendEntries* reply s0<-s6#636:OK-t1,SUCCESS,nextIndex=187,followerCommit=185,matchIndex=186
2024-09-10 06:20:06,607 DEBUG server.RaftServer$Division (RaftServerImpl.java:logAppendEntries(1539)) - s14@group-5D788F7A274C: appendEntries* reply s0<-s14#418:OK-t1,SUCCESS,nextIndex=187,followerCommit=185,matchIndex=186
2024-09-10 06:20:06,607 DEBUG server.RaftServer$Division (RaftServerImpl.java:logAppendEntries(1539)) - s12@group-5D788F7A274C: appendEntries* s0->s12#664-t1,previous=(t:1, i:185),leaderCommit=185,initializing? false,entries: size=1, first=(t:1, i:186), METADATAENTRY(c:185)
2024-09-10 06:20:06,607 DEBUG server.RaftServer$Division (RaftServerImpl.java:logAppendEntries(1539)) - s7@group-5D788F7A274C: appendEntries* reply s0<-s7#536:OK-t1,SUCCESS,nextIndex=187,followerCommit=185,matchIndex=186
2024-09-10 06:20:06,607 DEBUG server.RaftServer$Division (RaftServerImpl.java:logAppendEntries(1539)) - s4@group-5D788F7A274C: appendEntries* s0->s4#588-t1,previous=(t:1, i:185),leaderCommit=185,initializing? false,entries: size=1, first=(t:1, i:186), METADATAENTRY(c:185)
2024-09-10 06:20:06,607 DEBUG server.RaftServer$Division (RaftServerImpl.java:logAppendEntries(1539)) - s10@group-5D788F7A274C: appendEntries* s0->s10#1066-t1,previous=(t:1, i:185),leaderCommit=185,initializing? false,entries: size=1, first=(t:1, i:186), METADATAENTRY(c:185)
2024-09-10 06:20:06,607 DEBUG server.RaftServer$Division (RaftServerImpl.java:logAppendEntries(1539)) - s11@group-5D788F7A274C: appendEntries* s0->s11#704-t1,previous=(t:1, i:185),leaderCommit=185,initializing? false,entries: size=1, first=(t:1, i:186), METADATAENTRY(c:185)
2024-09-10 06:20:06,607 DEBUG server.RaftServer$Division (RaftServerImpl.java:logAppendEntries(1539)) - s5@group-5D788F7A274C: appendEntries* reply s0<-s5#626:OK-t1,SUCCESS,nextIndex=187,followerCommit=185,matchIndex=186
2024-09-10 06:20:06,607 DEBUG server.RaftServer$Division (RaftServerImpl.java:logAppendEntries(1539)) - s1@group-5D788F7A274C: appendEntries* s0->s1#989-t1,previous=(t:1, i:185),leaderCommit=185,initializing? false,entries: size=1, first=(t:1, i:186), METADATAENTRY(c:185)
2024-09-10 06:20:06,607 DEBUG server.RaftServer$Division (RaftServerImpl.java:logAppendEntries(1539)) - s12@group-5D788F7A274C: appendEntries* reply s0<-s12#664:OK-t1,SUCCESS,nextIndex=187,followerCommit=185,matchIndex=186
2024-09-10 06:20:06,607 DEBUG server.RaftServer$Division (RaftServerImpl.java:logAppendEntries(1539)) - s8@group-5D788F7A274C: appendEntries* s0->s8#669-t1,previous=(t:1, i:185),leaderCommit=185,initializing? false,entries: size=1, first=(t:1, i:186), METADATAENTRY(c:185)
2024-09-10 06:20:06,607 DEBUG server.RaftServer$Division (RaftServerImpl.java:logAppendEntries(1539)) - s13@group-5D788F7A274C: appendEntries* reply s0<-s13#569:OK-t1,SUCCESS,nextIndex=187,followerCommit=185,matchIndex=186
2024-09-10 06:20:06,609 DEBUG server.RaftServer$Division (RaftServerImpl.java:logAppendEntries(1539)) - s3@group-5D788F7A274C: appendEntries* s0->s3#623-t1,previous=(t:1, i:185),leaderCommit=185,initializing? false,entries: size=1, first=(t:1, i:186), METADATAENTRY(c:185)
2024-09-10 06:20:06,609 DEBUG server.RaftServer$Division (RaftServerImpl.java:logAppendEntries(1539)) - s9@group-5D788F7A274C: appendEntries* s0->s9#631-t1,previous=(t:1, i:185),leaderCommit=185,initializing? false,entries: size=1, first=(t:1, i:186), METADATAENTRY(c:185)
2024-09-10 06:20:06,609 DEBUG server.RaftServer$Division (RaftServerImpl.java:logAppendEntries(1539)) - s2@group-5D788F7A274C: appendEntries* s0->s2#609-t1,previous=(t:1, i:185),leaderCommit=185,initializing? false,entries: size=1, first=(t:1, i:186), METADATAENTRY(c:185)
2024-09-10 06:20:06,609 DEBUG server.RaftServer$Division (RaftServerImpl.java:logAppendEntries(1539)) - s4@group-5D788F7A274C: appendEntries* reply s0<-s4#588:OK-t1,SUCCESS,nextIndex=187,followerCommit=185,matchIndex=186
2024-09-10 06:20:06,609 DEBUG server.RaftServer$Division (RaftServerImpl.java:logAppendEntries(1539)) - s10@group-5D788F7A274C: appendEntries* reply s0<-s10#1066:OK-t1,SUCCESS,nextIndex=187,followerCommit=185,matchIndex=186
2024-09-10 06:20:06,610 DEBUG server.RaftServer$Division (RaftServerImpl.java:logAppendEntries(1539)) - s11@group-5D788F7A274C: appendEntries* reply s0<-s11#704:OK-t1,SUCCESS,nextIndex=187,followerCommit=185,matchIndex=186
2024-09-10 06:20:06,610 DEBUG server.RaftServer$Division (RaftServerImpl.java:logAppendEntries(1539)) - s2@group-5D788F7A274C: appendEntries* reply s0<-s2#609:OK-t1,SUCCESS,nextIndex=187,followerCommit=185,matchIndex=186
2024-09-10 06:20:06,610 DEBUG server.RaftServer$Division (RaftServerImpl.java:logAppendEntries(1539)) - s1@group-5D788F7A274C: appendEntries* reply s0<-s1#989:OK-t1,SUCCESS,nextIndex=187,followerCommit=185,matchIndex=186
2024-09-10 06:20:06,610 DEBUG server.RaftServer$Division (RaftServerImpl.java:logAppendEntries(1539)) - s8@group-5D788F7A274C: appendEntries* reply s0<-s8#669:OK-t1,SUCCESS,nextIndex=187,followerCommit=185,matchIndex=186
2024-09-10 06:20:06,610 DEBUG server.RaftServer$Division (RaftServerImpl.java:logAppendEntries(1539)) - s3@group-5D788F7A274C: appendEntries* reply s0<-s3#623:OK-t1,SUCCESS,nextIndex=187,followerCommit=185,matchIndex=186
2024-09-10 06:20:06,610 DEBUG server.RaftServer$Division (RaftServerImpl.java:logAppendEntries(1539)) - s9@group-5D788F7A274C: appendEntries* reply s0<-s9#631:OK-t1,SUCCESS,nextIndex=187,followerCommit=185,matchIndex=186
2024-09-10 06:20:06,611 DEBUG server.RaftServer$Division (RaftServerImpl.java:submitClientRequestAsync(910)) - s0@group-5D788F7A274C: receive client request(RaftClientRequest:client-04EF324C57E0->s0@group-5D788F7A274C, cid=4524, seq=null, RW, Message:01016100)
2024-09-10 06:20:06,612 DEBUG server.RaftServer$Division (LeaderStateImpl.java:addPendingRequest(532)) - s0@group-5D788F7A274C-LeaderStateImpl: addPendingRequest at RaftClientRequest:client-04EF324C57E0->s0@group-5D788F7A274C, cid=4524, seq=null, RW, Message:01016100, entry=(t:1, i:187), STATEMACHINELOGENTRY, WRITE: logData.size=4, stateMachineData.size=0, logEntryProtoSerializedSize=0
2024-09-10 06:20:06,612 DEBUG server.RaftServer$Division (RaftServerImpl.java:logAppendEntries(1539)) - s14@group-5D788F7A274C: appendEntries* s0->s14#429-t1,previous=(t:1, i:186),leaderCommit=186,initializing? false,entries: size=1, first=(t:1, i:187), STATEMACHINELOGENTRY, StateMachineLogEntryProto:4524@client-04EF324C57E0
2024-09-10 06:20:06,613 DEBUG server.RaftServer$Division (RaftServerImpl.java:logAppendEntries(1539)) - s6@group-5D788F7A274C: appendEntries* s0->s6#647-t1,previous=(t:1, i:186),leaderCommit=186,initializing? false,entries: size=1, first=(t:1, i:187), STATEMACHINELOGENTRY, StateMachineLogEntryProto:4524@client-04EF324C57E0
2024-09-10 06:20:06,613 DEBUG server.RaftServer$Division (RaftServerImpl.java:logAppendEntries(1539)) - s12@group-5D788F7A274C: appendEntries* s0->s12#678-t1,previous=(t:1, i:186),leaderCommit=186,initializing? false,entries: size=1, first=(t:1, i:187), STATEMACHINELOGENTRY, StateMachineLogEntryProto:4524@client-04EF324C57E0
2024-09-10 06:20:06,613 DEBUG server.RaftServer$Division (RaftServerImpl.java:logAppendEntries(1539)) - s13@group-5D788F7A274C: appendEntries* s0->s13#579-t1,previous=(t:1, i:186),leaderCommit=186,initializing? false,entries: size=1, first=(t:1, i:187), STATEMACHINELOGENTRY, StateMachineLogEntryProto:4524@client-04EF324C57E0
2024-09-10 06:20:06,613 DEBUG server.RaftServer$Division (RaftServerImpl.java:logAppendEntries(1539)) - s10@group-5D788F7A274C: appendEntries* s0->s10#1079-t1,previous=(t:1, i:186),leaderCommit=186,initializing? false,entries: size=1, first=(t:1, i:187), STATEMACHINELOGENTRY, StateMachineLogEntryProto:4524@client-04EF324C57E0
2024-09-10 06:20:06,613 DEBUG server.RaftServer$Division (RaftServerImpl.java:logAppendEntries(1539)) - s7@group-5D788F7A274C: appendEntries* s0->s7#543-t1,previous=(t:1, i:186),leaderCommit=186,initializing? false,entries: size=1, first=(t:1, i:187), STATEMACHINELOGENTRY, StateMachineLogEntryProto:4524@client-04EF324C57E0
2024-09-10 06:20:06,613 DEBUG server.RaftServer$Division (RaftServerImpl.java:logAppendEntries(1539)) - s12@group-5D788F7A274C: appendEntries* reply s0<-s12#678:OK-t1,SUCCESS,nextIndex=188,followerCommit=186,matchIndex=187
2024-09-10 06:20:06,613 DEBUG server.RaftServer$Division (RaftServerImpl.java:logAppendEntries(1539)) - s10@group-5D788F7A274C: appendEntries* reply s0<-s10#1079:OK-t1,SUCCESS,nextIndex=188,followerCommit=186,matchIndex=187
2024-09-10 06:20:06,613 DEBUG server.RaftServer$Division (RaftServerImpl.java:logAppendEntries(1539)) - s4@group-5D788F7A274C: appendEntries* s0->s4#601-t1,previous=(t:1, i:186),leaderCommit=186,initializing? false,entries: size=1, first=(t:1, i:187), STATEMACHINELOGENTRY, StateMachineLogEntryProto:4524@client-04EF324C57E0
2024-09-10 06:20:06,613 DEBUG server.RaftServer$Division (RaftServerImpl.java:logAppendEntries(1539)) - s6@group-5D788F7A274C: appendEntries* reply s0<-s6#647:OK-t1,SUCCESS,nextIndex=188,followerCommit=186,matchIndex=187
2024-09-10 06:20:06,614 DEBUG server.RaftServer$Division (RaftServerImpl.java:logAppendEntries(1539)) - s14@group-5D788F7A274C: appendEntries* reply s0<-s14#429:OK-t1,SUCCESS,nextIndex=188,followerCommit=186,matchIndex=187
2024-09-10 06:20:06,614 DEBUG server.RaftServer$Division (RaftServerImpl.java:logAppendEntries(1539)) - s7@group-5D788F7A274C: appendEntries* reply s0<-s7#543:OK-t1,SUCCESS,nextIndex=188,followerCommit=186,matchIndex=187
2024-09-10 06:20:06,614 DEBUG server.RaftServer$Division (RaftServerImpl.java:logAppendEntries(1539)) - s4@group-5D788F7A274C: appendEntries* reply s0<-s4#601:OK-t1,SUCCESS,nextIndex=188,followerCommit=186,matchIndex=187
2024-09-10 06:20:06,614 DEBUG server.RaftServer$Division (RaftServerImpl.java:logAppendEntries(1539)) - s11@group-5D788F7A274C: appendEntries* s0->s11#715-t1,previous=(t:1, i:186),leaderCommit=186,initializing? false,entries: size=1, first=(t:1, i:187), STATEMACHINELOGENTRY, StateMachineLogEntryProto:4524@client-04EF324C57E0
2024-09-10 06:20:06,614 DEBUG server.RaftServer$Division (RaftServerImpl.java:logAppendEntries(1539)) - s1@group-5D788F7A274C: appendEntries* s0->s1#999-t1,previous=(t:1, i:186),leaderCommit=186,initializing? false,entries: size=1, first=(t:1, i:187), STATEMACHINELOGENTRY, StateMachineLogEntryProto:4524@client-04EF324C57E0
2024-09-10 06:20:06,614 DEBUG server.RaftServer$Division (RaftServerImpl.java:logAppendEntries(1539)) - s2@group-5D788F7A274C: appendEntries* s0->s2#622-t1,previous=(t:1, i:186),leaderCommit=186,initializing? false,entries: size=1, first=(t:1, i:187), STATEMACHINELOGENTRY, StateMachineLogEntryProto:4524@client-04EF324C57E0
2024-09-10 06:20:06,615 DEBUG server.RaftServer$Division (RaftServerImpl.java:logAppendEntries(1539)) - s11@group-5D788F7A274C: appendEntries* reply s0<-s11#715:OK-t1,SUCCESS,nextIndex=188,followerCommit=186,matchIndex=187
2024-09-10 06:20:06,615 DEBUG server.RaftServer$Division (RaftServerImpl.java:logAppendEntries(1539)) - s3@group-5D788F7A274C: appendEntries* s0->s3#638-t1,previous=(t:1, i:186),leaderCommit=186,initializing? false,entries: size=1, first=(t:1, i:187), STATEMACHINELOGENTRY, StateMachineLogEntryProto:4524@client-04EF324C57E0
2024-09-10 06:20:06,614 DEBUG server.RaftServer$Division (RaftServerImpl.java:logAppendEntries(1539)) - s13@group-5D788F7A274C: appendEntries* reply s0<-s13#579:OK-t1,SUCCESS,nextIndex=188,followerCommit=186,matchIndex=187
2024-09-10 06:20:06,615 DEBUG server.RaftServer$Division (RaftServerImpl.java:logAppendEntries(1539)) - s9@group-5D788F7A274C: appendEntries* s0->s9#646-t1,previous=(t:1, i:186),leaderCommit=186,initializing? false,entries: size=1, first=(t:1, i:187), STATEMACHINELOGENTRY, StateMachineLogEntryProto:4524@client-04EF324C57E0
2024-09-10 06:20:06,615 DEBUG server.RaftServer$Division (RaftServerImpl.java:logAppendEntries(1539)) - s2@group-5D788F7A274C: appendEntries* reply s0<-s2#622:OK-t1,SUCCESS,nextIndex=188,followerCommit=186,matchIndex=187
2024-09-10 06:20:06,615 DEBUG server.RaftServer$Division (RaftServerImpl.java:logAppendEntries(1539)) - s5@group-5D788F7A274C: appendEntries* s0->s5#639-t1,previous=(t:1, i:186),leaderCommit=186,initializing? false,entries: size=1, first=(t:1, i:187), STATEMACHINELOGENTRY, StateMachineLogEntryProto:4524@client-04EF324C57E0
2024-09-10 06:20:06,615 DEBUG server.RaftServer$Division (RaftServerImpl.java:logAppendEntries(1539)) - s3@group-5D788F7A274C: appendEntries* reply s0<-s3#638:OK-t1,SUCCESS,nextIndex=188,followerCommit=186,matchIndex=187
2024-09-10 06:20:06,615 DEBUG server.RaftServer$Division (RaftServerImpl.java:logAppendEntries(1539)) - s1@group-5D788F7A274C: appendEntries* reply s0<-s1#999:OK-t1,SUCCESS,nextIndex=188,followerCommit=186,matchIndex=187
2024-09-10 06:20:06,615 DEBUG server.RaftServer$Division (RaftServerImpl.java:logAppendEntries(1539)) - s8@group-5D788F7A274C: appendEntries* s0->s8#679-t1,previous=(t:1, i:186),leaderCommit=186,initializing? false,entries: size=1, first=(t:1, i:187), STATEMACHINELOGENTRY, StateMachineLogEntryProto:4524@client-04EF324C57E0
2024-09-10 06:20:06,616 INFO  statemachine.StateMachine (ArithmeticStateMachine.java:applyTransaction(181)) - LEADER:s0-187: a = null = null
2024-09-10 06:20:06,616 DEBUG server.RaftServer$Division (RaftServerImpl.java:logAppendEntries(1539)) - s5@group-5D788F7A274C: appendEntries* reply s0<-s5#639:OK-t1,SUCCESS,nextIndex=188,followerCommit=186,matchIndex=187
2024-09-10 06:20:06,615 DEBUG server.RaftServer$Division (RaftServerImpl.java:logAppendEntries(1539)) - s9@group-5D788F7A274C: appendEntries* reply s0<-s9#646:OK-t1,SUCCESS,nextIndex=188,followerCommit=186,matchIndex=187
2024-09-10 06:20:06,616 DEBUG server.RaftServer$Division (RaftServerImpl.java:logAppendEntries(1539)) - s8@group-5D788F7A274C: appendEntries* reply s0<-s8#679:OK-t1,SUCCESS,nextIndex=188,followerCommit=186,matchIndex=187
2024-09-10 06:20:06,617 DEBUG server.RaftServer$Division (RaftServerImpl.java:logAppendEntries(1539)) - s14@group-5D788F7A274C: appendEntries* s0->s14#430-t1,previous=(t:1, i:187),leaderCommit=187,initializing? false,entries: size=1, first=(t:1, i:188), METADATAENTRY(c:187)
2024-09-10 06:20:06,617 DEBUG server.RaftServer$Division (RaftServerImpl.java:logAppendEntries(1539)) - s13@group-5D788F7A274C: appendEntries* s0->s13#582-t1,previous=(t:1, i:187),leaderCommit=187,initializing? false,entries: size=1, first=(t:1, i:188), METADATAENTRY(c:187)
2024-09-10 06:20:06,617 DEBUG server.RaftServer$Division (RaftServerImpl.java:logAppendEntries(1539)) - s14@group-5D788F7A274C: appendEntries* reply s0<-s14#430:OK-t1,SUCCESS,nextIndex=189,followerCommit=187,matchIndex=188
2024-09-10 06:20:06,617 DEBUG server.RaftServer$Division (RaftServerImpl.java:logAppendEntries(1539)) - s7@group-5D788F7A274C: appendEntries* s0->s7#545-t1,previous=(t:1, i:187),leaderCommit=187,initializing? false,entries: size=1, first=(t:1, i:188), METADATAENTRY(c:187)
2024-09-10 06:20:06,618 DEBUG server.RaftServer$Division (RaftServerImpl.java:logAppendEntries(1539)) - s13@group-5D788F7A274C: appendEntries* reply s0<-s13#582:OK-t1,SUCCESS,nextIndex=189,followerCommit=187,matchIndex=188
2024-09-10 06:20:06,617 DEBUG server.RaftServer$Division (RaftServerImpl.java:logAppendEntries(1539)) - s1@group-5D788F7A274C: appendEntries* s0->s1#1002-t1,previous=(t:1, i:187),leaderCommit=187,initializing? false,entries: size=1, first=(t:1, i:188), METADATAENTRY(c:187)
2024-09-10 06:20:06,618 DEBUG server.RaftServer$Division (RaftServerImpl.java:logAppendEntries(1539)) - s4@group-5D788F7A274C: appendEntries* s0->s4#602-t1,previous=(t:1, i:187),leaderCommit=187,initializing? false,entries: size=1, first=(t:1, i:188), METADATAENTRY(c:187)
2024-09-10 06:20:06,618 DEBUG server.RaftServer$Division (RaftServerImpl.java:logAppendEntries(1539)) - s7@group-5D788F7A274C: appendEntries* reply s0<-s7#545:OK-t1,SUCCESS,nextIndex=189,followerCommit=187,matchIndex=188
2024-09-10 06:20:06,618 DEBUG server.RaftServer$Division (RaftServerImpl.java:logAppendEntries(1539)) - s10@group-5D788F7A274C: appendEntries* s0->s10#1081-t1,previous=(t:1, i:187),leaderCommit=187,initializing? false,entries: size=1, first=(t:1, i:188), METADATAENTRY(c:187)
2024-09-10 06:20:06,618 DEBUG server.RaftServer$Division (RaftServerImpl.java:logAppendEntries(1539)) - s1@group-5D788F7A274C: appendEntries* reply s0<-s1#1002:OK-t1,SUCCESS,nextIndex=189,followerCommit=187,matchIndex=188
2024-09-10 06:20:06,618 DEBUG server.RaftServer$Division (RaftServerImpl.java:logAppendEntries(1539)) - s5@group-5D788F7A274C: appendEntries* s0->s5#643-t1,previous=(t:1, i:187),leaderCommit=187,initializing? false,entries: size=1, first=(t:1, i:188), METADATAENTRY(c:187)
2024-09-10 06:20:06,618 DEBUG server.RaftServer$Division (RaftServerImpl.java:logAppendEntries(1539)) - s4@group-5D788F7A274C: appendEntries* reply s0<-s4#602:OK-t1,SUCCESS,nextIndex=189,followerCommit=187,matchIndex=188
2024-09-10 06:20:06,618 DEBUG server.RaftServer$Division (RaftServerImpl.java:logAppendEntries(1539)) - s12@group-5D788F7A274C: appendEntries* s0->s12#680-t1,previous=(t:1, i:187),leaderCommit=187,initializing? false,entries: size=1, first=(t:1, i:188), METADATAENTRY(c:187)
2024-09-10 06:20:06,618 DEBUG server.RaftServer$Division (RaftServerImpl.java:logAppendEntries(1539)) - s6@group-5D788F7A274C: appendEntries* s0->s6#651-t1,previous=(t:1, i:187),leaderCommit=187,initializing? false,entries: size=1, first=(t:1, i:188), METADATAENTRY(c:187)
2024-09-10 06:20:06,618 DEBUG server.RaftServer$Division (RaftServerImpl.java:logAppendEntries(1539)) - s10@group-5D788F7A274C: appendEntries* reply s0<-s10#1081:OK-t1,SUCCESS,nextIndex=189,followerCommit=187,matchIndex=188
2024-09-10 06:20:06,619 DEBUG server.RaftServer$Division (RaftServerImpl.java:logAppendEntries(1539)) - s5@group-5D788F7A274C: appendEntries* reply s0<-s5#643:OK-t1,SUCCESS,nextIndex=189,followerCommit=187,matchIndex=188
2024-09-10 06:20:06,619 DEBUG server.RaftServer$Division (RaftServerImpl.java:logAppendEntries(1539)) - s2@group-5D788F7A274C: appendEntries* s0->s2#626-t1,previous=(t:1, i:187),leaderCommit=187,initializing? false,entries: size=1, first=(t:1, i:188), METADATAENTRY(c:187)
2024-09-10 06:20:06,619 DEBUG server.RaftServer$Division (RaftServerImpl.java:logAppendEntries(1539)) - s6@group-5D788F7A274C: appendEntries* reply s0<-s6#651:OK-t1,SUCCESS,nextIndex=189,followerCommit=187,matchIndex=188
2024-09-10 06:20:06,619 DEBUG server.RaftServer$Division (RaftServerImpl.java:logAppendEntries(1539)) - s12@group-5D788F7A274C: appendEntries* reply s0<-s12#680:OK-t1,SUCCESS,nextIndex=189,followerCommit=187,matchIndex=188
2024-09-10 06:20:06,619 DEBUG server.RaftServer$Division (RaftServerImpl.java:logAppendEntries(1539)) - s2@group-5D788F7A274C: appendEntries* reply s0<-s2#626:OK-t1,SUCCESS,nextIndex=189,followerCommit=187,matchIndex=188
2024-09-10 06:20:06,619 DEBUG server.RaftServer$Division (RaftServerImpl.java:logAppendEntries(1539)) - s9@group-5D788F7A274C: appendEntries* s0->s9#650-t1,previous=(t:1, i:187),leaderCommit=187,initializing? false,entries: size=1, first=(t:1, i:188), METADATAENTRY(c:187)
2024-09-10 06:20:06,620 DEBUG server.RaftServer$Division (RaftServerImpl.java:logAppendEntries(1539)) - s3@group-5D788F7A274C: appendEntries* s0->s3#642-t1,previous=(t:1, i:187),leaderCommit=187,initializing? false,entries: size=1, first=(t:1, i:188), METADATAENTRY(c:187)
2024-09-10 06:20:06,620 DEBUG server.RaftServer$Division (RaftServerImpl.java:logAppendEntries(1539)) - s9@group-5D788F7A274C: appendEntries* reply s0<-s9#650:OK-t1,SUCCESS,nextIndex=189,followerCommit=187,matchIndex=188
2024-09-10 06:20:06,620 DEBUG server.RaftServer$Division (RaftServerImpl.java:logAppendEntries(1539)) - s3@group-5D788F7A274C: appendEntries* reply s0<-s3#642:OK-t1,SUCCESS,nextIndex=189,followerCommit=187,matchIndex=188
2024-09-10 06:20:06,621 DEBUG server.RaftServer$Division (RaftServerImpl.java:logAppendEntries(1539)) - s8@group-5D788F7A274C: appendEntries* s0->s8#681-t1,previous=(t:1, i:187),leaderCommit=187,initializing? false,entries: size=1, first=(t:1, i:188), METADATAENTRY(c:187)
2024-09-10 06:20:06,621 DEBUG server.RaftServer$Division (RaftServerImpl.java:logAppendEntries(1539)) - s11@group-5D788F7A274C: appendEntries* s0->s11#718-t1,previous=(t:1, i:187),leaderCommit=187,initializing? false,entries: size=1, first=(t:1, i:188), METADATAENTRY(c:187)
2024-09-10 06:20:06,621 DEBUG server.RaftServer$Division (RaftServerImpl.java:logAppendEntries(1539)) - s8@group-5D788F7A274C: appendEntries* reply s0<-s8#681:OK-t1,SUCCESS,nextIndex=189,followerCommit=187,matchIndex=188
2024-09-10 06:20:06,621 DEBUG server.RaftServer$Division (RaftServerImpl.java:logAppendEntries(1539)) - s11@group-5D788F7A274C: appendEntries* reply s0<-s11#718:OK-t1,SUCCESS,nextIndex=189,followerCommit=187,matchIndex=188
2024-09-10 06:20:06,624 DEBUG server.RaftServer$Division (RaftServerImpl.java:submitClientRequestAsync(910)) - s0@group-5D788F7A274C: receive client request(RaftClientRequest:client-04EF324C57E0->s0@group-5D788F7A274C, cid=4525, seq=null, RW, Message:01016200)
2024-09-10 06:20:06,624 DEBUG server.RaftServer$Division (LeaderStateImpl.java:addPendingRequest(532)) - s0@group-5D788F7A274C-LeaderStateImpl: addPendingRequest at RaftClientRequest:client-04EF324C57E0->s0@group-5D788F7A274C, cid=4525, seq=null, RW, Message:01016200, entry=(t:1, i:189), STATEMACHINELOGENTRY, WRITE: logData.size=4, stateMachineData.size=0, logEntryProtoSerializedSize=0
2024-09-10 06:20:06,625 DEBUG server.RaftServer$Division (RaftServerImpl.java:logAppendEntries(1539)) - s5@group-5D788F7A274C: appendEntries* s0->s5#661-t1,previous=(t:1, i:188),leaderCommit=188,initializing? false,entries: size=1, first=(t:1, i:189), STATEMACHINELOGENTRY, StateMachineLogEntryProto:4525@client-04EF324C57E0
2024-09-10 06:20:06,625 DEBUG server.RaftServer$Division (RaftServerImpl.java:logAppendEntries(1539)) - s14@group-5D788F7A274C: appendEntries* s0->s14#443-t1,previous=(t:1, i:188),leaderCommit=188,initializing? false,entries: size=1, first=(t:1, i:189), STATEMACHINELOGENTRY, StateMachineLogEntryProto:4525@client-04EF324C57E0
2024-09-10 06:20:06,625 DEBUG server.RaftServer$Division (RaftServerImpl.java:logAppendEntries(1539)) - s7@group-5D788F7A274C: appendEntries* s0->s7#556-t1,previous=(t:1, i:188),leaderCommit=188,initializing? false,entries: size=1, first=(t:1, i:189), STATEMACHINELOGENTRY, StateMachineLogEntryProto:4525@client-04EF324C57E0
2024-09-10 06:20:06,625 DEBUG server.RaftServer$Division (RaftServerImpl.java:logAppendEntries(1539)) - s13@group-5D788F7A274C: appendEntries* s0->s13#595-t1,previous=(t:1, i:188),leaderCommit=188,initializing? false,entries: size=1, first=(t:1, i:189), STATEMACHINELOGENTRY, StateMachineLogEntryProto:4525@client-04EF324C57E0
2024-09-10 06:20:06,625 DEBUG server.RaftServer$Division (RaftServerImpl.java:logAppendEntries(1539)) - s5@group-5D788F7A274C: appendEntries* reply s0<-s5#661:OK-t1,SUCCESS,nextIndex=190,followerCommit=188,matchIndex=189
2024-09-10 06:20:06,625 DEBUG server.RaftServer$Division (RaftServerImpl.java:logAppendEntries(1539)) - s10@group-5D788F7A274C: appendEntries* s0->s10#1096-t1,previous=(t:1, i:188),leaderCommit=188,initializing? false,entries: size=1, first=(t:1, i:189), STATEMACHINELOGENTRY, StateMachineLogEntryProto:4525@client-04EF324C57E0
2024-09-10 06:20:06,625 DEBUG server.RaftServer$Division (RaftServerImpl.java:logAppendEntries(1539)) - s14@group-5D788F7A274C: appendEntries* reply s0<-s14#443:OK-t1,SUCCESS,nextIndex=190,followerCommit=188,matchIndex=189
2024-09-10 06:20:06,625 DEBUG server.RaftServer$Division (RaftServerImpl.java:logAppendEntries(1539)) - s1@group-5D788F7A274C: appendEntries* s0->s1#1016-t1,previous=(t:1, i:188),leaderCommit=188,initializing? false,entries: size=1, first=(t:1, i:189), STATEMACHINELOGENTRY, StateMachineLogEntryProto:4525@client-04EF324C57E0
2024-09-10 06:20:06,626 DEBUG server.RaftServer$Division (RaftServerImpl.java:logAppendEntries(1539)) - s6@group-5D788F7A274C: appendEntries* s0->s6#669-t1,previous=(t:1, i:188),leaderCommit=188,initializing? false,entries: size=1, first=(t:1, i:189), STATEMACHINELOGENTRY, StateMachineLogEntryProto:4525@client-04EF324C57E0
2024-09-10 06:20:06,626 DEBUG server.RaftServer$Division (RaftServerImpl.java:logAppendEntries(1539)) - s8@group-5D788F7A274C: appendEntries* s0->s8#696-t1,previous=(t:1, i:188),leaderCommit=188,initializing? false,entries: size=1, first=(t:1, i:189), STATEMACHINELOGENTRY, StateMachineLogEntryProto:4525@client-04EF324C57E0
2024-09-10 06:20:06,625 DEBUG server.RaftServer$Division (RaftServerImpl.java:logAppendEntries(1539)) - s7@group-5D788F7A274C: appendEntries* reply s0<-s7#556:OK-t1,SUCCESS,nextIndex=190,followerCommit=188,matchIndex=189
2024-09-10 06:20:06,626 DEBUG server.RaftServer$Division (RaftServerImpl.java:logAppendEntries(1539)) - s1@group-5D788F7A274C: appendEntries* reply s0<-s1#1016:OK-t1,SUCCESS,nextIndex=190,followerCommit=188,matchIndex=189
2024-09-10 06:20:06,626 DEBUG server.RaftServer$Division (RaftServerImpl.java:logAppendEntries(1539)) - s12@group-5D788F7A274C: appendEntries* s0->s12#695-t1,previous=(t:1, i:188),leaderCommit=188,initializing? false,entries: size=1, first=(t:1, i:189), STATEMACHINELOGENTRY, StateMachineLogEntryProto:4525@client-04EF324C57E0
2024-09-10 06:20:06,626 DEBUG server.RaftServer$Division (RaftServerImpl.java:logAppendEntries(1539)) - s6@group-5D788F7A274C: appendEntries* reply s0<-s6#669:OK-t1,SUCCESS,nextIndex=190,followerCommit=188,matchIndex=189
2024-09-10 06:20:06,626 DEBUG server.RaftServer$Division (RaftServerImpl.java:logAppendEntries(1539)) - s8@group-5D788F7A274C: appendEntries* reply s0<-s8#696:OK-t1,SUCCESS,nextIndex=190,followerCommit=188,matchIndex=189
2024-09-10 06:20:06,626 DEBUG server.RaftServer$Division (RaftServerImpl.java:logAppendEntries(1539)) - s10@group-5D788F7A274C: appendEntries* reply s0<-s10#1096:OK-t1,SUCCESS,nextIndex=190,followerCommit=188,matchIndex=189
2024-09-10 06:20:06,626 DEBUG server.RaftServer$Division (RaftServerImpl.java:logAppendEntries(1539)) - s4@group-5D788F7A274C: appendEntries* s0->s4#616-t1,previous=(t:1, i:188),leaderCommit=188,initializing? false,entries: size=1, first=(t:1, i:189), STATEMACHINELOGENTRY, StateMachineLogEntryProto:4525@client-04EF324C57E0
2024-09-10 06:20:06,627 DEBUG server.RaftServer$Division (RaftServerImpl.java:logAppendEntries(1539)) - s4@group-5D788F7A274C: appendEntries* reply s0<-s4#616:OK-t1,SUCCESS,nextIndex=190,followerCommit=188,matchIndex=189
2024-09-10 06:20:06,626 DEBUG server.RaftServer$Division (RaftServerImpl.java:logAppendEntries(1539)) - s12@group-5D788F7A274C: appendEntries* reply s0<-s12#695:OK-t1,SUCCESS,nextIndex=190,followerCommit=188,matchIndex=189
2024-09-10 06:20:06,626 DEBUG server.RaftServer$Division (RaftServerImpl.java:logAppendEntries(1539)) - s13@group-5D788F7A274C: appendEntries* reply s0<-s13#595:OK-t1,SUCCESS,nextIndex=190,followerCommit=188,matchIndex=189
2024-09-10 06:20:06,627 DEBUG server.RaftServer$Division (RaftServerImpl.java:logAppendEntries(1539)) - s11@group-5D788F7A274C: appendEntries* s0->s11#735-t1,previous=(t:1, i:188),leaderCommit=188,initializing? false,entries: size=1, first=(t:1, i:189), STATEMACHINELOGENTRY, StateMachineLogEntryProto:4525@client-04EF324C57E0
2024-09-10 06:20:06,628 DEBUG server.RaftServer$Division (RaftServerImpl.java:logAppendEntries(1539)) - s3@group-5D788F7A274C: appendEntries* s0->s3#662-t1,previous=(t:1, i:188),leaderCommit=188,initializing? false,entries: size=1, first=(t:1, i:189), STATEMACHINELOGENTRY, StateMachineLogEntryProto:4525@client-04EF324C57E0
2024-09-10 06:20:06,628 DEBUG server.RaftServer$Division (RaftServerImpl.java:logAppendEntries(1539)) - s11@group-5D788F7A274C: appendEntries* reply s0<-s11#735:OK-t1,SUCCESS,nextIndex=190,followerCommit=188,matchIndex=189
2024-09-10 06:20:06,628 DEBUG server.RaftServer$Division (RaftServerImpl.java:logAppendEntries(1539)) - s2@group-5D788F7A274C: appendEntries* s0->s2#645-t1,previous=(t:1, i:188),leaderCommit=188,initializing? false,entries: size=1, first=(t:1, i:189), STATEMACHINELOGENTRY, StateMachineLogEntryProto:4525@client-04EF324C57E0
2024-09-10 06:20:06,628 INFO  statemachine.StateMachine (ArithmeticStateMachine.java:applyTransaction(181)) - LEADER:s0-189: b = null = null
2024-09-10 06:20:06,628 DEBUG server.RaftServer$Division (RaftServerImpl.java:logAppendEntries(1539)) - s9@group-5D788F7A274C: appendEntries* s0->s9#670-t1,previous=(t:1, i:188),leaderCommit=188,initializing? false,entries: size=1, first=(t:1, i:189), STATEMACHINELOGENTRY, StateMachineLogEntryProto:4525@client-04EF324C57E0
2024-09-10 06:20:06,629 DEBUG server.RaftServer$Division (RaftServerImpl.java:logAppendEntries(1539)) - s6@group-5D788F7A274C: appendEntries* s0->s6#673-t1,previous=(t:1, i:189),leaderCommit=189,initializing? false,entries: size=1, first=(t:1, i:190), METADATAENTRY(c:189)
2024-09-10 06:20:06,629 DEBUG server.RaftServer$Division (RaftServerImpl.java:logAppendEntries(1539)) - s3@group-5D788F7A274C: appendEntries* reply s0<-s3#662:OK-t1,SUCCESS,nextIndex=190,followerCommit=188,matchIndex=189
2024-09-10 06:20:06,629 DEBUG server.RaftServer$Division (RaftServerImpl.java:logAppendEntries(1539)) - s14@group-5D788F7A274C: appendEntries* s0->s14#444-t1,previous=(t:1, i:189),leaderCommit=189,initializing? false,entries: size=1, first=(t:1, i:190), METADATAENTRY(c:189)
2024-09-10 06:20:06,629 DEBUG server.RaftServer$Division (RaftServerImpl.java:logAppendEntries(1539)) - s2@group-5D788F7A274C: appendEntries* reply s0<-s2#645:OK-t1,SUCCESS,nextIndex=190,followerCommit=188,matchIndex=189
2024-09-10 06:20:06,629 DEBUG server.RaftServer$Division (RaftServerImpl.java:logAppendEntries(1539)) - s7@group-5D788F7A274C: appendEntries* s0->s7#557-t1,previous=(t:1, i:189),leaderCommit=189,initializing? false,entries: size=1, first=(t:1, i:190), METADATAENTRY(c:189)
2024-09-10 06:20:06,629 DEBUG server.RaftServer$Division (RaftServerImpl.java:logAppendEntries(1539)) - s14@group-5D788F7A274C: appendEntries* reply s0<-s14#444:OK-t1,SUCCESS,nextIndex=191,followerCommit=189,matchIndex=190
2024-09-10 06:20:06,629 DEBUG server.RaftServer$Division (RaftServerImpl.java:logAppendEntries(1539)) - s9@group-5D788F7A274C: appendEntries* reply s0<-s9#670:OK-t1,SUCCESS,nextIndex=190,followerCommit=188,matchIndex=189
2024-09-10 06:20:06,630 DEBUG server.RaftServer$Division (RaftServerImpl.java:logAppendEntries(1539)) - s6@group-5D788F7A274C: appendEntries* reply s0<-s6#673:OK-t1,SUCCESS,nextIndex=191,followerCommit=189,matchIndex=190
2024-09-10 06:20:06,630 DEBUG server.RaftServer$Division (RaftServerImpl.java:logAppendEntries(1539)) - s7@group-5D788F7A274C: appendEntries* reply s0<-s7#557:OK-t1,SUCCESS,nextIndex=191,followerCommit=189,matchIndex=190
2024-09-10 06:20:06,630 DEBUG server.RaftServer$Division (RaftServerImpl.java:logAppendEntries(1539)) - s13@group-5D788F7A274C: appendEntries* s0->s13#598-t1,previous=(t:1, i:189),leaderCommit=189,initializing? false,entries: size=1, first=(t:1, i:190), METADATAENTRY(c:189)
2024-09-10 06:20:06,630 DEBUG server.RaftServer$Division (RaftServerImpl.java:logAppendEntries(1539)) - s5@group-5D788F7A274C: appendEntries* s0->s5#663-t1,previous=(t:1, i:189),leaderCommit=189,initializing? false,entries: size=1, first=(t:1, i:190), METADATAENTRY(c:189)
2024-09-10 06:20:06,630 DEBUG server.RaftServer$Division (RaftServerImpl.java:logAppendEntries(1539)) - s9@group-5D788F7A274C: appendEntries* s0->s9#676-t1,previous=(t:1, i:189),leaderCommit=189,initializing? false,entries: size=1, first=(t:1, i:190), METADATAENTRY(c:189)
2024-09-10 06:20:06,630 DEBUG server.RaftServer$Division (RaftServerImpl.java:logAppendEntries(1539)) - s2@group-5D788F7A274C: appendEntries* s0->s2#652-t1,previous=(t:1, i:189),leaderCommit=189,initializing? false,entries: size=1, first=(t:1, i:190), METADATAENTRY(c:189)
2024-09-10 06:20:06,631 DEBUG server.RaftServer$Division (RaftServerImpl.java:logAppendEntries(1539)) - s13@group-5D788F7A274C: appendEntries* reply s0<-s13#598:OK-t1,SUCCESS,nextIndex=191,followerCommit=189,matchIndex=190
2024-09-10 06:20:06,631 DEBUG server.RaftServer$Division (RaftServerImpl.java:logAppendEntries(1539)) - s5@group-5D788F7A274C: appendEntries* reply s0<-s5#663:OK-t1,SUCCESS,nextIndex=191,followerCommit=189,matchIndex=190
2024-09-10 06:20:06,631 DEBUG server.RaftServer$Division (RaftServerImpl.java:logAppendEntries(1539)) - s9@group-5D788F7A274C: appendEntries* reply s0<-s9#676:OK-t1,SUCCESS,nextIndex=191,followerCommit=189,matchIndex=190
2024-09-10 06:20:06,631 DEBUG server.RaftServer$Division (RaftServerImpl.java:logAppendEntries(1539)) - s2@group-5D788F7A274C: appendEntries* reply s0<-s2#652:OK-t1,SUCCESS,nextIndex=191,followerCommit=189,matchIndex=190
2024-09-10 06:20:06,631 DEBUG server.RaftServer$Division (RaftServerImpl.java:logAppendEntries(1539)) - s1@group-5D788F7A274C: appendEntries* s0->s1#1018-t1,previous=(t:1, i:189),leaderCommit=189,initializing? false,entries: size=1, first=(t:1, i:190), METADATAENTRY(c:189)
2024-09-10 06:20:06,631 DEBUG server.RaftServer$Division (RaftServerImpl.java:logAppendEntries(1539)) - s4@group-5D788F7A274C: appendEntries* s0->s4#622-t1,previous=(t:1, i:189),leaderCommit=189,initializing? false,entries: size=1, first=(t:1, i:190), METADATAENTRY(c:189)
2024-09-10 06:20:06,632 DEBUG server.RaftServer$Division (RaftServerImpl.java:logAppendEntries(1539)) - s3@group-5D788F7A274C: appendEntries* s0->s3#669-t1,previous=(t:1, i:189),leaderCommit=189,initializing? false,entries: size=1, first=(t:1, i:190), METADATAENTRY(c:189)
2024-09-10 06:20:06,632 DEBUG server.RaftServer$Division (RaftServerImpl.java:logAppendEntries(1539)) - s10@group-5D788F7A274C: appendEntries* s0->s10#1101-t1,previous=(t:1, i:189),leaderCommit=189,initializing? false,entries: size=1, first=(t:1, i:190), METADATAENTRY(c:189)
2024-09-10 06:20:06,632 DEBUG server.RaftServer$Division (RaftServerImpl.java:logAppendEntries(1539)) - s1@group-5D788F7A274C: appendEntries* reply s0<-s1#1018:OK-t1,SUCCESS,nextIndex=191,followerCommit=189,matchIndex=190
2024-09-10 06:20:06,632 DEBUG server.RaftServer$Division (RaftServerImpl.java:logAppendEntries(1539)) - s4@group-5D788F7A274C: appendEntries* reply s0<-s4#622:OK-t1,SUCCESS,nextIndex=191,followerCommit=189,matchIndex=190
2024-09-10 06:20:06,632 DEBUG server.RaftServer$Division (RaftServerImpl.java:logAppendEntries(1539)) - s12@group-5D788F7A274C: appendEntries* s0->s12#700-t1,previous=(t:1, i:189),leaderCommit=189,initializing? false,entries: size=1, first=(t:1, i:190), METADATAENTRY(c:189)
2024-09-10 06:20:06,632 DEBUG server.RaftServer$Division (RaftServerImpl.java:logAppendEntries(1539)) - s3@group-5D788F7A274C: appendEntries* reply s0<-s3#669:OK-t1,SUCCESS,nextIndex=191,followerCommit=189,matchIndex=190
2024-09-10 06:20:06,632 DEBUG server.RaftServer$Division (RaftServerImpl.java:logAppendEntries(1539)) - s10@group-5D788F7A274C: appendEntries* reply s0<-s10#1101:OK-t1,SUCCESS,nextIndex=191,followerCommit=189,matchIndex=190
2024-09-10 06:20:06,632 DEBUG server.RaftServer$Division (RaftServerImpl.java:logAppendEntries(1539)) - s12@group-5D788F7A274C: appendEntries* reply s0<-s12#700:OK-t1,SUCCESS,nextIndex=191,followerCommit=189,matchIndex=190
2024-09-10 06:20:06,633 DEBUG server.RaftServer$Division (RaftServerImpl.java:logAppendEntries(1539)) - s8@group-5D788F7A274C: appendEntries* s0->s8#701-t1,previous=(t:1, i:189),leaderCommit=189,initializing? false,entries: size=1, first=(t:1, i:190), METADATAENTRY(c:189)
2024-09-10 06:20:06,633 DEBUG server.RaftServer$Division (RaftServerImpl.java:logAppendEntries(1539)) - s8@group-5D788F7A274C: appendEntries* reply s0<-s8#701:OK-t1,SUCCESS,nextIndex=191,followerCommit=189,matchIndex=190
2024-09-10 06:20:06,634 DEBUG server.RaftServer$Division (RaftServerImpl.java:logAppendEntries(1539)) - s11@group-5D788F7A274C: appendEntries* s0->s11#740-t1,previous=(t:1, i:189),leaderCommit=189,initializing? false,entries: size=1, first=(t:1, i:190), METADATAENTRY(c:189)
2024-09-10 06:20:06,634 DEBUG server.RaftServer$Division (RaftServerImpl.java:logAppendEntries(1539)) - s11@group-5D788F7A274C: appendEntries* reply s0<-s11#740:OK-t1,SUCCESS,nextIndex=191,followerCommit=189,matchIndex=190
2024-09-10 06:20:06,635 DEBUG server.RaftServer$Division (RaftServerImpl.java:submitClientRequestAsync(910)) - s0@group-5D788F7A274C: receive client request(RaftClientRequest:client-04EF324C57E0->s0@group-5D788F7A274C, cid=4526, seq=null, RW, Message:01016300)
2024-09-10 06:20:06,636 DEBUG server.RaftServer$Division (LeaderStateImpl.java:addPendingRequest(532)) - s0@group-5D788F7A274C-LeaderStateImpl: addPendingRequest at RaftClientRequest:client-04EF324C57E0->s0@group-5D788F7A274C, cid=4526, seq=null, RW, Message:01016300, entry=(t:1, i:191), STATEMACHINELOGENTRY, WRITE: logData.size=4, stateMachineData.size=0, logEntryProtoSerializedSize=0
2024-09-10 06:20:06,637 DEBUG server.RaftServer$Division (RaftServerImpl.java:logAppendEntries(1539)) - s5@group-5D788F7A274C: appendEntries* s0->s5#678-t1,previous=(t:1, i:190),leaderCommit=190,initializing? false,entries: size=1, first=(t:1, i:191), STATEMACHINELOGENTRY, StateMachineLogEntryProto:4526@client-04EF324C57E0
2024-09-10 06:20:06,637 DEBUG server.RaftServer$Division (RaftServerImpl.java:logAppendEntries(1539)) - s6@group-5D788F7A274C: appendEntries* s0->s6#684-t1,previous=(t:1, i:190),leaderCommit=190,initializing? false,entries: size=1, first=(t:1, i:191), STATEMACHINELOGENTRY, StateMachineLogEntryProto:4526@client-04EF324C57E0
2024-09-10 06:20:06,637 DEBUG server.RaftServer$Division (RaftServerImpl.java:logAppendEntries(1539)) - s14@group-5D788F7A274C: appendEntries* s0->s14#453-t1,previous=(t:1, i:190),leaderCommit=190,initializing? false,entries: size=1, first=(t:1, i:191), STATEMACHINELOGENTRY, StateMachineLogEntryProto:4526@client-04EF324C57E0
2024-09-10 06:20:06,637 DEBUG server.RaftServer$Division (RaftServerImpl.java:logAppendEntries(1539)) - s7@group-5D788F7A274C: appendEntries* s0->s7#566-t1,previous=(t:1, i:190),leaderCommit=190,initializing? false,entries: size=1, first=(t:1, i:191), STATEMACHINELOGENTRY, StateMachineLogEntryProto:4526@client-04EF324C57E0
2024-09-10 06:20:06,637 DEBUG server.RaftServer$Division (RaftServerImpl.java:logAppendEntries(1539)) - s13@group-5D788F7A274C: appendEntries* s0->s13#607-t1,previous=(t:1, i:190),leaderCommit=190,initializing? false,entries: size=1, first=(t:1, i:191), STATEMACHINELOGENTRY, StateMachineLogEntryProto:4526@client-04EF324C57E0
2024-09-10 06:20:06,637 DEBUG server.RaftServer$Division (RaftServerImpl.java:logAppendEntries(1539)) - s11@group-5D788F7A274C: appendEntries* s0->s11#761-t1,previous=(t:1, i:190),leaderCommit=190,initializing? false,entries: size=1, first=(t:1, i:191), STATEMACHINELOGENTRY, StateMachineLogEntryProto:4526@client-04EF324C57E0
2024-09-10 06:20:06,637 DEBUG server.RaftServer$Division (RaftServerImpl.java:logAppendEntries(1539)) - s8@group-5D788F7A274C: appendEntries* s0->s8#710-t1,previous=(t:1, i:190),leaderCommit=190,initializing? false,entries: size=1, first=(t:1, i:191), STATEMACHINELOGENTRY, StateMachineLogEntryProto:4526@client-04EF324C57E0
2024-09-10 06:20:06,637 DEBUG server.RaftServer$Division (RaftServerImpl.java:logAppendEntries(1539)) - s10@group-5D788F7A274C: appendEntries* s0->s10#1117-t1,previous=(t:1, i:190),leaderCommit=190,initializing? false,entries: size=1, first=(t:1, i:191), STATEMACHINELOGENTRY, StateMachineLogEntryProto:4526@client-04EF324C57E0
2024-09-10 06:20:06,637 DEBUG server.RaftServer$Division (RaftServerImpl.java:logAppendEntries(1539)) - s12@group-5D788F7A274C: appendEntries* s0->s12#717-t1,previous=(t:1, i:190),leaderCommit=190,initializing? false,entries: size=1, first=(t:1, i:191), STATEMACHINELOGENTRY, StateMachineLogEntryProto:4526@client-04EF324C57E0
2024-09-10 06:20:06,638 DEBUG server.RaftServer$Division (RaftServerImpl.java:logAppendEntries(1539)) - s8@group-5D788F7A274C: appendEntries* reply s0<-s8#710:OK-t1,SUCCESS,nextIndex=192,followerCommit=190,matchIndex=191
2024-09-10 06:20:06,638 DEBUG server.RaftServer$Division (RaftServerImpl.java:logAppendEntries(1539)) - s4@group-5D788F7A274C: appendEntries* s0->s4#634-t1,previous=(t:1, i:190),leaderCommit=190,initializing? false,entries: size=1, first=(t:1, i:191), STATEMACHINELOGENTRY, StateMachineLogEntryProto:4526@client-04EF324C57E0
2024-09-10 06:20:06,638 DEBUG server.RaftServer$Division (RaftServerImpl.java:logAppendEntries(1539)) - s11@group-5D788F7A274C: appendEntries* reply s0<-s11#761:OK-t1,SUCCESS,nextIndex=192,followerCommit=190,matchIndex=191
2024-09-10 06:20:06,638 DEBUG server.RaftServer$Division (RaftServerImpl.java:logAppendEntries(1539)) - s13@group-5D788F7A274C: appendEntries* reply s0<-s13#607:OK-t1,SUCCESS,nextIndex=192,followerCommit=190,matchIndex=191
2024-09-10 06:20:06,638 DEBUG server.RaftServer$Division (RaftServerImpl.java:logAppendEntries(1539)) - s6@group-5D788F7A274C: appendEntries* reply s0<-s6#684:OK-t1,SUCCESS,nextIndex=192,followerCommit=190,matchIndex=191
2024-09-10 06:20:06,638 DEBUG server.RaftServer$Division (RaftServerImpl.java:logAppendEntries(1539)) - s14@group-5D788F7A274C: appendEntries* reply s0<-s14#453:OK-t1,SUCCESS,nextIndex=192,followerCommit=190,matchIndex=191
2024-09-10 06:20:06,638 DEBUG server.RaftServer$Division (RaftServerImpl.java:logAppendEntries(1539)) - s12@group-5D788F7A274C: appendEntries* reply s0<-s12#717:OK-t1,SUCCESS,nextIndex=192,followerCommit=190,matchIndex=191
2024-09-10 06:20:06,638 DEBUG server.RaftServer$Division (RaftServerImpl.java:logAppendEntries(1539)) - s7@group-5D788F7A274C: appendEntries* reply s0<-s7#566:OK-t1,SUCCESS,nextIndex=192,followerCommit=190,matchIndex=191
2024-09-10 06:20:06,638 DEBUG server.RaftServer$Division (RaftServerImpl.java:logAppendEntries(1539)) - s4@group-5D788F7A274C: appendEntries* reply s0<-s4#634:OK-t1,SUCCESS,nextIndex=192,followerCommit=190,matchIndex=191
2024-09-10 06:20:06,638 DEBUG server.RaftServer$Division (RaftServerImpl.java:logAppendEntries(1539)) - s9@group-5D788F7A274C: appendEntries* s0->s9#693-t1,previous=(t:1, i:190),leaderCommit=190,initializing? false,entries: size=1, first=(t:1, i:191), STATEMACHINELOGENTRY, StateMachineLogEntryProto:4526@client-04EF324C57E0
2024-09-10 06:20:06,638 DEBUG server.RaftServer$Division (RaftServerImpl.java:logAppendEntries(1539)) - s10@group-5D788F7A274C: appendEntries* reply s0<-s10#1117:OK-t1,SUCCESS,nextIndex=192,followerCommit=190,matchIndex=191
2024-09-10 06:20:06,638 DEBUG server.RaftServer$Division (RaftServerImpl.java:logAppendEntries(1539)) - s3@group-5D788F7A274C: appendEntries* s0->s3#686-t1,previous=(t:1, i:190),leaderCommit=190,initializing? false,entries: size=1, first=(t:1, i:191), STATEMACHINELOGENTRY, StateMachineLogEntryProto:4526@client-04EF324C57E0
2024-09-10 06:20:06,639 DEBUG server.RaftServer$Division (RaftServerImpl.java:logAppendEntries(1539)) - s9@group-5D788F7A274C: appendEntries* reply s0<-s9#693:OK-t1,SUCCESS,nextIndex=192,followerCommit=190,matchIndex=191
2024-09-10 06:20:06,638 DEBUG server.RaftServer$Division (RaftServerImpl.java:logAppendEntries(1539)) - s1@group-5D788F7A274C: appendEntries* s0->s1#1025-t1,previous=(t:1, i:190),leaderCommit=190,initializing? false,entries: size=1, first=(t:1, i:191), STATEMACHINELOGENTRY, StateMachineLogEntryProto:4526@client-04EF324C57E0
2024-09-10 06:20:06,639 DEBUG server.RaftServer$Division (RaftServerImpl.java:logAppendEntries(1539)) - s5@group-5D788F7A274C: appendEntries* reply s0<-s5#678:OK-t1,SUCCESS,nextIndex=192,followerCommit=190,matchIndex=191
2024-09-10 06:20:06,639 DEBUG server.RaftServer$Division (RaftServerImpl.java:logAppendEntries(1539)) - s3@group-5D788F7A274C: appendEntries* reply s0<-s3#686:OK-t1,SUCCESS,nextIndex=192,followerCommit=190,matchIndex=191
2024-09-10 06:20:06,639 DEBUG server.RaftServer$Division (RaftServerImpl.java:logAppendEntries(1539)) - s1@group-5D788F7A274C: appendEntries* reply s0<-s1#1025:OK-t1,SUCCESS,nextIndex=192,followerCommit=190,matchIndex=191
2024-09-10 06:20:06,639 INFO  statemachine.StateMachine (ArithmeticStateMachine.java:applyTransaction(181)) - LEADER:s0-191: c = null = null
2024-09-10 06:20:06,640 DEBUG server.RaftServer$Division (RaftServerImpl.java:logAppendEntries(1539)) - s2@group-5D788F7A274C: appendEntries* s0->s2#669-t1,previous=(t:1, i:190),leaderCommit=190,initializing? false,entries: size=1, first=(t:1, i:191), STATEMACHINELOGENTRY, StateMachineLogEntryProto:4526@client-04EF324C57E0
2024-09-10 06:20:06,640 DEBUG server.RaftServer$Division (RaftServerImpl.java:logAppendEntries(1539)) - s6@group-5D788F7A274C: appendEntries* s0->s6#685-t1,previous=(t:1, i:191),leaderCommit=191,initializing? false,entries: size=1, first=(t:1, i:192), METADATAENTRY(c:191)
2024-09-10 06:20:06,641 DEBUG server.RaftServer$Division (RaftServerImpl.java:logAppendEntries(1539)) - s13@group-5D788F7A274C: appendEntries* s0->s13#608-t1,previous=(t:1, i:191),leaderCommit=191,initializing? false,entries: size=1, first=(t:1, i:192), METADATAENTRY(c:191)
2024-09-10 06:20:06,640 DEBUG server.RaftServer$Division (RaftServerImpl.java:logAppendEntries(1539)) - s2@group-5D788F7A274C: appendEntries* reply s0<-s2#669:OK-t1,SUCCESS,nextIndex=192,followerCommit=190,matchIndex=191
2024-09-10 06:20:06,641 DEBUG server.RaftServer$Division (RaftServerImpl.java:logAppendEntries(1539)) - s6@group-5D788F7A274C: appendEntries* reply s0<-s6#685:OK-t1,SUCCESS,nextIndex=193,followerCommit=191,matchIndex=192
2024-09-10 06:20:06,641 DEBUG server.RaftServer$Division (RaftServerImpl.java:logAppendEntries(1539)) - s2@group-5D788F7A274C: appendEntries* s0->s2#675-t1,previous=(t:1, i:191),leaderCommit=191,initializing? false,entries: size=1, first=(t:1, i:192), METADATAENTRY(c:191)
2024-09-10 06:20:06,641 DEBUG server.RaftServer$Division (RaftServerImpl.java:logAppendEntries(1539)) - s7@group-5D788F7A274C: appendEntries* s0->s7#569-t1,previous=(t:1, i:191),leaderCommit=191,initializing? false,entries: size=1, first=(t:1, i:192), METADATAENTRY(c:191)
2024-09-10 06:20:06,642 DEBUG server.RaftServer$Division (RaftServerImpl.java:logAppendEntries(1539)) - s9@group-5D788F7A274C: appendEntries* s0->s9#699-t1,previous=(t:1, i:191),leaderCommit=191,initializing? false,entries: size=1, first=(t:1, i:192), METADATAENTRY(c:191)
2024-09-10 06:20:06,642 DEBUG server.RaftServer$Division (RaftServerImpl.java:logAppendEntries(1539)) - s14@group-5D788F7A274C: appendEntries* s0->s14#455-t1,previous=(t:1, i:191),leaderCommit=191,initializing? false,entries: size=1, first=(t:1, i:192), METADATAENTRY(c:191)
2024-09-10 06:20:06,642 DEBUG server.RaftServer$Division (RaftServerImpl.java:logAppendEntries(1539)) - s2@group-5D788F7A274C: appendEntries* reply s0<-s2#675:OK-t1,SUCCESS,nextIndex=193,followerCommit=191,matchIndex=192
2024-09-10 06:20:06,642 DEBUG server.RaftServer$Division (RaftServerImpl.java:logAppendEntries(1539)) - s7@group-5D788F7A274C: appendEntries* reply s0<-s7#569:OK-t1,SUCCESS,nextIndex=193,followerCommit=191,matchIndex=192
2024-09-10 06:20:06,641 DEBUG server.RaftServer$Division (RaftServerImpl.java:logAppendEntries(1539)) - s13@group-5D788F7A274C: appendEntries* reply s0<-s13#608:OK-t1,SUCCESS,nextIndex=193,followerCommit=191,matchIndex=192
2024-09-10 06:20:06,642 DEBUG server.RaftServer$Division (RaftServerImpl.java:logAppendEntries(1539)) - s9@group-5D788F7A274C: appendEntries* reply s0<-s9#699:OK-t1,SUCCESS,nextIndex=193,followerCommit=191,matchIndex=192
2024-09-10 06:20:06,642 DEBUG server.RaftServer$Division (RaftServerImpl.java:logAppendEntries(1539)) - s14@group-5D788F7A274C: appendEntries* reply s0<-s14#455:OK-t1,SUCCESS,nextIndex=193,followerCommit=191,matchIndex=192
2024-09-10 06:20:06,642 DEBUG server.RaftServer$Division (RaftServerImpl.java:logAppendEntries(1539)) - s1@group-5D788F7A274C: appendEntries* s0->s1#1027-t1,previous=(t:1, i:191),leaderCommit=191,initializing? false,entries: size=1, first=(t:1, i:192), METADATAENTRY(c:191)
2024-09-10 06:20:06,643 DEBUG server.RaftServer$Division (RaftServerImpl.java:logAppendEntries(1539)) - s3@group-5D788F7A274C: appendEntries* s0->s3#691-t1,previous=(t:1, i:191),leaderCommit=191,initializing? false,entries: size=1, first=(t:1, i:192), METADATAENTRY(c:191)
2024-09-10 06:20:06,643 DEBUG server.RaftServer$Division (RaftServerImpl.java:logAppendEntries(1539)) - s5@group-5D788F7A274C: appendEntries* s0->s5#683-t1,previous=(t:1, i:191),leaderCommit=191,initializing? false,entries: size=1, first=(t:1, i:192), METADATAENTRY(c:191)
2024-09-10 06:20:06,643 DEBUG server.RaftServer$Division (RaftServerImpl.java:logAppendEntries(1539)) - s5@group-5D788F7A274C: appendEntries* reply s0<-s5#683:OK-t1,SUCCESS,nextIndex=193,followerCommit=191,matchIndex=192
2024-09-10 06:20:06,643 DEBUG server.RaftServer$Division (RaftServerImpl.java:logAppendEntries(1539)) - s11@group-5D788F7A274C: appendEntries* s0->s11#765-t1,previous=(t:1, i:191),leaderCommit=191,initializing? false,entries: size=1, first=(t:1, i:192), METADATAENTRY(c:191)
2024-09-10 06:20:06,644 DEBUG server.RaftServer$Division (RaftServerImpl.java:logAppendEntries(1539)) - s1@group-5D788F7A274C: appendEntries* reply s0<-s1#1027:OK-t1,SUCCESS,nextIndex=193,followerCommit=191,matchIndex=192
2024-09-10 06:20:06,644 DEBUG server.RaftServer$Division (RaftServerImpl.java:logAppendEntries(1539)) - s10@group-5D788F7A274C: appendEntries* s0->s10#1123-t1,previous=(t:1, i:191),leaderCommit=191,initializing? false,entries: size=1, first=(t:1, i:192), METADATAENTRY(c:191)
2024-09-10 06:20:06,644 DEBUG server.RaftServer$Division (RaftServerImpl.java:logAppendEntries(1539)) - s11@group-5D788F7A274C: appendEntries* reply s0<-s11#765:OK-t1,SUCCESS,nextIndex=193,followerCommit=191,matchIndex=192
2024-09-10 06:20:06,644 DEBUG server.RaftServer$Division (RaftServerImpl.java:logAppendEntries(1539)) - s10@group-5D788F7A274C: appendEntries* reply s0<-s10#1123:OK-t1,SUCCESS,nextIndex=193,followerCommit=191,matchIndex=192
2024-09-10 06:20:06,644 DEBUG server.RaftServer$Division (RaftServerImpl.java:logAppendEntries(1539)) - s3@group-5D788F7A274C: appendEntries* reply s0<-s3#691:OK-t1,SUCCESS,nextIndex=193,followerCommit=191,matchIndex=192
2024-09-10 06:20:06,644 DEBUG server.RaftServer$Division (RaftServerImpl.java:logAppendEntries(1539)) - s4@group-5D788F7A274C: appendEntries* s0->s4#637-t1,previous=(t:1, i:191),leaderCommit=191,initializing? false,entries: size=1, first=(t:1, i:192), METADATAENTRY(c:191)
2024-09-10 06:20:06,644 DEBUG server.RaftServer$Division (RaftServerImpl.java:logAppendEntries(1539)) - s8@group-5D788F7A274C: appendEntries* s0->s8#712-t1,previous=(t:1, i:191),leaderCommit=191,initializing? false,entries: size=1, first=(t:1, i:192), METADATAENTRY(c:191)
2024-09-10 06:20:06,645 DEBUG server.RaftServer$Division (RaftServerImpl.java:logAppendEntries(1539)) - s4@group-5D788F7A274C: appendEntries* reply s0<-s4#637:OK-t1,SUCCESS,nextIndex=193,followerCommit=191,matchIndex=192
2024-09-10 06:20:06,645 DEBUG server.RaftServer$Division (RaftServerImpl.java:logAppendEntries(1539)) - s8@group-5D788F7A274C: appendEntries* reply s0<-s8#712:OK-t1,SUCCESS,nextIndex=193,followerCommit=191,matchIndex=192
2024-09-10 06:20:06,646 DEBUG server.RaftServer$Division (RaftServerImpl.java:logAppendEntries(1539)) - s12@group-5D788F7A274C: appendEntries* s0->s12#722-t1,previous=(t:1, i:191),leaderCommit=191,initializing? false,entries: size=1, first=(t:1, i:192), METADATAENTRY(c:191)
2024-09-10 06:20:06,646 DEBUG server.RaftServer$Division (RaftServerImpl.java:logAppendEntries(1539)) - s12@group-5D788F7A274C: appendEntries* reply s0<-s12#722:OK-t1,SUCCESS,nextIndex=193,followerCommit=191,matchIndex=192
2024-09-10 06:20:06,647 DEBUG server.RaftServer$Division (RaftServerImpl.java:submitClientRequestAsync(910)) - s0@group-5D788F7A274C: receive client request(RaftClientRequest:client-04EF324C57E0->s0@group-5D788F7A274C, cid=4527, seq=null, RW, Message:01016102405c40000000...(size=12))
2024-09-10 06:20:06,647 DEBUG server.RaftServer$Division (LeaderStateImpl.java:addPendingRequest(532)) - s0@group-5D788F7A274C-LeaderStateImpl: addPendingRequest at RaftClientRequest:client-04EF324C57E0->s0@group-5D788F7A274C, cid=4527, seq=null, RW, Message:01016102405c40000000...(size=12), entry=(t:1, i:193), STATEMACHINELOGENTRY, WRITE: logData.size=12, stateMachineData.size=0, logEntryProtoSerializedSize=0
2024-09-10 06:20:06,648 DEBUG server.RaftServer$Division (RaftServerImpl.java:logAppendEntries(1539)) - s14@group-5D788F7A274C: appendEntries* s0->s14#467-t1,previous=(t:1, i:192),leaderCommit=192,initializing? false,entries: size=1, first=(t:1, i:193), STATEMACHINELOGENTRY, StateMachineLogEntryProto:4527@client-04EF324C57E0
2024-09-10 06:20:06,648 DEBUG server.RaftServer$Division (RaftServerImpl.java:logAppendEntries(1539)) - s11@group-5D788F7A274C: appendEntries* s0->s11#781-t1,previous=(t:1, i:192),leaderCommit=192,initializing? false,entries: size=1, first=(t:1, i:193), STATEMACHINELOGENTRY, StateMachineLogEntryProto:4527@client-04EF324C57E0
2024-09-10 06:20:06,648 DEBUG server.RaftServer$Division (RaftServerImpl.java:logAppendEntries(1539)) - s12@group-5D788F7A274C: appendEntries* s0->s12#737-t1,previous=(t:1, i:192),leaderCommit=192,initializing? false,entries: size=1, first=(t:1, i:193), STATEMACHINELOGENTRY, StateMachineLogEntryProto:4527@client-04EF324C57E0
2024-09-10 06:20:06,649 DEBUG server.RaftServer$Division (RaftServerImpl.java:logAppendEntries(1539)) - s1@group-5D788F7A274C: appendEntries* s0->s1#1029-t1,previous=(t:1, i:192),leaderCommit=192,initializing? false,entries: size=1, first=(t:1, i:193), STATEMACHINELOGENTRY, StateMachineLogEntryProto:4527@client-04EF324C57E0
2024-09-10 06:20:06,648 DEBUG server.RaftServer$Division (RaftServerImpl.java:logAppendEntries(1539)) - s5@group-5D788F7A274C: appendEntries* s0->s5#696-t1,previous=(t:1, i:192),leaderCommit=192,initializing? false,entries: size=1, first=(t:1, i:193), STATEMACHINELOGENTRY, StateMachineLogEntryProto:4527@client-04EF324C57E0
2024-09-10 06:20:06,649 DEBUG server.RaftServer$Division (RaftServerImpl.java:logAppendEntries(1539)) - s11@group-5D788F7A274C: appendEntries* reply s0<-s11#781:OK-t1,SUCCESS,nextIndex=194,followerCommit=192,matchIndex=193
2024-09-10 06:20:06,649 DEBUG server.RaftServer$Division (RaftServerImpl.java:logAppendEntries(1539)) - s14@group-5D788F7A274C: appendEntries* reply s0<-s14#467:OK-t1,SUCCESS,nextIndex=194,followerCommit=192,matchIndex=193
2024-09-10 06:20:06,649 DEBUG server.RaftServer$Division (RaftServerImpl.java:logAppendEntries(1539)) - s10@group-5D788F7A274C: appendEntries* s0->s10#1139-t1,previous=(t:1, i:192),leaderCommit=192,initializing? false,entries: size=1, first=(t:1, i:193), STATEMACHINELOGENTRY, StateMachineLogEntryProto:4527@client-04EF324C57E0
2024-09-10 06:20:06,649 DEBUG server.RaftServer$Division (RaftServerImpl.java:logAppendEntries(1539)) - s1@group-5D788F7A274C: appendEntries* reply s0<-s1#1029:OK-t1,SUCCESS,nextIndex=194,followerCommit=192,matchIndex=193
2024-09-10 06:20:06,649 DEBUG server.RaftServer$Division (RaftServerImpl.java:logAppendEntries(1539)) - s5@group-5D788F7A274C: appendEntries* reply s0<-s5#696:OK-t1,SUCCESS,nextIndex=194,followerCommit=192,matchIndex=193
2024-09-10 06:20:06,650 DEBUG server.RaftServer$Division (RaftServerImpl.java:logAppendEntries(1539)) - s10@group-5D788F7A274C: appendEntries* reply s0<-s10#1139:OK-t1,SUCCESS,nextIndex=194,followerCommit=192,matchIndex=193
2024-09-10 06:20:06,650 DEBUG server.RaftServer$Division (RaftServerImpl.java:logAppendEntries(1539)) - s4@group-5D788F7A274C: appendEntries* s0->s4#640-t1,previous=(t:1, i:192),leaderCommit=192,initializing? false,entries: size=1, first=(t:1, i:193), STATEMACHINELOGENTRY, StateMachineLogEntryProto:4527@client-04EF324C57E0
2024-09-10 06:20:06,650 DEBUG server.RaftServer$Division (RaftServerImpl.java:logAppendEntries(1539)) - s12@group-5D788F7A274C: appendEntries* reply s0<-s12#737:OK-t1,SUCCESS,nextIndex=194,followerCommit=192,matchIndex=193
2024-09-10 06:20:06,650 DEBUG server.RaftServer$Division (RaftServerImpl.java:logAppendEntries(1539)) - s8@group-5D788F7A274C: appendEntries* s0->s8#715-t1,previous=(t:1, i:192),leaderCommit=192,initializing? false,entries: size=1, first=(t:1, i:193), STATEMACHINELOGENTRY, StateMachineLogEntryProto:4527@client-04EF324C57E0
2024-09-10 06:20:06,650 DEBUG server.RaftServer$Division (RaftServerImpl.java:logAppendEntries(1539)) - s2@group-5D788F7A274C: appendEntries* s0->s2#690-t1,previous=(t:1, i:192),leaderCommit=192,initializing? false,entries: size=1, first=(t:1, i:193), STATEMACHINELOGENTRY, StateMachineLogEntryProto:4527@client-04EF324C57E0
2024-09-10 06:20:06,650 DEBUG server.RaftServer$Division (RaftServerImpl.java:logAppendEntries(1539)) - s3@group-5D788F7A274C: appendEntries* s0->s3#707-t1,previous=(t:1, i:192),leaderCommit=192,initializing? false,entries: size=1, first=(t:1, i:193), STATEMACHINELOGENTRY, StateMachineLogEntryProto:4527@client-04EF324C57E0
2024-09-10 06:20:06,650 DEBUG server.RaftServer$Division (RaftServerImpl.java:logAppendEntries(1539)) - s8@group-5D788F7A274C: appendEntries* reply s0<-s8#715:OK-t1,SUCCESS,nextIndex=194,followerCommit=192,matchIndex=193
2024-09-10 06:20:06,650 DEBUG server.RaftServer$Division (RaftServerImpl.java:logAppendEntries(1539)) - s3@group-5D788F7A274C: appendEntries* reply s0<-s3#707:OK-t1,SUCCESS,nextIndex=194,followerCommit=192,matchIndex=193
2024-09-10 06:20:06,650 DEBUG server.RaftServer$Division (RaftServerImpl.java:logAppendEntries(1539)) - s4@group-5D788F7A274C: appendEntries* reply s0<-s4#640:OK-t1,SUCCESS,nextIndex=194,followerCommit=192,matchIndex=193
2024-09-10 06:20:06,650 DEBUG server.RaftServer$Division (RaftServerImpl.java:logAppendEntries(1539)) - s2@group-5D788F7A274C: appendEntries* reply s0<-s2#690:OK-t1,SUCCESS,nextIndex=194,followerCommit=192,matchIndex=193
2024-09-10 06:20:06,650 DEBUG server.RaftServer$Division (RaftServerImpl.java:logAppendEntries(1539)) - s9@group-5D788F7A274C: appendEntries* s0->s9#714-t1,previous=(t:1, i:192),leaderCommit=192,initializing? false,entries: size=1, first=(t:1, i:193), STATEMACHINELOGENTRY, StateMachineLogEntryProto:4527@client-04EF324C57E0
2024-09-10 06:20:06,651 DEBUG server.RaftServer$Division (RaftServerImpl.java:logAppendEntries(1539)) - s9@group-5D788F7A274C: appendEntries* reply s0<-s9#714:OK-t1,SUCCESS,nextIndex=194,followerCommit=192,matchIndex=193
2024-09-10 06:20:06,651 DEBUG server.RaftServer$Division (RaftServerImpl.java:logAppendEntries(1539)) - s6@group-5D788F7A274C: appendEntries* s0->s6#694-t1,previous=(t:1, i:192),leaderCommit=192,initializing? false,entries: size=1, first=(t:1, i:193), STATEMACHINELOGENTRY, StateMachineLogEntryProto:4527@client-04EF324C57E0
2024-09-10 06:20:06,651 DEBUG server.RaftServer$Division (RaftServerImpl.java:logAppendEntries(1539)) - s7@group-5D788F7A274C: appendEntries* s0->s7#572-t1,previous=(t:1, i:192),leaderCommit=192,initializing? false,entries: size=1, first=(t:1, i:193), STATEMACHINELOGENTRY, StateMachineLogEntryProto:4527@client-04EF324C57E0
2024-09-10 06:20:06,652 DEBUG server.RaftServer$Division (RaftServerImpl.java:logAppendEntries(1539)) - s6@group-5D788F7A274C: appendEntries* reply s0<-s6#694:OK-t1,SUCCESS,nextIndex=194,followerCommit=192,matchIndex=193
2024-09-10 06:20:06,652 DEBUG server.RaftServer$Division (RaftServerImpl.java:logAppendEntries(1539)) - s13@group-5D788F7A274C: appendEntries* s0->s13#611-t1,previous=(t:1, i:192),leaderCommit=192,initializing? false,entries: size=1, first=(t:1, i:193), STATEMACHINELOGENTRY, StateMachineLogEntryProto:4527@client-04EF324C57E0
2024-09-10 06:20:06,652 DEBUG server.RaftServer$Division (RaftServerImpl.java:logAppendEntries(1539)) - s7@group-5D788F7A274C: appendEntries* reply s0<-s7#572:OK-t1,SUCCESS,nextIndex=194,followerCommit=192,matchIndex=193
2024-09-10 06:20:06,652 INFO  statemachine.StateMachine (ArithmeticStateMachine.java:applyTransaction(181)) - LEADER:s0-193: a = 113 = 113
2024-09-10 06:20:06,652 DEBUG server.RaftServer$Division (RaftServerImpl.java:logAppendEntries(1539)) - s13@group-5D788F7A274C: appendEntries* reply s0<-s13#611:OK-t1,SUCCESS,nextIndex=194,followerCommit=192,matchIndex=193
2024-09-10 06:20:06,653 DEBUG server.RaftServer$Division (RaftServerImpl.java:logAppendEntries(1539)) - s14@group-5D788F7A274C: appendEntries* s0->s14#468-t1,previous=(t:1, i:193),leaderCommit=193,initializing? false,entries: size=1, first=(t:1, i:194), METADATAENTRY(c:193)
2024-09-10 06:20:06,653 DEBUG server.RaftServer$Division (RaftServerImpl.java:logAppendEntries(1539)) - s14@group-5D788F7A274C: appendEntries* reply s0<-s14#468:OK-t1,SUCCESS,nextIndex=195,followerCommit=193,matchIndex=194
2024-09-10 06:20:06,653 DEBUG server.RaftServer$Division (RaftServerImpl.java:logAppendEntries(1539)) - s1@group-5D788F7A274C: appendEntries* s0->s1#1034-t1,previous=(t:1, i:193),leaderCommit=193,initializing? false,entries: size=1, first=(t:1, i:194), METADATAENTRY(c:193)
2024-09-10 06:20:06,654 DEBUG server.RaftServer$Division (RaftServerImpl.java:logAppendEntries(1539)) - s1@group-5D788F7A274C: appendEntries* reply s0<-s1#1034:OK-t1,SUCCESS,nextIndex=195,followerCommit=193,matchIndex=194
2024-09-10 06:20:06,654 DEBUG server.RaftServer$Division (RaftServerImpl.java:logAppendEntries(1539)) - s2@group-5D788F7A274C: appendEntries* s0->s2#696-t1,previous=(t:1, i:193),leaderCommit=193,initializing? false,entries: size=1, first=(t:1, i:194), METADATAENTRY(c:193)
2024-09-10 06:20:06,654 DEBUG server.RaftServer$Division (RaftServerImpl.java:logAppendEntries(1539)) - s3@group-5D788F7A274C: appendEntries* s0->s3#711-t1,previous=(t:1, i:193),leaderCommit=193,initializing? false,entries: size=1, first=(t:1, i:194), METADATAENTRY(c:193)
2024-09-10 06:20:06,654 DEBUG server.RaftServer$Division (RaftServerImpl.java:logAppendEntries(1539)) - s9@group-5D788F7A274C: appendEntries* s0->s9#719-t1,previous=(t:1, i:193),leaderCommit=193,initializing? false,entries: size=1, first=(t:1, i:194), METADATAENTRY(c:193)
2024-09-10 06:20:06,654 DEBUG server.RaftServer$Division (RaftServerImpl.java:logAppendEntries(1539)) - s10@group-5D788F7A274C: appendEntries* s0->s10#1141-t1,previous=(t:1, i:193),leaderCommit=193,initializing? false,entries: size=1, first=(t:1, i:194), METADATAENTRY(c:193)
2024-09-10 06:20:06,655 DEBUG server.RaftServer$Division (RaftServerImpl.java:logAppendEntries(1539)) - s4@group-5D788F7A274C: appendEntries* s0->s4#643-t1,previous=(t:1, i:193),leaderCommit=193,initializing? false,entries: size=1, first=(t:1, i:194), METADATAENTRY(c:193)
2024-09-10 06:20:06,655 DEBUG server.RaftServer$Division (RaftServerImpl.java:logAppendEntries(1539)) - s9@group-5D788F7A274C: appendEntries* reply s0<-s9#719:OK-t1,SUCCESS,nextIndex=195,followerCommit=193,matchIndex=194
2024-09-10 06:20:06,654 DEBUG server.RaftServer$Division (RaftServerImpl.java:logAppendEntries(1539)) - s12@group-5D788F7A274C: appendEntries* s0->s12#739-t1,previous=(t:1, i:193),leaderCommit=193,initializing? false,entries: size=1, first=(t:1, i:194), METADATAENTRY(c:193)
2024-09-10 06:20:06,655 DEBUG server.RaftServer$Division (RaftServerImpl.java:logAppendEntries(1539)) - s10@group-5D788F7A274C: appendEntries* reply s0<-s10#1141:OK-t1,SUCCESS,nextIndex=195,followerCommit=193,matchIndex=194
2024-09-10 06:20:06,655 DEBUG server.RaftServer$Division (RaftServerImpl.java:logAppendEntries(1539)) - s2@group-5D788F7A274C: appendEntries* reply s0<-s2#696:OK-t1,SUCCESS,nextIndex=195,followerCommit=193,matchIndex=194
2024-09-10 06:20:06,655 DEBUG server.RaftServer$Division (RaftServerImpl.java:logAppendEntries(1539)) - s3@group-5D788F7A274C: appendEntries* reply s0<-s3#711:OK-t1,SUCCESS,nextIndex=195,followerCommit=193,matchIndex=194
2024-09-10 06:20:06,655 DEBUG server.RaftServer$Division (RaftServerImpl.java:logAppendEntries(1539)) - s12@group-5D788F7A274C: appendEntries* reply s0<-s12#739:OK-t1,SUCCESS,nextIndex=195,followerCommit=193,matchIndex=194
2024-09-10 06:20:06,655 DEBUG server.RaftServer$Division (RaftServerImpl.java:logAppendEntries(1539)) - s6@group-5D788F7A274C: appendEntries* s0->s6#699-t1,previous=(t:1, i:193),leaderCommit=193,initializing? false,entries: size=1, first=(t:1, i:194), METADATAENTRY(c:193)
2024-09-10 06:20:06,656 DEBUG server.RaftServer$Division (RaftServerImpl.java:logAppendEntries(1539)) - s5@group-5D788F7A274C: appendEntries* s0->s5#700-t1,previous=(t:1, i:193),leaderCommit=193,initializing? false,entries: size=1, first=(t:1, i:194), METADATAENTRY(c:193)
2024-09-10 06:20:06,655 DEBUG server.RaftServer$Division (RaftServerImpl.java:logAppendEntries(1539)) - s11@group-5D788F7A274C: appendEntries* s0->s11#786-t1,previous=(t:1, i:193),leaderCommit=193,initializing? false,entries: size=1, first=(t:1, i:194), METADATAENTRY(c:193)
2024-09-10 06:20:06,655 DEBUG server.RaftServer$Division (RaftServerImpl.java:logAppendEntries(1539)) - s4@group-5D788F7A274C: appendEntries* reply s0<-s4#643:OK-t1,SUCCESS,nextIndex=195,followerCommit=193,matchIndex=194
2024-09-10 06:20:06,656 DEBUG server.RaftServer$Division (RaftServerImpl.java:logAppendEntries(1539)) - s6@group-5D788F7A274C: appendEntries* reply s0<-s6#699:OK-t1,SUCCESS,nextIndex=195,followerCommit=193,matchIndex=194
2024-09-10 06:20:06,655 DEBUG server.RaftServer$Division (RaftServerImpl.java:logAppendEntries(1539)) - s8@group-5D788F7A274C: appendEntries* s0->s8#720-t1,previous=(t:1, i:193),leaderCommit=193,initializing? false,entries: size=1, first=(t:1, i:194), METADATAENTRY(c:193)
2024-09-10 06:20:06,656 DEBUG server.RaftServer$Division (RaftServerImpl.java:logAppendEntries(1539)) - s7@group-5D788F7A274C: appendEntries* s0->s7#577-t1,previous=(t:1, i:193),leaderCommit=193,initializing? false,entries: size=1, first=(t:1, i:194), METADATAENTRY(c:193)
2024-09-10 06:20:06,656 DEBUG server.RaftServer$Division (RaftServerImpl.java:logAppendEntries(1539)) - s5@group-5D788F7A274C: appendEntries* reply s0<-s5#700:OK-t1,SUCCESS,nextIndex=195,followerCommit=193,matchIndex=194
2024-09-10 06:20:06,656 DEBUG server.RaftServer$Division (RaftServerImpl.java:logAppendEntries(1539)) - s8@group-5D788F7A274C: appendEntries* reply s0<-s8#720:OK-t1,SUCCESS,nextIndex=195,followerCommit=193,matchIndex=194
2024-09-10 06:20:06,656 DEBUG server.RaftServer$Division (RaftServerImpl.java:logAppendEntries(1539)) - s11@group-5D788F7A274C: appendEntries* reply s0<-s11#786:OK-t1,SUCCESS,nextIndex=195,followerCommit=193,matchIndex=194
2024-09-10 06:20:06,657 DEBUG server.RaftServer$Division (RaftServerImpl.java:logAppendEntries(1539)) - s7@group-5D788F7A274C: appendEntries* reply s0<-s7#577:OK-t1,SUCCESS,nextIndex=195,followerCommit=193,matchIndex=194
2024-09-10 06:20:06,657 DEBUG server.RaftServer$Division (RaftServerImpl.java:logAppendEntries(1539)) - s13@group-5D788F7A274C: appendEntries* s0->s13#615-t1,previous=(t:1, i:193),leaderCommit=193,initializing? false,entries: size=1, first=(t:1, i:194), METADATAENTRY(c:193)
2024-09-10 06:20:06,657 DEBUG server.RaftServer$Division (RaftServerImpl.java:logAppendEntries(1539)) - s13@group-5D788F7A274C: appendEntries* reply s0<-s13#615:OK-t1,SUCCESS,nextIndex=195,followerCommit=193,matchIndex=194
2024-09-10 06:20:06,659 DEBUG server.RaftServer$Division (RaftServerImpl.java:submitClientRequestAsync(910)) - s0@group-5D788F7A274C: receive client request(RaftClientRequest:client-04EF324C57E0->s0@group-5D788F7A274C, cid=4528, seq=null, RW, Message:0101620240b8f0000000...(size=12))
2024-09-10 06:20:06,659 DEBUG server.RaftServer$Division (LeaderStateImpl.java:addPendingRequest(532)) - s0@group-5D788F7A274C-LeaderStateImpl: addPendingRequest at RaftClientRequest:client-04EF324C57E0->s0@group-5D788F7A274C, cid=4528, seq=null, RW, Message:0101620240b8f0000000...(size=12), entry=(t:1, i:195), STATEMACHINELOGENTRY, WRITE: logData.size=12, stateMachineData.size=0, logEntryProtoSerializedSize=0
2024-09-10 06:20:06,660 DEBUG server.RaftServer$Division (RaftServerImpl.java:logAppendEntries(1539)) - s7@group-5D788F7A274C: appendEntries* s0->s7#590-t1,previous=(t:1, i:194),leaderCommit=194,initializing? false,entries: size=1, first=(t:1, i:195), STATEMACHINELOGENTRY, StateMachineLogEntryProto:4528@client-04EF324C57E0
2024-09-10 06:20:06,660 DEBUG server.RaftServer$Division (RaftServerImpl.java:logAppendEntries(1539)) - s7@group-5D788F7A274C: appendEntries* reply s0<-s7#590:OK-t1,SUCCESS,nextIndex=196,followerCommit=194,matchIndex=195
2024-09-10 06:20:06,660 DEBUG server.RaftServer$Division (RaftServerImpl.java:logAppendEntries(1539)) - s14@group-5D788F7A274C: appendEntries* s0->s14#478-t1,previous=(t:1, i:194),leaderCommit=194,initializing? false,entries: size=1, first=(t:1, i:195), STATEMACHINELOGENTRY, StateMachineLogEntryProto:4528@client-04EF324C57E0
2024-09-10 06:20:06,661 DEBUG server.RaftServer$Division (RaftServerImpl.java:logAppendEntries(1539)) - s14@group-5D788F7A274C: appendEntries* reply s0<-s14#478:OK-t1,SUCCESS,nextIndex=196,followerCommit=194,matchIndex=195
2024-09-10 06:20:06,661 DEBUG server.RaftServer$Division (RaftServerImpl.java:logAppendEntries(1539)) - s4@group-5D788F7A274C: appendEntries* s0->s4#655-t1,previous=(t:1, i:194),leaderCommit=194,initializing? false,entries: size=1, first=(t:1, i:195), STATEMACHINELOGENTRY, StateMachineLogEntryProto:4528@client-04EF324C57E0
2024-09-10 06:20:06,661 DEBUG server.RaftServer$Division (RaftServerImpl.java:logAppendEntries(1539)) - s5@group-5D788F7A274C: appendEntries* s0->s5#716-t1,previous=(t:1, i:194),leaderCommit=194,initializing? false,entries: size=1, first=(t:1, i:195), STATEMACHINELOGENTRY, StateMachineLogEntryProto:4528@client-04EF324C57E0
2024-09-10 06:20:06,661 DEBUG server.RaftServer$Division (RaftServerImpl.java:logAppendEntries(1539)) - s4@group-5D788F7A274C: appendEntries* reply s0<-s4#655:OK-t1,SUCCESS,nextIndex=196,followerCommit=194,matchIndex=195
2024-09-10 06:20:06,661 DEBUG server.RaftServer$Division (RaftServerImpl.java:logAppendEntries(1539)) - s1@group-5D788F7A274C: appendEntries* s0->s1#1044-t1,previous=(t:1, i:194),leaderCommit=194,initializing? false,entries: size=1, first=(t:1, i:195), STATEMACHINELOGENTRY, StateMachineLogEntryProto:4528@client-04EF324C57E0
2024-09-10 06:20:06,662 DEBUG server.RaftServer$Division (RaftServerImpl.java:logAppendEntries(1539)) - s5@group-5D788F7A274C: appendEntries* reply s0<-s5#716:OK-t1,SUCCESS,nextIndex=196,followerCommit=194,matchIndex=195
2024-09-10 06:20:06,661 DEBUG server.RaftServer$Division (RaftServerImpl.java:logAppendEntries(1539)) - s6@group-5D788F7A274C: appendEntries* s0->s6#716-t1,previous=(t:1, i:194),leaderCommit=194,initializing? false,entries: size=1, first=(t:1, i:195), STATEMACHINELOGENTRY, StateMachineLogEntryProto:4528@client-04EF324C57E0
2024-09-10 06:20:06,661 DEBUG server.RaftServer$Division (RaftServerImpl.java:logAppendEntries(1539)) - s13@group-5D788F7A274C: appendEntries* s0->s13#625-t1,previous=(t:1, i:194),leaderCommit=194,initializing? false,entries: size=1, first=(t:1, i:195), STATEMACHINELOGENTRY, StateMachineLogEntryProto:4528@client-04EF324C57E0
2024-09-10 06:20:06,662 DEBUG server.RaftServer$Division (RaftServerImpl.java:logAppendEntries(1539)) - s1@group-5D788F7A274C: appendEntries* reply s0<-s1#1044:OK-t1,SUCCESS,nextIndex=196,followerCommit=194,matchIndex=195
2024-09-10 06:20:06,662 DEBUG server.RaftServer$Division (RaftServerImpl.java:logAppendEntries(1539)) - s13@group-5D788F7A274C: appendEntries* reply s0<-s13#625:OK-t1,SUCCESS,nextIndex=196,followerCommit=194,matchIndex=195
2024-09-10 06:20:06,662 DEBUG server.RaftServer$Division (RaftServerImpl.java:logAppendEntries(1539)) - s6@group-5D788F7A274C: appendEntries* reply s0<-s6#716:OK-t1,SUCCESS,nextIndex=196,followerCommit=194,matchIndex=195
2024-09-10 06:20:06,663 DEBUG server.RaftServer$Division (RaftServerImpl.java:logAppendEntries(1539)) - s10@group-5D788F7A274C: appendEntries* s0->s10#1152-t1,previous=(t:1, i:194),leaderCommit=194,initializing? false,entries: size=1, first=(t:1, i:195), STATEMACHINELOGENTRY, StateMachineLogEntryProto:4528@client-04EF324C57E0
2024-09-10 06:20:06,663 DEBUG server.RaftServer$Division (RaftServerImpl.java:logAppendEntries(1539)) - s12@group-5D788F7A274C: appendEntries* s0->s12#753-t1,previous=(t:1, i:194),leaderCommit=194,initializing? false,entries: size=1, first=(t:1, i:195), STATEMACHINELOGENTRY, StateMachineLogEntryProto:4528@client-04EF324C57E0
2024-09-10 06:20:06,664 DEBUG server.RaftServer$Division (RaftServerImpl.java:logAppendEntries(1539)) - s10@group-5D788F7A274C: appendEntries* reply s0<-s10#1152:OK-t1,SUCCESS,nextIndex=196,followerCommit=194,matchIndex=195
2024-09-10 06:20:06,664 DEBUG server.RaftServer$Division (RaftServerImpl.java:logAppendEntries(1539)) - s12@group-5D788F7A274C: appendEntries* reply s0<-s12#753:OK-t1,SUCCESS,nextIndex=196,followerCommit=194,matchIndex=195
2024-09-10 06:20:06,664 DEBUG server.RaftServer$Division (RaftServerImpl.java:logAppendEntries(1539)) - s3@group-5D788F7A274C: appendEntries* s0->s3#728-t1,previous=(t:1, i:194),leaderCommit=194,initializing? false,entries: size=1, first=(t:1, i:195), STATEMACHINELOGENTRY, StateMachineLogEntryProto:4528@client-04EF324C57E0
2024-09-10 06:20:06,664 DEBUG server.RaftServer$Division (RaftServerImpl.java:logAppendEntries(1539)) - s2@group-5D788F7A274C: appendEntries* s0->s2#711-t1,previous=(t:1, i:194),leaderCommit=194,initializing? false,entries: size=1, first=(t:1, i:195), STATEMACHINELOGENTRY, StateMachineLogEntryProto:4528@client-04EF324C57E0
2024-09-10 06:20:06,665 DEBUG server.RaftServer$Division (RaftServerImpl.java:logAppendEntries(1539)) - s9@group-5D788F7A274C: appendEntries* s0->s9#733-t1,previous=(t:1, i:194),leaderCommit=194,initializing? false,entries: size=1, first=(t:1, i:195), STATEMACHINELOGENTRY, StateMachineLogEntryProto:4528@client-04EF324C57E0
2024-09-10 06:20:06,665 DEBUG server.RaftServer$Division (RaftServerImpl.java:logAppendEntries(1539)) - s2@group-5D788F7A274C: appendEntries* reply s0<-s2#711:OK-t1,SUCCESS,nextIndex=196,followerCommit=194,matchIndex=195
2024-09-10 06:20:06,665 DEBUG server.RaftServer$Division (RaftServerImpl.java:logAppendEntries(1539)) - s3@group-5D788F7A274C: appendEntries* reply s0<-s3#728:OK-t1,SUCCESS,nextIndex=196,followerCommit=194,matchIndex=195
2024-09-10 06:20:06,665 INFO  statemachine.StateMachine (ArithmeticStateMachine.java:applyTransaction(181)) - LEADER:s0-195: b = 6384 = 6384
2024-09-10 06:20:06,666 DEBUG server.RaftServer$Division (RaftServerImpl.java:logAppendEntries(1539)) - s9@group-5D788F7A274C: appendEntries* reply s0<-s9#733:OK-t1,SUCCESS,nextIndex=196,followerCommit=194,matchIndex=195
2024-09-10 06:20:06,666 DEBUG server.RaftServer$Division (RaftServerImpl.java:logAppendEntries(1539)) - s14@group-5D788F7A274C: appendEntries* s0->s14#480-t1,previous=(t:1, i:195),leaderCommit=195,initializing? false,entries: size=1, first=(t:1, i:196), METADATAENTRY(c:195)
2024-09-10 06:20:06,666 DEBUG server.RaftServer$Division (RaftServerImpl.java:logAppendEntries(1539)) - s7@group-5D788F7A274C: appendEntries* s0->s7#591-t1,previous=(t:1, i:195),leaderCommit=195,initializing? false,entries: size=1, first=(t:1, i:196), METADATAENTRY(c:195)
2024-09-10 06:20:06,666 DEBUG server.RaftServer$Division (RaftServerImpl.java:logAppendEntries(1539)) - s14@group-5D788F7A274C: appendEntries* reply s0<-s14#480:OK-t1,SUCCESS,nextIndex=197,followerCommit=195,matchIndex=196
2024-09-10 06:20:06,667 DEBUG server.RaftServer$Division (RaftServerImpl.java:logAppendEntries(1539)) - s7@group-5D788F7A274C: appendEntries* reply s0<-s7#591:OK-t1,SUCCESS,nextIndex=197,followerCommit=195,matchIndex=196
2024-09-10 06:20:06,667 DEBUG server.RaftServer$Division (RaftServerImpl.java:logAppendEntries(1539)) - s1@group-5D788F7A274C: appendEntries* s0->s1#1047-t1,previous=(t:1, i:195),leaderCommit=195,initializing? false,entries: size=1, first=(t:1, i:196), METADATAENTRY(c:195)
2024-09-10 06:20:06,667 DEBUG server.RaftServer$Division (RaftServerImpl.java:logAppendEntries(1539)) - s5@group-5D788F7A274C: appendEntries* s0->s5#719-t1,previous=(t:1, i:195),leaderCommit=195,initializing? false,entries: size=1, first=(t:1, i:196), METADATAENTRY(c:195)
2024-09-10 06:20:06,668 DEBUG server.RaftServer$Division (RaftServerImpl.java:logAppendEntries(1539)) - s9@group-5D788F7A274C: appendEntries* s0->s9#741-t1,previous=(t:1, i:195),leaderCommit=195,initializing? false,entries: size=1, first=(t:1, i:196), METADATAENTRY(c:195)
2024-09-10 06:20:06,668 DEBUG server.RaftServer$Division (RaftServerImpl.java:logAppendEntries(1539)) - s13@group-5D788F7A274C: appendEntries* s0->s13#627-t1,previous=(t:1, i:195),leaderCommit=195,initializing? false,entries: size=1, first=(t:1, i:196), METADATAENTRY(c:195)
2024-09-10 06:20:06,668 DEBUG server.RaftServer$Division (RaftServerImpl.java:logAppendEntries(1539)) - s1@group-5D788F7A274C: appendEntries* reply s0<-s1#1047:OK-t1,SUCCESS,nextIndex=197,followerCommit=195,matchIndex=196
2024-09-10 06:20:06,668 DEBUG server.RaftServer$Division (RaftServerImpl.java:logAppendEntries(1539)) - s6@group-5D788F7A274C: appendEntries* s0->s6#722-t1,previous=(t:1, i:195),leaderCommit=195,initializing? false,entries: size=1, first=(t:1, i:196), METADATAENTRY(c:195)
2024-09-10 06:20:06,668 DEBUG server.RaftServer$Division (RaftServerImpl.java:logAppendEntries(1539)) - s5@group-5D788F7A274C: appendEntries* reply s0<-s5#719:OK-t1,SUCCESS,nextIndex=197,followerCommit=195,matchIndex=196
2024-09-10 06:20:06,668 DEBUG server.RaftServer$Division (RaftServerImpl.java:logAppendEntries(1539)) - s13@group-5D788F7A274C: appendEntries* reply s0<-s13#627:OK-t1,SUCCESS,nextIndex=197,followerCommit=195,matchIndex=196
2024-09-10 06:20:06,669 DEBUG server.RaftServer$Division (RaftServerImpl.java:logAppendEntries(1539)) - s9@group-5D788F7A274C: appendEntries* reply s0<-s9#741:OK-t1,SUCCESS,nextIndex=197,followerCommit=195,matchIndex=196
2024-09-10 06:20:06,669 DEBUG server.RaftServer$Division (RaftServerImpl.java:logAppendEntries(1539)) - s6@group-5D788F7A274C: appendEntries* reply s0<-s6#722:OK-t1,SUCCESS,nextIndex=197,followerCommit=195,matchIndex=196
2024-09-10 06:20:06,670 DEBUG server.RaftServer$Division (RaftServerImpl.java:logAppendEntries(1539)) - s11@group-5D788F7A274C: appendEntries* s0->s11#803-t1,previous=(t:1, i:194),leaderCommit=194,initializing? false,entries: size=1, first=(t:1, i:195), STATEMACHINELOGENTRY, StateMachineLogEntryProto:4528@client-04EF324C57E0
2024-09-10 06:20:06,670 DEBUG server.RaftServer$Division (RaftServerImpl.java:logAppendEntries(1539)) - s2@group-5D788F7A274C: appendEntries* s0->s2#719-t1,previous=(t:1, i:195),leaderCommit=195,initializing? false,entries: size=1, first=(t:1, i:196), METADATAENTRY(c:195)
2024-09-10 06:20:06,670 DEBUG server.RaftServer$Division (RaftServerImpl.java:logAppendEntries(1539)) - s11@group-5D788F7A274C: appendEntries* reply s0<-s11#803:OK-t1,SUCCESS,nextIndex=196,followerCommit=194,matchIndex=195
2024-09-10 06:20:06,670 DEBUG server.RaftServer$Division (RaftServerImpl.java:logAppendEntries(1539)) - s3@group-5D788F7A274C: appendEntries* s0->s3#735-t1,previous=(t:1, i:195),leaderCommit=195,initializing? false,entries: size=1, first=(t:1, i:196), METADATAENTRY(c:195)
2024-09-10 06:20:06,670 DEBUG server.RaftServer$Division (RaftServerImpl.java:logAppendEntries(1539)) - s2@group-5D788F7A274C: appendEntries* reply s0<-s2#719:OK-t1,SUCCESS,nextIndex=197,followerCommit=195,matchIndex=196
2024-09-10 06:20:06,670 DEBUG server.RaftServer$Division (RaftServerImpl.java:logAppendEntries(1539)) - s8@group-5D788F7A274C: appendEntries* s0->s8#731-t1,previous=(t:1, i:194),leaderCommit=194,initializing? false,entries: size=1, first=(t:1, i:195), STATEMACHINELOGENTRY, StateMachineLogEntryProto:4528@client-04EF324C57E0
2024-09-10 06:20:06,670 DEBUG server.RaftServer$Division (RaftServerImpl.java:logAppendEntries(1539)) - s3@group-5D788F7A274C: appendEntries* reply s0<-s3#735:OK-t1,SUCCESS,nextIndex=197,followerCommit=195,matchIndex=196
2024-09-10 06:20:06,671 DEBUG server.RaftServer$Division (RaftServerImpl.java:logAppendEntries(1539)) - s8@group-5D788F7A274C: appendEntries* reply s0<-s8#731:OK-t1,SUCCESS,nextIndex=196,followerCommit=194,matchIndex=195
2024-09-10 06:20:06,671 DEBUG server.RaftServer$Division (RaftServerImpl.java:logAppendEntries(1539)) - s10@group-5D788F7A274C: appendEntries* s0->s10#1160-t1,previous=(t:1, i:195),leaderCommit=195,initializing? false,entries: size=1, first=(t:1, i:196), METADATAENTRY(c:195)
2024-09-10 06:20:06,671 DEBUG server.RaftServer$Division (RaftServerImpl.java:logAppendEntries(1539)) - s10@group-5D788F7A274C: appendEntries* reply s0<-s10#1160:OK-t1,SUCCESS,nextIndex=197,followerCommit=195,matchIndex=196
2024-09-10 06:20:06,671 DEBUG server.RaftServer$Division (RaftServerImpl.java:logAppendEntries(1539)) - s4@group-5D788F7A274C: appendEntries* s0->s4#662-t1,previous=(t:1, i:195),leaderCommit=195,initializing? false,entries: size=1, first=(t:1, i:196), METADATAENTRY(c:195)
2024-09-10 06:20:06,671 DEBUG server.RaftServer$Division (RaftServerImpl.java:logAppendEntries(1539)) - s12@group-5D788F7A274C: appendEntries* s0->s12#761-t1,previous=(t:1, i:195),leaderCommit=195,initializing? false,entries: size=1, first=(t:1, i:196), METADATAENTRY(c:195)
2024-09-10 06:20:06,672 DEBUG server.RaftServer$Division (RaftServerImpl.java:logAppendEntries(1539)) - s4@group-5D788F7A274C: appendEntries* reply s0<-s4#662:OK-t1,SUCCESS,nextIndex=197,followerCommit=195,matchIndex=196
2024-09-10 06:20:06,672 DEBUG server.RaftServer$Division (RaftServerImpl.java:logAppendEntries(1539)) - s11@group-5D788F7A274C: appendEntries* s0->s11#811-t1,previous=(t:1, i:195),leaderCommit=195,initializing? false,entries: size=1, first=(t:1, i:196), METADATAENTRY(c:195)
2024-09-10 06:20:06,672 DEBUG server.RaftServer$Division (RaftServerImpl.java:logAppendEntries(1539)) - s12@group-5D788F7A274C: appendEntries* reply s0<-s12#761:OK-t1,SUCCESS,nextIndex=197,followerCommit=195,matchIndex=196
2024-09-10 06:20:06,672 DEBUG server.RaftServer$Division (RaftServerImpl.java:logAppendEntries(1539)) - s11@group-5D788F7A274C: appendEntries* reply s0<-s11#811:OK-t1,SUCCESS,nextIndex=197,followerCommit=195,matchIndex=196
2024-09-10 06:20:06,673 DEBUG server.RaftServer$Division (RaftServerImpl.java:logAppendEntries(1539)) - s8@group-5D788F7A274C: appendEntries* s0->s8#739-t1,previous=(t:1, i:195),leaderCommit=195,initializing? false,entries: size=1, first=(t:1, i:196), METADATAENTRY(c:195)
2024-09-10 06:20:06,673 DEBUG server.RaftServer$Division (RaftServerImpl.java:logAppendEntries(1539)) - s8@group-5D788F7A274C: appendEntries* reply s0<-s8#739:OK-t1,SUCCESS,nextIndex=197,followerCommit=195,matchIndex=196
2024-09-10 06:20:06,675 DEBUG server.RaftServer$Division (RaftServerImpl.java:submitClientRequestAsync(910)) - s0@group-5D788F7A274C: receive client request(RaftClientRequest:client-04EF324C57E0->s0@group-5D788F7A274C, cid=4529, seq=null, RW, Message:01016304010300040201...(size=17))
2024-09-10 06:20:06,675 DEBUG server.RaftServer$Division (LeaderStateImpl.java:addPendingRequest(532)) - s0@group-5D788F7A274C-LeaderStateImpl: addPendingRequest at RaftClientRequest:client-04EF324C57E0->s0@group-5D788F7A274C, cid=4529, seq=null, RW, Message:01016304010300040201...(size=17), entry=(t:1, i:197), STATEMACHINELOGENTRY, WRITE: logData.size=17, stateMachineData.size=0, logEntryProtoSerializedSize=0
2024-09-10 06:20:06,676 DEBUG server.RaftServer$Division (RaftServerImpl.java:logAppendEntries(1539)) - s13@group-5D788F7A274C: appendEntries* s0->s13#636-t1,previous=(t:1, i:196),leaderCommit=196,initializing? false,entries: size=1, first=(t:1, i:197), STATEMACHINELOGENTRY, StateMachineLogEntryProto:4529@client-04EF324C57E0
2024-09-10 06:20:06,676 DEBUG server.RaftServer$Division (RaftServerImpl.java:logAppendEntries(1539)) - s1@group-5D788F7A274C: appendEntries* s0->s1#1058-t1,previous=(t:1, i:196),leaderCommit=196,initializing? false,entries: size=1, first=(t:1, i:197), STATEMACHINELOGENTRY, StateMachineLogEntryProto:4529@client-04EF324C57E0
2024-09-10 06:20:06,676 DEBUG server.RaftServer$Division (RaftServerImpl.java:logAppendEntries(1539)) - s14@group-5D788F7A274C: appendEntries* s0->s14#489-t1,previous=(t:1, i:196),leaderCommit=196,initializing? false,entries: size=1, first=(t:1, i:197), STATEMACHINELOGENTRY, StateMachineLogEntryProto:4529@client-04EF324C57E0
2024-09-10 06:20:06,677 DEBUG server.RaftServer$Division (RaftServerImpl.java:logAppendEntries(1539)) - s10@group-5D788F7A274C: appendEntries* s0->s10#1180-t1,previous=(t:1, i:196),leaderCommit=196,initializing? false,entries: size=1, first=(t:1, i:197), STATEMACHINELOGENTRY, StateMachineLogEntryProto:4529@client-04EF324C57E0
2024-09-10 06:20:06,677 DEBUG server.RaftServer$Division (RaftServerImpl.java:logAppendEntries(1539)) - s14@group-5D788F7A274C: appendEntries* reply s0<-s14#489:OK-t1,SUCCESS,nextIndex=198,followerCommit=196,matchIndex=197
2024-09-10 06:20:06,677 DEBUG server.RaftServer$Division (RaftServerImpl.java:logAppendEntries(1539)) - s1@group-5D788F7A274C: appendEntries* reply s0<-s1#1058:OK-t1,SUCCESS,nextIndex=198,followerCommit=196,matchIndex=197
2024-09-10 06:20:06,677 DEBUG server.RaftServer$Division (RaftServerImpl.java:logAppendEntries(1539)) - s3@group-5D788F7A274C: appendEntries* s0->s3#754-t1,previous=(t:1, i:196),leaderCommit=196,initializing? false,entries: size=1, first=(t:1, i:197), STATEMACHINELOGENTRY, StateMachineLogEntryProto:4529@client-04EF324C57E0
2024-09-10 06:20:06,677 DEBUG server.RaftServer$Division (RaftServerImpl.java:logAppendEntries(1539)) - s8@group-5D788F7A274C: appendEntries* s0->s8#759-t1,previous=(t:1, i:196),leaderCommit=196,initializing? false,entries: size=1, first=(t:1, i:197), STATEMACHINELOGENTRY, StateMachineLogEntryProto:4529@client-04EF324C57E0
2024-09-10 06:20:06,677 DEBUG server.RaftServer$Division (RaftServerImpl.java:logAppendEntries(1539)) - s11@group-5D788F7A274C: appendEntries* s0->s11#829-t1,previous=(t:1, i:196),leaderCommit=196,initializing? false,entries: size=1, first=(t:1, i:197), STATEMACHINELOGENTRY, StateMachineLogEntryProto:4529@client-04EF324C57E0
2024-09-10 06:20:06,677 DEBUG server.RaftServer$Division (RaftServerImpl.java:logAppendEntries(1539)) - s4@group-5D788F7A274C: appendEntries* s0->s4#680-t1,previous=(t:1, i:196),leaderCommit=196,initializing? false,entries: size=1, first=(t:1, i:197), STATEMACHINELOGENTRY, StateMachineLogEntryProto:4529@client-04EF324C57E0
2024-09-10 06:20:06,678 DEBUG server.RaftServer$Division (RaftServerImpl.java:logAppendEntries(1539)) - s12@group-5D788F7A274C: appendEntries* s0->s12#780-t1,previous=(t:1, i:196),leaderCommit=196,initializing? false,entries: size=1, first=(t:1, i:197), STATEMACHINELOGENTRY, StateMachineLogEntryProto:4529@client-04EF324C57E0
2024-09-10 06:20:06,677 DEBUG server.RaftServer$Division (RaftServerImpl.java:logAppendEntries(1539)) - s9@group-5D788F7A274C: appendEntries* s0->s9#762-t1,previous=(t:1, i:196),leaderCommit=196,initializing? false,entries: size=1, first=(t:1, i:197), STATEMACHINELOGENTRY, StateMachineLogEntryProto:4529@client-04EF324C57E0
2024-09-10 06:20:06,678 DEBUG server.RaftServer$Division (RaftServerImpl.java:logAppendEntries(1539)) - s6@group-5D788F7A274C: appendEntries* s0->s6#736-t1,previous=(t:1, i:196),leaderCommit=196,initializing? false,entries: size=1, first=(t:1, i:197), STATEMACHINELOGENTRY, StateMachineLogEntryProto:4529@client-04EF324C57E0
2024-09-10 06:20:06,677 DEBUG server.RaftServer$Division (RaftServerImpl.java:logAppendEntries(1539)) - s13@group-5D788F7A274C: appendEntries* reply s0<-s13#636:OK-t1,SUCCESS,nextIndex=198,followerCommit=196,matchIndex=197
2024-09-10 06:20:06,678 DEBUG server.RaftServer$Division (RaftServerImpl.java:logAppendEntries(1539)) - s11@group-5D788F7A274C: appendEntries* reply s0<-s11#829:OK-t1,SUCCESS,nextIndex=198,followerCommit=196,matchIndex=197
2024-09-10 06:20:06,678 DEBUG server.RaftServer$Division (RaftServerImpl.java:logAppendEntries(1539)) - s10@group-5D788F7A274C: appendEntries* reply s0<-s10#1180:OK-t1,SUCCESS,nextIndex=198,followerCommit=196,matchIndex=197
2024-09-10 06:20:06,678 DEBUG server.RaftServer$Division (RaftServerImpl.java:logAppendEntries(1539)) - s12@group-5D788F7A274C: appendEntries* reply s0<-s12#780:OK-t1,SUCCESS,nextIndex=198,followerCommit=196,matchIndex=197
2024-09-10 06:20:06,677 DEBUG server.RaftServer$Division (RaftServerImpl.java:logAppendEntries(1539)) - s5@group-5D788F7A274C: appendEntries* s0->s5#730-t1,previous=(t:1, i:196),leaderCommit=196,initializing? false,entries: size=1, first=(t:1, i:197), STATEMACHINELOGENTRY, StateMachineLogEntryProto:4529@client-04EF324C57E0
2024-09-10 06:20:06,678 DEBUG server.RaftServer$Division (RaftServerImpl.java:logAppendEntries(1539)) - s7@group-5D788F7A274C: appendEntries* s0->s7#602-t1,previous=(t:1, i:196),leaderCommit=196,initializing? false,entries: size=1, first=(t:1, i:197), STATEMACHINELOGENTRY, StateMachineLogEntryProto:4529@client-04EF324C57E0
2024-09-10 06:20:06,679 DEBUG server.RaftServer$Division (RaftServerImpl.java:logAppendEntries(1539)) - s6@group-5D788F7A274C: appendEntries* reply s0<-s6#736:OK-t1,SUCCESS,nextIndex=198,followerCommit=196,matchIndex=197
2024-09-10 06:20:06,677 DEBUG server.RaftServer$Division (RaftServerImpl.java:logAppendEntries(1539)) - s2@group-5D788F7A274C: appendEntries* s0->s2#738-t1,previous=(t:1, i:196),leaderCommit=196,initializing? false,entries: size=1, first=(t:1, i:197), STATEMACHINELOGENTRY, StateMachineLogEntryProto:4529@client-04EF324C57E0
2024-09-10 06:20:06,679 DEBUG server.RaftServer$Division (RaftServerImpl.java:logAppendEntries(1539)) - s7@group-5D788F7A274C: appendEntries* reply s0<-s7#602:OK-t1,SUCCESS,nextIndex=198,followerCommit=196,matchIndex=197
2024-09-10 06:20:06,679 DEBUG server.RaftServer$Division (RaftServerImpl.java:logAppendEntries(1539)) - s8@group-5D788F7A274C: appendEntries* reply s0<-s8#759:OK-t1,SUCCESS,nextIndex=198,followerCommit=196,matchIndex=197
2024-09-10 06:20:06,679 DEBUG server.RaftServer$Division (RaftServerImpl.java:logAppendEntries(1539)) - s5@group-5D788F7A274C: appendEntries* reply s0<-s5#730:OK-t1,SUCCESS,nextIndex=198,followerCommit=196,matchIndex=197
2024-09-10 06:20:06,678 DEBUG server.RaftServer$Division (RaftServerImpl.java:logAppendEntries(1539)) - s9@group-5D788F7A274C: appendEntries* reply s0<-s9#762:OK-t1,SUCCESS,nextIndex=198,followerCommit=196,matchIndex=197
2024-09-10 06:20:06,679 DEBUG server.RaftServer$Division (RaftServerImpl.java:logAppendEntries(1539)) - s3@group-5D788F7A274C: appendEntries* reply s0<-s3#754:OK-t1,SUCCESS,nextIndex=198,followerCommit=196,matchIndex=197
2024-09-10 06:20:06,679 DEBUG server.RaftServer$Division (RaftServerImpl.java:logAppendEntries(1539)) - s4@group-5D788F7A274C: appendEntries* reply s0<-s4#680:OK-t1,SUCCESS,nextIndex=198,followerCommit=196,matchIndex=197
2024-09-10 06:20:06,680 INFO  statemachine.StateMachine (ArithmeticStateMachine.java:applyTransaction(181)) - LEADER:s0-197: c = √(a^2 + b^2) = 6385
2024-09-10 06:20:06,680 DEBUG server.RaftServer$Division (RaftServerImpl.java:logAppendEntries(1539)) - s7@group-5D788F7A274C: appendEntries* s0->s7#605-t1,previous=(t:1, i:197),leaderCommit=197,initializing? false,entries: size=1, first=(t:1, i:198), METADATAENTRY(c:197)
2024-09-10 06:20:06,680 DEBUG server.RaftServer$Division (RaftServerImpl.java:logAppendEntries(1539)) - s14@group-5D788F7A274C: appendEntries* s0->s14#490-t1,previous=(t:1, i:197),leaderCommit=197,initializing? false,entries: size=1, first=(t:1, i:198), METADATAENTRY(c:197)
2024-09-10 06:20:06,681 DEBUG server.RaftServer$Division (RaftServerImpl.java:logAppendEntries(1539)) - s2@group-5D788F7A274C: appendEntries* reply s0<-s2#738:OK-t1,SUCCESS,nextIndex=198,followerCommit=196,matchIndex=197
2024-09-10 06:20:06,681 DEBUG server.RaftServer$Division (RaftServerImpl.java:logAppendEntries(1539)) - s12@group-5D788F7A274C: appendEntries* s0->s12#782-t1,previous=(t:1, i:197),leaderCommit=197,initializing? false,entries: size=1, first=(t:1, i:198), METADATAENTRY(c:197)
2024-09-10 06:20:06,681 DEBUG server.RaftServer$Division (RaftServerImpl.java:logAppendEntries(1539)) - s12@group-5D788F7A274C: appendEntries* reply s0<-s12#782:OK-t1,SUCCESS,nextIndex=199,followerCommit=197,matchIndex=198
2024-09-10 06:20:06,682 DEBUG server.RaftServer$Division (RaftServerImpl.java:logAppendEntries(1539)) - s9@group-5D788F7A274C: appendEntries* s0->s9#767-t1,previous=(t:1, i:197),leaderCommit=197,initializing? false,entries: size=1, first=(t:1, i:198), METADATAENTRY(c:197)
2024-09-10 06:20:06,682 DEBUG server.RaftServer$Division (RaftServerImpl.java:logAppendEntries(1539)) - s9@group-5D788F7A274C: appendEntries* reply s0<-s9#767:OK-t1,SUCCESS,nextIndex=199,followerCommit=197,matchIndex=198
2024-09-10 06:20:06,683 DEBUG server.RaftServer$Division (RaftServerImpl.java:logAppendEntries(1539)) - s10@group-5D788F7A274C: appendEntries* s0->s10#1182-t1,previous=(t:1, i:197),leaderCommit=197,initializing? false,entries: size=1, first=(t:1, i:198), METADATAENTRY(c:197)
2024-09-10 06:20:06,683 DEBUG server.RaftServer$Division (RaftServerImpl.java:logAppendEntries(1539)) - s2@group-5D788F7A274C: appendEntries* s0->s2#744-t1,previous=(t:1, i:197),leaderCommit=197,initializing? false,entries: size=1, first=(t:1, i:198), METADATAENTRY(c:197)
2024-09-10 06:20:06,683 DEBUG server.RaftServer$Division (RaftServerImpl.java:logAppendEntries(1539)) - s10@group-5D788F7A274C: appendEntries* reply s0<-s10#1182:OK-t1,SUCCESS,nextIndex=199,followerCommit=197,matchIndex=198
2024-09-10 06:20:06,683 DEBUG server.RaftServer$Division (RaftServerImpl.java:logAppendEntries(1539)) - s2@group-5D788F7A274C: appendEntries* reply s0<-s2#744:OK-t1,SUCCESS,nextIndex=199,followerCommit=197,matchIndex=198
2024-09-10 06:20:06,684 DEBUG server.RaftServer$Division (RaftServerImpl.java:logAppendEntries(1539)) - s3@group-5D788F7A274C: appendEntries* s0->s3#759-t1,previous=(t:1, i:197),leaderCommit=197,initializing? false,entries: size=1, first=(t:1, i:198), METADATAENTRY(c:197)
2024-09-10 06:20:06,684 DEBUG server.RaftServer$Division (RaftServerImpl.java:logAppendEntries(1539)) - s4@group-5D788F7A274C: appendEntries* s0->s4#685-t1,previous=(t:1, i:197),leaderCommit=197,initializing? false,entries: size=1, first=(t:1, i:198), METADATAENTRY(c:197)
2024-09-10 06:20:06,685 DEBUG server.RaftServer$Division (RaftServerImpl.java:logAppendEntries(1539)) - s3@group-5D788F7A274C: appendEntries* reply s0<-s3#759:OK-t1,SUCCESS,nextIndex=199,followerCommit=197,matchIndex=198
2024-09-10 06:20:06,685 DEBUG server.RaftServer$Division (RaftServerImpl.java:logAppendEntries(1539)) - s14@group-5D788F7A274C: appendEntries* reply s0<-s14#490:OK-t1,SUCCESS,nextIndex=199,followerCommit=197,matchIndex=198
2024-09-10 06:20:06,685 DEBUG server.RaftServer$Division (RaftServerImpl.java:logAppendEntries(1539)) - s4@group-5D788F7A274C: appendEntries* reply s0<-s4#685:OK-t1,SUCCESS,nextIndex=199,followerCommit=197,matchIndex=198
2024-09-10 06:20:06,685 DEBUG server.RaftServer$Division (RaftServerImpl.java:logAppendEntries(1539)) - s7@group-5D788F7A274C: appendEntries* reply s0<-s7#605:OK-t1,SUCCESS,nextIndex=199,followerCommit=197,matchIndex=198
2024-09-10 06:20:06,686 DEBUG server.RaftServer$Division (RaftServerImpl.java:logAppendEntries(1539)) - s13@group-5D788F7A274C: appendEntries* s0->s13#640-t1,previous=(t:1, i:197),leaderCommit=197,initializing? false,entries: size=1, first=(t:1, i:198), METADATAENTRY(c:197)
2024-09-10 06:20:06,686 DEBUG server.RaftServer$Division (RaftServerImpl.java:logAppendEntries(1539)) - s8@group-5D788F7A274C: appendEntries* s0->s8#763-t1,previous=(t:1, i:197),leaderCommit=197,initializing? false,entries: size=1, first=(t:1, i:198), METADATAENTRY(c:197)
2024-09-10 06:20:06,687 DEBUG server.RaftServer$Division (RaftServerImpl.java:logAppendEntries(1539)) - s6@group-5D788F7A274C: appendEntries* s0->s6#739-t1,previous=(t:1, i:197),leaderCommit=197,initializing? false,entries: size=1, first=(t:1, i:198), METADATAENTRY(c:197)
2024-09-10 06:20:06,687 DEBUG server.RaftServer$Division (RaftServerImpl.java:logAppendEntries(1539)) - s8@group-5D788F7A274C: appendEntries* reply s0<-s8#763:OK-t1,SUCCESS,nextIndex=199,followerCommit=197,matchIndex=198
2024-09-10 06:20:06,687 DEBUG server.RaftServer$Division (RaftServerImpl.java:logAppendEntries(1539)) - s1@group-5D788F7A274C: appendEntries* s0->s1#1062-t1,previous=(t:1, i:197),leaderCommit=197,initializing? false,entries: size=1, first=(t:1, i:198), METADATAENTRY(c:197)
2024-09-10 06:20:06,687 DEBUG server.RaftServer$Division (RaftServerImpl.java:logAppendEntries(1539)) - s6@group-5D788F7A274C: appendEntries* reply s0<-s6#739:OK-t1,SUCCESS,nextIndex=199,followerCommit=197,matchIndex=198
2024-09-10 06:20:06,687 DEBUG server.RaftServer$Division (RaftServerImpl.java:logAppendEntries(1539)) - s11@group-5D788F7A274C: appendEntries* s0->s11#832-t1,previous=(t:1, i:197),leaderCommit=197,initializing? false,entries: size=1, first=(t:1, i:198), METADATAENTRY(c:197)
2024-09-10 06:20:06,687 DEBUG server.RaftServer$Division (RaftServerImpl.java:logAppendEntries(1539)) - s5@group-5D788F7A274C: appendEntries* s0->s5#733-t1,previous=(t:1, i:197),leaderCommit=197,initializing? false,entries: size=1, first=(t:1, i:198), METADATAENTRY(c:197)
2024-09-10 06:20:06,687 DEBUG server.RaftServer$Division (RaftServerImpl.java:logAppendEntries(1539)) - s13@group-5D788F7A274C: appendEntries* reply s0<-s13#640:OK-t1,SUCCESS,nextIndex=199,followerCommit=197,matchIndex=198
2024-09-10 06:20:06,687 DEBUG server.RaftServer$Division (RaftServerImpl.java:logAppendEntries(1539)) - s11@group-5D788F7A274C: appendEntries* reply s0<-s11#832:OK-t1,SUCCESS,nextIndex=199,followerCommit=197,matchIndex=198
2024-09-10 06:20:06,688 DEBUG server.RaftServer$Division (RaftServerImpl.java:logAppendEntries(1539)) - s1@group-5D788F7A274C: appendEntries* reply s0<-s1#1062:OK-t1,SUCCESS,nextIndex=199,followerCommit=197,matchIndex=198
2024-09-10 06:20:06,688 DEBUG server.RaftServer$Division (RaftServerImpl.java:logAppendEntries(1539)) - s5@group-5D788F7A274C: appendEntries* reply s0<-s5#733:OK-t1,SUCCESS,nextIndex=199,followerCommit=197,matchIndex=198
2024-09-10 06:20:06,689 DEBUG server.RaftServer$Division (RaftServerImpl.java:submitClientRequestAsync(910)) - s0@group-5D788F7A274C: receive client request(RaftClientRequest:client-04EF324C57E0->s0@group-5D788F7A274C, cid=4530, seq=null, RW, Message:01016100)
2024-09-10 06:20:06,689 DEBUG server.RaftServer$Division (LeaderStateImpl.java:addPendingRequest(532)) - s0@group-5D788F7A274C-LeaderStateImpl: addPendingRequest at RaftClientRequest:client-04EF324C57E0->s0@group-5D788F7A274C, cid=4530, seq=null, RW, Message:01016100, entry=(t:1, i:199), STATEMACHINELOGENTRY, WRITE: logData.size=4, stateMachineData.size=0, logEntryProtoSerializedSize=0
2024-09-10 06:20:06,690 DEBUG server.RaftServer$Division (RaftServerImpl.java:logAppendEntries(1539)) - s13@group-5D788F7A274C: appendEntries* s0->s13#657-t1,previous=(t:1, i:198),leaderCommit=198,initializing? false,entries: size=1, first=(t:1, i:199), STATEMACHINELOGENTRY, StateMachineLogEntryProto:4530@client-04EF324C57E0
2024-09-10 06:20:06,690 DEBUG server.RaftServer$Division (RaftServerImpl.java:logAppendEntries(1539)) - s7@group-5D788F7A274C: appendEntries* s0->s7#622-t1,previous=(t:1, i:198),leaderCommit=198,initializing? false,entries: size=1, first=(t:1, i:199), STATEMACHINELOGENTRY, StateMachineLogEntryProto:4530@client-04EF324C57E0
2024-09-10 06:20:06,690 DEBUG server.RaftServer$Division (RaftServerImpl.java:logAppendEntries(1539)) - s4@group-5D788F7A274C: appendEntries* s0->s4#702-t1,previous=(t:1, i:198),leaderCommit=198,initializing? false,entries: size=1, first=(t:1, i:199), STATEMACHINELOGENTRY, StateMachineLogEntryProto:4530@client-04EF324C57E0
2024-09-10 06:20:06,690 DEBUG server.RaftServer$Division (RaftServerImpl.java:logAppendEntries(1539)) - s8@group-5D788F7A274C: appendEntries* s0->s8#778-t1,previous=(t:1, i:198),leaderCommit=198,initializing? false,entries: size=1, first=(t:1, i:199), STATEMACHINELOGENTRY, StateMachineLogEntryProto:4530@client-04EF324C57E0
2024-09-10 06:20:06,690 DEBUG server.RaftServer$Division (RaftServerImpl.java:logAppendEntries(1539)) - s7@group-5D788F7A274C: appendEntries* reply s0<-s7#622:OK-t1,SUCCESS,nextIndex=200,followerCommit=198,matchIndex=199
2024-09-10 06:20:06,690 DEBUG server.RaftServer$Division (RaftServerImpl.java:logAppendEntries(1539)) - s13@group-5D788F7A274C: appendEntries* reply s0<-s13#657:OK-t1,SUCCESS,nextIndex=200,followerCommit=198,matchIndex=199
2024-09-10 06:20:06,691 DEBUG server.RaftServer$Division (RaftServerImpl.java:logAppendEntries(1539)) - s11@group-5D788F7A274C: appendEntries* s0->s11#846-t1,previous=(t:1, i:198),leaderCommit=198,initializing? false,entries: size=1, first=(t:1, i:199), STATEMACHINELOGENTRY, StateMachineLogEntryProto:4530@client-04EF324C57E0
2024-09-10 06:20:06,691 DEBUG server.RaftServer$Division (RaftServerImpl.java:logAppendEntries(1539)) - s3@group-5D788F7A274C: appendEntries* s0->s3#772-t1,previous=(t:1, i:198),leaderCommit=198,initializing? false,entries: size=1, first=(t:1, i:199), STATEMACHINELOGENTRY, StateMachineLogEntryProto:4530@client-04EF324C57E0
2024-09-10 06:20:06,691 DEBUG server.RaftServer$Division (RaftServerImpl.java:logAppendEntries(1539)) - s8@group-5D788F7A274C: appendEntries* reply s0<-s8#778:OK-t1,SUCCESS,nextIndex=200,followerCommit=198,matchIndex=199
2024-09-10 06:20:06,691 DEBUG server.RaftServer$Division (RaftServerImpl.java:logAppendEntries(1539)) - s4@group-5D788F7A274C: appendEntries* reply s0<-s4#702:OK-t1,SUCCESS,nextIndex=200,followerCommit=198,matchIndex=199
2024-09-10 06:20:06,691 DEBUG server.RaftServer$Division (RaftServerImpl.java:logAppendEntries(1539)) - s3@group-5D788F7A274C: appendEntries* reply s0<-s3#772:OK-t1,SUCCESS,nextIndex=200,followerCommit=198,matchIndex=199
2024-09-10 06:20:06,691 DEBUG server.RaftServer$Division (RaftServerImpl.java:logAppendEntries(1539)) - s1@group-5D788F7A274C: appendEntries* s0->s1#1079-t1,previous=(t:1, i:198),leaderCommit=198,initializing? false,entries: size=1, first=(t:1, i:199), STATEMACHINELOGENTRY, StateMachineLogEntryProto:4530@client-04EF324C57E0
2024-09-10 06:20:06,691 DEBUG server.RaftServer$Division (RaftServerImpl.java:logAppendEntries(1539)) - s2@group-5D788F7A274C: appendEntries* s0->s2#758-t1,previous=(t:1, i:198),leaderCommit=198,initializing? false,entries: size=1, first=(t:1, i:199), STATEMACHINELOGENTRY, StateMachineLogEntryProto:4530@client-04EF324C57E0
2024-09-10 06:20:06,691 DEBUG server.RaftServer$Division (RaftServerImpl.java:logAppendEntries(1539)) - s9@group-5D788F7A274C: appendEntries* s0->s9#779-t1,previous=(t:1, i:198),leaderCommit=198,initializing? false,entries: size=1, first=(t:1, i:199), STATEMACHINELOGENTRY, StateMachineLogEntryProto:4530@client-04EF324C57E0
2024-09-10 06:20:06,691 DEBUG server.RaftServer$Division (RaftServerImpl.java:logAppendEntries(1539)) - s14@group-5D788F7A274C: appendEntries* s0->s14#503-t1,previous=(t:1, i:198),leaderCommit=198,initializing? false,entries: size=1, first=(t:1, i:199), STATEMACHINELOGENTRY, StateMachineLogEntryProto:4530@client-04EF324C57E0
2024-09-10 06:20:06,692 DEBUG server.RaftServer$Division (RaftServerImpl.java:logAppendEntries(1539)) - s5@group-5D788F7A274C: appendEntries* s0->s5#749-t1,previous=(t:1, i:198),leaderCommit=198,initializing? false,entries: size=1, first=(t:1, i:199), STATEMACHINELOGENTRY, StateMachineLogEntryProto:4530@client-04EF324C57E0
2024-09-10 06:20:06,692 DEBUG server.RaftServer$Division (RaftServerImpl.java:logAppendEntries(1539)) - s9@group-5D788F7A274C: appendEntries* reply s0<-s9#779:OK-t1,SUCCESS,nextIndex=200,followerCommit=198,matchIndex=199
2024-09-10 06:20:06,691 DEBUG server.RaftServer$Division (RaftServerImpl.java:logAppendEntries(1539)) - s11@group-5D788F7A274C: appendEntries* reply s0<-s11#846:OK-t1,SUCCESS,nextIndex=200,followerCommit=198,matchIndex=199
2024-09-10 06:20:06,692 DEBUG server.RaftServer$Division (RaftServerImpl.java:logAppendEntries(1539)) - s2@group-5D788F7A274C: appendEntries* reply s0<-s2#758:OK-t1,SUCCESS,nextIndex=200,followerCommit=198,matchIndex=199
2024-09-10 06:20:06,692 DEBUG server.RaftServer$Division (RaftServerImpl.java:logAppendEntries(1539)) - s14@group-5D788F7A274C: appendEntries* reply s0<-s14#503:OK-t1,SUCCESS,nextIndex=200,followerCommit=198,matchIndex=199
2024-09-10 06:20:06,692 DEBUG server.RaftServer$Division (RaftServerImpl.java:logAppendEntries(1539)) - s6@group-5D788F7A274C: appendEntries* s0->s6#756-t1,previous=(t:1, i:198),leaderCommit=198,initializing? false,entries: size=1, first=(t:1, i:199), STATEMACHINELOGENTRY, StateMachineLogEntryProto:4530@client-04EF324C57E0
2024-09-10 06:20:06,692 DEBUG server.RaftServer$Division (RaftServerImpl.java:logAppendEntries(1539)) - s1@group-5D788F7A274C: appendEntries* reply s0<-s1#1079:OK-t1,SUCCESS,nextIndex=200,followerCommit=198,matchIndex=199
2024-09-10 06:20:06,692 DEBUG server.RaftServer$Division (RaftServerImpl.java:logAppendEntries(1539)) - s5@group-5D788F7A274C: appendEntries* reply s0<-s5#749:OK-t1,SUCCESS,nextIndex=200,followerCommit=198,matchIndex=199
2024-09-10 06:20:06,693 DEBUG server.RaftServer$Division (RaftServerImpl.java:logAppendEntries(1539)) - s6@group-5D788F7A274C: appendEntries* reply s0<-s6#756:OK-t1,SUCCESS,nextIndex=200,followerCommit=198,matchIndex=199
2024-09-10 06:20:06,693 DEBUG server.RaftServer$Division (RaftServerImpl.java:logAppendEntries(1539)) - s10@group-5D788F7A274C: appendEntries* s0->s10#1192-t1,previous=(t:1, i:198),leaderCommit=198,initializing? false,entries: size=1, first=(t:1, i:199), STATEMACHINELOGENTRY, StateMachineLogEntryProto:4530@client-04EF324C57E0
2024-09-10 06:20:06,694 DEBUG server.RaftServer$Division (RaftServerImpl.java:logAppendEntries(1539)) - s12@group-5D788F7A274C: appendEntries* s0->s12#791-t1,previous=(t:1, i:198),leaderCommit=198,initializing? false,entries: size=1, first=(t:1, i:199), STATEMACHINELOGENTRY, StateMachineLogEntryProto:4530@client-04EF324C57E0
2024-09-10 06:20:06,693 INFO  statemachine.StateMachine (ArithmeticStateMachine.java:applyTransaction(181)) - LEADER:s0-199: a = null = null
2024-09-10 06:20:06,694 DEBUG server.RaftServer$Division (RaftServerImpl.java:logAppendEntries(1539)) - s10@group-5D788F7A274C: appendEntries* reply s0<-s10#1192:OK-t1,SUCCESS,nextIndex=200,followerCommit=198,matchIndex=199
2024-09-10 06:20:06,695 DEBUG server.RaftServer$Division (RaftServerImpl.java:logAppendEntries(1539)) - s12@group-5D788F7A274C: appendEntries* reply s0<-s12#791:OK-t1,SUCCESS,nextIndex=200,followerCommit=198,matchIndex=199
2024-09-10 06:20:06,695 DEBUG server.RaftServer$Division (RaftServerImpl.java:logAppendEntries(1539)) - s7@group-5D788F7A274C: appendEntries* s0->s7#624-t1,previous=(t:1, i:199),leaderCommit=199,initializing? false,entries: size=1, first=(t:1, i:200), METADATAENTRY(c:199)
2024-09-10 06:20:06,695 DEBUG server.RaftServer$Division (RaftServerImpl.java:logAppendEntries(1539)) - s14@group-5D788F7A274C: appendEntries* s0->s14#506-t1,previous=(t:1, i:199),leaderCommit=199,initializing? false,entries: size=1, first=(t:1, i:200), METADATAENTRY(c:199)
2024-09-10 06:20:06,695 DEBUG server.RaftServer$Division (RaftServerImpl.java:logAppendEntries(1539)) - s14@group-5D788F7A274C: appendEntries* reply s0<-s14#506:OK-t1,SUCCESS,nextIndex=201,followerCommit=199,matchIndex=200
2024-09-10 06:20:06,695 DEBUG server.RaftServer$Division (RaftServerImpl.java:logAppendEntries(1539)) - s7@group-5D788F7A274C: appendEntries* reply s0<-s7#624:OK-t1,SUCCESS,nextIndex=201,followerCommit=199,matchIndex=200
2024-09-10 06:20:06,696 DEBUG server.RaftServer$Division (RaftServerImpl.java:logAppendEntries(1539)) - s9@group-5D788F7A274C: appendEntries* s0->s9#785-t1,previous=(t:1, i:199),leaderCommit=199,initializing? false,entries: size=1, first=(t:1, i:200), METADATAENTRY(c:199)
2024-09-10 06:20:06,696 DEBUG server.RaftServer$Division (RaftServerImpl.java:logAppendEntries(1539)) - s3@group-5D788F7A274C: appendEntries* s0->s3#778-t1,previous=(t:1, i:199),leaderCommit=199,initializing? false,entries: size=1, first=(t:1, i:200), METADATAENTRY(c:199)
2024-09-10 06:20:06,696 DEBUG server.RaftServer$Division (RaftServerImpl.java:logAppendEntries(1539)) - s1@group-5D788F7A274C: appendEntries* s0->s1#1084-t1,previous=(t:1, i:199),leaderCommit=199,initializing? false,entries: size=1, first=(t:1, i:200), METADATAENTRY(c:199)
2024-09-10 06:20:06,696 DEBUG server.RaftServer$Division (RaftServerImpl.java:logAppendEntries(1539)) - s5@group-5D788F7A274C: appendEntries* s0->s5#754-t1,previous=(t:1, i:199),leaderCommit=199,initializing? false,entries: size=1, first=(t:1, i:200), METADATAENTRY(c:199)
2024-09-10 06:20:06,696 DEBUG server.RaftServer$Division (RaftServerImpl.java:logAppendEntries(1539)) - s9@group-5D788F7A274C: appendEntries* reply s0<-s9#785:OK-t1,SUCCESS,nextIndex=201,followerCommit=199,matchIndex=200
2024-09-10 06:20:06,696 DEBUG server.RaftServer$Division (RaftServerImpl.java:logAppendEntries(1539)) - s1@group-5D788F7A274C: appendEntries* reply s0<-s1#1084:OK-t1,SUCCESS,nextIndex=201,followerCommit=199,matchIndex=200
2024-09-10 06:20:06,696 DEBUG server.RaftServer$Division (RaftServerImpl.java:logAppendEntries(1539)) - s3@group-5D788F7A274C: appendEntries* reply s0<-s3#778:OK-t1,SUCCESS,nextIndex=201,followerCommit=199,matchIndex=200
2024-09-10 06:20:06,696 DEBUG server.RaftServer$Division (RaftServerImpl.java:logAppendEntries(1539)) - s5@group-5D788F7A274C: appendEntries* reply s0<-s5#754:OK-t1,SUCCESS,nextIndex=201,followerCommit=199,matchIndex=200
2024-09-10 06:20:06,697 DEBUG server.RaftServer$Division (RaftServerImpl.java:logAppendEntries(1539)) - s6@group-5D788F7A274C: appendEntries* s0->s6#761-t1,previous=(t:1, i:199),leaderCommit=199,initializing? false,entries: size=1, first=(t:1, i:200), METADATAENTRY(c:199)
2024-09-10 06:20:06,697 DEBUG server.RaftServer$Division (RaftServerImpl.java:logAppendEntries(1539)) - s2@group-5D788F7A274C: appendEntries* s0->s2#764-t1,previous=(t:1, i:199),leaderCommit=199,initializing? false,entries: size=1, first=(t:1, i:200), METADATAENTRY(c:199)
2024-09-10 06:20:06,697 DEBUG server.RaftServer$Division (RaftServerImpl.java:logAppendEntries(1539)) - s12@group-5D788F7A274C: appendEntries* s0->s12#797-t1,previous=(t:1, i:199),leaderCommit=199,initializing? false,entries: size=1, first=(t:1, i:200), METADATAENTRY(c:199)
2024-09-10 06:20:06,697 DEBUG server.RaftServer$Division (RaftServerImpl.java:logAppendEntries(1539)) - s2@group-5D788F7A274C: appendEntries* reply s0<-s2#764:OK-t1,SUCCESS,nextIndex=201,followerCommit=199,matchIndex=200
2024-09-10 06:20:06,697 DEBUG server.RaftServer$Division (RaftServerImpl.java:logAppendEntries(1539)) - s13@group-5D788F7A274C: appendEntries* s0->s13#659-t1,previous=(t:1, i:199),leaderCommit=199,initializing? false,entries: size=1, first=(t:1, i:200), METADATAENTRY(c:199)
2024-09-10 06:20:06,698 DEBUG server.RaftServer$Division (RaftServerImpl.java:logAppendEntries(1539)) - s12@group-5D788F7A274C: appendEntries* reply s0<-s12#797:OK-t1,SUCCESS,nextIndex=201,followerCommit=199,matchIndex=200
2024-09-10 06:20:06,697 DEBUG server.RaftServer$Division (RaftServerImpl.java:logAppendEntries(1539)) - s6@group-5D788F7A274C: appendEntries* reply s0<-s6#761:OK-t1,SUCCESS,nextIndex=201,followerCommit=199,matchIndex=200
2024-09-10 06:20:06,698 DEBUG server.RaftServer$Division (RaftServerImpl.java:logAppendEntries(1539)) - s13@group-5D788F7A274C: appendEntries* reply s0<-s13#659:OK-t1,SUCCESS,nextIndex=201,followerCommit=199,matchIndex=200
2024-09-10 06:20:06,698 DEBUG server.RaftServer$Division (RaftServerImpl.java:logAppendEntries(1539)) - s4@group-5D788F7A274C: appendEntries* s0->s4#707-t1,previous=(t:1, i:199),leaderCommit=199,initializing? false,entries: size=1, first=(t:1, i:200), METADATAENTRY(c:199)
2024-09-10 06:20:06,698 DEBUG server.RaftServer$Division (RaftServerImpl.java:logAppendEntries(1539)) - s4@group-5D788F7A274C: appendEntries* reply s0<-s4#707:OK-t1,SUCCESS,nextIndex=201,followerCommit=199,matchIndex=200
2024-09-10 06:20:06,699 DEBUG server.RaftServer$Division (RaftServerImpl.java:logAppendEntries(1539)) - s10@group-5D788F7A274C: appendEntries* s0->s10#1198-t1,previous=(t:1, i:199),leaderCommit=199,initializing? false,entries: size=1, first=(t:1, i:200), METADATAENTRY(c:199)
2024-09-10 06:20:06,699 DEBUG server.RaftServer$Division (RaftServerImpl.java:logAppendEntries(1539)) - s10@group-5D788F7A274C: appendEntries* reply s0<-s10#1198:OK-t1,SUCCESS,nextIndex=201,followerCommit=199,matchIndex=200
2024-09-10 06:20:06,699 DEBUG server.RaftServer$Division (RaftServerImpl.java:logAppendEntries(1539)) - s11@group-5D788F7A274C: appendEntries* s0->s11#851-t1,previous=(t:1, i:199),leaderCommit=199,initializing? false,entries: size=1, first=(t:1, i:200), METADATAENTRY(c:199)
2024-09-10 06:20:06,700 DEBUG server.RaftServer$Division (RaftServerImpl.java:logAppendEntries(1539)) - s8@group-5D788F7A274C: appendEntries* s0->s8#784-t1,previous=(t:1, i:199),leaderCommit=199,initializing? false,entries: size=1, first=(t:1, i:200), METADATAENTRY(c:199)
2024-09-10 06:20:06,700 DEBUG server.RaftServer$Division (RaftServerImpl.java:logAppendEntries(1539)) - s11@group-5D788F7A274C: appendEntries* reply s0<-s11#851:OK-t1,SUCCESS,nextIndex=201,followerCommit=199,matchIndex=200
2024-09-10 06:20:06,700 DEBUG server.RaftServer$Division (RaftServerImpl.java:logAppendEntries(1539)) - s8@group-5D788F7A274C: appendEntries* reply s0<-s8#784:OK-t1,SUCCESS,nextIndex=201,followerCommit=199,matchIndex=200
2024-09-10 06:20:06,701 DEBUG server.RaftServer$Division (RaftServerImpl.java:submitClientRequestAsync(910)) - s0@group-5D788F7A274C: receive client request(RaftClientRequest:client-04EF324C57E0->s0@group-5D788F7A274C, cid=4531, seq=null, RW, Message:01016200)
2024-09-10 06:20:06,701 DEBUG server.RaftServer$Division (LeaderStateImpl.java:addPendingRequest(532)) - s0@group-5D788F7A274C-LeaderStateImpl: addPendingRequest at RaftClientRequest:client-04EF324C57E0->s0@group-5D788F7A274C, cid=4531, seq=null, RW, Message:01016200, entry=(t:1, i:201), STATEMACHINELOGENTRY, WRITE: logData.size=4, stateMachineData.size=0, logEntryProtoSerializedSize=0
2024-09-10 06:20:06,702 DEBUG server.RaftServer$Division (RaftServerImpl.java:logAppendEntries(1539)) - s13@group-5D788F7A274C: appendEntries* s0->s13#676-t1,previous=(t:1, i:200),leaderCommit=200,initializing? false,entries: size=1, first=(t:1, i:201), STATEMACHINELOGENTRY, StateMachineLogEntryProto:4531@client-04EF324C57E0
2024-09-10 06:20:06,703 DEBUG server.RaftServer$Division (RaftServerImpl.java:logAppendEntries(1539)) - s1@group-5D788F7A274C: appendEntries* s0->s1#1101-t1,previous=(t:1, i:200),leaderCommit=200,initializing? false,entries: size=1, first=(t:1, i:201), STATEMACHINELOGENTRY, StateMachineLogEntryProto:4531@client-04EF324C57E0
2024-09-10 06:20:06,703 DEBUG server.RaftServer$Division (RaftServerImpl.java:logAppendEntries(1539)) - s8@group-5D788F7A274C: appendEntries* s0->s8#803-t1,previous=(t:1, i:200),leaderCommit=200,initializing? false,entries: size=1, first=(t:1, i:201), STATEMACHINELOGENTRY, StateMachineLogEntryProto:4531@client-04EF324C57E0
2024-09-10 06:20:06,703 DEBUG server.RaftServer$Division (RaftServerImpl.java:logAppendEntries(1539)) - s4@group-5D788F7A274C: appendEntries* s0->s4#726-t1,previous=(t:1, i:200),leaderCommit=200,initializing? false,entries: size=1, first=(t:1, i:201), STATEMACHINELOGENTRY, StateMachineLogEntryProto:4531@client-04EF324C57E0
2024-09-10 06:20:06,703 DEBUG server.RaftServer$Division (RaftServerImpl.java:logAppendEntries(1539)) - s11@group-5D788F7A274C: appendEntries* s0->s11#868-t1,previous=(t:1, i:200),leaderCommit=200,initializing? false,entries: size=1, first=(t:1, i:201), STATEMACHINELOGENTRY, StateMachineLogEntryProto:4531@client-04EF324C57E0
2024-09-10 06:20:06,703 DEBUG server.RaftServer$Division (RaftServerImpl.java:logAppendEntries(1539)) - s14@group-5D788F7A274C: appendEntries* s0->s14#518-t1,previous=(t:1, i:200),leaderCommit=200,initializing? false,entries: size=1, first=(t:1, i:201), STATEMACHINELOGENTRY, StateMachineLogEntryProto:4531@client-04EF324C57E0
2024-09-10 06:20:06,703 DEBUG server.RaftServer$Division (RaftServerImpl.java:logAppendEntries(1539)) - s8@group-5D788F7A274C: appendEntries* reply s0<-s8#803:OK-t1,SUCCESS,nextIndex=202,followerCommit=200,matchIndex=201
2024-09-10 06:20:06,703 DEBUG server.RaftServer$Division (RaftServerImpl.java:logAppendEntries(1539)) - s7@group-5D788F7A274C: appendEntries* s0->s7#638-t1,previous=(t:1, i:200),leaderCommit=200,initializing? false,entries: size=1, first=(t:1, i:201), STATEMACHINELOGENTRY, StateMachineLogEntryProto:4531@client-04EF324C57E0
2024-09-10 06:20:06,703 DEBUG server.RaftServer$Division (RaftServerImpl.java:logAppendEntries(1539)) - s11@group-5D788F7A274C: appendEntries* reply s0<-s11#868:OK-t1,SUCCESS,nextIndex=202,followerCommit=200,matchIndex=201
2024-09-10 06:20:06,703 DEBUG server.RaftServer$Division (RaftServerImpl.java:logAppendEntries(1539)) - s13@group-5D788F7A274C: appendEntries* reply s0<-s13#676:OK-t1,SUCCESS,nextIndex=202,followerCommit=200,matchIndex=201
2024-09-10 06:20:06,703 DEBUG server.RaftServer$Division (RaftServerImpl.java:logAppendEntries(1539)) - s1@group-5D788F7A274C: appendEntries* reply s0<-s1#1101:OK-t1,SUCCESS,nextIndex=202,followerCommit=200,matchIndex=201
2024-09-10 06:20:06,704 DEBUG server.RaftServer$Division (RaftServerImpl.java:logAppendEntries(1539)) - s14@group-5D788F7A274C: appendEntries* reply s0<-s14#518:OK-t1,SUCCESS,nextIndex=202,followerCommit=200,matchIndex=201
2024-09-10 06:20:06,703 DEBUG server.RaftServer$Division (RaftServerImpl.java:logAppendEntries(1539)) - s4@group-5D788F7A274C: appendEntries* reply s0<-s4#726:OK-t1,SUCCESS,nextIndex=202,followerCommit=200,matchIndex=201
2024-09-10 06:20:06,704 DEBUG server.RaftServer$Division (RaftServerImpl.java:logAppendEntries(1539)) - s6@group-5D788F7A274C: appendEntries* s0->s6#777-t1,previous=(t:1, i:200),leaderCommit=200,initializing? false,entries: size=1, first=(t:1, i:201), STATEMACHINELOGENTRY, StateMachineLogEntryProto:4531@client-04EF324C57E0
2024-09-10 06:20:06,704 DEBUG server.RaftServer$Division (RaftServerImpl.java:logAppendEntries(1539)) - s10@group-5D788F7A274C: appendEntries* s0->s10#1213-t1,previous=(t:1, i:200),leaderCommit=200,initializing? false,entries: size=1, first=(t:1, i:201), STATEMACHINELOGENTRY, StateMachineLogEntryProto:4531@client-04EF324C57E0
2024-09-10 06:20:06,704 DEBUG server.RaftServer$Division (RaftServerImpl.java:logAppendEntries(1539)) - s12@group-5D788F7A274C: appendEntries* s0->s12#815-t1,previous=(t:1, i:200),leaderCommit=200,initializing? false,entries: size=1, first=(t:1, i:201), STATEMACHINELOGENTRY, StateMachineLogEntryProto:4531@client-04EF324C57E0
2024-09-10 06:20:06,704 DEBUG server.RaftServer$Division (RaftServerImpl.java:logAppendEntries(1539)) - s10@group-5D788F7A274C: appendEntries* reply s0<-s10#1213:OK-t1,SUCCESS,nextIndex=202,followerCommit=200,matchIndex=201
2024-09-10 06:20:06,704 DEBUG server.RaftServer$Division (RaftServerImpl.java:logAppendEntries(1539)) - s12@group-5D788F7A274C: appendEntries* reply s0<-s12#815:OK-t1,SUCCESS,nextIndex=202,followerCommit=200,matchIndex=201
2024-09-10 06:20:06,705 DEBUG server.RaftServer$Division (RaftServerImpl.java:logAppendEntries(1539)) - s7@group-5D788F7A274C: appendEntries* reply s0<-s7#638:OK-t1,SUCCESS,nextIndex=202,followerCommit=200,matchIndex=201
2024-09-10 06:20:06,704 DEBUG server.RaftServer$Division (RaftServerImpl.java:logAppendEntries(1539)) - s6@group-5D788F7A274C: appendEntries* reply s0<-s6#777:OK-t1,SUCCESS,nextIndex=202,followerCommit=200,matchIndex=201
2024-09-10 06:20:06,705 DEBUG server.RaftServer$Division (RaftServerImpl.java:logAppendEntries(1539)) - s5@group-5D788F7A274C: appendEntries* s0->s5#767-t1,previous=(t:1, i:200),leaderCommit=200,initializing? false,entries: size=1, first=(t:1, i:201), STATEMACHINELOGENTRY, StateMachineLogEntryProto:4531@client-04EF324C57E0
2024-09-10 06:20:06,705 DEBUG server.RaftServer$Division (RaftServerImpl.java:logAppendEntries(1539)) - s5@group-5D788F7A274C: appendEntries* reply s0<-s5#767:OK-t1,SUCCESS,nextIndex=202,followerCommit=200,matchIndex=201
2024-09-10 06:20:06,706 DEBUG server.RaftServer$Division (RaftServerImpl.java:logAppendEntries(1539)) - s2@group-5D788F7A274C: appendEntries* s0->s2#781-t1,previous=(t:1, i:200),leaderCommit=200,initializing? false,entries: size=1, first=(t:1, i:201), STATEMACHINELOGENTRY, StateMachineLogEntryProto:4531@client-04EF324C57E0
2024-09-10 06:20:06,706 DEBUG server.RaftServer$Division (RaftServerImpl.java:logAppendEntries(1539)) - s2@group-5D788F7A274C: appendEntries* reply s0<-s2#781:OK-t1,SUCCESS,nextIndex=202,followerCommit=200,matchIndex=201
2024-09-10 06:20:06,706 INFO  statemachine.StateMachine (ArithmeticStateMachine.java:applyTransaction(181)) - LEADER:s0-201: b = null = null
2024-09-10 06:20:06,707 DEBUG server.RaftServer$Division (RaftServerImpl.java:logAppendEntries(1539)) - s7@group-5D788F7A274C: appendEntries* s0->s7#640-t1,previous=(t:1, i:201),leaderCommit=201,initializing? false,entries: size=1, first=(t:1, i:202), METADATAENTRY(c:201)
2024-09-10 06:20:06,707 DEBUG server.RaftServer$Division (RaftServerImpl.java:logAppendEntries(1539)) - s7@group-5D788F7A274C: appendEntries* reply s0<-s7#640:OK-t1,SUCCESS,nextIndex=203,followerCommit=201,matchIndex=202
2024-09-10 06:20:06,708 DEBUG server.RaftServer$Division (RaftServerImpl.java:logAppendEntries(1539)) - s3@group-5D788F7A274C: appendEntries* s0->s3#796-t1,previous=(t:1, i:200),leaderCommit=200,initializing? false,entries: size=1, first=(t:1, i:201), STATEMACHINELOGENTRY, StateMachineLogEntryProto:4531@client-04EF324C57E0
2024-09-10 06:20:06,708 DEBUG server.RaftServer$Division (RaftServerImpl.java:logAppendEntries(1539)) - s13@group-5D788F7A274C: appendEntries* s0->s13#679-t1,previous=(t:1, i:201),leaderCommit=201,initializing? false,entries: size=1, first=(t:1, i:202), METADATAENTRY(c:201)
2024-09-10 06:20:06,708 DEBUG server.RaftServer$Division (RaftServerImpl.java:logAppendEntries(1539)) - s3@group-5D788F7A274C: appendEntries* reply s0<-s3#796:OK-t1,SUCCESS,nextIndex=202,followerCommit=200,matchIndex=201
2024-09-10 06:20:06,708 DEBUG server.RaftServer$Division (RaftServerImpl.java:logAppendEntries(1539)) - s13@group-5D788F7A274C: appendEntries* reply s0<-s13#679:OK-t1,SUCCESS,nextIndex=203,followerCommit=201,matchIndex=202
2024-09-10 06:20:06,708 DEBUG server.RaftServer$Division (RaftServerImpl.java:logAppendEntries(1539)) - s9@group-5D788F7A274C: appendEntries* s0->s9#802-t1,previous=(t:1, i:200),leaderCommit=200,initializing? false,entries: size=1, first=(t:1, i:201), STATEMACHINELOGENTRY, StateMachineLogEntryProto:4531@client-04EF324C57E0
2024-09-10 06:20:06,708 DEBUG server.RaftServer$Division (RaftServerImpl.java:logAppendEntries(1539)) - s5@group-5D788F7A274C: appendEntries* s0->s5#772-t1,previous=(t:1, i:201),leaderCommit=201,initializing? false,entries: size=1, first=(t:1, i:202), METADATAENTRY(c:201)
2024-09-10 06:20:06,709 DEBUG server.RaftServer$Division (RaftServerImpl.java:logAppendEntries(1539)) - s6@group-5D788F7A274C: appendEntries* s0->s6#781-t1,previous=(t:1, i:201),leaderCommit=201,initializing? false,entries: size=1, first=(t:1, i:202), METADATAENTRY(c:201)
2024-09-10 06:20:06,709 DEBUG server.RaftServer$Division (RaftServerImpl.java:logAppendEntries(1539)) - s5@group-5D788F7A274C: appendEntries* reply s0<-s5#772:OK-t1,SUCCESS,nextIndex=203,followerCommit=201,matchIndex=202
2024-09-10 06:20:06,709 DEBUG server.RaftServer$Division (RaftServerImpl.java:logAppendEntries(1539)) - s9@group-5D788F7A274C: appendEntries* reply s0<-s9#802:OK-t1,SUCCESS,nextIndex=202,followerCommit=200,matchIndex=201
2024-09-10 06:20:06,709 DEBUG server.RaftServer$Division (RaftServerImpl.java:logAppendEntries(1539)) - s6@group-5D788F7A274C: appendEntries* reply s0<-s6#781:OK-t1,SUCCESS,nextIndex=203,followerCommit=201,matchIndex=202
2024-09-10 06:20:06,709 DEBUG server.RaftServer$Division (RaftServerImpl.java:logAppendEntries(1539)) - s14@group-5D788F7A274C: appendEntries* s0->s14#519-t1,previous=(t:1, i:201),leaderCommit=201,initializing? false,entries: size=1, first=(t:1, i:202), METADATAENTRY(c:201)
2024-09-10 06:20:06,710 DEBUG server.RaftServer$Division (RaftServerImpl.java:logAppendEntries(1539)) - s14@group-5D788F7A274C: appendEntries* reply s0<-s14#519:OK-t1,SUCCESS,nextIndex=203,followerCommit=201,matchIndex=202
2024-09-10 06:20:06,710 DEBUG server.RaftServer$Division (RaftServerImpl.java:logAppendEntries(1539)) - s11@group-5D788F7A274C: appendEntries* s0->s11#874-t1,previous=(t:1, i:201),leaderCommit=201,initializing? false,entries: size=1, first=(t:1, i:202), METADATAENTRY(c:201)
2024-09-10 06:20:06,710 DEBUG server.RaftServer$Division (RaftServerImpl.java:logAppendEntries(1539)) - s1@group-5D788F7A274C: appendEntries* s0->s1#1105-t1,previous=(t:1, i:201),leaderCommit=201,initializing? false,entries: size=1, first=(t:1, i:202), METADATAENTRY(c:201)
2024-09-10 06:20:06,710 DEBUG server.RaftServer$Division (RaftServerImpl.java:logAppendEntries(1539)) - s11@group-5D788F7A274C: appendEntries* reply s0<-s11#874:OK-t1,SUCCESS,nextIndex=203,followerCommit=201,matchIndex=202
2024-09-10 06:20:06,710 DEBUG server.RaftServer$Division (RaftServerImpl.java:logAppendEntries(1539)) - s4@group-5D788F7A274C: appendEntries* s0->s4#733-t1,previous=(t:1, i:201),leaderCommit=201,initializing? false,entries: size=1, first=(t:1, i:202), METADATAENTRY(c:201)
2024-09-10 06:20:06,710 DEBUG server.RaftServer$Division (RaftServerImpl.java:logAppendEntries(1539)) - s8@group-5D788F7A274C: appendEntries* s0->s8#808-t1,previous=(t:1, i:201),leaderCommit=201,initializing? false,entries: size=1, first=(t:1, i:202), METADATAENTRY(c:201)
2024-09-10 06:20:06,711 DEBUG server.RaftServer$Division (RaftServerImpl.java:logAppendEntries(1539)) - s1@group-5D788F7A274C: appendEntries* reply s0<-s1#1105:OK-t1,SUCCESS,nextIndex=203,followerCommit=201,matchIndex=202
2024-09-10 06:20:06,711 DEBUG server.RaftServer$Division (RaftServerImpl.java:logAppendEntries(1539)) - s8@group-5D788F7A274C: appendEntries* reply s0<-s8#808:OK-t1,SUCCESS,nextIndex=203,followerCommit=201,matchIndex=202
2024-09-10 06:20:06,711 DEBUG server.RaftServer$Division (RaftServerImpl.java:logAppendEntries(1539)) - s4@group-5D788F7A274C: appendEntries* reply s0<-s4#733:OK-t1,SUCCESS,nextIndex=203,followerCommit=201,matchIndex=202
2024-09-10 06:20:06,712 DEBUG server.RaftServer$Division (RaftServerImpl.java:logAppendEntries(1539)) - s12@group-5D788F7A274C: appendEntries* s0->s12#823-t1,previous=(t:1, i:201),leaderCommit=201,initializing? false,entries: size=1, first=(t:1, i:202), METADATAENTRY(c:201)
2024-09-10 06:20:06,712 DEBUG server.RaftServer$Division (RaftServerImpl.java:logAppendEntries(1539)) - s12@group-5D788F7A274C: appendEntries* reply s0<-s12#823:OK-t1,SUCCESS,nextIndex=203,followerCommit=201,matchIndex=202
2024-09-10 06:20:06,712 DEBUG server.RaftServer$Division (RaftServerImpl.java:logAppendEntries(1539)) - s10@group-5D788F7A274C: appendEntries* s0->s10#1218-t1,previous=(t:1, i:201),leaderCommit=201,initializing? false,entries: size=1, first=(t:1, i:202), METADATAENTRY(c:201)
2024-09-10 06:20:06,712 DEBUG server.RaftServer$Division (RaftServerImpl.java:logAppendEntries(1539)) - s3@group-5D788F7A274C: appendEntries* s0->s3#803-t1,previous=(t:1, i:201),leaderCommit=201,initializing? false,entries: size=1, first=(t:1, i:202), METADATAENTRY(c:201)
2024-09-10 06:20:06,712 DEBUG server.RaftServer$Division (RaftServerImpl.java:logAppendEntries(1539)) - s2@group-5D788F7A274C: appendEntries* s0->s2#788-t1,previous=(t:1, i:201),leaderCommit=201,initializing? false,entries: size=1, first=(t:1, i:202), METADATAENTRY(c:201)
2024-09-10 06:20:06,713 DEBUG server.RaftServer$Division (RaftServerImpl.java:logAppendEntries(1539)) - s10@group-5D788F7A274C: appendEntries* reply s0<-s10#1218:OK-t1,SUCCESS,nextIndex=203,followerCommit=201,matchIndex=202
2024-09-10 06:20:06,713 DEBUG server.RaftServer$Division (RaftServerImpl.java:logAppendEntries(1539)) - s2@group-5D788F7A274C: appendEntries* reply s0<-s2#788:OK-t1,SUCCESS,nextIndex=203,followerCommit=201,matchIndex=202
2024-09-10 06:20:06,713 DEBUG server.RaftServer$Division (RaftServerImpl.java:logAppendEntries(1539)) - s3@group-5D788F7A274C: appendEntries* reply s0<-s3#803:OK-t1,SUCCESS,nextIndex=203,followerCommit=201,matchIndex=202
2024-09-10 06:20:06,713 DEBUG server.RaftServer$Division (RaftServerImpl.java:logAppendEntries(1539)) - s9@group-5D788F7A274C: appendEntries* s0->s9#809-t1,previous=(t:1, i:201),leaderCommit=201,initializing? false,entries: size=1, first=(t:1, i:202), METADATAENTRY(c:201)
2024-09-10 06:20:06,714 DEBUG server.RaftServer$Division (RaftServerImpl.java:logAppendEntries(1539)) - s9@group-5D788F7A274C: appendEntries* reply s0<-s9#809:OK-t1,SUCCESS,nextIndex=203,followerCommit=201,matchIndex=202
2024-09-10 06:20:06,717 DEBUG server.RaftServer$Division (RaftServerImpl.java:submitClientRequestAsync(910)) - s0@group-5D788F7A274C: receive client request(RaftClientRequest:client-04EF324C57E0->s0@group-5D788F7A274C, cid=4532, seq=null, RW, Message:01016300)
2024-09-10 06:20:06,717 DEBUG server.RaftServer$Division (LeaderStateImpl.java:addPendingRequest(532)) - s0@group-5D788F7A274C-LeaderStateImpl: addPendingRequest at RaftClientRequest:client-04EF324C57E0->s0@group-5D788F7A274C, cid=4532, seq=null, RW, Message:01016300, entry=(t:1, i:203), STATEMACHINELOGENTRY, WRITE: logData.size=4, stateMachineData.size=0, logEntryProtoSerializedSize=0
2024-09-10 06:20:06,718 DEBUG server.RaftServer$Division (RaftServerImpl.java:logAppendEntries(1539)) - s13@group-5D788F7A274C: appendEntries* s0->s13#688-t1,previous=(t:1, i:202),leaderCommit=202,initializing? false,entries: size=1, first=(t:1, i:203), STATEMACHINELOGENTRY, StateMachineLogEntryProto:4532@client-04EF324C57E0
2024-09-10 06:20:06,719 DEBUG server.RaftServer$Division (RaftServerImpl.java:logAppendEntries(1539)) - s5@group-5D788F7A274C: appendEntries* s0->s5#782-t1,previous=(t:1, i:202),leaderCommit=202,initializing? false,entries: size=1, first=(t:1, i:203), STATEMACHINELOGENTRY, StateMachineLogEntryProto:4532@client-04EF324C57E0
2024-09-10 06:20:06,718 DEBUG server.RaftServer$Division (RaftServerImpl.java:logAppendEntries(1539)) - s1@group-5D788F7A274C: appendEntries* s0->s1#1121-t1,previous=(t:1, i:202),leaderCommit=202,initializing? false,entries: size=1, first=(t:1, i:203), STATEMACHINELOGENTRY, StateMachineLogEntryProto:4532@client-04EF324C57E0
2024-09-10 06:20:06,719 DEBUG server.RaftServer$Division (RaftServerImpl.java:logAppendEntries(1539)) - s7@group-5D788F7A274C: appendEntries* s0->s7#648-t1,previous=(t:1, i:202),leaderCommit=202,initializing? false,entries: size=1, first=(t:1, i:203), STATEMACHINELOGENTRY, StateMachineLogEntryProto:4532@client-04EF324C57E0
2024-09-10 06:20:06,719 DEBUG server.RaftServer$Division (RaftServerImpl.java:logAppendEntries(1539)) - s6@group-5D788F7A274C: appendEntries* s0->s6#795-t1,previous=(t:1, i:202),leaderCommit=202,initializing? false,entries: size=1, first=(t:1, i:203), STATEMACHINELOGENTRY, StateMachineLogEntryProto:4532@client-04EF324C57E0
2024-09-10 06:20:06,719 DEBUG server.RaftServer$Division (RaftServerImpl.java:logAppendEntries(1539)) - s9@group-5D788F7A274C: appendEntries* s0->s9#827-t1,previous=(t:1, i:202),leaderCommit=202,initializing? false,entries: size=1, first=(t:1, i:203), STATEMACHINELOGENTRY, StateMachineLogEntryProto:4532@client-04EF324C57E0
2024-09-10 06:20:06,719 DEBUG server.RaftServer$Division (RaftServerImpl.java:logAppendEntries(1539)) - s1@group-5D788F7A274C: appendEntries* reply s0<-s1#1121:OK-t1,SUCCESS,nextIndex=204,followerCommit=202,matchIndex=203
2024-09-10 06:20:06,719 DEBUG server.RaftServer$Division (RaftServerImpl.java:logAppendEntries(1539)) - s9@group-5D788F7A274C: appendEntries* reply s0<-s9#827:OK-t1,SUCCESS,nextIndex=204,followerCommit=202,matchIndex=203
2024-09-10 06:20:06,719 DEBUG server.RaftServer$Division (RaftServerImpl.java:logAppendEntries(1539)) - s7@group-5D788F7A274C: appendEntries* reply s0<-s7#648:OK-t1,SUCCESS,nextIndex=204,followerCommit=202,matchIndex=203
2024-09-10 06:20:06,719 DEBUG server.RaftServer$Division (RaftServerImpl.java:logAppendEntries(1539)) - s14@group-5D788F7A274C: appendEntries* s0->s14#531-t1,previous=(t:1, i:202),leaderCommit=202,initializing? false,entries: size=1, first=(t:1, i:203), STATEMACHINELOGENTRY, StateMachineLogEntryProto:4532@client-04EF324C57E0
2024-09-10 06:20:06,720 DEBUG server.RaftServer$Division (RaftServerImpl.java:logAppendEntries(1539)) - s8@group-5D788F7A274C: appendEntries* s0->s8#826-t1,previous=(t:1, i:202),leaderCommit=202,initializing? false,entries: size=1, first=(t:1, i:203), STATEMACHINELOGENTRY, StateMachineLogEntryProto:4532@client-04EF324C57E0
2024-09-10 06:20:06,719 DEBUG server.RaftServer$Division (RaftServerImpl.java:logAppendEntries(1539)) - s6@group-5D788F7A274C: appendEntries* reply s0<-s6#795:OK-t1,SUCCESS,nextIndex=204,followerCommit=202,matchIndex=203
2024-09-10 06:20:06,719 DEBUG server.RaftServer$Division (RaftServerImpl.java:logAppendEntries(1539)) - s13@group-5D788F7A274C: appendEntries* reply s0<-s13#688:OK-t1,SUCCESS,nextIndex=204,followerCommit=202,matchIndex=203
2024-09-10 06:20:06,719 DEBUG server.RaftServer$Division (RaftServerImpl.java:logAppendEntries(1539)) - s11@group-5D788F7A274C: appendEntries* s0->s11#892-t1,previous=(t:1, i:202),leaderCommit=202,initializing? false,entries: size=1, first=(t:1, i:203), STATEMACHINELOGENTRY, StateMachineLogEntryProto:4532@client-04EF324C57E0
2024-09-10 06:20:06,719 DEBUG server.RaftServer$Division (RaftServerImpl.java:logAppendEntries(1539)) - s10@group-5D788F7A274C: appendEntries* s0->s10#1239-t1,previous=(t:1, i:202),leaderCommit=202,initializing? false,entries: size=1, first=(t:1, i:203), STATEMACHINELOGENTRY, StateMachineLogEntryProto:4532@client-04EF324C57E0
2024-09-10 06:20:06,720 DEBUG server.RaftServer$Division (RaftServerImpl.java:logAppendEntries(1539)) - s3@group-5D788F7A274C: appendEntries* s0->s3#821-t1,previous=(t:1, i:202),leaderCommit=202,initializing? false,entries: size=1, first=(t:1, i:203), STATEMACHINELOGENTRY, StateMachineLogEntryProto:4532@client-04EF324C57E0
2024-09-10 06:20:06,719 DEBUG server.RaftServer$Division (RaftServerImpl.java:logAppendEntries(1539)) - s5@group-5D788F7A274C: appendEntries* reply s0<-s5#782:OK-t1,SUCCESS,nextIndex=204,followerCommit=202,matchIndex=203
2024-09-10 06:20:06,721 DEBUG server.RaftServer$Division (RaftServerImpl.java:logAppendEntries(1539)) - s4@group-5D788F7A274C: appendEntries* s0->s4#751-t1,previous=(t:1, i:202),leaderCommit=202,initializing? false,entries: size=1, first=(t:1, i:203), STATEMACHINELOGENTRY, StateMachineLogEntryProto:4532@client-04EF324C57E0
2024-09-10 06:20:06,721 DEBUG server.RaftServer$Division (RaftServerImpl.java:logAppendEntries(1539)) - s2@group-5D788F7A274C: appendEntries* s0->s2#807-t1,previous=(t:1, i:202),leaderCommit=202,initializing? false,entries: size=1, first=(t:1, i:203), STATEMACHINELOGENTRY, StateMachineLogEntryProto:4532@client-04EF324C57E0
2024-09-10 06:20:06,721 DEBUG server.RaftServer$Division (RaftServerImpl.java:logAppendEntries(1539)) - s12@group-5D788F7A274C: appendEntries* s0->s12#841-t1,previous=(t:1, i:202),leaderCommit=202,initializing? false,entries: size=1, first=(t:1, i:203), STATEMACHINELOGENTRY, StateMachineLogEntryProto:4532@client-04EF324C57E0
2024-09-10 06:20:06,722 DEBUG server.RaftServer$Division (RaftServerImpl.java:logAppendEntries(1539)) - s14@group-5D788F7A274C: appendEntries* reply s0<-s14#531:OK-t1,SUCCESS,nextIndex=204,followerCommit=202,matchIndex=203
2024-09-10 06:20:06,722 DEBUG server.RaftServer$Division (RaftServerImpl.java:logAppendEntries(1539)) - s12@group-5D788F7A274C: appendEntries* reply s0<-s12#841:OK-t1,SUCCESS,nextIndex=204,followerCommit=202,matchIndex=203
2024-09-10 06:20:06,722 DEBUG server.RaftServer$Division (RaftServerImpl.java:logAppendEntries(1539)) - s4@group-5D788F7A274C: appendEntries* reply s0<-s4#751:OK-t1,SUCCESS,nextIndex=204,followerCommit=202,matchIndex=203
2024-09-10 06:20:06,722 DEBUG server.RaftServer$Division (RaftServerImpl.java:logAppendEntries(1539)) - s11@group-5D788F7A274C: appendEntries* reply s0<-s11#892:OK-t1,SUCCESS,nextIndex=204,followerCommit=202,matchIndex=203
2024-09-10 06:20:06,722 DEBUG server.RaftServer$Division (RaftServerImpl.java:logAppendEntries(1539)) - s8@group-5D788F7A274C: appendEntries* reply s0<-s8#826:OK-t1,SUCCESS,nextIndex=204,followerCommit=202,matchIndex=203
2024-09-10 06:20:06,722 INFO  statemachine.StateMachine (ArithmeticStateMachine.java:applyTransaction(181)) - LEADER:s0-203: c = null = null
2024-09-10 06:20:06,723 DEBUG server.RaftServer$Division (RaftServerImpl.java:logAppendEntries(1539)) - s6@group-5D788F7A274C: appendEntries* s0->s6#799-t1,previous=(t:1, i:203),leaderCommit=203,initializing? false,entries: size=1, first=(t:1, i:204), METADATAENTRY(c:203)
2024-09-10 06:20:06,723 DEBUG server.RaftServer$Division (RaftServerImpl.java:logAppendEntries(1539)) - s14@group-5D788F7A274C: appendEntries* s0->s14#538-t1,previous=(t:1, i:203),leaderCommit=203,initializing? false,entries: size=1, first=(t:1, i:204), METADATAENTRY(c:203)
2024-09-10 06:20:06,723 DEBUG server.RaftServer$Division (RaftServerImpl.java:logAppendEntries(1539)) - s5@group-5D788F7A274C: appendEntries* s0->s5#787-t1,previous=(t:1, i:203),leaderCommit=203,initializing? false,entries: size=1, first=(t:1, i:204), METADATAENTRY(c:203)
2024-09-10 06:20:06,722 DEBUG server.RaftServer$Division (RaftServerImpl.java:logAppendEntries(1539)) - s2@group-5D788F7A274C: appendEntries* reply s0<-s2#807:OK-t1,SUCCESS,nextIndex=204,followerCommit=202,matchIndex=203
2024-09-10 06:20:06,722 DEBUG server.RaftServer$Division (RaftServerImpl.java:logAppendEntries(1539)) - s3@group-5D788F7A274C: appendEntries* reply s0<-s3#821:OK-t1,SUCCESS,nextIndex=204,followerCommit=202,matchIndex=203
2024-09-10 06:20:06,724 DEBUG server.RaftServer$Division (RaftServerImpl.java:logAppendEntries(1539)) - s13@group-5D788F7A274C: appendEntries* s0->s13#691-t1,previous=(t:1, i:203),leaderCommit=203,initializing? false,entries: size=1, first=(t:1, i:204), METADATAENTRY(c:203)
2024-09-10 06:20:06,722 DEBUG server.RaftServer$Division (RaftServerImpl.java:logAppendEntries(1539)) - s10@group-5D788F7A274C: appendEntries* reply s0<-s10#1239:OK-t1,SUCCESS,nextIndex=204,followerCommit=202,matchIndex=203
2024-09-10 06:20:06,724 DEBUG server.RaftServer$Division (RaftServerImpl.java:logAppendEntries(1539)) - s14@group-5D788F7A274C: appendEntries* reply s0<-s14#538:OK-t1,SUCCESS,nextIndex=205,followerCommit=203,matchIndex=204
2024-09-10 06:20:06,724 DEBUG server.RaftServer$Division (RaftServerImpl.java:logAppendEntries(1539)) - s7@group-5D788F7A274C: appendEntries* s0->s7#649-t1,previous=(t:1, i:203),leaderCommit=203,initializing? false,entries: size=1, first=(t:1, i:204), METADATAENTRY(c:203)
2024-09-10 06:20:06,724 DEBUG server.RaftServer$Division (RaftServerImpl.java:logAppendEntries(1539)) - s13@group-5D788F7A274C: appendEntries* reply s0<-s13#691:OK-t1,SUCCESS,nextIndex=205,followerCommit=203,matchIndex=204
2024-09-10 06:20:06,723 DEBUG server.RaftServer$Division (RaftServerImpl.java:logAppendEntries(1539)) - s6@group-5D788F7A274C: appendEntries* reply s0<-s6#799:OK-t1,SUCCESS,nextIndex=205,followerCommit=203,matchIndex=204
2024-09-10 06:20:06,723 DEBUG server.RaftServer$Division (RaftServerImpl.java:logAppendEntries(1539)) - s1@group-5D788F7A274C: appendEntries* s0->s1#1126-t1,previous=(t:1, i:203),leaderCommit=203,initializing? false,entries: size=1, first=(t:1, i:204), METADATAENTRY(c:203)
2024-09-10 06:20:06,724 DEBUG server.RaftServer$Division (RaftServerImpl.java:logAppendEntries(1539)) - s5@group-5D788F7A274C: appendEntries* reply s0<-s5#787:OK-t1,SUCCESS,nextIndex=205,followerCommit=203,matchIndex=204
2024-09-10 06:20:06,724 DEBUG server.RaftServer$Division (RaftServerImpl.java:logAppendEntries(1539)) - s7@group-5D788F7A274C: appendEntries* reply s0<-s7#649:OK-t1,SUCCESS,nextIndex=205,followerCommit=203,matchIndex=204
2024-09-10 06:20:06,724 DEBUG server.RaftServer$Division (RaftServerImpl.java:logAppendEntries(1539)) - s1@group-5D788F7A274C: appendEntries* reply s0<-s1#1126:OK-t1,SUCCESS,nextIndex=205,followerCommit=203,matchIndex=204
2024-09-10 06:20:06,726 DEBUG server.RaftServer$Division (RaftServerImpl.java:logAppendEntries(1539)) - s9@group-5D788F7A274C: appendEntries* s0->s9#830-t1,previous=(t:1, i:203),leaderCommit=203,initializing? false,entries: size=1, first=(t:1, i:204), METADATAENTRY(c:203)
2024-09-10 06:20:06,726 DEBUG server.RaftServer$Division (RaftServerImpl.java:logAppendEntries(1539)) - s2@group-5D788F7A274C: appendEntries* s0->s2#815-t1,previous=(t:1, i:203),leaderCommit=203,initializing? false,entries: size=1, first=(t:1, i:204), METADATAENTRY(c:203)
2024-09-10 06:20:06,726 DEBUG server.RaftServer$Division (RaftServerImpl.java:logAppendEntries(1539)) - s11@group-5D788F7A274C: appendEntries* s0->s11#899-t1,previous=(t:1, i:203),leaderCommit=203,initializing? false,entries: size=1, first=(t:1, i:204), METADATAENTRY(c:203)
2024-09-10 06:20:06,726 DEBUG server.RaftServer$Division (RaftServerImpl.java:logAppendEntries(1539)) - s8@group-5D788F7A274C: appendEntries* s0->s8#833-t1,previous=(t:1, i:203),leaderCommit=203,initializing? false,entries: size=1, first=(t:1, i:204), METADATAENTRY(c:203)
2024-09-10 06:20:06,726 DEBUG server.RaftServer$Division (RaftServerImpl.java:logAppendEntries(1539)) - s10@group-5D788F7A274C: appendEntries* s0->s10#1246-t1,previous=(t:1, i:203),leaderCommit=203,initializing? false,entries: size=1, first=(t:1, i:204), METADATAENTRY(c:203)
2024-09-10 06:20:06,726 DEBUG server.RaftServer$Division (RaftServerImpl.java:logAppendEntries(1539)) - s2@group-5D788F7A274C: appendEntries* reply s0<-s2#815:OK-t1,SUCCESS,nextIndex=205,followerCommit=203,matchIndex=204
2024-09-10 06:20:06,727 DEBUG server.RaftServer$Division (RaftServerImpl.java:logAppendEntries(1539)) - s4@group-5D788F7A274C: appendEntries* s0->s4#758-t1,previous=(t:1, i:203),leaderCommit=203,initializing? false,entries: size=1, first=(t:1, i:204), METADATAENTRY(c:203)
2024-09-10 06:20:06,727 DEBUG server.RaftServer$Division (RaftServerImpl.java:logAppendEntries(1539)) - s8@group-5D788F7A274C: appendEntries* reply s0<-s8#833:OK-t1,SUCCESS,nextIndex=205,followerCommit=203,matchIndex=204
2024-09-10 06:20:06,726 DEBUG server.RaftServer$Division (RaftServerImpl.java:logAppendEntries(1539)) - s9@group-5D788F7A274C: appendEntries* reply s0<-s9#830:OK-t1,SUCCESS,nextIndex=205,followerCommit=203,matchIndex=204
2024-09-10 06:20:06,727 DEBUG server.RaftServer$Division (RaftServerImpl.java:logAppendEntries(1539)) - s11@group-5D788F7A274C: appendEntries* reply s0<-s11#899:OK-t1,SUCCESS,nextIndex=205,followerCommit=203,matchIndex=204
2024-09-10 06:20:06,727 DEBUG server.RaftServer$Division (RaftServerImpl.java:logAppendEntries(1539)) - s10@group-5D788F7A274C: appendEntries* reply s0<-s10#1246:OK-t1,SUCCESS,nextIndex=205,followerCommit=203,matchIndex=204
2024-09-10 06:20:06,727 DEBUG server.RaftServer$Division (RaftServerImpl.java:logAppendEntries(1539)) - s12@group-5D788F7A274C: appendEntries* s0->s12#848-t1,previous=(t:1, i:203),leaderCommit=203,initializing? false,entries: size=1, first=(t:1, i:204), METADATAENTRY(c:203)
2024-09-10 06:20:06,727 DEBUG server.RaftServer$Division (RaftServerImpl.java:logAppendEntries(1539)) - s4@group-5D788F7A274C: appendEntries* reply s0<-s4#758:OK-t1,SUCCESS,nextIndex=205,followerCommit=203,matchIndex=204
2024-09-10 06:20:06,727 DEBUG server.RaftServer$Division (RaftServerImpl.java:logAppendEntries(1539)) - s3@group-5D788F7A274C: appendEntries* s0->s3#827-t1,previous=(t:1, i:203),leaderCommit=203,initializing? false,entries: size=1, first=(t:1, i:204), METADATAENTRY(c:203)
2024-09-10 06:20:06,728 DEBUG server.RaftServer$Division (RaftServerImpl.java:logAppendEntries(1539)) - s12@group-5D788F7A274C: appendEntries* reply s0<-s12#848:OK-t1,SUCCESS,nextIndex=205,followerCommit=203,matchIndex=204
2024-09-10 06:20:06,728 DEBUG server.RaftServer$Division (RaftServerImpl.java:logAppendEntries(1539)) - s3@group-5D788F7A274C: appendEntries* reply s0<-s3#827:OK-t1,SUCCESS,nextIndex=205,followerCommit=203,matchIndex=204
2024-09-10 06:20:06,729 DEBUG server.RaftServer$Division (RaftServerImpl.java:submitClientRequestAsync(910)) - s0@group-5D788F7A274C: receive client request(RaftClientRequest:client-04EF324C57E0->s0@group-5D788F7A274C, cid=4533, seq=null, RW, Message:01016102405cc0000000...(size=12))
2024-09-10 06:20:06,730 DEBUG server.RaftServer$Division (LeaderStateImpl.java:addPendingRequest(532)) - s0@group-5D788F7A274C-LeaderStateImpl: addPendingRequest at RaftClientRequest:client-04EF324C57E0->s0@group-5D788F7A274C, cid=4533, seq=null, RW, Message:01016102405cc0000000...(size=12), entry=(t:1, i:205), STATEMACHINELOGENTRY, WRITE: logData.size=12, stateMachineData.size=0, logEntryProtoSerializedSize=0
2024-09-10 06:20:06,730 DEBUG server.RaftServer$Division (RaftServerImpl.java:logAppendEntries(1539)) - s1@group-5D788F7A274C: appendEntries* s0->s1#1134-t1,previous=(t:1, i:204),leaderCommit=204,initializing? false,entries: size=1, first=(t:1, i:205), STATEMACHINELOGENTRY, StateMachineLogEntryProto:4533@client-04EF324C57E0
2024-09-10 06:20:06,731 DEBUG server.RaftServer$Division (RaftServerImpl.java:logAppendEntries(1539)) - s14@group-5D788F7A274C: appendEntries* s0->s14#544-t1,previous=(t:1, i:204),leaderCommit=204,initializing? false,entries: size=1, first=(t:1, i:205), STATEMACHINELOGENTRY, StateMachineLogEntryProto:4533@client-04EF324C57E0
2024-09-10 06:20:06,731 DEBUG server.RaftServer$Division (RaftServerImpl.java:logAppendEntries(1539)) - s7@group-5D788F7A274C: appendEntries* s0->s7#661-t1,previous=(t:1, i:204),leaderCommit=204,initializing? false,entries: size=1, first=(t:1, i:205), STATEMACHINELOGENTRY, StateMachineLogEntryProto:4533@client-04EF324C57E0
2024-09-10 06:20:06,731 DEBUG server.RaftServer$Division (RaftServerImpl.java:logAppendEntries(1539)) - s13@group-5D788F7A274C: appendEntries* s0->s13#698-t1,previous=(t:1, i:204),leaderCommit=204,initializing? false,entries: size=1, first=(t:1, i:205), STATEMACHINELOGENTRY, StateMachineLogEntryProto:4533@client-04EF324C57E0
2024-09-10 06:20:06,731 DEBUG server.RaftServer$Division (RaftServerImpl.java:logAppendEntries(1539)) - s12@group-5D788F7A274C: appendEntries* s0->s12#862-t1,previous=(t:1, i:204),leaderCommit=204,initializing? false,entries: size=1, first=(t:1, i:205), STATEMACHINELOGENTRY, StateMachineLogEntryProto:4533@client-04EF324C57E0
2024-09-10 06:20:06,731 DEBUG server.RaftServer$Division (RaftServerImpl.java:logAppendEntries(1539)) - s14@group-5D788F7A274C: appendEntries* reply s0<-s14#544:OK-t1,SUCCESS,nextIndex=206,followerCommit=204,matchIndex=205
2024-09-10 06:20:06,731 DEBUG server.RaftServer$Division (RaftServerImpl.java:logAppendEntries(1539)) - s5@group-5D788F7A274C: appendEntries* s0->s5#792-t1,previous=(t:1, i:204),leaderCommit=204,initializing? false,entries: size=1, first=(t:1, i:205), STATEMACHINELOGENTRY, StateMachineLogEntryProto:4533@client-04EF324C57E0
2024-09-10 06:20:06,731 DEBUG server.RaftServer$Division (RaftServerImpl.java:logAppendEntries(1539)) - s11@group-5D788F7A274C: appendEntries* s0->s11#914-t1,previous=(t:1, i:204),leaderCommit=204,initializing? false,entries: size=1, first=(t:1, i:205), STATEMACHINELOGENTRY, StateMachineLogEntryProto:4533@client-04EF324C57E0
2024-09-10 06:20:06,732 DEBUG server.RaftServer$Division (RaftServerImpl.java:logAppendEntries(1539)) - s7@group-5D788F7A274C: appendEntries* reply s0<-s7#661:OK-t1,SUCCESS,nextIndex=206,followerCommit=204,matchIndex=205
2024-09-10 06:20:06,732 DEBUG server.RaftServer$Division (RaftServerImpl.java:logAppendEntries(1539)) - s4@group-5D788F7A274C: appendEntries* s0->s4#775-t1,previous=(t:1, i:204),leaderCommit=204,initializing? false,entries: size=1, first=(t:1, i:205), STATEMACHINELOGENTRY, StateMachineLogEntryProto:4533@client-04EF324C57E0
2024-09-10 06:20:06,732 DEBUG server.RaftServer$Division (RaftServerImpl.java:logAppendEntries(1539)) - s12@group-5D788F7A274C: appendEntries* reply s0<-s12#862:OK-t1,SUCCESS,nextIndex=206,followerCommit=204,matchIndex=205
2024-09-10 06:20:06,732 DEBUG server.RaftServer$Division (RaftServerImpl.java:logAppendEntries(1539)) - s3@group-5D788F7A274C: appendEntries* s0->s3#843-t1,previous=(t:1, i:204),leaderCommit=204,initializing? false,entries: size=1, first=(t:1, i:205), STATEMACHINELOGENTRY, StateMachineLogEntryProto:4533@client-04EF324C57E0
2024-09-10 06:20:06,732 DEBUG server.RaftServer$Division (RaftServerImpl.java:logAppendEntries(1539)) - s10@group-5D788F7A274C: appendEntries* s0->s10#1262-t1,previous=(t:1, i:204),leaderCommit=204,initializing? false,entries: size=1, first=(t:1, i:205), STATEMACHINELOGENTRY, StateMachineLogEntryProto:4533@client-04EF324C57E0
2024-09-10 06:20:06,732 DEBUG server.RaftServer$Division (RaftServerImpl.java:logAppendEntries(1539)) - s6@group-5D788F7A274C: appendEntries* s0->s6#804-t1,previous=(t:1, i:204),leaderCommit=204,initializing? false,entries: size=1, first=(t:1, i:205), STATEMACHINELOGENTRY, StateMachineLogEntryProto:4533@client-04EF324C57E0
2024-09-10 06:20:06,732 DEBUG server.RaftServer$Division (RaftServerImpl.java:logAppendEntries(1539)) - s4@group-5D788F7A274C: appendEntries* reply s0<-s4#775:OK-t1,SUCCESS,nextIndex=206,followerCommit=204,matchIndex=205
2024-09-10 06:20:06,732 DEBUG server.RaftServer$Division (RaftServerImpl.java:logAppendEntries(1539)) - s2@group-5D788F7A274C: appendEntries* s0->s2#832-t1,previous=(t:1, i:204),leaderCommit=204,initializing? false,entries: size=1, first=(t:1, i:205), STATEMACHINELOGENTRY, StateMachineLogEntryProto:4533@client-04EF324C57E0
2024-09-10 06:20:06,733 DEBUG server.RaftServer$Division (RaftServerImpl.java:logAppendEntries(1539)) - s11@group-5D788F7A274C: appendEntries* reply s0<-s11#914:OK-t1,SUCCESS,nextIndex=206,followerCommit=204,matchIndex=205
2024-09-10 06:20:06,733 DEBUG server.RaftServer$Division (RaftServerImpl.java:logAppendEntries(1539)) - s8@group-5D788F7A274C: appendEntries* s0->s8#848-t1,previous=(t:1, i:204),leaderCommit=204,initializing? false,entries: size=1, first=(t:1, i:205), STATEMACHINELOGENTRY, StateMachineLogEntryProto:4533@client-04EF324C57E0
2024-09-10 06:20:06,733 DEBUG server.RaftServer$Division (RaftServerImpl.java:logAppendEntries(1539)) - s6@group-5D788F7A274C: appendEntries* reply s0<-s6#804:OK-t1,SUCCESS,nextIndex=206,followerCommit=204,matchIndex=205
2024-09-10 06:20:06,732 DEBUG server.RaftServer$Division (RaftServerImpl.java:logAppendEntries(1539)) - s10@group-5D788F7A274C: appendEntries* reply s0<-s10#1262:OK-t1,SUCCESS,nextIndex=206,followerCommit=204,matchIndex=205
2024-09-10 06:20:06,732 DEBUG server.RaftServer$Division (RaftServerImpl.java:logAppendEntries(1539)) - s3@group-5D788F7A274C: appendEntries* reply s0<-s3#843:OK-t1,SUCCESS,nextIndex=206,followerCommit=204,matchIndex=205
2024-09-10 06:20:06,733 DEBUG server.RaftServer$Division (RaftServerImpl.java:logAppendEntries(1539)) - s2@group-5D788F7A274C: appendEntries* reply s0<-s2#832:OK-t1,SUCCESS,nextIndex=206,followerCommit=204,matchIndex=205
2024-09-10 06:20:06,733 DEBUG server.RaftServer$Division (RaftServerImpl.java:logAppendEntries(1539)) - s5@group-5D788F7A274C: appendEntries* reply s0<-s5#792:OK-t1,SUCCESS,nextIndex=206,followerCommit=204,matchIndex=205
2024-09-10 06:20:06,733 DEBUG server.RaftServer$Division (RaftServerImpl.java:logAppendEntries(1539)) - s13@group-5D788F7A274C: appendEntries* reply s0<-s13#698:OK-t1,SUCCESS,nextIndex=206,followerCommit=204,matchIndex=205
2024-09-10 06:20:06,733 DEBUG server.RaftServer$Division (RaftServerImpl.java:logAppendEntries(1539)) - s8@group-5D788F7A274C: appendEntries* reply s0<-s8#848:OK-t1,SUCCESS,nextIndex=206,followerCommit=204,matchIndex=205
2024-09-10 06:20:06,733 DEBUG server.RaftServer$Division (RaftServerImpl.java:logAppendEntries(1539)) - s9@group-5D788F7A274C: appendEntries* s0->s9#846-t1,previous=(t:1, i:204),leaderCommit=204,initializing? false,entries: size=1, first=(t:1, i:205), STATEMACHINELOGENTRY, StateMachineLogEntryProto:4533@client-04EF324C57E0
2024-09-10 06:20:06,734 DEBUG server.RaftServer$Division (RaftServerImpl.java:logAppendEntries(1539)) - s1@group-5D788F7A274C: appendEntries* reply s0<-s1#1134:OK-t1,SUCCESS,nextIndex=206,followerCommit=204,matchIndex=205
2024-09-10 06:20:06,734 DEBUG server.RaftServer$Division (RaftServerImpl.java:logAppendEntries(1539)) - s9@group-5D788F7A274C: appendEntries* reply s0<-s9#846:OK-t1,SUCCESS,nextIndex=206,followerCommit=204,matchIndex=205
2024-09-10 06:20:06,734 INFO  statemachine.StateMachine (ArithmeticStateMachine.java:applyTransaction(181)) - LEADER:s0-205: a = 115 = 115
2024-09-10 06:20:06,735 DEBUG server.RaftServer$Division (RaftServerImpl.java:logAppendEntries(1539)) - s7@group-5D788F7A274C: appendEntries* s0->s7#668-t1,previous=(t:1, i:205),leaderCommit=205,initializing? false,entries: size=1, first=(t:1, i:206), METADATAENTRY(c:205)
2024-09-10 06:20:06,735 DEBUG server.RaftServer$Division (RaftServerImpl.java:logAppendEntries(1539)) - s6@group-5D788F7A274C: appendEntries* s0->s6#811-t1,previous=(t:1, i:205),leaderCommit=205,initializing? false,entries: size=1, first=(t:1, i:206), METADATAENTRY(c:205)
2024-09-10 06:20:06,735 DEBUG server.RaftServer$Division (RaftServerImpl.java:logAppendEntries(1539)) - s13@group-5D788F7A274C: appendEntries* s0->s13#708-t1,previous=(t:1, i:205),leaderCommit=205,initializing? false,entries: size=1, first=(t:1, i:206), METADATAENTRY(c:205)
2024-09-10 06:20:06,735 DEBUG server.RaftServer$Division (RaftServerImpl.java:logAppendEntries(1539)) - s5@group-5D788F7A274C: appendEntries* s0->s5#799-t1,previous=(t:1, i:205),leaderCommit=205,initializing? false,entries: size=1, first=(t:1, i:206), METADATAENTRY(c:205)
2024-09-10 06:20:06,736 DEBUG server.RaftServer$Division (RaftServerImpl.java:logAppendEntries(1539)) - s6@group-5D788F7A274C: appendEntries* reply s0<-s6#811:OK-t1,SUCCESS,nextIndex=207,followerCommit=205,matchIndex=206
2024-09-10 06:20:06,736 DEBUG server.RaftServer$Division (RaftServerImpl.java:logAppendEntries(1539)) - s11@group-5D788F7A274C: appendEntries* s0->s11#921-t1,previous=(t:1, i:205),leaderCommit=205,initializing? false,entries: size=1, first=(t:1, i:206), METADATAENTRY(c:205)
2024-09-10 06:20:06,736 DEBUG server.RaftServer$Division (RaftServerImpl.java:logAppendEntries(1539)) - s4@group-5D788F7A274C: appendEntries* s0->s4#778-t1,previous=(t:1, i:205),leaderCommit=205,initializing? false,entries: size=1, first=(t:1, i:206), METADATAENTRY(c:205)
2024-09-10 06:20:06,736 DEBUG server.RaftServer$Division (RaftServerImpl.java:logAppendEntries(1539)) - s13@group-5D788F7A274C: appendEntries* reply s0<-s13#708:OK-t1,SUCCESS,nextIndex=207,followerCommit=205,matchIndex=206
2024-09-10 06:20:06,736 DEBUG server.RaftServer$Division (RaftServerImpl.java:logAppendEntries(1539)) - s12@group-5D788F7A274C: appendEntries* s0->s12#867-t1,previous=(t:1, i:205),leaderCommit=205,initializing? false,entries: size=1, first=(t:1, i:206), METADATAENTRY(c:205)
2024-09-10 06:20:06,736 DEBUG server.RaftServer$Division (RaftServerImpl.java:logAppendEntries(1539)) - s10@group-5D788F7A274C: appendEntries* s0->s10#1269-t1,previous=(t:1, i:205),leaderCommit=205,initializing? false,entries: size=1, first=(t:1, i:206), METADATAENTRY(c:205)
2024-09-10 06:20:06,736 DEBUG server.RaftServer$Division (RaftServerImpl.java:logAppendEntries(1539)) - s5@group-5D788F7A274C: appendEntries* reply s0<-s5#799:OK-t1,SUCCESS,nextIndex=207,followerCommit=205,matchIndex=206
2024-09-10 06:20:06,736 DEBUG server.RaftServer$Division (RaftServerImpl.java:logAppendEntries(1539)) - s10@group-5D788F7A274C: appendEntries* reply s0<-s10#1269:OK-t1,SUCCESS,nextIndex=207,followerCommit=205,matchIndex=206
2024-09-10 06:20:06,736 DEBUG server.RaftServer$Division (RaftServerImpl.java:logAppendEntries(1539)) - s7@group-5D788F7A274C: appendEntries* reply s0<-s7#668:OK-t1,SUCCESS,nextIndex=207,followerCommit=205,matchIndex=206
2024-09-10 06:20:06,736 DEBUG server.RaftServer$Division (RaftServerImpl.java:logAppendEntries(1539)) - s12@group-5D788F7A274C: appendEntries* reply s0<-s12#867:OK-t1,SUCCESS,nextIndex=207,followerCommit=205,matchIndex=206
2024-09-10 06:20:06,736 DEBUG server.RaftServer$Division (RaftServerImpl.java:logAppendEntries(1539)) - s11@group-5D788F7A274C: appendEntries* reply s0<-s11#921:OK-t1,SUCCESS,nextIndex=207,followerCommit=205,matchIndex=206
2024-09-10 06:20:06,737 DEBUG server.RaftServer$Division (RaftServerImpl.java:logAppendEntries(1539)) - s14@group-5D788F7A274C: appendEntries* s0->s14#547-t1,previous=(t:1, i:205),leaderCommit=205,initializing? false,entries: size=1, first=(t:1, i:206), METADATAENTRY(c:205)
2024-09-10 06:20:06,736 DEBUG server.RaftServer$Division (RaftServerImpl.java:logAppendEntries(1539)) - s4@group-5D788F7A274C: appendEntries* reply s0<-s4#778:OK-t1,SUCCESS,nextIndex=207,followerCommit=205,matchIndex=206
2024-09-10 06:20:06,737 DEBUG server.RaftServer$Division (RaftServerImpl.java:logAppendEntries(1539)) - s1@group-5D788F7A274C: appendEntries* s0->s1#1142-t1,previous=(t:1, i:205),leaderCommit=205,initializing? false,entries: size=1, first=(t:1, i:206), METADATAENTRY(c:205)
2024-09-10 06:20:06,737 DEBUG server.RaftServer$Division (RaftServerImpl.java:logAppendEntries(1539)) - s8@group-5D788F7A274C: appendEntries* s0->s8#855-t1,previous=(t:1, i:205),leaderCommit=205,initializing? false,entries: size=1, first=(t:1, i:206), METADATAENTRY(c:205)
2024-09-10 06:20:06,737 DEBUG server.RaftServer$Division (RaftServerImpl.java:logAppendEntries(1539)) - s14@group-5D788F7A274C: appendEntries* reply s0<-s14#547:OK-t1,SUCCESS,nextIndex=207,followerCommit=205,matchIndex=206
2024-09-10 06:20:06,738 DEBUG server.RaftServer$Division (RaftServerImpl.java:logAppendEntries(1539)) - s1@group-5D788F7A274C: appendEntries* reply s0<-s1#1142:OK-t1,SUCCESS,nextIndex=207,followerCommit=205,matchIndex=206
2024-09-10 06:20:06,738 DEBUG server.RaftServer$Division (RaftServerImpl.java:logAppendEntries(1539)) - s8@group-5D788F7A274C: appendEntries* reply s0<-s8#855:OK-t1,SUCCESS,nextIndex=207,followerCommit=205,matchIndex=206
2024-09-10 06:20:06,738 DEBUG server.RaftServer$Division (RaftServerImpl.java:logAppendEntries(1539)) - s3@group-5D788F7A274C: appendEntries* s0->s3#847-t1,previous=(t:1, i:205),leaderCommit=205,initializing? false,entries: size=1, first=(t:1, i:206), METADATAENTRY(c:205)
2024-09-10 06:20:06,739 DEBUG server.RaftServer$Division (RaftServerImpl.java:logAppendEntries(1539)) - s3@group-5D788F7A274C: appendEntries* reply s0<-s3#847:OK-t1,SUCCESS,nextIndex=207,followerCommit=205,matchIndex=206
2024-09-10 06:20:06,739 DEBUG server.RaftServer$Division (RaftServerImpl.java:logAppendEntries(1539)) - s2@group-5D788F7A274C: appendEntries* s0->s2#838-t1,previous=(t:1, i:205),leaderCommit=205,initializing? false,entries: size=1, first=(t:1, i:206), METADATAENTRY(c:205)
2024-09-10 06:20:06,739 DEBUG server.RaftServer$Division (RaftServerImpl.java:submitClientRequestAsync(910)) - s0@group-5D788F7A274C: receive client request(RaftClientRequest:client-04EF324C57E0->s0@group-5D788F7A274C, cid=4534, seq=null, RW, Message:0101620240b9d4000000...(size=12))
2024-09-10 06:20:06,739 DEBUG server.RaftServer$Division (RaftServerImpl.java:logAppendEntries(1539)) - s9@group-5D788F7A274C: appendEntries* s0->s9#855-t1,previous=(t:1, i:205),leaderCommit=205,initializing? false,entries: size=1, first=(t:1, i:206), METADATAENTRY(c:205)
2024-09-10 06:20:06,739 DEBUG server.RaftServer$Division (LeaderStateImpl.java:addPendingRequest(532)) - s0@group-5D788F7A274C-LeaderStateImpl: addPendingRequest at RaftClientRequest:client-04EF324C57E0->s0@group-5D788F7A274C, cid=4534, seq=null, RW, Message:0101620240b9d4000000...(size=12), entry=(t:1, i:207), STATEMACHINELOGENTRY, WRITE: logData.size=12, stateMachineData.size=0, logEntryProtoSerializedSize=0
2024-09-10 06:20:06,740 DEBUG server.RaftServer$Division (RaftServerImpl.java:logAppendEntries(1539)) - s9@group-5D788F7A274C: appendEntries* reply s0<-s9#855:OK-t1,SUCCESS,nextIndex=207,followerCommit=205,matchIndex=206
2024-09-10 06:20:06,740 DEBUG server.RaftServer$Division (RaftServerImpl.java:logAppendEntries(1539)) - s2@group-5D788F7A274C: appendEntries* reply s0<-s2#838:OK-t1,SUCCESS,nextIndex=207,followerCommit=205,matchIndex=206
2024-09-10 06:20:06,740 DEBUG server.RaftServer$Division (RaftServerImpl.java:logAppendEntries(1539)) - s13@group-5D788F7A274C: appendEntries* s0->s13#715-t1,previous=(t:1, i:206),leaderCommit=206,initializing? false,entries: size=1, first=(t:1, i:207), STATEMACHINELOGENTRY, StateMachineLogEntryProto:4534@client-04EF324C57E0
2024-09-10 06:20:06,740 DEBUG server.RaftServer$Division (RaftServerImpl.java:logAppendEntries(1539)) - s7@group-5D788F7A274C: appendEntries* s0->s7#676-t1,previous=(t:1, i:206),leaderCommit=206,initializing? false,entries: size=1, first=(t:1, i:207), STATEMACHINELOGENTRY, StateMachineLogEntryProto:4534@client-04EF324C57E0
2024-09-10 06:20:06,740 DEBUG server.RaftServer$Division (RaftServerImpl.java:logAppendEntries(1539)) - s5@group-5D788F7A274C: appendEntries* s0->s5#808-t1,previous=(t:1, i:206),leaderCommit=206,initializing? false,entries: size=1, first=(t:1, i:207), STATEMACHINELOGENTRY, StateMachineLogEntryProto:4534@client-04EF324C57E0
2024-09-10 06:20:06,741 DEBUG server.RaftServer$Division (RaftServerImpl.java:logAppendEntries(1539)) - s13@group-5D788F7A274C: appendEntries* reply s0<-s13#715:OK-t1,SUCCESS,nextIndex=208,followerCommit=206,matchIndex=207
2024-09-10 06:20:06,741 DEBUG server.RaftServer$Division (RaftServerImpl.java:logAppendEntries(1539)) - s7@group-5D788F7A274C: appendEntries* reply s0<-s7#676:OK-t1,SUCCESS,nextIndex=208,followerCommit=206,matchIndex=207
2024-09-10 06:20:06,741 DEBUG server.RaftServer$Division (RaftServerImpl.java:logAppendEntries(1539)) - s5@group-5D788F7A274C: appendEntries* reply s0<-s5#808:OK-t1,SUCCESS,nextIndex=208,followerCommit=206,matchIndex=207
2024-09-10 06:20:06,741 DEBUG server.RaftServer$Division (RaftServerImpl.java:logAppendEntries(1539)) - s11@group-5D788F7A274C: appendEntries* s0->s11#927-t1,previous=(t:1, i:206),leaderCommit=206,initializing? false,entries: size=1, first=(t:1, i:207), STATEMACHINELOGENTRY, StateMachineLogEntryProto:4534@client-04EF324C57E0
2024-09-10 06:20:06,741 DEBUG server.RaftServer$Division (RaftServerImpl.java:logAppendEntries(1539)) - s6@group-5D788F7A274C: appendEntries* s0->s6#817-t1,previous=(t:1, i:206),leaderCommit=206,initializing? false,entries: size=1, first=(t:1, i:207), STATEMACHINELOGENTRY, StateMachineLogEntryProto:4534@client-04EF324C57E0
2024-09-10 06:20:06,742 DEBUG server.RaftServer$Division (RaftServerImpl.java:logAppendEntries(1539)) - s11@group-5D788F7A274C: appendEntries* reply s0<-s11#927:OK-t1,SUCCESS,nextIndex=208,followerCommit=206,matchIndex=207
2024-09-10 06:20:06,742 DEBUG server.RaftServer$Division (RaftServerImpl.java:logAppendEntries(1539)) - s14@group-5D788F7A274C: appendEntries* s0->s14#557-t1,previous=(t:1, i:206),leaderCommit=206,initializing? false,entries: size=1, first=(t:1, i:207), STATEMACHINELOGENTRY, StateMachineLogEntryProto:4534@client-04EF324C57E0
2024-09-10 06:20:06,742 DEBUG server.RaftServer$Division (RaftServerImpl.java:logAppendEntries(1539)) - s1@group-5D788F7A274C: appendEntries* s0->s1#1153-t1,previous=(t:1, i:206),leaderCommit=206,initializing? false,entries: size=1, first=(t:1, i:207), STATEMACHINELOGENTRY, StateMachineLogEntryProto:4534@client-04EF324C57E0
2024-09-10 06:20:06,742 DEBUG server.RaftServer$Division (RaftServerImpl.java:logAppendEntries(1539)) - s6@group-5D788F7A274C: appendEntries* reply s0<-s6#817:OK-t1,SUCCESS,nextIndex=208,followerCommit=206,matchIndex=207
2024-09-10 06:20:06,742 DEBUG server.RaftServer$Division (RaftServerImpl.java:logAppendEntries(1539)) - s1@group-5D788F7A274C: appendEntries* reply s0<-s1#1153:OK-t1,SUCCESS,nextIndex=208,followerCommit=206,matchIndex=207
2024-09-10 06:20:06,742 DEBUG server.RaftServer$Division (RaftServerImpl.java:logAppendEntries(1539)) - s14@group-5D788F7A274C: appendEntries* reply s0<-s14#557:OK-t1,SUCCESS,nextIndex=208,followerCommit=206,matchIndex=207
2024-09-10 06:20:06,742 DEBUG server.RaftServer$Division (RaftServerImpl.java:logAppendEntries(1539)) - s3@group-5D788F7A274C: appendEntries* s0->s3#856-t1,previous=(t:1, i:206),leaderCommit=206,initializing? false,entries: size=1, first=(t:1, i:207), STATEMACHINELOGENTRY, StateMachineLogEntryProto:4534@client-04EF324C57E0
2024-09-10 06:20:06,743 DEBUG server.RaftServer$Division (RaftServerImpl.java:logAppendEntries(1539)) - s9@group-5D788F7A274C: appendEntries* s0->s9#864-t1,previous=(t:1, i:206),leaderCommit=206,initializing? false,entries: size=1, first=(t:1, i:207), STATEMACHINELOGENTRY, StateMachineLogEntryProto:4534@client-04EF324C57E0
2024-09-10 06:20:06,743 DEBUG server.RaftServer$Division (RaftServerImpl.java:logAppendEntries(1539)) - s3@group-5D788F7A274C: appendEntries* reply s0<-s3#856:OK-t1,SUCCESS,nextIndex=208,followerCommit=206,matchIndex=207
2024-09-10 06:20:06,743 DEBUG server.RaftServer$Division (RaftServerImpl.java:logAppendEntries(1539)) - s2@group-5D788F7A274C: appendEntries* s0->s2#847-t1,previous=(t:1, i:206),leaderCommit=206,initializing? false,entries: size=1, first=(t:1, i:207), STATEMACHINELOGENTRY, StateMachineLogEntryProto:4534@client-04EF324C57E0
2024-09-10 06:20:06,743 DEBUG server.RaftServer$Division (RaftServerImpl.java:logAppendEntries(1539)) - s9@group-5D788F7A274C: appendEntries* reply s0<-s9#864:OK-t1,SUCCESS,nextIndex=208,followerCommit=206,matchIndex=207
2024-09-10 06:20:06,743 INFO  statemachine.StateMachine (ArithmeticStateMachine.java:applyTransaction(181)) - LEADER:s0-207: b = 6612 = 6612
2024-09-10 06:20:06,744 DEBUG server.RaftServer$Division (RaftServerImpl.java:logAppendEntries(1539)) - s4@group-5D788F7A274C: appendEntries* s0->s4#786-t1,previous=(t:1, i:206),leaderCommit=206,initializing? false,entries: size=1, first=(t:1, i:207), STATEMACHINELOGENTRY, StateMachineLogEntryProto:4534@client-04EF324C57E0
2024-09-10 06:20:06,744 DEBUG server.RaftServer$Division (RaftServerImpl.java:logAppendEntries(1539)) - s2@group-5D788F7A274C: appendEntries* reply s0<-s2#847:OK-t1,SUCCESS,nextIndex=208,followerCommit=206,matchIndex=207
2024-09-10 06:20:06,744 DEBUG server.RaftServer$Division (RaftServerImpl.java:logAppendEntries(1539)) - s4@group-5D788F7A274C: appendEntries* reply s0<-s4#786:OK-t1,SUCCESS,nextIndex=208,followerCommit=206,matchIndex=207
2024-09-10 06:20:06,744 DEBUG server.RaftServer$Division (RaftServerImpl.java:logAppendEntries(1539)) - s14@group-5D788F7A274C: appendEntries* s0->s14#563-t1,previous=(t:1, i:207),leaderCommit=207,initializing? false,entries: size=1, first=(t:1, i:208), METADATAENTRY(c:207)
2024-09-10 06:20:06,745 DEBUG server.RaftServer$Division (RaftServerImpl.java:logAppendEntries(1539)) - s8@group-5D788F7A274C: appendEntries* s0->s8#863-t1,previous=(t:1, i:206),leaderCommit=206,initializing? false,entries: size=1, first=(t:1, i:207), STATEMACHINELOGENTRY, StateMachineLogEntryProto:4534@client-04EF324C57E0
2024-09-10 06:20:06,745 DEBUG server.RaftServer$Division (RaftServerImpl.java:logAppendEntries(1539)) - s7@group-5D788F7A274C: appendEntries* s0->s7#679-t1,previous=(t:1, i:207),leaderCommit=207,initializing? false,entries: size=1, first=(t:1, i:208), METADATAENTRY(c:207)
2024-09-10 06:20:06,745 DEBUG server.RaftServer$Division (RaftServerImpl.java:logAppendEntries(1539)) - s5@group-5D788F7A274C: appendEntries* s0->s5#811-t1,previous=(t:1, i:207),leaderCommit=207,initializing? false,entries: size=1, first=(t:1, i:208), METADATAENTRY(c:207)
2024-09-10 06:20:06,745 DEBUG server.RaftServer$Division (RaftServerImpl.java:logAppendEntries(1539)) - s10@group-5D788F7A274C: appendEntries* s0->s10#1277-t1,previous=(t:1, i:206),leaderCommit=206,initializing? false,entries: size=1, first=(t:1, i:207), STATEMACHINELOGENTRY, StateMachineLogEntryProto:4534@client-04EF324C57E0
2024-09-10 06:20:06,745 DEBUG server.RaftServer$Division (RaftServerImpl.java:logAppendEntries(1539)) - s14@group-5D788F7A274C: appendEntries* reply s0<-s14#563:OK-t1,SUCCESS,nextIndex=209,followerCommit=207,matchIndex=208
2024-09-10 06:20:06,745 DEBUG server.RaftServer$Division (RaftServerImpl.java:logAppendEntries(1539)) - s13@group-5D788F7A274C: appendEntries* s0->s13#717-t1,previous=(t:1, i:207),leaderCommit=207,initializing? false,entries: size=1, first=(t:1, i:208), METADATAENTRY(c:207)
2024-09-10 06:20:06,745 DEBUG server.RaftServer$Division (RaftServerImpl.java:logAppendEntries(1539)) - s7@group-5D788F7A274C: appendEntries* reply s0<-s7#679:OK-t1,SUCCESS,nextIndex=209,followerCommit=207,matchIndex=208
2024-09-10 06:20:06,745 DEBUG server.RaftServer$Division (RaftServerImpl.java:logAppendEntries(1539)) - s10@group-5D788F7A274C: appendEntries* reply s0<-s10#1277:OK-t1,SUCCESS,nextIndex=208,followerCommit=206,matchIndex=207
2024-09-10 06:20:06,745 DEBUG server.RaftServer$Division (RaftServerImpl.java:logAppendEntries(1539)) - s6@group-5D788F7A274C: appendEntries* s0->s6#823-t1,previous=(t:1, i:207),leaderCommit=207,initializing? false,entries: size=1, first=(t:1, i:208), METADATAENTRY(c:207)
2024-09-10 06:20:06,745 DEBUG server.RaftServer$Division (RaftServerImpl.java:logAppendEntries(1539)) - s5@group-5D788F7A274C: appendEntries* reply s0<-s5#811:OK-t1,SUCCESS,nextIndex=209,followerCommit=207,matchIndex=208
2024-09-10 06:20:06,745 DEBUG server.RaftServer$Division (RaftServerImpl.java:logAppendEntries(1539)) - s8@group-5D788F7A274C: appendEntries* reply s0<-s8#863:OK-t1,SUCCESS,nextIndex=208,followerCommit=206,matchIndex=207
2024-09-10 06:20:06,746 DEBUG server.RaftServer$Division (RaftServerImpl.java:logAppendEntries(1539)) - s13@group-5D788F7A274C: appendEntries* reply s0<-s13#717:OK-t1,SUCCESS,nextIndex=209,followerCommit=207,matchIndex=208
2024-09-10 06:20:06,746 DEBUG server.RaftServer$Division (RaftServerImpl.java:logAppendEntries(1539)) - s6@group-5D788F7A274C: appendEntries* reply s0<-s6#823:OK-t1,SUCCESS,nextIndex=209,followerCommit=207,matchIndex=208
2024-09-10 06:20:06,746 DEBUG server.RaftServer$Division (RaftServerImpl.java:logAppendEntries(1539)) - s12@group-5D788F7A274C: appendEntries* s0->s12#877-t1,previous=(t:1, i:206),leaderCommit=206,initializing? false,entries: size=1, first=(t:1, i:207), STATEMACHINELOGENTRY, StateMachineLogEntryProto:4534@client-04EF324C57E0
2024-09-10 06:20:06,746 DEBUG server.RaftServer$Division (RaftServerImpl.java:logAppendEntries(1539)) - s12@group-5D788F7A274C: appendEntries* reply s0<-s12#877:OK-t1,SUCCESS,nextIndex=208,followerCommit=206,matchIndex=207
2024-09-10 06:20:06,747 DEBUG server.RaftServer$Division (RaftServerImpl.java:logAppendEntries(1539)) - s1@group-5D788F7A274C: appendEntries* s0->s1#1160-t1,previous=(t:1, i:207),leaderCommit=207,initializing? false,entries: size=1, first=(t:1, i:208), METADATAENTRY(c:207)
2024-09-10 06:20:06,747 DEBUG server.RaftServer$Division (RaftServerImpl.java:logAppendEntries(1539)) - s1@group-5D788F7A274C: appendEntries* reply s0<-s1#1160:OK-t1,SUCCESS,nextIndex=209,followerCommit=207,matchIndex=208
2024-09-10 06:20:06,748 DEBUG server.RaftServer$Division (RaftServerImpl.java:logAppendEntries(1539)) - s3@group-5D788F7A274C: appendEntries* s0->s3#863-t1,previous=(t:1, i:207),leaderCommit=207,initializing? false,entries: size=1, first=(t:1, i:208), METADATAENTRY(c:207)
2024-09-10 06:20:06,748 DEBUG server.RaftServer$Division (RaftServerImpl.java:logAppendEntries(1539)) - s2@group-5D788F7A274C: appendEntries* s0->s2#855-t1,previous=(t:1, i:207),leaderCommit=207,initializing? false,entries: size=1, first=(t:1, i:208), METADATAENTRY(c:207)
2024-09-10 06:20:06,748 DEBUG server.RaftServer$Division (RaftServerImpl.java:logAppendEntries(1539)) - s3@group-5D788F7A274C: appendEntries* reply s0<-s3#863:OK-t1,SUCCESS,nextIndex=209,followerCommit=207,matchIndex=208
2024-09-10 06:20:06,748 DEBUG server.RaftServer$Division (RaftServerImpl.java:logAppendEntries(1539)) - s2@group-5D788F7A274C: appendEntries* reply s0<-s2#855:OK-t1,SUCCESS,nextIndex=209,followerCommit=207,matchIndex=208
2024-09-10 06:20:06,749 DEBUG server.RaftServer$Division (RaftServerImpl.java:logAppendEntries(1539)) - s9@group-5D788F7A274C: appendEntries* s0->s9#872-t1,previous=(t:1, i:207),leaderCommit=207,initializing? false,entries: size=1, first=(t:1, i:208), METADATAENTRY(c:207)
2024-09-10 06:20:06,749 DEBUG server.RaftServer$Division (RaftServerImpl.java:logAppendEntries(1539)) - s9@group-5D788F7A274C: appendEntries* reply s0<-s9#872:OK-t1,SUCCESS,nextIndex=209,followerCommit=207,matchIndex=208
2024-09-10 06:20:06,751 DEBUG server.RaftServer$Division (RaftServerImpl.java:logAppendEntries(1539)) - s10@group-5D788F7A274C: appendEntries* s0->s10#1285-t1,previous=(t:1, i:207),leaderCommit=207,initializing? false,entries: size=1, first=(t:1, i:208), METADATAENTRY(c:207)
2024-09-10 06:20:06,752 DEBUG server.RaftServer$Division (RaftServerImpl.java:logAppendEntries(1539)) - s10@group-5D788F7A274C: appendEntries* reply s0<-s10#1285:OK-t1,SUCCESS,nextIndex=209,followerCommit=207,matchIndex=208
2024-09-10 06:20:06,752 DEBUG server.RaftServer$Division (RaftServerImpl.java:logAppendEntries(1539)) - s8@group-5D788F7A274C: appendEntries* s0->s8#870-t1,previous=(t:1, i:207),leaderCommit=207,initializing? false,entries: size=1, first=(t:1, i:208), METADATAENTRY(c:207)
2024-09-10 06:20:06,752 DEBUG server.RaftServer$Division (RaftServerImpl.java:logAppendEntries(1539)) - s11@group-5D788F7A274C: appendEntries* s0->s11#932-t1,previous=(t:1, i:207),leaderCommit=207,initializing? false,entries: size=1, first=(t:1, i:208), METADATAENTRY(c:207)
2024-09-10 06:20:06,752 DEBUG server.RaftServer$Division (RaftServerImpl.java:logAppendEntries(1539)) - s4@group-5D788F7A274C: appendEntries* s0->s4#794-t1,previous=(t:1, i:207),leaderCommit=207,initializing? false,entries: size=1, first=(t:1, i:208), METADATAENTRY(c:207)
2024-09-10 06:20:06,752 DEBUG server.RaftServer$Division (RaftServerImpl.java:logAppendEntries(1539)) - s12@group-5D788F7A274C: appendEntries* s0->s12#883-t1,previous=(t:1, i:207),leaderCommit=207,initializing? false,entries: size=1, first=(t:1, i:208), METADATAENTRY(c:207)
2024-09-10 06:20:06,753 DEBUG server.RaftServer$Division (RaftServerImpl.java:logAppendEntries(1539)) - s8@group-5D788F7A274C: appendEntries* reply s0<-s8#870:OK-t1,SUCCESS,nextIndex=209,followerCommit=207,matchIndex=208
2024-09-10 06:20:06,753 DEBUG server.RaftServer$Division (RaftServerImpl.java:logAppendEntries(1539)) - s12@group-5D788F7A274C: appendEntries* reply s0<-s12#883:OK-t1,SUCCESS,nextIndex=209,followerCommit=207,matchIndex=208
2024-09-10 06:20:06,753 DEBUG server.RaftServer$Division (RaftServerImpl.java:logAppendEntries(1539)) - s11@group-5D788F7A274C: appendEntries* reply s0<-s11#932:OK-t1,SUCCESS,nextIndex=209,followerCommit=207,matchIndex=208
2024-09-10 06:20:06,753 DEBUG server.RaftServer$Division (RaftServerImpl.java:logAppendEntries(1539)) - s4@group-5D788F7A274C: appendEntries* reply s0<-s4#794:OK-t1,SUCCESS,nextIndex=209,followerCommit=207,matchIndex=208
2024-09-10 06:20:06,754 DEBUG server.RaftServer$Division (RaftServerImpl.java:submitClientRequestAsync(910)) - s0@group-5D788F7A274C: receive client request(RaftClientRequest:client-04EF324C57E0->s0@group-5D788F7A274C, cid=4535, seq=null, RW, Message:01016304010300040201...(size=17))
2024-09-10 06:20:06,754 DEBUG server.RaftServer$Division (LeaderStateImpl.java:addPendingRequest(532)) - s0@group-5D788F7A274C-LeaderStateImpl: addPendingRequest at RaftClientRequest:client-04EF324C57E0->s0@group-5D788F7A274C, cid=4535, seq=null, RW, Message:01016304010300040201...(size=17), entry=(t:1, i:209), STATEMACHINELOGENTRY, WRITE: logData.size=17, stateMachineData.size=0, logEntryProtoSerializedSize=0
2024-09-10 06:20:06,755 DEBUG server.RaftServer$Division (RaftServerImpl.java:logAppendEntries(1539)) - s13@group-5D788F7A274C: appendEntries* s0->s13#729-t1,previous=(t:1, i:208),leaderCommit=208,initializing? false,entries: size=1, first=(t:1, i:209), STATEMACHINELOGENTRY, StateMachineLogEntryProto:4535@client-04EF324C57E0
2024-09-10 06:20:06,755 DEBUG server.RaftServer$Division (RaftServerImpl.java:logAppendEntries(1539)) - s7@group-5D788F7A274C: appendEntries* s0->s7#689-t1,previous=(t:1, i:208),leaderCommit=208,initializing? false,entries: size=1, first=(t:1, i:209), STATEMACHINELOGENTRY, StateMachineLogEntryProto:4535@client-04EF324C57E0
2024-09-10 06:20:06,755 DEBUG server.RaftServer$Division (RaftServerImpl.java:logAppendEntries(1539)) - s8@group-5D788F7A274C: appendEntries* s0->s8#886-t1,previous=(t:1, i:208),leaderCommit=208,initializing? false,entries: size=1, first=(t:1, i:209), STATEMACHINELOGENTRY, StateMachineLogEntryProto:4535@client-04EF324C57E0
2024-09-10 06:20:06,755 DEBUG server.RaftServer$Division (RaftServerImpl.java:logAppendEntries(1539)) - s13@group-5D788F7A274C: appendEntries* reply s0<-s13#729:OK-t1,SUCCESS,nextIndex=210,followerCommit=208,matchIndex=209
2024-09-10 06:20:06,755 DEBUG server.RaftServer$Division (RaftServerImpl.java:logAppendEntries(1539)) - s7@group-5D788F7A274C: appendEntries* reply s0<-s7#689:OK-t1,SUCCESS,nextIndex=210,followerCommit=208,matchIndex=209
2024-09-10 06:20:06,756 DEBUG server.RaftServer$Division (RaftServerImpl.java:logAppendEntries(1539)) - s4@group-5D788F7A274C: appendEntries* s0->s4#816-t1,previous=(t:1, i:208),leaderCommit=208,initializing? false,entries: size=1, first=(t:1, i:209), STATEMACHINELOGENTRY, StateMachineLogEntryProto:4535@client-04EF324C57E0
2024-09-10 06:20:06,756 DEBUG server.RaftServer$Division (RaftServerImpl.java:logAppendEntries(1539)) - s11@group-5D788F7A274C: appendEntries* s0->s11#953-t1,previous=(t:1, i:208),leaderCommit=208,initializing? false,entries: size=1, first=(t:1, i:209), STATEMACHINELOGENTRY, StateMachineLogEntryProto:4535@client-04EF324C57E0
2024-09-10 06:20:06,756 DEBUG server.RaftServer$Division (RaftServerImpl.java:logAppendEntries(1539)) - s5@group-5D788F7A274C: appendEntries* s0->s5#823-t1,previous=(t:1, i:208),leaderCommit=208,initializing? false,entries: size=1, first=(t:1, i:209), STATEMACHINELOGENTRY, StateMachineLogEntryProto:4535@client-04EF324C57E0
2024-09-10 06:20:06,756 DEBUG server.RaftServer$Division (RaftServerImpl.java:logAppendEntries(1539)) - s14@group-5D788F7A274C: appendEntries* s0->s14#574-t1,previous=(t:1, i:208),leaderCommit=208,initializing? false,entries: size=1, first=(t:1, i:209), STATEMACHINELOGENTRY, StateMachineLogEntryProto:4535@client-04EF324C57E0
2024-09-10 06:20:06,756 DEBUG server.RaftServer$Division (RaftServerImpl.java:logAppendEntries(1539)) - s12@group-5D788F7A274C: appendEntries* s0->s12#897-t1,previous=(t:1, i:208),leaderCommit=208,initializing? false,entries: size=1, first=(t:1, i:209), STATEMACHINELOGENTRY, StateMachineLogEntryProto:4535@client-04EF324C57E0
2024-09-10 06:20:06,756 DEBUG server.RaftServer$Division (RaftServerImpl.java:logAppendEntries(1539)) - s1@group-5D788F7A274C: appendEntries* s0->s1#1178-t1,previous=(t:1, i:208),leaderCommit=208,initializing? false,entries: size=1, first=(t:1, i:209), STATEMACHINELOGENTRY, StateMachineLogEntryProto:4535@client-04EF324C57E0
2024-09-10 06:20:06,756 DEBUG server.RaftServer$Division (RaftServerImpl.java:logAppendEntries(1539)) - s4@group-5D788F7A274C: appendEntries* reply s0<-s4#816:OK-t1,SUCCESS,nextIndex=210,followerCommit=208,matchIndex=209
2024-09-10 06:20:06,756 DEBUG server.RaftServer$Division (RaftServerImpl.java:logAppendEntries(1539)) - s8@group-5D788F7A274C: appendEntries* reply s0<-s8#886:OK-t1,SUCCESS,nextIndex=210,followerCommit=208,matchIndex=209
2024-09-10 06:20:06,757 DEBUG server.RaftServer$Division (RaftServerImpl.java:logAppendEntries(1539)) - s10@group-5D788F7A274C: appendEntries* s0->s10#1304-t1,previous=(t:1, i:208),leaderCommit=208,initializing? false,entries: size=1, first=(t:1, i:209), STATEMACHINELOGENTRY, StateMachineLogEntryProto:4535@client-04EF324C57E0
2024-09-10 06:20:06,757 DEBUG server.RaftServer$Division (RaftServerImpl.java:logAppendEntries(1539)) - s11@group-5D788F7A274C: appendEntries* reply s0<-s11#953:OK-t1,SUCCESS,nextIndex=210,followerCommit=208,matchIndex=209
2024-09-10 06:20:06,757 DEBUG server.RaftServer$Division (RaftServerImpl.java:logAppendEntries(1539)) - s14@group-5D788F7A274C: appendEntries* reply s0<-s14#574:OK-t1,SUCCESS,nextIndex=210,followerCommit=208,matchIndex=209
2024-09-10 06:20:06,757 DEBUG server.RaftServer$Division (RaftServerImpl.java:logAppendEntries(1539)) - s5@group-5D788F7A274C: appendEntries* reply s0<-s5#823:OK-t1,SUCCESS,nextIndex=210,followerCommit=208,matchIndex=209
2024-09-10 06:20:06,757 DEBUG server.RaftServer$Division (RaftServerImpl.java:logAppendEntries(1539)) - s12@group-5D788F7A274C: appendEntries* reply s0<-s12#897:OK-t1,SUCCESS,nextIndex=210,followerCommit=208,matchIndex=209
2024-09-10 06:20:06,757 DEBUG server.RaftServer$Division (RaftServerImpl.java:logAppendEntries(1539)) - s9@group-5D788F7A274C: appendEntries* s0->s9#889-t1,previous=(t:1, i:208),leaderCommit=208,initializing? false,entries: size=1, first=(t:1, i:209), STATEMACHINELOGENTRY, StateMachineLogEntryProto:4535@client-04EF324C57E0
2024-09-10 06:20:06,757 DEBUG server.RaftServer$Division (RaftServerImpl.java:logAppendEntries(1539)) - s6@group-5D788F7A274C: appendEntries* s0->s6#838-t1,previous=(t:1, i:208),leaderCommit=208,initializing? false,entries: size=1, first=(t:1, i:209), STATEMACHINELOGENTRY, StateMachineLogEntryProto:4535@client-04EF324C57E0
2024-09-10 06:20:06,757 DEBUG server.RaftServer$Division (RaftServerImpl.java:logAppendEntries(1539)) - s1@group-5D788F7A274C: appendEntries* reply s0<-s1#1178:OK-t1,SUCCESS,nextIndex=210,followerCommit=208,matchIndex=209
2024-09-10 06:20:06,757 DEBUG server.RaftServer$Division (RaftServerImpl.java:logAppendEntries(1539)) - s10@group-5D788F7A274C: appendEntries* reply s0<-s10#1304:OK-t1,SUCCESS,nextIndex=210,followerCommit=208,matchIndex=209
2024-09-10 06:20:06,757 DEBUG server.RaftServer$Division (RaftServerImpl.java:logAppendEntries(1539)) - s9@group-5D788F7A274C: appendEntries* reply s0<-s9#889:OK-t1,SUCCESS,nextIndex=210,followerCommit=208,matchIndex=209
2024-09-10 06:20:06,757 DEBUG server.RaftServer$Division (RaftServerImpl.java:logAppendEntries(1539)) - s6@group-5D788F7A274C: appendEntries* reply s0<-s6#838:OK-t1,SUCCESS,nextIndex=210,followerCommit=208,matchIndex=209
2024-09-10 06:20:06,758 INFO  statemachine.StateMachine (ArithmeticStateMachine.java:applyTransaction(181)) - LEADER:s0-209: c = √(a^2 + b^2) = 6613
2024-09-10 06:20:06,758 DEBUG server.RaftServer$Division (RaftServerImpl.java:logAppendEntries(1539)) - s5@group-5D788F7A274C: appendEntries* s0->s5#826-t1,previous=(t:1, i:209),leaderCommit=209,initializing? false,entries: size=1, first=(t:1, i:210), METADATAENTRY(c:209)
2024-09-10 06:20:06,759 DEBUG server.RaftServer$Division (RaftServerImpl.java:logAppendEntries(1539)) - s2@group-5D788F7A274C: appendEntries* s0->s2#872-t1,previous=(t:1, i:208),leaderCommit=208,initializing? false,entries: size=1, first=(t:1, i:209), STATEMACHINELOGENTRY, StateMachineLogEntryProto:4535@client-04EF324C57E0
2024-09-10 06:20:06,759 DEBUG server.RaftServer$Division (RaftServerImpl.java:logAppendEntries(1539)) - s5@group-5D788F7A274C: appendEntries* reply s0<-s5#826:OK-t1,SUCCESS,nextIndex=211,followerCommit=209,matchIndex=210
2024-09-10 06:20:06,759 DEBUG server.RaftServer$Division (RaftServerImpl.java:logAppendEntries(1539)) - s2@group-5D788F7A274C: appendEntries* reply s0<-s2#872:OK-t1,SUCCESS,nextIndex=210,followerCommit=208,matchIndex=209
2024-09-10 06:20:06,758 DEBUG server.RaftServer$Division (RaftServerImpl.java:logAppendEntries(1539)) - s6@group-5D788F7A274C: appendEntries* s0->s6#842-t1,previous=(t:1, i:209),leaderCommit=209,initializing? false,entries: size=1, first=(t:1, i:210), METADATAENTRY(c:209)
2024-09-10 06:20:06,758 DEBUG server.RaftServer$Division (RaftServerImpl.java:logAppendEntries(1539)) - s3@group-5D788F7A274C: appendEntries* s0->s3#879-t1,previous=(t:1, i:208),leaderCommit=208,initializing? false,entries: size=1, first=(t:1, i:209), STATEMACHINELOGENTRY, StateMachineLogEntryProto:4535@client-04EF324C57E0
2024-09-10 06:20:06,759 DEBUG server.RaftServer$Division (RaftServerImpl.java:logAppendEntries(1539)) - s11@group-5D788F7A274C: appendEntries* s0->s11#956-t1,previous=(t:1, i:209),leaderCommit=209,initializing? false,entries: size=1, first=(t:1, i:210), METADATAENTRY(c:209)
2024-09-10 06:20:06,760 DEBUG server.RaftServer$Division (RaftServerImpl.java:logAppendEntries(1539)) - s8@group-5D788F7A274C: appendEntries* s0->s8#889-t1,previous=(t:1, i:209),leaderCommit=209,initializing? false,entries: size=1, first=(t:1, i:210), METADATAENTRY(c:209)
2024-09-10 06:20:06,760 DEBUG server.RaftServer$Division (RaftServerImpl.java:logAppendEntries(1539)) - s4@group-5D788F7A274C: appendEntries* s0->s4#818-t1,previous=(t:1, i:209),leaderCommit=209,initializing? false,entries: size=1, first=(t:1, i:210), METADATAENTRY(c:209)
2024-09-10 06:20:06,760 DEBUG server.RaftServer$Division (RaftServerImpl.java:logAppendEntries(1539)) - s11@group-5D788F7A274C: appendEntries* reply s0<-s11#956:OK-t1,SUCCESS,nextIndex=211,followerCommit=209,matchIndex=210
2024-09-10 06:20:06,760 DEBUG server.RaftServer$Division (RaftServerImpl.java:logAppendEntries(1539)) - s6@group-5D788F7A274C: appendEntries* reply s0<-s6#842:OK-t1,SUCCESS,nextIndex=211,followerCommit=209,matchIndex=210
2024-09-10 06:20:06,760 DEBUG server.RaftServer$Division (RaftServerImpl.java:logAppendEntries(1539)) - s10@group-5D788F7A274C: appendEntries* s0->s10#1307-t1,previous=(t:1, i:209),leaderCommit=209,initializing? false,entries: size=1, first=(t:1, i:210), METADATAENTRY(c:209)
2024-09-10 06:20:06,760 DEBUG server.RaftServer$Division (RaftServerImpl.java:logAppendEntries(1539)) - s4@group-5D788F7A274C: appendEntries* reply s0<-s4#818:OK-t1,SUCCESS,nextIndex=211,followerCommit=209,matchIndex=210
2024-09-10 06:20:06,760 DEBUG server.RaftServer$Division (RaftServerImpl.java:logAppendEntries(1539)) - s3@group-5D788F7A274C: appendEntries* reply s0<-s3#879:OK-t1,SUCCESS,nextIndex=210,followerCommit=208,matchIndex=209
2024-09-10 06:20:06,760 DEBUG server.RaftServer$Division (RaftServerImpl.java:logAppendEntries(1539)) - s8@group-5D788F7A274C: appendEntries* reply s0<-s8#889:OK-t1,SUCCESS,nextIndex=211,followerCommit=209,matchIndex=210
2024-09-10 06:20:06,761 DEBUG server.RaftServer$Division (RaftServerImpl.java:logAppendEntries(1539)) - s10@group-5D788F7A274C: appendEntries* reply s0<-s10#1307:OK-t1,SUCCESS,nextIndex=211,followerCommit=209,matchIndex=210
2024-09-10 06:20:06,761 DEBUG server.RaftServer$Division (RaftServerImpl.java:logAppendEntries(1539)) - s7@group-5D788F7A274C: appendEntries* s0->s7#690-t1,previous=(t:1, i:209),leaderCommit=209,initializing? false,entries: size=1, first=(t:1, i:210), METADATAENTRY(c:209)
2024-09-10 06:20:06,761 DEBUG server.RaftServer$Division (RaftServerImpl.java:logAppendEntries(1539)) - s13@group-5D788F7A274C: appendEntries* s0->s13#730-t1,previous=(t:1, i:209),leaderCommit=209,initializing? false,entries: size=1, first=(t:1, i:210), METADATAENTRY(c:209)
2024-09-10 06:20:06,761 DEBUG server.RaftServer$Division (RaftServerImpl.java:logAppendEntries(1539)) - s7@group-5D788F7A274C: appendEntries* reply s0<-s7#690:OK-t1,SUCCESS,nextIndex=211,followerCommit=209,matchIndex=210
2024-09-10 06:20:06,761 DEBUG server.RaftServer$Division (RaftServerImpl.java:logAppendEntries(1539)) - s1@group-5D788F7A274C: appendEntries* s0->s1#1182-t1,previous=(t:1, i:209),leaderCommit=209,initializing? false,entries: size=1, first=(t:1, i:210), METADATAENTRY(c:209)
2024-09-10 06:20:06,762 DEBUG server.RaftServer$Division (RaftServerImpl.java:logAppendEntries(1539)) - s13@group-5D788F7A274C: appendEntries* reply s0<-s13#730:OK-t1,SUCCESS,nextIndex=211,followerCommit=209,matchIndex=210
2024-09-10 06:20:06,762 DEBUG server.RaftServer$Division (RaftServerImpl.java:logAppendEntries(1539)) - s1@group-5D788F7A274C: appendEntries* reply s0<-s1#1182:OK-t1,SUCCESS,nextIndex=211,followerCommit=209,matchIndex=210
2024-09-10 06:20:06,762 DEBUG server.RaftServer$Division (RaftServerImpl.java:logAppendEntries(1539)) - s14@group-5D788F7A274C: appendEntries* s0->s14#577-t1,previous=(t:1, i:209),leaderCommit=209,initializing? false,entries: size=1, first=(t:1, i:210), METADATAENTRY(c:209)
2024-09-10 06:20:06,763 DEBUG server.RaftServer$Division (RaftServerImpl.java:logAppendEntries(1539)) - s9@group-5D788F7A274C: appendEntries* s0->s9#892-t1,previous=(t:1, i:209),leaderCommit=209,initializing? false,entries: size=1, first=(t:1, i:210), METADATAENTRY(c:209)
2024-09-10 06:20:06,763 DEBUG server.RaftServer$Division (RaftServerImpl.java:logAppendEntries(1539)) - s14@group-5D788F7A274C: appendEntries* reply s0<-s14#577:OK-t1,SUCCESS,nextIndex=211,followerCommit=209,matchIndex=210
2024-09-10 06:20:06,763 DEBUG server.RaftServer$Division (RaftServerImpl.java:logAppendEntries(1539)) - s12@group-5D788F7A274C: appendEntries* s0->s12#901-t1,previous=(t:1, i:209),leaderCommit=209,initializing? false,entries: size=1, first=(t:1, i:210), METADATAENTRY(c:209)
2024-09-10 06:20:06,763 DEBUG server.RaftServer$Division (RaftServerImpl.java:logAppendEntries(1539)) - s9@group-5D788F7A274C: appendEntries* reply s0<-s9#892:OK-t1,SUCCESS,nextIndex=211,followerCommit=209,matchIndex=210
2024-09-10 06:20:06,763 DEBUG server.RaftServer$Division (RaftServerImpl.java:submitClientRequestAsync(910)) - s0@group-5D788F7A274C: receive client request(RaftClientRequest:client-04EF324C57E0->s0@group-5D788F7A274C, cid=4536, seq=null, RW, Message:01016100)
2024-09-10 06:20:06,763 DEBUG server.RaftServer$Division (RaftServerImpl.java:logAppendEntries(1539)) - s12@group-5D788F7A274C: appendEntries* reply s0<-s12#901:OK-t1,SUCCESS,nextIndex=211,followerCommit=209,matchIndex=210
2024-09-10 06:20:06,764 DEBUG server.RaftServer$Division (LeaderStateImpl.java:addPendingRequest(532)) - s0@group-5D788F7A274C-LeaderStateImpl: addPendingRequest at RaftClientRequest:client-04EF324C57E0->s0@group-5D788F7A274C, cid=4536, seq=null, RW, Message:01016100, entry=(t:1, i:211), STATEMACHINELOGENTRY, WRITE: logData.size=4, stateMachineData.size=0, logEntryProtoSerializedSize=0
2024-09-10 06:20:06,764 DEBUG server.RaftServer$Division (RaftServerImpl.java:logAppendEntries(1539)) - s3@group-5D788F7A274C: appendEntries* s0->s3#883-t1,previous=(t:1, i:209),leaderCommit=209,initializing? false,entries: size=1, first=(t:1, i:210), METADATAENTRY(c:209)
2024-09-10 06:20:06,764 DEBUG server.RaftServer$Division (RaftServerImpl.java:logAppendEntries(1539)) - s3@group-5D788F7A274C: appendEntries* reply s0<-s3#883:OK-t1,SUCCESS,nextIndex=211,followerCommit=209,matchIndex=210
2024-09-10 06:20:06,764 DEBUG server.RaftServer$Division (RaftServerImpl.java:logAppendEntries(1539)) - s13@group-5D788F7A274C: appendEntries* s0->s13#738-t1,previous=(t:1, i:210),leaderCommit=209,initializing? false,entries: size=1, first=(t:1, i:211), STATEMACHINELOGENTRY, StateMachineLogEntryProto:4536@client-04EF324C57E0
2024-09-10 06:20:06,765 DEBUG server.RaftServer$Division (RaftServerImpl.java:logAppendEntries(1539)) - s7@group-5D788F7A274C: appendEntries* s0->s7#698-t1,previous=(t:1, i:210),leaderCommit=209,initializing? false,entries: size=1, first=(t:1, i:211), STATEMACHINELOGENTRY, StateMachineLogEntryProto:4536@client-04EF324C57E0
2024-09-10 06:20:06,765 DEBUG server.RaftServer$Division (RaftServerImpl.java:logAppendEntries(1539)) - s11@group-5D788F7A274C: appendEntries* s0->s11#961-t1,previous=(t:1, i:210),leaderCommit=209,initializing? false,entries: size=1, first=(t:1, i:211), STATEMACHINELOGENTRY, StateMachineLogEntryProto:4536@client-04EF324C57E0
2024-09-10 06:20:06,765 DEBUG server.RaftServer$Division (RaftServerImpl.java:logAppendEntries(1539)) - s2@group-5D788F7A274C: appendEntries* s0->s2#876-t1,previous=(t:1, i:209),leaderCommit=209,initializing? false,entries: size=1, first=(t:1, i:210), METADATAENTRY(c:209)
2024-09-10 06:20:06,765 DEBUG server.RaftServer$Division (RaftServerImpl.java:logAppendEntries(1539)) - s13@group-5D788F7A274C: appendEntries* reply s0<-s13#738:OK-t1,SUCCESS,nextIndex=212,followerCommit=209,matchIndex=211
2024-09-10 06:20:06,765 DEBUG server.RaftServer$Division (RaftServerImpl.java:logAppendEntries(1539)) - s4@group-5D788F7A274C: appendEntries* s0->s4#823-t1,previous=(t:1, i:210),leaderCommit=209,initializing? false,entries: size=1, first=(t:1, i:211), STATEMACHINELOGENTRY, StateMachineLogEntryProto:4536@client-04EF324C57E0
2024-09-10 06:20:06,765 DEBUG server.RaftServer$Division (RaftServerImpl.java:logAppendEntries(1539)) - s8@group-5D788F7A274C: appendEntries* s0->s8#894-t1,previous=(t:1, i:210),leaderCommit=209,initializing? false,entries: size=1, first=(t:1, i:211), STATEMACHINELOGENTRY, StateMachineLogEntryProto:4536@client-04EF324C57E0
2024-09-10 06:20:06,766 DEBUG server.RaftServer$Division (RaftServerImpl.java:logAppendEntries(1539)) - s11@group-5D788F7A274C: appendEntries* reply s0<-s11#961:OK-t1,SUCCESS,nextIndex=212,followerCommit=209,matchIndex=211
2024-09-10 06:20:06,766 DEBUG server.RaftServer$Division (RaftServerImpl.java:logAppendEntries(1539)) - s2@group-5D788F7A274C: appendEntries* reply s0<-s2#876:OK-t1,SUCCESS,nextIndex=211,followerCommit=209,matchIndex=210
2024-09-10 06:20:06,766 DEBUG server.RaftServer$Division (RaftServerImpl.java:logAppendEntries(1539)) - s7@group-5D788F7A274C: appendEntries* reply s0<-s7#698:OK-t1,SUCCESS,nextIndex=212,followerCommit=209,matchIndex=211
2024-09-10 06:20:06,766 DEBUG server.RaftServer$Division (RaftServerImpl.java:logAppendEntries(1539)) - s4@group-5D788F7A274C: appendEntries* reply s0<-s4#823:OK-t1,SUCCESS,nextIndex=212,followerCommit=209,matchIndex=211
2024-09-10 06:20:06,766 DEBUG server.RaftServer$Division (RaftServerImpl.java:logAppendEntries(1539)) - s8@group-5D788F7A274C: appendEntries* reply s0<-s8#894:OK-t1,SUCCESS,nextIndex=212,followerCommit=209,matchIndex=211
2024-09-10 06:20:06,767 DEBUG server.RaftServer$Division (RaftServerImpl.java:logAppendEntries(1539)) - s12@group-5D788F7A274C: appendEntries* s0->s12#911-t1,previous=(t:1, i:210),leaderCommit=209,initializing? false,entries: size=1, first=(t:1, i:211), STATEMACHINELOGENTRY, StateMachineLogEntryProto:4536@client-04EF324C57E0
2024-09-10 06:20:06,767 DEBUG server.RaftServer$Division (RaftServerImpl.java:logAppendEntries(1539)) - s6@group-5D788F7A274C: appendEntries* s0->s6#852-t1,previous=(t:1, i:210),leaderCommit=209,initializing? false,entries: size=1, first=(t:1, i:211), STATEMACHINELOGENTRY, StateMachineLogEntryProto:4536@client-04EF324C57E0
2024-09-10 06:20:06,767 DEBUG server.RaftServer$Division (RaftServerImpl.java:logAppendEntries(1539)) - s2@group-5D788F7A274C: appendEntries* s0->s2#886-t1,previous=(t:1, i:210),leaderCommit=209,initializing? false,entries: size=1, first=(t:1, i:211), STATEMACHINELOGENTRY, StateMachineLogEntryProto:4536@client-04EF324C57E0
2024-09-10 06:20:06,767 DEBUG server.RaftServer$Division (RaftServerImpl.java:logAppendEntries(1539)) - s12@group-5D788F7A274C: appendEntries* reply s0<-s12#911:OK-t1,SUCCESS,nextIndex=212,followerCommit=209,matchIndex=211
2024-09-10 06:20:06,767 DEBUG server.RaftServer$Division (RaftServerImpl.java:logAppendEntries(1539)) - s5@group-5D788F7A274C: appendEntries* s0->s5#836-t1,previous=(t:1, i:210),leaderCommit=209,initializing? false,entries: size=1, first=(t:1, i:211), STATEMACHINELOGENTRY, StateMachineLogEntryProto:4536@client-04EF324C57E0
2024-09-10 06:20:06,768 DEBUG server.RaftServer$Division (RaftServerImpl.java:logAppendEntries(1539)) - s10@group-5D788F7A274C: appendEntries* s0->s10#1316-t1,previous=(t:1, i:210),leaderCommit=209,initializing? false,entries: size=1, first=(t:1, i:211), STATEMACHINELOGENTRY, StateMachineLogEntryProto:4536@client-04EF324C57E0
2024-09-10 06:20:06,768 DEBUG server.RaftServer$Division (RaftServerImpl.java:logAppendEntries(1539)) - s6@group-5D788F7A274C: appendEntries* reply s0<-s6#852:OK-t1,SUCCESS,nextIndex=212,followerCommit=209,matchIndex=211
2024-09-10 06:20:06,768 DEBUG server.RaftServer$Division (RaftServerImpl.java:logAppendEntries(1539)) - s2@group-5D788F7A274C: appendEntries* reply s0<-s2#886:OK-t1,SUCCESS,nextIndex=212,followerCommit=209,matchIndex=211
2024-09-10 06:20:06,768 DEBUG server.RaftServer$Division (RaftServerImpl.java:logAppendEntries(1539)) - s5@group-5D788F7A274C: appendEntries* reply s0<-s5#836:OK-t1,SUCCESS,nextIndex=212,followerCommit=209,matchIndex=211
2024-09-10 06:20:06,768 DEBUG server.RaftServer$Division (RaftServerImpl.java:logAppendEntries(1539)) - s10@group-5D788F7A274C: appendEntries* reply s0<-s10#1316:OK-t1,SUCCESS,nextIndex=212,followerCommit=209,matchIndex=211
2024-09-10 06:20:06,768 DEBUG server.RaftServer$Division (RaftServerImpl.java:logAppendEntries(1539)) - s1@group-5D788F7A274C: appendEntries* s0->s1#1191-t1,previous=(t:1, i:210),leaderCommit=209,initializing? false,entries: size=1, first=(t:1, i:211), STATEMACHINELOGENTRY, StateMachineLogEntryProto:4536@client-04EF324C57E0
2024-09-10 06:20:06,769 DEBUG server.RaftServer$Division (RaftServerImpl.java:logAppendEntries(1539)) - s14@group-5D788F7A274C: appendEntries* s0->s14#587-t1,previous=(t:1, i:210),leaderCommit=209,initializing? false,entries: size=1, first=(t:1, i:211), STATEMACHINELOGENTRY, StateMachineLogEntryProto:4536@client-04EF324C57E0
2024-09-10 06:20:06,769 DEBUG server.RaftServer$Division (RaftServerImpl.java:logAppendEntries(1539)) - s1@group-5D788F7A274C: appendEntries* reply s0<-s1#1191:OK-t1,SUCCESS,nextIndex=212,followerCommit=209,matchIndex=211
2024-09-10 06:20:06,769 DEBUG server.RaftServer$Division (RaftServerImpl.java:logAppendEntries(1539)) - s14@group-5D788F7A274C: appendEntries* reply s0<-s14#587:OK-t1,SUCCESS,nextIndex=212,followerCommit=209,matchIndex=211
2024-09-10 06:20:06,769 DEBUG server.RaftServer$Division (RaftServerImpl.java:logAppendEntries(1539)) - s3@group-5D788F7A274C: appendEntries* s0->s3#893-t1,previous=(t:1, i:210),leaderCommit=209,initializing? false,entries: size=1, first=(t:1, i:211), STATEMACHINELOGENTRY, StateMachineLogEntryProto:4536@client-04EF324C57E0
2024-09-10 06:20:06,770 DEBUG server.RaftServer$Division (RaftServerImpl.java:logAppendEntries(1539)) - s9@group-5D788F7A274C: appendEntries* s0->s9#901-t1,previous=(t:1, i:210),leaderCommit=209,initializing? false,entries: size=1, first=(t:1, i:211), STATEMACHINELOGENTRY, StateMachineLogEntryProto:4536@client-04EF324C57E0
2024-09-10 06:20:06,770 INFO  statemachine.StateMachine (ArithmeticStateMachine.java:applyTransaction(181)) - LEADER:s0-211: a = null = null
2024-09-10 06:20:06,770 DEBUG server.RaftServer$Division (RaftServerImpl.java:logAppendEntries(1539)) - s3@group-5D788F7A274C: appendEntries* reply s0<-s3#893:OK-t1,SUCCESS,nextIndex=212,followerCommit=209,matchIndex=211
2024-09-10 06:20:06,770 DEBUG server.RaftServer$Division (RaftServerImpl.java:logAppendEntries(1539)) - s9@group-5D788F7A274C: appendEntries* reply s0<-s9#901:OK-t1,SUCCESS,nextIndex=212,followerCommit=209,matchIndex=211
2024-09-10 06:20:06,771 DEBUG server.RaftServer$Division (RaftServerImpl.java:logAppendEntries(1539)) - s6@group-5D788F7A274C: appendEntries* s0->s6#860-t1,previous=(t:1, i:211),leaderCommit=211,initializing? false,entries: size=1, first=(t:1, i:212), METADATAENTRY(c:211)
2024-09-10 06:20:06,771 DEBUG server.RaftServer$Division (RaftServerImpl.java:logAppendEntries(1539)) - s8@group-5D788F7A274C: appendEntries* s0->s8#903-t1,previous=(t:1, i:211),leaderCommit=211,initializing? false,entries: size=1, first=(t:1, i:212), METADATAENTRY(c:211)
2024-09-10 06:20:06,771 DEBUG server.RaftServer$Division (RaftServerImpl.java:logAppendEntries(1539)) - s10@group-5D788F7A274C: appendEntries* s0->s10#1324-t1,previous=(t:1, i:211),leaderCommit=211,initializing? false,entries: size=1, first=(t:1, i:212), METADATAENTRY(c:211)
2024-09-10 06:20:06,771 DEBUG server.RaftServer$Division (RaftServerImpl.java:logAppendEntries(1539)) - s7@group-5D788F7A274C: appendEntries* s0->s7#707-t1,previous=(t:1, i:211),leaderCommit=211,initializing? false,entries: size=1, first=(t:1, i:212), METADATAENTRY(c:211)
2024-09-10 06:20:06,771 DEBUG server.RaftServer$Division (RaftServerImpl.java:logAppendEntries(1539)) - s1@group-5D788F7A274C: appendEntries* s0->s1#1200-t1,previous=(t:1, i:211),leaderCommit=211,initializing? false,entries: size=1, first=(t:1, i:212), METADATAENTRY(c:211)
2024-09-10 06:20:06,772 DEBUG server.RaftServer$Division (RaftServerImpl.java:logAppendEntries(1539)) - s4@group-5D788F7A274C: appendEntries* s0->s4#832-t1,previous=(t:1, i:211),leaderCommit=211,initializing? false,entries: size=1, first=(t:1, i:212), METADATAENTRY(c:211)
2024-09-10 06:20:06,772 DEBUG server.RaftServer$Division (RaftServerImpl.java:logAppendEntries(1539)) - s14@group-5D788F7A274C: appendEntries* s0->s14#596-t1,previous=(t:1, i:211),leaderCommit=211,initializing? false,entries: size=1, first=(t:1, i:212), METADATAENTRY(c:211)
2024-09-10 06:20:06,771 DEBUG server.RaftServer$Division (RaftServerImpl.java:logAppendEntries(1539)) - s13@group-5D788F7A274C: appendEntries* s0->s13#748-t1,previous=(t:1, i:211),leaderCommit=211,initializing? false,entries: size=1, first=(t:1, i:212), METADATAENTRY(c:211)
2024-09-10 06:20:06,772 DEBUG server.RaftServer$Division (RaftServerImpl.java:logAppendEntries(1539)) - s7@group-5D788F7A274C: appendEntries* reply s0<-s7#707:OK-t1,SUCCESS,nextIndex=213,followerCommit=211,matchIndex=212
2024-09-10 06:20:06,772 DEBUG server.RaftServer$Division (RaftServerImpl.java:logAppendEntries(1539)) - s14@group-5D788F7A274C: appendEntries* reply s0<-s14#596:OK-t1,SUCCESS,nextIndex=213,followerCommit=211,matchIndex=212
2024-09-10 06:20:06,772 DEBUG server.RaftServer$Division (RaftServerImpl.java:logAppendEntries(1539)) - s10@group-5D788F7A274C: appendEntries* reply s0<-s10#1324:OK-t1,SUCCESS,nextIndex=213,followerCommit=211,matchIndex=212
2024-09-10 06:20:06,772 DEBUG server.RaftServer$Division (RaftServerImpl.java:logAppendEntries(1539)) - s8@group-5D788F7A274C: appendEntries* reply s0<-s8#903:OK-t1,SUCCESS,nextIndex=213,followerCommit=211,matchIndex=212
2024-09-10 06:20:06,771 DEBUG server.RaftServer$Division (RaftServerImpl.java:logAppendEntries(1539)) - s5@group-5D788F7A274C: appendEntries* s0->s5#845-t1,previous=(t:1, i:211),leaderCommit=211,initializing? false,entries: size=1, first=(t:1, i:212), METADATAENTRY(c:211)
2024-09-10 06:20:06,771 DEBUG server.RaftServer$Division (RaftServerImpl.java:logAppendEntries(1539)) - s11@group-5D788F7A274C: appendEntries* s0->s11#970-t1,previous=(t:1, i:211),leaderCommit=211,initializing? false,entries: size=1, first=(t:1, i:212), METADATAENTRY(c:211)
2024-09-10 06:20:06,771 DEBUG server.RaftServer$Division (RaftServerImpl.java:logAppendEntries(1539)) - s12@group-5D788F7A274C: appendEntries* s0->s12#920-t1,previous=(t:1, i:211),leaderCommit=211,initializing? false,entries: size=1, first=(t:1, i:212), METADATAENTRY(c:211)
2024-09-10 06:20:06,773 DEBUG server.RaftServer$Division (RaftServerImpl.java:logAppendEntries(1539)) - s2@group-5D788F7A274C: appendEntries* s0->s2#895-t1,previous=(t:1, i:211),leaderCommit=211,initializing? false,entries: size=1, first=(t:1, i:212), METADATAENTRY(c:211)
2024-09-10 06:20:06,772 DEBUG server.RaftServer$Division (RaftServerImpl.java:logAppendEntries(1539)) - s3@group-5D788F7A274C: appendEntries* s0->s3#901-t1,previous=(t:1, i:211),leaderCommit=211,initializing? false,entries: size=1, first=(t:1, i:212), METADATAENTRY(c:211)
2024-09-10 06:20:06,773 DEBUG server.RaftServer$Division (RaftServerImpl.java:logAppendEntries(1539)) - s2@group-5D788F7A274C: appendEntries* reply s0<-s2#895:OK-t1,SUCCESS,nextIndex=213,followerCommit=211,matchIndex=212
2024-09-10 06:20:06,773 DEBUG server.RaftServer$Division (RaftServerImpl.java:logAppendEntries(1539)) - s12@group-5D788F7A274C: appendEntries* reply s0<-s12#920:OK-t1,SUCCESS,nextIndex=213,followerCommit=211,matchIndex=212
2024-09-10 06:20:06,773 DEBUG server.RaftServer$Division (RaftServerImpl.java:logAppendEntries(1539)) - s3@group-5D788F7A274C: appendEntries* reply s0<-s3#901:OK-t1,SUCCESS,nextIndex=213,followerCommit=211,matchIndex=212
2024-09-10 06:20:06,772 DEBUG server.RaftServer$Division (RaftServerImpl.java:logAppendEntries(1539)) - s4@group-5D788F7A274C: appendEntries* reply s0<-s4#832:OK-t1,SUCCESS,nextIndex=213,followerCommit=211,matchIndex=212
2024-09-10 06:20:06,772 DEBUG server.RaftServer$Division (RaftServerImpl.java:logAppendEntries(1539)) - s6@group-5D788F7A274C: appendEntries* reply s0<-s6#860:OK-t1,SUCCESS,nextIndex=213,followerCommit=211,matchIndex=212
2024-09-10 06:20:06,772 DEBUG server.RaftServer$Division (RaftServerImpl.java:logAppendEntries(1539)) - s9@group-5D788F7A274C: appendEntries* s0->s9#909-t1,previous=(t:1, i:211),leaderCommit=211,initializing? false,entries: size=1, first=(t:1, i:212), METADATAENTRY(c:211)
2024-09-10 06:20:06,772 DEBUG server.RaftServer$Division (RaftServerImpl.java:logAppendEntries(1539)) - s13@group-5D788F7A274C: appendEntries* reply s0<-s13#748:OK-t1,SUCCESS,nextIndex=213,followerCommit=211,matchIndex=212
2024-09-10 06:20:06,772 DEBUG server.RaftServer$Division (RaftServerImpl.java:logAppendEntries(1539)) - s1@group-5D788F7A274C: appendEntries* reply s0<-s1#1200:OK-t1,SUCCESS,nextIndex=213,followerCommit=211,matchIndex=212
2024-09-10 06:20:06,775 DEBUG server.RaftServer$Division (RaftServerImpl.java:logAppendEntries(1539)) - s9@group-5D788F7A274C: appendEntries* reply s0<-s9#909:OK-t1,SUCCESS,nextIndex=213,followerCommit=211,matchIndex=212
2024-09-10 06:20:06,775 DEBUG server.RaftServer$Division (RaftServerImpl.java:logAppendEntries(1539)) - s11@group-5D788F7A274C: appendEntries* reply s0<-s11#970:OK-t1,SUCCESS,nextIndex=213,followerCommit=211,matchIndex=212
2024-09-10 06:20:06,777 DEBUG server.RaftServer$Division (RaftServerImpl.java:submitClientRequestAsync(910)) - s0@group-5D788F7A274C: receive client request(RaftClientRequest:client-04EF324C57E0->s0@group-5D788F7A274C, cid=4537, seq=null, RW, Message:01016200)
2024-09-10 06:20:06,777 DEBUG server.RaftServer$Division (LeaderStateImpl.java:addPendingRequest(532)) - s0@group-5D788F7A274C-LeaderStateImpl: addPendingRequest at RaftClientRequest:client-04EF324C57E0->s0@group-5D788F7A274C, cid=4537, seq=null, RW, Message:01016200, entry=(t:1, i:213), STATEMACHINELOGENTRY, WRITE: logData.size=4, stateMachineData.size=0, logEntryProtoSerializedSize=0
2024-09-10 06:20:06,778 DEBUG server.RaftServer$Division (RaftServerImpl.java:logAppendEntries(1539)) - s6@group-5D788F7A274C: appendEntries* s0->s6#870-t1,previous=(t:1, i:212),leaderCommit=212,initializing? false,entries: size=1, first=(t:1, i:213), STATEMACHINELOGENTRY, StateMachineLogEntryProto:4537@client-04EF324C57E0
2024-09-10 06:20:06,778 DEBUG server.RaftServer$Division (RaftServerImpl.java:logAppendEntries(1539)) - s14@group-5D788F7A274C: appendEntries* s0->s14#601-t1,previous=(t:1, i:212),leaderCommit=212,initializing? false,entries: size=1, first=(t:1, i:213), STATEMACHINELOGENTRY, StateMachineLogEntryProto:4537@client-04EF324C57E0
2024-09-10 06:20:06,778 DEBUG server.RaftServer$Division (RaftServerImpl.java:logAppendEntries(1539)) - s11@group-5D788F7A274C: appendEntries* s0->s11#981-t1,previous=(t:1, i:212),leaderCommit=212,initializing? false,entries: size=1, first=(t:1, i:213), STATEMACHINELOGENTRY, StateMachineLogEntryProto:4537@client-04EF324C57E0
2024-09-10 06:20:06,778 DEBUG server.RaftServer$Division (RaftServerImpl.java:logAppendEntries(1539)) - s8@group-5D788F7A274C: appendEntries* s0->s8#908-t1,previous=(t:1, i:212),leaderCommit=212,initializing? false,entries: size=1, first=(t:1, i:213), STATEMACHINELOGENTRY, StateMachineLogEntryProto:4537@client-04EF324C57E0
2024-09-10 06:20:06,778 DEBUG server.RaftServer$Division (RaftServerImpl.java:logAppendEntries(1539)) - s14@group-5D788F7A274C: appendEntries* reply s0<-s14#601:OK-t1,SUCCESS,nextIndex=214,followerCommit=212,matchIndex=213
2024-09-10 06:20:06,778 DEBUG server.RaftServer$Division (RaftServerImpl.java:logAppendEntries(1539)) - s10@group-5D788F7A274C: appendEntries* s0->s10#1332-t1,previous=(t:1, i:212),leaderCommit=212,initializing? false,entries: size=1, first=(t:1, i:213), STATEMACHINELOGENTRY, StateMachineLogEntryProto:4537@client-04EF324C57E0
2024-09-10 06:20:06,778 DEBUG server.RaftServer$Division (RaftServerImpl.java:logAppendEntries(1539)) - s11@group-5D788F7A274C: appendEntries* reply s0<-s11#981:OK-t1,SUCCESS,nextIndex=214,followerCommit=212,matchIndex=213
2024-09-10 06:20:06,778 DEBUG server.RaftServer$Division (RaftServerImpl.java:logAppendEntries(1539)) - s6@group-5D788F7A274C: appendEntries* reply s0<-s6#870:OK-t1,SUCCESS,nextIndex=214,followerCommit=212,matchIndex=213
2024-09-10 06:20:06,779 DEBUG server.RaftServer$Division (RaftServerImpl.java:logAppendEntries(1539)) - s5@group-5D788F7A274C: appendEntries* s0->s5#851-t1,previous=(t:1, i:212),leaderCommit=212,initializing? false,entries: size=1, first=(t:1, i:213), STATEMACHINELOGENTRY, StateMachineLogEntryProto:4537@client-04EF324C57E0
2024-09-10 06:20:06,779 DEBUG server.RaftServer$Division (RaftServerImpl.java:logAppendEntries(1539)) - s12@group-5D788F7A274C: appendEntries* s0->s12#926-t1,previous=(t:1, i:212),leaderCommit=212,initializing? false,entries: size=1, first=(t:1, i:213), STATEMACHINELOGENTRY, StateMachineLogEntryProto:4537@client-04EF324C57E0
2024-09-10 06:20:06,779 DEBUG server.RaftServer$Division (RaftServerImpl.java:logAppendEntries(1539)) - s10@group-5D788F7A274C: appendEntries* reply s0<-s10#1332:OK-t1,SUCCESS,nextIndex=214,followerCommit=212,matchIndex=213
2024-09-10 06:20:06,779 DEBUG server.RaftServer$Division (RaftServerImpl.java:logAppendEntries(1539)) - s9@group-5D788F7A274C: appendEntries* s0->s9#914-t1,previous=(t:1, i:212),leaderCommit=212,initializing? false,entries: size=1, first=(t:1, i:213), STATEMACHINELOGENTRY, StateMachineLogEntryProto:4537@client-04EF324C57E0
2024-09-10 06:20:06,779 DEBUG server.RaftServer$Division (RaftServerImpl.java:logAppendEntries(1539)) - s4@group-5D788F7A274C: appendEntries* s0->s4#833-t1,previous=(t:1, i:212),leaderCommit=212,initializing? false,entries: size=1, first=(t:1, i:213), STATEMACHINELOGENTRY, StateMachineLogEntryProto:4537@client-04EF324C57E0
2024-09-10 06:20:06,779 DEBUG server.RaftServer$Division (RaftServerImpl.java:logAppendEntries(1539)) - s5@group-5D788F7A274C: appendEntries* reply s0<-s5#851:OK-t1,SUCCESS,nextIndex=214,followerCommit=212,matchIndex=213
2024-09-10 06:20:06,779 DEBUG server.RaftServer$Division (RaftServerImpl.java:logAppendEntries(1539)) - s12@group-5D788F7A274C: appendEntries* reply s0<-s12#926:OK-t1,SUCCESS,nextIndex=214,followerCommit=212,matchIndex=213
2024-09-10 06:20:06,780 DEBUG server.RaftServer$Division (RaftServerImpl.java:logAppendEntries(1539)) - s9@group-5D788F7A274C: appendEntries* reply s0<-s9#914:OK-t1,SUCCESS,nextIndex=214,followerCommit=212,matchIndex=213
2024-09-10 06:20:06,780 DEBUG server.RaftServer$Division (RaftServerImpl.java:logAppendEntries(1539)) - s4@group-5D788F7A274C: appendEntries* reply s0<-s4#833:OK-t1,SUCCESS,nextIndex=214,followerCommit=212,matchIndex=213
2024-09-10 06:20:06,780 DEBUG server.RaftServer$Division (RaftServerImpl.java:logAppendEntries(1539)) - s7@group-5D788F7A274C: appendEntries* s0->s7#708-t1,previous=(t:1, i:212),leaderCommit=212,initializing? false,entries: size=1, first=(t:1, i:213), STATEMACHINELOGENTRY, StateMachineLogEntryProto:4537@client-04EF324C57E0
2024-09-10 06:20:06,780 DEBUG server.RaftServer$Division (RaftServerImpl.java:logAppendEntries(1539)) - s3@group-5D788F7A274C: appendEntries* s0->s3#908-t1,previous=(t:1, i:212),leaderCommit=212,initializing? false,entries: size=1, first=(t:1, i:213), STATEMACHINELOGENTRY, StateMachineLogEntryProto:4537@client-04EF324C57E0
2024-09-10 06:20:06,780 DEBUG server.RaftServer$Division (RaftServerImpl.java:logAppendEntries(1539)) - s13@group-5D788F7A274C: appendEntries* s0->s13#749-t1,previous=(t:1, i:212),leaderCommit=212,initializing? false,entries: size=1, first=(t:1, i:213), STATEMACHINELOGENTRY, StateMachineLogEntryProto:4537@client-04EF324C57E0
2024-09-10 06:20:06,781 DEBUG server.RaftServer$Division (RaftServerImpl.java:logAppendEntries(1539)) - s7@group-5D788F7A274C: appendEntries* reply s0<-s7#708:OK-t1,SUCCESS,nextIndex=214,followerCommit=212,matchIndex=213
2024-09-10 06:20:06,780 DEBUG server.RaftServer$Division (RaftServerImpl.java:logAppendEntries(1539)) - s8@group-5D788F7A274C: appendEntries* reply s0<-s8#908:OK-t1,SUCCESS,nextIndex=214,followerCommit=212,matchIndex=213
2024-09-10 06:20:06,781 DEBUG server.RaftServer$Division (RaftServerImpl.java:logAppendEntries(1539)) - s3@group-5D788F7A274C: appendEntries* reply s0<-s3#908:OK-t1,SUCCESS,nextIndex=214,followerCommit=212,matchIndex=213
2024-09-10 06:20:06,780 DEBUG server.RaftServer$Division (RaftServerImpl.java:logAppendEntries(1539)) - s2@group-5D788F7A274C: appendEntries* s0->s2#901-t1,previous=(t:1, i:212),leaderCommit=212,initializing? false,entries: size=1, first=(t:1, i:213), STATEMACHINELOGENTRY, StateMachineLogEntryProto:4537@client-04EF324C57E0
2024-09-10 06:20:06,781 DEBUG server.RaftServer$Division (RaftServerImpl.java:logAppendEntries(1539)) - s13@group-5D788F7A274C: appendEntries* reply s0<-s13#749:OK-t1,SUCCESS,nextIndex=214,followerCommit=212,matchIndex=213
2024-09-10 06:20:06,781 DEBUG server.RaftServer$Division (RaftServerImpl.java:logAppendEntries(1539)) - s2@group-5D788F7A274C: appendEntries* reply s0<-s2#901:OK-t1,SUCCESS,nextIndex=214,followerCommit=212,matchIndex=213
2024-09-10 06:20:06,782 INFO  statemachine.StateMachine (ArithmeticStateMachine.java:applyTransaction(181)) - LEADER:s0-213: b = null = null
2024-09-10 06:20:06,782 DEBUG server.RaftServer$Division (RaftServerImpl.java:logAppendEntries(1539)) - s1@group-5D788F7A274C: appendEntries* s0->s1#1202-t1,previous=(t:1, i:212),leaderCommit=212,initializing? false,entries: size=1, first=(t:1, i:213), STATEMACHINELOGENTRY, StateMachineLogEntryProto:4537@client-04EF324C57E0
2024-09-10 06:20:06,783 DEBUG server.RaftServer$Division (RaftServerImpl.java:logAppendEntries(1539)) - s1@group-5D788F7A274C: appendEntries* reply s0<-s1#1202:OK-t1,SUCCESS,nextIndex=214,followerCommit=212,matchIndex=213
2024-09-10 06:20:06,783 DEBUG server.RaftServer$Division (RaftServerImpl.java:logAppendEntries(1539)) - s13@group-5D788F7A274C: appendEntries* s0->s13#750-t1,previous=(t:1, i:213),leaderCommit=213,initializing? false,entries: size=1, first=(t:1, i:214), METADATAENTRY(c:213)
2024-09-10 06:20:06,783 DEBUG server.RaftServer$Division (RaftServerImpl.java:logAppendEntries(1539)) - s13@group-5D788F7A274C: appendEntries* reply s0<-s13#750:OK-t1,SUCCESS,nextIndex=215,followerCommit=213,matchIndex=214
2024-09-10 06:20:06,784 DEBUG server.RaftServer$Division (RaftServerImpl.java:logAppendEntries(1539)) - s7@group-5D788F7A274C: appendEntries* s0->s7#709-t1,previous=(t:1, i:213),leaderCommit=213,initializing? false,entries: size=1, first=(t:1, i:214), METADATAENTRY(c:213)
2024-09-10 06:20:06,784 DEBUG server.RaftServer$Division (RaftServerImpl.java:logAppendEntries(1539)) - s5@group-5D788F7A274C: appendEntries* reply s0<-s5#845:OK-t1,SUCCESS,nextIndex=213,followerCommit=212,matchIndex=212
2024-09-10 06:20:06,784 DEBUG server.RaftServer$Division (RaftServerImpl.java:logAppendEntries(1539)) - s11@group-5D788F7A274C: appendEntries* s0->s11#983-t1,previous=(t:1, i:213),leaderCommit=213,initializing? false,entries: size=1, first=(t:1, i:214), METADATAENTRY(c:213)
2024-09-10 06:20:06,784 DEBUG server.RaftServer$Division (RaftServerImpl.java:logAppendEntries(1539)) - s8@group-5D788F7A274C: appendEntries* s0->s8#914-t1,previous=(t:1, i:213),leaderCommit=213,initializing? false,entries: size=1, first=(t:1, i:214), METADATAENTRY(c:213)
2024-09-10 06:20:06,784 DEBUG server.RaftServer$Division (RaftServerImpl.java:logAppendEntries(1539)) - s10@group-5D788F7A274C: appendEntries* s0->s10#1337-t1,previous=(t:1, i:213),leaderCommit=213,initializing? false,entries: size=1, first=(t:1, i:214), METADATAENTRY(c:213)
2024-09-10 06:20:06,785 DEBUG server.RaftServer$Division (RaftServerImpl.java:logAppendEntries(1539)) - s6@group-5D788F7A274C: appendEntries* s0->s6#877-t1,previous=(t:1, i:213),leaderCommit=213,initializing? false,entries: size=1, first=(t:1, i:214), METADATAENTRY(c:213)
2024-09-10 06:20:06,785 DEBUG server.RaftServer$Division (RaftServerImpl.java:logAppendEntries(1539)) - s4@group-5D788F7A274C: appendEntries* s0->s4#834-t1,previous=(t:1, i:213),leaderCommit=213,initializing? false,entries: size=1, first=(t:1, i:214), METADATAENTRY(c:213)
2024-09-10 06:20:06,785 DEBUG server.RaftServer$Division (RaftServerImpl.java:logAppendEntries(1539)) - s11@group-5D788F7A274C: appendEntries* reply s0<-s11#983:OK-t1,SUCCESS,nextIndex=215,followerCommit=213,matchIndex=214
2024-09-10 06:20:06,785 DEBUG server.RaftServer$Division (RaftServerImpl.java:logAppendEntries(1539)) - s10@group-5D788F7A274C: appendEntries* reply s0<-s10#1337:OK-t1,SUCCESS,nextIndex=215,followerCommit=213,matchIndex=214
2024-09-10 06:20:06,785 DEBUG server.RaftServer$Division (RaftServerImpl.java:logAppendEntries(1539)) - s5@group-5D788F7A274C: appendEntries* s0->s5#857-t1,previous=(t:1, i:213),leaderCommit=213,initializing? false,entries: size=1, first=(t:1, i:214), METADATAENTRY(c:213)
2024-09-10 06:20:06,785 DEBUG server.RaftServer$Division (RaftServerImpl.java:logAppendEntries(1539)) - s14@group-5D788F7A274C: appendEntries* s0->s14#604-t1,previous=(t:1, i:213),leaderCommit=213,initializing? false,entries: size=1, first=(t:1, i:214), METADATAENTRY(c:213)
2024-09-10 06:20:06,785 DEBUG server.RaftServer$Division (RaftServerImpl.java:logAppendEntries(1539)) - s4@group-5D788F7A274C: appendEntries* reply s0<-s4#834:OK-t1,SUCCESS,nextIndex=215,followerCommit=213,matchIndex=214
2024-09-10 06:20:06,786 DEBUG server.RaftServer$Division (RaftServerImpl.java:logAppendEntries(1539)) - s8@group-5D788F7A274C: appendEntries* reply s0<-s8#914:OK-t1,SUCCESS,nextIndex=215,followerCommit=213,matchIndex=214
2024-09-10 06:20:06,785 DEBUG server.RaftServer$Division (RaftServerImpl.java:logAppendEntries(1539)) - s7@group-5D788F7A274C: appendEntries* reply s0<-s7#709:OK-t1,SUCCESS,nextIndex=215,followerCommit=213,matchIndex=214
2024-09-10 06:20:06,786 DEBUG server.RaftServer$Division (RaftServerImpl.java:logAppendEntries(1539)) - s14@group-5D788F7A274C: appendEntries* reply s0<-s14#604:OK-t1,SUCCESS,nextIndex=215,followerCommit=213,matchIndex=214
2024-09-10 06:20:06,786 DEBUG server.RaftServer$Division (RaftServerImpl.java:logAppendEntries(1539)) - s5@group-5D788F7A274C: appendEntries* reply s0<-s5#857:OK-t1,SUCCESS,nextIndex=215,followerCommit=213,matchIndex=214
2024-09-10 06:20:06,786 DEBUG server.RaftServer$Division (RaftServerImpl.java:logAppendEntries(1539)) - s6@group-5D788F7A274C: appendEntries* reply s0<-s6#877:OK-t1,SUCCESS,nextIndex=215,followerCommit=213,matchIndex=214
2024-09-10 06:20:06,787 DEBUG server.RaftServer$Division (RaftServerImpl.java:logAppendEntries(1539)) - s1@group-5D788F7A274C: appendEntries* s0->s1#1203-t1,previous=(t:1, i:213),leaderCommit=213,initializing? false,entries: size=1, first=(t:1, i:214), METADATAENTRY(c:213)
2024-09-10 06:20:06,787 DEBUG server.RaftServer$Division (RaftServerImpl.java:logAppendEntries(1539)) - s9@group-5D788F7A274C: appendEntries* s0->s9#918-t1,previous=(t:1, i:213),leaderCommit=213,initializing? false,entries: size=1, first=(t:1, i:214), METADATAENTRY(c:213)
2024-09-10 06:20:06,787 DEBUG server.RaftServer$Division (RaftServerImpl.java:logAppendEntries(1539)) - s12@group-5D788F7A274C: appendEntries* s0->s12#932-t1,previous=(t:1, i:213),leaderCommit=213,initializing? false,entries: size=1, first=(t:1, i:214), METADATAENTRY(c:213)
2024-09-10 06:20:06,787 DEBUG server.RaftServer$Division (RaftServerImpl.java:submitClientRequestAsync(910)) - s0@group-5D788F7A274C: receive client request(RaftClientRequest:client-04EF324C57E0->s0@group-5D788F7A274C, cid=4538, seq=null, RW, Message:01016300)
2024-09-10 06:20:06,787 DEBUG server.RaftServer$Division (RaftServerImpl.java:logAppendEntries(1539)) - s3@group-5D788F7A274C: appendEntries* s0->s3#913-t1,previous=(t:1, i:213),leaderCommit=213,initializing? false,entries: size=1, first=(t:1, i:214), METADATAENTRY(c:213)
2024-09-10 06:20:06,787 DEBUG server.RaftServer$Division (LeaderStateImpl.java:addPendingRequest(532)) - s0@group-5D788F7A274C-LeaderStateImpl: addPendingRequest at RaftClientRequest:client-04EF324C57E0->s0@group-5D788F7A274C, cid=4538, seq=null, RW, Message:01016300, entry=(t:1, i:215), STATEMACHINELOGENTRY, WRITE: logData.size=4, stateMachineData.size=0, logEntryProtoSerializedSize=0
2024-09-10 06:20:06,787 DEBUG server.RaftServer$Division (RaftServerImpl.java:logAppendEntries(1539)) - s12@group-5D788F7A274C: appendEntries* reply s0<-s12#932:OK-t1,SUCCESS,nextIndex=215,followerCommit=213,matchIndex=214
2024-09-10 06:20:06,788 DEBUG server.RaftServer$Division (RaftServerImpl.java:logAppendEntries(1539)) - s1@group-5D788F7A274C: appendEntries* reply s0<-s1#1203:OK-t1,SUCCESS,nextIndex=215,followerCommit=213,matchIndex=214
2024-09-10 06:20:06,788 DEBUG server.RaftServer$Division (RaftServerImpl.java:logAppendEntries(1539)) - s9@group-5D788F7A274C: appendEntries* reply s0<-s9#918:OK-t1,SUCCESS,nextIndex=215,followerCommit=213,matchIndex=214
2024-09-10 06:20:06,788 DEBUG server.RaftServer$Division (RaftServerImpl.java:logAppendEntries(1539)) - s13@group-5D788F7A274C: appendEntries* s0->s13#754-t1,previous=(t:1, i:214),leaderCommit=213,initializing? false,entries: size=1, first=(t:1, i:215), STATEMACHINELOGENTRY, StateMachineLogEntryProto:4538@client-04EF324C57E0
2024-09-10 06:20:06,788 DEBUG server.RaftServer$Division (RaftServerImpl.java:logAppendEntries(1539)) - s3@group-5D788F7A274C: appendEntries* reply s0<-s3#913:OK-t1,SUCCESS,nextIndex=215,followerCommit=213,matchIndex=214
2024-09-10 06:20:06,788 DEBUG server.RaftServer$Division (RaftServerImpl.java:logAppendEntries(1539)) - s11@group-5D788F7A274C: appendEntries* s0->s11#991-t1,previous=(t:1, i:214),leaderCommit=213,initializing? false,entries: size=1, first=(t:1, i:215), STATEMACHINELOGENTRY, StateMachineLogEntryProto:4538@client-04EF324C57E0
2024-09-10 06:20:06,788 DEBUG server.RaftServer$Division (RaftServerImpl.java:logAppendEntries(1539)) - s7@group-5D788F7A274C: appendEntries* s0->s7#716-t1,previous=(t:1, i:214),leaderCommit=213,initializing? false,entries: size=1, first=(t:1, i:215), STATEMACHINELOGENTRY, StateMachineLogEntryProto:4538@client-04EF324C57E0
2024-09-10 06:20:06,789 DEBUG server.RaftServer$Division (RaftServerImpl.java:logAppendEntries(1539)) - s2@group-5D788F7A274C: appendEntries* s0->s2#907-t1,previous=(t:1, i:213),leaderCommit=213,initializing? false,entries: size=1, first=(t:1, i:214), METADATAENTRY(c:213)
2024-09-10 06:20:06,789 DEBUG server.RaftServer$Division (RaftServerImpl.java:logAppendEntries(1539)) - s11@group-5D788F7A274C: appendEntries* reply s0<-s11#991:OK-t1,SUCCESS,nextIndex=216,followerCommit=213,matchIndex=215
2024-09-10 06:20:06,788 DEBUG server.RaftServer$Division (RaftServerImpl.java:logAppendEntries(1539)) - s13@group-5D788F7A274C: appendEntries* reply s0<-s13#754:OK-t1,SUCCESS,nextIndex=216,followerCommit=213,matchIndex=215
2024-09-10 06:20:06,789 DEBUG server.RaftServer$Division (RaftServerImpl.java:logAppendEntries(1539)) - s2@group-5D788F7A274C: appendEntries* reply s0<-s2#907:OK-t1,SUCCESS,nextIndex=215,followerCommit=213,matchIndex=214
2024-09-10 06:20:06,789 DEBUG server.RaftServer$Division (RaftServerImpl.java:logAppendEntries(1539)) - s7@group-5D788F7A274C: appendEntries* reply s0<-s7#716:OK-t1,SUCCESS,nextIndex=216,followerCommit=213,matchIndex=215
2024-09-10 06:20:06,789 DEBUG server.RaftServer$Division (RaftServerImpl.java:logAppendEntries(1539)) - s8@group-5D788F7A274C: appendEntries* s0->s8#921-t1,previous=(t:1, i:214),leaderCommit=213,initializing? false,entries: size=1, first=(t:1, i:215), STATEMACHINELOGENTRY, StateMachineLogEntryProto:4538@client-04EF324C57E0
2024-09-10 06:20:06,789 DEBUG server.RaftServer$Division (RaftServerImpl.java:logAppendEntries(1539)) - s4@group-5D788F7A274C: appendEntries* s0->s4#843-t1,previous=(t:1, i:214),leaderCommit=213,initializing? false,entries: size=1, first=(t:1, i:215), STATEMACHINELOGENTRY, StateMachineLogEntryProto:4538@client-04EF324C57E0
2024-09-10 06:20:06,790 DEBUG server.RaftServer$Division (RaftServerImpl.java:logAppendEntries(1539)) - s8@group-5D788F7A274C: appendEntries* reply s0<-s8#921:OK-t1,SUCCESS,nextIndex=216,followerCommit=213,matchIndex=215
2024-09-10 06:20:06,790 DEBUG server.RaftServer$Division (RaftServerImpl.java:logAppendEntries(1539)) - s4@group-5D788F7A274C: appendEntries* reply s0<-s4#843:OK-t1,SUCCESS,nextIndex=216,followerCommit=213,matchIndex=215
2024-09-10 06:20:06,791 DEBUG server.RaftServer$Division (RaftServerImpl.java:logAppendEntries(1539)) - s12@group-5D788F7A274C: appendEntries* s0->s12#943-t1,previous=(t:1, i:214),leaderCommit=213,initializing? false,entries: size=1, first=(t:1, i:215), STATEMACHINELOGENTRY, StateMachineLogEntryProto:4538@client-04EF324C57E0
2024-09-10 06:20:06,791 DEBUG server.RaftServer$Division (RaftServerImpl.java:logAppendEntries(1539)) - s6@group-5D788F7A274C: appendEntries* s0->s6#887-t1,previous=(t:1, i:214),leaderCommit=213,initializing? false,entries: size=1, first=(t:1, i:215), STATEMACHINELOGENTRY, StateMachineLogEntryProto:4538@client-04EF324C57E0
2024-09-10 06:20:06,791 DEBUG server.RaftServer$Division (RaftServerImpl.java:logAppendEntries(1539)) - s12@group-5D788F7A274C: appendEntries* reply s0<-s12#943:OK-t1,SUCCESS,nextIndex=216,followerCommit=213,matchIndex=215
2024-09-10 06:20:06,791 DEBUG server.RaftServer$Division (RaftServerImpl.java:logAppendEntries(1539)) - s5@group-5D788F7A274C: appendEntries* s0->s5#867-t1,previous=(t:1, i:214),leaderCommit=213,initializing? false,entries: size=1, first=(t:1, i:215), STATEMACHINELOGENTRY, StateMachineLogEntryProto:4538@client-04EF324C57E0
2024-09-10 06:20:06,791 DEBUG server.RaftServer$Division (RaftServerImpl.java:logAppendEntries(1539)) - s6@group-5D788F7A274C: appendEntries* reply s0<-s6#887:OK-t1,SUCCESS,nextIndex=216,followerCommit=213,matchIndex=215
2024-09-10 06:20:06,792 DEBUG server.RaftServer$Division (RaftServerImpl.java:logAppendEntries(1539)) - s10@group-5D788F7A274C: appendEntries* s0->s10#1346-t1,previous=(t:1, i:214),leaderCommit=213,initializing? false,entries: size=1, first=(t:1, i:215), STATEMACHINELOGENTRY, StateMachineLogEntryProto:4538@client-04EF324C57E0
2024-09-10 06:20:06,792 DEBUG server.RaftServer$Division (RaftServerImpl.java:logAppendEntries(1539)) - s5@group-5D788F7A274C: appendEntries* reply s0<-s5#867:OK-t1,SUCCESS,nextIndex=216,followerCommit=213,matchIndex=215
2024-09-10 06:20:06,792 DEBUG server.RaftServer$Division (RaftServerImpl.java:logAppendEntries(1539)) - s10@group-5D788F7A274C: appendEntries* reply s0<-s10#1346:OK-t1,SUCCESS,nextIndex=216,followerCommit=213,matchIndex=215
2024-09-10 06:20:06,792 DEBUG server.RaftServer$Division (RaftServerImpl.java:logAppendEntries(1539)) - s1@group-5D788F7A274C: appendEntries* s0->s1#1212-t1,previous=(t:1, i:214),leaderCommit=213,initializing? false,entries: size=1, first=(t:1, i:215), STATEMACHINELOGENTRY, StateMachineLogEntryProto:4538@client-04EF324C57E0
2024-09-10 06:20:06,793 DEBUG server.RaftServer$Division (RaftServerImpl.java:logAppendEntries(1539)) - s14@group-5D788F7A274C: appendEntries* s0->s14#616-t1,previous=(t:1, i:214),leaderCommit=213,initializing? false,entries: size=1, first=(t:1, i:215), STATEMACHINELOGENTRY, StateMachineLogEntryProto:4538@client-04EF324C57E0
2024-09-10 06:20:06,793 DEBUG server.RaftServer$Division (RaftServerImpl.java:logAppendEntries(1539)) - s1@group-5D788F7A274C: appendEntries* reply s0<-s1#1212:OK-t1,SUCCESS,nextIndex=216,followerCommit=213,matchIndex=215
2024-09-10 06:20:06,793 DEBUG server.RaftServer$Division (RaftServerImpl.java:logAppendEntries(1539)) - s14@group-5D788F7A274C: appendEntries* reply s0<-s14#616:OK-t1,SUCCESS,nextIndex=216,followerCommit=213,matchIndex=215
2024-09-10 06:20:06,793 DEBUG server.RaftServer$Division (RaftServerImpl.java:logAppendEntries(1539)) - s3@group-5D788F7A274C: appendEntries* s0->s3#924-t1,previous=(t:1, i:214),leaderCommit=213,initializing? false,entries: size=1, first=(t:1, i:215), STATEMACHINELOGENTRY, StateMachineLogEntryProto:4538@client-04EF324C57E0
2024-09-10 06:20:06,794 DEBUG server.RaftServer$Division (RaftServerImpl.java:logAppendEntries(1539)) - s9@group-5D788F7A274C: appendEntries* s0->s9#928-t1,previous=(t:1, i:214),leaderCommit=213,initializing? false,entries: size=1, first=(t:1, i:215), STATEMACHINELOGENTRY, StateMachineLogEntryProto:4538@client-04EF324C57E0
2024-09-10 06:20:06,793 DEBUG server.RaftServer$Division (RaftServerImpl.java:logAppendEntries(1539)) - s2@group-5D788F7A274C: appendEntries* s0->s2#918-t1,previous=(t:1, i:214),leaderCommit=213,initializing? false,entries: size=1, first=(t:1, i:215), STATEMACHINELOGENTRY, StateMachineLogEntryProto:4538@client-04EF324C57E0
2024-09-10 06:20:06,794 INFO  statemachine.StateMachine (ArithmeticStateMachine.java:applyTransaction(181)) - LEADER:s0-215: c = null = null
2024-09-10 06:20:06,794 DEBUG server.RaftServer$Division (RaftServerImpl.java:logAppendEntries(1539)) - s3@group-5D788F7A274C: appendEntries* reply s0<-s3#924:OK-t1,SUCCESS,nextIndex=216,followerCommit=213,matchIndex=215
2024-09-10 06:20:06,794 DEBUG server.RaftServer$Division (RaftServerImpl.java:logAppendEntries(1539)) - s2@group-5D788F7A274C: appendEntries* reply s0<-s2#918:OK-t1,SUCCESS,nextIndex=216,followerCommit=213,matchIndex=215
2024-09-10 06:20:06,795 DEBUG server.RaftServer$Division (RaftServerImpl.java:logAppendEntries(1539)) - s7@group-5D788F7A274C: appendEntries* s0->s7#724-t1,previous=(t:1, i:215),leaderCommit=215,initializing? false,entries: size=1, first=(t:1, i:216), METADATAENTRY(c:215)
2024-09-10 06:20:06,795 DEBUG server.RaftServer$Division (RaftServerImpl.java:logAppendEntries(1539)) - s13@group-5D788F7A274C: appendEntries* s0->s13#763-t1,previous=(t:1, i:215),leaderCommit=215,initializing? false,entries: size=1, first=(t:1, i:216), METADATAENTRY(c:215)
2024-09-10 06:20:06,795 DEBUG server.RaftServer$Division (RaftServerImpl.java:logAppendEntries(1539)) - s4@group-5D788F7A274C: appendEntries* s0->s4#852-t1,previous=(t:1, i:215),leaderCommit=215,initializing? false,entries: size=1, first=(t:1, i:216), METADATAENTRY(c:215)
2024-09-10 06:20:06,795 DEBUG server.RaftServer$Division (RaftServerImpl.java:logAppendEntries(1539)) - s11@group-5D788F7A274C: appendEntries* s0->s11#999-t1,previous=(t:1, i:215),leaderCommit=215,initializing? false,entries: size=1, first=(t:1, i:216), METADATAENTRY(c:215)
2024-09-10 06:20:06,795 DEBUG server.RaftServer$Division (RaftServerImpl.java:logAppendEntries(1539)) - s6@group-5D788F7A274C: appendEntries* s0->s6#899-t1,previous=(t:1, i:215),leaderCommit=215,initializing? false,entries: size=1, first=(t:1, i:216), METADATAENTRY(c:215)
2024-09-10 06:20:06,796 DEBUG server.RaftServer$Division (RaftServerImpl.java:logAppendEntries(1539)) - s13@group-5D788F7A274C: appendEntries* reply s0<-s13#763:OK-t1,SUCCESS,nextIndex=217,followerCommit=215,matchIndex=216
2024-09-10 06:20:06,796 DEBUG server.RaftServer$Division (RaftServerImpl.java:logAppendEntries(1539)) - s8@group-5D788F7A274C: appendEntries* s0->s8#929-t1,previous=(t:1, i:215),leaderCommit=215,initializing? false,entries: size=1, first=(t:1, i:216), METADATAENTRY(c:215)
2024-09-10 06:20:06,796 DEBUG server.RaftServer$Division (RaftServerImpl.java:logAppendEntries(1539)) - s11@group-5D788F7A274C: appendEntries* reply s0<-s11#999:OK-t1,SUCCESS,nextIndex=217,followerCommit=215,matchIndex=216
2024-09-10 06:20:06,796 DEBUG server.RaftServer$Division (RaftServerImpl.java:logAppendEntries(1539)) - s8@group-5D788F7A274C: appendEntries* reply s0<-s8#929:OK-t1,SUCCESS,nextIndex=217,followerCommit=215,matchIndex=216
2024-09-10 06:20:06,796 DEBUG server.RaftServer$Division (RaftServerImpl.java:logAppendEntries(1539)) - s6@group-5D788F7A274C: appendEntries* reply s0<-s6#899:OK-t1,SUCCESS,nextIndex=217,followerCommit=215,matchIndex=216
2024-09-10 06:20:06,796 DEBUG server.RaftServer$Division (RaftServerImpl.java:logAppendEntries(1539)) - s12@group-5D788F7A274C: appendEntries* s0->s12#954-t1,previous=(t:1, i:215),leaderCommit=215,initializing? false,entries: size=1, first=(t:1, i:216), METADATAENTRY(c:215)
2024-09-10 06:20:06,796 DEBUG server.RaftServer$Division (RaftServerImpl.java:logAppendEntries(1539)) - s7@group-5D788F7A274C: appendEntries* reply s0<-s7#724:OK-t1,SUCCESS,nextIndex=217,followerCommit=215,matchIndex=216
2024-09-10 06:20:06,797 DEBUG server.RaftServer$Division (RaftServerImpl.java:logAppendEntries(1539)) - s9@group-5D788F7A274C: appendEntries* reply s0<-s9#928:OK-t1,SUCCESS,nextIndex=216,followerCommit=213,matchIndex=215
2024-09-10 06:20:06,797 DEBUG server.RaftServer$Division (RaftServerImpl.java:logAppendEntries(1539)) - s4@group-5D788F7A274C: appendEntries* reply s0<-s4#852:OK-t1,SUCCESS,nextIndex=217,followerCommit=215,matchIndex=216
2024-09-10 06:20:06,797 DEBUG server.RaftServer$Division (RaftServerImpl.java:logAppendEntries(1539)) - s12@group-5D788F7A274C: appendEntries* reply s0<-s12#954:OK-t1,SUCCESS,nextIndex=217,followerCommit=215,matchIndex=216
2024-09-10 06:20:06,797 DEBUG server.RaftServer$Division (RaftServerImpl.java:logAppendEntries(1539)) - s5@group-5D788F7A274C: appendEntries* s0->s5#878-t1,previous=(t:1, i:215),leaderCommit=215,initializing? false,entries: size=1, first=(t:1, i:216), METADATAENTRY(c:215)
2024-09-10 06:20:06,798 DEBUG server.RaftServer$Division (RaftServerImpl.java:logAppendEntries(1539)) - s5@group-5D788F7A274C: appendEntries* reply s0<-s5#878:OK-t1,SUCCESS,nextIndex=217,followerCommit=215,matchIndex=216
2024-09-10 06:20:06,798 DEBUG server.RaftServer$Division (RaftServerImpl.java:logAppendEntries(1539)) - s10@group-5D788F7A274C: appendEntries* s0->s10#1357-t1,previous=(t:1, i:215),leaderCommit=215,initializing? false,entries: size=1, first=(t:1, i:216), METADATAENTRY(c:215)
2024-09-10 06:20:06,798 DEBUG server.RaftServer$Division (RaftServerImpl.java:submitClientRequestAsync(910)) - s0@group-5D788F7A274C: receive client request(RaftClientRequest:client-04EF324C57E0->s0@group-5D788F7A274C, cid=4539, seq=null, RW, Message:01016102405d40000000...(size=12))
2024-09-10 06:20:06,798 DEBUG server.RaftServer$Division (LeaderStateImpl.java:addPendingRequest(532)) - s0@group-5D788F7A274C-LeaderStateImpl: addPendingRequest at RaftClientRequest:client-04EF324C57E0->s0@group-5D788F7A274C, cid=4539, seq=null, RW, Message:01016102405d40000000...(size=12), entry=(t:1, i:217), STATEMACHINELOGENTRY, WRITE: logData.size=12, stateMachineData.size=0, logEntryProtoSerializedSize=0
2024-09-10 06:20:06,798 DEBUG server.RaftServer$Division (RaftServerImpl.java:logAppendEntries(1539)) - s10@group-5D788F7A274C: appendEntries* reply s0<-s10#1357:OK-t1,SUCCESS,nextIndex=217,followerCommit=215,matchIndex=216
2024-09-10 06:20:06,799 DEBUG server.RaftServer$Division (RaftServerImpl.java:logAppendEntries(1539)) - s13@group-5D788F7A274C: appendEntries* s0->s13#764-t1,previous=(t:1, i:216),leaderCommit=215,initializing? false,entries: size=1, first=(t:1, i:217), STATEMACHINELOGENTRY, StateMachineLogEntryProto:4539@client-04EF324C57E0
2024-09-10 06:20:06,799 DEBUG server.RaftServer$Division (RaftServerImpl.java:logAppendEntries(1539)) - s7@group-5D788F7A274C: appendEntries* s0->s7#726-t1,previous=(t:1, i:216),leaderCommit=215,initializing? false,entries: size=1, first=(t:1, i:217), STATEMACHINELOGENTRY, StateMachineLogEntryProto:4539@client-04EF324C57E0
2024-09-10 06:20:06,800 DEBUG server.RaftServer$Division (RaftServerImpl.java:logAppendEntries(1539)) - s13@group-5D788F7A274C: appendEntries* reply s0<-s13#764:OK-t1,SUCCESS,nextIndex=218,followerCommit=215,matchIndex=217
2024-09-10 06:20:06,800 DEBUG server.RaftServer$Division (RaftServerImpl.java:logAppendEntries(1539)) - s11@group-5D788F7A274C: appendEntries* s0->s11#1002-t1,previous=(t:1, i:216),leaderCommit=215,initializing? false,entries: size=1, first=(t:1, i:217), STATEMACHINELOGENTRY, StateMachineLogEntryProto:4539@client-04EF324C57E0
2024-09-10 06:20:06,800 DEBUG server.RaftServer$Division (RaftServerImpl.java:logAppendEntries(1539)) - s8@group-5D788F7A274C: appendEntries* s0->s8#933-t1,previous=(t:1, i:216),leaderCommit=215,initializing? false,entries: size=1, first=(t:1, i:217), STATEMACHINELOGENTRY, StateMachineLogEntryProto:4539@client-04EF324C57E0
2024-09-10 06:20:06,800 DEBUG server.RaftServer$Division (RaftServerImpl.java:logAppendEntries(1539)) - s4@group-5D788F7A274C: appendEntries* s0->s4#855-t1,previous=(t:1, i:216),leaderCommit=215,initializing? false,entries: size=1, first=(t:1, i:217), STATEMACHINELOGENTRY, StateMachineLogEntryProto:4539@client-04EF324C57E0
2024-09-10 06:20:06,800 DEBUG server.RaftServer$Division (RaftServerImpl.java:logAppendEntries(1539)) - s11@group-5D788F7A274C: appendEntries* reply s0<-s11#1002:OK-t1,SUCCESS,nextIndex=218,followerCommit=215,matchIndex=217
2024-09-10 06:20:06,801 DEBUG server.RaftServer$Division (RaftServerImpl.java:logAppendEntries(1539)) - s7@group-5D788F7A274C: appendEntries* reply s0<-s7#726:OK-t1,SUCCESS,nextIndex=218,followerCommit=215,matchIndex=217
2024-09-10 06:20:06,800 DEBUG server.RaftServer$Division (RaftServerImpl.java:logAppendEntries(1539)) - s8@group-5D788F7A274C: appendEntries* reply s0<-s8#933:OK-t1,SUCCESS,nextIndex=218,followerCommit=215,matchIndex=217
2024-09-10 06:20:06,801 DEBUG server.RaftServer$Division (RaftServerImpl.java:logAppendEntries(1539)) - s1@group-5D788F7A274C: appendEntries* s0->s1#1224-t1,previous=(t:1, i:215),leaderCommit=215,initializing? false,entries: size=1, first=(t:1, i:216), METADATAENTRY(c:215)
2024-09-10 06:20:06,801 DEBUG server.RaftServer$Division (RaftServerImpl.java:logAppendEntries(1539)) - s4@group-5D788F7A274C: appendEntries* reply s0<-s4#855:OK-t1,SUCCESS,nextIndex=218,followerCommit=215,matchIndex=217
2024-09-10 06:20:06,801 DEBUG server.RaftServer$Division (RaftServerImpl.java:logAppendEntries(1539)) - s14@group-5D788F7A274C: appendEntries* s0->s14#626-t1,previous=(t:1, i:215),leaderCommit=215,initializing? false,entries: size=1, first=(t:1, i:216), METADATAENTRY(c:215)
2024-09-10 06:20:06,801 DEBUG server.RaftServer$Division (RaftServerImpl.java:logAppendEntries(1539)) - s2@group-5D788F7A274C: appendEntries* s0->s2#928-t1,previous=(t:1, i:215),leaderCommit=215,initializing? false,entries: size=1, first=(t:1, i:216), METADATAENTRY(c:215)
2024-09-10 06:20:06,801 DEBUG server.RaftServer$Division (RaftServerImpl.java:logAppendEntries(1539)) - s1@group-5D788F7A274C: appendEntries* reply s0<-s1#1224:OK-t1,SUCCESS,nextIndex=217,followerCommit=215,matchIndex=216
2024-09-10 06:20:06,801 DEBUG server.RaftServer$Division (RaftServerImpl.java:logAppendEntries(1539)) - s14@group-5D788F7A274C: appendEntries* reply s0<-s14#626:OK-t1,SUCCESS,nextIndex=217,followerCommit=215,matchIndex=216
2024-09-10 06:20:06,802 DEBUG server.RaftServer$Division (RaftServerImpl.java:logAppendEntries(1539)) - s2@group-5D788F7A274C: appendEntries* reply s0<-s2#928:OK-t1,SUCCESS,nextIndex=217,followerCommit=215,matchIndex=216
2024-09-10 06:20:06,802 DEBUG server.RaftServer$Division (RaftServerImpl.java:logAppendEntries(1539)) - s9@group-5D788F7A274C: appendEntries* s0->s9#938-t1,previous=(t:1, i:215),leaderCommit=215,initializing? false,entries: size=1, first=(t:1, i:216), METADATAENTRY(c:215)
2024-09-10 06:20:06,802 DEBUG server.RaftServer$Division (RaftServerImpl.java:logAppendEntries(1539)) - s3@group-5D788F7A274C: appendEntries* s0->s3#935-t1,previous=(t:1, i:215),leaderCommit=215,initializing? false,entries: size=1, first=(t:1, i:216), METADATAENTRY(c:215)
2024-09-10 06:20:06,802 DEBUG server.RaftServer$Division (RaftServerImpl.java:logAppendEntries(1539)) - s6@group-5D788F7A274C: appendEntries* s0->s6#904-t1,previous=(t:1, i:216),leaderCommit=215,initializing? false,entries: size=1, first=(t:1, i:217), STATEMACHINELOGENTRY, StateMachineLogEntryProto:4539@client-04EF324C57E0
2024-09-10 06:20:06,802 DEBUG server.RaftServer$Division (RaftServerImpl.java:logAppendEntries(1539)) - s9@group-5D788F7A274C: appendEntries* reply s0<-s9#938:OK-t1,SUCCESS,nextIndex=217,followerCommit=215,matchIndex=216
2024-09-10 06:20:06,803 DEBUG server.RaftServer$Division (RaftServerImpl.java:logAppendEntries(1539)) - s3@group-5D788F7A274C: appendEntries* reply s0<-s3#935:OK-t1,SUCCESS,nextIndex=217,followerCommit=215,matchIndex=216
2024-09-10 06:20:06,803 DEBUG server.RaftServer$Division (RaftServerImpl.java:logAppendEntries(1539)) - s6@group-5D788F7A274C: appendEntries* reply s0<-s6#904:OK-t1,SUCCESS,nextIndex=218,followerCommit=215,matchIndex=217
2024-09-10 06:20:06,803 DEBUG server.RaftServer$Division (RaftServerImpl.java:logAppendEntries(1539)) - s5@group-5D788F7A274C: appendEntries* s0->s5#883-t1,previous=(t:1, i:216),leaderCommit=215,initializing? false,entries: size=1, first=(t:1, i:217), STATEMACHINELOGENTRY, StateMachineLogEntryProto:4539@client-04EF324C57E0
2024-09-10 06:20:06,803 DEBUG server.RaftServer$Division (RaftServerImpl.java:logAppendEntries(1539)) - s12@group-5D788F7A274C: appendEntries* s0->s12#961-t1,previous=(t:1, i:216),leaderCommit=215,initializing? false,entries: size=1, first=(t:1, i:217), STATEMACHINELOGENTRY, StateMachineLogEntryProto:4539@client-04EF324C57E0
2024-09-10 06:20:06,803 DEBUG server.RaftServer$Division (RaftServerImpl.java:logAppendEntries(1539)) - s10@group-5D788F7A274C: appendEntries* s0->s10#1361-t1,previous=(t:1, i:216),leaderCommit=215,initializing? false,entries: size=1, first=(t:1, i:217), STATEMACHINELOGENTRY, StateMachineLogEntryProto:4539@client-04EF324C57E0
2024-09-10 06:20:06,804 DEBUG server.RaftServer$Division (RaftServerImpl.java:logAppendEntries(1539)) - s12@group-5D788F7A274C: appendEntries* reply s0<-s12#961:OK-t1,SUCCESS,nextIndex=218,followerCommit=215,matchIndex=217
2024-09-10 06:20:06,804 DEBUG server.RaftServer$Division (RaftServerImpl.java:logAppendEntries(1539)) - s5@group-5D788F7A274C: appendEntries* reply s0<-s5#883:OK-t1,SUCCESS,nextIndex=218,followerCommit=215,matchIndex=217
2024-09-10 06:20:06,804 DEBUG server.RaftServer$Division (RaftServerImpl.java:logAppendEntries(1539)) - s10@group-5D788F7A274C: appendEntries* reply s0<-s10#1361:OK-t1,SUCCESS,nextIndex=218,followerCommit=215,matchIndex=217
2024-09-10 06:20:06,805 DEBUG server.RaftServer$Division (RaftServerImpl.java:logAppendEntries(1539)) - s1@group-5D788F7A274C: appendEntries* s0->s1#1230-t1,previous=(t:1, i:216),leaderCommit=215,initializing? false,entries: size=1, first=(t:1, i:217), STATEMACHINELOGENTRY, StateMachineLogEntryProto:4539@client-04EF324C57E0
2024-09-10 06:20:06,805 DEBUG server.RaftServer$Division (RaftServerImpl.java:logAppendEntries(1539)) - s1@group-5D788F7A274C: appendEntries* reply s0<-s1#1230:OK-t1,SUCCESS,nextIndex=218,followerCommit=215,matchIndex=217
2024-09-10 06:20:06,805 DEBUG server.RaftServer$Division (RaftServerImpl.java:logAppendEntries(1539)) - s14@group-5D788F7A274C: appendEntries* s0->s14#633-t1,previous=(t:1, i:216),leaderCommit=215,initializing? false,entries: size=1, first=(t:1, i:217), STATEMACHINELOGENTRY, StateMachineLogEntryProto:4539@client-04EF324C57E0
2024-09-10 06:20:06,805 DEBUG server.RaftServer$Division (RaftServerImpl.java:logAppendEntries(1539)) - s2@group-5D788F7A274C: appendEntries* s0->s2#934-t1,previous=(t:1, i:216),leaderCommit=215,initializing? false,entries: size=1, first=(t:1, i:217), STATEMACHINELOGENTRY, StateMachineLogEntryProto:4539@client-04EF324C57E0
2024-09-10 06:20:06,805 DEBUG server.RaftServer$Division (RaftServerImpl.java:logAppendEntries(1539)) - s3@group-5D788F7A274C: appendEntries* s0->s3#942-t1,previous=(t:1, i:216),leaderCommit=215,initializing? false,entries: size=1, first=(t:1, i:217), STATEMACHINELOGENTRY, StateMachineLogEntryProto:4539@client-04EF324C57E0
2024-09-10 06:20:06,805 DEBUG server.RaftServer$Division (RaftServerImpl.java:logAppendEntries(1539)) - s9@group-5D788F7A274C: appendEntries* s0->s9#943-t1,previous=(t:1, i:216),leaderCommit=215,initializing? false,entries: size=1, first=(t:1, i:217), STATEMACHINELOGENTRY, StateMachineLogEntryProto:4539@client-04EF324C57E0
2024-09-10 06:20:06,806 DEBUG server.RaftServer$Division (RaftServerImpl.java:logAppendEntries(1539)) - s14@group-5D788F7A274C: appendEntries* reply s0<-s14#633:OK-t1,SUCCESS,nextIndex=218,followerCommit=215,matchIndex=217
2024-09-10 06:20:06,806 DEBUG server.RaftServer$Division (RaftServerImpl.java:logAppendEntries(1539)) - s2@group-5D788F7A274C: appendEntries* reply s0<-s2#934:OK-t1,SUCCESS,nextIndex=218,followerCommit=215,matchIndex=217
2024-09-10 06:20:06,806 INFO  statemachine.StateMachine (ArithmeticStateMachine.java:applyTransaction(181)) - LEADER:s0-217: a = 117 = 117
2024-09-10 06:20:06,806 DEBUG server.RaftServer$Division (RaftServerImpl.java:logAppendEntries(1539)) - s9@group-5D788F7A274C: appendEntries* reply s0<-s9#943:OK-t1,SUCCESS,nextIndex=218,followerCommit=215,matchIndex=217
2024-09-10 06:20:06,806 DEBUG server.RaftServer$Division (RaftServerImpl.java:logAppendEntries(1539)) - s3@group-5D788F7A274C: appendEntries* reply s0<-s3#942:OK-t1,SUCCESS,nextIndex=218,followerCommit=215,matchIndex=217
2024-09-10 06:20:06,807 DEBUG server.RaftServer$Division (RaftServerImpl.java:logAppendEntries(1539)) - s7@group-5D788F7A274C: appendEntries* s0->s7#733-t1,previous=(t:1, i:217),leaderCommit=217,initializing? false,entries: size=1, first=(t:1, i:218), METADATAENTRY(c:217)
2024-09-10 06:20:06,808 DEBUG server.RaftServer$Division (RaftServerImpl.java:logAppendEntries(1539)) - s4@group-5D788F7A274C: appendEntries* s0->s4#862-t1,previous=(t:1, i:217),leaderCommit=217,initializing? false,entries: size=1, first=(t:1, i:218), METADATAENTRY(c:217)
2024-09-10 06:20:06,808 DEBUG server.RaftServer$Division (RaftServerImpl.java:logAppendEntries(1539)) - s7@group-5D788F7A274C: appendEntries* reply s0<-s7#733:OK-t1,SUCCESS,nextIndex=219,followerCommit=217,matchIndex=218
2024-09-10 06:20:06,808 DEBUG server.RaftServer$Division (RaftServerImpl.java:logAppendEntries(1539)) - s11@group-5D788F7A274C: appendEntries* s0->s11#1009-t1,previous=(t:1, i:217),leaderCommit=217,initializing? false,entries: size=1, first=(t:1, i:218), METADATAENTRY(c:217)
2024-09-10 06:20:06,808 DEBUG server.RaftServer$Division (RaftServerImpl.java:logAppendEntries(1539)) - s13@group-5D788F7A274C: appendEntries* s0->s13#771-t1,previous=(t:1, i:217),leaderCommit=217,initializing? false,entries: size=1, first=(t:1, i:218), METADATAENTRY(c:217)
2024-09-10 06:20:06,808 DEBUG server.RaftServer$Division (RaftServerImpl.java:logAppendEntries(1539)) - s8@group-5D788F7A274C: appendEntries* s0->s8#940-t1,previous=(t:1, i:217),leaderCommit=217,initializing? false,entries: size=1, first=(t:1, i:218), METADATAENTRY(c:217)
2024-09-10 06:20:06,808 DEBUG server.RaftServer$Division (RaftServerImpl.java:logAppendEntries(1539)) - s4@group-5D788F7A274C: appendEntries* reply s0<-s4#862:OK-t1,SUCCESS,nextIndex=219,followerCommit=217,matchIndex=218
2024-09-10 06:20:06,809 DEBUG server.RaftServer$Division (RaftServerImpl.java:logAppendEntries(1539)) - s11@group-5D788F7A274C: appendEntries* reply s0<-s11#1009:OK-t1,SUCCESS,nextIndex=219,followerCommit=217,matchIndex=218
2024-09-10 06:20:06,809 DEBUG server.RaftServer$Division (RaftServerImpl.java:logAppendEntries(1539)) - s5@group-5D788F7A274C: appendEntries* s0->s5#892-t1,previous=(t:1, i:217),leaderCommit=217,initializing? false,entries: size=1, first=(t:1, i:218), METADATAENTRY(c:217)
2024-09-10 06:20:06,809 DEBUG server.RaftServer$Division (RaftServerImpl.java:logAppendEntries(1539)) - s13@group-5D788F7A274C: appendEntries* reply s0<-s13#771:OK-t1,SUCCESS,nextIndex=219,followerCommit=217,matchIndex=218
2024-09-10 06:20:06,809 DEBUG server.RaftServer$Division (RaftServerImpl.java:logAppendEntries(1539)) - s8@group-5D788F7A274C: appendEntries* reply s0<-s8#940:OK-t1,SUCCESS,nextIndex=219,followerCommit=217,matchIndex=218
2024-09-10 06:20:06,809 DEBUG server.RaftServer$Division (RaftServerImpl.java:logAppendEntries(1539)) - s5@group-5D788F7A274C: appendEntries* reply s0<-s5#892:OK-t1,SUCCESS,nextIndex=219,followerCommit=217,matchIndex=218
2024-09-10 06:20:06,809 DEBUG server.RaftServer$Division (RaftServerImpl.java:submitClientRequestAsync(910)) - s0@group-5D788F7A274C: receive client request(RaftClientRequest:client-04EF324C57E0->s0@group-5D788F7A274C, cid=4540, seq=null, RW, Message:0101620240babc000000...(size=12))
2024-09-10 06:20:06,810 DEBUG server.RaftServer$Division (LeaderStateImpl.java:addPendingRequest(532)) - s0@group-5D788F7A274C-LeaderStateImpl: addPendingRequest at RaftClientRequest:client-04EF324C57E0->s0@group-5D788F7A274C, cid=4540, seq=null, RW, Message:0101620240babc000000...(size=12), entry=(t:1, i:219), STATEMACHINELOGENTRY, WRITE: logData.size=12, stateMachineData.size=0, logEntryProtoSerializedSize=0
2024-09-10 06:20:06,810 DEBUG server.RaftServer$Division (RaftServerImpl.java:logAppendEntries(1539)) - s6@group-5D788F7A274C: appendEntries* s0->s6#912-t1,previous=(t:1, i:217),leaderCommit=217,initializing? false,entries: size=1, first=(t:1, i:218), METADATAENTRY(c:217)
2024-09-10 06:20:06,811 DEBUG server.RaftServer$Division (RaftServerImpl.java:logAppendEntries(1539)) - s7@group-5D788F7A274C: appendEntries* s0->s7#736-t1,previous=(t:1, i:218),leaderCommit=217,initializing? false,entries: size=1, first=(t:1, i:219), STATEMACHINELOGENTRY, StateMachineLogEntryProto:4540@client-04EF324C57E0
2024-09-10 06:20:06,811 DEBUG server.RaftServer$Division (RaftServerImpl.java:logAppendEntries(1539)) - s6@group-5D788F7A274C: appendEntries* reply s0<-s6#912:OK-t1,SUCCESS,nextIndex=219,followerCommit=217,matchIndex=218
2024-09-10 06:20:06,811 DEBUG server.RaftServer$Division (RaftServerImpl.java:logAppendEntries(1539)) - s5@group-5D788F7A274C: appendEntries* s0->s5#895-t1,previous=(t:1, i:218),leaderCommit=217,initializing? false,entries: size=1, first=(t:1, i:219), STATEMACHINELOGENTRY, StateMachineLogEntryProto:4540@client-04EF324C57E0
2024-09-10 06:20:06,811 DEBUG server.RaftServer$Division (RaftServerImpl.java:logAppendEntries(1539)) - s13@group-5D788F7A274C: appendEntries* s0->s13#775-t1,previous=(t:1, i:218),leaderCommit=217,initializing? false,entries: size=1, first=(t:1, i:219), STATEMACHINELOGENTRY, StateMachineLogEntryProto:4540@client-04EF324C57E0
2024-09-10 06:20:06,811 DEBUG server.RaftServer$Division (RaftServerImpl.java:logAppendEntries(1539)) - s6@group-5D788F7A274C: appendEntries* s0->s6#918-t1,previous=(t:1, i:218),leaderCommit=217,initializing? false,entries: size=1, first=(t:1, i:219), STATEMACHINELOGENTRY, StateMachineLogEntryProto:4540@client-04EF324C57E0
2024-09-10 06:20:06,811 DEBUG server.RaftServer$Division (RaftServerImpl.java:logAppendEntries(1539)) - s14@group-5D788F7A274C: appendEntries* s0->s14#642-t1,previous=(t:1, i:217),leaderCommit=217,initializing? false,entries: size=1, first=(t:1, i:218), METADATAENTRY(c:217)
2024-09-10 06:20:06,811 DEBUG server.RaftServer$Division (RaftServerImpl.java:logAppendEntries(1539)) - s7@group-5D788F7A274C: appendEntries* reply s0<-s7#736:OK-t1,SUCCESS,nextIndex=220,followerCommit=217,matchIndex=219
2024-09-10 06:20:06,812 DEBUG server.RaftServer$Division (RaftServerImpl.java:logAppendEntries(1539)) - s5@group-5D788F7A274C: appendEntries* reply s0<-s5#895:OK-t1,SUCCESS,nextIndex=220,followerCommit=217,matchIndex=219
2024-09-10 06:20:06,812 DEBUG server.RaftServer$Division (RaftServerImpl.java:logAppendEntries(1539)) - s13@group-5D788F7A274C: appendEntries* reply s0<-s13#775:OK-t1,SUCCESS,nextIndex=220,followerCommit=217,matchIndex=219
2024-09-10 06:20:06,812 DEBUG server.RaftServer$Division (RaftServerImpl.java:logAppendEntries(1539)) - s6@group-5D788F7A274C: appendEntries* reply s0<-s6#918:OK-t1,SUCCESS,nextIndex=220,followerCommit=217,matchIndex=219
2024-09-10 06:20:06,812 DEBUG server.RaftServer$Division (RaftServerImpl.java:logAppendEntries(1539)) - s14@group-5D788F7A274C: appendEntries* reply s0<-s14#642:OK-t1,SUCCESS,nextIndex=219,followerCommit=217,matchIndex=218
2024-09-10 06:20:06,812 DEBUG server.RaftServer$Division (RaftServerImpl.java:logAppendEntries(1539)) - s1@group-5D788F7A274C: appendEntries* s0->s1#1241-t1,previous=(t:1, i:217),leaderCommit=217,initializing? false,entries: size=1, first=(t:1, i:218), METADATAENTRY(c:217)
2024-09-10 06:20:06,812 DEBUG server.RaftServer$Division (RaftServerImpl.java:logAppendEntries(1539)) - s10@group-5D788F7A274C: appendEntries* s0->s10#1371-t1,previous=(t:1, i:217),leaderCommit=217,initializing? false,entries: size=1, first=(t:1, i:218), METADATAENTRY(c:217)
2024-09-10 06:20:06,812 DEBUG server.RaftServer$Division (RaftServerImpl.java:logAppendEntries(1539)) - s3@group-5D788F7A274C: appendEntries* s0->s3#951-t1,previous=(t:1, i:217),leaderCommit=217,initializing? false,entries: size=1, first=(t:1, i:218), METADATAENTRY(c:217)
2024-09-10 06:20:06,812 DEBUG server.RaftServer$Division (RaftServerImpl.java:logAppendEntries(1539)) - s1@group-5D788F7A274C: appendEntries* reply s0<-s1#1241:OK-t1,SUCCESS,nextIndex=219,followerCommit=217,matchIndex=218
2024-09-10 06:20:06,813 DEBUG server.RaftServer$Division (RaftServerImpl.java:logAppendEntries(1539)) - s10@group-5D788F7A274C: appendEntries* reply s0<-s10#1371:OK-t1,SUCCESS,nextIndex=219,followerCommit=217,matchIndex=218
2024-09-10 06:20:06,813 DEBUG server.RaftServer$Division (RaftServerImpl.java:logAppendEntries(1539)) - s3@group-5D788F7A274C: appendEntries* reply s0<-s3#951:OK-t1,SUCCESS,nextIndex=219,followerCommit=217,matchIndex=218
2024-09-10 06:20:06,813 DEBUG server.RaftServer$Division (RaftServerImpl.java:logAppendEntries(1539)) - s9@group-5D788F7A274C: appendEntries* s0->s9#952-t1,previous=(t:1, i:217),leaderCommit=217,initializing? false,entries: size=1, first=(t:1, i:218), METADATAENTRY(c:217)
2024-09-10 06:20:06,813 DEBUG server.RaftServer$Division (RaftServerImpl.java:logAppendEntries(1539)) - s2@group-5D788F7A274C: appendEntries* s0->s2#943-t1,previous=(t:1, i:217),leaderCommit=217,initializing? false,entries: size=1, first=(t:1, i:218), METADATAENTRY(c:217)
2024-09-10 06:20:06,813 DEBUG server.RaftServer$Division (RaftServerImpl.java:logAppendEntries(1539)) - s9@group-5D788F7A274C: appendEntries* reply s0<-s9#952:OK-t1,SUCCESS,nextIndex=219,followerCommit=217,matchIndex=218
2024-09-10 06:20:06,813 DEBUG server.RaftServer$Division (RaftServerImpl.java:logAppendEntries(1539)) - s2@group-5D788F7A274C: appendEntries* reply s0<-s2#943:OK-t1,SUCCESS,nextIndex=219,followerCommit=217,matchIndex=218
2024-09-10 06:20:06,814 DEBUG server.RaftServer$Division (RaftServerImpl.java:logAppendEntries(1539)) - s12@group-5D788F7A274C: appendEntries* s0->s12#968-t1,previous=(t:1, i:217),leaderCommit=217,initializing? false,entries: size=1, first=(t:1, i:218), METADATAENTRY(c:217)
2024-09-10 06:20:06,814 DEBUG server.RaftServer$Division (RaftServerImpl.java:logAppendEntries(1539)) - s14@group-5D788F7A274C: appendEntries* s0->s14#646-t1,previous=(t:1, i:218),leaderCommit=217,initializing? false,entries: size=1, first=(t:1, i:219), STATEMACHINELOGENTRY, StateMachineLogEntryProto:4540@client-04EF324C57E0
2024-09-10 06:20:06,814 DEBUG server.RaftServer$Division (RaftServerImpl.java:logAppendEntries(1539)) - s1@group-5D788F7A274C: appendEntries* s0->s1#1246-t1,previous=(t:1, i:218),leaderCommit=217,initializing? false,entries: size=1, first=(t:1, i:219), STATEMACHINELOGENTRY, StateMachineLogEntryProto:4540@client-04EF324C57E0
2024-09-10 06:20:06,814 DEBUG server.RaftServer$Division (RaftServerImpl.java:logAppendEntries(1539)) - s12@group-5D788F7A274C: appendEntries* reply s0<-s12#968:OK-t1,SUCCESS,nextIndex=219,followerCommit=217,matchIndex=218
2024-09-10 06:20:06,814 DEBUG server.RaftServer$Division (RaftServerImpl.java:logAppendEntries(1539)) - s14@group-5D788F7A274C: appendEntries* reply s0<-s14#646:OK-t1,SUCCESS,nextIndex=220,followerCommit=217,matchIndex=219
2024-09-10 06:20:06,815 DEBUG server.RaftServer$Division (RaftServerImpl.java:logAppendEntries(1539)) - s3@group-5D788F7A274C: appendEntries* s0->s3#955-t1,previous=(t:1, i:218),leaderCommit=217,initializing? false,entries: size=1, first=(t:1, i:219), STATEMACHINELOGENTRY, StateMachineLogEntryProto:4540@client-04EF324C57E0
2024-09-10 06:20:06,815 DEBUG server.RaftServer$Division (RaftServerImpl.java:logAppendEntries(1539)) - s8@group-5D788F7A274C: appendEntries* s0->s8#943-t1,previous=(t:1, i:218),leaderCommit=217,initializing? false,entries: size=1, first=(t:1, i:219), STATEMACHINELOGENTRY, StateMachineLogEntryProto:4540@client-04EF324C57E0
2024-09-10 06:20:06,815 DEBUG server.RaftServer$Division (RaftServerImpl.java:logAppendEntries(1539)) - s4@group-5D788F7A274C: appendEntries* s0->s4#867-t1,previous=(t:1, i:218),leaderCommit=217,initializing? false,entries: size=1, first=(t:1, i:219), STATEMACHINELOGENTRY, StateMachineLogEntryProto:4540@client-04EF324C57E0
2024-09-10 06:20:06,815 DEBUG server.RaftServer$Division (RaftServerImpl.java:logAppendEntries(1539)) - s1@group-5D788F7A274C: appendEntries* reply s0<-s1#1246:OK-t1,SUCCESS,nextIndex=220,followerCommit=217,matchIndex=219
2024-09-10 06:20:06,815 DEBUG server.RaftServer$Division (RaftServerImpl.java:logAppendEntries(1539)) - s8@group-5D788F7A274C: appendEntries* reply s0<-s8#943:OK-t1,SUCCESS,nextIndex=220,followerCommit=217,matchIndex=219
2024-09-10 06:20:06,815 DEBUG server.RaftServer$Division (RaftServerImpl.java:logAppendEntries(1539)) - s11@group-5D788F7A274C: appendEntries* s0->s11#1013-t1,previous=(t:1, i:218),leaderCommit=217,initializing? false,entries: size=1, first=(t:1, i:219), STATEMACHINELOGENTRY, StateMachineLogEntryProto:4540@client-04EF324C57E0
2024-09-10 06:20:06,815 DEBUG server.RaftServer$Division (RaftServerImpl.java:logAppendEntries(1539)) - s3@group-5D788F7A274C: appendEntries* reply s0<-s3#955:OK-t1,SUCCESS,nextIndex=220,followerCommit=217,matchIndex=219
2024-09-10 06:20:06,816 DEBUG server.RaftServer$Division (RaftServerImpl.java:logAppendEntries(1539)) - s4@group-5D788F7A274C: appendEntries* reply s0<-s4#867:OK-t1,SUCCESS,nextIndex=220,followerCommit=217,matchIndex=219
2024-09-10 06:20:06,816 DEBUG server.RaftServer$Division (RaftServerImpl.java:logAppendEntries(1539)) - s11@group-5D788F7A274C: appendEntries* reply s0<-s11#1013:OK-t1,SUCCESS,nextIndex=220,followerCommit=217,matchIndex=219
2024-09-10 06:20:06,816 DEBUG server.RaftServer$Division (RaftServerImpl.java:logAppendEntries(1539)) - s2@group-5D788F7A274C: appendEntries* s0->s2#947-t1,previous=(t:1, i:218),leaderCommit=217,initializing? false,entries: size=1, first=(t:1, i:219), STATEMACHINELOGENTRY, StateMachineLogEntryProto:4540@client-04EF324C57E0
2024-09-10 06:20:06,816 DEBUG server.RaftServer$Division (RaftServerImpl.java:logAppendEntries(1539)) - s10@group-5D788F7A274C: appendEntries* s0->s10#1374-t1,previous=(t:1, i:218),leaderCommit=217,initializing? false,entries: size=1, first=(t:1, i:219), STATEMACHINELOGENTRY, StateMachineLogEntryProto:4540@client-04EF324C57E0
2024-09-10 06:20:06,816 DEBUG server.RaftServer$Division (RaftServerImpl.java:logAppendEntries(1539)) - s2@group-5D788F7A274C: appendEntries* reply s0<-s2#947:OK-t1,SUCCESS,nextIndex=220,followerCommit=217,matchIndex=219
2024-09-10 06:20:06,816 DEBUG server.RaftServer$Division (RaftServerImpl.java:logAppendEntries(1539)) - s12@group-5D788F7A274C: appendEntries* s0->s12#973-t1,previous=(t:1, i:218),leaderCommit=217,initializing? false,entries: size=1, first=(t:1, i:219), STATEMACHINELOGENTRY, StateMachineLogEntryProto:4540@client-04EF324C57E0
2024-09-10 06:20:06,816 DEBUG server.RaftServer$Division (RaftServerImpl.java:logAppendEntries(1539)) - s9@group-5D788F7A274C: appendEntries* s0->s9#954-t1,previous=(t:1, i:218),leaderCommit=217,initializing? false,entries: size=1, first=(t:1, i:219), STATEMACHINELOGENTRY, StateMachineLogEntryProto:4540@client-04EF324C57E0
2024-09-10 06:20:06,817 DEBUG server.RaftServer$Division (RaftServerImpl.java:logAppendEntries(1539)) - s10@group-5D788F7A274C: appendEntries* reply s0<-s10#1374:OK-t1,SUCCESS,nextIndex=220,followerCommit=217,matchIndex=219
2024-09-10 06:20:06,817 DEBUG server.RaftServer$Division (RaftServerImpl.java:logAppendEntries(1539)) - s12@group-5D788F7A274C: appendEntries* reply s0<-s12#973:OK-t1,SUCCESS,nextIndex=220,followerCommit=217,matchIndex=219
2024-09-10 06:20:06,817 DEBUG server.RaftServer$Division (RaftServerImpl.java:logAppendEntries(1539)) - s9@group-5D788F7A274C: appendEntries* reply s0<-s9#954:OK-t1,SUCCESS,nextIndex=220,followerCommit=217,matchIndex=219
2024-09-10 06:20:06,817 INFO  statemachine.StateMachine (ArithmeticStateMachine.java:applyTransaction(181)) - LEADER:s0-219: b = 6844 = 6844
2024-09-10 06:20:06,818 DEBUG server.RaftServer$Division (RaftServerImpl.java:logAppendEntries(1539)) - s13@group-5D788F7A274C: appendEntries* s0->s13#779-t1,previous=(t:1, i:219),leaderCommit=219,initializing? false,entries: size=1, first=(t:1, i:220), METADATAENTRY(c:219)
2024-09-10 06:20:06,818 DEBUG server.RaftServer$Division (RaftServerImpl.java:logAppendEntries(1539)) - s7@group-5D788F7A274C: appendEntries* s0->s7#740-t1,previous=(t:1, i:219),leaderCommit=219,initializing? false,entries: size=1, first=(t:1, i:220), METADATAENTRY(c:219)
2024-09-10 06:20:06,819 DEBUG server.RaftServer$Division (RaftServerImpl.java:logAppendEntries(1539)) - s13@group-5D788F7A274C: appendEntries* reply s0<-s13#779:OK-t1,SUCCESS,nextIndex=221,followerCommit=219,matchIndex=220
2024-09-10 06:20:06,819 DEBUG server.RaftServer$Division (RaftServerImpl.java:logAppendEntries(1539)) - s7@group-5D788F7A274C: appendEntries* reply s0<-s7#740:OK-t1,SUCCESS,nextIndex=221,followerCommit=219,matchIndex=220
2024-09-10 06:20:06,819 DEBUG server.RaftServer$Division (RaftServerImpl.java:logAppendEntries(1539)) - s6@group-5D788F7A274C: appendEntries* s0->s6#925-t1,previous=(t:1, i:219),leaderCommit=219,initializing? false,entries: size=1, first=(t:1, i:220), METADATAENTRY(c:219)
2024-09-10 06:20:06,820 DEBUG server.RaftServer$Division (RaftServerImpl.java:logAppendEntries(1539)) - s6@group-5D788F7A274C: appendEntries* reply s0<-s6#925:OK-t1,SUCCESS,nextIndex=221,followerCommit=219,matchIndex=220
2024-09-10 06:20:06,820 DEBUG server.RaftServer$Division (RaftServerImpl.java:logAppendEntries(1539)) - s5@group-5D788F7A274C: appendEntries* s0->s5#902-t1,previous=(t:1, i:219),leaderCommit=219,initializing? false,entries: size=1, first=(t:1, i:220), METADATAENTRY(c:219)
2024-09-10 06:20:06,820 DEBUG server.RaftServer$Division (RaftServerImpl.java:logAppendEntries(1539)) - s5@group-5D788F7A274C: appendEntries* reply s0<-s5#902:OK-t1,SUCCESS,nextIndex=221,followerCommit=219,matchIndex=220
2024-09-10 06:20:06,820 DEBUG server.RaftServer$Division (RaftServerImpl.java:logAppendEntries(1539)) - s4@group-5D788F7A274C: appendEntries* s0->s4#871-t1,previous=(t:1, i:219),leaderCommit=219,initializing? false,entries: size=1, first=(t:1, i:220), METADATAENTRY(c:219)
2024-09-10 06:20:06,820 DEBUG server.RaftServer$Division (RaftServerImpl.java:logAppendEntries(1539)) - s8@group-5D788F7A274C: appendEntries* s0->s8#949-t1,previous=(t:1, i:219),leaderCommit=219,initializing? false,entries: size=1, first=(t:1, i:220), METADATAENTRY(c:219)
2024-09-10 06:20:06,821 DEBUG server.RaftServer$Division (RaftServerImpl.java:logAppendEntries(1539)) - s11@group-5D788F7A274C: appendEntries* s0->s11#1018-t1,previous=(t:1, i:219),leaderCommit=219,initializing? false,entries: size=1, first=(t:1, i:220), METADATAENTRY(c:219)
2024-09-10 06:20:06,821 DEBUG server.RaftServer$Division (RaftServerImpl.java:logAppendEntries(1539)) - s1@group-5D788F7A274C: appendEntries* s0->s1#1255-t1,previous=(t:1, i:219),leaderCommit=219,initializing? false,entries: size=1, first=(t:1, i:220), METADATAENTRY(c:219)
2024-09-10 06:20:06,821 DEBUG server.RaftServer$Division (RaftServerImpl.java:logAppendEntries(1539)) - s4@group-5D788F7A274C: appendEntries* reply s0<-s4#871:OK-t1,SUCCESS,nextIndex=221,followerCommit=219,matchIndex=220
2024-09-10 06:20:06,821 DEBUG server.RaftServer$Division (RaftServerImpl.java:logAppendEntries(1539)) - s8@group-5D788F7A274C: appendEntries* reply s0<-s8#949:OK-t1,SUCCESS,nextIndex=221,followerCommit=219,matchIndex=220
2024-09-10 06:20:06,821 DEBUG server.RaftServer$Division (RaftServerImpl.java:logAppendEntries(1539)) - s11@group-5D788F7A274C: appendEntries* reply s0<-s11#1018:OK-t1,SUCCESS,nextIndex=221,followerCommit=219,matchIndex=220
2024-09-10 06:20:06,821 DEBUG server.RaftServer$Division (RaftServerImpl.java:logAppendEntries(1539)) - s2@group-5D788F7A274C: appendEntries* s0->s2#955-t1,previous=(t:1, i:219),leaderCommit=219,initializing? false,entries: size=1, first=(t:1, i:220), METADATAENTRY(c:219)
2024-09-10 06:20:06,821 DEBUG server.RaftServer$Division (RaftServerImpl.java:logAppendEntries(1539)) - s1@group-5D788F7A274C: appendEntries* reply s0<-s1#1255:OK-t1,SUCCESS,nextIndex=221,followerCommit=219,matchIndex=220
2024-09-10 06:20:06,822 DEBUG server.RaftServer$Division (RaftServerImpl.java:logAppendEntries(1539)) - s10@group-5D788F7A274C: appendEntries* s0->s10#1381-t1,previous=(t:1, i:219),leaderCommit=219,initializing? false,entries: size=1, first=(t:1, i:220), METADATAENTRY(c:219)
2024-09-10 06:20:06,822 DEBUG server.RaftServer$Division (RaftServerImpl.java:logAppendEntries(1539)) - s9@group-5D788F7A274C: appendEntries* s0->s9#962-t1,previous=(t:1, i:219),leaderCommit=219,initializing? false,entries: size=1, first=(t:1, i:220), METADATAENTRY(c:219)
2024-09-10 06:20:06,822 DEBUG server.RaftServer$Division (RaftServerImpl.java:logAppendEntries(1539)) - s2@group-5D788F7A274C: appendEntries* reply s0<-s2#955:OK-t1,SUCCESS,nextIndex=221,followerCommit=219,matchIndex=220
2024-09-10 06:20:06,822 DEBUG server.RaftServer$Division (RaftServerImpl.java:logAppendEntries(1539)) - s9@group-5D788F7A274C: appendEntries* reply s0<-s9#962:OK-t1,SUCCESS,nextIndex=221,followerCommit=219,matchIndex=220
2024-09-10 06:20:06,822 DEBUG server.RaftServer$Division (RaftServerImpl.java:logAppendEntries(1539)) - s10@group-5D788F7A274C: appendEntries* reply s0<-s10#1381:OK-t1,SUCCESS,nextIndex=221,followerCommit=219,matchIndex=220
2024-09-10 06:20:06,822 DEBUG server.RaftServer$Division (RaftServerImpl.java:logAppendEntries(1539)) - s12@group-5D788F7A274C: appendEntries* s0->s12#980-t1,previous=(t:1, i:219),leaderCommit=219,initializing? false,entries: size=1, first=(t:1, i:220), METADATAENTRY(c:219)
2024-09-10 06:20:06,822 DEBUG server.RaftServer$Division (RaftServerImpl.java:logAppendEntries(1539)) - s14@group-5D788F7A274C: appendEntries* s0->s14#654-t1,previous=(t:1, i:219),leaderCommit=219,initializing? false,entries: size=1, first=(t:1, i:220), METADATAENTRY(c:219)
2024-09-10 06:20:06,823 DEBUG server.RaftServer$Division (RaftServerImpl.java:logAppendEntries(1539)) - s12@group-5D788F7A274C: appendEntries* reply s0<-s12#980:OK-t1,SUCCESS,nextIndex=221,followerCommit=219,matchIndex=220
2024-09-10 06:20:06,823 DEBUG server.RaftServer$Division (RaftServerImpl.java:logAppendEntries(1539)) - s3@group-5D788F7A274C: appendEntries* s0->s3#964-t1,previous=(t:1, i:219),leaderCommit=219,initializing? false,entries: size=1, first=(t:1, i:220), METADATAENTRY(c:219)
2024-09-10 06:20:06,823 DEBUG server.RaftServer$Division (RaftServerImpl.java:logAppendEntries(1539)) - s14@group-5D788F7A274C: appendEntries* reply s0<-s14#654:OK-t1,SUCCESS,nextIndex=221,followerCommit=219,matchIndex=220
2024-09-10 06:20:06,823 DEBUG server.RaftServer$Division (RaftServerImpl.java:submitClientRequestAsync(910)) - s0@group-5D788F7A274C: receive client request(RaftClientRequest:client-04EF324C57E0->s0@group-5D788F7A274C, cid=4541, seq=null, RW, Message:01016304010300040201...(size=17))
2024-09-10 06:20:06,823 DEBUG server.RaftServer$Division (LeaderStateImpl.java:addPendingRequest(532)) - s0@group-5D788F7A274C-LeaderStateImpl: addPendingRequest at RaftClientRequest:client-04EF324C57E0->s0@group-5D788F7A274C, cid=4541, seq=null, RW, Message:01016304010300040201...(size=17), entry=(t:1, i:221), STATEMACHINELOGENTRY, WRITE: logData.size=17, stateMachineData.size=0, logEntryProtoSerializedSize=0
2024-09-10 06:20:06,824 DEBUG server.RaftServer$Division (RaftServerImpl.java:logAppendEntries(1539)) - s3@group-5D788F7A274C: appendEntries* reply s0<-s3#964:OK-t1,SUCCESS,nextIndex=221,followerCommit=219,matchIndex=220
2024-09-10 06:20:06,824 DEBUG server.RaftServer$Division (RaftServerImpl.java:logAppendEntries(1539)) - s13@group-5D788F7A274C: appendEntries* s0->s13#781-t1,previous=(t:1, i:220),leaderCommit=219,initializing? false,entries: size=1, first=(t:1, i:221), STATEMACHINELOGENTRY, StateMachineLogEntryProto:4541@client-04EF324C57E0
2024-09-10 06:20:06,825 DEBUG server.RaftServer$Division (RaftServerImpl.java:logAppendEntries(1539)) - s1@group-5D788F7A274C: appendEntries* s0->s1#1262-t1,previous=(t:1, i:220),leaderCommit=219,initializing? false,entries: size=1, first=(t:1, i:221), STATEMACHINELOGENTRY, StateMachineLogEntryProto:4541@client-04EF324C57E0
2024-09-10 06:20:06,825 DEBUG server.RaftServer$Division (RaftServerImpl.java:logAppendEntries(1539)) - s7@group-5D788F7A274C: appendEntries* s0->s7#743-t1,previous=(t:1, i:220),leaderCommit=219,initializing? false,entries: size=1, first=(t:1, i:221), STATEMACHINELOGENTRY, StateMachineLogEntryProto:4541@client-04EF324C57E0
2024-09-10 06:20:06,825 DEBUG server.RaftServer$Division (RaftServerImpl.java:logAppendEntries(1539)) - s13@group-5D788F7A274C: appendEntries* reply s0<-s13#781:OK-t1,SUCCESS,nextIndex=222,followerCommit=219,matchIndex=221
2024-09-10 06:20:06,825 DEBUG server.RaftServer$Division (RaftServerImpl.java:logAppendEntries(1539)) - s14@group-5D788F7A274C: appendEntries* s0->s14#661-t1,previous=(t:1, i:220),leaderCommit=219,initializing? false,entries: size=1, first=(t:1, i:221), STATEMACHINELOGENTRY, StateMachineLogEntryProto:4541@client-04EF324C57E0
2024-09-10 06:20:06,825 DEBUG server.RaftServer$Division (RaftServerImpl.java:logAppendEntries(1539)) - s1@group-5D788F7A274C: appendEntries* reply s0<-s1#1262:OK-t1,SUCCESS,nextIndex=222,followerCommit=219,matchIndex=221
2024-09-10 06:20:06,825 DEBUG server.RaftServer$Division (RaftServerImpl.java:logAppendEntries(1539)) - s14@group-5D788F7A274C: appendEntries* reply s0<-s14#661:OK-t1,SUCCESS,nextIndex=222,followerCommit=219,matchIndex=221
2024-09-10 06:20:06,825 DEBUG server.RaftServer$Division (RaftServerImpl.java:logAppendEntries(1539)) - s7@group-5D788F7A274C: appendEntries* reply s0<-s7#743:OK-t1,SUCCESS,nextIndex=222,followerCommit=219,matchIndex=221
2024-09-10 06:20:06,826 DEBUG server.RaftServer$Division (RaftServerImpl.java:logAppendEntries(1539)) - s8@group-5D788F7A274C: appendEntries* s0->s8#957-t1,previous=(t:1, i:220),leaderCommit=219,initializing? false,entries: size=1, first=(t:1, i:221), STATEMACHINELOGENTRY, StateMachineLogEntryProto:4541@client-04EF324C57E0
2024-09-10 06:20:06,826 DEBUG server.RaftServer$Division (RaftServerImpl.java:logAppendEntries(1539)) - s11@group-5D788F7A274C: appendEntries* s0->s11#1026-t1,previous=(t:1, i:220),leaderCommit=219,initializing? false,entries: size=1, first=(t:1, i:221), STATEMACHINELOGENTRY, StateMachineLogEntryProto:4541@client-04EF324C57E0
2024-09-10 06:20:06,826 DEBUG server.RaftServer$Division (RaftServerImpl.java:logAppendEntries(1539)) - s8@group-5D788F7A274C: appendEntries* reply s0<-s8#957:OK-t1,SUCCESS,nextIndex=222,followerCommit=219,matchIndex=221
2024-09-10 06:20:06,827 DEBUG server.RaftServer$Division (RaftServerImpl.java:logAppendEntries(1539)) - s4@group-5D788F7A274C: appendEntries* s0->s4#880-t1,previous=(t:1, i:220),leaderCommit=219,initializing? false,entries: size=1, first=(t:1, i:221), STATEMACHINELOGENTRY, StateMachineLogEntryProto:4541@client-04EF324C57E0
2024-09-10 06:20:06,827 DEBUG server.RaftServer$Division (RaftServerImpl.java:logAppendEntries(1539)) - s3@group-5D788F7A274C: appendEntries* s0->s3#971-t1,previous=(t:1, i:220),leaderCommit=219,initializing? false,entries: size=1, first=(t:1, i:221), STATEMACHINELOGENTRY, StateMachineLogEntryProto:4541@client-04EF324C57E0
2024-09-10 06:20:06,827 DEBUG server.RaftServer$Division (RaftServerImpl.java:logAppendEntries(1539)) - s11@group-5D788F7A274C: appendEntries* reply s0<-s11#1026:OK-t1,SUCCESS,nextIndex=222,followerCommit=219,matchIndex=221
2024-09-10 06:20:06,827 DEBUG server.RaftServer$Division (RaftServerImpl.java:logAppendEntries(1539)) - s4@group-5D788F7A274C: appendEntries* reply s0<-s4#880:OK-t1,SUCCESS,nextIndex=222,followerCommit=219,matchIndex=221
2024-09-10 06:20:06,827 DEBUG server.RaftServer$Division (RaftServerImpl.java:logAppendEntries(1539)) - s5@group-5D788F7A274C: appendEntries* s0->s5#907-t1,previous=(t:1, i:220),leaderCommit=219,initializing? false,entries: size=1, first=(t:1, i:221), STATEMACHINELOGENTRY, StateMachineLogEntryProto:4541@client-04EF324C57E0
2024-09-10 06:20:06,827 DEBUG server.RaftServer$Division (RaftServerImpl.java:logAppendEntries(1539)) - s10@group-5D788F7A274C: appendEntries* s0->s10#1390-t1,previous=(t:1, i:220),leaderCommit=219,initializing? false,entries: size=1, first=(t:1, i:221), STATEMACHINELOGENTRY, StateMachineLogEntryProto:4541@client-04EF324C57E0
2024-09-10 06:20:06,827 DEBUG server.RaftServer$Division (RaftServerImpl.java:logAppendEntries(1539)) - s3@group-5D788F7A274C: appendEntries* reply s0<-s3#971:OK-t1,SUCCESS,nextIndex=222,followerCommit=219,matchIndex=221
2024-09-10 06:20:06,828 DEBUG server.RaftServer$Division (RaftServerImpl.java:logAppendEntries(1539)) - s10@group-5D788F7A274C: appendEntries* reply s0<-s10#1390:OK-t1,SUCCESS,nextIndex=222,followerCommit=219,matchIndex=221
2024-09-10 06:20:06,828 DEBUG server.RaftServer$Division (RaftServerImpl.java:logAppendEntries(1539)) - s6@group-5D788F7A274C: appendEntries* s0->s6#931-t1,previous=(t:1, i:220),leaderCommit=219,initializing? false,entries: size=1, first=(t:1, i:221), STATEMACHINELOGENTRY, StateMachineLogEntryProto:4541@client-04EF324C57E0
2024-09-10 06:20:06,828 DEBUG server.RaftServer$Division (RaftServerImpl.java:logAppendEntries(1539)) - s5@group-5D788F7A274C: appendEntries* reply s0<-s5#907:OK-t1,SUCCESS,nextIndex=222,followerCommit=219,matchIndex=221
2024-09-10 06:20:06,828 INFO  statemachine.StateMachine (ArithmeticStateMachine.java:applyTransaction(181)) - LEADER:s0-221: c = √(a^2 + b^2) = 6845
2024-09-10 06:20:06,828 DEBUG server.RaftServer$Division (RaftServerImpl.java:logAppendEntries(1539)) - s12@group-5D788F7A274C: appendEntries* s0->s12#988-t1,previous=(t:1, i:220),leaderCommit=219,initializing? false,entries: size=1, first=(t:1, i:221), STATEMACHINELOGENTRY, StateMachineLogEntryProto:4541@client-04EF324C57E0
2024-09-10 06:20:06,829 DEBUG server.RaftServer$Division (RaftServerImpl.java:logAppendEntries(1539)) - s13@group-5D788F7A274C: appendEntries* s0->s13#789-t1,previous=(t:1, i:221),leaderCommit=221,initializing? false,entries: size=1, first=(t:1, i:222), METADATAENTRY(c:221)
2024-09-10 06:20:06,829 DEBUG server.RaftServer$Division (RaftServerImpl.java:logAppendEntries(1539)) - s6@group-5D788F7A274C: appendEntries* reply s0<-s6#931:OK-t1,SUCCESS,nextIndex=222,followerCommit=219,matchIndex=221
2024-09-10 06:20:06,829 DEBUG server.RaftServer$Division (RaftServerImpl.java:logAppendEntries(1539)) - s7@group-5D788F7A274C: appendEntries* s0->s7#749-t1,previous=(t:1, i:221),leaderCommit=221,initializing? false,entries: size=1, first=(t:1, i:222), METADATAENTRY(c:221)
2024-09-10 06:20:06,829 DEBUG server.RaftServer$Division (RaftServerImpl.java:logAppendEntries(1539)) - s12@group-5D788F7A274C: appendEntries* reply s0<-s12#988:OK-t1,SUCCESS,nextIndex=222,followerCommit=219,matchIndex=221
2024-09-10 06:20:06,829 DEBUG server.RaftServer$Division (RaftServerImpl.java:logAppendEntries(1539)) - s7@group-5D788F7A274C: appendEntries* reply s0<-s7#749:OK-t1,SUCCESS,nextIndex=223,followerCommit=221,matchIndex=222
2024-09-10 06:20:06,830 DEBUG server.RaftServer$Division (RaftServerImpl.java:logAppendEntries(1539)) - s5@group-5D788F7A274C: appendEntries* s0->s5#914-t1,previous=(t:1, i:221),leaderCommit=221,initializing? false,entries: size=1, first=(t:1, i:222), METADATAENTRY(c:221)
2024-09-10 06:20:06,830 DEBUG server.RaftServer$Division (RaftServerImpl.java:logAppendEntries(1539)) - s13@group-5D788F7A274C: appendEntries* reply s0<-s13#789:OK-t1,SUCCESS,nextIndex=223,followerCommit=221,matchIndex=222
2024-09-10 06:20:06,830 DEBUG server.RaftServer$Division (RaftServerImpl.java:logAppendEntries(1539)) - s6@group-5D788F7A274C: appendEntries* s0->s6#937-t1,previous=(t:1, i:221),leaderCommit=221,initializing? false,entries: size=1, first=(t:1, i:222), METADATAENTRY(c:221)
2024-09-10 06:20:06,830 DEBUG server.RaftServer$Division (RaftServerImpl.java:logAppendEntries(1539)) - s5@group-5D788F7A274C: appendEntries* reply s0<-s5#914:OK-t1,SUCCESS,nextIndex=223,followerCommit=221,matchIndex=222
2024-09-10 06:20:06,830 DEBUG server.RaftServer$Division (RaftServerImpl.java:logAppendEntries(1539)) - s6@group-5D788F7A274C: appendEntries* reply s0<-s6#937:OK-t1,SUCCESS,nextIndex=223,followerCommit=221,matchIndex=222
2024-09-10 06:20:06,831 DEBUG server.RaftServer$Division (RaftServerImpl.java:logAppendEntries(1539)) - s2@group-5D788F7A274C: appendEntries* s0->s2#963-t1,previous=(t:1, i:220),leaderCommit=220,initializing? false,entries: size=1, first=(t:1, i:221), STATEMACHINELOGENTRY, StateMachineLogEntryProto:4541@client-04EF324C57E0
2024-09-10 06:20:06,831 DEBUG server.RaftServer$Division (RaftServerImpl.java:logAppendEntries(1539)) - s9@group-5D788F7A274C: appendEntries* s0->s9#970-t1,previous=(t:1, i:220),leaderCommit=220,initializing? false,entries: size=1, first=(t:1, i:221), STATEMACHINELOGENTRY, StateMachineLogEntryProto:4541@client-04EF324C57E0
2024-09-10 06:20:06,831 DEBUG server.RaftServer$Division (RaftServerImpl.java:logAppendEntries(1539)) - s14@group-5D788F7A274C: appendEntries* s0->s14#667-t1,previous=(t:1, i:221),leaderCommit=221,initializing? false,entries: size=1, first=(t:1, i:222), METADATAENTRY(c:221)
2024-09-10 06:20:06,832 DEBUG server.RaftServer$Division (RaftServerImpl.java:logAppendEntries(1539)) - s9@group-5D788F7A274C: appendEntries* reply s0<-s9#970:OK-t1,SUCCESS,nextIndex=222,followerCommit=220,matchIndex=221
2024-09-10 06:20:06,832 DEBUG server.RaftServer$Division (RaftServerImpl.java:logAppendEntries(1539)) - s2@group-5D788F7A274C: appendEntries* reply s0<-s2#963:OK-t1,SUCCESS,nextIndex=222,followerCommit=220,matchIndex=221
2024-09-10 06:20:06,832 DEBUG server.RaftServer$Division (RaftServerImpl.java:logAppendEntries(1539)) - s2@group-5D788F7A274C: appendEntries* s0->s2#968-t1,previous=(t:1, i:221),leaderCommit=221,initializing? false,entries: size=1, first=(t:1, i:222), METADATAENTRY(c:221)
2024-09-10 06:20:06,832 DEBUG server.RaftServer$Division (RaftServerImpl.java:logAppendEntries(1539)) - s14@group-5D788F7A274C: appendEntries* reply s0<-s14#667:OK-t1,SUCCESS,nextIndex=223,followerCommit=221,matchIndex=222
2024-09-10 06:20:06,832 DEBUG server.RaftServer$Division (RaftServerImpl.java:logAppendEntries(1539)) - s9@group-5D788F7A274C: appendEntries* s0->s9#975-t1,previous=(t:1, i:221),leaderCommit=221,initializing? false,entries: size=1, first=(t:1, i:222), METADATAENTRY(c:221)
2024-09-10 06:20:06,832 DEBUG server.RaftServer$Division (RaftServerImpl.java:logAppendEntries(1539)) - s4@group-5D788F7A274C: appendEntries* s0->s4#887-t1,previous=(t:1, i:221),leaderCommit=221,initializing? false,entries: size=1, first=(t:1, i:222), METADATAENTRY(c:221)
2024-09-10 06:20:06,832 DEBUG server.RaftServer$Division (RaftServerImpl.java:logAppendEntries(1539)) - s3@group-5D788F7A274C: appendEntries* s0->s3#977-t1,previous=(t:1, i:221),leaderCommit=221,initializing? false,entries: size=1, first=(t:1, i:222), METADATAENTRY(c:221)
2024-09-10 06:20:06,833 DEBUG server.RaftServer$Division (RaftServerImpl.java:logAppendEntries(1539)) - s2@group-5D788F7A274C: appendEntries* reply s0<-s2#968:OK-t1,SUCCESS,nextIndex=223,followerCommit=221,matchIndex=222
2024-09-10 06:20:06,833 DEBUG server.RaftServer$Division (RaftServerImpl.java:logAppendEntries(1539)) - s10@group-5D788F7A274C: appendEntries* s0->s10#1397-t1,previous=(t:1, i:221),leaderCommit=221,initializing? false,entries: size=1, first=(t:1, i:222), METADATAENTRY(c:221)
2024-09-10 06:20:06,833 DEBUG server.RaftServer$Division (RaftServerImpl.java:logAppendEntries(1539)) - s1@group-5D788F7A274C: appendEntries* s0->s1#1269-t1,previous=(t:1, i:221),leaderCommit=221,initializing? false,entries: size=1, first=(t:1, i:222), METADATAENTRY(c:221)
2024-09-10 06:20:06,833 DEBUG server.RaftServer$Division (RaftServerImpl.java:logAppendEntries(1539)) - s11@group-5D788F7A274C: appendEntries* s0->s11#1033-t1,previous=(t:1, i:221),leaderCommit=221,initializing? false,entries: size=1, first=(t:1, i:222), METADATAENTRY(c:221)
2024-09-10 06:20:06,833 DEBUG server.RaftServer$Division (RaftServerImpl.java:logAppendEntries(1539)) - s8@group-5D788F7A274C: appendEntries* s0->s8#964-t1,previous=(t:1, i:221),leaderCommit=221,initializing? false,entries: size=1, first=(t:1, i:222), METADATAENTRY(c:221)
2024-09-10 06:20:06,835 DEBUG server.RaftServer$Division (RaftServerImpl.java:logAppendEntries(1539)) - s12@group-5D788F7A274C: appendEntries* s0->s12#994-t1,previous=(t:1, i:221),leaderCommit=221,initializing? false,entries: size=1, first=(t:1, i:222), METADATAENTRY(c:221)
2024-09-10 06:20:06,835 DEBUG server.RaftServer$Division (RaftServerImpl.java:submitClientRequestAsync(910)) - s0@group-5D788F7A274C: receive client request(RaftClientRequest:client-04EF324C57E0->s0@group-5D788F7A274C, cid=4542, seq=null, RW, Message:01016100)
2024-09-10 06:20:06,835 DEBUG server.RaftServer$Division (LeaderStateImpl.java:addPendingRequest(532)) - s0@group-5D788F7A274C-LeaderStateImpl: addPendingRequest at RaftClientRequest:client-04EF324C57E0->s0@group-5D788F7A274C, cid=4542, seq=null, RW, Message:01016100, entry=(t:1, i:223), STATEMACHINELOGENTRY, WRITE: logData.size=4, stateMachineData.size=0, logEntryProtoSerializedSize=0
2024-09-10 06:20:06,836 DEBUG server.RaftServer$Division (RaftServerImpl.java:logAppendEntries(1539)) - s6@group-5D788F7A274C: appendEntries* s0->s6#941-t1,previous=(t:1, i:222),leaderCommit=221,initializing? false,entries: size=1, first=(t:1, i:223), STATEMACHINELOGENTRY, StateMachineLogEntryProto:4542@client-04EF324C57E0
2024-09-10 06:20:06,836 DEBUG server.RaftServer$Division (RaftServerImpl.java:logAppendEntries(1539)) - s1@group-5D788F7A274C: appendEntries* s0->s1#1277-t1,previous=(t:1, i:222),leaderCommit=221,initializing? false,entries: size=1, first=(t:1, i:223), STATEMACHINELOGENTRY, StateMachineLogEntryProto:4542@client-04EF324C57E0
2024-09-10 06:20:06,836 DEBUG server.RaftServer$Division (RaftServerImpl.java:logAppendEntries(1539)) - s5@group-5D788F7A274C: appendEntries* s0->s5#918-t1,previous=(t:1, i:222),leaderCommit=221,initializing? false,entries: size=1, first=(t:1, i:223), STATEMACHINELOGENTRY, StateMachineLogEntryProto:4542@client-04EF324C57E0
2024-09-10 06:20:06,837 DEBUG server.RaftServer$Division (RaftServerImpl.java:logAppendEntries(1539)) - s13@group-5D788F7A274C: appendEntries* s0->s13#791-t1,previous=(t:1, i:222),leaderCommit=221,initializing? false,entries: size=1, first=(t:1, i:223), STATEMACHINELOGENTRY, StateMachineLogEntryProto:4542@client-04EF324C57E0
2024-09-10 06:20:06,837 DEBUG server.RaftServer$Division (RaftServerImpl.java:logAppendEntries(1539)) - s11@group-5D788F7A274C: appendEntries* s0->s11#1040-t1,previous=(t:1, i:222),leaderCommit=221,initializing? false,entries: size=1, first=(t:1, i:223), STATEMACHINELOGENTRY, StateMachineLogEntryProto:4542@client-04EF324C57E0
2024-09-10 06:20:06,837 DEBUG server.RaftServer$Division (RaftServerImpl.java:logAppendEntries(1539)) - s7@group-5D788F7A274C: appendEntries* s0->s7#751-t1,previous=(t:1, i:222),leaderCommit=221,initializing? false,entries: size=1, first=(t:1, i:223), STATEMACHINELOGENTRY, StateMachineLogEntryProto:4542@client-04EF324C57E0
2024-09-10 06:20:06,837 DEBUG server.RaftServer$Division (RaftServerImpl.java:logAppendEntries(1539)) - s10@group-5D788F7A274C: appendEntries* s0->s10#1406-t1,previous=(t:1, i:222),leaderCommit=221,initializing? false,entries: size=1, first=(t:1, i:223), STATEMACHINELOGENTRY, StateMachineLogEntryProto:4542@client-04EF324C57E0
2024-09-10 06:20:06,837 DEBUG server.RaftServer$Division (RaftServerImpl.java:logAppendEntries(1539)) - s2@group-5D788F7A274C: appendEntries* s0->s2#976-t1,previous=(t:1, i:222),leaderCommit=221,initializing? false,entries: size=1, first=(t:1, i:223), STATEMACHINELOGENTRY, StateMachineLogEntryProto:4542@client-04EF324C57E0
2024-09-10 06:20:06,837 DEBUG server.RaftServer$Division (RaftServerImpl.java:logAppendEntries(1539)) - s13@group-5D788F7A274C: appendEntries* reply s0<-s13#791:OK-t1,SUCCESS,nextIndex=224,followerCommit=221,matchIndex=223
2024-09-10 06:20:06,837 DEBUG server.RaftServer$Division (RaftServerImpl.java:logAppendEntries(1539)) - s6@group-5D788F7A274C: appendEntries* reply s0<-s6#941:OK-t1,SUCCESS,nextIndex=224,followerCommit=221,matchIndex=223
2024-09-10 06:20:06,837 DEBUG server.RaftServer$Division (RaftServerImpl.java:logAppendEntries(1539)) - s4@group-5D788F7A274C: appendEntries* reply s0<-s4#887:OK-t1,SUCCESS,nextIndex=223,followerCommit=221,matchIndex=222
2024-09-10 06:20:06,837 DEBUG server.RaftServer$Division (RaftServerImpl.java:logAppendEntries(1539)) - s3@group-5D788F7A274C: appendEntries* reply s0<-s3#977:OK-t1,SUCCESS,nextIndex=223,followerCommit=221,matchIndex=222
2024-09-10 06:20:06,838 DEBUG server.RaftServer$Division (RaftServerImpl.java:logAppendEntries(1539)) - s11@group-5D788F7A274C: appendEntries* reply s0<-s11#1040:OK-t1,SUCCESS,nextIndex=224,followerCommit=221,matchIndex=223
2024-09-10 06:20:06,838 DEBUG server.RaftServer$Division (RaftServerImpl.java:logAppendEntries(1539)) - s1@group-5D788F7A274C: appendEntries* reply s0<-s1#1277:OK-t1,SUCCESS,nextIndex=224,followerCommit=221,matchIndex=223
2024-09-10 06:20:06,837 DEBUG server.RaftServer$Division (RaftServerImpl.java:logAppendEntries(1539)) - s9@group-5D788F7A274C: appendEntries* reply s0<-s9#975:OK-t1,SUCCESS,nextIndex=223,followerCommit=221,matchIndex=222
2024-09-10 06:20:06,837 DEBUG server.RaftServer$Division (RaftServerImpl.java:logAppendEntries(1539)) - s9@group-5D788F7A274C: appendEntries* s0->s9#983-t1,previous=(t:1, i:222),leaderCommit=221,initializing? false,entries: size=1, first=(t:1, i:223), STATEMACHINELOGENTRY, StateMachineLogEntryProto:4542@client-04EF324C57E0
2024-09-10 06:20:06,838 DEBUG server.RaftServer$Division (RaftServerImpl.java:logAppendEntries(1539)) - s12@group-5D788F7A274C: appendEntries* reply s0<-s12#994:OK-t1,SUCCESS,nextIndex=223,followerCommit=221,matchIndex=222
2024-09-10 06:20:06,838 DEBUG server.RaftServer$Division (RaftServerImpl.java:logAppendEntries(1539)) - s10@group-5D788F7A274C: appendEntries* reply s0<-s10#1406:OK-t1,SUCCESS,nextIndex=224,followerCommit=221,matchIndex=223
2024-09-10 06:20:06,838 DEBUG server.RaftServer$Division (RaftServerImpl.java:logAppendEntries(1539)) - s14@group-5D788F7A274C: appendEntries* s0->s14#672-t1,previous=(t:1, i:222),leaderCommit=221,initializing? false,entries: size=1, first=(t:1, i:223), STATEMACHINELOGENTRY, StateMachineLogEntryProto:4542@client-04EF324C57E0
2024-09-10 06:20:06,838 DEBUG server.RaftServer$Division (RaftServerImpl.java:logAppendEntries(1539)) - s9@group-5D788F7A274C: appendEntries* reply s0<-s9#983:OK-t1,SUCCESS,nextIndex=224,followerCommit=221,matchIndex=223
2024-09-10 06:20:06,838 DEBUG server.RaftServer$Division (RaftServerImpl.java:logAppendEntries(1539)) - s4@group-5D788F7A274C: appendEntries* s0->s4#895-t1,previous=(t:1, i:222),leaderCommit=221,initializing? false,entries: size=1, first=(t:1, i:223), STATEMACHINELOGENTRY, StateMachineLogEntryProto:4542@client-04EF324C57E0
2024-09-10 06:20:06,839 DEBUG server.RaftServer$Division (RaftServerImpl.java:logAppendEntries(1539)) - s12@group-5D788F7A274C: appendEntries* s0->s12#1002-t1,previous=(t:1, i:222),leaderCommit=221,initializing? false,entries: size=1, first=(t:1, i:223), STATEMACHINELOGENTRY, StateMachineLogEntryProto:4542@client-04EF324C57E0
2024-09-10 06:20:06,838 DEBUG server.RaftServer$Division (RaftServerImpl.java:logAppendEntries(1539)) - s5@group-5D788F7A274C: appendEntries* reply s0<-s5#918:OK-t1,SUCCESS,nextIndex=224,followerCommit=221,matchIndex=223
2024-09-10 06:20:06,838 DEBUG server.RaftServer$Division (RaftServerImpl.java:logAppendEntries(1539)) - s8@group-5D788F7A274C: appendEntries* s0->s8#971-t1,previous=(t:1, i:222),leaderCommit=221,initializing? false,entries: size=1, first=(t:1, i:223), STATEMACHINELOGENTRY, StateMachineLogEntryProto:4542@client-04EF324C57E0
2024-09-10 06:20:06,839 DEBUG server.RaftServer$Division (RaftServerImpl.java:logAppendEntries(1539)) - s4@group-5D788F7A274C: appendEntries* reply s0<-s4#895:OK-t1,SUCCESS,nextIndex=224,followerCommit=221,matchIndex=223
2024-09-10 06:20:06,839 DEBUG server.RaftServer$Division (RaftServerImpl.java:logAppendEntries(1539)) - s8@group-5D788F7A274C: appendEntries* reply s0<-s8#971:OK-t1,SUCCESS,nextIndex=224,followerCommit=221,matchIndex=223
2024-09-10 06:20:06,838 DEBUG server.RaftServer$Division (RaftServerImpl.java:logAppendEntries(1539)) - s11@group-5D788F7A274C: appendEntries* reply s0<-s11#1033:OK-t1,SUCCESS,nextIndex=223,followerCommit=221,matchIndex=222
2024-09-10 06:20:06,838 DEBUG server.RaftServer$Division (RaftServerImpl.java:logAppendEntries(1539)) - s7@group-5D788F7A274C: appendEntries* reply s0<-s7#751:OK-t1,SUCCESS,nextIndex=224,followerCommit=221,matchIndex=223
2024-09-10 06:20:06,838 DEBUG server.RaftServer$Division (RaftServerImpl.java:logAppendEntries(1539)) - s2@group-5D788F7A274C: appendEntries* reply s0<-s2#976:OK-t1,SUCCESS,nextIndex=224,followerCommit=221,matchIndex=223
2024-09-10 06:20:06,837 DEBUG server.RaftServer$Division (RaftServerImpl.java:logAppendEntries(1539)) - s1@group-5D788F7A274C: appendEntries* reply s0<-s1#1269:OK-t1,SUCCESS,nextIndex=223,followerCommit=221,matchIndex=222
2024-09-10 06:20:06,837 DEBUG server.RaftServer$Division (RaftServerImpl.java:logAppendEntries(1539)) - s10@group-5D788F7A274C: appendEntries* reply s0<-s10#1397:OK-t1,SUCCESS,nextIndex=223,followerCommit=221,matchIndex=222
2024-09-10 06:20:06,837 DEBUG server.RaftServer$Division (RaftServerImpl.java:logAppendEntries(1539)) - s8@group-5D788F7A274C: appendEntries* reply s0<-s8#964:OK-t1,SUCCESS,nextIndex=223,followerCommit=221,matchIndex=222
2024-09-10 06:20:06,840 DEBUG server.RaftServer$Division (RaftServerImpl.java:logAppendEntries(1539)) - s12@group-5D788F7A274C: appendEntries* reply s0<-s12#1002:OK-t1,SUCCESS,nextIndex=224,followerCommit=221,matchIndex=223
2024-09-10 06:20:06,839 DEBUG server.RaftServer$Division (RaftServerImpl.java:logAppendEntries(1539)) - s3@group-5D788F7A274C: appendEntries* s0->s3#985-t1,previous=(t:1, i:222),leaderCommit=221,initializing? false,entries: size=1, first=(t:1, i:223), STATEMACHINELOGENTRY, StateMachineLogEntryProto:4542@client-04EF324C57E0
2024-09-10 06:20:06,839 DEBUG server.RaftServer$Division (RaftServerImpl.java:logAppendEntries(1539)) - s14@group-5D788F7A274C: appendEntries* reply s0<-s14#672:OK-t1,SUCCESS,nextIndex=224,followerCommit=221,matchIndex=223
2024-09-10 06:20:06,841 INFO  statemachine.StateMachine (ArithmeticStateMachine.java:applyTransaction(181)) - LEADER:s0-223: a = null = null
2024-09-10 06:20:06,841 DEBUG server.RaftServer$Division (RaftServerImpl.java:logAppendEntries(1539)) - s3@group-5D788F7A274C: appendEntries* reply s0<-s3#985:OK-t1,SUCCESS,nextIndex=224,followerCommit=221,matchIndex=223
2024-09-10 06:20:06,841 DEBUG server.RaftServer$Division (RaftServerImpl.java:logAppendEntries(1539)) - s13@group-5D788F7A274C: appendEntries* s0->s13#796-t1,previous=(t:1, i:223),leaderCommit=223,initializing? false,entries: size=1, first=(t:1, i:224), METADATAENTRY(c:223)
2024-09-10 06:20:06,841 DEBUG server.RaftServer$Division (RaftServerImpl.java:logAppendEntries(1539)) - s7@group-5D788F7A274C: appendEntries* s0->s7#757-t1,previous=(t:1, i:223),leaderCommit=223,initializing? false,entries: size=1, first=(t:1, i:224), METADATAENTRY(c:223)
2024-09-10 06:20:06,842 DEBUG server.RaftServer$Division (RaftServerImpl.java:logAppendEntries(1539)) - s5@group-5D788F7A274C: appendEntries* s0->s5#923-t1,previous=(t:1, i:223),leaderCommit=223,initializing? false,entries: size=1, first=(t:1, i:224), METADATAENTRY(c:223)
2024-09-10 06:20:06,842 DEBUG server.RaftServer$Division (RaftServerImpl.java:logAppendEntries(1539)) - s13@group-5D788F7A274C: appendEntries* reply s0<-s13#796:OK-t1,SUCCESS,nextIndex=225,followerCommit=223,matchIndex=224
2024-09-10 06:20:06,842 DEBUG server.RaftServer$Division (RaftServerImpl.java:logAppendEntries(1539)) - s5@group-5D788F7A274C: appendEntries* reply s0<-s5#923:OK-t1,SUCCESS,nextIndex=225,followerCommit=223,matchIndex=224
2024-09-10 06:20:06,842 DEBUG server.RaftServer$Division (RaftServerImpl.java:logAppendEntries(1539)) - s7@group-5D788F7A274C: appendEntries* reply s0<-s7#757:OK-t1,SUCCESS,nextIndex=225,followerCommit=223,matchIndex=224
2024-09-10 06:20:06,844 DEBUG server.RaftServer$Division (RaftServerImpl.java:logAppendEntries(1539)) - s6@group-5D788F7A274C: appendEntries* s0->s6#945-t1,previous=(t:1, i:223),leaderCommit=223,initializing? false,entries: size=1, first=(t:1, i:224), METADATAENTRY(c:223)
2024-09-10 06:20:06,844 DEBUG server.RaftServer$Division (RaftServerImpl.java:logAppendEntries(1539)) - s6@group-5D788F7A274C: appendEntries* reply s0<-s6#945:OK-t1,SUCCESS,nextIndex=225,followerCommit=223,matchIndex=224
2024-09-10 06:20:06,845 DEBUG server.RaftServer$Division (RaftServerImpl.java:logAppendEntries(1539)) - s1@group-5D788F7A274C: appendEntries* s0->s1#1284-t1,previous=(t:1, i:223),leaderCommit=223,initializing? false,entries: size=1, first=(t:1, i:224), METADATAENTRY(c:223)
2024-09-10 06:20:06,846 DEBUG server.RaftServer$Division (RaftServerImpl.java:logAppendEntries(1539)) - s11@group-5D788F7A274C: appendEntries* s0->s11#1048-t1,previous=(t:1, i:223),leaderCommit=223,initializing? false,entries: size=1, first=(t:1, i:224), METADATAENTRY(c:223)
2024-09-10 06:20:06,846 DEBUG server.RaftServer$Division (RaftServerImpl.java:logAppendEntries(1539)) - s14@group-5D788F7A274C: appendEntries* s0->s14#676-t1,previous=(t:1, i:223),leaderCommit=223,initializing? false,entries: size=1, first=(t:1, i:224), METADATAENTRY(c:223)
2024-09-10 06:20:06,846 DEBUG server.RaftServer$Division (RaftServerImpl.java:logAppendEntries(1539)) - s8@group-5D788F7A274C: appendEntries* s0->s8#976-t1,previous=(t:1, i:223),leaderCommit=223,initializing? false,entries: size=1, first=(t:1, i:224), METADATAENTRY(c:223)
2024-09-10 06:20:06,846 DEBUG server.RaftServer$Division (RaftServerImpl.java:logAppendEntries(1539)) - s4@group-5D788F7A274C: appendEntries* s0->s4#901-t1,previous=(t:1, i:223),leaderCommit=223,initializing? false,entries: size=1, first=(t:1, i:224), METADATAENTRY(c:223)
2024-09-10 06:20:06,846 DEBUG server.RaftServer$Division (RaftServerImpl.java:logAppendEntries(1539)) - s12@group-5D788F7A274C: appendEntries* s0->s12#1006-t1,previous=(t:1, i:223),leaderCommit=223,initializing? false,entries: size=1, first=(t:1, i:224), METADATAENTRY(c:223)
2024-09-10 06:20:06,846 DEBUG server.RaftServer$Division (RaftServerImpl.java:logAppendEntries(1539)) - s2@group-5D788F7A274C: appendEntries* s0->s2#980-t1,previous=(t:1, i:223),leaderCommit=223,initializing? false,entries: size=1, first=(t:1, i:224), METADATAENTRY(c:223)
2024-09-10 06:20:06,846 DEBUG server.RaftServer$Division (RaftServerImpl.java:logAppendEntries(1539)) - s11@group-5D788F7A274C: appendEntries* reply s0<-s11#1048:OK-t1,SUCCESS,nextIndex=225,followerCommit=223,matchIndex=224
2024-09-10 06:20:06,847 DEBUG server.RaftServer$Division (RaftServerImpl.java:logAppendEntries(1539)) - s8@group-5D788F7A274C: appendEntries* reply s0<-s8#976:OK-t1,SUCCESS,nextIndex=225,followerCommit=223,matchIndex=224
2024-09-10 06:20:06,847 DEBUG server.RaftServer$Division (RaftServerImpl.java:logAppendEntries(1539)) - s2@group-5D788F7A274C: appendEntries* reply s0<-s2#980:OK-t1,SUCCESS,nextIndex=225,followerCommit=223,matchIndex=224
2024-09-10 06:20:06,847 DEBUG server.RaftServer$Division (RaftServerImpl.java:logAppendEntries(1539)) - s4@group-5D788F7A274C: appendEntries* reply s0<-s4#901:OK-t1,SUCCESS,nextIndex=225,followerCommit=223,matchIndex=224
2024-09-10 06:20:06,847 DEBUG server.RaftServer$Division (RaftServerImpl.java:logAppendEntries(1539)) - s1@group-5D788F7A274C: appendEntries* reply s0<-s1#1284:OK-t1,SUCCESS,nextIndex=225,followerCommit=223,matchIndex=224
2024-09-10 06:20:06,847 DEBUG server.RaftServer$Division (RaftServerImpl.java:logAppendEntries(1539)) - s12@group-5D788F7A274C: appendEntries* reply s0<-s12#1006:OK-t1,SUCCESS,nextIndex=225,followerCommit=223,matchIndex=224
2024-09-10 06:20:06,847 DEBUG server.RaftServer$Division (RaftServerImpl.java:logAppendEntries(1539)) - s9@group-5D788F7A274C: appendEntries* s0->s9#988-t1,previous=(t:1, i:223),leaderCommit=223,initializing? false,entries: size=1, first=(t:1, i:224), METADATAENTRY(c:223)
2024-09-10 06:20:06,847 DEBUG server.RaftServer$Division (RaftServerImpl.java:logAppendEntries(1539)) - s14@group-5D788F7A274C: appendEntries* reply s0<-s14#676:OK-t1,SUCCESS,nextIndex=225,followerCommit=223,matchIndex=224
2024-09-10 06:20:06,848 DEBUG server.RaftServer$Division (RaftServerImpl.java:logAppendEntries(1539)) - s9@group-5D788F7A274C: appendEntries* reply s0<-s9#988:OK-t1,SUCCESS,nextIndex=225,followerCommit=223,matchIndex=224
2024-09-10 06:20:06,848 DEBUG server.RaftServer$Division (RaftServerImpl.java:logAppendEntries(1539)) - s10@group-5D788F7A274C: appendEntries* s0->s10#1413-t1,previous=(t:1, i:223),leaderCommit=223,initializing? false,entries: size=1, first=(t:1, i:224), METADATAENTRY(c:223)
2024-09-10 06:20:06,848 DEBUG server.RaftServer$Division (RaftServerImpl.java:logAppendEntries(1539)) - s3@group-5D788F7A274C: appendEntries* s0->s3#987-t1,previous=(t:1, i:223),leaderCommit=223,initializing? false,entries: size=1, first=(t:1, i:224), METADATAENTRY(c:223)
2024-09-10 06:20:06,849 DEBUG server.RaftServer$Division (RaftServerImpl.java:logAppendEntries(1539)) - s10@group-5D788F7A274C: appendEntries* reply s0<-s10#1413:OK-t1,SUCCESS,nextIndex=225,followerCommit=223,matchIndex=224
2024-09-10 06:20:06,849 DEBUG server.RaftServer$Division (RaftServerImpl.java:logAppendEntries(1539)) - s3@group-5D788F7A274C: appendEntries* reply s0<-s3#987:OK-t1,SUCCESS,nextIndex=225,followerCommit=223,matchIndex=224
2024-09-10 06:20:06,849 DEBUG server.RaftServer$Division (RaftServerImpl.java:submitClientRequestAsync(910)) - s0@group-5D788F7A274C: receive client request(RaftClientRequest:client-04EF324C57E0->s0@group-5D788F7A274C, cid=4543, seq=null, RW, Message:01016200)
2024-09-10 06:20:06,850 DEBUG server.RaftServer$Division (LeaderStateImpl.java:addPendingRequest(532)) - s0@group-5D788F7A274C-LeaderStateImpl: addPendingRequest at RaftClientRequest:client-04EF324C57E0->s0@group-5D788F7A274C, cid=4543, seq=null, RW, Message:01016200, entry=(t:1, i:225), STATEMACHINELOGENTRY, WRITE: logData.size=4, stateMachineData.size=0, logEntryProtoSerializedSize=0
2024-09-10 06:20:06,850 DEBUG server.RaftServer$Division (RaftServerImpl.java:logAppendEntries(1539)) - s6@group-5D788F7A274C: appendEntries* s0->s6#955-t1,previous=(t:1, i:224),leaderCommit=224,initializing? false,entries: size=1, first=(t:1, i:225), STATEMACHINELOGENTRY, StateMachineLogEntryProto:4543@client-04EF324C57E0
2024-09-10 06:20:06,850 DEBUG server.RaftServer$Division (RaftServerImpl.java:logAppendEntries(1539)) - s7@group-5D788F7A274C: appendEntries* s0->s7#763-t1,previous=(t:1, i:224),leaderCommit=224,initializing? false,entries: size=1, first=(t:1, i:225), STATEMACHINELOGENTRY, StateMachineLogEntryProto:4543@client-04EF324C57E0
2024-09-10 06:20:06,851 DEBUG server.RaftServer$Division (RaftServerImpl.java:logAppendEntries(1539)) - s5@group-5D788F7A274C: appendEntries* s0->s5#930-t1,previous=(t:1, i:224),leaderCommit=224,initializing? false,entries: size=1, first=(t:1, i:225), STATEMACHINELOGENTRY, StateMachineLogEntryProto:4543@client-04EF324C57E0
2024-09-10 06:20:06,851 DEBUG server.RaftServer$Division (RaftServerImpl.java:logAppendEntries(1539)) - s1@group-5D788F7A274C: appendEntries* s0->s1#1299-t1,previous=(t:1, i:224),leaderCommit=224,initializing? false,entries: size=1, first=(t:1, i:225), STATEMACHINELOGENTRY, StateMachineLogEntryProto:4543@client-04EF324C57E0
2024-09-10 06:20:06,851 DEBUG server.RaftServer$Division (RaftServerImpl.java:logAppendEntries(1539)) - s6@group-5D788F7A274C: appendEntries* reply s0<-s6#955:OK-t1,SUCCESS,nextIndex=226,followerCommit=224,matchIndex=225
2024-09-10 06:20:06,851 DEBUG server.RaftServer$Division (RaftServerImpl.java:logAppendEntries(1539)) - s7@group-5D788F7A274C: appendEntries* reply s0<-s7#763:OK-t1,SUCCESS,nextIndex=226,followerCommit=224,matchIndex=225
2024-09-10 06:20:06,851 DEBUG server.RaftServer$Division (RaftServerImpl.java:logAppendEntries(1539)) - s8@group-5D788F7A274C: appendEntries* s0->s8#987-t1,previous=(t:1, i:224),leaderCommit=224,initializing? false,entries: size=1, first=(t:1, i:225), STATEMACHINELOGENTRY, StateMachineLogEntryProto:4543@client-04EF324C57E0
2024-09-10 06:20:06,851 DEBUG server.RaftServer$Division (RaftServerImpl.java:logAppendEntries(1539)) - s5@group-5D788F7A274C: appendEntries* reply s0<-s5#930:OK-t1,SUCCESS,nextIndex=226,followerCommit=224,matchIndex=225
2024-09-10 06:20:06,851 DEBUG server.RaftServer$Division (RaftServerImpl.java:logAppendEntries(1539)) - s14@group-5D788F7A274C: appendEntries* s0->s14#686-t1,previous=(t:1, i:224),leaderCommit=224,initializing? false,entries: size=1, first=(t:1, i:225), STATEMACHINELOGENTRY, StateMachineLogEntryProto:4543@client-04EF324C57E0
2024-09-10 06:20:06,851 DEBUG server.RaftServer$Division (RaftServerImpl.java:logAppendEntries(1539)) - s11@group-5D788F7A274C: appendEntries* s0->s11#1063-t1,previous=(t:1, i:224),leaderCommit=224,initializing? false,entries: size=1, first=(t:1, i:225), STATEMACHINELOGENTRY, StateMachineLogEntryProto:4543@client-04EF324C57E0
2024-09-10 06:20:06,852 DEBUG server.RaftServer$Division (RaftServerImpl.java:logAppendEntries(1539)) - s1@group-5D788F7A274C: appendEntries* reply s0<-s1#1299:OK-t1,SUCCESS,nextIndex=226,followerCommit=224,matchIndex=225
2024-09-10 06:20:06,851 DEBUG server.RaftServer$Division (RaftServerImpl.java:logAppendEntries(1539)) - s13@group-5D788F7A274C: appendEntries* s0->s13#802-t1,previous=(t:1, i:224),leaderCommit=224,initializing? false,entries: size=1, first=(t:1, i:225), STATEMACHINELOGENTRY, StateMachineLogEntryProto:4543@client-04EF324C57E0
2024-09-10 06:20:06,852 DEBUG server.RaftServer$Division (RaftServerImpl.java:logAppendEntries(1539)) - s4@group-5D788F7A274C: appendEntries* s0->s4#915-t1,previous=(t:1, i:224),leaderCommit=224,initializing? false,entries: size=1, first=(t:1, i:225), STATEMACHINELOGENTRY, StateMachineLogEntryProto:4543@client-04EF324C57E0
2024-09-10 06:20:06,852 DEBUG server.RaftServer$Division (RaftServerImpl.java:logAppendEntries(1539)) - s8@group-5D788F7A274C: appendEntries* reply s0<-s8#987:OK-t1,SUCCESS,nextIndex=226,followerCommit=224,matchIndex=225
2024-09-10 06:20:06,851 DEBUG server.RaftServer$Division (RaftServerImpl.java:logAppendEntries(1539)) - s12@group-5D788F7A274C: appendEntries* s0->s12#1017-t1,previous=(t:1, i:224),leaderCommit=224,initializing? false,entries: size=1, first=(t:1, i:225), STATEMACHINELOGENTRY, StateMachineLogEntryProto:4543@client-04EF324C57E0
2024-09-10 06:20:06,852 DEBUG server.RaftServer$Division (RaftServerImpl.java:logAppendEntries(1539)) - s14@group-5D788F7A274C: appendEntries* reply s0<-s14#686:OK-t1,SUCCESS,nextIndex=226,followerCommit=224,matchIndex=225
2024-09-10 06:20:06,852 DEBUG server.RaftServer$Division (RaftServerImpl.java:logAppendEntries(1539)) - s4@group-5D788F7A274C: appendEntries* reply s0<-s4#915:OK-t1,SUCCESS,nextIndex=226,followerCommit=224,matchIndex=225
2024-09-10 06:20:06,852 DEBUG server.RaftServer$Division (RaftServerImpl.java:logAppendEntries(1539)) - s12@group-5D788F7A274C: appendEntries* reply s0<-s12#1017:OK-t1,SUCCESS,nextIndex=226,followerCommit=224,matchIndex=225
2024-09-10 06:20:06,852 DEBUG server.RaftServer$Division (RaftServerImpl.java:logAppendEntries(1539)) - s13@group-5D788F7A274C: appendEntries* reply s0<-s13#802:OK-t1,SUCCESS,nextIndex=226,followerCommit=224,matchIndex=225
2024-09-10 06:20:06,853 DEBUG server.RaftServer$Division (RaftServerImpl.java:logAppendEntries(1539)) - s11@group-5D788F7A274C: appendEntries* reply s0<-s11#1063:OK-t1,SUCCESS,nextIndex=226,followerCommit=224,matchIndex=225
2024-09-10 06:20:06,853 DEBUG server.RaftServer$Division (RaftServerImpl.java:logAppendEntries(1539)) - s10@group-5D788F7A274C: appendEntries* s0->s10#1429-t1,previous=(t:1, i:224),leaderCommit=224,initializing? false,entries: size=1, first=(t:1, i:225), STATEMACHINELOGENTRY, StateMachineLogEntryProto:4543@client-04EF324C57E0
2024-09-10 06:20:06,853 INFO  statemachine.StateMachine (ArithmeticStateMachine.java:applyTransaction(181)) - LEADER:s0-225: b = null = null
2024-09-10 06:20:06,853 DEBUG server.RaftServer$Division (RaftServerImpl.java:logAppendEntries(1539)) - s3@group-5D788F7A274C: appendEntries* s0->s3#999-t1,previous=(t:1, i:224),leaderCommit=224,initializing? false,entries: size=1, first=(t:1, i:225), STATEMACHINELOGENTRY, StateMachineLogEntryProto:4543@client-04EF324C57E0
2024-09-10 06:20:06,854 DEBUG server.RaftServer$Division (RaftServerImpl.java:logAppendEntries(1539)) - s10@group-5D788F7A274C: appendEntries* reply s0<-s10#1429:OK-t1,SUCCESS,nextIndex=226,followerCommit=224,matchIndex=225
2024-09-10 06:20:06,854 DEBUG server.RaftServer$Division (RaftServerImpl.java:logAppendEntries(1539)) - s13@group-5D788F7A274C: appendEntries* s0->s13#807-t1,previous=(t:1, i:225),leaderCommit=225,initializing? false,entries: size=1, first=(t:1, i:226), METADATAENTRY(c:225)
2024-09-10 06:20:06,854 DEBUG server.RaftServer$Division (RaftServerImpl.java:logAppendEntries(1539)) - s3@group-5D788F7A274C: appendEntries* reply s0<-s3#999:OK-t1,SUCCESS,nextIndex=226,followerCommit=224,matchIndex=225
2024-09-10 06:20:06,854 DEBUG server.RaftServer$Division (RaftServerImpl.java:logAppendEntries(1539)) - s7@group-5D788F7A274C: appendEntries* s0->s7#765-t1,previous=(t:1, i:225),leaderCommit=225,initializing? false,entries: size=1, first=(t:1, i:226), METADATAENTRY(c:225)
2024-09-10 06:20:06,854 DEBUG server.RaftServer$Division (RaftServerImpl.java:logAppendEntries(1539)) - s2@group-5D788F7A274C: appendEntries* s0->s2#993-t1,previous=(t:1, i:224),leaderCommit=224,initializing? false,entries: size=1, first=(t:1, i:225), STATEMACHINELOGENTRY, StateMachineLogEntryProto:4543@client-04EF324C57E0
2024-09-10 06:20:06,854 DEBUG server.RaftServer$Division (RaftServerImpl.java:logAppendEntries(1539)) - s9@group-5D788F7A274C: appendEntries* s0->s9#1000-t1,previous=(t:1, i:224),leaderCommit=224,initializing? false,entries: size=1, first=(t:1, i:225), STATEMACHINELOGENTRY, StateMachineLogEntryProto:4543@client-04EF324C57E0
2024-09-10 06:20:06,855 DEBUG server.RaftServer$Division (RaftServerImpl.java:logAppendEntries(1539)) - s13@group-5D788F7A274C: appendEntries* reply s0<-s13#807:OK-t1,SUCCESS,nextIndex=227,followerCommit=225,matchIndex=226
2024-09-10 06:20:06,855 DEBUG server.RaftServer$Division (RaftServerImpl.java:logAppendEntries(1539)) - s2@group-5D788F7A274C: appendEntries* reply s0<-s2#993:OK-t1,SUCCESS,nextIndex=226,followerCommit=224,matchIndex=225
2024-09-10 06:20:06,855 DEBUG server.RaftServer$Division (RaftServerImpl.java:logAppendEntries(1539)) - s7@group-5D788F7A274C: appendEntries* reply s0<-s7#765:OK-t1,SUCCESS,nextIndex=227,followerCommit=225,matchIndex=226
2024-09-10 06:20:06,855 DEBUG server.RaftServer$Division (RaftServerImpl.java:logAppendEntries(1539)) - s9@group-5D788F7A274C: appendEntries* reply s0<-s9#1000:OK-t1,SUCCESS,nextIndex=226,followerCommit=224,matchIndex=225
2024-09-10 06:20:06,856 DEBUG server.RaftServer$Division (RaftServerImpl.java:logAppendEntries(1539)) - s5@group-5D788F7A274C: appendEntries* s0->s5#933-t1,previous=(t:1, i:225),leaderCommit=225,initializing? false,entries: size=1, first=(t:1, i:226), METADATAENTRY(c:225)
2024-09-10 06:20:06,856 DEBUG server.RaftServer$Division (RaftServerImpl.java:logAppendEntries(1539)) - s6@group-5D788F7A274C: appendEntries* s0->s6#959-t1,previous=(t:1, i:225),leaderCommit=225,initializing? false,entries: size=1, first=(t:1, i:226), METADATAENTRY(c:225)
2024-09-10 06:20:06,856 DEBUG server.RaftServer$Division (RaftServerImpl.java:logAppendEntries(1539)) - s5@group-5D788F7A274C: appendEntries* reply s0<-s5#933:OK-t1,SUCCESS,nextIndex=227,followerCommit=225,matchIndex=226
2024-09-10 06:20:06,856 DEBUG server.RaftServer$Division (RaftServerImpl.java:logAppendEntries(1539)) - s14@group-5D788F7A274C: appendEntries* s0->s14#692-t1,previous=(t:1, i:225),leaderCommit=225,initializing? false,entries: size=1, first=(t:1, i:226), METADATAENTRY(c:225)
2024-09-10 06:20:06,856 DEBUG server.RaftServer$Division (RaftServerImpl.java:logAppendEntries(1539)) - s6@group-5D788F7A274C: appendEntries* reply s0<-s6#959:OK-t1,SUCCESS,nextIndex=227,followerCommit=225,matchIndex=226
2024-09-10 06:20:06,857 DEBUG server.RaftServer$Division (RaftServerImpl.java:logAppendEntries(1539)) - s14@group-5D788F7A274C: appendEntries* reply s0<-s14#692:OK-t1,SUCCESS,nextIndex=227,followerCommit=225,matchIndex=226
2024-09-10 06:20:06,857 DEBUG server.RaftServer$Division (RaftServerImpl.java:logAppendEntries(1539)) - s11@group-5D788F7A274C: appendEntries* s0->s11#1070-t1,previous=(t:1, i:225),leaderCommit=225,initializing? false,entries: size=1, first=(t:1, i:226), METADATAENTRY(c:225)
2024-09-10 06:20:06,857 DEBUG server.RaftServer$Division (RaftServerImpl.java:logAppendEntries(1539)) - s8@group-5D788F7A274C: appendEntries* s0->s8#992-t1,previous=(t:1, i:225),leaderCommit=225,initializing? false,entries: size=1, first=(t:1, i:226), METADATAENTRY(c:225)
2024-09-10 06:20:06,857 DEBUG server.RaftServer$Division (RaftServerImpl.java:logAppendEntries(1539)) - s1@group-5D788F7A274C: appendEntries* s0->s1#1301-t1,previous=(t:1, i:225),leaderCommit=225,initializing? false,entries: size=1, first=(t:1, i:226), METADATAENTRY(c:225)
2024-09-10 06:20:06,858 DEBUG server.RaftServer$Division (RaftServerImpl.java:logAppendEntries(1539)) - s4@group-5D788F7A274C: appendEntries* s0->s4#921-t1,previous=(t:1, i:225),leaderCommit=225,initializing? false,entries: size=1, first=(t:1, i:226), METADATAENTRY(c:225)
2024-09-10 06:20:06,858 DEBUG server.RaftServer$Division (RaftServerImpl.java:logAppendEntries(1539)) - s1@group-5D788F7A274C: appendEntries* reply s0<-s1#1301:OK-t1,SUCCESS,nextIndex=227,followerCommit=225,matchIndex=226
2024-09-10 06:20:06,858 DEBUG server.RaftServer$Division (RaftServerImpl.java:logAppendEntries(1539)) - s8@group-5D788F7A274C: appendEntries* reply s0<-s8#992:OK-t1,SUCCESS,nextIndex=227,followerCommit=225,matchIndex=226
2024-09-10 06:20:06,858 DEBUG server.RaftServer$Division (RaftServerImpl.java:logAppendEntries(1539)) - s11@group-5D788F7A274C: appendEntries* reply s0<-s11#1070:OK-t1,SUCCESS,nextIndex=227,followerCommit=225,matchIndex=226
2024-09-10 06:20:06,858 DEBUG server.RaftServer$Division (RaftServerImpl.java:logAppendEntries(1539)) - s4@group-5D788F7A274C: appendEntries* reply s0<-s4#921:OK-t1,SUCCESS,nextIndex=227,followerCommit=225,matchIndex=226
2024-09-10 06:20:06,859 DEBUG server.RaftServer$Division (RaftServerImpl.java:logAppendEntries(1539)) - s3@group-5D788F7A274C: appendEntries* s0->s3#1003-t1,previous=(t:1, i:225),leaderCommit=225,initializing? false,entries: size=1, first=(t:1, i:226), METADATAENTRY(c:225)
2024-09-10 06:20:06,859 DEBUG server.RaftServer$Division (RaftServerImpl.java:logAppendEntries(1539)) - s12@group-5D788F7A274C: appendEntries* s0->s12#1023-t1,previous=(t:1, i:225),leaderCommit=225,initializing? false,entries: size=1, first=(t:1, i:226), METADATAENTRY(c:225)
2024-09-10 06:20:06,859 DEBUG server.RaftServer$Division (RaftServerImpl.java:logAppendEntries(1539)) - s3@group-5D788F7A274C: appendEntries* reply s0<-s3#1003:OK-t1,SUCCESS,nextIndex=227,followerCommit=225,matchIndex=226
2024-09-10 06:20:06,859 DEBUG server.RaftServer$Division (RaftServerImpl.java:logAppendEntries(1539)) - s10@group-5D788F7A274C: appendEntries* s0->s10#1434-t1,previous=(t:1, i:225),leaderCommit=225,initializing? false,entries: size=1, first=(t:1, i:226), METADATAENTRY(c:225)
2024-09-10 06:20:06,859 DEBUG server.RaftServer$Division (RaftServerImpl.java:logAppendEntries(1539)) - s12@group-5D788F7A274C: appendEntries* reply s0<-s12#1023:OK-t1,SUCCESS,nextIndex=227,followerCommit=225,matchIndex=226
2024-09-10 06:20:06,860 DEBUG server.RaftServer$Division (RaftServerImpl.java:logAppendEntries(1539)) - s9@group-5D788F7A274C: appendEntries* s0->s9#1005-t1,previous=(t:1, i:225),leaderCommit=225,initializing? false,entries: size=1, first=(t:1, i:226), METADATAENTRY(c:225)
2024-09-10 06:20:06,860 DEBUG server.RaftServer$Division (RaftServerImpl.java:logAppendEntries(1539)) - s10@group-5D788F7A274C: appendEntries* reply s0<-s10#1434:OK-t1,SUCCESS,nextIndex=227,followerCommit=225,matchIndex=226
2024-09-10 06:20:06,860 DEBUG server.RaftServer$Division (RaftServerImpl.java:logAppendEntries(1539)) - s9@group-5D788F7A274C: appendEntries* reply s0<-s9#1005:OK-t1,SUCCESS,nextIndex=227,followerCommit=225,matchIndex=226
2024-09-10 06:20:06,861 DEBUG server.RaftServer$Division (RaftServerImpl.java:logAppendEntries(1539)) - s2@group-5D788F7A274C: appendEntries* s0->s2#999-t1,previous=(t:1, i:225),leaderCommit=225,initializing? false,entries: size=1, first=(t:1, i:226), METADATAENTRY(c:225)
2024-09-10 06:20:06,861 DEBUG server.RaftServer$Division (RaftServerImpl.java:logAppendEntries(1539)) - s2@group-5D788F7A274C: appendEntries* reply s0<-s2#999:OK-t1,SUCCESS,nextIndex=227,followerCommit=225,matchIndex=226
2024-09-10 06:20:06,862 DEBUG server.RaftServer$Division (RaftServerImpl.java:submitClientRequestAsync(910)) - s0@group-5D788F7A274C: receive client request(RaftClientRequest:client-04EF324C57E0->s0@group-5D788F7A274C, cid=4544, seq=null, RW, Message:01016300)
2024-09-10 06:20:06,862 DEBUG server.RaftServer$Division (LeaderStateImpl.java:addPendingRequest(532)) - s0@group-5D788F7A274C-LeaderStateImpl: addPendingRequest at RaftClientRequest:client-04EF324C57E0->s0@group-5D788F7A274C, cid=4544, seq=null, RW, Message:01016300, entry=(t:1, i:227), STATEMACHINELOGENTRY, WRITE: logData.size=4, stateMachineData.size=0, logEntryProtoSerializedSize=0
2024-09-10 06:20:06,862 DEBUG server.RaftServer$Division (RaftServerImpl.java:logAppendEntries(1539)) - s7@group-5D788F7A274C: appendEntries* s0->s7#773-t1,previous=(t:1, i:226),leaderCommit=226,initializing? false,entries: size=1, first=(t:1, i:227), STATEMACHINELOGENTRY, StateMachineLogEntryProto:4544@client-04EF324C57E0
2024-09-10 06:20:06,863 DEBUG server.RaftServer$Division (RaftServerImpl.java:logAppendEntries(1539)) - s14@group-5D788F7A274C: appendEntries* s0->s14#703-t1,previous=(t:1, i:226),leaderCommit=226,initializing? false,entries: size=1, first=(t:1, i:227), STATEMACHINELOGENTRY, StateMachineLogEntryProto:4544@client-04EF324C57E0
2024-09-10 06:20:06,863 DEBUG server.RaftServer$Division (RaftServerImpl.java:logAppendEntries(1539)) - s11@group-5D788F7A274C: appendEntries* s0->s11#1088-t1,previous=(t:1, i:226),leaderCommit=226,initializing? false,entries: size=1, first=(t:1, i:227), STATEMACHINELOGENTRY, StateMachineLogEntryProto:4544@client-04EF324C57E0
2024-09-10 06:20:06,863 DEBUG server.RaftServer$Division (RaftServerImpl.java:logAppendEntries(1539)) - s1@group-5D788F7A274C: appendEntries* s0->s1#1315-t1,previous=(t:1, i:226),leaderCommit=226,initializing? false,entries: size=1, first=(t:1, i:227), STATEMACHINELOGENTRY, StateMachineLogEntryProto:4544@client-04EF324C57E0
2024-09-10 06:20:06,863 DEBUG server.RaftServer$Division (RaftServerImpl.java:logAppendEntries(1539)) - s12@group-5D788F7A274C: appendEntries* s0->s12#1040-t1,previous=(t:1, i:226),leaderCommit=226,initializing? false,entries: size=1, first=(t:1, i:227), STATEMACHINELOGENTRY, StateMachineLogEntryProto:4544@client-04EF324C57E0
2024-09-10 06:20:06,863 DEBUG server.RaftServer$Division (RaftServerImpl.java:logAppendEntries(1539)) - s14@group-5D788F7A274C: appendEntries* reply s0<-s14#703:OK-t1,SUCCESS,nextIndex=228,followerCommit=226,matchIndex=227
2024-09-10 06:20:06,863 DEBUG server.RaftServer$Division (RaftServerImpl.java:logAppendEntries(1539)) - s6@group-5D788F7A274C: appendEntries* s0->s6#975-t1,previous=(t:1, i:226),leaderCommit=226,initializing? false,entries: size=1, first=(t:1, i:227), STATEMACHINELOGENTRY, StateMachineLogEntryProto:4544@client-04EF324C57E0
2024-09-10 06:20:06,864 DEBUG server.RaftServer$Division (RaftServerImpl.java:logAppendEntries(1539)) - s2@group-5D788F7A274C: appendEntries* s0->s2#1014-t1,previous=(t:1, i:226),leaderCommit=226,initializing? false,entries: size=1, first=(t:1, i:227), STATEMACHINELOGENTRY, StateMachineLogEntryProto:4544@client-04EF324C57E0
2024-09-10 06:20:06,864 DEBUG server.RaftServer$Division (RaftServerImpl.java:logAppendEntries(1539)) - s7@group-5D788F7A274C: appendEntries* reply s0<-s7#773:OK-t1,SUCCESS,nextIndex=228,followerCommit=226,matchIndex=227
2024-09-10 06:20:06,864 DEBUG server.RaftServer$Division (RaftServerImpl.java:logAppendEntries(1539)) - s3@group-5D788F7A274C: appendEntries* s0->s3#1020-t1,previous=(t:1, i:226),leaderCommit=226,initializing? false,entries: size=1, first=(t:1, i:227), STATEMACHINELOGENTRY, StateMachineLogEntryProto:4544@client-04EF324C57E0
2024-09-10 06:20:06,864 DEBUG server.RaftServer$Division (RaftServerImpl.java:logAppendEntries(1539)) - s12@group-5D788F7A274C: appendEntries* reply s0<-s12#1040:OK-t1,SUCCESS,nextIndex=228,followerCommit=226,matchIndex=227
2024-09-10 06:20:06,863 DEBUG server.RaftServer$Division (RaftServerImpl.java:logAppendEntries(1539)) - s5@group-5D788F7A274C: appendEntries* s0->s5#946-t1,previous=(t:1, i:226),leaderCommit=226,initializing? false,entries: size=1, first=(t:1, i:227), STATEMACHINELOGENTRY, StateMachineLogEntryProto:4544@client-04EF324C57E0
2024-09-10 06:20:06,864 DEBUG server.RaftServer$Division (RaftServerImpl.java:logAppendEntries(1539)) - s2@group-5D788F7A274C: appendEntries* reply s0<-s2#1014:OK-t1,SUCCESS,nextIndex=228,followerCommit=226,matchIndex=227
2024-09-10 06:20:06,864 DEBUG server.RaftServer$Division (RaftServerImpl.java:logAppendEntries(1539)) - s4@group-5D788F7A274C: appendEntries* s0->s4#938-t1,previous=(t:1, i:226),leaderCommit=226,initializing? false,entries: size=1, first=(t:1, i:227), STATEMACHINELOGENTRY, StateMachineLogEntryProto:4544@client-04EF324C57E0
2024-09-10 06:20:06,864 DEBUG server.RaftServer$Division (RaftServerImpl.java:logAppendEntries(1539)) - s1@group-5D788F7A274C: appendEntries* reply s0<-s1#1315:OK-t1,SUCCESS,nextIndex=228,followerCommit=226,matchIndex=227
2024-09-10 06:20:06,864 DEBUG server.RaftServer$Division (RaftServerImpl.java:logAppendEntries(1539)) - s9@group-5D788F7A274C: appendEntries* s0->s9#1020-t1,previous=(t:1, i:226),leaderCommit=226,initializing? false,entries: size=1, first=(t:1, i:227), STATEMACHINELOGENTRY, StateMachineLogEntryProto:4544@client-04EF324C57E0
2024-09-10 06:20:06,864 DEBUG server.RaftServer$Division (RaftServerImpl.java:logAppendEntries(1539)) - s6@group-5D788F7A274C: appendEntries* reply s0<-s6#975:OK-t1,SUCCESS,nextIndex=228,followerCommit=226,matchIndex=227
2024-09-10 06:20:06,864 DEBUG server.RaftServer$Division (RaftServerImpl.java:logAppendEntries(1539)) - s13@group-5D788F7A274C: appendEntries* s0->s13#815-t1,previous=(t:1, i:226),leaderCommit=226,initializing? false,entries: size=1, first=(t:1, i:227), STATEMACHINELOGENTRY, StateMachineLogEntryProto:4544@client-04EF324C57E0
2024-09-10 06:20:06,865 DEBUG server.RaftServer$Division (RaftServerImpl.java:logAppendEntries(1539)) - s4@group-5D788F7A274C: appendEntries* reply s0<-s4#938:OK-t1,SUCCESS,nextIndex=228,followerCommit=226,matchIndex=227
2024-09-10 06:20:06,864 DEBUG server.RaftServer$Division (RaftServerImpl.java:logAppendEntries(1539)) - s5@group-5D788F7A274C: appendEntries* reply s0<-s5#946:OK-t1,SUCCESS,nextIndex=228,followerCommit=226,matchIndex=227
2024-09-10 06:20:06,865 DEBUG server.RaftServer$Division (RaftServerImpl.java:logAppendEntries(1539)) - s9@group-5D788F7A274C: appendEntries* reply s0<-s9#1020:OK-t1,SUCCESS,nextIndex=228,followerCommit=226,matchIndex=227
2024-09-10 06:20:06,864 DEBUG server.RaftServer$Division (RaftServerImpl.java:logAppendEntries(1539)) - s3@group-5D788F7A274C: appendEntries* reply s0<-s3#1020:OK-t1,SUCCESS,nextIndex=228,followerCommit=226,matchIndex=227
2024-09-10 06:20:06,865 DEBUG server.RaftServer$Division (RaftServerImpl.java:logAppendEntries(1539)) - s11@group-5D788F7A274C: appendEntries* reply s0<-s11#1088:OK-t1,SUCCESS,nextIndex=228,followerCommit=226,matchIndex=227
2024-09-10 06:20:06,865 DEBUG server.RaftServer$Division (RaftServerImpl.java:logAppendEntries(1539)) - s13@group-5D788F7A274C: appendEntries* reply s0<-s13#815:OK-t1,SUCCESS,nextIndex=228,followerCommit=226,matchIndex=227
2024-09-10 06:20:06,865 DEBUG server.RaftServer$Division (RaftServerImpl.java:logAppendEntries(1539)) - s10@group-5D788F7A274C: appendEntries* s0->s10#1453-t1,previous=(t:1, i:226),leaderCommit=226,initializing? false,entries: size=1, first=(t:1, i:227), STATEMACHINELOGENTRY, StateMachineLogEntryProto:4544@client-04EF324C57E0
2024-09-10 06:20:06,866 DEBUG server.RaftServer$Division (RaftServerImpl.java:logAppendEntries(1539)) - s8@group-5D788F7A274C: appendEntries* s0->s8#1008-t1,previous=(t:1, i:226),leaderCommit=226,initializing? false,entries: size=1, first=(t:1, i:227), STATEMACHINELOGENTRY, StateMachineLogEntryProto:4544@client-04EF324C57E0
2024-09-10 06:20:06,866 DEBUG server.RaftServer$Division (RaftServerImpl.java:logAppendEntries(1539)) - s10@group-5D788F7A274C: appendEntries* reply s0<-s10#1453:OK-t1,SUCCESS,nextIndex=228,followerCommit=226,matchIndex=227
2024-09-10 06:20:06,866 DEBUG server.RaftServer$Division (RaftServerImpl.java:logAppendEntries(1539)) - s8@group-5D788F7A274C: appendEntries* reply s0<-s8#1008:OK-t1,SUCCESS,nextIndex=228,followerCommit=226,matchIndex=227
2024-09-10 06:20:06,866 INFO  statemachine.StateMachine (ArithmeticStateMachine.java:applyTransaction(181)) - LEADER:s0-227: c = null = null
2024-09-10 06:20:06,868 DEBUG server.RaftServer$Division (RaftServerImpl.java:logAppendEntries(1539)) - s13@group-5D788F7A274C: appendEntries* s0->s13#817-t1,previous=(t:1, i:227),leaderCommit=227,initializing? false,entries: size=1, first=(t:1, i:228), METADATAENTRY(c:227)
2024-09-10 06:20:06,868 DEBUG server.RaftServer$Division (RaftServerImpl.java:logAppendEntries(1539)) - s7@group-5D788F7A274C: appendEntries* s0->s7#775-t1,previous=(t:1, i:227),leaderCommit=227,initializing? false,entries: size=1, first=(t:1, i:228), METADATAENTRY(c:227)
2024-09-10 06:20:06,868 DEBUG server.RaftServer$Division (RaftServerImpl.java:logAppendEntries(1539)) - s6@group-5D788F7A274C: appendEntries* s0->s6#982-t1,previous=(t:1, i:227),leaderCommit=227,initializing? false,entries: size=1, first=(t:1, i:228), METADATAENTRY(c:227)
2024-09-10 06:20:06,868 DEBUG server.RaftServer$Division (RaftServerImpl.java:logAppendEntries(1539)) - s7@group-5D788F7A274C: appendEntries* reply s0<-s7#775:OK-t1,SUCCESS,nextIndex=229,followerCommit=227,matchIndex=228
2024-09-10 06:20:06,868 DEBUG server.RaftServer$Division (RaftServerImpl.java:logAppendEntries(1539)) - s5@group-5D788F7A274C: appendEntries* s0->s5#950-t1,previous=(t:1, i:227),leaderCommit=227,initializing? false,entries: size=1, first=(t:1, i:228), METADATAENTRY(c:227)
2024-09-10 06:20:06,869 DEBUG server.RaftServer$Division (RaftServerImpl.java:logAppendEntries(1539)) - s13@group-5D788F7A274C: appendEntries* reply s0<-s13#817:OK-t1,SUCCESS,nextIndex=229,followerCommit=227,matchIndex=228
2024-09-10 06:20:06,869 DEBUG server.RaftServer$Division (RaftServerImpl.java:logAppendEntries(1539)) - s5@group-5D788F7A274C: appendEntries* reply s0<-s5#950:OK-t1,SUCCESS,nextIndex=229,followerCommit=227,matchIndex=228
2024-09-10 06:20:06,869 DEBUG server.RaftServer$Division (RaftServerImpl.java:logAppendEntries(1539)) - s2@group-5D788F7A274C: appendEntries* s0->s2#1018-t1,previous=(t:1, i:227),leaderCommit=227,initializing? false,entries: size=1, first=(t:1, i:228), METADATAENTRY(c:227)
2024-09-10 06:20:06,869 DEBUG server.RaftServer$Division (RaftServerImpl.java:logAppendEntries(1539)) - s14@group-5D788F7A274C: appendEntries* s0->s14#709-t1,previous=(t:1, i:227),leaderCommit=227,initializing? false,entries: size=1, first=(t:1, i:228), METADATAENTRY(c:227)
2024-09-10 06:20:06,869 DEBUG server.RaftServer$Division (RaftServerImpl.java:logAppendEntries(1539)) - s6@group-5D788F7A274C: appendEntries* reply s0<-s6#982:OK-t1,SUCCESS,nextIndex=229,followerCommit=227,matchIndex=228
2024-09-10 06:20:06,869 DEBUG server.RaftServer$Division (RaftServerImpl.java:logAppendEntries(1539)) - s1@group-5D788F7A274C: appendEntries* s0->s1#1318-t1,previous=(t:1, i:227),leaderCommit=227,initializing? false,entries: size=1, first=(t:1, i:228), METADATAENTRY(c:227)
2024-09-10 06:20:06,870 DEBUG server.RaftServer$Division (RaftServerImpl.java:logAppendEntries(1539)) - s14@group-5D788F7A274C: appendEntries* reply s0<-s14#709:OK-t1,SUCCESS,nextIndex=229,followerCommit=227,matchIndex=228
2024-09-10 06:20:06,870 DEBUG server.RaftServer$Division (RaftServerImpl.java:logAppendEntries(1539)) - s2@group-5D788F7A274C: appendEntries* reply s0<-s2#1018:OK-t1,SUCCESS,nextIndex=229,followerCommit=227,matchIndex=228
2024-09-10 06:20:06,870 DEBUG server.RaftServer$Division (RaftServerImpl.java:logAppendEntries(1539)) - s1@group-5D788F7A274C: appendEntries* reply s0<-s1#1318:OK-t1,SUCCESS,nextIndex=229,followerCommit=227,matchIndex=228
2024-09-10 06:20:06,870 DEBUG server.RaftServer$Division (RaftServerImpl.java:logAppendEntries(1539)) - s4@group-5D788F7A274C: appendEntries* s0->s4#940-t1,previous=(t:1, i:227),leaderCommit=227,initializing? false,entries: size=1, first=(t:1, i:228), METADATAENTRY(c:227)
2024-09-10 06:20:06,870 DEBUG server.RaftServer$Division (RaftServerImpl.java:logAppendEntries(1539)) - s11@group-5D788F7A274C: appendEntries* s0->s11#1096-t1,previous=(t:1, i:227),leaderCommit=227,initializing? false,entries: size=1, first=(t:1, i:228), METADATAENTRY(c:227)
2024-09-10 06:20:06,870 DEBUG server.RaftServer$Division (RaftServerImpl.java:logAppendEntries(1539)) - s3@group-5D788F7A274C: appendEntries* s0->s3#1027-t1,previous=(t:1, i:227),leaderCommit=227,initializing? false,entries: size=1, first=(t:1, i:228), METADATAENTRY(c:227)
2024-09-10 06:20:06,870 DEBUG server.RaftServer$Division (RaftServerImpl.java:logAppendEntries(1539)) - s8@group-5D788F7A274C: appendEntries* s0->s8#1013-t1,previous=(t:1, i:227),leaderCommit=227,initializing? false,entries: size=1, first=(t:1, i:228), METADATAENTRY(c:227)
2024-09-10 06:20:06,871 DEBUG server.RaftServer$Division (RaftServerImpl.java:logAppendEntries(1539)) - s9@group-5D788F7A274C: appendEntries* s0->s9#1025-t1,previous=(t:1, i:227),leaderCommit=227,initializing? false,entries: size=1, first=(t:1, i:228), METADATAENTRY(c:227)
2024-09-10 06:20:06,871 DEBUG server.RaftServer$Division (RaftServerImpl.java:logAppendEntries(1539)) - s12@group-5D788F7A274C: appendEntries* s0->s12#1047-t1,previous=(t:1, i:227),leaderCommit=227,initializing? false,entries: size=1, first=(t:1, i:228), METADATAENTRY(c:227)
2024-09-10 06:20:06,871 DEBUG server.RaftServer$Division (RaftServerImpl.java:logAppendEntries(1539)) - s3@group-5D788F7A274C: appendEntries* reply s0<-s3#1027:OK-t1,SUCCESS,nextIndex=229,followerCommit=227,matchIndex=228
2024-09-10 06:20:06,871 DEBUG server.RaftServer$Division (RaftServerImpl.java:logAppendEntries(1539)) - s4@group-5D788F7A274C: appendEntries* reply s0<-s4#940:OK-t1,SUCCESS,nextIndex=229,followerCommit=227,matchIndex=228
2024-09-10 06:20:06,871 DEBUG server.RaftServer$Division (RaftServerImpl.java:logAppendEntries(1539)) - s10@group-5D788F7A274C: appendEntries* s0->s10#1459-t1,previous=(t:1, i:227),leaderCommit=227,initializing? false,entries: size=1, first=(t:1, i:228), METADATAENTRY(c:227)
2024-09-10 06:20:06,871 DEBUG server.RaftServer$Division (RaftServerImpl.java:logAppendEntries(1539)) - s8@group-5D788F7A274C: appendEntries* reply s0<-s8#1013:OK-t1,SUCCESS,nextIndex=229,followerCommit=227,matchIndex=228
2024-09-10 06:20:06,872 DEBUG server.RaftServer$Division (RaftServerImpl.java:logAppendEntries(1539)) - s12@group-5D788F7A274C: appendEntries* reply s0<-s12#1047:OK-t1,SUCCESS,nextIndex=229,followerCommit=227,matchIndex=228
2024-09-10 06:20:06,872 DEBUG server.RaftServer$Division (RaftServerImpl.java:logAppendEntries(1539)) - s9@group-5D788F7A274C: appendEntries* reply s0<-s9#1025:OK-t1,SUCCESS,nextIndex=229,followerCommit=227,matchIndex=228
2024-09-10 06:20:06,872 DEBUG server.RaftServer$Division (RaftServerImpl.java:logAppendEntries(1539)) - s10@group-5D788F7A274C: appendEntries* reply s0<-s10#1459:OK-t1,SUCCESS,nextIndex=229,followerCommit=227,matchIndex=228
2024-09-10 06:20:06,872 DEBUG server.RaftServer$Division (RaftServerImpl.java:logAppendEntries(1539)) - s11@group-5D788F7A274C: appendEntries* reply s0<-s11#1096:OK-t1,SUCCESS,nextIndex=229,followerCommit=227,matchIndex=228
2024-09-10 06:20:06,873 DEBUG server.RaftServer$Division (RaftServerImpl.java:submitClientRequestAsync(910)) - s0@group-5D788F7A274C: receive client request(RaftClientRequest:client-04EF324C57E0->s0@group-5D788F7A274C, cid=4545, seq=null, RW, Message:01016102405dc0000000...(size=12))
2024-09-10 06:20:06,873 DEBUG server.RaftServer$Division (LeaderStateImpl.java:addPendingRequest(532)) - s0@group-5D788F7A274C-LeaderStateImpl: addPendingRequest at RaftClientRequest:client-04EF324C57E0->s0@group-5D788F7A274C, cid=4545, seq=null, RW, Message:01016102405dc0000000...(size=12), entry=(t:1, i:229), STATEMACHINELOGENTRY, WRITE: logData.size=12, stateMachineData.size=0, logEntryProtoSerializedSize=0
2024-09-10 06:20:06,874 DEBUG server.RaftServer$Division (RaftServerImpl.java:logAppendEntries(1539)) - s2@group-5D788F7A274C: appendEntries* s0->s2#1031-t1,previous=(t:1, i:228),leaderCommit=228,initializing? false,entries: size=1, first=(t:1, i:229), STATEMACHINELOGENTRY, StateMachineLogEntryProto:4545@client-04EF324C57E0
2024-09-10 06:20:06,874 DEBUG server.RaftServer$Division (RaftServerImpl.java:logAppendEntries(1539)) - s13@group-5D788F7A274C: appendEntries* s0->s13#824-t1,previous=(t:1, i:228),leaderCommit=228,initializing? false,entries: size=1, first=(t:1, i:229), STATEMACHINELOGENTRY, StateMachineLogEntryProto:4545@client-04EF324C57E0
2024-09-10 06:20:06,875 DEBUG server.RaftServer$Division (RaftServerImpl.java:logAppendEntries(1539)) - s5@group-5D788F7A274C: appendEntries* s0->s5#960-t1,previous=(t:1, i:228),leaderCommit=228,initializing? false,entries: size=1, first=(t:1, i:229), STATEMACHINELOGENTRY, StateMachineLogEntryProto:4545@client-04EF324C57E0
2024-09-10 06:20:06,875 DEBUG server.RaftServer$Division (RaftServerImpl.java:logAppendEntries(1539)) - s6@group-5D788F7A274C: appendEntries* s0->s6#993-t1,previous=(t:1, i:228),leaderCommit=228,initializing? false,entries: size=1, first=(t:1, i:229), STATEMACHINELOGENTRY, StateMachineLogEntryProto:4545@client-04EF324C57E0
2024-09-10 06:20:06,875 DEBUG server.RaftServer$Division (RaftServerImpl.java:logAppendEntries(1539)) - s2@group-5D788F7A274C: appendEntries* reply s0<-s2#1031:OK-t1,SUCCESS,nextIndex=230,followerCommit=228,matchIndex=229
2024-09-10 06:20:06,875 DEBUG server.RaftServer$Division (RaftServerImpl.java:logAppendEntries(1539)) - s7@group-5D788F7A274C: appendEntries* s0->s7#782-t1,previous=(t:1, i:228),leaderCommit=228,initializing? false,entries: size=1, first=(t:1, i:229), STATEMACHINELOGENTRY, StateMachineLogEntryProto:4545@client-04EF324C57E0
2024-09-10 06:20:06,875 DEBUG server.RaftServer$Division (RaftServerImpl.java:logAppendEntries(1539)) - s14@group-5D788F7A274C: appendEntries* s0->s14#720-t1,previous=(t:1, i:228),leaderCommit=228,initializing? false,entries: size=1, first=(t:1, i:229), STATEMACHINELOGENTRY, StateMachineLogEntryProto:4545@client-04EF324C57E0
2024-09-10 06:20:06,875 DEBUG server.RaftServer$Division (RaftServerImpl.java:logAppendEntries(1539)) - s3@group-5D788F7A274C: appendEntries* s0->s3#1040-t1,previous=(t:1, i:228),leaderCommit=228,initializing? false,entries: size=1, first=(t:1, i:229), STATEMACHINELOGENTRY, StateMachineLogEntryProto:4545@client-04EF324C57E0
2024-09-10 06:20:06,875 DEBUG server.RaftServer$Division (RaftServerImpl.java:logAppendEntries(1539)) - s9@group-5D788F7A274C: appendEntries* s0->s9#1039-t1,previous=(t:1, i:228),leaderCommit=228,initializing? false,entries: size=1, first=(t:1, i:229), STATEMACHINELOGENTRY, StateMachineLogEntryProto:4545@client-04EF324C57E0
2024-09-10 06:20:06,876 DEBUG server.RaftServer$Division (RaftServerImpl.java:logAppendEntries(1539)) - s3@group-5D788F7A274C: appendEntries* reply s0<-s3#1040:OK-t1,SUCCESS,nextIndex=230,followerCommit=228,matchIndex=229
2024-09-10 06:20:06,876 DEBUG server.RaftServer$Division (RaftServerImpl.java:logAppendEntries(1539)) - s7@group-5D788F7A274C: appendEntries* reply s0<-s7#782:OK-t1,SUCCESS,nextIndex=230,followerCommit=228,matchIndex=229
2024-09-10 06:20:06,876 DEBUG server.RaftServer$Division (RaftServerImpl.java:logAppendEntries(1539)) - s9@group-5D788F7A274C: appendEntries* reply s0<-s9#1039:OK-t1,SUCCESS,nextIndex=230,followerCommit=228,matchIndex=229
2024-09-10 06:20:06,876 DEBUG server.RaftServer$Division (RaftServerImpl.java:logAppendEntries(1539)) - s6@group-5D788F7A274C: appendEntries* reply s0<-s6#993:OK-t1,SUCCESS,nextIndex=230,followerCommit=228,matchIndex=229
2024-09-10 06:20:06,876 DEBUG server.RaftServer$Division (RaftServerImpl.java:logAppendEntries(1539)) - s14@group-5D788F7A274C: appendEntries* reply s0<-s14#720:OK-t1,SUCCESS,nextIndex=230,followerCommit=228,matchIndex=229
2024-09-10 06:20:06,876 DEBUG server.RaftServer$Division (RaftServerImpl.java:logAppendEntries(1539)) - s13@group-5D788F7A274C: appendEntries* reply s0<-s13#824:OK-t1,SUCCESS,nextIndex=230,followerCommit=228,matchIndex=229
2024-09-10 06:20:06,876 DEBUG server.RaftServer$Division (RaftServerImpl.java:logAppendEntries(1539)) - s10@group-5D788F7A274C: appendEntries* s0->s10#1475-t1,previous=(t:1, i:228),leaderCommit=228,initializing? false,entries: size=1, first=(t:1, i:229), STATEMACHINELOGENTRY, StateMachineLogEntryProto:4545@client-04EF324C57E0
2024-09-10 06:20:06,876 DEBUG server.RaftServer$Division (RaftServerImpl.java:logAppendEntries(1539)) - s5@group-5D788F7A274C: appendEntries* reply s0<-s5#960:OK-t1,SUCCESS,nextIndex=230,followerCommit=228,matchIndex=229
2024-09-10 06:20:06,876 DEBUG server.RaftServer$Division (RaftServerImpl.java:logAppendEntries(1539)) - s12@group-5D788F7A274C: appendEntries* s0->s12#1062-t1,previous=(t:1, i:228),leaderCommit=228,initializing? false,entries: size=1, first=(t:1, i:229), STATEMACHINELOGENTRY, StateMachineLogEntryProto:4545@client-04EF324C57E0
2024-09-10 06:20:06,876 DEBUG server.RaftServer$Division (RaftServerImpl.java:logAppendEntries(1539)) - s1@group-5D788F7A274C: appendEntries* s0->s1#1328-t1,previous=(t:1, i:228),leaderCommit=228,initializing? false,entries: size=1, first=(t:1, i:229), STATEMACHINELOGENTRY, StateMachineLogEntryProto:4545@client-04EF324C57E0
2024-09-10 06:20:06,877 DEBUG server.RaftServer$Division (RaftServerImpl.java:logAppendEntries(1539)) - s4@group-5D788F7A274C: appendEntries* s0->s4#951-t1,previous=(t:1, i:228),leaderCommit=228,initializing? false,entries: size=1, first=(t:1, i:229), STATEMACHINELOGENTRY, StateMachineLogEntryProto:4545@client-04EF324C57E0
2024-09-10 06:20:06,877 DEBUG server.RaftServer$Division (RaftServerImpl.java:logAppendEntries(1539)) - s10@group-5D788F7A274C: appendEntries* reply s0<-s10#1475:OK-t1,SUCCESS,nextIndex=230,followerCommit=228,matchIndex=229
2024-09-10 06:20:06,877 DEBUG server.RaftServer$Division (RaftServerImpl.java:logAppendEntries(1539)) - s11@group-5D788F7A274C: appendEntries* s0->s11#1111-t1,previous=(t:1, i:228),leaderCommit=228,initializing? false,entries: size=1, first=(t:1, i:229), STATEMACHINELOGENTRY, StateMachineLogEntryProto:4545@client-04EF324C57E0
2024-09-10 06:20:06,877 DEBUG server.RaftServer$Division (RaftServerImpl.java:logAppendEntries(1539)) - s8@group-5D788F7A274C: appendEntries* s0->s8#1027-t1,previous=(t:1, i:228),leaderCommit=228,initializing? false,entries: size=1, first=(t:1, i:229), STATEMACHINELOGENTRY, StateMachineLogEntryProto:4545@client-04EF324C57E0
2024-09-10 06:20:06,877 DEBUG server.RaftServer$Division (RaftServerImpl.java:logAppendEntries(1539)) - s1@group-5D788F7A274C: appendEntries* reply s0<-s1#1328:OK-t1,SUCCESS,nextIndex=230,followerCommit=228,matchIndex=229
2024-09-10 06:20:06,878 DEBUG server.RaftServer$Division (RaftServerImpl.java:logAppendEntries(1539)) - s11@group-5D788F7A274C: appendEntries* reply s0<-s11#1111:OK-t1,SUCCESS,nextIndex=230,followerCommit=228,matchIndex=229
2024-09-10 06:20:06,878 INFO  statemachine.StateMachine (ArithmeticStateMachine.java:applyTransaction(181)) - LEADER:s0-229: a = 119 = 119
2024-09-10 06:20:06,878 DEBUG server.RaftServer$Division (RaftServerImpl.java:logAppendEntries(1539)) - s12@group-5D788F7A274C: appendEntries* reply s0<-s12#1062:OK-t1,SUCCESS,nextIndex=230,followerCommit=228,matchIndex=229
2024-09-10 06:20:06,878 DEBUG server.RaftServer$Division (RaftServerImpl.java:logAppendEntries(1539)) - s8@group-5D788F7A274C: appendEntries* reply s0<-s8#1027:OK-t1,SUCCESS,nextIndex=230,followerCommit=228,matchIndex=229
2024-09-10 06:20:06,878 DEBUG server.RaftServer$Division (RaftServerImpl.java:logAppendEntries(1539)) - s4@group-5D788F7A274C: appendEntries* reply s0<-s4#951:OK-t1,SUCCESS,nextIndex=230,followerCommit=228,matchIndex=229
2024-09-10 06:20:06,879 DEBUG server.RaftServer$Division (RaftServerImpl.java:logAppendEntries(1539)) - s13@group-5D788F7A274C: appendEntries* s0->s13#827-t1,previous=(t:1, i:229),leaderCommit=229,initializing? false,entries: size=1, first=(t:1, i:230), METADATAENTRY(c:229)
2024-09-10 06:20:06,879 DEBUG server.RaftServer$Division (RaftServerImpl.java:logAppendEntries(1539)) - s6@group-5D788F7A274C: appendEntries* s0->s6#997-t1,previous=(t:1, i:229),leaderCommit=229,initializing? false,entries: size=1, first=(t:1, i:230), METADATAENTRY(c:229)
2024-09-10 06:20:06,879 DEBUG server.RaftServer$Division (RaftServerImpl.java:logAppendEntries(1539)) - s13@group-5D788F7A274C: appendEntries* reply s0<-s13#827:OK-t1,SUCCESS,nextIndex=231,followerCommit=229,matchIndex=230
2024-09-10 06:20:06,879 DEBUG server.RaftServer$Division (RaftServerImpl.java:logAppendEntries(1539)) - s7@group-5D788F7A274C: appendEntries* s0->s7#785-t1,previous=(t:1, i:229),leaderCommit=229,initializing? false,entries: size=1, first=(t:1, i:230), METADATAENTRY(c:229)
2024-09-10 06:20:06,879 DEBUG server.RaftServer$Division (RaftServerImpl.java:logAppendEntries(1539)) - s6@group-5D788F7A274C: appendEntries* reply s0<-s6#997:OK-t1,SUCCESS,nextIndex=231,followerCommit=229,matchIndex=230
2024-09-10 06:20:06,880 DEBUG server.RaftServer$Division (RaftServerImpl.java:logAppendEntries(1539)) - s14@group-5D788F7A274C: appendEntries* s0->s14#725-t1,previous=(t:1, i:229),leaderCommit=229,initializing? false,entries: size=1, first=(t:1, i:230), METADATAENTRY(c:229)
2024-09-10 06:20:06,880 DEBUG server.RaftServer$Division (RaftServerImpl.java:logAppendEntries(1539)) - s5@group-5D788F7A274C: appendEntries* s0->s5#966-t1,previous=(t:1, i:229),leaderCommit=229,initializing? false,entries: size=1, first=(t:1, i:230), METADATAENTRY(c:229)
2024-09-10 06:20:06,880 DEBUG server.RaftServer$Division (RaftServerImpl.java:logAppendEntries(1539)) - s1@group-5D788F7A274C: appendEntries* s0->s1#1334-t1,previous=(t:1, i:229),leaderCommit=229,initializing? false,entries: size=1, first=(t:1, i:230), METADATAENTRY(c:229)
2024-09-10 06:20:06,880 DEBUG server.RaftServer$Division (RaftServerImpl.java:logAppendEntries(1539)) - s14@group-5D788F7A274C: appendEntries* reply s0<-s14#725:OK-t1,SUCCESS,nextIndex=231,followerCommit=229,matchIndex=230
2024-09-10 06:20:06,880 DEBUG server.RaftServer$Division (RaftServerImpl.java:logAppendEntries(1539)) - s7@group-5D788F7A274C: appendEntries* reply s0<-s7#785:OK-t1,SUCCESS,nextIndex=231,followerCommit=229,matchIndex=230
2024-09-10 06:20:06,880 DEBUG server.RaftServer$Division (RaftServerImpl.java:logAppendEntries(1539)) - s5@group-5D788F7A274C: appendEntries* reply s0<-s5#966:OK-t1,SUCCESS,nextIndex=231,followerCommit=229,matchIndex=230
2024-09-10 06:20:06,880 DEBUG server.RaftServer$Division (RaftServerImpl.java:logAppendEntries(1539)) - s1@group-5D788F7A274C: appendEntries* reply s0<-s1#1334:OK-t1,SUCCESS,nextIndex=231,followerCommit=229,matchIndex=230
2024-09-10 06:20:06,882 DEBUG server.RaftServer$Division (RaftServerImpl.java:logAppendEntries(1539)) - s2@group-5D788F7A274C: appendEntries* s0->s2#1036-t1,previous=(t:1, i:229),leaderCommit=229,initializing? false,entries: size=1, first=(t:1, i:230), METADATAENTRY(c:229)
2024-09-10 06:20:06,882 DEBUG server.RaftServer$Division (RaftServerImpl.java:logAppendEntries(1539)) - s3@group-5D788F7A274C: appendEntries* s0->s3#1047-t1,previous=(t:1, i:229),leaderCommit=229,initializing? false,entries: size=1, first=(t:1, i:230), METADATAENTRY(c:229)
2024-09-10 06:20:06,882 DEBUG server.RaftServer$Division (RaftServerImpl.java:logAppendEntries(1539)) - s2@group-5D788F7A274C: appendEntries* reply s0<-s2#1036:OK-t1,SUCCESS,nextIndex=231,followerCommit=229,matchIndex=230
2024-09-10 06:20:06,883 DEBUG server.RaftServer$Division (RaftServerImpl.java:logAppendEntries(1539)) - s3@group-5D788F7A274C: appendEntries* reply s0<-s3#1047:OK-t1,SUCCESS,nextIndex=231,followerCommit=229,matchIndex=230
2024-09-10 06:20:06,883 DEBUG server.RaftServer$Division (RaftServerImpl.java:logAppendEntries(1539)) - s9@group-5D788F7A274C: appendEntries* s0->s9#1046-t1,previous=(t:1, i:229),leaderCommit=229,initializing? false,entries: size=1, first=(t:1, i:230), METADATAENTRY(c:229)
2024-09-10 06:20:06,883 DEBUG server.RaftServer$Division (RaftServerImpl.java:logAppendEntries(1539)) - s10@group-5D788F7A274C: appendEntries* s0->s10#1482-t1,previous=(t:1, i:229),leaderCommit=229,initializing? false,entries: size=1, first=(t:1, i:230), METADATAENTRY(c:229)
2024-09-10 06:20:06,883 DEBUG server.RaftServer$Division (RaftServerImpl.java:logAppendEntries(1539)) - s9@group-5D788F7A274C: appendEntries* reply s0<-s9#1046:OK-t1,SUCCESS,nextIndex=231,followerCommit=229,matchIndex=230
2024-09-10 06:20:06,884 DEBUG server.RaftServer$Division (RaftServerImpl.java:logAppendEntries(1539)) - s12@group-5D788F7A274C: appendEntries* s0->s12#1070-t1,previous=(t:1, i:229),leaderCommit=229,initializing? false,entries: size=1, first=(t:1, i:230), METADATAENTRY(c:229)
2024-09-10 06:20:06,884 DEBUG server.RaftServer$Division (RaftServerImpl.java:logAppendEntries(1539)) - s4@group-5D788F7A274C: appendEntries* s0->s4#957-t1,previous=(t:1, i:229),leaderCommit=229,initializing? false,entries: size=1, first=(t:1, i:230), METADATAENTRY(c:229)
2024-09-10 06:20:06,884 DEBUG server.RaftServer$Division (RaftServerImpl.java:logAppendEntries(1539)) - s10@group-5D788F7A274C: appendEntries* reply s0<-s10#1482:OK-t1,SUCCESS,nextIndex=231,followerCommit=229,matchIndex=230
2024-09-10 06:20:06,884 DEBUG server.RaftServer$Division (RaftServerImpl.java:logAppendEntries(1539)) - s11@group-5D788F7A274C: appendEntries* s0->s11#1118-t1,previous=(t:1, i:229),leaderCommit=229,initializing? false,entries: size=1, first=(t:1, i:230), METADATAENTRY(c:229)
2024-09-10 06:20:06,884 DEBUG server.RaftServer$Division (RaftServerImpl.java:logAppendEntries(1539)) - s12@group-5D788F7A274C: appendEntries* reply s0<-s12#1070:OK-t1,SUCCESS,nextIndex=231,followerCommit=229,matchIndex=230
2024-09-10 06:20:06,884 DEBUG server.RaftServer$Division (RaftServerImpl.java:logAppendEntries(1539)) - s4@group-5D788F7A274C: appendEntries* reply s0<-s4#957:OK-t1,SUCCESS,nextIndex=231,followerCommit=229,matchIndex=230
2024-09-10 06:20:06,884 DEBUG server.RaftServer$Division (RaftServerImpl.java:logAppendEntries(1539)) - s11@group-5D788F7A274C: appendEntries* reply s0<-s11#1118:OK-t1,SUCCESS,nextIndex=231,followerCommit=229,matchIndex=230
2024-09-10 06:20:06,885 DEBUG server.RaftServer$Division (RaftServerImpl.java:logAppendEntries(1539)) - s8@group-5D788F7A274C: appendEntries* s0->s8#1035-t1,previous=(t:1, i:229),leaderCommit=229,initializing? false,entries: size=1, first=(t:1, i:230), METADATAENTRY(c:229)
2024-09-10 06:20:06,885 DEBUG server.RaftServer$Division (RaftServerImpl.java:logAppendEntries(1539)) - s8@group-5D788F7A274C: appendEntries* reply s0<-s8#1035:OK-t1,SUCCESS,nextIndex=231,followerCommit=229,matchIndex=230
2024-09-10 06:20:06,886 DEBUG server.RaftServer$Division (RaftServerImpl.java:submitClientRequestAsync(910)) - s0@group-5D788F7A274C: receive client request(RaftClientRequest:client-04EF324C57E0->s0@group-5D788F7A274C, cid=4546, seq=null, RW, Message:0101620240bba8000000...(size=12))
2024-09-10 06:20:06,886 DEBUG server.RaftServer$Division (LeaderStateImpl.java:addPendingRequest(532)) - s0@group-5D788F7A274C-LeaderStateImpl: addPendingRequest at RaftClientRequest:client-04EF324C57E0->s0@group-5D788F7A274C, cid=4546, seq=null, RW, Message:0101620240bba8000000...(size=12), entry=(t:1, i:231), STATEMACHINELOGENTRY, WRITE: logData.size=12, stateMachineData.size=0, logEntryProtoSerializedSize=0
2024-09-10 06:20:06,887 DEBUG server.RaftServer$Division (RaftServerImpl.java:logAppendEntries(1539)) - s6@group-5D788F7A274C: appendEntries* s0->s6#1006-t1,previous=(t:1, i:230),leaderCommit=230,initializing? false,entries: size=1, first=(t:1, i:231), STATEMACHINELOGENTRY, StateMachineLogEntryProto:4546@client-04EF324C57E0
2024-09-10 06:20:06,887 DEBUG server.RaftServer$Division (RaftServerImpl.java:logAppendEntries(1539)) - s14@group-5D788F7A274C: appendEntries* s0->s14#734-t1,previous=(t:1, i:230),leaderCommit=230,initializing? false,entries: size=1, first=(t:1, i:231), STATEMACHINELOGENTRY, StateMachineLogEntryProto:4546@client-04EF324C57E0
2024-09-10 06:20:06,887 DEBUG server.RaftServer$Division (RaftServerImpl.java:logAppendEntries(1539)) - s6@group-5D788F7A274C: appendEntries* reply s0<-s6#1006:OK-t1,SUCCESS,nextIndex=232,followerCommit=230,matchIndex=231
2024-09-10 06:20:06,887 DEBUG server.RaftServer$Division (RaftServerImpl.java:logAppendEntries(1539)) - s14@group-5D788F7A274C: appendEntries* reply s0<-s14#734:OK-t1,SUCCESS,nextIndex=232,followerCommit=230,matchIndex=231
2024-09-10 06:20:06,887 DEBUG server.RaftServer$Division (RaftServerImpl.java:logAppendEntries(1539)) - s2@group-5D788F7A274C: appendEntries* s0->s2#1052-t1,previous=(t:1, i:230),leaderCommit=230,initializing? false,entries: size=1, first=(t:1, i:231), STATEMACHINELOGENTRY, StateMachineLogEntryProto:4546@client-04EF324C57E0
2024-09-10 06:20:06,888 DEBUG server.RaftServer$Division (RaftServerImpl.java:logAppendEntries(1539)) - s3@group-5D788F7A274C: appendEntries* s0->s3#1063-t1,previous=(t:1, i:230),leaderCommit=230,initializing? false,entries: size=1, first=(t:1, i:231), STATEMACHINELOGENTRY, StateMachineLogEntryProto:4546@client-04EF324C57E0
2024-09-10 06:20:06,888 DEBUG server.RaftServer$Division (RaftServerImpl.java:logAppendEntries(1539)) - s5@group-5D788F7A274C: appendEntries* s0->s5#981-t1,previous=(t:1, i:230),leaderCommit=230,initializing? false,entries: size=1, first=(t:1, i:231), STATEMACHINELOGENTRY, StateMachineLogEntryProto:4546@client-04EF324C57E0
2024-09-10 06:20:06,888 DEBUG server.RaftServer$Division (RaftServerImpl.java:logAppendEntries(1539)) - s13@group-5D788F7A274C: appendEntries* s0->s13#831-t1,previous=(t:1, i:230),leaderCommit=230,initializing? false,entries: size=1, first=(t:1, i:231), STATEMACHINELOGENTRY, StateMachineLogEntryProto:4546@client-04EF324C57E0
2024-09-10 06:20:06,888 DEBUG server.RaftServer$Division (RaftServerImpl.java:logAppendEntries(1539)) - s9@group-5D788F7A274C: appendEntries* s0->s9#1061-t1,previous=(t:1, i:230),leaderCommit=230,initializing? false,entries: size=1, first=(t:1, i:231), STATEMACHINELOGENTRY, StateMachineLogEntryProto:4546@client-04EF324C57E0
2024-09-10 06:20:06,888 DEBUG server.RaftServer$Division (RaftServerImpl.java:logAppendEntries(1539)) - s2@group-5D788F7A274C: appendEntries* reply s0<-s2#1052:OK-t1,SUCCESS,nextIndex=232,followerCommit=230,matchIndex=231
2024-09-10 06:20:06,888 DEBUG server.RaftServer$Division (RaftServerImpl.java:logAppendEntries(1539)) - s3@group-5D788F7A274C: appendEntries* reply s0<-s3#1063:OK-t1,SUCCESS,nextIndex=232,followerCommit=230,matchIndex=231
2024-09-10 06:20:06,888 DEBUG server.RaftServer$Division (RaftServerImpl.java:logAppendEntries(1539)) - s5@group-5D788F7A274C: appendEntries* reply s0<-s5#981:OK-t1,SUCCESS,nextIndex=232,followerCommit=230,matchIndex=231
2024-09-10 06:20:06,888 DEBUG server.RaftServer$Division (RaftServerImpl.java:logAppendEntries(1539)) - s9@group-5D788F7A274C: appendEntries* reply s0<-s9#1061:OK-t1,SUCCESS,nextIndex=232,followerCommit=230,matchIndex=231
2024-09-10 06:20:06,888 DEBUG server.RaftServer$Division (RaftServerImpl.java:logAppendEntries(1539)) - s7@group-5D788F7A274C: appendEntries* s0->s7#790-t1,previous=(t:1, i:230),leaderCommit=230,initializing? false,entries: size=1, first=(t:1, i:231), STATEMACHINELOGENTRY, StateMachineLogEntryProto:4546@client-04EF324C57E0
2024-09-10 06:20:06,888 DEBUG server.RaftServer$Division (RaftServerImpl.java:logAppendEntries(1539)) - s13@group-5D788F7A274C: appendEntries* reply s0<-s13#831:OK-t1,SUCCESS,nextIndex=232,followerCommit=230,matchIndex=231
2024-09-10 06:20:06,889 DEBUG server.RaftServer$Division (RaftServerImpl.java:logAppendEntries(1539)) - s1@group-5D788F7A274C: appendEntries* s0->s1#1339-t1,previous=(t:1, i:230),leaderCommit=230,initializing? false,entries: size=1, first=(t:1, i:231), STATEMACHINELOGENTRY, StateMachineLogEntryProto:4546@client-04EF324C57E0
2024-09-10 06:20:06,889 DEBUG server.RaftServer$Division (RaftServerImpl.java:logAppendEntries(1539)) - s7@group-5D788F7A274C: appendEntries* reply s0<-s7#790:OK-t1,SUCCESS,nextIndex=232,followerCommit=230,matchIndex=231
2024-09-10 06:20:06,889 DEBUG server.RaftServer$Division (RaftServerImpl.java:logAppendEntries(1539)) - s8@group-5D788F7A274C: appendEntries* s0->s8#1053-t1,previous=(t:1, i:230),leaderCommit=230,initializing? false,entries: size=1, first=(t:1, i:231), STATEMACHINELOGENTRY, StateMachineLogEntryProto:4546@client-04EF324C57E0
2024-09-10 06:20:06,890 DEBUG server.RaftServer$Division (RaftServerImpl.java:logAppendEntries(1539)) - s12@group-5D788F7A274C: appendEntries* s0->s12#1084-t1,previous=(t:1, i:230),leaderCommit=230,initializing? false,entries: size=1, first=(t:1, i:231), STATEMACHINELOGENTRY, StateMachineLogEntryProto:4546@client-04EF324C57E0
2024-09-10 06:20:06,890 DEBUG server.RaftServer$Division (RaftServerImpl.java:logAppendEntries(1539)) - s1@group-5D788F7A274C: appendEntries* reply s0<-s1#1339:OK-t1,SUCCESS,nextIndex=232,followerCommit=230,matchIndex=231
2024-09-10 06:20:06,890 DEBUG server.RaftServer$Division (RaftServerImpl.java:logAppendEntries(1539)) - s4@group-5D788F7A274C: appendEntries* s0->s4#964-t1,previous=(t:1, i:230),leaderCommit=230,initializing? false,entries: size=1, first=(t:1, i:231), STATEMACHINELOGENTRY, StateMachineLogEntryProto:4546@client-04EF324C57E0
2024-09-10 06:20:06,890 DEBUG server.RaftServer$Division (RaftServerImpl.java:logAppendEntries(1539)) - s12@group-5D788F7A274C: appendEntries* reply s0<-s12#1084:OK-t1,SUCCESS,nextIndex=232,followerCommit=230,matchIndex=231
2024-09-10 06:20:06,890 DEBUG server.RaftServer$Division (RaftServerImpl.java:logAppendEntries(1539)) - s10@group-5D788F7A274C: appendEntries* s0->s10#1497-t1,previous=(t:1, i:230),leaderCommit=230,initializing? false,entries: size=1, first=(t:1, i:231), STATEMACHINELOGENTRY, StateMachineLogEntryProto:4546@client-04EF324C57E0
2024-09-10 06:20:06,890 DEBUG server.RaftServer$Division (RaftServerImpl.java:logAppendEntries(1539)) - s11@group-5D788F7A274C: appendEntries* s0->s11#1133-t1,previous=(t:1, i:230),leaderCommit=230,initializing? false,entries: size=1, first=(t:1, i:231), STATEMACHINELOGENTRY, StateMachineLogEntryProto:4546@client-04EF324C57E0
2024-09-10 06:20:06,890 DEBUG server.RaftServer$Division (RaftServerImpl.java:logAppendEntries(1539)) - s8@group-5D788F7A274C: appendEntries* reply s0<-s8#1053:OK-t1,SUCCESS,nextIndex=232,followerCommit=230,matchIndex=231
2024-09-10 06:20:06,890 DEBUG server.RaftServer$Division (RaftServerImpl.java:logAppendEntries(1539)) - s10@group-5D788F7A274C: appendEntries* reply s0<-s10#1497:OK-t1,SUCCESS,nextIndex=232,followerCommit=230,matchIndex=231
2024-09-10 06:20:06,890 DEBUG server.RaftServer$Division (RaftServerImpl.java:logAppendEntries(1539)) - s11@group-5D788F7A274C: appendEntries* reply s0<-s11#1133:OK-t1,SUCCESS,nextIndex=232,followerCommit=230,matchIndex=231
2024-09-10 06:20:06,890 DEBUG server.RaftServer$Division (RaftServerImpl.java:logAppendEntries(1539)) - s4@group-5D788F7A274C: appendEntries* reply s0<-s4#964:OK-t1,SUCCESS,nextIndex=232,followerCommit=230,matchIndex=231
2024-09-10 06:20:06,891 INFO  statemachine.StateMachine (ArithmeticStateMachine.java:applyTransaction(181)) - LEADER:s0-231: b = 7080 = 7080
2024-09-10 06:20:06,891 DEBUG server.RaftServer$Division (RaftServerImpl.java:logAppendEntries(1539)) - s14@group-5D788F7A274C: appendEntries* s0->s14#738-t1,previous=(t:1, i:231),leaderCommit=231,initializing? false,entries: size=1, first=(t:1, i:232), METADATAENTRY(c:231)
2024-09-10 06:20:06,892 DEBUG server.RaftServer$Division (RaftServerImpl.java:logAppendEntries(1539)) - s9@group-5D788F7A274C: appendEntries* s0->s9#1069-t1,previous=(t:1, i:231),leaderCommit=231,initializing? false,entries: size=1, first=(t:1, i:232), METADATAENTRY(c:231)
2024-09-10 06:20:06,892 DEBUG server.RaftServer$Division (RaftServerImpl.java:logAppendEntries(1539)) - s7@group-5D788F7A274C: appendEntries* s0->s7#794-t1,previous=(t:1, i:231),leaderCommit=231,initializing? false,entries: size=1, first=(t:1, i:232), METADATAENTRY(c:231)
2024-09-10 06:20:06,892 DEBUG server.RaftServer$Division (RaftServerImpl.java:logAppendEntries(1539)) - s9@group-5D788F7A274C: appendEntries* reply s0<-s9#1069:OK-t1,SUCCESS,nextIndex=233,followerCommit=231,matchIndex=232
2024-09-10 06:20:06,892 DEBUG server.RaftServer$Division (RaftServerImpl.java:logAppendEntries(1539)) - s7@group-5D788F7A274C: appendEntries* reply s0<-s7#794:OK-t1,SUCCESS,nextIndex=233,followerCommit=231,matchIndex=232
2024-09-10 06:20:06,892 DEBUG server.RaftServer$Division (RaftServerImpl.java:logAppendEntries(1539)) - s14@group-5D788F7A274C: appendEntries* reply s0<-s14#738:OK-t1,SUCCESS,nextIndex=233,followerCommit=231,matchIndex=232
2024-09-10 06:20:06,893 DEBUG server.RaftServer$Division (RaftServerImpl.java:logAppendEntries(1539)) - s13@group-5D788F7A274C: appendEntries* s0->s13#837-t1,previous=(t:1, i:231),leaderCommit=231,initializing? false,entries: size=1, first=(t:1, i:232), METADATAENTRY(c:231)
2024-09-10 06:20:06,893 DEBUG server.RaftServer$Division (RaftServerImpl.java:logAppendEntries(1539)) - s13@group-5D788F7A274C: appendEntries* reply s0<-s13#837:OK-t1,SUCCESS,nextIndex=233,followerCommit=231,matchIndex=232
2024-09-10 06:20:06,893 DEBUG server.RaftServer$Division (RaftServerImpl.java:logAppendEntries(1539)) - s6@group-5D788F7A274C: appendEntries* s0->s6#1011-t1,previous=(t:1, i:231),leaderCommit=231,initializing? false,entries: size=1, first=(t:1, i:232), METADATAENTRY(c:231)
2024-09-10 06:20:06,893 DEBUG server.RaftServer$Division (RaftServerImpl.java:logAppendEntries(1539)) - s5@group-5D788F7A274C: appendEntries* s0->s5#987-t1,previous=(t:1, i:231),leaderCommit=231,initializing? false,entries: size=1, first=(t:1, i:232), METADATAENTRY(c:231)
2024-09-10 06:20:06,893 DEBUG server.RaftServer$Division (RaftServerImpl.java:logAppendEntries(1539)) - s6@group-5D788F7A274C: appendEntries* reply s0<-s6#1011:OK-t1,SUCCESS,nextIndex=233,followerCommit=231,matchIndex=232
2024-09-10 06:20:06,894 DEBUG server.RaftServer$Division (RaftServerImpl.java:logAppendEntries(1539)) - s1@group-5D788F7A274C: appendEntries* s0->s1#1345-t1,previous=(t:1, i:231),leaderCommit=231,initializing? false,entries: size=1, first=(t:1, i:232), METADATAENTRY(c:231)
2024-09-10 06:20:06,894 DEBUG server.RaftServer$Division (RaftServerImpl.java:logAppendEntries(1539)) - s3@group-5D788F7A274C: appendEntries* s0->s3#1072-t1,previous=(t:1, i:231),leaderCommit=231,initializing? false,entries: size=1, first=(t:1, i:232), METADATAENTRY(c:231)
2024-09-10 06:20:06,894 DEBUG server.RaftServer$Division (RaftServerImpl.java:logAppendEntries(1539)) - s11@group-5D788F7A274C: appendEntries* s0->s11#1142-t1,previous=(t:1, i:231),leaderCommit=231,initializing? false,entries: size=1, first=(t:1, i:232), METADATAENTRY(c:231)
2024-09-10 06:20:06,894 DEBUG server.RaftServer$Division (RaftServerImpl.java:logAppendEntries(1539)) - s4@group-5D788F7A274C: appendEntries* s0->s4#970-t1,previous=(t:1, i:231),leaderCommit=231,initializing? false,entries: size=1, first=(t:1, i:232), METADATAENTRY(c:231)
2024-09-10 06:20:06,894 DEBUG server.RaftServer$Division (RaftServerImpl.java:logAppendEntries(1539)) - s3@group-5D788F7A274C: appendEntries* reply s0<-s3#1072:OK-t1,SUCCESS,nextIndex=233,followerCommit=231,matchIndex=232
2024-09-10 06:20:06,894 DEBUG server.RaftServer$Division (RaftServerImpl.java:logAppendEntries(1539)) - s1@group-5D788F7A274C: appendEntries* reply s0<-s1#1345:OK-t1,SUCCESS,nextIndex=233,followerCommit=231,matchIndex=232
2024-09-10 06:20:06,895 DEBUG server.RaftServer$Division (RaftServerImpl.java:logAppendEntries(1539)) - s5@group-5D788F7A274C: appendEntries* reply s0<-s5#987:OK-t1,SUCCESS,nextIndex=233,followerCommit=231,matchIndex=232
2024-09-10 06:20:06,895 DEBUG server.RaftServer$Division (RaftServerImpl.java:logAppendEntries(1539)) - s11@group-5D788F7A274C: appendEntries* reply s0<-s11#1142:OK-t1,SUCCESS,nextIndex=233,followerCommit=231,matchIndex=232
2024-09-10 06:20:06,895 DEBUG server.RaftServer$Division (RaftServerImpl.java:logAppendEntries(1539)) - s4@group-5D788F7A274C: appendEntries* reply s0<-s4#970:OK-t1,SUCCESS,nextIndex=233,followerCommit=231,matchIndex=232
2024-09-10 06:20:06,895 DEBUG server.RaftServer$Division (RaftServerImpl.java:logAppendEntries(1539)) - s2@group-5D788F7A274C: appendEntries* s0->s2#1060-t1,previous=(t:1, i:231),leaderCommit=231,initializing? false,entries: size=1, first=(t:1, i:232), METADATAENTRY(c:231)
2024-09-10 06:20:06,895 DEBUG server.RaftServer$Division (RaftServerImpl.java:logAppendEntries(1539)) - s8@group-5D788F7A274C: appendEntries* s0->s8#1063-t1,previous=(t:1, i:231),leaderCommit=231,initializing? false,entries: size=1, first=(t:1, i:232), METADATAENTRY(c:231)
2024-09-10 06:20:06,895 DEBUG server.RaftServer$Division (RaftServerImpl.java:logAppendEntries(1539)) - s12@group-5D788F7A274C: appendEntries* s0->s12#1093-t1,previous=(t:1, i:231),leaderCommit=231,initializing? false,entries: size=1, first=(t:1, i:232), METADATAENTRY(c:231)
2024-09-10 06:20:06,895 DEBUG server.RaftServer$Division (RaftServerImpl.java:logAppendEntries(1539)) - s2@group-5D788F7A274C: appendEntries* reply s0<-s2#1060:OK-t1,SUCCESS,nextIndex=233,followerCommit=231,matchIndex=232
2024-09-10 06:20:06,896 DEBUG server.RaftServer$Division (RaftServerImpl.java:logAppendEntries(1539)) - s12@group-5D788F7A274C: appendEntries* reply s0<-s12#1093:OK-t1,SUCCESS,nextIndex=233,followerCommit=231,matchIndex=232
2024-09-10 06:20:06,896 DEBUG server.RaftServer$Division (RaftServerImpl.java:logAppendEntries(1539)) - s8@group-5D788F7A274C: appendEntries* reply s0<-s8#1063:OK-t1,SUCCESS,nextIndex=233,followerCommit=231,matchIndex=232
2024-09-10 06:20:06,896 DEBUG server.RaftServer$Division (RaftServerImpl.java:logAppendEntries(1539)) - s10@group-5D788F7A274C: appendEntries* s0->s10#1507-t1,previous=(t:1, i:231),leaderCommit=231,initializing? false,entries: size=1, first=(t:1, i:232), METADATAENTRY(c:231)
2024-09-10 06:20:06,897 DEBUG server.RaftServer$Division (RaftServerImpl.java:logAppendEntries(1539)) - s10@group-5D788F7A274C: appendEntries* reply s0<-s10#1507:OK-t1,SUCCESS,nextIndex=233,followerCommit=231,matchIndex=232
2024-09-10 06:20:06,898 DEBUG server.RaftServer$Division (RaftServerImpl.java:submitClientRequestAsync(910)) - s0@group-5D788F7A274C: receive client request(RaftClientRequest:client-04EF324C57E0->s0@group-5D788F7A274C, cid=4547, seq=null, RW, Message:01016304010300040201...(size=17))
2024-09-10 06:20:06,899 DEBUG server.RaftServer$Division (LeaderStateImpl.java:addPendingRequest(532)) - s0@group-5D788F7A274C-LeaderStateImpl: addPendingRequest at RaftClientRequest:client-04EF324C57E0->s0@group-5D788F7A274C, cid=4547, seq=null, RW, Message:01016304010300040201...(size=17), entry=(t:1, i:233), STATEMACHINELOGENTRY, WRITE: logData.size=17, stateMachineData.size=0, logEntryProtoSerializedSize=0
2024-09-10 06:20:06,899 DEBUG server.RaftServer$Division (RaftServerImpl.java:logAppendEntries(1539)) - s7@group-5D788F7A274C: appendEntries* s0->s7#804-t1,previous=(t:1, i:232),leaderCommit=232,initializing? false,entries: size=1, first=(t:1, i:233), STATEMACHINELOGENTRY, StateMachineLogEntryProto:4547@client-04EF324C57E0
2024-09-10 06:20:06,900 DEBUG server.RaftServer$Division (RaftServerImpl.java:logAppendEntries(1539)) - s11@group-5D788F7A274C: appendEntries* s0->s11#1160-t1,previous=(t:1, i:232),leaderCommit=232,initializing? false,entries: size=1, first=(t:1, i:233), STATEMACHINELOGENTRY, StateMachineLogEntryProto:4547@client-04EF324C57E0
2024-09-10 06:20:06,900 DEBUG server.RaftServer$Division (RaftServerImpl.java:logAppendEntries(1539)) - s8@group-5D788F7A274C: appendEntries* s0->s8#1081-t1,previous=(t:1, i:232),leaderCommit=232,initializing? false,entries: size=1, first=(t:1, i:233), STATEMACHINELOGENTRY, StateMachineLogEntryProto:4547@client-04EF324C57E0
2024-09-10 06:20:06,900 DEBUG server.RaftServer$Division (RaftServerImpl.java:logAppendEntries(1539)) - s7@group-5D788F7A274C: appendEntries* reply s0<-s7#804:OK-t1,SUCCESS,nextIndex=234,followerCommit=232,matchIndex=233
2024-09-10 06:20:06,900 DEBUG server.RaftServer$Division (RaftServerImpl.java:logAppendEntries(1539)) - s11@group-5D788F7A274C: appendEntries* reply s0<-s11#1160:OK-t1,SUCCESS,nextIndex=234,followerCommit=232,matchIndex=233
2024-09-10 06:20:06,900 DEBUG server.RaftServer$Division (RaftServerImpl.java:logAppendEntries(1539)) - s8@group-5D788F7A274C: appendEntries* reply s0<-s8#1081:OK-t1,SUCCESS,nextIndex=234,followerCommit=232,matchIndex=233
2024-09-10 06:20:06,900 DEBUG server.RaftServer$Division (RaftServerImpl.java:logAppendEntries(1539)) - s10@group-5D788F7A274C: appendEntries* s0->s10#1527-t1,previous=(t:1, i:232),leaderCommit=232,initializing? false,entries: size=1, first=(t:1, i:233), STATEMACHINELOGENTRY, StateMachineLogEntryProto:4547@client-04EF324C57E0
2024-09-10 06:20:06,900 DEBUG server.RaftServer$Division (RaftServerImpl.java:logAppendEntries(1539)) - s14@group-5D788F7A274C: appendEntries* s0->s14#750-t1,previous=(t:1, i:232),leaderCommit=232,initializing? false,entries: size=1, first=(t:1, i:233), STATEMACHINELOGENTRY, StateMachineLogEntryProto:4547@client-04EF324C57E0
2024-09-10 06:20:06,901 DEBUG server.RaftServer$Division (RaftServerImpl.java:logAppendEntries(1539)) - s3@group-5D788F7A274C: appendEntries* s0->s3#1091-t1,previous=(t:1, i:232),leaderCommit=232,initializing? false,entries: size=1, first=(t:1, i:233), STATEMACHINELOGENTRY, StateMachineLogEntryProto:4547@client-04EF324C57E0
2024-09-10 06:20:06,901 DEBUG server.RaftServer$Division (RaftServerImpl.java:logAppendEntries(1539)) - s2@group-5D788F7A274C: appendEntries* s0->s2#1079-t1,previous=(t:1, i:232),leaderCommit=232,initializing? false,entries: size=1, first=(t:1, i:233), STATEMACHINELOGENTRY, StateMachineLogEntryProto:4547@client-04EF324C57E0
2024-09-10 06:20:06,901 DEBUG server.RaftServer$Division (RaftServerImpl.java:logAppendEntries(1539)) - s14@group-5D788F7A274C: appendEntries* reply s0<-s14#750:OK-t1,SUCCESS,nextIndex=234,followerCommit=232,matchIndex=233
2024-09-10 06:20:06,901 DEBUG server.RaftServer$Division (RaftServerImpl.java:logAppendEntries(1539)) - s10@group-5D788F7A274C: appendEntries* reply s0<-s10#1527:OK-t1,SUCCESS,nextIndex=234,followerCommit=232,matchIndex=233
2024-09-10 06:20:06,901 DEBUG server.RaftServer$Division (RaftServerImpl.java:logAppendEntries(1539)) - s12@group-5D788F7A274C: appendEntries* s0->s12#1112-t1,previous=(t:1, i:232),leaderCommit=232,initializing? false,entries: size=1, first=(t:1, i:233), STATEMACHINELOGENTRY, StateMachineLogEntryProto:4547@client-04EF324C57E0
2024-09-10 06:20:06,901 DEBUG server.RaftServer$Division (RaftServerImpl.java:logAppendEntries(1539)) - s2@group-5D788F7A274C: appendEntries* reply s0<-s2#1079:OK-t1,SUCCESS,nextIndex=234,followerCommit=232,matchIndex=233
2024-09-10 06:20:06,901 DEBUG server.RaftServer$Division (RaftServerImpl.java:logAppendEntries(1539)) - s6@group-5D788F7A274C: appendEntries* s0->s6#1025-t1,previous=(t:1, i:232),leaderCommit=232,initializing? false,entries: size=1, first=(t:1, i:233), STATEMACHINELOGENTRY, StateMachineLogEntryProto:4547@client-04EF324C57E0
2024-09-10 06:20:06,901 DEBUG server.RaftServer$Division (RaftServerImpl.java:logAppendEntries(1539)) - s3@group-5D788F7A274C: appendEntries* reply s0<-s3#1091:OK-t1,SUCCESS,nextIndex=234,followerCommit=232,matchIndex=233
2024-09-10 06:20:06,902 DEBUG server.RaftServer$Division (RaftServerImpl.java:logAppendEntries(1539)) - s1@group-5D788F7A274C: appendEntries* s0->s1#1357-t1,previous=(t:1, i:232),leaderCommit=232,initializing? false,entries: size=1, first=(t:1, i:233), STATEMACHINELOGENTRY, StateMachineLogEntryProto:4547@client-04EF324C57E0
2024-09-10 06:20:06,902 DEBUG server.RaftServer$Division (RaftServerImpl.java:logAppendEntries(1539)) - s13@group-5D788F7A274C: appendEntries* s0->s13#849-t1,previous=(t:1, i:232),leaderCommit=232,initializing? false,entries: size=1, first=(t:1, i:233), STATEMACHINELOGENTRY, StateMachineLogEntryProto:4547@client-04EF324C57E0
2024-09-10 06:20:06,902 DEBUG server.RaftServer$Division (RaftServerImpl.java:logAppendEntries(1539)) - s6@group-5D788F7A274C: appendEntries* reply s0<-s6#1025:OK-t1,SUCCESS,nextIndex=234,followerCommit=232,matchIndex=233
2024-09-10 06:20:06,902 DEBUG server.RaftServer$Division (RaftServerImpl.java:logAppendEntries(1539)) - s12@group-5D788F7A274C: appendEntries* reply s0<-s12#1112:OK-t1,SUCCESS,nextIndex=234,followerCommit=232,matchIndex=233
2024-09-10 06:20:06,902 DEBUG server.RaftServer$Division (RaftServerImpl.java:logAppendEntries(1539)) - s9@group-5D788F7A274C: appendEntries* s0->s9#1086-t1,previous=(t:1, i:232),leaderCommit=232,initializing? false,entries: size=1, first=(t:1, i:233), STATEMACHINELOGENTRY, StateMachineLogEntryProto:4547@client-04EF324C57E0
2024-09-10 06:20:06,902 DEBUG server.RaftServer$Division (RaftServerImpl.java:logAppendEntries(1539)) - s5@group-5D788F7A274C: appendEntries* s0->s5#1003-t1,previous=(t:1, i:232),leaderCommit=232,initializing? false,entries: size=1, first=(t:1, i:233), STATEMACHINELOGENTRY, StateMachineLogEntryProto:4547@client-04EF324C57E0
2024-09-10 06:20:06,902 DEBUG server.RaftServer$Division (RaftServerImpl.java:logAppendEntries(1539)) - s13@group-5D788F7A274C: appendEntries* reply s0<-s13#849:OK-t1,SUCCESS,nextIndex=234,followerCommit=232,matchIndex=233
2024-09-10 06:20:06,902 DEBUG server.RaftServer$Division (RaftServerImpl.java:logAppendEntries(1539)) - s9@group-5D788F7A274C: appendEntries* reply s0<-s9#1086:OK-t1,SUCCESS,nextIndex=234,followerCommit=232,matchIndex=233
2024-09-10 06:20:06,902 DEBUG server.RaftServer$Division (RaftServerImpl.java:logAppendEntries(1539)) - s1@group-5D788F7A274C: appendEntries* reply s0<-s1#1357:OK-t1,SUCCESS,nextIndex=234,followerCommit=232,matchIndex=233
2024-09-10 06:20:06,903 DEBUG server.RaftServer$Division (RaftServerImpl.java:logAppendEntries(1539)) - s5@group-5D788F7A274C: appendEntries* reply s0<-s5#1003:OK-t1,SUCCESS,nextIndex=234,followerCommit=232,matchIndex=233
2024-09-10 06:20:06,903 DEBUG server.RaftServer$Division (RaftServerImpl.java:logAppendEntries(1539)) - s4@group-5D788F7A274C: appendEntries* s0->s4#983-t1,previous=(t:1, i:232),leaderCommit=232,initializing? false,entries: size=1, first=(t:1, i:233), STATEMACHINELOGENTRY, StateMachineLogEntryProto:4547@client-04EF324C57E0
2024-09-10 06:20:06,903 DEBUG server.RaftServer$Division (RaftServerImpl.java:logAppendEntries(1539)) - s4@group-5D788F7A274C: appendEntries* reply s0<-s4#983:OK-t1,SUCCESS,nextIndex=234,followerCommit=232,matchIndex=233
2024-09-10 06:20:06,903 INFO  statemachine.StateMachine (ArithmeticStateMachine.java:applyTransaction(181)) - LEADER:s0-233: c = √(a^2 + b^2) = 7081
2024-09-10 06:20:06,904 DEBUG server.RaftServer$Division (RaftServerImpl.java:logAppendEntries(1539)) - s7@group-5D788F7A274C: appendEntries* s0->s7#805-t1,previous=(t:1, i:233),leaderCommit=233,initializing? false,entries: size=1, first=(t:1, i:234), METADATAENTRY(c:233)
2024-09-10 06:20:06,905 DEBUG server.RaftServer$Division (RaftServerImpl.java:logAppendEntries(1539)) - s7@group-5D788F7A274C: appendEntries* reply s0<-s7#805:OK-t1,SUCCESS,nextIndex=235,followerCommit=233,matchIndex=234
2024-09-10 06:20:06,905 DEBUG server.RaftServer$Division (RaftServerImpl.java:logAppendEntries(1539)) - s14@group-5D788F7A274C: appendEntries* s0->s14#751-t1,previous=(t:1, i:233),leaderCommit=233,initializing? false,entries: size=1, first=(t:1, i:234), METADATAENTRY(c:233)
2024-09-10 06:20:06,905 DEBUG server.RaftServer$Division (RaftServerImpl.java:logAppendEntries(1539)) - s2@group-5D788F7A274C: appendEntries* s0->s2#1084-t1,previous=(t:1, i:233),leaderCommit=233,initializing? false,entries: size=1, first=(t:1, i:234), METADATAENTRY(c:233)
2024-09-10 06:20:06,905 DEBUG server.RaftServer$Division (RaftServerImpl.java:logAppendEntries(1539)) - s6@group-5D788F7A274C: appendEntries* s0->s6#1030-t1,previous=(t:1, i:233),leaderCommit=233,initializing? false,entries: size=1, first=(t:1, i:234), METADATAENTRY(c:233)
2024-09-10 06:20:06,905 DEBUG server.RaftServer$Division (RaftServerImpl.java:logAppendEntries(1539)) - s2@group-5D788F7A274C: appendEntries* reply s0<-s2#1084:OK-t1,SUCCESS,nextIndex=235,followerCommit=233,matchIndex=234
2024-09-10 06:20:06,905 DEBUG server.RaftServer$Division (RaftServerImpl.java:logAppendEntries(1539)) - s14@group-5D788F7A274C: appendEntries* reply s0<-s14#751:OK-t1,SUCCESS,nextIndex=235,followerCommit=233,matchIndex=234
2024-09-10 06:20:06,905 DEBUG server.RaftServer$Division (RaftServerImpl.java:logAppendEntries(1539)) - s3@group-5D788F7A274C: appendEntries* s0->s3#1096-t1,previous=(t:1, i:233),leaderCommit=233,initializing? false,entries: size=1, first=(t:1, i:234), METADATAENTRY(c:233)
2024-09-10 06:20:06,906 DEBUG server.RaftServer$Division (RaftServerImpl.java:logAppendEntries(1539)) - s13@group-5D788F7A274C: appendEntries* s0->s13#854-t1,previous=(t:1, i:233),leaderCommit=233,initializing? false,entries: size=1, first=(t:1, i:234), METADATAENTRY(c:233)
2024-09-10 06:20:06,906 DEBUG server.RaftServer$Division (RaftServerImpl.java:logAppendEntries(1539)) - s5@group-5D788F7A274C: appendEntries* s0->s5#1009-t1,previous=(t:1, i:233),leaderCommit=233,initializing? false,entries: size=1, first=(t:1, i:234), METADATAENTRY(c:233)
2024-09-10 06:20:06,906 DEBUG server.RaftServer$Division (RaftServerImpl.java:logAppendEntries(1539)) - s6@group-5D788F7A274C: appendEntries* reply s0<-s6#1030:OK-t1,SUCCESS,nextIndex=235,followerCommit=233,matchIndex=234
2024-09-10 06:20:06,906 DEBUG server.RaftServer$Division (RaftServerImpl.java:logAppendEntries(1539)) - s13@group-5D788F7A274C: appendEntries* reply s0<-s13#854:OK-t1,SUCCESS,nextIndex=235,followerCommit=233,matchIndex=234
2024-09-10 06:20:06,906 DEBUG server.RaftServer$Division (RaftServerImpl.java:logAppendEntries(1539)) - s3@group-5D788F7A274C: appendEntries* reply s0<-s3#1096:OK-t1,SUCCESS,nextIndex=235,followerCommit=233,matchIndex=234
2024-09-10 06:20:06,906 DEBUG server.RaftServer$Division (RaftServerImpl.java:logAppendEntries(1539)) - s5@group-5D788F7A274C: appendEntries* reply s0<-s5#1009:OK-t1,SUCCESS,nextIndex=235,followerCommit=233,matchIndex=234
2024-09-10 06:20:06,906 DEBUG server.RaftServer$Division (RaftServerImpl.java:logAppendEntries(1539)) - s9@group-5D788F7A274C: appendEntries* s0->s9#1092-t1,previous=(t:1, i:233),leaderCommit=233,initializing? false,entries: size=1, first=(t:1, i:234), METADATAENTRY(c:233)
2024-09-10 06:20:06,907 DEBUG server.RaftServer$Division (RaftServerImpl.java:logAppendEntries(1539)) - s1@group-5D788F7A274C: appendEntries* s0->s1#1362-t1,previous=(t:1, i:233),leaderCommit=233,initializing? false,entries: size=1, first=(t:1, i:234), METADATAENTRY(c:233)
2024-09-10 06:20:06,907 DEBUG server.RaftServer$Division (RaftServerImpl.java:logAppendEntries(1539)) - s9@group-5D788F7A274C: appendEntries* reply s0<-s9#1092:OK-t1,SUCCESS,nextIndex=235,followerCommit=233,matchIndex=234
2024-09-10 06:20:06,907 DEBUG server.RaftServer$Division (RaftServerImpl.java:logAppendEntries(1539)) - s1@group-5D788F7A274C: appendEntries* reply s0<-s1#1362:OK-t1,SUCCESS,nextIndex=235,followerCommit=233,matchIndex=234
2024-09-10 06:20:06,907 DEBUG server.RaftServer$Division (RaftServerImpl.java:logAppendEntries(1539)) - s8@group-5D788F7A274C: appendEntries* s0->s8#1084-t1,previous=(t:1, i:233),leaderCommit=233,initializing? false,entries: size=1, first=(t:1, i:234), METADATAENTRY(c:233)
2024-09-10 06:20:06,907 DEBUG server.RaftServer$Division (RaftServerImpl.java:logAppendEntries(1539)) - s11@group-5D788F7A274C: appendEntries* s0->s11#1164-t1,previous=(t:1, i:233),leaderCommit=233,initializing? false,entries: size=1, first=(t:1, i:234), METADATAENTRY(c:233)
2024-09-10 06:20:06,908 DEBUG server.RaftServer$Division (RaftServerImpl.java:logAppendEntries(1539)) - s12@group-5D788F7A274C: appendEntries* s0->s12#1117-t1,previous=(t:1, i:233),leaderCommit=233,initializing? false,entries: size=1, first=(t:1, i:234), METADATAENTRY(c:233)
2024-09-10 06:20:06,908 DEBUG server.RaftServer$Division (RaftServerImpl.java:logAppendEntries(1539)) - s11@group-5D788F7A274C: appendEntries* reply s0<-s11#1164:OK-t1,SUCCESS,nextIndex=235,followerCommit=233,matchIndex=234
2024-09-10 06:20:06,908 DEBUG server.RaftServer$Division (RaftServerImpl.java:logAppendEntries(1539)) - s8@group-5D788F7A274C: appendEntries* reply s0<-s8#1084:OK-t1,SUCCESS,nextIndex=235,followerCommit=233,matchIndex=234
2024-09-10 06:20:06,908 DEBUG server.RaftServer$Division (RaftServerImpl.java:logAppendEntries(1539)) - s10@group-5D788F7A274C: appendEntries* s0->s10#1529-t1,previous=(t:1, i:233),leaderCommit=233,initializing? false,entries: size=1, first=(t:1, i:234), METADATAENTRY(c:233)
2024-09-10 06:20:06,908 DEBUG server.RaftServer$Division (RaftServerImpl.java:logAppendEntries(1539)) - s12@group-5D788F7A274C: appendEntries* reply s0<-s12#1117:OK-t1,SUCCESS,nextIndex=235,followerCommit=233,matchIndex=234
2024-09-10 06:20:06,908 DEBUG server.RaftServer$Division (RaftServerImpl.java:logAppendEntries(1539)) - s4@group-5D788F7A274C: appendEntries* s0->s4#987-t1,previous=(t:1, i:233),leaderCommit=233,initializing? false,entries: size=1, first=(t:1, i:234), METADATAENTRY(c:233)
2024-09-10 06:20:06,908 DEBUG server.RaftServer$Division (RaftServerImpl.java:logAppendEntries(1539)) - s10@group-5D788F7A274C: appendEntries* reply s0<-s10#1529:OK-t1,SUCCESS,nextIndex=235,followerCommit=233,matchIndex=234
2024-09-10 06:20:06,909 DEBUG server.RaftServer$Division (RaftServerImpl.java:logAppendEntries(1539)) - s4@group-5D788F7A274C: appendEntries* reply s0<-s4#987:OK-t1,SUCCESS,nextIndex=235,followerCommit=233,matchIndex=234
2024-09-10 06:20:06,910 DEBUG server.RaftServer$Division (RaftServerImpl.java:submitClientRequestAsync(910)) - s0@group-5D788F7A274C: receive client request(RaftClientRequest:client-04EF324C57E0->s0@group-5D788F7A274C, cid=4548, seq=null, RW, Message:01016100)
2024-09-10 06:20:06,911 DEBUG server.RaftServer$Division (LeaderStateImpl.java:addPendingRequest(532)) - s0@group-5D788F7A274C-LeaderStateImpl: addPendingRequest at RaftClientRequest:client-04EF324C57E0->s0@group-5D788F7A274C, cid=4548, seq=null, RW, Message:01016100, entry=(t:1, i:235), STATEMACHINELOGENTRY, WRITE: logData.size=4, stateMachineData.size=0, logEntryProtoSerializedSize=0
2024-09-10 06:20:06,911 DEBUG server.RaftServer$Division (RaftServerImpl.java:logAppendEntries(1539)) - s7@group-5D788F7A274C: appendEntries* s0->s7#816-t1,previous=(t:1, i:234),leaderCommit=234,initializing? false,entries: size=1, first=(t:1, i:235), STATEMACHINELOGENTRY, StateMachineLogEntryProto:4548@client-04EF324C57E0
2024-09-10 06:20:06,912 DEBUG server.RaftServer$Division (RaftServerImpl.java:logAppendEntries(1539)) - s11@group-5D788F7A274C: appendEntries* s0->s11#1184-t1,previous=(t:1, i:234),leaderCommit=234,initializing? false,entries: size=1, first=(t:1, i:235), STATEMACHINELOGENTRY, StateMachineLogEntryProto:4548@client-04EF324C57E0
2024-09-10 06:20:06,912 DEBUG server.RaftServer$Division (RaftServerImpl.java:logAppendEntries(1539)) - s14@group-5D788F7A274C: appendEntries* s0->s14#763-t1,previous=(t:1, i:234),leaderCommit=234,initializing? false,entries: size=1, first=(t:1, i:235), STATEMACHINELOGENTRY, StateMachineLogEntryProto:4548@client-04EF324C57E0
2024-09-10 06:20:06,912 DEBUG server.RaftServer$Division (RaftServerImpl.java:logAppendEntries(1539)) - s10@group-5D788F7A274C: appendEntries* s0->s10#1549-t1,previous=(t:1, i:234),leaderCommit=234,initializing? false,entries: size=1, first=(t:1, i:235), STATEMACHINELOGENTRY, StateMachineLogEntryProto:4548@client-04EF324C57E0
2024-09-10 06:20:06,912 DEBUG server.RaftServer$Division (RaftServerImpl.java:logAppendEntries(1539)) - s4@group-5D788F7A274C: appendEntries* s0->s4#1002-t1,previous=(t:1, i:234),leaderCommit=234,initializing? false,entries: size=1, first=(t:1, i:235), STATEMACHINELOGENTRY, StateMachineLogEntryProto:4548@client-04EF324C57E0
2024-09-10 06:20:06,912 DEBUG server.RaftServer$Division (RaftServerImpl.java:logAppendEntries(1539)) - s3@group-5D788F7A274C: appendEntries* s0->s3#1115-t1,previous=(t:1, i:234),leaderCommit=234,initializing? false,entries: size=1, first=(t:1, i:235), STATEMACHINELOGENTRY, StateMachineLogEntryProto:4548@client-04EF324C57E0
2024-09-10 06:20:06,912 DEBUG server.RaftServer$Division (RaftServerImpl.java:logAppendEntries(1539)) - s14@group-5D788F7A274C: appendEntries* reply s0<-s14#763:OK-t1,SUCCESS,nextIndex=236,followerCommit=234,matchIndex=235
2024-09-10 06:20:06,913 DEBUG server.RaftServer$Division (RaftServerImpl.java:logAppendEntries(1539)) - s4@group-5D788F7A274C: appendEntries* reply s0<-s4#1002:OK-t1,SUCCESS,nextIndex=236,followerCommit=234,matchIndex=235
2024-09-10 06:20:06,913 DEBUG server.RaftServer$Division (RaftServerImpl.java:logAppendEntries(1539)) - s3@group-5D788F7A274C: appendEntries* reply s0<-s3#1115:OK-t1,SUCCESS,nextIndex=236,followerCommit=234,matchIndex=235
2024-09-10 06:20:06,913 DEBUG server.RaftServer$Division (RaftServerImpl.java:logAppendEntries(1539)) - s12@group-5D788F7A274C: appendEntries* s0->s12#1135-t1,previous=(t:1, i:234),leaderCommit=234,initializing? false,entries: size=1, first=(t:1, i:235), STATEMACHINELOGENTRY, StateMachineLogEntryProto:4548@client-04EF324C57E0
2024-09-10 06:20:06,913 DEBUG server.RaftServer$Division (RaftServerImpl.java:logAppendEntries(1539)) - s2@group-5D788F7A274C: appendEntries* s0->s2#1102-t1,previous=(t:1, i:234),leaderCommit=234,initializing? false,entries: size=1, first=(t:1, i:235), STATEMACHINELOGENTRY, StateMachineLogEntryProto:4548@client-04EF324C57E0
2024-09-10 06:20:06,913 DEBUG server.RaftServer$Division (RaftServerImpl.java:logAppendEntries(1539)) - s10@group-5D788F7A274C: appendEntries* reply s0<-s10#1549:OK-t1,SUCCESS,nextIndex=236,followerCommit=234,matchIndex=235
2024-09-10 06:20:06,913 DEBUG server.RaftServer$Division (RaftServerImpl.java:logAppendEntries(1539)) - s13@group-5D788F7A274C: appendEntries* s0->s13#867-t1,previous=(t:1, i:234),leaderCommit=234,initializing? false,entries: size=1, first=(t:1, i:235), STATEMACHINELOGENTRY, StateMachineLogEntryProto:4548@client-04EF324C57E0
2024-09-10 06:20:06,913 DEBUG server.RaftServer$Division (RaftServerImpl.java:logAppendEntries(1539)) - s5@group-5D788F7A274C: appendEntries* s0->s5#1026-t1,previous=(t:1, i:234),leaderCommit=234,initializing? false,entries: size=1, first=(t:1, i:235), STATEMACHINELOGENTRY, StateMachineLogEntryProto:4548@client-04EF324C57E0
2024-09-10 06:20:06,913 DEBUG server.RaftServer$Division (RaftServerImpl.java:logAppendEntries(1539)) - s1@group-5D788F7A274C: appendEntries* s0->s1#1375-t1,previous=(t:1, i:234),leaderCommit=234,initializing? false,entries: size=1, first=(t:1, i:235), STATEMACHINELOGENTRY, StateMachineLogEntryProto:4548@client-04EF324C57E0
2024-09-10 06:20:06,914 DEBUG server.RaftServer$Division (RaftServerImpl.java:logAppendEntries(1539)) - s9@group-5D788F7A274C: appendEntries* s0->s9#1109-t1,previous=(t:1, i:234),leaderCommit=234,initializing? false,entries: size=1, first=(t:1, i:235), STATEMACHINELOGENTRY, StateMachineLogEntryProto:4548@client-04EF324C57E0
2024-09-10 06:20:06,913 DEBUG server.RaftServer$Division (RaftServerImpl.java:logAppendEntries(1539)) - s11@group-5D788F7A274C: appendEntries* reply s0<-s11#1184:OK-t1,SUCCESS,nextIndex=236,followerCommit=234,matchIndex=235
2024-09-10 06:20:06,914 DEBUG server.RaftServer$Division (RaftServerImpl.java:logAppendEntries(1539)) - s12@group-5D788F7A274C: appendEntries* reply s0<-s12#1135:OK-t1,SUCCESS,nextIndex=236,followerCommit=234,matchIndex=235
2024-09-10 06:20:06,914 DEBUG server.RaftServer$Division (RaftServerImpl.java:logAppendEntries(1539)) - s1@group-5D788F7A274C: appendEntries* reply s0<-s1#1375:OK-t1,SUCCESS,nextIndex=236,followerCommit=234,matchIndex=235
2024-09-10 06:20:06,914 DEBUG server.RaftServer$Division (RaftServerImpl.java:logAppendEntries(1539)) - s5@group-5D788F7A274C: appendEntries* reply s0<-s5#1026:OK-t1,SUCCESS,nextIndex=236,followerCommit=234,matchIndex=235
2024-09-10 06:20:06,913 DEBUG server.RaftServer$Division (RaftServerImpl.java:logAppendEntries(1539)) - s7@group-5D788F7A274C: appendEntries* reply s0<-s7#816:OK-t1,SUCCESS,nextIndex=236,followerCommit=234,matchIndex=235
2024-09-10 06:20:06,914 DEBUG server.RaftServer$Division (RaftServerImpl.java:logAppendEntries(1539)) - s13@group-5D788F7A274C: appendEntries* reply s0<-s13#867:OK-t1,SUCCESS,nextIndex=236,followerCommit=234,matchIndex=235
2024-09-10 06:20:06,914 DEBUG server.RaftServer$Division (RaftServerImpl.java:logAppendEntries(1539)) - s9@group-5D788F7A274C: appendEntries* reply s0<-s9#1109:OK-t1,SUCCESS,nextIndex=236,followerCommit=234,matchIndex=235
2024-09-10 06:20:06,914 DEBUG server.RaftServer$Division (RaftServerImpl.java:logAppendEntries(1539)) - s8@group-5D788F7A274C: appendEntries* s0->s8#1105-t1,previous=(t:1, i:234),leaderCommit=234,initializing? false,entries: size=1, first=(t:1, i:235), STATEMACHINELOGENTRY, StateMachineLogEntryProto:4548@client-04EF324C57E0
2024-09-10 06:20:06,913 DEBUG server.RaftServer$Division (RaftServerImpl.java:logAppendEntries(1539)) - s2@group-5D788F7A274C: appendEntries* reply s0<-s2#1102:OK-t1,SUCCESS,nextIndex=236,followerCommit=234,matchIndex=235
2024-09-10 06:20:06,915 INFO  statemachine.StateMachine (ArithmeticStateMachine.java:applyTransaction(181)) - LEADER:s0-235: a = null = null
2024-09-10 06:20:06,914 DEBUG server.RaftServer$Division (RaftServerImpl.java:logAppendEntries(1539)) - s6@group-5D788F7A274C: appendEntries* s0->s6#1046-t1,previous=(t:1, i:234),leaderCommit=234,initializing? false,entries: size=1, first=(t:1, i:235), STATEMACHINELOGENTRY, StateMachineLogEntryProto:4548@client-04EF324C57E0
2024-09-10 06:20:06,916 DEBUG server.RaftServer$Division (RaftServerImpl.java:logAppendEntries(1539)) - s6@group-5D788F7A274C: appendEntries* reply s0<-s6#1046:OK-t1,SUCCESS,nextIndex=236,followerCommit=234,matchIndex=235
2024-09-10 06:20:06,916 DEBUG server.RaftServer$Division (RaftServerImpl.java:logAppendEntries(1539)) - s6@group-5D788F7A274C: appendEntries* s0->s6#1051-t1,previous=(t:1, i:235),leaderCommit=235,initializing? false,entries: size=1, first=(t:1, i:236), METADATAENTRY(c:235)
2024-09-10 06:20:06,916 DEBUG server.RaftServer$Division (RaftServerImpl.java:logAppendEntries(1539)) - s8@group-5D788F7A274C: appendEntries* reply s0<-s8#1105:OK-t1,SUCCESS,nextIndex=236,followerCommit=234,matchIndex=235
2024-09-10 06:20:06,916 DEBUG server.RaftServer$Division (RaftServerImpl.java:logAppendEntries(1539)) - s6@group-5D788F7A274C: appendEntries* reply s0<-s6#1051:OK-t1,SUCCESS,nextIndex=237,followerCommit=235,matchIndex=236
2024-09-10 06:20:06,916 DEBUG server.RaftServer$Division (RaftServerImpl.java:logAppendEntries(1539)) - s5@group-5D788F7A274C: appendEntries* s0->s5#1033-t1,previous=(t:1, i:235),leaderCommit=235,initializing? false,entries: size=1, first=(t:1, i:236), METADATAENTRY(c:235)
2024-09-10 06:20:06,916 DEBUG server.RaftServer$Division (RaftServerImpl.java:logAppendEntries(1539)) - s7@group-5D788F7A274C: appendEntries* s0->s7#820-t1,previous=(t:1, i:235),leaderCommit=235,initializing? false,entries: size=1, first=(t:1, i:236), METADATAENTRY(c:235)
2024-09-10 06:20:06,917 DEBUG server.RaftServer$Division (RaftServerImpl.java:logAppendEntries(1539)) - s11@group-5D788F7A274C: appendEntries* s0->s11#1189-t1,previous=(t:1, i:235),leaderCommit=235,initializing? false,entries: size=1, first=(t:1, i:236), METADATAENTRY(c:235)
2024-09-10 06:20:06,917 DEBUG server.RaftServer$Division (RaftServerImpl.java:logAppendEntries(1539)) - s5@group-5D788F7A274C: appendEntries* reply s0<-s5#1033:OK-t1,SUCCESS,nextIndex=237,followerCommit=235,matchIndex=236
2024-09-10 06:20:06,917 DEBUG server.RaftServer$Division (RaftServerImpl.java:logAppendEntries(1539)) - s7@group-5D788F7A274C: appendEntries* reply s0<-s7#820:OK-t1,SUCCESS,nextIndex=237,followerCommit=235,matchIndex=236
2024-09-10 06:20:06,917 DEBUG server.RaftServer$Division (RaftServerImpl.java:logAppendEntries(1539)) - s11@group-5D788F7A274C: appendEntries* reply s0<-s11#1189:OK-t1,SUCCESS,nextIndex=237,followerCommit=235,matchIndex=236
2024-09-10 06:20:06,917 DEBUG server.RaftServer$Division (RaftServerImpl.java:logAppendEntries(1539)) - s13@group-5D788F7A274C: appendEntries* s0->s13#871-t1,previous=(t:1, i:235),leaderCommit=235,initializing? false,entries: size=1, first=(t:1, i:236), METADATAENTRY(c:235)
2024-09-10 06:20:06,918 DEBUG server.RaftServer$Division (RaftServerImpl.java:logAppendEntries(1539)) - s14@group-5D788F7A274C: appendEntries* s0->s14#764-t1,previous=(t:1, i:235),leaderCommit=235,initializing? false,entries: size=1, first=(t:1, i:236), METADATAENTRY(c:235)
2024-09-10 06:20:06,918 DEBUG server.RaftServer$Division (RaftServerImpl.java:logAppendEntries(1539)) - s13@group-5D788F7A274C: appendEntries* reply s0<-s13#871:OK-t1,SUCCESS,nextIndex=237,followerCommit=235,matchIndex=236
2024-09-10 06:20:06,918 DEBUG server.RaftServer$Division (RaftServerImpl.java:logAppendEntries(1539)) - s10@group-5D788F7A274C: appendEntries* s0->s10#1554-t1,previous=(t:1, i:235),leaderCommit=235,initializing? false,entries: size=1, first=(t:1, i:236), METADATAENTRY(c:235)
2024-09-10 06:20:06,918 DEBUG server.RaftServer$Division (RaftServerImpl.java:logAppendEntries(1539)) - s14@group-5D788F7A274C: appendEntries* reply s0<-s14#764:OK-t1,SUCCESS,nextIndex=237,followerCommit=235,matchIndex=236
2024-09-10 06:20:06,918 DEBUG server.RaftServer$Division (RaftServerImpl.java:logAppendEntries(1539)) - s12@group-5D788F7A274C: appendEntries* s0->s12#1139-t1,previous=(t:1, i:235),leaderCommit=235,initializing? false,entries: size=1, first=(t:1, i:236), METADATAENTRY(c:235)
2024-09-10 06:20:06,918 DEBUG server.RaftServer$Division (RaftServerImpl.java:logAppendEntries(1539)) - s4@group-5D788F7A274C: appendEntries* s0->s4#1003-t1,previous=(t:1, i:235),leaderCommit=235,initializing? false,entries: size=1, first=(t:1, i:236), METADATAENTRY(c:235)
2024-09-10 06:20:06,918 DEBUG server.RaftServer$Division (RaftServerImpl.java:logAppendEntries(1539)) - s10@group-5D788F7A274C: appendEntries* reply s0<-s10#1554:OK-t1,SUCCESS,nextIndex=237,followerCommit=235,matchIndex=236
2024-09-10 06:20:06,919 DEBUG server.RaftServer$Division (RaftServerImpl.java:logAppendEntries(1539)) - s1@group-5D788F7A274C: appendEntries* s0->s1#1377-t1,previous=(t:1, i:235),leaderCommit=235,initializing? false,entries: size=1, first=(t:1, i:236), METADATAENTRY(c:235)
2024-09-10 06:20:06,919 DEBUG server.RaftServer$Division (RaftServerImpl.java:logAppendEntries(1539)) - s12@group-5D788F7A274C: appendEntries* reply s0<-s12#1139:OK-t1,SUCCESS,nextIndex=237,followerCommit=235,matchIndex=236
2024-09-10 06:20:06,919 DEBUG server.RaftServer$Division (RaftServerImpl.java:logAppendEntries(1539)) - s4@group-5D788F7A274C: appendEntries* reply s0<-s4#1003:OK-t1,SUCCESS,nextIndex=237,followerCommit=235,matchIndex=236
2024-09-10 06:20:06,919 DEBUG server.RaftServer$Division (RaftServerImpl.java:logAppendEntries(1539)) - s1@group-5D788F7A274C: appendEntries* reply s0<-s1#1377:OK-t1,SUCCESS,nextIndex=237,followerCommit=235,matchIndex=236
2024-09-10 06:20:06,919 DEBUG server.RaftServer$Division (RaftServerImpl.java:logAppendEntries(1539)) - s8@group-5D788F7A274C: appendEntries* s0->s8#1110-t1,previous=(t:1, i:235),leaderCommit=235,initializing? false,entries: size=1, first=(t:1, i:236), METADATAENTRY(c:235)
2024-09-10 06:20:06,920 DEBUG server.RaftServer$Division (RaftServerImpl.java:logAppendEntries(1539)) - s8@group-5D788F7A274C: appendEntries* reply s0<-s8#1110:OK-t1,SUCCESS,nextIndex=237,followerCommit=235,matchIndex=236
2024-09-10 06:20:06,922 DEBUG server.RaftServer$Division (RaftServerImpl.java:submitClientRequestAsync(910)) - s0@group-5D788F7A274C: receive client request(RaftClientRequest:client-04EF324C57E0->s0@group-5D788F7A274C, cid=4549, seq=null, RW, Message:01016200)
2024-09-10 06:20:06,922 DEBUG server.RaftServer$Division (RaftServerImpl.java:logAppendEntries(1539)) - s3@group-5D788F7A274C: appendEntries* s0->s3#1117-t1,previous=(t:1, i:235),leaderCommit=235,initializing? false,entries: size=1, first=(t:1, i:236), METADATAENTRY(c:235)
2024-09-10 06:20:06,922 DEBUG server.RaftServer$Division (LeaderStateImpl.java:addPendingRequest(532)) - s0@group-5D788F7A274C-LeaderStateImpl: addPendingRequest at RaftClientRequest:client-04EF324C57E0->s0@group-5D788F7A274C, cid=4549, seq=null, RW, Message:01016200, entry=(t:1, i:237), STATEMACHINELOGENTRY, WRITE: logData.size=4, stateMachineData.size=0, logEntryProtoSerializedSize=0
2024-09-10 06:20:06,922 DEBUG server.RaftServer$Division (RaftServerImpl.java:logAppendEntries(1539)) - s2@group-5D788F7A274C: appendEntries* s0->s2#1109-t1,previous=(t:1, i:235),leaderCommit=235,initializing? false,entries: size=1, first=(t:1, i:236), METADATAENTRY(c:235)
2024-09-10 06:20:06,923 DEBUG server.RaftServer$Division (RaftServerImpl.java:logAppendEntries(1539)) - s7@group-5D788F7A274C: appendEntries* s0->s7#824-t1,previous=(t:1, i:236),leaderCommit=236,initializing? false,entries: size=1, first=(t:1, i:237), STATEMACHINELOGENTRY, StateMachineLogEntryProto:4549@client-04EF324C57E0
2024-09-10 06:20:06,923 DEBUG server.RaftServer$Division (RaftServerImpl.java:logAppendEntries(1539)) - s13@group-5D788F7A274C: appendEntries* s0->s13#875-t1,previous=(t:1, i:236),leaderCommit=236,initializing? false,entries: size=1, first=(t:1, i:237), STATEMACHINELOGENTRY, StateMachineLogEntryProto:4549@client-04EF324C57E0
2024-09-10 06:20:06,923 DEBUG server.RaftServer$Division (RaftServerImpl.java:logAppendEntries(1539)) - s2@group-5D788F7A274C: appendEntries* reply s0<-s2#1109:OK-t1,SUCCESS,nextIndex=237,followerCommit=235,matchIndex=236
2024-09-10 06:20:06,923 DEBUG server.RaftServer$Division (RaftServerImpl.java:logAppendEntries(1539)) - s3@group-5D788F7A274C: appendEntries* reply s0<-s3#1117:OK-t1,SUCCESS,nextIndex=237,followerCommit=235,matchIndex=236
2024-09-10 06:20:06,923 DEBUG server.RaftServer$Division (RaftServerImpl.java:logAppendEntries(1539)) - s7@group-5D788F7A274C: appendEntries* reply s0<-s7#824:OK-t1,SUCCESS,nextIndex=238,followerCommit=236,matchIndex=237
2024-09-10 06:20:06,923 DEBUG server.RaftServer$Division (RaftServerImpl.java:logAppendEntries(1539)) - s9@group-5D788F7A274C: appendEntries* s0->s9#1114-t1,previous=(t:1, i:235),leaderCommit=235,initializing? false,entries: size=1, first=(t:1, i:236), METADATAENTRY(c:235)
2024-09-10 06:20:06,924 DEBUG server.RaftServer$Division (RaftServerImpl.java:logAppendEntries(1539)) - s6@group-5D788F7A274C: appendEntries* s0->s6#1063-t1,previous=(t:1, i:236),leaderCommit=236,initializing? false,entries: size=1, first=(t:1, i:237), STATEMACHINELOGENTRY, StateMachineLogEntryProto:4549@client-04EF324C57E0
2024-09-10 06:20:06,924 DEBUG server.RaftServer$Division (RaftServerImpl.java:logAppendEntries(1539)) - s5@group-5D788F7A274C: appendEntries* s0->s5#1044-t1,previous=(t:1, i:236),leaderCommit=236,initializing? false,entries: size=1, first=(t:1, i:237), STATEMACHINELOGENTRY, StateMachineLogEntryProto:4549@client-04EF324C57E0
2024-09-10 06:20:06,924 DEBUG server.RaftServer$Division (RaftServerImpl.java:logAppendEntries(1539)) - s11@group-5D788F7A274C: appendEntries* s0->s11#1203-t1,previous=(t:1, i:236),leaderCommit=236,initializing? false,entries: size=1, first=(t:1, i:237), STATEMACHINELOGENTRY, StateMachineLogEntryProto:4549@client-04EF324C57E0
2024-09-10 06:20:06,924 DEBUG server.RaftServer$Division (RaftServerImpl.java:logAppendEntries(1539)) - s13@group-5D788F7A274C: appendEntries* reply s0<-s13#875:OK-t1,SUCCESS,nextIndex=238,followerCommit=236,matchIndex=237
2024-09-10 06:20:06,924 DEBUG server.RaftServer$Division (RaftServerImpl.java:logAppendEntries(1539)) - s9@group-5D788F7A274C: appendEntries* reply s0<-s9#1114:OK-t1,SUCCESS,nextIndex=237,followerCommit=235,matchIndex=236
2024-09-10 06:20:06,924 DEBUG server.RaftServer$Division (RaftServerImpl.java:logAppendEntries(1539)) - s6@group-5D788F7A274C: appendEntries* reply s0<-s6#1063:OK-t1,SUCCESS,nextIndex=238,followerCommit=236,matchIndex=237
2024-09-10 06:20:06,924 DEBUG server.RaftServer$Division (RaftServerImpl.java:logAppendEntries(1539)) - s5@group-5D788F7A274C: appendEntries* reply s0<-s5#1044:OK-t1,SUCCESS,nextIndex=238,followerCommit=236,matchIndex=237
2024-09-10 06:20:06,924 DEBUG server.RaftServer$Division (RaftServerImpl.java:logAppendEntries(1539)) - s11@group-5D788F7A274C: appendEntries* reply s0<-s11#1203:OK-t1,SUCCESS,nextIndex=238,followerCommit=236,matchIndex=237
2024-09-10 06:20:06,925 DEBUG server.RaftServer$Division (RaftServerImpl.java:logAppendEntries(1539)) - s8@group-5D788F7A274C: appendEntries* s0->s8#1126-t1,previous=(t:1, i:236),leaderCommit=236,initializing? false,entries: size=1, first=(t:1, i:237), STATEMACHINELOGENTRY, StateMachineLogEntryProto:4549@client-04EF324C57E0
2024-09-10 06:20:06,925 DEBUG server.RaftServer$Division (RaftServerImpl.java:logAppendEntries(1539)) - s8@group-5D788F7A274C: appendEntries* reply s0<-s8#1126:OK-t1,SUCCESS,nextIndex=238,followerCommit=236,matchIndex=237
2024-09-10 06:20:06,925 DEBUG server.RaftServer$Division (RaftServerImpl.java:logAppendEntries(1539)) - s10@group-5D788F7A274C: appendEntries* s0->s10#1568-t1,previous=(t:1, i:236),leaderCommit=236,initializing? false,entries: size=1, first=(t:1, i:237), STATEMACHINELOGENTRY, StateMachineLogEntryProto:4549@client-04EF324C57E0
2024-09-10 06:20:06,925 DEBUG server.RaftServer$Division (RaftServerImpl.java:logAppendEntries(1539)) - s4@group-5D788F7A274C: appendEntries* s0->s4#1014-t1,previous=(t:1, i:236),leaderCommit=236,initializing? false,entries: size=1, first=(t:1, i:237), STATEMACHINELOGENTRY, StateMachineLogEntryProto:4549@client-04EF324C57E0
2024-09-10 06:20:06,925 DEBUG server.RaftServer$Division (RaftServerImpl.java:logAppendEntries(1539)) - s1@group-5D788F7A274C: appendEntries* s0->s1#1384-t1,previous=(t:1, i:236),leaderCommit=236,initializing? false,entries: size=1, first=(t:1, i:237), STATEMACHINELOGENTRY, StateMachineLogEntryProto:4549@client-04EF324C57E0
2024-09-10 06:20:06,925 DEBUG server.RaftServer$Division (RaftServerImpl.java:logAppendEntries(1539)) - s10@group-5D788F7A274C: appendEntries* reply s0<-s10#1568:OK-t1,SUCCESS,nextIndex=238,followerCommit=236,matchIndex=237
2024-09-10 06:20:06,925 DEBUG server.RaftServer$Division (RaftServerImpl.java:logAppendEntries(1539)) - s12@group-5D788F7A274C: appendEntries* s0->s12#1154-t1,previous=(t:1, i:236),leaderCommit=236,initializing? false,entries: size=1, first=(t:1, i:237), STATEMACHINELOGENTRY, StateMachineLogEntryProto:4549@client-04EF324C57E0
2024-09-10 06:20:06,926 DEBUG server.RaftServer$Division (RaftServerImpl.java:logAppendEntries(1539)) - s1@group-5D788F7A274C: appendEntries* reply s0<-s1#1384:OK-t1,SUCCESS,nextIndex=238,followerCommit=236,matchIndex=237
2024-09-10 06:20:06,926 DEBUG server.RaftServer$Division (RaftServerImpl.java:logAppendEntries(1539)) - s14@group-5D788F7A274C: appendEntries* s0->s14#774-t1,previous=(t:1, i:236),leaderCommit=236,initializing? false,entries: size=1, first=(t:1, i:237), STATEMACHINELOGENTRY, StateMachineLogEntryProto:4549@client-04EF324C57E0
2024-09-10 06:20:06,926 DEBUG server.RaftServer$Division (RaftServerImpl.java:logAppendEntries(1539)) - s4@group-5D788F7A274C: appendEntries* reply s0<-s4#1014:OK-t1,SUCCESS,nextIndex=238,followerCommit=236,matchIndex=237
2024-09-10 06:20:06,926 DEBUG server.RaftServer$Division (RaftServerImpl.java:logAppendEntries(1539)) - s12@group-5D788F7A274C: appendEntries* reply s0<-s12#1154:OK-t1,SUCCESS,nextIndex=238,followerCommit=236,matchIndex=237
2024-09-10 06:20:06,926 DEBUG server.RaftServer$Division (RaftServerImpl.java:logAppendEntries(1539)) - s14@group-5D788F7A274C: appendEntries* reply s0<-s14#774:OK-t1,SUCCESS,nextIndex=238,followerCommit=236,matchIndex=237
2024-09-10 06:20:06,926 INFO  statemachine.StateMachine (ArithmeticStateMachine.java:applyTransaction(181)) - LEADER:s0-237: b = null = null
2024-09-10 06:20:06,927 DEBUG server.RaftServer$Division (RaftServerImpl.java:logAppendEntries(1539)) - s11@group-5D788F7A274C: appendEntries* s0->s11#1209-t1,previous=(t:1, i:237),leaderCommit=237,initializing? false,entries: size=1, first=(t:1, i:238), METADATAENTRY(c:237)
2024-09-10 06:20:06,927 DEBUG server.RaftServer$Division (RaftServerImpl.java:logAppendEntries(1539)) - s7@group-5D788F7A274C: appendEntries* s0->s7#826-t1,previous=(t:1, i:237),leaderCommit=237,initializing? false,entries: size=1, first=(t:1, i:238), METADATAENTRY(c:237)
2024-09-10 06:20:06,927 DEBUG server.RaftServer$Division (RaftServerImpl.java:logAppendEntries(1539)) - s6@group-5D788F7A274C: appendEntries* s0->s6#1066-t1,previous=(t:1, i:237),leaderCommit=237,initializing? false,entries: size=1, first=(t:1, i:238), METADATAENTRY(c:237)
2024-09-10 06:20:06,928 DEBUG server.RaftServer$Division (RaftServerImpl.java:logAppendEntries(1539)) - s7@group-5D788F7A274C: appendEntries* reply s0<-s7#826:OK-t1,SUCCESS,nextIndex=239,followerCommit=237,matchIndex=238
2024-09-10 06:20:06,928 DEBUG server.RaftServer$Division (RaftServerImpl.java:logAppendEntries(1539)) - s13@group-5D788F7A274C: appendEntries* s0->s13#876-t1,previous=(t:1, i:237),leaderCommit=237,initializing? false,entries: size=1, first=(t:1, i:238), METADATAENTRY(c:237)
2024-09-10 06:20:06,928 DEBUG server.RaftServer$Division (RaftServerImpl.java:logAppendEntries(1539)) - s11@group-5D788F7A274C: appendEntries* reply s0<-s11#1209:OK-t1,SUCCESS,nextIndex=239,followerCommit=237,matchIndex=238
2024-09-10 06:20:06,928 DEBUG server.RaftServer$Division (RaftServerImpl.java:logAppendEntries(1539)) - s8@group-5D788F7A274C: appendEntries* s0->s8#1132-t1,previous=(t:1, i:237),leaderCommit=237,initializing? false,entries: size=1, first=(t:1, i:238), METADATAENTRY(c:237)
2024-09-10 06:20:06,928 DEBUG server.RaftServer$Division (RaftServerImpl.java:logAppendEntries(1539)) - s6@group-5D788F7A274C: appendEntries* reply s0<-s6#1066:OK-t1,SUCCESS,nextIndex=239,followerCommit=237,matchIndex=238
2024-09-10 06:20:06,928 DEBUG server.RaftServer$Division (RaftServerImpl.java:logAppendEntries(1539)) - s5@group-5D788F7A274C: appendEntries* s0->s5#1050-t1,previous=(t:1, i:237),leaderCommit=237,initializing? false,entries: size=1, first=(t:1, i:238), METADATAENTRY(c:237)
2024-09-10 06:20:06,928 DEBUG server.RaftServer$Division (RaftServerImpl.java:logAppendEntries(1539)) - s13@group-5D788F7A274C: appendEntries* reply s0<-s13#876:OK-t1,SUCCESS,nextIndex=239,followerCommit=237,matchIndex=238
2024-09-10 06:20:06,929 DEBUG server.RaftServer$Division (RaftServerImpl.java:logAppendEntries(1539)) - s8@group-5D788F7A274C: appendEntries* reply s0<-s8#1132:OK-t1,SUCCESS,nextIndex=239,followerCommit=237,matchIndex=238
2024-09-10 06:20:06,929 DEBUG server.RaftServer$Division (RaftServerImpl.java:logAppendEntries(1539)) - s5@group-5D788F7A274C: appendEntries* reply s0<-s5#1050:OK-t1,SUCCESS,nextIndex=239,followerCommit=237,matchIndex=238
2024-09-10 06:20:06,929 DEBUG server.RaftServer$Division (RaftServerImpl.java:logAppendEntries(1539)) - s4@group-5D788F7A274C: appendEntries* s0->s4#1016-t1,previous=(t:1, i:237),leaderCommit=237,initializing? false,entries: size=1, first=(t:1, i:238), METADATAENTRY(c:237)
2024-09-10 06:20:06,929 DEBUG server.RaftServer$Division (RaftServerImpl.java:logAppendEntries(1539)) - s4@group-5D788F7A274C: appendEntries* reply s0<-s4#1016:OK-t1,SUCCESS,nextIndex=239,followerCommit=237,matchIndex=238
2024-09-10 06:20:06,930 DEBUG server.RaftServer$Division (RaftServerImpl.java:logAppendEntries(1539)) - s12@group-5D788F7A274C: appendEntries* s0->s12#1162-t1,previous=(t:1, i:237),leaderCommit=237,initializing? false,entries: size=1, first=(t:1, i:238), METADATAENTRY(c:237)
2024-09-10 06:20:06,930 DEBUG server.RaftServer$Division (RaftServerImpl.java:logAppendEntries(1539)) - s12@group-5D788F7A274C: appendEntries* reply s0<-s12#1162:OK-t1,SUCCESS,nextIndex=239,followerCommit=237,matchIndex=238
2024-09-10 06:20:06,931 DEBUG server.RaftServer$Division (RaftServerImpl.java:logAppendEntries(1539)) - s3@group-5D788F7A274C: appendEntries* s0->s3#1132-t1,previous=(t:1, i:236),leaderCommit=236,initializing? false,entries: size=1, first=(t:1, i:237), STATEMACHINELOGENTRY, StateMachineLogEntryProto:4549@client-04EF324C57E0
2024-09-10 06:20:06,931 DEBUG server.RaftServer$Division (RaftServerImpl.java:logAppendEntries(1539)) - s2@group-5D788F7A274C: appendEntries* s0->s2#1123-t1,previous=(t:1, i:236),leaderCommit=236,initializing? false,entries: size=1, first=(t:1, i:237), STATEMACHINELOGENTRY, StateMachineLogEntryProto:4549@client-04EF324C57E0
2024-09-10 06:20:06,931 DEBUG server.RaftServer$Division (RaftServerImpl.java:logAppendEntries(1539)) - s3@group-5D788F7A274C: appendEntries* reply s0<-s3#1132:OK-t1,SUCCESS,nextIndex=238,followerCommit=236,matchIndex=237
2024-09-10 06:20:06,931 DEBUG server.RaftServer$Division (RaftServerImpl.java:logAppendEntries(1539)) - s10@group-5D788F7A274C: appendEntries* s0->s10#1576-t1,previous=(t:1, i:237),leaderCommit=237,initializing? false,entries: size=1, first=(t:1, i:238), METADATAENTRY(c:237)
2024-09-10 06:20:06,932 DEBUG server.RaftServer$Division (RaftServerImpl.java:logAppendEntries(1539)) - s9@group-5D788F7A274C: appendEntries* s0->s9#1128-t1,previous=(t:1, i:236),leaderCommit=236,initializing? false,entries: size=1, first=(t:1, i:237), STATEMACHINELOGENTRY, StateMachineLogEntryProto:4549@client-04EF324C57E0
2024-09-10 06:20:06,932 DEBUG server.RaftServer$Division (RaftServerImpl.java:logAppendEntries(1539)) - s2@group-5D788F7A274C: appendEntries* reply s0<-s2#1123:OK-t1,SUCCESS,nextIndex=238,followerCommit=236,matchIndex=237
2024-09-10 06:20:06,932 DEBUG server.RaftServer$Division (RaftServerImpl.java:logAppendEntries(1539)) - s9@group-5D788F7A274C: appendEntries* reply s0<-s9#1128:OK-t1,SUCCESS,nextIndex=238,followerCommit=236,matchIndex=237
2024-09-10 06:20:06,932 DEBUG server.RaftServer$Division (RaftServerImpl.java:logAppendEntries(1539)) - s10@group-5D788F7A274C: appendEntries* reply s0<-s10#1576:OK-t1,SUCCESS,nextIndex=239,followerCommit=237,matchIndex=238
2024-09-10 06:20:06,932 DEBUG server.RaftServer$Division (RaftServerImpl.java:submitClientRequestAsync(910)) - s0@group-5D788F7A274C: receive client request(RaftClientRequest:client-04EF324C57E0->s0@group-5D788F7A274C, cid=4550, seq=null, RW, Message:01016300)
2024-09-10 06:20:06,932 DEBUG server.RaftServer$Division (LeaderStateImpl.java:addPendingRequest(532)) - s0@group-5D788F7A274C-LeaderStateImpl: addPendingRequest at RaftClientRequest:client-04EF324C57E0->s0@group-5D788F7A274C, cid=4550, seq=null, RW, Message:01016300, entry=(t:1, i:239), STATEMACHINELOGENTRY, WRITE: logData.size=4, stateMachineData.size=0, logEntryProtoSerializedSize=0
2024-09-10 06:20:06,933 DEBUG server.RaftServer$Division (RaftServerImpl.java:logAppendEntries(1539)) - s14@group-5D788F7A274C: appendEntries* s0->s14#781-t1,previous=(t:1, i:237),leaderCommit=237,initializing? false,entries: size=1, first=(t:1, i:238), METADATAENTRY(c:237)
2024-09-10 06:20:06,933 DEBUG server.RaftServer$Division (RaftServerImpl.java:logAppendEntries(1539)) - s1@group-5D788F7A274C: appendEntries* s0->s1#1386-t1,previous=(t:1, i:237),leaderCommit=237,initializing? false,entries: size=1, first=(t:1, i:238), METADATAENTRY(c:237)
2024-09-10 06:20:06,933 DEBUG server.RaftServer$Division (RaftServerImpl.java:logAppendEntries(1539)) - s7@group-5D788F7A274C: appendEntries* s0->s7#827-t1,previous=(t:1, i:238),leaderCommit=237,initializing? false,entries: size=1, first=(t:1, i:239), STATEMACHINELOGENTRY, StateMachineLogEntryProto:4550@client-04EF324C57E0
2024-09-10 06:20:06,933 DEBUG server.RaftServer$Division (RaftServerImpl.java:logAppendEntries(1539)) - s14@group-5D788F7A274C: appendEntries* reply s0<-s14#781:OK-t1,SUCCESS,nextIndex=239,followerCommit=237,matchIndex=238
2024-09-10 06:20:06,933 DEBUG server.RaftServer$Division (RaftServerImpl.java:logAppendEntries(1539)) - s1@group-5D788F7A274C: appendEntries* reply s0<-s1#1386:OK-t1,SUCCESS,nextIndex=239,followerCommit=237,matchIndex=238
2024-09-10 06:20:06,934 DEBUG server.RaftServer$Division (RaftServerImpl.java:logAppendEntries(1539)) - s7@group-5D788F7A274C: appendEntries* reply s0<-s7#827:OK-t1,SUCCESS,nextIndex=240,followerCommit=237,matchIndex=239
2024-09-10 06:20:06,934 DEBUG server.RaftServer$Division (RaftServerImpl.java:logAppendEntries(1539)) - s8@group-5D788F7A274C: appendEntries* s0->s8#1136-t1,previous=(t:1, i:238),leaderCommit=237,initializing? false,entries: size=1, first=(t:1, i:239), STATEMACHINELOGENTRY, StateMachineLogEntryProto:4550@client-04EF324C57E0
2024-09-10 06:20:06,934 DEBUG server.RaftServer$Division (RaftServerImpl.java:logAppendEntries(1539)) - s13@group-5D788F7A274C: appendEntries* s0->s13#878-t1,previous=(t:1, i:238),leaderCommit=237,initializing? false,entries: size=1, first=(t:1, i:239), STATEMACHINELOGENTRY, StateMachineLogEntryProto:4550@client-04EF324C57E0
2024-09-10 06:20:06,934 DEBUG server.RaftServer$Division (RaftServerImpl.java:logAppendEntries(1539)) - s4@group-5D788F7A274C: appendEntries* s0->s4#1019-t1,previous=(t:1, i:238),leaderCommit=237,initializing? false,entries: size=1, first=(t:1, i:239), STATEMACHINELOGENTRY, StateMachineLogEntryProto:4550@client-04EF324C57E0
2024-09-10 06:20:06,935 DEBUG server.RaftServer$Division (RaftServerImpl.java:logAppendEntries(1539)) - s11@group-5D788F7A274C: appendEntries* s0->s11#1216-t1,previous=(t:1, i:238),leaderCommit=237,initializing? false,entries: size=1, first=(t:1, i:239), STATEMACHINELOGENTRY, StateMachineLogEntryProto:4550@client-04EF324C57E0
2024-09-10 06:20:06,935 DEBUG server.RaftServer$Division (RaftServerImpl.java:logAppendEntries(1539)) - s4@group-5D788F7A274C: appendEntries* reply s0<-s4#1019:OK-t1,SUCCESS,nextIndex=240,followerCommit=237,matchIndex=239
2024-09-10 06:20:06,935 DEBUG server.RaftServer$Division (RaftServerImpl.java:logAppendEntries(1539)) - s11@group-5D788F7A274C: appendEntries* reply s0<-s11#1216:OK-t1,SUCCESS,nextIndex=240,followerCommit=237,matchIndex=239
2024-09-10 06:20:06,935 DEBUG server.RaftServer$Division (RaftServerImpl.java:logAppendEntries(1539)) - s9@group-5D788F7A274C: appendEntries* s0->s9#1135-t1,previous=(t:1, i:237),leaderCommit=237,initializing? false,entries: size=1, first=(t:1, i:238), METADATAENTRY(c:237)
2024-09-10 06:20:06,936 DEBUG server.RaftServer$Division (RaftServerImpl.java:logAppendEntries(1539)) - s6@group-5D788F7A274C: appendEntries* s0->s6#1075-t1,previous=(t:1, i:238),leaderCommit=237,initializing? false,entries: size=1, first=(t:1, i:239), STATEMACHINELOGENTRY, StateMachineLogEntryProto:4550@client-04EF324C57E0
2024-09-10 06:20:06,936 DEBUG server.RaftServer$Division (RaftServerImpl.java:logAppendEntries(1539)) - s2@group-5D788F7A274C: appendEntries* s0->s2#1130-t1,previous=(t:1, i:237),leaderCommit=237,initializing? false,entries: size=1, first=(t:1, i:238), METADATAENTRY(c:237)
2024-09-10 06:20:06,936 DEBUG server.RaftServer$Division (RaftServerImpl.java:logAppendEntries(1539)) - s3@group-5D788F7A274C: appendEntries* s0->s3#1139-t1,previous=(t:1, i:237),leaderCommit=237,initializing? false,entries: size=1, first=(t:1, i:238), METADATAENTRY(c:237)
2024-09-10 06:20:06,936 DEBUG server.RaftServer$Division (RaftServerImpl.java:logAppendEntries(1539)) - s6@group-5D788F7A274C: appendEntries* reply s0<-s6#1075:OK-t1,SUCCESS,nextIndex=240,followerCommit=237,matchIndex=239
2024-09-10 06:20:06,936 DEBUG server.RaftServer$Division (RaftServerImpl.java:logAppendEntries(1539)) - s10@group-5D788F7A274C: appendEntries* s0->s10#1584-t1,previous=(t:1, i:238),leaderCommit=237,initializing? false,entries: size=1, first=(t:1, i:239), STATEMACHINELOGENTRY, StateMachineLogEntryProto:4550@client-04EF324C57E0
2024-09-10 06:20:06,936 DEBUG server.RaftServer$Division (RaftServerImpl.java:logAppendEntries(1539)) - s2@group-5D788F7A274C: appendEntries* reply s0<-s2#1130:OK-t1,SUCCESS,nextIndex=239,followerCommit=237,matchIndex=238
2024-09-10 06:20:06,934 DEBUG server.RaftServer$Division (RaftServerImpl.java:logAppendEntries(1539)) - s8@group-5D788F7A274C: appendEntries* reply s0<-s8#1136:OK-t1,SUCCESS,nextIndex=240,followerCommit=237,matchIndex=239
2024-09-10 06:20:06,936 DEBUG server.RaftServer$Division (RaftServerImpl.java:logAppendEntries(1539)) - s9@group-5D788F7A274C: appendEntries* reply s0<-s9#1135:OK-t1,SUCCESS,nextIndex=239,followerCommit=237,matchIndex=238
2024-09-10 06:20:06,936 DEBUG server.RaftServer$Division (RaftServerImpl.java:logAppendEntries(1539)) - s3@group-5D788F7A274C: appendEntries* reply s0<-s3#1139:OK-t1,SUCCESS,nextIndex=239,followerCommit=237,matchIndex=238
2024-09-10 06:20:06,937 DEBUG server.RaftServer$Division (RaftServerImpl.java:logAppendEntries(1539)) - s10@group-5D788F7A274C: appendEntries* reply s0<-s10#1584:OK-t1,SUCCESS,nextIndex=240,followerCommit=237,matchIndex=239
2024-09-10 06:20:06,936 DEBUG server.RaftServer$Division (RaftServerImpl.java:logAppendEntries(1539)) - s12@group-5D788F7A274C: appendEntries* s0->s12#1171-t1,previous=(t:1, i:238),leaderCommit=237,initializing? false,entries: size=1, first=(t:1, i:239), STATEMACHINELOGENTRY, StateMachineLogEntryProto:4550@client-04EF324C57E0
2024-09-10 06:20:06,937 DEBUG server.RaftServer$Division (RaftServerImpl.java:logAppendEntries(1539)) - s13@group-5D788F7A274C: appendEntries* reply s0<-s13#878:OK-t1,SUCCESS,nextIndex=240,followerCommit=237,matchIndex=239
2024-09-10 06:20:06,936 DEBUG server.RaftServer$Division (RaftServerImpl.java:logAppendEntries(1539)) - s5@group-5D788F7A274C: appendEntries* s0->s5#1058-t1,previous=(t:1, i:238),leaderCommit=237,initializing? false,entries: size=1, first=(t:1, i:239), STATEMACHINELOGENTRY, StateMachineLogEntryProto:4550@client-04EF324C57E0
2024-09-10 06:20:06,937 DEBUG server.RaftServer$Division (RaftServerImpl.java:logAppendEntries(1539)) - s12@group-5D788F7A274C: appendEntries* reply s0<-s12#1171:OK-t1,SUCCESS,nextIndex=240,followerCommit=237,matchIndex=239
2024-09-10 06:20:06,937 DEBUG server.RaftServer$Division (RaftServerImpl.java:logAppendEntries(1539)) - s5@group-5D788F7A274C: appendEntries* reply s0<-s5#1058:OK-t1,SUCCESS,nextIndex=240,followerCommit=237,matchIndex=239
2024-09-10 06:20:06,937 DEBUG server.RaftServer$Division (RaftServerImpl.java:logAppendEntries(1539)) - s14@group-5D788F7A274C: appendEntries* s0->s14#790-t1,previous=(t:1, i:238),leaderCommit=237,initializing? false,entries: size=1, first=(t:1, i:239), STATEMACHINELOGENTRY, StateMachineLogEntryProto:4550@client-04EF324C57E0
2024-09-10 06:20:06,938 DEBUG server.RaftServer$Division (RaftServerImpl.java:logAppendEntries(1539)) - s1@group-5D788F7A274C: appendEntries* s0->s1#1392-t1,previous=(t:1, i:238),leaderCommit=237,initializing? false,entries: size=1, first=(t:1, i:239), STATEMACHINELOGENTRY, StateMachineLogEntryProto:4550@client-04EF324C57E0
2024-09-10 06:20:06,938 DEBUG server.RaftServer$Division (RaftServerImpl.java:logAppendEntries(1539)) - s14@group-5D788F7A274C: appendEntries* reply s0<-s14#790:OK-t1,SUCCESS,nextIndex=240,followerCommit=237,matchIndex=239
2024-09-10 06:20:06,938 DEBUG server.RaftServer$Division (RaftServerImpl.java:logAppendEntries(1539)) - s1@group-5D788F7A274C: appendEntries* reply s0<-s1#1392:OK-t1,SUCCESS,nextIndex=240,followerCommit=237,matchIndex=239
2024-09-10 06:20:06,938 DEBUG server.RaftServer$Division (RaftServerImpl.java:logAppendEntries(1539)) - s3@group-5D788F7A274C: appendEntries* s0->s3#1148-t1,previous=(t:1, i:238),leaderCommit=237,initializing? false,entries: size=1, first=(t:1, i:239), STATEMACHINELOGENTRY, StateMachineLogEntryProto:4550@client-04EF324C57E0
2024-09-10 06:20:06,939 DEBUG server.RaftServer$Division (RaftServerImpl.java:logAppendEntries(1539)) - s2@group-5D788F7A274C: appendEntries* s0->s2#1139-t1,previous=(t:1, i:238),leaderCommit=237,initializing? false,entries: size=1, first=(t:1, i:239), STATEMACHINELOGENTRY, StateMachineLogEntryProto:4550@client-04EF324C57E0
2024-09-10 06:20:06,939 DEBUG server.RaftServer$Division (RaftServerImpl.java:logAppendEntries(1539)) - s9@group-5D788F7A274C: appendEntries* s0->s9#1144-t1,previous=(t:1, i:238),leaderCommit=237,initializing? false,entries: size=1, first=(t:1, i:239), STATEMACHINELOGENTRY, StateMachineLogEntryProto:4550@client-04EF324C57E0
2024-09-10 06:20:06,939 INFO  statemachine.StateMachine (ArithmeticStateMachine.java:applyTransaction(181)) - LEADER:s0-239: c = null = null
2024-09-10 06:20:06,939 DEBUG server.RaftServer$Division (RaftServerImpl.java:logAppendEntries(1539)) - s2@group-5D788F7A274C: appendEntries* reply s0<-s2#1139:OK-t1,SUCCESS,nextIndex=240,followerCommit=237,matchIndex=239
2024-09-10 06:20:06,940 DEBUG server.RaftServer$Division (RaftServerImpl.java:logAppendEntries(1539)) - s3@group-5D788F7A274C: appendEntries* reply s0<-s3#1148:OK-t1,SUCCESS,nextIndex=240,followerCommit=237,matchIndex=239
2024-09-10 06:20:06,940 DEBUG server.RaftServer$Division (RaftServerImpl.java:logAppendEntries(1539)) - s9@group-5D788F7A274C: appendEntries* reply s0<-s9#1144:OK-t1,SUCCESS,nextIndex=240,followerCommit=237,matchIndex=239
2024-09-10 06:20:06,940 DEBUG server.RaftServer$Division (RaftServerImpl.java:logAppendEntries(1539)) - s7@group-5D788F7A274C: appendEntries* s0->s7#835-t1,previous=(t:1, i:239),leaderCommit=239,initializing? false,entries: size=1, first=(t:1, i:240), METADATAENTRY(c:239)
2024-09-10 06:20:06,940 DEBUG server.RaftServer$Division (RaftServerImpl.java:logAppendEntries(1539)) - s13@group-5D788F7A274C: appendEntries* s0->s13#886-t1,previous=(t:1, i:239),leaderCommit=239,initializing? false,entries: size=1, first=(t:1, i:240), METADATAENTRY(c:239)
2024-09-10 06:20:06,940 DEBUG server.RaftServer$Division (RaftServerImpl.java:logAppendEntries(1539)) - s11@group-5D788F7A274C: appendEntries* s0->s11#1225-t1,previous=(t:1, i:239),leaderCommit=239,initializing? false,entries: size=1, first=(t:1, i:240), METADATAENTRY(c:239)
2024-09-10 06:20:06,941 DEBUG server.RaftServer$Division (RaftServerImpl.java:logAppendEntries(1539)) - s7@group-5D788F7A274C: appendEntries* reply s0<-s7#835:OK-t1,SUCCESS,nextIndex=241,followerCommit=239,matchIndex=240
2024-09-10 06:20:06,941 DEBUG server.RaftServer$Division (RaftServerImpl.java:logAppendEntries(1539)) - s8@group-5D788F7A274C: appendEntries* s0->s8#1145-t1,previous=(t:1, i:239),leaderCommit=239,initializing? false,entries: size=1, first=(t:1, i:240), METADATAENTRY(c:239)
2024-09-10 06:20:06,941 DEBUG server.RaftServer$Division (RaftServerImpl.java:logAppendEntries(1539)) - s11@group-5D788F7A274C: appendEntries* reply s0<-s11#1225:OK-t1,SUCCESS,nextIndex=241,followerCommit=239,matchIndex=240
2024-09-10 06:20:06,942 DEBUG server.RaftServer$Division (RaftServerImpl.java:logAppendEntries(1539)) - s8@group-5D788F7A274C: appendEntries* reply s0<-s8#1145:OK-t1,SUCCESS,nextIndex=241,followerCommit=239,matchIndex=240
2024-09-10 06:20:06,942 DEBUG server.RaftServer$Division (RaftServerImpl.java:logAppendEntries(1539)) - s4@group-5D788F7A274C: appendEntries* s0->s4#1028-t1,previous=(t:1, i:239),leaderCommit=239,initializing? false,entries: size=1, first=(t:1, i:240), METADATAENTRY(c:239)
2024-09-10 06:20:06,942 DEBUG server.RaftServer$Division (RaftServerImpl.java:logAppendEntries(1539)) - s13@group-5D788F7A274C: appendEntries* reply s0<-s13#886:OK-t1,SUCCESS,nextIndex=241,followerCommit=239,matchIndex=240
2024-09-10 06:20:06,942 DEBUG server.RaftServer$Division (RaftServerImpl.java:logAppendEntries(1539)) - s4@group-5D788F7A274C: appendEntries* reply s0<-s4#1028:OK-t1,SUCCESS,nextIndex=241,followerCommit=239,matchIndex=240
2024-09-10 06:20:06,943 DEBUG server.RaftServer$Division (RaftServerImpl.java:submitClientRequestAsync(910)) - s0@group-5D788F7A274C: receive client request(RaftClientRequest:client-04EF324C57E0->s0@group-5D788F7A274C, cid=4551, seq=null, RW, Message:01016102405e40000000...(size=12))
2024-09-10 06:20:06,943 DEBUG server.RaftServer$Division (LeaderStateImpl.java:addPendingRequest(532)) - s0@group-5D788F7A274C-LeaderStateImpl: addPendingRequest at RaftClientRequest:client-04EF324C57E0->s0@group-5D788F7A274C, cid=4551, seq=null, RW, Message:01016102405e40000000...(size=12), entry=(t:1, i:241), STATEMACHINELOGENTRY, WRITE: logData.size=12, stateMachineData.size=0, logEntryProtoSerializedSize=0
2024-09-10 06:20:06,944 DEBUG server.RaftServer$Division (RaftServerImpl.java:logAppendEntries(1539)) - s12@group-5D788F7A274C: appendEntries* s0->s12#1180-t1,previous=(t:1, i:239),leaderCommit=239,initializing? false,entries: size=1, first=(t:1, i:240), METADATAENTRY(c:239)
2024-09-10 06:20:06,944 DEBUG server.RaftServer$Division (RaftServerImpl.java:logAppendEntries(1539)) - s10@group-5D788F7A274C: appendEntries* s0->s10#1595-t1,previous=(t:1, i:239),leaderCommit=239,initializing? false,entries: size=1, first=(t:1, i:240), METADATAENTRY(c:239)
2024-09-10 06:20:06,944 DEBUG server.RaftServer$Division (RaftServerImpl.java:logAppendEntries(1539)) - s4@group-5D788F7A274C: appendEntries* s0->s4#1031-t1,previous=(t:1, i:240),leaderCommit=239,initializing? false,entries: size=1, first=(t:1, i:241), STATEMACHINELOGENTRY, StateMachineLogEntryProto:4551@client-04EF324C57E0
2024-09-10 06:20:06,944 DEBUG server.RaftServer$Division (RaftServerImpl.java:logAppendEntries(1539)) - s6@group-5D788F7A274C: appendEntries* s0->s6#1084-t1,previous=(t:1, i:239),leaderCommit=239,initializing? false,entries: size=1, first=(t:1, i:240), METADATAENTRY(c:239)
2024-09-10 06:20:06,944 DEBUG server.RaftServer$Division (RaftServerImpl.java:logAppendEntries(1539)) - s12@group-5D788F7A274C: appendEntries* reply s0<-s12#1180:OK-t1,SUCCESS,nextIndex=241,followerCommit=239,matchIndex=240
2024-09-10 06:20:06,944 DEBUG server.RaftServer$Division (RaftServerImpl.java:logAppendEntries(1539)) - s13@group-5D788F7A274C: appendEntries* s0->s13#889-t1,previous=(t:1, i:240),leaderCommit=239,initializing? false,entries: size=1, first=(t:1, i:241), STATEMACHINELOGENTRY, StateMachineLogEntryProto:4551@client-04EF324C57E0
2024-09-10 06:20:06,944 DEBUG server.RaftServer$Division (RaftServerImpl.java:logAppendEntries(1539)) - s7@group-5D788F7A274C: appendEntries* s0->s7#836-t1,previous=(t:1, i:240),leaderCommit=239,initializing? false,entries: size=1, first=(t:1, i:241), STATEMACHINELOGENTRY, StateMachineLogEntryProto:4551@client-04EF324C57E0
2024-09-10 06:20:06,945 DEBUG server.RaftServer$Division (RaftServerImpl.java:logAppendEntries(1539)) - s6@group-5D788F7A274C: appendEntries* reply s0<-s6#1084:OK-t1,SUCCESS,nextIndex=241,followerCommit=239,matchIndex=240
2024-09-10 06:20:06,945 DEBUG server.RaftServer$Division (RaftServerImpl.java:logAppendEntries(1539)) - s4@group-5D788F7A274C: appendEntries* reply s0<-s4#1031:OK-t1,SUCCESS,nextIndex=242,followerCommit=239,matchIndex=241
2024-09-10 06:20:06,945 DEBUG server.RaftServer$Division (RaftServerImpl.java:logAppendEntries(1539)) - s5@group-5D788F7A274C: appendEntries* s0->s5#1068-t1,previous=(t:1, i:239),leaderCommit=239,initializing? false,entries: size=1, first=(t:1, i:240), METADATAENTRY(c:239)
2024-09-10 06:20:06,945 DEBUG server.RaftServer$Division (RaftServerImpl.java:logAppendEntries(1539)) - s10@group-5D788F7A274C: appendEntries* reply s0<-s10#1595:OK-t1,SUCCESS,nextIndex=241,followerCommit=239,matchIndex=240
2024-09-10 06:20:06,945 DEBUG server.RaftServer$Division (RaftServerImpl.java:logAppendEntries(1539)) - s11@group-5D788F7A274C: appendEntries* s0->s11#1227-t1,previous=(t:1, i:240),leaderCommit=239,initializing? false,entries: size=1, first=(t:1, i:241), STATEMACHINELOGENTRY, StateMachineLogEntryProto:4551@client-04EF324C57E0
2024-09-10 06:20:06,945 DEBUG server.RaftServer$Division (RaftServerImpl.java:logAppendEntries(1539)) - s14@group-5D788F7A274C: appendEntries* s0->s14#800-t1,previous=(t:1, i:239),leaderCommit=239,initializing? false,entries: size=1, first=(t:1, i:240), METADATAENTRY(c:239)
2024-09-10 06:20:06,945 DEBUG server.RaftServer$Division (RaftServerImpl.java:logAppendEntries(1539)) - s8@group-5D788F7A274C: appendEntries* s0->s8#1148-t1,previous=(t:1, i:240),leaderCommit=239,initializing? false,entries: size=1, first=(t:1, i:241), STATEMACHINELOGENTRY, StateMachineLogEntryProto:4551@client-04EF324C57E0
2024-09-10 06:20:06,946 DEBUG server.RaftServer$Division (RaftServerImpl.java:logAppendEntries(1539)) - s1@group-5D788F7A274C: appendEntries* s0->s1#1402-t1,previous=(t:1, i:239),leaderCommit=239,initializing? false,entries: size=1, first=(t:1, i:240), METADATAENTRY(c:239)
2024-09-10 06:20:06,946 DEBUG server.RaftServer$Division (RaftServerImpl.java:logAppendEntries(1539)) - s3@group-5D788F7A274C: appendEntries* s0->s3#1159-t1,previous=(t:1, i:239),leaderCommit=239,initializing? false,entries: size=1, first=(t:1, i:240), METADATAENTRY(c:239)
2024-09-10 06:20:06,946 DEBUG server.RaftServer$Division (RaftServerImpl.java:logAppendEntries(1539)) - s2@group-5D788F7A274C: appendEntries* s0->s2#1149-t1,previous=(t:1, i:239),leaderCommit=239,initializing? false,entries: size=1, first=(t:1, i:240), METADATAENTRY(c:239)
2024-09-10 06:20:06,947 DEBUG server.RaftServer$Division (RaftServerImpl.java:logAppendEntries(1539)) - s11@group-5D788F7A274C: appendEntries* reply s0<-s11#1227:OK-t1,SUCCESS,nextIndex=242,followerCommit=239,matchIndex=241
2024-09-10 06:20:06,947 DEBUG server.RaftServer$Division (RaftServerImpl.java:logAppendEntries(1539)) - s7@group-5D788F7A274C: appendEntries* reply s0<-s7#836:OK-t1,SUCCESS,nextIndex=242,followerCommit=239,matchIndex=241
2024-09-10 06:20:06,947 DEBUG server.RaftServer$Division (RaftServerImpl.java:logAppendEntries(1539)) - s5@group-5D788F7A274C: appendEntries* reply s0<-s5#1068:OK-t1,SUCCESS,nextIndex=241,followerCommit=239,matchIndex=240
2024-09-10 06:20:06,947 DEBUG server.RaftServer$Division (RaftServerImpl.java:logAppendEntries(1539)) - s1@group-5D788F7A274C: appendEntries* reply s0<-s1#1402:OK-t1,SUCCESS,nextIndex=241,followerCommit=239,matchIndex=240
2024-09-10 06:20:06,947 DEBUG server.RaftServer$Division (RaftServerImpl.java:logAppendEntries(1539)) - s3@group-5D788F7A274C: appendEntries* reply s0<-s3#1159:OK-t1,SUCCESS,nextIndex=241,followerCommit=239,matchIndex=240
2024-09-10 06:20:06,947 DEBUG server.RaftServer$Division (RaftServerImpl.java:logAppendEntries(1539)) - s2@group-5D788F7A274C: appendEntries* reply s0<-s2#1149:OK-t1,SUCCESS,nextIndex=241,followerCommit=239,matchIndex=240
2024-09-10 06:20:06,947 DEBUG server.RaftServer$Division (RaftServerImpl.java:logAppendEntries(1539)) - s14@group-5D788F7A274C: appendEntries* reply s0<-s14#800:OK-t1,SUCCESS,nextIndex=241,followerCommit=239,matchIndex=240
2024-09-10 06:20:06,947 DEBUG server.RaftServer$Division (RaftServerImpl.java:logAppendEntries(1539)) - s8@group-5D788F7A274C: appendEntries* reply s0<-s8#1148:OK-t1,SUCCESS,nextIndex=242,followerCommit=239,matchIndex=241
2024-09-10 06:20:06,948 DEBUG server.RaftServer$Division (RaftServerImpl.java:logAppendEntries(1539)) - s13@group-5D788F7A274C: appendEntries* reply s0<-s13#889:OK-t1,SUCCESS,nextIndex=242,followerCommit=239,matchIndex=241
2024-09-10 06:20:06,948 DEBUG server.RaftServer$Division (RaftServerImpl.java:logAppendEntries(1539)) - s9@group-5D788F7A274C: appendEntries* s0->s9#1154-t1,previous=(t:1, i:239),leaderCommit=239,initializing? false,entries: size=1, first=(t:1, i:240), METADATAENTRY(c:239)
2024-09-10 06:20:06,948 DEBUG server.RaftServer$Division (RaftServerImpl.java:logAppendEntries(1539)) - s5@group-5D788F7A274C: appendEntries* s0->s5#1071-t1,previous=(t:1, i:240),leaderCommit=239,initializing? false,entries: size=1, first=(t:1, i:241), STATEMACHINELOGENTRY, StateMachineLogEntryProto:4551@client-04EF324C57E0
2024-09-10 06:20:06,949 DEBUG server.RaftServer$Division (RaftServerImpl.java:logAppendEntries(1539)) - s9@group-5D788F7A274C: appendEntries* reply s0<-s9#1154:OK-t1,SUCCESS,nextIndex=241,followerCommit=239,matchIndex=240
2024-09-10 06:20:06,949 DEBUG server.RaftServer$Division (RaftServerImpl.java:logAppendEntries(1539)) - s10@group-5D788F7A274C: appendEntries* s0->s10#1598-t1,previous=(t:1, i:240),leaderCommit=239,initializing? false,entries: size=1, first=(t:1, i:241), STATEMACHINELOGENTRY, StateMachineLogEntryProto:4551@client-04EF324C57E0
2024-09-10 06:20:06,949 DEBUG server.RaftServer$Division (RaftServerImpl.java:logAppendEntries(1539)) - s5@group-5D788F7A274C: appendEntries* reply s0<-s5#1071:OK-t1,SUCCESS,nextIndex=242,followerCommit=239,matchIndex=241
2024-09-10 06:20:06,949 DEBUG server.RaftServer$Division (RaftServerImpl.java:logAppendEntries(1539)) - s6@group-5D788F7A274C: appendEntries* s0->s6#1087-t1,previous=(t:1, i:240),leaderCommit=239,initializing? false,entries: size=1, first=(t:1, i:241), STATEMACHINELOGENTRY, StateMachineLogEntryProto:4551@client-04EF324C57E0
2024-09-10 06:20:06,949 DEBUG server.RaftServer$Division (RaftServerImpl.java:logAppendEntries(1539)) - s14@group-5D788F7A274C: appendEntries* s0->s14#803-t1,previous=(t:1, i:240),leaderCommit=239,initializing? false,entries: size=1, first=(t:1, i:241), STATEMACHINELOGENTRY, StateMachineLogEntryProto:4551@client-04EF324C57E0
2024-09-10 06:20:06,949 DEBUG server.RaftServer$Division (RaftServerImpl.java:logAppendEntries(1539)) - s12@group-5D788F7A274C: appendEntries* s0->s12#1183-t1,previous=(t:1, i:240),leaderCommit=239,initializing? false,entries: size=1, first=(t:1, i:241), STATEMACHINELOGENTRY, StateMachineLogEntryProto:4551@client-04EF324C57E0
2024-09-10 06:20:06,950 DEBUG server.RaftServer$Division (RaftServerImpl.java:logAppendEntries(1539)) - s6@group-5D788F7A274C: appendEntries* reply s0<-s6#1087:OK-t1,SUCCESS,nextIndex=242,followerCommit=239,matchIndex=241
2024-09-10 06:20:06,950 DEBUG server.RaftServer$Division (RaftServerImpl.java:logAppendEntries(1539)) - s10@group-5D788F7A274C: appendEntries* reply s0<-s10#1598:OK-t1,SUCCESS,nextIndex=242,followerCommit=239,matchIndex=241
2024-09-10 06:20:06,950 DEBUG server.RaftServer$Division (RaftServerImpl.java:logAppendEntries(1539)) - s1@group-5D788F7A274C: appendEntries* s0->s1#1406-t1,previous=(t:1, i:240),leaderCommit=239,initializing? false,entries: size=1, first=(t:1, i:241), STATEMACHINELOGENTRY, StateMachineLogEntryProto:4551@client-04EF324C57E0
2024-09-10 06:20:06,950 DEBUG server.RaftServer$Division (RaftServerImpl.java:logAppendEntries(1539)) - s14@group-5D788F7A274C: appendEntries* reply s0<-s14#803:OK-t1,SUCCESS,nextIndex=242,followerCommit=239,matchIndex=241
2024-09-10 06:20:06,950 DEBUG server.RaftServer$Division (RaftServerImpl.java:logAppendEntries(1539)) - s12@group-5D788F7A274C: appendEntries* reply s0<-s12#1183:OK-t1,SUCCESS,nextIndex=242,followerCommit=239,matchIndex=241
2024-09-10 06:20:06,950 DEBUG server.RaftServer$Division (RaftServerImpl.java:logAppendEntries(1539)) - s1@group-5D788F7A274C: appendEntries* reply s0<-s1#1406:OK-t1,SUCCESS,nextIndex=242,followerCommit=239,matchIndex=241
2024-09-10 06:20:06,951 DEBUG server.RaftServer$Division (RaftServerImpl.java:logAppendEntries(1539)) - s3@group-5D788F7A274C: appendEntries* s0->s3#1163-t1,previous=(t:1, i:240),leaderCommit=239,initializing? false,entries: size=1, first=(t:1, i:241), STATEMACHINELOGENTRY, StateMachineLogEntryProto:4551@client-04EF324C57E0
2024-09-10 06:20:06,951 DEBUG server.RaftServer$Division (RaftServerImpl.java:logAppendEntries(1539)) - s2@group-5D788F7A274C: appendEntries* s0->s2#1152-t1,previous=(t:1, i:240),leaderCommit=239,initializing? false,entries: size=1, first=(t:1, i:241), STATEMACHINELOGENTRY, StateMachineLogEntryProto:4551@client-04EF324C57E0
2024-09-10 06:20:06,951 DEBUG server.RaftServer$Division (RaftServerImpl.java:logAppendEntries(1539)) - s3@group-5D788F7A274C: appendEntries* reply s0<-s3#1163:OK-t1,SUCCESS,nextIndex=242,followerCommit=239,matchIndex=241
2024-09-10 06:20:06,951 DEBUG server.RaftServer$Division (RaftServerImpl.java:logAppendEntries(1539)) - s2@group-5D788F7A274C: appendEntries* reply s0<-s2#1152:OK-t1,SUCCESS,nextIndex=242,followerCommit=239,matchIndex=241
2024-09-10 06:20:06,951 DEBUG server.RaftServer$Division (RaftServerImpl.java:logAppendEntries(1539)) - s9@group-5D788F7A274C: appendEntries* s0->s9#1157-t1,previous=(t:1, i:240),leaderCommit=239,initializing? false,entries: size=1, first=(t:1, i:241), STATEMACHINELOGENTRY, StateMachineLogEntryProto:4551@client-04EF324C57E0
2024-09-10 06:20:06,952 INFO  statemachine.StateMachine (ArithmeticStateMachine.java:applyTransaction(181)) - LEADER:s0-241: a = 121 = 121
2024-09-10 06:20:06,952 DEBUG server.RaftServer$Division (RaftServerImpl.java:logAppendEntries(1539)) - s9@group-5D788F7A274C: appendEntries* reply s0<-s9#1157:OK-t1,SUCCESS,nextIndex=242,followerCommit=239,matchIndex=241
2024-09-10 06:20:06,953 DEBUG server.RaftServer$Division (RaftServerImpl.java:logAppendEntries(1539)) - s13@group-5D788F7A274C: appendEntries* s0->s13#897-t1,previous=(t:1, i:241),leaderCommit=241,initializing? false,entries: size=1, first=(t:1, i:242), METADATAENTRY(c:241)
2024-09-10 06:20:06,953 DEBUG server.RaftServer$Division (RaftServerImpl.java:logAppendEntries(1539)) - s7@group-5D788F7A274C: appendEntries* s0->s7#841-t1,previous=(t:1, i:241),leaderCommit=241,initializing? false,entries: size=1, first=(t:1, i:242), METADATAENTRY(c:241)
2024-09-10 06:20:06,953 DEBUG server.RaftServer$Division (RaftServerImpl.java:logAppendEntries(1539)) - s13@group-5D788F7A274C: appendEntries* reply s0<-s13#897:OK-t1,SUCCESS,nextIndex=243,followerCommit=241,matchIndex=242
2024-09-10 06:20:06,953 DEBUG server.RaftServer$Division (RaftServerImpl.java:logAppendEntries(1539)) - s4@group-5D788F7A274C: appendEntries* s0->s4#1037-t1,previous=(t:1, i:241),leaderCommit=241,initializing? false,entries: size=1, first=(t:1, i:242), METADATAENTRY(c:241)
2024-09-10 06:20:06,954 DEBUG server.RaftServer$Division (RaftServerImpl.java:logAppendEntries(1539)) - s7@group-5D788F7A274C: appendEntries* reply s0<-s7#841:OK-t1,SUCCESS,nextIndex=243,followerCommit=241,matchIndex=242
2024-09-10 06:20:06,954 DEBUG server.RaftServer$Division (RaftServerImpl.java:logAppendEntries(1539)) - s8@group-5D788F7A274C: appendEntries* s0->s8#1154-t1,previous=(t:1, i:241),leaderCommit=241,initializing? false,entries: size=1, first=(t:1, i:242), METADATAENTRY(c:241)
2024-09-10 06:20:06,954 DEBUG server.RaftServer$Division (RaftServerImpl.java:logAppendEntries(1539)) - s4@group-5D788F7A274C: appendEntries* reply s0<-s4#1037:OK-t1,SUCCESS,nextIndex=243,followerCommit=241,matchIndex=242
2024-09-10 06:20:06,954 DEBUG server.RaftServer$Division (RaftServerImpl.java:logAppendEntries(1539)) - s11@group-5D788F7A274C: appendEntries* s0->s11#1233-t1,previous=(t:1, i:241),leaderCommit=241,initializing? false,entries: size=1, first=(t:1, i:242), METADATAENTRY(c:241)
2024-09-10 06:20:06,955 INFO  impl.MiniRaftCluster (MiniRaftCluster.java:lambda$null$7(352)) - TIMED-PRINT: printing ALL groups
  s3:  RUNNING [
   FOLLOWER s3@group-5D788F7A274C:t1, leader=s0, voted=null, raftlog=Memoized:s3@group-5D788F7A274C-SegmentedRaftLog:OPENED:c239:last(t:1, i:241), conf=conf: {index: 131, cur=peers:[s3|0.0.0.0:15003, s4|0.0.0.0:15004, s5|0.0.0.0:15005, s6|0.0.0.0:15006, s7|0.0.0.0:15007, s8|0.0.0.0:15008, s9|0.0.0.0:15009, s11|0.0.0.0:15011, s10|0.0.0.0:15010, s13|0.0.0.0:15013, s12|0.0.0.0:15012, s14|0.0.0.0:15014, s0|0.0.0.0:15000, s1|0.0.0.0:15001, s2|0.0.0.0:15002]|listeners:[], old=null} RUNNING
   FOLLOWER s3@group-DF8C9DCF2580:t0, leader=null, voted=, raftlog=Memoized:s3@group-DF8C9DCF2580-SegmentedRaftLog:OPENED:c-1:lastnull, conf=conf: {index: -1, cur=peers:[]|listeners:[], old=null} STARTING] size=2
  s4:  RUNNING [
   FOLLOWER s4@group-5D788F7A274C:t1, leader=s0, voted=null, raftlog=Memoized:s4@group-5D788F7A274C-SegmentedRaftLog:OPENED:c241:last(t:1, i:242), conf=conf: {index: 131, cur=peers:[s3|0.0.0.0:15003, s4|0.0.0.0:15004, s5|0.0.0.0:15005, s6|0.0.0.0:15006, s7|0.0.0.0:15007, s8|0.0.0.0:15008, s9|0.0.0.0:15009, s11|0.0.0.0:15011, s10|0.0.0.0:15010, s13|0.0.0.0:15013, s12|0.0.0.0:15012, s14|0.0.0.0:15014, s0|0.0.0.0:15000, s1|0.0.0.0:15001, s2|0.0.0.0:15002]|listeners:[], old=null} RUNNING
   FOLLOWER s4@group-DF8C9DCF2580:t0, leader=null, voted=, raftlog=Memoized:s4@group-DF8C9DCF2580-SegmentedRaftLog:OPENED:c-1:lastnull, conf=conf: {index: -1, cur=peers:[]|listeners:[], old=null} STARTING] size=2
  s5:  RUNNING [
   FOLLOWER s5@group-5D788F7A274C:t1, leader=s0, voted=null, raftlog=Memoized:s5@group-5D788F7A274C-SegmentedRaftLog:OPENED:c239:last(t:1, i:241), conf=conf: {index: 131, cur=peers:[s3|0.0.0.0:15003, s4|0.0.0.0:15004, s5|0.0.0.0:15005, s6|0.0.0.0:15006, s7|0.0.0.0:15007, s8|0.0.0.0:15008, s9|0.0.0.0:15009, s11|0.0.0.0:15011, s10|0.0.0.0:15010, s13|0.0.0.0:15013, s12|0.0.0.0:15012, s14|0.0.0.0:15014, s0|0.0.0.0:15000, s1|0.0.0.0:15001, s2|0.0.0.0:15002]|listeners:[], old=null} RUNNING
   FOLLOWER s5@group-DF8C9DCF2580:t0, leader=null, voted=, raftlog=Memoized:s5@group-DF8C9DCF2580-SegmentedRaftLog:OPENED:c-1:lastnull, conf=conf: {index: -1, cur=peers:[]|listeners:[], old=null} STARTING] size=2
  s6:  RUNNING [
   FOLLOWER s6@group-5D788F7A274C:t1, leader=s0, voted=null, raftlog=Memoized:s6@group-5D788F7A274C-SegmentedRaftLog:OPENED:c239:last(t:1, i:241), conf=conf: {index: 131, cur=peers:[s3|0.0.0.0:15003, s4|0.0.0.0:15004, s5|0.0.0.0:15005, s6|0.0.0.0:15006, s7|0.0.0.0:15007, s8|0.0.0.0:15008, s9|0.0.0.0:15009, s11|0.0.0.0:15011, s10|0.0.0.0:15010, s13|0.0.0.0:15013, s12|0.0.0.0:15012, s14|0.0.0.0:15014, s0|0.0.0.0:15000, s1|0.0.0.0:15001, s2|0.0.0.0:15002]|listeners:[], old=null} RUNNING
   FOLLOWER s6@group-DF8C9DCF2580:t0, leader=null, voted=, raftlog=Memoized:s6@group-DF8C9DCF2580-SegmentedRaftLog:OPENED:c-1:lastnull, conf=conf: {index: -1, cur=peers:[]|listeners:[], old=null} STARTING] size=2
  s7:  RUNNING [
   FOLLOWER s7@group-5D788F7A274C:t1, leader=s0, voted=null, raftlog=Memoized:s7@group-5D788F7A274C-SegmentedRaftLog:OPENED:c241:last(t:1, i:242), conf=conf: {index: 131, cur=peers:[s3|0.0.0.0:15003, s4|0.0.0.0:15004, s5|0.0.0.0:15005, s6|0.0.0.0:15006, s7|0.0.0.0:15007, s8|0.0.0.0:15008, s9|0.0.0.0:15009, s11|0.0.0.0:15011, s10|0.0.0.0:15010, s13|0.0.0.0:15013, s12|0.0.0.0:15012, s14|0.0.0.0:15014, s0|0.0.0.0:15000, s1|0.0.0.0:15001, s2|0.0.0.0:15002]|listeners:[], old=null} RUNNING
   FOLLOWER s7@group-DF8C9DCF2580:t0, leader=null, voted=, raftlog=Memoized:s7@group-DF8C9DCF2580-SegmentedRaftLog:OPENED:c-1:lastnull, conf=conf: {index: -1, cur=peers:[]|listeners:[], old=null} STARTING] size=2
  s8:  RUNNING [
   FOLLOWER s8@group-5D788F7A274C:t1, leader=s0, voted=null, raftlog=Memoized:s8@group-5D788F7A274C-SegmentedRaftLog:OPENED:c239:last(t:1, i:242), conf=conf: {index: 131, cur=peers:[s3|0.0.0.0:15003, s4|0.0.0.0:15004, s5|0.0.0.0:15005, s6|0.0.0.0:15006, s7|0.0.0.0:15007, s8|0.0.0.0:15008, s9|0.0.0.0:15009, s11|0.0.0.0:15011, s10|0.0.0.0:15010, s13|0.0.0.0:15013, s12|0.0.0.0:15012, s14|0.0.0.0:15014, s0|0.0.0.0:15000, s1|0.0.0.0:15001, s2|0.0.0.0:15002]|listeners:[], old=null} RUNNING
   FOLLOWER s8@group-DF8C9DCF2580:t0, leader=null, voted=, raftlog=Memoized:s8@group-DF8C9DCF2580-SegmentedRaftLog:OPENED:c-1:lastnull, conf=conf: {index: -1, cur=peers:[]|listeners:[], old=null} STARTING] size=2
  s9:  RUNNING [
   FOLLOWER s9@group-5D788F7A274C:t1, leader=s0, voted=null, raftlog=Memoized:s9@group-5D788F7A274C-SegmentedRaftLog:OPENED:c239:last(t:1, i:241), conf=conf: {index: 131, cur=peers:[s3|0.0.0.0:15003, s4|0.0.0.0:15004, s5|0.0.0.0:15005, s6|0.0.0.0:15006, s7|0.0.0.0:15007, s8|0.0.0.0:15008, s9|0.0.0.0:15009, s11|0.0.0.0:15011, s10|0.0.0.0:15010, s13|0.0.0.0:15013, s12|0.0.0.0:15012, s14|0.0.0.0:15014, s0|0.0.0.0:15000, s1|0.0.0.0:15001, s2|0.0.0.0:15002]|listeners:[], old=null} RUNNING
   FOLLOWER s9@group-DF8C9DCF2580:t0, leader=null, voted=, raftlog=Memoized:s9@group-DF8C9DCF2580-SegmentedRaftLog:OPENED:c-1:lastnull, conf=conf: {index: -1, cur=peers:[]|listeners:[], old=null} STARTING] size=2
  s11:  RUNNING [
   FOLLOWER s11@group-5D788F7A274C:t1, leader=s0, voted=null, raftlog=Memoized:s11@group-5D788F7A274C-SegmentedRaftLog:OPENED:c239:last(t:1, i:242), conf=conf: {index: 131, cur=peers:[s3|0.0.0.0:15003, s4|0.0.0.0:15004, s5|0.0.0.0:15005, s6|0.0.0.0:15006, s7|0.0.0.0:15007, s8|0.0.0.0:15008, s9|0.0.0.0:15009, s11|0.0.0.0:15011, s10|0.0.0.0:15010, s13|0.0.0.0:15013, s12|0.0.0.0:15012, s14|0.0.0.0:15014, s0|0.0.0.0:15000, s1|0.0.0.0:15001, s2|0.0.0.0:15002]|listeners:[], old=null} RUNNING
   FOLLOWER s11@group-DF8C9DCF2580:t0, leader=null, voted=, raftlog=Memoized:s11@group-DF8C9DCF2580-SegmentedRaftLog:OPENED:c-1:lastnull, conf=conf: {index: -1, cur=peers:[]|listeners:[], old=null} STARTING] size=2
  s10:  RUNNING [
   FOLLOWER s10@group-5D788F7A274C:t1, leader=s0, voted=s0, raftlog=Memoized:s10@group-5D788F7A274C-SegmentedRaftLog:OPENED:c239:last(t:1, i:241), conf=conf: {index: 131, cur=peers:[s3|0.0.0.0:15003, s4|0.0.0.0:15004, s5|0.0.0.0:15005, s6|0.0.0.0:15006, s7|0.0.0.0:15007, s8|0.0.0.0:15008, s9|0.0.0.0:15009, s11|0.0.0.0:15011, s10|0.0.0.0:15010, s13|0.0.0.0:15013, s12|0.0.0.0:15012, s14|0.0.0.0:15014, s0|0.0.0.0:15000, s1|0.0.0.0:15001, s2|0.0.0.0:15002]|listeners:[], old=null} RUNNING
   FOLLOWER s10@group-DF8C9DCF2580:t0, leader=null, voted=, raftlog=Memoized:s10@group-DF8C9DCF2580-SegmentedRaftLog:OPENED:c-1:lastnull, conf=conf: {index: -1, cur=peers:[]|listeners:[], old=null} STARTING] size=2
  s13:  RUNNING [
   FOLLOWER s13@group-5D788F7A274C:t1, leader=s0, voted=null, raftlog=Memoized:s13@group-5D788F7A274C-SegmentedRaftLog:OPENED:c241:last(t:1, i:242), conf=conf: {index: 131, cur=peers:[s3|0.0.0.0:15003, s4|0.0.0.0:15004, s5|0.0.0.0:15005, s6|0.0.0.0:15006, s7|0.0.0.0:15007, s8|0.0.0.0:15008, s9|0.0.0.0:15009, s11|0.0.0.0:15011, s10|0.0.0.0:15010, s13|0.0.0.0:15013, s12|0.0.0.0:15012, s14|0.0.0.0:15014, s0|0.0.0.0:15000, s1|0.0.0.0:15001, s2|0.0.0.0:15002]|listeners:[], old=null} RUNNING
   FOLLOWER s13@group-DF8C9DCF2580:t0, leader=null, voted=, raftlog=Memoized:s13@group-DF8C9DCF2580-SegmentedRaftLog:OPENED:c-1:lastnull, conf=conf: {index: -1, cur=peers:[]|listeners:[], old=null} STARTING] size=2
  s12:  RUNNING [
   FOLLOWER s12@group-5D788F7A274C:t1, leader=s0, voted=null, raftlog=Memoized:s12@group-5D788F7A274C-SegmentedRaftLog:OPENED:c239:last(t:1, i:241), conf=conf: {index: 131, cur=peers:[s3|0.0.0.0:15003, s4|0.0.0.0:15004, s5|0.0.0.0:15005, s6|0.0.0.0:15006, s7|0.0.0.0:15007, s8|0.0.0.0:15008, s9|0.0.0.0:15009, s11|0.0.0.0:15011, s10|0.0.0.0:15010, s13|0.0.0.0:15013, s12|0.0.0.0:15012, s14|0.0.0.0:15014, s0|0.0.0.0:15000, s1|0.0.0.0:15001, s2|0.0.0.0:15002]|listeners:[], old=null} RUNNING
   FOLLOWER s12@group-DF8C9DCF2580:t0, leader=null, voted=, raftlog=Memoized:s12@group-DF8C9DCF2580-SegmentedRaftLog:OPENED:c-1:lastnull, conf=conf: {index: -1, cur=peers:[]|listeners:[], old=null} STARTING] size=2
  s14:  RUNNING [
   FOLLOWER s14@group-5D788F7A274C:t1, leader=s0, voted=null, raftlog=Memoized:s14@group-5D788F7A274C-SegmentedRaftLog:OPENED:c239:last(t:1, i:241), conf=conf: {index: 131, cur=peers:[s3|0.0.0.0:15003, s4|0.0.0.0:15004, s5|0.0.0.0:15005, s6|0.0.0.0:15006, s7|0.0.0.0:15007, s8|0.0.0.0:15008, s9|0.0.0.0:15009, s11|0.0.0.0:15011, s10|0.0.0.0:15010, s13|0.0.0.0:15013, s12|0.0.0.0:15012, s14|0.0.0.0:15014, s0|0.0.0.0:15000, s1|0.0.0.0:15001, s2|0.0.0.0:15002]|listeners:[], old=null} RUNNING
   FOLLOWER s14@group-DF8C9DCF2580:t0, leader=null, voted=, raftlog=Memoized:s14@group-DF8C9DCF2580-SegmentedRaftLog:OPENED:c-1:lastnull, conf=conf: {index: -1, cur=peers:[]|listeners:[], old=null} STARTING] size=2
  s0:  RUNNING [
     LEADER s0@group-5D788F7A274C:t1, leader=s0, voted=s0, raftlog=Memoized:s0@group-5D788F7A274C-SegmentedRaftLog:OPENED:c241:last(t:1, i:242), conf=conf: {index: 131, cur=peers:[s3|0.0.0.0:15003, s4|0.0.0.0:15004, s5|0.0.0.0:15005, s6|0.0.0.0:15006, s7|0.0.0.0:15007, s8|0.0.0.0:15008, s9|0.0.0.0:15009, s11|0.0.0.0:15011, s10|0.0.0.0:15010, s13|0.0.0.0:15013, s12|0.0.0.0:15012, s14|0.0.0.0:15014, s0|0.0.0.0:15000, s1|0.0.0.0:15001, s2|0.0.0.0:15002]|listeners:[], old=null} RUNNING
   FOLLOWER s0@group-DF8C9DCF2580:t0, leader=null, voted=, raftlog=Memoized:s0@group-DF8C9DCF2580-SegmentedRaftLog:OPENED:c-1:lastnull, conf=conf: {index: -1, cur=peers:[]|listeners:[], old=null} STARTING] size=2
  s1:  RUNNING [
   FOLLOWER s1@group-5D788F7A274C:t1, leader=s0, voted=s1, raftlog=Memoized:s1@group-5D788F7A274C-SegmentedRaftLog:OPENED:c239:last(t:1, i:241), conf=conf: {index: 131, cur=peers:[s3|0.0.0.0:15003, s4|0.0.0.0:15004, s5|0.0.0.0:15005, s6|0.0.0.0:15006, s7|0.0.0.0:15007, s8|0.0.0.0:15008, s9|0.0.0.0:15009, s11|0.0.0.0:15011, s10|0.0.0.0:15010, s13|0.0.0.0:15013, s12|0.0.0.0:15012, s14|0.0.0.0:15014, s0|0.0.0.0:15000, s1|0.0.0.0:15001, s2|0.0.0.0:15002]|listeners:[], old=null} RUNNING
   FOLLOWER s1@group-DF8C9DCF2580:t0, leader=null, voted=, raftlog=Memoized:s1@group-DF8C9DCF2580-SegmentedRaftLog:OPENED:c-1:lastnull, conf=conf: {index: -1, cur=peers:[]|listeners:[], old=null} STARTING] size=2
  s2:  RUNNING [
   FOLLOWER s2@group-5D788F7A274C:t1, leader=s0, voted=null, raftlog=Memoized:s2@group-5D788F7A274C-SegmentedRaftLog:OPENED:c239:last(t:1, i:241), conf=conf: {index: 131, cur=peers:[s3|0.0.0.0:15003, s4|0.0.0.0:15004, s5|0.0.0.0:15005, s6|0.0.0.0:15006, s7|0.0.0.0:15007, s8|0.0.0.0:15008, s9|0.0.0.0:15009, s11|0.0.0.0:15011, s10|0.0.0.0:15010, s13|0.0.0.0:15013, s12|0.0.0.0:15012, s14|0.0.0.0:15014, s0|0.0.0.0:15000, s1|0.0.0.0:15001, s2|0.0.0.0:15002]|listeners:[], old=null} RUNNING
   FOLLOWER s2@group-DF8C9DCF2580:t0, leader=null, voted=, raftlog=Memoized:s2@group-DF8C9DCF2580-SegmentedRaftLog:OPENED:c-1:lastnull, conf=conf: {index: -1, cur=peers:[]|listeners:[], old=null} STARTING] size=2
2024-09-10 06:20:06,956 DEBUG server.RaftServer$Division (RaftServerImpl.java:logAppendEntries(1539)) - s11@group-5D788F7A274C: appendEntries* reply s0<-s11#1233:OK-t1,SUCCESS,nextIndex=243,followerCommit=241,matchIndex=242
2024-09-10 06:20:06,956 DEBUG server.RaftServer$Division (RaftServerImpl.java:logAppendEntries(1539)) - s8@group-5D788F7A274C: appendEntries* reply s0<-s8#1154:OK-t1,SUCCESS,nextIndex=243,followerCommit=241,matchIndex=242
2024-09-10 06:20:06,956 DEBUG server.RaftServer$Division (RaftServerImpl.java:logAppendEntries(1539)) - s6@group-5D788F7A274C: appendEntries* s0->s6#1098-t1,previous=(t:1, i:241),leaderCommit=241,initializing? false,entries: size=1, first=(t:1, i:242), METADATAENTRY(c:241)
2024-09-10 06:20:06,957 DEBUG server.RaftServer$Division (RaftServerImpl.java:logAppendEntries(1539)) - s5@group-5D788F7A274C: appendEntries* s0->s5#1082-t1,previous=(t:1, i:241),leaderCommit=241,initializing? false,entries: size=1, first=(t:1, i:242), METADATAENTRY(c:241)
2024-09-10 06:20:06,957 DEBUG server.RaftServer$Division (RaftServerImpl.java:logAppendEntries(1539)) - s12@group-5D788F7A274C: appendEntries* s0->s12#1193-t1,previous=(t:1, i:241),leaderCommit=241,initializing? false,entries: size=1, first=(t:1, i:242), METADATAENTRY(c:241)
2024-09-10 06:20:06,957 DEBUG server.RaftServer$Division (RaftServerImpl.java:logAppendEntries(1539)) - s9@group-5D788F7A274C: appendEntries* s0->s9#1166-t1,previous=(t:1, i:241),leaderCommit=241,initializing? false,entries: size=1, first=(t:1, i:242), METADATAENTRY(c:241)
2024-09-10 06:20:06,958 DEBUG server.RaftServer$Division (RaftServerImpl.java:logAppendEntries(1539)) - s3@group-5D788F7A274C: appendEntries* s0->s3#1174-t1,previous=(t:1, i:241),leaderCommit=241,initializing? false,entries: size=1, first=(t:1, i:242), METADATAENTRY(c:241)
2024-09-10 06:20:06,958 DEBUG server.RaftServer$Division (RaftServerImpl.java:logAppendEntries(1539)) - s2@group-5D788F7A274C: appendEntries* s0->s2#1163-t1,previous=(t:1, i:241),leaderCommit=241,initializing? false,entries: size=1, first=(t:1, i:242), METADATAENTRY(c:241)
2024-09-10 06:20:06,958 DEBUG server.RaftServer$Division (RaftServerImpl.java:logAppendEntries(1539)) - s6@group-5D788F7A274C: appendEntries* reply s0<-s6#1098:OK-t1,SUCCESS,nextIndex=243,followerCommit=241,matchIndex=242
2024-09-10 06:20:06,958 DEBUG server.RaftServer$Division (RaftServerImpl.java:submitClientRequestAsync(910)) - s0@group-5D788F7A274C: receive client request(RaftClientRequest:client-04EF324C57E0->s0@group-5D788F7A274C, cid=4552, seq=null, RW, Message:0101620240bc98000000...(size=12))
2024-09-10 06:20:06,958 DEBUG server.RaftServer$Division (RaftServerImpl.java:logAppendEntries(1539)) - s5@group-5D788F7A274C: appendEntries* reply s0<-s5#1082:OK-t1,SUCCESS,nextIndex=243,followerCommit=241,matchIndex=242
2024-09-10 06:20:06,958 DEBUG server.RaftServer$Division (RaftServerImpl.java:logAppendEntries(1539)) - s10@group-5D788F7A274C: appendEntries* s0->s10#1609-t1,previous=(t:1, i:241),leaderCommit=241,initializing? false,entries: size=1, first=(t:1, i:242), METADATAENTRY(c:241)
2024-09-10 06:20:06,958 DEBUG server.RaftServer$Division (RaftServerImpl.java:logAppendEntries(1539)) - s2@group-5D788F7A274C: appendEntries* reply s0<-s2#1163:OK-t1,SUCCESS,nextIndex=243,followerCommit=241,matchIndex=242
2024-09-10 06:20:06,958 DEBUG server.RaftServer$Division (RaftServerImpl.java:logAppendEntries(1539)) - s3@group-5D788F7A274C: appendEntries* reply s0<-s3#1174:OK-t1,SUCCESS,nextIndex=243,followerCommit=241,matchIndex=242
2024-09-10 06:20:06,959 DEBUG server.RaftServer$Division (RaftServerImpl.java:logAppendEntries(1539)) - s9@group-5D788F7A274C: appendEntries* reply s0<-s9#1166:OK-t1,SUCCESS,nextIndex=243,followerCommit=241,matchIndex=242
2024-09-10 06:20:06,958 DEBUG server.RaftServer$Division (LeaderStateImpl.java:addPendingRequest(532)) - s0@group-5D788F7A274C-LeaderStateImpl: addPendingRequest at RaftClientRequest:client-04EF324C57E0->s0@group-5D788F7A274C, cid=4552, seq=null, RW, Message:0101620240bc98000000...(size=12), entry=(t:1, i:243), STATEMACHINELOGENTRY, WRITE: logData.size=12, stateMachineData.size=0, logEntryProtoSerializedSize=0
2024-09-10 06:20:06,959 DEBUG server.RaftServer$Division (RaftServerImpl.java:logAppendEntries(1539)) - s1@group-5D788F7A274C: appendEntries* s0->s1#1417-t1,previous=(t:1, i:241),leaderCommit=241,initializing? false,entries: size=1, first=(t:1, i:242), METADATAENTRY(c:241)
2024-09-10 06:20:06,959 DEBUG server.RaftServer$Division (RaftServerImpl.java:logAppendEntries(1539)) - s10@group-5D788F7A274C: appendEntries* reply s0<-s10#1609:OK-t1,SUCCESS,nextIndex=243,followerCommit=241,matchIndex=242
2024-09-10 06:20:06,959 DEBUG server.RaftServer$Division (RaftServerImpl.java:logAppendEntries(1539)) - s1@group-5D788F7A274C: appendEntries* reply s0<-s1#1417:OK-t1,SUCCESS,nextIndex=243,followerCommit=241,matchIndex=242
2024-09-10 06:20:06,960 DEBUG server.RaftServer$Division (RaftServerImpl.java:logAppendEntries(1539)) - s11@group-5D788F7A274C: appendEntries* s0->s11#1237-t1,previous=(t:1, i:242),leaderCommit=241,initializing? false,entries: size=1, first=(t:1, i:243), STATEMACHINELOGENTRY, StateMachineLogEntryProto:4552@client-04EF324C57E0
2024-09-10 06:20:06,958 DEBUG server.RaftServer$Division (RaftServerImpl.java:logAppendEntries(1539)) - s12@group-5D788F7A274C: appendEntries* reply s0<-s12#1193:OK-t1,SUCCESS,nextIndex=243,followerCommit=241,matchIndex=242
2024-09-10 06:20:06,960 DEBUG server.RaftServer$Division (RaftServerImpl.java:logAppendEntries(1539)) - s13@group-5D788F7A274C: appendEntries* s0->s13#899-t1,previous=(t:1, i:242),leaderCommit=241,initializing? false,entries: size=1, first=(t:1, i:243), STATEMACHINELOGENTRY, StateMachineLogEntryProto:4552@client-04EF324C57E0
2024-09-10 06:20:06,960 DEBUG server.RaftServer$Division (RaftServerImpl.java:logAppendEntries(1539)) - s4@group-5D788F7A274C: appendEntries* s0->s4#1043-t1,previous=(t:1, i:242),leaderCommit=241,initializing? false,entries: size=1, first=(t:1, i:243), STATEMACHINELOGENTRY, StateMachineLogEntryProto:4552@client-04EF324C57E0
2024-09-10 06:20:06,960 DEBUG server.RaftServer$Division (RaftServerImpl.java:logAppendEntries(1539)) - s11@group-5D788F7A274C: appendEntries* reply s0<-s11#1237:OK-t1,SUCCESS,nextIndex=244,followerCommit=241,matchIndex=243
2024-09-10 06:20:06,960 DEBUG server.RaftServer$Division (RaftServerImpl.java:logAppendEntries(1539)) - s7@group-5D788F7A274C: appendEntries* s0->s7#843-t1,previous=(t:1, i:242),leaderCommit=241,initializing? false,entries: size=1, first=(t:1, i:243), STATEMACHINELOGENTRY, StateMachineLogEntryProto:4552@client-04EF324C57E0
2024-09-10 06:20:06,961 DEBUG server.RaftServer$Division (RaftServerImpl.java:logAppendEntries(1539)) - s4@group-5D788F7A274C: appendEntries* reply s0<-s4#1043:OK-t1,SUCCESS,nextIndex=244,followerCommit=241,matchIndex=243
2024-09-10 06:20:06,961 DEBUG server.RaftServer$Division (RaftServerImpl.java:logAppendEntries(1539)) - s13@group-5D788F7A274C: appendEntries* reply s0<-s13#899:OK-t1,SUCCESS,nextIndex=244,followerCommit=241,matchIndex=243
2024-09-10 06:20:06,961 DEBUG server.RaftServer$Division (RaftServerImpl.java:logAppendEntries(1539)) - s7@group-5D788F7A274C: appendEntries* reply s0<-s7#843:OK-t1,SUCCESS,nextIndex=244,followerCommit=241,matchIndex=243
2024-09-10 06:20:06,961 DEBUG server.RaftServer$Division (RaftServerImpl.java:logAppendEntries(1539)) - s8@group-5D788F7A274C: appendEntries* s0->s8#1158-t1,previous=(t:1, i:242),leaderCommit=241,initializing? false,entries: size=1, first=(t:1, i:243), STATEMACHINELOGENTRY, StateMachineLogEntryProto:4552@client-04EF324C57E0
2024-09-10 06:20:06,962 DEBUG server.RaftServer$Division (RaftServerImpl.java:logAppendEntries(1539)) - s14@group-5D788F7A274C: appendEntries* s0->s14#813-t1,previous=(t:1, i:241),leaderCommit=241,initializing? false,entries: size=1, first=(t:1, i:242), METADATAENTRY(c:241)
2024-09-10 06:20:06,962 DEBUG server.RaftServer$Division (RaftServerImpl.java:logAppendEntries(1539)) - s6@group-5D788F7A274C: appendEntries* s0->s6#1104-t1,previous=(t:1, i:242),leaderCommit=241,initializing? false,entries: size=1, first=(t:1, i:243), STATEMACHINELOGENTRY, StateMachineLogEntryProto:4552@client-04EF324C57E0
2024-09-10 06:20:06,962 DEBUG server.RaftServer$Division (RaftServerImpl.java:logAppendEntries(1539)) - s8@group-5D788F7A274C: appendEntries* reply s0<-s8#1158:OK-t1,SUCCESS,nextIndex=244,followerCommit=241,matchIndex=243
2024-09-10 06:20:06,962 DEBUG server.RaftServer$Division (RaftServerImpl.java:logAppendEntries(1539)) - s5@group-5D788F7A274C: appendEntries* s0->s5#1092-t1,previous=(t:1, i:242),leaderCommit=241,initializing? false,entries: size=1, first=(t:1, i:243), STATEMACHINELOGENTRY, StateMachineLogEntryProto:4552@client-04EF324C57E0
2024-09-10 06:20:06,962 DEBUG server.RaftServer$Division (RaftServerImpl.java:logAppendEntries(1539)) - s6@group-5D788F7A274C: appendEntries* reply s0<-s6#1104:OK-t1,SUCCESS,nextIndex=244,followerCommit=241,matchIndex=243
2024-09-10 06:20:06,963 DEBUG server.RaftServer$Division (RaftServerImpl.java:logAppendEntries(1539)) - s14@group-5D788F7A274C: appendEntries* s0->s14#822-t1,previous=(t:1, i:242),leaderCommit=241,initializing? false,entries: size=1, first=(t:1, i:243), STATEMACHINELOGENTRY, StateMachineLogEntryProto:4552@client-04EF324C57E0
2024-09-10 06:20:06,963 DEBUG server.RaftServer$Division (RaftServerImpl.java:logAppendEntries(1539)) - s5@group-5D788F7A274C: appendEntries* reply s0<-s5#1092:OK-t1,SUCCESS,nextIndex=244,followerCommit=241,matchIndex=243
2024-09-10 06:20:06,963 DEBUG server.RaftServer$Division (RaftServerImpl.java:logAppendEntries(1539)) - s10@group-5D788F7A274C: appendEntries* s0->s10#1618-t1,previous=(t:1, i:242),leaderCommit=241,initializing? false,entries: size=1, first=(t:1, i:243), STATEMACHINELOGENTRY, StateMachineLogEntryProto:4552@client-04EF324C57E0
2024-09-10 06:20:06,963 DEBUG server.RaftServer$Division (RaftServerImpl.java:logAppendEntries(1539)) - s12@group-5D788F7A274C: appendEntries* s0->s12#1202-t1,previous=(t:1, i:242),leaderCommit=241,initializing? false,entries: size=1, first=(t:1, i:243), STATEMACHINELOGENTRY, StateMachineLogEntryProto:4552@client-04EF324C57E0
2024-09-10 06:20:06,963 DEBUG server.RaftServer$Division (RaftServerImpl.java:logAppendEntries(1539)) - s14@group-5D788F7A274C: appendEntries* reply s0<-s14#813:OK-t1,SUCCESS,nextIndex=243,followerCommit=241,matchIndex=242
2024-09-10 06:20:06,963 DEBUG server.RaftServer$Division (RaftServerImpl.java:logAppendEntries(1539)) - s1@group-5D788F7A274C: appendEntries* s0->s1#1425-t1,previous=(t:1, i:242),leaderCommit=241,initializing? false,entries: size=1, first=(t:1, i:243), STATEMACHINELOGENTRY, StateMachineLogEntryProto:4552@client-04EF324C57E0
2024-09-10 06:20:06,964 DEBUG server.RaftServer$Division (RaftServerImpl.java:logAppendEntries(1539)) - s10@group-5D788F7A274C: appendEntries* reply s0<-s10#1618:OK-t1,SUCCESS,nextIndex=244,followerCommit=241,matchIndex=243
2024-09-10 06:20:06,964 DEBUG server.RaftServer$Division (RaftServerImpl.java:logAppendEntries(1539)) - s12@group-5D788F7A274C: appendEntries* reply s0<-s12#1202:OK-t1,SUCCESS,nextIndex=244,followerCommit=241,matchIndex=243
2024-09-10 06:20:06,964 DEBUG server.RaftServer$Division (RaftServerImpl.java:logAppendEntries(1539)) - s14@group-5D788F7A274C: appendEntries* reply s0<-s14#822:OK-t1,SUCCESS,nextIndex=244,followerCommit=241,matchIndex=243
2024-09-10 06:20:06,964 DEBUG server.RaftServer$Division (RaftServerImpl.java:logAppendEntries(1539)) - s1@group-5D788F7A274C: appendEntries* reply s0<-s1#1425:OK-t1,SUCCESS,nextIndex=244,followerCommit=241,matchIndex=243
2024-09-10 06:20:06,964 DEBUG server.RaftServer$Division (RaftServerImpl.java:logAppendEntries(1539)) - s3@group-5D788F7A274C: appendEntries* s0->s3#1183-t1,previous=(t:1, i:242),leaderCommit=241,initializing? false,entries: size=1, first=(t:1, i:243), STATEMACHINELOGENTRY, StateMachineLogEntryProto:4552@client-04EF324C57E0
2024-09-10 06:20:06,964 DEBUG server.RaftServer$Division (RaftServerImpl.java:logAppendEntries(1539)) - s2@group-5D788F7A274C: appendEntries* s0->s2#1173-t1,previous=(t:1, i:242),leaderCommit=241,initializing? false,entries: size=1, first=(t:1, i:243), STATEMACHINELOGENTRY, StateMachineLogEntryProto:4552@client-04EF324C57E0
2024-09-10 06:20:06,964 DEBUG server.RaftServer$Division (RaftServerImpl.java:logAppendEntries(1539)) - s9@group-5D788F7A274C: appendEntries* s0->s9#1176-t1,previous=(t:1, i:242),leaderCommit=241,initializing? false,entries: size=1, first=(t:1, i:243), STATEMACHINELOGENTRY, StateMachineLogEntryProto:4552@client-04EF324C57E0
2024-09-10 06:20:06,965 DEBUG server.RaftServer$Division (RaftServerImpl.java:logAppendEntries(1539)) - s3@group-5D788F7A274C: appendEntries* reply s0<-s3#1183:OK-t1,SUCCESS,nextIndex=244,followerCommit=241,matchIndex=243
2024-09-10 06:20:06,965 DEBUG server.RaftServer$Division (RaftServerImpl.java:logAppendEntries(1539)) - s9@group-5D788F7A274C: appendEntries* reply s0<-s9#1176:OK-t1,SUCCESS,nextIndex=244,followerCommit=241,matchIndex=243
2024-09-10 06:20:06,965 DEBUG server.RaftServer$Division (RaftServerImpl.java:logAppendEntries(1539)) - s2@group-5D788F7A274C: appendEntries* reply s0<-s2#1173:OK-t1,SUCCESS,nextIndex=244,followerCommit=241,matchIndex=243
2024-09-10 06:20:06,965 INFO  statemachine.StateMachine (ArithmeticStateMachine.java:applyTransaction(181)) - LEADER:s0-243: b = 7320 = 7320
2024-09-10 06:20:06,966 DEBUG server.RaftServer$Division (RaftServerImpl.java:logAppendEntries(1539)) - s11@group-5D788F7A274C: appendEntries* s0->s11#1245-t1,previous=(t:1, i:243),leaderCommit=243,initializing? false,entries: size=1, first=(t:1, i:244), METADATAENTRY(c:243)
2024-09-10 06:20:06,966 DEBUG server.RaftServer$Division (RaftServerImpl.java:logAppendEntries(1539)) - s13@group-5D788F7A274C: appendEntries* s0->s13#907-t1,previous=(t:1, i:243),leaderCommit=243,initializing? false,entries: size=1, first=(t:1, i:244), METADATAENTRY(c:243)
2024-09-10 06:20:06,966 DEBUG server.RaftServer$Division (RaftServerImpl.java:logAppendEntries(1539)) - s8@group-5D788F7A274C: appendEntries* s0->s8#1166-t1,previous=(t:1, i:243),leaderCommit=243,initializing? false,entries: size=1, first=(t:1, i:244), METADATAENTRY(c:243)
2024-09-10 06:20:06,966 DEBUG server.RaftServer$Division (RaftServerImpl.java:logAppendEntries(1539)) - s11@group-5D788F7A274C: appendEntries* reply s0<-s11#1245:OK-t1,SUCCESS,nextIndex=245,followerCommit=243,matchIndex=244
2024-09-10 06:20:06,966 DEBUG server.RaftServer$Division (RaftServerImpl.java:logAppendEntries(1539)) - s13@group-5D788F7A274C: appendEntries* reply s0<-s13#907:OK-t1,SUCCESS,nextIndex=245,followerCommit=243,matchIndex=244
2024-09-10 06:20:06,966 DEBUG server.RaftServer$Division (RaftServerImpl.java:logAppendEntries(1539)) - s8@group-5D788F7A274C: appendEntries* reply s0<-s8#1166:OK-t1,SUCCESS,nextIndex=245,followerCommit=243,matchIndex=244
2024-09-10 06:20:06,966 DEBUG server.RaftServer$Division (RaftServerImpl.java:logAppendEntries(1539)) - s7@group-5D788F7A274C: appendEntries* s0->s7#851-t1,previous=(t:1, i:243),leaderCommit=243,initializing? false,entries: size=1, first=(t:1, i:244), METADATAENTRY(c:243)
2024-09-10 06:20:06,967 DEBUG server.RaftServer$Division (RaftServerImpl.java:logAppendEntries(1539)) - s7@group-5D788F7A274C: appendEntries* reply s0<-s7#851:OK-t1,SUCCESS,nextIndex=245,followerCommit=243,matchIndex=244
2024-09-10 06:20:06,968 DEBUG server.RaftServer$Division (RaftServerImpl.java:logAppendEntries(1539)) - s4@group-5D788F7A274C: appendEntries* s0->s4#1051-t1,previous=(t:1, i:243),leaderCommit=243,initializing? false,entries: size=1, first=(t:1, i:244), METADATAENTRY(c:243)
2024-09-10 06:20:06,968 DEBUG server.RaftServer$Division (RaftServerImpl.java:logAppendEntries(1539)) - s4@group-5D788F7A274C: appendEntries* reply s0<-s4#1051:OK-t1,SUCCESS,nextIndex=245,followerCommit=243,matchIndex=244
2024-09-10 06:20:06,969 DEBUG server.RaftServer$Division (RaftServerImpl.java:submitClientRequestAsync(910)) - s0@group-5D788F7A274C: receive client request(RaftClientRequest:client-04EF324C57E0->s0@group-5D788F7A274C, cid=4553, seq=null, RW, Message:01016304010300040201...(size=17))
2024-09-10 06:20:06,969 DEBUG server.RaftServer$Division (LeaderStateImpl.java:addPendingRequest(532)) - s0@group-5D788F7A274C-LeaderStateImpl: addPendingRequest at RaftClientRequest:client-04EF324C57E0->s0@group-5D788F7A274C, cid=4553, seq=null, RW, Message:01016304010300040201...(size=17), entry=(t:1, i:245), STATEMACHINELOGENTRY, WRITE: logData.size=17, stateMachineData.size=0, logEntryProtoSerializedSize=0
2024-09-10 06:20:06,970 DEBUG server.RaftServer$Division (RaftServerImpl.java:logAppendEntries(1539)) - s10@group-5D788F7A274C: appendEntries* s0->s10#1628-t1,previous=(t:1, i:243),leaderCommit=243,initializing? false,entries: size=1, first=(t:1, i:244), METADATAENTRY(c:243)
2024-09-10 06:20:06,970 DEBUG server.RaftServer$Division (RaftServerImpl.java:logAppendEntries(1539)) - s12@group-5D788F7A274C: appendEntries* s0->s12#1211-t1,previous=(t:1, i:243),leaderCommit=243,initializing? false,entries: size=1, first=(t:1, i:244), METADATAENTRY(c:243)
2024-09-10 06:20:06,970 DEBUG server.RaftServer$Division (RaftServerImpl.java:logAppendEntries(1539)) - s6@group-5D788F7A274C: appendEntries* s0->s6#1114-t1,previous=(t:1, i:243),leaderCommit=243,initializing? false,entries: size=1, first=(t:1, i:244), METADATAENTRY(c:243)
2024-09-10 06:20:06,970 DEBUG server.RaftServer$Division (RaftServerImpl.java:logAppendEntries(1539)) - s7@group-5D788F7A274C: appendEntries* s0->s7#853-t1,previous=(t:1, i:244),leaderCommit=243,initializing? false,entries: size=1, first=(t:1, i:245), STATEMACHINELOGENTRY, StateMachineLogEntryProto:4553@client-04EF324C57E0
2024-09-10 06:20:06,971 DEBUG server.RaftServer$Division (RaftServerImpl.java:logAppendEntries(1539)) - s11@group-5D788F7A274C: appendEntries* s0->s11#1246-t1,previous=(t:1, i:244),leaderCommit=243,initializing? false,entries: size=1, first=(t:1, i:245), STATEMACHINELOGENTRY, StateMachineLogEntryProto:4553@client-04EF324C57E0
2024-09-10 06:20:06,971 DEBUG server.RaftServer$Division (RaftServerImpl.java:logAppendEntries(1539)) - s12@group-5D788F7A274C: appendEntries* reply s0<-s12#1211:OK-t1,SUCCESS,nextIndex=245,followerCommit=243,matchIndex=244
2024-09-10 06:20:06,971 DEBUG server.RaftServer$Division (RaftServerImpl.java:logAppendEntries(1539)) - s8@group-5D788F7A274C: appendEntries* s0->s8#1170-t1,previous=(t:1, i:244),leaderCommit=243,initializing? false,entries: size=1, first=(t:1, i:245), STATEMACHINELOGENTRY, StateMachineLogEntryProto:4553@client-04EF324C57E0
2024-09-10 06:20:06,971 DEBUG server.RaftServer$Division (RaftServerImpl.java:logAppendEntries(1539)) - s7@group-5D788F7A274C: appendEntries* reply s0<-s7#853:OK-t1,SUCCESS,nextIndex=246,followerCommit=243,matchIndex=245
2024-09-10 06:20:06,971 DEBUG server.RaftServer$Division (RaftServerImpl.java:logAppendEntries(1539)) - s10@group-5D788F7A274C: appendEntries* reply s0<-s10#1628:OK-t1,SUCCESS,nextIndex=245,followerCommit=243,matchIndex=244
2024-09-10 06:20:06,971 DEBUG server.RaftServer$Division (RaftServerImpl.java:logAppendEntries(1539)) - s11@group-5D788F7A274C: appendEntries* reply s0<-s11#1246:OK-t1,SUCCESS,nextIndex=246,followerCommit=243,matchIndex=245
2024-09-10 06:20:06,971 DEBUG server.RaftServer$Division (RaftServerImpl.java:logAppendEntries(1539)) - s6@group-5D788F7A274C: appendEntries* reply s0<-s6#1114:OK-t1,SUCCESS,nextIndex=245,followerCommit=243,matchIndex=244
2024-09-10 06:20:06,971 DEBUG server.RaftServer$Division (RaftServerImpl.java:logAppendEntries(1539)) - s8@group-5D788F7A274C: appendEntries* reply s0<-s8#1170:OK-t1,SUCCESS,nextIndex=246,followerCommit=243,matchIndex=245
2024-09-10 06:20:06,971 DEBUG server.RaftServer$Division (RaftServerImpl.java:logAppendEntries(1539)) - s5@group-5D788F7A274C: appendEntries* s0->s5#1101-t1,previous=(t:1, i:243),leaderCommit=243,initializing? false,entries: size=1, first=(t:1, i:244), METADATAENTRY(c:243)
2024-09-10 06:20:06,972 DEBUG server.RaftServer$Division (RaftServerImpl.java:logAppendEntries(1539)) - s4@group-5D788F7A274C: appendEntries* s0->s4#1056-t1,previous=(t:1, i:244),leaderCommit=243,initializing? false,entries: size=1, first=(t:1, i:245), STATEMACHINELOGENTRY, StateMachineLogEntryProto:4553@client-04EF324C57E0
2024-09-10 06:20:06,972 DEBUG server.RaftServer$Division (RaftServerImpl.java:logAppendEntries(1539)) - s5@group-5D788F7A274C: appendEntries* reply s0<-s5#1101:OK-t1,SUCCESS,nextIndex=245,followerCommit=243,matchIndex=244
2024-09-10 06:20:06,972 DEBUG server.RaftServer$Division (RaftServerImpl.java:logAppendEntries(1539)) - s4@group-5D788F7A274C: appendEntries* reply s0<-s4#1056:OK-t1,SUCCESS,nextIndex=246,followerCommit=243,matchIndex=245
2024-09-10 06:20:06,973 DEBUG server.RaftServer$Division (RaftServerImpl.java:logAppendEntries(1539)) - s5@group-5D788F7A274C: appendEntries* s0->s5#1106-t1,previous=(t:1, i:244),leaderCommit=243,initializing? false,entries: size=1, first=(t:1, i:245), STATEMACHINELOGENTRY, StateMachineLogEntryProto:4553@client-04EF324C57E0
2024-09-10 06:20:06,973 DEBUG server.RaftServer$Division (RaftServerImpl.java:logAppendEntries(1539)) - s13@group-5D788F7A274C: appendEntries* s0->s13#908-t1,previous=(t:1, i:244),leaderCommit=243,initializing? false,entries: size=1, first=(t:1, i:245), STATEMACHINELOGENTRY, StateMachineLogEntryProto:4553@client-04EF324C57E0
2024-09-10 06:20:06,973 DEBUG server.RaftServer$Division (RaftServerImpl.java:logAppendEntries(1539)) - s5@group-5D788F7A274C: appendEntries* reply s0<-s5#1106:OK-t1,SUCCESS,nextIndex=246,followerCommit=243,matchIndex=245
2024-09-10 06:20:06,973 DEBUG server.RaftServer$Division (RaftServerImpl.java:logAppendEntries(1539)) - s13@group-5D788F7A274C: appendEntries* reply s0<-s13#908:OK-t1,SUCCESS,nextIndex=246,followerCommit=243,matchIndex=245
2024-09-10 06:20:06,974 DEBUG server.RaftServer$Division (RaftServerImpl.java:logAppendEntries(1539)) - s12@group-5D788F7A274C: appendEntries* s0->s12#1217-t1,previous=(t:1, i:244),leaderCommit=243,initializing? false,entries: size=1, first=(t:1, i:245), STATEMACHINELOGENTRY, StateMachineLogEntryProto:4553@client-04EF324C57E0
2024-09-10 06:20:06,974 DEBUG server.RaftServer$Division (RaftServerImpl.java:logAppendEntries(1539)) - s1@group-5D788F7A274C: appendEntries* s0->s1#1433-t1,previous=(t:1, i:243),leaderCommit=243,initializing? false,entries: size=1, first=(t:1, i:244), METADATAENTRY(c:243)
2024-09-10 06:20:06,974 DEBUG server.RaftServer$Division (RaftServerImpl.java:logAppendEntries(1539)) - s12@group-5D788F7A274C: appendEntries* reply s0<-s12#1217:OK-t1,SUCCESS,nextIndex=246,followerCommit=243,matchIndex=245
2024-09-10 06:20:06,974 DEBUG server.RaftServer$Division (RaftServerImpl.java:logAppendEntries(1539)) - s1@group-5D788F7A274C: appendEntries* reply s0<-s1#1433:OK-t1,SUCCESS,nextIndex=245,followerCommit=243,matchIndex=244
2024-09-10 06:20:06,975 DEBUG server.RaftServer$Division (RaftServerImpl.java:logAppendEntries(1539)) - s10@group-5D788F7A274C: appendEntries* s0->s10#1635-t1,previous=(t:1, i:244),leaderCommit=243,initializing? false,entries: size=1, first=(t:1, i:245), STATEMACHINELOGENTRY, StateMachineLogEntryProto:4553@client-04EF324C57E0
2024-09-10 06:20:06,975 DEBUG server.RaftServer$Division (RaftServerImpl.java:logAppendEntries(1539)) - s14@group-5D788F7A274C: appendEntries* s0->s14#831-t1,previous=(t:1, i:243),leaderCommit=243,initializing? false,entries: size=1, first=(t:1, i:244), METADATAENTRY(c:243)
2024-09-10 06:20:06,975 DEBUG server.RaftServer$Division (RaftServerImpl.java:logAppendEntries(1539)) - s2@group-5D788F7A274C: appendEntries* s0->s2#1183-t1,previous=(t:1, i:243),leaderCommit=243,initializing? false,entries: size=1, first=(t:1, i:244), METADATAENTRY(c:243)
2024-09-10 06:20:06,975 DEBUG server.RaftServer$Division (RaftServerImpl.java:logAppendEntries(1539)) - s6@group-5D788F7A274C: appendEntries* s0->s6#1120-t1,previous=(t:1, i:244),leaderCommit=243,initializing? false,entries: size=1, first=(t:1, i:245), STATEMACHINELOGENTRY, StateMachineLogEntryProto:4553@client-04EF324C57E0
2024-09-10 06:20:06,975 DEBUG server.RaftServer$Division (RaftServerImpl.java:logAppendEntries(1539)) - s3@group-5D788F7A274C: appendEntries* s0->s3#1193-t1,previous=(t:1, i:243),leaderCommit=243,initializing? false,entries: size=1, first=(t:1, i:244), METADATAENTRY(c:243)
2024-09-10 06:20:06,975 DEBUG server.RaftServer$Division (RaftServerImpl.java:logAppendEntries(1539)) - s9@group-5D788F7A274C: appendEntries* s0->s9#1184-t1,previous=(t:1, i:243),leaderCommit=243,initializing? false,entries: size=1, first=(t:1, i:244), METADATAENTRY(c:243)
2024-09-10 06:20:06,975 DEBUG server.RaftServer$Division (RaftServerImpl.java:logAppendEntries(1539)) - s2@group-5D788F7A274C: appendEntries* reply s0<-s2#1183:OK-t1,SUCCESS,nextIndex=245,followerCommit=243,matchIndex=244
2024-09-10 06:20:06,976 DEBUG server.RaftServer$Division (RaftServerImpl.java:logAppendEntries(1539)) - s6@group-5D788F7A274C: appendEntries* reply s0<-s6#1120:OK-t1,SUCCESS,nextIndex=246,followerCommit=243,matchIndex=245
2024-09-10 06:20:06,976 DEBUG server.RaftServer$Division (RaftServerImpl.java:logAppendEntries(1539)) - s14@group-5D788F7A274C: appendEntries* reply s0<-s14#831:OK-t1,SUCCESS,nextIndex=245,followerCommit=243,matchIndex=244
2024-09-10 06:20:06,975 DEBUG server.RaftServer$Division (RaftServerImpl.java:logAppendEntries(1539)) - s10@group-5D788F7A274C: appendEntries* reply s0<-s10#1635:OK-t1,SUCCESS,nextIndex=246,followerCommit=243,matchIndex=245
2024-09-10 06:20:06,976 DEBUG server.RaftServer$Division (RaftServerImpl.java:logAppendEntries(1539)) - s3@group-5D788F7A274C: appendEntries* reply s0<-s3#1193:OK-t1,SUCCESS,nextIndex=245,followerCommit=243,matchIndex=244
2024-09-10 06:20:06,976 DEBUG server.RaftServer$Division (RaftServerImpl.java:logAppendEntries(1539)) - s9@group-5D788F7A274C: appendEntries* reply s0<-s9#1184:OK-t1,SUCCESS,nextIndex=245,followerCommit=243,matchIndex=244
2024-09-10 06:20:06,976 DEBUG server.RaftServer$Division (RaftServerImpl.java:logAppendEntries(1539)) - s1@group-5D788F7A274C: appendEntries* s0->s1#1438-t1,previous=(t:1, i:244),leaderCommit=243,initializing? false,entries: size=1, first=(t:1, i:245), STATEMACHINELOGENTRY, StateMachineLogEntryProto:4553@client-04EF324C57E0
2024-09-10 06:20:06,977 DEBUG server.RaftServer$Division (RaftServerImpl.java:logAppendEntries(1539)) - s1@group-5D788F7A274C: appendEntries* reply s0<-s1#1438:OK-t1,SUCCESS,nextIndex=246,followerCommit=243,matchIndex=245
2024-09-10 06:20:06,977 DEBUG server.RaftServer$Division (RaftServerImpl.java:logAppendEntries(1539)) - s14@group-5D788F7A274C: appendEntries* s0->s14#839-t1,previous=(t:1, i:244),leaderCommit=243,initializing? false,entries: size=1, first=(t:1, i:245), STATEMACHINELOGENTRY, StateMachineLogEntryProto:4553@client-04EF324C57E0
2024-09-10 06:20:06,978 DEBUG server.RaftServer$Division (RaftServerImpl.java:logAppendEntries(1539)) - s2@group-5D788F7A274C: appendEntries* s0->s2#1188-t1,previous=(t:1, i:244),leaderCommit=243,initializing? false,entries: size=1, first=(t:1, i:245), STATEMACHINELOGENTRY, StateMachineLogEntryProto:4553@client-04EF324C57E0
2024-09-10 06:20:06,978 DEBUG server.RaftServer$Division (RaftServerImpl.java:logAppendEntries(1539)) - s3@group-5D788F7A274C: appendEntries* s0->s3#1199-t1,previous=(t:1, i:244),leaderCommit=243,initializing? false,entries: size=1, first=(t:1, i:245), STATEMACHINELOGENTRY, StateMachineLogEntryProto:4553@client-04EF324C57E0
2024-09-10 06:20:06,978 DEBUG server.RaftServer$Division (RaftServerImpl.java:logAppendEntries(1539)) - s14@group-5D788F7A274C: appendEntries* reply s0<-s14#839:OK-t1,SUCCESS,nextIndex=246,followerCommit=243,matchIndex=245
2024-09-10 06:20:06,978 DEBUG server.RaftServer$Division (RaftServerImpl.java:logAppendEntries(1539)) - s9@group-5D788F7A274C: appendEntries* s0->s9#1191-t1,previous=(t:1, i:244),leaderCommit=243,initializing? false,entries: size=1, first=(t:1, i:245), STATEMACHINELOGENTRY, StateMachineLogEntryProto:4553@client-04EF324C57E0
2024-09-10 06:20:06,978 DEBUG server.RaftServer$Division (RaftServerImpl.java:logAppendEntries(1539)) - s2@group-5D788F7A274C: appendEntries* reply s0<-s2#1188:OK-t1,SUCCESS,nextIndex=246,followerCommit=243,matchIndex=245
2024-09-10 06:20:06,978 DEBUG server.RaftServer$Division (RaftServerImpl.java:logAppendEntries(1539)) - s9@group-5D788F7A274C: appendEntries* reply s0<-s9#1191:OK-t1,SUCCESS,nextIndex=246,followerCommit=243,matchIndex=245
2024-09-10 06:20:06,978 DEBUG server.RaftServer$Division (RaftServerImpl.java:logAppendEntries(1539)) - s3@group-5D788F7A274C: appendEntries* reply s0<-s3#1199:OK-t1,SUCCESS,nextIndex=246,followerCommit=243,matchIndex=245
2024-09-10 06:20:06,979 INFO  statemachine.StateMachine (ArithmeticStateMachine.java:applyTransaction(181)) - LEADER:s0-245: c = √(a^2 + b^2) = 7321
2024-09-10 06:20:06,979 DEBUG server.RaftServer$Division (RaftServerImpl.java:logAppendEntries(1539)) - s13@group-5D788F7A274C: appendEntries* s0->s13#917-t1,previous=(t:1, i:245),leaderCommit=245,initializing? false,entries: size=1, first=(t:1, i:246), METADATAENTRY(c:245)
2024-09-10 06:20:06,980 DEBUG server.RaftServer$Division (RaftServerImpl.java:logAppendEntries(1539)) - s11@group-5D788F7A274C: appendEntries* s0->s11#1255-t1,previous=(t:1, i:245),leaderCommit=245,initializing? false,entries: size=1, first=(t:1, i:246), METADATAENTRY(c:245)
2024-09-10 06:20:06,980 DEBUG server.RaftServer$Division (RaftServerImpl.java:logAppendEntries(1539)) - s7@group-5D788F7A274C: appendEntries* s0->s7#862-t1,previous=(t:1, i:245),leaderCommit=245,initializing? false,entries: size=1, first=(t:1, i:246), METADATAENTRY(c:245)
2024-09-10 06:20:06,980 DEBUG server.RaftServer$Division (RaftServerImpl.java:logAppendEntries(1539)) - s7@group-5D788F7A274C: appendEntries* reply s0<-s7#862:OK-t1,SUCCESS,nextIndex=247,followerCommit=245,matchIndex=246
2024-09-10 06:20:06,980 DEBUG server.RaftServer$Division (RaftServerImpl.java:logAppendEntries(1539)) - s11@group-5D788F7A274C: appendEntries* reply s0<-s11#1255:OK-t1,SUCCESS,nextIndex=247,followerCommit=245,matchIndex=246
2024-09-10 06:20:06,980 DEBUG server.RaftServer$Division (RaftServerImpl.java:logAppendEntries(1539)) - s13@group-5D788F7A274C: appendEntries* reply s0<-s13#917:OK-t1,SUCCESS,nextIndex=247,followerCommit=245,matchIndex=246
2024-09-10 06:20:06,980 DEBUG server.RaftServer$Division (RaftServerImpl.java:logAppendEntries(1539)) - s10@group-5D788F7A274C: appendEntries* s0->s10#1644-t1,previous=(t:1, i:245),leaderCommit=245,initializing? false,entries: size=1, first=(t:1, i:246), METADATAENTRY(c:245)
2024-09-10 06:20:06,981 DEBUG server.RaftServer$Division (RaftServerImpl.java:logAppendEntries(1539)) - s6@group-5D788F7A274C: appendEntries* s0->s6#1129-t1,previous=(t:1, i:245),leaderCommit=245,initializing? false,entries: size=1, first=(t:1, i:246), METADATAENTRY(c:245)
2024-09-10 06:20:06,981 DEBUG server.RaftServer$Division (RaftServerImpl.java:logAppendEntries(1539)) - s12@group-5D788F7A274C: appendEntries* s0->s12#1227-t1,previous=(t:1, i:245),leaderCommit=245,initializing? false,entries: size=1, first=(t:1, i:246), METADATAENTRY(c:245)
2024-09-10 06:20:06,981 DEBUG server.RaftServer$Division (RaftServerImpl.java:logAppendEntries(1539)) - s10@group-5D788F7A274C: appendEntries* reply s0<-s10#1644:OK-t1,SUCCESS,nextIndex=247,followerCommit=245,matchIndex=246
2024-09-10 06:20:06,981 DEBUG server.RaftServer$Division (RaftServerImpl.java:logAppendEntries(1539)) - s12@group-5D788F7A274C: appendEntries* reply s0<-s12#1227:OK-t1,SUCCESS,nextIndex=247,followerCommit=245,matchIndex=246
2024-09-10 06:20:06,982 DEBUG server.RaftServer$Division (RaftServerImpl.java:logAppendEntries(1539)) - s6@group-5D788F7A274C: appendEntries* reply s0<-s6#1129:OK-t1,SUCCESS,nextIndex=247,followerCommit=245,matchIndex=246
2024-09-10 06:20:06,982 DEBUG server.RaftServer$Division (RaftServerImpl.java:logAppendEntries(1539)) - s8@group-5D788F7A274C: appendEntries* s0->s8#1179-t1,previous=(t:1, i:245),leaderCommit=245,initializing? false,entries: size=1, first=(t:1, i:246), METADATAENTRY(c:245)
2024-09-10 06:20:06,982 DEBUG server.RaftServer$Division (RaftServerImpl.java:logAppendEntries(1539)) - s5@group-5D788F7A274C: appendEntries* s0->s5#1116-t1,previous=(t:1, i:245),leaderCommit=245,initializing? false,entries: size=1, first=(t:1, i:246), METADATAENTRY(c:245)
2024-09-10 06:20:06,982 DEBUG server.RaftServer$Division (RaftServerImpl.java:logAppendEntries(1539)) - s8@group-5D788F7A274C: appendEntries* reply s0<-s8#1179:OK-t1,SUCCESS,nextIndex=247,followerCommit=245,matchIndex=246
2024-09-10 06:20:06,982 DEBUG server.RaftServer$Division (RaftServerImpl.java:logAppendEntries(1539)) - s5@group-5D788F7A274C: appendEntries* reply s0<-s5#1116:OK-t1,SUCCESS,nextIndex=247,followerCommit=245,matchIndex=246
2024-09-10 06:20:06,982 DEBUG server.RaftServer$Division (RaftServerImpl.java:logAppendEntries(1539)) - s4@group-5D788F7A274C: appendEntries* s0->s4#1065-t1,previous=(t:1, i:245),leaderCommit=245,initializing? false,entries: size=1, first=(t:1, i:246), METADATAENTRY(c:245)
2024-09-10 06:20:06,983 DEBUG server.RaftServer$Division (RaftServerImpl.java:logAppendEntries(1539)) - s4@group-5D788F7A274C: appendEntries* reply s0<-s4#1065:OK-t1,SUCCESS,nextIndex=247,followerCommit=245,matchIndex=246
2024-09-10 06:20:06,983 DEBUG server.RaftServer$Division (RaftServerImpl.java:logAppendEntries(1539)) - s1@group-5D788F7A274C: appendEntries* s0->s1#1448-t1,previous=(t:1, i:245),leaderCommit=245,initializing? false,entries: size=1, first=(t:1, i:246), METADATAENTRY(c:245)
2024-09-10 06:20:06,983 DEBUG server.RaftServer$Division (RaftServerImpl.java:logAppendEntries(1539)) - s14@group-5D788F7A274C: appendEntries* s0->s14#850-t1,previous=(t:1, i:245),leaderCommit=245,initializing? false,entries: size=1, first=(t:1, i:246), METADATAENTRY(c:245)
2024-09-10 06:20:06,984 DEBUG server.RaftServer$Division (RaftServerImpl.java:logAppendEntries(1539)) - s1@group-5D788F7A274C: appendEntries* reply s0<-s1#1448:OK-t1,SUCCESS,nextIndex=247,followerCommit=245,matchIndex=246
2024-09-10 06:20:06,984 DEBUG server.RaftServer$Division (RaftServerImpl.java:logAppendEntries(1539)) - s3@group-5D788F7A274C: appendEntries* s0->s3#1210-t1,previous=(t:1, i:245),leaderCommit=245,initializing? false,entries: size=1, first=(t:1, i:246), METADATAENTRY(c:245)
2024-09-10 06:20:06,984 DEBUG server.RaftServer$Division (RaftServerImpl.java:logAppendEntries(1539)) - s14@group-5D788F7A274C: appendEntries* reply s0<-s14#850:OK-t1,SUCCESS,nextIndex=247,followerCommit=245,matchIndex=246
2024-09-10 06:20:06,984 DEBUG server.RaftServer$Division (RaftServerImpl.java:logAppendEntries(1539)) - s3@group-5D788F7A274C: appendEntries* reply s0<-s3#1210:OK-t1,SUCCESS,nextIndex=247,followerCommit=245,matchIndex=246
2024-09-10 06:20:06,984 DEBUG server.RaftServer$Division (RaftServerImpl.java:logAppendEntries(1539)) - s2@group-5D788F7A274C: appendEntries* s0->s2#1199-t1,previous=(t:1, i:245),leaderCommit=245,initializing? false,entries: size=1, first=(t:1, i:246), METADATAENTRY(c:245)
2024-09-10 06:20:06,985 DEBUG server.RaftServer$Division (RaftServerImpl.java:logAppendEntries(1539)) - s2@group-5D788F7A274C: appendEntries* reply s0<-s2#1199:OK-t1,SUCCESS,nextIndex=247,followerCommit=245,matchIndex=246
2024-09-10 06:20:06,986 DEBUG server.RaftServer$Division (RaftServerImpl.java:logAppendEntries(1539)) - s9@group-5D788F7A274C: appendEntries* s0->s9#1201-t1,previous=(t:1, i:245),leaderCommit=245,initializing? false,entries: size=1, first=(t:1, i:246), METADATAENTRY(c:245)
2024-09-10 06:20:06,986 DEBUG server.RaftServer$Division (RaftServerImpl.java:logAppendEntries(1539)) - s9@group-5D788F7A274C: appendEntries* reply s0<-s9#1201:OK-t1,SUCCESS,nextIndex=247,followerCommit=245,matchIndex=246
2024-09-10 06:20:06,987 DEBUG server.RaftServer$Division (RaftServerImpl.java:submitClientRequestAsync(910)) - s0@group-5D788F7A274C: receive client request(RaftClientRequest:client-04EF324C57E0->s0@group-5D788F7A274C, cid=4554, seq=null, RW, Message:01016100)
2024-09-10 06:20:06,987 DEBUG server.RaftServer$Division (LeaderStateImpl.java:addPendingRequest(532)) - s0@group-5D788F7A274C-LeaderStateImpl: addPendingRequest at RaftClientRequest:client-04EF324C57E0->s0@group-5D788F7A274C, cid=4554, seq=null, RW, Message:01016100, entry=(t:1, i:247), STATEMACHINELOGENTRY, WRITE: logData.size=4, stateMachineData.size=0, logEntryProtoSerializedSize=0
2024-09-10 06:20:06,988 DEBUG server.RaftServer$Division (RaftServerImpl.java:logAppendEntries(1539)) - s11@group-5D788F7A274C: appendEntries* s0->s11#1264-t1,previous=(t:1, i:246),leaderCommit=246,initializing? false,entries: size=1, first=(t:1, i:247), STATEMACHINELOGENTRY, StateMachineLogEntryProto:4554@client-04EF324C57E0
2024-09-10 06:20:06,988 DEBUG server.RaftServer$Division (RaftServerImpl.java:logAppendEntries(1539)) - s13@group-5D788F7A274C: appendEntries* s0->s13#927-t1,previous=(t:1, i:246),leaderCommit=246,initializing? false,entries: size=1, first=(t:1, i:247), STATEMACHINELOGENTRY, StateMachineLogEntryProto:4554@client-04EF324C57E0
2024-09-10 06:20:06,988 DEBUG server.RaftServer$Division (RaftServerImpl.java:logAppendEntries(1539)) - s4@group-5D788F7A274C: appendEntries* s0->s4#1081-t1,previous=(t:1, i:246),leaderCommit=246,initializing? false,entries: size=1, first=(t:1, i:247), STATEMACHINELOGENTRY, StateMachineLogEntryProto:4554@client-04EF324C57E0
2024-09-10 06:20:06,988 DEBUG server.RaftServer$Division (RaftServerImpl.java:logAppendEntries(1539)) - s7@group-5D788F7A274C: appendEntries* s0->s7#870-t1,previous=(t:1, i:246),leaderCommit=246,initializing? false,entries: size=1, first=(t:1, i:247), STATEMACHINELOGENTRY, StateMachineLogEntryProto:4554@client-04EF324C57E0
2024-09-10 06:20:06,989 DEBUG server.RaftServer$Division (RaftServerImpl.java:logAppendEntries(1539)) - s11@group-5D788F7A274C: appendEntries* reply s0<-s11#1264:OK-t1,SUCCESS,nextIndex=248,followerCommit=246,matchIndex=247
2024-09-10 06:20:06,989 DEBUG server.RaftServer$Division (RaftServerImpl.java:logAppendEntries(1539)) - s8@group-5D788F7A274C: appendEntries* s0->s8#1193-t1,previous=(t:1, i:246),leaderCommit=246,initializing? false,entries: size=1, first=(t:1, i:247), STATEMACHINELOGENTRY, StateMachineLogEntryProto:4554@client-04EF324C57E0
2024-09-10 06:20:06,989 DEBUG server.RaftServer$Division (RaftServerImpl.java:logAppendEntries(1539)) - s1@group-5D788F7A274C: appendEntries* s0->s1#1462-t1,previous=(t:1, i:246),leaderCommit=246,initializing? false,entries: size=1, first=(t:1, i:247), STATEMACHINELOGENTRY, StateMachineLogEntryProto:4554@client-04EF324C57E0
2024-09-10 06:20:06,989 DEBUG server.RaftServer$Division (RaftServerImpl.java:logAppendEntries(1539)) - s4@group-5D788F7A274C: appendEntries* reply s0<-s4#1081:OK-t1,SUCCESS,nextIndex=248,followerCommit=246,matchIndex=247
2024-09-10 06:20:06,989 DEBUG server.RaftServer$Division (RaftServerImpl.java:logAppendEntries(1539)) - s7@group-5D788F7A274C: appendEntries* reply s0<-s7#870:OK-t1,SUCCESS,nextIndex=248,followerCommit=246,matchIndex=247
2024-09-10 06:20:06,989 DEBUG server.RaftServer$Division (RaftServerImpl.java:logAppendEntries(1539)) - s13@group-5D788F7A274C: appendEntries* reply s0<-s13#927:OK-t1,SUCCESS,nextIndex=248,followerCommit=246,matchIndex=247
2024-09-10 06:20:06,990 DEBUG server.RaftServer$Division (RaftServerImpl.java:logAppendEntries(1539)) - s8@group-5D788F7A274C: appendEntries* reply s0<-s8#1193:OK-t1,SUCCESS,nextIndex=248,followerCommit=246,matchIndex=247
2024-09-10 06:20:06,990 DEBUG server.RaftServer$Division (RaftServerImpl.java:logAppendEntries(1539)) - s1@group-5D788F7A274C: appendEntries* reply s0<-s1#1462:OK-t1,SUCCESS,nextIndex=248,followerCommit=246,matchIndex=247
2024-09-10 06:20:06,990 DEBUG server.RaftServer$Division (RaftServerImpl.java:logAppendEntries(1539)) - s2@group-5D788F7A274C: appendEntries* s0->s2#1214-t1,previous=(t:1, i:246),leaderCommit=246,initializing? false,entries: size=1, first=(t:1, i:247), STATEMACHINELOGENTRY, StateMachineLogEntryProto:4554@client-04EF324C57E0
2024-09-10 06:20:06,990 DEBUG server.RaftServer$Division (RaftServerImpl.java:logAppendEntries(1539)) - s9@group-5D788F7A274C: appendEntries* s0->s9#1215-t1,previous=(t:1, i:246),leaderCommit=246,initializing? false,entries: size=1, first=(t:1, i:247), STATEMACHINELOGENTRY, StateMachineLogEntryProto:4554@client-04EF324C57E0
2024-09-10 06:20:06,991 DEBUG server.RaftServer$Division (RaftServerImpl.java:logAppendEntries(1539)) - s3@group-5D788F7A274C: appendEntries* s0->s3#1226-t1,previous=(t:1, i:246),leaderCommit=246,initializing? false,entries: size=1, first=(t:1, i:247), STATEMACHINELOGENTRY, StateMachineLogEntryProto:4554@client-04EF324C57E0
2024-09-10 06:20:06,991 DEBUG server.RaftServer$Division (RaftServerImpl.java:logAppendEntries(1539)) - s2@group-5D788F7A274C: appendEntries* reply s0<-s2#1214:OK-t1,SUCCESS,nextIndex=248,followerCommit=246,matchIndex=247
2024-09-10 06:20:06,991 DEBUG server.RaftServer$Division (RaftServerImpl.java:logAppendEntries(1539)) - s9@group-5D788F7A274C: appendEntries* reply s0<-s9#1215:OK-t1,SUCCESS,nextIndex=248,followerCommit=246,matchIndex=247
2024-09-10 06:20:06,991 DEBUG server.RaftServer$Division (RaftServerImpl.java:logAppendEntries(1539)) - s3@group-5D788F7A274C: appendEntries* reply s0<-s3#1226:OK-t1,SUCCESS,nextIndex=248,followerCommit=246,matchIndex=247
2024-09-10 06:20:06,991 DEBUG server.RaftServer$Division (RaftServerImpl.java:logAppendEntries(1539)) - s14@group-5D788F7A274C: appendEntries* s0->s14#863-t1,previous=(t:1, i:246),leaderCommit=246,initializing? false,entries: size=1, first=(t:1, i:247), STATEMACHINELOGENTRY, StateMachineLogEntryProto:4554@client-04EF324C57E0
2024-09-10 06:20:06,992 DEBUG server.RaftServer$Division (RaftServerImpl.java:logAppendEntries(1539)) - s6@group-5D788F7A274C: appendEntries* s0->s6#1140-t1,previous=(t:1, i:246),leaderCommit=246,initializing? false,entries: size=1, first=(t:1, i:247), STATEMACHINELOGENTRY, StateMachineLogEntryProto:4554@client-04EF324C57E0
2024-09-10 06:20:06,992 DEBUG server.RaftServer$Division (RaftServerImpl.java:logAppendEntries(1539)) - s5@group-5D788F7A274C: appendEntries* s0->s5#1128-t1,previous=(t:1, i:246),leaderCommit=246,initializing? false,entries: size=1, first=(t:1, i:247), STATEMACHINELOGENTRY, StateMachineLogEntryProto:4554@client-04EF324C57E0
2024-09-10 06:20:06,992 DEBUG server.RaftServer$Division (RaftServerImpl.java:logAppendEntries(1539)) - s14@group-5D788F7A274C: appendEntries* reply s0<-s14#863:OK-t1,SUCCESS,nextIndex=248,followerCommit=246,matchIndex=247
2024-09-10 06:20:06,992 DEBUG server.RaftServer$Division (RaftServerImpl.java:logAppendEntries(1539)) - s12@group-5D788F7A274C: appendEntries* s0->s12#1243-t1,previous=(t:1, i:246),leaderCommit=246,initializing? false,entries: size=1, first=(t:1, i:247), STATEMACHINELOGENTRY, StateMachineLogEntryProto:4554@client-04EF324C57E0
2024-09-10 06:20:06,992 DEBUG server.RaftServer$Division (RaftServerImpl.java:logAppendEntries(1539)) - s6@group-5D788F7A274C: appendEntries* reply s0<-s6#1140:OK-t1,SUCCESS,nextIndex=248,followerCommit=246,matchIndex=247
2024-09-10 06:20:06,992 INFO  statemachine.StateMachine (ArithmeticStateMachine.java:applyTransaction(181)) - LEADER:s0-247: a = null = null
2024-09-10 06:20:06,993 DEBUG server.RaftServer$Division (RaftServerImpl.java:logAppendEntries(1539)) - s12@group-5D788F7A274C: appendEntries* reply s0<-s12#1243:OK-t1,SUCCESS,nextIndex=248,followerCommit=246,matchIndex=247
2024-09-10 06:20:06,993 DEBUG server.RaftServer$Division (RaftServerImpl.java:logAppendEntries(1539)) - s10@group-5D788F7A274C: appendEntries* s0->s10#1658-t1,previous=(t:1, i:246),leaderCommit=246,initializing? false,entries: size=1, first=(t:1, i:247), STATEMACHINELOGENTRY, StateMachineLogEntryProto:4554@client-04EF324C57E0
2024-09-10 06:20:06,993 DEBUG server.RaftServer$Division (RaftServerImpl.java:logAppendEntries(1539)) - s13@group-5D788F7A274C: appendEntries* s0->s13#928-t1,previous=(t:1, i:247),leaderCommit=247,initializing? false,entries: size=1, first=(t:1, i:248), METADATAENTRY(c:247)
2024-09-10 06:20:06,994 DEBUG server.RaftServer$Division (RaftServerImpl.java:logAppendEntries(1539)) - s13@group-5D788F7A274C: appendEntries* reply s0<-s13#928:OK-t1,SUCCESS,nextIndex=249,followerCommit=247,matchIndex=248
2024-09-10 06:20:06,994 DEBUG server.RaftServer$Division (RaftServerImpl.java:logAppendEntries(1539)) - s10@group-5D788F7A274C: appendEntries* reply s0<-s10#1658:OK-t1,SUCCESS,nextIndex=248,followerCommit=246,matchIndex=247
2024-09-10 06:20:06,994 DEBUG server.RaftServer$Division (RaftServerImpl.java:logAppendEntries(1539)) - s5@group-5D788F7A274C: appendEntries* reply s0<-s5#1128:OK-t1,SUCCESS,nextIndex=248,followerCommit=246,matchIndex=247
2024-09-10 06:20:06,994 DEBUG server.RaftServer$Division (RaftServerImpl.java:logAppendEntries(1539)) - s14@group-5D788F7A274C: appendEntries* s0->s14#870-t1,previous=(t:1, i:247),leaderCommit=247,initializing? false,entries: size=1, first=(t:1, i:248), METADATAENTRY(c:247)
2024-09-10 06:20:06,994 DEBUG server.RaftServer$Division (RaftServerImpl.java:logAppendEntries(1539)) - s1@group-5D788F7A274C: appendEntries* s0->s1#1468-t1,previous=(t:1, i:247),leaderCommit=247,initializing? false,entries: size=1, first=(t:1, i:248), METADATAENTRY(c:247)
2024-09-10 06:20:06,994 DEBUG server.RaftServer$Division (RaftServerImpl.java:logAppendEntries(1539)) - s7@group-5D788F7A274C: appendEntries* s0->s7#872-t1,previous=(t:1, i:247),leaderCommit=247,initializing? false,entries: size=1, first=(t:1, i:248), METADATAENTRY(c:247)
2024-09-10 06:20:06,995 DEBUG server.RaftServer$Division (RaftServerImpl.java:logAppendEntries(1539)) - s6@group-5D788F7A274C: appendEntries* s0->s6#1148-t1,previous=(t:1, i:247),leaderCommit=247,initializing? false,entries: size=1, first=(t:1, i:248), METADATAENTRY(c:247)
2024-09-10 06:20:06,995 DEBUG server.RaftServer$Division (RaftServerImpl.java:logAppendEntries(1539)) - s7@group-5D788F7A274C: appendEntries* reply s0<-s7#872:OK-t1,SUCCESS,nextIndex=249,followerCommit=247,matchIndex=248
2024-09-10 06:20:06,995 DEBUG server.RaftServer$Division (RaftServerImpl.java:logAppendEntries(1539)) - s1@group-5D788F7A274C: appendEntries* reply s0<-s1#1468:OK-t1,SUCCESS,nextIndex=249,followerCommit=247,matchIndex=248
2024-09-10 06:20:06,995 DEBUG server.RaftServer$Division (RaftServerImpl.java:logAppendEntries(1539)) - s5@group-5D788F7A274C: appendEntries* s0->s5#1135-t1,previous=(t:1, i:247),leaderCommit=247,initializing? false,entries: size=1, first=(t:1, i:248), METADATAENTRY(c:247)
2024-09-10 06:20:06,995 DEBUG server.RaftServer$Division (RaftServerImpl.java:logAppendEntries(1539)) - s6@group-5D788F7A274C: appendEntries* reply s0<-s6#1148:OK-t1,SUCCESS,nextIndex=249,followerCommit=247,matchIndex=248
2024-09-10 06:20:06,995 DEBUG server.RaftServer$Division (RaftServerImpl.java:logAppendEntries(1539)) - s14@group-5D788F7A274C: appendEntries* reply s0<-s14#870:OK-t1,SUCCESS,nextIndex=249,followerCommit=247,matchIndex=248
2024-09-10 06:20:06,995 DEBUG server.RaftServer$Division (RaftServerImpl.java:logAppendEntries(1539)) - s5@group-5D788F7A274C: appendEntries* reply s0<-s5#1135:OK-t1,SUCCESS,nextIndex=249,followerCommit=247,matchIndex=248
2024-09-10 06:20:06,997 DEBUG server.RaftServer$Division (RaftServerImpl.java:logAppendEntries(1539)) - s8@group-5D788F7A274C: appendEntries* s0->s8#1197-t1,previous=(t:1, i:247),leaderCommit=247,initializing? false,entries: size=1, first=(t:1, i:248), METADATAENTRY(c:247)
2024-09-10 06:20:06,997 DEBUG server.RaftServer$Division (RaftServerImpl.java:logAppendEntries(1539)) - s8@group-5D788F7A274C: appendEntries* reply s0<-s8#1197:OK-t1,SUCCESS,nextIndex=249,followerCommit=247,matchIndex=248
2024-09-10 06:20:06,997 DEBUG server.RaftServer$Division (RaftServerImpl.java:logAppendEntries(1539)) - s9@group-5D788F7A274C: appendEntries* s0->s9#1221-t1,previous=(t:1, i:247),leaderCommit=247,initializing? false,entries: size=1, first=(t:1, i:248), METADATAENTRY(c:247)
2024-09-10 06:20:06,997 DEBUG server.RaftServer$Division (RaftServerImpl.java:logAppendEntries(1539)) - s11@group-5D788F7A274C: appendEntries* s0->s11#1269-t1,previous=(t:1, i:247),leaderCommit=247,initializing? false,entries: size=1, first=(t:1, i:248), METADATAENTRY(c:247)
2024-09-10 06:20:06,998 DEBUG server.RaftServer$Division (RaftServerImpl.java:logAppendEntries(1539)) - s4@group-5D788F7A274C: appendEntries* s0->s4#1084-t1,previous=(t:1, i:247),leaderCommit=247,initializing? false,entries: size=1, first=(t:1, i:248), METADATAENTRY(c:247)
2024-09-10 06:20:06,998 DEBUG server.RaftServer$Division (RaftServerImpl.java:logAppendEntries(1539)) - s3@group-5D788F7A274C: appendEntries* s0->s3#1234-t1,previous=(t:1, i:247),leaderCommit=247,initializing? false,entries: size=1, first=(t:1, i:248), METADATAENTRY(c:247)
2024-09-10 06:20:06,998 DEBUG server.RaftServer$Division (RaftServerImpl.java:logAppendEntries(1539)) - s9@group-5D788F7A274C: appendEntries* reply s0<-s9#1221:OK-t1,SUCCESS,nextIndex=249,followerCommit=247,matchIndex=248
2024-09-10 06:20:06,998 DEBUG server.RaftServer$Division (RaftServerImpl.java:logAppendEntries(1539)) - s11@group-5D788F7A274C: appendEntries* reply s0<-s11#1269:OK-t1,SUCCESS,nextIndex=249,followerCommit=247,matchIndex=248
2024-09-10 06:20:06,998 DEBUG server.RaftServer$Division (RaftServerImpl.java:logAppendEntries(1539)) - s4@group-5D788F7A274C: appendEntries* reply s0<-s4#1084:OK-t1,SUCCESS,nextIndex=249,followerCommit=247,matchIndex=248
2024-09-10 06:20:06,998 DEBUG server.RaftServer$Division (RaftServerImpl.java:logAppendEntries(1539)) - s3@group-5D788F7A274C: appendEntries* reply s0<-s3#1234:OK-t1,SUCCESS,nextIndex=249,followerCommit=247,matchIndex=248
2024-09-10 06:20:06,999 DEBUG server.RaftServer$Division (RaftServerImpl.java:logAppendEntries(1539)) - s10@group-5D788F7A274C: appendEntries* s0->s10#1666-t1,previous=(t:1, i:247),leaderCommit=247,initializing? false,entries: size=1, first=(t:1, i:248), METADATAENTRY(c:247)
2024-09-10 06:20:06,999 DEBUG server.RaftServer$Division (RaftServerImpl.java:logAppendEntries(1539)) - s2@group-5D788F7A274C: appendEntries* s0->s2#1222-t1,previous=(t:1, i:247),leaderCommit=247,initializing? false,entries: size=1, first=(t:1, i:248), METADATAENTRY(c:247)
2024-09-10 06:20:06,999 DEBUG server.RaftServer$Division (RaftServerImpl.java:logAppendEntries(1539)) - s12@group-5D788F7A274C: appendEntries* s0->s12#1251-t1,previous=(t:1, i:247),leaderCommit=247,initializing? false,entries: size=1, first=(t:1, i:248), METADATAENTRY(c:247)
2024-09-10 06:20:06,999 DEBUG server.RaftServer$Division (RaftServerImpl.java:logAppendEntries(1539)) - s2@group-5D788F7A274C: appendEntries* reply s0<-s2#1222:OK-t1,SUCCESS,nextIndex=249,followerCommit=247,matchIndex=248
2024-09-10 06:20:06,999 DEBUG server.RaftServer$Division (RaftServerImpl.java:logAppendEntries(1539)) - s10@group-5D788F7A274C: appendEntries* reply s0<-s10#1666:OK-t1,SUCCESS,nextIndex=249,followerCommit=247,matchIndex=248
2024-09-10 06:20:06,999 DEBUG server.RaftServer$Division (RaftServerImpl.java:logAppendEntries(1539)) - s12@group-5D788F7A274C: appendEntries* reply s0<-s12#1251:OK-t1,SUCCESS,nextIndex=249,followerCommit=247,matchIndex=248
2024-09-10 06:20:07,001 DEBUG server.RaftServer$Division (RaftServerImpl.java:submitClientRequestAsync(910)) - s0@group-5D788F7A274C: receive client request(RaftClientRequest:client-04EF324C57E0->s0@group-5D788F7A274C, cid=4555, seq=null, RW, Message:01016200)
2024-09-10 06:20:07,001 DEBUG server.RaftServer$Division (LeaderStateImpl.java:addPendingRequest(532)) - s0@group-5D788F7A274C-LeaderStateImpl: addPendingRequest at RaftClientRequest:client-04EF324C57E0->s0@group-5D788F7A274C, cid=4555, seq=null, RW, Message:01016200, entry=(t:1, i:249), STATEMACHINELOGENTRY, WRITE: logData.size=4, stateMachineData.size=0, logEntryProtoSerializedSize=0
2024-09-10 06:20:07,002 DEBUG server.RaftServer$Division (RaftServerImpl.java:logAppendEntries(1539)) - s1@group-5D788F7A274C: appendEntries* s0->s1#1478-t1,previous=(t:1, i:248),leaderCommit=248,initializing? false,entries: size=1, first=(t:1, i:249), STATEMACHINELOGENTRY, StateMachineLogEntryProto:4555@client-04EF324C57E0
2024-09-10 06:20:07,002 DEBUG server.RaftServer$Division (RaftServerImpl.java:logAppendEntries(1539)) - s13@group-5D788F7A274C: appendEntries* s0->s13#936-t1,previous=(t:1, i:248),leaderCommit=248,initializing? false,entries: size=1, first=(t:1, i:249), STATEMACHINELOGENTRY, StateMachineLogEntryProto:4555@client-04EF324C57E0
2024-09-10 06:20:07,003 DEBUG server.RaftServer$Division (RaftServerImpl.java:logAppendEntries(1539)) - s7@group-5D788F7A274C: appendEntries* s0->s7#882-t1,previous=(t:1, i:248),leaderCommit=248,initializing? false,entries: size=1, first=(t:1, i:249), STATEMACHINELOGENTRY, StateMachineLogEntryProto:4555@client-04EF324C57E0
2024-09-10 06:20:07,003 DEBUG server.RaftServer$Division (RaftServerImpl.java:logAppendEntries(1539)) - s4@group-5D788F7A274C: appendEntries* s0->s4#1104-t1,previous=(t:1, i:248),leaderCommit=248,initializing? false,entries: size=1, first=(t:1, i:249), STATEMACHINELOGENTRY, StateMachineLogEntryProto:4555@client-04EF324C57E0
2024-09-10 06:20:07,003 DEBUG server.RaftServer$Division (RaftServerImpl.java:logAppendEntries(1539)) - s1@group-5D788F7A274C: appendEntries* reply s0<-s1#1478:OK-t1,SUCCESS,nextIndex=250,followerCommit=248,matchIndex=249
2024-09-10 06:20:07,003 DEBUG server.RaftServer$Division (RaftServerImpl.java:logAppendEntries(1539)) - s13@group-5D788F7A274C: appendEntries* reply s0<-s13#936:OK-t1,SUCCESS,nextIndex=250,followerCommit=248,matchIndex=249
2024-09-10 06:20:07,003 DEBUG server.RaftServer$Division (RaftServerImpl.java:logAppendEntries(1539)) - s7@group-5D788F7A274C: appendEntries* reply s0<-s7#882:OK-t1,SUCCESS,nextIndex=250,followerCommit=248,matchIndex=249
2024-09-10 06:20:07,003 DEBUG server.RaftServer$Division (RaftServerImpl.java:logAppendEntries(1539)) - s6@group-5D788F7A274C: appendEntries* s0->s6#1163-t1,previous=(t:1, i:248),leaderCommit=248,initializing? false,entries: size=1, first=(t:1, i:249), STATEMACHINELOGENTRY, StateMachineLogEntryProto:4555@client-04EF324C57E0
2024-09-10 06:20:07,004 DEBUG server.RaftServer$Division (RaftServerImpl.java:logAppendEntries(1539)) - s4@group-5D788F7A274C: appendEntries* reply s0<-s4#1104:OK-t1,SUCCESS,nextIndex=250,followerCommit=248,matchIndex=249
2024-09-10 06:20:07,004 DEBUG server.RaftServer$Division (RaftServerImpl.java:logAppendEntries(1539)) - s14@group-5D788F7A274C: appendEntries* s0->s14#880-t1,previous=(t:1, i:248),leaderCommit=248,initializing? false,entries: size=1, first=(t:1, i:249), STATEMACHINELOGENTRY, StateMachineLogEntryProto:4555@client-04EF324C57E0
2024-09-10 06:20:07,004 DEBUG server.RaftServer$Division (RaftServerImpl.java:logAppendEntries(1539)) - s6@group-5D788F7A274C: appendEntries* reply s0<-s6#1163:OK-t1,SUCCESS,nextIndex=250,followerCommit=248,matchIndex=249
2024-09-10 06:20:07,004 DEBUG server.RaftServer$Division (RaftServerImpl.java:logAppendEntries(1539)) - s14@group-5D788F7A274C: appendEntries* reply s0<-s14#880:OK-t1,SUCCESS,nextIndex=250,followerCommit=248,matchIndex=249
2024-09-10 06:20:07,004 DEBUG server.RaftServer$Division (RaftServerImpl.java:logAppendEntries(1539)) - s5@group-5D788F7A274C: appendEntries* s0->s5#1150-t1,previous=(t:1, i:248),leaderCommit=248,initializing? false,entries: size=1, first=(t:1, i:249), STATEMACHINELOGENTRY, StateMachineLogEntryProto:4555@client-04EF324C57E0
2024-09-10 06:20:07,005 DEBUG server.RaftServer$Division (RaftServerImpl.java:logAppendEntries(1539)) - s8@group-5D788F7A274C: appendEntries* s0->s8#1218-t1,previous=(t:1, i:248),leaderCommit=248,initializing? false,entries: size=1, first=(t:1, i:249), STATEMACHINELOGENTRY, StateMachineLogEntryProto:4555@client-04EF324C57E0
2024-09-10 06:20:07,005 DEBUG server.RaftServer$Division (RaftServerImpl.java:logAppendEntries(1539)) - s5@group-5D788F7A274C: appendEntries* reply s0<-s5#1150:OK-t1,SUCCESS,nextIndex=250,followerCommit=248,matchIndex=249
2024-09-10 06:20:07,005 DEBUG server.RaftServer$Division (RaftServerImpl.java:logAppendEntries(1539)) - s8@group-5D788F7A274C: appendEntries* reply s0<-s8#1218:OK-t1,SUCCESS,nextIndex=250,followerCommit=248,matchIndex=249
2024-09-10 06:20:07,006 DEBUG server.RaftServer$Division (RaftServerImpl.java:logAppendEntries(1539)) - s11@group-5D788F7A274C: appendEntries* s0->s11#1290-t1,previous=(t:1, i:248),leaderCommit=248,initializing? false,entries: size=1, first=(t:1, i:249), STATEMACHINELOGENTRY, StateMachineLogEntryProto:4555@client-04EF324C57E0
2024-09-10 06:20:07,006 DEBUG server.RaftServer$Division (RaftServerImpl.java:logAppendEntries(1539)) - s3@group-5D788F7A274C: appendEntries* s0->s3#1254-t1,previous=(t:1, i:248),leaderCommit=248,initializing? false,entries: size=1, first=(t:1, i:249), STATEMACHINELOGENTRY, StateMachineLogEntryProto:4555@client-04EF324C57E0
2024-09-10 06:20:07,006 DEBUG server.RaftServer$Division (RaftServerImpl.java:logAppendEntries(1539)) - s2@group-5D788F7A274C: appendEntries* s0->s2#1242-t1,previous=(t:1, i:248),leaderCommit=248,initializing? false,entries: size=1, first=(t:1, i:249), STATEMACHINELOGENTRY, StateMachineLogEntryProto:4555@client-04EF324C57E0
2024-09-10 06:20:07,006 DEBUG server.RaftServer$Division (RaftServerImpl.java:logAppendEntries(1539)) - s11@group-5D788F7A274C: appendEntries* reply s0<-s11#1290:OK-t1,SUCCESS,nextIndex=250,followerCommit=248,matchIndex=249
2024-09-10 06:20:07,006 DEBUG server.RaftServer$Division (RaftServerImpl.java:logAppendEntries(1539)) - s2@group-5D788F7A274C: appendEntries* reply s0<-s2#1242:OK-t1,SUCCESS,nextIndex=250,followerCommit=248,matchIndex=249
2024-09-10 06:20:07,006 DEBUG server.RaftServer$Division (RaftServerImpl.java:logAppendEntries(1539)) - s3@group-5D788F7A274C: appendEntries* reply s0<-s3#1254:OK-t1,SUCCESS,nextIndex=250,followerCommit=248,matchIndex=249
2024-09-10 06:20:07,007 INFO  statemachine.StateMachine (ArithmeticStateMachine.java:applyTransaction(181)) - LEADER:s0-249: b = null = null
2024-09-10 06:20:07,007 DEBUG server.RaftServer$Division (RaftServerImpl.java:logAppendEntries(1539)) - s9@group-5D788F7A274C: appendEntries* s0->s9#1240-t1,previous=(t:1, i:248),leaderCommit=248,initializing? false,entries: size=1, first=(t:1, i:249), STATEMACHINELOGENTRY, StateMachineLogEntryProto:4555@client-04EF324C57E0
2024-09-10 06:20:07,008 DEBUG server.RaftServer$Division (RaftServerImpl.java:logAppendEntries(1539)) - s9@group-5D788F7A274C: appendEntries* reply s0<-s9#1240:OK-t1,SUCCESS,nextIndex=250,followerCommit=248,matchIndex=249
2024-09-10 06:20:07,008 DEBUG server.RaftServer$Division (RaftServerImpl.java:logAppendEntries(1539)) - s13@group-5D788F7A274C: appendEntries* s0->s13#937-t1,previous=(t:1, i:249),leaderCommit=249,initializing? false,entries: size=1, first=(t:1, i:250), METADATAENTRY(c:249)
2024-09-10 06:20:07,008 DEBUG server.RaftServer$Division (RaftServerImpl.java:logAppendEntries(1539)) - s7@group-5D788F7A274C: appendEntries* s0->s7#884-t1,previous=(t:1, i:249),leaderCommit=249,initializing? false,entries: size=1, first=(t:1, i:250), METADATAENTRY(c:249)
2024-09-10 06:20:07,008 DEBUG server.RaftServer$Division (RaftServerImpl.java:logAppendEntries(1539)) - s6@group-5D788F7A274C: appendEntries* s0->s6#1168-t1,previous=(t:1, i:249),leaderCommit=249,initializing? false,entries: size=1, first=(t:1, i:250), METADATAENTRY(c:249)
2024-09-10 06:20:07,008 DEBUG server.RaftServer$Division (RaftServerImpl.java:logAppendEntries(1539)) - s13@group-5D788F7A274C: appendEntries* reply s0<-s13#937:OK-t1,SUCCESS,nextIndex=251,followerCommit=249,matchIndex=250
2024-09-10 06:20:07,008 DEBUG server.RaftServer$Division (RaftServerImpl.java:logAppendEntries(1539)) - s6@group-5D788F7A274C: appendEntries* reply s0<-s6#1168:OK-t1,SUCCESS,nextIndex=251,followerCommit=249,matchIndex=250
2024-09-10 06:20:07,008 DEBUG server.RaftServer$Division (RaftServerImpl.java:logAppendEntries(1539)) - s7@group-5D788F7A274C: appendEntries* reply s0<-s7#884:OK-t1,SUCCESS,nextIndex=251,followerCommit=249,matchIndex=250
2024-09-10 06:20:07,009 DEBUG server.RaftServer$Division (RaftServerImpl.java:logAppendEntries(1539)) - s14@group-5D788F7A274C: appendEntries* s0->s14#884-t1,previous=(t:1, i:249),leaderCommit=249,initializing? false,entries: size=1, first=(t:1, i:250), METADATAENTRY(c:249)
2024-09-10 06:20:07,009 DEBUG server.RaftServer$Division (RaftServerImpl.java:logAppendEntries(1539)) - s1@group-5D788F7A274C: appendEntries* s0->s1#1481-t1,previous=(t:1, i:249),leaderCommit=249,initializing? false,entries: size=1, first=(t:1, i:250), METADATAENTRY(c:249)
2024-09-10 06:20:07,009 DEBUG server.RaftServer$Division (RaftServerImpl.java:logAppendEntries(1539)) - s1@group-5D788F7A274C: appendEntries* reply s0<-s1#1481:OK-t1,SUCCESS,nextIndex=251,followerCommit=249,matchIndex=250
2024-09-10 06:20:07,009 DEBUG server.RaftServer$Division (RaftServerImpl.java:logAppendEntries(1539)) - s14@group-5D788F7A274C: appendEntries* reply s0<-s14#884:OK-t1,SUCCESS,nextIndex=251,followerCommit=249,matchIndex=250
2024-09-10 06:20:07,010 DEBUG server.RaftServer$Division (RaftServerImpl.java:logAppendEntries(1539)) - s5@group-5D788F7A274C: appendEntries* s0->s5#1156-t1,previous=(t:1, i:249),leaderCommit=249,initializing? false,entries: size=1, first=(t:1, i:250), METADATAENTRY(c:249)
2024-09-10 06:20:07,010 DEBUG server.RaftServer$Division (RaftServerImpl.java:logAppendEntries(1539)) - s5@group-5D788F7A274C: appendEntries* reply s0<-s5#1156:OK-t1,SUCCESS,nextIndex=251,followerCommit=249,matchIndex=250
2024-09-10 06:20:07,011 DEBUG server.RaftServer$Division (RaftServerImpl.java:logAppendEntries(1539)) - s2@group-5D788F7A274C: appendEntries* s0->s2#1249-t1,previous=(t:1, i:249),leaderCommit=249,initializing? false,entries: size=1, first=(t:1, i:250), METADATAENTRY(c:249)
2024-09-10 06:20:07,011 DEBUG server.RaftServer$Division (RaftServerImpl.java:logAppendEntries(1539)) - s3@group-5D788F7A274C: appendEntries* s0->s3#1262-t1,previous=(t:1, i:249),leaderCommit=249,initializing? false,entries: size=1, first=(t:1, i:250), METADATAENTRY(c:249)
2024-09-10 06:20:07,011 DEBUG server.RaftServer$Division (RaftServerImpl.java:logAppendEntries(1539)) - s9@group-5D788F7A274C: appendEntries* s0->s9#1247-t1,previous=(t:1, i:249),leaderCommit=249,initializing? false,entries: size=1, first=(t:1, i:250), METADATAENTRY(c:249)
2024-09-10 06:20:07,011 DEBUG server.RaftServer$Division (RaftServerImpl.java:logAppendEntries(1539)) - s3@group-5D788F7A274C: appendEntries* reply s0<-s3#1262:OK-t1,SUCCESS,nextIndex=251,followerCommit=249,matchIndex=250
2024-09-10 06:20:07,011 DEBUG server.RaftServer$Division (RaftServerImpl.java:logAppendEntries(1539)) - s2@group-5D788F7A274C: appendEntries* reply s0<-s2#1249:OK-t1,SUCCESS,nextIndex=251,followerCommit=249,matchIndex=250
2024-09-10 06:20:07,012 DEBUG server.RaftServer$Division (RaftServerImpl.java:logAppendEntries(1539)) - s9@group-5D788F7A274C: appendEntries* reply s0<-s9#1247:OK-t1,SUCCESS,nextIndex=251,followerCommit=249,matchIndex=250
2024-09-10 06:20:07,012 DEBUG server.RaftServer$Division (RaftServerImpl.java:logAppendEntries(1539)) - s10@group-5D788F7A274C: appendEntries* s0->s10#1685-t1,previous=(t:1, i:248),leaderCommit=248,initializing? false,entries: size=1, first=(t:1, i:249), STATEMACHINELOGENTRY, StateMachineLogEntryProto:4555@client-04EF324C57E0
2024-09-10 06:20:07,012 DEBUG server.RaftServer$Division (RaftServerImpl.java:logAppendEntries(1539)) - s12@group-5D788F7A274C: appendEntries* s0->s12#1272-t1,previous=(t:1, i:248),leaderCommit=248,initializing? false,entries: size=1, first=(t:1, i:249), STATEMACHINELOGENTRY, StateMachineLogEntryProto:4555@client-04EF324C57E0
2024-09-10 06:20:07,012 DEBUG server.RaftServer$Division (RaftServerImpl.java:logAppendEntries(1539)) - s10@group-5D788F7A274C: appendEntries* reply s0<-s10#1685:OK-t1,SUCCESS,nextIndex=250,followerCommit=248,matchIndex=249
2024-09-10 06:20:07,012 DEBUG server.RaftServer$Division (RaftServerImpl.java:logAppendEntries(1539)) - s12@group-5D788F7A274C: appendEntries* reply s0<-s12#1272:OK-t1,SUCCESS,nextIndex=250,followerCommit=248,matchIndex=249
2024-09-10 06:20:07,013 DEBUG server.RaftServer$Division (RaftServerImpl.java:logAppendEntries(1539)) - s4@group-5D788F7A274C: appendEntries* s0->s4#1111-t1,previous=(t:1, i:249),leaderCommit=249,initializing? false,entries: size=1, first=(t:1, i:250), METADATAENTRY(c:249)
2024-09-10 06:20:07,013 DEBUG server.RaftServer$Division (RaftServerImpl.java:logAppendEntries(1539)) - s8@group-5D788F7A274C: appendEntries* s0->s8#1226-t1,previous=(t:1, i:249),leaderCommit=249,initializing? false,entries: size=1, first=(t:1, i:250), METADATAENTRY(c:249)
2024-09-10 06:20:07,013 DEBUG server.RaftServer$Division (RaftServerImpl.java:logAppendEntries(1539)) - s4@group-5D788F7A274C: appendEntries* reply s0<-s4#1111:OK-t1,SUCCESS,nextIndex=251,followerCommit=249,matchIndex=250
2024-09-10 06:20:07,014 DEBUG server.RaftServer$Division (RaftServerImpl.java:logAppendEntries(1539)) - s8@group-5D788F7A274C: appendEntries* reply s0<-s8#1226:OK-t1,SUCCESS,nextIndex=251,followerCommit=249,matchIndex=250
2024-09-10 06:20:07,014 DEBUG server.RaftServer$Division (RaftServerImpl.java:logAppendEntries(1539)) - s11@group-5D788F7A274C: appendEntries* s0->s11#1298-t1,previous=(t:1, i:249),leaderCommit=249,initializing? false,entries: size=1, first=(t:1, i:250), METADATAENTRY(c:249)
2024-09-10 06:20:07,014 DEBUG server.RaftServer$Division (RaftServerImpl.java:logAppendEntries(1539)) - s11@group-5D788F7A274C: appendEntries* reply s0<-s11#1298:OK-t1,SUCCESS,nextIndex=251,followerCommit=249,matchIndex=250
2024-09-10 06:20:07,015 DEBUG server.RaftServer$Division (RaftServerImpl.java:logAppendEntries(1539)) - s12@group-5D788F7A274C: appendEntries* s0->s12#1280-t1,previous=(t:1, i:249),leaderCommit=249,initializing? false,entries: size=1, first=(t:1, i:250), METADATAENTRY(c:249)
2024-09-10 06:20:07,015 DEBUG server.RaftServer$Division (RaftServerImpl.java:logAppendEntries(1539)) - s12@group-5D788F7A274C: appendEntries* reply s0<-s12#1280:OK-t1,SUCCESS,nextIndex=251,followerCommit=249,matchIndex=250
2024-09-10 06:20:07,015 DEBUG server.RaftServer$Division (RaftServerImpl.java:logAppendEntries(1539)) - s10@group-5D788F7A274C: appendEntries* s0->s10#1693-t1,previous=(t:1, i:249),leaderCommit=249,initializing? false,entries: size=1, first=(t:1, i:250), METADATAENTRY(c:249)
2024-09-10 06:20:07,015 DEBUG server.RaftServer$Division (RaftServerImpl.java:logAppendEntries(1539)) - s10@group-5D788F7A274C: appendEntries* reply s0<-s10#1693:OK-t1,SUCCESS,nextIndex=251,followerCommit=249,matchIndex=250
2024-09-10 06:20:07,016 DEBUG server.RaftServer$Division (RaftServerImpl.java:submitClientRequestAsync(910)) - s0@group-5D788F7A274C: receive client request(RaftClientRequest:client-04EF324C57E0->s0@group-5D788F7A274C, cid=4556, seq=null, RW, Message:01016300)
2024-09-10 06:20:07,017 DEBUG server.RaftServer$Division (LeaderStateImpl.java:addPendingRequest(532)) - s0@group-5D788F7A274C-LeaderStateImpl: addPendingRequest at RaftClientRequest:client-04EF324C57E0->s0@group-5D788F7A274C, cid=4556, seq=null, RW, Message:01016300, entry=(t:1, i:251), STATEMACHINELOGENTRY, WRITE: logData.size=4, stateMachineData.size=0, logEntryProtoSerializedSize=0
2024-09-10 06:20:07,017 DEBUG server.RaftServer$Division (RaftServerImpl.java:logAppendEntries(1539)) - s13@group-5D788F7A274C: appendEntries* s0->s13#942-t1,previous=(t:1, i:250),leaderCommit=250,initializing? false,entries: size=1, first=(t:1, i:251), STATEMACHINELOGENTRY, StateMachineLogEntryProto:4556@client-04EF324C57E0
2024-09-10 06:20:07,018 DEBUG server.RaftServer$Division (RaftServerImpl.java:logAppendEntries(1539)) - s1@group-5D788F7A274C: appendEntries* s0->s1#1490-t1,previous=(t:1, i:250),leaderCommit=250,initializing? false,entries: size=1, first=(t:1, i:251), STATEMACHINELOGENTRY, StateMachineLogEntryProto:4556@client-04EF324C57E0
2024-09-10 06:20:07,018 DEBUG server.RaftServer$Division (RaftServerImpl.java:logAppendEntries(1539)) - s13@group-5D788F7A274C: appendEntries* reply s0<-s13#942:OK-t1,SUCCESS,nextIndex=252,followerCommit=250,matchIndex=251
2024-09-10 06:20:07,018 DEBUG server.RaftServer$Division (RaftServerImpl.java:logAppendEntries(1539)) - s14@group-5D788F7A274C: appendEntries* s0->s14#894-t1,previous=(t:1, i:250),leaderCommit=250,initializing? false,entries: size=1, first=(t:1, i:251), STATEMACHINELOGENTRY, StateMachineLogEntryProto:4556@client-04EF324C57E0
2024-09-10 06:20:07,018 DEBUG server.RaftServer$Division (RaftServerImpl.java:logAppendEntries(1539)) - s1@group-5D788F7A274C: appendEntries* reply s0<-s1#1490:OK-t1,SUCCESS,nextIndex=252,followerCommit=250,matchIndex=251
2024-09-10 06:20:07,018 DEBUG server.RaftServer$Division (RaftServerImpl.java:logAppendEntries(1539)) - s7@group-5D788F7A274C: appendEntries* s0->s7#891-t1,previous=(t:1, i:250),leaderCommit=250,initializing? false,entries: size=1, first=(t:1, i:251), STATEMACHINELOGENTRY, StateMachineLogEntryProto:4556@client-04EF324C57E0
2024-09-10 06:20:07,018 DEBUG server.RaftServer$Division (RaftServerImpl.java:logAppendEntries(1539)) - s14@group-5D788F7A274C: appendEntries* reply s0<-s14#894:OK-t1,SUCCESS,nextIndex=252,followerCommit=250,matchIndex=251
2024-09-10 06:20:07,019 DEBUG server.RaftServer$Division (RaftServerImpl.java:logAppendEntries(1539)) - s7@group-5D788F7A274C: appendEntries* reply s0<-s7#891:OK-t1,SUCCESS,nextIndex=252,followerCommit=250,matchIndex=251
2024-09-10 06:20:07,019 DEBUG server.RaftServer$Division (RaftServerImpl.java:logAppendEntries(1539)) - s6@group-5D788F7A274C: appendEntries* s0->s6#1178-t1,previous=(t:1, i:250),leaderCommit=250,initializing? false,entries: size=1, first=(t:1, i:251), STATEMACHINELOGENTRY, StateMachineLogEntryProto:4556@client-04EF324C57E0
2024-09-10 06:20:07,019 DEBUG server.RaftServer$Division (RaftServerImpl.java:logAppendEntries(1539)) - s5@group-5D788F7A274C: appendEntries* s0->s5#1169-t1,previous=(t:1, i:250),leaderCommit=250,initializing? false,entries: size=1, first=(t:1, i:251), STATEMACHINELOGENTRY, StateMachineLogEntryProto:4556@client-04EF324C57E0
2024-09-10 06:20:07,019 DEBUG server.RaftServer$Division (RaftServerImpl.java:logAppendEntries(1539)) - s8@group-5D788F7A274C: appendEntries* s0->s8#1245-t1,previous=(t:1, i:250),leaderCommit=250,initializing? false,entries: size=1, first=(t:1, i:251), STATEMACHINELOGENTRY, StateMachineLogEntryProto:4556@client-04EF324C57E0
2024-09-10 06:20:07,019 DEBUG server.RaftServer$Division (RaftServerImpl.java:logAppendEntries(1539)) - s6@group-5D788F7A274C: appendEntries* reply s0<-s6#1178:OK-t1,SUCCESS,nextIndex=252,followerCommit=250,matchIndex=251
2024-09-10 06:20:07,020 DEBUG server.RaftServer$Division (RaftServerImpl.java:logAppendEntries(1539)) - s5@group-5D788F7A274C: appendEntries* reply s0<-s5#1169:OK-t1,SUCCESS,nextIndex=252,followerCommit=250,matchIndex=251
2024-09-10 06:20:07,020 DEBUG server.RaftServer$Division (RaftServerImpl.java:logAppendEntries(1539)) - s8@group-5D788F7A274C: appendEntries* reply s0<-s8#1245:OK-t1,SUCCESS,nextIndex=252,followerCommit=250,matchIndex=251
2024-09-10 06:20:07,020 DEBUG server.RaftServer$Division (RaftServerImpl.java:logAppendEntries(1539)) - s4@group-5D788F7A274C: appendEntries* s0->s4#1128-t1,previous=(t:1, i:250),leaderCommit=250,initializing? false,entries: size=1, first=(t:1, i:251), STATEMACHINELOGENTRY, StateMachineLogEntryProto:4556@client-04EF324C57E0
2024-09-10 06:20:07,020 INFO  statemachine.StateMachine (ArithmeticStateMachine.java:applyTransaction(181)) - LEADER:s0-251: c = null = null
2024-09-10 06:20:07,021 DEBUG server.RaftServer$Division (RaftServerImpl.java:logAppendEntries(1539)) - s2@group-5D788F7A274C: appendEntries* s0->s2#1267-t1,previous=(t:1, i:250),leaderCommit=250,initializing? false,entries: size=1, first=(t:1, i:251), STATEMACHINELOGENTRY, StateMachineLogEntryProto:4556@client-04EF324C57E0
2024-09-10 06:20:07,021 DEBUG server.RaftServer$Division (RaftServerImpl.java:logAppendEntries(1539)) - s4@group-5D788F7A274C: appendEntries* reply s0<-s4#1128:OK-t1,SUCCESS,nextIndex=252,followerCommit=250,matchIndex=251
2024-09-10 06:20:07,021 DEBUG server.RaftServer$Division (RaftServerImpl.java:logAppendEntries(1539)) - s2@group-5D788F7A274C: appendEntries* reply s0<-s2#1267:OK-t1,SUCCESS,nextIndex=252,followerCommit=250,matchIndex=251
2024-09-10 06:20:07,021 DEBUG server.RaftServer$Division (RaftServerImpl.java:logAppendEntries(1539)) - s3@group-5D788F7A274C: appendEntries* s0->s3#1280-t1,previous=(t:1, i:250),leaderCommit=250,initializing? false,entries: size=1, first=(t:1, i:251), STATEMACHINELOGENTRY, StateMachineLogEntryProto:4556@client-04EF324C57E0
2024-09-10 06:20:07,021 DEBUG server.RaftServer$Division (RaftServerImpl.java:logAppendEntries(1539)) - s7@group-5D788F7A274C: appendEntries* s0->s7#895-t1,previous=(t:1, i:251),leaderCommit=251,initializing? false,entries: size=1, first=(t:1, i:252), METADATAENTRY(c:251)
2024-09-10 06:20:07,021 DEBUG server.RaftServer$Division (RaftServerImpl.java:logAppendEntries(1539)) - s13@group-5D788F7A274C: appendEntries* s0->s13#944-t1,previous=(t:1, i:251),leaderCommit=251,initializing? false,entries: size=1, first=(t:1, i:252), METADATAENTRY(c:251)
2024-09-10 06:20:07,022 DEBUG server.RaftServer$Division (RaftServerImpl.java:logAppendEntries(1539)) - s3@group-5D788F7A274C: appendEntries* reply s0<-s3#1280:OK-t1,SUCCESS,nextIndex=252,followerCommit=250,matchIndex=251
2024-09-10 06:20:07,022 DEBUG server.RaftServer$Division (RaftServerImpl.java:logAppendEntries(1539)) - s7@group-5D788F7A274C: appendEntries* reply s0<-s7#895:OK-t1,SUCCESS,nextIndex=253,followerCommit=251,matchIndex=252
2024-09-10 06:20:07,022 DEBUG server.RaftServer$Division (RaftServerImpl.java:logAppendEntries(1539)) - s9@group-5D788F7A274C: appendEntries* s0->s9#1266-t1,previous=(t:1, i:250),leaderCommit=250,initializing? false,entries: size=1, first=(t:1, i:251), STATEMACHINELOGENTRY, StateMachineLogEntryProto:4556@client-04EF324C57E0
2024-09-10 06:20:07,022 DEBUG server.RaftServer$Division (RaftServerImpl.java:logAppendEntries(1539)) - s13@group-5D788F7A274C: appendEntries* reply s0<-s13#944:OK-t1,SUCCESS,nextIndex=253,followerCommit=251,matchIndex=252
2024-09-10 06:20:07,022 DEBUG server.RaftServer$Division (RaftServerImpl.java:logAppendEntries(1539)) - s9@group-5D788F7A274C: appendEntries* reply s0<-s9#1266:OK-t1,SUCCESS,nextIndex=252,followerCommit=250,matchIndex=251
2024-09-10 06:20:07,023 DEBUG server.RaftServer$Division (RaftServerImpl.java:logAppendEntries(1539)) - s6@group-5D788F7A274C: appendEntries* s0->s6#1184-t1,previous=(t:1, i:251),leaderCommit=251,initializing? false,entries: size=1, first=(t:1, i:252), METADATAENTRY(c:251)
2024-09-10 06:20:07,023 DEBUG server.RaftServer$Division (RaftServerImpl.java:logAppendEntries(1539)) - s10@group-5D788F7A274C: appendEntries* s0->s10#1710-t1,previous=(t:1, i:250),leaderCommit=250,initializing? false,entries: size=1, first=(t:1, i:251), STATEMACHINELOGENTRY, StateMachineLogEntryProto:4556@client-04EF324C57E0
2024-09-10 06:20:07,023 DEBUG server.RaftServer$Division (RaftServerImpl.java:logAppendEntries(1539)) - s11@group-5D788F7A274C: appendEntries* s0->s11#1316-t1,previous=(t:1, i:250),leaderCommit=250,initializing? false,entries: size=1, first=(t:1, i:251), STATEMACHINELOGENTRY, StateMachineLogEntryProto:4556@client-04EF324C57E0
2024-09-10 06:20:07,023 DEBUG server.RaftServer$Division (RaftServerImpl.java:logAppendEntries(1539)) - s11@group-5D788F7A274C: appendEntries* reply s0<-s11#1316:OK-t1,SUCCESS,nextIndex=252,followerCommit=250,matchIndex=251
2024-09-10 06:20:07,023 DEBUG server.RaftServer$Division (RaftServerImpl.java:logAppendEntries(1539)) - s14@group-5D788F7A274C: appendEntries* s0->s14#897-t1,previous=(t:1, i:251),leaderCommit=251,initializing? false,entries: size=1, first=(t:1, i:252), METADATAENTRY(c:251)
2024-09-10 06:20:07,023 DEBUG server.RaftServer$Division (RaftServerImpl.java:logAppendEntries(1539)) - s10@group-5D788F7A274C: appendEntries* reply s0<-s10#1710:OK-t1,SUCCESS,nextIndex=252,followerCommit=250,matchIndex=251
2024-09-10 06:20:07,023 DEBUG server.RaftServer$Division (RaftServerImpl.java:logAppendEntries(1539)) - s5@group-5D788F7A274C: appendEntries* s0->s5#1177-t1,previous=(t:1, i:251),leaderCommit=251,initializing? false,entries: size=1, first=(t:1, i:252), METADATAENTRY(c:251)
2024-09-10 06:20:07,023 DEBUG server.RaftServer$Division (RaftServerImpl.java:logAppendEntries(1539)) - s6@group-5D788F7A274C: appendEntries* reply s0<-s6#1184:OK-t1,SUCCESS,nextIndex=253,followerCommit=251,matchIndex=252
2024-09-10 06:20:07,024 DEBUG server.RaftServer$Division (RaftServerImpl.java:logAppendEntries(1539)) - s14@group-5D788F7A274C: appendEntries* reply s0<-s14#897:OK-t1,SUCCESS,nextIndex=253,followerCommit=251,matchIndex=252
2024-09-10 06:20:07,024 DEBUG server.RaftServer$Division (RaftServerImpl.java:logAppendEntries(1539)) - s5@group-5D788F7A274C: appendEntries* reply s0<-s5#1177:OK-t1,SUCCESS,nextIndex=253,followerCommit=251,matchIndex=252
2024-09-10 06:20:07,024 DEBUG server.RaftServer$Division (RaftServerImpl.java:logAppendEntries(1539)) - s12@group-5D788F7A274C: appendEntries* s0->s12#1299-t1,previous=(t:1, i:250),leaderCommit=250,initializing? false,entries: size=1, first=(t:1, i:251), STATEMACHINELOGENTRY, StateMachineLogEntryProto:4556@client-04EF324C57E0
2024-09-10 06:20:07,024 DEBUG server.RaftServer$Division (RaftServerImpl.java:logAppendEntries(1539)) - s11@group-5D788F7A274C: appendEntries* s0->s11#1325-t1,previous=(t:1, i:251),leaderCommit=251,initializing? false,entries: size=1, first=(t:1, i:252), METADATAENTRY(c:251)
2024-09-10 06:20:07,025 DEBUG server.RaftServer$Division (RaftServerImpl.java:logAppendEntries(1539)) - s12@group-5D788F7A274C: appendEntries* reply s0<-s12#1299:OK-t1,SUCCESS,nextIndex=252,followerCommit=250,matchIndex=251
2024-09-10 06:20:07,025 DEBUG server.RaftServer$Division (RaftServerImpl.java:logAppendEntries(1539)) - s11@group-5D788F7A274C: appendEntries* reply s0<-s11#1325:OK-t1,SUCCESS,nextIndex=253,followerCommit=251,matchIndex=252
2024-09-10 06:20:07,025 DEBUG server.RaftServer$Division (RaftServerImpl.java:logAppendEntries(1539)) - s1@group-5D788F7A274C: appendEntries* s0->s1#1495-t1,previous=(t:1, i:251),leaderCommit=251,initializing? false,entries: size=1, first=(t:1, i:252), METADATAENTRY(c:251)
2024-09-10 06:20:07,025 DEBUG server.RaftServer$Division (RaftServerImpl.java:logAppendEntries(1539)) - s10@group-5D788F7A274C: appendEntries* s0->s10#1720-t1,previous=(t:1, i:251),leaderCommit=251,initializing? false,entries: size=1, first=(t:1, i:252), METADATAENTRY(c:251)
2024-09-10 06:20:07,026 DEBUG server.RaftServer$Division (RaftServerImpl.java:logAppendEntries(1539)) - s9@group-5D788F7A274C: appendEntries* s0->s9#1273-t1,previous=(t:1, i:251),leaderCommit=251,initializing? false,entries: size=1, first=(t:1, i:252), METADATAENTRY(c:251)
2024-09-10 06:20:07,026 DEBUG server.RaftServer$Division (RaftServerImpl.java:logAppendEntries(1539)) - s1@group-5D788F7A274C: appendEntries* reply s0<-s1#1495:OK-t1,SUCCESS,nextIndex=253,followerCommit=251,matchIndex=252
2024-09-10 06:20:07,026 DEBUG server.RaftServer$Division (RaftServerImpl.java:logAppendEntries(1539)) - s10@group-5D788F7A274C: appendEntries* reply s0<-s10#1720:OK-t1,SUCCESS,nextIndex=253,followerCommit=251,matchIndex=252
2024-09-10 06:20:07,026 DEBUG server.RaftServer$Division (RaftServerImpl.java:logAppendEntries(1539)) - s2@group-5D788F7A274C: appendEntries* s0->s2#1275-t1,previous=(t:1, i:251),leaderCommit=251,initializing? false,entries: size=1, first=(t:1, i:252), METADATAENTRY(c:251)
2024-09-10 06:20:07,026 DEBUG server.RaftServer$Division (RaftServerImpl.java:logAppendEntries(1539)) - s3@group-5D788F7A274C: appendEntries* s0->s3#1288-t1,previous=(t:1, i:251),leaderCommit=251,initializing? false,entries: size=1, first=(t:1, i:252), METADATAENTRY(c:251)
2024-09-10 06:20:07,027 DEBUG server.RaftServer$Division (RaftServerImpl.java:logAppendEntries(1539)) - s9@group-5D788F7A274C: appendEntries* reply s0<-s9#1273:OK-t1,SUCCESS,nextIndex=253,followerCommit=251,matchIndex=252
2024-09-10 06:20:07,027 DEBUG server.RaftServer$Division (RaftServerImpl.java:logAppendEntries(1539)) - s3@group-5D788F7A274C: appendEntries* reply s0<-s3#1288:OK-t1,SUCCESS,nextIndex=253,followerCommit=251,matchIndex=252
2024-09-10 06:20:07,027 DEBUG server.RaftServer$Division (RaftServerImpl.java:logAppendEntries(1539)) - s2@group-5D788F7A274C: appendEntries* reply s0<-s2#1275:OK-t1,SUCCESS,nextIndex=253,followerCommit=251,matchIndex=252
2024-09-10 06:20:07,027 DEBUG server.RaftServer$Division (RaftServerImpl.java:logAppendEntries(1539)) - s12@group-5D788F7A274C: appendEntries* s0->s12#1308-t1,previous=(t:1, i:251),leaderCommit=251,initializing? false,entries: size=1, first=(t:1, i:252), METADATAENTRY(c:251)
2024-09-10 06:20:07,028 DEBUG server.RaftServer$Division (RaftServerImpl.java:logAppendEntries(1539)) - s12@group-5D788F7A274C: appendEntries* reply s0<-s12#1308:OK-t1,SUCCESS,nextIndex=253,followerCommit=251,matchIndex=252
2024-09-10 06:20:07,028 DEBUG server.RaftServer$Division (RaftServerImpl.java:logAppendEntries(1539)) - s4@group-5D788F7A274C: appendEntries* s0->s4#1137-t1,previous=(t:1, i:251),leaderCommit=251,initializing? false,entries: size=1, first=(t:1, i:252), METADATAENTRY(c:251)
2024-09-10 06:20:07,028 DEBUG server.RaftServer$Division (RaftServerImpl.java:logAppendEntries(1539)) - s8@group-5D788F7A274C: appendEntries* s0->s8#1251-t1,previous=(t:1, i:251),leaderCommit=251,initializing? false,entries: size=1, first=(t:1, i:252), METADATAENTRY(c:251)
2024-09-10 06:20:07,028 DEBUG server.RaftServer$Division (RaftServerImpl.java:logAppendEntries(1539)) - s4@group-5D788F7A274C: appendEntries* reply s0<-s4#1137:OK-t1,SUCCESS,nextIndex=253,followerCommit=251,matchIndex=252
2024-09-10 06:20:07,028 DEBUG server.RaftServer$Division (RaftServerImpl.java:logAppendEntries(1539)) - s8@group-5D788F7A274C: appendEntries* reply s0<-s8#1251:OK-t1,SUCCESS,nextIndex=253,followerCommit=251,matchIndex=252
2024-09-10 06:20:07,031 INFO  impl.GroupManagementBaseTest (GroupManagementBaseTest.java:runMultiGroupTest(338)) - update groups: printing ALL groups
  s3:  RUNNING [
   FOLLOWER s3@group-5D788F7A274C:t1, leader=s0, voted=null, raftlog=Memoized:s3@group-5D788F7A274C-SegmentedRaftLog:OPENED:c251:last(t:1, i:252), conf=conf: {index: 131, cur=peers:[s3|0.0.0.0:15003, s4|0.0.0.0:15004, s5|0.0.0.0:15005, s6|0.0.0.0:15006, s7|0.0.0.0:15007, s8|0.0.0.0:15008, s9|0.0.0.0:15009, s11|0.0.0.0:15011, s10|0.0.0.0:15010, s13|0.0.0.0:15013, s12|0.0.0.0:15012, s14|0.0.0.0:15014, s0|0.0.0.0:15000, s1|0.0.0.0:15001, s2|0.0.0.0:15002]|listeners:[], old=null} RUNNING
   FOLLOWER s3@group-DF8C9DCF2580:t0, leader=null, voted=, raftlog=Memoized:s3@group-DF8C9DCF2580-SegmentedRaftLog:OPENED:c-1:lastnull, conf=conf: {index: -1, cur=peers:[]|listeners:[], old=null} STARTING] size=2
  s4:  RUNNING [
   FOLLOWER s4@group-5D788F7A274C:t1, leader=s0, voted=null, raftlog=Memoized:s4@group-5D788F7A274C-SegmentedRaftLog:OPENED:c251:last(t:1, i:252), conf=conf: {index: 131, cur=peers:[s3|0.0.0.0:15003, s4|0.0.0.0:15004, s5|0.0.0.0:15005, s6|0.0.0.0:15006, s7|0.0.0.0:15007, s8|0.0.0.0:15008, s9|0.0.0.0:15009, s11|0.0.0.0:15011, s10|0.0.0.0:15010, s13|0.0.0.0:15013, s12|0.0.0.0:15012, s14|0.0.0.0:15014, s0|0.0.0.0:15000, s1|0.0.0.0:15001, s2|0.0.0.0:15002]|listeners:[], old=null} RUNNING
   FOLLOWER s4@group-DF8C9DCF2580:t0, leader=null, voted=, raftlog=Memoized:s4@group-DF8C9DCF2580-SegmentedRaftLog:OPENED:c-1:lastnull, conf=conf: {index: -1, cur=peers:[]|listeners:[], old=null} STARTING] size=2
  s5:  RUNNING [
   FOLLOWER s5@group-5D788F7A274C:t1, leader=s0, voted=null, raftlog=Memoized:s5@group-5D788F7A274C-SegmentedRaftLog:OPENED:c251:last(t:1, i:252), conf=conf: {index: 131, cur=peers:[s3|0.0.0.0:15003, s4|0.0.0.0:15004, s5|0.0.0.0:15005, s6|0.0.0.0:15006, s7|0.0.0.0:15007, s8|0.0.0.0:15008, s9|0.0.0.0:15009, s11|0.0.0.0:15011, s10|0.0.0.0:15010, s13|0.0.0.0:15013, s12|0.0.0.0:15012, s14|0.0.0.0:15014, s0|0.0.0.0:15000, s1|0.0.0.0:15001, s2|0.0.0.0:15002]|listeners:[], old=null} RUNNING
   FOLLOWER s5@group-DF8C9DCF2580:t0, leader=null, voted=, raftlog=Memoized:s5@group-DF8C9DCF2580-SegmentedRaftLog:OPENED:c-1:lastnull, conf=conf: {index: -1, cur=peers:[]|listeners:[], old=null} STARTING] size=2
  s6:  RUNNING [
   FOLLOWER s6@group-5D788F7A274C:t1, leader=s0, voted=null, raftlog=Memoized:s6@group-5D788F7A274C-SegmentedRaftLog:OPENED:c251:last(t:1, i:252), conf=conf: {index: 131, cur=peers:[s3|0.0.0.0:15003, s4|0.0.0.0:15004, s5|0.0.0.0:15005, s6|0.0.0.0:15006, s7|0.0.0.0:15007, s8|0.0.0.0:15008, s9|0.0.0.0:15009, s11|0.0.0.0:15011, s10|0.0.0.0:15010, s13|0.0.0.0:15013, s12|0.0.0.0:15012, s14|0.0.0.0:15014, s0|0.0.0.0:15000, s1|0.0.0.0:15001, s2|0.0.0.0:15002]|listeners:[], old=null} RUNNING
   FOLLOWER s6@group-DF8C9DCF2580:t0, leader=null, voted=, raftlog=Memoized:s6@group-DF8C9DCF2580-SegmentedRaftLog:OPENED:c-1:lastnull, conf=conf: {index: -1, cur=peers:[]|listeners:[], old=null} STARTING] size=2
  s7:  RUNNING [
   FOLLOWER s7@group-5D788F7A274C:t1, leader=s0, voted=null, raftlog=Memoized:s7@group-5D788F7A274C-SegmentedRaftLog:OPENED:c251:last(t:1, i:252), conf=conf: {index: 131, cur=peers:[s3|0.0.0.0:15003, s4|0.0.0.0:15004, s5|0.0.0.0:15005, s6|0.0.0.0:15006, s7|0.0.0.0:15007, s8|0.0.0.0:15008, s9|0.0.0.0:15009, s11|0.0.0.0:15011, s10|0.0.0.0:15010, s13|0.0.0.0:15013, s12|0.0.0.0:15012, s14|0.0.0.0:15014, s0|0.0.0.0:15000, s1|0.0.0.0:15001, s2|0.0.0.0:15002]|listeners:[], old=null} RUNNING
   FOLLOWER s7@group-DF8C9DCF2580:t0, leader=null, voted=, raftlog=Memoized:s7@group-DF8C9DCF2580-SegmentedRaftLog:OPENED:c-1:lastnull, conf=conf: {index: -1, cur=peers:[]|listeners:[], old=null} STARTING] size=2
  s8:  RUNNING [
   FOLLOWER s8@group-5D788F7A274C:t1, leader=s0, voted=null, raftlog=Memoized:s8@group-5D788F7A274C-SegmentedRaftLog:OPENED:c251:last(t:1, i:252), conf=conf: {index: 131, cur=peers:[s3|0.0.0.0:15003, s4|0.0.0.0:15004, s5|0.0.0.0:15005, s6|0.0.0.0:15006, s7|0.0.0.0:15007, s8|0.0.0.0:15008, s9|0.0.0.0:15009, s11|0.0.0.0:15011, s10|0.0.0.0:15010, s13|0.0.0.0:15013, s12|0.0.0.0:15012, s14|0.0.0.0:15014, s0|0.0.0.0:15000, s1|0.0.0.0:15001, s2|0.0.0.0:15002]|listeners:[], old=null} RUNNING
   FOLLOWER s8@group-DF8C9DCF2580:t0, leader=null, voted=, raftlog=Memoized:s8@group-DF8C9DCF2580-SegmentedRaftLog:OPENED:c-1:lastnull, conf=conf: {index: -1, cur=peers:[]|listeners:[], old=null} STARTING] size=2
  s9:  RUNNING [
   FOLLOWER s9@group-5D788F7A274C:t1, leader=s0, voted=null, raftlog=Memoized:s9@group-5D788F7A274C-SegmentedRaftLog:OPENED:c251:last(t:1, i:252), conf=conf: {index: 131, cur=peers:[s3|0.0.0.0:15003, s4|0.0.0.0:15004, s5|0.0.0.0:15005, s6|0.0.0.0:15006, s7|0.0.0.0:15007, s8|0.0.0.0:15008, s9|0.0.0.0:15009, s11|0.0.0.0:15011, s10|0.0.0.0:15010, s13|0.0.0.0:15013, s12|0.0.0.0:15012, s14|0.0.0.0:15014, s0|0.0.0.0:15000, s1|0.0.0.0:15001, s2|0.0.0.0:15002]|listeners:[], old=null} RUNNING
   FOLLOWER s9@group-DF8C9DCF2580:t0, leader=null, voted=, raftlog=Memoized:s9@group-DF8C9DCF2580-SegmentedRaftLog:OPENED:c-1:lastnull, conf=conf: {index: -1, cur=peers:[]|listeners:[], old=null} STARTING] size=2
  s11:  RUNNING [
   FOLLOWER s11@group-5D788F7A274C:t1, leader=s0, voted=null, raftlog=Memoized:s11@group-5D788F7A274C-SegmentedRaftLog:OPENED:c251:last(t:1, i:252), conf=conf: {index: 131, cur=peers:[s3|0.0.0.0:15003, s4|0.0.0.0:15004, s5|0.0.0.0:15005, s6|0.0.0.0:15006, s7|0.0.0.0:15007, s8|0.0.0.0:15008, s9|0.0.0.0:15009, s11|0.0.0.0:15011, s10|0.0.0.0:15010, s13|0.0.0.0:15013, s12|0.0.0.0:15012, s14|0.0.0.0:15014, s0|0.0.0.0:15000, s1|0.0.0.0:15001, s2|0.0.0.0:15002]|listeners:[], old=null} RUNNING
   FOLLOWER s11@group-DF8C9DCF2580:t0, leader=null, voted=, raftlog=Memoized:s11@group-DF8C9DCF2580-SegmentedRaftLog:OPENED:c-1:lastnull, conf=conf: {index: -1, cur=peers:[]|listeners:[], old=null} STARTING] size=2
  s10:  RUNNING [
   FOLLOWER s10@group-5D788F7A274C:t1, leader=s0, voted=s0, raftlog=Memoized:s10@group-5D788F7A274C-SegmentedRaftLog:OPENED:c251:last(t:1, i:252), conf=conf: {index: 131, cur=peers:[s3|0.0.0.0:15003, s4|0.0.0.0:15004, s5|0.0.0.0:15005, s6|0.0.0.0:15006, s7|0.0.0.0:15007, s8|0.0.0.0:15008, s9|0.0.0.0:15009, s11|0.0.0.0:15011, s10|0.0.0.0:15010, s13|0.0.0.0:15013, s12|0.0.0.0:15012, s14|0.0.0.0:15014, s0|0.0.0.0:15000, s1|0.0.0.0:15001, s2|0.0.0.0:15002]|listeners:[], old=null} RUNNING
   FOLLOWER s10@group-DF8C9DCF2580:t0, leader=null, voted=, raftlog=Memoized:s10@group-DF8C9DCF2580-SegmentedRaftLog:OPENED:c-1:lastnull, conf=conf: {index: -1, cur=peers:[]|listeners:[], old=null} STARTING] size=2
  s13:  RUNNING [
   FOLLOWER s13@group-5D788F7A274C:t1, leader=s0, voted=null, raftlog=Memoized:s13@group-5D788F7A274C-SegmentedRaftLog:OPENED:c251:last(t:1, i:252), conf=conf: {index: 131, cur=peers:[s3|0.0.0.0:15003, s4|0.0.0.0:15004, s5|0.0.0.0:15005, s6|0.0.0.0:15006, s7|0.0.0.0:15007, s8|0.0.0.0:15008, s9|0.0.0.0:15009, s11|0.0.0.0:15011, s10|0.0.0.0:15010, s13|0.0.0.0:15013, s12|0.0.0.0:15012, s14|0.0.0.0:15014, s0|0.0.0.0:15000, s1|0.0.0.0:15001, s2|0.0.0.0:15002]|listeners:[], old=null} RUNNING
   FOLLOWER s13@group-DF8C9DCF2580:t0, leader=null, voted=, raftlog=Memoized:s13@group-DF8C9DCF2580-SegmentedRaftLog:OPENED:c-1:lastnull, conf=conf: {index: -1, cur=peers:[]|listeners:[], old=null} STARTING] size=2
  s12:  RUNNING [
   FOLLOWER s12@group-5D788F7A274C:t1, leader=s0, voted=null, raftlog=Memoized:s12@group-5D788F7A274C-SegmentedRaftLog:OPENED:c251:last(t:1, i:252), conf=conf: {index: 131, cur=peers:[s3|0.0.0.0:15003, s4|0.0.0.0:15004, s5|0.0.0.0:15005, s6|0.0.0.0:15006, s7|0.0.0.0:15007, s8|0.0.0.0:15008, s9|0.0.0.0:15009, s11|0.0.0.0:15011, s10|0.0.0.0:15010, s13|0.0.0.0:15013, s12|0.0.0.0:15012, s14|0.0.0.0:15014, s0|0.0.0.0:15000, s1|0.0.0.0:15001, s2|0.0.0.0:15002]|listeners:[], old=null} RUNNING
   FOLLOWER s12@group-DF8C9DCF2580:t0, leader=null, voted=, raftlog=Memoized:s12@group-DF8C9DCF2580-SegmentedRaftLog:OPENED:c-1:lastnull, conf=conf: {index: -1, cur=peers:[]|listeners:[], old=null} STARTING] size=2
  s14:  RUNNING [
   FOLLOWER s14@group-5D788F7A274C:t1, leader=s0, voted=null, raftlog=Memoized:s14@group-5D788F7A274C-SegmentedRaftLog:OPENED:c251:last(t:1, i:252), conf=conf: {index: 131, cur=peers:[s3|0.0.0.0:15003, s4|0.0.0.0:15004, s5|0.0.0.0:15005, s6|0.0.0.0:15006, s7|0.0.0.0:15007, s8|0.0.0.0:15008, s9|0.0.0.0:15009, s11|0.0.0.0:15011, s10|0.0.0.0:15010, s13|0.0.0.0:15013, s12|0.0.0.0:15012, s14|0.0.0.0:15014, s0|0.0.0.0:15000, s1|0.0.0.0:15001, s2|0.0.0.0:15002]|listeners:[], old=null} RUNNING
   FOLLOWER s14@group-DF8C9DCF2580:t0, leader=null, voted=, raftlog=Memoized:s14@group-DF8C9DCF2580-SegmentedRaftLog:OPENED:c-1:lastnull, conf=conf: {index: -1, cur=peers:[]|listeners:[], old=null} STARTING] size=2
  s0:  RUNNING [
     LEADER s0@group-5D788F7A274C:t1, leader=s0, voted=s0, raftlog=Memoized:s0@group-5D788F7A274C-SegmentedRaftLog:OPENED:c252:last(t:1, i:252), conf=conf: {index: 131, cur=peers:[s3|0.0.0.0:15003, s4|0.0.0.0:15004, s5|0.0.0.0:15005, s6|0.0.0.0:15006, s7|0.0.0.0:15007, s8|0.0.0.0:15008, s9|0.0.0.0:15009, s11|0.0.0.0:15011, s10|0.0.0.0:15010, s13|0.0.0.0:15013, s12|0.0.0.0:15012, s14|0.0.0.0:15014, s0|0.0.0.0:15000, s1|0.0.0.0:15001, s2|0.0.0.0:15002]|listeners:[], old=null} RUNNING
   FOLLOWER s0@group-DF8C9DCF2580:t0, leader=null, voted=, raftlog=Memoized:s0@group-DF8C9DCF2580-SegmentedRaftLog:OPENED:c-1:lastnull, conf=conf: {index: -1, cur=peers:[]|listeners:[], old=null} STARTING] size=2
  s1:  RUNNING [
   FOLLOWER s1@group-5D788F7A274C:t1, leader=s0, voted=s1, raftlog=Memoized:s1@group-5D788F7A274C-SegmentedRaftLog:OPENED:c251:last(t:1, i:252), conf=conf: {index: 131, cur=peers:[s3|0.0.0.0:15003, s4|0.0.0.0:15004, s5|0.0.0.0:15005, s6|0.0.0.0:15006, s7|0.0.0.0:15007, s8|0.0.0.0:15008, s9|0.0.0.0:15009, s11|0.0.0.0:15011, s10|0.0.0.0:15010, s13|0.0.0.0:15013, s12|0.0.0.0:15012, s14|0.0.0.0:15014, s0|0.0.0.0:15000, s1|0.0.0.0:15001, s2|0.0.0.0:15002]|listeners:[], old=null} RUNNING
   FOLLOWER s1@group-DF8C9DCF2580:t0, leader=null, voted=, raftlog=Memoized:s1@group-DF8C9DCF2580-SegmentedRaftLog:OPENED:c-1:lastnull, conf=conf: {index: -1, cur=peers:[]|listeners:[], old=null} STARTING] size=2
  s2:  RUNNING [
   FOLLOWER s2@group-5D788F7A274C:t1, leader=s0, voted=null, raftlog=Memoized:s2@group-5D788F7A274C-SegmentedRaftLog:OPENED:c251:last(t:1, i:252), conf=conf: {index: 131, cur=peers:[s3|0.0.0.0:15003, s4|0.0.0.0:15004, s5|0.0.0.0:15005, s6|0.0.0.0:15006, s7|0.0.0.0:15007, s8|0.0.0.0:15008, s9|0.0.0.0:15009, s11|0.0.0.0:15011, s10|0.0.0.0:15010, s13|0.0.0.0:15013, s12|0.0.0.0:15012, s14|0.0.0.0:15014, s0|0.0.0.0:15000, s1|0.0.0.0:15001, s2|0.0.0.0:15002]|listeners:[], old=null} RUNNING
   FOLLOWER s2@group-DF8C9DCF2580:t0, leader=null, voted=, raftlog=Memoized:s2@group-DF8C9DCF2580-SegmentedRaftLog:OPENED:c-1:lastnull, conf=conf: {index: -1, cur=peers:[]|listeners:[], old=null} STARTING] size=2
| MiniRaftClusterWithGrpc[3, 6, 9, 12, 15]chosen=0 | update groups | 267 |
2024-09-10 06:20:07,031 INFO  impl.MiniRaftCluster (MiniRaftCluster.java:shutdown(837)) - ************************************************************** 
2024-09-10 06:20:07,031 INFO  impl.MiniRaftCluster (MiniRaftCluster.java:shutdown(838)) - *** 
2024-09-10 06:20:07,031 INFO  impl.MiniRaftCluster (MiniRaftCluster.java:shutdown(839)) - ***     Stopping MiniRaftClusterWithGrpc
2024-09-10 06:20:07,031 INFO  impl.MiniRaftCluster (MiniRaftCluster.java:shutdown(840)) - *** 
2024-09-10 06:20:07,031 INFO  impl.MiniRaftCluster (MiniRaftCluster.java:shutdown(841)) - ************************************************************** 
2024-09-10 06:20:07,032 INFO  impl.MiniRaftCluster (MiniRaftCluster.java:shutdown(842)) - printing ALL groups
  s3:  RUNNING [
   FOLLOWER s3@group-5D788F7A274C:t1, leader=s0, voted=null, raftlog=Memoized:s3@group-5D788F7A274C-SegmentedRaftLog:OPENED:c251:last(t:1, i:252), conf=conf: {index: 131, cur=peers:[s3|0.0.0.0:15003, s4|0.0.0.0:15004, s5|0.0.0.0:15005, s6|0.0.0.0:15006, s7|0.0.0.0:15007, s8|0.0.0.0:15008, s9|0.0.0.0:15009, s11|0.0.0.0:15011, s10|0.0.0.0:15010, s13|0.0.0.0:15013, s12|0.0.0.0:15012, s14|0.0.0.0:15014, s0|0.0.0.0:15000, s1|0.0.0.0:15001, s2|0.0.0.0:15002]|listeners:[], old=null} RUNNING
   FOLLOWER s3@group-DF8C9DCF2580:t0, leader=null, voted=, raftlog=Memoized:s3@group-DF8C9DCF2580-SegmentedRaftLog:OPENED:c-1:lastnull, conf=conf: {index: -1, cur=peers:[]|listeners:[], old=null} STARTING] size=2
  s4:  RUNNING [
   FOLLOWER s4@group-5D788F7A274C:t1, leader=s0, voted=null, raftlog=Memoized:s4@group-5D788F7A274C-SegmentedRaftLog:OPENED:c251:last(t:1, i:252), conf=conf: {index: 131, cur=peers:[s3|0.0.0.0:15003, s4|0.0.0.0:15004, s5|0.0.0.0:15005, s6|0.0.0.0:15006, s7|0.0.0.0:15007, s8|0.0.0.0:15008, s9|0.0.0.0:15009, s11|0.0.0.0:15011, s10|0.0.0.0:15010, s13|0.0.0.0:15013, s12|0.0.0.0:15012, s14|0.0.0.0:15014, s0|0.0.0.0:15000, s1|0.0.0.0:15001, s2|0.0.0.0:15002]|listeners:[], old=null} RUNNING
   FOLLOWER s4@group-DF8C9DCF2580:t0, leader=null, voted=, raftlog=Memoized:s4@group-DF8C9DCF2580-SegmentedRaftLog:OPENED:c-1:lastnull, conf=conf: {index: -1, cur=peers:[]|listeners:[], old=null} STARTING] size=2
  s5:  RUNNING [
   FOLLOWER s5@group-5D788F7A274C:t1, leader=s0, voted=null, raftlog=Memoized:s5@group-5D788F7A274C-SegmentedRaftLog:OPENED:c251:last(t:1, i:252), conf=conf: {index: 131, cur=peers:[s3|0.0.0.0:15003, s4|0.0.0.0:15004, s5|0.0.0.0:15005, s6|0.0.0.0:15006, s7|0.0.0.0:15007, s8|0.0.0.0:15008, s9|0.0.0.0:15009, s11|0.0.0.0:15011, s10|0.0.0.0:15010, s13|0.0.0.0:15013, s12|0.0.0.0:15012, s14|0.0.0.0:15014, s0|0.0.0.0:15000, s1|0.0.0.0:15001, s2|0.0.0.0:15002]|listeners:[], old=null} RUNNING
   FOLLOWER s5@group-DF8C9DCF2580:t0, leader=null, voted=, raftlog=Memoized:s5@group-DF8C9DCF2580-SegmentedRaftLog:OPENED:c-1:lastnull, conf=conf: {index: -1, cur=peers:[]|listeners:[], old=null} STARTING] size=2
  s6:  RUNNING [
   FOLLOWER s6@group-5D788F7A274C:t1, leader=s0, voted=null, raftlog=Memoized:s6@group-5D788F7A274C-SegmentedRaftLog:OPENED:c251:last(t:1, i:252), conf=conf: {index: 131, cur=peers:[s3|0.0.0.0:15003, s4|0.0.0.0:15004, s5|0.0.0.0:15005, s6|0.0.0.0:15006, s7|0.0.0.0:15007, s8|0.0.0.0:15008, s9|0.0.0.0:15009, s11|0.0.0.0:15011, s10|0.0.0.0:15010, s13|0.0.0.0:15013, s12|0.0.0.0:15012, s14|0.0.0.0:15014, s0|0.0.0.0:15000, s1|0.0.0.0:15001, s2|0.0.0.0:15002]|listeners:[], old=null} RUNNING
   FOLLOWER s6@group-DF8C9DCF2580:t0, leader=null, voted=, raftlog=Memoized:s6@group-DF8C9DCF2580-SegmentedRaftLog:OPENED:c-1:lastnull, conf=conf: {index: -1, cur=peers:[]|listeners:[], old=null} STARTING] size=2
  s7:  RUNNING [
   FOLLOWER s7@group-5D788F7A274C:t1, leader=s0, voted=null, raftlog=Memoized:s7@group-5D788F7A274C-SegmentedRaftLog:OPENED:c251:last(t:1, i:252), conf=conf: {index: 131, cur=peers:[s3|0.0.0.0:15003, s4|0.0.0.0:15004, s5|0.0.0.0:15005, s6|0.0.0.0:15006, s7|0.0.0.0:15007, s8|0.0.0.0:15008, s9|0.0.0.0:15009, s11|0.0.0.0:15011, s10|0.0.0.0:15010, s13|0.0.0.0:15013, s12|0.0.0.0:15012, s14|0.0.0.0:15014, s0|0.0.0.0:15000, s1|0.0.0.0:15001, s2|0.0.0.0:15002]|listeners:[], old=null} RUNNING
   FOLLOWER s7@group-DF8C9DCF2580:t0, leader=null, voted=, raftlog=Memoized:s7@group-DF8C9DCF2580-SegmentedRaftLog:OPENED:c-1:lastnull, conf=conf: {index: -1, cur=peers:[]|listeners:[], old=null} STARTING] size=2
  s8:  RUNNING [
   FOLLOWER s8@group-5D788F7A274C:t1, leader=s0, voted=null, raftlog=Memoized:s8@group-5D788F7A274C-SegmentedRaftLog:OPENED:c251:last(t:1, i:252), conf=conf: {index: 131, cur=peers:[s3|0.0.0.0:15003, s4|0.0.0.0:15004, s5|0.0.0.0:15005, s6|0.0.0.0:15006, s7|0.0.0.0:15007, s8|0.0.0.0:15008, s9|0.0.0.0:15009, s11|0.0.0.0:15011, s10|0.0.0.0:15010, s13|0.0.0.0:15013, s12|0.0.0.0:15012, s14|0.0.0.0:15014, s0|0.0.0.0:15000, s1|0.0.0.0:15001, s2|0.0.0.0:15002]|listeners:[], old=null} RUNNING
   FOLLOWER s8@group-DF8C9DCF2580:t0, leader=null, voted=, raftlog=Memoized:s8@group-DF8C9DCF2580-SegmentedRaftLog:OPENED:c-1:lastnull, conf=conf: {index: -1, cur=peers:[]|listeners:[], old=null} STARTING] size=2
  s9:  RUNNING [
   FOLLOWER s9@group-5D788F7A274C:t1, leader=s0, voted=null, raftlog=Memoized:s9@group-5D788F7A274C-SegmentedRaftLog:OPENED:c251:last(t:1, i:252), conf=conf: {index: 131, cur=peers:[s3|0.0.0.0:15003, s4|0.0.0.0:15004, s5|0.0.0.0:15005, s6|0.0.0.0:15006, s7|0.0.0.0:15007, s8|0.0.0.0:15008, s9|0.0.0.0:15009, s11|0.0.0.0:15011, s10|0.0.0.0:15010, s13|0.0.0.0:15013, s12|0.0.0.0:15012, s14|0.0.0.0:15014, s0|0.0.0.0:15000, s1|0.0.0.0:15001, s2|0.0.0.0:15002]|listeners:[], old=null} RUNNING
   FOLLOWER s9@group-DF8C9DCF2580:t0, leader=null, voted=, raftlog=Memoized:s9@group-DF8C9DCF2580-SegmentedRaftLog:OPENED:c-1:lastnull, conf=conf: {index: -1, cur=peers:[]|listeners:[], old=null} STARTING] size=2
  s11:  RUNNING [
   FOLLOWER s11@group-5D788F7A274C:t1, leader=s0, voted=null, raftlog=Memoized:s11@group-5D788F7A274C-SegmentedRaftLog:OPENED:c251:last(t:1, i:252), conf=conf: {index: 131, cur=peers:[s3|0.0.0.0:15003, s4|0.0.0.0:15004, s5|0.0.0.0:15005, s6|0.0.0.0:15006, s7|0.0.0.0:15007, s8|0.0.0.0:15008, s9|0.0.0.0:15009, s11|0.0.0.0:15011, s10|0.0.0.0:15010, s13|0.0.0.0:15013, s12|0.0.0.0:15012, s14|0.0.0.0:15014, s0|0.0.0.0:15000, s1|0.0.0.0:15001, s2|0.0.0.0:15002]|listeners:[], old=null} RUNNING
   FOLLOWER s11@group-DF8C9DCF2580:t0, leader=null, voted=, raftlog=Memoized:s11@group-DF8C9DCF2580-SegmentedRaftLog:OPENED:c-1:lastnull, conf=conf: {index: -1, cur=peers:[]|listeners:[], old=null} STARTING] size=2
  s10:  RUNNING [
   FOLLOWER s10@group-5D788F7A274C:t1, leader=s0, voted=s0, raftlog=Memoized:s10@group-5D788F7A274C-SegmentedRaftLog:OPENED:c251:last(t:1, i:252), conf=conf: {index: 131, cur=peers:[s3|0.0.0.0:15003, s4|0.0.0.0:15004, s5|0.0.0.0:15005, s6|0.0.0.0:15006, s7|0.0.0.0:15007, s8|0.0.0.0:15008, s9|0.0.0.0:15009, s11|0.0.0.0:15011, s10|0.0.0.0:15010, s13|0.0.0.0:15013, s12|0.0.0.0:15012, s14|0.0.0.0:15014, s0|0.0.0.0:15000, s1|0.0.0.0:15001, s2|0.0.0.0:15002]|listeners:[], old=null} RUNNING
   FOLLOWER s10@group-DF8C9DCF2580:t0, leader=null, voted=, raftlog=Memoized:s10@group-DF8C9DCF2580-SegmentedRaftLog:OPENED:c-1:lastnull, conf=conf: {index: -1, cur=peers:[]|listeners:[], old=null} STARTING] size=2
  s13:  RUNNING [
   FOLLOWER s13@group-5D788F7A274C:t1, leader=s0, voted=null, raftlog=Memoized:s13@group-5D788F7A274C-SegmentedRaftLog:OPENED:c251:last(t:1, i:252), conf=conf: {index: 131, cur=peers:[s3|0.0.0.0:15003, s4|0.0.0.0:15004, s5|0.0.0.0:15005, s6|0.0.0.0:15006, s7|0.0.0.0:15007, s8|0.0.0.0:15008, s9|0.0.0.0:15009, s11|0.0.0.0:15011, s10|0.0.0.0:15010, s13|0.0.0.0:15013, s12|0.0.0.0:15012, s14|0.0.0.0:15014, s0|0.0.0.0:15000, s1|0.0.0.0:15001, s2|0.0.0.0:15002]|listeners:[], old=null} RUNNING
   FOLLOWER s13@group-DF8C9DCF2580:t0, leader=null, voted=, raftlog=Memoized:s13@group-DF8C9DCF2580-SegmentedRaftLog:OPENED:c-1:lastnull, conf=conf: {index: -1, cur=peers:[]|listeners:[], old=null} STARTING] size=2
  s12:  RUNNING [
   FOLLOWER s12@group-5D788F7A274C:t1, leader=s0, voted=null, raftlog=Memoized:s12@group-5D788F7A274C-SegmentedRaftLog:OPENED:c251:last(t:1, i:252), conf=conf: {index: 131, cur=peers:[s3|0.0.0.0:15003, s4|0.0.0.0:15004, s5|0.0.0.0:15005, s6|0.0.0.0:15006, s7|0.0.0.0:15007, s8|0.0.0.0:15008, s9|0.0.0.0:15009, s11|0.0.0.0:15011, s10|0.0.0.0:15010, s13|0.0.0.0:15013, s12|0.0.0.0:15012, s14|0.0.0.0:15014, s0|0.0.0.0:15000, s1|0.0.0.0:15001, s2|0.0.0.0:15002]|listeners:[], old=null} RUNNING
   FOLLOWER s12@group-DF8C9DCF2580:t0, leader=null, voted=, raftlog=Memoized:s12@group-DF8C9DCF2580-SegmentedRaftLog:OPENED:c-1:lastnull, conf=conf: {index: -1, cur=peers:[]|listeners:[], old=null} STARTING] size=2
  s14:  RUNNING [
   FOLLOWER s14@group-5D788F7A274C:t1, leader=s0, voted=null, raftlog=Memoized:s14@group-5D788F7A274C-SegmentedRaftLog:OPENED:c251:last(t:1, i:252), conf=conf: {index: 131, cur=peers:[s3|0.0.0.0:15003, s4|0.0.0.0:15004, s5|0.0.0.0:15005, s6|0.0.0.0:15006, s7|0.0.0.0:15007, s8|0.0.0.0:15008, s9|0.0.0.0:15009, s11|0.0.0.0:15011, s10|0.0.0.0:15010, s13|0.0.0.0:15013, s12|0.0.0.0:15012, s14|0.0.0.0:15014, s0|0.0.0.0:15000, s1|0.0.0.0:15001, s2|0.0.0.0:15002]|listeners:[], old=null} RUNNING
   FOLLOWER s14@group-DF8C9DCF2580:t0, leader=null, voted=, raftlog=Memoized:s14@group-DF8C9DCF2580-SegmentedRaftLog:OPENED:c-1:lastnull, conf=conf: {index: -1, cur=peers:[]|listeners:[], old=null} STARTING] size=2
  s0:  RUNNING [
     LEADER s0@group-5D788F7A274C:t1, leader=s0, voted=s0, raftlog=Memoized:s0@group-5D788F7A274C-SegmentedRaftLog:OPENED:c252:last(t:1, i:252), conf=conf: {index: 131, cur=peers:[s3|0.0.0.0:15003, s4|0.0.0.0:15004, s5|0.0.0.0:15005, s6|0.0.0.0:15006, s7|0.0.0.0:15007, s8|0.0.0.0:15008, s9|0.0.0.0:15009, s11|0.0.0.0:15011, s10|0.0.0.0:15010, s13|0.0.0.0:15013, s12|0.0.0.0:15012, s14|0.0.0.0:15014, s0|0.0.0.0:15000, s1|0.0.0.0:15001, s2|0.0.0.0:15002]|listeners:[], old=null} RUNNING
   FOLLOWER s0@group-DF8C9DCF2580:t0, leader=null, voted=, raftlog=Memoized:s0@group-DF8C9DCF2580-SegmentedRaftLog:OPENED:c-1:lastnull, conf=conf: {index: -1, cur=peers:[]|listeners:[], old=null} STARTING] size=2
  s1:  RUNNING [
   FOLLOWER s1@group-5D788F7A274C:t1, leader=s0, voted=s1, raftlog=Memoized:s1@group-5D788F7A274C-SegmentedRaftLog:OPENED:c251:last(t:1, i:252), conf=conf: {index: 131, cur=peers:[s3|0.0.0.0:15003, s4|0.0.0.0:15004, s5|0.0.0.0:15005, s6|0.0.0.0:15006, s7|0.0.0.0:15007, s8|0.0.0.0:15008, s9|0.0.0.0:15009, s11|0.0.0.0:15011, s10|0.0.0.0:15010, s13|0.0.0.0:15013, s12|0.0.0.0:15012, s14|0.0.0.0:15014, s0|0.0.0.0:15000, s1|0.0.0.0:15001, s2|0.0.0.0:15002]|listeners:[], old=null} RUNNING
   FOLLOWER s1@group-DF8C9DCF2580:t0, leader=null, voted=, raftlog=Memoized:s1@group-DF8C9DCF2580-SegmentedRaftLog:OPENED:c-1:lastnull, conf=conf: {index: -1, cur=peers:[]|listeners:[], old=null} STARTING] size=2
  s2:  RUNNING [
   FOLLOWER s2@group-5D788F7A274C:t1, leader=s0, voted=null, raftlog=Memoized:s2@group-5D788F7A274C-SegmentedRaftLog:OPENED:c251:last(t:1, i:252), conf=conf: {index: 131, cur=peers:[s3|0.0.0.0:15003, s4|0.0.0.0:15004, s5|0.0.0.0:15005, s6|0.0.0.0:15006, s7|0.0.0.0:15007, s8|0.0.0.0:15008, s9|0.0.0.0:15009, s11|0.0.0.0:15011, s10|0.0.0.0:15010, s13|0.0.0.0:15013, s12|0.0.0.0:15012, s14|0.0.0.0:15014, s0|0.0.0.0:15000, s1|0.0.0.0:15001, s2|0.0.0.0:15002]|listeners:[], old=null} RUNNING
   FOLLOWER s2@group-DF8C9DCF2580:t0, leader=null, voted=, raftlog=Memoized:s2@group-DF8C9DCF2580-SegmentedRaftLog:OPENED:c-1:lastnull, conf=conf: {index: -1, cur=peers:[]|listeners:[], old=null} STARTING] size=2
2024-09-10 06:20:07,033 INFO  server.RaftServer (RaftServerProxy.java:lambda$close$9(418)) - s3: close
2024-09-10 06:20:07,033 INFO  server.RaftServer (RaftServerProxy.java:lambda$close$9(418)) - s4: close
2024-09-10 06:20:07,033 INFO  server.RaftServer$Division (RaftServerImpl.java:lambda$close$1(510)) - s3@group-5D788F7A274C: shutdown
2024-09-10 06:20:07,033 INFO  util.JmxRegister (JmxRegister.java:unregister(74)) - Successfully un-registered JMX Bean with object name Ratis:service=RaftServer,group=group-5D788F7A274C,id=s3
2024-09-10 06:20:07,033 INFO  impl.RoleInfo (RoleInfo.java:shutdownFollowerState(119)) - s3: shutdown s3@group-5D788F7A274C-FollowerState
2024-09-10 06:20:07,033 INFO  server.RaftServer$Division (RaftServerImpl.java:lambda$close$1(510)) - s4@group-5D788F7A274C: shutdown
2024-09-10 06:20:07,033 INFO  util.JmxRegister (JmxRegister.java:unregister(74)) - Successfully un-registered JMX Bean with object name Ratis:service=RaftServer,group=group-5D788F7A274C,id=s4
2024-09-10 06:20:07,033 INFO  impl.RoleInfo (RoleInfo.java:shutdownFollowerState(119)) - s4: shutdown s4@group-5D788F7A274C-FollowerState
2024-09-10 06:20:07,035 INFO  impl.StateMachineUpdater (StateMachineUpdater.java:stopAndJoin(164)) - s4@group-5D788F7A274C-StateMachineUpdater: set stopIndex = 251
2024-09-10 06:20:07,035 INFO  server.RaftServer (RaftServerProxy.java:lambda$close$9(418)) - s5: close
2024-09-10 06:20:07,035 INFO  impl.StateMachineUpdater (StateMachineUpdater.java:stop(141)) - s4@group-5D788F7A274C-StateMachineUpdater: closing ArithmeticStateMachine, lastApplied=(t:1, i:251)
2024-09-10 06:20:07,035 INFO  impl.FollowerState (FollowerState.java:run(153)) - s4@group-5D788F7A274C-FollowerState was interrupted
2024-09-10 06:20:07,035 INFO  server.RaftServer$Division (RaftServerImpl.java:lambda$close$1(510)) - s5@group-5D788F7A274C: shutdown
2024-09-10 06:20:07,035 INFO  util.JmxRegister (JmxRegister.java:unregister(74)) - Successfully un-registered JMX Bean with object name Ratis:service=RaftServer,group=group-5D788F7A274C,id=s5
2024-09-10 06:20:07,035 INFO  impl.RoleInfo (RoleInfo.java:shutdownFollowerState(119)) - s5: shutdown s5@group-5D788F7A274C-FollowerState
2024-09-10 06:20:07,039 INFO  impl.StateMachineUpdater (StateMachineUpdater.java:stopAndJoin(164)) - s3@group-5D788F7A274C-StateMachineUpdater: set stopIndex = 251
2024-09-10 06:20:07,039 INFO  impl.FollowerState (FollowerState.java:run(153)) - s3@group-5D788F7A274C-FollowerState was interrupted
2024-09-10 06:20:07,039 INFO  impl.StateMachineUpdater (StateMachineUpdater.java:stop(141)) - s3@group-5D788F7A274C-StateMachineUpdater: closing ArithmeticStateMachine, lastApplied=(t:1, i:251)
2024-09-10 06:20:07,039 INFO  server.RaftServer (RaftServerProxy.java:lambda$close$9(418)) - s6: close
2024-09-10 06:20:07,039 INFO  server.RaftServer$Division (RaftServerImpl.java:lambda$close$1(510)) - s6@group-5D788F7A274C: shutdown
2024-09-10 06:20:07,039 INFO  util.JmxRegister (JmxRegister.java:unregister(74)) - Successfully un-registered JMX Bean with object name Ratis:service=RaftServer,group=group-5D788F7A274C,id=s6
2024-09-10 06:20:07,039 INFO  impl.RoleInfo (RoleInfo.java:shutdownFollowerState(119)) - s6: shutdown s6@group-5D788F7A274C-FollowerState
2024-09-10 06:20:07,039 INFO  server.RaftServer (RaftServerProxy.java:lambda$close$9(418)) - s8: close
2024-09-10 06:20:07,040 INFO  server.RaftServer$Division (RaftServerImpl.java:lambda$close$1(510)) - s8@group-5D788F7A274C: shutdown
2024-09-10 06:20:07,040 INFO  util.JmxRegister (JmxRegister.java:unregister(74)) - Successfully un-registered JMX Bean with object name Ratis:service=RaftServer,group=group-5D788F7A274C,id=s8
2024-09-10 06:20:07,040 INFO  impl.RoleInfo (RoleInfo.java:shutdownFollowerState(119)) - s8: shutdown s8@group-5D788F7A274C-FollowerState
2024-09-10 06:20:07,040 INFO  server.RaftServer (RaftServerProxy.java:lambda$close$9(418)) - s11: close
2024-09-10 06:20:07,040 INFO  server.RaftServer (RaftServerProxy.java:lambda$close$9(418)) - s10: close
2024-09-10 06:20:07,040 INFO  server.RaftServer$Division (RaftServerImpl.java:lambda$close$1(510)) - s10@group-5D788F7A274C: shutdown
2024-09-10 06:20:07,040 INFO  util.JmxRegister (JmxRegister.java:unregister(74)) - Successfully un-registered JMX Bean with object name Ratis:service=RaftServer,group=group-5D788F7A274C,id=s10
2024-09-10 06:20:07,040 INFO  impl.RoleInfo (RoleInfo.java:shutdownFollowerState(119)) - s10: shutdown s10@group-5D788F7A274C-FollowerState
2024-09-10 06:20:07,039 INFO  server.RaftServer (RaftServerProxy.java:lambda$close$9(418)) - s7: close
2024-09-10 06:20:07,041 INFO  server.RaftServer (RaftServerProxy.java:lambda$close$9(418)) - s12: close
2024-09-10 06:20:07,040 INFO  server.RaftServer (RaftServerProxy.java:lambda$close$9(418)) - s13: close
2024-09-10 06:20:07,040 INFO  server.RaftServer$Division (RaftServerImpl.java:lambda$close$1(510)) - s11@group-5D788F7A274C: shutdown
2024-09-10 06:20:07,041 INFO  util.JmxRegister (JmxRegister.java:unregister(74)) - Successfully un-registered JMX Bean with object name Ratis:service=RaftServer,group=group-5D788F7A274C,id=s11
2024-09-10 06:20:07,041 INFO  impl.RoleInfo (RoleInfo.java:shutdownFollowerState(119)) - s11: shutdown s11@group-5D788F7A274C-FollowerState
2024-09-10 06:20:07,040 INFO  server.RaftServer (RaftServerProxy.java:lambda$close$9(418)) - s9: close
2024-09-10 06:20:07,041 INFO  server.RaftServer$Division (RaftServerImpl.java:lambda$close$1(510)) - s12@group-5D788F7A274C: shutdown
2024-09-10 06:20:07,041 INFO  util.JmxRegister (JmxRegister.java:unregister(74)) - Successfully un-registered JMX Bean with object name Ratis:service=RaftServer,group=group-5D788F7A274C,id=s12
2024-09-10 06:20:07,041 INFO  impl.RoleInfo (RoleInfo.java:shutdownFollowerState(119)) - s12: shutdown s12@group-5D788F7A274C-FollowerState
2024-09-10 06:20:07,041 INFO  server.RaftServer$Division (RaftServerImpl.java:lambda$close$1(510)) - s7@group-5D788F7A274C: shutdown
2024-09-10 06:20:07,041 INFO  util.JmxRegister (JmxRegister.java:unregister(74)) - Successfully un-registered JMX Bean with object name Ratis:service=RaftServer,group=group-5D788F7A274C,id=s7
2024-09-10 06:20:07,041 INFO  impl.RoleInfo (RoleInfo.java:shutdownFollowerState(119)) - s7: shutdown s7@group-5D788F7A274C-FollowerState
2024-09-10 06:20:07,041 INFO  server.RaftServer$Division (RaftServerImpl.java:lambda$close$1(510)) - s9@group-5D788F7A274C: shutdown
2024-09-10 06:20:07,041 INFO  util.JmxRegister (JmxRegister.java:unregister(74)) - Successfully un-registered JMX Bean with object name Ratis:service=RaftServer,group=group-5D788F7A274C,id=s9
2024-09-10 06:20:07,042 INFO  impl.RoleInfo (RoleInfo.java:shutdownFollowerState(119)) - s9: shutdown s9@group-5D788F7A274C-FollowerState
2024-09-10 06:20:07,041 INFO  server.RaftServer$Division (RaftServerImpl.java:lambda$close$1(510)) - s13@group-5D788F7A274C: shutdown
2024-09-10 06:20:07,042 INFO  util.JmxRegister (JmxRegister.java:unregister(74)) - Successfully un-registered JMX Bean with object name Ratis:service=RaftServer,group=group-5D788F7A274C,id=s13
2024-09-10 06:20:07,042 INFO  impl.RoleInfo (RoleInfo.java:shutdownFollowerState(119)) - s13: shutdown s13@group-5D788F7A274C-FollowerState
2024-09-10 06:20:07,043 INFO  server.RaftServer (RaftServerProxy.java:lambda$close$9(418)) - s0: close
2024-09-10 06:20:07,043 INFO  server.RaftServer$Division (RaftServerImpl.java:lambda$close$1(510)) - s0@group-5D788F7A274C: shutdown
2024-09-10 06:20:07,043 INFO  util.JmxRegister (JmxRegister.java:unregister(74)) - Successfully un-registered JMX Bean with object name Ratis:service=RaftServer,group=group-5D788F7A274C,id=s0
2024-09-10 06:20:07,043 INFO  impl.RoleInfo (RoleInfo.java:shutdownLeaderState(103)) - s0: shutdown s0@group-5D788F7A274C-LeaderStateImpl
2024-09-10 06:20:07,043 INFO  server.RaftServer (RaftServerProxy.java:lambda$close$9(418)) - s14: close
2024-09-10 06:20:07,043 INFO  server.RaftServer$Division (RaftServerImpl.java:lambda$close$1(510)) - s14@group-5D788F7A274C: shutdown
2024-09-10 06:20:07,044 INFO  server.RaftServer (RaftServerProxy.java:lambda$close$9(418)) - s1: close
2024-09-10 06:20:07,044 INFO  server.RaftServer$Division (RaftServerImpl.java:lambda$close$1(510)) - s1@group-5D788F7A274C: shutdown
2024-09-10 06:20:07,044 INFO  util.JmxRegister (JmxRegister.java:unregister(74)) - Successfully un-registered JMX Bean with object name Ratis:service=RaftServer,group=group-5D788F7A274C,id=s1
2024-09-10 06:20:07,044 INFO  impl.RoleInfo (RoleInfo.java:shutdownFollowerState(119)) - s1: shutdown s1@group-5D788F7A274C-FollowerState
2024-09-10 06:20:07,044 INFO  util.JmxRegister (JmxRegister.java:unregister(74)) - Successfully un-registered JMX Bean with object name Ratis:service=RaftServer,group=group-5D788F7A274C,id=s14
2024-09-10 06:20:07,044 INFO  impl.RoleInfo (RoleInfo.java:shutdownFollowerState(119)) - s14: shutdown s14@group-5D788F7A274C-FollowerState
2024-09-10 06:20:07,044 INFO  server.RaftServer (RaftServerProxy.java:lambda$close$9(418)) - s2: close
2024-09-10 06:20:07,044 INFO  server.RaftServer$Division (RaftServerImpl.java:lambda$close$1(510)) - s2@group-5D788F7A274C: shutdown
2024-09-10 06:20:07,044 INFO  util.JmxRegister (JmxRegister.java:unregister(74)) - Successfully un-registered JMX Bean with object name Ratis:service=RaftServer,group=group-5D788F7A274C,id=s2
2024-09-10 06:20:07,044 INFO  impl.RoleInfo (RoleInfo.java:shutdownFollowerState(119)) - s2: shutdown s2@group-5D788F7A274C-FollowerState
2024-09-10 06:20:07,045 INFO  impl.StateMachineUpdater (StateMachineUpdater.java:stopAndJoin(164)) - s2@group-5D788F7A274C-StateMachineUpdater: set stopIndex = 251
2024-09-10 06:20:07,045 INFO  impl.StateMachineUpdater (StateMachineUpdater.java:stop(141)) - s2@group-5D788F7A274C-StateMachineUpdater: closing ArithmeticStateMachine, lastApplied=(t:1, i:251)
2024-09-10 06:20:07,045 INFO  server.RaftServer$Division (RaftServerImpl.java:lambda$close$1(510)) - s2@group-DF8C9DCF2580: shutdown
2024-09-10 06:20:07,045 INFO  util.JmxRegister (JmxRegister.java:unregister(74)) - Successfully un-registered JMX Bean with object name Ratis:service=RaftServer,group=group-DF8C9DCF2580,id=s2
2024-09-10 06:20:07,045 INFO  server.GrpcService (GrpcService.java:closeImpl(349)) - s3: shutdown server GrpcServerProtocolService now
2024-09-10 06:20:07,045 INFO  server.RaftServer$Division (RaftServerImpl.java:lambda$close$1(510)) - s3@group-DF8C9DCF2580: shutdown
2024-09-10 06:20:07,045 INFO  util.JmxRegister (JmxRegister.java:unregister(74)) - Successfully un-registered JMX Bean with object name Ratis:service=RaftServer,group=group-DF8C9DCF2580,id=s3
2024-09-10 06:20:07,045 INFO  impl.StateMachineUpdater (StateMachineUpdater.java:stop(141)) - s3@group-DF8C9DCF2580-StateMachineUpdater: closing ArithmeticStateMachine, lastApplied=(t:0, i:~)
2024-09-10 06:20:07,044 INFO  server.GrpcService (GrpcService.java:closeImpl(349)) - s2: shutdown server GrpcServerProtocolService now
2024-09-10 06:20:07,045 INFO  impl.StateMachineUpdater (StateMachineUpdater.java:stopAndJoin(164)) - s3@group-DF8C9DCF2580-StateMachineUpdater: set stopIndex = -1
2024-09-10 06:20:07,045 INFO  impl.FollowerState (FollowerState.java:run(153)) - s2@group-5D788F7A274C-FollowerState was interrupted
2024-09-10 06:20:07,046 INFO  impl.StateMachineUpdater (StateMachineUpdater.java:stopAndJoin(164)) - s14@group-5D788F7A274C-StateMachineUpdater: set stopIndex = 251
2024-09-10 06:20:07,046 INFO  impl.StateMachineUpdater (StateMachineUpdater.java:stop(141)) - s14@group-5D788F7A274C-StateMachineUpdater: closing ArithmeticStateMachine, lastApplied=(t:1, i:251)
2024-09-10 06:20:07,046 INFO  util.AwaitToRun (AwaitToRun.java:run(49)) - s3@group-DF8C9DCF2580-cacheEviction-AwaitToRun-AwaitForSignal is interrupted
2024-09-10 06:20:07,046 INFO  impl.FollowerState (FollowerState.java:run(153)) - s14@group-5D788F7A274C-FollowerState was interrupted
2024-09-10 06:20:07,046 INFO  server.GrpcService (GrpcService.java:closeImpl(349)) - s4: shutdown server GrpcServerProtocolService now
2024-09-10 06:20:07,048 INFO  server.RaftServer$Division (RaftServerImpl.java:lambda$close$1(510)) - s4@group-DF8C9DCF2580: shutdown
2024-09-10 06:20:07,048 INFO  util.JmxRegister (JmxRegister.java:unregister(74)) - Successfully un-registered JMX Bean with object name Ratis:service=RaftServer,group=group-DF8C9DCF2580,id=s4
2024-09-10 06:20:07,055 INFO  server.GrpcService (GrpcService.java:closeImpl(349)) - s1: shutdown server GrpcServerProtocolService now
2024-09-10 06:20:07,055 INFO  impl.StateMachineUpdater (StateMachineUpdater.java:stopAndJoin(164)) - s1@group-5D788F7A274C-StateMachineUpdater: set stopIndex = 251
2024-09-10 06:20:07,055 INFO  impl.StateMachineUpdater (StateMachineUpdater.java:stop(141)) - s1@group-5D788F7A274C-StateMachineUpdater: closing ArithmeticStateMachine, lastApplied=(t:1, i:251)
2024-09-10 06:20:07,055 WARN  server.GrpcLogAppender (GrpcLogAppender.java:mayWait(293)) - s0@group-5D788F7A274C->s13-GrpcLogAppender: Wait interrupted by java.lang.InterruptedException
2024-09-10 06:20:07,055 WARN  server.GrpcLogAppender (GrpcLogAppender.java:mayWait(293)) - s0@group-5D788F7A274C->s8-GrpcLogAppender: Wait interrupted by java.lang.InterruptedException
2024-09-10 06:20:07,055 WARN  server.GrpcLogAppender (GrpcLogAppender.java:mayWait(293)) - s0@group-5D788F7A274C->s11-GrpcLogAppender: Wait interrupted by java.lang.InterruptedException
2024-09-10 06:20:07,055 WARN  server.GrpcLogAppender (GrpcLogAppender.java:mayWait(293)) - s0@group-5D788F7A274C->s12-GrpcLogAppender: Wait interrupted by java.lang.InterruptedException
2024-09-10 06:20:07,055 WARN  server.GrpcLogAppender (GrpcLogAppender.java:mayWait(293)) - s0@group-5D788F7A274C->s3-GrpcLogAppender: Wait interrupted by java.lang.InterruptedException
2024-09-10 06:20:07,055 WARN  server.GrpcLogAppender (GrpcLogAppender.java:mayWait(293)) - s0@group-5D788F7A274C->s14-GrpcLogAppender: Wait interrupted by java.lang.InterruptedException
2024-09-10 06:20:07,055 INFO  server.GrpcServerProtocolService (GrpcServerProtocolService.java:onCompleted(200)) - s13: Completed APPEND_ENTRIES, lastRequest: null
2024-09-10 06:20:07,056 WARN  server.GrpcLogAppender (GrpcLogAppender.java:mayWait(293)) - s0@group-5D788F7A274C->s2-GrpcLogAppender: Wait interrupted by java.lang.InterruptedException
2024-09-10 06:20:07,056 WARN  server.GrpcLogAppender (GrpcLogAppender.java:mayWait(293)) - s0@group-5D788F7A274C->s5-GrpcLogAppender: Wait interrupted by java.lang.InterruptedException
2024-09-10 06:20:07,056 WARN  server.GrpcLogAppender (GrpcLogAppender.java:mayWait(293)) - s0@group-5D788F7A274C->s9-GrpcLogAppender: Wait interrupted by java.lang.InterruptedException
2024-09-10 06:20:07,056 INFO  server.GrpcServerProtocolService (GrpcServerProtocolService.java:lambda$onCompleted$7(202)) - s13: Completed APPEND_ENTRIES, lastReply: serverReply {
  requestorId: "s0"
  replyId: "s13"
  raftGroupId {
    id: "tl\'u\000\337A\270\231U]x\217z\'L"
  }
  callId: 37
  success: true
}
term: 1
nextIndex: 132
followerCommit: 129
matchIndex: 18446744073709551615
isHearbeat: true

2024-09-10 06:20:07,056 INFO  server.GrpcServerProtocolService (GrpcServerProtocolService.java:onCompleted(200)) - s13: Completed APPEND_ENTRIES, lastRequest: s0->s13#944-t1,previous=(t:1, i:251),leaderCommit=251,initializing? false,entries: size=1, first=(t:1, i:252), METADATAENTRY(c:251)
2024-09-10 06:20:07,056 INFO  server.GrpcServerProtocolService (GrpcServerProtocolService.java:lambda$onCompleted$7(202)) - s13: Completed APPEND_ENTRIES, lastReply: null
2024-09-10 06:20:07,056 INFO  server.GrpcServerProtocolService (GrpcServerProtocolService.java:onCompleted(200)) - s12: Completed APPEND_ENTRIES, lastRequest: null
2024-09-10 06:20:07,056 INFO  server.GrpcServerProtocolService (GrpcServerProtocolService.java:lambda$onCompleted$7(202)) - s12: Completed APPEND_ENTRIES, lastReply: serverReply {
  requestorId: "s0"
  replyId: "s12"
  raftGroupId {
    id: "tl\'u\000\337A\270\231U]x\217z\'L"
  }
  success: true
}
nextIndex: 121
followerCommit: 18446744073709551615
matchIndex: 18446744073709551615
isHearbeat: true

2024-09-10 06:20:07,056 INFO  server.GrpcServerProtocolService (GrpcServerProtocolService.java:onCompleted(200)) - s11: Completed APPEND_ENTRIES, lastRequest: s0->s11#1325-t1,previous=(t:1, i:251),leaderCommit=251,initializing? false,entries: size=1, first=(t:1, i:252), METADATAENTRY(c:251)
2024-09-10 06:20:07,056 INFO  server.GrpcServerProtocolService (GrpcServerProtocolService.java:lambda$onCompleted$7(202)) - s11: Completed APPEND_ENTRIES, lastReply: null
2024-09-10 06:20:07,056 INFO  server.GrpcServerProtocolService (GrpcServerProtocolService.java:onCompleted(200)) - s8: Completed APPEND_ENTRIES, lastRequest: s0->s8#1251-t1,previous=(t:1, i:251),leaderCommit=251,initializing? false,entries: size=1, first=(t:1, i:252), METADATAENTRY(c:251)
2024-09-10 06:20:07,056 INFO  server.GrpcServerProtocolService (GrpcServerProtocolService.java:lambda$onCompleted$7(202)) - s8: Completed APPEND_ENTRIES, lastReply: null
2024-09-10 06:20:07,055 INFO  impl.FollowerState (FollowerState.java:run(153)) - s1@group-5D788F7A274C-FollowerState was interrupted
2024-09-10 06:20:07,056 INFO  server.GrpcServerProtocolService (GrpcServerProtocolService.java:onCompleted(200)) - s9: Completed APPEND_ENTRIES, lastRequest: s0->s9#1273-t1,previous=(t:1, i:251),leaderCommit=251,initializing? false,entries: size=1, first=(t:1, i:252), METADATAENTRY(c:251)
2024-09-10 06:20:07,057 INFO  server.GrpcServerProtocolService (GrpcServerProtocolService.java:lambda$onCompleted$7(202)) - s9: Completed APPEND_ENTRIES, lastReply: null
2024-09-10 06:20:07,057 INFO  server.GrpcServerProtocolService (GrpcServerProtocolService.java:onCompleted(200)) - s3: Completed APPEND_ENTRIES, lastRequest: null
2024-09-10 06:20:07,056 INFO  server.GrpcServerProtocolService (GrpcServerProtocolService.java:onCompleted(200)) - s3: Completed APPEND_ENTRIES, lastRequest: s0->s3#1288-t1,previous=(t:1, i:251),leaderCommit=251,initializing? false,entries: size=1, first=(t:1, i:252), METADATAENTRY(c:251)
2024-09-10 06:20:07,057 INFO  server.GrpcServerProtocolService (GrpcServerProtocolService.java:lambda$onCompleted$7(202)) - s3: Completed APPEND_ENTRIES, lastReply: null
2024-09-10 06:20:07,056 INFO  server.GrpcServerProtocolService (GrpcServerProtocolService.java:onCompleted(200)) - s2: Completed APPEND_ENTRIES, lastRequest: s0->s2#1275-t1,previous=(t:1, i:251),leaderCommit=251,initializing? false,entries: size=1, first=(t:1, i:252), METADATAENTRY(c:251)
2024-09-10 06:20:07,057 INFO  server.GrpcServerProtocolService (GrpcServerProtocolService.java:lambda$onCompleted$7(202)) - s2: Completed APPEND_ENTRIES, lastReply: null
2024-09-10 06:20:07,056 INFO  server.GrpcServerProtocolService (GrpcServerProtocolService.java:onCompleted(200)) - s12: Completed APPEND_ENTRIES, lastRequest: s0->s12#1308-t1,previous=(t:1, i:251),leaderCommit=251,initializing? false,entries: size=1, first=(t:1, i:252), METADATAENTRY(c:251)
2024-09-10 06:20:07,057 INFO  server.GrpcServerProtocolService (GrpcServerProtocolService.java:lambda$onCompleted$7(202)) - s12: Completed APPEND_ENTRIES, lastReply: null
2024-09-10 06:20:07,056 INFO  server.GrpcServerProtocolService (GrpcServerProtocolService.java:onCompleted(200)) - s11: Completed APPEND_ENTRIES, lastRequest: null
2024-09-10 06:20:07,057 INFO  server.GrpcServerProtocolService (GrpcServerProtocolService.java:onCompleted(200)) - s14: Completed APPEND_ENTRIES, lastRequest: s0->s14#897-t1,previous=(t:1, i:251),leaderCommit=251,initializing? false,entries: size=1, first=(t:1, i:252), METADATAENTRY(c:251)
2024-09-10 06:20:07,058 INFO  server.GrpcServerProtocolService (GrpcServerProtocolService.java:lambda$onCompleted$7(202)) - s14: Completed APPEND_ENTRIES, lastReply: null
2024-09-10 06:20:07,058 INFO  server.GrpcLogAppender (GrpcLogAppender.java:onCompleted(559)) - s0@group-5D788F7A274C->s2-AppendLogResponseHandler: follower responses appendEntries COMPLETED
2024-09-10 06:20:07,056 INFO  server.GrpcServerProtocolService (GrpcServerProtocolService.java:onCompleted(200)) - s8: Completed APPEND_ENTRIES, lastRequest: null
2024-09-10 06:20:07,055 WARN  server.GrpcLogAppender (GrpcLogAppender.java:mayWait(293)) - s0@group-5D788F7A274C->s7-GrpcLogAppender: Wait interrupted by java.lang.InterruptedException
2024-09-10 06:20:07,055 WARN  server.GrpcLogAppender (GrpcLogAppender.java:mayWait(293)) - s0@group-5D788F7A274C->s4-GrpcLogAppender: Wait interrupted by java.lang.InterruptedException
2024-09-10 06:20:07,055 WARN  server.GrpcLogAppender (GrpcLogAppender.java:mayWait(293)) - s0@group-5D788F7A274C->s10-GrpcLogAppender: Wait interrupted by java.lang.InterruptedException
2024-09-10 06:20:07,058 INFO  server.GrpcLogAppender (GrpcLogAppender.java:onCompleted(559)) - s0@group-5D788F7A274C->s3-AppendLogResponseHandler: follower responses appendEntries COMPLETED
2024-09-10 06:20:07,055 INFO  impl.PendingRequests (PendingRequests.java:sendNotLeaderResponses(287)) - s0@group-5D788F7A274C-PendingRequests: sendNotLeaderResponses
2024-09-10 06:20:07,059 INFO  server.GrpcLogAppender (GrpcLogAppender.java:onCompleted(559)) - s0@group-5D788F7A274C->s12-AppendLogResponseHandler: follower responses appendEntries COMPLETED
2024-09-10 06:20:07,059 INFO  server.GrpcServerProtocolService (GrpcServerProtocolService.java:onCompleted(200)) - s10: Completed APPEND_ENTRIES, lastRequest: s0->s10#1720-t1,previous=(t:1, i:251),leaderCommit=251,initializing? false,entries: size=1, first=(t:1, i:252), METADATAENTRY(c:251)
2024-09-10 06:20:07,059 INFO  server.GrpcServerProtocolService (GrpcServerProtocolService.java:lambda$onCompleted$7(202)) - s10: Completed APPEND_ENTRIES, lastReply: null
2024-09-10 06:20:07,059 INFO  server.GrpcLogAppender (GrpcLogAppender.java:onCompleted(559)) - s0@group-5D788F7A274C->s10-AppendLogResponseHandler: follower responses appendEntries COMPLETED
2024-09-10 06:20:07,059 INFO  server.GrpcLogAppender (GrpcLogAppender.java:onCompleted(559)) - s0@group-5D788F7A274C->s13-AppendLogResponseHandler: follower responses appendEntries COMPLETED
2024-09-10 06:20:07,059 INFO  server.GrpcService (GrpcService.java:closeImpl(349)) - s0: shutdown server GrpcServerProtocolService now
2024-09-10 06:20:07,059 INFO  server.RaftServer$Division (RaftServerImpl.java:lambda$close$1(510)) - s0@group-DF8C9DCF2580: shutdown
2024-09-10 06:20:07,055 WARN  server.GrpcLogAppender (GrpcLogAppender.java:mayWait(293)) - s0@group-5D788F7A274C->s6-GrpcLogAppender: Wait interrupted by java.lang.InterruptedException
2024-09-10 06:20:07,060 INFO  server.GrpcServerProtocolService (GrpcServerProtocolService.java:onCompleted(200)) - s10: Completed APPEND_ENTRIES, lastRequest: null
2024-09-10 06:20:07,060 INFO  server.GrpcServerProtocolService (GrpcServerProtocolService.java:onCompleted(200)) - s9: Completed APPEND_ENTRIES, lastRequest: null
2024-09-10 06:20:07,060 INFO  server.GrpcServerProtocolService (GrpcServerProtocolService.java:onCompleted(200)) - s5: Completed APPEND_ENTRIES, lastRequest: s0->s5#1177-t1,previous=(t:1, i:251),leaderCommit=251,initializing? false,entries: size=1, first=(t:1, i:252), METADATAENTRY(c:251)
2024-09-10 06:20:07,060 INFO  server.GrpcServerProtocolService (GrpcServerProtocolService.java:lambda$onCompleted$7(202)) - s5: Completed APPEND_ENTRIES, lastReply: null
2024-09-10 06:20:07,060 INFO  server.GrpcServerProtocolService (GrpcServerProtocolService.java:lambda$onCompleted$7(202)) - s10: Completed APPEND_ENTRIES, lastReply: serverReply {
  requestorId: "s0"
  replyId: "s10"
  raftGroupId {
    id: "tl\'u\000\337A\270\231U]x\217z\'L"
  }
  callId: 421
  success: true
}
term: 1
nextIndex: 121
followerCommit: 120
matchIndex: 18446744073709551615
isHearbeat: true

2024-09-10 06:20:07,055 WARN  server.GrpcLogAppender (GrpcLogAppender.java:mayWait(293)) - s0@group-5D788F7A274C->s1-GrpcLogAppender: Wait interrupted by java.lang.InterruptedException
2024-09-10 06:20:07,060 INFO  server.GrpcLogAppender (GrpcLogAppender.java:onCompleted(559)) - s0@group-5D788F7A274C->s12-AppendLogResponseHandler: follower responses appendEntries COMPLETED
2024-09-10 06:20:07,060 INFO  server.GrpcServerProtocolService (GrpcServerProtocolService.java:lambda$onCompleted$7(202)) - s9: Completed APPEND_ENTRIES, lastReply: serverReply {
  requestorId: "s0"
  replyId: "s9"
  raftGroupId {
    id: "tl\'u\000\337A\270\231U]x\217z\'L"
  }
  success: true
}
followerCommit: 18446744073709551615
matchIndex: 18446744073709551615
isHearbeat: true

2024-09-10 06:20:07,060 INFO  server.GrpcLogAppender (GrpcLogAppender.java:onCompleted(559)) - s0@group-5D788F7A274C->s13-AppendLogResponseHandler: follower responses appendEntries COMPLETED
2024-09-10 06:20:07,060 INFO  server.GrpcServerProtocolService (GrpcServerProtocolService.java:onCompleted(200)) - s4: Completed APPEND_ENTRIES, lastRequest: null
2024-09-10 06:20:07,060 INFO  server.GrpcServerProtocolService (GrpcServerProtocolService.java:onCompleted(200)) - s2: Completed APPEND_ENTRIES, lastRequest: null
2024-09-10 06:20:07,061 INFO  server.GrpcServerProtocolService (GrpcServerProtocolService.java:lambda$onCompleted$7(202)) - s11: Completed APPEND_ENTRIES, lastReply: serverReply {
  requestorId: "s0"
  replyId: "s11"
  raftGroupId {
    id: "tl\'u\000\337A\270\231U]x\217z\'L"
  }
  callId: 3
  success: true
}
term: 1
nextIndex: 122
followerCommit: 120
matchIndex: 18446744073709551615
isHearbeat: true

2024-09-10 06:20:07,061 INFO  server.GrpcServerProtocolService (GrpcServerProtocolService.java:lambda$onCompleted$7(202)) - s2: Completed APPEND_ENTRIES, lastReply: serverReply {
  requestorId: "s0"
  replyId: "s2"
  raftGroupId {
    id: "tl\'u\000\337A\270\231U]x\217z\'L"
  }
  success: true
}
nextIndex: 125
followerCommit: 18446744073709551615
matchIndex: 18446744073709551615
isHearbeat: true

2024-09-10 06:20:07,059 INFO  server.GrpcLogAppender (GrpcLogAppender.java:onCompleted(559)) - s0@group-5D788F7A274C->s11-AppendLogResponseHandler: follower responses appendEntries COMPLETED
2024-09-10 06:20:07,061 INFO  server.GrpcServerProtocolService (GrpcServerProtocolService.java:onCompleted(200)) - s7: Completed APPEND_ENTRIES, lastRequest: null
2024-09-10 06:20:07,061 INFO  server.GrpcServerProtocolService (GrpcServerProtocolService.java:lambda$onCompleted$7(202)) - s7: Completed APPEND_ENTRIES, lastReply: serverReply {
  requestorId: "s0"
  replyId: "s7"
  raftGroupId {
    id: "tl\'u\000\337A\270\231U]x\217z\'L"
  }
  callId: 4
  success: true
}
term: 1
nextIndex: 129
followerCommit: 127
matchIndex: 18446744073709551615
isHearbeat: true

2024-09-10 06:20:07,061 INFO  server.GrpcLogAppender (GrpcLogAppender.java:onCompleted(559)) - s0@group-5D788F7A274C->s10-AppendLogResponseHandler: follower responses appendEntries COMPLETED
2024-09-10 06:20:07,061 INFO  server.GrpcServerProtocolService (GrpcServerProtocolService.java:onCompleted(200)) - s7: Completed APPEND_ENTRIES, lastRequest: s0->s7#895-t1,previous=(t:1, i:251),leaderCommit=251,initializing? false,entries: size=1, first=(t:1, i:252), METADATAENTRY(c:251)
2024-09-10 06:20:07,061 INFO  server.GrpcServerProtocolService (GrpcServerProtocolService.java:lambda$onCompleted$7(202)) - s7: Completed APPEND_ENTRIES, lastReply: null
2024-09-10 06:20:07,059 INFO  server.GrpcServerProtocolService (GrpcServerProtocolService.java:lambda$onCompleted$7(202)) - s8: Completed APPEND_ENTRIES, lastReply: serverReply {
  requestorId: "s0"
  replyId: "s8"
  raftGroupId {
    id: "tl\'u\000\337A\270\231U]x\217z\'L"
  }
  callId: 4
  success: true
}
term: 1
nextIndex: 129
followerCommit: 127
matchIndex: 18446744073709551615
isHearbeat: true

2024-09-10 06:20:07,058 INFO  server.GrpcServerProtocolService (GrpcServerProtocolService.java:onCompleted(200)) - s5: Completed APPEND_ENTRIES, lastRequest: null
2024-09-10 06:20:07,062 INFO  server.GrpcServerProtocolService (GrpcServerProtocolService.java:lambda$onCompleted$7(202)) - s5: Completed APPEND_ENTRIES, lastReply: serverReply {
  requestorId: "s0"
  replyId: "s5"
  raftGroupId {
    id: "tl\'u\000\337A\270\231U]x\217z\'L"
  }
  callId: 4
  success: true
}
term: 1
nextIndex: 129
followerCommit: 127
matchIndex: 18446744073709551615
isHearbeat: true

2024-09-10 06:20:07,062 INFO  server.GrpcLogAppender (GrpcLogAppender.java:onCompleted(559)) - s0@group-5D788F7A274C->s5-AppendLogResponseHandler: follower responses appendEntries COMPLETED
2024-09-10 06:20:07,063 INFO  server.GrpcService (GrpcService.java:closeImpl(349)) - s9: shutdown server GrpcServerProtocolService now
2024-09-10 06:20:07,063 INFO  server.RaftServer$Division (RaftServerImpl.java:lambda$close$1(510)) - s9@group-DF8C9DCF2580: shutdown
2024-09-10 06:20:07,063 INFO  util.JmxRegister (JmxRegister.java:unregister(74)) - Successfully un-registered JMX Bean with object name Ratis:service=RaftServer,group=group-DF8C9DCF2580,id=s9
2024-09-10 06:20:07,063 INFO  impl.StateMachineUpdater (StateMachineUpdater.java:stop(141)) - s9@group-DF8C9DCF2580-StateMachineUpdater: closing ArithmeticStateMachine, lastApplied=(t:0, i:~)
2024-09-10 06:20:07,064 INFO  impl.StateMachineUpdater (StateMachineUpdater.java:stopAndJoin(164)) - s9@group-DF8C9DCF2580-StateMachineUpdater: set stopIndex = -1
2024-09-10 06:20:07,064 INFO  util.AwaitToRun (AwaitToRun.java:run(49)) - s9@group-DF8C9DCF2580-cacheEviction-AwaitToRun-AwaitForSignal is interrupted
2024-09-10 06:20:07,064 INFO  impl.StateMachineUpdater (StateMachineUpdater.java:stopAndJoin(164)) - s13@group-5D788F7A274C-StateMachineUpdater: set stopIndex = 251
2024-09-10 06:20:07,064 INFO  impl.FollowerState (FollowerState.java:run(153)) - s13@group-5D788F7A274C-FollowerState was interrupted
2024-09-10 06:20:07,064 INFO  impl.StateMachineUpdater (StateMachineUpdater.java:stopAndJoin(164)) - s9@group-5D788F7A274C-StateMachineUpdater: set stopIndex = 251
2024-09-10 06:20:07,064 INFO  impl.StateMachineUpdater (StateMachineUpdater.java:stop(141)) - s13@group-5D788F7A274C-StateMachineUpdater: closing ArithmeticStateMachine, lastApplied=(t:1, i:251)
2024-09-10 06:20:07,057 INFO  server.RaftServer$Division (RaftServerImpl.java:lambda$close$1(510)) - s1@group-DF8C9DCF2580: shutdown
2024-09-10 06:20:07,057 INFO  server.GrpcServerProtocolService (GrpcServerProtocolService.java:lambda$onCompleted$7(202)) - s3: Completed APPEND_ENTRIES, lastReply: serverReply {
  requestorId: "s0"
  replyId: "s3"
  raftGroupId {
    id: "tl\'u\000\337A\270\231U]x\217z\'L"
  }
  success: true
}
nextIndex: 125
followerCommit: 18446744073709551615
matchIndex: 18446744073709551615
isHearbeat: true

2024-09-10 06:20:07,057 INFO  server.GrpcServerProtocolService (GrpcServerProtocolService.java:onCompleted(200)) - s14: Completed APPEND_ENTRIES, lastRequest: null
2024-09-10 06:20:07,065 INFO  util.JmxRegister (JmxRegister.java:unregister(74)) - Successfully un-registered JMX Bean with object name Ratis:service=RaftServer,group=group-DF8C9DCF2580,id=s1
2024-09-10 06:20:07,064 INFO  impl.StateMachineUpdater (StateMachineUpdater.java:stop(141)) - s9@group-5D788F7A274C-StateMachineUpdater: closing ArithmeticStateMachine, lastApplied=(t:1, i:251)
2024-09-10 06:20:07,064 INFO  impl.FollowerState (FollowerState.java:run(153)) - s9@group-5D788F7A274C-FollowerState was interrupted
2024-09-10 06:20:07,061 INFO  util.JmxRegister (JmxRegister.java:unregister(74)) - Successfully un-registered JMX Bean with object name Ratis:service=RaftServer,group=group-DF8C9DCF2580,id=s0
2024-09-10 06:20:07,061 INFO  server.GrpcServerProtocolService (GrpcServerProtocolService.java:onCompleted(200)) - s1: Completed APPEND_ENTRIES, lastRequest: null
2024-09-10 06:20:07,067 INFO  server.GrpcServerProtocolService (GrpcServerProtocolService.java:lambda$onCompleted$7(202)) - s1: Completed APPEND_ENTRIES, lastReply: serverReply {
  requestorId: "s0"
  replyId: "s1"
  raftGroupId {
    id: "tl\'u\000\337A\270\231U]x\217z\'L"
  }
  callId: 460
  success: true
}
term: 1
nextIndex: 130
followerCommit: 127
matchIndex: 18446744073709551615
isHearbeat: true

2024-09-10 06:20:07,061 INFO  server.GrpcServerProtocolService (GrpcServerProtocolService.java:lambda$onCompleted$7(202)) - s4: Completed APPEND_ENTRIES, lastReply: serverReply {
  requestorId: "s0"
  replyId: "s4"
  raftGroupId {
    id: "tl\'u\000\337A\270\231U]x\217z\'L"
  }
  success: true
}
nextIndex: 129
matchIndex: 18446744073709551615
isHearbeat: true

2024-09-10 06:20:07,060 INFO  server.GrpcServerProtocolService (GrpcServerProtocolService.java:onCompleted(200)) - s4: Completed APPEND_ENTRIES, lastRequest: s0->s4#1137-t1,previous=(t:1, i:251),leaderCommit=251,initializing? false,entries: size=1, first=(t:1, i:252), METADATAENTRY(c:251)
2024-09-10 06:20:07,067 INFO  server.GrpcServerProtocolService (GrpcServerProtocolService.java:lambda$onCompleted$7(202)) - s14: Completed APPEND_ENTRIES, lastReply: serverReply {
  requestorId: "s0"
  replyId: "s14"
  raftGroupId {
    id: "tl\'u\000\337A\270\231U]x\217z\'L"
  }
  callId: 2
  success: true
}
term: 1
nextIndex: 125
followerCommit: 18446744073709551615
matchIndex: 18446744073709551615
isHearbeat: true

2024-09-10 06:20:07,067 INFO  server.GrpcServerProtocolService (GrpcServerProtocolService.java:lambda$onCompleted$7(202)) - s4: Completed APPEND_ENTRIES, lastReply: null
2024-09-10 06:20:07,070 INFO  server.GrpcService (GrpcService.java:closeImpl(349)) - s7: shutdown server GrpcServerProtocolService now
2024-09-10 06:20:07,070 INFO  server.RaftServer$Division (RaftServerImpl.java:lambda$close$1(510)) - s7@group-DF8C9DCF2580: shutdown
2024-09-10 06:20:07,070 INFO  util.JmxRegister (JmxRegister.java:unregister(74)) - Successfully un-registered JMX Bean with object name Ratis:service=RaftServer,group=group-DF8C9DCF2580,id=s7
2024-09-10 06:20:07,071 INFO  impl.StateMachineUpdater (StateMachineUpdater.java:stop(141)) - s2@group-DF8C9DCF2580-StateMachineUpdater: closing ArithmeticStateMachine, lastApplied=(t:0, i:~)
2024-09-10 06:20:07,073 INFO  impl.StateMachineUpdater (StateMachineUpdater.java:stop(141)) - s7@group-DF8C9DCF2580-StateMachineUpdater: closing ArithmeticStateMachine, lastApplied=(t:0, i:~)
2024-09-10 06:20:07,075 INFO  server.GrpcService (GrpcService.java:closeImpl(349)) - s13: shutdown server GrpcServerProtocolService now
2024-09-10 06:20:07,075 INFO  impl.StateMachineUpdater (StateMachineUpdater.java:stopAndJoin(164)) - s7@group-5D788F7A274C-StateMachineUpdater: set stopIndex = 251
2024-09-10 06:20:07,075 INFO  impl.StateMachineUpdater (StateMachineUpdater.java:stopAndJoin(164)) - s12@group-5D788F7A274C-StateMachineUpdater: set stopIndex = 251
2024-09-10 06:20:07,075 INFO  impl.StateMachineUpdater (StateMachineUpdater.java:stop(141)) - s7@group-5D788F7A274C-StateMachineUpdater: closing ArithmeticStateMachine, lastApplied=(t:1, i:251)
2024-09-10 06:20:07,075 INFO  impl.StateMachineUpdater (StateMachineUpdater.java:stopAndJoin(164)) - s11@group-5D788F7A274C-StateMachineUpdater: set stopIndex = 251
2024-09-10 06:20:07,075 INFO  impl.StateMachineUpdater (StateMachineUpdater.java:stop(141)) - s1@group-DF8C9DCF2580-StateMachineUpdater: closing ArithmeticStateMachine, lastApplied=(t:0, i:~)
2024-09-10 06:20:07,075 INFO  impl.FollowerState (FollowerState.java:run(153)) - s7@group-5D788F7A274C-FollowerState was interrupted
2024-09-10 06:20:07,075 INFO  server.RaftServer$Division (RaftServerImpl.java:lambda$close$1(510)) - s13@group-DF8C9DCF2580: shutdown
2024-09-10 06:20:07,075 INFO  impl.StateMachineUpdater (StateMachineUpdater.java:stop(141)) - s11@group-5D788F7A274C-StateMachineUpdater: closing ArithmeticStateMachine, lastApplied=(t:1, i:251)
2024-09-10 06:20:07,076 INFO  impl.StateMachineUpdater (StateMachineUpdater.java:stopAndJoin(164)) - s10@group-5D788F7A274C-StateMachineUpdater: set stopIndex = 251
2024-09-10 06:20:07,076 INFO  util.JmxRegister (JmxRegister.java:unregister(74)) - Successfully un-registered JMX Bean with object name Ratis:service=RaftServer,group=group-DF8C9DCF2580,id=s13
2024-09-10 06:20:07,075 INFO  impl.StateMachineUpdater (StateMachineUpdater.java:stop(141)) - s12@group-5D788F7A274C-StateMachineUpdater: closing ArithmeticStateMachine, lastApplied=(t:1, i:251)
2024-09-10 06:20:07,075 INFO  impl.FollowerState (FollowerState.java:run(153)) - s11@group-5D788F7A274C-FollowerState was interrupted
2024-09-10 06:20:07,075 INFO  impl.FollowerState (FollowerState.java:run(153)) - s12@group-5D788F7A274C-FollowerState was interrupted
2024-09-10 06:20:07,076 INFO  server.GrpcService (GrpcService.java:closeImpl(349)) - s10: shutdown server GrpcServerProtocolService now
2024-09-10 06:20:07,076 INFO  impl.StateMachineUpdater (StateMachineUpdater.java:stopAndJoin(164)) - s8@group-5D788F7A274C-StateMachineUpdater: set stopIndex = 251
2024-09-10 06:20:07,076 INFO  impl.StateMachineUpdater (StateMachineUpdater.java:stop(141)) - s8@group-5D788F7A274C-StateMachineUpdater: closing ArithmeticStateMachine, lastApplied=(t:1, i:251)
2024-09-10 06:20:07,076 INFO  impl.StateMachineUpdater (StateMachineUpdater.java:stop(141)) - s10@group-5D788F7A274C-StateMachineUpdater: closing ArithmeticStateMachine, lastApplied=(t:1, i:251)
2024-09-10 06:20:07,076 INFO  impl.FollowerState (FollowerState.java:run(153)) - s10@group-5D788F7A274C-FollowerState was interrupted
2024-09-10 06:20:07,075 INFO  server.GrpcService (GrpcService.java:closeImpl(349)) - s12: shutdown server GrpcServerProtocolService now
2024-09-10 06:20:07,076 INFO  impl.FollowerState (FollowerState.java:run(153)) - s8@group-5D788F7A274C-FollowerState was interrupted
2024-09-10 06:20:07,076 INFO  server.GrpcService (GrpcService.java:closeImpl(349)) - s11: shutdown server GrpcServerProtocolService now
2024-09-10 06:20:07,076 INFO  server.RaftServer$Division (RaftServerImpl.java:lambda$close$1(510)) - s11@group-DF8C9DCF2580: shutdown
2024-09-10 06:20:07,076 INFO  server.RaftServer$Division (RaftServerImpl.java:lambda$close$1(510)) - s10@group-DF8C9DCF2580: shutdown
2024-09-10 06:20:07,077 INFO  server.GrpcService (GrpcService.java:closeImpl(349)) - s8: shutdown server GrpcServerProtocolService now
2024-09-10 06:20:07,076 INFO  util.JmxRegister (JmxRegister.java:unregister(74)) - Successfully un-registered JMX Bean with object name Ratis:service=RaftServer,group=group-DF8C9DCF2580,id=s11
2024-09-10 06:20:07,077 INFO  impl.StateMachineUpdater (StateMachineUpdater.java:stop(141)) - s6@group-5D788F7A274C-StateMachineUpdater: closing ArithmeticStateMachine, lastApplied=(t:1, i:251)
2024-09-10 06:20:07,077 INFO  impl.FollowerState (FollowerState.java:run(153)) - s6@group-5D788F7A274C-FollowerState was interrupted
2024-09-10 06:20:07,077 INFO  impl.StateMachineUpdater (StateMachineUpdater.java:stopAndJoin(164)) - s6@group-5D788F7A274C-StateMachineUpdater: set stopIndex = 251
2024-09-10 06:20:07,077 INFO  util.JmxRegister (JmxRegister.java:unregister(74)) - Successfully un-registered JMX Bean with object name Ratis:service=RaftServer,group=group-DF8C9DCF2580,id=s10
2024-09-10 06:20:07,077 INFO  server.RaftServer$Division (RaftServerImpl.java:lambda$close$1(510)) - s8@group-DF8C9DCF2580: shutdown
2024-09-10 06:20:07,077 INFO  util.AwaitToRun (AwaitToRun.java:run(49)) - s3@group-5D788F7A274C-cacheEviction-AwaitToRun-AwaitForSignal is interrupted
2024-09-10 06:20:07,077 INFO  impl.StateMachineUpdater (StateMachineUpdater.java:stopAndJoin(164)) - s5@group-5D788F7A274C-StateMachineUpdater: set stopIndex = 251
2024-09-10 06:20:07,077 INFO  impl.FollowerState (FollowerState.java:run(153)) - s5@group-5D788F7A274C-FollowerState was interrupted
2024-09-10 06:20:07,078 INFO  impl.StateMachineUpdater (StateMachineUpdater.java:stop(141)) - s5@group-5D788F7A274C-StateMachineUpdater: closing ArithmeticStateMachine, lastApplied=(t:1, i:251)
2024-09-10 06:20:07,078 INFO  util.AwaitToRun (AwaitToRun.java:run(49)) - s4@group-5D788F7A274C-cacheEviction-AwaitToRun-AwaitForSignal is interrupted
2024-09-10 06:20:07,078 INFO  server.GrpcService (GrpcService.java:closeImpl(349)) - s5: shutdown server GrpcServerProtocolService now
2024-09-10 06:20:07,078 INFO  server.RaftServer$Division (RaftServerImpl.java:lambda$close$1(510)) - s5@group-DF8C9DCF2580: shutdown
2024-09-10 06:20:07,078 INFO  util.JmxRegister (JmxRegister.java:unregister(74)) - Successfully un-registered JMX Bean with object name Ratis:service=RaftServer,group=group-DF8C9DCF2580,id=s5
2024-09-10 06:20:07,077 INFO  server.GrpcService (GrpcService.java:closeImpl(349)) - s6: shutdown server GrpcServerProtocolService now
2024-09-10 06:20:07,079 INFO  impl.StateMachineUpdater (StateMachineUpdater.java:stopAndJoin(164)) - s10@group-DF8C9DCF2580-StateMachineUpdater: set stopIndex = -1
2024-09-10 06:20:07,079 INFO  util.AwaitToRun (AwaitToRun.java:run(49)) - s6@group-5D788F7A274C-cacheEviction-AwaitToRun-AwaitForSignal is interrupted
2024-09-10 06:20:07,079 INFO  impl.StateMachineUpdater (StateMachineUpdater.java:stop(141)) - s11@group-DF8C9DCF2580-StateMachineUpdater: closing ArithmeticStateMachine, lastApplied=(t:0, i:~)
2024-09-10 06:20:07,079 INFO  util.AwaitToRun (AwaitToRun.java:run(49)) - s10@group-5D788F7A274C-cacheEviction-AwaitToRun-AwaitForSignal is interrupted
2024-09-10 06:20:07,080 INFO  impl.StateMachineUpdater (StateMachineUpdater.java:stopAndJoin(164)) - s13@group-DF8C9DCF2580-StateMachineUpdater: set stopIndex = -1
2024-09-10 06:20:07,080 INFO  impl.StateMachineUpdater (StateMachineUpdater.java:stop(141)) - s13@group-DF8C9DCF2580-StateMachineUpdater: closing ArithmeticStateMachine, lastApplied=(t:0, i:~)
2024-09-10 06:20:07,080 INFO  util.AwaitToRun (AwaitToRun.java:run(49)) - s13@group-DF8C9DCF2580-cacheEviction-AwaitToRun-AwaitForSignal is interrupted
2024-09-10 06:20:07,077 INFO  server.RaftServer$Division (RaftServerImpl.java:lambda$close$1(510)) - s12@group-DF8C9DCF2580: shutdown
2024-09-10 06:20:07,079 INFO  impl.StateMachineUpdater (StateMachineUpdater.java:stopAndJoin(164)) - s11@group-DF8C9DCF2580-StateMachineUpdater: set stopIndex = -1
2024-09-10 06:20:07,079 INFO  impl.StateMachineUpdater (StateMachineUpdater.java:stop(141)) - s10@group-DF8C9DCF2580-StateMachineUpdater: closing ArithmeticStateMachine, lastApplied=(t:0, i:~)
2024-09-10 06:20:07,080 INFO  util.AwaitToRun (AwaitToRun.java:run(49)) - s8@group-5D788F7A274C-cacheEviction-AwaitToRun-AwaitForSignal is interrupted
2024-09-10 06:20:07,081 INFO  util.AwaitToRun (AwaitToRun.java:run(49)) - s12@group-5D788F7A274C-cacheEviction-AwaitToRun-AwaitForSignal is interrupted
2024-09-10 06:20:07,081 INFO  util.AwaitToRun (AwaitToRun.java:run(49)) - s11@group-DF8C9DCF2580-cacheEviction-AwaitToRun-AwaitForSignal is interrupted
2024-09-10 06:20:07,081 INFO  util.AwaitToRun (AwaitToRun.java:run(49)) - s10@group-DF8C9DCF2580-cacheEviction-AwaitToRun-AwaitForSignal is interrupted
2024-09-10 06:20:07,081 INFO  util.AwaitToRun (AwaitToRun.java:run(49)) - s11@group-5D788F7A274C-cacheEviction-AwaitToRun-AwaitForSignal is interrupted
2024-09-10 06:20:07,081 INFO  impl.StateMachineUpdater (StateMachineUpdater.java:stopAndJoin(164)) - s7@group-DF8C9DCF2580-StateMachineUpdater: set stopIndex = -1
2024-09-10 06:20:07,081 INFO  util.AwaitToRun (AwaitToRun.java:run(49)) - s7@group-DF8C9DCF2580-cacheEviction-AwaitToRun-AwaitForSignal is interrupted
2024-09-10 06:20:07,081 INFO  util.AwaitToRun (AwaitToRun.java:run(49)) - s7@group-5D788F7A274C-cacheEviction-AwaitToRun-AwaitForSignal is interrupted
2024-09-10 06:20:07,079 INFO  util.AwaitToRun (AwaitToRun.java:run(49)) - s5@group-5D788F7A274C-cacheEviction-AwaitToRun-AwaitForSignal is interrupted
2024-09-10 06:20:07,082 INFO  impl.StateMachineUpdater (StateMachineUpdater.java:stopAndJoin(164)) - s0@group-DF8C9DCF2580-StateMachineUpdater: set stopIndex = -1
2024-09-10 06:20:07,082 INFO  util.AwaitToRun (AwaitToRun.java:run(49)) - s9@group-5D788F7A274C-cacheEviction-AwaitToRun-AwaitForSignal is interrupted
2024-09-10 06:20:07,082 INFO  impl.StateMachineUpdater (StateMachineUpdater.java:stopAndJoin(164)) - s1@group-DF8C9DCF2580-StateMachineUpdater: set stopIndex = -1
2024-09-10 06:20:07,083 INFO  util.AwaitToRun (AwaitToRun.java:run(49)) - s13@group-5D788F7A274C-cacheEviction-AwaitToRun-AwaitForSignal is interrupted
2024-09-10 06:20:07,084 INFO  server.GrpcLogAppender (GrpcLogAppender.java:onCompleted(559)) - s0@group-5D788F7A274C->s14-AppendLogResponseHandler: follower responses appendEntries COMPLETED
2024-09-10 06:20:07,085 INFO  server.GrpcLogAppender (GrpcLogAppender.java:onCompleted(559)) - s0@group-5D788F7A274C->s8-AppendLogResponseHandler: follower responses appendEntries COMPLETED
2024-09-10 06:20:07,085 INFO  server.GrpcLogAppender (GrpcLogAppender.java:onCompleted(559)) - s0@group-5D788F7A274C->s11-AppendLogResponseHandler: follower responses appendEntries COMPLETED
2024-09-10 06:20:07,085 INFO  server.GrpcServerProtocolService (GrpcServerProtocolService.java:onCompleted(200)) - s6: Completed APPEND_ENTRIES, lastRequest: null
2024-09-10 06:20:07,085 INFO  server.GrpcServerProtocolService (GrpcServerProtocolService.java:lambda$onCompleted$7(202)) - s6: Completed APPEND_ENTRIES, lastReply: serverReply {
  requestorId: "s0"
  replyId: "s6"
  raftGroupId {
    id: "tl\'u\000\337A\270\231U]x\217z\'L"
  }
  callId: 4
  success: true
}
term: 1
nextIndex: 129
followerCommit: 18446744073709551615
matchIndex: 18446744073709551615
isHearbeat: true

2024-09-10 06:20:07,085 INFO  server.GrpcLogAppender (GrpcLogAppender.java:onCompleted(559)) - s0@group-5D788F7A274C->s4-AppendLogResponseHandler: follower responses appendEntries COMPLETED
2024-09-10 06:20:07,086 INFO  server.GrpcServerProtocolService (GrpcServerProtocolService.java:onCompleted(200)) - s6: Completed APPEND_ENTRIES, lastRequest: s0->s6#1184-t1,previous=(t:1, i:251),leaderCommit=251,initializing? false,entries: size=1, first=(t:1, i:252), METADATAENTRY(c:251)
2024-09-10 06:20:07,086 INFO  server.GrpcServerProtocolService (GrpcServerProtocolService.java:lambda$onCompleted$7(202)) - s6: Completed APPEND_ENTRIES, lastReply: null
2024-09-10 06:20:07,086 INFO  server.GrpcServerProtocolService (GrpcServerProtocolService.java:onCompleted(200)) - s1: Completed APPEND_ENTRIES, lastRequest: s0->s1#1495-t1,previous=(t:1, i:251),leaderCommit=251,initializing? false,entries: size=1, first=(t:1, i:252), METADATAENTRY(c:251)
2024-09-10 06:20:07,086 INFO  server.GrpcServerProtocolService (GrpcServerProtocolService.java:lambda$onCompleted$7(202)) - s1: Completed APPEND_ENTRIES, lastReply: null
2024-09-10 06:20:07,078 INFO  impl.StateMachineUpdater (StateMachineUpdater.java:stopAndJoin(164)) - s5@group-DF8C9DCF2580-StateMachineUpdater: set stopIndex = -1
2024-09-10 06:20:07,078 INFO  impl.StateMachineUpdater (StateMachineUpdater.java:stop(141)) - s5@group-DF8C9DCF2580-StateMachineUpdater: closing ArithmeticStateMachine, lastApplied=(t:0, i:~)
2024-09-10 06:20:07,077 INFO  util.JmxRegister (JmxRegister.java:unregister(74)) - Successfully un-registered JMX Bean with object name Ratis:service=RaftServer,group=group-DF8C9DCF2580,id=s8
2024-09-10 06:20:07,087 INFO  server.GrpcLogAppender (GrpcLogAppender.java:onCompleted(559)) - s0@group-5D788F7A274C->s1-AppendLogResponseHandler: follower responses appendEntries COMPLETED
2024-09-10 06:20:07,086 INFO  server.GrpcLogAppender (GrpcLogAppender.java:onCompleted(559)) - s0@group-5D788F7A274C->s6-AppendLogResponseHandler: follower responses appendEntries COMPLETED
2024-09-10 06:20:07,083 INFO  util.AwaitToRun (AwaitToRun.java:run(49)) - s1@group-DF8C9DCF2580-cacheEviction-AwaitToRun-AwaitForSignal is interrupted
2024-09-10 06:20:07,082 INFO  impl.StateMachineUpdater (StateMachineUpdater.java:stop(141)) - s0@group-DF8C9DCF2580-StateMachineUpdater: closing ArithmeticStateMachine, lastApplied=(t:0, i:~)
2024-09-10 06:20:07,081 INFO  util.JmxRegister (JmxRegister.java:unregister(74)) - Successfully un-registered JMX Bean with object name Ratis:service=RaftServer,group=group-DF8C9DCF2580,id=s12
2024-09-10 06:20:07,087 INFO  server.RaftServer$Division (RaftServerImpl.java:lambda$close$1(510)) - s6@group-DF8C9DCF2580: shutdown
2024-09-10 06:20:07,087 INFO  util.JmxRegister (JmxRegister.java:unregister(74)) - Successfully un-registered JMX Bean with object name Ratis:service=RaftServer,group=group-DF8C9DCF2580,id=s6
2024-09-10 06:20:07,088 INFO  impl.StateMachineUpdater (StateMachineUpdater.java:stop(141)) - s8@group-DF8C9DCF2580-StateMachineUpdater: closing ArithmeticStateMachine, lastApplied=(t:0, i:~)
2024-09-10 06:20:07,091 INFO  server.GrpcLogAppender (GrpcLogAppender.java:onCompleted(559)) - s0@group-5D788F7A274C->s7-AppendLogResponseHandler: follower responses appendEntries COMPLETED
2024-09-10 06:20:07,091 INFO  server.GrpcService (GrpcService.java:closeImpl(349)) - s14: shutdown server GrpcServerProtocolService now
2024-09-10 06:20:07,091 INFO  server.RaftServer$Division (RaftServerImpl.java:lambda$close$1(510)) - s14@group-DF8C9DCF2580: shutdown
2024-09-10 06:20:07,091 INFO  util.JmxRegister (JmxRegister.java:unregister(74)) - Successfully un-registered JMX Bean with object name Ratis:service=RaftServer,group=group-DF8C9DCF2580,id=s14
2024-09-10 06:20:07,092 INFO  util.AwaitToRun (AwaitToRun.java:run(49)) - s1@group-5D788F7A274C-cacheEviction-AwaitToRun-AwaitForSignal is interrupted
2024-09-10 06:20:07,092 INFO  impl.StateMachineUpdater (StateMachineUpdater.java:stop(141)) - s14@group-DF8C9DCF2580-StateMachineUpdater: closing ArithmeticStateMachine, lastApplied=(t:0, i:~)
2024-09-10 06:20:07,092 INFO  impl.StateMachineUpdater (StateMachineUpdater.java:stopAndJoin(164)) - s14@group-DF8C9DCF2580-StateMachineUpdater: set stopIndex = -1
2024-09-10 06:20:07,092 INFO  util.AwaitToRun (AwaitToRun.java:run(49)) - s14@group-DF8C9DCF2580-cacheEviction-AwaitToRun-AwaitForSignal is interrupted
2024-09-10 06:20:07,094 INFO  impl.StateMachineUpdater (StateMachineUpdater.java:stopAndJoin(164)) - s4@group-DF8C9DCF2580-StateMachineUpdater: set stopIndex = -1
2024-09-10 06:20:07,094 INFO  util.AwaitToRun (AwaitToRun.java:run(49)) - s14@group-5D788F7A274C-cacheEviction-AwaitToRun-AwaitForSignal is interrupted
2024-09-10 06:20:07,094 INFO  impl.StateMachineUpdater (StateMachineUpdater.java:stop(141)) - s4@group-DF8C9DCF2580-StateMachineUpdater: closing ArithmeticStateMachine, lastApplied=(t:0, i:~)
2024-09-10 06:20:07,094 INFO  util.AwaitToRun (AwaitToRun.java:run(49)) - s4@group-DF8C9DCF2580-cacheEviction-AwaitToRun-AwaitForSignal is interrupted
2024-09-10 06:20:07,095 INFO  impl.StateMachineUpdater (StateMachineUpdater.java:stopAndJoin(164)) - s2@group-DF8C9DCF2580-StateMachineUpdater: set stopIndex = -1
2024-09-10 06:20:07,095 INFO  util.AwaitToRun (AwaitToRun.java:run(49)) - s2@group-5D788F7A274C-cacheEviction-AwaitToRun-AwaitForSignal is interrupted
2024-09-10 06:20:07,095 INFO  server.GrpcLogAppender (GrpcLogAppender.java:onCompleted(559)) - s0@group-5D788F7A274C->s9-AppendLogResponseHandler: follower responses appendEntries COMPLETED
2024-09-10 06:20:07,095 INFO  util.AwaitToRun (AwaitToRun.java:run(49)) - s2@group-DF8C9DCF2580-cacheEviction-AwaitToRun-AwaitForSignal is interrupted
2024-09-10 06:20:07,103 INFO  server.GrpcLogAppender (GrpcLogAppender.java:onCompleted(559)) - s0@group-5D788F7A274C->s8-AppendLogResponseHandler: follower responses appendEntries COMPLETED
2024-09-10 06:20:07,103 INFO  server.GrpcLogAppender (GrpcLogAppender.java:onCompleted(559)) - s0@group-5D788F7A274C->s14-AppendLogResponseHandler: follower responses appendEntries COMPLETED
2024-09-10 06:20:07,103 INFO  server.GrpcLogAppender (GrpcLogAppender.java:onCompleted(559)) - s0@group-5D788F7A274C->s5-AppendLogResponseHandler: follower responses appendEntries COMPLETED
2024-09-10 06:20:07,103 INFO  server.GrpcLogAppender (GrpcLogAppender.java:onCompleted(559)) - s0@group-5D788F7A274C->s9-AppendLogResponseHandler: follower responses appendEntries COMPLETED
2024-09-10 06:20:07,103 INFO  server.GrpcLogAppender (GrpcLogAppender.java:onCompleted(559)) - s0@group-5D788F7A274C->s4-AppendLogResponseHandler: follower responses appendEntries COMPLETED
2024-09-10 06:20:07,103 INFO  server.GrpcLogAppender (GrpcLogAppender.java:onCompleted(559)) - s0@group-5D788F7A274C->s1-AppendLogResponseHandler: follower responses appendEntries COMPLETED
2024-09-10 06:20:07,103 INFO  server.GrpcLogAppender (GrpcLogAppender.java:onCompleted(559)) - s0@group-5D788F7A274C->s2-AppendLogResponseHandler: follower responses appendEntries COMPLETED
2024-09-10 06:20:07,103 INFO  server.GrpcLogAppender (GrpcLogAppender.java:onCompleted(559)) - s0@group-5D788F7A274C->s6-AppendLogResponseHandler: follower responses appendEntries COMPLETED
2024-09-10 06:20:07,103 INFO  server.GrpcLogAppender (GrpcLogAppender.java:onCompleted(559)) - s0@group-5D788F7A274C->s3-AppendLogResponseHandler: follower responses appendEntries COMPLETED
2024-09-10 06:20:07,111 INFO  server.GrpcLogAppender (GrpcLogAppender.java:onCompleted(559)) - s0@group-5D788F7A274C->s7-AppendLogResponseHandler: follower responses appendEntries COMPLETED
2024-09-10 06:20:07,112 INFO  server.GrpcServerProtocolClient (GrpcServerProtocolClient.java:close(105)) - s3 Close channels
2024-09-10 06:20:07,127 INFO  server.GrpcLogAppender (GrpcLogAppender.java:onError(546)) - s9@group-6D3E3F15100A->s8-GrpcLogAppender is already stopped
2024-09-10 06:20:07,127 INFO  server.GrpcLogAppender (GrpcLogAppender.java:onError(546)) - s6@group-7DC22DB0A052->s5-GrpcLogAppender is already stopped
2024-09-10 06:20:07,132 INFO  impl.StateMachineUpdater (StateMachineUpdater.java:stop(141)) - s12@group-DF8C9DCF2580-StateMachineUpdater: closing ArithmeticStateMachine, lastApplied=(t:0, i:~)
2024-09-10 06:20:07,132 INFO  impl.StateMachineUpdater (StateMachineUpdater.java:stopAndJoin(164)) - s6@group-DF8C9DCF2580-StateMachineUpdater: set stopIndex = -1
2024-09-10 06:20:07,132 INFO  impl.StateMachineUpdater (StateMachineUpdater.java:stop(141)) - s6@group-DF8C9DCF2580-StateMachineUpdater: closing ArithmeticStateMachine, lastApplied=(t:0, i:~)
2024-09-10 06:20:07,132 INFO  util.AwaitToRun (AwaitToRun.java:run(49)) - s0@group-DF8C9DCF2580-cacheEviction-AwaitToRun-AwaitForSignal is interrupted
2024-09-10 06:20:07,132 INFO  util.AwaitToRun (AwaitToRun.java:run(49)) - s5@group-DF8C9DCF2580-cacheEviction-AwaitToRun-AwaitForSignal is interrupted
2024-09-10 06:20:07,132 INFO  impl.StateMachineUpdater (StateMachineUpdater.java:stopAndJoin(164)) - s12@group-DF8C9DCF2580-StateMachineUpdater: set stopIndex = -1
2024-09-10 06:20:07,132 INFO  impl.StateMachineUpdater (StateMachineUpdater.java:stopAndJoin(164)) - s8@group-DF8C9DCF2580-StateMachineUpdater: set stopIndex = -1
2024-09-10 06:20:07,133 INFO  util.AwaitToRun (AwaitToRun.java:run(49)) - s12@group-DF8C9DCF2580-cacheEviction-AwaitToRun-AwaitForSignal is interrupted
2024-09-10 06:20:07,133 INFO  util.AwaitToRun (AwaitToRun.java:run(49)) - s8@group-DF8C9DCF2580-cacheEviction-AwaitToRun-AwaitForSignal is interrupted
2024-09-10 06:20:07,143 INFO  server.GrpcServerProtocolClient (GrpcServerProtocolClient.java:close(105)) - s14 Close channels
2024-09-10 06:20:07,148 WARN  server.GrpcServerProtocolService (LogUtils.java:warn(121)) - s11: APPEND_ENTRIES onError, lastRequest: null: org.apache.ratis.thirdparty.io.grpc.StatusRuntimeException: CANCELLED: client cancelled
2024-09-10 06:20:07,149 WARN  server.GrpcServerProtocolService (LogUtils.java:warn(121)) - s11: APPEND_ENTRIES onError, lastRequest: null: org.apache.ratis.thirdparty.io.grpc.StatusRuntimeException: CANCELLED: client cancelled
2024-09-10 06:20:07,149 INFO  server.GrpcLogAppender (GrpcLogAppender.java:onError(546)) - s14@group-05D5B636F8BE->s3-GrpcLogAppender is already stopped
2024-09-10 06:20:07,148 WARN  server.GrpcServerProtocolService (LogUtils.java:warn(121)) - s11: APPEND_ENTRIES onError, lastRequest: null: org.apache.ratis.thirdparty.io.grpc.StatusRuntimeException: CANCELLED: client cancelled
2024-09-10 06:20:07,148 WARN  server.GrpcServerProtocolService (LogUtils.java:warn(121)) - s11: APPEND_ENTRIES onError, lastRequest: null: org.apache.ratis.thirdparty.io.grpc.StatusRuntimeException: CANCELLED: client cancelled
2024-09-10 06:20:07,148 WARN  server.GrpcServerProtocolService (LogUtils.java:warn(121)) - s11: APPEND_ENTRIES onError, lastRequest: null: org.apache.ratis.thirdparty.io.grpc.StatusRuntimeException: CANCELLED: client cancelled
2024-09-10 06:20:07,149 WARN  server.GrpcServerProtocolService (LogUtils.java:warn(121)) - s11: APPEND_ENTRIES onError, lastRequest: null: org.apache.ratis.thirdparty.io.grpc.StatusRuntimeException: CANCELLED: client cancelled
2024-09-10 06:20:07,149 WARN  server.GrpcServerProtocolService (LogUtils.java:warn(121)) - s11: APPEND_ENTRIES onError, lastRequest: null: org.apache.ratis.thirdparty.io.grpc.StatusRuntimeException: CANCELLED: client cancelled
2024-09-10 06:20:07,150 INFO  server.GrpcLogAppender (GrpcLogAppender.java:onError(546)) - s6@group-7DC22DB0A052->s4-GrpcLogAppender is already stopped
2024-09-10 06:20:07,150 WARN  server.GrpcServerProtocolService (LogUtils.java:warn(121)) - s11: APPEND_ENTRIES onError, lastRequest: null: org.apache.ratis.thirdparty.io.grpc.StatusRuntimeException: CANCELLED: client cancelled
2024-09-10 06:20:07,150 WARN  server.GrpcServerProtocolService (LogUtils.java:warn(121)) - s11: APPEND_ENTRIES onError, lastRequest: null: org.apache.ratis.thirdparty.io.grpc.StatusRuntimeException: CANCELLED: client cancelled
2024-09-10 06:20:07,150 WARN  server.GrpcServerProtocolService (LogUtils.java:warn(121)) - s11: APPEND_ENTRIES onError, lastRequest: null: org.apache.ratis.thirdparty.io.grpc.StatusRuntimeException: CANCELLED: client cancelled
2024-09-10 06:20:07,150 WARN  server.GrpcServerProtocolService (LogUtils.java:warn(121)) - s11: APPEND_ENTRIES onError, lastRequest: null: org.apache.ratis.thirdparty.io.grpc.StatusRuntimeException: CANCELLED: client cancelled
2024-09-10 06:20:07,150 WARN  server.GrpcServerProtocolService (LogUtils.java:warn(121)) - s11: APPEND_ENTRIES onError, lastRequest: null: org.apache.ratis.thirdparty.io.grpc.StatusRuntimeException: CANCELLED: client cancelled
2024-09-10 06:20:07,151 WARN  server.GrpcServerProtocolService (LogUtils.java:warn(121)) - s11: APPEND_ENTRIES onError, lastRequest: null: org.apache.ratis.thirdparty.io.grpc.StatusRuntimeException: CANCELLED: client cancelled
2024-09-10 06:20:07,161 INFO  server.GrpcServerProtocolClient (GrpcServerProtocolClient.java:close(105)) - s11 Close channels
2024-09-10 06:20:07,161 INFO  server.GrpcServerProtocolClient (GrpcServerProtocolClient.java:close(105)) - s12 Close channels
2024-09-10 06:20:07,168 INFO  server.GrpcServerProtocolClient (GrpcServerProtocolClient.java:close(105)) - s13 Close channels
2024-09-10 06:20:07,169 INFO  server.GrpcServerProtocolClient (GrpcServerProtocolClient.java:close(105)) - s12 Close channels
2024-09-10 06:20:07,170 INFO  server.GrpcServerProtocolClient (GrpcServerProtocolClient.java:close(105)) - s7 Close channels
2024-09-10 06:20:07,170 INFO  server.GrpcServerProtocolClient (GrpcServerProtocolClient.java:close(105)) - s8 Close channels
2024-09-10 06:20:07,179 INFO  server.GrpcServerProtocolClient (GrpcServerProtocolClient.java:close(105)) - s3 Close channels
2024-09-10 06:20:07,183 INFO  server.GrpcServerProtocolClient (GrpcServerProtocolClient.java:close(105)) - s4 Close channels
2024-09-10 06:20:07,187 INFO  server.GrpcServerProtocolClient (GrpcServerProtocolClient.java:close(105)) - s5 Close channels
2024-09-10 06:20:07,187 INFO  server.GrpcServerProtocolClient (GrpcServerProtocolClient.java:close(105)) - s6 Close channels
2024-09-10 06:20:07,191 INFO  server.GrpcServerProtocolClient (GrpcServerProtocolClient.java:close(105)) - s7 Close channels
2024-09-10 06:20:07,191 INFO  server.GrpcServerProtocolClient (GrpcServerProtocolClient.java:close(105)) - s8 Close channels
2024-09-10 06:20:07,199 INFO  server.GrpcServerProtocolClient (GrpcServerProtocolClient.java:close(105)) - s9 Close channels
2024-09-10 06:20:07,199 INFO  server.GrpcServerProtocolClient (GrpcServerProtocolClient.java:close(105)) - s11 Close channels
2024-09-10 06:20:07,199 INFO  server.GrpcServerProtocolClient (GrpcServerProtocolClient.java:close(105)) - s10 Close channels
2024-09-10 06:20:07,209 INFO  server.GrpcServerProtocolClient (GrpcServerProtocolClient.java:close(105)) - s13 Close channels
2024-09-10 06:20:07,209 INFO  server.GrpcServerProtocolClient (GrpcServerProtocolClient.java:close(105)) - s12 Close channels
2024-09-10 06:20:07,210 INFO  server.GrpcServerProtocolClient (GrpcServerProtocolClient.java:close(105)) - s14 Close channels
2024-09-10 06:20:07,215 INFO  server.GrpcServerProtocolClient (GrpcServerProtocolClient.java:close(105)) - s1 Close channels
2024-09-10 06:20:07,216 INFO  server.GrpcServerProtocolClient (GrpcServerProtocolClient.java:close(105)) - s2 Close channels
2024-09-10 06:20:07,217 INFO  server.GrpcServerProtocolClient (GrpcServerProtocolClient.java:close(105)) - s10 Close channels
2024-09-10 06:20:07,218 INFO  server.GrpcServerProtocolClient (GrpcServerProtocolClient.java:close(105)) - s0 Close channels
2024-09-10 06:20:07,221 INFO  server.GrpcServerProtocolClient (GrpcServerProtocolClient.java:close(105)) - s3 Close channels
2024-09-10 06:20:07,222 INFO  server.GrpcServerProtocolClient (GrpcServerProtocolClient.java:close(105)) - s2 Close channels
2024-09-10 06:20:07,222 INFO  server.GrpcServerProtocolClient (GrpcServerProtocolClient.java:close(105)) - s4 Close channels
2024-09-10 06:20:07,222 INFO  server.GrpcServerProtocolClient (GrpcServerProtocolClient.java:close(105)) - s5 Close channels
2024-09-10 06:20:07,227 INFO  impl.StateMachineUpdater (StateMachineUpdater.java:stopAndJoin(164)) - s0@group-5D788F7A274C-StateMachineUpdater: set stopIndex = 252
2024-09-10 06:20:07,227 INFO  impl.StateMachineUpdater (StateMachineUpdater.java:stop(141)) - s0@group-5D788F7A274C-StateMachineUpdater: closing ArithmeticStateMachine, lastApplied=(t:1, i:252)
2024-09-10 06:20:07,228 INFO  server.GrpcService (GrpcService.java:closeImpl(358)) - s6: shutdown server GrpcServerProtocolService successfully
2024-09-10 06:20:07,229 INFO  server.GrpcService (GrpcService.java:closeImpl(358)) - s5: shutdown server GrpcServerProtocolService successfully
2024-09-10 06:20:07,229 INFO  server.GrpcService (GrpcService.java:closeImpl(358)) - s4: shutdown server GrpcServerProtocolService successfully
2024-09-10 06:20:07,236 INFO  server.GrpcService (GrpcService.java:closeImpl(358)) - s3: shutdown server GrpcServerProtocolService successfully
2024-09-10 06:20:07,244 INFO  server.GrpcService (GrpcService.java:closeImpl(358)) - s7: shutdown server GrpcServerProtocolService successfully
2024-09-10 06:20:07,244 INFO  server.GrpcService (GrpcService.java:closeImpl(358)) - s8: shutdown server GrpcServerProtocolService successfully
2024-09-10 06:20:07,248 INFO  server.GrpcServerProtocolClient (GrpcServerProtocolClient.java:close(105)) - s11 Close channels
2024-09-10 06:20:07,248 INFO  server.GrpcServerProtocolClient (GrpcServerProtocolClient.java:close(105)) - s13 Close channels
2024-09-10 06:20:07,251 WARN  server.GrpcServerProtocolService (LogUtils.java:warn(121)) - s11: APPEND_ENTRIES onError, lastRequest: null: org.apache.ratis.thirdparty.io.grpc.StatusRuntimeException: CANCELLED: client cancelled
2024-09-10 06:20:07,251 WARN  server.GrpcServerProtocolService (LogUtils.java:warn(121)) - s11: APPEND_ENTRIES onError, lastRequest: null: org.apache.ratis.thirdparty.io.grpc.StatusRuntimeException: CANCELLED: client cancelled
2024-09-10 06:20:07,251 WARN  server.GrpcServerProtocolService (LogUtils.java:warn(121)) - s11: APPEND_ENTRIES onError, lastRequest: null: org.apache.ratis.thirdparty.io.grpc.StatusRuntimeException: CANCELLED: client cancelled
2024-09-10 06:20:07,251 WARN  server.GrpcServerProtocolService (LogUtils.java:warn(121)) - s11: APPEND_ENTRIES onError, lastRequest: null: org.apache.ratis.thirdparty.io.grpc.StatusRuntimeException: CANCELLED: client cancelled
2024-09-10 06:20:07,251 WARN  server.GrpcServerProtocolService (LogUtils.java:warn(121)) - s11: APPEND_ENTRIES onError, lastRequest: null: org.apache.ratis.thirdparty.io.grpc.StatusRuntimeException: CANCELLED: client cancelled
2024-09-10 06:20:07,252 WARN  server.GrpcServerProtocolService (LogUtils.java:warn(121)) - s11: APPEND_ENTRIES onError, lastRequest: null: org.apache.ratis.thirdparty.io.grpc.StatusRuntimeException: CANCELLED: client cancelled
2024-09-10 06:20:07,251 WARN  server.GrpcServerProtocolService (LogUtils.java:warn(121)) - s11: APPEND_ENTRIES onError, lastRequest: null: org.apache.ratis.thirdparty.io.grpc.StatusRuntimeException: CANCELLED: client cancelled
2024-09-10 06:20:07,252 WARN  server.GrpcServerProtocolService (LogUtils.java:warn(121)) - s11: APPEND_ENTRIES onError, lastRequest: null: org.apache.ratis.thirdparty.io.grpc.StatusRuntimeException: CANCELLED: client cancelled
2024-09-10 06:20:07,252 WARN  server.GrpcServerProtocolService (LogUtils.java:warn(121)) - s11: APPEND_ENTRIES onError, lastRequest: null: org.apache.ratis.thirdparty.io.grpc.StatusRuntimeException: CANCELLED: client cancelled
2024-09-10 06:20:07,251 WARN  server.GrpcServerProtocolService (LogUtils.java:warn(121)) - s11: APPEND_ENTRIES onError, lastRequest: null: org.apache.ratis.thirdparty.io.grpc.StatusRuntimeException: CANCELLED: client cancelled
2024-09-10 06:20:07,252 INFO  util.AwaitToRun (AwaitToRun.java:run(49)) - s6@group-DF8C9DCF2580-cacheEviction-AwaitToRun-AwaitForSignal is interrupted
2024-09-10 06:20:07,252 WARN  server.GrpcServerProtocolService (LogUtils.java:warn(121)) - s11: APPEND_ENTRIES onError, lastRequest: null: org.apache.ratis.thirdparty.io.grpc.StatusRuntimeException: CANCELLED: client cancelled
2024-09-10 06:20:07,252 WARN  server.GrpcServerProtocolService (LogUtils.java:warn(121)) - s11: APPEND_ENTRIES onError, lastRequest: null: org.apache.ratis.thirdparty.io.grpc.StatusRuntimeException: CANCELLED: client cancelled
2024-09-10 06:20:07,253 WARN  server.GrpcServerProtocolService (LogUtils.java:warn(121)) - s11: APPEND_ENTRIES onError, lastRequest: null: org.apache.ratis.thirdparty.io.grpc.StatusRuntimeException: CANCELLED: client cancelled
2024-09-10 06:20:07,253 WARN  server.GrpcServerProtocolService (LogUtils.java:warn(121)) - s11: APPEND_ENTRIES onError, lastRequest: null: org.apache.ratis.thirdparty.io.grpc.StatusRuntimeException: CANCELLED: client cancelled
2024-09-10 06:20:07,253 WARN  server.GrpcServerProtocolService (LogUtils.java:warn(121)) - s11: APPEND_ENTRIES onError, lastRequest: null: org.apache.ratis.thirdparty.io.grpc.StatusRuntimeException: CANCELLED: client cancelled
2024-09-10 06:20:07,254 WARN  server.GrpcServerProtocolService (LogUtils.java:warn(121)) - s11: APPEND_ENTRIES onError, lastRequest: null: org.apache.ratis.thirdparty.io.grpc.StatusRuntimeException: CANCELLED: client cancelled
2024-09-10 06:20:07,254 WARN  server.GrpcServerProtocolService (LogUtils.java:warn(121)) - s11: APPEND_ENTRIES onError, lastRequest: null: org.apache.ratis.thirdparty.io.grpc.StatusRuntimeException: CANCELLED: client cancelled
2024-09-10 06:20:07,254 WARN  server.GrpcServerProtocolService (LogUtils.java:warn(121)) - s11: APPEND_ENTRIES onError, lastRequest: null: org.apache.ratis.thirdparty.io.grpc.StatusRuntimeException: CANCELLED: client cancelled
2024-09-10 06:20:07,254 WARN  server.GrpcServerProtocolService (LogUtils.java:warn(121)) - s11: APPEND_ENTRIES onError, lastRequest: null: org.apache.ratis.thirdparty.io.grpc.StatusRuntimeException: CANCELLED: client cancelled
2024-09-10 06:20:07,254 WARN  server.GrpcServerProtocolService (LogUtils.java:warn(121)) - s11: APPEND_ENTRIES onError, lastRequest: null: org.apache.ratis.thirdparty.io.grpc.StatusRuntimeException: CANCELLED: client cancelled
2024-09-10 06:20:07,254 WARN  server.GrpcServerProtocolService (LogUtils.java:warn(121)) - s11: APPEND_ENTRIES onError, lastRequest: null: org.apache.ratis.thirdparty.io.grpc.StatusRuntimeException: CANCELLED: client cancelled
2024-09-10 06:20:07,254 WARN  server.GrpcServerProtocolService (LogUtils.java:warn(121)) - s11: APPEND_ENTRIES onError, lastRequest: null: org.apache.ratis.thirdparty.io.grpc.StatusRuntimeException: CANCELLED: client cancelled
2024-09-10 06:20:07,255 WARN  server.GrpcServerProtocolService (LogUtils.java:warn(121)) - s11: APPEND_ENTRIES onError, lastRequest: null: org.apache.ratis.thirdparty.io.grpc.StatusRuntimeException: CANCELLED: client cancelled
2024-09-10 06:20:07,255 WARN  server.GrpcServerProtocolService (LogUtils.java:warn(121)) - s11: APPEND_ENTRIES onError, lastRequest: null: org.apache.ratis.thirdparty.io.grpc.StatusRuntimeException: CANCELLED: client cancelled
2024-09-10 06:20:07,255 WARN  server.GrpcServerProtocolService (LogUtils.java:warn(121)) - s11: APPEND_ENTRIES onError, lastRequest: null: org.apache.ratis.thirdparty.io.grpc.StatusRuntimeException: CANCELLED: client cancelled
2024-09-10 06:20:07,255 INFO  server.GrpcLogAppender (GrpcLogAppender.java:onError(546)) - s13@group-0052E07B9BEC->s11-GrpcLogAppender is already stopped
2024-09-10 06:20:07,256 INFO  server.GrpcLogAppender (GrpcLogAppender.java:onError(546)) - s13@group-0052E07B9BEC->s11-GrpcLogAppender is already stopped
2024-09-10 06:20:07,256 INFO  server.GrpcLogAppender (GrpcLogAppender.java:onError(546)) - s13@group-0052E07B9BEC->s11-GrpcLogAppender is already stopped
2024-09-10 06:20:07,256 INFO  server.GrpcLogAppender (GrpcLogAppender.java:onError(546)) - s13@group-0052E07B9BEC->s11-GrpcLogAppender is already stopped
2024-09-10 06:20:07,256 INFO  server.GrpcLogAppender (GrpcLogAppender.java:onError(546)) - s13@group-0052E07B9BEC->s11-GrpcLogAppender is already stopped
2024-09-10 06:20:07,256 INFO  server.GrpcLogAppender (GrpcLogAppender.java:onError(546)) - s13@group-0052E07B9BEC->s11-GrpcLogAppender is already stopped
2024-09-10 06:20:07,256 INFO  server.GrpcLogAppender (GrpcLogAppender.java:onError(546)) - s13@group-0052E07B9BEC->s11-GrpcLogAppender is already stopped
2024-09-10 06:20:07,256 INFO  server.GrpcLogAppender (GrpcLogAppender.java:onError(546)) - s13@group-0052E07B9BEC->s11-GrpcLogAppender is already stopped
2024-09-10 06:20:07,256 INFO  server.GrpcLogAppender (GrpcLogAppender.java:onError(546)) - s13@group-0052E07B9BEC->s11-GrpcLogAppender is already stopped
2024-09-10 06:20:07,256 INFO  server.GrpcLogAppender (GrpcLogAppender.java:onError(546)) - s13@group-0052E07B9BEC->s11-GrpcLogAppender is already stopped
2024-09-10 06:20:07,256 INFO  server.GrpcLogAppender (GrpcLogAppender.java:onError(546)) - s13@group-0052E07B9BEC->s11-GrpcLogAppender is already stopped
2024-09-10 06:20:07,256 INFO  server.GrpcLogAppender (GrpcLogAppender.java:onError(546)) - s13@group-0052E07B9BEC->s11-GrpcLogAppender is already stopped
2024-09-10 06:20:07,256 INFO  server.GrpcLogAppender (GrpcLogAppender.java:onError(546)) - s13@group-0052E07B9BEC->s11-GrpcLogAppender is already stopped
2024-09-10 06:20:07,256 INFO  server.GrpcLogAppender (GrpcLogAppender.java:onError(546)) - s13@group-0052E07B9BEC->s11-GrpcLogAppender is already stopped
2024-09-10 06:20:07,257 INFO  server.GrpcLogAppender (GrpcLogAppender.java:onError(546)) - s13@group-0052E07B9BEC->s11-GrpcLogAppender is already stopped
2024-09-10 06:20:07,257 INFO  server.GrpcLogAppender (GrpcLogAppender.java:onError(546)) - s13@group-0052E07B9BEC->s11-GrpcLogAppender is already stopped
2024-09-10 06:20:07,257 INFO  server.GrpcLogAppender (GrpcLogAppender.java:onError(546)) - s13@group-0052E07B9BEC->s11-GrpcLogAppender is already stopped
2024-09-10 06:20:07,257 INFO  server.GrpcLogAppender (GrpcLogAppender.java:onError(546)) - s13@group-0052E07B9BEC->s11-GrpcLogAppender is already stopped
2024-09-10 06:20:07,257 INFO  server.GrpcLogAppender (GrpcLogAppender.java:onError(546)) - s13@group-0052E07B9BEC->s11-GrpcLogAppender is already stopped
2024-09-10 06:20:07,257 INFO  server.GrpcLogAppender (GrpcLogAppender.java:onError(546)) - s13@group-0052E07B9BEC->s11-GrpcLogAppender is already stopped
2024-09-10 06:20:07,257 INFO  server.GrpcLogAppender (GrpcLogAppender.java:onError(546)) - s13@group-0052E07B9BEC->s11-GrpcLogAppender is already stopped
2024-09-10 06:20:07,257 INFO  server.GrpcLogAppender (GrpcLogAppender.java:onError(546)) - s13@group-0052E07B9BEC->s11-GrpcLogAppender is already stopped
2024-09-10 06:20:07,257 INFO  server.GrpcLogAppender (GrpcLogAppender.java:onError(546)) - s13@group-0052E07B9BEC->s11-GrpcLogAppender is already stopped
2024-09-10 06:20:07,257 INFO  server.GrpcLogAppender (GrpcLogAppender.java:onError(546)) - s13@group-0052E07B9BEC->s11-GrpcLogAppender is already stopped
2024-09-10 06:20:07,257 INFO  server.GrpcService (GrpcService.java:closeImpl(358)) - s10: shutdown server GrpcServerProtocolService successfully
2024-09-10 06:20:07,258 INFO  server.GrpcLogAppender (GrpcLogAppender.java:onError(546)) - s13@group-0052E07B9BEC->s11-GrpcLogAppender is already stopped
2024-09-10 06:20:07,258 INFO  server.GrpcLogAppender (GrpcLogAppender.java:onError(546)) - s13@group-0052E07B9BEC->s11-GrpcLogAppender is already stopped
2024-09-10 06:20:07,259 INFO  server.GrpcLogAppender (GrpcLogAppender.java:onError(546)) - s13@group-0052E07B9BEC->s11-GrpcLogAppender is already stopped
2024-09-10 06:20:07,259 INFO  server.GrpcLogAppender (GrpcLogAppender.java:onError(546)) - s13@group-0052E07B9BEC->s11-GrpcLogAppender is already stopped
2024-09-10 06:20:07,256 INFO  server.GrpcLogAppender (GrpcLogAppender.java:onError(546)) - s13@group-0052E07B9BEC->s11-GrpcLogAppender is already stopped
2024-09-10 06:20:07,256 INFO  server.GrpcLogAppender (GrpcLogAppender.java:onError(546)) - s13@group-0052E07B9BEC->s11-GrpcLogAppender is already stopped
2024-09-10 06:20:07,256 INFO  server.GrpcLogAppender (GrpcLogAppender.java:onError(546)) - s13@group-0052E07B9BEC->s11-GrpcLogAppender is already stopped
2024-09-10 06:20:07,256 INFO  server.GrpcLogAppender (GrpcLogAppender.java:onError(546)) - s13@group-0052E07B9BEC->s11-GrpcLogAppender is already stopped
2024-09-10 06:20:07,256 INFO  server.GrpcLogAppender (GrpcLogAppender.java:onError(546)) - s13@group-0052E07B9BEC->s11-GrpcLogAppender is already stopped
2024-09-10 06:20:07,256 INFO  server.GrpcLogAppender (GrpcLogAppender.java:onError(546)) - s13@group-0052E07B9BEC->s11-GrpcLogAppender is already stopped
2024-09-10 06:20:07,257 INFO  server.GrpcLogAppender (GrpcLogAppender.java:onError(546)) - s13@group-0052E07B9BEC->s11-GrpcLogAppender is already stopped
2024-09-10 06:20:07,257 INFO  server.GrpcLogAppender (GrpcLogAppender.java:onError(546)) - s13@group-0052E07B9BEC->s11-GrpcLogAppender is already stopped
2024-09-10 06:20:07,257 INFO  server.GrpcLogAppender (GrpcLogAppender.java:onError(546)) - s13@group-0052E07B9BEC->s11-GrpcLogAppender is already stopped
2024-09-10 06:20:07,257 INFO  server.GrpcLogAppender (GrpcLogAppender.java:onError(546)) - s13@group-0052E07B9BEC->s11-GrpcLogAppender is already stopped
2024-09-10 06:20:07,260 INFO  server.GrpcLogAppender (GrpcLogAppender.java:onError(546)) - s13@group-0052E07B9BEC->s11-GrpcLogAppender is already stopped
2024-09-10 06:20:07,260 INFO  util.AwaitToRun (AwaitToRun.java:run(49)) - s0@group-5D788F7A274C-cacheEviction-AwaitToRun-AwaitForSignal is interrupted
2024-09-10 06:20:07,264 INFO  server.GrpcService (GrpcService.java:closeImpl(358)) - s2: shutdown server GrpcServerProtocolService successfully
2024-09-10 06:20:07,264 INFO  server.GrpcService (GrpcService.java:closeImpl(358)) - s11: shutdown server GrpcServerProtocolService successfully
2024-09-10 06:20:07,265 INFO  server.GrpcService (GrpcService.java:closeImpl(358)) - s12: shutdown server GrpcServerProtocolService successfully
2024-09-10 06:20:07,265 INFO  server.GrpcService (GrpcService.java:closeImpl(358)) - s1: shutdown server GrpcServerProtocolService successfully
2024-09-10 06:20:07,265 INFO  server.GrpcService (GrpcService.java:closeImpl(358)) - s13: shutdown server GrpcServerProtocolService successfully
2024-09-10 06:20:07,267 INFO  server.GrpcLogAppender (GrpcLogAppender.java:onError(546)) - s9@group-6D3E3F15100A->s7-GrpcLogAppender is already stopped
2024-09-10 06:20:07,267 INFO  server.GrpcService (GrpcService.java:closeImpl(358)) - s14: shutdown server GrpcServerProtocolService successfully
2024-09-10 06:20:07,267 INFO  server.GrpcService (GrpcService.java:closeImpl(358)) - s0: shutdown server GrpcServerProtocolService successfully
2024-09-10 06:20:07,267 INFO  server.GrpcService (GrpcService.java:closeImpl(358)) - s9: shutdown server GrpcServerProtocolService successfully
2024-09-10 06:20:07,754 INFO  segmented.SegmentedRaftLogWorker (SegmentedRaftLogWorker.java:close(251)) - s3@group-DF8C9DCF2580-SegmentedRaftLogWorker close()
2024-09-10 06:20:07,816 INFO  segmented.SegmentedRaftLogWorker (SegmentedRaftLogWorker.java:close(251)) - s4@group-DF8C9DCF2580-SegmentedRaftLogWorker close()
2024-09-10 06:20:07,825 INFO  segmented.SegmentedRaftLogWorker (SegmentedRaftLogWorker.java:close(251)) - s5@group-DF8C9DCF2580-SegmentedRaftLogWorker close()
2024-09-10 06:20:07,836 INFO  segmented.SegmentedRaftLogWorker (SegmentedRaftLogWorker.java:close(251)) - s6@group-DF8C9DCF2580-SegmentedRaftLogWorker close()
2024-09-10 06:20:07,853 INFO  segmented.SegmentedRaftLogWorker (SegmentedRaftLogWorker.java:close(251)) - s7@group-DF8C9DCF2580-SegmentedRaftLogWorker close()
2024-09-10 06:20:07,864 INFO  segmented.SegmentedRaftLogWorker (SegmentedRaftLogWorker.java:close(251)) - s8@group-DF8C9DCF2580-SegmentedRaftLogWorker close()
2024-09-10 06:20:07,876 INFO  segmented.SegmentedRaftLogWorker (SegmentedRaftLogWorker.java:close(251)) - s9@group-DF8C9DCF2580-SegmentedRaftLogWorker close()
2024-09-10 06:20:07,882 INFO  segmented.SegmentedRaftLogWorker (SegmentedRaftLogWorker.java:close(251)) - s11@group-DF8C9DCF2580-SegmentedRaftLogWorker close()
2024-09-10 06:20:07,892 INFO  segmented.SegmentedRaftLogWorker (SegmentedRaftLogWorker.java:close(251)) - s10@group-DF8C9DCF2580-SegmentedRaftLogWorker close()
2024-09-10 06:20:07,903 INFO  segmented.SegmentedRaftLogWorker (SegmentedRaftLogWorker.java:close(251)) - s13@group-DF8C9DCF2580-SegmentedRaftLogWorker close()
2024-09-10 06:20:07,915 INFO  segmented.SegmentedRaftLogWorker (SegmentedRaftLogWorker.java:close(251)) - s12@group-DF8C9DCF2580-SegmentedRaftLogWorker close()
2024-09-10 06:20:07,923 INFO  segmented.SegmentedRaftLogWorker (SegmentedRaftLogWorker.java:close(251)) - s14@group-DF8C9DCF2580-SegmentedRaftLogWorker close()
2024-09-10 06:20:07,930 INFO  segmented.SegmentedRaftLogWorker (SegmentedRaftLogWorker.java:close(251)) - s0@group-DF8C9DCF2580-SegmentedRaftLogWorker close()
2024-09-10 06:20:07,945 INFO  segmented.SegmentedRaftLogWorker (SegmentedRaftLogWorker.java:close(251)) - s1@group-DF8C9DCF2580-SegmentedRaftLogWorker close()
2024-09-10 06:20:07,954 INFO  segmented.SegmentedRaftLogWorker (SegmentedRaftLogWorker.java:close(251)) - s2@group-DF8C9DCF2580-SegmentedRaftLogWorker close()
2024-09-10 06:20:08,022 INFO  segmented.SegmentedRaftLogWorker (SegmentedRaftLogWorker.java:close(251)) - s0@group-5D788F7A274C-SegmentedRaftLogWorker close()
2024-09-10 06:20:08,023 INFO  segmented.SegmentedRaftLogWorker (SegmentedRaftLogWorker.java:close(251)) - s7@group-5D788F7A274C-SegmentedRaftLogWorker close()
2024-09-10 06:20:08,024 INFO  segmented.SegmentedRaftLogWorker (SegmentedRaftLogWorker.java:close(251)) - s13@group-5D788F7A274C-SegmentedRaftLogWorker close()
2024-09-10 06:20:08,025 INFO  segmented.SegmentedRaftLogWorker (SegmentedRaftLogWorker.java:close(251)) - s14@group-5D788F7A274C-SegmentedRaftLogWorker close()
2024-09-10 06:20:08,025 INFO  segmented.SegmentedRaftLogWorker (SegmentedRaftLogWorker.java:close(251)) - s6@group-5D788F7A274C-SegmentedRaftLogWorker close()
2024-09-10 06:20:08,025 INFO  segmented.SegmentedRaftLogWorker (SegmentedRaftLogWorker.java:close(251)) - s5@group-5D788F7A274C-SegmentedRaftLogWorker close()
2024-09-10 06:20:08,026 INFO  util.JvmPauseMonitor (JvmPauseMonitor.java:run(152)) - JvmPauseMonitor-s14: Stopped
2024-09-10 06:20:08,026 INFO  util.JvmPauseMonitor (JvmPauseMonitor.java:run(152)) - JvmPauseMonitor-s13: Stopped
2024-09-10 06:20:08,026 INFO  util.JvmPauseMonitor (JvmPauseMonitor.java:run(152)) - JvmPauseMonitor-s7: Stopped
2024-09-10 06:20:08,027 INFO  segmented.SegmentedRaftLogWorker (SegmentedRaftLogWorker.java:close(251)) - s11@group-5D788F7A274C-SegmentedRaftLogWorker close()
2024-09-10 06:20:08,027 INFO  util.JvmPauseMonitor (JvmPauseMonitor.java:run(152)) - JvmPauseMonitor-s0: Stopped
2024-09-10 06:20:08,028 INFO  segmented.SegmentedRaftLogWorker (SegmentedRaftLogWorker.java:close(251)) - s1@group-5D788F7A274C-SegmentedRaftLogWorker close()
2024-09-10 06:20:08,028 INFO  segmented.SegmentedRaftLogWorker (SegmentedRaftLogWorker.java:close(251)) - s3@group-5D788F7A274C-SegmentedRaftLogWorker close()
2024-09-10 06:20:08,028 INFO  segmented.SegmentedRaftLogWorker (SegmentedRaftLogWorker.java:close(251)) - s10@group-5D788F7A274C-SegmentedRaftLogWorker close()
2024-09-10 06:20:08,029 INFO  segmented.SegmentedRaftLogWorker (SegmentedRaftLogWorker.java:close(251)) - s2@group-5D788F7A274C-SegmentedRaftLogWorker close()
2024-09-10 06:20:08,031 INFO  segmented.SegmentedRaftLogWorker (SegmentedRaftLogWorker.java:close(251)) - s9@group-5D788F7A274C-SegmentedRaftLogWorker close()
2024-09-10 06:20:08,032 INFO  segmented.SegmentedRaftLogWorker (SegmentedRaftLogWorker.java:close(251)) - s12@group-5D788F7A274C-SegmentedRaftLogWorker close()
2024-09-10 06:20:08,032 INFO  segmented.SegmentedRaftLogWorker (SegmentedRaftLogWorker.java:close(251)) - s4@group-5D788F7A274C-SegmentedRaftLogWorker close()
2024-09-10 06:20:08,032 INFO  segmented.SegmentedRaftLogWorker (SegmentedRaftLogWorker.java:close(251)) - s8@group-5D788F7A274C-SegmentedRaftLogWorker close()
2024-09-10 06:20:08,033 INFO  util.JvmPauseMonitor (JvmPauseMonitor.java:run(152)) - JvmPauseMonitor-s6: Stopped
2024-09-10 06:20:08,033 INFO  util.JvmPauseMonitor (JvmPauseMonitor.java:run(152)) - JvmPauseMonitor-s5: Stopped
2024-09-10 06:20:08,037 INFO  util.JvmPauseMonitor (JvmPauseMonitor.java:run(152)) - JvmPauseMonitor-s11: Stopped
2024-09-10 06:20:08,039 INFO  util.JvmPauseMonitor (JvmPauseMonitor.java:run(152)) - JvmPauseMonitor-s1: Stopped
2024-09-10 06:20:08,041 INFO  util.JvmPauseMonitor (JvmPauseMonitor.java:run(152)) - JvmPauseMonitor-s3: Stopped
2024-09-10 06:20:08,041 INFO  util.JvmPauseMonitor (JvmPauseMonitor.java:run(152)) - JvmPauseMonitor-s2: Stopped
2024-09-10 06:20:08,042 INFO  util.JvmPauseMonitor (JvmPauseMonitor.java:run(152)) - JvmPauseMonitor-s9: Stopped
2024-09-10 06:20:08,043 INFO  util.JvmPauseMonitor (JvmPauseMonitor.java:run(152)) - JvmPauseMonitor-s4: Stopped
2024-09-10 06:20:08,044 INFO  util.JvmPauseMonitor (JvmPauseMonitor.java:run(152)) - JvmPauseMonitor-s8: Stopped
2024-09-10 06:20:08,044 INFO  util.JvmPauseMonitor (JvmPauseMonitor.java:run(152)) - JvmPauseMonitor-s12: Stopped
2024-09-10 06:20:08,045 INFO  util.JvmPauseMonitor (JvmPauseMonitor.java:run(152)) - JvmPauseMonitor-s10: Stopped
2024-09-10 06:20:08,045 INFO  impl.MiniRaftCluster (MiniRaftCluster.java:shutdown(861)) - MiniRaftClusterWithGrpc shutdown completed
2024-09-10 06:20:08,045 INFO  ratis.RaftTestUtil (RaftTestUtil.java:gc(593)) - gc 0
2024-09-10 06:20:08,269 INFO  impl.MiniRaftCluster (MiniRaftClusterWithGrpc.java:lambda$null$2(99)) - Checking s3-group-5D788F7A274C
2024-09-10 06:20:08,274 INFO  impl.MiniRaftCluster (MiniRaftCluster.java:shutdown(837)) - ************************************************************** 
2024-09-10 06:20:08,274 INFO  impl.MiniRaftCluster (MiniRaftCluster.java:shutdown(838)) - *** 
2024-09-10 06:20:08,274 INFO  impl.MiniRaftCluster (MiniRaftCluster.java:shutdown(839)) - ***     Stopping MiniRaftClusterWithGrpc
2024-09-10 06:20:08,275 INFO  impl.MiniRaftCluster (MiniRaftCluster.java:shutdown(840)) - *** 
2024-09-10 06:20:08,275 INFO  impl.MiniRaftCluster (MiniRaftCluster.java:shutdown(841)) - ************************************************************** 
2024-09-10 06:20:08,279 INFO  impl.MiniRaftCluster (MiniRaftCluster.java:shutdown(842)) - printing ALL groups
  s3:   CLOSED [
   FOLLOWER s3@group-5D788F7A274C:t1, leader=s0, voted=null, raftlog=Memoized:s3@group-5D788F7A274C-SegmentedRaftLog:CLOSED:c251, conf=conf: {index: 131, cur=peers:[s3|0.0.0.0:15003, s4|0.0.0.0:15004, s5|0.0.0.0:15005, s6|0.0.0.0:15006, s7|0.0.0.0:15007, s8|0.0.0.0:15008, s9|0.0.0.0:15009, s11|0.0.0.0:15011, s10|0.0.0.0:15010, s13|0.0.0.0:15013, s12|0.0.0.0:15012, s14|0.0.0.0:15014, s0|0.0.0.0:15000, s1|0.0.0.0:15001, s2|0.0.0.0:15002]|listeners:[], old=null} CLOSED
   FOLLOWER s3@group-DF8C9DCF2580:t0, leader=null, voted=, raftlog=Memoized:s3@group-DF8C9DCF2580-SegmentedRaftLog:CLOSED:c-1, conf=conf: {index: -1, cur=peers:[]|listeners:[], old=null} CLOSED] size=2
  s4:   CLOSED [
   FOLLOWER s4@group-5D788F7A274C:t1, leader=s0, voted=null, raftlog=Memoized:s4@group-5D788F7A274C-SegmentedRaftLog:CLOSED:c251, conf=conf: {index: 131, cur=peers:[s3|0.0.0.0:15003, s4|0.0.0.0:15004, s5|0.0.0.0:15005, s6|0.0.0.0:15006, s7|0.0.0.0:15007, s8|0.0.0.0:15008, s9|0.0.0.0:15009, s11|0.0.0.0:15011, s10|0.0.0.0:15010, s13|0.0.0.0:15013, s12|0.0.0.0:15012, s14|0.0.0.0:15014, s0|0.0.0.0:15000, s1|0.0.0.0:15001, s2|0.0.0.0:15002]|listeners:[], old=null} CLOSED
   FOLLOWER s4@group-DF8C9DCF2580:t0, leader=null, voted=, raftlog=Memoized:s4@group-DF8C9DCF2580-SegmentedRaftLog:CLOSED:c-1, conf=conf: {index: -1, cur=peers:[]|listeners:[], old=null} CLOSED] size=2
  s5:   CLOSED [
   FOLLOWER s5@group-5D788F7A274C:t1, leader=s0, voted=null, raftlog=Memoized:s5@group-5D788F7A274C-SegmentedRaftLog:CLOSED:c251, conf=conf: {index: 131, cur=peers:[s3|0.0.0.0:15003, s4|0.0.0.0:15004, s5|0.0.0.0:15005, s6|0.0.0.0:15006, s7|0.0.0.0:15007, s8|0.0.0.0:15008, s9|0.0.0.0:15009, s11|0.0.0.0:15011, s10|0.0.0.0:15010, s13|0.0.0.0:15013, s12|0.0.0.0:15012, s14|0.0.0.0:15014, s0|0.0.0.0:15000, s1|0.0.0.0:15001, s2|0.0.0.0:15002]|listeners:[], old=null} CLOSED
   FOLLOWER s5@group-DF8C9DCF2580:t0, leader=null, voted=, raftlog=Memoized:s5@group-DF8C9DCF2580-SegmentedRaftLog:CLOSED:c-1, conf=conf: {index: -1, cur=peers:[]|listeners:[], old=null} CLOSED] size=2
  s6:   CLOSED [
   FOLLOWER s6@group-5D788F7A274C:t1, leader=s0, voted=null, raftlog=Memoized:s6@group-5D788F7A274C-SegmentedRaftLog:CLOSED:c251, conf=conf: {index: 131, cur=peers:[s3|0.0.0.0:15003, s4|0.0.0.0:15004, s5|0.0.0.0:15005, s6|0.0.0.0:15006, s7|0.0.0.0:15007, s8|0.0.0.0:15008, s9|0.0.0.0:15009, s11|0.0.0.0:15011, s10|0.0.0.0:15010, s13|0.0.0.0:15013, s12|0.0.0.0:15012, s14|0.0.0.0:15014, s0|0.0.0.0:15000, s1|0.0.0.0:15001, s2|0.0.0.0:15002]|listeners:[], old=null} CLOSED
   FOLLOWER s6@group-DF8C9DCF2580:t0, leader=null, voted=, raftlog=Memoized:s6@group-DF8C9DCF2580-SegmentedRaftLog:CLOSED:c-1, conf=conf: {index: -1, cur=peers:[]|listeners:[], old=null} CLOSED] size=2
  s7:   CLOSED [
   FOLLOWER s7@group-5D788F7A274C:t1, leader=s0, voted=null, raftlog=Memoized:s7@group-5D788F7A274C-SegmentedRaftLog:CLOSED:c251, conf=conf: {index: 131, cur=peers:[s3|0.0.0.0:15003, s4|0.0.0.0:15004, s5|0.0.0.0:15005, s6|0.0.0.0:15006, s7|0.0.0.0:15007, s8|0.0.0.0:15008, s9|0.0.0.0:15009, s11|0.0.0.0:15011, s10|0.0.0.0:15010, s13|0.0.0.0:15013, s12|0.0.0.0:15012, s14|0.0.0.0:15014, s0|0.0.0.0:15000, s1|0.0.0.0:15001, s2|0.0.0.0:15002]|listeners:[], old=null} CLOSED
   FOLLOWER s7@group-DF8C9DCF2580:t0, leader=null, voted=, raftlog=Memoized:s7@group-DF8C9DCF2580-SegmentedRaftLog:CLOSED:c-1, conf=conf: {index: -1, cur=peers:[]|listeners:[], old=null} CLOSED] size=2
  s8:   CLOSED [
   FOLLOWER s8@group-5D788F7A274C:t1, leader=s0, voted=null, raftlog=Memoized:s8@group-5D788F7A274C-SegmentedRaftLog:CLOSED:c251, conf=conf: {index: 131, cur=peers:[s3|0.0.0.0:15003, s4|0.0.0.0:15004, s5|0.0.0.0:15005, s6|0.0.0.0:15006, s7|0.0.0.0:15007, s8|0.0.0.0:15008, s9|0.0.0.0:15009, s11|0.0.0.0:15011, s10|0.0.0.0:15010, s13|0.0.0.0:15013, s12|0.0.0.0:15012, s14|0.0.0.0:15014, s0|0.0.0.0:15000, s1|0.0.0.0:15001, s2|0.0.0.0:15002]|listeners:[], old=null} CLOSED
   FOLLOWER s8@group-DF8C9DCF2580:t0, leader=null, voted=, raftlog=Memoized:s8@group-DF8C9DCF2580-SegmentedRaftLog:CLOSED:c-1, conf=conf: {index: -1, cur=peers:[]|listeners:[], old=null} CLOSED] size=2
  s9:   CLOSED [
   FOLLOWER s9@group-5D788F7A274C:t1, leader=s0, voted=null, raftlog=Memoized:s9@group-5D788F7A274C-SegmentedRaftLog:CLOSED:c251, conf=conf: {index: 131, cur=peers:[s3|0.0.0.0:15003, s4|0.0.0.0:15004, s5|0.0.0.0:15005, s6|0.0.0.0:15006, s7|0.0.0.0:15007, s8|0.0.0.0:15008, s9|0.0.0.0:15009, s11|0.0.0.0:15011, s10|0.0.0.0:15010, s13|0.0.0.0:15013, s12|0.0.0.0:15012, s14|0.0.0.0:15014, s0|0.0.0.0:15000, s1|0.0.0.0:15001, s2|0.0.0.0:15002]|listeners:[], old=null} CLOSED
   FOLLOWER s9@group-DF8C9DCF2580:t0, leader=null, voted=, raftlog=Memoized:s9@group-DF8C9DCF2580-SegmentedRaftLog:CLOSED:c-1, conf=conf: {index: -1, cur=peers:[]|listeners:[], old=null} CLOSED] size=2
  s11:   CLOSED [
   FOLLOWER s11@group-5D788F7A274C:t1, leader=s0, voted=null, raftlog=Memoized:s11@group-5D788F7A274C-SegmentedRaftLog:CLOSED:c251, conf=conf: {index: 131, cur=peers:[s3|0.0.0.0:15003, s4|0.0.0.0:15004, s5|0.0.0.0:15005, s6|0.0.0.0:15006, s7|0.0.0.0:15007, s8|0.0.0.0:15008, s9|0.0.0.0:15009, s11|0.0.0.0:15011, s10|0.0.0.0:15010, s13|0.0.0.0:15013, s12|0.0.0.0:15012, s14|0.0.0.0:15014, s0|0.0.0.0:15000, s1|0.0.0.0:15001, s2|0.0.0.0:15002]|listeners:[], old=null} CLOSED
   FOLLOWER s11@group-DF8C9DCF2580:t0, leader=null, voted=, raftlog=Memoized:s11@group-DF8C9DCF2580-SegmentedRaftLog:CLOSED:c-1, conf=conf: {index: -1, cur=peers:[]|listeners:[], old=null} CLOSED] size=2
  s10:   CLOSED [
   FOLLOWER s10@group-5D788F7A274C:t1, leader=s0, voted=s0, raftlog=Memoized:s10@group-5D788F7A274C-SegmentedRaftLog:CLOSED:c251, conf=conf: {index: 131, cur=peers:[s3|0.0.0.0:15003, s4|0.0.0.0:15004, s5|0.0.0.0:15005, s6|0.0.0.0:15006, s7|0.0.0.0:15007, s8|0.0.0.0:15008, s9|0.0.0.0:15009, s11|0.0.0.0:15011, s10|0.0.0.0:15010, s13|0.0.0.0:15013, s12|0.0.0.0:15012, s14|0.0.0.0:15014, s0|0.0.0.0:15000, s1|0.0.0.0:15001, s2|0.0.0.0:15002]|listeners:[], old=null} CLOSED
   FOLLOWER s10@group-DF8C9DCF2580:t0, leader=null, voted=, raftlog=Memoized:s10@group-DF8C9DCF2580-SegmentedRaftLog:CLOSED:c-1, conf=conf: {index: -1, cur=peers:[]|listeners:[], old=null} CLOSED] size=2
  s13:   CLOSED [
   FOLLOWER s13@group-5D788F7A274C:t1, leader=s0, voted=null, raftlog=Memoized:s13@group-5D788F7A274C-SegmentedRaftLog:CLOSED:c251, conf=conf: {index: 131, cur=peers:[s3|0.0.0.0:15003, s4|0.0.0.0:15004, s5|0.0.0.0:15005, s6|0.0.0.0:15006, s7|0.0.0.0:15007, s8|0.0.0.0:15008, s9|0.0.0.0:15009, s11|0.0.0.0:15011, s10|0.0.0.0:15010, s13|0.0.0.0:15013, s12|0.0.0.0:15012, s14|0.0.0.0:15014, s0|0.0.0.0:15000, s1|0.0.0.0:15001, s2|0.0.0.0:15002]|listeners:[], old=null} CLOSED
   FOLLOWER s13@group-DF8C9DCF2580:t0, leader=null, voted=, raftlog=Memoized:s13@group-DF8C9DCF2580-SegmentedRaftLog:CLOSED:c-1, conf=conf: {index: -1, cur=peers:[]|listeners:[], old=null} CLOSED] size=2
  s12:   CLOSED [
   FOLLOWER s12@group-5D788F7A274C:t1, leader=s0, voted=null, raftlog=Memoized:s12@group-5D788F7A274C-SegmentedRaftLog:CLOSED:c251, conf=conf: {index: 131, cur=peers:[s3|0.0.0.0:15003, s4|0.0.0.0:15004, s5|0.0.0.0:15005, s6|0.0.0.0:15006, s7|0.0.0.0:15007, s8|0.0.0.0:15008, s9|0.0.0.0:15009, s11|0.0.0.0:15011, s10|0.0.0.0:15010, s13|0.0.0.0:15013, s12|0.0.0.0:15012, s14|0.0.0.0:15014, s0|0.0.0.0:15000, s1|0.0.0.0:15001, s2|0.0.0.0:15002]|listeners:[], old=null} CLOSED
   FOLLOWER s12@group-DF8C9DCF2580:t0, leader=null, voted=, raftlog=Memoized:s12@group-DF8C9DCF2580-SegmentedRaftLog:CLOSED:c-1, conf=conf: {index: -1, cur=peers:[]|listeners:[], old=null} CLOSED] size=2
  s14:   CLOSED [
   FOLLOWER s14@group-5D788F7A274C:t1, leader=s0, voted=null, raftlog=Memoized:s14@group-5D788F7A274C-SegmentedRaftLog:CLOSED:c251, conf=conf: {index: 131, cur=peers:[s3|0.0.0.0:15003, s4|0.0.0.0:15004, s5|0.0.0.0:15005, s6|0.0.0.0:15006, s7|0.0.0.0:15007, s8|0.0.0.0:15008, s9|0.0.0.0:15009, s11|0.0.0.0:15011, s10|0.0.0.0:15010, s13|0.0.0.0:15013, s12|0.0.0.0:15012, s14|0.0.0.0:15014, s0|0.0.0.0:15000, s1|0.0.0.0:15001, s2|0.0.0.0:15002]|listeners:[], old=null} CLOSED
   FOLLOWER s14@group-DF8C9DCF2580:t0, leader=null, voted=, raftlog=Memoized:s14@group-DF8C9DCF2580-SegmentedRaftLog:CLOSED:c-1, conf=conf: {index: -1, cur=peers:[]|listeners:[], old=null} CLOSED] size=2
  s0:   CLOSED [
     LEADER s0@group-5D788F7A274C:t1, leader=s0, voted=s0, raftlog=Memoized:s0@group-5D788F7A274C-SegmentedRaftLog:CLOSED:c252, conf=conf: {index: 131, cur=peers:[s3|0.0.0.0:15003, s4|0.0.0.0:15004, s5|0.0.0.0:15005, s6|0.0.0.0:15006, s7|0.0.0.0:15007, s8|0.0.0.0:15008, s9|0.0.0.0:15009, s11|0.0.0.0:15011, s10|0.0.0.0:15010, s13|0.0.0.0:15013, s12|0.0.0.0:15012, s14|0.0.0.0:15014, s0|0.0.0.0:15000, s1|0.0.0.0:15001, s2|0.0.0.0:15002]|listeners:[], old=null} CLOSED
   FOLLOWER s0@group-DF8C9DCF2580:t0, leader=null, voted=, raftlog=Memoized:s0@group-DF8C9DCF2580-SegmentedRaftLog:CLOSED:c-1, conf=conf: {index: -1, cur=peers:[]|listeners:[], old=null} CLOSED] size=2
  s1:   CLOSED [
   FOLLOWER s1@group-5D788F7A274C:t1, leader=s0, voted=s1, raftlog=Memoized:s1@group-5D788F7A274C-SegmentedRaftLog:CLOSED:c251, conf=conf: {index: 131, cur=peers:[s3|0.0.0.0:15003, s4|0.0.0.0:15004, s5|0.0.0.0:15005, s6|0.0.0.0:15006, s7|0.0.0.0:15007, s8|0.0.0.0:15008, s9|0.0.0.0:15009, s11|0.0.0.0:15011, s10|0.0.0.0:15010, s13|0.0.0.0:15013, s12|0.0.0.0:15012, s14|0.0.0.0:15014, s0|0.0.0.0:15000, s1|0.0.0.0:15001, s2|0.0.0.0:15002]|listeners:[], old=null} CLOSED
   FOLLOWER s1@group-DF8C9DCF2580:t0, leader=null, voted=, raftlog=Memoized:s1@group-DF8C9DCF2580-SegmentedRaftLog:CLOSED:c-1, conf=conf: {index: -1, cur=peers:[]|listeners:[], old=null} CLOSED] size=2
  s2:   CLOSED [
   FOLLOWER s2@group-5D788F7A274C:t1, leader=s0, voted=null, raftlog=Memoized:s2@group-5D788F7A274C-SegmentedRaftLog:CLOSED:c251, conf=conf: {index: 131, cur=peers:[s3|0.0.0.0:15003, s4|0.0.0.0:15004, s5|0.0.0.0:15005, s6|0.0.0.0:15006, s7|0.0.0.0:15007, s8|0.0.0.0:15008, s9|0.0.0.0:15009, s11|0.0.0.0:15011, s10|0.0.0.0:15010, s13|0.0.0.0:15013, s12|0.0.0.0:15012, s14|0.0.0.0:15014, s0|0.0.0.0:15000, s1|0.0.0.0:15001, s2|0.0.0.0:15002]|listeners:[], old=null} CLOSED
   FOLLOWER s2@group-DF8C9DCF2580:t0, leader=null, voted=, raftlog=Memoized:s2@group-DF8C9DCF2580-SegmentedRaftLog:CLOSED:c-1, conf=conf: {index: -1, cur=peers:[]|listeners:[], old=null} CLOSED] size=2
2024-09-10 06:20:08,282 INFO  impl.MiniRaftCluster (MiniRaftCluster.java:shutdown(861)) - MiniRaftClusterWithGrpc shutdown completed
2024-09-10 06:20:08,282 INFO  ratis.RaftTestUtil (RaftTestUtil.java:gc(593)) - gc 0
2024-09-10 06:20:08,475 INFO  impl.MiniRaftCluster (MiniRaftClusterWithGrpc.java:lambda$null$2(99)) - Checking s3-group-5D788F7A274C
]]></system-out>
  </testcase>
  <testcase name="testMultiRaftGroup(MiniRaftCluster)[3]" classname="org.apache.ratis.TestMultiRaftGroup" time="19.702"/>
</testsuite>