<?xml version="1.0" encoding="UTF-8"?>
<testsuite xmlns:xsi="http://www.w3.org/2001/XMLSchema-instance" xsi:noNamespaceSchemaLocation="https://maven.apache.org/surefire/maven-surefire-plugin/xsd/surefire-test-report.xsd" name="org.apache.ratis.grpc.TestLeaderInstallSnapshot" time="14.05" tests="4" errors="0" skipped="0" failures="1">
  <properties>
    <property name="awt.toolkit" value="sun.awt.X11.XToolkit"/>
    <property name="java.specification.version" value="11"/>
    <property name="sun.cpu.isalist" value=""/>
    <property name="sun.jnu.encoding" value="UTF-8"/>
    <property name="java.class.path" value="/home/runner/work/ratis/ratis/ratis-test/target/test-classes:/home/runner/work/ratis/ratis/ratis-test/target/classes:/home/runner/work/ratis/ratis/ratis-common/target/classes:/home/runner/.m2/repository/org/apache/ratis/ratis-thirdparty-misc/1.0.3/ratis-thirdparty-misc-1.0.3.jar:/home/runner/work/ratis/ratis/ratis-proto/target/ratis-proto-3.0.0-SNAPSHOT.jar:/home/runner/work/ratis/ratis/ratis-common/target/test-classes:/home/runner/work/ratis/ratis/ratis-client/target/classes:/home/runner/work/ratis/ratis/ratis-server/target/classes:/home/runner/work/ratis/ratis/ratis-server-api/target/classes:/home/runner/work/ratis/ratis/ratis-metrics-api/target/classes:/home/runner/work/ratis/ratis/ratis-server/target/test-classes:/home/runner/work/ratis/ratis/ratis-metrics-default/target/classes:/home/runner/work/ratis/ratis/ratis-netty/target/classes:/home/runner/work/ratis/ratis/ratis-netty/target/test-classes:/home/runner/work/ratis/ratis/ratis-grpc/target/classes:/home/runner/work/ratis/ratis/ratis-grpc/target/test-classes:/home/runner/work/ratis/ratis/ratis-shell/target/classes:/home/runner/.m2/repository/commons-cli/commons-cli/1.5.0/commons-cli-1.5.0.jar:/home/runner/.m2/repository/org/reflections/reflections/0.10.2/reflections-0.10.2.jar:/home/runner/.m2/repository/org/javassist/javassist/3.28.0-GA/javassist-3.28.0-GA.jar:/home/runner/.m2/repository/com/google/code/findbugs/jsr305/3.0.2/jsr305-3.0.2.jar:/home/runner/.m2/repository/org/bouncycastle/bcprov-jdk15on/1.70/bcprov-jdk15on-1.70.jar:/home/runner/.m2/repository/org/bouncycastle/bcpkix-jdk15on/1.70/bcpkix-jdk15on-1.70.jar:/home/runner/.m2/repository/org/bouncycastle/bcutil-jdk15on/1.70/bcutil-jdk15on-1.70.jar:/home/runner/.m2/repository/org/slf4j/slf4j-api/1.7.36/slf4j-api-1.7.36.jar:/home/runner/.m2/repository/org/slf4j/slf4j-reload4j/1.7.36/slf4j-reload4j-1.7.36.jar:/home/runner/.m2/repository/ch/qos/reload4j/reload4j/1.2.19/reload4j-1.2.19.jar:/home/runner/.m2/repository/junit/junit/4.13.2/junit-4.13.2.jar:/home/runner/.m2/repository/org/hamcrest/hamcrest-core/1.3/hamcrest-core-1.3.jar:/home/runner/.m2/repository/org/mockito/mockito-core/4.3.1/mockito-core-4.3.1.jar:/home/runner/.m2/repository/net/bytebuddy/byte-buddy/1.12.7/byte-buddy-1.12.7.jar:/home/runner/.m2/repository/net/bytebuddy/byte-buddy-agent/1.12.7/byte-buddy-agent-1.12.7.jar:/home/runner/.m2/repository/org/objenesis/objenesis/3.2/objenesis-3.2.jar:"/>
    <property name="java.vm.vendor" value="Eclipse Adoptium"/>
    <property name="sun.arch.data.model" value="64"/>
    <property name="java.vendor.url" value="https://adoptium.net/"/>
    <property name="user.timezone" value=""/>
    <property name="java.vm.specification.version" value="11"/>
    <property name="os.name" value="Linux"/>
    <property name="sun.java.launcher" value="SUN_STANDARD"/>
    <property name="sun.boot.library.path" value="/usr/lib/jvm/temurin-11-jdk-amd64/lib"/>
    <property name="sun.java.command" value="/home/runner/work/ratis/ratis/ratis-test/target/surefire/surefirebooter16017148130057887243.jar /home/runner/work/ratis/ratis/ratis-test/target/surefire 2023-03-04T02-56-14_968-jvmRun1 surefire15810993601531630808tmp surefire_213665400884503534918tmp"/>
    <property name="jdk.debug" value="release"/>
    <property name="surefire.test.class.path" value="/home/runner/work/ratis/ratis/ratis-test/target/test-classes:/home/runner/work/ratis/ratis/ratis-test/target/classes:/home/runner/work/ratis/ratis/ratis-common/target/classes:/home/runner/.m2/repository/org/apache/ratis/ratis-thirdparty-misc/1.0.3/ratis-thirdparty-misc-1.0.3.jar:/home/runner/work/ratis/ratis/ratis-proto/target/ratis-proto-3.0.0-SNAPSHOT.jar:/home/runner/work/ratis/ratis/ratis-common/target/test-classes:/home/runner/work/ratis/ratis/ratis-client/target/classes:/home/runner/work/ratis/ratis/ratis-server/target/classes:/home/runner/work/ratis/ratis/ratis-server-api/target/classes:/home/runner/work/ratis/ratis/ratis-metrics-api/target/classes:/home/runner/work/ratis/ratis/ratis-server/target/test-classes:/home/runner/work/ratis/ratis/ratis-metrics-default/target/classes:/home/runner/work/ratis/ratis/ratis-netty/target/classes:/home/runner/work/ratis/ratis/ratis-netty/target/test-classes:/home/runner/work/ratis/ratis/ratis-grpc/target/classes:/home/runner/work/ratis/ratis/ratis-grpc/target/test-classes:/home/runner/work/ratis/ratis/ratis-shell/target/classes:/home/runner/.m2/repository/commons-cli/commons-cli/1.5.0/commons-cli-1.5.0.jar:/home/runner/.m2/repository/org/reflections/reflections/0.10.2/reflections-0.10.2.jar:/home/runner/.m2/repository/org/javassist/javassist/3.28.0-GA/javassist-3.28.0-GA.jar:/home/runner/.m2/repository/com/google/code/findbugs/jsr305/3.0.2/jsr305-3.0.2.jar:/home/runner/.m2/repository/org/bouncycastle/bcprov-jdk15on/1.70/bcprov-jdk15on-1.70.jar:/home/runner/.m2/repository/org/bouncycastle/bcpkix-jdk15on/1.70/bcpkix-jdk15on-1.70.jar:/home/runner/.m2/repository/org/bouncycastle/bcutil-jdk15on/1.70/bcutil-jdk15on-1.70.jar:/home/runner/.m2/repository/org/slf4j/slf4j-api/1.7.36/slf4j-api-1.7.36.jar:/home/runner/.m2/repository/org/slf4j/slf4j-reload4j/1.7.36/slf4j-reload4j-1.7.36.jar:/home/runner/.m2/repository/ch/qos/reload4j/reload4j/1.2.19/reload4j-1.2.19.jar:/home/runner/.m2/repository/junit/junit/4.13.2/junit-4.13.2.jar:/home/runner/.m2/repository/org/hamcrest/hamcrest-core/1.3/hamcrest-core-1.3.jar:/home/runner/.m2/repository/org/mockito/mockito-core/4.3.1/mockito-core-4.3.1.jar:/home/runner/.m2/repository/net/bytebuddy/byte-buddy/1.12.7/byte-buddy-1.12.7.jar:/home/runner/.m2/repository/net/bytebuddy/byte-buddy-agent/1.12.7/byte-buddy-agent-1.12.7.jar:/home/runner/.m2/repository/org/objenesis/objenesis/3.2/objenesis-3.2.jar:"/>
    <property name="sun.cpu.endian" value="little"/>
    <property name="user.home" value="/home/runner"/>
    <property name="user.language" value="en"/>
    <property name="java.specification.vendor" value="Oracle Corporation"/>
    <property name="java.version.date" value="2023-01-17"/>
    <property name="java.home" value="/usr/lib/jvm/temurin-11-jdk-amd64"/>
    <property name="file.separator" value="/"/>
    <property name="basedir" value="/home/runner/work/ratis/ratis/ratis-test"/>
    <property name="java.vm.compressedOopsMode" value="32-bit"/>
    <property name="line.separator" value="&#10;"/>
    <property name="java.specification.name" value="Java Platform API Specification"/>
    <property name="java.vm.specification.vendor" value="Oracle Corporation"/>
    <property name="java.awt.graphicsenv" value="sun.awt.X11GraphicsEnvironment"/>
    <property name="surefire.real.class.path" value="/home/runner/work/ratis/ratis/ratis-test/target/surefire/surefirebooter16017148130057887243.jar"/>
    <property name="sun.management.compiler" value="HotSpot 64-Bit Tiered Compilers"/>
    <property name="java.runtime.version" value="11.0.18+10"/>
    <property name="user.name" value="runner"/>
    <property name="java.net.preferIPv4Stack" value="true"/>
    <property name="path.separator" value=":"/>
    <property name="os.version" value="5.15.0-1033-azure"/>
    <property name="java.runtime.name" value="OpenJDK Runtime Environment"/>
    <property name="file.encoding" value="UTF-8"/>
    <property name="java.vm.name" value="OpenJDK 64-Bit Server VM"/>
    <property name="java.vendor.version" value="Temurin-11.0.18+10"/>
    <property name="localRepository" value="/home/runner/.m2/repository"/>
    <property name="java.vendor.url.bug" value="https://github.com/adoptium/adoptium-support/issues"/>
    <property name="java.io.tmpdir" value="/tmp"/>
    <property name="java.version" value="11.0.18"/>
    <property name="user.dir" value="/home/runner/work/ratis/ratis/ratis-test"/>
    <property name="os.arch" value="amd64"/>
    <property name="ratis.tmp.dir" value="/home/runner/work/ratis/ratis/ratis-test/target/tmp"/>
    <property name="java.vm.specification.name" value="Java Virtual Machine Specification"/>
    <property name="java.awt.printerjob" value="sun.print.PSPrinterJob"/>
    <property name="ratis.log.dir" value="/home/runner/work/ratis/ratis/ratis-test/target/log"/>
    <property name="sun.os.patch.level" value="unknown"/>
    <property name="java.library.path" value="/usr/java/packages/lib:/usr/lib64:/lib64:/lib:/usr/lib"/>
    <property name="java.vm.info" value="mixed mode"/>
    <property name="java.vendor" value="Eclipse Adoptium"/>
    <property name="java.vm.version" value="11.0.18+10"/>
    <property name="sun.io.unicode.encoding" value="UnicodeLittle"/>
    <property name="java.class.version" value="55.0"/>
  </properties>
  <testcase name="testMultiFileInstallSnapshot[0]" classname="org.apache.ratis.grpc.TestLeaderInstallSnapshot" time="3.536"/>
  <testcase name="testSeparateSnapshotInstallPath[0]" classname="org.apache.ratis.grpc.TestLeaderInstallSnapshot" time="2.079"/>
  <testcase name="testMultiFileInstallSnapshot[1]" classname="org.apache.ratis.grpc.TestLeaderInstallSnapshot" time="6.123">
    <failure type="java.lang.AssertionError">java.lang.AssertionError
	at org.junit.Assert.fail(Assert.java:87)
	at org.junit.Assert.assertTrue(Assert.java:42)
	at org.junit.Assert.assertNotNull(Assert.java:713)
	at org.junit.Assert.assertNotNull(Assert.java:723)
	at org.apache.ratis.InstallSnapshotFromLeaderTests.testMultiFileInstallSnapshot(InstallSnapshotFromLeaderTests.java:121)
	at org.apache.ratis.server.impl.MiniRaftCluster$Factory$Get.runWithNewCluster(MiniRaftCluster.java:141)
	at org.apache.ratis.server.impl.MiniRaftCluster$Factory$Get.runWithNewCluster(MiniRaftCluster.java:121)
	at org.apache.ratis.InstallSnapshotFromLeaderTests.testMultiFileInstallSnapshot(InstallSnapshotFromLeaderTests.java:79)
	at java.base/jdk.internal.reflect.NativeMethodAccessorImpl.invoke0(Native Method)
	at java.base/jdk.internal.reflect.NativeMethodAccessorImpl.invoke(NativeMethodAccessorImpl.java:62)
	at java.base/jdk.internal.reflect.DelegatingMethodAccessorImpl.invoke(DelegatingMethodAccessorImpl.java:43)
	at java.base/java.lang.reflect.Method.invoke(Method.java:566)
	at org.junit.runners.model.FrameworkMethod$1.runReflectiveCall(FrameworkMethod.java:59)
	at org.junit.internal.runners.model.ReflectiveCallable.run(ReflectiveCallable.java:12)
	at org.junit.runners.model.FrameworkMethod.invokeExplosively(FrameworkMethod.java:56)
	at org.junit.internal.runners.statements.InvokeMethod.evaluate(InvokeMethod.java:17)
	at org.junit.internal.runners.statements.RunAfters.evaluate(RunAfters.java:27)
	at org.junit.internal.runners.statements.FailOnTimeout$CallableStatement.call(FailOnTimeout.java:299)
	at org.junit.internal.runners.statements.FailOnTimeout$CallableStatement.call(FailOnTimeout.java:293)
	at java.base/java.util.concurrent.FutureTask.run(FutureTask.java:264)
	at java.base/java.lang.Thread.run(Thread.java:829)
</failure>
    <system-out><![CDATA[2023-03-04 02:57:58,536 [main] INFO  util.LogUtils (Slf4jUtils.java:setLogLevel(38)) - Successfully set org.apache.ratis.conf.ConfUtils log level to WARN
2023-03-04 02:57:58,536 [main] INFO  util.LogUtils (Slf4jUtils.java:setLogLevel(38)) - Successfully set org.apache.ratis.util.FileUtils log level to TRACE
2023-03-04 02:57:58,536 [Time-limited test] INFO  impl.MiniRaftCluster (MiniRaftCluster.java:runWithNewCluster(135)) - Running runWithNewCluster
2023-03-04 02:57:58,537 [Time-limited test] INFO  impl.MiniRaftCluster (MiniRaftCluster.java:<init>(306)) - new MiniRaftClusterWithGrpc with group-4480AA813250:[s0|rpc:localhost:43557|admin:localhost:34573|client:localhost:44069|dataStream:localhost:45167|priority:0|startupRole:FOLLOWER]
2023-03-04 02:57:58,537 [Time-limited test] INFO  impl.MiniRaftCluster (MiniRaftCluster.java:start(339)) - .............................................................. 
2023-03-04 02:57:58,537 [Time-limited test] INFO  impl.MiniRaftCluster (MiniRaftCluster.java:start(340)) - ... 
2023-03-04 02:57:58,537 [Time-limited test] INFO  impl.MiniRaftCluster (MiniRaftCluster.java:start(341)) - ...     Starting MiniRaftClusterWithGrpc
2023-03-04 02:57:58,537 [Time-limited test] INFO  impl.MiniRaftCluster (MiniRaftCluster.java:start(342)) - ... 
2023-03-04 02:57:58,537 [Time-limited test] INFO  impl.MiniRaftCluster (MiniRaftCluster.java:start(343)) - .............................................................. 
2023-03-04 02:57:58,537 [Time-limited test] INFO  impl.MiniRaftCluster (MiniRaftCluster.java:initServers(318)) - servers = {}
2023-03-04 02:57:58,537 [Time-limited test] INFO  impl.MiniRaftCluster (MiniRaftCluster.java:newRaftServer(382)) - newRaftServer: s0, group-4480AA813250:[s0|rpc:localhost:43557|admin:localhost:34573|client:localhost:44069|dataStream:localhost:45167|priority:0|startupRole:FOLLOWER], format? true
2023-03-04 02:57:58,537 [Time-limited test] TRACE util.FileUtils (FileUtils.java:deleteFully(201)) - deleteFully target/test/data/a64ae219/MiniRaftClusterWithGrpc6867ffd7/s0
2023-03-04 02:57:58,537 [Time-limited test] TRACE util.FileUtils (FileUtils.java:deleteFully(217)) - deleteFully: target/test/data/a64ae219/MiniRaftClusterWithGrpc6867ffd7/s0 does not exist.
2023-03-04 02:57:58,537 [Time-limited test] INFO  impl.MiniRaftCluster (MiniRaftCluster.java:newRaftServer(387)) - Formatted directory target/test/data/a64ae219/MiniRaftClusterWithGrpc6867ffd7/s0
2023-03-04 02:57:58,537 [Time-limited test] INFO  server.RaftServer (ConfUtils.java:logGet(46)) - raft.rpc.type = GRPC (default)
2023-03-04 02:57:58,537 [Time-limited test] INFO  grpc.GrpcConfigKeys (ConfUtils.java:logFallback(53)) - raft.grpc.admin.host = null (fallback to raft.grpc.server.host)
2023-03-04 02:57:58,537 [Time-limited test] INFO  grpc.GrpcConfigKeys (ConfUtils.java:logGet(46)) - raft.grpc.admin.port = 34573 (custom)
2023-03-04 02:57:58,538 [Time-limited test] INFO  grpc.GrpcConfigKeys (ConfUtils.java:logFallback(53)) - raft.grpc.client.host = null (fallback to raft.grpc.server.host)
2023-03-04 02:57:58,538 [Time-limited test] INFO  grpc.GrpcConfigKeys (ConfUtils.java:logGet(46)) - raft.grpc.client.port = 44069 (custom)
2023-03-04 02:57:58,538 [Time-limited test] INFO  grpc.GrpcConfigKeys (ConfUtils.java:logGet(46)) - raft.grpc.server.host = null (default)
2023-03-04 02:57:58,538 [Time-limited test] INFO  grpc.GrpcConfigKeys (ConfUtils.java:logGet(46)) - raft.grpc.server.port = 43557 (custom)
2023-03-04 02:57:58,538 [Time-limited test] INFO  server.GrpcService (ConfUtils.java:logGet(46)) - raft.grpc.message.size.max = 64MB (=67108864) (default)
2023-03-04 02:57:58,538 [Time-limited test] INFO  server.RaftServerConfigKeys (ConfUtils.java:logGet(46)) - raft.server.log.appender.buffer.byte-limit = 4MB (=4194304) (default)
2023-03-04 02:57:58,538 [Time-limited test] INFO  server.GrpcService (ConfUtils.java:logGet(46)) - raft.grpc.flow.control.window = 1MB (=1048576) (default)
2023-03-04 02:57:58,538 [Time-limited test] INFO  server.RaftServerConfigKeys (ConfUtils.java:logGet(46)) - raft.server.rpc.request.timeout = 3000ms (default)
2023-03-04 02:57:58,538 [Time-limited test] INFO  grpc.GrpcConfigKeys (ConfUtils.java:logGet(46)) - raft.grpc.server.heartbeat.channel = true (default)
2023-03-04 02:57:58,538 [Time-limited test] INFO  grpc.GrpcConfigKeys (ConfUtils.java:logGet(46)) - raft.grpc.server.async.request.thread.pool.cached = true (default)
2023-03-04 02:57:58,538 [Time-limited test] INFO  grpc.GrpcConfigKeys (ConfUtils.java:logGet(46)) - raft.grpc.server.async.request.thread.pool.size = 32 (default)
2023-03-04 02:57:58,539 [Time-limited test] INFO  impl.DataStreamServerImpl (ConfUtils.java:logGet(46)) - raft.datastream.type = DISABLED (default)
2023-03-04 02:57:58,539 [Time-limited test] INFO  server.RaftServerConfigKeys (ConfUtils.java:logGet(46)) - raft.server.threadpool.proxy.cached = true (default)
2023-03-04 02:57:58,539 [Time-limited test] INFO  server.RaftServerConfigKeys (ConfUtils.java:logGet(46)) - raft.server.threadpool.proxy.size = 0 (default)
2023-03-04 02:57:58,539 [Time-limited test] INFO  server.RaftServerConfigKeys (ConfUtils.java:logGet(46)) - raft.server.rpc.slowness.timeout = 60s (default)
2023-03-04 02:57:58,539 [Time-limited test] INFO  server.RaftServerConfigKeys (ConfUtils.java:logGet(46)) - raft.server.leaderelection.leader.step-down.wait-time = 10s (default)
2023-03-04 02:57:58,539 [Time-limited test] INFO  server.RaftServerConfigKeys (ConfUtils.java:logGet(46)) - raft.server.storage.dir = [/home/runner/work/ratis/ratis/ratis-test/target/test/data/a64ae219/MiniRaftClusterWithGrpc6867ffd7/s0] (custom)
2023-03-04 02:57:58,540 [s0-groupManagement] INFO  server.RaftServerConfigKeys (ConfUtils.java:logGet(46)) - raft.server.log.segment.size.max = 8MB (=8388608) (default)
2023-03-04 02:57:58,540 [s0-groupManagement] INFO  server.RaftServerConfigKeys (ConfUtils.java:logGet(46)) - raft.server.log.preallocated.size = 4MB (=4194304) (default)
2023-03-04 02:57:58,540 [s0-groupManagement] INFO  server.RaftServerConfigKeys (ConfUtils.java:logGet(46)) - raft.server.log.write.buffer.size = 64KB (=65536) (default)
2023-03-04 02:57:58,540 [s0-groupManagement] INFO  server.RaftServer$Division (RaftServerImpl.java:<init>(198)) - s0: new RaftServerImpl for group-4480AA813250:[s0|rpc:localhost:43557|admin:localhost:34573|client:localhost:44069|dataStream:localhost:45167|priority:0|startupRole:FOLLOWER] with StateMachineWithMultiNestedSnapshotFile:uninitialized
2023-03-04 02:57:58,540 [s0-groupManagement] INFO  server.RaftServerConfigKeys (ConfUtils.java:logGet(46)) - raft.server.rpc.timeout.min = 150ms (default)
2023-03-04 02:57:58,540 [s0-groupManagement] INFO  server.RaftServerConfigKeys (ConfUtils.java:logGet(46)) - raft.server.rpc.timeout.max = 300ms (default)
2023-03-04 02:57:58,540 [s0-groupManagement] INFO  server.RaftServerConfigKeys (ConfUtils.java:logGet(46)) - raft.server.rpc.sleep.time = 25ms (default)
2023-03-04 02:57:58,540 [s0-groupManagement] INFO  server.RaftServerConfigKeys (ConfUtils.java:logGet(46)) - raft.server.rpc.slowness.timeout = 60s (default)
2023-03-04 02:57:58,540 [s0-groupManagement] INFO  server.RaftServerConfigKeys (ConfUtils.java:logGet(46)) - raft.server.leaderelection.leader.step-down.wait-time = 10s (default)
2023-03-04 02:57:58,540 [s0-groupManagement] INFO  server.RaftServerConfigKeys (ConfUtils.java:logGet(46)) - raft.server.sleep.deviation.threshold = 300ms (default)
2023-03-04 02:57:58,540 [s0-groupManagement] INFO  server.RaftServer$Division (ServerState.java:<init>(113)) - s0@group-4480AA813250: ConfigurationManager, init=-1: peers:[s0|rpc:localhost:43557|admin:localhost:34573|client:localhost:44069|dataStream:localhost:45167|priority:0|startupRole:FOLLOWER]|listeners:[], old=null, confs=<EMPTY_MAP>
2023-03-04 02:57:58,540 [s0-groupManagement] INFO  server.RaftServerConfigKeys (ConfUtils.java:logGet(46)) - raft.server.notification.no-leader.timeout = 60s (default)
2023-03-04 02:57:58,540 [s0-groupManagement] INFO  server.RaftServerConfigKeys (ConfUtils.java:logGet(46)) - raft.server.read.timeout = 10s (default)
2023-03-04 02:57:58,540 [s0-groupManagement] INFO  server.RaftServerConfigKeys (ConfUtils.java:logGet(46)) - raft.server.retrycache.expirytime = 60s (default)
2023-03-04 02:57:58,541 [s0-groupManagement] INFO  server.RaftServerConfigKeys (ConfUtils.java:logGet(46)) - raft.server.retrycache.statistics.expirytime = 100μs (default)
2023-03-04 02:57:58,541 [s0-groupManagement] INFO  server.RaftServerConfigKeys (ConfUtils.java:logGet(46)) - raft.server.read.option = DEFAULT (default)
2023-03-04 02:57:58,542 [s0-groupManagement] INFO  server.RaftServerConfigKeys (ConfUtils.java:logGet(46)) - raft.server.log.appender.install.snapshot.enabled = true (default)
2023-03-04 02:57:58,542 [s0-groupManagement] INFO  server.RaftServerConfigKeys (ConfUtils.java:logGet(46)) - raft.server.threadpool.server.cached = true (default)
2023-03-04 02:57:58,542 [s0-groupManagement] INFO  server.RaftServerConfigKeys (ConfUtils.java:logGet(46)) - raft.server.threadpool.server.size = 0 (default)
2023-03-04 02:57:58,542 [s0-groupManagement] INFO  server.RaftServerConfigKeys (ConfUtils.java:logGet(46)) - raft.server.threadpool.client.cached = true (default)
2023-03-04 02:57:58,542 [s0-groupManagement] INFO  server.RaftServerConfigKeys (ConfUtils.java:logGet(46)) - raft.server.threadpool.client.size = 0 (default)
2023-03-04 02:57:58,544 [Time-limited test] INFO  server.RaftServer (RaftServerProxy.java:addNew(99)) - s0: addNew group-4480AA813250:[s0|rpc:localhost:43557|admin:localhost:34573|client:localhost:44069|dataStream:localhost:45167|priority:0|startupRole:FOLLOWER] returns group-4480AA813250:java.util.concurrent.CompletableFuture@29af2082[Not completed]
2023-03-04 02:57:58,544 [s0-impl-thread1] INFO  server.RaftServerConfigKeys (ConfUtils.java:logGet(46)) - raft.server.storage.free-space.min = 0MB (=0) (default)
2023-03-04 02:57:58,544 [s0-impl-thread1] INFO  server.RaftServerConfigKeys (ConfUtils.java:logGet(46)) - raft.server.log.corruption.policy = EXCEPTION (default)
2023-03-04 02:57:58,544 [s0-impl-thread1] INFO  server.RaftServerConfigKeys (ConfUtils.java:logGet(46)) - raft.server.storage.dir = [/home/runner/work/ratis/ratis/ratis-test/target/test/data/a64ae219/MiniRaftClusterWithGrpc6867ffd7/s0] (custom)
2023-03-04 02:57:58,545 [s0-impl-thread1] INFO  storage.RaftStorageDirectory (RaftStorageDirectoryImpl.java:analyzeStorage(138)) - The storage directory /home/runner/work/ratis/ratis/ratis-test/target/test/data/a64ae219/MiniRaftClusterWithGrpc6867ffd7/s0/aee223c3-53d2-4751-a3de-4480aa813250 does not exist. Creating ...
2023-03-04 02:57:58,545 [s0-impl-thread1] TRACE util.FileUtils (LogUtils.java:runAndLog(49)) - Successfully ran Files.createDirectories /home/runner/work/ratis/ratis/ratis-test/target/test/data/a64ae219/MiniRaftClusterWithGrpc6867ffd7/s0/aee223c3-53d2-4751-a3de-4480aa813250
2023-03-04 02:57:58,546 [s0-impl-thread1] INFO  storage.RaftStorageDirectory (RaftStorageDirectoryImpl.java:tryLock(232)) - Lock on /home/runner/work/ratis/ratis/ratis-test/target/test/data/a64ae219/MiniRaftClusterWithGrpc6867ffd7/s0/aee223c3-53d2-4751-a3de-4480aa813250/in_use.lock acquired by nodename 3748@fv-az483-594
2023-03-04 02:57:58,546 [s0-impl-thread1] TRACE util.FileUtils (LogUtils.java:runAndLog(49)) - Successfully ran Files.createDirectories /home/runner/work/ratis/ratis/ratis-test/target/test/data/a64ae219/MiniRaftClusterWithGrpc6867ffd7/s0/aee223c3-53d2-4751-a3de-4480aa813250/current
2023-03-04 02:57:58,546 [s0-impl-thread1] TRACE util.FileUtils (LogUtils.java:runAndLog(49)) - Successfully ran Files.createDirectories /home/runner/work/ratis/ratis/ratis-test/target/test/data/a64ae219/MiniRaftClusterWithGrpc6867ffd7/s0/aee223c3-53d2-4751-a3de-4480aa813250/sm
2023-03-04 02:57:58,548 [s0-impl-thread1] INFO  storage.RaftStorage (RaftStorageImpl.java:format(96)) - Storage directory /home/runner/work/ratis/ratis/ratis-test/target/test/data/a64ae219/MiniRaftClusterWithGrpc6867ffd7/s0/aee223c3-53d2-4751-a3de-4480aa813250 has been successfully formatted.
2023-03-04 02:57:58,548 [s0-impl-thread1] INFO  impl.SimpleStateMachine4Testing (SimpleStateMachine4Testing.java:initialize(213)) - Initializing StateMachineWithMultiNestedSnapshotFile:uninitialized
2023-03-04 02:57:58,548 [s0-impl-thread1] INFO  impl.SimpleStateMachine4Testing (SimpleStateMachine4Testing.java:loadSnapshot(293)) - Loading snapshot null
2023-03-04 02:57:58,548 [s0-impl-thread1] INFO  server.RaftServerConfigKeys (ConfUtils.java:logGet(46)) - raft.server.log.use.memory = false (default)
2023-03-04 02:57:58,548 [s0-impl-thread1] INFO  server.RaftServerConfigKeys (ConfUtils.java:logGet(46)) - raft.server.log.purge.gap = 8 (custom)
2023-03-04 02:57:58,548 [s0-impl-thread1] INFO  server.RaftServerConfigKeys (ConfUtils.java:logGet(46)) - raft.server.log.appender.buffer.byte-limit = 4MB (=4194304) (default)
2023-03-04 02:57:58,548 [s0-impl-thread1] INFO  server.RaftServerConfigKeys (ConfUtils.java:logGet(46)) - raft.server.log.statemachine.data.read.timeout = 1000ms (default)
2023-03-04 02:57:58,548 [s0-impl-thread1] INFO  server.RaftServerConfigKeys (ConfUtils.java:logGet(46)) - raft.server.log.purge.preservation.log.num = 0 (default)
2023-03-04 02:57:58,549 [s0-impl-thread1] INFO  server.RaftServerConfigKeys (ConfUtils.java:logGet(46)) - raft.server.log.segment.size.max = 8MB (=8388608) (default)
2023-03-04 02:57:58,549 [s0-impl-thread1] INFO  server.RaftServerConfigKeys (ConfUtils.java:logGet(46)) - raft.server.log.segment.cache.num.max = 6 (default)
2023-03-04 02:57:58,549 [s0-impl-thread1] INFO  server.RaftServerConfigKeys (ConfUtils.java:logGet(46)) - raft.server.log.segment.cache.size.max = 200MB (=209715200) (default)
2023-03-04 02:57:58,549 [s0-impl-thread1] INFO  server.RaftServerConfigKeys (ConfUtils.java:logGet(46)) - raft.server.log.appender.buffer.byte-limit = 4MB (=4194304) (default)
2023-03-04 02:57:58,549 [s0-impl-thread1] INFO  segmented.SegmentedRaftLogWorker (SegmentedRaftLogWorker.java:<init>(183)) - new s0@group-4480AA813250-SegmentedRaftLogWorker for RaftStorageImpl:Storage Directory /home/runner/work/ratis/ratis/ratis-test/target/test/data/a64ae219/MiniRaftClusterWithGrpc6867ffd7/s0/aee223c3-53d2-4751-a3de-4480aa813250
2023-03-04 02:57:58,549 [s0-impl-thread1] INFO  server.RaftServerConfigKeys (ConfUtils.java:logGet(46)) - raft.server.log.queue.byte-limit = 64MB (=67108864) (default)
2023-03-04 02:57:58,549 [s0-impl-thread1] INFO  server.RaftServerConfigKeys (ConfUtils.java:logGet(46)) - raft.server.log.queue.element-limit = 4096 (default)
2023-03-04 02:57:58,549 [s0-impl-thread1] INFO  server.RaftServerConfigKeys (ConfUtils.java:logGet(46)) - raft.server.log.segment.size.max = 8MB (=8388608) (default)
2023-03-04 02:57:58,549 [s0-impl-thread1] INFO  server.RaftServerConfigKeys (ConfUtils.java:logGet(46)) - raft.server.log.preallocated.size = 4MB (=4194304) (default)
2023-03-04 02:57:58,549 [s0-impl-thread1] INFO  server.RaftServerConfigKeys (ConfUtils.java:logGet(46)) - raft.server.log.force.sync.num = 128 (default)
2023-03-04 02:57:58,549 [s0-impl-thread1] INFO  server.RaftServerConfigKeys (ConfUtils.java:logGet(46)) - raft.server.log.statemachine.data.sync = true (default)
2023-03-04 02:57:58,549 [s0-impl-thread1] INFO  server.RaftServerConfigKeys (ConfUtils.java:logGet(46)) - raft.server.log.statemachine.data.sync.timeout = 10s (default)
2023-03-04 02:57:58,549 [s0-impl-thread1] INFO  server.RaftServerConfigKeys (ConfUtils.java:logGet(46)) - raft.server.log.statemachine.data.sync.timeout.retry = -1 (default)
2023-03-04 02:57:58,549 [s0-impl-thread1] INFO  server.RaftServerConfigKeys (ConfUtils.java:logGet(46)) - raft.server.log.write.buffer.size = 64KB (=65536) (default)
2023-03-04 02:57:58,549 [s0-impl-thread1] INFO  server.RaftServerConfigKeys (ConfUtils.java:logGet(46)) - raft.server.log.appender.buffer.byte-limit = 4MB (=4194304) (default)
2023-03-04 02:57:58,551 [s0-impl-thread1] INFO  server.RaftServerConfigKeys (ConfUtils.java:logGet(46)) - raft.server.log.unsafe-flush.enabled = false (default)
2023-03-04 02:57:58,551 [s0-impl-thread1] INFO  server.RaftServerConfigKeys (ConfUtils.java:logGet(46)) - raft.server.log.async-flush.enabled = false (default)
2023-03-04 02:57:58,551 [s0-impl-thread1] INFO  server.RaftServerConfigKeys (ConfUtils.java:logGet(46)) - raft.server.log.statemachine.data.caching.enabled = false (default)
2023-03-04 02:57:58,551 [s0-impl-thread1] INFO  segmented.SegmentedRaftLogWorker (SegmentedRaftLogWorker.java:lambda$new$0(134)) - s0@group-4480AA813250-SegmentedRaftLogWorker: flushIndex: setUnconditionally 0 -> -1
2023-03-04 02:57:58,551 [s0-impl-thread1] INFO  segmented.SegmentedRaftLogWorker (SegmentedRaftLogWorker.java:lambda$new$0(134)) - s0@group-4480AA813250-SegmentedRaftLogWorker: safeCacheEvictIndex: setUnconditionally 0 -> -1
2023-03-04 02:57:58,557 [s0-impl-thread1] INFO  server.RaftServer$Division (RaftServerImpl.java:start(342)) - s0@group-4480AA813250: start as a follower, conf=-1: peers:[s0|rpc:localhost:43557|admin:localhost:34573|client:localhost:44069|dataStream:localhost:45167|priority:0|startupRole:FOLLOWER]|listeners:[], old=null
2023-03-04 02:57:58,557 [s0-impl-thread1] INFO  server.RaftServer$Division (RaftServerImpl.java:setRole(329)) - s0@group-4480AA813250: changes role from      null to FOLLOWER at term 0 for startAsFollower
2023-03-04 02:57:58,557 [s0-impl-thread1] INFO  impl.RoleInfo (RoleInfo.java:updateAndGet(139)) - s0: start s0@group-4480AA813250-FollowerState
2023-03-04 02:57:58,558 [s0-impl-thread1] INFO  util.JmxRegister (JmxRegister.java:tryRegister(44)) - Successfully registered JMX Bean with object name Ratis:service=RaftServer,group=group-4480AA813250,id=s0
2023-03-04 02:57:58,558 [s0-impl-thread1] INFO  server.RaftServerConfigKeys (ConfUtils.java:logGet(46)) - raft.server.snapshot.auto.trigger.enabled = true (custom)
2023-03-04 02:57:58,558 [s0-impl-thread1] INFO  server.RaftServerConfigKeys (ConfUtils.java:logGet(46)) - raft.server.snapshot.auto.trigger.threshold = 64 (custom)
2023-03-04 02:57:58,558 [s0-impl-thread1] INFO  server.RaftServerConfigKeys (ConfUtils.java:logGet(46)) - raft.server.snapshot.retention.file.num = -1 (default)
2023-03-04 02:57:58,558 [s0-impl-thread1] INFO  server.RaftServerConfigKeys (ConfUtils.java:logGet(46)) - raft.server.log.purge.upto.snapshot.index = false (default)
2023-03-04 02:57:58,558 [s0@group-4480AA813250-FollowerState] INFO  server.RaftServerConfigKeys (ConfUtils.java:logFallback(53)) - raft.server.rpc.first-election.timeout.min = 150ms (fallback to raft.server.rpc.timeout.min)
2023-03-04 02:57:58,558 [s0@group-4480AA813250-FollowerState] INFO  server.RaftServerConfigKeys (ConfUtils.java:logFallback(53)) - raft.server.rpc.first-election.timeout.max = 300ms (fallback to raft.server.rpc.timeout.max)
2023-03-04 02:57:58,558 [Time-limited test] INFO  server.RaftServer (RaftServerProxy.java:startImpl(401)) - s0: start RPC server
2023-03-04 02:57:58,559 [Time-limited test] INFO  server.GrpcService (GrpcService.java:startImpl(302)) - s0: GrpcService started, listening on 44069
2023-03-04 02:57:58,560 [Time-limited test] INFO  server.GrpcService (GrpcService.java:startImpl(302)) - s0: GrpcService started, listening on 43557
2023-03-04 02:57:58,560 [Time-limited test] INFO  server.GrpcService (GrpcService.java:startImpl(302)) - s0: GrpcService started, listening on 34573
2023-03-04 02:57:58,561 [Time-limited test] INFO  server.RaftServerConfigKeys (ConfUtils.java:logGet(46)) - raft.server.rpc.timeout.max = 300ms (default)
2023-03-04 02:57:58,561 [Time-limited test] INFO  ratis.RaftTestUtil (RaftTestUtil.java:waitForLeader(100)) - printing ALL groups
  s0:  RUNNING  FOLLOWER s0@group-4480AA813250:t0, leader=null, voted=, raftlog=Memoized:s0@group-4480AA813250-SegmentedRaftLog:OPENED:c-1, conf=-1: peers:[s0|rpc:localhost:43557|admin:localhost:34573|client:localhost:44069|dataStream:localhost:45167|priority:0|startupRole:FOLLOWER]|listeners:[], old=null RUNNING
2023-03-04 02:57:58,561 [Time-limited test] WARN  ratis.RaftTestUtil (JavaUtils.java:attempt(217)) - FAILED "waitForLeader-null-(expectLeader? true)", attempt #1/100: java.lang.IllegalStateException: No leader yet : printing ALL groups
  s0:  RUNNING  FOLLOWER s0@group-4480AA813250:t0, leader=null, voted=, raftlog=Memoized:s0@group-4480AA813250-SegmentedRaftLog:OPENED:c-1, conf=-1: peers:[s0|rpc:localhost:43557|admin:localhost:34573|client:localhost:44069|dataStream:localhost:45167|priority:0|startupRole:FOLLOWER]|listeners:[], old=null RUNNING, sleep 450ms and then retry.
java.lang.IllegalStateException: No leader yet : printing ALL groups
  s0:  RUNNING  FOLLOWER s0@group-4480AA813250:t0, leader=null, voted=, raftlog=Memoized:s0@group-4480AA813250-SegmentedRaftLog:OPENED:c-1, conf=-1: peers:[s0|rpc:localhost:43557|admin:localhost:34573|client:localhost:44069|dataStream:localhost:45167|priority:0|startupRole:FOLLOWER]|listeners:[], old=null RUNNING
	at org.apache.ratis.server.impl.MiniRaftCluster.newIllegalStateExceptionForNoLeaders(MiniRaftCluster.java:581)
	at org.apache.ratis.RaftTestUtil.lambda$waitForLeader$1(RaftTestUtil.java:104)
	at org.apache.ratis.server.impl.MiniRaftCluster.getLeader(MiniRaftCluster.java:615)
	at org.apache.ratis.server.impl.MiniRaftCluster.getLeader(MiniRaftCluster.java:608)
	at org.apache.ratis.RaftTestUtil.lambda$waitForLeader$3(RaftTestUtil.java:112)
	at org.apache.ratis.util.JavaUtils.attempt(JavaUtils.java:211)
	at org.apache.ratis.util.JavaUtils.attemptRepeatedly(JavaUtils.java:197)
	at org.apache.ratis.RaftTestUtil.waitForLeader(RaftTestUtil.java:111)
	at org.apache.ratis.RaftTestUtil.waitForLeader(RaftTestUtil.java:92)
	at org.apache.ratis.RaftTestUtil.waitForLeader(RaftTestUtil.java:87)
	at org.apache.ratis.InstallSnapshotFromLeaderTests.testMultiFileInstallSnapshot(InstallSnapshotFromLeaderTests.java:92)
	at org.apache.ratis.server.impl.MiniRaftCluster$Factory$Get.runWithNewCluster(MiniRaftCluster.java:141)
	at org.apache.ratis.server.impl.MiniRaftCluster$Factory$Get.runWithNewCluster(MiniRaftCluster.java:121)
	at org.apache.ratis.InstallSnapshotFromLeaderTests.testMultiFileInstallSnapshot(InstallSnapshotFromLeaderTests.java:79)
	at java.base/jdk.internal.reflect.NativeMethodAccessorImpl.invoke0(Native Method)
	at java.base/jdk.internal.reflect.NativeMethodAccessorImpl.invoke(NativeMethodAccessorImpl.java:62)
	at java.base/jdk.internal.reflect.DelegatingMethodAccessorImpl.invoke(DelegatingMethodAccessorImpl.java:43)
	at java.base/java.lang.reflect.Method.invoke(Method.java:566)
	at org.junit.runners.model.FrameworkMethod$1.runReflectiveCall(FrameworkMethod.java:59)
	at org.junit.internal.runners.model.ReflectiveCallable.run(ReflectiveCallable.java:12)
	at org.junit.runners.model.FrameworkMethod.invokeExplosively(FrameworkMethod.java:56)
	at org.junit.internal.runners.statements.InvokeMethod.evaluate(InvokeMethod.java:17)
	at org.junit.internal.runners.statements.RunAfters.evaluate(RunAfters.java:27)
	at org.junit.internal.runners.statements.FailOnTimeout$CallableStatement.call(FailOnTimeout.java:299)
	at org.junit.internal.runners.statements.FailOnTimeout$CallableStatement.call(FailOnTimeout.java:293)
	at java.base/java.util.concurrent.FutureTask.run(FutureTask.java:264)
	at java.base/java.lang.Thread.run(Thread.java:829)
2023-03-04 02:57:58,561 [JvmPauseMonitor6] INFO  util.JvmPauseMonitor (JvmPauseMonitor.java:run(103)) - JvmPauseMonitor-s0: Started
2023-03-04 02:57:58,766 [s0@group-4480AA813250-FollowerState] INFO  impl.FollowerState (FollowerState.java:run(143)) - s0@group-4480AA813250-FollowerState: change to CANDIDATE, lastRpcElapsedTime:208926014ns, electionTimeout:208ms
2023-03-04 02:57:58,766 [s0@group-4480AA813250-FollowerState] INFO  impl.RoleInfo (RoleInfo.java:shutdownFollowerState(110)) - s0: shutdown s0@group-4480AA813250-FollowerState
2023-03-04 02:57:58,766 [s0@group-4480AA813250-FollowerState] INFO  server.RaftServer$Division (RaftServerImpl.java:setRole(329)) - s0@group-4480AA813250: changes role from  FOLLOWER to CANDIDATE at term 0 for changeToCandidate
2023-03-04 02:57:58,767 [s0@group-4480AA813250-FollowerState] INFO  server.RaftServerConfigKeys (ConfUtils.java:logGet(46)) - raft.server.leaderelection.pre-vote = true (default)
2023-03-04 02:57:58,767 [s0@group-4480AA813250-FollowerState] INFO  impl.RoleInfo (RoleInfo.java:updateAndGet(139)) - s0: start s0@group-4480AA813250-LeaderElection3
2023-03-04 02:57:58,767 [s0@group-4480AA813250-LeaderElection3] INFO  impl.LeaderElection (LeaderElection.java:askForVotes(309)) - s0@group-4480AA813250-LeaderElection3 PRE_VOTE round 0: submit vote requests at term 0 for -1: peers:[s0|rpc:localhost:43557|admin:localhost:34573|client:localhost:44069|dataStream:localhost:45167|priority:0|startupRole:FOLLOWER]|listeners:[], old=null
2023-03-04 02:57:58,767 [s0@group-4480AA813250-LeaderElection3] INFO  impl.LeaderElection (LeaderElection.java:askForVotes(311)) - s0@group-4480AA813250-LeaderElection3 PRE_VOTE round 0: result PASSED (term=0)
2023-03-04 02:57:58,769 [s0@group-4480AA813250-LeaderElection3] INFO  impl.LeaderElection (LeaderElection.java:askForVotes(309)) - s0@group-4480AA813250-LeaderElection3 ELECTION round 0: submit vote requests at term 1 for -1: peers:[s0|rpc:localhost:43557|admin:localhost:34573|client:localhost:44069|dataStream:localhost:45167|priority:0|startupRole:FOLLOWER]|listeners:[], old=null
2023-03-04 02:57:58,769 [s0@group-4480AA813250-LeaderElection3] INFO  impl.LeaderElection (LeaderElection.java:askForVotes(311)) - s0@group-4480AA813250-LeaderElection3 ELECTION round 0: result PASSED (term=1)
2023-03-04 02:57:58,769 [s0@group-4480AA813250-LeaderElection3] INFO  impl.RoleInfo (RoleInfo.java:shutdownLeaderElection(130)) - s0: shutdown s0@group-4480AA813250-LeaderElection3
2023-03-04 02:57:58,769 [s0@group-4480AA813250-LeaderElection3] INFO  server.RaftServer$Division (RaftServerImpl.java:setRole(329)) - s0@group-4480AA813250: changes role from CANDIDATE to LEADER at term 1 for changeToLeader
2023-03-04 02:57:58,769 [s0@group-4480AA813250-LeaderElection3] INFO  server.RaftServer$Division (ServerState.java:setLeader(260)) - s0@group-4480AA813250: change Leader from null to s0 at term 1 for becomeLeader, leader elected after 228ms
2023-03-04 02:57:58,769 [s0@group-4480AA813250-LeaderElection3] INFO  server.RaftServerConfigKeys (ConfUtils.java:logGet(46)) - raft.server.staging.catchup.gap = 1000 (default)
2023-03-04 02:57:58,769 [s0@group-4480AA813250-LeaderElection3] INFO  server.RaftServerConfigKeys (ConfUtils.java:logGet(46)) - raft.server.write.element-limit = 4096 (default)
2023-03-04 02:57:58,769 [s0@group-4480AA813250-LeaderElection3] INFO  server.RaftServerConfigKeys (ConfUtils.java:logGet(46)) - raft.server.write.byte-limit = 64MB (=67108864) (default)
2023-03-04 02:57:58,769 [s0@group-4480AA813250-LeaderElection3] INFO  server.RaftServerConfigKeys (ConfUtils.java:logGet(46)) - raft.server.watch.timeout = 10s (default)
2023-03-04 02:57:58,769 [s0@group-4480AA813250-LeaderElection3] INFO  server.RaftServerConfigKeys (ConfUtils.java:logGet(46)) - raft.server.watch.timeout.denomination = 1s (default)
2023-03-04 02:57:58,769 [s0@group-4480AA813250-LeaderElection3] INFO  server.RaftServerConfigKeys (ConfUtils.java:logGet(46)) - raft.server.watch.element-limit = 65536 (default)
2023-03-04 02:57:58,769 [s0@group-4480AA813250-LeaderElection3] INFO  server.RaftServerConfigKeys (ConfUtils.java:logGet(46)) - raft.server.write.element-limit = 4096 (default)
2023-03-04 02:57:58,769 [s0@group-4480AA813250-LeaderElection3] INFO  server.RaftServerConfigKeys (ConfUtils.java:logGet(46)) - raft.server.write.follower.gap.ratio.max = -1.0 (default)
2023-03-04 02:57:58,769 [s0@group-4480AA813250-LeaderElection3] INFO  impl.RoleInfo (RoleInfo.java:updateAndGet(139)) - s0: start s0@group-4480AA813250-LeaderStateImpl
2023-03-04 02:57:58,770 [s0@group-4480AA813250-LeaderElection3] INFO  segmented.SegmentedRaftLogWorker (SegmentedRaftLogWorker.java:startLogSegment(426)) - s0@group-4480AA813250-SegmentedRaftLogWorker: Starting segment from index:0
2023-03-04 02:57:58,775 [s0@group-4480AA813250-LeaderElection3] INFO  server.RaftServer$Division (ServerState.java:setRaftConf(378)) - s0@group-4480AA813250: set configuration 0: peers:[s0|rpc:localhost:43557|admin:localhost:34573|client:localhost:44069|dataStream:localhost:45167|priority:0|startupRole:FOLLOWER]|listeners:[], old=null
2023-03-04 02:57:58,780 [s0@group-4480AA813250-SegmentedRaftLogWorker] INFO  segmented.SegmentedRaftLogWorker (SegmentedRaftLogWorker.java:execute(630)) - s0@group-4480AA813250-SegmentedRaftLogWorker: created new log segment /home/runner/work/ratis/ratis/ratis-test/target/test/data/a64ae219/MiniRaftClusterWithGrpc6867ffd7/s0/aee223c3-53d2-4751-a3de-4480aa813250/current/log_inprogress_0
2023-03-04 02:57:59,011 [Time-limited test] INFO  ratis.RaftTestUtil (RaftTestUtil.java:waitForLeader(119)) - printing ALL groups
  s0:  RUNNING    LEADER s0@group-4480AA813250:t1, leader=s0, voted=s0, raftlog=Memoized:s0@group-4480AA813250-SegmentedRaftLog:OPENED:c0, conf=0: peers:[s0|rpc:localhost:43557|admin:localhost:34573|client:localhost:44069|dataStream:localhost:45167|priority:0|startupRole:FOLLOWER]|listeners:[], old=null RUNNING
2023-03-04 02:57:59,018 [s0@group-4480AA813250-StateMachineUpdater] INFO  impl.SimpleStateMachine4Testing (SimpleStateMachine4Testing.java:put(205)) - s0: put 1, m0 -> (t:1, i:1), STATEMACHINELOGENTRY, 258@client-6A0DA0A905BB
2023-03-04 02:57:59,025 [s0@group-4480AA813250-StateMachineUpdater] INFO  impl.SimpleStateMachine4Testing (SimpleStateMachine4Testing.java:put(205)) - s0: put 3, m1 -> (t:1, i:3), STATEMACHINELOGENTRY, 259@client-6A0DA0A905BB
2023-03-04 02:57:59,028 [s0@group-4480AA813250-StateMachineUpdater] INFO  impl.SimpleStateMachine4Testing (SimpleStateMachine4Testing.java:put(205)) - s0: put 5, m2 -> (t:1, i:5), STATEMACHINELOGENTRY, 260@client-6A0DA0A905BB
2023-03-04 02:57:59,030 [s0@group-4480AA813250-StateMachineUpdater] INFO  impl.SimpleStateMachine4Testing (SimpleStateMachine4Testing.java:put(205)) - s0: put 7, m3 -> (t:1, i:7), STATEMACHINELOGENTRY, 261@client-6A0DA0A905BB
2023-03-04 02:57:59,033 [s0@group-4480AA813250-StateMachineUpdater] INFO  impl.SimpleStateMachine4Testing (SimpleStateMachine4Testing.java:put(205)) - s0: put 9, m4 -> (t:1, i:9), STATEMACHINELOGENTRY, 262@client-6A0DA0A905BB
2023-03-04 02:57:59,037 [s0@group-4480AA813250-StateMachineUpdater] INFO  impl.SimpleStateMachine4Testing (SimpleStateMachine4Testing.java:put(205)) - s0: put 11, m5 -> (t:1, i:11), STATEMACHINELOGENTRY, 263@client-6A0DA0A905BB
2023-03-04 02:57:59,040 [s0@group-4480AA813250-StateMachineUpdater] INFO  impl.SimpleStateMachine4Testing (SimpleStateMachine4Testing.java:put(205)) - s0: put 13, m6 -> (t:1, i:13), STATEMACHINELOGENTRY, 264@client-6A0DA0A905BB
2023-03-04 02:57:59,042 [s0@group-4480AA813250-StateMachineUpdater] INFO  impl.SimpleStateMachine4Testing (SimpleStateMachine4Testing.java:put(205)) - s0: put 15, m7 -> (t:1, i:15), STATEMACHINELOGENTRY, 265@client-6A0DA0A905BB
2023-03-04 02:57:59,046 [s0@group-4480AA813250-StateMachineUpdater] INFO  impl.SimpleStateMachine4Testing (SimpleStateMachine4Testing.java:put(205)) - s0: put 17, m8 -> (t:1, i:17), STATEMACHINELOGENTRY, 266@client-6A0DA0A905BB
2023-03-04 02:57:59,049 [s0@group-4480AA813250-StateMachineUpdater] INFO  impl.SimpleStateMachine4Testing (SimpleStateMachine4Testing.java:put(205)) - s0: put 19, m9 -> (t:1, i:19), STATEMACHINELOGENTRY, 267@client-6A0DA0A905BB
2023-03-04 02:57:59,051 [s0@group-4480AA813250-StateMachineUpdater] INFO  impl.SimpleStateMachine4Testing (SimpleStateMachine4Testing.java:put(205)) - s0: put 21, m10 -> (t:1, i:21), STATEMACHINELOGENTRY, 268@client-6A0DA0A905BB
2023-03-04 02:57:59,054 [s0@group-4480AA813250-StateMachineUpdater] INFO  impl.SimpleStateMachine4Testing (SimpleStateMachine4Testing.java:put(205)) - s0: put 23, m11 -> (t:1, i:23), STATEMACHINELOGENTRY, 269@client-6A0DA0A905BB
2023-03-04 02:57:59,056 [s0@group-4480AA813250-StateMachineUpdater] INFO  impl.SimpleStateMachine4Testing (SimpleStateMachine4Testing.java:put(205)) - s0: put 25, m12 -> (t:1, i:25), STATEMACHINELOGENTRY, 270@client-6A0DA0A905BB
2023-03-04 02:57:59,059 [s0@group-4480AA813250-StateMachineUpdater] INFO  impl.SimpleStateMachine4Testing (SimpleStateMachine4Testing.java:put(205)) - s0: put 27, m13 -> (t:1, i:27), STATEMACHINELOGENTRY, 271@client-6A0DA0A905BB
2023-03-04 02:57:59,061 [s0@group-4480AA813250-StateMachineUpdater] INFO  impl.SimpleStateMachine4Testing (SimpleStateMachine4Testing.java:put(205)) - s0: put 29, m14 -> (t:1, i:29), STATEMACHINELOGENTRY, 272@client-6A0DA0A905BB
2023-03-04 02:57:59,064 [s0@group-4480AA813250-StateMachineUpdater] INFO  impl.SimpleStateMachine4Testing (SimpleStateMachine4Testing.java:put(205)) - s0: put 31, m15 -> (t:1, i:31), STATEMACHINELOGENTRY, 273@client-6A0DA0A905BB
2023-03-04 02:57:59,067 [s0@group-4480AA813250-StateMachineUpdater] INFO  impl.SimpleStateMachine4Testing (SimpleStateMachine4Testing.java:put(205)) - s0: put 33, m16 -> (t:1, i:33), STATEMACHINELOGENTRY, 274@client-6A0DA0A905BB
2023-03-04 02:57:59,070 [s0@group-4480AA813250-StateMachineUpdater] INFO  impl.SimpleStateMachine4Testing (SimpleStateMachine4Testing.java:put(205)) - s0: put 35, m17 -> (t:1, i:35), STATEMACHINELOGENTRY, 275@client-6A0DA0A905BB
2023-03-04 02:57:59,072 [s0@group-4480AA813250-StateMachineUpdater] INFO  impl.SimpleStateMachine4Testing (SimpleStateMachine4Testing.java:put(205)) - s0: put 37, m18 -> (t:1, i:37), STATEMACHINELOGENTRY, 276@client-6A0DA0A905BB
2023-03-04 02:57:59,074 [s0@group-4480AA813250-StateMachineUpdater] INFO  impl.SimpleStateMachine4Testing (SimpleStateMachine4Testing.java:put(205)) - s0: put 39, m19 -> (t:1, i:39), STATEMACHINELOGENTRY, 277@client-6A0DA0A905BB
2023-03-04 02:57:59,077 [s0@group-4480AA813250-StateMachineUpdater] INFO  impl.SimpleStateMachine4Testing (SimpleStateMachine4Testing.java:put(205)) - s0: put 41, m20 -> (t:1, i:41), STATEMACHINELOGENTRY, 278@client-6A0DA0A905BB
2023-03-04 02:57:59,080 [s0@group-4480AA813250-StateMachineUpdater] INFO  impl.SimpleStateMachine4Testing (SimpleStateMachine4Testing.java:put(205)) - s0: put 43, m21 -> (t:1, i:43), STATEMACHINELOGENTRY, 279@client-6A0DA0A905BB
2023-03-04 02:57:59,082 [s0@group-4480AA813250-StateMachineUpdater] INFO  impl.SimpleStateMachine4Testing (SimpleStateMachine4Testing.java:put(205)) - s0: put 45, m22 -> (t:1, i:45), STATEMACHINELOGENTRY, 280@client-6A0DA0A905BB
2023-03-04 02:57:59,085 [s0@group-4480AA813250-StateMachineUpdater] INFO  impl.SimpleStateMachine4Testing (SimpleStateMachine4Testing.java:put(205)) - s0: put 47, m23 -> (t:1, i:47), STATEMACHINELOGENTRY, 281@client-6A0DA0A905BB
2023-03-04 02:57:59,088 [s0@group-4480AA813250-StateMachineUpdater] INFO  impl.SimpleStateMachine4Testing (SimpleStateMachine4Testing.java:put(205)) - s0: put 49, m24 -> (t:1, i:49), STATEMACHINELOGENTRY, 282@client-6A0DA0A905BB
2023-03-04 02:57:59,091 [s0@group-4480AA813250-StateMachineUpdater] INFO  impl.SimpleStateMachine4Testing (SimpleStateMachine4Testing.java:put(205)) - s0: put 51, m25 -> (t:1, i:51), STATEMACHINELOGENTRY, 283@client-6A0DA0A905BB
2023-03-04 02:57:59,093 [s0@group-4480AA813250-StateMachineUpdater] INFO  impl.SimpleStateMachine4Testing (SimpleStateMachine4Testing.java:put(205)) - s0: put 53, m26 -> (t:1, i:53), STATEMACHINELOGENTRY, 284@client-6A0DA0A905BB
2023-03-04 02:57:59,095 [s0@group-4480AA813250-StateMachineUpdater] INFO  impl.SimpleStateMachine4Testing (SimpleStateMachine4Testing.java:put(205)) - s0: put 55, m27 -> (t:1, i:55), STATEMACHINELOGENTRY, 285@client-6A0DA0A905BB
2023-03-04 02:57:59,098 [s0@group-4480AA813250-StateMachineUpdater] INFO  impl.SimpleStateMachine4Testing (SimpleStateMachine4Testing.java:put(205)) - s0: put 57, m28 -> (t:1, i:57), STATEMACHINELOGENTRY, 286@client-6A0DA0A905BB
2023-03-04 02:57:59,100 [s0@group-4480AA813250-StateMachineUpdater] INFO  impl.SimpleStateMachine4Testing (SimpleStateMachine4Testing.java:put(205)) - s0: put 59, m29 -> (t:1, i:59), STATEMACHINELOGENTRY, 287@client-6A0DA0A905BB
2023-03-04 02:57:59,103 [s0@group-4480AA813250-StateMachineUpdater] INFO  impl.SimpleStateMachine4Testing (SimpleStateMachine4Testing.java:put(205)) - s0: put 61, m30 -> (t:1, i:61), STATEMACHINELOGENTRY, 288@client-6A0DA0A905BB
2023-03-04 02:57:59,105 [s0@group-4480AA813250-StateMachineUpdater] INFO  impl.SimpleStateMachine4Testing (SimpleStateMachine4Testing.java:put(205)) - s0: put 63, m31 -> (t:1, i:63), STATEMACHINELOGENTRY, 289@client-6A0DA0A905BB
2023-03-04 02:57:59,105 [s0@group-4480AA813250-StateMachineUpdater] TRACE util.FileUtils (LogUtils.java:runAndLog(49)) - Successfully ran Files.createDirectories /home/runner/work/ratis/ratis/ratis-test/target/test/data/a64ae219/MiniRaftClusterWithGrpc6867ffd7/s0/aee223c3-53d2-4751-a3de-4480aa813250/sm/snapshot
2023-03-04 02:57:59,105 [s0@group-4480AA813250-StateMachineUpdater] TRACE util.FileUtils (LogUtils.java:runAndLog(49)) - Successfully ran Files.createDirectories /home/runner/work/ratis/ratis/ratis-test/target/test/data/a64ae219/MiniRaftClusterWithGrpc6867ffd7/s0/aee223c3-53d2-4751-a3de-4480aa813250/sm/snapshot
2023-03-04 02:57:59,105 [s0@group-4480AA813250-StateMachineUpdater] TRACE util.FileUtils (LogUtils.java:runAndLog(49)) - Successfully ran Files.createDirectories /home/runner/work/ratis/ratis/ratis-test/target/test/data/a64ae219/MiniRaftClusterWithGrpc6867ffd7/s0/aee223c3-53d2-4751-a3de-4480aa813250/sm/snapshot/sub
2023-03-04 02:57:59,106 [s0@group-4480AA813250-StateMachineUpdater] TRACE util.FileUtils (LogUtils.java:supplyAndLog(70)) - Successfully supplied Files.newOutputStream CREATE_NEW /home/runner/work/ratis/ratis/ratis-test/target/test/data/a64ae219/MiniRaftClusterWithGrpc6867ffd7/s0/aee223c3-53d2-4751-a3de-4480aa813250/sm/snapshot/1.bin: java.nio.channels.Channels$1@5d2cc2be
2023-03-04 02:57:59,106 [s0@group-4480AA813250-StateMachineUpdater] TRACE util.FileUtils (LogUtils.java:supplyAndLog(70)) - Successfully supplied Files.newOutputStream CREATE_NEW /home/runner/work/ratis/ratis/ratis-test/target/test/data/a64ae219/MiniRaftClusterWithGrpc6867ffd7/s0/aee223c3-53d2-4751-a3de-4480aa813250/sm/snapshot/sub/2.bin: java.nio.channels.Channels$1@59134dc3
2023-03-04 02:57:59,116 [s0@group-4480AA813250-StateMachineUpdater] INFO  impl.StateMachineUpdater (StateMachineUpdater.java:takeSnapshot(290)) - s0@group-4480AA813250-StateMachineUpdater: Took a snapshot at index 63
2023-03-04 02:57:59,116 [s0@group-4480AA813250-StateMachineUpdater] INFO  impl.StateMachineUpdater (StateMachineUpdater.java:lambda$new$0(96)) - s0@group-4480AA813250-StateMachineUpdater: snapshotIndex: updateIncreasingly -1 -> 63
2023-03-04 02:57:59,116 [s0@group-4480AA813250-StateMachineUpdater] INFO  raftlog.RaftLog (RaftLogBase.java:purge(314)) - s0@group-4480AA813250-SegmentedRaftLog: purge 63
2023-03-04 02:57:59,116 [s0@group-4480AA813250-StateMachineUpdater] INFO  raftlog.RaftLog (RaftLogBase.java:lambda$new$0(53)) - s0@group-4480AA813250-SegmentedRaftLog: snapshotIndex: updateIncreasingly -1 -> 63
2023-03-04 02:57:59,116 [s0@group-4480AA813250-StateMachineUpdater] INFO  raftlog.RaftLog (RaftLogBase.java:lambda$new$0(53)) - s0@group-4480AA813250-SegmentedRaftLog: purgeIndex: updateToMax old=-1, new=63, updated? true
2023-03-04 02:57:59,116 [s0@group-4480AA813250-StateMachineUpdater] INFO  impl.SimpleStateMachine4Testing (SimpleStateMachine4Testing.java:put(205)) - s0: put 65, m32 -> (t:1, i:65), STATEMACHINELOGENTRY, 290@client-6A0DA0A905BB
2023-03-04 02:57:59,119 [s0@group-4480AA813250-StateMachineUpdater] INFO  impl.SimpleStateMachine4Testing (SimpleStateMachine4Testing.java:put(205)) - s0: put 67, m33 -> (t:1, i:67), STATEMACHINELOGENTRY, 291@client-6A0DA0A905BB
2023-03-04 02:57:59,121 [s0@group-4480AA813250-StateMachineUpdater] INFO  impl.SimpleStateMachine4Testing (SimpleStateMachine4Testing.java:put(205)) - s0: put 69, m34 -> (t:1, i:69), STATEMACHINELOGENTRY, 292@client-6A0DA0A905BB
2023-03-04 02:57:59,124 [s0@group-4480AA813250-StateMachineUpdater] INFO  impl.SimpleStateMachine4Testing (SimpleStateMachine4Testing.java:put(205)) - s0: put 71, m35 -> (t:1, i:71), STATEMACHINELOGENTRY, 293@client-6A0DA0A905BB
2023-03-04 02:57:59,126 [s0@group-4480AA813250-StateMachineUpdater] INFO  impl.SimpleStateMachine4Testing (SimpleStateMachine4Testing.java:put(205)) - s0: put 73, m36 -> (t:1, i:73), STATEMACHINELOGENTRY, 294@client-6A0DA0A905BB
2023-03-04 02:57:59,129 [s0@group-4480AA813250-StateMachineUpdater] INFO  impl.SimpleStateMachine4Testing (SimpleStateMachine4Testing.java:put(205)) - s0: put 75, m37 -> (t:1, i:75), STATEMACHINELOGENTRY, 295@client-6A0DA0A905BB
2023-03-04 02:57:59,131 [s0@group-4480AA813250-StateMachineUpdater] INFO  impl.SimpleStateMachine4Testing (SimpleStateMachine4Testing.java:put(205)) - s0: put 77, m38 -> (t:1, i:77), STATEMACHINELOGENTRY, 296@client-6A0DA0A905BB
2023-03-04 02:57:59,133 [s0@group-4480AA813250-StateMachineUpdater] INFO  impl.SimpleStateMachine4Testing (SimpleStateMachine4Testing.java:put(205)) - s0: put 79, m39 -> (t:1, i:79), STATEMACHINELOGENTRY, 297@client-6A0DA0A905BB
2023-03-04 02:57:59,136 [s0@group-4480AA813250-StateMachineUpdater] INFO  impl.SimpleStateMachine4Testing (SimpleStateMachine4Testing.java:put(205)) - s0: put 81, m40 -> (t:1, i:81), STATEMACHINELOGENTRY, 298@client-6A0DA0A905BB
2023-03-04 02:57:59,138 [s0@group-4480AA813250-StateMachineUpdater] INFO  impl.SimpleStateMachine4Testing (SimpleStateMachine4Testing.java:put(205)) - s0: put 83, m41 -> (t:1, i:83), STATEMACHINELOGENTRY, 299@client-6A0DA0A905BB
2023-03-04 02:57:59,141 [s0@group-4480AA813250-StateMachineUpdater] INFO  impl.SimpleStateMachine4Testing (SimpleStateMachine4Testing.java:put(205)) - s0: put 85, m42 -> (t:1, i:85), STATEMACHINELOGENTRY, 300@client-6A0DA0A905BB
2023-03-04 02:57:59,143 [s0@group-4480AA813250-StateMachineUpdater] INFO  impl.SimpleStateMachine4Testing (SimpleStateMachine4Testing.java:put(205)) - s0: put 87, m43 -> (t:1, i:87), STATEMACHINELOGENTRY, 301@client-6A0DA0A905BB
2023-03-04 02:57:59,146 [s0@group-4480AA813250-StateMachineUpdater] INFO  impl.SimpleStateMachine4Testing (SimpleStateMachine4Testing.java:put(205)) - s0: put 89, m44 -> (t:1, i:89), STATEMACHINELOGENTRY, 302@client-6A0DA0A905BB
2023-03-04 02:57:59,148 [s0@group-4480AA813250-StateMachineUpdater] INFO  impl.SimpleStateMachine4Testing (SimpleStateMachine4Testing.java:put(205)) - s0: put 91, m45 -> (t:1, i:91), STATEMACHINELOGENTRY, 303@client-6A0DA0A905BB
2023-03-04 02:57:59,150 [s0@group-4480AA813250-StateMachineUpdater] INFO  impl.SimpleStateMachine4Testing (SimpleStateMachine4Testing.java:put(205)) - s0: put 93, m46 -> (t:1, i:93), STATEMACHINELOGENTRY, 304@client-6A0DA0A905BB
2023-03-04 02:57:59,153 [s0@group-4480AA813250-StateMachineUpdater] INFO  impl.SimpleStateMachine4Testing (SimpleStateMachine4Testing.java:put(205)) - s0: put 95, m47 -> (t:1, i:95), STATEMACHINELOGENTRY, 305@client-6A0DA0A905BB
2023-03-04 02:57:59,155 [s0@group-4480AA813250-StateMachineUpdater] INFO  impl.SimpleStateMachine4Testing (SimpleStateMachine4Testing.java:put(205)) - s0: put 97, m48 -> (t:1, i:97), STATEMACHINELOGENTRY, 306@client-6A0DA0A905BB
2023-03-04 02:57:59,158 [s0@group-4480AA813250-StateMachineUpdater] INFO  impl.SimpleStateMachine4Testing (SimpleStateMachine4Testing.java:put(205)) - s0: put 99, m49 -> (t:1, i:99), STATEMACHINELOGENTRY, 307@client-6A0DA0A905BB
2023-03-04 02:57:59,161 [s0@group-4480AA813250-StateMachineUpdater] INFO  impl.SimpleStateMachine4Testing (SimpleStateMachine4Testing.java:put(205)) - s0: put 101, m50 -> (t:1, i:101), STATEMACHINELOGENTRY, 308@client-6A0DA0A905BB
2023-03-04 02:57:59,163 [s0@group-4480AA813250-StateMachineUpdater] INFO  impl.SimpleStateMachine4Testing (SimpleStateMachine4Testing.java:put(205)) - s0: put 103, m51 -> (t:1, i:103), STATEMACHINELOGENTRY, 309@client-6A0DA0A905BB
2023-03-04 02:57:59,166 [s0@group-4480AA813250-StateMachineUpdater] INFO  impl.SimpleStateMachine4Testing (SimpleStateMachine4Testing.java:put(205)) - s0: put 105, m52 -> (t:1, i:105), STATEMACHINELOGENTRY, 310@client-6A0DA0A905BB
2023-03-04 02:57:59,168 [s0@group-4480AA813250-StateMachineUpdater] INFO  impl.SimpleStateMachine4Testing (SimpleStateMachine4Testing.java:put(205)) - s0: put 107, m53 -> (t:1, i:107), STATEMACHINELOGENTRY, 311@client-6A0DA0A905BB
2023-03-04 02:57:59,170 [s0@group-4480AA813250-StateMachineUpdater] INFO  impl.SimpleStateMachine4Testing (SimpleStateMachine4Testing.java:put(205)) - s0: put 109, m54 -> (t:1, i:109), STATEMACHINELOGENTRY, 312@client-6A0DA0A905BB
2023-03-04 02:57:59,173 [s0@group-4480AA813250-StateMachineUpdater] INFO  impl.SimpleStateMachine4Testing (SimpleStateMachine4Testing.java:put(205)) - s0: put 111, m55 -> (t:1, i:111), STATEMACHINELOGENTRY, 313@client-6A0DA0A905BB
2023-03-04 02:57:59,175 [s0@group-4480AA813250-StateMachineUpdater] INFO  impl.SimpleStateMachine4Testing (SimpleStateMachine4Testing.java:put(205)) - s0: put 113, m56 -> (t:1, i:113), STATEMACHINELOGENTRY, 314@client-6A0DA0A905BB
2023-03-04 02:57:59,178 [s0@group-4480AA813250-StateMachineUpdater] INFO  impl.SimpleStateMachine4Testing (SimpleStateMachine4Testing.java:put(205)) - s0: put 115, m57 -> (t:1, i:115), STATEMACHINELOGENTRY, 315@client-6A0DA0A905BB
2023-03-04 02:57:59,180 [s0@group-4480AA813250-StateMachineUpdater] INFO  impl.SimpleStateMachine4Testing (SimpleStateMachine4Testing.java:put(205)) - s0: put 117, m58 -> (t:1, i:117), STATEMACHINELOGENTRY, 316@client-6A0DA0A905BB
2023-03-04 02:57:59,182 [s0@group-4480AA813250-StateMachineUpdater] INFO  impl.SimpleStateMachine4Testing (SimpleStateMachine4Testing.java:put(205)) - s0: put 119, m59 -> (t:1, i:119), STATEMACHINELOGENTRY, 317@client-6A0DA0A905BB
2023-03-04 02:57:59,185 [s0@group-4480AA813250-StateMachineUpdater] INFO  impl.SimpleStateMachine4Testing (SimpleStateMachine4Testing.java:put(205)) - s0: put 121, m60 -> (t:1, i:121), STATEMACHINELOGENTRY, 318@client-6A0DA0A905BB
2023-03-04 02:57:59,187 [s0@group-4480AA813250-StateMachineUpdater] INFO  impl.SimpleStateMachine4Testing (SimpleStateMachine4Testing.java:put(205)) - s0: put 123, m61 -> (t:1, i:123), STATEMACHINELOGENTRY, 319@client-6A0DA0A905BB
2023-03-04 02:57:59,190 [s0@group-4480AA813250-StateMachineUpdater] INFO  impl.SimpleStateMachine4Testing (SimpleStateMachine4Testing.java:put(205)) - s0: put 125, m62 -> (t:1, i:125), STATEMACHINELOGENTRY, 320@client-6A0DA0A905BB
2023-03-04 02:57:59,193 [s0@group-4480AA813250-StateMachineUpdater] INFO  impl.SimpleStateMachine4Testing (SimpleStateMachine4Testing.java:put(205)) - s0: put 127, m63 -> (t:1, i:127), STATEMACHINELOGENTRY, 321@client-6A0DA0A905BB
2023-03-04 02:57:59,202 [s0@group-4480AA813250-StateMachineUpdater] INFO  impl.StateMachineUpdater (StateMachineUpdater.java:takeSnapshot(290)) - s0@group-4480AA813250-StateMachineUpdater: Took a snapshot at index 127
2023-03-04 02:57:59,203 [s0@group-4480AA813250-StateMachineUpdater] INFO  impl.StateMachineUpdater (StateMachineUpdater.java:lambda$new$0(96)) - s0@group-4480AA813250-StateMachineUpdater: snapshotIndex: updateIncreasingly 63 -> 127
2023-03-04 02:57:59,203 [s0@group-4480AA813250-StateMachineUpdater] INFO  raftlog.RaftLog (RaftLogBase.java:purge(314)) - s0@group-4480AA813250-SegmentedRaftLog: purge 127
2023-03-04 02:57:59,203 [s0@group-4480AA813250-StateMachineUpdater] INFO  raftlog.RaftLog (RaftLogBase.java:lambda$new$0(53)) - s0@group-4480AA813250-SegmentedRaftLog: snapshotIndex: updateIncreasingly 63 -> 127
2023-03-04 02:57:59,203 [s0@group-4480AA813250-StateMachineUpdater] INFO  raftlog.RaftLog (RaftLogBase.java:lambda$new$0(53)) - s0@group-4480AA813250-SegmentedRaftLog: purgeIndex: updateToMax old=63, new=127, updated? true
2023-03-04 02:57:59,203 [s0@group-4480AA813250-StateMachineUpdater] INFO  impl.SimpleStateMachine4Testing (SimpleStateMachine4Testing.java:put(205)) - s0: put 129, m64 -> (t:1, i:129), STATEMACHINELOGENTRY, 322@client-6A0DA0A905BB
2023-03-04 02:57:59,205 [s0@group-4480AA813250-StateMachineUpdater] INFO  impl.SimpleStateMachine4Testing (SimpleStateMachine4Testing.java:put(205)) - s0: put 131, m65 -> (t:1, i:131), STATEMACHINELOGENTRY, 323@client-6A0DA0A905BB
2023-03-04 02:57:59,207 [s0@group-4480AA813250-StateMachineUpdater] INFO  impl.SimpleStateMachine4Testing (SimpleStateMachine4Testing.java:put(205)) - s0: put 133, m66 -> (t:1, i:133), STATEMACHINELOGENTRY, 324@client-6A0DA0A905BB
2023-03-04 02:57:59,210 [s0@group-4480AA813250-StateMachineUpdater] INFO  impl.SimpleStateMachine4Testing (SimpleStateMachine4Testing.java:put(205)) - s0: put 135, m67 -> (t:1, i:135), STATEMACHINELOGENTRY, 325@client-6A0DA0A905BB
2023-03-04 02:57:59,212 [s0@group-4480AA813250-StateMachineUpdater] INFO  impl.SimpleStateMachine4Testing (SimpleStateMachine4Testing.java:put(205)) - s0: put 137, m68 -> (t:1, i:137), STATEMACHINELOGENTRY, 326@client-6A0DA0A905BB
2023-03-04 02:57:59,214 [s0@group-4480AA813250-StateMachineUpdater] INFO  impl.SimpleStateMachine4Testing (SimpleStateMachine4Testing.java:put(205)) - s0: put 139, m69 -> (t:1, i:139), STATEMACHINELOGENTRY, 327@client-6A0DA0A905BB
2023-03-04 02:57:59,217 [s0@group-4480AA813250-StateMachineUpdater] INFO  impl.SimpleStateMachine4Testing (SimpleStateMachine4Testing.java:put(205)) - s0: put 141, m70 -> (t:1, i:141), STATEMACHINELOGENTRY, 328@client-6A0DA0A905BB
2023-03-04 02:57:59,219 [s0@group-4480AA813250-StateMachineUpdater] INFO  impl.SimpleStateMachine4Testing (SimpleStateMachine4Testing.java:put(205)) - s0: put 143, m71 -> (t:1, i:143), STATEMACHINELOGENTRY, 329@client-6A0DA0A905BB
2023-03-04 02:57:59,222 [s0@group-4480AA813250-StateMachineUpdater] INFO  impl.SimpleStateMachine4Testing (SimpleStateMachine4Testing.java:put(205)) - s0: put 145, m72 -> (t:1, i:145), STATEMACHINELOGENTRY, 330@client-6A0DA0A905BB
2023-03-04 02:57:59,224 [s0@group-4480AA813250-StateMachineUpdater] INFO  impl.SimpleStateMachine4Testing (SimpleStateMachine4Testing.java:put(205)) - s0: put 147, m73 -> (t:1, i:147), STATEMACHINELOGENTRY, 331@client-6A0DA0A905BB
2023-03-04 02:57:59,226 [s0@group-4480AA813250-StateMachineUpdater] INFO  impl.SimpleStateMachine4Testing (SimpleStateMachine4Testing.java:put(205)) - s0: put 149, m74 -> (t:1, i:149), STATEMACHINELOGENTRY, 332@client-6A0DA0A905BB
2023-03-04 02:57:59,228 [s0@group-4480AA813250-StateMachineUpdater] INFO  impl.SimpleStateMachine4Testing (SimpleStateMachine4Testing.java:put(205)) - s0: put 151, m75 -> (t:1, i:151), STATEMACHINELOGENTRY, 333@client-6A0DA0A905BB
2023-03-04 02:57:59,231 [s0@group-4480AA813250-StateMachineUpdater] INFO  impl.SimpleStateMachine4Testing (SimpleStateMachine4Testing.java:put(205)) - s0: put 153, m76 -> (t:1, i:153), STATEMACHINELOGENTRY, 334@client-6A0DA0A905BB
2023-03-04 02:57:59,233 [s0@group-4480AA813250-StateMachineUpdater] INFO  impl.SimpleStateMachine4Testing (SimpleStateMachine4Testing.java:put(205)) - s0: put 155, m77 -> (t:1, i:155), STATEMACHINELOGENTRY, 335@client-6A0DA0A905BB
2023-03-04 02:57:59,236 [s0@group-4480AA813250-StateMachineUpdater] INFO  impl.SimpleStateMachine4Testing (SimpleStateMachine4Testing.java:put(205)) - s0: put 157, m78 -> (t:1, i:157), STATEMACHINELOGENTRY, 336@client-6A0DA0A905BB
2023-03-04 02:57:59,239 [s0@group-4480AA813250-StateMachineUpdater] INFO  impl.SimpleStateMachine4Testing (SimpleStateMachine4Testing.java:put(205)) - s0: put 159, m79 -> (t:1, i:159), STATEMACHINELOGENTRY, 337@client-6A0DA0A905BB
2023-03-04 02:57:59,241 [s0@group-4480AA813250-StateMachineUpdater] INFO  impl.SimpleStateMachine4Testing (SimpleStateMachine4Testing.java:put(205)) - s0: put 161, m80 -> (t:1, i:161), STATEMACHINELOGENTRY, 338@client-6A0DA0A905BB
2023-03-04 02:57:59,243 [s0@group-4480AA813250-StateMachineUpdater] INFO  impl.SimpleStateMachine4Testing (SimpleStateMachine4Testing.java:put(205)) - s0: put 163, m81 -> (t:1, i:163), STATEMACHINELOGENTRY, 339@client-6A0DA0A905BB
2023-03-04 02:57:59,245 [s0@group-4480AA813250-StateMachineUpdater] INFO  impl.SimpleStateMachine4Testing (SimpleStateMachine4Testing.java:put(205)) - s0: put 165, m82 -> (t:1, i:165), STATEMACHINELOGENTRY, 340@client-6A0DA0A905BB
2023-03-04 02:57:59,247 [s0@group-4480AA813250-StateMachineUpdater] INFO  impl.SimpleStateMachine4Testing (SimpleStateMachine4Testing.java:put(205)) - s0: put 167, m83 -> (t:1, i:167), STATEMACHINELOGENTRY, 341@client-6A0DA0A905BB
2023-03-04 02:57:59,250 [s0@group-4480AA813250-StateMachineUpdater] INFO  impl.SimpleStateMachine4Testing (SimpleStateMachine4Testing.java:put(205)) - s0: put 169, m84 -> (t:1, i:169), STATEMACHINELOGENTRY, 342@client-6A0DA0A905BB
2023-03-04 02:57:59,252 [s0@group-4480AA813250-StateMachineUpdater] INFO  impl.SimpleStateMachine4Testing (SimpleStateMachine4Testing.java:put(205)) - s0: put 171, m85 -> (t:1, i:171), STATEMACHINELOGENTRY, 343@client-6A0DA0A905BB
2023-03-04 02:57:59,255 [s0@group-4480AA813250-StateMachineUpdater] INFO  impl.SimpleStateMachine4Testing (SimpleStateMachine4Testing.java:put(205)) - s0: put 173, m86 -> (t:1, i:173), STATEMACHINELOGENTRY, 344@client-6A0DA0A905BB
2023-03-04 02:57:59,257 [s0@group-4480AA813250-StateMachineUpdater] INFO  impl.SimpleStateMachine4Testing (SimpleStateMachine4Testing.java:put(205)) - s0: put 175, m87 -> (t:1, i:175), STATEMACHINELOGENTRY, 345@client-6A0DA0A905BB
2023-03-04 02:57:59,259 [s0@group-4480AA813250-StateMachineUpdater] INFO  impl.SimpleStateMachine4Testing (SimpleStateMachine4Testing.java:put(205)) - s0: put 177, m88 -> (t:1, i:177), STATEMACHINELOGENTRY, 346@client-6A0DA0A905BB
2023-03-04 02:57:59,261 [s0@group-4480AA813250-StateMachineUpdater] INFO  impl.SimpleStateMachine4Testing (SimpleStateMachine4Testing.java:put(205)) - s0: put 179, m89 -> (t:1, i:179), STATEMACHINELOGENTRY, 347@client-6A0DA0A905BB
2023-03-04 02:57:59,272 [s0@group-4480AA813250-StateMachineUpdater] INFO  impl.SimpleStateMachine4Testing (SimpleStateMachine4Testing.java:put(205)) - s0: put 181, m90 -> (t:1, i:181), STATEMACHINELOGENTRY, 348@client-6A0DA0A905BB
2023-03-04 02:57:59,274 [s0@group-4480AA813250-StateMachineUpdater] INFO  impl.SimpleStateMachine4Testing (SimpleStateMachine4Testing.java:put(205)) - s0: put 183, m91 -> (t:1, i:183), STATEMACHINELOGENTRY, 349@client-6A0DA0A905BB
2023-03-04 02:57:59,279 [s0@group-4480AA813250-StateMachineUpdater] INFO  impl.SimpleStateMachine4Testing (SimpleStateMachine4Testing.java:put(205)) - s0: put 185, m92 -> (t:1, i:185), STATEMACHINELOGENTRY, 350@client-6A0DA0A905BB
2023-03-04 02:57:59,281 [s0@group-4480AA813250-StateMachineUpdater] INFO  impl.SimpleStateMachine4Testing (SimpleStateMachine4Testing.java:put(205)) - s0: put 187, m93 -> (t:1, i:187), STATEMACHINELOGENTRY, 351@client-6A0DA0A905BB
2023-03-04 02:57:59,284 [s0@group-4480AA813250-StateMachineUpdater] INFO  impl.SimpleStateMachine4Testing (SimpleStateMachine4Testing.java:put(205)) - s0: put 189, m94 -> (t:1, i:189), STATEMACHINELOGENTRY, 352@client-6A0DA0A905BB
2023-03-04 02:57:59,286 [s0@group-4480AA813250-StateMachineUpdater] INFO  impl.SimpleStateMachine4Testing (SimpleStateMachine4Testing.java:put(205)) - s0: put 191, m95 -> (t:1, i:191), STATEMACHINELOGENTRY, 353@client-6A0DA0A905BB
2023-03-04 02:57:59,296 [s0@group-4480AA813250-StateMachineUpdater] INFO  impl.StateMachineUpdater (StateMachineUpdater.java:takeSnapshot(290)) - s0@group-4480AA813250-StateMachineUpdater: Took a snapshot at index 191
2023-03-04 02:57:59,296 [s0@group-4480AA813250-StateMachineUpdater] INFO  impl.StateMachineUpdater (StateMachineUpdater.java:lambda$new$0(96)) - s0@group-4480AA813250-StateMachineUpdater: snapshotIndex: updateIncreasingly 127 -> 191
2023-03-04 02:57:59,296 [s0@group-4480AA813250-StateMachineUpdater] INFO  raftlog.RaftLog (RaftLogBase.java:purge(314)) - s0@group-4480AA813250-SegmentedRaftLog: purge 191
2023-03-04 02:57:59,296 [s0@group-4480AA813250-StateMachineUpdater] INFO  raftlog.RaftLog (RaftLogBase.java:lambda$new$0(53)) - s0@group-4480AA813250-SegmentedRaftLog: snapshotIndex: updateIncreasingly 127 -> 191
2023-03-04 02:57:59,296 [s0@group-4480AA813250-StateMachineUpdater] INFO  raftlog.RaftLog (RaftLogBase.java:lambda$new$0(53)) - s0@group-4480AA813250-SegmentedRaftLog: purgeIndex: updateToMax old=127, new=191, updated? true
2023-03-04 02:57:59,296 [s0@group-4480AA813250-StateMachineUpdater] INFO  impl.SimpleStateMachine4Testing (SimpleStateMachine4Testing.java:put(205)) - s0: put 193, m96 -> (t:1, i:193), STATEMACHINELOGENTRY, 354@client-6A0DA0A905BB
2023-03-04 02:57:59,298 [s0@group-4480AA813250-StateMachineUpdater] INFO  impl.SimpleStateMachine4Testing (SimpleStateMachine4Testing.java:put(205)) - s0: put 195, m97 -> (t:1, i:195), STATEMACHINELOGENTRY, 355@client-6A0DA0A905BB
2023-03-04 02:57:59,301 [s0@group-4480AA813250-StateMachineUpdater] INFO  impl.SimpleStateMachine4Testing (SimpleStateMachine4Testing.java:put(205)) - s0: put 197, m98 -> (t:1, i:197), STATEMACHINELOGENTRY, 356@client-6A0DA0A905BB
2023-03-04 02:57:59,303 [s0@group-4480AA813250-StateMachineUpdater] INFO  impl.SimpleStateMachine4Testing (SimpleStateMachine4Testing.java:put(205)) - s0: put 199, m99 -> (t:1, i:199), STATEMACHINELOGENTRY, 357@client-6A0DA0A905BB
2023-03-04 02:57:59,305 [s0@group-4480AA813250-StateMachineUpdater] INFO  impl.SimpleStateMachine4Testing (SimpleStateMachine4Testing.java:put(205)) - s0: put 201, m100 -> (t:1, i:201), STATEMACHINELOGENTRY, 358@client-6A0DA0A905BB
2023-03-04 02:57:59,308 [s0@group-4480AA813250-StateMachineUpdater] INFO  impl.SimpleStateMachine4Testing (SimpleStateMachine4Testing.java:put(205)) - s0: put 203, m101 -> (t:1, i:203), STATEMACHINELOGENTRY, 359@client-6A0DA0A905BB
2023-03-04 02:57:59,310 [s0@group-4480AA813250-StateMachineUpdater] INFO  impl.SimpleStateMachine4Testing (SimpleStateMachine4Testing.java:put(205)) - s0: put 205, m102 -> (t:1, i:205), STATEMACHINELOGENTRY, 360@client-6A0DA0A905BB
2023-03-04 02:57:59,312 [s0@group-4480AA813250-StateMachineUpdater] INFO  impl.SimpleStateMachine4Testing (SimpleStateMachine4Testing.java:put(205)) - s0: put 207, m103 -> (t:1, i:207), STATEMACHINELOGENTRY, 361@client-6A0DA0A905BB
2023-03-04 02:57:59,314 [s0@group-4480AA813250-StateMachineUpdater] INFO  impl.SimpleStateMachine4Testing (SimpleStateMachine4Testing.java:put(205)) - s0: put 209, m104 -> (t:1, i:209), STATEMACHINELOGENTRY, 362@client-6A0DA0A905BB
2023-03-04 02:57:59,316 [s0@group-4480AA813250-StateMachineUpdater] INFO  impl.SimpleStateMachine4Testing (SimpleStateMachine4Testing.java:put(205)) - s0: put 211, m105 -> (t:1, i:211), STATEMACHINELOGENTRY, 363@client-6A0DA0A905BB
2023-03-04 02:57:59,318 [s0@group-4480AA813250-StateMachineUpdater] INFO  impl.SimpleStateMachine4Testing (SimpleStateMachine4Testing.java:put(205)) - s0: put 213, m106 -> (t:1, i:213), STATEMACHINELOGENTRY, 364@client-6A0DA0A905BB
2023-03-04 02:57:59,320 [s0@group-4480AA813250-StateMachineUpdater] INFO  impl.SimpleStateMachine4Testing (SimpleStateMachine4Testing.java:put(205)) - s0: put 215, m107 -> (t:1, i:215), STATEMACHINELOGENTRY, 365@client-6A0DA0A905BB
2023-03-04 02:57:59,322 [s0@group-4480AA813250-StateMachineUpdater] INFO  impl.SimpleStateMachine4Testing (SimpleStateMachine4Testing.java:put(205)) - s0: put 217, m108 -> (t:1, i:217), STATEMACHINELOGENTRY, 366@client-6A0DA0A905BB
2023-03-04 02:57:59,324 [s0@group-4480AA813250-StateMachineUpdater] INFO  impl.SimpleStateMachine4Testing (SimpleStateMachine4Testing.java:put(205)) - s0: put 219, m109 -> (t:1, i:219), STATEMACHINELOGENTRY, 367@client-6A0DA0A905BB
2023-03-04 02:57:59,326 [s0@group-4480AA813250-StateMachineUpdater] INFO  impl.SimpleStateMachine4Testing (SimpleStateMachine4Testing.java:put(205)) - s0: put 221, m110 -> (t:1, i:221), STATEMACHINELOGENTRY, 368@client-6A0DA0A905BB
2023-03-04 02:57:59,328 [s0@group-4480AA813250-StateMachineUpdater] INFO  impl.SimpleStateMachine4Testing (SimpleStateMachine4Testing.java:put(205)) - s0: put 223, m111 -> (t:1, i:223), STATEMACHINELOGENTRY, 369@client-6A0DA0A905BB
2023-03-04 02:57:59,330 [s0@group-4480AA813250-StateMachineUpdater] INFO  impl.SimpleStateMachine4Testing (SimpleStateMachine4Testing.java:put(205)) - s0: put 225, m112 -> (t:1, i:225), STATEMACHINELOGENTRY, 370@client-6A0DA0A905BB
2023-03-04 02:57:59,332 [s0@group-4480AA813250-StateMachineUpdater] INFO  impl.SimpleStateMachine4Testing (SimpleStateMachine4Testing.java:put(205)) - s0: put 227, m113 -> (t:1, i:227), STATEMACHINELOGENTRY, 371@client-6A0DA0A905BB
2023-03-04 02:57:59,334 [s0@group-4480AA813250-StateMachineUpdater] INFO  impl.SimpleStateMachine4Testing (SimpleStateMachine4Testing.java:put(205)) - s0: put 229, m114 -> (t:1, i:229), STATEMACHINELOGENTRY, 372@client-6A0DA0A905BB
2023-03-04 02:57:59,337 [s0@group-4480AA813250-StateMachineUpdater] INFO  impl.SimpleStateMachine4Testing (SimpleStateMachine4Testing.java:put(205)) - s0: put 231, m115 -> (t:1, i:231), STATEMACHINELOGENTRY, 373@client-6A0DA0A905BB
2023-03-04 02:57:59,339 [s0@group-4480AA813250-StateMachineUpdater] INFO  impl.SimpleStateMachine4Testing (SimpleStateMachine4Testing.java:put(205)) - s0: put 233, m116 -> (t:1, i:233), STATEMACHINELOGENTRY, 374@client-6A0DA0A905BB
2023-03-04 02:57:59,341 [s0@group-4480AA813250-StateMachineUpdater] INFO  impl.SimpleStateMachine4Testing (SimpleStateMachine4Testing.java:put(205)) - s0: put 235, m117 -> (t:1, i:235), STATEMACHINELOGENTRY, 375@client-6A0DA0A905BB
2023-03-04 02:57:59,347 [s0@group-4480AA813250-StateMachineUpdater] INFO  impl.SimpleStateMachine4Testing (SimpleStateMachine4Testing.java:put(205)) - s0: put 237, m118 -> (t:1, i:237), STATEMACHINELOGENTRY, 376@client-6A0DA0A905BB
2023-03-04 02:57:59,349 [s0@group-4480AA813250-StateMachineUpdater] INFO  impl.SimpleStateMachine4Testing (SimpleStateMachine4Testing.java:put(205)) - s0: put 239, m119 -> (t:1, i:239), STATEMACHINELOGENTRY, 377@client-6A0DA0A905BB
2023-03-04 02:57:59,351 [s0@group-4480AA813250-StateMachineUpdater] INFO  impl.SimpleStateMachine4Testing (SimpleStateMachine4Testing.java:put(205)) - s0: put 241, m120 -> (t:1, i:241), STATEMACHINELOGENTRY, 378@client-6A0DA0A905BB
2023-03-04 02:57:59,353 [s0@group-4480AA813250-StateMachineUpdater] INFO  impl.SimpleStateMachine4Testing (SimpleStateMachine4Testing.java:put(205)) - s0: put 243, m121 -> (t:1, i:243), STATEMACHINELOGENTRY, 379@client-6A0DA0A905BB
2023-03-04 02:57:59,355 [s0@group-4480AA813250-StateMachineUpdater] INFO  impl.SimpleStateMachine4Testing (SimpleStateMachine4Testing.java:put(205)) - s0: put 245, m122 -> (t:1, i:245), STATEMACHINELOGENTRY, 380@client-6A0DA0A905BB
2023-03-04 02:57:59,357 [s0@group-4480AA813250-StateMachineUpdater] INFO  impl.SimpleStateMachine4Testing (SimpleStateMachine4Testing.java:put(205)) - s0: put 247, m123 -> (t:1, i:247), STATEMACHINELOGENTRY, 381@client-6A0DA0A905BB
2023-03-04 02:57:59,359 [s0@group-4480AA813250-StateMachineUpdater] INFO  impl.SimpleStateMachine4Testing (SimpleStateMachine4Testing.java:put(205)) - s0: put 249, m124 -> (t:1, i:249), STATEMACHINELOGENTRY, 382@client-6A0DA0A905BB
2023-03-04 02:57:59,361 [s0@group-4480AA813250-StateMachineUpdater] INFO  impl.SimpleStateMachine4Testing (SimpleStateMachine4Testing.java:put(205)) - s0: put 251, m125 -> (t:1, i:251), STATEMACHINELOGENTRY, 383@client-6A0DA0A905BB
2023-03-04 02:57:59,363 [s0@group-4480AA813250-StateMachineUpdater] INFO  impl.SimpleStateMachine4Testing (SimpleStateMachine4Testing.java:put(205)) - s0: put 253, m126 -> (t:1, i:253), STATEMACHINELOGENTRY, 384@client-6A0DA0A905BB
2023-03-04 02:57:59,367 [s0-server-thread1] INFO  server.RaftServer$Division (RaftServerImpl.java:takeSnapshotAsync(1128)) - s0@group-4480AA813250: takeSnapshotAsync SnapshotManagementRequest:client-6A0DA0A905BB->s0@group-4480AA813250, cid=385, seq=0, RO, null, Create:
2023-03-04 02:57:59,367 [s0-server-thread1] INFO  server.RaftServerConfigKeys (ConfUtils.java:logGet(46)) - raft.server.snapshot.creation.gap = 1024 (default)
2023-03-04 02:57:59,370 [Time-limited test] INFO  impl.MiniRaftCluster (MiniRaftCluster.java:addNewPeers(464)) - Add new peers [s1, s2]
2023-03-04 02:57:59,370 [Time-limited test] INFO  impl.MiniRaftCluster (MiniRaftCluster.java:newRaftServer(382)) - newRaftServer: s1, group-4480AA813250:[], format? true
2023-03-04 02:57:59,370 [Time-limited test] TRACE util.FileUtils (FileUtils.java:deleteFully(201)) - deleteFully target/test/data/a64ae219/MiniRaftClusterWithGrpc6867ffd7/s1
2023-03-04 02:57:59,370 [Time-limited test] TRACE util.FileUtils (FileUtils.java:deleteFully(217)) - deleteFully: target/test/data/a64ae219/MiniRaftClusterWithGrpc6867ffd7/s1 does not exist.
2023-03-04 02:57:59,370 [Time-limited test] INFO  impl.MiniRaftCluster (MiniRaftCluster.java:newRaftServer(387)) - Formatted directory target/test/data/a64ae219/MiniRaftClusterWithGrpc6867ffd7/s1
2023-03-04 02:57:59,371 [Time-limited test] INFO  server.RaftServer (ConfUtils.java:logGet(46)) - raft.rpc.type = GRPC (default)
2023-03-04 02:57:59,371 [Time-limited test] INFO  grpc.GrpcConfigKeys (ConfUtils.java:logFallback(53)) - raft.grpc.admin.host = null (fallback to raft.grpc.server.host)
2023-03-04 02:57:59,371 [Time-limited test] INFO  grpc.GrpcConfigKeys (ConfUtils.java:logFallback(53)) - raft.grpc.admin.port = 39591 (fallback to raft.grpc.server.port)
2023-03-04 02:57:59,371 [Time-limited test] INFO  grpc.GrpcConfigKeys (ConfUtils.java:logFallback(53)) - raft.grpc.client.host = null (fallback to raft.grpc.server.host)
2023-03-04 02:57:59,371 [Time-limited test] INFO  grpc.GrpcConfigKeys (ConfUtils.java:logFallback(53)) - raft.grpc.client.port = 39591 (fallback to raft.grpc.server.port)
2023-03-04 02:57:59,371 [Time-limited test] INFO  grpc.GrpcConfigKeys (ConfUtils.java:logGet(46)) - raft.grpc.server.host = null (default)
2023-03-04 02:57:59,371 [Time-limited test] INFO  grpc.GrpcConfigKeys (ConfUtils.java:logGet(46)) - raft.grpc.server.port = 39591 (custom)
2023-03-04 02:57:59,371 [Time-limited test] INFO  server.GrpcService (ConfUtils.java:logGet(46)) - raft.grpc.message.size.max = 64MB (=67108864) (default)
2023-03-04 02:57:59,371 [Time-limited test] INFO  server.RaftServerConfigKeys (ConfUtils.java:logGet(46)) - raft.server.log.appender.buffer.byte-limit = 4MB (=4194304) (default)
2023-03-04 02:57:59,371 [Time-limited test] INFO  server.GrpcService (ConfUtils.java:logGet(46)) - raft.grpc.flow.control.window = 1MB (=1048576) (default)
2023-03-04 02:57:59,371 [Time-limited test] INFO  server.RaftServerConfigKeys (ConfUtils.java:logGet(46)) - raft.server.rpc.request.timeout = 3000ms (default)
2023-03-04 02:57:59,371 [Time-limited test] INFO  grpc.GrpcConfigKeys (ConfUtils.java:logGet(46)) - raft.grpc.server.heartbeat.channel = true (default)
2023-03-04 02:57:59,371 [Time-limited test] INFO  grpc.GrpcConfigKeys (ConfUtils.java:logGet(46)) - raft.grpc.server.async.request.thread.pool.cached = true (default)
2023-03-04 02:57:59,371 [Time-limited test] INFO  grpc.GrpcConfigKeys (ConfUtils.java:logGet(46)) - raft.grpc.server.async.request.thread.pool.size = 32 (default)
2023-03-04 02:57:59,372 [Time-limited test] INFO  impl.DataStreamServerImpl (ConfUtils.java:logGet(46)) - raft.datastream.type = DISABLED (default)
2023-03-04 02:57:59,372 [Time-limited test] INFO  server.RaftServerConfigKeys (ConfUtils.java:logGet(46)) - raft.server.threadpool.proxy.cached = true (default)
2023-03-04 02:57:59,372 [Time-limited test] INFO  server.RaftServerConfigKeys (ConfUtils.java:logGet(46)) - raft.server.threadpool.proxy.size = 0 (default)
2023-03-04 02:57:59,372 [Time-limited test] INFO  server.RaftServerConfigKeys (ConfUtils.java:logGet(46)) - raft.server.rpc.slowness.timeout = 60s (default)
2023-03-04 02:57:59,373 [Time-limited test] INFO  server.RaftServerConfigKeys (ConfUtils.java:logGet(46)) - raft.server.leaderelection.leader.step-down.wait-time = 10s (default)
2023-03-04 02:57:59,373 [Time-limited test] INFO  server.RaftServerConfigKeys (ConfUtils.java:logGet(46)) - raft.server.storage.dir = [/home/runner/work/ratis/ratis/ratis-test/target/test/data/a64ae219/MiniRaftClusterWithGrpc6867ffd7/s1] (custom)
2023-03-04 02:57:59,375 [Time-limited test] INFO  server.RaftServer (RaftServerProxy.java:addNew(99)) - s1: addNew group-4480AA813250:[] returns group-4480AA813250:java.util.concurrent.CompletableFuture@53a00501[Not completed]
2023-03-04 02:57:59,375 [Time-limited test] INFO  impl.MiniRaftCluster (MiniRaftCluster.java:newRaftServer(382)) - newRaftServer: s2, group-4480AA813250:[], format? true
2023-03-04 02:57:59,375 [Time-limited test] TRACE util.FileUtils (FileUtils.java:deleteFully(201)) - deleteFully target/test/data/a64ae219/MiniRaftClusterWithGrpc6867ffd7/s2
2023-03-04 02:57:59,375 [Time-limited test] TRACE util.FileUtils (FileUtils.java:deleteFully(217)) - deleteFully: target/test/data/a64ae219/MiniRaftClusterWithGrpc6867ffd7/s2 does not exist.
2023-03-04 02:57:59,375 [Time-limited test] INFO  impl.MiniRaftCluster (MiniRaftCluster.java:newRaftServer(387)) - Formatted directory target/test/data/a64ae219/MiniRaftClusterWithGrpc6867ffd7/s2
2023-03-04 02:57:59,375 [s1-groupManagement] INFO  server.RaftServerConfigKeys (ConfUtils.java:logGet(46)) - raft.server.log.segment.size.max = 8MB (=8388608) (default)
2023-03-04 02:57:59,375 [s1-groupManagement] INFO  server.RaftServerConfigKeys (ConfUtils.java:logGet(46)) - raft.server.log.preallocated.size = 4MB (=4194304) (default)
2023-03-04 02:57:59,375 [Time-limited test] INFO  server.RaftServer (ConfUtils.java:logGet(46)) - raft.rpc.type = GRPC (default)
2023-03-04 02:57:59,375 [s1-groupManagement] INFO  server.RaftServerConfigKeys (ConfUtils.java:logGet(46)) - raft.server.log.write.buffer.size = 64KB (=65536) (default)
2023-03-04 02:57:59,375 [Time-limited test] INFO  grpc.GrpcConfigKeys (ConfUtils.java:logFallback(53)) - raft.grpc.admin.host = null (fallback to raft.grpc.server.host)
2023-03-04 02:57:59,375 [s1-groupManagement] INFO  server.RaftServer$Division (RaftServerImpl.java:<init>(198)) - s1: new RaftServerImpl for group-4480AA813250:[] with StateMachineWithMultiNestedSnapshotFile:uninitialized
2023-03-04 02:57:59,375 [s1-groupManagement] INFO  server.RaftServerConfigKeys (ConfUtils.java:logGet(46)) - raft.server.rpc.timeout.min = 150ms (default)
2023-03-04 02:57:59,376 [s1-groupManagement] INFO  server.RaftServerConfigKeys (ConfUtils.java:logGet(46)) - raft.server.rpc.timeout.max = 300ms (default)
2023-03-04 02:57:59,376 [s1-groupManagement] INFO  server.RaftServerConfigKeys (ConfUtils.java:logGet(46)) - raft.server.rpc.sleep.time = 25ms (default)
2023-03-04 02:57:59,376 [s1-groupManagement] INFO  server.RaftServerConfigKeys (ConfUtils.java:logGet(46)) - raft.server.rpc.slowness.timeout = 60s (default)
2023-03-04 02:57:59,376 [s1-groupManagement] INFO  server.RaftServerConfigKeys (ConfUtils.java:logGet(46)) - raft.server.leaderelection.leader.step-down.wait-time = 10s (default)
2023-03-04 02:57:59,376 [s1-groupManagement] INFO  server.RaftServerConfigKeys (ConfUtils.java:logGet(46)) - raft.server.sleep.deviation.threshold = 300ms (default)
2023-03-04 02:57:59,377 [s1-groupManagement] INFO  server.RaftServer$Division (ServerState.java:<init>(113)) - s1@group-4480AA813250: ConfigurationManager, init=-1: peers:[]|listeners:[], old=null, confs=<EMPTY_MAP>
2023-03-04 02:57:59,377 [s1-groupManagement] INFO  server.RaftServerConfigKeys (ConfUtils.java:logGet(46)) - raft.server.notification.no-leader.timeout = 60s (default)
2023-03-04 02:57:59,377 [s1-groupManagement] INFO  server.RaftServerConfigKeys (ConfUtils.java:logGet(46)) - raft.server.read.timeout = 10s (default)
2023-03-04 02:57:59,377 [s1-groupManagement] INFO  server.RaftServerConfigKeys (ConfUtils.java:logGet(46)) - raft.server.retrycache.expirytime = 60s (default)
2023-03-04 02:57:59,377 [s1-groupManagement] INFO  server.RaftServerConfigKeys (ConfUtils.java:logGet(46)) - raft.server.retrycache.statistics.expirytime = 100μs (default)
2023-03-04 02:57:59,377 [s1-groupManagement] INFO  server.RaftServerConfigKeys (ConfUtils.java:logGet(46)) - raft.server.read.option = DEFAULT (default)
2023-03-04 02:57:59,379 [s1-groupManagement] INFO  server.RaftServerConfigKeys (ConfUtils.java:logGet(46)) - raft.server.log.appender.install.snapshot.enabled = true (default)
2023-03-04 02:57:59,379 [s1-groupManagement] INFO  server.RaftServerConfigKeys (ConfUtils.java:logGet(46)) - raft.server.threadpool.server.cached = true (default)
2023-03-04 02:57:59,379 [s1-groupManagement] INFO  server.RaftServerConfigKeys (ConfUtils.java:logGet(46)) - raft.server.threadpool.server.size = 0 (default)
2023-03-04 02:57:59,379 [s1-groupManagement] INFO  server.RaftServerConfigKeys (ConfUtils.java:logGet(46)) - raft.server.threadpool.client.cached = true (default)
2023-03-04 02:57:59,379 [s1-groupManagement] INFO  server.RaftServerConfigKeys (ConfUtils.java:logGet(46)) - raft.server.threadpool.client.size = 0 (default)
2023-03-04 02:57:59,375 [Time-limited test] INFO  grpc.GrpcConfigKeys (ConfUtils.java:logFallback(53)) - raft.grpc.admin.port = 46563 (fallback to raft.grpc.server.port)
2023-03-04 02:57:59,380 [Time-limited test] INFO  grpc.GrpcConfigKeys (ConfUtils.java:logFallback(53)) - raft.grpc.client.host = null (fallback to raft.grpc.server.host)
2023-03-04 02:57:59,380 [Time-limited test] INFO  grpc.GrpcConfigKeys (ConfUtils.java:logFallback(53)) - raft.grpc.client.port = 46563 (fallback to raft.grpc.server.port)
2023-03-04 02:57:59,380 [Time-limited test] INFO  grpc.GrpcConfigKeys (ConfUtils.java:logGet(46)) - raft.grpc.server.host = null (default)
2023-03-04 02:57:59,380 [Time-limited test] INFO  grpc.GrpcConfigKeys (ConfUtils.java:logGet(46)) - raft.grpc.server.port = 46563 (custom)
2023-03-04 02:57:59,381 [Time-limited test] INFO  server.GrpcService (ConfUtils.java:logGet(46)) - raft.grpc.message.size.max = 64MB (=67108864) (default)
2023-03-04 02:57:59,381 [Time-limited test] INFO  server.RaftServerConfigKeys (ConfUtils.java:logGet(46)) - raft.server.log.appender.buffer.byte-limit = 4MB (=4194304) (default)
2023-03-04 02:57:59,381 [Time-limited test] INFO  server.GrpcService (ConfUtils.java:logGet(46)) - raft.grpc.flow.control.window = 1MB (=1048576) (default)
2023-03-04 02:57:59,381 [Time-limited test] INFO  server.RaftServerConfigKeys (ConfUtils.java:logGet(46)) - raft.server.rpc.request.timeout = 3000ms (default)
2023-03-04 02:57:59,381 [Time-limited test] INFO  grpc.GrpcConfigKeys (ConfUtils.java:logGet(46)) - raft.grpc.server.heartbeat.channel = true (default)
2023-03-04 02:57:59,381 [Time-limited test] INFO  grpc.GrpcConfigKeys (ConfUtils.java:logGet(46)) - raft.grpc.server.async.request.thread.pool.cached = true (default)
2023-03-04 02:57:59,381 [Time-limited test] INFO  grpc.GrpcConfigKeys (ConfUtils.java:logGet(46)) - raft.grpc.server.async.request.thread.pool.size = 32 (default)
2023-03-04 02:57:59,382 [Time-limited test] INFO  impl.DataStreamServerImpl (ConfUtils.java:logGet(46)) - raft.datastream.type = DISABLED (default)
2023-03-04 02:57:59,382 [Time-limited test] INFO  server.RaftServerConfigKeys (ConfUtils.java:logGet(46)) - raft.server.threadpool.proxy.cached = true (default)
2023-03-04 02:57:59,382 [Time-limited test] INFO  server.RaftServerConfigKeys (ConfUtils.java:logGet(46)) - raft.server.threadpool.proxy.size = 0 (default)
2023-03-04 02:57:59,382 [Time-limited test] INFO  server.RaftServerConfigKeys (ConfUtils.java:logGet(46)) - raft.server.rpc.slowness.timeout = 60s (default)
2023-03-04 02:57:59,382 [Time-limited test] INFO  server.RaftServerConfigKeys (ConfUtils.java:logGet(46)) - raft.server.leaderelection.leader.step-down.wait-time = 10s (default)
2023-03-04 02:57:59,382 [Time-limited test] INFO  server.RaftServerConfigKeys (ConfUtils.java:logGet(46)) - raft.server.storage.dir = [/home/runner/work/ratis/ratis/ratis-test/target/test/data/a64ae219/MiniRaftClusterWithGrpc6867ffd7/s2] (custom)
2023-03-04 02:57:59,384 [Time-limited test] INFO  server.RaftServer (RaftServerProxy.java:addNew(99)) - s2: addNew group-4480AA813250:[] returns group-4480AA813250:java.util.concurrent.CompletableFuture@4bd503c7[Not completed]
2023-03-04 02:57:59,384 [s1-impl-thread1] INFO  server.RaftServerConfigKeys (ConfUtils.java:logGet(46)) - raft.server.storage.free-space.min = 0MB (=0) (default)
2023-03-04 02:57:59,384 [s1-impl-thread1] INFO  server.RaftServerConfigKeys (ConfUtils.java:logGet(46)) - raft.server.log.corruption.policy = EXCEPTION (default)
2023-03-04 02:57:59,384 [s1-impl-thread1] INFO  server.RaftServerConfigKeys (ConfUtils.java:logGet(46)) - raft.server.storage.dir = [/home/runner/work/ratis/ratis/ratis-test/target/test/data/a64ae219/MiniRaftClusterWithGrpc6867ffd7/s1] (custom)
2023-03-04 02:57:59,385 [s1-impl-thread1] INFO  storage.RaftStorageDirectory (RaftStorageDirectoryImpl.java:analyzeStorage(138)) - The storage directory /home/runner/work/ratis/ratis/ratis-test/target/test/data/a64ae219/MiniRaftClusterWithGrpc6867ffd7/s1/aee223c3-53d2-4751-a3de-4480aa813250 does not exist. Creating ...
2023-03-04 02:57:59,385 [s1-impl-thread1] TRACE util.FileUtils (LogUtils.java:runAndLog(49)) - Successfully ran Files.createDirectories /home/runner/work/ratis/ratis/ratis-test/target/test/data/a64ae219/MiniRaftClusterWithGrpc6867ffd7/s1/aee223c3-53d2-4751-a3de-4480aa813250
2023-03-04 02:57:59,386 [s2-groupManagement] INFO  server.RaftServerConfigKeys (ConfUtils.java:logGet(46)) - raft.server.log.segment.size.max = 8MB (=8388608) (default)
2023-03-04 02:57:59,386 [s2-groupManagement] INFO  server.RaftServerConfigKeys (ConfUtils.java:logGet(46)) - raft.server.log.preallocated.size = 4MB (=4194304) (default)
2023-03-04 02:57:59,386 [s2-groupManagement] INFO  server.RaftServerConfigKeys (ConfUtils.java:logGet(46)) - raft.server.log.write.buffer.size = 64KB (=65536) (default)
2023-03-04 02:57:59,386 [s2-groupManagement] INFO  server.RaftServer$Division (RaftServerImpl.java:<init>(198)) - s2: new RaftServerImpl for group-4480AA813250:[] with StateMachineWithMultiNestedSnapshotFile:uninitialized
2023-03-04 02:57:59,386 [s2-groupManagement] INFO  server.RaftServerConfigKeys (ConfUtils.java:logGet(46)) - raft.server.rpc.timeout.min = 150ms (default)
2023-03-04 02:57:59,386 [s2-groupManagement] INFO  server.RaftServerConfigKeys (ConfUtils.java:logGet(46)) - raft.server.rpc.timeout.max = 300ms (default)
2023-03-04 02:57:59,386 [s2-groupManagement] INFO  server.RaftServerConfigKeys (ConfUtils.java:logGet(46)) - raft.server.rpc.sleep.time = 25ms (default)
2023-03-04 02:57:59,386 [s2-groupManagement] INFO  server.RaftServerConfigKeys (ConfUtils.java:logGet(46)) - raft.server.rpc.slowness.timeout = 60s (default)
2023-03-04 02:57:59,386 [s2-groupManagement] INFO  server.RaftServerConfigKeys (ConfUtils.java:logGet(46)) - raft.server.leaderelection.leader.step-down.wait-time = 10s (default)
2023-03-04 02:57:59,386 [s2-groupManagement] INFO  server.RaftServerConfigKeys (ConfUtils.java:logGet(46)) - raft.server.sleep.deviation.threshold = 300ms (default)
2023-03-04 02:57:59,386 [s2-groupManagement] INFO  server.RaftServer$Division (ServerState.java:<init>(113)) - s2@group-4480AA813250: ConfigurationManager, init=-1: peers:[]|listeners:[], old=null, confs=<EMPTY_MAP>
2023-03-04 02:57:59,386 [s2-groupManagement] INFO  server.RaftServerConfigKeys (ConfUtils.java:logGet(46)) - raft.server.notification.no-leader.timeout = 60s (default)
2023-03-04 02:57:59,386 [s2-groupManagement] INFO  server.RaftServerConfigKeys (ConfUtils.java:logGet(46)) - raft.server.read.timeout = 10s (default)
2023-03-04 02:57:59,386 [s1-impl-thread1] INFO  storage.RaftStorageDirectory (RaftStorageDirectoryImpl.java:tryLock(232)) - Lock on /home/runner/work/ratis/ratis/ratis-test/target/test/data/a64ae219/MiniRaftClusterWithGrpc6867ffd7/s1/aee223c3-53d2-4751-a3de-4480aa813250/in_use.lock acquired by nodename 3748@fv-az483-594
2023-03-04 02:57:59,386 [s1-impl-thread1] TRACE util.FileUtils (LogUtils.java:runAndLog(49)) - Successfully ran Files.createDirectories /home/runner/work/ratis/ratis/ratis-test/target/test/data/a64ae219/MiniRaftClusterWithGrpc6867ffd7/s1/aee223c3-53d2-4751-a3de-4480aa813250/current
2023-03-04 02:57:59,387 [s1-impl-thread1] TRACE util.FileUtils (LogUtils.java:runAndLog(49)) - Successfully ran Files.createDirectories /home/runner/work/ratis/ratis/ratis-test/target/test/data/a64ae219/MiniRaftClusterWithGrpc6867ffd7/s1/aee223c3-53d2-4751-a3de-4480aa813250/sm
2023-03-04 02:57:59,387 [s2-groupManagement] INFO  server.RaftServerConfigKeys (ConfUtils.java:logGet(46)) - raft.server.retrycache.expirytime = 60s (default)
2023-03-04 02:57:59,387 [s2-groupManagement] INFO  server.RaftServerConfigKeys (ConfUtils.java:logGet(46)) - raft.server.retrycache.statistics.expirytime = 100μs (default)
2023-03-04 02:57:59,387 [s1-impl-thread1] INFO  storage.RaftStorage (RaftStorageImpl.java:format(96)) - Storage directory /home/runner/work/ratis/ratis/ratis-test/target/test/data/a64ae219/MiniRaftClusterWithGrpc6867ffd7/s1/aee223c3-53d2-4751-a3de-4480aa813250 has been successfully formatted.
2023-03-04 02:57:59,388 [s1-impl-thread1] INFO  impl.SimpleStateMachine4Testing (SimpleStateMachine4Testing.java:initialize(213)) - Initializing StateMachineWithMultiNestedSnapshotFile:uninitialized
2023-03-04 02:57:59,388 [s1-impl-thread1] INFO  impl.SimpleStateMachine4Testing (SimpleStateMachine4Testing.java:loadSnapshot(293)) - Loading snapshot null
2023-03-04 02:57:59,388 [s1-impl-thread1] INFO  server.RaftServerConfigKeys (ConfUtils.java:logGet(46)) - raft.server.log.use.memory = false (default)
2023-03-04 02:57:59,388 [s1-impl-thread1] INFO  server.RaftServerConfigKeys (ConfUtils.java:logGet(46)) - raft.server.log.purge.gap = 8 (custom)
2023-03-04 02:57:59,388 [s1-impl-thread1] INFO  server.RaftServerConfigKeys (ConfUtils.java:logGet(46)) - raft.server.log.appender.buffer.byte-limit = 4MB (=4194304) (default)
2023-03-04 02:57:59,388 [s1-impl-thread1] INFO  server.RaftServerConfigKeys (ConfUtils.java:logGet(46)) - raft.server.log.statemachine.data.read.timeout = 1000ms (default)
2023-03-04 02:57:59,388 [s1-impl-thread1] INFO  server.RaftServerConfigKeys (ConfUtils.java:logGet(46)) - raft.server.log.purge.preservation.log.num = 0 (default)
2023-03-04 02:57:59,388 [s1-impl-thread1] INFO  server.RaftServerConfigKeys (ConfUtils.java:logGet(46)) - raft.server.log.segment.size.max = 8MB (=8388608) (default)
2023-03-04 02:57:59,388 [s1-impl-thread1] INFO  server.RaftServerConfigKeys (ConfUtils.java:logGet(46)) - raft.server.log.segment.cache.num.max = 6 (default)
2023-03-04 02:57:59,389 [s1-impl-thread1] INFO  server.RaftServerConfigKeys (ConfUtils.java:logGet(46)) - raft.server.log.segment.cache.size.max = 200MB (=209715200) (default)
2023-03-04 02:57:59,389 [s1-impl-thread1] INFO  server.RaftServerConfigKeys (ConfUtils.java:logGet(46)) - raft.server.log.appender.buffer.byte-limit = 4MB (=4194304) (default)
2023-03-04 02:57:59,389 [s1-impl-thread1] INFO  segmented.SegmentedRaftLogWorker (SegmentedRaftLogWorker.java:<init>(183)) - new s1@group-4480AA813250-SegmentedRaftLogWorker for RaftStorageImpl:Storage Directory /home/runner/work/ratis/ratis/ratis-test/target/test/data/a64ae219/MiniRaftClusterWithGrpc6867ffd7/s1/aee223c3-53d2-4751-a3de-4480aa813250
2023-03-04 02:57:59,389 [s1-impl-thread1] INFO  server.RaftServerConfigKeys (ConfUtils.java:logGet(46)) - raft.server.log.queue.byte-limit = 64MB (=67108864) (default)
2023-03-04 02:57:59,389 [s1-impl-thread1] INFO  server.RaftServerConfigKeys (ConfUtils.java:logGet(46)) - raft.server.log.queue.element-limit = 4096 (default)
2023-03-04 02:57:59,389 [s1-impl-thread1] INFO  server.RaftServerConfigKeys (ConfUtils.java:logGet(46)) - raft.server.log.segment.size.max = 8MB (=8388608) (default)
2023-03-04 02:57:59,389 [s1-impl-thread1] INFO  server.RaftServerConfigKeys (ConfUtils.java:logGet(46)) - raft.server.log.preallocated.size = 4MB (=4194304) (default)
2023-03-04 02:57:59,389 [s1-impl-thread1] INFO  server.RaftServerConfigKeys (ConfUtils.java:logGet(46)) - raft.server.log.force.sync.num = 128 (default)
2023-03-04 02:57:59,389 [s1-impl-thread1] INFO  server.RaftServerConfigKeys (ConfUtils.java:logGet(46)) - raft.server.log.statemachine.data.sync = true (default)
2023-03-04 02:57:59,389 [s1-impl-thread1] INFO  server.RaftServerConfigKeys (ConfUtils.java:logGet(46)) - raft.server.log.statemachine.data.sync.timeout = 10s (default)
2023-03-04 02:57:59,389 [s1-impl-thread1] INFO  server.RaftServerConfigKeys (ConfUtils.java:logGet(46)) - raft.server.log.statemachine.data.sync.timeout.retry = -1 (default)
2023-03-04 02:57:59,389 [s1-impl-thread1] INFO  server.RaftServerConfigKeys (ConfUtils.java:logGet(46)) - raft.server.log.write.buffer.size = 64KB (=65536) (default)
2023-03-04 02:57:59,389 [s1-impl-thread1] INFO  server.RaftServerConfigKeys (ConfUtils.java:logGet(46)) - raft.server.log.appender.buffer.byte-limit = 4MB (=4194304) (default)
2023-03-04 02:57:59,390 [s1-impl-thread1] INFO  server.RaftServerConfigKeys (ConfUtils.java:logGet(46)) - raft.server.log.unsafe-flush.enabled = false (default)
2023-03-04 02:57:59,390 [s1-impl-thread1] INFO  server.RaftServerConfigKeys (ConfUtils.java:logGet(46)) - raft.server.log.async-flush.enabled = false (default)
2023-03-04 02:57:59,390 [s1-impl-thread1] INFO  server.RaftServerConfigKeys (ConfUtils.java:logGet(46)) - raft.server.log.statemachine.data.caching.enabled = false (default)
2023-03-04 02:57:59,390 [s1-impl-thread1] INFO  segmented.SegmentedRaftLogWorker (SegmentedRaftLogWorker.java:lambda$new$0(134)) - s1@group-4480AA813250-SegmentedRaftLogWorker: flushIndex: setUnconditionally 0 -> -1
2023-03-04 02:57:59,390 [s1-impl-thread1] INFO  segmented.SegmentedRaftLogWorker (SegmentedRaftLogWorker.java:lambda$new$0(134)) - s1@group-4480AA813250-SegmentedRaftLogWorker: safeCacheEvictIndex: setUnconditionally 0 -> -1
2023-03-04 02:57:59,392 [s2-groupManagement] INFO  server.RaftServerConfigKeys (ConfUtils.java:logGet(46)) - raft.server.read.option = DEFAULT (default)
2023-03-04 02:57:59,393 [s2-groupManagement] INFO  server.RaftServerConfigKeys (ConfUtils.java:logGet(46)) - raft.server.log.appender.install.snapshot.enabled = true (default)
2023-03-04 02:57:59,393 [s2-groupManagement] INFO  server.RaftServerConfigKeys (ConfUtils.java:logGet(46)) - raft.server.threadpool.server.cached = true (default)
2023-03-04 02:57:59,393 [s2-groupManagement] INFO  server.RaftServerConfigKeys (ConfUtils.java:logGet(46)) - raft.server.threadpool.server.size = 0 (default)
2023-03-04 02:57:59,393 [s2-groupManagement] INFO  server.RaftServerConfigKeys (ConfUtils.java:logGet(46)) - raft.server.threadpool.client.cached = true (default)
2023-03-04 02:57:59,393 [s2-groupManagement] INFO  server.RaftServerConfigKeys (ConfUtils.java:logGet(46)) - raft.server.threadpool.client.size = 0 (default)
2023-03-04 02:57:59,393 [s1-impl-thread1] INFO  server.RaftServer$Division (RaftServerImpl.java:start(348)) - s1@group-4480AA813250: start with initializing state, conf=-1: peers:[]|listeners:[], old=null
2023-03-04 02:57:59,393 [s1-impl-thread1] INFO  server.RaftServer$Division (RaftServerImpl.java:setRole(329)) - s1@group-4480AA813250: changes role from      null to FOLLOWER at term 0 for startInitializing
2023-03-04 02:57:59,393 [s1-impl-thread1] INFO  util.JmxRegister (JmxRegister.java:tryRegister(44)) - Successfully registered JMX Bean with object name Ratis:service=RaftServer,group=group-4480AA813250,id=s1
2023-03-04 02:57:59,394 [s1-impl-thread1] INFO  server.RaftServerConfigKeys (ConfUtils.java:logGet(46)) - raft.server.snapshot.auto.trigger.enabled = true (custom)
2023-03-04 02:57:59,394 [s1-impl-thread1] INFO  server.RaftServerConfigKeys (ConfUtils.java:logGet(46)) - raft.server.snapshot.auto.trigger.threshold = 64 (custom)
2023-03-04 02:57:59,394 [s1-impl-thread1] INFO  server.RaftServerConfigKeys (ConfUtils.java:logGet(46)) - raft.server.snapshot.retention.file.num = -1 (default)
2023-03-04 02:57:59,394 [s1-impl-thread1] INFO  server.RaftServerConfigKeys (ConfUtils.java:logGet(46)) - raft.server.log.purge.upto.snapshot.index = false (default)
2023-03-04 02:57:59,394 [Time-limited test] INFO  server.RaftServer (RaftServerProxy.java:startImpl(401)) - s1: start RPC server
2023-03-04 02:57:59,395 [Time-limited test] INFO  server.GrpcService (GrpcService.java:startImpl(302)) - s1: GrpcService started, listening on 39591
2023-03-04 02:57:59,395 [JvmPauseMonitor7] INFO  util.JvmPauseMonitor (JvmPauseMonitor.java:run(103)) - JvmPauseMonitor-s1: Started
2023-03-04 02:57:59,395 [s2-impl-thread1] INFO  server.RaftServerConfigKeys (ConfUtils.java:logGet(46)) - raft.server.storage.free-space.min = 0MB (=0) (default)
2023-03-04 02:57:59,395 [s2-impl-thread1] INFO  server.RaftServerConfigKeys (ConfUtils.java:logGet(46)) - raft.server.log.corruption.policy = EXCEPTION (default)
2023-03-04 02:57:59,395 [s2-impl-thread1] INFO  server.RaftServerConfigKeys (ConfUtils.java:logGet(46)) - raft.server.storage.dir = [/home/runner/work/ratis/ratis/ratis-test/target/test/data/a64ae219/MiniRaftClusterWithGrpc6867ffd7/s2] (custom)
2023-03-04 02:57:59,395 [s2-impl-thread1] INFO  storage.RaftStorageDirectory (RaftStorageDirectoryImpl.java:analyzeStorage(138)) - The storage directory /home/runner/work/ratis/ratis/ratis-test/target/test/data/a64ae219/MiniRaftClusterWithGrpc6867ffd7/s2/aee223c3-53d2-4751-a3de-4480aa813250 does not exist. Creating ...
2023-03-04 02:57:59,396 [s2-impl-thread1] TRACE util.FileUtils (LogUtils.java:runAndLog(49)) - Successfully ran Files.createDirectories /home/runner/work/ratis/ratis/ratis-test/target/test/data/a64ae219/MiniRaftClusterWithGrpc6867ffd7/s2/aee223c3-53d2-4751-a3de-4480aa813250
2023-03-04 02:57:59,397 [s2-impl-thread1] INFO  storage.RaftStorageDirectory (RaftStorageDirectoryImpl.java:tryLock(232)) - Lock on /home/runner/work/ratis/ratis/ratis-test/target/test/data/a64ae219/MiniRaftClusterWithGrpc6867ffd7/s2/aee223c3-53d2-4751-a3de-4480aa813250/in_use.lock acquired by nodename 3748@fv-az483-594
2023-03-04 02:57:59,397 [s2-impl-thread1] TRACE util.FileUtils (LogUtils.java:runAndLog(49)) - Successfully ran Files.createDirectories /home/runner/work/ratis/ratis/ratis-test/target/test/data/a64ae219/MiniRaftClusterWithGrpc6867ffd7/s2/aee223c3-53d2-4751-a3de-4480aa813250/current
2023-03-04 02:57:59,397 [s2-impl-thread1] TRACE util.FileUtils (LogUtils.java:runAndLog(49)) - Successfully ran Files.createDirectories /home/runner/work/ratis/ratis/ratis-test/target/test/data/a64ae219/MiniRaftClusterWithGrpc6867ffd7/s2/aee223c3-53d2-4751-a3de-4480aa813250/sm
2023-03-04 02:57:59,398 [s2-impl-thread1] INFO  storage.RaftStorage (RaftStorageImpl.java:format(96)) - Storage directory /home/runner/work/ratis/ratis/ratis-test/target/test/data/a64ae219/MiniRaftClusterWithGrpc6867ffd7/s2/aee223c3-53d2-4751-a3de-4480aa813250 has been successfully formatted.
2023-03-04 02:57:59,398 [s2-impl-thread1] INFO  impl.SimpleStateMachine4Testing (SimpleStateMachine4Testing.java:initialize(213)) - Initializing StateMachineWithMultiNestedSnapshotFile:uninitialized
2023-03-04 02:57:59,398 [s2-impl-thread1] INFO  impl.SimpleStateMachine4Testing (SimpleStateMachine4Testing.java:loadSnapshot(293)) - Loading snapshot null
2023-03-04 02:57:59,398 [s2-impl-thread1] INFO  server.RaftServerConfigKeys (ConfUtils.java:logGet(46)) - raft.server.log.use.memory = false (default)
2023-03-04 02:57:59,398 [s2-impl-thread1] INFO  server.RaftServerConfigKeys (ConfUtils.java:logGet(46)) - raft.server.log.purge.gap = 8 (custom)
2023-03-04 02:57:59,398 [s2-impl-thread1] INFO  server.RaftServerConfigKeys (ConfUtils.java:logGet(46)) - raft.server.log.appender.buffer.byte-limit = 4MB (=4194304) (default)
2023-03-04 02:57:59,398 [s2-impl-thread1] INFO  server.RaftServerConfigKeys (ConfUtils.java:logGet(46)) - raft.server.log.statemachine.data.read.timeout = 1000ms (default)
2023-03-04 02:57:59,398 [s2-impl-thread1] INFO  server.RaftServerConfigKeys (ConfUtils.java:logGet(46)) - raft.server.log.purge.preservation.log.num = 0 (default)
2023-03-04 02:57:59,399 [s2-impl-thread1] INFO  server.RaftServerConfigKeys (ConfUtils.java:logGet(46)) - raft.server.log.segment.size.max = 8MB (=8388608) (default)
2023-03-04 02:57:59,399 [s2-impl-thread1] INFO  server.RaftServerConfigKeys (ConfUtils.java:logGet(46)) - raft.server.log.segment.cache.num.max = 6 (default)
2023-03-04 02:57:59,399 [s2-impl-thread1] INFO  server.RaftServerConfigKeys (ConfUtils.java:logGet(46)) - raft.server.log.segment.cache.size.max = 200MB (=209715200) (default)
2023-03-04 02:57:59,399 [s2-impl-thread1] INFO  server.RaftServerConfigKeys (ConfUtils.java:logGet(46)) - raft.server.log.appender.buffer.byte-limit = 4MB (=4194304) (default)
2023-03-04 02:57:59,399 [s2-impl-thread1] INFO  segmented.SegmentedRaftLogWorker (SegmentedRaftLogWorker.java:<init>(183)) - new s2@group-4480AA813250-SegmentedRaftLogWorker for RaftStorageImpl:Storage Directory /home/runner/work/ratis/ratis/ratis-test/target/test/data/a64ae219/MiniRaftClusterWithGrpc6867ffd7/s2/aee223c3-53d2-4751-a3de-4480aa813250
2023-03-04 02:57:59,399 [s2-impl-thread1] INFO  server.RaftServerConfigKeys (ConfUtils.java:logGet(46)) - raft.server.log.queue.byte-limit = 64MB (=67108864) (default)
2023-03-04 02:57:59,399 [s2-impl-thread1] INFO  server.RaftServerConfigKeys (ConfUtils.java:logGet(46)) - raft.server.log.queue.element-limit = 4096 (default)
2023-03-04 02:57:59,399 [s2-impl-thread1] INFO  server.RaftServerConfigKeys (ConfUtils.java:logGet(46)) - raft.server.log.segment.size.max = 8MB (=8388608) (default)
2023-03-04 02:57:59,399 [s2-impl-thread1] INFO  server.RaftServerConfigKeys (ConfUtils.java:logGet(46)) - raft.server.log.preallocated.size = 4MB (=4194304) (default)
2023-03-04 02:57:59,399 [s2-impl-thread1] INFO  server.RaftServerConfigKeys (ConfUtils.java:logGet(46)) - raft.server.log.force.sync.num = 128 (default)
2023-03-04 02:57:59,399 [s2-impl-thread1] INFO  server.RaftServerConfigKeys (ConfUtils.java:logGet(46)) - raft.server.log.statemachine.data.sync = true (default)
2023-03-04 02:57:59,399 [s2-impl-thread1] INFO  server.RaftServerConfigKeys (ConfUtils.java:logGet(46)) - raft.server.log.statemachine.data.sync.timeout = 10s (default)
2023-03-04 02:57:59,399 [s2-impl-thread1] INFO  server.RaftServerConfigKeys (ConfUtils.java:logGet(46)) - raft.server.log.statemachine.data.sync.timeout.retry = -1 (default)
2023-03-04 02:57:59,399 [s2-impl-thread1] INFO  server.RaftServerConfigKeys (ConfUtils.java:logGet(46)) - raft.server.log.write.buffer.size = 64KB (=65536) (default)
2023-03-04 02:57:59,399 [s2-impl-thread1] INFO  server.RaftServerConfigKeys (ConfUtils.java:logGet(46)) - raft.server.log.appender.buffer.byte-limit = 4MB (=4194304) (default)
2023-03-04 02:57:59,401 [s2-impl-thread1] INFO  server.RaftServerConfigKeys (ConfUtils.java:logGet(46)) - raft.server.log.unsafe-flush.enabled = false (default)
2023-03-04 02:57:59,401 [s2-impl-thread1] INFO  server.RaftServerConfigKeys (ConfUtils.java:logGet(46)) - raft.server.log.async-flush.enabled = false (default)
2023-03-04 02:57:59,401 [s2-impl-thread1] INFO  server.RaftServerConfigKeys (ConfUtils.java:logGet(46)) - raft.server.log.statemachine.data.caching.enabled = false (default)
2023-03-04 02:57:59,401 [s2-impl-thread1] INFO  segmented.SegmentedRaftLogWorker (SegmentedRaftLogWorker.java:lambda$new$0(134)) - s2@group-4480AA813250-SegmentedRaftLogWorker: flushIndex: setUnconditionally 0 -> -1
2023-03-04 02:57:59,401 [s2-impl-thread1] INFO  segmented.SegmentedRaftLogWorker (SegmentedRaftLogWorker.java:lambda$new$0(134)) - s2@group-4480AA813250-SegmentedRaftLogWorker: safeCacheEvictIndex: setUnconditionally 0 -> -1
2023-03-04 02:57:59,404 [s2-impl-thread1] INFO  server.RaftServer$Division (RaftServerImpl.java:start(348)) - s2@group-4480AA813250: start with initializing state, conf=-1: peers:[]|listeners:[], old=null
2023-03-04 02:57:59,404 [s2-impl-thread1] INFO  server.RaftServer$Division (RaftServerImpl.java:setRole(329)) - s2@group-4480AA813250: changes role from      null to FOLLOWER at term 0 for startInitializing
2023-03-04 02:57:59,404 [s2-impl-thread1] INFO  util.JmxRegister (JmxRegister.java:tryRegister(44)) - Successfully registered JMX Bean with object name Ratis:service=RaftServer,group=group-4480AA813250,id=s2
2023-03-04 02:57:59,404 [s2-impl-thread1] INFO  server.RaftServerConfigKeys (ConfUtils.java:logGet(46)) - raft.server.snapshot.auto.trigger.enabled = true (custom)
2023-03-04 02:57:59,404 [s2-impl-thread1] INFO  server.RaftServerConfigKeys (ConfUtils.java:logGet(46)) - raft.server.snapshot.auto.trigger.threshold = 64 (custom)
2023-03-04 02:57:59,405 [s2-impl-thread1] INFO  server.RaftServerConfigKeys (ConfUtils.java:logGet(46)) - raft.server.snapshot.retention.file.num = -1 (default)
2023-03-04 02:57:59,405 [s2-impl-thread1] INFO  server.RaftServerConfigKeys (ConfUtils.java:logGet(46)) - raft.server.log.purge.upto.snapshot.index = false (default)
2023-03-04 02:57:59,405 [Time-limited test] INFO  server.RaftServer (RaftServerProxy.java:startImpl(401)) - s2: start RPC server
2023-03-04 02:57:59,406 [Time-limited test] INFO  server.GrpcService (GrpcService.java:startImpl(302)) - s2: GrpcService started, listening on 46563
2023-03-04 02:57:59,406 [JvmPauseMonitor8] INFO  util.JvmPauseMonitor (JvmPauseMonitor.java:run(103)) - JvmPauseMonitor-s2: Started
2023-03-04 02:57:59,406 [Time-limited test] INFO  impl.MiniRaftCluster (MiniRaftCluster.java:setConfiguration(819)) - Start changing the configuration: [s1|rpc:0.0.0.0:39591|priority:0|startupRole:FOLLOWER, s2|rpc:0.0.0.0:46563|priority:0|startupRole:FOLLOWER, s0|rpc:localhost:43557|admin:localhost:34573|client:localhost:44069|dataStream:localhost:45167|priority:0|startupRole:FOLLOWER]
2023-03-04 02:57:59,412 [s0-server-thread1] INFO  server.RaftServer$Division (RaftServerImpl.java:setConfigurationAsync(1196)) - s0@group-4480AA813250: receive setConfiguration SetConfigurationRequest:client-20AC1ED286CF->s0@group-4480AA813250, cid=386, seq=0, RW, null, SET_UNCONDITIONALLY, servers:[s1|rpc:0.0.0.0:39591|dataStream:|priority:0|startupRole:FOLLOWER, s2|rpc:0.0.0.0:46563|dataStream:|priority:0|startupRole:FOLLOWER, s0|rpc:localhost:43557|admin:localhost:34573|client:localhost:44069|dataStream:localhost:45167|priority:0|startupRole:FOLLOWER], listeners:[]
2023-03-04 02:57:59,412 [s0-server-thread1] INFO  server.RaftServer$Division (LeaderStateImpl.java:startSetConfiguration(440)) - s0@group-4480AA813250-LeaderStateImpl: startSetConfiguration SetConfigurationRequest:client-20AC1ED286CF->s0@group-4480AA813250, cid=386, seq=0, RW, null, SET_UNCONDITIONALLY, servers:[s1|rpc:0.0.0.0:39591|dataStream:|priority:0|startupRole:FOLLOWER, s2|rpc:0.0.0.0:46563|dataStream:|priority:0|startupRole:FOLLOWER, s0|rpc:localhost:43557|admin:localhost:34573|client:localhost:44069|dataStream:localhost:45167|priority:0|startupRole:FOLLOWER], listeners:[]
2023-03-04 02:57:59,412 [s0-server-thread1] INFO  server.RaftServerConfigKeys (ConfUtils.java:logGet(46)) - raft.server.log.appender.snapshot.chunk.size.max = 1k (=1024) (custom)
2023-03-04 02:57:59,412 [s0-server-thread1] INFO  server.RaftServerConfigKeys (ConfUtils.java:logGet(46)) - raft.server.log.appender.buffer.byte-limit = 4MB (=4194304) (default)
2023-03-04 02:57:59,412 [s0-server-thread1] INFO  server.RaftServerConfigKeys (ConfUtils.java:logGet(46)) - raft.server.log.appender.buffer.element-limit = 0 (default)
2023-03-04 02:57:59,412 [s0-server-thread1] INFO  server.RaftServerConfigKeys (ConfUtils.java:logGet(46)) - raft.server.log.appender.wait-time.min = 10ms (default)
2023-03-04 02:57:59,412 [s0-server-thread1] INFO  grpc.GrpcConfigKeys (ConfUtils.java:logGet(46)) - raft.grpc.server.leader.outstanding.appends.max = 128 (default)
2023-03-04 02:57:59,412 [s0-server-thread1] INFO  server.RaftServerConfigKeys (ConfUtils.java:logGet(46)) - raft.server.rpc.request.timeout = 3000ms (default)
2023-03-04 02:57:59,412 [s0-server-thread1] INFO  server.RaftServerConfigKeys (ConfUtils.java:logGet(46)) - raft.server.log.appender.install.snapshot.enabled = true (default)
2023-03-04 02:57:59,412 [s0-server-thread1] INFO  grpc.GrpcConfigKeys (ConfUtils.java:logGet(46)) - raft.grpc.server.heartbeat.channel = true (default)
2023-03-04 02:57:59,413 [s0-server-thread1] INFO  server.RaftServerConfigKeys (ConfUtils.java:logGet(46)) - raft.server.log.appender.snapshot.chunk.size.max = 1k (=1024) (custom)
2023-03-04 02:57:59,413 [s0-server-thread1] INFO  server.RaftServerConfigKeys (ConfUtils.java:logGet(46)) - raft.server.log.appender.buffer.byte-limit = 4MB (=4194304) (default)
2023-03-04 02:57:59,413 [s0-server-thread1] INFO  server.RaftServerConfigKeys (ConfUtils.java:logGet(46)) - raft.server.log.appender.buffer.element-limit = 0 (default)
2023-03-04 02:57:59,413 [s0-server-thread1] INFO  server.RaftServerConfigKeys (ConfUtils.java:logGet(46)) - raft.server.log.appender.wait-time.min = 10ms (default)
2023-03-04 02:57:59,413 [s0-server-thread1] INFO  grpc.GrpcConfigKeys (ConfUtils.java:logGet(46)) - raft.grpc.server.leader.outstanding.appends.max = 128 (default)
2023-03-04 02:57:59,413 [s0-server-thread1] INFO  server.RaftServerConfigKeys (ConfUtils.java:logGet(46)) - raft.server.rpc.request.timeout = 3000ms (default)
2023-03-04 02:57:59,413 [s0-server-thread1] INFO  server.RaftServerConfigKeys (ConfUtils.java:logGet(46)) - raft.server.log.appender.install.snapshot.enabled = true (default)
2023-03-04 02:57:59,413 [s0-server-thread1] INFO  grpc.GrpcConfigKeys (ConfUtils.java:logGet(46)) - raft.grpc.server.heartbeat.channel = true (default)
2023-03-04 02:57:59,418 [s0@group-4480AA813250->s2-GrpcLogAppender-LogAppenderDaemon] INFO  server.GrpcLogAppender (GrpcLogAppender.java:installSnapshot(590)) - s0@group-4480AA813250->s2-GrpcLogAppender: followerNextIndex = 0 but logStartIndex = 0, send snapshot FileListSnapshotInfo(t:1, i:191):[/home/runner/work/ratis/ratis/ratis-test/target/test/data/a64ae219/MiniRaftClusterWithGrpc6867ffd7/s0/aee223c3-53d2-4751-a3de-4480aa813250/sm/snapshot/1.bin, /home/runner/work/ratis/ratis/ratis-test/target/test/data/a64ae219/MiniRaftClusterWithGrpc6867ffd7/s0/aee223c3-53d2-4751-a3de-4480aa813250/sm/snapshot/sub/2.bin, /home/runner/work/ratis/ratis/ratis-test/target/test/data/a64ae219/MiniRaftClusterWithGrpc6867ffd7/s0/aee223c3-53d2-4751-a3de-4480aa813250/sm/snapshot.1_191] to follower
2023-03-04 02:57:59,424 [s0@group-4480AA813250->s2-GrpcLogAppender-LogAppenderDaemon] INFO  server.GrpcServerProtocolClient (GrpcServerProtocolClient.java:<init>(63)) - Build channel for s2
2023-03-04 02:57:59,422 [s0@group-4480AA813250->s1-GrpcLogAppender-LogAppenderDaemon] INFO  server.GrpcLogAppender (GrpcLogAppender.java:installSnapshot(590)) - s0@group-4480AA813250->s1-GrpcLogAppender: followerNextIndex = 0 but logStartIndex = 0, send snapshot FileListSnapshotInfo(t:1, i:191):[/home/runner/work/ratis/ratis/ratis-test/target/test/data/a64ae219/MiniRaftClusterWithGrpc6867ffd7/s0/aee223c3-53d2-4751-a3de-4480aa813250/sm/snapshot/1.bin, /home/runner/work/ratis/ratis/ratis-test/target/test/data/a64ae219/MiniRaftClusterWithGrpc6867ffd7/s0/aee223c3-53d2-4751-a3de-4480aa813250/sm/snapshot/sub/2.bin, /home/runner/work/ratis/ratis/ratis-test/target/test/data/a64ae219/MiniRaftClusterWithGrpc6867ffd7/s0/aee223c3-53d2-4751-a3de-4480aa813250/sm/snapshot.1_191] to follower
2023-03-04 02:57:59,425 [s0@group-4480AA813250->s1-GrpcLogAppender-LogAppenderDaemon] INFO  server.GrpcServerProtocolClient (GrpcServerProtocolClient.java:<init>(63)) - Build channel for s1
2023-03-04 02:57:59,431 [grpc-default-executor-0] INFO  impl.SnapshotInstallationHandler (SnapshotInstallationHandler.java:installSnapshot(89)) - s2@group-4480AA813250: receive installSnapshot: s0->s2#0-t1,chunk:37993579-38fb-4b3d-9490-00368886050d,0
2023-03-04 02:57:59,432 [grpc-default-executor-2] INFO  impl.SnapshotInstallationHandler (SnapshotInstallationHandler.java:installSnapshot(89)) - s1@group-4480AA813250: receive installSnapshot: s0->s1#0-t1,chunk:537e6c34-cf8a-463c-a16f-37517dd0886c,0
2023-03-04 02:57:59,433 [grpc-default-executor-0] INFO  server.RaftServer$Division (ServerState.java:setLeader(260)) - s2@group-4480AA813250: change Leader from null to s0 at term 1 for installSnapshot, leader elected after 47ms
2023-03-04 02:57:59,434 [grpc-default-executor-2] INFO  server.RaftServer$Division (ServerState.java:setLeader(260)) - s1@group-4480AA813250: change Leader from null to s0 at term 1 for installSnapshot, leader elected after 56ms
2023-03-04 02:57:59,434 [grpc-default-executor-0] TRACE util.FileUtils (LogUtils.java:runAndLog(49)) - Successfully ran Files.createDirectories /home/runner/work/ratis/ratis/ratis-test/target/test/data/a64ae219/MiniRaftClusterWithGrpc6867ffd7/s2/aee223c3-53d2-4751-a3de-4480aa813250/tmp/snapshot-37993579-38fb-4b3d-9490-00368886050d
2023-03-04 02:57:59,434 [grpc-default-executor-0] INFO  storage.SnapshotManager (SnapshotManager.java:installSnapshot(89)) - Installing snapshot:s0->s2#0-t1,chunk:37993579-38fb-4b3d-9490-00368886050d,0, to tmp dir:/home/runner/work/ratis/ratis/ratis-test/target/test/data/a64ae219/MiniRaftClusterWithGrpc6867ffd7/s2/aee223c3-53d2-4751-a3de-4480aa813250/tmp/snapshot-37993579-38fb-4b3d-9490-00368886050d
2023-03-04 02:57:59,434 [grpc-default-executor-0] TRACE util.FileUtils (LogUtils.java:runAndLog(49)) - Successfully ran Files.createDirectories /home/runner/work/ratis/ratis/ratis-test/target/test/data/a64ae219/MiniRaftClusterWithGrpc6867ffd7/s2/aee223c3-53d2-4751-a3de-4480aa813250/tmp/snapshot-37993579-38fb-4b3d-9490-00368886050d/snapshot
2023-03-04 02:57:59,435 [grpc-default-executor-2] TRACE util.FileUtils (LogUtils.java:runAndLog(49)) - Successfully ran Files.createDirectories /home/runner/work/ratis/ratis/ratis-test/target/test/data/a64ae219/MiniRaftClusterWithGrpc6867ffd7/s1/aee223c3-53d2-4751-a3de-4480aa813250/tmp/snapshot-537e6c34-cf8a-463c-a16f-37517dd0886c
2023-03-04 02:57:59,435 [grpc-default-executor-2] INFO  storage.SnapshotManager (SnapshotManager.java:installSnapshot(89)) - Installing snapshot:s0->s1#0-t1,chunk:537e6c34-cf8a-463c-a16f-37517dd0886c,0, to tmp dir:/home/runner/work/ratis/ratis/ratis-test/target/test/data/a64ae219/MiniRaftClusterWithGrpc6867ffd7/s1/aee223c3-53d2-4751-a3de-4480aa813250/tmp/snapshot-537e6c34-cf8a-463c-a16f-37517dd0886c
2023-03-04 02:57:59,435 [grpc-default-executor-2] TRACE util.FileUtils (LogUtils.java:runAndLog(49)) - Successfully ran Files.createDirectories /home/runner/work/ratis/ratis/ratis-test/target/test/data/a64ae219/MiniRaftClusterWithGrpc6867ffd7/s1/aee223c3-53d2-4751-a3de-4480aa813250/tmp/snapshot-537e6c34-cf8a-463c-a16f-37517dd0886c/snapshot
2023-03-04 02:57:59,443 [grpc-default-executor-2] INFO  segmented.SegmentedRaftLogWorker (SegmentedRaftLogWorker.java:lambda$new$0(134)) - s1@group-4480AA813250-SegmentedRaftLogWorker: flushIndex: setUnconditionally -1 -> 191
2023-03-04 02:57:59,443 [grpc-default-executor-2] INFO  segmented.SegmentedRaftLogWorker (SegmentedRaftLogWorker.java:lambda$new$0(134)) - s1@group-4480AA813250-SegmentedRaftLogWorker: safeCacheEvictIndex: setUnconditionally -1 -> 191
2023-03-04 02:57:59,444 [grpc-default-executor-2] INFO  impl.SnapshotInstallationHandler (SnapshotInstallationHandler.java:installSnapshotImpl(134)) - s1@group-4480AA813250: set new configuration configurationEntry {
  peers {
    id: "s0"
    address: "localhost:43557"
    dataStreamAddress: "localhost:45167"
    clientAddress: "localhost:44069"
    adminAddress: "localhost:34573"
    startupRole: FOLLOWER
  }
}
 from snapshot
2023-03-04 02:57:59,444 [grpc-default-executor-0] INFO  segmented.SegmentedRaftLogWorker (SegmentedRaftLogWorker.java:lambda$new$0(134)) - s2@group-4480AA813250-SegmentedRaftLogWorker: flushIndex: setUnconditionally -1 -> 191
2023-03-04 02:57:59,444 [grpc-default-executor-0] INFO  segmented.SegmentedRaftLogWorker (SegmentedRaftLogWorker.java:lambda$new$0(134)) - s2@group-4480AA813250-SegmentedRaftLogWorker: safeCacheEvictIndex: setUnconditionally -1 -> 191
2023-03-04 02:57:59,444 [grpc-default-executor-0] INFO  impl.SnapshotInstallationHandler (SnapshotInstallationHandler.java:installSnapshotImpl(134)) - s2@group-4480AA813250: set new configuration configurationEntry {
  peers {
    id: "s0"
    address: "localhost:43557"
    dataStreamAddress: "localhost:45167"
    clientAddress: "localhost:44069"
    adminAddress: "localhost:34573"
    startupRole: FOLLOWER
  }
}
 from snapshot
2023-03-04 02:57:59,444 [grpc-default-executor-2] INFO  server.RaftServer$Division (ServerState.java:setRaftConf(378)) - s1@group-4480AA813250: set configuration 0: peers:[s0|rpc:localhost:43557|admin:localhost:34573|client:localhost:44069|dataStream:localhost:45167|priority:0|startupRole:FOLLOWER]|listeners:[], old=null
2023-03-04 02:57:59,444 [grpc-default-executor-2] INFO  impl.SnapshotInstallationHandler (SnapshotInstallationHandler.java:installSnapshot(100)) - s1@group-4480AA813250: reply installSnapshot: s0<-s1#0:OK-t0,SUCCESS,requestIndex=0
2023-03-04 02:57:59,445 [grpc-default-executor-0] INFO  server.RaftServer$Division (ServerState.java:setRaftConf(378)) - s2@group-4480AA813250: set configuration 0: peers:[s0|rpc:localhost:43557|admin:localhost:34573|client:localhost:44069|dataStream:localhost:45167|priority:0|startupRole:FOLLOWER]|listeners:[], old=null
2023-03-04 02:57:59,445 [grpc-default-executor-0] INFO  impl.SnapshotInstallationHandler (SnapshotInstallationHandler.java:installSnapshot(100)) - s2@group-4480AA813250: reply installSnapshot: s0<-s2#0:OK-t0,SUCCESS,requestIndex=0
2023-03-04 02:57:59,446 [grpc-default-executor-1] INFO  server.GrpcLogAppender (GrpcLogAppender.java:onNext(496)) - s0@group-4480AA813250->s2-InstallSnapshotResponseHandler: received the first reply s0<-s2#0:OK-t0,SUCCESS,requestIndex=0
2023-03-04 02:57:59,446 [grpc-default-executor-1] INFO  server.GrpcLogAppender (GrpcLogAppender.java:onNext(509)) - s0@group-4480AA813250->s2-InstallSnapshotResponseHandler: Completed InstallSnapshot. Reply: serverReply {
  requestorId: "s0"
  replyId: "s2"
  raftGroupId {
    id: "\256\342#\303S\322GQ\243\336D\200\252\2012P"
  }
  success: true
}
requestIndex: 0

2023-03-04 02:57:59,446 [grpc-default-executor-1] INFO  leader.FollowerInfo (FollowerInfoImpl.java:setAttemptedToInstallSnapshot(126)) - Follower s0@group-4480AA813250->s2 acknowledged installing snapshot
2023-03-04 02:57:59,446 [grpc-default-executor-0] INFO  impl.SnapshotInstallationHandler (SnapshotInstallationHandler.java:installSnapshot(89)) - s2@group-4480AA813250: receive installSnapshot: s0->s2#0-t1,chunk:37993579-38fb-4b3d-9490-00368886050d,1
2023-03-04 02:57:59,446 [grpc-default-executor-0] TRACE util.FileUtils (LogUtils.java:runAndLog(49)) - Successfully ran Files.createDirectories /home/runner/work/ratis/ratis/ratis-test/target/test/data/a64ae219/MiniRaftClusterWithGrpc6867ffd7/s2/aee223c3-53d2-4751-a3de-4480aa813250/tmp/snapshot-37993579-38fb-4b3d-9490-00368886050d
2023-03-04 02:57:59,446 [grpc-default-executor-0] INFO  storage.SnapshotManager (SnapshotManager.java:installSnapshot(89)) - Installing snapshot:s0->s2#0-t1,chunk:37993579-38fb-4b3d-9490-00368886050d,1, to tmp dir:/home/runner/work/ratis/ratis/ratis-test/target/test/data/a64ae219/MiniRaftClusterWithGrpc6867ffd7/s2/aee223c3-53d2-4751-a3de-4480aa813250/tmp/snapshot-37993579-38fb-4b3d-9490-00368886050d
2023-03-04 02:57:59,446 [grpc-default-executor-0] TRACE util.FileUtils (LogUtils.java:runAndLog(49)) - Successfully ran Files.createDirectories /home/runner/work/ratis/ratis/ratis-test/target/test/data/a64ae219/MiniRaftClusterWithGrpc6867ffd7/s2/aee223c3-53d2-4751-a3de-4480aa813250/tmp/snapshot-37993579-38fb-4b3d-9490-00368886050d/snapshot/sub
2023-03-04 02:57:59,447 [grpc-default-executor-0] INFO  impl.SnapshotInstallationHandler (SnapshotInstallationHandler.java:installSnapshot(100)) - s2@group-4480AA813250: reply installSnapshot: s0<-s2#0:OK-t1,SUCCESS,requestIndex=1
2023-03-04 02:57:59,447 [grpc-default-executor-1] INFO  server.GrpcLogAppender (GrpcLogAppender.java:onNext(496)) - s0@group-4480AA813250->s2-InstallSnapshotResponseHandler: received a reply s0<-s2#0:OK-t1,SUCCESS,requestIndex=1
2023-03-04 02:57:59,447 [grpc-default-executor-1] INFO  server.GrpcLogAppender (GrpcLogAppender.java:onNext(509)) - s0@group-4480AA813250->s2-InstallSnapshotResponseHandler: Completed InstallSnapshot. Reply: serverReply {
  requestorId: "s0"
  replyId: "s2"
  raftGroupId {
    id: "\256\342#\303S\322GQ\243\336D\200\252\2012P"
  }
  success: true
}
term: 1
requestIndex: 1

2023-03-04 02:57:59,447 [grpc-default-executor-1] INFO  leader.FollowerInfo (FollowerInfoImpl.java:setAttemptedToInstallSnapshot(126)) - Follower s0@group-4480AA813250->s2 acknowledged installing snapshot
2023-03-04 02:57:59,447 [grpc-default-executor-2] INFO  server.GrpcLogAppender (GrpcLogAppender.java:onNext(496)) - s0@group-4480AA813250->s1-InstallSnapshotResponseHandler: received the first reply s0<-s1#0:OK-t0,SUCCESS,requestIndex=0
2023-03-04 02:57:59,447 [grpc-default-executor-2] INFO  server.GrpcLogAppender (GrpcLogAppender.java:onNext(509)) - s0@group-4480AA813250->s1-InstallSnapshotResponseHandler: Completed InstallSnapshot. Reply: serverReply {
  requestorId: "s0"
  replyId: "s1"
  raftGroupId {
    id: "\256\342#\303S\322GQ\243\336D\200\252\2012P"
  }
  success: true
}
requestIndex: 0

2023-03-04 02:57:59,447 [grpc-default-executor-2] INFO  leader.FollowerInfo (FollowerInfoImpl.java:setAttemptedToInstallSnapshot(126)) - Follower s0@group-4480AA813250->s1 acknowledged installing snapshot
2023-03-04 02:57:59,448 [grpc-default-executor-0] INFO  impl.SnapshotInstallationHandler (SnapshotInstallationHandler.java:installSnapshot(89)) - s2@group-4480AA813250: receive installSnapshot: s0->s2#0-t1,chunk:37993579-38fb-4b3d-9490-00368886050d,2
2023-03-04 02:57:59,448 [grpc-default-executor-0] TRACE util.FileUtils (LogUtils.java:runAndLog(49)) - Successfully ran Files.createDirectories /home/runner/work/ratis/ratis/ratis-test/target/test/data/a64ae219/MiniRaftClusterWithGrpc6867ffd7/s2/aee223c3-53d2-4751-a3de-4480aa813250/tmp/snapshot-37993579-38fb-4b3d-9490-00368886050d
2023-03-04 02:57:59,448 [grpc-default-executor-0] INFO  storage.SnapshotManager (SnapshotManager.java:installSnapshot(89)) - Installing snapshot:s0->s2#0-t1,chunk:37993579-38fb-4b3d-9490-00368886050d,2, to tmp dir:/home/runner/work/ratis/ratis/ratis-test/target/test/data/a64ae219/MiniRaftClusterWithGrpc6867ffd7/s2/aee223c3-53d2-4751-a3de-4480aa813250/tmp/snapshot-37993579-38fb-4b3d-9490-00368886050d
2023-03-04 02:57:59,448 [grpc-default-executor-0] TRACE util.FileUtils (LogUtils.java:runAndLog(49)) - Successfully ran Files.createDirectories /home/runner/work/ratis/ratis/ratis-test/target/test/data/a64ae219/MiniRaftClusterWithGrpc6867ffd7/s2/aee223c3-53d2-4751-a3de-4480aa813250/tmp/snapshot-37993579-38fb-4b3d-9490-00368886050d/snapshot/sub
2023-03-04 02:57:59,448 [grpc-default-executor-0] INFO  impl.SnapshotInstallationHandler (SnapshotInstallationHandler.java:installSnapshot(100)) - s2@group-4480AA813250: reply installSnapshot: s0<-s2#0:OK-t1,SUCCESS,requestIndex=2
2023-03-04 02:57:59,448 [grpc-default-executor-2] INFO  server.GrpcLogAppender (GrpcLogAppender.java:onNext(496)) - s0@group-4480AA813250->s2-InstallSnapshotResponseHandler: received a reply s0<-s2#0:OK-t1,SUCCESS,requestIndex=2
2023-03-04 02:57:59,448 [grpc-default-executor-2] INFO  server.GrpcLogAppender (GrpcLogAppender.java:onNext(509)) - s0@group-4480AA813250->s2-InstallSnapshotResponseHandler: Completed InstallSnapshot. Reply: serverReply {
  requestorId: "s0"
  replyId: "s2"
  raftGroupId {
    id: "\256\342#\303S\322GQ\243\336D\200\252\2012P"
  }
  success: true
}
term: 1
requestIndex: 2

2023-03-04 02:57:59,448 [grpc-default-executor-2] INFO  leader.FollowerInfo (FollowerInfoImpl.java:setAttemptedToInstallSnapshot(126)) - Follower s0@group-4480AA813250->s2 acknowledged installing snapshot
2023-03-04 02:57:59,449 [grpc-default-executor-0] INFO  impl.SnapshotInstallationHandler (SnapshotInstallationHandler.java:installSnapshot(89)) - s2@group-4480AA813250: receive installSnapshot: s0->s2#0-t1,chunk:37993579-38fb-4b3d-9490-00368886050d,3
2023-03-04 02:57:59,449 [grpc-default-executor-0] TRACE util.FileUtils (LogUtils.java:runAndLog(49)) - Successfully ran Files.createDirectories /home/runner/work/ratis/ratis/ratis-test/target/test/data/a64ae219/MiniRaftClusterWithGrpc6867ffd7/s2/aee223c3-53d2-4751-a3de-4480aa813250/tmp/snapshot-37993579-38fb-4b3d-9490-00368886050d
2023-03-04 02:57:59,449 [grpc-default-executor-0] INFO  storage.SnapshotManager (SnapshotManager.java:installSnapshot(89)) - Installing snapshot:s0->s2#0-t1,chunk:37993579-38fb-4b3d-9490-00368886050d,3, to tmp dir:/home/runner/work/ratis/ratis/ratis-test/target/test/data/a64ae219/MiniRaftClusterWithGrpc6867ffd7/s2/aee223c3-53d2-4751-a3de-4480aa813250/tmp/snapshot-37993579-38fb-4b3d-9490-00368886050d
2023-03-04 02:57:59,449 [grpc-default-executor-0] TRACE util.FileUtils (LogUtils.java:runAndLog(49)) - Successfully ran Files.createDirectories /home/runner/work/ratis/ratis/ratis-test/target/test/data/a64ae219/MiniRaftClusterWithGrpc6867ffd7/s2/aee223c3-53d2-4751-a3de-4480aa813250/tmp/snapshot-37993579-38fb-4b3d-9490-00368886050d/snapshot/sub
2023-03-04 02:57:59,449 [grpc-default-executor-0] INFO  impl.SnapshotInstallationHandler (SnapshotInstallationHandler.java:installSnapshot(100)) - s2@group-4480AA813250: reply installSnapshot: s0<-s2#0:OK-t1,SUCCESS,requestIndex=3
2023-03-04 02:57:59,449 [grpc-default-executor-2] INFO  server.GrpcLogAppender (GrpcLogAppender.java:onNext(496)) - s0@group-4480AA813250->s2-InstallSnapshotResponseHandler: received a reply s0<-s2#0:OK-t1,SUCCESS,requestIndex=3
2023-03-04 02:57:59,449 [grpc-default-executor-2] INFO  server.GrpcLogAppender (GrpcLogAppender.java:onNext(509)) - s0@group-4480AA813250->s2-InstallSnapshotResponseHandler: Completed InstallSnapshot. Reply: serverReply {
  requestorId: "s0"
  replyId: "s2"
  raftGroupId {
    id: "\256\342#\303S\322GQ\243\336D\200\252\2012P"
  }
  success: true
}
term: 1
requestIndex: 3

2023-03-04 02:57:59,449 [grpc-default-executor-2] INFO  leader.FollowerInfo (FollowerInfoImpl.java:setAttemptedToInstallSnapshot(126)) - Follower s0@group-4480AA813250->s2 acknowledged installing snapshot
2023-03-04 02:57:59,450 [grpc-default-executor-0] INFO  impl.SnapshotInstallationHandler (SnapshotInstallationHandler.java:installSnapshot(89)) - s2@group-4480AA813250: receive installSnapshot: s0->s2#0-t1,chunk:37993579-38fb-4b3d-9490-00368886050d,4
2023-03-04 02:57:59,450 [grpc-default-executor-0] TRACE util.FileUtils (LogUtils.java:runAndLog(49)) - Successfully ran Files.createDirectories /home/runner/work/ratis/ratis/ratis-test/target/test/data/a64ae219/MiniRaftClusterWithGrpc6867ffd7/s2/aee223c3-53d2-4751-a3de-4480aa813250/tmp/snapshot-37993579-38fb-4b3d-9490-00368886050d
2023-03-04 02:57:59,450 [grpc-default-executor-0] INFO  storage.SnapshotManager (SnapshotManager.java:installSnapshot(89)) - Installing snapshot:s0->s2#0-t1,chunk:37993579-38fb-4b3d-9490-00368886050d,4, to tmp dir:/home/runner/work/ratis/ratis/ratis-test/target/test/data/a64ae219/MiniRaftClusterWithGrpc6867ffd7/s2/aee223c3-53d2-4751-a3de-4480aa813250/tmp/snapshot-37993579-38fb-4b3d-9490-00368886050d
2023-03-04 02:57:59,450 [grpc-default-executor-0] TRACE util.FileUtils (LogUtils.java:runAndLog(49)) - Successfully ran Files.createDirectories /home/runner/work/ratis/ratis/ratis-test/target/test/data/a64ae219/MiniRaftClusterWithGrpc6867ffd7/s2/aee223c3-53d2-4751-a3de-4480aa813250/tmp/snapshot-37993579-38fb-4b3d-9490-00368886050d/snapshot/sub
2023-03-04 02:57:59,450 [grpc-default-executor-2] INFO  impl.SnapshotInstallationHandler (SnapshotInstallationHandler.java:installSnapshot(89)) - s1@group-4480AA813250: receive installSnapshot: s0->s1#0-t1,chunk:537e6c34-cf8a-463c-a16f-37517dd0886c,1
2023-03-04 02:57:59,451 [grpc-default-executor-2] TRACE util.FileUtils (LogUtils.java:runAndLog(49)) - Successfully ran Files.createDirectories /home/runner/work/ratis/ratis/ratis-test/target/test/data/a64ae219/MiniRaftClusterWithGrpc6867ffd7/s1/aee223c3-53d2-4751-a3de-4480aa813250/tmp/snapshot-537e6c34-cf8a-463c-a16f-37517dd0886c
2023-03-04 02:57:59,451 [grpc-default-executor-2] INFO  storage.SnapshotManager (SnapshotManager.java:installSnapshot(89)) - Installing snapshot:s0->s1#0-t1,chunk:537e6c34-cf8a-463c-a16f-37517dd0886c,1, to tmp dir:/home/runner/work/ratis/ratis/ratis-test/target/test/data/a64ae219/MiniRaftClusterWithGrpc6867ffd7/s1/aee223c3-53d2-4751-a3de-4480aa813250/tmp/snapshot-537e6c34-cf8a-463c-a16f-37517dd0886c
2023-03-04 02:57:59,451 [grpc-default-executor-2] TRACE util.FileUtils (LogUtils.java:runAndLog(49)) - Successfully ran Files.createDirectories /home/runner/work/ratis/ratis/ratis-test/target/test/data/a64ae219/MiniRaftClusterWithGrpc6867ffd7/s1/aee223c3-53d2-4751-a3de-4480aa813250/tmp/snapshot-537e6c34-cf8a-463c-a16f-37517dd0886c/snapshot/sub
2023-03-04 02:57:59,451 [grpc-default-executor-2] INFO  impl.SnapshotInstallationHandler (SnapshotInstallationHandler.java:installSnapshot(100)) - s1@group-4480AA813250: reply installSnapshot: s0<-s1#0:OK-t1,SUCCESS,requestIndex=1
2023-03-04 02:57:59,451 [grpc-default-executor-2] INFO  server.GrpcLogAppender (GrpcLogAppender.java:onNext(496)) - s0@group-4480AA813250->s1-InstallSnapshotResponseHandler: received a reply s0<-s1#0:OK-t1,SUCCESS,requestIndex=1
2023-03-04 02:57:59,451 [grpc-default-executor-2] INFO  server.GrpcLogAppender (GrpcLogAppender.java:onNext(509)) - s0@group-4480AA813250->s1-InstallSnapshotResponseHandler: Completed InstallSnapshot. Reply: serverReply {
  requestorId: "s0"
  replyId: "s1"
  raftGroupId {
    id: "\256\342#\303S\322GQ\243\336D\200\252\2012P"
  }
  success: true
}
term: 1
requestIndex: 1

2023-03-04 02:57:59,451 [grpc-default-executor-2] INFO  leader.FollowerInfo (FollowerInfoImpl.java:setAttemptedToInstallSnapshot(126)) - Follower s0@group-4480AA813250->s1 acknowledged installing snapshot
2023-03-04 02:57:59,452 [grpc-default-executor-3] WARN  server.GrpcServerProtocolService (LogUtils.java:warn(122)) - s1: installSnapshot onError, lastRequest: s0->s1#0-t1,chunk:537e6c34-cf8a-463c-a16f-37517dd0886c,1: org.apache.ratis.thirdparty.io.grpc.StatusRuntimeException: CANCELLED: client cancelled
2023-03-04 02:57:59,452 [grpc-default-executor-2] WARN  server.GrpcLogAppender (LogUtils.java:warn(122)) - s0@group-4480AA813250->s1-InstallSnapshotResponseHandler: Failed InstallSnapshot: org.apache.ratis.thirdparty.io.grpc.StatusRuntimeException: CANCELLED: Failed to read message.
2023-03-04 02:57:59,455 [grpc-default-executor-0] INFO  impl.SnapshotInstallationHandler (SnapshotInstallationHandler.java:installSnapshot(100)) - s2@group-4480AA813250: reply installSnapshot: s0<-s2#0:OK-t1,SUCCESS,requestIndex=4
2023-03-04 02:57:59,455 [grpc-default-executor-2] INFO  server.GrpcLogAppender (GrpcLogAppender.java:onNext(496)) - s0@group-4480AA813250->s2-InstallSnapshotResponseHandler: received a reply s0<-s2#0:OK-t1,SUCCESS,requestIndex=4
2023-03-04 02:57:59,455 [grpc-default-executor-2] INFO  server.GrpcLogAppender (GrpcLogAppender.java:onNext(509)) - s0@group-4480AA813250->s2-InstallSnapshotResponseHandler: Completed InstallSnapshot. Reply: serverReply {
  requestorId: "s0"
  replyId: "s2"
  raftGroupId {
    id: "\256\342#\303S\322GQ\243\336D\200\252\2012P"
  }
  success: true
}
term: 1
requestIndex: 4

2023-03-04 02:57:59,455 [grpc-default-executor-2] INFO  leader.FollowerInfo (FollowerInfoImpl.java:setAttemptedToInstallSnapshot(126)) - Follower s0@group-4480AA813250->s2 acknowledged installing snapshot
2023-03-04 02:57:59,455 [grpc-default-executor-0] INFO  impl.SnapshotInstallationHandler (SnapshotInstallationHandler.java:installSnapshot(89)) - s2@group-4480AA813250: receive installSnapshot: s0->s2#0-t1,chunk:37993579-38fb-4b3d-9490-00368886050d,5
2023-03-04 02:57:59,455 [grpc-default-executor-0] TRACE util.FileUtils (LogUtils.java:runAndLog(49)) - Successfully ran Files.createDirectories /home/runner/work/ratis/ratis/ratis-test/target/test/data/a64ae219/MiniRaftClusterWithGrpc6867ffd7/s2/aee223c3-53d2-4751-a3de-4480aa813250/tmp/snapshot-37993579-38fb-4b3d-9490-00368886050d
2023-03-04 02:57:59,455 [grpc-default-executor-0] INFO  storage.SnapshotManager (SnapshotManager.java:installSnapshot(89)) - Installing snapshot:s0->s2#0-t1,chunk:37993579-38fb-4b3d-9490-00368886050d,5, to tmp dir:/home/runner/work/ratis/ratis/ratis-test/target/test/data/a64ae219/MiniRaftClusterWithGrpc6867ffd7/s2/aee223c3-53d2-4751-a3de-4480aa813250/tmp/snapshot-37993579-38fb-4b3d-9490-00368886050d
2023-03-04 02:57:59,456 [grpc-default-executor-0] TRACE util.FileUtils (LogUtils.java:runAndLog(49)) - Successfully ran Files.createDirectories /home/runner/work/ratis/ratis/ratis-test/target/test/data/a64ae219/MiniRaftClusterWithGrpc6867ffd7/s2/aee223c3-53d2-4751-a3de-4480aa813250/tmp/snapshot-37993579-38fb-4b3d-9490-00368886050d
2023-03-04 02:57:59,456 [grpc-default-executor-0] INFO  impl.SnapshotInstallationHandler (SnapshotInstallationHandler.java:installSnapshot(100)) - s2@group-4480AA813250: reply installSnapshot: s0<-s2#0:OK-t1,SUCCESS,requestIndex=5
2023-03-04 02:57:59,456 [grpc-default-executor-2] INFO  server.GrpcLogAppender (GrpcLogAppender.java:onNext(496)) - s0@group-4480AA813250->s2-InstallSnapshotResponseHandler: received a reply s0<-s2#0:OK-t1,SUCCESS,requestIndex=5
2023-03-04 02:57:59,456 [grpc-default-executor-2] INFO  server.GrpcLogAppender (GrpcLogAppender.java:onNext(509)) - s0@group-4480AA813250->s2-InstallSnapshotResponseHandler: Completed InstallSnapshot. Reply: serverReply {
  requestorId: "s0"
  replyId: "s2"
  raftGroupId {
    id: "\256\342#\303S\322GQ\243\336D\200\252\2012P"
  }
  success: true
}
term: 1
requestIndex: 5

2023-03-04 02:57:59,456 [grpc-default-executor-2] INFO  leader.FollowerInfo (FollowerInfoImpl.java:setAttemptedToInstallSnapshot(126)) - Follower s0@group-4480AA813250->s2 acknowledged installing snapshot
2023-03-04 02:57:59,457 [grpc-default-executor-0] INFO  impl.SnapshotInstallationHandler (SnapshotInstallationHandler.java:installSnapshot(89)) - s2@group-4480AA813250: receive installSnapshot: s0->s2#0-t1,chunk:37993579-38fb-4b3d-9490-00368886050d,6
2023-03-04 02:57:59,457 [grpc-default-executor-0] TRACE util.FileUtils (LogUtils.java:runAndLog(49)) - Successfully ran Files.createDirectories /home/runner/work/ratis/ratis/ratis-test/target/test/data/a64ae219/MiniRaftClusterWithGrpc6867ffd7/s2/aee223c3-53d2-4751-a3de-4480aa813250/tmp/snapshot-37993579-38fb-4b3d-9490-00368886050d
2023-03-04 02:57:59,468 [grpc-default-executor-0] INFO  storage.SnapshotManager (SnapshotManager.java:installSnapshot(89)) - Installing snapshot:s0->s2#0-t1,chunk:37993579-38fb-4b3d-9490-00368886050d,6, to tmp dir:/home/runner/work/ratis/ratis/ratis-test/target/test/data/a64ae219/MiniRaftClusterWithGrpc6867ffd7/s2/aee223c3-53d2-4751-a3de-4480aa813250/tmp/snapshot-37993579-38fb-4b3d-9490-00368886050d
2023-03-04 02:57:59,468 [grpc-default-executor-0] TRACE util.FileUtils (LogUtils.java:runAndLog(49)) - Successfully ran Files.createDirectories /home/runner/work/ratis/ratis/ratis-test/target/test/data/a64ae219/MiniRaftClusterWithGrpc6867ffd7/s2/aee223c3-53d2-4751-a3de-4480aa813250/tmp/snapshot-37993579-38fb-4b3d-9490-00368886050d
2023-03-04 02:57:59,469 [grpc-default-executor-0] INFO  impl.SnapshotInstallationHandler (SnapshotInstallationHandler.java:installSnapshot(100)) - s2@group-4480AA813250: reply installSnapshot: s0<-s2#0:OK-t1,SUCCESS,requestIndex=6
2023-03-04 02:57:59,469 [grpc-default-executor-2] INFO  server.GrpcLogAppender (GrpcLogAppender.java:onNext(496)) - s0@group-4480AA813250->s2-InstallSnapshotResponseHandler: received a reply s0<-s2#0:OK-t1,SUCCESS,requestIndex=6
2023-03-04 02:57:59,469 [grpc-default-executor-2] INFO  server.GrpcLogAppender (GrpcLogAppender.java:onNext(509)) - s0@group-4480AA813250->s2-InstallSnapshotResponseHandler: Completed InstallSnapshot. Reply: serverReply {
  requestorId: "s0"
  replyId: "s2"
  raftGroupId {
    id: "\256\342#\303S\322GQ\243\336D\200\252\2012P"
  }
  success: true
}
term: 1
requestIndex: 6

2023-03-04 02:57:59,469 [grpc-default-executor-2] INFO  leader.FollowerInfo (FollowerInfoImpl.java:setAttemptedToInstallSnapshot(126)) - Follower s0@group-4480AA813250->s2 acknowledged installing snapshot
2023-03-04 02:57:59,469 [grpc-default-executor-0] INFO  impl.SnapshotInstallationHandler (SnapshotInstallationHandler.java:installSnapshot(89)) - s2@group-4480AA813250: receive installSnapshot: s0->s2#0-t1,chunk:37993579-38fb-4b3d-9490-00368886050d,7
2023-03-04 02:57:59,470 [grpc-default-executor-0] TRACE util.FileUtils (LogUtils.java:runAndLog(49)) - Successfully ran Files.createDirectories /home/runner/work/ratis/ratis/ratis-test/target/test/data/a64ae219/MiniRaftClusterWithGrpc6867ffd7/s2/aee223c3-53d2-4751-a3de-4480aa813250/tmp/snapshot-37993579-38fb-4b3d-9490-00368886050d
2023-03-04 02:57:59,470 [grpc-default-executor-0] INFO  storage.SnapshotManager (SnapshotManager.java:installSnapshot(89)) - Installing snapshot:s0->s2#0-t1,chunk:37993579-38fb-4b3d-9490-00368886050d,7, to tmp dir:/home/runner/work/ratis/ratis/ratis-test/target/test/data/a64ae219/MiniRaftClusterWithGrpc6867ffd7/s2/aee223c3-53d2-4751-a3de-4480aa813250/tmp/snapshot-37993579-38fb-4b3d-9490-00368886050d
2023-03-04 02:57:59,470 [grpc-default-executor-0] TRACE util.FileUtils (LogUtils.java:runAndLog(49)) - Successfully ran Files.createDirectories /home/runner/work/ratis/ratis/ratis-test/target/test/data/a64ae219/MiniRaftClusterWithGrpc6867ffd7/s2/aee223c3-53d2-4751-a3de-4480aa813250/tmp/snapshot-37993579-38fb-4b3d-9490-00368886050d
2023-03-04 02:57:59,470 [grpc-default-executor-0] INFO  impl.SnapshotInstallationHandler (SnapshotInstallationHandler.java:installSnapshot(100)) - s2@group-4480AA813250: reply installSnapshot: s0<-s2#0:OK-t1,SUCCESS,requestIndex=7
2023-03-04 02:57:59,470 [grpc-default-executor-2] INFO  server.GrpcLogAppender (GrpcLogAppender.java:onNext(496)) - s0@group-4480AA813250->s2-InstallSnapshotResponseHandler: received a reply s0<-s2#0:OK-t1,SUCCESS,requestIndex=7
2023-03-04 02:57:59,470 [grpc-default-executor-2] INFO  server.GrpcLogAppender (GrpcLogAppender.java:onNext(509)) - s0@group-4480AA813250->s2-InstallSnapshotResponseHandler: Completed InstallSnapshot. Reply: serverReply {
  requestorId: "s0"
  replyId: "s2"
  raftGroupId {
    id: "\256\342#\303S\322GQ\243\336D\200\252\2012P"
  }
  success: true
}
term: 1
requestIndex: 7

2023-03-04 02:57:59,470 [grpc-default-executor-2] INFO  leader.FollowerInfo (FollowerInfoImpl.java:setAttemptedToInstallSnapshot(126)) - Follower s0@group-4480AA813250->s2 acknowledged installing snapshot
2023-03-04 02:57:59,474 [grpc-default-executor-0] INFO  impl.SnapshotInstallationHandler (SnapshotInstallationHandler.java:installSnapshot(89)) - s2@group-4480AA813250: receive installSnapshot: s0->s2#0-t1,chunk:37993579-38fb-4b3d-9490-00368886050d,8
2023-03-04 02:57:59,474 [grpc-default-executor-0] TRACE util.FileUtils (LogUtils.java:runAndLog(49)) - Successfully ran Files.createDirectories /home/runner/work/ratis/ratis/ratis-test/target/test/data/a64ae219/MiniRaftClusterWithGrpc6867ffd7/s2/aee223c3-53d2-4751-a3de-4480aa813250/tmp/snapshot-37993579-38fb-4b3d-9490-00368886050d
2023-03-04 02:57:59,474 [grpc-default-executor-0] INFO  storage.SnapshotManager (SnapshotManager.java:installSnapshot(89)) - Installing snapshot:s0->s2#0-t1,chunk:37993579-38fb-4b3d-9490-00368886050d,8, to tmp dir:/home/runner/work/ratis/ratis/ratis-test/target/test/data/a64ae219/MiniRaftClusterWithGrpc6867ffd7/s2/aee223c3-53d2-4751-a3de-4480aa813250/tmp/snapshot-37993579-38fb-4b3d-9490-00368886050d
2023-03-04 02:57:59,474 [grpc-default-executor-0] TRACE util.FileUtils (LogUtils.java:runAndLog(49)) - Successfully ran Files.createDirectories /home/runner/work/ratis/ratis/ratis-test/target/test/data/a64ae219/MiniRaftClusterWithGrpc6867ffd7/s2/aee223c3-53d2-4751-a3de-4480aa813250/tmp/snapshot-37993579-38fb-4b3d-9490-00368886050d
2023-03-04 02:57:59,474 [grpc-default-executor-0] INFO  impl.SnapshotInstallationHandler (SnapshotInstallationHandler.java:installSnapshot(100)) - s2@group-4480AA813250: reply installSnapshot: s0<-s2#0:OK-t1,SUCCESS,requestIndex=8
2023-03-04 02:57:59,475 [grpc-default-executor-3] INFO  impl.SnapshotInstallationHandler (SnapshotInstallationHandler.java:installSnapshot(89)) - s2@group-4480AA813250: receive installSnapshot: s0->s2#0-t1,chunk:37993579-38fb-4b3d-9490-00368886050d,9
2023-03-04 02:57:59,475 [grpc-default-executor-3] TRACE util.FileUtils (LogUtils.java:runAndLog(49)) - Successfully ran Files.createDirectories /home/runner/work/ratis/ratis/ratis-test/target/test/data/a64ae219/MiniRaftClusterWithGrpc6867ffd7/s2/aee223c3-53d2-4751-a3de-4480aa813250/tmp/snapshot-37993579-38fb-4b3d-9490-00368886050d
2023-03-04 02:57:59,475 [grpc-default-executor-3] INFO  storage.SnapshotManager (SnapshotManager.java:installSnapshot(89)) - Installing snapshot:s0->s2#0-t1,chunk:37993579-38fb-4b3d-9490-00368886050d,9, to tmp dir:/home/runner/work/ratis/ratis/ratis-test/target/test/data/a64ae219/MiniRaftClusterWithGrpc6867ffd7/s2/aee223c3-53d2-4751-a3de-4480aa813250/tmp/snapshot-37993579-38fb-4b3d-9490-00368886050d
2023-03-04 02:57:59,475 [grpc-default-executor-3] TRACE util.FileUtils (LogUtils.java:runAndLog(49)) - Successfully ran Files.createDirectories /home/runner/work/ratis/ratis/ratis-test/target/test/data/a64ae219/MiniRaftClusterWithGrpc6867ffd7/s2/aee223c3-53d2-4751-a3de-4480aa813250/tmp/snapshot-37993579-38fb-4b3d-9490-00368886050d
2023-03-04 02:57:59,475 [grpc-default-executor-3] INFO  impl.SnapshotInstallationHandler (SnapshotInstallationHandler.java:installSnapshot(100)) - s2@group-4480AA813250: reply installSnapshot: s0<-s2#0:OK-t1,SUCCESS,requestIndex=9
2023-03-04 02:57:59,476 [grpc-default-executor-3] INFO  impl.SnapshotInstallationHandler (SnapshotInstallationHandler.java:installSnapshot(89)) - s2@group-4480AA813250: receive installSnapshot: s0->s2#0-t1,chunk:37993579-38fb-4b3d-9490-00368886050d,10
2023-03-04 02:57:59,476 [grpc-default-executor-3] TRACE util.FileUtils (LogUtils.java:runAndLog(49)) - Successfully ran Files.createDirectories /home/runner/work/ratis/ratis/ratis-test/target/test/data/a64ae219/MiniRaftClusterWithGrpc6867ffd7/s2/aee223c3-53d2-4751-a3de-4480aa813250/tmp/snapshot-37993579-38fb-4b3d-9490-00368886050d
2023-03-04 02:57:59,476 [grpc-default-executor-3] INFO  storage.SnapshotManager (SnapshotManager.java:installSnapshot(89)) - Installing snapshot:s0->s2#0-t1,chunk:37993579-38fb-4b3d-9490-00368886050d,10, to tmp dir:/home/runner/work/ratis/ratis/ratis-test/target/test/data/a64ae219/MiniRaftClusterWithGrpc6867ffd7/s2/aee223c3-53d2-4751-a3de-4480aa813250/tmp/snapshot-37993579-38fb-4b3d-9490-00368886050d
2023-03-04 02:57:59,476 [grpc-default-executor-3] TRACE util.FileUtils (LogUtils.java:runAndLog(49)) - Successfully ran Files.createDirectories /home/runner/work/ratis/ratis/ratis-test/target/test/data/a64ae219/MiniRaftClusterWithGrpc6867ffd7/s2/aee223c3-53d2-4751-a3de-4480aa813250/tmp/snapshot-37993579-38fb-4b3d-9490-00368886050d
2023-03-04 02:57:59,477 [grpc-default-executor-0] INFO  server.GrpcLogAppender (GrpcLogAppender.java:onNext(496)) - s0@group-4480AA813250->s2-InstallSnapshotResponseHandler: received a reply s0<-s2#0:OK-t1,SUCCESS,requestIndex=8
2023-03-04 02:57:59,477 [grpc-default-executor-0] INFO  server.GrpcLogAppender (GrpcLogAppender.java:onNext(509)) - s0@group-4480AA813250->s2-InstallSnapshotResponseHandler: Completed InstallSnapshot. Reply: serverReply {
  requestorId: "s0"
  replyId: "s2"
  raftGroupId {
    id: "\256\342#\303S\322GQ\243\336D\200\252\2012P"
  }
  success: true
}
term: 1
requestIndex: 8

2023-03-04 02:57:59,477 [grpc-default-executor-0] INFO  leader.FollowerInfo (FollowerInfoImpl.java:setAttemptedToInstallSnapshot(126)) - Follower s0@group-4480AA813250->s2 acknowledged installing snapshot
2023-03-04 02:57:59,477 [grpc-default-executor-0] INFO  server.GrpcLogAppender (GrpcLogAppender.java:onNext(496)) - s0@group-4480AA813250->s2-InstallSnapshotResponseHandler: received a reply s0<-s2#0:OK-t1,SUCCESS,requestIndex=9
2023-03-04 02:57:59,477 [grpc-default-executor-0] INFO  server.GrpcLogAppender (GrpcLogAppender.java:onNext(509)) - s0@group-4480AA813250->s2-InstallSnapshotResponseHandler: Completed InstallSnapshot. Reply: serverReply {
  requestorId: "s0"
  replyId: "s2"
  raftGroupId {
    id: "\256\342#\303S\322GQ\243\336D\200\252\2012P"
  }
  success: true
}
term: 1
requestIndex: 9

2023-03-04 02:57:59,477 [grpc-default-executor-0] INFO  leader.FollowerInfo (FollowerInfoImpl.java:setAttemptedToInstallSnapshot(126)) - Follower s0@group-4480AA813250->s2 acknowledged installing snapshot
2023-03-04 02:57:59,477 [grpc-default-executor-3] INFO  storage.SnapshotManager (SnapshotManager.java:rename(168)) - Installed snapshot, renaming temporary dir /home/runner/work/ratis/ratis/ratis-test/target/test/data/a64ae219/MiniRaftClusterWithGrpc6867ffd7/s2/aee223c3-53d2-4751-a3de-4480aa813250/tmp/snapshot-37993579-38fb-4b3d-9490-00368886050d to /home/runner/work/ratis/ratis/ratis-test/target/test/data/a64ae219/MiniRaftClusterWithGrpc6867ffd7/s2/aee223c3-53d2-4751-a3de-4480aa813250/sm
2023-03-04 02:57:59,477 [grpc-default-executor-3] TRACE util.FileUtils (LogUtils.java:runAndLog(49)) - Successfully ran Atomic Files.move /home/runner/work/ratis/ratis/ratis-test/target/test/data/a64ae219/MiniRaftClusterWithGrpc6867ffd7/s2/aee223c3-53d2-4751-a3de-4480aa813250/sm to /home/runner/work/ratis/ratis/ratis-test/target/test/data/a64ae219/MiniRaftClusterWithGrpc6867ffd7/s2/aee223c3-53d2-4751-a3de-4480aa813250/sm.tmp20230304-025759_477
2023-03-04 02:57:59,477 [grpc-default-executor-3] TRACE util.FileUtils (LogUtils.java:runAndLog(49)) - Successfully ran Atomic Files.move /home/runner/work/ratis/ratis/ratis-test/target/test/data/a64ae219/MiniRaftClusterWithGrpc6867ffd7/s2/aee223c3-53d2-4751-a3de-4480aa813250/tmp/snapshot-37993579-38fb-4b3d-9490-00368886050d to /home/runner/work/ratis/ratis/ratis-test/target/test/data/a64ae219/MiniRaftClusterWithGrpc6867ffd7/s2/aee223c3-53d2-4751-a3de-4480aa813250/sm
2023-03-04 02:57:59,478 [grpc-default-executor-3] TRACE util.FileUtils (FileUtils.java:deleteFully(201)) - deleteFully /home/runner/work/ratis/ratis/ratis-test/target/test/data/a64ae219/MiniRaftClusterWithGrpc6867ffd7/s2/aee223c3-53d2-4751-a3de-4480aa813250/sm.tmp20230304-025759_477
2023-03-04 02:57:59,478 [grpc-default-executor-3] TRACE util.FileUtils (LogUtils.java:runAndLog(49)) - Successfully ran Files.delete /home/runner/work/ratis/ratis/ratis-test/target/test/data/a64ae219/MiniRaftClusterWithGrpc6867ffd7/s2/aee223c3-53d2-4751-a3de-4480aa813250/sm.tmp20230304-025759_477
2023-03-04 02:57:59,478 [grpc-default-executor-3] INFO  raftlog.RaftLog (RaftLogBase.java:lambda$new$0(53)) - s2@group-4480AA813250-SegmentedRaftLog: snapshotIndex: updateIncreasingly -1 -> 191
2023-03-04 02:57:59,478 [s2@group-4480AA813250-StateMachineUpdater] INFO  impl.SimpleStateMachine4Testing (SimpleStateMachine4Testing.java:reinitialize(236)) - Reinitializing StateMachineWithMultiNestedSnapshotFile:s2:group-4480AA813250
2023-03-04 02:57:59,478 [s2@group-4480AA813250-StateMachineUpdater] INFO  impl.SimpleStateMachine4Testing (SimpleStateMachine4Testing.java:loadSnapshot(293)) - Loading snapshot SingleFileSnapshotInfo(t:1, i:191):[/home/runner/work/ratis/ratis/ratis-test/target/test/data/a64ae219/MiniRaftClusterWithGrpc6867ffd7/s2/aee223c3-53d2-4751-a3de-4480aa813250/sm/snapshot.1_191]
2023-03-04 02:57:59,478 [s2@group-4480AA813250-StateMachineUpdater] INFO  impl.SimpleStateMachine4Testing (SimpleStateMachine4Testing.java:put(205)) - s2: put 1, m0 -> (t:1, i:1), STATEMACHINELOGENTRY, 258@client-6A0DA0A905BB
2023-03-04 02:57:59,478 [s2@group-4480AA813250-StateMachineUpdater] INFO  impl.SimpleStateMachine4Testing (SimpleStateMachine4Testing.java:put(205)) - s2: put 3, m1 -> (t:1, i:3), STATEMACHINELOGENTRY, 259@client-6A0DA0A905BB
2023-03-04 02:57:59,478 [s2@group-4480AA813250-StateMachineUpdater] INFO  impl.SimpleStateMachine4Testing (SimpleStateMachine4Testing.java:put(205)) - s2: put 5, m2 -> (t:1, i:5), STATEMACHINELOGENTRY, 260@client-6A0DA0A905BB
2023-03-04 02:57:59,478 [s2@group-4480AA813250-StateMachineUpdater] INFO  impl.SimpleStateMachine4Testing (SimpleStateMachine4Testing.java:put(205)) - s2: put 7, m3 -> (t:1, i:7), STATEMACHINELOGENTRY, 261@client-6A0DA0A905BB
2023-03-04 02:57:59,478 [s2@group-4480AA813250-StateMachineUpdater] INFO  impl.SimpleStateMachine4Testing (SimpleStateMachine4Testing.java:put(205)) - s2: put 9, m4 -> (t:1, i:9), STATEMACHINELOGENTRY, 262@client-6A0DA0A905BB
2023-03-04 02:57:59,478 [s2@group-4480AA813250-StateMachineUpdater] INFO  impl.SimpleStateMachine4Testing (SimpleStateMachine4Testing.java:put(205)) - s2: put 11, m5 -> (t:1, i:11), STATEMACHINELOGENTRY, 263@client-6A0DA0A905BB
2023-03-04 02:57:59,478 [s2@group-4480AA813250-StateMachineUpdater] INFO  impl.SimpleStateMachine4Testing (SimpleStateMachine4Testing.java:put(205)) - s2: put 13, m6 -> (t:1, i:13), STATEMACHINELOGENTRY, 264@client-6A0DA0A905BB
2023-03-04 02:57:59,479 [s2@group-4480AA813250-StateMachineUpdater] INFO  impl.SimpleStateMachine4Testing (SimpleStateMachine4Testing.java:put(205)) - s2: put 15, m7 -> (t:1, i:15), STATEMACHINELOGENTRY, 265@client-6A0DA0A905BB
2023-03-04 02:57:59,479 [s2@group-4480AA813250-StateMachineUpdater] INFO  impl.SimpleStateMachine4Testing (SimpleStateMachine4Testing.java:put(205)) - s2: put 17, m8 -> (t:1, i:17), STATEMACHINELOGENTRY, 266@client-6A0DA0A905BB
2023-03-04 02:57:59,479 [s2@group-4480AA813250-StateMachineUpdater] INFO  impl.SimpleStateMachine4Testing (SimpleStateMachine4Testing.java:put(205)) - s2: put 19, m9 -> (t:1, i:19), STATEMACHINELOGENTRY, 267@client-6A0DA0A905BB
2023-03-04 02:57:59,479 [s2@group-4480AA813250-StateMachineUpdater] INFO  impl.SimpleStateMachine4Testing (SimpleStateMachine4Testing.java:put(205)) - s2: put 21, m10 -> (t:1, i:21), STATEMACHINELOGENTRY, 268@client-6A0DA0A905BB
2023-03-04 02:57:59,479 [s2@group-4480AA813250-StateMachineUpdater] INFO  impl.SimpleStateMachine4Testing (SimpleStateMachine4Testing.java:put(205)) - s2: put 23, m11 -> (t:1, i:23), STATEMACHINELOGENTRY, 269@client-6A0DA0A905BB
2023-03-04 02:57:59,479 [s2@group-4480AA813250-StateMachineUpdater] INFO  impl.SimpleStateMachine4Testing (SimpleStateMachine4Testing.java:put(205)) - s2: put 25, m12 -> (t:1, i:25), STATEMACHINELOGENTRY, 270@client-6A0DA0A905BB
2023-03-04 02:57:59,479 [s2@group-4480AA813250-StateMachineUpdater] INFO  impl.SimpleStateMachine4Testing (SimpleStateMachine4Testing.java:put(205)) - s2: put 27, m13 -> (t:1, i:27), STATEMACHINELOGENTRY, 271@client-6A0DA0A905BB
2023-03-04 02:57:59,479 [s2@group-4480AA813250-StateMachineUpdater] INFO  impl.SimpleStateMachine4Testing (SimpleStateMachine4Testing.java:put(205)) - s2: put 29, m14 -> (t:1, i:29), STATEMACHINELOGENTRY, 272@client-6A0DA0A905BB
2023-03-04 02:57:59,479 [s2@group-4480AA813250-StateMachineUpdater] INFO  impl.SimpleStateMachine4Testing (SimpleStateMachine4Testing.java:put(205)) - s2: put 31, m15 -> (t:1, i:31), STATEMACHINELOGENTRY, 273@client-6A0DA0A905BB
2023-03-04 02:57:59,479 [s2@group-4480AA813250-StateMachineUpdater] INFO  impl.SimpleStateMachine4Testing (SimpleStateMachine4Testing.java:put(205)) - s2: put 33, m16 -> (t:1, i:33), STATEMACHINELOGENTRY, 274@client-6A0DA0A905BB
2023-03-04 02:57:59,479 [s2@group-4480AA813250-StateMachineUpdater] INFO  impl.SimpleStateMachine4Testing (SimpleStateMachine4Testing.java:put(205)) - s2: put 35, m17 -> (t:1, i:35), STATEMACHINELOGENTRY, 275@client-6A0DA0A905BB
2023-03-04 02:57:59,479 [s2@group-4480AA813250-StateMachineUpdater] INFO  impl.SimpleStateMachine4Testing (SimpleStateMachine4Testing.java:put(205)) - s2: put 37, m18 -> (t:1, i:37), STATEMACHINELOGENTRY, 276@client-6A0DA0A905BB
2023-03-04 02:57:59,479 [s2@group-4480AA813250-StateMachineUpdater] INFO  impl.SimpleStateMachine4Testing (SimpleStateMachine4Testing.java:put(205)) - s2: put 39, m19 -> (t:1, i:39), STATEMACHINELOGENTRY, 277@client-6A0DA0A905BB
2023-03-04 02:57:59,479 [s2@group-4480AA813250-StateMachineUpdater] INFO  impl.SimpleStateMachine4Testing (SimpleStateMachine4Testing.java:put(205)) - s2: put 41, m20 -> (t:1, i:41), STATEMACHINELOGENTRY, 278@client-6A0DA0A905BB
2023-03-04 02:57:59,479 [s2@group-4480AA813250-StateMachineUpdater] INFO  impl.SimpleStateMachine4Testing (SimpleStateMachine4Testing.java:put(205)) - s2: put 43, m21 -> (t:1, i:43), STATEMACHINELOGENTRY, 279@client-6A0DA0A905BB
2023-03-04 02:57:59,479 [s2@group-4480AA813250-StateMachineUpdater] INFO  impl.SimpleStateMachine4Testing (SimpleStateMachine4Testing.java:put(205)) - s2: put 45, m22 -> (t:1, i:45), STATEMACHINELOGENTRY, 280@client-6A0DA0A905BB
2023-03-04 02:57:59,479 [s2@group-4480AA813250-StateMachineUpdater] INFO  impl.SimpleStateMachine4Testing (SimpleStateMachine4Testing.java:put(205)) - s2: put 47, m23 -> (t:1, i:47), STATEMACHINELOGENTRY, 281@client-6A0DA0A905BB
2023-03-04 02:57:59,479 [s2@group-4480AA813250-StateMachineUpdater] INFO  impl.SimpleStateMachine4Testing (SimpleStateMachine4Testing.java:put(205)) - s2: put 49, m24 -> (t:1, i:49), STATEMACHINELOGENTRY, 282@client-6A0DA0A905BB
2023-03-04 02:57:59,479 [s2@group-4480AA813250-StateMachineUpdater] INFO  impl.SimpleStateMachine4Testing (SimpleStateMachine4Testing.java:put(205)) - s2: put 51, m25 -> (t:1, i:51), STATEMACHINELOGENTRY, 283@client-6A0DA0A905BB
2023-03-04 02:57:59,479 [s2@group-4480AA813250-StateMachineUpdater] INFO  impl.SimpleStateMachine4Testing (SimpleStateMachine4Testing.java:put(205)) - s2: put 53, m26 -> (t:1, i:53), STATEMACHINELOGENTRY, 284@client-6A0DA0A905BB
2023-03-04 02:57:59,479 [s2@group-4480AA813250-StateMachineUpdater] INFO  impl.SimpleStateMachine4Testing (SimpleStateMachine4Testing.java:put(205)) - s2: put 55, m27 -> (t:1, i:55), STATEMACHINELOGENTRY, 285@client-6A0DA0A905BB
2023-03-04 02:57:59,479 [s2@group-4480AA813250-StateMachineUpdater] INFO  impl.SimpleStateMachine4Testing (SimpleStateMachine4Testing.java:put(205)) - s2: put 57, m28 -> (t:1, i:57), STATEMACHINELOGENTRY, 286@client-6A0DA0A905BB
2023-03-04 02:57:59,479 [s2@group-4480AA813250-StateMachineUpdater] INFO  impl.SimpleStateMachine4Testing (SimpleStateMachine4Testing.java:put(205)) - s2: put 59, m29 -> (t:1, i:59), STATEMACHINELOGENTRY, 287@client-6A0DA0A905BB
2023-03-04 02:57:59,479 [s2@group-4480AA813250-StateMachineUpdater] INFO  impl.SimpleStateMachine4Testing (SimpleStateMachine4Testing.java:put(205)) - s2: put 61, m30 -> (t:1, i:61), STATEMACHINELOGENTRY, 288@client-6A0DA0A905BB
2023-03-04 02:57:59,479 [s2@group-4480AA813250-StateMachineUpdater] INFO  impl.SimpleStateMachine4Testing (SimpleStateMachine4Testing.java:put(205)) - s2: put 63, m31 -> (t:1, i:63), STATEMACHINELOGENTRY, 289@client-6A0DA0A905BB
2023-03-04 02:57:59,480 [s2@group-4480AA813250-StateMachineUpdater] INFO  impl.SimpleStateMachine4Testing (SimpleStateMachine4Testing.java:put(205)) - s2: put 65, m32 -> (t:1, i:65), STATEMACHINELOGENTRY, 290@client-6A0DA0A905BB
2023-03-04 02:57:59,480 [s2@group-4480AA813250-StateMachineUpdater] INFO  impl.SimpleStateMachine4Testing (SimpleStateMachine4Testing.java:put(205)) - s2: put 67, m33 -> (t:1, i:67), STATEMACHINELOGENTRY, 291@client-6A0DA0A905BB
2023-03-04 02:57:59,480 [s2@group-4480AA813250-StateMachineUpdater] INFO  impl.SimpleStateMachine4Testing (SimpleStateMachine4Testing.java:put(205)) - s2: put 69, m34 -> (t:1, i:69), STATEMACHINELOGENTRY, 292@client-6A0DA0A905BB
2023-03-04 02:57:59,480 [s2@group-4480AA813250-StateMachineUpdater] INFO  impl.SimpleStateMachine4Testing (SimpleStateMachine4Testing.java:put(205)) - s2: put 71, m35 -> (t:1, i:71), STATEMACHINELOGENTRY, 293@client-6A0DA0A905BB
2023-03-04 02:57:59,480 [s2@group-4480AA813250-StateMachineUpdater] INFO  impl.SimpleStateMachine4Testing (SimpleStateMachine4Testing.java:put(205)) - s2: put 73, m36 -> (t:1, i:73), STATEMACHINELOGENTRY, 294@client-6A0DA0A905BB
2023-03-04 02:57:59,480 [s2@group-4480AA813250-StateMachineUpdater] INFO  impl.SimpleStateMachine4Testing (SimpleStateMachine4Testing.java:put(205)) - s2: put 75, m37 -> (t:1, i:75), STATEMACHINELOGENTRY, 295@client-6A0DA0A905BB
2023-03-04 02:57:59,480 [s2@group-4480AA813250-StateMachineUpdater] INFO  impl.SimpleStateMachine4Testing (SimpleStateMachine4Testing.java:put(205)) - s2: put 77, m38 -> (t:1, i:77), STATEMACHINELOGENTRY, 296@client-6A0DA0A905BB
2023-03-04 02:57:59,480 [s2@group-4480AA813250-StateMachineUpdater] INFO  impl.SimpleStateMachine4Testing (SimpleStateMachine4Testing.java:put(205)) - s2: put 79, m39 -> (t:1, i:79), STATEMACHINELOGENTRY, 297@client-6A0DA0A905BB
2023-03-04 02:57:59,480 [s2@group-4480AA813250-StateMachineUpdater] INFO  impl.SimpleStateMachine4Testing (SimpleStateMachine4Testing.java:put(205)) - s2: put 81, m40 -> (t:1, i:81), STATEMACHINELOGENTRY, 298@client-6A0DA0A905BB
2023-03-04 02:57:59,480 [s2@group-4480AA813250-StateMachineUpdater] INFO  impl.SimpleStateMachine4Testing (SimpleStateMachine4Testing.java:put(205)) - s2: put 83, m41 -> (t:1, i:83), STATEMACHINELOGENTRY, 299@client-6A0DA0A905BB
2023-03-04 02:57:59,480 [s2@group-4480AA813250-StateMachineUpdater] INFO  impl.SimpleStateMachine4Testing (SimpleStateMachine4Testing.java:put(205)) - s2: put 85, m42 -> (t:1, i:85), STATEMACHINELOGENTRY, 300@client-6A0DA0A905BB
2023-03-04 02:57:59,480 [s2@group-4480AA813250-StateMachineUpdater] INFO  impl.SimpleStateMachine4Testing (SimpleStateMachine4Testing.java:put(205)) - s2: put 87, m43 -> (t:1, i:87), STATEMACHINELOGENTRY, 301@client-6A0DA0A905BB
2023-03-04 02:57:59,480 [s2@group-4480AA813250-StateMachineUpdater] INFO  impl.SimpleStateMachine4Testing (SimpleStateMachine4Testing.java:put(205)) - s2: put 89, m44 -> (t:1, i:89), STATEMACHINELOGENTRY, 302@client-6A0DA0A905BB
2023-03-04 02:57:59,480 [s2@group-4480AA813250-StateMachineUpdater] INFO  impl.SimpleStateMachine4Testing (SimpleStateMachine4Testing.java:put(205)) - s2: put 91, m45 -> (t:1, i:91), STATEMACHINELOGENTRY, 303@client-6A0DA0A905BB
2023-03-04 02:57:59,480 [s2@group-4480AA813250-StateMachineUpdater] INFO  impl.SimpleStateMachine4Testing (SimpleStateMachine4Testing.java:put(205)) - s2: put 93, m46 -> (t:1, i:93), STATEMACHINELOGENTRY, 304@client-6A0DA0A905BB
2023-03-04 02:57:59,480 [s2@group-4480AA813250-StateMachineUpdater] INFO  impl.SimpleStateMachine4Testing (SimpleStateMachine4Testing.java:put(205)) - s2: put 95, m47 -> (t:1, i:95), STATEMACHINELOGENTRY, 305@client-6A0DA0A905BB
2023-03-04 02:57:59,480 [s2@group-4480AA813250-StateMachineUpdater] INFO  impl.SimpleStateMachine4Testing (SimpleStateMachine4Testing.java:put(205)) - s2: put 97, m48 -> (t:1, i:97), STATEMACHINELOGENTRY, 306@client-6A0DA0A905BB
2023-03-04 02:57:59,480 [s2@group-4480AA813250-StateMachineUpdater] INFO  impl.SimpleStateMachine4Testing (SimpleStateMachine4Testing.java:put(205)) - s2: put 99, m49 -> (t:1, i:99), STATEMACHINELOGENTRY, 307@client-6A0DA0A905BB
2023-03-04 02:57:59,480 [s2@group-4480AA813250-StateMachineUpdater] INFO  impl.SimpleStateMachine4Testing (SimpleStateMachine4Testing.java:put(205)) - s2: put 101, m50 -> (t:1, i:101), STATEMACHINELOGENTRY, 308@client-6A0DA0A905BB
2023-03-04 02:57:59,481 [s2@group-4480AA813250-StateMachineUpdater] INFO  impl.SimpleStateMachine4Testing (SimpleStateMachine4Testing.java:put(205)) - s2: put 103, m51 -> (t:1, i:103), STATEMACHINELOGENTRY, 309@client-6A0DA0A905BB
2023-03-04 02:57:59,481 [s2@group-4480AA813250-StateMachineUpdater] INFO  impl.SimpleStateMachine4Testing (SimpleStateMachine4Testing.java:put(205)) - s2: put 105, m52 -> (t:1, i:105), STATEMACHINELOGENTRY, 310@client-6A0DA0A905BB
2023-03-04 02:57:59,481 [s2@group-4480AA813250-StateMachineUpdater] INFO  impl.SimpleStateMachine4Testing (SimpleStateMachine4Testing.java:put(205)) - s2: put 107, m53 -> (t:1, i:107), STATEMACHINELOGENTRY, 311@client-6A0DA0A905BB
2023-03-04 02:57:59,481 [s2@group-4480AA813250-StateMachineUpdater] INFO  impl.SimpleStateMachine4Testing (SimpleStateMachine4Testing.java:put(205)) - s2: put 109, m54 -> (t:1, i:109), STATEMACHINELOGENTRY, 312@client-6A0DA0A905BB
2023-03-04 02:57:59,481 [s2@group-4480AA813250-StateMachineUpdater] INFO  impl.SimpleStateMachine4Testing (SimpleStateMachine4Testing.java:put(205)) - s2: put 111, m55 -> (t:1, i:111), STATEMACHINELOGENTRY, 313@client-6A0DA0A905BB
2023-03-04 02:57:59,481 [s2@group-4480AA813250-StateMachineUpdater] INFO  impl.SimpleStateMachine4Testing (SimpleStateMachine4Testing.java:put(205)) - s2: put 113, m56 -> (t:1, i:113), STATEMACHINELOGENTRY, 314@client-6A0DA0A905BB
2023-03-04 02:57:59,481 [s2@group-4480AA813250-StateMachineUpdater] INFO  impl.SimpleStateMachine4Testing (SimpleStateMachine4Testing.java:put(205)) - s2: put 115, m57 -> (t:1, i:115), STATEMACHINELOGENTRY, 315@client-6A0DA0A905BB
2023-03-04 02:57:59,481 [s2@group-4480AA813250-StateMachineUpdater] INFO  impl.SimpleStateMachine4Testing (SimpleStateMachine4Testing.java:put(205)) - s2: put 117, m58 -> (t:1, i:117), STATEMACHINELOGENTRY, 316@client-6A0DA0A905BB
2023-03-04 02:57:59,481 [s2@group-4480AA813250-StateMachineUpdater] INFO  impl.SimpleStateMachine4Testing (SimpleStateMachine4Testing.java:put(205)) - s2: put 119, m59 -> (t:1, i:119), STATEMACHINELOGENTRY, 317@client-6A0DA0A905BB
2023-03-04 02:57:59,481 [s2@group-4480AA813250-StateMachineUpdater] INFO  impl.SimpleStateMachine4Testing (SimpleStateMachine4Testing.java:put(205)) - s2: put 121, m60 -> (t:1, i:121), STATEMACHINELOGENTRY, 318@client-6A0DA0A905BB
2023-03-04 02:57:59,481 [s2@group-4480AA813250-StateMachineUpdater] INFO  impl.SimpleStateMachine4Testing (SimpleStateMachine4Testing.java:put(205)) - s2: put 123, m61 -> (t:1, i:123), STATEMACHINELOGENTRY, 319@client-6A0DA0A905BB
2023-03-04 02:57:59,481 [s2@group-4480AA813250-StateMachineUpdater] INFO  impl.SimpleStateMachine4Testing (SimpleStateMachine4Testing.java:put(205)) - s2: put 125, m62 -> (t:1, i:125), STATEMACHINELOGENTRY, 320@client-6A0DA0A905BB
2023-03-04 02:57:59,481 [s2@group-4480AA813250-StateMachineUpdater] INFO  impl.SimpleStateMachine4Testing (SimpleStateMachine4Testing.java:put(205)) - s2: put 127, m63 -> (t:1, i:127), STATEMACHINELOGENTRY, 321@client-6A0DA0A905BB
2023-03-04 02:57:59,481 [s2@group-4480AA813250-StateMachineUpdater] INFO  impl.SimpleStateMachine4Testing (SimpleStateMachine4Testing.java:put(205)) - s2: put 129, m64 -> (t:1, i:129), STATEMACHINELOGENTRY, 322@client-6A0DA0A905BB
2023-03-04 02:57:59,481 [s2@group-4480AA813250-StateMachineUpdater] INFO  impl.SimpleStateMachine4Testing (SimpleStateMachine4Testing.java:put(205)) - s2: put 131, m65 -> (t:1, i:131), STATEMACHINELOGENTRY, 323@client-6A0DA0A905BB
2023-03-04 02:57:59,481 [s2@group-4480AA813250-StateMachineUpdater] INFO  impl.SimpleStateMachine4Testing (SimpleStateMachine4Testing.java:put(205)) - s2: put 133, m66 -> (t:1, i:133), STATEMACHINELOGENTRY, 324@client-6A0DA0A905BB
2023-03-04 02:57:59,481 [s2@group-4480AA813250-StateMachineUpdater] INFO  impl.SimpleStateMachine4Testing (SimpleStateMachine4Testing.java:put(205)) - s2: put 135, m67 -> (t:1, i:135), STATEMACHINELOGENTRY, 325@client-6A0DA0A905BB
2023-03-04 02:57:59,481 [s2@group-4480AA813250-StateMachineUpdater] INFO  impl.SimpleStateMachine4Testing (SimpleStateMachine4Testing.java:put(205)) - s2: put 137, m68 -> (t:1, i:137), STATEMACHINELOGENTRY, 326@client-6A0DA0A905BB
2023-03-04 02:57:59,481 [s2@group-4480AA813250-StateMachineUpdater] INFO  impl.SimpleStateMachine4Testing (SimpleStateMachine4Testing.java:put(205)) - s2: put 139, m69 -> (t:1, i:139), STATEMACHINELOGENTRY, 327@client-6A0DA0A905BB
2023-03-04 02:57:59,481 [s2@group-4480AA813250-StateMachineUpdater] INFO  impl.SimpleStateMachine4Testing (SimpleStateMachine4Testing.java:put(205)) - s2: put 141, m70 -> (t:1, i:141), STATEMACHINELOGENTRY, 328@client-6A0DA0A905BB
2023-03-04 02:57:59,481 [s2@group-4480AA813250-StateMachineUpdater] INFO  impl.SimpleStateMachine4Testing (SimpleStateMachine4Testing.java:put(205)) - s2: put 143, m71 -> (t:1, i:143), STATEMACHINELOGENTRY, 329@client-6A0DA0A905BB
2023-03-04 02:57:59,481 [s2@group-4480AA813250-StateMachineUpdater] INFO  impl.SimpleStateMachine4Testing (SimpleStateMachine4Testing.java:put(205)) - s2: put 145, m72 -> (t:1, i:145), STATEMACHINELOGENTRY, 330@client-6A0DA0A905BB
2023-03-04 02:57:59,481 [s2@group-4480AA813250-StateMachineUpdater] INFO  impl.SimpleStateMachine4Testing (SimpleStateMachine4Testing.java:put(205)) - s2: put 147, m73 -> (t:1, i:147), STATEMACHINELOGENTRY, 331@client-6A0DA0A905BB
2023-03-04 02:57:59,481 [s2@group-4480AA813250-StateMachineUpdater] INFO  impl.SimpleStateMachine4Testing (SimpleStateMachine4Testing.java:put(205)) - s2: put 149, m74 -> (t:1, i:149), STATEMACHINELOGENTRY, 332@client-6A0DA0A905BB
2023-03-04 02:57:59,482 [s2@group-4480AA813250-StateMachineUpdater] INFO  impl.SimpleStateMachine4Testing (SimpleStateMachine4Testing.java:put(205)) - s2: put 151, m75 -> (t:1, i:151), STATEMACHINELOGENTRY, 333@client-6A0DA0A905BB
2023-03-04 02:57:59,482 [s2@group-4480AA813250-StateMachineUpdater] INFO  impl.SimpleStateMachine4Testing (SimpleStateMachine4Testing.java:put(205)) - s2: put 153, m76 -> (t:1, i:153), STATEMACHINELOGENTRY, 334@client-6A0DA0A905BB
2023-03-04 02:57:59,482 [s2@group-4480AA813250-StateMachineUpdater] INFO  impl.SimpleStateMachine4Testing (SimpleStateMachine4Testing.java:put(205)) - s2: put 155, m77 -> (t:1, i:155), STATEMACHINELOGENTRY, 335@client-6A0DA0A905BB
2023-03-04 02:57:59,482 [s2@group-4480AA813250-StateMachineUpdater] INFO  impl.SimpleStateMachine4Testing (SimpleStateMachine4Testing.java:put(205)) - s2: put 157, m78 -> (t:1, i:157), STATEMACHINELOGENTRY, 336@client-6A0DA0A905BB
2023-03-04 02:57:59,482 [s2@group-4480AA813250-StateMachineUpdater] INFO  impl.SimpleStateMachine4Testing (SimpleStateMachine4Testing.java:put(205)) - s2: put 159, m79 -> (t:1, i:159), STATEMACHINELOGENTRY, 337@client-6A0DA0A905BB
2023-03-04 02:57:59,482 [s2@group-4480AA813250-StateMachineUpdater] INFO  impl.SimpleStateMachine4Testing (SimpleStateMachine4Testing.java:put(205)) - s2: put 161, m80 -> (t:1, i:161), STATEMACHINELOGENTRY, 338@client-6A0DA0A905BB
2023-03-04 02:57:59,482 [s2@group-4480AA813250-StateMachineUpdater] INFO  impl.SimpleStateMachine4Testing (SimpleStateMachine4Testing.java:put(205)) - s2: put 163, m81 -> (t:1, i:163), STATEMACHINELOGENTRY, 339@client-6A0DA0A905BB
2023-03-04 02:57:59,482 [s2@group-4480AA813250-StateMachineUpdater] INFO  impl.SimpleStateMachine4Testing (SimpleStateMachine4Testing.java:put(205)) - s2: put 165, m82 -> (t:1, i:165), STATEMACHINELOGENTRY, 340@client-6A0DA0A905BB
2023-03-04 02:57:59,482 [s2@group-4480AA813250-StateMachineUpdater] INFO  impl.SimpleStateMachine4Testing (SimpleStateMachine4Testing.java:put(205)) - s2: put 167, m83 -> (t:1, i:167), STATEMACHINELOGENTRY, 341@client-6A0DA0A905BB
2023-03-04 02:57:59,482 [s2@group-4480AA813250-StateMachineUpdater] INFO  impl.SimpleStateMachine4Testing (SimpleStateMachine4Testing.java:put(205)) - s2: put 169, m84 -> (t:1, i:169), STATEMACHINELOGENTRY, 342@client-6A0DA0A905BB
2023-03-04 02:57:59,482 [s2@group-4480AA813250-StateMachineUpdater] INFO  impl.SimpleStateMachine4Testing (SimpleStateMachine4Testing.java:put(205)) - s2: put 171, m85 -> (t:1, i:171), STATEMACHINELOGENTRY, 343@client-6A0DA0A905BB
2023-03-04 02:57:59,482 [s2@group-4480AA813250-StateMachineUpdater] INFO  impl.SimpleStateMachine4Testing (SimpleStateMachine4Testing.java:put(205)) - s2: put 173, m86 -> (t:1, i:173), STATEMACHINELOGENTRY, 344@client-6A0DA0A905BB
2023-03-04 02:57:59,482 [s2@group-4480AA813250-StateMachineUpdater] INFO  impl.SimpleStateMachine4Testing (SimpleStateMachine4Testing.java:put(205)) - s2: put 175, m87 -> (t:1, i:175), STATEMACHINELOGENTRY, 345@client-6A0DA0A905BB
2023-03-04 02:57:59,482 [s2@group-4480AA813250-StateMachineUpdater] INFO  impl.SimpleStateMachine4Testing (SimpleStateMachine4Testing.java:put(205)) - s2: put 177, m88 -> (t:1, i:177), STATEMACHINELOGENTRY, 346@client-6A0DA0A905BB
2023-03-04 02:57:59,482 [s2@group-4480AA813250-StateMachineUpdater] INFO  impl.SimpleStateMachine4Testing (SimpleStateMachine4Testing.java:put(205)) - s2: put 179, m89 -> (t:1, i:179), STATEMACHINELOGENTRY, 347@client-6A0DA0A905BB
2023-03-04 02:57:59,482 [s2@group-4480AA813250-StateMachineUpdater] INFO  impl.SimpleStateMachine4Testing (SimpleStateMachine4Testing.java:put(205)) - s2: put 181, m90 -> (t:1, i:181), STATEMACHINELOGENTRY, 348@client-6A0DA0A905BB
2023-03-04 02:57:59,482 [s2@group-4480AA813250-StateMachineUpdater] INFO  impl.SimpleStateMachine4Testing (SimpleStateMachine4Testing.java:put(205)) - s2: put 183, m91 -> (t:1, i:183), STATEMACHINELOGENTRY, 349@client-6A0DA0A905BB
2023-03-04 02:57:59,482 [s2@group-4480AA813250-StateMachineUpdater] INFO  impl.SimpleStateMachine4Testing (SimpleStateMachine4Testing.java:put(205)) - s2: put 185, m92 -> (t:1, i:185), STATEMACHINELOGENTRY, 350@client-6A0DA0A905BB
2023-03-04 02:57:59,482 [s2@group-4480AA813250-StateMachineUpdater] INFO  impl.SimpleStateMachine4Testing (SimpleStateMachine4Testing.java:put(205)) - s2: put 187, m93 -> (t:1, i:187), STATEMACHINELOGENTRY, 351@client-6A0DA0A905BB
2023-03-04 02:57:59,482 [s2@group-4480AA813250-StateMachineUpdater] INFO  impl.SimpleStateMachine4Testing (SimpleStateMachine4Testing.java:put(205)) - s2: put 189, m94 -> (t:1, i:189), STATEMACHINELOGENTRY, 352@client-6A0DA0A905BB
2023-03-04 02:57:59,482 [s2@group-4480AA813250-StateMachineUpdater] INFO  impl.SimpleStateMachine4Testing (SimpleStateMachine4Testing.java:put(205)) - s2: put 191, m95 -> (t:1, i:191), STATEMACHINELOGENTRY, 353@client-6A0DA0A905BB
2023-03-04 02:57:59,482 [s2@group-4480AA813250-StateMachineUpdater] INFO  impl.StateMachineUpdater (StateMachineUpdater.java:lambda$new$0(96)) - s2@group-4480AA813250-StateMachineUpdater: snapshotIndex: setUnconditionally -1 -> 191
2023-03-04 02:57:59,482 [s2@group-4480AA813250-StateMachineUpdater] INFO  impl.StateMachineUpdater (StateMachineUpdater.java:lambda$new$0(96)) - s2@group-4480AA813250-StateMachineUpdater: appliedIndex: setUnconditionally -1 -> 191
2023-03-04 02:57:59,482 [grpc-default-executor-3] INFO  impl.SnapshotInstallationHandler (SnapshotInstallationHandler.java:checkAndInstallSnapshot(193)) - s2@group-4480AA813250: successfully install the entire snapshot-191
2023-03-04 02:57:59,483 [grpc-default-executor-3] INFO  impl.SnapshotInstallationHandler (SnapshotInstallationHandler.java:installSnapshot(100)) - s2@group-4480AA813250: reply installSnapshot: s0<-s2#0:OK-t1,SUCCESS,requestIndex=10
2023-03-04 02:57:59,483 [grpc-default-executor-3] INFO  server.GrpcServerProtocolService (GrpcServerProtocolService.java:onCompleted(143)) - s2: Completed INSTALL_SNAPSHOT, lastRequest: s0->s2#0-t1,chunk:37993579-38fb-4b3d-9490-00368886050d,10
2023-03-04 02:57:59,483 [grpc-default-executor-2] INFO  server.GrpcLogAppender (GrpcLogAppender.java:onNext(496)) - s0@group-4480AA813250->s2-InstallSnapshotResponseHandler: received a reply s0<-s2#0:OK-t1,SUCCESS,requestIndex=10
2023-03-04 02:57:59,483 [grpc-default-executor-2] INFO  server.GrpcLogAppender (GrpcLogAppender.java:onNext(509)) - s0@group-4480AA813250->s2-InstallSnapshotResponseHandler: Completed InstallSnapshot. Reply: serverReply {
  requestorId: "s0"
  replyId: "s2"
  raftGroupId {
    id: "\256\342#\303S\322GQ\243\336D\200\252\2012P"
  }
  success: true
}
term: 1
requestIndex: 10

2023-03-04 02:57:59,483 [grpc-default-executor-2] INFO  leader.FollowerInfo (FollowerInfoImpl.java:setAttemptedToInstallSnapshot(126)) - Follower s0@group-4480AA813250->s2 acknowledged installing snapshot
2023-03-04 02:57:59,483 [grpc-default-executor-2] INFO  server.GrpcLogAppender (GrpcLogAppender.java:onCompleted(574)) - s0@group-4480AA813250->s2-InstallSnapshotResponseHandler: follower responded installSnapshot COMPLETED
2023-03-04 02:57:59,483 [s0@group-4480AA813250->s2-GrpcLogAppender-LogAppenderDaemon] INFO  leader.FollowerInfo (FollowerInfoImpl.java:lambda$new$0(52)) - s0@group-4480AA813250->s2: snapshotIndex: setUnconditionally 0 -> 191
2023-03-04 02:57:59,483 [s0@group-4480AA813250->s2-GrpcLogAppender-LogAppenderDaemon] INFO  leader.FollowerInfo (FollowerInfoImpl.java:lambda$new$0(52)) - s0@group-4480AA813250->s2: matchIndex: setUnconditionally -1 -> 191
2023-03-04 02:57:59,483 [s0@group-4480AA813250->s2-GrpcLogAppender-LogAppenderDaemon] INFO  leader.FollowerInfo (FollowerInfoImpl.java:lambda$new$0(52)) - s0@group-4480AA813250->s2: nextIndex: setUnconditionally 0 -> 192
2023-03-04 02:57:59,484 [s0@group-4480AA813250->s2-GrpcLogAppender-LogAppenderDaemon] INFO  server.GrpcLogAppender (GrpcLogAppender.java:installSnapshot(627)) - s0@group-4480AA813250->s2-GrpcLogAppender: installed snapshot FileListSnapshotInfo(t:1, i:191):[/home/runner/work/ratis/ratis/ratis-test/target/test/data/a64ae219/MiniRaftClusterWithGrpc6867ffd7/s0/aee223c3-53d2-4751-a3de-4480aa813250/sm/snapshot/1.bin, /home/runner/work/ratis/ratis/ratis-test/target/test/data/a64ae219/MiniRaftClusterWithGrpc6867ffd7/s0/aee223c3-53d2-4751-a3de-4480aa813250/sm/snapshot/sub/2.bin, /home/runner/work/ratis/ratis/ratis-test/target/test/data/a64ae219/MiniRaftClusterWithGrpc6867ffd7/s0/aee223c3-53d2-4751-a3de-4480aa813250/sm/snapshot.1_191] successfully
2023-03-04 02:57:59,522 [s2-server-thread1] INFO  impl.RoleInfo (RoleInfo.java:updateAndGet(139)) - s2: start s2@group-4480AA813250-FollowerState
2023-03-04 02:57:59,527 [s2-server-thread2] INFO  segmented.SegmentedRaftLogWorker (SegmentedRaftLogWorker.java:startLogSegment(426)) - s2@group-4480AA813250-SegmentedRaftLogWorker: Starting segment from index:192
2023-03-04 02:57:59,531 [s1-server-thread2] INFO  impl.RoleInfo (RoleInfo.java:updateAndGet(139)) - s1: start s1@group-4480AA813250-FollowerState
2023-03-04 02:57:59,531 [s1-server-thread2] INFO  server.RaftServer$Division (RaftServerImpl.java:checkInconsistentAppendEntries(1599)) - s1@group-4480AA813250: Failed appendEntries as the first entry (index 0) already exists (snapshotIndex: 191, commitIndex: -1)
2023-03-04 02:57:59,531 [s1-server-thread2] INFO  server.RaftServer$Division (RaftServerImpl.java:checkInconsistentAppendEntries(1579)) - s1@group-4480AA813250: inconsistency entries. Reply:s0<-s1#1:FAIL-t1,INCONSISTENCY,nextIndex=192,followerCommit=-1,matchIndex=-1
2023-03-04 02:57:59,536 [grpc-default-executor-0] WARN  server.GrpcLogAppender (GrpcLogAppender.java:onNextImpl(390)) - s0@group-4480AA813250->s1-AppendLogResponseHandler: received INCONSISTENCY reply with nextIndex 192
2023-03-04 02:57:59,537 [grpc-default-executor-0] INFO  leader.FollowerInfo (FollowerInfoImpl.java:lambda$new$0(52)) - s0@group-4480AA813250->s1: setNextIndex nextIndex: updateUnconditionally 255 -> 192
2023-03-04 02:57:59,540 [s2@group-4480AA813250-SegmentedRaftLogWorker] INFO  segmented.SegmentedRaftLogWorker (SegmentedRaftLogWorker.java:execute(630)) - s2@group-4480AA813250-SegmentedRaftLogWorker: created new log segment /home/runner/work/ratis/ratis/ratis-test/target/test/data/a64ae219/MiniRaftClusterWithGrpc6867ffd7/s2/aee223c3-53d2-4751-a3de-4480aa813250/current/log_inprogress_192
2023-03-04 02:57:59,553 [s2@group-4480AA813250-StateMachineUpdater] INFO  impl.SimpleStateMachine4Testing (SimpleStateMachine4Testing.java:put(205)) - s2: put 193, m96 -> (t:1, i:193), STATEMACHINELOGENTRY, 354@client-6A0DA0A905BB
2023-03-04 02:57:59,553 [s2@group-4480AA813250-StateMachineUpdater] INFO  impl.SimpleStateMachine4Testing (SimpleStateMachine4Testing.java:put(205)) - s2: put 195, m97 -> (t:1, i:195), STATEMACHINELOGENTRY, 355@client-6A0DA0A905BB
2023-03-04 02:57:59,554 [s2@group-4480AA813250-StateMachineUpdater] INFO  impl.SimpleStateMachine4Testing (SimpleStateMachine4Testing.java:put(205)) - s2: put 197, m98 -> (t:1, i:197), STATEMACHINELOGENTRY, 356@client-6A0DA0A905BB
2023-03-04 02:57:59,554 [s2@group-4480AA813250-StateMachineUpdater] INFO  impl.SimpleStateMachine4Testing (SimpleStateMachine4Testing.java:put(205)) - s2: put 199, m99 -> (t:1, i:199), STATEMACHINELOGENTRY, 357@client-6A0DA0A905BB
2023-03-04 02:57:59,554 [s2@group-4480AA813250-StateMachineUpdater] INFO  impl.SimpleStateMachine4Testing (SimpleStateMachine4Testing.java:put(205)) - s2: put 201, m100 -> (t:1, i:201), STATEMACHINELOGENTRY, 358@client-6A0DA0A905BB
2023-03-04 02:57:59,554 [s2@group-4480AA813250-StateMachineUpdater] INFO  impl.SimpleStateMachine4Testing (SimpleStateMachine4Testing.java:put(205)) - s2: put 203, m101 -> (t:1, i:203), STATEMACHINELOGENTRY, 359@client-6A0DA0A905BB
2023-03-04 02:57:59,554 [s2@group-4480AA813250-StateMachineUpdater] INFO  impl.SimpleStateMachine4Testing (SimpleStateMachine4Testing.java:put(205)) - s2: put 205, m102 -> (t:1, i:205), STATEMACHINELOGENTRY, 360@client-6A0DA0A905BB
2023-03-04 02:57:59,554 [s2@group-4480AA813250-StateMachineUpdater] INFO  impl.SimpleStateMachine4Testing (SimpleStateMachine4Testing.java:put(205)) - s2: put 207, m103 -> (t:1, i:207), STATEMACHINELOGENTRY, 361@client-6A0DA0A905BB
2023-03-04 02:57:59,554 [s2@group-4480AA813250-StateMachineUpdater] INFO  impl.SimpleStateMachine4Testing (SimpleStateMachine4Testing.java:put(205)) - s2: put 209, m104 -> (t:1, i:209), STATEMACHINELOGENTRY, 362@client-6A0DA0A905BB
2023-03-04 02:57:59,554 [s2@group-4480AA813250-StateMachineUpdater] INFO  impl.SimpleStateMachine4Testing (SimpleStateMachine4Testing.java:put(205)) - s2: put 211, m105 -> (t:1, i:211), STATEMACHINELOGENTRY, 363@client-6A0DA0A905BB
2023-03-04 02:57:59,554 [s2@group-4480AA813250-StateMachineUpdater] INFO  impl.SimpleStateMachine4Testing (SimpleStateMachine4Testing.java:put(205)) - s2: put 213, m106 -> (t:1, i:213), STATEMACHINELOGENTRY, 364@client-6A0DA0A905BB
2023-03-04 02:57:59,554 [s2@group-4480AA813250-StateMachineUpdater] INFO  impl.SimpleStateMachine4Testing (SimpleStateMachine4Testing.java:put(205)) - s2: put 215, m107 -> (t:1, i:215), STATEMACHINELOGENTRY, 365@client-6A0DA0A905BB
2023-03-04 02:57:59,555 [s2@group-4480AA813250-StateMachineUpdater] INFO  impl.SimpleStateMachine4Testing (SimpleStateMachine4Testing.java:put(205)) - s2: put 217, m108 -> (t:1, i:217), STATEMACHINELOGENTRY, 366@client-6A0DA0A905BB
2023-03-04 02:57:59,555 [s2@group-4480AA813250-StateMachineUpdater] INFO  impl.SimpleStateMachine4Testing (SimpleStateMachine4Testing.java:put(205)) - s2: put 219, m109 -> (t:1, i:219), STATEMACHINELOGENTRY, 367@client-6A0DA0A905BB
2023-03-04 02:57:59,555 [s2@group-4480AA813250-StateMachineUpdater] INFO  impl.SimpleStateMachine4Testing (SimpleStateMachine4Testing.java:put(205)) - s2: put 221, m110 -> (t:1, i:221), STATEMACHINELOGENTRY, 368@client-6A0DA0A905BB
2023-03-04 02:57:59,555 [s2@group-4480AA813250-StateMachineUpdater] INFO  impl.SimpleStateMachine4Testing (SimpleStateMachine4Testing.java:put(205)) - s2: put 223, m111 -> (t:1, i:223), STATEMACHINELOGENTRY, 369@client-6A0DA0A905BB
2023-03-04 02:57:59,555 [s2@group-4480AA813250-StateMachineUpdater] INFO  impl.SimpleStateMachine4Testing (SimpleStateMachine4Testing.java:put(205)) - s2: put 225, m112 -> (t:1, i:225), STATEMACHINELOGENTRY, 370@client-6A0DA0A905BB
2023-03-04 02:57:59,555 [s2@group-4480AA813250-StateMachineUpdater] INFO  impl.SimpleStateMachine4Testing (SimpleStateMachine4Testing.java:put(205)) - s2: put 227, m113 -> (t:1, i:227), STATEMACHINELOGENTRY, 371@client-6A0DA0A905BB
2023-03-04 02:57:59,555 [s2@group-4480AA813250-StateMachineUpdater] INFO  impl.SimpleStateMachine4Testing (SimpleStateMachine4Testing.java:put(205)) - s2: put 229, m114 -> (t:1, i:229), STATEMACHINELOGENTRY, 372@client-6A0DA0A905BB
2023-03-04 02:57:59,555 [s2@group-4480AA813250-StateMachineUpdater] INFO  impl.SimpleStateMachine4Testing (SimpleStateMachine4Testing.java:put(205)) - s2: put 231, m115 -> (t:1, i:231), STATEMACHINELOGENTRY, 373@client-6A0DA0A905BB
2023-03-04 02:57:59,555 [s2@group-4480AA813250-StateMachineUpdater] INFO  impl.SimpleStateMachine4Testing (SimpleStateMachine4Testing.java:put(205)) - s2: put 233, m116 -> (t:1, i:233), STATEMACHINELOGENTRY, 374@client-6A0DA0A905BB
2023-03-04 02:57:59,555 [s2@group-4480AA813250-StateMachineUpdater] INFO  impl.SimpleStateMachine4Testing (SimpleStateMachine4Testing.java:put(205)) - s2: put 235, m117 -> (t:1, i:235), STATEMACHINELOGENTRY, 375@client-6A0DA0A905BB
2023-03-04 02:57:59,556 [s2@group-4480AA813250-StateMachineUpdater] INFO  impl.SimpleStateMachine4Testing (SimpleStateMachine4Testing.java:put(205)) - s2: put 237, m118 -> (t:1, i:237), STATEMACHINELOGENTRY, 376@client-6A0DA0A905BB
2023-03-04 02:57:59,556 [s2@group-4480AA813250-StateMachineUpdater] INFO  impl.SimpleStateMachine4Testing (SimpleStateMachine4Testing.java:put(205)) - s2: put 239, m119 -> (t:1, i:239), STATEMACHINELOGENTRY, 377@client-6A0DA0A905BB
2023-03-04 02:57:59,556 [s2@group-4480AA813250-StateMachineUpdater] INFO  impl.SimpleStateMachine4Testing (SimpleStateMachine4Testing.java:put(205)) - s2: put 241, m120 -> (t:1, i:241), STATEMACHINELOGENTRY, 378@client-6A0DA0A905BB
2023-03-04 02:57:59,556 [s2@group-4480AA813250-StateMachineUpdater] INFO  impl.SimpleStateMachine4Testing (SimpleStateMachine4Testing.java:put(205)) - s2: put 243, m121 -> (t:1, i:243), STATEMACHINELOGENTRY, 379@client-6A0DA0A905BB
2023-03-04 02:57:59,556 [s2@group-4480AA813250-StateMachineUpdater] INFO  impl.SimpleStateMachine4Testing (SimpleStateMachine4Testing.java:put(205)) - s2: put 245, m122 -> (t:1, i:245), STATEMACHINELOGENTRY, 380@client-6A0DA0A905BB
2023-03-04 02:57:59,556 [s2@group-4480AA813250-StateMachineUpdater] INFO  impl.SimpleStateMachine4Testing (SimpleStateMachine4Testing.java:put(205)) - s2: put 247, m123 -> (t:1, i:247), STATEMACHINELOGENTRY, 381@client-6A0DA0A905BB
2023-03-04 02:57:59,556 [s2@group-4480AA813250-StateMachineUpdater] INFO  impl.SimpleStateMachine4Testing (SimpleStateMachine4Testing.java:put(205)) - s2: put 249, m124 -> (t:1, i:249), STATEMACHINELOGENTRY, 382@client-6A0DA0A905BB
2023-03-04 02:57:59,557 [s0@group-4480AA813250-LeaderStateImpl] INFO  server.RaftServer$Division (ServerState.java:setRaftConf(378)) - s0@group-4480AA813250: set configuration 255: peers:[s0|rpc:localhost:43557|admin:localhost:34573|client:localhost:44069|dataStream:localhost:45167|priority:0|startupRole:FOLLOWER, s1|rpc:0.0.0.0:39591|dataStream:|priority:0|startupRole:FOLLOWER, s2|rpc:0.0.0.0:46563|dataStream:|priority:0|startupRole:FOLLOWER]|listeners:[], old=peers:[s0|rpc:localhost:43557|admin:localhost:34573|client:localhost:44069|dataStream:localhost:45167|priority:0|startupRole:FOLLOWER]|listeners:[]
2023-03-04 02:57:59,557 [s2@group-4480AA813250-StateMachineUpdater] INFO  impl.SimpleStateMachine4Testing (SimpleStateMachine4Testing.java:put(205)) - s2: put 251, m125 -> (t:1, i:251), STATEMACHINELOGENTRY, 383@client-6A0DA0A905BB
2023-03-04 02:57:59,557 [s1-server-thread2] INFO  segmented.SegmentedRaftLogWorker (SegmentedRaftLogWorker.java:startLogSegment(426)) - s1@group-4480AA813250-SegmentedRaftLogWorker: Starting segment from index:192
2023-03-04 02:57:59,563 [s2-server-thread2] INFO  server.RaftServer$Division (ServerState.java:setRaftConf(378)) - s2@group-4480AA813250: set configuration 255: peers:[s0|rpc:localhost:43557|admin:localhost:34573|client:localhost:44069|dataStream:localhost:45167|priority:0|startupRole:FOLLOWER, s1|rpc:0.0.0.0:39591|dataStream:|priority:0|startupRole:FOLLOWER, s2|rpc:0.0.0.0:46563|dataStream:|priority:0|startupRole:FOLLOWER]|listeners:[], old=peers:[s0|rpc:localhost:43557|admin:localhost:34573|client:localhost:44069|dataStream:localhost:45167|priority:0|startupRole:FOLLOWER]|listeners:[]
2023-03-04 02:57:59,565 [s2@group-4480AA813250-StateMachineUpdater] INFO  impl.SimpleStateMachine4Testing (SimpleStateMachine4Testing.java:put(205)) - s2: put 253, m126 -> (t:1, i:253), STATEMACHINELOGENTRY, 384@client-6A0DA0A905BB
2023-03-04 02:57:59,565 [s1-server-thread2] INFO  server.RaftServer$Division (ServerState.java:setRaftConf(378)) - s1@group-4480AA813250: set configuration 255: peers:[s0|rpc:localhost:43557|admin:localhost:34573|client:localhost:44069|dataStream:localhost:45167|priority:0|startupRole:FOLLOWER, s1|rpc:0.0.0.0:39591|dataStream:|priority:0|startupRole:FOLLOWER, s2|rpc:0.0.0.0:46563|dataStream:|priority:0|startupRole:FOLLOWER]|listeners:[], old=peers:[s0|rpc:localhost:43557|admin:localhost:34573|client:localhost:44069|dataStream:localhost:45167|priority:0|startupRole:FOLLOWER]|listeners:[]
2023-03-04 02:57:59,567 [s0@group-4480AA813250-LeaderStateImpl] INFO  server.RaftServer$Division (ServerState.java:setRaftConf(378)) - s0@group-4480AA813250: set configuration 257: peers:[s0|rpc:localhost:43557|admin:localhost:34573|client:localhost:44069|dataStream:localhost:45167|priority:0|startupRole:FOLLOWER, s1|rpc:0.0.0.0:39591|dataStream:|priority:0|startupRole:FOLLOWER, s2|rpc:0.0.0.0:46563|dataStream:|priority:0|startupRole:FOLLOWER]|listeners:[], old=null
2023-03-04 02:57:59,570 [s1@group-4480AA813250-SegmentedRaftLogWorker] INFO  segmented.SegmentedRaftLogWorker (SegmentedRaftLogWorker.java:execute(630)) - s1@group-4480AA813250-SegmentedRaftLogWorker: created new log segment /home/runner/work/ratis/ratis/ratis-test/target/test/data/a64ae219/MiniRaftClusterWithGrpc6867ffd7/s1/aee223c3-53d2-4751-a3de-4480aa813250/current/log_inprogress_192
2023-03-04 02:57:59,577 [s2-server-thread2] INFO  server.RaftServer$Division (ServerState.java:setRaftConf(378)) - s2@group-4480AA813250: set configuration 257: peers:[s0|rpc:localhost:43557|admin:localhost:34573|client:localhost:44069|dataStream:localhost:45167|priority:0|startupRole:FOLLOWER, s1|rpc:0.0.0.0:39591|dataStream:|priority:0|startupRole:FOLLOWER, s2|rpc:0.0.0.0:46563|dataStream:|priority:0|startupRole:FOLLOWER]|listeners:[], old=null
2023-03-04 02:57:59,578 [s1-server-thread2] INFO  server.RaftServer$Division (ServerState.java:setRaftConf(378)) - s1@group-4480AA813250: set configuration 257: peers:[s0|rpc:localhost:43557|admin:localhost:34573|client:localhost:44069|dataStream:localhost:45167|priority:0|startupRole:FOLLOWER, s1|rpc:0.0.0.0:39591|dataStream:|priority:0|startupRole:FOLLOWER, s2|rpc:0.0.0.0:46563|dataStream:|priority:0|startupRole:FOLLOWER]|listeners:[], old=null
2023-03-04 02:57:59,619 [s0@group-4480AA813250-StateMachineUpdater] INFO  impl.StateMachineUpdater (StateMachineUpdater.java:takeSnapshot(290)) - s0@group-4480AA813250-StateMachineUpdater: Took a snapshot at index 255
2023-03-04 02:57:59,619 [s0@group-4480AA813250-StateMachineUpdater] INFO  impl.StateMachineUpdater (StateMachineUpdater.java:lambda$new$0(96)) - s0@group-4480AA813250-StateMachineUpdater: snapshotIndex: updateIncreasingly 191 -> 255
2023-03-04 02:57:59,619 [s0@group-4480AA813250-StateMachineUpdater] INFO  raftlog.RaftLog (RaftLogBase.java:purge(314)) - s0@group-4480AA813250-SegmentedRaftLog: purge 254
2023-03-04 02:57:59,619 [s0@group-4480AA813250-StateMachineUpdater] INFO  raftlog.RaftLog (RaftLogBase.java:lambda$new$0(53)) - s0@group-4480AA813250-SegmentedRaftLog: snapshotIndex: updateIncreasingly 191 -> 255
2023-03-04 02:57:59,620 [s0@group-4480AA813250-StateMachineUpdater] INFO  raftlog.RaftLog (RaftLogBase.java:lambda$new$0(53)) - s0@group-4480AA813250-SegmentedRaftLog: purgeIndex: updateToMax old=191, new=254, updated? true
2023-03-04 02:57:59,621 [Time-limited test] INFO  server.RaftServerConfigKeys (ConfUtils.java:logGet(46)) - raft.server.rpc.timeout.max = 300ms (default)
2023-03-04 02:57:59,621 [Time-limited test] INFO  impl.RaftServerTestUtil (RaftServerTestUtil.java:waitAndCheckNewConf(87)) - waitAndCheckNewConf: peers=[s1|rpc:0.0.0.0:39591|priority:0|startupRole:FOLLOWER, s2|rpc:0.0.0.0:46563|priority:0|startupRole:FOLLOWER, s0|rpc:localhost:43557|admin:localhost:34573|client:localhost:44069|dataStream:localhost:45167|priority:0|startupRole:FOLLOWER], deadPeers=null, printing ALL groups
  s0:  RUNNING    LEADER s0@group-4480AA813250:t1, leader=s0, voted=s0, raftlog=Memoized:s0@group-4480AA813250-SegmentedRaftLog:OPENED:c258, conf=257: peers:[s0|rpc:localhost:43557|admin:localhost:34573|client:localhost:44069|dataStream:localhost:45167|priority:0|startupRole:FOLLOWER, s1|rpc:0.0.0.0:39591|dataStream:|priority:0|startupRole:FOLLOWER, s2|rpc:0.0.0.0:46563|dataStream:|priority:0|startupRole:FOLLOWER]|listeners:[], old=null RUNNING
  s1:  RUNNING  FOLLOWER s1@group-4480AA813250:t1, leader=s0, voted=null, raftlog=Memoized:s1@group-4480AA813250-SegmentedRaftLog:OPENED:c257, conf=257: peers:[s0|rpc:localhost:43557|admin:localhost:34573|client:localhost:44069|dataStream:localhost:45167|priority:0|startupRole:FOLLOWER, s1|rpc:0.0.0.0:39591|dataStream:|priority:0|startupRole:FOLLOWER, s2|rpc:0.0.0.0:46563|dataStream:|priority:0|startupRole:FOLLOWER]|listeners:[], old=null RUNNING
  s2:  RUNNING  FOLLOWER s2@group-4480AA813250:t1, leader=s0, voted=null, raftlog=Memoized:s2@group-4480AA813250-SegmentedRaftLog:OPENED:c257, conf=257: peers:[s0|rpc:localhost:43557|admin:localhost:34573|client:localhost:44069|dataStream:localhost:45167|priority:0|startupRole:FOLLOWER, s1|rpc:0.0.0.0:39591|dataStream:|priority:0|startupRole:FOLLOWER, s2|rpc:0.0.0.0:46563|dataStream:|priority:0|startupRole:FOLLOWER]|listeners:[], old=null RUNNING
2023-03-04 02:57:59,621 [Time-limited test] INFO  impl.RaftServerTestUtil (RaftServerTestUtil.java:waitAndCheckNewConf(96)) - checking    LEADER s0@group-4480AA813250:t1, leader=s0, voted=s0, raftlog=Memoized:s0@group-4480AA813250-SegmentedRaftLog:OPENED:c258, conf=257: peers:[s0|rpc:localhost:43557|admin:localhost:34573|client:localhost:44069|dataStream:localhost:45167|priority:0|startupRole:FOLLOWER, s1|rpc:0.0.0.0:39591|dataStream:|priority:0|startupRole:FOLLOWER, s2|rpc:0.0.0.0:46563|dataStream:|priority:0|startupRole:FOLLOWER]|listeners:[], old=null RUNNING
2023-03-04 02:57:59,621 [Time-limited test] INFO  impl.RaftServerTestUtil (RaftServerTestUtil.java:waitAndCheckNewConf(96)) - checking  FOLLOWER s1@group-4480AA813250:t1, leader=s0, voted=null, raftlog=Memoized:s1@group-4480AA813250-SegmentedRaftLog:OPENED:c257, conf=257: peers:[s0|rpc:localhost:43557|admin:localhost:34573|client:localhost:44069|dataStream:localhost:45167|priority:0|startupRole:FOLLOWER, s1|rpc:0.0.0.0:39591|dataStream:|priority:0|startupRole:FOLLOWER, s2|rpc:0.0.0.0:46563|dataStream:|priority:0|startupRole:FOLLOWER]|listeners:[], old=null RUNNING
2023-03-04 02:57:59,621 [Time-limited test] INFO  impl.RaftServerTestUtil (RaftServerTestUtil.java:waitAndCheckNewConf(96)) - checking  FOLLOWER s2@group-4480AA813250:t1, leader=s0, voted=null, raftlog=Memoized:s2@group-4480AA813250-SegmentedRaftLog:OPENED:c257, conf=257: peers:[s0|rpc:localhost:43557|admin:localhost:34573|client:localhost:44069|dataStream:localhost:45167|priority:0|startupRole:FOLLOWER, s1|rpc:0.0.0.0:39591|dataStream:|priority:0|startupRole:FOLLOWER, s2|rpc:0.0.0.0:46563|dataStream:|priority:0|startupRole:FOLLOWER]|listeners:[], old=null RUNNING
2023-03-04 02:57:59,621 [Time-limited test] INFO  impl.MiniRaftCluster (MiniRaftCluster.java:shutdown(831)) - ************************************************************** 
2023-03-04 02:57:59,621 [Time-limited test] INFO  impl.MiniRaftCluster (MiniRaftCluster.java:shutdown(832)) - *** 
2023-03-04 02:57:59,621 [Time-limited test] INFO  impl.MiniRaftCluster (MiniRaftCluster.java:shutdown(833)) - ***     Stopping MiniRaftClusterWithGrpc
2023-03-04 02:57:59,621 [Time-limited test] INFO  impl.MiniRaftCluster (MiniRaftCluster.java:shutdown(834)) - *** 
2023-03-04 02:57:59,621 [Time-limited test] INFO  impl.MiniRaftCluster (MiniRaftCluster.java:shutdown(835)) - ************************************************************** 
2023-03-04 02:57:59,621 [Time-limited test] INFO  impl.MiniRaftCluster (MiniRaftCluster.java:shutdown(836)) - printing ALL groups
  s0:  RUNNING    LEADER s0@group-4480AA813250:t1, leader=s0, voted=s0, raftlog=Memoized:s0@group-4480AA813250-SegmentedRaftLog:OPENED:c258, conf=257: peers:[s0|rpc:localhost:43557|admin:localhost:34573|client:localhost:44069|dataStream:localhost:45167|priority:0|startupRole:FOLLOWER, s1|rpc:0.0.0.0:39591|dataStream:|priority:0|startupRole:FOLLOWER, s2|rpc:0.0.0.0:46563|dataStream:|priority:0|startupRole:FOLLOWER]|listeners:[], old=null RUNNING
  s1:  RUNNING  FOLLOWER s1@group-4480AA813250:t1, leader=s0, voted=null, raftlog=Memoized:s1@group-4480AA813250-SegmentedRaftLog:OPENED:c257, conf=257: peers:[s0|rpc:localhost:43557|admin:localhost:34573|client:localhost:44069|dataStream:localhost:45167|priority:0|startupRole:FOLLOWER, s1|rpc:0.0.0.0:39591|dataStream:|priority:0|startupRole:FOLLOWER, s2|rpc:0.0.0.0:46563|dataStream:|priority:0|startupRole:FOLLOWER]|listeners:[], old=null RUNNING
  s2:  RUNNING  FOLLOWER s2@group-4480AA813250:t1, leader=s0, voted=null, raftlog=Memoized:s2@group-4480AA813250-SegmentedRaftLog:OPENED:c257, conf=257: peers:[s0|rpc:localhost:43557|admin:localhost:34573|client:localhost:44069|dataStream:localhost:45167|priority:0|startupRole:FOLLOWER, s1|rpc:0.0.0.0:39591|dataStream:|priority:0|startupRole:FOLLOWER, s2|rpc:0.0.0.0:46563|dataStream:|priority:0|startupRole:FOLLOWER]|listeners:[], old=null RUNNING
2023-03-04 02:57:59,628 [s2@group-4480AA813250-StateMachineUpdater] INFO  impl.StateMachineUpdater (StateMachineUpdater.java:takeSnapshot(290)) - s2@group-4480AA813250-StateMachineUpdater: Took a snapshot at index 255
2023-03-04 02:57:59,653 [s2@group-4480AA813250-StateMachineUpdater] INFO  impl.StateMachineUpdater (StateMachineUpdater.java:lambda$new$0(96)) - s2@group-4480AA813250-StateMachineUpdater: snapshotIndex: updateIncreasingly 191 -> 255
2023-03-04 02:57:59,644 [MiniRaftCluster-14] INFO  server.RaftServer (RaftServerProxy.java:lambda$close$7(417)) - s1: close
2023-03-04 02:57:59,628 [MiniRaftCluster-13] INFO  server.RaftServer (RaftServerProxy.java:lambda$close$7(417)) - s0: close
2023-03-04 02:57:59,653 [MiniRaftCluster-14] INFO  server.GrpcService (GrpcService.java:closeImpl(311)) - s1: shutdown server GrpcServerProtocolService now
2023-03-04 02:57:59,653 [s1-impl-thread1] INFO  server.RaftServer$Division (RaftServerImpl.java:lambda$close$4(466)) - s1@group-4480AA813250: shutdown
2023-03-04 02:57:59,654 [s1-impl-thread1] INFO  util.JmxRegister (JmxRegister.java:unregister(73)) - Successfully un-registered JMX Bean with object name Ratis:service=RaftServer,group=group-4480AA813250,id=s1
2023-03-04 02:57:59,654 [s1-impl-thread1] INFO  impl.RoleInfo (RoleInfo.java:shutdownFollowerState(110)) - s1: shutdown s1@group-4480AA813250-FollowerState
2023-03-04 02:57:59,654 [s1-impl-thread1] INFO  impl.StateMachineUpdater (StateMachineUpdater.java:stopAndJoin(154)) - s1@group-4480AA813250-StateMachineUpdater: set stopIndex = 257
2023-03-04 02:57:59,656 [s1@group-4480AA813250-FollowerState] INFO  impl.FollowerState (FollowerState.java:run(152)) - s1@group-4480AA813250-FollowerState was interrupted
2023-03-04 02:57:59,658 [grpc-default-executor-4] WARN  server.GrpcServerProtocolService (LogUtils.java:warn(122)) - s1: installSnapshot onError, lastRequest: null: org.apache.ratis.thirdparty.io.grpc.StatusRuntimeException: CANCELLED: client cancelled
2023-03-04 02:57:59,658 [grpc-default-executor-0] WARN  server.GrpcLogAppender (LogUtils.java:warn(122)) - s0@group-4480AA813250->s1-AppendLogResponseHandler: Failed appendEntries: org.apache.ratis.thirdparty.io.grpc.StatusRuntimeException: CANCELLED: RST_STREAM closed stream. HTTP/2 error code: CANCEL
2023-03-04 02:57:59,659 [grpc-default-executor-0] INFO  leader.FollowerInfo (FollowerInfoImpl.java:lambda$new$0(52)) - s0@group-4480AA813250->s1: decreaseNextIndex nextIndex: updateUnconditionally 259 -> 258
2023-03-04 02:57:59,659 [grpc-default-executor-1] WARN  server.GrpcServerProtocolService (LogUtils.java:warn(122)) - s1: installSnapshot onError, lastRequest: s0->s1#528-t1,previous=(t:1, i:257),leaderCommit=257,initializing? true,entries: size=1, first=(t:1, i:258), METADATAENTRY(c:257): org.apache.ratis.thirdparty.io.grpc.StatusRuntimeException: CANCELLED: client cancelled
2023-03-04 02:57:59,659 [MiniRaftCluster-13] INFO  server.GrpcService (GrpcService.java:closeImpl(311)) - s0: shutdown server org.apache.ratis.grpc.server.GrpcClientProtocolService now
2023-03-04 02:57:59,659 [s0-impl-thread1] INFO  server.RaftServer$Division (RaftServerImpl.java:lambda$close$4(466)) - s0@group-4480AA813250: shutdown
2023-03-04 02:57:59,659 [s0-impl-thread1] INFO  util.JmxRegister (JmxRegister.java:unregister(73)) - Successfully un-registered JMX Bean with object name Ratis:service=RaftServer,group=group-4480AA813250,id=s0
2023-03-04 02:57:59,659 [s0-impl-thread1] INFO  impl.RoleInfo (RoleInfo.java:shutdownLeaderState(93)) - s0: shutdown s0@group-4480AA813250-LeaderStateImpl
2023-03-04 02:57:59,659 [s0-impl-thread1] INFO  impl.PendingRequests (PendingRequests.java:sendNotLeaderResponses(282)) - s0@group-4480AA813250-PendingRequests: sendNotLeaderResponses
2023-03-04 02:57:59,663 [s0-impl-thread1] INFO  impl.StateMachineUpdater (StateMachineUpdater.java:stopAndJoin(154)) - s0@group-4480AA813250-StateMachineUpdater: set stopIndex = 258
2023-03-04 02:57:59,665 [s0@group-4480AA813250->s1-GrpcLogAppender-LogAppenderDaemon] WARN  server.GrpcLogAppender (GrpcLogAppender.java:mayWait(190)) - s0@group-4480AA813250->s1-GrpcLogAppender: Wait interrupted by java.lang.InterruptedException
2023-03-04 02:57:59,668 [grpc-default-executor-1] INFO  server.GrpcLogAppender (GrpcLogAppender.java:onError(406)) - s0@group-4480AA813250->s1-GrpcLogAppender is already stopped
2023-03-04 02:57:59,667 [MiniRaftCluster-15] INFO  server.RaftServer (RaftServerProxy.java:lambda$close$7(417)) - s2: close
2023-03-04 02:57:59,667 [grpc-default-executor-2] INFO  server.GrpcLogAppender (GrpcLogAppender.java:onError(406)) - s0@group-4480AA813250->s1-GrpcLogAppender is already stopped
2023-03-04 02:57:59,665 [MiniRaftCluster-14] INFO  server.GrpcService (GrpcService.java:closeImpl(320)) - s1: shutdown server GrpcServerProtocolService successfully
2023-03-04 02:57:59,668 [grpc-default-executor-2] INFO  server.GrpcServerProtocolService (GrpcServerProtocolService.java:onCompleted(143)) - s2: Completed APPEND_ENTRIES, lastRequest: s0->s2#1702-t1,previous=(t:1, i:257),leaderCommit=257,initializing? true,entries: size=1, first=(t:1, i:258), METADATAENTRY(c:257)
2023-03-04 02:57:59,671 [grpc-default-executor-1] INFO  server.GrpcLogAppender (GrpcLogAppender.java:onCompleted(417)) - s0@group-4480AA813250->s2-AppendLogResponseHandler: follower responses appendEntries COMPLETED
2023-03-04 02:57:59,672 [grpc-default-executor-1] INFO  leader.FollowerInfo (FollowerInfoImpl.java:lambda$new$0(52)) - s0@group-4480AA813250->s2: decreaseNextIndex nextIndex: updateUnconditionally 259 -> 258
2023-03-04 02:57:59,674 [s0@group-4480AA813250-StateMachineUpdater] INFO  impl.StateMachineUpdater (StateMachineUpdater.java:takeSnapshot(290)) - s0@group-4480AA813250-StateMachineUpdater: Took a snapshot at index 258
2023-03-04 02:57:59,674 [s0@group-4480AA813250-StateMachineUpdater] INFO  impl.StateMachineUpdater (StateMachineUpdater.java:lambda$new$0(96)) - s0@group-4480AA813250-StateMachineUpdater: snapshotIndex: updateIncreasingly 255 -> 258
2023-03-04 02:57:59,674 [s0-impl-thread1] INFO  server.RaftServer$Division (ServerState.java:close(414)) - s0@group-4480AA813250: applyIndex: 258
2023-03-04 02:57:59,680 [grpc-default-executor-1] INFO  server.GrpcServerProtocolService (GrpcServerProtocolService.java:onCompleted(143)) - s2: Completed APPEND_ENTRIES, lastRequest: null
2023-03-04 02:57:59,681 [grpc-default-executor-0] INFO  server.GrpcLogAppender (GrpcLogAppender.java:onCompleted(417)) - s0@group-4480AA813250->s2-AppendLogResponseHandler: follower responses appendEntries COMPLETED
2023-03-04 02:57:59,681 [grpc-default-executor-0] INFO  leader.FollowerInfo (FollowerInfoImpl.java:lambda$new$0(52)) - s0@group-4480AA813250->s2: decreaseNextIndex nextIndex: updateUnconditionally 258 -> 257
2023-03-04 02:57:59,684 [MiniRaftCluster-15] INFO  server.GrpcService (GrpcService.java:closeImpl(311)) - s2: shutdown server GrpcServerProtocolService now
2023-03-04 02:57:59,684 [s2-impl-thread1] INFO  server.RaftServer$Division (RaftServerImpl.java:lambda$close$4(466)) - s2@group-4480AA813250: shutdown
2023-03-04 02:57:59,684 [s2-impl-thread1] INFO  util.JmxRegister (JmxRegister.java:unregister(73)) - Successfully un-registered JMX Bean with object name Ratis:service=RaftServer,group=group-4480AA813250,id=s2
2023-03-04 02:57:59,684 [s2-impl-thread1] INFO  impl.RoleInfo (RoleInfo.java:shutdownFollowerState(110)) - s2: shutdown s2@group-4480AA813250-FollowerState
2023-03-04 02:57:59,684 [Thread-178] INFO  server.GrpcServerProtocolClient (GrpcServerProtocolClient.java:close(101)) - s1 Close channels
2023-03-04 02:57:59,685 [grpc-default-executor-1] INFO  server.GrpcLogAppender (GrpcLogAppender.java:onError(406)) - s0@group-4480AA813250->s1-GrpcLogAppender is already stopped
2023-03-04 02:57:59,684 [s2-impl-thread1] INFO  impl.StateMachineUpdater (StateMachineUpdater.java:stopAndJoin(154)) - s2@group-4480AA813250-StateMachineUpdater: set stopIndex = 257
2023-03-04 02:57:59,685 [s2@group-4480AA813250-FollowerState] INFO  impl.FollowerState (FollowerState.java:run(152)) - s2@group-4480AA813250-FollowerState was interrupted
2023-03-04 02:57:59,690 [Thread-179] INFO  server.GrpcServerProtocolClient (GrpcServerProtocolClient.java:close(101)) - s2 Close channels
2023-03-04 02:57:59,729 [MiniRaftCluster-13] INFO  server.GrpcService (GrpcService.java:closeImpl(320)) - s0: shutdown server org.apache.ratis.grpc.server.GrpcClientProtocolService successfully
2023-03-04 02:57:59,729 [MiniRaftCluster-13] INFO  server.GrpcService (GrpcService.java:closeImpl(311)) - s0: shutdown server GrpcServerProtocolService now
2023-03-04 02:57:59,732 [s2@group-4480AA813250-StateMachineUpdater] INFO  impl.StateMachineUpdater (StateMachineUpdater.java:takeSnapshot(290)) - s2@group-4480AA813250-StateMachineUpdater: Took a snapshot at index 257
2023-03-04 02:57:59,732 [s2@group-4480AA813250-StateMachineUpdater] INFO  impl.StateMachineUpdater (StateMachineUpdater.java:lambda$new$0(96)) - s2@group-4480AA813250-StateMachineUpdater: snapshotIndex: updateIncreasingly 255 -> 257
2023-03-04 02:57:59,733 [s2-impl-thread1] INFO  server.RaftServer$Division (ServerState.java:close(414)) - s2@group-4480AA813250: applyIndex: 257
2023-03-04 02:57:59,736 [MiniRaftCluster-15] INFO  server.GrpcService (GrpcService.java:closeImpl(320)) - s2: shutdown server GrpcServerProtocolService successfully
2023-03-04 02:57:59,748 [MiniRaftCluster-13] INFO  server.GrpcService (GrpcService.java:closeImpl(320)) - s0: shutdown server GrpcServerProtocolService successfully
2023-03-04 02:57:59,749 [MiniRaftCluster-13] INFO  server.GrpcService (GrpcService.java:closeImpl(311)) - s0: shutdown server org.apache.ratis.grpc.server.GrpcAdminProtocolService now
2023-03-04 02:57:59,772 [MiniRaftCluster-13] INFO  server.GrpcService (GrpcService.java:closeImpl(320)) - s0: shutdown server org.apache.ratis.grpc.server.GrpcAdminProtocolService successfully
2023-03-04 02:58:00,581 [s0-impl-thread1] INFO  segmented.SegmentedRaftLogWorker (SegmentedRaftLogWorker.java:close(242)) - s0@group-4480AA813250-SegmentedRaftLogWorker close()
2023-03-04 02:58:00,587 [JvmPauseMonitor6] INFO  util.JvmPauseMonitor (JvmPauseMonitor.java:run(109)) - JvmPauseMonitor-s0: Stopped
2023-03-04 02:58:00,590 [s2-impl-thread1] INFO  segmented.SegmentedRaftLogWorker (SegmentedRaftLogWorker.java:close(242)) - s2@group-4480AA813250-SegmentedRaftLogWorker close()
2023-03-04 02:58:00,591 [JvmPauseMonitor8] INFO  util.JvmPauseMonitor (JvmPauseMonitor.java:run(109)) - JvmPauseMonitor-s2: Stopped
2023-03-04 02:58:04,648 [Time-limited test] INFO  impl.MiniRaftCluster (MiniRaftCluster.java:shutdown(855)) - MiniRaftClusterWithGrpc shutdown completed
2023-03-04 02:58:04,648 [Time-limited test] INFO  impl.MiniRaftCluster (MiniRaftCluster.java:shutdown(831)) - ************************************************************** 
2023-03-04 02:58:04,648 [Time-limited test] INFO  impl.MiniRaftCluster (MiniRaftCluster.java:shutdown(832)) - *** 
2023-03-04 02:58:04,648 [Time-limited test] INFO  impl.MiniRaftCluster (MiniRaftCluster.java:shutdown(833)) - ***     Stopping MiniRaftClusterWithGrpc
2023-03-04 02:58:04,648 [Time-limited test] INFO  impl.MiniRaftCluster (MiniRaftCluster.java:shutdown(834)) - *** 
2023-03-04 02:58:04,648 [Time-limited test] INFO  impl.MiniRaftCluster (MiniRaftCluster.java:shutdown(835)) - ************************************************************** 
2023-03-04 02:58:04,649 [Time-limited test] INFO  impl.MiniRaftCluster (MiniRaftCluster.java:shutdown(836)) - printing ALL groups
  s0:   CLOSED    LEADER s0@group-4480AA813250:t1, leader=s0, voted=s0, raftlog=Memoized:s0@group-4480AA813250-SegmentedRaftLog:CLOSED:c258, conf=257: peers:[s0|rpc:localhost:43557|admin:localhost:34573|client:localhost:44069|dataStream:localhost:45167|priority:0|startupRole:FOLLOWER, s1|rpc:0.0.0.0:39591|dataStream:|priority:0|startupRole:FOLLOWER, s2|rpc:0.0.0.0:46563|dataStream:|priority:0|startupRole:FOLLOWER]|listeners:[], old=null CLOSED
  s1:  CLOSING  FOLLOWER s1@group-4480AA813250:t1, leader=s0, voted=null, raftlog=Memoized:s1@group-4480AA813250-SegmentedRaftLog:OPENED:c257, conf=257: peers:[s0|rpc:localhost:43557|admin:localhost:34573|client:localhost:44069|dataStream:localhost:45167|priority:0|startupRole:FOLLOWER, s1|rpc:0.0.0.0:39591|dataStream:|priority:0|startupRole:FOLLOWER, s2|rpc:0.0.0.0:46563|dataStream:|priority:0|startupRole:FOLLOWER]|listeners:[], old=null CLOSING
  s2:   CLOSED  FOLLOWER s2@group-4480AA813250:t1, leader=s0, voted=null, raftlog=Memoized:s2@group-4480AA813250-SegmentedRaftLog:CLOSED:c257, conf=257: peers:[s0|rpc:localhost:43557|admin:localhost:34573|client:localhost:44069|dataStream:localhost:45167|priority:0|startupRole:FOLLOWER, s1|rpc:0.0.0.0:39591|dataStream:|priority:0|startupRole:FOLLOWER, s2|rpc:0.0.0.0:46563|dataStream:|priority:0|startupRole:FOLLOWER]|listeners:[], old=null CLOSED
2023-03-04 02:58:04,649 [JvmPauseMonitor7] INFO  util.JvmPauseMonitor (JvmPauseMonitor.java:run(109)) - JvmPauseMonitor-s1: Stopped
2023-03-04 02:58:04,653 [Time-limited test] INFO  impl.MiniRaftCluster (MiniRaftCluster.java:shutdown(855)) - MiniRaftClusterWithGrpc shutdown completed
]]></system-out>
  </testcase>
  <testcase name="testSeparateSnapshotInstallPath[1]" classname="org.apache.ratis.grpc.TestLeaderInstallSnapshot" time="2.118"/>
</testsuite>