<?xml version="1.0" encoding="UTF-8"?>
<testsuite xmlns:xsi="http://www.w3.org/2001/XMLSchema-instance" xsi:noNamespaceSchemaLocation="https://maven.apache.org/surefire/maven-surefire-plugin/xsd/surefire-test-report-3.0.xsd" version="3.0" name="org.apache.ratis.grpc.TestLeaderInstallSnapshotWithGrpc" time="39.368" tests="6" errors="1" skipped="3" failures="0">
  <properties>
    <property name="awt.toolkit" value="sun.awt.X11.XToolkit"/>
    <property name="file.encoding.pkg" value="sun.io"/>
    <property name="java.specification.version" value="1.8"/>
    <property name="sun.cpu.isalist" value=""/>
    <property name="sun.jnu.encoding" value="UTF-8"/>
    <property name="java.class.path" value="/home/runner/work/ratis/ratis/ratis-test/target/test-classes:/home/runner/work/ratis/ratis/ratis-test/target/classes:/home/runner/work/ratis/ratis/ratis-common/target/classes:/home/runner/.m2/repository/org/apache/ratis/ratis-thirdparty-misc/1.0.8/ratis-thirdparty-misc-1.0.8.jar:/home/runner/work/ratis/ratis/ratis-proto/target/classes:/home/runner/work/ratis/ratis/ratis-common/target/test-classes:/home/runner/work/ratis/ratis/ratis-client/target/classes:/home/runner/work/ratis/ratis/ratis-server/target/classes:/home/runner/work/ratis/ratis/ratis-server-api/target/classes:/home/runner/work/ratis/ratis/ratis-metrics-api/target/classes:/home/runner/work/ratis/ratis/ratis-server/target/test-classes:/home/runner/work/ratis/ratis/ratis-metrics-default/target/classes:/home/runner/work/ratis/ratis/ratis-netty/target/classes:/home/runner/work/ratis/ratis/ratis-netty/target/test-classes:/home/runner/work/ratis/ratis/ratis-grpc/target/classes:/home/runner/work/ratis/ratis/ratis-grpc/target/test-classes:/home/runner/work/ratis/ratis/ratis-shell/target/classes:/home/runner/.m2/repository/commons-cli/commons-cli/1.5.0/commons-cli-1.5.0.jar:/home/runner/.m2/repository/org/reflections/reflections/0.10.2/reflections-0.10.2.jar:/home/runner/.m2/repository/org/javassist/javassist/3.28.0-GA/javassist-3.28.0-GA.jar:/home/runner/.m2/repository/com/google/code/findbugs/jsr305/3.0.2/jsr305-3.0.2.jar:/home/runner/.m2/repository/org/bouncycastle/bcprov-jdk18on/1.78.1/bcprov-jdk18on-1.78.1.jar:/home/runner/.m2/repository/org/bouncycastle/bcpkix-jdk18on/1.78.1/bcpkix-jdk18on-1.78.1.jar:/home/runner/.m2/repository/org/bouncycastle/bcutil-jdk18on/1.78.1/bcutil-jdk18on-1.78.1.jar:/home/runner/.m2/repository/org/slf4j/slf4j-api/2.0.7/slf4j-api-2.0.7.jar:/home/runner/.m2/repository/org/slf4j/slf4j-reload4j/2.0.7/slf4j-reload4j-2.0.7.jar:/home/runner/.m2/repository/ch/qos/reload4j/reload4j/1.2.22/reload4j-1.2.22.jar:/home/runner/.m2/repository/junit/junit/4.13.2/junit-4.13.2.jar:/home/runner/.m2/repository/org/hamcrest/hamcrest-core/1.3/hamcrest-core-1.3.jar:/home/runner/.m2/repository/org/junit/jupiter/junit-jupiter-engine/5.11.2/junit-jupiter-engine-5.11.2.jar:/home/runner/.m2/repository/org/junit/platform/junit-platform-engine/1.11.2/junit-platform-engine-1.11.2.jar:/home/runner/.m2/repository/org/apiguardian/apiguardian-api/1.1.2/apiguardian-api-1.1.2.jar:/home/runner/.m2/repository/org/junit/jupiter/junit-jupiter-api/5.11.2/junit-jupiter-api-5.11.2.jar:/home/runner/.m2/repository/org/opentest4j/opentest4j/1.3.0/opentest4j-1.3.0.jar:/home/runner/.m2/repository/org/junit/platform/junit-platform-commons/1.11.2/junit-platform-commons-1.11.2.jar:/home/runner/.m2/repository/org/junit/jupiter/junit-jupiter-params/5.11.2/junit-jupiter-params-5.11.2.jar:/home/runner/.m2/repository/org/mockito/mockito-core/4.3.1/mockito-core-4.3.1.jar:/home/runner/.m2/repository/net/bytebuddy/byte-buddy/1.12.7/byte-buddy-1.12.7.jar:/home/runner/.m2/repository/net/bytebuddy/byte-buddy-agent/1.12.7/byte-buddy-agent-1.12.7.jar:/home/runner/.m2/repository/org/objenesis/objenesis/3.2/objenesis-3.2.jar:/home/runner/work/ratis/ratis/ratis-test/target/gradle-enterprise/test-listeners.jar:"/>
    <property name="java.vm.vendor" value="Temurin"/>
    <property name="sun.arch.data.model" value="64"/>
    <property name="java.vendor.url" value="https://adoptium.net/"/>
    <property name="user.timezone" value="Etc/UTC"/>
    <property name="java.vm.specification.version" value="1.8"/>
    <property name="os.name" value="Linux"/>
    <property name="sun.java.launcher" value="SUN_STANDARD"/>
    <property name="sun.boot.library.path" value="/usr/lib/jvm/temurin-8-jdk-amd64/jre/lib/amd64"/>
    <property name="sun.java.command" value="/home/runner/work/ratis/ratis/ratis-test/target/surefire/surefirebooter4066990264836084620.jar /home/runner/work/ratis/ratis/ratis-test/target/surefire 2025-04-05T17-04-16_138-jvmRun1 surefire5339539672619890630tmp surefire_46796313670907272013tmp"/>
    <property name="surefire.test.class.path" value="/home/runner/work/ratis/ratis/ratis-test/target/test-classes:/home/runner/work/ratis/ratis/ratis-test/target/classes:/home/runner/work/ratis/ratis/ratis-common/target/classes:/home/runner/.m2/repository/org/apache/ratis/ratis-thirdparty-misc/1.0.8/ratis-thirdparty-misc-1.0.8.jar:/home/runner/work/ratis/ratis/ratis-proto/target/classes:/home/runner/work/ratis/ratis/ratis-common/target/test-classes:/home/runner/work/ratis/ratis/ratis-client/target/classes:/home/runner/work/ratis/ratis/ratis-server/target/classes:/home/runner/work/ratis/ratis/ratis-server-api/target/classes:/home/runner/work/ratis/ratis/ratis-metrics-api/target/classes:/home/runner/work/ratis/ratis/ratis-server/target/test-classes:/home/runner/work/ratis/ratis/ratis-metrics-default/target/classes:/home/runner/work/ratis/ratis/ratis-netty/target/classes:/home/runner/work/ratis/ratis/ratis-netty/target/test-classes:/home/runner/work/ratis/ratis/ratis-grpc/target/classes:/home/runner/work/ratis/ratis/ratis-grpc/target/test-classes:/home/runner/work/ratis/ratis/ratis-shell/target/classes:/home/runner/.m2/repository/commons-cli/commons-cli/1.5.0/commons-cli-1.5.0.jar:/home/runner/.m2/repository/org/reflections/reflections/0.10.2/reflections-0.10.2.jar:/home/runner/.m2/repository/org/javassist/javassist/3.28.0-GA/javassist-3.28.0-GA.jar:/home/runner/.m2/repository/com/google/code/findbugs/jsr305/3.0.2/jsr305-3.0.2.jar:/home/runner/.m2/repository/org/bouncycastle/bcprov-jdk18on/1.78.1/bcprov-jdk18on-1.78.1.jar:/home/runner/.m2/repository/org/bouncycastle/bcpkix-jdk18on/1.78.1/bcpkix-jdk18on-1.78.1.jar:/home/runner/.m2/repository/org/bouncycastle/bcutil-jdk18on/1.78.1/bcutil-jdk18on-1.78.1.jar:/home/runner/.m2/repository/org/slf4j/slf4j-api/2.0.7/slf4j-api-2.0.7.jar:/home/runner/.m2/repository/org/slf4j/slf4j-reload4j/2.0.7/slf4j-reload4j-2.0.7.jar:/home/runner/.m2/repository/ch/qos/reload4j/reload4j/1.2.22/reload4j-1.2.22.jar:/home/runner/.m2/repository/junit/junit/4.13.2/junit-4.13.2.jar:/home/runner/.m2/repository/org/hamcrest/hamcrest-core/1.3/hamcrest-core-1.3.jar:/home/runner/.m2/repository/org/junit/jupiter/junit-jupiter-engine/5.11.2/junit-jupiter-engine-5.11.2.jar:/home/runner/.m2/repository/org/junit/platform/junit-platform-engine/1.11.2/junit-platform-engine-1.11.2.jar:/home/runner/.m2/repository/org/apiguardian/apiguardian-api/1.1.2/apiguardian-api-1.1.2.jar:/home/runner/.m2/repository/org/junit/jupiter/junit-jupiter-api/5.11.2/junit-jupiter-api-5.11.2.jar:/home/runner/.m2/repository/org/opentest4j/opentest4j/1.3.0/opentest4j-1.3.0.jar:/home/runner/.m2/repository/org/junit/platform/junit-platform-commons/1.11.2/junit-platform-commons-1.11.2.jar:/home/runner/.m2/repository/org/junit/jupiter/junit-jupiter-params/5.11.2/junit-jupiter-params-5.11.2.jar:/home/runner/.m2/repository/org/mockito/mockito-core/4.3.1/mockito-core-4.3.1.jar:/home/runner/.m2/repository/net/bytebuddy/byte-buddy/1.12.7/byte-buddy-1.12.7.jar:/home/runner/.m2/repository/net/bytebuddy/byte-buddy-agent/1.12.7/byte-buddy-agent-1.12.7.jar:/home/runner/.m2/repository/org/objenesis/objenesis/3.2/objenesis-3.2.jar:/home/runner/work/ratis/ratis/ratis-test/target/gradle-enterprise/test-listeners.jar:"/>
    <property name="sun.cpu.endian" value="little"/>
    <property name="user.home" value="/home/runner"/>
    <property name="user.language" value="en"/>
    <property name="java.specification.vendor" value="Oracle Corporation"/>
    <property name="java.home" value="/usr/lib/jvm/temurin-8-jdk-amd64/jre"/>
    <property name="jacoco.skip" value="true"/>
    <property name="basedir" value="/home/runner/work/ratis/ratis/ratis-test"/>
    <property name="file.separator" value="/"/>
    <property name="line.separator" value="&#10;"/>
    <property name="java.vm.specification.vendor" value="Oracle Corporation"/>
    <property name="java.specification.name" value="Java Platform API Specification"/>
    <property name="java.awt.graphicsenv" value="sun.awt.X11GraphicsEnvironment"/>
    <property name="surefire.real.class.path" value="/home/runner/work/ratis/ratis/ratis-test/target/surefire/surefirebooter4066990264836084620.jar"/>
    <property name="sun.boot.class.path" value="/usr/lib/jvm/temurin-8-jdk-amd64/jre/lib/resources.jar:/usr/lib/jvm/temurin-8-jdk-amd64/jre/lib/rt.jar:/usr/lib/jvm/temurin-8-jdk-amd64/jre/lib/sunrsasign.jar:/usr/lib/jvm/temurin-8-jdk-amd64/jre/lib/jsse.jar:/usr/lib/jvm/temurin-8-jdk-amd64/jre/lib/jce.jar:/usr/lib/jvm/temurin-8-jdk-amd64/jre/lib/charsets.jar:/usr/lib/jvm/temurin-8-jdk-amd64/jre/lib/jfr.jar:/usr/lib/jvm/temurin-8-jdk-amd64/jre/classes"/>
    <property name="sun.management.compiler" value="HotSpot 64-Bit Tiered Compilers"/>
    <property name="java.runtime.version" value="1.8.0_442-b06"/>
    <property name="java.net.preferIPv4Stack" value="true"/>
    <property name="user.name" value="runner"/>
    <property name="path.separator" value=":"/>
    <property name="os.version" value="6.8.0-1021-azure"/>
    <property name="java.endorsed.dirs" value="/usr/lib/jvm/temurin-8-jdk-amd64/jre/lib/endorsed"/>
    <property name="java.runtime.name" value="OpenJDK Runtime Environment"/>
    <property name="com.gradle.maven.scan.extension.test.listener.junitplatform.NestedExecutionSafeDelegatingTestExecutionListener" value="6b9651f3"/>
    <property name="file.encoding" value="UTF-8"/>
    <property name="java.vm.name" value="OpenJDK 64-Bit Server VM"/>
    <property name="develocity.listener.surefire.forkId" value="1"/>
    <property name="localRepository" value="/home/runner/.m2/repository"/>
    <property name="java.vendor.url.bug" value="https://github.com/adoptium/adoptium-support/issues"/>
    <property name="java.io.tmpdir" value="/tmp"/>
    <property name="java.version" value="1.8.0_442"/>
    <property name="user.dir" value="/home/runner/work/ratis/ratis/ratis-test"/>
    <property name="os.arch" value="amd64"/>
    <property name="ratis.tmp.dir" value="/home/runner/work/ratis/ratis/ratis-test/target/tmp"/>
    <property name="java.vm.specification.name" value="Java Virtual Machine Specification"/>
    <property name="java.awt.printerjob" value="sun.print.PSPrinterJob"/>
    <property name="ratis.log.dir" value="/home/runner/work/ratis/ratis/ratis-test/target/log"/>
    <property name="sun.os.patch.level" value="unknown"/>
    <property name="org.apache.ratis.thirdparty.io.netty.allocator.useCacheForAllThreads" value="false"/>
    <property name="java.library.path" value="/usr/java/packages/lib/amd64:/usr/lib64:/lib64:/lib:/usr/lib"/>
    <property name="java.vm.info" value="mixed mode"/>
    <property name="java.vendor" value="Temurin"/>
    <property name="java.vm.version" value="25.442-b06"/>
    <property name="java.specification.maintenance.version" value="6"/>
    <property name="develocity.listener.port" value="46193"/>
    <property name="java.ext.dirs" value="/usr/lib/jvm/temurin-8-jdk-amd64/jre/lib/ext:/usr/java/packages/lib/ext"/>
    <property name="sun.io.unicode.encoding" value="UnicodeLittle"/>
    <property name="java.class.version" value="52.0"/>
  </properties>
  <testcase name="testMultiFileInstallSnapshot(Boolean)[1]" classname="org.apache.ratis.grpc.TestLeaderInstallSnapshotWithGrpc" time="3.25"/>
  <testcase name="testMultiFileInstallSnapshot(Boolean)[2]" classname="org.apache.ratis.grpc.TestLeaderInstallSnapshotWithGrpc" time="2.317"/>
  <testcase name="testInstallSnapshotLeaderSwitch(Boolean)[1]" classname="org.apache.ratis.grpc.TestLeaderInstallSnapshotWithGrpc" time="33.659">
    <error type="java.lang.IllegalStateException"><![CDATA[java.lang.IllegalStateException: #leaks = 1 > 0, #leaks == set.size = 1
	at org.apache.ratis.util.Preconditions.assertTrue(Preconditions.java:77)
	at org.apache.ratis.util.LeakDetector$LeakTrackerSet.assertNoLeaks(LeakDetector.java:100)
	at org.apache.ratis.util.LeakDetector$LeakTrackerSet.getNumLeaks(LeakDetector.java:94)
	at org.apache.ratis.util.LeakDetector.assertNoLeaks(LeakDetector.java:178)
	at org.apache.ratis.server.impl.MiniRaftCluster.shutdown(MiniRaftCluster.java:892)
	at org.apache.ratis.grpc.MiniRaftClusterWithGrpc.shutdown(MiniRaftClusterWithGrpc.java:97)
	at org.apache.ratis.server.impl.MiniRaftCluster$Factory$Get.runWithNewCluster(MiniRaftCluster.java:152)
	at org.apache.ratis.server.impl.MiniRaftCluster$Factory$Get.runWithNewCluster(MiniRaftCluster.java:121)
	at org.apache.ratis.InstallSnapshotFromLeaderTests.testInstallSnapshotLeaderSwitch(InstallSnapshotFromLeaderTests.java:96)
	at org.apache.ratis.grpc.TestLeaderInstallSnapshotWithGrpc.testInstallSnapshotLeaderSwitch(TestLeaderInstallSnapshotWithGrpc.java:53)
	at java.lang.reflect.Method.invoke(Method.java:498)
	at java.util.stream.ForEachOps$ForEachOp$OfRef.accept(ForEachOps.java:183)
	at java.util.stream.ReferencePipeline$3$1.accept(ReferencePipeline.java:193)
	at java.util.stream.ReferencePipeline$2$1.accept(ReferencePipeline.java:175)
	at java.util.stream.ReferencePipeline$3$1.accept(ReferencePipeline.java:193)
	at java.util.stream.ForEachOps$ForEachOp$OfRef.accept(ForEachOps.java:183)
	at java.util.stream.ReferencePipeline$3$1.accept(ReferencePipeline.java:193)
	at java.util.stream.ForEachOps$ForEachOp$OfRef.accept(ForEachOps.java:183)
	at java.util.stream.ForEachOps$ForEachOp$OfRef.accept(ForEachOps.java:183)
	at java.util.stream.ReferencePipeline$3$1.accept(ReferencePipeline.java:193)
	at java.util.Spliterators$ArraySpliterator.forEachRemaining(Spliterators.java:948)
	at java.util.stream.ReferencePipeline$Head.forEach(ReferencePipeline.java:647)
	at java.util.stream.ReferencePipeline$7$1.accept(ReferencePipeline.java:272)
	at java.util.stream.ReferencePipeline$3$1.accept(ReferencePipeline.java:193)
	at java.util.stream.ReferencePipeline$3$1.accept(ReferencePipeline.java:193)
	at java.util.stream.ReferencePipeline$3$1.accept(ReferencePipeline.java:193)
	at java.util.Spliterators$ArraySpliterator.forEachRemaining(Spliterators.java:948)
	at java.util.stream.AbstractPipeline.copyInto(AbstractPipeline.java:482)
	at java.util.stream.AbstractPipeline.wrapAndCopyInto(AbstractPipeline.java:472)
	at java.util.stream.ForEachOps$ForEachOp.evaluateSequential(ForEachOps.java:150)
	at java.util.stream.ForEachOps$ForEachOp$OfRef.evaluateSequential(ForEachOps.java:173)
	at java.util.stream.AbstractPipeline.evaluate(AbstractPipeline.java:234)
	at java.util.stream.ReferencePipeline.forEach(ReferencePipeline.java:485)
	at java.util.stream.ReferencePipeline$7$1.accept(ReferencePipeline.java:272)
	at java.util.ArrayList$ArrayListSpliterator.forEachRemaining(ArrayList.java:1384)
	at java.util.stream.AbstractPipeline.copyInto(AbstractPipeline.java:482)
	at java.util.stream.AbstractPipeline.wrapAndCopyInto(AbstractPipeline.java:472)
	at java.util.stream.ForEachOps$ForEachOp.evaluateSequential(ForEachOps.java:150)
	at java.util.stream.ForEachOps$ForEachOp$OfRef.evaluateSequential(ForEachOps.java:173)
	at java.util.stream.AbstractPipeline.evaluate(AbstractPipeline.java:234)
	at java.util.stream.ReferencePipeline.forEach(ReferencePipeline.java:485)
	at java.util.stream.ReferencePipeline$7$1.accept(ReferencePipeline.java:272)
	at java.util.stream.ReferencePipeline$3$1.accept(ReferencePipeline.java:193)
	at java.util.stream.ReferencePipeline$3$1.accept(ReferencePipeline.java:193)
	at java.util.stream.ReferencePipeline$3$1.accept(ReferencePipeline.java:193)
	at java.util.ArrayList$ArrayListSpliterator.forEachRemaining(ArrayList.java:1384)
	at java.util.stream.AbstractPipeline.copyInto(AbstractPipeline.java:482)
	at java.util.stream.AbstractPipeline.wrapAndCopyInto(AbstractPipeline.java:472)
	at java.util.stream.ForEachOps$ForEachOp.evaluateSequential(ForEachOps.java:150)
	at java.util.stream.ForEachOps$ForEachOp$OfRef.evaluateSequential(ForEachOps.java:173)
	at java.util.stream.AbstractPipeline.evaluate(AbstractPipeline.java:234)
	at java.util.stream.ReferencePipeline.forEach(ReferencePipeline.java:485)
	at java.util.stream.ReferencePipeline$7$1.accept(ReferencePipeline.java:272)
	at java.util.ArrayList$ArrayListSpliterator.forEachRemaining(ArrayList.java:1384)
	at java.util.stream.AbstractPipeline.copyInto(AbstractPipeline.java:482)
	at java.util.stream.AbstractPipeline.wrapAndCopyInto(AbstractPipeline.java:472)
	at java.util.stream.ForEachOps$ForEachOp.evaluateSequential(ForEachOps.java:150)
	at java.util.stream.ForEachOps$ForEachOp$OfRef.evaluateSequential(ForEachOps.java:173)
	at java.util.stream.AbstractPipeline.evaluate(AbstractPipeline.java:234)
	at java.util.stream.ReferencePipeline.forEach(ReferencePipeline.java:485)
	at java.util.ArrayList.forEach(ArrayList.java:1259)
	at java.util.ArrayList.forEach(ArrayList.java:1259)
]]></error>
    <system-out><![CDATA[2025-04-05 17:05:36,076 [main] INFO  util.LogUtils (Slf4jUtils.java:setLogLevel(38)) - Successfully set org.apache.ratis.conf.ConfUtils log level to WARN
2025-04-05 17:05:36,076 [main] INFO  util.LogUtils (Slf4jUtils.java:setLogLevel(38)) - Successfully set org.apache.ratis.util.FileUtils log level to TRACE
2025-04-05 17:05:36,078 [main] INFO  impl.MiniRaftCluster (MiniRaftCluster.java:runWithNewCluster(137)) - Running runWithNewCluster
2025-04-05 17:05:36,079 [main] INFO  impl.MiniRaftCluster (MiniRaftCluster.java:<init>(319)) - new MiniRaftClusterWithGrpc with group-8F97580789F2:[s0|localhost:15012, s1|localhost:15016, s2|localhost:15020]
2025-04-05 17:05:36,079 [main] INFO  impl.MiniRaftCluster (MiniRaftCluster.java:start(352)) - .............................................................. 
2025-04-05 17:05:36,079 [main] INFO  impl.MiniRaftCluster (MiniRaftCluster.java:start(353)) - ... 
2025-04-05 17:05:36,079 [main] INFO  impl.MiniRaftCluster (MiniRaftCluster.java:start(354)) - ...     Starting MiniRaftClusterWithGrpc
2025-04-05 17:05:36,079 [main] INFO  impl.MiniRaftCluster (MiniRaftCluster.java:start(355)) - ... 
2025-04-05 17:05:36,080 [main] INFO  impl.MiniRaftCluster (MiniRaftCluster.java:start(356)) - .............................................................. 
2025-04-05 17:05:36,080 [main] INFO  impl.MiniRaftCluster (MiniRaftCluster.java:initServers(331)) - servers = {}
2025-04-05 17:05:36,080 [main] INFO  impl.MiniRaftCluster (MiniRaftCluster.java:newRaftServer(396)) - newRaftServer: s0, group-8F97580789F2:[s0|localhost:15012, s1|localhost:15016, s2|localhost:15020], format? true
2025-04-05 17:05:36,080 [main] TRACE util.FileUtils (FileUtils.java:deleteFully(318)) - deleteFully target/test/data/7d2f1e3c/MiniRaftClusterWithGrpc65d740a0/s0
2025-04-05 17:05:36,081 [main] TRACE util.FileUtils (FileUtils.java:deleteFully(331)) - deleteFully: target/test/data/7d2f1e3c/MiniRaftClusterWithGrpc65d740a0/s0 does not exist.
2025-04-05 17:05:36,081 [main] INFO  impl.MiniRaftCluster (MiniRaftCluster.java:newRaftServer(401)) - Formatted directory target/test/data/7d2f1e3c/MiniRaftClusterWithGrpc65d740a0/s0
2025-04-05 17:05:36,082 [main] INFO  grpc.GrpcConfigKeys (ConfUtils.java:logFallback(69)) - raft.grpc.admin.host = null (fallback to raft.grpc.server.host)
2025-04-05 17:05:36,082 [main] INFO  grpc.GrpcConfigKeys (ConfUtils.java:logGet(62)) - raft.grpc.admin.port = 15013 (custom)
2025-04-05 17:05:36,083 [main] INFO  grpc.GrpcConfigKeys (ConfUtils.java:logFallback(69)) - raft.grpc.client.host = null (fallback to raft.grpc.server.host)
2025-04-05 17:05:36,083 [main] INFO  grpc.GrpcConfigKeys (ConfUtils.java:logGet(62)) - raft.grpc.client.port = 15014 (custom)
2025-04-05 17:05:36,083 [main] INFO  grpc.GrpcConfigKeys (ConfUtils.java:logGet(62)) - raft.grpc.server.port = 15012 (custom)
2025-04-05 17:05:36,084 [main] INFO  grpc.GrpcConfigKeys (ConfUtils.java:logGet(62)) - raft.grpc.server.heartbeat.channel = false (custom)
2025-04-05 17:05:36,086 [main] INFO  server.RaftServerConfigKeys (ConfUtils.java:logGet(62)) - raft.server.storage.dir = [/home/runner/work/ratis/ratis/ratis-test/target/test/data/7d2f1e3c/MiniRaftClusterWithGrpc65d740a0/s0] (custom)
2025-04-05 17:05:36,087 [main] INFO  server.RaftServer (RaftServerProxy.java:addNew(106)) - s0: addNew group-8F97580789F2:[s0|localhost:15012, s1|localhost:15016, s2|localhost:15020] returns group-8F97580789F2:java.util.concurrent.CompletableFuture@26a4842b[Not completed]
2025-04-05 17:05:36,087 [main] INFO  impl.MiniRaftCluster (MiniRaftCluster.java:newRaftServer(396)) - newRaftServer: s1, group-8F97580789F2:[s0|localhost:15012, s1|localhost:15016, s2|localhost:15020], format? true
2025-04-05 17:05:36,088 [main] TRACE util.FileUtils (FileUtils.java:deleteFully(318)) - deleteFully target/test/data/7d2f1e3c/MiniRaftClusterWithGrpc65d740a0/s1
2025-04-05 17:05:36,088 [main] TRACE util.FileUtils (FileUtils.java:deleteFully(331)) - deleteFully: target/test/data/7d2f1e3c/MiniRaftClusterWithGrpc65d740a0/s1 does not exist.
2025-04-05 17:05:36,088 [main] INFO  impl.MiniRaftCluster (MiniRaftCluster.java:newRaftServer(401)) - Formatted directory target/test/data/7d2f1e3c/MiniRaftClusterWithGrpc65d740a0/s1
2025-04-05 17:05:36,088 [main] INFO  grpc.GrpcConfigKeys (ConfUtils.java:logFallback(69)) - raft.grpc.admin.host = null (fallback to raft.grpc.server.host)
2025-04-05 17:05:36,089 [main] INFO  grpc.GrpcConfigKeys (ConfUtils.java:logGet(62)) - raft.grpc.admin.port = 15017 (custom)
2025-04-05 17:05:36,089 [main] INFO  grpc.GrpcConfigKeys (ConfUtils.java:logFallback(69)) - raft.grpc.client.host = null (fallback to raft.grpc.server.host)
2025-04-05 17:05:36,089 [main] INFO  grpc.GrpcConfigKeys (ConfUtils.java:logGet(62)) - raft.grpc.client.port = 15018 (custom)
2025-04-05 17:05:36,090 [s0-groupManagement] INFO  server.RaftServer$Division (RaftServerImpl.java:<init>(271)) - s0: new RaftServerImpl for group-8F97580789F2:[s0|localhost:15012, s1|localhost:15016, s2|localhost:15020] with StateMachineWithSeparatedSnapshotPath:uninitialized
2025-04-05 17:05:36,090 [main] INFO  grpc.GrpcConfigKeys (ConfUtils.java:logGet(62)) - raft.grpc.server.port = 15016 (custom)
2025-04-05 17:05:36,090 [s0-groupManagement] INFO  server.RaftServer$Division (ServerState.java:<init>(114)) - s0@group-8F97580789F2: ConfigurationManager, init=conf: {index: -1, cur=peers:[s0|localhost:15012, s1|localhost:15016, s2|localhost:15020]|listeners:[], old=null}, confs=<EMPTY_MAP>
2025-04-05 17:05:36,092 [main] INFO  server.RaftServerConfigKeys (ConfUtils.java:logGet(62)) - raft.server.storage.dir = [/home/runner/work/ratis/ratis/ratis-test/target/test/data/7d2f1e3c/MiniRaftClusterWithGrpc65d740a0/s1] (custom)
2025-04-05 17:05:36,093 [main] INFO  server.RaftServer (RaftServerProxy.java:addNew(106)) - s1: addNew group-8F97580789F2:[s0|localhost:15012, s1|localhost:15016, s2|localhost:15020] returns group-8F97580789F2:java.util.concurrent.CompletableFuture@33e01298[Not completed]
2025-04-05 17:05:36,093 [s1-groupManagement] INFO  server.RaftServer$Division (RaftServerImpl.java:<init>(271)) - s1: new RaftServerImpl for group-8F97580789F2:[s0|localhost:15012, s1|localhost:15016, s2|localhost:15020] with StateMachineWithSeparatedSnapshotPath:uninitialized
2025-04-05 17:05:36,094 [s1-groupManagement] INFO  server.RaftServer$Division (ServerState.java:<init>(114)) - s1@group-8F97580789F2: ConfigurationManager, init=conf: {index: -1, cur=peers:[s0|localhost:15012, s1|localhost:15016, s2|localhost:15020]|listeners:[], old=null}, confs=<EMPTY_MAP>
2025-04-05 17:05:36,093 [main] INFO  impl.MiniRaftCluster (MiniRaftCluster.java:newRaftServer(396)) - newRaftServer: s2, group-8F97580789F2:[s0|localhost:15012, s1|localhost:15016, s2|localhost:15020], format? true
2025-04-05 17:05:36,094 [main] TRACE util.FileUtils (FileUtils.java:deleteFully(318)) - deleteFully target/test/data/7d2f1e3c/MiniRaftClusterWithGrpc65d740a0/s2
2025-04-05 17:05:36,094 [main] TRACE util.FileUtils (FileUtils.java:deleteFully(331)) - deleteFully: target/test/data/7d2f1e3c/MiniRaftClusterWithGrpc65d740a0/s2 does not exist.
2025-04-05 17:05:36,095 [main] INFO  impl.MiniRaftCluster (MiniRaftCluster.java:newRaftServer(401)) - Formatted directory target/test/data/7d2f1e3c/MiniRaftClusterWithGrpc65d740a0/s2
2025-04-05 17:05:36,095 [main] INFO  grpc.GrpcConfigKeys (ConfUtils.java:logFallback(69)) - raft.grpc.admin.host = null (fallback to raft.grpc.server.host)
2025-04-05 17:05:36,095 [main] INFO  grpc.GrpcConfigKeys (ConfUtils.java:logGet(62)) - raft.grpc.admin.port = 15021 (custom)
2025-04-05 17:05:36,095 [main] INFO  grpc.GrpcConfigKeys (ConfUtils.java:logFallback(69)) - raft.grpc.client.host = null (fallback to raft.grpc.server.host)
2025-04-05 17:05:36,096 [main] INFO  grpc.GrpcConfigKeys (ConfUtils.java:logGet(62)) - raft.grpc.client.port = 15022 (custom)
2025-04-05 17:05:36,096 [main] INFO  grpc.GrpcConfigKeys (ConfUtils.java:logGet(62)) - raft.grpc.server.port = 15020 (custom)
2025-04-05 17:05:36,097 [main] INFO  server.RaftServerConfigKeys (ConfUtils.java:logGet(62)) - raft.server.storage.dir = [/home/runner/work/ratis/ratis/ratis-test/target/test/data/7d2f1e3c/MiniRaftClusterWithGrpc65d740a0/s2] (custom)
2025-04-05 17:05:36,098 [main] INFO  server.RaftServer (RaftServerProxy.java:addNew(106)) - s2: addNew group-8F97580789F2:[s0|localhost:15012, s1|localhost:15016, s2|localhost:15020] returns group-8F97580789F2:java.util.concurrent.CompletableFuture@4b3c354a[Not completed]
2025-04-05 17:05:36,098 [s2-groupManagement] INFO  server.RaftServer$Division (RaftServerImpl.java:<init>(271)) - s2: new RaftServerImpl for group-8F97580789F2:[s0|localhost:15012, s1|localhost:15016, s2|localhost:15020] with StateMachineWithSeparatedSnapshotPath:uninitialized
2025-04-05 17:05:36,098 [s0-impl-thread1] INFO  server.RaftServerConfigKeys (ConfUtils.java:logGet(62)) - raft.server.storage.dir = [/home/runner/work/ratis/ratis/ratis-test/target/test/data/7d2f1e3c/MiniRaftClusterWithGrpc65d740a0/s0] (custom)
2025-04-05 17:05:36,098 [s2-groupManagement] INFO  server.RaftServer$Division (ServerState.java:<init>(114)) - s2@group-8F97580789F2: ConfigurationManager, init=conf: {index: -1, cur=peers:[s0|localhost:15012, s1|localhost:15016, s2|localhost:15020]|listeners:[], old=null}, confs=<EMPTY_MAP>
2025-04-05 17:05:36,099 [s0-impl-thread1] INFO  storage.RaftStorageDirectory (RaftStorageDirectoryImpl.java:analyzeStorage(138)) - The storage directory /home/runner/work/ratis/ratis/ratis-test/target/test/data/7d2f1e3c/MiniRaftClusterWithGrpc65d740a0/s0/278962cf-de14-401e-b053-8f97580789f2 does not exist. Creating ...
2025-04-05 17:05:36,099 [s0-impl-thread1] TRACE util.FileUtils (LogUtils.java:runAndLog(49)) - Successfully ran Files.createDirectories /home/runner/work/ratis/ratis/ratis-test/target/test/data/7d2f1e3c/MiniRaftClusterWithGrpc65d740a0/s0/278962cf-de14-401e-b053-8f97580789f2
2025-04-05 17:05:36,100 [s0-impl-thread1] INFO  storage.RaftStorageDirectory (RaftStorageDirectoryImpl.java:tryLock(229)) - Lock on /home/runner/work/ratis/ratis/ratis-test/target/test/data/7d2f1e3c/MiniRaftClusterWithGrpc65d740a0/s0/278962cf-de14-401e-b053-8f97580789f2/in_use.lock acquired by nodename 3770@fv-az1110-124.3eeube15zenuxp2txnkl1xhk0g.dx.internal.cloudapp.net
2025-04-05 17:05:36,101 [s0-impl-thread1] TRACE util.FileUtils (LogUtils.java:runAndLog(49)) - Successfully ran Files.createDirectories /home/runner/work/ratis/ratis/ratis-test/target/test/data/7d2f1e3c/MiniRaftClusterWithGrpc65d740a0/s0/278962cf-de14-401e-b053-8f97580789f2/current
2025-04-05 17:05:36,101 [s0-impl-thread1] TRACE util.FileUtils (LogUtils.java:runAndLog(49)) - Successfully ran Files.createDirectories /home/runner/work/ratis/ratis/ratis-test/target/test/data/7d2f1e3c/MiniRaftClusterWithGrpc65d740a0/s0/278962cf-de14-401e-b053-8f97580789f2/sm
2025-04-05 17:05:36,101 [s0-impl-thread1] TRACE util.FileUtils (LogUtils.java:supplyAndLog(69)) - Successfully supplied FileChannel.open /home/runner/work/ratis/ratis/ratis-test/target/test/data/7d2f1e3c/MiniRaftClusterWithGrpc65d740a0/s0/278962cf-de14-401e-b053-8f97580789f2/current/raft-meta.tmp with options [CREATE, TRUNCATE_EXISTING, WRITE]: sun.nio.ch.FileChannelImpl@265d1daa
2025-04-05 17:05:36,102 [s0-impl-thread1] TRACE util.FileUtils (LogUtils.java:runAndLog(49)) - Successfully ran Atomic Files.move /home/runner/work/ratis/ratis/ratis-test/target/test/data/7d2f1e3c/MiniRaftClusterWithGrpc65d740a0/s0/278962cf-de14-401e-b053-8f97580789f2/current/raft-meta.tmp to /home/runner/work/ratis/ratis/ratis-test/target/test/data/7d2f1e3c/MiniRaftClusterWithGrpc65d740a0/s0/278962cf-de14-401e-b053-8f97580789f2/current/raft-meta with options [REPLACE_EXISTING]
2025-04-05 17:05:36,102 [s0-impl-thread1] INFO  storage.RaftStorage (RaftStorageImpl.java:format(98)) - Storage directory /home/runner/work/ratis/ratis/ratis-test/target/test/data/7d2f1e3c/MiniRaftClusterWithGrpc65d740a0/s0/278962cf-de14-401e-b053-8f97580789f2 has been successfully formatted.
2025-04-05 17:05:36,102 [s0-impl-thread1] INFO  impl.SimpleStateMachine4Testing (SimpleStateMachine4Testing.java:initialize(214)) - Initializing StateMachineWithSeparatedSnapshotPath:uninitialized
2025-04-05 17:05:36,102 [s0-impl-thread1] INFO  impl.SimpleStateMachine4Testing (SimpleStateMachine4Testing.java:loadSnapshot(298)) - Loading snapshot null
2025-04-05 17:05:36,102 [s0-impl-thread1] TRACE util.FileUtils (FileUtils.java:deleteFully(318)) - deleteFully /tmp/ratis-tests/statemachine/s0
2025-04-05 17:05:36,102 [s0-impl-thread1] TRACE util.FileUtils (FileUtils.java:deleteFully(331)) - deleteFully: /tmp/ratis-tests/statemachine/s0 does not exist.
2025-04-05 17:05:36,104 [s0-impl-thread1] INFO  util.AwaitToRun (AwaitToRun.java:start(81)) - Thread[s0@group-8F97580789F2-cacheEviction-AwaitToRun,5,main] started
2025-04-05 17:05:36,104 [s0-impl-thread1] INFO  segmented.SegmentedRaftLogWorker (SegmentedRaftLogWorker.java:<init>(191)) - new s0@group-8F97580789F2-SegmentedRaftLogWorker for RaftStorageImpl:Storage Directory /home/runner/work/ratis/ratis/ratis-test/target/test/data/7d2f1e3c/MiniRaftClusterWithGrpc65d740a0/s0/278962cf-de14-401e-b053-8f97580789f2
2025-04-05 17:05:36,106 [s0-impl-thread1] INFO  segmented.SegmentedRaftLogWorker (SegmentedRaftLogWorker.java:lambda$new$0(142)) - s0@group-8F97580789F2-SegmentedRaftLogWorker: flushIndex: setUnconditionally 0 -> -1
2025-04-05 17:05:36,107 [s0-impl-thread1] INFO  segmented.SegmentedRaftLogWorker (SegmentedRaftLogWorker.java:lambda$new$0(142)) - s0@group-8F97580789F2-SegmentedRaftLogWorker: safeCacheEvictIndex: setUnconditionally 0 -> -1
2025-04-05 17:05:36,107 [s0-impl-thread1] INFO  server.RaftServer$Division (RaftServerImpl.java:start(408)) - s0@group-8F97580789F2: start as a follower, conf=conf: {index: -1, cur=peers:[s0|localhost:15012, s1|localhost:15016, s2|localhost:15020]|listeners:[], old=null}
2025-04-05 17:05:36,107 [s0-impl-thread1] INFO  server.RaftServer$Division (RaftServerImpl.java:setRole(395)) - s0@group-8F97580789F2: changes role from      null to FOLLOWER at term 0 for startAsFollower
2025-04-05 17:05:36,107 [s0-impl-thread1] INFO  impl.RoleInfo (RoleInfo.java:updateAndGet(148)) - s0: start s0@group-8F97580789F2-FollowerState
2025-04-05 17:05:36,108 [s0@group-8F97580789F2-FollowerState] INFO  server.RaftServerConfigKeys (ConfUtils.java:logFallback(69)) - raft.server.rpc.first-election.timeout.min = 150ms (fallback to raft.server.rpc.timeout.min)
2025-04-05 17:05:36,108 [s0@group-8F97580789F2-FollowerState] INFO  server.RaftServerConfigKeys (ConfUtils.java:logFallback(69)) - raft.server.rpc.first-election.timeout.max = 300ms (fallback to raft.server.rpc.timeout.max)
2025-04-05 17:05:36,108 [s0-impl-thread1] INFO  util.JmxRegister (JmxRegister.java:tryRegister(44)) - Successfully registered JMX Bean with object name Ratis:service=RaftServer,group=group-8F97580789F2,id=s0
2025-04-05 17:05:36,108 [s0-impl-thread1] INFO  util.JmxRegister (JmxRegister.java:register(58)) - register mxBean class org.apache.ratis.server.impl.RaftServerJmxAdapter as Ratis:service=RaftServer,group=group-8F97580789F2,id=s0
2025-04-05 17:05:36,109 [s0-impl-thread1] INFO  server.RaftServer$Division (RaftServerImpl.java:start(422)) - s0@group-8F97580789F2: Successfully started.
2025-04-05 17:05:36,109 [main] INFO  server.RaftServer (RaftServerProxy.java:startImpl(413)) - s0: start RPC server
2025-04-05 17:05:36,110 [main] INFO  server.GrpcServicesImpl (GrpcServicesImpl.java:startImpl(353)) - s0: GrpcServicesImpl started, listening on 15014
2025-04-05 17:05:36,111 [main] INFO  server.GrpcServicesImpl (GrpcServicesImpl.java:startImpl(353)) - s0: GrpcServicesImpl started, listening on 15012
2025-04-05 17:05:36,112 [main] INFO  server.GrpcServicesImpl (GrpcServicesImpl.java:startImpl(353)) - s0: GrpcServicesImpl started, listening on 15013
2025-04-05 17:05:36,112 [JvmPauseMonitor6] INFO  util.JvmPauseMonitor (JvmPauseMonitor.java:run(146)) - JvmPauseMonitor-s0: Started
2025-04-05 17:05:36,112 [s1-impl-thread1] INFO  server.RaftServerConfigKeys (ConfUtils.java:logGet(62)) - raft.server.storage.dir = [/home/runner/work/ratis/ratis/ratis-test/target/test/data/7d2f1e3c/MiniRaftClusterWithGrpc65d740a0/s1] (custom)
2025-04-05 17:05:36,112 [s1-impl-thread1] INFO  storage.RaftStorageDirectory (RaftStorageDirectoryImpl.java:analyzeStorage(138)) - The storage directory /home/runner/work/ratis/ratis/ratis-test/target/test/data/7d2f1e3c/MiniRaftClusterWithGrpc65d740a0/s1/278962cf-de14-401e-b053-8f97580789f2 does not exist. Creating ...
2025-04-05 17:05:36,113 [s1-impl-thread1] TRACE util.FileUtils (LogUtils.java:runAndLog(49)) - Successfully ran Files.createDirectories /home/runner/work/ratis/ratis/ratis-test/target/test/data/7d2f1e3c/MiniRaftClusterWithGrpc65d740a0/s1/278962cf-de14-401e-b053-8f97580789f2
2025-04-05 17:05:36,113 [s1-impl-thread1] INFO  storage.RaftStorageDirectory (RaftStorageDirectoryImpl.java:tryLock(229)) - Lock on /home/runner/work/ratis/ratis/ratis-test/target/test/data/7d2f1e3c/MiniRaftClusterWithGrpc65d740a0/s1/278962cf-de14-401e-b053-8f97580789f2/in_use.lock acquired by nodename 3770@fv-az1110-124.3eeube15zenuxp2txnkl1xhk0g.dx.internal.cloudapp.net
2025-04-05 17:05:36,114 [s1-impl-thread1] TRACE util.FileUtils (LogUtils.java:runAndLog(49)) - Successfully ran Files.createDirectories /home/runner/work/ratis/ratis/ratis-test/target/test/data/7d2f1e3c/MiniRaftClusterWithGrpc65d740a0/s1/278962cf-de14-401e-b053-8f97580789f2/current
2025-04-05 17:05:36,114 [s1-impl-thread1] TRACE util.FileUtils (LogUtils.java:runAndLog(49)) - Successfully ran Files.createDirectories /home/runner/work/ratis/ratis/ratis-test/target/test/data/7d2f1e3c/MiniRaftClusterWithGrpc65d740a0/s1/278962cf-de14-401e-b053-8f97580789f2/sm
2025-04-05 17:05:36,114 [s1-impl-thread1] TRACE util.FileUtils (LogUtils.java:supplyAndLog(69)) - Successfully supplied FileChannel.open /home/runner/work/ratis/ratis/ratis-test/target/test/data/7d2f1e3c/MiniRaftClusterWithGrpc65d740a0/s1/278962cf-de14-401e-b053-8f97580789f2/current/raft-meta.tmp with options [CREATE, TRUNCATE_EXISTING, WRITE]: sun.nio.ch.FileChannelImpl@2b974f7
2025-04-05 17:05:36,115 [s1-impl-thread1] TRACE util.FileUtils (LogUtils.java:runAndLog(49)) - Successfully ran Atomic Files.move /home/runner/work/ratis/ratis/ratis-test/target/test/data/7d2f1e3c/MiniRaftClusterWithGrpc65d740a0/s1/278962cf-de14-401e-b053-8f97580789f2/current/raft-meta.tmp to /home/runner/work/ratis/ratis/ratis-test/target/test/data/7d2f1e3c/MiniRaftClusterWithGrpc65d740a0/s1/278962cf-de14-401e-b053-8f97580789f2/current/raft-meta with options [REPLACE_EXISTING]
2025-04-05 17:05:36,115 [s1-impl-thread1] INFO  storage.RaftStorage (RaftStorageImpl.java:format(98)) - Storage directory /home/runner/work/ratis/ratis/ratis-test/target/test/data/7d2f1e3c/MiniRaftClusterWithGrpc65d740a0/s1/278962cf-de14-401e-b053-8f97580789f2 has been successfully formatted.
2025-04-05 17:05:36,115 [s1-impl-thread1] INFO  impl.SimpleStateMachine4Testing (SimpleStateMachine4Testing.java:initialize(214)) - Initializing StateMachineWithSeparatedSnapshotPath:uninitialized
2025-04-05 17:05:36,115 [s1-impl-thread1] INFO  impl.SimpleStateMachine4Testing (SimpleStateMachine4Testing.java:loadSnapshot(298)) - Loading snapshot null
2025-04-05 17:05:36,115 [s1-impl-thread1] TRACE util.FileUtils (FileUtils.java:deleteFully(318)) - deleteFully /tmp/ratis-tests/statemachine/s1
2025-04-05 17:05:36,115 [s1-impl-thread1] TRACE util.FileUtils (FileUtils.java:deleteFully(331)) - deleteFully: /tmp/ratis-tests/statemachine/s1 does not exist.
2025-04-05 17:05:36,116 [s1-impl-thread1] INFO  util.AwaitToRun (AwaitToRun.java:start(81)) - Thread[s1@group-8F97580789F2-cacheEviction-AwaitToRun,5,main] started
2025-04-05 17:05:36,116 [s1-impl-thread1] INFO  segmented.SegmentedRaftLogWorker (SegmentedRaftLogWorker.java:<init>(191)) - new s1@group-8F97580789F2-SegmentedRaftLogWorker for RaftStorageImpl:Storage Directory /home/runner/work/ratis/ratis/ratis-test/target/test/data/7d2f1e3c/MiniRaftClusterWithGrpc65d740a0/s1/278962cf-de14-401e-b053-8f97580789f2
2025-04-05 17:05:36,118 [s1-impl-thread1] INFO  segmented.SegmentedRaftLogWorker (SegmentedRaftLogWorker.java:lambda$new$0(142)) - s1@group-8F97580789F2-SegmentedRaftLogWorker: flushIndex: setUnconditionally 0 -> -1
2025-04-05 17:05:36,118 [s1-impl-thread1] INFO  segmented.SegmentedRaftLogWorker (SegmentedRaftLogWorker.java:lambda$new$0(142)) - s1@group-8F97580789F2-SegmentedRaftLogWorker: safeCacheEvictIndex: setUnconditionally 0 -> -1
2025-04-05 17:05:36,118 [s1-impl-thread1] INFO  server.RaftServer$Division (RaftServerImpl.java:start(408)) - s1@group-8F97580789F2: start as a follower, conf=conf: {index: -1, cur=peers:[s0|localhost:15012, s1|localhost:15016, s2|localhost:15020]|listeners:[], old=null}
2025-04-05 17:05:36,118 [s1-impl-thread1] INFO  server.RaftServer$Division (RaftServerImpl.java:setRole(395)) - s1@group-8F97580789F2: changes role from      null to FOLLOWER at term 0 for startAsFollower
2025-04-05 17:05:36,119 [s1-impl-thread1] INFO  impl.RoleInfo (RoleInfo.java:updateAndGet(148)) - s1: start s1@group-8F97580789F2-FollowerState
2025-04-05 17:05:36,119 [s1@group-8F97580789F2-FollowerState] INFO  server.RaftServerConfigKeys (ConfUtils.java:logFallback(69)) - raft.server.rpc.first-election.timeout.min = 150ms (fallback to raft.server.rpc.timeout.min)
2025-04-05 17:05:36,119 [s1-impl-thread1] INFO  util.JmxRegister (JmxRegister.java:tryRegister(44)) - Successfully registered JMX Bean with object name Ratis:service=RaftServer,group=group-8F97580789F2,id=s1
2025-04-05 17:05:36,119 [s1-impl-thread1] INFO  util.JmxRegister (JmxRegister.java:register(58)) - register mxBean class org.apache.ratis.server.impl.RaftServerJmxAdapter as Ratis:service=RaftServer,group=group-8F97580789F2,id=s1
2025-04-05 17:05:36,119 [s1@group-8F97580789F2-FollowerState] INFO  server.RaftServerConfigKeys (ConfUtils.java:logFallback(69)) - raft.server.rpc.first-election.timeout.max = 300ms (fallback to raft.server.rpc.timeout.max)
2025-04-05 17:05:36,119 [s1-impl-thread1] INFO  server.RaftServer$Division (RaftServerImpl.java:start(422)) - s1@group-8F97580789F2: Successfully started.
2025-04-05 17:05:36,119 [main] INFO  server.RaftServer (RaftServerProxy.java:startImpl(413)) - s1: start RPC server
2025-04-05 17:05:36,121 [main] INFO  server.GrpcServicesImpl (GrpcServicesImpl.java:startImpl(353)) - s1: GrpcServicesImpl started, listening on 15018
2025-04-05 17:05:36,122 [main] INFO  server.GrpcServicesImpl (GrpcServicesImpl.java:startImpl(353)) - s1: GrpcServicesImpl started, listening on 15016
2025-04-05 17:05:36,123 [main] INFO  server.GrpcServicesImpl (GrpcServicesImpl.java:startImpl(353)) - s1: GrpcServicesImpl started, listening on 15017
2025-04-05 17:05:36,124 [JvmPauseMonitor7] INFO  util.JvmPauseMonitor (JvmPauseMonitor.java:run(146)) - JvmPauseMonitor-s1: Started
2025-04-05 17:05:36,124 [s2-impl-thread1] INFO  server.RaftServerConfigKeys (ConfUtils.java:logGet(62)) - raft.server.storage.dir = [/home/runner/work/ratis/ratis/ratis-test/target/test/data/7d2f1e3c/MiniRaftClusterWithGrpc65d740a0/s2] (custom)
2025-04-05 17:05:36,124 [s2-impl-thread1] INFO  storage.RaftStorageDirectory (RaftStorageDirectoryImpl.java:analyzeStorage(138)) - The storage directory /home/runner/work/ratis/ratis/ratis-test/target/test/data/7d2f1e3c/MiniRaftClusterWithGrpc65d740a0/s2/278962cf-de14-401e-b053-8f97580789f2 does not exist. Creating ...
2025-04-05 17:05:36,124 [s2-impl-thread1] TRACE util.FileUtils (LogUtils.java:runAndLog(49)) - Successfully ran Files.createDirectories /home/runner/work/ratis/ratis/ratis-test/target/test/data/7d2f1e3c/MiniRaftClusterWithGrpc65d740a0/s2/278962cf-de14-401e-b053-8f97580789f2
2025-04-05 17:05:36,125 [s2-impl-thread1] INFO  storage.RaftStorageDirectory (RaftStorageDirectoryImpl.java:tryLock(229)) - Lock on /home/runner/work/ratis/ratis/ratis-test/target/test/data/7d2f1e3c/MiniRaftClusterWithGrpc65d740a0/s2/278962cf-de14-401e-b053-8f97580789f2/in_use.lock acquired by nodename 3770@fv-az1110-124.3eeube15zenuxp2txnkl1xhk0g.dx.internal.cloudapp.net
2025-04-05 17:05:36,125 [s2-impl-thread1] TRACE util.FileUtils (LogUtils.java:runAndLog(49)) - Successfully ran Files.createDirectories /home/runner/work/ratis/ratis/ratis-test/target/test/data/7d2f1e3c/MiniRaftClusterWithGrpc65d740a0/s2/278962cf-de14-401e-b053-8f97580789f2/current
2025-04-05 17:05:36,125 [s2-impl-thread1] TRACE util.FileUtils (LogUtils.java:runAndLog(49)) - Successfully ran Files.createDirectories /home/runner/work/ratis/ratis/ratis-test/target/test/data/7d2f1e3c/MiniRaftClusterWithGrpc65d740a0/s2/278962cf-de14-401e-b053-8f97580789f2/sm
2025-04-05 17:05:36,125 [s2-impl-thread1] TRACE util.FileUtils (LogUtils.java:supplyAndLog(69)) - Successfully supplied FileChannel.open /home/runner/work/ratis/ratis/ratis-test/target/test/data/7d2f1e3c/MiniRaftClusterWithGrpc65d740a0/s2/278962cf-de14-401e-b053-8f97580789f2/current/raft-meta.tmp with options [CREATE, TRUNCATE_EXISTING, WRITE]: sun.nio.ch.FileChannelImpl@2422c525
2025-04-05 17:05:36,126 [s2-impl-thread1] TRACE util.FileUtils (LogUtils.java:runAndLog(49)) - Successfully ran Atomic Files.move /home/runner/work/ratis/ratis/ratis-test/target/test/data/7d2f1e3c/MiniRaftClusterWithGrpc65d740a0/s2/278962cf-de14-401e-b053-8f97580789f2/current/raft-meta.tmp to /home/runner/work/ratis/ratis/ratis-test/target/test/data/7d2f1e3c/MiniRaftClusterWithGrpc65d740a0/s2/278962cf-de14-401e-b053-8f97580789f2/current/raft-meta with options [REPLACE_EXISTING]
2025-04-05 17:05:36,126 [s2-impl-thread1] INFO  storage.RaftStorage (RaftStorageImpl.java:format(98)) - Storage directory /home/runner/work/ratis/ratis/ratis-test/target/test/data/7d2f1e3c/MiniRaftClusterWithGrpc65d740a0/s2/278962cf-de14-401e-b053-8f97580789f2 has been successfully formatted.
2025-04-05 17:05:36,126 [s2-impl-thread1] INFO  impl.SimpleStateMachine4Testing (SimpleStateMachine4Testing.java:initialize(214)) - Initializing StateMachineWithSeparatedSnapshotPath:uninitialized
2025-04-05 17:05:36,127 [s2-impl-thread1] INFO  impl.SimpleStateMachine4Testing (SimpleStateMachine4Testing.java:loadSnapshot(298)) - Loading snapshot null
2025-04-05 17:05:36,127 [s2-impl-thread1] TRACE util.FileUtils (FileUtils.java:deleteFully(318)) - deleteFully /tmp/ratis-tests/statemachine/s2
2025-04-05 17:05:36,127 [s2-impl-thread1] TRACE util.FileUtils (FileUtils.java:deleteFully(331)) - deleteFully: /tmp/ratis-tests/statemachine/s2 does not exist.
2025-04-05 17:05:36,128 [s2-impl-thread1] INFO  util.AwaitToRun (AwaitToRun.java:start(81)) - Thread[s2@group-8F97580789F2-cacheEviction-AwaitToRun,5,main] started
2025-04-05 17:05:36,128 [s2-impl-thread1] INFO  segmented.SegmentedRaftLogWorker (SegmentedRaftLogWorker.java:<init>(191)) - new s2@group-8F97580789F2-SegmentedRaftLogWorker for RaftStorageImpl:Storage Directory /home/runner/work/ratis/ratis/ratis-test/target/test/data/7d2f1e3c/MiniRaftClusterWithGrpc65d740a0/s2/278962cf-de14-401e-b053-8f97580789f2
2025-04-05 17:05:36,129 [s2-impl-thread1] INFO  segmented.SegmentedRaftLogWorker (SegmentedRaftLogWorker.java:lambda$new$0(142)) - s2@group-8F97580789F2-SegmentedRaftLogWorker: flushIndex: setUnconditionally 0 -> -1
2025-04-05 17:05:36,130 [s2-impl-thread1] INFO  segmented.SegmentedRaftLogWorker (SegmentedRaftLogWorker.java:lambda$new$0(142)) - s2@group-8F97580789F2-SegmentedRaftLogWorker: safeCacheEvictIndex: setUnconditionally 0 -> -1
2025-04-05 17:05:36,130 [s2-impl-thread1] INFO  server.RaftServer$Division (RaftServerImpl.java:start(408)) - s2@group-8F97580789F2: start as a follower, conf=conf: {index: -1, cur=peers:[s0|localhost:15012, s1|localhost:15016, s2|localhost:15020]|listeners:[], old=null}
2025-04-05 17:05:36,130 [s2-impl-thread1] INFO  server.RaftServer$Division (RaftServerImpl.java:setRole(395)) - s2@group-8F97580789F2: changes role from      null to FOLLOWER at term 0 for startAsFollower
2025-04-05 17:05:36,130 [s2-impl-thread1] INFO  impl.RoleInfo (RoleInfo.java:updateAndGet(148)) - s2: start s2@group-8F97580789F2-FollowerState
2025-04-05 17:05:36,130 [s2-impl-thread1] INFO  util.JmxRegister (JmxRegister.java:tryRegister(44)) - Successfully registered JMX Bean with object name Ratis:service=RaftServer,group=group-8F97580789F2,id=s2
2025-04-05 17:05:36,130 [s2-impl-thread1] INFO  util.JmxRegister (JmxRegister.java:register(58)) - register mxBean class org.apache.ratis.server.impl.RaftServerJmxAdapter as Ratis:service=RaftServer,group=group-8F97580789F2,id=s2
2025-04-05 17:05:36,131 [s2@group-8F97580789F2-FollowerState] INFO  server.RaftServerConfigKeys (ConfUtils.java:logFallback(69)) - raft.server.rpc.first-election.timeout.min = 150ms (fallback to raft.server.rpc.timeout.min)
2025-04-05 17:05:36,131 [s2@group-8F97580789F2-FollowerState] INFO  server.RaftServerConfigKeys (ConfUtils.java:logFallback(69)) - raft.server.rpc.first-election.timeout.max = 300ms (fallback to raft.server.rpc.timeout.max)
2025-04-05 17:05:36,131 [s2-impl-thread1] INFO  server.RaftServer$Division (RaftServerImpl.java:start(422)) - s2@group-8F97580789F2: Successfully started.
2025-04-05 17:05:36,131 [main] INFO  server.RaftServer (RaftServerProxy.java:startImpl(413)) - s2: start RPC server
2025-04-05 17:05:36,132 [main] INFO  server.GrpcServicesImpl (GrpcServicesImpl.java:startImpl(353)) - s2: GrpcServicesImpl started, listening on 15022
2025-04-05 17:05:36,133 [main] INFO  server.GrpcServicesImpl (GrpcServicesImpl.java:startImpl(353)) - s2: GrpcServicesImpl started, listening on 15020
2025-04-05 17:05:36,134 [main] INFO  server.GrpcServicesImpl (GrpcServicesImpl.java:startImpl(353)) - s2: GrpcServicesImpl started, listening on 15021
2025-04-05 17:05:36,134 [JvmPauseMonitor8] INFO  util.JvmPauseMonitor (JvmPauseMonitor.java:run(146)) - JvmPauseMonitor-s2: Started
2025-04-05 17:05:36,134 [main] INFO  ratis.RaftTestUtil (RaftTestUtil.java:waitForLeader(108)) - printing ALL groups
  s0:  RUNNING  FOLLOWER s0@group-8F97580789F2:t0, leader=null, voted=, raftlog=Memoized:s0@group-8F97580789F2-SegmentedRaftLog:OPENED:c-1:lastnull, conf=conf: {index: -1, cur=peers:[s0|localhost:15012, s1|localhost:15016, s2|localhost:15020]|listeners:[], old=null} RUNNING
  s1:  RUNNING  FOLLOWER s1@group-8F97580789F2:t0, leader=null, voted=, raftlog=Memoized:s1@group-8F97580789F2-SegmentedRaftLog:OPENED:c-1:lastnull, conf=conf: {index: -1, cur=peers:[s0|localhost:15012, s1|localhost:15016, s2|localhost:15020]|listeners:[], old=null} RUNNING
  s2:  RUNNING  FOLLOWER s2@group-8F97580789F2:t0, leader=null, voted=, raftlog=Memoized:s2@group-8F97580789F2-SegmentedRaftLog:OPENED:c-1:lastnull, conf=conf: {index: -1, cur=peers:[s0|localhost:15012, s1|localhost:15016, s2|localhost:15020]|listeners:[], old=null} RUNNING
2025-04-05 17:05:36,135 [main] WARN  ratis.RaftTestUtil (RaftTestUtil.java:lambda$waitForLeader$3(127)) - Attempt #1 failed: java.lang.IllegalStateException: No leader yet : printing ALL groups
  s0:  RUNNING  FOLLOWER s0@group-8F97580789F2:t0, leader=null, voted=, raftlog=Memoized:s0@group-8F97580789F2-SegmentedRaftLog:OPENED:c-1:lastnull, conf=conf: {index: -1, cur=peers:[s0|localhost:15012, s1|localhost:15016, s2|localhost:15020]|listeners:[], old=null} RUNNING
  s1:  RUNNING  FOLLOWER s1@group-8F97580789F2:t0, leader=null, voted=, raftlog=Memoized:s1@group-8F97580789F2-SegmentedRaftLog:OPENED:c-1:lastnull, conf=conf: {index: -1, cur=peers:[s0|localhost:15012, s1|localhost:15016, s2|localhost:15020]|listeners:[], old=null} RUNNING
  s2:  RUNNING  FOLLOWER s2@group-8F97580789F2:t0, leader=null, voted=, raftlog=Memoized:s2@group-8F97580789F2-SegmentedRaftLog:OPENED:c-1:lastnull, conf=conf: {index: -1, cur=peers:[s0|localhost:15012, s1|localhost:15016, s2|localhost:15020]|listeners:[], old=null} RUNNING
2025-04-05 17:05:36,277 [s1@group-8F97580789F2-FollowerState] INFO  impl.FollowerState (FollowerState.java:runImpl(161)) - s1@group-8F97580789F2-FollowerState: change to CANDIDATE, lastRpcElapsedTime:158730240ns, electionTimeout:158ms
2025-04-05 17:05:36,278 [s1@group-8F97580789F2-FollowerState] INFO  impl.RoleInfo (RoleInfo.java:shutdownFollowerState(121)) - s1: shutdown s1@group-8F97580789F2-FollowerState
2025-04-05 17:05:36,278 [s1@group-8F97580789F2-FollowerState] INFO  server.RaftServer$Division (RaftServerImpl.java:setRole(395)) - s1@group-8F97580789F2: changes role from  FOLLOWER to CANDIDATE at term 0 for changeToCandidate
2025-04-05 17:05:36,278 [s1@group-8F97580789F2-FollowerState] INFO  impl.RoleInfo (RoleInfo.java:updateAndGet(148)) - s1: start s1@group-8F97580789F2-LeaderElection3
2025-04-05 17:05:36,279 [s1@group-8F97580789F2-LeaderElection3] INFO  impl.LeaderElection (LeaderElection.java:askForVotes(332)) - s1@group-8F97580789F2-LeaderElection3 PRE_VOTE round 0: submit vote requests at term 0 for conf: {index: -1, cur=peers:[s0|localhost:15012, s1|localhost:15016, s2|localhost:15020]|listeners:[], old=null}
2025-04-05 17:05:36,281 [s1@group-8F97580789F2-LeaderElection3] INFO  server.RaftServerConfigKeys (ConfUtils.java:logFallback(69)) - raft.server.rpc.first-election.timeout.min = 150ms (fallback to raft.server.rpc.timeout.min)
2025-04-05 17:05:36,281 [s1@group-8F97580789F2-LeaderElection3-2] INFO  server.GrpcServerProtocolClient (GrpcServerProtocolClient.java:<init>(65)) - Build channel for s2|localhost:15020
2025-04-05 17:05:36,282 [s1@group-8F97580789F2-LeaderElection3] INFO  server.RaftServerConfigKeys (ConfUtils.java:logFallback(69)) - raft.server.rpc.first-election.timeout.max = 300ms (fallback to raft.server.rpc.timeout.max)
2025-04-05 17:05:36,281 [s1@group-8F97580789F2-LeaderElection3-1] INFO  server.GrpcServerProtocolClient (GrpcServerProtocolClient.java:<init>(65)) - Build channel for s0|localhost:15012
2025-04-05 17:05:36,287 [grpc-default-executor-0] INFO  server.RaftServer$Division (RaftServerImpl.java:requestVote(1475)) - s0@group-8F97580789F2: receive requestVote(PRE_VOTE, s1, group-8F97580789F2, 0, (t:0, i:0))
2025-04-05 17:05:36,287 [grpc-default-executor-1] INFO  server.RaftServer$Division (RaftServerImpl.java:requestVote(1475)) - s2@group-8F97580789F2: receive requestVote(PRE_VOTE, s1, group-8F97580789F2, 0, (t:0, i:0))
2025-04-05 17:05:36,288 [grpc-default-executor-1] INFO  impl.VoteContext (VoteContext.java:log(49)) - s2@group-8F97580789F2-FOLLOWER: accept PRE_VOTE from s1: our priority 0 <= candidate's priority 0
2025-04-05 17:05:36,288 [grpc-default-executor-0] INFO  impl.VoteContext (VoteContext.java:log(49)) - s0@group-8F97580789F2-FOLLOWER: accept PRE_VOTE from s1: our priority 0 <= candidate's priority 0
2025-04-05 17:05:36,290 [grpc-default-executor-1] INFO  server.RaftServer$Division (RaftServerImpl.java:requestVote(1509)) - s2@group-8F97580789F2 replies to PRE_VOTE vote request: s1<-s2#0:OK-t0. Peer's state: s2@group-8F97580789F2:t0, leader=null, voted=, raftlog=Memoized:s2@group-8F97580789F2-SegmentedRaftLog:OPENED:c-1:lastnull, conf=conf: {index: -1, cur=peers:[s0|localhost:15012, s1|localhost:15016, s2|localhost:15020]|listeners:[], old=null}
2025-04-05 17:05:36,290 [grpc-default-executor-0] INFO  server.RaftServer$Division (RaftServerImpl.java:requestVote(1509)) - s0@group-8F97580789F2 replies to PRE_VOTE vote request: s1<-s0#0:OK-t0. Peer's state: s0@group-8F97580789F2:t0, leader=null, voted=, raftlog=Memoized:s0@group-8F97580789F2-SegmentedRaftLog:OPENED:c-1:lastnull, conf=conf: {index: -1, cur=peers:[s0|localhost:15012, s1|localhost:15016, s2|localhost:15020]|listeners:[], old=null}
2025-04-05 17:05:36,291 [s1@group-8F97580789F2-LeaderElection3] INFO  impl.LeaderElection (LeaderElection.java:logAndReturn(90)) - s1@group-8F97580789F2-LeaderElection3: PRE_VOTE PASSED received 1 response(s) and 0 exception(s):
2025-04-05 17:05:36,291 [s1@group-8F97580789F2-LeaderElection3] INFO  impl.LeaderElection (LeaderElection.java:logAndReturn(94)) -   Response 0: s1<-s2#0:OK-t0
2025-04-05 17:05:36,291 [s1@group-8F97580789F2-LeaderElection3] INFO  impl.LeaderElection (LeaderElection.java:askForVotes(334)) - s1@group-8F97580789F2-LeaderElection3 PRE_VOTE round 0: result PASSED
2025-04-05 17:05:36,291 [s1@group-8F97580789F2-LeaderElection3] TRACE util.FileUtils (LogUtils.java:supplyAndLog(69)) - Successfully supplied FileChannel.open /home/runner/work/ratis/ratis/ratis-test/target/test/data/7d2f1e3c/MiniRaftClusterWithGrpc65d740a0/s1/278962cf-de14-401e-b053-8f97580789f2/current/raft-meta.tmp with options [CREATE, TRUNCATE_EXISTING, WRITE]: sun.nio.ch.FileChannelImpl@39fad134
2025-04-05 17:05:36,292 [s1@group-8F97580789F2-LeaderElection3] TRACE util.FileUtils (LogUtils.java:runAndLog(49)) - Successfully ran Atomic Files.move /home/runner/work/ratis/ratis/ratis-test/target/test/data/7d2f1e3c/MiniRaftClusterWithGrpc65d740a0/s1/278962cf-de14-401e-b053-8f97580789f2/current/raft-meta.tmp to /home/runner/work/ratis/ratis/ratis-test/target/test/data/7d2f1e3c/MiniRaftClusterWithGrpc65d740a0/s1/278962cf-de14-401e-b053-8f97580789f2/current/raft-meta with options [REPLACE_EXISTING]
2025-04-05 17:05:36,292 [s1@group-8F97580789F2-LeaderElection3] INFO  impl.LeaderElection (LeaderElection.java:askForVotes(332)) - s1@group-8F97580789F2-LeaderElection3 ELECTION round 0: submit vote requests at term 1 for conf: {index: -1, cur=peers:[s0|localhost:15012, s1|localhost:15016, s2|localhost:15020]|listeners:[], old=null}
2025-04-05 17:05:36,293 [s1@group-8F97580789F2-LeaderElection3] INFO  server.RaftServerConfigKeys (ConfUtils.java:logFallback(69)) - raft.server.rpc.first-election.timeout.min = 150ms (fallback to raft.server.rpc.timeout.min)
2025-04-05 17:05:36,293 [s1@group-8F97580789F2-LeaderElection3] INFO  server.RaftServerConfigKeys (ConfUtils.java:logFallback(69)) - raft.server.rpc.first-election.timeout.max = 300ms (fallback to raft.server.rpc.timeout.max)
2025-04-05 17:05:36,294 [grpc-default-executor-0] INFO  server.RaftServer$Division (RaftServerImpl.java:requestVote(1475)) - s2@group-8F97580789F2: receive requestVote(ELECTION, s1, group-8F97580789F2, 1, (t:0, i:0))
2025-04-05 17:05:36,294 [grpc-default-executor-0] INFO  impl.VoteContext (VoteContext.java:log(49)) - s2@group-8F97580789F2-FOLLOWER: accept ELECTION from s1: our priority 0 <= candidate's priority 0
2025-04-05 17:05:36,294 [grpc-default-executor-0] INFO  server.RaftServer$Division (RaftServerImpl.java:setRole(395)) - s2@group-8F97580789F2: changes role from  FOLLOWER to FOLLOWER at term 0 for candidate:s1
2025-04-05 17:05:36,294 [grpc-default-executor-0] INFO  impl.RoleInfo (RoleInfo.java:shutdownFollowerState(121)) - s2: shutdown s2@group-8F97580789F2-FollowerState
2025-04-05 17:05:36,295 [s2@group-8F97580789F2-FollowerState] INFO  impl.FollowerState (FollowerState.java:runImpl(170)) - s2@group-8F97580789F2-FollowerState was interrupted
2025-04-05 17:05:36,295 [grpc-default-executor-0] INFO  impl.RoleInfo (RoleInfo.java:updateAndGet(148)) - s2: start s2@group-8F97580789F2-FollowerState
2025-04-05 17:05:36,295 [grpc-default-executor-1] INFO  server.RaftServer$Division (RaftServerImpl.java:requestVote(1475)) - s0@group-8F97580789F2: receive requestVote(ELECTION, s1, group-8F97580789F2, 1, (t:0, i:0))
2025-04-05 17:05:36,295 [grpc-default-executor-0] INFO  server.RaftServer$Division (RaftServerImpl.java:setFirstElection(579)) - s2@group-8F97580789F2: set firstElectionSinceStartup to false for candidate:s1
2025-04-05 17:05:36,295 [grpc-default-executor-0] TRACE util.FileUtils (LogUtils.java:supplyAndLog(69)) - Successfully supplied FileChannel.open /home/runner/work/ratis/ratis/ratis-test/target/test/data/7d2f1e3c/MiniRaftClusterWithGrpc65d740a0/s2/278962cf-de14-401e-b053-8f97580789f2/current/raft-meta.tmp with options [CREATE, TRUNCATE_EXISTING, WRITE]: sun.nio.ch.FileChannelImpl@48a2ece0
2025-04-05 17:05:36,296 [grpc-default-executor-1] INFO  impl.VoteContext (VoteContext.java:log(49)) - s0@group-8F97580789F2-FOLLOWER: accept ELECTION from s1: our priority 0 <= candidate's priority 0
2025-04-05 17:05:36,296 [grpc-default-executor-1] INFO  server.RaftServer$Division (RaftServerImpl.java:setRole(395)) - s0@group-8F97580789F2: changes role from  FOLLOWER to FOLLOWER at term 0 for candidate:s1
2025-04-05 17:05:36,296 [grpc-default-executor-1] INFO  impl.RoleInfo (RoleInfo.java:shutdownFollowerState(121)) - s0: shutdown s0@group-8F97580789F2-FollowerState
2025-04-05 17:05:36,296 [grpc-default-executor-0] TRACE util.FileUtils (LogUtils.java:runAndLog(49)) - Successfully ran Atomic Files.move /home/runner/work/ratis/ratis/ratis-test/target/test/data/7d2f1e3c/MiniRaftClusterWithGrpc65d740a0/s2/278962cf-de14-401e-b053-8f97580789f2/current/raft-meta.tmp to /home/runner/work/ratis/ratis/ratis-test/target/test/data/7d2f1e3c/MiniRaftClusterWithGrpc65d740a0/s2/278962cf-de14-401e-b053-8f97580789f2/current/raft-meta with options [REPLACE_EXISTING]
2025-04-05 17:05:36,297 [grpc-default-executor-0] INFO  server.RaftServer$Division (RaftServerImpl.java:requestVote(1509)) - s2@group-8F97580789F2 replies to ELECTION vote request: s1<-s2#0:OK-t1. Peer's state: s2@group-8F97580789F2:t1, leader=null, voted=s1, raftlog=Memoized:s2@group-8F97580789F2-SegmentedRaftLog:OPENED:c-1:lastnull, conf=conf: {index: -1, cur=peers:[s0|localhost:15012, s1|localhost:15016, s2|localhost:15020]|listeners:[], old=null}
2025-04-05 17:05:36,296 [grpc-default-executor-1] INFO  impl.RoleInfo (RoleInfo.java:updateAndGet(148)) - s0: start s0@group-8F97580789F2-FollowerState
2025-04-05 17:05:36,297 [s1@group-8F97580789F2-LeaderElection3] INFO  impl.LeaderElection (LeaderElection.java:logAndReturn(90)) - s1@group-8F97580789F2-LeaderElection3: ELECTION PASSED received 1 response(s) and 0 exception(s):
2025-04-05 17:05:36,298 [s1@group-8F97580789F2-LeaderElection3] INFO  impl.LeaderElection (LeaderElection.java:logAndReturn(94)) -   Response 0: s1<-s2#0:OK-t1
2025-04-05 17:05:36,297 [s0@group-8F97580789F2-FollowerState] INFO  impl.FollowerState (FollowerState.java:runImpl(170)) - s0@group-8F97580789F2-FollowerState was interrupted
2025-04-05 17:05:36,298 [s1@group-8F97580789F2-LeaderElection3] INFO  impl.LeaderElection (LeaderElection.java:askForVotes(334)) - s1@group-8F97580789F2-LeaderElection3 ELECTION round 0: result PASSED
2025-04-05 17:05:36,298 [grpc-default-executor-1] INFO  server.RaftServer$Division (RaftServerImpl.java:setFirstElection(579)) - s0@group-8F97580789F2: set firstElectionSinceStartup to false for candidate:s1
2025-04-05 17:05:36,298 [grpc-default-executor-1] TRACE util.FileUtils (LogUtils.java:supplyAndLog(69)) - Successfully supplied FileChannel.open /home/runner/work/ratis/ratis/ratis-test/target/test/data/7d2f1e3c/MiniRaftClusterWithGrpc65d740a0/s0/278962cf-de14-401e-b053-8f97580789f2/current/raft-meta.tmp with options [CREATE, TRUNCATE_EXISTING, WRITE]: sun.nio.ch.FileChannelImpl@662073e3
2025-04-05 17:05:36,298 [s1@group-8F97580789F2-LeaderElection3] INFO  impl.RoleInfo (RoleInfo.java:shutdownLeaderElection(141)) - s1: shutdown s1@group-8F97580789F2-LeaderElection3
2025-04-05 17:05:36,299 [s1@group-8F97580789F2-LeaderElection3] INFO  server.RaftServer$Division (RaftServerImpl.java:setRole(395)) - s1@group-8F97580789F2: changes role from CANDIDATE to LEADER at term 1 for changeToLeader
2025-04-05 17:05:36,299 [s1@group-8F97580789F2-LeaderElection3] INFO  server.RaftServerConfigKeys (ConfUtils.java:logFallback(69)) - raft.server.staging.timeout = 900ms (fallback to raft.server.rpc.timeout.max)
2025-04-05 17:05:36,300 [s1@group-8F97580789F2-LeaderElection3] INFO  server.RaftServerConfigKeys (ConfUtils.java:logGet(62)) - raft.server.log.appender.snapshot.chunk.size.max = 1k (=1024) (custom)
2025-04-05 17:05:36,300 [grpc-default-executor-1] TRACE util.FileUtils (LogUtils.java:runAndLog(49)) - Successfully ran Atomic Files.move /home/runner/work/ratis/ratis/ratis-test/target/test/data/7d2f1e3c/MiniRaftClusterWithGrpc65d740a0/s0/278962cf-de14-401e-b053-8f97580789f2/current/raft-meta.tmp to /home/runner/work/ratis/ratis/ratis-test/target/test/data/7d2f1e3c/MiniRaftClusterWithGrpc65d740a0/s0/278962cf-de14-401e-b053-8f97580789f2/current/raft-meta with options [REPLACE_EXISTING]
2025-04-05 17:05:36,300 [grpc-default-executor-1] INFO  server.RaftServer$Division (RaftServerImpl.java:requestVote(1509)) - s0@group-8F97580789F2 replies to ELECTION vote request: s1<-s0#0:OK-t1. Peer's state: s0@group-8F97580789F2:t1, leader=null, voted=s1, raftlog=Memoized:s0@group-8F97580789F2-SegmentedRaftLog:OPENED:c-1:lastnull, conf=conf: {index: -1, cur=peers:[s0|localhost:15012, s1|localhost:15016, s2|localhost:15020]|listeners:[], old=null}
2025-04-05 17:05:36,301 [s1@group-8F97580789F2-LeaderElection3] INFO  server.RaftServerConfigKeys (ConfUtils.java:logGet(62)) - raft.server.log.appender.snapshot.chunk.size.max = 1k (=1024) (custom)
2025-04-05 17:05:36,301 [s1@group-8F97580789F2-LeaderElection3] INFO  impl.RoleInfo (RoleInfo.java:updateAndGet(148)) - s1: start s1@group-8F97580789F2-LeaderStateImpl
2025-04-05 17:05:36,301 [s1@group-8F97580789F2-LeaderElection3] INFO  server.RaftServer$Division (RaftServerImpl.java:setFirstElection(579)) - s1@group-8F97580789F2: set firstElectionSinceStartup to false for becomeLeader
2025-04-05 17:05:36,301 [s1@group-8F97580789F2-LeaderElection3] INFO  server.RaftServer$Division (ServerState.java:setLeader(272)) - s1@group-8F97580789F2: change Leader from null to s1 at term 1 for becomeLeader, leader elected after 207ms
2025-04-05 17:05:36,302 [s1@group-8F97580789F2-LeaderElection3] INFO  segmented.SegmentedRaftLogWorker (SegmentedRaftLogWorker.java:startLogSegment(445)) - s1@group-8F97580789F2-SegmentedRaftLogWorker: Starting segment from index:0
2025-04-05 17:05:36,302 [s1@group-8F97580789F2-LeaderElection3] INFO  server.RaftServer$Division (ServerState.java:setRaftConf(386)) - s1@group-8F97580789F2: set configuration conf: {index: 0, cur=peers:[s0|localhost:15012, s1|localhost:15016, s2|localhost:15020]|listeners:[], old=null}
2025-04-05 17:05:36,302 [s1@group-8F97580789F2-SegmentedRaftLogWorker] INFO  segmented.BufferedWriteChannel (BufferedWriteChannel.java:open(61)) - open log_inprogress_0 at position 0
2025-04-05 17:05:36,305 [grpc-default-executor-0] INFO  server.RaftServer$Division (ServerState.java:setLeader(272)) - s0@group-8F97580789F2: change Leader from null to s1 at term 1 for appendEntries, leader elected after 214ms
2025-04-05 17:05:36,306 [grpc-default-executor-1] INFO  server.RaftServer$Division (ServerState.java:setLeader(272)) - s2@group-8F97580789F2: change Leader from null to s1 at term 1 for appendEntries, leader elected after 207ms
2025-04-05 17:05:36,309 [grpc-default-executor-2] INFO  server.RaftServer$Division (ServerState.java:setRaftConf(386)) - s0@group-8F97580789F2: set configuration conf: {index: 0, cur=peers:[s0|localhost:15012, s1|localhost:15016, s2|localhost:15020]|listeners:[], old=null}
2025-04-05 17:05:36,309 [grpc-default-executor-2] INFO  segmented.SegmentedRaftLogWorker (SegmentedRaftLogWorker.java:startLogSegment(445)) - s0@group-8F97580789F2-SegmentedRaftLogWorker: Starting segment from index:0
2025-04-05 17:05:36,309 [grpc-default-executor-0] INFO  server.RaftServer$Division (ServerState.java:setRaftConf(386)) - s2@group-8F97580789F2: set configuration conf: {index: 0, cur=peers:[s0|localhost:15012, s1|localhost:15016, s2|localhost:15020]|listeners:[], old=null}
2025-04-05 17:05:36,311 [grpc-default-executor-0] INFO  segmented.SegmentedRaftLogWorker (SegmentedRaftLogWorker.java:startLogSegment(445)) - s2@group-8F97580789F2-SegmentedRaftLogWorker: Starting segment from index:0
2025-04-05 17:05:36,311 [s0@group-8F97580789F2-SegmentedRaftLogWorker] INFO  segmented.BufferedWriteChannel (BufferedWriteChannel.java:open(61)) - open log_inprogress_0 at position 0
2025-04-05 17:05:36,311 [s1@group-8F97580789F2-SegmentedRaftLogWorker] INFO  segmented.SegmentedRaftLogWorker (SegmentedRaftLogWorker.java:execute(669)) - s1@group-8F97580789F2-SegmentedRaftLogWorker: created new log segment /home/runner/work/ratis/ratis/ratis-test/target/test/data/7d2f1e3c/MiniRaftClusterWithGrpc65d740a0/s1/278962cf-de14-401e-b053-8f97580789f2/current/log_inprogress_0
2025-04-05 17:05:36,312 [s2@group-8F97580789F2-SegmentedRaftLogWorker] INFO  segmented.BufferedWriteChannel (BufferedWriteChannel.java:open(61)) - open log_inprogress_0 at position 0
2025-04-05 17:05:36,322 [s0@group-8F97580789F2-SegmentedRaftLogWorker] INFO  segmented.SegmentedRaftLogWorker (SegmentedRaftLogWorker.java:execute(669)) - s0@group-8F97580789F2-SegmentedRaftLogWorker: created new log segment /home/runner/work/ratis/ratis/ratis-test/target/test/data/7d2f1e3c/MiniRaftClusterWithGrpc65d740a0/s0/278962cf-de14-401e-b053-8f97580789f2/current/log_inprogress_0
2025-04-05 17:05:36,323 [s2@group-8F97580789F2-SegmentedRaftLogWorker] INFO  segmented.SegmentedRaftLogWorker (SegmentedRaftLogWorker.java:execute(669)) - s2@group-8F97580789F2-SegmentedRaftLogWorker: created new log segment /home/runner/work/ratis/ratis/ratis-test/target/test/data/7d2f1e3c/MiniRaftClusterWithGrpc65d740a0/s2/278962cf-de14-401e-b053-8f97580789f2/current/log_inprogress_0
2025-04-05 17:05:36,324 [s1@group-8F97580789F2-StateMachineUpdater] TRACE util.FileUtils (LogUtils.java:supplyAndLog(69)) - Successfully supplied FileChannel.open /home/runner/work/ratis/ratis/ratis-test/target/test/data/7d2f1e3c/MiniRaftClusterWithGrpc65d740a0/s1/278962cf-de14-401e-b053-8f97580789f2/current/raft-meta.conf.tmp with options [CREATE, TRUNCATE_EXISTING, WRITE]: sun.nio.ch.FileChannelImpl@2282260c
2025-04-05 17:05:36,325 [s1@group-8F97580789F2-StateMachineUpdater] TRACE util.FileUtils (LogUtils.java:runAndLog(49)) - Successfully ran Atomic Files.move /home/runner/work/ratis/ratis/ratis-test/target/test/data/7d2f1e3c/MiniRaftClusterWithGrpc65d740a0/s1/278962cf-de14-401e-b053-8f97580789f2/current/raft-meta.conf.tmp to /home/runner/work/ratis/ratis/ratis-test/target/test/data/7d2f1e3c/MiniRaftClusterWithGrpc65d740a0/s1/278962cf-de14-401e-b053-8f97580789f2/current/raft-meta.conf with options [REPLACE_EXISTING]
2025-04-05 17:05:36,326 [s1@group-8F97580789F2-StateMachineUpdater] INFO  server.RaftServer$Division (LeaderStateImpl.java:checkStartIndex(314)) - Leader s1@group-8F97580789F2-LeaderStateImpl is ready since appliedIndex == startIndex == 0
2025-04-05 17:05:36,401 [s0@group-8F97580789F2-StateMachineUpdater] TRACE util.FileUtils (LogUtils.java:supplyAndLog(69)) - Successfully supplied FileChannel.open /home/runner/work/ratis/ratis/ratis-test/target/test/data/7d2f1e3c/MiniRaftClusterWithGrpc65d740a0/s0/278962cf-de14-401e-b053-8f97580789f2/current/raft-meta.conf.tmp with options [CREATE, TRUNCATE_EXISTING, WRITE]: sun.nio.ch.FileChannelImpl@9de8dca
2025-04-05 17:05:36,402 [s2@group-8F97580789F2-StateMachineUpdater] TRACE util.FileUtils (LogUtils.java:supplyAndLog(69)) - Successfully supplied FileChannel.open /home/runner/work/ratis/ratis/ratis-test/target/test/data/7d2f1e3c/MiniRaftClusterWithGrpc65d740a0/s2/278962cf-de14-401e-b053-8f97580789f2/current/raft-meta.conf.tmp with options [CREATE, TRUNCATE_EXISTING, WRITE]: sun.nio.ch.FileChannelImpl@ac21d35
2025-04-05 17:05:36,403 [s2@group-8F97580789F2-StateMachineUpdater] TRACE util.FileUtils (LogUtils.java:runAndLog(49)) - Successfully ran Atomic Files.move /home/runner/work/ratis/ratis/ratis-test/target/test/data/7d2f1e3c/MiniRaftClusterWithGrpc65d740a0/s2/278962cf-de14-401e-b053-8f97580789f2/current/raft-meta.conf.tmp to /home/runner/work/ratis/ratis/ratis-test/target/test/data/7d2f1e3c/MiniRaftClusterWithGrpc65d740a0/s2/278962cf-de14-401e-b053-8f97580789f2/current/raft-meta.conf with options [REPLACE_EXISTING]
2025-04-05 17:05:36,404 [s0@group-8F97580789F2-StateMachineUpdater] TRACE util.FileUtils (LogUtils.java:runAndLog(49)) - Successfully ran Atomic Files.move /home/runner/work/ratis/ratis/ratis-test/target/test/data/7d2f1e3c/MiniRaftClusterWithGrpc65d740a0/s0/278962cf-de14-401e-b053-8f97580789f2/current/raft-meta.conf.tmp to /home/runner/work/ratis/ratis/ratis-test/target/test/data/7d2f1e3c/MiniRaftClusterWithGrpc65d740a0/s0/278962cf-de14-401e-b053-8f97580789f2/current/raft-meta.conf with options [REPLACE_EXISTING]
2025-04-05 17:05:36,585 [main] INFO  ratis.RaftTestUtil (RaftTestUtil.java:waitForLeader(132)) - printing ALL groups
  s0:  RUNNING  FOLLOWER s0@group-8F97580789F2:t1, leader=s1, voted=s1, raftlog=Memoized:s0@group-8F97580789F2-SegmentedRaftLog:OPENED:c0:last(t:1, i:0), conf=conf: {index: 0, cur=peers:[s0|localhost:15012, s1|localhost:15016, s2|localhost:15020]|listeners:[], old=null} RUNNING
  s1:  RUNNING    LEADER s1@group-8F97580789F2:t1, leader=s1, voted=s1, raftlog=Memoized:s1@group-8F97580789F2-SegmentedRaftLog:OPENED:c0:last(t:1, i:0), conf=conf: {index: 0, cur=peers:[s0|localhost:15012, s1|localhost:15016, s2|localhost:15020]|listeners:[], old=null} RUNNING
  s2:  RUNNING  FOLLOWER s2@group-8F97580789F2:t1, leader=s1, voted=s1, raftlog=Memoized:s2@group-8F97580789F2-SegmentedRaftLog:OPENED:c0:last(t:1, i:0), conf=conf: {index: 0, cur=peers:[s0|localhost:15012, s1|localhost:15016, s2|localhost:15020]|listeners:[], old=null} RUNNING
2025-04-05 17:05:36,593 [s1@group-8F97580789F2-StateMachineUpdater] INFO  impl.SimpleStateMachine4Testing (SimpleStateMachine4Testing.java:applyTransaction(250)) - applyTransaction for log index 1
2025-04-05 17:05:36,594 [s1@group-8F97580789F2-StateMachineUpdater] INFO  impl.SimpleStateMachine4Testing (SimpleStateMachine4Testing.java:put(206)) - s1: put 1, m0 -> (t:1, i:1), STATEMACHINELOGENTRY, WRITE: logData.size=2, stateMachineData.size=17, logEntryProtoSerializedSize=0
2025-04-05 17:05:36,596 [s2@group-8F97580789F2-StateMachineUpdater] INFO  impl.SimpleStateMachine4Testing (SimpleStateMachine4Testing.java:applyTransaction(250)) - applyTransaction for log index 1
2025-04-05 17:05:36,597 [s2@group-8F97580789F2-StateMachineUpdater] INFO  impl.SimpleStateMachine4Testing (SimpleStateMachine4Testing.java:put(206)) - s2: put 1, m0 -> (t:1, i:1), STATEMACHINELOGENTRY, WRITE: logData.size=2, stateMachineData.size=17, logEntryProtoSerializedSize=0
2025-04-05 17:05:36,596 [s0@group-8F97580789F2-StateMachineUpdater] INFO  impl.SimpleStateMachine4Testing (SimpleStateMachine4Testing.java:applyTransaction(250)) - applyTransaction for log index 1
2025-04-05 17:05:36,597 [s0@group-8F97580789F2-StateMachineUpdater] INFO  impl.SimpleStateMachine4Testing (SimpleStateMachine4Testing.java:put(206)) - s0: put 1, m0 -> (t:1, i:1), STATEMACHINELOGENTRY, WRITE: logData.size=2, stateMachineData.size=17, logEntryProtoSerializedSize=0
2025-04-05 17:05:36,600 [s1@group-8F97580789F2-StateMachineUpdater] INFO  impl.SimpleStateMachine4Testing (SimpleStateMachine4Testing.java:applyTransaction(250)) - applyTransaction for log index 3
2025-04-05 17:05:36,600 [s1@group-8F97580789F2-StateMachineUpdater] INFO  impl.SimpleStateMachine4Testing (SimpleStateMachine4Testing.java:put(206)) - s1: put 3, m1 -> (t:1, i:3), STATEMACHINELOGENTRY, WRITE: logData.size=2, stateMachineData.size=17, logEntryProtoSerializedSize=0
2025-04-05 17:05:36,602 [s2@group-8F97580789F2-StateMachineUpdater] INFO  impl.SimpleStateMachine4Testing (SimpleStateMachine4Testing.java:applyTransaction(250)) - applyTransaction for log index 3
2025-04-05 17:05:36,602 [s2@group-8F97580789F2-StateMachineUpdater] INFO  impl.SimpleStateMachine4Testing (SimpleStateMachine4Testing.java:put(206)) - s2: put 3, m1 -> (t:1, i:3), STATEMACHINELOGENTRY, WRITE: logData.size=2, stateMachineData.size=17, logEntryProtoSerializedSize=0
2025-04-05 17:05:36,602 [s0@group-8F97580789F2-StateMachineUpdater] INFO  impl.SimpleStateMachine4Testing (SimpleStateMachine4Testing.java:applyTransaction(250)) - applyTransaction for log index 3
2025-04-05 17:05:36,602 [s0@group-8F97580789F2-StateMachineUpdater] INFO  impl.SimpleStateMachine4Testing (SimpleStateMachine4Testing.java:put(206)) - s0: put 3, m1 -> (t:1, i:3), STATEMACHINELOGENTRY, WRITE: logData.size=2, stateMachineData.size=17, logEntryProtoSerializedSize=0
2025-04-05 17:05:36,606 [s1@group-8F97580789F2-StateMachineUpdater] INFO  impl.SimpleStateMachine4Testing (SimpleStateMachine4Testing.java:applyTransaction(250)) - applyTransaction for log index 5
2025-04-05 17:05:36,606 [s1@group-8F97580789F2-StateMachineUpdater] INFO  impl.SimpleStateMachine4Testing (SimpleStateMachine4Testing.java:put(206)) - s1: put 5, m2 -> (t:1, i:5), STATEMACHINELOGENTRY, WRITE: logData.size=2, stateMachineData.size=17, logEntryProtoSerializedSize=0
2025-04-05 17:05:36,608 [s2@group-8F97580789F2-StateMachineUpdater] INFO  impl.SimpleStateMachine4Testing (SimpleStateMachine4Testing.java:applyTransaction(250)) - applyTransaction for log index 5
2025-04-05 17:05:36,608 [s2@group-8F97580789F2-StateMachineUpdater] INFO  impl.SimpleStateMachine4Testing (SimpleStateMachine4Testing.java:put(206)) - s2: put 5, m2 -> (t:1, i:5), STATEMACHINELOGENTRY, WRITE: logData.size=2, stateMachineData.size=17, logEntryProtoSerializedSize=0
2025-04-05 17:05:36,610 [s0@group-8F97580789F2-StateMachineUpdater] INFO  impl.SimpleStateMachine4Testing (SimpleStateMachine4Testing.java:applyTransaction(250)) - applyTransaction for log index 5
2025-04-05 17:05:36,610 [s0@group-8F97580789F2-StateMachineUpdater] INFO  impl.SimpleStateMachine4Testing (SimpleStateMachine4Testing.java:put(206)) - s0: put 5, m2 -> (t:1, i:5), STATEMACHINELOGENTRY, WRITE: logData.size=2, stateMachineData.size=17, logEntryProtoSerializedSize=0
2025-04-05 17:05:36,613 [s1@group-8F97580789F2-StateMachineUpdater] INFO  impl.SimpleStateMachine4Testing (SimpleStateMachine4Testing.java:applyTransaction(250)) - applyTransaction for log index 7
2025-04-05 17:05:36,613 [s1@group-8F97580789F2-StateMachineUpdater] INFO  impl.SimpleStateMachine4Testing (SimpleStateMachine4Testing.java:put(206)) - s1: put 7, m3 -> (t:1, i:7), STATEMACHINELOGENTRY, WRITE: logData.size=2, stateMachineData.size=17, logEntryProtoSerializedSize=0
2025-04-05 17:05:36,615 [s2@group-8F97580789F2-StateMachineUpdater] INFO  impl.SimpleStateMachine4Testing (SimpleStateMachine4Testing.java:applyTransaction(250)) - applyTransaction for log index 7
2025-04-05 17:05:36,615 [s2@group-8F97580789F2-StateMachineUpdater] INFO  impl.SimpleStateMachine4Testing (SimpleStateMachine4Testing.java:put(206)) - s2: put 7, m3 -> (t:1, i:7), STATEMACHINELOGENTRY, WRITE: logData.size=2, stateMachineData.size=17, logEntryProtoSerializedSize=0
2025-04-05 17:05:36,615 [s0@group-8F97580789F2-StateMachineUpdater] INFO  impl.SimpleStateMachine4Testing (SimpleStateMachine4Testing.java:applyTransaction(250)) - applyTransaction for log index 7
2025-04-05 17:05:36,615 [s0@group-8F97580789F2-StateMachineUpdater] INFO  impl.SimpleStateMachine4Testing (SimpleStateMachine4Testing.java:put(206)) - s0: put 7, m3 -> (t:1, i:7), STATEMACHINELOGENTRY, WRITE: logData.size=2, stateMachineData.size=17, logEntryProtoSerializedSize=0
2025-04-05 17:05:36,620 [s1@group-8F97580789F2-StateMachineUpdater] INFO  impl.SimpleStateMachine4Testing (SimpleStateMachine4Testing.java:applyTransaction(250)) - applyTransaction for log index 9
2025-04-05 17:05:36,621 [s1@group-8F97580789F2-StateMachineUpdater] INFO  impl.SimpleStateMachine4Testing (SimpleStateMachine4Testing.java:put(206)) - s1: put 9, m4 -> (t:1, i:9), STATEMACHINELOGENTRY, WRITE: logData.size=2, stateMachineData.size=17, logEntryProtoSerializedSize=0
2025-04-05 17:05:36,623 [s0@group-8F97580789F2-StateMachineUpdater] INFO  impl.SimpleStateMachine4Testing (SimpleStateMachine4Testing.java:applyTransaction(250)) - applyTransaction for log index 9
2025-04-05 17:05:36,623 [s0@group-8F97580789F2-StateMachineUpdater] INFO  impl.SimpleStateMachine4Testing (SimpleStateMachine4Testing.java:put(206)) - s0: put 9, m4 -> (t:1, i:9), STATEMACHINELOGENTRY, WRITE: logData.size=2, stateMachineData.size=17, logEntryProtoSerializedSize=0
2025-04-05 17:05:36,623 [s2@group-8F97580789F2-StateMachineUpdater] INFO  impl.SimpleStateMachine4Testing (SimpleStateMachine4Testing.java:applyTransaction(250)) - applyTransaction for log index 9
2025-04-05 17:05:36,623 [s2@group-8F97580789F2-StateMachineUpdater] INFO  impl.SimpleStateMachine4Testing (SimpleStateMachine4Testing.java:put(206)) - s2: put 9, m4 -> (t:1, i:9), STATEMACHINELOGENTRY, WRITE: logData.size=2, stateMachineData.size=17, logEntryProtoSerializedSize=0
2025-04-05 17:05:36,627 [s1@group-8F97580789F2-StateMachineUpdater] INFO  impl.SimpleStateMachine4Testing (SimpleStateMachine4Testing.java:applyTransaction(250)) - applyTransaction for log index 11
2025-04-05 17:05:36,627 [s1@group-8F97580789F2-StateMachineUpdater] INFO  impl.SimpleStateMachine4Testing (SimpleStateMachine4Testing.java:put(206)) - s1: put 11, m5 -> (t:1, i:11), STATEMACHINELOGENTRY, WRITE: logData.size=2, stateMachineData.size=17, logEntryProtoSerializedSize=0
2025-04-05 17:05:36,629 [s2@group-8F97580789F2-StateMachineUpdater] INFO  impl.SimpleStateMachine4Testing (SimpleStateMachine4Testing.java:applyTransaction(250)) - applyTransaction for log index 11
2025-04-05 17:05:36,629 [s2@group-8F97580789F2-StateMachineUpdater] INFO  impl.SimpleStateMachine4Testing (SimpleStateMachine4Testing.java:put(206)) - s2: put 11, m5 -> (t:1, i:11), STATEMACHINELOGENTRY, WRITE: logData.size=2, stateMachineData.size=17, logEntryProtoSerializedSize=0
2025-04-05 17:05:36,629 [s0@group-8F97580789F2-StateMachineUpdater] INFO  impl.SimpleStateMachine4Testing (SimpleStateMachine4Testing.java:applyTransaction(250)) - applyTransaction for log index 11
2025-04-05 17:05:36,629 [s0@group-8F97580789F2-StateMachineUpdater] INFO  impl.SimpleStateMachine4Testing (SimpleStateMachine4Testing.java:put(206)) - s0: put 11, m5 -> (t:1, i:11), STATEMACHINELOGENTRY, WRITE: logData.size=2, stateMachineData.size=17, logEntryProtoSerializedSize=0
2025-04-05 17:05:36,634 [s1@group-8F97580789F2-StateMachineUpdater] INFO  impl.SimpleStateMachine4Testing (SimpleStateMachine4Testing.java:applyTransaction(250)) - applyTransaction for log index 13
2025-04-05 17:05:36,635 [s1@group-8F97580789F2-StateMachineUpdater] INFO  impl.SimpleStateMachine4Testing (SimpleStateMachine4Testing.java:put(206)) - s1: put 13, m6 -> (t:1, i:13), STATEMACHINELOGENTRY, WRITE: logData.size=2, stateMachineData.size=17, logEntryProtoSerializedSize=0
2025-04-05 17:05:36,636 [s2@group-8F97580789F2-StateMachineUpdater] INFO  impl.SimpleStateMachine4Testing (SimpleStateMachine4Testing.java:applyTransaction(250)) - applyTransaction for log index 13
2025-04-05 17:05:36,636 [s2@group-8F97580789F2-StateMachineUpdater] INFO  impl.SimpleStateMachine4Testing (SimpleStateMachine4Testing.java:put(206)) - s2: put 13, m6 -> (t:1, i:13), STATEMACHINELOGENTRY, WRITE: logData.size=2, stateMachineData.size=17, logEntryProtoSerializedSize=0
2025-04-05 17:05:36,636 [s0@group-8F97580789F2-StateMachineUpdater] INFO  impl.SimpleStateMachine4Testing (SimpleStateMachine4Testing.java:applyTransaction(250)) - applyTransaction for log index 13
2025-04-05 17:05:36,636 [s0@group-8F97580789F2-StateMachineUpdater] INFO  impl.SimpleStateMachine4Testing (SimpleStateMachine4Testing.java:put(206)) - s0: put 13, m6 -> (t:1, i:13), STATEMACHINELOGENTRY, WRITE: logData.size=2, stateMachineData.size=17, logEntryProtoSerializedSize=0
2025-04-05 17:05:36,641 [s1@group-8F97580789F2-StateMachineUpdater] INFO  impl.SimpleStateMachine4Testing (SimpleStateMachine4Testing.java:applyTransaction(250)) - applyTransaction for log index 15
2025-04-05 17:05:36,641 [s1@group-8F97580789F2-StateMachineUpdater] INFO  impl.SimpleStateMachine4Testing (SimpleStateMachine4Testing.java:put(206)) - s1: put 15, m7 -> (t:1, i:15), STATEMACHINELOGENTRY, WRITE: logData.size=2, stateMachineData.size=17, logEntryProtoSerializedSize=0
2025-04-05 17:05:36,642 [s2@group-8F97580789F2-StateMachineUpdater] INFO  impl.SimpleStateMachine4Testing (SimpleStateMachine4Testing.java:applyTransaction(250)) - applyTransaction for log index 15
2025-04-05 17:05:36,642 [s2@group-8F97580789F2-StateMachineUpdater] INFO  impl.SimpleStateMachine4Testing (SimpleStateMachine4Testing.java:put(206)) - s2: put 15, m7 -> (t:1, i:15), STATEMACHINELOGENTRY, WRITE: logData.size=2, stateMachineData.size=17, logEntryProtoSerializedSize=0
2025-04-05 17:05:36,643 [s0@group-8F97580789F2-StateMachineUpdater] INFO  impl.SimpleStateMachine4Testing (SimpleStateMachine4Testing.java:applyTransaction(250)) - applyTransaction for log index 15
2025-04-05 17:05:36,643 [s0@group-8F97580789F2-StateMachineUpdater] INFO  impl.SimpleStateMachine4Testing (SimpleStateMachine4Testing.java:put(206)) - s0: put 15, m7 -> (t:1, i:15), STATEMACHINELOGENTRY, WRITE: logData.size=2, stateMachineData.size=17, logEntryProtoSerializedSize=0
2025-04-05 17:05:36,647 [s1@group-8F97580789F2-StateMachineUpdater] INFO  impl.SimpleStateMachine4Testing (SimpleStateMachine4Testing.java:applyTransaction(250)) - applyTransaction for log index 17
2025-04-05 17:05:36,647 [s1@group-8F97580789F2-StateMachineUpdater] INFO  impl.SimpleStateMachine4Testing (SimpleStateMachine4Testing.java:put(206)) - s1: put 17, m8 -> (t:1, i:17), STATEMACHINELOGENTRY, WRITE: logData.size=2, stateMachineData.size=17, logEntryProtoSerializedSize=0
2025-04-05 17:05:36,649 [s2@group-8F97580789F2-StateMachineUpdater] INFO  impl.SimpleStateMachine4Testing (SimpleStateMachine4Testing.java:applyTransaction(250)) - applyTransaction for log index 17
2025-04-05 17:05:36,649 [s2@group-8F97580789F2-StateMachineUpdater] INFO  impl.SimpleStateMachine4Testing (SimpleStateMachine4Testing.java:put(206)) - s2: put 17, m8 -> (t:1, i:17), STATEMACHINELOGENTRY, WRITE: logData.size=2, stateMachineData.size=17, logEntryProtoSerializedSize=0
2025-04-05 17:05:36,650 [s0@group-8F97580789F2-StateMachineUpdater] INFO  impl.SimpleStateMachine4Testing (SimpleStateMachine4Testing.java:applyTransaction(250)) - applyTransaction for log index 17
2025-04-05 17:05:36,651 [s0@group-8F97580789F2-StateMachineUpdater] INFO  impl.SimpleStateMachine4Testing (SimpleStateMachine4Testing.java:put(206)) - s0: put 17, m8 -> (t:1, i:17), STATEMACHINELOGENTRY, WRITE: logData.size=2, stateMachineData.size=17, logEntryProtoSerializedSize=0
2025-04-05 17:05:36,656 [s1@group-8F97580789F2-StateMachineUpdater] INFO  impl.SimpleStateMachine4Testing (SimpleStateMachine4Testing.java:applyTransaction(250)) - applyTransaction for log index 19
2025-04-05 17:05:36,656 [s1@group-8F97580789F2-StateMachineUpdater] INFO  impl.SimpleStateMachine4Testing (SimpleStateMachine4Testing.java:put(206)) - s1: put 19, m9 -> (t:1, i:19), STATEMACHINELOGENTRY, WRITE: logData.size=2, stateMachineData.size=17, logEntryProtoSerializedSize=0
2025-04-05 17:05:36,657 [s0@group-8F97580789F2-StateMachineUpdater] INFO  impl.SimpleStateMachine4Testing (SimpleStateMachine4Testing.java:applyTransaction(250)) - applyTransaction for log index 19
2025-04-05 17:05:36,657 [s0@group-8F97580789F2-StateMachineUpdater] INFO  impl.SimpleStateMachine4Testing (SimpleStateMachine4Testing.java:put(206)) - s0: put 19, m9 -> (t:1, i:19), STATEMACHINELOGENTRY, WRITE: logData.size=2, stateMachineData.size=17, logEntryProtoSerializedSize=0
2025-04-05 17:05:36,658 [s2@group-8F97580789F2-StateMachineUpdater] INFO  impl.SimpleStateMachine4Testing (SimpleStateMachine4Testing.java:applyTransaction(250)) - applyTransaction for log index 19
2025-04-05 17:05:36,658 [s2@group-8F97580789F2-StateMachineUpdater] INFO  impl.SimpleStateMachine4Testing (SimpleStateMachine4Testing.java:put(206)) - s2: put 19, m9 -> (t:1, i:19), STATEMACHINELOGENTRY, WRITE: logData.size=2, stateMachineData.size=17, logEntryProtoSerializedSize=0
2025-04-05 17:05:36,661 [s1@group-8F97580789F2-StateMachineUpdater] INFO  impl.SimpleStateMachine4Testing (SimpleStateMachine4Testing.java:applyTransaction(250)) - applyTransaction for log index 21
2025-04-05 17:05:36,661 [s1@group-8F97580789F2-StateMachineUpdater] INFO  impl.SimpleStateMachine4Testing (SimpleStateMachine4Testing.java:put(206)) - s1: put 21, m10 -> (t:1, i:21), STATEMACHINELOGENTRY, WRITE: logData.size=3, stateMachineData.size=17, logEntryProtoSerializedSize=0
2025-04-05 17:05:36,664 [s0@group-8F97580789F2-StateMachineUpdater] INFO  impl.SimpleStateMachine4Testing (SimpleStateMachine4Testing.java:applyTransaction(250)) - applyTransaction for log index 21
2025-04-05 17:05:36,664 [s0@group-8F97580789F2-StateMachineUpdater] INFO  impl.SimpleStateMachine4Testing (SimpleStateMachine4Testing.java:put(206)) - s0: put 21, m10 -> (t:1, i:21), STATEMACHINELOGENTRY, WRITE: logData.size=3, stateMachineData.size=17, logEntryProtoSerializedSize=0
2025-04-05 17:05:36,665 [s2@group-8F97580789F2-StateMachineUpdater] INFO  impl.SimpleStateMachine4Testing (SimpleStateMachine4Testing.java:applyTransaction(250)) - applyTransaction for log index 21
2025-04-05 17:05:36,665 [s2@group-8F97580789F2-StateMachineUpdater] INFO  impl.SimpleStateMachine4Testing (SimpleStateMachine4Testing.java:put(206)) - s2: put 21, m10 -> (t:1, i:21), STATEMACHINELOGENTRY, WRITE: logData.size=3, stateMachineData.size=17, logEntryProtoSerializedSize=0
2025-04-05 17:05:36,669 [s1@group-8F97580789F2-StateMachineUpdater] INFO  impl.SimpleStateMachine4Testing (SimpleStateMachine4Testing.java:applyTransaction(250)) - applyTransaction for log index 23
2025-04-05 17:05:36,669 [s1@group-8F97580789F2-StateMachineUpdater] INFO  impl.SimpleStateMachine4Testing (SimpleStateMachine4Testing.java:put(206)) - s1: put 23, m11 -> (t:1, i:23), STATEMACHINELOGENTRY, WRITE: logData.size=3, stateMachineData.size=17, logEntryProtoSerializedSize=0
2025-04-05 17:05:36,672 [s2@group-8F97580789F2-StateMachineUpdater] INFO  impl.SimpleStateMachine4Testing (SimpleStateMachine4Testing.java:applyTransaction(250)) - applyTransaction for log index 23
2025-04-05 17:05:36,672 [s2@group-8F97580789F2-StateMachineUpdater] INFO  impl.SimpleStateMachine4Testing (SimpleStateMachine4Testing.java:put(206)) - s2: put 23, m11 -> (t:1, i:23), STATEMACHINELOGENTRY, WRITE: logData.size=3, stateMachineData.size=17, logEntryProtoSerializedSize=0
2025-04-05 17:05:36,673 [s0@group-8F97580789F2-StateMachineUpdater] INFO  impl.SimpleStateMachine4Testing (SimpleStateMachine4Testing.java:applyTransaction(250)) - applyTransaction for log index 23
2025-04-05 17:05:36,673 [s0@group-8F97580789F2-StateMachineUpdater] INFO  impl.SimpleStateMachine4Testing (SimpleStateMachine4Testing.java:put(206)) - s0: put 23, m11 -> (t:1, i:23), STATEMACHINELOGENTRY, WRITE: logData.size=3, stateMachineData.size=17, logEntryProtoSerializedSize=0
2025-04-05 17:05:36,675 [s1@group-8F97580789F2-StateMachineUpdater] INFO  impl.SimpleStateMachine4Testing (SimpleStateMachine4Testing.java:applyTransaction(250)) - applyTransaction for log index 25
2025-04-05 17:05:36,676 [s1@group-8F97580789F2-StateMachineUpdater] INFO  impl.SimpleStateMachine4Testing (SimpleStateMachine4Testing.java:put(206)) - s1: put 25, m12 -> (t:1, i:25), STATEMACHINELOGENTRY, WRITE: logData.size=3, stateMachineData.size=17, logEntryProtoSerializedSize=0
2025-04-05 17:05:36,679 [s2@group-8F97580789F2-StateMachineUpdater] INFO  impl.SimpleStateMachine4Testing (SimpleStateMachine4Testing.java:applyTransaction(250)) - applyTransaction for log index 25
2025-04-05 17:05:36,679 [s2@group-8F97580789F2-StateMachineUpdater] INFO  impl.SimpleStateMachine4Testing (SimpleStateMachine4Testing.java:put(206)) - s2: put 25, m12 -> (t:1, i:25), STATEMACHINELOGENTRY, WRITE: logData.size=3, stateMachineData.size=17, logEntryProtoSerializedSize=0
2025-04-05 17:05:36,680 [s0@group-8F97580789F2-StateMachineUpdater] INFO  impl.SimpleStateMachine4Testing (SimpleStateMachine4Testing.java:applyTransaction(250)) - applyTransaction for log index 25
2025-04-05 17:05:36,681 [s0@group-8F97580789F2-StateMachineUpdater] INFO  impl.SimpleStateMachine4Testing (SimpleStateMachine4Testing.java:put(206)) - s0: put 25, m12 -> (t:1, i:25), STATEMACHINELOGENTRY, WRITE: logData.size=3, stateMachineData.size=17, logEntryProtoSerializedSize=0
2025-04-05 17:05:36,685 [s1@group-8F97580789F2-StateMachineUpdater] INFO  impl.SimpleStateMachine4Testing (SimpleStateMachine4Testing.java:applyTransaction(250)) - applyTransaction for log index 27
2025-04-05 17:05:36,685 [s1@group-8F97580789F2-StateMachineUpdater] INFO  impl.SimpleStateMachine4Testing (SimpleStateMachine4Testing.java:put(206)) - s1: put 27, m13 -> (t:1, i:27), STATEMACHINELOGENTRY, WRITE: logData.size=3, stateMachineData.size=17, logEntryProtoSerializedSize=0
2025-04-05 17:05:36,687 [s0@group-8F97580789F2-StateMachineUpdater] INFO  impl.SimpleStateMachine4Testing (SimpleStateMachine4Testing.java:applyTransaction(250)) - applyTransaction for log index 27
2025-04-05 17:05:36,687 [s0@group-8F97580789F2-StateMachineUpdater] INFO  impl.SimpleStateMachine4Testing (SimpleStateMachine4Testing.java:put(206)) - s0: put 27, m13 -> (t:1, i:27), STATEMACHINELOGENTRY, WRITE: logData.size=3, stateMachineData.size=17, logEntryProtoSerializedSize=0
2025-04-05 17:05:36,687 [s2@group-8F97580789F2-StateMachineUpdater] INFO  impl.SimpleStateMachine4Testing (SimpleStateMachine4Testing.java:applyTransaction(250)) - applyTransaction for log index 27
2025-04-05 17:05:36,688 [s2@group-8F97580789F2-StateMachineUpdater] INFO  impl.SimpleStateMachine4Testing (SimpleStateMachine4Testing.java:put(206)) - s2: put 27, m13 -> (t:1, i:27), STATEMACHINELOGENTRY, WRITE: logData.size=3, stateMachineData.size=17, logEntryProtoSerializedSize=0
2025-04-05 17:05:36,692 [s1@group-8F97580789F2-StateMachineUpdater] INFO  impl.SimpleStateMachine4Testing (SimpleStateMachine4Testing.java:applyTransaction(250)) - applyTransaction for log index 29
2025-04-05 17:05:36,692 [s1@group-8F97580789F2-StateMachineUpdater] INFO  impl.SimpleStateMachine4Testing (SimpleStateMachine4Testing.java:put(206)) - s1: put 29, m14 -> (t:1, i:29), STATEMACHINELOGENTRY, WRITE: logData.size=3, stateMachineData.size=17, logEntryProtoSerializedSize=0
2025-04-05 17:05:36,694 [s2@group-8F97580789F2-StateMachineUpdater] INFO  impl.SimpleStateMachine4Testing (SimpleStateMachine4Testing.java:applyTransaction(250)) - applyTransaction for log index 29
2025-04-05 17:05:36,694 [s2@group-8F97580789F2-StateMachineUpdater] INFO  impl.SimpleStateMachine4Testing (SimpleStateMachine4Testing.java:put(206)) - s2: put 29, m14 -> (t:1, i:29), STATEMACHINELOGENTRY, WRITE: logData.size=3, stateMachineData.size=17, logEntryProtoSerializedSize=0
2025-04-05 17:05:36,697 [s0@group-8F97580789F2-StateMachineUpdater] INFO  impl.SimpleStateMachine4Testing (SimpleStateMachine4Testing.java:applyTransaction(250)) - applyTransaction for log index 29
2025-04-05 17:05:36,697 [s0@group-8F97580789F2-StateMachineUpdater] INFO  impl.SimpleStateMachine4Testing (SimpleStateMachine4Testing.java:put(206)) - s0: put 29, m14 -> (t:1, i:29), STATEMACHINELOGENTRY, WRITE: logData.size=3, stateMachineData.size=17, logEntryProtoSerializedSize=0
2025-04-05 17:05:36,700 [s1@group-8F97580789F2-StateMachineUpdater] INFO  impl.SimpleStateMachine4Testing (SimpleStateMachine4Testing.java:applyTransaction(250)) - applyTransaction for log index 31
2025-04-05 17:05:36,700 [s1@group-8F97580789F2-StateMachineUpdater] INFO  impl.SimpleStateMachine4Testing (SimpleStateMachine4Testing.java:put(206)) - s1: put 31, m15 -> (t:1, i:31), STATEMACHINELOGENTRY, WRITE: logData.size=3, stateMachineData.size=17, logEntryProtoSerializedSize=0
2025-04-05 17:05:36,702 [s2@group-8F97580789F2-StateMachineUpdater] INFO  impl.SimpleStateMachine4Testing (SimpleStateMachine4Testing.java:applyTransaction(250)) - applyTransaction for log index 31
2025-04-05 17:05:36,702 [s2@group-8F97580789F2-StateMachineUpdater] INFO  impl.SimpleStateMachine4Testing (SimpleStateMachine4Testing.java:put(206)) - s2: put 31, m15 -> (t:1, i:31), STATEMACHINELOGENTRY, WRITE: logData.size=3, stateMachineData.size=17, logEntryProtoSerializedSize=0
2025-04-05 17:05:36,704 [s0@group-8F97580789F2-StateMachineUpdater] INFO  impl.SimpleStateMachine4Testing (SimpleStateMachine4Testing.java:applyTransaction(250)) - applyTransaction for log index 31
2025-04-05 17:05:36,708 [s0@group-8F97580789F2-StateMachineUpdater] INFO  impl.SimpleStateMachine4Testing (SimpleStateMachine4Testing.java:put(206)) - s0: put 31, m15 -> (t:1, i:31), STATEMACHINELOGENTRY, WRITE: logData.size=3, stateMachineData.size=17, logEntryProtoSerializedSize=0
2025-04-05 17:05:36,707 [s1@group-8F97580789F2-StateMachineUpdater] INFO  impl.SimpleStateMachine4Testing (SimpleStateMachine4Testing.java:applyTransaction(250)) - applyTransaction for log index 33
2025-04-05 17:05:36,708 [s1@group-8F97580789F2-StateMachineUpdater] INFO  impl.SimpleStateMachine4Testing (SimpleStateMachine4Testing.java:put(206)) - s1: put 33, m16 -> (t:1, i:33), STATEMACHINELOGENTRY, WRITE: logData.size=3, stateMachineData.size=17, logEntryProtoSerializedSize=0
2025-04-05 17:05:36,709 [s0@group-8F97580789F2-StateMachineUpdater] INFO  impl.SimpleStateMachine4Testing (SimpleStateMachine4Testing.java:applyTransaction(250)) - applyTransaction for log index 33
2025-04-05 17:05:36,709 [s0@group-8F97580789F2-StateMachineUpdater] INFO  impl.SimpleStateMachine4Testing (SimpleStateMachine4Testing.java:put(206)) - s0: put 33, m16 -> (t:1, i:33), STATEMACHINELOGENTRY, WRITE: logData.size=3, stateMachineData.size=17, logEntryProtoSerializedSize=0
2025-04-05 17:05:36,709 [s2@group-8F97580789F2-StateMachineUpdater] INFO  impl.SimpleStateMachine4Testing (SimpleStateMachine4Testing.java:applyTransaction(250)) - applyTransaction for log index 33
2025-04-05 17:05:36,709 [s2@group-8F97580789F2-StateMachineUpdater] INFO  impl.SimpleStateMachine4Testing (SimpleStateMachine4Testing.java:put(206)) - s2: put 33, m16 -> (t:1, i:33), STATEMACHINELOGENTRY, WRITE: logData.size=3, stateMachineData.size=17, logEntryProtoSerializedSize=0
2025-04-05 17:05:36,714 [s1@group-8F97580789F2-StateMachineUpdater] INFO  impl.SimpleStateMachine4Testing (SimpleStateMachine4Testing.java:applyTransaction(250)) - applyTransaction for log index 35
2025-04-05 17:05:36,715 [s1@group-8F97580789F2-StateMachineUpdater] INFO  impl.SimpleStateMachine4Testing (SimpleStateMachine4Testing.java:put(206)) - s1: put 35, m17 -> (t:1, i:35), STATEMACHINELOGENTRY, WRITE: logData.size=3, stateMachineData.size=17, logEntryProtoSerializedSize=0
2025-04-05 17:05:36,716 [s0@group-8F97580789F2-StateMachineUpdater] INFO  impl.SimpleStateMachine4Testing (SimpleStateMachine4Testing.java:applyTransaction(250)) - applyTransaction for log index 35
2025-04-05 17:05:36,716 [s0@group-8F97580789F2-StateMachineUpdater] INFO  impl.SimpleStateMachine4Testing (SimpleStateMachine4Testing.java:put(206)) - s0: put 35, m17 -> (t:1, i:35), STATEMACHINELOGENTRY, WRITE: logData.size=3, stateMachineData.size=17, logEntryProtoSerializedSize=0
2025-04-05 17:05:36,716 [s2@group-8F97580789F2-StateMachineUpdater] INFO  impl.SimpleStateMachine4Testing (SimpleStateMachine4Testing.java:applyTransaction(250)) - applyTransaction for log index 35
2025-04-05 17:05:36,716 [s2@group-8F97580789F2-StateMachineUpdater] INFO  impl.SimpleStateMachine4Testing (SimpleStateMachine4Testing.java:put(206)) - s2: put 35, m17 -> (t:1, i:35), STATEMACHINELOGENTRY, WRITE: logData.size=3, stateMachineData.size=17, logEntryProtoSerializedSize=0
2025-04-05 17:05:36,721 [s1@group-8F97580789F2-StateMachineUpdater] INFO  impl.SimpleStateMachine4Testing (SimpleStateMachine4Testing.java:applyTransaction(250)) - applyTransaction for log index 37
2025-04-05 17:05:36,722 [s1@group-8F97580789F2-StateMachineUpdater] INFO  impl.SimpleStateMachine4Testing (SimpleStateMachine4Testing.java:put(206)) - s1: put 37, m18 -> (t:1, i:37), STATEMACHINELOGENTRY, WRITE: logData.size=3, stateMachineData.size=17, logEntryProtoSerializedSize=0
2025-04-05 17:05:36,724 [s2@group-8F97580789F2-StateMachineUpdater] INFO  impl.SimpleStateMachine4Testing (SimpleStateMachine4Testing.java:applyTransaction(250)) - applyTransaction for log index 37
2025-04-05 17:05:36,724 [s2@group-8F97580789F2-StateMachineUpdater] INFO  impl.SimpleStateMachine4Testing (SimpleStateMachine4Testing.java:put(206)) - s2: put 37, m18 -> (t:1, i:37), STATEMACHINELOGENTRY, WRITE: logData.size=3, stateMachineData.size=17, logEntryProtoSerializedSize=0
2025-04-05 17:05:36,726 [s0@group-8F97580789F2-StateMachineUpdater] INFO  impl.SimpleStateMachine4Testing (SimpleStateMachine4Testing.java:applyTransaction(250)) - applyTransaction for log index 37
2025-04-05 17:05:36,726 [s0@group-8F97580789F2-StateMachineUpdater] INFO  impl.SimpleStateMachine4Testing (SimpleStateMachine4Testing.java:put(206)) - s0: put 37, m18 -> (t:1, i:37), STATEMACHINELOGENTRY, WRITE: logData.size=3, stateMachineData.size=17, logEntryProtoSerializedSize=0
2025-04-05 17:05:36,727 [s1@group-8F97580789F2-StateMachineUpdater] INFO  impl.SimpleStateMachine4Testing (SimpleStateMachine4Testing.java:applyTransaction(250)) - applyTransaction for log index 39
2025-04-05 17:05:36,727 [s1@group-8F97580789F2-StateMachineUpdater] INFO  impl.SimpleStateMachine4Testing (SimpleStateMachine4Testing.java:put(206)) - s1: put 39, m19 -> (t:1, i:39), STATEMACHINELOGENTRY, WRITE: logData.size=3, stateMachineData.size=17, logEntryProtoSerializedSize=0
2025-04-05 17:05:36,731 [s0@group-8F97580789F2-StateMachineUpdater] INFO  impl.SimpleStateMachine4Testing (SimpleStateMachine4Testing.java:applyTransaction(250)) - applyTransaction for log index 39
2025-04-05 17:05:36,731 [s0@group-8F97580789F2-StateMachineUpdater] INFO  impl.SimpleStateMachine4Testing (SimpleStateMachine4Testing.java:put(206)) - s0: put 39, m19 -> (t:1, i:39), STATEMACHINELOGENTRY, WRITE: logData.size=3, stateMachineData.size=17, logEntryProtoSerializedSize=0
2025-04-05 17:05:36,731 [s2@group-8F97580789F2-StateMachineUpdater] INFO  impl.SimpleStateMachine4Testing (SimpleStateMachine4Testing.java:applyTransaction(250)) - applyTransaction for log index 39
2025-04-05 17:05:36,731 [s2@group-8F97580789F2-StateMachineUpdater] INFO  impl.SimpleStateMachine4Testing (SimpleStateMachine4Testing.java:put(206)) - s2: put 39, m19 -> (t:1, i:39), STATEMACHINELOGENTRY, WRITE: logData.size=3, stateMachineData.size=17, logEntryProtoSerializedSize=0
2025-04-05 17:05:36,735 [s1@group-8F97580789F2-StateMachineUpdater] INFO  impl.SimpleStateMachine4Testing (SimpleStateMachine4Testing.java:applyTransaction(250)) - applyTransaction for log index 41
2025-04-05 17:05:36,735 [s1@group-8F97580789F2-StateMachineUpdater] INFO  impl.SimpleStateMachine4Testing (SimpleStateMachine4Testing.java:put(206)) - s1: put 41, m20 -> (t:1, i:41), STATEMACHINELOGENTRY, WRITE: logData.size=3, stateMachineData.size=17, logEntryProtoSerializedSize=0
2025-04-05 17:05:36,737 [s0@group-8F97580789F2-StateMachineUpdater] INFO  impl.SimpleStateMachine4Testing (SimpleStateMachine4Testing.java:applyTransaction(250)) - applyTransaction for log index 41
2025-04-05 17:05:36,737 [s0@group-8F97580789F2-StateMachineUpdater] INFO  impl.SimpleStateMachine4Testing (SimpleStateMachine4Testing.java:put(206)) - s0: put 41, m20 -> (t:1, i:41), STATEMACHINELOGENTRY, WRITE: logData.size=3, stateMachineData.size=17, logEntryProtoSerializedSize=0
2025-04-05 17:05:36,739 [s2@group-8F97580789F2-StateMachineUpdater] INFO  impl.SimpleStateMachine4Testing (SimpleStateMachine4Testing.java:applyTransaction(250)) - applyTransaction for log index 41
2025-04-05 17:05:36,739 [s2@group-8F97580789F2-StateMachineUpdater] INFO  impl.SimpleStateMachine4Testing (SimpleStateMachine4Testing.java:put(206)) - s2: put 41, m20 -> (t:1, i:41), STATEMACHINELOGENTRY, WRITE: logData.size=3, stateMachineData.size=17, logEntryProtoSerializedSize=0
2025-04-05 17:05:36,742 [s1@group-8F97580789F2-StateMachineUpdater] INFO  impl.SimpleStateMachine4Testing (SimpleStateMachine4Testing.java:applyTransaction(250)) - applyTransaction for log index 43
2025-04-05 17:05:36,742 [s1@group-8F97580789F2-StateMachineUpdater] INFO  impl.SimpleStateMachine4Testing (SimpleStateMachine4Testing.java:put(206)) - s1: put 43, m21 -> (t:1, i:43), STATEMACHINELOGENTRY, WRITE: logData.size=3, stateMachineData.size=17, logEntryProtoSerializedSize=0
2025-04-05 17:05:36,743 [s2@group-8F97580789F2-StateMachineUpdater] INFO  impl.SimpleStateMachine4Testing (SimpleStateMachine4Testing.java:applyTransaction(250)) - applyTransaction for log index 43
2025-04-05 17:05:36,743 [s2@group-8F97580789F2-StateMachineUpdater] INFO  impl.SimpleStateMachine4Testing (SimpleStateMachine4Testing.java:put(206)) - s2: put 43, m21 -> (t:1, i:43), STATEMACHINELOGENTRY, WRITE: logData.size=3, stateMachineData.size=17, logEntryProtoSerializedSize=0
2025-04-05 17:05:36,746 [s0@group-8F97580789F2-StateMachineUpdater] INFO  impl.SimpleStateMachine4Testing (SimpleStateMachine4Testing.java:applyTransaction(250)) - applyTransaction for log index 43
2025-04-05 17:05:36,746 [s0@group-8F97580789F2-StateMachineUpdater] INFO  impl.SimpleStateMachine4Testing (SimpleStateMachine4Testing.java:put(206)) - s0: put 43, m21 -> (t:1, i:43), STATEMACHINELOGENTRY, WRITE: logData.size=3, stateMachineData.size=17, logEntryProtoSerializedSize=0
2025-04-05 17:05:36,751 [s1@group-8F97580789F2-StateMachineUpdater] INFO  impl.SimpleStateMachine4Testing (SimpleStateMachine4Testing.java:applyTransaction(250)) - applyTransaction for log index 45
2025-04-05 17:05:36,752 [s1@group-8F97580789F2-StateMachineUpdater] INFO  impl.SimpleStateMachine4Testing (SimpleStateMachine4Testing.java:put(206)) - s1: put 45, m22 -> (t:1, i:45), STATEMACHINELOGENTRY, WRITE: logData.size=3, stateMachineData.size=17, logEntryProtoSerializedSize=0
2025-04-05 17:05:36,755 [s2@group-8F97580789F2-StateMachineUpdater] INFO  impl.SimpleStateMachine4Testing (SimpleStateMachine4Testing.java:applyTransaction(250)) - applyTransaction for log index 45
2025-04-05 17:05:36,755 [s2@group-8F97580789F2-StateMachineUpdater] INFO  impl.SimpleStateMachine4Testing (SimpleStateMachine4Testing.java:put(206)) - s2: put 45, m22 -> (t:1, i:45), STATEMACHINELOGENTRY, WRITE: logData.size=3, stateMachineData.size=17, logEntryProtoSerializedSize=0
2025-04-05 17:05:36,756 [s0@group-8F97580789F2-StateMachineUpdater] INFO  impl.SimpleStateMachine4Testing (SimpleStateMachine4Testing.java:applyTransaction(250)) - applyTransaction for log index 45
2025-04-05 17:05:36,756 [s0@group-8F97580789F2-StateMachineUpdater] INFO  impl.SimpleStateMachine4Testing (SimpleStateMachine4Testing.java:put(206)) - s0: put 45, m22 -> (t:1, i:45), STATEMACHINELOGENTRY, WRITE: logData.size=3, stateMachineData.size=17, logEntryProtoSerializedSize=0
2025-04-05 17:05:36,760 [s1@group-8F97580789F2-StateMachineUpdater] INFO  impl.SimpleStateMachine4Testing (SimpleStateMachine4Testing.java:applyTransaction(250)) - applyTransaction for log index 47
2025-04-05 17:05:36,760 [s1@group-8F97580789F2-StateMachineUpdater] INFO  impl.SimpleStateMachine4Testing (SimpleStateMachine4Testing.java:put(206)) - s1: put 47, m23 -> (t:1, i:47), STATEMACHINELOGENTRY, WRITE: logData.size=3, stateMachineData.size=17, logEntryProtoSerializedSize=0
2025-04-05 17:05:36,761 [s0@group-8F97580789F2-StateMachineUpdater] INFO  impl.SimpleStateMachine4Testing (SimpleStateMachine4Testing.java:applyTransaction(250)) - applyTransaction for log index 47
2025-04-05 17:05:36,761 [s0@group-8F97580789F2-StateMachineUpdater] INFO  impl.SimpleStateMachine4Testing (SimpleStateMachine4Testing.java:put(206)) - s0: put 47, m23 -> (t:1, i:47), STATEMACHINELOGENTRY, WRITE: logData.size=3, stateMachineData.size=17, logEntryProtoSerializedSize=0
2025-04-05 17:05:36,764 [s2@group-8F97580789F2-StateMachineUpdater] INFO  impl.SimpleStateMachine4Testing (SimpleStateMachine4Testing.java:applyTransaction(250)) - applyTransaction for log index 47
2025-04-05 17:05:36,764 [s2@group-8F97580789F2-StateMachineUpdater] INFO  impl.SimpleStateMachine4Testing (SimpleStateMachine4Testing.java:put(206)) - s2: put 47, m23 -> (t:1, i:47), STATEMACHINELOGENTRY, WRITE: logData.size=3, stateMachineData.size=17, logEntryProtoSerializedSize=0
2025-04-05 17:05:36,767 [s1@group-8F97580789F2-StateMachineUpdater] INFO  impl.SimpleStateMachine4Testing (SimpleStateMachine4Testing.java:applyTransaction(250)) - applyTransaction for log index 49
2025-04-05 17:05:36,767 [s1@group-8F97580789F2-StateMachineUpdater] INFO  impl.SimpleStateMachine4Testing (SimpleStateMachine4Testing.java:put(206)) - s1: put 49, m24 -> (t:1, i:49), STATEMACHINELOGENTRY, WRITE: logData.size=3, stateMachineData.size=17, logEntryProtoSerializedSize=0
2025-04-05 17:05:36,770 [s0@group-8F97580789F2-StateMachineUpdater] INFO  impl.SimpleStateMachine4Testing (SimpleStateMachine4Testing.java:applyTransaction(250)) - applyTransaction for log index 49
2025-04-05 17:05:36,770 [s0@group-8F97580789F2-StateMachineUpdater] INFO  impl.SimpleStateMachine4Testing (SimpleStateMachine4Testing.java:put(206)) - s0: put 49, m24 -> (t:1, i:49), STATEMACHINELOGENTRY, WRITE: logData.size=3, stateMachineData.size=17, logEntryProtoSerializedSize=0
2025-04-05 17:05:36,771 [s2@group-8F97580789F2-StateMachineUpdater] INFO  impl.SimpleStateMachine4Testing (SimpleStateMachine4Testing.java:applyTransaction(250)) - applyTransaction for log index 49
2025-04-05 17:05:36,772 [s2@group-8F97580789F2-StateMachineUpdater] INFO  impl.SimpleStateMachine4Testing (SimpleStateMachine4Testing.java:put(206)) - s2: put 49, m24 -> (t:1, i:49), STATEMACHINELOGENTRY, WRITE: logData.size=3, stateMachineData.size=17, logEntryProtoSerializedSize=0
2025-04-05 17:05:36,774 [s1@group-8F97580789F2-StateMachineUpdater] INFO  impl.SimpleStateMachine4Testing (SimpleStateMachine4Testing.java:applyTransaction(250)) - applyTransaction for log index 51
2025-04-05 17:05:36,774 [s1@group-8F97580789F2-StateMachineUpdater] INFO  impl.SimpleStateMachine4Testing (SimpleStateMachine4Testing.java:put(206)) - s1: put 51, m25 -> (t:1, i:51), STATEMACHINELOGENTRY, WRITE: logData.size=3, stateMachineData.size=17, logEntryProtoSerializedSize=0
2025-04-05 17:05:36,777 [s0@group-8F97580789F2-StateMachineUpdater] INFO  impl.SimpleStateMachine4Testing (SimpleStateMachine4Testing.java:applyTransaction(250)) - applyTransaction for log index 51
2025-04-05 17:05:36,777 [s0@group-8F97580789F2-StateMachineUpdater] INFO  impl.SimpleStateMachine4Testing (SimpleStateMachine4Testing.java:put(206)) - s0: put 51, m25 -> (t:1, i:51), STATEMACHINELOGENTRY, WRITE: logData.size=3, stateMachineData.size=17, logEntryProtoSerializedSize=0
2025-04-05 17:05:36,777 [s2@group-8F97580789F2-StateMachineUpdater] INFO  impl.SimpleStateMachine4Testing (SimpleStateMachine4Testing.java:applyTransaction(250)) - applyTransaction for log index 51
2025-04-05 17:05:36,777 [s2@group-8F97580789F2-StateMachineUpdater] INFO  impl.SimpleStateMachine4Testing (SimpleStateMachine4Testing.java:put(206)) - s2: put 51, m25 -> (t:1, i:51), STATEMACHINELOGENTRY, WRITE: logData.size=3, stateMachineData.size=17, logEntryProtoSerializedSize=0
2025-04-05 17:05:36,781 [s1@group-8F97580789F2-StateMachineUpdater] INFO  impl.SimpleStateMachine4Testing (SimpleStateMachine4Testing.java:applyTransaction(250)) - applyTransaction for log index 53
2025-04-05 17:05:36,781 [s1@group-8F97580789F2-StateMachineUpdater] INFO  impl.SimpleStateMachine4Testing (SimpleStateMachine4Testing.java:put(206)) - s1: put 53, m26 -> (t:1, i:53), STATEMACHINELOGENTRY, WRITE: logData.size=3, stateMachineData.size=17, logEntryProtoSerializedSize=0
2025-04-05 17:05:36,783 [s0@group-8F97580789F2-StateMachineUpdater] INFO  impl.SimpleStateMachine4Testing (SimpleStateMachine4Testing.java:applyTransaction(250)) - applyTransaction for log index 53
2025-04-05 17:05:36,784 [s0@group-8F97580789F2-StateMachineUpdater] INFO  impl.SimpleStateMachine4Testing (SimpleStateMachine4Testing.java:put(206)) - s0: put 53, m26 -> (t:1, i:53), STATEMACHINELOGENTRY, WRITE: logData.size=3, stateMachineData.size=17, logEntryProtoSerializedSize=0
2025-04-05 17:05:36,784 [s2@group-8F97580789F2-StateMachineUpdater] INFO  impl.SimpleStateMachine4Testing (SimpleStateMachine4Testing.java:applyTransaction(250)) - applyTransaction for log index 53
2025-04-05 17:05:36,784 [s2@group-8F97580789F2-StateMachineUpdater] INFO  impl.SimpleStateMachine4Testing (SimpleStateMachine4Testing.java:put(206)) - s2: put 53, m26 -> (t:1, i:53), STATEMACHINELOGENTRY, WRITE: logData.size=3, stateMachineData.size=17, logEntryProtoSerializedSize=0
2025-04-05 17:05:36,787 [s1@group-8F97580789F2-StateMachineUpdater] INFO  impl.SimpleStateMachine4Testing (SimpleStateMachine4Testing.java:applyTransaction(250)) - applyTransaction for log index 55
2025-04-05 17:05:36,787 [s1@group-8F97580789F2-StateMachineUpdater] INFO  impl.SimpleStateMachine4Testing (SimpleStateMachine4Testing.java:put(206)) - s1: put 55, m27 -> (t:1, i:55), STATEMACHINELOGENTRY, WRITE: logData.size=3, stateMachineData.size=17, logEntryProtoSerializedSize=0
2025-04-05 17:05:36,789 [s0@group-8F97580789F2-StateMachineUpdater] INFO  impl.SimpleStateMachine4Testing (SimpleStateMachine4Testing.java:applyTransaction(250)) - applyTransaction for log index 55
2025-04-05 17:05:36,789 [s0@group-8F97580789F2-StateMachineUpdater] INFO  impl.SimpleStateMachine4Testing (SimpleStateMachine4Testing.java:put(206)) - s0: put 55, m27 -> (t:1, i:55), STATEMACHINELOGENTRY, WRITE: logData.size=3, stateMachineData.size=17, logEntryProtoSerializedSize=0
2025-04-05 17:05:36,790 [s2@group-8F97580789F2-StateMachineUpdater] INFO  impl.SimpleStateMachine4Testing (SimpleStateMachine4Testing.java:applyTransaction(250)) - applyTransaction for log index 55
2025-04-05 17:05:36,790 [s2@group-8F97580789F2-StateMachineUpdater] INFO  impl.SimpleStateMachine4Testing (SimpleStateMachine4Testing.java:put(206)) - s2: put 55, m27 -> (t:1, i:55), STATEMACHINELOGENTRY, WRITE: logData.size=3, stateMachineData.size=17, logEntryProtoSerializedSize=0
2025-04-05 17:05:36,793 [s1@group-8F97580789F2-StateMachineUpdater] INFO  impl.SimpleStateMachine4Testing (SimpleStateMachine4Testing.java:applyTransaction(250)) - applyTransaction for log index 57
2025-04-05 17:05:36,793 [s1@group-8F97580789F2-StateMachineUpdater] INFO  impl.SimpleStateMachine4Testing (SimpleStateMachine4Testing.java:put(206)) - s1: put 57, m28 -> (t:1, i:57), STATEMACHINELOGENTRY, WRITE: logData.size=3, stateMachineData.size=17, logEntryProtoSerializedSize=0
2025-04-05 17:05:36,795 [s2@group-8F97580789F2-StateMachineUpdater] INFO  impl.SimpleStateMachine4Testing (SimpleStateMachine4Testing.java:applyTransaction(250)) - applyTransaction for log index 57
2025-04-05 17:05:36,795 [s2@group-8F97580789F2-StateMachineUpdater] INFO  impl.SimpleStateMachine4Testing (SimpleStateMachine4Testing.java:put(206)) - s2: put 57, m28 -> (t:1, i:57), STATEMACHINELOGENTRY, WRITE: logData.size=3, stateMachineData.size=17, logEntryProtoSerializedSize=0
2025-04-05 17:05:36,795 [s0@group-8F97580789F2-StateMachineUpdater] INFO  impl.SimpleStateMachine4Testing (SimpleStateMachine4Testing.java:applyTransaction(250)) - applyTransaction for log index 57
2025-04-05 17:05:36,796 [s0@group-8F97580789F2-StateMachineUpdater] INFO  impl.SimpleStateMachine4Testing (SimpleStateMachine4Testing.java:put(206)) - s0: put 57, m28 -> (t:1, i:57), STATEMACHINELOGENTRY, WRITE: logData.size=3, stateMachineData.size=17, logEntryProtoSerializedSize=0
2025-04-05 17:05:36,799 [s1@group-8F97580789F2-StateMachineUpdater] INFO  impl.SimpleStateMachine4Testing (SimpleStateMachine4Testing.java:applyTransaction(250)) - applyTransaction for log index 59
2025-04-05 17:05:36,800 [s1@group-8F97580789F2-StateMachineUpdater] INFO  impl.SimpleStateMachine4Testing (SimpleStateMachine4Testing.java:put(206)) - s1: put 59, m29 -> (t:1, i:59), STATEMACHINELOGENTRY, WRITE: logData.size=3, stateMachineData.size=17, logEntryProtoSerializedSize=0
2025-04-05 17:05:36,801 [s0@group-8F97580789F2-StateMachineUpdater] INFO  impl.SimpleStateMachine4Testing (SimpleStateMachine4Testing.java:applyTransaction(250)) - applyTransaction for log index 59
2025-04-05 17:05:36,801 [s0@group-8F97580789F2-StateMachineUpdater] INFO  impl.SimpleStateMachine4Testing (SimpleStateMachine4Testing.java:put(206)) - s0: put 59, m29 -> (t:1, i:59), STATEMACHINELOGENTRY, WRITE: logData.size=3, stateMachineData.size=17, logEntryProtoSerializedSize=0
2025-04-05 17:05:36,802 [s2@group-8F97580789F2-StateMachineUpdater] INFO  impl.SimpleStateMachine4Testing (SimpleStateMachine4Testing.java:applyTransaction(250)) - applyTransaction for log index 59
2025-04-05 17:05:36,802 [s2@group-8F97580789F2-StateMachineUpdater] INFO  impl.SimpleStateMachine4Testing (SimpleStateMachine4Testing.java:put(206)) - s2: put 59, m29 -> (t:1, i:59), STATEMACHINELOGENTRY, WRITE: logData.size=3, stateMachineData.size=17, logEntryProtoSerializedSize=0
2025-04-05 17:05:36,806 [s1@group-8F97580789F2-StateMachineUpdater] INFO  impl.SimpleStateMachine4Testing (SimpleStateMachine4Testing.java:applyTransaction(250)) - applyTransaction for log index 61
2025-04-05 17:05:36,806 [s1@group-8F97580789F2-StateMachineUpdater] INFO  impl.SimpleStateMachine4Testing (SimpleStateMachine4Testing.java:put(206)) - s1: put 61, m30 -> (t:1, i:61), STATEMACHINELOGENTRY, WRITE: logData.size=3, stateMachineData.size=17, logEntryProtoSerializedSize=0
2025-04-05 17:05:36,809 [s0@group-8F97580789F2-StateMachineUpdater] INFO  impl.SimpleStateMachine4Testing (SimpleStateMachine4Testing.java:applyTransaction(250)) - applyTransaction for log index 61
2025-04-05 17:05:36,809 [s0@group-8F97580789F2-StateMachineUpdater] INFO  impl.SimpleStateMachine4Testing (SimpleStateMachine4Testing.java:put(206)) - s0: put 61, m30 -> (t:1, i:61), STATEMACHINELOGENTRY, WRITE: logData.size=3, stateMachineData.size=17, logEntryProtoSerializedSize=0
2025-04-05 17:05:36,811 [s2@group-8F97580789F2-StateMachineUpdater] INFO  impl.SimpleStateMachine4Testing (SimpleStateMachine4Testing.java:applyTransaction(250)) - applyTransaction for log index 61
2025-04-05 17:05:36,811 [s2@group-8F97580789F2-StateMachineUpdater] INFO  impl.SimpleStateMachine4Testing (SimpleStateMachine4Testing.java:put(206)) - s2: put 61, m30 -> (t:1, i:61), STATEMACHINELOGENTRY, WRITE: logData.size=3, stateMachineData.size=17, logEntryProtoSerializedSize=0
2025-04-05 17:05:36,812 [s1@group-8F97580789F2-StateMachineUpdater] INFO  impl.SimpleStateMachine4Testing (SimpleStateMachine4Testing.java:applyTransaction(250)) - applyTransaction for log index 63
2025-04-05 17:05:36,812 [s1@group-8F97580789F2-StateMachineUpdater] INFO  impl.SimpleStateMachine4Testing (SimpleStateMachine4Testing.java:put(206)) - s1: put 63, m31 -> (t:1, i:63), STATEMACHINELOGENTRY, WRITE: logData.size=3, stateMachineData.size=17, logEntryProtoSerializedSize=0
2025-04-05 17:05:36,813 [s1@group-8F97580789F2-StateMachineUpdater] TRACE util.FileUtils (FileUtils.java:deleteFully(318)) - deleteFully /tmp/ratis-tests/statemachine/s1/snapshot/1_63
2025-04-05 17:05:36,813 [s1@group-8F97580789F2-StateMachineUpdater] TRACE util.FileUtils (FileUtils.java:deleteFully(331)) - deleteFully: /tmp/ratis-tests/statemachine/s1/snapshot/1_63 does not exist.
2025-04-05 17:05:36,813 [s1@group-8F97580789F2-StateMachineUpdater] TRACE util.FileUtils (FileUtils.java:deleteFully(318)) - deleteFully /tmp/ratis-tests/statemachine/s1/tmp/3f24782e-d7f8-4ad9-b225-205419449781
2025-04-05 17:05:36,813 [s1@group-8F97580789F2-StateMachineUpdater] TRACE util.FileUtils (FileUtils.java:deleteFully(331)) - deleteFully: /tmp/ratis-tests/statemachine/s1/tmp/3f24782e-d7f8-4ad9-b225-205419449781 does not exist.
2025-04-05 17:05:36,813 [s1@group-8F97580789F2-StateMachineUpdater] TRACE util.FileUtils (LogUtils.java:runAndLog(49)) - Successfully ran Atomic Files.move /tmp/ratis-tests/statemachine/s1/tmp/3f24782e-d7f8-4ad9-b225-205419449781 to /tmp/ratis-tests/statemachine/s1/snapshot/1_63
2025-04-05 17:05:36,813 [s1@group-8F97580789F2-StateMachineUpdater] INFO  impl.StateMachineUpdater (StateMachineUpdater.java:takeSnapshot(311)) - s1@group-8F97580789F2-StateMachineUpdater: Took a snapshot at index 63
2025-04-05 17:05:36,813 [s1@group-8F97580789F2-StateMachineUpdater] INFO  impl.StateMachineUpdater (StateMachineUpdater.java:lambda$new$0(100)) - s1@group-8F97580789F2-StateMachineUpdater: snapshotIndex: updateIncreasingly -1 -> 63
2025-04-05 17:05:36,813 [s1@group-8F97580789F2-StateMachineUpdater] INFO  raftlog.RaftLog (RaftLogBase.java:purge(339)) - s1@group-8F97580789F2-SegmentedRaftLog: purge 61
2025-04-05 17:05:36,815 [s0@group-8F97580789F2-StateMachineUpdater] INFO  impl.SimpleStateMachine4Testing (SimpleStateMachine4Testing.java:applyTransaction(250)) - applyTransaction for log index 63
2025-04-05 17:05:36,816 [s0@group-8F97580789F2-StateMachineUpdater] INFO  impl.SimpleStateMachine4Testing (SimpleStateMachine4Testing.java:put(206)) - s0: put 63, m31 -> (t:1, i:63), STATEMACHINELOGENTRY, WRITE: logData.size=3, stateMachineData.size=17, logEntryProtoSerializedSize=0
2025-04-05 17:05:36,816 [s0@group-8F97580789F2-StateMachineUpdater] TRACE util.FileUtils (FileUtils.java:deleteFully(318)) - deleteFully /tmp/ratis-tests/statemachine/s0/snapshot/1_63
2025-04-05 17:05:36,816 [s1@group-8F97580789F2-StateMachineUpdater] INFO  raftlog.RaftLog (RaftLogBase.java:lambda$new$0(57)) - s1@group-8F97580789F2-SegmentedRaftLog: snapshotIndex: updateIncreasingly -1 -> 63
2025-04-05 17:05:36,818 [s1@group-8F97580789F2-StateMachineUpdater] INFO  raftlog.RaftLog (RaftLogBase.java:lambda$new$0(57)) - s1@group-8F97580789F2-SegmentedRaftLog: purgeIndex: updateToMax old=-1, new=61, updated? true
2025-04-05 17:05:36,816 [s2@group-8F97580789F2-StateMachineUpdater] INFO  impl.SimpleStateMachine4Testing (SimpleStateMachine4Testing.java:applyTransaction(250)) - applyTransaction for log index 63
2025-04-05 17:05:36,817 [s0@group-8F97580789F2-StateMachineUpdater] TRACE util.FileUtils (FileUtils.java:deleteFully(331)) - deleteFully: /tmp/ratis-tests/statemachine/s0/snapshot/1_63 does not exist.
2025-04-05 17:05:36,820 [s0@group-8F97580789F2-StateMachineUpdater] TRACE util.FileUtils (FileUtils.java:deleteFully(318)) - deleteFully /tmp/ratis-tests/statemachine/s0/tmp/60911038-b61b-4248-91f9-e37ab9674324
2025-04-05 17:05:36,820 [s0@group-8F97580789F2-StateMachineUpdater] TRACE util.FileUtils (FileUtils.java:deleteFully(331)) - deleteFully: /tmp/ratis-tests/statemachine/s0/tmp/60911038-b61b-4248-91f9-e37ab9674324 does not exist.
2025-04-05 17:05:36,820 [s0@group-8F97580789F2-StateMachineUpdater] TRACE util.FileUtils (LogUtils.java:runAndLog(49)) - Successfully ran Atomic Files.move /tmp/ratis-tests/statemachine/s0/tmp/60911038-b61b-4248-91f9-e37ab9674324 to /tmp/ratis-tests/statemachine/s0/snapshot/1_63
2025-04-05 17:05:36,820 [s0@group-8F97580789F2-StateMachineUpdater] INFO  impl.StateMachineUpdater (StateMachineUpdater.java:takeSnapshot(311)) - s0@group-8F97580789F2-StateMachineUpdater: Took a snapshot at index 63
2025-04-05 17:05:36,820 [s0@group-8F97580789F2-StateMachineUpdater] INFO  impl.StateMachineUpdater (StateMachineUpdater.java:lambda$new$0(100)) - s0@group-8F97580789F2-StateMachineUpdater: snapshotIndex: updateIncreasingly -1 -> 63
2025-04-05 17:05:36,821 [s0@group-8F97580789F2-StateMachineUpdater] INFO  raftlog.RaftLog (RaftLogBase.java:purge(339)) - s0@group-8F97580789F2-SegmentedRaftLog: purge 63
2025-04-05 17:05:36,821 [s1@group-8F97580789F2-StateMachineUpdater] INFO  impl.SimpleStateMachine4Testing (SimpleStateMachine4Testing.java:applyTransaction(250)) - applyTransaction for log index 65
2025-04-05 17:05:36,821 [s0@group-8F97580789F2-StateMachineUpdater] INFO  raftlog.RaftLog (RaftLogBase.java:lambda$new$0(57)) - s0@group-8F97580789F2-SegmentedRaftLog: snapshotIndex: updateIncreasingly -1 -> 63
2025-04-05 17:05:36,821 [s0@group-8F97580789F2-StateMachineUpdater] INFO  raftlog.RaftLog (RaftLogBase.java:lambda$new$0(57)) - s0@group-8F97580789F2-SegmentedRaftLog: purgeIndex: updateToMax old=-1, new=63, updated? true
2025-04-05 17:05:36,821 [s2@group-8F97580789F2-StateMachineUpdater] INFO  impl.SimpleStateMachine4Testing (SimpleStateMachine4Testing.java:put(206)) - s2: put 63, m31 -> (t:1, i:63), STATEMACHINELOGENTRY, WRITE: logData.size=3, stateMachineData.size=17, logEntryProtoSerializedSize=0
2025-04-05 17:05:36,821 [s1@group-8F97580789F2-StateMachineUpdater] INFO  impl.SimpleStateMachine4Testing (SimpleStateMachine4Testing.java:put(206)) - s1: put 65, m32 -> (t:1, i:65), STATEMACHINELOGENTRY, WRITE: logData.size=3, stateMachineData.size=17, logEntryProtoSerializedSize=0
2025-04-05 17:05:36,823 [s2@group-8F97580789F2-StateMachineUpdater] TRACE util.FileUtils (FileUtils.java:deleteFully(318)) - deleteFully /tmp/ratis-tests/statemachine/s2/snapshot/1_63
2025-04-05 17:05:36,823 [s2@group-8F97580789F2-StateMachineUpdater] TRACE util.FileUtils (FileUtils.java:deleteFully(331)) - deleteFully: /tmp/ratis-tests/statemachine/s2/snapshot/1_63 does not exist.
2025-04-05 17:05:36,823 [s2@group-8F97580789F2-StateMachineUpdater] TRACE util.FileUtils (FileUtils.java:deleteFully(318)) - deleteFully /tmp/ratis-tests/statemachine/s2/tmp/22972419-1a18-486b-b622-93c4ef353254
2025-04-05 17:05:36,823 [s2@group-8F97580789F2-StateMachineUpdater] TRACE util.FileUtils (FileUtils.java:deleteFully(331)) - deleteFully: /tmp/ratis-tests/statemachine/s2/tmp/22972419-1a18-486b-b622-93c4ef353254 does not exist.
2025-04-05 17:05:36,823 [s2@group-8F97580789F2-StateMachineUpdater] TRACE util.FileUtils (LogUtils.java:runAndLog(49)) - Successfully ran Atomic Files.move /tmp/ratis-tests/statemachine/s2/tmp/22972419-1a18-486b-b622-93c4ef353254 to /tmp/ratis-tests/statemachine/s2/snapshot/1_63
2025-04-05 17:05:36,823 [s2@group-8F97580789F2-StateMachineUpdater] INFO  impl.StateMachineUpdater (StateMachineUpdater.java:takeSnapshot(311)) - s2@group-8F97580789F2-StateMachineUpdater: Took a snapshot at index 63
2025-04-05 17:05:36,823 [s2@group-8F97580789F2-StateMachineUpdater] INFO  impl.StateMachineUpdater (StateMachineUpdater.java:lambda$new$0(100)) - s2@group-8F97580789F2-StateMachineUpdater: snapshotIndex: updateIncreasingly -1 -> 63
2025-04-05 17:05:36,823 [s2@group-8F97580789F2-StateMachineUpdater] INFO  raftlog.RaftLog (RaftLogBase.java:purge(339)) - s2@group-8F97580789F2-SegmentedRaftLog: purge 63
2025-04-05 17:05:36,824 [s2@group-8F97580789F2-StateMachineUpdater] INFO  raftlog.RaftLog (RaftLogBase.java:lambda$new$0(57)) - s2@group-8F97580789F2-SegmentedRaftLog: snapshotIndex: updateIncreasingly -1 -> 63
2025-04-05 17:05:36,824 [s2@group-8F97580789F2-StateMachineUpdater] INFO  raftlog.RaftLog (RaftLogBase.java:lambda$new$0(57)) - s2@group-8F97580789F2-SegmentedRaftLog: purgeIndex: updateToMax old=-1, new=63, updated? true
2025-04-05 17:05:36,824 [s2@group-8F97580789F2-StateMachineUpdater] INFO  impl.SimpleStateMachine4Testing (SimpleStateMachine4Testing.java:applyTransaction(250)) - applyTransaction for log index 65
2025-04-05 17:05:36,824 [s2@group-8F97580789F2-StateMachineUpdater] INFO  impl.SimpleStateMachine4Testing (SimpleStateMachine4Testing.java:put(206)) - s2: put 65, m32 -> (t:1, i:65), STATEMACHINELOGENTRY, WRITE: logData.size=3, stateMachineData.size=17, logEntryProtoSerializedSize=0
2025-04-05 17:05:36,827 [s0@group-8F97580789F2-StateMachineUpdater] INFO  impl.SimpleStateMachine4Testing (SimpleStateMachine4Testing.java:applyTransaction(250)) - applyTransaction for log index 65
2025-04-05 17:05:36,827 [s0@group-8F97580789F2-StateMachineUpdater] INFO  impl.SimpleStateMachine4Testing (SimpleStateMachine4Testing.java:put(206)) - s0: put 65, m32 -> (t:1, i:65), STATEMACHINELOGENTRY, WRITE: logData.size=3, stateMachineData.size=17, logEntryProtoSerializedSize=0
2025-04-05 17:05:36,829 [s1@group-8F97580789F2-StateMachineUpdater] INFO  impl.SimpleStateMachine4Testing (SimpleStateMachine4Testing.java:applyTransaction(250)) - applyTransaction for log index 67
2025-04-05 17:05:36,829 [s1@group-8F97580789F2-StateMachineUpdater] INFO  impl.SimpleStateMachine4Testing (SimpleStateMachine4Testing.java:put(206)) - s1: put 67, m33 -> (t:1, i:67), STATEMACHINELOGENTRY, WRITE: logData.size=3, stateMachineData.size=17, logEntryProtoSerializedSize=0
2025-04-05 17:05:36,831 [s2@group-8F97580789F2-StateMachineUpdater] INFO  impl.SimpleStateMachine4Testing (SimpleStateMachine4Testing.java:applyTransaction(250)) - applyTransaction for log index 67
2025-04-05 17:05:36,831 [s2@group-8F97580789F2-StateMachineUpdater] INFO  impl.SimpleStateMachine4Testing (SimpleStateMachine4Testing.java:put(206)) - s2: put 67, m33 -> (t:1, i:67), STATEMACHINELOGENTRY, WRITE: logData.size=3, stateMachineData.size=17, logEntryProtoSerializedSize=0
2025-04-05 17:05:36,832 [s0@group-8F97580789F2-StateMachineUpdater] INFO  impl.SimpleStateMachine4Testing (SimpleStateMachine4Testing.java:applyTransaction(250)) - applyTransaction for log index 67
2025-04-05 17:05:36,832 [s0@group-8F97580789F2-StateMachineUpdater] INFO  impl.SimpleStateMachine4Testing (SimpleStateMachine4Testing.java:put(206)) - s0: put 67, m33 -> (t:1, i:67), STATEMACHINELOGENTRY, WRITE: logData.size=3, stateMachineData.size=17, logEntryProtoSerializedSize=0
2025-04-05 17:05:36,836 [s1@group-8F97580789F2-StateMachineUpdater] INFO  impl.SimpleStateMachine4Testing (SimpleStateMachine4Testing.java:applyTransaction(250)) - applyTransaction for log index 69
2025-04-05 17:05:36,836 [s1@group-8F97580789F2-StateMachineUpdater] INFO  impl.SimpleStateMachine4Testing (SimpleStateMachine4Testing.java:put(206)) - s1: put 69, m34 -> (t:1, i:69), STATEMACHINELOGENTRY, WRITE: logData.size=3, stateMachineData.size=17, logEntryProtoSerializedSize=0
2025-04-05 17:05:36,838 [s2@group-8F97580789F2-StateMachineUpdater] INFO  impl.SimpleStateMachine4Testing (SimpleStateMachine4Testing.java:applyTransaction(250)) - applyTransaction for log index 69
2025-04-05 17:05:36,839 [s2@group-8F97580789F2-StateMachineUpdater] INFO  impl.SimpleStateMachine4Testing (SimpleStateMachine4Testing.java:put(206)) - s2: put 69, m34 -> (t:1, i:69), STATEMACHINELOGENTRY, WRITE: logData.size=3, stateMachineData.size=17, logEntryProtoSerializedSize=0
2025-04-05 17:05:36,843 [s0@group-8F97580789F2-StateMachineUpdater] INFO  impl.SimpleStateMachine4Testing (SimpleStateMachine4Testing.java:applyTransaction(250)) - applyTransaction for log index 69
2025-04-05 17:05:36,843 [s0@group-8F97580789F2-StateMachineUpdater] INFO  impl.SimpleStateMachine4Testing (SimpleStateMachine4Testing.java:put(206)) - s0: put 69, m34 -> (t:1, i:69), STATEMACHINELOGENTRY, WRITE: logData.size=3, stateMachineData.size=17, logEntryProtoSerializedSize=0
2025-04-05 17:05:36,844 [s1@group-8F97580789F2-StateMachineUpdater] INFO  impl.SimpleStateMachine4Testing (SimpleStateMachine4Testing.java:applyTransaction(250)) - applyTransaction for log index 71
2025-04-05 17:05:36,844 [s1@group-8F97580789F2-StateMachineUpdater] INFO  impl.SimpleStateMachine4Testing (SimpleStateMachine4Testing.java:put(206)) - s1: put 71, m35 -> (t:1, i:71), STATEMACHINELOGENTRY, WRITE: logData.size=3, stateMachineData.size=17, logEntryProtoSerializedSize=0
2025-04-05 17:05:36,845 [s0@group-8F97580789F2-StateMachineUpdater] INFO  impl.SimpleStateMachine4Testing (SimpleStateMachine4Testing.java:applyTransaction(250)) - applyTransaction for log index 71
2025-04-05 17:05:36,846 [s0@group-8F97580789F2-StateMachineUpdater] INFO  impl.SimpleStateMachine4Testing (SimpleStateMachine4Testing.java:put(206)) - s0: put 71, m35 -> (t:1, i:71), STATEMACHINELOGENTRY, WRITE: logData.size=3, stateMachineData.size=17, logEntryProtoSerializedSize=0
2025-04-05 17:05:36,849 [s2@group-8F97580789F2-StateMachineUpdater] INFO  impl.SimpleStateMachine4Testing (SimpleStateMachine4Testing.java:applyTransaction(250)) - applyTransaction for log index 71
2025-04-05 17:05:36,849 [s2@group-8F97580789F2-StateMachineUpdater] INFO  impl.SimpleStateMachine4Testing (SimpleStateMachine4Testing.java:put(206)) - s2: put 71, m35 -> (t:1, i:71), STATEMACHINELOGENTRY, WRITE: logData.size=3, stateMachineData.size=17, logEntryProtoSerializedSize=0
2025-04-05 17:05:36,851 [s1@group-8F97580789F2-StateMachineUpdater] INFO  impl.SimpleStateMachine4Testing (SimpleStateMachine4Testing.java:applyTransaction(250)) - applyTransaction for log index 73
2025-04-05 17:05:36,851 [s1@group-8F97580789F2-StateMachineUpdater] INFO  impl.SimpleStateMachine4Testing (SimpleStateMachine4Testing.java:put(206)) - s1: put 73, m36 -> (t:1, i:73), STATEMACHINELOGENTRY, WRITE: logData.size=3, stateMachineData.size=17, logEntryProtoSerializedSize=0
2025-04-05 17:05:36,852 [s0@group-8F97580789F2-StateMachineUpdater] INFO  impl.SimpleStateMachine4Testing (SimpleStateMachine4Testing.java:applyTransaction(250)) - applyTransaction for log index 73
2025-04-05 17:05:36,852 [s0@group-8F97580789F2-StateMachineUpdater] INFO  impl.SimpleStateMachine4Testing (SimpleStateMachine4Testing.java:put(206)) - s0: put 73, m36 -> (t:1, i:73), STATEMACHINELOGENTRY, WRITE: logData.size=3, stateMachineData.size=17, logEntryProtoSerializedSize=0
2025-04-05 17:05:36,855 [s2@group-8F97580789F2-StateMachineUpdater] INFO  impl.SimpleStateMachine4Testing (SimpleStateMachine4Testing.java:applyTransaction(250)) - applyTransaction for log index 73
2025-04-05 17:05:36,855 [s2@group-8F97580789F2-StateMachineUpdater] INFO  impl.SimpleStateMachine4Testing (SimpleStateMachine4Testing.java:put(206)) - s2: put 73, m36 -> (t:1, i:73), STATEMACHINELOGENTRY, WRITE: logData.size=3, stateMachineData.size=17, logEntryProtoSerializedSize=0
2025-04-05 17:05:36,858 [s1@group-8F97580789F2-StateMachineUpdater] INFO  impl.SimpleStateMachine4Testing (SimpleStateMachine4Testing.java:applyTransaction(250)) - applyTransaction for log index 75
2025-04-05 17:05:36,858 [s1@group-8F97580789F2-StateMachineUpdater] INFO  impl.SimpleStateMachine4Testing (SimpleStateMachine4Testing.java:put(206)) - s1: put 75, m37 -> (t:1, i:75), STATEMACHINELOGENTRY, WRITE: logData.size=3, stateMachineData.size=17, logEntryProtoSerializedSize=0
2025-04-05 17:05:36,860 [s2@group-8F97580789F2-StateMachineUpdater] INFO  impl.SimpleStateMachine4Testing (SimpleStateMachine4Testing.java:applyTransaction(250)) - applyTransaction for log index 75
2025-04-05 17:05:36,861 [s2@group-8F97580789F2-StateMachineUpdater] INFO  impl.SimpleStateMachine4Testing (SimpleStateMachine4Testing.java:put(206)) - s2: put 75, m37 -> (t:1, i:75), STATEMACHINELOGENTRY, WRITE: logData.size=3, stateMachineData.size=17, logEntryProtoSerializedSize=0
2025-04-05 17:05:36,863 [s0@group-8F97580789F2-StateMachineUpdater] INFO  impl.SimpleStateMachine4Testing (SimpleStateMachine4Testing.java:applyTransaction(250)) - applyTransaction for log index 75
2025-04-05 17:05:36,863 [s0@group-8F97580789F2-StateMachineUpdater] INFO  impl.SimpleStateMachine4Testing (SimpleStateMachine4Testing.java:put(206)) - s0: put 75, m37 -> (t:1, i:75), STATEMACHINELOGENTRY, WRITE: logData.size=3, stateMachineData.size=17, logEntryProtoSerializedSize=0
2025-04-05 17:05:36,864 [s1@group-8F97580789F2-StateMachineUpdater] INFO  impl.SimpleStateMachine4Testing (SimpleStateMachine4Testing.java:applyTransaction(250)) - applyTransaction for log index 77
2025-04-05 17:05:36,864 [s1@group-8F97580789F2-StateMachineUpdater] INFO  impl.SimpleStateMachine4Testing (SimpleStateMachine4Testing.java:put(206)) - s1: put 77, m38 -> (t:1, i:77), STATEMACHINELOGENTRY, WRITE: logData.size=3, stateMachineData.size=17, logEntryProtoSerializedSize=0
2025-04-05 17:05:36,867 [s0@group-8F97580789F2-StateMachineUpdater] INFO  impl.SimpleStateMachine4Testing (SimpleStateMachine4Testing.java:applyTransaction(250)) - applyTransaction for log index 77
2025-04-05 17:05:36,867 [s0@group-8F97580789F2-StateMachineUpdater] INFO  impl.SimpleStateMachine4Testing (SimpleStateMachine4Testing.java:put(206)) - s0: put 77, m38 -> (t:1, i:77), STATEMACHINELOGENTRY, WRITE: logData.size=3, stateMachineData.size=17, logEntryProtoSerializedSize=0
2025-04-05 17:05:36,868 [s2@group-8F97580789F2-StateMachineUpdater] INFO  impl.SimpleStateMachine4Testing (SimpleStateMachine4Testing.java:applyTransaction(250)) - applyTransaction for log index 77
2025-04-05 17:05:36,868 [s2@group-8F97580789F2-StateMachineUpdater] INFO  impl.SimpleStateMachine4Testing (SimpleStateMachine4Testing.java:put(206)) - s2: put 77, m38 -> (t:1, i:77), STATEMACHINELOGENTRY, WRITE: logData.size=3, stateMachineData.size=17, logEntryProtoSerializedSize=0
2025-04-05 17:05:36,871 [s1@group-8F97580789F2-StateMachineUpdater] INFO  impl.SimpleStateMachine4Testing (SimpleStateMachine4Testing.java:applyTransaction(250)) - applyTransaction for log index 79
2025-04-05 17:05:36,872 [s1@group-8F97580789F2-StateMachineUpdater] INFO  impl.SimpleStateMachine4Testing (SimpleStateMachine4Testing.java:put(206)) - s1: put 79, m39 -> (t:1, i:79), STATEMACHINELOGENTRY, WRITE: logData.size=3, stateMachineData.size=17, logEntryProtoSerializedSize=0
2025-04-05 17:05:36,874 [s0@group-8F97580789F2-StateMachineUpdater] INFO  impl.SimpleStateMachine4Testing (SimpleStateMachine4Testing.java:applyTransaction(250)) - applyTransaction for log index 79
2025-04-05 17:05:36,874 [s0@group-8F97580789F2-StateMachineUpdater] INFO  impl.SimpleStateMachine4Testing (SimpleStateMachine4Testing.java:put(206)) - s0: put 79, m39 -> (t:1, i:79), STATEMACHINELOGENTRY, WRITE: logData.size=3, stateMachineData.size=17, logEntryProtoSerializedSize=0
2025-04-05 17:05:36,875 [s2@group-8F97580789F2-StateMachineUpdater] INFO  impl.SimpleStateMachine4Testing (SimpleStateMachine4Testing.java:applyTransaction(250)) - applyTransaction for log index 79
2025-04-05 17:05:36,875 [s2@group-8F97580789F2-StateMachineUpdater] INFO  impl.SimpleStateMachine4Testing (SimpleStateMachine4Testing.java:put(206)) - s2: put 79, m39 -> (t:1, i:79), STATEMACHINELOGENTRY, WRITE: logData.size=3, stateMachineData.size=17, logEntryProtoSerializedSize=0
2025-04-05 17:05:36,879 [s1@group-8F97580789F2-StateMachineUpdater] INFO  impl.SimpleStateMachine4Testing (SimpleStateMachine4Testing.java:applyTransaction(250)) - applyTransaction for log index 81
2025-04-05 17:05:36,879 [s1@group-8F97580789F2-StateMachineUpdater] INFO  impl.SimpleStateMachine4Testing (SimpleStateMachine4Testing.java:put(206)) - s1: put 81, m40 -> (t:1, i:81), STATEMACHINELOGENTRY, WRITE: logData.size=3, stateMachineData.size=17, logEntryProtoSerializedSize=0
2025-04-05 17:05:36,882 [s2@group-8F97580789F2-StateMachineUpdater] INFO  impl.SimpleStateMachine4Testing (SimpleStateMachine4Testing.java:applyTransaction(250)) - applyTransaction for log index 81
2025-04-05 17:05:36,882 [s2@group-8F97580789F2-StateMachineUpdater] INFO  impl.SimpleStateMachine4Testing (SimpleStateMachine4Testing.java:put(206)) - s2: put 81, m40 -> (t:1, i:81), STATEMACHINELOGENTRY, WRITE: logData.size=3, stateMachineData.size=17, logEntryProtoSerializedSize=0
2025-04-05 17:05:36,883 [s0@group-8F97580789F2-StateMachineUpdater] INFO  impl.SimpleStateMachine4Testing (SimpleStateMachine4Testing.java:applyTransaction(250)) - applyTransaction for log index 81
2025-04-05 17:05:36,883 [s0@group-8F97580789F2-StateMachineUpdater] INFO  impl.SimpleStateMachine4Testing (SimpleStateMachine4Testing.java:put(206)) - s0: put 81, m40 -> (t:1, i:81), STATEMACHINELOGENTRY, WRITE: logData.size=3, stateMachineData.size=17, logEntryProtoSerializedSize=0
2025-04-05 17:05:36,886 [s1@group-8F97580789F2-StateMachineUpdater] INFO  impl.SimpleStateMachine4Testing (SimpleStateMachine4Testing.java:applyTransaction(250)) - applyTransaction for log index 83
2025-04-05 17:05:36,886 [s1@group-8F97580789F2-StateMachineUpdater] INFO  impl.SimpleStateMachine4Testing (SimpleStateMachine4Testing.java:put(206)) - s1: put 83, m41 -> (t:1, i:83), STATEMACHINELOGENTRY, WRITE: logData.size=3, stateMachineData.size=17, logEntryProtoSerializedSize=0
2025-04-05 17:05:36,888 [s2@group-8F97580789F2-StateMachineUpdater] INFO  impl.SimpleStateMachine4Testing (SimpleStateMachine4Testing.java:applyTransaction(250)) - applyTransaction for log index 83
2025-04-05 17:05:36,888 [s2@group-8F97580789F2-StateMachineUpdater] INFO  impl.SimpleStateMachine4Testing (SimpleStateMachine4Testing.java:put(206)) - s2: put 83, m41 -> (t:1, i:83), STATEMACHINELOGENTRY, WRITE: logData.size=3, stateMachineData.size=17, logEntryProtoSerializedSize=0
2025-04-05 17:05:36,889 [s0@group-8F97580789F2-StateMachineUpdater] INFO  impl.SimpleStateMachine4Testing (SimpleStateMachine4Testing.java:applyTransaction(250)) - applyTransaction for log index 83
2025-04-05 17:05:36,889 [s0@group-8F97580789F2-StateMachineUpdater] INFO  impl.SimpleStateMachine4Testing (SimpleStateMachine4Testing.java:put(206)) - s0: put 83, m41 -> (t:1, i:83), STATEMACHINELOGENTRY, WRITE: logData.size=3, stateMachineData.size=17, logEntryProtoSerializedSize=0
2025-04-05 17:05:36,892 [s1@group-8F97580789F2-StateMachineUpdater] INFO  impl.SimpleStateMachine4Testing (SimpleStateMachine4Testing.java:applyTransaction(250)) - applyTransaction for log index 85
2025-04-05 17:05:36,893 [s1@group-8F97580789F2-StateMachineUpdater] INFO  impl.SimpleStateMachine4Testing (SimpleStateMachine4Testing.java:put(206)) - s1: put 85, m42 -> (t:1, i:85), STATEMACHINELOGENTRY, WRITE: logData.size=3, stateMachineData.size=17, logEntryProtoSerializedSize=0
2025-04-05 17:05:36,896 [s2@group-8F97580789F2-StateMachineUpdater] INFO  impl.SimpleStateMachine4Testing (SimpleStateMachine4Testing.java:applyTransaction(250)) - applyTransaction for log index 85
2025-04-05 17:05:36,896 [s0@group-8F97580789F2-StateMachineUpdater] INFO  impl.SimpleStateMachine4Testing (SimpleStateMachine4Testing.java:applyTransaction(250)) - applyTransaction for log index 85
2025-04-05 17:05:36,896 [s0@group-8F97580789F2-StateMachineUpdater] INFO  impl.SimpleStateMachine4Testing (SimpleStateMachine4Testing.java:put(206)) - s0: put 85, m42 -> (t:1, i:85), STATEMACHINELOGENTRY, WRITE: logData.size=3, stateMachineData.size=17, logEntryProtoSerializedSize=0
2025-04-05 17:05:36,896 [s2@group-8F97580789F2-StateMachineUpdater] INFO  impl.SimpleStateMachine4Testing (SimpleStateMachine4Testing.java:put(206)) - s2: put 85, m42 -> (t:1, i:85), STATEMACHINELOGENTRY, WRITE: logData.size=3, stateMachineData.size=17, logEntryProtoSerializedSize=0
2025-04-05 17:05:36,898 [s1@group-8F97580789F2-StateMachineUpdater] INFO  impl.SimpleStateMachine4Testing (SimpleStateMachine4Testing.java:applyTransaction(250)) - applyTransaction for log index 87
2025-04-05 17:05:36,898 [s1@group-8F97580789F2-StateMachineUpdater] INFO  impl.SimpleStateMachine4Testing (SimpleStateMachine4Testing.java:put(206)) - s1: put 87, m43 -> (t:1, i:87), STATEMACHINELOGENTRY, WRITE: logData.size=3, stateMachineData.size=17, logEntryProtoSerializedSize=0
2025-04-05 17:05:36,901 [s0@group-8F97580789F2-StateMachineUpdater] INFO  impl.SimpleStateMachine4Testing (SimpleStateMachine4Testing.java:applyTransaction(250)) - applyTransaction for log index 87
2025-04-05 17:05:36,901 [s2@group-8F97580789F2-StateMachineUpdater] INFO  impl.SimpleStateMachine4Testing (SimpleStateMachine4Testing.java:applyTransaction(250)) - applyTransaction for log index 87
2025-04-05 17:05:36,901 [s2@group-8F97580789F2-StateMachineUpdater] INFO  impl.SimpleStateMachine4Testing (SimpleStateMachine4Testing.java:put(206)) - s2: put 87, m43 -> (t:1, i:87), STATEMACHINELOGENTRY, WRITE: logData.size=3, stateMachineData.size=17, logEntryProtoSerializedSize=0
2025-04-05 17:05:36,901 [s0@group-8F97580789F2-StateMachineUpdater] INFO  impl.SimpleStateMachine4Testing (SimpleStateMachine4Testing.java:put(206)) - s0: put 87, m43 -> (t:1, i:87), STATEMACHINELOGENTRY, WRITE: logData.size=3, stateMachineData.size=17, logEntryProtoSerializedSize=0
2025-04-05 17:05:36,905 [s1@group-8F97580789F2-StateMachineUpdater] INFO  impl.SimpleStateMachine4Testing (SimpleStateMachine4Testing.java:applyTransaction(250)) - applyTransaction for log index 89
2025-04-05 17:05:36,905 [s1@group-8F97580789F2-StateMachineUpdater] INFO  impl.SimpleStateMachine4Testing (SimpleStateMachine4Testing.java:put(206)) - s1: put 89, m44 -> (t:1, i:89), STATEMACHINELOGENTRY, WRITE: logData.size=3, stateMachineData.size=17, logEntryProtoSerializedSize=0
2025-04-05 17:05:36,909 [s2@group-8F97580789F2-StateMachineUpdater] INFO  impl.SimpleStateMachine4Testing (SimpleStateMachine4Testing.java:applyTransaction(250)) - applyTransaction for log index 89
2025-04-05 17:05:36,909 [s2@group-8F97580789F2-StateMachineUpdater] INFO  impl.SimpleStateMachine4Testing (SimpleStateMachine4Testing.java:put(206)) - s2: put 89, m44 -> (t:1, i:89), STATEMACHINELOGENTRY, WRITE: logData.size=3, stateMachineData.size=17, logEntryProtoSerializedSize=0
2025-04-05 17:05:36,910 [s0@group-8F97580789F2-StateMachineUpdater] INFO  impl.SimpleStateMachine4Testing (SimpleStateMachine4Testing.java:applyTransaction(250)) - applyTransaction for log index 89
2025-04-05 17:05:36,910 [s0@group-8F97580789F2-StateMachineUpdater] INFO  impl.SimpleStateMachine4Testing (SimpleStateMachine4Testing.java:put(206)) - s0: put 89, m44 -> (t:1, i:89), STATEMACHINELOGENTRY, WRITE: logData.size=3, stateMachineData.size=17, logEntryProtoSerializedSize=0
2025-04-05 17:05:36,911 [s1@group-8F97580789F2-StateMachineUpdater] INFO  impl.SimpleStateMachine4Testing (SimpleStateMachine4Testing.java:applyTransaction(250)) - applyTransaction for log index 91
2025-04-05 17:05:36,911 [s1@group-8F97580789F2-StateMachineUpdater] INFO  impl.SimpleStateMachine4Testing (SimpleStateMachine4Testing.java:put(206)) - s1: put 91, m45 -> (t:1, i:91), STATEMACHINELOGENTRY, WRITE: logData.size=3, stateMachineData.size=17, logEntryProtoSerializedSize=0
2025-04-05 17:05:36,913 [s2@group-8F97580789F2-StateMachineUpdater] INFO  impl.SimpleStateMachine4Testing (SimpleStateMachine4Testing.java:applyTransaction(250)) - applyTransaction for log index 91
2025-04-05 17:05:36,913 [s2@group-8F97580789F2-StateMachineUpdater] INFO  impl.SimpleStateMachine4Testing (SimpleStateMachine4Testing.java:put(206)) - s2: put 91, m45 -> (t:1, i:91), STATEMACHINELOGENTRY, WRITE: logData.size=3, stateMachineData.size=17, logEntryProtoSerializedSize=0
2025-04-05 17:05:36,914 [s0@group-8F97580789F2-StateMachineUpdater] INFO  impl.SimpleStateMachine4Testing (SimpleStateMachine4Testing.java:applyTransaction(250)) - applyTransaction for log index 91
2025-04-05 17:05:36,914 [s0@group-8F97580789F2-StateMachineUpdater] INFO  impl.SimpleStateMachine4Testing (SimpleStateMachine4Testing.java:put(206)) - s0: put 91, m45 -> (t:1, i:91), STATEMACHINELOGENTRY, WRITE: logData.size=3, stateMachineData.size=17, logEntryProtoSerializedSize=0
2025-04-05 17:05:36,917 [s1@group-8F97580789F2-StateMachineUpdater] INFO  impl.SimpleStateMachine4Testing (SimpleStateMachine4Testing.java:applyTransaction(250)) - applyTransaction for log index 93
2025-04-05 17:05:36,917 [s1@group-8F97580789F2-StateMachineUpdater] INFO  impl.SimpleStateMachine4Testing (SimpleStateMachine4Testing.java:put(206)) - s1: put 93, m46 -> (t:1, i:93), STATEMACHINELOGENTRY, WRITE: logData.size=3, stateMachineData.size=17, logEntryProtoSerializedSize=0
2025-04-05 17:05:36,919 [s0@group-8F97580789F2-StateMachineUpdater] INFO  impl.SimpleStateMachine4Testing (SimpleStateMachine4Testing.java:applyTransaction(250)) - applyTransaction for log index 93
2025-04-05 17:05:36,920 [s0@group-8F97580789F2-StateMachineUpdater] INFO  impl.SimpleStateMachine4Testing (SimpleStateMachine4Testing.java:put(206)) - s0: put 93, m46 -> (t:1, i:93), STATEMACHINELOGENTRY, WRITE: logData.size=3, stateMachineData.size=17, logEntryProtoSerializedSize=0
2025-04-05 17:05:36,922 [s2@group-8F97580789F2-StateMachineUpdater] INFO  impl.SimpleStateMachine4Testing (SimpleStateMachine4Testing.java:applyTransaction(250)) - applyTransaction for log index 93
2025-04-05 17:05:36,922 [s2@group-8F97580789F2-StateMachineUpdater] INFO  impl.SimpleStateMachine4Testing (SimpleStateMachine4Testing.java:put(206)) - s2: put 93, m46 -> (t:1, i:93), STATEMACHINELOGENTRY, WRITE: logData.size=3, stateMachineData.size=17, logEntryProtoSerializedSize=0
2025-04-05 17:05:36,925 [s1@group-8F97580789F2-StateMachineUpdater] INFO  impl.SimpleStateMachine4Testing (SimpleStateMachine4Testing.java:applyTransaction(250)) - applyTransaction for log index 95
2025-04-05 17:05:36,925 [s1@group-8F97580789F2-StateMachineUpdater] INFO  impl.SimpleStateMachine4Testing (SimpleStateMachine4Testing.java:put(206)) - s1: put 95, m47 -> (t:1, i:95), STATEMACHINELOGENTRY, WRITE: logData.size=3, stateMachineData.size=17, logEntryProtoSerializedSize=0
2025-04-05 17:05:36,927 [s2@group-8F97580789F2-StateMachineUpdater] INFO  impl.SimpleStateMachine4Testing (SimpleStateMachine4Testing.java:applyTransaction(250)) - applyTransaction for log index 95
2025-04-05 17:05:36,927 [s2@group-8F97580789F2-StateMachineUpdater] INFO  impl.SimpleStateMachine4Testing (SimpleStateMachine4Testing.java:put(206)) - s2: put 95, m47 -> (t:1, i:95), STATEMACHINELOGENTRY, WRITE: logData.size=3, stateMachineData.size=17, logEntryProtoSerializedSize=0
2025-04-05 17:05:36,928 [s0@group-8F97580789F2-StateMachineUpdater] INFO  impl.SimpleStateMachine4Testing (SimpleStateMachine4Testing.java:applyTransaction(250)) - applyTransaction for log index 95
2025-04-05 17:05:36,928 [s0@group-8F97580789F2-StateMachineUpdater] INFO  impl.SimpleStateMachine4Testing (SimpleStateMachine4Testing.java:put(206)) - s0: put 95, m47 -> (t:1, i:95), STATEMACHINELOGENTRY, WRITE: logData.size=3, stateMachineData.size=17, logEntryProtoSerializedSize=0
2025-04-05 17:05:36,931 [s1@group-8F97580789F2-StateMachineUpdater] INFO  impl.SimpleStateMachine4Testing (SimpleStateMachine4Testing.java:applyTransaction(250)) - applyTransaction for log index 97
2025-04-05 17:05:36,931 [s1@group-8F97580789F2-StateMachineUpdater] INFO  impl.SimpleStateMachine4Testing (SimpleStateMachine4Testing.java:put(206)) - s1: put 97, m48 -> (t:1, i:97), STATEMACHINELOGENTRY, WRITE: logData.size=3, stateMachineData.size=17, logEntryProtoSerializedSize=0
2025-04-05 17:05:36,933 [s0@group-8F97580789F2-StateMachineUpdater] INFO  impl.SimpleStateMachine4Testing (SimpleStateMachine4Testing.java:applyTransaction(250)) - applyTransaction for log index 97
2025-04-05 17:05:36,933 [s0@group-8F97580789F2-StateMachineUpdater] INFO  impl.SimpleStateMachine4Testing (SimpleStateMachine4Testing.java:put(206)) - s0: put 97, m48 -> (t:1, i:97), STATEMACHINELOGENTRY, WRITE: logData.size=3, stateMachineData.size=17, logEntryProtoSerializedSize=0
2025-04-05 17:05:36,934 [s2@group-8F97580789F2-StateMachineUpdater] INFO  impl.SimpleStateMachine4Testing (SimpleStateMachine4Testing.java:applyTransaction(250)) - applyTransaction for log index 97
2025-04-05 17:05:36,934 [s2@group-8F97580789F2-StateMachineUpdater] INFO  impl.SimpleStateMachine4Testing (SimpleStateMachine4Testing.java:put(206)) - s2: put 97, m48 -> (t:1, i:97), STATEMACHINELOGENTRY, WRITE: logData.size=3, stateMachineData.size=17, logEntryProtoSerializedSize=0
2025-04-05 17:05:36,938 [s1@group-8F97580789F2-StateMachineUpdater] INFO  impl.SimpleStateMachine4Testing (SimpleStateMachine4Testing.java:applyTransaction(250)) - applyTransaction for log index 99
2025-04-05 17:05:36,938 [s1@group-8F97580789F2-StateMachineUpdater] INFO  impl.SimpleStateMachine4Testing (SimpleStateMachine4Testing.java:put(206)) - s1: put 99, m49 -> (t:1, i:99), STATEMACHINELOGENTRY, WRITE: logData.size=3, stateMachineData.size=17, logEntryProtoSerializedSize=0
2025-04-05 17:05:36,941 [s0@group-8F97580789F2-StateMachineUpdater] INFO  impl.SimpleStateMachine4Testing (SimpleStateMachine4Testing.java:applyTransaction(250)) - applyTransaction for log index 99
2025-04-05 17:05:36,941 [s0@group-8F97580789F2-StateMachineUpdater] INFO  impl.SimpleStateMachine4Testing (SimpleStateMachine4Testing.java:put(206)) - s0: put 99, m49 -> (t:1, i:99), STATEMACHINELOGENTRY, WRITE: logData.size=3, stateMachineData.size=17, logEntryProtoSerializedSize=0
2025-04-05 17:05:36,941 [s2@group-8F97580789F2-StateMachineUpdater] INFO  impl.SimpleStateMachine4Testing (SimpleStateMachine4Testing.java:applyTransaction(250)) - applyTransaction for log index 99
2025-04-05 17:05:36,941 [s2@group-8F97580789F2-StateMachineUpdater] INFO  impl.SimpleStateMachine4Testing (SimpleStateMachine4Testing.java:put(206)) - s2: put 99, m49 -> (t:1, i:99), STATEMACHINELOGENTRY, WRITE: logData.size=3, stateMachineData.size=17, logEntryProtoSerializedSize=0
2025-04-05 17:05:36,944 [s1@group-8F97580789F2-StateMachineUpdater] INFO  impl.SimpleStateMachine4Testing (SimpleStateMachine4Testing.java:applyTransaction(250)) - applyTransaction for log index 101
2025-04-05 17:05:36,944 [s1@group-8F97580789F2-StateMachineUpdater] INFO  impl.SimpleStateMachine4Testing (SimpleStateMachine4Testing.java:put(206)) - s1: put 101, m50 -> (t:1, i:101), STATEMACHINELOGENTRY, WRITE: logData.size=3, stateMachineData.size=17, logEntryProtoSerializedSize=0
2025-04-05 17:05:36,946 [s0@group-8F97580789F2-StateMachineUpdater] INFO  impl.SimpleStateMachine4Testing (SimpleStateMachine4Testing.java:applyTransaction(250)) - applyTransaction for log index 101
2025-04-05 17:05:36,947 [s0@group-8F97580789F2-StateMachineUpdater] INFO  impl.SimpleStateMachine4Testing (SimpleStateMachine4Testing.java:put(206)) - s0: put 101, m50 -> (t:1, i:101), STATEMACHINELOGENTRY, WRITE: logData.size=3, stateMachineData.size=17, logEntryProtoSerializedSize=0
2025-04-05 17:05:36,947 [s2@group-8F97580789F2-StateMachineUpdater] INFO  impl.SimpleStateMachine4Testing (SimpleStateMachine4Testing.java:applyTransaction(250)) - applyTransaction for log index 101
2025-04-05 17:05:36,947 [s2@group-8F97580789F2-StateMachineUpdater] INFO  impl.SimpleStateMachine4Testing (SimpleStateMachine4Testing.java:put(206)) - s2: put 101, m50 -> (t:1, i:101), STATEMACHINELOGENTRY, WRITE: logData.size=3, stateMachineData.size=17, logEntryProtoSerializedSize=0
2025-04-05 17:05:36,950 [s1@group-8F97580789F2-StateMachineUpdater] INFO  impl.SimpleStateMachine4Testing (SimpleStateMachine4Testing.java:applyTransaction(250)) - applyTransaction for log index 103
2025-04-05 17:05:36,950 [s1@group-8F97580789F2-StateMachineUpdater] INFO  impl.SimpleStateMachine4Testing (SimpleStateMachine4Testing.java:put(206)) - s1: put 103, m51 -> (t:1, i:103), STATEMACHINELOGENTRY, WRITE: logData.size=3, stateMachineData.size=17, logEntryProtoSerializedSize=0
2025-04-05 17:05:36,953 [s2@group-8F97580789F2-StateMachineUpdater] INFO  impl.SimpleStateMachine4Testing (SimpleStateMachine4Testing.java:applyTransaction(250)) - applyTransaction for log index 103
2025-04-05 17:05:36,954 [s2@group-8F97580789F2-StateMachineUpdater] INFO  impl.SimpleStateMachine4Testing (SimpleStateMachine4Testing.java:put(206)) - s2: put 103, m51 -> (t:1, i:103), STATEMACHINELOGENTRY, WRITE: logData.size=3, stateMachineData.size=17, logEntryProtoSerializedSize=0
2025-04-05 17:05:36,954 [s0@group-8F97580789F2-StateMachineUpdater] INFO  impl.SimpleStateMachine4Testing (SimpleStateMachine4Testing.java:applyTransaction(250)) - applyTransaction for log index 103
2025-04-05 17:05:36,955 [s0@group-8F97580789F2-StateMachineUpdater] INFO  impl.SimpleStateMachine4Testing (SimpleStateMachine4Testing.java:put(206)) - s0: put 103, m51 -> (t:1, i:103), STATEMACHINELOGENTRY, WRITE: logData.size=3, stateMachineData.size=17, logEntryProtoSerializedSize=0
2025-04-05 17:05:36,956 [s1@group-8F97580789F2-StateMachineUpdater] INFO  impl.SimpleStateMachine4Testing (SimpleStateMachine4Testing.java:applyTransaction(250)) - applyTransaction for log index 105
2025-04-05 17:05:36,956 [s1@group-8F97580789F2-StateMachineUpdater] INFO  impl.SimpleStateMachine4Testing (SimpleStateMachine4Testing.java:put(206)) - s1: put 105, m52 -> (t:1, i:105), STATEMACHINELOGENTRY, WRITE: logData.size=3, stateMachineData.size=17, logEntryProtoSerializedSize=0
2025-04-05 17:05:36,959 [s2@group-8F97580789F2-StateMachineUpdater] INFO  impl.SimpleStateMachine4Testing (SimpleStateMachine4Testing.java:applyTransaction(250)) - applyTransaction for log index 105
2025-04-05 17:05:36,959 [s2@group-8F97580789F2-StateMachineUpdater] INFO  impl.SimpleStateMachine4Testing (SimpleStateMachine4Testing.java:put(206)) - s2: put 105, m52 -> (t:1, i:105), STATEMACHINELOGENTRY, WRITE: logData.size=3, stateMachineData.size=17, logEntryProtoSerializedSize=0
2025-04-05 17:05:36,961 [s0@group-8F97580789F2-StateMachineUpdater] INFO  impl.SimpleStateMachine4Testing (SimpleStateMachine4Testing.java:applyTransaction(250)) - applyTransaction for log index 105
2025-04-05 17:05:36,962 [s0@group-8F97580789F2-StateMachineUpdater] INFO  impl.SimpleStateMachine4Testing (SimpleStateMachine4Testing.java:put(206)) - s0: put 105, m52 -> (t:1, i:105), STATEMACHINELOGENTRY, WRITE: logData.size=3, stateMachineData.size=17, logEntryProtoSerializedSize=0
2025-04-05 17:05:36,963 [s1@group-8F97580789F2-StateMachineUpdater] INFO  impl.SimpleStateMachine4Testing (SimpleStateMachine4Testing.java:applyTransaction(250)) - applyTransaction for log index 107
2025-04-05 17:05:36,963 [s1@group-8F97580789F2-StateMachineUpdater] INFO  impl.SimpleStateMachine4Testing (SimpleStateMachine4Testing.java:put(206)) - s1: put 107, m53 -> (t:1, i:107), STATEMACHINELOGENTRY, WRITE: logData.size=3, stateMachineData.size=17, logEntryProtoSerializedSize=0
2025-04-05 17:05:36,965 [s0@group-8F97580789F2-StateMachineUpdater] INFO  impl.SimpleStateMachine4Testing (SimpleStateMachine4Testing.java:applyTransaction(250)) - applyTransaction for log index 107
2025-04-05 17:05:36,965 [s0@group-8F97580789F2-StateMachineUpdater] INFO  impl.SimpleStateMachine4Testing (SimpleStateMachine4Testing.java:put(206)) - s0: put 107, m53 -> (t:1, i:107), STATEMACHINELOGENTRY, WRITE: logData.size=3, stateMachineData.size=17, logEntryProtoSerializedSize=0
2025-04-05 17:05:36,966 [s2@group-8F97580789F2-StateMachineUpdater] INFO  impl.SimpleStateMachine4Testing (SimpleStateMachine4Testing.java:applyTransaction(250)) - applyTransaction for log index 107
2025-04-05 17:05:36,966 [s2@group-8F97580789F2-StateMachineUpdater] INFO  impl.SimpleStateMachine4Testing (SimpleStateMachine4Testing.java:put(206)) - s2: put 107, m53 -> (t:1, i:107), STATEMACHINELOGENTRY, WRITE: logData.size=3, stateMachineData.size=17, logEntryProtoSerializedSize=0
2025-04-05 17:05:36,971 [s1@group-8F97580789F2-StateMachineUpdater] INFO  impl.SimpleStateMachine4Testing (SimpleStateMachine4Testing.java:applyTransaction(250)) - applyTransaction for log index 109
2025-04-05 17:05:36,971 [s1@group-8F97580789F2-StateMachineUpdater] INFO  impl.SimpleStateMachine4Testing (SimpleStateMachine4Testing.java:put(206)) - s1: put 109, m54 -> (t:1, i:109), STATEMACHINELOGENTRY, WRITE: logData.size=3, stateMachineData.size=17, logEntryProtoSerializedSize=0
2025-04-05 17:05:36,973 [s2@group-8F97580789F2-StateMachineUpdater] INFO  impl.SimpleStateMachine4Testing (SimpleStateMachine4Testing.java:applyTransaction(250)) - applyTransaction for log index 109
2025-04-05 17:05:36,974 [s0@group-8F97580789F2-StateMachineUpdater] INFO  impl.SimpleStateMachine4Testing (SimpleStateMachine4Testing.java:applyTransaction(250)) - applyTransaction for log index 109
2025-04-05 17:05:36,975 [s0@group-8F97580789F2-StateMachineUpdater] INFO  impl.SimpleStateMachine4Testing (SimpleStateMachine4Testing.java:put(206)) - s0: put 109, m54 -> (t:1, i:109), STATEMACHINELOGENTRY, WRITE: logData.size=3, stateMachineData.size=17, logEntryProtoSerializedSize=0
2025-04-05 17:05:36,975 [s2@group-8F97580789F2-StateMachineUpdater] INFO  impl.SimpleStateMachine4Testing (SimpleStateMachine4Testing.java:put(206)) - s2: put 109, m54 -> (t:1, i:109), STATEMACHINELOGENTRY, WRITE: logData.size=3, stateMachineData.size=17, logEntryProtoSerializedSize=0
2025-04-05 17:05:36,977 [s1@group-8F97580789F2-StateMachineUpdater] INFO  impl.SimpleStateMachine4Testing (SimpleStateMachine4Testing.java:applyTransaction(250)) - applyTransaction for log index 111
2025-04-05 17:05:36,978 [s1@group-8F97580789F2-StateMachineUpdater] INFO  impl.SimpleStateMachine4Testing (SimpleStateMachine4Testing.java:put(206)) - s1: put 111, m55 -> (t:1, i:111), STATEMACHINELOGENTRY, WRITE: logData.size=3, stateMachineData.size=17, logEntryProtoSerializedSize=0
2025-04-05 17:05:36,980 [s0@group-8F97580789F2-StateMachineUpdater] INFO  impl.SimpleStateMachine4Testing (SimpleStateMachine4Testing.java:applyTransaction(250)) - applyTransaction for log index 111
2025-04-05 17:05:36,980 [s0@group-8F97580789F2-StateMachineUpdater] INFO  impl.SimpleStateMachine4Testing (SimpleStateMachine4Testing.java:put(206)) - s0: put 111, m55 -> (t:1, i:111), STATEMACHINELOGENTRY, WRITE: logData.size=3, stateMachineData.size=17, logEntryProtoSerializedSize=0
2025-04-05 17:05:36,980 [s2@group-8F97580789F2-StateMachineUpdater] INFO  impl.SimpleStateMachine4Testing (SimpleStateMachine4Testing.java:applyTransaction(250)) - applyTransaction for log index 111
2025-04-05 17:05:36,981 [s2@group-8F97580789F2-StateMachineUpdater] INFO  impl.SimpleStateMachine4Testing (SimpleStateMachine4Testing.java:put(206)) - s2: put 111, m55 -> (t:1, i:111), STATEMACHINELOGENTRY, WRITE: logData.size=3, stateMachineData.size=17, logEntryProtoSerializedSize=0
2025-04-05 17:05:36,982 [s1@group-8F97580789F2-StateMachineUpdater] INFO  impl.SimpleStateMachine4Testing (SimpleStateMachine4Testing.java:applyTransaction(250)) - applyTransaction for log index 113
2025-04-05 17:05:36,983 [s1@group-8F97580789F2-StateMachineUpdater] INFO  impl.SimpleStateMachine4Testing (SimpleStateMachine4Testing.java:put(206)) - s1: put 113, m56 -> (t:1, i:113), STATEMACHINELOGENTRY, WRITE: logData.size=3, stateMachineData.size=17, logEntryProtoSerializedSize=0
2025-04-05 17:05:36,984 [s2@group-8F97580789F2-StateMachineUpdater] INFO  impl.SimpleStateMachine4Testing (SimpleStateMachine4Testing.java:applyTransaction(250)) - applyTransaction for log index 113
2025-04-05 17:05:36,984 [s2@group-8F97580789F2-StateMachineUpdater] INFO  impl.SimpleStateMachine4Testing (SimpleStateMachine4Testing.java:put(206)) - s2: put 113, m56 -> (t:1, i:113), STATEMACHINELOGENTRY, WRITE: logData.size=3, stateMachineData.size=17, logEntryProtoSerializedSize=0
2025-04-05 17:05:36,988 [s0@group-8F97580789F2-StateMachineUpdater] INFO  impl.SimpleStateMachine4Testing (SimpleStateMachine4Testing.java:applyTransaction(250)) - applyTransaction for log index 113
2025-04-05 17:05:36,989 [s0@group-8F97580789F2-StateMachineUpdater] INFO  impl.SimpleStateMachine4Testing (SimpleStateMachine4Testing.java:put(206)) - s0: put 113, m56 -> (t:1, i:113), STATEMACHINELOGENTRY, WRITE: logData.size=3, stateMachineData.size=17, logEntryProtoSerializedSize=0
2025-04-05 17:05:36,990 [s1@group-8F97580789F2-StateMachineUpdater] INFO  impl.SimpleStateMachine4Testing (SimpleStateMachine4Testing.java:applyTransaction(250)) - applyTransaction for log index 115
2025-04-05 17:05:36,990 [s1@group-8F97580789F2-StateMachineUpdater] INFO  impl.SimpleStateMachine4Testing (SimpleStateMachine4Testing.java:put(206)) - s1: put 115, m57 -> (t:1, i:115), STATEMACHINELOGENTRY, WRITE: logData.size=3, stateMachineData.size=17, logEntryProtoSerializedSize=0
2025-04-05 17:05:36,993 [s2@group-8F97580789F2-StateMachineUpdater] INFO  impl.SimpleStateMachine4Testing (SimpleStateMachine4Testing.java:applyTransaction(250)) - applyTransaction for log index 115
2025-04-05 17:05:36,993 [s2@group-8F97580789F2-StateMachineUpdater] INFO  impl.SimpleStateMachine4Testing (SimpleStateMachine4Testing.java:put(206)) - s2: put 115, m57 -> (t:1, i:115), STATEMACHINELOGENTRY, WRITE: logData.size=3, stateMachineData.size=17, logEntryProtoSerializedSize=0
2025-04-05 17:05:36,994 [s0@group-8F97580789F2-StateMachineUpdater] INFO  impl.SimpleStateMachine4Testing (SimpleStateMachine4Testing.java:applyTransaction(250)) - applyTransaction for log index 115
2025-04-05 17:05:36,995 [s0@group-8F97580789F2-StateMachineUpdater] INFO  impl.SimpleStateMachine4Testing (SimpleStateMachine4Testing.java:put(206)) - s0: put 115, m57 -> (t:1, i:115), STATEMACHINELOGENTRY, WRITE: logData.size=3, stateMachineData.size=17, logEntryProtoSerializedSize=0
2025-04-05 17:05:36,997 [s1@group-8F97580789F2-StateMachineUpdater] INFO  impl.SimpleStateMachine4Testing (SimpleStateMachine4Testing.java:applyTransaction(250)) - applyTransaction for log index 117
2025-04-05 17:05:36,997 [s1@group-8F97580789F2-StateMachineUpdater] INFO  impl.SimpleStateMachine4Testing (SimpleStateMachine4Testing.java:put(206)) - s1: put 117, m58 -> (t:1, i:117), STATEMACHINELOGENTRY, WRITE: logData.size=3, stateMachineData.size=17, logEntryProtoSerializedSize=0
2025-04-05 17:05:36,998 [s2@group-8F97580789F2-StateMachineUpdater] INFO  impl.SimpleStateMachine4Testing (SimpleStateMachine4Testing.java:applyTransaction(250)) - applyTransaction for log index 117
2025-04-05 17:05:36,999 [s2@group-8F97580789F2-StateMachineUpdater] INFO  impl.SimpleStateMachine4Testing (SimpleStateMachine4Testing.java:put(206)) - s2: put 117, m58 -> (t:1, i:117), STATEMACHINELOGENTRY, WRITE: logData.size=3, stateMachineData.size=17, logEntryProtoSerializedSize=0
2025-04-05 17:05:37,001 [s0@group-8F97580789F2-StateMachineUpdater] INFO  impl.SimpleStateMachine4Testing (SimpleStateMachine4Testing.java:applyTransaction(250)) - applyTransaction for log index 117
2025-04-05 17:05:37,002 [s0@group-8F97580789F2-StateMachineUpdater] INFO  impl.SimpleStateMachine4Testing (SimpleStateMachine4Testing.java:put(206)) - s0: put 117, m58 -> (t:1, i:117), STATEMACHINELOGENTRY, WRITE: logData.size=3, stateMachineData.size=17, logEntryProtoSerializedSize=0
2025-04-05 17:05:37,003 [s1@group-8F97580789F2-StateMachineUpdater] INFO  impl.SimpleStateMachine4Testing (SimpleStateMachine4Testing.java:applyTransaction(250)) - applyTransaction for log index 119
2025-04-05 17:05:37,003 [s1@group-8F97580789F2-StateMachineUpdater] INFO  impl.SimpleStateMachine4Testing (SimpleStateMachine4Testing.java:put(206)) - s1: put 119, m59 -> (t:1, i:119), STATEMACHINELOGENTRY, WRITE: logData.size=3, stateMachineData.size=17, logEntryProtoSerializedSize=0
2025-04-05 17:05:37,006 [s0@group-8F97580789F2-StateMachineUpdater] INFO  impl.SimpleStateMachine4Testing (SimpleStateMachine4Testing.java:applyTransaction(250)) - applyTransaction for log index 119
2025-04-05 17:05:37,006 [s0@group-8F97580789F2-StateMachineUpdater] INFO  impl.SimpleStateMachine4Testing (SimpleStateMachine4Testing.java:put(206)) - s0: put 119, m59 -> (t:1, i:119), STATEMACHINELOGENTRY, WRITE: logData.size=3, stateMachineData.size=17, logEntryProtoSerializedSize=0
2025-04-05 17:05:37,006 [s2@group-8F97580789F2-StateMachineUpdater] INFO  impl.SimpleStateMachine4Testing (SimpleStateMachine4Testing.java:applyTransaction(250)) - applyTransaction for log index 119
2025-04-05 17:05:37,006 [s2@group-8F97580789F2-StateMachineUpdater] INFO  impl.SimpleStateMachine4Testing (SimpleStateMachine4Testing.java:put(206)) - s2: put 119, m59 -> (t:1, i:119), STATEMACHINELOGENTRY, WRITE: logData.size=3, stateMachineData.size=17, logEntryProtoSerializedSize=0
2025-04-05 17:05:37,011 [s1@group-8F97580789F2-StateMachineUpdater] INFO  impl.SimpleStateMachine4Testing (SimpleStateMachine4Testing.java:applyTransaction(250)) - applyTransaction for log index 121
2025-04-05 17:05:37,011 [s1@group-8F97580789F2-StateMachineUpdater] INFO  impl.SimpleStateMachine4Testing (SimpleStateMachine4Testing.java:put(206)) - s1: put 121, m60 -> (t:1, i:121), STATEMACHINELOGENTRY, WRITE: logData.size=3, stateMachineData.size=17, logEntryProtoSerializedSize=0
2025-04-05 17:05:37,011 [s2@group-8F97580789F2-StateMachineUpdater] INFO  impl.SimpleStateMachine4Testing (SimpleStateMachine4Testing.java:applyTransaction(250)) - applyTransaction for log index 121
2025-04-05 17:05:37,011 [s2@group-8F97580789F2-StateMachineUpdater] INFO  impl.SimpleStateMachine4Testing (SimpleStateMachine4Testing.java:put(206)) - s2: put 121, m60 -> (t:1, i:121), STATEMACHINELOGENTRY, WRITE: logData.size=3, stateMachineData.size=17, logEntryProtoSerializedSize=0
2025-04-05 17:05:37,013 [s0@group-8F97580789F2-StateMachineUpdater] INFO  impl.SimpleStateMachine4Testing (SimpleStateMachine4Testing.java:applyTransaction(250)) - applyTransaction for log index 121
2025-04-05 17:05:37,013 [s0@group-8F97580789F2-StateMachineUpdater] INFO  impl.SimpleStateMachine4Testing (SimpleStateMachine4Testing.java:put(206)) - s0: put 121, m60 -> (t:1, i:121), STATEMACHINELOGENTRY, WRITE: logData.size=3, stateMachineData.size=17, logEntryProtoSerializedSize=0
2025-04-05 17:05:37,018 [s1@group-8F97580789F2-StateMachineUpdater] INFO  impl.SimpleStateMachine4Testing (SimpleStateMachine4Testing.java:applyTransaction(250)) - applyTransaction for log index 123
2025-04-05 17:05:37,018 [s1@group-8F97580789F2-StateMachineUpdater] INFO  impl.SimpleStateMachine4Testing (SimpleStateMachine4Testing.java:put(206)) - s1: put 123, m61 -> (t:1, i:123), STATEMACHINELOGENTRY, WRITE: logData.size=3, stateMachineData.size=17, logEntryProtoSerializedSize=0
2025-04-05 17:05:37,021 [s0@group-8F97580789F2-StateMachineUpdater] INFO  impl.SimpleStateMachine4Testing (SimpleStateMachine4Testing.java:applyTransaction(250)) - applyTransaction for log index 123
2025-04-05 17:05:37,021 [s0@group-8F97580789F2-StateMachineUpdater] INFO  impl.SimpleStateMachine4Testing (SimpleStateMachine4Testing.java:put(206)) - s0: put 123, m61 -> (t:1, i:123), STATEMACHINELOGENTRY, WRITE: logData.size=3, stateMachineData.size=17, logEntryProtoSerializedSize=0
2025-04-05 17:05:37,022 [s2@group-8F97580789F2-StateMachineUpdater] INFO  impl.SimpleStateMachine4Testing (SimpleStateMachine4Testing.java:applyTransaction(250)) - applyTransaction for log index 123
2025-04-05 17:05:37,022 [s2@group-8F97580789F2-StateMachineUpdater] INFO  impl.SimpleStateMachine4Testing (SimpleStateMachine4Testing.java:put(206)) - s2: put 123, m61 -> (t:1, i:123), STATEMACHINELOGENTRY, WRITE: logData.size=3, stateMachineData.size=17, logEntryProtoSerializedSize=0
2025-04-05 17:05:37,025 [s1@group-8F97580789F2-StateMachineUpdater] INFO  impl.SimpleStateMachine4Testing (SimpleStateMachine4Testing.java:applyTransaction(250)) - applyTransaction for log index 125
2025-04-05 17:05:37,025 [s1@group-8F97580789F2-StateMachineUpdater] INFO  impl.SimpleStateMachine4Testing (SimpleStateMachine4Testing.java:put(206)) - s1: put 125, m62 -> (t:1, i:125), STATEMACHINELOGENTRY, WRITE: logData.size=3, stateMachineData.size=17, logEntryProtoSerializedSize=0
2025-04-05 17:05:37,028 [s2@group-8F97580789F2-StateMachineUpdater] INFO  impl.SimpleStateMachine4Testing (SimpleStateMachine4Testing.java:applyTransaction(250)) - applyTransaction for log index 125
2025-04-05 17:05:37,028 [s2@group-8F97580789F2-StateMachineUpdater] INFO  impl.SimpleStateMachine4Testing (SimpleStateMachine4Testing.java:put(206)) - s2: put 125, m62 -> (t:1, i:125), STATEMACHINELOGENTRY, WRITE: logData.size=3, stateMachineData.size=17, logEntryProtoSerializedSize=0
2025-04-05 17:05:37,030 [s0@group-8F97580789F2-StateMachineUpdater] INFO  impl.SimpleStateMachine4Testing (SimpleStateMachine4Testing.java:applyTransaction(250)) - applyTransaction for log index 125
2025-04-05 17:05:37,030 [s0@group-8F97580789F2-StateMachineUpdater] INFO  impl.SimpleStateMachine4Testing (SimpleStateMachine4Testing.java:put(206)) - s0: put 125, m62 -> (t:1, i:125), STATEMACHINELOGENTRY, WRITE: logData.size=3, stateMachineData.size=17, logEntryProtoSerializedSize=0
2025-04-05 17:05:37,031 [s1@group-8F97580789F2-StateMachineUpdater] INFO  impl.SimpleStateMachine4Testing (SimpleStateMachine4Testing.java:applyTransaction(250)) - applyTransaction for log index 127
2025-04-05 17:05:37,031 [s1@group-8F97580789F2-StateMachineUpdater] INFO  impl.SimpleStateMachine4Testing (SimpleStateMachine4Testing.java:put(206)) - s1: put 127, m63 -> (t:1, i:127), STATEMACHINELOGENTRY, WRITE: logData.size=3, stateMachineData.size=17, logEntryProtoSerializedSize=0
2025-04-05 17:05:37,032 [s1@group-8F97580789F2-StateMachineUpdater] TRACE util.FileUtils (FileUtils.java:deleteFully(318)) - deleteFully /tmp/ratis-tests/statemachine/s1/snapshot/1_127
2025-04-05 17:05:37,032 [s1@group-8F97580789F2-StateMachineUpdater] TRACE util.FileUtils (FileUtils.java:deleteFully(331)) - deleteFully: /tmp/ratis-tests/statemachine/s1/snapshot/1_127 does not exist.
2025-04-05 17:05:37,032 [s1@group-8F97580789F2-StateMachineUpdater] TRACE util.FileUtils (FileUtils.java:deleteFully(318)) - deleteFully /tmp/ratis-tests/statemachine/s1/tmp/de17f9c3-1d46-4f04-887d-9fb4f3f76a9a
2025-04-05 17:05:37,032 [s1@group-8F97580789F2-StateMachineUpdater] TRACE util.FileUtils (FileUtils.java:deleteFully(331)) - deleteFully: /tmp/ratis-tests/statemachine/s1/tmp/de17f9c3-1d46-4f04-887d-9fb4f3f76a9a does not exist.
2025-04-05 17:05:37,032 [s1@group-8F97580789F2-StateMachineUpdater] TRACE util.FileUtils (LogUtils.java:runAndLog(49)) - Successfully ran Atomic Files.move /tmp/ratis-tests/statemachine/s1/tmp/de17f9c3-1d46-4f04-887d-9fb4f3f76a9a to /tmp/ratis-tests/statemachine/s1/snapshot/1_127
2025-04-05 17:05:37,032 [s1@group-8F97580789F2-StateMachineUpdater] INFO  impl.StateMachineUpdater (StateMachineUpdater.java:takeSnapshot(311)) - s1@group-8F97580789F2-StateMachineUpdater: Took a snapshot at index 127
2025-04-05 17:05:37,032 [s1@group-8F97580789F2-StateMachineUpdater] INFO  impl.StateMachineUpdater (StateMachineUpdater.java:lambda$new$0(100)) - s1@group-8F97580789F2-StateMachineUpdater: snapshotIndex: updateIncreasingly 63 -> 127
2025-04-05 17:05:37,034 [s1@group-8F97580789F2-StateMachineUpdater] INFO  raftlog.RaftLog (RaftLogBase.java:purge(339)) - s1@group-8F97580789F2-SegmentedRaftLog: purge 125
2025-04-05 17:05:37,035 [s1@group-8F97580789F2-StateMachineUpdater] INFO  raftlog.RaftLog (RaftLogBase.java:lambda$new$0(57)) - s1@group-8F97580789F2-SegmentedRaftLog: snapshotIndex: updateIncreasingly 63 -> 127
2025-04-05 17:05:37,036 [s1@group-8F97580789F2-StateMachineUpdater] INFO  raftlog.RaftLog (RaftLogBase.java:lambda$new$0(57)) - s1@group-8F97580789F2-SegmentedRaftLog: purgeIndex: updateToMax old=61, new=125, updated? true
2025-04-05 17:05:37,035 [s2@group-8F97580789F2-StateMachineUpdater] INFO  impl.SimpleStateMachine4Testing (SimpleStateMachine4Testing.java:applyTransaction(250)) - applyTransaction for log index 127
2025-04-05 17:05:37,037 [s2@group-8F97580789F2-StateMachineUpdater] INFO  impl.SimpleStateMachine4Testing (SimpleStateMachine4Testing.java:put(206)) - s2: put 127, m63 -> (t:1, i:127), STATEMACHINELOGENTRY, WRITE: logData.size=3, stateMachineData.size=17, logEntryProtoSerializedSize=0
2025-04-05 17:05:37,037 [s2@group-8F97580789F2-StateMachineUpdater] TRACE util.FileUtils (FileUtils.java:deleteFully(318)) - deleteFully /tmp/ratis-tests/statemachine/s2/snapshot/1_127
2025-04-05 17:05:37,037 [s0@group-8F97580789F2-StateMachineUpdater] INFO  impl.SimpleStateMachine4Testing (SimpleStateMachine4Testing.java:applyTransaction(250)) - applyTransaction for log index 127
2025-04-05 17:05:37,038 [s2@group-8F97580789F2-StateMachineUpdater] TRACE util.FileUtils (FileUtils.java:deleteFully(331)) - deleteFully: /tmp/ratis-tests/statemachine/s2/snapshot/1_127 does not exist.
2025-04-05 17:05:37,038 [s2@group-8F97580789F2-StateMachineUpdater] TRACE util.FileUtils (FileUtils.java:deleteFully(318)) - deleteFully /tmp/ratis-tests/statemachine/s2/tmp/5a635c56-79ec-4590-92d3-925d0a9b525b
2025-04-05 17:05:37,038 [s0@group-8F97580789F2-StateMachineUpdater] INFO  impl.SimpleStateMachine4Testing (SimpleStateMachine4Testing.java:put(206)) - s0: put 127, m63 -> (t:1, i:127), STATEMACHINELOGENTRY, WRITE: logData.size=3, stateMachineData.size=17, logEntryProtoSerializedSize=0
2025-04-05 17:05:37,039 [s1@group-8F97580789F2-StateMachineUpdater] INFO  impl.SimpleStateMachine4Testing (SimpleStateMachine4Testing.java:applyTransaction(250)) - applyTransaction for log index 129
2025-04-05 17:05:37,039 [s1@group-8F97580789F2-StateMachineUpdater] INFO  impl.SimpleStateMachine4Testing (SimpleStateMachine4Testing.java:put(206)) - s1: put 129, m64 -> (t:1, i:129), STATEMACHINELOGENTRY, WRITE: logData.size=3, stateMachineData.size=17, logEntryProtoSerializedSize=0
2025-04-05 17:05:37,039 [s2@group-8F97580789F2-StateMachineUpdater] TRACE util.FileUtils (FileUtils.java:deleteFully(331)) - deleteFully: /tmp/ratis-tests/statemachine/s2/tmp/5a635c56-79ec-4590-92d3-925d0a9b525b does not exist.
2025-04-05 17:05:37,041 [s2@group-8F97580789F2-StateMachineUpdater] TRACE util.FileUtils (LogUtils.java:runAndLog(49)) - Successfully ran Atomic Files.move /tmp/ratis-tests/statemachine/s2/tmp/5a635c56-79ec-4590-92d3-925d0a9b525b to /tmp/ratis-tests/statemachine/s2/snapshot/1_127
2025-04-05 17:05:37,041 [s2@group-8F97580789F2-StateMachineUpdater] INFO  impl.StateMachineUpdater (StateMachineUpdater.java:takeSnapshot(311)) - s2@group-8F97580789F2-StateMachineUpdater: Took a snapshot at index 127
2025-04-05 17:05:37,041 [s2@group-8F97580789F2-StateMachineUpdater] INFO  impl.StateMachineUpdater (StateMachineUpdater.java:lambda$new$0(100)) - s2@group-8F97580789F2-StateMachineUpdater: snapshotIndex: updateIncreasingly 63 -> 127
2025-04-05 17:05:37,042 [s2@group-8F97580789F2-StateMachineUpdater] INFO  raftlog.RaftLog (RaftLogBase.java:purge(339)) - s2@group-8F97580789F2-SegmentedRaftLog: purge 127
2025-04-05 17:05:37,042 [s2@group-8F97580789F2-StateMachineUpdater] INFO  raftlog.RaftLog (RaftLogBase.java:lambda$new$0(57)) - s2@group-8F97580789F2-SegmentedRaftLog: snapshotIndex: updateIncreasingly 63 -> 127
2025-04-05 17:05:37,042 [s2@group-8F97580789F2-StateMachineUpdater] INFO  raftlog.RaftLog (RaftLogBase.java:lambda$new$0(57)) - s2@group-8F97580789F2-SegmentedRaftLog: purgeIndex: updateToMax old=63, new=127, updated? true
2025-04-05 17:05:37,039 [s0@group-8F97580789F2-StateMachineUpdater] TRACE util.FileUtils (FileUtils.java:deleteFully(318)) - deleteFully /tmp/ratis-tests/statemachine/s0/snapshot/1_127
2025-04-05 17:05:37,042 [s0@group-8F97580789F2-StateMachineUpdater] TRACE util.FileUtils (FileUtils.java:deleteFully(331)) - deleteFully: /tmp/ratis-tests/statemachine/s0/snapshot/1_127 does not exist.
2025-04-05 17:05:37,042 [s0@group-8F97580789F2-StateMachineUpdater] TRACE util.FileUtils (FileUtils.java:deleteFully(318)) - deleteFully /tmp/ratis-tests/statemachine/s0/tmp/4e03cbaa-99eb-44e0-a33c-22d93ec0170d
2025-04-05 17:05:37,042 [s0@group-8F97580789F2-StateMachineUpdater] TRACE util.FileUtils (FileUtils.java:deleteFully(331)) - deleteFully: /tmp/ratis-tests/statemachine/s0/tmp/4e03cbaa-99eb-44e0-a33c-22d93ec0170d does not exist.
2025-04-05 17:05:37,043 [s0@group-8F97580789F2-StateMachineUpdater] TRACE util.FileUtils (LogUtils.java:runAndLog(49)) - Successfully ran Atomic Files.move /tmp/ratis-tests/statemachine/s0/tmp/4e03cbaa-99eb-44e0-a33c-22d93ec0170d to /tmp/ratis-tests/statemachine/s0/snapshot/1_127
2025-04-05 17:05:37,043 [s0@group-8F97580789F2-StateMachineUpdater] INFO  impl.StateMachineUpdater (StateMachineUpdater.java:takeSnapshot(311)) - s0@group-8F97580789F2-StateMachineUpdater: Took a snapshot at index 127
2025-04-05 17:05:37,043 [s0@group-8F97580789F2-StateMachineUpdater] INFO  impl.StateMachineUpdater (StateMachineUpdater.java:lambda$new$0(100)) - s0@group-8F97580789F2-StateMachineUpdater: snapshotIndex: updateIncreasingly 63 -> 127
2025-04-05 17:05:37,043 [s0@group-8F97580789F2-StateMachineUpdater] INFO  raftlog.RaftLog (RaftLogBase.java:purge(339)) - s0@group-8F97580789F2-SegmentedRaftLog: purge 127
2025-04-05 17:05:37,043 [s0@group-8F97580789F2-StateMachineUpdater] INFO  raftlog.RaftLog (RaftLogBase.java:lambda$new$0(57)) - s0@group-8F97580789F2-SegmentedRaftLog: snapshotIndex: updateIncreasingly 63 -> 127
2025-04-05 17:05:37,043 [s0@group-8F97580789F2-StateMachineUpdater] INFO  raftlog.RaftLog (RaftLogBase.java:lambda$new$0(57)) - s0@group-8F97580789F2-SegmentedRaftLog: purgeIndex: updateToMax old=63, new=127, updated? true
2025-04-05 17:05:37,043 [s0@group-8F97580789F2-StateMachineUpdater] INFO  impl.SimpleStateMachine4Testing (SimpleStateMachine4Testing.java:applyTransaction(250)) - applyTransaction for log index 129
2025-04-05 17:05:37,043 [s0@group-8F97580789F2-StateMachineUpdater] INFO  impl.SimpleStateMachine4Testing (SimpleStateMachine4Testing.java:put(206)) - s0: put 129, m64 -> (t:1, i:129), STATEMACHINELOGENTRY, WRITE: logData.size=3, stateMachineData.size=17, logEntryProtoSerializedSize=0
2025-04-05 17:05:37,046 [s2@group-8F97580789F2-StateMachineUpdater] INFO  impl.SimpleStateMachine4Testing (SimpleStateMachine4Testing.java:applyTransaction(250)) - applyTransaction for log index 129
2025-04-05 17:05:37,046 [s2@group-8F97580789F2-StateMachineUpdater] INFO  impl.SimpleStateMachine4Testing (SimpleStateMachine4Testing.java:put(206)) - s2: put 129, m64 -> (t:1, i:129), STATEMACHINELOGENTRY, WRITE: logData.size=3, stateMachineData.size=17, logEntryProtoSerializedSize=0
2025-04-05 17:05:37,048 [s1@group-8F97580789F2-StateMachineUpdater] INFO  impl.SimpleStateMachine4Testing (SimpleStateMachine4Testing.java:applyTransaction(250)) - applyTransaction for log index 131
2025-04-05 17:05:37,048 [s1@group-8F97580789F2-StateMachineUpdater] INFO  impl.SimpleStateMachine4Testing (SimpleStateMachine4Testing.java:put(206)) - s1: put 131, m65 -> (t:1, i:131), STATEMACHINELOGENTRY, WRITE: logData.size=3, stateMachineData.size=17, logEntryProtoSerializedSize=0
2025-04-05 17:05:37,050 [s0@group-8F97580789F2-StateMachineUpdater] INFO  impl.SimpleStateMachine4Testing (SimpleStateMachine4Testing.java:applyTransaction(250)) - applyTransaction for log index 131
2025-04-05 17:05:37,051 [s2@group-8F97580789F2-StateMachineUpdater] INFO  impl.SimpleStateMachine4Testing (SimpleStateMachine4Testing.java:applyTransaction(250)) - applyTransaction for log index 131
2025-04-05 17:05:37,051 [s2@group-8F97580789F2-StateMachineUpdater] INFO  impl.SimpleStateMachine4Testing (SimpleStateMachine4Testing.java:put(206)) - s2: put 131, m65 -> (t:1, i:131), STATEMACHINELOGENTRY, WRITE: logData.size=3, stateMachineData.size=17, logEntryProtoSerializedSize=0
2025-04-05 17:05:37,051 [s0@group-8F97580789F2-StateMachineUpdater] INFO  impl.SimpleStateMachine4Testing (SimpleStateMachine4Testing.java:put(206)) - s0: put 131, m65 -> (t:1, i:131), STATEMACHINELOGENTRY, WRITE: logData.size=3, stateMachineData.size=17, logEntryProtoSerializedSize=0
2025-04-05 17:05:37,054 [s1@group-8F97580789F2-StateMachineUpdater] INFO  impl.SimpleStateMachine4Testing (SimpleStateMachine4Testing.java:applyTransaction(250)) - applyTransaction for log index 133
2025-04-05 17:05:37,055 [s1@group-8F97580789F2-StateMachineUpdater] INFO  impl.SimpleStateMachine4Testing (SimpleStateMachine4Testing.java:put(206)) - s1: put 133, m66 -> (t:1, i:133), STATEMACHINELOGENTRY, WRITE: logData.size=3, stateMachineData.size=17, logEntryProtoSerializedSize=0
2025-04-05 17:05:37,057 [s2@group-8F97580789F2-StateMachineUpdater] INFO  impl.SimpleStateMachine4Testing (SimpleStateMachine4Testing.java:applyTransaction(250)) - applyTransaction for log index 133
2025-04-05 17:05:37,057 [s2@group-8F97580789F2-StateMachineUpdater] INFO  impl.SimpleStateMachine4Testing (SimpleStateMachine4Testing.java:put(206)) - s2: put 133, m66 -> (t:1, i:133), STATEMACHINELOGENTRY, WRITE: logData.size=3, stateMachineData.size=17, logEntryProtoSerializedSize=0
2025-04-05 17:05:37,058 [s0@group-8F97580789F2-StateMachineUpdater] INFO  impl.SimpleStateMachine4Testing (SimpleStateMachine4Testing.java:applyTransaction(250)) - applyTransaction for log index 133
2025-04-05 17:05:37,058 [s0@group-8F97580789F2-StateMachineUpdater] INFO  impl.SimpleStateMachine4Testing (SimpleStateMachine4Testing.java:put(206)) - s0: put 133, m66 -> (t:1, i:133), STATEMACHINELOGENTRY, WRITE: logData.size=3, stateMachineData.size=17, logEntryProtoSerializedSize=0
2025-04-05 17:05:37,063 [s1@group-8F97580789F2-StateMachineUpdater] INFO  impl.SimpleStateMachine4Testing (SimpleStateMachine4Testing.java:applyTransaction(250)) - applyTransaction for log index 135
2025-04-05 17:05:37,063 [s1@group-8F97580789F2-StateMachineUpdater] INFO  impl.SimpleStateMachine4Testing (SimpleStateMachine4Testing.java:put(206)) - s1: put 135, m67 -> (t:1, i:135), STATEMACHINELOGENTRY, WRITE: logData.size=3, stateMachineData.size=17, logEntryProtoSerializedSize=0
2025-04-05 17:05:37,064 [s2@group-8F97580789F2-StateMachineUpdater] INFO  impl.SimpleStateMachine4Testing (SimpleStateMachine4Testing.java:applyTransaction(250)) - applyTransaction for log index 135
2025-04-05 17:05:37,065 [s2@group-8F97580789F2-StateMachineUpdater] INFO  impl.SimpleStateMachine4Testing (SimpleStateMachine4Testing.java:put(206)) - s2: put 135, m67 -> (t:1, i:135), STATEMACHINELOGENTRY, WRITE: logData.size=3, stateMachineData.size=17, logEntryProtoSerializedSize=0
2025-04-05 17:05:37,065 [s0@group-8F97580789F2-StateMachineUpdater] INFO  impl.SimpleStateMachine4Testing (SimpleStateMachine4Testing.java:applyTransaction(250)) - applyTransaction for log index 135
2025-04-05 17:05:37,066 [s0@group-8F97580789F2-StateMachineUpdater] INFO  impl.SimpleStateMachine4Testing (SimpleStateMachine4Testing.java:put(206)) - s0: put 135, m67 -> (t:1, i:135), STATEMACHINELOGENTRY, WRITE: logData.size=3, stateMachineData.size=17, logEntryProtoSerializedSize=0
2025-04-05 17:05:37,068 [s1@group-8F97580789F2-StateMachineUpdater] INFO  impl.SimpleStateMachine4Testing (SimpleStateMachine4Testing.java:applyTransaction(250)) - applyTransaction for log index 137
2025-04-05 17:05:37,068 [s1@group-8F97580789F2-StateMachineUpdater] INFO  impl.SimpleStateMachine4Testing (SimpleStateMachine4Testing.java:put(206)) - s1: put 137, m68 -> (t:1, i:137), STATEMACHINELOGENTRY, WRITE: logData.size=3, stateMachineData.size=17, logEntryProtoSerializedSize=0
2025-04-05 17:05:37,070 [s0@group-8F97580789F2-StateMachineUpdater] INFO  impl.SimpleStateMachine4Testing (SimpleStateMachine4Testing.java:applyTransaction(250)) - applyTransaction for log index 137
2025-04-05 17:05:37,070 [s0@group-8F97580789F2-StateMachineUpdater] INFO  impl.SimpleStateMachine4Testing (SimpleStateMachine4Testing.java:put(206)) - s0: put 137, m68 -> (t:1, i:137), STATEMACHINELOGENTRY, WRITE: logData.size=3, stateMachineData.size=17, logEntryProtoSerializedSize=0
2025-04-05 17:05:37,071 [s2@group-8F97580789F2-StateMachineUpdater] INFO  impl.SimpleStateMachine4Testing (SimpleStateMachine4Testing.java:applyTransaction(250)) - applyTransaction for log index 137
2025-04-05 17:05:37,071 [s2@group-8F97580789F2-StateMachineUpdater] INFO  impl.SimpleStateMachine4Testing (SimpleStateMachine4Testing.java:put(206)) - s2: put 137, m68 -> (t:1, i:137), STATEMACHINELOGENTRY, WRITE: logData.size=3, stateMachineData.size=17, logEntryProtoSerializedSize=0
2025-04-05 17:05:37,074 [s1@group-8F97580789F2-StateMachineUpdater] INFO  impl.SimpleStateMachine4Testing (SimpleStateMachine4Testing.java:applyTransaction(250)) - applyTransaction for log index 139
2025-04-05 17:05:37,074 [s1@group-8F97580789F2-StateMachineUpdater] INFO  impl.SimpleStateMachine4Testing (SimpleStateMachine4Testing.java:put(206)) - s1: put 139, m69 -> (t:1, i:139), STATEMACHINELOGENTRY, WRITE: logData.size=3, stateMachineData.size=17, logEntryProtoSerializedSize=0
2025-04-05 17:05:37,076 [s2@group-8F97580789F2-StateMachineUpdater] INFO  impl.SimpleStateMachine4Testing (SimpleStateMachine4Testing.java:applyTransaction(250)) - applyTransaction for log index 139
2025-04-05 17:05:37,076 [s2@group-8F97580789F2-StateMachineUpdater] INFO  impl.SimpleStateMachine4Testing (SimpleStateMachine4Testing.java:put(206)) - s2: put 139, m69 -> (t:1, i:139), STATEMACHINELOGENTRY, WRITE: logData.size=3, stateMachineData.size=17, logEntryProtoSerializedSize=0
2025-04-05 17:05:37,079 [s0@group-8F97580789F2-StateMachineUpdater] INFO  impl.SimpleStateMachine4Testing (SimpleStateMachine4Testing.java:applyTransaction(250)) - applyTransaction for log index 139
2025-04-05 17:05:37,080 [s0@group-8F97580789F2-StateMachineUpdater] INFO  impl.SimpleStateMachine4Testing (SimpleStateMachine4Testing.java:put(206)) - s0: put 139, m69 -> (t:1, i:139), STATEMACHINELOGENTRY, WRITE: logData.size=3, stateMachineData.size=17, logEntryProtoSerializedSize=0
2025-04-05 17:05:37,080 [s1@group-8F97580789F2-StateMachineUpdater] INFO  impl.SimpleStateMachine4Testing (SimpleStateMachine4Testing.java:applyTransaction(250)) - applyTransaction for log index 141
2025-04-05 17:05:37,081 [s1@group-8F97580789F2-StateMachineUpdater] INFO  impl.SimpleStateMachine4Testing (SimpleStateMachine4Testing.java:put(206)) - s1: put 141, m70 -> (t:1, i:141), STATEMACHINELOGENTRY, WRITE: logData.size=3, stateMachineData.size=17, logEntryProtoSerializedSize=0
2025-04-05 17:05:37,083 [s0@group-8F97580789F2-StateMachineUpdater] INFO  impl.SimpleStateMachine4Testing (SimpleStateMachine4Testing.java:applyTransaction(250)) - applyTransaction for log index 141
2025-04-05 17:05:37,084 [s0@group-8F97580789F2-StateMachineUpdater] INFO  impl.SimpleStateMachine4Testing (SimpleStateMachine4Testing.java:put(206)) - s0: put 141, m70 -> (t:1, i:141), STATEMACHINELOGENTRY, WRITE: logData.size=3, stateMachineData.size=17, logEntryProtoSerializedSize=0
2025-04-05 17:05:37,084 [s2@group-8F97580789F2-StateMachineUpdater] INFO  impl.SimpleStateMachine4Testing (SimpleStateMachine4Testing.java:applyTransaction(250)) - applyTransaction for log index 141
2025-04-05 17:05:37,086 [s2@group-8F97580789F2-StateMachineUpdater] INFO  impl.SimpleStateMachine4Testing (SimpleStateMachine4Testing.java:put(206)) - s2: put 141, m70 -> (t:1, i:141), STATEMACHINELOGENTRY, WRITE: logData.size=3, stateMachineData.size=17, logEntryProtoSerializedSize=0
2025-04-05 17:05:37,088 [s1@group-8F97580789F2-StateMachineUpdater] INFO  impl.SimpleStateMachine4Testing (SimpleStateMachine4Testing.java:applyTransaction(250)) - applyTransaction for log index 143
2025-04-05 17:05:37,088 [s1@group-8F97580789F2-StateMachineUpdater] INFO  impl.SimpleStateMachine4Testing (SimpleStateMachine4Testing.java:put(206)) - s1: put 143, m71 -> (t:1, i:143), STATEMACHINELOGENTRY, WRITE: logData.size=3, stateMachineData.size=17, logEntryProtoSerializedSize=0
2025-04-05 17:05:37,091 [s2@group-8F97580789F2-StateMachineUpdater] INFO  impl.SimpleStateMachine4Testing (SimpleStateMachine4Testing.java:applyTransaction(250)) - applyTransaction for log index 143
2025-04-05 17:05:37,091 [s2@group-8F97580789F2-StateMachineUpdater] INFO  impl.SimpleStateMachine4Testing (SimpleStateMachine4Testing.java:put(206)) - s2: put 143, m71 -> (t:1, i:143), STATEMACHINELOGENTRY, WRITE: logData.size=3, stateMachineData.size=17, logEntryProtoSerializedSize=0
2025-04-05 17:05:37,092 [s0@group-8F97580789F2-StateMachineUpdater] INFO  impl.SimpleStateMachine4Testing (SimpleStateMachine4Testing.java:applyTransaction(250)) - applyTransaction for log index 143
2025-04-05 17:05:37,093 [s0@group-8F97580789F2-StateMachineUpdater] INFO  impl.SimpleStateMachine4Testing (SimpleStateMachine4Testing.java:put(206)) - s0: put 143, m71 -> (t:1, i:143), STATEMACHINELOGENTRY, WRITE: logData.size=3, stateMachineData.size=17, logEntryProtoSerializedSize=0
2025-04-05 17:05:37,096 [s1@group-8F97580789F2-StateMachineUpdater] INFO  impl.SimpleStateMachine4Testing (SimpleStateMachine4Testing.java:applyTransaction(250)) - applyTransaction for log index 145
2025-04-05 17:05:37,096 [s1@group-8F97580789F2-StateMachineUpdater] INFO  impl.SimpleStateMachine4Testing (SimpleStateMachine4Testing.java:put(206)) - s1: put 145, m72 -> (t:1, i:145), STATEMACHINELOGENTRY, WRITE: logData.size=3, stateMachineData.size=17, logEntryProtoSerializedSize=0
2025-04-05 17:05:37,099 [s2@group-8F97580789F2-StateMachineUpdater] INFO  impl.SimpleStateMachine4Testing (SimpleStateMachine4Testing.java:applyTransaction(250)) - applyTransaction for log index 145
2025-04-05 17:05:37,099 [s2@group-8F97580789F2-StateMachineUpdater] INFO  impl.SimpleStateMachine4Testing (SimpleStateMachine4Testing.java:put(206)) - s2: put 145, m72 -> (t:1, i:145), STATEMACHINELOGENTRY, WRITE: logData.size=3, stateMachineData.size=17, logEntryProtoSerializedSize=0
2025-04-05 17:05:37,100 [s0@group-8F97580789F2-StateMachineUpdater] INFO  impl.SimpleStateMachine4Testing (SimpleStateMachine4Testing.java:applyTransaction(250)) - applyTransaction for log index 145
2025-04-05 17:05:37,100 [s0@group-8F97580789F2-StateMachineUpdater] INFO  impl.SimpleStateMachine4Testing (SimpleStateMachine4Testing.java:put(206)) - s0: put 145, m72 -> (t:1, i:145), STATEMACHINELOGENTRY, WRITE: logData.size=3, stateMachineData.size=17, logEntryProtoSerializedSize=0
2025-04-05 17:05:37,102 [s1@group-8F97580789F2-StateMachineUpdater] INFO  impl.SimpleStateMachine4Testing (SimpleStateMachine4Testing.java:applyTransaction(250)) - applyTransaction for log index 147
2025-04-05 17:05:37,102 [s1@group-8F97580789F2-StateMachineUpdater] INFO  impl.SimpleStateMachine4Testing (SimpleStateMachine4Testing.java:put(206)) - s1: put 147, m73 -> (t:1, i:147), STATEMACHINELOGENTRY, WRITE: logData.size=3, stateMachineData.size=17, logEntryProtoSerializedSize=0
2025-04-05 17:05:37,106 [s2@group-8F97580789F2-StateMachineUpdater] INFO  impl.SimpleStateMachine4Testing (SimpleStateMachine4Testing.java:applyTransaction(250)) - applyTransaction for log index 147
2025-04-05 17:05:37,107 [s2@group-8F97580789F2-StateMachineUpdater] INFO  impl.SimpleStateMachine4Testing (SimpleStateMachine4Testing.java:put(206)) - s2: put 147, m73 -> (t:1, i:147), STATEMACHINELOGENTRY, WRITE: logData.size=3, stateMachineData.size=17, logEntryProtoSerializedSize=0
2025-04-05 17:05:37,107 [s0@group-8F97580789F2-StateMachineUpdater] INFO  impl.SimpleStateMachine4Testing (SimpleStateMachine4Testing.java:applyTransaction(250)) - applyTransaction for log index 147
2025-04-05 17:05:37,107 [s0@group-8F97580789F2-StateMachineUpdater] INFO  impl.SimpleStateMachine4Testing (SimpleStateMachine4Testing.java:put(206)) - s0: put 147, m73 -> (t:1, i:147), STATEMACHINELOGENTRY, WRITE: logData.size=3, stateMachineData.size=17, logEntryProtoSerializedSize=0
2025-04-05 17:05:37,110 [s1@group-8F97580789F2-StateMachineUpdater] INFO  impl.SimpleStateMachine4Testing (SimpleStateMachine4Testing.java:applyTransaction(250)) - applyTransaction for log index 149
2025-04-05 17:05:37,110 [s1@group-8F97580789F2-StateMachineUpdater] INFO  impl.SimpleStateMachine4Testing (SimpleStateMachine4Testing.java:put(206)) - s1: put 149, m74 -> (t:1, i:149), STATEMACHINELOGENTRY, WRITE: logData.size=3, stateMachineData.size=17, logEntryProtoSerializedSize=0
2025-04-05 17:05:37,112 [s2@group-8F97580789F2-StateMachineUpdater] INFO  impl.SimpleStateMachine4Testing (SimpleStateMachine4Testing.java:applyTransaction(250)) - applyTransaction for log index 149
2025-04-05 17:05:37,112 [s2@group-8F97580789F2-StateMachineUpdater] INFO  impl.SimpleStateMachine4Testing (SimpleStateMachine4Testing.java:put(206)) - s2: put 149, m74 -> (t:1, i:149), STATEMACHINELOGENTRY, WRITE: logData.size=3, stateMachineData.size=17, logEntryProtoSerializedSize=0
2025-04-05 17:05:37,113 [s0@group-8F97580789F2-StateMachineUpdater] INFO  impl.SimpleStateMachine4Testing (SimpleStateMachine4Testing.java:applyTransaction(250)) - applyTransaction for log index 149
2025-04-05 17:05:37,114 [s0@group-8F97580789F2-StateMachineUpdater] INFO  impl.SimpleStateMachine4Testing (SimpleStateMachine4Testing.java:put(206)) - s0: put 149, m74 -> (t:1, i:149), STATEMACHINELOGENTRY, WRITE: logData.size=3, stateMachineData.size=17, logEntryProtoSerializedSize=0
2025-04-05 17:05:37,116 [s1@group-8F97580789F2-StateMachineUpdater] INFO  impl.SimpleStateMachine4Testing (SimpleStateMachine4Testing.java:applyTransaction(250)) - applyTransaction for log index 151
2025-04-05 17:05:37,116 [s1@group-8F97580789F2-StateMachineUpdater] INFO  impl.SimpleStateMachine4Testing (SimpleStateMachine4Testing.java:put(206)) - s1: put 151, m75 -> (t:1, i:151), STATEMACHINELOGENTRY, WRITE: logData.size=3, stateMachineData.size=17, logEntryProtoSerializedSize=0
2025-04-05 17:05:37,118 [s0@group-8F97580789F2-StateMachineUpdater] INFO  impl.SimpleStateMachine4Testing (SimpleStateMachine4Testing.java:applyTransaction(250)) - applyTransaction for log index 151
2025-04-05 17:05:37,118 [s0@group-8F97580789F2-StateMachineUpdater] INFO  impl.SimpleStateMachine4Testing (SimpleStateMachine4Testing.java:put(206)) - s0: put 151, m75 -> (t:1, i:151), STATEMACHINELOGENTRY, WRITE: logData.size=3, stateMachineData.size=17, logEntryProtoSerializedSize=0
2025-04-05 17:05:37,119 [s2@group-8F97580789F2-StateMachineUpdater] INFO  impl.SimpleStateMachine4Testing (SimpleStateMachine4Testing.java:applyTransaction(250)) - applyTransaction for log index 151
2025-04-05 17:05:37,119 [s2@group-8F97580789F2-StateMachineUpdater] INFO  impl.SimpleStateMachine4Testing (SimpleStateMachine4Testing.java:put(206)) - s2: put 151, m75 -> (t:1, i:151), STATEMACHINELOGENTRY, WRITE: logData.size=3, stateMachineData.size=17, logEntryProtoSerializedSize=0
2025-04-05 17:05:37,123 [s1@group-8F97580789F2-StateMachineUpdater] INFO  impl.SimpleStateMachine4Testing (SimpleStateMachine4Testing.java:applyTransaction(250)) - applyTransaction for log index 153
2025-04-05 17:05:37,123 [s1@group-8F97580789F2-StateMachineUpdater] INFO  impl.SimpleStateMachine4Testing (SimpleStateMachine4Testing.java:put(206)) - s1: put 153, m76 -> (t:1, i:153), STATEMACHINELOGENTRY, WRITE: logData.size=3, stateMachineData.size=17, logEntryProtoSerializedSize=0
2025-04-05 17:05:37,125 [s2@group-8F97580789F2-StateMachineUpdater] INFO  impl.SimpleStateMachine4Testing (SimpleStateMachine4Testing.java:applyTransaction(250)) - applyTransaction for log index 153
2025-04-05 17:05:37,125 [s2@group-8F97580789F2-StateMachineUpdater] INFO  impl.SimpleStateMachine4Testing (SimpleStateMachine4Testing.java:put(206)) - s2: put 153, m76 -> (t:1, i:153), STATEMACHINELOGENTRY, WRITE: logData.size=3, stateMachineData.size=17, logEntryProtoSerializedSize=0
2025-04-05 17:05:37,126 [s0@group-8F97580789F2-StateMachineUpdater] INFO  impl.SimpleStateMachine4Testing (SimpleStateMachine4Testing.java:applyTransaction(250)) - applyTransaction for log index 153
2025-04-05 17:05:37,126 [s0@group-8F97580789F2-StateMachineUpdater] INFO  impl.SimpleStateMachine4Testing (SimpleStateMachine4Testing.java:put(206)) - s0: put 153, m76 -> (t:1, i:153), STATEMACHINELOGENTRY, WRITE: logData.size=3, stateMachineData.size=17, logEntryProtoSerializedSize=0
2025-04-05 17:05:37,133 [s1@group-8F97580789F2-StateMachineUpdater] INFO  impl.SimpleStateMachine4Testing (SimpleStateMachine4Testing.java:applyTransaction(250)) - applyTransaction for log index 155
2025-04-05 17:05:37,133 [s1@group-8F97580789F2-StateMachineUpdater] INFO  impl.SimpleStateMachine4Testing (SimpleStateMachine4Testing.java:put(206)) - s1: put 155, m77 -> (t:1, i:155), STATEMACHINELOGENTRY, WRITE: logData.size=3, stateMachineData.size=17, logEntryProtoSerializedSize=0
2025-04-05 17:05:37,136 [s0@group-8F97580789F2-StateMachineUpdater] INFO  impl.SimpleStateMachine4Testing (SimpleStateMachine4Testing.java:applyTransaction(250)) - applyTransaction for log index 155
2025-04-05 17:05:37,136 [s0@group-8F97580789F2-StateMachineUpdater] INFO  impl.SimpleStateMachine4Testing (SimpleStateMachine4Testing.java:put(206)) - s0: put 155, m77 -> (t:1, i:155), STATEMACHINELOGENTRY, WRITE: logData.size=3, stateMachineData.size=17, logEntryProtoSerializedSize=0
2025-04-05 17:05:37,138 [s2@group-8F97580789F2-StateMachineUpdater] INFO  impl.SimpleStateMachine4Testing (SimpleStateMachine4Testing.java:applyTransaction(250)) - applyTransaction for log index 155
2025-04-05 17:05:37,138 [s2@group-8F97580789F2-StateMachineUpdater] INFO  impl.SimpleStateMachine4Testing (SimpleStateMachine4Testing.java:put(206)) - s2: put 155, m77 -> (t:1, i:155), STATEMACHINELOGENTRY, WRITE: logData.size=3, stateMachineData.size=17, logEntryProtoSerializedSize=0
2025-04-05 17:05:37,142 [s1@group-8F97580789F2-StateMachineUpdater] INFO  impl.SimpleStateMachine4Testing (SimpleStateMachine4Testing.java:applyTransaction(250)) - applyTransaction for log index 157
2025-04-05 17:05:37,142 [s1@group-8F97580789F2-StateMachineUpdater] INFO  impl.SimpleStateMachine4Testing (SimpleStateMachine4Testing.java:put(206)) - s1: put 157, m78 -> (t:1, i:157), STATEMACHINELOGENTRY, WRITE: logData.size=3, stateMachineData.size=17, logEntryProtoSerializedSize=0
2025-04-05 17:05:37,144 [s2@group-8F97580789F2-StateMachineUpdater] INFO  impl.SimpleStateMachine4Testing (SimpleStateMachine4Testing.java:applyTransaction(250)) - applyTransaction for log index 157
2025-04-05 17:05:37,144 [s2@group-8F97580789F2-StateMachineUpdater] INFO  impl.SimpleStateMachine4Testing (SimpleStateMachine4Testing.java:put(206)) - s2: put 157, m78 -> (t:1, i:157), STATEMACHINELOGENTRY, WRITE: logData.size=3, stateMachineData.size=17, logEntryProtoSerializedSize=0
2025-04-05 17:05:37,149 [s1@group-8F97580789F2-StateMachineUpdater] INFO  impl.SimpleStateMachine4Testing (SimpleStateMachine4Testing.java:applyTransaction(250)) - applyTransaction for log index 159
2025-04-05 17:05:37,149 [s1@group-8F97580789F2-StateMachineUpdater] INFO  impl.SimpleStateMachine4Testing (SimpleStateMachine4Testing.java:put(206)) - s1: put 159, m79 -> (t:1, i:159), STATEMACHINELOGENTRY, WRITE: logData.size=3, stateMachineData.size=17, logEntryProtoSerializedSize=0
2025-04-05 17:05:37,149 [s2@group-8F97580789F2-StateMachineUpdater] INFO  impl.SimpleStateMachine4Testing (SimpleStateMachine4Testing.java:applyTransaction(250)) - applyTransaction for log index 159
2025-04-05 17:05:37,149 [s2@group-8F97580789F2-StateMachineUpdater] INFO  impl.SimpleStateMachine4Testing (SimpleStateMachine4Testing.java:put(206)) - s2: put 159, m79 -> (t:1, i:159), STATEMACHINELOGENTRY, WRITE: logData.size=3, stateMachineData.size=17, logEntryProtoSerializedSize=0
2025-04-05 17:05:37,149 [s0@group-8F97580789F2-StateMachineUpdater] INFO  impl.SimpleStateMachine4Testing (SimpleStateMachine4Testing.java:applyTransaction(250)) - applyTransaction for log index 157
2025-04-05 17:05:37,150 [s0@group-8F97580789F2-StateMachineUpdater] INFO  impl.SimpleStateMachine4Testing (SimpleStateMachine4Testing.java:put(206)) - s0: put 157, m78 -> (t:1, i:157), STATEMACHINELOGENTRY, WRITE: logData.size=3, stateMachineData.size=17, logEntryProtoSerializedSize=0
2025-04-05 17:05:37,153 [s1@group-8F97580789F2-StateMachineUpdater] INFO  impl.SimpleStateMachine4Testing (SimpleStateMachine4Testing.java:applyTransaction(250)) - applyTransaction for log index 161
2025-04-05 17:05:37,153 [s1@group-8F97580789F2-StateMachineUpdater] INFO  impl.SimpleStateMachine4Testing (SimpleStateMachine4Testing.java:put(206)) - s1: put 161, m80 -> (t:1, i:161), STATEMACHINELOGENTRY, WRITE: logData.size=3, stateMachineData.size=17, logEntryProtoSerializedSize=0
2025-04-05 17:05:37,156 [s0@group-8F97580789F2-StateMachineUpdater] INFO  impl.SimpleStateMachine4Testing (SimpleStateMachine4Testing.java:applyTransaction(250)) - applyTransaction for log index 159
2025-04-05 17:05:37,156 [s0@group-8F97580789F2-StateMachineUpdater] INFO  impl.SimpleStateMachine4Testing (SimpleStateMachine4Testing.java:put(206)) - s0: put 159, m79 -> (t:1, i:159), STATEMACHINELOGENTRY, WRITE: logData.size=3, stateMachineData.size=17, logEntryProtoSerializedSize=0
2025-04-05 17:05:37,157 [s2@group-8F97580789F2-StateMachineUpdater] INFO  impl.SimpleStateMachine4Testing (SimpleStateMachine4Testing.java:applyTransaction(250)) - applyTransaction for log index 161
2025-04-05 17:05:37,157 [s2@group-8F97580789F2-StateMachineUpdater] INFO  impl.SimpleStateMachine4Testing (SimpleStateMachine4Testing.java:put(206)) - s2: put 161, m80 -> (t:1, i:161), STATEMACHINELOGENTRY, WRITE: logData.size=3, stateMachineData.size=17, logEntryProtoSerializedSize=0
2025-04-05 17:05:37,158 [s0@group-8F97580789F2-StateMachineUpdater] INFO  impl.SimpleStateMachine4Testing (SimpleStateMachine4Testing.java:applyTransaction(250)) - applyTransaction for log index 161
2025-04-05 17:05:37,158 [s0@group-8F97580789F2-StateMachineUpdater] INFO  impl.SimpleStateMachine4Testing (SimpleStateMachine4Testing.java:put(206)) - s0: put 161, m80 -> (t:1, i:161), STATEMACHINELOGENTRY, WRITE: logData.size=3, stateMachineData.size=17, logEntryProtoSerializedSize=0
2025-04-05 17:05:37,159 [s1@group-8F97580789F2-StateMachineUpdater] INFO  impl.SimpleStateMachine4Testing (SimpleStateMachine4Testing.java:applyTransaction(250)) - applyTransaction for log index 163
2025-04-05 17:05:37,159 [s1@group-8F97580789F2-StateMachineUpdater] INFO  impl.SimpleStateMachine4Testing (SimpleStateMachine4Testing.java:put(206)) - s1: put 163, m81 -> (t:1, i:163), STATEMACHINELOGENTRY, WRITE: logData.size=3, stateMachineData.size=17, logEntryProtoSerializedSize=0
2025-04-05 17:05:37,161 [s0@group-8F97580789F2-StateMachineUpdater] INFO  impl.SimpleStateMachine4Testing (SimpleStateMachine4Testing.java:applyTransaction(250)) - applyTransaction for log index 163
2025-04-05 17:05:37,161 [s0@group-8F97580789F2-StateMachineUpdater] INFO  impl.SimpleStateMachine4Testing (SimpleStateMachine4Testing.java:put(206)) - s0: put 163, m81 -> (t:1, i:163), STATEMACHINELOGENTRY, WRITE: logData.size=3, stateMachineData.size=17, logEntryProtoSerializedSize=0
2025-04-05 17:05:37,161 [s2@group-8F97580789F2-StateMachineUpdater] INFO  impl.SimpleStateMachine4Testing (SimpleStateMachine4Testing.java:applyTransaction(250)) - applyTransaction for log index 163
2025-04-05 17:05:37,161 [s2@group-8F97580789F2-StateMachineUpdater] INFO  impl.SimpleStateMachine4Testing (SimpleStateMachine4Testing.java:put(206)) - s2: put 163, m81 -> (t:1, i:163), STATEMACHINELOGENTRY, WRITE: logData.size=3, stateMachineData.size=17, logEntryProtoSerializedSize=0
2025-04-05 17:05:37,164 [s1@group-8F97580789F2-StateMachineUpdater] INFO  impl.SimpleStateMachine4Testing (SimpleStateMachine4Testing.java:applyTransaction(250)) - applyTransaction for log index 165
2025-04-05 17:05:37,164 [s1@group-8F97580789F2-StateMachineUpdater] INFO  impl.SimpleStateMachine4Testing (SimpleStateMachine4Testing.java:put(206)) - s1: put 165, m82 -> (t:1, i:165), STATEMACHINELOGENTRY, WRITE: logData.size=3, stateMachineData.size=17, logEntryProtoSerializedSize=0
2025-04-05 17:05:37,166 [s2@group-8F97580789F2-StateMachineUpdater] INFO  impl.SimpleStateMachine4Testing (SimpleStateMachine4Testing.java:applyTransaction(250)) - applyTransaction for log index 165
2025-04-05 17:05:37,166 [s0@group-8F97580789F2-StateMachineUpdater] INFO  impl.SimpleStateMachine4Testing (SimpleStateMachine4Testing.java:applyTransaction(250)) - applyTransaction for log index 165
2025-04-05 17:05:37,166 [s0@group-8F97580789F2-StateMachineUpdater] INFO  impl.SimpleStateMachine4Testing (SimpleStateMachine4Testing.java:put(206)) - s0: put 165, m82 -> (t:1, i:165), STATEMACHINELOGENTRY, WRITE: logData.size=3, stateMachineData.size=17, logEntryProtoSerializedSize=0
2025-04-05 17:05:37,166 [s2@group-8F97580789F2-StateMachineUpdater] INFO  impl.SimpleStateMachine4Testing (SimpleStateMachine4Testing.java:put(206)) - s2: put 165, m82 -> (t:1, i:165), STATEMACHINELOGENTRY, WRITE: logData.size=3, stateMachineData.size=17, logEntryProtoSerializedSize=0
2025-04-05 17:05:37,170 [s1@group-8F97580789F2-StateMachineUpdater] INFO  impl.SimpleStateMachine4Testing (SimpleStateMachine4Testing.java:applyTransaction(250)) - applyTransaction for log index 167
2025-04-05 17:05:37,170 [s1@group-8F97580789F2-StateMachineUpdater] INFO  impl.SimpleStateMachine4Testing (SimpleStateMachine4Testing.java:put(206)) - s1: put 167, m83 -> (t:1, i:167), STATEMACHINELOGENTRY, WRITE: logData.size=3, stateMachineData.size=17, logEntryProtoSerializedSize=0
2025-04-05 17:05:37,171 [s2@group-8F97580789F2-StateMachineUpdater] INFO  impl.SimpleStateMachine4Testing (SimpleStateMachine4Testing.java:applyTransaction(250)) - applyTransaction for log index 167
2025-04-05 17:05:37,171 [s2@group-8F97580789F2-StateMachineUpdater] INFO  impl.SimpleStateMachine4Testing (SimpleStateMachine4Testing.java:put(206)) - s2: put 167, m83 -> (t:1, i:167), STATEMACHINELOGENTRY, WRITE: logData.size=3, stateMachineData.size=17, logEntryProtoSerializedSize=0
2025-04-05 17:05:37,172 [s0@group-8F97580789F2-StateMachineUpdater] INFO  impl.SimpleStateMachine4Testing (SimpleStateMachine4Testing.java:applyTransaction(250)) - applyTransaction for log index 167
2025-04-05 17:05:37,173 [s0@group-8F97580789F2-StateMachineUpdater] INFO  impl.SimpleStateMachine4Testing (SimpleStateMachine4Testing.java:put(206)) - s0: put 167, m83 -> (t:1, i:167), STATEMACHINELOGENTRY, WRITE: logData.size=3, stateMachineData.size=17, logEntryProtoSerializedSize=0
2025-04-05 17:05:37,176 [s1@group-8F97580789F2-StateMachineUpdater] INFO  impl.SimpleStateMachine4Testing (SimpleStateMachine4Testing.java:applyTransaction(250)) - applyTransaction for log index 169
2025-04-05 17:05:37,176 [s1@group-8F97580789F2-StateMachineUpdater] INFO  impl.SimpleStateMachine4Testing (SimpleStateMachine4Testing.java:put(206)) - s1: put 169, m84 -> (t:1, i:169), STATEMACHINELOGENTRY, WRITE: logData.size=3, stateMachineData.size=17, logEntryProtoSerializedSize=0
2025-04-05 17:05:37,178 [s2@group-8F97580789F2-StateMachineUpdater] INFO  impl.SimpleStateMachine4Testing (SimpleStateMachine4Testing.java:applyTransaction(250)) - applyTransaction for log index 169
2025-04-05 17:05:37,178 [s0@group-8F97580789F2-StateMachineUpdater] INFO  impl.SimpleStateMachine4Testing (SimpleStateMachine4Testing.java:applyTransaction(250)) - applyTransaction for log index 169
2025-04-05 17:05:37,178 [s0@group-8F97580789F2-StateMachineUpdater] INFO  impl.SimpleStateMachine4Testing (SimpleStateMachine4Testing.java:put(206)) - s0: put 169, m84 -> (t:1, i:169), STATEMACHINELOGENTRY, WRITE: logData.size=3, stateMachineData.size=17, logEntryProtoSerializedSize=0
2025-04-05 17:05:37,178 [s2@group-8F97580789F2-StateMachineUpdater] INFO  impl.SimpleStateMachine4Testing (SimpleStateMachine4Testing.java:put(206)) - s2: put 169, m84 -> (t:1, i:169), STATEMACHINELOGENTRY, WRITE: logData.size=3, stateMachineData.size=17, logEntryProtoSerializedSize=0
2025-04-05 17:05:37,181 [s1@group-8F97580789F2-StateMachineUpdater] INFO  impl.SimpleStateMachine4Testing (SimpleStateMachine4Testing.java:applyTransaction(250)) - applyTransaction for log index 171
2025-04-05 17:05:37,182 [s1@group-8F97580789F2-StateMachineUpdater] INFO  impl.SimpleStateMachine4Testing (SimpleStateMachine4Testing.java:put(206)) - s1: put 171, m85 -> (t:1, i:171), STATEMACHINELOGENTRY, WRITE: logData.size=3, stateMachineData.size=17, logEntryProtoSerializedSize=0
2025-04-05 17:05:37,184 [s0@group-8F97580789F2-StateMachineUpdater] INFO  impl.SimpleStateMachine4Testing (SimpleStateMachine4Testing.java:applyTransaction(250)) - applyTransaction for log index 171
2025-04-05 17:05:37,184 [s0@group-8F97580789F2-StateMachineUpdater] INFO  impl.SimpleStateMachine4Testing (SimpleStateMachine4Testing.java:put(206)) - s0: put 171, m85 -> (t:1, i:171), STATEMACHINELOGENTRY, WRITE: logData.size=3, stateMachineData.size=17, logEntryProtoSerializedSize=0
2025-04-05 17:05:37,185 [s2@group-8F97580789F2-StateMachineUpdater] INFO  impl.SimpleStateMachine4Testing (SimpleStateMachine4Testing.java:applyTransaction(250)) - applyTransaction for log index 171
2025-04-05 17:05:37,185 [s2@group-8F97580789F2-StateMachineUpdater] INFO  impl.SimpleStateMachine4Testing (SimpleStateMachine4Testing.java:put(206)) - s2: put 171, m85 -> (t:1, i:171), STATEMACHINELOGENTRY, WRITE: logData.size=3, stateMachineData.size=17, logEntryProtoSerializedSize=0
2025-04-05 17:05:37,187 [s1@group-8F97580789F2-StateMachineUpdater] INFO  impl.SimpleStateMachine4Testing (SimpleStateMachine4Testing.java:applyTransaction(250)) - applyTransaction for log index 173
2025-04-05 17:05:37,188 [s1@group-8F97580789F2-StateMachineUpdater] INFO  impl.SimpleStateMachine4Testing (SimpleStateMachine4Testing.java:put(206)) - s1: put 173, m86 -> (t:1, i:173), STATEMACHINELOGENTRY, WRITE: logData.size=3, stateMachineData.size=17, logEntryProtoSerializedSize=0
2025-04-05 17:05:37,190 [s0@group-8F97580789F2-StateMachineUpdater] INFO  impl.SimpleStateMachine4Testing (SimpleStateMachine4Testing.java:applyTransaction(250)) - applyTransaction for log index 173
2025-04-05 17:05:37,191 [s2@group-8F97580789F2-StateMachineUpdater] INFO  impl.SimpleStateMachine4Testing (SimpleStateMachine4Testing.java:applyTransaction(250)) - applyTransaction for log index 173
2025-04-05 17:05:37,191 [s2@group-8F97580789F2-StateMachineUpdater] INFO  impl.SimpleStateMachine4Testing (SimpleStateMachine4Testing.java:put(206)) - s2: put 173, m86 -> (t:1, i:173), STATEMACHINELOGENTRY, WRITE: logData.size=3, stateMachineData.size=17, logEntryProtoSerializedSize=0
2025-04-05 17:05:37,192 [s0@group-8F97580789F2-StateMachineUpdater] INFO  impl.SimpleStateMachine4Testing (SimpleStateMachine4Testing.java:put(206)) - s0: put 173, m86 -> (t:1, i:173), STATEMACHINELOGENTRY, WRITE: logData.size=3, stateMachineData.size=17, logEntryProtoSerializedSize=0
2025-04-05 17:05:37,195 [s1@group-8F97580789F2-StateMachineUpdater] INFO  impl.SimpleStateMachine4Testing (SimpleStateMachine4Testing.java:applyTransaction(250)) - applyTransaction for log index 175
2025-04-05 17:05:37,196 [s1@group-8F97580789F2-StateMachineUpdater] INFO  impl.SimpleStateMachine4Testing (SimpleStateMachine4Testing.java:put(206)) - s1: put 175, m87 -> (t:1, i:175), STATEMACHINELOGENTRY, WRITE: logData.size=3, stateMachineData.size=17, logEntryProtoSerializedSize=0
2025-04-05 17:05:37,197 [s2@group-8F97580789F2-StateMachineUpdater] INFO  impl.SimpleStateMachine4Testing (SimpleStateMachine4Testing.java:applyTransaction(250)) - applyTransaction for log index 175
2025-04-05 17:05:37,197 [s2@group-8F97580789F2-StateMachineUpdater] INFO  impl.SimpleStateMachine4Testing (SimpleStateMachine4Testing.java:put(206)) - s2: put 175, m87 -> (t:1, i:175), STATEMACHINELOGENTRY, WRITE: logData.size=3, stateMachineData.size=17, logEntryProtoSerializedSize=0
2025-04-05 17:05:37,197 [s0@group-8F97580789F2-StateMachineUpdater] INFO  impl.SimpleStateMachine4Testing (SimpleStateMachine4Testing.java:applyTransaction(250)) - applyTransaction for log index 175
2025-04-05 17:05:37,197 [s0@group-8F97580789F2-StateMachineUpdater] INFO  impl.SimpleStateMachine4Testing (SimpleStateMachine4Testing.java:put(206)) - s0: put 175, m87 -> (t:1, i:175), STATEMACHINELOGENTRY, WRITE: logData.size=3, stateMachineData.size=17, logEntryProtoSerializedSize=0
2025-04-05 17:05:37,201 [s1@group-8F97580789F2-StateMachineUpdater] INFO  impl.SimpleStateMachine4Testing (SimpleStateMachine4Testing.java:applyTransaction(250)) - applyTransaction for log index 177
2025-04-05 17:05:37,201 [s1@group-8F97580789F2-StateMachineUpdater] INFO  impl.SimpleStateMachine4Testing (SimpleStateMachine4Testing.java:put(206)) - s1: put 177, m88 -> (t:1, i:177), STATEMACHINELOGENTRY, WRITE: logData.size=3, stateMachineData.size=17, logEntryProtoSerializedSize=0
2025-04-05 17:05:37,203 [s0@group-8F97580789F2-StateMachineUpdater] INFO  impl.SimpleStateMachine4Testing (SimpleStateMachine4Testing.java:applyTransaction(250)) - applyTransaction for log index 177
2025-04-05 17:05:37,203 [s0@group-8F97580789F2-StateMachineUpdater] INFO  impl.SimpleStateMachine4Testing (SimpleStateMachine4Testing.java:put(206)) - s0: put 177, m88 -> (t:1, i:177), STATEMACHINELOGENTRY, WRITE: logData.size=3, stateMachineData.size=17, logEntryProtoSerializedSize=0
2025-04-05 17:05:37,204 [s2@group-8F97580789F2-StateMachineUpdater] INFO  impl.SimpleStateMachine4Testing (SimpleStateMachine4Testing.java:applyTransaction(250)) - applyTransaction for log index 177
2025-04-05 17:05:37,204 [s2@group-8F97580789F2-StateMachineUpdater] INFO  impl.SimpleStateMachine4Testing (SimpleStateMachine4Testing.java:put(206)) - s2: put 177, m88 -> (t:1, i:177), STATEMACHINELOGENTRY, WRITE: logData.size=3, stateMachineData.size=17, logEntryProtoSerializedSize=0
2025-04-05 17:05:37,207 [s1@group-8F97580789F2-StateMachineUpdater] INFO  impl.SimpleStateMachine4Testing (SimpleStateMachine4Testing.java:applyTransaction(250)) - applyTransaction for log index 179
2025-04-05 17:05:37,207 [s1@group-8F97580789F2-StateMachineUpdater] INFO  impl.SimpleStateMachine4Testing (SimpleStateMachine4Testing.java:put(206)) - s1: put 179, m89 -> (t:1, i:179), STATEMACHINELOGENTRY, WRITE: logData.size=3, stateMachineData.size=17, logEntryProtoSerializedSize=0
2025-04-05 17:05:37,211 [s0@group-8F97580789F2-StateMachineUpdater] INFO  impl.SimpleStateMachine4Testing (SimpleStateMachine4Testing.java:applyTransaction(250)) - applyTransaction for log index 179
2025-04-05 17:05:37,212 [s0@group-8F97580789F2-StateMachineUpdater] INFO  impl.SimpleStateMachine4Testing (SimpleStateMachine4Testing.java:put(206)) - s0: put 179, m89 -> (t:1, i:179), STATEMACHINELOGENTRY, WRITE: logData.size=3, stateMachineData.size=17, logEntryProtoSerializedSize=0
2025-04-05 17:05:37,212 [s2@group-8F97580789F2-StateMachineUpdater] INFO  impl.SimpleStateMachine4Testing (SimpleStateMachine4Testing.java:applyTransaction(250)) - applyTransaction for log index 179
2025-04-05 17:05:37,212 [s2@group-8F97580789F2-StateMachineUpdater] INFO  impl.SimpleStateMachine4Testing (SimpleStateMachine4Testing.java:put(206)) - s2: put 179, m89 -> (t:1, i:179), STATEMACHINELOGENTRY, WRITE: logData.size=3, stateMachineData.size=17, logEntryProtoSerializedSize=0
2025-04-05 17:05:37,213 [s1@group-8F97580789F2-StateMachineUpdater] INFO  impl.SimpleStateMachine4Testing (SimpleStateMachine4Testing.java:applyTransaction(250)) - applyTransaction for log index 181
2025-04-05 17:05:37,213 [s1@group-8F97580789F2-StateMachineUpdater] INFO  impl.SimpleStateMachine4Testing (SimpleStateMachine4Testing.java:put(206)) - s1: put 181, m90 -> (t:1, i:181), STATEMACHINELOGENTRY, WRITE: logData.size=3, stateMachineData.size=17, logEntryProtoSerializedSize=0
2025-04-05 17:05:37,215 [s2@group-8F97580789F2-StateMachineUpdater] INFO  impl.SimpleStateMachine4Testing (SimpleStateMachine4Testing.java:applyTransaction(250)) - applyTransaction for log index 181
2025-04-05 17:05:37,215 [s2@group-8F97580789F2-StateMachineUpdater] INFO  impl.SimpleStateMachine4Testing (SimpleStateMachine4Testing.java:put(206)) - s2: put 181, m90 -> (t:1, i:181), STATEMACHINELOGENTRY, WRITE: logData.size=3, stateMachineData.size=17, logEntryProtoSerializedSize=0
2025-04-05 17:05:37,216 [s0@group-8F97580789F2-StateMachineUpdater] INFO  impl.SimpleStateMachine4Testing (SimpleStateMachine4Testing.java:applyTransaction(250)) - applyTransaction for log index 181
2025-04-05 17:05:37,216 [s0@group-8F97580789F2-StateMachineUpdater] INFO  impl.SimpleStateMachine4Testing (SimpleStateMachine4Testing.java:put(206)) - s0: put 181, m90 -> (t:1, i:181), STATEMACHINELOGENTRY, WRITE: logData.size=3, stateMachineData.size=17, logEntryProtoSerializedSize=0
2025-04-05 17:05:37,219 [s1@group-8F97580789F2-StateMachineUpdater] INFO  impl.SimpleStateMachine4Testing (SimpleStateMachine4Testing.java:applyTransaction(250)) - applyTransaction for log index 183
2025-04-05 17:05:37,219 [s1@group-8F97580789F2-StateMachineUpdater] INFO  impl.SimpleStateMachine4Testing (SimpleStateMachine4Testing.java:put(206)) - s1: put 183, m91 -> (t:1, i:183), STATEMACHINELOGENTRY, WRITE: logData.size=3, stateMachineData.size=17, logEntryProtoSerializedSize=0
2025-04-05 17:05:37,224 [s0@group-8F97580789F2-StateMachineUpdater] INFO  impl.SimpleStateMachine4Testing (SimpleStateMachine4Testing.java:applyTransaction(250)) - applyTransaction for log index 183
2025-04-05 17:05:37,224 [s0@group-8F97580789F2-StateMachineUpdater] INFO  impl.SimpleStateMachine4Testing (SimpleStateMachine4Testing.java:put(206)) - s0: put 183, m91 -> (t:1, i:183), STATEMACHINELOGENTRY, WRITE: logData.size=3, stateMachineData.size=17, logEntryProtoSerializedSize=0
2025-04-05 17:05:37,224 [s2@group-8F97580789F2-StateMachineUpdater] INFO  impl.SimpleStateMachine4Testing (SimpleStateMachine4Testing.java:applyTransaction(250)) - applyTransaction for log index 183
2025-04-05 17:05:37,224 [s2@group-8F97580789F2-StateMachineUpdater] INFO  impl.SimpleStateMachine4Testing (SimpleStateMachine4Testing.java:put(206)) - s2: put 183, m91 -> (t:1, i:183), STATEMACHINELOGENTRY, WRITE: logData.size=3, stateMachineData.size=17, logEntryProtoSerializedSize=0
2025-04-05 17:05:37,224 [s1@group-8F97580789F2-StateMachineUpdater] INFO  impl.SimpleStateMachine4Testing (SimpleStateMachine4Testing.java:applyTransaction(250)) - applyTransaction for log index 185
2025-04-05 17:05:37,224 [s1@group-8F97580789F2-StateMachineUpdater] INFO  impl.SimpleStateMachine4Testing (SimpleStateMachine4Testing.java:put(206)) - s1: put 185, m92 -> (t:1, i:185), STATEMACHINELOGENTRY, WRITE: logData.size=3, stateMachineData.size=17, logEntryProtoSerializedSize=0
2025-04-05 17:05:37,226 [s0@group-8F97580789F2-StateMachineUpdater] INFO  impl.SimpleStateMachine4Testing (SimpleStateMachine4Testing.java:applyTransaction(250)) - applyTransaction for log index 185
2025-04-05 17:05:37,226 [s0@group-8F97580789F2-StateMachineUpdater] INFO  impl.SimpleStateMachine4Testing (SimpleStateMachine4Testing.java:put(206)) - s0: put 185, m92 -> (t:1, i:185), STATEMACHINELOGENTRY, WRITE: logData.size=3, stateMachineData.size=17, logEntryProtoSerializedSize=0
2025-04-05 17:05:37,227 [s2@group-8F97580789F2-StateMachineUpdater] INFO  impl.SimpleStateMachine4Testing (SimpleStateMachine4Testing.java:applyTransaction(250)) - applyTransaction for log index 185
2025-04-05 17:05:37,228 [s2@group-8F97580789F2-StateMachineUpdater] INFO  impl.SimpleStateMachine4Testing (SimpleStateMachine4Testing.java:put(206)) - s2: put 185, m92 -> (t:1, i:185), STATEMACHINELOGENTRY, WRITE: logData.size=3, stateMachineData.size=17, logEntryProtoSerializedSize=0
2025-04-05 17:05:37,230 [s1@group-8F97580789F2-StateMachineUpdater] INFO  impl.SimpleStateMachine4Testing (SimpleStateMachine4Testing.java:applyTransaction(250)) - applyTransaction for log index 187
2025-04-05 17:05:37,230 [s1@group-8F97580789F2-StateMachineUpdater] INFO  impl.SimpleStateMachine4Testing (SimpleStateMachine4Testing.java:put(206)) - s1: put 187, m93 -> (t:1, i:187), STATEMACHINELOGENTRY, WRITE: logData.size=3, stateMachineData.size=17, logEntryProtoSerializedSize=0
2025-04-05 17:05:37,233 [s0@group-8F97580789F2-StateMachineUpdater] INFO  impl.SimpleStateMachine4Testing (SimpleStateMachine4Testing.java:applyTransaction(250)) - applyTransaction for log index 187
2025-04-05 17:05:37,233 [s0@group-8F97580789F2-StateMachineUpdater] INFO  impl.SimpleStateMachine4Testing (SimpleStateMachine4Testing.java:put(206)) - s0: put 187, m93 -> (t:1, i:187), STATEMACHINELOGENTRY, WRITE: logData.size=3, stateMachineData.size=17, logEntryProtoSerializedSize=0
2025-04-05 17:05:37,234 [s2@group-8F97580789F2-StateMachineUpdater] INFO  impl.SimpleStateMachine4Testing (SimpleStateMachine4Testing.java:applyTransaction(250)) - applyTransaction for log index 187
2025-04-05 17:05:37,234 [s2@group-8F97580789F2-StateMachineUpdater] INFO  impl.SimpleStateMachine4Testing (SimpleStateMachine4Testing.java:put(206)) - s2: put 187, m93 -> (t:1, i:187), STATEMACHINELOGENTRY, WRITE: logData.size=3, stateMachineData.size=17, logEntryProtoSerializedSize=0
2025-04-05 17:05:37,237 [s1@group-8F97580789F2-StateMachineUpdater] INFO  impl.SimpleStateMachine4Testing (SimpleStateMachine4Testing.java:applyTransaction(250)) - applyTransaction for log index 189
2025-04-05 17:05:37,237 [s1@group-8F97580789F2-StateMachineUpdater] INFO  impl.SimpleStateMachine4Testing (SimpleStateMachine4Testing.java:put(206)) - s1: put 189, m94 -> (t:1, i:189), STATEMACHINELOGENTRY, WRITE: logData.size=3, stateMachineData.size=17, logEntryProtoSerializedSize=0
2025-04-05 17:05:37,239 [s2@group-8F97580789F2-StateMachineUpdater] INFO  impl.SimpleStateMachine4Testing (SimpleStateMachine4Testing.java:applyTransaction(250)) - applyTransaction for log index 189
2025-04-05 17:05:37,239 [s2@group-8F97580789F2-StateMachineUpdater] INFO  impl.SimpleStateMachine4Testing (SimpleStateMachine4Testing.java:put(206)) - s2: put 189, m94 -> (t:1, i:189), STATEMACHINELOGENTRY, WRITE: logData.size=3, stateMachineData.size=17, logEntryProtoSerializedSize=0
2025-04-05 17:05:37,240 [s0@group-8F97580789F2-StateMachineUpdater] INFO  impl.SimpleStateMachine4Testing (SimpleStateMachine4Testing.java:applyTransaction(250)) - applyTransaction for log index 189
2025-04-05 17:05:37,241 [s0@group-8F97580789F2-StateMachineUpdater] INFO  impl.SimpleStateMachine4Testing (SimpleStateMachine4Testing.java:put(206)) - s0: put 189, m94 -> (t:1, i:189), STATEMACHINELOGENTRY, WRITE: logData.size=3, stateMachineData.size=17, logEntryProtoSerializedSize=0
2025-04-05 17:05:37,244 [s1@group-8F97580789F2-StateMachineUpdater] INFO  impl.SimpleStateMachine4Testing (SimpleStateMachine4Testing.java:applyTransaction(250)) - applyTransaction for log index 191
2025-04-05 17:05:37,245 [s1@group-8F97580789F2-StateMachineUpdater] INFO  impl.SimpleStateMachine4Testing (SimpleStateMachine4Testing.java:put(206)) - s1: put 191, m95 -> (t:1, i:191), STATEMACHINELOGENTRY, WRITE: logData.size=3, stateMachineData.size=17, logEntryProtoSerializedSize=0
2025-04-05 17:05:37,245 [s1@group-8F97580789F2-StateMachineUpdater] TRACE util.FileUtils (FileUtils.java:deleteFully(318)) - deleteFully /tmp/ratis-tests/statemachine/s1/snapshot/1_191
2025-04-05 17:05:37,245 [s1@group-8F97580789F2-StateMachineUpdater] TRACE util.FileUtils (FileUtils.java:deleteFully(331)) - deleteFully: /tmp/ratis-tests/statemachine/s1/snapshot/1_191 does not exist.
2025-04-05 17:05:37,245 [s1@group-8F97580789F2-StateMachineUpdater] TRACE util.FileUtils (FileUtils.java:deleteFully(318)) - deleteFully /tmp/ratis-tests/statemachine/s1/tmp/0fcf86af-1739-47f0-9f49-11223add165c
2025-04-05 17:05:37,245 [s1@group-8F97580789F2-StateMachineUpdater] TRACE util.FileUtils (FileUtils.java:deleteFully(331)) - deleteFully: /tmp/ratis-tests/statemachine/s1/tmp/0fcf86af-1739-47f0-9f49-11223add165c does not exist.
2025-04-05 17:05:37,245 [s1@group-8F97580789F2-StateMachineUpdater] TRACE util.FileUtils (LogUtils.java:runAndLog(49)) - Successfully ran Atomic Files.move /tmp/ratis-tests/statemachine/s1/tmp/0fcf86af-1739-47f0-9f49-11223add165c to /tmp/ratis-tests/statemachine/s1/snapshot/1_191
2025-04-05 17:05:37,245 [s1@group-8F97580789F2-StateMachineUpdater] INFO  impl.StateMachineUpdater (StateMachineUpdater.java:takeSnapshot(311)) - s1@group-8F97580789F2-StateMachineUpdater: Took a snapshot at index 191
2025-04-05 17:05:37,245 [s1@group-8F97580789F2-StateMachineUpdater] INFO  impl.StateMachineUpdater (StateMachineUpdater.java:lambda$new$0(100)) - s1@group-8F97580789F2-StateMachineUpdater: snapshotIndex: updateIncreasingly 127 -> 191
2025-04-05 17:05:37,246 [s1@group-8F97580789F2-StateMachineUpdater] INFO  raftlog.RaftLog (RaftLogBase.java:purge(339)) - s1@group-8F97580789F2-SegmentedRaftLog: purge 189
2025-04-05 17:05:37,246 [s1@group-8F97580789F2-StateMachineUpdater] INFO  raftlog.RaftLog (RaftLogBase.java:lambda$new$0(57)) - s1@group-8F97580789F2-SegmentedRaftLog: snapshotIndex: updateIncreasingly 127 -> 191
2025-04-05 17:05:37,246 [s1@group-8F97580789F2-StateMachineUpdater] INFO  raftlog.RaftLog (RaftLogBase.java:lambda$new$0(57)) - s1@group-8F97580789F2-SegmentedRaftLog: purgeIndex: updateToMax old=125, new=189, updated? true
2025-04-05 17:05:37,247 [s2@group-8F97580789F2-StateMachineUpdater] INFO  impl.SimpleStateMachine4Testing (SimpleStateMachine4Testing.java:applyTransaction(250)) - applyTransaction for log index 191
2025-04-05 17:05:37,247 [s2@group-8F97580789F2-StateMachineUpdater] INFO  impl.SimpleStateMachine4Testing (SimpleStateMachine4Testing.java:put(206)) - s2: put 191, m95 -> (t:1, i:191), STATEMACHINELOGENTRY, WRITE: logData.size=3, stateMachineData.size=17, logEntryProtoSerializedSize=0
2025-04-05 17:05:37,248 [s2@group-8F97580789F2-StateMachineUpdater] TRACE util.FileUtils (FileUtils.java:deleteFully(318)) - deleteFully /tmp/ratis-tests/statemachine/s2/snapshot/1_191
2025-04-05 17:05:37,248 [s2@group-8F97580789F2-StateMachineUpdater] TRACE util.FileUtils (FileUtils.java:deleteFully(331)) - deleteFully: /tmp/ratis-tests/statemachine/s2/snapshot/1_191 does not exist.
2025-04-05 17:05:37,248 [s2@group-8F97580789F2-StateMachineUpdater] TRACE util.FileUtils (FileUtils.java:deleteFully(318)) - deleteFully /tmp/ratis-tests/statemachine/s2/tmp/1c334251-5031-4ac2-a656-8993c0dbd004
2025-04-05 17:05:37,248 [s2@group-8F97580789F2-StateMachineUpdater] TRACE util.FileUtils (FileUtils.java:deleteFully(331)) - deleteFully: /tmp/ratis-tests/statemachine/s2/tmp/1c334251-5031-4ac2-a656-8993c0dbd004 does not exist.
2025-04-05 17:05:37,248 [s2@group-8F97580789F2-StateMachineUpdater] TRACE util.FileUtils (LogUtils.java:runAndLog(49)) - Successfully ran Atomic Files.move /tmp/ratis-tests/statemachine/s2/tmp/1c334251-5031-4ac2-a656-8993c0dbd004 to /tmp/ratis-tests/statemachine/s2/snapshot/1_191
2025-04-05 17:05:37,248 [s2@group-8F97580789F2-StateMachineUpdater] INFO  impl.StateMachineUpdater (StateMachineUpdater.java:takeSnapshot(311)) - s2@group-8F97580789F2-StateMachineUpdater: Took a snapshot at index 191
2025-04-05 17:05:37,248 [s2@group-8F97580789F2-StateMachineUpdater] INFO  impl.StateMachineUpdater (StateMachineUpdater.java:lambda$new$0(100)) - s2@group-8F97580789F2-StateMachineUpdater: snapshotIndex: updateIncreasingly 127 -> 191
2025-04-05 17:05:37,248 [s2@group-8F97580789F2-StateMachineUpdater] INFO  raftlog.RaftLog (RaftLogBase.java:purge(339)) - s2@group-8F97580789F2-SegmentedRaftLog: purge 190
2025-04-05 17:05:37,248 [s2@group-8F97580789F2-StateMachineUpdater] INFO  raftlog.RaftLog (RaftLogBase.java:lambda$new$0(57)) - s2@group-8F97580789F2-SegmentedRaftLog: snapshotIndex: updateIncreasingly 127 -> 191
2025-04-05 17:05:37,249 [s2@group-8F97580789F2-StateMachineUpdater] INFO  raftlog.RaftLog (RaftLogBase.java:lambda$new$0(57)) - s2@group-8F97580789F2-SegmentedRaftLog: purgeIndex: updateToMax old=127, new=190, updated? true
2025-04-05 17:05:37,250 [s0@group-8F97580789F2-StateMachineUpdater] INFO  impl.SimpleStateMachine4Testing (SimpleStateMachine4Testing.java:applyTransaction(250)) - applyTransaction for log index 191
2025-04-05 17:05:37,250 [s0@group-8F97580789F2-StateMachineUpdater] INFO  impl.SimpleStateMachine4Testing (SimpleStateMachine4Testing.java:put(206)) - s0: put 191, m95 -> (t:1, i:191), STATEMACHINELOGENTRY, WRITE: logData.size=3, stateMachineData.size=17, logEntryProtoSerializedSize=0
2025-04-05 17:05:37,250 [s0@group-8F97580789F2-StateMachineUpdater] TRACE util.FileUtils (FileUtils.java:deleteFully(318)) - deleteFully /tmp/ratis-tests/statemachine/s0/snapshot/1_191
2025-04-05 17:05:37,251 [s0@group-8F97580789F2-StateMachineUpdater] TRACE util.FileUtils (FileUtils.java:deleteFully(331)) - deleteFully: /tmp/ratis-tests/statemachine/s0/snapshot/1_191 does not exist.
2025-04-05 17:05:37,251 [s0@group-8F97580789F2-StateMachineUpdater] TRACE util.FileUtils (FileUtils.java:deleteFully(318)) - deleteFully /tmp/ratis-tests/statemachine/s0/tmp/166c764a-5195-4079-aa17-95daf4a883f6
2025-04-05 17:05:37,251 [s0@group-8F97580789F2-StateMachineUpdater] TRACE util.FileUtils (FileUtils.java:deleteFully(331)) - deleteFully: /tmp/ratis-tests/statemachine/s0/tmp/166c764a-5195-4079-aa17-95daf4a883f6 does not exist.
2025-04-05 17:05:37,252 [s0@group-8F97580789F2-StateMachineUpdater] TRACE util.FileUtils (LogUtils.java:runAndLog(49)) - Successfully ran Atomic Files.move /tmp/ratis-tests/statemachine/s0/tmp/166c764a-5195-4079-aa17-95daf4a883f6 to /tmp/ratis-tests/statemachine/s0/snapshot/1_191
2025-04-05 17:05:37,253 [s0@group-8F97580789F2-StateMachineUpdater] INFO  impl.StateMachineUpdater (StateMachineUpdater.java:takeSnapshot(311)) - s0@group-8F97580789F2-StateMachineUpdater: Took a snapshot at index 191
2025-04-05 17:05:37,253 [s0@group-8F97580789F2-StateMachineUpdater] INFO  impl.StateMachineUpdater (StateMachineUpdater.java:lambda$new$0(100)) - s0@group-8F97580789F2-StateMachineUpdater: snapshotIndex: updateIncreasingly 127 -> 191
2025-04-05 17:05:37,253 [s0@group-8F97580789F2-StateMachineUpdater] INFO  raftlog.RaftLog (RaftLogBase.java:purge(339)) - s0@group-8F97580789F2-SegmentedRaftLog: purge 191
2025-04-05 17:05:37,253 [s0@group-8F97580789F2-StateMachineUpdater] INFO  raftlog.RaftLog (RaftLogBase.java:lambda$new$0(57)) - s0@group-8F97580789F2-SegmentedRaftLog: snapshotIndex: updateIncreasingly 127 -> 191
2025-04-05 17:05:37,253 [s0@group-8F97580789F2-StateMachineUpdater] INFO  raftlog.RaftLog (RaftLogBase.java:lambda$new$0(57)) - s0@group-8F97580789F2-SegmentedRaftLog: purgeIndex: updateToMax old=127, new=191, updated? true
2025-04-05 17:05:37,255 [s1@group-8F97580789F2-StateMachineUpdater] INFO  impl.SimpleStateMachine4Testing (SimpleStateMachine4Testing.java:applyTransaction(250)) - applyTransaction for log index 193
2025-04-05 17:05:37,255 [s1@group-8F97580789F2-StateMachineUpdater] INFO  impl.SimpleStateMachine4Testing (SimpleStateMachine4Testing.java:put(206)) - s1: put 193, m96 -> (t:1, i:193), STATEMACHINELOGENTRY, WRITE: logData.size=3, stateMachineData.size=17, logEntryProtoSerializedSize=0
2025-04-05 17:05:37,260 [s2@group-8F97580789F2-StateMachineUpdater] INFO  impl.SimpleStateMachine4Testing (SimpleStateMachine4Testing.java:applyTransaction(250)) - applyTransaction for log index 193
2025-04-05 17:05:37,260 [s2@group-8F97580789F2-StateMachineUpdater] INFO  impl.SimpleStateMachine4Testing (SimpleStateMachine4Testing.java:put(206)) - s2: put 193, m96 -> (t:1, i:193), STATEMACHINELOGENTRY, WRITE: logData.size=3, stateMachineData.size=17, logEntryProtoSerializedSize=0
2025-04-05 17:05:37,260 [s1@group-8F97580789F2-StateMachineUpdater] INFO  impl.SimpleStateMachine4Testing (SimpleStateMachine4Testing.java:applyTransaction(250)) - applyTransaction for log index 195
2025-04-05 17:05:37,260 [s0@group-8F97580789F2-StateMachineUpdater] INFO  impl.SimpleStateMachine4Testing (SimpleStateMachine4Testing.java:applyTransaction(250)) - applyTransaction for log index 193
2025-04-05 17:05:37,260 [s1@group-8F97580789F2-StateMachineUpdater] INFO  impl.SimpleStateMachine4Testing (SimpleStateMachine4Testing.java:put(206)) - s1: put 195, m97 -> (t:1, i:195), STATEMACHINELOGENTRY, WRITE: logData.size=3, stateMachineData.size=17, logEntryProtoSerializedSize=0
2025-04-05 17:05:37,260 [s0@group-8F97580789F2-StateMachineUpdater] INFO  impl.SimpleStateMachine4Testing (SimpleStateMachine4Testing.java:put(206)) - s0: put 193, m96 -> (t:1, i:193), STATEMACHINELOGENTRY, WRITE: logData.size=3, stateMachineData.size=17, logEntryProtoSerializedSize=0
2025-04-05 17:05:37,263 [s0@group-8F97580789F2-StateMachineUpdater] INFO  impl.SimpleStateMachine4Testing (SimpleStateMachine4Testing.java:applyTransaction(250)) - applyTransaction for log index 195
2025-04-05 17:05:37,263 [s0@group-8F97580789F2-StateMachineUpdater] INFO  impl.SimpleStateMachine4Testing (SimpleStateMachine4Testing.java:put(206)) - s0: put 195, m97 -> (t:1, i:195), STATEMACHINELOGENTRY, WRITE: logData.size=3, stateMachineData.size=17, logEntryProtoSerializedSize=0
2025-04-05 17:05:37,263 [s2@group-8F97580789F2-StateMachineUpdater] INFO  impl.SimpleStateMachine4Testing (SimpleStateMachine4Testing.java:applyTransaction(250)) - applyTransaction for log index 195
2025-04-05 17:05:37,263 [s2@group-8F97580789F2-StateMachineUpdater] INFO  impl.SimpleStateMachine4Testing (SimpleStateMachine4Testing.java:put(206)) - s2: put 195, m97 -> (t:1, i:195), STATEMACHINELOGENTRY, WRITE: logData.size=3, stateMachineData.size=17, logEntryProtoSerializedSize=0
2025-04-05 17:05:37,266 [s1@group-8F97580789F2-StateMachineUpdater] INFO  impl.SimpleStateMachine4Testing (SimpleStateMachine4Testing.java:applyTransaction(250)) - applyTransaction for log index 197
2025-04-05 17:05:37,267 [s1@group-8F97580789F2-StateMachineUpdater] INFO  impl.SimpleStateMachine4Testing (SimpleStateMachine4Testing.java:put(206)) - s1: put 197, m98 -> (t:1, i:197), STATEMACHINELOGENTRY, WRITE: logData.size=3, stateMachineData.size=17, logEntryProtoSerializedSize=0
2025-04-05 17:05:37,269 [s2@group-8F97580789F2-StateMachineUpdater] INFO  impl.SimpleStateMachine4Testing (SimpleStateMachine4Testing.java:applyTransaction(250)) - applyTransaction for log index 197
2025-04-05 17:05:37,270 [s2@group-8F97580789F2-StateMachineUpdater] INFO  impl.SimpleStateMachine4Testing (SimpleStateMachine4Testing.java:put(206)) - s2: put 197, m98 -> (t:1, i:197), STATEMACHINELOGENTRY, WRITE: logData.size=3, stateMachineData.size=17, logEntryProtoSerializedSize=0
2025-04-05 17:05:37,270 [s0@group-8F97580789F2-StateMachineUpdater] INFO  impl.SimpleStateMachine4Testing (SimpleStateMachine4Testing.java:applyTransaction(250)) - applyTransaction for log index 197
2025-04-05 17:05:37,270 [s0@group-8F97580789F2-StateMachineUpdater] INFO  impl.SimpleStateMachine4Testing (SimpleStateMachine4Testing.java:put(206)) - s0: put 197, m98 -> (t:1, i:197), STATEMACHINELOGENTRY, WRITE: logData.size=3, stateMachineData.size=17, logEntryProtoSerializedSize=0
2025-04-05 17:05:37,272 [s1@group-8F97580789F2-StateMachineUpdater] INFO  impl.SimpleStateMachine4Testing (SimpleStateMachine4Testing.java:applyTransaction(250)) - applyTransaction for log index 199
2025-04-05 17:05:37,272 [s1@group-8F97580789F2-StateMachineUpdater] INFO  impl.SimpleStateMachine4Testing (SimpleStateMachine4Testing.java:put(206)) - s1: put 199, m99 -> (t:1, i:199), STATEMACHINELOGENTRY, WRITE: logData.size=3, stateMachineData.size=17, logEntryProtoSerializedSize=0
2025-04-05 17:05:37,274 [s0@group-8F97580789F2-StateMachineUpdater] INFO  impl.SimpleStateMachine4Testing (SimpleStateMachine4Testing.java:applyTransaction(250)) - applyTransaction for log index 199
2025-04-05 17:05:37,274 [s0@group-8F97580789F2-StateMachineUpdater] INFO  impl.SimpleStateMachine4Testing (SimpleStateMachine4Testing.java:put(206)) - s0: put 199, m99 -> (t:1, i:199), STATEMACHINELOGENTRY, WRITE: logData.size=3, stateMachineData.size=17, logEntryProtoSerializedSize=0
2025-04-05 17:05:37,274 [s2@group-8F97580789F2-StateMachineUpdater] INFO  impl.SimpleStateMachine4Testing (SimpleStateMachine4Testing.java:applyTransaction(250)) - applyTransaction for log index 199
2025-04-05 17:05:37,274 [s2@group-8F97580789F2-StateMachineUpdater] INFO  impl.SimpleStateMachine4Testing (SimpleStateMachine4Testing.java:put(206)) - s2: put 199, m99 -> (t:1, i:199), STATEMACHINELOGENTRY, WRITE: logData.size=3, stateMachineData.size=17, logEntryProtoSerializedSize=0
2025-04-05 17:05:37,277 [s1@group-8F97580789F2-StateMachineUpdater] INFO  impl.SimpleStateMachine4Testing (SimpleStateMachine4Testing.java:applyTransaction(250)) - applyTransaction for log index 201
2025-04-05 17:05:37,277 [s1@group-8F97580789F2-StateMachineUpdater] INFO  impl.SimpleStateMachine4Testing (SimpleStateMachine4Testing.java:put(206)) - s1: put 201, m100 -> (t:1, i:201), STATEMACHINELOGENTRY, WRITE: logData.size=4, stateMachineData.size=17, logEntryProtoSerializedSize=0
2025-04-05 17:05:37,279 [s0@group-8F97580789F2-StateMachineUpdater] INFO  impl.SimpleStateMachine4Testing (SimpleStateMachine4Testing.java:applyTransaction(250)) - applyTransaction for log index 201
2025-04-05 17:05:37,279 [s2@group-8F97580789F2-StateMachineUpdater] INFO  impl.SimpleStateMachine4Testing (SimpleStateMachine4Testing.java:applyTransaction(250)) - applyTransaction for log index 201
2025-04-05 17:05:37,279 [s0@group-8F97580789F2-StateMachineUpdater] INFO  impl.SimpleStateMachine4Testing (SimpleStateMachine4Testing.java:put(206)) - s0: put 201, m100 -> (t:1, i:201), STATEMACHINELOGENTRY, WRITE: logData.size=4, stateMachineData.size=17, logEntryProtoSerializedSize=0
2025-04-05 17:05:37,280 [s2@group-8F97580789F2-StateMachineUpdater] INFO  impl.SimpleStateMachine4Testing (SimpleStateMachine4Testing.java:put(206)) - s2: put 201, m100 -> (t:1, i:201), STATEMACHINELOGENTRY, WRITE: logData.size=4, stateMachineData.size=17, logEntryProtoSerializedSize=0
2025-04-05 17:05:37,283 [s1@group-8F97580789F2-StateMachineUpdater] INFO  impl.SimpleStateMachine4Testing (SimpleStateMachine4Testing.java:applyTransaction(250)) - applyTransaction for log index 203
2025-04-05 17:05:37,283 [s1@group-8F97580789F2-StateMachineUpdater] INFO  impl.SimpleStateMachine4Testing (SimpleStateMachine4Testing.java:put(206)) - s1: put 203, m101 -> (t:1, i:203), STATEMACHINELOGENTRY, WRITE: logData.size=4, stateMachineData.size=17, logEntryProtoSerializedSize=0
2025-04-05 17:05:37,285 [s0@group-8F97580789F2-StateMachineUpdater] INFO  impl.SimpleStateMachine4Testing (SimpleStateMachine4Testing.java:applyTransaction(250)) - applyTransaction for log index 203
2025-04-05 17:05:37,285 [s0@group-8F97580789F2-StateMachineUpdater] INFO  impl.SimpleStateMachine4Testing (SimpleStateMachine4Testing.java:put(206)) - s0: put 203, m101 -> (t:1, i:203), STATEMACHINELOGENTRY, WRITE: logData.size=4, stateMachineData.size=17, logEntryProtoSerializedSize=0
2025-04-05 17:05:37,285 [s2@group-8F97580789F2-StateMachineUpdater] INFO  impl.SimpleStateMachine4Testing (SimpleStateMachine4Testing.java:applyTransaction(250)) - applyTransaction for log index 203
2025-04-05 17:05:37,285 [s2@group-8F97580789F2-StateMachineUpdater] INFO  impl.SimpleStateMachine4Testing (SimpleStateMachine4Testing.java:put(206)) - s2: put 203, m101 -> (t:1, i:203), STATEMACHINELOGENTRY, WRITE: logData.size=4, stateMachineData.size=17, logEntryProtoSerializedSize=0
2025-04-05 17:05:37,288 [s1@group-8F97580789F2-StateMachineUpdater] INFO  impl.SimpleStateMachine4Testing (SimpleStateMachine4Testing.java:applyTransaction(250)) - applyTransaction for log index 205
2025-04-05 17:05:37,288 [s1@group-8F97580789F2-StateMachineUpdater] INFO  impl.SimpleStateMachine4Testing (SimpleStateMachine4Testing.java:put(206)) - s1: put 205, m102 -> (t:1, i:205), STATEMACHINELOGENTRY, WRITE: logData.size=4, stateMachineData.size=17, logEntryProtoSerializedSize=0
2025-04-05 17:05:37,290 [s2@group-8F97580789F2-StateMachineUpdater] INFO  impl.SimpleStateMachine4Testing (SimpleStateMachine4Testing.java:applyTransaction(250)) - applyTransaction for log index 205
2025-04-05 17:05:37,290 [s2@group-8F97580789F2-StateMachineUpdater] INFO  impl.SimpleStateMachine4Testing (SimpleStateMachine4Testing.java:put(206)) - s2: put 205, m102 -> (t:1, i:205), STATEMACHINELOGENTRY, WRITE: logData.size=4, stateMachineData.size=17, logEntryProtoSerializedSize=0
2025-04-05 17:05:37,291 [s0@group-8F97580789F2-StateMachineUpdater] INFO  impl.SimpleStateMachine4Testing (SimpleStateMachine4Testing.java:applyTransaction(250)) - applyTransaction for log index 205
2025-04-05 17:05:37,291 [s0@group-8F97580789F2-StateMachineUpdater] INFO  impl.SimpleStateMachine4Testing (SimpleStateMachine4Testing.java:put(206)) - s0: put 205, m102 -> (t:1, i:205), STATEMACHINELOGENTRY, WRITE: logData.size=4, stateMachineData.size=17, logEntryProtoSerializedSize=0
2025-04-05 17:05:37,294 [s1@group-8F97580789F2-StateMachineUpdater] INFO  impl.SimpleStateMachine4Testing (SimpleStateMachine4Testing.java:applyTransaction(250)) - applyTransaction for log index 207
2025-04-05 17:05:37,294 [s1@group-8F97580789F2-StateMachineUpdater] INFO  impl.SimpleStateMachine4Testing (SimpleStateMachine4Testing.java:put(206)) - s1: put 207, m103 -> (t:1, i:207), STATEMACHINELOGENTRY, WRITE: logData.size=4, stateMachineData.size=17, logEntryProtoSerializedSize=0
2025-04-05 17:05:37,297 [s2@group-8F97580789F2-StateMachineUpdater] INFO  impl.SimpleStateMachine4Testing (SimpleStateMachine4Testing.java:applyTransaction(250)) - applyTransaction for log index 207
2025-04-05 17:05:37,297 [s2@group-8F97580789F2-StateMachineUpdater] INFO  impl.SimpleStateMachine4Testing (SimpleStateMachine4Testing.java:put(206)) - s2: put 207, m103 -> (t:1, i:207), STATEMACHINELOGENTRY, WRITE: logData.size=4, stateMachineData.size=17, logEntryProtoSerializedSize=0
2025-04-05 17:05:37,298 [s0@group-8F97580789F2-StateMachineUpdater] INFO  impl.SimpleStateMachine4Testing (SimpleStateMachine4Testing.java:applyTransaction(250)) - applyTransaction for log index 207
2025-04-05 17:05:37,298 [s0@group-8F97580789F2-StateMachineUpdater] INFO  impl.SimpleStateMachine4Testing (SimpleStateMachine4Testing.java:put(206)) - s0: put 207, m103 -> (t:1, i:207), STATEMACHINELOGENTRY, WRITE: logData.size=4, stateMachineData.size=17, logEntryProtoSerializedSize=0
2025-04-05 17:05:37,301 [s1@group-8F97580789F2-StateMachineUpdater] INFO  impl.SimpleStateMachine4Testing (SimpleStateMachine4Testing.java:applyTransaction(250)) - applyTransaction for log index 209
2025-04-05 17:05:37,301 [s1@group-8F97580789F2-StateMachineUpdater] INFO  impl.SimpleStateMachine4Testing (SimpleStateMachine4Testing.java:put(206)) - s1: put 209, m104 -> (t:1, i:209), STATEMACHINELOGENTRY, WRITE: logData.size=4, stateMachineData.size=17, logEntryProtoSerializedSize=0
2025-04-05 17:05:37,304 [s2@group-8F97580789F2-StateMachineUpdater] INFO  impl.SimpleStateMachine4Testing (SimpleStateMachine4Testing.java:applyTransaction(250)) - applyTransaction for log index 209
2025-04-05 17:05:37,304 [s2@group-8F97580789F2-StateMachineUpdater] INFO  impl.SimpleStateMachine4Testing (SimpleStateMachine4Testing.java:put(206)) - s2: put 209, m104 -> (t:1, i:209), STATEMACHINELOGENTRY, WRITE: logData.size=4, stateMachineData.size=17, logEntryProtoSerializedSize=0
2025-04-05 17:05:37,305 [s0@group-8F97580789F2-StateMachineUpdater] INFO  impl.SimpleStateMachine4Testing (SimpleStateMachine4Testing.java:applyTransaction(250)) - applyTransaction for log index 209
2025-04-05 17:05:37,305 [s0@group-8F97580789F2-StateMachineUpdater] INFO  impl.SimpleStateMachine4Testing (SimpleStateMachine4Testing.java:put(206)) - s0: put 209, m104 -> (t:1, i:209), STATEMACHINELOGENTRY, WRITE: logData.size=4, stateMachineData.size=17, logEntryProtoSerializedSize=0
2025-04-05 17:05:37,308 [s1@group-8F97580789F2-StateMachineUpdater] INFO  impl.SimpleStateMachine4Testing (SimpleStateMachine4Testing.java:applyTransaction(250)) - applyTransaction for log index 211
2025-04-05 17:05:37,308 [s1@group-8F97580789F2-StateMachineUpdater] INFO  impl.SimpleStateMachine4Testing (SimpleStateMachine4Testing.java:put(206)) - s1: put 211, m105 -> (t:1, i:211), STATEMACHINELOGENTRY, WRITE: logData.size=4, stateMachineData.size=17, logEntryProtoSerializedSize=0
2025-04-05 17:05:37,310 [s0@group-8F97580789F2-StateMachineUpdater] INFO  impl.SimpleStateMachine4Testing (SimpleStateMachine4Testing.java:applyTransaction(250)) - applyTransaction for log index 211
2025-04-05 17:05:37,310 [s0@group-8F97580789F2-StateMachineUpdater] INFO  impl.SimpleStateMachine4Testing (SimpleStateMachine4Testing.java:put(206)) - s0: put 211, m105 -> (t:1, i:211), STATEMACHINELOGENTRY, WRITE: logData.size=4, stateMachineData.size=17, logEntryProtoSerializedSize=0
2025-04-05 17:05:37,310 [s2@group-8F97580789F2-StateMachineUpdater] INFO  impl.SimpleStateMachine4Testing (SimpleStateMachine4Testing.java:applyTransaction(250)) - applyTransaction for log index 211
2025-04-05 17:05:37,310 [s2@group-8F97580789F2-StateMachineUpdater] INFO  impl.SimpleStateMachine4Testing (SimpleStateMachine4Testing.java:put(206)) - s2: put 211, m105 -> (t:1, i:211), STATEMACHINELOGENTRY, WRITE: logData.size=4, stateMachineData.size=17, logEntryProtoSerializedSize=0
2025-04-05 17:05:37,314 [s1@group-8F97580789F2-StateMachineUpdater] INFO  impl.SimpleStateMachine4Testing (SimpleStateMachine4Testing.java:applyTransaction(250)) - applyTransaction for log index 213
2025-04-05 17:05:37,314 [s1@group-8F97580789F2-StateMachineUpdater] INFO  impl.SimpleStateMachine4Testing (SimpleStateMachine4Testing.java:put(206)) - s1: put 213, m106 -> (t:1, i:213), STATEMACHINELOGENTRY, WRITE: logData.size=4, stateMachineData.size=17, logEntryProtoSerializedSize=0
2025-04-05 17:05:37,316 [s0@group-8F97580789F2-StateMachineUpdater] INFO  impl.SimpleStateMachine4Testing (SimpleStateMachine4Testing.java:applyTransaction(250)) - applyTransaction for log index 213
2025-04-05 17:05:37,316 [s0@group-8F97580789F2-StateMachineUpdater] INFO  impl.SimpleStateMachine4Testing (SimpleStateMachine4Testing.java:put(206)) - s0: put 213, m106 -> (t:1, i:213), STATEMACHINELOGENTRY, WRITE: logData.size=4, stateMachineData.size=17, logEntryProtoSerializedSize=0
2025-04-05 17:05:37,317 [s2@group-8F97580789F2-StateMachineUpdater] INFO  impl.SimpleStateMachine4Testing (SimpleStateMachine4Testing.java:applyTransaction(250)) - applyTransaction for log index 213
2025-04-05 17:05:37,318 [s2@group-8F97580789F2-StateMachineUpdater] INFO  impl.SimpleStateMachine4Testing (SimpleStateMachine4Testing.java:put(206)) - s2: put 213, m106 -> (t:1, i:213), STATEMACHINELOGENTRY, WRITE: logData.size=4, stateMachineData.size=17, logEntryProtoSerializedSize=0
2025-04-05 17:05:37,320 [s1@group-8F97580789F2-StateMachineUpdater] INFO  impl.SimpleStateMachine4Testing (SimpleStateMachine4Testing.java:applyTransaction(250)) - applyTransaction for log index 215
2025-04-05 17:05:37,320 [s1@group-8F97580789F2-StateMachineUpdater] INFO  impl.SimpleStateMachine4Testing (SimpleStateMachine4Testing.java:put(206)) - s1: put 215, m107 -> (t:1, i:215), STATEMACHINELOGENTRY, WRITE: logData.size=4, stateMachineData.size=17, logEntryProtoSerializedSize=0
2025-04-05 17:05:37,322 [s0@group-8F97580789F2-StateMachineUpdater] INFO  impl.SimpleStateMachine4Testing (SimpleStateMachine4Testing.java:applyTransaction(250)) - applyTransaction for log index 215
2025-04-05 17:05:37,322 [s0@group-8F97580789F2-StateMachineUpdater] INFO  impl.SimpleStateMachine4Testing (SimpleStateMachine4Testing.java:put(206)) - s0: put 215, m107 -> (t:1, i:215), STATEMACHINELOGENTRY, WRITE: logData.size=4, stateMachineData.size=17, logEntryProtoSerializedSize=0
2025-04-05 17:05:37,321 [s2@group-8F97580789F2-StateMachineUpdater] INFO  impl.SimpleStateMachine4Testing (SimpleStateMachine4Testing.java:applyTransaction(250)) - applyTransaction for log index 215
2025-04-05 17:05:37,322 [s2@group-8F97580789F2-StateMachineUpdater] INFO  impl.SimpleStateMachine4Testing (SimpleStateMachine4Testing.java:put(206)) - s2: put 215, m107 -> (t:1, i:215), STATEMACHINELOGENTRY, WRITE: logData.size=4, stateMachineData.size=17, logEntryProtoSerializedSize=0
2025-04-05 17:05:37,325 [s1@group-8F97580789F2-StateMachineUpdater] INFO  impl.SimpleStateMachine4Testing (SimpleStateMachine4Testing.java:applyTransaction(250)) - applyTransaction for log index 217
2025-04-05 17:05:37,325 [s1@group-8F97580789F2-StateMachineUpdater] INFO  impl.SimpleStateMachine4Testing (SimpleStateMachine4Testing.java:put(206)) - s1: put 217, m108 -> (t:1, i:217), STATEMACHINELOGENTRY, WRITE: logData.size=4, stateMachineData.size=17, logEntryProtoSerializedSize=0
2025-04-05 17:05:37,327 [s0@group-8F97580789F2-StateMachineUpdater] INFO  impl.SimpleStateMachine4Testing (SimpleStateMachine4Testing.java:applyTransaction(250)) - applyTransaction for log index 217
2025-04-05 17:05:37,328 [s0@group-8F97580789F2-StateMachineUpdater] INFO  impl.SimpleStateMachine4Testing (SimpleStateMachine4Testing.java:put(206)) - s0: put 217, m108 -> (t:1, i:217), STATEMACHINELOGENTRY, WRITE: logData.size=4, stateMachineData.size=17, logEntryProtoSerializedSize=0
2025-04-05 17:05:37,328 [s2@group-8F97580789F2-StateMachineUpdater] INFO  impl.SimpleStateMachine4Testing (SimpleStateMachine4Testing.java:applyTransaction(250)) - applyTransaction for log index 217
2025-04-05 17:05:37,328 [s2@group-8F97580789F2-StateMachineUpdater] INFO  impl.SimpleStateMachine4Testing (SimpleStateMachine4Testing.java:put(206)) - s2: put 217, m108 -> (t:1, i:217), STATEMACHINELOGENTRY, WRITE: logData.size=4, stateMachineData.size=17, logEntryProtoSerializedSize=0
2025-04-05 17:05:37,332 [s1@group-8F97580789F2-StateMachineUpdater] INFO  impl.SimpleStateMachine4Testing (SimpleStateMachine4Testing.java:applyTransaction(250)) - applyTransaction for log index 219
2025-04-05 17:05:37,332 [s1@group-8F97580789F2-StateMachineUpdater] INFO  impl.SimpleStateMachine4Testing (SimpleStateMachine4Testing.java:put(206)) - s1: put 219, m109 -> (t:1, i:219), STATEMACHINELOGENTRY, WRITE: logData.size=4, stateMachineData.size=17, logEntryProtoSerializedSize=0
2025-04-05 17:05:37,335 [s2@group-8F97580789F2-StateMachineUpdater] INFO  impl.SimpleStateMachine4Testing (SimpleStateMachine4Testing.java:applyTransaction(250)) - applyTransaction for log index 219
2025-04-05 17:05:37,335 [s2@group-8F97580789F2-StateMachineUpdater] INFO  impl.SimpleStateMachine4Testing (SimpleStateMachine4Testing.java:put(206)) - s2: put 219, m109 -> (t:1, i:219), STATEMACHINELOGENTRY, WRITE: logData.size=4, stateMachineData.size=17, logEntryProtoSerializedSize=0
2025-04-05 17:05:37,335 [s0@group-8F97580789F2-StateMachineUpdater] INFO  impl.SimpleStateMachine4Testing (SimpleStateMachine4Testing.java:applyTransaction(250)) - applyTransaction for log index 219
2025-04-05 17:05:37,335 [s0@group-8F97580789F2-StateMachineUpdater] INFO  impl.SimpleStateMachine4Testing (SimpleStateMachine4Testing.java:put(206)) - s0: put 219, m109 -> (t:1, i:219), STATEMACHINELOGENTRY, WRITE: logData.size=4, stateMachineData.size=17, logEntryProtoSerializedSize=0
2025-04-05 17:05:37,340 [s1@group-8F97580789F2-StateMachineUpdater] INFO  impl.SimpleStateMachine4Testing (SimpleStateMachine4Testing.java:applyTransaction(250)) - applyTransaction for log index 221
2025-04-05 17:05:37,340 [s1@group-8F97580789F2-StateMachineUpdater] INFO  impl.SimpleStateMachine4Testing (SimpleStateMachine4Testing.java:put(206)) - s1: put 221, m110 -> (t:1, i:221), STATEMACHINELOGENTRY, WRITE: logData.size=4, stateMachineData.size=17, logEntryProtoSerializedSize=0
2025-04-05 17:05:37,342 [s0@group-8F97580789F2-StateMachineUpdater] INFO  impl.SimpleStateMachine4Testing (SimpleStateMachine4Testing.java:applyTransaction(250)) - applyTransaction for log index 221
2025-04-05 17:05:37,342 [s0@group-8F97580789F2-StateMachineUpdater] INFO  impl.SimpleStateMachine4Testing (SimpleStateMachine4Testing.java:put(206)) - s0: put 221, m110 -> (t:1, i:221), STATEMACHINELOGENTRY, WRITE: logData.size=4, stateMachineData.size=17, logEntryProtoSerializedSize=0
2025-04-05 17:05:37,343 [s2@group-8F97580789F2-StateMachineUpdater] INFO  impl.SimpleStateMachine4Testing (SimpleStateMachine4Testing.java:applyTransaction(250)) - applyTransaction for log index 221
2025-04-05 17:05:37,343 [s2@group-8F97580789F2-StateMachineUpdater] INFO  impl.SimpleStateMachine4Testing (SimpleStateMachine4Testing.java:put(206)) - s2: put 221, m110 -> (t:1, i:221), STATEMACHINELOGENTRY, WRITE: logData.size=4, stateMachineData.size=17, logEntryProtoSerializedSize=0
2025-04-05 17:05:37,346 [s1@group-8F97580789F2-StateMachineUpdater] INFO  impl.SimpleStateMachine4Testing (SimpleStateMachine4Testing.java:applyTransaction(250)) - applyTransaction for log index 223
2025-04-05 17:05:37,347 [s1@group-8F97580789F2-StateMachineUpdater] INFO  impl.SimpleStateMachine4Testing (SimpleStateMachine4Testing.java:put(206)) - s1: put 223, m111 -> (t:1, i:223), STATEMACHINELOGENTRY, WRITE: logData.size=4, stateMachineData.size=17, logEntryProtoSerializedSize=0
2025-04-05 17:05:37,350 [s0@group-8F97580789F2-StateMachineUpdater] INFO  impl.SimpleStateMachine4Testing (SimpleStateMachine4Testing.java:applyTransaction(250)) - applyTransaction for log index 223
2025-04-05 17:05:37,350 [s0@group-8F97580789F2-StateMachineUpdater] INFO  impl.SimpleStateMachine4Testing (SimpleStateMachine4Testing.java:put(206)) - s0: put 223, m111 -> (t:1, i:223), STATEMACHINELOGENTRY, WRITE: logData.size=4, stateMachineData.size=17, logEntryProtoSerializedSize=0
2025-04-05 17:05:37,350 [s2@group-8F97580789F2-StateMachineUpdater] INFO  impl.SimpleStateMachine4Testing (SimpleStateMachine4Testing.java:applyTransaction(250)) - applyTransaction for log index 223
2025-04-05 17:05:37,350 [s2@group-8F97580789F2-StateMachineUpdater] INFO  impl.SimpleStateMachine4Testing (SimpleStateMachine4Testing.java:put(206)) - s2: put 223, m111 -> (t:1, i:223), STATEMACHINELOGENTRY, WRITE: logData.size=4, stateMachineData.size=17, logEntryProtoSerializedSize=0
2025-04-05 17:05:37,353 [s1@group-8F97580789F2-StateMachineUpdater] INFO  impl.SimpleStateMachine4Testing (SimpleStateMachine4Testing.java:applyTransaction(250)) - applyTransaction for log index 225
2025-04-05 17:05:37,353 [s1@group-8F97580789F2-StateMachineUpdater] INFO  impl.SimpleStateMachine4Testing (SimpleStateMachine4Testing.java:put(206)) - s1: put 225, m112 -> (t:1, i:225), STATEMACHINELOGENTRY, WRITE: logData.size=4, stateMachineData.size=17, logEntryProtoSerializedSize=0
2025-04-05 17:05:37,355 [s0@group-8F97580789F2-StateMachineUpdater] INFO  impl.SimpleStateMachine4Testing (SimpleStateMachine4Testing.java:applyTransaction(250)) - applyTransaction for log index 225
2025-04-05 17:05:37,355 [s0@group-8F97580789F2-StateMachineUpdater] INFO  impl.SimpleStateMachine4Testing (SimpleStateMachine4Testing.java:put(206)) - s0: put 225, m112 -> (t:1, i:225), STATEMACHINELOGENTRY, WRITE: logData.size=4, stateMachineData.size=17, logEntryProtoSerializedSize=0
2025-04-05 17:05:37,356 [s2@group-8F97580789F2-StateMachineUpdater] INFO  impl.SimpleStateMachine4Testing (SimpleStateMachine4Testing.java:applyTransaction(250)) - applyTransaction for log index 225
2025-04-05 17:05:37,356 [s2@group-8F97580789F2-StateMachineUpdater] INFO  impl.SimpleStateMachine4Testing (SimpleStateMachine4Testing.java:put(206)) - s2: put 225, m112 -> (t:1, i:225), STATEMACHINELOGENTRY, WRITE: logData.size=4, stateMachineData.size=17, logEntryProtoSerializedSize=0
2025-04-05 17:05:37,356 [timer7] INFO  impl.SnapshotInstallationHandler (SnapshotInstallationHandler.java:lambda$installSnapshot$0(103)) - s1@group-88DF52D704EF: receive installSnapshot: s0->s1#0-t1,chunk:542f3bb6-fe0b-4a61-9253-87f9a0ecd877,10  (Repeated 11 times in the last 5.002s)
2025-04-05 17:05:37,355 [timer6] INFO  impl.SnapshotInstallationHandler (SnapshotInstallationHandler.java:lambda$installSnapshot$0(103)) - s2@group-88DF52D704EF: receive installSnapshot: s0->s2#0-t1,chunk:906caba1-24a9-4f1b-8938-ab601148d1b6,10  (Repeated 11 times in the last 5.002s)
2025-04-05 17:05:37,360 [s1@group-8F97580789F2-StateMachineUpdater] INFO  impl.SimpleStateMachine4Testing (SimpleStateMachine4Testing.java:applyTransaction(250)) - applyTransaction for log index 227
2025-04-05 17:05:37,360 [s1@group-8F97580789F2-StateMachineUpdater] INFO  impl.SimpleStateMachine4Testing (SimpleStateMachine4Testing.java:put(206)) - s1: put 227, m113 -> (t:1, i:227), STATEMACHINELOGENTRY, WRITE: logData.size=4, stateMachineData.size=17, logEntryProtoSerializedSize=0
2025-04-05 17:05:37,363 [s2@group-8F97580789F2-StateMachineUpdater] INFO  impl.SimpleStateMachine4Testing (SimpleStateMachine4Testing.java:applyTransaction(250)) - applyTransaction for log index 227
2025-04-05 17:05:37,363 [s2@group-8F97580789F2-StateMachineUpdater] INFO  impl.SimpleStateMachine4Testing (SimpleStateMachine4Testing.java:put(206)) - s2: put 227, m113 -> (t:1, i:227), STATEMACHINELOGENTRY, WRITE: logData.size=4, stateMachineData.size=17, logEntryProtoSerializedSize=0
2025-04-05 17:05:37,364 [s0@group-8F97580789F2-StateMachineUpdater] INFO  impl.SimpleStateMachine4Testing (SimpleStateMachine4Testing.java:applyTransaction(250)) - applyTransaction for log index 227
2025-04-05 17:05:37,364 [s0@group-8F97580789F2-StateMachineUpdater] INFO  impl.SimpleStateMachine4Testing (SimpleStateMachine4Testing.java:put(206)) - s0: put 227, m113 -> (t:1, i:227), STATEMACHINELOGENTRY, WRITE: logData.size=4, stateMachineData.size=17, logEntryProtoSerializedSize=0
2025-04-05 17:05:37,366 [s1@group-8F97580789F2-StateMachineUpdater] INFO  impl.SimpleStateMachine4Testing (SimpleStateMachine4Testing.java:applyTransaction(250)) - applyTransaction for log index 229
2025-04-05 17:05:37,366 [s1@group-8F97580789F2-StateMachineUpdater] INFO  impl.SimpleStateMachine4Testing (SimpleStateMachine4Testing.java:put(206)) - s1: put 229, m114 -> (t:1, i:229), STATEMACHINELOGENTRY, WRITE: logData.size=4, stateMachineData.size=17, logEntryProtoSerializedSize=0
2025-04-05 17:05:37,368 [timer3] INFO  impl.SnapshotInstallationHandler (SnapshotInstallationHandler.java:lambda$installSnapshot$1(113)) - s1@group-88DF52D704EF: reply installSnapshot: s0<-s1#0:OK-t1,SUCCESS,requestIndex=10  (Repeated 11 times in the last 5.001s)
2025-04-05 17:05:37,369 [s2@group-8F97580789F2-StateMachineUpdater] INFO  impl.SimpleStateMachine4Testing (SimpleStateMachine4Testing.java:applyTransaction(250)) - applyTransaction for log index 229
2025-04-05 17:05:37,369 [s2@group-8F97580789F2-StateMachineUpdater] INFO  impl.SimpleStateMachine4Testing (SimpleStateMachine4Testing.java:put(206)) - s2: put 229, m114 -> (t:1, i:229), STATEMACHINELOGENTRY, WRITE: logData.size=4, stateMachineData.size=17, logEntryProtoSerializedSize=0
2025-04-05 17:05:37,370 [timer4] INFO  impl.SnapshotInstallationHandler (SnapshotInstallationHandler.java:lambda$installSnapshot$1(113)) - s2@group-88DF52D704EF: reply installSnapshot: s0<-s2#0:OK-t1,SUCCESS,requestIndex=10  (Repeated 11 times in the last 5.001s)
2025-04-05 17:05:37,373 [s0@group-8F97580789F2-StateMachineUpdater] INFO  impl.SimpleStateMachine4Testing (SimpleStateMachine4Testing.java:applyTransaction(250)) - applyTransaction for log index 229
2025-04-05 17:05:37,373 [s0@group-8F97580789F2-StateMachineUpdater] INFO  impl.SimpleStateMachine4Testing (SimpleStateMachine4Testing.java:put(206)) - s0: put 229, m114 -> (t:1, i:229), STATEMACHINELOGENTRY, WRITE: logData.size=4, stateMachineData.size=17, logEntryProtoSerializedSize=0
2025-04-05 17:05:37,373 [s1@group-8F97580789F2-StateMachineUpdater] INFO  impl.SimpleStateMachine4Testing (SimpleStateMachine4Testing.java:applyTransaction(250)) - applyTransaction for log index 231
2025-04-05 17:05:37,373 [s1@group-8F97580789F2-StateMachineUpdater] INFO  impl.SimpleStateMachine4Testing (SimpleStateMachine4Testing.java:put(206)) - s1: put 231, m115 -> (t:1, i:231), STATEMACHINELOGENTRY, WRITE: logData.size=4, stateMachineData.size=17, logEntryProtoSerializedSize=0
2025-04-05 17:05:37,375 [s2@group-8F97580789F2-StateMachineUpdater] INFO  impl.SimpleStateMachine4Testing (SimpleStateMachine4Testing.java:applyTransaction(250)) - applyTransaction for log index 231
2025-04-05 17:05:37,375 [s2@group-8F97580789F2-StateMachineUpdater] INFO  impl.SimpleStateMachine4Testing (SimpleStateMachine4Testing.java:put(206)) - s2: put 231, m115 -> (t:1, i:231), STATEMACHINELOGENTRY, WRITE: logData.size=4, stateMachineData.size=17, logEntryProtoSerializedSize=0
2025-04-05 17:05:37,376 [s0@group-8F97580789F2-StateMachineUpdater] INFO  impl.SimpleStateMachine4Testing (SimpleStateMachine4Testing.java:applyTransaction(250)) - applyTransaction for log index 231
2025-04-05 17:05:37,376 [s0@group-8F97580789F2-StateMachineUpdater] INFO  impl.SimpleStateMachine4Testing (SimpleStateMachine4Testing.java:put(206)) - s0: put 231, m115 -> (t:1, i:231), STATEMACHINELOGENTRY, WRITE: logData.size=4, stateMachineData.size=17, logEntryProtoSerializedSize=0
2025-04-05 17:05:37,379 [s1@group-8F97580789F2-StateMachineUpdater] INFO  impl.SimpleStateMachine4Testing (SimpleStateMachine4Testing.java:applyTransaction(250)) - applyTransaction for log index 233
2025-04-05 17:05:37,380 [s1@group-8F97580789F2-StateMachineUpdater] INFO  impl.SimpleStateMachine4Testing (SimpleStateMachine4Testing.java:put(206)) - s1: put 233, m116 -> (t:1, i:233), STATEMACHINELOGENTRY, WRITE: logData.size=4, stateMachineData.size=17, logEntryProtoSerializedSize=0
2025-04-05 17:05:37,381 [s2@group-8F97580789F2-StateMachineUpdater] INFO  impl.SimpleStateMachine4Testing (SimpleStateMachine4Testing.java:applyTransaction(250)) - applyTransaction for log index 233
2025-04-05 17:05:37,381 [s2@group-8F97580789F2-StateMachineUpdater] INFO  impl.SimpleStateMachine4Testing (SimpleStateMachine4Testing.java:put(206)) - s2: put 233, m116 -> (t:1, i:233), STATEMACHINELOGENTRY, WRITE: logData.size=4, stateMachineData.size=17, logEntryProtoSerializedSize=0
2025-04-05 17:05:37,381 [s0@group-8F97580789F2-StateMachineUpdater] INFO  impl.SimpleStateMachine4Testing (SimpleStateMachine4Testing.java:applyTransaction(250)) - applyTransaction for log index 233
2025-04-05 17:05:37,381 [s0@group-8F97580789F2-StateMachineUpdater] INFO  impl.SimpleStateMachine4Testing (SimpleStateMachine4Testing.java:put(206)) - s0: put 233, m116 -> (t:1, i:233), STATEMACHINELOGENTRY, WRITE: logData.size=4, stateMachineData.size=17, logEntryProtoSerializedSize=0
2025-04-05 17:05:37,385 [s1@group-8F97580789F2-StateMachineUpdater] INFO  impl.SimpleStateMachine4Testing (SimpleStateMachine4Testing.java:applyTransaction(250)) - applyTransaction for log index 235
2025-04-05 17:05:37,385 [s1@group-8F97580789F2-StateMachineUpdater] INFO  impl.SimpleStateMachine4Testing (SimpleStateMachine4Testing.java:put(206)) - s1: put 235, m117 -> (t:1, i:235), STATEMACHINELOGENTRY, WRITE: logData.size=4, stateMachineData.size=17, logEntryProtoSerializedSize=0
2025-04-05 17:05:37,388 [s2@group-8F97580789F2-StateMachineUpdater] INFO  impl.SimpleStateMachine4Testing (SimpleStateMachine4Testing.java:applyTransaction(250)) - applyTransaction for log index 235
2025-04-05 17:05:37,388 [s2@group-8F97580789F2-StateMachineUpdater] INFO  impl.SimpleStateMachine4Testing (SimpleStateMachine4Testing.java:put(206)) - s2: put 235, m117 -> (t:1, i:235), STATEMACHINELOGENTRY, WRITE: logData.size=4, stateMachineData.size=17, logEntryProtoSerializedSize=0
2025-04-05 17:05:37,390 [s0@group-8F97580789F2-StateMachineUpdater] INFO  impl.SimpleStateMachine4Testing (SimpleStateMachine4Testing.java:applyTransaction(250)) - applyTransaction for log index 235
2025-04-05 17:05:37,390 [s0@group-8F97580789F2-StateMachineUpdater] INFO  impl.SimpleStateMachine4Testing (SimpleStateMachine4Testing.java:put(206)) - s0: put 235, m117 -> (t:1, i:235), STATEMACHINELOGENTRY, WRITE: logData.size=4, stateMachineData.size=17, logEntryProtoSerializedSize=0
2025-04-05 17:05:37,392 [s1@group-8F97580789F2-StateMachineUpdater] INFO  impl.SimpleStateMachine4Testing (SimpleStateMachine4Testing.java:applyTransaction(250)) - applyTransaction for log index 237
2025-04-05 17:05:37,392 [s1@group-8F97580789F2-StateMachineUpdater] INFO  impl.SimpleStateMachine4Testing (SimpleStateMachine4Testing.java:put(206)) - s1: put 237, m118 -> (t:1, i:237), STATEMACHINELOGENTRY, WRITE: logData.size=4, stateMachineData.size=17, logEntryProtoSerializedSize=0
2025-04-05 17:05:37,396 [s2@group-8F97580789F2-StateMachineUpdater] INFO  impl.SimpleStateMachine4Testing (SimpleStateMachine4Testing.java:applyTransaction(250)) - applyTransaction for log index 237
2025-04-05 17:05:37,397 [s2@group-8F97580789F2-StateMachineUpdater] INFO  impl.SimpleStateMachine4Testing (SimpleStateMachine4Testing.java:put(206)) - s2: put 237, m118 -> (t:1, i:237), STATEMACHINELOGENTRY, WRITE: logData.size=4, stateMachineData.size=17, logEntryProtoSerializedSize=0
2025-04-05 17:05:37,398 [s1@group-8F97580789F2-StateMachineUpdater] INFO  impl.SimpleStateMachine4Testing (SimpleStateMachine4Testing.java:applyTransaction(250)) - applyTransaction for log index 239
2025-04-05 17:05:37,399 [s1@group-8F97580789F2-StateMachineUpdater] INFO  impl.SimpleStateMachine4Testing (SimpleStateMachine4Testing.java:put(206)) - s1: put 239, m119 -> (t:1, i:239), STATEMACHINELOGENTRY, WRITE: logData.size=4, stateMachineData.size=17, logEntryProtoSerializedSize=0
2025-04-05 17:05:37,399 [s0@group-8F97580789F2-StateMachineUpdater] INFO  impl.SimpleStateMachine4Testing (SimpleStateMachine4Testing.java:applyTransaction(250)) - applyTransaction for log index 237
2025-04-05 17:05:37,400 [s0@group-8F97580789F2-StateMachineUpdater] INFO  impl.SimpleStateMachine4Testing (SimpleStateMachine4Testing.java:put(206)) - s0: put 237, m118 -> (t:1, i:237), STATEMACHINELOGENTRY, WRITE: logData.size=4, stateMachineData.size=17, logEntryProtoSerializedSize=0
2025-04-05 17:05:37,401 [s2@group-8F97580789F2-StateMachineUpdater] INFO  impl.SimpleStateMachine4Testing (SimpleStateMachine4Testing.java:applyTransaction(250)) - applyTransaction for log index 239
2025-04-05 17:05:37,402 [s2@group-8F97580789F2-StateMachineUpdater] INFO  impl.SimpleStateMachine4Testing (SimpleStateMachine4Testing.java:put(206)) - s2: put 239, m119 -> (t:1, i:239), STATEMACHINELOGENTRY, WRITE: logData.size=4, stateMachineData.size=17, logEntryProtoSerializedSize=0
2025-04-05 17:05:37,402 [s0@group-8F97580789F2-StateMachineUpdater] INFO  impl.SimpleStateMachine4Testing (SimpleStateMachine4Testing.java:applyTransaction(250)) - applyTransaction for log index 239
2025-04-05 17:05:37,402 [s0@group-8F97580789F2-StateMachineUpdater] INFO  impl.SimpleStateMachine4Testing (SimpleStateMachine4Testing.java:put(206)) - s0: put 239, m119 -> (t:1, i:239), STATEMACHINELOGENTRY, WRITE: logData.size=4, stateMachineData.size=17, logEntryProtoSerializedSize=0
2025-04-05 17:05:37,405 [s1@group-8F97580789F2-StateMachineUpdater] INFO  impl.SimpleStateMachine4Testing (SimpleStateMachine4Testing.java:applyTransaction(250)) - applyTransaction for log index 241
2025-04-05 17:05:37,405 [s1@group-8F97580789F2-StateMachineUpdater] INFO  impl.SimpleStateMachine4Testing (SimpleStateMachine4Testing.java:put(206)) - s1: put 241, m120 -> (t:1, i:241), STATEMACHINELOGENTRY, WRITE: logData.size=4, stateMachineData.size=17, logEntryProtoSerializedSize=0
2025-04-05 17:05:37,407 [s2@group-8F97580789F2-StateMachineUpdater] INFO  impl.SimpleStateMachine4Testing (SimpleStateMachine4Testing.java:applyTransaction(250)) - applyTransaction for log index 241
2025-04-05 17:05:37,407 [s2@group-8F97580789F2-StateMachineUpdater] INFO  impl.SimpleStateMachine4Testing (SimpleStateMachine4Testing.java:put(206)) - s2: put 241, m120 -> (t:1, i:241), STATEMACHINELOGENTRY, WRITE: logData.size=4, stateMachineData.size=17, logEntryProtoSerializedSize=0
2025-04-05 17:05:37,409 [s0@group-8F97580789F2-StateMachineUpdater] INFO  impl.SimpleStateMachine4Testing (SimpleStateMachine4Testing.java:applyTransaction(250)) - applyTransaction for log index 241
2025-04-05 17:05:37,409 [s0@group-8F97580789F2-StateMachineUpdater] INFO  impl.SimpleStateMachine4Testing (SimpleStateMachine4Testing.java:put(206)) - s0: put 241, m120 -> (t:1, i:241), STATEMACHINELOGENTRY, WRITE: logData.size=4, stateMachineData.size=17, logEntryProtoSerializedSize=0
2025-04-05 17:05:37,412 [s1@group-8F97580789F2-StateMachineUpdater] INFO  impl.SimpleStateMachine4Testing (SimpleStateMachine4Testing.java:applyTransaction(250)) - applyTransaction for log index 243
2025-04-05 17:05:37,412 [s1@group-8F97580789F2-StateMachineUpdater] INFO  impl.SimpleStateMachine4Testing (SimpleStateMachine4Testing.java:put(206)) - s1: put 243, m121 -> (t:1, i:243), STATEMACHINELOGENTRY, WRITE: logData.size=4, stateMachineData.size=17, logEntryProtoSerializedSize=0
2025-04-05 17:05:37,413 [s0@group-8F97580789F2-StateMachineUpdater] INFO  impl.SimpleStateMachine4Testing (SimpleStateMachine4Testing.java:applyTransaction(250)) - applyTransaction for log index 243
2025-04-05 17:05:37,413 [s0@group-8F97580789F2-StateMachineUpdater] INFO  impl.SimpleStateMachine4Testing (SimpleStateMachine4Testing.java:put(206)) - s0: put 243, m121 -> (t:1, i:243), STATEMACHINELOGENTRY, WRITE: logData.size=4, stateMachineData.size=17, logEntryProtoSerializedSize=0
2025-04-05 17:05:37,414 [s2@group-8F97580789F2-StateMachineUpdater] INFO  impl.SimpleStateMachine4Testing (SimpleStateMachine4Testing.java:applyTransaction(250)) - applyTransaction for log index 243
2025-04-05 17:05:37,415 [s2@group-8F97580789F2-StateMachineUpdater] INFO  impl.SimpleStateMachine4Testing (SimpleStateMachine4Testing.java:put(206)) - s2: put 243, m121 -> (t:1, i:243), STATEMACHINELOGENTRY, WRITE: logData.size=4, stateMachineData.size=17, logEntryProtoSerializedSize=0
2025-04-05 17:05:37,418 [s1@group-8F97580789F2-StateMachineUpdater] INFO  impl.SimpleStateMachine4Testing (SimpleStateMachine4Testing.java:applyTransaction(250)) - applyTransaction for log index 245
2025-04-05 17:05:37,418 [s1@group-8F97580789F2-StateMachineUpdater] INFO  impl.SimpleStateMachine4Testing (SimpleStateMachine4Testing.java:put(206)) - s1: put 245, m122 -> (t:1, i:245), STATEMACHINELOGENTRY, WRITE: logData.size=4, stateMachineData.size=17, logEntryProtoSerializedSize=0
2025-04-05 17:05:37,420 [s2@group-8F97580789F2-StateMachineUpdater] INFO  impl.SimpleStateMachine4Testing (SimpleStateMachine4Testing.java:applyTransaction(250)) - applyTransaction for log index 245
2025-04-05 17:05:37,420 [s2@group-8F97580789F2-StateMachineUpdater] INFO  impl.SimpleStateMachine4Testing (SimpleStateMachine4Testing.java:put(206)) - s2: put 245, m122 -> (t:1, i:245), STATEMACHINELOGENTRY, WRITE: logData.size=4, stateMachineData.size=17, logEntryProtoSerializedSize=0
2025-04-05 17:05:37,421 [s0@group-8F97580789F2-StateMachineUpdater] INFO  impl.SimpleStateMachine4Testing (SimpleStateMachine4Testing.java:applyTransaction(250)) - applyTransaction for log index 245
2025-04-05 17:05:37,422 [s0@group-8F97580789F2-StateMachineUpdater] INFO  impl.SimpleStateMachine4Testing (SimpleStateMachine4Testing.java:put(206)) - s0: put 245, m122 -> (t:1, i:245), STATEMACHINELOGENTRY, WRITE: logData.size=4, stateMachineData.size=17, logEntryProtoSerializedSize=0
2025-04-05 17:05:37,426 [s1@group-8F97580789F2-StateMachineUpdater] INFO  impl.SimpleStateMachine4Testing (SimpleStateMachine4Testing.java:applyTransaction(250)) - applyTransaction for log index 247
2025-04-05 17:05:37,426 [s1@group-8F97580789F2-StateMachineUpdater] INFO  impl.SimpleStateMachine4Testing (SimpleStateMachine4Testing.java:put(206)) - s1: put 247, m123 -> (t:1, i:247), STATEMACHINELOGENTRY, WRITE: logData.size=4, stateMachineData.size=17, logEntryProtoSerializedSize=0
2025-04-05 17:05:37,427 [s0@group-8F97580789F2-StateMachineUpdater] INFO  impl.SimpleStateMachine4Testing (SimpleStateMachine4Testing.java:applyTransaction(250)) - applyTransaction for log index 247
2025-04-05 17:05:37,427 [s0@group-8F97580789F2-StateMachineUpdater] INFO  impl.SimpleStateMachine4Testing (SimpleStateMachine4Testing.java:put(206)) - s0: put 247, m123 -> (t:1, i:247), STATEMACHINELOGENTRY, WRITE: logData.size=4, stateMachineData.size=17, logEntryProtoSerializedSize=0
2025-04-05 17:05:37,428 [s2@group-8F97580789F2-StateMachineUpdater] INFO  impl.SimpleStateMachine4Testing (SimpleStateMachine4Testing.java:applyTransaction(250)) - applyTransaction for log index 247
2025-04-05 17:05:37,429 [s2@group-8F97580789F2-StateMachineUpdater] INFO  impl.SimpleStateMachine4Testing (SimpleStateMachine4Testing.java:put(206)) - s2: put 247, m123 -> (t:1, i:247), STATEMACHINELOGENTRY, WRITE: logData.size=4, stateMachineData.size=17, logEntryProtoSerializedSize=0
2025-04-05 17:05:37,432 [s1@group-8F97580789F2-StateMachineUpdater] INFO  impl.SimpleStateMachine4Testing (SimpleStateMachine4Testing.java:applyTransaction(250)) - applyTransaction for log index 249
2025-04-05 17:05:37,432 [s1@group-8F97580789F2-StateMachineUpdater] INFO  impl.SimpleStateMachine4Testing (SimpleStateMachine4Testing.java:put(206)) - s1: put 249, m124 -> (t:1, i:249), STATEMACHINELOGENTRY, WRITE: logData.size=4, stateMachineData.size=17, logEntryProtoSerializedSize=0
2025-04-05 17:05:37,434 [s0@group-8F97580789F2-StateMachineUpdater] INFO  impl.SimpleStateMachine4Testing (SimpleStateMachine4Testing.java:applyTransaction(250)) - applyTransaction for log index 249
2025-04-05 17:05:37,434 [s0@group-8F97580789F2-StateMachineUpdater] INFO  impl.SimpleStateMachine4Testing (SimpleStateMachine4Testing.java:put(206)) - s0: put 249, m124 -> (t:1, i:249), STATEMACHINELOGENTRY, WRITE: logData.size=4, stateMachineData.size=17, logEntryProtoSerializedSize=0
2025-04-05 17:05:37,436 [s2@group-8F97580789F2-StateMachineUpdater] INFO  impl.SimpleStateMachine4Testing (SimpleStateMachine4Testing.java:applyTransaction(250)) - applyTransaction for log index 249
2025-04-05 17:05:37,436 [s2@group-8F97580789F2-StateMachineUpdater] INFO  impl.SimpleStateMachine4Testing (SimpleStateMachine4Testing.java:put(206)) - s2: put 249, m124 -> (t:1, i:249), STATEMACHINELOGENTRY, WRITE: logData.size=4, stateMachineData.size=17, logEntryProtoSerializedSize=0
2025-04-05 17:05:37,441 [s1@group-8F97580789F2-StateMachineUpdater] INFO  impl.SimpleStateMachine4Testing (SimpleStateMachine4Testing.java:applyTransaction(250)) - applyTransaction for log index 251
2025-04-05 17:05:37,442 [s1@group-8F97580789F2-StateMachineUpdater] INFO  impl.SimpleStateMachine4Testing (SimpleStateMachine4Testing.java:put(206)) - s1: put 251, m125 -> (t:1, i:251), STATEMACHINELOGENTRY, WRITE: logData.size=4, stateMachineData.size=17, logEntryProtoSerializedSize=0
2025-04-05 17:05:37,443 [s2@group-8F97580789F2-StateMachineUpdater] INFO  impl.SimpleStateMachine4Testing (SimpleStateMachine4Testing.java:applyTransaction(250)) - applyTransaction for log index 251
2025-04-05 17:05:37,443 [s2@group-8F97580789F2-StateMachineUpdater] INFO  impl.SimpleStateMachine4Testing (SimpleStateMachine4Testing.java:put(206)) - s2: put 251, m125 -> (t:1, i:251), STATEMACHINELOGENTRY, WRITE: logData.size=4, stateMachineData.size=17, logEntryProtoSerializedSize=0
2025-04-05 17:05:37,444 [s0@group-8F97580789F2-StateMachineUpdater] INFO  impl.SimpleStateMachine4Testing (SimpleStateMachine4Testing.java:applyTransaction(250)) - applyTransaction for log index 251
2025-04-05 17:05:37,444 [s0@group-8F97580789F2-StateMachineUpdater] INFO  impl.SimpleStateMachine4Testing (SimpleStateMachine4Testing.java:put(206)) - s0: put 251, m125 -> (t:1, i:251), STATEMACHINELOGENTRY, WRITE: logData.size=4, stateMachineData.size=17, logEntryProtoSerializedSize=0
2025-04-05 17:05:37,448 [s1@group-8F97580789F2-StateMachineUpdater] INFO  impl.SimpleStateMachine4Testing (SimpleStateMachine4Testing.java:applyTransaction(250)) - applyTransaction for log index 253
2025-04-05 17:05:37,448 [s1@group-8F97580789F2-StateMachineUpdater] INFO  impl.SimpleStateMachine4Testing (SimpleStateMachine4Testing.java:put(206)) - s1: put 253, m126 -> (t:1, i:253), STATEMACHINELOGENTRY, WRITE: logData.size=4, stateMachineData.size=17, logEntryProtoSerializedSize=0
2025-04-05 17:05:37,451 [s2@group-8F97580789F2-StateMachineUpdater] INFO  impl.SimpleStateMachine4Testing (SimpleStateMachine4Testing.java:applyTransaction(250)) - applyTransaction for log index 253
2025-04-05 17:05:37,451 [s2@group-8F97580789F2-StateMachineUpdater] INFO  impl.SimpleStateMachine4Testing (SimpleStateMachine4Testing.java:put(206)) - s2: put 253, m126 -> (t:1, i:253), STATEMACHINELOGENTRY, WRITE: logData.size=4, stateMachineData.size=17, logEntryProtoSerializedSize=0
2025-04-05 17:05:37,454 [s0@group-8F97580789F2-StateMachineUpdater] INFO  impl.SimpleStateMachine4Testing (SimpleStateMachine4Testing.java:applyTransaction(250)) - applyTransaction for log index 253
2025-04-05 17:05:37,454 [s0@group-8F97580789F2-StateMachineUpdater] INFO  impl.SimpleStateMachine4Testing (SimpleStateMachine4Testing.java:put(206)) - s0: put 253, m126 -> (t:1, i:253), STATEMACHINELOGENTRY, WRITE: logData.size=4, stateMachineData.size=17, logEntryProtoSerializedSize=0
2025-04-05 17:05:37,455 [s1@group-8F97580789F2-StateMachineUpdater] INFO  impl.SimpleStateMachine4Testing (SimpleStateMachine4Testing.java:applyTransaction(250)) - applyTransaction for log index 255
2025-04-05 17:05:37,455 [s1@group-8F97580789F2-StateMachineUpdater] INFO  impl.SimpleStateMachine4Testing (SimpleStateMachine4Testing.java:put(206)) - s1: put 255, m127 -> (t:1, i:255), STATEMACHINELOGENTRY, WRITE: logData.size=4, stateMachineData.size=17, logEntryProtoSerializedSize=0
2025-04-05 17:05:37,456 [s1@group-8F97580789F2-StateMachineUpdater] TRACE util.FileUtils (FileUtils.java:deleteFully(318)) - deleteFully /tmp/ratis-tests/statemachine/s1/snapshot/1_255
2025-04-05 17:05:37,456 [s1@group-8F97580789F2-StateMachineUpdater] TRACE util.FileUtils (FileUtils.java:deleteFully(331)) - deleteFully: /tmp/ratis-tests/statemachine/s1/snapshot/1_255 does not exist.
2025-04-05 17:05:37,456 [s1@group-8F97580789F2-StateMachineUpdater] TRACE util.FileUtils (FileUtils.java:deleteFully(318)) - deleteFully /tmp/ratis-tests/statemachine/s1/tmp/4855e6ee-da35-4593-a8ed-89349b56d3a2
2025-04-05 17:05:37,456 [s1@group-8F97580789F2-StateMachineUpdater] TRACE util.FileUtils (FileUtils.java:deleteFully(331)) - deleteFully: /tmp/ratis-tests/statemachine/s1/tmp/4855e6ee-da35-4593-a8ed-89349b56d3a2 does not exist.
2025-04-05 17:05:37,456 [s1@group-8F97580789F2-StateMachineUpdater] TRACE util.FileUtils (LogUtils.java:runAndLog(49)) - Successfully ran Atomic Files.move /tmp/ratis-tests/statemachine/s1/tmp/4855e6ee-da35-4593-a8ed-89349b56d3a2 to /tmp/ratis-tests/statemachine/s1/snapshot/1_255
2025-04-05 17:05:37,456 [s1@group-8F97580789F2-StateMachineUpdater] INFO  impl.StateMachineUpdater (StateMachineUpdater.java:takeSnapshot(311)) - s1@group-8F97580789F2-StateMachineUpdater: Took a snapshot at index 255
2025-04-05 17:05:37,456 [s1@group-8F97580789F2-StateMachineUpdater] INFO  impl.StateMachineUpdater (StateMachineUpdater.java:lambda$new$0(100)) - s1@group-8F97580789F2-StateMachineUpdater: snapshotIndex: updateIncreasingly 191 -> 255
2025-04-05 17:05:37,456 [s1@group-8F97580789F2-StateMachineUpdater] INFO  raftlog.RaftLog (RaftLogBase.java:purge(339)) - s1@group-8F97580789F2-SegmentedRaftLog: purge 253
2025-04-05 17:05:37,456 [s1@group-8F97580789F2-StateMachineUpdater] INFO  raftlog.RaftLog (RaftLogBase.java:lambda$new$0(57)) - s1@group-8F97580789F2-SegmentedRaftLog: snapshotIndex: updateIncreasingly 191 -> 255
2025-04-05 17:05:37,457 [s1@group-8F97580789F2-StateMachineUpdater] INFO  raftlog.RaftLog (RaftLogBase.java:lambda$new$0(57)) - s1@group-8F97580789F2-SegmentedRaftLog: purgeIndex: updateToMax old=189, new=253, updated? true
2025-04-05 17:05:37,458 [s2@group-8F97580789F2-StateMachineUpdater] INFO  impl.SimpleStateMachine4Testing (SimpleStateMachine4Testing.java:applyTransaction(250)) - applyTransaction for log index 255
2025-04-05 17:05:37,459 [s2@group-8F97580789F2-StateMachineUpdater] INFO  impl.SimpleStateMachine4Testing (SimpleStateMachine4Testing.java:put(206)) - s2: put 255, m127 -> (t:1, i:255), STATEMACHINELOGENTRY, WRITE: logData.size=4, stateMachineData.size=17, logEntryProtoSerializedSize=0
2025-04-05 17:05:37,460 [s2@group-8F97580789F2-StateMachineUpdater] TRACE util.FileUtils (FileUtils.java:deleteFully(318)) - deleteFully /tmp/ratis-tests/statemachine/s2/snapshot/1_255
2025-04-05 17:05:37,459 [s0@group-8F97580789F2-StateMachineUpdater] INFO  impl.SimpleStateMachine4Testing (SimpleStateMachine4Testing.java:applyTransaction(250)) - applyTransaction for log index 255
2025-04-05 17:05:37,460 [s0@group-8F97580789F2-StateMachineUpdater] INFO  impl.SimpleStateMachine4Testing (SimpleStateMachine4Testing.java:put(206)) - s0: put 255, m127 -> (t:1, i:255), STATEMACHINELOGENTRY, WRITE: logData.size=4, stateMachineData.size=17, logEntryProtoSerializedSize=0
2025-04-05 17:05:37,460 [s0@group-8F97580789F2-StateMachineUpdater] TRACE util.FileUtils (FileUtils.java:deleteFully(318)) - deleteFully /tmp/ratis-tests/statemachine/s0/snapshot/1_255
2025-04-05 17:05:37,460 [s0@group-8F97580789F2-StateMachineUpdater] TRACE util.FileUtils (FileUtils.java:deleteFully(331)) - deleteFully: /tmp/ratis-tests/statemachine/s0/snapshot/1_255 does not exist.
2025-04-05 17:05:37,460 [s0@group-8F97580789F2-StateMachineUpdater] TRACE util.FileUtils (FileUtils.java:deleteFully(318)) - deleteFully /tmp/ratis-tests/statemachine/s0/tmp/4be7d6ba-9d2d-4464-8bcf-b20f5455e985
2025-04-05 17:05:37,460 [s0@group-8F97580789F2-StateMachineUpdater] TRACE util.FileUtils (FileUtils.java:deleteFully(331)) - deleteFully: /tmp/ratis-tests/statemachine/s0/tmp/4be7d6ba-9d2d-4464-8bcf-b20f5455e985 does not exist.
2025-04-05 17:05:37,461 [s0@group-8F97580789F2-StateMachineUpdater] TRACE util.FileUtils (LogUtils.java:runAndLog(49)) - Successfully ran Atomic Files.move /tmp/ratis-tests/statemachine/s0/tmp/4be7d6ba-9d2d-4464-8bcf-b20f5455e985 to /tmp/ratis-tests/statemachine/s0/snapshot/1_255
2025-04-05 17:05:37,463 [s0@group-8F97580789F2-StateMachineUpdater] INFO  impl.StateMachineUpdater (StateMachineUpdater.java:takeSnapshot(311)) - s0@group-8F97580789F2-StateMachineUpdater: Took a snapshot at index 255
2025-04-05 17:05:37,461 [s2@group-8F97580789F2-StateMachineUpdater] TRACE util.FileUtils (FileUtils.java:deleteFully(331)) - deleteFully: /tmp/ratis-tests/statemachine/s2/snapshot/1_255 does not exist.
2025-04-05 17:05:37,463 [s2@group-8F97580789F2-StateMachineUpdater] TRACE util.FileUtils (FileUtils.java:deleteFully(318)) - deleteFully /tmp/ratis-tests/statemachine/s2/tmp/984d7389-0d19-449f-82a3-b16fd9225cf0
2025-04-05 17:05:37,463 [s2@group-8F97580789F2-StateMachineUpdater] TRACE util.FileUtils (FileUtils.java:deleteFully(331)) - deleteFully: /tmp/ratis-tests/statemachine/s2/tmp/984d7389-0d19-449f-82a3-b16fd9225cf0 does not exist.
2025-04-05 17:05:37,463 [s2@group-8F97580789F2-StateMachineUpdater] TRACE util.FileUtils (LogUtils.java:runAndLog(49)) - Successfully ran Atomic Files.move /tmp/ratis-tests/statemachine/s2/tmp/984d7389-0d19-449f-82a3-b16fd9225cf0 to /tmp/ratis-tests/statemachine/s2/snapshot/1_255
2025-04-05 17:05:37,463 [s2@group-8F97580789F2-StateMachineUpdater] INFO  impl.StateMachineUpdater (StateMachineUpdater.java:takeSnapshot(311)) - s2@group-8F97580789F2-StateMachineUpdater: Took a snapshot at index 255
2025-04-05 17:05:37,464 [s2@group-8F97580789F2-StateMachineUpdater] INFO  impl.StateMachineUpdater (StateMachineUpdater.java:lambda$new$0(100)) - s2@group-8F97580789F2-StateMachineUpdater: snapshotIndex: updateIncreasingly 191 -> 255
2025-04-05 17:05:37,463 [s0@group-8F97580789F2-StateMachineUpdater] INFO  impl.StateMachineUpdater (StateMachineUpdater.java:lambda$new$0(100)) - s0@group-8F97580789F2-StateMachineUpdater: snapshotIndex: updateIncreasingly 191 -> 255
2025-04-05 17:05:37,464 [s0@group-8F97580789F2-StateMachineUpdater] INFO  raftlog.RaftLog (RaftLogBase.java:purge(339)) - s0@group-8F97580789F2-SegmentedRaftLog: purge 254
2025-04-05 17:05:37,464 [s0@group-8F97580789F2-StateMachineUpdater] INFO  raftlog.RaftLog (RaftLogBase.java:lambda$new$0(57)) - s0@group-8F97580789F2-SegmentedRaftLog: snapshotIndex: updateIncreasingly 191 -> 255
2025-04-05 17:05:37,464 [s0@group-8F97580789F2-StateMachineUpdater] INFO  raftlog.RaftLog (RaftLogBase.java:lambda$new$0(57)) - s0@group-8F97580789F2-SegmentedRaftLog: purgeIndex: updateToMax old=191, new=254, updated? true
2025-04-05 17:05:37,465 [s2@group-8F97580789F2-StateMachineUpdater] INFO  raftlog.RaftLog (RaftLogBase.java:purge(339)) - s2@group-8F97580789F2-SegmentedRaftLog: purge 252
2025-04-05 17:05:37,465 [s2@group-8F97580789F2-StateMachineUpdater] INFO  raftlog.RaftLog (RaftLogBase.java:lambda$new$0(57)) - s2@group-8F97580789F2-SegmentedRaftLog: snapshotIndex: updateIncreasingly 191 -> 255
2025-04-05 17:05:37,465 [s2@group-8F97580789F2-StateMachineUpdater] INFO  raftlog.RaftLog (RaftLogBase.java:lambda$new$0(57)) - s2@group-8F97580789F2-SegmentedRaftLog: purgeIndex: updateToMax old=190, new=252, updated? true
2025-04-05 17:05:37,465 [timer5] INFO  server.GrpcServerProtocolService (GrpcServerProtocolService.java:lambda$onCompleted$8(214)) - s2: Completed INSTALL_SNAPSHOT, lastRequest: null  (Repeated 2 times in the last 5.000s)
2025-04-05 17:05:37,464 [timer3] INFO  server.GrpcServerProtocolService (GrpcServerProtocolService.java:lambda$onCompleted$8(214)) - s1: Completed INSTALL_SNAPSHOT, lastRequest: null  (Repeated 2 times in the last 5.001s)
2025-04-05 17:05:37,467 [timer6] INFO  server.GrpcServerProtocolService (GrpcServerProtocolService.java:lambda$null$9(218)) - s2: Completed INSTALL_SNAPSHOT, lastReply: null  (Repeated 2 times in the last 5.002s)
2025-04-05 17:05:37,467 [timer4] INFO  server.GrpcServerProtocolService (GrpcServerProtocolService.java:lambda$null$9(218)) - s1: Completed INSTALL_SNAPSHOT, lastReply: null  (Repeated 2 times in the last 5.004s)
2025-04-05 17:05:37,470 [s1-server-thread1] INFO  server.RaftServer$Division (RaftServerImpl.java:takeSnapshotAsync(1295)) - s1@group-8F97580789F2: takeSnapshotAsync SnapshotManagementRequest:client-66432F193DDA->s1@group-8F97580789F2, cid=387, seq=null, RO, null, Create:
2025-04-05 17:05:37,472 [s1-server-thread1] INFO  server.RaftServer$Division (RaftServerImpl.java:takeSnapshotAsync(1295)) - s1@group-8F97580789F2: takeSnapshotAsync SnapshotManagementRequest:client-66432F193DDA->s1@group-8F97580789F2, cid=388, seq=null, RO, null, Create:
2025-04-05 17:05:37,473 [s1-server-thread1] INFO  server.RaftServer$Division (RaftServerImpl.java:takeSnapshotAsync(1295)) - s1@group-8F97580789F2: takeSnapshotAsync SnapshotManagementRequest:client-66432F193DDA->s1@group-8F97580789F2, cid=389, seq=null, RO, null, Create:
2025-04-05 17:05:37,480 [main] INFO  util.CodeInjectionForTesting (BlockRequestHandlingInjection.java:blockRequestor(49)) - Block requestor s0
2025-04-05 17:05:37,481 [main] INFO  util.CodeInjectionForTesting (BlockRequestHandlingInjection.java:blockRequestor(49)) - Block requestor s2
2025-04-05 17:05:37,481 [main] INFO  impl.MiniRaftCluster (MiniRaftCluster.java:addNewPeers(478)) - Add new peers [s3, s4]
2025-04-05 17:05:37,481 [main] INFO  impl.MiniRaftCluster (MiniRaftCluster.java:newRaftServer(396)) - newRaftServer: s3, group-8F97580789F2:[], format? true
2025-04-05 17:05:37,481 [main] TRACE util.FileUtils (FileUtils.java:deleteFully(318)) - deleteFully target/test/data/7d2f1e3c/MiniRaftClusterWithGrpc65d740a0/s3
2025-04-05 17:05:37,482 [main] TRACE util.FileUtils (FileUtils.java:deleteFully(331)) - deleteFully: target/test/data/7d2f1e3c/MiniRaftClusterWithGrpc65d740a0/s3 does not exist.
2025-04-05 17:05:37,482 [main] INFO  impl.MiniRaftCluster (MiniRaftCluster.java:newRaftServer(401)) - Formatted directory target/test/data/7d2f1e3c/MiniRaftClusterWithGrpc65d740a0/s3
2025-04-05 17:05:37,482 [main] INFO  grpc.GrpcConfigKeys (ConfUtils.java:logFallback(69)) - raft.grpc.admin.host = null (fallback to raft.grpc.server.host)
2025-04-05 17:05:37,483 [main] INFO  grpc.GrpcConfigKeys (ConfUtils.java:logFallback(69)) - raft.grpc.admin.port = 15024 (fallback to raft.grpc.server.port)
2025-04-05 17:05:37,483 [main] INFO  grpc.GrpcConfigKeys (ConfUtils.java:logFallback(69)) - raft.grpc.client.host = null (fallback to raft.grpc.server.host)
2025-04-05 17:05:37,483 [main] INFO  grpc.GrpcConfigKeys (ConfUtils.java:logFallback(69)) - raft.grpc.client.port = 15024 (fallback to raft.grpc.server.port)
2025-04-05 17:05:37,484 [main] INFO  grpc.GrpcConfigKeys (ConfUtils.java:logGet(62)) - raft.grpc.server.port = 15024 (custom)
2025-04-05 17:05:37,485 [main] INFO  server.RaftServerConfigKeys (ConfUtils.java:logGet(62)) - raft.server.storage.dir = [/home/runner/work/ratis/ratis/ratis-test/target/test/data/7d2f1e3c/MiniRaftClusterWithGrpc65d740a0/s3] (custom)
2025-04-05 17:05:37,486 [main] INFO  server.RaftServer (RaftServerProxy.java:addNew(106)) - s3: addNew group-8F97580789F2:[] returns group-8F97580789F2:java.util.concurrent.CompletableFuture@756cf158[Not completed]
2025-04-05 17:05:37,486 [main] INFO  impl.MiniRaftCluster (MiniRaftCluster.java:newRaftServer(396)) - newRaftServer: s4, group-8F97580789F2:[], format? true
2025-04-05 17:05:37,487 [s3-groupManagement] INFO  server.RaftServer$Division (RaftServerImpl.java:<init>(271)) - s3: new RaftServerImpl for group-8F97580789F2:[] with StateMachineWithSeparatedSnapshotPath:uninitialized
2025-04-05 17:05:37,487 [s3-groupManagement] INFO  server.RaftServer$Division (ServerState.java:<init>(114)) - s3@group-8F97580789F2: ConfigurationManager, init=conf: {index: -1, cur=peers:[]|listeners:[], old=null}, confs=<EMPTY_MAP>
2025-04-05 17:05:37,487 [main] TRACE util.FileUtils (FileUtils.java:deleteFully(318)) - deleteFully target/test/data/7d2f1e3c/MiniRaftClusterWithGrpc65d740a0/s4
2025-04-05 17:05:37,488 [main] TRACE util.FileUtils (FileUtils.java:deleteFully(331)) - deleteFully: target/test/data/7d2f1e3c/MiniRaftClusterWithGrpc65d740a0/s4 does not exist.
2025-04-05 17:05:37,489 [main] INFO  impl.MiniRaftCluster (MiniRaftCluster.java:newRaftServer(401)) - Formatted directory target/test/data/7d2f1e3c/MiniRaftClusterWithGrpc65d740a0/s4
2025-04-05 17:05:37,489 [main] INFO  grpc.GrpcConfigKeys (ConfUtils.java:logFallback(69)) - raft.grpc.admin.host = null (fallback to raft.grpc.server.host)
2025-04-05 17:05:37,490 [main] INFO  grpc.GrpcConfigKeys (ConfUtils.java:logFallback(69)) - raft.grpc.admin.port = 15025 (fallback to raft.grpc.server.port)
2025-04-05 17:05:37,490 [main] INFO  grpc.GrpcConfigKeys (ConfUtils.java:logFallback(69)) - raft.grpc.client.host = null (fallback to raft.grpc.server.host)
2025-04-05 17:05:37,490 [main] INFO  grpc.GrpcConfigKeys (ConfUtils.java:logFallback(69)) - raft.grpc.client.port = 15025 (fallback to raft.grpc.server.port)
2025-04-05 17:05:37,490 [main] INFO  grpc.GrpcConfigKeys (ConfUtils.java:logGet(62)) - raft.grpc.server.port = 15025 (custom)
2025-04-05 17:05:37,492 [main] INFO  server.RaftServerConfigKeys (ConfUtils.java:logGet(62)) - raft.server.storage.dir = [/home/runner/work/ratis/ratis/ratis-test/target/test/data/7d2f1e3c/MiniRaftClusterWithGrpc65d740a0/s4] (custom)
2025-04-05 17:05:37,492 [main] INFO  server.RaftServer (RaftServerProxy.java:addNew(106)) - s4: addNew group-8F97580789F2:[] returns group-8F97580789F2:java.util.concurrent.CompletableFuture@64337702[Not completed]
2025-04-05 17:05:37,492 [s4-groupManagement] INFO  server.RaftServer$Division (RaftServerImpl.java:<init>(271)) - s4: new RaftServerImpl for group-8F97580789F2:[] with StateMachineWithSeparatedSnapshotPath:uninitialized
2025-04-05 17:05:37,493 [s4-groupManagement] INFO  server.RaftServer$Division (ServerState.java:<init>(114)) - s4@group-8F97580789F2: ConfigurationManager, init=conf: {index: -1, cur=peers:[]|listeners:[], old=null}, confs=<EMPTY_MAP>
2025-04-05 17:05:37,493 [s3-impl-thread1] INFO  server.RaftServerConfigKeys (ConfUtils.java:logGet(62)) - raft.server.storage.dir = [/home/runner/work/ratis/ratis/ratis-test/target/test/data/7d2f1e3c/MiniRaftClusterWithGrpc65d740a0/s3] (custom)
2025-04-05 17:05:37,493 [s3-impl-thread1] INFO  storage.RaftStorageDirectory (RaftStorageDirectoryImpl.java:analyzeStorage(138)) - The storage directory /home/runner/work/ratis/ratis/ratis-test/target/test/data/7d2f1e3c/MiniRaftClusterWithGrpc65d740a0/s3/278962cf-de14-401e-b053-8f97580789f2 does not exist. Creating ...
2025-04-05 17:05:37,493 [s3-impl-thread1] TRACE util.FileUtils (LogUtils.java:runAndLog(49)) - Successfully ran Files.createDirectories /home/runner/work/ratis/ratis/ratis-test/target/test/data/7d2f1e3c/MiniRaftClusterWithGrpc65d740a0/s3/278962cf-de14-401e-b053-8f97580789f2
2025-04-05 17:05:37,495 [s3-impl-thread1] INFO  storage.RaftStorageDirectory (RaftStorageDirectoryImpl.java:tryLock(229)) - Lock on /home/runner/work/ratis/ratis/ratis-test/target/test/data/7d2f1e3c/MiniRaftClusterWithGrpc65d740a0/s3/278962cf-de14-401e-b053-8f97580789f2/in_use.lock acquired by nodename 3770@fv-az1110-124.3eeube15zenuxp2txnkl1xhk0g.dx.internal.cloudapp.net
2025-04-05 17:05:37,495 [s3-impl-thread1] TRACE util.FileUtils (LogUtils.java:runAndLog(49)) - Successfully ran Files.createDirectories /home/runner/work/ratis/ratis/ratis-test/target/test/data/7d2f1e3c/MiniRaftClusterWithGrpc65d740a0/s3/278962cf-de14-401e-b053-8f97580789f2/current
2025-04-05 17:05:37,495 [s3-impl-thread1] TRACE util.FileUtils (LogUtils.java:runAndLog(49)) - Successfully ran Files.createDirectories /home/runner/work/ratis/ratis/ratis-test/target/test/data/7d2f1e3c/MiniRaftClusterWithGrpc65d740a0/s3/278962cf-de14-401e-b053-8f97580789f2/sm
2025-04-05 17:05:37,495 [s3-impl-thread1] TRACE util.FileUtils (LogUtils.java:supplyAndLog(69)) - Successfully supplied FileChannel.open /home/runner/work/ratis/ratis/ratis-test/target/test/data/7d2f1e3c/MiniRaftClusterWithGrpc65d740a0/s3/278962cf-de14-401e-b053-8f97580789f2/current/raft-meta.tmp with options [CREATE, TRUNCATE_EXISTING, WRITE]: sun.nio.ch.FileChannelImpl@33feba47
2025-04-05 17:05:37,496 [s3-impl-thread1] TRACE util.FileUtils (LogUtils.java:runAndLog(49)) - Successfully ran Atomic Files.move /home/runner/work/ratis/ratis/ratis-test/target/test/data/7d2f1e3c/MiniRaftClusterWithGrpc65d740a0/s3/278962cf-de14-401e-b053-8f97580789f2/current/raft-meta.tmp to /home/runner/work/ratis/ratis/ratis-test/target/test/data/7d2f1e3c/MiniRaftClusterWithGrpc65d740a0/s3/278962cf-de14-401e-b053-8f97580789f2/current/raft-meta with options [REPLACE_EXISTING]
2025-04-05 17:05:37,496 [s3-impl-thread1] INFO  storage.RaftStorage (RaftStorageImpl.java:format(98)) - Storage directory /home/runner/work/ratis/ratis/ratis-test/target/test/data/7d2f1e3c/MiniRaftClusterWithGrpc65d740a0/s3/278962cf-de14-401e-b053-8f97580789f2 has been successfully formatted.
2025-04-05 17:05:37,496 [s3-impl-thread1] INFO  impl.SimpleStateMachine4Testing (SimpleStateMachine4Testing.java:initialize(214)) - Initializing StateMachineWithSeparatedSnapshotPath:uninitialized
2025-04-05 17:05:37,497 [s3-impl-thread1] INFO  impl.SimpleStateMachine4Testing (SimpleStateMachine4Testing.java:loadSnapshot(298)) - Loading snapshot null
2025-04-05 17:05:37,497 [s3-impl-thread1] TRACE util.FileUtils (FileUtils.java:deleteFully(318)) - deleteFully /tmp/ratis-tests/statemachine/s3
2025-04-05 17:05:37,497 [s3-impl-thread1] TRACE util.FileUtils (FileUtils.java:deleteFully(331)) - deleteFully: /tmp/ratis-tests/statemachine/s3 does not exist.
2025-04-05 17:05:37,498 [s3-impl-thread1] INFO  util.AwaitToRun (AwaitToRun.java:start(81)) - Thread[s3@group-8F97580789F2-cacheEviction-AwaitToRun,5,main] started
2025-04-05 17:05:37,498 [s3-impl-thread1] INFO  segmented.SegmentedRaftLogWorker (SegmentedRaftLogWorker.java:<init>(191)) - new s3@group-8F97580789F2-SegmentedRaftLogWorker for RaftStorageImpl:Storage Directory /home/runner/work/ratis/ratis/ratis-test/target/test/data/7d2f1e3c/MiniRaftClusterWithGrpc65d740a0/s3/278962cf-de14-401e-b053-8f97580789f2
2025-04-05 17:05:37,500 [s3-impl-thread1] INFO  segmented.SegmentedRaftLogWorker (SegmentedRaftLogWorker.java:lambda$new$0(142)) - s3@group-8F97580789F2-SegmentedRaftLogWorker: flushIndex: setUnconditionally 0 -> -1
2025-04-05 17:05:37,500 [s3-impl-thread1] INFO  segmented.SegmentedRaftLogWorker (SegmentedRaftLogWorker.java:lambda$new$0(142)) - s3@group-8F97580789F2-SegmentedRaftLogWorker: safeCacheEvictIndex: setUnconditionally 0 -> -1
2025-04-05 17:05:37,500 [s3-impl-thread1] INFO  server.RaftServer$Division (RaftServerImpl.java:start(414)) - s3@group-8F97580789F2: start with initializing state, conf=conf: {index: -1, cur=peers:[]|listeners:[], old=null}
2025-04-05 17:05:37,501 [s3-impl-thread1] INFO  server.RaftServer$Division (RaftServerImpl.java:setRole(395)) - s3@group-8F97580789F2: changes role from      null to FOLLOWER at term 0 for start
2025-04-05 17:05:37,501 [s3-impl-thread1] INFO  util.JmxRegister (JmxRegister.java:tryRegister(44)) - Successfully registered JMX Bean with object name Ratis:service=RaftServer,group=group-8F97580789F2,id=s3
2025-04-05 17:05:37,501 [s3-impl-thread1] INFO  util.JmxRegister (JmxRegister.java:register(58)) - register mxBean class org.apache.ratis.server.impl.RaftServerJmxAdapter as Ratis:service=RaftServer,group=group-8F97580789F2,id=s3
2025-04-05 17:05:37,501 [s3-impl-thread1] INFO  server.RaftServer$Division (RaftServerImpl.java:start(422)) - s3@group-8F97580789F2: Successfully started.
2025-04-05 17:05:37,502 [main] INFO  server.RaftServer (RaftServerProxy.java:startImpl(413)) - s3: start RPC server
2025-04-05 17:05:37,503 [main] INFO  server.GrpcServicesImpl (GrpcServicesImpl.java:startImpl(353)) - s3: GrpcServicesImpl started, listening on 15024
2025-04-05 17:05:37,503 [JvmPauseMonitor9] INFO  util.JvmPauseMonitor (JvmPauseMonitor.java:run(146)) - JvmPauseMonitor-s3: Started
2025-04-05 17:05:37,504 [s4-impl-thread1] INFO  server.RaftServerConfigKeys (ConfUtils.java:logGet(62)) - raft.server.storage.dir = [/home/runner/work/ratis/ratis/ratis-test/target/test/data/7d2f1e3c/MiniRaftClusterWithGrpc65d740a0/s4] (custom)
2025-04-05 17:05:37,504 [s4-impl-thread1] INFO  storage.RaftStorageDirectory (RaftStorageDirectoryImpl.java:analyzeStorage(138)) - The storage directory /home/runner/work/ratis/ratis/ratis-test/target/test/data/7d2f1e3c/MiniRaftClusterWithGrpc65d740a0/s4/278962cf-de14-401e-b053-8f97580789f2 does not exist. Creating ...
2025-04-05 17:05:37,504 [s4-impl-thread1] TRACE util.FileUtils (LogUtils.java:runAndLog(49)) - Successfully ran Files.createDirectories /home/runner/work/ratis/ratis/ratis-test/target/test/data/7d2f1e3c/MiniRaftClusterWithGrpc65d740a0/s4/278962cf-de14-401e-b053-8f97580789f2
2025-04-05 17:05:37,505 [s4-impl-thread1] INFO  storage.RaftStorageDirectory (RaftStorageDirectoryImpl.java:tryLock(229)) - Lock on /home/runner/work/ratis/ratis/ratis-test/target/test/data/7d2f1e3c/MiniRaftClusterWithGrpc65d740a0/s4/278962cf-de14-401e-b053-8f97580789f2/in_use.lock acquired by nodename 3770@fv-az1110-124.3eeube15zenuxp2txnkl1xhk0g.dx.internal.cloudapp.net
2025-04-05 17:05:37,505 [s4-impl-thread1] TRACE util.FileUtils (LogUtils.java:runAndLog(49)) - Successfully ran Files.createDirectories /home/runner/work/ratis/ratis/ratis-test/target/test/data/7d2f1e3c/MiniRaftClusterWithGrpc65d740a0/s4/278962cf-de14-401e-b053-8f97580789f2/current
2025-04-05 17:05:37,505 [s4-impl-thread1] TRACE util.FileUtils (LogUtils.java:runAndLog(49)) - Successfully ran Files.createDirectories /home/runner/work/ratis/ratis/ratis-test/target/test/data/7d2f1e3c/MiniRaftClusterWithGrpc65d740a0/s4/278962cf-de14-401e-b053-8f97580789f2/sm
2025-04-05 17:05:37,505 [s4-impl-thread1] TRACE util.FileUtils (LogUtils.java:supplyAndLog(69)) - Successfully supplied FileChannel.open /home/runner/work/ratis/ratis/ratis-test/target/test/data/7d2f1e3c/MiniRaftClusterWithGrpc65d740a0/s4/278962cf-de14-401e-b053-8f97580789f2/current/raft-meta.tmp with options [CREATE, TRUNCATE_EXISTING, WRITE]: sun.nio.ch.FileChannelImpl@691f8294
2025-04-05 17:05:37,506 [s4-impl-thread1] TRACE util.FileUtils (LogUtils.java:runAndLog(49)) - Successfully ran Atomic Files.move /home/runner/work/ratis/ratis/ratis-test/target/test/data/7d2f1e3c/MiniRaftClusterWithGrpc65d740a0/s4/278962cf-de14-401e-b053-8f97580789f2/current/raft-meta.tmp to /home/runner/work/ratis/ratis/ratis-test/target/test/data/7d2f1e3c/MiniRaftClusterWithGrpc65d740a0/s4/278962cf-de14-401e-b053-8f97580789f2/current/raft-meta with options [REPLACE_EXISTING]
2025-04-05 17:05:37,506 [s4-impl-thread1] INFO  storage.RaftStorage (RaftStorageImpl.java:format(98)) - Storage directory /home/runner/work/ratis/ratis/ratis-test/target/test/data/7d2f1e3c/MiniRaftClusterWithGrpc65d740a0/s4/278962cf-de14-401e-b053-8f97580789f2 has been successfully formatted.
2025-04-05 17:05:37,506 [s4-impl-thread1] INFO  impl.SimpleStateMachine4Testing (SimpleStateMachine4Testing.java:initialize(214)) - Initializing StateMachineWithSeparatedSnapshotPath:uninitialized
2025-04-05 17:05:37,507 [s4-impl-thread1] INFO  impl.SimpleStateMachine4Testing (SimpleStateMachine4Testing.java:loadSnapshot(298)) - Loading snapshot null
2025-04-05 17:05:37,507 [s4-impl-thread1] TRACE util.FileUtils (FileUtils.java:deleteFully(318)) - deleteFully /tmp/ratis-tests/statemachine/s4
2025-04-05 17:05:37,507 [s4-impl-thread1] TRACE util.FileUtils (FileUtils.java:deleteFully(331)) - deleteFully: /tmp/ratis-tests/statemachine/s4 does not exist.
2025-04-05 17:05:37,508 [s4-impl-thread1] INFO  util.AwaitToRun (AwaitToRun.java:start(81)) - Thread[s4@group-8F97580789F2-cacheEviction-AwaitToRun,5,main] started
2025-04-05 17:05:37,508 [s4-impl-thread1] INFO  segmented.SegmentedRaftLogWorker (SegmentedRaftLogWorker.java:<init>(191)) - new s4@group-8F97580789F2-SegmentedRaftLogWorker for RaftStorageImpl:Storage Directory /home/runner/work/ratis/ratis/ratis-test/target/test/data/7d2f1e3c/MiniRaftClusterWithGrpc65d740a0/s4/278962cf-de14-401e-b053-8f97580789f2
2025-04-05 17:05:37,510 [s4-impl-thread1] INFO  segmented.SegmentedRaftLogWorker (SegmentedRaftLogWorker.java:lambda$new$0(142)) - s4@group-8F97580789F2-SegmentedRaftLogWorker: flushIndex: setUnconditionally 0 -> -1
2025-04-05 17:05:37,510 [s4-impl-thread1] INFO  segmented.SegmentedRaftLogWorker (SegmentedRaftLogWorker.java:lambda$new$0(142)) - s4@group-8F97580789F2-SegmentedRaftLogWorker: safeCacheEvictIndex: setUnconditionally 0 -> -1
2025-04-05 17:05:37,511 [s4-impl-thread1] INFO  server.RaftServer$Division (RaftServerImpl.java:start(414)) - s4@group-8F97580789F2: start with initializing state, conf=conf: {index: -1, cur=peers:[]|listeners:[], old=null}
2025-04-05 17:05:37,511 [s4-impl-thread1] INFO  server.RaftServer$Division (RaftServerImpl.java:setRole(395)) - s4@group-8F97580789F2: changes role from      null to FOLLOWER at term 0 for start
2025-04-05 17:05:37,511 [s4-impl-thread1] INFO  util.JmxRegister (JmxRegister.java:tryRegister(44)) - Successfully registered JMX Bean with object name Ratis:service=RaftServer,group=group-8F97580789F2,id=s4
2025-04-05 17:05:37,511 [s4-impl-thread1] INFO  util.JmxRegister (JmxRegister.java:register(58)) - register mxBean class org.apache.ratis.server.impl.RaftServerJmxAdapter as Ratis:service=RaftServer,group=group-8F97580789F2,id=s4
2025-04-05 17:05:37,512 [s4-impl-thread1] INFO  server.RaftServer$Division (RaftServerImpl.java:start(422)) - s4@group-8F97580789F2: Successfully started.
2025-04-05 17:05:37,512 [main] INFO  server.RaftServer (RaftServerProxy.java:startImpl(413)) - s4: start RPC server
2025-04-05 17:05:37,513 [main] INFO  server.GrpcServicesImpl (GrpcServicesImpl.java:startImpl(353)) - s4: GrpcServicesImpl started, listening on 15025
2025-04-05 17:05:37,514 [JvmPauseMonitor10] INFO  util.JvmPauseMonitor (JvmPauseMonitor.java:run(146)) - JvmPauseMonitor-s4: Started
2025-04-05 17:05:37,519 [s1-server-thread1] INFO  server.RaftServer$Division (RaftServerImpl.java:setConfigurationAsync(1364)) - s1@group-8F97580789F2: receive setConfiguration SetConfigurationRequest:client-2587F4606A14->s1@group-8F97580789F2, cid=390, seq=null, RW, null, SET_UNCONDITIONALLY, servers:[s3|0.0.0.0:15024, s4|0.0.0.0:15025, s0|localhost:15012, s1|localhost:15016, s2|localhost:15020], listeners:[]
2025-04-05 17:05:37,519 [s1-server-thread1] INFO  server.RaftServer$Division (LeaderStateImpl.java:startSetConfiguration(488)) - s1@group-8F97580789F2-LeaderStateImpl: startSetConfiguration SetConfigurationRequest:client-2587F4606A14->s1@group-8F97580789F2, cid=390, seq=null, RW, null, SET_UNCONDITIONALLY, servers:[s3|0.0.0.0:15024, s4|0.0.0.0:15025, s0|localhost:15012, s1|localhost:15016, s2|localhost:15020], listeners:[]
2025-04-05 17:05:37,520 [s1-server-thread1] INFO  server.RaftServerConfigKeys (ConfUtils.java:logGet(62)) - raft.server.log.appender.snapshot.chunk.size.max = 1k (=1024) (custom)
2025-04-05 17:05:37,520 [s1-server-thread1] INFO  server.RaftServerConfigKeys (ConfUtils.java:logGet(62)) - raft.server.log.appender.snapshot.chunk.size.max = 1k (=1024) (custom)
2025-04-05 17:05:37,521 [s1@group-8F97580789F2->s3-GrpcLogAppender-LogAppenderDaemon] INFO  server.GrpcLogAppender (GrpcLogAppender.java:installSnapshot(776)) - s1@group-8F97580789F2->s3-GrpcLogAppender: followerNextIndex = 0 but logStartIndex = 0, send snapshot FileListSnapshotInfo(t:1, i:255):[/tmp/ratis-tests/statemachine/s1/snapshot/1_255/loves, /tmp/ratis-tests/statemachine/s1/snapshot/1_255/vegetable, /tmp/ratis-tests/statemachine/s1/snapshot/1_255/deer] to follower
2025-04-05 17:05:37,521 [s1@group-8F97580789F2->s3-GrpcLogAppender-LogAppenderDaemon] INFO  server.GrpcServerProtocolClient (GrpcServerProtocolClient.java:<init>(65)) - Build channel for s3|0.0.0.0:15024
2025-04-05 17:05:37,522 [s1@group-8F97580789F2->s3-GrpcLogAppender-LogAppenderDaemon] TRACE util.FileUtils (LogUtils.java:supplyAndLog(69)) - Successfully supplied Files.newInputStream /tmp/ratis-tests/statemachine/s1/snapshot/1_255/loves with options []: sun.nio.ch.ChannelInputStream@3c938f97
2025-04-05 17:05:37,522 [s1@group-8F97580789F2->s4-GrpcLogAppender-LogAppenderDaemon] INFO  server.GrpcLogAppender (GrpcLogAppender.java:installSnapshot(776)) - s1@group-8F97580789F2->s4-GrpcLogAppender: followerNextIndex = 0 but logStartIndex = 0, send snapshot FileListSnapshotInfo(t:1, i:255):[/tmp/ratis-tests/statemachine/s1/snapshot/1_255/loves, /tmp/ratis-tests/statemachine/s1/snapshot/1_255/vegetable, /tmp/ratis-tests/statemachine/s1/snapshot/1_255/deer] to follower
2025-04-05 17:05:37,523 [s1@group-8F97580789F2->s4-GrpcLogAppender-LogAppenderDaemon] INFO  server.GrpcServerProtocolClient (GrpcServerProtocolClient.java:<init>(65)) - Build channel for s4|0.0.0.0:15025
2025-04-05 17:05:37,523 [s1@group-8F97580789F2->s4-GrpcLogAppender-LogAppenderDaemon] TRACE util.FileUtils (LogUtils.java:supplyAndLog(69)) - Successfully supplied Files.newInputStream /tmp/ratis-tests/statemachine/s1/snapshot/1_255/loves with options []: sun.nio.ch.ChannelInputStream@7a47dc6e
2025-04-05 17:05:37,524 [s1@group-8F97580789F2->s4-GrpcLogAppender-LogAppenderDaemon] TRACE util.FileUtils (LogUtils.java:supplyAndLog(69)) - Successfully supplied Files.newInputStream /tmp/ratis-tests/statemachine/s1/snapshot/1_255/vegetable with options []: sun.nio.ch.ChannelInputStream@2652b40a
2025-04-05 17:05:37,527 [s1@group-8F97580789F2->s3-GrpcLogAppender-LogAppenderDaemon] TRACE util.FileUtils (LogUtils.java:supplyAndLog(69)) - Successfully supplied Files.newInputStream /tmp/ratis-tests/statemachine/s1/snapshot/1_255/vegetable with options []: sun.nio.ch.ChannelInputStream@78c76d4f
2025-04-05 17:05:37,527 [s1@group-8F97580789F2->s3-GrpcLogAppender-LogAppenderDaemon] TRACE util.FileUtils (LogUtils.java:supplyAndLog(69)) - Successfully supplied Files.newInputStream /tmp/ratis-tests/statemachine/s1/snapshot/1_255/deer with options []: sun.nio.ch.ChannelInputStream@447a3b67
2025-04-05 17:05:37,527 [s1@group-8F97580789F2->s4-GrpcLogAppender-LogAppenderDaemon] TRACE util.FileUtils (LogUtils.java:supplyAndLog(69)) - Successfully supplied Files.newInputStream /tmp/ratis-tests/statemachine/s1/snapshot/1_255/deer with options []: sun.nio.ch.ChannelInputStream@4bf706eb
2025-04-05 17:05:37,530 [grpc-default-executor-5] INFO  impl.SnapshotInstallationHandler (SnapshotInstallationHandler.java:lambda$installSnapshot$0(103)) - s3@group-8F97580789F2: receive installSnapshot: s1->s3#0-t1,chunk:5c122480-d0e1-4bd8-adfc-7fa647e4a4f0,0 
2025-04-05 17:05:37,530 [grpc-default-executor-5] TRACE util.FileUtils (LogUtils.java:supplyAndLog(69)) - Successfully supplied FileChannel.open /home/runner/work/ratis/ratis/ratis-test/target/test/data/7d2f1e3c/MiniRaftClusterWithGrpc65d740a0/s3/278962cf-de14-401e-b053-8f97580789f2/current/raft-meta.tmp with options [CREATE, TRUNCATE_EXISTING, WRITE]: sun.nio.ch.FileChannelImpl@79b10e61
2025-04-05 17:05:37,531 [grpc-default-executor-2] INFO  impl.SnapshotInstallationHandler (SnapshotInstallationHandler.java:lambda$installSnapshot$0(103)) - s4@group-8F97580789F2: receive installSnapshot: s1->s4#0-t1,chunk:f411899d-94ed-4d8c-a807-8e466dd6f3d9,0 
2025-04-05 17:05:37,531 [grpc-default-executor-2] TRACE util.FileUtils (LogUtils.java:supplyAndLog(69)) - Successfully supplied FileChannel.open /home/runner/work/ratis/ratis/ratis-test/target/test/data/7d2f1e3c/MiniRaftClusterWithGrpc65d740a0/s4/278962cf-de14-401e-b053-8f97580789f2/current/raft-meta.tmp with options [CREATE, TRUNCATE_EXISTING, WRITE]: sun.nio.ch.FileChannelImpl@10793b0a
2025-04-05 17:05:37,533 [grpc-default-executor-5] TRACE util.FileUtils (LogUtils.java:runAndLog(49)) - Successfully ran Atomic Files.move /home/runner/work/ratis/ratis/ratis-test/target/test/data/7d2f1e3c/MiniRaftClusterWithGrpc65d740a0/s3/278962cf-de14-401e-b053-8f97580789f2/current/raft-meta.tmp to /home/runner/work/ratis/ratis/ratis-test/target/test/data/7d2f1e3c/MiniRaftClusterWithGrpc65d740a0/s3/278962cf-de14-401e-b053-8f97580789f2/current/raft-meta with options [REPLACE_EXISTING]
2025-04-05 17:05:37,533 [grpc-default-executor-5] INFO  server.RaftServer$Division (RaftServerImpl.java:setFirstElection(579)) - s3@group-8F97580789F2: set firstElectionSinceStartup to false for installSnapshot
2025-04-05 17:05:37,533 [grpc-default-executor-5] INFO  server.RaftServer$Division (ServerState.java:setLeader(272)) - s3@group-8F97580789F2: change Leader from null to s1 at term 1 for installSnapshot, leader elected after 45ms
2025-04-05 17:05:37,533 [grpc-default-executor-2] TRACE util.FileUtils (LogUtils.java:runAndLog(49)) - Successfully ran Atomic Files.move /home/runner/work/ratis/ratis/ratis-test/target/test/data/7d2f1e3c/MiniRaftClusterWithGrpc65d740a0/s4/278962cf-de14-401e-b053-8f97580789f2/current/raft-meta.tmp to /home/runner/work/ratis/ratis/ratis-test/target/test/data/7d2f1e3c/MiniRaftClusterWithGrpc65d740a0/s4/278962cf-de14-401e-b053-8f97580789f2/current/raft-meta with options [REPLACE_EXISTING]
2025-04-05 17:05:37,533 [grpc-default-executor-2] INFO  server.RaftServer$Division (RaftServerImpl.java:setFirstElection(579)) - s4@group-8F97580789F2: set firstElectionSinceStartup to false for installSnapshot
2025-04-05 17:05:37,533 [grpc-default-executor-2] INFO  server.RaftServer$Division (ServerState.java:setLeader(272)) - s4@group-8F97580789F2: change Leader from null to s1 at term 1 for installSnapshot, leader elected after 40ms
2025-04-05 17:05:37,534 [grpc-default-executor-5] TRACE util.FileUtils (LogUtils.java:runAndLog(49)) - Successfully ran Files.createDirectories /tmp/ratis-tests/statemachine/s3/tmp/snapshot-5c122480-d0e1-4bd8-adfc-7fa647e4a4f0
2025-04-05 17:05:37,535 [grpc-default-executor-5] INFO  storage.SnapshotManager (SnapshotManager.java:installSnapshot(111)) - Installing snapshot:s1->s3#0-t1,chunk:5c122480-d0e1-4bd8-adfc-7fa647e4a4f0,0, to tmp dir:/tmp/ratis-tests/statemachine/s3/tmp/snapshot-5c122480-d0e1-4bd8-adfc-7fa647e4a4f0
2025-04-05 17:05:37,535 [grpc-default-executor-1] INFO  util.CodeInjectionForTesting (BlockRequestHandlingInjection.java:execute(77)) - s2: Block request from s1
2025-04-05 17:05:37,534 [grpc-default-executor-2] TRACE util.FileUtils (LogUtils.java:runAndLog(49)) - Successfully ran Files.createDirectories /tmp/ratis-tests/statemachine/s4/tmp/snapshot-f411899d-94ed-4d8c-a807-8e466dd6f3d9
2025-04-05 17:05:37,535 [grpc-default-executor-2] INFO  storage.SnapshotManager (SnapshotManager.java:installSnapshot(111)) - Installing snapshot:s1->s4#0-t1,chunk:f411899d-94ed-4d8c-a807-8e466dd6f3d9,0, to tmp dir:/tmp/ratis-tests/statemachine/s4/tmp/snapshot-f411899d-94ed-4d8c-a807-8e466dd6f3d9
2025-04-05 17:05:37,536 [grpc-default-executor-2] TRACE util.FileUtils (LogUtils.java:runAndLog(49)) - Successfully ran Files.createDirectories /tmp/ratis-tests/statemachine/s4/tmp/snapshot-f411899d-94ed-4d8c-a807-8e466dd6f3d9/1_255
2025-04-05 17:05:37,536 [grpc-default-executor-2] TRACE util.FileUtils (LogUtils.java:supplyAndLog(69)) - Successfully supplied FileChannel.open /tmp/ratis-tests/statemachine/s4/tmp/snapshot-f411899d-94ed-4d8c-a807-8e466dd6f3d9/1_255/loves with options [WRITE, CREATE]: sun.nio.ch.FileChannelImpl@30fd595b
2025-04-05 17:05:37,535 [grpc-default-executor-5] TRACE util.FileUtils (LogUtils.java:runAndLog(49)) - Successfully ran Files.createDirectories /tmp/ratis-tests/statemachine/s3/tmp/snapshot-5c122480-d0e1-4bd8-adfc-7fa647e4a4f0/1_255
2025-04-05 17:05:37,538 [grpc-default-executor-5] TRACE util.FileUtils (LogUtils.java:supplyAndLog(69)) - Successfully supplied FileChannel.open /tmp/ratis-tests/statemachine/s3/tmp/snapshot-5c122480-d0e1-4bd8-adfc-7fa647e4a4f0/1_255/loves with options [WRITE, CREATE]: sun.nio.ch.FileChannelImpl@3fce3727
2025-04-05 17:05:37,538 [grpc-default-executor-5] TRACE util.FileUtils (LogUtils.java:supplyAndLog(69)) - Successfully supplied FileChannel.open /tmp/ratis-tests/statemachine/s3/tmp/snapshot-5c122480-d0e1-4bd8-adfc-7fa647e4a4f0/1_255/loves.md5.tmp with options [CREATE, TRUNCATE_EXISTING, WRITE]: sun.nio.ch.FileChannelImpl@88014a0
2025-04-05 17:05:37,538 [grpc-default-executor-2] TRACE util.FileUtils (LogUtils.java:supplyAndLog(69)) - Successfully supplied FileChannel.open /tmp/ratis-tests/statemachine/s4/tmp/snapshot-f411899d-94ed-4d8c-a807-8e466dd6f3d9/1_255/loves.md5.tmp with options [CREATE, TRUNCATE_EXISTING, WRITE]: sun.nio.ch.FileChannelImpl@277c26a8
2025-04-05 17:05:37,537 [grpc-default-executor-4] INFO  util.CodeInjectionForTesting (BlockRequestHandlingInjection.java:execute(77)) - s0: Block request from s1
2025-04-05 17:05:37,540 [grpc-default-executor-2] TRACE util.FileUtils (LogUtils.java:runAndLog(49)) - Successfully ran Atomic Files.move /tmp/ratis-tests/statemachine/s4/tmp/snapshot-f411899d-94ed-4d8c-a807-8e466dd6f3d9/1_255/loves.md5.tmp to /tmp/ratis-tests/statemachine/s4/tmp/snapshot-f411899d-94ed-4d8c-a807-8e466dd6f3d9/1_255/loves.md5 with options [REPLACE_EXISTING]
2025-04-05 17:05:37,541 [grpc-default-executor-5] TRACE util.FileUtils (LogUtils.java:runAndLog(49)) - Successfully ran Atomic Files.move /tmp/ratis-tests/statemachine/s3/tmp/snapshot-5c122480-d0e1-4bd8-adfc-7fa647e4a4f0/1_255/loves.md5.tmp to /tmp/ratis-tests/statemachine/s3/tmp/snapshot-5c122480-d0e1-4bd8-adfc-7fa647e4a4f0/1_255/loves.md5 with options [REPLACE_EXISTING]
2025-04-05 17:05:37,541 [grpc-default-executor-5] INFO  impl.SnapshotInstallationHandler (SnapshotInstallationHandler.java:installSnapshotImpl(147)) - s3@group-8F97580789F2: set new configuration configurationEntry {
  peers {
    id: "s0"
    address: "localhost:15012"
    dataStreamAddress: "localhost:15015"
    clientAddress: "localhost:15014"
    adminAddress: "localhost:15013"
    startupRole: FOLLOWER
  }
  peers {
    id: "s1"
    address: "localhost:15016"
    dataStreamAddress: "localhost:15019"
    clientAddress: "localhost:15018"
    adminAddress: "localhost:15017"
    startupRole: FOLLOWER
  }
  peers {
    id: "s2"
    address: "localhost:15020"
    dataStreamAddress: "localhost:15023"
    clientAddress: "localhost:15022"
    adminAddress: "localhost:15021"
    startupRole: FOLLOWER
  }
}
 from snapshot
2025-04-05 17:05:37,541 [grpc-default-executor-5] INFO  server.RaftServer$Division (ServerState.java:setRaftConf(386)) - s3@group-8F97580789F2: set configuration conf: {index: 0, cur=peers:[s0|localhost:15012, s1|localhost:15016, s2|localhost:15020]|listeners:[], old=null}
2025-04-05 17:05:37,541 [grpc-default-executor-5] TRACE util.FileUtils (LogUtils.java:supplyAndLog(69)) - Successfully supplied FileChannel.open /home/runner/work/ratis/ratis/ratis-test/target/test/data/7d2f1e3c/MiniRaftClusterWithGrpc65d740a0/s3/278962cf-de14-401e-b053-8f97580789f2/current/raft-meta.conf.tmp with options [CREATE, TRUNCATE_EXISTING, WRITE]: sun.nio.ch.FileChannelImpl@6ad87c9a
2025-04-05 17:05:37,541 [grpc-default-executor-2] INFO  impl.SnapshotInstallationHandler (SnapshotInstallationHandler.java:installSnapshotImpl(147)) - s4@group-8F97580789F2: set new configuration configurationEntry {
  peers {
    id: "s0"
    address: "localhost:15012"
    dataStreamAddress: "localhost:15015"
    clientAddress: "localhost:15014"
    adminAddress: "localhost:15013"
    startupRole: FOLLOWER
  }
  peers {
    id: "s1"
    address: "localhost:15016"
    dataStreamAddress: "localhost:15019"
    clientAddress: "localhost:15018"
    adminAddress: "localhost:15017"
    startupRole: FOLLOWER
  }
  peers {
    id: "s2"
    address: "localhost:15020"
    dataStreamAddress: "localhost:15023"
    clientAddress: "localhost:15022"
    adminAddress: "localhost:15021"
    startupRole: FOLLOWER
  }
}
 from snapshot
2025-04-05 17:05:37,542 [grpc-default-executor-2] INFO  server.RaftServer$Division (ServerState.java:setRaftConf(386)) - s4@group-8F97580789F2: set configuration conf: {index: 0, cur=peers:[s0|localhost:15012, s1|localhost:15016, s2|localhost:15020]|listeners:[], old=null}
2025-04-05 17:05:37,542 [grpc-default-executor-2] TRACE util.FileUtils (LogUtils.java:supplyAndLog(69)) - Successfully supplied FileChannel.open /home/runner/work/ratis/ratis/ratis-test/target/test/data/7d2f1e3c/MiniRaftClusterWithGrpc65d740a0/s4/278962cf-de14-401e-b053-8f97580789f2/current/raft-meta.conf.tmp with options [CREATE, TRUNCATE_EXISTING, WRITE]: sun.nio.ch.FileChannelImpl@3579b1cd
2025-04-05 17:05:37,542 [grpc-default-executor-5] TRACE util.FileUtils (LogUtils.java:runAndLog(49)) - Successfully ran Atomic Files.move /home/runner/work/ratis/ratis/ratis-test/target/test/data/7d2f1e3c/MiniRaftClusterWithGrpc65d740a0/s3/278962cf-de14-401e-b053-8f97580789f2/current/raft-meta.conf.tmp to /home/runner/work/ratis/ratis/ratis-test/target/test/data/7d2f1e3c/MiniRaftClusterWithGrpc65d740a0/s3/278962cf-de14-401e-b053-8f97580789f2/current/raft-meta.conf with options [REPLACE_EXISTING]
2025-04-05 17:05:37,543 [grpc-default-executor-5] INFO  impl.SnapshotInstallationHandler (SnapshotInstallationHandler.java:lambda$installSnapshot$1(113)) - s3@group-8F97580789F2: reply installSnapshot: s1<-s3#0:OK-t0,SUCCESS,requestIndex=0 
2025-04-05 17:05:37,544 [grpc-default-executor-6] INFO  server.GrpcLogAppender (GrpcLogAppender.java:onNext(681)) - s1@group-8F97580789F2->s3-InstallSnapshotResponseHandler: received the first reply s1<-s3#0:OK-t0,SUCCESS,requestIndex=0
2025-04-05 17:05:37,544 [grpc-default-executor-6] INFO  server.GrpcLogAppender (GrpcLogAppender.java:onNext(692)) - s1@group-8F97580789F2->s3-InstallSnapshotResponseHandler: Completed InstallSnapshot. Reply: serverReply {
  requestorId: "s1"
  replyId: "s3"
  raftGroupId {
    id: "\'\211b\317\336\024@\036\260S\217\227X\a\211\362"
  }
  success: true
}
requestIndex: 0

2025-04-05 17:05:37,544 [grpc-default-executor-6] INFO  leader.FollowerInfo (FollowerInfoImpl.java:setAttemptedToInstallSnapshot(154)) - Follower s1@group-8F97580789F2->s3 acknowledged installing snapshot
2025-04-05 17:05:37,545 [grpc-default-executor-5] TRACE util.FileUtils (LogUtils.java:runAndLog(49)) - Successfully ran Files.createDirectories /tmp/ratis-tests/statemachine/s3/tmp/snapshot-5c122480-d0e1-4bd8-adfc-7fa647e4a4f0
2025-04-05 17:05:37,545 [grpc-default-executor-5] INFO  storage.SnapshotManager (SnapshotManager.java:installSnapshot(111)) - Installing snapshot:s1->s3#0-t1,chunk:5c122480-d0e1-4bd8-adfc-7fa647e4a4f0,1, to tmp dir:/tmp/ratis-tests/statemachine/s3/tmp/snapshot-5c122480-d0e1-4bd8-adfc-7fa647e4a4f0
2025-04-05 17:05:37,545 [grpc-default-executor-5] TRACE util.FileUtils (LogUtils.java:runAndLog(49)) - Successfully ran Files.createDirectories /tmp/ratis-tests/statemachine/s3/tmp/snapshot-5c122480-d0e1-4bd8-adfc-7fa647e4a4f0/1_255
2025-04-05 17:05:37,545 [grpc-default-executor-5] TRACE util.FileUtils (LogUtils.java:supplyAndLog(69)) - Successfully supplied FileChannel.open /tmp/ratis-tests/statemachine/s3/tmp/snapshot-5c122480-d0e1-4bd8-adfc-7fa647e4a4f0/1_255/vegetable with options [WRITE, CREATE]: sun.nio.ch.FileChannelImpl@55d2def3
2025-04-05 17:05:37,545 [grpc-default-executor-5] TRACE util.FileUtils (LogUtils.java:supplyAndLog(69)) - Successfully supplied FileChannel.open /tmp/ratis-tests/statemachine/s3/tmp/snapshot-5c122480-d0e1-4bd8-adfc-7fa647e4a4f0/1_255/vegetable.md5.tmp with options [CREATE, TRUNCATE_EXISTING, WRITE]: sun.nio.ch.FileChannelImpl@5d7ff5fd
2025-04-05 17:05:37,546 [grpc-default-executor-5] TRACE util.FileUtils (LogUtils.java:runAndLog(49)) - Successfully ran Atomic Files.move /tmp/ratis-tests/statemachine/s3/tmp/snapshot-5c122480-d0e1-4bd8-adfc-7fa647e4a4f0/1_255/vegetable.md5.tmp to /tmp/ratis-tests/statemachine/s3/tmp/snapshot-5c122480-d0e1-4bd8-adfc-7fa647e4a4f0/1_255/vegetable.md5 with options [REPLACE_EXISTING]
2025-04-05 17:05:37,547 [grpc-default-executor-5] INFO  impl.SnapshotInstallationHandler (SnapshotInstallationHandler.java:installSnapshotImpl(147)) - s3@group-8F97580789F2: set new configuration configurationEntry {
  peers {
    id: "s0"
    address: "localhost:15012"
    dataStreamAddress: "localhost:15015"
    clientAddress: "localhost:15014"
    adminAddress: "localhost:15013"
    startupRole: FOLLOWER
  }
  peers {
    id: "s1"
    address: "localhost:15016"
    dataStreamAddress: "localhost:15019"
    clientAddress: "localhost:15018"
    adminAddress: "localhost:15017"
    startupRole: FOLLOWER
  }
  peers {
    id: "s2"
    address: "localhost:15020"
    dataStreamAddress: "localhost:15023"
    clientAddress: "localhost:15022"
    adminAddress: "localhost:15021"
    startupRole: FOLLOWER
  }
}
 from snapshot
2025-04-05 17:05:37,546 [grpc-default-executor-2] TRACE util.FileUtils (LogUtils.java:runAndLog(49)) - Successfully ran Atomic Files.move /home/runner/work/ratis/ratis/ratis-test/target/test/data/7d2f1e3c/MiniRaftClusterWithGrpc65d740a0/s4/278962cf-de14-401e-b053-8f97580789f2/current/raft-meta.conf.tmp to /home/runner/work/ratis/ratis/ratis-test/target/test/data/7d2f1e3c/MiniRaftClusterWithGrpc65d740a0/s4/278962cf-de14-401e-b053-8f97580789f2/current/raft-meta.conf with options [REPLACE_EXISTING]
2025-04-05 17:05:37,548 [grpc-default-executor-2] INFO  impl.SnapshotInstallationHandler (SnapshotInstallationHandler.java:lambda$installSnapshot$1(113)) - s4@group-8F97580789F2: reply installSnapshot: s1<-s4#0:OK-t0,SUCCESS,requestIndex=0 
2025-04-05 17:05:37,548 [grpc-default-executor-5] INFO  server.RaftServer$Division (ServerState.java:setRaftConf(386)) - s3@group-8F97580789F2: set configuration conf: {index: 0, cur=peers:[s0|localhost:15012, s1|localhost:15016, s2|localhost:15020]|listeners:[], old=null}
2025-04-05 17:05:37,549 [grpc-default-executor-6] INFO  server.GrpcLogAppender (GrpcLogAppender.java:onNext(681)) - s1@group-8F97580789F2->s4-InstallSnapshotResponseHandler: received the first reply s1<-s4#0:OK-t0,SUCCESS,requestIndex=0
2025-04-05 17:05:37,549 [grpc-default-executor-6] INFO  server.GrpcLogAppender (GrpcLogAppender.java:onNext(692)) - s1@group-8F97580789F2->s4-InstallSnapshotResponseHandler: Completed InstallSnapshot. Reply: serverReply {
  requestorId: "s1"
  replyId: "s4"
  raftGroupId {
    id: "\'\211b\317\336\024@\036\260S\217\227X\a\211\362"
  }
  success: true
}
requestIndex: 0

2025-04-05 17:05:37,550 [grpc-default-executor-6] INFO  leader.FollowerInfo (FollowerInfoImpl.java:setAttemptedToInstallSnapshot(154)) - Follower s1@group-8F97580789F2->s4 acknowledged installing snapshot
2025-04-05 17:05:37,549 [grpc-default-executor-5] TRACE util.FileUtils (LogUtils.java:supplyAndLog(69)) - Successfully supplied FileChannel.open /home/runner/work/ratis/ratis/ratis-test/target/test/data/7d2f1e3c/MiniRaftClusterWithGrpc65d740a0/s3/278962cf-de14-401e-b053-8f97580789f2/current/raft-meta.conf.tmp with options [CREATE, TRUNCATE_EXISTING, WRITE]: sun.nio.ch.FileChannelImpl@74ea6e64
2025-04-05 17:05:37,550 [grpc-default-executor-2] TRACE util.FileUtils (LogUtils.java:runAndLog(49)) - Successfully ran Files.createDirectories /tmp/ratis-tests/statemachine/s4/tmp/snapshot-f411899d-94ed-4d8c-a807-8e466dd6f3d9
2025-04-05 17:05:37,551 [grpc-default-executor-2] INFO  storage.SnapshotManager (SnapshotManager.java:installSnapshot(111)) - Installing snapshot:s1->s4#0-t1,chunk:f411899d-94ed-4d8c-a807-8e466dd6f3d9,1, to tmp dir:/tmp/ratis-tests/statemachine/s4/tmp/snapshot-f411899d-94ed-4d8c-a807-8e466dd6f3d9
2025-04-05 17:05:37,551 [grpc-default-executor-2] TRACE util.FileUtils (LogUtils.java:runAndLog(49)) - Successfully ran Files.createDirectories /tmp/ratis-tests/statemachine/s4/tmp/snapshot-f411899d-94ed-4d8c-a807-8e466dd6f3d9/1_255
2025-04-05 17:05:37,551 [grpc-default-executor-2] TRACE util.FileUtils (LogUtils.java:supplyAndLog(69)) - Successfully supplied FileChannel.open /tmp/ratis-tests/statemachine/s4/tmp/snapshot-f411899d-94ed-4d8c-a807-8e466dd6f3d9/1_255/vegetable with options [WRITE, CREATE]: sun.nio.ch.FileChannelImpl@366cc649
2025-04-05 17:05:37,551 [grpc-default-executor-2] TRACE util.FileUtils (LogUtils.java:supplyAndLog(69)) - Successfully supplied FileChannel.open /tmp/ratis-tests/statemachine/s4/tmp/snapshot-f411899d-94ed-4d8c-a807-8e466dd6f3d9/1_255/vegetable.md5.tmp with options [CREATE, TRUNCATE_EXISTING, WRITE]: sun.nio.ch.FileChannelImpl@7063ef4a
2025-04-05 17:05:37,553 [grpc-default-executor-5] TRACE util.FileUtils (LogUtils.java:runAndLog(49)) - Successfully ran Atomic Files.move /home/runner/work/ratis/ratis/ratis-test/target/test/data/7d2f1e3c/MiniRaftClusterWithGrpc65d740a0/s3/278962cf-de14-401e-b053-8f97580789f2/current/raft-meta.conf.tmp to /home/runner/work/ratis/ratis/ratis-test/target/test/data/7d2f1e3c/MiniRaftClusterWithGrpc65d740a0/s3/278962cf-de14-401e-b053-8f97580789f2/current/raft-meta.conf with options [REPLACE_EXISTING]
2025-04-05 17:05:37,553 [grpc-default-executor-2] TRACE util.FileUtils (LogUtils.java:runAndLog(49)) - Successfully ran Atomic Files.move /tmp/ratis-tests/statemachine/s4/tmp/snapshot-f411899d-94ed-4d8c-a807-8e466dd6f3d9/1_255/vegetable.md5.tmp to /tmp/ratis-tests/statemachine/s4/tmp/snapshot-f411899d-94ed-4d8c-a807-8e466dd6f3d9/1_255/vegetable.md5 with options [REPLACE_EXISTING]
2025-04-05 17:05:37,554 [grpc-default-executor-2] INFO  impl.SnapshotInstallationHandler (SnapshotInstallationHandler.java:installSnapshotImpl(147)) - s4@group-8F97580789F2: set new configuration configurationEntry {
  peers {
    id: "s0"
    address: "localhost:15012"
    dataStreamAddress: "localhost:15015"
    clientAddress: "localhost:15014"
    adminAddress: "localhost:15013"
    startupRole: FOLLOWER
  }
  peers {
    id: "s1"
    address: "localhost:15016"
    dataStreamAddress: "localhost:15019"
    clientAddress: "localhost:15018"
    adminAddress: "localhost:15017"
    startupRole: FOLLOWER
  }
  peers {
    id: "s2"
    address: "localhost:15020"
    dataStreamAddress: "localhost:15023"
    clientAddress: "localhost:15022"
    adminAddress: "localhost:15021"
    startupRole: FOLLOWER
  }
}
 from snapshot
2025-04-05 17:05:37,554 [grpc-default-executor-2] INFO  server.RaftServer$Division (ServerState.java:setRaftConf(386)) - s4@group-8F97580789F2: set configuration conf: {index: 0, cur=peers:[s0|localhost:15012, s1|localhost:15016, s2|localhost:15020]|listeners:[], old=null}
2025-04-05 17:05:37,554 [grpc-default-executor-2] TRACE util.FileUtils (LogUtils.java:supplyAndLog(69)) - Successfully supplied FileChannel.open /home/runner/work/ratis/ratis/ratis-test/target/test/data/7d2f1e3c/MiniRaftClusterWithGrpc65d740a0/s4/278962cf-de14-401e-b053-8f97580789f2/current/raft-meta.conf.tmp with options [CREATE, TRUNCATE_EXISTING, WRITE]: sun.nio.ch.FileChannelImpl@8eccf52
2025-04-05 17:05:37,555 [grpc-default-executor-6] INFO  server.GrpcLogAppender (GrpcLogAppender.java:onNext(681)) - s1@group-8F97580789F2->s3-InstallSnapshotResponseHandler: received a reply s1<-s3#0:OK-t1,SUCCESS,requestIndex=1
2025-04-05 17:05:37,555 [grpc-default-executor-6] INFO  server.GrpcLogAppender (GrpcLogAppender.java:onNext(692)) - s1@group-8F97580789F2->s3-InstallSnapshotResponseHandler: Completed InstallSnapshot. Reply: serverReply {
  requestorId: "s1"
  replyId: "s3"
  raftGroupId {
    id: "\'\211b\317\336\024@\036\260S\217\227X\a\211\362"
  }
  success: true
}
term: 1
requestIndex: 1

2025-04-05 17:05:37,555 [grpc-default-executor-6] INFO  leader.FollowerInfo (FollowerInfoImpl.java:setAttemptedToInstallSnapshot(154)) - Follower s1@group-8F97580789F2->s3 acknowledged installing snapshot
2025-04-05 17:05:37,555 [grpc-default-executor-5] TRACE util.FileUtils (LogUtils.java:runAndLog(49)) - Successfully ran Files.createDirectories /tmp/ratis-tests/statemachine/s3/tmp/snapshot-5c122480-d0e1-4bd8-adfc-7fa647e4a4f0
2025-04-05 17:05:37,556 [grpc-default-executor-5] INFO  storage.SnapshotManager (SnapshotManager.java:installSnapshot(111)) - Installing snapshot:s1->s3#0-t1,chunk:5c122480-d0e1-4bd8-adfc-7fa647e4a4f0,2, to tmp dir:/tmp/ratis-tests/statemachine/s3/tmp/snapshot-5c122480-d0e1-4bd8-adfc-7fa647e4a4f0
2025-04-05 17:05:37,556 [grpc-default-executor-5] TRACE util.FileUtils (LogUtils.java:runAndLog(49)) - Successfully ran Files.createDirectories /tmp/ratis-tests/statemachine/s3/tmp/snapshot-5c122480-d0e1-4bd8-adfc-7fa647e4a4f0/1_255
2025-04-05 17:05:37,557 [grpc-default-executor-5] TRACE util.FileUtils (LogUtils.java:supplyAndLog(69)) - Successfully supplied FileChannel.open /tmp/ratis-tests/statemachine/s3/tmp/snapshot-5c122480-d0e1-4bd8-adfc-7fa647e4a4f0/1_255/deer with options [WRITE, CREATE]: sun.nio.ch.FileChannelImpl@710cd622
2025-04-05 17:05:37,557 [grpc-default-executor-5] TRACE util.FileUtils (LogUtils.java:supplyAndLog(69)) - Successfully supplied FileChannel.open /tmp/ratis-tests/statemachine/s3/tmp/snapshot-5c122480-d0e1-4bd8-adfc-7fa647e4a4f0/1_255/deer.md5.tmp with options [CREATE, TRUNCATE_EXISTING, WRITE]: sun.nio.ch.FileChannelImpl@537e15e3
2025-04-05 17:05:37,557 [grpc-default-executor-2] TRACE util.FileUtils (LogUtils.java:runAndLog(49)) - Successfully ran Atomic Files.move /home/runner/work/ratis/ratis/ratis-test/target/test/data/7d2f1e3c/MiniRaftClusterWithGrpc65d740a0/s4/278962cf-de14-401e-b053-8f97580789f2/current/raft-meta.conf.tmp to /home/runner/work/ratis/ratis/ratis-test/target/test/data/7d2f1e3c/MiniRaftClusterWithGrpc65d740a0/s4/278962cf-de14-401e-b053-8f97580789f2/current/raft-meta.conf with options [REPLACE_EXISTING]
2025-04-05 17:05:37,558 [grpc-default-executor-6] INFO  server.GrpcLogAppender (GrpcLogAppender.java:onNext(681)) - s1@group-8F97580789F2->s4-InstallSnapshotResponseHandler: received a reply s1<-s4#0:OK-t1,SUCCESS,requestIndex=1
2025-04-05 17:05:37,558 [grpc-default-executor-6] INFO  server.GrpcLogAppender (GrpcLogAppender.java:onNext(692)) - s1@group-8F97580789F2->s4-InstallSnapshotResponseHandler: Completed InstallSnapshot. Reply: serverReply {
  requestorId: "s1"
  replyId: "s4"
  raftGroupId {
    id: "\'\211b\317\336\024@\036\260S\217\227X\a\211\362"
  }
  success: true
}
term: 1
requestIndex: 1

2025-04-05 17:05:37,558 [grpc-default-executor-6] INFO  leader.FollowerInfo (FollowerInfoImpl.java:setAttemptedToInstallSnapshot(154)) - Follower s1@group-8F97580789F2->s4 acknowledged installing snapshot
2025-04-05 17:05:37,559 [grpc-default-executor-2] TRACE util.FileUtils (LogUtils.java:runAndLog(49)) - Successfully ran Files.createDirectories /tmp/ratis-tests/statemachine/s4/tmp/snapshot-f411899d-94ed-4d8c-a807-8e466dd6f3d9
2025-04-05 17:05:37,559 [grpc-default-executor-2] INFO  storage.SnapshotManager (SnapshotManager.java:installSnapshot(111)) - Installing snapshot:s1->s4#0-t1,chunk:f411899d-94ed-4d8c-a807-8e466dd6f3d9,2, to tmp dir:/tmp/ratis-tests/statemachine/s4/tmp/snapshot-f411899d-94ed-4d8c-a807-8e466dd6f3d9
2025-04-05 17:05:37,559 [grpc-default-executor-2] TRACE util.FileUtils (LogUtils.java:runAndLog(49)) - Successfully ran Files.createDirectories /tmp/ratis-tests/statemachine/s4/tmp/snapshot-f411899d-94ed-4d8c-a807-8e466dd6f3d9/1_255
2025-04-05 17:05:37,559 [grpc-default-executor-2] TRACE util.FileUtils (LogUtils.java:supplyAndLog(69)) - Successfully supplied FileChannel.open /tmp/ratis-tests/statemachine/s4/tmp/snapshot-f411899d-94ed-4d8c-a807-8e466dd6f3d9/1_255/deer with options [WRITE, CREATE]: sun.nio.ch.FileChannelImpl@3fec9f02
2025-04-05 17:05:37,559 [grpc-default-executor-2] TRACE util.FileUtils (LogUtils.java:supplyAndLog(69)) - Successfully supplied FileChannel.open /tmp/ratis-tests/statemachine/s4/tmp/snapshot-f411899d-94ed-4d8c-a807-8e466dd6f3d9/1_255/deer.md5.tmp with options [CREATE, TRUNCATE_EXISTING, WRITE]: sun.nio.ch.FileChannelImpl@509a2e0a
2025-04-05 17:05:37,561 [grpc-default-executor-5] TRACE util.FileUtils (LogUtils.java:runAndLog(49)) - Successfully ran Atomic Files.move /tmp/ratis-tests/statemachine/s3/tmp/snapshot-5c122480-d0e1-4bd8-adfc-7fa647e4a4f0/1_255/deer.md5.tmp to /tmp/ratis-tests/statemachine/s3/tmp/snapshot-5c122480-d0e1-4bd8-adfc-7fa647e4a4f0/1_255/deer.md5 with options [REPLACE_EXISTING]
2025-04-05 17:05:37,561 [grpc-default-executor-2] TRACE util.FileUtils (LogUtils.java:runAndLog(49)) - Successfully ran Atomic Files.move /tmp/ratis-tests/statemachine/s4/tmp/snapshot-f411899d-94ed-4d8c-a807-8e466dd6f3d9/1_255/deer.md5.tmp to /tmp/ratis-tests/statemachine/s4/tmp/snapshot-f411899d-94ed-4d8c-a807-8e466dd6f3d9/1_255/deer.md5 with options [REPLACE_EXISTING]
2025-04-05 17:05:37,562 [grpc-default-executor-2] INFO  storage.SnapshotManager (SnapshotManager.java:rename(174)) - Installed snapshot, renaming temporary dir /tmp/ratis-tests/statemachine/s4/tmp/snapshot-f411899d-94ed-4d8c-a807-8e466dd6f3d9 to /tmp/ratis-tests/statemachine/s4/snapshot
2025-04-05 17:05:37,561 [grpc-default-executor-5] INFO  storage.SnapshotManager (SnapshotManager.java:rename(174)) - Installed snapshot, renaming temporary dir /tmp/ratis-tests/statemachine/s3/tmp/snapshot-5c122480-d0e1-4bd8-adfc-7fa647e4a4f0 to /tmp/ratis-tests/statemachine/s3/snapshot
2025-04-05 17:05:37,562 [grpc-default-executor-5] TRACE util.FileUtils (LogUtils.java:runAndLog(49)) - Successfully ran Atomic Files.move /tmp/ratis-tests/statemachine/s3/snapshot to /tmp/ratis-tests/statemachine/s3/snapshot.tmp20250405-170537_562
2025-04-05 17:05:37,562 [grpc-default-executor-5] TRACE util.FileUtils (LogUtils.java:runAndLog(49)) - Successfully ran Atomic Files.move /tmp/ratis-tests/statemachine/s3/tmp/snapshot-5c122480-d0e1-4bd8-adfc-7fa647e4a4f0 to /tmp/ratis-tests/statemachine/s3/snapshot
2025-04-05 17:05:37,562 [grpc-default-executor-5] TRACE util.FileUtils (FileUtils.java:deleteFully(318)) - deleteFully /tmp/ratis-tests/statemachine/s3/snapshot.tmp20250405-170537_562
2025-04-05 17:05:37,563 [grpc-default-executor-5] TRACE util.FileUtils (LogUtils.java:runAndLog(49)) - Successfully ran Files.delete /tmp/ratis-tests/statemachine/s3/snapshot.tmp20250405-170537_562
2025-04-05 17:05:37,563 [grpc-default-executor-5] INFO  raftlog.RaftLog (RaftLogBase.java:lambda$new$0(57)) - s3@group-8F97580789F2-SegmentedRaftLog: snapshotIndex: updateIncreasingly -1 -> 255
2025-04-05 17:05:37,563 [grpc-default-executor-5] INFO  segmented.SegmentedRaftLogWorker (SegmentedRaftLogWorker.java:lambda$new$0(142)) - s3@group-8F97580789F2-SegmentedRaftLogWorker: flushIndex: setUnconditionally -1 -> 255
2025-04-05 17:05:37,563 [grpc-default-executor-5] INFO  segmented.SegmentedRaftLogWorker (SegmentedRaftLogWorker.java:lambda$new$0(142)) - s3@group-8F97580789F2-SegmentedRaftLogWorker: safeCacheEvictIndex: setUnconditionally -1 -> 255
2025-04-05 17:05:37,563 [grpc-default-executor-5] INFO  raftlog.RaftLog (RaftLogBase.java:lambda$new$0(57)) - s3@group-8F97580789F2-SegmentedRaftLog: purgeIndex: updateToMax old=-1, new=255, updated? true
2025-04-05 17:05:37,563 [grpc-default-executor-5] INFO  impl.SnapshotInstallationHandler (SnapshotInstallationHandler.java:checkAndInstallSnapshot(235)) - s3@group-8F97580789F2: successfully install the entire snapshot-255
2025-04-05 17:05:37,563 [grpc-default-executor-2] TRACE util.FileUtils (LogUtils.java:runAndLog(49)) - Successfully ran Atomic Files.move /tmp/ratis-tests/statemachine/s4/snapshot to /tmp/ratis-tests/statemachine/s4/snapshot.tmp20250405-170537_562
2025-04-05 17:05:37,564 [s3@group-8F97580789F2-StateMachineUpdater] INFO  impl.SimpleStateMachine4Testing (SimpleStateMachine4Testing.java:reinitialize(237)) - Reinitializing StateMachineWithSeparatedSnapshotPath:s3:group-8F97580789F2
2025-04-05 17:05:37,564 [s3@group-8F97580789F2-StateMachineUpdater] INFO  impl.SimpleStateMachine4Testing (SimpleStateMachine4Testing.java:loadSnapshot(298)) - Loading snapshot null
2025-04-05 17:05:37,564 [s3@group-8F97580789F2-StateMachineUpdater] INFO  impl.StateMachineUpdater (StateMachineUpdater.java:lambda$new$0(100)) - s3@group-8F97580789F2-StateMachineUpdater: snapshotIndex: setUnconditionally -1 -> 255
2025-04-05 17:05:37,564 [s3@group-8F97580789F2-StateMachineUpdater] INFO  impl.StateMachineUpdater (StateMachineUpdater.java:lambda$new$0(100)) - s3@group-8F97580789F2-StateMachineUpdater: appliedIndex: setUnconditionally -1 -> 255
2025-04-05 17:05:37,564 [grpc-default-executor-5] INFO  impl.SnapshotInstallationHandler (SnapshotInstallationHandler.java:installSnapshotImpl(147)) - s3@group-8F97580789F2: set new configuration configurationEntry {
  peers {
    id: "s0"
    address: "localhost:15012"
    dataStreamAddress: "localhost:15015"
    clientAddress: "localhost:15014"
    adminAddress: "localhost:15013"
    startupRole: FOLLOWER
  }
  peers {
    id: "s1"
    address: "localhost:15016"
    dataStreamAddress: "localhost:15019"
    clientAddress: "localhost:15018"
    adminAddress: "localhost:15017"
    startupRole: FOLLOWER
  }
  peers {
    id: "s2"
    address: "localhost:15020"
    dataStreamAddress: "localhost:15023"
    clientAddress: "localhost:15022"
    adminAddress: "localhost:15021"
    startupRole: FOLLOWER
  }
}
 from snapshot
2025-04-05 17:05:37,564 [grpc-default-executor-5] INFO  server.RaftServer$Division (ServerState.java:setRaftConf(386)) - s3@group-8F97580789F2: set configuration conf: {index: 0, cur=peers:[s0|localhost:15012, s1|localhost:15016, s2|localhost:15020]|listeners:[], old=null}
2025-04-05 17:05:37,564 [grpc-default-executor-2] TRACE util.FileUtils (LogUtils.java:runAndLog(49)) - Successfully ran Atomic Files.move /tmp/ratis-tests/statemachine/s4/tmp/snapshot-f411899d-94ed-4d8c-a807-8e466dd6f3d9 to /tmp/ratis-tests/statemachine/s4/snapshot
2025-04-05 17:05:37,565 [grpc-default-executor-2] TRACE util.FileUtils (FileUtils.java:deleteFully(318)) - deleteFully /tmp/ratis-tests/statemachine/s4/snapshot.tmp20250405-170537_562
2025-04-05 17:05:37,564 [grpc-default-executor-5] TRACE util.FileUtils (LogUtils.java:supplyAndLog(69)) - Successfully supplied FileChannel.open /home/runner/work/ratis/ratis/ratis-test/target/test/data/7d2f1e3c/MiniRaftClusterWithGrpc65d740a0/s3/278962cf-de14-401e-b053-8f97580789f2/current/raft-meta.conf.tmp with options [CREATE, TRUNCATE_EXISTING, WRITE]: sun.nio.ch.FileChannelImpl@7440d8a6
2025-04-05 17:05:37,565 [grpc-default-executor-2] TRACE util.FileUtils (LogUtils.java:runAndLog(49)) - Successfully ran Files.delete /tmp/ratis-tests/statemachine/s4/snapshot.tmp20250405-170537_562
2025-04-05 17:05:37,565 [grpc-default-executor-2] INFO  raftlog.RaftLog (RaftLogBase.java:lambda$new$0(57)) - s4@group-8F97580789F2-SegmentedRaftLog: snapshotIndex: updateIncreasingly -1 -> 255
2025-04-05 17:05:37,565 [grpc-default-executor-2] INFO  segmented.SegmentedRaftLogWorker (SegmentedRaftLogWorker.java:lambda$new$0(142)) - s4@group-8F97580789F2-SegmentedRaftLogWorker: flushIndex: setUnconditionally -1 -> 255
2025-04-05 17:05:37,566 [s4@group-8F97580789F2-StateMachineUpdater] INFO  impl.SimpleStateMachine4Testing (SimpleStateMachine4Testing.java:reinitialize(237)) - Reinitializing StateMachineWithSeparatedSnapshotPath:s4:group-8F97580789F2
2025-04-05 17:05:37,567 [s4@group-8F97580789F2-StateMachineUpdater] INFO  impl.SimpleStateMachine4Testing (SimpleStateMachine4Testing.java:loadSnapshot(298)) - Loading snapshot null
2025-04-05 17:05:37,567 [s4@group-8F97580789F2-StateMachineUpdater] INFO  impl.StateMachineUpdater (StateMachineUpdater.java:lambda$new$0(100)) - s4@group-8F97580789F2-StateMachineUpdater: snapshotIndex: setUnconditionally -1 -> 255
2025-04-05 17:05:37,567 [s4@group-8F97580789F2-StateMachineUpdater] INFO  impl.StateMachineUpdater (StateMachineUpdater.java:lambda$new$0(100)) - s4@group-8F97580789F2-StateMachineUpdater: appliedIndex: setUnconditionally -1 -> 255
2025-04-05 17:05:37,567 [grpc-default-executor-2] INFO  segmented.SegmentedRaftLogWorker (SegmentedRaftLogWorker.java:lambda$new$0(142)) - s4@group-8F97580789F2-SegmentedRaftLogWorker: safeCacheEvictIndex: setUnconditionally -1 -> 255
2025-04-05 17:05:37,567 [grpc-default-executor-5] TRACE util.FileUtils (LogUtils.java:runAndLog(49)) - Successfully ran Atomic Files.move /home/runner/work/ratis/ratis/ratis-test/target/test/data/7d2f1e3c/MiniRaftClusterWithGrpc65d740a0/s3/278962cf-de14-401e-b053-8f97580789f2/current/raft-meta.conf.tmp to /home/runner/work/ratis/ratis/ratis-test/target/test/data/7d2f1e3c/MiniRaftClusterWithGrpc65d740a0/s3/278962cf-de14-401e-b053-8f97580789f2/current/raft-meta.conf with options [REPLACE_EXISTING]
2025-04-05 17:05:37,568 [grpc-default-executor-2] INFO  raftlog.RaftLog (RaftLogBase.java:lambda$new$0(57)) - s4@group-8F97580789F2-SegmentedRaftLog: purgeIndex: updateToMax old=-1, new=255, updated? true
2025-04-05 17:05:37,568 [grpc-default-executor-6] INFO  server.GrpcLogAppender (GrpcLogAppender.java:onNext(681)) - s1@group-8F97580789F2->s3-InstallSnapshotResponseHandler: received a reply s1<-s3#0:OK-t1,SUCCESS,requestIndex=2
2025-04-05 17:05:37,568 [grpc-default-executor-6] INFO  server.GrpcLogAppender (GrpcLogAppender.java:onNext(692)) - s1@group-8F97580789F2->s3-InstallSnapshotResponseHandler: Completed InstallSnapshot. Reply: serverReply {
  requestorId: "s1"
  replyId: "s3"
  raftGroupId {
    id: "\'\211b\317\336\024@\036\260S\217\227X\a\211\362"
  }
  success: true
}
term: 1
requestIndex: 2

2025-04-05 17:05:37,568 [grpc-default-executor-6] INFO  leader.FollowerInfo (FollowerInfoImpl.java:setAttemptedToInstallSnapshot(154)) - Follower s1@group-8F97580789F2->s3 acknowledged installing snapshot
2025-04-05 17:05:37,568 [grpc-default-executor-2] INFO  impl.SnapshotInstallationHandler (SnapshotInstallationHandler.java:checkAndInstallSnapshot(235)) - s4@group-8F97580789F2: successfully install the entire snapshot-255
2025-04-05 17:05:37,568 [grpc-default-executor-2] INFO  impl.SnapshotInstallationHandler (SnapshotInstallationHandler.java:installSnapshotImpl(147)) - s4@group-8F97580789F2: set new configuration configurationEntry {
  peers {
    id: "s0"
    address: "localhost:15012"
    dataStreamAddress: "localhost:15015"
    clientAddress: "localhost:15014"
    adminAddress: "localhost:15013"
    startupRole: FOLLOWER
  }
  peers {
    id: "s1"
    address: "localhost:15016"
    dataStreamAddress: "localhost:15019"
    clientAddress: "localhost:15018"
    adminAddress: "localhost:15017"
    startupRole: FOLLOWER
  }
  peers {
    id: "s2"
    address: "localhost:15020"
    dataStreamAddress: "localhost:15023"
    clientAddress: "localhost:15022"
    adminAddress: "localhost:15021"
    startupRole: FOLLOWER
  }
}
 from snapshot
2025-04-05 17:05:37,569 [grpc-default-executor-2] INFO  server.RaftServer$Division (ServerState.java:setRaftConf(386)) - s4@group-8F97580789F2: set configuration conf: {index: 0, cur=peers:[s0|localhost:15012, s1|localhost:15016, s2|localhost:15020]|listeners:[], old=null}
2025-04-05 17:05:37,569 [grpc-default-executor-2] TRACE util.FileUtils (LogUtils.java:supplyAndLog(69)) - Successfully supplied FileChannel.open /home/runner/work/ratis/ratis/ratis-test/target/test/data/7d2f1e3c/MiniRaftClusterWithGrpc65d740a0/s4/278962cf-de14-401e-b053-8f97580789f2/current/raft-meta.conf.tmp with options [CREATE, TRUNCATE_EXISTING, WRITE]: sun.nio.ch.FileChannelImpl@3e62fd14
2025-04-05 17:05:37,568 [grpc-default-executor-5] INFO  server.GrpcServerProtocolService (GrpcServerProtocolService.java:lambda$onCompleted$8(214)) - s3: Completed INSTALL_SNAPSHOT, lastRequest: s1->s3#0-t1,chunk:5c122480-d0e1-4bd8-adfc-7fa647e4a4f0,2 
2025-04-05 17:05:37,570 [grpc-default-executor-5] INFO  server.GrpcServerProtocolService (GrpcServerProtocolService.java:lambda$null$9(218)) - s3: Completed INSTALL_SNAPSHOT, lastReply: null 
2025-04-05 17:05:37,571 [grpc-default-executor-2] TRACE util.FileUtils (LogUtils.java:runAndLog(49)) - Successfully ran Atomic Files.move /home/runner/work/ratis/ratis/ratis-test/target/test/data/7d2f1e3c/MiniRaftClusterWithGrpc65d740a0/s4/278962cf-de14-401e-b053-8f97580789f2/current/raft-meta.conf.tmp to /home/runner/work/ratis/ratis/ratis-test/target/test/data/7d2f1e3c/MiniRaftClusterWithGrpc65d740a0/s4/278962cf-de14-401e-b053-8f97580789f2/current/raft-meta.conf with options [REPLACE_EXISTING]
2025-04-05 17:05:37,571 [grpc-default-executor-2] INFO  server.GrpcServerProtocolService (GrpcServerProtocolService.java:lambda$onCompleted$8(214)) - s4: Completed INSTALL_SNAPSHOT, lastRequest: s1->s4#0-t1,chunk:f411899d-94ed-4d8c-a807-8e466dd6f3d9,2 
2025-04-05 17:05:37,571 [grpc-default-executor-2] INFO  server.GrpcServerProtocolService (GrpcServerProtocolService.java:lambda$null$9(218)) - s4: Completed INSTALL_SNAPSHOT, lastReply: null 
2025-04-05 17:05:37,573 [grpc-default-executor-6] INFO  server.GrpcLogAppender (GrpcLogAppender.java:onNext(681)) - s1@group-8F97580789F2->s4-InstallSnapshotResponseHandler: received a reply s1<-s4#0:OK-t1,SUCCESS,requestIndex=2
2025-04-05 17:05:37,573 [grpc-default-executor-6] INFO  server.GrpcLogAppender (GrpcLogAppender.java:onNext(692)) - s1@group-8F97580789F2->s4-InstallSnapshotResponseHandler: Completed InstallSnapshot. Reply: serverReply {
  requestorId: "s1"
  replyId: "s4"
  raftGroupId {
    id: "\'\211b\317\336\024@\036\260S\217\227X\a\211\362"
  }
  success: true
}
term: 1
requestIndex: 2

2025-04-05 17:05:37,573 [grpc-default-executor-6] INFO  leader.FollowerInfo (FollowerInfoImpl.java:setAttemptedToInstallSnapshot(154)) - Follower s1@group-8F97580789F2->s4 acknowledged installing snapshot
2025-04-05 17:05:37,574 [grpc-default-executor-5] INFO  server.GrpcLogAppender (GrpcLogAppender.java:onCompleted(759)) - s1@group-8F97580789F2->s3-InstallSnapshotResponseHandler: follower responded installSnapshot COMPLETED
2025-04-05 17:05:37,574 [grpc-default-executor-6] INFO  server.GrpcLogAppender (GrpcLogAppender.java:onCompleted(759)) - s1@group-8F97580789F2->s4-InstallSnapshotResponseHandler: follower responded installSnapshot COMPLETED
2025-04-05 17:05:37,575 [s1@group-8F97580789F2->s4-GrpcLogAppender-LogAppenderDaemon] INFO  leader.FollowerInfo (FollowerInfoImpl.java:info(64)) - s1@group-8F97580789F2->s4: snapshotIndex: setUnconditionally 0 -> 255
2025-04-05 17:05:37,575 [s1@group-8F97580789F2->s4-GrpcLogAppender-LogAppenderDaemon] INFO  leader.FollowerInfo (FollowerInfoImpl.java:info(64)) - s1@group-8F97580789F2->s4: matchIndex: setUnconditionally -1 -> 255
2025-04-05 17:05:37,575 [s1@group-8F97580789F2->s4-GrpcLogAppender-LogAppenderDaemon] INFO  leader.FollowerInfo (FollowerInfoImpl.java:info(64)) - s1@group-8F97580789F2->s4: nextIndex: setUnconditionally 0 -> 256
2025-04-05 17:05:37,575 [s1@group-8F97580789F2->s4-GrpcLogAppender-LogAppenderDaemon] INFO  server.GrpcLogAppender (GrpcLogAppender.java:installSnapshot(808)) - s1@group-8F97580789F2->s4-GrpcLogAppender: installed snapshot FileListSnapshotInfo(t:1, i:255):[/tmp/ratis-tests/statemachine/s1/snapshot/1_255/loves, /tmp/ratis-tests/statemachine/s1/snapshot/1_255/vegetable, /tmp/ratis-tests/statemachine/s1/snapshot/1_255/deer] successfully
2025-04-05 17:05:37,575 [s1@group-8F97580789F2->s3-GrpcLogAppender-LogAppenderDaemon] INFO  leader.FollowerInfo (FollowerInfoImpl.java:info(64)) - s1@group-8F97580789F2->s3: snapshotIndex: setUnconditionally 0 -> 255
2025-04-05 17:05:37,576 [s1@group-8F97580789F2->s3-GrpcLogAppender-LogAppenderDaemon] INFO  leader.FollowerInfo (FollowerInfoImpl.java:info(64)) - s1@group-8F97580789F2->s3: matchIndex: setUnconditionally -1 -> 255
2025-04-05 17:05:37,576 [s1@group-8F97580789F2->s3-GrpcLogAppender-LogAppenderDaemon] INFO  leader.FollowerInfo (FollowerInfoImpl.java:info(64)) - s1@group-8F97580789F2->s3: nextIndex: setUnconditionally 0 -> 256
2025-04-05 17:05:37,576 [s1@group-8F97580789F2->s3-GrpcLogAppender-LogAppenderDaemon] INFO  server.GrpcLogAppender (GrpcLogAppender.java:installSnapshot(808)) - s1@group-8F97580789F2->s3-GrpcLogAppender: installed snapshot FileListSnapshotInfo(t:1, i:255):[/tmp/ratis-tests/statemachine/s1/snapshot/1_255/loves, /tmp/ratis-tests/statemachine/s1/snapshot/1_255/vegetable, /tmp/ratis-tests/statemachine/s1/snapshot/1_255/deer] successfully
2025-04-05 17:05:37,580 [grpc-default-executor-6] INFO  segmented.SegmentedRaftLogWorker (SegmentedRaftLogWorker.java:startLogSegment(445)) - s3@group-8F97580789F2-SegmentedRaftLogWorker: Starting segment from index:256
2025-04-05 17:05:37,580 [s3@group-8F97580789F2-SegmentedRaftLogWorker] INFO  segmented.BufferedWriteChannel (BufferedWriteChannel.java:open(61)) - open log_inprogress_256 at position 0
2025-04-05 17:05:37,581 [grpc-default-executor-6] INFO  segmented.SegmentedRaftLogWorker (SegmentedRaftLogWorker.java:startLogSegment(445)) - s4@group-8F97580789F2-SegmentedRaftLogWorker: Starting segment from index:256
2025-04-05 17:05:37,583 [s4@group-8F97580789F2-SegmentedRaftLogWorker] INFO  segmented.BufferedWriteChannel (BufferedWriteChannel.java:open(61)) - open log_inprogress_256 at position 0
2025-04-05 17:05:37,593 [s3@group-8F97580789F2-SegmentedRaftLogWorker] INFO  segmented.SegmentedRaftLogWorker (SegmentedRaftLogWorker.java:execute(669)) - s3@group-8F97580789F2-SegmentedRaftLogWorker: created new log segment /home/runner/work/ratis/ratis/ratis-test/target/test/data/7d2f1e3c/MiniRaftClusterWithGrpc65d740a0/s3/278962cf-de14-401e-b053-8f97580789f2/current/log_inprogress_256
2025-04-05 17:05:37,593 [s4@group-8F97580789F2-SegmentedRaftLogWorker] INFO  segmented.SegmentedRaftLogWorker (SegmentedRaftLogWorker.java:execute(669)) - s4@group-8F97580789F2-SegmentedRaftLogWorker: created new log segment /home/runner/work/ratis/ratis/ratis-test/target/test/data/7d2f1e3c/MiniRaftClusterWithGrpc65d740a0/s4/278962cf-de14-401e-b053-8f97580789f2/current/log_inprogress_256
2025-04-05 17:05:37,595 [s1@group-8F97580789F2-LeaderStateImpl] INFO  server.RaftServer$Division (ServerState.java:setRaftConf(386)) - s1@group-8F97580789F2: set configuration conf: {index: 257, cur=peers:[s3|0.0.0.0:15024, s4|0.0.0.0:15025, s0|localhost:15012, s1|localhost:15016, s2|localhost:15020]|listeners:[], old=peers:[s0|localhost:15012, s1|localhost:15016, s2|localhost:15020]|listeners:[]}
2025-04-05 17:05:37,598 [grpc-default-executor-6] INFO  impl.RoleInfo (RoleInfo.java:updateAndGet(148)) - s4: start s4@group-8F97580789F2-FollowerState
2025-04-05 17:05:37,599 [grpc-default-executor-6] INFO  server.RaftServer$Division (ServerState.java:setRaftConf(386)) - s4@group-8F97580789F2: set configuration conf: {index: 257, cur=peers:[s3|0.0.0.0:15024, s4|0.0.0.0:15025, s0|localhost:15012, s1|localhost:15016, s2|localhost:15020]|listeners:[], old=peers:[s0|localhost:15012, s1|localhost:15016, s2|localhost:15020]|listeners:[]}
2025-04-05 17:05:37,600 [grpc-default-executor-5] INFO  impl.RoleInfo (RoleInfo.java:updateAndGet(148)) - s3: start s3@group-8F97580789F2-FollowerState
2025-04-05 17:05:37,602 [grpc-default-executor-5] INFO  server.RaftServer$Division (ServerState.java:setRaftConf(386)) - s3@group-8F97580789F2: set configuration conf: {index: 257, cur=peers:[s3|0.0.0.0:15024, s4|0.0.0.0:15025, s0|localhost:15012, s1|localhost:15016, s2|localhost:15020]|listeners:[], old=peers:[s0|localhost:15012, s1|localhost:15016, s2|localhost:15020]|listeners:[]}
2025-04-05 17:05:37,893 [s0@group-8F97580789F2-FollowerState] INFO  impl.FollowerState (FollowerState.java:runImpl(161)) - s0@group-8F97580789F2-FollowerState: change to CANDIDATE, lastRpcElapsedTime:433541306ns, electionTimeout:246ms
2025-04-05 17:05:37,893 [s0@group-8F97580789F2-FollowerState] INFO  impl.RoleInfo (RoleInfo.java:shutdownFollowerState(121)) - s0: shutdown s0@group-8F97580789F2-FollowerState
2025-04-05 17:05:37,893 [s0@group-8F97580789F2-FollowerState] INFO  server.RaftServer$Division (RaftServerImpl.java:setRole(395)) - s0@group-8F97580789F2: changes role from  FOLLOWER to CANDIDATE at term 1 for changeToCandidate
2025-04-05 17:05:37,893 [s0@group-8F97580789F2-FollowerState] INFO  impl.RoleInfo (RoleInfo.java:updateAndGet(148)) - s0: start s0@group-8F97580789F2-LeaderElection4
2025-04-05 17:05:37,894 [s0@group-8F97580789F2-LeaderElection4] INFO  server.RaftServer$Division (ServerState.java:setLeader(272)) - s0@group-8F97580789F2: change Leader from s1 to null at term 1 for PRE_VOTE
2025-04-05 17:05:37,894 [s0@group-8F97580789F2-LeaderElection4] INFO  impl.LeaderElection (LeaderElection.java:askForVotes(332)) - s0@group-8F97580789F2-LeaderElection4 PRE_VOTE round 0: submit vote requests at term 1 for conf: {index: 0, cur=peers:[s0|localhost:15012, s1|localhost:15016, s2|localhost:15020]|listeners:[], old=null}
2025-04-05 17:05:37,895 [s0@group-8F97580789F2-LeaderElection4-1] INFO  server.GrpcServerProtocolClient (GrpcServerProtocolClient.java:<init>(65)) - Build channel for s1|localhost:15016
2025-04-05 17:05:37,897 [s0@group-8F97580789F2-LeaderElection4-2] INFO  server.GrpcServerProtocolClient (GrpcServerProtocolClient.java:<init>(65)) - Build channel for s2|localhost:15020
2025-04-05 17:05:37,899 [s2@group-8F97580789F2-FollowerState] INFO  impl.FollowerState (FollowerState.java:runImpl(161)) - s2@group-8F97580789F2-FollowerState: change to CANDIDATE, lastRpcElapsedTime:440623368ns, electionTimeout:165ms
2025-04-05 17:05:37,899 [s2@group-8F97580789F2-FollowerState] INFO  impl.RoleInfo (RoleInfo.java:shutdownFollowerState(121)) - s2: shutdown s2@group-8F97580789F2-FollowerState
2025-04-05 17:05:37,899 [s2@group-8F97580789F2-FollowerState] INFO  server.RaftServer$Division (RaftServerImpl.java:setRole(395)) - s2@group-8F97580789F2: changes role from  FOLLOWER to CANDIDATE at term 1 for changeToCandidate
2025-04-05 17:05:37,899 [s2@group-8F97580789F2-FollowerState] INFO  impl.RoleInfo (RoleInfo.java:updateAndGet(148)) - s2: start s2@group-8F97580789F2-LeaderElection5
2025-04-05 17:05:37,899 [s2@group-8F97580789F2-LeaderElection5] INFO  server.RaftServer$Division (ServerState.java:setLeader(272)) - s2@group-8F97580789F2: change Leader from s1 to null at term 1 for PRE_VOTE
2025-04-05 17:05:37,900 [s2@group-8F97580789F2-LeaderElection5] INFO  impl.LeaderElection (LeaderElection.java:askForVotes(332)) - s2@group-8F97580789F2-LeaderElection5 PRE_VOTE round 0: submit vote requests at term 1 for conf: {index: 0, cur=peers:[s0|localhost:15012, s1|localhost:15016, s2|localhost:15020]|listeners:[], old=null}
2025-04-05 17:05:37,900 [s2@group-8F97580789F2-LeaderElection5-1] INFO  server.GrpcServerProtocolClient (GrpcServerProtocolClient.java:<init>(65)) - Build channel for s0|localhost:15012
2025-04-05 17:05:37,901 [s2@group-8F97580789F2-LeaderElection5-2] INFO  server.GrpcServerProtocolClient (GrpcServerProtocolClient.java:<init>(65)) - Build channel for s1|localhost:15016
2025-04-05 17:05:37,903 [s1@group-8F97580789F2-LeaderStateImpl] WARN  server.RaftServer$Division (LeaderStateImpl.java:checkLeadership(1120)) - s1@group-8F97580789F2-LeaderStateImpl: Lost leadership on term: 1. Election timeout: 300ms. In charge for: 1604ms. Conf: conf: {index: 257, cur=peers:[s3|0.0.0.0:15024, s4|0.0.0.0:15025, s0|localhost:15012, s1|localhost:15016, s2|localhost:15020]|listeners:[], old=peers:[s0|localhost:15012, s1|localhost:15016, s2|localhost:15020]|listeners:[]}
2025-04-05 17:05:37,903 [s1@group-8F97580789F2-LeaderStateImpl] WARN  server.RaftServer$Division (LeaderStateImpl.java:lambda$checkLeadership$20(1124)) - Follower s1@group-8F97580789F2->s0(c255,m256,n258, caughtUp=true, lastRpcSendTime=23, lastRpcResponseTime=444)
2025-04-05 17:05:37,904 [s1@group-8F97580789F2-LeaderStateImpl] WARN  server.RaftServer$Division (LeaderStateImpl.java:lambda$checkLeadership$20(1124)) - Follower s1@group-8F97580789F2->s2(c255,m256,n258, caughtUp=true, lastRpcSendTime=26, lastRpcResponseTime=445)
2025-04-05 17:05:37,904 [s1@group-8F97580789F2-LeaderStateImpl] WARN  server.RaftServer$Division (LeaderStateImpl.java:lambda$checkLeadership$20(1124)) - Follower s1@group-8F97580789F2->s3(c256,m257,n258, caughtUp=true, lastRpcSendTime=72, lastRpcResponseTime=71)
2025-04-05 17:05:37,904 [s1@group-8F97580789F2-LeaderStateImpl] WARN  server.RaftServer$Division (LeaderStateImpl.java:lambda$checkLeadership$20(1124)) - Follower s1@group-8F97580789F2->s4(c256,m257,n258, caughtUp=true, lastRpcSendTime=73, lastRpcResponseTime=72)
2025-04-05 17:05:37,904 [s1@group-8F97580789F2-LeaderStateImpl] INFO  server.RaftServer$Division (RaftServerImpl.java:setRole(395)) - s1@group-8F97580789F2: changes role from    LEADER to FOLLOWER at term 1 for StepDownReason:LOST_MAJORITY_HEARTBEATS
2025-04-05 17:05:37,904 [s1@group-8F97580789F2-LeaderStateImpl] INFO  impl.RoleInfo (RoleInfo.java:shutdownLeaderState(103)) - s1: shutdown s1@group-8F97580789F2-LeaderStateImpl
2025-04-05 17:05:37,904 [s1@group-8F97580789F2-LeaderStateImpl] INFO  impl.PendingRequests (PendingRequests.java:sendNotLeaderResponses(287)) - s1@group-8F97580789F2-PendingRequests: sendNotLeaderResponses
2025-04-05 17:05:37,905 [s1@group-8F97580789F2->s0-GrpcLogAppender-LogAppenderDaemon] WARN  server.GrpcLogAppender (GrpcLogAppender.java:mayWait(300)) - s1@group-8F97580789F2->s0-GrpcLogAppender: Wait interrupted by java.lang.InterruptedException
2025-04-05 17:05:37,905 [s1@group-8F97580789F2->s3-GrpcLogAppender-LogAppenderDaemon] WARN  server.GrpcLogAppender (GrpcLogAppender.java:mayWait(300)) - s1@group-8F97580789F2->s3-GrpcLogAppender: Wait interrupted by java.lang.InterruptedException
2025-04-05 17:05:37,905 [s1@group-8F97580789F2->s4-GrpcLogAppender-LogAppenderDaemon] WARN  server.GrpcLogAppender (GrpcLogAppender.java:mayWait(300)) - s1@group-8F97580789F2->s4-GrpcLogAppender: Wait interrupted by java.lang.InterruptedException
2025-04-05 17:05:37,905 [s1@group-8F97580789F2->s2-GrpcLogAppender-LogAppenderDaemon] WARN  server.GrpcLogAppender (GrpcLogAppender.java:mayWait(300)) - s1@group-8F97580789F2->s2-GrpcLogAppender: Wait interrupted by java.lang.InterruptedException
2025-04-05 17:05:37,909 [grpc-default-executor-6] INFO  util.CodeInjectionForTesting (BlockRequestHandlingInjection.java:execute(77)) - s1: Block request from s0
2025-04-05 17:05:37,909 [grpc-default-executor-5] INFO  util.CodeInjectionForTesting (BlockRequestHandlingInjection.java:execute(77)) - s2: Block request from s0
2025-04-05 17:05:37,917 [grpc-default-executor-3] INFO  util.CodeInjectionForTesting (BlockRequestHandlingInjection.java:execute(77)) - s1: Block request from s2
2025-04-05 17:05:37,918 [grpc-default-executor-2] INFO  util.CodeInjectionForTesting (BlockRequestHandlingInjection.java:execute(77)) - s0: Block request from s2
2025-04-05 17:05:37,920 [s1@group-8F97580789F2-LeaderStateImpl] INFO  server.RaftServer$Division (ServerState.java:setLeader(272)) - s1@group-8F97580789F2: change Leader from s1 to null at term 1 for StepDownReason:LOST_MAJORITY_HEARTBEATS
2025-04-05 17:05:37,920 [s1@group-8F97580789F2-LeaderStateImpl] INFO  impl.RoleInfo (RoleInfo.java:updateAndGet(148)) - s1: start s1@group-8F97580789F2-FollowerState
2025-04-05 17:05:37,926 [main] INFO  util.CodeInjectionForTesting (BlockRequestHandlingInjection.java:blockRequestor(49)) - Block requestor s1
2025-04-05 17:05:37,926 [main] INFO  util.CodeInjectionForTesting (BlockRequestHandlingInjection.java:unblockRequestor(54)) - UnBlock requestor s0
2025-04-05 17:05:37,926 [main] INFO  util.CodeInjectionForTesting (BlockRequestHandlingInjection.java:unblockRequestor(54)) - UnBlock requestor s2
2025-04-05 17:05:37,927 [main] INFO  ratis.RaftTestUtil (RaftTestUtil.java:waitForLeader(108)) - printing ALL groups
  s3:  RUNNING  FOLLOWER s3@group-8F97580789F2:t1, leader=s1, voted=null, raftlog=Memoized:s3@group-8F97580789F2-SegmentedRaftLog:OPENED:c256:last(t:1, i:257), conf=conf: {index: 257, cur=peers:[s3|0.0.0.0:15024, s4|0.0.0.0:15025, s0|localhost:15012, s1|localhost:15016, s2|localhost:15020]|listeners:[], old=peers:[s0|localhost:15012, s1|localhost:15016, s2|localhost:15020]|listeners:[]} RUNNING
  s4:  RUNNING  FOLLOWER s4@group-8F97580789F2:t1, leader=s1, voted=null, raftlog=Memoized:s4@group-8F97580789F2-SegmentedRaftLog:OPENED:c256:last(t:1, i:257), conf=conf: {index: 257, cur=peers:[s3|0.0.0.0:15024, s4|0.0.0.0:15025, s0|localhost:15012, s1|localhost:15016, s2|localhost:15020]|listeners:[], old=peers:[s0|localhost:15012, s1|localhost:15016, s2|localhost:15020]|listeners:[]} RUNNING
  s0:  RUNNING CANDIDATE s0@group-8F97580789F2:t1, leader=null, voted=s1, raftlog=Memoized:s0@group-8F97580789F2-SegmentedRaftLog:OPENED:c255:last(t:1, i:256), conf=conf: {index: 0, cur=peers:[s0|localhost:15012, s1|localhost:15016, s2|localhost:15020]|listeners:[], old=null} RUNNING
  s1:  RUNNING  FOLLOWER s1@group-8F97580789F2:t1, leader=null, voted=s1, raftlog=Memoized:s1@group-8F97580789F2-SegmentedRaftLog:OPENED:c256:last(t:1, i:257), conf=conf: {index: 257, cur=peers:[s3|0.0.0.0:15024, s4|0.0.0.0:15025, s0|localhost:15012, s1|localhost:15016, s2|localhost:15020]|listeners:[], old=peers:[s0|localhost:15012, s1|localhost:15016, s2|localhost:15020]|listeners:[]} RUNNING
  s2:  RUNNING CANDIDATE s2@group-8F97580789F2:t1, leader=null, voted=s1, raftlog=Memoized:s2@group-8F97580789F2-SegmentedRaftLog:OPENED:c255:last(t:1, i:256), conf=conf: {index: 0, cur=peers:[s0|localhost:15012, s1|localhost:15016, s2|localhost:15020]|listeners:[], old=null} RUNNING
2025-04-05 17:05:37,927 [main] WARN  ratis.RaftTestUtil (RaftTestUtil.java:lambda$waitForLeader$3(127)) - Attempt #1 failed: java.lang.IllegalStateException: No leader yet : printing ALL groups
  s3:  RUNNING  FOLLOWER s3@group-8F97580789F2:t1, leader=s1, voted=null, raftlog=Memoized:s3@group-8F97580789F2-SegmentedRaftLog:OPENED:c256:last(t:1, i:257), conf=conf: {index: 257, cur=peers:[s3|0.0.0.0:15024, s4|0.0.0.0:15025, s0|localhost:15012, s1|localhost:15016, s2|localhost:15020]|listeners:[], old=peers:[s0|localhost:15012, s1|localhost:15016, s2|localhost:15020]|listeners:[]} RUNNING
  s4:  RUNNING  FOLLOWER s4@group-8F97580789F2:t1, leader=s1, voted=null, raftlog=Memoized:s4@group-8F97580789F2-SegmentedRaftLog:OPENED:c256:last(t:1, i:257), conf=conf: {index: 257, cur=peers:[s3|0.0.0.0:15024, s4|0.0.0.0:15025, s0|localhost:15012, s1|localhost:15016, s2|localhost:15020]|listeners:[], old=peers:[s0|localhost:15012, s1|localhost:15016, s2|localhost:15020]|listeners:[]} RUNNING
  s0:  RUNNING CANDIDATE s0@group-8F97580789F2:t1, leader=null, voted=s1, raftlog=Memoized:s0@group-8F97580789F2-SegmentedRaftLog:OPENED:c255:last(t:1, i:256), conf=conf: {index: 0, cur=peers:[s0|localhost:15012, s1|localhost:15016, s2|localhost:15020]|listeners:[], old=null} RUNNING
  s1:  RUNNING  FOLLOWER s1@group-8F97580789F2:t1, leader=null, voted=s1, raftlog=Memoized:s1@group-8F97580789F2-SegmentedRaftLog:OPENED:c256:last(t:1, i:257), conf=conf: {index: 257, cur=peers:[s3|0.0.0.0:15024, s4|0.0.0.0:15025, s0|localhost:15012, s1|localhost:15016, s2|localhost:15020]|listeners:[], old=peers:[s0|localhost:15012, s1|localhost:15016, s2|localhost:15020]|listeners:[]} RUNNING
  s2:  RUNNING CANDIDATE s2@group-8F97580789F2:t1, leader=null, voted=s1, raftlog=Memoized:s2@group-8F97580789F2-SegmentedRaftLog:OPENED:c255:last(t:1, i:256), conf=conf: {index: 0, cur=peers:[s0|localhost:15012, s1|localhost:15016, s2|localhost:15020]|listeners:[], old=null} RUNNING
2025-04-05 17:05:38,082 [s1@group-8F97580789F2-FollowerState] INFO  impl.FollowerState (FollowerState.java:lostMajorityHeartbeatsRecently(113)) - s1@group-8F97580789F2-FollowerState: Skipping leader election since it stepped down recently (elapsed = 162ms < waitTime = 10s)
2025-04-05 17:05:38,098 [s3@group-8F97580789F2-FollowerState] INFO  impl.FollowerState (FollowerState.java:runImpl(161)) - s3@group-8F97580789F2-FollowerState: change to CANDIDATE, lastRpcElapsedTime:265838116ns, electionTimeout:244ms
2025-04-05 17:05:38,098 [s3@group-8F97580789F2-FollowerState] INFO  impl.RoleInfo (RoleInfo.java:shutdownFollowerState(121)) - s3: shutdown s3@group-8F97580789F2-FollowerState
2025-04-05 17:05:38,098 [s3@group-8F97580789F2-FollowerState] INFO  server.RaftServer$Division (RaftServerImpl.java:setRole(395)) - s3@group-8F97580789F2: changes role from  FOLLOWER to CANDIDATE at term 1 for changeToCandidate
2025-04-05 17:05:38,098 [s3@group-8F97580789F2-FollowerState] INFO  impl.RoleInfo (RoleInfo.java:updateAndGet(148)) - s3: start s3@group-8F97580789F2-LeaderElection6
2025-04-05 17:05:38,098 [s3@group-8F97580789F2-LeaderElection6] INFO  server.RaftServer$Division (ServerState.java:setLeader(272)) - s3@group-8F97580789F2: change Leader from s1 to null at term 1 for PRE_VOTE
2025-04-05 17:05:38,099 [s3@group-8F97580789F2-LeaderElection6] INFO  impl.LeaderElection (LeaderElection.java:askForVotes(332)) - s3@group-8F97580789F2-LeaderElection6 PRE_VOTE round 0: submit vote requests at term 1 for conf: {index: 257, cur=peers:[s3|0.0.0.0:15024, s4|0.0.0.0:15025, s0|localhost:15012, s1|localhost:15016, s2|localhost:15020]|listeners:[], old=peers:[s0|localhost:15012, s1|localhost:15016, s2|localhost:15020]|listeners:[]}
2025-04-05 17:05:38,099 [s3@group-8F97580789F2-LeaderElection6-1] INFO  server.GrpcServerProtocolClient (GrpcServerProtocolClient.java:<init>(65)) - Build channel for s4|0.0.0.0:15025
2025-04-05 17:05:38,099 [s4@group-8F97580789F2-FollowerState] INFO  impl.FollowerState (FollowerState.java:runImpl(161)) - s4@group-8F97580789F2-FollowerState: change to CANDIDATE, lastRpcElapsedTime:268024601ns, electionTimeout:200ms
2025-04-05 17:05:38,099 [s4@group-8F97580789F2-FollowerState] INFO  impl.RoleInfo (RoleInfo.java:shutdownFollowerState(121)) - s4: shutdown s4@group-8F97580789F2-FollowerState
2025-04-05 17:05:38,099 [s3@group-8F97580789F2-LeaderElection6-3] INFO  server.GrpcServerProtocolClient (GrpcServerProtocolClient.java:<init>(65)) - Build channel for s1|localhost:15016
2025-04-05 17:05:38,100 [s3@group-8F97580789F2-LeaderElection6-4] INFO  server.GrpcServerProtocolClient (GrpcServerProtocolClient.java:<init>(65)) - Build channel for s2|localhost:15020
2025-04-05 17:05:38,099 [s3@group-8F97580789F2-LeaderElection6-2] INFO  server.GrpcServerProtocolClient (GrpcServerProtocolClient.java:<init>(65)) - Build channel for s0|localhost:15012
2025-04-05 17:05:38,099 [s4@group-8F97580789F2-FollowerState] INFO  server.RaftServer$Division (RaftServerImpl.java:setRole(395)) - s4@group-8F97580789F2: changes role from  FOLLOWER to CANDIDATE at term 1 for changeToCandidate
2025-04-05 17:05:38,101 [s4@group-8F97580789F2-FollowerState] INFO  impl.RoleInfo (RoleInfo.java:updateAndGet(148)) - s4: start s4@group-8F97580789F2-LeaderElection7
2025-04-05 17:05:38,102 [s4@group-8F97580789F2-LeaderElection7] INFO  server.RaftServer$Division (ServerState.java:setLeader(272)) - s4@group-8F97580789F2: change Leader from s1 to null at term 1 for PRE_VOTE
2025-04-05 17:05:38,103 [s4@group-8F97580789F2-LeaderElection7] INFO  impl.LeaderElection (LeaderElection.java:askForVotes(332)) - s4@group-8F97580789F2-LeaderElection7 PRE_VOTE round 0: submit vote requests at term 1 for conf: {index: 257, cur=peers:[s3|0.0.0.0:15024, s4|0.0.0.0:15025, s0|localhost:15012, s1|localhost:15016, s2|localhost:15020]|listeners:[], old=peers:[s0|localhost:15012, s1|localhost:15016, s2|localhost:15020]|listeners:[]}
2025-04-05 17:05:38,105 [s4@group-8F97580789F2-LeaderElection7-2] INFO  server.GrpcServerProtocolClient (GrpcServerProtocolClient.java:<init>(65)) - Build channel for s0|localhost:15012
2025-04-05 17:05:38,105 [s4@group-8F97580789F2-LeaderElection7-1] INFO  server.GrpcServerProtocolClient (GrpcServerProtocolClient.java:<init>(65)) - Build channel for s3|0.0.0.0:15024
2025-04-05 17:05:38,105 [s4@group-8F97580789F2-LeaderElection7-3] INFO  server.GrpcServerProtocolClient (GrpcServerProtocolClient.java:<init>(65)) - Build channel for s1|localhost:15016
2025-04-05 17:05:38,106 [s4@group-8F97580789F2-LeaderElection7-4] INFO  server.GrpcServerProtocolClient (GrpcServerProtocolClient.java:<init>(65)) - Build channel for s2|localhost:15020
2025-04-05 17:05:38,108 [grpc-default-executor-7] INFO  server.RaftServer$Division (RaftServerImpl.java:requestVote(1475)) - s0@group-8F97580789F2: receive requestVote(PRE_VOTE, s3, group-8F97580789F2, 1, (t:1, i:257))
2025-04-05 17:05:38,108 [grpc-default-executor-7] INFO  impl.VoteContext (VoteContext.java:log(49)) - s0@group-8F97580789F2-CANDIDATE: reject PRE_VOTE from s3: s3 is not in current conf [s0|localhost:15012, s1|localhost:15016, s2|localhost:15020]
2025-04-05 17:05:38,108 [grpc-default-executor-0] INFO  util.CodeInjectionForTesting (BlockRequestHandlingInjection.java:execute(77)) - s1: Block request from s3
2025-04-05 17:05:38,108 [grpc-default-executor-7] INFO  server.RaftServer$Division (RaftServerImpl.java:requestVote(1509)) - s0@group-8F97580789F2 replies to PRE_VOTE vote request: s3<-s0#0:FAIL-t1. Peer's state: s0@group-8F97580789F2:t1, leader=null, voted=s1, raftlog=Memoized:s0@group-8F97580789F2-SegmentedRaftLog:OPENED:c255:last(t:1, i:256), conf=conf: {index: 0, cur=peers:[s0|localhost:15012, s1|localhost:15016, s2|localhost:15020]|listeners:[], old=null}
2025-04-05 17:05:38,110 [grpc-default-executor-10] INFO  server.RaftServer$Division (RaftServerImpl.java:requestVote(1475)) - s0@group-8F97580789F2: receive requestVote(PRE_VOTE, s4, group-8F97580789F2, 1, (t:1, i:257))
2025-04-05 17:05:38,110 [grpc-default-executor-10] INFO  impl.VoteContext (VoteContext.java:log(49)) - s0@group-8F97580789F2-CANDIDATE: reject PRE_VOTE from s4: s4 is not in current conf [s0|localhost:15012, s1|localhost:15016, s2|localhost:15020]
2025-04-05 17:05:38,110 [grpc-default-executor-10] INFO  server.RaftServer$Division (RaftServerImpl.java:requestVote(1509)) - s0@group-8F97580789F2 replies to PRE_VOTE vote request: s4<-s0#0:FAIL-t1. Peer's state: s0@group-8F97580789F2:t1, leader=null, voted=s1, raftlog=Memoized:s0@group-8F97580789F2-SegmentedRaftLog:OPENED:c255:last(t:1, i:256), conf=conf: {index: 0, cur=peers:[s0|localhost:15012, s1|localhost:15016, s2|localhost:15020]|listeners:[], old=null}
2025-04-05 17:05:38,110 [grpc-default-executor-9] INFO  server.RaftServer$Division (RaftServerImpl.java:requestVote(1475)) - s4@group-8F97580789F2: receive requestVote(PRE_VOTE, s3, group-8F97580789F2, 1, (t:1, i:257))
2025-04-05 17:05:38,111 [grpc-default-executor-8] INFO  server.RaftServer$Division (RaftServerImpl.java:requestVote(1475)) - s2@group-8F97580789F2: receive requestVote(PRE_VOTE, s3, group-8F97580789F2, 1, (t:1, i:257))
2025-04-05 17:05:38,111 [grpc-default-executor-8] INFO  impl.VoteContext (VoteContext.java:log(49)) - s2@group-8F97580789F2-CANDIDATE: reject PRE_VOTE from s3: s3 is not in current conf [s0|localhost:15012, s1|localhost:15016, s2|localhost:15020]
2025-04-05 17:05:38,111 [grpc-default-executor-8] INFO  server.RaftServer$Division (RaftServerImpl.java:requestVote(1509)) - s2@group-8F97580789F2 replies to PRE_VOTE vote request: s3<-s2#0:FAIL-t1. Peer's state: s2@group-8F97580789F2:t1, leader=null, voted=s1, raftlog=Memoized:s2@group-8F97580789F2-SegmentedRaftLog:OPENED:c255:last(t:1, i:256), conf=conf: {index: 0, cur=peers:[s0|localhost:15012, s1|localhost:15016, s2|localhost:15020]|listeners:[], old=null}
2025-04-05 17:05:38,114 [grpc-default-executor-11] INFO  server.RaftServer$Division (RaftServerImpl.java:requestVote(1475)) - s3@group-8F97580789F2: receive requestVote(PRE_VOTE, s4, group-8F97580789F2, 1, (t:1, i:257))
2025-04-05 17:05:38,114 [grpc-default-executor-11] INFO  impl.VoteContext (VoteContext.java:log(49)) - s3@group-8F97580789F2-CANDIDATE: accept PRE_VOTE from s4: our priority 0 <= candidate's priority 0
2025-04-05 17:05:38,114 [grpc-default-executor-11] INFO  server.RaftServer$Division (RaftServerImpl.java:requestVote(1509)) - s3@group-8F97580789F2 replies to PRE_VOTE vote request: s4<-s3#0:OK-t1. Peer's state: s3@group-8F97580789F2:t1, leader=null, voted=null, raftlog=Memoized:s3@group-8F97580789F2-SegmentedRaftLog:OPENED:c256:last(t:1, i:257), conf=conf: {index: 257, cur=peers:[s3|0.0.0.0:15024, s4|0.0.0.0:15025, s0|localhost:15012, s1|localhost:15016, s2|localhost:15020]|listeners:[], old=peers:[s0|localhost:15012, s1|localhost:15016, s2|localhost:15020]|listeners:[]}
2025-04-05 17:05:38,112 [grpc-default-executor-10] INFO  util.CodeInjectionForTesting (BlockRequestHandlingInjection.java:execute(77)) - s1: Block request from s4
2025-04-05 17:05:38,115 [s3@group-8F97580789F2-LeaderElection6] INFO  impl.LeaderElection (LeaderElection.java:logAndReturn(90)) - s3@group-8F97580789F2-LeaderElection6: PRE_VOTE REJECTED received 2 response(s) and 0 exception(s):
2025-04-05 17:05:38,115 [s3@group-8F97580789F2-LeaderElection6] INFO  impl.LeaderElection (LeaderElection.java:logAndReturn(94)) -   Response 0: s3<-s0#0:FAIL-t1
2025-04-05 17:05:38,115 [s3@group-8F97580789F2-LeaderElection6] INFO  impl.LeaderElection (LeaderElection.java:logAndReturn(94)) -   Response 1: s3<-s2#0:FAIL-t1
2025-04-05 17:05:38,115 [s3@group-8F97580789F2-LeaderElection6] INFO  impl.LeaderElection (LeaderElection.java:askForVotes(334)) - s3@group-8F97580789F2-LeaderElection6 PRE_VOTE round 0: result REJECTED
2025-04-05 17:05:38,115 [s3@group-8F97580789F2-LeaderElection6] INFO  server.RaftServer$Division (RaftServerImpl.java:setRole(395)) - s3@group-8F97580789F2: changes role from CANDIDATE to FOLLOWER at term 1 for REJECTED
2025-04-05 17:05:38,115 [s3@group-8F97580789F2-LeaderElection6] INFO  impl.RoleInfo (RoleInfo.java:shutdownLeaderElection(141)) - s3: shutdown s3@group-8F97580789F2-LeaderElection6
2025-04-05 17:05:38,115 [s3@group-8F97580789F2-LeaderElection6] INFO  impl.RoleInfo (RoleInfo.java:updateAndGet(148)) - s3: start s3@group-8F97580789F2-FollowerState
2025-04-05 17:05:38,112 [grpc-default-executor-7] INFO  server.RaftServer$Division (RaftServerImpl.java:requestVote(1475)) - s2@group-8F97580789F2: receive requestVote(PRE_VOTE, s4, group-8F97580789F2, 1, (t:1, i:257))
2025-04-05 17:05:38,116 [grpc-default-executor-7] INFO  impl.VoteContext (VoteContext.java:log(49)) - s2@group-8F97580789F2-CANDIDATE: reject PRE_VOTE from s4: s4 is not in current conf [s0|localhost:15012, s1|localhost:15016, s2|localhost:15020]
2025-04-05 17:05:38,116 [grpc-default-executor-7] INFO  server.RaftServer$Division (RaftServerImpl.java:requestVote(1509)) - s2@group-8F97580789F2 replies to PRE_VOTE vote request: s4<-s2#0:FAIL-t1. Peer's state: s2@group-8F97580789F2:t1, leader=null, voted=s1, raftlog=Memoized:s2@group-8F97580789F2-SegmentedRaftLog:OPENED:c255:last(t:1, i:256), conf=conf: {index: 0, cur=peers:[s0|localhost:15012, s1|localhost:15016, s2|localhost:15020]|listeners:[], old=null}
2025-04-05 17:05:38,111 [grpc-default-executor-9] INFO  impl.VoteContext (VoteContext.java:log(49)) - s4@group-8F97580789F2-CANDIDATE: accept PRE_VOTE from s3: our priority 0 <= candidate's priority 0
2025-04-05 17:05:38,116 [grpc-default-executor-9] INFO  server.RaftServer$Division (RaftServerImpl.java:requestVote(1509)) - s4@group-8F97580789F2 replies to PRE_VOTE vote request: s3<-s4#0:OK-t1. Peer's state: s4@group-8F97580789F2:t1, leader=null, voted=null, raftlog=Memoized:s4@group-8F97580789F2-SegmentedRaftLog:OPENED:c256:last(t:1, i:257), conf=conf: {index: 257, cur=peers:[s3|0.0.0.0:15024, s4|0.0.0.0:15025, s0|localhost:15012, s1|localhost:15016, s2|localhost:15020]|listeners:[], old=peers:[s0|localhost:15012, s1|localhost:15016, s2|localhost:15020]|listeners:[]}
2025-04-05 17:05:38,120 [s4@group-8F97580789F2-LeaderElection7] INFO  impl.LeaderElection (LeaderElection.java:logAndReturn(90)) - s4@group-8F97580789F2-LeaderElection7: PRE_VOTE REJECTED received 3 response(s) and 0 exception(s):
2025-04-05 17:05:38,120 [s4@group-8F97580789F2-LeaderElection7] INFO  impl.LeaderElection (LeaderElection.java:logAndReturn(94)) -   Response 0: s4<-s3#0:OK-t1
2025-04-05 17:05:38,120 [s4@group-8F97580789F2-LeaderElection7] INFO  impl.LeaderElection (LeaderElection.java:logAndReturn(94)) -   Response 1: s4<-s0#0:FAIL-t1
2025-04-05 17:05:38,120 [s4@group-8F97580789F2-LeaderElection7] INFO  impl.LeaderElection (LeaderElection.java:logAndReturn(94)) -   Response 2: s4<-s2#0:FAIL-t1
2025-04-05 17:05:38,120 [s4@group-8F97580789F2-LeaderElection7] INFO  impl.LeaderElection (LeaderElection.java:askForVotes(334)) - s4@group-8F97580789F2-LeaderElection7 PRE_VOTE round 0: result REJECTED
2025-04-05 17:05:38,120 [s4@group-8F97580789F2-LeaderElection7] INFO  server.RaftServer$Division (RaftServerImpl.java:setRole(395)) - s4@group-8F97580789F2: changes role from CANDIDATE to FOLLOWER at term 1 for REJECTED
2025-04-05 17:05:38,121 [s4@group-8F97580789F2-LeaderElection7] INFO  impl.RoleInfo (RoleInfo.java:shutdownLeaderElection(141)) - s4: shutdown s4@group-8F97580789F2-LeaderElection7
2025-04-05 17:05:38,121 [s4@group-8F97580789F2-LeaderElection7] INFO  impl.RoleInfo (RoleInfo.java:updateAndGet(148)) - s4: start s4@group-8F97580789F2-FollowerState
2025-04-05 17:05:38,131 [s2@group-8F97580789F2-LeaderElection5] INFO  impl.LeaderElection (LeaderElection.java:logAndReturn(90)) - s2@group-8F97580789F2-LeaderElection5: PRE_VOTE TIMEOUT received 0 response(s) and 0 exception(s):
2025-04-05 17:05:38,131 [s2@group-8F97580789F2-LeaderElection5] INFO  impl.LeaderElection (LeaderElection.java:askForVotes(334)) - s2@group-8F97580789F2-LeaderElection5 PRE_VOTE round 0: result TIMEOUT
2025-04-05 17:05:38,131 [s2@group-8F97580789F2-LeaderElection5] INFO  impl.LeaderElection (LeaderElection.java:askForVotes(332)) - s2@group-8F97580789F2-LeaderElection5 PRE_VOTE round 1: submit vote requests at term 1 for conf: {index: 0, cur=peers:[s0|localhost:15012, s1|localhost:15016, s2|localhost:15020]|listeners:[], old=null}
2025-04-05 17:05:38,132 [grpc-default-executor-11] INFO  server.RaftServer$Division (RaftServerImpl.java:requestVote(1475)) - s0@group-8F97580789F2: receive requestVote(PRE_VOTE, s2, group-8F97580789F2, 1, (t:1, i:256))
2025-04-05 17:05:38,132 [grpc-default-executor-9] INFO  util.CodeInjectionForTesting (BlockRequestHandlingInjection.java:execute(77)) - s1: Block request from s2
2025-04-05 17:05:38,132 [grpc-default-executor-11] INFO  impl.VoteContext (VoteContext.java:log(49)) - s0@group-8F97580789F2-CANDIDATE: accept PRE_VOTE from s2: our priority 0 <= candidate's priority 0
2025-04-05 17:05:38,132 [grpc-default-executor-11] INFO  server.RaftServer$Division (RaftServerImpl.java:requestVote(1509)) - s0@group-8F97580789F2 replies to PRE_VOTE vote request: s2<-s0#0:OK-t1. Peer's state: s0@group-8F97580789F2:t1, leader=null, voted=s1, raftlog=Memoized:s0@group-8F97580789F2-SegmentedRaftLog:OPENED:c255:last(t:1, i:256), conf=conf: {index: 0, cur=peers:[s0|localhost:15012, s1|localhost:15016, s2|localhost:15020]|listeners:[], old=null}
2025-04-05 17:05:38,133 [s2@group-8F97580789F2-LeaderElection5] INFO  impl.LeaderElection (LeaderElection.java:logAndReturn(90)) - s2@group-8F97580789F2-LeaderElection5: PRE_VOTE PASSED received 1 response(s) and 0 exception(s):
2025-04-05 17:05:38,133 [s2@group-8F97580789F2-LeaderElection5] INFO  impl.LeaderElection (LeaderElection.java:logAndReturn(94)) -   Response 0: s2<-s0#0:OK-t1
2025-04-05 17:05:38,133 [s2@group-8F97580789F2-LeaderElection5] INFO  impl.LeaderElection (LeaderElection.java:askForVotes(334)) - s2@group-8F97580789F2-LeaderElection5 PRE_VOTE round 1: result PASSED
2025-04-05 17:05:38,133 [s2@group-8F97580789F2-LeaderElection5] TRACE util.FileUtils (LogUtils.java:supplyAndLog(69)) - Successfully supplied FileChannel.open /home/runner/work/ratis/ratis/ratis-test/target/test/data/7d2f1e3c/MiniRaftClusterWithGrpc65d740a0/s2/278962cf-de14-401e-b053-8f97580789f2/current/raft-meta.tmp with options [CREATE, TRUNCATE_EXISTING, WRITE]: sun.nio.ch.FileChannelImpl@3f46da1e
2025-04-05 17:05:38,135 [s2@group-8F97580789F2-LeaderElection5] TRACE util.FileUtils (LogUtils.java:runAndLog(49)) - Successfully ran Atomic Files.move /home/runner/work/ratis/ratis/ratis-test/target/test/data/7d2f1e3c/MiniRaftClusterWithGrpc65d740a0/s2/278962cf-de14-401e-b053-8f97580789f2/current/raft-meta.tmp to /home/runner/work/ratis/ratis/ratis-test/target/test/data/7d2f1e3c/MiniRaftClusterWithGrpc65d740a0/s2/278962cf-de14-401e-b053-8f97580789f2/current/raft-meta with options [REPLACE_EXISTING]
2025-04-05 17:05:38,135 [s2@group-8F97580789F2-LeaderElection5] INFO  impl.LeaderElection (LeaderElection.java:askForVotes(332)) - s2@group-8F97580789F2-LeaderElection5 ELECTION round 1: submit vote requests at term 2 for conf: {index: 0, cur=peers:[s0|localhost:15012, s1|localhost:15016, s2|localhost:15020]|listeners:[], old=null}
2025-04-05 17:05:38,136 [grpc-default-executor-11] INFO  server.RaftServer$Division (RaftServerImpl.java:requestVote(1475)) - s0@group-8F97580789F2: receive requestVote(ELECTION, s2, group-8F97580789F2, 2, (t:1, i:256))
2025-04-05 17:05:38,137 [grpc-default-executor-11] INFO  impl.VoteContext (VoteContext.java:log(49)) - s0@group-8F97580789F2-CANDIDATE: accept ELECTION from s2: our priority 0 <= candidate's priority 0
2025-04-05 17:05:38,137 [grpc-default-executor-11] INFO  server.RaftServer$Division (RaftServerImpl.java:setRole(395)) - s0@group-8F97580789F2: changes role from CANDIDATE to FOLLOWER at term 1 for candidate:s2
2025-04-05 17:05:38,137 [grpc-default-executor-11] INFO  impl.RoleInfo (RoleInfo.java:shutdownLeaderElection(141)) - s0: shutdown s0@group-8F97580789F2-LeaderElection4
2025-04-05 17:05:38,137 [grpc-default-executor-11] INFO  impl.RoleInfo (RoleInfo.java:updateAndGet(148)) - s0: start s0@group-8F97580789F2-FollowerState
2025-04-05 17:05:38,136 [grpc-default-executor-7] INFO  util.CodeInjectionForTesting (BlockRequestHandlingInjection.java:execute(77)) - s1: Block request from s2
2025-04-05 17:05:38,137 [grpc-default-executor-11] TRACE util.FileUtils (LogUtils.java:supplyAndLog(69)) - Successfully supplied FileChannel.open /home/runner/work/ratis/ratis/ratis-test/target/test/data/7d2f1e3c/MiniRaftClusterWithGrpc65d740a0/s0/278962cf-de14-401e-b053-8f97580789f2/current/raft-meta.tmp with options [CREATE, TRUNCATE_EXISTING, WRITE]: sun.nio.ch.FileChannelImpl@26b6974f
2025-04-05 17:05:38,138 [grpc-default-executor-11] TRACE util.FileUtils (LogUtils.java:runAndLog(49)) - Successfully ran Atomic Files.move /home/runner/work/ratis/ratis/ratis-test/target/test/data/7d2f1e3c/MiniRaftClusterWithGrpc65d740a0/s0/278962cf-de14-401e-b053-8f97580789f2/current/raft-meta.tmp to /home/runner/work/ratis/ratis/ratis-test/target/test/data/7d2f1e3c/MiniRaftClusterWithGrpc65d740a0/s0/278962cf-de14-401e-b053-8f97580789f2/current/raft-meta with options [REPLACE_EXISTING]
2025-04-05 17:05:38,139 [grpc-default-executor-11] INFO  server.RaftServer$Division (RaftServerImpl.java:requestVote(1509)) - s0@group-8F97580789F2 replies to ELECTION vote request: s2<-s0#0:OK-t2. Peer's state: s0@group-8F97580789F2:t2, leader=null, voted=s2, raftlog=Memoized:s0@group-8F97580789F2-SegmentedRaftLog:OPENED:c255:last(t:1, i:256), conf=conf: {index: 0, cur=peers:[s0|localhost:15012, s1|localhost:15016, s2|localhost:15020]|listeners:[], old=null}
2025-04-05 17:05:38,156 [s0@group-8F97580789F2-LeaderElection4] INFO  impl.LeaderElection (LeaderElection.java:logAndReturn(90)) - s0@group-8F97580789F2-LeaderElection4: PRE_VOTE REJECTED received 0 response(s) and 0 exception(s):
2025-04-05 17:05:38,157 [s0@group-8F97580789F2-LeaderElection4] INFO  impl.LeaderElection (LeaderElection.java:askForVotes(334)) - s0@group-8F97580789F2-LeaderElection4 PRE_VOTE round 0: result REJECTED
2025-04-05 17:05:38,158 [s2@group-8F97580789F2-LeaderElection5] INFO  impl.LeaderElection (LeaderElection.java:logAndReturn(90)) - s2@group-8F97580789F2-LeaderElection5: ELECTION PASSED received 1 response(s) and 0 exception(s):
2025-04-05 17:05:38,158 [s2@group-8F97580789F2-LeaderElection5] INFO  impl.LeaderElection (LeaderElection.java:logAndReturn(94)) -   Response 0: s2<-s0#0:OK-t2
2025-04-05 17:05:38,158 [s2@group-8F97580789F2-LeaderElection5] INFO  impl.LeaderElection (LeaderElection.java:askForVotes(334)) - s2@group-8F97580789F2-LeaderElection5 ELECTION round 1: result PASSED
2025-04-05 17:05:38,158 [s2@group-8F97580789F2-LeaderElection5] INFO  impl.RoleInfo (RoleInfo.java:shutdownLeaderElection(141)) - s2: shutdown s2@group-8F97580789F2-LeaderElection5
2025-04-05 17:05:38,158 [s2@group-8F97580789F2-LeaderElection5] INFO  server.RaftServer$Division (RaftServerImpl.java:setRole(395)) - s2@group-8F97580789F2: changes role from CANDIDATE to LEADER at term 2 for changeToLeader
2025-04-05 17:05:38,158 [s2@group-8F97580789F2-LeaderElection5] INFO  server.RaftServerConfigKeys (ConfUtils.java:logFallback(69)) - raft.server.staging.timeout = 900ms (fallback to raft.server.rpc.timeout.max)
2025-04-05 17:05:38,160 [s2@group-8F97580789F2-LeaderElection5] INFO  server.RaftServerConfigKeys (ConfUtils.java:logGet(62)) - raft.server.log.appender.snapshot.chunk.size.max = 1k (=1024) (custom)
2025-04-05 17:05:38,161 [s2@group-8F97580789F2-LeaderElection5] INFO  server.RaftServerConfigKeys (ConfUtils.java:logGet(62)) - raft.server.log.appender.snapshot.chunk.size.max = 1k (=1024) (custom)
2025-04-05 17:05:38,161 [s2@group-8F97580789F2-LeaderElection5] INFO  impl.RoleInfo (RoleInfo.java:updateAndGet(148)) - s2: start s2@group-8F97580789F2-LeaderStateImpl
2025-04-05 17:05:38,161 [s2@group-8F97580789F2-LeaderElection5] INFO  server.RaftServer$Division (ServerState.java:setLeader(272)) - s2@group-8F97580789F2: change Leader from null to s2 at term 2 for becomeLeader, leader elected after 261ms
2025-04-05 17:05:38,162 [s2@group-8F97580789F2-LeaderElection5] INFO  segmented.SegmentedRaftLogWorker (SegmentedRaftLogWorker.java:rollLogSegment(450)) - s2@group-8F97580789F2-SegmentedRaftLogWorker: Rolling segment log-0_256 to index:256
2025-04-05 17:05:38,162 [s2@group-8F97580789F2-LeaderElection5] INFO  server.RaftServer$Division (ServerState.java:setRaftConf(386)) - s2@group-8F97580789F2: set configuration conf: {index: 257, cur=peers:[s0|localhost:15012, s1|localhost:15016, s2|localhost:15020]|listeners:[], old=null}
2025-04-05 17:05:38,164 [s2@group-8F97580789F2-SegmentedRaftLogWorker] TRACE util.FileUtils (LogUtils.java:runAndLog(49)) - Successfully ran Atomic Files.move /home/runner/work/ratis/ratis/ratis-test/target/test/data/7d2f1e3c/MiniRaftClusterWithGrpc65d740a0/s2/278962cf-de14-401e-b053-8f97580789f2/current/log_inprogress_0 to /home/runner/work/ratis/ratis/ratis-test/target/test/data/7d2f1e3c/MiniRaftClusterWithGrpc65d740a0/s2/278962cf-de14-401e-b053-8f97580789f2/current/log_0-256
2025-04-05 17:05:38,164 [s2@group-8F97580789F2-SegmentedRaftLogWorker] INFO  segmented.SegmentedRaftLogWorker (SegmentedRaftLogWorker.java:execute(626)) - s2@group-8F97580789F2-SegmentedRaftLogWorker: Rolled log segment from /home/runner/work/ratis/ratis/ratis-test/target/test/data/7d2f1e3c/MiniRaftClusterWithGrpc65d740a0/s2/278962cf-de14-401e-b053-8f97580789f2/current/log_inprogress_0 to /home/runner/work/ratis/ratis/ratis-test/target/test/data/7d2f1e3c/MiniRaftClusterWithGrpc65d740a0/s2/278962cf-de14-401e-b053-8f97580789f2/current/log_0-256
2025-04-05 17:05:38,164 [s2@group-8F97580789F2-SegmentedRaftLogWorker] INFO  segmented.BufferedWriteChannel (BufferedWriteChannel.java:open(61)) - open log_inprogress_257 at position 0
2025-04-05 17:05:38,166 [grpc-default-executor-11] INFO  server.RaftServer$Division (ServerState.java:setLeader(272)) - s0@group-8F97580789F2: change Leader from null to s2 at term 2 for appendEntries, leader elected after 272ms
2025-04-05 17:05:38,168 [grpc-default-executor-11] INFO  util.CodeInjectionForTesting (BlockRequestHandlingInjection.java:execute(77)) - s1: Block request from s2
2025-04-05 17:05:38,169 [grpc-default-executor-12] INFO  server.RaftServer$Division (ServerState.java:setRaftConf(386)) - s0@group-8F97580789F2: set configuration conf: {index: 257, cur=peers:[s0|localhost:15012, s1|localhost:15016, s2|localhost:15020]|listeners:[], old=null}
2025-04-05 17:05:38,169 [grpc-default-executor-12] INFO  segmented.SegmentedRaftLogWorker (SegmentedRaftLogWorker.java:rollLogSegment(450)) - s0@group-8F97580789F2-SegmentedRaftLogWorker: Rolling segment log-0_256 to index:256
2025-04-05 17:05:38,171 [s0@group-8F97580789F2-SegmentedRaftLogWorker] TRACE util.FileUtils (LogUtils.java:runAndLog(49)) - Successfully ran Atomic Files.move /home/runner/work/ratis/ratis/ratis-test/target/test/data/7d2f1e3c/MiniRaftClusterWithGrpc65d740a0/s0/278962cf-de14-401e-b053-8f97580789f2/current/log_inprogress_0 to /home/runner/work/ratis/ratis/ratis-test/target/test/data/7d2f1e3c/MiniRaftClusterWithGrpc65d740a0/s0/278962cf-de14-401e-b053-8f97580789f2/current/log_0-256
2025-04-05 17:05:38,171 [s0@group-8F97580789F2-SegmentedRaftLogWorker] INFO  segmented.SegmentedRaftLogWorker (SegmentedRaftLogWorker.java:execute(626)) - s0@group-8F97580789F2-SegmentedRaftLogWorker: Rolled log segment from /home/runner/work/ratis/ratis/ratis-test/target/test/data/7d2f1e3c/MiniRaftClusterWithGrpc65d740a0/s0/278962cf-de14-401e-b053-8f97580789f2/current/log_inprogress_0 to /home/runner/work/ratis/ratis/ratis-test/target/test/data/7d2f1e3c/MiniRaftClusterWithGrpc65d740a0/s0/278962cf-de14-401e-b053-8f97580789f2/current/log_0-256
2025-04-05 17:05:38,171 [s0@group-8F97580789F2-SegmentedRaftLogWorker] INFO  segmented.BufferedWriteChannel (BufferedWriteChannel.java:open(61)) - open log_inprogress_257 at position 0
2025-04-05 17:05:38,174 [s2@group-8F97580789F2-SegmentedRaftLogWorker] INFO  segmented.SegmentedRaftLogWorker (SegmentedRaftLogWorker.java:execute(669)) - s2@group-8F97580789F2-SegmentedRaftLogWorker: created new log segment /home/runner/work/ratis/ratis/ratis-test/target/test/data/7d2f1e3c/MiniRaftClusterWithGrpc65d740a0/s2/278962cf-de14-401e-b053-8f97580789f2/current/log_inprogress_257
2025-04-05 17:05:38,181 [s0@group-8F97580789F2-SegmentedRaftLogWorker] INFO  segmented.SegmentedRaftLogWorker (SegmentedRaftLogWorker.java:execute(669)) - s0@group-8F97580789F2-SegmentedRaftLogWorker: created new log segment /home/runner/work/ratis/ratis/ratis-test/target/test/data/7d2f1e3c/MiniRaftClusterWithGrpc65d740a0/s0/278962cf-de14-401e-b053-8f97580789f2/current/log_inprogress_257
2025-04-05 17:05:38,182 [s2@group-8F97580789F2-StateMachineUpdater] TRACE util.FileUtils (LogUtils.java:supplyAndLog(69)) - Successfully supplied FileChannel.open /home/runner/work/ratis/ratis/ratis-test/target/test/data/7d2f1e3c/MiniRaftClusterWithGrpc65d740a0/s2/278962cf-de14-401e-b053-8f97580789f2/current/raft-meta.conf.tmp with options [CREATE, TRUNCATE_EXISTING, WRITE]: sun.nio.ch.FileChannelImpl@405f21d
2025-04-05 17:05:38,184 [s0@group-8F97580789F2-StateMachineUpdater] TRACE util.FileUtils (LogUtils.java:supplyAndLog(69)) - Successfully supplied FileChannel.open /home/runner/work/ratis/ratis/ratis-test/target/test/data/7d2f1e3c/MiniRaftClusterWithGrpc65d740a0/s0/278962cf-de14-401e-b053-8f97580789f2/current/raft-meta.conf.tmp with options [CREATE, TRUNCATE_EXISTING, WRITE]: sun.nio.ch.FileChannelImpl@7196281
2025-04-05 17:05:38,185 [s2@group-8F97580789F2-StateMachineUpdater] TRACE util.FileUtils (LogUtils.java:runAndLog(49)) - Successfully ran Atomic Files.move /home/runner/work/ratis/ratis/ratis-test/target/test/data/7d2f1e3c/MiniRaftClusterWithGrpc65d740a0/s2/278962cf-de14-401e-b053-8f97580789f2/current/raft-meta.conf.tmp to /home/runner/work/ratis/ratis/ratis-test/target/test/data/7d2f1e3c/MiniRaftClusterWithGrpc65d740a0/s2/278962cf-de14-401e-b053-8f97580789f2/current/raft-meta.conf with options [REPLACE_EXISTING]
2025-04-05 17:05:38,185 [s2@group-8F97580789F2-StateMachineUpdater] INFO  server.RaftServer$Division (LeaderStateImpl.java:checkStartIndex(314)) - Leader s2@group-8F97580789F2-LeaderStateImpl is ready since appliedIndex == startIndex == 257
2025-04-05 17:05:38,186 [s0@group-8F97580789F2-StateMachineUpdater] TRACE util.FileUtils (LogUtils.java:runAndLog(49)) - Successfully ran Atomic Files.move /home/runner/work/ratis/ratis/ratis-test/target/test/data/7d2f1e3c/MiniRaftClusterWithGrpc65d740a0/s0/278962cf-de14-401e-b053-8f97580789f2/current/raft-meta.conf.tmp to /home/runner/work/ratis/ratis/ratis-test/target/test/data/7d2f1e3c/MiniRaftClusterWithGrpc65d740a0/s0/278962cf-de14-401e-b053-8f97580789f2/current/raft-meta.conf with options [REPLACE_EXISTING]
2025-04-05 17:05:38,210 [grpc-default-executor-5] INFO  util.CodeInjectionForTesting (BlockRequestHandlingInjection.java:execute(84)) - s2: unBlock request from s0
2025-04-05 17:05:38,210 [grpc-default-executor-5] INFO  server.RaftServer$Division (RaftServerImpl.java:requestVote(1475)) - s2@group-8F97580789F2: receive requestVote(PRE_VOTE, s0, group-8F97580789F2, 1, (t:1, i:256))
2025-04-05 17:05:38,210 [grpc-default-executor-5] INFO  impl.VoteContext (VoteContext.java:log(49)) - s2@group-8F97580789F2-LEADER: reject PRE_VOTE from s0: this server is the leader and still has leadership
2025-04-05 17:05:38,211 [grpc-default-executor-5] INFO  server.RaftServer$Division (RaftServerImpl.java:requestVote(1509)) - s2@group-8F97580789F2 replies to PRE_VOTE vote request: s0<-s2#0:FAIL-t2. Peer's state: s2@group-8F97580789F2:t2, leader=s2, voted=s2, raftlog=Memoized:s2@group-8F97580789F2-SegmentedRaftLog:OPENED:c258:last(t:2, i:258), conf=conf: {index: 257, cur=peers:[s0|localhost:15012, s1|localhost:15016, s2|localhost:15020]|listeners:[], old=null}
2025-04-05 17:05:38,218 [grpc-default-executor-2] INFO  util.CodeInjectionForTesting (BlockRequestHandlingInjection.java:execute(84)) - s0: unBlock request from s2
2025-04-05 17:05:38,218 [grpc-default-executor-2] INFO  server.RaftServer$Division (RaftServerImpl.java:requestVote(1475)) - s0@group-8F97580789F2: receive requestVote(PRE_VOTE, s2, group-8F97580789F2, 1, (t:1, i:256))
2025-04-05 17:05:38,218 [grpc-default-executor-2] INFO  impl.VoteContext (VoteContext.java:log(49)) - s0@group-8F97580789F2-FOLLOWER: reject PRE_VOTE from s2: our last entry (t:2, i:258) > candidate's last entry (t:1, i:256)
2025-04-05 17:05:38,219 [grpc-default-executor-2] INFO  server.RaftServer$Division (RaftServerImpl.java:requestVote(1509)) - s0@group-8F97580789F2 replies to PRE_VOTE vote request: s2<-s0#0:FAIL-t2. Peer's state: s0@group-8F97580789F2:t2, leader=s2, voted=s2, raftlog=Memoized:s0@group-8F97580789F2-SegmentedRaftLog:OPENED:c257:last(t:2, i:258), conf=conf: {index: 257, cur=peers:[s0|localhost:15012, s1|localhost:15016, s2|localhost:15020]|listeners:[], old=null}
2025-04-05 17:05:38,237 [s1@group-8F97580789F2-FollowerState] INFO  impl.FollowerState (FollowerState.java:lostMajorityHeartbeatsRecently(113)) - s1@group-8F97580789F2-FollowerState: Skipping leader election since it stepped down recently (elapsed = 317ms < waitTime = 10s)
2025-04-05 17:05:38,325 [s4@group-8F97580789F2-FollowerState] INFO  impl.FollowerState (FollowerState.java:runImpl(161)) - s4@group-8F97580789F2-FollowerState: change to CANDIDATE, lastRpcElapsedTime:203455715ns, electionTimeout:203ms
2025-04-05 17:05:38,325 [s4@group-8F97580789F2-FollowerState] INFO  impl.RoleInfo (RoleInfo.java:shutdownFollowerState(121)) - s4: shutdown s4@group-8F97580789F2-FollowerState
2025-04-05 17:05:38,325 [s4@group-8F97580789F2-FollowerState] INFO  server.RaftServer$Division (RaftServerImpl.java:setRole(395)) - s4@group-8F97580789F2: changes role from  FOLLOWER to CANDIDATE at term 1 for changeToCandidate
2025-04-05 17:05:38,325 [s4@group-8F97580789F2-FollowerState] INFO  impl.RoleInfo (RoleInfo.java:updateAndGet(148)) - s4: start s4@group-8F97580789F2-LeaderElection8
2025-04-05 17:05:38,325 [s4@group-8F97580789F2-LeaderElection8] INFO  impl.LeaderElection (LeaderElection.java:askForVotes(332)) - s4@group-8F97580789F2-LeaderElection8 PRE_VOTE round 0: submit vote requests at term 1 for conf: {index: 257, cur=peers:[s3|0.0.0.0:15024, s4|0.0.0.0:15025, s0|localhost:15012, s1|localhost:15016, s2|localhost:15020]|listeners:[], old=peers:[s0|localhost:15012, s1|localhost:15016, s2|localhost:15020]|listeners:[]}
2025-04-05 17:05:38,327 [grpc-default-executor-12] INFO  server.RaftServer$Division (RaftServerImpl.java:requestVote(1475)) - s3@group-8F97580789F2: receive requestVote(PRE_VOTE, s4, group-8F97580789F2, 1, (t:1, i:257))
2025-04-05 17:05:38,327 [grpc-default-executor-8] INFO  server.RaftServer$Division (RaftServerImpl.java:requestVote(1475)) - s2@group-8F97580789F2: receive requestVote(PRE_VOTE, s4, group-8F97580789F2, 1, (t:1, i:257))
2025-04-05 17:05:38,327 [grpc-default-executor-8] INFO  impl.VoteContext (VoteContext.java:log(49)) - s2@group-8F97580789F2-LEADER: reject PRE_VOTE from s4: s4 is not in current conf [s0|localhost:15012, s1|localhost:15016, s2|localhost:15020]
2025-04-05 17:05:38,327 [grpc-default-executor-2] INFO  server.RaftServer$Division (RaftServerImpl.java:requestVote(1475)) - s0@group-8F97580789F2: receive requestVote(PRE_VOTE, s4, group-8F97580789F2, 1, (t:1, i:257))
2025-04-05 17:05:38,327 [grpc-default-executor-8] INFO  server.RaftServer$Division (RaftServerImpl.java:requestVote(1509)) - s2@group-8F97580789F2 replies to PRE_VOTE vote request: s4<-s2#0:FAIL-t2. Peer's state: s2@group-8F97580789F2:t2, leader=s2, voted=s2, raftlog=Memoized:s2@group-8F97580789F2-SegmentedRaftLog:OPENED:c258:last(t:2, i:258), conf=conf: {index: 257, cur=peers:[s0|localhost:15012, s1|localhost:15016, s2|localhost:15020]|listeners:[], old=null}
2025-04-05 17:05:38,327 [grpc-default-executor-5] INFO  util.CodeInjectionForTesting (BlockRequestHandlingInjection.java:execute(77)) - s1: Block request from s4
2025-04-05 17:05:38,327 [grpc-default-executor-12] INFO  impl.VoteContext (VoteContext.java:log(49)) - s3@group-8F97580789F2-FOLLOWER: accept PRE_VOTE from s4: our priority 0 <= candidate's priority 0
2025-04-05 17:05:38,328 [grpc-default-executor-12] INFO  server.RaftServer$Division (RaftServerImpl.java:requestVote(1509)) - s3@group-8F97580789F2 replies to PRE_VOTE vote request: s4<-s3#0:OK-t1. Peer's state: s3@group-8F97580789F2:t1, leader=null, voted=null, raftlog=Memoized:s3@group-8F97580789F2-SegmentedRaftLog:OPENED:c256:last(t:1, i:257), conf=conf: {index: 257, cur=peers:[s3|0.0.0.0:15024, s4|0.0.0.0:15025, s0|localhost:15012, s1|localhost:15016, s2|localhost:15020]|listeners:[], old=peers:[s0|localhost:15012, s1|localhost:15016, s2|localhost:15020]|listeners:[]}
2025-04-05 17:05:38,327 [grpc-default-executor-2] INFO  impl.VoteContext (VoteContext.java:log(49)) - s0@group-8F97580789F2-FOLLOWER: reject PRE_VOTE from s4: s4 is not in current conf [s0|localhost:15012, s1|localhost:15016, s2|localhost:15020]
2025-04-05 17:05:38,328 [grpc-default-executor-2] INFO  server.RaftServer$Division (RaftServerImpl.java:requestVote(1509)) - s0@group-8F97580789F2 replies to PRE_VOTE vote request: s4<-s0#0:FAIL-t2. Peer's state: s0@group-8F97580789F2:t2, leader=s2, voted=s2, raftlog=Memoized:s0@group-8F97580789F2-SegmentedRaftLog:OPENED:c258:last(t:2, i:258), conf=conf: {index: 257, cur=peers:[s0|localhost:15012, s1|localhost:15016, s2|localhost:15020]|listeners:[], old=null}
2025-04-05 17:05:38,328 [s4@group-8F97580789F2-LeaderElection8] INFO  impl.LeaderElection (LeaderElection.java:logAndReturn(90)) - s4@group-8F97580789F2-LeaderElection8: PRE_VOTE DISCOVERED_A_NEW_TERM (term=2) received 1 response(s) and 0 exception(s):
2025-04-05 17:05:38,328 [s4@group-8F97580789F2-LeaderElection8] INFO  impl.LeaderElection (LeaderElection.java:logAndReturn(94)) -   Response 0: s4<-s2#0:FAIL-t2
2025-04-05 17:05:38,328 [s4@group-8F97580789F2-LeaderElection8] INFO  impl.LeaderElection (LeaderElection.java:askForVotes(334)) - s4@group-8F97580789F2-LeaderElection8 PRE_VOTE round 0: result DISCOVERED_A_NEW_TERM (term=2)
2025-04-05 17:05:38,328 [s4@group-8F97580789F2-LeaderElection8] INFO  server.RaftServer$Division (RaftServerImpl.java:setRole(395)) - s4@group-8F97580789F2: changes role from CANDIDATE to FOLLOWER at term 1 for DISCOVERED_A_NEW_TERM (term=2)
2025-04-05 17:05:38,328 [s4@group-8F97580789F2-LeaderElection8] INFO  impl.RoleInfo (RoleInfo.java:shutdownLeaderElection(141)) - s4: shutdown s4@group-8F97580789F2-LeaderElection8
2025-04-05 17:05:38,328 [s4@group-8F97580789F2-LeaderElection8] INFO  impl.RoleInfo (RoleInfo.java:updateAndGet(148)) - s4: start s4@group-8F97580789F2-FollowerState
2025-04-05 17:05:38,329 [s4@group-8F97580789F2-LeaderElection8] TRACE util.FileUtils (LogUtils.java:supplyAndLog(69)) - Successfully supplied FileChannel.open /home/runner/work/ratis/ratis/ratis-test/target/test/data/7d2f1e3c/MiniRaftClusterWithGrpc65d740a0/s4/278962cf-de14-401e-b053-8f97580789f2/current/raft-meta.tmp with options [CREATE, TRUNCATE_EXISTING, WRITE]: sun.nio.ch.FileChannelImpl@7942455
2025-04-05 17:05:38,331 [s4@group-8F97580789F2-LeaderElection8] TRACE util.FileUtils (LogUtils.java:runAndLog(49)) - Successfully ran Atomic Files.move /home/runner/work/ratis/ratis/ratis-test/target/test/data/7d2f1e3c/MiniRaftClusterWithGrpc65d740a0/s4/278962cf-de14-401e-b053-8f97580789f2/current/raft-meta.tmp to /home/runner/work/ratis/ratis/ratis-test/target/test/data/7d2f1e3c/MiniRaftClusterWithGrpc65d740a0/s4/278962cf-de14-401e-b053-8f97580789f2/current/raft-meta with options [REPLACE_EXISTING]
2025-04-05 17:05:38,378 [main] INFO  ratis.RaftTestUtil (RaftTestUtil.java:waitForLeader(132)) - printing ALL groups
  s3:  RUNNING  FOLLOWER s3@group-8F97580789F2:t1, leader=null, voted=null, raftlog=Memoized:s3@group-8F97580789F2-SegmentedRaftLog:OPENED:c256:last(t:1, i:257), conf=conf: {index: 257, cur=peers:[s3|0.0.0.0:15024, s4|0.0.0.0:15025, s0|localhost:15012, s1|localhost:15016, s2|localhost:15020]|listeners:[], old=peers:[s0|localhost:15012, s1|localhost:15016, s2|localhost:15020]|listeners:[]} RUNNING
  s4:  RUNNING  FOLLOWER s4@group-8F97580789F2:t2, leader=null, voted=null, raftlog=Memoized:s4@group-8F97580789F2-SegmentedRaftLog:OPENED:c256:last(t:1, i:257), conf=conf: {index: 257, cur=peers:[s3|0.0.0.0:15024, s4|0.0.0.0:15025, s0|localhost:15012, s1|localhost:15016, s2|localhost:15020]|listeners:[], old=peers:[s0|localhost:15012, s1|localhost:15016, s2|localhost:15020]|listeners:[]} RUNNING
  s0:  RUNNING  FOLLOWER s0@group-8F97580789F2:t2, leader=s2, voted=s2, raftlog=Memoized:s0@group-8F97580789F2-SegmentedRaftLog:OPENED:c258:last(t:2, i:258), conf=conf: {index: 257, cur=peers:[s0|localhost:15012, s1|localhost:15016, s2|localhost:15020]|listeners:[], old=null} RUNNING
  s1:  RUNNING  FOLLOWER s1@group-8F97580789F2:t1, leader=null, voted=s1, raftlog=Memoized:s1@group-8F97580789F2-SegmentedRaftLog:OPENED:c256:last(t:1, i:257), conf=conf: {index: 257, cur=peers:[s3|0.0.0.0:15024, s4|0.0.0.0:15025, s0|localhost:15012, s1|localhost:15016, s2|localhost:15020]|listeners:[], old=peers:[s0|localhost:15012, s1|localhost:15016, s2|localhost:15020]|listeners:[]} RUNNING
  s2:  RUNNING    LEADER s2@group-8F97580789F2:t2, leader=s2, voted=s2, raftlog=Memoized:s2@group-8F97580789F2-SegmentedRaftLog:OPENED:c258:last(t:2, i:258), conf=conf: {index: 257, cur=peers:[s0|localhost:15012, s1|localhost:15016, s2|localhost:15020]|listeners:[], old=null} RUNNING
2025-04-05 17:05:38,382 [s2-server-thread1] INFO  server.RaftServer$Division (RaftServerImpl.java:setConfigurationAsync(1364)) - s2@group-8F97580789F2: receive setConfiguration SetConfigurationRequest:client-94A5D9157523->s2@group-8F97580789F2, cid=391, seq=null, RW, null, SET_UNCONDITIONALLY, servers:[s3|0.0.0.0:15024, s4|0.0.0.0:15025, s0|localhost:15012, s1|localhost:15016, s2|localhost:15020], listeners:[]
2025-04-05 17:05:38,382 [s2-server-thread1] INFO  server.RaftServer$Division (LeaderStateImpl.java:startSetConfiguration(488)) - s2@group-8F97580789F2-LeaderStateImpl: startSetConfiguration SetConfigurationRequest:client-94A5D9157523->s2@group-8F97580789F2, cid=391, seq=null, RW, null, SET_UNCONDITIONALLY, servers:[s3|0.0.0.0:15024, s4|0.0.0.0:15025, s0|localhost:15012, s1|localhost:15016, s2|localhost:15020], listeners:[]
2025-04-05 17:05:38,382 [s2-server-thread1] INFO  server.RaftServerConfigKeys (ConfUtils.java:logGet(62)) - raft.server.log.appender.snapshot.chunk.size.max = 1k (=1024) (custom)
2025-04-05 17:05:38,383 [s2-server-thread1] INFO  server.RaftServerConfigKeys (ConfUtils.java:logGet(62)) - raft.server.log.appender.snapshot.chunk.size.max = 1k (=1024) (custom)
2025-04-05 17:05:38,384 [s2@group-8F97580789F2->s3-GrpcLogAppender-LogAppenderDaemon] INFO  server.GrpcLogAppender (GrpcLogAppender.java:installSnapshot(776)) - s2@group-8F97580789F2->s3-GrpcLogAppender: followerNextIndex = 0 but logStartIndex = 0, send snapshot FileListSnapshotInfo(t:1, i:255):[/tmp/ratis-tests/statemachine/s2/snapshot/1_255/loves, /tmp/ratis-tests/statemachine/s2/snapshot/1_255/vegetable, /tmp/ratis-tests/statemachine/s2/snapshot/1_255/deer] to follower
2025-04-05 17:05:38,384 [s2@group-8F97580789F2->s3-GrpcLogAppender-LogAppenderDaemon] INFO  server.GrpcServerProtocolClient (GrpcServerProtocolClient.java:<init>(65)) - Build channel for s3|0.0.0.0:15024
2025-04-05 17:05:38,385 [s2@group-8F97580789F2->s4-GrpcLogAppender-LogAppenderDaemon] INFO  server.GrpcLogAppender (GrpcLogAppender.java:installSnapshot(776)) - s2@group-8F97580789F2->s4-GrpcLogAppender: followerNextIndex = 0 but logStartIndex = 0, send snapshot FileListSnapshotInfo(t:1, i:255):[/tmp/ratis-tests/statemachine/s2/snapshot/1_255/loves, /tmp/ratis-tests/statemachine/s2/snapshot/1_255/vegetable, /tmp/ratis-tests/statemachine/s2/snapshot/1_255/deer] to follower
2025-04-05 17:05:38,385 [s2@group-8F97580789F2->s4-GrpcLogAppender-LogAppenderDaemon] INFO  server.GrpcServerProtocolClient (GrpcServerProtocolClient.java:<init>(65)) - Build channel for s4|0.0.0.0:15025
2025-04-05 17:05:38,385 [s2@group-8F97580789F2->s4-GrpcLogAppender-LogAppenderDaemon] TRACE util.FileUtils (LogUtils.java:supplyAndLog(69)) - Successfully supplied Files.newInputStream /tmp/ratis-tests/statemachine/s2/snapshot/1_255/loves with options []: sun.nio.ch.ChannelInputStream@27465ea0
2025-04-05 17:05:38,386 [s2@group-8F97580789F2->s4-GrpcLogAppender-LogAppenderDaemon] TRACE util.FileUtils (LogUtils.java:supplyAndLog(69)) - Successfully supplied Files.newInputStream /tmp/ratis-tests/statemachine/s2/snapshot/1_255/vegetable with options []: sun.nio.ch.ChannelInputStream@2a480ee3
2025-04-05 17:05:38,386 [s2@group-8F97580789F2->s4-GrpcLogAppender-LogAppenderDaemon] TRACE util.FileUtils (LogUtils.java:supplyAndLog(69)) - Successfully supplied Files.newInputStream /tmp/ratis-tests/statemachine/s2/snapshot/1_255/deer with options []: sun.nio.ch.ChannelInputStream@162b58bd
2025-04-05 17:05:38,385 [s2@group-8F97580789F2->s3-GrpcLogAppender-LogAppenderDaemon] TRACE util.FileUtils (LogUtils.java:supplyAndLog(69)) - Successfully supplied Files.newInputStream /tmp/ratis-tests/statemachine/s2/snapshot/1_255/loves with options []: sun.nio.ch.ChannelInputStream@29f35db
2025-04-05 17:05:38,386 [s2@group-8F97580789F2->s3-GrpcLogAppender-LogAppenderDaemon] TRACE util.FileUtils (LogUtils.java:supplyAndLog(69)) - Successfully supplied Files.newInputStream /tmp/ratis-tests/statemachine/s2/snapshot/1_255/vegetable with options []: sun.nio.ch.ChannelInputStream@61d8a98c
2025-04-05 17:05:38,387 [s2@group-8F97580789F2->s3-GrpcLogAppender-LogAppenderDaemon] TRACE util.FileUtils (LogUtils.java:supplyAndLog(69)) - Successfully supplied Files.newInputStream /tmp/ratis-tests/statemachine/s2/snapshot/1_255/deer with options []: sun.nio.ch.ChannelInputStream@33d7d768
2025-04-05 17:05:38,390 [grpc-default-executor-2] INFO  server.RaftServer$Division (ServerState.java:setLeader(272)) - s4@group-8F97580789F2: change Leader from null to s2 at term 2 for installSnapshot, leader elected after 286ms
2025-04-05 17:05:38,390 [grpc-default-executor-13] TRACE util.FileUtils (LogUtils.java:supplyAndLog(69)) - Successfully supplied FileChannel.open /home/runner/work/ratis/ratis/ratis-test/target/test/data/7d2f1e3c/MiniRaftClusterWithGrpc65d740a0/s3/278962cf-de14-401e-b053-8f97580789f2/current/raft-meta.tmp with options [CREATE, TRUNCATE_EXISTING, WRITE]: sun.nio.ch.FileChannelImpl@2679f6b3
2025-04-05 17:05:38,390 [grpc-default-executor-2] INFO  impl.SnapshotInstallationHandler (SnapshotInstallationHandler.java:installSnapshotImpl(147)) - s4@group-8F97580789F2: set new configuration index: 257
configurationEntry {
  peers {
    id: "s0"
    address: "localhost:15012"
    dataStreamAddress: "localhost:15015"
    clientAddress: "localhost:15014"
    adminAddress: "localhost:15013"
    startupRole: FOLLOWER
  }
  peers {
    id: "s1"
    address: "localhost:15016"
    dataStreamAddress: "localhost:15019"
    clientAddress: "localhost:15018"
    adminAddress: "localhost:15017"
    startupRole: FOLLOWER
  }
  peers {
    id: "s2"
    address: "localhost:15020"
    dataStreamAddress: "localhost:15023"
    clientAddress: "localhost:15022"
    adminAddress: "localhost:15021"
    startupRole: FOLLOWER
  }
}
 from snapshot
2025-04-05 17:05:38,390 [grpc-default-executor-2] INFO  server.RaftServer$Division (ServerState.java:setRaftConf(386)) - s4@group-8F97580789F2: set configuration conf: {index: 257, cur=peers:[s0|localhost:15012, s1|localhost:15016, s2|localhost:15020]|listeners:[], old=null}
2025-04-05 17:05:38,391 [grpc-default-executor-2] TRACE util.FileUtils (LogUtils.java:supplyAndLog(69)) - Successfully supplied FileChannel.open /home/runner/work/ratis/ratis/ratis-test/target/test/data/7d2f1e3c/MiniRaftClusterWithGrpc65d740a0/s4/278962cf-de14-401e-b053-8f97580789f2/current/raft-meta.conf.tmp with options [CREATE, TRUNCATE_EXISTING, WRITE]: sun.nio.ch.FileChannelImpl@1e683899
2025-04-05 17:05:38,392 [grpc-default-executor-13] TRACE util.FileUtils (LogUtils.java:runAndLog(49)) - Successfully ran Atomic Files.move /home/runner/work/ratis/ratis/ratis-test/target/test/data/7d2f1e3c/MiniRaftClusterWithGrpc65d740a0/s3/278962cf-de14-401e-b053-8f97580789f2/current/raft-meta.tmp to /home/runner/work/ratis/ratis/ratis-test/target/test/data/7d2f1e3c/MiniRaftClusterWithGrpc65d740a0/s3/278962cf-de14-401e-b053-8f97580789f2/current/raft-meta with options [REPLACE_EXISTING]
2025-04-05 17:05:38,392 [grpc-default-executor-13] INFO  server.RaftServer$Division (ServerState.java:setLeader(272)) - s3@group-8F97580789F2: change Leader from null to s2 at term 2 for installSnapshot, leader elected after 293ms
2025-04-05 17:05:38,392 [grpc-default-executor-2] TRACE util.FileUtils (LogUtils.java:runAndLog(49)) - Successfully ran Atomic Files.move /home/runner/work/ratis/ratis/ratis-test/target/test/data/7d2f1e3c/MiniRaftClusterWithGrpc65d740a0/s4/278962cf-de14-401e-b053-8f97580789f2/current/raft-meta.conf.tmp to /home/runner/work/ratis/ratis/ratis-test/target/test/data/7d2f1e3c/MiniRaftClusterWithGrpc65d740a0/s4/278962cf-de14-401e-b053-8f97580789f2/current/raft-meta.conf with options [REPLACE_EXISTING]
2025-04-05 17:05:38,392 [grpc-default-executor-13] INFO  impl.SnapshotInstallationHandler (SnapshotInstallationHandler.java:installSnapshotImpl(147)) - s3@group-8F97580789F2: set new configuration index: 257
configurationEntry {
  peers {
    id: "s0"
    address: "localhost:15012"
    dataStreamAddress: "localhost:15015"
    clientAddress: "localhost:15014"
    adminAddress: "localhost:15013"
    startupRole: FOLLOWER
  }
  peers {
    id: "s1"
    address: "localhost:15016"
    dataStreamAddress: "localhost:15019"
    clientAddress: "localhost:15018"
    adminAddress: "localhost:15017"
    startupRole: FOLLOWER
  }
  peers {
    id: "s2"
    address: "localhost:15020"
    dataStreamAddress: "localhost:15023"
    clientAddress: "localhost:15022"
    adminAddress: "localhost:15021"
    startupRole: FOLLOWER
  }
}
 from snapshot
2025-04-05 17:05:38,392 [grpc-default-executor-13] INFO  server.RaftServer$Division (ServerState.java:setRaftConf(386)) - s3@group-8F97580789F2: set configuration conf: {index: 257, cur=peers:[s0|localhost:15012, s1|localhost:15016, s2|localhost:15020]|listeners:[], old=null}
2025-04-05 17:05:38,392 [grpc-default-executor-13] TRACE util.FileUtils (LogUtils.java:supplyAndLog(69)) - Successfully supplied FileChannel.open /home/runner/work/ratis/ratis/ratis-test/target/test/data/7d2f1e3c/MiniRaftClusterWithGrpc65d740a0/s3/278962cf-de14-401e-b053-8f97580789f2/current/raft-meta.conf.tmp with options [CREATE, TRUNCATE_EXISTING, WRITE]: sun.nio.ch.FileChannelImpl@224676a4
2025-04-05 17:05:38,393 [grpc-default-executor-12] INFO  server.GrpcLogAppender (GrpcLogAppender.java:onNext(681)) - s2@group-8F97580789F2->s4-InstallSnapshotResponseHandler: received the first reply s2<-s4#0:OK-t2,ALREADY_INSTALLED,requestIndex=0
2025-04-05 17:05:38,393 [grpc-default-executor-12] INFO  server.GrpcLogAppender (GrpcLogAppender.java:onNext(702)) - s2@group-8F97580789F2->s4-InstallSnapshotResponseHandler: Follower snapshot is already at index 0.
2025-04-05 17:05:38,393 [grpc-default-executor-12] INFO  leader.FollowerInfo (FollowerInfoImpl.java:info(64)) - s2@group-8F97580789F2->s4: matchIndex: setUnconditionally -1 -> 0
2025-04-05 17:05:38,393 [grpc-default-executor-12] INFO  leader.FollowerInfo (FollowerInfoImpl.java:info(64)) - s2@group-8F97580789F2->s4: nextIndex: setUnconditionally 0 -> 1
2025-04-05 17:05:38,393 [grpc-default-executor-12] INFO  leader.FollowerInfo (FollowerInfoImpl.java:setAttemptedToInstallSnapshot(154)) - Follower s2@group-8F97580789F2->s4 acknowledged installing snapshot
2025-04-05 17:05:38,393 [grpc-default-executor-12] INFO  server.GrpcLogAppender (GrpcLogAppender.java:increaseNextIndex(482)) - s2@group-8F97580789F2->s4-GrpcLogAppender: updateNextIndex 1 for ALREADY_INSTALLED
2025-04-05 17:05:38,393 [grpc-default-executor-2] INFO  impl.SnapshotInstallationHandler (SnapshotInstallationHandler.java:installSnapshotImpl(147)) - s4@group-8F97580789F2: set new configuration index: 257
configurationEntry {
  peers {
    id: "s0"
    address: "localhost:15012"
    dataStreamAddress: "localhost:15015"
    clientAddress: "localhost:15014"
    adminAddress: "localhost:15013"
    startupRole: FOLLOWER
  }
  peers {
    id: "s1"
    address: "localhost:15016"
    dataStreamAddress: "localhost:15019"
    clientAddress: "localhost:15018"
    adminAddress: "localhost:15017"
    startupRole: FOLLOWER
  }
  peers {
    id: "s2"
    address: "localhost:15020"
    dataStreamAddress: "localhost:15023"
    clientAddress: "localhost:15022"
    adminAddress: "localhost:15021"
    startupRole: FOLLOWER
  }
}
 from snapshot
2025-04-05 17:05:38,393 [grpc-default-executor-2] INFO  server.RaftServer$Division (ServerState.java:setRaftConf(386)) - s4@group-8F97580789F2: set configuration conf: {index: 257, cur=peers:[s0|localhost:15012, s1|localhost:15016, s2|localhost:15020]|listeners:[], old=null}
2025-04-05 17:05:38,394 [grpc-default-executor-2] TRACE util.FileUtils (LogUtils.java:supplyAndLog(69)) - Successfully supplied FileChannel.open /home/runner/work/ratis/ratis/ratis-test/target/test/data/7d2f1e3c/MiniRaftClusterWithGrpc65d740a0/s4/278962cf-de14-401e-b053-8f97580789f2/current/raft-meta.conf.tmp with options [CREATE, TRUNCATE_EXISTING, WRITE]: sun.nio.ch.FileChannelImpl@10a55256
2025-04-05 17:05:38,395 [grpc-default-executor-2] TRACE util.FileUtils (LogUtils.java:runAndLog(49)) - Successfully ran Atomic Files.move /home/runner/work/ratis/ratis/ratis-test/target/test/data/7d2f1e3c/MiniRaftClusterWithGrpc65d740a0/s4/278962cf-de14-401e-b053-8f97580789f2/current/raft-meta.conf.tmp to /home/runner/work/ratis/ratis/ratis-test/target/test/data/7d2f1e3c/MiniRaftClusterWithGrpc65d740a0/s4/278962cf-de14-401e-b053-8f97580789f2/current/raft-meta.conf with options [REPLACE_EXISTING]
2025-04-05 17:05:38,395 [grpc-default-executor-13] TRACE util.FileUtils (LogUtils.java:runAndLog(49)) - Successfully ran Atomic Files.move /home/runner/work/ratis/ratis/ratis-test/target/test/data/7d2f1e3c/MiniRaftClusterWithGrpc65d740a0/s3/278962cf-de14-401e-b053-8f97580789f2/current/raft-meta.conf.tmp to /home/runner/work/ratis/ratis/ratis-test/target/test/data/7d2f1e3c/MiniRaftClusterWithGrpc65d740a0/s3/278962cf-de14-401e-b053-8f97580789f2/current/raft-meta.conf with options [REPLACE_EXISTING]
2025-04-05 17:05:38,396 [grpc-default-executor-2] INFO  impl.SnapshotInstallationHandler (SnapshotInstallationHandler.java:installSnapshotImpl(147)) - s4@group-8F97580789F2: set new configuration index: 257
configurationEntry {
  peers {
    id: "s0"
    address: "localhost:15012"
    dataStreamAddress: "localhost:15015"
    clientAddress: "localhost:15014"
    adminAddress: "localhost:15013"
    startupRole: FOLLOWER
  }
  peers {
    id: "s1"
    address: "localhost:15016"
    dataStreamAddress: "localhost:15019"
    clientAddress: "localhost:15018"
    adminAddress: "localhost:15017"
    startupRole: FOLLOWER
  }
  peers {
    id: "s2"
    address: "localhost:15020"
    dataStreamAddress: "localhost:15023"
    clientAddress: "localhost:15022"
    adminAddress: "localhost:15021"
    startupRole: FOLLOWER
  }
}
 from snapshot
2025-04-05 17:05:38,396 [grpc-default-executor-12] INFO  server.GrpcLogAppender (GrpcLogAppender.java:onNext(681)) - s2@group-8F97580789F2->s4-InstallSnapshotResponseHandler: received a reply s2<-s4#0:OK-t2,ALREADY_INSTALLED,requestIndex=1
2025-04-05 17:05:38,396 [grpc-default-executor-2] INFO  server.RaftServer$Division (ServerState.java:setRaftConf(386)) - s4@group-8F97580789F2: set configuration conf: {index: 257, cur=peers:[s0|localhost:15012, s1|localhost:15016, s2|localhost:15020]|listeners:[], old=null}
2025-04-05 17:05:38,396 [grpc-default-executor-8] INFO  server.GrpcLogAppender (GrpcLogAppender.java:onNext(681)) - s2@group-8F97580789F2->s3-InstallSnapshotResponseHandler: received the first reply s2<-s3#0:OK-t1,ALREADY_INSTALLED,requestIndex=0
2025-04-05 17:05:38,396 [grpc-default-executor-13] INFO  impl.SnapshotInstallationHandler (SnapshotInstallationHandler.java:installSnapshotImpl(147)) - s3@group-8F97580789F2: set new configuration index: 257
configurationEntry {
  peers {
    id: "s0"
    address: "localhost:15012"
    dataStreamAddress: "localhost:15015"
    clientAddress: "localhost:15014"
    adminAddress: "localhost:15013"
    startupRole: FOLLOWER
  }
  peers {
    id: "s1"
    address: "localhost:15016"
    dataStreamAddress: "localhost:15019"
    clientAddress: "localhost:15018"
    adminAddress: "localhost:15017"
    startupRole: FOLLOWER
  }
  peers {
    id: "s2"
    address: "localhost:15020"
    dataStreamAddress: "localhost:15023"
    clientAddress: "localhost:15022"
    adminAddress: "localhost:15021"
    startupRole: FOLLOWER
  }
}
 from snapshot
2025-04-05 17:05:38,396 [grpc-default-executor-12] INFO  server.GrpcLogAppender (GrpcLogAppender.java:onNext(702)) - s2@group-8F97580789F2->s4-InstallSnapshotResponseHandler: Follower snapshot is already at index 0.
2025-04-05 17:05:38,396 [grpc-default-executor-8] INFO  server.GrpcLogAppender (GrpcLogAppender.java:onNext(702)) - s2@group-8F97580789F2->s3-InstallSnapshotResponseHandler: Follower snapshot is already at index 0.
2025-04-05 17:05:38,396 [grpc-default-executor-2] TRACE util.FileUtils (LogUtils.java:supplyAndLog(69)) - Successfully supplied FileChannel.open /home/runner/work/ratis/ratis/ratis-test/target/test/data/7d2f1e3c/MiniRaftClusterWithGrpc65d740a0/s4/278962cf-de14-401e-b053-8f97580789f2/current/raft-meta.conf.tmp with options [CREATE, TRUNCATE_EXISTING, WRITE]: sun.nio.ch.FileChannelImpl@359f8c7
2025-04-05 17:05:38,397 [grpc-default-executor-12] INFO  leader.FollowerInfo (FollowerInfoImpl.java:setAttemptedToInstallSnapshot(154)) - Follower s2@group-8F97580789F2->s4 acknowledged installing snapshot
2025-04-05 17:05:38,397 [grpc-default-executor-12] INFO  server.GrpcLogAppender (GrpcLogAppender.java:increaseNextIndex(482)) - s2@group-8F97580789F2->s4-GrpcLogAppender: updateNextIndex 1 for ALREADY_INSTALLED
2025-04-05 17:05:38,397 [grpc-default-executor-8] INFO  leader.FollowerInfo (FollowerInfoImpl.java:info(64)) - s2@group-8F97580789F2->s3: matchIndex: setUnconditionally -1 -> 0
2025-04-05 17:05:38,397 [grpc-default-executor-8] INFO  leader.FollowerInfo (FollowerInfoImpl.java:info(64)) - s2@group-8F97580789F2->s3: nextIndex: setUnconditionally 0 -> 1
2025-04-05 17:05:38,397 [grpc-default-executor-8] INFO  leader.FollowerInfo (FollowerInfoImpl.java:setAttemptedToInstallSnapshot(154)) - Follower s2@group-8F97580789F2->s3 acknowledged installing snapshot
2025-04-05 17:05:38,398 [grpc-default-executor-8] INFO  server.GrpcLogAppender (GrpcLogAppender.java:increaseNextIndex(482)) - s2@group-8F97580789F2->s3-GrpcLogAppender: updateNextIndex 1 for ALREADY_INSTALLED
2025-04-05 17:05:38,396 [grpc-default-executor-13] INFO  server.RaftServer$Division (ServerState.java:setRaftConf(386)) - s3@group-8F97580789F2: set configuration conf: {index: 257, cur=peers:[s0|localhost:15012, s1|localhost:15016, s2|localhost:15020]|listeners:[], old=null}
2025-04-05 17:05:38,398 [grpc-default-executor-13] TRACE util.FileUtils (LogUtils.java:supplyAndLog(69)) - Successfully supplied FileChannel.open /home/runner/work/ratis/ratis/ratis-test/target/test/data/7d2f1e3c/MiniRaftClusterWithGrpc65d740a0/s3/278962cf-de14-401e-b053-8f97580789f2/current/raft-meta.conf.tmp with options [CREATE, TRUNCATE_EXISTING, WRITE]: sun.nio.ch.FileChannelImpl@3f4c1d09
2025-04-05 17:05:38,398 [grpc-default-executor-2] TRACE util.FileUtils (LogUtils.java:runAndLog(49)) - Successfully ran Atomic Files.move /home/runner/work/ratis/ratis/ratis-test/target/test/data/7d2f1e3c/MiniRaftClusterWithGrpc65d740a0/s4/278962cf-de14-401e-b053-8f97580789f2/current/raft-meta.conf.tmp to /home/runner/work/ratis/ratis/ratis-test/target/test/data/7d2f1e3c/MiniRaftClusterWithGrpc65d740a0/s4/278962cf-de14-401e-b053-8f97580789f2/current/raft-meta.conf with options [REPLACE_EXISTING]
2025-04-05 17:05:38,399 [grpc-default-executor-8] INFO  server.GrpcLogAppender (GrpcLogAppender.java:onNext(681)) - s2@group-8F97580789F2->s4-InstallSnapshotResponseHandler: received a reply s2<-s4#0:OK-t2,ALREADY_INSTALLED,requestIndex=2
2025-04-05 17:05:38,399 [grpc-default-executor-8] INFO  server.GrpcLogAppender (GrpcLogAppender.java:onNext(702)) - s2@group-8F97580789F2->s4-InstallSnapshotResponseHandler: Follower snapshot is already at index 0.
2025-04-05 17:05:38,399 [grpc-default-executor-8] INFO  leader.FollowerInfo (FollowerInfoImpl.java:setAttemptedToInstallSnapshot(154)) - Follower s2@group-8F97580789F2->s4 acknowledged installing snapshot
2025-04-05 17:05:38,399 [grpc-default-executor-8] INFO  server.GrpcLogAppender (GrpcLogAppender.java:increaseNextIndex(482)) - s2@group-8F97580789F2->s4-GrpcLogAppender: updateNextIndex 1 for ALREADY_INSTALLED
2025-04-05 17:05:38,399 [grpc-default-executor-8] INFO  server.GrpcLogAppender (GrpcLogAppender.java:onCompleted(759)) - s2@group-8F97580789F2->s4-InstallSnapshotResponseHandler: follower responded installSnapshot COMPLETED
2025-04-05 17:05:38,399 [grpc-default-executor-13] TRACE util.FileUtils (LogUtils.java:runAndLog(49)) - Successfully ran Atomic Files.move /home/runner/work/ratis/ratis/ratis-test/target/test/data/7d2f1e3c/MiniRaftClusterWithGrpc65d740a0/s3/278962cf-de14-401e-b053-8f97580789f2/current/raft-meta.conf.tmp to /home/runner/work/ratis/ratis/ratis-test/target/test/data/7d2f1e3c/MiniRaftClusterWithGrpc65d740a0/s3/278962cf-de14-401e-b053-8f97580789f2/current/raft-meta.conf with options [REPLACE_EXISTING]
2025-04-05 17:05:38,399 [s2@group-8F97580789F2->s4-GrpcLogAppender-LogAppenderDaemon] INFO  leader.FollowerInfo (FollowerInfoImpl.java:info(64)) - s2@group-8F97580789F2->s4: snapshotIndex: setUnconditionally 0 -> 255
2025-04-05 17:05:38,400 [s2@group-8F97580789F2->s4-GrpcLogAppender-LogAppenderDaemon] INFO  leader.FollowerInfo (FollowerInfoImpl.java:info(64)) - s2@group-8F97580789F2->s4: matchIndex: setUnconditionally 0 -> 255
2025-04-05 17:05:38,400 [s2@group-8F97580789F2->s4-GrpcLogAppender-LogAppenderDaemon] INFO  leader.FollowerInfo (FollowerInfoImpl.java:info(64)) - s2@group-8F97580789F2->s4: nextIndex: setUnconditionally 1 -> 256
2025-04-05 17:05:38,400 [s2@group-8F97580789F2->s4-GrpcLogAppender-LogAppenderDaemon] INFO  server.GrpcLogAppender (GrpcLogAppender.java:installSnapshot(808)) - s2@group-8F97580789F2->s4-GrpcLogAppender: installed snapshot FileListSnapshotInfo(t:1, i:255):[/tmp/ratis-tests/statemachine/s2/snapshot/1_255/loves, /tmp/ratis-tests/statemachine/s2/snapshot/1_255/vegetable, /tmp/ratis-tests/statemachine/s2/snapshot/1_255/deer] successfully
2025-04-05 17:05:38,400 [grpc-default-executor-8] INFO  server.GrpcLogAppender (GrpcLogAppender.java:onNext(681)) - s2@group-8F97580789F2->s3-InstallSnapshotResponseHandler: received a reply s2<-s3#0:OK-t2,ALREADY_INSTALLED,requestIndex=1
2025-04-05 17:05:38,400 [grpc-default-executor-8] INFO  server.GrpcLogAppender (GrpcLogAppender.java:onNext(702)) - s2@group-8F97580789F2->s3-InstallSnapshotResponseHandler: Follower snapshot is already at index 0.
2025-04-05 17:05:38,400 [grpc-default-executor-8] INFO  leader.FollowerInfo (FollowerInfoImpl.java:setAttemptedToInstallSnapshot(154)) - Follower s2@group-8F97580789F2->s3 acknowledged installing snapshot
2025-04-05 17:05:38,400 [grpc-default-executor-8] INFO  server.GrpcLogAppender (GrpcLogAppender.java:increaseNextIndex(482)) - s2@group-8F97580789F2->s3-GrpcLogAppender: updateNextIndex 1 for ALREADY_INSTALLED
2025-04-05 17:05:38,401 [grpc-default-executor-13] INFO  impl.SnapshotInstallationHandler (SnapshotInstallationHandler.java:installSnapshotImpl(147)) - s3@group-8F97580789F2: set new configuration index: 257
configurationEntry {
  peers {
    id: "s0"
    address: "localhost:15012"
    dataStreamAddress: "localhost:15015"
    clientAddress: "localhost:15014"
    adminAddress: "localhost:15013"
    startupRole: FOLLOWER
  }
  peers {
    id: "s1"
    address: "localhost:15016"
    dataStreamAddress: "localhost:15019"
    clientAddress: "localhost:15018"
    adminAddress: "localhost:15017"
    startupRole: FOLLOWER
  }
  peers {
    id: "s2"
    address: "localhost:15020"
    dataStreamAddress: "localhost:15023"
    clientAddress: "localhost:15022"
    adminAddress: "localhost:15021"
    startupRole: FOLLOWER
  }
}
 from snapshot
2025-04-05 17:05:38,401 [grpc-default-executor-13] INFO  server.RaftServer$Division (ServerState.java:setRaftConf(386)) - s3@group-8F97580789F2: set configuration conf: {index: 257, cur=peers:[s0|localhost:15012, s1|localhost:15016, s2|localhost:15020]|listeners:[], old=null}
2025-04-05 17:05:38,401 [grpc-default-executor-13] TRACE util.FileUtils (LogUtils.java:supplyAndLog(69)) - Successfully supplied FileChannel.open /home/runner/work/ratis/ratis/ratis-test/target/test/data/7d2f1e3c/MiniRaftClusterWithGrpc65d740a0/s3/278962cf-de14-401e-b053-8f97580789f2/current/raft-meta.conf.tmp with options [CREATE, TRUNCATE_EXISTING, WRITE]: sun.nio.ch.FileChannelImpl@478b0702
2025-04-05 17:05:38,402 [grpc-default-executor-13] TRACE util.FileUtils (LogUtils.java:runAndLog(49)) - Successfully ran Atomic Files.move /home/runner/work/ratis/ratis/ratis-test/target/test/data/7d2f1e3c/MiniRaftClusterWithGrpc65d740a0/s3/278962cf-de14-401e-b053-8f97580789f2/current/raft-meta.conf.tmp to /home/runner/work/ratis/ratis/ratis-test/target/test/data/7d2f1e3c/MiniRaftClusterWithGrpc65d740a0/s3/278962cf-de14-401e-b053-8f97580789f2/current/raft-meta.conf with options [REPLACE_EXISTING]
2025-04-05 17:05:38,403 [grpc-default-executor-13] INFO  server.GrpcLogAppender (GrpcLogAppender.java:onNext(681)) - s2@group-8F97580789F2->s3-InstallSnapshotResponseHandler: received a reply s2<-s3#0:OK-t2,ALREADY_INSTALLED,requestIndex=2
2025-04-05 17:05:38,404 [grpc-default-executor-13] INFO  server.GrpcLogAppender (GrpcLogAppender.java:onNext(702)) - s2@group-8F97580789F2->s3-InstallSnapshotResponseHandler: Follower snapshot is already at index 0.
2025-04-05 17:05:38,404 [grpc-default-executor-13] INFO  leader.FollowerInfo (FollowerInfoImpl.java:setAttemptedToInstallSnapshot(154)) - Follower s2@group-8F97580789F2->s3 acknowledged installing snapshot
2025-04-05 17:05:38,404 [grpc-default-executor-13] INFO  server.GrpcLogAppender (GrpcLogAppender.java:increaseNextIndex(482)) - s2@group-8F97580789F2->s3-GrpcLogAppender: updateNextIndex 1 for ALREADY_INSTALLED
2025-04-05 17:05:38,404 [grpc-default-executor-13] INFO  server.GrpcLogAppender (GrpcLogAppender.java:onCompleted(759)) - s2@group-8F97580789F2->s3-InstallSnapshotResponseHandler: follower responded installSnapshot COMPLETED
2025-04-05 17:05:38,404 [s2@group-8F97580789F2->s3-GrpcLogAppender-LogAppenderDaemon] INFO  leader.FollowerInfo (FollowerInfoImpl.java:info(64)) - s2@group-8F97580789F2->s3: snapshotIndex: setUnconditionally 0 -> 255
2025-04-05 17:05:38,404 [s2@group-8F97580789F2->s3-GrpcLogAppender-LogAppenderDaemon] INFO  leader.FollowerInfo (FollowerInfoImpl.java:info(64)) - s2@group-8F97580789F2->s3: matchIndex: setUnconditionally 0 -> 255
2025-04-05 17:05:38,404 [s2@group-8F97580789F2->s3-GrpcLogAppender-LogAppenderDaemon] INFO  leader.FollowerInfo (FollowerInfoImpl.java:info(64)) - s2@group-8F97580789F2->s3: nextIndex: setUnconditionally 1 -> 256
2025-04-05 17:05:38,404 [s2@group-8F97580789F2->s3-GrpcLogAppender-LogAppenderDaemon] INFO  server.GrpcLogAppender (GrpcLogAppender.java:installSnapshot(808)) - s2@group-8F97580789F2->s3-GrpcLogAppender: installed snapshot FileListSnapshotInfo(t:1, i:255):[/tmp/ratis-tests/statemachine/s2/snapshot/1_255/loves, /tmp/ratis-tests/statemachine/s2/snapshot/1_255/vegetable, /tmp/ratis-tests/statemachine/s2/snapshot/1_255/deer] successfully
2025-04-05 17:05:38,405 [grpc-default-executor-13] INFO  server.RaftServer$Division (RaftServerImpl.java:checkInconsistentAppendEntries(1725)) - s4@group-8F97580789F2: Failed appendEntries as the first entry (index 256) already exists (snapshotIndex: 255, commitIndex: 256)
2025-04-05 17:05:38,405 [grpc-default-executor-13] INFO  server.RaftServer$Division (RaftServerImpl.java:appendEntriesAsync(1652)) - s4@group-8F97580789F2: appendEntries* reply s2<-s4#1:FAIL-t2,INCONSISTENCY,nextIndex=257,followerCommit=256,matchIndex=-1
2025-04-05 17:05:38,408 [grpc-default-executor-13] INFO  server.RaftServer$Division (RaftServerImpl.java:checkInconsistentAppendEntries(1725)) - s3@group-8F97580789F2: Failed appendEntries as the first entry (index 256) already exists (snapshotIndex: 255, commitIndex: 256)
2025-04-05 17:05:38,408 [grpc-default-executor-13] INFO  server.RaftServer$Division (RaftServerImpl.java:appendEntriesAsync(1652)) - s3@group-8F97580789F2: appendEntries* reply s2<-s3#1:FAIL-t2,INCONSISTENCY,nextIndex=257,followerCommit=256,matchIndex=-1
2025-04-05 17:05:38,409 [grpc-default-executor-13] WARN  server.GrpcLogAppender (GrpcLogAppender.java:lambda$onNextImpl$0(545)) - s2@group-8F97580789F2->s3-AppendLogResponseHandler: received INCONSISTENCY reply with nextIndex 257, errorCount=1, request=AppendEntriesRequest:cid=1,entriesCount=3,entries=(t:1, i:256)...(t:2, i:258) 
2025-04-05 17:05:38,409 [grpc-default-executor-2] WARN  server.GrpcLogAppender (GrpcLogAppender.java:lambda$onNextImpl$0(545)) - s2@group-8F97580789F2->s4-AppendLogResponseHandler: received INCONSISTENCY reply with nextIndex 257, errorCount=1, request=AppendEntriesRequest:cid=1,entriesCount=3,entries=(t:1, i:256)...(t:2, i:258) 
2025-04-05 17:05:38,410 [grpc-default-executor-2] INFO  leader.FollowerInfo (FollowerInfoImpl.java:info(70)) - s2@group-8F97580789F2->s4: setNextIndex nextIndex: updateUnconditionally 259 -> 257
2025-04-05 17:05:38,410 [grpc-default-executor-13] INFO  leader.FollowerInfo (FollowerInfoImpl.java:info(70)) - s2@group-8F97580789F2->s3: setNextIndex nextIndex: updateUnconditionally 259 -> 257
2025-04-05 17:05:38,411 [grpc-default-executor-13] INFO  server.RaftServer$Division (ServerState.java:setRaftConf(386)) - s4@group-8F97580789F2: set configuration conf: {index: 257, cur=peers:[s0|localhost:15012, s1|localhost:15016, s2|localhost:15020]|listeners:[], old=null}
2025-04-05 17:05:38,411 [grpc-default-executor-2] INFO  server.RaftServer$Division (ServerState.java:setRaftConf(386)) - s3@group-8F97580789F2: set configuration conf: {index: 257, cur=peers:[s0|localhost:15012, s1|localhost:15016, s2|localhost:15020]|listeners:[], old=null}
2025-04-05 17:05:38,413 [grpc-default-executor-2] INFO  segmented.SegmentedRaftLogWorker (SegmentedRaftLogWorker.java:truncate(462)) - s3@group-8F97580789F2-SegmentedRaftLogWorker: Truncating segments truncate(257)
  toTruncate: (256, 257) isOpen? true, length=23, newEndIndex=256
    toDelete: [], start index 257
2025-04-05 17:05:38,413 [grpc-default-executor-13] INFO  segmented.SegmentedRaftLogWorker (SegmentedRaftLogWorker.java:truncate(462)) - s4@group-8F97580789F2-SegmentedRaftLogWorker: Truncating segments truncate(257)
  toTruncate: (256, 257) isOpen? true, length=23, newEndIndex=256
    toDelete: [], start index 257
2025-04-05 17:05:38,414 [grpc-default-executor-13] INFO  segmented.SegmentedRaftLogWorker (SegmentedRaftLogWorker.java:startLogSegment(445)) - s4@group-8F97580789F2-SegmentedRaftLogWorker: Starting segment from index:257
2025-04-05 17:05:38,415 [grpc-default-executor-2] INFO  segmented.SegmentedRaftLogWorker (SegmentedRaftLogWorker.java:startLogSegment(445)) - s3@group-8F97580789F2-SegmentedRaftLogWorker: Starting segment from index:257
2025-04-05 17:05:38,416 [s4@group-8F97580789F2-SegmentedRaftLogWorker] TRACE util.FileUtils (LogUtils.java:runAndLog(49)) - Successfully ran FileChannel.truncate /home/runner/work/ratis/ratis/ratis-test/target/test/data/7d2f1e3c/MiniRaftClusterWithGrpc65d740a0/s4/278962cf-de14-401e-b053-8f97580789f2/current/log_inprogress_256 length: 599 -> 23
2025-04-05 17:05:38,417 [s4@group-8F97580789F2-SegmentedRaftLogWorker] TRACE util.FileUtils (LogUtils.java:runAndLog(49)) - Successfully ran Atomic Files.move /home/runner/work/ratis/ratis/ratis-test/target/test/data/7d2f1e3c/MiniRaftClusterWithGrpc65d740a0/s4/278962cf-de14-401e-b053-8f97580789f2/current/log_inprogress_256 to /home/runner/work/ratis/ratis/ratis-test/target/test/data/7d2f1e3c/MiniRaftClusterWithGrpc65d740a0/s4/278962cf-de14-401e-b053-8f97580789f2/current/log_256-256
2025-04-05 17:05:38,417 [s4@group-8F97580789F2-SegmentedRaftLogWorker] INFO  segmented.SegmentedRaftLogWorker (SegmentedRaftLogWorker.java:execute(724)) - s4@group-8F97580789F2-SegmentedRaftLogWorker: Truncated log file /home/runner/work/ratis/ratis/ratis-test/target/test/data/7d2f1e3c/MiniRaftClusterWithGrpc65d740a0/s4/278962cf-de14-401e-b053-8f97580789f2/current/log_inprogress_256 to length 23 and moved it to /home/runner/work/ratis/ratis/ratis-test/target/test/data/7d2f1e3c/MiniRaftClusterWithGrpc65d740a0/s4/278962cf-de14-401e-b053-8f97580789f2/current/log_256-256
2025-04-05 17:05:38,417 [s4@group-8F97580789F2-SegmentedRaftLogWorker] INFO  segmented.SegmentedRaftLogWorker (SegmentedRaftLogWorker.java:lambda$new$0(142)) - s4@group-8F97580789F2-SegmentedRaftLogWorker: flushIndex: setUnconditionally 257 -> 256
2025-04-05 17:05:38,417 [s4@group-8F97580789F2-SegmentedRaftLogWorker] INFO  segmented.SegmentedRaftLogWorker (SegmentedRaftLogWorker.java:lambda$new$0(142)) - s4@group-8F97580789F2-SegmentedRaftLogWorker: safeCacheEvictIndex: setUnconditionally 255 -> 256
2025-04-05 17:05:38,417 [s4@group-8F97580789F2-SegmentedRaftLogWorker] INFO  segmented.BufferedWriteChannel (BufferedWriteChannel.java:open(61)) - open log_inprogress_257 at position 0
2025-04-05 17:05:38,416 [s3@group-8F97580789F2-SegmentedRaftLogWorker] TRACE util.FileUtils (LogUtils.java:runAndLog(49)) - Successfully ran FileChannel.truncate /home/runner/work/ratis/ratis/ratis-test/target/test/data/7d2f1e3c/MiniRaftClusterWithGrpc65d740a0/s3/278962cf-de14-401e-b053-8f97580789f2/current/log_inprogress_256 length: 599 -> 23
2025-04-05 17:05:38,418 [s3@group-8F97580789F2-SegmentedRaftLogWorker] TRACE util.FileUtils (LogUtils.java:runAndLog(49)) - Successfully ran Atomic Files.move /home/runner/work/ratis/ratis/ratis-test/target/test/data/7d2f1e3c/MiniRaftClusterWithGrpc65d740a0/s3/278962cf-de14-401e-b053-8f97580789f2/current/log_inprogress_256 to /home/runner/work/ratis/ratis/ratis-test/target/test/data/7d2f1e3c/MiniRaftClusterWithGrpc65d740a0/s3/278962cf-de14-401e-b053-8f97580789f2/current/log_256-256
2025-04-05 17:05:38,418 [s3@group-8F97580789F2-SegmentedRaftLogWorker] INFO  segmented.SegmentedRaftLogWorker (SegmentedRaftLogWorker.java:execute(724)) - s3@group-8F97580789F2-SegmentedRaftLogWorker: Truncated log file /home/runner/work/ratis/ratis/ratis-test/target/test/data/7d2f1e3c/MiniRaftClusterWithGrpc65d740a0/s3/278962cf-de14-401e-b053-8f97580789f2/current/log_inprogress_256 to length 23 and moved it to /home/runner/work/ratis/ratis/ratis-test/target/test/data/7d2f1e3c/MiniRaftClusterWithGrpc65d740a0/s3/278962cf-de14-401e-b053-8f97580789f2/current/log_256-256
2025-04-05 17:05:38,418 [s3@group-8F97580789F2-SegmentedRaftLogWorker] INFO  segmented.SegmentedRaftLogWorker (SegmentedRaftLogWorker.java:lambda$new$0(142)) - s3@group-8F97580789F2-SegmentedRaftLogWorker: flushIndex: setUnconditionally 257 -> 256
2025-04-05 17:05:38,418 [s3@group-8F97580789F2-SegmentedRaftLogWorker] INFO  segmented.SegmentedRaftLogWorker (SegmentedRaftLogWorker.java:lambda$new$0(142)) - s3@group-8F97580789F2-SegmentedRaftLogWorker: safeCacheEvictIndex: setUnconditionally 255 -> 256
2025-04-05 17:05:38,418 [s3@group-8F97580789F2-SegmentedRaftLogWorker] INFO  segmented.BufferedWriteChannel (BufferedWriteChannel.java:open(61)) - open log_inprogress_257 at position 0
2025-04-05 17:05:38,431 [s3@group-8F97580789F2-SegmentedRaftLogWorker] INFO  segmented.SegmentedRaftLogWorker (SegmentedRaftLogWorker.java:execute(669)) - s3@group-8F97580789F2-SegmentedRaftLogWorker: created new log segment /home/runner/work/ratis/ratis/ratis-test/target/test/data/7d2f1e3c/MiniRaftClusterWithGrpc65d740a0/s3/278962cf-de14-401e-b053-8f97580789f2/current/log_inprogress_257
2025-04-05 17:05:38,432 [s3@group-8F97580789F2-StateMachineUpdater] TRACE util.FileUtils (LogUtils.java:supplyAndLog(69)) - Successfully supplied FileChannel.open /home/runner/work/ratis/ratis/ratis-test/target/test/data/7d2f1e3c/MiniRaftClusterWithGrpc65d740a0/s3/278962cf-de14-401e-b053-8f97580789f2/current/raft-meta.conf.tmp with options [CREATE, TRUNCATE_EXISTING, WRITE]: sun.nio.ch.FileChannelImpl@4cb2c8b3
2025-04-05 17:05:38,432 [s4@group-8F97580789F2-SegmentedRaftLogWorker] INFO  segmented.SegmentedRaftLogWorker (SegmentedRaftLogWorker.java:execute(669)) - s4@group-8F97580789F2-SegmentedRaftLogWorker: created new log segment /home/runner/work/ratis/ratis/ratis-test/target/test/data/7d2f1e3c/MiniRaftClusterWithGrpc65d740a0/s4/278962cf-de14-401e-b053-8f97580789f2/current/log_inprogress_257
2025-04-05 17:05:38,432 [s4@group-8F97580789F2-StateMachineUpdater] TRACE util.FileUtils (LogUtils.java:supplyAndLog(69)) - Successfully supplied FileChannel.open /home/runner/work/ratis/ratis/ratis-test/target/test/data/7d2f1e3c/MiniRaftClusterWithGrpc65d740a0/s4/278962cf-de14-401e-b053-8f97580789f2/current/raft-meta.conf.tmp with options [CREATE, TRUNCATE_EXISTING, WRITE]: sun.nio.ch.FileChannelImpl@41d8b942
2025-04-05 17:05:38,433 [s2@group-8F97580789F2-LeaderStateImpl] INFO  server.RaftServer$Division (ServerState.java:setRaftConf(386)) - s2@group-8F97580789F2: set configuration conf: {index: 259, cur=peers:[s3|0.0.0.0:15024, s4|0.0.0.0:15025, s0|localhost:15012, s1|localhost:15016, s2|localhost:15020]|listeners:[], old=peers:[s0|localhost:15012, s1|localhost:15016, s2|localhost:15020]|listeners:[]}
2025-04-05 17:05:38,434 [s3@group-8F97580789F2-StateMachineUpdater] TRACE util.FileUtils (LogUtils.java:runAndLog(49)) - Successfully ran Atomic Files.move /home/runner/work/ratis/ratis/ratis-test/target/test/data/7d2f1e3c/MiniRaftClusterWithGrpc65d740a0/s3/278962cf-de14-401e-b053-8f97580789f2/current/raft-meta.conf.tmp to /home/runner/work/ratis/ratis/ratis-test/target/test/data/7d2f1e3c/MiniRaftClusterWithGrpc65d740a0/s3/278962cf-de14-401e-b053-8f97580789f2/current/raft-meta.conf with options [REPLACE_EXISTING]
2025-04-05 17:05:38,435 [s4@group-8F97580789F2-StateMachineUpdater] TRACE util.FileUtils (LogUtils.java:runAndLog(49)) - Successfully ran Atomic Files.move /home/runner/work/ratis/ratis/ratis-test/target/test/data/7d2f1e3c/MiniRaftClusterWithGrpc65d740a0/s4/278962cf-de14-401e-b053-8f97580789f2/current/raft-meta.conf.tmp to /home/runner/work/ratis/ratis/ratis-test/target/test/data/7d2f1e3c/MiniRaftClusterWithGrpc65d740a0/s4/278962cf-de14-401e-b053-8f97580789f2/current/raft-meta.conf with options [REPLACE_EXISTING]
2025-04-05 17:05:38,435 [grpc-default-executor-13] INFO  server.RaftServer$Division (ServerState.java:setRaftConf(386)) - s4@group-8F97580789F2: set configuration conf: {index: 259, cur=peers:[s3|0.0.0.0:15024, s4|0.0.0.0:15025, s0|localhost:15012, s1|localhost:15016, s2|localhost:15020]|listeners:[], old=peers:[s0|localhost:15012, s1|localhost:15016, s2|localhost:15020]|listeners:[]}
2025-04-05 17:05:38,436 [grpc-default-executor-2] INFO  server.RaftServer$Division (ServerState.java:setRaftConf(386)) - s0@group-8F97580789F2: set configuration conf: {index: 259, cur=peers:[s3|0.0.0.0:15024, s4|0.0.0.0:15025, s0|localhost:15012, s1|localhost:15016, s2|localhost:15020]|listeners:[], old=peers:[s0|localhost:15012, s1|localhost:15016, s2|localhost:15020]|listeners:[]}
2025-04-05 17:05:38,437 [grpc-default-executor-13] INFO  server.RaftServer$Division (ServerState.java:setRaftConf(386)) - s3@group-8F97580789F2: set configuration conf: {index: 259, cur=peers:[s3|0.0.0.0:15024, s4|0.0.0.0:15025, s0|localhost:15012, s1|localhost:15016, s2|localhost:15020]|listeners:[], old=peers:[s0|localhost:15012, s1|localhost:15016, s2|localhost:15020]|listeners:[]}
2025-04-05 17:05:38,438 [s2@group-8F97580789F2-StateMachineUpdater] TRACE util.FileUtils (LogUtils.java:supplyAndLog(69)) - Successfully supplied FileChannel.open /home/runner/work/ratis/ratis/ratis-test/target/test/data/7d2f1e3c/MiniRaftClusterWithGrpc65d740a0/s2/278962cf-de14-401e-b053-8f97580789f2/current/raft-meta.conf.tmp with options [CREATE, TRUNCATE_EXISTING, WRITE]: sun.nio.ch.FileChannelImpl@3a7645
2025-04-05 17:05:38,440 [s2@group-8F97580789F2-LeaderStateImpl] INFO  server.RaftServer$Division (ServerState.java:setRaftConf(386)) - s2@group-8F97580789F2: set configuration conf: {index: 261, cur=peers:[s3|0.0.0.0:15024, s4|0.0.0.0:15025, s0|localhost:15012, s1|localhost:15016, s2|localhost:15020]|listeners:[], old=null}
2025-04-05 17:05:38,442 [s2@group-8F97580789F2-StateMachineUpdater] TRACE util.FileUtils (LogUtils.java:runAndLog(49)) - Successfully ran Atomic Files.move /home/runner/work/ratis/ratis/ratis-test/target/test/data/7d2f1e3c/MiniRaftClusterWithGrpc65d740a0/s2/278962cf-de14-401e-b053-8f97580789f2/current/raft-meta.conf.tmp to /home/runner/work/ratis/ratis/ratis-test/target/test/data/7d2f1e3c/MiniRaftClusterWithGrpc65d740a0/s2/278962cf-de14-401e-b053-8f97580789f2/current/raft-meta.conf with options [REPLACE_EXISTING]
2025-04-05 17:05:38,442 [s4@group-8F97580789F2-StateMachineUpdater] TRACE util.FileUtils (LogUtils.java:supplyAndLog(69)) - Successfully supplied FileChannel.open /home/runner/work/ratis/ratis/ratis-test/target/test/data/7d2f1e3c/MiniRaftClusterWithGrpc65d740a0/s4/278962cf-de14-401e-b053-8f97580789f2/current/raft-meta.conf.tmp with options [CREATE, TRUNCATE_EXISTING, WRITE]: sun.nio.ch.FileChannelImpl@4f1f4f09
2025-04-05 17:05:38,442 [grpc-default-executor-13] INFO  server.RaftServer$Division (ServerState.java:setRaftConf(386)) - s3@group-8F97580789F2: set configuration conf: {index: 261, cur=peers:[s3|0.0.0.0:15024, s4|0.0.0.0:15025, s0|localhost:15012, s1|localhost:15016, s2|localhost:15020]|listeners:[], old=null}
2025-04-05 17:05:38,442 [s3@group-8F97580789F2-StateMachineUpdater] TRACE util.FileUtils (LogUtils.java:supplyAndLog(69)) - Successfully supplied FileChannel.open /home/runner/work/ratis/ratis/ratis-test/target/test/data/7d2f1e3c/MiniRaftClusterWithGrpc65d740a0/s3/278962cf-de14-401e-b053-8f97580789f2/current/raft-meta.conf.tmp with options [CREATE, TRUNCATE_EXISTING, WRITE]: sun.nio.ch.FileChannelImpl@42752f55
2025-04-05 17:05:38,443 [grpc-default-executor-2] INFO  server.RaftServer$Division (ServerState.java:setRaftConf(386)) - s4@group-8F97580789F2: set configuration conf: {index: 261, cur=peers:[s3|0.0.0.0:15024, s4|0.0.0.0:15025, s0|localhost:15012, s1|localhost:15016, s2|localhost:15020]|listeners:[], old=null}
2025-04-05 17:05:38,442 [grpc-default-executor-8] INFO  server.RaftServer$Division (ServerState.java:setRaftConf(386)) - s0@group-8F97580789F2: set configuration conf: {index: 261, cur=peers:[s3|0.0.0.0:15024, s4|0.0.0.0:15025, s0|localhost:15012, s1|localhost:15016, s2|localhost:15020]|listeners:[], old=null}
2025-04-05 17:05:38,445 [s4@group-8F97580789F2-StateMachineUpdater] TRACE util.FileUtils (LogUtils.java:runAndLog(49)) - Successfully ran Atomic Files.move /home/runner/work/ratis/ratis/ratis-test/target/test/data/7d2f1e3c/MiniRaftClusterWithGrpc65d740a0/s4/278962cf-de14-401e-b053-8f97580789f2/current/raft-meta.conf.tmp to /home/runner/work/ratis/ratis/ratis-test/target/test/data/7d2f1e3c/MiniRaftClusterWithGrpc65d740a0/s4/278962cf-de14-401e-b053-8f97580789f2/current/raft-meta.conf with options [REPLACE_EXISTING]
2025-04-05 17:05:38,445 [s1@group-8F97580789F2-FollowerState] INFO  impl.FollowerState (FollowerState.java:lostMajorityHeartbeatsRecently(113)) - s1@group-8F97580789F2-FollowerState: Skipping leader election since it stepped down recently (elapsed = 524ms < waitTime = 10s)
2025-04-05 17:05:38,447 [s2@group-8F97580789F2-StateMachineUpdater] TRACE util.FileUtils (LogUtils.java:supplyAndLog(69)) - Successfully supplied FileChannel.open /home/runner/work/ratis/ratis/ratis-test/target/test/data/7d2f1e3c/MiniRaftClusterWithGrpc65d740a0/s2/278962cf-de14-401e-b053-8f97580789f2/current/raft-meta.conf.tmp with options [CREATE, TRUNCATE_EXISTING, WRITE]: sun.nio.ch.FileChannelImpl@4538f826
2025-04-05 17:05:38,447 [main] INFO  util.CodeInjectionForTesting (BlockRequestHandlingInjection.java:unblockRequestor(54)) - UnBlock requestor s1
2025-04-05 17:05:38,448 [s3@group-8F97580789F2-StateMachineUpdater] TRACE util.FileUtils (LogUtils.java:runAndLog(49)) - Successfully ran Atomic Files.move /home/runner/work/ratis/ratis/ratis-test/target/test/data/7d2f1e3c/MiniRaftClusterWithGrpc65d740a0/s3/278962cf-de14-401e-b053-8f97580789f2/current/raft-meta.conf.tmp to /home/runner/work/ratis/ratis/ratis-test/target/test/data/7d2f1e3c/MiniRaftClusterWithGrpc65d740a0/s3/278962cf-de14-401e-b053-8f97580789f2/current/raft-meta.conf with options [REPLACE_EXISTING]
2025-04-05 17:05:38,449 [s0@group-8F97580789F2-StateMachineUpdater] TRACE util.FileUtils (LogUtils.java:supplyAndLog(69)) - Successfully supplied FileChannel.open /home/runner/work/ratis/ratis/ratis-test/target/test/data/7d2f1e3c/MiniRaftClusterWithGrpc65d740a0/s0/278962cf-de14-401e-b053-8f97580789f2/current/raft-meta.conf.tmp with options [CREATE, TRUNCATE_EXISTING, WRITE]: sun.nio.ch.FileChannelImpl@326e6ba
2025-04-05 17:05:38,449 [s4@group-8F97580789F2-StateMachineUpdater] TRACE util.FileUtils (LogUtils.java:supplyAndLog(69)) - Successfully supplied FileChannel.open /home/runner/work/ratis/ratis/ratis-test/target/test/data/7d2f1e3c/MiniRaftClusterWithGrpc65d740a0/s4/278962cf-de14-401e-b053-8f97580789f2/current/raft-meta.conf.tmp with options [CREATE, TRUNCATE_EXISTING, WRITE]: sun.nio.ch.FileChannelImpl@4b20d232
2025-04-05 17:05:38,450 [s2@group-8F97580789F2-StateMachineUpdater] TRACE util.FileUtils (LogUtils.java:runAndLog(49)) - Successfully ran Atomic Files.move /home/runner/work/ratis/ratis/ratis-test/target/test/data/7d2f1e3c/MiniRaftClusterWithGrpc65d740a0/s2/278962cf-de14-401e-b053-8f97580789f2/current/raft-meta.conf.tmp to /home/runner/work/ratis/ratis/ratis-test/target/test/data/7d2f1e3c/MiniRaftClusterWithGrpc65d740a0/s2/278962cf-de14-401e-b053-8f97580789f2/current/raft-meta.conf with options [REPLACE_EXISTING]
2025-04-05 17:05:38,451 [s0@group-8F97580789F2-StateMachineUpdater] TRACE util.FileUtils (LogUtils.java:runAndLog(49)) - Successfully ran Atomic Files.move /home/runner/work/ratis/ratis/ratis-test/target/test/data/7d2f1e3c/MiniRaftClusterWithGrpc65d740a0/s0/278962cf-de14-401e-b053-8f97580789f2/current/raft-meta.conf.tmp to /home/runner/work/ratis/ratis/ratis-test/target/test/data/7d2f1e3c/MiniRaftClusterWithGrpc65d740a0/s0/278962cf-de14-401e-b053-8f97580789f2/current/raft-meta.conf with options [REPLACE_EXISTING]
2025-04-05 17:05:38,451 [s4@group-8F97580789F2-StateMachineUpdater] TRACE util.FileUtils (LogUtils.java:runAndLog(49)) - Successfully ran Atomic Files.move /home/runner/work/ratis/ratis/ratis-test/target/test/data/7d2f1e3c/MiniRaftClusterWithGrpc65d740a0/s4/278962cf-de14-401e-b053-8f97580789f2/current/raft-meta.conf.tmp to /home/runner/work/ratis/ratis/ratis-test/target/test/data/7d2f1e3c/MiniRaftClusterWithGrpc65d740a0/s4/278962cf-de14-401e-b053-8f97580789f2/current/raft-meta.conf with options [REPLACE_EXISTING]
2025-04-05 17:05:38,451 [s3@group-8F97580789F2-StateMachineUpdater] TRACE util.FileUtils (LogUtils.java:supplyAndLog(69)) - Successfully supplied FileChannel.open /home/runner/work/ratis/ratis/ratis-test/target/test/data/7d2f1e3c/MiniRaftClusterWithGrpc65d740a0/s3/278962cf-de14-401e-b053-8f97580789f2/current/raft-meta.conf.tmp with options [CREATE, TRUNCATE_EXISTING, WRITE]: sun.nio.ch.FileChannelImpl@464aa3c3
2025-04-05 17:05:38,455 [s3@group-8F97580789F2-StateMachineUpdater] TRACE util.FileUtils (LogUtils.java:runAndLog(49)) - Successfully ran Atomic Files.move /home/runner/work/ratis/ratis/ratis-test/target/test/data/7d2f1e3c/MiniRaftClusterWithGrpc65d740a0/s3/278962cf-de14-401e-b053-8f97580789f2/current/raft-meta.conf.tmp to /home/runner/work/ratis/ratis/ratis-test/target/test/data/7d2f1e3c/MiniRaftClusterWithGrpc65d740a0/s3/278962cf-de14-401e-b053-8f97580789f2/current/raft-meta.conf with options [REPLACE_EXISTING]
2025-04-05 17:05:38,457 [s0@group-8F97580789F2-StateMachineUpdater] TRACE util.FileUtils (LogUtils.java:supplyAndLog(69)) - Successfully supplied FileChannel.open /home/runner/work/ratis/ratis/ratis-test/target/test/data/7d2f1e3c/MiniRaftClusterWithGrpc65d740a0/s0/278962cf-de14-401e-b053-8f97580789f2/current/raft-meta.conf.tmp with options [CREATE, TRUNCATE_EXISTING, WRITE]: sun.nio.ch.FileChannelImpl@462468ba
2025-04-05 17:05:38,460 [s0@group-8F97580789F2-StateMachineUpdater] TRACE util.FileUtils (LogUtils.java:runAndLog(49)) - Successfully ran Atomic Files.move /home/runner/work/ratis/ratis/ratis-test/target/test/data/7d2f1e3c/MiniRaftClusterWithGrpc65d740a0/s0/278962cf-de14-401e-b053-8f97580789f2/current/raft-meta.conf.tmp to /home/runner/work/ratis/ratis/ratis-test/target/test/data/7d2f1e3c/MiniRaftClusterWithGrpc65d740a0/s0/278962cf-de14-401e-b053-8f97580789f2/current/raft-meta.conf with options [REPLACE_EXISTING]
2025-04-05 17:05:38,465 [s2@group-8F97580789F2-StateMachineUpdater] INFO  impl.SimpleStateMachine4Testing (SimpleStateMachine4Testing.java:applyTransaction(250)) - applyTransaction for log index 263
2025-04-05 17:05:38,465 [s2@group-8F97580789F2-StateMachineUpdater] INFO  impl.SimpleStateMachine4Testing (SimpleStateMachine4Testing.java:put(206)) - s2: put 263, final -> (t:2, i:263), STATEMACHINELOGENTRY, WRITE: logData.size=5, stateMachineData.size=17, logEntryProtoSerializedSize=0
2025-04-05 17:05:38,466 [s3@group-8F97580789F2-StateMachineUpdater] INFO  impl.SimpleStateMachine4Testing (SimpleStateMachine4Testing.java:applyTransaction(250)) - applyTransaction for log index 263
2025-04-05 17:05:38,466 [s3@group-8F97580789F2-StateMachineUpdater] INFO  impl.SimpleStateMachine4Testing (SimpleStateMachine4Testing.java:put(206)) - s3: put 263, final -> (t:2, i:263), STATEMACHINELOGENTRY, WRITE: logData.size=5, stateMachineData.size=17, logEntryProtoSerializedSize=0
2025-04-05 17:05:38,467 [s4@group-8F97580789F2-StateMachineUpdater] INFO  impl.SimpleStateMachine4Testing (SimpleStateMachine4Testing.java:applyTransaction(250)) - applyTransaction for log index 263
2025-04-05 17:05:38,467 [s4@group-8F97580789F2-StateMachineUpdater] INFO  impl.SimpleStateMachine4Testing (SimpleStateMachine4Testing.java:put(206)) - s4: put 263, final -> (t:2, i:263), STATEMACHINELOGENTRY, WRITE: logData.size=5, stateMachineData.size=17, logEntryProtoSerializedSize=0
2025-04-05 17:05:38,467 [s0@group-8F97580789F2-StateMachineUpdater] INFO  impl.SimpleStateMachine4Testing (SimpleStateMachine4Testing.java:applyTransaction(250)) - applyTransaction for log index 263
2025-04-05 17:05:38,467 [s0@group-8F97580789F2-StateMachineUpdater] INFO  impl.SimpleStateMachine4Testing (SimpleStateMachine4Testing.java:put(206)) - s0: put 263, final -> (t:2, i:263), STATEMACHINELOGENTRY, WRITE: logData.size=5, stateMachineData.size=17, logEntryProtoSerializedSize=0
2025-04-05 17:05:38,468 [grpc-default-executor-11] INFO  util.CodeInjectionForTesting (BlockRequestHandlingInjection.java:execute(84)) - s1: unBlock request from s2
2025-04-05 17:05:38,469 [grpc-default-executor-11] TRACE util.FileUtils (LogUtils.java:supplyAndLog(69)) - Successfully supplied FileChannel.open /home/runner/work/ratis/ratis/ratis-test/target/test/data/7d2f1e3c/MiniRaftClusterWithGrpc65d740a0/s1/278962cf-de14-401e-b053-8f97580789f2/current/raft-meta.tmp with options [CREATE, TRUNCATE_EXISTING, WRITE]: sun.nio.ch.FileChannelImpl@586f3ded
2025-04-05 17:05:38,471 [grpc-default-executor-11] TRACE util.FileUtils (LogUtils.java:runAndLog(49)) - Successfully ran Atomic Files.move /home/runner/work/ratis/ratis/ratis-test/target/test/data/7d2f1e3c/MiniRaftClusterWithGrpc65d740a0/s1/278962cf-de14-401e-b053-8f97580789f2/current/raft-meta.tmp to /home/runner/work/ratis/ratis/ratis-test/target/test/data/7d2f1e3c/MiniRaftClusterWithGrpc65d740a0/s1/278962cf-de14-401e-b053-8f97580789f2/current/raft-meta with options [REPLACE_EXISTING]
2025-04-05 17:05:38,472 [grpc-default-executor-11] INFO  server.RaftServer$Division (ServerState.java:setLeader(272)) - s1@group-8F97580789F2: change Leader from null to s2 at term 2 for appendEntries, leader elected after 551ms
2025-04-05 17:05:38,473 [main] INFO  impl.MiniRaftCluster (MiniRaftCluster.java:shutdown(847)) - ************************************************************** 
2025-04-05 17:05:38,475 [main] INFO  impl.MiniRaftCluster (MiniRaftCluster.java:shutdown(848)) - *** 
2025-04-05 17:05:38,475 [main] INFO  impl.MiniRaftCluster (MiniRaftCluster.java:shutdown(849)) - ***     Stopping MiniRaftClusterWithGrpc
2025-04-05 17:05:38,475 [main] INFO  impl.MiniRaftCluster (MiniRaftCluster.java:shutdown(850)) - *** 
2025-04-05 17:05:38,475 [main] INFO  impl.MiniRaftCluster (MiniRaftCluster.java:shutdown(851)) - ************************************************************** 
2025-04-05 17:05:38,474 [grpc-default-executor-11] INFO  server.RaftServer$Division (ServerState.java:setRaftConf(386)) - s1@group-8F97580789F2: set configuration conf: {index: 257, cur=peers:[s0|localhost:15012, s1|localhost:15016, s2|localhost:15020]|listeners:[], old=null}
2025-04-05 17:05:38,476 [main] INFO  impl.MiniRaftCluster (MiniRaftCluster.java:shutdown(852)) - printing ALL groups
  s3:  RUNNING  FOLLOWER s3@group-8F97580789F2:t2, leader=s2, voted=null, raftlog=Memoized:s3@group-8F97580789F2-SegmentedRaftLog:OPENED:c263:last(t:2, i:264), conf=conf: {index: 261, cur=peers:[s3|0.0.0.0:15024, s4|0.0.0.0:15025, s0|localhost:15012, s1|localhost:15016, s2|localhost:15020]|listeners:[], old=null} RUNNING
  s4:  RUNNING  FOLLOWER s4@group-8F97580789F2:t2, leader=s2, voted=null, raftlog=Memoized:s4@group-8F97580789F2-SegmentedRaftLog:OPENED:c263:last(t:2, i:264), conf=conf: {index: 261, cur=peers:[s3|0.0.0.0:15024, s4|0.0.0.0:15025, s0|localhost:15012, s1|localhost:15016, s2|localhost:15020]|listeners:[], old=null} RUNNING
  s0:  RUNNING  FOLLOWER s0@group-8F97580789F2:t2, leader=s2, voted=s2, raftlog=Memoized:s0@group-8F97580789F2-SegmentedRaftLog:OPENED:c263:last(t:2, i:264), conf=conf: {index: 261, cur=peers:[s3|0.0.0.0:15024, s4|0.0.0.0:15025, s0|localhost:15012, s1|localhost:15016, s2|localhost:15020]|listeners:[], old=null} RUNNING
  s1:  RUNNING  FOLLOWER s1@group-8F97580789F2:t2, leader=s2, voted=null, raftlog=Memoized:s1@group-8F97580789F2-SegmentedRaftLog:OPENED:c256:last(t:1, i:257), conf=conf: {index: 257, cur=peers:[s0|localhost:15012, s1|localhost:15016, s2|localhost:15020]|listeners:[], old=null} RUNNING
  s2:  RUNNING    LEADER s2@group-8F97580789F2:t2, leader=s2, voted=s2, raftlog=Memoized:s2@group-8F97580789F2-SegmentedRaftLog:OPENED:c264:last(t:2, i:264), conf=conf: {index: 261, cur=peers:[s3|0.0.0.0:15024, s4|0.0.0.0:15025, s0|localhost:15012, s1|localhost:15016, s2|localhost:15020]|listeners:[], old=null} RUNNING
2025-04-05 17:05:38,476 [grpc-default-executor-11] INFO  segmented.SegmentedRaftLogWorker (SegmentedRaftLogWorker.java:truncate(462)) - s1@group-8F97580789F2-SegmentedRaftLogWorker: Truncating segments truncate(257)
  toTruncate: (0, 257) isOpen? true, length=9546, newEndIndex=256
    toDelete: [], start index 257
2025-04-05 17:05:38,476 [MiniRaftCluster-7] INFO  server.RaftServer (RaftServerProxy.java:lambda$close$9(423)) - s3: close
2025-04-05 17:05:38,476 [MiniRaftCluster-8] INFO  server.RaftServer (RaftServerProxy.java:lambda$close$9(423)) - s4: close
2025-04-05 17:05:38,477 [MiniRaftCluster-9] INFO  server.RaftServer (RaftServerProxy.java:lambda$close$9(423)) - s0: close
2025-04-05 17:05:38,477 [grpc-default-executor-11] INFO  segmented.SegmentedRaftLogWorker (SegmentedRaftLogWorker.java:startLogSegment(445)) - s1@group-8F97580789F2-SegmentedRaftLogWorker: Starting segment from index:257
2025-04-05 17:05:38,477 [MiniRaftCluster-10] INFO  server.RaftServer (RaftServerProxy.java:lambda$close$9(423)) - s1: close
2025-04-05 17:05:38,477 [MiniRaftCluster-11] INFO  server.RaftServer (RaftServerProxy.java:lambda$close$9(423)) - s2: close
2025-04-05 17:05:38,477 [s1-impl-thread1] INFO  server.RaftServer$Division (RaftServerImpl.java:lambda$close$1(530)) - s1@group-8F97580789F2: shutdown
2025-04-05 17:05:38,477 [MiniRaftCluster-10] INFO  server.GrpcServicesImpl (GrpcServicesImpl.java:closeImpl(362)) - s1: shutdown server org.apache.ratis.grpc.server.GrpcClientProtocolService now
2025-04-05 17:05:38,478 [MiniRaftCluster-11] INFO  server.GrpcServicesImpl (GrpcServicesImpl.java:closeImpl(362)) - s2: shutdown server org.apache.ratis.grpc.server.GrpcClientProtocolService now
2025-04-05 17:05:38,478 [MiniRaftCluster-9] INFO  server.GrpcServicesImpl (GrpcServicesImpl.java:closeImpl(362)) - s0: shutdown server org.apache.ratis.grpc.server.GrpcClientProtocolService now
2025-04-05 17:05:38,479 [s4-impl-thread1] INFO  server.RaftServer$Division (RaftServerImpl.java:lambda$close$1(530)) - s4@group-8F97580789F2: shutdown
2025-04-05 17:05:38,479 [s4-impl-thread1] INFO  util.JmxRegister (JmxRegister.java:unregister(74)) - Successfully un-registered JMX Bean with object name Ratis:service=RaftServer,group=group-8F97580789F2,id=s4
2025-04-05 17:05:38,479 [grpc-default-executor-11] ERROR server.RaftServer$Division (RaftServerImpl.java:appendEntriesAsync(1550)) - s1@group-8F97580789F2: Failed appendEntries* s2->s1#2-t2,previous=(t:0, i:0),leaderCommit=0,initializing? false,HEARTBEAT
org.apache.ratis.protocol.exceptions.ServerNotReadyException: s1@group-8F97580789F2 is not in [STARTING, RUNNING]: current state is CLOSING
	at org.apache.ratis.server.impl.RaftServerImpl.lambda$assertLifeCycleState$7(RaftServerImpl.java:821)
	at org.apache.ratis.util.LifeCycle.assertCurrentState(LifeCycle.java:260)
	at org.apache.ratis.server.impl.RaftServerImpl.assertLifeCycleState(RaftServerImpl.java:820)
	at org.apache.ratis.server.impl.RaftServerImpl.appendEntriesAsync(RaftServerImpl.java:1541)
	at org.apache.ratis.server.impl.RaftServerProxy.lambda$null$28(RaftServerProxy.java:662)
	at org.apache.ratis.util.JavaUtils.callAsUnchecked(JavaUtils.java:118)
	at org.apache.ratis.server.impl.RaftServerProxy.lambda$appendEntriesAsync$29(RaftServerProxy.java:661)
	at java.util.concurrent.CompletableFuture.uniComposeStage(CompletableFuture.java:995)
	at java.util.concurrent.CompletableFuture.thenCompose(CompletableFuture.java:2137)
	at org.apache.ratis.server.impl.RaftServerProxy.appendEntriesAsync(RaftServerProxy.java:661)
	at org.apache.ratis.grpc.server.GrpcServerProtocolService$1.process(GrpcServerProtocolService.java:323)
	at org.apache.ratis.grpc.server.GrpcServerProtocolService$ServerRequestStreamObserver.onNext(GrpcServerProtocolService.java:172)
	at org.apache.ratis.thirdparty.io.grpc.stub.ServerCalls$StreamingServerCallHandler$StreamingServerCallListener.onMessage(ServerCalls.java:262)
	at org.apache.ratis.thirdparty.io.grpc.internal.ServerCallImpl$ServerStreamListenerImpl.messagesAvailableInternal(ServerCallImpl.java:334)
	at org.apache.ratis.thirdparty.io.grpc.internal.ServerCallImpl$ServerStreamListenerImpl.messagesAvailable(ServerCallImpl.java:319)
	at org.apache.ratis.thirdparty.io.grpc.internal.ServerImpl$JumpToApplicationThreadServerStreamListener$1MessagesAvailable.runInContext(ServerImpl.java:834)
	at org.apache.ratis.thirdparty.io.grpc.internal.ContextRunnable.run(ContextRunnable.java:37)
	at org.apache.ratis.thirdparty.io.grpc.internal.SerializingExecutor.run(SerializingExecutor.java:133)
	at java.util.concurrent.ThreadPoolExecutor.runWorker(ThreadPoolExecutor.java:1149)
	at java.util.concurrent.ThreadPoolExecutor$Worker.run(ThreadPoolExecutor.java:624)
	at java.lang.Thread.run(Thread.java:750)
2025-04-05 17:05:38,478 [s1-impl-thread1] INFO  util.JmxRegister (JmxRegister.java:unregister(74)) - Successfully un-registered JMX Bean with object name Ratis:service=RaftServer,group=group-8F97580789F2,id=s1
2025-04-05 17:05:38,480 [s1-impl-thread1] INFO  impl.RoleInfo (RoleInfo.java:shutdownFollowerState(121)) - s1: shutdown s1@group-8F97580789F2-FollowerState
2025-04-05 17:05:38,477 [s1@group-8F97580789F2-SegmentedRaftLogWorker] TRACE util.FileUtils (LogUtils.java:runAndLog(49)) - Successfully ran FileChannel.truncate /home/runner/work/ratis/ratis/ratis-test/target/test/data/7d2f1e3c/MiniRaftClusterWithGrpc65d740a0/s1/278962cf-de14-401e-b053-8f97580789f2/current/log_inprogress_0 length: 7946 -> 9546
2025-04-05 17:05:38,480 [grpc-default-executor-11] ERROR server.RaftServer$Division (RaftServerImpl.java:appendEntriesAsync(1550)) - s1@group-8F97580789F2: Failed appendEntries* s2->s1#3-t2,previous=(t:0, i:0),leaderCommit=0,initializing? false,HEARTBEAT
org.apache.ratis.protocol.exceptions.ServerNotReadyException: s1@group-8F97580789F2 is not in [STARTING, RUNNING]: current state is CLOSING
	at org.apache.ratis.server.impl.RaftServerImpl.lambda$assertLifeCycleState$7(RaftServerImpl.java:821)
	at org.apache.ratis.util.LifeCycle.assertCurrentState(LifeCycle.java:260)
	at org.apache.ratis.server.impl.RaftServerImpl.assertLifeCycleState(RaftServerImpl.java:820)
	at org.apache.ratis.server.impl.RaftServerImpl.appendEntriesAsync(RaftServerImpl.java:1541)
	at org.apache.ratis.server.impl.RaftServerProxy.lambda$null$28(RaftServerProxy.java:662)
	at org.apache.ratis.util.JavaUtils.callAsUnchecked(JavaUtils.java:118)
	at org.apache.ratis.server.impl.RaftServerProxy.lambda$appendEntriesAsync$29(RaftServerProxy.java:661)
	at java.util.concurrent.CompletableFuture.uniComposeStage(CompletableFuture.java:995)
	at java.util.concurrent.CompletableFuture.thenCompose(CompletableFuture.java:2137)
	at org.apache.ratis.server.impl.RaftServerProxy.appendEntriesAsync(RaftServerProxy.java:661)
	at org.apache.ratis.grpc.server.GrpcServerProtocolService$1.process(GrpcServerProtocolService.java:323)
	at org.apache.ratis.grpc.server.GrpcServerProtocolService$ServerRequestStreamObserver.onNext(GrpcServerProtocolService.java:172)
	at org.apache.ratis.thirdparty.io.grpc.stub.ServerCalls$StreamingServerCallHandler$StreamingServerCallListener.onMessage(ServerCalls.java:262)
	at org.apache.ratis.thirdparty.io.grpc.internal.ServerCallImpl$ServerStreamListenerImpl.messagesAvailableInternal(ServerCallImpl.java:334)
	at org.apache.ratis.thirdparty.io.grpc.internal.ServerCallImpl$ServerStreamListenerImpl.messagesAvailable(ServerCallImpl.java:319)
	at org.apache.ratis.thirdparty.io.grpc.internal.ServerImpl$JumpToApplicationThreadServerStreamListener$1MessagesAvailable.runInContext(ServerImpl.java:834)
	at org.apache.ratis.thirdparty.io.grpc.internal.ContextRunnable.run(ContextRunnable.java:37)
	at org.apache.ratis.thirdparty.io.grpc.internal.SerializingExecutor.run(SerializingExecutor.java:133)
	at java.util.concurrent.ThreadPoolExecutor.runWorker(ThreadPoolExecutor.java:1149)
	at java.util.concurrent.ThreadPoolExecutor$Worker.run(ThreadPoolExecutor.java:624)
	at java.lang.Thread.run(Thread.java:750)
2025-04-05 17:05:38,481 [s1@group-8F97580789F2-StateMachineUpdater] TRACE util.FileUtils (FileUtils.java:deleteFully(318)) - deleteFully /tmp/ratis-tests/statemachine/s1/snapshot/1_256
2025-04-05 17:05:38,481 [s1@group-8F97580789F2-StateMachineUpdater] TRACE util.FileUtils (FileUtils.java:deleteFully(331)) - deleteFully: /tmp/ratis-tests/statemachine/s1/snapshot/1_256 does not exist.
2025-04-05 17:05:38,481 [s1@group-8F97580789F2-StateMachineUpdater] TRACE util.FileUtils (FileUtils.java:deleteFully(318)) - deleteFully /tmp/ratis-tests/statemachine/s1/tmp/e188607e-abc8-43c4-9c5e-ed7f88108935
2025-04-05 17:05:38,481 [s1@group-8F97580789F2-StateMachineUpdater] TRACE util.FileUtils (FileUtils.java:deleteFully(331)) - deleteFully: /tmp/ratis-tests/statemachine/s1/tmp/e188607e-abc8-43c4-9c5e-ed7f88108935 does not exist.
2025-04-05 17:05:38,479 [s4-impl-thread1] INFO  impl.RoleInfo (RoleInfo.java:shutdownFollowerState(121)) - s4: shutdown s4@group-8F97580789F2-FollowerState
2025-04-05 17:05:38,479 [MiniRaftCluster-8] INFO  server.GrpcServicesImpl (GrpcServicesImpl.java:closeImpl(362)) - s4: shutdown server GrpcServerProtocolService now
2025-04-05 17:05:38,483 [s4@group-8F97580789F2-FollowerState] INFO  impl.FollowerState (FollowerState.java:runImpl(170)) - s4@group-8F97580789F2-FollowerState was interrupted
2025-04-05 17:05:38,478 [s2-impl-thread1] INFO  server.RaftServer$Division (RaftServerImpl.java:lambda$close$1(530)) - s2@group-8F97580789F2: shutdown
2025-04-05 17:05:38,483 [s2-impl-thread1] INFO  util.JmxRegister (JmxRegister.java:unregister(74)) - Successfully un-registered JMX Bean with object name Ratis:service=RaftServer,group=group-8F97580789F2,id=s2
2025-04-05 17:05:38,483 [s2-impl-thread1] INFO  impl.RoleInfo (RoleInfo.java:shutdownLeaderState(103)) - s2: shutdown s2@group-8F97580789F2-LeaderStateImpl
2025-04-05 17:05:38,483 [s4-impl-thread1] INFO  impl.StateMachineUpdater (StateMachineUpdater.java:stopAndJoin(162)) - s4@group-8F97580789F2-StateMachineUpdater: set stopIndex = 263
2025-04-05 17:05:38,478 [s0-impl-thread1] INFO  server.RaftServer$Division (RaftServerImpl.java:lambda$close$1(530)) - s0@group-8F97580789F2: shutdown
2025-04-05 17:05:38,478 [s3-impl-thread1] INFO  server.RaftServer$Division (RaftServerImpl.java:lambda$close$1(530)) - s3@group-8F97580789F2: shutdown
2025-04-05 17:05:38,485 [s3-impl-thread1] INFO  util.JmxRegister (JmxRegister.java:unregister(74)) - Successfully un-registered JMX Bean with object name Ratis:service=RaftServer,group=group-8F97580789F2,id=s3
2025-04-05 17:05:38,485 [s3-impl-thread1] INFO  impl.RoleInfo (RoleInfo.java:shutdownFollowerState(121)) - s3: shutdown s3@group-8F97580789F2-FollowerState
2025-04-05 17:05:38,485 [s0-impl-thread1] INFO  util.JmxRegister (JmxRegister.java:unregister(74)) - Successfully un-registered JMX Bean with object name Ratis:service=RaftServer,group=group-8F97580789F2,id=s0
2025-04-05 17:05:38,485 [s0-impl-thread1] INFO  impl.RoleInfo (RoleInfo.java:shutdownFollowerState(121)) - s0: shutdown s0@group-8F97580789F2-FollowerState
2025-04-05 17:05:38,478 [MiniRaftCluster-7] INFO  server.GrpcServicesImpl (GrpcServicesImpl.java:closeImpl(362)) - s3: shutdown server GrpcServerProtocolService now
2025-04-05 17:05:38,485 [s2@group-8F97580789F2->s4-GrpcLogAppender-LogAppenderDaemon] WARN  server.GrpcLogAppender (GrpcLogAppender.java:mayWait(300)) - s2@group-8F97580789F2->s4-GrpcLogAppender: Wait interrupted by java.lang.InterruptedException
2025-04-05 17:05:38,485 [s2-impl-thread1] INFO  impl.PendingRequests (PendingRequests.java:sendNotLeaderResponses(287)) - s2@group-8F97580789F2-PendingRequests: sendNotLeaderResponses
2025-04-05 17:05:38,485 [s2@group-8F97580789F2->s3-GrpcLogAppender-LogAppenderDaemon] WARN  server.GrpcLogAppender (GrpcLogAppender.java:mayWait(300)) - s2@group-8F97580789F2->s3-GrpcLogAppender: Wait interrupted by java.lang.InterruptedException
2025-04-05 17:05:38,484 [s2@group-8F97580789F2->s0-GrpcLogAppender-LogAppenderDaemon] WARN  server.GrpcLogAppender (GrpcLogAppender.java:mayWait(300)) - s2@group-8F97580789F2->s0-GrpcLogAppender: Wait interrupted by java.lang.InterruptedException
2025-04-05 17:05:38,486 [grpc-default-executor-2] WARN  server.GrpcServerProtocolService (LogUtils.java:warn(127)) - s4: APPEND_ENTRIES onError, lastRequest: s2->s4#14-t2,previous=(t:2, i:263),leaderCommit=263,initializing? false,entries: size=1, first=(t:2, i:264), METADATAENTRY(c:263): org.apache.ratis.thirdparty.io.grpc.StatusRuntimeException: CANCELLED: client cancelled
2025-04-05 17:05:38,486 [grpc-default-executor-13] WARN  server.GrpcServerProtocolService (LogUtils.java:warn(127)) - s4: APPEND_ENTRIES onError, lastRequest: s1->s4#2-t1,previous=(t:1, i:256),leaderCommit=256,initializing? false,entries: size=1, first=(t:1, i:257), CONFIGURATIONENTRY(current:id:"s3"address:"0.0.0.0:15024"clientAddress:"0.0.0.0:15024"adminAddress:"0.0.0.0:15024"startupRole:FOLLOWER, id:"s4"address:"0.0.0.0:15025"clientAddress:"0.0.0.0:15025"adminAddress:"0.0.0.0:15025"startupRole:FOLLOWER, id:"s0"address:"localhost:15012"dataStreamAddress:"localhost:15015"clientAddress:"localhost:15014"adminAddress:"localhost:15013"startupRole:FOLLOWER, id:"s1"address:"localhost:15016"dataStreamAddress:"localhost:15019"clientAddress:"localhost:15018"adminAddress:"localhost:15017"startupRole:FOLLOWER, id:"s2"address:"localhost:15020"dataStreamAddress:"localhost:15023"clientAddress:"localhost:15022"adminAddress:"localhost:15021"startupRole:FOLLOWER, old:id:"s0"address:"localhost:15012"dataStreamAddress:"localhost:15015"clientAddress:"localhost:15014"adminAddress:"localhost:15013"startupRole:FOLLOWER, id:"s1"address:"localhost:15016"dataStreamAddress:"localhost:15019"clientAddress:"localhost:15018"adminAddress:"localhost:15017"startupRole:FOLLOWER, id:"s2"address:"localhost:15020"dataStreamAddress:"localhost:15023"clientAddress:"localhost:15022"adminAddress:"localhost:15021"startupRole:FOLLOWER): org.apache.ratis.thirdparty.io.grpc.StatusRuntimeException: CANCELLED: client cancelled
2025-04-05 17:05:38,484 [Thread-241] INFO  server.GrpcServerProtocolClient (GrpcServerProtocolClient.java:close(105)) - s1 Close channels
2025-04-05 17:05:38,484 [s2@group-8F97580789F2->s1-GrpcLogAppender-LogAppenderDaemon] WARN  server.GrpcLogAppender (GrpcLogAppender.java:mayWait(300)) - s2@group-8F97580789F2->s1-GrpcLogAppender: Wait interrupted by java.lang.InterruptedException
2025-04-05 17:05:38,484 [Thread-237] INFO  server.GrpcServerProtocolClient (GrpcServerProtocolClient.java:close(105)) - s0 Close channels
2025-04-05 17:05:38,484 [Thread-238] INFO  server.GrpcServerProtocolClient (GrpcServerProtocolClient.java:close(105)) - s1 Close channels
2025-04-05 17:05:38,484 [Thread-236] INFO  server.GrpcServerProtocolClient (GrpcServerProtocolClient.java:close(105)) - s4 Close channels
2025-04-05 17:05:38,487 [grpc-default-executor-12] INFO  server.GrpcLogAppender (GrpcLogAppender.java:onError(563)) - s1@group-8F97580789F2->s4-GrpcLogAppender is already stopped
2025-04-05 17:05:38,484 [Thread-232] INFO  server.GrpcServerProtocolClient (GrpcServerProtocolClient.java:close(105)) - s3 Close channels
2025-04-05 17:05:38,488 [grpc-default-executor-12] WARN  server.GrpcServerProtocolService (LogUtils.java:warn(127)) - s3: APPEND_ENTRIES onError, lastRequest: s2->s3#15-t2,previous=(t:2, i:263),leaderCommit=263,initializing? false,entries: size=1, first=(t:2, i:264), METADATAENTRY(c:263): org.apache.ratis.thirdparty.io.grpc.StatusRuntimeException: CANCELLED: client cancelled
2025-04-05 17:05:38,488 [grpc-default-executor-12] INFO  server.GrpcLogAppender (GrpcLogAppender.java:onError(563)) - s2@group-8F97580789F2->s3-GrpcLogAppender is already stopped
2025-04-05 17:05:38,489 [grpc-default-executor-13] INFO  server.GrpcLogAppender (GrpcLogAppender.java:onError(563)) - s2@group-8F97580789F2->s4-GrpcLogAppender is already stopped
2025-04-05 17:05:38,483 [s1@group-8F97580789F2-StateMachineUpdater] TRACE util.FileUtils (LogUtils.java:runAndLog(49)) - Successfully ran Atomic Files.move /tmp/ratis-tests/statemachine/s1/tmp/e188607e-abc8-43c4-9c5e-ed7f88108935 to /tmp/ratis-tests/statemachine/s1/snapshot/1_256
2025-04-05 17:05:38,489 [s1@group-8F97580789F2-StateMachineUpdater] INFO  impl.StateMachineUpdater (StateMachineUpdater.java:takeSnapshot(311)) - s1@group-8F97580789F2-StateMachineUpdater: Took a snapshot at index 256
2025-04-05 17:05:38,489 [s1@group-8F97580789F2-StateMachineUpdater] INFO  impl.StateMachineUpdater (StateMachineUpdater.java:lambda$new$0(100)) - s1@group-8F97580789F2-StateMachineUpdater: snapshotIndex: updateIncreasingly 255 -> 256
2025-04-05 17:05:38,489 [s1@group-8F97580789F2-StateMachineUpdater] INFO  impl.StateMachineUpdater (StateMachineUpdater.java:stop(139)) - s1@group-8F97580789F2-StateMachineUpdater: closing StateMachineWithSeparatedSnapshotPath, lastApplied=(t:1, i:256)
2025-04-05 17:05:38,482 [Thread-234] INFO  server.GrpcServerProtocolClient (GrpcServerProtocolClient.java:close(105)) - s2 Close channels
2025-04-05 17:05:38,482 [Thread-230] INFO  server.GrpcServerProtocolClient (GrpcServerProtocolClient.java:close(105)) - s0 Close channels
2025-04-05 17:05:38,482 [grpc-default-executor-11] ERROR server.RaftServer$Division (RaftServerImpl.java:appendEntriesAsync(1550)) - s1@group-8F97580789F2: Failed appendEntries* s2->s1#4-t2,previous=(t:0, i:0),leaderCommit=0,initializing? false,HEARTBEAT
org.apache.ratis.protocol.exceptions.ServerNotReadyException: s1@group-8F97580789F2 is not in [STARTING, RUNNING]: current state is CLOSING
	at org.apache.ratis.server.impl.RaftServerImpl.lambda$assertLifeCycleState$7(RaftServerImpl.java:821)
	at org.apache.ratis.util.LifeCycle.assertCurrentState(LifeCycle.java:260)
	at org.apache.ratis.server.impl.RaftServerImpl.assertLifeCycleState(RaftServerImpl.java:820)
	at org.apache.ratis.server.impl.RaftServerImpl.appendEntriesAsync(RaftServerImpl.java:1541)
	at org.apache.ratis.server.impl.RaftServerProxy.lambda$null$28(RaftServerProxy.java:662)
	at org.apache.ratis.util.JavaUtils.callAsUnchecked(JavaUtils.java:118)
	at org.apache.ratis.server.impl.RaftServerProxy.lambda$appendEntriesAsync$29(RaftServerProxy.java:661)
	at java.util.concurrent.CompletableFuture.uniComposeStage(CompletableFuture.java:995)
	at java.util.concurrent.CompletableFuture.thenCompose(CompletableFuture.java:2137)
	at org.apache.ratis.server.impl.RaftServerProxy.appendEntriesAsync(RaftServerProxy.java:661)
	at org.apache.ratis.grpc.server.GrpcServerProtocolService$1.process(GrpcServerProtocolService.java:323)
	at org.apache.ratis.grpc.server.GrpcServerProtocolService$ServerRequestStreamObserver.onNext(GrpcServerProtocolService.java:172)
	at org.apache.ratis.thirdparty.io.grpc.stub.ServerCalls$StreamingServerCallHandler$StreamingServerCallListener.onMessage(ServerCalls.java:262)
	at org.apache.ratis.thirdparty.io.grpc.internal.ServerCallImpl$ServerStreamListenerImpl.messagesAvailableInternal(ServerCallImpl.java:334)
	at org.apache.ratis.thirdparty.io.grpc.internal.ServerCallImpl$ServerStreamListenerImpl.messagesAvailable(ServerCallImpl.java:319)
	at org.apache.ratis.thirdparty.io.grpc.internal.ServerImpl$JumpToApplicationThreadServerStreamListener$1MessagesAvailable.runInContext(ServerImpl.java:834)
	at org.apache.ratis.thirdparty.io.grpc.internal.ContextRunnable.run(ContextRunnable.java:37)
	at org.apache.ratis.thirdparty.io.grpc.internal.SerializingExecutor.run(SerializingExecutor.java:133)
	at java.util.concurrent.ThreadPoolExecutor.runWorker(ThreadPoolExecutor.java:1149)
	at java.util.concurrent.ThreadPoolExecutor$Worker.run(ThreadPoolExecutor.java:624)
	at java.lang.Thread.run(Thread.java:750)
2025-04-05 17:05:38,481 [s1@group-8F97580789F2-FollowerState] INFO  impl.FollowerState (FollowerState.java:runImpl(170)) - s1@group-8F97580789F2-FollowerState was interrupted
2025-04-05 17:05:38,481 [Thread-228] INFO  server.GrpcServerProtocolClient (GrpcServerProtocolClient.java:close(105)) - s3 Close channels
2025-04-05 17:05:38,481 [Thread-229] INFO  server.GrpcServerProtocolClient (GrpcServerProtocolClient.java:close(105)) - s4 Close channels
2025-04-05 17:05:38,480 [s1-impl-thread1] INFO  impl.StateMachineUpdater (StateMachineUpdater.java:stopAndJoin(162)) - s1@group-8F97580789F2-StateMachineUpdater: set stopIndex = 256
2025-04-05 17:05:38,493 [s1-impl-thread1] INFO  raftlog.RaftLog (SegmentedRaftLog.java:close(569)) - Start closing s1@group-8F97580789F2-SegmentedRaftLog:OPENED:c256:last(t:2, i:257)
2025-04-05 17:05:38,480 [s1@group-8F97580789F2-SegmentedRaftLogWorker] TRACE util.FileUtils (LogUtils.java:runAndLog(49)) - Successfully ran Atomic Files.move /home/runner/work/ratis/ratis/ratis-test/target/test/data/7d2f1e3c/MiniRaftClusterWithGrpc65d740a0/s1/278962cf-de14-401e-b053-8f97580789f2/current/log_inprogress_0 to /home/runner/work/ratis/ratis/ratis-test/target/test/data/7d2f1e3c/MiniRaftClusterWithGrpc65d740a0/s1/278962cf-de14-401e-b053-8f97580789f2/current/log_0-256
2025-04-05 17:05:38,493 [s1@group-8F97580789F2-SegmentedRaftLogWorker] INFO  segmented.SegmentedRaftLogWorker (SegmentedRaftLogWorker.java:execute(724)) - s1@group-8F97580789F2-SegmentedRaftLogWorker: Truncated log file /home/runner/work/ratis/ratis/ratis-test/target/test/data/7d2f1e3c/MiniRaftClusterWithGrpc65d740a0/s1/278962cf-de14-401e-b053-8f97580789f2/current/log_inprogress_0 to length 9546 and moved it to /home/runner/work/ratis/ratis/ratis-test/target/test/data/7d2f1e3c/MiniRaftClusterWithGrpc65d740a0/s1/278962cf-de14-401e-b053-8f97580789f2/current/log_0-256
2025-04-05 17:05:38,493 [s1@group-8F97580789F2-SegmentedRaftLogWorker] INFO  segmented.SegmentedRaftLogWorker (SegmentedRaftLogWorker.java:lambda$new$0(142)) - s1@group-8F97580789F2-SegmentedRaftLogWorker: flushIndex: setUnconditionally 257 -> 256
2025-04-05 17:05:38,493 [s1@group-8F97580789F2-SegmentedRaftLogWorker] INFO  segmented.SegmentedRaftLogWorker (SegmentedRaftLogWorker.java:lambda$new$0(142)) - s1@group-8F97580789F2-SegmentedRaftLogWorker: safeCacheEvictIndex: setUnconditionally -1 -> 256
2025-04-05 17:05:38,493 [s1@group-8F97580789F2-SegmentedRaftLogWorker] INFO  segmented.BufferedWriteChannel (BufferedWriteChannel.java:open(61)) - open log_inprogress_257 at position 0
2025-04-05 17:05:38,495 [s1@group-8F97580789F2-cacheEviction-AwaitToRun] INFO  util.AwaitToRun (AwaitToRun.java:run(49)) - s1@group-8F97580789F2-cacheEviction-AwaitToRun-AwaitForSignal is interrupted
2025-04-05 17:05:38,493 [grpc-default-executor-11] ERROR server.RaftServer$Division (RaftServerImpl.java:appendEntriesAsync(1550)) - s1@group-8F97580789F2: Failed appendEntries* s2->s1#5-t2,previous=(t:0, i:0),leaderCommit=0,initializing? false,HEARTBEAT
org.apache.ratis.protocol.exceptions.ServerNotReadyException: s1@group-8F97580789F2 is not in [STARTING, RUNNING]: current state is CLOSING
	at org.apache.ratis.server.impl.RaftServerImpl.lambda$assertLifeCycleState$7(RaftServerImpl.java:821)
	at org.apache.ratis.util.LifeCycle.assertCurrentState(LifeCycle.java:260)
	at org.apache.ratis.server.impl.RaftServerImpl.assertLifeCycleState(RaftServerImpl.java:820)
	at org.apache.ratis.server.impl.RaftServerImpl.appendEntriesAsync(RaftServerImpl.java:1541)
	at org.apache.ratis.server.impl.RaftServerProxy.lambda$null$28(RaftServerProxy.java:662)
	at org.apache.ratis.util.JavaUtils.callAsUnchecked(JavaUtils.java:118)
	at org.apache.ratis.server.impl.RaftServerProxy.lambda$appendEntriesAsync$29(RaftServerProxy.java:661)
	at java.util.concurrent.CompletableFuture.uniComposeStage(CompletableFuture.java:995)
	at java.util.concurrent.CompletableFuture.thenCompose(CompletableFuture.java:2137)
	at org.apache.ratis.server.impl.RaftServerProxy.appendEntriesAsync(RaftServerProxy.java:661)
	at org.apache.ratis.grpc.server.GrpcServerProtocolService$1.process(GrpcServerProtocolService.java:323)
	at org.apache.ratis.grpc.server.GrpcServerProtocolService$ServerRequestStreamObserver.onNext(GrpcServerProtocolService.java:172)
	at org.apache.ratis.thirdparty.io.grpc.stub.ServerCalls$StreamingServerCallHandler$StreamingServerCallListener.onMessage(ServerCalls.java:262)
	at org.apache.ratis.thirdparty.io.grpc.internal.ServerCallImpl$ServerStreamListenerImpl.messagesAvailableInternal(ServerCallImpl.java:334)
	at org.apache.ratis.thirdparty.io.grpc.internal.ServerCallImpl$ServerStreamListenerImpl.messagesAvailable(ServerCallImpl.java:319)
	at org.apache.ratis.thirdparty.io.grpc.internal.ServerImpl$JumpToApplicationThreadServerStreamListener$1MessagesAvailable.runInContext(ServerImpl.java:834)
	at org.apache.ratis.thirdparty.io.grpc.internal.ContextRunnable.run(ContextRunnable.java:37)
	at org.apache.ratis.thirdparty.io.grpc.internal.SerializingExecutor.run(SerializingExecutor.java:133)
	at java.util.concurrent.ThreadPoolExecutor.runWorker(ThreadPoolExecutor.java:1149)
	at java.util.concurrent.ThreadPoolExecutor$Worker.run(ThreadPoolExecutor.java:624)
	at java.lang.Thread.run(Thread.java:750)
2025-04-05 17:05:38,498 [s1-impl-thread1] INFO  segmented.LogSegment (LogSegment.java:close(354)) - Successfully closed EntryCache-log_inprogress_257
2025-04-05 17:05:38,492 [s2@group-8F97580789F2-StateMachineUpdater] TRACE util.FileUtils (FileUtils.java:deleteFully(318)) - deleteFully /tmp/ratis-tests/statemachine/s2/snapshot/2_264
2025-04-05 17:05:38,498 [s2@group-8F97580789F2-StateMachineUpdater] TRACE util.FileUtils (FileUtils.java:deleteFully(331)) - deleteFully: /tmp/ratis-tests/statemachine/s2/snapshot/2_264 does not exist.
2025-04-05 17:05:38,498 [s2@group-8F97580789F2-StateMachineUpdater] TRACE util.FileUtils (FileUtils.java:deleteFully(318)) - deleteFully /tmp/ratis-tests/statemachine/s2/tmp/72978c0f-2293-49be-8bdb-d87ab7d4fb4b
2025-04-05 17:05:38,498 [s2@group-8F97580789F2-StateMachineUpdater] TRACE util.FileUtils (FileUtils.java:deleteFully(331)) - deleteFully: /tmp/ratis-tests/statemachine/s2/tmp/72978c0f-2293-49be-8bdb-d87ab7d4fb4b does not exist.
2025-04-05 17:05:38,499 [grpc-default-executor-11] ERROR server.RaftServer$Division (RaftServerImpl.java:appendEntriesAsync(1550)) - s1@group-8F97580789F2: Failed appendEntries* s2->s1#6-t2,previous=(t:0, i:0),leaderCommit=0,initializing? false,HEARTBEAT
org.apache.ratis.protocol.exceptions.ServerNotReadyException: s1@group-8F97580789F2 is not in [STARTING, RUNNING]: current state is CLOSING
	at org.apache.ratis.server.impl.RaftServerImpl.lambda$assertLifeCycleState$7(RaftServerImpl.java:821)
	at org.apache.ratis.util.LifeCycle.assertCurrentState(LifeCycle.java:260)
	at org.apache.ratis.server.impl.RaftServerImpl.assertLifeCycleState(RaftServerImpl.java:820)
	at org.apache.ratis.server.impl.RaftServerImpl.appendEntriesAsync(RaftServerImpl.java:1541)
	at org.apache.ratis.server.impl.RaftServerProxy.lambda$null$28(RaftServerProxy.java:662)
	at org.apache.ratis.util.JavaUtils.callAsUnchecked(JavaUtils.java:118)
	at org.apache.ratis.server.impl.RaftServerProxy.lambda$appendEntriesAsync$29(RaftServerProxy.java:661)
	at java.util.concurrent.CompletableFuture.uniComposeStage(CompletableFuture.java:995)
	at java.util.concurrent.CompletableFuture.thenCompose(CompletableFuture.java:2137)
	at org.apache.ratis.server.impl.RaftServerProxy.appendEntriesAsync(RaftServerProxy.java:661)
	at org.apache.ratis.grpc.server.GrpcServerProtocolService$1.process(GrpcServerProtocolService.java:323)
	at org.apache.ratis.grpc.server.GrpcServerProtocolService$ServerRequestStreamObserver.onNext(GrpcServerProtocolService.java:172)
	at org.apache.ratis.thirdparty.io.grpc.stub.ServerCalls$StreamingServerCallHandler$StreamingServerCallListener.onMessage(ServerCalls.java:262)
	at org.apache.ratis.thirdparty.io.grpc.internal.ServerCallImpl$ServerStreamListenerImpl.messagesAvailableInternal(ServerCallImpl.java:334)
	at org.apache.ratis.thirdparty.io.grpc.internal.ServerCallImpl$ServerStreamListenerImpl.messagesAvailable(ServerCallImpl.java:319)
	at org.apache.ratis.thirdparty.io.grpc.internal.ServerImpl$JumpToApplicationThreadServerStreamListener$1MessagesAvailable.runInContext(ServerImpl.java:834)
	at org.apache.ratis.thirdparty.io.grpc.internal.ContextRunnable.run(ContextRunnable.java:37)
	at org.apache.ratis.thirdparty.io.grpc.internal.SerializingExecutor.run(SerializingExecutor.java:133)
	at java.util.concurrent.ThreadPoolExecutor.runWorker(ThreadPoolExecutor.java:1149)
	at java.util.concurrent.ThreadPoolExecutor$Worker.run(ThreadPoolExecutor.java:624)
	at java.lang.Thread.run(Thread.java:750)
2025-04-05 17:05:38,500 [grpc-default-executor-11] ERROR server.RaftServer$Division (RaftServerImpl.java:appendEntriesAsync(1550)) - s1@group-8F97580789F2: Failed appendEntries* s2->s1#7-t2,previous=(t:0, i:0),leaderCommit=0,initializing? false,HEARTBEAT
org.apache.ratis.protocol.exceptions.ServerNotReadyException: s1@group-8F97580789F2 is not in [STARTING, RUNNING]: current state is CLOSING
	at org.apache.ratis.server.impl.RaftServerImpl.lambda$assertLifeCycleState$7(RaftServerImpl.java:821)
	at org.apache.ratis.util.LifeCycle.assertCurrentState(LifeCycle.java:260)
	at org.apache.ratis.server.impl.RaftServerImpl.assertLifeCycleState(RaftServerImpl.java:820)
	at org.apache.ratis.server.impl.RaftServerImpl.appendEntriesAsync(RaftServerImpl.java:1541)
	at org.apache.ratis.server.impl.RaftServerProxy.lambda$null$28(RaftServerProxy.java:662)
	at org.apache.ratis.util.JavaUtils.callAsUnchecked(JavaUtils.java:118)
	at org.apache.ratis.server.impl.RaftServerProxy.lambda$appendEntriesAsync$29(RaftServerProxy.java:661)
	at java.util.concurrent.CompletableFuture.uniComposeStage(CompletableFuture.java:995)
	at java.util.concurrent.CompletableFuture.thenCompose(CompletableFuture.java:2137)
	at org.apache.ratis.server.impl.RaftServerProxy.appendEntriesAsync(RaftServerProxy.java:661)
	at org.apache.ratis.grpc.server.GrpcServerProtocolService$1.process(GrpcServerProtocolService.java:323)
	at org.apache.ratis.grpc.server.GrpcServerProtocolService$ServerRequestStreamObserver.onNext(GrpcServerProtocolService.java:172)
	at org.apache.ratis.thirdparty.io.grpc.stub.ServerCalls$StreamingServerCallHandler$StreamingServerCallListener.onMessage(ServerCalls.java:262)
	at org.apache.ratis.thirdparty.io.grpc.internal.ServerCallImpl$ServerStreamListenerImpl.messagesAvailableInternal(ServerCallImpl.java:334)
	at org.apache.ratis.thirdparty.io.grpc.internal.ServerCallImpl$ServerStreamListenerImpl.messagesAvailable(ServerCallImpl.java:319)
	at org.apache.ratis.thirdparty.io.grpc.internal.ServerImpl$JumpToApplicationThreadServerStreamListener$1MessagesAvailable.runInContext(ServerImpl.java:834)
	at org.apache.ratis.thirdparty.io.grpc.internal.ContextRunnable.run(ContextRunnable.java:37)
	at org.apache.ratis.thirdparty.io.grpc.internal.SerializingExecutor.run(SerializingExecutor.java:133)
	at java.util.concurrent.ThreadPoolExecutor.runWorker(ThreadPoolExecutor.java:1149)
	at java.util.concurrent.ThreadPoolExecutor$Worker.run(ThreadPoolExecutor.java:624)
	at java.lang.Thread.run(Thread.java:750)
2025-04-05 17:05:38,501 [s1-impl-thread1] INFO  segmented.LogSegment (LogSegment.java:close(354)) - Successfully closed EntryCache-log-0_256
2025-04-05 17:05:38,492 [s2-impl-thread1] INFO  impl.StateMachineUpdater (StateMachineUpdater.java:stopAndJoin(162)) - s2@group-8F97580789F2-StateMachineUpdater: set stopIndex = 264
2025-04-05 17:05:38,501 [grpc-default-executor-11] ERROR server.RaftServer$Division (RaftServerImpl.java:appendEntriesAsync(1550)) - s1@group-8F97580789F2: Failed appendEntries* s2->s1#8-t2,previous=(t:0, i:0),leaderCommit=0,initializing? false,HEARTBEAT
org.apache.ratis.protocol.exceptions.ServerNotReadyException: s1@group-8F97580789F2 is not in [STARTING, RUNNING]: current state is CLOSING
	at org.apache.ratis.server.impl.RaftServerImpl.lambda$assertLifeCycleState$7(RaftServerImpl.java:821)
	at org.apache.ratis.util.LifeCycle.assertCurrentState(LifeCycle.java:260)
	at org.apache.ratis.server.impl.RaftServerImpl.assertLifeCycleState(RaftServerImpl.java:820)
	at org.apache.ratis.server.impl.RaftServerImpl.appendEntriesAsync(RaftServerImpl.java:1541)
	at org.apache.ratis.server.impl.RaftServerProxy.lambda$null$28(RaftServerProxy.java:662)
	at org.apache.ratis.util.JavaUtils.callAsUnchecked(JavaUtils.java:118)
	at org.apache.ratis.server.impl.RaftServerProxy.lambda$appendEntriesAsync$29(RaftServerProxy.java:661)
	at java.util.concurrent.CompletableFuture.uniComposeStage(CompletableFuture.java:995)
	at java.util.concurrent.CompletableFuture.thenCompose(CompletableFuture.java:2137)
	at org.apache.ratis.server.impl.RaftServerProxy.appendEntriesAsync(RaftServerProxy.java:661)
	at org.apache.ratis.grpc.server.GrpcServerProtocolService$1.process(GrpcServerProtocolService.java:323)
	at org.apache.ratis.grpc.server.GrpcServerProtocolService$ServerRequestStreamObserver.onNext(GrpcServerProtocolService.java:172)
	at org.apache.ratis.thirdparty.io.grpc.stub.ServerCalls$StreamingServerCallHandler$StreamingServerCallListener.onMessage(ServerCalls.java:262)
	at org.apache.ratis.thirdparty.io.grpc.internal.ServerCallImpl$ServerStreamListenerImpl.messagesAvailableInternal(ServerCallImpl.java:334)
	at org.apache.ratis.thirdparty.io.grpc.internal.ServerCallImpl$ServerStreamListenerImpl.messagesAvailable(ServerCallImpl.java:319)
	at org.apache.ratis.thirdparty.io.grpc.internal.ServerImpl$JumpToApplicationThreadServerStreamListener$1MessagesAvailable.runInContext(ServerImpl.java:834)
	at org.apache.ratis.thirdparty.io.grpc.internal.ContextRunnable.run(ContextRunnable.java:37)
	at org.apache.ratis.thirdparty.io.grpc.internal.SerializingExecutor.run(SerializingExecutor.java:133)
	at java.util.concurrent.ThreadPoolExecutor.runWorker(ThreadPoolExecutor.java:1149)
	at java.util.concurrent.ThreadPoolExecutor$Worker.run(ThreadPoolExecutor.java:624)
	at java.lang.Thread.run(Thread.java:750)
2025-04-05 17:05:38,492 [grpc-default-executor-13] INFO  server.GrpcLogAppender (GrpcLogAppender.java:onError(563)) - s1@group-8F97580789F2->s3-GrpcLogAppender is already stopped
2025-04-05 17:05:38,491 [grpc-default-executor-12] WARN  server.GrpcServerProtocolService (LogUtils.java:warn(127)) - s3: APPEND_ENTRIES onError, lastRequest: s1->s3#3-t1,previous=(t:1, i:256),leaderCommit=256,initializing? false,entries: size=1, first=(t:1, i:257), CONFIGURATIONENTRY(current:id:"s3"address:"0.0.0.0:15024"clientAddress:"0.0.0.0:15024"adminAddress:"0.0.0.0:15024"startupRole:FOLLOWER, id:"s4"address:"0.0.0.0:15025"clientAddress:"0.0.0.0:15025"adminAddress:"0.0.0.0:15025"startupRole:FOLLOWER, id:"s0"address:"localhost:15012"dataStreamAddress:"localhost:15015"clientAddress:"localhost:15014"adminAddress:"localhost:15013"startupRole:FOLLOWER, id:"s1"address:"localhost:15016"dataStreamAddress:"localhost:15019"clientAddress:"localhost:15018"adminAddress:"localhost:15017"startupRole:FOLLOWER, id:"s2"address:"localhost:15020"dataStreamAddress:"localhost:15023"clientAddress:"localhost:15022"adminAddress:"localhost:15021"startupRole:FOLLOWER, old:id:"s0"address:"localhost:15012"dataStreamAddress:"localhost:15015"clientAddress:"localhost:15014"adminAddress:"localhost:15013"startupRole:FOLLOWER, id:"s1"address:"localhost:15016"dataStreamAddress:"localhost:15019"clientAddress:"localhost:15018"adminAddress:"localhost:15017"startupRole:FOLLOWER, id:"s2"address:"localhost:15020"dataStreamAddress:"localhost:15023"clientAddress:"localhost:15022"adminAddress:"localhost:15021"startupRole:FOLLOWER): org.apache.ratis.thirdparty.io.grpc.StatusRuntimeException: CANCELLED: client cancelled
2025-04-05 17:05:38,491 [s3@group-8F97580789F2-StateMachineUpdater] TRACE util.FileUtils (FileUtils.java:deleteFully(318)) - deleteFully /tmp/ratis-tests/statemachine/s3/snapshot/2_263
2025-04-05 17:05:38,504 [s3@group-8F97580789F2-StateMachineUpdater] TRACE util.FileUtils (FileUtils.java:deleteFully(331)) - deleteFully: /tmp/ratis-tests/statemachine/s3/snapshot/2_263 does not exist.
2025-04-05 17:05:38,490 [Thread-251] INFO  server.GrpcServerProtocolClient (GrpcServerProtocolClient.java:close(105)) - s1 Close channels
2025-04-05 17:05:38,490 [Thread-252] INFO  server.GrpcServerProtocolClient (GrpcServerProtocolClient.java:close(105)) - s2 Close channels
2025-04-05 17:05:38,490 [Thread-250] INFO  server.GrpcServerProtocolClient (GrpcServerProtocolClient.java:close(105)) - s0 Close channels
2025-04-05 17:05:38,490 [Thread-249] INFO  server.GrpcServerProtocolClient (GrpcServerProtocolClient.java:close(105)) - s4 Close channels
2025-04-05 17:05:38,490 [Thread-242] INFO  server.GrpcServerProtocolClient (GrpcServerProtocolClient.java:close(105)) - s2 Close channels
2025-04-05 17:05:38,490 [s3@group-8F97580789F2-FollowerState] INFO  impl.FollowerState (FollowerState.java:runImpl(170)) - s3@group-8F97580789F2-FollowerState was interrupted
2025-04-05 17:05:38,490 [Thread-246] INFO  server.GrpcServerProtocolClient (GrpcServerProtocolClient.java:close(105)) - s1 Close channels
2025-04-05 17:05:38,490 [Thread-248] INFO  server.GrpcServerProtocolClient (GrpcServerProtocolClient.java:close(105)) - s2 Close channels
2025-04-05 17:05:38,490 [s3-impl-thread1] INFO  impl.StateMachineUpdater (StateMachineUpdater.java:stopAndJoin(162)) - s3@group-8F97580789F2-StateMachineUpdater: set stopIndex = 263
2025-04-05 17:05:38,490 [Thread-243] INFO  server.GrpcServerProtocolClient (GrpcServerProtocolClient.java:close(105)) - s3 Close channels
2025-04-05 17:05:38,490 [Thread-245] INFO  server.GrpcServerProtocolClient (GrpcServerProtocolClient.java:close(105)) - s0 Close channels
2025-04-05 17:05:38,490 [s0@group-8F97580789F2-StateMachineUpdater] TRACE util.FileUtils (FileUtils.java:deleteFully(318)) - deleteFully /tmp/ratis-tests/statemachine/s0/snapshot/2_263
2025-04-05 17:05:38,510 [s0@group-8F97580789F2-StateMachineUpdater] TRACE util.FileUtils (FileUtils.java:deleteFully(331)) - deleteFully: /tmp/ratis-tests/statemachine/s0/snapshot/2_263 does not exist.
2025-04-05 17:05:38,510 [s0@group-8F97580789F2-StateMachineUpdater] TRACE util.FileUtils (FileUtils.java:deleteFully(318)) - deleteFully /tmp/ratis-tests/statemachine/s0/tmp/3f14d584-f8d8-44ce-8905-3244e6b3f571
2025-04-05 17:05:38,510 [s0@group-8F97580789F2-StateMachineUpdater] TRACE util.FileUtils (FileUtils.java:deleteFully(331)) - deleteFully: /tmp/ratis-tests/statemachine/s0/tmp/3f14d584-f8d8-44ce-8905-3244e6b3f571 does not exist.
2025-04-05 17:05:38,511 [s0@group-8F97580789F2-StateMachineUpdater] TRACE util.FileUtils (LogUtils.java:runAndLog(49)) - Successfully ran Atomic Files.move /tmp/ratis-tests/statemachine/s0/tmp/3f14d584-f8d8-44ce-8905-3244e6b3f571 to /tmp/ratis-tests/statemachine/s0/snapshot/2_263
2025-04-05 17:05:38,511 [s0@group-8F97580789F2-StateMachineUpdater] INFO  impl.StateMachineUpdater (StateMachineUpdater.java:takeSnapshot(311)) - s0@group-8F97580789F2-StateMachineUpdater: Took a snapshot at index 263
2025-04-05 17:05:38,511 [s0@group-8F97580789F2-StateMachineUpdater] INFO  impl.StateMachineUpdater (StateMachineUpdater.java:lambda$new$0(100)) - s0@group-8F97580789F2-StateMachineUpdater: snapshotIndex: updateIncreasingly 255 -> 263
2025-04-05 17:05:38,511 [MiniRaftCluster-8] INFO  server.GrpcServicesImpl (GrpcServicesImpl.java:closeImpl(371)) - s4: shutdown server GrpcServerProtocolService successfully
2025-04-05 17:05:38,490 [s0@group-8F97580789F2-FollowerState] INFO  impl.FollowerState (FollowerState.java:runImpl(170)) - s0@group-8F97580789F2-FollowerState was interrupted
2025-04-05 17:05:38,511 [s0@group-8F97580789F2-StateMachineUpdater] INFO  impl.StateMachineUpdater (StateMachineUpdater.java:stop(139)) - s0@group-8F97580789F2-StateMachineUpdater: closing StateMachineWithSeparatedSnapshotPath, lastApplied=(t:2, i:263)
2025-04-05 17:05:38,490 [s0-impl-thread1] INFO  impl.StateMachineUpdater (StateMachineUpdater.java:stopAndJoin(162)) - s0@group-8F97580789F2-StateMachineUpdater: set stopIndex = 263
2025-04-05 17:05:38,512 [s0-impl-thread1] INFO  raftlog.RaftLog (SegmentedRaftLog.java:close(569)) - Start closing s0@group-8F97580789F2-SegmentedRaftLog:OPENED:c263:last(t:2, i:264)
2025-04-05 17:05:38,487 [s4@group-8F97580789F2-StateMachineUpdater] TRACE util.FileUtils (FileUtils.java:deleteFully(318)) - deleteFully /tmp/ratis-tests/statemachine/s4/snapshot/2_263
2025-04-05 17:05:38,513 [s4@group-8F97580789F2-StateMachineUpdater] TRACE util.FileUtils (FileUtils.java:deleteFully(331)) - deleteFully: /tmp/ratis-tests/statemachine/s4/snapshot/2_263 does not exist.
2025-04-05 17:05:38,513 [s4@group-8F97580789F2-StateMachineUpdater] TRACE util.FileUtils (FileUtils.java:deleteFully(318)) - deleteFully /tmp/ratis-tests/statemachine/s4/tmp/763a37af-8e30-431d-927f-d9ad0d3bb875
2025-04-05 17:05:38,513 [s4@group-8F97580789F2-StateMachineUpdater] TRACE util.FileUtils (FileUtils.java:deleteFully(331)) - deleteFully: /tmp/ratis-tests/statemachine/s4/tmp/763a37af-8e30-431d-927f-d9ad0d3bb875 does not exist.
2025-04-05 17:05:38,513 [s4@group-8F97580789F2-StateMachineUpdater] TRACE util.FileUtils (LogUtils.java:runAndLog(49)) - Successfully ran Atomic Files.move /tmp/ratis-tests/statemachine/s4/tmp/763a37af-8e30-431d-927f-d9ad0d3bb875 to /tmp/ratis-tests/statemachine/s4/snapshot/2_263
2025-04-05 17:05:38,513 [s4@group-8F97580789F2-StateMachineUpdater] INFO  impl.StateMachineUpdater (StateMachineUpdater.java:takeSnapshot(311)) - s4@group-8F97580789F2-StateMachineUpdater: Took a snapshot at index 263
2025-04-05 17:05:38,513 [s4@group-8F97580789F2-StateMachineUpdater] INFO  impl.StateMachineUpdater (StateMachineUpdater.java:lambda$new$0(100)) - s4@group-8F97580789F2-StateMachineUpdater: snapshotIndex: updateIncreasingly 255 -> 263
2025-04-05 17:05:38,513 [s4@group-8F97580789F2-StateMachineUpdater] INFO  impl.StateMachineUpdater (StateMachineUpdater.java:stop(139)) - s4@group-8F97580789F2-StateMachineUpdater: closing StateMachineWithSeparatedSnapshotPath, lastApplied=(t:2, i:263)
2025-04-05 17:05:38,510 [MiniRaftCluster-7] INFO  server.GrpcServicesImpl (GrpcServicesImpl.java:closeImpl(371)) - s3: shutdown server GrpcServerProtocolService successfully
2025-04-05 17:05:38,509 [MiniRaftCluster-9] INFO  server.GrpcServicesImpl (GrpcServicesImpl.java:closeImpl(371)) - s0: shutdown server org.apache.ratis.grpc.server.GrpcClientProtocolService successfully
2025-04-05 17:05:38,514 [MiniRaftCluster-9] INFO  server.GrpcServicesImpl (GrpcServicesImpl.java:closeImpl(362)) - s0: shutdown server GrpcServerProtocolService now
2025-04-05 17:05:38,514 [s0@group-8F97580789F2-cacheEviction-AwaitToRun] INFO  util.AwaitToRun (AwaitToRun.java:run(49)) - s0@group-8F97580789F2-cacheEviction-AwaitToRun-AwaitForSignal is interrupted
2025-04-05 17:05:38,509 [grpc-default-executor-6] INFO  util.CodeInjectionForTesting (BlockRequestHandlingInjection.java:execute(84)) - s1: unBlock request from s0
2025-04-05 17:05:38,514 [grpc-default-executor-6] INFO  server.RaftServer$Division (RaftServerImpl.java:requestVote(1475)) - s1@group-8F97580789F2: receive requestVote(PRE_VOTE, s0, group-8F97580789F2, 1, (t:1, i:256))
2025-04-05 17:05:38,514 [s4-impl-thread1] INFO  raftlog.RaftLog (SegmentedRaftLog.java:close(569)) - Start closing s4@group-8F97580789F2-SegmentedRaftLog:OPENED:c263:last(t:2, i:264)
2025-04-05 17:05:38,505 [s3@group-8F97580789F2-StateMachineUpdater] TRACE util.FileUtils (FileUtils.java:deleteFully(318)) - deleteFully /tmp/ratis-tests/statemachine/s3/tmp/39a98bc0-0511-4dfd-984e-e18e9ab5a4a6
2025-04-05 17:05:38,515 [s3@group-8F97580789F2-StateMachineUpdater] TRACE util.FileUtils (FileUtils.java:deleteFully(331)) - deleteFully: /tmp/ratis-tests/statemachine/s3/tmp/39a98bc0-0511-4dfd-984e-e18e9ab5a4a6 does not exist.
2025-04-05 17:05:38,515 [s3@group-8F97580789F2-StateMachineUpdater] TRACE util.FileUtils (LogUtils.java:runAndLog(49)) - Successfully ran Atomic Files.move /tmp/ratis-tests/statemachine/s3/tmp/39a98bc0-0511-4dfd-984e-e18e9ab5a4a6 to /tmp/ratis-tests/statemachine/s3/snapshot/2_263
2025-04-05 17:05:38,515 [s3@group-8F97580789F2-StateMachineUpdater] INFO  impl.StateMachineUpdater (StateMachineUpdater.java:takeSnapshot(311)) - s3@group-8F97580789F2-StateMachineUpdater: Took a snapshot at index 263
2025-04-05 17:05:38,515 [s3@group-8F97580789F2-StateMachineUpdater] INFO  impl.StateMachineUpdater (StateMachineUpdater.java:lambda$new$0(100)) - s3@group-8F97580789F2-StateMachineUpdater: snapshotIndex: updateIncreasingly 255 -> 263
2025-04-05 17:05:38,515 [s3@group-8F97580789F2-StateMachineUpdater] INFO  impl.StateMachineUpdater (StateMachineUpdater.java:stop(139)) - s3@group-8F97580789F2-StateMachineUpdater: closing StateMachineWithSeparatedSnapshotPath, lastApplied=(t:2, i:263)
2025-04-05 17:05:38,516 [s0-impl-thread1] INFO  segmented.LogSegment (LogSegment.java:close(354)) - Successfully closed EntryCache-log_inprogress_257
2025-04-05 17:05:38,503 [s1@group-8F97580789F2-SegmentedRaftLogWorker] INFO  segmented.SegmentedRaftLogWorker (SegmentedRaftLogWorker.java:execute(669)) - s1@group-8F97580789F2-SegmentedRaftLogWorker: created new log segment /home/runner/work/ratis/ratis/ratis-test/target/test/data/7d2f1e3c/MiniRaftClusterWithGrpc65d740a0/s1/278962cf-de14-401e-b053-8f97580789f2/current/log_inprogress_257
2025-04-05 17:05:38,516 [s4@group-8F97580789F2-cacheEviction-AwaitToRun] INFO  util.AwaitToRun (AwaitToRun.java:run(49)) - s4@group-8F97580789F2-cacheEviction-AwaitToRun-AwaitForSignal is interrupted
2025-04-05 17:05:38,516 [s3-impl-thread1] INFO  raftlog.RaftLog (SegmentedRaftLog.java:close(569)) - Start closing s3@group-8F97580789F2-SegmentedRaftLog:OPENED:c263:last(t:2, i:264)
2025-04-05 17:05:38,516 [grpc-default-executor-12] WARN  server.GrpcServerProtocolService (LogUtils.java:warn(127)) - s0: APPEND_ENTRIES onError, lastRequest: s2->s0#20-t2,previous=(t:2, i:263),leaderCommit=263,initializing? false,entries: size=1, first=(t:2, i:264), METADATAENTRY(c:263): org.apache.ratis.thirdparty.io.grpc.StatusRuntimeException: CANCELLED: client cancelled
2025-04-05 17:05:38,502 [grpc-default-executor-11] ERROR server.RaftServer$Division (RaftServerImpl.java:appendEntriesAsync(1550)) - s1@group-8F97580789F2: Failed appendEntries* s2->s1#9-t2,previous=(t:0, i:0),leaderCommit=0,initializing? false,HEARTBEAT
org.apache.ratis.protocol.exceptions.ServerNotReadyException: s1@group-8F97580789F2 is not in [STARTING, RUNNING]: current state is CLOSING
	at org.apache.ratis.server.impl.RaftServerImpl.lambda$assertLifeCycleState$7(RaftServerImpl.java:821)
	at org.apache.ratis.util.LifeCycle.assertCurrentState(LifeCycle.java:260)
	at org.apache.ratis.server.impl.RaftServerImpl.assertLifeCycleState(RaftServerImpl.java:820)
	at org.apache.ratis.server.impl.RaftServerImpl.appendEntriesAsync(RaftServerImpl.java:1541)
	at org.apache.ratis.server.impl.RaftServerProxy.lambda$null$28(RaftServerProxy.java:662)
	at org.apache.ratis.util.JavaUtils.callAsUnchecked(JavaUtils.java:118)
	at org.apache.ratis.server.impl.RaftServerProxy.lambda$appendEntriesAsync$29(RaftServerProxy.java:661)
	at java.util.concurrent.CompletableFuture.uniComposeStage(CompletableFuture.java:995)
	at java.util.concurrent.CompletableFuture.thenCompose(CompletableFuture.java:2137)
	at org.apache.ratis.server.impl.RaftServerProxy.appendEntriesAsync(RaftServerProxy.java:661)
	at org.apache.ratis.grpc.server.GrpcServerProtocolService$1.process(GrpcServerProtocolService.java:323)
	at org.apache.ratis.grpc.server.GrpcServerProtocolService$ServerRequestStreamObserver.onNext(GrpcServerProtocolService.java:172)
	at org.apache.ratis.thirdparty.io.grpc.stub.ServerCalls$StreamingServerCallHandler$StreamingServerCallListener.onMessage(ServerCalls.java:262)
	at org.apache.ratis.thirdparty.io.grpc.internal.ServerCallImpl$ServerStreamListenerImpl.messagesAvailableInternal(ServerCallImpl.java:334)
	at org.apache.ratis.thirdparty.io.grpc.internal.ServerCallImpl$ServerStreamListenerImpl.messagesAvailable(ServerCallImpl.java:319)
	at org.apache.ratis.thirdparty.io.grpc.internal.ServerImpl$JumpToApplicationThreadServerStreamListener$1MessagesAvailable.runInContext(ServerImpl.java:834)
	at org.apache.ratis.thirdparty.io.grpc.internal.ContextRunnable.run(ContextRunnable.java:37)
	at org.apache.ratis.thirdparty.io.grpc.internal.SerializingExecutor.run(SerializingExecutor.java:133)
	at java.util.concurrent.ThreadPoolExecutor.runWorker(ThreadPoolExecutor.java:1149)
	at java.util.concurrent.ThreadPoolExecutor$Worker.run(ThreadPoolExecutor.java:624)
	at java.lang.Thread.run(Thread.java:750)
2025-04-05 17:05:38,518 [grpc-default-executor-11] INFO  server.GrpcLogAppender (GrpcLogAppender.java:onError(563)) - s1@group-8F97580789F2->s0-GrpcLogAppender is already stopped
2025-04-05 17:05:38,500 [s2@group-8F97580789F2-StateMachineUpdater] TRACE util.FileUtils (LogUtils.java:runAndLog(49)) - Successfully ran Atomic Files.move /tmp/ratis-tests/statemachine/s2/tmp/72978c0f-2293-49be-8bdb-d87ab7d4fb4b to /tmp/ratis-tests/statemachine/s2/snapshot/2_264
2025-04-05 17:05:38,518 [s2@group-8F97580789F2-StateMachineUpdater] INFO  impl.StateMachineUpdater (StateMachineUpdater.java:takeSnapshot(311)) - s2@group-8F97580789F2-StateMachineUpdater: Took a snapshot at index 264
2025-04-05 17:05:38,518 [s2@group-8F97580789F2-StateMachineUpdater] INFO  impl.StateMachineUpdater (StateMachineUpdater.java:lambda$new$0(100)) - s2@group-8F97580789F2-StateMachineUpdater: snapshotIndex: updateIncreasingly 255 -> 264
2025-04-05 17:05:38,518 [MiniRaftCluster-9] INFO  server.GrpcServicesImpl (GrpcServicesImpl.java:closeImpl(371)) - s0: shutdown server GrpcServerProtocolService successfully
2025-04-05 17:05:38,520 [MiniRaftCluster-9] INFO  server.GrpcServicesImpl (GrpcServicesImpl.java:closeImpl(362)) - s0: shutdown server org.apache.ratis.grpc.server.GrpcAdminProtocolService now
2025-04-05 17:05:38,517 [grpc-default-executor-13] INFO  server.GrpcLogAppender (GrpcLogAppender.java:onError(563)) - s2@group-8F97580789F2->s0-GrpcLogAppender is already stopped
2025-04-05 17:05:38,517 [s0-impl-thread1] INFO  segmented.LogSegment (LogSegment.java:close(354)) - Successfully closed EntryCache-log-0_256
2025-04-05 17:05:38,520 [MiniRaftCluster-9] INFO  server.GrpcServicesImpl (GrpcServicesImpl.java:closeImpl(371)) - s0: shutdown server org.apache.ratis.grpc.server.GrpcAdminProtocolService successfully
2025-04-05 17:05:38,520 [grpc-default-executor-12] ERROR server.RaftServer$Division (RaftServerImpl.java:appendEntriesAsync(1550)) - s1@group-8F97580789F2: Failed appendEntries* s2->s1#10-t2,previous=(t:0, i:0),leaderCommit=0,initializing? false,HEARTBEAT
org.apache.ratis.protocol.exceptions.ServerNotReadyException: s1@group-8F97580789F2 is not in [STARTING, RUNNING]: current state is CLOSING
	at org.apache.ratis.server.impl.RaftServerImpl.lambda$assertLifeCycleState$7(RaftServerImpl.java:821)
	at org.apache.ratis.util.LifeCycle.assertCurrentState(LifeCycle.java:260)
	at org.apache.ratis.server.impl.RaftServerImpl.assertLifeCycleState(RaftServerImpl.java:820)
	at org.apache.ratis.server.impl.RaftServerImpl.appendEntriesAsync(RaftServerImpl.java:1541)
	at org.apache.ratis.server.impl.RaftServerProxy.lambda$null$28(RaftServerProxy.java:662)
	at org.apache.ratis.util.JavaUtils.callAsUnchecked(JavaUtils.java:118)
	at org.apache.ratis.server.impl.RaftServerProxy.lambda$appendEntriesAsync$29(RaftServerProxy.java:661)
	at java.util.concurrent.CompletableFuture.uniComposeStage(CompletableFuture.java:995)
	at java.util.concurrent.CompletableFuture.thenCompose(CompletableFuture.java:2137)
	at org.apache.ratis.server.impl.RaftServerProxy.appendEntriesAsync(RaftServerProxy.java:661)
	at org.apache.ratis.grpc.server.GrpcServerProtocolService$1.process(GrpcServerProtocolService.java:323)
	at org.apache.ratis.grpc.server.GrpcServerProtocolService$ServerRequestStreamObserver.onNext(GrpcServerProtocolService.java:172)
	at org.apache.ratis.thirdparty.io.grpc.stub.ServerCalls$StreamingServerCallHandler$StreamingServerCallListener.onMessage(ServerCalls.java:262)
	at org.apache.ratis.thirdparty.io.grpc.internal.ServerCallImpl$ServerStreamListenerImpl.messagesAvailableInternal(ServerCallImpl.java:334)
	at org.apache.ratis.thirdparty.io.grpc.internal.ServerCallImpl$ServerStreamListenerImpl.messagesAvailable(ServerCallImpl.java:319)
	at org.apache.ratis.thirdparty.io.grpc.internal.ServerImpl$JumpToApplicationThreadServerStreamListener$1MessagesAvailable.runInContext(ServerImpl.java:834)
	at org.apache.ratis.thirdparty.io.grpc.internal.ContextRunnable.run(ContextRunnable.java:37)
	at org.apache.ratis.thirdparty.io.grpc.internal.SerializingExecutor.run(SerializingExecutor.java:133)
	at java.util.concurrent.ThreadPoolExecutor.runWorker(ThreadPoolExecutor.java:1149)
	at java.util.concurrent.ThreadPoolExecutor$Worker.run(ThreadPoolExecutor.java:624)
	at java.lang.Thread.run(Thread.java:750)
2025-04-05 17:05:38,519 [s2@group-8F97580789F2-StateMachineUpdater] INFO  raftlog.RaftLog (RaftLogBase.java:purge(339)) - s2@group-8F97580789F2-SegmentedRaftLog: purge 264
2025-04-05 17:05:38,519 [grpc-default-executor-3] INFO  util.CodeInjectionForTesting (BlockRequestHandlingInjection.java:execute(84)) - s1: unBlock request from s2
2025-04-05 17:05:38,521 [grpc-default-executor-3] INFO  server.RaftServer$Division (RaftServerImpl.java:requestVote(1475)) - s1@group-8F97580789F2: receive requestVote(PRE_VOTE, s2, group-8F97580789F2, 1, (t:1, i:256))
2025-04-05 17:05:38,521 [grpc-default-executor-3] WARN  server.GrpcServerProtocolService (LogUtils.java:warn(127)) - s1: Failed requestVote s2->s1#0: org.apache.ratis.protocol.exceptions.ServerNotReadyException: s1@group-8F97580789F2 is not in [RUNNING]: current state is CLOSING
2025-04-05 17:05:38,519 [s1-impl-thread1] INFO  segmented.SegmentedRaftLogWorker (SegmentedRaftLogWorker.java:close(256)) - s1@group-8F97580789F2-SegmentedRaftLogWorker close()
2025-04-05 17:05:38,522 [s1-impl-thread1] INFO  raftlog.RaftLog (SegmentedRaftLog.java:close(577)) - Successfully closed s1@group-8F97580789F2-SegmentedRaftLog:CLOSED:c256
2025-04-05 17:05:38,523 [grpc-default-executor-12] ERROR server.RaftServer$Division (RaftServerImpl.java:appendEntriesAsync(1550)) - s1@group-8F97580789F2: Failed appendEntries* s2->s1#11-t2,previous=(t:0, i:0),leaderCommit=0,initializing? false,HEARTBEAT
org.apache.ratis.protocol.exceptions.ServerNotReadyException: s1@group-8F97580789F2 is not in [STARTING, RUNNING]: current state is CLOSING
	at org.apache.ratis.server.impl.RaftServerImpl.lambda$assertLifeCycleState$7(RaftServerImpl.java:821)
	at org.apache.ratis.util.LifeCycle.assertCurrentState(LifeCycle.java:260)
	at org.apache.ratis.server.impl.RaftServerImpl.assertLifeCycleState(RaftServerImpl.java:820)
	at org.apache.ratis.server.impl.RaftServerImpl.appendEntriesAsync(RaftServerImpl.java:1541)
	at org.apache.ratis.server.impl.RaftServerProxy.lambda$null$28(RaftServerProxy.java:662)
	at org.apache.ratis.util.JavaUtils.callAsUnchecked(JavaUtils.java:118)
	at org.apache.ratis.server.impl.RaftServerProxy.lambda$appendEntriesAsync$29(RaftServerProxy.java:661)
	at java.util.concurrent.CompletableFuture.uniComposeStage(CompletableFuture.java:995)
	at java.util.concurrent.CompletableFuture.thenCompose(CompletableFuture.java:2137)
	at org.apache.ratis.server.impl.RaftServerProxy.appendEntriesAsync(RaftServerProxy.java:661)
	at org.apache.ratis.grpc.server.GrpcServerProtocolService$1.process(GrpcServerProtocolService.java:323)
	at org.apache.ratis.grpc.server.GrpcServerProtocolService$ServerRequestStreamObserver.onNext(GrpcServerProtocolService.java:172)
	at org.apache.ratis.thirdparty.io.grpc.stub.ServerCalls$StreamingServerCallHandler$StreamingServerCallListener.onMessage(ServerCalls.java:262)
	at org.apache.ratis.thirdparty.io.grpc.internal.ServerCallImpl$ServerStreamListenerImpl.messagesAvailableInternal(ServerCallImpl.java:334)
	at org.apache.ratis.thirdparty.io.grpc.internal.ServerCallImpl$ServerStreamListenerImpl.messagesAvailable(ServerCallImpl.java:319)
	at org.apache.ratis.thirdparty.io.grpc.internal.ServerImpl$JumpToApplicationThreadServerStreamListener$1MessagesAvailable.runInContext(ServerImpl.java:834)
	at org.apache.ratis.thirdparty.io.grpc.internal.ContextRunnable.run(ContextRunnable.java:37)
	at org.apache.ratis.thirdparty.io.grpc.internal.SerializingExecutor.run(SerializingExecutor.java:133)
	at java.util.concurrent.ThreadPoolExecutor.runWorker(ThreadPoolExecutor.java:1149)
	at java.util.concurrent.ThreadPoolExecutor$Worker.run(ThreadPoolExecutor.java:624)
	at java.lang.Thread.run(Thread.java:750)
2025-04-05 17:05:38,523 [grpc-default-executor-12] ERROR server.RaftServer$Division (RaftServerImpl.java:appendEntriesAsync(1550)) - s1@group-8F97580789F2: Failed appendEntries* s2->s1#12-t2,previous=(t:0, i:0),leaderCommit=0,initializing? false,HEARTBEAT
org.apache.ratis.protocol.exceptions.ServerNotReadyException: s1@group-8F97580789F2 is not in [STARTING, RUNNING]: current state is CLOSING
	at org.apache.ratis.server.impl.RaftServerImpl.lambda$assertLifeCycleState$7(RaftServerImpl.java:821)
	at org.apache.ratis.util.LifeCycle.assertCurrentState(LifeCycle.java:260)
	at org.apache.ratis.server.impl.RaftServerImpl.assertLifeCycleState(RaftServerImpl.java:820)
	at org.apache.ratis.server.impl.RaftServerImpl.appendEntriesAsync(RaftServerImpl.java:1541)
	at org.apache.ratis.server.impl.RaftServerProxy.lambda$null$28(RaftServerProxy.java:662)
	at org.apache.ratis.util.JavaUtils.callAsUnchecked(JavaUtils.java:118)
	at org.apache.ratis.server.impl.RaftServerProxy.lambda$appendEntriesAsync$29(RaftServerProxy.java:661)
	at java.util.concurrent.CompletableFuture.uniComposeStage(CompletableFuture.java:995)
	at java.util.concurrent.CompletableFuture.thenCompose(CompletableFuture.java:2137)
	at org.apache.ratis.server.impl.RaftServerProxy.appendEntriesAsync(RaftServerProxy.java:661)
	at org.apache.ratis.grpc.server.GrpcServerProtocolService$1.process(GrpcServerProtocolService.java:323)
	at org.apache.ratis.grpc.server.GrpcServerProtocolService$ServerRequestStreamObserver.onNext(GrpcServerProtocolService.java:172)
	at org.apache.ratis.thirdparty.io.grpc.stub.ServerCalls$StreamingServerCallHandler$StreamingServerCallListener.onMessage(ServerCalls.java:262)
	at org.apache.ratis.thirdparty.io.grpc.internal.ServerCallImpl$ServerStreamListenerImpl.messagesAvailableInternal(ServerCallImpl.java:334)
	at org.apache.ratis.thirdparty.io.grpc.internal.ServerCallImpl$ServerStreamListenerImpl.messagesAvailable(ServerCallImpl.java:319)
	at org.apache.ratis.thirdparty.io.grpc.internal.ServerImpl$JumpToApplicationThreadServerStreamListener$1MessagesAvailable.runInContext(ServerImpl.java:834)
	at org.apache.ratis.thirdparty.io.grpc.internal.ContextRunnable.run(ContextRunnable.java:37)
	at org.apache.ratis.thirdparty.io.grpc.internal.SerializingExecutor.run(SerializingExecutor.java:133)
	at java.util.concurrent.ThreadPoolExecutor.runWorker(ThreadPoolExecutor.java:1149)
	at java.util.concurrent.ThreadPoolExecutor$Worker.run(ThreadPoolExecutor.java:624)
	at java.lang.Thread.run(Thread.java:750)
2025-04-05 17:05:38,518 [grpc-default-executor-6] WARN  server.GrpcServerProtocolService (LogUtils.java:warn(127)) - s1: Failed requestVote s0->s1#0: org.apache.ratis.protocol.exceptions.ServerNotReadyException: s1@group-8F97580789F2 is not in [RUNNING]: current state is CLOSING
2025-04-05 17:05:38,526 [grpc-default-executor-12] ERROR server.RaftServer$Division (RaftServerImpl.java:appendEntriesAsync(1550)) - s1@group-8F97580789F2: Failed appendEntries* s2->s1#13-t2,previous=(t:0, i:0),leaderCommit=0,initializing? false,HEARTBEAT
org.apache.ratis.protocol.exceptions.ServerNotReadyException: s1@group-8F97580789F2 is not in [STARTING, RUNNING]: current state is CLOSING
	at org.apache.ratis.server.impl.RaftServerImpl.lambda$assertLifeCycleState$7(RaftServerImpl.java:821)
	at org.apache.ratis.util.LifeCycle.assertCurrentState(LifeCycle.java:260)
	at org.apache.ratis.server.impl.RaftServerImpl.assertLifeCycleState(RaftServerImpl.java:820)
	at org.apache.ratis.server.impl.RaftServerImpl.appendEntriesAsync(RaftServerImpl.java:1541)
	at org.apache.ratis.server.impl.RaftServerProxy.lambda$null$28(RaftServerProxy.java:662)
	at org.apache.ratis.util.JavaUtils.callAsUnchecked(JavaUtils.java:118)
	at org.apache.ratis.server.impl.RaftServerProxy.lambda$appendEntriesAsync$29(RaftServerProxy.java:661)
	at java.util.concurrent.CompletableFuture.uniComposeStage(CompletableFuture.java:995)
	at java.util.concurrent.CompletableFuture.thenCompose(CompletableFuture.java:2137)
	at org.apache.ratis.server.impl.RaftServerProxy.appendEntriesAsync(RaftServerProxy.java:661)
	at org.apache.ratis.grpc.server.GrpcServerProtocolService$1.process(GrpcServerProtocolService.java:323)
	at org.apache.ratis.grpc.server.GrpcServerProtocolService$ServerRequestStreamObserver.onNext(GrpcServerProtocolService.java:172)
	at org.apache.ratis.thirdparty.io.grpc.stub.ServerCalls$StreamingServerCallHandler$StreamingServerCallListener.onMessage(ServerCalls.java:262)
	at org.apache.ratis.thirdparty.io.grpc.internal.ServerCallImpl$ServerStreamListenerImpl.messagesAvailableInternal(ServerCallImpl.java:334)
	at org.apache.ratis.thirdparty.io.grpc.internal.ServerCallImpl$ServerStreamListenerImpl.messagesAvailable(ServerCallImpl.java:319)
	at org.apache.ratis.thirdparty.io.grpc.internal.ServerImpl$JumpToApplicationThreadServerStreamListener$1MessagesAvailable.runInContext(ServerImpl.java:834)
	at org.apache.ratis.thirdparty.io.grpc.internal.ContextRunnable.run(ContextRunnable.java:37)
	at org.apache.ratis.thirdparty.io.grpc.internal.SerializingExecutor.run(SerializingExecutor.java:133)
	at java.util.concurrent.ThreadPoolExecutor.runWorker(ThreadPoolExecutor.java:1149)
	at java.util.concurrent.ThreadPoolExecutor$Worker.run(ThreadPoolExecutor.java:624)
	at java.lang.Thread.run(Thread.java:750)
2025-04-05 17:05:38,526 [grpc-default-executor-12] ERROR server.RaftServer$Division (RaftServerImpl.java:appendEntriesAsync(1550)) - s1@group-8F97580789F2: Failed appendEntries* s2->s1#14-t2,previous=(t:0, i:0),leaderCommit=0,initializing? false,HEARTBEAT
org.apache.ratis.protocol.exceptions.ServerNotReadyException: s1@group-8F97580789F2 is not in [STARTING, RUNNING]: current state is CLOSING
	at org.apache.ratis.server.impl.RaftServerImpl.lambda$assertLifeCycleState$7(RaftServerImpl.java:821)
	at org.apache.ratis.util.LifeCycle.assertCurrentState(LifeCycle.java:260)
	at org.apache.ratis.server.impl.RaftServerImpl.assertLifeCycleState(RaftServerImpl.java:820)
	at org.apache.ratis.server.impl.RaftServerImpl.appendEntriesAsync(RaftServerImpl.java:1541)
	at org.apache.ratis.server.impl.RaftServerProxy.lambda$null$28(RaftServerProxy.java:662)
	at org.apache.ratis.util.JavaUtils.callAsUnchecked(JavaUtils.java:118)
	at org.apache.ratis.server.impl.RaftServerProxy.lambda$appendEntriesAsync$29(RaftServerProxy.java:661)
	at java.util.concurrent.CompletableFuture.uniComposeStage(CompletableFuture.java:995)
	at java.util.concurrent.CompletableFuture.thenCompose(CompletableFuture.java:2137)
	at org.apache.ratis.server.impl.RaftServerProxy.appendEntriesAsync(RaftServerProxy.java:661)
	at org.apache.ratis.grpc.server.GrpcServerProtocolService$1.process(GrpcServerProtocolService.java:323)
	at org.apache.ratis.grpc.server.GrpcServerProtocolService$ServerRequestStreamObserver.onNext(GrpcServerProtocolService.java:172)
	at org.apache.ratis.thirdparty.io.grpc.stub.ServerCalls$StreamingServerCallHandler$StreamingServerCallListener.onMessage(ServerCalls.java:262)
	at org.apache.ratis.thirdparty.io.grpc.internal.ServerCallImpl$ServerStreamListenerImpl.messagesAvailableInternal(ServerCallImpl.java:334)
	at org.apache.ratis.thirdparty.io.grpc.internal.ServerCallImpl$ServerStreamListenerImpl.messagesAvailable(ServerCallImpl.java:319)
	at org.apache.ratis.thirdparty.io.grpc.internal.ServerImpl$JumpToApplicationThreadServerStreamListener$1MessagesAvailable.runInContext(ServerImpl.java:834)
	at org.apache.ratis.thirdparty.io.grpc.internal.ContextRunnable.run(ContextRunnable.java:37)
	at org.apache.ratis.thirdparty.io.grpc.internal.SerializingExecutor.run(SerializingExecutor.java:133)
	at java.util.concurrent.ThreadPoolExecutor.runWorker(ThreadPoolExecutor.java:1149)
	at java.util.concurrent.ThreadPoolExecutor$Worker.run(ThreadPoolExecutor.java:624)
	at java.lang.Thread.run(Thread.java:750)
2025-04-05 17:05:38,527 [grpc-default-executor-12] ERROR server.RaftServer$Division (RaftServerImpl.java:appendEntriesAsync(1550)) - s1@group-8F97580789F2: Failed appendEntries* s2->s1#15-t2,previous=(t:0, i:0),leaderCommit=0,initializing? false,HEARTBEAT
org.apache.ratis.protocol.exceptions.ServerNotReadyException: s1@group-8F97580789F2 is not in [STARTING, RUNNING]: current state is CLOSING
	at org.apache.ratis.server.impl.RaftServerImpl.lambda$assertLifeCycleState$7(RaftServerImpl.java:821)
	at org.apache.ratis.util.LifeCycle.assertCurrentState(LifeCycle.java:260)
	at org.apache.ratis.server.impl.RaftServerImpl.assertLifeCycleState(RaftServerImpl.java:820)
	at org.apache.ratis.server.impl.RaftServerImpl.appendEntriesAsync(RaftServerImpl.java:1541)
	at org.apache.ratis.server.impl.RaftServerProxy.lambda$null$28(RaftServerProxy.java:662)
	at org.apache.ratis.util.JavaUtils.callAsUnchecked(JavaUtils.java:118)
	at org.apache.ratis.server.impl.RaftServerProxy.lambda$appendEntriesAsync$29(RaftServerProxy.java:661)
	at java.util.concurrent.CompletableFuture.uniComposeStage(CompletableFuture.java:995)
	at java.util.concurrent.CompletableFuture.thenCompose(CompletableFuture.java:2137)
	at org.apache.ratis.server.impl.RaftServerProxy.appendEntriesAsync(RaftServerProxy.java:661)
	at org.apache.ratis.grpc.server.GrpcServerProtocolService$1.process(GrpcServerProtocolService.java:323)
	at org.apache.ratis.grpc.server.GrpcServerProtocolService$ServerRequestStreamObserver.onNext(GrpcServerProtocolService.java:172)
	at org.apache.ratis.thirdparty.io.grpc.stub.ServerCalls$StreamingServerCallHandler$StreamingServerCallListener.onMessage(ServerCalls.java:262)
	at org.apache.ratis.thirdparty.io.grpc.internal.ServerCallImpl$ServerStreamListenerImpl.messagesAvailableInternal(ServerCallImpl.java:334)
	at org.apache.ratis.thirdparty.io.grpc.internal.ServerCallImpl$ServerStreamListenerImpl.messagesAvailable(ServerCallImpl.java:319)
	at org.apache.ratis.thirdparty.io.grpc.internal.ServerImpl$JumpToApplicationThreadServerStreamListener$1MessagesAvailable.runInContext(ServerImpl.java:834)
	at org.apache.ratis.thirdparty.io.grpc.internal.ContextRunnable.run(ContextRunnable.java:37)
	at org.apache.ratis.thirdparty.io.grpc.internal.SerializingExecutor.run(SerializingExecutor.java:133)
	at java.util.concurrent.ThreadPoolExecutor.runWorker(ThreadPoolExecutor.java:1149)
	at java.util.concurrent.ThreadPoolExecutor$Worker.run(ThreadPoolExecutor.java:624)
	at java.lang.Thread.run(Thread.java:750)
2025-04-05 17:05:38,518 [s4-impl-thread1] INFO  segmented.LogSegment (LogSegment.java:close(354)) - Successfully closed EntryCache-log_inprogress_257
2025-04-05 17:05:38,518 [s3@group-8F97580789F2-cacheEviction-AwaitToRun] INFO  util.AwaitToRun (AwaitToRun.java:run(49)) - s3@group-8F97580789F2-cacheEviction-AwaitToRun-AwaitForSignal is interrupted
2025-04-05 17:05:38,526 [s2@group-8F97580789F2-StateMachineUpdater] INFO  raftlog.RaftLog (RaftLogBase.java:lambda$new$0(57)) - s2@group-8F97580789F2-SegmentedRaftLog: snapshotIndex: updateIncreasingly 255 -> 264
2025-04-05 17:05:38,527 [s2@group-8F97580789F2-StateMachineUpdater] INFO  raftlog.RaftLog (SegmentedRaftLog.java:purgeImpl(410)) - s2@group-8F97580789F2-SegmentedRaftLog: purge(264)
  toTruncate: null
    toDelete: [(0, 256) isOpen? false, length=0, newEndIndex=0]
2025-04-05 17:05:38,528 [s4-impl-thread1] INFO  segmented.LogSegment (LogSegment.java:close(354)) - Successfully closed EntryCache-log-256_256
2025-04-05 17:05:38,528 [grpc-default-executor-12] ERROR server.RaftServer$Division (RaftServerImpl.java:appendEntriesAsync(1550)) - s1@group-8F97580789F2: Failed appendEntries* s2->s1#16-t2,previous=(t:0, i:0),leaderCommit=0,initializing? false,HEARTBEAT
org.apache.ratis.protocol.exceptions.ServerNotReadyException: s1@group-8F97580789F2 is not in [STARTING, RUNNING]: current state is CLOSED
	at org.apache.ratis.server.impl.RaftServerImpl.lambda$assertLifeCycleState$7(RaftServerImpl.java:821)
	at org.apache.ratis.util.LifeCycle.assertCurrentState(LifeCycle.java:260)
	at org.apache.ratis.server.impl.RaftServerImpl.assertLifeCycleState(RaftServerImpl.java:820)
	at org.apache.ratis.server.impl.RaftServerImpl.appendEntriesAsync(RaftServerImpl.java:1541)
	at org.apache.ratis.server.impl.RaftServerProxy.lambda$null$28(RaftServerProxy.java:662)
	at org.apache.ratis.util.JavaUtils.callAsUnchecked(JavaUtils.java:118)
	at org.apache.ratis.server.impl.RaftServerProxy.lambda$appendEntriesAsync$29(RaftServerProxy.java:661)
	at java.util.concurrent.CompletableFuture.uniComposeStage(CompletableFuture.java:995)
	at java.util.concurrent.CompletableFuture.thenCompose(CompletableFuture.java:2137)
	at org.apache.ratis.server.impl.RaftServerProxy.appendEntriesAsync(RaftServerProxy.java:661)
	at org.apache.ratis.grpc.server.GrpcServerProtocolService$1.process(GrpcServerProtocolService.java:323)
	at org.apache.ratis.grpc.server.GrpcServerProtocolService$ServerRequestStreamObserver.onNext(GrpcServerProtocolService.java:172)
	at org.apache.ratis.thirdparty.io.grpc.stub.ServerCalls$StreamingServerCallHandler$StreamingServerCallListener.onMessage(ServerCalls.java:262)
	at org.apache.ratis.thirdparty.io.grpc.internal.ServerCallImpl$ServerStreamListenerImpl.messagesAvailableInternal(ServerCallImpl.java:334)
	at org.apache.ratis.thirdparty.io.grpc.internal.ServerCallImpl$ServerStreamListenerImpl.messagesAvailable(ServerCallImpl.java:319)
	at org.apache.ratis.thirdparty.io.grpc.internal.ServerImpl$JumpToApplicationThreadServerStreamListener$1MessagesAvailable.runInContext(ServerImpl.java:834)
	at org.apache.ratis.thirdparty.io.grpc.internal.ContextRunnable.run(ContextRunnable.java:37)
	at org.apache.ratis.thirdparty.io.grpc.internal.SerializingExecutor.run(SerializingExecutor.java:133)
	at java.util.concurrent.ThreadPoolExecutor.runWorker(ThreadPoolExecutor.java:1149)
	at java.util.concurrent.ThreadPoolExecutor$Worker.run(ThreadPoolExecutor.java:624)
	at java.lang.Thread.run(Thread.java:750)
2025-04-05 17:05:38,528 [grpc-default-executor-12] ERROR server.RaftServer$Division (RaftServerImpl.java:appendEntriesAsync(1550)) - s1@group-8F97580789F2: Failed appendEntries* s2->s1#17-t2,previous=(t:0, i:0),leaderCommit=0,initializing? false,HEARTBEAT
org.apache.ratis.protocol.exceptions.ServerNotReadyException: s1@group-8F97580789F2 is not in [STARTING, RUNNING]: current state is CLOSED
	at org.apache.ratis.server.impl.RaftServerImpl.lambda$assertLifeCycleState$7(RaftServerImpl.java:821)
	at org.apache.ratis.util.LifeCycle.assertCurrentState(LifeCycle.java:260)
	at org.apache.ratis.server.impl.RaftServerImpl.assertLifeCycleState(RaftServerImpl.java:820)
	at org.apache.ratis.server.impl.RaftServerImpl.appendEntriesAsync(RaftServerImpl.java:1541)
	at org.apache.ratis.server.impl.RaftServerProxy.lambda$null$28(RaftServerProxy.java:662)
	at org.apache.ratis.util.JavaUtils.callAsUnchecked(JavaUtils.java:118)
	at org.apache.ratis.server.impl.RaftServerProxy.lambda$appendEntriesAsync$29(RaftServerProxy.java:661)
	at java.util.concurrent.CompletableFuture.uniComposeStage(CompletableFuture.java:995)
	at java.util.concurrent.CompletableFuture.thenCompose(CompletableFuture.java:2137)
	at org.apache.ratis.server.impl.RaftServerProxy.appendEntriesAsync(RaftServerProxy.java:661)
	at org.apache.ratis.grpc.server.GrpcServerProtocolService$1.process(GrpcServerProtocolService.java:323)
	at org.apache.ratis.grpc.server.GrpcServerProtocolService$ServerRequestStreamObserver.onNext(GrpcServerProtocolService.java:172)
	at org.apache.ratis.thirdparty.io.grpc.stub.ServerCalls$StreamingServerCallHandler$StreamingServerCallListener.onMessage(ServerCalls.java:262)
	at org.apache.ratis.thirdparty.io.grpc.internal.ServerCallImpl$ServerStreamListenerImpl.messagesAvailableInternal(ServerCallImpl.java:334)
	at org.apache.ratis.thirdparty.io.grpc.internal.ServerCallImpl$ServerStreamListenerImpl.messagesAvailable(ServerCallImpl.java:319)
	at org.apache.ratis.thirdparty.io.grpc.internal.ServerImpl$JumpToApplicationThreadServerStreamListener$1MessagesAvailable.runInContext(ServerImpl.java:834)
	at org.apache.ratis.thirdparty.io.grpc.internal.ContextRunnable.run(ContextRunnable.java:37)
	at org.apache.ratis.thirdparty.io.grpc.internal.SerializingExecutor.run(SerializingExecutor.java:133)
	at java.util.concurrent.ThreadPoolExecutor.runWorker(ThreadPoolExecutor.java:1149)
	at java.util.concurrent.ThreadPoolExecutor$Worker.run(ThreadPoolExecutor.java:624)
	at java.lang.Thread.run(Thread.java:750)
2025-04-05 17:05:38,530 [s2@group-8F97580789F2-SegmentedRaftLogWorker] TRACE util.FileUtils (LogUtils.java:runAndLog(49)) - Successfully ran Files.delete /home/runner/work/ratis/ratis/ratis-test/target/test/data/7d2f1e3c/MiniRaftClusterWithGrpc65d740a0/s2/278962cf-de14-401e-b053-8f97580789f2/current/log_0-256
2025-04-05 17:05:38,530 [s2@group-8F97580789F2-SegmentedRaftLogWorker] INFO  segmented.SegmentedRaftLogWorker (SegmentedRaftLogWorker.java:execute(490)) - s2@group-8F97580789F2-SegmentedRaftLogWorker: Purged RaftLog segment: info=(0, 256) isOpen? false, length=0, newEndIndex=0, path=/home/runner/work/ratis/ratis/ratis-test/target/test/data/7d2f1e3c/MiniRaftClusterWithGrpc65d740a0/s2/278962cf-de14-401e-b053-8f97580789f2/current/log_0-256
2025-04-05 17:05:38,530 [s2@group-8F97580789F2-StateMachineUpdater] INFO  raftlog.RaftLog (RaftLogBase.java:lambda$new$0(57)) - s2@group-8F97580789F2-SegmentedRaftLog: purgeIndex: updateToMax old=252, new=256, updated? true
2025-04-05 17:05:38,530 [s2@group-8F97580789F2-StateMachineUpdater] INFO  impl.StateMachineUpdater (StateMachineUpdater.java:stop(139)) - s2@group-8F97580789F2-StateMachineUpdater: closing StateMachineWithSeparatedSnapshotPath, lastApplied=(t:2, i:264)
2025-04-05 17:05:38,530 [grpc-default-executor-12] ERROR server.RaftServer$Division (RaftServerImpl.java:appendEntriesAsync(1550)) - s1@group-8F97580789F2: Failed appendEntries* s2->s1#18-t2,previous=(t:0, i:0),leaderCommit=0,initializing? false,HEARTBEAT
org.apache.ratis.protocol.exceptions.ServerNotReadyException: s1@group-8F97580789F2 is not in [STARTING, RUNNING]: current state is CLOSED
	at org.apache.ratis.server.impl.RaftServerImpl.lambda$assertLifeCycleState$7(RaftServerImpl.java:821)
	at org.apache.ratis.util.LifeCycle.assertCurrentState(LifeCycle.java:260)
	at org.apache.ratis.server.impl.RaftServerImpl.assertLifeCycleState(RaftServerImpl.java:820)
	at org.apache.ratis.server.impl.RaftServerImpl.appendEntriesAsync(RaftServerImpl.java:1541)
	at org.apache.ratis.server.impl.RaftServerProxy.lambda$null$28(RaftServerProxy.java:662)
	at org.apache.ratis.util.JavaUtils.callAsUnchecked(JavaUtils.java:118)
	at org.apache.ratis.server.impl.RaftServerProxy.lambda$appendEntriesAsync$29(RaftServerProxy.java:661)
	at java.util.concurrent.CompletableFuture.uniComposeStage(CompletableFuture.java:995)
	at java.util.concurrent.CompletableFuture.thenCompose(CompletableFuture.java:2137)
	at org.apache.ratis.server.impl.RaftServerProxy.appendEntriesAsync(RaftServerProxy.java:661)
	at org.apache.ratis.grpc.server.GrpcServerProtocolService$1.process(GrpcServerProtocolService.java:323)
	at org.apache.ratis.grpc.server.GrpcServerProtocolService$ServerRequestStreamObserver.onNext(GrpcServerProtocolService.java:172)
	at org.apache.ratis.thirdparty.io.grpc.stub.ServerCalls$StreamingServerCallHandler$StreamingServerCallListener.onMessage(ServerCalls.java:262)
	at org.apache.ratis.thirdparty.io.grpc.internal.ServerCallImpl$ServerStreamListenerImpl.messagesAvailableInternal(ServerCallImpl.java:334)
	at org.apache.ratis.thirdparty.io.grpc.internal.ServerCallImpl$ServerStreamListenerImpl.messagesAvailable(ServerCallImpl.java:319)
	at org.apache.ratis.thirdparty.io.grpc.internal.ServerImpl$JumpToApplicationThreadServerStreamListener$1MessagesAvailable.runInContext(ServerImpl.java:834)
	at org.apache.ratis.thirdparty.io.grpc.internal.ContextRunnable.run(ContextRunnable.java:37)
	at org.apache.ratis.thirdparty.io.grpc.internal.SerializingExecutor.run(SerializingExecutor.java:133)
	at java.util.concurrent.ThreadPoolExecutor.runWorker(ThreadPoolExecutor.java:1149)
	at java.util.concurrent.ThreadPoolExecutor$Worker.run(ThreadPoolExecutor.java:624)
	at java.lang.Thread.run(Thread.java:750)
2025-04-05 17:05:38,531 [s2-impl-thread1] INFO  raftlog.RaftLog (SegmentedRaftLog.java:close(569)) - Start closing s2@group-8F97580789F2-SegmentedRaftLog:OPENED:c264:last(t:2, i:264)
2025-04-05 17:05:38,531 [s2@group-8F97580789F2-cacheEviction-AwaitToRun] INFO  util.AwaitToRun (AwaitToRun.java:run(49)) - s2@group-8F97580789F2-cacheEviction-AwaitToRun-AwaitForSignal is interrupted
2025-04-05 17:05:38,531 [s3-impl-thread1] INFO  segmented.LogSegment (LogSegment.java:close(354)) - Successfully closed EntryCache-log_inprogress_257
2025-04-05 17:05:38,532 [s2-impl-thread1] INFO  segmented.LogSegment (LogSegment.java:close(354)) - Successfully closed EntryCache-log_inprogress_257
2025-04-05 17:05:38,532 [s3-impl-thread1] INFO  segmented.LogSegment (LogSegment.java:close(354)) - Successfully closed EntryCache-log-256_256
2025-04-05 17:05:38,533 [grpc-default-executor-12] ERROR server.RaftServer$Division (RaftServerImpl.java:appendEntriesAsync(1550)) - s1@group-8F97580789F2: Failed appendEntries* s2->s1#19-t2,previous=(t:0, i:0),leaderCommit=0,initializing? false,HEARTBEAT
org.apache.ratis.protocol.exceptions.ServerNotReadyException: s1@group-8F97580789F2 is not in [STARTING, RUNNING]: current state is CLOSED
	at org.apache.ratis.server.impl.RaftServerImpl.lambda$assertLifeCycleState$7(RaftServerImpl.java:821)
	at org.apache.ratis.util.LifeCycle.assertCurrentState(LifeCycle.java:260)
	at org.apache.ratis.server.impl.RaftServerImpl.assertLifeCycleState(RaftServerImpl.java:820)
	at org.apache.ratis.server.impl.RaftServerImpl.appendEntriesAsync(RaftServerImpl.java:1541)
	at org.apache.ratis.server.impl.RaftServerProxy.lambda$null$28(RaftServerProxy.java:662)
	at org.apache.ratis.util.JavaUtils.callAsUnchecked(JavaUtils.java:118)
	at org.apache.ratis.server.impl.RaftServerProxy.lambda$appendEntriesAsync$29(RaftServerProxy.java:661)
	at java.util.concurrent.CompletableFuture.uniComposeStage(CompletableFuture.java:995)
	at java.util.concurrent.CompletableFuture.thenCompose(CompletableFuture.java:2137)
	at org.apache.ratis.server.impl.RaftServerProxy.appendEntriesAsync(RaftServerProxy.java:661)
	at org.apache.ratis.grpc.server.GrpcServerProtocolService$1.process(GrpcServerProtocolService.java:323)
	at org.apache.ratis.grpc.server.GrpcServerProtocolService$ServerRequestStreamObserver.onNext(GrpcServerProtocolService.java:172)
	at org.apache.ratis.thirdparty.io.grpc.stub.ServerCalls$StreamingServerCallHandler$StreamingServerCallListener.onMessage(ServerCalls.java:262)
	at org.apache.ratis.thirdparty.io.grpc.internal.ServerCallImpl$ServerStreamListenerImpl.messagesAvailableInternal(ServerCallImpl.java:334)
	at org.apache.ratis.thirdparty.io.grpc.internal.ServerCallImpl$ServerStreamListenerImpl.messagesAvailable(ServerCallImpl.java:319)
	at org.apache.ratis.thirdparty.io.grpc.internal.ServerImpl$JumpToApplicationThreadServerStreamListener$1MessagesAvailable.runInContext(ServerImpl.java:834)
	at org.apache.ratis.thirdparty.io.grpc.internal.ContextRunnable.run(ContextRunnable.java:37)
	at org.apache.ratis.thirdparty.io.grpc.internal.SerializingExecutor.run(SerializingExecutor.java:133)
	at java.util.concurrent.ThreadPoolExecutor.runWorker(ThreadPoolExecutor.java:1149)
	at java.util.concurrent.ThreadPoolExecutor$Worker.run(ThreadPoolExecutor.java:624)
	at java.lang.Thread.run(Thread.java:750)
2025-04-05 17:05:38,534 [grpc-default-executor-12] ERROR server.RaftServer$Division (RaftServerImpl.java:appendEntriesAsync(1550)) - s1@group-8F97580789F2: Failed appendEntries* s2->s1#20-t2,previous=(t:0, i:0),leaderCommit=0,initializing? false,HEARTBEAT
org.apache.ratis.protocol.exceptions.ServerNotReadyException: s1@group-8F97580789F2 is not in [STARTING, RUNNING]: current state is CLOSED
	at org.apache.ratis.server.impl.RaftServerImpl.lambda$assertLifeCycleState$7(RaftServerImpl.java:821)
	at org.apache.ratis.util.LifeCycle.assertCurrentState(LifeCycle.java:260)
	at org.apache.ratis.server.impl.RaftServerImpl.assertLifeCycleState(RaftServerImpl.java:820)
	at org.apache.ratis.server.impl.RaftServerImpl.appendEntriesAsync(RaftServerImpl.java:1541)
	at org.apache.ratis.server.impl.RaftServerProxy.lambda$null$28(RaftServerProxy.java:662)
	at org.apache.ratis.util.JavaUtils.callAsUnchecked(JavaUtils.java:118)
	at org.apache.ratis.server.impl.RaftServerProxy.lambda$appendEntriesAsync$29(RaftServerProxy.java:661)
	at java.util.concurrent.CompletableFuture.uniComposeStage(CompletableFuture.java:995)
	at java.util.concurrent.CompletableFuture.thenCompose(CompletableFuture.java:2137)
	at org.apache.ratis.server.impl.RaftServerProxy.appendEntriesAsync(RaftServerProxy.java:661)
	at org.apache.ratis.grpc.server.GrpcServerProtocolService$1.process(GrpcServerProtocolService.java:323)
	at org.apache.ratis.grpc.server.GrpcServerProtocolService$ServerRequestStreamObserver.onNext(GrpcServerProtocolService.java:172)
	at org.apache.ratis.thirdparty.io.grpc.stub.ServerCalls$StreamingServerCallHandler$StreamingServerCallListener.onMessage(ServerCalls.java:262)
	at org.apache.ratis.thirdparty.io.grpc.internal.ServerCallImpl$ServerStreamListenerImpl.messagesAvailableInternal(ServerCallImpl.java:334)
	at org.apache.ratis.thirdparty.io.grpc.internal.ServerCallImpl$ServerStreamListenerImpl.messagesAvailable(ServerCallImpl.java:319)
	at org.apache.ratis.thirdparty.io.grpc.internal.ServerImpl$JumpToApplicationThreadServerStreamListener$1MessagesAvailable.runInContext(ServerImpl.java:834)
	at org.apache.ratis.thirdparty.io.grpc.internal.ContextRunnable.run(ContextRunnable.java:37)
	at org.apache.ratis.thirdparty.io.grpc.internal.SerializingExecutor.run(SerializingExecutor.java:133)
	at java.util.concurrent.ThreadPoolExecutor.runWorker(ThreadPoolExecutor.java:1149)
	at java.util.concurrent.ThreadPoolExecutor$Worker.run(ThreadPoolExecutor.java:624)
	at java.lang.Thread.run(Thread.java:750)
2025-04-05 17:05:38,535 [grpc-default-executor-12] ERROR server.RaftServer$Division (RaftServerImpl.java:appendEntriesAsync(1550)) - s1@group-8F97580789F2: Failed appendEntries* s2->s1#21-t2,previous=(t:0, i:0),leaderCommit=0,initializing? false,HEARTBEAT
org.apache.ratis.protocol.exceptions.ServerNotReadyException: s1@group-8F97580789F2 is not in [STARTING, RUNNING]: current state is CLOSED
	at org.apache.ratis.server.impl.RaftServerImpl.lambda$assertLifeCycleState$7(RaftServerImpl.java:821)
	at org.apache.ratis.util.LifeCycle.assertCurrentState(LifeCycle.java:260)
	at org.apache.ratis.server.impl.RaftServerImpl.assertLifeCycleState(RaftServerImpl.java:820)
	at org.apache.ratis.server.impl.RaftServerImpl.appendEntriesAsync(RaftServerImpl.java:1541)
	at org.apache.ratis.server.impl.RaftServerProxy.lambda$null$28(RaftServerProxy.java:662)
	at org.apache.ratis.util.JavaUtils.callAsUnchecked(JavaUtils.java:118)
	at org.apache.ratis.server.impl.RaftServerProxy.lambda$appendEntriesAsync$29(RaftServerProxy.java:661)
	at java.util.concurrent.CompletableFuture.uniComposeStage(CompletableFuture.java:995)
	at java.util.concurrent.CompletableFuture.thenCompose(CompletableFuture.java:2137)
	at org.apache.ratis.server.impl.RaftServerProxy.appendEntriesAsync(RaftServerProxy.java:661)
	at org.apache.ratis.grpc.server.GrpcServerProtocolService$1.process(GrpcServerProtocolService.java:323)
	at org.apache.ratis.grpc.server.GrpcServerProtocolService$ServerRequestStreamObserver.onNext(GrpcServerProtocolService.java:172)
	at org.apache.ratis.thirdparty.io.grpc.stub.ServerCalls$StreamingServerCallHandler$StreamingServerCallListener.onMessage(ServerCalls.java:262)
	at org.apache.ratis.thirdparty.io.grpc.internal.ServerCallImpl$ServerStreamListenerImpl.messagesAvailableInternal(ServerCallImpl.java:334)
	at org.apache.ratis.thirdparty.io.grpc.internal.ServerCallImpl$ServerStreamListenerImpl.messagesAvailable(ServerCallImpl.java:319)
	at org.apache.ratis.thirdparty.io.grpc.internal.ServerImpl$JumpToApplicationThreadServerStreamListener$1MessagesAvailable.runInContext(ServerImpl.java:834)
	at org.apache.ratis.thirdparty.io.grpc.internal.ContextRunnable.run(ContextRunnable.java:37)
	at org.apache.ratis.thirdparty.io.grpc.internal.SerializingExecutor.run(SerializingExecutor.java:133)
	at java.util.concurrent.ThreadPoolExecutor.runWorker(ThreadPoolExecutor.java:1149)
	at java.util.concurrent.ThreadPoolExecutor$Worker.run(ThreadPoolExecutor.java:624)
	at java.lang.Thread.run(Thread.java:750)
2025-04-05 17:05:38,535 [grpc-default-executor-12] ERROR server.RaftServer$Division (RaftServerImpl.java:appendEntriesAsync(1550)) - s1@group-8F97580789F2: Failed appendEntries* s2->s1#22-t2,previous=(t:0, i:0),leaderCommit=0,initializing? false,HEARTBEAT
org.apache.ratis.protocol.exceptions.ServerNotReadyException: s1@group-8F97580789F2 is not in [STARTING, RUNNING]: current state is CLOSED
	at org.apache.ratis.server.impl.RaftServerImpl.lambda$assertLifeCycleState$7(RaftServerImpl.java:821)
	at org.apache.ratis.util.LifeCycle.assertCurrentState(LifeCycle.java:260)
	at org.apache.ratis.server.impl.RaftServerImpl.assertLifeCycleState(RaftServerImpl.java:820)
	at org.apache.ratis.server.impl.RaftServerImpl.appendEntriesAsync(RaftServerImpl.java:1541)
	at org.apache.ratis.server.impl.RaftServerProxy.lambda$null$28(RaftServerProxy.java:662)
	at org.apache.ratis.util.JavaUtils.callAsUnchecked(JavaUtils.java:118)
	at org.apache.ratis.server.impl.RaftServerProxy.lambda$appendEntriesAsync$29(RaftServerProxy.java:661)
	at java.util.concurrent.CompletableFuture.uniComposeStage(CompletableFuture.java:995)
	at java.util.concurrent.CompletableFuture.thenCompose(CompletableFuture.java:2137)
	at org.apache.ratis.server.impl.RaftServerProxy.appendEntriesAsync(RaftServerProxy.java:661)
	at org.apache.ratis.grpc.server.GrpcServerProtocolService$1.process(GrpcServerProtocolService.java:323)
	at org.apache.ratis.grpc.server.GrpcServerProtocolService$ServerRequestStreamObserver.onNext(GrpcServerProtocolService.java:172)
	at org.apache.ratis.thirdparty.io.grpc.stub.ServerCalls$StreamingServerCallHandler$StreamingServerCallListener.onMessage(ServerCalls.java:262)
	at org.apache.ratis.thirdparty.io.grpc.internal.ServerCallImpl$ServerStreamListenerImpl.messagesAvailableInternal(ServerCallImpl.java:334)
	at org.apache.ratis.thirdparty.io.grpc.internal.ServerCallImpl$ServerStreamListenerImpl.messagesAvailable(ServerCallImpl.java:319)
	at org.apache.ratis.thirdparty.io.grpc.internal.ServerImpl$JumpToApplicationThreadServerStreamListener$1MessagesAvailable.runInContext(ServerImpl.java:834)
	at org.apache.ratis.thirdparty.io.grpc.internal.ContextRunnable.run(ContextRunnable.java:37)
	at org.apache.ratis.thirdparty.io.grpc.internal.SerializingExecutor.run(SerializingExecutor.java:133)
	at java.util.concurrent.ThreadPoolExecutor.runWorker(ThreadPoolExecutor.java:1149)
	at java.util.concurrent.ThreadPoolExecutor$Worker.run(ThreadPoolExecutor.java:624)
	at java.lang.Thread.run(Thread.java:750)
2025-04-05 17:05:38,536 [grpc-default-executor-12] ERROR server.RaftServer$Division (RaftServerImpl.java:appendEntriesAsync(1550)) - s1@group-8F97580789F2: Failed appendEntries* s2->s1#23-t2,previous=(t:0, i:0),leaderCommit=0,initializing? false,HEARTBEAT
org.apache.ratis.protocol.exceptions.ServerNotReadyException: s1@group-8F97580789F2 is not in [STARTING, RUNNING]: current state is CLOSED
	at org.apache.ratis.server.impl.RaftServerImpl.lambda$assertLifeCycleState$7(RaftServerImpl.java:821)
	at org.apache.ratis.util.LifeCycle.assertCurrentState(LifeCycle.java:260)
	at org.apache.ratis.server.impl.RaftServerImpl.assertLifeCycleState(RaftServerImpl.java:820)
	at org.apache.ratis.server.impl.RaftServerImpl.appendEntriesAsync(RaftServerImpl.java:1541)
	at org.apache.ratis.server.impl.RaftServerProxy.lambda$null$28(RaftServerProxy.java:662)
	at org.apache.ratis.util.JavaUtils.callAsUnchecked(JavaUtils.java:118)
	at org.apache.ratis.server.impl.RaftServerProxy.lambda$appendEntriesAsync$29(RaftServerProxy.java:661)
	at java.util.concurrent.CompletableFuture.uniComposeStage(CompletableFuture.java:995)
	at java.util.concurrent.CompletableFuture.thenCompose(CompletableFuture.java:2137)
	at org.apache.ratis.server.impl.RaftServerProxy.appendEntriesAsync(RaftServerProxy.java:661)
	at org.apache.ratis.grpc.server.GrpcServerProtocolService$1.process(GrpcServerProtocolService.java:323)
	at org.apache.ratis.grpc.server.GrpcServerProtocolService$ServerRequestStreamObserver.onNext(GrpcServerProtocolService.java:172)
	at org.apache.ratis.thirdparty.io.grpc.stub.ServerCalls$StreamingServerCallHandler$StreamingServerCallListener.onMessage(ServerCalls.java:262)
	at org.apache.ratis.thirdparty.io.grpc.internal.ServerCallImpl$ServerStreamListenerImpl.messagesAvailableInternal(ServerCallImpl.java:334)
	at org.apache.ratis.thirdparty.io.grpc.internal.ServerCallImpl$ServerStreamListenerImpl.messagesAvailable(ServerCallImpl.java:319)
	at org.apache.ratis.thirdparty.io.grpc.internal.ServerImpl$JumpToApplicationThreadServerStreamListener$1MessagesAvailable.runInContext(ServerImpl.java:834)
	at org.apache.ratis.thirdparty.io.grpc.internal.ContextRunnable.run(ContextRunnable.java:37)
	at org.apache.ratis.thirdparty.io.grpc.internal.SerializingExecutor.run(SerializingExecutor.java:133)
	at java.util.concurrent.ThreadPoolExecutor.runWorker(ThreadPoolExecutor.java:1149)
	at java.util.concurrent.ThreadPoolExecutor$Worker.run(ThreadPoolExecutor.java:624)
	at java.lang.Thread.run(Thread.java:750)
2025-04-05 17:05:38,537 [grpc-default-executor-12] ERROR server.RaftServer$Division (RaftServerImpl.java:appendEntriesAsync(1550)) - s1@group-8F97580789F2: Failed appendEntries* s2->s1#24-t2,previous=(t:0, i:0),leaderCommit=0,initializing? false,HEARTBEAT
org.apache.ratis.protocol.exceptions.ServerNotReadyException: s1@group-8F97580789F2 is not in [STARTING, RUNNING]: current state is CLOSED
	at org.apache.ratis.server.impl.RaftServerImpl.lambda$assertLifeCycleState$7(RaftServerImpl.java:821)
	at org.apache.ratis.util.LifeCycle.assertCurrentState(LifeCycle.java:260)
	at org.apache.ratis.server.impl.RaftServerImpl.assertLifeCycleState(RaftServerImpl.java:820)
	at org.apache.ratis.server.impl.RaftServerImpl.appendEntriesAsync(RaftServerImpl.java:1541)
	at org.apache.ratis.server.impl.RaftServerProxy.lambda$null$28(RaftServerProxy.java:662)
	at org.apache.ratis.util.JavaUtils.callAsUnchecked(JavaUtils.java:118)
	at org.apache.ratis.server.impl.RaftServerProxy.lambda$appendEntriesAsync$29(RaftServerProxy.java:661)
	at java.util.concurrent.CompletableFuture.uniComposeStage(CompletableFuture.java:995)
	at java.util.concurrent.CompletableFuture.thenCompose(CompletableFuture.java:2137)
	at org.apache.ratis.server.impl.RaftServerProxy.appendEntriesAsync(RaftServerProxy.java:661)
	at org.apache.ratis.grpc.server.GrpcServerProtocolService$1.process(GrpcServerProtocolService.java:323)
	at org.apache.ratis.grpc.server.GrpcServerProtocolService$ServerRequestStreamObserver.onNext(GrpcServerProtocolService.java:172)
	at org.apache.ratis.thirdparty.io.grpc.stub.ServerCalls$StreamingServerCallHandler$StreamingServerCallListener.onMessage(ServerCalls.java:262)
	at org.apache.ratis.thirdparty.io.grpc.internal.ServerCallImpl$ServerStreamListenerImpl.messagesAvailableInternal(ServerCallImpl.java:334)
	at org.apache.ratis.thirdparty.io.grpc.internal.ServerCallImpl$ServerStreamListenerImpl.messagesAvailable(ServerCallImpl.java:319)
	at org.apache.ratis.thirdparty.io.grpc.internal.ServerImpl$JumpToApplicationThreadServerStreamListener$1MessagesAvailable.runInContext(ServerImpl.java:834)
	at org.apache.ratis.thirdparty.io.grpc.internal.ContextRunnable.run(ContextRunnable.java:37)
	at org.apache.ratis.thirdparty.io.grpc.internal.SerializingExecutor.run(SerializingExecutor.java:133)
	at java.util.concurrent.ThreadPoolExecutor.runWorker(ThreadPoolExecutor.java:1149)
	at java.util.concurrent.ThreadPoolExecutor$Worker.run(ThreadPoolExecutor.java:624)
	at java.lang.Thread.run(Thread.java:750)
2025-04-05 17:05:38,538 [grpc-default-executor-12] ERROR server.RaftServer$Division (RaftServerImpl.java:appendEntriesAsync(1550)) - s1@group-8F97580789F2: Failed appendEntries* s2->s1#25-t2,previous=(t:0, i:0),leaderCommit=0,initializing? false,HEARTBEAT
org.apache.ratis.protocol.exceptions.ServerNotReadyException: s1@group-8F97580789F2 is not in [STARTING, RUNNING]: current state is CLOSED
	at org.apache.ratis.server.impl.RaftServerImpl.lambda$assertLifeCycleState$7(RaftServerImpl.java:821)
	at org.apache.ratis.util.LifeCycle.assertCurrentState(LifeCycle.java:260)
	at org.apache.ratis.server.impl.RaftServerImpl.assertLifeCycleState(RaftServerImpl.java:820)
	at org.apache.ratis.server.impl.RaftServerImpl.appendEntriesAsync(RaftServerImpl.java:1541)
	at org.apache.ratis.server.impl.RaftServerProxy.lambda$null$28(RaftServerProxy.java:662)
	at org.apache.ratis.util.JavaUtils.callAsUnchecked(JavaUtils.java:118)
	at org.apache.ratis.server.impl.RaftServerProxy.lambda$appendEntriesAsync$29(RaftServerProxy.java:661)
	at java.util.concurrent.CompletableFuture.uniComposeStage(CompletableFuture.java:995)
	at java.util.concurrent.CompletableFuture.thenCompose(CompletableFuture.java:2137)
	at org.apache.ratis.server.impl.RaftServerProxy.appendEntriesAsync(RaftServerProxy.java:661)
	at org.apache.ratis.grpc.server.GrpcServerProtocolService$1.process(GrpcServerProtocolService.java:323)
	at org.apache.ratis.grpc.server.GrpcServerProtocolService$ServerRequestStreamObserver.onNext(GrpcServerProtocolService.java:172)
	at org.apache.ratis.thirdparty.io.grpc.stub.ServerCalls$StreamingServerCallHandler$StreamingServerCallListener.onMessage(ServerCalls.java:262)
	at org.apache.ratis.thirdparty.io.grpc.internal.ServerCallImpl$ServerStreamListenerImpl.messagesAvailableInternal(ServerCallImpl.java:334)
	at org.apache.ratis.thirdparty.io.grpc.internal.ServerCallImpl$ServerStreamListenerImpl.messagesAvailable(ServerCallImpl.java:319)
	at org.apache.ratis.thirdparty.io.grpc.internal.ServerImpl$JumpToApplicationThreadServerStreamListener$1MessagesAvailable.runInContext(ServerImpl.java:834)
	at org.apache.ratis.thirdparty.io.grpc.internal.ContextRunnable.run(ContextRunnable.java:37)
	at org.apache.ratis.thirdparty.io.grpc.internal.SerializingExecutor.run(SerializingExecutor.java:133)
	at java.util.concurrent.ThreadPoolExecutor.runWorker(ThreadPoolExecutor.java:1149)
	at java.util.concurrent.ThreadPoolExecutor$Worker.run(ThreadPoolExecutor.java:624)
	at java.lang.Thread.run(Thread.java:750)
2025-04-05 17:05:38,538 [grpc-default-executor-12] ERROR server.RaftServer$Division (RaftServerImpl.java:appendEntriesAsync(1550)) - s1@group-8F97580789F2: Failed appendEntries* s2->s1#26-t2,previous=(t:0, i:0),leaderCommit=0,initializing? false,HEARTBEAT
org.apache.ratis.protocol.exceptions.ServerNotReadyException: s1@group-8F97580789F2 is not in [STARTING, RUNNING]: current state is CLOSED
	at org.apache.ratis.server.impl.RaftServerImpl.lambda$assertLifeCycleState$7(RaftServerImpl.java:821)
	at org.apache.ratis.util.LifeCycle.assertCurrentState(LifeCycle.java:260)
	at org.apache.ratis.server.impl.RaftServerImpl.assertLifeCycleState(RaftServerImpl.java:820)
	at org.apache.ratis.server.impl.RaftServerImpl.appendEntriesAsync(RaftServerImpl.java:1541)
	at org.apache.ratis.server.impl.RaftServerProxy.lambda$null$28(RaftServerProxy.java:662)
	at org.apache.ratis.util.JavaUtils.callAsUnchecked(JavaUtils.java:118)
	at org.apache.ratis.server.impl.RaftServerProxy.lambda$appendEntriesAsync$29(RaftServerProxy.java:661)
	at java.util.concurrent.CompletableFuture.uniComposeStage(CompletableFuture.java:995)
	at java.util.concurrent.CompletableFuture.thenCompose(CompletableFuture.java:2137)
	at org.apache.ratis.server.impl.RaftServerProxy.appendEntriesAsync(RaftServerProxy.java:661)
	at org.apache.ratis.grpc.server.GrpcServerProtocolService$1.process(GrpcServerProtocolService.java:323)
	at org.apache.ratis.grpc.server.GrpcServerProtocolService$ServerRequestStreamObserver.onNext(GrpcServerProtocolService.java:172)
	at org.apache.ratis.thirdparty.io.grpc.stub.ServerCalls$StreamingServerCallHandler$StreamingServerCallListener.onMessage(ServerCalls.java:262)
	at org.apache.ratis.thirdparty.io.grpc.internal.ServerCallImpl$ServerStreamListenerImpl.messagesAvailableInternal(ServerCallImpl.java:334)
	at org.apache.ratis.thirdparty.io.grpc.internal.ServerCallImpl$ServerStreamListenerImpl.messagesAvailable(ServerCallImpl.java:319)
	at org.apache.ratis.thirdparty.io.grpc.internal.ServerImpl$JumpToApplicationThreadServerStreamListener$1MessagesAvailable.runInContext(ServerImpl.java:834)
	at org.apache.ratis.thirdparty.io.grpc.internal.ContextRunnable.run(ContextRunnable.java:37)
	at org.apache.ratis.thirdparty.io.grpc.internal.SerializingExecutor.run(SerializingExecutor.java:133)
	at java.util.concurrent.ThreadPoolExecutor.runWorker(ThreadPoolExecutor.java:1149)
	at java.util.concurrent.ThreadPoolExecutor$Worker.run(ThreadPoolExecutor.java:624)
	at java.lang.Thread.run(Thread.java:750)
2025-04-05 17:05:38,540 [grpc-default-executor-12] ERROR server.RaftServer$Division (RaftServerImpl.java:appendEntriesAsync(1550)) - s1@group-8F97580789F2: Failed appendEntries* s2->s1#27-t2,previous=(t:2, i:257),leaderCommit=264,initializing? false,entries: size=7, first=(t:2, i:258), METADATAENTRY(c:257)
org.apache.ratis.protocol.exceptions.ServerNotReadyException: s1@group-8F97580789F2 is not in [STARTING, RUNNING]: current state is CLOSED
	at org.apache.ratis.server.impl.RaftServerImpl.lambda$assertLifeCycleState$7(RaftServerImpl.java:821)
	at org.apache.ratis.util.LifeCycle.assertCurrentState(LifeCycle.java:260)
	at org.apache.ratis.server.impl.RaftServerImpl.assertLifeCycleState(RaftServerImpl.java:820)
	at org.apache.ratis.server.impl.RaftServerImpl.appendEntriesAsync(RaftServerImpl.java:1541)
	at org.apache.ratis.server.impl.RaftServerProxy.lambda$null$28(RaftServerProxy.java:662)
	at org.apache.ratis.util.JavaUtils.callAsUnchecked(JavaUtils.java:118)
	at org.apache.ratis.server.impl.RaftServerProxy.lambda$appendEntriesAsync$29(RaftServerProxy.java:661)
	at java.util.concurrent.CompletableFuture.uniComposeStage(CompletableFuture.java:995)
	at java.util.concurrent.CompletableFuture.thenCompose(CompletableFuture.java:2137)
	at org.apache.ratis.server.impl.RaftServerProxy.appendEntriesAsync(RaftServerProxy.java:661)
	at org.apache.ratis.grpc.server.GrpcServerProtocolService$1.process(GrpcServerProtocolService.java:323)
	at org.apache.ratis.grpc.server.GrpcServerProtocolService$ServerRequestStreamObserver.onNext(GrpcServerProtocolService.java:187)
	at org.apache.ratis.thirdparty.io.grpc.stub.ServerCalls$StreamingServerCallHandler$StreamingServerCallListener.onMessage(ServerCalls.java:262)
	at org.apache.ratis.thirdparty.io.grpc.internal.ServerCallImpl$ServerStreamListenerImpl.messagesAvailableInternal(ServerCallImpl.java:334)
	at org.apache.ratis.thirdparty.io.grpc.internal.ServerCallImpl$ServerStreamListenerImpl.messagesAvailable(ServerCallImpl.java:319)
	at org.apache.ratis.thirdparty.io.grpc.internal.ServerImpl$JumpToApplicationThreadServerStreamListener$1MessagesAvailable.runInContext(ServerImpl.java:834)
	at org.apache.ratis.thirdparty.io.grpc.internal.ContextRunnable.run(ContextRunnable.java:37)
	at org.apache.ratis.thirdparty.io.grpc.internal.SerializingExecutor.run(SerializingExecutor.java:133)
	at java.util.concurrent.ThreadPoolExecutor.runWorker(ThreadPoolExecutor.java:1149)
	at java.util.concurrent.ThreadPoolExecutor$Worker.run(ThreadPoolExecutor.java:624)
	at java.lang.Thread.run(Thread.java:750)
2025-04-05 17:05:38,541 [grpc-default-executor-12] WARN  server.GrpcServerProtocolService (LogUtils.java:warn(129)) - s1: Failed APPEND_ENTRIES request cid=27, isHeartbeat? false
java.util.concurrent.CompletionException: org.apache.ratis.protocol.exceptions.ServerNotReadyException: s1@group-8F97580789F2 is not in [STARTING, RUNNING]: current state is CLOSED
	at org.apache.ratis.util.JavaUtils.callAsUnchecked(JavaUtils.java:122)
	at org.apache.ratis.server.impl.RaftServerProxy.lambda$appendEntriesAsync$29(RaftServerProxy.java:661)
	at java.util.concurrent.CompletableFuture.uniComposeStage(CompletableFuture.java:995)
	at java.util.concurrent.CompletableFuture.thenCompose(CompletableFuture.java:2137)
	at org.apache.ratis.server.impl.RaftServerProxy.appendEntriesAsync(RaftServerProxy.java:661)
	at org.apache.ratis.grpc.server.GrpcServerProtocolService$1.process(GrpcServerProtocolService.java:323)
	at org.apache.ratis.grpc.server.GrpcServerProtocolService$ServerRequestStreamObserver.onNext(GrpcServerProtocolService.java:187)
	at org.apache.ratis.thirdparty.io.grpc.stub.ServerCalls$StreamingServerCallHandler$StreamingServerCallListener.onMessage(ServerCalls.java:262)
	at org.apache.ratis.thirdparty.io.grpc.internal.ServerCallImpl$ServerStreamListenerImpl.messagesAvailableInternal(ServerCallImpl.java:334)
	at org.apache.ratis.thirdparty.io.grpc.internal.ServerCallImpl$ServerStreamListenerImpl.messagesAvailable(ServerCallImpl.java:319)
	at org.apache.ratis.thirdparty.io.grpc.internal.ServerImpl$JumpToApplicationThreadServerStreamListener$1MessagesAvailable.runInContext(ServerImpl.java:834)
	at org.apache.ratis.thirdparty.io.grpc.internal.ContextRunnable.run(ContextRunnable.java:37)
	at org.apache.ratis.thirdparty.io.grpc.internal.SerializingExecutor.run(SerializingExecutor.java:133)
	at java.util.concurrent.ThreadPoolExecutor.runWorker(ThreadPoolExecutor.java:1149)
	at java.util.concurrent.ThreadPoolExecutor$Worker.run(ThreadPoolExecutor.java:624)
	at java.lang.Thread.run(Thread.java:750)
Caused by: org.apache.ratis.protocol.exceptions.ServerNotReadyException: s1@group-8F97580789F2 is not in [STARTING, RUNNING]: current state is CLOSED
	at org.apache.ratis.server.impl.RaftServerImpl.lambda$assertLifeCycleState$7(RaftServerImpl.java:821)
	at org.apache.ratis.util.LifeCycle.assertCurrentState(LifeCycle.java:260)
	at org.apache.ratis.server.impl.RaftServerImpl.assertLifeCycleState(RaftServerImpl.java:820)
	at org.apache.ratis.server.impl.RaftServerImpl.appendEntriesAsync(RaftServerImpl.java:1541)
	at org.apache.ratis.server.impl.RaftServerProxy.lambda$null$28(RaftServerProxy.java:662)
	at org.apache.ratis.util.JavaUtils.callAsUnchecked(JavaUtils.java:118)
	... 15 more
2025-04-05 17:05:38,548 [grpc-default-executor-12] INFO  server.GrpcLogAppender (GrpcLogAppender.java:onError(563)) - s2@group-8F97580789F2->s1-GrpcLogAppender is already stopped
2025-04-05 17:05:38,548 [MiniRaftCluster-11] INFO  server.GrpcServicesImpl (GrpcServicesImpl.java:closeImpl(371)) - s2: shutdown server org.apache.ratis.grpc.server.GrpcClientProtocolService successfully
2025-04-05 17:05:38,548 [MiniRaftCluster-11] INFO  server.GrpcServicesImpl (GrpcServicesImpl.java:closeImpl(362)) - s2: shutdown server GrpcServerProtocolService now
2025-04-05 17:05:38,550 [MiniRaftCluster-11] INFO  server.GrpcServicesImpl (GrpcServicesImpl.java:closeImpl(371)) - s2: shutdown server GrpcServerProtocolService successfully
2025-04-05 17:05:38,550 [MiniRaftCluster-11] INFO  server.GrpcServicesImpl (GrpcServicesImpl.java:closeImpl(362)) - s2: shutdown server org.apache.ratis.grpc.server.GrpcAdminProtocolService now
2025-04-05 17:05:38,551 [MiniRaftCluster-11] INFO  server.GrpcServicesImpl (GrpcServicesImpl.java:closeImpl(371)) - s2: shutdown server org.apache.ratis.grpc.server.GrpcAdminProtocolService successfully
2025-04-05 17:05:38,551 [MiniRaftCluster-10] INFO  server.GrpcServicesImpl (GrpcServicesImpl.java:closeImpl(371)) - s1: shutdown server org.apache.ratis.grpc.server.GrpcClientProtocolService successfully
2025-04-05 17:05:38,551 [MiniRaftCluster-10] INFO  server.GrpcServicesImpl (GrpcServicesImpl.java:closeImpl(362)) - s1: shutdown server GrpcServerProtocolService now
2025-04-05 17:05:38,551 [MiniRaftCluster-10] INFO  server.GrpcServicesImpl (GrpcServicesImpl.java:closeImpl(371)) - s1: shutdown server GrpcServerProtocolService successfully
2025-04-05 17:05:38,551 [MiniRaftCluster-10] INFO  server.GrpcServicesImpl (GrpcServicesImpl.java:closeImpl(362)) - s1: shutdown server org.apache.ratis.grpc.server.GrpcAdminProtocolService now
2025-04-05 17:05:38,552 [grpc-default-executor-12] INFO  server.GrpcLogAppender (GrpcLogAppender.java:onError(563)) - s1@group-8F97580789F2->s2-GrpcLogAppender is already stopped
2025-04-05 17:05:38,552 [MiniRaftCluster-10] INFO  server.GrpcServicesImpl (GrpcServicesImpl.java:closeImpl(371)) - s1: shutdown server org.apache.ratis.grpc.server.GrpcAdminProtocolService successfully
2025-04-05 17:05:38,552 [JvmPauseMonitor7] INFO  util.JvmPauseMonitor (JvmPauseMonitor.java:run(152)) - JvmPauseMonitor-s1: Stopped
2025-04-05 17:05:38,627 [grpc-default-executor-5] INFO  util.CodeInjectionForTesting (BlockRequestHandlingInjection.java:execute(84)) - s1: unBlock request from s4
2025-04-05 17:05:38,628 [grpc-default-executor-5] INFO  server.RaftServer$Division (RaftServerImpl.java:requestVote(1475)) - s1@group-8F97580789F2: receive requestVote(PRE_VOTE, s4, group-8F97580789F2, 1, (t:1, i:257))
2025-04-05 17:05:38,628 [grpc-default-executor-5] WARN  server.GrpcServerProtocolService (LogUtils.java:warn(127)) - s1: Failed requestVote s4->s1#0: org.apache.ratis.protocol.exceptions.ServerNotReadyException: s1@group-8F97580789F2 is not in [RUNNING]: current state is CLOSED
2025-04-05 17:05:38,708 [grpc-default-executor-0] INFO  util.CodeInjectionForTesting (BlockRequestHandlingInjection.java:execute(84)) - s1: unBlock request from s3
2025-04-05 17:05:38,708 [grpc-default-executor-0] INFO  server.RaftServer$Division (RaftServerImpl.java:requestVote(1475)) - s1@group-8F97580789F2: receive requestVote(PRE_VOTE, s3, group-8F97580789F2, 1, (t:1, i:257))
2025-04-05 17:05:38,708 [grpc-default-executor-0] WARN  server.GrpcServerProtocolService (LogUtils.java:warn(127)) - s1: Failed requestVote s3->s1#0: org.apache.ratis.protocol.exceptions.ServerNotReadyException: s1@group-8F97580789F2 is not in [RUNNING]: current state is CLOSED
2025-04-05 17:05:38,715 [grpc-default-executor-10] INFO  util.CodeInjectionForTesting (BlockRequestHandlingInjection.java:execute(84)) - s1: unBlock request from s4
2025-04-05 17:05:38,715 [grpc-default-executor-10] INFO  server.RaftServer$Division (RaftServerImpl.java:requestVote(1475)) - s1@group-8F97580789F2: receive requestVote(PRE_VOTE, s4, group-8F97580789F2, 1, (t:1, i:257))
2025-04-05 17:05:38,716 [grpc-default-executor-10] WARN  server.GrpcServerProtocolService (LogUtils.java:warn(127)) - s1: Failed requestVote s4->s1#0: org.apache.ratis.protocol.exceptions.ServerNotReadyException: s1@group-8F97580789F2 is not in [RUNNING]: current state is CLOSED
2025-04-05 17:05:38,733 [grpc-default-executor-9] INFO  util.CodeInjectionForTesting (BlockRequestHandlingInjection.java:execute(84)) - s1: unBlock request from s2
2025-04-05 17:05:38,733 [grpc-default-executor-9] INFO  server.RaftServer$Division (RaftServerImpl.java:requestVote(1475)) - s1@group-8F97580789F2: receive requestVote(PRE_VOTE, s2, group-8F97580789F2, 1, (t:1, i:256))
2025-04-05 17:05:38,733 [grpc-default-executor-9] WARN  server.GrpcServerProtocolService (LogUtils.java:warn(127)) - s1: Failed requestVote s2->s1#0: org.apache.ratis.protocol.exceptions.ServerNotReadyException: s1@group-8F97580789F2 is not in [RUNNING]: current state is CLOSED
2025-04-05 17:05:38,736 [grpc-default-executor-1] INFO  util.CodeInjectionForTesting (BlockRequestHandlingInjection.java:execute(84)) - s2: unBlock request from s1
2025-04-05 17:05:38,736 [grpc-default-executor-1] ERROR server.RaftServer$Division (RaftServerImpl.java:appendEntriesAsync(1550)) - s2@group-8F97580789F2: Failed appendEntries* s1->s2#521-t1,previous=(t:1, i:256),leaderCommit=256,initializing? false,HEARTBEAT
org.apache.ratis.protocol.exceptions.ServerNotReadyException: s2@group-8F97580789F2 is not in [STARTING, RUNNING]: current state is CLOSING
	at org.apache.ratis.server.impl.RaftServerImpl.lambda$assertLifeCycleState$7(RaftServerImpl.java:821)
	at org.apache.ratis.util.LifeCycle.assertCurrentState(LifeCycle.java:260)
	at org.apache.ratis.server.impl.RaftServerImpl.assertLifeCycleState(RaftServerImpl.java:820)
	at org.apache.ratis.server.impl.RaftServerImpl.appendEntriesAsync(RaftServerImpl.java:1541)
	at org.apache.ratis.server.impl.RaftServerProxy.lambda$null$28(RaftServerProxy.java:662)
	at org.apache.ratis.util.JavaUtils.callAsUnchecked(JavaUtils.java:118)
	at org.apache.ratis.server.impl.RaftServerProxy.lambda$appendEntriesAsync$29(RaftServerProxy.java:661)
	at java.util.concurrent.CompletableFuture.uniComposeStage(CompletableFuture.java:995)
	at java.util.concurrent.CompletableFuture.thenCompose(CompletableFuture.java:2137)
	at org.apache.ratis.server.impl.RaftServerProxy.appendEntriesAsync(RaftServerProxy.java:661)
	at org.apache.ratis.grpc.server.GrpcServerProtocolService$1.process(GrpcServerProtocolService.java:323)
	at org.apache.ratis.grpc.server.GrpcServerProtocolService$ServerRequestStreamObserver.onNext(GrpcServerProtocolService.java:172)
	at org.apache.ratis.thirdparty.io.grpc.stub.ServerCalls$StreamingServerCallHandler$StreamingServerCallListener.onMessage(ServerCalls.java:262)
	at org.apache.ratis.thirdparty.io.grpc.internal.ServerCallImpl$ServerStreamListenerImpl.messagesAvailableInternal(ServerCallImpl.java:334)
	at org.apache.ratis.thirdparty.io.grpc.internal.ServerCallImpl$ServerStreamListenerImpl.messagesAvailable(ServerCallImpl.java:319)
	at org.apache.ratis.thirdparty.io.grpc.internal.ServerImpl$JumpToApplicationThreadServerStreamListener$1MessagesAvailable.runInContext(ServerImpl.java:834)
	at org.apache.ratis.thirdparty.io.grpc.internal.ContextRunnable.run(ContextRunnable.java:37)
	at org.apache.ratis.thirdparty.io.grpc.internal.SerializingExecutor.run(SerializingExecutor.java:133)
	at java.util.concurrent.ThreadPoolExecutor.runWorker(ThreadPoolExecutor.java:1149)
	at java.util.concurrent.ThreadPoolExecutor$Worker.run(ThreadPoolExecutor.java:624)
	at java.lang.Thread.run(Thread.java:750)
2025-04-05 17:05:38,736 [grpc-default-executor-1] WARN  server.GrpcServerProtocolService (LogUtils.java:warn(127)) - s2: APPEND_ENTRIES onError, lastRequest: s1->s2#518-t1,previous=(t:1, i:255),leaderCommit=255,initializing? false,entries: size=1, first=(t:1, i:256), METADATAENTRY(c:255): org.apache.ratis.thirdparty.io.grpc.StatusRuntimeException: CANCELLED: client cancelled
2025-04-05 17:05:38,737 [grpc-default-executor-7] INFO  util.CodeInjectionForTesting (BlockRequestHandlingInjection.java:execute(84)) - s1: unBlock request from s2
2025-04-05 17:05:38,737 [grpc-default-executor-7] INFO  server.RaftServer$Division (RaftServerImpl.java:requestVote(1475)) - s1@group-8F97580789F2: receive requestVote(ELECTION, s2, group-8F97580789F2, 2, (t:1, i:256))
2025-04-05 17:05:38,738 [grpc-default-executor-7] WARN  server.GrpcServerProtocolService (LogUtils.java:warn(127)) - s1: Failed requestVote s2->s1#0: org.apache.ratis.protocol.exceptions.ServerNotReadyException: s1@group-8F97580789F2 is not in [RUNNING]: current state is CLOSED
2025-04-05 17:05:38,744 [grpc-default-executor-4] INFO  util.CodeInjectionForTesting (BlockRequestHandlingInjection.java:execute(84)) - s0: unBlock request from s1
2025-04-05 17:05:38,744 [grpc-default-executor-4] ERROR server.RaftServer$Division (RaftServerImpl.java:appendEntriesAsync(1550)) - s0@group-8F97580789F2: Failed appendEntries* s1->s0#539-t1,previous=(t:1, i:256),leaderCommit=256,initializing? false,HEARTBEAT
org.apache.ratis.protocol.exceptions.ServerNotReadyException: s0@group-8F97580789F2 is not in [STARTING, RUNNING]: current state is CLOSING
	at org.apache.ratis.server.impl.RaftServerImpl.lambda$assertLifeCycleState$7(RaftServerImpl.java:821)
	at org.apache.ratis.util.LifeCycle.assertCurrentState(LifeCycle.java:260)
	at org.apache.ratis.server.impl.RaftServerImpl.assertLifeCycleState(RaftServerImpl.java:820)
	at org.apache.ratis.server.impl.RaftServerImpl.appendEntriesAsync(RaftServerImpl.java:1541)
	at org.apache.ratis.server.impl.RaftServerProxy.lambda$null$28(RaftServerProxy.java:662)
	at org.apache.ratis.util.JavaUtils.callAsUnchecked(JavaUtils.java:118)
	at org.apache.ratis.server.impl.RaftServerProxy.lambda$appendEntriesAsync$29(RaftServerProxy.java:661)
	at java.util.concurrent.CompletableFuture.uniComposeStage(CompletableFuture.java:995)
	at java.util.concurrent.CompletableFuture.thenCompose(CompletableFuture.java:2137)
	at org.apache.ratis.server.impl.RaftServerProxy.appendEntriesAsync(RaftServerProxy.java:661)
	at org.apache.ratis.grpc.server.GrpcServerProtocolService$1.process(GrpcServerProtocolService.java:323)
	at org.apache.ratis.grpc.server.GrpcServerProtocolService$ServerRequestStreamObserver.onNext(GrpcServerProtocolService.java:172)
	at org.apache.ratis.thirdparty.io.grpc.stub.ServerCalls$StreamingServerCallHandler$StreamingServerCallListener.onMessage(ServerCalls.java:262)
	at org.apache.ratis.thirdparty.io.grpc.internal.ServerCallImpl$ServerStreamListenerImpl.messagesAvailableInternal(ServerCallImpl.java:334)
	at org.apache.ratis.thirdparty.io.grpc.internal.ServerCallImpl$ServerStreamListenerImpl.messagesAvailable(ServerCallImpl.java:319)
	at org.apache.ratis.thirdparty.io.grpc.internal.ServerImpl$JumpToApplicationThreadServerStreamListener$1MessagesAvailable.runInContext(ServerImpl.java:834)
	at org.apache.ratis.thirdparty.io.grpc.internal.ContextRunnable.run(ContextRunnable.java:37)
	at org.apache.ratis.thirdparty.io.grpc.internal.SerializingExecutor.run(SerializingExecutor.java:133)
	at java.util.concurrent.ThreadPoolExecutor.runWorker(ThreadPoolExecutor.java:1149)
	at java.util.concurrent.ThreadPoolExecutor$Worker.run(ThreadPoolExecutor.java:624)
	at java.lang.Thread.run(Thread.java:750)
2025-04-05 17:05:38,745 [grpc-default-executor-4] WARN  server.GrpcServerProtocolService (LogUtils.java:warn(127)) - s0: APPEND_ENTRIES onError, lastRequest: s1->s0#535-t1,previous=(t:1, i:255),leaderCommit=255,initializing? false,entries: size=1, first=(t:1, i:256), METADATAENTRY(c:255): org.apache.ratis.thirdparty.io.grpc.StatusRuntimeException: CANCELLED: client cancelled
2025-04-05 17:05:39,468 [s0-impl-thread1] INFO  segmented.SegmentedRaftLogWorker (SegmentedRaftLogWorker.java:close(256)) - s0@group-8F97580789F2-SegmentedRaftLogWorker close()
2025-04-05 17:05:39,469 [s4-impl-thread1] INFO  segmented.SegmentedRaftLogWorker (SegmentedRaftLogWorker.java:close(256)) - s4@group-8F97580789F2-SegmentedRaftLogWorker close()
2025-04-05 17:05:39,468 [s3-impl-thread1] INFO  segmented.SegmentedRaftLogWorker (SegmentedRaftLogWorker.java:close(256)) - s3@group-8F97580789F2-SegmentedRaftLogWorker close()
2025-04-05 17:05:39,469 [s0-impl-thread1] INFO  raftlog.RaftLog (SegmentedRaftLog.java:close(577)) - Successfully closed s0@group-8F97580789F2-SegmentedRaftLog:CLOSED:c263
2025-04-05 17:05:39,472 [s4-impl-thread1] INFO  raftlog.RaftLog (SegmentedRaftLog.java:close(577)) - Successfully closed s4@group-8F97580789F2-SegmentedRaftLog:CLOSED:c263
2025-04-05 17:05:39,472 [s3-impl-thread1] INFO  raftlog.RaftLog (SegmentedRaftLog.java:close(577)) - Successfully closed s3@group-8F97580789F2-SegmentedRaftLog:CLOSED:c263
2025-04-05 17:05:39,472 [JvmPauseMonitor9] INFO  util.JvmPauseMonitor (JvmPauseMonitor.java:run(152)) - JvmPauseMonitor-s3: Stopped
2025-04-05 17:05:39,473 [JvmPauseMonitor10] INFO  util.JvmPauseMonitor (JvmPauseMonitor.java:run(152)) - JvmPauseMonitor-s4: Stopped
2025-04-05 17:05:39,472 [JvmPauseMonitor6] INFO  util.JvmPauseMonitor (JvmPauseMonitor.java:run(152)) - JvmPauseMonitor-s0: Stopped
2025-04-05 17:05:39,477 [main] WARN  impl.MiniRaftCluster (MiniRaftCluster.java:shutdown(871)) - 1/30: Not yet able to shutdown executor, will wait again ...
2025-04-05 17:05:39,531 [s2-impl-thread1] INFO  segmented.SegmentedRaftLogWorker (SegmentedRaftLogWorker.java:close(256)) - s2@group-8F97580789F2-SegmentedRaftLogWorker close()
2025-04-05 17:05:39,532 [s2-impl-thread1] INFO  raftlog.RaftLog (SegmentedRaftLog.java:close(577)) - Successfully closed s2@group-8F97580789F2-SegmentedRaftLog:CLOSED:c264
2025-04-05 17:05:39,532 [JvmPauseMonitor8] INFO  util.JvmPauseMonitor (JvmPauseMonitor.java:run(152)) - JvmPauseMonitor-s2: Stopped
2025-04-05 17:05:39,532 [main] INFO  impl.MiniRaftCluster (MiniRaftCluster.java:shutdown(883)) - MiniRaftClusterWithGrpc shutdown completed
2025-04-05 17:05:39,533 [main] INFO  ratis.RaftTestUtil (RaftTestUtil.java:gc(607)) - gc 0
2025-04-05 17:05:39,709 [timer1] INFO  impl.SnapshotInstallationHandler (SnapshotInstallationHandler.java:lambda$installSnapshot$0(103)) - s1@group-C43F732B3C90: receive installSnapshot: s0->s1#0-t1,chunk:7802d410-5c81-43fd-bb5e-0bd8e22c9056,10  (Repeated 11 times in the last 5.001s)
2025-04-05 17:05:39,709 [main] WARN  util.ReferenceCountedLeakDetector (ReferenceCountedLeakDetector.java:logLeakMessage(167)) - LEAK: (class org.apache.ratis.proto.RaftProtos$AppendEntriesRequestProto, count=1, value=serverRequest {
  requestorId: "s2"
  replyId: "s1"
  raftGroupId {
    id: "\'\211b\317\336\024@\036\260S\217\227X\a\211\362"
  }
  callId: 1
}
leaderTerm: 2
previousLog {
  term: 1
  index: 256
}
entries {
  term: 2
  index: 257
  configurationEntry {
    peers {
      id: "s0"
      address: "localhost:15012"
      dataStreamAddress: "localhost:15015"
      clientAddress: "localhost:15014"
      adminAddress: "localhost:15013"
      startupRole: FOLLOWER
    }
    peers {
      id: "s1"
      address: "localhost:15016"
      dataStreamAddress: "localhost:15019"
      clientAddress: "localhost:15018"
      adminAddress: "localhost:15017"
      startupRole: FOLLOWER
    }
    peers {
      id: "s2"
      address: "localhost:15020"
      dataStreamAddress: "localhost:15023"
      clientAddress: "localhost:15022"
      adminAddress: "localhost:15021"
      startupRole: FOLLOWER
    }
  }
}
leaderCommit: 255
commitInfos {
  server {
    id: "s2"
    address: "localhost:15020"
    dataStreamAddress: "localhost:15023"
    clientAddress: "localhost:15022"
    adminAddress: "localhost:15021"
    startupRole: FOLLOWER
  }
  commitIndex: 255
}
commitInfos {
  server {
    id: "s0"
    address: "localhost:15012"
    dataStreamAddress: "localhost:15015"
    clientAddress: "localhost:15014"
    adminAddress: "localhost:15013"
    startupRole: FOLLOWER
  }
  commitIndex: 252
}
commitInfos {
  server {
    id: "s1"
    address: "localhost:15016"
    dataStreamAddress: "localhost:15019"
    clientAddress: "localhost:15018"
    adminAddress: "localhost:15017"
    startupRole: FOLLOWER
  }
  commitIndex: 255
}
)
2025-04-05 17:05:39,709 [main] WARN  util.LeakDetector (LeakDetector.java:assertNoLeaks(175)) - 0/30) numLeaks == 1 > 0, will wait and retry ...
2025-04-05 17:05:39,713 [timer2] INFO  impl.SnapshotInstallationHandler (SnapshotInstallationHandler.java:lambda$installSnapshot$0(103)) - s2@group-C43F732B3C90: receive installSnapshot: s0->s2#0-t1,chunk:80ce12f2-2d60-43f4-95bb-d6802fb78668,10  (Repeated 11 times in the last 5.002s)
2025-04-05 17:05:39,720 [timer3] INFO  impl.SnapshotInstallationHandler (SnapshotInstallationHandler.java:lambda$installSnapshot$1(113)) - s2@group-C43F732B3C90: reply installSnapshot: s0<-s2#0:OK-t1,SUCCESS,requestIndex=10  (Repeated 11 times in the last 5.000s)
2025-04-05 17:05:39,721 [timer4] INFO  impl.SnapshotInstallationHandler (SnapshotInstallationHandler.java:lambda$installSnapshot$1(113)) - s1@group-C43F732B3C90: reply installSnapshot: s0<-s1#0:OK-t1,SUCCESS,requestIndex=10  (Repeated 11 times in the last 5.002s)
2025-04-05 17:05:39,921 [timer6] WARN  server.GrpcLogAppender (LogUtils.java:warn(127)) - s0@group-C43F732B3C90->s2-AppendLogResponseHandler: Failed appendEntries (Repeated 2 times in the last 5.001s): org.apache.ratis.thirdparty.io.grpc.StatusRuntimeException: CANCELLED: RST_STREAM closed stream. HTTP/2 error code: CANCEL
2025-04-05 17:05:40,534 [timer6] WARN  server.GrpcLogAppender (GrpcLogAppender.java:timeoutAppendRequest(466)) - s1@group-8F97580789F2->s2-GrpcLogAppender: Timed out HEARTBEAT appendEntries, errorCount=1, request=AppendEntriesRequest:cid=521,entriesCount=0
2025-04-05 17:05:40,536 [timer7] WARN  server.GrpcLogAppender (GrpcLogAppender.java:timeoutAppendRequest(466)) - s1@group-8F97580789F2->s0-GrpcLogAppender: Timed out HEARTBEAT appendEntries, errorCount=1, request=AppendEntriesRequest:cid=539,entriesCount=0
2025-04-05 17:05:40,573 [timer6] WARN  server.GrpcLogAppender (GrpcLogAppender.java:timeoutAppendRequest(466)) - s1@group-8F97580789F2->s2-GrpcLogAppender: Timed out HEARTBEAT appendEntries, errorCount=2, request=AppendEntriesRequest:cid=522,entriesCount=0
2025-04-05 17:05:40,576 [timer7] WARN  server.GrpcLogAppender (GrpcLogAppender.java:timeoutAppendRequest(466)) - s1@group-8F97580789F2->s0-GrpcLogAppender: Timed out HEARTBEAT appendEntries, errorCount=2, request=AppendEntriesRequest:cid=540,entriesCount=0
2025-04-05 17:05:40,597 [timer5] WARN  server.GrpcLogAppender (GrpcLogAppender.java:timeoutAppendRequest(466)) - s1@group-8F97580789F2->s2-GrpcLogAppender: Timed out appendEntries, errorCount=3, request=AppendEntriesRequest:cid=525,entriesCount=1,entry=(t:1, i:257)
2025-04-05 17:05:40,598 [timer6] WARN  server.GrpcLogAppender (GrpcLogAppender.java:timeoutAppendRequest(466)) - s1@group-8F97580789F2->s0-GrpcLogAppender: Timed out appendEntries, errorCount=3, request=AppendEntriesRequest:cid=543,entriesCount=1,entry=(t:1, i:257)
2025-04-05 17:05:40,611 [timer0] WARN  server.GrpcLogAppender (GrpcLogAppender.java:timeoutAppendRequest(466)) - s1@group-8F97580789F2->s2-GrpcLogAppender: Timed out HEARTBEAT appendEntries, errorCount=4, request=AppendEntriesRequest:cid=527,entriesCount=0
2025-04-05 17:05:40,613 [timer1] WARN  server.GrpcLogAppender (GrpcLogAppender.java:timeoutAppendRequest(466)) - s1@group-8F97580789F2->s0-GrpcLogAppender: Timed out HEARTBEAT appendEntries, errorCount=4, request=AppendEntriesRequest:cid=545,entriesCount=0
2025-04-05 17:05:40,649 [timer2] WARN  server.GrpcLogAppender (GrpcLogAppender.java:timeoutAppendRequest(466)) - s1@group-8F97580789F2->s2-GrpcLogAppender: Timed out HEARTBEAT appendEntries, errorCount=5, request=AppendEntriesRequest:cid=528,entriesCount=0
2025-04-05 17:05:40,651 [timer3] WARN  server.GrpcLogAppender (GrpcLogAppender.java:timeoutAppendRequest(466)) - s1@group-8F97580789F2->s0-GrpcLogAppender: Timed out HEARTBEAT appendEntries, errorCount=5, request=AppendEntriesRequest:cid=546,entriesCount=0
2025-04-05 17:05:40,686 [timer6] WARN  server.GrpcLogAppender (GrpcLogAppender.java:timeoutAppendRequest(466)) - s1@group-8F97580789F2->s2-GrpcLogAppender: Timed out HEARTBEAT appendEntries, errorCount=6, request=AppendEntriesRequest:cid=529,entriesCount=0
2025-04-05 17:05:40,689 [timer7] WARN  server.GrpcLogAppender (GrpcLogAppender.java:timeoutAppendRequest(466)) - s1@group-8F97580789F2->s0-GrpcLogAppender: Timed out HEARTBEAT appendEntries, errorCount=6, request=AppendEntriesRequest:cid=547,entriesCount=0
2025-04-05 17:05:40,710 [main] WARN  util.ReferenceCountedLeakDetector (ReferenceCountedLeakDetector.java:logLeakMessage(167)) - LEAK: (class org.apache.ratis.proto.RaftProtos$AppendEntriesRequestProto, count=1, value=serverRequest {
  requestorId: "s2"
  replyId: "s1"
  raftGroupId {
    id: "\'\211b\317\336\024@\036\260S\217\227X\a\211\362"
  }
  callId: 1
}
leaderTerm: 2
previousLog {
  term: 1
  index: 256
}
entries {
  term: 2
  index: 257
  configurationEntry {
    peers {
      id: "s0"
      address: "localhost:15012"
      dataStreamAddress: "localhost:15015"
      clientAddress: "localhost:15014"
      adminAddress: "localhost:15013"
      startupRole: FOLLOWER
    }
    peers {
      id: "s1"
      address: "localhost:15016"
      dataStreamAddress: "localhost:15019"
      clientAddress: "localhost:15018"
      adminAddress: "localhost:15017"
      startupRole: FOLLOWER
    }
    peers {
      id: "s2"
      address: "localhost:15020"
      dataStreamAddress: "localhost:15023"
      clientAddress: "localhost:15022"
      adminAddress: "localhost:15021"
      startupRole: FOLLOWER
    }
  }
}
leaderCommit: 255
commitInfos {
  server {
    id: "s2"
    address: "localhost:15020"
    dataStreamAddress: "localhost:15023"
    clientAddress: "localhost:15022"
    adminAddress: "localhost:15021"
    startupRole: FOLLOWER
  }
  commitIndex: 255
}
commitInfos {
  server {
    id: "s0"
    address: "localhost:15012"
    dataStreamAddress: "localhost:15015"
    clientAddress: "localhost:15014"
    adminAddress: "localhost:15013"
    startupRole: FOLLOWER
  }
  commitIndex: 252
}
commitInfos {
  server {
    id: "s1"
    address: "localhost:15016"
    dataStreamAddress: "localhost:15019"
    clientAddress: "localhost:15018"
    adminAddress: "localhost:15017"
    startupRole: FOLLOWER
  }
  commitIndex: 255
}
)
2025-04-05 17:05:40,710 [main] WARN  util.LeakDetector (LeakDetector.java:assertNoLeaks(175)) - 1/30) numLeaks == 1 > 0, will wait and retry ...
2025-04-05 17:05:40,725 [timer0] WARN  server.GrpcLogAppender (GrpcLogAppender.java:timeoutAppendRequest(466)) - s1@group-8F97580789F2->s2-GrpcLogAppender: Timed out HEARTBEAT appendEntries, errorCount=7, request=AppendEntriesRequest:cid=530,entriesCount=0
2025-04-05 17:05:40,727 [timer1] WARN  server.GrpcLogAppender (GrpcLogAppender.java:timeoutAppendRequest(466)) - s1@group-8F97580789F2->s0-GrpcLogAppender: Timed out HEARTBEAT appendEntries, errorCount=7, request=AppendEntriesRequest:cid=548,entriesCount=0
2025-04-05 17:05:40,763 [timer4] WARN  server.GrpcLogAppender (GrpcLogAppender.java:timeoutAppendRequest(466)) - s1@group-8F97580789F2->s2-GrpcLogAppender: Timed out HEARTBEAT appendEntries, errorCount=8, request=AppendEntriesRequest:cid=531,entriesCount=0
2025-04-05 17:05:40,766 [timer5] WARN  server.GrpcLogAppender (GrpcLogAppender.java:timeoutAppendRequest(466)) - s1@group-8F97580789F2->s0-GrpcLogAppender: Timed out HEARTBEAT appendEntries, errorCount=8, request=AppendEntriesRequest:cid=549,entriesCount=0
2025-04-05 17:05:40,802 [timer6] WARN  server.GrpcLogAppender (GrpcLogAppender.java:timeoutAppendRequest(466)) - s1@group-8F97580789F2->s2-GrpcLogAppender: Timed out HEARTBEAT appendEntries, errorCount=9, request=AppendEntriesRequest:cid=532,entriesCount=0
2025-04-05 17:05:40,804 [timer7] WARN  server.GrpcLogAppender (GrpcLogAppender.java:timeoutAppendRequest(466)) - s1@group-8F97580789F2->s0-GrpcLogAppender: Timed out HEARTBEAT appendEntries, errorCount=9, request=AppendEntriesRequest:cid=550,entriesCount=0
2025-04-05 17:05:40,839 [timer6] WARN  server.GrpcLogAppender (GrpcLogAppender.java:timeoutAppendRequest(466)) - s1@group-8F97580789F2->s2-GrpcLogAppender: Timed out HEARTBEAT appendEntries, errorCount=10, request=AppendEntriesRequest:cid=533,entriesCount=0
2025-04-05 17:05:40,842 [timer7] WARN  server.GrpcLogAppender (GrpcLogAppender.java:timeoutAppendRequest(466)) - s1@group-8F97580789F2->s0-GrpcLogAppender: Timed out HEARTBEAT appendEntries, errorCount=10, request=AppendEntriesRequest:cid=551,entriesCount=0
2025-04-05 17:05:40,877 [timer3] WARN  server.GrpcLogAppender (GrpcLogAppender.java:timeoutAppendRequest(466)) - s1@group-8F97580789F2->s2-GrpcLogAppender: Timed out HEARTBEAT appendEntries, errorCount=11, request=AppendEntriesRequest:cid=534,entriesCount=0
2025-04-05 17:05:40,880 [timer4] WARN  server.GrpcLogAppender (GrpcLogAppender.java:timeoutAppendRequest(466)) - s1@group-8F97580789F2->s0-GrpcLogAppender: Timed out HEARTBEAT appendEntries, errorCount=11, request=AppendEntriesRequest:cid=552,entriesCount=0
2025-04-05 17:05:41,170 [timer6] WARN  server.GrpcLogAppender (GrpcLogAppender.java:timeoutAppendRequest(466)) - s2@group-8F97580789F2->s1-GrpcLogAppender: Timed out appendEntries, errorCount=1, request=AppendEntriesRequest:cid=1,entriesCount=1,entry=(t:2, i:257)
2025-04-05 17:05:41,183 [timer0] WARN  server.GrpcLogAppender (GrpcLogAppender.java:timeoutAppendRequest(466)) - s2@group-8F97580789F2->s1-GrpcLogAppender: Timed out HEARTBEAT appendEntries, errorCount=2, request=AppendEntriesRequest:cid=2,entriesCount=0
2025-04-05 17:05:41,185 [timer1] WARN  server.GrpcLogAppender (GrpcLogAppender.java:timeoutAppendRequest(466)) - s2@group-8F97580789F2->s1-GrpcLogAppender: Timed out HEARTBEAT appendEntries, errorCount=3, request=AppendEntriesRequest:cid=3,entriesCount=0
2025-04-05 17:05:41,222 [timer2] WARN  server.GrpcLogAppender (GrpcLogAppender.java:timeoutAppendRequest(466)) - s2@group-8F97580789F2->s1-GrpcLogAppender: Timed out HEARTBEAT appendEntries, errorCount=4, request=AppendEntriesRequest:cid=4,entriesCount=0
2025-04-05 17:05:41,260 [timer3] WARN  server.GrpcLogAppender (GrpcLogAppender.java:timeoutAppendRequest(466)) - s2@group-8F97580789F2->s1-GrpcLogAppender: Timed out HEARTBEAT appendEntries, errorCount=5, request=AppendEntriesRequest:cid=5,entriesCount=0
2025-04-05 17:05:41,262 [timer5] WARN  server.GrpcLogAppender (GrpcLogAppender.java:timeoutAppendRequest(466)) - s2@group-8F97580789F2->s1-GrpcLogAppender: Timed out HEARTBEAT appendEntries, errorCount=6, request=AppendEntriesRequest:cid=6,entriesCount=0
2025-04-05 17:05:41,300 [timer6] WARN  server.GrpcLogAppender (GrpcLogAppender.java:timeoutAppendRequest(466)) - s2@group-8F97580789F2->s1-GrpcLogAppender: Timed out HEARTBEAT appendEntries, errorCount=7, request=AppendEntriesRequest:cid=7,entriesCount=0
2025-04-05 17:05:41,339 [timer7] WARN  server.GrpcLogAppender (GrpcLogAppender.java:timeoutAppendRequest(466)) - s2@group-8F97580789F2->s1-GrpcLogAppender: Timed out HEARTBEAT appendEntries, errorCount=8, request=AppendEntriesRequest:cid=8,entriesCount=0
2025-04-05 17:05:41,375 [timer1] WARN  server.GrpcLogAppender (GrpcLogAppender.java:timeoutAppendRequest(466)) - s2@group-8F97580789F2->s1-GrpcLogAppender: Timed out HEARTBEAT appendEntries, errorCount=9, request=AppendEntriesRequest:cid=9,entriesCount=0
2025-04-05 17:05:41,394 [timer0] WARN  server.GrpcLogAppender (GrpcLogAppender.java:timeoutAppendRequest(466)) - s2@group-8F97580789F2->s1-GrpcLogAppender: Timed out HEARTBEAT appendEntries, errorCount=10, request=AppendEntriesRequest:cid=10,entriesCount=0
2025-04-05 17:05:41,398 [timer1] WARN  server.GrpcLogAppender (GrpcLogAppender.java:timeoutAppendRequest(466)) - s2@group-8F97580789F2->s1-GrpcLogAppender: Timed out HEARTBEAT appendEntries, errorCount=11, request=AppendEntriesRequest:cid=11,entriesCount=0
2025-04-05 17:05:41,404 [timer4] WARN  server.GrpcLogAppender (GrpcLogAppender.java:timeoutAppendRequest(466)) - s2@group-8F97580789F2->s1-GrpcLogAppender: Timed out HEARTBEAT appendEntries, errorCount=12, request=AppendEntriesRequest:cid=12,entriesCount=0
2025-04-05 17:05:41,407 [timer6] WARN  server.GrpcLogAppender (GrpcLogAppender.java:timeoutAppendRequest(466)) - s2@group-8F97580789F2->s1-GrpcLogAppender: Timed out HEARTBEAT appendEntries, errorCount=13, request=AppendEntriesRequest:cid=13,entriesCount=0
2025-04-05 17:05:41,432 [timer5] WARN  server.GrpcLogAppender (GrpcLogAppender.java:timeoutAppendRequest(466)) - s2@group-8F97580789F2->s1-GrpcLogAppender: Timed out HEARTBEAT appendEntries, errorCount=14, request=AppendEntriesRequest:cid=14,entriesCount=0
2025-04-05 17:05:41,434 [timer1] WARN  server.GrpcLogAppender (GrpcLogAppender.java:timeoutAppendRequest(466)) - s2@group-8F97580789F2->s1-GrpcLogAppender: Timed out HEARTBEAT appendEntries, errorCount=15, request=AppendEntriesRequest:cid=15,entriesCount=0
2025-04-05 17:05:41,442 [timer4] WARN  server.GrpcLogAppender (GrpcLogAppender.java:timeoutAppendRequest(466)) - s2@group-8F97580789F2->s1-GrpcLogAppender: Timed out HEARTBEAT appendEntries, errorCount=16, request=AppendEntriesRequest:cid=16,entriesCount=0
2025-04-05 17:05:41,443 [timer7] WARN  server.GrpcLogAppender (GrpcLogAppender.java:timeoutAppendRequest(466)) - s2@group-8F97580789F2->s1-GrpcLogAppender: Timed out HEARTBEAT appendEntries, errorCount=17, request=AppendEntriesRequest:cid=17,entriesCount=0
2025-04-05 17:05:41,448 [timer4] WARN  server.GrpcLogAppender (GrpcLogAppender.java:timeoutAppendRequest(466)) - s2@group-8F97580789F2->s1-GrpcLogAppender: Timed out HEARTBEAT appendEntries, errorCount=18, request=AppendEntriesRequest:cid=18,entriesCount=0
2025-04-05 17:05:41,450 [timer5] WARN  server.GrpcLogAppender (GrpcLogAppender.java:timeoutAppendRequest(466)) - s2@group-8F97580789F2->s1-GrpcLogAppender: Timed out HEARTBEAT appendEntries, errorCount=19, request=AppendEntriesRequest:cid=19,entriesCount=0
2025-04-05 17:05:41,452 [timer6] WARN  server.GrpcLogAppender (GrpcLogAppender.java:timeoutAppendRequest(466)) - s2@group-8F97580789F2->s1-GrpcLogAppender: Timed out HEARTBEAT appendEntries, errorCount=20, request=AppendEntriesRequest:cid=20,entriesCount=0
2025-04-05 17:05:41,460 [timer7] WARN  server.GrpcLogAppender (GrpcLogAppender.java:timeoutAppendRequest(466)) - s2@group-8F97580789F2->s1-GrpcLogAppender: Timed out HEARTBEAT appendEntries, errorCount=21, request=AppendEntriesRequest:cid=21,entriesCount=0
2025-04-05 17:05:41,461 [timer0] WARN  server.GrpcLogAppender (GrpcLogAppender.java:timeoutAppendRequest(466)) - s2@group-8F97580789F2->s1-GrpcLogAppender: Timed out HEARTBEAT appendEntries, errorCount=22, request=AppendEntriesRequest:cid=22,entriesCount=0
2025-04-05 17:05:41,464 [timer4] WARN  server.GrpcLogAppender (GrpcLogAppender.java:timeoutAppendRequest(466)) - s2@group-8F97580789F2->s1-GrpcLogAppender: Timed out HEARTBEAT appendEntries, errorCount=23, request=AppendEntriesRequest:cid=23,entriesCount=0
2025-04-05 17:05:41,466 [timer0] WARN  server.GrpcLogAppender (GrpcLogAppender.java:timeoutAppendRequest(466)) - s2@group-8F97580789F2->s1-GrpcLogAppender: Timed out HEARTBEAT appendEntries, errorCount=24, request=AppendEntriesRequest:cid=24,entriesCount=0
2025-04-05 17:05:41,468 [timer1] WARN  server.GrpcLogAppender (GrpcLogAppender.java:timeoutAppendRequest(466)) - s2@group-8F97580789F2->s1-GrpcLogAppender: Timed out HEARTBEAT appendEntries, errorCount=25, request=AppendEntriesRequest:cid=25,entriesCount=0
2025-04-05 17:05:41,470 [timer2] WARN  server.GrpcLogAppender (GrpcLogAppender.java:timeoutAppendRequest(466)) - s2@group-8F97580789F2->s1-GrpcLogAppender: Timed out HEARTBEAT appendEntries, errorCount=26, request=AppendEntriesRequest:cid=26,entriesCount=0
2025-04-05 17:05:41,475 [timer3] WARN  server.GrpcLogAppender (GrpcLogAppender.java:timeoutAppendRequest(466)) - s2@group-8F97580789F2->s1-GrpcLogAppender: Timed out appendEntries, errorCount=27, request=AppendEntriesRequest:cid=27,entriesCount=7,entries=(t:2, i:258)...(t:2, i:264)
2025-04-05 17:05:41,710 [main] WARN  util.ReferenceCountedLeakDetector (ReferenceCountedLeakDetector.java:logLeakMessage(167)) - LEAK: (class org.apache.ratis.proto.RaftProtos$AppendEntriesRequestProto, count=1, value=serverRequest {
  requestorId: "s2"
  replyId: "s1"
  raftGroupId {
    id: "\'\211b\317\336\024@\036\260S\217\227X\a\211\362"
  }
  callId: 1
}
leaderTerm: 2
previousLog {
  term: 1
  index: 256
}
entries {
  term: 2
  index: 257
  configurationEntry {
    peers {
      id: "s0"
      address: "localhost:15012"
      dataStreamAddress: "localhost:15015"
      clientAddress: "localhost:15014"
      adminAddress: "localhost:15013"
      startupRole: FOLLOWER
    }
    peers {
      id: "s1"
      address: "localhost:15016"
      dataStreamAddress: "localhost:15019"
      clientAddress: "localhost:15018"
      adminAddress: "localhost:15017"
      startupRole: FOLLOWER
    }
    peers {
      id: "s2"
      address: "localhost:15020"
      dataStreamAddress: "localhost:15023"
      clientAddress: "localhost:15022"
      adminAddress: "localhost:15021"
      startupRole: FOLLOWER
    }
  }
}
leaderCommit: 255
commitInfos {
  server {
    id: "s2"
    address: "localhost:15020"
    dataStreamAddress: "localhost:15023"
    clientAddress: "localhost:15022"
    adminAddress: "localhost:15021"
    startupRole: FOLLOWER
  }
  commitIndex: 255
}
commitInfos {
  server {
    id: "s0"
    address: "localhost:15012"
    dataStreamAddress: "localhost:15015"
    clientAddress: "localhost:15014"
    adminAddress: "localhost:15013"
    startupRole: FOLLOWER
  }
  commitIndex: 252
}
commitInfos {
  server {
    id: "s1"
    address: "localhost:15016"
    dataStreamAddress: "localhost:15019"
    clientAddress: "localhost:15018"
    adminAddress: "localhost:15017"
    startupRole: FOLLOWER
  }
  commitIndex: 255
}
)
2025-04-05 17:05:41,711 [main] WARN  util.LeakDetector (LeakDetector.java:assertNoLeaks(175)) - 2/30) numLeaks == 1 > 0, will wait and retry ...
2025-04-05 17:05:42,530 [timer4] INFO  impl.SnapshotInstallationHandler (SnapshotInstallationHandler.java:lambda$installSnapshot$0(103)) - s3@group-8F97580789F2: receive installSnapshot: s2->s3#0-t2,chunk:277c7708-93eb-4fd7-b915-b7c17f4ed589,2  (Repeated 6 times in the last 5.000s)
2025-04-05 17:05:42,532 [timer5] INFO  impl.SnapshotInstallationHandler (SnapshotInstallationHandler.java:lambda$installSnapshot$0(103)) - s4@group-8F97580789F2: receive installSnapshot: s2->s4#0-t2,chunk:3186bd39-e962-4810-8591-06805f265d35,2  (Repeated 6 times in the last 5.001s)
2025-04-05 17:05:42,543 [timer0] INFO  impl.SnapshotInstallationHandler (SnapshotInstallationHandler.java:lambda$installSnapshot$1(113)) - s3@group-8F97580789F2: reply installSnapshot: s2<-s3#0:OK-t2,ALREADY_INSTALLED,requestIndex=2  (Repeated 6 times in the last 5.000s)
2025-04-05 17:05:42,549 [timer1] INFO  impl.SnapshotInstallationHandler (SnapshotInstallationHandler.java:lambda$installSnapshot$1(113)) - s4@group-8F97580789F2: reply installSnapshot: s2<-s4#0:OK-t2,ALREADY_INSTALLED,requestIndex=2  (Repeated 6 times in the last 5.001s)
2025-04-05 17:05:42,570 [timer3] INFO  server.GrpcServerProtocolService (GrpcServerProtocolService.java:lambda$null$9(218)) - s3: Completed INSTALL_SNAPSHOT, lastReply: null  (Repeated 2 times in the last 5.000s)
2025-04-05 17:05:42,571 [timer2] INFO  server.GrpcServerProtocolService (GrpcServerProtocolService.java:lambda$onCompleted$8(214)) - s3: Completed INSTALL_SNAPSHOT, lastRequest: null  (Repeated 2 times in the last 5.003s)
2025-04-05 17:05:42,572 [timer4] INFO  server.GrpcServerProtocolService (GrpcServerProtocolService.java:lambda$onCompleted$8(214)) - s4: Completed INSTALL_SNAPSHOT, lastRequest: null  (Repeated 2 times in the last 5.000s)
2025-04-05 17:05:42,572 [timer5] INFO  server.GrpcServerProtocolService (GrpcServerProtocolService.java:lambda$null$9(218)) - s4: Completed INSTALL_SNAPSHOT, lastReply: null  (Repeated 2 times in the last 5.000s)
2025-04-05 17:05:42,711 [main] WARN  util.ReferenceCountedLeakDetector (ReferenceCountedLeakDetector.java:logLeakMessage(167)) - LEAK: (class org.apache.ratis.proto.RaftProtos$AppendEntriesRequestProto, count=1, value=serverRequest {
  requestorId: "s2"
  replyId: "s1"
  raftGroupId {
    id: "\'\211b\317\336\024@\036\260S\217\227X\a\211\362"
  }
  callId: 1
}
leaderTerm: 2
previousLog {
  term: 1
  index: 256
}
entries {
  term: 2
  index: 257
  configurationEntry {
    peers {
      id: "s0"
      address: "localhost:15012"
      dataStreamAddress: "localhost:15015"
      clientAddress: "localhost:15014"
      adminAddress: "localhost:15013"
      startupRole: FOLLOWER
    }
    peers {
      id: "s1"
      address: "localhost:15016"
      dataStreamAddress: "localhost:15019"
      clientAddress: "localhost:15018"
      adminAddress: "localhost:15017"
      startupRole: FOLLOWER
    }
    peers {
      id: "s2"
      address: "localhost:15020"
      dataStreamAddress: "localhost:15023"
      clientAddress: "localhost:15022"
      adminAddress: "localhost:15021"
      startupRole: FOLLOWER
    }
  }
}
leaderCommit: 255
commitInfos {
  server {
    id: "s2"
    address: "localhost:15020"
    dataStreamAddress: "localhost:15023"
    clientAddress: "localhost:15022"
    adminAddress: "localhost:15021"
    startupRole: FOLLOWER
  }
  commitIndex: 255
}
commitInfos {
  server {
    id: "s0"
    address: "localhost:15012"
    dataStreamAddress: "localhost:15015"
    clientAddress: "localhost:15014"
    adminAddress: "localhost:15013"
    startupRole: FOLLOWER
  }
  commitIndex: 252
}
commitInfos {
  server {
    id: "s1"
    address: "localhost:15016"
    dataStreamAddress: "localhost:15019"
    clientAddress: "localhost:15018"
    adminAddress: "localhost:15017"
    startupRole: FOLLOWER
  }
  commitIndex: 255
}
)
2025-04-05 17:05:42,711 [main] WARN  util.LeakDetector (LeakDetector.java:assertNoLeaks(175)) - 3/30) numLeaks == 1 > 0, will wait and retry ...
2025-04-05 17:05:43,712 [main] WARN  util.ReferenceCountedLeakDetector (ReferenceCountedLeakDetector.java:logLeakMessage(167)) - LEAK: (class org.apache.ratis.proto.RaftProtos$AppendEntriesRequestProto, count=1, value=serverRequest {
  requestorId: "s2"
  replyId: "s1"
  raftGroupId {
    id: "\'\211b\317\336\024@\036\260S\217\227X\a\211\362"
  }
  callId: 1
}
leaderTerm: 2
previousLog {
  term: 1
  index: 256
}
entries {
  term: 2
  index: 257
  configurationEntry {
    peers {
      id: "s0"
      address: "localhost:15012"
      dataStreamAddress: "localhost:15015"
      clientAddress: "localhost:15014"
      adminAddress: "localhost:15013"
      startupRole: FOLLOWER
    }
    peers {
      id: "s1"
      address: "localhost:15016"
      dataStreamAddress: "localhost:15019"
      clientAddress: "localhost:15018"
      adminAddress: "localhost:15017"
      startupRole: FOLLOWER
    }
    peers {
      id: "s2"
      address: "localhost:15020"
      dataStreamAddress: "localhost:15023"
      clientAddress: "localhost:15022"
      adminAddress: "localhost:15021"
      startupRole: FOLLOWER
    }
  }
}
leaderCommit: 255
commitInfos {
  server {
    id: "s2"
    address: "localhost:15020"
    dataStreamAddress: "localhost:15023"
    clientAddress: "localhost:15022"
    adminAddress: "localhost:15021"
    startupRole: FOLLOWER
  }
  commitIndex: 255
}
commitInfos {
  server {
    id: "s0"
    address: "localhost:15012"
    dataStreamAddress: "localhost:15015"
    clientAddress: "localhost:15014"
    adminAddress: "localhost:15013"
    startupRole: FOLLOWER
  }
  commitIndex: 252
}
commitInfos {
  server {
    id: "s1"
    address: "localhost:15016"
    dataStreamAddress: "localhost:15019"
    clientAddress: "localhost:15018"
    adminAddress: "localhost:15017"
    startupRole: FOLLOWER
  }
  commitIndex: 255
}
)
2025-04-05 17:05:43,712 [main] WARN  util.LeakDetector (LeakDetector.java:assertNoLeaks(175)) - 4/30) numLeaks == 1 > 0, will wait and retry ...
2025-04-05 17:05:44,712 [main] WARN  util.ReferenceCountedLeakDetector (ReferenceCountedLeakDetector.java:logLeakMessage(167)) - LEAK: (class org.apache.ratis.proto.RaftProtos$AppendEntriesRequestProto, count=1, value=serverRequest {
  requestorId: "s2"
  replyId: "s1"
  raftGroupId {
    id: "\'\211b\317\336\024@\036\260S\217\227X\a\211\362"
  }
  callId: 1
}
leaderTerm: 2
previousLog {
  term: 1
  index: 256
}
entries {
  term: 2
  index: 257
  configurationEntry {
    peers {
      id: "s0"
      address: "localhost:15012"
      dataStreamAddress: "localhost:15015"
      clientAddress: "localhost:15014"
      adminAddress: "localhost:15013"
      startupRole: FOLLOWER
    }
    peers {
      id: "s1"
      address: "localhost:15016"
      dataStreamAddress: "localhost:15019"
      clientAddress: "localhost:15018"
      adminAddress: "localhost:15017"
      startupRole: FOLLOWER
    }
    peers {
      id: "s2"
      address: "localhost:15020"
      dataStreamAddress: "localhost:15023"
      clientAddress: "localhost:15022"
      adminAddress: "localhost:15021"
      startupRole: FOLLOWER
    }
  }
}
leaderCommit: 255
commitInfos {
  server {
    id: "s2"
    address: "localhost:15020"
    dataStreamAddress: "localhost:15023"
    clientAddress: "localhost:15022"
    adminAddress: "localhost:15021"
    startupRole: FOLLOWER
  }
  commitIndex: 255
}
commitInfos {
  server {
    id: "s0"
    address: "localhost:15012"
    dataStreamAddress: "localhost:15015"
    clientAddress: "localhost:15014"
    adminAddress: "localhost:15013"
    startupRole: FOLLOWER
  }
  commitIndex: 252
}
commitInfos {
  server {
    id: "s1"
    address: "localhost:15016"
    dataStreamAddress: "localhost:15019"
    clientAddress: "localhost:15018"
    adminAddress: "localhost:15017"
    startupRole: FOLLOWER
  }
  commitIndex: 255
}
)
2025-04-05 17:05:44,713 [main] WARN  util.LeakDetector (LeakDetector.java:assertNoLeaks(175)) - 5/30) numLeaks == 1 > 0, will wait and retry ...
2025-04-05 17:05:45,713 [main] WARN  util.ReferenceCountedLeakDetector (ReferenceCountedLeakDetector.java:logLeakMessage(167)) - LEAK: (class org.apache.ratis.proto.RaftProtos$AppendEntriesRequestProto, count=1, value=serverRequest {
  requestorId: "s2"
  replyId: "s1"
  raftGroupId {
    id: "\'\211b\317\336\024@\036\260S\217\227X\a\211\362"
  }
  callId: 1
}
leaderTerm: 2
previousLog {
  term: 1
  index: 256
}
entries {
  term: 2
  index: 257
  configurationEntry {
    peers {
      id: "s0"
      address: "localhost:15012"
      dataStreamAddress: "localhost:15015"
      clientAddress: "localhost:15014"
      adminAddress: "localhost:15013"
      startupRole: FOLLOWER
    }
    peers {
      id: "s1"
      address: "localhost:15016"
      dataStreamAddress: "localhost:15019"
      clientAddress: "localhost:15018"
      adminAddress: "localhost:15017"
      startupRole: FOLLOWER
    }
    peers {
      id: "s2"
      address: "localhost:15020"
      dataStreamAddress: "localhost:15023"
      clientAddress: "localhost:15022"
      adminAddress: "localhost:15021"
      startupRole: FOLLOWER
    }
  }
}
leaderCommit: 255
commitInfos {
  server {
    id: "s2"
    address: "localhost:15020"
    dataStreamAddress: "localhost:15023"
    clientAddress: "localhost:15022"
    adminAddress: "localhost:15021"
    startupRole: FOLLOWER
  }
  commitIndex: 255
}
commitInfos {
  server {
    id: "s0"
    address: "localhost:15012"
    dataStreamAddress: "localhost:15015"
    clientAddress: "localhost:15014"
    adminAddress: "localhost:15013"
    startupRole: FOLLOWER
  }
  commitIndex: 252
}
commitInfos {
  server {
    id: "s1"
    address: "localhost:15016"
    dataStreamAddress: "localhost:15019"
    clientAddress: "localhost:15018"
    adminAddress: "localhost:15017"
    startupRole: FOLLOWER
  }
  commitIndex: 255
}
)
2025-04-05 17:05:45,714 [main] WARN  util.LeakDetector (LeakDetector.java:assertNoLeaks(175)) - 6/30) numLeaks == 1 > 0, will wait and retry ...
2025-04-05 17:05:46,714 [main] WARN  util.ReferenceCountedLeakDetector (ReferenceCountedLeakDetector.java:logLeakMessage(167)) - LEAK: (class org.apache.ratis.proto.RaftProtos$AppendEntriesRequestProto, count=1, value=serverRequest {
  requestorId: "s2"
  replyId: "s1"
  raftGroupId {
    id: "\'\211b\317\336\024@\036\260S\217\227X\a\211\362"
  }
  callId: 1
}
leaderTerm: 2
previousLog {
  term: 1
  index: 256
}
entries {
  term: 2
  index: 257
  configurationEntry {
    peers {
      id: "s0"
      address: "localhost:15012"
      dataStreamAddress: "localhost:15015"
      clientAddress: "localhost:15014"
      adminAddress: "localhost:15013"
      startupRole: FOLLOWER
    }
    peers {
      id: "s1"
      address: "localhost:15016"
      dataStreamAddress: "localhost:15019"
      clientAddress: "localhost:15018"
      adminAddress: "localhost:15017"
      startupRole: FOLLOWER
    }
    peers {
      id: "s2"
      address: "localhost:15020"
      dataStreamAddress: "localhost:15023"
      clientAddress: "localhost:15022"
      adminAddress: "localhost:15021"
      startupRole: FOLLOWER
    }
  }
}
leaderCommit: 255
commitInfos {
  server {
    id: "s2"
    address: "localhost:15020"
    dataStreamAddress: "localhost:15023"
    clientAddress: "localhost:15022"
    adminAddress: "localhost:15021"
    startupRole: FOLLOWER
  }
  commitIndex: 255
}
commitInfos {
  server {
    id: "s0"
    address: "localhost:15012"
    dataStreamAddress: "localhost:15015"
    clientAddress: "localhost:15014"
    adminAddress: "localhost:15013"
    startupRole: FOLLOWER
  }
  commitIndex: 252
}
commitInfos {
  server {
    id: "s1"
    address: "localhost:15016"
    dataStreamAddress: "localhost:15019"
    clientAddress: "localhost:15018"
    adminAddress: "localhost:15017"
    startupRole: FOLLOWER
  }
  commitIndex: 255
}
)
2025-04-05 17:05:46,714 [main] WARN  util.LeakDetector (LeakDetector.java:assertNoLeaks(175)) - 7/30) numLeaks == 1 > 0, will wait and retry ...
2025-04-05 17:05:47,715 [main] WARN  util.ReferenceCountedLeakDetector (ReferenceCountedLeakDetector.java:logLeakMessage(167)) - LEAK: (class org.apache.ratis.proto.RaftProtos$AppendEntriesRequestProto, count=1, value=serverRequest {
  requestorId: "s2"
  replyId: "s1"
  raftGroupId {
    id: "\'\211b\317\336\024@\036\260S\217\227X\a\211\362"
  }
  callId: 1
}
leaderTerm: 2
previousLog {
  term: 1
  index: 256
}
entries {
  term: 2
  index: 257
  configurationEntry {
    peers {
      id: "s0"
      address: "localhost:15012"
      dataStreamAddress: "localhost:15015"
      clientAddress: "localhost:15014"
      adminAddress: "localhost:15013"
      startupRole: FOLLOWER
    }
    peers {
      id: "s1"
      address: "localhost:15016"
      dataStreamAddress: "localhost:15019"
      clientAddress: "localhost:15018"
      adminAddress: "localhost:15017"
      startupRole: FOLLOWER
    }
    peers {
      id: "s2"
      address: "localhost:15020"
      dataStreamAddress: "localhost:15023"
      clientAddress: "localhost:15022"
      adminAddress: "localhost:15021"
      startupRole: FOLLOWER
    }
  }
}
leaderCommit: 255
commitInfos {
  server {
    id: "s2"
    address: "localhost:15020"
    dataStreamAddress: "localhost:15023"
    clientAddress: "localhost:15022"
    adminAddress: "localhost:15021"
    startupRole: FOLLOWER
  }
  commitIndex: 255
}
commitInfos {
  server {
    id: "s0"
    address: "localhost:15012"
    dataStreamAddress: "localhost:15015"
    clientAddress: "localhost:15014"
    adminAddress: "localhost:15013"
    startupRole: FOLLOWER
  }
  commitIndex: 252
}
commitInfos {
  server {
    id: "s1"
    address: "localhost:15016"
    dataStreamAddress: "localhost:15019"
    clientAddress: "localhost:15018"
    adminAddress: "localhost:15017"
    startupRole: FOLLOWER
  }
  commitIndex: 255
}
)
2025-04-05 17:05:47,715 [main] WARN  util.LeakDetector (LeakDetector.java:assertNoLeaks(175)) - 8/30) numLeaks == 1 > 0, will wait and retry ...
2025-04-05 17:05:48,715 [main] WARN  util.ReferenceCountedLeakDetector (ReferenceCountedLeakDetector.java:logLeakMessage(167)) - LEAK: (class org.apache.ratis.proto.RaftProtos$AppendEntriesRequestProto, count=1, value=serverRequest {
  requestorId: "s2"
  replyId: "s1"
  raftGroupId {
    id: "\'\211b\317\336\024@\036\260S\217\227X\a\211\362"
  }
  callId: 1
}
leaderTerm: 2
previousLog {
  term: 1
  index: 256
}
entries {
  term: 2
  index: 257
  configurationEntry {
    peers {
      id: "s0"
      address: "localhost:15012"
      dataStreamAddress: "localhost:15015"
      clientAddress: "localhost:15014"
      adminAddress: "localhost:15013"
      startupRole: FOLLOWER
    }
    peers {
      id: "s1"
      address: "localhost:15016"
      dataStreamAddress: "localhost:15019"
      clientAddress: "localhost:15018"
      adminAddress: "localhost:15017"
      startupRole: FOLLOWER
    }
    peers {
      id: "s2"
      address: "localhost:15020"
      dataStreamAddress: "localhost:15023"
      clientAddress: "localhost:15022"
      adminAddress: "localhost:15021"
      startupRole: FOLLOWER
    }
  }
}
leaderCommit: 255
commitInfos {
  server {
    id: "s2"
    address: "localhost:15020"
    dataStreamAddress: "localhost:15023"
    clientAddress: "localhost:15022"
    adminAddress: "localhost:15021"
    startupRole: FOLLOWER
  }
  commitIndex: 255
}
commitInfos {
  server {
    id: "s0"
    address: "localhost:15012"
    dataStreamAddress: "localhost:15015"
    clientAddress: "localhost:15014"
    adminAddress: "localhost:15013"
    startupRole: FOLLOWER
  }
  commitIndex: 252
}
commitInfos {
  server {
    id: "s1"
    address: "localhost:15016"
    dataStreamAddress: "localhost:15019"
    clientAddress: "localhost:15018"
    adminAddress: "localhost:15017"
    startupRole: FOLLOWER
  }
  commitIndex: 255
}
)
2025-04-05 17:05:48,716 [main] WARN  util.LeakDetector (LeakDetector.java:assertNoLeaks(175)) - 9/30) numLeaks == 1 > 0, will wait and retry ...
2025-04-05 17:05:49,716 [main] WARN  util.ReferenceCountedLeakDetector (ReferenceCountedLeakDetector.java:logLeakMessage(167)) - LEAK: (class org.apache.ratis.proto.RaftProtos$AppendEntriesRequestProto, count=1, value=serverRequest {
  requestorId: "s2"
  replyId: "s1"
  raftGroupId {
    id: "\'\211b\317\336\024@\036\260S\217\227X\a\211\362"
  }
  callId: 1
}
leaderTerm: 2
previousLog {
  term: 1
  index: 256
}
entries {
  term: 2
  index: 257
  configurationEntry {
    peers {
      id: "s0"
      address: "localhost:15012"
      dataStreamAddress: "localhost:15015"
      clientAddress: "localhost:15014"
      adminAddress: "localhost:15013"
      startupRole: FOLLOWER
    }
    peers {
      id: "s1"
      address: "localhost:15016"
      dataStreamAddress: "localhost:15019"
      clientAddress: "localhost:15018"
      adminAddress: "localhost:15017"
      startupRole: FOLLOWER
    }
    peers {
      id: "s2"
      address: "localhost:15020"
      dataStreamAddress: "localhost:15023"
      clientAddress: "localhost:15022"
      adminAddress: "localhost:15021"
      startupRole: FOLLOWER
    }
  }
}
leaderCommit: 255
commitInfos {
  server {
    id: "s2"
    address: "localhost:15020"
    dataStreamAddress: "localhost:15023"
    clientAddress: "localhost:15022"
    adminAddress: "localhost:15021"
    startupRole: FOLLOWER
  }
  commitIndex: 255
}
commitInfos {
  server {
    id: "s0"
    address: "localhost:15012"
    dataStreamAddress: "localhost:15015"
    clientAddress: "localhost:15014"
    adminAddress: "localhost:15013"
    startupRole: FOLLOWER
  }
  commitIndex: 252
}
commitInfos {
  server {
    id: "s1"
    address: "localhost:15016"
    dataStreamAddress: "localhost:15019"
    clientAddress: "localhost:15018"
    adminAddress: "localhost:15017"
    startupRole: FOLLOWER
  }
  commitIndex: 255
}
)
2025-04-05 17:05:49,717 [main] WARN  util.LeakDetector (LeakDetector.java:assertNoLeaks(175)) - 10/30) numLeaks == 1 > 0, will wait and retry ...
2025-04-05 17:05:50,717 [main] WARN  util.ReferenceCountedLeakDetector (ReferenceCountedLeakDetector.java:logLeakMessage(167)) - LEAK: (class org.apache.ratis.proto.RaftProtos$AppendEntriesRequestProto, count=1, value=serverRequest {
  requestorId: "s2"
  replyId: "s1"
  raftGroupId {
    id: "\'\211b\317\336\024@\036\260S\217\227X\a\211\362"
  }
  callId: 1
}
leaderTerm: 2
previousLog {
  term: 1
  index: 256
}
entries {
  term: 2
  index: 257
  configurationEntry {
    peers {
      id: "s0"
      address: "localhost:15012"
      dataStreamAddress: "localhost:15015"
      clientAddress: "localhost:15014"
      adminAddress: "localhost:15013"
      startupRole: FOLLOWER
    }
    peers {
      id: "s1"
      address: "localhost:15016"
      dataStreamAddress: "localhost:15019"
      clientAddress: "localhost:15018"
      adminAddress: "localhost:15017"
      startupRole: FOLLOWER
    }
    peers {
      id: "s2"
      address: "localhost:15020"
      dataStreamAddress: "localhost:15023"
      clientAddress: "localhost:15022"
      adminAddress: "localhost:15021"
      startupRole: FOLLOWER
    }
  }
}
leaderCommit: 255
commitInfos {
  server {
    id: "s2"
    address: "localhost:15020"
    dataStreamAddress: "localhost:15023"
    clientAddress: "localhost:15022"
    adminAddress: "localhost:15021"
    startupRole: FOLLOWER
  }
  commitIndex: 255
}
commitInfos {
  server {
    id: "s0"
    address: "localhost:15012"
    dataStreamAddress: "localhost:15015"
    clientAddress: "localhost:15014"
    adminAddress: "localhost:15013"
    startupRole: FOLLOWER
  }
  commitIndex: 252
}
commitInfos {
  server {
    id: "s1"
    address: "localhost:15016"
    dataStreamAddress: "localhost:15019"
    clientAddress: "localhost:15018"
    adminAddress: "localhost:15017"
    startupRole: FOLLOWER
  }
  commitIndex: 255
}
)
2025-04-05 17:05:50,717 [main] WARN  util.LeakDetector (LeakDetector.java:assertNoLeaks(175)) - 11/30) numLeaks == 1 > 0, will wait and retry ...
2025-04-05 17:05:51,718 [main] WARN  util.ReferenceCountedLeakDetector (ReferenceCountedLeakDetector.java:logLeakMessage(167)) - LEAK: (class org.apache.ratis.proto.RaftProtos$AppendEntriesRequestProto, count=1, value=serverRequest {
  requestorId: "s2"
  replyId: "s1"
  raftGroupId {
    id: "\'\211b\317\336\024@\036\260S\217\227X\a\211\362"
  }
  callId: 1
}
leaderTerm: 2
previousLog {
  term: 1
  index: 256
}
entries {
  term: 2
  index: 257
  configurationEntry {
    peers {
      id: "s0"
      address: "localhost:15012"
      dataStreamAddress: "localhost:15015"
      clientAddress: "localhost:15014"
      adminAddress: "localhost:15013"
      startupRole: FOLLOWER
    }
    peers {
      id: "s1"
      address: "localhost:15016"
      dataStreamAddress: "localhost:15019"
      clientAddress: "localhost:15018"
      adminAddress: "localhost:15017"
      startupRole: FOLLOWER
    }
    peers {
      id: "s2"
      address: "localhost:15020"
      dataStreamAddress: "localhost:15023"
      clientAddress: "localhost:15022"
      adminAddress: "localhost:15021"
      startupRole: FOLLOWER
    }
  }
}
leaderCommit: 255
commitInfos {
  server {
    id: "s2"
    address: "localhost:15020"
    dataStreamAddress: "localhost:15023"
    clientAddress: "localhost:15022"
    adminAddress: "localhost:15021"
    startupRole: FOLLOWER
  }
  commitIndex: 255
}
commitInfos {
  server {
    id: "s0"
    address: "localhost:15012"
    dataStreamAddress: "localhost:15015"
    clientAddress: "localhost:15014"
    adminAddress: "localhost:15013"
    startupRole: FOLLOWER
  }
  commitIndex: 252
}
commitInfos {
  server {
    id: "s1"
    address: "localhost:15016"
    dataStreamAddress: "localhost:15019"
    clientAddress: "localhost:15018"
    adminAddress: "localhost:15017"
    startupRole: FOLLOWER
  }
  commitIndex: 255
}
)
2025-04-05 17:05:51,718 [main] WARN  util.LeakDetector (LeakDetector.java:assertNoLeaks(175)) - 12/30) numLeaks == 1 > 0, will wait and retry ...
2025-04-05 17:05:52,718 [main] WARN  util.ReferenceCountedLeakDetector (ReferenceCountedLeakDetector.java:logLeakMessage(167)) - LEAK: (class org.apache.ratis.proto.RaftProtos$AppendEntriesRequestProto, count=1, value=serverRequest {
  requestorId: "s2"
  replyId: "s1"
  raftGroupId {
    id: "\'\211b\317\336\024@\036\260S\217\227X\a\211\362"
  }
  callId: 1
}
leaderTerm: 2
previousLog {
  term: 1
  index: 256
}
entries {
  term: 2
  index: 257
  configurationEntry {
    peers {
      id: "s0"
      address: "localhost:15012"
      dataStreamAddress: "localhost:15015"
      clientAddress: "localhost:15014"
      adminAddress: "localhost:15013"
      startupRole: FOLLOWER
    }
    peers {
      id: "s1"
      address: "localhost:15016"
      dataStreamAddress: "localhost:15019"
      clientAddress: "localhost:15018"
      adminAddress: "localhost:15017"
      startupRole: FOLLOWER
    }
    peers {
      id: "s2"
      address: "localhost:15020"
      dataStreamAddress: "localhost:15023"
      clientAddress: "localhost:15022"
      adminAddress: "localhost:15021"
      startupRole: FOLLOWER
    }
  }
}
leaderCommit: 255
commitInfos {
  server {
    id: "s2"
    address: "localhost:15020"
    dataStreamAddress: "localhost:15023"
    clientAddress: "localhost:15022"
    adminAddress: "localhost:15021"
    startupRole: FOLLOWER
  }
  commitIndex: 255
}
commitInfos {
  server {
    id: "s0"
    address: "localhost:15012"
    dataStreamAddress: "localhost:15015"
    clientAddress: "localhost:15014"
    adminAddress: "localhost:15013"
    startupRole: FOLLOWER
  }
  commitIndex: 252
}
commitInfos {
  server {
    id: "s1"
    address: "localhost:15016"
    dataStreamAddress: "localhost:15019"
    clientAddress: "localhost:15018"
    adminAddress: "localhost:15017"
    startupRole: FOLLOWER
  }
  commitIndex: 255
}
)
2025-04-05 17:05:52,719 [main] WARN  util.LeakDetector (LeakDetector.java:assertNoLeaks(175)) - 13/30) numLeaks == 1 > 0, will wait and retry ...
2025-04-05 17:05:53,719 [main] WARN  util.ReferenceCountedLeakDetector (ReferenceCountedLeakDetector.java:logLeakMessage(167)) - LEAK: (class org.apache.ratis.proto.RaftProtos$AppendEntriesRequestProto, count=1, value=serverRequest {
  requestorId: "s2"
  replyId: "s1"
  raftGroupId {
    id: "\'\211b\317\336\024@\036\260S\217\227X\a\211\362"
  }
  callId: 1
}
leaderTerm: 2
previousLog {
  term: 1
  index: 256
}
entries {
  term: 2
  index: 257
  configurationEntry {
    peers {
      id: "s0"
      address: "localhost:15012"
      dataStreamAddress: "localhost:15015"
      clientAddress: "localhost:15014"
      adminAddress: "localhost:15013"
      startupRole: FOLLOWER
    }
    peers {
      id: "s1"
      address: "localhost:15016"
      dataStreamAddress: "localhost:15019"
      clientAddress: "localhost:15018"
      adminAddress: "localhost:15017"
      startupRole: FOLLOWER
    }
    peers {
      id: "s2"
      address: "localhost:15020"
      dataStreamAddress: "localhost:15023"
      clientAddress: "localhost:15022"
      adminAddress: "localhost:15021"
      startupRole: FOLLOWER
    }
  }
}
leaderCommit: 255
commitInfos {
  server {
    id: "s2"
    address: "localhost:15020"
    dataStreamAddress: "localhost:15023"
    clientAddress: "localhost:15022"
    adminAddress: "localhost:15021"
    startupRole: FOLLOWER
  }
  commitIndex: 255
}
commitInfos {
  server {
    id: "s0"
    address: "localhost:15012"
    dataStreamAddress: "localhost:15015"
    clientAddress: "localhost:15014"
    adminAddress: "localhost:15013"
    startupRole: FOLLOWER
  }
  commitIndex: 252
}
commitInfos {
  server {
    id: "s1"
    address: "localhost:15016"
    dataStreamAddress: "localhost:15019"
    clientAddress: "localhost:15018"
    adminAddress: "localhost:15017"
    startupRole: FOLLOWER
  }
  commitIndex: 255
}
)
2025-04-05 17:05:53,720 [main] WARN  util.LeakDetector (LeakDetector.java:assertNoLeaks(175)) - 14/30) numLeaks == 1 > 0, will wait and retry ...
2025-04-05 17:05:54,720 [main] WARN  util.ReferenceCountedLeakDetector (ReferenceCountedLeakDetector.java:logLeakMessage(167)) - LEAK: (class org.apache.ratis.proto.RaftProtos$AppendEntriesRequestProto, count=1, value=serverRequest {
  requestorId: "s2"
  replyId: "s1"
  raftGroupId {
    id: "\'\211b\317\336\024@\036\260S\217\227X\a\211\362"
  }
  callId: 1
}
leaderTerm: 2
previousLog {
  term: 1
  index: 256
}
entries {
  term: 2
  index: 257
  configurationEntry {
    peers {
      id: "s0"
      address: "localhost:15012"
      dataStreamAddress: "localhost:15015"
      clientAddress: "localhost:15014"
      adminAddress: "localhost:15013"
      startupRole: FOLLOWER
    }
    peers {
      id: "s1"
      address: "localhost:15016"
      dataStreamAddress: "localhost:15019"
      clientAddress: "localhost:15018"
      adminAddress: "localhost:15017"
      startupRole: FOLLOWER
    }
    peers {
      id: "s2"
      address: "localhost:15020"
      dataStreamAddress: "localhost:15023"
      clientAddress: "localhost:15022"
      adminAddress: "localhost:15021"
      startupRole: FOLLOWER
    }
  }
}
leaderCommit: 255
commitInfos {
  server {
    id: "s2"
    address: "localhost:15020"
    dataStreamAddress: "localhost:15023"
    clientAddress: "localhost:15022"
    adminAddress: "localhost:15021"
    startupRole: FOLLOWER
  }
  commitIndex: 255
}
commitInfos {
  server {
    id: "s0"
    address: "localhost:15012"
    dataStreamAddress: "localhost:15015"
    clientAddress: "localhost:15014"
    adminAddress: "localhost:15013"
    startupRole: FOLLOWER
  }
  commitIndex: 252
}
commitInfos {
  server {
    id: "s1"
    address: "localhost:15016"
    dataStreamAddress: "localhost:15019"
    clientAddress: "localhost:15018"
    adminAddress: "localhost:15017"
    startupRole: FOLLOWER
  }
  commitIndex: 255
}
)
2025-04-05 17:05:54,720 [main] WARN  util.LeakDetector (LeakDetector.java:assertNoLeaks(175)) - 15/30) numLeaks == 1 > 0, will wait and retry ...
2025-04-05 17:05:55,721 [main] WARN  util.ReferenceCountedLeakDetector (ReferenceCountedLeakDetector.java:logLeakMessage(167)) - LEAK: (class org.apache.ratis.proto.RaftProtos$AppendEntriesRequestProto, count=1, value=serverRequest {
  requestorId: "s2"
  replyId: "s1"
  raftGroupId {
    id: "\'\211b\317\336\024@\036\260S\217\227X\a\211\362"
  }
  callId: 1
}
leaderTerm: 2
previousLog {
  term: 1
  index: 256
}
entries {
  term: 2
  index: 257
  configurationEntry {
    peers {
      id: "s0"
      address: "localhost:15012"
      dataStreamAddress: "localhost:15015"
      clientAddress: "localhost:15014"
      adminAddress: "localhost:15013"
      startupRole: FOLLOWER
    }
    peers {
      id: "s1"
      address: "localhost:15016"
      dataStreamAddress: "localhost:15019"
      clientAddress: "localhost:15018"
      adminAddress: "localhost:15017"
      startupRole: FOLLOWER
    }
    peers {
      id: "s2"
      address: "localhost:15020"
      dataStreamAddress: "localhost:15023"
      clientAddress: "localhost:15022"
      adminAddress: "localhost:15021"
      startupRole: FOLLOWER
    }
  }
}
leaderCommit: 255
commitInfos {
  server {
    id: "s2"
    address: "localhost:15020"
    dataStreamAddress: "localhost:15023"
    clientAddress: "localhost:15022"
    adminAddress: "localhost:15021"
    startupRole: FOLLOWER
  }
  commitIndex: 255
}
commitInfos {
  server {
    id: "s0"
    address: "localhost:15012"
    dataStreamAddress: "localhost:15015"
    clientAddress: "localhost:15014"
    adminAddress: "localhost:15013"
    startupRole: FOLLOWER
  }
  commitIndex: 252
}
commitInfos {
  server {
    id: "s1"
    address: "localhost:15016"
    dataStreamAddress: "localhost:15019"
    clientAddress: "localhost:15018"
    adminAddress: "localhost:15017"
    startupRole: FOLLOWER
  }
  commitIndex: 255
}
)
2025-04-05 17:05:55,721 [main] WARN  util.LeakDetector (LeakDetector.java:assertNoLeaks(175)) - 16/30) numLeaks == 1 > 0, will wait and retry ...
2025-04-05 17:05:56,722 [main] WARN  util.ReferenceCountedLeakDetector (ReferenceCountedLeakDetector.java:logLeakMessage(167)) - LEAK: (class org.apache.ratis.proto.RaftProtos$AppendEntriesRequestProto, count=1, value=serverRequest {
  requestorId: "s2"
  replyId: "s1"
  raftGroupId {
    id: "\'\211b\317\336\024@\036\260S\217\227X\a\211\362"
  }
  callId: 1
}
leaderTerm: 2
previousLog {
  term: 1
  index: 256
}
entries {
  term: 2
  index: 257
  configurationEntry {
    peers {
      id: "s0"
      address: "localhost:15012"
      dataStreamAddress: "localhost:15015"
      clientAddress: "localhost:15014"
      adminAddress: "localhost:15013"
      startupRole: FOLLOWER
    }
    peers {
      id: "s1"
      address: "localhost:15016"
      dataStreamAddress: "localhost:15019"
      clientAddress: "localhost:15018"
      adminAddress: "localhost:15017"
      startupRole: FOLLOWER
    }
    peers {
      id: "s2"
      address: "localhost:15020"
      dataStreamAddress: "localhost:15023"
      clientAddress: "localhost:15022"
      adminAddress: "localhost:15021"
      startupRole: FOLLOWER
    }
  }
}
leaderCommit: 255
commitInfos {
  server {
    id: "s2"
    address: "localhost:15020"
    dataStreamAddress: "localhost:15023"
    clientAddress: "localhost:15022"
    adminAddress: "localhost:15021"
    startupRole: FOLLOWER
  }
  commitIndex: 255
}
commitInfos {
  server {
    id: "s0"
    address: "localhost:15012"
    dataStreamAddress: "localhost:15015"
    clientAddress: "localhost:15014"
    adminAddress: "localhost:15013"
    startupRole: FOLLOWER
  }
  commitIndex: 252
}
commitInfos {
  server {
    id: "s1"
    address: "localhost:15016"
    dataStreamAddress: "localhost:15019"
    clientAddress: "localhost:15018"
    adminAddress: "localhost:15017"
    startupRole: FOLLOWER
  }
  commitIndex: 255
}
)
2025-04-05 17:05:56,722 [main] WARN  util.LeakDetector (LeakDetector.java:assertNoLeaks(175)) - 17/30) numLeaks == 1 > 0, will wait and retry ...
2025-04-05 17:05:57,722 [main] WARN  util.ReferenceCountedLeakDetector (ReferenceCountedLeakDetector.java:logLeakMessage(167)) - LEAK: (class org.apache.ratis.proto.RaftProtos$AppendEntriesRequestProto, count=1, value=serverRequest {
  requestorId: "s2"
  replyId: "s1"
  raftGroupId {
    id: "\'\211b\317\336\024@\036\260S\217\227X\a\211\362"
  }
  callId: 1
}
leaderTerm: 2
previousLog {
  term: 1
  index: 256
}
entries {
  term: 2
  index: 257
  configurationEntry {
    peers {
      id: "s0"
      address: "localhost:15012"
      dataStreamAddress: "localhost:15015"
      clientAddress: "localhost:15014"
      adminAddress: "localhost:15013"
      startupRole: FOLLOWER
    }
    peers {
      id: "s1"
      address: "localhost:15016"
      dataStreamAddress: "localhost:15019"
      clientAddress: "localhost:15018"
      adminAddress: "localhost:15017"
      startupRole: FOLLOWER
    }
    peers {
      id: "s2"
      address: "localhost:15020"
      dataStreamAddress: "localhost:15023"
      clientAddress: "localhost:15022"
      adminAddress: "localhost:15021"
      startupRole: FOLLOWER
    }
  }
}
leaderCommit: 255
commitInfos {
  server {
    id: "s2"
    address: "localhost:15020"
    dataStreamAddress: "localhost:15023"
    clientAddress: "localhost:15022"
    adminAddress: "localhost:15021"
    startupRole: FOLLOWER
  }
  commitIndex: 255
}
commitInfos {
  server {
    id: "s0"
    address: "localhost:15012"
    dataStreamAddress: "localhost:15015"
    clientAddress: "localhost:15014"
    adminAddress: "localhost:15013"
    startupRole: FOLLOWER
  }
  commitIndex: 252
}
commitInfos {
  server {
    id: "s1"
    address: "localhost:15016"
    dataStreamAddress: "localhost:15019"
    clientAddress: "localhost:15018"
    adminAddress: "localhost:15017"
    startupRole: FOLLOWER
  }
  commitIndex: 255
}
)
2025-04-05 17:05:57,723 [main] WARN  util.LeakDetector (LeakDetector.java:assertNoLeaks(175)) - 18/30) numLeaks == 1 > 0, will wait and retry ...
2025-04-05 17:05:58,723 [main] WARN  util.ReferenceCountedLeakDetector (ReferenceCountedLeakDetector.java:logLeakMessage(167)) - LEAK: (class org.apache.ratis.proto.RaftProtos$AppendEntriesRequestProto, count=1, value=serverRequest {
  requestorId: "s2"
  replyId: "s1"
  raftGroupId {
    id: "\'\211b\317\336\024@\036\260S\217\227X\a\211\362"
  }
  callId: 1
}
leaderTerm: 2
previousLog {
  term: 1
  index: 256
}
entries {
  term: 2
  index: 257
  configurationEntry {
    peers {
      id: "s0"
      address: "localhost:15012"
      dataStreamAddress: "localhost:15015"
      clientAddress: "localhost:15014"
      adminAddress: "localhost:15013"
      startupRole: FOLLOWER
    }
    peers {
      id: "s1"
      address: "localhost:15016"
      dataStreamAddress: "localhost:15019"
      clientAddress: "localhost:15018"
      adminAddress: "localhost:15017"
      startupRole: FOLLOWER
    }
    peers {
      id: "s2"
      address: "localhost:15020"
      dataStreamAddress: "localhost:15023"
      clientAddress: "localhost:15022"
      adminAddress: "localhost:15021"
      startupRole: FOLLOWER
    }
  }
}
leaderCommit: 255
commitInfos {
  server {
    id: "s2"
    address: "localhost:15020"
    dataStreamAddress: "localhost:15023"
    clientAddress: "localhost:15022"
    adminAddress: "localhost:15021"
    startupRole: FOLLOWER
  }
  commitIndex: 255
}
commitInfos {
  server {
    id: "s0"
    address: "localhost:15012"
    dataStreamAddress: "localhost:15015"
    clientAddress: "localhost:15014"
    adminAddress: "localhost:15013"
    startupRole: FOLLOWER
  }
  commitIndex: 252
}
commitInfos {
  server {
    id: "s1"
    address: "localhost:15016"
    dataStreamAddress: "localhost:15019"
    clientAddress: "localhost:15018"
    adminAddress: "localhost:15017"
    startupRole: FOLLOWER
  }
  commitIndex: 255
}
)
2025-04-05 17:05:58,724 [main] WARN  util.LeakDetector (LeakDetector.java:assertNoLeaks(175)) - 19/30) numLeaks == 1 > 0, will wait and retry ...
2025-04-05 17:05:59,724 [main] WARN  util.ReferenceCountedLeakDetector (ReferenceCountedLeakDetector.java:logLeakMessage(167)) - LEAK: (class org.apache.ratis.proto.RaftProtos$AppendEntriesRequestProto, count=1, value=serverRequest {
  requestorId: "s2"
  replyId: "s1"
  raftGroupId {
    id: "\'\211b\317\336\024@\036\260S\217\227X\a\211\362"
  }
  callId: 1
}
leaderTerm: 2
previousLog {
  term: 1
  index: 256
}
entries {
  term: 2
  index: 257
  configurationEntry {
    peers {
      id: "s0"
      address: "localhost:15012"
      dataStreamAddress: "localhost:15015"
      clientAddress: "localhost:15014"
      adminAddress: "localhost:15013"
      startupRole: FOLLOWER
    }
    peers {
      id: "s1"
      address: "localhost:15016"
      dataStreamAddress: "localhost:15019"
      clientAddress: "localhost:15018"
      adminAddress: "localhost:15017"
      startupRole: FOLLOWER
    }
    peers {
      id: "s2"
      address: "localhost:15020"
      dataStreamAddress: "localhost:15023"
      clientAddress: "localhost:15022"
      adminAddress: "localhost:15021"
      startupRole: FOLLOWER
    }
  }
}
leaderCommit: 255
commitInfos {
  server {
    id: "s2"
    address: "localhost:15020"
    dataStreamAddress: "localhost:15023"
    clientAddress: "localhost:15022"
    adminAddress: "localhost:15021"
    startupRole: FOLLOWER
  }
  commitIndex: 255
}
commitInfos {
  server {
    id: "s0"
    address: "localhost:15012"
    dataStreamAddress: "localhost:15015"
    clientAddress: "localhost:15014"
    adminAddress: "localhost:15013"
    startupRole: FOLLOWER
  }
  commitIndex: 252
}
commitInfos {
  server {
    id: "s1"
    address: "localhost:15016"
    dataStreamAddress: "localhost:15019"
    clientAddress: "localhost:15018"
    adminAddress: "localhost:15017"
    startupRole: FOLLOWER
  }
  commitIndex: 255
}
)
2025-04-05 17:05:59,724 [main] WARN  util.LeakDetector (LeakDetector.java:assertNoLeaks(175)) - 20/30) numLeaks == 1 > 0, will wait and retry ...
2025-04-05 17:06:00,725 [main] WARN  util.ReferenceCountedLeakDetector (ReferenceCountedLeakDetector.java:logLeakMessage(167)) - LEAK: (class org.apache.ratis.proto.RaftProtos$AppendEntriesRequestProto, count=1, value=serverRequest {
  requestorId: "s2"
  replyId: "s1"
  raftGroupId {
    id: "\'\211b\317\336\024@\036\260S\217\227X\a\211\362"
  }
  callId: 1
}
leaderTerm: 2
previousLog {
  term: 1
  index: 256
}
entries {
  term: 2
  index: 257
  configurationEntry {
    peers {
      id: "s0"
      address: "localhost:15012"
      dataStreamAddress: "localhost:15015"
      clientAddress: "localhost:15014"
      adminAddress: "localhost:15013"
      startupRole: FOLLOWER
    }
    peers {
      id: "s1"
      address: "localhost:15016"
      dataStreamAddress: "localhost:15019"
      clientAddress: "localhost:15018"
      adminAddress: "localhost:15017"
      startupRole: FOLLOWER
    }
    peers {
      id: "s2"
      address: "localhost:15020"
      dataStreamAddress: "localhost:15023"
      clientAddress: "localhost:15022"
      adminAddress: "localhost:15021"
      startupRole: FOLLOWER
    }
  }
}
leaderCommit: 255
commitInfos {
  server {
    id: "s2"
    address: "localhost:15020"
    dataStreamAddress: "localhost:15023"
    clientAddress: "localhost:15022"
    adminAddress: "localhost:15021"
    startupRole: FOLLOWER
  }
  commitIndex: 255
}
commitInfos {
  server {
    id: "s0"
    address: "localhost:15012"
    dataStreamAddress: "localhost:15015"
    clientAddress: "localhost:15014"
    adminAddress: "localhost:15013"
    startupRole: FOLLOWER
  }
  commitIndex: 252
}
commitInfos {
  server {
    id: "s1"
    address: "localhost:15016"
    dataStreamAddress: "localhost:15019"
    clientAddress: "localhost:15018"
    adminAddress: "localhost:15017"
    startupRole: FOLLOWER
  }
  commitIndex: 255
}
)
2025-04-05 17:06:00,725 [main] WARN  util.LeakDetector (LeakDetector.java:assertNoLeaks(175)) - 21/30) numLeaks == 1 > 0, will wait and retry ...
2025-04-05 17:06:01,725 [main] WARN  util.ReferenceCountedLeakDetector (ReferenceCountedLeakDetector.java:logLeakMessage(167)) - LEAK: (class org.apache.ratis.proto.RaftProtos$AppendEntriesRequestProto, count=1, value=serverRequest {
  requestorId: "s2"
  replyId: "s1"
  raftGroupId {
    id: "\'\211b\317\336\024@\036\260S\217\227X\a\211\362"
  }
  callId: 1
}
leaderTerm: 2
previousLog {
  term: 1
  index: 256
}
entries {
  term: 2
  index: 257
  configurationEntry {
    peers {
      id: "s0"
      address: "localhost:15012"
      dataStreamAddress: "localhost:15015"
      clientAddress: "localhost:15014"
      adminAddress: "localhost:15013"
      startupRole: FOLLOWER
    }
    peers {
      id: "s1"
      address: "localhost:15016"
      dataStreamAddress: "localhost:15019"
      clientAddress: "localhost:15018"
      adminAddress: "localhost:15017"
      startupRole: FOLLOWER
    }
    peers {
      id: "s2"
      address: "localhost:15020"
      dataStreamAddress: "localhost:15023"
      clientAddress: "localhost:15022"
      adminAddress: "localhost:15021"
      startupRole: FOLLOWER
    }
  }
}
leaderCommit: 255
commitInfos {
  server {
    id: "s2"
    address: "localhost:15020"
    dataStreamAddress: "localhost:15023"
    clientAddress: "localhost:15022"
    adminAddress: "localhost:15021"
    startupRole: FOLLOWER
  }
  commitIndex: 255
}
commitInfos {
  server {
    id: "s0"
    address: "localhost:15012"
    dataStreamAddress: "localhost:15015"
    clientAddress: "localhost:15014"
    adminAddress: "localhost:15013"
    startupRole: FOLLOWER
  }
  commitIndex: 252
}
commitInfos {
  server {
    id: "s1"
    address: "localhost:15016"
    dataStreamAddress: "localhost:15019"
    clientAddress: "localhost:15018"
    adminAddress: "localhost:15017"
    startupRole: FOLLOWER
  }
  commitIndex: 255
}
)
2025-04-05 17:06:01,726 [main] WARN  util.LeakDetector (LeakDetector.java:assertNoLeaks(175)) - 22/30) numLeaks == 1 > 0, will wait and retry ...
2025-04-05 17:06:02,726 [main] WARN  util.ReferenceCountedLeakDetector (ReferenceCountedLeakDetector.java:logLeakMessage(167)) - LEAK: (class org.apache.ratis.proto.RaftProtos$AppendEntriesRequestProto, count=1, value=serverRequest {
  requestorId: "s2"
  replyId: "s1"
  raftGroupId {
    id: "\'\211b\317\336\024@\036\260S\217\227X\a\211\362"
  }
  callId: 1
}
leaderTerm: 2
previousLog {
  term: 1
  index: 256
}
entries {
  term: 2
  index: 257
  configurationEntry {
    peers {
      id: "s0"
      address: "localhost:15012"
      dataStreamAddress: "localhost:15015"
      clientAddress: "localhost:15014"
      adminAddress: "localhost:15013"
      startupRole: FOLLOWER
    }
    peers {
      id: "s1"
      address: "localhost:15016"
      dataStreamAddress: "localhost:15019"
      clientAddress: "localhost:15018"
      adminAddress: "localhost:15017"
      startupRole: FOLLOWER
    }
    peers {
      id: "s2"
      address: "localhost:15020"
      dataStreamAddress: "localhost:15023"
      clientAddress: "localhost:15022"
      adminAddress: "localhost:15021"
      startupRole: FOLLOWER
    }
  }
}
leaderCommit: 255
commitInfos {
  server {
    id: "s2"
    address: "localhost:15020"
    dataStreamAddress: "localhost:15023"
    clientAddress: "localhost:15022"
    adminAddress: "localhost:15021"
    startupRole: FOLLOWER
  }
  commitIndex: 255
}
commitInfos {
  server {
    id: "s0"
    address: "localhost:15012"
    dataStreamAddress: "localhost:15015"
    clientAddress: "localhost:15014"
    adminAddress: "localhost:15013"
    startupRole: FOLLOWER
  }
  commitIndex: 252
}
commitInfos {
  server {
    id: "s1"
    address: "localhost:15016"
    dataStreamAddress: "localhost:15019"
    clientAddress: "localhost:15018"
    adminAddress: "localhost:15017"
    startupRole: FOLLOWER
  }
  commitIndex: 255
}
)
2025-04-05 17:06:02,727 [main] WARN  util.LeakDetector (LeakDetector.java:assertNoLeaks(175)) - 23/30) numLeaks == 1 > 0, will wait and retry ...
2025-04-05 17:06:03,727 [main] WARN  util.ReferenceCountedLeakDetector (ReferenceCountedLeakDetector.java:logLeakMessage(167)) - LEAK: (class org.apache.ratis.proto.RaftProtos$AppendEntriesRequestProto, count=1, value=serverRequest {
  requestorId: "s2"
  replyId: "s1"
  raftGroupId {
    id: "\'\211b\317\336\024@\036\260S\217\227X\a\211\362"
  }
  callId: 1
}
leaderTerm: 2
previousLog {
  term: 1
  index: 256
}
entries {
  term: 2
  index: 257
  configurationEntry {
    peers {
      id: "s0"
      address: "localhost:15012"
      dataStreamAddress: "localhost:15015"
      clientAddress: "localhost:15014"
      adminAddress: "localhost:15013"
      startupRole: FOLLOWER
    }
    peers {
      id: "s1"
      address: "localhost:15016"
      dataStreamAddress: "localhost:15019"
      clientAddress: "localhost:15018"
      adminAddress: "localhost:15017"
      startupRole: FOLLOWER
    }
    peers {
      id: "s2"
      address: "localhost:15020"
      dataStreamAddress: "localhost:15023"
      clientAddress: "localhost:15022"
      adminAddress: "localhost:15021"
      startupRole: FOLLOWER
    }
  }
}
leaderCommit: 255
commitInfos {
  server {
    id: "s2"
    address: "localhost:15020"
    dataStreamAddress: "localhost:15023"
    clientAddress: "localhost:15022"
    adminAddress: "localhost:15021"
    startupRole: FOLLOWER
  }
  commitIndex: 255
}
commitInfos {
  server {
    id: "s0"
    address: "localhost:15012"
    dataStreamAddress: "localhost:15015"
    clientAddress: "localhost:15014"
    adminAddress: "localhost:15013"
    startupRole: FOLLOWER
  }
  commitIndex: 252
}
commitInfos {
  server {
    id: "s1"
    address: "localhost:15016"
    dataStreamAddress: "localhost:15019"
    clientAddress: "localhost:15018"
    adminAddress: "localhost:15017"
    startupRole: FOLLOWER
  }
  commitIndex: 255
}
)
2025-04-05 17:06:03,727 [main] WARN  util.LeakDetector (LeakDetector.java:assertNoLeaks(175)) - 24/30) numLeaks == 1 > 0, will wait and retry ...
2025-04-05 17:06:04,728 [main] WARN  util.ReferenceCountedLeakDetector (ReferenceCountedLeakDetector.java:logLeakMessage(167)) - LEAK: (class org.apache.ratis.proto.RaftProtos$AppendEntriesRequestProto, count=1, value=serverRequest {
  requestorId: "s2"
  replyId: "s1"
  raftGroupId {
    id: "\'\211b\317\336\024@\036\260S\217\227X\a\211\362"
  }
  callId: 1
}
leaderTerm: 2
previousLog {
  term: 1
  index: 256
}
entries {
  term: 2
  index: 257
  configurationEntry {
    peers {
      id: "s0"
      address: "localhost:15012"
      dataStreamAddress: "localhost:15015"
      clientAddress: "localhost:15014"
      adminAddress: "localhost:15013"
      startupRole: FOLLOWER
    }
    peers {
      id: "s1"
      address: "localhost:15016"
      dataStreamAddress: "localhost:15019"
      clientAddress: "localhost:15018"
      adminAddress: "localhost:15017"
      startupRole: FOLLOWER
    }
    peers {
      id: "s2"
      address: "localhost:15020"
      dataStreamAddress: "localhost:15023"
      clientAddress: "localhost:15022"
      adminAddress: "localhost:15021"
      startupRole: FOLLOWER
    }
  }
}
leaderCommit: 255
commitInfos {
  server {
    id: "s2"
    address: "localhost:15020"
    dataStreamAddress: "localhost:15023"
    clientAddress: "localhost:15022"
    adminAddress: "localhost:15021"
    startupRole: FOLLOWER
  }
  commitIndex: 255
}
commitInfos {
  server {
    id: "s0"
    address: "localhost:15012"
    dataStreamAddress: "localhost:15015"
    clientAddress: "localhost:15014"
    adminAddress: "localhost:15013"
    startupRole: FOLLOWER
  }
  commitIndex: 252
}
commitInfos {
  server {
    id: "s1"
    address: "localhost:15016"
    dataStreamAddress: "localhost:15019"
    clientAddress: "localhost:15018"
    adminAddress: "localhost:15017"
    startupRole: FOLLOWER
  }
  commitIndex: 255
}
)
2025-04-05 17:06:04,728 [main] WARN  util.LeakDetector (LeakDetector.java:assertNoLeaks(175)) - 25/30) numLeaks == 1 > 0, will wait and retry ...
2025-04-05 17:06:05,728 [main] WARN  util.ReferenceCountedLeakDetector (ReferenceCountedLeakDetector.java:logLeakMessage(167)) - LEAK: (class org.apache.ratis.proto.RaftProtos$AppendEntriesRequestProto, count=1, value=serverRequest {
  requestorId: "s2"
  replyId: "s1"
  raftGroupId {
    id: "\'\211b\317\336\024@\036\260S\217\227X\a\211\362"
  }
  callId: 1
}
leaderTerm: 2
previousLog {
  term: 1
  index: 256
}
entries {
  term: 2
  index: 257
  configurationEntry {
    peers {
      id: "s0"
      address: "localhost:15012"
      dataStreamAddress: "localhost:15015"
      clientAddress: "localhost:15014"
      adminAddress: "localhost:15013"
      startupRole: FOLLOWER
    }
    peers {
      id: "s1"
      address: "localhost:15016"
      dataStreamAddress: "localhost:15019"
      clientAddress: "localhost:15018"
      adminAddress: "localhost:15017"
      startupRole: FOLLOWER
    }
    peers {
      id: "s2"
      address: "localhost:15020"
      dataStreamAddress: "localhost:15023"
      clientAddress: "localhost:15022"
      adminAddress: "localhost:15021"
      startupRole: FOLLOWER
    }
  }
}
leaderCommit: 255
commitInfos {
  server {
    id: "s2"
    address: "localhost:15020"
    dataStreamAddress: "localhost:15023"
    clientAddress: "localhost:15022"
    adminAddress: "localhost:15021"
    startupRole: FOLLOWER
  }
  commitIndex: 255
}
commitInfos {
  server {
    id: "s0"
    address: "localhost:15012"
    dataStreamAddress: "localhost:15015"
    clientAddress: "localhost:15014"
    adminAddress: "localhost:15013"
    startupRole: FOLLOWER
  }
  commitIndex: 252
}
commitInfos {
  server {
    id: "s1"
    address: "localhost:15016"
    dataStreamAddress: "localhost:15019"
    clientAddress: "localhost:15018"
    adminAddress: "localhost:15017"
    startupRole: FOLLOWER
  }
  commitIndex: 255
}
)
2025-04-05 17:06:05,729 [main] WARN  util.LeakDetector (LeakDetector.java:assertNoLeaks(175)) - 26/30) numLeaks == 1 > 0, will wait and retry ...
2025-04-05 17:06:06,729 [main] WARN  util.ReferenceCountedLeakDetector (ReferenceCountedLeakDetector.java:logLeakMessage(167)) - LEAK: (class org.apache.ratis.proto.RaftProtos$AppendEntriesRequestProto, count=1, value=serverRequest {
  requestorId: "s2"
  replyId: "s1"
  raftGroupId {
    id: "\'\211b\317\336\024@\036\260S\217\227X\a\211\362"
  }
  callId: 1
}
leaderTerm: 2
previousLog {
  term: 1
  index: 256
}
entries {
  term: 2
  index: 257
  configurationEntry {
    peers {
      id: "s0"
      address: "localhost:15012"
      dataStreamAddress: "localhost:15015"
      clientAddress: "localhost:15014"
      adminAddress: "localhost:15013"
      startupRole: FOLLOWER
    }
    peers {
      id: "s1"
      address: "localhost:15016"
      dataStreamAddress: "localhost:15019"
      clientAddress: "localhost:15018"
      adminAddress: "localhost:15017"
      startupRole: FOLLOWER
    }
    peers {
      id: "s2"
      address: "localhost:15020"
      dataStreamAddress: "localhost:15023"
      clientAddress: "localhost:15022"
      adminAddress: "localhost:15021"
      startupRole: FOLLOWER
    }
  }
}
leaderCommit: 255
commitInfos {
  server {
    id: "s2"
    address: "localhost:15020"
    dataStreamAddress: "localhost:15023"
    clientAddress: "localhost:15022"
    adminAddress: "localhost:15021"
    startupRole: FOLLOWER
  }
  commitIndex: 255
}
commitInfos {
  server {
    id: "s0"
    address: "localhost:15012"
    dataStreamAddress: "localhost:15015"
    clientAddress: "localhost:15014"
    adminAddress: "localhost:15013"
    startupRole: FOLLOWER
  }
  commitIndex: 252
}
commitInfos {
  server {
    id: "s1"
    address: "localhost:15016"
    dataStreamAddress: "localhost:15019"
    clientAddress: "localhost:15018"
    adminAddress: "localhost:15017"
    startupRole: FOLLOWER
  }
  commitIndex: 255
}
)
2025-04-05 17:06:06,729 [main] WARN  util.LeakDetector (LeakDetector.java:assertNoLeaks(175)) - 27/30) numLeaks == 1 > 0, will wait and retry ...
2025-04-05 17:06:07,730 [main] WARN  util.ReferenceCountedLeakDetector (ReferenceCountedLeakDetector.java:logLeakMessage(167)) - LEAK: (class org.apache.ratis.proto.RaftProtos$AppendEntriesRequestProto, count=1, value=serverRequest {
  requestorId: "s2"
  replyId: "s1"
  raftGroupId {
    id: "\'\211b\317\336\024@\036\260S\217\227X\a\211\362"
  }
  callId: 1
}
leaderTerm: 2
previousLog {
  term: 1
  index: 256
}
entries {
  term: 2
  index: 257
  configurationEntry {
    peers {
      id: "s0"
      address: "localhost:15012"
      dataStreamAddress: "localhost:15015"
      clientAddress: "localhost:15014"
      adminAddress: "localhost:15013"
      startupRole: FOLLOWER
    }
    peers {
      id: "s1"
      address: "localhost:15016"
      dataStreamAddress: "localhost:15019"
      clientAddress: "localhost:15018"
      adminAddress: "localhost:15017"
      startupRole: FOLLOWER
    }
    peers {
      id: "s2"
      address: "localhost:15020"
      dataStreamAddress: "localhost:15023"
      clientAddress: "localhost:15022"
      adminAddress: "localhost:15021"
      startupRole: FOLLOWER
    }
  }
}
leaderCommit: 255
commitInfos {
  server {
    id: "s2"
    address: "localhost:15020"
    dataStreamAddress: "localhost:15023"
    clientAddress: "localhost:15022"
    adminAddress: "localhost:15021"
    startupRole: FOLLOWER
  }
  commitIndex: 255
}
commitInfos {
  server {
    id: "s0"
    address: "localhost:15012"
    dataStreamAddress: "localhost:15015"
    clientAddress: "localhost:15014"
    adminAddress: "localhost:15013"
    startupRole: FOLLOWER
  }
  commitIndex: 252
}
commitInfos {
  server {
    id: "s1"
    address: "localhost:15016"
    dataStreamAddress: "localhost:15019"
    clientAddress: "localhost:15018"
    adminAddress: "localhost:15017"
    startupRole: FOLLOWER
  }
  commitIndex: 255
}
)
2025-04-05 17:06:07,730 [main] WARN  util.LeakDetector (LeakDetector.java:assertNoLeaks(175)) - 28/30) numLeaks == 1 > 0, will wait and retry ...
2025-04-05 17:06:08,731 [main] WARN  util.ReferenceCountedLeakDetector (ReferenceCountedLeakDetector.java:logLeakMessage(167)) - LEAK: (class org.apache.ratis.proto.RaftProtos$AppendEntriesRequestProto, count=1, value=serverRequest {
  requestorId: "s2"
  replyId: "s1"
  raftGroupId {
    id: "\'\211b\317\336\024@\036\260S\217\227X\a\211\362"
  }
  callId: 1
}
leaderTerm: 2
previousLog {
  term: 1
  index: 256
}
entries {
  term: 2
  index: 257
  configurationEntry {
    peers {
      id: "s0"
      address: "localhost:15012"
      dataStreamAddress: "localhost:15015"
      clientAddress: "localhost:15014"
      adminAddress: "localhost:15013"
      startupRole: FOLLOWER
    }
    peers {
      id: "s1"
      address: "localhost:15016"
      dataStreamAddress: "localhost:15019"
      clientAddress: "localhost:15018"
      adminAddress: "localhost:15017"
      startupRole: FOLLOWER
    }
    peers {
      id: "s2"
      address: "localhost:15020"
      dataStreamAddress: "localhost:15023"
      clientAddress: "localhost:15022"
      adminAddress: "localhost:15021"
      startupRole: FOLLOWER
    }
  }
}
leaderCommit: 255
commitInfos {
  server {
    id: "s2"
    address: "localhost:15020"
    dataStreamAddress: "localhost:15023"
    clientAddress: "localhost:15022"
    adminAddress: "localhost:15021"
    startupRole: FOLLOWER
  }
  commitIndex: 255
}
commitInfos {
  server {
    id: "s0"
    address: "localhost:15012"
    dataStreamAddress: "localhost:15015"
    clientAddress: "localhost:15014"
    adminAddress: "localhost:15013"
    startupRole: FOLLOWER
  }
  commitIndex: 252
}
commitInfos {
  server {
    id: "s1"
    address: "localhost:15016"
    dataStreamAddress: "localhost:15019"
    clientAddress: "localhost:15018"
    adminAddress: "localhost:15017"
    startupRole: FOLLOWER
  }
  commitIndex: 255
}
)
2025-04-05 17:06:08,731 [main] WARN  util.LeakDetector (LeakDetector.java:assertNoLeaks(175)) - 29/30) numLeaks == 1 > 0, will wait and retry ...
2025-04-05 17:06:09,731 [main] WARN  util.ReferenceCountedLeakDetector (ReferenceCountedLeakDetector.java:logLeakMessage(167)) - LEAK: (class org.apache.ratis.proto.RaftProtos$AppendEntriesRequestProto, count=1, value=serverRequest {
  requestorId: "s2"
  replyId: "s1"
  raftGroupId {
    id: "\'\211b\317\336\024@\036\260S\217\227X\a\211\362"
  }
  callId: 1
}
leaderTerm: 2
previousLog {
  term: 1
  index: 256
}
entries {
  term: 2
  index: 257
  configurationEntry {
    peers {
      id: "s0"
      address: "localhost:15012"
      dataStreamAddress: "localhost:15015"
      clientAddress: "localhost:15014"
      adminAddress: "localhost:15013"
      startupRole: FOLLOWER
    }
    peers {
      id: "s1"
      address: "localhost:15016"
      dataStreamAddress: "localhost:15019"
      clientAddress: "localhost:15018"
      adminAddress: "localhost:15017"
      startupRole: FOLLOWER
    }
    peers {
      id: "s2"
      address: "localhost:15020"
      dataStreamAddress: "localhost:15023"
      clientAddress: "localhost:15022"
      adminAddress: "localhost:15021"
      startupRole: FOLLOWER
    }
  }
}
leaderCommit: 255
commitInfos {
  server {
    id: "s2"
    address: "localhost:15020"
    dataStreamAddress: "localhost:15023"
    clientAddress: "localhost:15022"
    adminAddress: "localhost:15021"
    startupRole: FOLLOWER
  }
  commitIndex: 255
}
commitInfos {
  server {
    id: "s0"
    address: "localhost:15012"
    dataStreamAddress: "localhost:15015"
    clientAddress: "localhost:15014"
    adminAddress: "localhost:15013"
    startupRole: FOLLOWER
  }
  commitIndex: 252
}
commitInfos {
  server {
    id: "s1"
    address: "localhost:15016"
    dataStreamAddress: "localhost:15019"
    clientAddress: "localhost:15018"
    adminAddress: "localhost:15017"
    startupRole: FOLLOWER
  }
  commitIndex: 255
}
)
]]></system-out>
  </testcase>
  <testcase name="testInstallSnapshotLeaderSwitch(Boolean)[2]" classname="org.apache.ratis.grpc.TestLeaderInstallSnapshotWithGrpc" time="0">
    <skipped type="org.opentest4j.TestAbortedException"><![CDATA[org.opentest4j.TestAbortedException: Assumption failed: numLeaks 1 > 0
	at org.apache.ratis.BaseTest.checkAssumptions(BaseTest.java:93)
	at org.apache.ratis.BaseTest.setup(BaseTest.java:81)
	at java.lang.reflect.Method.invoke(Method.java:498)
	at java.util.stream.ForEachOps$ForEachOp$OfRef.accept(ForEachOps.java:183)
	at java.util.stream.ReferencePipeline$3$1.accept(ReferencePipeline.java:193)
	at java.util.stream.ReferencePipeline$2$1.accept(ReferencePipeline.java:175)
	at java.util.stream.ReferencePipeline$3$1.accept(ReferencePipeline.java:193)
	at java.util.stream.ForEachOps$ForEachOp$OfRef.accept(ForEachOps.java:183)
	at java.util.stream.ReferencePipeline$3$1.accept(ReferencePipeline.java:193)
	at java.util.stream.ForEachOps$ForEachOp$OfRef.accept(ForEachOps.java:183)
	at java.util.stream.ForEachOps$ForEachOp$OfRef.accept(ForEachOps.java:183)
	at java.util.stream.ReferencePipeline$3$1.accept(ReferencePipeline.java:193)
	at java.util.Spliterators$ArraySpliterator.forEachRemaining(Spliterators.java:948)
	at java.util.stream.ReferencePipeline$Head.forEach(ReferencePipeline.java:647)
	at java.util.stream.ReferencePipeline$7$1.accept(ReferencePipeline.java:272)
	at java.util.stream.ReferencePipeline$3$1.accept(ReferencePipeline.java:193)
	at java.util.stream.ReferencePipeline$3$1.accept(ReferencePipeline.java:193)
	at java.util.stream.ReferencePipeline$3$1.accept(ReferencePipeline.java:193)
	at java.util.Spliterators$ArraySpliterator.forEachRemaining(Spliterators.java:948)
	at java.util.stream.AbstractPipeline.copyInto(AbstractPipeline.java:482)
	at java.util.stream.AbstractPipeline.wrapAndCopyInto(AbstractPipeline.java:472)
	at java.util.stream.ForEachOps$ForEachOp.evaluateSequential(ForEachOps.java:150)
	at java.util.stream.ForEachOps$ForEachOp$OfRef.evaluateSequential(ForEachOps.java:173)
	at java.util.stream.AbstractPipeline.evaluate(AbstractPipeline.java:234)
	at java.util.stream.ReferencePipeline.forEach(ReferencePipeline.java:485)
	at java.util.stream.ReferencePipeline$7$1.accept(ReferencePipeline.java:272)
	at java.util.ArrayList$ArrayListSpliterator.forEachRemaining(ArrayList.java:1384)
	at java.util.stream.AbstractPipeline.copyInto(AbstractPipeline.java:482)
	at java.util.stream.AbstractPipeline.wrapAndCopyInto(AbstractPipeline.java:472)
	at java.util.stream.ForEachOps$ForEachOp.evaluateSequential(ForEachOps.java:150)
	at java.util.stream.ForEachOps$ForEachOp$OfRef.evaluateSequential(ForEachOps.java:173)
	at java.util.stream.AbstractPipeline.evaluate(AbstractPipeline.java:234)
	at java.util.stream.ReferencePipeline.forEach(ReferencePipeline.java:485)
	at java.util.stream.ReferencePipeline$7$1.accept(ReferencePipeline.java:272)
	at java.util.stream.ReferencePipeline$3$1.accept(ReferencePipeline.java:193)
	at java.util.stream.ReferencePipeline$3$1.accept(ReferencePipeline.java:193)
	at java.util.stream.ReferencePipeline$3$1.accept(ReferencePipeline.java:193)
	at java.util.ArrayList$ArrayListSpliterator.forEachRemaining(ArrayList.java:1384)
	at java.util.stream.AbstractPipeline.copyInto(AbstractPipeline.java:482)
	at java.util.stream.AbstractPipeline.wrapAndCopyInto(AbstractPipeline.java:472)
	at java.util.stream.ForEachOps$ForEachOp.evaluateSequential(ForEachOps.java:150)
	at java.util.stream.ForEachOps$ForEachOp$OfRef.evaluateSequential(ForEachOps.java:173)
	at java.util.stream.AbstractPipeline.evaluate(AbstractPipeline.java:234)
	at java.util.stream.ReferencePipeline.forEach(ReferencePipeline.java:485)
	at java.util.stream.ReferencePipeline$7$1.accept(ReferencePipeline.java:272)
	at java.util.ArrayList$ArrayListSpliterator.forEachRemaining(ArrayList.java:1384)
	at java.util.stream.AbstractPipeline.copyInto(AbstractPipeline.java:482)
	at java.util.stream.AbstractPipeline.wrapAndCopyInto(AbstractPipeline.java:472)
	at java.util.stream.ForEachOps$ForEachOp.evaluateSequential(ForEachOps.java:150)
	at java.util.stream.ForEachOps$ForEachOp$OfRef.evaluateSequential(ForEachOps.java:173)
	at java.util.stream.AbstractPipeline.evaluate(AbstractPipeline.java:234)
	at java.util.stream.ReferencePipeline.forEach(ReferencePipeline.java:485)
	at java.util.ArrayList.forEach(ArrayList.java:1259)
	at java.util.ArrayList.forEach(ArrayList.java:1259)
]]></skipped>
    <system-out><![CDATA[2025-04-05 17:06:09,743 [main] INFO  util.LogUtils (Slf4jUtils.java:setLogLevel(38)) - Successfully set org.apache.ratis.conf.ConfUtils log level to WARN
2025-04-05 17:06:09,743 [main] INFO  util.LogUtils (Slf4jUtils.java:setLogLevel(38)) - Successfully set org.apache.ratis.util.FileUtils log level to TRACE
2025-04-05 17:06:09,745 [main] WARN  util.ReferenceCountedLeakDetector (ReferenceCountedLeakDetector.java:logLeakMessage(167)) - LEAK: (class org.apache.ratis.proto.RaftProtos$AppendEntriesRequestProto, count=1, value=serverRequest {
  requestorId: "s2"
  replyId: "s1"
  raftGroupId {
    id: "\'\211b\317\336\024@\036\260S\217\227X\a\211\362"
  }
  callId: 1
}
leaderTerm: 2
previousLog {
  term: 1
  index: 256
}
entries {
  term: 2
  index: 257
  configurationEntry {
    peers {
      id: "s0"
      address: "localhost:15012"
      dataStreamAddress: "localhost:15015"
      clientAddress: "localhost:15014"
      adminAddress: "localhost:15013"
      startupRole: FOLLOWER
    }
    peers {
      id: "s1"
      address: "localhost:15016"
      dataStreamAddress: "localhost:15019"
      clientAddress: "localhost:15018"
      adminAddress: "localhost:15017"
      startupRole: FOLLOWER
    }
    peers {
      id: "s2"
      address: "localhost:15020"
      dataStreamAddress: "localhost:15023"
      clientAddress: "localhost:15022"
      adminAddress: "localhost:15021"
      startupRole: FOLLOWER
    }
  }
}
leaderCommit: 255
commitInfos {
  server {
    id: "s2"
    address: "localhost:15020"
    dataStreamAddress: "localhost:15023"
    clientAddress: "localhost:15022"
    adminAddress: "localhost:15021"
    startupRole: FOLLOWER
  }
  commitIndex: 255
}
commitInfos {
  server {
    id: "s0"
    address: "localhost:15012"
    dataStreamAddress: "localhost:15015"
    clientAddress: "localhost:15014"
    adminAddress: "localhost:15013"
    startupRole: FOLLOWER
  }
  commitIndex: 252
}
commitInfos {
  server {
    id: "s1"
    address: "localhost:15016"
    dataStreamAddress: "localhost:15019"
    clientAddress: "localhost:15018"
    adminAddress: "localhost:15017"
    startupRole: FOLLOWER
  }
  commitIndex: 255
}
)
]]></system-out>
  </testcase>
  <testcase name="testSeparateSnapshotInstallPath(Boolean)[1]" classname="org.apache.ratis.grpc.TestLeaderInstallSnapshotWithGrpc" time="0">
    <skipped type="org.opentest4j.TestAbortedException"><![CDATA[org.opentest4j.TestAbortedException: Assumption failed: numLeaks 1 > 0
	at org.apache.ratis.BaseTest.checkAssumptions(BaseTest.java:93)
	at org.apache.ratis.BaseTest.setup(BaseTest.java:81)
	at java.lang.reflect.Method.invoke(Method.java:498)
	at java.util.stream.ForEachOps$ForEachOp$OfRef.accept(ForEachOps.java:183)
	at java.util.stream.ReferencePipeline$3$1.accept(ReferencePipeline.java:193)
	at java.util.stream.ReferencePipeline$2$1.accept(ReferencePipeline.java:175)
	at java.util.stream.ReferencePipeline$3$1.accept(ReferencePipeline.java:193)
	at java.util.stream.ForEachOps$ForEachOp$OfRef.accept(ForEachOps.java:183)
	at java.util.stream.ReferencePipeline$3$1.accept(ReferencePipeline.java:193)
	at java.util.stream.ForEachOps$ForEachOp$OfRef.accept(ForEachOps.java:183)
	at java.util.stream.ForEachOps$ForEachOp$OfRef.accept(ForEachOps.java:183)
	at java.util.stream.ReferencePipeline$3$1.accept(ReferencePipeline.java:193)
	at java.util.Spliterators$ArraySpliterator.forEachRemaining(Spliterators.java:948)
	at java.util.stream.ReferencePipeline$Head.forEach(ReferencePipeline.java:647)
	at java.util.stream.ReferencePipeline$7$1.accept(ReferencePipeline.java:272)
	at java.util.stream.ReferencePipeline$3$1.accept(ReferencePipeline.java:193)
	at java.util.stream.ReferencePipeline$3$1.accept(ReferencePipeline.java:193)
	at java.util.stream.ReferencePipeline$3$1.accept(ReferencePipeline.java:193)
	at java.util.Spliterators$ArraySpliterator.forEachRemaining(Spliterators.java:948)
	at java.util.stream.AbstractPipeline.copyInto(AbstractPipeline.java:482)
	at java.util.stream.AbstractPipeline.wrapAndCopyInto(AbstractPipeline.java:472)
	at java.util.stream.ForEachOps$ForEachOp.evaluateSequential(ForEachOps.java:150)
	at java.util.stream.ForEachOps$ForEachOp$OfRef.evaluateSequential(ForEachOps.java:173)
	at java.util.stream.AbstractPipeline.evaluate(AbstractPipeline.java:234)
	at java.util.stream.ReferencePipeline.forEach(ReferencePipeline.java:485)
	at java.util.stream.ReferencePipeline$7$1.accept(ReferencePipeline.java:272)
	at java.util.ArrayList$ArrayListSpliterator.forEachRemaining(ArrayList.java:1384)
	at java.util.stream.AbstractPipeline.copyInto(AbstractPipeline.java:482)
	at java.util.stream.AbstractPipeline.wrapAndCopyInto(AbstractPipeline.java:472)
	at java.util.stream.ForEachOps$ForEachOp.evaluateSequential(ForEachOps.java:150)
	at java.util.stream.ForEachOps$ForEachOp$OfRef.evaluateSequential(ForEachOps.java:173)
	at java.util.stream.AbstractPipeline.evaluate(AbstractPipeline.java:234)
	at java.util.stream.ReferencePipeline.forEach(ReferencePipeline.java:485)
	at java.util.stream.ReferencePipeline$7$1.accept(ReferencePipeline.java:272)
	at java.util.stream.ReferencePipeline$3$1.accept(ReferencePipeline.java:193)
	at java.util.stream.ReferencePipeline$3$1.accept(ReferencePipeline.java:193)
	at java.util.stream.ReferencePipeline$3$1.accept(ReferencePipeline.java:193)
	at java.util.ArrayList$ArrayListSpliterator.forEachRemaining(ArrayList.java:1384)
	at java.util.stream.AbstractPipeline.copyInto(AbstractPipeline.java:482)
	at java.util.stream.AbstractPipeline.wrapAndCopyInto(AbstractPipeline.java:472)
	at java.util.stream.ForEachOps$ForEachOp.evaluateSequential(ForEachOps.java:150)
	at java.util.stream.ForEachOps$ForEachOp$OfRef.evaluateSequential(ForEachOps.java:173)
	at java.util.stream.AbstractPipeline.evaluate(AbstractPipeline.java:234)
	at java.util.stream.ReferencePipeline.forEach(ReferencePipeline.java:485)
	at java.util.stream.ReferencePipeline$7$1.accept(ReferencePipeline.java:272)
	at java.util.ArrayList$ArrayListSpliterator.forEachRemaining(ArrayList.java:1384)
	at java.util.stream.AbstractPipeline.copyInto(AbstractPipeline.java:482)
	at java.util.stream.AbstractPipeline.wrapAndCopyInto(AbstractPipeline.java:472)
	at java.util.stream.ForEachOps$ForEachOp.evaluateSequential(ForEachOps.java:150)
	at java.util.stream.ForEachOps$ForEachOp$OfRef.evaluateSequential(ForEachOps.java:173)
	at java.util.stream.AbstractPipeline.evaluate(AbstractPipeline.java:234)
	at java.util.stream.ReferencePipeline.forEach(ReferencePipeline.java:485)
	at java.util.ArrayList.forEach(ArrayList.java:1259)
	at java.util.ArrayList.forEach(ArrayList.java:1259)
]]></skipped>
    <system-out><![CDATA[2025-04-05 17:06:09,751 [main] INFO  util.LogUtils (Slf4jUtils.java:setLogLevel(38)) - Successfully set org.apache.ratis.conf.ConfUtils log level to WARN
2025-04-05 17:06:09,751 [main] INFO  util.LogUtils (Slf4jUtils.java:setLogLevel(38)) - Successfully set org.apache.ratis.util.FileUtils log level to TRACE
2025-04-05 17:06:09,752 [main] WARN  util.ReferenceCountedLeakDetector (ReferenceCountedLeakDetector.java:logLeakMessage(167)) - LEAK: (class org.apache.ratis.proto.RaftProtos$AppendEntriesRequestProto, count=1, value=serverRequest {
  requestorId: "s2"
  replyId: "s1"
  raftGroupId {
    id: "\'\211b\317\336\024@\036\260S\217\227X\a\211\362"
  }
  callId: 1
}
leaderTerm: 2
previousLog {
  term: 1
  index: 256
}
entries {
  term: 2
  index: 257
  configurationEntry {
    peers {
      id: "s0"
      address: "localhost:15012"
      dataStreamAddress: "localhost:15015"
      clientAddress: "localhost:15014"
      adminAddress: "localhost:15013"
      startupRole: FOLLOWER
    }
    peers {
      id: "s1"
      address: "localhost:15016"
      dataStreamAddress: "localhost:15019"
      clientAddress: "localhost:15018"
      adminAddress: "localhost:15017"
      startupRole: FOLLOWER
    }
    peers {
      id: "s2"
      address: "localhost:15020"
      dataStreamAddress: "localhost:15023"
      clientAddress: "localhost:15022"
      adminAddress: "localhost:15021"
      startupRole: FOLLOWER
    }
  }
}
leaderCommit: 255
commitInfos {
  server {
    id: "s2"
    address: "localhost:15020"
    dataStreamAddress: "localhost:15023"
    clientAddress: "localhost:15022"
    adminAddress: "localhost:15021"
    startupRole: FOLLOWER
  }
  commitIndex: 255
}
commitInfos {
  server {
    id: "s0"
    address: "localhost:15012"
    dataStreamAddress: "localhost:15015"
    clientAddress: "localhost:15014"
    adminAddress: "localhost:15013"
    startupRole: FOLLOWER
  }
  commitIndex: 252
}
commitInfos {
  server {
    id: "s1"
    address: "localhost:15016"
    dataStreamAddress: "localhost:15019"
    clientAddress: "localhost:15018"
    adminAddress: "localhost:15017"
    startupRole: FOLLOWER
  }
  commitIndex: 255
}
)
]]></system-out>
  </testcase>
  <testcase name="testSeparateSnapshotInstallPath(Boolean)[2]" classname="org.apache.ratis.grpc.TestLeaderInstallSnapshotWithGrpc" time="0">
    <skipped type="org.opentest4j.TestAbortedException"><![CDATA[org.opentest4j.TestAbortedException: Assumption failed: numLeaks 1 > 0
	at org.apache.ratis.BaseTest.checkAssumptions(BaseTest.java:93)
	at org.apache.ratis.BaseTest.setup(BaseTest.java:81)
	at java.lang.reflect.Method.invoke(Method.java:498)
	at java.util.stream.ForEachOps$ForEachOp$OfRef.accept(ForEachOps.java:183)
	at java.util.stream.ReferencePipeline$3$1.accept(ReferencePipeline.java:193)
	at java.util.stream.ReferencePipeline$2$1.accept(ReferencePipeline.java:175)
	at java.util.stream.ReferencePipeline$3$1.accept(ReferencePipeline.java:193)
	at java.util.stream.ForEachOps$ForEachOp$OfRef.accept(ForEachOps.java:183)
	at java.util.stream.ReferencePipeline$3$1.accept(ReferencePipeline.java:193)
	at java.util.stream.ForEachOps$ForEachOp$OfRef.accept(ForEachOps.java:183)
	at java.util.stream.ForEachOps$ForEachOp$OfRef.accept(ForEachOps.java:183)
	at java.util.stream.ReferencePipeline$3$1.accept(ReferencePipeline.java:193)
	at java.util.Spliterators$ArraySpliterator.forEachRemaining(Spliterators.java:948)
	at java.util.stream.ReferencePipeline$Head.forEach(ReferencePipeline.java:647)
	at java.util.stream.ReferencePipeline$7$1.accept(ReferencePipeline.java:272)
	at java.util.stream.ReferencePipeline$3$1.accept(ReferencePipeline.java:193)
	at java.util.stream.ReferencePipeline$3$1.accept(ReferencePipeline.java:193)
	at java.util.stream.ReferencePipeline$3$1.accept(ReferencePipeline.java:193)
	at java.util.Spliterators$ArraySpliterator.forEachRemaining(Spliterators.java:948)
	at java.util.stream.AbstractPipeline.copyInto(AbstractPipeline.java:482)
	at java.util.stream.AbstractPipeline.wrapAndCopyInto(AbstractPipeline.java:472)
	at java.util.stream.ForEachOps$ForEachOp.evaluateSequential(ForEachOps.java:150)
	at java.util.stream.ForEachOps$ForEachOp$OfRef.evaluateSequential(ForEachOps.java:173)
	at java.util.stream.AbstractPipeline.evaluate(AbstractPipeline.java:234)
	at java.util.stream.ReferencePipeline.forEach(ReferencePipeline.java:485)
	at java.util.stream.ReferencePipeline$7$1.accept(ReferencePipeline.java:272)
	at java.util.ArrayList$ArrayListSpliterator.forEachRemaining(ArrayList.java:1384)
	at java.util.stream.AbstractPipeline.copyInto(AbstractPipeline.java:482)
	at java.util.stream.AbstractPipeline.wrapAndCopyInto(AbstractPipeline.java:472)
	at java.util.stream.ForEachOps$ForEachOp.evaluateSequential(ForEachOps.java:150)
	at java.util.stream.ForEachOps$ForEachOp$OfRef.evaluateSequential(ForEachOps.java:173)
	at java.util.stream.AbstractPipeline.evaluate(AbstractPipeline.java:234)
	at java.util.stream.ReferencePipeline.forEach(ReferencePipeline.java:485)
	at java.util.stream.ReferencePipeline$7$1.accept(ReferencePipeline.java:272)
	at java.util.stream.ReferencePipeline$3$1.accept(ReferencePipeline.java:193)
	at java.util.stream.ReferencePipeline$3$1.accept(ReferencePipeline.java:193)
	at java.util.stream.ReferencePipeline$3$1.accept(ReferencePipeline.java:193)
	at java.util.ArrayList$ArrayListSpliterator.forEachRemaining(ArrayList.java:1384)
	at java.util.stream.AbstractPipeline.copyInto(AbstractPipeline.java:482)
	at java.util.stream.AbstractPipeline.wrapAndCopyInto(AbstractPipeline.java:472)
	at java.util.stream.ForEachOps$ForEachOp.evaluateSequential(ForEachOps.java:150)
	at java.util.stream.ForEachOps$ForEachOp$OfRef.evaluateSequential(ForEachOps.java:173)
	at java.util.stream.AbstractPipeline.evaluate(AbstractPipeline.java:234)
	at java.util.stream.ReferencePipeline.forEach(ReferencePipeline.java:485)
	at java.util.stream.ReferencePipeline$7$1.accept(ReferencePipeline.java:272)
	at java.util.ArrayList$ArrayListSpliterator.forEachRemaining(ArrayList.java:1384)
	at java.util.stream.AbstractPipeline.copyInto(AbstractPipeline.java:482)
	at java.util.stream.AbstractPipeline.wrapAndCopyInto(AbstractPipeline.java:472)
	at java.util.stream.ForEachOps$ForEachOp.evaluateSequential(ForEachOps.java:150)
	at java.util.stream.ForEachOps$ForEachOp$OfRef.evaluateSequential(ForEachOps.java:173)
	at java.util.stream.AbstractPipeline.evaluate(AbstractPipeline.java:234)
	at java.util.stream.ReferencePipeline.forEach(ReferencePipeline.java:485)
	at java.util.ArrayList.forEach(ArrayList.java:1259)
	at java.util.ArrayList.forEach(ArrayList.java:1259)
]]></skipped>
    <system-out><![CDATA[2025-04-05 17:06:09,754 [main] INFO  util.LogUtils (Slf4jUtils.java:setLogLevel(38)) - Successfully set org.apache.ratis.conf.ConfUtils log level to WARN
2025-04-05 17:06:09,755 [main] INFO  util.LogUtils (Slf4jUtils.java:setLogLevel(38)) - Successfully set org.apache.ratis.util.FileUtils log level to TRACE
2025-04-05 17:06:09,756 [main] WARN  util.ReferenceCountedLeakDetector (ReferenceCountedLeakDetector.java:logLeakMessage(167)) - LEAK: (class org.apache.ratis.proto.RaftProtos$AppendEntriesRequestProto, count=1, value=serverRequest {
  requestorId: "s2"
  replyId: "s1"
  raftGroupId {
    id: "\'\211b\317\336\024@\036\260S\217\227X\a\211\362"
  }
  callId: 1
}
leaderTerm: 2
previousLog {
  term: 1
  index: 256
}
entries {
  term: 2
  index: 257
  configurationEntry {
    peers {
      id: "s0"
      address: "localhost:15012"
      dataStreamAddress: "localhost:15015"
      clientAddress: "localhost:15014"
      adminAddress: "localhost:15013"
      startupRole: FOLLOWER
    }
    peers {
      id: "s1"
      address: "localhost:15016"
      dataStreamAddress: "localhost:15019"
      clientAddress: "localhost:15018"
      adminAddress: "localhost:15017"
      startupRole: FOLLOWER
    }
    peers {
      id: "s2"
      address: "localhost:15020"
      dataStreamAddress: "localhost:15023"
      clientAddress: "localhost:15022"
      adminAddress: "localhost:15021"
      startupRole: FOLLOWER
    }
  }
}
leaderCommit: 255
commitInfos {
  server {
    id: "s2"
    address: "localhost:15020"
    dataStreamAddress: "localhost:15023"
    clientAddress: "localhost:15022"
    adminAddress: "localhost:15021"
    startupRole: FOLLOWER
  }
  commitIndex: 255
}
commitInfos {
  server {
    id: "s0"
    address: "localhost:15012"
    dataStreamAddress: "localhost:15015"
    clientAddress: "localhost:15014"
    adminAddress: "localhost:15013"
    startupRole: FOLLOWER
  }
  commitIndex: 252
}
commitInfos {
  server {
    id: "s1"
    address: "localhost:15016"
    dataStreamAddress: "localhost:15019"
    clientAddress: "localhost:15018"
    adminAddress: "localhost:15017"
    startupRole: FOLLOWER
  }
  commitIndex: 255
}
)
]]></system-out>
  </testcase>
</testsuite>