<?xml version="1.0" encoding="UTF-8"?>
<testsuite xmlns:xsi="http://www.w3.org/2001/XMLSchema-instance" xsi:noNamespaceSchemaLocation="https://maven.apache.org/surefire/maven-surefire-plugin/xsd/surefire-test-report.xsd" name="org.apache.ratis.datastream.TestNettyDataStreamChainTopologyWithGrpcCluster" time="180.241" tests="4" errors="1" skipped="0" failures="0">
  <properties>
    <property name="awt.toolkit" value="sun.awt.X11.XToolkit"/>
    <property name="file.encoding.pkg" value="sun.io"/>
    <property name="java.specification.version" value="1.8"/>
    <property name="sun.cpu.isalist" value=""/>
    <property name="sun.jnu.encoding" value="UTF-8"/>
    <property name="java.class.path" value="/home/runner/work/ratis/ratis/ratis-test/target/test-classes:/home/runner/work/ratis/ratis/ratis-test/target/classes:/home/runner/work/ratis/ratis/ratis-common/target/classes:/home/runner/.m2/repository/org/apache/ratis/ratis-thirdparty-misc/1.0.0/ratis-thirdparty-misc-1.0.0.jar:/home/runner/work/ratis/ratis/ratis-proto/target/ratis-proto-3.0.0-SNAPSHOT.jar:/home/runner/work/ratis/ratis/ratis-common/target/test-classes:/home/runner/work/ratis/ratis/ratis-client/target/classes:/home/runner/work/ratis/ratis/ratis-server/target/classes:/home/runner/work/ratis/ratis/ratis-server-api/target/classes:/home/runner/work/ratis/ratis/ratis-metrics/target/classes:/home/runner/.m2/repository/io/dropwizard/metrics/metrics-jmx/4.2.9/metrics-jmx-4.2.9.jar:/home/runner/work/ratis/ratis/ratis-server/target/test-classes:/home/runner/work/ratis/ratis/ratis-netty/target/classes:/home/runner/work/ratis/ratis/ratis-netty/target/test-classes:/home/runner/work/ratis/ratis/ratis-grpc/target/classes:/home/runner/work/ratis/ratis/ratis-grpc/target/test-classes:/home/runner/.m2/repository/org/slf4j/slf4j-api/1.7.29/slf4j-api-1.7.29.jar:/home/runner/.m2/repository/org/slf4j/slf4j-log4j12/1.7.29/slf4j-log4j12-1.7.29.jar:/home/runner/.m2/repository/log4j/log4j/1.2.17/log4j-1.2.17.jar:/home/runner/.m2/repository/junit/junit/4.13.2/junit-4.13.2.jar:/home/runner/.m2/repository/org/hamcrest/hamcrest-core/1.3/hamcrest-core-1.3.jar:/home/runner/.m2/repository/org/mockito/mockito-core/4.3.1/mockito-core-4.3.1.jar:/home/runner/.m2/repository/net/bytebuddy/byte-buddy/1.12.7/byte-buddy-1.12.7.jar:/home/runner/.m2/repository/net/bytebuddy/byte-buddy-agent/1.12.7/byte-buddy-agent-1.12.7.jar:/home/runner/.m2/repository/org/objenesis/objenesis/3.2/objenesis-3.2.jar:/home/runner/.m2/repository/io/dropwizard/metrics/metrics-jvm/4.2.9/metrics-jvm-4.2.9.jar:/home/runner/.m2/repository/io/dropwizard/metrics/metrics-core/4.2.9/metrics-core-4.2.9.jar:/home/runner/work/ratis/ratis/ratis-shell/target/classes:/home/runner/.m2/repository/commons-cli/commons-cli/1.5.0/commons-cli-1.5.0.jar:/home/runner/.m2/repository/org/reflections/reflections/0.10.2/reflections-0.10.2.jar:/home/runner/.m2/repository/org/javassist/javassist/3.28.0-GA/javassist-3.28.0-GA.jar:/home/runner/.m2/repository/com/google/code/findbugs/jsr305/3.0.2/jsr305-3.0.2.jar:"/>
    <property name="java.vm.vendor" value="Temurin"/>
    <property name="sun.arch.data.model" value="64"/>
    <property name="java.vendor.url" value="https://adoptium.net/"/>
    <property name="user.timezone" value=""/>
    <property name="java.vm.specification.version" value="1.8"/>
    <property name="os.name" value="Linux"/>
    <property name="sun.java.launcher" value="SUN_STANDARD"/>
    <property name="sun.boot.library.path" value="/usr/lib/jvm/temurin-8-jdk-amd64/jre/lib/amd64"/>
    <property name="sun.java.command" value="/home/runner/work/ratis/ratis/ratis-test/target/surefire/surefirebooter8144801588158308224.jar /home/runner/work/ratis/ratis/ratis-test/target/surefire 2022-06-08T04-40-27_359-jvmRun1 surefire3356716156836905267tmp surefire_81160616036874417113tmp"/>
    <property name="surefire.test.class.path" value="/home/runner/work/ratis/ratis/ratis-test/target/test-classes:/home/runner/work/ratis/ratis/ratis-test/target/classes:/home/runner/work/ratis/ratis/ratis-common/target/classes:/home/runner/.m2/repository/org/apache/ratis/ratis-thirdparty-misc/1.0.0/ratis-thirdparty-misc-1.0.0.jar:/home/runner/work/ratis/ratis/ratis-proto/target/ratis-proto-3.0.0-SNAPSHOT.jar:/home/runner/work/ratis/ratis/ratis-common/target/test-classes:/home/runner/work/ratis/ratis/ratis-client/target/classes:/home/runner/work/ratis/ratis/ratis-server/target/classes:/home/runner/work/ratis/ratis/ratis-server-api/target/classes:/home/runner/work/ratis/ratis/ratis-metrics/target/classes:/home/runner/.m2/repository/io/dropwizard/metrics/metrics-jmx/4.2.9/metrics-jmx-4.2.9.jar:/home/runner/work/ratis/ratis/ratis-server/target/test-classes:/home/runner/work/ratis/ratis/ratis-netty/target/classes:/home/runner/work/ratis/ratis/ratis-netty/target/test-classes:/home/runner/work/ratis/ratis/ratis-grpc/target/classes:/home/runner/work/ratis/ratis/ratis-grpc/target/test-classes:/home/runner/.m2/repository/org/slf4j/slf4j-api/1.7.29/slf4j-api-1.7.29.jar:/home/runner/.m2/repository/org/slf4j/slf4j-log4j12/1.7.29/slf4j-log4j12-1.7.29.jar:/home/runner/.m2/repository/log4j/log4j/1.2.17/log4j-1.2.17.jar:/home/runner/.m2/repository/junit/junit/4.13.2/junit-4.13.2.jar:/home/runner/.m2/repository/org/hamcrest/hamcrest-core/1.3/hamcrest-core-1.3.jar:/home/runner/.m2/repository/org/mockito/mockito-core/4.3.1/mockito-core-4.3.1.jar:/home/runner/.m2/repository/net/bytebuddy/byte-buddy/1.12.7/byte-buddy-1.12.7.jar:/home/runner/.m2/repository/net/bytebuddy/byte-buddy-agent/1.12.7/byte-buddy-agent-1.12.7.jar:/home/runner/.m2/repository/org/objenesis/objenesis/3.2/objenesis-3.2.jar:/home/runner/.m2/repository/io/dropwizard/metrics/metrics-jvm/4.2.9/metrics-jvm-4.2.9.jar:/home/runner/.m2/repository/io/dropwizard/metrics/metrics-core/4.2.9/metrics-core-4.2.9.jar:/home/runner/work/ratis/ratis/ratis-shell/target/classes:/home/runner/.m2/repository/commons-cli/commons-cli/1.5.0/commons-cli-1.5.0.jar:/home/runner/.m2/repository/org/reflections/reflections/0.10.2/reflections-0.10.2.jar:/home/runner/.m2/repository/org/javassist/javassist/3.28.0-GA/javassist-3.28.0-GA.jar:/home/runner/.m2/repository/com/google/code/findbugs/jsr305/3.0.2/jsr305-3.0.2.jar:"/>
    <property name="sun.cpu.endian" value="little"/>
    <property name="user.home" value="/home/runner"/>
    <property name="user.language" value="en"/>
    <property name="java.specification.vendor" value="Oracle Corporation"/>
    <property name="java.home" value="/usr/lib/jvm/temurin-8-jdk-amd64/jre"/>
    <property name="basedir" value="/home/runner/work/ratis/ratis/ratis-test"/>
    <property name="file.separator" value="/"/>
    <property name="line.separator" value="&#10;"/>
    <property name="java.vm.specification.vendor" value="Oracle Corporation"/>
    <property name="java.specification.name" value="Java Platform API Specification"/>
    <property name="java.awt.graphicsenv" value="sun.awt.X11GraphicsEnvironment"/>
    <property name="surefire.real.class.path" value="/home/runner/work/ratis/ratis/ratis-test/target/surefire/surefirebooter8144801588158308224.jar"/>
    <property name="sun.boot.class.path" value="/usr/lib/jvm/temurin-8-jdk-amd64/jre/lib/resources.jar:/usr/lib/jvm/temurin-8-jdk-amd64/jre/lib/rt.jar:/usr/lib/jvm/temurin-8-jdk-amd64/jre/lib/sunrsasign.jar:/usr/lib/jvm/temurin-8-jdk-amd64/jre/lib/jsse.jar:/usr/lib/jvm/temurin-8-jdk-amd64/jre/lib/jce.jar:/usr/lib/jvm/temurin-8-jdk-amd64/jre/lib/charsets.jar:/usr/lib/jvm/temurin-8-jdk-amd64/jre/lib/jfr.jar:/usr/lib/jvm/temurin-8-jdk-amd64/jre/classes"/>
    <property name="sun.management.compiler" value="HotSpot 64-Bit Tiered Compilers"/>
    <property name="java.runtime.version" value="1.8.0_332-b09"/>
    <property name="java.net.preferIPv4Stack" value="true"/>
    <property name="user.name" value="runner"/>
    <property name="path.separator" value=":"/>
    <property name="os.version" value="5.4.0-1080-azure"/>
    <property name="java.endorsed.dirs" value="/usr/lib/jvm/temurin-8-jdk-amd64/jre/lib/endorsed"/>
    <property name="java.runtime.name" value="OpenJDK Runtime Environment"/>
    <property name="file.encoding" value="UTF-8"/>
    <property name="java.vm.name" value="OpenJDK 64-Bit Server VM"/>
    <property name="localRepository" value="/home/runner/.m2/repository"/>
    <property name="java.vendor.url.bug" value="https://github.com/adoptium/adoptium-support/issues"/>
    <property name="java.io.tmpdir" value="/tmp"/>
    <property name="java.version" value="1.8.0_332"/>
    <property name="user.dir" value="/home/runner/work/ratis/ratis/ratis-test"/>
    <property name="os.arch" value="amd64"/>
    <property name="ratis.tmp.dir" value="/home/runner/work/ratis/ratis/ratis-test/target/tmp"/>
    <property name="java.vm.specification.name" value="Java Virtual Machine Specification"/>
    <property name="java.awt.printerjob" value="sun.print.PSPrinterJob"/>
    <property name="ratis.log.dir" value="/home/runner/work/ratis/ratis/ratis-test/target/log"/>
    <property name="sun.os.patch.level" value="unknown"/>
    <property name="java.library.path" value="/usr/java/packages/lib/amd64:/usr/lib64:/lib64:/lib:/usr/lib"/>
    <property name="java.vm.info" value="mixed mode"/>
    <property name="java.vendor" value="Temurin"/>
    <property name="java.vm.version" value="25.332-b09"/>
    <property name="java.ext.dirs" value="/usr/lib/jvm/temurin-8-jdk-amd64/jre/lib/ext:/usr/java/packages/lib/ext"/>
    <property name="sun.io.unicode.encoding" value="UnicodeLittle"/>
    <property name="java.class.version" value="52.0"/>
  </properties>
  <testcase name="testMultipleStreamsSingleServer" classname="org.apache.ratis.datastream.TestNettyDataStreamChainTopologyWithGrpcCluster" time="30.439"/>
  <testcase name="testMultipleStreamsMultipleServers" classname="org.apache.ratis.datastream.TestNettyDataStreamChainTopologyWithGrpcCluster" time="98.113"/>
  <testcase name="testMultipleStreamsMultipleServersStepDownLeader" classname="org.apache.ratis.datastream.TestNettyDataStreamChainTopologyWithGrpcCluster" time="44.971">
    <error message="org.apache.ratis.protocol.exceptions.TimeoutIOException: Timeout 10000ms: Failed to send DataStreamWindowRequest:seqNum=12,DataStreamRequestHeader:clientId=client-D3F9E867D38C,type=STREAM_DATA,id=398,offset=7778074,length=0" type="java.util.concurrent.CompletionException">java.util.concurrent.CompletionException: org.apache.ratis.protocol.exceptions.TimeoutIOException: Timeout 10000ms: Failed to send DataStreamWindowRequest:seqNum=12,DataStreamRequestHeader:clientId=client-D3F9E867D38C,type=STREAM_DATA,id=398,offset=7778074,length=0
	at java.util.concurrent.CompletableFuture.encodeThrowable(CompletableFuture.java:292)
	at java.util.concurrent.CompletableFuture.completeThrowable(CompletableFuture.java:308)
	at java.util.concurrent.CompletableFuture.uniWhenComplete(CompletableFuture.java:783)
	at java.util.concurrent.CompletableFuture$UniWhenComplete.tryFire(CompletableFuture.java:750)
	at java.util.concurrent.CompletableFuture.postComplete(CompletableFuture.java:488)
	at java.util.concurrent.CompletableFuture.completeExceptionally(CompletableFuture.java:1990)
	at org.apache.ratis.client.impl.OrderedStreamAsync.lambda$scheduleWithTimeout$7(OrderedStreamAsync.java:172)
	at org.apache.ratis.util.TimeoutScheduler.lambda$onTimeout$0(TimeoutScheduler.java:141)
	at org.apache.ratis.util.TimeoutScheduler.lambda$onTimeout$1(TimeoutScheduler.java:155)
	at org.apache.ratis.util.LogUtils.runAndLog(LogUtils.java:38)
	at org.apache.ratis.util.LogUtils$1.run(LogUtils.java:79)
	at java.util.concurrent.Executors$RunnableAdapter.call(Executors.java:511)
	at java.util.concurrent.FutureTask.run(FutureTask.java:266)
	at java.util.concurrent.ScheduledThreadPoolExecutor$ScheduledFutureTask.access$201(ScheduledThreadPoolExecutor.java:180)
	at java.util.concurrent.ScheduledThreadPoolExecutor$ScheduledFutureTask.run(ScheduledThreadPoolExecutor.java:293)
	at java.util.concurrent.ThreadPoolExecutor.runWorker(ThreadPoolExecutor.java:1149)
	at java.util.concurrent.ThreadPoolExecutor$Worker.run(ThreadPoolExecutor.java:624)
	at java.lang.Thread.run(Thread.java:750)
Caused by: org.apache.ratis.protocol.exceptions.TimeoutIOException: Timeout 10000ms: Failed to send DataStreamWindowRequest:seqNum=12,DataStreamRequestHeader:clientId=client-D3F9E867D38C,type=STREAM_DATA,id=398,offset=7778074,length=0
	... 12 more
</error>
    <system-out><![CDATA[2022-06-08 04:47:37,775 [main] INFO  util.LogUtils (Log4jUtils.java:setLogLevel(32)) - Set org.apache.ratis.conf.ConfUtils log level to WARN
2022-06-08 04:47:37,776 [main] INFO  util.LogUtils (Log4jUtils.java:setLogLevel(32)) - Set org.apache.ratis.util.FileUtils log level to TRACE
2022-06-08 04:47:37,780 [Time-limited test] INFO  impl.MiniRaftCluster (MiniRaftCluster.java:runWithNewCluster(119)) - Running runWithNewCluster
2022-06-08 04:47:37,781 [Time-limited test] INFO  impl.MiniRaftCluster (MiniRaftCluster.java:<init>(272)) - new MiniRaftClusterWithRpcTypeGrpcAndDataStreamTypeNetty with group-B9997C7BCCDC:[s0|rpc:localhost:46099|admin:localhost:38707|client:localhost:45879|dataStream:localhost:39887|priority:0, s1|rpc:localhost:42541|admin:localhost:46417|client:localhost:40597|dataStream:localhost:39105|priority:0, s2|rpc:localhost:38605|admin:localhost:35039|client:localhost:44431|dataStream:localhost:41029|priority:0]
2022-06-08 04:47:37,782 [Time-limited test] INFO  impl.MiniRaftCluster (MiniRaftCluster.java:start(315)) - .............................................................. 
2022-06-08 04:47:37,782 [Time-limited test] INFO  impl.MiniRaftCluster (MiniRaftCluster.java:start(316)) - ... 
2022-06-08 04:47:37,782 [Time-limited test] INFO  impl.MiniRaftCluster (MiniRaftCluster.java:start(317)) - ...     Starting MiniRaftClusterWithRpcTypeGrpcAndDataStreamTypeNetty
2022-06-08 04:47:37,782 [Time-limited test] INFO  impl.MiniRaftCluster (MiniRaftCluster.java:start(318)) - ... 
2022-06-08 04:47:37,782 [Time-limited test] INFO  impl.MiniRaftCluster (MiniRaftCluster.java:start(319)) - .............................................................. 
2022-06-08 04:47:37,782 [Time-limited test] INFO  impl.MiniRaftCluster (MiniRaftCluster.java:initServers(284)) - servers = {}
2022-06-08 04:47:37,782 [Time-limited test] INFO  impl.MiniRaftCluster (MiniRaftCluster.java:newRaftServer(358)) - newRaftServer: s0, group-B9997C7BCCDC:[s0|rpc:localhost:46099|admin:localhost:38707|client:localhost:45879|dataStream:localhost:39887|priority:0, s1|rpc:localhost:42541|admin:localhost:46417|client:localhost:40597|dataStream:localhost:39105|priority:0, s2|rpc:localhost:38605|admin:localhost:35039|client:localhost:44431|dataStream:localhost:41029|priority:0], format? true
2022-06-08 04:47:37,783 [Time-limited test] TRACE util.FileUtils (FileUtils.java:deleteFully(162)) - deleteFully target/test/data/9cd67e6b/MiniRaftClusterWithRpcTypeGrpcAndDataStreamTypeNetty31781df6/s0
2022-06-08 04:47:37,783 [Time-limited test] TRACE util.FileUtils (FileUtils.java:deleteFully(178)) - deleteFully: target/test/data/9cd67e6b/MiniRaftClusterWithRpcTypeGrpcAndDataStreamTypeNetty31781df6/s0 does not exist.
2022-06-08 04:47:37,783 [Time-limited test] INFO  impl.MiniRaftCluster (MiniRaftCluster.java:newRaftServer(363)) - Formatted directory target/test/data/9cd67e6b/MiniRaftClusterWithRpcTypeGrpcAndDataStreamTypeNetty31781df6/s0
2022-06-08 04:47:37,783 [Time-limited test] INFO  server.RaftServer (ConfUtils.java:logGet(46)) - raft.rpc.type = GRPC (default)
2022-06-08 04:47:37,784 [Time-limited test] INFO  grpc.GrpcFactory (GrpcFactory.java:checkPooledByteBufAllocatorUseCacheForAllThreads(48)) - PERFORMANCE WARNING: useCacheForAllThreads is true that may cause Netty to create a lot garbage objects and, as a result, trigger GC.
	It is recommended to disable useCacheForAllThreads by setting -Dorg.apache.ratis.thirdparty.io.netty.allocator.useCacheForAllThreads=false in command line.
2022-06-08 04:47:37,784 [Time-limited test] INFO  grpc.GrpcConfigKeys (ConfUtils.java:logGet(46)) - raft.grpc.admin.port = 38707 (custom)
2022-06-08 04:47:37,784 [Time-limited test] INFO  grpc.GrpcConfigKeys (ConfUtils.java:logGet(46)) - raft.grpc.client.port = 45879 (custom)
2022-06-08 04:47:37,784 [Time-limited test] INFO  grpc.GrpcConfigKeys (ConfUtils.java:logGet(46)) - raft.grpc.server.port = 46099 (custom)
2022-06-08 04:47:37,784 [Time-limited test] INFO  server.GrpcService (ConfUtils.java:logGet(46)) - raft.grpc.message.size.max = 64MB (=67108864) (default)
2022-06-08 04:47:37,784 [Time-limited test] INFO  server.RaftServerConfigKeys (ConfUtils.java:logGet(46)) - raft.server.log.appender.buffer.byte-limit = 4MB (=4194304) (default)
2022-06-08 04:47:37,784 [Time-limited test] INFO  server.GrpcService (ConfUtils.java:logGet(46)) - raft.grpc.flow.control.window = 1MB (=1048576) (default)
2022-06-08 04:47:37,785 [Time-limited test] INFO  server.RaftServerConfigKeys (ConfUtils.java:logGet(46)) - raft.server.rpc.request.timeout = 3000ms (default)
2022-06-08 04:47:37,785 [Time-limited test] INFO  grpc.GrpcConfigKeys (ConfUtils.java:logGet(46)) - raft.grpc.server.async.request.thread.pool.cached = true (default)
2022-06-08 04:47:37,785 [Time-limited test] INFO  grpc.GrpcConfigKeys (ConfUtils.java:logGet(46)) - raft.grpc.server.async.request.thread.pool.size = 32 (default)
2022-06-08 04:47:37,787 [Time-limited test] INFO  impl.DataStreamServerImpl (ConfUtils.java:logGet(46)) - raft.datastream.type = NETTY (custom)
2022-06-08 04:47:37,787 [Time-limited test] INFO  netty.NettyConfigKeys$DataStream (ConfUtils.java:logGet(46)) - raft.netty.dataStream.server.tls.conf = null (default)
2022-06-08 04:47:37,788 [Time-limited test] INFO  server.RaftServerConfigKeys (ConfUtils.java:logGet(46)) - raft.server.data-stream.async.request.thread.pool.cached = false (default)
2022-06-08 04:47:37,788 [Time-limited test] INFO  server.RaftServerConfigKeys (ConfUtils.java:logGet(46)) - raft.server.data-stream.async.request.thread.pool.size = 32 (default)
2022-06-08 04:47:37,788 [Time-limited test] INFO  server.RaftServerConfigKeys (ConfUtils.java:logGet(46)) - raft.server.data-stream.async.write.thread.pool.size = 16 (default)
2022-06-08 04:47:37,788 [Time-limited test] INFO  server.RaftServerConfigKeys (ConfUtils.java:logGet(46)) - raft.server.data-stream.client.pool.size = 10 (default)
2022-06-08 04:47:37,788 [Time-limited test] INFO  netty.NettyConfigKeys$DataStream (ConfUtils.java:logGet(46)) - raft.netty.dataStream.server.use-epoll = false (default)
2022-06-08 04:47:37,788 [Time-limited test] INFO  netty.NettyConfigKeys$DataStream (ConfUtils.java:logGet(46)) - raft.netty.dataStream.server.boss-group.size = 0 (default)
2022-06-08 04:47:37,789 [Time-limited test] INFO  netty.NettyConfigKeys$DataStream (ConfUtils.java:logGet(46)) - raft.netty.dataStream.server.worker-group.size = 0 (default)
2022-06-08 04:47:37,789 [Time-limited test] INFO  netty.NettyConfigKeys$DataStream (ConfUtils.java:logGet(46)) - raft.netty.dataStream.port = 39887 (custom)
2022-06-08 04:47:37,790 [Time-limited test] INFO  server.RaftServerConfigKeys (ConfUtils.java:logGet(46)) - raft.server.threadpool.proxy.cached = true (default)
2022-06-08 04:47:37,791 [Time-limited test] INFO  server.RaftServerConfigKeys (ConfUtils.java:logGet(46)) - raft.server.threadpool.proxy.size = 0 (default)
2022-06-08 04:47:37,791 [Time-limited test] INFO  server.RaftServerConfigKeys (ConfUtils.java:logGet(46)) - raft.server.rpc.slowness.timeout = 60s (default)
2022-06-08 04:47:37,791 [s0-NettyServerStreamRpc-bossGroup--thread1] INFO  logging.LoggingHandler (AbstractInternalLogger.java:log(148)) - [id: 0xc13fe19a] REGISTERED
2022-06-08 04:47:37,791 [Time-limited test] INFO  server.RaftServerConfigKeys (ConfUtils.java:logGet(46)) - raft.server.leaderelection.leader.step-down.wait-time = 10s (default)
2022-06-08 04:47:37,791 [s0-NettyServerStreamRpc-bossGroup--thread1] INFO  logging.LoggingHandler (AbstractInternalLogger.java:log(148)) - [id: 0xc13fe19a] BIND: 0.0.0.0/0.0.0.0:39887
2022-06-08 04:47:37,792 [Time-limited test] INFO  server.RaftServerConfigKeys (ConfUtils.java:logGet(46)) - raft.server.storage.dir = [/home/runner/work/ratis/ratis/ratis-test/target/test/data/9cd67e6b/MiniRaftClusterWithRpcTypeGrpcAndDataStreamTypeNetty31781df6/s0] (custom)
2022-06-08 04:47:37,792 [s0-NettyServerStreamRpc-bossGroup--thread1] INFO  logging.LoggingHandler (AbstractInternalLogger.java:log(148)) - [id: 0xc13fe19a, L:/0.0.0.0:39887] ACTIVE
2022-06-08 04:47:37,792 [Time-limited test] INFO  server.RaftServer (RaftServerProxy.java:addNew(96)) - s0: addNew group-B9997C7BCCDC:[s0|rpc:localhost:46099|admin:localhost:38707|client:localhost:45879|dataStream:localhost:39887|priority:0, s1|rpc:localhost:42541|admin:localhost:46417|client:localhost:40597|dataStream:localhost:39105|priority:0, s2|rpc:localhost:38605|admin:localhost:35039|client:localhost:44431|dataStream:localhost:41029|priority:0] returns group-B9997C7BCCDC:java.util.concurrent.CompletableFuture@40c8721c[Not completed]
2022-06-08 04:47:37,793 [pool-10-thread-1] INFO  server.RaftServer$Division (RaftServerImpl.java:<init>(190)) - s0: new RaftServerImpl for group-B9997C7BCCDC:[s0|rpc:localhost:46099|admin:localhost:38707|client:localhost:45879|dataStream:localhost:39887|priority:0, s1|rpc:localhost:42541|admin:localhost:46417|client:localhost:40597|dataStream:localhost:39105|priority:0, s2|rpc:localhost:38605|admin:localhost:35039|client:localhost:44431|dataStream:localhost:41029|priority:0] with MultiDataStreamStateMachine:uninitialized
2022-06-08 04:47:37,793 [pool-10-thread-1] INFO  server.RaftServerConfigKeys (ConfUtils.java:logGet(46)) - raft.server.rpc.timeout.min = 150ms (default)
2022-06-08 04:47:37,793 [pool-10-thread-1] INFO  server.RaftServerConfigKeys (ConfUtils.java:logGet(46)) - raft.server.rpc.timeout.max = 300ms (default)
2022-06-08 04:47:37,793 [pool-10-thread-1] INFO  server.RaftServerConfigKeys (ConfUtils.java:logGet(46)) - raft.server.rpc.sleep.time = 25ms (default)
2022-06-08 04:47:37,793 [Time-limited test] INFO  impl.MiniRaftCluster (MiniRaftCluster.java:newRaftServer(358)) - newRaftServer: s1, group-B9997C7BCCDC:[s0|rpc:localhost:46099|admin:localhost:38707|client:localhost:45879|dataStream:localhost:39887|priority:0, s1|rpc:localhost:42541|admin:localhost:46417|client:localhost:40597|dataStream:localhost:39105|priority:0, s2|rpc:localhost:38605|admin:localhost:35039|client:localhost:44431|dataStream:localhost:41029|priority:0], format? true
2022-06-08 04:47:37,795 [Time-limited test] TRACE util.FileUtils (FileUtils.java:deleteFully(162)) - deleteFully target/test/data/9cd67e6b/MiniRaftClusterWithRpcTypeGrpcAndDataStreamTypeNetty31781df6/s1
2022-06-08 04:47:37,794 [pool-10-thread-1] INFO  server.RaftServerConfigKeys (ConfUtils.java:logGet(46)) - raft.server.rpc.slowness.timeout = 60s (default)
2022-06-08 04:47:37,795 [pool-10-thread-1] INFO  server.RaftServerConfigKeys (ConfUtils.java:logGet(46)) - raft.server.leaderelection.leader.step-down.wait-time = 10s (default)
2022-06-08 04:47:37,795 [pool-10-thread-1] INFO  server.RaftServerConfigKeys (ConfUtils.java:logGet(46)) - raft.server.sleep.deviation.threshold = 300ms (default)
2022-06-08 04:47:37,795 [Time-limited test] TRACE util.FileUtils (FileUtils.java:deleteFully(178)) - deleteFully: target/test/data/9cd67e6b/MiniRaftClusterWithRpcTypeGrpcAndDataStreamTypeNetty31781df6/s1 does not exist.
2022-06-08 04:47:37,796 [Time-limited test] INFO  impl.MiniRaftCluster (MiniRaftCluster.java:newRaftServer(363)) - Formatted directory target/test/data/9cd67e6b/MiniRaftClusterWithRpcTypeGrpcAndDataStreamTypeNetty31781df6/s1
2022-06-08 04:47:37,796 [pool-10-thread-1] INFO  server.RaftServer$Division (ServerState.java:<init>(107)) - s0@group-B9997C7BCCDC: ConfigurationManager, init=-1: [s0|rpc:localhost:46099|admin:localhost:38707|client:localhost:45879|dataStream:localhost:39887|priority:0, s1|rpc:localhost:42541|admin:localhost:46417|client:localhost:40597|dataStream:localhost:39105|priority:0, s2|rpc:localhost:38605|admin:localhost:35039|client:localhost:44431|dataStream:localhost:41029|priority:0], old=null, confs=<EMPTY_MAP>
2022-06-08 04:47:37,796 [pool-10-thread-1] INFO  server.RaftServerConfigKeys (ConfUtils.java:logGet(46)) - raft.server.storage.dir = [/home/runner/work/ratis/ratis/ratis-test/target/test/data/9cd67e6b/MiniRaftClusterWithRpcTypeGrpcAndDataStreamTypeNetty31781df6/s0] (custom)
2022-06-08 04:47:37,796 [Time-limited test] INFO  server.RaftServer (ConfUtils.java:logGet(46)) - raft.rpc.type = GRPC (default)
2022-06-08 04:47:37,796 [pool-10-thread-1] INFO  server.RaftServerConfigKeys (ConfUtils.java:logGet(46)) - raft.server.log.corruption.policy = EXCEPTION (default)
2022-06-08 04:47:37,797 [pool-10-thread-1] INFO  server.RaftServerConfigKeys (ConfUtils.java:logGet(46)) - raft.server.storage.free-space.min = 0MB (=0) (default)
2022-06-08 04:47:37,797 [pool-10-thread-1] INFO  storage.RaftStorageDirectory (RaftStorageDirectoryImpl.java:analyzeStorage(135)) - The storage directory /home/runner/work/ratis/ratis/ratis-test/target/test/data/9cd67e6b/MiniRaftClusterWithRpcTypeGrpcAndDataStreamTypeNetty31781df6/s0/f623a08e-ee50-4777-9fc0-b9997c7bccdc does not exist. Creating ...
2022-06-08 04:47:37,796 [Time-limited test] INFO  grpc.GrpcFactory (GrpcFactory.java:checkPooledByteBufAllocatorUseCacheForAllThreads(48)) - PERFORMANCE WARNING: useCacheForAllThreads is true that may cause Netty to create a lot garbage objects and, as a result, trigger GC.
	It is recommended to disable useCacheForAllThreads by setting -Dorg.apache.ratis.thirdparty.io.netty.allocator.useCacheForAllThreads=false in command line.
2022-06-08 04:47:37,797 [Time-limited test] INFO  grpc.GrpcConfigKeys (ConfUtils.java:logGet(46)) - raft.grpc.admin.port = 46417 (custom)
2022-06-08 04:47:37,798 [Time-limited test] INFO  grpc.GrpcConfigKeys (ConfUtils.java:logGet(46)) - raft.grpc.client.port = 40597 (custom)
2022-06-08 04:47:37,798 [Time-limited test] INFO  grpc.GrpcConfigKeys (ConfUtils.java:logGet(46)) - raft.grpc.server.port = 42541 (custom)
2022-06-08 04:47:37,798 [Time-limited test] INFO  server.GrpcService (ConfUtils.java:logGet(46)) - raft.grpc.message.size.max = 64MB (=67108864) (default)
2022-06-08 04:47:37,798 [Time-limited test] INFO  server.RaftServerConfigKeys (ConfUtils.java:logGet(46)) - raft.server.log.appender.buffer.byte-limit = 4MB (=4194304) (default)
2022-06-08 04:47:37,798 [Time-limited test] INFO  server.GrpcService (ConfUtils.java:logGet(46)) - raft.grpc.flow.control.window = 1MB (=1048576) (default)
2022-06-08 04:47:37,798 [Time-limited test] INFO  server.RaftServerConfigKeys (ConfUtils.java:logGet(46)) - raft.server.rpc.request.timeout = 3000ms (default)
2022-06-08 04:47:37,798 [Time-limited test] INFO  grpc.GrpcConfigKeys (ConfUtils.java:logGet(46)) - raft.grpc.server.async.request.thread.pool.cached = true (default)
2022-06-08 04:47:37,799 [Time-limited test] INFO  grpc.GrpcConfigKeys (ConfUtils.java:logGet(46)) - raft.grpc.server.async.request.thread.pool.size = 32 (default)
2022-06-08 04:47:37,799 [pool-10-thread-1] TRACE util.FileUtils (LogUtils.java:runAndLog(49)) - Successfully ran Files.createDirectories /home/runner/work/ratis/ratis/ratis-test/target/test/data/9cd67e6b/MiniRaftClusterWithRpcTypeGrpcAndDataStreamTypeNetty31781df6/s0/f623a08e-ee50-4777-9fc0-b9997c7bccdc
2022-06-08 04:47:37,801 [pool-10-thread-1] INFO  storage.RaftStorageDirectory (RaftStorageDirectoryImpl.java:tryLock(230)) - Lock on /home/runner/work/ratis/ratis/ratis-test/target/test/data/9cd67e6b/MiniRaftClusterWithRpcTypeGrpcAndDataStreamTypeNetty31781df6/s0/f623a08e-ee50-4777-9fc0-b9997c7bccdc/in_use.lock acquired by nodename 8392@fv-az162-741.zg2wxtnhc5zuxcwlwyajjwv2fa.dx.internal.cloudapp.net
2022-06-08 04:47:37,801 [Time-limited test] INFO  impl.DataStreamServerImpl (ConfUtils.java:logGet(46)) - raft.datastream.type = NETTY (custom)
2022-06-08 04:47:37,802 [Time-limited test] INFO  netty.NettyConfigKeys$DataStream (ConfUtils.java:logGet(46)) - raft.netty.dataStream.server.tls.conf = null (default)
2022-06-08 04:47:37,802 [Time-limited test] INFO  server.RaftServerConfigKeys (ConfUtils.java:logGet(46)) - raft.server.data-stream.async.request.thread.pool.cached = false (default)
2022-06-08 04:47:37,802 [Time-limited test] INFO  server.RaftServerConfigKeys (ConfUtils.java:logGet(46)) - raft.server.data-stream.async.request.thread.pool.size = 32 (default)
2022-06-08 04:47:37,802 [pool-10-thread-1] TRACE util.FileUtils (LogUtils.java:runAndLog(49)) - Successfully ran Files.createDirectories /home/runner/work/ratis/ratis/ratis-test/target/test/data/9cd67e6b/MiniRaftClusterWithRpcTypeGrpcAndDataStreamTypeNetty31781df6/s0/f623a08e-ee50-4777-9fc0-b9997c7bccdc/current
2022-06-08 04:47:37,802 [Time-limited test] INFO  server.RaftServerConfigKeys (ConfUtils.java:logGet(46)) - raft.server.data-stream.async.write.thread.pool.size = 16 (default)
2022-06-08 04:47:37,802 [pool-10-thread-1] TRACE util.FileUtils (LogUtils.java:runAndLog(49)) - Successfully ran Files.createDirectories /home/runner/work/ratis/ratis/ratis-test/target/test/data/9cd67e6b/MiniRaftClusterWithRpcTypeGrpcAndDataStreamTypeNetty31781df6/s0/f623a08e-ee50-4777-9fc0-b9997c7bccdc/sm
2022-06-08 04:47:37,802 [Time-limited test] INFO  server.RaftServerConfigKeys (ConfUtils.java:logGet(46)) - raft.server.data-stream.client.pool.size = 10 (default)
2022-06-08 04:47:37,803 [Time-limited test] INFO  netty.NettyConfigKeys$DataStream (ConfUtils.java:logGet(46)) - raft.netty.dataStream.server.use-epoll = false (default)
2022-06-08 04:47:37,803 [Time-limited test] INFO  netty.NettyConfigKeys$DataStream (ConfUtils.java:logGet(46)) - raft.netty.dataStream.server.boss-group.size = 0 (default)
2022-06-08 04:47:37,804 [Time-limited test] INFO  netty.NettyConfigKeys$DataStream (ConfUtils.java:logGet(46)) - raft.netty.dataStream.server.worker-group.size = 0 (default)
2022-06-08 04:47:37,804 [Time-limited test] INFO  netty.NettyConfigKeys$DataStream (ConfUtils.java:logGet(46)) - raft.netty.dataStream.port = 39105 (custom)
2022-06-08 04:47:37,805 [Time-limited test] INFO  server.RaftServerConfigKeys (ConfUtils.java:logGet(46)) - raft.server.threadpool.proxy.cached = true (default)
2022-06-08 04:47:37,805 [Time-limited test] INFO  server.RaftServerConfigKeys (ConfUtils.java:logGet(46)) - raft.server.threadpool.proxy.size = 0 (default)
2022-06-08 04:47:37,805 [Time-limited test] INFO  server.RaftServerConfigKeys (ConfUtils.java:logGet(46)) - raft.server.rpc.slowness.timeout = 60s (default)
2022-06-08 04:47:37,805 [Time-limited test] INFO  server.RaftServerConfigKeys (ConfUtils.java:logGet(46)) - raft.server.leaderelection.leader.step-down.wait-time = 10s (default)
2022-06-08 04:47:37,805 [pool-10-thread-1] INFO  storage.RaftStorage (RaftStorageImpl.java:format(89)) - Storage directory /home/runner/work/ratis/ratis/ratis-test/target/test/data/9cd67e6b/MiniRaftClusterWithRpcTypeGrpcAndDataStreamTypeNetty31781df6/s0/f623a08e-ee50-4777-9fc0-b9997c7bccdc has been successfully formatted.
2022-06-08 04:47:37,805 [Time-limited test] INFO  server.RaftServerConfigKeys (ConfUtils.java:logGet(46)) - raft.server.storage.dir = [/home/runner/work/ratis/ratis/ratis-test/target/test/data/9cd67e6b/MiniRaftClusterWithRpcTypeGrpcAndDataStreamTypeNetty31781df6/s1] (custom)
2022-06-08 04:47:37,806 [pool-10-thread-1] INFO  server.RaftServerConfigKeys (ConfUtils.java:logGet(46)) - raft.server.notification.no-leader.timeout = 60s (default)
2022-06-08 04:47:37,806 [pool-10-thread-1] INFO  server.RaftServerConfigKeys (ConfUtils.java:logGet(46)) - raft.server.log.use.memory = false (default)
2022-06-08 04:47:37,806 [s1-NettyServerStreamRpc-bossGroup--thread1] INFO  logging.LoggingHandler (AbstractInternalLogger.java:log(148)) - [id: 0x56dc9c03] REGISTERED
2022-06-08 04:47:37,806 [pool-10-thread-1] INFO  server.RaftServerConfigKeys (ConfUtils.java:logGet(46)) - raft.server.log.purge.gap = 1024 (default)
2022-06-08 04:47:37,806 [s1-NettyServerStreamRpc-bossGroup--thread1] INFO  logging.LoggingHandler (AbstractInternalLogger.java:log(148)) - [id: 0x56dc9c03] BIND: 0.0.0.0/0.0.0.0:39105
2022-06-08 04:47:37,806 [pool-10-thread-1] INFO  server.RaftServerConfigKeys (ConfUtils.java:logGet(46)) - raft.server.log.appender.buffer.byte-limit = 4MB (=4194304) (default)
2022-06-08 04:47:37,806 [s1-NettyServerStreamRpc-bossGroup--thread1] INFO  logging.LoggingHandler (AbstractInternalLogger.java:log(148)) - [id: 0x56dc9c03, L:/0.0.0.0:39105] ACTIVE
2022-06-08 04:47:37,807 [pool-10-thread-1] INFO  server.RaftServerConfigKeys (ConfUtils.java:logGet(46)) - raft.server.log.statemachine.data.read.timeout = 1000ms (default)
2022-06-08 04:47:37,807 [pool-11-thread-1] INFO  server.RaftServer$Division (RaftServerImpl.java:<init>(190)) - s1: new RaftServerImpl for group-B9997C7BCCDC:[s0|rpc:localhost:46099|admin:localhost:38707|client:localhost:45879|dataStream:localhost:39887|priority:0, s1|rpc:localhost:42541|admin:localhost:46417|client:localhost:40597|dataStream:localhost:39105|priority:0, s2|rpc:localhost:38605|admin:localhost:35039|client:localhost:44431|dataStream:localhost:41029|priority:0] with MultiDataStreamStateMachine:uninitialized
2022-06-08 04:47:37,807 [Time-limited test] INFO  server.RaftServer (RaftServerProxy.java:addNew(96)) - s1: addNew group-B9997C7BCCDC:[s0|rpc:localhost:46099|admin:localhost:38707|client:localhost:45879|dataStream:localhost:39887|priority:0, s1|rpc:localhost:42541|admin:localhost:46417|client:localhost:40597|dataStream:localhost:39105|priority:0, s2|rpc:localhost:38605|admin:localhost:35039|client:localhost:44431|dataStream:localhost:41029|priority:0] returns group-B9997C7BCCDC:java.util.concurrent.CompletableFuture@26bf90ed[Not completed]
2022-06-08 04:47:37,807 [pool-11-thread-1] INFO  server.RaftServerConfigKeys (ConfUtils.java:logGet(46)) - raft.server.rpc.timeout.min = 150ms (default)
2022-06-08 04:47:37,809 [Time-limited test] INFO  impl.MiniRaftCluster (MiniRaftCluster.java:newRaftServer(358)) - newRaftServer: s2, group-B9997C7BCCDC:[s0|rpc:localhost:46099|admin:localhost:38707|client:localhost:45879|dataStream:localhost:39887|priority:0, s1|rpc:localhost:42541|admin:localhost:46417|client:localhost:40597|dataStream:localhost:39105|priority:0, s2|rpc:localhost:38605|admin:localhost:35039|client:localhost:44431|dataStream:localhost:41029|priority:0], format? true
2022-06-08 04:47:37,813 [Time-limited test] TRACE util.FileUtils (FileUtils.java:deleteFully(162)) - deleteFully target/test/data/9cd67e6b/MiniRaftClusterWithRpcTypeGrpcAndDataStreamTypeNetty31781df6/s2
2022-06-08 04:47:37,813 [Time-limited test] TRACE util.FileUtils (FileUtils.java:deleteFully(178)) - deleteFully: target/test/data/9cd67e6b/MiniRaftClusterWithRpcTypeGrpcAndDataStreamTypeNetty31781df6/s2 does not exist.
2022-06-08 04:47:37,813 [Time-limited test] INFO  impl.MiniRaftCluster (MiniRaftCluster.java:newRaftServer(363)) - Formatted directory target/test/data/9cd67e6b/MiniRaftClusterWithRpcTypeGrpcAndDataStreamTypeNetty31781df6/s2
2022-06-08 04:47:37,813 [Time-limited test] INFO  server.RaftServer (ConfUtils.java:logGet(46)) - raft.rpc.type = GRPC (default)
2022-06-08 04:47:37,813 [Time-limited test] INFO  grpc.GrpcFactory (GrpcFactory.java:checkPooledByteBufAllocatorUseCacheForAllThreads(48)) - PERFORMANCE WARNING: useCacheForAllThreads is true that may cause Netty to create a lot garbage objects and, as a result, trigger GC.
	It is recommended to disable useCacheForAllThreads by setting -Dorg.apache.ratis.thirdparty.io.netty.allocator.useCacheForAllThreads=false in command line.
2022-06-08 04:47:37,813 [Time-limited test] INFO  grpc.GrpcConfigKeys (ConfUtils.java:logGet(46)) - raft.grpc.admin.port = 35039 (custom)
2022-06-08 04:47:37,814 [Time-limited test] INFO  grpc.GrpcConfigKeys (ConfUtils.java:logGet(46)) - raft.grpc.client.port = 44431 (custom)
2022-06-08 04:47:37,814 [Time-limited test] INFO  grpc.GrpcConfigKeys (ConfUtils.java:logGet(46)) - raft.grpc.server.port = 38605 (custom)
2022-06-08 04:47:37,814 [Time-limited test] INFO  server.GrpcService (ConfUtils.java:logGet(46)) - raft.grpc.message.size.max = 64MB (=67108864) (default)
2022-06-08 04:47:37,814 [Time-limited test] INFO  server.RaftServerConfigKeys (ConfUtils.java:logGet(46)) - raft.server.log.appender.buffer.byte-limit = 4MB (=4194304) (default)
2022-06-08 04:47:37,814 [Time-limited test] INFO  server.GrpcService (ConfUtils.java:logGet(46)) - raft.grpc.flow.control.window = 1MB (=1048576) (default)
2022-06-08 04:47:37,814 [Time-limited test] INFO  server.RaftServerConfigKeys (ConfUtils.java:logGet(46)) - raft.server.rpc.request.timeout = 3000ms (default)
2022-06-08 04:47:37,814 [Time-limited test] INFO  grpc.GrpcConfigKeys (ConfUtils.java:logGet(46)) - raft.grpc.server.async.request.thread.pool.cached = true (default)
2022-06-08 04:47:37,814 [Time-limited test] INFO  grpc.GrpcConfigKeys (ConfUtils.java:logGet(46)) - raft.grpc.server.async.request.thread.pool.size = 32 (default)
2022-06-08 04:47:37,816 [Time-limited test] INFO  impl.DataStreamServerImpl (ConfUtils.java:logGet(46)) - raft.datastream.type = NETTY (custom)
2022-06-08 04:47:37,816 [Time-limited test] INFO  netty.NettyConfigKeys$DataStream (ConfUtils.java:logGet(46)) - raft.netty.dataStream.server.tls.conf = null (default)
2022-06-08 04:47:37,808 [pool-10-thread-1] INFO  server.RaftServerConfigKeys (ConfUtils.java:logGet(46)) - raft.server.log.segment.size.max = 8MB (=8388608) (default)
2022-06-08 04:47:37,816 [Time-limited test] INFO  server.RaftServerConfigKeys (ConfUtils.java:logGet(46)) - raft.server.data-stream.async.request.thread.pool.cached = false (default)
2022-06-08 04:47:37,817 [Time-limited test] INFO  server.RaftServerConfigKeys (ConfUtils.java:logGet(46)) - raft.server.data-stream.async.request.thread.pool.size = 32 (default)
2022-06-08 04:47:37,817 [Time-limited test] INFO  server.RaftServerConfigKeys (ConfUtils.java:logGet(46)) - raft.server.data-stream.async.write.thread.pool.size = 16 (default)
2022-06-08 04:47:37,817 [Time-limited test] INFO  server.RaftServerConfigKeys (ConfUtils.java:logGet(46)) - raft.server.data-stream.client.pool.size = 10 (default)
2022-06-08 04:47:37,817 [Time-limited test] INFO  netty.NettyConfigKeys$DataStream (ConfUtils.java:logGet(46)) - raft.netty.dataStream.server.use-epoll = false (default)
2022-06-08 04:47:37,817 [Time-limited test] INFO  netty.NettyConfigKeys$DataStream (ConfUtils.java:logGet(46)) - raft.netty.dataStream.server.boss-group.size = 0 (default)
2022-06-08 04:47:37,818 [Time-limited test] INFO  netty.NettyConfigKeys$DataStream (ConfUtils.java:logGet(46)) - raft.netty.dataStream.server.worker-group.size = 0 (default)
2022-06-08 04:47:37,818 [Time-limited test] INFO  netty.NettyConfigKeys$DataStream (ConfUtils.java:logGet(46)) - raft.netty.dataStream.port = 41029 (custom)
2022-06-08 04:47:37,816 [pool-11-thread-1] INFO  server.RaftServerConfigKeys (ConfUtils.java:logGet(46)) - raft.server.rpc.timeout.max = 300ms (default)
2022-06-08 04:47:37,818 [pool-11-thread-1] INFO  server.RaftServerConfigKeys (ConfUtils.java:logGet(46)) - raft.server.rpc.sleep.time = 25ms (default)
2022-06-08 04:47:37,819 [pool-11-thread-1] INFO  server.RaftServerConfigKeys (ConfUtils.java:logGet(46)) - raft.server.rpc.slowness.timeout = 60s (default)
2022-06-08 04:47:37,819 [pool-11-thread-1] INFO  server.RaftServerConfigKeys (ConfUtils.java:logGet(46)) - raft.server.leaderelection.leader.step-down.wait-time = 10s (default)
2022-06-08 04:47:37,819 [pool-11-thread-1] INFO  server.RaftServerConfigKeys (ConfUtils.java:logGet(46)) - raft.server.sleep.deviation.threshold = 300ms (default)
2022-06-08 04:47:37,819 [pool-11-thread-1] INFO  server.RaftServer$Division (ServerState.java:<init>(107)) - s1@group-B9997C7BCCDC: ConfigurationManager, init=-1: [s0|rpc:localhost:46099|admin:localhost:38707|client:localhost:45879|dataStream:localhost:39887|priority:0, s1|rpc:localhost:42541|admin:localhost:46417|client:localhost:40597|dataStream:localhost:39105|priority:0, s2|rpc:localhost:38605|admin:localhost:35039|client:localhost:44431|dataStream:localhost:41029|priority:0], old=null, confs=<EMPTY_MAP>
2022-06-08 04:47:37,819 [pool-11-thread-1] INFO  server.RaftServerConfigKeys (ConfUtils.java:logGet(46)) - raft.server.storage.dir = [/home/runner/work/ratis/ratis/ratis-test/target/test/data/9cd67e6b/MiniRaftClusterWithRpcTypeGrpcAndDataStreamTypeNetty31781df6/s1] (custom)
2022-06-08 04:47:37,819 [pool-11-thread-1] INFO  server.RaftServerConfigKeys (ConfUtils.java:logGet(46)) - raft.server.log.corruption.policy = EXCEPTION (default)
2022-06-08 04:47:37,819 [pool-11-thread-1] INFO  server.RaftServerConfigKeys (ConfUtils.java:logGet(46)) - raft.server.storage.free-space.min = 0MB (=0) (default)
2022-06-08 04:47:37,817 [pool-10-thread-1] INFO  server.RaftServerConfigKeys (ConfUtils.java:logGet(46)) - raft.server.log.segment.cache.num.max = 6 (default)
2022-06-08 04:47:37,820 [pool-10-thread-1] INFO  server.RaftServerConfigKeys (ConfUtils.java:logGet(46)) - raft.server.log.segment.cache.size.max = 200MB (=209715200) (default)
2022-06-08 04:47:37,820 [pool-10-thread-1] INFO  segmented.SegmentedRaftLogWorker (SegmentedRaftLogWorker.java:<init>(187)) - new s0@group-B9997C7BCCDC-SegmentedRaftLogWorker for RaftStorageImpl:Storage Directory /home/runner/work/ratis/ratis/ratis-test/target/test/data/9cd67e6b/MiniRaftClusterWithRpcTypeGrpcAndDataStreamTypeNetty31781df6/s0/f623a08e-ee50-4777-9fc0-b9997c7bccdc
2022-06-08 04:47:37,820 [pool-10-thread-1] INFO  server.RaftServerConfigKeys (ConfUtils.java:logGet(46)) - raft.server.log.queue.byte-limit = 64MB (=67108864) (default)
2022-06-08 04:47:37,820 [pool-10-thread-1] INFO  server.RaftServerConfigKeys (ConfUtils.java:logGet(46)) - raft.server.log.queue.element-limit = 4096 (default)
2022-06-08 04:47:37,820 [pool-10-thread-1] INFO  server.RaftServerConfigKeys (ConfUtils.java:logGet(46)) - raft.server.log.segment.size.max = 8MB (=8388608) (default)
2022-06-08 04:47:37,820 [pool-10-thread-1] INFO  server.RaftServerConfigKeys (ConfUtils.java:logGet(46)) - raft.server.log.preallocated.size = 4MB (=4194304) (default)
2022-06-08 04:47:37,820 [pool-10-thread-1] INFO  server.RaftServerConfigKeys (ConfUtils.java:logGet(46)) - raft.server.log.force.sync.num = 128 (default)
2022-06-08 04:47:37,820 [pool-10-thread-1] INFO  server.RaftServerConfigKeys (ConfUtils.java:logGet(46)) - raft.server.log.statemachine.data.sync = true (default)
2022-06-08 04:47:37,820 [pool-10-thread-1] INFO  server.RaftServerConfigKeys (ConfUtils.java:logGet(46)) - raft.server.log.statemachine.data.sync.timeout = 10s (default)
2022-06-08 04:47:37,820 [pool-10-thread-1] INFO  server.RaftServerConfigKeys (ConfUtils.java:logGet(46)) - raft.server.log.statemachine.data.sync.timeout.retry = -1 (default)
2022-06-08 04:47:37,820 [Time-limited test] INFO  server.RaftServerConfigKeys (ConfUtils.java:logGet(46)) - raft.server.threadpool.proxy.cached = true (default)
2022-06-08 04:47:37,820 [Time-limited test] INFO  server.RaftServerConfigKeys (ConfUtils.java:logGet(46)) - raft.server.threadpool.proxy.size = 0 (default)
2022-06-08 04:47:37,821 [Time-limited test] INFO  server.RaftServerConfigKeys (ConfUtils.java:logGet(46)) - raft.server.rpc.slowness.timeout = 60s (default)
2022-06-08 04:47:37,821 [Time-limited test] INFO  server.RaftServerConfigKeys (ConfUtils.java:logGet(46)) - raft.server.leaderelection.leader.step-down.wait-time = 10s (default)
2022-06-08 04:47:37,821 [s2-NettyServerStreamRpc-bossGroup--thread1] INFO  logging.LoggingHandler (AbstractInternalLogger.java:log(148)) - [id: 0x62228788] REGISTERED
2022-06-08 04:47:37,821 [pool-11-thread-1] INFO  storage.RaftStorageDirectory (RaftStorageDirectoryImpl.java:analyzeStorage(135)) - The storage directory /home/runner/work/ratis/ratis/ratis-test/target/test/data/9cd67e6b/MiniRaftClusterWithRpcTypeGrpcAndDataStreamTypeNetty31781df6/s1/f623a08e-ee50-4777-9fc0-b9997c7bccdc does not exist. Creating ...
2022-06-08 04:47:37,821 [s2-NettyServerStreamRpc-bossGroup--thread1] INFO  logging.LoggingHandler (AbstractInternalLogger.java:log(148)) - [id: 0x62228788] BIND: 0.0.0.0/0.0.0.0:41029
2022-06-08 04:47:37,821 [s2-NettyServerStreamRpc-bossGroup--thread1] INFO  logging.LoggingHandler (AbstractInternalLogger.java:log(148)) - [id: 0x62228788, L:/0.0.0.0:41029] ACTIVE
2022-06-08 04:47:37,821 [Time-limited test] INFO  server.RaftServerConfigKeys (ConfUtils.java:logGet(46)) - raft.server.storage.dir = [/home/runner/work/ratis/ratis/ratis-test/target/test/data/9cd67e6b/MiniRaftClusterWithRpcTypeGrpcAndDataStreamTypeNetty31781df6/s2] (custom)
2022-06-08 04:47:37,821 [pool-11-thread-1] TRACE util.FileUtils (LogUtils.java:runAndLog(49)) - Successfully ran Files.createDirectories /home/runner/work/ratis/ratis/ratis-test/target/test/data/9cd67e6b/MiniRaftClusterWithRpcTypeGrpcAndDataStreamTypeNetty31781df6/s1/f623a08e-ee50-4777-9fc0-b9997c7bccdc
2022-06-08 04:47:37,822 [Time-limited test] INFO  server.RaftServer (RaftServerProxy.java:addNew(96)) - s2: addNew group-B9997C7BCCDC:[s0|rpc:localhost:46099|admin:localhost:38707|client:localhost:45879|dataStream:localhost:39887|priority:0, s1|rpc:localhost:42541|admin:localhost:46417|client:localhost:40597|dataStream:localhost:39105|priority:0, s2|rpc:localhost:38605|admin:localhost:35039|client:localhost:44431|dataStream:localhost:41029|priority:0] returns group-B9997C7BCCDC:java.util.concurrent.CompletableFuture@3063b0db[Not completed]
2022-06-08 04:47:37,823 [pool-12-thread-1] INFO  server.RaftServer$Division (RaftServerImpl.java:<init>(190)) - s2: new RaftServerImpl for group-B9997C7BCCDC:[s0|rpc:localhost:46099|admin:localhost:38707|client:localhost:45879|dataStream:localhost:39887|priority:0, s1|rpc:localhost:42541|admin:localhost:46417|client:localhost:40597|dataStream:localhost:39105|priority:0, s2|rpc:localhost:38605|admin:localhost:35039|client:localhost:44431|dataStream:localhost:41029|priority:0] with MultiDataStreamStateMachine:uninitialized
2022-06-08 04:47:37,823 [pool-11-thread-1] INFO  storage.RaftStorageDirectory (RaftStorageDirectoryImpl.java:tryLock(230)) - Lock on /home/runner/work/ratis/ratis/ratis-test/target/test/data/9cd67e6b/MiniRaftClusterWithRpcTypeGrpcAndDataStreamTypeNetty31781df6/s1/f623a08e-ee50-4777-9fc0-b9997c7bccdc/in_use.lock acquired by nodename 8392@fv-az162-741.zg2wxtnhc5zuxcwlwyajjwv2fa.dx.internal.cloudapp.net
2022-06-08 04:47:37,825 [pool-11-thread-1] TRACE util.FileUtils (LogUtils.java:runAndLog(49)) - Successfully ran Files.createDirectories /home/runner/work/ratis/ratis/ratis-test/target/test/data/9cd67e6b/MiniRaftClusterWithRpcTypeGrpcAndDataStreamTypeNetty31781df6/s1/f623a08e-ee50-4777-9fc0-b9997c7bccdc/current
2022-06-08 04:47:37,825 [pool-11-thread-1] TRACE util.FileUtils (LogUtils.java:runAndLog(49)) - Successfully ran Files.createDirectories /home/runner/work/ratis/ratis/ratis-test/target/test/data/9cd67e6b/MiniRaftClusterWithRpcTypeGrpcAndDataStreamTypeNetty31781df6/s1/f623a08e-ee50-4777-9fc0-b9997c7bccdc/sm
2022-06-08 04:47:37,826 [pool-11-thread-1] INFO  storage.RaftStorage (RaftStorageImpl.java:format(89)) - Storage directory /home/runner/work/ratis/ratis/ratis-test/target/test/data/9cd67e6b/MiniRaftClusterWithRpcTypeGrpcAndDataStreamTypeNetty31781df6/s1/f623a08e-ee50-4777-9fc0-b9997c7bccdc has been successfully formatted.
2022-06-08 04:47:37,827 [pool-11-thread-1] INFO  server.RaftServerConfigKeys (ConfUtils.java:logGet(46)) - raft.server.notification.no-leader.timeout = 60s (default)
2022-06-08 04:47:37,827 [pool-11-thread-1] INFO  server.RaftServerConfigKeys (ConfUtils.java:logGet(46)) - raft.server.log.use.memory = false (default)
2022-06-08 04:47:37,827 [pool-11-thread-1] INFO  server.RaftServerConfigKeys (ConfUtils.java:logGet(46)) - raft.server.log.purge.gap = 1024 (default)
2022-06-08 04:47:37,827 [pool-11-thread-1] INFO  server.RaftServerConfigKeys (ConfUtils.java:logGet(46)) - raft.server.log.appender.buffer.byte-limit = 4MB (=4194304) (default)
2022-06-08 04:47:37,827 [pool-11-thread-1] INFO  server.RaftServerConfigKeys (ConfUtils.java:logGet(46)) - raft.server.log.statemachine.data.read.timeout = 1000ms (default)
2022-06-08 04:47:37,827 [pool-11-thread-1] INFO  server.RaftServerConfigKeys (ConfUtils.java:logGet(46)) - raft.server.log.segment.size.max = 8MB (=8388608) (default)
2022-06-08 04:47:37,827 [pool-11-thread-1] INFO  server.RaftServerConfigKeys (ConfUtils.java:logGet(46)) - raft.server.log.segment.cache.num.max = 6 (default)
2022-06-08 04:47:37,827 [pool-11-thread-1] INFO  server.RaftServerConfigKeys (ConfUtils.java:logGet(46)) - raft.server.log.segment.cache.size.max = 200MB (=209715200) (default)
2022-06-08 04:47:37,828 [pool-11-thread-1] INFO  segmented.SegmentedRaftLogWorker (SegmentedRaftLogWorker.java:<init>(187)) - new s1@group-B9997C7BCCDC-SegmentedRaftLogWorker for RaftStorageImpl:Storage Directory /home/runner/work/ratis/ratis/ratis-test/target/test/data/9cd67e6b/MiniRaftClusterWithRpcTypeGrpcAndDataStreamTypeNetty31781df6/s1/f623a08e-ee50-4777-9fc0-b9997c7bccdc
2022-06-08 04:47:37,828 [pool-11-thread-1] INFO  server.RaftServerConfigKeys (ConfUtils.java:logGet(46)) - raft.server.log.queue.byte-limit = 64MB (=67108864) (default)
2022-06-08 04:47:37,828 [pool-11-thread-1] INFO  server.RaftServerConfigKeys (ConfUtils.java:logGet(46)) - raft.server.log.queue.element-limit = 4096 (default)
2022-06-08 04:47:37,828 [pool-11-thread-1] INFO  server.RaftServerConfigKeys (ConfUtils.java:logGet(46)) - raft.server.log.segment.size.max = 8MB (=8388608) (default)
2022-06-08 04:47:37,828 [pool-11-thread-1] INFO  server.RaftServerConfigKeys (ConfUtils.java:logGet(46)) - raft.server.log.preallocated.size = 4MB (=4194304) (default)
2022-06-08 04:47:37,828 [pool-11-thread-1] INFO  server.RaftServerConfigKeys (ConfUtils.java:logGet(46)) - raft.server.log.force.sync.num = 128 (default)
2022-06-08 04:47:37,828 [pool-11-thread-1] INFO  server.RaftServerConfigKeys (ConfUtils.java:logGet(46)) - raft.server.log.statemachine.data.sync = true (default)
2022-06-08 04:47:37,828 [pool-11-thread-1] INFO  server.RaftServerConfigKeys (ConfUtils.java:logGet(46)) - raft.server.log.statemachine.data.sync.timeout = 10s (default)
2022-06-08 04:47:37,829 [pool-11-thread-1] INFO  server.RaftServerConfigKeys (ConfUtils.java:logGet(46)) - raft.server.log.statemachine.data.sync.timeout.retry = -1 (default)
2022-06-08 04:47:37,829 [pool-11-thread-1] INFO  server.RaftServerConfigKeys (ConfUtils.java:logGet(46)) - raft.server.log.write.buffer.size = 64KB (=65536) (default)
2022-06-08 04:47:37,829 [pool-11-thread-1] INFO  server.RaftServerConfigKeys (ConfUtils.java:logGet(46)) - raft.server.log.unsafe-flush.enabled = false (default)
2022-06-08 04:47:37,829 [pool-11-thread-1] INFO  server.RaftServerConfigKeys (ConfUtils.java:logGet(46)) - raft.server.log.statemachine.data.caching.enabled = false (default)
2022-06-08 04:47:37,830 [pool-11-thread-1] INFO  segmented.SegmentedRaftLogWorker (SegmentedRaftLogWorker.java:lambda$new$0(135)) - s1@group-B9997C7BCCDC-SegmentedRaftLogWorker: flushIndex: setUnconditionally 0 -> -1
2022-06-08 04:47:37,830 [pool-11-thread-1] INFO  segmented.SegmentedRaftLogWorker (SegmentedRaftLogWorker.java:lambda$new$0(135)) - s1@group-B9997C7BCCDC-SegmentedRaftLogWorker: safeCacheEvictIndex: setUnconditionally 0 -> -1
2022-06-08 04:47:37,832 [pool-11-thread-1] INFO  server.RaftServerConfigKeys (ConfUtils.java:logGet(46)) - raft.server.snapshot.auto.trigger.enabled = false (default)
2022-06-08 04:47:37,832 [pool-11-thread-1] INFO  server.RaftServerConfigKeys (ConfUtils.java:logGet(46)) - raft.server.snapshot.retention.file.num = -1 (default)
2022-06-08 04:47:37,832 [pool-11-thread-1] INFO  server.RaftServerConfigKeys (ConfUtils.java:logGet(46)) - raft.server.log.purge.upto.snapshot.index = false (default)
2022-06-08 04:47:37,832 [pool-11-thread-1] INFO  server.RaftServerConfigKeys (ConfUtils.java:logGet(46)) - raft.server.retrycache.expirytime = 60s (default)
2022-06-08 04:47:37,832 [pool-11-thread-1] INFO  server.RaftServerConfigKeys (ConfUtils.java:logGet(46)) - raft.server.retrycache.statistics.expirytime = 100μs (default)
2022-06-08 04:47:37,833 [pool-11-thread-1] INFO  server.RaftServerConfigKeys (ConfUtils.java:logGet(46)) - raft.server.log.appender.install.snapshot.enabled = true (default)
2022-06-08 04:47:37,833 [pool-11-thread-1] INFO  server.RaftServerConfigKeys (ConfUtils.java:logGet(46)) - raft.server.threadpool.server.cached = true (default)
2022-06-08 04:47:37,833 [pool-11-thread-1] INFO  server.RaftServerConfigKeys (ConfUtils.java:logGet(46)) - raft.server.threadpool.server.size = 0 (default)
2022-06-08 04:47:37,833 [pool-11-thread-1] INFO  server.RaftServerConfigKeys (ConfUtils.java:logGet(46)) - raft.server.threadpool.client.cached = true (default)
2022-06-08 04:47:37,833 [pool-11-thread-1] INFO  server.RaftServerConfigKeys (ConfUtils.java:logGet(46)) - raft.server.threadpool.client.size = 0 (default)
2022-06-08 04:47:37,834 [pool-10-thread-1] INFO  server.RaftServerConfigKeys (ConfUtils.java:logGet(46)) - raft.server.log.write.buffer.size = 64KB (=65536) (default)
2022-06-08 04:47:37,837 [pool-10-thread-1] INFO  server.RaftServerConfigKeys (ConfUtils.java:logGet(46)) - raft.server.log.unsafe-flush.enabled = false (default)
2022-06-08 04:47:37,837 [pool-10-thread-1] INFO  server.RaftServerConfigKeys (ConfUtils.java:logGet(46)) - raft.server.log.statemachine.data.caching.enabled = false (default)
2022-06-08 04:47:37,837 [pool-10-thread-1] INFO  segmented.SegmentedRaftLogWorker (SegmentedRaftLogWorker.java:lambda$new$0(135)) - s0@group-B9997C7BCCDC-SegmentedRaftLogWorker: flushIndex: setUnconditionally 0 -> -1
2022-06-08 04:47:37,837 [pool-10-thread-1] INFO  segmented.SegmentedRaftLogWorker (SegmentedRaftLogWorker.java:lambda$new$0(135)) - s0@group-B9997C7BCCDC-SegmentedRaftLogWorker: safeCacheEvictIndex: setUnconditionally 0 -> -1
2022-06-08 04:47:37,837 [pool-12-thread-1] INFO  server.RaftServerConfigKeys (ConfUtils.java:logGet(46)) - raft.server.rpc.timeout.min = 150ms (default)
2022-06-08 04:47:37,837 [pool-12-thread-1] INFO  server.RaftServerConfigKeys (ConfUtils.java:logGet(46)) - raft.server.rpc.timeout.max = 300ms (default)
2022-06-08 04:47:37,837 [pool-12-thread-1] INFO  server.RaftServerConfigKeys (ConfUtils.java:logGet(46)) - raft.server.rpc.sleep.time = 25ms (default)
2022-06-08 04:47:37,838 [pool-12-thread-1] INFO  server.RaftServerConfigKeys (ConfUtils.java:logGet(46)) - raft.server.rpc.slowness.timeout = 60s (default)
2022-06-08 04:47:37,838 [pool-12-thread-1] INFO  server.RaftServerConfigKeys (ConfUtils.java:logGet(46)) - raft.server.leaderelection.leader.step-down.wait-time = 10s (default)
2022-06-08 04:47:37,838 [pool-12-thread-1] INFO  server.RaftServerConfigKeys (ConfUtils.java:logGet(46)) - raft.server.sleep.deviation.threshold = 300ms (default)
2022-06-08 04:47:37,838 [pool-12-thread-1] INFO  server.RaftServer$Division (ServerState.java:<init>(107)) - s2@group-B9997C7BCCDC: ConfigurationManager, init=-1: [s0|rpc:localhost:46099|admin:localhost:38707|client:localhost:45879|dataStream:localhost:39887|priority:0, s1|rpc:localhost:42541|admin:localhost:46417|client:localhost:40597|dataStream:localhost:39105|priority:0, s2|rpc:localhost:38605|admin:localhost:35039|client:localhost:44431|dataStream:localhost:41029|priority:0], old=null, confs=<EMPTY_MAP>
2022-06-08 04:47:37,838 [pool-12-thread-1] INFO  server.RaftServerConfigKeys (ConfUtils.java:logGet(46)) - raft.server.storage.dir = [/home/runner/work/ratis/ratis/ratis-test/target/test/data/9cd67e6b/MiniRaftClusterWithRpcTypeGrpcAndDataStreamTypeNetty31781df6/s2] (custom)
2022-06-08 04:47:37,838 [pool-12-thread-1] INFO  server.RaftServerConfigKeys (ConfUtils.java:logGet(46)) - raft.server.log.corruption.policy = EXCEPTION (default)
2022-06-08 04:47:37,838 [pool-12-thread-1] INFO  server.RaftServerConfigKeys (ConfUtils.java:logGet(46)) - raft.server.storage.free-space.min = 0MB (=0) (default)
2022-06-08 04:47:37,839 [pool-12-thread-1] INFO  storage.RaftStorageDirectory (RaftStorageDirectoryImpl.java:analyzeStorage(135)) - The storage directory /home/runner/work/ratis/ratis/ratis-test/target/test/data/9cd67e6b/MiniRaftClusterWithRpcTypeGrpcAndDataStreamTypeNetty31781df6/s2/f623a08e-ee50-4777-9fc0-b9997c7bccdc does not exist. Creating ...
2022-06-08 04:47:37,839 [pool-12-thread-1] TRACE util.FileUtils (LogUtils.java:runAndLog(49)) - Successfully ran Files.createDirectories /home/runner/work/ratis/ratis/ratis-test/target/test/data/9cd67e6b/MiniRaftClusterWithRpcTypeGrpcAndDataStreamTypeNetty31781df6/s2/f623a08e-ee50-4777-9fc0-b9997c7bccdc
2022-06-08 04:47:37,840 [pool-10-thread-1] INFO  server.RaftServerConfigKeys (ConfUtils.java:logGet(46)) - raft.server.snapshot.auto.trigger.enabled = false (default)
2022-06-08 04:47:37,840 [pool-10-thread-1] INFO  server.RaftServerConfigKeys (ConfUtils.java:logGet(46)) - raft.server.snapshot.retention.file.num = -1 (default)
2022-06-08 04:47:37,840 [pool-10-thread-1] INFO  server.RaftServerConfigKeys (ConfUtils.java:logGet(46)) - raft.server.log.purge.upto.snapshot.index = false (default)
2022-06-08 04:47:37,840 [pool-10-thread-1] INFO  server.RaftServerConfigKeys (ConfUtils.java:logGet(46)) - raft.server.retrycache.expirytime = 60s (default)
2022-06-08 04:47:37,840 [pool-10-thread-1] INFO  server.RaftServerConfigKeys (ConfUtils.java:logGet(46)) - raft.server.retrycache.statistics.expirytime = 100μs (default)
2022-06-08 04:47:37,840 [pool-10-thread-1] INFO  server.RaftServerConfigKeys (ConfUtils.java:logGet(46)) - raft.server.log.appender.install.snapshot.enabled = true (default)
2022-06-08 04:47:37,840 [pool-10-thread-1] INFO  server.RaftServerConfigKeys (ConfUtils.java:logGet(46)) - raft.server.threadpool.server.cached = true (default)
2022-06-08 04:47:37,841 [pool-10-thread-1] INFO  server.RaftServerConfigKeys (ConfUtils.java:logGet(46)) - raft.server.threadpool.server.size = 0 (default)
2022-06-08 04:47:37,841 [pool-10-thread-1] INFO  server.RaftServerConfigKeys (ConfUtils.java:logGet(46)) - raft.server.threadpool.client.cached = true (default)
2022-06-08 04:47:37,841 [pool-10-thread-1] INFO  server.RaftServerConfigKeys (ConfUtils.java:logGet(46)) - raft.server.threadpool.client.size = 0 (default)
2022-06-08 04:47:37,841 [s0-impl-thread1] INFO  server.RaftServer$Division (RaftServerImpl.java:start(310)) - s0@group-B9997C7BCCDC: start as a follower, conf=-1: [s0|rpc:localhost:46099|admin:localhost:38707|client:localhost:45879|dataStream:localhost:39887|priority:0, s1|rpc:localhost:42541|admin:localhost:46417|client:localhost:40597|dataStream:localhost:39105|priority:0, s2|rpc:localhost:38605|admin:localhost:35039|client:localhost:44431|dataStream:localhost:41029|priority:0], old=null
2022-06-08 04:47:37,841 [s0-impl-thread1] INFO  server.RaftServer$Division (RaftServerImpl.java:setRole(299)) - s0@group-B9997C7BCCDC: changes role from      null to FOLLOWER at term 0 for startAsFollower
2022-06-08 04:47:37,841 [s0-impl-thread1] INFO  impl.RoleInfo (RoleInfo.java:updateAndGet(139)) - s0: start s0@group-B9997C7BCCDC-FollowerState
2022-06-08 04:47:37,848 [s0-impl-thread1] INFO  util.JmxRegister (JmxRegister.java:tryRegister(44)) - Successfully registered JMX Bean with object name Ratis:service=RaftServer,group=group-B9997C7BCCDC,id=s0
2022-06-08 04:47:37,853 [Time-limited test] INFO  server.RaftServer (RaftServerProxy.java:lambda$start$6(382)) - s0: start RPC server
2022-06-08 04:47:37,853 [pool-12-thread-1] INFO  storage.RaftStorageDirectory (RaftStorageDirectoryImpl.java:tryLock(230)) - Lock on /home/runner/work/ratis/ratis/ratis-test/target/test/data/9cd67e6b/MiniRaftClusterWithRpcTypeGrpcAndDataStreamTypeNetty31781df6/s2/f623a08e-ee50-4777-9fc0-b9997c7bccdc/in_use.lock acquired by nodename 8392@fv-az162-741.zg2wxtnhc5zuxcwlwyajjwv2fa.dx.internal.cloudapp.net
2022-06-08 04:47:37,854 [pool-12-thread-1] TRACE util.FileUtils (LogUtils.java:runAndLog(49)) - Successfully ran Files.createDirectories /home/runner/work/ratis/ratis/ratis-test/target/test/data/9cd67e6b/MiniRaftClusterWithRpcTypeGrpcAndDataStreamTypeNetty31781df6/s2/f623a08e-ee50-4777-9fc0-b9997c7bccdc/current
2022-06-08 04:47:37,854 [pool-12-thread-1] TRACE util.FileUtils (LogUtils.java:runAndLog(49)) - Successfully ran Files.createDirectories /home/runner/work/ratis/ratis/ratis-test/target/test/data/9cd67e6b/MiniRaftClusterWithRpcTypeGrpcAndDataStreamTypeNetty31781df6/s2/f623a08e-ee50-4777-9fc0-b9997c7bccdc/sm
2022-06-08 04:47:37,859 [pool-12-thread-1] INFO  storage.RaftStorage (RaftStorageImpl.java:format(89)) - Storage directory /home/runner/work/ratis/ratis/ratis-test/target/test/data/9cd67e6b/MiniRaftClusterWithRpcTypeGrpcAndDataStreamTypeNetty31781df6/s2/f623a08e-ee50-4777-9fc0-b9997c7bccdc has been successfully formatted.
2022-06-08 04:47:37,860 [pool-12-thread-1] INFO  server.RaftServerConfigKeys (ConfUtils.java:logGet(46)) - raft.server.notification.no-leader.timeout = 60s (default)
2022-06-08 04:47:37,860 [Time-limited test] INFO  server.GrpcService (GrpcService.java:startImpl(260)) - s0: GrpcService started, listening on 46099
2022-06-08 04:47:37,861 [pool-12-thread-1] INFO  server.RaftServerConfigKeys (ConfUtils.java:logGet(46)) - raft.server.log.use.memory = false (default)
2022-06-08 04:47:37,863 [pool-12-thread-1] INFO  server.RaftServerConfigKeys (ConfUtils.java:logGet(46)) - raft.server.log.purge.gap = 1024 (default)
2022-06-08 04:47:37,863 [pool-12-thread-1] INFO  server.RaftServerConfigKeys (ConfUtils.java:logGet(46)) - raft.server.log.appender.buffer.byte-limit = 4MB (=4194304) (default)
2022-06-08 04:47:37,863 [pool-12-thread-1] INFO  server.RaftServerConfigKeys (ConfUtils.java:logGet(46)) - raft.server.log.statemachine.data.read.timeout = 1000ms (default)
2022-06-08 04:47:37,863 [pool-12-thread-1] INFO  server.RaftServerConfigKeys (ConfUtils.java:logGet(46)) - raft.server.log.segment.size.max = 8MB (=8388608) (default)
2022-06-08 04:47:37,863 [pool-12-thread-1] INFO  server.RaftServerConfigKeys (ConfUtils.java:logGet(46)) - raft.server.log.segment.cache.num.max = 6 (default)
2022-06-08 04:47:37,864 [pool-12-thread-1] INFO  server.RaftServerConfigKeys (ConfUtils.java:logGet(46)) - raft.server.log.segment.cache.size.max = 200MB (=209715200) (default)
2022-06-08 04:47:37,864 [pool-12-thread-1] INFO  segmented.SegmentedRaftLogWorker (SegmentedRaftLogWorker.java:<init>(187)) - new s2@group-B9997C7BCCDC-SegmentedRaftLogWorker for RaftStorageImpl:Storage Directory /home/runner/work/ratis/ratis/ratis-test/target/test/data/9cd67e6b/MiniRaftClusterWithRpcTypeGrpcAndDataStreamTypeNetty31781df6/s2/f623a08e-ee50-4777-9fc0-b9997c7bccdc
2022-06-08 04:47:37,864 [pool-12-thread-1] INFO  server.RaftServerConfigKeys (ConfUtils.java:logGet(46)) - raft.server.log.queue.byte-limit = 64MB (=67108864) (default)
2022-06-08 04:47:37,864 [pool-12-thread-1] INFO  server.RaftServerConfigKeys (ConfUtils.java:logGet(46)) - raft.server.log.queue.element-limit = 4096 (default)
2022-06-08 04:47:37,864 [pool-12-thread-1] INFO  server.RaftServerConfigKeys (ConfUtils.java:logGet(46)) - raft.server.log.segment.size.max = 8MB (=8388608) (default)
2022-06-08 04:47:37,864 [pool-12-thread-1] INFO  server.RaftServerConfigKeys (ConfUtils.java:logGet(46)) - raft.server.log.preallocated.size = 4MB (=4194304) (default)
2022-06-08 04:47:37,865 [Time-limited test] INFO  server.GrpcService (GrpcService.java:startImpl(260)) - s0: GrpcService started, listening on 38707
2022-06-08 04:47:37,868 [Time-limited test] INFO  server.GrpcService (GrpcService.java:startImpl(260)) - s0: GrpcService started, listening on 45879
2022-06-08 04:47:37,868 [pool-12-thread-1] INFO  server.RaftServerConfigKeys (ConfUtils.java:logGet(46)) - raft.server.log.force.sync.num = 128 (default)
2022-06-08 04:47:37,868 [pool-12-thread-1] INFO  server.RaftServerConfigKeys (ConfUtils.java:logGet(46)) - raft.server.log.statemachine.data.sync = true (default)
2022-06-08 04:47:37,868 [pool-12-thread-1] INFO  server.RaftServerConfigKeys (ConfUtils.java:logGet(46)) - raft.server.log.statemachine.data.sync.timeout = 10s (default)
2022-06-08 04:47:37,869 [pool-12-thread-1] INFO  server.RaftServerConfigKeys (ConfUtils.java:logGet(46)) - raft.server.log.statemachine.data.sync.timeout.retry = -1 (default)
2022-06-08 04:47:37,869 [s1-impl-thread1] INFO  server.RaftServer$Division (RaftServerImpl.java:start(310)) - s1@group-B9997C7BCCDC: start as a follower, conf=-1: [s0|rpc:localhost:46099|admin:localhost:38707|client:localhost:45879|dataStream:localhost:39887|priority:0, s1|rpc:localhost:42541|admin:localhost:46417|client:localhost:40597|dataStream:localhost:39105|priority:0, s2|rpc:localhost:38605|admin:localhost:35039|client:localhost:44431|dataStream:localhost:41029|priority:0], old=null
2022-06-08 04:47:37,869 [s1-impl-thread1] INFO  server.RaftServer$Division (RaftServerImpl.java:setRole(299)) - s1@group-B9997C7BCCDC: changes role from      null to FOLLOWER at term 0 for startAsFollower
2022-06-08 04:47:37,869 [s1-impl-thread1] INFO  impl.RoleInfo (RoleInfo.java:updateAndGet(139)) - s1: start s1@group-B9997C7BCCDC-FollowerState
2022-06-08 04:47:37,869 [org.apache.ratis.util.JvmPauseMonitor$$Lambda$271/850897423@2df13239] INFO  util.JvmPauseMonitor (JvmPauseMonitor.java:run(103)) - JvmPauseMonitor-s0: Started
2022-06-08 04:47:37,870 [s1-impl-thread1] INFO  util.JmxRegister (JmxRegister.java:tryRegister(44)) - Successfully registered JMX Bean with object name Ratis:service=RaftServer,group=group-B9997C7BCCDC,id=s1
2022-06-08 04:47:37,870 [pool-12-thread-1] INFO  server.RaftServerConfigKeys (ConfUtils.java:logGet(46)) - raft.server.log.write.buffer.size = 64KB (=65536) (default)
2022-06-08 04:47:37,870 [pool-12-thread-1] INFO  server.RaftServerConfigKeys (ConfUtils.java:logGet(46)) - raft.server.log.unsafe-flush.enabled = false (default)
2022-06-08 04:47:37,870 [pool-12-thread-1] INFO  server.RaftServerConfigKeys (ConfUtils.java:logGet(46)) - raft.server.log.statemachine.data.caching.enabled = false (default)
2022-06-08 04:47:37,871 [pool-12-thread-1] INFO  segmented.SegmentedRaftLogWorker (SegmentedRaftLogWorker.java:lambda$new$0(135)) - s2@group-B9997C7BCCDC-SegmentedRaftLogWorker: flushIndex: setUnconditionally 0 -> -1
2022-06-08 04:47:37,871 [pool-12-thread-1] INFO  segmented.SegmentedRaftLogWorker (SegmentedRaftLogWorker.java:lambda$new$0(135)) - s2@group-B9997C7BCCDC-SegmentedRaftLogWorker: safeCacheEvictIndex: setUnconditionally 0 -> -1
2022-06-08 04:47:37,871 [pool-12-thread-1] INFO  server.RaftServerConfigKeys (ConfUtils.java:logGet(46)) - raft.server.snapshot.auto.trigger.enabled = false (default)
2022-06-08 04:47:37,871 [pool-12-thread-1] INFO  server.RaftServerConfigKeys (ConfUtils.java:logGet(46)) - raft.server.snapshot.retention.file.num = -1 (default)
2022-06-08 04:47:37,871 [pool-12-thread-1] INFO  server.RaftServerConfigKeys (ConfUtils.java:logGet(46)) - raft.server.log.purge.upto.snapshot.index = false (default)
2022-06-08 04:47:37,871 [pool-12-thread-1] INFO  server.RaftServerConfigKeys (ConfUtils.java:logGet(46)) - raft.server.retrycache.expirytime = 60s (default)
2022-06-08 04:47:37,871 [pool-12-thread-1] INFO  server.RaftServerConfigKeys (ConfUtils.java:logGet(46)) - raft.server.retrycache.statistics.expirytime = 100μs (default)
2022-06-08 04:47:37,872 [pool-12-thread-1] INFO  server.RaftServerConfigKeys (ConfUtils.java:logGet(46)) - raft.server.log.appender.install.snapshot.enabled = true (default)
2022-06-08 04:47:37,872 [pool-12-thread-1] INFO  server.RaftServerConfigKeys (ConfUtils.java:logGet(46)) - raft.server.threadpool.server.cached = true (default)
2022-06-08 04:47:37,872 [pool-12-thread-1] INFO  server.RaftServerConfigKeys (ConfUtils.java:logGet(46)) - raft.server.threadpool.server.size = 0 (default)
2022-06-08 04:47:37,872 [pool-12-thread-1] INFO  server.RaftServerConfigKeys (ConfUtils.java:logGet(46)) - raft.server.threadpool.client.cached = true (default)
2022-06-08 04:47:37,872 [pool-12-thread-1] INFO  server.RaftServerConfigKeys (ConfUtils.java:logGet(46)) - raft.server.threadpool.client.size = 0 (default)
2022-06-08 04:47:37,874 [Time-limited test] INFO  server.RaftServer (RaftServerProxy.java:lambda$start$6(382)) - s1: start RPC server
2022-06-08 04:47:37,878 [Time-limited test] INFO  server.GrpcService (GrpcService.java:startImpl(260)) - s1: GrpcService started, listening on 42541
2022-06-08 04:47:37,885 [Time-limited test] INFO  server.GrpcService (GrpcService.java:startImpl(260)) - s1: GrpcService started, listening on 46417
2022-06-08 04:47:37,887 [Time-limited test] INFO  server.GrpcService (GrpcService.java:startImpl(260)) - s1: GrpcService started, listening on 40597
2022-06-08 04:47:37,891 [s2-impl-thread1] INFO  server.RaftServer$Division (RaftServerImpl.java:start(310)) - s2@group-B9997C7BCCDC: start as a follower, conf=-1: [s0|rpc:localhost:46099|admin:localhost:38707|client:localhost:45879|dataStream:localhost:39887|priority:0, s1|rpc:localhost:42541|admin:localhost:46417|client:localhost:40597|dataStream:localhost:39105|priority:0, s2|rpc:localhost:38605|admin:localhost:35039|client:localhost:44431|dataStream:localhost:41029|priority:0], old=null
2022-06-08 04:47:37,891 [s2-impl-thread1] INFO  server.RaftServer$Division (RaftServerImpl.java:setRole(299)) - s2@group-B9997C7BCCDC: changes role from      null to FOLLOWER at term 0 for startAsFollower
2022-06-08 04:47:37,891 [s2-impl-thread1] INFO  impl.RoleInfo (RoleInfo.java:updateAndGet(139)) - s2: start s2@group-B9997C7BCCDC-FollowerState
2022-06-08 04:47:37,891 [org.apache.ratis.util.JvmPauseMonitor$$Lambda$271/850897423@6bff1e48] INFO  util.JvmPauseMonitor (JvmPauseMonitor.java:run(103)) - JvmPauseMonitor-s1: Started
2022-06-08 04:47:37,892 [s2-impl-thread1] INFO  util.JmxRegister (JmxRegister.java:tryRegister(44)) - Successfully registered JMX Bean with object name Ratis:service=RaftServer,group=group-B9997C7BCCDC,id=s2
2022-06-08 04:47:37,893 [Time-limited test] INFO  server.RaftServer (RaftServerProxy.java:lambda$start$6(382)) - s2: start RPC server
2022-06-08 04:47:37,898 [Time-limited test] INFO  server.GrpcService (GrpcService.java:startImpl(260)) - s2: GrpcService started, listening on 38605
2022-06-08 04:47:37,900 [Time-limited test] INFO  server.GrpcService (GrpcService.java:startImpl(260)) - s2: GrpcService started, listening on 35039
2022-06-08 04:47:37,902 [Time-limited test] INFO  server.GrpcService (GrpcService.java:startImpl(260)) - s2: GrpcService started, listening on 44431
2022-06-08 04:47:37,903 [org.apache.ratis.util.JvmPauseMonitor$$Lambda$271/850897423@59cded5f] INFO  util.JvmPauseMonitor (JvmPauseMonitor.java:run(103)) - JvmPauseMonitor-s2: Started
2022-06-08 04:47:37,903 [Time-limited test] INFO  server.RaftServerConfigKeys (ConfUtils.java:logGet(46)) - raft.server.rpc.timeout.max = 300ms (default)
2022-06-08 04:47:37,903 [Time-limited test] INFO  ratis.RaftTestUtil (RaftTestUtil.java:waitForLeader(100)) - printing ALL groups
  s0:  RUNNING  FOLLOWER s0@group-B9997C7BCCDC:t0, leader=null, voted=, raftlog=s0@group-B9997C7BCCDC-SegmentedRaftLog:OPENED:c-1, conf=-1: [s0|rpc:localhost:46099|admin:localhost:38707|client:localhost:45879|dataStream:localhost:39887|priority:0, s1|rpc:localhost:42541|admin:localhost:46417|client:localhost:40597|dataStream:localhost:39105|priority:0, s2|rpc:localhost:38605|admin:localhost:35039|client:localhost:44431|dataStream:localhost:41029|priority:0], old=null RUNNING
  s1:  RUNNING  FOLLOWER s1@group-B9997C7BCCDC:t0, leader=null, voted=, raftlog=s1@group-B9997C7BCCDC-SegmentedRaftLog:OPENED:c-1, conf=-1: [s0|rpc:localhost:46099|admin:localhost:38707|client:localhost:45879|dataStream:localhost:39887|priority:0, s1|rpc:localhost:42541|admin:localhost:46417|client:localhost:40597|dataStream:localhost:39105|priority:0, s2|rpc:localhost:38605|admin:localhost:35039|client:localhost:44431|dataStream:localhost:41029|priority:0], old=null RUNNING
  s2:  RUNNING  FOLLOWER s2@group-B9997C7BCCDC:t0, leader=null, voted=, raftlog=s2@group-B9997C7BCCDC-SegmentedRaftLog:OPENED:c-1, conf=-1: [s0|rpc:localhost:46099|admin:localhost:38707|client:localhost:45879|dataStream:localhost:39887|priority:0, s1|rpc:localhost:42541|admin:localhost:46417|client:localhost:40597|dataStream:localhost:39105|priority:0, s2|rpc:localhost:38605|admin:localhost:35039|client:localhost:44431|dataStream:localhost:41029|priority:0], old=null RUNNING
2022-06-08 04:47:37,904 [Time-limited test] WARN  ratis.RaftTestUtil (JavaUtils.java:attempt(172)) - FAILED "waitForLeader-null-(expectLeader? true)", attempt #1/100: java.lang.IllegalStateException: No leader yet : printing ALL groups
  s0:  RUNNING  FOLLOWER s0@group-B9997C7BCCDC:t0, leader=null, voted=, raftlog=s0@group-B9997C7BCCDC-SegmentedRaftLog:OPENED:c-1, conf=-1: [s0|rpc:localhost:46099|admin:localhost:38707|client:localhost:45879|dataStream:localhost:39887|priority:0, s1|rpc:localhost:42541|admin:localhost:46417|client:localhost:40597|dataStream:localhost:39105|priority:0, s2|rpc:localhost:38605|admin:localhost:35039|client:localhost:44431|dataStream:localhost:41029|priority:0], old=null RUNNING
  s1:  RUNNING  FOLLOWER s1@group-B9997C7BCCDC:t0, leader=null, voted=, raftlog=s1@group-B9997C7BCCDC-SegmentedRaftLog:OPENED:c-1, conf=-1: [s0|rpc:localhost:46099|admin:localhost:38707|client:localhost:45879|dataStream:localhost:39887|priority:0, s1|rpc:localhost:42541|admin:localhost:46417|client:localhost:40597|dataStream:localhost:39105|priority:0, s2|rpc:localhost:38605|admin:localhost:35039|client:localhost:44431|dataStream:localhost:41029|priority:0], old=null RUNNING
  s2:  RUNNING  FOLLOWER s2@group-B9997C7BCCDC:t0, leader=null, voted=, raftlog=s2@group-B9997C7BCCDC-SegmentedRaftLog:OPENED:c-1, conf=-1: [s0|rpc:localhost:46099|admin:localhost:38707|client:localhost:45879|dataStream:localhost:39887|priority:0, s1|rpc:localhost:42541|admin:localhost:46417|client:localhost:40597|dataStream:localhost:39105|priority:0, s2|rpc:localhost:38605|admin:localhost:35039|client:localhost:44431|dataStream:localhost:41029|priority:0], old=null RUNNING, sleep 450ms and then retry.
java.lang.IllegalStateException: No leader yet : printing ALL groups
  s0:  RUNNING  FOLLOWER s0@group-B9997C7BCCDC:t0, leader=null, voted=, raftlog=s0@group-B9997C7BCCDC-SegmentedRaftLog:OPENED:c-1, conf=-1: [s0|rpc:localhost:46099|admin:localhost:38707|client:localhost:45879|dataStream:localhost:39887|priority:0, s1|rpc:localhost:42541|admin:localhost:46417|client:localhost:40597|dataStream:localhost:39105|priority:0, s2|rpc:localhost:38605|admin:localhost:35039|client:localhost:44431|dataStream:localhost:41029|priority:0], old=null RUNNING
  s1:  RUNNING  FOLLOWER s1@group-B9997C7BCCDC:t0, leader=null, voted=, raftlog=s1@group-B9997C7BCCDC-SegmentedRaftLog:OPENED:c-1, conf=-1: [s0|rpc:localhost:46099|admin:localhost:38707|client:localhost:45879|dataStream:localhost:39887|priority:0, s1|rpc:localhost:42541|admin:localhost:46417|client:localhost:40597|dataStream:localhost:39105|priority:0, s2|rpc:localhost:38605|admin:localhost:35039|client:localhost:44431|dataStream:localhost:41029|priority:0], old=null RUNNING
  s2:  RUNNING  FOLLOWER s2@group-B9997C7BCCDC:t0, leader=null, voted=, raftlog=s2@group-B9997C7BCCDC-SegmentedRaftLog:OPENED:c-1, conf=-1: [s0|rpc:localhost:46099|admin:localhost:38707|client:localhost:45879|dataStream:localhost:39887|priority:0, s1|rpc:localhost:42541|admin:localhost:46417|client:localhost:40597|dataStream:localhost:39105|priority:0, s2|rpc:localhost:38605|admin:localhost:35039|client:localhost:44431|dataStream:localhost:41029|priority:0], old=null RUNNING
	at org.apache.ratis.server.impl.MiniRaftCluster.newIllegalStateExceptionForNoLeaders(MiniRaftCluster.java:533)
	at org.apache.ratis.RaftTestUtil.lambda$waitForLeader$1(RaftTestUtil.java:104)
	at org.apache.ratis.server.impl.MiniRaftCluster.getLeader(MiniRaftCluster.java:567)
	at org.apache.ratis.server.impl.MiniRaftCluster.getLeader(MiniRaftCluster.java:560)
	at org.apache.ratis.RaftTestUtil.lambda$waitForLeader$3(RaftTestUtil.java:112)
	at org.apache.ratis.util.JavaUtils.attempt(JavaUtils.java:166)
	at org.apache.ratis.util.JavaUtils.attemptRepeatedly(JavaUtils.java:152)
	at org.apache.ratis.RaftTestUtil.waitForLeader(RaftTestUtil.java:111)
	at org.apache.ratis.RaftTestUtil.waitForLeader(RaftTestUtil.java:92)
	at org.apache.ratis.RaftTestUtil.waitForLeader(RaftTestUtil.java:87)
	at org.apache.ratis.datastream.DataStreamAsyncClusterTests.runTestDataStream(DataStreamAsyncClusterTests.java:90)
	at org.apache.ratis.datastream.DataStreamAsyncClusterTests.runTestDataStreamStepDownLeader(DataStreamAsyncClusterTests.java:82)
	at org.apache.ratis.server.impl.MiniRaftCluster$Factory$Get.runWithNewCluster(MiniRaftCluster.java:125)
	at org.apache.ratis.server.impl.MiniRaftCluster$Factory$Get.runWithNewCluster(MiniRaftCluster.java:113)
	at org.apache.ratis.datastream.DataStreamAsyncClusterTests.testMultipleStreamsMultipleServersStepDownLeader(DataStreamAsyncClusterTests.java:78)
	at sun.reflect.NativeMethodAccessorImpl.invoke0(Native Method)
	at sun.reflect.NativeMethodAccessorImpl.invoke(NativeMethodAccessorImpl.java:62)
	at sun.reflect.DelegatingMethodAccessorImpl.invoke(DelegatingMethodAccessorImpl.java:43)
	at java.lang.reflect.Method.invoke(Method.java:498)
	at org.junit.runners.model.FrameworkMethod$1.runReflectiveCall(FrameworkMethod.java:59)
	at org.junit.internal.runners.model.ReflectiveCallable.run(ReflectiveCallable.java:12)
	at org.junit.runners.model.FrameworkMethod.invokeExplosively(FrameworkMethod.java:56)
	at org.junit.internal.runners.statements.InvokeMethod.evaluate(InvokeMethod.java:17)
	at org.junit.internal.runners.statements.RunAfters.evaluate(RunAfters.java:27)
	at org.junit.internal.runners.statements.FailOnTimeout$CallableStatement.call(FailOnTimeout.java:299)
	at org.junit.internal.runners.statements.FailOnTimeout$CallableStatement.call(FailOnTimeout.java:293)
	at java.util.concurrent.FutureTask.run(FutureTask.java:266)
	at java.lang.Thread.run(Thread.java:750)
2022-06-08 04:47:38,020 [s0@group-B9997C7BCCDC-FollowerState] INFO  impl.FollowerState (FollowerState.java:run(143)) - s0@group-B9997C7BCCDC-FollowerState: change to CANDIDATE, lastRpcElapsedTime:178764088ns, electionTimeout:167ms
2022-06-08 04:47:38,021 [s0@group-B9997C7BCCDC-FollowerState] INFO  impl.RoleInfo (RoleInfo.java:shutdownFollowerState(110)) - s0: shutdown s0@group-B9997C7BCCDC-FollowerState
2022-06-08 04:47:38,022 [s0@group-B9997C7BCCDC-FollowerState] INFO  server.RaftServer$Division (RaftServerImpl.java:setRole(299)) - s0@group-B9997C7BCCDC: changes role from  FOLLOWER to CANDIDATE at term 0 for changeToCandidate
2022-06-08 04:47:38,022 [s0@group-B9997C7BCCDC-FollowerState] INFO  server.RaftServerConfigKeys (ConfUtils.java:logGet(46)) - raft.server.leaderelection.pre-vote = true (default)
2022-06-08 04:47:38,022 [s0@group-B9997C7BCCDC-FollowerState] INFO  impl.RoleInfo (RoleInfo.java:updateAndGet(139)) - s0: start s0@group-B9997C7BCCDC-LeaderElection3
2022-06-08 04:47:38,027 [s0@group-B9997C7BCCDC-LeaderElection3] INFO  impl.LeaderElection (LeaderElection.java:askForVotes(310)) - s0@group-B9997C7BCCDC-LeaderElection3 PRE_VOTE round 0: submit vote requests at term 0 for -1: [s0|rpc:localhost:46099|admin:localhost:38707|client:localhost:45879|dataStream:localhost:39887|priority:0, s1|rpc:localhost:42541|admin:localhost:46417|client:localhost:40597|dataStream:localhost:39105|priority:0, s2|rpc:localhost:38605|admin:localhost:35039|client:localhost:44431|dataStream:localhost:41029|priority:0], old=null
2022-06-08 04:47:38,039 [grpc-default-executor-3] INFO  server.RaftServer$Division (RaftServerImpl.java:requestVote(1152)) - s1@group-B9997C7BCCDC: receive requestVote(PRE_VOTE, s0, group-B9997C7BCCDC, 0, (t:0, i:0))
2022-06-08 04:47:38,040 [grpc-default-executor-3] INFO  impl.VoteContext (VoteContext.java:log(48)) - s1@group-B9997C7BCCDC-FOLLOWER: accept PRE_VOTE from s0: our priority 0 <= candidate's priority 0
2022-06-08 04:47:38,040 [grpc-default-executor-3] INFO  server.RaftServer$Division (RaftServerImpl.java:requestVote(1184)) - s1@group-B9997C7BCCDC replies to PRE_VOTE vote request: s0<-s1#0:OK-t0. Peer's state: s1@group-B9997C7BCCDC:t0, leader=null, voted=, raftlog=s1@group-B9997C7BCCDC-SegmentedRaftLog:OPENED:c-1, conf=-1: [s0|rpc:localhost:46099|admin:localhost:38707|client:localhost:45879|dataStream:localhost:39887|priority:0, s1|rpc:localhost:42541|admin:localhost:46417|client:localhost:40597|dataStream:localhost:39105|priority:0, s2|rpc:localhost:38605|admin:localhost:35039|client:localhost:44431|dataStream:localhost:41029|priority:0], old=null
2022-06-08 04:47:38,041 [s0@group-B9997C7BCCDC-LeaderElection3] INFO  impl.LeaderElection (LeaderElection.java:logAndReturn(90)) - s0@group-B9997C7BCCDC-LeaderElection3: PRE_VOTE PASSED received 1 response(s) and 0 exception(s):
2022-06-08 04:47:38,042 [s0@group-B9997C7BCCDC-LeaderElection3] INFO  impl.LeaderElection (LeaderElection.java:logAndReturn(94)) -   Response 0: s0<-s1#0:OK-t0
2022-06-08 04:47:38,042 [s0@group-B9997C7BCCDC-LeaderElection3] INFO  impl.LeaderElection (LeaderElection.java:askForVotes(312)) - s0@group-B9997C7BCCDC-LeaderElection3 PRE_VOTE round 0: result PASSED
2022-06-08 04:47:38,044 [s0@group-B9997C7BCCDC-LeaderElection3] INFO  impl.LeaderElection (LeaderElection.java:askForVotes(310)) - s0@group-B9997C7BCCDC-LeaderElection3 ELECTION round 0: submit vote requests at term 1 for -1: [s0|rpc:localhost:46099|admin:localhost:38707|client:localhost:45879|dataStream:localhost:39887|priority:0, s1|rpc:localhost:42541|admin:localhost:46417|client:localhost:40597|dataStream:localhost:39105|priority:0, s2|rpc:localhost:38605|admin:localhost:35039|client:localhost:44431|dataStream:localhost:41029|priority:0], old=null
2022-06-08 04:47:38,049 [grpc-default-executor-3] INFO  server.RaftServer$Division (RaftServerImpl.java:requestVote(1152)) - s2@group-B9997C7BCCDC: receive requestVote(PRE_VOTE, s0, group-B9997C7BCCDC, 0, (t:0, i:0))
2022-06-08 04:47:38,049 [grpc-default-executor-3] INFO  impl.VoteContext (VoteContext.java:log(48)) - s2@group-B9997C7BCCDC-FOLLOWER: accept PRE_VOTE from s0: our priority 0 <= candidate's priority 0
2022-06-08 04:47:38,049 [grpc-default-executor-3] INFO  server.RaftServer$Division (RaftServerImpl.java:requestVote(1184)) - s2@group-B9997C7BCCDC replies to PRE_VOTE vote request: s0<-s2#0:OK-t0. Peer's state: s2@group-B9997C7BCCDC:t0, leader=null, voted=, raftlog=s2@group-B9997C7BCCDC-SegmentedRaftLog:OPENED:c-1, conf=-1: [s0|rpc:localhost:46099|admin:localhost:38707|client:localhost:45879|dataStream:localhost:39887|priority:0, s1|rpc:localhost:42541|admin:localhost:46417|client:localhost:40597|dataStream:localhost:39105|priority:0, s2|rpc:localhost:38605|admin:localhost:35039|client:localhost:44431|dataStream:localhost:41029|priority:0], old=null
2022-06-08 04:47:38,058 [grpc-default-executor-3] INFO  server.RaftServer$Division (RaftServerImpl.java:requestVote(1152)) - s2@group-B9997C7BCCDC: receive requestVote(ELECTION, s0, group-B9997C7BCCDC, 1, (t:0, i:0))
2022-06-08 04:47:38,059 [grpc-default-executor-3] INFO  impl.VoteContext (VoteContext.java:log(48)) - s2@group-B9997C7BCCDC-FOLLOWER: accept ELECTION from s0: our priority 0 <= candidate's priority 0
2022-06-08 04:47:38,059 [grpc-default-executor-3] INFO  server.RaftServer$Division (RaftServerImpl.java:setRole(299)) - s2@group-B9997C7BCCDC: changes role from  FOLLOWER to FOLLOWER at term 1 for candidate:s0
2022-06-08 04:47:38,059 [grpc-default-executor-3] INFO  impl.RoleInfo (RoleInfo.java:shutdownFollowerState(110)) - s2: shutdown s2@group-B9997C7BCCDC-FollowerState
2022-06-08 04:47:38,059 [grpc-default-executor-3] INFO  impl.RoleInfo (RoleInfo.java:updateAndGet(139)) - s2: start s2@group-B9997C7BCCDC-FollowerState
2022-06-08 04:47:38,059 [s2@group-B9997C7BCCDC-FollowerState] INFO  impl.FollowerState (FollowerState.java:run(152)) - s2@group-B9997C7BCCDC-FollowerState was interrupted
2022-06-08 04:47:38,064 [grpc-default-executor-3] INFO  server.RaftServer$Division (RaftServerImpl.java:requestVote(1184)) - s2@group-B9997C7BCCDC replies to ELECTION vote request: s0<-s2#0:OK-t1. Peer's state: s2@group-B9997C7BCCDC:t1, leader=null, voted=s0, raftlog=s2@group-B9997C7BCCDC-SegmentedRaftLog:OPENED:c-1, conf=-1: [s0|rpc:localhost:46099|admin:localhost:38707|client:localhost:45879|dataStream:localhost:39887|priority:0, s1|rpc:localhost:42541|admin:localhost:46417|client:localhost:40597|dataStream:localhost:39105|priority:0, s2|rpc:localhost:38605|admin:localhost:35039|client:localhost:44431|dataStream:localhost:41029|priority:0], old=null
2022-06-08 04:47:38,065 [grpc-default-executor-3] INFO  server.RaftServer$Division (RaftServerImpl.java:requestVote(1152)) - s1@group-B9997C7BCCDC: receive requestVote(ELECTION, s0, group-B9997C7BCCDC, 1, (t:0, i:0))
2022-06-08 04:47:38,065 [grpc-default-executor-3] INFO  impl.VoteContext (VoteContext.java:log(48)) - s1@group-B9997C7BCCDC-FOLLOWER: accept ELECTION from s0: our priority 0 <= candidate's priority 0
2022-06-08 04:47:38,065 [grpc-default-executor-3] INFO  server.RaftServer$Division (RaftServerImpl.java:setRole(299)) - s1@group-B9997C7BCCDC: changes role from  FOLLOWER to FOLLOWER at term 1 for candidate:s0
2022-06-08 04:47:38,065 [grpc-default-executor-3] INFO  impl.RoleInfo (RoleInfo.java:shutdownFollowerState(110)) - s1: shutdown s1@group-B9997C7BCCDC-FollowerState
2022-06-08 04:47:38,066 [grpc-default-executor-3] INFO  impl.RoleInfo (RoleInfo.java:updateAndGet(139)) - s1: start s1@group-B9997C7BCCDC-FollowerState
2022-06-08 04:47:38,066 [s0@group-B9997C7BCCDC-LeaderElection3] INFO  impl.LeaderElection (LeaderElection.java:logAndReturn(90)) - s0@group-B9997C7BCCDC-LeaderElection3: ELECTION PASSED received 1 response(s) and 0 exception(s):
2022-06-08 04:47:38,073 [s0@group-B9997C7BCCDC-LeaderElection3] INFO  impl.LeaderElection (LeaderElection.java:logAndReturn(94)) -   Response 0: s0<-s2#0:OK-t1
2022-06-08 04:47:38,073 [s0@group-B9997C7BCCDC-LeaderElection3] INFO  impl.LeaderElection (LeaderElection.java:askForVotes(312)) - s0@group-B9997C7BCCDC-LeaderElection3 ELECTION round 0: result PASSED
2022-06-08 04:47:38,073 [s0@group-B9997C7BCCDC-LeaderElection3] INFO  impl.RoleInfo (RoleInfo.java:shutdownLeaderElection(130)) - s0: shutdown s0@group-B9997C7BCCDC-LeaderElection3
2022-06-08 04:47:38,075 [s0@group-B9997C7BCCDC-LeaderElection3] INFO  server.RaftServer$Division (RaftServerImpl.java:setRole(299)) - s0@group-B9997C7BCCDC: changes role from CANDIDATE to LEADER at term 1 for changeToLeader
2022-06-08 04:47:38,075 [s0@group-B9997C7BCCDC-LeaderElection3] INFO  server.RaftServer$Division (ServerState.java:setLeader(287)) - s0@group-B9997C7BCCDC: change Leader from null to s0 at term 1 for becomeLeader, leader elected after 268ms
2022-06-08 04:47:38,075 [s0@group-B9997C7BCCDC-LeaderElection3] INFO  server.RaftServerConfigKeys (ConfUtils.java:logGet(46)) - raft.server.staging.catchup.gap = 1000 (default)
2022-06-08 04:47:38,075 [s0@group-B9997C7BCCDC-LeaderElection3] INFO  server.RaftServerConfigKeys (ConfUtils.java:logGet(46)) - raft.server.write.element-limit = 4096 (default)
2022-06-08 04:47:38,075 [s0@group-B9997C7BCCDC-LeaderElection3] INFO  server.RaftServerConfigKeys (ConfUtils.java:logGet(46)) - raft.server.write.byte-limit = 64MB (=67108864) (default)
2022-06-08 04:47:38,075 [s0@group-B9997C7BCCDC-LeaderElection3] INFO  server.RaftServerConfigKeys (ConfUtils.java:logGet(46)) - raft.server.watch.timeout = 10s (default)
2022-06-08 04:47:38,075 [s0@group-B9997C7BCCDC-LeaderElection3] INFO  server.RaftServerConfigKeys (ConfUtils.java:logGet(46)) - raft.server.watch.timeout.denomination = 1s (default)
2022-06-08 04:47:38,075 [s0@group-B9997C7BCCDC-LeaderElection3] INFO  server.RaftServerConfigKeys (ConfUtils.java:logGet(46)) - raft.server.watch.element-limit = 65536 (default)
2022-06-08 04:47:38,066 [s1@group-B9997C7BCCDC-FollowerState] INFO  impl.FollowerState (FollowerState.java:run(152)) - s1@group-B9997C7BCCDC-FollowerState was interrupted
2022-06-08 04:47:38,076 [s0@group-B9997C7BCCDC-LeaderElection3] INFO  server.RaftServerConfigKeys (ConfUtils.java:logGet(46)) - raft.server.write.element-limit = 4096 (default)
2022-06-08 04:47:38,076 [s0@group-B9997C7BCCDC-LeaderElection3] INFO  server.RaftServerConfigKeys (ConfUtils.java:logGet(46)) - raft.server.write.follower.gap.ratio.max = -1.0 (default)
2022-06-08 04:47:38,078 [grpc-default-executor-3] INFO  server.RaftServer$Division (RaftServerImpl.java:requestVote(1184)) - s1@group-B9997C7BCCDC replies to ELECTION vote request: s0<-s1#0:OK-t1. Peer's state: s1@group-B9997C7BCCDC:t1, leader=null, voted=s0, raftlog=s1@group-B9997C7BCCDC-SegmentedRaftLog:OPENED:c-1, conf=-1: [s0|rpc:localhost:46099|admin:localhost:38707|client:localhost:45879|dataStream:localhost:39887|priority:0, s1|rpc:localhost:42541|admin:localhost:46417|client:localhost:40597|dataStream:localhost:39105|priority:0, s2|rpc:localhost:38605|admin:localhost:35039|client:localhost:44431|dataStream:localhost:41029|priority:0], old=null
2022-06-08 04:47:38,078 [s0@group-B9997C7BCCDC-LeaderElection3] INFO  server.RaftServerConfigKeys (ConfUtils.java:logGet(46)) - raft.server.log.appender.snapshot.chunk.size.max = 16MB (=16777216) (default)
2022-06-08 04:47:38,078 [s0@group-B9997C7BCCDC-LeaderElection3] INFO  server.RaftServerConfigKeys (ConfUtils.java:logGet(46)) - raft.server.log.appender.buffer.byte-limit = 4MB (=4194304) (default)
2022-06-08 04:47:38,078 [s0@group-B9997C7BCCDC-LeaderElection3] INFO  server.RaftServerConfigKeys (ConfUtils.java:logGet(46)) - raft.server.log.appender.buffer.element-limit = 0 (default)
2022-06-08 04:47:38,078 [s0@group-B9997C7BCCDC-LeaderElection3] INFO  grpc.GrpcConfigKeys (ConfUtils.java:logGet(46)) - raft.grpc.server.leader.outstanding.appends.max = 128 (default)
2022-06-08 04:47:38,079 [s0@group-B9997C7BCCDC-LeaderElection3] INFO  server.RaftServerConfigKeys (ConfUtils.java:logGet(46)) - raft.server.rpc.request.timeout = 3000ms (default)
2022-06-08 04:47:38,079 [s0@group-B9997C7BCCDC-LeaderElection3] INFO  server.RaftServerConfigKeys (ConfUtils.java:logGet(46)) - raft.server.log.appender.install.snapshot.enabled = true (default)
2022-06-08 04:47:38,081 [s0@group-B9997C7BCCDC-LeaderElection3] INFO  server.RaftServerConfigKeys (ConfUtils.java:logGet(46)) - raft.server.log.appender.snapshot.chunk.size.max = 16MB (=16777216) (default)
2022-06-08 04:47:38,081 [s0@group-B9997C7BCCDC-LeaderElection3] INFO  server.RaftServerConfigKeys (ConfUtils.java:logGet(46)) - raft.server.log.appender.buffer.byte-limit = 4MB (=4194304) (default)
2022-06-08 04:47:38,081 [s0@group-B9997C7BCCDC-LeaderElection3] INFO  server.RaftServerConfigKeys (ConfUtils.java:logGet(46)) - raft.server.log.appender.buffer.element-limit = 0 (default)
2022-06-08 04:47:38,082 [s0@group-B9997C7BCCDC-LeaderElection3] INFO  grpc.GrpcConfigKeys (ConfUtils.java:logGet(46)) - raft.grpc.server.leader.outstanding.appends.max = 128 (default)
2022-06-08 04:47:38,082 [s0@group-B9997C7BCCDC-LeaderElection3] INFO  server.RaftServerConfigKeys (ConfUtils.java:logGet(46)) - raft.server.rpc.request.timeout = 3000ms (default)
2022-06-08 04:47:38,083 [s0@group-B9997C7BCCDC-LeaderElection3] INFO  server.RaftServerConfigKeys (ConfUtils.java:logGet(46)) - raft.server.log.appender.install.snapshot.enabled = true (default)
2022-06-08 04:47:38,083 [s0@group-B9997C7BCCDC-LeaderElection3] INFO  impl.RoleInfo (RoleInfo.java:updateAndGet(139)) - s0: start s0@group-B9997C7BCCDC-LeaderStateImpl
2022-06-08 04:47:38,083 [s0@group-B9997C7BCCDC-LeaderElection3] INFO  segmented.SegmentedRaftLogWorker (SegmentedRaftLogWorker.java:startLogSegment(425)) - s0@group-B9997C7BCCDC-SegmentedRaftLogWorker: Starting segment from index:0
2022-06-08 04:47:38,097 [s0@group-B9997C7BCCDC-LeaderElection3] INFO  server.RaftServer$Division (ServerState.java:setRaftConf(393)) - s0@group-B9997C7BCCDC: set configuration 0: [s0|rpc:localhost:46099|admin:localhost:38707|client:localhost:45879|dataStream:localhost:39887|priority:0, s1|rpc:localhost:42541|admin:localhost:46417|client:localhost:40597|dataStream:localhost:39105|priority:0, s2|rpc:localhost:38605|admin:localhost:35039|client:localhost:44431|dataStream:localhost:41029|priority:0], old=null
2022-06-08 04:47:38,100 [s0@group-B9997C7BCCDC-SegmentedRaftLogWorker] INFO  segmented.SegmentedRaftLogWorker (SegmentedRaftLogWorker.java:execute(629)) - s0@group-B9997C7BCCDC-SegmentedRaftLogWorker: created new log segment /home/runner/work/ratis/ratis/ratis-test/target/test/data/9cd67e6b/MiniRaftClusterWithRpcTypeGrpcAndDataStreamTypeNetty31781df6/s0/f623a08e-ee50-4777-9fc0-b9997c7bccdc/current/log_inprogress_0
2022-06-08 04:47:38,107 [s1-server-thread1] INFO  server.RaftServer$Division (ServerState.java:setLeader(287)) - s1@group-B9997C7BCCDC: change Leader from null to s0 at term 1 for appendEntries, leader elected after 280ms
2022-06-08 04:47:38,109 [s1-server-thread1] INFO  server.RaftServer$Division (ServerState.java:setRaftConf(393)) - s1@group-B9997C7BCCDC: set configuration 0: [s0|rpc:localhost:46099|admin:localhost:38707|client:localhost:45879|dataStream:localhost:39887|priority:0, s1|rpc:localhost:42541|admin:localhost:46417|client:localhost:40597|dataStream:localhost:39105|priority:0, s2|rpc:localhost:38605|admin:localhost:35039|client:localhost:44431|dataStream:localhost:41029|priority:0], old=null
2022-06-08 04:47:38,109 [s1-server-thread1] INFO  segmented.SegmentedRaftLogWorker (SegmentedRaftLogWorker.java:startLogSegment(425)) - s1@group-B9997C7BCCDC-SegmentedRaftLogWorker: Starting segment from index:0
2022-06-08 04:47:38,124 [s1@group-B9997C7BCCDC-SegmentedRaftLogWorker] INFO  segmented.SegmentedRaftLogWorker (SegmentedRaftLogWorker.java:execute(629)) - s1@group-B9997C7BCCDC-SegmentedRaftLogWorker: created new log segment /home/runner/work/ratis/ratis/ratis-test/target/test/data/9cd67e6b/MiniRaftClusterWithRpcTypeGrpcAndDataStreamTypeNetty31781df6/s1/f623a08e-ee50-4777-9fc0-b9997c7bccdc/current/log_inprogress_0
2022-06-08 04:47:38,128 [s2-server-thread1] INFO  server.RaftServer$Division (ServerState.java:setLeader(287)) - s2@group-B9997C7BCCDC: change Leader from null to s0 at term 1 for appendEntries, leader elected after 268ms
2022-06-08 04:47:38,133 [s2-server-thread1] INFO  server.RaftServer$Division (ServerState.java:setRaftConf(393)) - s2@group-B9997C7BCCDC: set configuration 0: [s0|rpc:localhost:46099|admin:localhost:38707|client:localhost:45879|dataStream:localhost:39887|priority:0, s1|rpc:localhost:42541|admin:localhost:46417|client:localhost:40597|dataStream:localhost:39105|priority:0, s2|rpc:localhost:38605|admin:localhost:35039|client:localhost:44431|dataStream:localhost:41029|priority:0], old=null
2022-06-08 04:47:38,134 [s2-server-thread1] INFO  segmented.SegmentedRaftLogWorker (SegmentedRaftLogWorker.java:startLogSegment(425)) - s2@group-B9997C7BCCDC-SegmentedRaftLogWorker: Starting segment from index:0
2022-06-08 04:47:38,152 [s2@group-B9997C7BCCDC-SegmentedRaftLogWorker] INFO  segmented.SegmentedRaftLogWorker (SegmentedRaftLogWorker.java:execute(629)) - s2@group-B9997C7BCCDC-SegmentedRaftLogWorker: created new log segment /home/runner/work/ratis/ratis/ratis-test/target/test/data/9cd67e6b/MiniRaftClusterWithRpcTypeGrpcAndDataStreamTypeNetty31781df6/s2/f623a08e-ee50-4777-9fc0-b9997c7bccdc/current/log_inprogress_0
2022-06-08 04:47:38,355 [Time-limited test] INFO  ratis.RaftTestUtil (RaftTestUtil.java:waitForLeader(119)) - printing ALL groups
  s0:  RUNNING    LEADER s0@group-B9997C7BCCDC:t1, leader=s0, voted=s0, raftlog=s0@group-B9997C7BCCDC-SegmentedRaftLog:OPENED:c0, conf=0: [s0|rpc:localhost:46099|admin:localhost:38707|client:localhost:45879|dataStream:localhost:39887|priority:0, s1|rpc:localhost:42541|admin:localhost:46417|client:localhost:40597|dataStream:localhost:39105|priority:0, s2|rpc:localhost:38605|admin:localhost:35039|client:localhost:44431|dataStream:localhost:41029|priority:0], old=null RUNNING
  s1:  RUNNING  FOLLOWER s1@group-B9997C7BCCDC:t1, leader=s0, voted=s0, raftlog=s1@group-B9997C7BCCDC-SegmentedRaftLog:OPENED:c0, conf=0: [s0|rpc:localhost:46099|admin:localhost:38707|client:localhost:45879|dataStream:localhost:39887|priority:0, s1|rpc:localhost:42541|admin:localhost:46417|client:localhost:40597|dataStream:localhost:39105|priority:0, s2|rpc:localhost:38605|admin:localhost:35039|client:localhost:44431|dataStream:localhost:41029|priority:0], old=null RUNNING
  s2:  RUNNING  FOLLOWER s2@group-B9997C7BCCDC:t1, leader=s0, voted=s0, raftlog=s2@group-B9997C7BCCDC-SegmentedRaftLog:OPENED:c0, conf=0: [s0|rpc:localhost:46099|admin:localhost:38707|client:localhost:45879|dataStream:localhost:39887|priority:0, s1|rpc:localhost:42541|admin:localhost:46417|client:localhost:40597|dataStream:localhost:39105|priority:0, s2|rpc:localhost:38605|admin:localhost:35039|client:localhost:44431|dataStream:localhost:41029|priority:0], old=null RUNNING
2022-06-08 04:47:38,371 [pool-9-thread-6] INFO  client.DataStreamClient (ConfUtils.java:logGet(46)) - raft.datastream.type = NETTY (custom)
2022-06-08 04:47:38,371 [pool-9-thread-6] INFO  netty.NettyConfigKeys$DataStream (ConfUtils.java:logGet(46)) - raft.netty.dataStream.client.tls.conf = null (default)
2022-06-08 04:47:38,371 [pool-9-thread-6] INFO  netty.NettyConfigKeys$DataStream (ConfUtils.java:logGet(46)) - raft.netty.dataStream.client.reply.queue.grace-period = 1s (default)
2022-06-08 04:47:38,372 [pool-9-thread-6] INFO  netty.NettyConfigKeys$DataStream (ConfUtils.java:logGet(46)) - raft.netty.dataStream.client.worker-group.share = false (default)
2022-06-08 04:47:38,372 [pool-9-thread-6] INFO  netty.NettyConfigKeys$DataStream (ConfUtils.java:logGet(46)) - raft.netty.dataStream.client.worker-group.size = 4 (default)
2022-06-08 04:47:38,372 [pool-9-thread-7] INFO  client.DataStreamClient (ConfUtils.java:logGet(46)) - raft.datastream.type = NETTY (custom)
2022-06-08 04:47:38,371 [pool-9-thread-4] INFO  client.DataStreamClient (ConfUtils.java:logGet(46)) - raft.datastream.type = NETTY (custom)
2022-06-08 04:47:38,409 [pool-9-thread-4] INFO  netty.NettyConfigKeys$DataStream (ConfUtils.java:logGet(46)) - raft.netty.dataStream.client.tls.conf = null (default)
2022-06-08 04:47:38,410 [pool-9-thread-4] INFO  netty.NettyConfigKeys$DataStream (ConfUtils.java:logGet(46)) - raft.netty.dataStream.client.reply.queue.grace-period = 1s (default)
2022-06-08 04:47:38,409 [pool-9-thread-7] INFO  netty.NettyConfigKeys$DataStream (ConfUtils.java:logGet(46)) - raft.netty.dataStream.client.tls.conf = null (default)
2022-06-08 04:47:38,410 [pool-9-thread-7] INFO  netty.NettyConfigKeys$DataStream (ConfUtils.java:logGet(46)) - raft.netty.dataStream.client.reply.queue.grace-period = 1s (default)
2022-06-08 04:47:38,410 [pool-9-thread-7] INFO  netty.NettyConfigKeys$DataStream (ConfUtils.java:logGet(46)) - raft.netty.dataStream.client.worker-group.share = false (default)
2022-06-08 04:47:38,410 [pool-9-thread-7] INFO  netty.NettyConfigKeys$DataStream (ConfUtils.java:logGet(46)) - raft.netty.dataStream.client.worker-group.size = 4 (default)
2022-06-08 04:47:38,409 [pool-9-thread-8] INFO  client.DataStreamClient (ConfUtils.java:logGet(46)) - raft.datastream.type = NETTY (custom)
2022-06-08 04:47:38,392 [pool-9-thread-10] INFO  datastream.DataStreamTestUtils (DataStreamTestUtils.java:writeAndCloseAndAssertReplies(311)) - start Stream366
2022-06-08 04:47:38,377 [pool-9-thread-5] INFO  client.DataStreamClient (ConfUtils.java:logGet(46)) - raft.datastream.type = NETTY (custom)
2022-06-08 04:47:38,411 [pool-9-thread-5] INFO  netty.NettyConfigKeys$DataStream (ConfUtils.java:logGet(46)) - raft.netty.dataStream.client.tls.conf = null (default)
2022-06-08 04:47:38,411 [pool-9-thread-5] INFO  netty.NettyConfigKeys$DataStream (ConfUtils.java:logGet(46)) - raft.netty.dataStream.client.reply.queue.grace-period = 1s (default)
2022-06-08 04:47:38,411 [pool-9-thread-5] INFO  netty.NettyConfigKeys$DataStream (ConfUtils.java:logGet(46)) - raft.netty.dataStream.client.worker-group.share = false (default)
2022-06-08 04:47:38,411 [pool-9-thread-5] INFO  netty.NettyConfigKeys$DataStream (ConfUtils.java:logGet(46)) - raft.netty.dataStream.client.worker-group.size = 4 (default)
2022-06-08 04:47:38,377 [pool-9-thread-9] INFO  client.DataStreamClient (ConfUtils.java:logGet(46)) - raft.datastream.type = NETTY (custom)
2022-06-08 04:47:38,412 [pool-9-thread-9] INFO  netty.NettyConfigKeys$DataStream (ConfUtils.java:logGet(46)) - raft.netty.dataStream.client.tls.conf = null (default)
2022-06-08 04:47:38,412 [pool-9-thread-9] INFO  netty.NettyConfigKeys$DataStream (ConfUtils.java:logGet(46)) - raft.netty.dataStream.client.reply.queue.grace-period = 1s (default)
2022-06-08 04:47:38,412 [pool-9-thread-9] INFO  netty.NettyConfigKeys$DataStream (ConfUtils.java:logGet(46)) - raft.netty.dataStream.client.worker-group.share = false (default)
2022-06-08 04:47:38,412 [pool-9-thread-9] INFO  netty.NettyConfigKeys$DataStream (ConfUtils.java:logGet(46)) - raft.netty.dataStream.client.worker-group.size = 4 (default)
2022-06-08 04:47:38,377 [pool-9-thread-3] INFO  client.DataStreamClient (ConfUtils.java:logGet(46)) - raft.datastream.type = NETTY (custom)
2022-06-08 04:47:38,413 [pool-9-thread-3] INFO  netty.NettyConfigKeys$DataStream (ConfUtils.java:logGet(46)) - raft.netty.dataStream.client.tls.conf = null (default)
2022-06-08 04:47:38,413 [pool-9-thread-3] INFO  netty.NettyConfigKeys$DataStream (ConfUtils.java:logGet(46)) - raft.netty.dataStream.client.reply.queue.grace-period = 1s (default)
2022-06-08 04:47:38,413 [pool-9-thread-3] INFO  netty.NettyConfigKeys$DataStream (ConfUtils.java:logGet(46)) - raft.netty.dataStream.client.worker-group.share = false (default)
2022-06-08 04:47:38,413 [pool-9-thread-3] INFO  netty.NettyConfigKeys$DataStream (ConfUtils.java:logGet(46)) - raft.netty.dataStream.client.worker-group.size = 4 (default)
2022-06-08 04:47:38,374 [s0-NettyServerStreamRpc-bossGroup--thread1] INFO  logging.LoggingHandler (AbstractInternalLogger.java:log(148)) - [id: 0xc13fe19a, L:/0.0.0.0:39887] READ: [id: 0x7f4026b3, L:/127.0.0.1:39887 - R:/127.0.0.1:54978]
2022-06-08 04:47:38,411 [pool-9-thread-8] INFO  netty.NettyConfigKeys$DataStream (ConfUtils.java:logGet(46)) - raft.netty.dataStream.client.tls.conf = null (default)
2022-06-08 04:47:38,410 [pool-9-thread-4] INFO  netty.NettyConfigKeys$DataStream (ConfUtils.java:logGet(46)) - raft.netty.dataStream.client.worker-group.share = false (default)
2022-06-08 04:47:38,414 [pool-9-thread-8] INFO  netty.NettyConfigKeys$DataStream (ConfUtils.java:logGet(46)) - raft.netty.dataStream.client.reply.queue.grace-period = 1s (default)
2022-06-08 04:47:38,414 [pool-9-thread-4] INFO  netty.NettyConfigKeys$DataStream (ConfUtils.java:logGet(46)) - raft.netty.dataStream.client.worker-group.size = 4 (default)
2022-06-08 04:47:38,414 [pool-9-thread-8] INFO  netty.NettyConfigKeys$DataStream (ConfUtils.java:logGet(46)) - raft.netty.dataStream.client.worker-group.share = false (default)
2022-06-08 04:47:38,414 [pool-9-thread-8] INFO  netty.NettyConfigKeys$DataStream (ConfUtils.java:logGet(46)) - raft.netty.dataStream.client.worker-group.size = 4 (default)
2022-06-08 04:47:38,420 [s1-NettyServerStreamRpc-bossGroup--thread1] INFO  logging.LoggingHandler (AbstractInternalLogger.java:log(148)) - [id: 0x56dc9c03, L:/0.0.0.0:39105] READ: [id: 0xa0a9abf2, L:/127.0.0.1:39105 - R:/127.0.0.1:42354]
2022-06-08 04:47:38,426 [s1-NettyServerStreamRpc-bossGroup--thread1] INFO  logging.LoggingHandler (AbstractInternalLogger.java:log(148)) - [id: 0x56dc9c03, L:/0.0.0.0:39105] READ COMPLETE
2022-06-08 04:47:38,427 [s1-NettyServerStreamRpc-workerGroup--thread1] INFO  client.DataStreamClient (ConfUtils.java:logGet(46)) - raft.datastream.type = NETTY (custom)
2022-06-08 04:47:38,427 [s1-NettyServerStreamRpc-workerGroup--thread1] INFO  netty.NettyConfigKeys$DataStream (ConfUtils.java:logGet(46)) - raft.netty.dataStream.client.tls.conf = null (default)
2022-06-08 04:47:38,427 [s1-NettyServerStreamRpc-workerGroup--thread1] INFO  netty.NettyConfigKeys$DataStream (ConfUtils.java:logGet(46)) - raft.netty.dataStream.client.reply.queue.grace-period = 1s (default)
2022-06-08 04:47:38,428 [s1-NettyServerStreamRpc-workerGroup--thread1] INFO  netty.NettyConfigKeys$DataStream (ConfUtils.java:logGet(46)) - raft.netty.dataStream.client.worker-group.share = false (default)
2022-06-08 04:47:38,428 [s1-NettyServerStreamRpc-workerGroup--thread1] INFO  netty.NettyConfigKeys$DataStream (ConfUtils.java:logGet(46)) - raft.netty.dataStream.client.worker-group.size = 4 (default)
2022-06-08 04:47:38,431 [pool-9-thread-11] INFO  datastream.DataStreamTestUtils (DataStreamTestUtils.java:writeAndCloseAndAssertReplies(311)) - start Stream367
2022-06-08 04:47:38,436 [pool-9-thread-12] INFO  datastream.DataStreamTestUtils (DataStreamTestUtils.java:writeAndCloseAndAssertReplies(311)) - start Stream368
2022-06-08 04:47:38,451 [pool-9-thread-14] INFO  datastream.DataStreamTestUtils (DataStreamTestUtils.java:writeAndCloseAndAssertReplies(311)) - start Stream370
2022-06-08 04:47:38,459 [pool-9-thread-15] INFO  datastream.DataStreamTestUtils (DataStreamTestUtils.java:writeAndCloseAndAssertReplies(311)) - start Stream371
2022-06-08 04:47:38,470 [pool-9-thread-16] INFO  datastream.DataStreamTestUtils (DataStreamTestUtils.java:writeAndCloseAndAssertReplies(311)) - start Stream372
2022-06-08 04:47:38,480 [s2-NettyServerStreamRpc-bossGroup--thread1] INFO  logging.LoggingHandler (AbstractInternalLogger.java:log(148)) - [id: 0x62228788, L:/0.0.0.0:41029] READ: [id: 0x887ef7d2, L:/127.0.0.1:41029 - R:/127.0.0.1:45780]
2022-06-08 04:47:38,487 [s0-NettyServerStreamRpc-bossGroup--thread1] INFO  logging.LoggingHandler (AbstractInternalLogger.java:log(148)) - [id: 0xc13fe19a, L:/0.0.0.0:39887] READ COMPLETE
2022-06-08 04:47:38,489 [s0-NettyServerStreamRpc-workerGroup--thread1] INFO  client.DataStreamClient (ConfUtils.java:logGet(46)) - raft.datastream.type = NETTY (custom)
2022-06-08 04:47:38,490 [s0-NettyServerStreamRpc-workerGroup--thread1] INFO  netty.NettyConfigKeys$DataStream (ConfUtils.java:logGet(46)) - raft.netty.dataStream.client.tls.conf = null (default)
2022-06-08 04:47:38,490 [s0-NettyServerStreamRpc-workerGroup--thread1] INFO  netty.NettyConfigKeys$DataStream (ConfUtils.java:logGet(46)) - raft.netty.dataStream.client.reply.queue.grace-period = 1s (default)
2022-06-08 04:47:38,491 [s0-NettyServerStreamRpc-workerGroup--thread1] INFO  netty.NettyConfigKeys$DataStream (ConfUtils.java:logGet(46)) - raft.netty.dataStream.client.worker-group.share = false (default)
2022-06-08 04:47:38,491 [s0-NettyServerStreamRpc-workerGroup--thread1] INFO  netty.NettyConfigKeys$DataStream (ConfUtils.java:logGet(46)) - raft.netty.dataStream.client.worker-group.size = 4 (default)
2022-06-08 04:47:38,518 [s0-NettyServerStreamRpc-bossGroup--thread1] INFO  logging.LoggingHandler (AbstractInternalLogger.java:log(148)) - [id: 0xc13fe19a, L:/0.0.0.0:39887] READ: [id: 0x1e4f80f6, L:/127.0.0.1:39887 - R:/127.0.0.1:54990]
2022-06-08 04:47:38,523 [s1-NettyServerStreamRpc-bossGroup--thread1] INFO  logging.LoggingHandler (AbstractInternalLogger.java:log(148)) - [id: 0x56dc9c03, L:/0.0.0.0:39105] READ: [id: 0xfd53510e, L:/127.0.0.1:39105 - R:/127.0.0.1:42366]
2022-06-08 04:47:38,529 [s2-NettyServerStreamRpc-bossGroup--thread1] INFO  logging.LoggingHandler (AbstractInternalLogger.java:log(148)) - [id: 0x62228788, L:/0.0.0.0:41029] READ COMPLETE
2022-06-08 04:47:38,529 [s2-NettyServerStreamRpc-bossGroup--thread1] INFO  logging.LoggingHandler (AbstractInternalLogger.java:log(148)) - [id: 0x62228788, L:/0.0.0.0:41029] READ: [id: 0xbb906a4e, L:/127.0.0.1:41029 - R:/127.0.0.1:45782]
2022-06-08 04:47:38,532 [s2-NettyServerStreamRpc-workerGroup--thread1] INFO  client.DataStreamClient (ConfUtils.java:logGet(46)) - raft.datastream.type = NETTY (custom)
2022-06-08 04:47:38,532 [s2-NettyServerStreamRpc-workerGroup--thread1] INFO  netty.NettyConfigKeys$DataStream (ConfUtils.java:logGet(46)) - raft.netty.dataStream.client.tls.conf = null (default)
2022-06-08 04:47:38,532 [s2-NettyServerStreamRpc-workerGroup--thread1] INFO  netty.NettyConfigKeys$DataStream (ConfUtils.java:logGet(46)) - raft.netty.dataStream.client.reply.queue.grace-period = 1s (default)
2022-06-08 04:47:38,532 [s2-NettyServerStreamRpc-workerGroup--thread1] INFO  netty.NettyConfigKeys$DataStream (ConfUtils.java:logGet(46)) - raft.netty.dataStream.client.worker-group.share = false (default)
2022-06-08 04:47:38,532 [s2-NettyServerStreamRpc-workerGroup--thread1] INFO  netty.NettyConfigKeys$DataStream (ConfUtils.java:logGet(46)) - raft.netty.dataStream.client.worker-group.size = 4 (default)
2022-06-08 04:47:38,540 [pool-9-thread-13] INFO  datastream.DataStreamTestUtils (DataStreamTestUtils.java:writeAndCloseAndAssertReplies(311)) - start Stream369
2022-06-08 04:47:38,560 [s2-NettyServerStreamRpc-bossGroup--thread1] INFO  logging.LoggingHandler (AbstractInternalLogger.java:log(148)) - [id: 0x62228788, L:/0.0.0.0:41029] READ: [id: 0xf2e2967f, L:/127.0.0.1:41029 - R:/127.0.0.1:45784]
2022-06-08 04:47:38,562 [s2-NettyServerStreamRpc-workerGroup--thread2] INFO  client.DataStreamClient (ConfUtils.java:logGet(46)) - raft.datastream.type = NETTY (custom)
2022-06-08 04:47:38,562 [s2-NettyServerStreamRpc-bossGroup--thread1] INFO  logging.LoggingHandler (AbstractInternalLogger.java:log(148)) - [id: 0x62228788, L:/0.0.0.0:41029] READ: [id: 0x00906f7f, L:/127.0.0.1:41029 - R:/127.0.0.1:45786]
2022-06-08 04:47:38,563 [s2-NettyServerStreamRpc-workerGroup--thread2] INFO  netty.NettyConfigKeys$DataStream (ConfUtils.java:logGet(46)) - raft.netty.dataStream.client.tls.conf = null (default)
2022-06-08 04:47:38,563 [s2-NettyServerStreamRpc-workerGroup--thread2] INFO  netty.NettyConfigKeys$DataStream (ConfUtils.java:logGet(46)) - raft.netty.dataStream.client.reply.queue.grace-period = 1s (default)
2022-06-08 04:47:38,563 [s2-NettyServerStreamRpc-workerGroup--thread2] INFO  netty.NettyConfigKeys$DataStream (ConfUtils.java:logGet(46)) - raft.netty.dataStream.client.worker-group.share = false (default)
2022-06-08 04:47:38,563 [s2-NettyServerStreamRpc-workerGroup--thread2] INFO  netty.NettyConfigKeys$DataStream (ConfUtils.java:logGet(46)) - raft.netty.dataStream.client.worker-group.size = 4 (default)
2022-06-08 04:47:38,564 [s0-NettyServerStreamRpc-workerGroup--thread1] INFO  client.DataStreamClient (ConfUtils.java:logGet(46)) - raft.datastream.type = NETTY (custom)
2022-06-08 04:47:38,564 [s0-NettyServerStreamRpc-workerGroup--thread1] INFO  netty.NettyConfigKeys$DataStream (ConfUtils.java:logGet(46)) - raft.netty.dataStream.client.tls.conf = null (default)
2022-06-08 04:47:38,564 [s0-NettyServerStreamRpc-workerGroup--thread1] INFO  netty.NettyConfigKeys$DataStream (ConfUtils.java:logGet(46)) - raft.netty.dataStream.client.reply.queue.grace-period = 1s (default)
2022-06-08 04:47:38,565 [s0-NettyServerStreamRpc-workerGroup--thread1] INFO  netty.NettyConfigKeys$DataStream (ConfUtils.java:logGet(46)) - raft.netty.dataStream.client.worker-group.share = false (default)
2022-06-08 04:47:38,565 [s0-NettyServerStreamRpc-workerGroup--thread1] INFO  netty.NettyConfigKeys$DataStream (ConfUtils.java:logGet(46)) - raft.netty.dataStream.client.worker-group.size = 4 (default)
2022-06-08 04:47:38,565 [s2-NettyServerStreamRpc-workerGroup--thread3] INFO  client.DataStreamClient (ConfUtils.java:logGet(46)) - raft.datastream.type = NETTY (custom)
2022-06-08 04:47:38,565 [s2-NettyServerStreamRpc-workerGroup--thread3] INFO  netty.NettyConfigKeys$DataStream (ConfUtils.java:logGet(46)) - raft.netty.dataStream.client.tls.conf = null (default)
2022-06-08 04:47:38,566 [s2-NettyServerStreamRpc-workerGroup--thread3] INFO  netty.NettyConfigKeys$DataStream (ConfUtils.java:logGet(46)) - raft.netty.dataStream.client.reply.queue.grace-period = 1s (default)
2022-06-08 04:47:38,566 [s2-NettyServerStreamRpc-workerGroup--thread3] INFO  netty.NettyConfigKeys$DataStream (ConfUtils.java:logGet(46)) - raft.netty.dataStream.client.worker-group.share = false (default)
2022-06-08 04:47:38,566 [s2-NettyServerStreamRpc-workerGroup--thread3] INFO  netty.NettyConfigKeys$DataStream (ConfUtils.java:logGet(46)) - raft.netty.dataStream.client.worker-group.size = 4 (default)
2022-06-08 04:47:38,568 [s1-NettyServerStreamRpc-bossGroup--thread1] INFO  logging.LoggingHandler (AbstractInternalLogger.java:log(148)) - [id: 0x56dc9c03, L:/0.0.0.0:39105] READ COMPLETE
2022-06-08 04:47:38,568 [s1-NettyServerStreamRpc-bossGroup--thread1] INFO  logging.LoggingHandler (AbstractInternalLogger.java:log(148)) - [id: 0x56dc9c03, L:/0.0.0.0:39105] READ: [id: 0x4c2ed4e7, L:/127.0.0.1:39105 - R:/127.0.0.1:42372]
2022-06-08 04:47:38,569 [s1-NettyServerStreamRpc-workerGroup--thread2] INFO  client.DataStreamClient (ConfUtils.java:logGet(46)) - raft.datastream.type = NETTY (custom)
2022-06-08 04:47:38,569 [s0-NettyServerStreamRpc-bossGroup--thread1] INFO  logging.LoggingHandler (AbstractInternalLogger.java:log(148)) - [id: 0xc13fe19a, L:/0.0.0.0:39887] READ COMPLETE
2022-06-08 04:47:38,569 [s1-NettyServerStreamRpc-workerGroup--thread2] INFO  netty.NettyConfigKeys$DataStream (ConfUtils.java:logGet(46)) - raft.netty.dataStream.client.tls.conf = null (default)
2022-06-08 04:47:38,569 [s0-NettyServerStreamRpc-bossGroup--thread1] INFO  logging.LoggingHandler (AbstractInternalLogger.java:log(148)) - [id: 0xc13fe19a, L:/0.0.0.0:39887] READ: [id: 0xfa730a27, L:/127.0.0.1:39887 - R:/127.0.0.1:54994]
2022-06-08 04:47:38,569 [s1-NettyServerStreamRpc-workerGroup--thread2] INFO  netty.NettyConfigKeys$DataStream (ConfUtils.java:logGet(46)) - raft.netty.dataStream.client.reply.queue.grace-period = 1s (default)
2022-06-08 04:47:38,569 [s1-NettyServerStreamRpc-workerGroup--thread2] INFO  netty.NettyConfigKeys$DataStream (ConfUtils.java:logGet(46)) - raft.netty.dataStream.client.worker-group.share = false (default)
2022-06-08 04:47:38,570 [s1-NettyServerStreamRpc-workerGroup--thread2] INFO  netty.NettyConfigKeys$DataStream (ConfUtils.java:logGet(46)) - raft.netty.dataStream.client.worker-group.size = 4 (default)
2022-06-08 04:47:38,570 [s0-NettyServerStreamRpc-bossGroup--thread1] INFO  logging.LoggingHandler (AbstractInternalLogger.java:log(148)) - [id: 0xc13fe19a, L:/0.0.0.0:39887] READ: [id: 0xff619889, L:/127.0.0.1:39887 - R:/127.0.0.1:54996]
2022-06-08 04:47:38,572 [s0-NettyServerStreamRpc-workerGroup--thread3] INFO  client.DataStreamClient (ConfUtils.java:logGet(46)) - raft.datastream.type = NETTY (custom)
2022-06-08 04:47:38,572 [s0-NettyServerStreamRpc-workerGroup--thread3] INFO  netty.NettyConfigKeys$DataStream (ConfUtils.java:logGet(46)) - raft.netty.dataStream.client.tls.conf = null (default)
2022-06-08 04:47:38,572 [s0-NettyServerStreamRpc-workerGroup--thread3] INFO  netty.NettyConfigKeys$DataStream (ConfUtils.java:logGet(46)) - raft.netty.dataStream.client.reply.queue.grace-period = 1s (default)
2022-06-08 04:47:38,573 [s0-NettyServerStreamRpc-workerGroup--thread3] INFO  netty.NettyConfigKeys$DataStream (ConfUtils.java:logGet(46)) - raft.netty.dataStream.client.worker-group.share = false (default)
2022-06-08 04:47:38,573 [s0-NettyServerStreamRpc-workerGroup--thread3] INFO  netty.NettyConfigKeys$DataStream (ConfUtils.java:logGet(46)) - raft.netty.dataStream.client.worker-group.size = 4 (default)
2022-06-08 04:47:38,574 [s0-NettyServerStreamRpc-bossGroup--thread1] INFO  logging.LoggingHandler (AbstractInternalLogger.java:log(148)) - [id: 0xc13fe19a, L:/0.0.0.0:39887] READ COMPLETE
2022-06-08 04:47:38,575 [s0-NettyServerStreamRpc-workerGroup--thread4] INFO  client.DataStreamClient (ConfUtils.java:logGet(46)) - raft.datastream.type = NETTY (custom)
2022-06-08 04:47:38,575 [s0-NettyServerStreamRpc-workerGroup--thread4] INFO  netty.NettyConfigKeys$DataStream (ConfUtils.java:logGet(46)) - raft.netty.dataStream.client.tls.conf = null (default)
2022-06-08 04:47:38,575 [s0-NettyServerStreamRpc-workerGroup--thread4] INFO  netty.NettyConfigKeys$DataStream (ConfUtils.java:logGet(46)) - raft.netty.dataStream.client.reply.queue.grace-period = 1s (default)
2022-06-08 04:47:38,575 [s0-NettyServerStreamRpc-workerGroup--thread4] INFO  netty.NettyConfigKeys$DataStream (ConfUtils.java:logGet(46)) - raft.netty.dataStream.client.worker-group.share = false (default)
2022-06-08 04:47:38,575 [s0-NettyServerStreamRpc-workerGroup--thread4] INFO  netty.NettyConfigKeys$DataStream (ConfUtils.java:logGet(46)) - raft.netty.dataStream.client.worker-group.size = 4 (default)
2022-06-08 04:47:38,577 [s0-NettyServerStreamRpc-bossGroup--thread1] INFO  logging.LoggingHandler (AbstractInternalLogger.java:log(148)) - [id: 0xc13fe19a, L:/0.0.0.0:39887] READ: [id: 0xda046b99, L:/127.0.0.1:39887 - R:/127.0.0.1:55000]
2022-06-08 04:47:38,577 [s0-NettyServerStreamRpc-bossGroup--thread1] INFO  logging.LoggingHandler (AbstractInternalLogger.java:log(148)) - [id: 0xc13fe19a, L:/0.0.0.0:39887] READ COMPLETE
2022-06-08 04:47:38,578 [s2-NettyServerStreamRpc-bossGroup--thread1] INFO  logging.LoggingHandler (AbstractInternalLogger.java:log(148)) - [id: 0x62228788, L:/0.0.0.0:41029] READ COMPLETE
2022-06-08 04:47:38,579 [s2-NettyServerStreamRpc-workerGroup--thread4] INFO  client.DataStreamClient (ConfUtils.java:logGet(46)) - raft.datastream.type = NETTY (custom)
2022-06-08 04:47:38,579 [s2-NettyServerStreamRpc-workerGroup--thread4] INFO  netty.NettyConfigKeys$DataStream (ConfUtils.java:logGet(46)) - raft.netty.dataStream.client.tls.conf = null (default)
2022-06-08 04:47:38,579 [s2-NettyServerStreamRpc-workerGroup--thread4] INFO  netty.NettyConfigKeys$DataStream (ConfUtils.java:logGet(46)) - raft.netty.dataStream.client.reply.queue.grace-period = 1s (default)
2022-06-08 04:47:38,580 [s2-NettyServerStreamRpc-workerGroup--thread4] INFO  netty.NettyConfigKeys$DataStream (ConfUtils.java:logGet(46)) - raft.netty.dataStream.client.worker-group.share = false (default)
2022-06-08 04:47:38,580 [s2-NettyServerStreamRpc-workerGroup--thread4] INFO  netty.NettyConfigKeys$DataStream (ConfUtils.java:logGet(46)) - raft.netty.dataStream.client.worker-group.size = 4 (default)
2022-06-08 04:47:38,580 [s2-NettyServerStreamRpc-workerGroup--thread1] INFO  client.DataStreamClient (ConfUtils.java:logGet(46)) - raft.datastream.type = NETTY (custom)
2022-06-08 04:47:38,581 [s2-NettyServerStreamRpc-workerGroup--thread1] INFO  netty.NettyConfigKeys$DataStream (ConfUtils.java:logGet(46)) - raft.netty.dataStream.client.tls.conf = null (default)
2022-06-08 04:47:38,581 [s2-NettyServerStreamRpc-workerGroup--thread1] INFO  netty.NettyConfigKeys$DataStream (ConfUtils.java:logGet(46)) - raft.netty.dataStream.client.reply.queue.grace-period = 1s (default)
2022-06-08 04:47:38,581 [s2-NettyServerStreamRpc-workerGroup--thread1] INFO  netty.NettyConfigKeys$DataStream (ConfUtils.java:logGet(46)) - raft.netty.dataStream.client.worker-group.share = false (default)
2022-06-08 04:47:38,581 [s2-NettyServerStreamRpc-workerGroup--thread1] INFO  netty.NettyConfigKeys$DataStream (ConfUtils.java:logGet(46)) - raft.netty.dataStream.client.worker-group.size = 4 (default)
2022-06-08 04:47:38,582 [s1-NettyServerStreamRpc-workerGroup--thread1] INFO  client.DataStreamClient (ConfUtils.java:logGet(46)) - raft.datastream.type = NETTY (custom)
2022-06-08 04:47:38,582 [s1-NettyServerStreamRpc-workerGroup--thread1] INFO  netty.NettyConfigKeys$DataStream (ConfUtils.java:logGet(46)) - raft.netty.dataStream.client.tls.conf = null (default)
2022-06-08 04:47:38,582 [s1-NettyServerStreamRpc-workerGroup--thread1] INFO  netty.NettyConfigKeys$DataStream (ConfUtils.java:logGet(46)) - raft.netty.dataStream.client.reply.queue.grace-period = 1s (default)
2022-06-08 04:47:38,582 [s1-NettyServerStreamRpc-workerGroup--thread1] INFO  netty.NettyConfigKeys$DataStream (ConfUtils.java:logGet(46)) - raft.netty.dataStream.client.worker-group.share = false (default)
2022-06-08 04:47:38,582 [s1-NettyServerStreamRpc-workerGroup--thread1] INFO  netty.NettyConfigKeys$DataStream (ConfUtils.java:logGet(46)) - raft.netty.dataStream.client.worker-group.size = 4 (default)
2022-06-08 04:47:38,584 [s0-NettyServerStreamRpc-bossGroup--thread1] INFO  logging.LoggingHandler (AbstractInternalLogger.java:log(148)) - [id: 0xc13fe19a, L:/0.0.0.0:39887] READ: [id: 0x9354e6cc, L:/127.0.0.1:39887 - R:/127.0.0.1:55002]
2022-06-08 04:47:38,584 [s0-NettyServerStreamRpc-bossGroup--thread1] INFO  logging.LoggingHandler (AbstractInternalLogger.java:log(148)) - [id: 0xc13fe19a, L:/0.0.0.0:39887] READ COMPLETE
2022-06-08 04:47:38,585 [s0-NettyServerStreamRpc-bossGroup--thread1] INFO  logging.LoggingHandler (AbstractInternalLogger.java:log(148)) - [id: 0xc13fe19a, L:/0.0.0.0:39887] READ: [id: 0x2bbd11e9, L:/127.0.0.1:39887 - R:/127.0.0.1:55004]
2022-06-08 04:47:38,585 [s0-NettyServerStreamRpc-bossGroup--thread1] INFO  logging.LoggingHandler (AbstractInternalLogger.java:log(148)) - [id: 0xc13fe19a, L:/0.0.0.0:39887] READ COMPLETE
2022-06-08 04:47:38,586 [s2-NettyServerStreamRpc-workerGroup--thread3] INFO  client.DataStreamClient (ConfUtils.java:logGet(46)) - raft.datastream.type = NETTY (custom)
2022-06-08 04:47:38,586 [s2-NettyServerStreamRpc-workerGroup--thread3] INFO  netty.NettyConfigKeys$DataStream (ConfUtils.java:logGet(46)) - raft.netty.dataStream.client.tls.conf = null (default)
2022-06-08 04:47:38,586 [s2-NettyServerStreamRpc-workerGroup--thread3] INFO  netty.NettyConfigKeys$DataStream (ConfUtils.java:logGet(46)) - raft.netty.dataStream.client.reply.queue.grace-period = 1s (default)
2022-06-08 04:47:38,586 [s2-NettyServerStreamRpc-workerGroup--thread3] INFO  netty.NettyConfigKeys$DataStream (ConfUtils.java:logGet(46)) - raft.netty.dataStream.client.worker-group.share = false (default)
2022-06-08 04:47:38,587 [s2-NettyServerStreamRpc-workerGroup--thread3] INFO  netty.NettyConfigKeys$DataStream (ConfUtils.java:logGet(46)) - raft.netty.dataStream.client.worker-group.size = 4 (default)
2022-06-08 04:47:38,593 [s0-NettyServerStreamRpc-bossGroup--thread1] INFO  logging.LoggingHandler (AbstractInternalLogger.java:log(148)) - [id: 0xc13fe19a, L:/0.0.0.0:39887] READ: [id: 0xcbc233bc, L:/127.0.0.1:39887 - R:/127.0.0.1:55006]
2022-06-08 04:47:38,593 [s0-NettyServerStreamRpc-bossGroup--thread1] INFO  logging.LoggingHandler (AbstractInternalLogger.java:log(148)) - [id: 0xc13fe19a, L:/0.0.0.0:39887] READ COMPLETE
2022-06-08 04:47:38,597 [s0-NettyServerStreamRpc-bossGroup--thread1] INFO  logging.LoggingHandler (AbstractInternalLogger.java:log(148)) - [id: 0xc13fe19a, L:/0.0.0.0:39887] READ: [id: 0x61a741ba, L:/127.0.0.1:39887 - R:/127.0.0.1:55008]
2022-06-08 04:47:38,597 [s0-NettyServerStreamRpc-bossGroup--thread1] INFO  logging.LoggingHandler (AbstractInternalLogger.java:log(148)) - [id: 0xc13fe19a, L:/0.0.0.0:39887] READ COMPLETE
2022-06-08 04:47:38,613 [s2-NettyServerStreamRpc-bossGroup--thread1] INFO  logging.LoggingHandler (AbstractInternalLogger.java:log(148)) - [id: 0x62228788, L:/0.0.0.0:41029] READ: [id: 0xe99a8258, L:/127.0.0.1:41029 - R:/127.0.0.1:45810]
2022-06-08 04:47:38,613 [s2-NettyServerStreamRpc-bossGroup--thread1] INFO  logging.LoggingHandler (AbstractInternalLogger.java:log(148)) - [id: 0x62228788, L:/0.0.0.0:41029] READ COMPLETE
2022-06-08 04:47:38,620 [s2-NettyServerStreamRpc-bossGroup--thread1] INFO  logging.LoggingHandler (AbstractInternalLogger.java:log(148)) - [id: 0x62228788, L:/0.0.0.0:41029] READ: [id: 0x8dc1eeae, L:/127.0.0.1:41029 - R:/127.0.0.1:45812]
2022-06-08 04:47:38,620 [s2-NettyServerStreamRpc-bossGroup--thread1] INFO  logging.LoggingHandler (AbstractInternalLogger.java:log(148)) - [id: 0x62228788, L:/0.0.0.0:41029] READ COMPLETE
2022-06-08 04:47:38,628 [s0-NettyServerStreamRpc-workerGroup--thread1] INFO  client.DataStreamClient (ConfUtils.java:logGet(46)) - raft.datastream.type = NETTY (custom)
2022-06-08 04:47:38,628 [s0-NettyServerStreamRpc-workerGroup--thread1] INFO  netty.NettyConfigKeys$DataStream (ConfUtils.java:logGet(46)) - raft.netty.dataStream.client.tls.conf = null (default)
2022-06-08 04:47:38,628 [s0-NettyServerStreamRpc-workerGroup--thread1] INFO  netty.NettyConfigKeys$DataStream (ConfUtils.java:logGet(46)) - raft.netty.dataStream.client.reply.queue.grace-period = 1s (default)
2022-06-08 04:47:38,628 [s0-NettyServerStreamRpc-workerGroup--thread1] INFO  netty.NettyConfigKeys$DataStream (ConfUtils.java:logGet(46)) - raft.netty.dataStream.client.worker-group.share = false (default)
2022-06-08 04:47:38,628 [s0-NettyServerStreamRpc-workerGroup--thread1] INFO  netty.NettyConfigKeys$DataStream (ConfUtils.java:logGet(46)) - raft.netty.dataStream.client.worker-group.size = 4 (default)
2022-06-08 04:47:38,631 [s1-NettyServerStreamRpc-bossGroup--thread1] INFO  logging.LoggingHandler (AbstractInternalLogger.java:log(148)) - [id: 0x56dc9c03, L:/0.0.0.0:39105] READ COMPLETE
2022-06-08 04:47:38,633 [s0-NettyServerStreamRpc-workerGroup--thread3] INFO  client.DataStreamClient (ConfUtils.java:logGet(46)) - raft.datastream.type = NETTY (custom)
2022-06-08 04:47:38,633 [s0-NettyServerStreamRpc-workerGroup--thread3] INFO  netty.NettyConfigKeys$DataStream (ConfUtils.java:logGet(46)) - raft.netty.dataStream.client.tls.conf = null (default)
2022-06-08 04:47:38,634 [s0-NettyServerStreamRpc-workerGroup--thread3] INFO  netty.NettyConfigKeys$DataStream (ConfUtils.java:logGet(46)) - raft.netty.dataStream.client.reply.queue.grace-period = 1s (default)
2022-06-08 04:47:38,634 [s0-NettyServerStreamRpc-workerGroup--thread3] INFO  netty.NettyConfigKeys$DataStream (ConfUtils.java:logGet(46)) - raft.netty.dataStream.client.worker-group.share = false (default)
2022-06-08 04:47:38,634 [s0-NettyServerStreamRpc-workerGroup--thread3] INFO  netty.NettyConfigKeys$DataStream (ConfUtils.java:logGet(46)) - raft.netty.dataStream.client.worker-group.size = 4 (default)
2022-06-08 04:47:38,641 [s0-NettyServerStreamRpc-workerGroup--thread2] INFO  client.DataStreamClient (ConfUtils.java:logGet(46)) - raft.datastream.type = NETTY (custom)
2022-06-08 04:47:38,641 [s0-NettyServerStreamRpc-workerGroup--thread2] INFO  netty.NettyConfigKeys$DataStream (ConfUtils.java:logGet(46)) - raft.netty.dataStream.client.tls.conf = null (default)
2022-06-08 04:47:38,641 [s0-NettyServerStreamRpc-workerGroup--thread2] INFO  netty.NettyConfigKeys$DataStream (ConfUtils.java:logGet(46)) - raft.netty.dataStream.client.reply.queue.grace-period = 1s (default)
2022-06-08 04:47:38,642 [s0-NettyServerStreamRpc-workerGroup--thread2] INFO  netty.NettyConfigKeys$DataStream (ConfUtils.java:logGet(46)) - raft.netty.dataStream.client.worker-group.share = false (default)
2022-06-08 04:47:38,642 [s0-NettyServerStreamRpc-workerGroup--thread2] INFO  netty.NettyConfigKeys$DataStream (ConfUtils.java:logGet(46)) - raft.netty.dataStream.client.worker-group.size = 4 (default)
2022-06-08 04:47:38,644 [s2-NettyServerStreamRpc-workerGroup--thread3] INFO  client.DataStreamClient (ConfUtils.java:logGet(46)) - raft.datastream.type = NETTY (custom)
2022-06-08 04:47:38,644 [s2-NettyServerStreamRpc-workerGroup--thread3] INFO  netty.NettyConfigKeys$DataStream (ConfUtils.java:logGet(46)) - raft.netty.dataStream.client.tls.conf = null (default)
2022-06-08 04:47:38,644 [s2-NettyServerStreamRpc-workerGroup--thread3] INFO  netty.NettyConfigKeys$DataStream (ConfUtils.java:logGet(46)) - raft.netty.dataStream.client.reply.queue.grace-period = 1s (default)
2022-06-08 04:47:38,645 [s2-NettyServerStreamRpc-workerGroup--thread3] INFO  netty.NettyConfigKeys$DataStream (ConfUtils.java:logGet(46)) - raft.netty.dataStream.client.worker-group.share = false (default)
2022-06-08 04:47:38,645 [s2-NettyServerStreamRpc-workerGroup--thread3] INFO  netty.NettyConfigKeys$DataStream (ConfUtils.java:logGet(46)) - raft.netty.dataStream.client.worker-group.size = 4 (default)
2022-06-08 04:47:38,645 [s2-NettyServerStreamRpc-workerGroup--thread1] INFO  client.DataStreamClient (ConfUtils.java:logGet(46)) - raft.datastream.type = NETTY (custom)
2022-06-08 04:47:38,645 [s2-NettyServerStreamRpc-workerGroup--thread1] INFO  netty.NettyConfigKeys$DataStream (ConfUtils.java:logGet(46)) - raft.netty.dataStream.client.tls.conf = null (default)
2022-06-08 04:47:38,646 [s2-NettyServerStreamRpc-workerGroup--thread1] INFO  netty.NettyConfigKeys$DataStream (ConfUtils.java:logGet(46)) - raft.netty.dataStream.client.reply.queue.grace-period = 1s (default)
2022-06-08 04:47:38,646 [s2-NettyServerStreamRpc-workerGroup--thread1] INFO  netty.NettyConfigKeys$DataStream (ConfUtils.java:logGet(46)) - raft.netty.dataStream.client.worker-group.share = false (default)
2022-06-08 04:47:38,646 [s2-NettyServerStreamRpc-workerGroup--thread1] INFO  netty.NettyConfigKeys$DataStream (ConfUtils.java:logGet(46)) - raft.netty.dataStream.client.worker-group.size = 4 (default)
2022-06-08 04:47:38,648 [s1-NettyServerStreamRpc-workerGroup--thread3] INFO  client.DataStreamClient (ConfUtils.java:logGet(46)) - raft.datastream.type = NETTY (custom)
2022-06-08 04:47:38,648 [s1-NettyServerStreamRpc-workerGroup--thread3] INFO  netty.NettyConfigKeys$DataStream (ConfUtils.java:logGet(46)) - raft.netty.dataStream.client.tls.conf = null (default)
2022-06-08 04:47:38,648 [s1-NettyServerStreamRpc-workerGroup--thread3] INFO  netty.NettyConfigKeys$DataStream (ConfUtils.java:logGet(46)) - raft.netty.dataStream.client.reply.queue.grace-period = 1s (default)
2022-06-08 04:47:38,648 [s1-NettyServerStreamRpc-workerGroup--thread3] INFO  netty.NettyConfigKeys$DataStream (ConfUtils.java:logGet(46)) - raft.netty.dataStream.client.worker-group.share = false (default)
2022-06-08 04:47:38,648 [s1-NettyServerStreamRpc-workerGroup--thread3] INFO  netty.NettyConfigKeys$DataStream (ConfUtils.java:logGet(46)) - raft.netty.dataStream.client.worker-group.size = 4 (default)
2022-06-08 04:47:38,650 [s1-NettyServerStreamRpc-bossGroup--thread1] INFO  logging.LoggingHandler (AbstractInternalLogger.java:log(148)) - [id: 0x56dc9c03, L:/0.0.0.0:39105] READ: [id: 0x1c622980, L:/127.0.0.1:39105 - R:/127.0.0.1:42384]
2022-06-08 04:47:38,651 [s0-NettyServerStreamRpc-bossGroup--thread1] INFO  logging.LoggingHandler (AbstractInternalLogger.java:log(148)) - [id: 0xc13fe19a, L:/0.0.0.0:39887] READ: [id: 0x837419ad, L:/127.0.0.1:39887 - R:/127.0.0.1:55018]
2022-06-08 04:47:38,651 [s0-NettyServerStreamRpc-bossGroup--thread1] INFO  logging.LoggingHandler (AbstractInternalLogger.java:log(148)) - [id: 0xc13fe19a, L:/0.0.0.0:39887] READ COMPLETE
2022-06-08 04:47:38,676 [s2-NettyServerStreamRpc-bossGroup--thread1] INFO  logging.LoggingHandler (AbstractInternalLogger.java:log(148)) - [id: 0x62228788, L:/0.0.0.0:41029] READ: [id: 0x78ceda0a, L:/127.0.0.1:41029 - R:/127.0.0.1:45818]
2022-06-08 04:47:38,676 [s2-NettyServerStreamRpc-bossGroup--thread1] INFO  logging.LoggingHandler (AbstractInternalLogger.java:log(148)) - [id: 0x62228788, L:/0.0.0.0:41029] READ COMPLETE
2022-06-08 04:47:38,681 [s0-NettyServerStreamRpc-bossGroup--thread1] INFO  logging.LoggingHandler (AbstractInternalLogger.java:log(148)) - [id: 0xc13fe19a, L:/0.0.0.0:39887] READ: [id: 0xe17b24da, L:/127.0.0.1:39887 - R:/127.0.0.1:55024]
2022-06-08 04:47:38,681 [s0-NettyServerStreamRpc-bossGroup--thread1] INFO  logging.LoggingHandler (AbstractInternalLogger.java:log(148)) - [id: 0xc13fe19a, L:/0.0.0.0:39887] READ COMPLETE
2022-06-08 04:47:38,690 [s0-NettyServerStreamRpc-bossGroup--thread1] INFO  logging.LoggingHandler (AbstractInternalLogger.java:log(148)) - [id: 0xc13fe19a, L:/0.0.0.0:39887] READ: [id: 0xa55841f2, L:/127.0.0.1:39887 - R:/127.0.0.1:55028]
2022-06-08 04:47:38,690 [s0-NettyServerStreamRpc-bossGroup--thread1] INFO  logging.LoggingHandler (AbstractInternalLogger.java:log(148)) - [id: 0xc13fe19a, L:/0.0.0.0:39887] READ COMPLETE
2022-06-08 04:47:38,690 [s1-NettyServerStreamRpc-bossGroup--thread1] INFO  logging.LoggingHandler (AbstractInternalLogger.java:log(148)) - [id: 0x56dc9c03, L:/0.0.0.0:39105] READ: [id: 0xaa00e9ce, L:/127.0.0.1:39105 - R:/127.0.0.1:42390]
2022-06-08 04:47:38,691 [s1-NettyServerStreamRpc-bossGroup--thread1] INFO  logging.LoggingHandler (AbstractInternalLogger.java:log(148)) - [id: 0x56dc9c03, L:/0.0.0.0:39105] READ COMPLETE
2022-06-08 04:47:38,691 [s1-NettyServerStreamRpc-bossGroup--thread1] INFO  logging.LoggingHandler (AbstractInternalLogger.java:log(148)) - [id: 0x56dc9c03, L:/0.0.0.0:39105] READ: [id: 0xc26745db, L:/127.0.0.1:39105 - R:/127.0.0.1:42396]
2022-06-08 04:47:38,691 [s1-NettyServerStreamRpc-bossGroup--thread1] INFO  logging.LoggingHandler (AbstractInternalLogger.java:log(148)) - [id: 0x56dc9c03, L:/0.0.0.0:39105] READ: [id: 0x40f041a0, L:/127.0.0.1:39105 - R:/127.0.0.1:42400]
2022-06-08 04:47:38,692 [s1-NettyServerStreamRpc-bossGroup--thread1] INFO  logging.LoggingHandler (AbstractInternalLogger.java:log(148)) - [id: 0x56dc9c03, L:/0.0.0.0:39105] READ COMPLETE
2022-06-08 04:47:38,692 [s0-NettyServerStreamRpc-workerGroup--thread4] INFO  client.DataStreamClient (ConfUtils.java:logGet(46)) - raft.datastream.type = NETTY (custom)
2022-06-08 04:47:38,693 [s0-NettyServerStreamRpc-workerGroup--thread4] INFO  netty.NettyConfigKeys$DataStream (ConfUtils.java:logGet(46)) - raft.netty.dataStream.client.tls.conf = null (default)
2022-06-08 04:47:38,693 [s0-NettyServerStreamRpc-workerGroup--thread4] INFO  netty.NettyConfigKeys$DataStream (ConfUtils.java:logGet(46)) - raft.netty.dataStream.client.reply.queue.grace-period = 1s (default)
2022-06-08 04:47:38,693 [s0-NettyServerStreamRpc-workerGroup--thread4] INFO  netty.NettyConfigKeys$DataStream (ConfUtils.java:logGet(46)) - raft.netty.dataStream.client.worker-group.share = false (default)
2022-06-08 04:47:38,693 [s0-NettyServerStreamRpc-workerGroup--thread4] INFO  netty.NettyConfigKeys$DataStream (ConfUtils.java:logGet(46)) - raft.netty.dataStream.client.worker-group.size = 4 (default)
2022-06-08 04:47:38,716 [s1-NettyServerStreamRpc-workerGroup--thread1] INFO  client.DataStreamClient (ConfUtils.java:logGet(46)) - raft.datastream.type = NETTY (custom)
2022-06-08 04:47:38,716 [s1-NettyServerStreamRpc-workerGroup--thread1] INFO  netty.NettyConfigKeys$DataStream (ConfUtils.java:logGet(46)) - raft.netty.dataStream.client.tls.conf = null (default)
2022-06-08 04:47:38,717 [s1-NettyServerStreamRpc-workerGroup--thread1] INFO  netty.NettyConfigKeys$DataStream (ConfUtils.java:logGet(46)) - raft.netty.dataStream.client.reply.queue.grace-period = 1s (default)
2022-06-08 04:47:38,717 [s1-NettyServerStreamRpc-workerGroup--thread1] INFO  netty.NettyConfigKeys$DataStream (ConfUtils.java:logGet(46)) - raft.netty.dataStream.client.worker-group.share = false (default)
2022-06-08 04:47:38,717 [s1-NettyServerStreamRpc-workerGroup--thread1] INFO  netty.NettyConfigKeys$DataStream (ConfUtils.java:logGet(46)) - raft.netty.dataStream.client.worker-group.size = 4 (default)
2022-06-08 04:47:38,723 [s2-NettyServerStreamRpc-workerGroup--thread1] INFO  client.DataStreamClient (ConfUtils.java:logGet(46)) - raft.datastream.type = NETTY (custom)
2022-06-08 04:47:38,723 [s2-NettyServerStreamRpc-workerGroup--thread1] INFO  netty.NettyConfigKeys$DataStream (ConfUtils.java:logGet(46)) - raft.netty.dataStream.client.tls.conf = null (default)
2022-06-08 04:47:38,723 [s2-NettyServerStreamRpc-workerGroup--thread1] INFO  netty.NettyConfigKeys$DataStream (ConfUtils.java:logGet(46)) - raft.netty.dataStream.client.reply.queue.grace-period = 1s (default)
2022-06-08 04:47:38,723 [s2-NettyServerStreamRpc-workerGroup--thread1] INFO  netty.NettyConfigKeys$DataStream (ConfUtils.java:logGet(46)) - raft.netty.dataStream.client.worker-group.share = false (default)
2022-06-08 04:47:38,723 [s2-NettyServerStreamRpc-workerGroup--thread1] INFO  netty.NettyConfigKeys$DataStream (ConfUtils.java:logGet(46)) - raft.netty.dataStream.client.worker-group.size = 4 (default)
2022-06-08 04:47:38,725 [s0-NettyServerStreamRpc-bossGroup--thread1] INFO  logging.LoggingHandler (AbstractInternalLogger.java:log(148)) - [id: 0xc13fe19a, L:/0.0.0.0:39887] READ: [id: 0x995f6c14, L:/127.0.0.1:39887 - R:/127.0.0.1:55030]
2022-06-08 04:47:38,726 [s0-NettyServerStreamRpc-bossGroup--thread1] INFO  logging.LoggingHandler (AbstractInternalLogger.java:log(148)) - [id: 0xc13fe19a, L:/0.0.0.0:39887] READ COMPLETE
2022-06-08 04:47:38,728 [s2-NettyServerStreamRpc-workerGroup--thread4] INFO  client.DataStreamClient (ConfUtils.java:logGet(46)) - raft.datastream.type = NETTY (custom)
2022-06-08 04:47:38,729 [s2-NettyServerStreamRpc-workerGroup--thread4] INFO  netty.NettyConfigKeys$DataStream (ConfUtils.java:logGet(46)) - raft.netty.dataStream.client.tls.conf = null (default)
2022-06-08 04:47:38,729 [s2-NettyServerStreamRpc-workerGroup--thread4] INFO  netty.NettyConfigKeys$DataStream (ConfUtils.java:logGet(46)) - raft.netty.dataStream.client.reply.queue.grace-period = 1s (default)
2022-06-08 04:47:38,729 [s2-NettyServerStreamRpc-workerGroup--thread4] INFO  netty.NettyConfigKeys$DataStream (ConfUtils.java:logGet(46)) - raft.netty.dataStream.client.worker-group.share = false (default)
2022-06-08 04:47:38,729 [s2-NettyServerStreamRpc-workerGroup--thread4] INFO  netty.NettyConfigKeys$DataStream (ConfUtils.java:logGet(46)) - raft.netty.dataStream.client.worker-group.size = 4 (default)
2022-06-08 04:47:38,732 [s0-NettyServerStreamRpc-bossGroup--thread1] INFO  logging.LoggingHandler (AbstractInternalLogger.java:log(148)) - [id: 0xc13fe19a, L:/0.0.0.0:39887] READ: [id: 0x384d1af3, L:/127.0.0.1:39887 - R:/127.0.0.1:55032]
2022-06-08 04:47:38,732 [s0-NettyServerStreamRpc-bossGroup--thread1] INFO  logging.LoggingHandler (AbstractInternalLogger.java:log(148)) - [id: 0xc13fe19a, L:/0.0.0.0:39887] READ COMPLETE
2022-06-08 04:47:38,735 [s1-NettyServerStreamRpc-bossGroup--thread1] INFO  logging.LoggingHandler (AbstractInternalLogger.java:log(148)) - [id: 0x56dc9c03, L:/0.0.0.0:39105] READ: [id: 0xfcfd8dff, L:/127.0.0.1:39105 - R:/127.0.0.1:42408]
2022-06-08 04:47:38,735 [s1-NettyServerStreamRpc-bossGroup--thread1] INFO  logging.LoggingHandler (AbstractInternalLogger.java:log(148)) - [id: 0x56dc9c03, L:/0.0.0.0:39105] READ COMPLETE
2022-06-08 04:47:38,742 [s0-NettyServerStreamRpc-workerGroup--thread2] INFO  client.DataStreamClient (ConfUtils.java:logGet(46)) - raft.datastream.type = NETTY (custom)
2022-06-08 04:47:38,742 [s0-NettyServerStreamRpc-workerGroup--thread2] INFO  netty.NettyConfigKeys$DataStream (ConfUtils.java:logGet(46)) - raft.netty.dataStream.client.tls.conf = null (default)
2022-06-08 04:47:38,743 [s0-NettyServerStreamRpc-workerGroup--thread2] INFO  netty.NettyConfigKeys$DataStream (ConfUtils.java:logGet(46)) - raft.netty.dataStream.client.reply.queue.grace-period = 1s (default)
2022-06-08 04:47:38,743 [s0-NettyServerStreamRpc-workerGroup--thread2] INFO  netty.NettyConfigKeys$DataStream (ConfUtils.java:logGet(46)) - raft.netty.dataStream.client.worker-group.share = false (default)
2022-06-08 04:47:38,743 [s0-NettyServerStreamRpc-workerGroup--thread2] INFO  netty.NettyConfigKeys$DataStream (ConfUtils.java:logGet(46)) - raft.netty.dataStream.client.worker-group.size = 4 (default)
2022-06-08 04:47:38,745 [s1-NettyServerStreamRpc-bossGroup--thread1] INFO  logging.LoggingHandler (AbstractInternalLogger.java:log(148)) - [id: 0x56dc9c03, L:/0.0.0.0:39105] READ: [id: 0x39a60cb8, L:/127.0.0.1:39105 - R:/127.0.0.1:42410]
2022-06-08 04:47:38,745 [s1-NettyServerStreamRpc-bossGroup--thread1] INFO  logging.LoggingHandler (AbstractInternalLogger.java:log(148)) - [id: 0x56dc9c03, L:/0.0.0.0:39105] READ COMPLETE
2022-06-08 04:47:38,746 [s0-NettyServerStreamRpc-workerGroup--thread2] INFO  client.DataStreamClient (ConfUtils.java:logGet(46)) - raft.datastream.type = NETTY (custom)
2022-06-08 04:47:38,746 [s0-NettyServerStreamRpc-workerGroup--thread2] INFO  netty.NettyConfigKeys$DataStream (ConfUtils.java:logGet(46)) - raft.netty.dataStream.client.tls.conf = null (default)
2022-06-08 04:47:38,746 [s0-NettyServerStreamRpc-workerGroup--thread2] INFO  netty.NettyConfigKeys$DataStream (ConfUtils.java:logGet(46)) - raft.netty.dataStream.client.reply.queue.grace-period = 1s (default)
2022-06-08 04:47:38,746 [s0-NettyServerStreamRpc-workerGroup--thread2] INFO  netty.NettyConfigKeys$DataStream (ConfUtils.java:logGet(46)) - raft.netty.dataStream.client.worker-group.share = false (default)
2022-06-08 04:47:38,746 [s0-NettyServerStreamRpc-workerGroup--thread2] INFO  netty.NettyConfigKeys$DataStream (ConfUtils.java:logGet(46)) - raft.netty.dataStream.client.worker-group.size = 4 (default)
2022-06-08 04:47:38,747 [s1-NettyServerStreamRpc-workerGroup--thread4] INFO  client.DataStreamClient (ConfUtils.java:logGet(46)) - raft.datastream.type = NETTY (custom)
2022-06-08 04:47:38,747 [s1-NettyServerStreamRpc-workerGroup--thread4] INFO  netty.NettyConfigKeys$DataStream (ConfUtils.java:logGet(46)) - raft.netty.dataStream.client.tls.conf = null (default)
2022-06-08 04:47:38,747 [s1-NettyServerStreamRpc-workerGroup--thread4] INFO  netty.NettyConfigKeys$DataStream (ConfUtils.java:logGet(46)) - raft.netty.dataStream.client.reply.queue.grace-period = 1s (default)
2022-06-08 04:47:38,747 [s1-NettyServerStreamRpc-workerGroup--thread4] INFO  netty.NettyConfigKeys$DataStream (ConfUtils.java:logGet(46)) - raft.netty.dataStream.client.worker-group.share = false (default)
2022-06-08 04:47:38,747 [s1-NettyServerStreamRpc-workerGroup--thread4] INFO  netty.NettyConfigKeys$DataStream (ConfUtils.java:logGet(46)) - raft.netty.dataStream.client.worker-group.size = 4 (default)
2022-06-08 04:47:38,750 [s1-NettyServerStreamRpc-workerGroup--thread2] INFO  client.DataStreamClient (ConfUtils.java:logGet(46)) - raft.datastream.type = NETTY (custom)
2022-06-08 04:47:38,750 [s1-NettyServerStreamRpc-workerGroup--thread2] INFO  netty.NettyConfigKeys$DataStream (ConfUtils.java:logGet(46)) - raft.netty.dataStream.client.tls.conf = null (default)
2022-06-08 04:47:38,750 [s1-NettyServerStreamRpc-workerGroup--thread2] INFO  netty.NettyConfigKeys$DataStream (ConfUtils.java:logGet(46)) - raft.netty.dataStream.client.reply.queue.grace-period = 1s (default)
2022-06-08 04:47:38,750 [s1-NettyServerStreamRpc-workerGroup--thread2] INFO  netty.NettyConfigKeys$DataStream (ConfUtils.java:logGet(46)) - raft.netty.dataStream.client.worker-group.share = false (default)
2022-06-08 04:47:38,750 [s1-NettyServerStreamRpc-workerGroup--thread2] INFO  netty.NettyConfigKeys$DataStream (ConfUtils.java:logGet(46)) - raft.netty.dataStream.client.worker-group.size = 4 (default)
2022-06-08 04:47:38,752 [s2-NettyServerStreamRpc-bossGroup--thread1] INFO  logging.LoggingHandler (AbstractInternalLogger.java:log(148)) - [id: 0x62228788, L:/0.0.0.0:41029] READ: [id: 0x06ac8ad9, L:/127.0.0.1:41029 - R:/127.0.0.1:45836]
2022-06-08 04:47:38,752 [s2-NettyServerStreamRpc-bossGroup--thread1] INFO  logging.LoggingHandler (AbstractInternalLogger.java:log(148)) - [id: 0x62228788, L:/0.0.0.0:41029] READ COMPLETE
2022-06-08 04:47:38,759 [s1-NettyServerStreamRpc-bossGroup--thread1] INFO  logging.LoggingHandler (AbstractInternalLogger.java:log(148)) - [id: 0x56dc9c03, L:/0.0.0.0:39105] READ: [id: 0x52cad8ce, L:/127.0.0.1:39105 - R:/127.0.0.1:42414]
2022-06-08 04:47:38,759 [s1-NettyServerStreamRpc-bossGroup--thread1] INFO  logging.LoggingHandler (AbstractInternalLogger.java:log(148)) - [id: 0x56dc9c03, L:/0.0.0.0:39105] READ COMPLETE
2022-06-08 04:47:38,760 [s0-NettyServerStreamRpc-workerGroup--thread2] INFO  client.DataStreamClient (ConfUtils.java:logGet(46)) - raft.datastream.type = NETTY (custom)
2022-06-08 04:47:38,760 [s0-NettyServerStreamRpc-workerGroup--thread2] INFO  netty.NettyConfigKeys$DataStream (ConfUtils.java:logGet(46)) - raft.netty.dataStream.client.tls.conf = null (default)
2022-06-08 04:47:38,760 [s0-NettyServerStreamRpc-workerGroup--thread2] INFO  netty.NettyConfigKeys$DataStream (ConfUtils.java:logGet(46)) - raft.netty.dataStream.client.reply.queue.grace-period = 1s (default)
2022-06-08 04:47:38,760 [s0-NettyServerStreamRpc-workerGroup--thread2] INFO  netty.NettyConfigKeys$DataStream (ConfUtils.java:logGet(46)) - raft.netty.dataStream.client.worker-group.share = false (default)
2022-06-08 04:47:38,761 [s0-NettyServerStreamRpc-workerGroup--thread2] INFO  netty.NettyConfigKeys$DataStream (ConfUtils.java:logGet(46)) - raft.netty.dataStream.client.worker-group.size = 4 (default)
2022-06-08 04:47:38,772 [s0-NettyServerStreamRpc-bossGroup--thread1] INFO  logging.LoggingHandler (AbstractInternalLogger.java:log(148)) - [id: 0xc13fe19a, L:/0.0.0.0:39887] READ: [id: 0x8e146078, L:/127.0.0.1:39887 - R:/127.0.0.1:55042]
2022-06-08 04:47:38,773 [s0-NettyServerStreamRpc-bossGroup--thread1] INFO  logging.LoggingHandler (AbstractInternalLogger.java:log(148)) - [id: 0xc13fe19a, L:/0.0.0.0:39887] READ COMPLETE
2022-06-08 04:47:38,776 [s0-NettyServerStreamRpc-workerGroup--thread3] INFO  client.DataStreamClient (ConfUtils.java:logGet(46)) - raft.datastream.type = NETTY (custom)
2022-06-08 04:47:38,776 [s0-NettyServerStreamRpc-workerGroup--thread3] INFO  netty.NettyConfigKeys$DataStream (ConfUtils.java:logGet(46)) - raft.netty.dataStream.client.tls.conf = null (default)
2022-06-08 04:47:38,777 [s0-NettyServerStreamRpc-workerGroup--thread3] INFO  netty.NettyConfigKeys$DataStream (ConfUtils.java:logGet(46)) - raft.netty.dataStream.client.reply.queue.grace-period = 1s (default)
2022-06-08 04:47:38,777 [s0-NettyServerStreamRpc-workerGroup--thread3] INFO  netty.NettyConfigKeys$DataStream (ConfUtils.java:logGet(46)) - raft.netty.dataStream.client.worker-group.share = false (default)
2022-06-08 04:47:38,777 [s0-NettyServerStreamRpc-workerGroup--thread3] INFO  netty.NettyConfigKeys$DataStream (ConfUtils.java:logGet(46)) - raft.netty.dataStream.client.worker-group.size = 4 (default)
2022-06-08 04:47:38,781 [s1-NettyServerStreamRpc-bossGroup--thread1] INFO  logging.LoggingHandler (AbstractInternalLogger.java:log(148)) - [id: 0x56dc9c03, L:/0.0.0.0:39105] READ: [id: 0xa637b682, L:/127.0.0.1:39105 - R:/127.0.0.1:42418]
2022-06-08 04:47:38,781 [s1-NettyServerStreamRpc-bossGroup--thread1] INFO  logging.LoggingHandler (AbstractInternalLogger.java:log(148)) - [id: 0x56dc9c03, L:/0.0.0.0:39105] READ COMPLETE
2022-06-08 04:47:38,787 [s1-NettyServerStreamRpc-workerGroup--thread1] INFO  client.DataStreamClient (ConfUtils.java:logGet(46)) - raft.datastream.type = NETTY (custom)
2022-06-08 04:47:38,787 [s1-NettyServerStreamRpc-workerGroup--thread1] INFO  netty.NettyConfigKeys$DataStream (ConfUtils.java:logGet(46)) - raft.netty.dataStream.client.tls.conf = null (default)
2022-06-08 04:47:38,787 [s1-NettyServerStreamRpc-workerGroup--thread1] INFO  netty.NettyConfigKeys$DataStream (ConfUtils.java:logGet(46)) - raft.netty.dataStream.client.reply.queue.grace-period = 1s (default)
2022-06-08 04:47:38,787 [s1-NettyServerStreamRpc-workerGroup--thread1] INFO  netty.NettyConfigKeys$DataStream (ConfUtils.java:logGet(46)) - raft.netty.dataStream.client.worker-group.share = false (default)
2022-06-08 04:47:38,788 [s1-NettyServerStreamRpc-workerGroup--thread1] INFO  netty.NettyConfigKeys$DataStream (ConfUtils.java:logGet(46)) - raft.netty.dataStream.client.worker-group.size = 4 (default)
2022-06-08 04:47:38,789 [s2-NettyServerStreamRpc-bossGroup--thread1] INFO  logging.LoggingHandler (AbstractInternalLogger.java:log(148)) - [id: 0x62228788, L:/0.0.0.0:41029] READ: [id: 0xaa12405e, L:/127.0.0.1:41029 - R:/127.0.0.1:45844]
2022-06-08 04:47:38,789 [s2-NettyServerStreamRpc-bossGroup--thread1] INFO  logging.LoggingHandler (AbstractInternalLogger.java:log(148)) - [id: 0x62228788, L:/0.0.0.0:41029] READ COMPLETE
2022-06-08 04:47:38,796 [s1-NettyServerStreamRpc-workerGroup--thread2] INFO  client.DataStreamClient (ConfUtils.java:logGet(46)) - raft.datastream.type = NETTY (custom)
2022-06-08 04:47:38,796 [s1-NettyServerStreamRpc-workerGroup--thread2] INFO  netty.NettyConfigKeys$DataStream (ConfUtils.java:logGet(46)) - raft.netty.dataStream.client.tls.conf = null (default)
2022-06-08 04:47:38,797 [s1-NettyServerStreamRpc-workerGroup--thread2] INFO  netty.NettyConfigKeys$DataStream (ConfUtils.java:logGet(46)) - raft.netty.dataStream.client.reply.queue.grace-period = 1s (default)
2022-06-08 04:47:38,797 [s1-NettyServerStreamRpc-workerGroup--thread2] INFO  netty.NettyConfigKeys$DataStream (ConfUtils.java:logGet(46)) - raft.netty.dataStream.client.worker-group.share = false (default)
2022-06-08 04:47:38,797 [s1-NettyServerStreamRpc-workerGroup--thread2] INFO  netty.NettyConfigKeys$DataStream (ConfUtils.java:logGet(46)) - raft.netty.dataStream.client.worker-group.size = 4 (default)
2022-06-08 04:47:38,799 [s2-NettyServerStreamRpc-bossGroup--thread1] INFO  logging.LoggingHandler (AbstractInternalLogger.java:log(148)) - [id: 0x62228788, L:/0.0.0.0:41029] READ: [id: 0x9a4eaec0, L:/127.0.0.1:41029 - R:/127.0.0.1:45846]
2022-06-08 04:47:38,799 [s2-NettyServerStreamRpc-bossGroup--thread1] INFO  logging.LoggingHandler (AbstractInternalLogger.java:log(148)) - [id: 0x62228788, L:/0.0.0.0:41029] READ COMPLETE
2022-06-08 04:47:38,814 [s0-NettyServerStreamRpc-bossGroup--thread1] INFO  logging.LoggingHandler (AbstractInternalLogger.java:log(148)) - [id: 0xc13fe19a, L:/0.0.0.0:39887] READ: [id: 0xb59c3713, L:/127.0.0.1:39887 - R:/127.0.0.1:55050]
2022-06-08 04:47:38,814 [s0-NettyServerStreamRpc-bossGroup--thread1] INFO  logging.LoggingHandler (AbstractInternalLogger.java:log(148)) - [id: 0xc13fe19a, L:/0.0.0.0:39887] READ COMPLETE
2022-06-08 04:47:38,816 [s1-NettyServerStreamRpc-workerGroup--thread3] INFO  client.DataStreamClient (ConfUtils.java:logGet(46)) - raft.datastream.type = NETTY (custom)
2022-06-08 04:47:38,816 [s1-NettyServerStreamRpc-workerGroup--thread3] INFO  netty.NettyConfigKeys$DataStream (ConfUtils.java:logGet(46)) - raft.netty.dataStream.client.tls.conf = null (default)
2022-06-08 04:47:38,816 [s1-NettyServerStreamRpc-workerGroup--thread3] INFO  netty.NettyConfigKeys$DataStream (ConfUtils.java:logGet(46)) - raft.netty.dataStream.client.reply.queue.grace-period = 1s (default)
2022-06-08 04:47:38,816 [s1-NettyServerStreamRpc-workerGroup--thread3] INFO  netty.NettyConfigKeys$DataStream (ConfUtils.java:logGet(46)) - raft.netty.dataStream.client.worker-group.share = false (default)
2022-06-08 04:47:38,816 [s1-NettyServerStreamRpc-workerGroup--thread3] INFO  netty.NettyConfigKeys$DataStream (ConfUtils.java:logGet(46)) - raft.netty.dataStream.client.worker-group.size = 4 (default)
2022-06-08 04:47:38,826 [s0-NettyServerStreamRpc-workerGroup--thread4] INFO  client.DataStreamClient (ConfUtils.java:logGet(46)) - raft.datastream.type = NETTY (custom)
2022-06-08 04:47:38,827 [s0-NettyServerStreamRpc-workerGroup--thread4] INFO  netty.NettyConfigKeys$DataStream (ConfUtils.java:logGet(46)) - raft.netty.dataStream.client.tls.conf = null (default)
2022-06-08 04:47:38,827 [s0-NettyServerStreamRpc-workerGroup--thread4] INFO  netty.NettyConfigKeys$DataStream (ConfUtils.java:logGet(46)) - raft.netty.dataStream.client.reply.queue.grace-period = 1s (default)
2022-06-08 04:47:38,827 [s0-NettyServerStreamRpc-workerGroup--thread4] INFO  netty.NettyConfigKeys$DataStream (ConfUtils.java:logGet(46)) - raft.netty.dataStream.client.worker-group.share = false (default)
2022-06-08 04:47:38,827 [s0-NettyServerStreamRpc-workerGroup--thread4] INFO  netty.NettyConfigKeys$DataStream (ConfUtils.java:logGet(46)) - raft.netty.dataStream.client.worker-group.size = 4 (default)
2022-06-08 04:47:38,829 [s2-NettyServerStreamRpc-bossGroup--thread1] INFO  logging.LoggingHandler (AbstractInternalLogger.java:log(148)) - [id: 0x62228788, L:/0.0.0.0:41029] READ: [id: 0xaa6ed37a, L:/127.0.0.1:41029 - R:/127.0.0.1:45850]
2022-06-08 04:47:38,829 [s2-NettyServerStreamRpc-bossGroup--thread1] INFO  logging.LoggingHandler (AbstractInternalLogger.java:log(148)) - [id: 0x62228788, L:/0.0.0.0:41029] READ COMPLETE
2022-06-08 04:47:38,842 [s1-NettyServerStreamRpc-workerGroup--thread1] INFO  client.DataStreamClient (ConfUtils.java:logGet(46)) - raft.datastream.type = NETTY (custom)
2022-06-08 04:47:38,843 [s1-NettyServerStreamRpc-workerGroup--thread1] INFO  netty.NettyConfigKeys$DataStream (ConfUtils.java:logGet(46)) - raft.netty.dataStream.client.tls.conf = null (default)
2022-06-08 04:47:38,843 [s1-NettyServerStreamRpc-workerGroup--thread1] INFO  netty.NettyConfigKeys$DataStream (ConfUtils.java:logGet(46)) - raft.netty.dataStream.client.reply.queue.grace-period = 1s (default)
2022-06-08 04:47:38,843 [s1-NettyServerStreamRpc-workerGroup--thread1] INFO  netty.NettyConfigKeys$DataStream (ConfUtils.java:logGet(46)) - raft.netty.dataStream.client.worker-group.share = false (default)
2022-06-08 04:47:38,843 [s1-NettyServerStreamRpc-workerGroup--thread1] INFO  netty.NettyConfigKeys$DataStream (ConfUtils.java:logGet(46)) - raft.netty.dataStream.client.worker-group.size = 4 (default)
2022-06-08 04:47:38,844 [s2-NettyServerStreamRpc-bossGroup--thread1] INFO  logging.LoggingHandler (AbstractInternalLogger.java:log(148)) - [id: 0x62228788, L:/0.0.0.0:41029] READ: [id: 0x9f3e9a39, L:/127.0.0.1:41029 - R:/127.0.0.1:45852]
2022-06-08 04:47:38,844 [s2-NettyServerStreamRpc-bossGroup--thread1] INFO  logging.LoggingHandler (AbstractInternalLogger.java:log(148)) - [id: 0x62228788, L:/0.0.0.0:41029] READ COMPLETE
2022-06-08 04:47:38,845 [s1-NettyServerStreamRpc-workerGroup--thread3] INFO  client.DataStreamClient (ConfUtils.java:logGet(46)) - raft.datastream.type = NETTY (custom)
2022-06-08 04:47:38,845 [s1-NettyServerStreamRpc-workerGroup--thread3] INFO  netty.NettyConfigKeys$DataStream (ConfUtils.java:logGet(46)) - raft.netty.dataStream.client.tls.conf = null (default)
2022-06-08 04:47:38,845 [s1-NettyServerStreamRpc-workerGroup--thread3] INFO  netty.NettyConfigKeys$DataStream (ConfUtils.java:logGet(46)) - raft.netty.dataStream.client.reply.queue.grace-period = 1s (default)
2022-06-08 04:47:38,846 [s1-NettyServerStreamRpc-workerGroup--thread3] INFO  netty.NettyConfigKeys$DataStream (ConfUtils.java:logGet(46)) - raft.netty.dataStream.client.worker-group.share = false (default)
2022-06-08 04:47:38,846 [s1-NettyServerStreamRpc-workerGroup--thread3] INFO  netty.NettyConfigKeys$DataStream (ConfUtils.java:logGet(46)) - raft.netty.dataStream.client.worker-group.size = 4 (default)
2022-06-08 04:47:38,847 [s0-NettyServerStreamRpc-bossGroup--thread1] INFO  logging.LoggingHandler (AbstractInternalLogger.java:log(148)) - [id: 0xc13fe19a, L:/0.0.0.0:39887] READ: [id: 0x2ee68948, L:/127.0.0.1:39887 - R:/127.0.0.1:55056]
2022-06-08 04:47:38,847 [s0-NettyServerStreamRpc-bossGroup--thread1] INFO  logging.LoggingHandler (AbstractInternalLogger.java:log(148)) - [id: 0xc13fe19a, L:/0.0.0.0:39887] READ COMPLETE
2022-06-08 04:47:38,848 [s1-NettyServerStreamRpc-workerGroup--thread1] INFO  client.DataStreamClient (ConfUtils.java:logGet(46)) - raft.datastream.type = NETTY (custom)
2022-06-08 04:47:38,848 [s1-NettyServerStreamRpc-workerGroup--thread1] INFO  netty.NettyConfigKeys$DataStream (ConfUtils.java:logGet(46)) - raft.netty.dataStream.client.tls.conf = null (default)
2022-06-08 04:47:38,848 [s1-NettyServerStreamRpc-workerGroup--thread1] INFO  netty.NettyConfigKeys$DataStream (ConfUtils.java:logGet(46)) - raft.netty.dataStream.client.reply.queue.grace-period = 1s (default)
2022-06-08 04:47:38,848 [s1-NettyServerStreamRpc-workerGroup--thread1] INFO  netty.NettyConfigKeys$DataStream (ConfUtils.java:logGet(46)) - raft.netty.dataStream.client.worker-group.share = false (default)
2022-06-08 04:47:38,848 [s1-NettyServerStreamRpc-workerGroup--thread1] INFO  netty.NettyConfigKeys$DataStream (ConfUtils.java:logGet(46)) - raft.netty.dataStream.client.worker-group.size = 4 (default)
2022-06-08 04:47:38,850 [s1-NettyServerStreamRpc-workerGroup--thread4] INFO  client.DataStreamClient (ConfUtils.java:logGet(46)) - raft.datastream.type = NETTY (custom)
2022-06-08 04:47:38,850 [s1-NettyServerStreamRpc-workerGroup--thread4] INFO  netty.NettyConfigKeys$DataStream (ConfUtils.java:logGet(46)) - raft.netty.dataStream.client.tls.conf = null (default)
2022-06-08 04:47:38,850 [s1-NettyServerStreamRpc-workerGroup--thread4] INFO  netty.NettyConfigKeys$DataStream (ConfUtils.java:logGet(46)) - raft.netty.dataStream.client.reply.queue.grace-period = 1s (default)
2022-06-08 04:47:38,850 [s1-NettyServerStreamRpc-workerGroup--thread4] INFO  netty.NettyConfigKeys$DataStream (ConfUtils.java:logGet(46)) - raft.netty.dataStream.client.worker-group.share = false (default)
2022-06-08 04:47:38,850 [s1-NettyServerStreamRpc-workerGroup--thread4] INFO  netty.NettyConfigKeys$DataStream (ConfUtils.java:logGet(46)) - raft.netty.dataStream.client.worker-group.size = 4 (default)
2022-06-08 04:47:38,854 [s2-NettyServerStreamRpc-bossGroup--thread1] INFO  logging.LoggingHandler (AbstractInternalLogger.java:log(148)) - [id: 0x62228788, L:/0.0.0.0:41029] READ: [id: 0xf5bf08d7, L:/127.0.0.1:41029 - R:/127.0.0.1:45856]
2022-06-08 04:47:38,854 [s2-NettyServerStreamRpc-bossGroup--thread1] INFO  logging.LoggingHandler (AbstractInternalLogger.java:log(148)) - [id: 0x62228788, L:/0.0.0.0:41029] READ COMPLETE
2022-06-08 04:47:38,855 [s0-NettyServerStreamRpc-bossGroup--thread1] INFO  logging.LoggingHandler (AbstractInternalLogger.java:log(148)) - [id: 0xc13fe19a, L:/0.0.0.0:39887] READ: [id: 0x928fd604, L:/127.0.0.1:39887 - R:/127.0.0.1:55060]
2022-06-08 04:47:38,855 [s0-NettyServerStreamRpc-bossGroup--thread1] INFO  logging.LoggingHandler (AbstractInternalLogger.java:log(148)) - [id: 0xc13fe19a, L:/0.0.0.0:39887] READ COMPLETE
2022-06-08 04:47:38,857 [s2-NettyServerStreamRpc-bossGroup--thread1] INFO  logging.LoggingHandler (AbstractInternalLogger.java:log(148)) - [id: 0x62228788, L:/0.0.0.0:41029] READ: [id: 0x3205c33b, L:/127.0.0.1:41029 - R:/127.0.0.1:45860]
2022-06-08 04:47:38,857 [s2-NettyServerStreamRpc-bossGroup--thread1] INFO  logging.LoggingHandler (AbstractInternalLogger.java:log(148)) - [id: 0x62228788, L:/0.0.0.0:41029] READ COMPLETE
2022-06-08 04:47:38,863 [s0-NettyServerStreamRpc-workerGroup--thread1] INFO  client.DataStreamClient (ConfUtils.java:logGet(46)) - raft.datastream.type = NETTY (custom)
2022-06-08 04:47:38,864 [s0-NettyServerStreamRpc-workerGroup--thread1] INFO  netty.NettyConfigKeys$DataStream (ConfUtils.java:logGet(46)) - raft.netty.dataStream.client.tls.conf = null (default)
2022-06-08 04:47:38,864 [s0-NettyServerStreamRpc-workerGroup--thread1] INFO  netty.NettyConfigKeys$DataStream (ConfUtils.java:logGet(46)) - raft.netty.dataStream.client.reply.queue.grace-period = 1s (default)
2022-06-08 04:47:38,864 [s0-NettyServerStreamRpc-workerGroup--thread1] INFO  netty.NettyConfigKeys$DataStream (ConfUtils.java:logGet(46)) - raft.netty.dataStream.client.worker-group.share = false (default)
2022-06-08 04:47:38,864 [s0-NettyServerStreamRpc-workerGroup--thread1] INFO  netty.NettyConfigKeys$DataStream (ConfUtils.java:logGet(46)) - raft.netty.dataStream.client.worker-group.size = 4 (default)
2022-06-08 04:47:38,866 [s2-NettyServerStreamRpc-bossGroup--thread1] INFO  logging.LoggingHandler (AbstractInternalLogger.java:log(148)) - [id: 0x62228788, L:/0.0.0.0:41029] READ: [id: 0x77063502, L:/127.0.0.1:41029 - R:/127.0.0.1:45862]
2022-06-08 04:47:38,866 [s2-NettyServerStreamRpc-bossGroup--thread1] INFO  logging.LoggingHandler (AbstractInternalLogger.java:log(148)) - [id: 0x62228788, L:/0.0.0.0:41029] READ COMPLETE
2022-06-08 04:47:38,873 [s1-NettyServerStreamRpc-workerGroup--thread1] INFO  client.DataStreamClient (ConfUtils.java:logGet(46)) - raft.datastream.type = NETTY (custom)
2022-06-08 04:47:38,874 [s1-NettyServerStreamRpc-workerGroup--thread1] INFO  netty.NettyConfigKeys$DataStream (ConfUtils.java:logGet(46)) - raft.netty.dataStream.client.tls.conf = null (default)
2022-06-08 04:47:38,874 [s1-NettyServerStreamRpc-workerGroup--thread1] INFO  netty.NettyConfigKeys$DataStream (ConfUtils.java:logGet(46)) - raft.netty.dataStream.client.reply.queue.grace-period = 1s (default)
2022-06-08 04:47:38,874 [s1-NettyServerStreamRpc-workerGroup--thread1] INFO  netty.NettyConfigKeys$DataStream (ConfUtils.java:logGet(46)) - raft.netty.dataStream.client.worker-group.share = false (default)
2022-06-08 04:47:38,874 [s1-NettyServerStreamRpc-workerGroup--thread1] INFO  netty.NettyConfigKeys$DataStream (ConfUtils.java:logGet(46)) - raft.netty.dataStream.client.worker-group.size = 4 (default)
2022-06-08 04:47:38,877 [s0-NettyServerStreamRpc-bossGroup--thread1] INFO  logging.LoggingHandler (AbstractInternalLogger.java:log(148)) - [id: 0xc13fe19a, L:/0.0.0.0:39887] READ: [id: 0x890f952f, L:/127.0.0.1:39887 - R:/127.0.0.1:55066]
2022-06-08 04:47:38,878 [s1-NettyServerStreamRpc-workerGroup--thread1] INFO  client.DataStreamClient (ConfUtils.java:logGet(46)) - raft.datastream.type = NETTY (custom)
2022-06-08 04:47:38,878 [s1-NettyServerStreamRpc-workerGroup--thread1] INFO  netty.NettyConfigKeys$DataStream (ConfUtils.java:logGet(46)) - raft.netty.dataStream.client.tls.conf = null (default)
2022-06-08 04:47:38,878 [s1-NettyServerStreamRpc-workerGroup--thread1] INFO  netty.NettyConfigKeys$DataStream (ConfUtils.java:logGet(46)) - raft.netty.dataStream.client.reply.queue.grace-period = 1s (default)
2022-06-08 04:47:38,878 [s1-NettyServerStreamRpc-workerGroup--thread1] INFO  netty.NettyConfigKeys$DataStream (ConfUtils.java:logGet(46)) - raft.netty.dataStream.client.worker-group.share = false (default)
2022-06-08 04:47:38,878 [s0-NettyServerStreamRpc-bossGroup--thread1] INFO  logging.LoggingHandler (AbstractInternalLogger.java:log(148)) - [id: 0xc13fe19a, L:/0.0.0.0:39887] READ COMPLETE
2022-06-08 04:47:38,881 [s0-NettyServerStreamRpc-workerGroup--thread3] INFO  client.DataStreamClient (ConfUtils.java:logGet(46)) - raft.datastream.type = NETTY (custom)
2022-06-08 04:47:38,881 [s0-NettyServerStreamRpc-workerGroup--thread3] INFO  netty.NettyConfigKeys$DataStream (ConfUtils.java:logGet(46)) - raft.netty.dataStream.client.tls.conf = null (default)
2022-06-08 04:47:38,881 [s0-NettyServerStreamRpc-workerGroup--thread3] INFO  netty.NettyConfigKeys$DataStream (ConfUtils.java:logGet(46)) - raft.netty.dataStream.client.reply.queue.grace-period = 1s (default)
2022-06-08 04:47:38,881 [s0-NettyServerStreamRpc-workerGroup--thread3] INFO  netty.NettyConfigKeys$DataStream (ConfUtils.java:logGet(46)) - raft.netty.dataStream.client.worker-group.share = false (default)
2022-06-08 04:47:38,881 [s1-NettyServerStreamRpc-workerGroup--thread1] INFO  netty.NettyConfigKeys$DataStream (ConfUtils.java:logGet(46)) - raft.netty.dataStream.client.worker-group.size = 4 (default)
2022-06-08 04:47:38,881 [s0-NettyServerStreamRpc-workerGroup--thread3] INFO  netty.NettyConfigKeys$DataStream (ConfUtils.java:logGet(46)) - raft.netty.dataStream.client.worker-group.size = 4 (default)
2022-06-08 04:47:38,883 [s2-NettyServerStreamRpc-bossGroup--thread1] INFO  logging.LoggingHandler (AbstractInternalLogger.java:log(148)) - [id: 0x62228788, L:/0.0.0.0:41029] READ: [id: 0x50963890, L:/127.0.0.1:41029 - R:/127.0.0.1:45866]
2022-06-08 04:47:38,883 [s2-NettyServerStreamRpc-bossGroup--thread1] INFO  logging.LoggingHandler (AbstractInternalLogger.java:log(148)) - [id: 0x62228788, L:/0.0.0.0:41029] READ COMPLETE
2022-06-08 04:47:38,890 [s2-NettyServerStreamRpc-bossGroup--thread1] INFO  logging.LoggingHandler (AbstractInternalLogger.java:log(148)) - [id: 0x62228788, L:/0.0.0.0:41029] READ: [id: 0x22bfba9b, L:/127.0.0.1:41029 - R:/127.0.0.1:45868]
2022-06-08 04:47:38,890 [s2-NettyServerStreamRpc-bossGroup--thread1] INFO  logging.LoggingHandler (AbstractInternalLogger.java:log(148)) - [id: 0x62228788, L:/0.0.0.0:41029] READ COMPLETE
2022-06-08 04:47:38,891 [s0-NettyServerStreamRpc-workerGroup--thread2] INFO  client.DataStreamClient (ConfUtils.java:logGet(46)) - raft.datastream.type = NETTY (custom)
2022-06-08 04:47:38,891 [s0-NettyServerStreamRpc-workerGroup--thread2] INFO  netty.NettyConfigKeys$DataStream (ConfUtils.java:logGet(46)) - raft.netty.dataStream.client.tls.conf = null (default)
2022-06-08 04:47:38,891 [s0-NettyServerStreamRpc-workerGroup--thread2] INFO  netty.NettyConfigKeys$DataStream (ConfUtils.java:logGet(46)) - raft.netty.dataStream.client.reply.queue.grace-period = 1s (default)
2022-06-08 04:47:38,891 [s0-NettyServerStreamRpc-workerGroup--thread2] INFO  netty.NettyConfigKeys$DataStream (ConfUtils.java:logGet(46)) - raft.netty.dataStream.client.worker-group.share = false (default)
2022-06-08 04:47:38,891 [s0-NettyServerStreamRpc-workerGroup--thread2] INFO  netty.NettyConfigKeys$DataStream (ConfUtils.java:logGet(46)) - raft.netty.dataStream.client.worker-group.size = 4 (default)
2022-06-08 04:47:38,894 [s2-NettyServerStreamRpc-bossGroup--thread1] INFO  logging.LoggingHandler (AbstractInternalLogger.java:log(148)) - [id: 0x62228788, L:/0.0.0.0:41029] READ: [id: 0x55d0eb2c, L:/127.0.0.1:41029 - R:/127.0.0.1:45870]
2022-06-08 04:47:38,894 [s2-NettyServerStreamRpc-bossGroup--thread1] INFO  logging.LoggingHandler (AbstractInternalLogger.java:log(148)) - [id: 0x62228788, L:/0.0.0.0:41029] READ COMPLETE
2022-06-08 04:47:38,900 [s0-NettyServerStreamRpc-workerGroup--thread2] INFO  client.DataStreamClient (ConfUtils.java:logGet(46)) - raft.datastream.type = NETTY (custom)
2022-06-08 04:47:38,901 [s0-NettyServerStreamRpc-workerGroup--thread2] INFO  netty.NettyConfigKeys$DataStream (ConfUtils.java:logGet(46)) - raft.netty.dataStream.client.tls.conf = null (default)
2022-06-08 04:47:38,901 [s0-NettyServerStreamRpc-workerGroup--thread2] INFO  netty.NettyConfigKeys$DataStream (ConfUtils.java:logGet(46)) - raft.netty.dataStream.client.reply.queue.grace-period = 1s (default)
2022-06-08 04:47:38,901 [s0-NettyServerStreamRpc-workerGroup--thread2] INFO  netty.NettyConfigKeys$DataStream (ConfUtils.java:logGet(46)) - raft.netty.dataStream.client.worker-group.share = false (default)
2022-06-08 04:47:38,901 [s0-NettyServerStreamRpc-workerGroup--thread2] INFO  netty.NettyConfigKeys$DataStream (ConfUtils.java:logGet(46)) - raft.netty.dataStream.client.worker-group.size = 4 (default)
2022-06-08 04:47:38,903 [s0-NettyServerStreamRpc-bossGroup--thread1] INFO  logging.LoggingHandler (AbstractInternalLogger.java:log(148)) - [id: 0xc13fe19a, L:/0.0.0.0:39887] READ: [id: 0xb0c3d622, L:/127.0.0.1:39887 - R:/127.0.0.1:55074]
2022-06-08 04:47:38,903 [s0-NettyServerStreamRpc-bossGroup--thread1] INFO  logging.LoggingHandler (AbstractInternalLogger.java:log(148)) - [id: 0xc13fe19a, L:/0.0.0.0:39887] READ COMPLETE
2022-06-08 04:47:38,904 [s0-NettyServerStreamRpc-workerGroup--thread4] INFO  client.DataStreamClient (ConfUtils.java:logGet(46)) - raft.datastream.type = NETTY (custom)
2022-06-08 04:47:38,904 [s0-NettyServerStreamRpc-workerGroup--thread4] INFO  netty.NettyConfigKeys$DataStream (ConfUtils.java:logGet(46)) - raft.netty.dataStream.client.tls.conf = null (default)
2022-06-08 04:47:38,904 [s0-NettyServerStreamRpc-workerGroup--thread4] INFO  netty.NettyConfigKeys$DataStream (ConfUtils.java:logGet(46)) - raft.netty.dataStream.client.reply.queue.grace-period = 1s (default)
2022-06-08 04:47:38,904 [s1-NettyServerStreamRpc-workerGroup--thread1] INFO  client.DataStreamClient (ConfUtils.java:logGet(46)) - raft.datastream.type = NETTY (custom)
2022-06-08 04:47:38,904 [s1-NettyServerStreamRpc-workerGroup--thread1] INFO  netty.NettyConfigKeys$DataStream (ConfUtils.java:logGet(46)) - raft.netty.dataStream.client.tls.conf = null (default)
2022-06-08 04:47:38,904 [s1-NettyServerStreamRpc-workerGroup--thread1] INFO  netty.NettyConfigKeys$DataStream (ConfUtils.java:logGet(46)) - raft.netty.dataStream.client.reply.queue.grace-period = 1s (default)
2022-06-08 04:47:38,904 [s1-NettyServerStreamRpc-workerGroup--thread1] INFO  netty.NettyConfigKeys$DataStream (ConfUtils.java:logGet(46)) - raft.netty.dataStream.client.worker-group.share = false (default)
2022-06-08 04:47:38,904 [s1-NettyServerStreamRpc-workerGroup--thread1] INFO  netty.NettyConfigKeys$DataStream (ConfUtils.java:logGet(46)) - raft.netty.dataStream.client.worker-group.size = 4 (default)
2022-06-08 04:47:38,904 [s0-NettyServerStreamRpc-workerGroup--thread4] INFO  netty.NettyConfigKeys$DataStream (ConfUtils.java:logGet(46)) - raft.netty.dataStream.client.worker-group.share = false (default)
2022-06-08 04:47:38,905 [s0-NettyServerStreamRpc-workerGroup--thread4] INFO  netty.NettyConfigKeys$DataStream (ConfUtils.java:logGet(46)) - raft.netty.dataStream.client.worker-group.size = 4 (default)
2022-06-08 04:47:38,913 [s2-NettyServerStreamRpc-bossGroup--thread1] INFO  logging.LoggingHandler (AbstractInternalLogger.java:log(148)) - [id: 0x62228788, L:/0.0.0.0:41029] READ: [id: 0x0cd759e2, L:/127.0.0.1:41029 - R:/127.0.0.1:45874]
2022-06-08 04:47:38,913 [s2-NettyServerStreamRpc-bossGroup--thread1] INFO  logging.LoggingHandler (AbstractInternalLogger.java:log(148)) - [id: 0x62228788, L:/0.0.0.0:41029] READ COMPLETE
2022-06-08 04:47:38,917 [s2-NettyServerStreamRpc-bossGroup--thread1] INFO  logging.LoggingHandler (AbstractInternalLogger.java:log(148)) - [id: 0x62228788, L:/0.0.0.0:41029] READ: [id: 0xc8ad9209, L:/127.0.0.1:41029 - R:/127.0.0.1:45876]
2022-06-08 04:47:38,917 [s2-NettyServerStreamRpc-bossGroup--thread1] INFO  logging.LoggingHandler (AbstractInternalLogger.java:log(148)) - [id: 0x62228788, L:/0.0.0.0:41029] READ COMPLETE
2022-06-08 04:47:38,924 [s2-NettyServerStreamRpc-bossGroup--thread1] INFO  logging.LoggingHandler (AbstractInternalLogger.java:log(148)) - [id: 0x62228788, L:/0.0.0.0:41029] READ: [id: 0x6137708e, L:/127.0.0.1:41029 - R:/127.0.0.1:45878]
2022-06-08 04:47:38,924 [s2-NettyServerStreamRpc-bossGroup--thread1] INFO  logging.LoggingHandler (AbstractInternalLogger.java:log(148)) - [id: 0x62228788, L:/0.0.0.0:41029] READ COMPLETE
2022-06-08 04:47:38,925 [s1-NettyServerStreamRpc-workerGroup--thread1] INFO  client.DataStreamClient (ConfUtils.java:logGet(46)) - raft.datastream.type = NETTY (custom)
2022-06-08 04:47:38,925 [s1-NettyServerStreamRpc-workerGroup--thread1] INFO  netty.NettyConfigKeys$DataStream (ConfUtils.java:logGet(46)) - raft.netty.dataStream.client.tls.conf = null (default)
2022-06-08 04:47:38,925 [s1-NettyServerStreamRpc-workerGroup--thread1] INFO  netty.NettyConfigKeys$DataStream (ConfUtils.java:logGet(46)) - raft.netty.dataStream.client.reply.queue.grace-period = 1s (default)
2022-06-08 04:47:38,925 [s1-NettyServerStreamRpc-workerGroup--thread1] INFO  netty.NettyConfigKeys$DataStream (ConfUtils.java:logGet(46)) - raft.netty.dataStream.client.worker-group.share = false (default)
2022-06-08 04:47:38,926 [s1-NettyServerStreamRpc-workerGroup--thread1] INFO  netty.NettyConfigKeys$DataStream (ConfUtils.java:logGet(46)) - raft.netty.dataStream.client.worker-group.size = 4 (default)
2022-06-08 04:47:38,980 [s2-NettyServerStreamRpc-bossGroup--thread1] INFO  logging.LoggingHandler (AbstractInternalLogger.java:log(148)) - [id: 0x62228788, L:/0.0.0.0:41029] READ: [id: 0xfa50d3d7, L:/127.0.0.1:41029 - R:/127.0.0.1:45880]
2022-06-08 04:47:38,980 [s2-NettyServerStreamRpc-bossGroup--thread1] INFO  logging.LoggingHandler (AbstractInternalLogger.java:log(148)) - [id: 0x62228788, L:/0.0.0.0:41029] READ COMPLETE
2022-06-08 04:47:39,048 [s1-NettyServerStreamRpc-workerGroup--thread1] INFO  client.DataStreamClient (ConfUtils.java:logGet(46)) - raft.datastream.type = NETTY (custom)
2022-06-08 04:47:39,048 [s1-NettyServerStreamRpc-workerGroup--thread1] INFO  netty.NettyConfigKeys$DataStream (ConfUtils.java:logGet(46)) - raft.netty.dataStream.client.tls.conf = null (default)
2022-06-08 04:47:39,049 [s1-NettyServerStreamRpc-workerGroup--thread1] INFO  netty.NettyConfigKeys$DataStream (ConfUtils.java:logGet(46)) - raft.netty.dataStream.client.reply.queue.grace-period = 1s (default)
2022-06-08 04:47:39,049 [s1-NettyServerStreamRpc-workerGroup--thread1] INFO  netty.NettyConfigKeys$DataStream (ConfUtils.java:logGet(46)) - raft.netty.dataStream.client.worker-group.share = false (default)
2022-06-08 04:47:39,049 [s1-NettyServerStreamRpc-workerGroup--thread1] INFO  netty.NettyConfigKeys$DataStream (ConfUtils.java:logGet(46)) - raft.netty.dataStream.client.worker-group.size = 4 (default)
2022-06-08 04:47:39,055 [s0-NettyServerStreamRpc-bossGroup--thread1] INFO  logging.LoggingHandler (AbstractInternalLogger.java:log(148)) - [id: 0xc13fe19a, L:/0.0.0.0:39887] READ: [id: 0x15a59789, L:/127.0.0.1:39887 - R:/127.0.0.1:55084]
2022-06-08 04:47:39,056 [s0-NettyServerStreamRpc-bossGroup--thread1] INFO  logging.LoggingHandler (AbstractInternalLogger.java:log(148)) - [id: 0xc13fe19a, L:/0.0.0.0:39887] READ COMPLETE
2022-06-08 04:47:39,078 [s0-NettyServerStreamRpc-workerGroup--thread1] INFO  client.DataStreamClient (ConfUtils.java:logGet(46)) - raft.datastream.type = NETTY (custom)
2022-06-08 04:47:39,078 [s0-NettyServerStreamRpc-workerGroup--thread1] INFO  netty.NettyConfigKeys$DataStream (ConfUtils.java:logGet(46)) - raft.netty.dataStream.client.tls.conf = null (default)
2022-06-08 04:47:39,078 [s0-NettyServerStreamRpc-workerGroup--thread1] INFO  netty.NettyConfigKeys$DataStream (ConfUtils.java:logGet(46)) - raft.netty.dataStream.client.reply.queue.grace-period = 1s (default)
2022-06-08 04:47:39,078 [s0-NettyServerStreamRpc-workerGroup--thread1] INFO  netty.NettyConfigKeys$DataStream (ConfUtils.java:logGet(46)) - raft.netty.dataStream.client.worker-group.share = false (default)
2022-06-08 04:47:39,078 [s0-NettyServerStreamRpc-workerGroup--thread1] INFO  netty.NettyConfigKeys$DataStream (ConfUtils.java:logGet(46)) - raft.netty.dataStream.client.worker-group.size = 4 (default)
2022-06-08 04:47:39,097 [s2-NettyServerStreamRpc-bossGroup--thread1] INFO  logging.LoggingHandler (AbstractInternalLogger.java:log(148)) - [id: 0x62228788, L:/0.0.0.0:41029] READ: [id: 0x6ff7b320, L:/127.0.0.1:41029 - R:/127.0.0.1:45884]
2022-06-08 04:47:39,098 [s2-NettyServerStreamRpc-bossGroup--thread1] INFO  logging.LoggingHandler (AbstractInternalLogger.java:log(148)) - [id: 0x62228788, L:/0.0.0.0:41029] READ COMPLETE
2022-06-08 04:47:39,456 [pool-9-thread-10] INFO  datastream.DataStreamTestUtils (DataStreamTestUtils.java:writeAndCloseAndAssertReplies(320)) - Stream366: bytesWritten=7388398
2022-06-08 04:47:39,481 [pool-9-thread-11] INFO  datastream.DataStreamTestUtils (DataStreamTestUtils.java:writeAndCloseAndAssertReplies(320)) - Stream367: bytesWritten=7393871
2022-06-08 04:47:39,622 [pool-9-thread-14] INFO  datastream.DataStreamTestUtils (DataStreamTestUtils.java:writeAndCloseAndAssertReplies(320)) - Stream370: bytesWritten=7237452
2022-06-08 04:47:39,677 [pool-9-thread-13] INFO  datastream.DataStreamTestUtils (DataStreamTestUtils.java:writeAndCloseAndAssertReplies(320)) - Stream369: bytesWritten=8306111
2022-06-08 04:47:39,716 [s0-client-thread1] INFO  statemachine.StateMachine (DataStreamTestUtils.java:link(157)) - link SingleDataStream: writeRequest=RaftClientRequest:client-F2DA80985031->s0@group-B9997C7BCCDC, cid=366, seq=0, DataStream, Message:<EMPTY>, logEntry=null
2022-06-08 04:47:39,718 [s0-client-thread1] INFO  statemachine.StateMachine (DataStreamTestUtils.java:link(157)) - link SingleDataStream: writeRequest=RaftClientRequest:client-F2DA80985031->s0@group-B9997C7BCCDC, cid=367, seq=0, DataStream, Message:<EMPTY>, logEntry=null
2022-06-08 04:47:39,719 [s2-server-thread1] INFO  statemachine.StateMachine (DataStreamTestUtils.java:link(157)) - link SingleDataStream: writeRequest=RaftClientRequest:client-F2DA80985031->s0@group-B9997C7BCCDC, cid=366, seq=0, DataStream, Message:<EMPTY>, logEntry=null
2022-06-08 04:47:39,720 [s0-client-thread1] INFO  statemachine.StateMachine (DataStreamTestUtils.java:link(157)) - link SingleDataStream: writeRequest=RaftClientRequest:client-F2DA80985031->s0@group-B9997C7BCCDC, cid=369, seq=0, DataStream, Message:<EMPTY>, logEntry=null
2022-06-08 04:47:39,721 [s2-server-thread1] INFO  statemachine.StateMachine (DataStreamTestUtils.java:link(157)) - link SingleDataStream: writeRequest=RaftClientRequest:client-F2DA80985031->s0@group-B9997C7BCCDC, cid=367, seq=0, DataStream, Message:<EMPTY>, logEntry=null
2022-06-08 04:47:39,721 [s2-server-thread1] INFO  statemachine.StateMachine (DataStreamTestUtils.java:link(157)) - link SingleDataStream: writeRequest=RaftClientRequest:client-F2DA80985031->s0@group-B9997C7BCCDC, cid=369, seq=0, DataStream, Message:<EMPTY>, logEntry=null
2022-06-08 04:47:39,724 [s1-server-thread1] INFO  statemachine.StateMachine (DataStreamTestUtils.java:link(157)) - link SingleDataStream: writeRequest=RaftClientRequest:client-F2DA80985031->s0@group-B9997C7BCCDC, cid=366, seq=0, DataStream, Message:<EMPTY>, logEntry=null
2022-06-08 04:47:39,725 [s1-server-thread1] INFO  statemachine.StateMachine (DataStreamTestUtils.java:link(157)) - link SingleDataStream: writeRequest=RaftClientRequest:client-F2DA80985031->s0@group-B9997C7BCCDC, cid=367, seq=0, DataStream, Message:<EMPTY>, logEntry=null
2022-06-08 04:47:39,725 [s1-server-thread1] INFO  statemachine.StateMachine (DataStreamTestUtils.java:link(157)) - link SingleDataStream: writeRequest=RaftClientRequest:client-F2DA80985031->s0@group-B9997C7BCCDC, cid=369, seq=0, DataStream, Message:<EMPTY>, logEntry=null
2022-06-08 04:47:39,759 [pool-9-thread-15] INFO  datastream.DataStreamTestUtils (DataStreamTestUtils.java:writeAndCloseAndAssertReplies(320)) - Stream371: bytesWritten=7480221
2022-06-08 04:47:39,768 [pool-9-thread-16] INFO  datastream.DataStreamTestUtils (DataStreamTestUtils.java:writeAndCloseAndAssertReplies(320)) - Stream372: bytesWritten=7753847
2022-06-08 04:47:39,770 [pool-9-thread-12] INFO  datastream.DataStreamTestUtils (DataStreamTestUtils.java:writeAndCloseAndAssertReplies(320)) - Stream368: bytesWritten=7931123
2022-06-08 04:47:39,792 [pool-9-thread-10] INFO  datastream.DataStreamTestUtils (DataStreamTestUtils.java:writeAndCloseAndAssertReplies(311)) - start Stream373
2022-06-08 04:47:39,792 [pool-9-thread-11] INFO  datastream.DataStreamTestUtils (DataStreamTestUtils.java:writeAndCloseAndAssertReplies(311)) - start Stream374
2022-06-08 04:47:39,797 [pool-9-thread-13] INFO  datastream.DataStreamTestUtils (DataStreamTestUtils.java:writeAndCloseAndAssertReplies(311)) - start Stream375
2022-06-08 04:47:39,881 [s0-client-thread1] INFO  statemachine.StateMachine (DataStreamTestUtils.java:link(157)) - link SingleDataStream: writeRequest=RaftClientRequest:client-DED3B4879612->s1@group-B9997C7BCCDC, cid=370, seq=0, DataStream, Message:<EMPTY>, logEntry=null
2022-06-08 04:47:39,883 [s0-client-thread1] INFO  statemachine.StateMachine (DataStreamTestUtils.java:link(157)) - link SingleDataStream: writeRequest=RaftClientRequest:client-DED3B4879612->s1@group-B9997C7BCCDC, cid=371, seq=0, DataStream, Message:<EMPTY>, logEntry=null
2022-06-08 04:47:39,892 [s0-client-thread1] INFO  statemachine.StateMachine (DataStreamTestUtils.java:link(157)) - link SingleDataStream: writeRequest=RaftClientRequest:client-DED3B4879612->s1@group-B9997C7BCCDC, cid=372, seq=0, DataStream, Message:<EMPTY>, logEntry=null
2022-06-08 04:47:39,893 [s0-client-thread1] INFO  statemachine.StateMachine (DataStreamTestUtils.java:link(157)) - link SingleDataStream: writeRequest=RaftClientRequest:client-DED3B4879612->s1@group-B9997C7BCCDC, cid=368, seq=0, DataStream, Message:<EMPTY>, logEntry=null
2022-06-08 04:47:39,903 [s2-server-thread1] INFO  statemachine.StateMachine (DataStreamTestUtils.java:link(157)) - link SingleDataStream: writeRequest=RaftClientRequest:client-DED3B4879612->s1@group-B9997C7BCCDC, cid=370, seq=0, DataStream, Message:<EMPTY>, logEntry=null
2022-06-08 04:47:39,903 [s2-server-thread1] INFO  statemachine.StateMachine (DataStreamTestUtils.java:link(157)) - link SingleDataStream: writeRequest=RaftClientRequest:client-DED3B4879612->s1@group-B9997C7BCCDC, cid=371, seq=0, DataStream, Message:<EMPTY>, logEntry=null
2022-06-08 04:47:39,904 [s2-server-thread1] INFO  statemachine.StateMachine (DataStreamTestUtils.java:link(157)) - link SingleDataStream: writeRequest=RaftClientRequest:client-DED3B4879612->s1@group-B9997C7BCCDC, cid=372, seq=0, DataStream, Message:<EMPTY>, logEntry=null
2022-06-08 04:47:39,904 [s2-server-thread1] INFO  statemachine.StateMachine (DataStreamTestUtils.java:link(157)) - link SingleDataStream: writeRequest=RaftClientRequest:client-DED3B4879612->s1@group-B9997C7BCCDC, cid=368, seq=0, DataStream, Message:<EMPTY>, logEntry=null
2022-06-08 04:47:39,913 [s1-server-thread1] INFO  statemachine.StateMachine (DataStreamTestUtils.java:link(157)) - link SingleDataStream: writeRequest=RaftClientRequest:client-DED3B4879612->s1@group-B9997C7BCCDC, cid=370, seq=0, DataStream, Message:<EMPTY>, logEntry=null
2022-06-08 04:47:39,914 [s1-server-thread1] INFO  statemachine.StateMachine (DataStreamTestUtils.java:link(157)) - link SingleDataStream: writeRequest=RaftClientRequest:client-DED3B4879612->s1@group-B9997C7BCCDC, cid=371, seq=0, DataStream, Message:<EMPTY>, logEntry=null
2022-06-08 04:47:39,914 [s1-server-thread1] INFO  statemachine.StateMachine (DataStreamTestUtils.java:link(157)) - link SingleDataStream: writeRequest=RaftClientRequest:client-DED3B4879612->s1@group-B9997C7BCCDC, cid=372, seq=0, DataStream, Message:<EMPTY>, logEntry=null
2022-06-08 04:47:39,914 [s1-server-thread1] INFO  statemachine.StateMachine (DataStreamTestUtils.java:link(157)) - link SingleDataStream: writeRequest=RaftClientRequest:client-DED3B4879612->s1@group-B9997C7BCCDC, cid=368, seq=0, DataStream, Message:<EMPTY>, logEntry=null
2022-06-08 04:47:39,954 [pool-9-thread-14] INFO  datastream.DataStreamTestUtils (DataStreamTestUtils.java:writeAndCloseAndAssertReplies(311)) - start Stream376
2022-06-08 04:47:39,956 [pool-9-thread-15] INFO  datastream.DataStreamTestUtils (DataStreamTestUtils.java:writeAndCloseAndAssertReplies(311)) - start Stream378
2022-06-08 04:47:39,957 [pool-9-thread-16] INFO  datastream.DataStreamTestUtils (DataStreamTestUtils.java:writeAndCloseAndAssertReplies(311)) - start Stream379
2022-06-08 04:47:39,960 [pool-9-thread-12] INFO  datastream.DataStreamTestUtils (DataStreamTestUtils.java:writeAndCloseAndAssertReplies(311)) - start Stream380
2022-06-08 04:47:40,525 [pool-9-thread-10] INFO  datastream.DataStreamTestUtils (DataStreamTestUtils.java:writeAndCloseAndAssertReplies(320)) - Stream373: bytesWritten=7457191
2022-06-08 04:47:40,529 [s0-client-thread1] INFO  statemachine.StateMachine (DataStreamTestUtils.java:link(157)) - link SingleDataStream: writeRequest=RaftClientRequest:client-DED3B4879612->s1@group-B9997C7BCCDC, cid=373, seq=0, DataStream, Message:<EMPTY>, logEntry=null
2022-06-08 04:47:40,540 [s1-server-thread1] INFO  statemachine.StateMachine (DataStreamTestUtils.java:link(157)) - link SingleDataStream: writeRequest=RaftClientRequest:client-DED3B4879612->s1@group-B9997C7BCCDC, cid=373, seq=0, DataStream, Message:<EMPTY>, logEntry=null
2022-06-08 04:47:40,569 [pool-9-thread-11] INFO  datastream.DataStreamTestUtils (DataStreamTestUtils.java:writeAndCloseAndAssertReplies(320)) - Stream374: bytesWritten=7323435
2022-06-08 04:47:40,574 [s0-client-thread1] INFO  statemachine.StateMachine (DataStreamTestUtils.java:link(157)) - link SingleDataStream: writeRequest=RaftClientRequest:client-DED3B4879612->s1@group-B9997C7BCCDC, cid=374, seq=0, DataStream, Message:<EMPTY>, logEntry=null
2022-06-08 04:47:40,575 [s1-server-thread1] INFO  statemachine.StateMachine (DataStreamTestUtils.java:link(157)) - link SingleDataStream: writeRequest=RaftClientRequest:client-DED3B4879612->s1@group-B9997C7BCCDC, cid=374, seq=0, DataStream, Message:<EMPTY>, logEntry=null
2022-06-08 04:47:40,607 [pool-9-thread-10] INFO  datastream.DataStreamTestUtils (DataStreamTestUtils.java:writeAndCloseAndAssertReplies(311)) - start Stream381
2022-06-08 04:47:40,618 [pool-9-thread-13] INFO  datastream.DataStreamTestUtils (DataStreamTestUtils.java:writeAndCloseAndAssertReplies(320)) - Stream375: bytesWritten=7601428
2022-06-08 04:47:40,621 [s0-client-thread1] INFO  statemachine.StateMachine (DataStreamTestUtils.java:link(157)) - link SingleDataStream: writeRequest=RaftClientRequest:client-DED3B4879612->s1@group-B9997C7BCCDC, cid=375, seq=0, DataStream, Message:<EMPTY>, logEntry=null
2022-06-08 04:47:40,622 [s1-server-thread1] INFO  statemachine.StateMachine (DataStreamTestUtils.java:link(157)) - link SingleDataStream: writeRequest=RaftClientRequest:client-DED3B4879612->s1@group-B9997C7BCCDC, cid=375, seq=0, DataStream, Message:<EMPTY>, logEntry=null
2022-06-08 04:47:40,650 [pool-9-thread-11] INFO  datastream.DataStreamTestUtils (DataStreamTestUtils.java:writeAndCloseAndAssertReplies(311)) - start Stream382
2022-06-08 04:47:40,658 [pool-9-thread-12] INFO  datastream.DataStreamTestUtils (DataStreamTestUtils.java:writeAndCloseAndAssertReplies(320)) - Stream380: bytesWritten=7092990
2022-06-08 04:47:40,669 [pool-9-thread-14] INFO  datastream.DataStreamTestUtils (DataStreamTestUtils.java:writeAndCloseAndAssertReplies(320)) - Stream376: bytesWritten=8003181
2022-06-08 04:47:40,671 [s0-client-thread1] INFO  statemachine.StateMachine (DataStreamTestUtils.java:link(157)) - link SingleDataStream: writeRequest=RaftClientRequest:client-DED3B4879612->s1@group-B9997C7BCCDC, cid=376, seq=0, DataStream, Message:<EMPTY>, logEntry=null
2022-06-08 04:47:40,672 [s1-server-thread1] INFO  statemachine.StateMachine (DataStreamTestUtils.java:link(157)) - link SingleDataStream: writeRequest=RaftClientRequest:client-DED3B4879612->s1@group-B9997C7BCCDC, cid=376, seq=0, DataStream, Message:<EMPTY>, logEntry=null
2022-06-08 04:47:40,807 [s2-server-thread1] INFO  statemachine.StateMachine (DataStreamTestUtils.java:link(157)) - link SingleDataStream: writeRequest=RaftClientRequest:client-DED3B4879612->s1@group-B9997C7BCCDC, cid=373, seq=0, DataStream, Message:<EMPTY>, logEntry=null
2022-06-08 04:47:40,814 [s2-server-thread1] INFO  statemachine.StateMachine (DataStreamTestUtils.java:link(157)) - link SingleDataStream: writeRequest=RaftClientRequest:client-DED3B4879612->s1@group-B9997C7BCCDC, cid=374, seq=0, DataStream, Message:<EMPTY>, logEntry=null
2022-06-08 04:47:40,815 [s2-server-thread1] INFO  statemachine.StateMachine (DataStreamTestUtils.java:link(157)) - link SingleDataStream: writeRequest=RaftClientRequest:client-DED3B4879612->s1@group-B9997C7BCCDC, cid=375, seq=0, DataStream, Message:<EMPTY>, logEntry=null
2022-06-08 04:47:40,816 [s2-server-thread1] INFO  statemachine.StateMachine (DataStreamTestUtils.java:link(157)) - link SingleDataStream: writeRequest=RaftClientRequest:client-DED3B4879612->s1@group-B9997C7BCCDC, cid=376, seq=0, DataStream, Message:<EMPTY>, logEntry=null
2022-06-08 04:47:40,889 [s0-client-thread1] INFO  statemachine.StateMachine (DataStreamTestUtils.java:link(157)) - link SingleDataStream: writeRequest=RaftClientRequest:client-06DFFC83996C->s2@group-B9997C7BCCDC, cid=380, seq=0, DataStream, Message:<EMPTY>, logEntry=null
2022-06-08 04:47:40,893 [pool-9-thread-13] INFO  datastream.DataStreamTestUtils (DataStreamTestUtils.java:writeAndCloseAndAssertReplies(311)) - start Stream383
2022-06-08 04:47:40,896 [pool-9-thread-14] INFO  datastream.DataStreamTestUtils (DataStreamTestUtils.java:writeAndCloseAndAssertReplies(311)) - start Stream384
2022-06-08 04:47:40,899 [s2-server-thread1] INFO  statemachine.StateMachine (DataStreamTestUtils.java:link(157)) - link SingleDataStream: writeRequest=RaftClientRequest:client-06DFFC83996C->s2@group-B9997C7BCCDC, cid=380, seq=0, DataStream, Message:<EMPTY>, logEntry=null
2022-06-08 04:47:40,921 [pool-9-thread-15] INFO  datastream.DataStreamTestUtils (DataStreamTestUtils.java:writeAndCloseAndAssertReplies(320)) - Stream378: bytesWritten=7291665
2022-06-08 04:47:40,925 [s1-server-thread1] INFO  statemachine.StateMachine (DataStreamTestUtils.java:link(157)) - link SingleDataStream: writeRequest=RaftClientRequest:client-06DFFC83996C->s2@group-B9997C7BCCDC, cid=380, seq=0, DataStream, Message:<EMPTY>, logEntry=null
2022-06-08 04:47:40,938 [s0-client-thread1] INFO  statemachine.StateMachine (DataStreamTestUtils.java:link(157)) - link SingleDataStream: writeRequest=RaftClientRequest:client-06DFFC83996C->s2@group-B9997C7BCCDC, cid=378, seq=0, DataStream, Message:<EMPTY>, logEntry=null
2022-06-08 04:47:40,939 [s1-server-thread1] INFO  statemachine.StateMachine (DataStreamTestUtils.java:link(157)) - link SingleDataStream: writeRequest=RaftClientRequest:client-06DFFC83996C->s2@group-B9997C7BCCDC, cid=378, seq=0, DataStream, Message:<EMPTY>, logEntry=null
2022-06-08 04:47:40,940 [s2-server-thread1] INFO  statemachine.StateMachine (DataStreamTestUtils.java:link(157)) - link SingleDataStream: writeRequest=RaftClientRequest:client-06DFFC83996C->s2@group-B9997C7BCCDC, cid=378, seq=0, DataStream, Message:<EMPTY>, logEntry=null
2022-06-08 04:47:40,965 [pool-9-thread-16] INFO  datastream.DataStreamTestUtils (DataStreamTestUtils.java:writeAndCloseAndAssertReplies(320)) - Stream379: bytesWritten=7700243
2022-06-08 04:47:40,977 [s0-client-thread1] INFO  statemachine.StateMachine (DataStreamTestUtils.java:link(157)) - link SingleDataStream: writeRequest=RaftClientRequest:client-06DFFC83996C->s2@group-B9997C7BCCDC, cid=379, seq=0, DataStream, Message:<EMPTY>, logEntry=null
2022-06-08 04:47:40,978 [s2-server-thread1] INFO  statemachine.StateMachine (DataStreamTestUtils.java:link(157)) - link SingleDataStream: writeRequest=RaftClientRequest:client-06DFFC83996C->s2@group-B9997C7BCCDC, cid=379, seq=0, DataStream, Message:<EMPTY>, logEntry=null
2022-06-08 04:47:40,988 [pool-9-thread-12] INFO  datastream.DataStreamTestUtils (DataStreamTestUtils.java:writeAndCloseAndAssertReplies(311)) - start Stream385
2022-06-08 04:47:41,004 [s1-server-thread1] INFO  statemachine.StateMachine (DataStreamTestUtils.java:link(157)) - link SingleDataStream: writeRequest=RaftClientRequest:client-06DFFC83996C->s2@group-B9997C7BCCDC, cid=379, seq=0, DataStream, Message:<EMPTY>, logEntry=null
2022-06-08 04:47:41,064 [pool-9-thread-16] INFO  datastream.DataStreamTestUtils (DataStreamTestUtils.java:writeAndCloseAndAssertReplies(311)) - start Stream386
2022-06-08 04:47:41,121 [pool-9-thread-15] INFO  datastream.DataStreamTestUtils (DataStreamTestUtils.java:writeAndCloseAndAssertReplies(311)) - start Stream387
2022-06-08 04:47:41,195 [pool-9-thread-11] INFO  datastream.DataStreamTestUtils (DataStreamTestUtils.java:writeAndCloseAndAssertReplies(320)) - Stream382: bytesWritten=6888614
2022-06-08 04:47:41,197 [s0-client-thread1] INFO  statemachine.StateMachine (DataStreamTestUtils.java:link(157)) - link SingleDataStream: writeRequest=RaftClientRequest:client-06DFFC83996C->s2@group-B9997C7BCCDC, cid=382, seq=0, DataStream, Message:<EMPTY>, logEntry=null
2022-06-08 04:47:41,198 [s1-server-thread1] INFO  statemachine.StateMachine (DataStreamTestUtils.java:link(157)) - link SingleDataStream: writeRequest=RaftClientRequest:client-06DFFC83996C->s2@group-B9997C7BCCDC, cid=382, seq=0, DataStream, Message:<EMPTY>, logEntry=null
2022-06-08 04:47:41,232 [s2-server-thread1] INFO  statemachine.StateMachine (DataStreamTestUtils.java:link(157)) - link SingleDataStream: writeRequest=RaftClientRequest:client-06DFFC83996C->s2@group-B9997C7BCCDC, cid=382, seq=0, DataStream, Message:<EMPTY>, logEntry=null
2022-06-08 04:47:41,240 [pool-9-thread-11] INFO  datastream.DataStreamTestUtils (DataStreamTestUtils.java:writeAndCloseAndAssertReplies(311)) - start Stream388
2022-06-08 04:47:41,305 [pool-9-thread-10] INFO  datastream.DataStreamTestUtils (DataStreamTestUtils.java:writeAndCloseAndAssertReplies(320)) - Stream381: bytesWritten=7041629
2022-06-08 04:47:41,307 [s0-client-thread1] INFO  statemachine.StateMachine (DataStreamTestUtils.java:link(157)) - link SingleDataStream: writeRequest=RaftClientRequest:client-06DFFC83996C->s2@group-B9997C7BCCDC, cid=381, seq=0, DataStream, Message:<EMPTY>, logEntry=null
2022-06-08 04:47:41,311 [s2-server-thread1] INFO  statemachine.StateMachine (DataStreamTestUtils.java:link(157)) - link SingleDataStream: writeRequest=RaftClientRequest:client-06DFFC83996C->s2@group-B9997C7BCCDC, cid=381, seq=0, DataStream, Message:<EMPTY>, logEntry=null
2022-06-08 04:47:41,313 [s1-server-thread1] INFO  statemachine.StateMachine (DataStreamTestUtils.java:link(157)) - link SingleDataStream: writeRequest=RaftClientRequest:client-06DFFC83996C->s2@group-B9997C7BCCDC, cid=381, seq=0, DataStream, Message:<EMPTY>, logEntry=null
2022-06-08 04:47:41,358 [pool-9-thread-10] INFO  datastream.DataStreamTestUtils (DataStreamTestUtils.java:writeAndCloseAndAssertReplies(311)) - start Stream389
2022-06-08 04:47:41,628 [pool-9-thread-13] INFO  datastream.DataStreamTestUtils (DataStreamTestUtils.java:writeAndCloseAndAssertReplies(320)) - Stream383: bytesWritten=7455584
2022-06-08 04:47:41,634 [s0-client-thread1] INFO  statemachine.StateMachine (DataStreamTestUtils.java:link(157)) - link SingleDataStream: writeRequest=RaftClientRequest:client-06DFFC83996C->s2@group-B9997C7BCCDC, cid=383, seq=0, DataStream, Message:<EMPTY>, logEntry=null
2022-06-08 04:47:41,635 [s2-server-thread1] INFO  statemachine.StateMachine (DataStreamTestUtils.java:link(157)) - link SingleDataStream: writeRequest=RaftClientRequest:client-06DFFC83996C->s2@group-B9997C7BCCDC, cid=383, seq=0, DataStream, Message:<EMPTY>, logEntry=null
2022-06-08 04:47:41,635 [s1-server-thread1] INFO  statemachine.StateMachine (DataStreamTestUtils.java:link(157)) - link SingleDataStream: writeRequest=RaftClientRequest:client-06DFFC83996C->s2@group-B9997C7BCCDC, cid=383, seq=0, DataStream, Message:<EMPTY>, logEntry=null
2022-06-08 04:47:41,655 [pool-9-thread-14] INFO  datastream.DataStreamTestUtils (DataStreamTestUtils.java:writeAndCloseAndAssertReplies(320)) - Stream384: bytesWritten=7426724
2022-06-08 04:47:41,657 [pool-9-thread-13] INFO  datastream.DataStreamTestUtils (DataStreamTestUtils.java:writeAndCloseAndAssertReplies(311)) - start Stream390
2022-06-08 04:47:41,697 [s0-client-thread1] INFO  statemachine.StateMachine (DataStreamTestUtils.java:link(157)) - link SingleDataStream: writeRequest=RaftClientRequest:client-06DFFC83996C->s2@group-B9997C7BCCDC, cid=384, seq=0, DataStream, Message:<EMPTY>, logEntry=null
2022-06-08 04:47:41,698 [s1-server-thread1] INFO  statemachine.StateMachine (DataStreamTestUtils.java:link(157)) - link SingleDataStream: writeRequest=RaftClientRequest:client-06DFFC83996C->s2@group-B9997C7BCCDC, cid=384, seq=0, DataStream, Message:<EMPTY>, logEntry=null
2022-06-08 04:47:41,698 [s2-server-thread1] INFO  statemachine.StateMachine (DataStreamTestUtils.java:link(157)) - link SingleDataStream: writeRequest=RaftClientRequest:client-06DFFC83996C->s2@group-B9997C7BCCDC, cid=384, seq=0, DataStream, Message:<EMPTY>, logEntry=null
2022-06-08 04:47:41,725 [pool-9-thread-12] INFO  datastream.DataStreamTestUtils (DataStreamTestUtils.java:writeAndCloseAndAssertReplies(320)) - Stream385: bytesWritten=7610773
2022-06-08 04:47:41,727 [s0-client-thread1] INFO  statemachine.StateMachine (DataStreamTestUtils.java:link(157)) - link SingleDataStream: writeRequest=RaftClientRequest:client-06DFFC83996C->s2@group-B9997C7BCCDC, cid=385, seq=0, DataStream, Message:<EMPTY>, logEntry=null
2022-06-08 04:47:41,728 [s2-server-thread1] INFO  statemachine.StateMachine (DataStreamTestUtils.java:link(157)) - link SingleDataStream: writeRequest=RaftClientRequest:client-06DFFC83996C->s2@group-B9997C7BCCDC, cid=385, seq=0, DataStream, Message:<EMPTY>, logEntry=null
2022-06-08 04:47:41,729 [s1-server-thread1] INFO  statemachine.StateMachine (DataStreamTestUtils.java:link(157)) - link SingleDataStream: writeRequest=RaftClientRequest:client-06DFFC83996C->s2@group-B9997C7BCCDC, cid=385, seq=0, DataStream, Message:<EMPTY>, logEntry=null
2022-06-08 04:47:41,745 [pool-9-thread-14] INFO  datastream.DataStreamTestUtils (DataStreamTestUtils.java:writeAndCloseAndAssertReplies(311)) - start Stream391
2022-06-08 04:47:41,754 [pool-9-thread-12] INFO  datastream.DataStreamTestUtils (DataStreamTestUtils.java:writeAndCloseAndAssertReplies(311)) - start Stream392
2022-06-08 04:47:41,807 [pool-9-thread-16] INFO  datastream.DataStreamTestUtils (DataStreamTestUtils.java:writeAndCloseAndAssertReplies(320)) - Stream386: bytesWritten=7175661
2022-06-08 04:47:41,814 [s0-client-thread1] INFO  statemachine.StateMachine (DataStreamTestUtils.java:link(157)) - link SingleDataStream: writeRequest=RaftClientRequest:client-06DFFC83996C->s2@group-B9997C7BCCDC, cid=386, seq=0, DataStream, Message:<EMPTY>, logEntry=null
2022-06-08 04:47:41,815 [s1-server-thread1] INFO  statemachine.StateMachine (DataStreamTestUtils.java:link(157)) - link SingleDataStream: writeRequest=RaftClientRequest:client-06DFFC83996C->s2@group-B9997C7BCCDC, cid=386, seq=0, DataStream, Message:<EMPTY>, logEntry=null
2022-06-08 04:47:41,816 [s2-server-thread1] INFO  statemachine.StateMachine (DataStreamTestUtils.java:link(157)) - link SingleDataStream: writeRequest=RaftClientRequest:client-06DFFC83996C->s2@group-B9997C7BCCDC, cid=386, seq=0, DataStream, Message:<EMPTY>, logEntry=null
2022-06-08 04:47:41,864 [pool-9-thread-15] INFO  datastream.DataStreamTestUtils (DataStreamTestUtils.java:writeAndCloseAndAssertReplies(320)) - Stream387: bytesWritten=7460297
2022-06-08 04:47:41,874 [s0-client-thread1] INFO  statemachine.StateMachine (DataStreamTestUtils.java:link(157)) - link SingleDataStream: writeRequest=RaftClientRequest:client-06DFFC83996C->s2@group-B9997C7BCCDC, cid=387, seq=0, DataStream, Message:<EMPTY>, logEntry=null
2022-06-08 04:47:41,876 [s1-server-thread1] INFO  statemachine.StateMachine (DataStreamTestUtils.java:link(157)) - link SingleDataStream: writeRequest=RaftClientRequest:client-06DFFC83996C->s2@group-B9997C7BCCDC, cid=387, seq=0, DataStream, Message:<EMPTY>, logEntry=null
2022-06-08 04:47:41,926 [pool-9-thread-16] INFO  datastream.DataStreamTestUtils (DataStreamTestUtils.java:writeAndCloseAndAssertReplies(311)) - start Stream393
2022-06-08 04:47:41,980 [s2-server-thread1] INFO  statemachine.StateMachine (DataStreamTestUtils.java:link(157)) - link SingleDataStream: writeRequest=RaftClientRequest:client-06DFFC83996C->s2@group-B9997C7BCCDC, cid=387, seq=0, DataStream, Message:<EMPTY>, logEntry=null
2022-06-08 04:47:42,060 [pool-9-thread-11] INFO  datastream.DataStreamTestUtils (DataStreamTestUtils.java:writeAndCloseAndAssertReplies(320)) - Stream388: bytesWritten=7477274
2022-06-08 04:47:42,071 [s0-client-thread1] INFO  statemachine.StateMachine (DataStreamTestUtils.java:link(157)) - link SingleDataStream: writeRequest=RaftClientRequest:client-B97F2CDCB492->s2@group-B9997C7BCCDC, cid=388, seq=0, DataStream, Message:<EMPTY>, logEntry=null
2022-06-08 04:47:42,079 [pool-9-thread-10] INFO  datastream.DataStreamTestUtils (DataStreamTestUtils.java:writeAndCloseAndAssertReplies(320)) - Stream389: bytesWritten=7259581
2022-06-08 04:47:42,082 [s0-client-thread1] INFO  statemachine.StateMachine (DataStreamTestUtils.java:link(157)) - link SingleDataStream: writeRequest=RaftClientRequest:client-B97F2CDCB492->s2@group-B9997C7BCCDC, cid=389, seq=0, DataStream, Message:<EMPTY>, logEntry=null
2022-06-08 04:47:42,096 [s2-server-thread1] INFO  statemachine.StateMachine (DataStreamTestUtils.java:link(157)) - link SingleDataStream: writeRequest=RaftClientRequest:client-B97F2CDCB492->s2@group-B9997C7BCCDC, cid=388, seq=0, DataStream, Message:<EMPTY>, logEntry=null
2022-06-08 04:47:42,102 [s2-server-thread1] INFO  statemachine.StateMachine (DataStreamTestUtils.java:link(157)) - link SingleDataStream: writeRequest=RaftClientRequest:client-B97F2CDCB492->s2@group-B9997C7BCCDC, cid=389, seq=0, DataStream, Message:<EMPTY>, logEntry=null
2022-06-08 04:47:42,103 [pool-9-thread-15] INFO  datastream.DataStreamTestUtils (DataStreamTestUtils.java:writeAndCloseAndAssertReplies(311)) - start Stream394
2022-06-08 04:47:42,728 [org.apache.ratis.util.JvmPauseMonitor$$Lambda$271/850897423@59cded5f] WARN  util.JvmPauseMonitor (JvmPauseMonitor.java:detectPause(124)) - JvmPauseMonitor-s2: Detected pause in JVM or host machine (eg GC): pause of approximately 305428125ns.
GC pool 'PS MarkSweep' had collection(s): count=1 time=495ms
GC pool 'PS Scavenge' had collection(s): count=1 time=84ms
2022-06-08 04:47:42,728 [s0@group-B9997C7BCCDC-LeaderStateImpl] WARN  server.RaftServer$Division (LeaderStateImpl.java:checkLeadership(1018)) - s0@group-B9997C7BCCDC-LeaderStateImpl: Lost leadership on term: 1. Election timeout: 300ms. In charge for: 4653ms. Conf: 0: [s0|rpc:localhost:46099|admin:localhost:38707|client:localhost:45879|dataStream:localhost:39887|priority:0, s1|rpc:localhost:42541|admin:localhost:46417|client:localhost:40597|dataStream:localhost:39105|priority:0, s2|rpc:localhost:38605|admin:localhost:35039|client:localhost:44431|dataStream:localhost:41029|priority:0], old=null
2022-06-08 04:47:42,729 [org.apache.ratis.util.JvmPauseMonitor$$Lambda$271/850897423@6bff1e48] WARN  util.JvmPauseMonitor (JvmPauseMonitor.java:detectPause(124)) - JvmPauseMonitor-s1: Detected pause in JVM or host machine (eg GC): pause of approximately 327689018ns.
GC pool 'PS MarkSweep' had collection(s): count=1 time=495ms
GC pool 'PS Scavenge' had collection(s): count=1 time=84ms
2022-06-08 04:47:42,729 [s0@group-B9997C7BCCDC-LeaderStateImpl] WARN  server.RaftServer$Division (LeaderStateImpl.java:lambda$checkLeadership$17(1022)) - Follower s0@group-B9997C7BCCDC->s1(c36,m37,n42, attendVote=true, lastRpcSendTime=629, lastRpcResponseTime=629)
2022-06-08 04:47:42,812 [s0@group-B9997C7BCCDC-LeaderStateImpl] WARN  server.RaftServer$Division (LeaderStateImpl.java:lambda$checkLeadership$17(1022)) - Follower s0@group-B9997C7BCCDC->s2(c36,m40,n42, attendVote=true, lastRpcSendTime=712, lastRpcResponseTime=73)
2022-06-08 04:47:42,812 [s0@group-B9997C7BCCDC-LeaderStateImpl] INFO  server.RaftServer$Division (RaftServerImpl.java:setRole(299)) - s0@group-B9997C7BCCDC: changes role from    LEADER to FOLLOWER at term 1 for StepDownReason:LOST_MAJORITY_HEARTBEATS
2022-06-08 04:47:42,812 [s0@group-B9997C7BCCDC-LeaderStateImpl] INFO  impl.RoleInfo (RoleInfo.java:shutdownLeaderState(93)) - s0: shutdown s0@group-B9997C7BCCDC-LeaderStateImpl
2022-06-08 04:47:42,813 [s0@group-B9997C7BCCDC-LeaderStateImpl] INFO  impl.PendingRequests (PendingRequests.java:sendNotLeaderResponses(282)) - s0@group-B9997C7BCCDC-PendingRequests: sendNotLeaderResponses
2022-06-08 04:47:42,816 [s0@group-B9997C7BCCDC->s1-GrpcLogAppender-LogAppenderDaemon] WARN  server.GrpcLogAppender (GrpcLogAppender.java:mayWait(171)) - s0@group-B9997C7BCCDC->s1-GrpcLogAppender: Wait interrupted by java.lang.InterruptedException
2022-06-08 04:47:42,755 [pool-9-thread-8] INFO  datastream.DataStreamTestUtils (DataStreamTestUtils.java:writeAndCloseAndAssertReplies(311)) - start Stream395
2022-06-08 04:47:42,737 [s2@group-B9997C7BCCDC-FollowerState] WARN  impl.FollowerState (FollowerState.java:run(130)) - Unexpected long sleep: sleep 181ms but took extra 586438496ns (> threshold = 300ms)
2022-06-08 04:47:42,737 [s1-server-thread1] INFO  statemachine.StateMachine (DataStreamTestUtils.java:link(157)) - link SingleDataStream: writeRequest=RaftClientRequest:client-B97F2CDCB492->s2@group-B9997C7BCCDC, cid=388, seq=0, DataStream, Message:<EMPTY>, logEntry=null
2022-06-08 04:47:42,733 [s1@group-B9997C7BCCDC-FollowerState] WARN  impl.FollowerState (FollowerState.java:run(130)) - Unexpected long sleep: sleep 185ms but took extra 506338240ns (> threshold = 300ms)
2022-06-08 04:47:42,730 [org.apache.ratis.util.JvmPauseMonitor$$Lambda$271/850897423@2df13239] WARN  util.JvmPauseMonitor (JvmPauseMonitor.java:detectPause(124)) - JvmPauseMonitor-s0: Detected pause in JVM or host machine (eg GC): pause of approximately 329447333ns.
GC pool 'PS MarkSweep' had collection(s): count=1 time=495ms
GC pool 'PS Scavenge' had collection(s): count=1 time=84ms
2022-06-08 04:47:42,821 [s1-server-thread1] INFO  statemachine.StateMachine (DataStreamTestUtils.java:link(157)) - link SingleDataStream: writeRequest=RaftClientRequest:client-B97F2CDCB492->s2@group-B9997C7BCCDC, cid=389, seq=0, DataStream, Message:<EMPTY>, logEntry=null
2022-06-08 04:47:42,822 [grpc-default-executor-0] INFO  server.GrpcServerProtocolService (GrpcServerProtocolService.java:onCompleted(140)) - s1: Completed APPEND_ENTRIES, lastRequest: s0->s1#241-t1,previous=(t:1, i:40),leaderCommit=37,initializing? true,entries: size=1, first=(t:1, i:41), METADATAENTRY(c:37)
2022-06-08 04:47:42,823 [grpc-default-executor-4] INFO  server.GrpcLogAppender (GrpcLogAppender.java:onCompleted(339)) - s0@group-B9997C7BCCDC->s1-AppendLogResponseHandler: follower responses appendEntries COMPLETED
2022-06-08 04:47:42,823 [grpc-default-executor-4] INFO  leader.FollowerInfo (FollowerInfoImpl.java:lambda$new$0(48)) - s0@group-B9997C7BCCDC->s1: nextIndex: updateUnconditionally 42 -> 39
2022-06-08 04:47:42,864 [s0@group-B9997C7BCCDC->s2-GrpcLogAppender-LogAppenderDaemon] WARN  server.GrpcLogAppender (GrpcLogAppender.java:mayWait(171)) - s0@group-B9997C7BCCDC->s2-GrpcLogAppender: Wait interrupted by java.lang.InterruptedException
2022-06-08 04:47:42,871 [grpc-default-executor-1] INFO  server.GrpcServerProtocolService (GrpcServerProtocolService.java:onCompleted(140)) - s2: Completed APPEND_ENTRIES, lastRequest: s0->s2#233-t1,previous=(t:1, i:40),leaderCommit=37,initializing? true,entries: size=1, first=(t:1, i:41), METADATAENTRY(c:37)
2022-06-08 04:47:42,873 [grpc-default-executor-4] INFO  server.GrpcLogAppender (GrpcLogAppender.java:onCompleted(339)) - s0@group-B9997C7BCCDC->s2-AppendLogResponseHandler: follower responses appendEntries COMPLETED
2022-06-08 04:47:42,873 [grpc-default-executor-4] INFO  leader.FollowerInfo (FollowerInfoImpl.java:lambda$new$0(48)) - s0@group-B9997C7BCCDC->s2: nextIndex: updateUnconditionally 42 -> 41
2022-06-08 04:47:42,881 [pool-9-thread-14] INFO  datastream.DataStreamTestUtils (DataStreamTestUtils.java:writeAndCloseAndAssertReplies(320)) - Stream391: bytesWritten=6735074
2022-06-08 04:47:42,904 [s0@group-B9997C7BCCDC-LeaderStateImpl] INFO  impl.RoleInfo (RoleInfo.java:updateAndGet(139)) - s0: start s0@group-B9997C7BCCDC-FollowerState
2022-06-08 04:47:42,947 [pool-9-thread-13] INFO  datastream.DataStreamTestUtils (DataStreamTestUtils.java:writeAndCloseAndAssertReplies(320)) - Stream390: bytesWritten=6652684
2022-06-08 04:47:43,145 [pool-9-thread-16] INFO  datastream.DataStreamTestUtils (DataStreamTestUtils.java:writeAndCloseAndAssertReplies(320)) - Stream393: bytesWritten=7877154
2022-06-08 04:47:43,152 [s0@group-B9997C7BCCDC-FollowerState] INFO  impl.FollowerState (FollowerState.java:lostMajorityHeartbeatsRecently(108)) - s0@group-B9997C7BCCDC-FollowerState: Skipping leader election since it stepped down recently (elapsed = 248ms < waitTime = 10s)
2022-06-08 04:47:43,168 [pool-9-thread-12] INFO  datastream.DataStreamTestUtils (DataStreamTestUtils.java:writeAndCloseAndAssertReplies(320)) - Stream392: bytesWritten=8354565
2022-06-08 04:47:43,226 [pool-9-thread-8] INFO  datastream.DataStreamTestUtils (DataStreamTestUtils.java:writeAndCloseAndAssertReplies(320)) - Stream395: bytesWritten=7550428
2022-06-08 04:47:43,227 [pool-9-thread-15] INFO  datastream.DataStreamTestUtils (DataStreamTestUtils.java:writeAndCloseAndAssertReplies(320)) - Stream394: bytesWritten=6961524
2022-06-08 04:47:43,258 [s1@group-B9997C7BCCDC-FollowerState] INFO  impl.FollowerState (FollowerState.java:run(143)) - s1@group-B9997C7BCCDC-FollowerState: change to CANDIDATE, lastRpcElapsedTime:383275879ns, electionTimeout:222ms
2022-06-08 04:47:43,258 [s1@group-B9997C7BCCDC-FollowerState] INFO  impl.RoleInfo (RoleInfo.java:shutdownFollowerState(110)) - s1: shutdown s1@group-B9997C7BCCDC-FollowerState
2022-06-08 04:47:43,258 [s1@group-B9997C7BCCDC-FollowerState] INFO  server.RaftServer$Division (RaftServerImpl.java:setRole(299)) - s1@group-B9997C7BCCDC: changes role from  FOLLOWER to CANDIDATE at term 1 for changeToCandidate
2022-06-08 04:47:43,258 [s1@group-B9997C7BCCDC-FollowerState] INFO  server.RaftServerConfigKeys (ConfUtils.java:logGet(46)) - raft.server.leaderelection.pre-vote = true (default)
2022-06-08 04:47:43,258 [s1@group-B9997C7BCCDC-FollowerState] INFO  impl.RoleInfo (RoleInfo.java:updateAndGet(139)) - s1: start s1@group-B9997C7BCCDC-LeaderElection4
2022-06-08 04:47:43,264 [s1@group-B9997C7BCCDC-LeaderElection4] INFO  server.RaftServer$Division (ServerState.java:setLeader(287)) - s1@group-B9997C7BCCDC: change Leader from s0 to null at term 1 for PRE_VOTE
2022-06-08 04:47:43,265 [s1@group-B9997C7BCCDC-LeaderElection4] INFO  impl.LeaderElection (LeaderElection.java:askForVotes(310)) - s1@group-B9997C7BCCDC-LeaderElection4 PRE_VOTE round 0: submit vote requests at term 1 for 0: [s0|rpc:localhost:46099|admin:localhost:38707|client:localhost:45879|dataStream:localhost:39887|priority:0, s1|rpc:localhost:42541|admin:localhost:46417|client:localhost:40597|dataStream:localhost:39105|priority:0, s2|rpc:localhost:38605|admin:localhost:35039|client:localhost:44431|dataStream:localhost:41029|priority:0], old=null
2022-06-08 04:47:43,285 [grpc-default-executor-0] INFO  server.RaftServer$Division (RaftServerImpl.java:requestVote(1152)) - s0@group-B9997C7BCCDC: receive requestVote(PRE_VOTE, s1, group-B9997C7BCCDC, 1, (t:1, i:41))
2022-06-08 04:47:43,286 [grpc-default-executor-0] INFO  impl.VoteContext (VoteContext.java:log(48)) - s0@group-B9997C7BCCDC-FOLLOWER: accept PRE_VOTE from s1: our priority 0 <= candidate's priority 0
2022-06-08 04:47:43,286 [grpc-default-executor-0] INFO  server.RaftServer$Division (RaftServerImpl.java:requestVote(1184)) - s0@group-B9997C7BCCDC replies to PRE_VOTE vote request: s1<-s0#0:OK-t1. Peer's state: s0@group-B9997C7BCCDC:t1, leader=s0, voted=s0, raftlog=s0@group-B9997C7BCCDC-SegmentedRaftLog:OPENED:c37, conf=0: [s0|rpc:localhost:46099|admin:localhost:38707|client:localhost:45879|dataStream:localhost:39887|priority:0, s1|rpc:localhost:42541|admin:localhost:46417|client:localhost:40597|dataStream:localhost:39105|priority:0, s2|rpc:localhost:38605|admin:localhost:35039|client:localhost:44431|dataStream:localhost:41029|priority:0], old=null
2022-06-08 04:47:43,294 [s1@group-B9997C7BCCDC-LeaderElection4] INFO  impl.LeaderElection (LeaderElection.java:logAndReturn(90)) - s1@group-B9997C7BCCDC-LeaderElection4: PRE_VOTE PASSED received 1 response(s) and 0 exception(s):
2022-06-08 04:47:43,295 [s1@group-B9997C7BCCDC-LeaderElection4] INFO  impl.LeaderElection (LeaderElection.java:logAndReturn(94)) -   Response 0: s1<-s0#0:OK-t1
2022-06-08 04:47:43,295 [s1@group-B9997C7BCCDC-LeaderElection4] INFO  impl.LeaderElection (LeaderElection.java:askForVotes(312)) - s1@group-B9997C7BCCDC-LeaderElection4 PRE_VOTE round 0: result PASSED
2022-06-08 04:47:43,297 [s1@group-B9997C7BCCDC-LeaderElection4] INFO  impl.LeaderElection (LeaderElection.java:askForVotes(310)) - s1@group-B9997C7BCCDC-LeaderElection4 ELECTION round 0: submit vote requests at term 2 for 0: [s0|rpc:localhost:46099|admin:localhost:38707|client:localhost:45879|dataStream:localhost:39887|priority:0, s1|rpc:localhost:42541|admin:localhost:46417|client:localhost:40597|dataStream:localhost:39105|priority:0, s2|rpc:localhost:38605|admin:localhost:35039|client:localhost:44431|dataStream:localhost:41029|priority:0], old=null
2022-06-08 04:47:43,298 [grpc-default-executor-3] INFO  server.RaftServer$Division (RaftServerImpl.java:requestVote(1152)) - s2@group-B9997C7BCCDC: receive requestVote(PRE_VOTE, s1, group-B9997C7BCCDC, 1, (t:1, i:41))
2022-06-08 04:47:43,305 [grpc-default-executor-3] INFO  impl.VoteContext (VoteContext.java:log(48)) - s2@group-B9997C7BCCDC-FOLLOWER: accept PRE_VOTE from s1: our priority 0 <= candidate's priority 0
2022-06-08 04:47:43,305 [grpc-default-executor-3] INFO  server.RaftServer$Division (RaftServerImpl.java:requestVote(1184)) - s2@group-B9997C7BCCDC replies to PRE_VOTE vote request: s1<-s2#0:OK-t1. Peer's state: s2@group-B9997C7BCCDC:t1, leader=s0, voted=s0, raftlog=s2@group-B9997C7BCCDC-SegmentedRaftLog:OPENED:c37, conf=0: [s0|rpc:localhost:46099|admin:localhost:38707|client:localhost:45879|dataStream:localhost:39887|priority:0, s1|rpc:localhost:42541|admin:localhost:46417|client:localhost:40597|dataStream:localhost:39105|priority:0, s2|rpc:localhost:38605|admin:localhost:35039|client:localhost:44431|dataStream:localhost:41029|priority:0], old=null
2022-06-08 04:47:43,314 [grpc-default-executor-3] INFO  server.RaftServer$Division (RaftServerImpl.java:requestVote(1152)) - s2@group-B9997C7BCCDC: receive requestVote(ELECTION, s1, group-B9997C7BCCDC, 2, (t:1, i:41))
2022-06-08 04:47:43,314 [grpc-default-executor-3] INFO  impl.VoteContext (VoteContext.java:log(48)) - s2@group-B9997C7BCCDC-FOLLOWER: accept ELECTION from s1: our priority 0 <= candidate's priority 0
2022-06-08 04:47:43,314 [grpc-default-executor-3] INFO  server.RaftServer$Division (ServerState.java:setLeader(287)) - s2@group-B9997C7BCCDC: change Leader from s0 to null at term 2 for updateCurrentTerm
2022-06-08 04:47:43,314 [grpc-default-executor-3] INFO  server.RaftServer$Division (RaftServerImpl.java:setRole(299)) - s2@group-B9997C7BCCDC: changes role from  FOLLOWER to FOLLOWER at term 2 for candidate:s1
2022-06-08 04:47:43,314 [grpc-default-executor-3] INFO  impl.RoleInfo (RoleInfo.java:shutdownFollowerState(110)) - s2: shutdown s2@group-B9997C7BCCDC-FollowerState
2022-06-08 04:47:43,314 [grpc-default-executor-3] INFO  impl.RoleInfo (RoleInfo.java:updateAndGet(139)) - s2: start s2@group-B9997C7BCCDC-FollowerState
2022-06-08 04:47:43,316 [s2@group-B9997C7BCCDC-FollowerState] INFO  impl.FollowerState (FollowerState.java:run(152)) - s2@group-B9997C7BCCDC-FollowerState was interrupted
2022-06-08 04:47:43,317 [grpc-default-executor-3] INFO  server.RaftServer$Division (RaftServerImpl.java:requestVote(1184)) - s2@group-B9997C7BCCDC replies to ELECTION vote request: s1<-s2#0:OK-t2. Peer's state: s2@group-B9997C7BCCDC:t2, leader=null, voted=s1, raftlog=s2@group-B9997C7BCCDC-SegmentedRaftLog:OPENED:c37, conf=0: [s0|rpc:localhost:46099|admin:localhost:38707|client:localhost:45879|dataStream:localhost:39887|priority:0, s1|rpc:localhost:42541|admin:localhost:46417|client:localhost:40597|dataStream:localhost:39105|priority:0, s2|rpc:localhost:38605|admin:localhost:35039|client:localhost:44431|dataStream:localhost:41029|priority:0], old=null
2022-06-08 04:47:43,317 [grpc-default-executor-0] INFO  server.RaftServer$Division (RaftServerImpl.java:requestVote(1152)) - s0@group-B9997C7BCCDC: receive requestVote(ELECTION, s1, group-B9997C7BCCDC, 2, (t:1, i:41))
2022-06-08 04:47:43,322 [grpc-default-executor-0] INFO  impl.VoteContext (VoteContext.java:log(48)) - s0@group-B9997C7BCCDC-FOLLOWER: accept ELECTION from s1: our priority 0 <= candidate's priority 0
2022-06-08 04:47:43,322 [grpc-default-executor-0] INFO  server.RaftServer$Division (ServerState.java:setLeader(287)) - s0@group-B9997C7BCCDC: change Leader from s0 to null at term 2 for updateCurrentTerm
2022-06-08 04:47:43,322 [grpc-default-executor-0] INFO  server.RaftServer$Division (RaftServerImpl.java:setRole(299)) - s0@group-B9997C7BCCDC: changes role from  FOLLOWER to FOLLOWER at term 2 for candidate:s1
2022-06-08 04:47:43,322 [grpc-default-executor-0] INFO  impl.RoleInfo (RoleInfo.java:shutdownFollowerState(110)) - s0: shutdown s0@group-B9997C7BCCDC-FollowerState
2022-06-08 04:47:43,322 [grpc-default-executor-0] INFO  impl.RoleInfo (RoleInfo.java:updateAndGet(139)) - s0: start s0@group-B9997C7BCCDC-FollowerState
2022-06-08 04:47:43,322 [s0@group-B9997C7BCCDC-FollowerState] INFO  impl.FollowerState (FollowerState.java:run(152)) - s0@group-B9997C7BCCDC-FollowerState was interrupted
2022-06-08 04:47:43,323 [s1@group-B9997C7BCCDC-LeaderElection4] INFO  impl.LeaderElection (LeaderElection.java:logAndReturn(90)) - s1@group-B9997C7BCCDC-LeaderElection4: ELECTION PASSED received 1 response(s) and 0 exception(s):
2022-06-08 04:47:43,332 [s1@group-B9997C7BCCDC-LeaderElection4] INFO  impl.LeaderElection (LeaderElection.java:logAndReturn(94)) -   Response 0: s1<-s2#0:OK-t2
2022-06-08 04:47:43,333 [s1@group-B9997C7BCCDC-LeaderElection4] INFO  impl.LeaderElection (LeaderElection.java:askForVotes(312)) - s1@group-B9997C7BCCDC-LeaderElection4 ELECTION round 0: result PASSED
2022-06-08 04:47:43,333 [s1@group-B9997C7BCCDC-LeaderElection4] INFO  impl.RoleInfo (RoleInfo.java:shutdownLeaderElection(130)) - s1: shutdown s1@group-B9997C7BCCDC-LeaderElection4
2022-06-08 04:47:43,333 [s1@group-B9997C7BCCDC-LeaderElection4] INFO  server.RaftServer$Division (RaftServerImpl.java:setRole(299)) - s1@group-B9997C7BCCDC: changes role from CANDIDATE to LEADER at term 2 for changeToLeader
2022-06-08 04:47:43,333 [s1@group-B9997C7BCCDC-LeaderElection4] INFO  server.RaftServer$Division (ServerState.java:setLeader(287)) - s1@group-B9997C7BCCDC: change Leader from null to s1 at term 2 for becomeLeader, leader elected after 68ms
2022-06-08 04:47:43,333 [s1@group-B9997C7BCCDC-LeaderElection4] INFO  server.RaftServerConfigKeys (ConfUtils.java:logGet(46)) - raft.server.staging.catchup.gap = 1000 (default)
2022-06-08 04:47:43,333 [s1@group-B9997C7BCCDC-LeaderElection4] INFO  server.RaftServerConfigKeys (ConfUtils.java:logGet(46)) - raft.server.write.element-limit = 4096 (default)
2022-06-08 04:47:43,333 [s1@group-B9997C7BCCDC-LeaderElection4] INFO  server.RaftServerConfigKeys (ConfUtils.java:logGet(46)) - raft.server.write.byte-limit = 64MB (=67108864) (default)
2022-06-08 04:47:43,333 [s1@group-B9997C7BCCDC-LeaderElection4] INFO  server.RaftServerConfigKeys (ConfUtils.java:logGet(46)) - raft.server.watch.timeout = 10s (default)
2022-06-08 04:47:43,333 [s1@group-B9997C7BCCDC-LeaderElection4] INFO  server.RaftServerConfigKeys (ConfUtils.java:logGet(46)) - raft.server.watch.timeout.denomination = 1s (default)
2022-06-08 04:47:43,333 [s1@group-B9997C7BCCDC-LeaderElection4] INFO  server.RaftServerConfigKeys (ConfUtils.java:logGet(46)) - raft.server.watch.element-limit = 65536 (default)
2022-06-08 04:47:43,334 [s1@group-B9997C7BCCDC-LeaderElection4] INFO  server.RaftServerConfigKeys (ConfUtils.java:logGet(46)) - raft.server.write.element-limit = 4096 (default)
2022-06-08 04:47:43,334 [s1@group-B9997C7BCCDC-LeaderElection4] INFO  server.RaftServerConfigKeys (ConfUtils.java:logGet(46)) - raft.server.write.follower.gap.ratio.max = -1.0 (default)
2022-06-08 04:47:43,334 [s1@group-B9997C7BCCDC-LeaderElection4] INFO  server.RaftServerConfigKeys (ConfUtils.java:logGet(46)) - raft.server.log.appender.snapshot.chunk.size.max = 16MB (=16777216) (default)
2022-06-08 04:47:43,334 [s1@group-B9997C7BCCDC-LeaderElection4] INFO  server.RaftServerConfigKeys (ConfUtils.java:logGet(46)) - raft.server.log.appender.buffer.byte-limit = 4MB (=4194304) (default)
2022-06-08 04:47:43,335 [s1@group-B9997C7BCCDC-LeaderElection4] INFO  server.RaftServerConfigKeys (ConfUtils.java:logGet(46)) - raft.server.log.appender.buffer.element-limit = 0 (default)
2022-06-08 04:47:43,335 [s1@group-B9997C7BCCDC-LeaderElection4] INFO  grpc.GrpcConfigKeys (ConfUtils.java:logGet(46)) - raft.grpc.server.leader.outstanding.appends.max = 128 (default)
2022-06-08 04:47:43,335 [s1@group-B9997C7BCCDC-LeaderElection4] INFO  server.RaftServerConfigKeys (ConfUtils.java:logGet(46)) - raft.server.rpc.request.timeout = 3000ms (default)
2022-06-08 04:47:43,335 [s1@group-B9997C7BCCDC-LeaderElection4] INFO  server.RaftServerConfigKeys (ConfUtils.java:logGet(46)) - raft.server.log.appender.install.snapshot.enabled = true (default)
2022-06-08 04:47:43,337 [s1@group-B9997C7BCCDC-LeaderElection4] INFO  server.RaftServerConfigKeys (ConfUtils.java:logGet(46)) - raft.server.log.appender.snapshot.chunk.size.max = 16MB (=16777216) (default)
2022-06-08 04:47:43,337 [s1@group-B9997C7BCCDC-LeaderElection4] INFO  server.RaftServerConfigKeys (ConfUtils.java:logGet(46)) - raft.server.log.appender.buffer.byte-limit = 4MB (=4194304) (default)
2022-06-08 04:47:43,337 [s1@group-B9997C7BCCDC-LeaderElection4] INFO  server.RaftServerConfigKeys (ConfUtils.java:logGet(46)) - raft.server.log.appender.buffer.element-limit = 0 (default)
2022-06-08 04:47:43,337 [s1@group-B9997C7BCCDC-LeaderElection4] INFO  grpc.GrpcConfigKeys (ConfUtils.java:logGet(46)) - raft.grpc.server.leader.outstanding.appends.max = 128 (default)
2022-06-08 04:47:43,337 [s1@group-B9997C7BCCDC-LeaderElection4] INFO  server.RaftServerConfigKeys (ConfUtils.java:logGet(46)) - raft.server.rpc.request.timeout = 3000ms (default)
2022-06-08 04:47:43,337 [s1@group-B9997C7BCCDC-LeaderElection4] INFO  server.RaftServerConfigKeys (ConfUtils.java:logGet(46)) - raft.server.log.appender.install.snapshot.enabled = true (default)
2022-06-08 04:47:43,338 [s1@group-B9997C7BCCDC-LeaderElection4] INFO  impl.RoleInfo (RoleInfo.java:updateAndGet(139)) - s1: start s1@group-B9997C7BCCDC-LeaderStateImpl
2022-06-08 04:47:43,338 [s1@group-B9997C7BCCDC-LeaderElection4] INFO  segmented.SegmentedRaftLogWorker (SegmentedRaftLogWorker.java:rollLogSegment(430)) - s1@group-B9997C7BCCDC-SegmentedRaftLogWorker: Rolling segment log-0_41 to index:41
2022-06-08 04:47:43,341 [s1@group-B9997C7BCCDC-LeaderElection4] INFO  server.RaftServer$Division (ServerState.java:setRaftConf(393)) - s1@group-B9997C7BCCDC: set configuration 42: [s0|rpc:localhost:46099|admin:localhost:38707|client:localhost:45879|dataStream:localhost:39887|priority:0, s1|rpc:localhost:42541|admin:localhost:46417|client:localhost:40597|dataStream:localhost:39105|priority:0, s2|rpc:localhost:38605|admin:localhost:35039|client:localhost:44431|dataStream:localhost:41029|priority:0], old=null
2022-06-08 04:47:43,342 [s1@group-B9997C7BCCDC-SegmentedRaftLogWorker] TRACE util.FileUtils (LogUtils.java:runAndLog(49)) - Successfully ran Files.move /home/runner/work/ratis/ratis/ratis-test/target/test/data/9cd67e6b/MiniRaftClusterWithRpcTypeGrpcAndDataStreamTypeNetty31781df6/s1/f623a08e-ee50-4777-9fc0-b9997c7bccdc/current/log_inprogress_0 to /home/runner/work/ratis/ratis/ratis-test/target/test/data/9cd67e6b/MiniRaftClusterWithRpcTypeGrpcAndDataStreamTypeNetty31781df6/s1/f623a08e-ee50-4777-9fc0-b9997c7bccdc/current/log_0-41
2022-06-08 04:47:43,342 [s1@group-B9997C7BCCDC-SegmentedRaftLogWorker] INFO  segmented.SegmentedRaftLogWorker (SegmentedRaftLogWorker.java:execute(586)) - s1@group-B9997C7BCCDC-SegmentedRaftLogWorker: Rolled log segment from /home/runner/work/ratis/ratis/ratis-test/target/test/data/9cd67e6b/MiniRaftClusterWithRpcTypeGrpcAndDataStreamTypeNetty31781df6/s1/f623a08e-ee50-4777-9fc0-b9997c7bccdc/current/log_inprogress_0 to /home/runner/work/ratis/ratis/ratis-test/target/test/data/9cd67e6b/MiniRaftClusterWithRpcTypeGrpcAndDataStreamTypeNetty31781df6/s1/f623a08e-ee50-4777-9fc0-b9997c7bccdc/current/log_0-41
2022-06-08 04:47:43,349 [grpc-default-executor-0] INFO  server.RaftServer$Division (RaftServerImpl.java:requestVote(1184)) - s0@group-B9997C7BCCDC replies to ELECTION vote request: s1<-s0#0:OK-t2. Peer's state: s0@group-B9997C7BCCDC:t2, leader=null, voted=s1, raftlog=s0@group-B9997C7BCCDC-SegmentedRaftLog:OPENED:c37, conf=0: [s0|rpc:localhost:46099|admin:localhost:38707|client:localhost:45879|dataStream:localhost:39887|priority:0, s1|rpc:localhost:42541|admin:localhost:46417|client:localhost:40597|dataStream:localhost:39105|priority:0, s2|rpc:localhost:38605|admin:localhost:35039|client:localhost:44431|dataStream:localhost:41029|priority:0], old=null
2022-06-08 04:47:43,356 [s2-server-thread1] INFO  server.RaftServer$Division (ServerState.java:setLeader(287)) - s2@group-B9997C7BCCDC: change Leader from null to s1 at term 2 for appendEntries, leader elected after 41ms
2022-06-08 04:47:43,356 [s0-server-thread1] INFO  server.RaftServer$Division (ServerState.java:setLeader(287)) - s0@group-B9997C7BCCDC: change Leader from null to s1 at term 2 for appendEntries, leader elected after 33ms
2022-06-08 04:47:43,360 [s2-server-thread1] INFO  server.RaftServer$Division (ServerState.java:setRaftConf(393)) - s2@group-B9997C7BCCDC: set configuration 42: [s0|rpc:localhost:46099|admin:localhost:38707|client:localhost:45879|dataStream:localhost:39887|priority:0, s1|rpc:localhost:42541|admin:localhost:46417|client:localhost:40597|dataStream:localhost:39105|priority:0, s2|rpc:localhost:38605|admin:localhost:35039|client:localhost:44431|dataStream:localhost:41029|priority:0], old=null
2022-06-08 04:47:43,362 [s2-server-thread1] INFO  segmented.SegmentedRaftLogWorker (SegmentedRaftLogWorker.java:rollLogSegment(430)) - s2@group-B9997C7BCCDC-SegmentedRaftLogWorker: Rolling segment log-0_41 to index:41
2022-06-08 04:47:43,363 [s2@group-B9997C7BCCDC-SegmentedRaftLogWorker] TRACE util.FileUtils (LogUtils.java:runAndLog(49)) - Successfully ran Files.move /home/runner/work/ratis/ratis/ratis-test/target/test/data/9cd67e6b/MiniRaftClusterWithRpcTypeGrpcAndDataStreamTypeNetty31781df6/s2/f623a08e-ee50-4777-9fc0-b9997c7bccdc/current/log_inprogress_0 to /home/runner/work/ratis/ratis/ratis-test/target/test/data/9cd67e6b/MiniRaftClusterWithRpcTypeGrpcAndDataStreamTypeNetty31781df6/s2/f623a08e-ee50-4777-9fc0-b9997c7bccdc/current/log_0-41
2022-06-08 04:47:43,363 [s2@group-B9997C7BCCDC-SegmentedRaftLogWorker] INFO  segmented.SegmentedRaftLogWorker (SegmentedRaftLogWorker.java:execute(586)) - s2@group-B9997C7BCCDC-SegmentedRaftLogWorker: Rolled log segment from /home/runner/work/ratis/ratis/ratis-test/target/test/data/9cd67e6b/MiniRaftClusterWithRpcTypeGrpcAndDataStreamTypeNetty31781df6/s2/f623a08e-ee50-4777-9fc0-b9997c7bccdc/current/log_inprogress_0 to /home/runner/work/ratis/ratis/ratis-test/target/test/data/9cd67e6b/MiniRaftClusterWithRpcTypeGrpcAndDataStreamTypeNetty31781df6/s2/f623a08e-ee50-4777-9fc0-b9997c7bccdc/current/log_0-41
2022-06-08 04:47:43,360 [s1@group-B9997C7BCCDC-SegmentedRaftLogWorker] INFO  segmented.SegmentedRaftLogWorker (SegmentedRaftLogWorker.java:execute(629)) - s1@group-B9997C7BCCDC-SegmentedRaftLogWorker: created new log segment /home/runner/work/ratis/ratis/ratis-test/target/test/data/9cd67e6b/MiniRaftClusterWithRpcTypeGrpcAndDataStreamTypeNetty31781df6/s1/f623a08e-ee50-4777-9fc0-b9997c7bccdc/current/log_inprogress_42
2022-06-08 04:47:43,378 [s0-server-thread1] INFO  server.RaftServer$Division (ServerState.java:setRaftConf(393)) - s0@group-B9997C7BCCDC: set configuration 42: [s0|rpc:localhost:46099|admin:localhost:38707|client:localhost:45879|dataStream:localhost:39887|priority:0, s1|rpc:localhost:42541|admin:localhost:46417|client:localhost:40597|dataStream:localhost:39105|priority:0, s2|rpc:localhost:38605|admin:localhost:35039|client:localhost:44431|dataStream:localhost:41029|priority:0], old=null
2022-06-08 04:47:43,379 [s0-server-thread1] INFO  segmented.SegmentedRaftLogWorker (SegmentedRaftLogWorker.java:rollLogSegment(430)) - s0@group-B9997C7BCCDC-SegmentedRaftLogWorker: Rolling segment log-0_41 to index:41
2022-06-08 04:47:43,381 [s0@group-B9997C7BCCDC-SegmentedRaftLogWorker] TRACE util.FileUtils (LogUtils.java:runAndLog(49)) - Successfully ran Files.move /home/runner/work/ratis/ratis/ratis-test/target/test/data/9cd67e6b/MiniRaftClusterWithRpcTypeGrpcAndDataStreamTypeNetty31781df6/s0/f623a08e-ee50-4777-9fc0-b9997c7bccdc/current/log_inprogress_0 to /home/runner/work/ratis/ratis/ratis-test/target/test/data/9cd67e6b/MiniRaftClusterWithRpcTypeGrpcAndDataStreamTypeNetty31781df6/s0/f623a08e-ee50-4777-9fc0-b9997c7bccdc/current/log_0-41
2022-06-08 04:47:43,381 [s0@group-B9997C7BCCDC-SegmentedRaftLogWorker] INFO  segmented.SegmentedRaftLogWorker (SegmentedRaftLogWorker.java:execute(586)) - s0@group-B9997C7BCCDC-SegmentedRaftLogWorker: Rolled log segment from /home/runner/work/ratis/ratis/ratis-test/target/test/data/9cd67e6b/MiniRaftClusterWithRpcTypeGrpcAndDataStreamTypeNetty31781df6/s0/f623a08e-ee50-4777-9fc0-b9997c7bccdc/current/log_inprogress_0 to /home/runner/work/ratis/ratis/ratis-test/target/test/data/9cd67e6b/MiniRaftClusterWithRpcTypeGrpcAndDataStreamTypeNetty31781df6/s0/f623a08e-ee50-4777-9fc0-b9997c7bccdc/current/log_0-41
2022-06-08 04:47:43,385 [s2@group-B9997C7BCCDC-SegmentedRaftLogWorker] INFO  segmented.SegmentedRaftLogWorker (SegmentedRaftLogWorker.java:execute(629)) - s2@group-B9997C7BCCDC-SegmentedRaftLogWorker: created new log segment /home/runner/work/ratis/ratis/ratis-test/target/test/data/9cd67e6b/MiniRaftClusterWithRpcTypeGrpcAndDataStreamTypeNetty31781df6/s2/f623a08e-ee50-4777-9fc0-b9997c7bccdc/current/log_inprogress_42
2022-06-08 04:47:43,400 [s0@group-B9997C7BCCDC-SegmentedRaftLogWorker] INFO  segmented.SegmentedRaftLogWorker (SegmentedRaftLogWorker.java:execute(629)) - s0@group-B9997C7BCCDC-SegmentedRaftLogWorker: created new log segment /home/runner/work/ratis/ratis/ratis-test/target/test/data/9cd67e6b/MiniRaftClusterWithRpcTypeGrpcAndDataStreamTypeNetty31781df6/s0/f623a08e-ee50-4777-9fc0-b9997c7bccdc/current/log_inprogress_42
2022-06-08 04:47:43,468 [s1-client-thread1] INFO  statemachine.StateMachine (DataStreamTestUtils.java:link(157)) - link null
2022-06-08 04:47:43,546 [s0-server-thread1] INFO  statemachine.StateMachine (DataStreamTestUtils.java:link(157)) - link null
2022-06-08 04:47:43,547 [s2-server-thread1] INFO  statemachine.StateMachine (DataStreamTestUtils.java:link(157)) - link null
2022-06-08 04:47:47,903 [Timer-2] INFO  impl.MiniRaftCluster (MiniRaftCluster.java:lambda$null$6(325)) - TIMED-PRINT: printing ALL groups
  s0:  RUNNING  FOLLOWER s0@group-B9997C7BCCDC:t2, leader=s1, voted=s1, raftlog=s0@group-B9997C7BCCDC-SegmentedRaftLog:OPENED:c43, conf=42: [s0|rpc:localhost:46099|admin:localhost:38707|client:localhost:45879|dataStream:localhost:39887|priority:0, s1|rpc:localhost:42541|admin:localhost:46417|client:localhost:40597|dataStream:localhost:39105|priority:0, s2|rpc:localhost:38605|admin:localhost:35039|client:localhost:44431|dataStream:localhost:41029|priority:0], old=null RUNNING
  s1:  RUNNING    LEADER s1@group-B9997C7BCCDC:t2, leader=s1, voted=s1, raftlog=s1@group-B9997C7BCCDC-SegmentedRaftLog:OPENED:c43, conf=42: [s0|rpc:localhost:46099|admin:localhost:38707|client:localhost:45879|dataStream:localhost:39887|priority:0, s1|rpc:localhost:42541|admin:localhost:46417|client:localhost:40597|dataStream:localhost:39105|priority:0, s2|rpc:localhost:38605|admin:localhost:35039|client:localhost:44431|dataStream:localhost:41029|priority:0], old=null RUNNING
  s2:  RUNNING  FOLLOWER s2@group-B9997C7BCCDC:t2, leader=s1, voted=s1, raftlog=s2@group-B9997C7BCCDC-SegmentedRaftLog:OPENED:c43, conf=42: [s0|rpc:localhost:46099|admin:localhost:38707|client:localhost:45879|dataStream:localhost:39887|priority:0, s1|rpc:localhost:42541|admin:localhost:46417|client:localhost:40597|dataStream:localhost:39105|priority:0, s2|rpc:localhost:38605|admin:localhost:35039|client:localhost:44431|dataStream:localhost:41029|priority:0], old=null RUNNING
2022-06-08 04:47:49,477 [java.util.concurrent.ThreadPoolExecutor$Worker@16027b19[State = -1, empty queue]] WARN  grpc.GrpcUtil (GrpcUtil.java:shutdownManagedChannel(216)) - Timed out gracefully shutting down connection: ManagedChannelOrphanWrapper{delegate=ManagedChannelImpl{logId=241, target=localhost:40597}}. 
2022-06-08 04:47:49,483 [java.util.concurrent.ThreadPoolExecutor$Worker@16027b19[State = -1, empty queue]] WARN  server.GrpcLogAppender (GrpcLogAppender.java:timeoutAppendRequest(239)) - s1@group-B9997C7BCCDC->s0-GrpcLogAppender:  appendEntries Timeout, request=AppendEntriesRequest:cid=11,entriesCount=1,lastEntry=(t:2, i:44)
2022-06-08 04:47:49,484 [java.util.concurrent.ThreadPoolExecutor$Worker@16027b19[State = -1, empty queue]] WARN  server.GrpcLogAppender (GrpcLogAppender.java:timeoutAppendRequest(239)) - s1@group-B9997C7BCCDC->s2-GrpcLogAppender:  appendEntries Timeout, request=AppendEntriesRequest:cid=9,entriesCount=1,lastEntry=(t:2, i:44)
2022-06-08 04:47:55,514 [java.util.concurrent.ThreadPoolExecutor$Worker@2725c05f[State = -1, empty queue]] WARN  grpc.GrpcUtil (GrpcUtil.java:shutdownManagedChannel(216)) - Timed out gracefully shutting down connection: ManagedChannelOrphanWrapper{delegate=ManagedChannelImpl{logId=255, target=localhost:40597}}. 
2022-06-08 04:47:57,904 [Timer-2] INFO  impl.MiniRaftCluster (MiniRaftCluster.java:lambda$null$6(325)) - TIMED-PRINT: printing ALL groups
  s0:  RUNNING  FOLLOWER s0@group-B9997C7BCCDC:t2, leader=s1, voted=s1, raftlog=s0@group-B9997C7BCCDC-SegmentedRaftLog:OPENED:c43, conf=42: [s0|rpc:localhost:46099|admin:localhost:38707|client:localhost:45879|dataStream:localhost:39887|priority:0, s1|rpc:localhost:42541|admin:localhost:46417|client:localhost:40597|dataStream:localhost:39105|priority:0, s2|rpc:localhost:38605|admin:localhost:35039|client:localhost:44431|dataStream:localhost:41029|priority:0], old=null RUNNING
  s1:  RUNNING    LEADER s1@group-B9997C7BCCDC:t2, leader=s1, voted=s1, raftlog=s1@group-B9997C7BCCDC-SegmentedRaftLog:OPENED:c43, conf=42: [s0|rpc:localhost:46099|admin:localhost:38707|client:localhost:45879|dataStream:localhost:39887|priority:0, s1|rpc:localhost:42541|admin:localhost:46417|client:localhost:40597|dataStream:localhost:39105|priority:0, s2|rpc:localhost:38605|admin:localhost:35039|client:localhost:44431|dataStream:localhost:41029|priority:0], old=null RUNNING
  s2:  RUNNING  FOLLOWER s2@group-B9997C7BCCDC:t2, leader=s1, voted=s1, raftlog=s2@group-B9997C7BCCDC-SegmentedRaftLog:OPENED:c43, conf=42: [s0|rpc:localhost:46099|admin:localhost:38707|client:localhost:45879|dataStream:localhost:39887|priority:0, s1|rpc:localhost:42541|admin:localhost:46417|client:localhost:40597|dataStream:localhost:39105|priority:0, s2|rpc:localhost:38605|admin:localhost:35039|client:localhost:44431|dataStream:localhost:41029|priority:0], old=null RUNNING
2022-06-08 04:48:01,540 [java.util.concurrent.ThreadPoolExecutor$Worker@d927c71[State = -1, empty queue]] WARN  grpc.GrpcUtil (GrpcUtil.java:shutdownManagedChannel(216)) - Timed out gracefully shutting down connection: ManagedChannelOrphanWrapper{delegate=ManagedChannelImpl{logId=269, target=localhost:40597}}. 
2022-06-08 04:48:02,060 [java.util.concurrent.ThreadPoolExecutor$Worker@5eb56788[State = -1, empty queue]] ERROR impl.OrderedStreamAsync (OrderedStreamAsync.java:lambda$sendRequest$2(132)) - Failed to send request, header=DataStreamRequestHeader:clientId=client-B97F2CDCB492,type=STREAM_DATA,id=388,offset=7477274,length=0
org.apache.ratis.protocol.exceptions.TimeoutIOException: Timeout 10000ms: Failed to send DataStreamWindowRequest:seqNum=12,DataStreamRequestHeader:clientId=client-B97F2CDCB492,type=STREAM_DATA,id=388,offset=7477274,length=0
	at org.apache.ratis.client.impl.OrderedStreamAsync.lambda$scheduleWithTimeout$7(OrderedStreamAsync.java:172)
	at org.apache.ratis.util.TimeoutScheduler.lambda$onTimeout$0(TimeoutScheduler.java:141)
	at org.apache.ratis.util.TimeoutScheduler.lambda$onTimeout$1(TimeoutScheduler.java:155)
	at org.apache.ratis.util.LogUtils.runAndLog(LogUtils.java:38)
	at org.apache.ratis.util.LogUtils$1.run(LogUtils.java:79)
	at java.util.concurrent.Executors$RunnableAdapter.call(Executors.java:511)
	at java.util.concurrent.FutureTask.run(FutureTask.java:266)
	at java.util.concurrent.ScheduledThreadPoolExecutor$ScheduledFutureTask.access$201(ScheduledThreadPoolExecutor.java:180)
	at java.util.concurrent.ScheduledThreadPoolExecutor$ScheduledFutureTask.run(ScheduledThreadPoolExecutor.java:293)
	at java.util.concurrent.ThreadPoolExecutor.runWorker(ThreadPoolExecutor.java:1149)
	at java.util.concurrent.ThreadPoolExecutor$Worker.run(ThreadPoolExecutor.java:624)
	at java.lang.Thread.run(Thread.java:750)
2022-06-08 04:48:02,071 [pool-9-thread-11] INFO  datastream.DataStreamTestUtils (DataStreamTestUtils.java:writeAndCloseAndAssertReplies(311)) - start Stream396
2022-06-08 04:48:02,080 [java.util.concurrent.ThreadPoolExecutor$Worker@5eb56788[State = -1, empty queue]] ERROR impl.OrderedStreamAsync (OrderedStreamAsync.java:lambda$sendRequest$2(132)) - Failed to send request, header=DataStreamRequestHeader:clientId=client-B97F2CDCB492,type=STREAM_DATA,id=389,offset=7259581,length=0
org.apache.ratis.protocol.exceptions.TimeoutIOException: Timeout 10000ms: Failed to send DataStreamWindowRequest:seqNum=12,DataStreamRequestHeader:clientId=client-B97F2CDCB492,type=STREAM_DATA,id=389,offset=7259581,length=0
	at org.apache.ratis.client.impl.OrderedStreamAsync.lambda$scheduleWithTimeout$7(OrderedStreamAsync.java:172)
	at org.apache.ratis.util.TimeoutScheduler.lambda$onTimeout$0(TimeoutScheduler.java:141)
	at org.apache.ratis.util.TimeoutScheduler.lambda$onTimeout$1(TimeoutScheduler.java:155)
	at org.apache.ratis.util.LogUtils.runAndLog(LogUtils.java:38)
	at org.apache.ratis.util.LogUtils$1.run(LogUtils.java:79)
	at java.util.concurrent.Executors$RunnableAdapter.call(Executors.java:511)
	at java.util.concurrent.FutureTask.run(FutureTask.java:266)
	at java.util.concurrent.ScheduledThreadPoolExecutor$ScheduledFutureTask.access$201(ScheduledThreadPoolExecutor.java:180)
	at java.util.concurrent.ScheduledThreadPoolExecutor$ScheduledFutureTask.run(ScheduledThreadPoolExecutor.java:293)
	at java.util.concurrent.ThreadPoolExecutor.runWorker(ThreadPoolExecutor.java:1149)
	at java.util.concurrent.ThreadPoolExecutor$Worker.run(ThreadPoolExecutor.java:624)
	at java.lang.Thread.run(Thread.java:750)
2022-06-08 04:48:02,081 [pool-9-thread-10] INFO  datastream.DataStreamTestUtils (DataStreamTestUtils.java:writeAndCloseAndAssertReplies(311)) - start Stream397
2022-06-08 04:48:02,087 [pool-9-thread-4] INFO  datastream.DataStreamTestUtils (DataStreamTestUtils.java:writeAndCloseAndAssertReplies(311)) - start Stream398
2022-06-08 04:48:02,118 [pool-9-thread-10] ERROR impl.OrderedStreamAsync (OrderedStreamAsync.java:lambda$sendRequest$2(132)) - Failed to send request, header=DataStreamRequestHeader:clientId=client-B97F2CDCB492,type=STREAM_DATA,id=397,offset=0,length=975186
java.util.concurrent.CompletionException: org.apache.ratis.protocol.exceptions.AlreadyClosedException: NettyClientStreamRpc->s2|rpc:localhost:38605|admin:localhost:35039|client:localhost:44431|dataStream:localhost:41029|priority:0: Failed to send DataStreamRequestByteBuffer:clientId=client-B97F2CDCB492,type=STREAM_DATA,id=397,offset=0,length=975186
	at java.util.concurrent.CompletableFuture.encodeThrowable(CompletableFuture.java:292)
	at java.util.concurrent.CompletableFuture.completeThrowable(CompletableFuture.java:308)
	at java.util.concurrent.CompletableFuture.uniApply(CompletableFuture.java:607)
	at java.util.concurrent.CompletableFuture.uniApplyStage(CompletableFuture.java:628)
	at java.util.concurrent.CompletableFuture.thenApply(CompletableFuture.java:1996)
	at org.apache.ratis.client.impl.OrderedStreamAsync.sendRequestToNetwork(OrderedStreamAsync.java:154)
	at org.apache.ratis.client.impl.OrderedStreamAsync.lambda$sendRequest$1(OrderedStreamAsync.java:129)
	at org.apache.ratis.util.SlidingWindow$Client.sendOrDelayRequest(SlidingWindow.java:271)
	at org.apache.ratis.util.SlidingWindow$Client.submitNewRequest(SlidingWindow.java:259)
	at org.apache.ratis.client.impl.OrderedStreamAsync.sendRequest(OrderedStreamAsync.java:129)
	at org.apache.ratis.client.impl.DataStreamClientImpl$DataStreamOutputImpl.send(DataStreamClientImpl.java:116)
	at org.apache.ratis.client.impl.DataStreamClientImpl$DataStreamOutputImpl.writeAsyncImpl(DataStreamClientImpl.java:128)
	at org.apache.ratis.client.impl.DataStreamClientImpl$DataStreamOutputImpl.writeAsync(DataStreamClientImpl.java:139)
	at org.apache.ratis.datastream.DataStreamTestUtils.writeAndAssertReplies(DataStreamTestUtils.java:284)
	at org.apache.ratis.datastream.DataStreamTestUtils.writeAndCloseAndAssertReplies(DataStreamTestUtils.java:312)
	at org.apache.ratis.datastream.DataStreamAsyncClusterTests.lambda$runTestDataStream$5(DataStreamAsyncClusterTests.java:156)
	at java.util.concurrent.CompletableFuture$AsyncSupply.run(CompletableFuture.java:1604)
	at java.util.concurrent.ThreadPoolExecutor.runWorker(ThreadPoolExecutor.java:1149)
	at java.util.concurrent.ThreadPoolExecutor$Worker.run(ThreadPoolExecutor.java:624)
	at java.lang.Thread.run(Thread.java:750)
Caused by: org.apache.ratis.protocol.exceptions.AlreadyClosedException: NettyClientStreamRpc->s2|rpc:localhost:38605|admin:localhost:35039|client:localhost:44431|dataStream:localhost:41029|priority:0: Failed to send DataStreamRequestByteBuffer:clientId=client-B97F2CDCB492,type=STREAM_DATA,id=397,offset=0,length=975186
	at org.apache.ratis.netty.client.NettyClientStreamRpc.streamAsync(NettyClientStreamRpc.java:370)
	at org.apache.ratis.client.impl.OrderedStreamAsync.sendRequestToNetwork(OrderedStreamAsync.java:147)
	... 14 more
2022-06-08 04:48:02,124 [pool-9-thread-11] ERROR impl.OrderedStreamAsync (OrderedStreamAsync.java:lambda$sendRequest$2(132)) - Failed to send request, header=DataStreamRequestHeader:clientId=client-B97F2CDCB492,type=STREAM_DATA,id=396,offset=525028,length=857548
java.util.concurrent.CompletionException: org.apache.ratis.protocol.exceptions.AlreadyClosedException: NettyClientStreamRpc->s2|rpc:localhost:38605|admin:localhost:35039|client:localhost:44431|dataStream:localhost:41029|priority:0: Failed to send DataStreamRequestByteBuffer:clientId=client-B97F2CDCB492,type=STREAM_DATA,id=396,offset=525028,length=857548
	at java.util.concurrent.CompletableFuture.encodeThrowable(CompletableFuture.java:292)
	at java.util.concurrent.CompletableFuture.completeThrowable(CompletableFuture.java:308)
	at java.util.concurrent.CompletableFuture.uniApply(CompletableFuture.java:607)
	at java.util.concurrent.CompletableFuture.uniApplyStage(CompletableFuture.java:628)
	at java.util.concurrent.CompletableFuture.thenApply(CompletableFuture.java:1996)
	at org.apache.ratis.client.impl.OrderedStreamAsync.sendRequestToNetwork(OrderedStreamAsync.java:154)
	at org.apache.ratis.client.impl.OrderedStreamAsync.lambda$sendRequest$1(OrderedStreamAsync.java:129)
	at org.apache.ratis.util.SlidingWindow$Client.sendOrDelayRequest(SlidingWindow.java:271)
	at org.apache.ratis.util.SlidingWindow$Client.submitNewRequest(SlidingWindow.java:259)
	at org.apache.ratis.client.impl.OrderedStreamAsync.sendRequest(OrderedStreamAsync.java:129)
	at org.apache.ratis.client.impl.DataStreamClientImpl$DataStreamOutputImpl.send(DataStreamClientImpl.java:116)
	at org.apache.ratis.client.impl.DataStreamClientImpl$DataStreamOutputImpl.writeAsyncImpl(DataStreamClientImpl.java:128)
	at org.apache.ratis.client.impl.DataStreamClientImpl$DataStreamOutputImpl.writeAsync(DataStreamClientImpl.java:139)
	at org.apache.ratis.datastream.DataStreamTestUtils.writeAndAssertReplies(DataStreamTestUtils.java:284)
	at org.apache.ratis.datastream.DataStreamTestUtils.writeAndCloseAndAssertReplies(DataStreamTestUtils.java:312)
	at org.apache.ratis.datastream.DataStreamAsyncClusterTests.lambda$runTestDataStream$5(DataStreamAsyncClusterTests.java:156)
	at java.util.concurrent.CompletableFuture$AsyncSupply.run(CompletableFuture.java:1604)
	at java.util.concurrent.ThreadPoolExecutor.runWorker(ThreadPoolExecutor.java:1149)
	at java.util.concurrent.ThreadPoolExecutor$Worker.run(ThreadPoolExecutor.java:624)
	at java.lang.Thread.run(Thread.java:750)
Caused by: org.apache.ratis.protocol.exceptions.AlreadyClosedException: NettyClientStreamRpc->s2|rpc:localhost:38605|admin:localhost:35039|client:localhost:44431|dataStream:localhost:41029|priority:0: Failed to send DataStreamRequestByteBuffer:clientId=client-B97F2CDCB492,type=STREAM_DATA,id=396,offset=525028,length=857548
	at org.apache.ratis.netty.client.NettyClientStreamRpc.streamAsync(NettyClientStreamRpc.java:370)
	at org.apache.ratis.client.impl.OrderedStreamAsync.sendRequestToNetwork(OrderedStreamAsync.java:147)
	... 14 more
2022-06-08 04:48:02,138 [pool-9-thread-10] ERROR impl.OrderedStreamAsync (OrderedStreamAsync.java:lambda$sendRequest$2(132)) - Failed to send request, header=DataStreamRequestHeader:clientId=client-B97F2CDCB492,type=STREAM_DATA,id=397,offset=975186,length=530742
java.util.concurrent.CompletionException: org.apache.ratis.protocol.exceptions.AlreadyClosedException: NettyClientStreamRpc->s2|rpc:localhost:38605|admin:localhost:35039|client:localhost:44431|dataStream:localhost:41029|priority:0: Failed to send DataStreamRequestByteBuffer:clientId=client-B97F2CDCB492,type=STREAM_DATA,id=397,offset=975186,length=530742
	at java.util.concurrent.CompletableFuture.encodeThrowable(CompletableFuture.java:292)
	at java.util.concurrent.CompletableFuture.completeThrowable(CompletableFuture.java:308)
	at java.util.concurrent.CompletableFuture.uniApply(CompletableFuture.java:607)
	at java.util.concurrent.CompletableFuture.uniApplyStage(CompletableFuture.java:628)
	at java.util.concurrent.CompletableFuture.thenApply(CompletableFuture.java:1996)
	at org.apache.ratis.client.impl.OrderedStreamAsync.sendRequestToNetwork(OrderedStreamAsync.java:154)
	at org.apache.ratis.client.impl.OrderedStreamAsync.lambda$sendRequest$1(OrderedStreamAsync.java:129)
	at org.apache.ratis.util.SlidingWindow$Client.sendOrDelayRequest(SlidingWindow.java:271)
	at org.apache.ratis.util.SlidingWindow$Client.submitNewRequest(SlidingWindow.java:259)
	at org.apache.ratis.client.impl.OrderedStreamAsync.sendRequest(OrderedStreamAsync.java:129)
	at org.apache.ratis.client.impl.DataStreamClientImpl$DataStreamOutputImpl.send(DataStreamClientImpl.java:116)
	at org.apache.ratis.client.impl.DataStreamClientImpl$DataStreamOutputImpl.writeAsyncImpl(DataStreamClientImpl.java:128)
	at org.apache.ratis.client.impl.DataStreamClientImpl$DataStreamOutputImpl.writeAsync(DataStreamClientImpl.java:139)
	at org.apache.ratis.datastream.DataStreamTestUtils.writeAndAssertReplies(DataStreamTestUtils.java:284)
	at org.apache.ratis.datastream.DataStreamTestUtils.writeAndCloseAndAssertReplies(DataStreamTestUtils.java:312)
	at org.apache.ratis.datastream.DataStreamAsyncClusterTests.lambda$runTestDataStream$5(DataStreamAsyncClusterTests.java:156)
	at java.util.concurrent.CompletableFuture$AsyncSupply.run(CompletableFuture.java:1604)
	at java.util.concurrent.ThreadPoolExecutor.runWorker(ThreadPoolExecutor.java:1149)
	at java.util.concurrent.ThreadPoolExecutor$Worker.run(ThreadPoolExecutor.java:624)
	at java.lang.Thread.run(Thread.java:750)
Caused by: org.apache.ratis.protocol.exceptions.AlreadyClosedException: NettyClientStreamRpc->s2|rpc:localhost:38605|admin:localhost:35039|client:localhost:44431|dataStream:localhost:41029|priority:0: Failed to send DataStreamRequestByteBuffer:clientId=client-B97F2CDCB492,type=STREAM_DATA,id=397,offset=975186,length=530742
	at org.apache.ratis.netty.client.NettyClientStreamRpc.streamAsync(NettyClientStreamRpc.java:370)
	at org.apache.ratis.client.impl.OrderedStreamAsync.sendRequestToNetwork(OrderedStreamAsync.java:147)
	... 14 more
2022-06-08 04:48:02,152 [pool-9-thread-11] ERROR impl.OrderedStreamAsync (OrderedStreamAsync.java:lambda$sendRequest$2(132)) - Failed to send request, header=DataStreamRequestHeader:clientId=client-B97F2CDCB492,type=STREAM_DATA,id=396,offset=1382576,length=569803
java.util.concurrent.CompletionException: org.apache.ratis.protocol.exceptions.AlreadyClosedException: NettyClientStreamRpc->s2|rpc:localhost:38605|admin:localhost:35039|client:localhost:44431|dataStream:localhost:41029|priority:0: Failed to send DataStreamRequestByteBuffer:clientId=client-B97F2CDCB492,type=STREAM_DATA,id=396,offset=1382576,length=569803
	at java.util.concurrent.CompletableFuture.encodeThrowable(CompletableFuture.java:292)
	at java.util.concurrent.CompletableFuture.completeThrowable(CompletableFuture.java:308)
	at java.util.concurrent.CompletableFuture.uniApply(CompletableFuture.java:607)
	at java.util.concurrent.CompletableFuture.uniApplyStage(CompletableFuture.java:628)
	at java.util.concurrent.CompletableFuture.thenApply(CompletableFuture.java:1996)
	at org.apache.ratis.client.impl.OrderedStreamAsync.sendRequestToNetwork(OrderedStreamAsync.java:154)
	at org.apache.ratis.client.impl.OrderedStreamAsync.lambda$sendRequest$1(OrderedStreamAsync.java:129)
	at org.apache.ratis.util.SlidingWindow$Client.sendOrDelayRequest(SlidingWindow.java:271)
	at org.apache.ratis.util.SlidingWindow$Client.submitNewRequest(SlidingWindow.java:259)
	at org.apache.ratis.client.impl.OrderedStreamAsync.sendRequest(OrderedStreamAsync.java:129)
	at org.apache.ratis.client.impl.DataStreamClientImpl$DataStreamOutputImpl.send(DataStreamClientImpl.java:116)
	at org.apache.ratis.client.impl.DataStreamClientImpl$DataStreamOutputImpl.writeAsyncImpl(DataStreamClientImpl.java:128)
	at org.apache.ratis.client.impl.DataStreamClientImpl$DataStreamOutputImpl.writeAsync(DataStreamClientImpl.java:139)
	at org.apache.ratis.datastream.DataStreamTestUtils.writeAndAssertReplies(DataStreamTestUtils.java:284)
	at org.apache.ratis.datastream.DataStreamTestUtils.writeAndCloseAndAssertReplies(DataStreamTestUtils.java:312)
	at org.apache.ratis.datastream.DataStreamAsyncClusterTests.lambda$runTestDataStream$5(DataStreamAsyncClusterTests.java:156)
	at java.util.concurrent.CompletableFuture$AsyncSupply.run(CompletableFuture.java:1604)
	at java.util.concurrent.ThreadPoolExecutor.runWorker(ThreadPoolExecutor.java:1149)
	at java.util.concurrent.ThreadPoolExecutor$Worker.run(ThreadPoolExecutor.java:624)
	at java.lang.Thread.run(Thread.java:750)
Caused by: org.apache.ratis.protocol.exceptions.AlreadyClosedException: NettyClientStreamRpc->s2|rpc:localhost:38605|admin:localhost:35039|client:localhost:44431|dataStream:localhost:41029|priority:0: Failed to send DataStreamRequestByteBuffer:clientId=client-B97F2CDCB492,type=STREAM_DATA,id=396,offset=1382576,length=569803
	at org.apache.ratis.netty.client.NettyClientStreamRpc.streamAsync(NettyClientStreamRpc.java:370)
	at org.apache.ratis.client.impl.OrderedStreamAsync.sendRequestToNetwork(OrderedStreamAsync.java:147)
	... 14 more
2022-06-08 04:48:02,166 [pool-9-thread-11] ERROR impl.OrderedStreamAsync (OrderedStreamAsync.java:lambda$sendRequest$2(132)) - Failed to send request, header=DataStreamRequestHeader:clientId=client-B97F2CDCB492,type=STREAM_DATA,id=396,offset=1952379,length=505745
java.util.concurrent.CompletionException: org.apache.ratis.protocol.exceptions.AlreadyClosedException: NettyClientStreamRpc->s2|rpc:localhost:38605|admin:localhost:35039|client:localhost:44431|dataStream:localhost:41029|priority:0: Failed to send DataStreamRequestByteBuffer:clientId=client-B97F2CDCB492,type=STREAM_DATA,id=396,offset=1952379,length=505745
	at java.util.concurrent.CompletableFuture.encodeThrowable(CompletableFuture.java:292)
	at java.util.concurrent.CompletableFuture.completeThrowable(CompletableFuture.java:308)
	at java.util.concurrent.CompletableFuture.uniApply(CompletableFuture.java:607)
	at java.util.concurrent.CompletableFuture.uniApplyStage(CompletableFuture.java:628)
	at java.util.concurrent.CompletableFuture.thenApply(CompletableFuture.java:1996)
	at org.apache.ratis.client.impl.OrderedStreamAsync.sendRequestToNetwork(OrderedStreamAsync.java:154)
	at org.apache.ratis.client.impl.OrderedStreamAsync.lambda$sendRequest$1(OrderedStreamAsync.java:129)
	at org.apache.ratis.util.SlidingWindow$Client.sendOrDelayRequest(SlidingWindow.java:271)
	at org.apache.ratis.util.SlidingWindow$Client.submitNewRequest(SlidingWindow.java:259)
	at org.apache.ratis.client.impl.OrderedStreamAsync.sendRequest(OrderedStreamAsync.java:129)
	at org.apache.ratis.client.impl.DataStreamClientImpl$DataStreamOutputImpl.send(DataStreamClientImpl.java:116)
	at org.apache.ratis.client.impl.DataStreamClientImpl$DataStreamOutputImpl.writeAsyncImpl(DataStreamClientImpl.java:128)
	at org.apache.ratis.client.impl.DataStreamClientImpl$DataStreamOutputImpl.writeAsync(DataStreamClientImpl.java:139)
	at org.apache.ratis.datastream.DataStreamTestUtils.writeAndAssertReplies(DataStreamTestUtils.java:284)
	at org.apache.ratis.datastream.DataStreamTestUtils.writeAndCloseAndAssertReplies(DataStreamTestUtils.java:312)
	at org.apache.ratis.datastream.DataStreamAsyncClusterTests.lambda$runTestDataStream$5(DataStreamAsyncClusterTests.java:156)
	at java.util.concurrent.CompletableFuture$AsyncSupply.run(CompletableFuture.java:1604)
	at java.util.concurrent.ThreadPoolExecutor.runWorker(ThreadPoolExecutor.java:1149)
	at java.util.concurrent.ThreadPoolExecutor$Worker.run(ThreadPoolExecutor.java:624)
	at java.lang.Thread.run(Thread.java:750)
Caused by: org.apache.ratis.protocol.exceptions.AlreadyClosedException: NettyClientStreamRpc->s2|rpc:localhost:38605|admin:localhost:35039|client:localhost:44431|dataStream:localhost:41029|priority:0: Failed to send DataStreamRequestByteBuffer:clientId=client-B97F2CDCB492,type=STREAM_DATA,id=396,offset=1952379,length=505745
	at org.apache.ratis.netty.client.NettyClientStreamRpc.streamAsync(NettyClientStreamRpc.java:370)
	at org.apache.ratis.client.impl.OrderedStreamAsync.sendRequestToNetwork(OrderedStreamAsync.java:147)
	... 14 more
2022-06-08 04:48:02,172 [pool-9-thread-10] ERROR impl.OrderedStreamAsync (OrderedStreamAsync.java:lambda$sendRequest$2(132)) - Failed to send request, header=DataStreamRequestHeader:clientId=client-B97F2CDCB492,type=STREAM_DATA,id=397,offset=1505928,length=917266
java.util.concurrent.CompletionException: org.apache.ratis.protocol.exceptions.AlreadyClosedException: NettyClientStreamRpc->s2|rpc:localhost:38605|admin:localhost:35039|client:localhost:44431|dataStream:localhost:41029|priority:0: Failed to send DataStreamRequestByteBuffer:clientId=client-B97F2CDCB492,type=STREAM_DATA,id=397,offset=1505928,length=917266
	at java.util.concurrent.CompletableFuture.encodeThrowable(CompletableFuture.java:292)
	at java.util.concurrent.CompletableFuture.completeThrowable(CompletableFuture.java:308)
	at java.util.concurrent.CompletableFuture.uniApply(CompletableFuture.java:607)
	at java.util.concurrent.CompletableFuture.uniApplyStage(CompletableFuture.java:628)
	at java.util.concurrent.CompletableFuture.thenApply(CompletableFuture.java:1996)
	at org.apache.ratis.client.impl.OrderedStreamAsync.sendRequestToNetwork(OrderedStreamAsync.java:154)
	at org.apache.ratis.client.impl.OrderedStreamAsync.lambda$sendRequest$1(OrderedStreamAsync.java:129)
	at org.apache.ratis.util.SlidingWindow$Client.sendOrDelayRequest(SlidingWindow.java:271)
	at org.apache.ratis.util.SlidingWindow$Client.submitNewRequest(SlidingWindow.java:259)
	at org.apache.ratis.client.impl.OrderedStreamAsync.sendRequest(OrderedStreamAsync.java:129)
	at org.apache.ratis.client.impl.DataStreamClientImpl$DataStreamOutputImpl.send(DataStreamClientImpl.java:116)
	at org.apache.ratis.client.impl.DataStreamClientImpl$DataStreamOutputImpl.writeAsyncImpl(DataStreamClientImpl.java:128)
	at org.apache.ratis.client.impl.DataStreamClientImpl$DataStreamOutputImpl.writeAsync(DataStreamClientImpl.java:139)
	at org.apache.ratis.datastream.DataStreamTestUtils.writeAndAssertReplies(DataStreamTestUtils.java:284)
	at org.apache.ratis.datastream.DataStreamTestUtils.writeAndCloseAndAssertReplies(DataStreamTestUtils.java:312)
	at org.apache.ratis.datastream.DataStreamAsyncClusterTests.lambda$runTestDataStream$5(DataStreamAsyncClusterTests.java:156)
	at java.util.concurrent.CompletableFuture$AsyncSupply.run(CompletableFuture.java:1604)
	at java.util.concurrent.ThreadPoolExecutor.runWorker(ThreadPoolExecutor.java:1149)
	at java.util.concurrent.ThreadPoolExecutor$Worker.run(ThreadPoolExecutor.java:624)
	at java.lang.Thread.run(Thread.java:750)
Caused by: org.apache.ratis.protocol.exceptions.AlreadyClosedException: NettyClientStreamRpc->s2|rpc:localhost:38605|admin:localhost:35039|client:localhost:44431|dataStream:localhost:41029|priority:0: Failed to send DataStreamRequestByteBuffer:clientId=client-B97F2CDCB492,type=STREAM_DATA,id=397,offset=1505928,length=917266
	at org.apache.ratis.netty.client.NettyClientStreamRpc.streamAsync(NettyClientStreamRpc.java:370)
	at org.apache.ratis.client.impl.OrderedStreamAsync.sendRequestToNetwork(OrderedStreamAsync.java:147)
	... 14 more
2022-06-08 04:48:02,202 [pool-9-thread-10] ERROR impl.OrderedStreamAsync (OrderedStreamAsync.java:lambda$sendRequest$2(132)) - Failed to send request, header=DataStreamRequestHeader:clientId=client-B97F2CDCB492,type=STREAM_DATA,id=397,offset=2423194,length=560152
java.util.concurrent.CompletionException: org.apache.ratis.protocol.exceptions.AlreadyClosedException: NettyClientStreamRpc->s2|rpc:localhost:38605|admin:localhost:35039|client:localhost:44431|dataStream:localhost:41029|priority:0: Failed to send DataStreamRequestByteBuffer:clientId=client-B97F2CDCB492,type=STREAM_DATA,id=397,offset=2423194,length=560152
	at java.util.concurrent.CompletableFuture.encodeThrowable(CompletableFuture.java:292)
	at java.util.concurrent.CompletableFuture.completeThrowable(CompletableFuture.java:308)
	at java.util.concurrent.CompletableFuture.uniApply(CompletableFuture.java:607)
	at java.util.concurrent.CompletableFuture.uniApplyStage(CompletableFuture.java:628)
	at java.util.concurrent.CompletableFuture.thenApply(CompletableFuture.java:1996)
	at org.apache.ratis.client.impl.OrderedStreamAsync.sendRequestToNetwork(OrderedStreamAsync.java:154)
	at org.apache.ratis.client.impl.OrderedStreamAsync.lambda$sendRequest$1(OrderedStreamAsync.java:129)
	at org.apache.ratis.util.SlidingWindow$Client.sendOrDelayRequest(SlidingWindow.java:271)
	at org.apache.ratis.util.SlidingWindow$Client.submitNewRequest(SlidingWindow.java:259)
	at org.apache.ratis.client.impl.OrderedStreamAsync.sendRequest(OrderedStreamAsync.java:129)
	at org.apache.ratis.client.impl.DataStreamClientImpl$DataStreamOutputImpl.send(DataStreamClientImpl.java:116)
	at org.apache.ratis.client.impl.DataStreamClientImpl$DataStreamOutputImpl.writeAsyncImpl(DataStreamClientImpl.java:128)
	at org.apache.ratis.client.impl.DataStreamClientImpl$DataStreamOutputImpl.writeAsync(DataStreamClientImpl.java:139)
	at org.apache.ratis.datastream.DataStreamTestUtils.writeAndAssertReplies(DataStreamTestUtils.java:284)
	at org.apache.ratis.datastream.DataStreamTestUtils.writeAndCloseAndAssertReplies(DataStreamTestUtils.java:312)
	at org.apache.ratis.datastream.DataStreamAsyncClusterTests.lambda$runTestDataStream$5(DataStreamAsyncClusterTests.java:156)
	at java.util.concurrent.CompletableFuture$AsyncSupply.run(CompletableFuture.java:1604)
	at java.util.concurrent.ThreadPoolExecutor.runWorker(ThreadPoolExecutor.java:1149)
	at java.util.concurrent.ThreadPoolExecutor$Worker.run(ThreadPoolExecutor.java:624)
	at java.lang.Thread.run(Thread.java:750)
Caused by: org.apache.ratis.protocol.exceptions.AlreadyClosedException: NettyClientStreamRpc->s2|rpc:localhost:38605|admin:localhost:35039|client:localhost:44431|dataStream:localhost:41029|priority:0: Failed to send DataStreamRequestByteBuffer:clientId=client-B97F2CDCB492,type=STREAM_DATA,id=397,offset=2423194,length=560152
	at org.apache.ratis.netty.client.NettyClientStreamRpc.streamAsync(NettyClientStreamRpc.java:370)
	at org.apache.ratis.client.impl.OrderedStreamAsync.sendRequestToNetwork(OrderedStreamAsync.java:147)
	... 14 more
2022-06-08 04:48:02,213 [pool-9-thread-11] ERROR impl.OrderedStreamAsync (OrderedStreamAsync.java:lambda$sendRequest$2(132)) - Failed to send request, header=DataStreamRequestHeader:clientId=client-B97F2CDCB492,type=STREAM_DATA,id=396,offset=2458124,length=795835
java.util.concurrent.CompletionException: org.apache.ratis.protocol.exceptions.AlreadyClosedException: NettyClientStreamRpc->s2|rpc:localhost:38605|admin:localhost:35039|client:localhost:44431|dataStream:localhost:41029|priority:0: Failed to send DataStreamRequestByteBuffer:clientId=client-B97F2CDCB492,type=STREAM_DATA,id=396,offset=2458124,length=795835
	at java.util.concurrent.CompletableFuture.encodeThrowable(CompletableFuture.java:292)
	at java.util.concurrent.CompletableFuture.completeThrowable(CompletableFuture.java:308)
	at java.util.concurrent.CompletableFuture.uniApply(CompletableFuture.java:607)
	at java.util.concurrent.CompletableFuture.uniApplyStage(CompletableFuture.java:628)
	at java.util.concurrent.CompletableFuture.thenApply(CompletableFuture.java:1996)
	at org.apache.ratis.client.impl.OrderedStreamAsync.sendRequestToNetwork(OrderedStreamAsync.java:154)
	at org.apache.ratis.client.impl.OrderedStreamAsync.lambda$sendRequest$1(OrderedStreamAsync.java:129)
	at org.apache.ratis.util.SlidingWindow$Client.sendOrDelayRequest(SlidingWindow.java:271)
	at org.apache.ratis.util.SlidingWindow$Client.submitNewRequest(SlidingWindow.java:259)
	at org.apache.ratis.client.impl.OrderedStreamAsync.sendRequest(OrderedStreamAsync.java:129)
	at org.apache.ratis.client.impl.DataStreamClientImpl$DataStreamOutputImpl.send(DataStreamClientImpl.java:116)
	at org.apache.ratis.client.impl.DataStreamClientImpl$DataStreamOutputImpl.writeAsyncImpl(DataStreamClientImpl.java:128)
	at org.apache.ratis.client.impl.DataStreamClientImpl$DataStreamOutputImpl.writeAsync(DataStreamClientImpl.java:139)
	at org.apache.ratis.datastream.DataStreamTestUtils.writeAndAssertReplies(DataStreamTestUtils.java:284)
	at org.apache.ratis.datastream.DataStreamTestUtils.writeAndCloseAndAssertReplies(DataStreamTestUtils.java:312)
	at org.apache.ratis.datastream.DataStreamAsyncClusterTests.lambda$runTestDataStream$5(DataStreamAsyncClusterTests.java:156)
	at java.util.concurrent.CompletableFuture$AsyncSupply.run(CompletableFuture.java:1604)
	at java.util.concurrent.ThreadPoolExecutor.runWorker(ThreadPoolExecutor.java:1149)
	at java.util.concurrent.ThreadPoolExecutor$Worker.run(ThreadPoolExecutor.java:624)
	at java.lang.Thread.run(Thread.java:750)
Caused by: org.apache.ratis.protocol.exceptions.AlreadyClosedException: NettyClientStreamRpc->s2|rpc:localhost:38605|admin:localhost:35039|client:localhost:44431|dataStream:localhost:41029|priority:0: Failed to send DataStreamRequestByteBuffer:clientId=client-B97F2CDCB492,type=STREAM_DATA,id=396,offset=2458124,length=795835
	at org.apache.ratis.netty.client.NettyClientStreamRpc.streamAsync(NettyClientStreamRpc.java:370)
	at org.apache.ratis.client.impl.OrderedStreamAsync.sendRequestToNetwork(OrderedStreamAsync.java:147)
	... 14 more
2022-06-08 04:48:02,224 [pool-9-thread-10] ERROR impl.OrderedStreamAsync (OrderedStreamAsync.java:lambda$sendRequest$2(132)) - Failed to send request, header=DataStreamRequestHeader:clientId=client-B97F2CDCB492,type=STREAM_DATA,id=397,offset=2983346,length=619434
java.util.concurrent.CompletionException: org.apache.ratis.protocol.exceptions.AlreadyClosedException: NettyClientStreamRpc->s2|rpc:localhost:38605|admin:localhost:35039|client:localhost:44431|dataStream:localhost:41029|priority:0: Failed to send DataStreamRequestByteBuffer:clientId=client-B97F2CDCB492,type=STREAM_DATA,id=397,offset=2983346,length=619434
	at java.util.concurrent.CompletableFuture.encodeThrowable(CompletableFuture.java:292)
	at java.util.concurrent.CompletableFuture.completeThrowable(CompletableFuture.java:308)
	at java.util.concurrent.CompletableFuture.uniApply(CompletableFuture.java:607)
	at java.util.concurrent.CompletableFuture.uniApplyStage(CompletableFuture.java:628)
	at java.util.concurrent.CompletableFuture.thenApply(CompletableFuture.java:1996)
	at org.apache.ratis.client.impl.OrderedStreamAsync.sendRequestToNetwork(OrderedStreamAsync.java:154)
	at org.apache.ratis.client.impl.OrderedStreamAsync.lambda$sendRequest$1(OrderedStreamAsync.java:129)
	at org.apache.ratis.util.SlidingWindow$Client.sendOrDelayRequest(SlidingWindow.java:271)
	at org.apache.ratis.util.SlidingWindow$Client.submitNewRequest(SlidingWindow.java:259)
	at org.apache.ratis.client.impl.OrderedStreamAsync.sendRequest(OrderedStreamAsync.java:129)
	at org.apache.ratis.client.impl.DataStreamClientImpl$DataStreamOutputImpl.send(DataStreamClientImpl.java:116)
	at org.apache.ratis.client.impl.DataStreamClientImpl$DataStreamOutputImpl.writeAsyncImpl(DataStreamClientImpl.java:128)
	at org.apache.ratis.client.impl.DataStreamClientImpl$DataStreamOutputImpl.writeAsync(DataStreamClientImpl.java:139)
	at org.apache.ratis.datastream.DataStreamTestUtils.writeAndAssertReplies(DataStreamTestUtils.java:284)
	at org.apache.ratis.datastream.DataStreamTestUtils.writeAndCloseAndAssertReplies(DataStreamTestUtils.java:312)
	at org.apache.ratis.datastream.DataStreamAsyncClusterTests.lambda$runTestDataStream$5(DataStreamAsyncClusterTests.java:156)
	at java.util.concurrent.CompletableFuture$AsyncSupply.run(CompletableFuture.java:1604)
	at java.util.concurrent.ThreadPoolExecutor.runWorker(ThreadPoolExecutor.java:1149)
	at java.util.concurrent.ThreadPoolExecutor$Worker.run(ThreadPoolExecutor.java:624)
	at java.lang.Thread.run(Thread.java:750)
Caused by: org.apache.ratis.protocol.exceptions.AlreadyClosedException: NettyClientStreamRpc->s2|rpc:localhost:38605|admin:localhost:35039|client:localhost:44431|dataStream:localhost:41029|priority:0: Failed to send DataStreamRequestByteBuffer:clientId=client-B97F2CDCB492,type=STREAM_DATA,id=397,offset=2983346,length=619434
	at org.apache.ratis.netty.client.NettyClientStreamRpc.streamAsync(NettyClientStreamRpc.java:370)
	at org.apache.ratis.client.impl.OrderedStreamAsync.sendRequestToNetwork(OrderedStreamAsync.java:147)
	... 14 more
2022-06-08 04:48:02,240 [pool-9-thread-10] ERROR impl.OrderedStreamAsync (OrderedStreamAsync.java:lambda$sendRequest$2(132)) - Failed to send request, header=DataStreamRequestHeader:clientId=client-B97F2CDCB492,type=STREAM_DATA,id=397,offset=3602780,length=618308
java.util.concurrent.CompletionException: org.apache.ratis.protocol.exceptions.AlreadyClosedException: NettyClientStreamRpc->s2|rpc:localhost:38605|admin:localhost:35039|client:localhost:44431|dataStream:localhost:41029|priority:0: Failed to send DataStreamRequestByteBuffer:clientId=client-B97F2CDCB492,type=STREAM_DATA,id=397,offset=3602780,length=618308
	at java.util.concurrent.CompletableFuture.encodeThrowable(CompletableFuture.java:292)
	at java.util.concurrent.CompletableFuture.completeThrowable(CompletableFuture.java:308)
	at java.util.concurrent.CompletableFuture.uniApply(CompletableFuture.java:607)
	at java.util.concurrent.CompletableFuture.uniApplyStage(CompletableFuture.java:628)
	at java.util.concurrent.CompletableFuture.thenApply(CompletableFuture.java:1996)
	at org.apache.ratis.client.impl.OrderedStreamAsync.sendRequestToNetwork(OrderedStreamAsync.java:154)
	at org.apache.ratis.client.impl.OrderedStreamAsync.lambda$sendRequest$1(OrderedStreamAsync.java:129)
	at org.apache.ratis.util.SlidingWindow$Client.sendOrDelayRequest(SlidingWindow.java:271)
	at org.apache.ratis.util.SlidingWindow$Client.submitNewRequest(SlidingWindow.java:259)
	at org.apache.ratis.client.impl.OrderedStreamAsync.sendRequest(OrderedStreamAsync.java:129)
	at org.apache.ratis.client.impl.DataStreamClientImpl$DataStreamOutputImpl.send(DataStreamClientImpl.java:116)
	at org.apache.ratis.client.impl.DataStreamClientImpl$DataStreamOutputImpl.writeAsyncImpl(DataStreamClientImpl.java:128)
	at org.apache.ratis.client.impl.DataStreamClientImpl$DataStreamOutputImpl.writeAsync(DataStreamClientImpl.java:139)
	at org.apache.ratis.datastream.DataStreamTestUtils.writeAndAssertReplies(DataStreamTestUtils.java:284)
	at org.apache.ratis.datastream.DataStreamTestUtils.writeAndCloseAndAssertReplies(DataStreamTestUtils.java:312)
	at org.apache.ratis.datastream.DataStreamAsyncClusterTests.lambda$runTestDataStream$5(DataStreamAsyncClusterTests.java:156)
	at java.util.concurrent.CompletableFuture$AsyncSupply.run(CompletableFuture.java:1604)
	at java.util.concurrent.ThreadPoolExecutor.runWorker(ThreadPoolExecutor.java:1149)
	at java.util.concurrent.ThreadPoolExecutor$Worker.run(ThreadPoolExecutor.java:624)
	at java.lang.Thread.run(Thread.java:750)
Caused by: org.apache.ratis.protocol.exceptions.AlreadyClosedException: NettyClientStreamRpc->s2|rpc:localhost:38605|admin:localhost:35039|client:localhost:44431|dataStream:localhost:41029|priority:0: Failed to send DataStreamRequestByteBuffer:clientId=client-B97F2CDCB492,type=STREAM_DATA,id=397,offset=3602780,length=618308
	at org.apache.ratis.netty.client.NettyClientStreamRpc.streamAsync(NettyClientStreamRpc.java:370)
	at org.apache.ratis.client.impl.OrderedStreamAsync.sendRequestToNetwork(OrderedStreamAsync.java:147)
	... 14 more
2022-06-08 04:48:02,250 [pool-9-thread-11] ERROR impl.OrderedStreamAsync (OrderedStreamAsync.java:lambda$sendRequest$2(132)) - Failed to send request, header=DataStreamRequestHeader:clientId=client-B97F2CDCB492,type=STREAM_DATA,id=396,offset=3253959,length=928674
java.util.concurrent.CompletionException: org.apache.ratis.protocol.exceptions.AlreadyClosedException: NettyClientStreamRpc->s2|rpc:localhost:38605|admin:localhost:35039|client:localhost:44431|dataStream:localhost:41029|priority:0: Failed to send DataStreamRequestByteBuffer:clientId=client-B97F2CDCB492,type=STREAM_DATA,id=396,offset=3253959,length=928674
	at java.util.concurrent.CompletableFuture.encodeThrowable(CompletableFuture.java:292)
	at java.util.concurrent.CompletableFuture.completeThrowable(CompletableFuture.java:308)
	at java.util.concurrent.CompletableFuture.uniApply(CompletableFuture.java:607)
	at java.util.concurrent.CompletableFuture.uniApplyStage(CompletableFuture.java:628)
	at java.util.concurrent.CompletableFuture.thenApply(CompletableFuture.java:1996)
	at org.apache.ratis.client.impl.OrderedStreamAsync.sendRequestToNetwork(OrderedStreamAsync.java:154)
	at org.apache.ratis.client.impl.OrderedStreamAsync.lambda$sendRequest$1(OrderedStreamAsync.java:129)
	at org.apache.ratis.util.SlidingWindow$Client.sendOrDelayRequest(SlidingWindow.java:271)
	at org.apache.ratis.util.SlidingWindow$Client.submitNewRequest(SlidingWindow.java:259)
	at org.apache.ratis.client.impl.OrderedStreamAsync.sendRequest(OrderedStreamAsync.java:129)
	at org.apache.ratis.client.impl.DataStreamClientImpl$DataStreamOutputImpl.send(DataStreamClientImpl.java:116)
	at org.apache.ratis.client.impl.DataStreamClientImpl$DataStreamOutputImpl.writeAsyncImpl(DataStreamClientImpl.java:128)
	at org.apache.ratis.client.impl.DataStreamClientImpl$DataStreamOutputImpl.writeAsync(DataStreamClientImpl.java:139)
	at org.apache.ratis.datastream.DataStreamTestUtils.writeAndAssertReplies(DataStreamTestUtils.java:284)
	at org.apache.ratis.datastream.DataStreamTestUtils.writeAndCloseAndAssertReplies(DataStreamTestUtils.java:312)
	at org.apache.ratis.datastream.DataStreamAsyncClusterTests.lambda$runTestDataStream$5(DataStreamAsyncClusterTests.java:156)
	at java.util.concurrent.CompletableFuture$AsyncSupply.run(CompletableFuture.java:1604)
	at java.util.concurrent.ThreadPoolExecutor.runWorker(ThreadPoolExecutor.java:1149)
	at java.util.concurrent.ThreadPoolExecutor$Worker.run(ThreadPoolExecutor.java:624)
	at java.lang.Thread.run(Thread.java:750)
Caused by: org.apache.ratis.protocol.exceptions.AlreadyClosedException: NettyClientStreamRpc->s2|rpc:localhost:38605|admin:localhost:35039|client:localhost:44431|dataStream:localhost:41029|priority:0: Failed to send DataStreamRequestByteBuffer:clientId=client-B97F2CDCB492,type=STREAM_DATA,id=396,offset=3253959,length=928674
	at org.apache.ratis.netty.client.NettyClientStreamRpc.streamAsync(NettyClientStreamRpc.java:370)
	at org.apache.ratis.client.impl.OrderedStreamAsync.sendRequestToNetwork(OrderedStreamAsync.java:147)
	... 14 more
2022-06-08 04:48:02,283 [pool-9-thread-11] ERROR impl.OrderedStreamAsync (OrderedStreamAsync.java:lambda$sendRequest$2(132)) - Failed to send request, header=DataStreamRequestHeader:clientId=client-B97F2CDCB492,type=STREAM_DATA,id=396,offset=4182633,length=602591
java.util.concurrent.CompletionException: org.apache.ratis.protocol.exceptions.AlreadyClosedException: NettyClientStreamRpc->s2|rpc:localhost:38605|admin:localhost:35039|client:localhost:44431|dataStream:localhost:41029|priority:0: Failed to send DataStreamRequestByteBuffer:clientId=client-B97F2CDCB492,type=STREAM_DATA,id=396,offset=4182633,length=602591
	at java.util.concurrent.CompletableFuture.encodeThrowable(CompletableFuture.java:292)
	at java.util.concurrent.CompletableFuture.completeThrowable(CompletableFuture.java:308)
	at java.util.concurrent.CompletableFuture.uniApply(CompletableFuture.java:607)
	at java.util.concurrent.CompletableFuture.uniApplyStage(CompletableFuture.java:628)
	at java.util.concurrent.CompletableFuture.thenApply(CompletableFuture.java:1996)
	at org.apache.ratis.client.impl.OrderedStreamAsync.sendRequestToNetwork(OrderedStreamAsync.java:154)
	at org.apache.ratis.client.impl.OrderedStreamAsync.lambda$sendRequest$1(OrderedStreamAsync.java:129)
	at org.apache.ratis.util.SlidingWindow$Client.sendOrDelayRequest(SlidingWindow.java:271)
	at org.apache.ratis.util.SlidingWindow$Client.submitNewRequest(SlidingWindow.java:259)
	at org.apache.ratis.client.impl.OrderedStreamAsync.sendRequest(OrderedStreamAsync.java:129)
	at org.apache.ratis.client.impl.DataStreamClientImpl$DataStreamOutputImpl.send(DataStreamClientImpl.java:116)
	at org.apache.ratis.client.impl.DataStreamClientImpl$DataStreamOutputImpl.writeAsyncImpl(DataStreamClientImpl.java:128)
	at org.apache.ratis.client.impl.DataStreamClientImpl$DataStreamOutputImpl.writeAsync(DataStreamClientImpl.java:139)
	at org.apache.ratis.datastream.DataStreamTestUtils.writeAndAssertReplies(DataStreamTestUtils.java:284)
	at org.apache.ratis.datastream.DataStreamTestUtils.writeAndCloseAndAssertReplies(DataStreamTestUtils.java:312)
	at org.apache.ratis.datastream.DataStreamAsyncClusterTests.lambda$runTestDataStream$5(DataStreamAsyncClusterTests.java:156)
	at java.util.concurrent.CompletableFuture$AsyncSupply.run(CompletableFuture.java:1604)
	at java.util.concurrent.ThreadPoolExecutor.runWorker(ThreadPoolExecutor.java:1149)
	at java.util.concurrent.ThreadPoolExecutor$Worker.run(ThreadPoolExecutor.java:624)
	at java.lang.Thread.run(Thread.java:750)
Caused by: org.apache.ratis.protocol.exceptions.AlreadyClosedException: NettyClientStreamRpc->s2|rpc:localhost:38605|admin:localhost:35039|client:localhost:44431|dataStream:localhost:41029|priority:0: Failed to send DataStreamRequestByteBuffer:clientId=client-B97F2CDCB492,type=STREAM_DATA,id=396,offset=4182633,length=602591
	at org.apache.ratis.netty.client.NettyClientStreamRpc.streamAsync(NettyClientStreamRpc.java:370)
	at org.apache.ratis.client.impl.OrderedStreamAsync.sendRequestToNetwork(OrderedStreamAsync.java:147)
	... 14 more
2022-06-08 04:48:02,283 [pool-9-thread-10] ERROR impl.OrderedStreamAsync (OrderedStreamAsync.java:lambda$sendRequest$2(132)) - Failed to send request, header=DataStreamRequestHeader:clientId=client-B97F2CDCB492,type=STREAM_DATA,id=397,offset=4221088,length=659596
java.util.concurrent.CompletionException: org.apache.ratis.protocol.exceptions.AlreadyClosedException: NettyClientStreamRpc->s2|rpc:localhost:38605|admin:localhost:35039|client:localhost:44431|dataStream:localhost:41029|priority:0: Failed to send DataStreamRequestByteBuffer:clientId=client-B97F2CDCB492,type=STREAM_DATA,id=397,offset=4221088,length=659596
	at java.util.concurrent.CompletableFuture.encodeThrowable(CompletableFuture.java:292)
	at java.util.concurrent.CompletableFuture.completeThrowable(CompletableFuture.java:308)
	at java.util.concurrent.CompletableFuture.uniApply(CompletableFuture.java:607)
	at java.util.concurrent.CompletableFuture.uniApplyStage(CompletableFuture.java:628)
	at java.util.concurrent.CompletableFuture.thenApply(CompletableFuture.java:1996)
	at org.apache.ratis.client.impl.OrderedStreamAsync.sendRequestToNetwork(OrderedStreamAsync.java:154)
	at org.apache.ratis.client.impl.OrderedStreamAsync.lambda$sendRequest$1(OrderedStreamAsync.java:129)
	at org.apache.ratis.util.SlidingWindow$Client.sendOrDelayRequest(SlidingWindow.java:271)
	at org.apache.ratis.util.SlidingWindow$Client.submitNewRequest(SlidingWindow.java:259)
	at org.apache.ratis.client.impl.OrderedStreamAsync.sendRequest(OrderedStreamAsync.java:129)
	at org.apache.ratis.client.impl.DataStreamClientImpl$DataStreamOutputImpl.send(DataStreamClientImpl.java:116)
	at org.apache.ratis.client.impl.DataStreamClientImpl$DataStreamOutputImpl.writeAsyncImpl(DataStreamClientImpl.java:128)
	at org.apache.ratis.client.impl.DataStreamClientImpl$DataStreamOutputImpl.writeAsync(DataStreamClientImpl.java:139)
	at org.apache.ratis.datastream.DataStreamTestUtils.writeAndAssertReplies(DataStreamTestUtils.java:284)
	at org.apache.ratis.datastream.DataStreamTestUtils.writeAndCloseAndAssertReplies(DataStreamTestUtils.java:312)
	at org.apache.ratis.datastream.DataStreamAsyncClusterTests.lambda$runTestDataStream$5(DataStreamAsyncClusterTests.java:156)
	at java.util.concurrent.CompletableFuture$AsyncSupply.run(CompletableFuture.java:1604)
	at java.util.concurrent.ThreadPoolExecutor.runWorker(ThreadPoolExecutor.java:1149)
	at java.util.concurrent.ThreadPoolExecutor$Worker.run(ThreadPoolExecutor.java:624)
	at java.lang.Thread.run(Thread.java:750)
Caused by: org.apache.ratis.protocol.exceptions.AlreadyClosedException: NettyClientStreamRpc->s2|rpc:localhost:38605|admin:localhost:35039|client:localhost:44431|dataStream:localhost:41029|priority:0: Failed to send DataStreamRequestByteBuffer:clientId=client-B97F2CDCB492,type=STREAM_DATA,id=397,offset=4221088,length=659596
	at org.apache.ratis.netty.client.NettyClientStreamRpc.streamAsync(NettyClientStreamRpc.java:370)
	at org.apache.ratis.client.impl.OrderedStreamAsync.sendRequestToNetwork(OrderedStreamAsync.java:147)
	... 14 more
2022-06-08 04:48:02,316 [pool-9-thread-10] ERROR impl.OrderedStreamAsync (OrderedStreamAsync.java:lambda$sendRequest$2(132)) - Failed to send request, header=DataStreamRequestHeader:clientId=client-B97F2CDCB492,type=STREAM_DATA,id=397,offset=4880684,length=939912
java.util.concurrent.CompletionException: org.apache.ratis.protocol.exceptions.AlreadyClosedException: NettyClientStreamRpc->s2|rpc:localhost:38605|admin:localhost:35039|client:localhost:44431|dataStream:localhost:41029|priority:0: Failed to send DataStreamRequestByteBuffer:clientId=client-B97F2CDCB492,type=STREAM_DATA,id=397,offset=4880684,length=939912
	at java.util.concurrent.CompletableFuture.encodeThrowable(CompletableFuture.java:292)
	at java.util.concurrent.CompletableFuture.completeThrowable(CompletableFuture.java:308)
	at java.util.concurrent.CompletableFuture.uniApply(CompletableFuture.java:607)
	at java.util.concurrent.CompletableFuture.uniApplyStage(CompletableFuture.java:628)
	at java.util.concurrent.CompletableFuture.thenApply(CompletableFuture.java:1996)
	at org.apache.ratis.client.impl.OrderedStreamAsync.sendRequestToNetwork(OrderedStreamAsync.java:154)
	at org.apache.ratis.client.impl.OrderedStreamAsync.lambda$sendRequest$1(OrderedStreamAsync.java:129)
	at org.apache.ratis.util.SlidingWindow$Client.sendOrDelayRequest(SlidingWindow.java:271)
	at org.apache.ratis.util.SlidingWindow$Client.submitNewRequest(SlidingWindow.java:259)
	at org.apache.ratis.client.impl.OrderedStreamAsync.sendRequest(OrderedStreamAsync.java:129)
	at org.apache.ratis.client.impl.DataStreamClientImpl$DataStreamOutputImpl.send(DataStreamClientImpl.java:116)
	at org.apache.ratis.client.impl.DataStreamClientImpl$DataStreamOutputImpl.writeAsyncImpl(DataStreamClientImpl.java:128)
	at org.apache.ratis.client.impl.DataStreamClientImpl$DataStreamOutputImpl.writeAsync(DataStreamClientImpl.java:139)
	at org.apache.ratis.datastream.DataStreamTestUtils.writeAndAssertReplies(DataStreamTestUtils.java:284)
	at org.apache.ratis.datastream.DataStreamTestUtils.writeAndCloseAndAssertReplies(DataStreamTestUtils.java:312)
	at org.apache.ratis.datastream.DataStreamAsyncClusterTests.lambda$runTestDataStream$5(DataStreamAsyncClusterTests.java:156)
	at java.util.concurrent.CompletableFuture$AsyncSupply.run(CompletableFuture.java:1604)
	at java.util.concurrent.ThreadPoolExecutor.runWorker(ThreadPoolExecutor.java:1149)
	at java.util.concurrent.ThreadPoolExecutor$Worker.run(ThreadPoolExecutor.java:624)
	at java.lang.Thread.run(Thread.java:750)
Caused by: org.apache.ratis.protocol.exceptions.AlreadyClosedException: NettyClientStreamRpc->s2|rpc:localhost:38605|admin:localhost:35039|client:localhost:44431|dataStream:localhost:41029|priority:0: Failed to send DataStreamRequestByteBuffer:clientId=client-B97F2CDCB492,type=STREAM_DATA,id=397,offset=4880684,length=939912
	at org.apache.ratis.netty.client.NettyClientStreamRpc.streamAsync(NettyClientStreamRpc.java:370)
	at org.apache.ratis.client.impl.OrderedStreamAsync.sendRequestToNetwork(OrderedStreamAsync.java:147)
	... 14 more
2022-06-08 04:48:02,321 [pool-9-thread-11] ERROR impl.OrderedStreamAsync (OrderedStreamAsync.java:lambda$sendRequest$2(132)) - Failed to send request, header=DataStreamRequestHeader:clientId=client-B97F2CDCB492,type=STREAM_DATA,id=396,offset=4785224,length=872899
java.util.concurrent.CompletionException: org.apache.ratis.protocol.exceptions.AlreadyClosedException: NettyClientStreamRpc->s2|rpc:localhost:38605|admin:localhost:35039|client:localhost:44431|dataStream:localhost:41029|priority:0: Failed to send DataStreamRequestByteBuffer:clientId=client-B97F2CDCB492,type=STREAM_DATA,id=396,offset=4785224,length=872899
	at java.util.concurrent.CompletableFuture.encodeThrowable(CompletableFuture.java:292)
	at java.util.concurrent.CompletableFuture.completeThrowable(CompletableFuture.java:308)
	at java.util.concurrent.CompletableFuture.uniApply(CompletableFuture.java:607)
	at java.util.concurrent.CompletableFuture.uniApplyStage(CompletableFuture.java:628)
	at java.util.concurrent.CompletableFuture.thenApply(CompletableFuture.java:1996)
	at org.apache.ratis.client.impl.OrderedStreamAsync.sendRequestToNetwork(OrderedStreamAsync.java:154)
	at org.apache.ratis.client.impl.OrderedStreamAsync.lambda$sendRequest$1(OrderedStreamAsync.java:129)
	at org.apache.ratis.util.SlidingWindow$Client.sendOrDelayRequest(SlidingWindow.java:271)
	at org.apache.ratis.util.SlidingWindow$Client.submitNewRequest(SlidingWindow.java:259)
	at org.apache.ratis.client.impl.OrderedStreamAsync.sendRequest(OrderedStreamAsync.java:129)
	at org.apache.ratis.client.impl.DataStreamClientImpl$DataStreamOutputImpl.send(DataStreamClientImpl.java:116)
	at org.apache.ratis.client.impl.DataStreamClientImpl$DataStreamOutputImpl.writeAsyncImpl(DataStreamClientImpl.java:128)
	at org.apache.ratis.client.impl.DataStreamClientImpl$DataStreamOutputImpl.writeAsync(DataStreamClientImpl.java:139)
	at org.apache.ratis.datastream.DataStreamTestUtils.writeAndAssertReplies(DataStreamTestUtils.java:284)
	at org.apache.ratis.datastream.DataStreamTestUtils.writeAndCloseAndAssertReplies(DataStreamTestUtils.java:312)
	at org.apache.ratis.datastream.DataStreamAsyncClusterTests.lambda$runTestDataStream$5(DataStreamAsyncClusterTests.java:156)
	at java.util.concurrent.CompletableFuture$AsyncSupply.run(CompletableFuture.java:1604)
	at java.util.concurrent.ThreadPoolExecutor.runWorker(ThreadPoolExecutor.java:1149)
	at java.util.concurrent.ThreadPoolExecutor$Worker.run(ThreadPoolExecutor.java:624)
	at java.lang.Thread.run(Thread.java:750)
Caused by: org.apache.ratis.protocol.exceptions.AlreadyClosedException: NettyClientStreamRpc->s2|rpc:localhost:38605|admin:localhost:35039|client:localhost:44431|dataStream:localhost:41029|priority:0: Failed to send DataStreamRequestByteBuffer:clientId=client-B97F2CDCB492,type=STREAM_DATA,id=396,offset=4785224,length=872899
	at org.apache.ratis.netty.client.NettyClientStreamRpc.streamAsync(NettyClientStreamRpc.java:370)
	at org.apache.ratis.client.impl.OrderedStreamAsync.sendRequestToNetwork(OrderedStreamAsync.java:147)
	... 14 more
2022-06-08 04:48:02,333 [pool-9-thread-4] INFO  datastream.DataStreamTestUtils (DataStreamTestUtils.java:writeAndCloseAndAssertReplies(320)) - Stream398: bytesWritten=7778074
2022-06-08 04:48:02,336 [pool-9-thread-10] ERROR impl.OrderedStreamAsync (OrderedStreamAsync.java:lambda$sendRequest$2(132)) - Failed to send request, header=DataStreamRequestHeader:clientId=client-B97F2CDCB492,type=STREAM_DATA,id=397,offset=5820596,length=730978
java.util.concurrent.CompletionException: org.apache.ratis.protocol.exceptions.AlreadyClosedException: NettyClientStreamRpc->s2|rpc:localhost:38605|admin:localhost:35039|client:localhost:44431|dataStream:localhost:41029|priority:0: Failed to send DataStreamRequestByteBuffer:clientId=client-B97F2CDCB492,type=STREAM_DATA,id=397,offset=5820596,length=730978
	at java.util.concurrent.CompletableFuture.encodeThrowable(CompletableFuture.java:292)
	at java.util.concurrent.CompletableFuture.completeThrowable(CompletableFuture.java:308)
	at java.util.concurrent.CompletableFuture.uniApply(CompletableFuture.java:607)
	at java.util.concurrent.CompletableFuture.uniApplyStage(CompletableFuture.java:628)
	at java.util.concurrent.CompletableFuture.thenApply(CompletableFuture.java:1996)
	at org.apache.ratis.client.impl.OrderedStreamAsync.sendRequestToNetwork(OrderedStreamAsync.java:154)
	at org.apache.ratis.client.impl.OrderedStreamAsync.lambda$sendRequest$1(OrderedStreamAsync.java:129)
	at org.apache.ratis.util.SlidingWindow$Client.sendOrDelayRequest(SlidingWindow.java:271)
	at org.apache.ratis.util.SlidingWindow$Client.submitNewRequest(SlidingWindow.java:259)
	at org.apache.ratis.client.impl.OrderedStreamAsync.sendRequest(OrderedStreamAsync.java:129)
	at org.apache.ratis.client.impl.DataStreamClientImpl$DataStreamOutputImpl.send(DataStreamClientImpl.java:116)
	at org.apache.ratis.client.impl.DataStreamClientImpl$DataStreamOutputImpl.writeAsyncImpl(DataStreamClientImpl.java:128)
	at org.apache.ratis.client.impl.DataStreamClientImpl$DataStreamOutputImpl.writeAsync(DataStreamClientImpl.java:139)
	at org.apache.ratis.datastream.DataStreamTestUtils.writeAndAssertReplies(DataStreamTestUtils.java:284)
	at org.apache.ratis.datastream.DataStreamTestUtils.writeAndCloseAndAssertReplies(DataStreamTestUtils.java:312)
	at org.apache.ratis.datastream.DataStreamAsyncClusterTests.lambda$runTestDataStream$5(DataStreamAsyncClusterTests.java:156)
	at java.util.concurrent.CompletableFuture$AsyncSupply.run(CompletableFuture.java:1604)
	at java.util.concurrent.ThreadPoolExecutor.runWorker(ThreadPoolExecutor.java:1149)
	at java.util.concurrent.ThreadPoolExecutor$Worker.run(ThreadPoolExecutor.java:624)
	at java.lang.Thread.run(Thread.java:750)
Caused by: org.apache.ratis.protocol.exceptions.AlreadyClosedException: NettyClientStreamRpc->s2|rpc:localhost:38605|admin:localhost:35039|client:localhost:44431|dataStream:localhost:41029|priority:0: Failed to send DataStreamRequestByteBuffer:clientId=client-B97F2CDCB492,type=STREAM_DATA,id=397,offset=5820596,length=730978
	at org.apache.ratis.netty.client.NettyClientStreamRpc.streamAsync(NettyClientStreamRpc.java:370)
	at org.apache.ratis.client.impl.OrderedStreamAsync.sendRequestToNetwork(OrderedStreamAsync.java:147)
	... 14 more
2022-06-08 04:48:02,346 [pool-9-thread-10] ERROR impl.OrderedStreamAsync (OrderedStreamAsync.java:lambda$sendRequest$2(132)) - Failed to send request, header=DataStreamRequestHeader:clientId=client-B97F2CDCB492,type=STREAM_DATA,id=397,offset=6551574,length=877303
java.util.concurrent.CompletionException: org.apache.ratis.protocol.exceptions.AlreadyClosedException: NettyClientStreamRpc->s2|rpc:localhost:38605|admin:localhost:35039|client:localhost:44431|dataStream:localhost:41029|priority:0: Failed to send DataStreamRequestByteBuffer:clientId=client-B97F2CDCB492,type=STREAM_DATA,id=397,offset=6551574,length=877303
	at java.util.concurrent.CompletableFuture.encodeThrowable(CompletableFuture.java:292)
	at java.util.concurrent.CompletableFuture.completeThrowable(CompletableFuture.java:308)
	at java.util.concurrent.CompletableFuture.uniApply(CompletableFuture.java:607)
	at java.util.concurrent.CompletableFuture.uniApplyStage(CompletableFuture.java:628)
	at java.util.concurrent.CompletableFuture.thenApply(CompletableFuture.java:1996)
	at org.apache.ratis.client.impl.OrderedStreamAsync.sendRequestToNetwork(OrderedStreamAsync.java:154)
	at org.apache.ratis.client.impl.OrderedStreamAsync.lambda$sendRequest$1(OrderedStreamAsync.java:129)
	at org.apache.ratis.util.SlidingWindow$Client.sendOrDelayRequest(SlidingWindow.java:271)
	at org.apache.ratis.util.SlidingWindow$Client.submitNewRequest(SlidingWindow.java:259)
	at org.apache.ratis.client.impl.OrderedStreamAsync.sendRequest(OrderedStreamAsync.java:129)
	at org.apache.ratis.client.impl.DataStreamClientImpl$DataStreamOutputImpl.send(DataStreamClientImpl.java:116)
	at org.apache.ratis.client.impl.DataStreamClientImpl$DataStreamOutputImpl.writeAsyncImpl(DataStreamClientImpl.java:128)
	at org.apache.ratis.client.impl.DataStreamClientImpl$DataStreamOutputImpl.writeAsync(DataStreamClientImpl.java:139)
	at org.apache.ratis.datastream.DataStreamTestUtils.writeAndAssertReplies(DataStreamTestUtils.java:284)
	at org.apache.ratis.datastream.DataStreamTestUtils.writeAndCloseAndAssertReplies(DataStreamTestUtils.java:312)
	at org.apache.ratis.datastream.DataStreamAsyncClusterTests.lambda$runTestDataStream$5(DataStreamAsyncClusterTests.java:156)
	at java.util.concurrent.CompletableFuture$AsyncSupply.run(CompletableFuture.java:1604)
	at java.util.concurrent.ThreadPoolExecutor.runWorker(ThreadPoolExecutor.java:1149)
	at java.util.concurrent.ThreadPoolExecutor$Worker.run(ThreadPoolExecutor.java:624)
	at java.lang.Thread.run(Thread.java:750)
Caused by: org.apache.ratis.protocol.exceptions.AlreadyClosedException: NettyClientStreamRpc->s2|rpc:localhost:38605|admin:localhost:35039|client:localhost:44431|dataStream:localhost:41029|priority:0: Failed to send DataStreamRequestByteBuffer:clientId=client-B97F2CDCB492,type=STREAM_DATA,id=397,offset=6551574,length=877303
	at org.apache.ratis.netty.client.NettyClientStreamRpc.streamAsync(NettyClientStreamRpc.java:370)
	at org.apache.ratis.client.impl.OrderedStreamAsync.sendRequestToNetwork(OrderedStreamAsync.java:147)
	... 14 more
2022-06-08 04:48:02,346 [pool-9-thread-11] ERROR impl.OrderedStreamAsync (OrderedStreamAsync.java:lambda$sendRequest$2(132)) - Failed to send request, header=DataStreamRequestHeader:clientId=client-B97F2CDCB492,type=STREAM_DATA,id=396,offset=5658123,length=856952
java.util.concurrent.CompletionException: org.apache.ratis.protocol.exceptions.AlreadyClosedException: NettyClientStreamRpc->s2|rpc:localhost:38605|admin:localhost:35039|client:localhost:44431|dataStream:localhost:41029|priority:0: Failed to send DataStreamRequestByteBuffer:clientId=client-B97F2CDCB492,type=STREAM_DATA,id=396,offset=5658123,length=856952
	at java.util.concurrent.CompletableFuture.encodeThrowable(CompletableFuture.java:292)
	at java.util.concurrent.CompletableFuture.completeThrowable(CompletableFuture.java:308)
	at java.util.concurrent.CompletableFuture.uniApply(CompletableFuture.java:607)
	at java.util.concurrent.CompletableFuture.uniApplyStage(CompletableFuture.java:628)
	at java.util.concurrent.CompletableFuture.thenApply(CompletableFuture.java:1996)
	at org.apache.ratis.client.impl.OrderedStreamAsync.sendRequestToNetwork(OrderedStreamAsync.java:154)
	at org.apache.ratis.client.impl.OrderedStreamAsync.lambda$sendRequest$1(OrderedStreamAsync.java:129)
	at org.apache.ratis.util.SlidingWindow$Client.sendOrDelayRequest(SlidingWindow.java:271)
	at org.apache.ratis.util.SlidingWindow$Client.submitNewRequest(SlidingWindow.java:259)
	at org.apache.ratis.client.impl.OrderedStreamAsync.sendRequest(OrderedStreamAsync.java:129)
	at org.apache.ratis.client.impl.DataStreamClientImpl$DataStreamOutputImpl.send(DataStreamClientImpl.java:116)
	at org.apache.ratis.client.impl.DataStreamClientImpl$DataStreamOutputImpl.writeAsyncImpl(DataStreamClientImpl.java:128)
	at org.apache.ratis.client.impl.DataStreamClientImpl$DataStreamOutputImpl.writeAsync(DataStreamClientImpl.java:139)
	at org.apache.ratis.datastream.DataStreamTestUtils.writeAndAssertReplies(DataStreamTestUtils.java:284)
	at org.apache.ratis.datastream.DataStreamTestUtils.writeAndCloseAndAssertReplies(DataStreamTestUtils.java:312)
	at org.apache.ratis.datastream.DataStreamAsyncClusterTests.lambda$runTestDataStream$5(DataStreamAsyncClusterTests.java:156)
	at java.util.concurrent.CompletableFuture$AsyncSupply.run(CompletableFuture.java:1604)
	at java.util.concurrent.ThreadPoolExecutor.runWorker(ThreadPoolExecutor.java:1149)
	at java.util.concurrent.ThreadPoolExecutor$Worker.run(ThreadPoolExecutor.java:624)
	at java.lang.Thread.run(Thread.java:750)
Caused by: org.apache.ratis.protocol.exceptions.AlreadyClosedException: NettyClientStreamRpc->s2|rpc:localhost:38605|admin:localhost:35039|client:localhost:44431|dataStream:localhost:41029|priority:0: Failed to send DataStreamRequestByteBuffer:clientId=client-B97F2CDCB492,type=STREAM_DATA,id=396,offset=5658123,length=856952
	at org.apache.ratis.netty.client.NettyClientStreamRpc.streamAsync(NettyClientStreamRpc.java:370)
	at org.apache.ratis.client.impl.OrderedStreamAsync.sendRequestToNetwork(OrderedStreamAsync.java:147)
	... 14 more
2022-06-08 04:48:02,349 [pool-9-thread-10] INFO  datastream.DataStreamTestUtils (DataStreamTestUtils.java:writeAndCloseAndAssertReplies(311)) - start Stream399
2022-06-08 04:48:02,369 [pool-9-thread-11] ERROR impl.OrderedStreamAsync (OrderedStreamAsync.java:lambda$sendRequest$2(132)) - Failed to send request, header=DataStreamRequestHeader:clientId=client-B97F2CDCB492,type=STREAM_DATA,id=396,offset=6515075,length=895141
java.util.concurrent.CompletionException: org.apache.ratis.protocol.exceptions.AlreadyClosedException: NettyClientStreamRpc->s2|rpc:localhost:38605|admin:localhost:35039|client:localhost:44431|dataStream:localhost:41029|priority:0: Failed to send DataStreamRequestByteBuffer:clientId=client-B97F2CDCB492,type=STREAM_DATA,id=396,offset=6515075,length=895141
	at java.util.concurrent.CompletableFuture.encodeThrowable(CompletableFuture.java:292)
	at java.util.concurrent.CompletableFuture.completeThrowable(CompletableFuture.java:308)
	at java.util.concurrent.CompletableFuture.uniApply(CompletableFuture.java:607)
	at java.util.concurrent.CompletableFuture.uniApplyStage(CompletableFuture.java:628)
	at java.util.concurrent.CompletableFuture.thenApply(CompletableFuture.java:1996)
	at org.apache.ratis.client.impl.OrderedStreamAsync.sendRequestToNetwork(OrderedStreamAsync.java:154)
	at org.apache.ratis.client.impl.OrderedStreamAsync.lambda$sendRequest$1(OrderedStreamAsync.java:129)
	at org.apache.ratis.util.SlidingWindow$Client.sendOrDelayRequest(SlidingWindow.java:271)
	at org.apache.ratis.util.SlidingWindow$Client.submitNewRequest(SlidingWindow.java:259)
	at org.apache.ratis.client.impl.OrderedStreamAsync.sendRequest(OrderedStreamAsync.java:129)
	at org.apache.ratis.client.impl.DataStreamClientImpl$DataStreamOutputImpl.send(DataStreamClientImpl.java:116)
	at org.apache.ratis.client.impl.DataStreamClientImpl$DataStreamOutputImpl.writeAsyncImpl(DataStreamClientImpl.java:128)
	at org.apache.ratis.client.impl.DataStreamClientImpl$DataStreamOutputImpl.writeAsync(DataStreamClientImpl.java:139)
	at org.apache.ratis.datastream.DataStreamTestUtils.writeAndAssertReplies(DataStreamTestUtils.java:284)
	at org.apache.ratis.datastream.DataStreamTestUtils.writeAndCloseAndAssertReplies(DataStreamTestUtils.java:312)
	at org.apache.ratis.datastream.DataStreamAsyncClusterTests.lambda$runTestDataStream$5(DataStreamAsyncClusterTests.java:156)
	at java.util.concurrent.CompletableFuture$AsyncSupply.run(CompletableFuture.java:1604)
	at java.util.concurrent.ThreadPoolExecutor.runWorker(ThreadPoolExecutor.java:1149)
	at java.util.concurrent.ThreadPoolExecutor$Worker.run(ThreadPoolExecutor.java:624)
	at java.lang.Thread.run(Thread.java:750)
Caused by: org.apache.ratis.protocol.exceptions.AlreadyClosedException: NettyClientStreamRpc->s2|rpc:localhost:38605|admin:localhost:35039|client:localhost:44431|dataStream:localhost:41029|priority:0: Failed to send DataStreamRequestByteBuffer:clientId=client-B97F2CDCB492,type=STREAM_DATA,id=396,offset=6515075,length=895141
	at org.apache.ratis.netty.client.NettyClientStreamRpc.streamAsync(NettyClientStreamRpc.java:370)
	at org.apache.ratis.client.impl.OrderedStreamAsync.sendRequestToNetwork(OrderedStreamAsync.java:147)
	... 14 more
2022-06-08 04:48:02,504 [pool-9-thread-10] INFO  datastream.DataStreamTestUtils (DataStreamTestUtils.java:writeAndCloseAndAssertReplies(320)) - Stream399: bytesWritten=8314947
2022-06-08 04:48:02,881 [java.util.concurrent.ThreadPoolExecutor$Worker@d66d10b[State = -1, empty queue]] ERROR impl.OrderedStreamAsync (OrderedStreamAsync.java:lambda$sendRequest$2(132)) - Failed to send request, header=DataStreamRequestHeader:clientId=client-B97F2CDCB492,type=STREAM_DATA,id=391,offset=6735074,length=0
org.apache.ratis.protocol.exceptions.TimeoutIOException: Timeout 10000ms: Failed to send DataStreamWindowRequest:seqNum=12,DataStreamRequestHeader:clientId=client-B97F2CDCB492,type=STREAM_DATA,id=391,offset=6735074,length=0
	at org.apache.ratis.client.impl.OrderedStreamAsync.lambda$scheduleWithTimeout$7(OrderedStreamAsync.java:172)
	at org.apache.ratis.util.TimeoutScheduler.lambda$onTimeout$0(TimeoutScheduler.java:141)
	at org.apache.ratis.util.TimeoutScheduler.lambda$onTimeout$1(TimeoutScheduler.java:155)
	at org.apache.ratis.util.LogUtils.runAndLog(LogUtils.java:38)
	at org.apache.ratis.util.LogUtils$1.run(LogUtils.java:79)
	at java.util.concurrent.Executors$RunnableAdapter.call(Executors.java:511)
	at java.util.concurrent.FutureTask.run(FutureTask.java:266)
	at java.util.concurrent.ScheduledThreadPoolExecutor$ScheduledFutureTask.access$201(ScheduledThreadPoolExecutor.java:180)
	at java.util.concurrent.ScheduledThreadPoolExecutor$ScheduledFutureTask.run(ScheduledThreadPoolExecutor.java:293)
	at java.util.concurrent.ThreadPoolExecutor.runWorker(ThreadPoolExecutor.java:1149)
	at java.util.concurrent.ThreadPoolExecutor$Worker.run(ThreadPoolExecutor.java:624)
	at java.lang.Thread.run(Thread.java:750)
2022-06-08 04:48:02,882 [pool-9-thread-14] INFO  datastream.DataStreamTestUtils (DataStreamTestUtils.java:writeAndCloseAndAssertReplies(311)) - start Stream400
2022-06-08 04:48:02,948 [java.util.concurrent.ThreadPoolExecutor$Worker@6b0faafc[State = -1, empty queue]] ERROR impl.OrderedStreamAsync (OrderedStreamAsync.java:lambda$sendRequest$2(132)) - Failed to send request, header=DataStreamRequestHeader:clientId=client-B97F2CDCB492,type=STREAM_DATA,id=390,offset=6652684,length=0
org.apache.ratis.protocol.exceptions.TimeoutIOException: Timeout 10000ms: Failed to send DataStreamWindowRequest:seqNum=12,DataStreamRequestHeader:clientId=client-B97F2CDCB492,type=STREAM_DATA,id=390,offset=6652684,length=0
	at org.apache.ratis.client.impl.OrderedStreamAsync.lambda$scheduleWithTimeout$7(OrderedStreamAsync.java:172)
	at org.apache.ratis.util.TimeoutScheduler.lambda$onTimeout$0(TimeoutScheduler.java:141)
	at org.apache.ratis.util.TimeoutScheduler.lambda$onTimeout$1(TimeoutScheduler.java:155)
	at org.apache.ratis.util.LogUtils.runAndLog(LogUtils.java:38)
	at org.apache.ratis.util.LogUtils$1.run(LogUtils.java:79)
	at java.util.concurrent.Executors$RunnableAdapter.call(Executors.java:511)
	at java.util.concurrent.FutureTask.run(FutureTask.java:266)
	at java.util.concurrent.ScheduledThreadPoolExecutor$ScheduledFutureTask.access$201(ScheduledThreadPoolExecutor.java:180)
	at java.util.concurrent.ScheduledThreadPoolExecutor$ScheduledFutureTask.run(ScheduledThreadPoolExecutor.java:293)
	at java.util.concurrent.ThreadPoolExecutor.runWorker(ThreadPoolExecutor.java:1149)
	at java.util.concurrent.ThreadPoolExecutor$Worker.run(ThreadPoolExecutor.java:624)
	at java.lang.Thread.run(Thread.java:750)
2022-06-08 04:48:02,948 [pool-9-thread-13] INFO  datastream.DataStreamTestUtils (DataStreamTestUtils.java:writeAndCloseAndAssertReplies(311)) - start Stream401
2022-06-08 04:48:03,062 [pool-9-thread-14] INFO  datastream.DataStreamTestUtils (DataStreamTestUtils.java:writeAndCloseAndAssertReplies(320)) - Stream400: bytesWritten=8162874
2022-06-08 04:48:03,149 [java.util.concurrent.ThreadPoolExecutor$Worker@742760c9[State = -1, empty queue]] ERROR impl.OrderedStreamAsync (OrderedStreamAsync.java:lambda$sendRequest$2(132)) - Failed to send request, header=DataStreamRequestHeader:clientId=client-B97F2CDCB492,type=STREAM_DATA,id=393,offset=7877154,length=0
org.apache.ratis.protocol.exceptions.TimeoutIOException: Timeout 10000ms: Failed to send DataStreamWindowRequest:seqNum=12,DataStreamRequestHeader:clientId=client-B97F2CDCB492,type=STREAM_DATA,id=393,offset=7877154,length=0
	at org.apache.ratis.client.impl.OrderedStreamAsync.lambda$scheduleWithTimeout$7(OrderedStreamAsync.java:172)
	at org.apache.ratis.util.TimeoutScheduler.lambda$onTimeout$0(TimeoutScheduler.java:141)
	at org.apache.ratis.util.TimeoutScheduler.lambda$onTimeout$1(TimeoutScheduler.java:155)
	at org.apache.ratis.util.LogUtils.runAndLog(LogUtils.java:38)
	at org.apache.ratis.util.LogUtils$1.run(LogUtils.java:79)
	at java.util.concurrent.Executors$RunnableAdapter.call(Executors.java:511)
	at java.util.concurrent.FutureTask.run(FutureTask.java:266)
	at java.util.concurrent.ScheduledThreadPoolExecutor$ScheduledFutureTask.access$201(ScheduledThreadPoolExecutor.java:180)
	at java.util.concurrent.ScheduledThreadPoolExecutor$ScheduledFutureTask.run(ScheduledThreadPoolExecutor.java:293)
	at java.util.concurrent.ThreadPoolExecutor.runWorker(ThreadPoolExecutor.java:1149)
	at java.util.concurrent.ThreadPoolExecutor$Worker.run(ThreadPoolExecutor.java:624)
	at java.lang.Thread.run(Thread.java:750)
2022-06-08 04:48:03,149 [pool-9-thread-16] INFO  datastream.DataStreamTestUtils (DataStreamTestUtils.java:writeAndCloseAndAssertReplies(311)) - start Stream402
2022-06-08 04:48:03,174 [java.util.concurrent.ThreadPoolExecutor$Worker@742760c9[State = -1, empty queue]] ERROR impl.OrderedStreamAsync (OrderedStreamAsync.java:lambda$sendRequest$2(132)) - Failed to send request, header=DataStreamRequestHeader:clientId=client-B97F2CDCB492,type=STREAM_DATA,id=392,offset=8354565,length=0
org.apache.ratis.protocol.exceptions.TimeoutIOException: Timeout 10000ms: Failed to send DataStreamWindowRequest:seqNum=12,DataStreamRequestHeader:clientId=client-B97F2CDCB492,type=STREAM_DATA,id=392,offset=8354565,length=0
	at org.apache.ratis.client.impl.OrderedStreamAsync.lambda$scheduleWithTimeout$7(OrderedStreamAsync.java:172)
	at org.apache.ratis.util.TimeoutScheduler.lambda$onTimeout$0(TimeoutScheduler.java:141)
	at org.apache.ratis.util.TimeoutScheduler.lambda$onTimeout$1(TimeoutScheduler.java:155)
	at org.apache.ratis.util.LogUtils.runAndLog(LogUtils.java:38)
	at org.apache.ratis.util.LogUtils$1.run(LogUtils.java:79)
	at java.util.concurrent.Executors$RunnableAdapter.call(Executors.java:511)
	at java.util.concurrent.FutureTask.run(FutureTask.java:266)
	at java.util.concurrent.ScheduledThreadPoolExecutor$ScheduledFutureTask.access$201(ScheduledThreadPoolExecutor.java:180)
	at java.util.concurrent.ScheduledThreadPoolExecutor$ScheduledFutureTask.run(ScheduledThreadPoolExecutor.java:293)
	at java.util.concurrent.ThreadPoolExecutor.runWorker(ThreadPoolExecutor.java:1149)
	at java.util.concurrent.ThreadPoolExecutor$Worker.run(ThreadPoolExecutor.java:624)
	at java.lang.Thread.run(Thread.java:750)
2022-06-08 04:48:03,174 [pool-9-thread-12] INFO  datastream.DataStreamTestUtils (DataStreamTestUtils.java:writeAndCloseAndAssertReplies(311)) - start Stream403
2022-06-08 04:48:03,227 [java.util.concurrent.ThreadPoolExecutor$Worker@1fe1793b[State = -1, empty queue]] ERROR impl.OrderedStreamAsync (OrderedStreamAsync.java:lambda$sendRequest$2(132)) - Failed to send request, header=DataStreamRequestHeader:clientId=client-B97F2CDCB492,type=STREAM_DATA,id=395,offset=7550428,length=0
org.apache.ratis.protocol.exceptions.TimeoutIOException: Timeout 10000ms: Failed to send DataStreamWindowRequest:seqNum=12,DataStreamRequestHeader:clientId=client-B97F2CDCB492,type=STREAM_DATA,id=395,offset=7550428,length=0
	at org.apache.ratis.client.impl.OrderedStreamAsync.lambda$scheduleWithTimeout$7(OrderedStreamAsync.java:172)
	at org.apache.ratis.util.TimeoutScheduler.lambda$onTimeout$0(TimeoutScheduler.java:141)
	at org.apache.ratis.util.TimeoutScheduler.lambda$onTimeout$1(TimeoutScheduler.java:155)
	at org.apache.ratis.util.LogUtils.runAndLog(LogUtils.java:38)
	at org.apache.ratis.util.LogUtils$1.run(LogUtils.java:79)
	at java.util.concurrent.Executors$RunnableAdapter.call(Executors.java:511)
	at java.util.concurrent.FutureTask.run(FutureTask.java:266)
	at java.util.concurrent.ScheduledThreadPoolExecutor$ScheduledFutureTask.access$201(ScheduledThreadPoolExecutor.java:180)
	at java.util.concurrent.ScheduledThreadPoolExecutor$ScheduledFutureTask.run(ScheduledThreadPoolExecutor.java:293)
	at java.util.concurrent.ThreadPoolExecutor.runWorker(ThreadPoolExecutor.java:1149)
	at java.util.concurrent.ThreadPoolExecutor$Worker.run(ThreadPoolExecutor.java:624)
	at java.lang.Thread.run(Thread.java:750)
2022-06-08 04:48:03,229 [pool-9-thread-8] INFO  datastream.DataStreamTestUtils (DataStreamTestUtils.java:writeAndCloseAndAssertReplies(311)) - start Stream404
2022-06-08 04:48:03,232 [java.util.concurrent.ThreadPoolExecutor$Worker@1fe1793b[State = -1, empty queue]] ERROR impl.OrderedStreamAsync (OrderedStreamAsync.java:lambda$sendRequest$2(132)) - Failed to send request, header=DataStreamRequestHeader:clientId=client-B97F2CDCB492,type=STREAM_DATA,id=394,offset=6961524,length=0
org.apache.ratis.protocol.exceptions.TimeoutIOException: Timeout 10000ms: Failed to send DataStreamWindowRequest:seqNum=12,DataStreamRequestHeader:clientId=client-B97F2CDCB492,type=STREAM_DATA,id=394,offset=6961524,length=0
	at org.apache.ratis.client.impl.OrderedStreamAsync.lambda$scheduleWithTimeout$7(OrderedStreamAsync.java:172)
	at org.apache.ratis.util.TimeoutScheduler.lambda$onTimeout$0(TimeoutScheduler.java:141)
	at org.apache.ratis.util.TimeoutScheduler.lambda$onTimeout$1(TimeoutScheduler.java:155)
	at org.apache.ratis.util.LogUtils.runAndLog(LogUtils.java:38)
	at org.apache.ratis.util.LogUtils$1.run(LogUtils.java:79)
	at java.util.concurrent.Executors$RunnableAdapter.call(Executors.java:511)
	at java.util.concurrent.FutureTask.run(FutureTask.java:266)
	at java.util.concurrent.ScheduledThreadPoolExecutor$ScheduledFutureTask.access$201(ScheduledThreadPoolExecutor.java:180)
	at java.util.concurrent.ScheduledThreadPoolExecutor$ScheduledFutureTask.run(ScheduledThreadPoolExecutor.java:293)
	at java.util.concurrent.ThreadPoolExecutor.runWorker(ThreadPoolExecutor.java:1149)
	at java.util.concurrent.ThreadPoolExecutor$Worker.run(ThreadPoolExecutor.java:624)
	at java.lang.Thread.run(Thread.java:750)
2022-06-08 04:48:03,232 [pool-9-thread-15] INFO  datastream.DataStreamTestUtils (DataStreamTestUtils.java:writeAndCloseAndAssertReplies(311)) - start Stream405
2022-06-08 04:48:03,374 [pool-9-thread-13] INFO  datastream.DataStreamTestUtils (DataStreamTestUtils.java:writeAndCloseAndAssertReplies(320)) - Stream401: bytesWritten=7855335
2022-06-08 04:48:03,589 [pool-9-thread-16] INFO  datastream.DataStreamTestUtils (DataStreamTestUtils.java:writeAndCloseAndAssertReplies(320)) - Stream402: bytesWritten=7393409
2022-06-08 04:48:03,646 [pool-9-thread-15] INFO  datastream.DataStreamTestUtils (DataStreamTestUtils.java:writeAndCloseAndAssertReplies(320)) - Stream405: bytesWritten=7360097
2022-06-08 04:48:03,699 [pool-9-thread-12] INFO  datastream.DataStreamTestUtils (DataStreamTestUtils.java:writeAndCloseAndAssertReplies(320)) - Stream403: bytesWritten=7696408
2022-06-08 04:48:03,704 [pool-9-thread-8] INFO  datastream.DataStreamTestUtils (DataStreamTestUtils.java:writeAndCloseAndAssertReplies(320)) - Stream404: bytesWritten=8388386
2022-06-08 04:48:07,582 [java.util.concurrent.ThreadPoolExecutor$Worker@21ab7d6f[State = -1, empty queue]] WARN  grpc.GrpcUtil (GrpcUtil.java:shutdownManagedChannel(216)) - Timed out gracefully shutting down connection: ManagedChannelOrphanWrapper{delegate=ManagedChannelImpl{logId=283, target=localhost:40597}}. 
2022-06-08 04:48:07,904 [Timer-2] INFO  impl.MiniRaftCluster (MiniRaftCluster.java:lambda$null$6(325)) - TIMED-PRINT: printing ALL groups
  s0:  RUNNING  FOLLOWER s0@group-B9997C7BCCDC:t2, leader=s1, voted=s1, raftlog=s0@group-B9997C7BCCDC-SegmentedRaftLog:OPENED:c43, conf=42: [s0|rpc:localhost:46099|admin:localhost:38707|client:localhost:45879|dataStream:localhost:39887|priority:0, s1|rpc:localhost:42541|admin:localhost:46417|client:localhost:40597|dataStream:localhost:39105|priority:0, s2|rpc:localhost:38605|admin:localhost:35039|client:localhost:44431|dataStream:localhost:41029|priority:0], old=null RUNNING
  s1:  RUNNING    LEADER s1@group-B9997C7BCCDC:t2, leader=s1, voted=s1, raftlog=s1@group-B9997C7BCCDC-SegmentedRaftLog:OPENED:c43, conf=42: [s0|rpc:localhost:46099|admin:localhost:38707|client:localhost:45879|dataStream:localhost:39887|priority:0, s1|rpc:localhost:42541|admin:localhost:46417|client:localhost:40597|dataStream:localhost:39105|priority:0, s2|rpc:localhost:38605|admin:localhost:35039|client:localhost:44431|dataStream:localhost:41029|priority:0], old=null RUNNING
  s2:  RUNNING  FOLLOWER s2@group-B9997C7BCCDC:t2, leader=s1, voted=s1, raftlog=s2@group-B9997C7BCCDC-SegmentedRaftLog:OPENED:c43, conf=42: [s0|rpc:localhost:46099|admin:localhost:38707|client:localhost:45879|dataStream:localhost:39887|priority:0, s1|rpc:localhost:42541|admin:localhost:46417|client:localhost:40597|dataStream:localhost:39105|priority:0, s2|rpc:localhost:38605|admin:localhost:35039|client:localhost:44431|dataStream:localhost:41029|priority:0], old=null RUNNING
2022-06-08 04:48:12,098 [java.util.concurrent.ThreadPoolExecutor$Worker@42abed25[State = -1, empty queue]] ERROR impl.OrderedStreamAsync (OrderedStreamAsync.java:lambda$sendRequest$2(132)) - Failed to send request, header=DataStreamRequestHeader:clientId=client-B97F2CDCB492,type=STREAM_DATA,id=396,offset=0,length=525028
org.apache.ratis.protocol.exceptions.TimeoutIOException: Timeout 10000ms: Failed to send DataStreamWindowRequest:seqNum=2,DataStreamRequestHeader:clientId=client-B97F2CDCB492,type=STREAM_DATA,id=396,offset=0,length=525028
	at org.apache.ratis.client.impl.OrderedStreamAsync.lambda$scheduleWithTimeout$7(OrderedStreamAsync.java:172)
	at org.apache.ratis.util.TimeoutScheduler.lambda$onTimeout$0(TimeoutScheduler.java:141)
	at org.apache.ratis.util.TimeoutScheduler.lambda$onTimeout$1(TimeoutScheduler.java:155)
	at org.apache.ratis.util.LogUtils.runAndLog(LogUtils.java:38)
	at org.apache.ratis.util.LogUtils$1.run(LogUtils.java:79)
	at java.util.concurrent.Executors$RunnableAdapter.call(Executors.java:511)
	at java.util.concurrent.FutureTask.run(FutureTask.java:266)
	at java.util.concurrent.ScheduledThreadPoolExecutor$ScheduledFutureTask.access$201(ScheduledThreadPoolExecutor.java:180)
	at java.util.concurrent.ScheduledThreadPoolExecutor$ScheduledFutureTask.run(ScheduledThreadPoolExecutor.java:293)
	at java.util.concurrent.ThreadPoolExecutor.runWorker(ThreadPoolExecutor.java:1149)
	at java.util.concurrent.ThreadPoolExecutor$Worker.run(ThreadPoolExecutor.java:624)
	at java.lang.Thread.run(Thread.java:750)
2022-06-08 04:48:12,099 [pool-9-thread-11] INFO  datastream.DataStreamTestUtils (DataStreamTestUtils.java:writeAndCloseAndAssertReplies(311)) - start Stream406
2022-06-08 04:48:12,201 [pool-9-thread-11] INFO  datastream.DataStreamTestUtils (DataStreamTestUtils.java:writeAndCloseAndAssertReplies(320)) - Stream406: bytesWritten=6542062
2022-06-08 04:48:13,611 [java.util.concurrent.ThreadPoolExecutor$Worker@3fd837d9[State = -1, empty queue]] WARN  grpc.GrpcUtil (GrpcUtil.java:shutdownManagedChannel(216)) - Timed out gracefully shutting down connection: ManagedChannelOrphanWrapper{delegate=ManagedChannelImpl{logId=297, target=localhost:40597}}. 
2022-06-08 04:48:17,905 [Timer-2] INFO  impl.MiniRaftCluster (MiniRaftCluster.java:lambda$null$6(325)) - TIMED-PRINT: printing ALL groups
  s0:  RUNNING  FOLLOWER s0@group-B9997C7BCCDC:t2, leader=s1, voted=s1, raftlog=s0@group-B9997C7BCCDC-SegmentedRaftLog:OPENED:c43, conf=42: [s0|rpc:localhost:46099|admin:localhost:38707|client:localhost:45879|dataStream:localhost:39887|priority:0, s1|rpc:localhost:42541|admin:localhost:46417|client:localhost:40597|dataStream:localhost:39105|priority:0, s2|rpc:localhost:38605|admin:localhost:35039|client:localhost:44431|dataStream:localhost:41029|priority:0], old=null RUNNING
  s1:  RUNNING    LEADER s1@group-B9997C7BCCDC:t2, leader=s1, voted=s1, raftlog=s1@group-B9997C7BCCDC-SegmentedRaftLog:OPENED:c43, conf=42: [s0|rpc:localhost:46099|admin:localhost:38707|client:localhost:45879|dataStream:localhost:39887|priority:0, s1|rpc:localhost:42541|admin:localhost:46417|client:localhost:40597|dataStream:localhost:39105|priority:0, s2|rpc:localhost:38605|admin:localhost:35039|client:localhost:44431|dataStream:localhost:41029|priority:0], old=null RUNNING
  s2:  RUNNING  FOLLOWER s2@group-B9997C7BCCDC:t2, leader=s1, voted=s1, raftlog=s2@group-B9997C7BCCDC-SegmentedRaftLog:OPENED:c43, conf=42: [s0|rpc:localhost:46099|admin:localhost:38707|client:localhost:45879|dataStream:localhost:39887|priority:0, s1|rpc:localhost:42541|admin:localhost:46417|client:localhost:40597|dataStream:localhost:39105|priority:0, s2|rpc:localhost:38605|admin:localhost:35039|client:localhost:44431|dataStream:localhost:41029|priority:0], old=null RUNNING
2022-06-08 04:48:19,633 [java.util.concurrent.ThreadPoolExecutor$Worker@3f916650[State = -1, empty queue]] WARN  grpc.GrpcUtil (GrpcUtil.java:shutdownManagedChannel(216)) - Timed out gracefully shutting down connection: ManagedChannelOrphanWrapper{delegate=ManagedChannelImpl{logId=311, target=localhost:40597}}. 
2022-06-08 04:48:22,333 [java.util.concurrent.ThreadPoolExecutor$Worker@42abed25[State = -1, empty queue]] ERROR impl.OrderedStreamAsync (OrderedStreamAsync.java:lambda$sendRequest$2(132)) - Failed to send request, header=DataStreamRequestHeader:clientId=client-D3F9E867D38C,type=STREAM_DATA,id=398,offset=7778074,length=0
org.apache.ratis.protocol.exceptions.TimeoutIOException: Timeout 10000ms: Failed to send DataStreamWindowRequest:seqNum=12,DataStreamRequestHeader:clientId=client-D3F9E867D38C,type=STREAM_DATA,id=398,offset=7778074,length=0
	at org.apache.ratis.client.impl.OrderedStreamAsync.lambda$scheduleWithTimeout$7(OrderedStreamAsync.java:172)
	at org.apache.ratis.util.TimeoutScheduler.lambda$onTimeout$0(TimeoutScheduler.java:141)
	at org.apache.ratis.util.TimeoutScheduler.lambda$onTimeout$1(TimeoutScheduler.java:155)
	at org.apache.ratis.util.LogUtils.runAndLog(LogUtils.java:38)
	at org.apache.ratis.util.LogUtils$1.run(LogUtils.java:79)
	at java.util.concurrent.Executors$RunnableAdapter.call(Executors.java:511)
	at java.util.concurrent.FutureTask.run(FutureTask.java:266)
	at java.util.concurrent.ScheduledThreadPoolExecutor$ScheduledFutureTask.access$201(ScheduledThreadPoolExecutor.java:180)
	at java.util.concurrent.ScheduledThreadPoolExecutor$ScheduledFutureTask.run(ScheduledThreadPoolExecutor.java:293)
	at java.util.concurrent.ThreadPoolExecutor.runWorker(ThreadPoolExecutor.java:1149)
	at java.util.concurrent.ThreadPoolExecutor$Worker.run(ThreadPoolExecutor.java:624)
	at java.lang.Thread.run(Thread.java:750)
2022-06-08 04:48:22,335 [pool-9-thread-4] INFO  datastream.DataStreamTestUtils (DataStreamTestUtils.java:writeAndCloseAndAssertReplies(311)) - start Stream407
2022-06-08 04:48:22,340 [pool-9-thread-3] INFO  datastream.DataStreamTestUtils (DataStreamTestUtils.java:writeAndCloseAndAssertReplies(311)) - start Stream408
2022-06-08 04:48:22,340 [Time-limited test] INFO  impl.MiniRaftCluster (MiniRaftCluster.java:runWithNewCluster(127)) - printing ALL groups
  s0:  RUNNING  FOLLOWER s0@group-B9997C7BCCDC:t2, leader=s1, voted=s1, raftlog=s0@group-B9997C7BCCDC-SegmentedRaftLog:OPENED:c43, conf=42: [s0|rpc:localhost:46099|admin:localhost:38707|client:localhost:45879|dataStream:localhost:39887|priority:0, s1|rpc:localhost:42541|admin:localhost:46417|client:localhost:40597|dataStream:localhost:39105|priority:0, s2|rpc:localhost:38605|admin:localhost:35039|client:localhost:44431|dataStream:localhost:41029|priority:0], old=null RUNNING
  s1:  RUNNING    LEADER s1@group-B9997C7BCCDC:t2, leader=s1, voted=s1, raftlog=s1@group-B9997C7BCCDC-SegmentedRaftLog:OPENED:c43, conf=42: [s0|rpc:localhost:46099|admin:localhost:38707|client:localhost:45879|dataStream:localhost:39887|priority:0, s1|rpc:localhost:42541|admin:localhost:46417|client:localhost:40597|dataStream:localhost:39105|priority:0, s2|rpc:localhost:38605|admin:localhost:35039|client:localhost:44431|dataStream:localhost:41029|priority:0], old=null RUNNING
  s2:  RUNNING  FOLLOWER s2@group-B9997C7BCCDC:t2, leader=s1, voted=s1, raftlog=s2@group-B9997C7BCCDC-SegmentedRaftLog:OPENED:c43, conf=42: [s0|rpc:localhost:46099|admin:localhost:38707|client:localhost:45879|dataStream:localhost:39887|priority:0, s1|rpc:localhost:42541|admin:localhost:46417|client:localhost:40597|dataStream:localhost:39105|priority:0, s2|rpc:localhost:38605|admin:localhost:35039|client:localhost:44431|dataStream:localhost:41029|priority:0], old=null RUNNING
2022-06-08 04:48:22,340 [Time-limited test] ERROR impl.MiniRaftCluster (MiniRaftCluster.java:runWithNewCluster(128)) - Failed org.apache.ratis.server.impl.MiniRaftCluster$Factory$Get.runWithNewCluster(MiniRaftCluster.java:113)
java.util.concurrent.CompletionException: org.apache.ratis.protocol.exceptions.TimeoutIOException: Timeout 10000ms: Failed to send DataStreamWindowRequest:seqNum=12,DataStreamRequestHeader:clientId=client-D3F9E867D38C,type=STREAM_DATA,id=398,offset=7778074,length=0
	at java.util.concurrent.CompletableFuture.encodeThrowable(CompletableFuture.java:292)
	at java.util.concurrent.CompletableFuture.completeThrowable(CompletableFuture.java:308)
	at java.util.concurrent.CompletableFuture.uniWhenComplete(CompletableFuture.java:783)
	at java.util.concurrent.CompletableFuture$UniWhenComplete.tryFire(CompletableFuture.java:750)
	at java.util.concurrent.CompletableFuture.postComplete(CompletableFuture.java:488)
	at java.util.concurrent.CompletableFuture.completeExceptionally(CompletableFuture.java:1990)
	at org.apache.ratis.client.impl.OrderedStreamAsync.lambda$scheduleWithTimeout$7(OrderedStreamAsync.java:172)
	at org.apache.ratis.util.TimeoutScheduler.lambda$onTimeout$0(TimeoutScheduler.java:141)
	at org.apache.ratis.util.TimeoutScheduler.lambda$onTimeout$1(TimeoutScheduler.java:155)
	at org.apache.ratis.util.LogUtils.runAndLog(LogUtils.java:38)
	at org.apache.ratis.util.LogUtils$1.run(LogUtils.java:79)
	at java.util.concurrent.Executors$RunnableAdapter.call(Executors.java:511)
	at java.util.concurrent.FutureTask.run(FutureTask.java:266)
	at java.util.concurrent.ScheduledThreadPoolExecutor$ScheduledFutureTask.access$201(ScheduledThreadPoolExecutor.java:180)
	at java.util.concurrent.ScheduledThreadPoolExecutor$ScheduledFutureTask.run(ScheduledThreadPoolExecutor.java:293)
	at java.util.concurrent.ThreadPoolExecutor.runWorker(ThreadPoolExecutor.java:1149)
	at java.util.concurrent.ThreadPoolExecutor$Worker.run(ThreadPoolExecutor.java:624)
	at java.lang.Thread.run(Thread.java:750)
Caused by: org.apache.ratis.protocol.exceptions.TimeoutIOException: Timeout 10000ms: Failed to send DataStreamWindowRequest:seqNum=12,DataStreamRequestHeader:clientId=client-D3F9E867D38C,type=STREAM_DATA,id=398,offset=7778074,length=0
	... 12 more
2022-06-08 04:48:22,347 [Time-limited test] INFO  impl.MiniRaftCluster (MiniRaftCluster.java:shutdown(760)) - ************************************************************** 
2022-06-08 04:48:22,347 [Time-limited test] INFO  impl.MiniRaftCluster (MiniRaftCluster.java:shutdown(761)) - *** 
2022-06-08 04:48:22,347 [Time-limited test] INFO  impl.MiniRaftCluster (MiniRaftCluster.java:shutdown(762)) - ***     Stopping MiniRaftClusterWithRpcTypeGrpcAndDataStreamTypeNetty
2022-06-08 04:48:22,348 [Time-limited test] INFO  impl.MiniRaftCluster (MiniRaftCluster.java:shutdown(763)) - *** 
2022-06-08 04:48:22,348 [Time-limited test] INFO  impl.MiniRaftCluster (MiniRaftCluster.java:shutdown(764)) - ************************************************************** 
2022-06-08 04:48:22,348 [Time-limited test] INFO  impl.MiniRaftCluster (MiniRaftCluster.java:shutdown(765)) - printing ALL groups
  s0:  RUNNING  FOLLOWER s0@group-B9997C7BCCDC:t2, leader=s1, voted=s1, raftlog=s0@group-B9997C7BCCDC-SegmentedRaftLog:OPENED:c43, conf=42: [s0|rpc:localhost:46099|admin:localhost:38707|client:localhost:45879|dataStream:localhost:39887|priority:0, s1|rpc:localhost:42541|admin:localhost:46417|client:localhost:40597|dataStream:localhost:39105|priority:0, s2|rpc:localhost:38605|admin:localhost:35039|client:localhost:44431|dataStream:localhost:41029|priority:0], old=null RUNNING
  s1:  RUNNING    LEADER s1@group-B9997C7BCCDC:t2, leader=s1, voted=s1, raftlog=s1@group-B9997C7BCCDC-SegmentedRaftLog:OPENED:c43, conf=42: [s0|rpc:localhost:46099|admin:localhost:38707|client:localhost:45879|dataStream:localhost:39887|priority:0, s1|rpc:localhost:42541|admin:localhost:46417|client:localhost:40597|dataStream:localhost:39105|priority:0, s2|rpc:localhost:38605|admin:localhost:35039|client:localhost:44431|dataStream:localhost:41029|priority:0], old=null RUNNING
  s2:  RUNNING  FOLLOWER s2@group-B9997C7BCCDC:t2, leader=s1, voted=s1, raftlog=s2@group-B9997C7BCCDC-SegmentedRaftLog:OPENED:c43, conf=42: [s0|rpc:localhost:46099|admin:localhost:38707|client:localhost:45879|dataStream:localhost:39887|priority:0, s1|rpc:localhost:42541|admin:localhost:46417|client:localhost:40597|dataStream:localhost:39105|priority:0, s2|rpc:localhost:38605|admin:localhost:35039|client:localhost:44431|dataStream:localhost:41029|priority:0], old=null RUNNING
2022-06-08 04:48:22,340 [pool-9-thread-1] INFO  datastream.DataStreamTestUtils (DataStreamTestUtils.java:writeAndCloseAndAssertReplies(311)) - start Stream409
2022-06-08 04:48:22,355 [java.util.concurrent.ThreadPoolExecutor$Worker@2aca8a06[State = -1, empty queue]] INFO  server.RaftServer (RaftServerProxy.java:lambda$close$7(398)) - s0: close
2022-06-08 04:48:22,359 [java.util.concurrent.ThreadPoolExecutor$Worker@2aca8a06[State = -1, empty queue]] INFO  server.RaftServer$Division (RaftServerImpl.java:lambda$close$4(434)) - s0@group-B9997C7BCCDC: shutdown
2022-06-08 04:48:22,359 [java.util.concurrent.ThreadPoolExecutor$Worker@2aca8a06[State = -1, empty queue]] INFO  util.JmxRegister (JmxRegister.java:unregister(73)) - Successfully un-registered JMX Bean with object name Ratis:service=RaftServer,group=group-B9997C7BCCDC,id=s0
2022-06-08 04:48:22,359 [java.util.concurrent.ThreadPoolExecutor$Worker@2aca8a06[State = -1, empty queue]] INFO  impl.RoleInfo (RoleInfo.java:shutdownFollowerState(110)) - s0: shutdown s0@group-B9997C7BCCDC-FollowerState
2022-06-08 04:48:22,360 [java.util.concurrent.ThreadPoolExecutor$Worker@2aca8a06[State = -1, empty queue]] INFO  impl.StateMachineUpdater (StateMachineUpdater.java:stopAndJoin(153)) - s0@group-B9997C7BCCDC-StateMachineUpdater: set stopIndex = 43
2022-06-08 04:48:22,358 [pool-9-thread-4] ERROR impl.OrderedStreamAsync (OrderedStreamAsync.java:lambda$sendRequest$2(132)) - Failed to send request, header=DataStreamRequestHeader:clientId=client-D3F9E867D38C,type=STREAM_DATA,id=407,offset=0,length=915887
java.util.concurrent.CompletionException: org.apache.ratis.protocol.exceptions.AlreadyClosedException: NettyClientStreamRpc->s2|rpc:localhost:38605|admin:localhost:35039|client:localhost:44431|dataStream:localhost:41029|priority:0: Failed to send DataStreamRequestByteBuffer:clientId=client-D3F9E867D38C,type=STREAM_DATA,id=407,offset=0,length=915887
	at java.util.concurrent.CompletableFuture.encodeThrowable(CompletableFuture.java:292)
	at java.util.concurrent.CompletableFuture.completeThrowable(CompletableFuture.java:308)
	at java.util.concurrent.CompletableFuture.uniApply(CompletableFuture.java:607)
	at java.util.concurrent.CompletableFuture.uniApplyStage(CompletableFuture.java:628)
	at java.util.concurrent.CompletableFuture.thenApply(CompletableFuture.java:1996)
	at org.apache.ratis.client.impl.OrderedStreamAsync.sendRequestToNetwork(OrderedStreamAsync.java:154)
	at org.apache.ratis.client.impl.OrderedStreamAsync.lambda$sendRequest$1(OrderedStreamAsync.java:129)
	at org.apache.ratis.util.SlidingWindow$Client.sendOrDelayRequest(SlidingWindow.java:271)
	at org.apache.ratis.util.SlidingWindow$Client.submitNewRequest(SlidingWindow.java:259)
	at org.apache.ratis.client.impl.OrderedStreamAsync.sendRequest(OrderedStreamAsync.java:129)
	at org.apache.ratis.client.impl.DataStreamClientImpl$DataStreamOutputImpl.send(DataStreamClientImpl.java:116)
	at org.apache.ratis.client.impl.DataStreamClientImpl$DataStreamOutputImpl.writeAsyncImpl(DataStreamClientImpl.java:128)
	at org.apache.ratis.client.impl.DataStreamClientImpl$DataStreamOutputImpl.writeAsync(DataStreamClientImpl.java:139)
	at org.apache.ratis.datastream.DataStreamTestUtils.writeAndAssertReplies(DataStreamTestUtils.java:284)
	at org.apache.ratis.datastream.DataStreamTestUtils.writeAndCloseAndAssertReplies(DataStreamTestUtils.java:312)
	at org.apache.ratis.datastream.DataStreamAsyncClusterTests.lambda$runTestDataStream$5(DataStreamAsyncClusterTests.java:156)
	at java.util.concurrent.CompletableFuture$AsyncSupply.run(CompletableFuture.java:1604)
	at java.util.concurrent.ThreadPoolExecutor.runWorker(ThreadPoolExecutor.java:1149)
	at java.util.concurrent.ThreadPoolExecutor$Worker.run(ThreadPoolExecutor.java:624)
	at java.lang.Thread.run(Thread.java:750)
Caused by: org.apache.ratis.protocol.exceptions.AlreadyClosedException: NettyClientStreamRpc->s2|rpc:localhost:38605|admin:localhost:35039|client:localhost:44431|dataStream:localhost:41029|priority:0: Failed to send DataStreamRequestByteBuffer:clientId=client-D3F9E867D38C,type=STREAM_DATA,id=407,offset=0,length=915887
	at org.apache.ratis.netty.client.NettyClientStreamRpc.streamAsync(NettyClientStreamRpc.java:370)
	at org.apache.ratis.client.impl.OrderedStreamAsync.sendRequestToNetwork(OrderedStreamAsync.java:147)
	... 14 more
2022-06-08 04:48:22,361 [java.util.concurrent.ThreadPoolExecutor$Worker@4bfdfe4d[State = -1, empty queue]] INFO  server.RaftServer (RaftServerProxy.java:lambda$close$7(398)) - s2: close
2022-06-08 04:48:22,360 [java.util.concurrent.ThreadPoolExecutor$Worker@2aca8a06[State = -1, empty queue]] INFO  server.RaftServer$Division (ServerState.java:close(429)) - s0@group-B9997C7BCCDC: closes. applyIndex: 43
2022-06-08 04:48:22,371 [java.util.concurrent.ThreadPoolExecutor$Worker@4bfdfe4d[State = -1, empty queue]] INFO  server.RaftServer$Division (RaftServerImpl.java:lambda$close$4(434)) - s2@group-B9997C7BCCDC: shutdown
2022-06-08 04:48:22,372 [java.util.concurrent.ThreadPoolExecutor$Worker@4bfdfe4d[State = -1, empty queue]] INFO  util.JmxRegister (JmxRegister.java:unregister(73)) - Successfully un-registered JMX Bean with object name Ratis:service=RaftServer,group=group-B9997C7BCCDC,id=s2
2022-06-08 04:48:22,372 [java.util.concurrent.ThreadPoolExecutor$Worker@4bfdfe4d[State = -1, empty queue]] INFO  impl.RoleInfo (RoleInfo.java:shutdownFollowerState(110)) - s2: shutdown s2@group-B9997C7BCCDC-FollowerState
2022-06-08 04:48:22,360 [s0@group-B9997C7BCCDC-FollowerState] INFO  impl.FollowerState (FollowerState.java:run(152)) - s0@group-B9997C7BCCDC-FollowerState was interrupted
2022-06-08 04:48:22,359 [java.util.concurrent.ThreadPoolExecutor$Worker@75287d86[State = -1, empty queue]] INFO  server.RaftServer (RaftServerProxy.java:lambda$close$7(398)) - s1: close
2022-06-08 04:48:22,377 [java.util.concurrent.ThreadPoolExecutor$Worker@75287d86[State = -1, empty queue]] INFO  server.RaftServer$Division (RaftServerImpl.java:lambda$close$4(434)) - s1@group-B9997C7BCCDC: shutdown
2022-06-08 04:48:22,377 [java.util.concurrent.ThreadPoolExecutor$Worker@75287d86[State = -1, empty queue]] INFO  util.JmxRegister (JmxRegister.java:unregister(73)) - Successfully un-registered JMX Bean with object name Ratis:service=RaftServer,group=group-B9997C7BCCDC,id=s1
2022-06-08 04:48:22,377 [java.util.concurrent.ThreadPoolExecutor$Worker@75287d86[State = -1, empty queue]] INFO  impl.RoleInfo (RoleInfo.java:shutdownLeaderState(93)) - s1: shutdown s1@group-B9997C7BCCDC-LeaderStateImpl
2022-06-08 04:48:22,377 [java.util.concurrent.ThreadPoolExecutor$Worker@75287d86[State = -1, empty queue]] INFO  impl.PendingRequests (PendingRequests.java:sendNotLeaderResponses(282)) - s1@group-B9997C7BCCDC-PendingRequests: sendNotLeaderResponses
2022-06-08 04:48:22,378 [s1@group-B9997C7BCCDC->s2-GrpcLogAppender-LogAppenderDaemon] WARN  server.GrpcLogAppender (GrpcLogAppender.java:mayWait(171)) - s1@group-B9997C7BCCDC->s2-GrpcLogAppender: Wait interrupted by java.lang.InterruptedException
2022-06-08 04:48:22,378 [s1@group-B9997C7BCCDC->s0-GrpcLogAppender-LogAppenderDaemon] WARN  server.GrpcLogAppender (GrpcLogAppender.java:mayWait(171)) - s1@group-B9997C7BCCDC->s0-GrpcLogAppender: Wait interrupted by java.lang.InterruptedException
2022-06-08 04:48:22,381 [grpc-default-executor-2] INFO  server.GrpcServerProtocolService (GrpcServerProtocolService.java:onCompleted(140)) - s0: Completed APPEND_ENTRIES, lastRequest: s1->s0#11-t2,previous=(t:2, i:43),leaderCommit=43,initializing? true,entries: size=1, first=(t:2, i:44), STATEMACHINELOGENTRY, 388@client-B97F2CDCB492
2022-06-08 04:48:22,381 [grpc-default-executor-4] INFO  server.GrpcServerProtocolService (GrpcServerProtocolService.java:onCompleted(140)) - s2: Completed APPEND_ENTRIES, lastRequest: s1->s2#9-t2,previous=(t:2, i:43),leaderCommit=43,initializing? true,entries: size=1, first=(t:2, i:44), STATEMACHINELOGENTRY, 388@client-B97F2CDCB492
2022-06-08 04:48:22,384 [grpc-default-executor-0] INFO  server.GrpcLogAppender (GrpcLogAppender.java:onCompleted(339)) - s1@group-B9997C7BCCDC->s2-AppendLogResponseHandler: follower responses appendEntries COMPLETED
2022-06-08 04:48:22,384 [grpc-default-executor-0] INFO  leader.FollowerInfo (FollowerInfoImpl.java:lambda$new$0(48)) - s1@group-B9997C7BCCDC->s2: nextIndex: updateUnconditionally 45 -> 44
2022-06-08 04:48:22,384 [grpc-default-executor-4] INFO  server.GrpcLogAppender (GrpcLogAppender.java:onCompleted(339)) - s1@group-B9997C7BCCDC->s0-AppendLogResponseHandler: follower responses appendEntries COMPLETED
2022-06-08 04:48:22,384 [grpc-default-executor-4] INFO  leader.FollowerInfo (FollowerInfoImpl.java:lambda$new$0(48)) - s1@group-B9997C7BCCDC->s0: nextIndex: updateUnconditionally 45 -> 44
2022-06-08 04:48:22,396 [s0@group-B9997C7BCCDC-SegmentedRaftLogWorker] INFO  segmented.SegmentedRaftLogWorker (SegmentedRaftLogWorker.java:run(336)) - s0@group-B9997C7BCCDC-SegmentedRaftLogWorker was interrupted, exiting. There are 0 tasks remaining in the queue.
2022-06-08 04:48:22,396 [s2@group-B9997C7BCCDC-FollowerState] INFO  impl.FollowerState (FollowerState.java:run(152)) - s2@group-B9997C7BCCDC-FollowerState was interrupted
2022-06-08 04:48:22,401 [java.util.concurrent.ThreadPoolExecutor$Worker@4bfdfe4d[State = -1, empty queue]] INFO  impl.StateMachineUpdater (StateMachineUpdater.java:stopAndJoin(153)) - s2@group-B9997C7BCCDC-StateMachineUpdater: set stopIndex = 43
2022-06-08 04:48:22,402 [java.util.concurrent.ThreadPoolExecutor$Worker@4bfdfe4d[State = -1, empty queue]] INFO  server.RaftServer$Division (ServerState.java:close(429)) - s2@group-B9997C7BCCDC: closes. applyIndex: 43
2022-06-08 04:48:22,409 [s2@group-B9997C7BCCDC-SegmentedRaftLogWorker] INFO  segmented.SegmentedRaftLogWorker (SegmentedRaftLogWorker.java:run(336)) - s2@group-B9997C7BCCDC-SegmentedRaftLogWorker was interrupted, exiting. There are 0 tasks remaining in the queue.
2022-06-08 04:48:22,417 [java.util.concurrent.ThreadPoolExecutor$Worker@2aca8a06[State = -1, empty queue]] INFO  segmented.SegmentedRaftLogWorker (SegmentedRaftLogWorker.java:close(246)) - s0@group-B9997C7BCCDC-SegmentedRaftLogWorker close()
2022-06-08 04:48:22,426 [java.util.concurrent.ThreadPoolExecutor$Worker@4bfdfe4d[State = -1, empty queue]] INFO  segmented.SegmentedRaftLogWorker (SegmentedRaftLogWorker.java:close(246)) - s2@group-B9997C7BCCDC-SegmentedRaftLogWorker close()
2022-06-08 04:48:22,426 [java.util.concurrent.ThreadPoolExecutor$Worker@75287d86[State = -1, empty queue]] INFO  impl.StateMachineUpdater (StateMachineUpdater.java:stopAndJoin(153)) - s1@group-B9997C7BCCDC-StateMachineUpdater: set stopIndex = 43
2022-06-08 04:48:22,427 [java.util.concurrent.ThreadPoolExecutor$Worker@75287d86[State = -1, empty queue]] INFO  server.RaftServer$Division (ServerState.java:close(429)) - s1@group-B9997C7BCCDC: closes. applyIndex: 43
2022-06-08 04:48:22,427 [s1@group-B9997C7BCCDC-SegmentedRaftLogWorker] INFO  segmented.SegmentedRaftLogWorker (SegmentedRaftLogWorker.java:run(336)) - s1@group-B9997C7BCCDC-SegmentedRaftLogWorker was interrupted, exiting. There are 0 tasks remaining in the queue.
2022-06-08 04:48:22,471 [java.util.concurrent.ThreadPoolExecutor$Worker@75287d86[State = -1, empty queue]] INFO  segmented.SegmentedRaftLogWorker (SegmentedRaftLogWorker.java:close(246)) - s1@group-B9997C7BCCDC-SegmentedRaftLogWorker close()
2022-06-08 04:48:22,480 [java.util.concurrent.ThreadPoolExecutor$Worker@4bfdfe4d[State = -1, empty queue]] INFO  server.GrpcService (GrpcService.java:closeImpl(269)) - s2: shutdown server with port 38605 now
2022-06-08 04:48:22,496 [pool-9-thread-4] ERROR impl.OrderedStreamAsync (OrderedStreamAsync.java:lambda$sendRequest$2(132)) - Failed to send request, header=DataStreamRequestHeader:clientId=client-D3F9E867D38C,type=STREAM_DATA,id=407,offset=915887,length=640359
java.util.concurrent.CompletionException: org.apache.ratis.protocol.exceptions.AlreadyClosedException: NettyClientStreamRpc->s2|rpc:localhost:38605|admin:localhost:35039|client:localhost:44431|dataStream:localhost:41029|priority:0: Failed to send DataStreamRequestByteBuffer:clientId=client-D3F9E867D38C,type=STREAM_DATA,id=407,offset=915887,length=640359
	at java.util.concurrent.CompletableFuture.encodeThrowable(CompletableFuture.java:292)
	at java.util.concurrent.CompletableFuture.completeThrowable(CompletableFuture.java:308)
	at java.util.concurrent.CompletableFuture.uniApply(CompletableFuture.java:607)
	at java.util.concurrent.CompletableFuture.uniApplyStage(CompletableFuture.java:628)
	at java.util.concurrent.CompletableFuture.thenApply(CompletableFuture.java:1996)
	at org.apache.ratis.client.impl.OrderedStreamAsync.sendRequestToNetwork(OrderedStreamAsync.java:154)
	at org.apache.ratis.client.impl.OrderedStreamAsync.lambda$sendRequest$1(OrderedStreamAsync.java:129)
	at org.apache.ratis.util.SlidingWindow$Client.sendOrDelayRequest(SlidingWindow.java:271)
	at org.apache.ratis.util.SlidingWindow$Client.submitNewRequest(SlidingWindow.java:259)
	at org.apache.ratis.client.impl.OrderedStreamAsync.sendRequest(OrderedStreamAsync.java:129)
	at org.apache.ratis.client.impl.DataStreamClientImpl$DataStreamOutputImpl.send(DataStreamClientImpl.java:116)
	at org.apache.ratis.client.impl.DataStreamClientImpl$DataStreamOutputImpl.writeAsyncImpl(DataStreamClientImpl.java:128)
	at org.apache.ratis.client.impl.DataStreamClientImpl$DataStreamOutputImpl.writeAsync(DataStreamClientImpl.java:139)
	at org.apache.ratis.datastream.DataStreamTestUtils.writeAndAssertReplies(DataStreamTestUtils.java:284)
	at org.apache.ratis.datastream.DataStreamTestUtils.writeAndCloseAndAssertReplies(DataStreamTestUtils.java:312)
	at org.apache.ratis.datastream.DataStreamAsyncClusterTests.lambda$runTestDataStream$5(DataStreamAsyncClusterTests.java:156)
	at java.util.concurrent.CompletableFuture$AsyncSupply.run(CompletableFuture.java:1604)
	at java.util.concurrent.ThreadPoolExecutor.runWorker(ThreadPoolExecutor.java:1149)
	at java.util.concurrent.ThreadPoolExecutor$Worker.run(ThreadPoolExecutor.java:624)
	at java.lang.Thread.run(Thread.java:750)
Caused by: org.apache.ratis.protocol.exceptions.AlreadyClosedException: NettyClientStreamRpc->s2|rpc:localhost:38605|admin:localhost:35039|client:localhost:44431|dataStream:localhost:41029|priority:0: Failed to send DataStreamRequestByteBuffer:clientId=client-D3F9E867D38C,type=STREAM_DATA,id=407,offset=915887,length=640359
	at org.apache.ratis.netty.client.NettyClientStreamRpc.streamAsync(NettyClientStreamRpc.java:370)
	at org.apache.ratis.client.impl.OrderedStreamAsync.sendRequestToNetwork(OrderedStreamAsync.java:147)
	... 14 more
2022-06-08 04:48:22,502 [java.util.concurrent.ThreadPoolExecutor$Worker@4bfdfe4d[State = -1, empty queue]] INFO  server.GrpcService (GrpcService.java:closeImpl(278)) - s2: shutdown server with port 38605 successfully
2022-06-08 04:48:22,502 [java.util.concurrent.ThreadPoolExecutor$Worker@4bfdfe4d[State = -1, empty queue]] INFO  server.GrpcService (GrpcService.java:closeImpl(269)) - s2: shutdown server with port 35039 now
2022-06-08 04:48:22,502 [java.util.concurrent.ThreadPoolExecutor$Worker@4bfdfe4d[State = -1, empty queue]] INFO  server.GrpcService (GrpcService.java:closeImpl(278)) - s2: shutdown server with port 35039 successfully
2022-06-08 04:48:22,503 [java.util.concurrent.ThreadPoolExecutor$Worker@4bfdfe4d[State = -1, empty queue]] INFO  server.GrpcService (GrpcService.java:closeImpl(269)) - s2: shutdown server with port 44431 now
2022-06-08 04:48:22,503 [java.util.concurrent.ThreadPoolExecutor$Worker@4bfdfe4d[State = -1, empty queue]] INFO  server.GrpcService (GrpcService.java:closeImpl(278)) - s2: shutdown server with port 44431 successfully
2022-06-08 04:48:22,506 [java.util.concurrent.ThreadPoolExecutor$Worker@42abed25[State = -1, empty queue]] ERROR impl.OrderedStreamAsync (OrderedStreamAsync.java:lambda$sendRequest$2(132)) - Failed to send request, header=DataStreamRequestHeader:clientId=client-D3F9E867D38C,type=STREAM_DATA,id=399,offset=8314947,length=0
org.apache.ratis.protocol.exceptions.TimeoutIOException: Timeout 10000ms: Failed to send DataStreamWindowRequest:seqNum=12,DataStreamRequestHeader:clientId=client-D3F9E867D38C,type=STREAM_DATA,id=399,offset=8314947,length=0
	at org.apache.ratis.client.impl.OrderedStreamAsync.lambda$scheduleWithTimeout$7(OrderedStreamAsync.java:172)
	at org.apache.ratis.util.TimeoutScheduler.lambda$onTimeout$0(TimeoutScheduler.java:141)
	at org.apache.ratis.util.TimeoutScheduler.lambda$onTimeout$1(TimeoutScheduler.java:155)
	at org.apache.ratis.util.LogUtils.runAndLog(LogUtils.java:38)
	at org.apache.ratis.util.LogUtils$1.run(LogUtils.java:79)
	at java.util.concurrent.Executors$RunnableAdapter.call(Executors.java:511)
	at java.util.concurrent.FutureTask.run(FutureTask.java:266)
	at java.util.concurrent.ScheduledThreadPoolExecutor$ScheduledFutureTask.access$201(ScheduledThreadPoolExecutor.java:180)
	at java.util.concurrent.ScheduledThreadPoolExecutor$ScheduledFutureTask.run(ScheduledThreadPoolExecutor.java:293)
	at java.util.concurrent.ThreadPoolExecutor.runWorker(ThreadPoolExecutor.java:1149)
	at java.util.concurrent.ThreadPoolExecutor$Worker.run(ThreadPoolExecutor.java:624)
	at java.lang.Thread.run(Thread.java:750)
2022-06-08 04:48:22,506 [pool-9-thread-10] INFO  datastream.DataStreamTestUtils (DataStreamTestUtils.java:writeAndCloseAndAssertReplies(311)) - start Stream410
2022-06-08 04:48:22,512 [java.util.concurrent.ThreadPoolExecutor$Worker@2aca8a06[State = -1, empty queue]] INFO  server.GrpcService (GrpcService.java:closeImpl(269)) - s0: shutdown server with port 46099 now
2022-06-08 04:48:22,513 [s2-NettyServerStreamRpc-bossGroup--thread1] INFO  logging.LoggingHandler (AbstractInternalLogger.java:log(148)) - [id: 0x62228788, L:/0.0.0.0:41029] CLOSE
2022-06-08 04:48:22,513 [s2-NettyServerStreamRpc-bossGroup--thread1] INFO  logging.LoggingHandler (AbstractInternalLogger.java:log(148)) - [id: 0x62228788, L:0.0.0.0/0.0.0.0:41029] INACTIVE
2022-06-08 04:48:22,513 [s2-NettyServerStreamRpc-bossGroup--thread1] INFO  logging.LoggingHandler (AbstractInternalLogger.java:log(148)) - [id: 0x62228788, L:0.0.0.0/0.0.0.0:41029] UNREGISTERED
2022-06-08 04:48:22,520 [NettyClientStreamRpc-workerGroup--thread1] WARN  client.NettyClientStreamRpc (NettyClientStreamRpc.java:scheduleReconnect(197)) - Connection-localhost/127.0.0.1:41029: channel is inactive; schedule reconnecting to localhost/127.0.0.1:41029 in 100ms
2022-06-08 04:48:22,520 [NettyClientStreamRpc-workerGroup--thread1] WARN  client.NettyClientStreamRpc (NettyClientStreamRpc.java:scheduleReconnect(197)) - Connection-localhost/127.0.0.1:41029: channel is inactive; schedule reconnecting to localhost/127.0.0.1:41029 in 100ms
2022-06-08 04:48:22,520 [NettyClientStreamRpc-workerGroup--thread1] WARN  client.NettyClientStreamRpc (NettyClientStreamRpc.java:scheduleReconnect(197)) - Connection-localhost/127.0.0.1:41029: channel is inactive; schedule reconnecting to localhost/127.0.0.1:41029 in 100ms
2022-06-08 04:48:22,521 [NettyClientStreamRpc-workerGroup--thread1] WARN  client.NettyClientStreamRpc (NettyClientStreamRpc.java:scheduleReconnect(197)) - Connection-localhost/127.0.0.1:41029: channel is inactive; schedule reconnecting to localhost/127.0.0.1:41029 in 100ms
2022-06-08 04:48:22,521 [NettyClientStreamRpc-workerGroup--thread1] WARN  client.NettyClientStreamRpc (NettyClientStreamRpc.java:scheduleReconnect(197)) - Connection-localhost/127.0.0.1:41029: channel is inactive; schedule reconnecting to localhost/127.0.0.1:41029 in 100ms
2022-06-08 04:48:22,521 [NettyClientStreamRpc-workerGroup--thread1] WARN  client.NettyClientStreamRpc (NettyClientStreamRpc.java:scheduleReconnect(197)) - Connection-localhost/127.0.0.1:41029: channel is inactive; schedule reconnecting to localhost/127.0.0.1:41029 in 100ms
2022-06-08 04:48:22,521 [NettyClientStreamRpc-workerGroup--thread1] WARN  client.NettyClientStreamRpc (NettyClientStreamRpc.java:scheduleReconnect(197)) - Connection-localhost/127.0.0.1:41029: channel is inactive; schedule reconnecting to localhost/127.0.0.1:41029 in 100ms
2022-06-08 04:48:22,521 [NettyClientStreamRpc-workerGroup--thread1] WARN  client.NettyClientStreamRpc (NettyClientStreamRpc.java:scheduleReconnect(197)) - Connection-localhost/127.0.0.1:41029: channel is inactive; schedule reconnecting to localhost/127.0.0.1:41029 in 100ms
2022-06-08 04:48:22,521 [NettyClientStreamRpc-workerGroup--thread1] WARN  client.NettyClientStreamRpc (NettyClientStreamRpc.java:scheduleReconnect(197)) - Connection-localhost/127.0.0.1:41029: channel is inactive; schedule reconnecting to localhost/127.0.0.1:41029 in 100ms
2022-06-08 04:48:22,521 [NettyClientStreamRpc-workerGroup--thread1] WARN  client.NettyClientStreamRpc (NettyClientStreamRpc.java:scheduleReconnect(197)) - Connection-localhost/127.0.0.1:41029: channel is inactive; schedule reconnecting to localhost/127.0.0.1:41029 in 100ms
2022-06-08 04:48:22,521 [NettyClientStreamRpc-workerGroup--thread1] WARN  client.NettyClientStreamRpc (NettyClientStreamRpc.java:scheduleReconnect(197)) - Connection-localhost/127.0.0.1:41029: channel is inactive; schedule reconnecting to localhost/127.0.0.1:41029 in 100ms
2022-06-08 04:48:22,521 [NettyClientStreamRpc-workerGroup--thread1] WARN  client.NettyClientStreamRpc (NettyClientStreamRpc.java:scheduleReconnect(197)) - Connection-localhost/127.0.0.1:41029: channel is inactive; schedule reconnecting to localhost/127.0.0.1:41029 in 100ms
2022-06-08 04:48:22,522 [NettyClientStreamRpc-workerGroup--thread1] WARN  client.NettyClientStreamRpc (NettyClientStreamRpc.java:scheduleReconnect(197)) - Connection-localhost/127.0.0.1:41029: channel is inactive; schedule reconnecting to localhost/127.0.0.1:41029 in 100ms
2022-06-08 04:48:22,522 [NettyClientStreamRpc-workerGroup--thread1] WARN  client.NettyClientStreamRpc (NettyClientStreamRpc.java:scheduleReconnect(197)) - Connection-localhost/127.0.0.1:41029: channel is inactive; schedule reconnecting to localhost/127.0.0.1:41029 in 100ms
2022-06-08 04:48:22,522 [NettyClientStreamRpc-workerGroup--thread1] WARN  client.NettyClientStreamRpc (NettyClientStreamRpc.java:scheduleReconnect(197)) - Connection-localhost/127.0.0.1:41029: channel is inactive; schedule reconnecting to localhost/127.0.0.1:41029 in 100ms
2022-06-08 04:48:22,522 [NettyClientStreamRpc-workerGroup--thread1] WARN  client.NettyClientStreamRpc (NettyClientStreamRpc.java:scheduleReconnect(197)) - Connection-localhost/127.0.0.1:41029: channel is inactive; schedule reconnecting to localhost/127.0.0.1:41029 in 100ms
2022-06-08 04:48:22,522 [NettyClientStreamRpc-workerGroup--thread1] WARN  client.NettyClientStreamRpc (NettyClientStreamRpc.java:scheduleReconnect(197)) - Connection-localhost/127.0.0.1:41029: channel is inactive; schedule reconnecting to localhost/127.0.0.1:41029 in 100ms
2022-06-08 04:48:22,522 [NettyClientStreamRpc-workerGroup--thread1] WARN  client.NettyClientStreamRpc (NettyClientStreamRpc.java:scheduleReconnect(197)) - Connection-localhost/127.0.0.1:41029: channel is inactive; schedule reconnecting to localhost/127.0.0.1:41029 in 100ms
2022-06-08 04:48:22,523 [NettyClientStreamRpc-workerGroup--thread1] WARN  client.NettyClientStreamRpc (NettyClientStreamRpc.java:scheduleReconnect(197)) - Connection-localhost/127.0.0.1:41029: channel is inactive; schedule reconnecting to localhost/127.0.0.1:41029 in 100ms
2022-06-08 04:48:22,523 [java.util.concurrent.ThreadPoolExecutor$Worker@75287d86[State = -1, empty queue]] INFO  server.GrpcService (GrpcService.java:closeImpl(269)) - s1: shutdown server with port 42541 now
2022-06-08 04:48:22,528 [pool-9-thread-4] ERROR impl.OrderedStreamAsync (OrderedStreamAsync.java:lambda$sendRequest$2(132)) - Failed to send request, header=DataStreamRequestHeader:clientId=client-D3F9E867D38C,type=STREAM_DATA,id=407,offset=1556246,length=787854
java.util.concurrent.CompletionException: org.apache.ratis.protocol.exceptions.AlreadyClosedException: NettyClientStreamRpc->s2|rpc:localhost:38605|admin:localhost:35039|client:localhost:44431|dataStream:localhost:41029|priority:0: Failed to send DataStreamRequestByteBuffer:clientId=client-D3F9E867D38C,type=STREAM_DATA,id=407,offset=1556246,length=787854
	at java.util.concurrent.CompletableFuture.encodeThrowable(CompletableFuture.java:292)
	at java.util.concurrent.CompletableFuture.completeThrowable(CompletableFuture.java:308)
	at java.util.concurrent.CompletableFuture.uniApply(CompletableFuture.java:607)
	at java.util.concurrent.CompletableFuture.uniApplyStage(CompletableFuture.java:628)
	at java.util.concurrent.CompletableFuture.thenApply(CompletableFuture.java:1996)
	at org.apache.ratis.client.impl.OrderedStreamAsync.sendRequestToNetwork(OrderedStreamAsync.java:154)
	at org.apache.ratis.client.impl.OrderedStreamAsync.lambda$sendRequest$1(OrderedStreamAsync.java:129)
	at org.apache.ratis.util.SlidingWindow$Client.sendOrDelayRequest(SlidingWindow.java:271)
	at org.apache.ratis.util.SlidingWindow$Client.submitNewRequest(SlidingWindow.java:259)
	at org.apache.ratis.client.impl.OrderedStreamAsync.sendRequest(OrderedStreamAsync.java:129)
	at org.apache.ratis.client.impl.DataStreamClientImpl$DataStreamOutputImpl.send(DataStreamClientImpl.java:116)
	at org.apache.ratis.client.impl.DataStreamClientImpl$DataStreamOutputImpl.writeAsyncImpl(DataStreamClientImpl.java:128)
	at org.apache.ratis.client.impl.DataStreamClientImpl$DataStreamOutputImpl.writeAsync(DataStreamClientImpl.java:139)
	at org.apache.ratis.datastream.DataStreamTestUtils.writeAndAssertReplies(DataStreamTestUtils.java:284)
	at org.apache.ratis.datastream.DataStreamTestUtils.writeAndCloseAndAssertReplies(DataStreamTestUtils.java:312)
	at org.apache.ratis.datastream.DataStreamAsyncClusterTests.lambda$runTestDataStream$5(DataStreamAsyncClusterTests.java:156)
	at java.util.concurrent.CompletableFuture$AsyncSupply.run(CompletableFuture.java:1604)
	at java.util.concurrent.ThreadPoolExecutor.runWorker(ThreadPoolExecutor.java:1149)
	at java.util.concurrent.ThreadPoolExecutor$Worker.run(ThreadPoolExecutor.java:624)
	at java.lang.Thread.run(Thread.java:750)
Caused by: org.apache.ratis.protocol.exceptions.AlreadyClosedException: NettyClientStreamRpc->s2|rpc:localhost:38605|admin:localhost:35039|client:localhost:44431|dataStream:localhost:41029|priority:0: Failed to send DataStreamRequestByteBuffer:clientId=client-D3F9E867D38C,type=STREAM_DATA,id=407,offset=1556246,length=787854
	at org.apache.ratis.netty.client.NettyClientStreamRpc.streamAsync(NettyClientStreamRpc.java:370)
	at org.apache.ratis.client.impl.OrderedStreamAsync.sendRequestToNetwork(OrderedStreamAsync.java:147)
	... 14 more
2022-06-08 04:48:22,557 [java.util.concurrent.ThreadPoolExecutor$Worker@2aca8a06[State = -1, empty queue]] INFO  server.GrpcService (GrpcService.java:closeImpl(278)) - s0: shutdown server with port 46099 successfully
2022-06-08 04:48:22,557 [java.util.concurrent.ThreadPoolExecutor$Worker@2aca8a06[State = -1, empty queue]] INFO  server.GrpcService (GrpcService.java:closeImpl(269)) - s0: shutdown server with port 38707 now
2022-06-08 04:48:22,561 [java.util.concurrent.ThreadPoolExecutor$Worker@2aca8a06[State = -1, empty queue]] INFO  server.GrpcService (GrpcService.java:closeImpl(278)) - s0: shutdown server with port 38707 successfully
2022-06-08 04:48:22,561 [java.util.concurrent.ThreadPoolExecutor$Worker@2aca8a06[State = -1, empty queue]] INFO  server.GrpcService (GrpcService.java:closeImpl(269)) - s0: shutdown server with port 45879 now
2022-06-08 04:48:22,569 [pool-9-thread-4] ERROR impl.OrderedStreamAsync (OrderedStreamAsync.java:lambda$sendRequest$2(132)) - Failed to send request, header=DataStreamRequestHeader:clientId=client-D3F9E867D38C,type=STREAM_DATA,id=407,offset=2344100,length=942400
java.util.concurrent.CompletionException: org.apache.ratis.protocol.exceptions.AlreadyClosedException: NettyClientStreamRpc->s2|rpc:localhost:38605|admin:localhost:35039|client:localhost:44431|dataStream:localhost:41029|priority:0: Failed to send DataStreamRequestByteBuffer:clientId=client-D3F9E867D38C,type=STREAM_DATA,id=407,offset=2344100,length=942400
	at java.util.concurrent.CompletableFuture.encodeThrowable(CompletableFuture.java:292)
	at java.util.concurrent.CompletableFuture.completeThrowable(CompletableFuture.java:308)
	at java.util.concurrent.CompletableFuture.uniApply(CompletableFuture.java:607)
	at java.util.concurrent.CompletableFuture.uniApplyStage(CompletableFuture.java:628)
	at java.util.concurrent.CompletableFuture.thenApply(CompletableFuture.java:1996)
	at org.apache.ratis.client.impl.OrderedStreamAsync.sendRequestToNetwork(OrderedStreamAsync.java:154)
	at org.apache.ratis.client.impl.OrderedStreamAsync.lambda$sendRequest$1(OrderedStreamAsync.java:129)
	at org.apache.ratis.util.SlidingWindow$Client.sendOrDelayRequest(SlidingWindow.java:271)
	at org.apache.ratis.util.SlidingWindow$Client.submitNewRequest(SlidingWindow.java:259)
	at org.apache.ratis.client.impl.OrderedStreamAsync.sendRequest(OrderedStreamAsync.java:129)
	at org.apache.ratis.client.impl.DataStreamClientImpl$DataStreamOutputImpl.send(DataStreamClientImpl.java:116)
	at org.apache.ratis.client.impl.DataStreamClientImpl$DataStreamOutputImpl.writeAsyncImpl(DataStreamClientImpl.java:128)
	at org.apache.ratis.client.impl.DataStreamClientImpl$DataStreamOutputImpl.writeAsync(DataStreamClientImpl.java:139)
	at org.apache.ratis.datastream.DataStreamTestUtils.writeAndAssertReplies(DataStreamTestUtils.java:284)
	at org.apache.ratis.datastream.DataStreamTestUtils.writeAndCloseAndAssertReplies(DataStreamTestUtils.java:312)
	at org.apache.ratis.datastream.DataStreamAsyncClusterTests.lambda$runTestDataStream$5(DataStreamAsyncClusterTests.java:156)
	at java.util.concurrent.CompletableFuture$AsyncSupply.run(CompletableFuture.java:1604)
	at java.util.concurrent.ThreadPoolExecutor.runWorker(ThreadPoolExecutor.java:1149)
	at java.util.concurrent.ThreadPoolExecutor$Worker.run(ThreadPoolExecutor.java:624)
	at java.lang.Thread.run(Thread.java:750)
Caused by: org.apache.ratis.protocol.exceptions.AlreadyClosedException: NettyClientStreamRpc->s2|rpc:localhost:38605|admin:localhost:35039|client:localhost:44431|dataStream:localhost:41029|priority:0: Failed to send DataStreamRequestByteBuffer:clientId=client-D3F9E867D38C,type=STREAM_DATA,id=407,offset=2344100,length=942400
	at org.apache.ratis.netty.client.NettyClientStreamRpc.streamAsync(NettyClientStreamRpc.java:370)
	at org.apache.ratis.client.impl.OrderedStreamAsync.sendRequestToNetwork(OrderedStreamAsync.java:147)
	... 14 more
2022-06-08 04:48:22,572 [NettyClientStreamRpc-workerGroup--thread1] WARN  client.NettyClientStreamRpc (NettyClientStreamRpc.java:scheduleReconnect(197)) - Connection-localhost/127.0.0.1:41029: channel is inactive; schedule reconnecting to localhost/127.0.0.1:41029 in 100ms
2022-06-08 04:48:22,588 [java.util.concurrent.ThreadPoolExecutor$Worker@2aca8a06[State = -1, empty queue]] INFO  server.GrpcService (GrpcService.java:closeImpl(278)) - s0: shutdown server with port 45879 successfully
2022-06-08 04:48:22,589 [pool-9-thread-4] ERROR impl.OrderedStreamAsync (OrderedStreamAsync.java:lambda$sendRequest$2(132)) - Failed to send request, header=DataStreamRequestHeader:clientId=client-D3F9E867D38C,type=STREAM_DATA,id=407,offset=3286500,length=731071
java.util.concurrent.CompletionException: org.apache.ratis.protocol.exceptions.AlreadyClosedException: NettyClientStreamRpc->s2|rpc:localhost:38605|admin:localhost:35039|client:localhost:44431|dataStream:localhost:41029|priority:0: Failed to send DataStreamRequestByteBuffer:clientId=client-D3F9E867D38C,type=STREAM_DATA,id=407,offset=3286500,length=731071
	at java.util.concurrent.CompletableFuture.encodeThrowable(CompletableFuture.java:292)
	at java.util.concurrent.CompletableFuture.completeThrowable(CompletableFuture.java:308)
	at java.util.concurrent.CompletableFuture.uniApply(CompletableFuture.java:607)
	at java.util.concurrent.CompletableFuture.uniApplyStage(CompletableFuture.java:628)
	at java.util.concurrent.CompletableFuture.thenApply(CompletableFuture.java:1996)
	at org.apache.ratis.client.impl.OrderedStreamAsync.sendRequestToNetwork(OrderedStreamAsync.java:154)
	at org.apache.ratis.client.impl.OrderedStreamAsync.lambda$sendRequest$1(OrderedStreamAsync.java:129)
	at org.apache.ratis.util.SlidingWindow$Client.sendOrDelayRequest(SlidingWindow.java:271)
	at org.apache.ratis.util.SlidingWindow$Client.submitNewRequest(SlidingWindow.java:259)
	at org.apache.ratis.client.impl.OrderedStreamAsync.sendRequest(OrderedStreamAsync.java:129)
	at org.apache.ratis.client.impl.DataStreamClientImpl$DataStreamOutputImpl.send(DataStreamClientImpl.java:116)
	at org.apache.ratis.client.impl.DataStreamClientImpl$DataStreamOutputImpl.writeAsyncImpl(DataStreamClientImpl.java:128)
	at org.apache.ratis.client.impl.DataStreamClientImpl$DataStreamOutputImpl.writeAsync(DataStreamClientImpl.java:139)
	at org.apache.ratis.datastream.DataStreamTestUtils.writeAndAssertReplies(DataStreamTestUtils.java:284)
	at org.apache.ratis.datastream.DataStreamTestUtils.writeAndCloseAndAssertReplies(DataStreamTestUtils.java:312)
	at org.apache.ratis.datastream.DataStreamAsyncClusterTests.lambda$runTestDataStream$5(DataStreamAsyncClusterTests.java:156)
	at java.util.concurrent.CompletableFuture$AsyncSupply.run(CompletableFuture.java:1604)
	at java.util.concurrent.ThreadPoolExecutor.runWorker(ThreadPoolExecutor.java:1149)
	at java.util.concurrent.ThreadPoolExecutor$Worker.run(ThreadPoolExecutor.java:624)
	at java.lang.Thread.run(Thread.java:750)
Caused by: org.apache.ratis.protocol.exceptions.AlreadyClosedException: NettyClientStreamRpc->s2|rpc:localhost:38605|admin:localhost:35039|client:localhost:44431|dataStream:localhost:41029|priority:0: Failed to send DataStreamRequestByteBuffer:clientId=client-D3F9E867D38C,type=STREAM_DATA,id=407,offset=3286500,length=731071
	at org.apache.ratis.netty.client.NettyClientStreamRpc.streamAsync(NettyClientStreamRpc.java:370)
	at org.apache.ratis.client.impl.OrderedStreamAsync.sendRequestToNetwork(OrderedStreamAsync.java:147)
	... 14 more
2022-06-08 04:48:22,593 [NettyClientStreamRpc-workerGroup--thread3] WARN  client.NettyClientStreamRpc (NettyClientStreamRpc.java:scheduleReconnect(197)) - Connection-localhost/127.0.0.1:41029: org.apache.ratis.netty.client.NettyClientStreamRpc$Connection$1@46524d87 failed; schedule reconnecting to localhost/127.0.0.1:41029 in 100ms
2022-06-08 04:48:22,593 [NettyClientStreamRpc-workerGroup--thread3] WARN  client.NettyClientStreamRpc (NettyClientStreamRpc.java:scheduleReconnect(199)) - 
org.apache.ratis.thirdparty.io.netty.channel.AbstractChannel$AnnotatedConnectException: Connection refused: localhost/127.0.0.1:41029
Caused by: java.net.ConnectException: Connection refused
	at sun.nio.ch.SocketChannelImpl.checkConnect(Native Method)
	at sun.nio.ch.SocketChannelImpl.finishConnect(SocketChannelImpl.java:716)
	at org.apache.ratis.thirdparty.io.netty.channel.socket.nio.NioSocketChannel.doFinishConnect(NioSocketChannel.java:330)
	at org.apache.ratis.thirdparty.io.netty.channel.nio.AbstractNioChannel$AbstractNioUnsafe.finishConnect(AbstractNioChannel.java:334)
	at org.apache.ratis.thirdparty.io.netty.channel.nio.NioEventLoop.processSelectedKey(NioEventLoop.java:710)
	at org.apache.ratis.thirdparty.io.netty.channel.nio.NioEventLoop.processSelectedKeysOptimized(NioEventLoop.java:658)
	at org.apache.ratis.thirdparty.io.netty.channel.nio.NioEventLoop.processSelectedKeys(NioEventLoop.java:584)
	at org.apache.ratis.thirdparty.io.netty.channel.nio.NioEventLoop.run(NioEventLoop.java:496)
	at org.apache.ratis.thirdparty.io.netty.util.concurrent.SingleThreadEventExecutor$4.run(SingleThreadEventExecutor.java:986)
	at org.apache.ratis.thirdparty.io.netty.util.internal.ThreadExecutorMap$2.run(ThreadExecutorMap.java:74)
	at java.lang.Thread.run(Thread.java:750)
2022-06-08 04:48:22,600 [s0-NettyServerStreamRpc-bossGroup--thread1] INFO  logging.LoggingHandler (AbstractInternalLogger.java:log(148)) - [id: 0xc13fe19a, L:/0.0.0.0:39887] CLOSE
2022-06-08 04:48:22,610 [s0-NettyServerStreamRpc-bossGroup--thread1] INFO  logging.LoggingHandler (AbstractInternalLogger.java:log(148)) - [id: 0xc13fe19a, L:0.0.0.0/0.0.0.0:39887] INACTIVE
2022-06-08 04:48:22,610 [s0-NettyServerStreamRpc-bossGroup--thread1] INFO  logging.LoggingHandler (AbstractInternalLogger.java:log(148)) - [id: 0xc13fe19a, L:0.0.0.0/0.0.0.0:39887] UNREGISTERED
2022-06-08 04:48:22,600 [java.util.concurrent.ThreadPoolExecutor$Worker@75287d86[State = -1, empty queue]] INFO  server.GrpcService (GrpcService.java:closeImpl(278)) - s1: shutdown server with port 42541 successfully
2022-06-08 04:48:22,610 [java.util.concurrent.ThreadPoolExecutor$Worker@75287d86[State = -1, empty queue]] INFO  server.GrpcService (GrpcService.java:closeImpl(269)) - s1: shutdown server with port 46417 now
2022-06-08 04:48:22,611 [java.util.concurrent.ThreadPoolExecutor$Worker@75287d86[State = -1, empty queue]] INFO  server.GrpcService (GrpcService.java:closeImpl(278)) - s1: shutdown server with port 46417 successfully
2022-06-08 04:48:22,611 [java.util.concurrent.ThreadPoolExecutor$Worker@75287d86[State = -1, empty queue]] INFO  server.GrpcService (GrpcService.java:closeImpl(269)) - s1: shutdown server with port 40597 now
2022-06-08 04:48:22,593 [pool-9-thread-10] INFO  datastream.DataStreamTestUtils (DataStreamTestUtils.java:writeAndCloseAndAssertReplies(311)) - start Stream411
2022-06-08 04:48:22,626 [NettyClientStreamRpc-workerGroup--thread3] WARN  client.NettyClientStreamRpc (NettyClientStreamRpc.java:scheduleReconnect(197)) - Connection-localhost/127.0.0.1:41029: org.apache.ratis.netty.client.NettyClientStreamRpc$Connection$1@6965206f failed; schedule reconnecting to localhost/127.0.0.1:41029 in 100ms
2022-06-08 04:48:22,626 [NettyClientStreamRpc-workerGroup--thread3] WARN  client.NettyClientStreamRpc (NettyClientStreamRpc.java:scheduleReconnect(199)) - 
org.apache.ratis.thirdparty.io.netty.channel.AbstractChannel$AnnotatedConnectException: Connection refused: localhost/127.0.0.1:41029
Caused by: java.net.ConnectException: Connection refused
	at sun.nio.ch.SocketChannelImpl.checkConnect(Native Method)
	at sun.nio.ch.SocketChannelImpl.finishConnect(SocketChannelImpl.java:716)
	at org.apache.ratis.thirdparty.io.netty.channel.socket.nio.NioSocketChannel.doFinishConnect(NioSocketChannel.java:330)
	at org.apache.ratis.thirdparty.io.netty.channel.nio.AbstractNioChannel$AbstractNioUnsafe.finishConnect(AbstractNioChannel.java:334)
	at org.apache.ratis.thirdparty.io.netty.channel.nio.NioEventLoop.processSelectedKey(NioEventLoop.java:710)
	at org.apache.ratis.thirdparty.io.netty.channel.nio.NioEventLoop.processSelectedKeysOptimized(NioEventLoop.java:658)
	at org.apache.ratis.thirdparty.io.netty.channel.nio.NioEventLoop.processSelectedKeys(NioEventLoop.java:584)
	at org.apache.ratis.thirdparty.io.netty.channel.nio.NioEventLoop.run(NioEventLoop.java:496)
	at org.apache.ratis.thirdparty.io.netty.util.concurrent.SingleThreadEventExecutor$4.run(SingleThreadEventExecutor.java:986)
	at org.apache.ratis.thirdparty.io.netty.util.internal.ThreadExecutorMap$2.run(ThreadExecutorMap.java:74)
	at java.lang.Thread.run(Thread.java:750)
2022-06-08 04:48:22,628 [pool-9-thread-4] ERROR impl.OrderedStreamAsync (OrderedStreamAsync.java:lambda$sendRequest$2(132)) - Failed to send request, header=DataStreamRequestHeader:clientId=client-D3F9E867D38C,type=STREAM_DATA,id=407,offset=4017571,length=837070
java.util.concurrent.CompletionException: org.apache.ratis.protocol.exceptions.AlreadyClosedException: NettyClientStreamRpc->s2|rpc:localhost:38605|admin:localhost:35039|client:localhost:44431|dataStream:localhost:41029|priority:0: Failed to send DataStreamRequestByteBuffer:clientId=client-D3F9E867D38C,type=STREAM_DATA,id=407,offset=4017571,length=837070
	at java.util.concurrent.CompletableFuture.encodeThrowable(CompletableFuture.java:292)
	at java.util.concurrent.CompletableFuture.completeThrowable(CompletableFuture.java:308)
	at java.util.concurrent.CompletableFuture.uniApply(CompletableFuture.java:607)
	at java.util.concurrent.CompletableFuture.uniApplyStage(CompletableFuture.java:628)
	at java.util.concurrent.CompletableFuture.thenApply(CompletableFuture.java:1996)
	at org.apache.ratis.client.impl.OrderedStreamAsync.sendRequestToNetwork(OrderedStreamAsync.java:154)
	at org.apache.ratis.client.impl.OrderedStreamAsync.lambda$sendRequest$1(OrderedStreamAsync.java:129)
	at org.apache.ratis.util.SlidingWindow$Client.sendOrDelayRequest(SlidingWindow.java:271)
	at org.apache.ratis.util.SlidingWindow$Client.submitNewRequest(SlidingWindow.java:259)
	at org.apache.ratis.client.impl.OrderedStreamAsync.sendRequest(OrderedStreamAsync.java:129)
	at org.apache.ratis.client.impl.DataStreamClientImpl$DataStreamOutputImpl.send(DataStreamClientImpl.java:116)
	at org.apache.ratis.client.impl.DataStreamClientImpl$DataStreamOutputImpl.writeAsyncImpl(DataStreamClientImpl.java:128)
	at org.apache.ratis.client.impl.DataStreamClientImpl$DataStreamOutputImpl.writeAsync(DataStreamClientImpl.java:139)
	at org.apache.ratis.datastream.DataStreamTestUtils.writeAndAssertReplies(DataStreamTestUtils.java:284)
	at org.apache.ratis.datastream.DataStreamTestUtils.writeAndCloseAndAssertReplies(DataStreamTestUtils.java:312)
	at org.apache.ratis.datastream.DataStreamAsyncClusterTests.lambda$runTestDataStream$5(DataStreamAsyncClusterTests.java:156)
	at java.util.concurrent.CompletableFuture$AsyncSupply.run(CompletableFuture.java:1604)
	at java.util.concurrent.ThreadPoolExecutor.runWorker(ThreadPoolExecutor.java:1149)
	at java.util.concurrent.ThreadPoolExecutor$Worker.run(ThreadPoolExecutor.java:624)
	at java.lang.Thread.run(Thread.java:750)
Caused by: org.apache.ratis.protocol.exceptions.AlreadyClosedException: NettyClientStreamRpc->s2|rpc:localhost:38605|admin:localhost:35039|client:localhost:44431|dataStream:localhost:41029|priority:0: Failed to send DataStreamRequestByteBuffer:clientId=client-D3F9E867D38C,type=STREAM_DATA,id=407,offset=4017571,length=837070
	at org.apache.ratis.netty.client.NettyClientStreamRpc.streamAsync(NettyClientStreamRpc.java:370)
	at org.apache.ratis.client.impl.OrderedStreamAsync.sendRequestToNetwork(OrderedStreamAsync.java:147)
	... 14 more
2022-06-08 04:48:22,633 [java.util.concurrent.ThreadPoolExecutor$Worker@75287d86[State = -1, empty queue]] INFO  server.GrpcService (GrpcService.java:closeImpl(278)) - s1: shutdown server with port 40597 successfully
2022-06-08 04:48:22,634 [s1-NettyServerStreamRpc-bossGroup--thread1] INFO  logging.LoggingHandler (AbstractInternalLogger.java:log(148)) - [id: 0x56dc9c03, L:/0.0.0.0:39105] CLOSE
2022-06-08 04:48:22,634 [s1-NettyServerStreamRpc-bossGroup--thread1] INFO  logging.LoggingHandler (AbstractInternalLogger.java:log(148)) - [id: 0x56dc9c03, L:0.0.0.0/0.0.0.0:39105] INACTIVE
2022-06-08 04:48:22,634 [s1-NettyServerStreamRpc-bossGroup--thread1] INFO  logging.LoggingHandler (AbstractInternalLogger.java:log(148)) - [id: 0x56dc9c03, L:0.0.0.0/0.0.0.0:39105] UNREGISTERED
2022-06-08 04:48:22,638 [pool-9-thread-4] ERROR impl.OrderedStreamAsync (OrderedStreamAsync.java:lambda$sendRequest$2(132)) - Failed to send request, header=DataStreamRequestHeader:clientId=client-D3F9E867D38C,type=STREAM_DATA,id=407,offset=4854641,length=857514
java.util.concurrent.CompletionException: org.apache.ratis.protocol.exceptions.AlreadyClosedException: NettyClientStreamRpc->s2|rpc:localhost:38605|admin:localhost:35039|client:localhost:44431|dataStream:localhost:41029|priority:0: Failed to send DataStreamRequestByteBuffer:clientId=client-D3F9E867D38C,type=STREAM_DATA,id=407,offset=4854641,length=857514
	at java.util.concurrent.CompletableFuture.encodeThrowable(CompletableFuture.java:292)
	at java.util.concurrent.CompletableFuture.completeThrowable(CompletableFuture.java:308)
	at java.util.concurrent.CompletableFuture.uniApply(CompletableFuture.java:607)
	at java.util.concurrent.CompletableFuture.uniApplyStage(CompletableFuture.java:628)
	at java.util.concurrent.CompletableFuture.thenApply(CompletableFuture.java:1996)
	at org.apache.ratis.client.impl.OrderedStreamAsync.sendRequestToNetwork(OrderedStreamAsync.java:154)
	at org.apache.ratis.client.impl.OrderedStreamAsync.lambda$sendRequest$1(OrderedStreamAsync.java:129)
	at org.apache.ratis.util.SlidingWindow$Client.sendOrDelayRequest(SlidingWindow.java:271)
	at org.apache.ratis.util.SlidingWindow$Client.submitNewRequest(SlidingWindow.java:259)
	at org.apache.ratis.client.impl.OrderedStreamAsync.sendRequest(OrderedStreamAsync.java:129)
	at org.apache.ratis.client.impl.DataStreamClientImpl$DataStreamOutputImpl.send(DataStreamClientImpl.java:116)
	at org.apache.ratis.client.impl.DataStreamClientImpl$DataStreamOutputImpl.writeAsyncImpl(DataStreamClientImpl.java:128)
	at org.apache.ratis.client.impl.DataStreamClientImpl$DataStreamOutputImpl.writeAsync(DataStreamClientImpl.java:139)
	at org.apache.ratis.datastream.DataStreamTestUtils.writeAndAssertReplies(DataStreamTestUtils.java:284)
	at org.apache.ratis.datastream.DataStreamTestUtils.writeAndCloseAndAssertReplies(DataStreamTestUtils.java:312)
	at org.apache.ratis.datastream.DataStreamAsyncClusterTests.lambda$runTestDataStream$5(DataStreamAsyncClusterTests.java:156)
	at java.util.concurrent.CompletableFuture$AsyncSupply.run(CompletableFuture.java:1604)
	at java.util.concurrent.ThreadPoolExecutor.runWorker(ThreadPoolExecutor.java:1149)
	at java.util.concurrent.ThreadPoolExecutor$Worker.run(ThreadPoolExecutor.java:624)
	at java.lang.Thread.run(Thread.java:750)
Caused by: org.apache.ratis.protocol.exceptions.AlreadyClosedException: NettyClientStreamRpc->s2|rpc:localhost:38605|admin:localhost:35039|client:localhost:44431|dataStream:localhost:41029|priority:0: Failed to send DataStreamRequestByteBuffer:clientId=client-D3F9E867D38C,type=STREAM_DATA,id=407,offset=4854641,length=857514
	at org.apache.ratis.netty.client.NettyClientStreamRpc.streamAsync(NettyClientStreamRpc.java:370)
	at org.apache.ratis.client.impl.OrderedStreamAsync.sendRequestToNetwork(OrderedStreamAsync.java:147)
	... 14 more
2022-06-08 04:48:22,640 [NettyClientStreamRpc-workerGroup--thread3] WARN  client.NettyClientStreamRpc (NettyClientStreamRpc.java:scheduleReconnect(197)) - Connection-localhost/127.0.0.1:41029: org.apache.ratis.netty.client.NettyClientStreamRpc$Connection$1@589358d failed; schedule reconnecting to localhost/127.0.0.1:41029 in 100ms
2022-06-08 04:48:22,640 [NettyClientStreamRpc-workerGroup--thread3] WARN  client.NettyClientStreamRpc (NettyClientStreamRpc.java:scheduleReconnect(199)) - 
org.apache.ratis.thirdparty.io.netty.channel.AbstractChannel$AnnotatedConnectException: Connection refused: localhost/127.0.0.1:41029
Caused by: java.net.ConnectException: Connection refused
	at sun.nio.ch.SocketChannelImpl.checkConnect(Native Method)
	at sun.nio.ch.SocketChannelImpl.finishConnect(SocketChannelImpl.java:716)
	at org.apache.ratis.thirdparty.io.netty.channel.socket.nio.NioSocketChannel.doFinishConnect(NioSocketChannel.java:330)
	at org.apache.ratis.thirdparty.io.netty.channel.nio.AbstractNioChannel$AbstractNioUnsafe.finishConnect(AbstractNioChannel.java:334)
	at org.apache.ratis.thirdparty.io.netty.channel.nio.NioEventLoop.processSelectedKey(NioEventLoop.java:710)
	at org.apache.ratis.thirdparty.io.netty.channel.nio.NioEventLoop.processSelectedKeysOptimized(NioEventLoop.java:658)
	at org.apache.ratis.thirdparty.io.netty.channel.nio.NioEventLoop.processSelectedKeys(NioEventLoop.java:584)
	at org.apache.ratis.thirdparty.io.netty.channel.nio.NioEventLoop.run(NioEventLoop.java:496)
	at org.apache.ratis.thirdparty.io.netty.util.concurrent.SingleThreadEventExecutor$4.run(SingleThreadEventExecutor.java:986)
	at org.apache.ratis.thirdparty.io.netty.util.internal.ThreadExecutorMap$2.run(ThreadExecutorMap.java:74)
	at java.lang.Thread.run(Thread.java:750)
2022-06-08 04:48:22,645 [NettyClientStreamRpc-workerGroup--thread1] WARN  client.NettyClientStreamRpc (NettyClientStreamRpc.java:scheduleReconnect(197)) - Connection-localhost/127.0.0.1:39105: channel is inactive; schedule reconnecting to localhost/127.0.0.1:39105 in 100ms
2022-06-08 04:48:22,646 [NettyClientStreamRpc-workerGroup--thread1] WARN  client.NettyClientStreamRpc (NettyClientStreamRpc.java:scheduleReconnect(197)) - Connection-localhost/127.0.0.1:39105: channel is inactive; schedule reconnecting to localhost/127.0.0.1:39105 in 100ms
2022-06-08 04:48:22,646 [NettyClientStreamRpc-workerGroup--thread1] WARN  client.NettyClientStreamRpc (NettyClientStreamRpc.java:scheduleReconnect(197)) - Connection-localhost/127.0.0.1:39105: channel is inactive; schedule reconnecting to localhost/127.0.0.1:39105 in 100ms
2022-06-08 04:48:22,646 [NettyClientStreamRpc-workerGroup--thread1] WARN  client.NettyClientStreamRpc (NettyClientStreamRpc.java:scheduleReconnect(197)) - Connection-localhost/127.0.0.1:39105: channel is inactive; schedule reconnecting to localhost/127.0.0.1:39105 in 100ms
2022-06-08 04:48:22,646 [NettyClientStreamRpc-workerGroup--thread1] WARN  client.NettyClientStreamRpc (NettyClientStreamRpc.java:scheduleReconnect(197)) - Connection-localhost/127.0.0.1:39105: channel is inactive; schedule reconnecting to localhost/127.0.0.1:39105 in 100ms
2022-06-08 04:48:22,646 [NettyClientStreamRpc-workerGroup--thread1] WARN  client.NettyClientStreamRpc (NettyClientStreamRpc.java:scheduleReconnect(197)) - Connection-localhost/127.0.0.1:39105: channel is inactive; schedule reconnecting to localhost/127.0.0.1:39105 in 100ms
2022-06-08 04:48:22,648 [pool-9-thread-4] ERROR impl.OrderedStreamAsync (OrderedStreamAsync.java:lambda$sendRequest$2(132)) - Failed to send request, header=DataStreamRequestHeader:clientId=client-D3F9E867D38C,type=STREAM_DATA,id=407,offset=5712155,length=705340
java.util.concurrent.CompletionException: org.apache.ratis.protocol.exceptions.AlreadyClosedException: NettyClientStreamRpc->s2|rpc:localhost:38605|admin:localhost:35039|client:localhost:44431|dataStream:localhost:41029|priority:0: Failed to send DataStreamRequestByteBuffer:clientId=client-D3F9E867D38C,type=STREAM_DATA,id=407,offset=5712155,length=705340
	at java.util.concurrent.CompletableFuture.encodeThrowable(CompletableFuture.java:292)
	at java.util.concurrent.CompletableFuture.completeThrowable(CompletableFuture.java:308)
	at java.util.concurrent.CompletableFuture.uniApply(CompletableFuture.java:607)
	at java.util.concurrent.CompletableFuture.uniApplyStage(CompletableFuture.java:628)
	at java.util.concurrent.CompletableFuture.thenApply(CompletableFuture.java:1996)
	at org.apache.ratis.client.impl.OrderedStreamAsync.sendRequestToNetwork(OrderedStreamAsync.java:154)
	at org.apache.ratis.client.impl.OrderedStreamAsync.lambda$sendRequest$1(OrderedStreamAsync.java:129)
	at org.apache.ratis.util.SlidingWindow$Client.sendOrDelayRequest(SlidingWindow.java:271)
	at org.apache.ratis.util.SlidingWindow$Client.submitNewRequest(SlidingWindow.java:259)
	at org.apache.ratis.client.impl.OrderedStreamAsync.sendRequest(OrderedStreamAsync.java:129)
	at org.apache.ratis.client.impl.DataStreamClientImpl$DataStreamOutputImpl.send(DataStreamClientImpl.java:116)
	at org.apache.ratis.client.impl.DataStreamClientImpl$DataStreamOutputImpl.writeAsyncImpl(DataStreamClientImpl.java:128)
	at org.apache.ratis.client.impl.DataStreamClientImpl$DataStreamOutputImpl.writeAsync(DataStreamClientImpl.java:139)
	at org.apache.ratis.datastream.DataStreamTestUtils.writeAndAssertReplies(DataStreamTestUtils.java:284)
	at org.apache.ratis.datastream.DataStreamTestUtils.writeAndCloseAndAssertReplies(DataStreamTestUtils.java:312)
	at org.apache.ratis.datastream.DataStreamAsyncClusterTests.lambda$runTestDataStream$5(DataStreamAsyncClusterTests.java:156)
	at java.util.concurrent.CompletableFuture$AsyncSupply.run(CompletableFuture.java:1604)
	at java.util.concurrent.ThreadPoolExecutor.runWorker(ThreadPoolExecutor.java:1149)
	at java.util.concurrent.ThreadPoolExecutor$Worker.run(ThreadPoolExecutor.java:624)
	at java.lang.Thread.run(Thread.java:750)
Caused by: org.apache.ratis.protocol.exceptions.AlreadyClosedException: NettyClientStreamRpc->s2|rpc:localhost:38605|admin:localhost:35039|client:localhost:44431|dataStream:localhost:41029|priority:0: Failed to send DataStreamRequestByteBuffer:clientId=client-D3F9E867D38C,type=STREAM_DATA,id=407,offset=5712155,length=705340
	at org.apache.ratis.netty.client.NettyClientStreamRpc.streamAsync(NettyClientStreamRpc.java:370)
	at org.apache.ratis.client.impl.OrderedStreamAsync.sendRequestToNetwork(OrderedStreamAsync.java:147)
	... 14 more
2022-06-08 04:48:22,649 [NettyClientStreamRpc-workerGroup--thread1] WARN  client.NettyClientStreamRpc (NettyClientStreamRpc.java:scheduleReconnect(197)) - Connection-localhost/127.0.0.1:39105: channel is inactive; schedule reconnecting to localhost/127.0.0.1:39105 in 100ms
2022-06-08 04:48:22,649 [NettyClientStreamRpc-workerGroup--thread1] WARN  client.NettyClientStreamRpc (NettyClientStreamRpc.java:scheduleReconnect(197)) - Connection-localhost/127.0.0.1:39105: channel is inactive; schedule reconnecting to localhost/127.0.0.1:39105 in 100ms
2022-06-08 04:48:22,649 [NettyClientStreamRpc-workerGroup--thread1] WARN  client.NettyClientStreamRpc (NettyClientStreamRpc.java:scheduleReconnect(197)) - Connection-localhost/127.0.0.1:39105: channel is inactive; schedule reconnecting to localhost/127.0.0.1:39105 in 100ms
2022-06-08 04:48:22,649 [NettyClientStreamRpc-workerGroup--thread1] WARN  client.NettyClientStreamRpc (NettyClientStreamRpc.java:scheduleReconnect(197)) - Connection-localhost/127.0.0.1:39105: channel is inactive; schedule reconnecting to localhost/127.0.0.1:39105 in 100ms
2022-06-08 04:48:22,649 [NettyClientStreamRpc-workerGroup--thread1] WARN  client.NettyClientStreamRpc (NettyClientStreamRpc.java:scheduleReconnect(197)) - Connection-localhost/127.0.0.1:39105: channel is inactive; schedule reconnecting to localhost/127.0.0.1:39105 in 100ms
2022-06-08 04:48:22,654 [NettyClientStreamRpc-workerGroup--thread3] WARN  client.NettyClientStreamRpc (NettyClientStreamRpc.java:scheduleReconnect(197)) - Connection-localhost/127.0.0.1:41029: org.apache.ratis.netty.client.NettyClientStreamRpc$Connection$1@4bb98457 failed; schedule reconnecting to localhost/127.0.0.1:41029 in 100ms
2022-06-08 04:48:22,655 [NettyClientStreamRpc-workerGroup--thread3] WARN  client.NettyClientStreamRpc (NettyClientStreamRpc.java:scheduleReconnect(199)) - 
org.apache.ratis.thirdparty.io.netty.channel.AbstractChannel$AnnotatedConnectException: Connection refused: localhost/127.0.0.1:41029
Caused by: java.net.ConnectException: Connection refused
	at sun.nio.ch.SocketChannelImpl.checkConnect(Native Method)
	at sun.nio.ch.SocketChannelImpl.finishConnect(SocketChannelImpl.java:716)
	at org.apache.ratis.thirdparty.io.netty.channel.socket.nio.NioSocketChannel.doFinishConnect(NioSocketChannel.java:330)
	at org.apache.ratis.thirdparty.io.netty.channel.nio.AbstractNioChannel$AbstractNioUnsafe.finishConnect(AbstractNioChannel.java:334)
	at org.apache.ratis.thirdparty.io.netty.channel.nio.NioEventLoop.processSelectedKey(NioEventLoop.java:710)
	at org.apache.ratis.thirdparty.io.netty.channel.nio.NioEventLoop.processSelectedKeysOptimized(NioEventLoop.java:658)
	at org.apache.ratis.thirdparty.io.netty.channel.nio.NioEventLoop.processSelectedKeys(NioEventLoop.java:584)
	at org.apache.ratis.thirdparty.io.netty.channel.nio.NioEventLoop.run(NioEventLoop.java:496)
	at org.apache.ratis.thirdparty.io.netty.util.concurrent.SingleThreadEventExecutor$4.run(SingleThreadEventExecutor.java:986)
	at org.apache.ratis.thirdparty.io.netty.util.internal.ThreadExecutorMap$2.run(ThreadExecutorMap.java:74)
	at java.lang.Thread.run(Thread.java:750)
2022-06-08 04:48:22,655 [NettyClientStreamRpc-workerGroup--thread3] WARN  client.NettyClientStreamRpc (NettyClientStreamRpc.java:scheduleReconnect(197)) - Connection-localhost/127.0.0.1:41029: org.apache.ratis.netty.client.NettyClientStreamRpc$Connection$1@5c2de88f failed; schedule reconnecting to localhost/127.0.0.1:41029 in 100ms
2022-06-08 04:48:22,655 [NettyClientStreamRpc-workerGroup--thread3] WARN  client.NettyClientStreamRpc (NettyClientStreamRpc.java:scheduleReconnect(199)) - 
org.apache.ratis.thirdparty.io.netty.channel.AbstractChannel$AnnotatedConnectException: Connection refused: localhost/127.0.0.1:41029
Caused by: java.net.ConnectException: Connection refused
	at sun.nio.ch.SocketChannelImpl.checkConnect(Native Method)
	at sun.nio.ch.SocketChannelImpl.finishConnect(SocketChannelImpl.java:716)
	at org.apache.ratis.thirdparty.io.netty.channel.socket.nio.NioSocketChannel.doFinishConnect(NioSocketChannel.java:330)
	at org.apache.ratis.thirdparty.io.netty.channel.nio.AbstractNioChannel$AbstractNioUnsafe.finishConnect(AbstractNioChannel.java:334)
	at org.apache.ratis.thirdparty.io.netty.channel.nio.NioEventLoop.processSelectedKey(NioEventLoop.java:710)
	at org.apache.ratis.thirdparty.io.netty.channel.nio.NioEventLoop.processSelectedKeysOptimized(NioEventLoop.java:658)
	at org.apache.ratis.thirdparty.io.netty.channel.nio.NioEventLoop.processSelectedKeys(NioEventLoop.java:584)
	at org.apache.ratis.thirdparty.io.netty.channel.nio.NioEventLoop.run(NioEventLoop.java:496)
	at org.apache.ratis.thirdparty.io.netty.util.concurrent.SingleThreadEventExecutor$4.run(SingleThreadEventExecutor.java:986)
	at org.apache.ratis.thirdparty.io.netty.util.internal.ThreadExecutorMap$2.run(ThreadExecutorMap.java:74)
	at java.lang.Thread.run(Thread.java:750)
2022-06-08 04:48:22,656 [NettyClientStreamRpc-workerGroup--thread3] WARN  client.NettyClientStreamRpc (NettyClientStreamRpc.java:scheduleReconnect(197)) - Connection-localhost/127.0.0.1:41029: org.apache.ratis.netty.client.NettyClientStreamRpc$Connection$1@475551f4 failed; schedule reconnecting to localhost/127.0.0.1:41029 in 100ms
2022-06-08 04:48:22,656 [NettyClientStreamRpc-workerGroup--thread3] WARN  client.NettyClientStreamRpc (NettyClientStreamRpc.java:scheduleReconnect(199)) - 
org.apache.ratis.thirdparty.io.netty.channel.AbstractChannel$AnnotatedConnectException: Connection refused: localhost/127.0.0.1:41029
Caused by: java.net.ConnectException: Connection refused
	at sun.nio.ch.SocketChannelImpl.checkConnect(Native Method)
	at sun.nio.ch.SocketChannelImpl.finishConnect(SocketChannelImpl.java:716)
	at org.apache.ratis.thirdparty.io.netty.channel.socket.nio.NioSocketChannel.doFinishConnect(NioSocketChannel.java:330)
	at org.apache.ratis.thirdparty.io.netty.channel.nio.AbstractNioChannel$AbstractNioUnsafe.finishConnect(AbstractNioChannel.java:334)
	at org.apache.ratis.thirdparty.io.netty.channel.nio.NioEventLoop.processSelectedKey(NioEventLoop.java:710)
	at org.apache.ratis.thirdparty.io.netty.channel.nio.NioEventLoop.processSelectedKeysOptimized(NioEventLoop.java:658)
	at org.apache.ratis.thirdparty.io.netty.channel.nio.NioEventLoop.processSelectedKeys(NioEventLoop.java:584)
	at org.apache.ratis.thirdparty.io.netty.channel.nio.NioEventLoop.run(NioEventLoop.java:496)
	at org.apache.ratis.thirdparty.io.netty.util.concurrent.SingleThreadEventExecutor$4.run(SingleThreadEventExecutor.java:986)
	at org.apache.ratis.thirdparty.io.netty.util.internal.ThreadExecutorMap$2.run(ThreadExecutorMap.java:74)
	at java.lang.Thread.run(Thread.java:750)
2022-06-08 04:48:22,656 [NettyClientStreamRpc-workerGroup--thread3] WARN  client.NettyClientStreamRpc (NettyClientStreamRpc.java:scheduleReconnect(197)) - Connection-localhost/127.0.0.1:41029: org.apache.ratis.netty.client.NettyClientStreamRpc$Connection$1@7d274dc6 failed; schedule reconnecting to localhost/127.0.0.1:41029 in 100ms
2022-06-08 04:48:22,656 [NettyClientStreamRpc-workerGroup--thread3] WARN  client.NettyClientStreamRpc (NettyClientStreamRpc.java:scheduleReconnect(199)) - 
org.apache.ratis.thirdparty.io.netty.channel.AbstractChannel$AnnotatedConnectException: Connection refused: localhost/127.0.0.1:41029
Caused by: java.net.ConnectException: Connection refused
	at sun.nio.ch.SocketChannelImpl.checkConnect(Native Method)
	at sun.nio.ch.SocketChannelImpl.finishConnect(SocketChannelImpl.java:716)
	at org.apache.ratis.thirdparty.io.netty.channel.socket.nio.NioSocketChannel.doFinishConnect(NioSocketChannel.java:330)
	at org.apache.ratis.thirdparty.io.netty.channel.nio.AbstractNioChannel$AbstractNioUnsafe.finishConnect(AbstractNioChannel.java:334)
	at org.apache.ratis.thirdparty.io.netty.channel.nio.NioEventLoop.processSelectedKey(NioEventLoop.java:710)
	at org.apache.ratis.thirdparty.io.netty.channel.nio.NioEventLoop.processSelectedKeysOptimized(NioEventLoop.java:658)
	at org.apache.ratis.thirdparty.io.netty.channel.nio.NioEventLoop.processSelectedKeys(NioEventLoop.java:584)
	at org.apache.ratis.thirdparty.io.netty.channel.nio.NioEventLoop.run(NioEventLoop.java:496)
	at org.apache.ratis.thirdparty.io.netty.util.concurrent.SingleThreadEventExecutor$4.run(SingleThreadEventExecutor.java:986)
	at org.apache.ratis.thirdparty.io.netty.util.internal.ThreadExecutorMap$2.run(ThreadExecutorMap.java:74)
	at java.lang.Thread.run(Thread.java:750)
2022-06-08 04:48:22,657 [NettyClientStreamRpc-workerGroup--thread3] WARN  client.NettyClientStreamRpc (NettyClientStreamRpc.java:scheduleReconnect(197)) - Connection-localhost/127.0.0.1:41029: org.apache.ratis.netty.client.NettyClientStreamRpc$Connection$1@77bd3c3e failed; schedule reconnecting to localhost/127.0.0.1:41029 in 100ms
2022-06-08 04:48:22,657 [NettyClientStreamRpc-workerGroup--thread3] WARN  client.NettyClientStreamRpc (NettyClientStreamRpc.java:scheduleReconnect(199)) - 
org.apache.ratis.thirdparty.io.netty.channel.AbstractChannel$AnnotatedConnectException: Connection refused: localhost/127.0.0.1:41029
Caused by: java.net.ConnectException: Connection refused
	at sun.nio.ch.SocketChannelImpl.checkConnect(Native Method)
	at sun.nio.ch.SocketChannelImpl.finishConnect(SocketChannelImpl.java:716)
	at org.apache.ratis.thirdparty.io.netty.channel.socket.nio.NioSocketChannel.doFinishConnect(NioSocketChannel.java:330)
	at org.apache.ratis.thirdparty.io.netty.channel.nio.AbstractNioChannel$AbstractNioUnsafe.finishConnect(AbstractNioChannel.java:334)
	at org.apache.ratis.thirdparty.io.netty.channel.nio.NioEventLoop.processSelectedKey(NioEventLoop.java:710)
	at org.apache.ratis.thirdparty.io.netty.channel.nio.NioEventLoop.processSelectedKeysOptimized(NioEventLoop.java:658)
	at org.apache.ratis.thirdparty.io.netty.channel.nio.NioEventLoop.processSelectedKeys(NioEventLoop.java:584)
	at org.apache.ratis.thirdparty.io.netty.channel.nio.NioEventLoop.run(NioEventLoop.java:496)
	at org.apache.ratis.thirdparty.io.netty.util.concurrent.SingleThreadEventExecutor$4.run(SingleThreadEventExecutor.java:986)
	at org.apache.ratis.thirdparty.io.netty.util.internal.ThreadExecutorMap$2.run(ThreadExecutorMap.java:74)
	at java.lang.Thread.run(Thread.java:750)
2022-06-08 04:48:22,658 [NettyClientStreamRpc-workerGroup--thread3] WARN  client.NettyClientStreamRpc (NettyClientStreamRpc.java:scheduleReconnect(197)) - Connection-localhost/127.0.0.1:41029: org.apache.ratis.netty.client.NettyClientStreamRpc$Connection$1@52d38dd2 failed; schedule reconnecting to localhost/127.0.0.1:41029 in 100ms
2022-06-08 04:48:22,658 [NettyClientStreamRpc-workerGroup--thread3] WARN  client.NettyClientStreamRpc (NettyClientStreamRpc.java:scheduleReconnect(199)) - 
org.apache.ratis.thirdparty.io.netty.channel.AbstractChannel$AnnotatedConnectException: Connection refused: localhost/127.0.0.1:41029
Caused by: java.net.ConnectException: Connection refused
	at sun.nio.ch.SocketChannelImpl.checkConnect(Native Method)
	at sun.nio.ch.SocketChannelImpl.finishConnect(SocketChannelImpl.java:716)
	at org.apache.ratis.thirdparty.io.netty.channel.socket.nio.NioSocketChannel.doFinishConnect(NioSocketChannel.java:330)
	at org.apache.ratis.thirdparty.io.netty.channel.nio.AbstractNioChannel$AbstractNioUnsafe.finishConnect(AbstractNioChannel.java:334)
	at org.apache.ratis.thirdparty.io.netty.channel.nio.NioEventLoop.processSelectedKey(NioEventLoop.java:710)
	at org.apache.ratis.thirdparty.io.netty.channel.nio.NioEventLoop.processSelectedKeysOptimized(NioEventLoop.java:658)
	at org.apache.ratis.thirdparty.io.netty.channel.nio.NioEventLoop.processSelectedKeys(NioEventLoop.java:584)
	at org.apache.ratis.thirdparty.io.netty.channel.nio.NioEventLoop.run(NioEventLoop.java:496)
	at org.apache.ratis.thirdparty.io.netty.util.concurrent.SingleThreadEventExecutor$4.run(SingleThreadEventExecutor.java:986)
	at org.apache.ratis.thirdparty.io.netty.util.internal.ThreadExecutorMap$2.run(ThreadExecutorMap.java:74)
	at java.lang.Thread.run(Thread.java:750)
2022-06-08 04:48:22,659 [NettyClientStreamRpc-workerGroup--thread3] WARN  client.NettyClientStreamRpc (NettyClientStreamRpc.java:scheduleReconnect(197)) - Connection-localhost/127.0.0.1:41029: org.apache.ratis.netty.client.NettyClientStreamRpc$Connection$1@15faefd4 failed; schedule reconnecting to localhost/127.0.0.1:41029 in 100ms
2022-06-08 04:48:22,659 [NettyClientStreamRpc-workerGroup--thread3] WARN  client.NettyClientStreamRpc (NettyClientStreamRpc.java:scheduleReconnect(199)) - 
org.apache.ratis.thirdparty.io.netty.channel.AbstractChannel$AnnotatedConnectException: Connection refused: localhost/127.0.0.1:41029
Caused by: java.net.ConnectException: Connection refused
	at sun.nio.ch.SocketChannelImpl.checkConnect(Native Method)
	at sun.nio.ch.SocketChannelImpl.finishConnect(SocketChannelImpl.java:716)
	at org.apache.ratis.thirdparty.io.netty.channel.socket.nio.NioSocketChannel.doFinishConnect(NioSocketChannel.java:330)
	at org.apache.ratis.thirdparty.io.netty.channel.nio.AbstractNioChannel$AbstractNioUnsafe.finishConnect(AbstractNioChannel.java:334)
	at org.apache.ratis.thirdparty.io.netty.channel.nio.NioEventLoop.processSelectedKey(NioEventLoop.java:710)
	at org.apache.ratis.thirdparty.io.netty.channel.nio.NioEventLoop.processSelectedKeysOptimized(NioEventLoop.java:658)
	at org.apache.ratis.thirdparty.io.netty.channel.nio.NioEventLoop.processSelectedKeys(NioEventLoop.java:584)
	at org.apache.ratis.thirdparty.io.netty.channel.nio.NioEventLoop.run(NioEventLoop.java:496)
	at org.apache.ratis.thirdparty.io.netty.util.concurrent.SingleThreadEventExecutor$4.run(SingleThreadEventExecutor.java:986)
	at org.apache.ratis.thirdparty.io.netty.util.internal.ThreadExecutorMap$2.run(ThreadExecutorMap.java:74)
	at java.lang.Thread.run(Thread.java:750)
2022-06-08 04:48:22,660 [NettyClientStreamRpc-workerGroup--thread3] WARN  client.NettyClientStreamRpc (NettyClientStreamRpc.java:scheduleReconnect(197)) - Connection-localhost/127.0.0.1:41029: org.apache.ratis.netty.client.NettyClientStreamRpc$Connection$1@3dac8475 failed; schedule reconnecting to localhost/127.0.0.1:41029 in 100ms
2022-06-08 04:48:22,660 [NettyClientStreamRpc-workerGroup--thread3] WARN  client.NettyClientStreamRpc (NettyClientStreamRpc.java:scheduleReconnect(199)) - 
org.apache.ratis.thirdparty.io.netty.channel.AbstractChannel$AnnotatedConnectException: Connection refused: localhost/127.0.0.1:41029
Caused by: java.net.ConnectException: Connection refused
	at sun.nio.ch.SocketChannelImpl.checkConnect(Native Method)
	at sun.nio.ch.SocketChannelImpl.finishConnect(SocketChannelImpl.java:716)
	at org.apache.ratis.thirdparty.io.netty.channel.socket.nio.NioSocketChannel.doFinishConnect(NioSocketChannel.java:330)
	at org.apache.ratis.thirdparty.io.netty.channel.nio.AbstractNioChannel$AbstractNioUnsafe.finishConnect(AbstractNioChannel.java:334)
	at org.apache.ratis.thirdparty.io.netty.channel.nio.NioEventLoop.processSelectedKey(NioEventLoop.java:710)
	at org.apache.ratis.thirdparty.io.netty.channel.nio.NioEventLoop.processSelectedKeysOptimized(NioEventLoop.java:658)
	at org.apache.ratis.thirdparty.io.netty.channel.nio.NioEventLoop.processSelectedKeys(NioEventLoop.java:584)
	at org.apache.ratis.thirdparty.io.netty.channel.nio.NioEventLoop.run(NioEventLoop.java:496)
	at org.apache.ratis.thirdparty.io.netty.util.concurrent.SingleThreadEventExecutor$4.run(SingleThreadEventExecutor.java:986)
	at org.apache.ratis.thirdparty.io.netty.util.internal.ThreadExecutorMap$2.run(ThreadExecutorMap.java:74)
	at java.lang.Thread.run(Thread.java:750)
2022-06-08 04:48:22,661 [NettyClientStreamRpc-workerGroup--thread3] WARN  client.NettyClientStreamRpc (NettyClientStreamRpc.java:scheduleReconnect(197)) - Connection-localhost/127.0.0.1:41029: org.apache.ratis.netty.client.NettyClientStreamRpc$Connection$1@3a390bec failed; schedule reconnecting to localhost/127.0.0.1:41029 in 100ms
2022-06-08 04:48:22,661 [NettyClientStreamRpc-workerGroup--thread3] WARN  client.NettyClientStreamRpc (NettyClientStreamRpc.java:scheduleReconnect(199)) - 
org.apache.ratis.thirdparty.io.netty.channel.AbstractChannel$AnnotatedConnectException: Connection refused: localhost/127.0.0.1:41029
Caused by: java.net.ConnectException: Connection refused
	at sun.nio.ch.SocketChannelImpl.checkConnect(Native Method)
	at sun.nio.ch.SocketChannelImpl.finishConnect(SocketChannelImpl.java:716)
	at org.apache.ratis.thirdparty.io.netty.channel.socket.nio.NioSocketChannel.doFinishConnect(NioSocketChannel.java:330)
	at org.apache.ratis.thirdparty.io.netty.channel.nio.AbstractNioChannel$AbstractNioUnsafe.finishConnect(AbstractNioChannel.java:334)
	at org.apache.ratis.thirdparty.io.netty.channel.nio.NioEventLoop.processSelectedKey(NioEventLoop.java:710)
	at org.apache.ratis.thirdparty.io.netty.channel.nio.NioEventLoop.processSelectedKeysOptimized(NioEventLoop.java:658)
	at org.apache.ratis.thirdparty.io.netty.channel.nio.NioEventLoop.processSelectedKeys(NioEventLoop.java:584)
	at org.apache.ratis.thirdparty.io.netty.channel.nio.NioEventLoop.run(NioEventLoop.java:496)
	at org.apache.ratis.thirdparty.io.netty.util.concurrent.SingleThreadEventExecutor$4.run(SingleThreadEventExecutor.java:986)
	at org.apache.ratis.thirdparty.io.netty.util.internal.ThreadExecutorMap$2.run(ThreadExecutorMap.java:74)
	at java.lang.Thread.run(Thread.java:750)
2022-06-08 04:48:22,661 [NettyClientStreamRpc-workerGroup--thread3] WARN  client.NettyClientStreamRpc (NettyClientStreamRpc.java:scheduleReconnect(197)) - Connection-localhost/127.0.0.1:41029: org.apache.ratis.netty.client.NettyClientStreamRpc$Connection$1@21b8869b failed; schedule reconnecting to localhost/127.0.0.1:41029 in 100ms
2022-06-08 04:48:22,662 [NettyClientStreamRpc-workerGroup--thread3] WARN  client.NettyClientStreamRpc (NettyClientStreamRpc.java:scheduleReconnect(199)) - 
org.apache.ratis.thirdparty.io.netty.channel.AbstractChannel$AnnotatedConnectException: Connection refused: localhost/127.0.0.1:41029
Caused by: java.net.ConnectException: Connection refused
	at sun.nio.ch.SocketChannelImpl.checkConnect(Native Method)
	at sun.nio.ch.SocketChannelImpl.finishConnect(SocketChannelImpl.java:716)
	at org.apache.ratis.thirdparty.io.netty.channel.socket.nio.NioSocketChannel.doFinishConnect(NioSocketChannel.java:330)
	at org.apache.ratis.thirdparty.io.netty.channel.nio.AbstractNioChannel$AbstractNioUnsafe.finishConnect(AbstractNioChannel.java:334)
	at org.apache.ratis.thirdparty.io.netty.channel.nio.NioEventLoop.processSelectedKey(NioEventLoop.java:710)
	at org.apache.ratis.thirdparty.io.netty.channel.nio.NioEventLoop.processSelectedKeysOptimized(NioEventLoop.java:658)
	at org.apache.ratis.thirdparty.io.netty.channel.nio.NioEventLoop.processSelectedKeys(NioEventLoop.java:584)
	at org.apache.ratis.thirdparty.io.netty.channel.nio.NioEventLoop.run(NioEventLoop.java:496)
	at org.apache.ratis.thirdparty.io.netty.util.concurrent.SingleThreadEventExecutor$4.run(SingleThreadEventExecutor.java:986)
	at org.apache.ratis.thirdparty.io.netty.util.internal.ThreadExecutorMap$2.run(ThreadExecutorMap.java:74)
	at java.lang.Thread.run(Thread.java:750)
2022-06-08 04:48:22,662 [NettyClientStreamRpc-workerGroup--thread3] WARN  client.NettyClientStreamRpc (NettyClientStreamRpc.java:scheduleReconnect(197)) - Connection-localhost/127.0.0.1:41029: org.apache.ratis.netty.client.NettyClientStreamRpc$Connection$1@677052e7 failed; schedule reconnecting to localhost/127.0.0.1:41029 in 100ms
2022-06-08 04:48:22,662 [NettyClientStreamRpc-workerGroup--thread3] WARN  client.NettyClientStreamRpc (NettyClientStreamRpc.java:scheduleReconnect(199)) - 
org.apache.ratis.thirdparty.io.netty.channel.AbstractChannel$AnnotatedConnectException: Connection refused: localhost/127.0.0.1:41029
Caused by: java.net.ConnectException: Connection refused
	at sun.nio.ch.SocketChannelImpl.checkConnect(Native Method)
	at sun.nio.ch.SocketChannelImpl.finishConnect(SocketChannelImpl.java:716)
	at org.apache.ratis.thirdparty.io.netty.channel.socket.nio.NioSocketChannel.doFinishConnect(NioSocketChannel.java:330)
	at org.apache.ratis.thirdparty.io.netty.channel.nio.AbstractNioChannel$AbstractNioUnsafe.finishConnect(AbstractNioChannel.java:334)
	at org.apache.ratis.thirdparty.io.netty.channel.nio.NioEventLoop.processSelectedKey(NioEventLoop.java:710)
	at org.apache.ratis.thirdparty.io.netty.channel.nio.NioEventLoop.processSelectedKeysOptimized(NioEventLoop.java:658)
	at org.apache.ratis.thirdparty.io.netty.channel.nio.NioEventLoop.processSelectedKeys(NioEventLoop.java:584)
	at org.apache.ratis.thirdparty.io.netty.channel.nio.NioEventLoop.run(NioEventLoop.java:496)
	at org.apache.ratis.thirdparty.io.netty.util.concurrent.SingleThreadEventExecutor$4.run(SingleThreadEventExecutor.java:986)
	at org.apache.ratis.thirdparty.io.netty.util.internal.ThreadExecutorMap$2.run(ThreadExecutorMap.java:74)
	at java.lang.Thread.run(Thread.java:750)
2022-06-08 04:48:22,663 [NettyClientStreamRpc-workerGroup--thread3] WARN  client.NettyClientStreamRpc (NettyClientStreamRpc.java:scheduleReconnect(197)) - Connection-localhost/127.0.0.1:41029: org.apache.ratis.netty.client.NettyClientStreamRpc$Connection$1@2c935e43 failed; schedule reconnecting to localhost/127.0.0.1:41029 in 100ms
2022-06-08 04:48:22,663 [NettyClientStreamRpc-workerGroup--thread3] WARN  client.NettyClientStreamRpc (NettyClientStreamRpc.java:scheduleReconnect(199)) - 
org.apache.ratis.thirdparty.io.netty.channel.AbstractChannel$AnnotatedConnectException: Connection refused: localhost/127.0.0.1:41029
Caused by: java.net.ConnectException: Connection refused
	at sun.nio.ch.SocketChannelImpl.checkConnect(Native Method)
	at sun.nio.ch.SocketChannelImpl.finishConnect(SocketChannelImpl.java:716)
	at org.apache.ratis.thirdparty.io.netty.channel.socket.nio.NioSocketChannel.doFinishConnect(NioSocketChannel.java:330)
	at org.apache.ratis.thirdparty.io.netty.channel.nio.AbstractNioChannel$AbstractNioUnsafe.finishConnect(AbstractNioChannel.java:334)
	at org.apache.ratis.thirdparty.io.netty.channel.nio.NioEventLoop.processSelectedKey(NioEventLoop.java:710)
	at org.apache.ratis.thirdparty.io.netty.channel.nio.NioEventLoop.processSelectedKeysOptimized(NioEventLoop.java:658)
	at org.apache.ratis.thirdparty.io.netty.channel.nio.NioEventLoop.processSelectedKeys(NioEventLoop.java:584)
	at org.apache.ratis.thirdparty.io.netty.channel.nio.NioEventLoop.run(NioEventLoop.java:496)
	at org.apache.ratis.thirdparty.io.netty.util.concurrent.SingleThreadEventExecutor$4.run(SingleThreadEventExecutor.java:986)
	at org.apache.ratis.thirdparty.io.netty.util.internal.ThreadExecutorMap$2.run(ThreadExecutorMap.java:74)
	at java.lang.Thread.run(Thread.java:750)
2022-06-08 04:48:22,664 [NettyClientStreamRpc-workerGroup--thread3] WARN  client.NettyClientStreamRpc (NettyClientStreamRpc.java:scheduleReconnect(197)) - Connection-localhost/127.0.0.1:41029: org.apache.ratis.netty.client.NettyClientStreamRpc$Connection$1@3c92a370 failed; schedule reconnecting to localhost/127.0.0.1:41029 in 100ms
2022-06-08 04:48:22,664 [NettyClientStreamRpc-workerGroup--thread3] WARN  client.NettyClientStreamRpc (NettyClientStreamRpc.java:scheduleReconnect(199)) - 
org.apache.ratis.thirdparty.io.netty.channel.AbstractChannel$AnnotatedConnectException: Connection refused: localhost/127.0.0.1:41029
Caused by: java.net.ConnectException: Connection refused
	at sun.nio.ch.SocketChannelImpl.checkConnect(Native Method)
	at sun.nio.ch.SocketChannelImpl.finishConnect(SocketChannelImpl.java:716)
	at org.apache.ratis.thirdparty.io.netty.channel.socket.nio.NioSocketChannel.doFinishConnect(NioSocketChannel.java:330)
	at org.apache.ratis.thirdparty.io.netty.channel.nio.AbstractNioChannel$AbstractNioUnsafe.finishConnect(AbstractNioChannel.java:334)
	at org.apache.ratis.thirdparty.io.netty.channel.nio.NioEventLoop.processSelectedKey(NioEventLoop.java:710)
	at org.apache.ratis.thirdparty.io.netty.channel.nio.NioEventLoop.processSelectedKeysOptimized(NioEventLoop.java:658)
	at org.apache.ratis.thirdparty.io.netty.channel.nio.NioEventLoop.processSelectedKeys(NioEventLoop.java:584)
	at org.apache.ratis.thirdparty.io.netty.channel.nio.NioEventLoop.run(NioEventLoop.java:496)
	at org.apache.ratis.thirdparty.io.netty.util.concurrent.SingleThreadEventExecutor$4.run(SingleThreadEventExecutor.java:986)
	at org.apache.ratis.thirdparty.io.netty.util.internal.ThreadExecutorMap$2.run(ThreadExecutorMap.java:74)
	at java.lang.Thread.run(Thread.java:750)
2022-06-08 04:48:22,664 [NettyClientStreamRpc-workerGroup--thread3] WARN  client.NettyClientStreamRpc (NettyClientStreamRpc.java:scheduleReconnect(197)) - Connection-localhost/127.0.0.1:41029: org.apache.ratis.netty.client.NettyClientStreamRpc$Connection$1@2161fc0f failed; schedule reconnecting to localhost/127.0.0.1:41029 in 100ms
2022-06-08 04:48:22,665 [NettyClientStreamRpc-workerGroup--thread3] WARN  client.NettyClientStreamRpc (NettyClientStreamRpc.java:scheduleReconnect(199)) - 
org.apache.ratis.thirdparty.io.netty.channel.AbstractChannel$AnnotatedConnectException: Connection refused: localhost/127.0.0.1:41029
Caused by: java.net.ConnectException: Connection refused
	at sun.nio.ch.SocketChannelImpl.checkConnect(Native Method)
	at sun.nio.ch.SocketChannelImpl.finishConnect(SocketChannelImpl.java:716)
	at org.apache.ratis.thirdparty.io.netty.channel.socket.nio.NioSocketChannel.doFinishConnect(NioSocketChannel.java:330)
	at org.apache.ratis.thirdparty.io.netty.channel.nio.AbstractNioChannel$AbstractNioUnsafe.finishConnect(AbstractNioChannel.java:334)
	at org.apache.ratis.thirdparty.io.netty.channel.nio.NioEventLoop.processSelectedKey(NioEventLoop.java:710)
	at org.apache.ratis.thirdparty.io.netty.channel.nio.NioEventLoop.processSelectedKeysOptimized(NioEventLoop.java:658)
	at org.apache.ratis.thirdparty.io.netty.channel.nio.NioEventLoop.processSelectedKeys(NioEventLoop.java:584)
	at org.apache.ratis.thirdparty.io.netty.channel.nio.NioEventLoop.run(NioEventLoop.java:496)
	at org.apache.ratis.thirdparty.io.netty.util.concurrent.SingleThreadEventExecutor$4.run(SingleThreadEventExecutor.java:986)
	at org.apache.ratis.thirdparty.io.netty.util.internal.ThreadExecutorMap$2.run(ThreadExecutorMap.java:74)
	at java.lang.Thread.run(Thread.java:750)
2022-06-08 04:48:22,665 [NettyClientStreamRpc-workerGroup--thread3] WARN  client.NettyClientStreamRpc (NettyClientStreamRpc.java:scheduleReconnect(197)) - Connection-localhost/127.0.0.1:41029: org.apache.ratis.netty.client.NettyClientStreamRpc$Connection$1@6482490a failed; schedule reconnecting to localhost/127.0.0.1:41029 in 100ms
2022-06-08 04:48:22,665 [NettyClientStreamRpc-workerGroup--thread3] WARN  client.NettyClientStreamRpc (NettyClientStreamRpc.java:scheduleReconnect(199)) - 
org.apache.ratis.thirdparty.io.netty.channel.AbstractChannel$AnnotatedConnectException: Connection refused: localhost/127.0.0.1:41029
Caused by: java.net.ConnectException: Connection refused
	at sun.nio.ch.SocketChannelImpl.checkConnect(Native Method)
	at sun.nio.ch.SocketChannelImpl.finishConnect(SocketChannelImpl.java:716)
	at org.apache.ratis.thirdparty.io.netty.channel.socket.nio.NioSocketChannel.doFinishConnect(NioSocketChannel.java:330)
	at org.apache.ratis.thirdparty.io.netty.channel.nio.AbstractNioChannel$AbstractNioUnsafe.finishConnect(AbstractNioChannel.java:334)
	at org.apache.ratis.thirdparty.io.netty.channel.nio.NioEventLoop.processSelectedKey(NioEventLoop.java:710)
	at org.apache.ratis.thirdparty.io.netty.channel.nio.NioEventLoop.processSelectedKeysOptimized(NioEventLoop.java:658)
	at org.apache.ratis.thirdparty.io.netty.channel.nio.NioEventLoop.processSelectedKeys(NioEventLoop.java:584)
	at org.apache.ratis.thirdparty.io.netty.channel.nio.NioEventLoop.run(NioEventLoop.java:496)
	at org.apache.ratis.thirdparty.io.netty.util.concurrent.SingleThreadEventExecutor$4.run(SingleThreadEventExecutor.java:986)
	at org.apache.ratis.thirdparty.io.netty.util.internal.ThreadExecutorMap$2.run(ThreadExecutorMap.java:74)
	at java.lang.Thread.run(Thread.java:750)
2022-06-08 04:48:22,666 [NettyClientStreamRpc-workerGroup--thread3] WARN  client.NettyClientStreamRpc (NettyClientStreamRpc.java:scheduleReconnect(197)) - Connection-localhost/127.0.0.1:41029: org.apache.ratis.netty.client.NettyClientStreamRpc$Connection$1@61c41da0 failed; schedule reconnecting to localhost/127.0.0.1:41029 in 100ms
2022-06-08 04:48:22,666 [NettyClientStreamRpc-workerGroup--thread3] WARN  client.NettyClientStreamRpc (NettyClientStreamRpc.java:scheduleReconnect(199)) - 
org.apache.ratis.thirdparty.io.netty.channel.AbstractChannel$AnnotatedConnectException: Connection refused: localhost/127.0.0.1:41029
Caused by: java.net.ConnectException: Connection refused
	at sun.nio.ch.SocketChannelImpl.checkConnect(Native Method)
	at sun.nio.ch.SocketChannelImpl.finishConnect(SocketChannelImpl.java:716)
	at org.apache.ratis.thirdparty.io.netty.channel.socket.nio.NioSocketChannel.doFinishConnect(NioSocketChannel.java:330)
	at org.apache.ratis.thirdparty.io.netty.channel.nio.AbstractNioChannel$AbstractNioUnsafe.finishConnect(AbstractNioChannel.java:334)
	at org.apache.ratis.thirdparty.io.netty.channel.nio.NioEventLoop.processSelectedKey(NioEventLoop.java:710)
	at org.apache.ratis.thirdparty.io.netty.channel.nio.NioEventLoop.processSelectedKeysOptimized(NioEventLoop.java:658)
	at org.apache.ratis.thirdparty.io.netty.channel.nio.NioEventLoop.processSelectedKeys(NioEventLoop.java:584)
	at org.apache.ratis.thirdparty.io.netty.channel.nio.NioEventLoop.run(NioEventLoop.java:496)
	at org.apache.ratis.thirdparty.io.netty.util.concurrent.SingleThreadEventExecutor$4.run(SingleThreadEventExecutor.java:986)
	at org.apache.ratis.thirdparty.io.netty.util.internal.ThreadExecutorMap$2.run(ThreadExecutorMap.java:74)
	at java.lang.Thread.run(Thread.java:750)
2022-06-08 04:48:22,667 [NettyClientStreamRpc-workerGroup--thread3] WARN  client.NettyClientStreamRpc (NettyClientStreamRpc.java:scheduleReconnect(197)) - Connection-localhost/127.0.0.1:41029: org.apache.ratis.netty.client.NettyClientStreamRpc$Connection$1@538c43cf failed; schedule reconnecting to localhost/127.0.0.1:41029 in 100ms
2022-06-08 04:48:22,667 [NettyClientStreamRpc-workerGroup--thread3] WARN  client.NettyClientStreamRpc (NettyClientStreamRpc.java:scheduleReconnect(199)) - 
org.apache.ratis.thirdparty.io.netty.channel.AbstractChannel$AnnotatedConnectException: Connection refused: localhost/127.0.0.1:41029
Caused by: java.net.ConnectException: Connection refused
	at sun.nio.ch.SocketChannelImpl.checkConnect(Native Method)
	at sun.nio.ch.SocketChannelImpl.finishConnect(SocketChannelImpl.java:716)
	at org.apache.ratis.thirdparty.io.netty.channel.socket.nio.NioSocketChannel.doFinishConnect(NioSocketChannel.java:330)
	at org.apache.ratis.thirdparty.io.netty.channel.nio.AbstractNioChannel$AbstractNioUnsafe.finishConnect(AbstractNioChannel.java:334)
	at org.apache.ratis.thirdparty.io.netty.channel.nio.NioEventLoop.processSelectedKey(NioEventLoop.java:710)
	at org.apache.ratis.thirdparty.io.netty.channel.nio.NioEventLoop.processSelectedKeysOptimized(NioEventLoop.java:658)
	at org.apache.ratis.thirdparty.io.netty.channel.nio.NioEventLoop.processSelectedKeys(NioEventLoop.java:584)
	at org.apache.ratis.thirdparty.io.netty.channel.nio.NioEventLoop.run(NioEventLoop.java:496)
	at org.apache.ratis.thirdparty.io.netty.util.concurrent.SingleThreadEventExecutor$4.run(SingleThreadEventExecutor.java:986)
	at org.apache.ratis.thirdparty.io.netty.util.internal.ThreadExecutorMap$2.run(ThreadExecutorMap.java:74)
	at java.lang.Thread.run(Thread.java:750)
2022-06-08 04:48:22,690 [NettyClientStreamRpc-workerGroup--thread1] WARN  client.NettyClientStreamRpc (NettyClientStreamRpc.java:scheduleReconnect(197)) - Connection-localhost/127.0.0.1:41029: org.apache.ratis.netty.client.NettyClientStreamRpc$Connection$1@66b1f5c failed; schedule reconnecting to localhost/127.0.0.1:41029 in 100ms
2022-06-08 04:48:22,690 [NettyClientStreamRpc-workerGroup--thread1] WARN  client.NettyClientStreamRpc (NettyClientStreamRpc.java:scheduleReconnect(199)) - 
org.apache.ratis.thirdparty.io.netty.channel.AbstractChannel$AnnotatedConnectException: Connection refused: localhost/127.0.0.1:41029
Caused by: java.net.ConnectException: Connection refused
	at sun.nio.ch.SocketChannelImpl.checkConnect(Native Method)
	at sun.nio.ch.SocketChannelImpl.finishConnect(SocketChannelImpl.java:716)
	at org.apache.ratis.thirdparty.io.netty.channel.socket.nio.NioSocketChannel.doFinishConnect(NioSocketChannel.java:330)
	at org.apache.ratis.thirdparty.io.netty.channel.nio.AbstractNioChannel$AbstractNioUnsafe.finishConnect(AbstractNioChannel.java:334)
	at org.apache.ratis.thirdparty.io.netty.channel.nio.NioEventLoop.processSelectedKey(NioEventLoop.java:710)
	at org.apache.ratis.thirdparty.io.netty.channel.nio.NioEventLoop.processSelectedKeysOptimized(NioEventLoop.java:658)
	at org.apache.ratis.thirdparty.io.netty.channel.nio.NioEventLoop.processSelectedKeys(NioEventLoop.java:584)
	at org.apache.ratis.thirdparty.io.netty.channel.nio.NioEventLoop.run(NioEventLoop.java:496)
	at org.apache.ratis.thirdparty.io.netty.util.concurrent.SingleThreadEventExecutor$4.run(SingleThreadEventExecutor.java:986)
	at org.apache.ratis.thirdparty.io.netty.util.internal.ThreadExecutorMap$2.run(ThreadExecutorMap.java:74)
	at java.lang.Thread.run(Thread.java:750)
2022-06-08 04:48:22,700 [org.apache.ratis.util.JvmPauseMonitor$$Lambda$271/850897423@6bff1e48] INFO  util.JvmPauseMonitor (JvmPauseMonitor.java:run(109)) - JvmPauseMonitor-s1: Stopped
2022-06-08 04:48:22,704 [NettyClientStreamRpc-workerGroup--thread1] WARN  client.NettyClientStreamRpc (NettyClientStreamRpc.java:scheduleReconnect(197)) - Connection-localhost/127.0.0.1:39887: channel is inactive; schedule reconnecting to localhost/127.0.0.1:39887 in 100ms
2022-06-08 04:48:22,705 [NettyClientStreamRpc-workerGroup--thread1] WARN  client.NettyClientStreamRpc (NettyClientStreamRpc.java:scheduleReconnect(197)) - Connection-localhost/127.0.0.1:39887: channel is inactive; schedule reconnecting to localhost/127.0.0.1:39887 in 100ms
2022-06-08 04:48:22,705 [NettyClientStreamRpc-workerGroup--thread1] WARN  client.NettyClientStreamRpc (NettyClientStreamRpc.java:scheduleReconnect(197)) - Connection-localhost/127.0.0.1:39887: channel is inactive; schedule reconnecting to localhost/127.0.0.1:39887 in 100ms
2022-06-08 04:48:22,705 [NettyClientStreamRpc-workerGroup--thread1] WARN  client.NettyClientStreamRpc (NettyClientStreamRpc.java:scheduleReconnect(197)) - Connection-localhost/127.0.0.1:39887: channel is inactive; schedule reconnecting to localhost/127.0.0.1:39887 in 100ms
2022-06-08 04:48:22,705 [NettyClientStreamRpc-workerGroup--thread1] WARN  client.NettyClientStreamRpc (NettyClientStreamRpc.java:scheduleReconnect(197)) - Connection-localhost/127.0.0.1:39887: channel is inactive; schedule reconnecting to localhost/127.0.0.1:39887 in 100ms
2022-06-08 04:48:22,706 [NettyClientStreamRpc-workerGroup--thread1] WARN  client.NettyClientStreamRpc (NettyClientStreamRpc.java:scheduleReconnect(197)) - Connection-localhost/127.0.0.1:39887: channel is inactive; schedule reconnecting to localhost/127.0.0.1:39887 in 100ms
2022-06-08 04:48:22,712 [pool-9-thread-4] ERROR impl.OrderedStreamAsync (OrderedStreamAsync.java:lambda$sendRequest$2(132)) - Failed to send request, header=DataStreamRequestHeader:clientId=client-D3F9E867D38C,type=STREAM_DATA,id=407,offset=6417495,length=974541
java.util.concurrent.CompletionException: org.apache.ratis.protocol.exceptions.AlreadyClosedException: NettyClientStreamRpc->s2|rpc:localhost:38605|admin:localhost:35039|client:localhost:44431|dataStream:localhost:41029|priority:0: Failed to send DataStreamRequestByteBuffer:clientId=client-D3F9E867D38C,type=STREAM_DATA,id=407,offset=6417495,length=974541
	at java.util.concurrent.CompletableFuture.encodeThrowable(CompletableFuture.java:292)
	at java.util.concurrent.CompletableFuture.completeThrowable(CompletableFuture.java:308)
	at java.util.concurrent.CompletableFuture.uniApply(CompletableFuture.java:607)
	at java.util.concurrent.CompletableFuture.uniApplyStage(CompletableFuture.java:628)
	at java.util.concurrent.CompletableFuture.thenApply(CompletableFuture.java:1996)
	at org.apache.ratis.client.impl.OrderedStreamAsync.sendRequestToNetwork(OrderedStreamAsync.java:154)
	at org.apache.ratis.client.impl.OrderedStreamAsync.lambda$sendRequest$1(OrderedStreamAsync.java:129)
	at org.apache.ratis.util.SlidingWindow$Client.sendOrDelayRequest(SlidingWindow.java:271)
	at org.apache.ratis.util.SlidingWindow$Client.submitNewRequest(SlidingWindow.java:259)
	at org.apache.ratis.client.impl.OrderedStreamAsync.sendRequest(OrderedStreamAsync.java:129)
	at org.apache.ratis.client.impl.DataStreamClientImpl$DataStreamOutputImpl.send(DataStreamClientImpl.java:116)
	at org.apache.ratis.client.impl.DataStreamClientImpl$DataStreamOutputImpl.writeAsyncImpl(DataStreamClientImpl.java:128)
	at org.apache.ratis.client.impl.DataStreamClientImpl$DataStreamOutputImpl.writeAsync(DataStreamClientImpl.java:139)
	at org.apache.ratis.datastream.DataStreamTestUtils.writeAndAssertReplies(DataStreamTestUtils.java:284)
	at org.apache.ratis.datastream.DataStreamTestUtils.writeAndCloseAndAssertReplies(DataStreamTestUtils.java:312)
	at org.apache.ratis.datastream.DataStreamAsyncClusterTests.lambda$runTestDataStream$5(DataStreamAsyncClusterTests.java:156)
	at java.util.concurrent.CompletableFuture$AsyncSupply.run(CompletableFuture.java:1604)
	at java.util.concurrent.ThreadPoolExecutor.runWorker(ThreadPoolExecutor.java:1149)
	at java.util.concurrent.ThreadPoolExecutor$Worker.run(ThreadPoolExecutor.java:624)
	at java.lang.Thread.run(Thread.java:750)
Caused by: org.apache.ratis.protocol.exceptions.AlreadyClosedException: NettyClientStreamRpc->s2|rpc:localhost:38605|admin:localhost:35039|client:localhost:44431|dataStream:localhost:41029|priority:0: Failed to send DataStreamRequestByteBuffer:clientId=client-D3F9E867D38C,type=STREAM_DATA,id=407,offset=6417495,length=974541
	at org.apache.ratis.netty.client.NettyClientStreamRpc.streamAsync(NettyClientStreamRpc.java:370)
	at org.apache.ratis.client.impl.OrderedStreamAsync.sendRequestToNetwork(OrderedStreamAsync.java:147)
	... 14 more
2022-06-08 04:48:22,715 [org.apache.ratis.util.JvmPauseMonitor$$Lambda$271/850897423@59cded5f] INFO  util.JvmPauseMonitor (JvmPauseMonitor.java:run(109)) - JvmPauseMonitor-s2: Stopped
2022-06-08 04:48:22,723 [NettyClientStreamRpc-workerGroup--thread3] WARN  client.NettyClientStreamRpc (NettyClientStreamRpc.java:scheduleReconnect(197)) - Connection-localhost/127.0.0.1:41029: org.apache.ratis.netty.client.NettyClientStreamRpc$Connection$1@637f3466 failed; schedule reconnecting to localhost/127.0.0.1:41029 in 100ms
2022-06-08 04:48:22,723 [NettyClientStreamRpc-workerGroup--thread3] WARN  client.NettyClientStreamRpc (NettyClientStreamRpc.java:scheduleReconnect(199)) - 
org.apache.ratis.thirdparty.io.netty.channel.AbstractChannel$AnnotatedConnectException: Connection refused: localhost/127.0.0.1:41029
Caused by: java.net.ConnectException: Connection refused
	at sun.nio.ch.SocketChannelImpl.checkConnect(Native Method)
	at sun.nio.ch.SocketChannelImpl.finishConnect(SocketChannelImpl.java:716)
	at org.apache.ratis.thirdparty.io.netty.channel.socket.nio.NioSocketChannel.doFinishConnect(NioSocketChannel.java:330)
	at org.apache.ratis.thirdparty.io.netty.channel.nio.AbstractNioChannel$AbstractNioUnsafe.finishConnect(AbstractNioChannel.java:334)
	at org.apache.ratis.thirdparty.io.netty.channel.nio.NioEventLoop.processSelectedKey(NioEventLoop.java:710)
	at org.apache.ratis.thirdparty.io.netty.channel.nio.NioEventLoop.processSelectedKeysOptimized(NioEventLoop.java:658)
	at org.apache.ratis.thirdparty.io.netty.channel.nio.NioEventLoop.processSelectedKeys(NioEventLoop.java:584)
	at org.apache.ratis.thirdparty.io.netty.channel.nio.NioEventLoop.run(NioEventLoop.java:496)
	at org.apache.ratis.thirdparty.io.netty.util.concurrent.SingleThreadEventExecutor$4.run(SingleThreadEventExecutor.java:986)
	at org.apache.ratis.thirdparty.io.netty.util.internal.ThreadExecutorMap$2.run(ThreadExecutorMap.java:74)
	at java.lang.Thread.run(Thread.java:750)
2022-06-08 04:48:22,729 [org.apache.ratis.util.JvmPauseMonitor$$Lambda$271/850897423@2df13239] INFO  util.JvmPauseMonitor (JvmPauseMonitor.java:run(109)) - JvmPauseMonitor-s0: Stopped
2022-06-08 04:48:22,733 [Time-limited test] INFO  impl.MiniRaftCluster (MiniRaftCluster.java:shutdown(783)) - MiniRaftClusterWithRpcTypeGrpcAndDataStreamTypeNetty shutdown completed
]]></system-out>
    <system-err><![CDATA[Jun 08, 2022 4:47:42 AM org.apache.ratis.thirdparty.io.grpc.internal.SerializingExecutor run
SEVERE: Exception while executing runnable org.apache.ratis.thirdparty.io.grpc.internal.ServerImpl$JumpToApplicationThreadServerStreamListener$1HalfClosed@68dfbfe3
java.lang.IllegalStateException: Entry not found for key 2 in map OrderedStreamObservers
	at org.apache.ratis.util.Preconditions.assertTrue(Preconditions.java:72)
	at org.apache.ratis.util.CollectionUtils.removeExisting(CollectionUtils.java:120)
	at org.apache.ratis.grpc.server.GrpcClientProtocolService$OrderedStreamObservers.removeExisting(GrpcClientProtocolService.java:115)
	at org.apache.ratis.grpc.server.GrpcClientProtocolService$OrderedRequestStreamObserver.cleanup(GrpcClientProtocolService.java:395)
	at org.apache.ratis.grpc.server.GrpcClientProtocolService$OrderedRequestStreamObserver.close(GrpcClientProtocolService.java:389)
	at org.apache.ratis.grpc.server.GrpcClientProtocolService$OrderedRequestStreamObserver.onCompleted(GrpcClientProtocolService.java:379)
	at org.apache.ratis.thirdparty.io.grpc.stub.ServerCalls$StreamingServerCallHandler$StreamingServerCallListener.onHalfClose(ServerCalls.java:273)
	at org.apache.ratis.thirdparty.io.grpc.PartialForwardingServerCallListener.onHalfClose(PartialForwardingServerCallListener.java:35)
	at org.apache.ratis.thirdparty.io.grpc.ForwardingServerCallListener.onHalfClose(ForwardingServerCallListener.java:23)
	at org.apache.ratis.thirdparty.io.grpc.internal.ServerCallImpl$ServerStreamListenerImpl.halfClosed(ServerCallImpl.java:340)
	at org.apache.ratis.thirdparty.io.grpc.internal.ServerImpl$JumpToApplicationThreadServerStreamListener$1HalfClosed.runInContext(ServerImpl.java:866)
	at org.apache.ratis.thirdparty.io.grpc.internal.ContextRunnable.run(ContextRunnable.java:37)
	at org.apache.ratis.thirdparty.io.grpc.internal.SerializingExecutor.run(SerializingExecutor.java:133)
	at java.util.concurrent.ThreadPoolExecutor.runWorker(ThreadPoolExecutor.java:1149)
	at java.util.concurrent.ThreadPoolExecutor$Worker.run(ThreadPoolExecutor.java:624)
	at java.lang.Thread.run(Thread.java:750)

]]></system-err>
  </testcase>
  <testcase name="testStreamWrites" classname="org.apache.ratis.datastream.TestNettyDataStreamChainTopologyWithGrpcCluster" time="6.648"/>
</testsuite>