<?xml version="1.0" encoding="UTF-8"?>
<testsuite xmlns:xsi="http://www.w3.org/2001/XMLSchema-instance" xsi:noNamespaceSchemaLocation="https://maven.apache.org/surefire/maven-surefire-plugin/xsd/surefire-test-report-3.0.xsd" version="3.0" name="org.apache.ratis.grpc.TestLeaderInstallSnapshotWithGrpc" time="20.423" tests="6" errors="4" skipped="0" failures="0">
  <properties>
    <property name="awt.toolkit" value="sun.awt.X11.XToolkit"/>
    <property name="file.encoding.pkg" value="sun.io"/>
    <property name="java.specification.version" value="1.8"/>
    <property name="sun.cpu.isalist" value=""/>
    <property name="sun.jnu.encoding" value="UTF-8"/>
    <property name="java.class.path" value="/home/runner/work/ratis/ratis/ratis-test/target/test-classes:/home/runner/work/ratis/ratis/ratis-test/target/classes:/home/runner/work/ratis/ratis/ratis-common/target/classes:/home/runner/.m2/repository/org/apache/ratis/ratis-thirdparty-misc/1.0.6/ratis-thirdparty-misc-1.0.6.jar:/home/runner/work/ratis/ratis/ratis-proto/target/classes:/home/runner/work/ratis/ratis/ratis-common/target/test-classes:/home/runner/work/ratis/ratis/ratis-client/target/classes:/home/runner/work/ratis/ratis/ratis-server/target/classes:/home/runner/work/ratis/ratis/ratis-server-api/target/classes:/home/runner/work/ratis/ratis/ratis-metrics-api/target/classes:/home/runner/work/ratis/ratis/ratis-server/target/test-classes:/home/runner/work/ratis/ratis/ratis-metrics-default/target/classes:/home/runner/work/ratis/ratis/ratis-netty/target/classes:/home/runner/work/ratis/ratis/ratis-netty/target/test-classes:/home/runner/work/ratis/ratis/ratis-grpc/target/classes:/home/runner/work/ratis/ratis/ratis-grpc/target/test-classes:/home/runner/work/ratis/ratis/ratis-shell/target/classes:/home/runner/.m2/repository/commons-cli/commons-cli/1.5.0/commons-cli-1.5.0.jar:/home/runner/.m2/repository/org/reflections/reflections/0.10.2/reflections-0.10.2.jar:/home/runner/.m2/repository/org/javassist/javassist/3.28.0-GA/javassist-3.28.0-GA.jar:/home/runner/.m2/repository/com/google/code/findbugs/jsr305/3.0.2/jsr305-3.0.2.jar:/home/runner/.m2/repository/org/bouncycastle/bcprov-jdk18on/1.78.1/bcprov-jdk18on-1.78.1.jar:/home/runner/.m2/repository/org/bouncycastle/bcpkix-jdk18on/1.78.1/bcpkix-jdk18on-1.78.1.jar:/home/runner/.m2/repository/org/bouncycastle/bcutil-jdk18on/1.78.1/bcutil-jdk18on-1.78.1.jar:/home/runner/.m2/repository/org/slf4j/slf4j-api/2.0.7/slf4j-api-2.0.7.jar:/home/runner/.m2/repository/org/slf4j/slf4j-reload4j/2.0.7/slf4j-reload4j-2.0.7.jar:/home/runner/.m2/repository/ch/qos/reload4j/reload4j/1.2.22/reload4j-1.2.22.jar:/home/runner/.m2/repository/junit/junit/4.13.2/junit-4.13.2.jar:/home/runner/.m2/repository/org/hamcrest/hamcrest-core/1.3/hamcrest-core-1.3.jar:/home/runner/.m2/repository/org/junit/jupiter/junit-jupiter-engine/5.10.1/junit-jupiter-engine-5.10.1.jar:/home/runner/.m2/repository/org/junit/platform/junit-platform-engine/1.10.1/junit-platform-engine-1.10.1.jar:/home/runner/.m2/repository/org/apiguardian/apiguardian-api/1.1.2/apiguardian-api-1.1.2.jar:/home/runner/.m2/repository/org/junit/jupiter/junit-jupiter-api/5.10.1/junit-jupiter-api-5.10.1.jar:/home/runner/.m2/repository/org/opentest4j/opentest4j/1.3.0/opentest4j-1.3.0.jar:/home/runner/.m2/repository/org/junit/platform/junit-platform-commons/1.10.1/junit-platform-commons-1.10.1.jar:/home/runner/.m2/repository/org/junit/jupiter/junit-jupiter-params/5.10.1/junit-jupiter-params-5.10.1.jar:/home/runner/.m2/repository/org/mockito/mockito-core/4.3.1/mockito-core-4.3.1.jar:/home/runner/.m2/repository/net/bytebuddy/byte-buddy/1.12.7/byte-buddy-1.12.7.jar:/home/runner/.m2/repository/net/bytebuddy/byte-buddy-agent/1.12.7/byte-buddy-agent-1.12.7.jar:/home/runner/.m2/repository/org/objenesis/objenesis/3.2/objenesis-3.2.jar:"/>
    <property name="java.vm.vendor" value="Temurin"/>
    <property name="sun.arch.data.model" value="64"/>
    <property name="java.vendor.url" value="https://adoptium.net/"/>
    <property name="user.timezone" value="Etc/UTC"/>
    <property name="java.vm.specification.version" value="1.8"/>
    <property name="os.name" value="Linux"/>
    <property name="sun.java.launcher" value="SUN_STANDARD"/>
    <property name="sun.boot.library.path" value="/usr/lib/jvm/temurin-8-jdk-amd64/jre/lib/amd64"/>
    <property name="sun.java.command" value="/home/runner/work/ratis/ratis/ratis-test/target/surefire/surefirebooter8967159279214169069.jar /home/runner/work/ratis/ratis/ratis-test/target/surefire 2024-09-29T22-48-09_330-jvmRun1 surefire7392963638894676744tmp surefire_73248503374689402058tmp"/>
    <property name="surefire.test.class.path" value="/home/runner/work/ratis/ratis/ratis-test/target/test-classes:/home/runner/work/ratis/ratis/ratis-test/target/classes:/home/runner/work/ratis/ratis/ratis-common/target/classes:/home/runner/.m2/repository/org/apache/ratis/ratis-thirdparty-misc/1.0.6/ratis-thirdparty-misc-1.0.6.jar:/home/runner/work/ratis/ratis/ratis-proto/target/classes:/home/runner/work/ratis/ratis/ratis-common/target/test-classes:/home/runner/work/ratis/ratis/ratis-client/target/classes:/home/runner/work/ratis/ratis/ratis-server/target/classes:/home/runner/work/ratis/ratis/ratis-server-api/target/classes:/home/runner/work/ratis/ratis/ratis-metrics-api/target/classes:/home/runner/work/ratis/ratis/ratis-server/target/test-classes:/home/runner/work/ratis/ratis/ratis-metrics-default/target/classes:/home/runner/work/ratis/ratis/ratis-netty/target/classes:/home/runner/work/ratis/ratis/ratis-netty/target/test-classes:/home/runner/work/ratis/ratis/ratis-grpc/target/classes:/home/runner/work/ratis/ratis/ratis-grpc/target/test-classes:/home/runner/work/ratis/ratis/ratis-shell/target/classes:/home/runner/.m2/repository/commons-cli/commons-cli/1.5.0/commons-cli-1.5.0.jar:/home/runner/.m2/repository/org/reflections/reflections/0.10.2/reflections-0.10.2.jar:/home/runner/.m2/repository/org/javassist/javassist/3.28.0-GA/javassist-3.28.0-GA.jar:/home/runner/.m2/repository/com/google/code/findbugs/jsr305/3.0.2/jsr305-3.0.2.jar:/home/runner/.m2/repository/org/bouncycastle/bcprov-jdk18on/1.78.1/bcprov-jdk18on-1.78.1.jar:/home/runner/.m2/repository/org/bouncycastle/bcpkix-jdk18on/1.78.1/bcpkix-jdk18on-1.78.1.jar:/home/runner/.m2/repository/org/bouncycastle/bcutil-jdk18on/1.78.1/bcutil-jdk18on-1.78.1.jar:/home/runner/.m2/repository/org/slf4j/slf4j-api/2.0.7/slf4j-api-2.0.7.jar:/home/runner/.m2/repository/org/slf4j/slf4j-reload4j/2.0.7/slf4j-reload4j-2.0.7.jar:/home/runner/.m2/repository/ch/qos/reload4j/reload4j/1.2.22/reload4j-1.2.22.jar:/home/runner/.m2/repository/junit/junit/4.13.2/junit-4.13.2.jar:/home/runner/.m2/repository/org/hamcrest/hamcrest-core/1.3/hamcrest-core-1.3.jar:/home/runner/.m2/repository/org/junit/jupiter/junit-jupiter-engine/5.10.1/junit-jupiter-engine-5.10.1.jar:/home/runner/.m2/repository/org/junit/platform/junit-platform-engine/1.10.1/junit-platform-engine-1.10.1.jar:/home/runner/.m2/repository/org/apiguardian/apiguardian-api/1.1.2/apiguardian-api-1.1.2.jar:/home/runner/.m2/repository/org/junit/jupiter/junit-jupiter-api/5.10.1/junit-jupiter-api-5.10.1.jar:/home/runner/.m2/repository/org/opentest4j/opentest4j/1.3.0/opentest4j-1.3.0.jar:/home/runner/.m2/repository/org/junit/platform/junit-platform-commons/1.10.1/junit-platform-commons-1.10.1.jar:/home/runner/.m2/repository/org/junit/jupiter/junit-jupiter-params/5.10.1/junit-jupiter-params-5.10.1.jar:/home/runner/.m2/repository/org/mockito/mockito-core/4.3.1/mockito-core-4.3.1.jar:/home/runner/.m2/repository/net/bytebuddy/byte-buddy/1.12.7/byte-buddy-1.12.7.jar:/home/runner/.m2/repository/net/bytebuddy/byte-buddy-agent/1.12.7/byte-buddy-agent-1.12.7.jar:/home/runner/.m2/repository/org/objenesis/objenesis/3.2/objenesis-3.2.jar:"/>
    <property name="sun.cpu.endian" value="little"/>
    <property name="user.home" value="/home/runner"/>
    <property name="user.language" value="en"/>
    <property name="java.specification.vendor" value="Oracle Corporation"/>
    <property name="java.home" value="/usr/lib/jvm/temurin-8-jdk-amd64/jre"/>
    <property name="basedir" value="/home/runner/work/ratis/ratis/ratis-test"/>
    <property name="file.separator" value="/"/>
    <property name="line.separator" value="&#10;"/>
    <property name="java.vm.specification.vendor" value="Oracle Corporation"/>
    <property name="java.specification.name" value="Java Platform API Specification"/>
    <property name="java.awt.graphicsenv" value="sun.awt.X11GraphicsEnvironment"/>
    <property name="surefire.real.class.path" value="/home/runner/work/ratis/ratis/ratis-test/target/surefire/surefirebooter8967159279214169069.jar:/home/runner/.m2/repository/org/jacoco/org.jacoco.agent/0.8.11/org.jacoco.agent-0.8.11-runtime.jar"/>
    <property name="sun.boot.class.path" value="/usr/lib/jvm/temurin-8-jdk-amd64/jre/lib/resources.jar:/usr/lib/jvm/temurin-8-jdk-amd64/jre/lib/rt.jar:/usr/lib/jvm/temurin-8-jdk-amd64/jre/lib/sunrsasign.jar:/usr/lib/jvm/temurin-8-jdk-amd64/jre/lib/jsse.jar:/usr/lib/jvm/temurin-8-jdk-amd64/jre/lib/jce.jar:/usr/lib/jvm/temurin-8-jdk-amd64/jre/lib/charsets.jar:/usr/lib/jvm/temurin-8-jdk-amd64/jre/lib/jfr.jar:/usr/lib/jvm/temurin-8-jdk-amd64/jre/classes"/>
    <property name="sun.management.compiler" value="HotSpot 64-Bit Tiered Compilers"/>
    <property name="java.runtime.version" value="1.8.0_422-b05"/>
    <property name="java.net.preferIPv4Stack" value="true"/>
    <property name="user.name" value="runner"/>
    <property name="path.separator" value=":"/>
    <property name="os.version" value="5.15.0-1073-azure"/>
    <property name="java.endorsed.dirs" value="/usr/lib/jvm/temurin-8-jdk-amd64/jre/lib/endorsed"/>
    <property name="java.runtime.name" value="OpenJDK Runtime Environment"/>
    <property name="file.encoding" value="UTF-8"/>
    <property name="java.vm.name" value="OpenJDK 64-Bit Server VM"/>
    <property name="localRepository" value="/home/runner/.m2/repository"/>
    <property name="java.vendor.url.bug" value="https://github.com/adoptium/adoptium-support/issues"/>
    <property name="java.io.tmpdir" value="/tmp"/>
    <property name="java.version" value="1.8.0_422"/>
    <property name="user.dir" value="/home/runner/work/ratis/ratis/ratis-test"/>
    <property name="os.arch" value="amd64"/>
    <property name="ratis.tmp.dir" value="/home/runner/work/ratis/ratis/ratis-test/target/tmp"/>
    <property name="java.vm.specification.name" value="Java Virtual Machine Specification"/>
    <property name="java.awt.printerjob" value="sun.print.PSPrinterJob"/>
    <property name="ratis.log.dir" value="/home/runner/work/ratis/ratis/ratis-test/target/log"/>
    <property name="sun.os.patch.level" value="unknown"/>
    <property name="org.apache.ratis.thirdparty.io.netty.allocator.useCacheForAllThreads" value="false"/>
    <property name="java.library.path" value="/usr/java/packages/lib/amd64:/usr/lib64:/lib64:/lib:/usr/lib"/>
    <property name="java.vm.info" value="mixed mode"/>
    <property name="java.vendor" value="Temurin"/>
    <property name="java.vm.version" value="25.422-b05"/>
    <property name="java.specification.maintenance.version" value="5"/>
    <property name="java.ext.dirs" value="/usr/lib/jvm/temurin-8-jdk-amd64/jre/lib/ext:/usr/java/packages/lib/ext"/>
    <property name="sun.io.unicode.encoding" value="UnicodeLittle"/>
    <property name="java.class.version" value="52.0"/>
  </properties>
  <testcase name="testMultiFileInstallSnapshot(Boolean)[1]" classname="org.apache.ratis.grpc.TestLeaderInstallSnapshotWithGrpc" time="4.605"/>
  <testcase name="testMultiFileInstallSnapshot(Boolean)[2]" classname="org.apache.ratis.grpc.TestLeaderInstallSnapshotWithGrpc" time="2.412"/>
  <testcase name="testInstallSnapshotLeaderSwitch(Boolean)[1]" classname="org.apache.ratis.grpc.TestLeaderInstallSnapshotWithGrpc" time="3.723">
    <error type="java.lang.IllegalStateException"><![CDATA[java.lang.IllegalStateException: allLeaks.size = 257
	at org.apache.ratis.util.Preconditions.assertTrue(Preconditions.java:77)
	at org.apache.ratis.util.LeakDetector.assertNoLeaks(LeakDetector.java:107)
	at org.apache.ratis.server.impl.MiniRaftCluster.shutdown(MiniRaftCluster.java:869)
	at org.apache.ratis.grpc.MiniRaftClusterWithGrpc.shutdown(MiniRaftClusterWithGrpc.java:96)
	at org.apache.ratis.server.impl.MiniRaftCluster$Factory$Get.runWithNewCluster(MiniRaftCluster.java:149)
	at org.apache.ratis.server.impl.MiniRaftCluster$Factory$Get.runWithNewCluster(MiniRaftCluster.java:121)
	at org.apache.ratis.InstallSnapshotFromLeaderTests.testInstallSnapshotLeaderSwitch(InstallSnapshotFromLeaderTests.java:96)
	at org.apache.ratis.grpc.TestLeaderInstallSnapshotWithGrpc.testInstallSnapshotLeaderSwitch(TestLeaderInstallSnapshotWithGrpc.java:53)
	at java.lang.reflect.Method.invoke(Method.java:498)
	at java.util.stream.ForEachOps$ForEachOp$OfRef.accept(ForEachOps.java:183)
	at java.util.stream.ReferencePipeline$3$1.accept(ReferencePipeline.java:193)
	at java.util.stream.ReferencePipeline$2$1.accept(ReferencePipeline.java:175)
	at java.util.stream.ReferencePipeline$3$1.accept(ReferencePipeline.java:193)
	at java.util.stream.ForEachOps$ForEachOp$OfRef.accept(ForEachOps.java:183)
	at java.util.stream.ReferencePipeline$3$1.accept(ReferencePipeline.java:193)
	at java.util.stream.ReferencePipeline$3$1.accept(ReferencePipeline.java:193)
	at java.util.stream.ReferencePipeline$3$1.accept(ReferencePipeline.java:193)
	at java.util.stream.ForEachOps$ForEachOp$OfRef.accept(ForEachOps.java:183)
	at java.util.stream.ReferencePipeline$3$1.accept(ReferencePipeline.java:193)
	at java.util.Spliterators$ArraySpliterator.forEachRemaining(Spliterators.java:948)
	at java.util.stream.ReferencePipeline$Head.forEach(ReferencePipeline.java:647)
	at java.util.stream.ReferencePipeline$7$1.accept(ReferencePipeline.java:272)
	at java.util.stream.ReferencePipeline$3$1.accept(ReferencePipeline.java:193)
	at java.util.stream.ReferencePipeline$3$1.accept(ReferencePipeline.java:193)
	at java.util.stream.ReferencePipeline$3$1.accept(ReferencePipeline.java:193)
	at java.util.Spliterators$ArraySpliterator.forEachRemaining(Spliterators.java:948)
	at java.util.stream.AbstractPipeline.copyInto(AbstractPipeline.java:482)
	at java.util.stream.AbstractPipeline.wrapAndCopyInto(AbstractPipeline.java:472)
	at java.util.stream.ForEachOps$ForEachOp.evaluateSequential(ForEachOps.java:150)
	at java.util.stream.ForEachOps$ForEachOp$OfRef.evaluateSequential(ForEachOps.java:173)
	at java.util.stream.AbstractPipeline.evaluate(AbstractPipeline.java:234)
	at java.util.stream.ReferencePipeline.forEach(ReferencePipeline.java:485)
	at java.util.stream.ReferencePipeline$7$1.accept(ReferencePipeline.java:272)
	at java.util.stream.ReferencePipeline$3$1.accept(ReferencePipeline.java:193)
	at java.util.stream.ReferencePipeline$3$1.accept(ReferencePipeline.java:193)
	at java.util.stream.ReferencePipeline$3$1.accept(ReferencePipeline.java:193)
	at java.util.ArrayList$ArrayListSpliterator.forEachRemaining(ArrayList.java:1384)
	at java.util.stream.AbstractPipeline.copyInto(AbstractPipeline.java:482)
	at java.util.stream.AbstractPipeline.wrapAndCopyInto(AbstractPipeline.java:472)
	at java.util.stream.ForEachOps$ForEachOp.evaluateSequential(ForEachOps.java:150)
	at java.util.stream.ForEachOps$ForEachOp$OfRef.evaluateSequential(ForEachOps.java:173)
	at java.util.stream.AbstractPipeline.evaluate(AbstractPipeline.java:234)
	at java.util.stream.ReferencePipeline.forEach(ReferencePipeline.java:485)
	at java.util.stream.ReferencePipeline$7$1.accept(ReferencePipeline.java:272)
	at java.util.ArrayList$ArrayListSpliterator.forEachRemaining(ArrayList.java:1384)
	at java.util.stream.AbstractPipeline.copyInto(AbstractPipeline.java:482)
	at java.util.stream.AbstractPipeline.wrapAndCopyInto(AbstractPipeline.java:472)
	at java.util.stream.ForEachOps$ForEachOp.evaluateSequential(ForEachOps.java:150)
	at java.util.stream.ForEachOps$ForEachOp$OfRef.evaluateSequential(ForEachOps.java:173)
	at java.util.stream.AbstractPipeline.evaluate(AbstractPipeline.java:234)
	at java.util.stream.ReferencePipeline.forEach(ReferencePipeline.java:485)
	at java.util.ArrayList.forEach(ArrayList.java:1259)
	at java.util.ArrayList.forEach(ArrayList.java:1259)
]]></error>
    <system-out><![CDATA[2024-09-29 22:57:59,430 [main] INFO  util.LogUtils (Slf4jUtils.java:setLogLevel(38)) - Successfully set org.apache.ratis.conf.ConfUtils log level to WARN
2024-09-29 22:57:59,431 [main] INFO  util.LogUtils (Slf4jUtils.java:setLogLevel(38)) - Successfully set org.apache.ratis.util.FileUtils log level to TRACE
2024-09-29 22:57:59,432 [main] INFO  impl.MiniRaftCluster (MiniRaftCluster.java:runWithNewCluster(137)) - Running runWithNewCluster
2024-09-29 22:57:59,433 [main] INFO  impl.MiniRaftCluster (MiniRaftCluster.java:<init>(309)) - new MiniRaftClusterWithGrpc with group-64B60AA06307:[s0|localhost:15012, s1|localhost:15016, s2|localhost:15020]
2024-09-29 22:57:59,433 [main] INFO  impl.MiniRaftCluster (MiniRaftCluster.java:start(342)) - .............................................................. 
2024-09-29 22:57:59,433 [main] INFO  impl.MiniRaftCluster (MiniRaftCluster.java:start(343)) - ... 
2024-09-29 22:57:59,433 [main] INFO  impl.MiniRaftCluster (MiniRaftCluster.java:start(344)) - ...     Starting MiniRaftClusterWithGrpc
2024-09-29 22:57:59,434 [main] INFO  impl.MiniRaftCluster (MiniRaftCluster.java:start(345)) - ... 
2024-09-29 22:57:59,434 [main] INFO  impl.MiniRaftCluster (MiniRaftCluster.java:start(346)) - .............................................................. 
2024-09-29 22:57:59,434 [main] INFO  impl.MiniRaftCluster (MiniRaftCluster.java:initServers(321)) - servers = {}
2024-09-29 22:57:59,434 [main] INFO  impl.MiniRaftCluster (MiniRaftCluster.java:newRaftServer(386)) - newRaftServer: s0, group-64B60AA06307:[s0|localhost:15012, s1|localhost:15016, s2|localhost:15020], format? true
2024-09-29 22:57:59,434 [main] TRACE util.FileUtils (FileUtils.java:deleteFully(305)) - deleteFully target/test/data/f7ba0e94/MiniRaftClusterWithGrpcf830cfe0/s0
2024-09-29 22:57:59,434 [main] TRACE util.FileUtils (FileUtils.java:deleteFully(318)) - deleteFully: target/test/data/f7ba0e94/MiniRaftClusterWithGrpcf830cfe0/s0 does not exist.
2024-09-29 22:57:59,434 [main] INFO  impl.MiniRaftCluster (MiniRaftCluster.java:newRaftServer(391)) - Formatted directory target/test/data/f7ba0e94/MiniRaftClusterWithGrpcf830cfe0/s0
2024-09-29 22:57:59,435 [main] INFO  server.RaftServer (ConfUtils.java:logGet(46)) - raft.rpc.type = GRPC (default)
2024-09-29 22:57:59,436 [main] INFO  grpc.GrpcConfigKeys (ConfUtils.java:logFallback(53)) - raft.grpc.admin.host = null (fallback to raft.grpc.server.host)
2024-09-29 22:57:59,436 [main] INFO  grpc.GrpcConfigKeys (ConfUtils.java:logGet(46)) - raft.grpc.admin.port = 15013 (custom)
2024-09-29 22:57:59,436 [main] INFO  grpc.GrpcConfigKeys (ConfUtils.java:logFallback(53)) - raft.grpc.client.host = null (fallback to raft.grpc.server.host)
2024-09-29 22:57:59,436 [main] INFO  grpc.GrpcConfigKeys (ConfUtils.java:logGet(46)) - raft.grpc.client.port = 15014 (custom)
2024-09-29 22:57:59,436 [main] INFO  grpc.GrpcConfigKeys (ConfUtils.java:logGet(46)) - raft.grpc.server.host = null (default)
2024-09-29 22:57:59,437 [main] INFO  grpc.GrpcConfigKeys (ConfUtils.java:logGet(46)) - raft.grpc.server.port = 15012 (custom)
2024-09-29 22:57:59,437 [main] INFO  server.GrpcService (ConfUtils.java:logGet(46)) - raft.grpc.message.size.max = 64MB (=67108864) (default)
2024-09-29 22:57:59,437 [main] INFO  server.GrpcService (ConfUtils.java:logGet(46)) - raft.grpc.flow.control.window = 1MB (=1048576) (default)
2024-09-29 22:57:59,437 [main] INFO  server.RaftServerConfigKeys (ConfUtils.java:logGet(46)) - raft.server.rpc.request.timeout = 3000ms (default)
2024-09-29 22:57:59,437 [main] INFO  grpc.GrpcConfigKeys (ConfUtils.java:logGet(46)) - raft.grpc.server.heartbeat.channel = false (custom)
2024-09-29 22:57:59,438 [main] INFO  grpc.GrpcConfigKeys (ConfUtils.java:logGet(46)) - raft.grpc.server.zerocopy.enabled = true (custom)
2024-09-29 22:57:59,438 [main] INFO  server.RaftServerConfigKeys (ConfUtils.java:logGet(46)) - raft.server.log.appender.buffer.byte-limit = 4MB (=4194304) (default)
2024-09-29 22:57:59,438 [main] INFO  grpc.GrpcConfigKeys (ConfUtils.java:logGet(46)) - raft.grpc.server.async.request.thread.pool.cached = true (default)
2024-09-29 22:57:59,438 [main] INFO  grpc.GrpcConfigKeys (ConfUtils.java:logGet(46)) - raft.grpc.server.async.request.thread.pool.size = 32 (default)
2024-09-29 22:57:59,440 [main] INFO  impl.DataStreamServerImpl (ConfUtils.java:logGet(46)) - raft.datastream.type = DISABLED (default)
2024-09-29 22:57:59,440 [main] INFO  server.RaftServerConfigKeys (ConfUtils.java:logGet(46)) - raft.server.sleep.deviation.threshold = 300ms (default)
2024-09-29 22:57:59,441 [main] INFO  server.RaftServerConfigKeys (ConfUtils.java:logGet(46)) - raft.server.close.threshold = 60s (default)
2024-09-29 22:57:59,441 [main] INFO  server.RaftServerConfigKeys (ConfUtils.java:logGet(46)) - raft.server.leaderelection.leader.step-down.wait-time = 10s (default)
2024-09-29 22:57:59,441 [main] INFO  server.RaftServerConfigKeys (ConfUtils.java:logGet(46)) - raft.server.storage.dir = [/home/runner/work/ratis/ratis/ratis-test/target/test/data/f7ba0e94/MiniRaftClusterWithGrpcf830cfe0/s0] (custom)
2024-09-29 22:57:59,441 [main] INFO  server.RaftServerConfigKeys (ConfUtils.java:logGet(46)) - raft.server.threadpool.proxy.cached = true (default)
2024-09-29 22:57:59,441 [main] INFO  server.RaftServerConfigKeys (ConfUtils.java:logGet(46)) - raft.server.threadpool.proxy.size = 0 (default)
2024-09-29 22:57:59,442 [main] INFO  server.RaftServer (RaftServerProxy.java:addNew(101)) - s0: addNew group-64B60AA06307:[s0|localhost:15012, s1|localhost:15016, s2|localhost:15020] returns group-64B60AA06307:java.util.concurrent.CompletableFuture@3ba8fbc8[Not completed]
2024-09-29 22:57:59,442 [s0-groupManagement] INFO  server.RaftServerConfigKeys (ConfUtils.java:logGet(46)) - raft.server.log.segment.size.max = 32MB (=33554432) (default)
2024-09-29 22:57:59,442 [s0-groupManagement] INFO  server.RaftServerConfigKeys (ConfUtils.java:logGet(46)) - raft.server.log.preallocated.size = 4MB (=4194304) (default)
2024-09-29 22:57:59,442 [main] INFO  impl.MiniRaftCluster (MiniRaftCluster.java:newRaftServer(386)) - newRaftServer: s1, group-64B60AA06307:[s0|localhost:15012, s1|localhost:15016, s2|localhost:15020], format? true
2024-09-29 22:57:59,442 [main] TRACE util.FileUtils (FileUtils.java:deleteFully(305)) - deleteFully target/test/data/f7ba0e94/MiniRaftClusterWithGrpcf830cfe0/s1
2024-09-29 22:57:59,442 [s0-groupManagement] INFO  server.RaftServerConfigKeys (ConfUtils.java:logGet(46)) - raft.server.log.write.buffer.size = 8MB (=8388608) (default)
2024-09-29 22:57:59,442 [main] TRACE util.FileUtils (FileUtils.java:deleteFully(318)) - deleteFully: target/test/data/f7ba0e94/MiniRaftClusterWithGrpcf830cfe0/s1 does not exist.
2024-09-29 22:57:59,443 [main] INFO  impl.MiniRaftCluster (MiniRaftCluster.java:newRaftServer(391)) - Formatted directory target/test/data/f7ba0e94/MiniRaftClusterWithGrpcf830cfe0/s1
2024-09-29 22:57:59,443 [s0-groupManagement] INFO  server.RaftServer$Division (RaftServerImpl.java:<init>(255)) - s0: new RaftServerImpl for group-64B60AA06307:[s0|localhost:15012, s1|localhost:15016, s2|localhost:15020] with StateMachineWithSeparatedSnapshotPath:uninitialized
2024-09-29 22:57:59,443 [s0-groupManagement] INFO  server.RaftServerConfigKeys (ConfUtils.java:logGet(46)) - raft.server.rpc.timeout.min = 150ms (default)
2024-09-29 22:57:59,443 [s0-groupManagement] INFO  server.RaftServerConfigKeys (ConfUtils.java:logGet(46)) - raft.server.rpc.timeout.max = 300ms (default)
2024-09-29 22:57:59,443 [s0-groupManagement] INFO  server.RaftServerConfigKeys (ConfUtils.java:logGet(46)) - raft.server.rpc.sleep.time = 25ms (default)
2024-09-29 22:57:59,443 [main] INFO  server.RaftServer (ConfUtils.java:logGet(46)) - raft.rpc.type = GRPC (default)
2024-09-29 22:57:59,443 [s0-groupManagement] INFO  server.RaftServerConfigKeys (ConfUtils.java:logGet(46)) - raft.server.rpc.slowness.timeout = 60s (default)
2024-09-29 22:57:59,443 [main] INFO  grpc.GrpcConfigKeys (ConfUtils.java:logFallback(53)) - raft.grpc.admin.host = null (fallback to raft.grpc.server.host)
2024-09-29 22:57:59,443 [s0-groupManagement] INFO  server.RaftServerConfigKeys (ConfUtils.java:logGet(46)) - raft.server.leaderelection.leader.step-down.wait-time = 10s (default)
2024-09-29 22:57:59,443 [main] INFO  grpc.GrpcConfigKeys (ConfUtils.java:logGet(46)) - raft.grpc.admin.port = 15017 (custom)
2024-09-29 22:57:59,443 [s0-groupManagement] INFO  server.RaftServerConfigKeys (ConfUtils.java:logGet(46)) - raft.server.leaderelection.member.majority-add = true (custom)
2024-09-29 22:57:59,444 [main] INFO  grpc.GrpcConfigKeys (ConfUtils.java:logFallback(53)) - raft.grpc.client.host = null (fallback to raft.grpc.server.host)
2024-09-29 22:57:59,444 [s0-groupManagement] INFO  server.RaftServerConfigKeys (ConfUtils.java:logGet(46)) - raft.server.sleep.deviation.threshold = 300ms (default)
2024-09-29 22:57:59,444 [main] INFO  grpc.GrpcConfigKeys (ConfUtils.java:logGet(46)) - raft.grpc.client.port = 15018 (custom)
2024-09-29 22:57:59,444 [s0-groupManagement] INFO  server.RaftServer$Division (ServerState.java:<init>(114)) - s0@group-64B60AA06307: ConfigurationManager, init=conf: {index: -1, cur=peers:[s0|localhost:15012, s1|localhost:15016, s2|localhost:15020]|listeners:[], old=null}, confs=<EMPTY_MAP>
2024-09-29 22:57:59,444 [main] INFO  grpc.GrpcConfigKeys (ConfUtils.java:logGet(46)) - raft.grpc.server.host = null (default)
2024-09-29 22:57:59,444 [s0-groupManagement] INFO  server.RaftServerConfigKeys (ConfUtils.java:logGet(46)) - raft.server.notification.no-leader.timeout = 60s (default)
2024-09-29 22:57:59,444 [main] INFO  grpc.GrpcConfigKeys (ConfUtils.java:logGet(46)) - raft.grpc.server.port = 15016 (custom)
2024-09-29 22:57:59,444 [s0-groupManagement] INFO  server.RaftServerConfigKeys (ConfUtils.java:logGet(46)) - raft.server.read.timeout = 10s (default)
2024-09-29 22:57:59,445 [main] INFO  server.GrpcService (ConfUtils.java:logGet(46)) - raft.grpc.message.size.max = 64MB (=67108864) (default)
2024-09-29 22:57:59,445 [s0-groupManagement] INFO  server.RaftServerConfigKeys (ConfUtils.java:logGet(46)) - raft.server.retrycache.expirytime = 60s (default)
2024-09-29 22:57:59,445 [main] INFO  server.GrpcService (ConfUtils.java:logGet(46)) - raft.grpc.flow.control.window = 1MB (=1048576) (default)
2024-09-29 22:57:59,445 [s0-groupManagement] INFO  server.RaftServerConfigKeys (ConfUtils.java:logGet(46)) - raft.server.retrycache.statistics.expirytime = 100ms (default)
2024-09-29 22:57:59,445 [main] INFO  server.RaftServerConfigKeys (ConfUtils.java:logGet(46)) - raft.server.rpc.request.timeout = 3000ms (default)
2024-09-29 22:57:59,445 [s0-groupManagement] INFO  server.RaftServerConfigKeys (ConfUtils.java:logGet(46)) - raft.server.read.option = DEFAULT (default)
2024-09-29 22:57:59,445 [main] INFO  grpc.GrpcConfigKeys (ConfUtils.java:logGet(46)) - raft.grpc.server.heartbeat.channel = false (custom)
2024-09-29 22:57:59,445 [s0-groupManagement] INFO  server.RaftServerConfigKeys (ConfUtils.java:logGet(46)) - raft.server.read.read-after-write-consistent.write-index-cache.expiry-time = 60s (default)
2024-09-29 22:57:59,445 [main] INFO  grpc.GrpcConfigKeys (ConfUtils.java:logGet(46)) - raft.grpc.server.zerocopy.enabled = true (custom)
2024-09-29 22:57:59,446 [main] INFO  server.RaftServerConfigKeys (ConfUtils.java:logGet(46)) - raft.server.log.appender.buffer.byte-limit = 4MB (=4194304) (default)
2024-09-29 22:57:59,446 [main] INFO  grpc.GrpcConfigKeys (ConfUtils.java:logGet(46)) - raft.grpc.server.async.request.thread.pool.cached = true (default)
2024-09-29 22:57:59,446 [main] INFO  grpc.GrpcConfigKeys (ConfUtils.java:logGet(46)) - raft.grpc.server.async.request.thread.pool.size = 32 (default)
2024-09-29 22:57:59,447 [s0-groupManagement] INFO  server.RaftServerConfigKeys (ConfUtils.java:logGet(46)) - raft.server.rpc.request.timeout = 3000ms (default)
2024-09-29 22:57:59,447 [s0-groupManagement] INFO  server.RaftServerConfigKeys (ConfUtils.java:logGet(46)) - raft.server.log.appender.install.snapshot.enabled = true (default)
2024-09-29 22:57:59,447 [main] INFO  impl.DataStreamServerImpl (ConfUtils.java:logGet(46)) - raft.datastream.type = DISABLED (default)
2024-09-29 22:57:59,447 [s0-groupManagement] INFO  server.RaftServerConfigKeys (ConfUtils.java:logGet(46)) - raft.server.threadpool.server.cached = true (default)
2024-09-29 22:57:59,447 [main] INFO  server.RaftServerConfigKeys (ConfUtils.java:logGet(46)) - raft.server.sleep.deviation.threshold = 300ms (default)
2024-09-29 22:57:59,448 [s0-groupManagement] INFO  server.RaftServerConfigKeys (ConfUtils.java:logGet(46)) - raft.server.threadpool.server.size = 0 (default)
2024-09-29 22:57:59,448 [main] INFO  server.RaftServerConfigKeys (ConfUtils.java:logGet(46)) - raft.server.close.threshold = 60s (default)
2024-09-29 22:57:59,448 [s0-groupManagement] INFO  server.RaftServerConfigKeys (ConfUtils.java:logGet(46)) - raft.server.threadpool.client.cached = true (default)
2024-09-29 22:57:59,448 [main] INFO  server.RaftServerConfigKeys (ConfUtils.java:logGet(46)) - raft.server.leaderelection.leader.step-down.wait-time = 10s (default)
2024-09-29 22:57:59,448 [s0-groupManagement] INFO  server.RaftServerConfigKeys (ConfUtils.java:logGet(46)) - raft.server.threadpool.client.size = 0 (default)
2024-09-29 22:57:59,448 [main] INFO  server.RaftServerConfigKeys (ConfUtils.java:logGet(46)) - raft.server.storage.dir = [/home/runner/work/ratis/ratis/ratis-test/target/test/data/f7ba0e94/MiniRaftClusterWithGrpcf830cfe0/s1] (custom)
2024-09-29 22:57:59,448 [main] INFO  server.RaftServerConfigKeys (ConfUtils.java:logGet(46)) - raft.server.threadpool.proxy.cached = true (default)
2024-09-29 22:57:59,449 [main] INFO  server.RaftServerConfigKeys (ConfUtils.java:logGet(46)) - raft.server.threadpool.proxy.size = 0 (default)
2024-09-29 22:57:59,449 [main] INFO  server.RaftServer (RaftServerProxy.java:addNew(101)) - s1: addNew group-64B60AA06307:[s0|localhost:15012, s1|localhost:15016, s2|localhost:15020] returns group-64B60AA06307:java.util.concurrent.CompletableFuture@3a0f5141[Not completed]
2024-09-29 22:57:59,449 [s1-groupManagement] INFO  server.RaftServerConfigKeys (ConfUtils.java:logGet(46)) - raft.server.log.segment.size.max = 32MB (=33554432) (default)
2024-09-29 22:57:59,449 [main] INFO  impl.MiniRaftCluster (MiniRaftCluster.java:newRaftServer(386)) - newRaftServer: s2, group-64B60AA06307:[s0|localhost:15012, s1|localhost:15016, s2|localhost:15020], format? true
2024-09-29 22:57:59,449 [main] TRACE util.FileUtils (FileUtils.java:deleteFully(305)) - deleteFully target/test/data/f7ba0e94/MiniRaftClusterWithGrpcf830cfe0/s2
2024-09-29 22:57:59,449 [s1-groupManagement] INFO  server.RaftServerConfigKeys (ConfUtils.java:logGet(46)) - raft.server.log.preallocated.size = 4MB (=4194304) (default)
2024-09-29 22:57:59,450 [main] TRACE util.FileUtils (FileUtils.java:deleteFully(318)) - deleteFully: target/test/data/f7ba0e94/MiniRaftClusterWithGrpcf830cfe0/s2 does not exist.
2024-09-29 22:57:59,450 [main] INFO  impl.MiniRaftCluster (MiniRaftCluster.java:newRaftServer(391)) - Formatted directory target/test/data/f7ba0e94/MiniRaftClusterWithGrpcf830cfe0/s2
2024-09-29 22:57:59,450 [s1-groupManagement] INFO  server.RaftServerConfigKeys (ConfUtils.java:logGet(46)) - raft.server.log.write.buffer.size = 8MB (=8388608) (default)
2024-09-29 22:57:59,450 [s1-groupManagement] INFO  server.RaftServer$Division (RaftServerImpl.java:<init>(255)) - s1: new RaftServerImpl for group-64B60AA06307:[s0|localhost:15012, s1|localhost:15016, s2|localhost:15020] with StateMachineWithSeparatedSnapshotPath:uninitialized
2024-09-29 22:57:59,450 [s1-groupManagement] INFO  server.RaftServerConfigKeys (ConfUtils.java:logGet(46)) - raft.server.rpc.timeout.min = 150ms (default)
2024-09-29 22:57:59,450 [s1-groupManagement] INFO  server.RaftServerConfigKeys (ConfUtils.java:logGet(46)) - raft.server.rpc.timeout.max = 300ms (default)
2024-09-29 22:57:59,450 [main] INFO  server.RaftServer (ConfUtils.java:logGet(46)) - raft.rpc.type = GRPC (default)
2024-09-29 22:57:59,450 [s1-groupManagement] INFO  server.RaftServerConfigKeys (ConfUtils.java:logGet(46)) - raft.server.rpc.sleep.time = 25ms (default)
2024-09-29 22:57:59,450 [main] INFO  grpc.GrpcConfigKeys (ConfUtils.java:logFallback(53)) - raft.grpc.admin.host = null (fallback to raft.grpc.server.host)
2024-09-29 22:57:59,450 [s1-groupManagement] INFO  server.RaftServerConfigKeys (ConfUtils.java:logGet(46)) - raft.server.rpc.slowness.timeout = 60s (default)
2024-09-29 22:57:59,451 [main] INFO  grpc.GrpcConfigKeys (ConfUtils.java:logGet(46)) - raft.grpc.admin.port = 15021 (custom)
2024-09-29 22:57:59,451 [s1-groupManagement] INFO  server.RaftServerConfigKeys (ConfUtils.java:logGet(46)) - raft.server.leaderelection.leader.step-down.wait-time = 10s (default)
2024-09-29 22:57:59,451 [main] INFO  grpc.GrpcConfigKeys (ConfUtils.java:logFallback(53)) - raft.grpc.client.host = null (fallback to raft.grpc.server.host)
2024-09-29 22:57:59,451 [s1-groupManagement] INFO  server.RaftServerConfigKeys (ConfUtils.java:logGet(46)) - raft.server.leaderelection.member.majority-add = true (custom)
2024-09-29 22:57:59,451 [main] INFO  grpc.GrpcConfigKeys (ConfUtils.java:logGet(46)) - raft.grpc.client.port = 15022 (custom)
2024-09-29 22:57:59,451 [s1-groupManagement] INFO  server.RaftServerConfigKeys (ConfUtils.java:logGet(46)) - raft.server.sleep.deviation.threshold = 300ms (default)
2024-09-29 22:57:59,451 [main] INFO  grpc.GrpcConfigKeys (ConfUtils.java:logGet(46)) - raft.grpc.server.host = null (default)
2024-09-29 22:57:59,451 [s1-groupManagement] INFO  server.RaftServer$Division (ServerState.java:<init>(114)) - s1@group-64B60AA06307: ConfigurationManager, init=conf: {index: -1, cur=peers:[s0|localhost:15012, s1|localhost:15016, s2|localhost:15020]|listeners:[], old=null}, confs=<EMPTY_MAP>
2024-09-29 22:57:59,451 [main] INFO  grpc.GrpcConfigKeys (ConfUtils.java:logGet(46)) - raft.grpc.server.port = 15020 (custom)
2024-09-29 22:57:59,452 [s1-groupManagement] INFO  server.RaftServerConfigKeys (ConfUtils.java:logGet(46)) - raft.server.notification.no-leader.timeout = 60s (default)
2024-09-29 22:57:59,452 [main] INFO  server.GrpcService (ConfUtils.java:logGet(46)) - raft.grpc.message.size.max = 64MB (=67108864) (default)
2024-09-29 22:57:59,452 [s1-groupManagement] INFO  server.RaftServerConfigKeys (ConfUtils.java:logGet(46)) - raft.server.read.timeout = 10s (default)
2024-09-29 22:57:59,452 [main] INFO  server.GrpcService (ConfUtils.java:logGet(46)) - raft.grpc.flow.control.window = 1MB (=1048576) (default)
2024-09-29 22:57:59,452 [s1-groupManagement] INFO  server.RaftServerConfigKeys (ConfUtils.java:logGet(46)) - raft.server.retrycache.expirytime = 60s (default)
2024-09-29 22:57:59,452 [main] INFO  server.RaftServerConfigKeys (ConfUtils.java:logGet(46)) - raft.server.rpc.request.timeout = 3000ms (default)
2024-09-29 22:57:59,452 [s1-groupManagement] INFO  server.RaftServerConfigKeys (ConfUtils.java:logGet(46)) - raft.server.retrycache.statistics.expirytime = 100ms (default)
2024-09-29 22:57:59,453 [main] INFO  grpc.GrpcConfigKeys (ConfUtils.java:logGet(46)) - raft.grpc.server.heartbeat.channel = false (custom)
2024-09-29 22:57:59,453 [s1-groupManagement] INFO  server.RaftServerConfigKeys (ConfUtils.java:logGet(46)) - raft.server.read.option = DEFAULT (default)
2024-09-29 22:57:59,453 [main] INFO  grpc.GrpcConfigKeys (ConfUtils.java:logGet(46)) - raft.grpc.server.zerocopy.enabled = true (custom)
2024-09-29 22:57:59,453 [s1-groupManagement] INFO  server.RaftServerConfigKeys (ConfUtils.java:logGet(46)) - raft.server.read.read-after-write-consistent.write-index-cache.expiry-time = 60s (default)
2024-09-29 22:57:59,453 [main] INFO  server.RaftServerConfigKeys (ConfUtils.java:logGet(46)) - raft.server.log.appender.buffer.byte-limit = 4MB (=4194304) (default)
2024-09-29 22:57:59,453 [main] INFO  grpc.GrpcConfigKeys (ConfUtils.java:logGet(46)) - raft.grpc.server.async.request.thread.pool.cached = true (default)
2024-09-29 22:57:59,454 [main] INFO  grpc.GrpcConfigKeys (ConfUtils.java:logGet(46)) - raft.grpc.server.async.request.thread.pool.size = 32 (default)
2024-09-29 22:57:59,454 [s1-groupManagement] INFO  server.RaftServerConfigKeys (ConfUtils.java:logGet(46)) - raft.server.rpc.request.timeout = 3000ms (default)
2024-09-29 22:57:59,454 [s1-groupManagement] INFO  server.RaftServerConfigKeys (ConfUtils.java:logGet(46)) - raft.server.log.appender.install.snapshot.enabled = true (default)
2024-09-29 22:57:59,454 [s1-groupManagement] INFO  server.RaftServerConfigKeys (ConfUtils.java:logGet(46)) - raft.server.threadpool.server.cached = true (default)
2024-09-29 22:57:59,455 [s1-groupManagement] INFO  server.RaftServerConfigKeys (ConfUtils.java:logGet(46)) - raft.server.threadpool.server.size = 0 (default)
2024-09-29 22:57:59,455 [s1-groupManagement] INFO  server.RaftServerConfigKeys (ConfUtils.java:logGet(46)) - raft.server.threadpool.client.cached = true (default)
2024-09-29 22:57:59,455 [s1-groupManagement] INFO  server.RaftServerConfigKeys (ConfUtils.java:logGet(46)) - raft.server.threadpool.client.size = 0 (default)
2024-09-29 22:57:59,455 [main] INFO  impl.DataStreamServerImpl (ConfUtils.java:logGet(46)) - raft.datastream.type = DISABLED (default)
2024-09-29 22:57:59,455 [main] INFO  server.RaftServerConfigKeys (ConfUtils.java:logGet(46)) - raft.server.sleep.deviation.threshold = 300ms (default)
2024-09-29 22:57:59,456 [main] INFO  server.RaftServerConfigKeys (ConfUtils.java:logGet(46)) - raft.server.close.threshold = 60s (default)
2024-09-29 22:57:59,456 [main] INFO  server.RaftServerConfigKeys (ConfUtils.java:logGet(46)) - raft.server.leaderelection.leader.step-down.wait-time = 10s (default)
2024-09-29 22:57:59,456 [main] INFO  server.RaftServerConfigKeys (ConfUtils.java:logGet(46)) - raft.server.storage.dir = [/home/runner/work/ratis/ratis/ratis-test/target/test/data/f7ba0e94/MiniRaftClusterWithGrpcf830cfe0/s2] (custom)
2024-09-29 22:57:59,457 [main] INFO  server.RaftServerConfigKeys (ConfUtils.java:logGet(46)) - raft.server.threadpool.proxy.cached = true (default)
2024-09-29 22:57:59,457 [main] INFO  server.RaftServerConfigKeys (ConfUtils.java:logGet(46)) - raft.server.threadpool.proxy.size = 0 (default)
2024-09-29 22:57:59,457 [main] INFO  server.RaftServer (RaftServerProxy.java:addNew(101)) - s2: addNew group-64B60AA06307:[s0|localhost:15012, s1|localhost:15016, s2|localhost:15020] returns group-64B60AA06307:java.util.concurrent.CompletableFuture@6bb46040[Not completed]
2024-09-29 22:57:59,458 [s0-impl-thread1] INFO  server.RaftServerConfigKeys (ConfUtils.java:logGet(46)) - raft.server.storage.free-space.min = 0MB (=0) (default)
2024-09-29 22:57:59,458 [s0-impl-thread1] INFO  server.RaftServerConfigKeys (ConfUtils.java:logGet(46)) - raft.server.log.corruption.policy = EXCEPTION (default)
2024-09-29 22:57:59,458 [s2-groupManagement] INFO  server.RaftServerConfigKeys (ConfUtils.java:logGet(46)) - raft.server.log.segment.size.max = 32MB (=33554432) (default)
2024-09-29 22:57:59,458 [s0-impl-thread1] INFO  server.RaftServerConfigKeys (ConfUtils.java:logGet(46)) - raft.server.storage.dir = [/home/runner/work/ratis/ratis/ratis-test/target/test/data/f7ba0e94/MiniRaftClusterWithGrpcf830cfe0/s0] (custom)
2024-09-29 22:57:59,458 [s2-groupManagement] INFO  server.RaftServerConfigKeys (ConfUtils.java:logGet(46)) - raft.server.log.preallocated.size = 4MB (=4194304) (default)
2024-09-29 22:57:59,458 [s2-groupManagement] INFO  server.RaftServerConfigKeys (ConfUtils.java:logGet(46)) - raft.server.log.write.buffer.size = 8MB (=8388608) (default)
2024-09-29 22:57:59,458 [s0-impl-thread1] INFO  storage.RaftStorageDirectory (RaftStorageDirectoryImpl.java:analyzeStorage(138)) - The storage directory /home/runner/work/ratis/ratis/ratis-test/target/test/data/f7ba0e94/MiniRaftClusterWithGrpcf830cfe0/s0/98f49a44-d84f-4a2d-a14b-64b60aa06307 does not exist. Creating ...
2024-09-29 22:57:59,458 [s2-groupManagement] INFO  server.RaftServer$Division (RaftServerImpl.java:<init>(255)) - s2: new RaftServerImpl for group-64B60AA06307:[s0|localhost:15012, s1|localhost:15016, s2|localhost:15020] with StateMachineWithSeparatedSnapshotPath:uninitialized
2024-09-29 22:57:59,458 [s2-groupManagement] INFO  server.RaftServerConfigKeys (ConfUtils.java:logGet(46)) - raft.server.rpc.timeout.min = 150ms (default)
2024-09-29 22:57:59,459 [s2-groupManagement] INFO  server.RaftServerConfigKeys (ConfUtils.java:logGet(46)) - raft.server.rpc.timeout.max = 300ms (default)
2024-09-29 22:57:59,459 [s2-groupManagement] INFO  server.RaftServerConfigKeys (ConfUtils.java:logGet(46)) - raft.server.rpc.sleep.time = 25ms (default)
2024-09-29 22:57:59,459 [s0-impl-thread1] TRACE util.FileUtils (LogUtils.java:runAndLog(49)) - Successfully ran Files.createDirectories /home/runner/work/ratis/ratis/ratis-test/target/test/data/f7ba0e94/MiniRaftClusterWithGrpcf830cfe0/s0/98f49a44-d84f-4a2d-a14b-64b60aa06307
2024-09-29 22:57:59,459 [s2-groupManagement] INFO  server.RaftServerConfigKeys (ConfUtils.java:logGet(46)) - raft.server.rpc.slowness.timeout = 60s (default)
2024-09-29 22:57:59,459 [s2-groupManagement] INFO  server.RaftServerConfigKeys (ConfUtils.java:logGet(46)) - raft.server.leaderelection.leader.step-down.wait-time = 10s (default)
2024-09-29 22:57:59,459 [s2-groupManagement] INFO  server.RaftServerConfigKeys (ConfUtils.java:logGet(46)) - raft.server.leaderelection.member.majority-add = true (custom)
2024-09-29 22:57:59,459 [s2-groupManagement] INFO  server.RaftServerConfigKeys (ConfUtils.java:logGet(46)) - raft.server.sleep.deviation.threshold = 300ms (default)
2024-09-29 22:57:59,459 [s2-groupManagement] INFO  server.RaftServer$Division (ServerState.java:<init>(114)) - s2@group-64B60AA06307: ConfigurationManager, init=conf: {index: -1, cur=peers:[s0|localhost:15012, s1|localhost:15016, s2|localhost:15020]|listeners:[], old=null}, confs=<EMPTY_MAP>
2024-09-29 22:57:59,459 [s2-groupManagement] INFO  server.RaftServerConfigKeys (ConfUtils.java:logGet(46)) - raft.server.notification.no-leader.timeout = 60s (default)
2024-09-29 22:57:59,459 [s2-groupManagement] INFO  server.RaftServerConfigKeys (ConfUtils.java:logGet(46)) - raft.server.read.timeout = 10s (default)
2024-09-29 22:57:59,459 [s2-groupManagement] INFO  server.RaftServerConfigKeys (ConfUtils.java:logGet(46)) - raft.server.retrycache.expirytime = 60s (default)
2024-09-29 22:57:59,459 [s2-groupManagement] INFO  server.RaftServerConfigKeys (ConfUtils.java:logGet(46)) - raft.server.retrycache.statistics.expirytime = 100ms (default)
2024-09-29 22:57:59,460 [s2-groupManagement] INFO  server.RaftServerConfigKeys (ConfUtils.java:logGet(46)) - raft.server.read.option = DEFAULT (default)
2024-09-29 22:57:59,460 [s2-groupManagement] INFO  server.RaftServerConfigKeys (ConfUtils.java:logGet(46)) - raft.server.read.read-after-write-consistent.write-index-cache.expiry-time = 60s (default)
2024-09-29 22:57:59,460 [s0-impl-thread1] INFO  storage.RaftStorageDirectory (RaftStorageDirectoryImpl.java:tryLock(229)) - Lock on /home/runner/work/ratis/ratis/ratis-test/target/test/data/f7ba0e94/MiniRaftClusterWithGrpcf830cfe0/s0/98f49a44-d84f-4a2d-a14b-64b60aa06307/in_use.lock acquired by nodename 27829@fv-az737-927
2024-09-29 22:57:59,460 [s0-impl-thread1] TRACE util.FileUtils (LogUtils.java:runAndLog(49)) - Successfully ran Files.createDirectories /home/runner/work/ratis/ratis/ratis-test/target/test/data/f7ba0e94/MiniRaftClusterWithGrpcf830cfe0/s0/98f49a44-d84f-4a2d-a14b-64b60aa06307/current
2024-09-29 22:57:59,460 [s0-impl-thread1] TRACE util.FileUtils (LogUtils.java:runAndLog(49)) - Successfully ran Files.createDirectories /home/runner/work/ratis/ratis/ratis-test/target/test/data/f7ba0e94/MiniRaftClusterWithGrpcf830cfe0/s0/98f49a44-d84f-4a2d-a14b-64b60aa06307/sm
2024-09-29 22:57:59,460 [s0-impl-thread1] TRACE util.FileUtils (LogUtils.java:supplyAndLog(69)) - Successfully supplied FileChannel.open /home/runner/work/ratis/ratis/ratis-test/target/test/data/f7ba0e94/MiniRaftClusterWithGrpcf830cfe0/s0/98f49a44-d84f-4a2d-a14b-64b60aa06307/current/raft-meta.tmp with options [CREATE, WRITE]: sun.nio.ch.FileChannelImpl@501769f1
2024-09-29 22:57:59,461 [s2-groupManagement] INFO  server.RaftServerConfigKeys (ConfUtils.java:logGet(46)) - raft.server.rpc.request.timeout = 3000ms (default)
2024-09-29 22:57:59,462 [s2-groupManagement] INFO  server.RaftServerConfigKeys (ConfUtils.java:logGet(46)) - raft.server.log.appender.install.snapshot.enabled = true (default)
2024-09-29 22:57:59,462 [s2-groupManagement] INFO  server.RaftServerConfigKeys (ConfUtils.java:logGet(46)) - raft.server.threadpool.server.cached = true (default)
2024-09-29 22:57:59,462 [s2-groupManagement] INFO  server.RaftServerConfigKeys (ConfUtils.java:logGet(46)) - raft.server.threadpool.server.size = 0 (default)
2024-09-29 22:57:59,462 [s2-groupManagement] INFO  server.RaftServerConfigKeys (ConfUtils.java:logGet(46)) - raft.server.threadpool.client.cached = true (default)
2024-09-29 22:57:59,462 [s2-groupManagement] INFO  server.RaftServerConfigKeys (ConfUtils.java:logGet(46)) - raft.server.threadpool.client.size = 0 (default)
2024-09-29 22:57:59,462 [s0-impl-thread1] TRACE util.FileUtils (LogUtils.java:runAndLog(49)) - Successfully ran Atomic Files.move /home/runner/work/ratis/ratis/ratis-test/target/test/data/f7ba0e94/MiniRaftClusterWithGrpcf830cfe0/s0/98f49a44-d84f-4a2d-a14b-64b60aa06307/current/raft-meta.tmp to /home/runner/work/ratis/ratis/ratis-test/target/test/data/f7ba0e94/MiniRaftClusterWithGrpcf830cfe0/s0/98f49a44-d84f-4a2d-a14b-64b60aa06307/current/raft-meta with options [REPLACE_EXISTING]
2024-09-29 22:57:59,462 [s0-impl-thread1] INFO  storage.RaftStorage (RaftStorageImpl.java:format(98)) - Storage directory /home/runner/work/ratis/ratis/ratis-test/target/test/data/f7ba0e94/MiniRaftClusterWithGrpcf830cfe0/s0/98f49a44-d84f-4a2d-a14b-64b60aa06307 has been successfully formatted.
2024-09-29 22:57:59,462 [s0-impl-thread1] INFO  impl.SimpleStateMachine4Testing (SimpleStateMachine4Testing.java:initialize(215)) - Initializing StateMachineWithSeparatedSnapshotPath:uninitialized
2024-09-29 22:57:59,462 [s0-impl-thread1] INFO  impl.SimpleStateMachine4Testing (SimpleStateMachine4Testing.java:loadSnapshot(300)) - Loading snapshot null
2024-09-29 22:57:59,463 [s0-impl-thread1] TRACE util.FileUtils (FileUtils.java:deleteFully(305)) - deleteFully /tmp/ratis-tests/statemachine/s0
2024-09-29 22:57:59,463 [s0-impl-thread1] TRACE util.FileUtils (FileUtils.java:deleteFully(318)) - deleteFully: /tmp/ratis-tests/statemachine/s0 does not exist.
2024-09-29 22:57:59,463 [s0-impl-thread1] INFO  server.RaftServerConfigKeys (ConfUtils.java:logGet(46)) - raft.server.log.use.memory = false (default)
2024-09-29 22:57:59,464 [s0-impl-thread1] INFO  server.RaftServerConfigKeys (ConfUtils.java:logGet(46)) - raft.server.log.purge.gap = 8 (custom)
2024-09-29 22:57:59,464 [s0-impl-thread1] INFO  server.RaftServerConfigKeys (ConfUtils.java:logGet(46)) - raft.server.log.appender.buffer.byte-limit = 4MB (=4194304) (default)
2024-09-29 22:57:59,464 [s0-impl-thread1] INFO  server.RaftServerConfigKeys (ConfUtils.java:logGet(46)) - raft.server.log.statemachine.data.read.timeout = 1000ms (default)
2024-09-29 22:57:59,464 [s0-impl-thread1] INFO  server.RaftServerConfigKeys (ConfUtils.java:logGet(46)) - raft.server.log.purge.preservation.log.num = 0 (default)
2024-09-29 22:57:59,465 [s0-impl-thread1] INFO  server.RaftServerConfigKeys (ConfUtils.java:logGet(46)) - raft.server.log.segment.size.max = 32MB (=33554432) (default)
2024-09-29 22:57:59,465 [s0-impl-thread1] INFO  server.RaftServerConfigKeys (ConfUtils.java:logGet(46)) - raft.server.log.segment.cache.num.max = 6 (default)
2024-09-29 22:57:59,465 [s0-impl-thread1] INFO  server.RaftServerConfigKeys (ConfUtils.java:logGet(46)) - raft.server.log.segment.cache.size.max = 200MB (=209715200) (default)
2024-09-29 22:57:59,465 [s0-impl-thread1] INFO  server.RaftServerConfigKeys (ConfUtils.java:logGet(46)) - raft.server.log.appender.buffer.byte-limit = 4MB (=4194304) (default)
2024-09-29 22:57:59,465 [s0-impl-thread1] INFO  util.AwaitToRun (AwaitToRun.java:start(81)) - Thread[s0@group-64B60AA06307-cacheEviction-AwaitToRun,5,main] started
2024-09-29 22:57:59,465 [s0-impl-thread1] INFO  segmented.SegmentedRaftLogWorker (SegmentedRaftLogWorker.java:<init>(187)) - new s0@group-64B60AA06307-SegmentedRaftLogWorker for RaftStorageImpl:Storage Directory /home/runner/work/ratis/ratis/ratis-test/target/test/data/f7ba0e94/MiniRaftClusterWithGrpcf830cfe0/s0/98f49a44-d84f-4a2d-a14b-64b60aa06307
2024-09-29 22:57:59,465 [s0-impl-thread1] INFO  server.RaftServerConfigKeys (ConfUtils.java:logGet(46)) - raft.server.log.queue.byte-limit = 64MB (=67108864) (default)
2024-09-29 22:57:59,465 [s0-impl-thread1] INFO  server.RaftServerConfigKeys (ConfUtils.java:logGet(46)) - raft.server.log.queue.element-limit = 4096 (default)
2024-09-29 22:57:59,465 [s0-impl-thread1] INFO  server.RaftServerConfigKeys (ConfUtils.java:logGet(46)) - raft.server.log.segment.size.max = 32MB (=33554432) (default)
2024-09-29 22:57:59,466 [s0-impl-thread1] INFO  server.RaftServerConfigKeys (ConfUtils.java:logGet(46)) - raft.server.log.preallocated.size = 4MB (=4194304) (default)
2024-09-29 22:57:59,466 [s0-impl-thread1] INFO  server.RaftServerConfigKeys (ConfUtils.java:logGet(46)) - raft.server.log.force.sync.num = 128 (default)
2024-09-29 22:57:59,466 [s0-impl-thread1] INFO  server.RaftServerConfigKeys (ConfUtils.java:logGet(46)) - raft.server.log.statemachine.data.sync = true (default)
2024-09-29 22:57:59,466 [s0-impl-thread1] INFO  server.RaftServerConfigKeys (ConfUtils.java:logGet(46)) - raft.server.log.statemachine.data.sync.timeout = 10s (default)
2024-09-29 22:57:59,466 [s0-impl-thread1] INFO  server.RaftServerConfigKeys (ConfUtils.java:logGet(46)) - raft.server.log.statemachine.data.sync.timeout.retry = -1 (default)
2024-09-29 22:57:59,466 [s0-impl-thread1] INFO  server.RaftServerConfigKeys (ConfUtils.java:logGet(46)) - raft.server.log.write.buffer.size = 8MB (=8388608) (default)
2024-09-29 22:57:59,468 [s0-impl-thread1] INFO  server.RaftServerConfigKeys (ConfUtils.java:logGet(46)) - raft.server.log.appender.buffer.byte-limit = 4MB (=4194304) (default)
2024-09-29 22:57:59,468 [s0-impl-thread1] INFO  server.RaftServerConfigKeys (ConfUtils.java:logGet(46)) - raft.server.log.unsafe-flush.enabled = false (default)
2024-09-29 22:57:59,468 [s0-impl-thread1] INFO  server.RaftServerConfigKeys (ConfUtils.java:logGet(46)) - raft.server.log.async-flush.enabled = false (default)
2024-09-29 22:57:59,468 [s0-impl-thread1] INFO  server.RaftServerConfigKeys (ConfUtils.java:logGet(46)) - raft.server.log.statemachine.data.caching.enabled = false (default)
2024-09-29 22:57:59,468 [s0-impl-thread1] INFO  segmented.SegmentedRaftLogWorker (SegmentedRaftLogWorker.java:lambda$new$0(138)) - s0@group-64B60AA06307-SegmentedRaftLogWorker: flushIndex: setUnconditionally 0 -> -1
2024-09-29 22:57:59,469 [s0-impl-thread1] INFO  segmented.SegmentedRaftLogWorker (SegmentedRaftLogWorker.java:lambda$new$0(138)) - s0@group-64B60AA06307-SegmentedRaftLogWorker: safeCacheEvictIndex: setUnconditionally 0 -> -1
2024-09-29 22:57:59,469 [s0-impl-thread1] INFO  server.RaftServer$Division (RaftServerImpl.java:start(391)) - s0@group-64B60AA06307: start as a follower, conf=conf: {index: -1, cur=peers:[s0|localhost:15012, s1|localhost:15016, s2|localhost:15020]|listeners:[], old=null}
2024-09-29 22:57:59,469 [s0-impl-thread1] INFO  server.RaftServer$Division (RaftServerImpl.java:setRole(378)) - s0@group-64B60AA06307: changes role from      null to FOLLOWER at term 0 for startAsFollower
2024-09-29 22:57:59,469 [s0-impl-thread1] INFO  impl.RoleInfo (RoleInfo.java:updateAndGet(148)) - s0: start s0@group-64B60AA06307-FollowerState
2024-09-29 22:57:59,469 [s0@group-64B60AA06307-FollowerState] INFO  server.RaftServerConfigKeys (ConfUtils.java:logFallback(53)) - raft.server.rpc.first-election.timeout.min = 150ms (fallback to raft.server.rpc.timeout.min)
2024-09-29 22:57:59,469 [s0@group-64B60AA06307-FollowerState] INFO  server.RaftServerConfigKeys (ConfUtils.java:logFallback(53)) - raft.server.rpc.first-election.timeout.max = 300ms (fallback to raft.server.rpc.timeout.max)
2024-09-29 22:57:59,470 [s0-impl-thread1] INFO  util.JmxRegister (JmxRegister.java:tryRegister(44)) - Successfully registered JMX Bean with object name Ratis:service=RaftServer,group=group-64B60AA06307,id=s0
2024-09-29 22:57:59,470 [s0-impl-thread1] INFO  util.JmxRegister (JmxRegister.java:register(58)) - register mxBean class org.apache.ratis.server.impl.RaftServerJmxAdapter as Ratis:service=RaftServer,group=group-64B60AA06307,id=s0
2024-09-29 22:57:59,470 [s0-impl-thread1] INFO  server.RaftServerConfigKeys (ConfUtils.java:logGet(46)) - raft.server.snapshot.trigger-when-stop.enabled = true (default)
2024-09-29 22:57:59,470 [s0-impl-thread1] INFO  server.RaftServerConfigKeys (ConfUtils.java:logGet(46)) - raft.server.snapshot.trigger-when-remove.enabled = true (default)
2024-09-29 22:57:59,470 [s0-impl-thread1] INFO  server.RaftServerConfigKeys (ConfUtils.java:logGet(46)) - raft.server.snapshot.auto.trigger.enabled = true (custom)
2024-09-29 22:57:59,470 [s0-impl-thread1] INFO  server.RaftServerConfigKeys (ConfUtils.java:logGet(46)) - raft.server.snapshot.auto.trigger.threshold = 64 (custom)
2024-09-29 22:57:59,470 [s0-impl-thread1] INFO  server.RaftServerConfigKeys (ConfUtils.java:logGet(46)) - raft.server.snapshot.retention.file.num = -1 (default)
2024-09-29 22:57:59,470 [s0-impl-thread1] INFO  server.RaftServerConfigKeys (ConfUtils.java:logGet(46)) - raft.server.log.purge.upto.snapshot.index = false (default)
2024-09-29 22:57:59,470 [main] INFO  server.RaftServer (RaftServerProxy.java:startImpl(408)) - s0: start RPC server
2024-09-29 22:57:59,472 [main] INFO  server.GrpcService (GrpcService.java:startImpl(341)) - s0: GrpcService started, listening on 15014
2024-09-29 22:57:59,473 [main] INFO  server.GrpcService (GrpcService.java:startImpl(341)) - s0: GrpcService started, listening on 15012
2024-09-29 22:57:59,474 [main] INFO  server.GrpcService (GrpcService.java:startImpl(341)) - s0: GrpcService started, listening on 15013
2024-09-29 22:57:59,474 [JvmPauseMonitor6] INFO  util.JvmPauseMonitor (JvmPauseMonitor.java:run(146)) - JvmPauseMonitor-s0: Started
2024-09-29 22:57:59,474 [s1-impl-thread1] INFO  server.RaftServerConfigKeys (ConfUtils.java:logGet(46)) - raft.server.storage.free-space.min = 0MB (=0) (default)
2024-09-29 22:57:59,474 [s1-impl-thread1] INFO  server.RaftServerConfigKeys (ConfUtils.java:logGet(46)) - raft.server.log.corruption.policy = EXCEPTION (default)
2024-09-29 22:57:59,474 [s1-impl-thread1] INFO  server.RaftServerConfigKeys (ConfUtils.java:logGet(46)) - raft.server.storage.dir = [/home/runner/work/ratis/ratis/ratis-test/target/test/data/f7ba0e94/MiniRaftClusterWithGrpcf830cfe0/s1] (custom)
2024-09-29 22:57:59,474 [s1-impl-thread1] INFO  storage.RaftStorageDirectory (RaftStorageDirectoryImpl.java:analyzeStorage(138)) - The storage directory /home/runner/work/ratis/ratis/ratis-test/target/test/data/f7ba0e94/MiniRaftClusterWithGrpcf830cfe0/s1/98f49a44-d84f-4a2d-a14b-64b60aa06307 does not exist. Creating ...
2024-09-29 22:57:59,475 [s1-impl-thread1] TRACE util.FileUtils (LogUtils.java:runAndLog(49)) - Successfully ran Files.createDirectories /home/runner/work/ratis/ratis/ratis-test/target/test/data/f7ba0e94/MiniRaftClusterWithGrpcf830cfe0/s1/98f49a44-d84f-4a2d-a14b-64b60aa06307
2024-09-29 22:57:59,476 [s1-impl-thread1] INFO  storage.RaftStorageDirectory (RaftStorageDirectoryImpl.java:tryLock(229)) - Lock on /home/runner/work/ratis/ratis/ratis-test/target/test/data/f7ba0e94/MiniRaftClusterWithGrpcf830cfe0/s1/98f49a44-d84f-4a2d-a14b-64b60aa06307/in_use.lock acquired by nodename 27829@fv-az737-927
2024-09-29 22:57:59,476 [s1-impl-thread1] TRACE util.FileUtils (LogUtils.java:runAndLog(49)) - Successfully ran Files.createDirectories /home/runner/work/ratis/ratis/ratis-test/target/test/data/f7ba0e94/MiniRaftClusterWithGrpcf830cfe0/s1/98f49a44-d84f-4a2d-a14b-64b60aa06307/current
2024-09-29 22:57:59,476 [s1-impl-thread1] TRACE util.FileUtils (LogUtils.java:runAndLog(49)) - Successfully ran Files.createDirectories /home/runner/work/ratis/ratis/ratis-test/target/test/data/f7ba0e94/MiniRaftClusterWithGrpcf830cfe0/s1/98f49a44-d84f-4a2d-a14b-64b60aa06307/sm
2024-09-29 22:57:59,476 [s1-impl-thread1] TRACE util.FileUtils (LogUtils.java:supplyAndLog(69)) - Successfully supplied FileChannel.open /home/runner/work/ratis/ratis/ratis-test/target/test/data/f7ba0e94/MiniRaftClusterWithGrpcf830cfe0/s1/98f49a44-d84f-4a2d-a14b-64b60aa06307/current/raft-meta.tmp with options [CREATE, WRITE]: sun.nio.ch.FileChannelImpl@2f103410
2024-09-29 22:57:59,478 [s1-impl-thread1] TRACE util.FileUtils (LogUtils.java:runAndLog(49)) - Successfully ran Atomic Files.move /home/runner/work/ratis/ratis/ratis-test/target/test/data/f7ba0e94/MiniRaftClusterWithGrpcf830cfe0/s1/98f49a44-d84f-4a2d-a14b-64b60aa06307/current/raft-meta.tmp to /home/runner/work/ratis/ratis/ratis-test/target/test/data/f7ba0e94/MiniRaftClusterWithGrpcf830cfe0/s1/98f49a44-d84f-4a2d-a14b-64b60aa06307/current/raft-meta with options [REPLACE_EXISTING]
2024-09-29 22:57:59,478 [s1-impl-thread1] INFO  storage.RaftStorage (RaftStorageImpl.java:format(98)) - Storage directory /home/runner/work/ratis/ratis/ratis-test/target/test/data/f7ba0e94/MiniRaftClusterWithGrpcf830cfe0/s1/98f49a44-d84f-4a2d-a14b-64b60aa06307 has been successfully formatted.
2024-09-29 22:57:59,478 [s1-impl-thread1] INFO  impl.SimpleStateMachine4Testing (SimpleStateMachine4Testing.java:initialize(215)) - Initializing StateMachineWithSeparatedSnapshotPath:uninitialized
2024-09-29 22:57:59,478 [s1-impl-thread1] INFO  impl.SimpleStateMachine4Testing (SimpleStateMachine4Testing.java:loadSnapshot(300)) - Loading snapshot null
2024-09-29 22:57:59,478 [s1-impl-thread1] TRACE util.FileUtils (FileUtils.java:deleteFully(305)) - deleteFully /tmp/ratis-tests/statemachine/s1
2024-09-29 22:57:59,478 [s1-impl-thread1] TRACE util.FileUtils (FileUtils.java:deleteFully(318)) - deleteFully: /tmp/ratis-tests/statemachine/s1 does not exist.
2024-09-29 22:57:59,478 [s1-impl-thread1] INFO  server.RaftServerConfigKeys (ConfUtils.java:logGet(46)) - raft.server.log.use.memory = false (default)
2024-09-29 22:57:59,479 [s1-impl-thread1] INFO  server.RaftServerConfigKeys (ConfUtils.java:logGet(46)) - raft.server.log.purge.gap = 8 (custom)
2024-09-29 22:57:59,479 [s1-impl-thread1] INFO  server.RaftServerConfigKeys (ConfUtils.java:logGet(46)) - raft.server.log.appender.buffer.byte-limit = 4MB (=4194304) (default)
2024-09-29 22:57:59,479 [s1-impl-thread1] INFO  server.RaftServerConfigKeys (ConfUtils.java:logGet(46)) - raft.server.log.statemachine.data.read.timeout = 1000ms (default)
2024-09-29 22:57:59,479 [s1-impl-thread1] INFO  server.RaftServerConfigKeys (ConfUtils.java:logGet(46)) - raft.server.log.purge.preservation.log.num = 0 (default)
2024-09-29 22:57:59,479 [s1-impl-thread1] INFO  server.RaftServerConfigKeys (ConfUtils.java:logGet(46)) - raft.server.log.segment.size.max = 32MB (=33554432) (default)
2024-09-29 22:57:59,479 [s1-impl-thread1] INFO  server.RaftServerConfigKeys (ConfUtils.java:logGet(46)) - raft.server.log.segment.cache.num.max = 6 (default)
2024-09-29 22:57:59,479 [s1-impl-thread1] INFO  server.RaftServerConfigKeys (ConfUtils.java:logGet(46)) - raft.server.log.segment.cache.size.max = 200MB (=209715200) (default)
2024-09-29 22:57:59,479 [s1-impl-thread1] INFO  server.RaftServerConfigKeys (ConfUtils.java:logGet(46)) - raft.server.log.appender.buffer.byte-limit = 4MB (=4194304) (default)
2024-09-29 22:57:59,480 [s1-impl-thread1] INFO  util.AwaitToRun (AwaitToRun.java:start(81)) - Thread[s1@group-64B60AA06307-cacheEviction-AwaitToRun,5,main] started
2024-09-29 22:57:59,480 [s1-impl-thread1] INFO  segmented.SegmentedRaftLogWorker (SegmentedRaftLogWorker.java:<init>(187)) - new s1@group-64B60AA06307-SegmentedRaftLogWorker for RaftStorageImpl:Storage Directory /home/runner/work/ratis/ratis/ratis-test/target/test/data/f7ba0e94/MiniRaftClusterWithGrpcf830cfe0/s1/98f49a44-d84f-4a2d-a14b-64b60aa06307
2024-09-29 22:57:59,480 [s1-impl-thread1] INFO  server.RaftServerConfigKeys (ConfUtils.java:logGet(46)) - raft.server.log.queue.byte-limit = 64MB (=67108864) (default)
2024-09-29 22:57:59,480 [s1-impl-thread1] INFO  server.RaftServerConfigKeys (ConfUtils.java:logGet(46)) - raft.server.log.queue.element-limit = 4096 (default)
2024-09-29 22:57:59,480 [s1-impl-thread1] INFO  server.RaftServerConfigKeys (ConfUtils.java:logGet(46)) - raft.server.log.segment.size.max = 32MB (=33554432) (default)
2024-09-29 22:57:59,480 [s1-impl-thread1] INFO  server.RaftServerConfigKeys (ConfUtils.java:logGet(46)) - raft.server.log.preallocated.size = 4MB (=4194304) (default)
2024-09-29 22:57:59,480 [s1-impl-thread1] INFO  server.RaftServerConfigKeys (ConfUtils.java:logGet(46)) - raft.server.log.force.sync.num = 128 (default)
2024-09-29 22:57:59,480 [s1-impl-thread1] INFO  server.RaftServerConfigKeys (ConfUtils.java:logGet(46)) - raft.server.log.statemachine.data.sync = true (default)
2024-09-29 22:57:59,480 [s1-impl-thread1] INFO  server.RaftServerConfigKeys (ConfUtils.java:logGet(46)) - raft.server.log.statemachine.data.sync.timeout = 10s (default)
2024-09-29 22:57:59,480 [s1-impl-thread1] INFO  server.RaftServerConfigKeys (ConfUtils.java:logGet(46)) - raft.server.log.statemachine.data.sync.timeout.retry = -1 (default)
2024-09-29 22:57:59,480 [s1-impl-thread1] INFO  server.RaftServerConfigKeys (ConfUtils.java:logGet(46)) - raft.server.log.write.buffer.size = 8MB (=8388608) (default)
2024-09-29 22:57:59,481 [s1-impl-thread1] INFO  server.RaftServerConfigKeys (ConfUtils.java:logGet(46)) - raft.server.log.appender.buffer.byte-limit = 4MB (=4194304) (default)
2024-09-29 22:57:59,481 [s1-impl-thread1] INFO  server.RaftServerConfigKeys (ConfUtils.java:logGet(46)) - raft.server.log.unsafe-flush.enabled = false (default)
2024-09-29 22:57:59,481 [s1-impl-thread1] INFO  server.RaftServerConfigKeys (ConfUtils.java:logGet(46)) - raft.server.log.async-flush.enabled = false (default)
2024-09-29 22:57:59,481 [s1-impl-thread1] INFO  server.RaftServerConfigKeys (ConfUtils.java:logGet(46)) - raft.server.log.statemachine.data.caching.enabled = false (default)
2024-09-29 22:57:59,481 [s1-impl-thread1] INFO  segmented.SegmentedRaftLogWorker (SegmentedRaftLogWorker.java:lambda$new$0(138)) - s1@group-64B60AA06307-SegmentedRaftLogWorker: flushIndex: setUnconditionally 0 -> -1
2024-09-29 22:57:59,481 [s1-impl-thread1] INFO  segmented.SegmentedRaftLogWorker (SegmentedRaftLogWorker.java:lambda$new$0(138)) - s1@group-64B60AA06307-SegmentedRaftLogWorker: safeCacheEvictIndex: setUnconditionally 0 -> -1
2024-09-29 22:57:59,481 [s1-impl-thread1] INFO  server.RaftServer$Division (RaftServerImpl.java:start(391)) - s1@group-64B60AA06307: start as a follower, conf=conf: {index: -1, cur=peers:[s0|localhost:15012, s1|localhost:15016, s2|localhost:15020]|listeners:[], old=null}
2024-09-29 22:57:59,481 [s1-impl-thread1] INFO  server.RaftServer$Division (RaftServerImpl.java:setRole(378)) - s1@group-64B60AA06307: changes role from      null to FOLLOWER at term 0 for startAsFollower
2024-09-29 22:57:59,481 [s1-impl-thread1] INFO  impl.RoleInfo (RoleInfo.java:updateAndGet(148)) - s1: start s1@group-64B60AA06307-FollowerState
2024-09-29 22:57:59,482 [s1-impl-thread1] INFO  util.JmxRegister (JmxRegister.java:tryRegister(44)) - Successfully registered JMX Bean with object name Ratis:service=RaftServer,group=group-64B60AA06307,id=s1
2024-09-29 22:57:59,482 [s1-impl-thread1] INFO  util.JmxRegister (JmxRegister.java:register(58)) - register mxBean class org.apache.ratis.server.impl.RaftServerJmxAdapter as Ratis:service=RaftServer,group=group-64B60AA06307,id=s1
2024-09-29 22:57:59,482 [s1@group-64B60AA06307-FollowerState] INFO  server.RaftServerConfigKeys (ConfUtils.java:logFallback(53)) - raft.server.rpc.first-election.timeout.min = 150ms (fallback to raft.server.rpc.timeout.min)
2024-09-29 22:57:59,482 [s1-impl-thread1] INFO  server.RaftServerConfigKeys (ConfUtils.java:logGet(46)) - raft.server.snapshot.trigger-when-stop.enabled = true (default)
2024-09-29 22:57:59,482 [s1-impl-thread1] INFO  server.RaftServerConfigKeys (ConfUtils.java:logGet(46)) - raft.server.snapshot.trigger-when-remove.enabled = true (default)
2024-09-29 22:57:59,482 [s1-impl-thread1] INFO  server.RaftServerConfigKeys (ConfUtils.java:logGet(46)) - raft.server.snapshot.auto.trigger.enabled = true (custom)
2024-09-29 22:57:59,482 [s1@group-64B60AA06307-FollowerState] INFO  server.RaftServerConfigKeys (ConfUtils.java:logFallback(53)) - raft.server.rpc.first-election.timeout.max = 300ms (fallback to raft.server.rpc.timeout.max)
2024-09-29 22:57:59,482 [s1-impl-thread1] INFO  server.RaftServerConfigKeys (ConfUtils.java:logGet(46)) - raft.server.snapshot.auto.trigger.threshold = 64 (custom)
2024-09-29 22:57:59,482 [s1-impl-thread1] INFO  server.RaftServerConfigKeys (ConfUtils.java:logGet(46)) - raft.server.snapshot.retention.file.num = -1 (default)
2024-09-29 22:57:59,482 [s1-impl-thread1] INFO  server.RaftServerConfigKeys (ConfUtils.java:logGet(46)) - raft.server.log.purge.upto.snapshot.index = false (default)
2024-09-29 22:57:59,483 [main] INFO  server.RaftServer (RaftServerProxy.java:startImpl(408)) - s1: start RPC server
2024-09-29 22:57:59,484 [main] INFO  server.GrpcService (GrpcService.java:startImpl(341)) - s1: GrpcService started, listening on 15018
2024-09-29 22:57:59,484 [main] INFO  server.GrpcService (GrpcService.java:startImpl(341)) - s1: GrpcService started, listening on 15016
2024-09-29 22:57:59,486 [main] INFO  server.GrpcService (GrpcService.java:startImpl(341)) - s1: GrpcService started, listening on 15017
2024-09-29 22:57:59,486 [JvmPauseMonitor7] INFO  util.JvmPauseMonitor (JvmPauseMonitor.java:run(146)) - JvmPauseMonitor-s1: Started
2024-09-29 22:57:59,487 [s2-impl-thread1] INFO  server.RaftServerConfigKeys (ConfUtils.java:logGet(46)) - raft.server.storage.free-space.min = 0MB (=0) (default)
2024-09-29 22:57:59,487 [s2-impl-thread1] INFO  server.RaftServerConfigKeys (ConfUtils.java:logGet(46)) - raft.server.log.corruption.policy = EXCEPTION (default)
2024-09-29 22:57:59,487 [s2-impl-thread1] INFO  server.RaftServerConfigKeys (ConfUtils.java:logGet(46)) - raft.server.storage.dir = [/home/runner/work/ratis/ratis/ratis-test/target/test/data/f7ba0e94/MiniRaftClusterWithGrpcf830cfe0/s2] (custom)
2024-09-29 22:57:59,487 [s2-impl-thread1] INFO  storage.RaftStorageDirectory (RaftStorageDirectoryImpl.java:analyzeStorage(138)) - The storage directory /home/runner/work/ratis/ratis/ratis-test/target/test/data/f7ba0e94/MiniRaftClusterWithGrpcf830cfe0/s2/98f49a44-d84f-4a2d-a14b-64b60aa06307 does not exist. Creating ...
2024-09-29 22:57:59,487 [s2-impl-thread1] TRACE util.FileUtils (LogUtils.java:runAndLog(49)) - Successfully ran Files.createDirectories /home/runner/work/ratis/ratis/ratis-test/target/test/data/f7ba0e94/MiniRaftClusterWithGrpcf830cfe0/s2/98f49a44-d84f-4a2d-a14b-64b60aa06307
2024-09-29 22:57:59,489 [s2-impl-thread1] INFO  storage.RaftStorageDirectory (RaftStorageDirectoryImpl.java:tryLock(229)) - Lock on /home/runner/work/ratis/ratis/ratis-test/target/test/data/f7ba0e94/MiniRaftClusterWithGrpcf830cfe0/s2/98f49a44-d84f-4a2d-a14b-64b60aa06307/in_use.lock acquired by nodename 27829@fv-az737-927
2024-09-29 22:57:59,489 [s2-impl-thread1] TRACE util.FileUtils (LogUtils.java:runAndLog(49)) - Successfully ran Files.createDirectories /home/runner/work/ratis/ratis/ratis-test/target/test/data/f7ba0e94/MiniRaftClusterWithGrpcf830cfe0/s2/98f49a44-d84f-4a2d-a14b-64b60aa06307/current
2024-09-29 22:57:59,489 [s2-impl-thread1] TRACE util.FileUtils (LogUtils.java:runAndLog(49)) - Successfully ran Files.createDirectories /home/runner/work/ratis/ratis/ratis-test/target/test/data/f7ba0e94/MiniRaftClusterWithGrpcf830cfe0/s2/98f49a44-d84f-4a2d-a14b-64b60aa06307/sm
2024-09-29 22:57:59,489 [s2-impl-thread1] TRACE util.FileUtils (LogUtils.java:supplyAndLog(69)) - Successfully supplied FileChannel.open /home/runner/work/ratis/ratis/ratis-test/target/test/data/f7ba0e94/MiniRaftClusterWithGrpcf830cfe0/s2/98f49a44-d84f-4a2d-a14b-64b60aa06307/current/raft-meta.tmp with options [CREATE, WRITE]: sun.nio.ch.FileChannelImpl@38e1e48c
2024-09-29 22:57:59,490 [s2-impl-thread1] TRACE util.FileUtils (LogUtils.java:runAndLog(49)) - Successfully ran Atomic Files.move /home/runner/work/ratis/ratis/ratis-test/target/test/data/f7ba0e94/MiniRaftClusterWithGrpcf830cfe0/s2/98f49a44-d84f-4a2d-a14b-64b60aa06307/current/raft-meta.tmp to /home/runner/work/ratis/ratis/ratis-test/target/test/data/f7ba0e94/MiniRaftClusterWithGrpcf830cfe0/s2/98f49a44-d84f-4a2d-a14b-64b60aa06307/current/raft-meta with options [REPLACE_EXISTING]
2024-09-29 22:57:59,490 [s2-impl-thread1] INFO  storage.RaftStorage (RaftStorageImpl.java:format(98)) - Storage directory /home/runner/work/ratis/ratis/ratis-test/target/test/data/f7ba0e94/MiniRaftClusterWithGrpcf830cfe0/s2/98f49a44-d84f-4a2d-a14b-64b60aa06307 has been successfully formatted.
2024-09-29 22:57:59,490 [s2-impl-thread1] INFO  impl.SimpleStateMachine4Testing (SimpleStateMachine4Testing.java:initialize(215)) - Initializing StateMachineWithSeparatedSnapshotPath:uninitialized
2024-09-29 22:57:59,490 [s2-impl-thread1] INFO  impl.SimpleStateMachine4Testing (SimpleStateMachine4Testing.java:loadSnapshot(300)) - Loading snapshot null
2024-09-29 22:57:59,490 [s2-impl-thread1] TRACE util.FileUtils (FileUtils.java:deleteFully(305)) - deleteFully /tmp/ratis-tests/statemachine/s2
2024-09-29 22:57:59,490 [s2-impl-thread1] TRACE util.FileUtils (FileUtils.java:deleteFully(318)) - deleteFully: /tmp/ratis-tests/statemachine/s2 does not exist.
2024-09-29 22:57:59,491 [s2-impl-thread1] INFO  server.RaftServerConfigKeys (ConfUtils.java:logGet(46)) - raft.server.log.use.memory = false (default)
2024-09-29 22:57:59,491 [s2-impl-thread1] INFO  server.RaftServerConfigKeys (ConfUtils.java:logGet(46)) - raft.server.log.purge.gap = 8 (custom)
2024-09-29 22:57:59,491 [s2-impl-thread1] INFO  server.RaftServerConfigKeys (ConfUtils.java:logGet(46)) - raft.server.log.appender.buffer.byte-limit = 4MB (=4194304) (default)
2024-09-29 22:57:59,491 [s2-impl-thread1] INFO  server.RaftServerConfigKeys (ConfUtils.java:logGet(46)) - raft.server.log.statemachine.data.read.timeout = 1000ms (default)
2024-09-29 22:57:59,491 [s2-impl-thread1] INFO  server.RaftServerConfigKeys (ConfUtils.java:logGet(46)) - raft.server.log.purge.preservation.log.num = 0 (default)
2024-09-29 22:57:59,491 [s2-impl-thread1] INFO  server.RaftServerConfigKeys (ConfUtils.java:logGet(46)) - raft.server.log.segment.size.max = 32MB (=33554432) (default)
2024-09-29 22:57:59,491 [s2-impl-thread1] INFO  server.RaftServerConfigKeys (ConfUtils.java:logGet(46)) - raft.server.log.segment.cache.num.max = 6 (default)
2024-09-29 22:57:59,492 [s2-impl-thread1] INFO  server.RaftServerConfigKeys (ConfUtils.java:logGet(46)) - raft.server.log.segment.cache.size.max = 200MB (=209715200) (default)
2024-09-29 22:57:59,492 [s2-impl-thread1] INFO  server.RaftServerConfigKeys (ConfUtils.java:logGet(46)) - raft.server.log.appender.buffer.byte-limit = 4MB (=4194304) (default)
2024-09-29 22:57:59,492 [s2-impl-thread1] INFO  util.AwaitToRun (AwaitToRun.java:start(81)) - Thread[s2@group-64B60AA06307-cacheEviction-AwaitToRun,5,main] started
2024-09-29 22:57:59,492 [s2-impl-thread1] INFO  segmented.SegmentedRaftLogWorker (SegmentedRaftLogWorker.java:<init>(187)) - new s2@group-64B60AA06307-SegmentedRaftLogWorker for RaftStorageImpl:Storage Directory /home/runner/work/ratis/ratis/ratis-test/target/test/data/f7ba0e94/MiniRaftClusterWithGrpcf830cfe0/s2/98f49a44-d84f-4a2d-a14b-64b60aa06307
2024-09-29 22:57:59,492 [s2-impl-thread1] INFO  server.RaftServerConfigKeys (ConfUtils.java:logGet(46)) - raft.server.log.queue.byte-limit = 64MB (=67108864) (default)
2024-09-29 22:57:59,492 [s2-impl-thread1] INFO  server.RaftServerConfigKeys (ConfUtils.java:logGet(46)) - raft.server.log.queue.element-limit = 4096 (default)
2024-09-29 22:57:59,492 [s2-impl-thread1] INFO  server.RaftServerConfigKeys (ConfUtils.java:logGet(46)) - raft.server.log.segment.size.max = 32MB (=33554432) (default)
2024-09-29 22:57:59,492 [s2-impl-thread1] INFO  server.RaftServerConfigKeys (ConfUtils.java:logGet(46)) - raft.server.log.preallocated.size = 4MB (=4194304) (default)
2024-09-29 22:57:59,492 [s2-impl-thread1] INFO  server.RaftServerConfigKeys (ConfUtils.java:logGet(46)) - raft.server.log.force.sync.num = 128 (default)
2024-09-29 22:57:59,492 [s2-impl-thread1] INFO  server.RaftServerConfigKeys (ConfUtils.java:logGet(46)) - raft.server.log.statemachine.data.sync = true (default)
2024-09-29 22:57:59,492 [s2-impl-thread1] INFO  server.RaftServerConfigKeys (ConfUtils.java:logGet(46)) - raft.server.log.statemachine.data.sync.timeout = 10s (default)
2024-09-29 22:57:59,492 [s2-impl-thread1] INFO  server.RaftServerConfigKeys (ConfUtils.java:logGet(46)) - raft.server.log.statemachine.data.sync.timeout.retry = -1 (default)
2024-09-29 22:57:59,493 [s2-impl-thread1] INFO  server.RaftServerConfigKeys (ConfUtils.java:logGet(46)) - raft.server.log.write.buffer.size = 8MB (=8388608) (default)
2024-09-29 22:57:59,494 [s2-impl-thread1] INFO  server.RaftServerConfigKeys (ConfUtils.java:logGet(46)) - raft.server.log.appender.buffer.byte-limit = 4MB (=4194304) (default)
2024-09-29 22:57:59,494 [s2-impl-thread1] INFO  server.RaftServerConfigKeys (ConfUtils.java:logGet(46)) - raft.server.log.unsafe-flush.enabled = false (default)
2024-09-29 22:57:59,494 [s2-impl-thread1] INFO  server.RaftServerConfigKeys (ConfUtils.java:logGet(46)) - raft.server.log.async-flush.enabled = false (default)
2024-09-29 22:57:59,494 [s2-impl-thread1] INFO  server.RaftServerConfigKeys (ConfUtils.java:logGet(46)) - raft.server.log.statemachine.data.caching.enabled = false (default)
2024-09-29 22:57:59,494 [s2-impl-thread1] INFO  segmented.SegmentedRaftLogWorker (SegmentedRaftLogWorker.java:lambda$new$0(138)) - s2@group-64B60AA06307-SegmentedRaftLogWorker: flushIndex: setUnconditionally 0 -> -1
2024-09-29 22:57:59,494 [s2-impl-thread1] INFO  segmented.SegmentedRaftLogWorker (SegmentedRaftLogWorker.java:lambda$new$0(138)) - s2@group-64B60AA06307-SegmentedRaftLogWorker: safeCacheEvictIndex: setUnconditionally 0 -> -1
2024-09-29 22:57:59,494 [s2-impl-thread1] INFO  server.RaftServer$Division (RaftServerImpl.java:start(391)) - s2@group-64B60AA06307: start as a follower, conf=conf: {index: -1, cur=peers:[s0|localhost:15012, s1|localhost:15016, s2|localhost:15020]|listeners:[], old=null}
2024-09-29 22:57:59,494 [s2-impl-thread1] INFO  server.RaftServer$Division (RaftServerImpl.java:setRole(378)) - s2@group-64B60AA06307: changes role from      null to FOLLOWER at term 0 for startAsFollower
2024-09-29 22:57:59,494 [s2-impl-thread1] INFO  impl.RoleInfo (RoleInfo.java:updateAndGet(148)) - s2: start s2@group-64B60AA06307-FollowerState
2024-09-29 22:57:59,495 [s2@group-64B60AA06307-FollowerState] INFO  server.RaftServerConfigKeys (ConfUtils.java:logFallback(53)) - raft.server.rpc.first-election.timeout.min = 150ms (fallback to raft.server.rpc.timeout.min)
2024-09-29 22:57:59,495 [s2-impl-thread1] INFO  util.JmxRegister (JmxRegister.java:tryRegister(44)) - Successfully registered JMX Bean with object name Ratis:service=RaftServer,group=group-64B60AA06307,id=s2
2024-09-29 22:57:59,495 [s2-impl-thread1] INFO  util.JmxRegister (JmxRegister.java:register(58)) - register mxBean class org.apache.ratis.server.impl.RaftServerJmxAdapter as Ratis:service=RaftServer,group=group-64B60AA06307,id=s2
2024-09-29 22:57:59,495 [s2@group-64B60AA06307-FollowerState] INFO  server.RaftServerConfigKeys (ConfUtils.java:logFallback(53)) - raft.server.rpc.first-election.timeout.max = 300ms (fallback to raft.server.rpc.timeout.max)
2024-09-29 22:57:59,495 [s2-impl-thread1] INFO  server.RaftServerConfigKeys (ConfUtils.java:logGet(46)) - raft.server.snapshot.trigger-when-stop.enabled = true (default)
2024-09-29 22:57:59,495 [s2-impl-thread1] INFO  server.RaftServerConfigKeys (ConfUtils.java:logGet(46)) - raft.server.snapshot.trigger-when-remove.enabled = true (default)
2024-09-29 22:57:59,495 [s2-impl-thread1] INFO  server.RaftServerConfigKeys (ConfUtils.java:logGet(46)) - raft.server.snapshot.auto.trigger.enabled = true (custom)
2024-09-29 22:57:59,495 [s2-impl-thread1] INFO  server.RaftServerConfigKeys (ConfUtils.java:logGet(46)) - raft.server.snapshot.auto.trigger.threshold = 64 (custom)
2024-09-29 22:57:59,495 [s2-impl-thread1] INFO  server.RaftServerConfigKeys (ConfUtils.java:logGet(46)) - raft.server.snapshot.retention.file.num = -1 (default)
2024-09-29 22:57:59,495 [s2-impl-thread1] INFO  server.RaftServerConfigKeys (ConfUtils.java:logGet(46)) - raft.server.log.purge.upto.snapshot.index = false (default)
2024-09-29 22:57:59,495 [main] INFO  server.RaftServer (RaftServerProxy.java:startImpl(408)) - s2: start RPC server
2024-09-29 22:57:59,496 [main] INFO  server.GrpcService (GrpcService.java:startImpl(341)) - s2: GrpcService started, listening on 15022
2024-09-29 22:57:59,497 [main] INFO  server.GrpcService (GrpcService.java:startImpl(341)) - s2: GrpcService started, listening on 15020
2024-09-29 22:57:59,498 [main] INFO  server.GrpcService (GrpcService.java:startImpl(341)) - s2: GrpcService started, listening on 15021
2024-09-29 22:57:59,498 [JvmPauseMonitor8] INFO  util.JvmPauseMonitor (JvmPauseMonitor.java:run(146)) - JvmPauseMonitor-s2: Started
2024-09-29 22:57:59,498 [main] INFO  server.RaftServerConfigKeys (ConfUtils.java:logGet(46)) - raft.server.rpc.timeout.max = 300ms (default)
2024-09-29 22:57:59,498 [main] INFO  ratis.RaftTestUtil (RaftTestUtil.java:waitForLeader(107)) - printing ALL groups
  s0:  RUNNING  FOLLOWER s0@group-64B60AA06307:t0, leader=null, voted=, raftlog=Memoized:s0@group-64B60AA06307-SegmentedRaftLog:OPENED:c-1:lastnull, conf=conf: {index: -1, cur=peers:[s0|localhost:15012, s1|localhost:15016, s2|localhost:15020]|listeners:[], old=null} RUNNING
  s1:  RUNNING  FOLLOWER s1@group-64B60AA06307:t0, leader=null, voted=, raftlog=Memoized:s1@group-64B60AA06307-SegmentedRaftLog:OPENED:c-1:lastnull, conf=conf: {index: -1, cur=peers:[s0|localhost:15012, s1|localhost:15016, s2|localhost:15020]|listeners:[], old=null} RUNNING
  s2:  RUNNING  FOLLOWER s2@group-64B60AA06307:t0, leader=null, voted=, raftlog=Memoized:s2@group-64B60AA06307-SegmentedRaftLog:OPENED:c-1:lastnull, conf=conf: {index: -1, cur=peers:[s0|localhost:15012, s1|localhost:15016, s2|localhost:15020]|listeners:[], old=null} RUNNING
2024-09-29 22:57:59,499 [main] WARN  ratis.RaftTestUtil (RaftTestUtil.java:lambda$waitForLeader$3(126)) - Attempt #1 failed: java.lang.IllegalStateException: No leader yet : printing ALL groups
  s0:  RUNNING  FOLLOWER s0@group-64B60AA06307:t0, leader=null, voted=, raftlog=Memoized:s0@group-64B60AA06307-SegmentedRaftLog:OPENED:c-1:lastnull, conf=conf: {index: -1, cur=peers:[s0|localhost:15012, s1|localhost:15016, s2|localhost:15020]|listeners:[], old=null} RUNNING
  s1:  RUNNING  FOLLOWER s1@group-64B60AA06307:t0, leader=null, voted=, raftlog=Memoized:s1@group-64B60AA06307-SegmentedRaftLog:OPENED:c-1:lastnull, conf=conf: {index: -1, cur=peers:[s0|localhost:15012, s1|localhost:15016, s2|localhost:15020]|listeners:[], old=null} RUNNING
  s2:  RUNNING  FOLLOWER s2@group-64B60AA06307:t0, leader=null, voted=, raftlog=Memoized:s2@group-64B60AA06307-SegmentedRaftLog:OPENED:c-1:lastnull, conf=conf: {index: -1, cur=peers:[s0|localhost:15012, s1|localhost:15016, s2|localhost:15020]|listeners:[], old=null} RUNNING
2024-09-29 22:57:59,667 [s2@group-64B60AA06307-FollowerState] INFO  impl.FollowerState (FollowerState.java:run(144)) - s2@group-64B60AA06307-FollowerState: change to CANDIDATE, lastRpcElapsedTime:172533197ns, electionTimeout:172ms
2024-09-29 22:57:59,667 [s2@group-64B60AA06307-FollowerState] INFO  impl.RoleInfo (RoleInfo.java:shutdownFollowerState(119)) - s2: shutdown s2@group-64B60AA06307-FollowerState
2024-09-29 22:57:59,667 [s2@group-64B60AA06307-FollowerState] INFO  server.RaftServer$Division (RaftServerImpl.java:setRole(378)) - s2@group-64B60AA06307: changes role from  FOLLOWER to CANDIDATE at term 0 for changeToCandidate
2024-09-29 22:57:59,668 [s2@group-64B60AA06307-FollowerState] INFO  server.RaftServerConfigKeys (ConfUtils.java:logGet(46)) - raft.server.leaderelection.pre-vote = true (default)
2024-09-29 22:57:59,668 [s2@group-64B60AA06307-FollowerState] INFO  impl.RoleInfo (RoleInfo.java:updateAndGet(148)) - s2: start s2@group-64B60AA06307-LeaderElection3
2024-09-29 22:57:59,668 [s2@group-64B60AA06307-LeaderElection3] INFO  impl.LeaderElection (LeaderElection.java:askForVotes(325)) - s2@group-64B60AA06307-LeaderElection3 PRE_VOTE round 0: submit vote requests at term 0 for conf: {index: -1, cur=peers:[s0|localhost:15012, s1|localhost:15016, s2|localhost:15020]|listeners:[], old=null}
2024-09-29 22:57:59,672 [s2@group-64B60AA06307-LeaderElection3-1] INFO  server.GrpcServerProtocolClient (GrpcServerProtocolClient.java:<init>(65)) - Build channel for s0|localhost:15012
2024-09-29 22:57:59,672 [s2@group-64B60AA06307-LeaderElection3] INFO  server.RaftServerConfigKeys (ConfUtils.java:logFallback(53)) - raft.server.rpc.first-election.timeout.min = 150ms (fallback to raft.server.rpc.timeout.min)
2024-09-29 22:57:59,672 [s2@group-64B60AA06307-LeaderElection3-2] INFO  server.GrpcServerProtocolClient (GrpcServerProtocolClient.java:<init>(65)) - Build channel for s1|localhost:15016
2024-09-29 22:57:59,672 [s2@group-64B60AA06307-LeaderElection3] INFO  server.RaftServerConfigKeys (ConfUtils.java:logFallback(53)) - raft.server.rpc.first-election.timeout.max = 300ms (fallback to raft.server.rpc.timeout.max)
2024-09-29 22:57:59,679 [grpc-default-executor-0] INFO  server.RaftServer$Division (RaftServerImpl.java:requestVote(1439)) - s0@group-64B60AA06307: receive requestVote(PRE_VOTE, s2, group-64B60AA06307, 0, (t:0, i:0))
2024-09-29 22:57:59,679 [grpc-default-executor-1] INFO  server.RaftServer$Division (RaftServerImpl.java:requestVote(1439)) - s1@group-64B60AA06307: receive requestVote(PRE_VOTE, s2, group-64B60AA06307, 0, (t:0, i:0))
2024-09-29 22:57:59,680 [grpc-default-executor-0] INFO  impl.VoteContext (VoteContext.java:log(49)) - s0@group-64B60AA06307-FOLLOWER: accept PRE_VOTE from s2: our priority 0 <= candidate's priority 0
2024-09-29 22:57:59,680 [grpc-default-executor-1] INFO  impl.VoteContext (VoteContext.java:log(49)) - s1@group-64B60AA06307-FOLLOWER: accept PRE_VOTE from s2: our priority 0 <= candidate's priority 0
2024-09-29 22:57:59,682 [grpc-default-executor-1] INFO  server.RaftServer$Division (RaftServerImpl.java:requestVote(1472)) - s1@group-64B60AA06307 replies to PRE_VOTE vote request: s2<-s1#0:OK-t0. Peer's state: s1@group-64B60AA06307:t0, leader=null, voted=, raftlog=Memoized:s1@group-64B60AA06307-SegmentedRaftLog:OPENED:c-1:lastnull, conf=conf: {index: -1, cur=peers:[s0|localhost:15012, s1|localhost:15016, s2|localhost:15020]|listeners:[], old=null}
2024-09-29 22:57:59,682 [grpc-default-executor-0] INFO  server.RaftServer$Division (RaftServerImpl.java:requestVote(1472)) - s0@group-64B60AA06307 replies to PRE_VOTE vote request: s2<-s0#0:OK-t0. Peer's state: s0@group-64B60AA06307:t0, leader=null, voted=, raftlog=Memoized:s0@group-64B60AA06307-SegmentedRaftLog:OPENED:c-1:lastnull, conf=conf: {index: -1, cur=peers:[s0|localhost:15012, s1|localhost:15016, s2|localhost:15020]|listeners:[], old=null}
2024-09-29 22:57:59,685 [s2@group-64B60AA06307-LeaderElection3] INFO  impl.LeaderElection (LeaderElection.java:logAndReturn(89)) - s2@group-64B60AA06307-LeaderElection3: PRE_VOTE PASSED received 1 response(s) and 0 exception(s):
2024-09-29 22:57:59,685 [s2@group-64B60AA06307-LeaderElection3] INFO  impl.LeaderElection (LeaderElection.java:logAndReturn(93)) -   Response 0: s2<-s1#0:OK-t0
2024-09-29 22:57:59,685 [s2@group-64B60AA06307-LeaderElection3] INFO  impl.LeaderElection (LeaderElection.java:askForVotes(327)) - s2@group-64B60AA06307-LeaderElection3 PRE_VOTE round 0: result PASSED
2024-09-29 22:57:59,686 [s2@group-64B60AA06307-LeaderElection3] TRACE util.FileUtils (LogUtils.java:supplyAndLog(69)) - Successfully supplied FileChannel.open /home/runner/work/ratis/ratis/ratis-test/target/test/data/f7ba0e94/MiniRaftClusterWithGrpcf830cfe0/s2/98f49a44-d84f-4a2d-a14b-64b60aa06307/current/raft-meta.tmp with options [CREATE, WRITE]: sun.nio.ch.FileChannelImpl@8963a4b
2024-09-29 22:57:59,687 [s2@group-64B60AA06307-LeaderElection3] TRACE util.FileUtils (LogUtils.java:runAndLog(49)) - Successfully ran Atomic Files.move /home/runner/work/ratis/ratis/ratis-test/target/test/data/f7ba0e94/MiniRaftClusterWithGrpcf830cfe0/s2/98f49a44-d84f-4a2d-a14b-64b60aa06307/current/raft-meta.tmp to /home/runner/work/ratis/ratis/ratis-test/target/test/data/f7ba0e94/MiniRaftClusterWithGrpcf830cfe0/s2/98f49a44-d84f-4a2d-a14b-64b60aa06307/current/raft-meta with options [REPLACE_EXISTING]
2024-09-29 22:57:59,687 [s2@group-64B60AA06307-LeaderElection3] INFO  impl.LeaderElection (LeaderElection.java:askForVotes(325)) - s2@group-64B60AA06307-LeaderElection3 ELECTION round 0: submit vote requests at term 1 for conf: {index: -1, cur=peers:[s0|localhost:15012, s1|localhost:15016, s2|localhost:15020]|listeners:[], old=null}
2024-09-29 22:57:59,688 [s2@group-64B60AA06307-LeaderElection3] INFO  server.RaftServerConfigKeys (ConfUtils.java:logFallback(53)) - raft.server.rpc.first-election.timeout.min = 150ms (fallback to raft.server.rpc.timeout.min)
2024-09-29 22:57:59,688 [s2@group-64B60AA06307-LeaderElection3] INFO  server.RaftServerConfigKeys (ConfUtils.java:logFallback(53)) - raft.server.rpc.first-election.timeout.max = 300ms (fallback to raft.server.rpc.timeout.max)
2024-09-29 22:57:59,689 [grpc-default-executor-0] INFO  server.RaftServer$Division (RaftServerImpl.java:requestVote(1439)) - s0@group-64B60AA06307: receive requestVote(ELECTION, s2, group-64B60AA06307, 1, (t:0, i:0))
2024-09-29 22:57:59,689 [grpc-default-executor-1] INFO  server.RaftServer$Division (RaftServerImpl.java:requestVote(1439)) - s1@group-64B60AA06307: receive requestVote(ELECTION, s2, group-64B60AA06307, 1, (t:0, i:0))
2024-09-29 22:57:59,689 [grpc-default-executor-0] INFO  impl.VoteContext (VoteContext.java:log(49)) - s0@group-64B60AA06307-FOLLOWER: accept ELECTION from s2: our priority 0 <= candidate's priority 0
2024-09-29 22:57:59,689 [grpc-default-executor-1] INFO  impl.VoteContext (VoteContext.java:log(49)) - s1@group-64B60AA06307-FOLLOWER: accept ELECTION from s2: our priority 0 <= candidate's priority 0
2024-09-29 22:57:59,689 [grpc-default-executor-0] INFO  server.RaftServer$Division (RaftServerImpl.java:setRole(378)) - s0@group-64B60AA06307: changes role from  FOLLOWER to FOLLOWER at term 0 for candidate:s2
2024-09-29 22:57:59,689 [grpc-default-executor-1] INFO  server.RaftServer$Division (RaftServerImpl.java:setRole(378)) - s1@group-64B60AA06307: changes role from  FOLLOWER to FOLLOWER at term 0 for candidate:s2
2024-09-29 22:57:59,689 [grpc-default-executor-1] INFO  impl.RoleInfo (RoleInfo.java:shutdownFollowerState(119)) - s1: shutdown s1@group-64B60AA06307-FollowerState
2024-09-29 22:57:59,689 [grpc-default-executor-0] INFO  impl.RoleInfo (RoleInfo.java:shutdownFollowerState(119)) - s0: shutdown s0@group-64B60AA06307-FollowerState
2024-09-29 22:57:59,689 [grpc-default-executor-1] INFO  impl.RoleInfo (RoleInfo.java:updateAndGet(148)) - s1: start s1@group-64B60AA06307-FollowerState
2024-09-29 22:57:59,690 [grpc-default-executor-0] INFO  impl.RoleInfo (RoleInfo.java:updateAndGet(148)) - s0: start s0@group-64B60AA06307-FollowerState
2024-09-29 22:57:59,690 [grpc-default-executor-1] INFO  server.RaftServer$Division (RaftServerImpl.java:setFirstElection(559)) - s1@group-64B60AA06307: set firstElectionSinceStartup to false for candidate:s2
2024-09-29 22:57:59,689 [s1@group-64B60AA06307-FollowerState] INFO  impl.FollowerState (FollowerState.java:run(153)) - s1@group-64B60AA06307-FollowerState was interrupted
2024-09-29 22:57:59,690 [grpc-default-executor-0] INFO  server.RaftServer$Division (RaftServerImpl.java:setFirstElection(559)) - s0@group-64B60AA06307: set firstElectionSinceStartup to false for candidate:s2
2024-09-29 22:57:59,690 [s0@group-64B60AA06307-FollowerState] INFO  impl.FollowerState (FollowerState.java:run(153)) - s0@group-64B60AA06307-FollowerState was interrupted
2024-09-29 22:57:59,690 [grpc-default-executor-0] TRACE util.FileUtils (LogUtils.java:supplyAndLog(69)) - Successfully supplied FileChannel.open /home/runner/work/ratis/ratis/ratis-test/target/test/data/f7ba0e94/MiniRaftClusterWithGrpcf830cfe0/s0/98f49a44-d84f-4a2d-a14b-64b60aa06307/current/raft-meta.tmp with options [CREATE, WRITE]: sun.nio.ch.FileChannelImpl@70d4a5fe
2024-09-29 22:57:59,690 [grpc-default-executor-1] TRACE util.FileUtils (LogUtils.java:supplyAndLog(69)) - Successfully supplied FileChannel.open /home/runner/work/ratis/ratis/ratis-test/target/test/data/f7ba0e94/MiniRaftClusterWithGrpcf830cfe0/s1/98f49a44-d84f-4a2d-a14b-64b60aa06307/current/raft-meta.tmp with options [CREATE, WRITE]: sun.nio.ch.FileChannelImpl@45e1fbca
2024-09-29 22:57:59,692 [grpc-default-executor-0] TRACE util.FileUtils (LogUtils.java:runAndLog(49)) - Successfully ran Atomic Files.move /home/runner/work/ratis/ratis/ratis-test/target/test/data/f7ba0e94/MiniRaftClusterWithGrpcf830cfe0/s0/98f49a44-d84f-4a2d-a14b-64b60aa06307/current/raft-meta.tmp to /home/runner/work/ratis/ratis/ratis-test/target/test/data/f7ba0e94/MiniRaftClusterWithGrpcf830cfe0/s0/98f49a44-d84f-4a2d-a14b-64b60aa06307/current/raft-meta with options [REPLACE_EXISTING]
2024-09-29 22:57:59,692 [grpc-default-executor-1] TRACE util.FileUtils (LogUtils.java:runAndLog(49)) - Successfully ran Atomic Files.move /home/runner/work/ratis/ratis/ratis-test/target/test/data/f7ba0e94/MiniRaftClusterWithGrpcf830cfe0/s1/98f49a44-d84f-4a2d-a14b-64b60aa06307/current/raft-meta.tmp to /home/runner/work/ratis/ratis/ratis-test/target/test/data/f7ba0e94/MiniRaftClusterWithGrpcf830cfe0/s1/98f49a44-d84f-4a2d-a14b-64b60aa06307/current/raft-meta with options [REPLACE_EXISTING]
2024-09-29 22:57:59,692 [grpc-default-executor-0] INFO  server.RaftServer$Division (RaftServerImpl.java:requestVote(1472)) - s0@group-64B60AA06307 replies to ELECTION vote request: s2<-s0#0:OK-t1. Peer's state: s0@group-64B60AA06307:t1, leader=null, voted=s2, raftlog=Memoized:s0@group-64B60AA06307-SegmentedRaftLog:OPENED:c-1:lastnull, conf=conf: {index: -1, cur=peers:[s0|localhost:15012, s1|localhost:15016, s2|localhost:15020]|listeners:[], old=null}
2024-09-29 22:57:59,692 [grpc-default-executor-1] INFO  server.RaftServer$Division (RaftServerImpl.java:requestVote(1472)) - s1@group-64B60AA06307 replies to ELECTION vote request: s2<-s1#0:OK-t1. Peer's state: s1@group-64B60AA06307:t1, leader=null, voted=s2, raftlog=Memoized:s1@group-64B60AA06307-SegmentedRaftLog:OPENED:c-1:lastnull, conf=conf: {index: -1, cur=peers:[s0|localhost:15012, s1|localhost:15016, s2|localhost:15020]|listeners:[], old=null}
2024-09-29 22:57:59,692 [s2@group-64B60AA06307-LeaderElection3] INFO  impl.LeaderElection (LeaderElection.java:logAndReturn(89)) - s2@group-64B60AA06307-LeaderElection3: ELECTION PASSED received 1 response(s) and 0 exception(s):
2024-09-29 22:57:59,692 [s2@group-64B60AA06307-LeaderElection3] INFO  impl.LeaderElection (LeaderElection.java:logAndReturn(93)) -   Response 0: s2<-s0#0:OK-t1
2024-09-29 22:57:59,693 [s2@group-64B60AA06307-LeaderElection3] INFO  impl.LeaderElection (LeaderElection.java:askForVotes(327)) - s2@group-64B60AA06307-LeaderElection3 ELECTION round 0: result PASSED
2024-09-29 22:57:59,693 [s2@group-64B60AA06307-LeaderElection3] INFO  impl.RoleInfo (RoleInfo.java:shutdownLeaderElection(139)) - s2: shutdown s2@group-64B60AA06307-LeaderElection3
2024-09-29 22:57:59,693 [s2@group-64B60AA06307-LeaderElection3] INFO  server.RaftServer$Division (RaftServerImpl.java:setRole(378)) - s2@group-64B60AA06307: changes role from CANDIDATE to LEADER at term 1 for changeToLeader
2024-09-29 22:57:59,693 [s2@group-64B60AA06307-LeaderElection3] INFO  server.RaftServerConfigKeys (ConfUtils.java:logGet(46)) - raft.server.staging.catchup.gap = 1000 (default)
2024-09-29 22:57:59,693 [s2@group-64B60AA06307-LeaderElection3] INFO  server.RaftServerConfigKeys (ConfUtils.java:logGet(46)) - raft.server.write.element-limit = 4096 (default)
2024-09-29 22:57:59,693 [s2@group-64B60AA06307-LeaderElection3] INFO  server.RaftServerConfigKeys (ConfUtils.java:logGet(46)) - raft.server.write.byte-limit = 64MB (=67108864) (default)
2024-09-29 22:57:59,693 [s2@group-64B60AA06307-LeaderElection3] INFO  server.RaftServerConfigKeys (ConfUtils.java:logGet(46)) - raft.server.watch.timeout = 10s (default)
2024-09-29 22:57:59,693 [s2@group-64B60AA06307-LeaderElection3] INFO  server.RaftServerConfigKeys (ConfUtils.java:logGet(46)) - raft.server.watch.timeout.denomination = 1s (default)
2024-09-29 22:57:59,693 [s2@group-64B60AA06307-LeaderElection3] INFO  server.RaftServerConfigKeys (ConfUtils.java:logGet(46)) - raft.server.watch.element-limit = 65536 (default)
2024-09-29 22:57:59,694 [s2@group-64B60AA06307-LeaderElection3] INFO  server.RaftServerConfigKeys (ConfUtils.java:logGet(46)) - raft.server.read.leader.lease.enabled = false (default)
2024-09-29 22:57:59,694 [s2@group-64B60AA06307-LeaderElection3] INFO  server.RaftServerConfigKeys (ConfUtils.java:logGet(46)) - raft.server.read.leader.lease.timeout.ratio = 0.9 (default)
2024-09-29 22:57:59,694 [s2@group-64B60AA06307-LeaderElection3] INFO  server.RaftServerConfigKeys (ConfUtils.java:logGet(46)) - raft.server.rpc.timeout.min = 150ms (default)
2024-09-29 22:57:59,694 [s2@group-64B60AA06307-LeaderElection3] INFO  server.RaftServerConfigKeys (ConfUtils.java:logGet(46)) - raft.server.log.log-metadata.enabled = true (default)
2024-09-29 22:57:59,694 [s2@group-64B60AA06307-LeaderElection3] INFO  server.RaftServerConfigKeys (ConfUtils.java:logGet(46)) - raft.server.write.element-limit = 4096 (default)
2024-09-29 22:57:59,694 [s2@group-64B60AA06307-LeaderElection3] INFO  server.RaftServerConfigKeys (ConfUtils.java:logGet(46)) - raft.server.write.follower.gap.ratio.max = -1.0 (default)
2024-09-29 22:57:59,694 [s2@group-64B60AA06307-LeaderElection3] INFO  server.RaftServerConfigKeys (ConfUtils.java:logGet(46)) - raft.server.log.appender.snapshot.chunk.size.max = 1k (=1024) (custom)
2024-09-29 22:57:59,694 [s2@group-64B60AA06307-LeaderElection3] INFO  server.RaftServerConfigKeys (ConfUtils.java:logGet(46)) - raft.server.log.appender.buffer.byte-limit = 4MB (=4194304) (default)
2024-09-29 22:57:59,694 [s2@group-64B60AA06307-LeaderElection3] INFO  server.RaftServerConfigKeys (ConfUtils.java:logGet(46)) - raft.server.log.appender.buffer.element-limit = 0 (default)
2024-09-29 22:57:59,694 [s2@group-64B60AA06307-LeaderElection3] INFO  server.RaftServerConfigKeys (ConfUtils.java:logGet(46)) - raft.server.log.appender.wait-time.min = 1ms (default)
2024-09-29 22:57:59,694 [s2@group-64B60AA06307-LeaderElection3] INFO  grpc.GrpcConfigKeys (ConfUtils.java:logGet(46)) - raft.grpc.server.leader.outstanding.appends.max = 8 (default)
2024-09-29 22:57:59,694 [s2@group-64B60AA06307-LeaderElection3] INFO  server.RaftServerConfigKeys (ConfUtils.java:logGet(46)) - raft.server.rpc.request.timeout = 3000ms (default)
2024-09-29 22:57:59,694 [s2@group-64B60AA06307-LeaderElection3] INFO  grpc.GrpcConfigKeys (ConfUtils.java:logGet(46)) - raft.grpc.server.install_snapshot.request.element-limit = 8 (default)
2024-09-29 22:57:59,695 [s2@group-64B60AA06307-LeaderElection3] INFO  grpc.GrpcConfigKeys (ConfUtils.java:logGet(46)) - raft.grpc.server.install_snapshot.request.timeout = 3000ms (default)
2024-09-29 22:57:59,695 [s2@group-64B60AA06307-LeaderElection3] INFO  grpc.GrpcConfigKeys (ConfUtils.java:logGet(46)) - raft.grpc.server.log-message.batch.duration = 5s (default)
2024-09-29 22:57:59,695 [s2@group-64B60AA06307-LeaderElection3] INFO  server.RaftServerConfigKeys (ConfUtils.java:logGet(46)) - raft.server.log.appender.install.snapshot.enabled = true (default)
2024-09-29 22:57:59,695 [s2@group-64B60AA06307-LeaderElection3] INFO  grpc.GrpcConfigKeys (ConfUtils.java:logGet(46)) - raft.grpc.server.heartbeat.channel = false (custom)
2024-09-29 22:57:59,695 [s2@group-64B60AA06307-LeaderElection3] INFO  server.RaftServerConfigKeys (ConfUtils.java:logGet(46)) - raft.server.log.appender.snapshot.chunk.size.max = 1k (=1024) (custom)
2024-09-29 22:57:59,695 [s2@group-64B60AA06307-LeaderElection3] INFO  server.RaftServerConfigKeys (ConfUtils.java:logGet(46)) - raft.server.log.appender.buffer.byte-limit = 4MB (=4194304) (default)
2024-09-29 22:57:59,695 [s2@group-64B60AA06307-LeaderElection3] INFO  server.RaftServerConfigKeys (ConfUtils.java:logGet(46)) - raft.server.log.appender.buffer.element-limit = 0 (default)
2024-09-29 22:57:59,695 [s2@group-64B60AA06307-LeaderElection3] INFO  server.RaftServerConfigKeys (ConfUtils.java:logGet(46)) - raft.server.log.appender.wait-time.min = 1ms (default)
2024-09-29 22:57:59,695 [s2@group-64B60AA06307-LeaderElection3] INFO  grpc.GrpcConfigKeys (ConfUtils.java:logGet(46)) - raft.grpc.server.leader.outstanding.appends.max = 8 (default)
2024-09-29 22:57:59,695 [s2@group-64B60AA06307-LeaderElection3] INFO  server.RaftServerConfigKeys (ConfUtils.java:logGet(46)) - raft.server.rpc.request.timeout = 3000ms (default)
2024-09-29 22:57:59,695 [s2@group-64B60AA06307-LeaderElection3] INFO  grpc.GrpcConfigKeys (ConfUtils.java:logGet(46)) - raft.grpc.server.install_snapshot.request.element-limit = 8 (default)
2024-09-29 22:57:59,695 [s2@group-64B60AA06307-LeaderElection3] INFO  grpc.GrpcConfigKeys (ConfUtils.java:logGet(46)) - raft.grpc.server.install_snapshot.request.timeout = 3000ms (default)
2024-09-29 22:57:59,696 [s2@group-64B60AA06307-LeaderElection3] INFO  grpc.GrpcConfigKeys (ConfUtils.java:logGet(46)) - raft.grpc.server.log-message.batch.duration = 5s (default)
2024-09-29 22:57:59,696 [s2@group-64B60AA06307-LeaderElection3] INFO  server.RaftServerConfigKeys (ConfUtils.java:logGet(46)) - raft.server.log.appender.install.snapshot.enabled = true (default)
2024-09-29 22:57:59,696 [s2@group-64B60AA06307-LeaderElection3] INFO  grpc.GrpcConfigKeys (ConfUtils.java:logGet(46)) - raft.grpc.server.heartbeat.channel = false (custom)
2024-09-29 22:57:59,696 [s2@group-64B60AA06307-LeaderElection3] INFO  impl.RoleInfo (RoleInfo.java:updateAndGet(148)) - s2: start s2@group-64B60AA06307-LeaderStateImpl
2024-09-29 22:57:59,696 [s2@group-64B60AA06307-LeaderElection3] INFO  server.RaftServer$Division (RaftServerImpl.java:setFirstElection(559)) - s2@group-64B60AA06307: set firstElectionSinceStartup to false for becomeLeader
2024-09-29 22:57:59,696 [s2@group-64B60AA06307-LeaderElection3] INFO  server.RaftServer$Division (ServerState.java:setLeader(272)) - s2@group-64B60AA06307: change Leader from null to s2 at term 1 for becomeLeader, leader elected after 236ms
2024-09-29 22:57:59,696 [s2@group-64B60AA06307-LeaderElection3] INFO  segmented.SegmentedRaftLogWorker (SegmentedRaftLogWorker.java:startLogSegment(438)) - s2@group-64B60AA06307-SegmentedRaftLogWorker: Starting segment from index:0
2024-09-29 22:57:59,696 [s2@group-64B60AA06307-SegmentedRaftLogWorker] INFO  segmented.BufferedWriteChannel (BufferedWriteChannel.java:open(61)) - open log_inprogress_0 at position 0
2024-09-29 22:57:59,697 [s2@group-64B60AA06307-LeaderElection3] INFO  server.RaftServer$Division (ServerState.java:setRaftConf(386)) - s2@group-64B60AA06307: set configuration conf: {index: 0, cur=peers:[s0|localhost:15012, s1|localhost:15016, s2|localhost:15020]|listeners:[], old=null}
2024-09-29 22:57:59,703 [s0-server-thread1] INFO  server.RaftServer$Division (ServerState.java:setLeader(272)) - s0@group-64B60AA06307: change Leader from null to s2 at term 1 for appendEntries, leader elected after 258ms
2024-09-29 22:57:59,706 [s1-server-thread1] INFO  server.RaftServer$Division (ServerState.java:setLeader(272)) - s1@group-64B60AA06307: change Leader from null to s2 at term 1 for appendEntries, leader elected after 254ms
2024-09-29 22:57:59,707 [s2@group-64B60AA06307-SegmentedRaftLogWorker] INFO  segmented.SegmentedRaftLogWorker (SegmentedRaftLogWorker.java:execute(660)) - s2@group-64B60AA06307-SegmentedRaftLogWorker: created new log segment /home/runner/work/ratis/ratis/ratis-test/target/test/data/f7ba0e94/MiniRaftClusterWithGrpcf830cfe0/s2/98f49a44-d84f-4a2d-a14b-64b60aa06307/current/log_inprogress_0
2024-09-29 22:57:59,707 [s0-server-thread1] INFO  server.RaftServer$Division (ServerState.java:setRaftConf(386)) - s0@group-64B60AA06307: set configuration conf: {index: 0, cur=peers:[s0|localhost:15012, s1|localhost:15016, s2|localhost:15020]|listeners:[], old=null}
2024-09-29 22:57:59,707 [s0-server-thread1] INFO  segmented.SegmentedRaftLogWorker (SegmentedRaftLogWorker.java:startLogSegment(438)) - s0@group-64B60AA06307-SegmentedRaftLogWorker: Starting segment from index:0
2024-09-29 22:57:59,709 [s0@group-64B60AA06307-SegmentedRaftLogWorker] INFO  segmented.BufferedWriteChannel (BufferedWriteChannel.java:open(61)) - open log_inprogress_0 at position 0
2024-09-29 22:57:59,714 [s1-server-thread2] INFO  server.RaftServer$Division (ServerState.java:setRaftConf(386)) - s1@group-64B60AA06307: set configuration conf: {index: 0, cur=peers:[s0|localhost:15012, s1|localhost:15016, s2|localhost:15020]|listeners:[], old=null}
2024-09-29 22:57:59,714 [s1-server-thread2] INFO  segmented.SegmentedRaftLogWorker (SegmentedRaftLogWorker.java:startLogSegment(438)) - s1@group-64B60AA06307-SegmentedRaftLogWorker: Starting segment from index:0
2024-09-29 22:57:59,715 [s1@group-64B60AA06307-SegmentedRaftLogWorker] INFO  segmented.BufferedWriteChannel (BufferedWriteChannel.java:open(61)) - open log_inprogress_0 at position 0
2024-09-29 22:57:59,718 [s0@group-64B60AA06307-SegmentedRaftLogWorker] INFO  segmented.SegmentedRaftLogWorker (SegmentedRaftLogWorker.java:execute(660)) - s0@group-64B60AA06307-SegmentedRaftLogWorker: created new log segment /home/runner/work/ratis/ratis/ratis-test/target/test/data/f7ba0e94/MiniRaftClusterWithGrpcf830cfe0/s0/98f49a44-d84f-4a2d-a14b-64b60aa06307/current/log_inprogress_0
2024-09-29 22:57:59,720 [s2@group-64B60AA06307-StateMachineUpdater] TRACE util.FileUtils (LogUtils.java:supplyAndLog(69)) - Successfully supplied FileChannel.open /home/runner/work/ratis/ratis/ratis-test/target/test/data/f7ba0e94/MiniRaftClusterWithGrpcf830cfe0/s2/98f49a44-d84f-4a2d-a14b-64b60aa06307/current/raft-meta.conf.tmp with options [CREATE, WRITE]: sun.nio.ch.FileChannelImpl@7861ab79
2024-09-29 22:57:59,725 [s1@group-64B60AA06307-SegmentedRaftLogWorker] INFO  segmented.SegmentedRaftLogWorker (SegmentedRaftLogWorker.java:execute(660)) - s1@group-64B60AA06307-SegmentedRaftLogWorker: created new log segment /home/runner/work/ratis/ratis/ratis-test/target/test/data/f7ba0e94/MiniRaftClusterWithGrpcf830cfe0/s1/98f49a44-d84f-4a2d-a14b-64b60aa06307/current/log_inprogress_0
2024-09-29 22:57:59,725 [s2@group-64B60AA06307-StateMachineUpdater] TRACE util.FileUtils (LogUtils.java:runAndLog(49)) - Successfully ran Atomic Files.move /home/runner/work/ratis/ratis/ratis-test/target/test/data/f7ba0e94/MiniRaftClusterWithGrpcf830cfe0/s2/98f49a44-d84f-4a2d-a14b-64b60aa06307/current/raft-meta.conf.tmp to /home/runner/work/ratis/ratis/ratis-test/target/test/data/f7ba0e94/MiniRaftClusterWithGrpcf830cfe0/s2/98f49a44-d84f-4a2d-a14b-64b60aa06307/current/raft-meta.conf with options [REPLACE_EXISTING]
2024-09-29 22:57:59,725 [s2@group-64B60AA06307-StateMachineUpdater] INFO  server.RaftServer$Division (LeaderStateImpl.java:checkStartIndex(317)) - Leader s2@group-64B60AA06307-LeaderStateImpl is ready since appliedIndex == startIndex == 0
2024-09-29 22:57:59,798 [s0@group-64B60AA06307-StateMachineUpdater] TRACE util.FileUtils (LogUtils.java:supplyAndLog(69)) - Successfully supplied FileChannel.open /home/runner/work/ratis/ratis/ratis-test/target/test/data/f7ba0e94/MiniRaftClusterWithGrpcf830cfe0/s0/98f49a44-d84f-4a2d-a14b-64b60aa06307/current/raft-meta.conf.tmp with options [CREATE, WRITE]: sun.nio.ch.FileChannelImpl@ec61c5a
2024-09-29 22:57:59,800 [s0@group-64B60AA06307-StateMachineUpdater] TRACE util.FileUtils (LogUtils.java:runAndLog(49)) - Successfully ran Atomic Files.move /home/runner/work/ratis/ratis/ratis-test/target/test/data/f7ba0e94/MiniRaftClusterWithGrpcf830cfe0/s0/98f49a44-d84f-4a2d-a14b-64b60aa06307/current/raft-meta.conf.tmp to /home/runner/work/ratis/ratis/ratis-test/target/test/data/f7ba0e94/MiniRaftClusterWithGrpcf830cfe0/s0/98f49a44-d84f-4a2d-a14b-64b60aa06307/current/raft-meta.conf with options [REPLACE_EXISTING]
2024-09-29 22:57:59,803 [s1@group-64B60AA06307-StateMachineUpdater] TRACE util.FileUtils (LogUtils.java:supplyAndLog(69)) - Successfully supplied FileChannel.open /home/runner/work/ratis/ratis/ratis-test/target/test/data/f7ba0e94/MiniRaftClusterWithGrpcf830cfe0/s1/98f49a44-d84f-4a2d-a14b-64b60aa06307/current/raft-meta.conf.tmp with options [CREATE, WRITE]: sun.nio.ch.FileChannelImpl@61821ca3
2024-09-29 22:57:59,805 [s1@group-64B60AA06307-StateMachineUpdater] TRACE util.FileUtils (LogUtils.java:runAndLog(49)) - Successfully ran Atomic Files.move /home/runner/work/ratis/ratis/ratis-test/target/test/data/f7ba0e94/MiniRaftClusterWithGrpcf830cfe0/s1/98f49a44-d84f-4a2d-a14b-64b60aa06307/current/raft-meta.conf.tmp to /home/runner/work/ratis/ratis/ratis-test/target/test/data/f7ba0e94/MiniRaftClusterWithGrpcf830cfe0/s1/98f49a44-d84f-4a2d-a14b-64b60aa06307/current/raft-meta.conf with options [REPLACE_EXISTING]
2024-09-29 22:57:59,949 [main] INFO  ratis.RaftTestUtil (RaftTestUtil.java:waitForLeader(131)) - printing ALL groups
  s0:  RUNNING  FOLLOWER s0@group-64B60AA06307:t1, leader=s2, voted=s2, raftlog=Memoized:s0@group-64B60AA06307-SegmentedRaftLog:OPENED:c0:last(t:1, i:0), conf=conf: {index: 0, cur=peers:[s0|localhost:15012, s1|localhost:15016, s2|localhost:15020]|listeners:[], old=null} RUNNING
  s1:  RUNNING  FOLLOWER s1@group-64B60AA06307:t1, leader=s2, voted=s2, raftlog=Memoized:s1@group-64B60AA06307-SegmentedRaftLog:OPENED:c0:last(t:1, i:0), conf=conf: {index: 0, cur=peers:[s0|localhost:15012, s1|localhost:15016, s2|localhost:15020]|listeners:[], old=null} RUNNING
  s2:  RUNNING    LEADER s2@group-64B60AA06307:t1, leader=s2, voted=s2, raftlog=Memoized:s2@group-64B60AA06307-SegmentedRaftLog:OPENED:c0:last(t:1, i:0), conf=conf: {index: 0, cur=peers:[s0|localhost:15012, s1|localhost:15016, s2|localhost:15020]|listeners:[], old=null} RUNNING
2024-09-29 22:57:59,958 [s2@group-64B60AA06307-StateMachineUpdater] INFO  impl.SimpleStateMachine4Testing (SimpleStateMachine4Testing.java:applyTransaction(251)) - applyTransaction for log index 1
2024-09-29 22:57:59,958 [s2@group-64B60AA06307-StateMachineUpdater] INFO  impl.SimpleStateMachine4Testing (SimpleStateMachine4Testing.java:put(207)) - s2: put 1, m0 -> (t:1, i:1), STATEMACHINELOGENTRY, WRITE: logData.size=2, stateMachineData.size=17, logEntryProtoSerializedSize=0
2024-09-29 22:57:59,960 [s0@group-64B60AA06307-StateMachineUpdater] INFO  impl.SimpleStateMachine4Testing (SimpleStateMachine4Testing.java:applyTransaction(251)) - applyTransaction for log index 1
2024-09-29 22:57:59,960 [s0@group-64B60AA06307-StateMachineUpdater] INFO  impl.SimpleStateMachine4Testing (SimpleStateMachine4Testing.java:put(207)) - s0: put 1, m0 -> (t:1, i:1), STATEMACHINELOGENTRY, WRITE: logData.size=2, stateMachineData.size=17, logEntryProtoSerializedSize=0
2024-09-29 22:57:59,961 [s1@group-64B60AA06307-StateMachineUpdater] INFO  impl.SimpleStateMachine4Testing (SimpleStateMachine4Testing.java:applyTransaction(251)) - applyTransaction for log index 1
2024-09-29 22:57:59,961 [s1@group-64B60AA06307-StateMachineUpdater] INFO  impl.SimpleStateMachine4Testing (SimpleStateMachine4Testing.java:put(207)) - s1: put 1, m0 -> (t:1, i:1), STATEMACHINELOGENTRY, WRITE: logData.size=2, stateMachineData.size=17, logEntryProtoSerializedSize=0
2024-09-29 22:57:59,967 [s2@group-64B60AA06307-StateMachineUpdater] INFO  impl.SimpleStateMachine4Testing (SimpleStateMachine4Testing.java:applyTransaction(251)) - applyTransaction for log index 3
2024-09-29 22:57:59,967 [s2@group-64B60AA06307-StateMachineUpdater] INFO  impl.SimpleStateMachine4Testing (SimpleStateMachine4Testing.java:put(207)) - s2: put 3, m1 -> (t:1, i:3), STATEMACHINELOGENTRY, WRITE: logData.size=2, stateMachineData.size=17, logEntryProtoSerializedSize=0
2024-09-29 22:57:59,969 [s1@group-64B60AA06307-StateMachineUpdater] INFO  impl.SimpleStateMachine4Testing (SimpleStateMachine4Testing.java:applyTransaction(251)) - applyTransaction for log index 3
2024-09-29 22:57:59,969 [s1@group-64B60AA06307-StateMachineUpdater] INFO  impl.SimpleStateMachine4Testing (SimpleStateMachine4Testing.java:put(207)) - s1: put 3, m1 -> (t:1, i:3), STATEMACHINELOGENTRY, WRITE: logData.size=2, stateMachineData.size=17, logEntryProtoSerializedSize=0
2024-09-29 22:57:59,969 [s0@group-64B60AA06307-StateMachineUpdater] INFO  impl.SimpleStateMachine4Testing (SimpleStateMachine4Testing.java:applyTransaction(251)) - applyTransaction for log index 3
2024-09-29 22:57:59,969 [s0@group-64B60AA06307-StateMachineUpdater] INFO  impl.SimpleStateMachine4Testing (SimpleStateMachine4Testing.java:put(207)) - s0: put 3, m1 -> (t:1, i:3), STATEMACHINELOGENTRY, WRITE: logData.size=2, stateMachineData.size=17, logEntryProtoSerializedSize=0
2024-09-29 22:57:59,973 [s2@group-64B60AA06307-StateMachineUpdater] INFO  impl.SimpleStateMachine4Testing (SimpleStateMachine4Testing.java:applyTransaction(251)) - applyTransaction for log index 5
2024-09-29 22:57:59,973 [s2@group-64B60AA06307-StateMachineUpdater] INFO  impl.SimpleStateMachine4Testing (SimpleStateMachine4Testing.java:put(207)) - s2: put 5, m2 -> (t:1, i:5), STATEMACHINELOGENTRY, WRITE: logData.size=2, stateMachineData.size=17, logEntryProtoSerializedSize=0
2024-09-29 22:57:59,976 [s0@group-64B60AA06307-StateMachineUpdater] INFO  impl.SimpleStateMachine4Testing (SimpleStateMachine4Testing.java:applyTransaction(251)) - applyTransaction for log index 5
2024-09-29 22:57:59,976 [s0@group-64B60AA06307-StateMachineUpdater] INFO  impl.SimpleStateMachine4Testing (SimpleStateMachine4Testing.java:put(207)) - s0: put 5, m2 -> (t:1, i:5), STATEMACHINELOGENTRY, WRITE: logData.size=2, stateMachineData.size=17, logEntryProtoSerializedSize=0
2024-09-29 22:57:59,976 [s1@group-64B60AA06307-StateMachineUpdater] INFO  impl.SimpleStateMachine4Testing (SimpleStateMachine4Testing.java:applyTransaction(251)) - applyTransaction for log index 5
2024-09-29 22:57:59,976 [s1@group-64B60AA06307-StateMachineUpdater] INFO  impl.SimpleStateMachine4Testing (SimpleStateMachine4Testing.java:put(207)) - s1: put 5, m2 -> (t:1, i:5), STATEMACHINELOGENTRY, WRITE: logData.size=2, stateMachineData.size=17, logEntryProtoSerializedSize=0
2024-09-29 22:57:59,979 [s2@group-64B60AA06307-StateMachineUpdater] INFO  impl.SimpleStateMachine4Testing (SimpleStateMachine4Testing.java:applyTransaction(251)) - applyTransaction for log index 7
2024-09-29 22:57:59,980 [s2@group-64B60AA06307-StateMachineUpdater] INFO  impl.SimpleStateMachine4Testing (SimpleStateMachine4Testing.java:put(207)) - s2: put 7, m3 -> (t:1, i:7), STATEMACHINELOGENTRY, WRITE: logData.size=2, stateMachineData.size=17, logEntryProtoSerializedSize=0
2024-09-29 22:57:59,981 [s1@group-64B60AA06307-StateMachineUpdater] INFO  impl.SimpleStateMachine4Testing (SimpleStateMachine4Testing.java:applyTransaction(251)) - applyTransaction for log index 7
2024-09-29 22:57:59,981 [s1@group-64B60AA06307-StateMachineUpdater] INFO  impl.SimpleStateMachine4Testing (SimpleStateMachine4Testing.java:put(207)) - s1: put 7, m3 -> (t:1, i:7), STATEMACHINELOGENTRY, WRITE: logData.size=2, stateMachineData.size=17, logEntryProtoSerializedSize=0
2024-09-29 22:57:59,982 [s0@group-64B60AA06307-StateMachineUpdater] INFO  impl.SimpleStateMachine4Testing (SimpleStateMachine4Testing.java:applyTransaction(251)) - applyTransaction for log index 7
2024-09-29 22:57:59,982 [s0@group-64B60AA06307-StateMachineUpdater] INFO  impl.SimpleStateMachine4Testing (SimpleStateMachine4Testing.java:put(207)) - s0: put 7, m3 -> (t:1, i:7), STATEMACHINELOGENTRY, WRITE: logData.size=2, stateMachineData.size=17, logEntryProtoSerializedSize=0
2024-09-29 22:57:59,986 [s2@group-64B60AA06307-StateMachineUpdater] INFO  impl.SimpleStateMachine4Testing (SimpleStateMachine4Testing.java:applyTransaction(251)) - applyTransaction for log index 9
2024-09-29 22:57:59,986 [s2@group-64B60AA06307-StateMachineUpdater] INFO  impl.SimpleStateMachine4Testing (SimpleStateMachine4Testing.java:put(207)) - s2: put 9, m4 -> (t:1, i:9), STATEMACHINELOGENTRY, WRITE: logData.size=2, stateMachineData.size=17, logEntryProtoSerializedSize=0
2024-09-29 22:57:59,987 [s0@group-64B60AA06307-StateMachineUpdater] INFO  impl.SimpleStateMachine4Testing (SimpleStateMachine4Testing.java:applyTransaction(251)) - applyTransaction for log index 9
2024-09-29 22:57:59,987 [s1@group-64B60AA06307-StateMachineUpdater] INFO  impl.SimpleStateMachine4Testing (SimpleStateMachine4Testing.java:applyTransaction(251)) - applyTransaction for log index 9
2024-09-29 22:57:59,987 [s1@group-64B60AA06307-StateMachineUpdater] INFO  impl.SimpleStateMachine4Testing (SimpleStateMachine4Testing.java:put(207)) - s1: put 9, m4 -> (t:1, i:9), STATEMACHINELOGENTRY, WRITE: logData.size=2, stateMachineData.size=17, logEntryProtoSerializedSize=0
2024-09-29 22:57:59,987 [s0@group-64B60AA06307-StateMachineUpdater] INFO  impl.SimpleStateMachine4Testing (SimpleStateMachine4Testing.java:put(207)) - s0: put 9, m4 -> (t:1, i:9), STATEMACHINELOGENTRY, WRITE: logData.size=2, stateMachineData.size=17, logEntryProtoSerializedSize=0
2024-09-29 22:57:59,990 [s2@group-64B60AA06307-StateMachineUpdater] INFO  impl.SimpleStateMachine4Testing (SimpleStateMachine4Testing.java:applyTransaction(251)) - applyTransaction for log index 11
2024-09-29 22:57:59,991 [s2@group-64B60AA06307-StateMachineUpdater] INFO  impl.SimpleStateMachine4Testing (SimpleStateMachine4Testing.java:put(207)) - s2: put 11, m5 -> (t:1, i:11), STATEMACHINELOGENTRY, WRITE: logData.size=2, stateMachineData.size=17, logEntryProtoSerializedSize=0
2024-09-29 22:57:59,993 [s1@group-64B60AA06307-StateMachineUpdater] INFO  impl.SimpleStateMachine4Testing (SimpleStateMachine4Testing.java:applyTransaction(251)) - applyTransaction for log index 11
2024-09-29 22:57:59,993 [s1@group-64B60AA06307-StateMachineUpdater] INFO  impl.SimpleStateMachine4Testing (SimpleStateMachine4Testing.java:put(207)) - s1: put 11, m5 -> (t:1, i:11), STATEMACHINELOGENTRY, WRITE: logData.size=2, stateMachineData.size=17, logEntryProtoSerializedSize=0
2024-09-29 22:57:59,994 [s0@group-64B60AA06307-StateMachineUpdater] INFO  impl.SimpleStateMachine4Testing (SimpleStateMachine4Testing.java:applyTransaction(251)) - applyTransaction for log index 11
2024-09-29 22:57:59,995 [s0@group-64B60AA06307-StateMachineUpdater] INFO  impl.SimpleStateMachine4Testing (SimpleStateMachine4Testing.java:put(207)) - s0: put 11, m5 -> (t:1, i:11), STATEMACHINELOGENTRY, WRITE: logData.size=2, stateMachineData.size=17, logEntryProtoSerializedSize=0
2024-09-29 22:57:59,996 [s2@group-64B60AA06307-StateMachineUpdater] INFO  impl.SimpleStateMachine4Testing (SimpleStateMachine4Testing.java:applyTransaction(251)) - applyTransaction for log index 13
2024-09-29 22:57:59,996 [s2@group-64B60AA06307-StateMachineUpdater] INFO  impl.SimpleStateMachine4Testing (SimpleStateMachine4Testing.java:put(207)) - s2: put 13, m6 -> (t:1, i:13), STATEMACHINELOGENTRY, WRITE: logData.size=2, stateMachineData.size=17, logEntryProtoSerializedSize=0
2024-09-29 22:57:59,998 [s1@group-64B60AA06307-StateMachineUpdater] INFO  impl.SimpleStateMachine4Testing (SimpleStateMachine4Testing.java:applyTransaction(251)) - applyTransaction for log index 13
2024-09-29 22:57:59,999 [s1@group-64B60AA06307-StateMachineUpdater] INFO  impl.SimpleStateMachine4Testing (SimpleStateMachine4Testing.java:put(207)) - s1: put 13, m6 -> (t:1, i:13), STATEMACHINELOGENTRY, WRITE: logData.size=2, stateMachineData.size=17, logEntryProtoSerializedSize=0
2024-09-29 22:57:59,999 [s0@group-64B60AA06307-StateMachineUpdater] INFO  impl.SimpleStateMachine4Testing (SimpleStateMachine4Testing.java:applyTransaction(251)) - applyTransaction for log index 13
2024-09-29 22:57:59,999 [s0@group-64B60AA06307-StateMachineUpdater] INFO  impl.SimpleStateMachine4Testing (SimpleStateMachine4Testing.java:put(207)) - s0: put 13, m6 -> (t:1, i:13), STATEMACHINELOGENTRY, WRITE: logData.size=2, stateMachineData.size=17, logEntryProtoSerializedSize=0
2024-09-29 22:58:00,002 [s2@group-64B60AA06307-StateMachineUpdater] INFO  impl.SimpleStateMachine4Testing (SimpleStateMachine4Testing.java:applyTransaction(251)) - applyTransaction for log index 15
2024-09-29 22:58:00,002 [s2@group-64B60AA06307-StateMachineUpdater] INFO  impl.SimpleStateMachine4Testing (SimpleStateMachine4Testing.java:put(207)) - s2: put 15, m7 -> (t:1, i:15), STATEMACHINELOGENTRY, WRITE: logData.size=2, stateMachineData.size=17, logEntryProtoSerializedSize=0
2024-09-29 22:58:00,004 [s0@group-64B60AA06307-StateMachineUpdater] INFO  impl.SimpleStateMachine4Testing (SimpleStateMachine4Testing.java:applyTransaction(251)) - applyTransaction for log index 15
2024-09-29 22:58:00,004 [s0@group-64B60AA06307-StateMachineUpdater] INFO  impl.SimpleStateMachine4Testing (SimpleStateMachine4Testing.java:put(207)) - s0: put 15, m7 -> (t:1, i:15), STATEMACHINELOGENTRY, WRITE: logData.size=2, stateMachineData.size=17, logEntryProtoSerializedSize=0
2024-09-29 22:58:00,004 [s1@group-64B60AA06307-StateMachineUpdater] INFO  impl.SimpleStateMachine4Testing (SimpleStateMachine4Testing.java:applyTransaction(251)) - applyTransaction for log index 15
2024-09-29 22:58:00,004 [s1@group-64B60AA06307-StateMachineUpdater] INFO  impl.SimpleStateMachine4Testing (SimpleStateMachine4Testing.java:put(207)) - s1: put 15, m7 -> (t:1, i:15), STATEMACHINELOGENTRY, WRITE: logData.size=2, stateMachineData.size=17, logEntryProtoSerializedSize=0
2024-09-29 22:58:00,008 [s2@group-64B60AA06307-StateMachineUpdater] INFO  impl.SimpleStateMachine4Testing (SimpleStateMachine4Testing.java:applyTransaction(251)) - applyTransaction for log index 17
2024-09-29 22:58:00,008 [s2@group-64B60AA06307-StateMachineUpdater] INFO  impl.SimpleStateMachine4Testing (SimpleStateMachine4Testing.java:put(207)) - s2: put 17, m8 -> (t:1, i:17), STATEMACHINELOGENTRY, WRITE: logData.size=2, stateMachineData.size=17, logEntryProtoSerializedSize=0
2024-09-29 22:58:00,009 [s0@group-64B60AA06307-StateMachineUpdater] INFO  impl.SimpleStateMachine4Testing (SimpleStateMachine4Testing.java:applyTransaction(251)) - applyTransaction for log index 17
2024-09-29 22:58:00,010 [s0@group-64B60AA06307-StateMachineUpdater] INFO  impl.SimpleStateMachine4Testing (SimpleStateMachine4Testing.java:put(207)) - s0: put 17, m8 -> (t:1, i:17), STATEMACHINELOGENTRY, WRITE: logData.size=2, stateMachineData.size=17, logEntryProtoSerializedSize=0
2024-09-29 22:58:00,012 [s1@group-64B60AA06307-StateMachineUpdater] INFO  impl.SimpleStateMachine4Testing (SimpleStateMachine4Testing.java:applyTransaction(251)) - applyTransaction for log index 17
2024-09-29 22:58:00,012 [s1@group-64B60AA06307-StateMachineUpdater] INFO  impl.SimpleStateMachine4Testing (SimpleStateMachine4Testing.java:put(207)) - s1: put 17, m8 -> (t:1, i:17), STATEMACHINELOGENTRY, WRITE: logData.size=2, stateMachineData.size=17, logEntryProtoSerializedSize=0
2024-09-29 22:58:00,016 [s2@group-64B60AA06307-StateMachineUpdater] INFO  impl.SimpleStateMachine4Testing (SimpleStateMachine4Testing.java:applyTransaction(251)) - applyTransaction for log index 19
2024-09-29 22:58:00,016 [s2@group-64B60AA06307-StateMachineUpdater] INFO  impl.SimpleStateMachine4Testing (SimpleStateMachine4Testing.java:put(207)) - s2: put 19, m9 -> (t:1, i:19), STATEMACHINELOGENTRY, WRITE: logData.size=2, stateMachineData.size=17, logEntryProtoSerializedSize=0
2024-09-29 22:58:00,017 [s0@group-64B60AA06307-StateMachineUpdater] INFO  impl.SimpleStateMachine4Testing (SimpleStateMachine4Testing.java:applyTransaction(251)) - applyTransaction for log index 19
2024-09-29 22:58:00,017 [s0@group-64B60AA06307-StateMachineUpdater] INFO  impl.SimpleStateMachine4Testing (SimpleStateMachine4Testing.java:put(207)) - s0: put 19, m9 -> (t:1, i:19), STATEMACHINELOGENTRY, WRITE: logData.size=2, stateMachineData.size=17, logEntryProtoSerializedSize=0
2024-09-29 22:58:00,017 [s1@group-64B60AA06307-StateMachineUpdater] INFO  impl.SimpleStateMachine4Testing (SimpleStateMachine4Testing.java:applyTransaction(251)) - applyTransaction for log index 19
2024-09-29 22:58:00,017 [s1@group-64B60AA06307-StateMachineUpdater] INFO  impl.SimpleStateMachine4Testing (SimpleStateMachine4Testing.java:put(207)) - s1: put 19, m9 -> (t:1, i:19), STATEMACHINELOGENTRY, WRITE: logData.size=2, stateMachineData.size=17, logEntryProtoSerializedSize=0
2024-09-29 22:58:00,022 [s2@group-64B60AA06307-StateMachineUpdater] INFO  impl.SimpleStateMachine4Testing (SimpleStateMachine4Testing.java:applyTransaction(251)) - applyTransaction for log index 21
2024-09-29 22:58:00,022 [s2@group-64B60AA06307-StateMachineUpdater] INFO  impl.SimpleStateMachine4Testing (SimpleStateMachine4Testing.java:put(207)) - s2: put 21, m10 -> (t:1, i:21), STATEMACHINELOGENTRY, WRITE: logData.size=3, stateMachineData.size=17, logEntryProtoSerializedSize=0
2024-09-29 22:58:00,024 [s0@group-64B60AA06307-StateMachineUpdater] INFO  impl.SimpleStateMachine4Testing (SimpleStateMachine4Testing.java:applyTransaction(251)) - applyTransaction for log index 21
2024-09-29 22:58:00,024 [s0@group-64B60AA06307-StateMachineUpdater] INFO  impl.SimpleStateMachine4Testing (SimpleStateMachine4Testing.java:put(207)) - s0: put 21, m10 -> (t:1, i:21), STATEMACHINELOGENTRY, WRITE: logData.size=3, stateMachineData.size=17, logEntryProtoSerializedSize=0
2024-09-29 22:58:00,024 [s1@group-64B60AA06307-StateMachineUpdater] INFO  impl.SimpleStateMachine4Testing (SimpleStateMachine4Testing.java:applyTransaction(251)) - applyTransaction for log index 21
2024-09-29 22:58:00,024 [s1@group-64B60AA06307-StateMachineUpdater] INFO  impl.SimpleStateMachine4Testing (SimpleStateMachine4Testing.java:put(207)) - s1: put 21, m10 -> (t:1, i:21), STATEMACHINELOGENTRY, WRITE: logData.size=3, stateMachineData.size=17, logEntryProtoSerializedSize=0
2024-09-29 22:58:00,027 [s2@group-64B60AA06307-StateMachineUpdater] INFO  impl.SimpleStateMachine4Testing (SimpleStateMachine4Testing.java:applyTransaction(251)) - applyTransaction for log index 23
2024-09-29 22:58:00,027 [s2@group-64B60AA06307-StateMachineUpdater] INFO  impl.SimpleStateMachine4Testing (SimpleStateMachine4Testing.java:put(207)) - s2: put 23, m11 -> (t:1, i:23), STATEMACHINELOGENTRY, WRITE: logData.size=3, stateMachineData.size=17, logEntryProtoSerializedSize=0
2024-09-29 22:58:00,028 [s0@group-64B60AA06307-StateMachineUpdater] INFO  impl.SimpleStateMachine4Testing (SimpleStateMachine4Testing.java:applyTransaction(251)) - applyTransaction for log index 23
2024-09-29 22:58:00,028 [s0@group-64B60AA06307-StateMachineUpdater] INFO  impl.SimpleStateMachine4Testing (SimpleStateMachine4Testing.java:put(207)) - s0: put 23, m11 -> (t:1, i:23), STATEMACHINELOGENTRY, WRITE: logData.size=3, stateMachineData.size=17, logEntryProtoSerializedSize=0
2024-09-29 22:58:00,029 [s1@group-64B60AA06307-StateMachineUpdater] INFO  impl.SimpleStateMachine4Testing (SimpleStateMachine4Testing.java:applyTransaction(251)) - applyTransaction for log index 23
2024-09-29 22:58:00,030 [s1@group-64B60AA06307-StateMachineUpdater] INFO  impl.SimpleStateMachine4Testing (SimpleStateMachine4Testing.java:put(207)) - s1: put 23, m11 -> (t:1, i:23), STATEMACHINELOGENTRY, WRITE: logData.size=3, stateMachineData.size=17, logEntryProtoSerializedSize=0
2024-09-29 22:58:00,034 [s2@group-64B60AA06307-StateMachineUpdater] INFO  impl.SimpleStateMachine4Testing (SimpleStateMachine4Testing.java:applyTransaction(251)) - applyTransaction for log index 25
2024-09-29 22:58:00,034 [s2@group-64B60AA06307-StateMachineUpdater] INFO  impl.SimpleStateMachine4Testing (SimpleStateMachine4Testing.java:put(207)) - s2: put 25, m12 -> (t:1, i:25), STATEMACHINELOGENTRY, WRITE: logData.size=3, stateMachineData.size=17, logEntryProtoSerializedSize=0
2024-09-29 22:58:00,036 [s0@group-64B60AA06307-StateMachineUpdater] INFO  impl.SimpleStateMachine4Testing (SimpleStateMachine4Testing.java:applyTransaction(251)) - applyTransaction for log index 25
2024-09-29 22:58:00,036 [s0@group-64B60AA06307-StateMachineUpdater] INFO  impl.SimpleStateMachine4Testing (SimpleStateMachine4Testing.java:put(207)) - s0: put 25, m12 -> (t:1, i:25), STATEMACHINELOGENTRY, WRITE: logData.size=3, stateMachineData.size=17, logEntryProtoSerializedSize=0
2024-09-29 22:58:00,037 [s1@group-64B60AA06307-StateMachineUpdater] INFO  impl.SimpleStateMachine4Testing (SimpleStateMachine4Testing.java:applyTransaction(251)) - applyTransaction for log index 25
2024-09-29 22:58:00,037 [s1@group-64B60AA06307-StateMachineUpdater] INFO  impl.SimpleStateMachine4Testing (SimpleStateMachine4Testing.java:put(207)) - s1: put 25, m12 -> (t:1, i:25), STATEMACHINELOGENTRY, WRITE: logData.size=3, stateMachineData.size=17, logEntryProtoSerializedSize=0
2024-09-29 22:58:00,041 [s2@group-64B60AA06307-StateMachineUpdater] INFO  impl.SimpleStateMachine4Testing (SimpleStateMachine4Testing.java:applyTransaction(251)) - applyTransaction for log index 27
2024-09-29 22:58:00,041 [s2@group-64B60AA06307-StateMachineUpdater] INFO  impl.SimpleStateMachine4Testing (SimpleStateMachine4Testing.java:put(207)) - s2: put 27, m13 -> (t:1, i:27), STATEMACHINELOGENTRY, WRITE: logData.size=3, stateMachineData.size=17, logEntryProtoSerializedSize=0
2024-09-29 22:58:00,043 [s0@group-64B60AA06307-StateMachineUpdater] INFO  impl.SimpleStateMachine4Testing (SimpleStateMachine4Testing.java:applyTransaction(251)) - applyTransaction for log index 27
2024-09-29 22:58:00,043 [s0@group-64B60AA06307-StateMachineUpdater] INFO  impl.SimpleStateMachine4Testing (SimpleStateMachine4Testing.java:put(207)) - s0: put 27, m13 -> (t:1, i:27), STATEMACHINELOGENTRY, WRITE: logData.size=3, stateMachineData.size=17, logEntryProtoSerializedSize=0
2024-09-29 22:58:00,044 [s1@group-64B60AA06307-StateMachineUpdater] INFO  impl.SimpleStateMachine4Testing (SimpleStateMachine4Testing.java:applyTransaction(251)) - applyTransaction for log index 27
2024-09-29 22:58:00,044 [s1@group-64B60AA06307-StateMachineUpdater] INFO  impl.SimpleStateMachine4Testing (SimpleStateMachine4Testing.java:put(207)) - s1: put 27, m13 -> (t:1, i:27), STATEMACHINELOGENTRY, WRITE: logData.size=3, stateMachineData.size=17, logEntryProtoSerializedSize=0
2024-09-29 22:58:00,046 [s2@group-64B60AA06307-StateMachineUpdater] INFO  impl.SimpleStateMachine4Testing (SimpleStateMachine4Testing.java:applyTransaction(251)) - applyTransaction for log index 29
2024-09-29 22:58:00,046 [s2@group-64B60AA06307-StateMachineUpdater] INFO  impl.SimpleStateMachine4Testing (SimpleStateMachine4Testing.java:put(207)) - s2: put 29, m14 -> (t:1, i:29), STATEMACHINELOGENTRY, WRITE: logData.size=3, stateMachineData.size=17, logEntryProtoSerializedSize=0
2024-09-29 22:58:00,048 [s0@group-64B60AA06307-StateMachineUpdater] INFO  impl.SimpleStateMachine4Testing (SimpleStateMachine4Testing.java:applyTransaction(251)) - applyTransaction for log index 29
2024-09-29 22:58:00,048 [s0@group-64B60AA06307-StateMachineUpdater] INFO  impl.SimpleStateMachine4Testing (SimpleStateMachine4Testing.java:put(207)) - s0: put 29, m14 -> (t:1, i:29), STATEMACHINELOGENTRY, WRITE: logData.size=3, stateMachineData.size=17, logEntryProtoSerializedSize=0
2024-09-29 22:58:00,050 [s1@group-64B60AA06307-StateMachineUpdater] INFO  impl.SimpleStateMachine4Testing (SimpleStateMachine4Testing.java:applyTransaction(251)) - applyTransaction for log index 29
2024-09-29 22:58:00,050 [s1@group-64B60AA06307-StateMachineUpdater] INFO  impl.SimpleStateMachine4Testing (SimpleStateMachine4Testing.java:put(207)) - s1: put 29, m14 -> (t:1, i:29), STATEMACHINELOGENTRY, WRITE: logData.size=3, stateMachineData.size=17, logEntryProtoSerializedSize=0
2024-09-29 22:58:00,052 [s2@group-64B60AA06307-StateMachineUpdater] INFO  impl.SimpleStateMachine4Testing (SimpleStateMachine4Testing.java:applyTransaction(251)) - applyTransaction for log index 31
2024-09-29 22:58:00,052 [s2@group-64B60AA06307-StateMachineUpdater] INFO  impl.SimpleStateMachine4Testing (SimpleStateMachine4Testing.java:put(207)) - s2: put 31, m15 -> (t:1, i:31), STATEMACHINELOGENTRY, WRITE: logData.size=3, stateMachineData.size=17, logEntryProtoSerializedSize=0
2024-09-29 22:58:00,053 [s1@group-64B60AA06307-StateMachineUpdater] INFO  impl.SimpleStateMachine4Testing (SimpleStateMachine4Testing.java:applyTransaction(251)) - applyTransaction for log index 31
2024-09-29 22:58:00,053 [s0@group-64B60AA06307-StateMachineUpdater] INFO  impl.SimpleStateMachine4Testing (SimpleStateMachine4Testing.java:applyTransaction(251)) - applyTransaction for log index 31
2024-09-29 22:58:00,053 [s1@group-64B60AA06307-StateMachineUpdater] INFO  impl.SimpleStateMachine4Testing (SimpleStateMachine4Testing.java:put(207)) - s1: put 31, m15 -> (t:1, i:31), STATEMACHINELOGENTRY, WRITE: logData.size=3, stateMachineData.size=17, logEntryProtoSerializedSize=0
2024-09-29 22:58:00,053 [s0@group-64B60AA06307-StateMachineUpdater] INFO  impl.SimpleStateMachine4Testing (SimpleStateMachine4Testing.java:put(207)) - s0: put 31, m15 -> (t:1, i:31), STATEMACHINELOGENTRY, WRITE: logData.size=3, stateMachineData.size=17, logEntryProtoSerializedSize=0
2024-09-29 22:58:00,058 [s2@group-64B60AA06307-StateMachineUpdater] INFO  impl.SimpleStateMachine4Testing (SimpleStateMachine4Testing.java:applyTransaction(251)) - applyTransaction for log index 33
2024-09-29 22:58:00,058 [s2@group-64B60AA06307-StateMachineUpdater] INFO  impl.SimpleStateMachine4Testing (SimpleStateMachine4Testing.java:put(207)) - s2: put 33, m16 -> (t:1, i:33), STATEMACHINELOGENTRY, WRITE: logData.size=3, stateMachineData.size=17, logEntryProtoSerializedSize=0
2024-09-29 22:58:00,059 [s0@group-64B60AA06307-StateMachineUpdater] INFO  impl.SimpleStateMachine4Testing (SimpleStateMachine4Testing.java:applyTransaction(251)) - applyTransaction for log index 33
2024-09-29 22:58:00,059 [s0@group-64B60AA06307-StateMachineUpdater] INFO  impl.SimpleStateMachine4Testing (SimpleStateMachine4Testing.java:put(207)) - s0: put 33, m16 -> (t:1, i:33), STATEMACHINELOGENTRY, WRITE: logData.size=3, stateMachineData.size=17, logEntryProtoSerializedSize=0
2024-09-29 22:58:00,060 [s1@group-64B60AA06307-StateMachineUpdater] INFO  impl.SimpleStateMachine4Testing (SimpleStateMachine4Testing.java:applyTransaction(251)) - applyTransaction for log index 33
2024-09-29 22:58:00,060 [s1@group-64B60AA06307-StateMachineUpdater] INFO  impl.SimpleStateMachine4Testing (SimpleStateMachine4Testing.java:put(207)) - s1: put 33, m16 -> (t:1, i:33), STATEMACHINELOGENTRY, WRITE: logData.size=3, stateMachineData.size=17, logEntryProtoSerializedSize=0
2024-09-29 22:58:00,064 [s2@group-64B60AA06307-StateMachineUpdater] INFO  impl.SimpleStateMachine4Testing (SimpleStateMachine4Testing.java:applyTransaction(251)) - applyTransaction for log index 35
2024-09-29 22:58:00,064 [s2@group-64B60AA06307-StateMachineUpdater] INFO  impl.SimpleStateMachine4Testing (SimpleStateMachine4Testing.java:put(207)) - s2: put 35, m17 -> (t:1, i:35), STATEMACHINELOGENTRY, WRITE: logData.size=3, stateMachineData.size=17, logEntryProtoSerializedSize=0
2024-09-29 22:58:00,065 [s0@group-64B60AA06307-StateMachineUpdater] INFO  impl.SimpleStateMachine4Testing (SimpleStateMachine4Testing.java:applyTransaction(251)) - applyTransaction for log index 35
2024-09-29 22:58:00,065 [s0@group-64B60AA06307-StateMachineUpdater] INFO  impl.SimpleStateMachine4Testing (SimpleStateMachine4Testing.java:put(207)) - s0: put 35, m17 -> (t:1, i:35), STATEMACHINELOGENTRY, WRITE: logData.size=3, stateMachineData.size=17, logEntryProtoSerializedSize=0
2024-09-29 22:58:00,065 [s1@group-64B60AA06307-StateMachineUpdater] INFO  impl.SimpleStateMachine4Testing (SimpleStateMachine4Testing.java:applyTransaction(251)) - applyTransaction for log index 35
2024-09-29 22:58:00,066 [s1@group-64B60AA06307-StateMachineUpdater] INFO  impl.SimpleStateMachine4Testing (SimpleStateMachine4Testing.java:put(207)) - s1: put 35, m17 -> (t:1, i:35), STATEMACHINELOGENTRY, WRITE: logData.size=3, stateMachineData.size=17, logEntryProtoSerializedSize=0
2024-09-29 22:58:00,070 [s2@group-64B60AA06307-StateMachineUpdater] INFO  impl.SimpleStateMachine4Testing (SimpleStateMachine4Testing.java:applyTransaction(251)) - applyTransaction for log index 37
2024-09-29 22:58:00,070 [s2@group-64B60AA06307-StateMachineUpdater] INFO  impl.SimpleStateMachine4Testing (SimpleStateMachine4Testing.java:put(207)) - s2: put 37, m18 -> (t:1, i:37), STATEMACHINELOGENTRY, WRITE: logData.size=3, stateMachineData.size=17, logEntryProtoSerializedSize=0
2024-09-29 22:58:00,072 [s0@group-64B60AA06307-StateMachineUpdater] INFO  impl.SimpleStateMachine4Testing (SimpleStateMachine4Testing.java:applyTransaction(251)) - applyTransaction for log index 37
2024-09-29 22:58:00,072 [s0@group-64B60AA06307-StateMachineUpdater] INFO  impl.SimpleStateMachine4Testing (SimpleStateMachine4Testing.java:put(207)) - s0: put 37, m18 -> (t:1, i:37), STATEMACHINELOGENTRY, WRITE: logData.size=3, stateMachineData.size=17, logEntryProtoSerializedSize=0
2024-09-29 22:58:00,072 [s1@group-64B60AA06307-StateMachineUpdater] INFO  impl.SimpleStateMachine4Testing (SimpleStateMachine4Testing.java:applyTransaction(251)) - applyTransaction for log index 37
2024-09-29 22:58:00,072 [s1@group-64B60AA06307-StateMachineUpdater] INFO  impl.SimpleStateMachine4Testing (SimpleStateMachine4Testing.java:put(207)) - s1: put 37, m18 -> (t:1, i:37), STATEMACHINELOGENTRY, WRITE: logData.size=3, stateMachineData.size=17, logEntryProtoSerializedSize=0
2024-09-29 22:58:00,076 [s2@group-64B60AA06307-StateMachineUpdater] INFO  impl.SimpleStateMachine4Testing (SimpleStateMachine4Testing.java:applyTransaction(251)) - applyTransaction for log index 39
2024-09-29 22:58:00,076 [s2@group-64B60AA06307-StateMachineUpdater] INFO  impl.SimpleStateMachine4Testing (SimpleStateMachine4Testing.java:put(207)) - s2: put 39, m19 -> (t:1, i:39), STATEMACHINELOGENTRY, WRITE: logData.size=3, stateMachineData.size=17, logEntryProtoSerializedSize=0
2024-09-29 22:58:00,077 [s0@group-64B60AA06307-StateMachineUpdater] INFO  impl.SimpleStateMachine4Testing (SimpleStateMachine4Testing.java:applyTransaction(251)) - applyTransaction for log index 39
2024-09-29 22:58:00,077 [s1@group-64B60AA06307-StateMachineUpdater] INFO  impl.SimpleStateMachine4Testing (SimpleStateMachine4Testing.java:applyTransaction(251)) - applyTransaction for log index 39
2024-09-29 22:58:00,077 [s0@group-64B60AA06307-StateMachineUpdater] INFO  impl.SimpleStateMachine4Testing (SimpleStateMachine4Testing.java:put(207)) - s0: put 39, m19 -> (t:1, i:39), STATEMACHINELOGENTRY, WRITE: logData.size=3, stateMachineData.size=17, logEntryProtoSerializedSize=0
2024-09-29 22:58:00,077 [s1@group-64B60AA06307-StateMachineUpdater] INFO  impl.SimpleStateMachine4Testing (SimpleStateMachine4Testing.java:put(207)) - s1: put 39, m19 -> (t:1, i:39), STATEMACHINELOGENTRY, WRITE: logData.size=3, stateMachineData.size=17, logEntryProtoSerializedSize=0
2024-09-29 22:58:00,082 [s2@group-64B60AA06307-StateMachineUpdater] INFO  impl.SimpleStateMachine4Testing (SimpleStateMachine4Testing.java:applyTransaction(251)) - applyTransaction for log index 41
2024-09-29 22:58:00,082 [s2@group-64B60AA06307-StateMachineUpdater] INFO  impl.SimpleStateMachine4Testing (SimpleStateMachine4Testing.java:put(207)) - s2: put 41, m20 -> (t:1, i:41), STATEMACHINELOGENTRY, WRITE: logData.size=3, stateMachineData.size=17, logEntryProtoSerializedSize=0
2024-09-29 22:58:00,084 [s0@group-64B60AA06307-StateMachineUpdater] INFO  impl.SimpleStateMachine4Testing (SimpleStateMachine4Testing.java:applyTransaction(251)) - applyTransaction for log index 41
2024-09-29 22:58:00,084 [s0@group-64B60AA06307-StateMachineUpdater] INFO  impl.SimpleStateMachine4Testing (SimpleStateMachine4Testing.java:put(207)) - s0: put 41, m20 -> (t:1, i:41), STATEMACHINELOGENTRY, WRITE: logData.size=3, stateMachineData.size=17, logEntryProtoSerializedSize=0
2024-09-29 22:58:00,085 [s1@group-64B60AA06307-StateMachineUpdater] INFO  impl.SimpleStateMachine4Testing (SimpleStateMachine4Testing.java:applyTransaction(251)) - applyTransaction for log index 41
2024-09-29 22:58:00,085 [s1@group-64B60AA06307-StateMachineUpdater] INFO  impl.SimpleStateMachine4Testing (SimpleStateMachine4Testing.java:put(207)) - s1: put 41, m20 -> (t:1, i:41), STATEMACHINELOGENTRY, WRITE: logData.size=3, stateMachineData.size=17, logEntryProtoSerializedSize=0
2024-09-29 22:58:00,088 [s2@group-64B60AA06307-StateMachineUpdater] INFO  impl.SimpleStateMachine4Testing (SimpleStateMachine4Testing.java:applyTransaction(251)) - applyTransaction for log index 43
2024-09-29 22:58:00,088 [s2@group-64B60AA06307-StateMachineUpdater] INFO  impl.SimpleStateMachine4Testing (SimpleStateMachine4Testing.java:put(207)) - s2: put 43, m21 -> (t:1, i:43), STATEMACHINELOGENTRY, WRITE: logData.size=3, stateMachineData.size=17, logEntryProtoSerializedSize=0
2024-09-29 22:58:00,090 [s1@group-64B60AA06307-StateMachineUpdater] INFO  impl.SimpleStateMachine4Testing (SimpleStateMachine4Testing.java:applyTransaction(251)) - applyTransaction for log index 43
2024-09-29 22:58:00,090 [s1@group-64B60AA06307-StateMachineUpdater] INFO  impl.SimpleStateMachine4Testing (SimpleStateMachine4Testing.java:put(207)) - s1: put 43, m21 -> (t:1, i:43), STATEMACHINELOGENTRY, WRITE: logData.size=3, stateMachineData.size=17, logEntryProtoSerializedSize=0
2024-09-29 22:58:00,090 [s0@group-64B60AA06307-StateMachineUpdater] INFO  impl.SimpleStateMachine4Testing (SimpleStateMachine4Testing.java:applyTransaction(251)) - applyTransaction for log index 43
2024-09-29 22:58:00,090 [s0@group-64B60AA06307-StateMachineUpdater] INFO  impl.SimpleStateMachine4Testing (SimpleStateMachine4Testing.java:put(207)) - s0: put 43, m21 -> (t:1, i:43), STATEMACHINELOGENTRY, WRITE: logData.size=3, stateMachineData.size=17, logEntryProtoSerializedSize=0
2024-09-29 22:58:00,093 [s2@group-64B60AA06307-StateMachineUpdater] INFO  impl.SimpleStateMachine4Testing (SimpleStateMachine4Testing.java:applyTransaction(251)) - applyTransaction for log index 45
2024-09-29 22:58:00,094 [s2@group-64B60AA06307-StateMachineUpdater] INFO  impl.SimpleStateMachine4Testing (SimpleStateMachine4Testing.java:put(207)) - s2: put 45, m22 -> (t:1, i:45), STATEMACHINELOGENTRY, WRITE: logData.size=3, stateMachineData.size=17, logEntryProtoSerializedSize=0
2024-09-29 22:58:00,095 [s0@group-64B60AA06307-StateMachineUpdater] INFO  impl.SimpleStateMachine4Testing (SimpleStateMachine4Testing.java:applyTransaction(251)) - applyTransaction for log index 45
2024-09-29 22:58:00,095 [s0@group-64B60AA06307-StateMachineUpdater] INFO  impl.SimpleStateMachine4Testing (SimpleStateMachine4Testing.java:put(207)) - s0: put 45, m22 -> (t:1, i:45), STATEMACHINELOGENTRY, WRITE: logData.size=3, stateMachineData.size=17, logEntryProtoSerializedSize=0
2024-09-29 22:58:00,095 [s1@group-64B60AA06307-StateMachineUpdater] INFO  impl.SimpleStateMachine4Testing (SimpleStateMachine4Testing.java:applyTransaction(251)) - applyTransaction for log index 45
2024-09-29 22:58:00,096 [s1@group-64B60AA06307-StateMachineUpdater] INFO  impl.SimpleStateMachine4Testing (SimpleStateMachine4Testing.java:put(207)) - s1: put 45, m22 -> (t:1, i:45), STATEMACHINELOGENTRY, WRITE: logData.size=3, stateMachineData.size=17, logEntryProtoSerializedSize=0
2024-09-29 22:58:00,099 [s2@group-64B60AA06307-StateMachineUpdater] INFO  impl.SimpleStateMachine4Testing (SimpleStateMachine4Testing.java:applyTransaction(251)) - applyTransaction for log index 47
2024-09-29 22:58:00,099 [s2@group-64B60AA06307-StateMachineUpdater] INFO  impl.SimpleStateMachine4Testing (SimpleStateMachine4Testing.java:put(207)) - s2: put 47, m23 -> (t:1, i:47), STATEMACHINELOGENTRY, WRITE: logData.size=3, stateMachineData.size=17, logEntryProtoSerializedSize=0
2024-09-29 22:58:00,101 [s1@group-64B60AA06307-StateMachineUpdater] INFO  impl.SimpleStateMachine4Testing (SimpleStateMachine4Testing.java:applyTransaction(251)) - applyTransaction for log index 47
2024-09-29 22:58:00,101 [s1@group-64B60AA06307-StateMachineUpdater] INFO  impl.SimpleStateMachine4Testing (SimpleStateMachine4Testing.java:put(207)) - s1: put 47, m23 -> (t:1, i:47), STATEMACHINELOGENTRY, WRITE: logData.size=3, stateMachineData.size=17, logEntryProtoSerializedSize=0
2024-09-29 22:58:00,101 [s0@group-64B60AA06307-StateMachineUpdater] INFO  impl.SimpleStateMachine4Testing (SimpleStateMachine4Testing.java:applyTransaction(251)) - applyTransaction for log index 47
2024-09-29 22:58:00,101 [s0@group-64B60AA06307-StateMachineUpdater] INFO  impl.SimpleStateMachine4Testing (SimpleStateMachine4Testing.java:put(207)) - s0: put 47, m23 -> (t:1, i:47), STATEMACHINELOGENTRY, WRITE: logData.size=3, stateMachineData.size=17, logEntryProtoSerializedSize=0
2024-09-29 22:58:00,105 [s2@group-64B60AA06307-StateMachineUpdater] INFO  impl.SimpleStateMachine4Testing (SimpleStateMachine4Testing.java:applyTransaction(251)) - applyTransaction for log index 49
2024-09-29 22:58:00,105 [s2@group-64B60AA06307-StateMachineUpdater] INFO  impl.SimpleStateMachine4Testing (SimpleStateMachine4Testing.java:put(207)) - s2: put 49, m24 -> (t:1, i:49), STATEMACHINELOGENTRY, WRITE: logData.size=3, stateMachineData.size=17, logEntryProtoSerializedSize=0
2024-09-29 22:58:00,107 [s0@group-64B60AA06307-StateMachineUpdater] INFO  impl.SimpleStateMachine4Testing (SimpleStateMachine4Testing.java:applyTransaction(251)) - applyTransaction for log index 49
2024-09-29 22:58:00,107 [s0@group-64B60AA06307-StateMachineUpdater] INFO  impl.SimpleStateMachine4Testing (SimpleStateMachine4Testing.java:put(207)) - s0: put 49, m24 -> (t:1, i:49), STATEMACHINELOGENTRY, WRITE: logData.size=3, stateMachineData.size=17, logEntryProtoSerializedSize=0
2024-09-29 22:58:00,108 [s1@group-64B60AA06307-StateMachineUpdater] INFO  impl.SimpleStateMachine4Testing (SimpleStateMachine4Testing.java:applyTransaction(251)) - applyTransaction for log index 49
2024-09-29 22:58:00,109 [s1@group-64B60AA06307-StateMachineUpdater] INFO  impl.SimpleStateMachine4Testing (SimpleStateMachine4Testing.java:put(207)) - s1: put 49, m24 -> (t:1, i:49), STATEMACHINELOGENTRY, WRITE: logData.size=3, stateMachineData.size=17, logEntryProtoSerializedSize=0
2024-09-29 22:58:00,110 [s2@group-64B60AA06307-StateMachineUpdater] INFO  impl.SimpleStateMachine4Testing (SimpleStateMachine4Testing.java:applyTransaction(251)) - applyTransaction for log index 51
2024-09-29 22:58:00,110 [s2@group-64B60AA06307-StateMachineUpdater] INFO  impl.SimpleStateMachine4Testing (SimpleStateMachine4Testing.java:put(207)) - s2: put 51, m25 -> (t:1, i:51), STATEMACHINELOGENTRY, WRITE: logData.size=3, stateMachineData.size=17, logEntryProtoSerializedSize=0
2024-09-29 22:58:00,112 [s0@group-64B60AA06307-StateMachineUpdater] INFO  impl.SimpleStateMachine4Testing (SimpleStateMachine4Testing.java:applyTransaction(251)) - applyTransaction for log index 51
2024-09-29 22:58:00,112 [s0@group-64B60AA06307-StateMachineUpdater] INFO  impl.SimpleStateMachine4Testing (SimpleStateMachine4Testing.java:put(207)) - s0: put 51, m25 -> (t:1, i:51), STATEMACHINELOGENTRY, WRITE: logData.size=3, stateMachineData.size=17, logEntryProtoSerializedSize=0
2024-09-29 22:58:00,114 [s1@group-64B60AA06307-StateMachineUpdater] INFO  impl.SimpleStateMachine4Testing (SimpleStateMachine4Testing.java:applyTransaction(251)) - applyTransaction for log index 51
2024-09-29 22:58:00,114 [s1@group-64B60AA06307-StateMachineUpdater] INFO  impl.SimpleStateMachine4Testing (SimpleStateMachine4Testing.java:put(207)) - s1: put 51, m25 -> (t:1, i:51), STATEMACHINELOGENTRY, WRITE: logData.size=3, stateMachineData.size=17, logEntryProtoSerializedSize=0
2024-09-29 22:58:00,115 [s2@group-64B60AA06307-StateMachineUpdater] INFO  impl.SimpleStateMachine4Testing (SimpleStateMachine4Testing.java:applyTransaction(251)) - applyTransaction for log index 53
2024-09-29 22:58:00,115 [s2@group-64B60AA06307-StateMachineUpdater] INFO  impl.SimpleStateMachine4Testing (SimpleStateMachine4Testing.java:put(207)) - s2: put 53, m26 -> (t:1, i:53), STATEMACHINELOGENTRY, WRITE: logData.size=3, stateMachineData.size=17, logEntryProtoSerializedSize=0
2024-09-29 22:58:00,116 [s0@group-64B60AA06307-StateMachineUpdater] INFO  impl.SimpleStateMachine4Testing (SimpleStateMachine4Testing.java:applyTransaction(251)) - applyTransaction for log index 53
2024-09-29 22:58:00,116 [s0@group-64B60AA06307-StateMachineUpdater] INFO  impl.SimpleStateMachine4Testing (SimpleStateMachine4Testing.java:put(207)) - s0: put 53, m26 -> (t:1, i:53), STATEMACHINELOGENTRY, WRITE: logData.size=3, stateMachineData.size=17, logEntryProtoSerializedSize=0
2024-09-29 22:58:00,120 [s1@group-64B60AA06307-StateMachineUpdater] INFO  impl.SimpleStateMachine4Testing (SimpleStateMachine4Testing.java:applyTransaction(251)) - applyTransaction for log index 53
2024-09-29 22:58:00,120 [s1@group-64B60AA06307-StateMachineUpdater] INFO  impl.SimpleStateMachine4Testing (SimpleStateMachine4Testing.java:put(207)) - s1: put 53, m26 -> (t:1, i:53), STATEMACHINELOGENTRY, WRITE: logData.size=3, stateMachineData.size=17, logEntryProtoSerializedSize=0
2024-09-29 22:58:00,121 [s2@group-64B60AA06307-StateMachineUpdater] INFO  impl.SimpleStateMachine4Testing (SimpleStateMachine4Testing.java:applyTransaction(251)) - applyTransaction for log index 55
2024-09-29 22:58:00,121 [s2@group-64B60AA06307-StateMachineUpdater] INFO  impl.SimpleStateMachine4Testing (SimpleStateMachine4Testing.java:put(207)) - s2: put 55, m27 -> (t:1, i:55), STATEMACHINELOGENTRY, WRITE: logData.size=3, stateMachineData.size=17, logEntryProtoSerializedSize=0
2024-09-29 22:58:00,123 [s0@group-64B60AA06307-StateMachineUpdater] INFO  impl.SimpleStateMachine4Testing (SimpleStateMachine4Testing.java:applyTransaction(251)) - applyTransaction for log index 55
2024-09-29 22:58:00,123 [s0@group-64B60AA06307-StateMachineUpdater] INFO  impl.SimpleStateMachine4Testing (SimpleStateMachine4Testing.java:put(207)) - s0: put 55, m27 -> (t:1, i:55), STATEMACHINELOGENTRY, WRITE: logData.size=3, stateMachineData.size=17, logEntryProtoSerializedSize=0
2024-09-29 22:58:00,124 [s1@group-64B60AA06307-StateMachineUpdater] INFO  impl.SimpleStateMachine4Testing (SimpleStateMachine4Testing.java:applyTransaction(251)) - applyTransaction for log index 55
2024-09-29 22:58:00,124 [s1@group-64B60AA06307-StateMachineUpdater] INFO  impl.SimpleStateMachine4Testing (SimpleStateMachine4Testing.java:put(207)) - s1: put 55, m27 -> (t:1, i:55), STATEMACHINELOGENTRY, WRITE: logData.size=3, stateMachineData.size=17, logEntryProtoSerializedSize=0
2024-09-29 22:58:00,127 [s2@group-64B60AA06307-StateMachineUpdater] INFO  impl.SimpleStateMachine4Testing (SimpleStateMachine4Testing.java:applyTransaction(251)) - applyTransaction for log index 57
2024-09-29 22:58:00,127 [s2@group-64B60AA06307-StateMachineUpdater] INFO  impl.SimpleStateMachine4Testing (SimpleStateMachine4Testing.java:put(207)) - s2: put 57, m28 -> (t:1, i:57), STATEMACHINELOGENTRY, WRITE: logData.size=3, stateMachineData.size=17, logEntryProtoSerializedSize=0
2024-09-29 22:58:00,128 [s0@group-64B60AA06307-StateMachineUpdater] INFO  impl.SimpleStateMachine4Testing (SimpleStateMachine4Testing.java:applyTransaction(251)) - applyTransaction for log index 57
2024-09-29 22:58:00,129 [s0@group-64B60AA06307-StateMachineUpdater] INFO  impl.SimpleStateMachine4Testing (SimpleStateMachine4Testing.java:put(207)) - s0: put 57, m28 -> (t:1, i:57), STATEMACHINELOGENTRY, WRITE: logData.size=3, stateMachineData.size=17, logEntryProtoSerializedSize=0
2024-09-29 22:58:00,130 [s1@group-64B60AA06307-StateMachineUpdater] INFO  impl.SimpleStateMachine4Testing (SimpleStateMachine4Testing.java:applyTransaction(251)) - applyTransaction for log index 57
2024-09-29 22:58:00,130 [s1@group-64B60AA06307-StateMachineUpdater] INFO  impl.SimpleStateMachine4Testing (SimpleStateMachine4Testing.java:put(207)) - s1: put 57, m28 -> (t:1, i:57), STATEMACHINELOGENTRY, WRITE: logData.size=3, stateMachineData.size=17, logEntryProtoSerializedSize=0
2024-09-29 22:58:00,133 [s2@group-64B60AA06307-StateMachineUpdater] INFO  impl.SimpleStateMachine4Testing (SimpleStateMachine4Testing.java:applyTransaction(251)) - applyTransaction for log index 59
2024-09-29 22:58:00,133 [s2@group-64B60AA06307-StateMachineUpdater] INFO  impl.SimpleStateMachine4Testing (SimpleStateMachine4Testing.java:put(207)) - s2: put 59, m29 -> (t:1, i:59), STATEMACHINELOGENTRY, WRITE: logData.size=3, stateMachineData.size=17, logEntryProtoSerializedSize=0
2024-09-29 22:58:00,135 [s0@group-64B60AA06307-StateMachineUpdater] INFO  impl.SimpleStateMachine4Testing (SimpleStateMachine4Testing.java:applyTransaction(251)) - applyTransaction for log index 59
2024-09-29 22:58:00,135 [s0@group-64B60AA06307-StateMachineUpdater] INFO  impl.SimpleStateMachine4Testing (SimpleStateMachine4Testing.java:put(207)) - s0: put 59, m29 -> (t:1, i:59), STATEMACHINELOGENTRY, WRITE: logData.size=3, stateMachineData.size=17, logEntryProtoSerializedSize=0
2024-09-29 22:58:00,135 [s1@group-64B60AA06307-StateMachineUpdater] INFO  impl.SimpleStateMachine4Testing (SimpleStateMachine4Testing.java:applyTransaction(251)) - applyTransaction for log index 59
2024-09-29 22:58:00,136 [s1@group-64B60AA06307-StateMachineUpdater] INFO  impl.SimpleStateMachine4Testing (SimpleStateMachine4Testing.java:put(207)) - s1: put 59, m29 -> (t:1, i:59), STATEMACHINELOGENTRY, WRITE: logData.size=3, stateMachineData.size=17, logEntryProtoSerializedSize=0
2024-09-29 22:58:00,139 [s2@group-64B60AA06307-StateMachineUpdater] INFO  impl.SimpleStateMachine4Testing (SimpleStateMachine4Testing.java:applyTransaction(251)) - applyTransaction for log index 61
2024-09-29 22:58:00,139 [s2@group-64B60AA06307-StateMachineUpdater] INFO  impl.SimpleStateMachine4Testing (SimpleStateMachine4Testing.java:put(207)) - s2: put 61, m30 -> (t:1, i:61), STATEMACHINELOGENTRY, WRITE: logData.size=3, stateMachineData.size=17, logEntryProtoSerializedSize=0
2024-09-29 22:58:00,140 [s0@group-64B60AA06307-StateMachineUpdater] INFO  impl.SimpleStateMachine4Testing (SimpleStateMachine4Testing.java:applyTransaction(251)) - applyTransaction for log index 61
2024-09-29 22:58:00,140 [s0@group-64B60AA06307-StateMachineUpdater] INFO  impl.SimpleStateMachine4Testing (SimpleStateMachine4Testing.java:put(207)) - s0: put 61, m30 -> (t:1, i:61), STATEMACHINELOGENTRY, WRITE: logData.size=3, stateMachineData.size=17, logEntryProtoSerializedSize=0
2024-09-29 22:58:00,141 [s1@group-64B60AA06307-StateMachineUpdater] INFO  impl.SimpleStateMachine4Testing (SimpleStateMachine4Testing.java:applyTransaction(251)) - applyTransaction for log index 61
2024-09-29 22:58:00,141 [s1@group-64B60AA06307-StateMachineUpdater] INFO  impl.SimpleStateMachine4Testing (SimpleStateMachine4Testing.java:put(207)) - s1: put 61, m30 -> (t:1, i:61), STATEMACHINELOGENTRY, WRITE: logData.size=3, stateMachineData.size=17, logEntryProtoSerializedSize=0
2024-09-29 22:58:00,145 [s2@group-64B60AA06307-StateMachineUpdater] INFO  impl.SimpleStateMachine4Testing (SimpleStateMachine4Testing.java:applyTransaction(251)) - applyTransaction for log index 63
2024-09-29 22:58:00,145 [s2@group-64B60AA06307-StateMachineUpdater] INFO  impl.SimpleStateMachine4Testing (SimpleStateMachine4Testing.java:put(207)) - s2: put 63, m31 -> (t:1, i:63), STATEMACHINELOGENTRY, WRITE: logData.size=3, stateMachineData.size=17, logEntryProtoSerializedSize=0
2024-09-29 22:58:00,145 [s2@group-64B60AA06307-StateMachineUpdater] TRACE util.FileUtils (FileUtils.java:deleteFully(305)) - deleteFully /tmp/ratis-tests/statemachine/s2/snapshot/1_63
2024-09-29 22:58:00,146 [s2@group-64B60AA06307-StateMachineUpdater] TRACE util.FileUtils (FileUtils.java:deleteFully(318)) - deleteFully: /tmp/ratis-tests/statemachine/s2/snapshot/1_63 does not exist.
2024-09-29 22:58:00,146 [s2@group-64B60AA06307-StateMachineUpdater] TRACE util.FileUtils (FileUtils.java:deleteFully(305)) - deleteFully /tmp/ratis-tests/statemachine/s2/tmp/9c062d16-5cc7-4629-a67f-ea795f84b2ae
2024-09-29 22:58:00,146 [s2@group-64B60AA06307-StateMachineUpdater] TRACE util.FileUtils (FileUtils.java:deleteFully(318)) - deleteFully: /tmp/ratis-tests/statemachine/s2/tmp/9c062d16-5cc7-4629-a67f-ea795f84b2ae does not exist.
2024-09-29 22:58:00,146 [s2@group-64B60AA06307-StateMachineUpdater] TRACE util.FileUtils (LogUtils.java:runAndLog(49)) - Successfully ran Atomic Files.move /tmp/ratis-tests/statemachine/s2/tmp/9c062d16-5cc7-4629-a67f-ea795f84b2ae to /tmp/ratis-tests/statemachine/s2/snapshot/1_63
2024-09-29 22:58:00,146 [s2@group-64B60AA06307-StateMachineUpdater] INFO  impl.StateMachineUpdater (StateMachineUpdater.java:takeSnapshot(308)) - s2@group-64B60AA06307-StateMachineUpdater: Took a snapshot at index 63
2024-09-29 22:58:00,146 [s2@group-64B60AA06307-StateMachineUpdater] INFO  impl.StateMachineUpdater (StateMachineUpdater.java:lambda$new$0(102)) - s2@group-64B60AA06307-StateMachineUpdater: snapshotIndex: updateIncreasingly -1 -> 63
2024-09-29 22:58:00,146 [s2@group-64B60AA06307-StateMachineUpdater] INFO  raftlog.RaftLog (RaftLogBase.java:purge(329)) - s2@group-64B60AA06307-SegmentedRaftLog: purge 61
2024-09-29 22:58:00,147 [s0@group-64B60AA06307-StateMachineUpdater] INFO  impl.SimpleStateMachine4Testing (SimpleStateMachine4Testing.java:applyTransaction(251)) - applyTransaction for log index 63
2024-09-29 22:58:00,147 [s0@group-64B60AA06307-StateMachineUpdater] INFO  impl.SimpleStateMachine4Testing (SimpleStateMachine4Testing.java:put(207)) - s0: put 63, m31 -> (t:1, i:63), STATEMACHINELOGENTRY, WRITE: logData.size=3, stateMachineData.size=17, logEntryProtoSerializedSize=0
2024-09-29 22:58:00,147 [s2@group-64B60AA06307-StateMachineUpdater] INFO  raftlog.RaftLog (RaftLogBase.java:lambda$new$0(57)) - s2@group-64B60AA06307-SegmentedRaftLog: snapshotIndex: updateIncreasingly -1 -> 63
2024-09-29 22:58:00,147 [s2@group-64B60AA06307-StateMachineUpdater] INFO  raftlog.RaftLog (RaftLogBase.java:lambda$new$0(57)) - s2@group-64B60AA06307-SegmentedRaftLog: purgeIndex: updateToMax old=-1, new=61, updated? true
2024-09-29 22:58:00,147 [s0@group-64B60AA06307-StateMachineUpdater] TRACE util.FileUtils (FileUtils.java:deleteFully(305)) - deleteFully /tmp/ratis-tests/statemachine/s0/snapshot/1_63
2024-09-29 22:58:00,147 [s0@group-64B60AA06307-StateMachineUpdater] TRACE util.FileUtils (FileUtils.java:deleteFully(318)) - deleteFully: /tmp/ratis-tests/statemachine/s0/snapshot/1_63 does not exist.
2024-09-29 22:58:00,147 [s0@group-64B60AA06307-StateMachineUpdater] TRACE util.FileUtils (FileUtils.java:deleteFully(305)) - deleteFully /tmp/ratis-tests/statemachine/s0/tmp/9f9e6443-052a-4d26-ae5e-b746c58255eb
2024-09-29 22:58:00,147 [s0@group-64B60AA06307-StateMachineUpdater] TRACE util.FileUtils (FileUtils.java:deleteFully(318)) - deleteFully: /tmp/ratis-tests/statemachine/s0/tmp/9f9e6443-052a-4d26-ae5e-b746c58255eb does not exist.
2024-09-29 22:58:00,148 [s0@group-64B60AA06307-StateMachineUpdater] TRACE util.FileUtils (LogUtils.java:runAndLog(49)) - Successfully ran Atomic Files.move /tmp/ratis-tests/statemachine/s0/tmp/9f9e6443-052a-4d26-ae5e-b746c58255eb to /tmp/ratis-tests/statemachine/s0/snapshot/1_63
2024-09-29 22:58:00,148 [s0@group-64B60AA06307-StateMachineUpdater] INFO  impl.StateMachineUpdater (StateMachineUpdater.java:takeSnapshot(308)) - s0@group-64B60AA06307-StateMachineUpdater: Took a snapshot at index 63
2024-09-29 22:58:00,148 [s0@group-64B60AA06307-StateMachineUpdater] INFO  impl.StateMachineUpdater (StateMachineUpdater.java:lambda$new$0(102)) - s0@group-64B60AA06307-StateMachineUpdater: snapshotIndex: updateIncreasingly -1 -> 63
2024-09-29 22:58:00,148 [s0@group-64B60AA06307-StateMachineUpdater] INFO  raftlog.RaftLog (RaftLogBase.java:purge(329)) - s0@group-64B60AA06307-SegmentedRaftLog: purge 61
2024-09-29 22:58:00,148 [s0@group-64B60AA06307-StateMachineUpdater] INFO  raftlog.RaftLog (RaftLogBase.java:lambda$new$0(57)) - s0@group-64B60AA06307-SegmentedRaftLog: snapshotIndex: updateIncreasingly -1 -> 63
2024-09-29 22:58:00,148 [s0@group-64B60AA06307-StateMachineUpdater] INFO  raftlog.RaftLog (RaftLogBase.java:lambda$new$0(57)) - s0@group-64B60AA06307-SegmentedRaftLog: purgeIndex: updateToMax old=-1, new=61, updated? true
2024-09-29 22:58:00,149 [s1@group-64B60AA06307-StateMachineUpdater] INFO  impl.SimpleStateMachine4Testing (SimpleStateMachine4Testing.java:applyTransaction(251)) - applyTransaction for log index 63
2024-09-29 22:58:00,149 [s1@group-64B60AA06307-StateMachineUpdater] INFO  impl.SimpleStateMachine4Testing (SimpleStateMachine4Testing.java:put(207)) - s1: put 63, m31 -> (t:1, i:63), STATEMACHINELOGENTRY, WRITE: logData.size=3, stateMachineData.size=17, logEntryProtoSerializedSize=0
2024-09-29 22:58:00,149 [s1@group-64B60AA06307-StateMachineUpdater] TRACE util.FileUtils (FileUtils.java:deleteFully(305)) - deleteFully /tmp/ratis-tests/statemachine/s1/snapshot/1_63
2024-09-29 22:58:00,149 [s1@group-64B60AA06307-StateMachineUpdater] TRACE util.FileUtils (FileUtils.java:deleteFully(318)) - deleteFully: /tmp/ratis-tests/statemachine/s1/snapshot/1_63 does not exist.
2024-09-29 22:58:00,149 [s1@group-64B60AA06307-StateMachineUpdater] TRACE util.FileUtils (FileUtils.java:deleteFully(305)) - deleteFully /tmp/ratis-tests/statemachine/s1/tmp/91c4e1df-c1e3-4874-865d-c56b5573f3a0
2024-09-29 22:58:00,149 [s1@group-64B60AA06307-StateMachineUpdater] TRACE util.FileUtils (FileUtils.java:deleteFully(318)) - deleteFully: /tmp/ratis-tests/statemachine/s1/tmp/91c4e1df-c1e3-4874-865d-c56b5573f3a0 does not exist.
2024-09-29 22:58:00,150 [s1@group-64B60AA06307-StateMachineUpdater] TRACE util.FileUtils (LogUtils.java:runAndLog(49)) - Successfully ran Atomic Files.move /tmp/ratis-tests/statemachine/s1/tmp/91c4e1df-c1e3-4874-865d-c56b5573f3a0 to /tmp/ratis-tests/statemachine/s1/snapshot/1_63
2024-09-29 22:58:00,150 [s1@group-64B60AA06307-StateMachineUpdater] INFO  impl.StateMachineUpdater (StateMachineUpdater.java:takeSnapshot(308)) - s1@group-64B60AA06307-StateMachineUpdater: Took a snapshot at index 63
2024-09-29 22:58:00,150 [s1@group-64B60AA06307-StateMachineUpdater] INFO  impl.StateMachineUpdater (StateMachineUpdater.java:lambda$new$0(102)) - s1@group-64B60AA06307-StateMachineUpdater: snapshotIndex: updateIncreasingly -1 -> 63
2024-09-29 22:58:00,150 [s1@group-64B60AA06307-StateMachineUpdater] INFO  raftlog.RaftLog (RaftLogBase.java:purge(329)) - s1@group-64B60AA06307-SegmentedRaftLog: purge 61
2024-09-29 22:58:00,150 [s1@group-64B60AA06307-StateMachineUpdater] INFO  raftlog.RaftLog (RaftLogBase.java:lambda$new$0(57)) - s1@group-64B60AA06307-SegmentedRaftLog: snapshotIndex: updateIncreasingly -1 -> 63
2024-09-29 22:58:00,150 [s1@group-64B60AA06307-StateMachineUpdater] INFO  raftlog.RaftLog (RaftLogBase.java:lambda$new$0(57)) - s1@group-64B60AA06307-SegmentedRaftLog: purgeIndex: updateToMax old=-1, new=61, updated? true
2024-09-29 22:58:00,154 [s2@group-64B60AA06307-StateMachineUpdater] INFO  impl.SimpleStateMachine4Testing (SimpleStateMachine4Testing.java:applyTransaction(251)) - applyTransaction for log index 65
2024-09-29 22:58:00,154 [s2@group-64B60AA06307-StateMachineUpdater] INFO  impl.SimpleStateMachine4Testing (SimpleStateMachine4Testing.java:put(207)) - s2: put 65, m32 -> (t:1, i:65), STATEMACHINELOGENTRY, WRITE: logData.size=3, stateMachineData.size=17, logEntryProtoSerializedSize=0
2024-09-29 22:58:00,156 [s1@group-64B60AA06307-StateMachineUpdater] INFO  impl.SimpleStateMachine4Testing (SimpleStateMachine4Testing.java:applyTransaction(251)) - applyTransaction for log index 65
2024-09-29 22:58:00,156 [s1@group-64B60AA06307-StateMachineUpdater] INFO  impl.SimpleStateMachine4Testing (SimpleStateMachine4Testing.java:put(207)) - s1: put 65, m32 -> (t:1, i:65), STATEMACHINELOGENTRY, WRITE: logData.size=3, stateMachineData.size=17, logEntryProtoSerializedSize=0
2024-09-29 22:58:00,158 [s0@group-64B60AA06307-StateMachineUpdater] INFO  impl.SimpleStateMachine4Testing (SimpleStateMachine4Testing.java:applyTransaction(251)) - applyTransaction for log index 65
2024-09-29 22:58:00,158 [s0@group-64B60AA06307-StateMachineUpdater] INFO  impl.SimpleStateMachine4Testing (SimpleStateMachine4Testing.java:put(207)) - s0: put 65, m32 -> (t:1, i:65), STATEMACHINELOGENTRY, WRITE: logData.size=3, stateMachineData.size=17, logEntryProtoSerializedSize=0
2024-09-29 22:58:00,161 [s2@group-64B60AA06307-StateMachineUpdater] INFO  impl.SimpleStateMachine4Testing (SimpleStateMachine4Testing.java:applyTransaction(251)) - applyTransaction for log index 67
2024-09-29 22:58:00,161 [s2@group-64B60AA06307-StateMachineUpdater] INFO  impl.SimpleStateMachine4Testing (SimpleStateMachine4Testing.java:put(207)) - s2: put 67, m33 -> (t:1, i:67), STATEMACHINELOGENTRY, WRITE: logData.size=3, stateMachineData.size=17, logEntryProtoSerializedSize=0
2024-09-29 22:58:00,162 [s1@group-64B60AA06307-StateMachineUpdater] INFO  impl.SimpleStateMachine4Testing (SimpleStateMachine4Testing.java:applyTransaction(251)) - applyTransaction for log index 67
2024-09-29 22:58:00,162 [s1@group-64B60AA06307-StateMachineUpdater] INFO  impl.SimpleStateMachine4Testing (SimpleStateMachine4Testing.java:put(207)) - s1: put 67, m33 -> (t:1, i:67), STATEMACHINELOGENTRY, WRITE: logData.size=3, stateMachineData.size=17, logEntryProtoSerializedSize=0
2024-09-29 22:58:00,164 [s0@group-64B60AA06307-StateMachineUpdater] INFO  impl.SimpleStateMachine4Testing (SimpleStateMachine4Testing.java:applyTransaction(251)) - applyTransaction for log index 67
2024-09-29 22:58:00,164 [s0@group-64B60AA06307-StateMachineUpdater] INFO  impl.SimpleStateMachine4Testing (SimpleStateMachine4Testing.java:put(207)) - s0: put 67, m33 -> (t:1, i:67), STATEMACHINELOGENTRY, WRITE: logData.size=3, stateMachineData.size=17, logEntryProtoSerializedSize=0
2024-09-29 22:58:00,169 [s2@group-64B60AA06307-StateMachineUpdater] INFO  impl.SimpleStateMachine4Testing (SimpleStateMachine4Testing.java:applyTransaction(251)) - applyTransaction for log index 69
2024-09-29 22:58:00,169 [s2@group-64B60AA06307-StateMachineUpdater] INFO  impl.SimpleStateMachine4Testing (SimpleStateMachine4Testing.java:put(207)) - s2: put 69, m34 -> (t:1, i:69), STATEMACHINELOGENTRY, WRITE: logData.size=3, stateMachineData.size=17, logEntryProtoSerializedSize=0
2024-09-29 22:58:00,170 [s1@group-64B60AA06307-StateMachineUpdater] INFO  impl.SimpleStateMachine4Testing (SimpleStateMachine4Testing.java:applyTransaction(251)) - applyTransaction for log index 69
2024-09-29 22:58:00,170 [s1@group-64B60AA06307-StateMachineUpdater] INFO  impl.SimpleStateMachine4Testing (SimpleStateMachine4Testing.java:put(207)) - s1: put 69, m34 -> (t:1, i:69), STATEMACHINELOGENTRY, WRITE: logData.size=3, stateMachineData.size=17, logEntryProtoSerializedSize=0
2024-09-29 22:58:00,171 [s0@group-64B60AA06307-StateMachineUpdater] INFO  impl.SimpleStateMachine4Testing (SimpleStateMachine4Testing.java:applyTransaction(251)) - applyTransaction for log index 69
2024-09-29 22:58:00,171 [s0@group-64B60AA06307-StateMachineUpdater] INFO  impl.SimpleStateMachine4Testing (SimpleStateMachine4Testing.java:put(207)) - s0: put 69, m34 -> (t:1, i:69), STATEMACHINELOGENTRY, WRITE: logData.size=3, stateMachineData.size=17, logEntryProtoSerializedSize=0
2024-09-29 22:58:00,176 [s2@group-64B60AA06307-StateMachineUpdater] INFO  impl.SimpleStateMachine4Testing (SimpleStateMachine4Testing.java:applyTransaction(251)) - applyTransaction for log index 71
2024-09-29 22:58:00,176 [s2@group-64B60AA06307-StateMachineUpdater] INFO  impl.SimpleStateMachine4Testing (SimpleStateMachine4Testing.java:put(207)) - s2: put 71, m35 -> (t:1, i:71), STATEMACHINELOGENTRY, WRITE: logData.size=3, stateMachineData.size=17, logEntryProtoSerializedSize=0
2024-09-29 22:58:00,177 [s1@group-64B60AA06307-StateMachineUpdater] INFO  impl.SimpleStateMachine4Testing (SimpleStateMachine4Testing.java:applyTransaction(251)) - applyTransaction for log index 71
2024-09-29 22:58:00,178 [s1@group-64B60AA06307-StateMachineUpdater] INFO  impl.SimpleStateMachine4Testing (SimpleStateMachine4Testing.java:put(207)) - s1: put 71, m35 -> (t:1, i:71), STATEMACHINELOGENTRY, WRITE: logData.size=3, stateMachineData.size=17, logEntryProtoSerializedSize=0
2024-09-29 22:58:00,177 [s0@group-64B60AA06307-StateMachineUpdater] INFO  impl.SimpleStateMachine4Testing (SimpleStateMachine4Testing.java:applyTransaction(251)) - applyTransaction for log index 71
2024-09-29 22:58:00,178 [s0@group-64B60AA06307-StateMachineUpdater] INFO  impl.SimpleStateMachine4Testing (SimpleStateMachine4Testing.java:put(207)) - s0: put 71, m35 -> (t:1, i:71), STATEMACHINELOGENTRY, WRITE: logData.size=3, stateMachineData.size=17, logEntryProtoSerializedSize=0
2024-09-29 22:58:00,183 [s2@group-64B60AA06307-StateMachineUpdater] INFO  impl.SimpleStateMachine4Testing (SimpleStateMachine4Testing.java:applyTransaction(251)) - applyTransaction for log index 73
2024-09-29 22:58:00,183 [s2@group-64B60AA06307-StateMachineUpdater] INFO  impl.SimpleStateMachine4Testing (SimpleStateMachine4Testing.java:put(207)) - s2: put 73, m36 -> (t:1, i:73), STATEMACHINELOGENTRY, WRITE: logData.size=3, stateMachineData.size=17, logEntryProtoSerializedSize=0
2024-09-29 22:58:00,185 [s1@group-64B60AA06307-StateMachineUpdater] INFO  impl.SimpleStateMachine4Testing (SimpleStateMachine4Testing.java:applyTransaction(251)) - applyTransaction for log index 73
2024-09-29 22:58:00,185 [s1@group-64B60AA06307-StateMachineUpdater] INFO  impl.SimpleStateMachine4Testing (SimpleStateMachine4Testing.java:put(207)) - s1: put 73, m36 -> (t:1, i:73), STATEMACHINELOGENTRY, WRITE: logData.size=3, stateMachineData.size=17, logEntryProtoSerializedSize=0
2024-09-29 22:58:00,186 [s0@group-64B60AA06307-StateMachineUpdater] INFO  impl.SimpleStateMachine4Testing (SimpleStateMachine4Testing.java:applyTransaction(251)) - applyTransaction for log index 73
2024-09-29 22:58:00,186 [s0@group-64B60AA06307-StateMachineUpdater] INFO  impl.SimpleStateMachine4Testing (SimpleStateMachine4Testing.java:put(207)) - s0: put 73, m36 -> (t:1, i:73), STATEMACHINELOGENTRY, WRITE: logData.size=3, stateMachineData.size=17, logEntryProtoSerializedSize=0
2024-09-29 22:58:00,190 [s2@group-64B60AA06307-StateMachineUpdater] INFO  impl.SimpleStateMachine4Testing (SimpleStateMachine4Testing.java:applyTransaction(251)) - applyTransaction for log index 75
2024-09-29 22:58:00,190 [s2@group-64B60AA06307-StateMachineUpdater] INFO  impl.SimpleStateMachine4Testing (SimpleStateMachine4Testing.java:put(207)) - s2: put 75, m37 -> (t:1, i:75), STATEMACHINELOGENTRY, WRITE: logData.size=3, stateMachineData.size=17, logEntryProtoSerializedSize=0
2024-09-29 22:58:00,192 [s1@group-64B60AA06307-StateMachineUpdater] INFO  impl.SimpleStateMachine4Testing (SimpleStateMachine4Testing.java:applyTransaction(251)) - applyTransaction for log index 75
2024-09-29 22:58:00,193 [s1@group-64B60AA06307-StateMachineUpdater] INFO  impl.SimpleStateMachine4Testing (SimpleStateMachine4Testing.java:put(207)) - s1: put 75, m37 -> (t:1, i:75), STATEMACHINELOGENTRY, WRITE: logData.size=3, stateMachineData.size=17, logEntryProtoSerializedSize=0
2024-09-29 22:58:00,194 [s0@group-64B60AA06307-StateMachineUpdater] INFO  impl.SimpleStateMachine4Testing (SimpleStateMachine4Testing.java:applyTransaction(251)) - applyTransaction for log index 75
2024-09-29 22:58:00,194 [s0@group-64B60AA06307-StateMachineUpdater] INFO  impl.SimpleStateMachine4Testing (SimpleStateMachine4Testing.java:put(207)) - s0: put 75, m37 -> (t:1, i:75), STATEMACHINELOGENTRY, WRITE: logData.size=3, stateMachineData.size=17, logEntryProtoSerializedSize=0
2024-09-29 22:58:00,198 [s2@group-64B60AA06307-StateMachineUpdater] INFO  impl.SimpleStateMachine4Testing (SimpleStateMachine4Testing.java:applyTransaction(251)) - applyTransaction for log index 77
2024-09-29 22:58:00,198 [s2@group-64B60AA06307-StateMachineUpdater] INFO  impl.SimpleStateMachine4Testing (SimpleStateMachine4Testing.java:put(207)) - s2: put 77, m38 -> (t:1, i:77), STATEMACHINELOGENTRY, WRITE: logData.size=3, stateMachineData.size=17, logEntryProtoSerializedSize=0
2024-09-29 22:58:00,200 [s1@group-64B60AA06307-StateMachineUpdater] INFO  impl.SimpleStateMachine4Testing (SimpleStateMachine4Testing.java:applyTransaction(251)) - applyTransaction for log index 77
2024-09-29 22:58:00,200 [s1@group-64B60AA06307-StateMachineUpdater] INFO  impl.SimpleStateMachine4Testing (SimpleStateMachine4Testing.java:put(207)) - s1: put 77, m38 -> (t:1, i:77), STATEMACHINELOGENTRY, WRITE: logData.size=3, stateMachineData.size=17, logEntryProtoSerializedSize=0
2024-09-29 22:58:00,201 [s0@group-64B60AA06307-StateMachineUpdater] INFO  impl.SimpleStateMachine4Testing (SimpleStateMachine4Testing.java:applyTransaction(251)) - applyTransaction for log index 77
2024-09-29 22:58:00,201 [s0@group-64B60AA06307-StateMachineUpdater] INFO  impl.SimpleStateMachine4Testing (SimpleStateMachine4Testing.java:put(207)) - s0: put 77, m38 -> (t:1, i:77), STATEMACHINELOGENTRY, WRITE: logData.size=3, stateMachineData.size=17, logEntryProtoSerializedSize=0
2024-09-29 22:58:00,206 [s2@group-64B60AA06307-StateMachineUpdater] INFO  impl.SimpleStateMachine4Testing (SimpleStateMachine4Testing.java:applyTransaction(251)) - applyTransaction for log index 79
2024-09-29 22:58:00,206 [s2@group-64B60AA06307-StateMachineUpdater] INFO  impl.SimpleStateMachine4Testing (SimpleStateMachine4Testing.java:put(207)) - s2: put 79, m39 -> (t:1, i:79), STATEMACHINELOGENTRY, WRITE: logData.size=3, stateMachineData.size=17, logEntryProtoSerializedSize=0
2024-09-29 22:58:00,208 [s0@group-64B60AA06307-StateMachineUpdater] INFO  impl.SimpleStateMachine4Testing (SimpleStateMachine4Testing.java:applyTransaction(251)) - applyTransaction for log index 79
2024-09-29 22:58:00,209 [s0@group-64B60AA06307-StateMachineUpdater] INFO  impl.SimpleStateMachine4Testing (SimpleStateMachine4Testing.java:put(207)) - s0: put 79, m39 -> (t:1, i:79), STATEMACHINELOGENTRY, WRITE: logData.size=3, stateMachineData.size=17, logEntryProtoSerializedSize=0
2024-09-29 22:58:00,209 [s1@group-64B60AA06307-StateMachineUpdater] INFO  impl.SimpleStateMachine4Testing (SimpleStateMachine4Testing.java:applyTransaction(251)) - applyTransaction for log index 79
2024-09-29 22:58:00,209 [s1@group-64B60AA06307-StateMachineUpdater] INFO  impl.SimpleStateMachine4Testing (SimpleStateMachine4Testing.java:put(207)) - s1: put 79, m39 -> (t:1, i:79), STATEMACHINELOGENTRY, WRITE: logData.size=3, stateMachineData.size=17, logEntryProtoSerializedSize=0
2024-09-29 22:58:00,211 [s2@group-64B60AA06307-StateMachineUpdater] INFO  impl.SimpleStateMachine4Testing (SimpleStateMachine4Testing.java:applyTransaction(251)) - applyTransaction for log index 81
2024-09-29 22:58:00,211 [s2@group-64B60AA06307-StateMachineUpdater] INFO  impl.SimpleStateMachine4Testing (SimpleStateMachine4Testing.java:put(207)) - s2: put 81, m40 -> (t:1, i:81), STATEMACHINELOGENTRY, WRITE: logData.size=3, stateMachineData.size=17, logEntryProtoSerializedSize=0
2024-09-29 22:58:00,213 [s1@group-64B60AA06307-StateMachineUpdater] INFO  impl.SimpleStateMachine4Testing (SimpleStateMachine4Testing.java:applyTransaction(251)) - applyTransaction for log index 81
2024-09-29 22:58:00,213 [s1@group-64B60AA06307-StateMachineUpdater] INFO  impl.SimpleStateMachine4Testing (SimpleStateMachine4Testing.java:put(207)) - s1: put 81, m40 -> (t:1, i:81), STATEMACHINELOGENTRY, WRITE: logData.size=3, stateMachineData.size=17, logEntryProtoSerializedSize=0
2024-09-29 22:58:00,214 [s0@group-64B60AA06307-StateMachineUpdater] INFO  impl.SimpleStateMachine4Testing (SimpleStateMachine4Testing.java:applyTransaction(251)) - applyTransaction for log index 81
2024-09-29 22:58:00,214 [s0@group-64B60AA06307-StateMachineUpdater] INFO  impl.SimpleStateMachine4Testing (SimpleStateMachine4Testing.java:put(207)) - s0: put 81, m40 -> (t:1, i:81), STATEMACHINELOGENTRY, WRITE: logData.size=3, stateMachineData.size=17, logEntryProtoSerializedSize=0
2024-09-29 22:58:00,216 [s2@group-64B60AA06307-StateMachineUpdater] INFO  impl.SimpleStateMachine4Testing (SimpleStateMachine4Testing.java:applyTransaction(251)) - applyTransaction for log index 83
2024-09-29 22:58:00,216 [s2@group-64B60AA06307-StateMachineUpdater] INFO  impl.SimpleStateMachine4Testing (SimpleStateMachine4Testing.java:put(207)) - s2: put 83, m41 -> (t:1, i:83), STATEMACHINELOGENTRY, WRITE: logData.size=3, stateMachineData.size=17, logEntryProtoSerializedSize=0
2024-09-29 22:58:00,219 [s1@group-64B60AA06307-StateMachineUpdater] INFO  impl.SimpleStateMachine4Testing (SimpleStateMachine4Testing.java:applyTransaction(251)) - applyTransaction for log index 83
2024-09-29 22:58:00,219 [s1@group-64B60AA06307-StateMachineUpdater] INFO  impl.SimpleStateMachine4Testing (SimpleStateMachine4Testing.java:put(207)) - s1: put 83, m41 -> (t:1, i:83), STATEMACHINELOGENTRY, WRITE: logData.size=3, stateMachineData.size=17, logEntryProtoSerializedSize=0
2024-09-29 22:58:00,220 [s0@group-64B60AA06307-StateMachineUpdater] INFO  impl.SimpleStateMachine4Testing (SimpleStateMachine4Testing.java:applyTransaction(251)) - applyTransaction for log index 83
2024-09-29 22:58:00,220 [s0@group-64B60AA06307-StateMachineUpdater] INFO  impl.SimpleStateMachine4Testing (SimpleStateMachine4Testing.java:put(207)) - s0: put 83, m41 -> (t:1, i:83), STATEMACHINELOGENTRY, WRITE: logData.size=3, stateMachineData.size=17, logEntryProtoSerializedSize=0
2024-09-29 22:58:00,222 [s2@group-64B60AA06307-StateMachineUpdater] INFO  impl.SimpleStateMachine4Testing (SimpleStateMachine4Testing.java:applyTransaction(251)) - applyTransaction for log index 85
2024-09-29 22:58:00,222 [s2@group-64B60AA06307-StateMachineUpdater] INFO  impl.SimpleStateMachine4Testing (SimpleStateMachine4Testing.java:put(207)) - s2: put 85, m42 -> (t:1, i:85), STATEMACHINELOGENTRY, WRITE: logData.size=3, stateMachineData.size=17, logEntryProtoSerializedSize=0
2024-09-29 22:58:00,225 [s1@group-64B60AA06307-StateMachineUpdater] INFO  impl.SimpleStateMachine4Testing (SimpleStateMachine4Testing.java:applyTransaction(251)) - applyTransaction for log index 85
2024-09-29 22:58:00,225 [s1@group-64B60AA06307-StateMachineUpdater] INFO  impl.SimpleStateMachine4Testing (SimpleStateMachine4Testing.java:put(207)) - s1: put 85, m42 -> (t:1, i:85), STATEMACHINELOGENTRY, WRITE: logData.size=3, stateMachineData.size=17, logEntryProtoSerializedSize=0
2024-09-29 22:58:00,225 [s0@group-64B60AA06307-StateMachineUpdater] INFO  impl.SimpleStateMachine4Testing (SimpleStateMachine4Testing.java:applyTransaction(251)) - applyTransaction for log index 85
2024-09-29 22:58:00,226 [s0@group-64B60AA06307-StateMachineUpdater] INFO  impl.SimpleStateMachine4Testing (SimpleStateMachine4Testing.java:put(207)) - s0: put 85, m42 -> (t:1, i:85), STATEMACHINELOGENTRY, WRITE: logData.size=3, stateMachineData.size=17, logEntryProtoSerializedSize=0
2024-09-29 22:58:00,229 [s2@group-64B60AA06307-StateMachineUpdater] INFO  impl.SimpleStateMachine4Testing (SimpleStateMachine4Testing.java:applyTransaction(251)) - applyTransaction for log index 87
2024-09-29 22:58:00,229 [s2@group-64B60AA06307-StateMachineUpdater] INFO  impl.SimpleStateMachine4Testing (SimpleStateMachine4Testing.java:put(207)) - s2: put 87, m43 -> (t:1, i:87), STATEMACHINELOGENTRY, WRITE: logData.size=3, stateMachineData.size=17, logEntryProtoSerializedSize=0
2024-09-29 22:58:00,232 [s0@group-64B60AA06307-StateMachineUpdater] INFO  impl.SimpleStateMachine4Testing (SimpleStateMachine4Testing.java:applyTransaction(251)) - applyTransaction for log index 87
2024-09-29 22:58:00,232 [s0@group-64B60AA06307-StateMachineUpdater] INFO  impl.SimpleStateMachine4Testing (SimpleStateMachine4Testing.java:put(207)) - s0: put 87, m43 -> (t:1, i:87), STATEMACHINELOGENTRY, WRITE: logData.size=3, stateMachineData.size=17, logEntryProtoSerializedSize=0
2024-09-29 22:58:00,232 [s1@group-64B60AA06307-StateMachineUpdater] INFO  impl.SimpleStateMachine4Testing (SimpleStateMachine4Testing.java:applyTransaction(251)) - applyTransaction for log index 87
2024-09-29 22:58:00,233 [s1@group-64B60AA06307-StateMachineUpdater] INFO  impl.SimpleStateMachine4Testing (SimpleStateMachine4Testing.java:put(207)) - s1: put 87, m43 -> (t:1, i:87), STATEMACHINELOGENTRY, WRITE: logData.size=3, stateMachineData.size=17, logEntryProtoSerializedSize=0
2024-09-29 22:58:00,235 [s2@group-64B60AA06307-StateMachineUpdater] INFO  impl.SimpleStateMachine4Testing (SimpleStateMachine4Testing.java:applyTransaction(251)) - applyTransaction for log index 89
2024-09-29 22:58:00,235 [s2@group-64B60AA06307-StateMachineUpdater] INFO  impl.SimpleStateMachine4Testing (SimpleStateMachine4Testing.java:put(207)) - s2: put 89, m44 -> (t:1, i:89), STATEMACHINELOGENTRY, WRITE: logData.size=3, stateMachineData.size=17, logEntryProtoSerializedSize=0
2024-09-29 22:58:00,237 [s1@group-64B60AA06307-StateMachineUpdater] INFO  impl.SimpleStateMachine4Testing (SimpleStateMachine4Testing.java:applyTransaction(251)) - applyTransaction for log index 89
2024-09-29 22:58:00,237 [s1@group-64B60AA06307-StateMachineUpdater] INFO  impl.SimpleStateMachine4Testing (SimpleStateMachine4Testing.java:put(207)) - s1: put 89, m44 -> (t:1, i:89), STATEMACHINELOGENTRY, WRITE: logData.size=3, stateMachineData.size=17, logEntryProtoSerializedSize=0
2024-09-29 22:58:00,238 [s0@group-64B60AA06307-StateMachineUpdater] INFO  impl.SimpleStateMachine4Testing (SimpleStateMachine4Testing.java:applyTransaction(251)) - applyTransaction for log index 89
2024-09-29 22:58:00,238 [s0@group-64B60AA06307-StateMachineUpdater] INFO  impl.SimpleStateMachine4Testing (SimpleStateMachine4Testing.java:put(207)) - s0: put 89, m44 -> (t:1, i:89), STATEMACHINELOGENTRY, WRITE: logData.size=3, stateMachineData.size=17, logEntryProtoSerializedSize=0
2024-09-29 22:58:00,243 [s2@group-64B60AA06307-StateMachineUpdater] INFO  impl.SimpleStateMachine4Testing (SimpleStateMachine4Testing.java:applyTransaction(251)) - applyTransaction for log index 91
2024-09-29 22:58:00,243 [s2@group-64B60AA06307-StateMachineUpdater] INFO  impl.SimpleStateMachine4Testing (SimpleStateMachine4Testing.java:put(207)) - s2: put 91, m45 -> (t:1, i:91), STATEMACHINELOGENTRY, WRITE: logData.size=3, stateMachineData.size=17, logEntryProtoSerializedSize=0
2024-09-29 22:58:00,245 [s0@group-64B60AA06307-StateMachineUpdater] INFO  impl.SimpleStateMachine4Testing (SimpleStateMachine4Testing.java:applyTransaction(251)) - applyTransaction for log index 91
2024-09-29 22:58:00,245 [s0@group-64B60AA06307-StateMachineUpdater] INFO  impl.SimpleStateMachine4Testing (SimpleStateMachine4Testing.java:put(207)) - s0: put 91, m45 -> (t:1, i:91), STATEMACHINELOGENTRY, WRITE: logData.size=3, stateMachineData.size=17, logEntryProtoSerializedSize=0
2024-09-29 22:58:00,247 [s1@group-64B60AA06307-StateMachineUpdater] INFO  impl.SimpleStateMachine4Testing (SimpleStateMachine4Testing.java:applyTransaction(251)) - applyTransaction for log index 91
2024-09-29 22:58:00,247 [s1@group-64B60AA06307-StateMachineUpdater] INFO  impl.SimpleStateMachine4Testing (SimpleStateMachine4Testing.java:put(207)) - s1: put 91, m45 -> (t:1, i:91), STATEMACHINELOGENTRY, WRITE: logData.size=3, stateMachineData.size=17, logEntryProtoSerializedSize=0
2024-09-29 22:58:00,251 [s2@group-64B60AA06307-StateMachineUpdater] INFO  impl.SimpleStateMachine4Testing (SimpleStateMachine4Testing.java:applyTransaction(251)) - applyTransaction for log index 93
2024-09-29 22:58:00,251 [s2@group-64B60AA06307-StateMachineUpdater] INFO  impl.SimpleStateMachine4Testing (SimpleStateMachine4Testing.java:put(207)) - s2: put 93, m46 -> (t:1, i:93), STATEMACHINELOGENTRY, WRITE: logData.size=3, stateMachineData.size=17, logEntryProtoSerializedSize=0
2024-09-29 22:58:00,253 [s1@group-64B60AA06307-StateMachineUpdater] INFO  impl.SimpleStateMachine4Testing (SimpleStateMachine4Testing.java:applyTransaction(251)) - applyTransaction for log index 93
2024-09-29 22:58:00,253 [s1@group-64B60AA06307-StateMachineUpdater] INFO  impl.SimpleStateMachine4Testing (SimpleStateMachine4Testing.java:put(207)) - s1: put 93, m46 -> (t:1, i:93), STATEMACHINELOGENTRY, WRITE: logData.size=3, stateMachineData.size=17, logEntryProtoSerializedSize=0
2024-09-29 22:58:00,253 [s0@group-64B60AA06307-StateMachineUpdater] INFO  impl.SimpleStateMachine4Testing (SimpleStateMachine4Testing.java:applyTransaction(251)) - applyTransaction for log index 93
2024-09-29 22:58:00,254 [s0@group-64B60AA06307-StateMachineUpdater] INFO  impl.SimpleStateMachine4Testing (SimpleStateMachine4Testing.java:put(207)) - s0: put 93, m46 -> (t:1, i:93), STATEMACHINELOGENTRY, WRITE: logData.size=3, stateMachineData.size=17, logEntryProtoSerializedSize=0
2024-09-29 22:58:00,259 [s2@group-64B60AA06307-StateMachineUpdater] INFO  impl.SimpleStateMachine4Testing (SimpleStateMachine4Testing.java:applyTransaction(251)) - applyTransaction for log index 95
2024-09-29 22:58:00,259 [s2@group-64B60AA06307-StateMachineUpdater] INFO  impl.SimpleStateMachine4Testing (SimpleStateMachine4Testing.java:put(207)) - s2: put 95, m47 -> (t:1, i:95), STATEMACHINELOGENTRY, WRITE: logData.size=3, stateMachineData.size=17, logEntryProtoSerializedSize=0
2024-09-29 22:58:00,261 [s1@group-64B60AA06307-StateMachineUpdater] INFO  impl.SimpleStateMachine4Testing (SimpleStateMachine4Testing.java:applyTransaction(251)) - applyTransaction for log index 95
2024-09-29 22:58:00,261 [s1@group-64B60AA06307-StateMachineUpdater] INFO  impl.SimpleStateMachine4Testing (SimpleStateMachine4Testing.java:put(207)) - s1: put 95, m47 -> (t:1, i:95), STATEMACHINELOGENTRY, WRITE: logData.size=3, stateMachineData.size=17, logEntryProtoSerializedSize=0
2024-09-29 22:58:00,261 [s0@group-64B60AA06307-StateMachineUpdater] INFO  impl.SimpleStateMachine4Testing (SimpleStateMachine4Testing.java:applyTransaction(251)) - applyTransaction for log index 95
2024-09-29 22:58:00,262 [s0@group-64B60AA06307-StateMachineUpdater] INFO  impl.SimpleStateMachine4Testing (SimpleStateMachine4Testing.java:put(207)) - s0: put 95, m47 -> (t:1, i:95), STATEMACHINELOGENTRY, WRITE: logData.size=3, stateMachineData.size=17, logEntryProtoSerializedSize=0
2024-09-29 22:58:00,267 [s2@group-64B60AA06307-StateMachineUpdater] INFO  impl.SimpleStateMachine4Testing (SimpleStateMachine4Testing.java:applyTransaction(251)) - applyTransaction for log index 97
2024-09-29 22:58:00,267 [s2@group-64B60AA06307-StateMachineUpdater] INFO  impl.SimpleStateMachine4Testing (SimpleStateMachine4Testing.java:put(207)) - s2: put 97, m48 -> (t:1, i:97), STATEMACHINELOGENTRY, WRITE: logData.size=3, stateMachineData.size=17, logEntryProtoSerializedSize=0
2024-09-29 22:58:00,269 [s0@group-64B60AA06307-StateMachineUpdater] INFO  impl.SimpleStateMachine4Testing (SimpleStateMachine4Testing.java:applyTransaction(251)) - applyTransaction for log index 97
2024-09-29 22:58:00,269 [s0@group-64B60AA06307-StateMachineUpdater] INFO  impl.SimpleStateMachine4Testing (SimpleStateMachine4Testing.java:put(207)) - s0: put 97, m48 -> (t:1, i:97), STATEMACHINELOGENTRY, WRITE: logData.size=3, stateMachineData.size=17, logEntryProtoSerializedSize=0
2024-09-29 22:58:00,270 [s1@group-64B60AA06307-StateMachineUpdater] INFO  impl.SimpleStateMachine4Testing (SimpleStateMachine4Testing.java:applyTransaction(251)) - applyTransaction for log index 97
2024-09-29 22:58:00,270 [s1@group-64B60AA06307-StateMachineUpdater] INFO  impl.SimpleStateMachine4Testing (SimpleStateMachine4Testing.java:put(207)) - s1: put 97, m48 -> (t:1, i:97), STATEMACHINELOGENTRY, WRITE: logData.size=3, stateMachineData.size=17, logEntryProtoSerializedSize=0
2024-09-29 22:58:00,275 [s2@group-64B60AA06307-StateMachineUpdater] INFO  impl.SimpleStateMachine4Testing (SimpleStateMachine4Testing.java:applyTransaction(251)) - applyTransaction for log index 99
2024-09-29 22:58:00,275 [s2@group-64B60AA06307-StateMachineUpdater] INFO  impl.SimpleStateMachine4Testing (SimpleStateMachine4Testing.java:put(207)) - s2: put 99, m49 -> (t:1, i:99), STATEMACHINELOGENTRY, WRITE: logData.size=3, stateMachineData.size=17, logEntryProtoSerializedSize=0
2024-09-29 22:58:00,277 [s0@group-64B60AA06307-StateMachineUpdater] INFO  impl.SimpleStateMachine4Testing (SimpleStateMachine4Testing.java:applyTransaction(251)) - applyTransaction for log index 99
2024-09-29 22:58:00,277 [s0@group-64B60AA06307-StateMachineUpdater] INFO  impl.SimpleStateMachine4Testing (SimpleStateMachine4Testing.java:put(207)) - s0: put 99, m49 -> (t:1, i:99), STATEMACHINELOGENTRY, WRITE: logData.size=3, stateMachineData.size=17, logEntryProtoSerializedSize=0
2024-09-29 22:58:00,277 [s1@group-64B60AA06307-StateMachineUpdater] INFO  impl.SimpleStateMachine4Testing (SimpleStateMachine4Testing.java:applyTransaction(251)) - applyTransaction for log index 99
2024-09-29 22:58:00,278 [s1@group-64B60AA06307-StateMachineUpdater] INFO  impl.SimpleStateMachine4Testing (SimpleStateMachine4Testing.java:put(207)) - s1: put 99, m49 -> (t:1, i:99), STATEMACHINELOGENTRY, WRITE: logData.size=3, stateMachineData.size=17, logEntryProtoSerializedSize=0
2024-09-29 22:58:00,281 [s2@group-64B60AA06307-StateMachineUpdater] INFO  impl.SimpleStateMachine4Testing (SimpleStateMachine4Testing.java:applyTransaction(251)) - applyTransaction for log index 101
2024-09-29 22:58:00,281 [s2@group-64B60AA06307-StateMachineUpdater] INFO  impl.SimpleStateMachine4Testing (SimpleStateMachine4Testing.java:put(207)) - s2: put 101, m50 -> (t:1, i:101), STATEMACHINELOGENTRY, WRITE: logData.size=3, stateMachineData.size=17, logEntryProtoSerializedSize=0
2024-09-29 22:58:00,283 [s1@group-64B60AA06307-StateMachineUpdater] INFO  impl.SimpleStateMachine4Testing (SimpleStateMachine4Testing.java:applyTransaction(251)) - applyTransaction for log index 101
2024-09-29 22:58:00,284 [s1@group-64B60AA06307-StateMachineUpdater] INFO  impl.SimpleStateMachine4Testing (SimpleStateMachine4Testing.java:put(207)) - s1: put 101, m50 -> (t:1, i:101), STATEMACHINELOGENTRY, WRITE: logData.size=3, stateMachineData.size=17, logEntryProtoSerializedSize=0
2024-09-29 22:58:00,284 [s0@group-64B60AA06307-StateMachineUpdater] INFO  impl.SimpleStateMachine4Testing (SimpleStateMachine4Testing.java:applyTransaction(251)) - applyTransaction for log index 101
2024-09-29 22:58:00,284 [s0@group-64B60AA06307-StateMachineUpdater] INFO  impl.SimpleStateMachine4Testing (SimpleStateMachine4Testing.java:put(207)) - s0: put 101, m50 -> (t:1, i:101), STATEMACHINELOGENTRY, WRITE: logData.size=3, stateMachineData.size=17, logEntryProtoSerializedSize=0
2024-09-29 22:58:00,289 [s2@group-64B60AA06307-StateMachineUpdater] INFO  impl.SimpleStateMachine4Testing (SimpleStateMachine4Testing.java:applyTransaction(251)) - applyTransaction for log index 103
2024-09-29 22:58:00,289 [s2@group-64B60AA06307-StateMachineUpdater] INFO  impl.SimpleStateMachine4Testing (SimpleStateMachine4Testing.java:put(207)) - s2: put 103, m51 -> (t:1, i:103), STATEMACHINELOGENTRY, WRITE: logData.size=3, stateMachineData.size=17, logEntryProtoSerializedSize=0
2024-09-29 22:58:00,291 [s0@group-64B60AA06307-StateMachineUpdater] INFO  impl.SimpleStateMachine4Testing (SimpleStateMachine4Testing.java:applyTransaction(251)) - applyTransaction for log index 103
2024-09-29 22:58:00,291 [s0@group-64B60AA06307-StateMachineUpdater] INFO  impl.SimpleStateMachine4Testing (SimpleStateMachine4Testing.java:put(207)) - s0: put 103, m51 -> (t:1, i:103), STATEMACHINELOGENTRY, WRITE: logData.size=3, stateMachineData.size=17, logEntryProtoSerializedSize=0
2024-09-29 22:58:00,291 [s1@group-64B60AA06307-StateMachineUpdater] INFO  impl.SimpleStateMachine4Testing (SimpleStateMachine4Testing.java:applyTransaction(251)) - applyTransaction for log index 103
2024-09-29 22:58:00,291 [s1@group-64B60AA06307-StateMachineUpdater] INFO  impl.SimpleStateMachine4Testing (SimpleStateMachine4Testing.java:put(207)) - s1: put 103, m51 -> (t:1, i:103), STATEMACHINELOGENTRY, WRITE: logData.size=3, stateMachineData.size=17, logEntryProtoSerializedSize=0
2024-09-29 22:58:00,298 [s2@group-64B60AA06307-StateMachineUpdater] INFO  impl.SimpleStateMachine4Testing (SimpleStateMachine4Testing.java:applyTransaction(251)) - applyTransaction for log index 105
2024-09-29 22:58:00,298 [s2@group-64B60AA06307-StateMachineUpdater] INFO  impl.SimpleStateMachine4Testing (SimpleStateMachine4Testing.java:put(207)) - s2: put 105, m52 -> (t:1, i:105), STATEMACHINELOGENTRY, WRITE: logData.size=3, stateMachineData.size=17, logEntryProtoSerializedSize=0
2024-09-29 22:58:00,300 [s1@group-64B60AA06307-StateMachineUpdater] INFO  impl.SimpleStateMachine4Testing (SimpleStateMachine4Testing.java:applyTransaction(251)) - applyTransaction for log index 105
2024-09-29 22:58:00,300 [s1@group-64B60AA06307-StateMachineUpdater] INFO  impl.SimpleStateMachine4Testing (SimpleStateMachine4Testing.java:put(207)) - s1: put 105, m52 -> (t:1, i:105), STATEMACHINELOGENTRY, WRITE: logData.size=3, stateMachineData.size=17, logEntryProtoSerializedSize=0
2024-09-29 22:58:00,303 [s0@group-64B60AA06307-StateMachineUpdater] INFO  impl.SimpleStateMachine4Testing (SimpleStateMachine4Testing.java:applyTransaction(251)) - applyTransaction for log index 105
2024-09-29 22:58:00,303 [s0@group-64B60AA06307-StateMachineUpdater] INFO  impl.SimpleStateMachine4Testing (SimpleStateMachine4Testing.java:put(207)) - s0: put 105, m52 -> (t:1, i:105), STATEMACHINELOGENTRY, WRITE: logData.size=3, stateMachineData.size=17, logEntryProtoSerializedSize=0
2024-09-29 22:58:00,304 [s2@group-64B60AA06307-StateMachineUpdater] INFO  impl.SimpleStateMachine4Testing (SimpleStateMachine4Testing.java:applyTransaction(251)) - applyTransaction for log index 107
2024-09-29 22:58:00,304 [s2@group-64B60AA06307-StateMachineUpdater] INFO  impl.SimpleStateMachine4Testing (SimpleStateMachine4Testing.java:put(207)) - s2: put 107, m53 -> (t:1, i:107), STATEMACHINELOGENTRY, WRITE: logData.size=3, stateMachineData.size=17, logEntryProtoSerializedSize=0
2024-09-29 22:58:00,306 [s1@group-64B60AA06307-StateMachineUpdater] INFO  impl.SimpleStateMachine4Testing (SimpleStateMachine4Testing.java:applyTransaction(251)) - applyTransaction for log index 107
2024-09-29 22:58:00,306 [s1@group-64B60AA06307-StateMachineUpdater] INFO  impl.SimpleStateMachine4Testing (SimpleStateMachine4Testing.java:put(207)) - s1: put 107, m53 -> (t:1, i:107), STATEMACHINELOGENTRY, WRITE: logData.size=3, stateMachineData.size=17, logEntryProtoSerializedSize=0
2024-09-29 22:58:00,309 [s0@group-64B60AA06307-StateMachineUpdater] INFO  impl.SimpleStateMachine4Testing (SimpleStateMachine4Testing.java:applyTransaction(251)) - applyTransaction for log index 107
2024-09-29 22:58:00,309 [s0@group-64B60AA06307-StateMachineUpdater] INFO  impl.SimpleStateMachine4Testing (SimpleStateMachine4Testing.java:put(207)) - s0: put 107, m53 -> (t:1, i:107), STATEMACHINELOGENTRY, WRITE: logData.size=3, stateMachineData.size=17, logEntryProtoSerializedSize=0
2024-09-29 22:58:00,310 [s2@group-64B60AA06307-StateMachineUpdater] INFO  impl.SimpleStateMachine4Testing (SimpleStateMachine4Testing.java:applyTransaction(251)) - applyTransaction for log index 109
2024-09-29 22:58:00,310 [s2@group-64B60AA06307-StateMachineUpdater] INFO  impl.SimpleStateMachine4Testing (SimpleStateMachine4Testing.java:put(207)) - s2: put 109, m54 -> (t:1, i:109), STATEMACHINELOGENTRY, WRITE: logData.size=3, stateMachineData.size=17, logEntryProtoSerializedSize=0
2024-09-29 22:58:00,312 [s1@group-64B60AA06307-StateMachineUpdater] INFO  impl.SimpleStateMachine4Testing (SimpleStateMachine4Testing.java:applyTransaction(251)) - applyTransaction for log index 109
2024-09-29 22:58:00,312 [s1@group-64B60AA06307-StateMachineUpdater] INFO  impl.SimpleStateMachine4Testing (SimpleStateMachine4Testing.java:put(207)) - s1: put 109, m54 -> (t:1, i:109), STATEMACHINELOGENTRY, WRITE: logData.size=3, stateMachineData.size=17, logEntryProtoSerializedSize=0
2024-09-29 22:58:00,314 [s0@group-64B60AA06307-StateMachineUpdater] INFO  impl.SimpleStateMachine4Testing (SimpleStateMachine4Testing.java:applyTransaction(251)) - applyTransaction for log index 109
2024-09-29 22:58:00,314 [s0@group-64B60AA06307-StateMachineUpdater] INFO  impl.SimpleStateMachine4Testing (SimpleStateMachine4Testing.java:put(207)) - s0: put 109, m54 -> (t:1, i:109), STATEMACHINELOGENTRY, WRITE: logData.size=3, stateMachineData.size=17, logEntryProtoSerializedSize=0
2024-09-29 22:58:00,316 [s2@group-64B60AA06307-StateMachineUpdater] INFO  impl.SimpleStateMachine4Testing (SimpleStateMachine4Testing.java:applyTransaction(251)) - applyTransaction for log index 111
2024-09-29 22:58:00,316 [s2@group-64B60AA06307-StateMachineUpdater] INFO  impl.SimpleStateMachine4Testing (SimpleStateMachine4Testing.java:put(207)) - s2: put 111, m55 -> (t:1, i:111), STATEMACHINELOGENTRY, WRITE: logData.size=3, stateMachineData.size=17, logEntryProtoSerializedSize=0
2024-09-29 22:58:00,319 [s0@group-64B60AA06307-StateMachineUpdater] INFO  impl.SimpleStateMachine4Testing (SimpleStateMachine4Testing.java:applyTransaction(251)) - applyTransaction for log index 111
2024-09-29 22:58:00,319 [s0@group-64B60AA06307-StateMachineUpdater] INFO  impl.SimpleStateMachine4Testing (SimpleStateMachine4Testing.java:put(207)) - s0: put 111, m55 -> (t:1, i:111), STATEMACHINELOGENTRY, WRITE: logData.size=3, stateMachineData.size=17, logEntryProtoSerializedSize=0
2024-09-29 22:58:00,319 [s1@group-64B60AA06307-StateMachineUpdater] INFO  impl.SimpleStateMachine4Testing (SimpleStateMachine4Testing.java:applyTransaction(251)) - applyTransaction for log index 111
2024-09-29 22:58:00,320 [s1@group-64B60AA06307-StateMachineUpdater] INFO  impl.SimpleStateMachine4Testing (SimpleStateMachine4Testing.java:put(207)) - s1: put 111, m55 -> (t:1, i:111), STATEMACHINELOGENTRY, WRITE: logData.size=3, stateMachineData.size=17, logEntryProtoSerializedSize=0
2024-09-29 22:58:00,321 [s2@group-64B60AA06307-StateMachineUpdater] INFO  impl.SimpleStateMachine4Testing (SimpleStateMachine4Testing.java:applyTransaction(251)) - applyTransaction for log index 113
2024-09-29 22:58:00,321 [s2@group-64B60AA06307-StateMachineUpdater] INFO  impl.SimpleStateMachine4Testing (SimpleStateMachine4Testing.java:put(207)) - s2: put 113, m56 -> (t:1, i:113), STATEMACHINELOGENTRY, WRITE: logData.size=3, stateMachineData.size=17, logEntryProtoSerializedSize=0
2024-09-29 22:58:00,325 [s1@group-64B60AA06307-StateMachineUpdater] INFO  impl.SimpleStateMachine4Testing (SimpleStateMachine4Testing.java:applyTransaction(251)) - applyTransaction for log index 113
2024-09-29 22:58:00,325 [s1@group-64B60AA06307-StateMachineUpdater] INFO  impl.SimpleStateMachine4Testing (SimpleStateMachine4Testing.java:put(207)) - s1: put 113, m56 -> (t:1, i:113), STATEMACHINELOGENTRY, WRITE: logData.size=3, stateMachineData.size=17, logEntryProtoSerializedSize=0
2024-09-29 22:58:00,325 [s0@group-64B60AA06307-StateMachineUpdater] INFO  impl.SimpleStateMachine4Testing (SimpleStateMachine4Testing.java:applyTransaction(251)) - applyTransaction for log index 113
2024-09-29 22:58:00,325 [s0@group-64B60AA06307-StateMachineUpdater] INFO  impl.SimpleStateMachine4Testing (SimpleStateMachine4Testing.java:put(207)) - s0: put 113, m56 -> (t:1, i:113), STATEMACHINELOGENTRY, WRITE: logData.size=3, stateMachineData.size=17, logEntryProtoSerializedSize=0
2024-09-29 22:58:00,327 [s2@group-64B60AA06307-StateMachineUpdater] INFO  impl.SimpleStateMachine4Testing (SimpleStateMachine4Testing.java:applyTransaction(251)) - applyTransaction for log index 115
2024-09-29 22:58:00,327 [s2@group-64B60AA06307-StateMachineUpdater] INFO  impl.SimpleStateMachine4Testing (SimpleStateMachine4Testing.java:put(207)) - s2: put 115, m57 -> (t:1, i:115), STATEMACHINELOGENTRY, WRITE: logData.size=3, stateMachineData.size=17, logEntryProtoSerializedSize=0
2024-09-29 22:58:00,330 [s1@group-64B60AA06307-StateMachineUpdater] INFO  impl.SimpleStateMachine4Testing (SimpleStateMachine4Testing.java:applyTransaction(251)) - applyTransaction for log index 115
2024-09-29 22:58:00,330 [s1@group-64B60AA06307-StateMachineUpdater] INFO  impl.SimpleStateMachine4Testing (SimpleStateMachine4Testing.java:put(207)) - s1: put 115, m57 -> (t:1, i:115), STATEMACHINELOGENTRY, WRITE: logData.size=3, stateMachineData.size=17, logEntryProtoSerializedSize=0
2024-09-29 22:58:00,330 [s0@group-64B60AA06307-StateMachineUpdater] INFO  impl.SimpleStateMachine4Testing (SimpleStateMachine4Testing.java:applyTransaction(251)) - applyTransaction for log index 115
2024-09-29 22:58:00,330 [s0@group-64B60AA06307-StateMachineUpdater] INFO  impl.SimpleStateMachine4Testing (SimpleStateMachine4Testing.java:put(207)) - s0: put 115, m57 -> (t:1, i:115), STATEMACHINELOGENTRY, WRITE: logData.size=3, stateMachineData.size=17, logEntryProtoSerializedSize=0
2024-09-29 22:58:00,332 [s2@group-64B60AA06307-StateMachineUpdater] INFO  impl.SimpleStateMachine4Testing (SimpleStateMachine4Testing.java:applyTransaction(251)) - applyTransaction for log index 117
2024-09-29 22:58:00,332 [s2@group-64B60AA06307-StateMachineUpdater] INFO  impl.SimpleStateMachine4Testing (SimpleStateMachine4Testing.java:put(207)) - s2: put 117, m58 -> (t:1, i:117), STATEMACHINELOGENTRY, WRITE: logData.size=3, stateMachineData.size=17, logEntryProtoSerializedSize=0
2024-09-29 22:58:00,335 [s0@group-64B60AA06307-StateMachineUpdater] INFO  impl.SimpleStateMachine4Testing (SimpleStateMachine4Testing.java:applyTransaction(251)) - applyTransaction for log index 117
2024-09-29 22:58:00,335 [s0@group-64B60AA06307-StateMachineUpdater] INFO  impl.SimpleStateMachine4Testing (SimpleStateMachine4Testing.java:put(207)) - s0: put 117, m58 -> (t:1, i:117), STATEMACHINELOGENTRY, WRITE: logData.size=3, stateMachineData.size=17, logEntryProtoSerializedSize=0
2024-09-29 22:58:00,336 [s1@group-64B60AA06307-StateMachineUpdater] INFO  impl.SimpleStateMachine4Testing (SimpleStateMachine4Testing.java:applyTransaction(251)) - applyTransaction for log index 117
2024-09-29 22:58:00,336 [s1@group-64B60AA06307-StateMachineUpdater] INFO  impl.SimpleStateMachine4Testing (SimpleStateMachine4Testing.java:put(207)) - s1: put 117, m58 -> (t:1, i:117), STATEMACHINELOGENTRY, WRITE: logData.size=3, stateMachineData.size=17, logEntryProtoSerializedSize=0
2024-09-29 22:58:00,343 [s2@group-64B60AA06307-StateMachineUpdater] INFO  impl.SimpleStateMachine4Testing (SimpleStateMachine4Testing.java:applyTransaction(251)) - applyTransaction for log index 119
2024-09-29 22:58:00,343 [s2@group-64B60AA06307-StateMachineUpdater] INFO  impl.SimpleStateMachine4Testing (SimpleStateMachine4Testing.java:put(207)) - s2: put 119, m59 -> (t:1, i:119), STATEMACHINELOGENTRY, WRITE: logData.size=3, stateMachineData.size=17, logEntryProtoSerializedSize=0
2024-09-29 22:58:00,347 [s1@group-64B60AA06307-StateMachineUpdater] INFO  impl.SimpleStateMachine4Testing (SimpleStateMachine4Testing.java:applyTransaction(251)) - applyTransaction for log index 119
2024-09-29 22:58:00,347 [s1@group-64B60AA06307-StateMachineUpdater] INFO  impl.SimpleStateMachine4Testing (SimpleStateMachine4Testing.java:put(207)) - s1: put 119, m59 -> (t:1, i:119), STATEMACHINELOGENTRY, WRITE: logData.size=3, stateMachineData.size=17, logEntryProtoSerializedSize=0
2024-09-29 22:58:00,347 [s0@group-64B60AA06307-StateMachineUpdater] INFO  impl.SimpleStateMachine4Testing (SimpleStateMachine4Testing.java:applyTransaction(251)) - applyTransaction for log index 119
2024-09-29 22:58:00,347 [s0@group-64B60AA06307-StateMachineUpdater] INFO  impl.SimpleStateMachine4Testing (SimpleStateMachine4Testing.java:put(207)) - s0: put 119, m59 -> (t:1, i:119), STATEMACHINELOGENTRY, WRITE: logData.size=3, stateMachineData.size=17, logEntryProtoSerializedSize=0
2024-09-29 22:58:00,351 [s2@group-64B60AA06307-StateMachineUpdater] INFO  impl.SimpleStateMachine4Testing (SimpleStateMachine4Testing.java:applyTransaction(251)) - applyTransaction for log index 121
2024-09-29 22:58:00,351 [s2@group-64B60AA06307-StateMachineUpdater] INFO  impl.SimpleStateMachine4Testing (SimpleStateMachine4Testing.java:put(207)) - s2: put 121, m60 -> (t:1, i:121), STATEMACHINELOGENTRY, WRITE: logData.size=3, stateMachineData.size=17, logEntryProtoSerializedSize=0
2024-09-29 22:58:00,353 [s0@group-64B60AA06307-StateMachineUpdater] INFO  impl.SimpleStateMachine4Testing (SimpleStateMachine4Testing.java:applyTransaction(251)) - applyTransaction for log index 121
2024-09-29 22:58:00,353 [s1@group-64B60AA06307-StateMachineUpdater] INFO  impl.SimpleStateMachine4Testing (SimpleStateMachine4Testing.java:applyTransaction(251)) - applyTransaction for log index 121
2024-09-29 22:58:00,353 [s1@group-64B60AA06307-StateMachineUpdater] INFO  impl.SimpleStateMachine4Testing (SimpleStateMachine4Testing.java:put(207)) - s1: put 121, m60 -> (t:1, i:121), STATEMACHINELOGENTRY, WRITE: logData.size=3, stateMachineData.size=17, logEntryProtoSerializedSize=0
2024-09-29 22:58:00,353 [s0@group-64B60AA06307-StateMachineUpdater] INFO  impl.SimpleStateMachine4Testing (SimpleStateMachine4Testing.java:put(207)) - s0: put 121, m60 -> (t:1, i:121), STATEMACHINELOGENTRY, WRITE: logData.size=3, stateMachineData.size=17, logEntryProtoSerializedSize=0
2024-09-29 22:58:00,357 [s2@group-64B60AA06307-StateMachineUpdater] INFO  impl.SimpleStateMachine4Testing (SimpleStateMachine4Testing.java:applyTransaction(251)) - applyTransaction for log index 123
2024-09-29 22:58:00,357 [s2@group-64B60AA06307-StateMachineUpdater] INFO  impl.SimpleStateMachine4Testing (SimpleStateMachine4Testing.java:put(207)) - s2: put 123, m61 -> (t:1, i:123), STATEMACHINELOGENTRY, WRITE: logData.size=3, stateMachineData.size=17, logEntryProtoSerializedSize=0
2024-09-29 22:58:00,359 [s1@group-64B60AA06307-StateMachineUpdater] INFO  impl.SimpleStateMachine4Testing (SimpleStateMachine4Testing.java:applyTransaction(251)) - applyTransaction for log index 123
2024-09-29 22:58:00,360 [s0@group-64B60AA06307-StateMachineUpdater] INFO  impl.SimpleStateMachine4Testing (SimpleStateMachine4Testing.java:applyTransaction(251)) - applyTransaction for log index 123
2024-09-29 22:58:00,360 [s1@group-64B60AA06307-StateMachineUpdater] INFO  impl.SimpleStateMachine4Testing (SimpleStateMachine4Testing.java:put(207)) - s1: put 123, m61 -> (t:1, i:123), STATEMACHINELOGENTRY, WRITE: logData.size=3, stateMachineData.size=17, logEntryProtoSerializedSize=0
2024-09-29 22:58:00,360 [s0@group-64B60AA06307-StateMachineUpdater] INFO  impl.SimpleStateMachine4Testing (SimpleStateMachine4Testing.java:put(207)) - s0: put 123, m61 -> (t:1, i:123), STATEMACHINELOGENTRY, WRITE: logData.size=3, stateMachineData.size=17, logEntryProtoSerializedSize=0
2024-09-29 22:58:00,364 [s2@group-64B60AA06307-StateMachineUpdater] INFO  impl.SimpleStateMachine4Testing (SimpleStateMachine4Testing.java:applyTransaction(251)) - applyTransaction for log index 125
2024-09-29 22:58:00,364 [s2@group-64B60AA06307-StateMachineUpdater] INFO  impl.SimpleStateMachine4Testing (SimpleStateMachine4Testing.java:put(207)) - s2: put 125, m62 -> (t:1, i:125), STATEMACHINELOGENTRY, WRITE: logData.size=3, stateMachineData.size=17, logEntryProtoSerializedSize=0
2024-09-29 22:58:00,366 [s1@group-64B60AA06307-StateMachineUpdater] INFO  impl.SimpleStateMachine4Testing (SimpleStateMachine4Testing.java:applyTransaction(251)) - applyTransaction for log index 125
2024-09-29 22:58:00,366 [s1@group-64B60AA06307-StateMachineUpdater] INFO  impl.SimpleStateMachine4Testing (SimpleStateMachine4Testing.java:put(207)) - s1: put 125, m62 -> (t:1, i:125), STATEMACHINELOGENTRY, WRITE: logData.size=3, stateMachineData.size=17, logEntryProtoSerializedSize=0
2024-09-29 22:58:00,366 [s0@group-64B60AA06307-StateMachineUpdater] INFO  impl.SimpleStateMachine4Testing (SimpleStateMachine4Testing.java:applyTransaction(251)) - applyTransaction for log index 125
2024-09-29 22:58:00,366 [s0@group-64B60AA06307-StateMachineUpdater] INFO  impl.SimpleStateMachine4Testing (SimpleStateMachine4Testing.java:put(207)) - s0: put 125, m62 -> (t:1, i:125), STATEMACHINELOGENTRY, WRITE: logData.size=3, stateMachineData.size=17, logEntryProtoSerializedSize=0
2024-09-29 22:58:00,370 [s2@group-64B60AA06307-StateMachineUpdater] INFO  impl.SimpleStateMachine4Testing (SimpleStateMachine4Testing.java:applyTransaction(251)) - applyTransaction for log index 127
2024-09-29 22:58:00,370 [s2@group-64B60AA06307-StateMachineUpdater] INFO  impl.SimpleStateMachine4Testing (SimpleStateMachine4Testing.java:put(207)) - s2: put 127, m63 -> (t:1, i:127), STATEMACHINELOGENTRY, WRITE: logData.size=3, stateMachineData.size=17, logEntryProtoSerializedSize=0
2024-09-29 22:58:00,371 [s2@group-64B60AA06307-StateMachineUpdater] TRACE util.FileUtils (FileUtils.java:deleteFully(305)) - deleteFully /tmp/ratis-tests/statemachine/s2/snapshot/1_127
2024-09-29 22:58:00,371 [s2@group-64B60AA06307-StateMachineUpdater] TRACE util.FileUtils (FileUtils.java:deleteFully(318)) - deleteFully: /tmp/ratis-tests/statemachine/s2/snapshot/1_127 does not exist.
2024-09-29 22:58:00,371 [s2@group-64B60AA06307-StateMachineUpdater] TRACE util.FileUtils (FileUtils.java:deleteFully(305)) - deleteFully /tmp/ratis-tests/statemachine/s2/tmp/7c7cb4f9-ea8d-4d0a-bf68-9f1ad1926ec2
2024-09-29 22:58:00,371 [s2@group-64B60AA06307-StateMachineUpdater] TRACE util.FileUtils (FileUtils.java:deleteFully(318)) - deleteFully: /tmp/ratis-tests/statemachine/s2/tmp/7c7cb4f9-ea8d-4d0a-bf68-9f1ad1926ec2 does not exist.
2024-09-29 22:58:00,371 [s2@group-64B60AA06307-StateMachineUpdater] TRACE util.FileUtils (LogUtils.java:runAndLog(49)) - Successfully ran Atomic Files.move /tmp/ratis-tests/statemachine/s2/tmp/7c7cb4f9-ea8d-4d0a-bf68-9f1ad1926ec2 to /tmp/ratis-tests/statemachine/s2/snapshot/1_127
2024-09-29 22:58:00,371 [s2@group-64B60AA06307-StateMachineUpdater] INFO  impl.StateMachineUpdater (StateMachineUpdater.java:takeSnapshot(308)) - s2@group-64B60AA06307-StateMachineUpdater: Took a snapshot at index 127
2024-09-29 22:58:00,371 [s2@group-64B60AA06307-StateMachineUpdater] INFO  impl.StateMachineUpdater (StateMachineUpdater.java:lambda$new$0(102)) - s2@group-64B60AA06307-StateMachineUpdater: snapshotIndex: updateIncreasingly 63 -> 127
2024-09-29 22:58:00,372 [s2@group-64B60AA06307-StateMachineUpdater] INFO  raftlog.RaftLog (RaftLogBase.java:purge(329)) - s2@group-64B60AA06307-SegmentedRaftLog: purge 125
2024-09-29 22:58:00,372 [s2@group-64B60AA06307-StateMachineUpdater] INFO  raftlog.RaftLog (RaftLogBase.java:lambda$new$0(57)) - s2@group-64B60AA06307-SegmentedRaftLog: snapshotIndex: updateIncreasingly 63 -> 127
2024-09-29 22:58:00,372 [s2@group-64B60AA06307-StateMachineUpdater] INFO  raftlog.RaftLog (RaftLogBase.java:lambda$new$0(57)) - s2@group-64B60AA06307-SegmentedRaftLog: purgeIndex: updateToMax old=61, new=125, updated? true
2024-09-29 22:58:00,372 [s1@group-64B60AA06307-StateMachineUpdater] INFO  impl.SimpleStateMachine4Testing (SimpleStateMachine4Testing.java:applyTransaction(251)) - applyTransaction for log index 127
2024-09-29 22:58:00,372 [s1@group-64B60AA06307-StateMachineUpdater] INFO  impl.SimpleStateMachine4Testing (SimpleStateMachine4Testing.java:put(207)) - s1: put 127, m63 -> (t:1, i:127), STATEMACHINELOGENTRY, WRITE: logData.size=3, stateMachineData.size=17, logEntryProtoSerializedSize=0
2024-09-29 22:58:00,372 [s0@group-64B60AA06307-StateMachineUpdater] INFO  impl.SimpleStateMachine4Testing (SimpleStateMachine4Testing.java:applyTransaction(251)) - applyTransaction for log index 127
2024-09-29 22:58:00,372 [s0@group-64B60AA06307-StateMachineUpdater] INFO  impl.SimpleStateMachine4Testing (SimpleStateMachine4Testing.java:put(207)) - s0: put 127, m63 -> (t:1, i:127), STATEMACHINELOGENTRY, WRITE: logData.size=3, stateMachineData.size=17, logEntryProtoSerializedSize=0
2024-09-29 22:58:00,372 [s1@group-64B60AA06307-StateMachineUpdater] TRACE util.FileUtils (FileUtils.java:deleteFully(305)) - deleteFully /tmp/ratis-tests/statemachine/s1/snapshot/1_127
2024-09-29 22:58:00,373 [s1@group-64B60AA06307-StateMachineUpdater] TRACE util.FileUtils (FileUtils.java:deleteFully(318)) - deleteFully: /tmp/ratis-tests/statemachine/s1/snapshot/1_127 does not exist.
2024-09-29 22:58:00,373 [s1@group-64B60AA06307-StateMachineUpdater] TRACE util.FileUtils (FileUtils.java:deleteFully(305)) - deleteFully /tmp/ratis-tests/statemachine/s1/tmp/da608bff-4563-4b4b-8205-4b6a6d65b134
2024-09-29 22:58:00,373 [s0@group-64B60AA06307-StateMachineUpdater] TRACE util.FileUtils (FileUtils.java:deleteFully(305)) - deleteFully /tmp/ratis-tests/statemachine/s0/snapshot/1_127
2024-09-29 22:58:00,373 [s0@group-64B60AA06307-StateMachineUpdater] TRACE util.FileUtils (FileUtils.java:deleteFully(318)) - deleteFully: /tmp/ratis-tests/statemachine/s0/snapshot/1_127 does not exist.
2024-09-29 22:58:00,373 [s0@group-64B60AA06307-StateMachineUpdater] TRACE util.FileUtils (FileUtils.java:deleteFully(305)) - deleteFully /tmp/ratis-tests/statemachine/s0/tmp/2429531f-eeb3-4993-9e3f-28034ac48ccc
2024-09-29 22:58:00,373 [s0@group-64B60AA06307-StateMachineUpdater] TRACE util.FileUtils (FileUtils.java:deleteFully(318)) - deleteFully: /tmp/ratis-tests/statemachine/s0/tmp/2429531f-eeb3-4993-9e3f-28034ac48ccc does not exist.
2024-09-29 22:58:00,373 [s0@group-64B60AA06307-StateMachineUpdater] TRACE util.FileUtils (LogUtils.java:runAndLog(49)) - Successfully ran Atomic Files.move /tmp/ratis-tests/statemachine/s0/tmp/2429531f-eeb3-4993-9e3f-28034ac48ccc to /tmp/ratis-tests/statemachine/s0/snapshot/1_127
2024-09-29 22:58:00,373 [s0@group-64B60AA06307-StateMachineUpdater] INFO  impl.StateMachineUpdater (StateMachineUpdater.java:takeSnapshot(308)) - s0@group-64B60AA06307-StateMachineUpdater: Took a snapshot at index 127
2024-09-29 22:58:00,373 [s0@group-64B60AA06307-StateMachineUpdater] INFO  impl.StateMachineUpdater (StateMachineUpdater.java:lambda$new$0(102)) - s0@group-64B60AA06307-StateMachineUpdater: snapshotIndex: updateIncreasingly 63 -> 127
2024-09-29 22:58:00,373 [s0@group-64B60AA06307-StateMachineUpdater] INFO  raftlog.RaftLog (RaftLogBase.java:purge(329)) - s0@group-64B60AA06307-SegmentedRaftLog: purge 125
2024-09-29 22:58:00,374 [s0@group-64B60AA06307-StateMachineUpdater] INFO  raftlog.RaftLog (RaftLogBase.java:lambda$new$0(57)) - s0@group-64B60AA06307-SegmentedRaftLog: snapshotIndex: updateIncreasingly 63 -> 127
2024-09-29 22:58:00,374 [s0@group-64B60AA06307-StateMachineUpdater] INFO  raftlog.RaftLog (RaftLogBase.java:lambda$new$0(57)) - s0@group-64B60AA06307-SegmentedRaftLog: purgeIndex: updateToMax old=61, new=125, updated? true
2024-09-29 22:58:00,373 [s1@group-64B60AA06307-StateMachineUpdater] TRACE util.FileUtils (FileUtils.java:deleteFully(318)) - deleteFully: /tmp/ratis-tests/statemachine/s1/tmp/da608bff-4563-4b4b-8205-4b6a6d65b134 does not exist.
2024-09-29 22:58:00,374 [s1@group-64B60AA06307-StateMachineUpdater] TRACE util.FileUtils (LogUtils.java:runAndLog(49)) - Successfully ran Atomic Files.move /tmp/ratis-tests/statemachine/s1/tmp/da608bff-4563-4b4b-8205-4b6a6d65b134 to /tmp/ratis-tests/statemachine/s1/snapshot/1_127
2024-09-29 22:58:00,374 [s1@group-64B60AA06307-StateMachineUpdater] INFO  impl.StateMachineUpdater (StateMachineUpdater.java:takeSnapshot(308)) - s1@group-64B60AA06307-StateMachineUpdater: Took a snapshot at index 127
2024-09-29 22:58:00,374 [s1@group-64B60AA06307-StateMachineUpdater] INFO  impl.StateMachineUpdater (StateMachineUpdater.java:lambda$new$0(102)) - s1@group-64B60AA06307-StateMachineUpdater: snapshotIndex: updateIncreasingly 63 -> 127
2024-09-29 22:58:00,374 [s1@group-64B60AA06307-StateMachineUpdater] INFO  raftlog.RaftLog (RaftLogBase.java:purge(329)) - s1@group-64B60AA06307-SegmentedRaftLog: purge 125
2024-09-29 22:58:00,375 [s1@group-64B60AA06307-StateMachineUpdater] INFO  raftlog.RaftLog (RaftLogBase.java:lambda$new$0(57)) - s1@group-64B60AA06307-SegmentedRaftLog: snapshotIndex: updateIncreasingly 63 -> 127
2024-09-29 22:58:00,375 [s1@group-64B60AA06307-StateMachineUpdater] INFO  raftlog.RaftLog (RaftLogBase.java:lambda$new$0(57)) - s1@group-64B60AA06307-SegmentedRaftLog: purgeIndex: updateToMax old=61, new=125, updated? true
2024-09-29 22:58:00,379 [s2@group-64B60AA06307-StateMachineUpdater] INFO  impl.SimpleStateMachine4Testing (SimpleStateMachine4Testing.java:applyTransaction(251)) - applyTransaction for log index 129
2024-09-29 22:58:00,379 [s2@group-64B60AA06307-StateMachineUpdater] INFO  impl.SimpleStateMachine4Testing (SimpleStateMachine4Testing.java:put(207)) - s2: put 129, m64 -> (t:1, i:129), STATEMACHINELOGENTRY, WRITE: logData.size=3, stateMachineData.size=17, logEntryProtoSerializedSize=0
2024-09-29 22:58:00,380 [s1@group-64B60AA06307-StateMachineUpdater] INFO  impl.SimpleStateMachine4Testing (SimpleStateMachine4Testing.java:applyTransaction(251)) - applyTransaction for log index 129
2024-09-29 22:58:00,380 [s1@group-64B60AA06307-StateMachineUpdater] INFO  impl.SimpleStateMachine4Testing (SimpleStateMachine4Testing.java:put(207)) - s1: put 129, m64 -> (t:1, i:129), STATEMACHINELOGENTRY, WRITE: logData.size=3, stateMachineData.size=17, logEntryProtoSerializedSize=0
2024-09-29 22:58:00,380 [s0@group-64B60AA06307-StateMachineUpdater] INFO  impl.SimpleStateMachine4Testing (SimpleStateMachine4Testing.java:applyTransaction(251)) - applyTransaction for log index 129
2024-09-29 22:58:00,380 [s0@group-64B60AA06307-StateMachineUpdater] INFO  impl.SimpleStateMachine4Testing (SimpleStateMachine4Testing.java:put(207)) - s0: put 129, m64 -> (t:1, i:129), STATEMACHINELOGENTRY, WRITE: logData.size=3, stateMachineData.size=17, logEntryProtoSerializedSize=0
2024-09-29 22:58:00,386 [s2@group-64B60AA06307-StateMachineUpdater] INFO  impl.SimpleStateMachine4Testing (SimpleStateMachine4Testing.java:applyTransaction(251)) - applyTransaction for log index 131
2024-09-29 22:58:00,386 [s2@group-64B60AA06307-StateMachineUpdater] INFO  impl.SimpleStateMachine4Testing (SimpleStateMachine4Testing.java:put(207)) - s2: put 131, m65 -> (t:1, i:131), STATEMACHINELOGENTRY, WRITE: logData.size=3, stateMachineData.size=17, logEntryProtoSerializedSize=0
2024-09-29 22:58:00,387 [s0@group-64B60AA06307-StateMachineUpdater] INFO  impl.SimpleStateMachine4Testing (SimpleStateMachine4Testing.java:applyTransaction(251)) - applyTransaction for log index 131
2024-09-29 22:58:00,388 [s0@group-64B60AA06307-StateMachineUpdater] INFO  impl.SimpleStateMachine4Testing (SimpleStateMachine4Testing.java:put(207)) - s0: put 131, m65 -> (t:1, i:131), STATEMACHINELOGENTRY, WRITE: logData.size=3, stateMachineData.size=17, logEntryProtoSerializedSize=0
2024-09-29 22:58:00,388 [s1@group-64B60AA06307-StateMachineUpdater] INFO  impl.SimpleStateMachine4Testing (SimpleStateMachine4Testing.java:applyTransaction(251)) - applyTransaction for log index 131
2024-09-29 22:58:00,388 [s1@group-64B60AA06307-StateMachineUpdater] INFO  impl.SimpleStateMachine4Testing (SimpleStateMachine4Testing.java:put(207)) - s1: put 131, m65 -> (t:1, i:131), STATEMACHINELOGENTRY, WRITE: logData.size=3, stateMachineData.size=17, logEntryProtoSerializedSize=0
2024-09-29 22:58:00,393 [s2@group-64B60AA06307-StateMachineUpdater] INFO  impl.SimpleStateMachine4Testing (SimpleStateMachine4Testing.java:applyTransaction(251)) - applyTransaction for log index 133
2024-09-29 22:58:00,393 [s2@group-64B60AA06307-StateMachineUpdater] INFO  impl.SimpleStateMachine4Testing (SimpleStateMachine4Testing.java:put(207)) - s2: put 133, m66 -> (t:1, i:133), STATEMACHINELOGENTRY, WRITE: logData.size=3, stateMachineData.size=17, logEntryProtoSerializedSize=0
2024-09-29 22:58:00,395 [s0@group-64B60AA06307-StateMachineUpdater] INFO  impl.SimpleStateMachine4Testing (SimpleStateMachine4Testing.java:applyTransaction(251)) - applyTransaction for log index 133
2024-09-29 22:58:00,395 [s0@group-64B60AA06307-StateMachineUpdater] INFO  impl.SimpleStateMachine4Testing (SimpleStateMachine4Testing.java:put(207)) - s0: put 133, m66 -> (t:1, i:133), STATEMACHINELOGENTRY, WRITE: logData.size=3, stateMachineData.size=17, logEntryProtoSerializedSize=0
2024-09-29 22:58:00,396 [s1@group-64B60AA06307-StateMachineUpdater] INFO  impl.SimpleStateMachine4Testing (SimpleStateMachine4Testing.java:applyTransaction(251)) - applyTransaction for log index 133
2024-09-29 22:58:00,396 [s1@group-64B60AA06307-StateMachineUpdater] INFO  impl.SimpleStateMachine4Testing (SimpleStateMachine4Testing.java:put(207)) - s1: put 133, m66 -> (t:1, i:133), STATEMACHINELOGENTRY, WRITE: logData.size=3, stateMachineData.size=17, logEntryProtoSerializedSize=0
2024-09-29 22:58:00,400 [s2@group-64B60AA06307-StateMachineUpdater] INFO  impl.SimpleStateMachine4Testing (SimpleStateMachine4Testing.java:applyTransaction(251)) - applyTransaction for log index 135
2024-09-29 22:58:00,400 [s2@group-64B60AA06307-StateMachineUpdater] INFO  impl.SimpleStateMachine4Testing (SimpleStateMachine4Testing.java:put(207)) - s2: put 135, m67 -> (t:1, i:135), STATEMACHINELOGENTRY, WRITE: logData.size=3, stateMachineData.size=17, logEntryProtoSerializedSize=0
2024-09-29 22:58:00,402 [s0@group-64B60AA06307-StateMachineUpdater] INFO  impl.SimpleStateMachine4Testing (SimpleStateMachine4Testing.java:applyTransaction(251)) - applyTransaction for log index 135
2024-09-29 22:58:00,402 [s0@group-64B60AA06307-StateMachineUpdater] INFO  impl.SimpleStateMachine4Testing (SimpleStateMachine4Testing.java:put(207)) - s0: put 135, m67 -> (t:1, i:135), STATEMACHINELOGENTRY, WRITE: logData.size=3, stateMachineData.size=17, logEntryProtoSerializedSize=0
2024-09-29 22:58:00,402 [s1@group-64B60AA06307-StateMachineUpdater] INFO  impl.SimpleStateMachine4Testing (SimpleStateMachine4Testing.java:applyTransaction(251)) - applyTransaction for log index 135
2024-09-29 22:58:00,402 [s1@group-64B60AA06307-StateMachineUpdater] INFO  impl.SimpleStateMachine4Testing (SimpleStateMachine4Testing.java:put(207)) - s1: put 135, m67 -> (t:1, i:135), STATEMACHINELOGENTRY, WRITE: logData.size=3, stateMachineData.size=17, logEntryProtoSerializedSize=0
2024-09-29 22:58:00,406 [s2@group-64B60AA06307-StateMachineUpdater] INFO  impl.SimpleStateMachine4Testing (SimpleStateMachine4Testing.java:applyTransaction(251)) - applyTransaction for log index 137
2024-09-29 22:58:00,406 [s2@group-64B60AA06307-StateMachineUpdater] INFO  impl.SimpleStateMachine4Testing (SimpleStateMachine4Testing.java:put(207)) - s2: put 137, m68 -> (t:1, i:137), STATEMACHINELOGENTRY, WRITE: logData.size=3, stateMachineData.size=17, logEntryProtoSerializedSize=0
2024-09-29 22:58:00,408 [s0@group-64B60AA06307-StateMachineUpdater] INFO  impl.SimpleStateMachine4Testing (SimpleStateMachine4Testing.java:applyTransaction(251)) - applyTransaction for log index 137
2024-09-29 22:58:00,408 [s0@group-64B60AA06307-StateMachineUpdater] INFO  impl.SimpleStateMachine4Testing (SimpleStateMachine4Testing.java:put(207)) - s0: put 137, m68 -> (t:1, i:137), STATEMACHINELOGENTRY, WRITE: logData.size=3, stateMachineData.size=17, logEntryProtoSerializedSize=0
2024-09-29 22:58:00,408 [s1@group-64B60AA06307-StateMachineUpdater] INFO  impl.SimpleStateMachine4Testing (SimpleStateMachine4Testing.java:applyTransaction(251)) - applyTransaction for log index 137
2024-09-29 22:58:00,408 [s1@group-64B60AA06307-StateMachineUpdater] INFO  impl.SimpleStateMachine4Testing (SimpleStateMachine4Testing.java:put(207)) - s1: put 137, m68 -> (t:1, i:137), STATEMACHINELOGENTRY, WRITE: logData.size=3, stateMachineData.size=17, logEntryProtoSerializedSize=0
2024-09-29 22:58:00,412 [s2@group-64B60AA06307-StateMachineUpdater] INFO  impl.SimpleStateMachine4Testing (SimpleStateMachine4Testing.java:applyTransaction(251)) - applyTransaction for log index 139
2024-09-29 22:58:00,412 [s2@group-64B60AA06307-StateMachineUpdater] INFO  impl.SimpleStateMachine4Testing (SimpleStateMachine4Testing.java:put(207)) - s2: put 139, m69 -> (t:1, i:139), STATEMACHINELOGENTRY, WRITE: logData.size=3, stateMachineData.size=17, logEntryProtoSerializedSize=0
2024-09-29 22:58:00,413 [s0@group-64B60AA06307-StateMachineUpdater] INFO  impl.SimpleStateMachine4Testing (SimpleStateMachine4Testing.java:applyTransaction(251)) - applyTransaction for log index 139
2024-09-29 22:58:00,413 [s0@group-64B60AA06307-StateMachineUpdater] INFO  impl.SimpleStateMachine4Testing (SimpleStateMachine4Testing.java:put(207)) - s0: put 139, m69 -> (t:1, i:139), STATEMACHINELOGENTRY, WRITE: logData.size=3, stateMachineData.size=17, logEntryProtoSerializedSize=0
2024-09-29 22:58:00,414 [s1@group-64B60AA06307-StateMachineUpdater] INFO  impl.SimpleStateMachine4Testing (SimpleStateMachine4Testing.java:applyTransaction(251)) - applyTransaction for log index 139
2024-09-29 22:58:00,414 [s1@group-64B60AA06307-StateMachineUpdater] INFO  impl.SimpleStateMachine4Testing (SimpleStateMachine4Testing.java:put(207)) - s1: put 139, m69 -> (t:1, i:139), STATEMACHINELOGENTRY, WRITE: logData.size=3, stateMachineData.size=17, logEntryProtoSerializedSize=0
2024-09-29 22:58:00,417 [s2@group-64B60AA06307-StateMachineUpdater] INFO  impl.SimpleStateMachine4Testing (SimpleStateMachine4Testing.java:applyTransaction(251)) - applyTransaction for log index 141
2024-09-29 22:58:00,418 [s2@group-64B60AA06307-StateMachineUpdater] INFO  impl.SimpleStateMachine4Testing (SimpleStateMachine4Testing.java:put(207)) - s2: put 141, m70 -> (t:1, i:141), STATEMACHINELOGENTRY, WRITE: logData.size=3, stateMachineData.size=17, logEntryProtoSerializedSize=0
2024-09-29 22:58:00,419 [s0@group-64B60AA06307-StateMachineUpdater] INFO  impl.SimpleStateMachine4Testing (SimpleStateMachine4Testing.java:applyTransaction(251)) - applyTransaction for log index 141
2024-09-29 22:58:00,419 [s0@group-64B60AA06307-StateMachineUpdater] INFO  impl.SimpleStateMachine4Testing (SimpleStateMachine4Testing.java:put(207)) - s0: put 141, m70 -> (t:1, i:141), STATEMACHINELOGENTRY, WRITE: logData.size=3, stateMachineData.size=17, logEntryProtoSerializedSize=0
2024-09-29 22:58:00,420 [s1@group-64B60AA06307-StateMachineUpdater] INFO  impl.SimpleStateMachine4Testing (SimpleStateMachine4Testing.java:applyTransaction(251)) - applyTransaction for log index 141
2024-09-29 22:58:00,420 [s1@group-64B60AA06307-StateMachineUpdater] INFO  impl.SimpleStateMachine4Testing (SimpleStateMachine4Testing.java:put(207)) - s1: put 141, m70 -> (t:1, i:141), STATEMACHINELOGENTRY, WRITE: logData.size=3, stateMachineData.size=17, logEntryProtoSerializedSize=0
2024-09-29 22:58:00,424 [s2@group-64B60AA06307-StateMachineUpdater] INFO  impl.SimpleStateMachine4Testing (SimpleStateMachine4Testing.java:applyTransaction(251)) - applyTransaction for log index 143
2024-09-29 22:58:00,424 [s2@group-64B60AA06307-StateMachineUpdater] INFO  impl.SimpleStateMachine4Testing (SimpleStateMachine4Testing.java:put(207)) - s2: put 143, m71 -> (t:1, i:143), STATEMACHINELOGENTRY, WRITE: logData.size=3, stateMachineData.size=17, logEntryProtoSerializedSize=0
2024-09-29 22:58:00,426 [s1@group-64B60AA06307-StateMachineUpdater] INFO  impl.SimpleStateMachine4Testing (SimpleStateMachine4Testing.java:applyTransaction(251)) - applyTransaction for log index 143
2024-09-29 22:58:00,426 [s1@group-64B60AA06307-StateMachineUpdater] INFO  impl.SimpleStateMachine4Testing (SimpleStateMachine4Testing.java:put(207)) - s1: put 143, m71 -> (t:1, i:143), STATEMACHINELOGENTRY, WRITE: logData.size=3, stateMachineData.size=17, logEntryProtoSerializedSize=0
2024-09-29 22:58:00,426 [s0@group-64B60AA06307-StateMachineUpdater] INFO  impl.SimpleStateMachine4Testing (SimpleStateMachine4Testing.java:applyTransaction(251)) - applyTransaction for log index 143
2024-09-29 22:58:00,426 [s0@group-64B60AA06307-StateMachineUpdater] INFO  impl.SimpleStateMachine4Testing (SimpleStateMachine4Testing.java:put(207)) - s0: put 143, m71 -> (t:1, i:143), STATEMACHINELOGENTRY, WRITE: logData.size=3, stateMachineData.size=17, logEntryProtoSerializedSize=0
2024-09-29 22:58:00,430 [s2@group-64B60AA06307-StateMachineUpdater] INFO  impl.SimpleStateMachine4Testing (SimpleStateMachine4Testing.java:applyTransaction(251)) - applyTransaction for log index 145
2024-09-29 22:58:00,430 [s2@group-64B60AA06307-StateMachineUpdater] INFO  impl.SimpleStateMachine4Testing (SimpleStateMachine4Testing.java:put(207)) - s2: put 145, m72 -> (t:1, i:145), STATEMACHINELOGENTRY, WRITE: logData.size=3, stateMachineData.size=17, logEntryProtoSerializedSize=0
2024-09-29 22:58:00,431 [s0@group-64B60AA06307-StateMachineUpdater] INFO  impl.SimpleStateMachine4Testing (SimpleStateMachine4Testing.java:applyTransaction(251)) - applyTransaction for log index 145
2024-09-29 22:58:00,431 [s0@group-64B60AA06307-StateMachineUpdater] INFO  impl.SimpleStateMachine4Testing (SimpleStateMachine4Testing.java:put(207)) - s0: put 145, m72 -> (t:1, i:145), STATEMACHINELOGENTRY, WRITE: logData.size=3, stateMachineData.size=17, logEntryProtoSerializedSize=0
2024-09-29 22:58:00,431 [s1@group-64B60AA06307-StateMachineUpdater] INFO  impl.SimpleStateMachine4Testing (SimpleStateMachine4Testing.java:applyTransaction(251)) - applyTransaction for log index 145
2024-09-29 22:58:00,432 [s1@group-64B60AA06307-StateMachineUpdater] INFO  impl.SimpleStateMachine4Testing (SimpleStateMachine4Testing.java:put(207)) - s1: put 145, m72 -> (t:1, i:145), STATEMACHINELOGENTRY, WRITE: logData.size=3, stateMachineData.size=17, logEntryProtoSerializedSize=0
2024-09-29 22:58:00,435 [s2@group-64B60AA06307-StateMachineUpdater] INFO  impl.SimpleStateMachine4Testing (SimpleStateMachine4Testing.java:applyTransaction(251)) - applyTransaction for log index 147
2024-09-29 22:58:00,435 [s2@group-64B60AA06307-StateMachineUpdater] INFO  impl.SimpleStateMachine4Testing (SimpleStateMachine4Testing.java:put(207)) - s2: put 147, m73 -> (t:1, i:147), STATEMACHINELOGENTRY, WRITE: logData.size=3, stateMachineData.size=17, logEntryProtoSerializedSize=0
2024-09-29 22:58:00,437 [s0@group-64B60AA06307-StateMachineUpdater] INFO  impl.SimpleStateMachine4Testing (SimpleStateMachine4Testing.java:applyTransaction(251)) - applyTransaction for log index 147
2024-09-29 22:58:00,437 [s0@group-64B60AA06307-StateMachineUpdater] INFO  impl.SimpleStateMachine4Testing (SimpleStateMachine4Testing.java:put(207)) - s0: put 147, m73 -> (t:1, i:147), STATEMACHINELOGENTRY, WRITE: logData.size=3, stateMachineData.size=17, logEntryProtoSerializedSize=0
2024-09-29 22:58:00,437 [s1@group-64B60AA06307-StateMachineUpdater] INFO  impl.SimpleStateMachine4Testing (SimpleStateMachine4Testing.java:applyTransaction(251)) - applyTransaction for log index 147
2024-09-29 22:58:00,438 [s1@group-64B60AA06307-StateMachineUpdater] INFO  impl.SimpleStateMachine4Testing (SimpleStateMachine4Testing.java:put(207)) - s1: put 147, m73 -> (t:1, i:147), STATEMACHINELOGENTRY, WRITE: logData.size=3, stateMachineData.size=17, logEntryProtoSerializedSize=0
2024-09-29 22:58:00,441 [s2@group-64B60AA06307-StateMachineUpdater] INFO  impl.SimpleStateMachine4Testing (SimpleStateMachine4Testing.java:applyTransaction(251)) - applyTransaction for log index 149
2024-09-29 22:58:00,441 [s2@group-64B60AA06307-StateMachineUpdater] INFO  impl.SimpleStateMachine4Testing (SimpleStateMachine4Testing.java:put(207)) - s2: put 149, m74 -> (t:1, i:149), STATEMACHINELOGENTRY, WRITE: logData.size=3, stateMachineData.size=17, logEntryProtoSerializedSize=0
2024-09-29 22:58:00,443 [s1@group-64B60AA06307-StateMachineUpdater] INFO  impl.SimpleStateMachine4Testing (SimpleStateMachine4Testing.java:applyTransaction(251)) - applyTransaction for log index 149
2024-09-29 22:58:00,443 [s1@group-64B60AA06307-StateMachineUpdater] INFO  impl.SimpleStateMachine4Testing (SimpleStateMachine4Testing.java:put(207)) - s1: put 149, m74 -> (t:1, i:149), STATEMACHINELOGENTRY, WRITE: logData.size=3, stateMachineData.size=17, logEntryProtoSerializedSize=0
2024-09-29 22:58:00,443 [s0@group-64B60AA06307-StateMachineUpdater] INFO  impl.SimpleStateMachine4Testing (SimpleStateMachine4Testing.java:applyTransaction(251)) - applyTransaction for log index 149
2024-09-29 22:58:00,443 [s0@group-64B60AA06307-StateMachineUpdater] INFO  impl.SimpleStateMachine4Testing (SimpleStateMachine4Testing.java:put(207)) - s0: put 149, m74 -> (t:1, i:149), STATEMACHINELOGENTRY, WRITE: logData.size=3, stateMachineData.size=17, logEntryProtoSerializedSize=0
2024-09-29 22:58:00,447 [s2@group-64B60AA06307-StateMachineUpdater] INFO  impl.SimpleStateMachine4Testing (SimpleStateMachine4Testing.java:applyTransaction(251)) - applyTransaction for log index 151
2024-09-29 22:58:00,448 [s2@group-64B60AA06307-StateMachineUpdater] INFO  impl.SimpleStateMachine4Testing (SimpleStateMachine4Testing.java:put(207)) - s2: put 151, m75 -> (t:1, i:151), STATEMACHINELOGENTRY, WRITE: logData.size=3, stateMachineData.size=17, logEntryProtoSerializedSize=0
2024-09-29 22:58:00,449 [s1@group-64B60AA06307-StateMachineUpdater] INFO  impl.SimpleStateMachine4Testing (SimpleStateMachine4Testing.java:applyTransaction(251)) - applyTransaction for log index 151
2024-09-29 22:58:00,450 [s1@group-64B60AA06307-StateMachineUpdater] INFO  impl.SimpleStateMachine4Testing (SimpleStateMachine4Testing.java:put(207)) - s1: put 151, m75 -> (t:1, i:151), STATEMACHINELOGENTRY, WRITE: logData.size=3, stateMachineData.size=17, logEntryProtoSerializedSize=0
2024-09-29 22:58:00,450 [s0@group-64B60AA06307-StateMachineUpdater] INFO  impl.SimpleStateMachine4Testing (SimpleStateMachine4Testing.java:applyTransaction(251)) - applyTransaction for log index 151
2024-09-29 22:58:00,450 [s0@group-64B60AA06307-StateMachineUpdater] INFO  impl.SimpleStateMachine4Testing (SimpleStateMachine4Testing.java:put(207)) - s0: put 151, m75 -> (t:1, i:151), STATEMACHINELOGENTRY, WRITE: logData.size=3, stateMachineData.size=17, logEntryProtoSerializedSize=0
2024-09-29 22:58:00,453 [s2@group-64B60AA06307-StateMachineUpdater] INFO  impl.SimpleStateMachine4Testing (SimpleStateMachine4Testing.java:applyTransaction(251)) - applyTransaction for log index 153
2024-09-29 22:58:00,453 [s2@group-64B60AA06307-StateMachineUpdater] INFO  impl.SimpleStateMachine4Testing (SimpleStateMachine4Testing.java:put(207)) - s2: put 153, m76 -> (t:1, i:153), STATEMACHINELOGENTRY, WRITE: logData.size=3, stateMachineData.size=17, logEntryProtoSerializedSize=0
2024-09-29 22:58:00,457 [s0@group-64B60AA06307-StateMachineUpdater] INFO  impl.SimpleStateMachine4Testing (SimpleStateMachine4Testing.java:applyTransaction(251)) - applyTransaction for log index 153
2024-09-29 22:58:00,457 [s0@group-64B60AA06307-StateMachineUpdater] INFO  impl.SimpleStateMachine4Testing (SimpleStateMachine4Testing.java:put(207)) - s0: put 153, m76 -> (t:1, i:153), STATEMACHINELOGENTRY, WRITE: logData.size=3, stateMachineData.size=17, logEntryProtoSerializedSize=0
2024-09-29 22:58:00,458 [s1@group-64B60AA06307-StateMachineUpdater] INFO  impl.SimpleStateMachine4Testing (SimpleStateMachine4Testing.java:applyTransaction(251)) - applyTransaction for log index 153
2024-09-29 22:58:00,458 [s1@group-64B60AA06307-StateMachineUpdater] INFO  impl.SimpleStateMachine4Testing (SimpleStateMachine4Testing.java:put(207)) - s1: put 153, m76 -> (t:1, i:153), STATEMACHINELOGENTRY, WRITE: logData.size=3, stateMachineData.size=17, logEntryProtoSerializedSize=0
2024-09-29 22:58:00,461 [s2@group-64B60AA06307-StateMachineUpdater] INFO  impl.SimpleStateMachine4Testing (SimpleStateMachine4Testing.java:applyTransaction(251)) - applyTransaction for log index 155
2024-09-29 22:58:00,461 [s2@group-64B60AA06307-StateMachineUpdater] INFO  impl.SimpleStateMachine4Testing (SimpleStateMachine4Testing.java:put(207)) - s2: put 155, m77 -> (t:1, i:155), STATEMACHINELOGENTRY, WRITE: logData.size=3, stateMachineData.size=17, logEntryProtoSerializedSize=0
2024-09-29 22:58:00,463 [s0@group-64B60AA06307-StateMachineUpdater] INFO  impl.SimpleStateMachine4Testing (SimpleStateMachine4Testing.java:applyTransaction(251)) - applyTransaction for log index 155
2024-09-29 22:58:00,463 [s0@group-64B60AA06307-StateMachineUpdater] INFO  impl.SimpleStateMachine4Testing (SimpleStateMachine4Testing.java:put(207)) - s0: put 155, m77 -> (t:1, i:155), STATEMACHINELOGENTRY, WRITE: logData.size=3, stateMachineData.size=17, logEntryProtoSerializedSize=0
2024-09-29 22:58:00,467 [s1@group-64B60AA06307-StateMachineUpdater] INFO  impl.SimpleStateMachine4Testing (SimpleStateMachine4Testing.java:applyTransaction(251)) - applyTransaction for log index 155
2024-09-29 22:58:00,467 [s1@group-64B60AA06307-StateMachineUpdater] INFO  impl.SimpleStateMachine4Testing (SimpleStateMachine4Testing.java:put(207)) - s1: put 155, m77 -> (t:1, i:155), STATEMACHINELOGENTRY, WRITE: logData.size=3, stateMachineData.size=17, logEntryProtoSerializedSize=0
2024-09-29 22:58:00,467 [s2@group-64B60AA06307-StateMachineUpdater] INFO  impl.SimpleStateMachine4Testing (SimpleStateMachine4Testing.java:applyTransaction(251)) - applyTransaction for log index 157
2024-09-29 22:58:00,467 [s2@group-64B60AA06307-StateMachineUpdater] INFO  impl.SimpleStateMachine4Testing (SimpleStateMachine4Testing.java:put(207)) - s2: put 157, m78 -> (t:1, i:157), STATEMACHINELOGENTRY, WRITE: logData.size=3, stateMachineData.size=17, logEntryProtoSerializedSize=0
2024-09-29 22:58:00,470 [s0@group-64B60AA06307-StateMachineUpdater] INFO  impl.SimpleStateMachine4Testing (SimpleStateMachine4Testing.java:applyTransaction(251)) - applyTransaction for log index 157
2024-09-29 22:58:00,470 [s0@group-64B60AA06307-StateMachineUpdater] INFO  impl.SimpleStateMachine4Testing (SimpleStateMachine4Testing.java:put(207)) - s0: put 157, m78 -> (t:1, i:157), STATEMACHINELOGENTRY, WRITE: logData.size=3, stateMachineData.size=17, logEntryProtoSerializedSize=0
2024-09-29 22:58:00,474 [s1@group-64B60AA06307-StateMachineUpdater] INFO  impl.SimpleStateMachine4Testing (SimpleStateMachine4Testing.java:applyTransaction(251)) - applyTransaction for log index 157
2024-09-29 22:58:00,474 [s1@group-64B60AA06307-StateMachineUpdater] INFO  impl.SimpleStateMachine4Testing (SimpleStateMachine4Testing.java:put(207)) - s1: put 157, m78 -> (t:1, i:157), STATEMACHINELOGENTRY, WRITE: logData.size=3, stateMachineData.size=17, logEntryProtoSerializedSize=0
2024-09-29 22:58:00,476 [s2@group-64B60AA06307-StateMachineUpdater] INFO  impl.SimpleStateMachine4Testing (SimpleStateMachine4Testing.java:applyTransaction(251)) - applyTransaction for log index 159
2024-09-29 22:58:00,477 [s2@group-64B60AA06307-StateMachineUpdater] INFO  impl.SimpleStateMachine4Testing (SimpleStateMachine4Testing.java:put(207)) - s2: put 159, m79 -> (t:1, i:159), STATEMACHINELOGENTRY, WRITE: logData.size=3, stateMachineData.size=17, logEntryProtoSerializedSize=0
2024-09-29 22:58:00,479 [s1@group-64B60AA06307-StateMachineUpdater] INFO  impl.SimpleStateMachine4Testing (SimpleStateMachine4Testing.java:applyTransaction(251)) - applyTransaction for log index 159
2024-09-29 22:58:00,479 [s1@group-64B60AA06307-StateMachineUpdater] INFO  impl.SimpleStateMachine4Testing (SimpleStateMachine4Testing.java:put(207)) - s1: put 159, m79 -> (t:1, i:159), STATEMACHINELOGENTRY, WRITE: logData.size=3, stateMachineData.size=17, logEntryProtoSerializedSize=0
2024-09-29 22:58:00,479 [s0@group-64B60AA06307-StateMachineUpdater] INFO  impl.SimpleStateMachine4Testing (SimpleStateMachine4Testing.java:applyTransaction(251)) - applyTransaction for log index 159
2024-09-29 22:58:00,479 [s0@group-64B60AA06307-StateMachineUpdater] INFO  impl.SimpleStateMachine4Testing (SimpleStateMachine4Testing.java:put(207)) - s0: put 159, m79 -> (t:1, i:159), STATEMACHINELOGENTRY, WRITE: logData.size=3, stateMachineData.size=17, logEntryProtoSerializedSize=0
2024-09-29 22:58:00,481 [s2@group-64B60AA06307-StateMachineUpdater] INFO  impl.SimpleStateMachine4Testing (SimpleStateMachine4Testing.java:applyTransaction(251)) - applyTransaction for log index 161
2024-09-29 22:58:00,481 [s2@group-64B60AA06307-StateMachineUpdater] INFO  impl.SimpleStateMachine4Testing (SimpleStateMachine4Testing.java:put(207)) - s2: put 161, m80 -> (t:1, i:161), STATEMACHINELOGENTRY, WRITE: logData.size=3, stateMachineData.size=17, logEntryProtoSerializedSize=0
2024-09-29 22:58:00,483 [s1@group-64B60AA06307-StateMachineUpdater] INFO  impl.SimpleStateMachine4Testing (SimpleStateMachine4Testing.java:applyTransaction(251)) - applyTransaction for log index 161
2024-09-29 22:58:00,483 [s1@group-64B60AA06307-StateMachineUpdater] INFO  impl.SimpleStateMachine4Testing (SimpleStateMachine4Testing.java:put(207)) - s1: put 161, m80 -> (t:1, i:161), STATEMACHINELOGENTRY, WRITE: logData.size=3, stateMachineData.size=17, logEntryProtoSerializedSize=0
2024-09-29 22:58:00,484 [s0@group-64B60AA06307-StateMachineUpdater] INFO  impl.SimpleStateMachine4Testing (SimpleStateMachine4Testing.java:applyTransaction(251)) - applyTransaction for log index 161
2024-09-29 22:58:00,484 [s0@group-64B60AA06307-StateMachineUpdater] INFO  impl.SimpleStateMachine4Testing (SimpleStateMachine4Testing.java:put(207)) - s0: put 161, m80 -> (t:1, i:161), STATEMACHINELOGENTRY, WRITE: logData.size=3, stateMachineData.size=17, logEntryProtoSerializedSize=0
2024-09-29 22:58:00,486 [s2@group-64B60AA06307-StateMachineUpdater] INFO  impl.SimpleStateMachine4Testing (SimpleStateMachine4Testing.java:applyTransaction(251)) - applyTransaction for log index 163
2024-09-29 22:58:00,486 [s2@group-64B60AA06307-StateMachineUpdater] INFO  impl.SimpleStateMachine4Testing (SimpleStateMachine4Testing.java:put(207)) - s2: put 163, m81 -> (t:1, i:163), STATEMACHINELOGENTRY, WRITE: logData.size=3, stateMachineData.size=17, logEntryProtoSerializedSize=0
2024-09-29 22:58:00,490 [s1@group-64B60AA06307-StateMachineUpdater] INFO  impl.SimpleStateMachine4Testing (SimpleStateMachine4Testing.java:applyTransaction(251)) - applyTransaction for log index 163
2024-09-29 22:58:00,490 [s1@group-64B60AA06307-StateMachineUpdater] INFO  impl.SimpleStateMachine4Testing (SimpleStateMachine4Testing.java:put(207)) - s1: put 163, m81 -> (t:1, i:163), STATEMACHINELOGENTRY, WRITE: logData.size=3, stateMachineData.size=17, logEntryProtoSerializedSize=0
2024-09-29 22:58:00,491 [s2@group-64B60AA06307-StateMachineUpdater] INFO  impl.SimpleStateMachine4Testing (SimpleStateMachine4Testing.java:applyTransaction(251)) - applyTransaction for log index 165
2024-09-29 22:58:00,492 [s2@group-64B60AA06307-StateMachineUpdater] INFO  impl.SimpleStateMachine4Testing (SimpleStateMachine4Testing.java:put(207)) - s2: put 165, m82 -> (t:1, i:165), STATEMACHINELOGENTRY, WRITE: logData.size=3, stateMachineData.size=17, logEntryProtoSerializedSize=0
2024-09-29 22:58:00,495 [s1@group-64B60AA06307-StateMachineUpdater] INFO  impl.SimpleStateMachine4Testing (SimpleStateMachine4Testing.java:applyTransaction(251)) - applyTransaction for log index 165
2024-09-29 22:58:00,495 [s1@group-64B60AA06307-StateMachineUpdater] INFO  impl.SimpleStateMachine4Testing (SimpleStateMachine4Testing.java:put(207)) - s1: put 165, m82 -> (t:1, i:165), STATEMACHINELOGENTRY, WRITE: logData.size=3, stateMachineData.size=17, logEntryProtoSerializedSize=0
2024-09-29 22:58:00,496 [s2@group-64B60AA06307-StateMachineUpdater] INFO  impl.SimpleStateMachine4Testing (SimpleStateMachine4Testing.java:applyTransaction(251)) - applyTransaction for log index 167
2024-09-29 22:58:00,496 [s2@group-64B60AA06307-StateMachineUpdater] INFO  impl.SimpleStateMachine4Testing (SimpleStateMachine4Testing.java:put(207)) - s2: put 167, m83 -> (t:1, i:167), STATEMACHINELOGENTRY, WRITE: logData.size=3, stateMachineData.size=17, logEntryProtoSerializedSize=0
2024-09-29 22:58:00,496 [s0@group-64B60AA06307-StateMachineUpdater] INFO  impl.SimpleStateMachine4Testing (SimpleStateMachine4Testing.java:applyTransaction(251)) - applyTransaction for log index 163
2024-09-29 22:58:00,496 [s0@group-64B60AA06307-StateMachineUpdater] INFO  impl.SimpleStateMachine4Testing (SimpleStateMachine4Testing.java:put(207)) - s0: put 163, m81 -> (t:1, i:163), STATEMACHINELOGENTRY, WRITE: logData.size=3, stateMachineData.size=17, logEntryProtoSerializedSize=0
2024-09-29 22:58:00,498 [s1@group-64B60AA06307-StateMachineUpdater] INFO  impl.SimpleStateMachine4Testing (SimpleStateMachine4Testing.java:applyTransaction(251)) - applyTransaction for log index 167
2024-09-29 22:58:00,498 [s1@group-64B60AA06307-StateMachineUpdater] INFO  impl.SimpleStateMachine4Testing (SimpleStateMachine4Testing.java:put(207)) - s1: put 167, m83 -> (t:1, i:167), STATEMACHINELOGENTRY, WRITE: logData.size=3, stateMachineData.size=17, logEntryProtoSerializedSize=0
2024-09-29 22:58:00,501 [s2@group-64B60AA06307-StateMachineUpdater] INFO  impl.SimpleStateMachine4Testing (SimpleStateMachine4Testing.java:applyTransaction(251)) - applyTransaction for log index 169
2024-09-29 22:58:00,501 [s2@group-64B60AA06307-StateMachineUpdater] INFO  impl.SimpleStateMachine4Testing (SimpleStateMachine4Testing.java:put(207)) - s2: put 169, m84 -> (t:1, i:169), STATEMACHINELOGENTRY, WRITE: logData.size=3, stateMachineData.size=17, logEntryProtoSerializedSize=0
2024-09-29 22:58:00,501 [s0@group-64B60AA06307-StateMachineUpdater] INFO  impl.SimpleStateMachine4Testing (SimpleStateMachine4Testing.java:applyTransaction(251)) - applyTransaction for log index 165
2024-09-29 22:58:00,501 [s0@group-64B60AA06307-StateMachineUpdater] INFO  impl.SimpleStateMachine4Testing (SimpleStateMachine4Testing.java:put(207)) - s0: put 165, m82 -> (t:1, i:165), STATEMACHINELOGENTRY, WRITE: logData.size=3, stateMachineData.size=17, logEntryProtoSerializedSize=0
2024-09-29 22:58:00,504 [s1@group-64B60AA06307-StateMachineUpdater] INFO  impl.SimpleStateMachine4Testing (SimpleStateMachine4Testing.java:applyTransaction(251)) - applyTransaction for log index 169
2024-09-29 22:58:00,504 [s0@group-64B60AA06307-StateMachineUpdater] INFO  impl.SimpleStateMachine4Testing (SimpleStateMachine4Testing.java:applyTransaction(251)) - applyTransaction for log index 167
2024-09-29 22:58:00,504 [s0@group-64B60AA06307-StateMachineUpdater] INFO  impl.SimpleStateMachine4Testing (SimpleStateMachine4Testing.java:put(207)) - s0: put 167, m83 -> (t:1, i:167), STATEMACHINELOGENTRY, WRITE: logData.size=3, stateMachineData.size=17, logEntryProtoSerializedSize=0
2024-09-29 22:58:00,504 [s1@group-64B60AA06307-StateMachineUpdater] INFO  impl.SimpleStateMachine4Testing (SimpleStateMachine4Testing.java:put(207)) - s1: put 169, m84 -> (t:1, i:169), STATEMACHINELOGENTRY, WRITE: logData.size=3, stateMachineData.size=17, logEntryProtoSerializedSize=0
2024-09-29 22:58:00,504 [s0@group-64B60AA06307-StateMachineUpdater] INFO  impl.SimpleStateMachine4Testing (SimpleStateMachine4Testing.java:applyTransaction(251)) - applyTransaction for log index 169
2024-09-29 22:58:00,504 [s0@group-64B60AA06307-StateMachineUpdater] INFO  impl.SimpleStateMachine4Testing (SimpleStateMachine4Testing.java:put(207)) - s0: put 169, m84 -> (t:1, i:169), STATEMACHINELOGENTRY, WRITE: logData.size=3, stateMachineData.size=17, logEntryProtoSerializedSize=0
2024-09-29 22:58:00,507 [s2@group-64B60AA06307-StateMachineUpdater] INFO  impl.SimpleStateMachine4Testing (SimpleStateMachine4Testing.java:applyTransaction(251)) - applyTransaction for log index 171
2024-09-29 22:58:00,507 [s2@group-64B60AA06307-StateMachineUpdater] INFO  impl.SimpleStateMachine4Testing (SimpleStateMachine4Testing.java:put(207)) - s2: put 171, m85 -> (t:1, i:171), STATEMACHINELOGENTRY, WRITE: logData.size=3, stateMachineData.size=17, logEntryProtoSerializedSize=0
2024-09-29 22:58:00,509 [s1@group-64B60AA06307-StateMachineUpdater] INFO  impl.SimpleStateMachine4Testing (SimpleStateMachine4Testing.java:applyTransaction(251)) - applyTransaction for log index 171
2024-09-29 22:58:00,509 [s1@group-64B60AA06307-StateMachineUpdater] INFO  impl.SimpleStateMachine4Testing (SimpleStateMachine4Testing.java:put(207)) - s1: put 171, m85 -> (t:1, i:171), STATEMACHINELOGENTRY, WRITE: logData.size=3, stateMachineData.size=17, logEntryProtoSerializedSize=0
2024-09-29 22:58:00,511 [s0@group-64B60AA06307-StateMachineUpdater] INFO  impl.SimpleStateMachine4Testing (SimpleStateMachine4Testing.java:applyTransaction(251)) - applyTransaction for log index 171
2024-09-29 22:58:00,511 [s0@group-64B60AA06307-StateMachineUpdater] INFO  impl.SimpleStateMachine4Testing (SimpleStateMachine4Testing.java:put(207)) - s0: put 171, m85 -> (t:1, i:171), STATEMACHINELOGENTRY, WRITE: logData.size=3, stateMachineData.size=17, logEntryProtoSerializedSize=0
2024-09-29 22:58:00,512 [s2@group-64B60AA06307-StateMachineUpdater] INFO  impl.SimpleStateMachine4Testing (SimpleStateMachine4Testing.java:applyTransaction(251)) - applyTransaction for log index 173
2024-09-29 22:58:00,512 [s2@group-64B60AA06307-StateMachineUpdater] INFO  impl.SimpleStateMachine4Testing (SimpleStateMachine4Testing.java:put(207)) - s2: put 173, m86 -> (t:1, i:173), STATEMACHINELOGENTRY, WRITE: logData.size=3, stateMachineData.size=17, logEntryProtoSerializedSize=0
2024-09-29 22:58:00,515 [s1@group-64B60AA06307-StateMachineUpdater] INFO  impl.SimpleStateMachine4Testing (SimpleStateMachine4Testing.java:applyTransaction(251)) - applyTransaction for log index 173
2024-09-29 22:58:00,515 [s1@group-64B60AA06307-StateMachineUpdater] INFO  impl.SimpleStateMachine4Testing (SimpleStateMachine4Testing.java:put(207)) - s1: put 173, m86 -> (t:1, i:173), STATEMACHINELOGENTRY, WRITE: logData.size=3, stateMachineData.size=17, logEntryProtoSerializedSize=0
2024-09-29 22:58:00,516 [s0@group-64B60AA06307-StateMachineUpdater] INFO  impl.SimpleStateMachine4Testing (SimpleStateMachine4Testing.java:applyTransaction(251)) - applyTransaction for log index 173
2024-09-29 22:58:00,516 [s0@group-64B60AA06307-StateMachineUpdater] INFO  impl.SimpleStateMachine4Testing (SimpleStateMachine4Testing.java:put(207)) - s0: put 173, m86 -> (t:1, i:173), STATEMACHINELOGENTRY, WRITE: logData.size=3, stateMachineData.size=17, logEntryProtoSerializedSize=0
2024-09-29 22:58:00,519 [s2@group-64B60AA06307-StateMachineUpdater] INFO  impl.SimpleStateMachine4Testing (SimpleStateMachine4Testing.java:applyTransaction(251)) - applyTransaction for log index 175
2024-09-29 22:58:00,519 [s2@group-64B60AA06307-StateMachineUpdater] INFO  impl.SimpleStateMachine4Testing (SimpleStateMachine4Testing.java:put(207)) - s2: put 175, m87 -> (t:1, i:175), STATEMACHINELOGENTRY, WRITE: logData.size=3, stateMachineData.size=17, logEntryProtoSerializedSize=0
2024-09-29 22:58:00,521 [s1@group-64B60AA06307-StateMachineUpdater] INFO  impl.SimpleStateMachine4Testing (SimpleStateMachine4Testing.java:applyTransaction(251)) - applyTransaction for log index 175
2024-09-29 22:58:00,521 [s1@group-64B60AA06307-StateMachineUpdater] INFO  impl.SimpleStateMachine4Testing (SimpleStateMachine4Testing.java:put(207)) - s1: put 175, m87 -> (t:1, i:175), STATEMACHINELOGENTRY, WRITE: logData.size=3, stateMachineData.size=17, logEntryProtoSerializedSize=0
2024-09-29 22:58:00,522 [s0@group-64B60AA06307-StateMachineUpdater] INFO  impl.SimpleStateMachine4Testing (SimpleStateMachine4Testing.java:applyTransaction(251)) - applyTransaction for log index 175
2024-09-29 22:58:00,522 [s0@group-64B60AA06307-StateMachineUpdater] INFO  impl.SimpleStateMachine4Testing (SimpleStateMachine4Testing.java:put(207)) - s0: put 175, m87 -> (t:1, i:175), STATEMACHINELOGENTRY, WRITE: logData.size=3, stateMachineData.size=17, logEntryProtoSerializedSize=0
2024-09-29 22:58:00,525 [s2@group-64B60AA06307-StateMachineUpdater] INFO  impl.SimpleStateMachine4Testing (SimpleStateMachine4Testing.java:applyTransaction(251)) - applyTransaction for log index 177
2024-09-29 22:58:00,525 [s2@group-64B60AA06307-StateMachineUpdater] INFO  impl.SimpleStateMachine4Testing (SimpleStateMachine4Testing.java:put(207)) - s2: put 177, m88 -> (t:1, i:177), STATEMACHINELOGENTRY, WRITE: logData.size=3, stateMachineData.size=17, logEntryProtoSerializedSize=0
2024-09-29 22:58:00,528 [s1@group-64B60AA06307-StateMachineUpdater] INFO  impl.SimpleStateMachine4Testing (SimpleStateMachine4Testing.java:applyTransaction(251)) - applyTransaction for log index 177
2024-09-29 22:58:00,528 [s1@group-64B60AA06307-StateMachineUpdater] INFO  impl.SimpleStateMachine4Testing (SimpleStateMachine4Testing.java:put(207)) - s1: put 177, m88 -> (t:1, i:177), STATEMACHINELOGENTRY, WRITE: logData.size=3, stateMachineData.size=17, logEntryProtoSerializedSize=0
2024-09-29 22:58:00,528 [s0@group-64B60AA06307-StateMachineUpdater] INFO  impl.SimpleStateMachine4Testing (SimpleStateMachine4Testing.java:applyTransaction(251)) - applyTransaction for log index 177
2024-09-29 22:58:00,528 [s0@group-64B60AA06307-StateMachineUpdater] INFO  impl.SimpleStateMachine4Testing (SimpleStateMachine4Testing.java:put(207)) - s0: put 177, m88 -> (t:1, i:177), STATEMACHINELOGENTRY, WRITE: logData.size=3, stateMachineData.size=17, logEntryProtoSerializedSize=0
2024-09-29 22:58:00,531 [s2@group-64B60AA06307-StateMachineUpdater] INFO  impl.SimpleStateMachine4Testing (SimpleStateMachine4Testing.java:applyTransaction(251)) - applyTransaction for log index 179
2024-09-29 22:58:00,531 [s2@group-64B60AA06307-StateMachineUpdater] INFO  impl.SimpleStateMachine4Testing (SimpleStateMachine4Testing.java:put(207)) - s2: put 179, m89 -> (t:1, i:179), STATEMACHINELOGENTRY, WRITE: logData.size=3, stateMachineData.size=17, logEntryProtoSerializedSize=0
2024-09-29 22:58:00,534 [s1@group-64B60AA06307-StateMachineUpdater] INFO  impl.SimpleStateMachine4Testing (SimpleStateMachine4Testing.java:applyTransaction(251)) - applyTransaction for log index 179
2024-09-29 22:58:00,534 [s1@group-64B60AA06307-StateMachineUpdater] INFO  impl.SimpleStateMachine4Testing (SimpleStateMachine4Testing.java:put(207)) - s1: put 179, m89 -> (t:1, i:179), STATEMACHINELOGENTRY, WRITE: logData.size=3, stateMachineData.size=17, logEntryProtoSerializedSize=0
2024-09-29 22:58:00,535 [s0@group-64B60AA06307-StateMachineUpdater] INFO  impl.SimpleStateMachine4Testing (SimpleStateMachine4Testing.java:applyTransaction(251)) - applyTransaction for log index 179
2024-09-29 22:58:00,536 [s0@group-64B60AA06307-StateMachineUpdater] INFO  impl.SimpleStateMachine4Testing (SimpleStateMachine4Testing.java:put(207)) - s0: put 179, m89 -> (t:1, i:179), STATEMACHINELOGENTRY, WRITE: logData.size=3, stateMachineData.size=17, logEntryProtoSerializedSize=0
2024-09-29 22:58:00,537 [s2@group-64B60AA06307-StateMachineUpdater] INFO  impl.SimpleStateMachine4Testing (SimpleStateMachine4Testing.java:applyTransaction(251)) - applyTransaction for log index 181
2024-09-29 22:58:00,537 [s2@group-64B60AA06307-StateMachineUpdater] INFO  impl.SimpleStateMachine4Testing (SimpleStateMachine4Testing.java:put(207)) - s2: put 181, m90 -> (t:1, i:181), STATEMACHINELOGENTRY, WRITE: logData.size=3, stateMachineData.size=17, logEntryProtoSerializedSize=0
2024-09-29 22:58:00,538 [s1@group-64B60AA06307-StateMachineUpdater] INFO  impl.SimpleStateMachine4Testing (SimpleStateMachine4Testing.java:applyTransaction(251)) - applyTransaction for log index 181
2024-09-29 22:58:00,538 [s1@group-64B60AA06307-StateMachineUpdater] INFO  impl.SimpleStateMachine4Testing (SimpleStateMachine4Testing.java:put(207)) - s1: put 181, m90 -> (t:1, i:181), STATEMACHINELOGENTRY, WRITE: logData.size=3, stateMachineData.size=17, logEntryProtoSerializedSize=0
2024-09-29 22:58:00,542 [s0@group-64B60AA06307-StateMachineUpdater] INFO  impl.SimpleStateMachine4Testing (SimpleStateMachine4Testing.java:applyTransaction(251)) - applyTransaction for log index 181
2024-09-29 22:58:00,543 [s0@group-64B60AA06307-StateMachineUpdater] INFO  impl.SimpleStateMachine4Testing (SimpleStateMachine4Testing.java:put(207)) - s0: put 181, m90 -> (t:1, i:181), STATEMACHINELOGENTRY, WRITE: logData.size=3, stateMachineData.size=17, logEntryProtoSerializedSize=0
2024-09-29 22:58:00,543 [s2@group-64B60AA06307-StateMachineUpdater] INFO  impl.SimpleStateMachine4Testing (SimpleStateMachine4Testing.java:applyTransaction(251)) - applyTransaction for log index 183
2024-09-29 22:58:00,543 [s2@group-64B60AA06307-StateMachineUpdater] INFO  impl.SimpleStateMachine4Testing (SimpleStateMachine4Testing.java:put(207)) - s2: put 183, m91 -> (t:1, i:183), STATEMACHINELOGENTRY, WRITE: logData.size=3, stateMachineData.size=17, logEntryProtoSerializedSize=0
2024-09-29 22:58:00,546 [s1@group-64B60AA06307-StateMachineUpdater] INFO  impl.SimpleStateMachine4Testing (SimpleStateMachine4Testing.java:applyTransaction(251)) - applyTransaction for log index 183
2024-09-29 22:58:00,546 [s1@group-64B60AA06307-StateMachineUpdater] INFO  impl.SimpleStateMachine4Testing (SimpleStateMachine4Testing.java:put(207)) - s1: put 183, m91 -> (t:1, i:183), STATEMACHINELOGENTRY, WRITE: logData.size=3, stateMachineData.size=17, logEntryProtoSerializedSize=0
2024-09-29 22:58:00,547 [s0@group-64B60AA06307-StateMachineUpdater] INFO  impl.SimpleStateMachine4Testing (SimpleStateMachine4Testing.java:applyTransaction(251)) - applyTransaction for log index 183
2024-09-29 22:58:00,547 [s0@group-64B60AA06307-StateMachineUpdater] INFO  impl.SimpleStateMachine4Testing (SimpleStateMachine4Testing.java:put(207)) - s0: put 183, m91 -> (t:1, i:183), STATEMACHINELOGENTRY, WRITE: logData.size=3, stateMachineData.size=17, logEntryProtoSerializedSize=0
2024-09-29 22:58:00,549 [s2@group-64B60AA06307-StateMachineUpdater] INFO  impl.SimpleStateMachine4Testing (SimpleStateMachine4Testing.java:applyTransaction(251)) - applyTransaction for log index 185
2024-09-29 22:58:00,549 [s2@group-64B60AA06307-StateMachineUpdater] INFO  impl.SimpleStateMachine4Testing (SimpleStateMachine4Testing.java:put(207)) - s2: put 185, m92 -> (t:1, i:185), STATEMACHINELOGENTRY, WRITE: logData.size=3, stateMachineData.size=17, logEntryProtoSerializedSize=0
2024-09-29 22:58:00,551 [s0@group-64B60AA06307-StateMachineUpdater] INFO  impl.SimpleStateMachine4Testing (SimpleStateMachine4Testing.java:applyTransaction(251)) - applyTransaction for log index 185
2024-09-29 22:58:00,551 [s0@group-64B60AA06307-StateMachineUpdater] INFO  impl.SimpleStateMachine4Testing (SimpleStateMachine4Testing.java:put(207)) - s0: put 185, m92 -> (t:1, i:185), STATEMACHINELOGENTRY, WRITE: logData.size=3, stateMachineData.size=17, logEntryProtoSerializedSize=0
2024-09-29 22:58:00,552 [s1@group-64B60AA06307-StateMachineUpdater] INFO  impl.SimpleStateMachine4Testing (SimpleStateMachine4Testing.java:applyTransaction(251)) - applyTransaction for log index 185
2024-09-29 22:58:00,552 [s1@group-64B60AA06307-StateMachineUpdater] INFO  impl.SimpleStateMachine4Testing (SimpleStateMachine4Testing.java:put(207)) - s1: put 185, m92 -> (t:1, i:185), STATEMACHINELOGENTRY, WRITE: logData.size=3, stateMachineData.size=17, logEntryProtoSerializedSize=0
2024-09-29 22:58:00,555 [s2@group-64B60AA06307-StateMachineUpdater] INFO  impl.SimpleStateMachine4Testing (SimpleStateMachine4Testing.java:applyTransaction(251)) - applyTransaction for log index 187
2024-09-29 22:58:00,555 [s2@group-64B60AA06307-StateMachineUpdater] INFO  impl.SimpleStateMachine4Testing (SimpleStateMachine4Testing.java:put(207)) - s2: put 187, m93 -> (t:1, i:187), STATEMACHINELOGENTRY, WRITE: logData.size=3, stateMachineData.size=17, logEntryProtoSerializedSize=0
2024-09-29 22:58:00,557 [s1@group-64B60AA06307-StateMachineUpdater] INFO  impl.SimpleStateMachine4Testing (SimpleStateMachine4Testing.java:applyTransaction(251)) - applyTransaction for log index 187
2024-09-29 22:58:00,557 [s1@group-64B60AA06307-StateMachineUpdater] INFO  impl.SimpleStateMachine4Testing (SimpleStateMachine4Testing.java:put(207)) - s1: put 187, m93 -> (t:1, i:187), STATEMACHINELOGENTRY, WRITE: logData.size=3, stateMachineData.size=17, logEntryProtoSerializedSize=0
2024-09-29 22:58:00,557 [s0@group-64B60AA06307-StateMachineUpdater] INFO  impl.SimpleStateMachine4Testing (SimpleStateMachine4Testing.java:applyTransaction(251)) - applyTransaction for log index 187
2024-09-29 22:58:00,557 [s0@group-64B60AA06307-StateMachineUpdater] INFO  impl.SimpleStateMachine4Testing (SimpleStateMachine4Testing.java:put(207)) - s0: put 187, m93 -> (t:1, i:187), STATEMACHINELOGENTRY, WRITE: logData.size=3, stateMachineData.size=17, logEntryProtoSerializedSize=0
2024-09-29 22:58:00,560 [s2@group-64B60AA06307-StateMachineUpdater] INFO  impl.SimpleStateMachine4Testing (SimpleStateMachine4Testing.java:applyTransaction(251)) - applyTransaction for log index 189
2024-09-29 22:58:00,560 [s2@group-64B60AA06307-StateMachineUpdater] INFO  impl.SimpleStateMachine4Testing (SimpleStateMachine4Testing.java:put(207)) - s2: put 189, m94 -> (t:1, i:189), STATEMACHINELOGENTRY, WRITE: logData.size=3, stateMachineData.size=17, logEntryProtoSerializedSize=0
2024-09-29 22:58:00,562 [s0@group-64B60AA06307-StateMachineUpdater] INFO  impl.SimpleStateMachine4Testing (SimpleStateMachine4Testing.java:applyTransaction(251)) - applyTransaction for log index 189
2024-09-29 22:58:00,562 [s0@group-64B60AA06307-StateMachineUpdater] INFO  impl.SimpleStateMachine4Testing (SimpleStateMachine4Testing.java:put(207)) - s0: put 189, m94 -> (t:1, i:189), STATEMACHINELOGENTRY, WRITE: logData.size=3, stateMachineData.size=17, logEntryProtoSerializedSize=0
2024-09-29 22:58:00,565 [s1@group-64B60AA06307-StateMachineUpdater] INFO  impl.SimpleStateMachine4Testing (SimpleStateMachine4Testing.java:applyTransaction(251)) - applyTransaction for log index 189
2024-09-29 22:58:00,565 [s1@group-64B60AA06307-StateMachineUpdater] INFO  impl.SimpleStateMachine4Testing (SimpleStateMachine4Testing.java:put(207)) - s1: put 189, m94 -> (t:1, i:189), STATEMACHINELOGENTRY, WRITE: logData.size=3, stateMachineData.size=17, logEntryProtoSerializedSize=0
2024-09-29 22:58:00,567 [s2@group-64B60AA06307-StateMachineUpdater] INFO  impl.SimpleStateMachine4Testing (SimpleStateMachine4Testing.java:applyTransaction(251)) - applyTransaction for log index 191
2024-09-29 22:58:00,567 [s2@group-64B60AA06307-StateMachineUpdater] INFO  impl.SimpleStateMachine4Testing (SimpleStateMachine4Testing.java:put(207)) - s2: put 191, m95 -> (t:1, i:191), STATEMACHINELOGENTRY, WRITE: logData.size=3, stateMachineData.size=17, logEntryProtoSerializedSize=0
2024-09-29 22:58:00,567 [s2@group-64B60AA06307-StateMachineUpdater] TRACE util.FileUtils (FileUtils.java:deleteFully(305)) - deleteFully /tmp/ratis-tests/statemachine/s2/snapshot/1_191
2024-09-29 22:58:00,567 [s2@group-64B60AA06307-StateMachineUpdater] TRACE util.FileUtils (FileUtils.java:deleteFully(318)) - deleteFully: /tmp/ratis-tests/statemachine/s2/snapshot/1_191 does not exist.
2024-09-29 22:58:00,567 [s2@group-64B60AA06307-StateMachineUpdater] TRACE util.FileUtils (FileUtils.java:deleteFully(305)) - deleteFully /tmp/ratis-tests/statemachine/s2/tmp/5cd3c6a6-c4dc-4df2-a782-f661dbdaa364
2024-09-29 22:58:00,567 [s2@group-64B60AA06307-StateMachineUpdater] TRACE util.FileUtils (FileUtils.java:deleteFully(318)) - deleteFully: /tmp/ratis-tests/statemachine/s2/tmp/5cd3c6a6-c4dc-4df2-a782-f661dbdaa364 does not exist.
2024-09-29 22:58:00,568 [s2@group-64B60AA06307-StateMachineUpdater] TRACE util.FileUtils (LogUtils.java:runAndLog(49)) - Successfully ran Atomic Files.move /tmp/ratis-tests/statemachine/s2/tmp/5cd3c6a6-c4dc-4df2-a782-f661dbdaa364 to /tmp/ratis-tests/statemachine/s2/snapshot/1_191
2024-09-29 22:58:00,568 [s2@group-64B60AA06307-StateMachineUpdater] INFO  impl.StateMachineUpdater (StateMachineUpdater.java:takeSnapshot(308)) - s2@group-64B60AA06307-StateMachineUpdater: Took a snapshot at index 191
2024-09-29 22:58:00,568 [s2@group-64B60AA06307-StateMachineUpdater] INFO  impl.StateMachineUpdater (StateMachineUpdater.java:lambda$new$0(102)) - s2@group-64B60AA06307-StateMachineUpdater: snapshotIndex: updateIncreasingly 127 -> 191
2024-09-29 22:58:00,568 [s2@group-64B60AA06307-StateMachineUpdater] INFO  raftlog.RaftLog (RaftLogBase.java:purge(329)) - s2@group-64B60AA06307-SegmentedRaftLog: purge 190
2024-09-29 22:58:00,568 [s2@group-64B60AA06307-StateMachineUpdater] INFO  raftlog.RaftLog (RaftLogBase.java:lambda$new$0(57)) - s2@group-64B60AA06307-SegmentedRaftLog: snapshotIndex: updateIncreasingly 127 -> 191
2024-09-29 22:58:00,568 [s2@group-64B60AA06307-StateMachineUpdater] INFO  raftlog.RaftLog (RaftLogBase.java:lambda$new$0(57)) - s2@group-64B60AA06307-SegmentedRaftLog: purgeIndex: updateToMax old=125, new=190, updated? true
2024-09-29 22:58:00,570 [s0@group-64B60AA06307-StateMachineUpdater] INFO  impl.SimpleStateMachine4Testing (SimpleStateMachine4Testing.java:applyTransaction(251)) - applyTransaction for log index 191
2024-09-29 22:58:00,570 [s0@group-64B60AA06307-StateMachineUpdater] INFO  impl.SimpleStateMachine4Testing (SimpleStateMachine4Testing.java:put(207)) - s0: put 191, m95 -> (t:1, i:191), STATEMACHINELOGENTRY, WRITE: logData.size=3, stateMachineData.size=17, logEntryProtoSerializedSize=0
2024-09-29 22:58:00,571 [s0@group-64B60AA06307-StateMachineUpdater] TRACE util.FileUtils (FileUtils.java:deleteFully(305)) - deleteFully /tmp/ratis-tests/statemachine/s0/snapshot/1_191
2024-09-29 22:58:00,571 [s0@group-64B60AA06307-StateMachineUpdater] TRACE util.FileUtils (FileUtils.java:deleteFully(318)) - deleteFully: /tmp/ratis-tests/statemachine/s0/snapshot/1_191 does not exist.
2024-09-29 22:58:00,571 [s0@group-64B60AA06307-StateMachineUpdater] TRACE util.FileUtils (FileUtils.java:deleteFully(305)) - deleteFully /tmp/ratis-tests/statemachine/s0/tmp/cb396594-6536-4d17-80d4-a87f24c272e9
2024-09-29 22:58:00,571 [s0@group-64B60AA06307-StateMachineUpdater] TRACE util.FileUtils (FileUtils.java:deleteFully(318)) - deleteFully: /tmp/ratis-tests/statemachine/s0/tmp/cb396594-6536-4d17-80d4-a87f24c272e9 does not exist.
2024-09-29 22:58:00,571 [s0@group-64B60AA06307-StateMachineUpdater] TRACE util.FileUtils (LogUtils.java:runAndLog(49)) - Successfully ran Atomic Files.move /tmp/ratis-tests/statemachine/s0/tmp/cb396594-6536-4d17-80d4-a87f24c272e9 to /tmp/ratis-tests/statemachine/s0/snapshot/1_191
2024-09-29 22:58:00,571 [s0@group-64B60AA06307-StateMachineUpdater] INFO  impl.StateMachineUpdater (StateMachineUpdater.java:takeSnapshot(308)) - s0@group-64B60AA06307-StateMachineUpdater: Took a snapshot at index 191
2024-09-29 22:58:00,571 [s0@group-64B60AA06307-StateMachineUpdater] INFO  impl.StateMachineUpdater (StateMachineUpdater.java:lambda$new$0(102)) - s0@group-64B60AA06307-StateMachineUpdater: snapshotIndex: updateIncreasingly 127 -> 191
2024-09-29 22:58:00,571 [s0@group-64B60AA06307-StateMachineUpdater] INFO  raftlog.RaftLog (RaftLogBase.java:purge(329)) - s0@group-64B60AA06307-SegmentedRaftLog: purge 190
2024-09-29 22:58:00,571 [s0@group-64B60AA06307-StateMachineUpdater] INFO  raftlog.RaftLog (RaftLogBase.java:lambda$new$0(57)) - s0@group-64B60AA06307-SegmentedRaftLog: snapshotIndex: updateIncreasingly 127 -> 191
2024-09-29 22:58:00,571 [s0@group-64B60AA06307-StateMachineUpdater] INFO  raftlog.RaftLog (RaftLogBase.java:lambda$new$0(57)) - s0@group-64B60AA06307-SegmentedRaftLog: purgeIndex: updateToMax old=125, new=190, updated? true
2024-09-29 22:58:00,572 [s1@group-64B60AA06307-StateMachineUpdater] INFO  impl.SimpleStateMachine4Testing (SimpleStateMachine4Testing.java:applyTransaction(251)) - applyTransaction for log index 191
2024-09-29 22:58:00,572 [s1@group-64B60AA06307-StateMachineUpdater] INFO  impl.SimpleStateMachine4Testing (SimpleStateMachine4Testing.java:put(207)) - s1: put 191, m95 -> (t:1, i:191), STATEMACHINELOGENTRY, WRITE: logData.size=3, stateMachineData.size=17, logEntryProtoSerializedSize=0
2024-09-29 22:58:00,572 [s1@group-64B60AA06307-StateMachineUpdater] TRACE util.FileUtils (FileUtils.java:deleteFully(305)) - deleteFully /tmp/ratis-tests/statemachine/s1/snapshot/1_191
2024-09-29 22:58:00,572 [s1@group-64B60AA06307-StateMachineUpdater] TRACE util.FileUtils (FileUtils.java:deleteFully(318)) - deleteFully: /tmp/ratis-tests/statemachine/s1/snapshot/1_191 does not exist.
2024-09-29 22:58:00,572 [s1@group-64B60AA06307-StateMachineUpdater] TRACE util.FileUtils (FileUtils.java:deleteFully(305)) - deleteFully /tmp/ratis-tests/statemachine/s1/tmp/0631687b-4086-47e5-935e-b9b4ebb32467
2024-09-29 22:58:00,573 [s1@group-64B60AA06307-StateMachineUpdater] TRACE util.FileUtils (FileUtils.java:deleteFully(318)) - deleteFully: /tmp/ratis-tests/statemachine/s1/tmp/0631687b-4086-47e5-935e-b9b4ebb32467 does not exist.
2024-09-29 22:58:00,573 [s1@group-64B60AA06307-StateMachineUpdater] TRACE util.FileUtils (LogUtils.java:runAndLog(49)) - Successfully ran Atomic Files.move /tmp/ratis-tests/statemachine/s1/tmp/0631687b-4086-47e5-935e-b9b4ebb32467 to /tmp/ratis-tests/statemachine/s1/snapshot/1_191
2024-09-29 22:58:00,573 [s1@group-64B60AA06307-StateMachineUpdater] INFO  impl.StateMachineUpdater (StateMachineUpdater.java:takeSnapshot(308)) - s1@group-64B60AA06307-StateMachineUpdater: Took a snapshot at index 191
2024-09-29 22:58:00,573 [s1@group-64B60AA06307-StateMachineUpdater] INFO  impl.StateMachineUpdater (StateMachineUpdater.java:lambda$new$0(102)) - s1@group-64B60AA06307-StateMachineUpdater: snapshotIndex: updateIncreasingly 127 -> 191
2024-09-29 22:58:00,573 [s1@group-64B60AA06307-StateMachineUpdater] INFO  raftlog.RaftLog (RaftLogBase.java:purge(329)) - s1@group-64B60AA06307-SegmentedRaftLog: purge 190
2024-09-29 22:58:00,573 [s1@group-64B60AA06307-StateMachineUpdater] INFO  raftlog.RaftLog (RaftLogBase.java:lambda$new$0(57)) - s1@group-64B60AA06307-SegmentedRaftLog: snapshotIndex: updateIncreasingly 127 -> 191
2024-09-29 22:58:00,573 [s1@group-64B60AA06307-StateMachineUpdater] INFO  raftlog.RaftLog (RaftLogBase.java:lambda$new$0(57)) - s1@group-64B60AA06307-SegmentedRaftLog: purgeIndex: updateToMax old=125, new=190, updated? true
2024-09-29 22:58:00,575 [s2@group-64B60AA06307-StateMachineUpdater] INFO  impl.SimpleStateMachine4Testing (SimpleStateMachine4Testing.java:applyTransaction(251)) - applyTransaction for log index 193
2024-09-29 22:58:00,575 [s2@group-64B60AA06307-StateMachineUpdater] INFO  impl.SimpleStateMachine4Testing (SimpleStateMachine4Testing.java:put(207)) - s2: put 193, m96 -> (t:1, i:193), STATEMACHINELOGENTRY, WRITE: logData.size=3, stateMachineData.size=17, logEntryProtoSerializedSize=0
2024-09-29 22:58:00,577 [s0@group-64B60AA06307-StateMachineUpdater] INFO  impl.SimpleStateMachine4Testing (SimpleStateMachine4Testing.java:applyTransaction(251)) - applyTransaction for log index 193
2024-09-29 22:58:00,577 [s0@group-64B60AA06307-StateMachineUpdater] INFO  impl.SimpleStateMachine4Testing (SimpleStateMachine4Testing.java:put(207)) - s0: put 193, m96 -> (t:1, i:193), STATEMACHINELOGENTRY, WRITE: logData.size=3, stateMachineData.size=17, logEntryProtoSerializedSize=0
2024-09-29 22:58:00,577 [s1@group-64B60AA06307-StateMachineUpdater] INFO  impl.SimpleStateMachine4Testing (SimpleStateMachine4Testing.java:applyTransaction(251)) - applyTransaction for log index 193
2024-09-29 22:58:00,577 [s1@group-64B60AA06307-StateMachineUpdater] INFO  impl.SimpleStateMachine4Testing (SimpleStateMachine4Testing.java:put(207)) - s1: put 193, m96 -> (t:1, i:193), STATEMACHINELOGENTRY, WRITE: logData.size=3, stateMachineData.size=17, logEntryProtoSerializedSize=0
2024-09-29 22:58:00,581 [s2@group-64B60AA06307-StateMachineUpdater] INFO  impl.SimpleStateMachine4Testing (SimpleStateMachine4Testing.java:applyTransaction(251)) - applyTransaction for log index 195
2024-09-29 22:58:00,582 [s2@group-64B60AA06307-StateMachineUpdater] INFO  impl.SimpleStateMachine4Testing (SimpleStateMachine4Testing.java:put(207)) - s2: put 195, m97 -> (t:1, i:195), STATEMACHINELOGENTRY, WRITE: logData.size=3, stateMachineData.size=17, logEntryProtoSerializedSize=0
2024-09-29 22:58:00,584 [s0@group-64B60AA06307-StateMachineUpdater] INFO  impl.SimpleStateMachine4Testing (SimpleStateMachine4Testing.java:applyTransaction(251)) - applyTransaction for log index 195
2024-09-29 22:58:00,584 [s0@group-64B60AA06307-StateMachineUpdater] INFO  impl.SimpleStateMachine4Testing (SimpleStateMachine4Testing.java:put(207)) - s0: put 195, m97 -> (t:1, i:195), STATEMACHINELOGENTRY, WRITE: logData.size=3, stateMachineData.size=17, logEntryProtoSerializedSize=0
2024-09-29 22:58:00,584 [s1@group-64B60AA06307-StateMachineUpdater] INFO  impl.SimpleStateMachine4Testing (SimpleStateMachine4Testing.java:applyTransaction(251)) - applyTransaction for log index 195
2024-09-29 22:58:00,584 [s1@group-64B60AA06307-StateMachineUpdater] INFO  impl.SimpleStateMachine4Testing (SimpleStateMachine4Testing.java:put(207)) - s1: put 195, m97 -> (t:1, i:195), STATEMACHINELOGENTRY, WRITE: logData.size=3, stateMachineData.size=17, logEntryProtoSerializedSize=0
2024-09-29 22:58:00,588 [s2@group-64B60AA06307-StateMachineUpdater] INFO  impl.SimpleStateMachine4Testing (SimpleStateMachine4Testing.java:applyTransaction(251)) - applyTransaction for log index 197
2024-09-29 22:58:00,588 [s2@group-64B60AA06307-StateMachineUpdater] INFO  impl.SimpleStateMachine4Testing (SimpleStateMachine4Testing.java:put(207)) - s2: put 197, m98 -> (t:1, i:197), STATEMACHINELOGENTRY, WRITE: logData.size=3, stateMachineData.size=17, logEntryProtoSerializedSize=0
2024-09-29 22:58:00,590 [s0@group-64B60AA06307-StateMachineUpdater] INFO  impl.SimpleStateMachine4Testing (SimpleStateMachine4Testing.java:applyTransaction(251)) - applyTransaction for log index 197
2024-09-29 22:58:00,590 [s0@group-64B60AA06307-StateMachineUpdater] INFO  impl.SimpleStateMachine4Testing (SimpleStateMachine4Testing.java:put(207)) - s0: put 197, m98 -> (t:1, i:197), STATEMACHINELOGENTRY, WRITE: logData.size=3, stateMachineData.size=17, logEntryProtoSerializedSize=0
2024-09-29 22:58:00,591 [s1@group-64B60AA06307-StateMachineUpdater] INFO  impl.SimpleStateMachine4Testing (SimpleStateMachine4Testing.java:applyTransaction(251)) - applyTransaction for log index 197
2024-09-29 22:58:00,591 [s1@group-64B60AA06307-StateMachineUpdater] INFO  impl.SimpleStateMachine4Testing (SimpleStateMachine4Testing.java:put(207)) - s1: put 197, m98 -> (t:1, i:197), STATEMACHINELOGENTRY, WRITE: logData.size=3, stateMachineData.size=17, logEntryProtoSerializedSize=0
2024-09-29 22:58:00,594 [s2@group-64B60AA06307-StateMachineUpdater] INFO  impl.SimpleStateMachine4Testing (SimpleStateMachine4Testing.java:applyTransaction(251)) - applyTransaction for log index 199
2024-09-29 22:58:00,595 [s2@group-64B60AA06307-StateMachineUpdater] INFO  impl.SimpleStateMachine4Testing (SimpleStateMachine4Testing.java:put(207)) - s2: put 199, m99 -> (t:1, i:199), STATEMACHINELOGENTRY, WRITE: logData.size=3, stateMachineData.size=17, logEntryProtoSerializedSize=0
2024-09-29 22:58:00,597 [s0@group-64B60AA06307-StateMachineUpdater] INFO  impl.SimpleStateMachine4Testing (SimpleStateMachine4Testing.java:applyTransaction(251)) - applyTransaction for log index 199
2024-09-29 22:58:00,597 [s0@group-64B60AA06307-StateMachineUpdater] INFO  impl.SimpleStateMachine4Testing (SimpleStateMachine4Testing.java:put(207)) - s0: put 199, m99 -> (t:1, i:199), STATEMACHINELOGENTRY, WRITE: logData.size=3, stateMachineData.size=17, logEntryProtoSerializedSize=0
2024-09-29 22:58:00,597 [s1@group-64B60AA06307-StateMachineUpdater] INFO  impl.SimpleStateMachine4Testing (SimpleStateMachine4Testing.java:applyTransaction(251)) - applyTransaction for log index 199
2024-09-29 22:58:00,597 [s1@group-64B60AA06307-StateMachineUpdater] INFO  impl.SimpleStateMachine4Testing (SimpleStateMachine4Testing.java:put(207)) - s1: put 199, m99 -> (t:1, i:199), STATEMACHINELOGENTRY, WRITE: logData.size=3, stateMachineData.size=17, logEntryProtoSerializedSize=0
2024-09-29 22:58:00,600 [s2@group-64B60AA06307-StateMachineUpdater] INFO  impl.SimpleStateMachine4Testing (SimpleStateMachine4Testing.java:applyTransaction(251)) - applyTransaction for log index 201
2024-09-29 22:58:00,600 [s2@group-64B60AA06307-StateMachineUpdater] INFO  impl.SimpleStateMachine4Testing (SimpleStateMachine4Testing.java:put(207)) - s2: put 201, m100 -> (t:1, i:201), STATEMACHINELOGENTRY, WRITE: logData.size=4, stateMachineData.size=17, logEntryProtoSerializedSize=0
2024-09-29 22:58:00,602 [s1@group-64B60AA06307-StateMachineUpdater] INFO  impl.SimpleStateMachine4Testing (SimpleStateMachine4Testing.java:applyTransaction(251)) - applyTransaction for log index 201
2024-09-29 22:58:00,602 [s1@group-64B60AA06307-StateMachineUpdater] INFO  impl.SimpleStateMachine4Testing (SimpleStateMachine4Testing.java:put(207)) - s1: put 201, m100 -> (t:1, i:201), STATEMACHINELOGENTRY, WRITE: logData.size=4, stateMachineData.size=17, logEntryProtoSerializedSize=0
2024-09-29 22:58:00,603 [s0@group-64B60AA06307-StateMachineUpdater] INFO  impl.SimpleStateMachine4Testing (SimpleStateMachine4Testing.java:applyTransaction(251)) - applyTransaction for log index 201
2024-09-29 22:58:00,603 [s0@group-64B60AA06307-StateMachineUpdater] INFO  impl.SimpleStateMachine4Testing (SimpleStateMachine4Testing.java:put(207)) - s0: put 201, m100 -> (t:1, i:201), STATEMACHINELOGENTRY, WRITE: logData.size=4, stateMachineData.size=17, logEntryProtoSerializedSize=0
2024-09-29 22:58:00,606 [s2@group-64B60AA06307-StateMachineUpdater] INFO  impl.SimpleStateMachine4Testing (SimpleStateMachine4Testing.java:applyTransaction(251)) - applyTransaction for log index 203
2024-09-29 22:58:00,607 [s2@group-64B60AA06307-StateMachineUpdater] INFO  impl.SimpleStateMachine4Testing (SimpleStateMachine4Testing.java:put(207)) - s2: put 203, m101 -> (t:1, i:203), STATEMACHINELOGENTRY, WRITE: logData.size=4, stateMachineData.size=17, logEntryProtoSerializedSize=0
2024-09-29 22:58:00,608 [s0@group-64B60AA06307-StateMachineUpdater] INFO  impl.SimpleStateMachine4Testing (SimpleStateMachine4Testing.java:applyTransaction(251)) - applyTransaction for log index 203
2024-09-29 22:58:00,608 [s0@group-64B60AA06307-StateMachineUpdater] INFO  impl.SimpleStateMachine4Testing (SimpleStateMachine4Testing.java:put(207)) - s0: put 203, m101 -> (t:1, i:203), STATEMACHINELOGENTRY, WRITE: logData.size=4, stateMachineData.size=17, logEntryProtoSerializedSize=0
2024-09-29 22:58:00,611 [s1@group-64B60AA06307-StateMachineUpdater] INFO  impl.SimpleStateMachine4Testing (SimpleStateMachine4Testing.java:applyTransaction(251)) - applyTransaction for log index 203
2024-09-29 22:58:00,611 [s1@group-64B60AA06307-StateMachineUpdater] INFO  impl.SimpleStateMachine4Testing (SimpleStateMachine4Testing.java:put(207)) - s1: put 203, m101 -> (t:1, i:203), STATEMACHINELOGENTRY, WRITE: logData.size=4, stateMachineData.size=17, logEntryProtoSerializedSize=0
2024-09-29 22:58:00,612 [s2@group-64B60AA06307-StateMachineUpdater] INFO  impl.SimpleStateMachine4Testing (SimpleStateMachine4Testing.java:applyTransaction(251)) - applyTransaction for log index 205
2024-09-29 22:58:00,612 [s2@group-64B60AA06307-StateMachineUpdater] INFO  impl.SimpleStateMachine4Testing (SimpleStateMachine4Testing.java:put(207)) - s2: put 205, m102 -> (t:1, i:205), STATEMACHINELOGENTRY, WRITE: logData.size=4, stateMachineData.size=17, logEntryProtoSerializedSize=0
2024-09-29 22:58:00,615 [s0@group-64B60AA06307-StateMachineUpdater] INFO  impl.SimpleStateMachine4Testing (SimpleStateMachine4Testing.java:applyTransaction(251)) - applyTransaction for log index 205
2024-09-29 22:58:00,615 [s0@group-64B60AA06307-StateMachineUpdater] INFO  impl.SimpleStateMachine4Testing (SimpleStateMachine4Testing.java:put(207)) - s0: put 205, m102 -> (t:1, i:205), STATEMACHINELOGENTRY, WRITE: logData.size=4, stateMachineData.size=17, logEntryProtoSerializedSize=0
2024-09-29 22:58:00,617 [s2@group-64B60AA06307-StateMachineUpdater] INFO  impl.SimpleStateMachine4Testing (SimpleStateMachine4Testing.java:applyTransaction(251)) - applyTransaction for log index 207
2024-09-29 22:58:00,618 [s2@group-64B60AA06307-StateMachineUpdater] INFO  impl.SimpleStateMachine4Testing (SimpleStateMachine4Testing.java:put(207)) - s2: put 207, m103 -> (t:1, i:207), STATEMACHINELOGENTRY, WRITE: logData.size=4, stateMachineData.size=17, logEntryProtoSerializedSize=0
2024-09-29 22:58:00,619 [s1@group-64B60AA06307-StateMachineUpdater] INFO  impl.SimpleStateMachine4Testing (SimpleStateMachine4Testing.java:applyTransaction(251)) - applyTransaction for log index 205
2024-09-29 22:58:00,619 [s1@group-64B60AA06307-StateMachineUpdater] INFO  impl.SimpleStateMachine4Testing (SimpleStateMachine4Testing.java:put(207)) - s1: put 205, m102 -> (t:1, i:205), STATEMACHINELOGENTRY, WRITE: logData.size=4, stateMachineData.size=17, logEntryProtoSerializedSize=0
2024-09-29 22:58:00,621 [s1@group-64B60AA06307-StateMachineUpdater] INFO  impl.SimpleStateMachine4Testing (SimpleStateMachine4Testing.java:applyTransaction(251)) - applyTransaction for log index 207
2024-09-29 22:58:00,621 [s1@group-64B60AA06307-StateMachineUpdater] INFO  impl.SimpleStateMachine4Testing (SimpleStateMachine4Testing.java:put(207)) - s1: put 207, m103 -> (t:1, i:207), STATEMACHINELOGENTRY, WRITE: logData.size=4, stateMachineData.size=17, logEntryProtoSerializedSize=0
2024-09-29 22:58:00,621 [s0@group-64B60AA06307-StateMachineUpdater] INFO  impl.SimpleStateMachine4Testing (SimpleStateMachine4Testing.java:applyTransaction(251)) - applyTransaction for log index 207
2024-09-29 22:58:00,621 [s0@group-64B60AA06307-StateMachineUpdater] INFO  impl.SimpleStateMachine4Testing (SimpleStateMachine4Testing.java:put(207)) - s0: put 207, m103 -> (t:1, i:207), STATEMACHINELOGENTRY, WRITE: logData.size=4, stateMachineData.size=17, logEntryProtoSerializedSize=0
2024-09-29 22:58:00,624 [s2@group-64B60AA06307-StateMachineUpdater] INFO  impl.SimpleStateMachine4Testing (SimpleStateMachine4Testing.java:applyTransaction(251)) - applyTransaction for log index 209
2024-09-29 22:58:00,624 [s2@group-64B60AA06307-StateMachineUpdater] INFO  impl.SimpleStateMachine4Testing (SimpleStateMachine4Testing.java:put(207)) - s2: put 209, m104 -> (t:1, i:209), STATEMACHINELOGENTRY, WRITE: logData.size=4, stateMachineData.size=17, logEntryProtoSerializedSize=0
2024-09-29 22:58:00,626 [s1@group-64B60AA06307-StateMachineUpdater] INFO  impl.SimpleStateMachine4Testing (SimpleStateMachine4Testing.java:applyTransaction(251)) - applyTransaction for log index 209
2024-09-29 22:58:00,626 [s1@group-64B60AA06307-StateMachineUpdater] INFO  impl.SimpleStateMachine4Testing (SimpleStateMachine4Testing.java:put(207)) - s1: put 209, m104 -> (t:1, i:209), STATEMACHINELOGENTRY, WRITE: logData.size=4, stateMachineData.size=17, logEntryProtoSerializedSize=0
2024-09-29 22:58:00,631 [s0@group-64B60AA06307-StateMachineUpdater] INFO  impl.SimpleStateMachine4Testing (SimpleStateMachine4Testing.java:applyTransaction(251)) - applyTransaction for log index 209
2024-09-29 22:58:00,631 [s0@group-64B60AA06307-StateMachineUpdater] INFO  impl.SimpleStateMachine4Testing (SimpleStateMachine4Testing.java:put(207)) - s0: put 209, m104 -> (t:1, i:209), STATEMACHINELOGENTRY, WRITE: logData.size=4, stateMachineData.size=17, logEntryProtoSerializedSize=0
2024-09-29 22:58:00,632 [s2@group-64B60AA06307-StateMachineUpdater] INFO  impl.SimpleStateMachine4Testing (SimpleStateMachine4Testing.java:applyTransaction(251)) - applyTransaction for log index 211
2024-09-29 22:58:00,632 [s2@group-64B60AA06307-StateMachineUpdater] INFO  impl.SimpleStateMachine4Testing (SimpleStateMachine4Testing.java:put(207)) - s2: put 211, m105 -> (t:1, i:211), STATEMACHINELOGENTRY, WRITE: logData.size=4, stateMachineData.size=17, logEntryProtoSerializedSize=0
2024-09-29 22:58:00,635 [s1@group-64B60AA06307-StateMachineUpdater] INFO  impl.SimpleStateMachine4Testing (SimpleStateMachine4Testing.java:applyTransaction(251)) - applyTransaction for log index 211
2024-09-29 22:58:00,635 [s1@group-64B60AA06307-StateMachineUpdater] INFO  impl.SimpleStateMachine4Testing (SimpleStateMachine4Testing.java:put(207)) - s1: put 211, m105 -> (t:1, i:211), STATEMACHINELOGENTRY, WRITE: logData.size=4, stateMachineData.size=17, logEntryProtoSerializedSize=0
2024-09-29 22:58:00,637 [s2@group-64B60AA06307-StateMachineUpdater] INFO  impl.SimpleStateMachine4Testing (SimpleStateMachine4Testing.java:applyTransaction(251)) - applyTransaction for log index 213
2024-09-29 22:58:00,637 [s2@group-64B60AA06307-StateMachineUpdater] INFO  impl.SimpleStateMachine4Testing (SimpleStateMachine4Testing.java:put(207)) - s2: put 213, m106 -> (t:1, i:213), STATEMACHINELOGENTRY, WRITE: logData.size=4, stateMachineData.size=17, logEntryProtoSerializedSize=0
2024-09-29 22:58:00,637 [s0@group-64B60AA06307-StateMachineUpdater] INFO  impl.SimpleStateMachine4Testing (SimpleStateMachine4Testing.java:applyTransaction(251)) - applyTransaction for log index 211
2024-09-29 22:58:00,637 [s0@group-64B60AA06307-StateMachineUpdater] INFO  impl.SimpleStateMachine4Testing (SimpleStateMachine4Testing.java:put(207)) - s0: put 211, m105 -> (t:1, i:211), STATEMACHINELOGENTRY, WRITE: logData.size=4, stateMachineData.size=17, logEntryProtoSerializedSize=0
2024-09-29 22:58:00,639 [s1@group-64B60AA06307-StateMachineUpdater] INFO  impl.SimpleStateMachine4Testing (SimpleStateMachine4Testing.java:applyTransaction(251)) - applyTransaction for log index 213
2024-09-29 22:58:00,639 [s1@group-64B60AA06307-StateMachineUpdater] INFO  impl.SimpleStateMachine4Testing (SimpleStateMachine4Testing.java:put(207)) - s1: put 213, m106 -> (t:1, i:213), STATEMACHINELOGENTRY, WRITE: logData.size=4, stateMachineData.size=17, logEntryProtoSerializedSize=0
2024-09-29 22:58:00,641 [s0@group-64B60AA06307-StateMachineUpdater] INFO  impl.SimpleStateMachine4Testing (SimpleStateMachine4Testing.java:applyTransaction(251)) - applyTransaction for log index 213
2024-09-29 22:58:00,641 [s0@group-64B60AA06307-StateMachineUpdater] INFO  impl.SimpleStateMachine4Testing (SimpleStateMachine4Testing.java:put(207)) - s0: put 213, m106 -> (t:1, i:213), STATEMACHINELOGENTRY, WRITE: logData.size=4, stateMachineData.size=17, logEntryProtoSerializedSize=0
2024-09-29 22:58:00,647 [s2@group-64B60AA06307-StateMachineUpdater] INFO  impl.SimpleStateMachine4Testing (SimpleStateMachine4Testing.java:applyTransaction(251)) - applyTransaction for log index 215
2024-09-29 22:58:00,647 [s2@group-64B60AA06307-StateMachineUpdater] INFO  impl.SimpleStateMachine4Testing (SimpleStateMachine4Testing.java:put(207)) - s2: put 215, m107 -> (t:1, i:215), STATEMACHINELOGENTRY, WRITE: logData.size=4, stateMachineData.size=17, logEntryProtoSerializedSize=0
2024-09-29 22:58:00,650 [s1@group-64B60AA06307-StateMachineUpdater] INFO  impl.SimpleStateMachine4Testing (SimpleStateMachine4Testing.java:applyTransaction(251)) - applyTransaction for log index 215
2024-09-29 22:58:00,650 [s1@group-64B60AA06307-StateMachineUpdater] INFO  impl.SimpleStateMachine4Testing (SimpleStateMachine4Testing.java:put(207)) - s1: put 215, m107 -> (t:1, i:215), STATEMACHINELOGENTRY, WRITE: logData.size=4, stateMachineData.size=17, logEntryProtoSerializedSize=0
2024-09-29 22:58:00,650 [s0@group-64B60AA06307-StateMachineUpdater] INFO  impl.SimpleStateMachine4Testing (SimpleStateMachine4Testing.java:applyTransaction(251)) - applyTransaction for log index 215
2024-09-29 22:58:00,650 [s0@group-64B60AA06307-StateMachineUpdater] INFO  impl.SimpleStateMachine4Testing (SimpleStateMachine4Testing.java:put(207)) - s0: put 215, m107 -> (t:1, i:215), STATEMACHINELOGENTRY, WRITE: logData.size=4, stateMachineData.size=17, logEntryProtoSerializedSize=0
2024-09-29 22:58:00,654 [s2@group-64B60AA06307-StateMachineUpdater] INFO  impl.SimpleStateMachine4Testing (SimpleStateMachine4Testing.java:applyTransaction(251)) - applyTransaction for log index 217
2024-09-29 22:58:00,655 [s2@group-64B60AA06307-StateMachineUpdater] INFO  impl.SimpleStateMachine4Testing (SimpleStateMachine4Testing.java:put(207)) - s2: put 217, m108 -> (t:1, i:217), STATEMACHINELOGENTRY, WRITE: logData.size=4, stateMachineData.size=17, logEntryProtoSerializedSize=0
2024-09-29 22:58:00,656 [s0@group-64B60AA06307-StateMachineUpdater] INFO  impl.SimpleStateMachine4Testing (SimpleStateMachine4Testing.java:applyTransaction(251)) - applyTransaction for log index 217
2024-09-29 22:58:00,656 [s0@group-64B60AA06307-StateMachineUpdater] INFO  impl.SimpleStateMachine4Testing (SimpleStateMachine4Testing.java:put(207)) - s0: put 217, m108 -> (t:1, i:217), STATEMACHINELOGENTRY, WRITE: logData.size=4, stateMachineData.size=17, logEntryProtoSerializedSize=0
2024-09-29 22:58:00,659 [s1@group-64B60AA06307-StateMachineUpdater] INFO  impl.SimpleStateMachine4Testing (SimpleStateMachine4Testing.java:applyTransaction(251)) - applyTransaction for log index 217
2024-09-29 22:58:00,659 [s1@group-64B60AA06307-StateMachineUpdater] INFO  impl.SimpleStateMachine4Testing (SimpleStateMachine4Testing.java:put(207)) - s1: put 217, m108 -> (t:1, i:217), STATEMACHINELOGENTRY, WRITE: logData.size=4, stateMachineData.size=17, logEntryProtoSerializedSize=0
2024-09-29 22:58:00,661 [s2@group-64B60AA06307-StateMachineUpdater] INFO  impl.SimpleStateMachine4Testing (SimpleStateMachine4Testing.java:applyTransaction(251)) - applyTransaction for log index 219
2024-09-29 22:58:00,661 [s2@group-64B60AA06307-StateMachineUpdater] INFO  impl.SimpleStateMachine4Testing (SimpleStateMachine4Testing.java:put(207)) - s2: put 219, m109 -> (t:1, i:219), STATEMACHINELOGENTRY, WRITE: logData.size=4, stateMachineData.size=17, logEntryProtoSerializedSize=0
2024-09-29 22:58:00,663 [s1@group-64B60AA06307-StateMachineUpdater] INFO  impl.SimpleStateMachine4Testing (SimpleStateMachine4Testing.java:applyTransaction(251)) - applyTransaction for log index 219
2024-09-29 22:58:00,663 [s1@group-64B60AA06307-StateMachineUpdater] INFO  impl.SimpleStateMachine4Testing (SimpleStateMachine4Testing.java:put(207)) - s1: put 219, m109 -> (t:1, i:219), STATEMACHINELOGENTRY, WRITE: logData.size=4, stateMachineData.size=17, logEntryProtoSerializedSize=0
2024-09-29 22:58:00,667 [s0@group-64B60AA06307-StateMachineUpdater] INFO  impl.SimpleStateMachine4Testing (SimpleStateMachine4Testing.java:applyTransaction(251)) - applyTransaction for log index 219
2024-09-29 22:58:00,667 [s0@group-64B60AA06307-StateMachineUpdater] INFO  impl.SimpleStateMachine4Testing (SimpleStateMachine4Testing.java:put(207)) - s0: put 219, m109 -> (t:1, i:219), STATEMACHINELOGENTRY, WRITE: logData.size=4, stateMachineData.size=17, logEntryProtoSerializedSize=0
2024-09-29 22:58:00,668 [s2@group-64B60AA06307-StateMachineUpdater] INFO  impl.SimpleStateMachine4Testing (SimpleStateMachine4Testing.java:applyTransaction(251)) - applyTransaction for log index 221
2024-09-29 22:58:00,668 [s2@group-64B60AA06307-StateMachineUpdater] INFO  impl.SimpleStateMachine4Testing (SimpleStateMachine4Testing.java:put(207)) - s2: put 221, m110 -> (t:1, i:221), STATEMACHINELOGENTRY, WRITE: logData.size=4, stateMachineData.size=17, logEntryProtoSerializedSize=0
2024-09-29 22:58:00,670 [s1@group-64B60AA06307-StateMachineUpdater] INFO  impl.SimpleStateMachine4Testing (SimpleStateMachine4Testing.java:applyTransaction(251)) - applyTransaction for log index 221
2024-09-29 22:58:00,670 [s1@group-64B60AA06307-StateMachineUpdater] INFO  impl.SimpleStateMachine4Testing (SimpleStateMachine4Testing.java:put(207)) - s1: put 221, m110 -> (t:1, i:221), STATEMACHINELOGENTRY, WRITE: logData.size=4, stateMachineData.size=17, logEntryProtoSerializedSize=0
2024-09-29 22:58:00,672 [s0@group-64B60AA06307-StateMachineUpdater] INFO  impl.SimpleStateMachine4Testing (SimpleStateMachine4Testing.java:applyTransaction(251)) - applyTransaction for log index 221
2024-09-29 22:58:00,672 [s0@group-64B60AA06307-StateMachineUpdater] INFO  impl.SimpleStateMachine4Testing (SimpleStateMachine4Testing.java:put(207)) - s0: put 221, m110 -> (t:1, i:221), STATEMACHINELOGENTRY, WRITE: logData.size=4, stateMachineData.size=17, logEntryProtoSerializedSize=0
2024-09-29 22:58:00,675 [s2@group-64B60AA06307-StateMachineUpdater] INFO  impl.SimpleStateMachine4Testing (SimpleStateMachine4Testing.java:applyTransaction(251)) - applyTransaction for log index 223
2024-09-29 22:58:00,675 [s2@group-64B60AA06307-StateMachineUpdater] INFO  impl.SimpleStateMachine4Testing (SimpleStateMachine4Testing.java:put(207)) - s2: put 223, m111 -> (t:1, i:223), STATEMACHINELOGENTRY, WRITE: logData.size=4, stateMachineData.size=17, logEntryProtoSerializedSize=0
2024-09-29 22:58:00,677 [s1@group-64B60AA06307-StateMachineUpdater] INFO  impl.SimpleStateMachine4Testing (SimpleStateMachine4Testing.java:applyTransaction(251)) - applyTransaction for log index 223
2024-09-29 22:58:00,677 [s1@group-64B60AA06307-StateMachineUpdater] INFO  impl.SimpleStateMachine4Testing (SimpleStateMachine4Testing.java:put(207)) - s1: put 223, m111 -> (t:1, i:223), STATEMACHINELOGENTRY, WRITE: logData.size=4, stateMachineData.size=17, logEntryProtoSerializedSize=0
2024-09-29 22:58:00,678 [s0@group-64B60AA06307-StateMachineUpdater] INFO  impl.SimpleStateMachine4Testing (SimpleStateMachine4Testing.java:applyTransaction(251)) - applyTransaction for log index 223
2024-09-29 22:58:00,678 [s0@group-64B60AA06307-StateMachineUpdater] INFO  impl.SimpleStateMachine4Testing (SimpleStateMachine4Testing.java:put(207)) - s0: put 223, m111 -> (t:1, i:223), STATEMACHINELOGENTRY, WRITE: logData.size=4, stateMachineData.size=17, logEntryProtoSerializedSize=0
2024-09-29 22:58:00,683 [s2@group-64B60AA06307-StateMachineUpdater] INFO  impl.SimpleStateMachine4Testing (SimpleStateMachine4Testing.java:applyTransaction(251)) - applyTransaction for log index 225
2024-09-29 22:58:00,683 [s2@group-64B60AA06307-StateMachineUpdater] INFO  impl.SimpleStateMachine4Testing (SimpleStateMachine4Testing.java:put(207)) - s2: put 225, m112 -> (t:1, i:225), STATEMACHINELOGENTRY, WRITE: logData.size=4, stateMachineData.size=17, logEntryProtoSerializedSize=0
2024-09-29 22:58:00,685 [s1@group-64B60AA06307-StateMachineUpdater] INFO  impl.SimpleStateMachine4Testing (SimpleStateMachine4Testing.java:applyTransaction(251)) - applyTransaction for log index 225
2024-09-29 22:58:00,685 [s1@group-64B60AA06307-StateMachineUpdater] INFO  impl.SimpleStateMachine4Testing (SimpleStateMachine4Testing.java:put(207)) - s1: put 225, m112 -> (t:1, i:225), STATEMACHINELOGENTRY, WRITE: logData.size=4, stateMachineData.size=17, logEntryProtoSerializedSize=0
2024-09-29 22:58:00,685 [s0@group-64B60AA06307-StateMachineUpdater] INFO  impl.SimpleStateMachine4Testing (SimpleStateMachine4Testing.java:applyTransaction(251)) - applyTransaction for log index 225
2024-09-29 22:58:00,685 [s0@group-64B60AA06307-StateMachineUpdater] INFO  impl.SimpleStateMachine4Testing (SimpleStateMachine4Testing.java:put(207)) - s0: put 225, m112 -> (t:1, i:225), STATEMACHINELOGENTRY, WRITE: logData.size=4, stateMachineData.size=17, logEntryProtoSerializedSize=0
2024-09-29 22:58:00,690 [s2@group-64B60AA06307-StateMachineUpdater] INFO  impl.SimpleStateMachine4Testing (SimpleStateMachine4Testing.java:applyTransaction(251)) - applyTransaction for log index 227
2024-09-29 22:58:00,690 [s2@group-64B60AA06307-StateMachineUpdater] INFO  impl.SimpleStateMachine4Testing (SimpleStateMachine4Testing.java:put(207)) - s2: put 227, m113 -> (t:1, i:227), STATEMACHINELOGENTRY, WRITE: logData.size=4, stateMachineData.size=17, logEntryProtoSerializedSize=0
2024-09-29 22:58:00,692 [s0@group-64B60AA06307-StateMachineUpdater] INFO  impl.SimpleStateMachine4Testing (SimpleStateMachine4Testing.java:applyTransaction(251)) - applyTransaction for log index 227
2024-09-29 22:58:00,692 [s0@group-64B60AA06307-StateMachineUpdater] INFO  impl.SimpleStateMachine4Testing (SimpleStateMachine4Testing.java:put(207)) - s0: put 227, m113 -> (t:1, i:227), STATEMACHINELOGENTRY, WRITE: logData.size=4, stateMachineData.size=17, logEntryProtoSerializedSize=0
2024-09-29 22:58:00,693 [s1@group-64B60AA06307-StateMachineUpdater] INFO  impl.SimpleStateMachine4Testing (SimpleStateMachine4Testing.java:applyTransaction(251)) - applyTransaction for log index 227
2024-09-29 22:58:00,693 [s1@group-64B60AA06307-StateMachineUpdater] INFO  impl.SimpleStateMachine4Testing (SimpleStateMachine4Testing.java:put(207)) - s1: put 227, m113 -> (t:1, i:227), STATEMACHINELOGENTRY, WRITE: logData.size=4, stateMachineData.size=17, logEntryProtoSerializedSize=0
2024-09-29 22:58:00,697 [s2@group-64B60AA06307-StateMachineUpdater] INFO  impl.SimpleStateMachine4Testing (SimpleStateMachine4Testing.java:applyTransaction(251)) - applyTransaction for log index 229
2024-09-29 22:58:00,697 [s2@group-64B60AA06307-StateMachineUpdater] INFO  impl.SimpleStateMachine4Testing (SimpleStateMachine4Testing.java:put(207)) - s2: put 229, m114 -> (t:1, i:229), STATEMACHINELOGENTRY, WRITE: logData.size=4, stateMachineData.size=17, logEntryProtoSerializedSize=0
2024-09-29 22:58:00,699 [s1@group-64B60AA06307-StateMachineUpdater] INFO  impl.SimpleStateMachine4Testing (SimpleStateMachine4Testing.java:applyTransaction(251)) - applyTransaction for log index 229
2024-09-29 22:58:00,699 [s1@group-64B60AA06307-StateMachineUpdater] INFO  impl.SimpleStateMachine4Testing (SimpleStateMachine4Testing.java:put(207)) - s1: put 229, m114 -> (t:1, i:229), STATEMACHINELOGENTRY, WRITE: logData.size=4, stateMachineData.size=17, logEntryProtoSerializedSize=0
2024-09-29 22:58:00,700 [s0@group-64B60AA06307-StateMachineUpdater] INFO  impl.SimpleStateMachine4Testing (SimpleStateMachine4Testing.java:applyTransaction(251)) - applyTransaction for log index 229
2024-09-29 22:58:00,700 [s0@group-64B60AA06307-StateMachineUpdater] INFO  impl.SimpleStateMachine4Testing (SimpleStateMachine4Testing.java:put(207)) - s0: put 229, m114 -> (t:1, i:229), STATEMACHINELOGENTRY, WRITE: logData.size=4, stateMachineData.size=17, logEntryProtoSerializedSize=0
2024-09-29 22:58:00,704 [s2@group-64B60AA06307-StateMachineUpdater] INFO  impl.SimpleStateMachine4Testing (SimpleStateMachine4Testing.java:applyTransaction(251)) - applyTransaction for log index 231
2024-09-29 22:58:00,704 [s2@group-64B60AA06307-StateMachineUpdater] INFO  impl.SimpleStateMachine4Testing (SimpleStateMachine4Testing.java:put(207)) - s2: put 231, m115 -> (t:1, i:231), STATEMACHINELOGENTRY, WRITE: logData.size=4, stateMachineData.size=17, logEntryProtoSerializedSize=0
2024-09-29 22:58:00,707 [s1@group-64B60AA06307-StateMachineUpdater] INFO  impl.SimpleStateMachine4Testing (SimpleStateMachine4Testing.java:applyTransaction(251)) - applyTransaction for log index 231
2024-09-29 22:58:00,707 [s1@group-64B60AA06307-StateMachineUpdater] INFO  impl.SimpleStateMachine4Testing (SimpleStateMachine4Testing.java:put(207)) - s1: put 231, m115 -> (t:1, i:231), STATEMACHINELOGENTRY, WRITE: logData.size=4, stateMachineData.size=17, logEntryProtoSerializedSize=0
2024-09-29 22:58:00,707 [s0@group-64B60AA06307-StateMachineUpdater] INFO  impl.SimpleStateMachine4Testing (SimpleStateMachine4Testing.java:applyTransaction(251)) - applyTransaction for log index 231
2024-09-29 22:58:00,707 [s0@group-64B60AA06307-StateMachineUpdater] INFO  impl.SimpleStateMachine4Testing (SimpleStateMachine4Testing.java:put(207)) - s0: put 231, m115 -> (t:1, i:231), STATEMACHINELOGENTRY, WRITE: logData.size=4, stateMachineData.size=17, logEntryProtoSerializedSize=0
2024-09-29 22:58:00,711 [s2@group-64B60AA06307-StateMachineUpdater] INFO  impl.SimpleStateMachine4Testing (SimpleStateMachine4Testing.java:applyTransaction(251)) - applyTransaction for log index 233
2024-09-29 22:58:00,711 [s2@group-64B60AA06307-StateMachineUpdater] INFO  impl.SimpleStateMachine4Testing (SimpleStateMachine4Testing.java:put(207)) - s2: put 233, m116 -> (t:1, i:233), STATEMACHINELOGENTRY, WRITE: logData.size=4, stateMachineData.size=17, logEntryProtoSerializedSize=0
2024-09-29 22:58:00,714 [s0@group-64B60AA06307-StateMachineUpdater] INFO  impl.SimpleStateMachine4Testing (SimpleStateMachine4Testing.java:applyTransaction(251)) - applyTransaction for log index 233
2024-09-29 22:58:00,714 [s0@group-64B60AA06307-StateMachineUpdater] INFO  impl.SimpleStateMachine4Testing (SimpleStateMachine4Testing.java:put(207)) - s0: put 233, m116 -> (t:1, i:233), STATEMACHINELOGENTRY, WRITE: logData.size=4, stateMachineData.size=17, logEntryProtoSerializedSize=0
2024-09-29 22:58:00,714 [s1@group-64B60AA06307-StateMachineUpdater] INFO  impl.SimpleStateMachine4Testing (SimpleStateMachine4Testing.java:applyTransaction(251)) - applyTransaction for log index 233
2024-09-29 22:58:00,714 [s1@group-64B60AA06307-StateMachineUpdater] INFO  impl.SimpleStateMachine4Testing (SimpleStateMachine4Testing.java:put(207)) - s1: put 233, m116 -> (t:1, i:233), STATEMACHINELOGENTRY, WRITE: logData.size=4, stateMachineData.size=17, logEntryProtoSerializedSize=0
2024-09-29 22:58:00,717 [s2@group-64B60AA06307-StateMachineUpdater] INFO  impl.SimpleStateMachine4Testing (SimpleStateMachine4Testing.java:applyTransaction(251)) - applyTransaction for log index 235
2024-09-29 22:58:00,718 [s2@group-64B60AA06307-StateMachineUpdater] INFO  impl.SimpleStateMachine4Testing (SimpleStateMachine4Testing.java:put(207)) - s2: put 235, m117 -> (t:1, i:235), STATEMACHINELOGENTRY, WRITE: logData.size=4, stateMachineData.size=17, logEntryProtoSerializedSize=0
2024-09-29 22:58:00,720 [s1@group-64B60AA06307-StateMachineUpdater] INFO  impl.SimpleStateMachine4Testing (SimpleStateMachine4Testing.java:applyTransaction(251)) - applyTransaction for log index 235
2024-09-29 22:58:00,720 [s1@group-64B60AA06307-StateMachineUpdater] INFO  impl.SimpleStateMachine4Testing (SimpleStateMachine4Testing.java:put(207)) - s1: put 235, m117 -> (t:1, i:235), STATEMACHINELOGENTRY, WRITE: logData.size=4, stateMachineData.size=17, logEntryProtoSerializedSize=0
2024-09-29 22:58:00,720 [s0@group-64B60AA06307-StateMachineUpdater] INFO  impl.SimpleStateMachine4Testing (SimpleStateMachine4Testing.java:applyTransaction(251)) - applyTransaction for log index 235
2024-09-29 22:58:00,720 [s0@group-64B60AA06307-StateMachineUpdater] INFO  impl.SimpleStateMachine4Testing (SimpleStateMachine4Testing.java:put(207)) - s0: put 235, m117 -> (t:1, i:235), STATEMACHINELOGENTRY, WRITE: logData.size=4, stateMachineData.size=17, logEntryProtoSerializedSize=0
2024-09-29 22:58:00,724 [s2@group-64B60AA06307-StateMachineUpdater] INFO  impl.SimpleStateMachine4Testing (SimpleStateMachine4Testing.java:applyTransaction(251)) - applyTransaction for log index 237
2024-09-29 22:58:00,725 [s2@group-64B60AA06307-StateMachineUpdater] INFO  impl.SimpleStateMachine4Testing (SimpleStateMachine4Testing.java:put(207)) - s2: put 237, m118 -> (t:1, i:237), STATEMACHINELOGENTRY, WRITE: logData.size=4, stateMachineData.size=17, logEntryProtoSerializedSize=0
2024-09-29 22:58:00,726 [s0@group-64B60AA06307-StateMachineUpdater] INFO  impl.SimpleStateMachine4Testing (SimpleStateMachine4Testing.java:applyTransaction(251)) - applyTransaction for log index 237
2024-09-29 22:58:00,726 [s0@group-64B60AA06307-StateMachineUpdater] INFO  impl.SimpleStateMachine4Testing (SimpleStateMachine4Testing.java:put(207)) - s0: put 237, m118 -> (t:1, i:237), STATEMACHINELOGENTRY, WRITE: logData.size=4, stateMachineData.size=17, logEntryProtoSerializedSize=0
2024-09-29 22:58:00,728 [s1@group-64B60AA06307-StateMachineUpdater] INFO  impl.SimpleStateMachine4Testing (SimpleStateMachine4Testing.java:applyTransaction(251)) - applyTransaction for log index 237
2024-09-29 22:58:00,728 [s1@group-64B60AA06307-StateMachineUpdater] INFO  impl.SimpleStateMachine4Testing (SimpleStateMachine4Testing.java:put(207)) - s1: put 237, m118 -> (t:1, i:237), STATEMACHINELOGENTRY, WRITE: logData.size=4, stateMachineData.size=17, logEntryProtoSerializedSize=0
2024-09-29 22:58:00,730 [s2@group-64B60AA06307-StateMachineUpdater] INFO  impl.SimpleStateMachine4Testing (SimpleStateMachine4Testing.java:applyTransaction(251)) - applyTransaction for log index 239
2024-09-29 22:58:00,730 [s2@group-64B60AA06307-StateMachineUpdater] INFO  impl.SimpleStateMachine4Testing (SimpleStateMachine4Testing.java:put(207)) - s2: put 239, m119 -> (t:1, i:239), STATEMACHINELOGENTRY, WRITE: logData.size=4, stateMachineData.size=17, logEntryProtoSerializedSize=0
2024-09-29 22:58:00,733 [s1@group-64B60AA06307-StateMachineUpdater] INFO  impl.SimpleStateMachine4Testing (SimpleStateMachine4Testing.java:applyTransaction(251)) - applyTransaction for log index 239
2024-09-29 22:58:00,733 [s1@group-64B60AA06307-StateMachineUpdater] INFO  impl.SimpleStateMachine4Testing (SimpleStateMachine4Testing.java:put(207)) - s1: put 239, m119 -> (t:1, i:239), STATEMACHINELOGENTRY, WRITE: logData.size=4, stateMachineData.size=17, logEntryProtoSerializedSize=0
2024-09-29 22:58:00,733 [s0@group-64B60AA06307-StateMachineUpdater] INFO  impl.SimpleStateMachine4Testing (SimpleStateMachine4Testing.java:applyTransaction(251)) - applyTransaction for log index 239
2024-09-29 22:58:00,733 [s0@group-64B60AA06307-StateMachineUpdater] INFO  impl.SimpleStateMachine4Testing (SimpleStateMachine4Testing.java:put(207)) - s0: put 239, m119 -> (t:1, i:239), STATEMACHINELOGENTRY, WRITE: logData.size=4, stateMachineData.size=17, logEntryProtoSerializedSize=0
2024-09-29 22:58:00,736 [s2@group-64B60AA06307-StateMachineUpdater] INFO  impl.SimpleStateMachine4Testing (SimpleStateMachine4Testing.java:applyTransaction(251)) - applyTransaction for log index 241
2024-09-29 22:58:00,736 [s2@group-64B60AA06307-StateMachineUpdater] INFO  impl.SimpleStateMachine4Testing (SimpleStateMachine4Testing.java:put(207)) - s2: put 241, m120 -> (t:1, i:241), STATEMACHINELOGENTRY, WRITE: logData.size=4, stateMachineData.size=17, logEntryProtoSerializedSize=0
2024-09-29 22:58:00,738 [s0@group-64B60AA06307-StateMachineUpdater] INFO  impl.SimpleStateMachine4Testing (SimpleStateMachine4Testing.java:applyTransaction(251)) - applyTransaction for log index 241
2024-09-29 22:58:00,738 [s0@group-64B60AA06307-StateMachineUpdater] INFO  impl.SimpleStateMachine4Testing (SimpleStateMachine4Testing.java:put(207)) - s0: put 241, m120 -> (t:1, i:241), STATEMACHINELOGENTRY, WRITE: logData.size=4, stateMachineData.size=17, logEntryProtoSerializedSize=0
2024-09-29 22:58:00,739 [s1@group-64B60AA06307-StateMachineUpdater] INFO  impl.SimpleStateMachine4Testing (SimpleStateMachine4Testing.java:applyTransaction(251)) - applyTransaction for log index 241
2024-09-29 22:58:00,739 [s1@group-64B60AA06307-StateMachineUpdater] INFO  impl.SimpleStateMachine4Testing (SimpleStateMachine4Testing.java:put(207)) - s1: put 241, m120 -> (t:1, i:241), STATEMACHINELOGENTRY, WRITE: logData.size=4, stateMachineData.size=17, logEntryProtoSerializedSize=0
2024-09-29 22:58:00,744 [s2@group-64B60AA06307-StateMachineUpdater] INFO  impl.SimpleStateMachine4Testing (SimpleStateMachine4Testing.java:applyTransaction(251)) - applyTransaction for log index 243
2024-09-29 22:58:00,744 [s2@group-64B60AA06307-StateMachineUpdater] INFO  impl.SimpleStateMachine4Testing (SimpleStateMachine4Testing.java:put(207)) - s2: put 243, m121 -> (t:1, i:243), STATEMACHINELOGENTRY, WRITE: logData.size=4, stateMachineData.size=17, logEntryProtoSerializedSize=0
2024-09-29 22:58:00,747 [s1@group-64B60AA06307-StateMachineUpdater] INFO  impl.SimpleStateMachine4Testing (SimpleStateMachine4Testing.java:applyTransaction(251)) - applyTransaction for log index 243
2024-09-29 22:58:00,747 [s1@group-64B60AA06307-StateMachineUpdater] INFO  impl.SimpleStateMachine4Testing (SimpleStateMachine4Testing.java:put(207)) - s1: put 243, m121 -> (t:1, i:243), STATEMACHINELOGENTRY, WRITE: logData.size=4, stateMachineData.size=17, logEntryProtoSerializedSize=0
2024-09-29 22:58:00,747 [s0@group-64B60AA06307-StateMachineUpdater] INFO  impl.SimpleStateMachine4Testing (SimpleStateMachine4Testing.java:applyTransaction(251)) - applyTransaction for log index 243
2024-09-29 22:58:00,747 [s0@group-64B60AA06307-StateMachineUpdater] INFO  impl.SimpleStateMachine4Testing (SimpleStateMachine4Testing.java:put(207)) - s0: put 243, m121 -> (t:1, i:243), STATEMACHINELOGENTRY, WRITE: logData.size=4, stateMachineData.size=17, logEntryProtoSerializedSize=0
2024-09-29 22:58:00,752 [s2@group-64B60AA06307-StateMachineUpdater] INFO  impl.SimpleStateMachine4Testing (SimpleStateMachine4Testing.java:applyTransaction(251)) - applyTransaction for log index 245
2024-09-29 22:58:00,752 [s2@group-64B60AA06307-StateMachineUpdater] INFO  impl.SimpleStateMachine4Testing (SimpleStateMachine4Testing.java:put(207)) - s2: put 245, m122 -> (t:1, i:245), STATEMACHINELOGENTRY, WRITE: logData.size=4, stateMachineData.size=17, logEntryProtoSerializedSize=0
2024-09-29 22:58:00,754 [s0@group-64B60AA06307-StateMachineUpdater] INFO  impl.SimpleStateMachine4Testing (SimpleStateMachine4Testing.java:applyTransaction(251)) - applyTransaction for log index 245
2024-09-29 22:58:00,754 [s0@group-64B60AA06307-StateMachineUpdater] INFO  impl.SimpleStateMachine4Testing (SimpleStateMachine4Testing.java:put(207)) - s0: put 245, m122 -> (t:1, i:245), STATEMACHINELOGENTRY, WRITE: logData.size=4, stateMachineData.size=17, logEntryProtoSerializedSize=0
2024-09-29 22:58:00,755 [s1@group-64B60AA06307-StateMachineUpdater] INFO  impl.SimpleStateMachine4Testing (SimpleStateMachine4Testing.java:applyTransaction(251)) - applyTransaction for log index 245
2024-09-29 22:58:00,755 [s1@group-64B60AA06307-StateMachineUpdater] INFO  impl.SimpleStateMachine4Testing (SimpleStateMachine4Testing.java:put(207)) - s1: put 245, m122 -> (t:1, i:245), STATEMACHINELOGENTRY, WRITE: logData.size=4, stateMachineData.size=17, logEntryProtoSerializedSize=0
2024-09-29 22:58:00,760 [s2@group-64B60AA06307-StateMachineUpdater] INFO  impl.SimpleStateMachine4Testing (SimpleStateMachine4Testing.java:applyTransaction(251)) - applyTransaction for log index 247
2024-09-29 22:58:00,760 [s2@group-64B60AA06307-StateMachineUpdater] INFO  impl.SimpleStateMachine4Testing (SimpleStateMachine4Testing.java:put(207)) - s2: put 247, m123 -> (t:1, i:247), STATEMACHINELOGENTRY, WRITE: logData.size=4, stateMachineData.size=17, logEntryProtoSerializedSize=0
2024-09-29 22:58:00,763 [s0@group-64B60AA06307-StateMachineUpdater] INFO  impl.SimpleStateMachine4Testing (SimpleStateMachine4Testing.java:applyTransaction(251)) - applyTransaction for log index 247
2024-09-29 22:58:00,763 [s0@group-64B60AA06307-StateMachineUpdater] INFO  impl.SimpleStateMachine4Testing (SimpleStateMachine4Testing.java:put(207)) - s0: put 247, m123 -> (t:1, i:247), STATEMACHINELOGENTRY, WRITE: logData.size=4, stateMachineData.size=17, logEntryProtoSerializedSize=0
2024-09-29 22:58:00,763 [s1@group-64B60AA06307-StateMachineUpdater] INFO  impl.SimpleStateMachine4Testing (SimpleStateMachine4Testing.java:applyTransaction(251)) - applyTransaction for log index 247
2024-09-29 22:58:00,763 [s1@group-64B60AA06307-StateMachineUpdater] INFO  impl.SimpleStateMachine4Testing (SimpleStateMachine4Testing.java:put(207)) - s1: put 247, m123 -> (t:1, i:247), STATEMACHINELOGENTRY, WRITE: logData.size=4, stateMachineData.size=17, logEntryProtoSerializedSize=0
2024-09-29 22:58:00,769 [s2@group-64B60AA06307-StateMachineUpdater] INFO  impl.SimpleStateMachine4Testing (SimpleStateMachine4Testing.java:applyTransaction(251)) - applyTransaction for log index 249
2024-09-29 22:58:00,769 [s2@group-64B60AA06307-StateMachineUpdater] INFO  impl.SimpleStateMachine4Testing (SimpleStateMachine4Testing.java:put(207)) - s2: put 249, m124 -> (t:1, i:249), STATEMACHINELOGENTRY, WRITE: logData.size=4, stateMachineData.size=17, logEntryProtoSerializedSize=0
2024-09-29 22:58:00,771 [s0@group-64B60AA06307-StateMachineUpdater] INFO  impl.SimpleStateMachine4Testing (SimpleStateMachine4Testing.java:applyTransaction(251)) - applyTransaction for log index 249
2024-09-29 22:58:00,771 [s0@group-64B60AA06307-StateMachineUpdater] INFO  impl.SimpleStateMachine4Testing (SimpleStateMachine4Testing.java:put(207)) - s0: put 249, m124 -> (t:1, i:249), STATEMACHINELOGENTRY, WRITE: logData.size=4, stateMachineData.size=17, logEntryProtoSerializedSize=0
2024-09-29 22:58:00,772 [s1@group-64B60AA06307-StateMachineUpdater] INFO  impl.SimpleStateMachine4Testing (SimpleStateMachine4Testing.java:applyTransaction(251)) - applyTransaction for log index 249
2024-09-29 22:58:00,772 [s1@group-64B60AA06307-StateMachineUpdater] INFO  impl.SimpleStateMachine4Testing (SimpleStateMachine4Testing.java:put(207)) - s1: put 249, m124 -> (t:1, i:249), STATEMACHINELOGENTRY, WRITE: logData.size=4, stateMachineData.size=17, logEntryProtoSerializedSize=0
2024-09-29 22:58:00,777 [s2@group-64B60AA06307-StateMachineUpdater] INFO  impl.SimpleStateMachine4Testing (SimpleStateMachine4Testing.java:applyTransaction(251)) - applyTransaction for log index 251
2024-09-29 22:58:00,777 [s2@group-64B60AA06307-StateMachineUpdater] INFO  impl.SimpleStateMachine4Testing (SimpleStateMachine4Testing.java:put(207)) - s2: put 251, m125 -> (t:1, i:251), STATEMACHINELOGENTRY, WRITE: logData.size=4, stateMachineData.size=17, logEntryProtoSerializedSize=0
2024-09-29 22:58:00,780 [s1@group-64B60AA06307-StateMachineUpdater] INFO  impl.SimpleStateMachine4Testing (SimpleStateMachine4Testing.java:applyTransaction(251)) - applyTransaction for log index 251
2024-09-29 22:58:00,780 [s1@group-64B60AA06307-StateMachineUpdater] INFO  impl.SimpleStateMachine4Testing (SimpleStateMachine4Testing.java:put(207)) - s1: put 251, m125 -> (t:1, i:251), STATEMACHINELOGENTRY, WRITE: logData.size=4, stateMachineData.size=17, logEntryProtoSerializedSize=0
2024-09-29 22:58:00,780 [s0@group-64B60AA06307-StateMachineUpdater] INFO  impl.SimpleStateMachine4Testing (SimpleStateMachine4Testing.java:applyTransaction(251)) - applyTransaction for log index 251
2024-09-29 22:58:00,780 [s0@group-64B60AA06307-StateMachineUpdater] INFO  impl.SimpleStateMachine4Testing (SimpleStateMachine4Testing.java:put(207)) - s0: put 251, m125 -> (t:1, i:251), STATEMACHINELOGENTRY, WRITE: logData.size=4, stateMachineData.size=17, logEntryProtoSerializedSize=0
2024-09-29 22:58:00,784 [s2@group-64B60AA06307-StateMachineUpdater] INFO  impl.SimpleStateMachine4Testing (SimpleStateMachine4Testing.java:applyTransaction(251)) - applyTransaction for log index 253
2024-09-29 22:58:00,784 [s2@group-64B60AA06307-StateMachineUpdater] INFO  impl.SimpleStateMachine4Testing (SimpleStateMachine4Testing.java:put(207)) - s2: put 253, m126 -> (t:1, i:253), STATEMACHINELOGENTRY, WRITE: logData.size=4, stateMachineData.size=17, logEntryProtoSerializedSize=0
2024-09-29 22:58:00,786 [s0@group-64B60AA06307-StateMachineUpdater] INFO  impl.SimpleStateMachine4Testing (SimpleStateMachine4Testing.java:applyTransaction(251)) - applyTransaction for log index 253
2024-09-29 22:58:00,786 [s0@group-64B60AA06307-StateMachineUpdater] INFO  impl.SimpleStateMachine4Testing (SimpleStateMachine4Testing.java:put(207)) - s0: put 253, m126 -> (t:1, i:253), STATEMACHINELOGENTRY, WRITE: logData.size=4, stateMachineData.size=17, logEntryProtoSerializedSize=0
2024-09-29 22:58:00,787 [s1@group-64B60AA06307-StateMachineUpdater] INFO  impl.SimpleStateMachine4Testing (SimpleStateMachine4Testing.java:applyTransaction(251)) - applyTransaction for log index 253
2024-09-29 22:58:00,787 [s1@group-64B60AA06307-StateMachineUpdater] INFO  impl.SimpleStateMachine4Testing (SimpleStateMachine4Testing.java:put(207)) - s1: put 253, m126 -> (t:1, i:253), STATEMACHINELOGENTRY, WRITE: logData.size=4, stateMachineData.size=17, logEntryProtoSerializedSize=0
2024-09-29 22:58:00,791 [s2@group-64B60AA06307-StateMachineUpdater] INFO  impl.SimpleStateMachine4Testing (SimpleStateMachine4Testing.java:applyTransaction(251)) - applyTransaction for log index 255
2024-09-29 22:58:00,791 [s2@group-64B60AA06307-StateMachineUpdater] INFO  impl.SimpleStateMachine4Testing (SimpleStateMachine4Testing.java:put(207)) - s2: put 255, m127 -> (t:1, i:255), STATEMACHINELOGENTRY, WRITE: logData.size=4, stateMachineData.size=17, logEntryProtoSerializedSize=0
2024-09-29 22:58:00,791 [s2@group-64B60AA06307-StateMachineUpdater] TRACE util.FileUtils (FileUtils.java:deleteFully(305)) - deleteFully /tmp/ratis-tests/statemachine/s2/snapshot/1_255
2024-09-29 22:58:00,791 [s2@group-64B60AA06307-StateMachineUpdater] TRACE util.FileUtils (FileUtils.java:deleteFully(318)) - deleteFully: /tmp/ratis-tests/statemachine/s2/snapshot/1_255 does not exist.
2024-09-29 22:58:00,791 [s2@group-64B60AA06307-StateMachineUpdater] TRACE util.FileUtils (FileUtils.java:deleteFully(305)) - deleteFully /tmp/ratis-tests/statemachine/s2/tmp/9a445fc5-4311-4a6a-bf8d-1e3174cc8dfe
2024-09-29 22:58:00,792 [s2@group-64B60AA06307-StateMachineUpdater] TRACE util.FileUtils (FileUtils.java:deleteFully(318)) - deleteFully: /tmp/ratis-tests/statemachine/s2/tmp/9a445fc5-4311-4a6a-bf8d-1e3174cc8dfe does not exist.
2024-09-29 22:58:00,792 [s2@group-64B60AA06307-StateMachineUpdater] TRACE util.FileUtils (LogUtils.java:runAndLog(49)) - Successfully ran Atomic Files.move /tmp/ratis-tests/statemachine/s2/tmp/9a445fc5-4311-4a6a-bf8d-1e3174cc8dfe to /tmp/ratis-tests/statemachine/s2/snapshot/1_255
2024-09-29 22:58:00,792 [s2@group-64B60AA06307-StateMachineUpdater] INFO  impl.StateMachineUpdater (StateMachineUpdater.java:takeSnapshot(308)) - s2@group-64B60AA06307-StateMachineUpdater: Took a snapshot at index 255
2024-09-29 22:58:00,792 [s2@group-64B60AA06307-StateMachineUpdater] INFO  impl.StateMachineUpdater (StateMachineUpdater.java:lambda$new$0(102)) - s2@group-64B60AA06307-StateMachineUpdater: snapshotIndex: updateIncreasingly 191 -> 255
2024-09-29 22:58:00,792 [s2@group-64B60AA06307-StateMachineUpdater] INFO  raftlog.RaftLog (RaftLogBase.java:purge(329)) - s2@group-64B60AA06307-SegmentedRaftLog: purge 254
2024-09-29 22:58:00,792 [s2@group-64B60AA06307-StateMachineUpdater] INFO  raftlog.RaftLog (RaftLogBase.java:lambda$new$0(57)) - s2@group-64B60AA06307-SegmentedRaftLog: snapshotIndex: updateIncreasingly 191 -> 255
2024-09-29 22:58:00,792 [s2@group-64B60AA06307-StateMachineUpdater] INFO  raftlog.RaftLog (RaftLogBase.java:lambda$new$0(57)) - s2@group-64B60AA06307-SegmentedRaftLog: purgeIndex: updateToMax old=190, new=254, updated? true
2024-09-29 22:58:00,794 [s1@group-64B60AA06307-StateMachineUpdater] INFO  impl.SimpleStateMachine4Testing (SimpleStateMachine4Testing.java:applyTransaction(251)) - applyTransaction for log index 255
2024-09-29 22:58:00,794 [s1@group-64B60AA06307-StateMachineUpdater] INFO  impl.SimpleStateMachine4Testing (SimpleStateMachine4Testing.java:put(207)) - s1: put 255, m127 -> (t:1, i:255), STATEMACHINELOGENTRY, WRITE: logData.size=4, stateMachineData.size=17, logEntryProtoSerializedSize=0
2024-09-29 22:58:00,794 [s1@group-64B60AA06307-StateMachineUpdater] TRACE util.FileUtils (FileUtils.java:deleteFully(305)) - deleteFully /tmp/ratis-tests/statemachine/s1/snapshot/1_255
2024-09-29 22:58:00,795 [s1@group-64B60AA06307-StateMachineUpdater] TRACE util.FileUtils (FileUtils.java:deleteFully(318)) - deleteFully: /tmp/ratis-tests/statemachine/s1/snapshot/1_255 does not exist.
2024-09-29 22:58:00,795 [s1@group-64B60AA06307-StateMachineUpdater] TRACE util.FileUtils (FileUtils.java:deleteFully(305)) - deleteFully /tmp/ratis-tests/statemachine/s1/tmp/cbfbb228-8488-49f3-b547-058564b03a60
2024-09-29 22:58:00,795 [s1@group-64B60AA06307-StateMachineUpdater] TRACE util.FileUtils (FileUtils.java:deleteFully(318)) - deleteFully: /tmp/ratis-tests/statemachine/s1/tmp/cbfbb228-8488-49f3-b547-058564b03a60 does not exist.
2024-09-29 22:58:00,795 [s1@group-64B60AA06307-StateMachineUpdater] TRACE util.FileUtils (LogUtils.java:runAndLog(49)) - Successfully ran Atomic Files.move /tmp/ratis-tests/statemachine/s1/tmp/cbfbb228-8488-49f3-b547-058564b03a60 to /tmp/ratis-tests/statemachine/s1/snapshot/1_255
2024-09-29 22:58:00,795 [s1@group-64B60AA06307-StateMachineUpdater] INFO  impl.StateMachineUpdater (StateMachineUpdater.java:takeSnapshot(308)) - s1@group-64B60AA06307-StateMachineUpdater: Took a snapshot at index 255
2024-09-29 22:58:00,795 [s1@group-64B60AA06307-StateMachineUpdater] INFO  impl.StateMachineUpdater (StateMachineUpdater.java:lambda$new$0(102)) - s1@group-64B60AA06307-StateMachineUpdater: snapshotIndex: updateIncreasingly 191 -> 255
2024-09-29 22:58:00,795 [s1@group-64B60AA06307-StateMachineUpdater] INFO  raftlog.RaftLog (RaftLogBase.java:purge(329)) - s1@group-64B60AA06307-SegmentedRaftLog: purge 254
2024-09-29 22:58:00,795 [s1@group-64B60AA06307-StateMachineUpdater] INFO  raftlog.RaftLog (RaftLogBase.java:lambda$new$0(57)) - s1@group-64B60AA06307-SegmentedRaftLog: snapshotIndex: updateIncreasingly 191 -> 255
2024-09-29 22:58:00,796 [s1@group-64B60AA06307-StateMachineUpdater] INFO  raftlog.RaftLog (RaftLogBase.java:lambda$new$0(57)) - s1@group-64B60AA06307-SegmentedRaftLog: purgeIndex: updateToMax old=190, new=254, updated? true
2024-09-29 22:58:00,796 [s0@group-64B60AA06307-StateMachineUpdater] INFO  impl.SimpleStateMachine4Testing (SimpleStateMachine4Testing.java:applyTransaction(251)) - applyTransaction for log index 255
2024-09-29 22:58:00,796 [s0@group-64B60AA06307-StateMachineUpdater] INFO  impl.SimpleStateMachine4Testing (SimpleStateMachine4Testing.java:put(207)) - s0: put 255, m127 -> (t:1, i:255), STATEMACHINELOGENTRY, WRITE: logData.size=4, stateMachineData.size=17, logEntryProtoSerializedSize=0
2024-09-29 22:58:00,796 [s0@group-64B60AA06307-StateMachineUpdater] TRACE util.FileUtils (FileUtils.java:deleteFully(305)) - deleteFully /tmp/ratis-tests/statemachine/s0/snapshot/1_255
2024-09-29 22:58:00,796 [s0@group-64B60AA06307-StateMachineUpdater] TRACE util.FileUtils (FileUtils.java:deleteFully(318)) - deleteFully: /tmp/ratis-tests/statemachine/s0/snapshot/1_255 does not exist.
2024-09-29 22:58:00,796 [s0@group-64B60AA06307-StateMachineUpdater] TRACE util.FileUtils (FileUtils.java:deleteFully(305)) - deleteFully /tmp/ratis-tests/statemachine/s0/tmp/05d81647-ead7-4fe1-9874-e01285ad2360
2024-09-29 22:58:00,796 [s0@group-64B60AA06307-StateMachineUpdater] TRACE util.FileUtils (FileUtils.java:deleteFully(318)) - deleteFully: /tmp/ratis-tests/statemachine/s0/tmp/05d81647-ead7-4fe1-9874-e01285ad2360 does not exist.
2024-09-29 22:58:00,797 [s0@group-64B60AA06307-StateMachineUpdater] TRACE util.FileUtils (LogUtils.java:runAndLog(49)) - Successfully ran Atomic Files.move /tmp/ratis-tests/statemachine/s0/tmp/05d81647-ead7-4fe1-9874-e01285ad2360 to /tmp/ratis-tests/statemachine/s0/snapshot/1_255
2024-09-29 22:58:00,797 [s0@group-64B60AA06307-StateMachineUpdater] INFO  impl.StateMachineUpdater (StateMachineUpdater.java:takeSnapshot(308)) - s0@group-64B60AA06307-StateMachineUpdater: Took a snapshot at index 255
2024-09-29 22:58:00,797 [s0@group-64B60AA06307-StateMachineUpdater] INFO  impl.StateMachineUpdater (StateMachineUpdater.java:lambda$new$0(102)) - s0@group-64B60AA06307-StateMachineUpdater: snapshotIndex: updateIncreasingly 191 -> 255
2024-09-29 22:58:00,797 [s0@group-64B60AA06307-StateMachineUpdater] INFO  raftlog.RaftLog (RaftLogBase.java:purge(329)) - s0@group-64B60AA06307-SegmentedRaftLog: purge 254
2024-09-29 22:58:00,797 [s0@group-64B60AA06307-StateMachineUpdater] INFO  raftlog.RaftLog (RaftLogBase.java:lambda$new$0(57)) - s0@group-64B60AA06307-SegmentedRaftLog: snapshotIndex: updateIncreasingly 191 -> 255
2024-09-29 22:58:00,797 [s0@group-64B60AA06307-StateMachineUpdater] INFO  raftlog.RaftLog (RaftLogBase.java:lambda$new$0(57)) - s0@group-64B60AA06307-SegmentedRaftLog: purgeIndex: updateToMax old=190, new=254, updated? true
2024-09-29 22:58:00,802 [s2-server-thread1] INFO  server.RaftServer$Division (RaftServerImpl.java:takeSnapshotAsync(1259)) - s2@group-64B60AA06307: takeSnapshotAsync SnapshotManagementRequest:client-16FE5F2D0395->s2@group-64B60AA06307, cid=387, seq=null, RO, null, Create:
2024-09-29 22:58:00,802 [s2-server-thread1] INFO  server.RaftServerConfigKeys (ConfUtils.java:logGet(46)) - raft.server.snapshot.creation.gap = 1024 (default)
2024-09-29 22:58:00,804 [s2-server-thread1] INFO  server.RaftServer$Division (RaftServerImpl.java:takeSnapshotAsync(1259)) - s2@group-64B60AA06307: takeSnapshotAsync SnapshotManagementRequest:client-16FE5F2D0395->s2@group-64B60AA06307, cid=388, seq=null, RO, null, Create:
2024-09-29 22:58:00,804 [s2-server-thread1] INFO  server.RaftServerConfigKeys (ConfUtils.java:logGet(46)) - raft.server.snapshot.creation.gap = 1024 (default)
2024-09-29 22:58:00,805 [s2-server-thread1] INFO  server.RaftServer$Division (RaftServerImpl.java:takeSnapshotAsync(1259)) - s2@group-64B60AA06307: takeSnapshotAsync SnapshotManagementRequest:client-16FE5F2D0395->s2@group-64B60AA06307, cid=389, seq=null, RO, null, Create:
2024-09-29 22:58:00,805 [s2-server-thread1] INFO  server.RaftServerConfigKeys (ConfUtils.java:logGet(46)) - raft.server.snapshot.creation.gap = 1024 (default)
2024-09-29 22:58:00,817 [main] INFO  util.CodeInjectionForTesting (BlockRequestHandlingInjection.java:blockRequestor(49)) - Block requestor s0
2024-09-29 22:58:00,817 [main] INFO  util.CodeInjectionForTesting (BlockRequestHandlingInjection.java:blockRequestor(49)) - Block requestor s1
2024-09-29 22:58:00,817 [main] INFO  impl.MiniRaftCluster (MiniRaftCluster.java:addNewPeers(468)) - Add new peers [s3, s4]
2024-09-29 22:58:00,817 [main] INFO  impl.MiniRaftCluster (MiniRaftCluster.java:newRaftServer(386)) - newRaftServer: s3, group-64B60AA06307:[], format? true
2024-09-29 22:58:00,818 [main] TRACE util.FileUtils (FileUtils.java:deleteFully(305)) - deleteFully target/test/data/f7ba0e94/MiniRaftClusterWithGrpcf830cfe0/s3
2024-09-29 22:58:00,818 [main] TRACE util.FileUtils (FileUtils.java:deleteFully(318)) - deleteFully: target/test/data/f7ba0e94/MiniRaftClusterWithGrpcf830cfe0/s3 does not exist.
2024-09-29 22:58:00,818 [main] INFO  impl.MiniRaftCluster (MiniRaftCluster.java:newRaftServer(391)) - Formatted directory target/test/data/f7ba0e94/MiniRaftClusterWithGrpcf830cfe0/s3
2024-09-29 22:58:00,818 [main] INFO  server.RaftServer (ConfUtils.java:logGet(46)) - raft.rpc.type = GRPC (default)
2024-09-29 22:58:00,818 [main] INFO  grpc.GrpcConfigKeys (ConfUtils.java:logFallback(53)) - raft.grpc.admin.host = null (fallback to raft.grpc.server.host)
2024-09-29 22:58:00,819 [main] INFO  grpc.GrpcConfigKeys (ConfUtils.java:logFallback(53)) - raft.grpc.admin.port = 15024 (fallback to raft.grpc.server.port)
2024-09-29 22:58:00,819 [main] INFO  grpc.GrpcConfigKeys (ConfUtils.java:logFallback(53)) - raft.grpc.client.host = null (fallback to raft.grpc.server.host)
2024-09-29 22:58:00,819 [main] INFO  grpc.GrpcConfigKeys (ConfUtils.java:logFallback(53)) - raft.grpc.client.port = 15024 (fallback to raft.grpc.server.port)
2024-09-29 22:58:00,819 [main] INFO  grpc.GrpcConfigKeys (ConfUtils.java:logGet(46)) - raft.grpc.server.host = null (default)
2024-09-29 22:58:00,819 [main] INFO  grpc.GrpcConfigKeys (ConfUtils.java:logGet(46)) - raft.grpc.server.port = 15024 (custom)
2024-09-29 22:58:00,819 [main] INFO  server.GrpcService (ConfUtils.java:logGet(46)) - raft.grpc.message.size.max = 64MB (=67108864) (default)
2024-09-29 22:58:00,820 [main] INFO  server.GrpcService (ConfUtils.java:logGet(46)) - raft.grpc.flow.control.window = 1MB (=1048576) (default)
2024-09-29 22:58:00,820 [main] INFO  server.RaftServerConfigKeys (ConfUtils.java:logGet(46)) - raft.server.rpc.request.timeout = 3000ms (default)
2024-09-29 22:58:00,820 [main] INFO  grpc.GrpcConfigKeys (ConfUtils.java:logGet(46)) - raft.grpc.server.heartbeat.channel = false (custom)
2024-09-29 22:58:00,820 [main] INFO  grpc.GrpcConfigKeys (ConfUtils.java:logGet(46)) - raft.grpc.server.zerocopy.enabled = true (custom)
2024-09-29 22:58:00,821 [main] INFO  server.RaftServerConfigKeys (ConfUtils.java:logGet(46)) - raft.server.log.appender.buffer.byte-limit = 4MB (=4194304) (default)
2024-09-29 22:58:00,821 [main] INFO  grpc.GrpcConfigKeys (ConfUtils.java:logGet(46)) - raft.grpc.server.async.request.thread.pool.cached = true (default)
2024-09-29 22:58:00,821 [main] INFO  grpc.GrpcConfigKeys (ConfUtils.java:logGet(46)) - raft.grpc.server.async.request.thread.pool.size = 32 (default)
2024-09-29 22:58:00,822 [main] INFO  impl.DataStreamServerImpl (ConfUtils.java:logGet(46)) - raft.datastream.type = DISABLED (default)
2024-09-29 22:58:00,822 [main] INFO  server.RaftServerConfigKeys (ConfUtils.java:logGet(46)) - raft.server.sleep.deviation.threshold = 300ms (default)
2024-09-29 22:58:00,822 [main] INFO  server.RaftServerConfigKeys (ConfUtils.java:logGet(46)) - raft.server.close.threshold = 60s (default)
2024-09-29 22:58:00,822 [main] INFO  server.RaftServerConfigKeys (ConfUtils.java:logGet(46)) - raft.server.leaderelection.leader.step-down.wait-time = 10s (default)
2024-09-29 22:58:00,823 [main] INFO  server.RaftServerConfigKeys (ConfUtils.java:logGet(46)) - raft.server.storage.dir = [/home/runner/work/ratis/ratis/ratis-test/target/test/data/f7ba0e94/MiniRaftClusterWithGrpcf830cfe0/s3] (custom)
2024-09-29 22:58:00,823 [main] INFO  server.RaftServerConfigKeys (ConfUtils.java:logGet(46)) - raft.server.threadpool.proxy.cached = true (default)
2024-09-29 22:58:00,823 [main] INFO  server.RaftServerConfigKeys (ConfUtils.java:logGet(46)) - raft.server.threadpool.proxy.size = 0 (default)
2024-09-29 22:58:00,824 [main] INFO  server.RaftServer (RaftServerProxy.java:addNew(101)) - s3: addNew group-64B60AA06307:[] returns group-64B60AA06307:java.util.concurrent.CompletableFuture@b3cbc0e[Not completed]
2024-09-29 22:58:00,824 [s3-groupManagement] INFO  server.RaftServerConfigKeys (ConfUtils.java:logGet(46)) - raft.server.log.segment.size.max = 32MB (=33554432) (default)
2024-09-29 22:58:00,824 [main] INFO  impl.MiniRaftCluster (MiniRaftCluster.java:newRaftServer(386)) - newRaftServer: s4, group-64B60AA06307:[], format? true
2024-09-29 22:58:00,824 [main] TRACE util.FileUtils (FileUtils.java:deleteFully(305)) - deleteFully target/test/data/f7ba0e94/MiniRaftClusterWithGrpcf830cfe0/s4
2024-09-29 22:58:00,824 [s3-groupManagement] INFO  server.RaftServerConfigKeys (ConfUtils.java:logGet(46)) - raft.server.log.preallocated.size = 4MB (=4194304) (default)
2024-09-29 22:58:00,824 [main] TRACE util.FileUtils (FileUtils.java:deleteFully(318)) - deleteFully: target/test/data/f7ba0e94/MiniRaftClusterWithGrpcf830cfe0/s4 does not exist.
2024-09-29 22:58:00,824 [main] INFO  impl.MiniRaftCluster (MiniRaftCluster.java:newRaftServer(391)) - Formatted directory target/test/data/f7ba0e94/MiniRaftClusterWithGrpcf830cfe0/s4
2024-09-29 22:58:00,824 [s3-groupManagement] INFO  server.RaftServerConfigKeys (ConfUtils.java:logGet(46)) - raft.server.log.write.buffer.size = 8MB (=8388608) (default)
2024-09-29 22:58:00,825 [s3-groupManagement] INFO  server.RaftServer$Division (RaftServerImpl.java:<init>(255)) - s3: new RaftServerImpl for group-64B60AA06307:[] with StateMachineWithSeparatedSnapshotPath:uninitialized
2024-09-29 22:58:00,825 [main] INFO  server.RaftServer (ConfUtils.java:logGet(46)) - raft.rpc.type = GRPC (default)
2024-09-29 22:58:00,825 [s3-groupManagement] INFO  server.RaftServerConfigKeys (ConfUtils.java:logGet(46)) - raft.server.rpc.timeout.min = 150ms (default)
2024-09-29 22:58:00,825 [s3-groupManagement] INFO  server.RaftServerConfigKeys (ConfUtils.java:logGet(46)) - raft.server.rpc.timeout.max = 300ms (default)
2024-09-29 22:58:00,825 [s3-groupManagement] INFO  server.RaftServerConfigKeys (ConfUtils.java:logGet(46)) - raft.server.rpc.sleep.time = 25ms (default)
2024-09-29 22:58:00,825 [s3-groupManagement] INFO  server.RaftServerConfigKeys (ConfUtils.java:logGet(46)) - raft.server.rpc.slowness.timeout = 60s (default)
2024-09-29 22:58:00,825 [s3-groupManagement] INFO  server.RaftServerConfigKeys (ConfUtils.java:logGet(46)) - raft.server.leaderelection.leader.step-down.wait-time = 10s (default)
2024-09-29 22:58:00,825 [main] INFO  grpc.GrpcConfigKeys (ConfUtils.java:logFallback(53)) - raft.grpc.admin.host = null (fallback to raft.grpc.server.host)
2024-09-29 22:58:00,825 [s3-groupManagement] INFO  server.RaftServerConfigKeys (ConfUtils.java:logGet(46)) - raft.server.leaderelection.member.majority-add = true (custom)
2024-09-29 22:58:00,826 [main] INFO  grpc.GrpcConfigKeys (ConfUtils.java:logFallback(53)) - raft.grpc.admin.port = 15025 (fallback to raft.grpc.server.port)
2024-09-29 22:58:00,826 [s3-groupManagement] INFO  server.RaftServerConfigKeys (ConfUtils.java:logGet(46)) - raft.server.sleep.deviation.threshold = 300ms (default)
2024-09-29 22:58:00,826 [main] INFO  grpc.GrpcConfigKeys (ConfUtils.java:logFallback(53)) - raft.grpc.client.host = null (fallback to raft.grpc.server.host)
2024-09-29 22:58:00,826 [s3-groupManagement] INFO  server.RaftServer$Division (ServerState.java:<init>(114)) - s3@group-64B60AA06307: ConfigurationManager, init=conf: {index: -1, cur=peers:[]|listeners:[], old=null}, confs=<EMPTY_MAP>
2024-09-29 22:58:00,826 [main] INFO  grpc.GrpcConfigKeys (ConfUtils.java:logFallback(53)) - raft.grpc.client.port = 15025 (fallback to raft.grpc.server.port)
2024-09-29 22:58:00,826 [s3-groupManagement] INFO  server.RaftServerConfigKeys (ConfUtils.java:logGet(46)) - raft.server.notification.no-leader.timeout = 60s (default)
2024-09-29 22:58:00,826 [main] INFO  grpc.GrpcConfigKeys (ConfUtils.java:logGet(46)) - raft.grpc.server.host = null (default)
2024-09-29 22:58:00,826 [s3-groupManagement] INFO  server.RaftServerConfigKeys (ConfUtils.java:logGet(46)) - raft.server.read.timeout = 10s (default)
2024-09-29 22:58:00,826 [main] INFO  grpc.GrpcConfigKeys (ConfUtils.java:logGet(46)) - raft.grpc.server.port = 15025 (custom)
2024-09-29 22:58:00,827 [s3-groupManagement] INFO  server.RaftServerConfigKeys (ConfUtils.java:logGet(46)) - raft.server.retrycache.expirytime = 60s (default)
2024-09-29 22:58:00,827 [main] INFO  server.GrpcService (ConfUtils.java:logGet(46)) - raft.grpc.message.size.max = 64MB (=67108864) (default)
2024-09-29 22:58:00,827 [s3-groupManagement] INFO  server.RaftServerConfigKeys (ConfUtils.java:logGet(46)) - raft.server.retrycache.statistics.expirytime = 100ms (default)
2024-09-29 22:58:00,827 [main] INFO  server.GrpcService (ConfUtils.java:logGet(46)) - raft.grpc.flow.control.window = 1MB (=1048576) (default)
2024-09-29 22:58:00,827 [s3-groupManagement] INFO  server.RaftServerConfigKeys (ConfUtils.java:logGet(46)) - raft.server.read.option = DEFAULT (default)
2024-09-29 22:58:00,827 [main] INFO  server.RaftServerConfigKeys (ConfUtils.java:logGet(46)) - raft.server.rpc.request.timeout = 3000ms (default)
2024-09-29 22:58:00,827 [s3-groupManagement] INFO  server.RaftServerConfigKeys (ConfUtils.java:logGet(46)) - raft.server.read.read-after-write-consistent.write-index-cache.expiry-time = 60s (default)
2024-09-29 22:58:00,827 [main] INFO  grpc.GrpcConfigKeys (ConfUtils.java:logGet(46)) - raft.grpc.server.heartbeat.channel = false (custom)
2024-09-29 22:58:00,828 [main] INFO  grpc.GrpcConfigKeys (ConfUtils.java:logGet(46)) - raft.grpc.server.zerocopy.enabled = true (custom)
2024-09-29 22:58:00,828 [main] INFO  server.RaftServerConfigKeys (ConfUtils.java:logGet(46)) - raft.server.log.appender.buffer.byte-limit = 4MB (=4194304) (default)
2024-09-29 22:58:00,829 [s3-groupManagement] INFO  server.RaftServerConfigKeys (ConfUtils.java:logGet(46)) - raft.server.rpc.request.timeout = 3000ms (default)
2024-09-29 22:58:00,829 [main] INFO  grpc.GrpcConfigKeys (ConfUtils.java:logGet(46)) - raft.grpc.server.async.request.thread.pool.cached = true (default)
2024-09-29 22:58:00,829 [s3-groupManagement] INFO  server.RaftServerConfigKeys (ConfUtils.java:logGet(46)) - raft.server.log.appender.install.snapshot.enabled = true (default)
2024-09-29 22:58:00,829 [main] INFO  grpc.GrpcConfigKeys (ConfUtils.java:logGet(46)) - raft.grpc.server.async.request.thread.pool.size = 32 (default)
2024-09-29 22:58:00,830 [s3-groupManagement] INFO  server.RaftServerConfigKeys (ConfUtils.java:logGet(46)) - raft.server.threadpool.server.cached = true (default)
2024-09-29 22:58:00,830 [s3-groupManagement] INFO  server.RaftServerConfigKeys (ConfUtils.java:logGet(46)) - raft.server.threadpool.server.size = 0 (default)
2024-09-29 22:58:00,830 [s3-groupManagement] INFO  server.RaftServerConfigKeys (ConfUtils.java:logGet(46)) - raft.server.threadpool.client.cached = true (default)
2024-09-29 22:58:00,830 [s3-groupManagement] INFO  server.RaftServerConfigKeys (ConfUtils.java:logGet(46)) - raft.server.threadpool.client.size = 0 (default)
2024-09-29 22:58:00,831 [main] INFO  impl.DataStreamServerImpl (ConfUtils.java:logGet(46)) - raft.datastream.type = DISABLED (default)
2024-09-29 22:58:00,831 [main] INFO  server.RaftServerConfigKeys (ConfUtils.java:logGet(46)) - raft.server.sleep.deviation.threshold = 300ms (default)
2024-09-29 22:58:00,832 [main] INFO  server.RaftServerConfigKeys (ConfUtils.java:logGet(46)) - raft.server.close.threshold = 60s (default)
2024-09-29 22:58:00,832 [main] INFO  server.RaftServerConfigKeys (ConfUtils.java:logGet(46)) - raft.server.leaderelection.leader.step-down.wait-time = 10s (default)
2024-09-29 22:58:00,832 [main] INFO  server.RaftServerConfigKeys (ConfUtils.java:logGet(46)) - raft.server.storage.dir = [/home/runner/work/ratis/ratis/ratis-test/target/test/data/f7ba0e94/MiniRaftClusterWithGrpcf830cfe0/s4] (custom)
2024-09-29 22:58:00,833 [main] INFO  server.RaftServerConfigKeys (ConfUtils.java:logGet(46)) - raft.server.threadpool.proxy.cached = true (default)
2024-09-29 22:58:00,833 [main] INFO  server.RaftServerConfigKeys (ConfUtils.java:logGet(46)) - raft.server.threadpool.proxy.size = 0 (default)
2024-09-29 22:58:00,833 [main] INFO  server.RaftServer (RaftServerProxy.java:addNew(101)) - s4: addNew group-64B60AA06307:[] returns group-64B60AA06307:java.util.concurrent.CompletableFuture@79392584[Not completed]
2024-09-29 22:58:00,833 [s4-groupManagement] INFO  server.RaftServerConfigKeys (ConfUtils.java:logGet(46)) - raft.server.log.segment.size.max = 32MB (=33554432) (default)
2024-09-29 22:58:00,833 [s3-impl-thread1] INFO  server.RaftServerConfigKeys (ConfUtils.java:logGet(46)) - raft.server.storage.free-space.min = 0MB (=0) (default)
2024-09-29 22:58:00,834 [s3-impl-thread1] INFO  server.RaftServerConfigKeys (ConfUtils.java:logGet(46)) - raft.server.log.corruption.policy = EXCEPTION (default)
2024-09-29 22:58:00,834 [s3-impl-thread1] INFO  server.RaftServerConfigKeys (ConfUtils.java:logGet(46)) - raft.server.storage.dir = [/home/runner/work/ratis/ratis/ratis-test/target/test/data/f7ba0e94/MiniRaftClusterWithGrpcf830cfe0/s3] (custom)
2024-09-29 22:58:00,834 [s3-impl-thread1] INFO  storage.RaftStorageDirectory (RaftStorageDirectoryImpl.java:analyzeStorage(138)) - The storage directory /home/runner/work/ratis/ratis/ratis-test/target/test/data/f7ba0e94/MiniRaftClusterWithGrpcf830cfe0/s3/98f49a44-d84f-4a2d-a14b-64b60aa06307 does not exist. Creating ...
2024-09-29 22:58:00,834 [s3-impl-thread1] TRACE util.FileUtils (LogUtils.java:runAndLog(49)) - Successfully ran Files.createDirectories /home/runner/work/ratis/ratis/ratis-test/target/test/data/f7ba0e94/MiniRaftClusterWithGrpcf830cfe0/s3/98f49a44-d84f-4a2d-a14b-64b60aa06307
2024-09-29 22:58:00,834 [s4-groupManagement] INFO  server.RaftServerConfigKeys (ConfUtils.java:logGet(46)) - raft.server.log.preallocated.size = 4MB (=4194304) (default)
2024-09-29 22:58:00,834 [s4-groupManagement] INFO  server.RaftServerConfigKeys (ConfUtils.java:logGet(46)) - raft.server.log.write.buffer.size = 8MB (=8388608) (default)
2024-09-29 22:58:00,835 [s4-groupManagement] INFO  server.RaftServer$Division (RaftServerImpl.java:<init>(255)) - s4: new RaftServerImpl for group-64B60AA06307:[] with StateMachineWithSeparatedSnapshotPath:uninitialized
2024-09-29 22:58:00,835 [s4-groupManagement] INFO  server.RaftServerConfigKeys (ConfUtils.java:logGet(46)) - raft.server.rpc.timeout.min = 150ms (default)
2024-09-29 22:58:00,835 [s4-groupManagement] INFO  server.RaftServerConfigKeys (ConfUtils.java:logGet(46)) - raft.server.rpc.timeout.max = 300ms (default)
2024-09-29 22:58:00,835 [s4-groupManagement] INFO  server.RaftServerConfigKeys (ConfUtils.java:logGet(46)) - raft.server.rpc.sleep.time = 25ms (default)
2024-09-29 22:58:00,835 [s4-groupManagement] INFO  server.RaftServerConfigKeys (ConfUtils.java:logGet(46)) - raft.server.rpc.slowness.timeout = 60s (default)
2024-09-29 22:58:00,835 [s4-groupManagement] INFO  server.RaftServerConfigKeys (ConfUtils.java:logGet(46)) - raft.server.leaderelection.leader.step-down.wait-time = 10s (default)
2024-09-29 22:58:00,835 [s4-groupManagement] INFO  server.RaftServerConfigKeys (ConfUtils.java:logGet(46)) - raft.server.leaderelection.member.majority-add = true (custom)
2024-09-29 22:58:00,835 [s4-groupManagement] INFO  server.RaftServerConfigKeys (ConfUtils.java:logGet(46)) - raft.server.sleep.deviation.threshold = 300ms (default)
2024-09-29 22:58:00,835 [s4-groupManagement] INFO  server.RaftServer$Division (ServerState.java:<init>(114)) - s4@group-64B60AA06307: ConfigurationManager, init=conf: {index: -1, cur=peers:[]|listeners:[], old=null}, confs=<EMPTY_MAP>
2024-09-29 22:58:00,835 [s4-groupManagement] INFO  server.RaftServerConfigKeys (ConfUtils.java:logGet(46)) - raft.server.notification.no-leader.timeout = 60s (default)
2024-09-29 22:58:00,835 [s4-groupManagement] INFO  server.RaftServerConfigKeys (ConfUtils.java:logGet(46)) - raft.server.read.timeout = 10s (default)
2024-09-29 22:58:00,835 [s4-groupManagement] INFO  server.RaftServerConfigKeys (ConfUtils.java:logGet(46)) - raft.server.retrycache.expirytime = 60s (default)
2024-09-29 22:58:00,835 [s4-groupManagement] INFO  server.RaftServerConfigKeys (ConfUtils.java:logGet(46)) - raft.server.retrycache.statistics.expirytime = 100ms (default)
2024-09-29 22:58:00,835 [s3-impl-thread1] INFO  storage.RaftStorageDirectory (RaftStorageDirectoryImpl.java:tryLock(229)) - Lock on /home/runner/work/ratis/ratis/ratis-test/target/test/data/f7ba0e94/MiniRaftClusterWithGrpcf830cfe0/s3/98f49a44-d84f-4a2d-a14b-64b60aa06307/in_use.lock acquired by nodename 27829@fv-az737-927
2024-09-29 22:58:00,836 [s3-impl-thread1] TRACE util.FileUtils (LogUtils.java:runAndLog(49)) - Successfully ran Files.createDirectories /home/runner/work/ratis/ratis/ratis-test/target/test/data/f7ba0e94/MiniRaftClusterWithGrpcf830cfe0/s3/98f49a44-d84f-4a2d-a14b-64b60aa06307/current
2024-09-29 22:58:00,836 [s3-impl-thread1] TRACE util.FileUtils (LogUtils.java:runAndLog(49)) - Successfully ran Files.createDirectories /home/runner/work/ratis/ratis/ratis-test/target/test/data/f7ba0e94/MiniRaftClusterWithGrpcf830cfe0/s3/98f49a44-d84f-4a2d-a14b-64b60aa06307/sm
2024-09-29 22:58:00,836 [s3-impl-thread1] TRACE util.FileUtils (LogUtils.java:supplyAndLog(69)) - Successfully supplied FileChannel.open /home/runner/work/ratis/ratis/ratis-test/target/test/data/f7ba0e94/MiniRaftClusterWithGrpcf830cfe0/s3/98f49a44-d84f-4a2d-a14b-64b60aa06307/current/raft-meta.tmp with options [CREATE, WRITE]: sun.nio.ch.FileChannelImpl@e0ecf5f
2024-09-29 22:58:00,836 [s4-groupManagement] INFO  server.RaftServerConfigKeys (ConfUtils.java:logGet(46)) - raft.server.read.option = DEFAULT (default)
2024-09-29 22:58:00,836 [s4-groupManagement] INFO  server.RaftServerConfigKeys (ConfUtils.java:logGet(46)) - raft.server.read.read-after-write-consistent.write-index-cache.expiry-time = 60s (default)
2024-09-29 22:58:00,837 [s3-impl-thread1] TRACE util.FileUtils (LogUtils.java:runAndLog(49)) - Successfully ran Atomic Files.move /home/runner/work/ratis/ratis/ratis-test/target/test/data/f7ba0e94/MiniRaftClusterWithGrpcf830cfe0/s3/98f49a44-d84f-4a2d-a14b-64b60aa06307/current/raft-meta.tmp to /home/runner/work/ratis/ratis/ratis-test/target/test/data/f7ba0e94/MiniRaftClusterWithGrpcf830cfe0/s3/98f49a44-d84f-4a2d-a14b-64b60aa06307/current/raft-meta with options [REPLACE_EXISTING]
2024-09-29 22:58:00,837 [s3-impl-thread1] INFO  storage.RaftStorage (RaftStorageImpl.java:format(98)) - Storage directory /home/runner/work/ratis/ratis/ratis-test/target/test/data/f7ba0e94/MiniRaftClusterWithGrpcf830cfe0/s3/98f49a44-d84f-4a2d-a14b-64b60aa06307 has been successfully formatted.
2024-09-29 22:58:00,837 [s3-impl-thread1] INFO  impl.SimpleStateMachine4Testing (SimpleStateMachine4Testing.java:initialize(215)) - Initializing StateMachineWithSeparatedSnapshotPath:uninitialized
2024-09-29 22:58:00,837 [s3-impl-thread1] INFO  impl.SimpleStateMachine4Testing (SimpleStateMachine4Testing.java:loadSnapshot(300)) - Loading snapshot null
2024-09-29 22:58:00,837 [s3-impl-thread1] TRACE util.FileUtils (FileUtils.java:deleteFully(305)) - deleteFully /tmp/ratis-tests/statemachine/s3
2024-09-29 22:58:00,837 [s3-impl-thread1] TRACE util.FileUtils (FileUtils.java:deleteFully(318)) - deleteFully: /tmp/ratis-tests/statemachine/s3 does not exist.
2024-09-29 22:58:00,837 [s3-impl-thread1] INFO  server.RaftServerConfigKeys (ConfUtils.java:logGet(46)) - raft.server.log.use.memory = false (default)
2024-09-29 22:58:00,838 [s3-impl-thread1] INFO  server.RaftServerConfigKeys (ConfUtils.java:logGet(46)) - raft.server.log.purge.gap = 8 (custom)
2024-09-29 22:58:00,838 [s3-impl-thread1] INFO  server.RaftServerConfigKeys (ConfUtils.java:logGet(46)) - raft.server.log.appender.buffer.byte-limit = 4MB (=4194304) (default)
2024-09-29 22:58:00,838 [s3-impl-thread1] INFO  server.RaftServerConfigKeys (ConfUtils.java:logGet(46)) - raft.server.log.statemachine.data.read.timeout = 1000ms (default)
2024-09-29 22:58:00,838 [s3-impl-thread1] INFO  server.RaftServerConfigKeys (ConfUtils.java:logGet(46)) - raft.server.log.purge.preservation.log.num = 0 (default)
2024-09-29 22:58:00,838 [s3-impl-thread1] INFO  server.RaftServerConfigKeys (ConfUtils.java:logGet(46)) - raft.server.log.segment.size.max = 32MB (=33554432) (default)
2024-09-29 22:58:00,838 [s3-impl-thread1] INFO  server.RaftServerConfigKeys (ConfUtils.java:logGet(46)) - raft.server.log.segment.cache.num.max = 6 (default)
2024-09-29 22:58:00,839 [s3-impl-thread1] INFO  server.RaftServerConfigKeys (ConfUtils.java:logGet(46)) - raft.server.log.segment.cache.size.max = 200MB (=209715200) (default)
2024-09-29 22:58:00,839 [s3-impl-thread1] INFO  server.RaftServerConfigKeys (ConfUtils.java:logGet(46)) - raft.server.log.appender.buffer.byte-limit = 4MB (=4194304) (default)
2024-09-29 22:58:00,839 [s4-groupManagement] INFO  server.RaftServerConfigKeys (ConfUtils.java:logGet(46)) - raft.server.rpc.request.timeout = 3000ms (default)
2024-09-29 22:58:00,839 [s4-groupManagement] INFO  server.RaftServerConfigKeys (ConfUtils.java:logGet(46)) - raft.server.log.appender.install.snapshot.enabled = true (default)
2024-09-29 22:58:00,840 [s4-groupManagement] INFO  server.RaftServerConfigKeys (ConfUtils.java:logGet(46)) - raft.server.threadpool.server.cached = true (default)
2024-09-29 22:58:00,840 [s4-groupManagement] INFO  server.RaftServerConfigKeys (ConfUtils.java:logGet(46)) - raft.server.threadpool.server.size = 0 (default)
2024-09-29 22:58:00,840 [s4-groupManagement] INFO  server.RaftServerConfigKeys (ConfUtils.java:logGet(46)) - raft.server.threadpool.client.cached = true (default)
2024-09-29 22:58:00,840 [s4-groupManagement] INFO  server.RaftServerConfigKeys (ConfUtils.java:logGet(46)) - raft.server.threadpool.client.size = 0 (default)
2024-09-29 22:58:00,845 [s3-impl-thread1] INFO  util.AwaitToRun (AwaitToRun.java:start(81)) - Thread[s3@group-64B60AA06307-cacheEviction-AwaitToRun,5,main] started
2024-09-29 22:58:00,845 [s3-impl-thread1] INFO  segmented.SegmentedRaftLogWorker (SegmentedRaftLogWorker.java:<init>(187)) - new s3@group-64B60AA06307-SegmentedRaftLogWorker for RaftStorageImpl:Storage Directory /home/runner/work/ratis/ratis/ratis-test/target/test/data/f7ba0e94/MiniRaftClusterWithGrpcf830cfe0/s3/98f49a44-d84f-4a2d-a14b-64b60aa06307
2024-09-29 22:58:00,845 [s3-impl-thread1] INFO  server.RaftServerConfigKeys (ConfUtils.java:logGet(46)) - raft.server.log.queue.byte-limit = 64MB (=67108864) (default)
2024-09-29 22:58:00,845 [s3-impl-thread1] INFO  server.RaftServerConfigKeys (ConfUtils.java:logGet(46)) - raft.server.log.queue.element-limit = 4096 (default)
2024-09-29 22:58:00,845 [s3-impl-thread1] INFO  server.RaftServerConfigKeys (ConfUtils.java:logGet(46)) - raft.server.log.segment.size.max = 32MB (=33554432) (default)
2024-09-29 22:58:00,845 [s3-impl-thread1] INFO  server.RaftServerConfigKeys (ConfUtils.java:logGet(46)) - raft.server.log.preallocated.size = 4MB (=4194304) (default)
2024-09-29 22:58:00,845 [s3-impl-thread1] INFO  server.RaftServerConfigKeys (ConfUtils.java:logGet(46)) - raft.server.log.force.sync.num = 128 (default)
2024-09-29 22:58:00,845 [s3-impl-thread1] INFO  server.RaftServerConfigKeys (ConfUtils.java:logGet(46)) - raft.server.log.statemachine.data.sync = true (default)
2024-09-29 22:58:00,845 [s3-impl-thread1] INFO  server.RaftServerConfigKeys (ConfUtils.java:logGet(46)) - raft.server.log.statemachine.data.sync.timeout = 10s (default)
2024-09-29 22:58:00,845 [s3-impl-thread1] INFO  server.RaftServerConfigKeys (ConfUtils.java:logGet(46)) - raft.server.log.statemachine.data.sync.timeout.retry = -1 (default)
2024-09-29 22:58:00,845 [s3-impl-thread1] INFO  server.RaftServerConfigKeys (ConfUtils.java:logGet(46)) - raft.server.log.write.buffer.size = 8MB (=8388608) (default)
2024-09-29 22:58:00,847 [s3-impl-thread1] INFO  server.RaftServerConfigKeys (ConfUtils.java:logGet(46)) - raft.server.log.appender.buffer.byte-limit = 4MB (=4194304) (default)
2024-09-29 22:58:00,847 [s3-impl-thread1] INFO  server.RaftServerConfigKeys (ConfUtils.java:logGet(46)) - raft.server.log.unsafe-flush.enabled = false (default)
2024-09-29 22:58:00,847 [s3-impl-thread1] INFO  server.RaftServerConfigKeys (ConfUtils.java:logGet(46)) - raft.server.log.async-flush.enabled = false (default)
2024-09-29 22:58:00,847 [s3-impl-thread1] INFO  server.RaftServerConfigKeys (ConfUtils.java:logGet(46)) - raft.server.log.statemachine.data.caching.enabled = false (default)
2024-09-29 22:58:00,847 [s3-impl-thread1] INFO  segmented.SegmentedRaftLogWorker (SegmentedRaftLogWorker.java:lambda$new$0(138)) - s3@group-64B60AA06307-SegmentedRaftLogWorker: flushIndex: setUnconditionally 0 -> -1
2024-09-29 22:58:00,847 [s3-impl-thread1] INFO  segmented.SegmentedRaftLogWorker (SegmentedRaftLogWorker.java:lambda$new$0(138)) - s3@group-64B60AA06307-SegmentedRaftLogWorker: safeCacheEvictIndex: setUnconditionally 0 -> -1
2024-09-29 22:58:00,847 [s3-impl-thread1] INFO  server.RaftServer$Division (RaftServerImpl.java:start(397)) - s3@group-64B60AA06307: start with initializing state, conf=conf: {index: -1, cur=peers:[]|listeners:[], old=null}
2024-09-29 22:58:00,847 [s3-impl-thread1] INFO  server.RaftServer$Division (RaftServerImpl.java:setRole(378)) - s3@group-64B60AA06307: changes role from      null to FOLLOWER at term 0 for start
2024-09-29 22:58:00,848 [s3-impl-thread1] INFO  util.JmxRegister (JmxRegister.java:tryRegister(44)) - Successfully registered JMX Bean with object name Ratis:service=RaftServer,group=group-64B60AA06307,id=s3
2024-09-29 22:58:00,848 [s3-impl-thread1] INFO  util.JmxRegister (JmxRegister.java:register(58)) - register mxBean class org.apache.ratis.server.impl.RaftServerJmxAdapter as Ratis:service=RaftServer,group=group-64B60AA06307,id=s3
2024-09-29 22:58:00,848 [s3-impl-thread1] INFO  server.RaftServerConfigKeys (ConfUtils.java:logGet(46)) - raft.server.snapshot.trigger-when-stop.enabled = true (default)
2024-09-29 22:58:00,848 [s3-impl-thread1] INFO  server.RaftServerConfigKeys (ConfUtils.java:logGet(46)) - raft.server.snapshot.trigger-when-remove.enabled = true (default)
2024-09-29 22:58:00,848 [s3-impl-thread1] INFO  server.RaftServerConfigKeys (ConfUtils.java:logGet(46)) - raft.server.snapshot.auto.trigger.enabled = true (custom)
2024-09-29 22:58:00,848 [s3-impl-thread1] INFO  server.RaftServerConfigKeys (ConfUtils.java:logGet(46)) - raft.server.snapshot.auto.trigger.threshold = 64 (custom)
2024-09-29 22:58:00,848 [s3-impl-thread1] INFO  server.RaftServerConfigKeys (ConfUtils.java:logGet(46)) - raft.server.snapshot.retention.file.num = -1 (default)
2024-09-29 22:58:00,848 [s3-impl-thread1] INFO  server.RaftServerConfigKeys (ConfUtils.java:logGet(46)) - raft.server.log.purge.upto.snapshot.index = false (default)
2024-09-29 22:58:00,848 [main] INFO  server.RaftServer (RaftServerProxy.java:startImpl(408)) - s3: start RPC server
2024-09-29 22:58:00,849 [main] INFO  server.GrpcService (GrpcService.java:startImpl(341)) - s3: GrpcService started, listening on 15024
2024-09-29 22:58:00,850 [s4-impl-thread1] INFO  server.RaftServerConfigKeys (ConfUtils.java:logGet(46)) - raft.server.storage.free-space.min = 0MB (=0) (default)
2024-09-29 22:58:00,850 [s4-impl-thread1] INFO  server.RaftServerConfigKeys (ConfUtils.java:logGet(46)) - raft.server.log.corruption.policy = EXCEPTION (default)
2024-09-29 22:58:00,850 [s4-impl-thread1] INFO  server.RaftServerConfigKeys (ConfUtils.java:logGet(46)) - raft.server.storage.dir = [/home/runner/work/ratis/ratis/ratis-test/target/test/data/f7ba0e94/MiniRaftClusterWithGrpcf830cfe0/s4] (custom)
2024-09-29 22:58:00,850 [s4-impl-thread1] INFO  storage.RaftStorageDirectory (RaftStorageDirectoryImpl.java:analyzeStorage(138)) - The storage directory /home/runner/work/ratis/ratis/ratis-test/target/test/data/f7ba0e94/MiniRaftClusterWithGrpcf830cfe0/s4/98f49a44-d84f-4a2d-a14b-64b60aa06307 does not exist. Creating ...
2024-09-29 22:58:00,851 [s4-impl-thread1] TRACE util.FileUtils (LogUtils.java:runAndLog(49)) - Successfully ran Files.createDirectories /home/runner/work/ratis/ratis/ratis-test/target/test/data/f7ba0e94/MiniRaftClusterWithGrpcf830cfe0/s4/98f49a44-d84f-4a2d-a14b-64b60aa06307
2024-09-29 22:58:00,851 [JvmPauseMonitor9] INFO  util.JvmPauseMonitor (JvmPauseMonitor.java:run(146)) - JvmPauseMonitor-s3: Started
2024-09-29 22:58:00,852 [s4-impl-thread1] INFO  storage.RaftStorageDirectory (RaftStorageDirectoryImpl.java:tryLock(229)) - Lock on /home/runner/work/ratis/ratis/ratis-test/target/test/data/f7ba0e94/MiniRaftClusterWithGrpcf830cfe0/s4/98f49a44-d84f-4a2d-a14b-64b60aa06307/in_use.lock acquired by nodename 27829@fv-az737-927
2024-09-29 22:58:00,852 [s4-impl-thread1] TRACE util.FileUtils (LogUtils.java:runAndLog(49)) - Successfully ran Files.createDirectories /home/runner/work/ratis/ratis/ratis-test/target/test/data/f7ba0e94/MiniRaftClusterWithGrpcf830cfe0/s4/98f49a44-d84f-4a2d-a14b-64b60aa06307/current
2024-09-29 22:58:00,852 [s4-impl-thread1] TRACE util.FileUtils (LogUtils.java:runAndLog(49)) - Successfully ran Files.createDirectories /home/runner/work/ratis/ratis/ratis-test/target/test/data/f7ba0e94/MiniRaftClusterWithGrpcf830cfe0/s4/98f49a44-d84f-4a2d-a14b-64b60aa06307/sm
2024-09-29 22:58:00,853 [s4-impl-thread1] TRACE util.FileUtils (LogUtils.java:supplyAndLog(69)) - Successfully supplied FileChannel.open /home/runner/work/ratis/ratis/ratis-test/target/test/data/f7ba0e94/MiniRaftClusterWithGrpcf830cfe0/s4/98f49a44-d84f-4a2d-a14b-64b60aa06307/current/raft-meta.tmp with options [CREATE, WRITE]: sun.nio.ch.FileChannelImpl@7a80161b
2024-09-29 22:58:00,856 [s4-impl-thread1] TRACE util.FileUtils (LogUtils.java:runAndLog(49)) - Successfully ran Atomic Files.move /home/runner/work/ratis/ratis/ratis-test/target/test/data/f7ba0e94/MiniRaftClusterWithGrpcf830cfe0/s4/98f49a44-d84f-4a2d-a14b-64b60aa06307/current/raft-meta.tmp to /home/runner/work/ratis/ratis/ratis-test/target/test/data/f7ba0e94/MiniRaftClusterWithGrpcf830cfe0/s4/98f49a44-d84f-4a2d-a14b-64b60aa06307/current/raft-meta with options [REPLACE_EXISTING]
2024-09-29 22:58:00,857 [s4-impl-thread1] INFO  storage.RaftStorage (RaftStorageImpl.java:format(98)) - Storage directory /home/runner/work/ratis/ratis/ratis-test/target/test/data/f7ba0e94/MiniRaftClusterWithGrpcf830cfe0/s4/98f49a44-d84f-4a2d-a14b-64b60aa06307 has been successfully formatted.
2024-09-29 22:58:00,857 [s4-impl-thread1] INFO  impl.SimpleStateMachine4Testing (SimpleStateMachine4Testing.java:initialize(215)) - Initializing StateMachineWithSeparatedSnapshotPath:uninitialized
2024-09-29 22:58:00,857 [s4-impl-thread1] INFO  impl.SimpleStateMachine4Testing (SimpleStateMachine4Testing.java:loadSnapshot(300)) - Loading snapshot null
2024-09-29 22:58:00,857 [s4-impl-thread1] TRACE util.FileUtils (FileUtils.java:deleteFully(305)) - deleteFully /tmp/ratis-tests/statemachine/s4
2024-09-29 22:58:00,857 [s4-impl-thread1] TRACE util.FileUtils (FileUtils.java:deleteFully(318)) - deleteFully: /tmp/ratis-tests/statemachine/s4 does not exist.
2024-09-29 22:58:00,857 [s4-impl-thread1] INFO  server.RaftServerConfigKeys (ConfUtils.java:logGet(46)) - raft.server.log.use.memory = false (default)
2024-09-29 22:58:00,857 [s4-impl-thread1] INFO  server.RaftServerConfigKeys (ConfUtils.java:logGet(46)) - raft.server.log.purge.gap = 8 (custom)
2024-09-29 22:58:00,857 [s4-impl-thread1] INFO  server.RaftServerConfigKeys (ConfUtils.java:logGet(46)) - raft.server.log.appender.buffer.byte-limit = 4MB (=4194304) (default)
2024-09-29 22:58:00,857 [s4-impl-thread1] INFO  server.RaftServerConfigKeys (ConfUtils.java:logGet(46)) - raft.server.log.statemachine.data.read.timeout = 1000ms (default)
2024-09-29 22:58:00,858 [s4-impl-thread1] INFO  server.RaftServerConfigKeys (ConfUtils.java:logGet(46)) - raft.server.log.purge.preservation.log.num = 0 (default)
2024-09-29 22:58:00,858 [s4-impl-thread1] INFO  server.RaftServerConfigKeys (ConfUtils.java:logGet(46)) - raft.server.log.segment.size.max = 32MB (=33554432) (default)
2024-09-29 22:58:00,858 [s4-impl-thread1] INFO  server.RaftServerConfigKeys (ConfUtils.java:logGet(46)) - raft.server.log.segment.cache.num.max = 6 (default)
2024-09-29 22:58:00,858 [s4-impl-thread1] INFO  server.RaftServerConfigKeys (ConfUtils.java:logGet(46)) - raft.server.log.segment.cache.size.max = 200MB (=209715200) (default)
2024-09-29 22:58:00,858 [s4-impl-thread1] INFO  server.RaftServerConfigKeys (ConfUtils.java:logGet(46)) - raft.server.log.appender.buffer.byte-limit = 4MB (=4194304) (default)
2024-09-29 22:58:00,859 [s4-impl-thread1] INFO  util.AwaitToRun (AwaitToRun.java:start(81)) - Thread[s4@group-64B60AA06307-cacheEviction-AwaitToRun,5,main] started
2024-09-29 22:58:00,859 [s4-impl-thread1] INFO  segmented.SegmentedRaftLogWorker (SegmentedRaftLogWorker.java:<init>(187)) - new s4@group-64B60AA06307-SegmentedRaftLogWorker for RaftStorageImpl:Storage Directory /home/runner/work/ratis/ratis/ratis-test/target/test/data/f7ba0e94/MiniRaftClusterWithGrpcf830cfe0/s4/98f49a44-d84f-4a2d-a14b-64b60aa06307
2024-09-29 22:58:00,859 [s4-impl-thread1] INFO  server.RaftServerConfigKeys (ConfUtils.java:logGet(46)) - raft.server.log.queue.byte-limit = 64MB (=67108864) (default)
2024-09-29 22:58:00,859 [s4-impl-thread1] INFO  server.RaftServerConfigKeys (ConfUtils.java:logGet(46)) - raft.server.log.queue.element-limit = 4096 (default)
2024-09-29 22:58:00,859 [s4-impl-thread1] INFO  server.RaftServerConfigKeys (ConfUtils.java:logGet(46)) - raft.server.log.segment.size.max = 32MB (=33554432) (default)
2024-09-29 22:58:00,859 [s4-impl-thread1] INFO  server.RaftServerConfigKeys (ConfUtils.java:logGet(46)) - raft.server.log.preallocated.size = 4MB (=4194304) (default)
2024-09-29 22:58:00,859 [s4-impl-thread1] INFO  server.RaftServerConfigKeys (ConfUtils.java:logGet(46)) - raft.server.log.force.sync.num = 128 (default)
2024-09-29 22:58:00,859 [s4-impl-thread1] INFO  server.RaftServerConfigKeys (ConfUtils.java:logGet(46)) - raft.server.log.statemachine.data.sync = true (default)
2024-09-29 22:58:00,859 [s4-impl-thread1] INFO  server.RaftServerConfigKeys (ConfUtils.java:logGet(46)) - raft.server.log.statemachine.data.sync.timeout = 10s (default)
2024-09-29 22:58:00,859 [s4-impl-thread1] INFO  server.RaftServerConfigKeys (ConfUtils.java:logGet(46)) - raft.server.log.statemachine.data.sync.timeout.retry = -1 (default)
2024-09-29 22:58:00,859 [s4-impl-thread1] INFO  server.RaftServerConfigKeys (ConfUtils.java:logGet(46)) - raft.server.log.write.buffer.size = 8MB (=8388608) (default)
2024-09-29 22:58:00,860 [s4-impl-thread1] INFO  server.RaftServerConfigKeys (ConfUtils.java:logGet(46)) - raft.server.log.appender.buffer.byte-limit = 4MB (=4194304) (default)
2024-09-29 22:58:00,860 [s4-impl-thread1] INFO  server.RaftServerConfigKeys (ConfUtils.java:logGet(46)) - raft.server.log.unsafe-flush.enabled = false (default)
2024-09-29 22:58:00,860 [s4-impl-thread1] INFO  server.RaftServerConfigKeys (ConfUtils.java:logGet(46)) - raft.server.log.async-flush.enabled = false (default)
2024-09-29 22:58:00,860 [s4-impl-thread1] INFO  server.RaftServerConfigKeys (ConfUtils.java:logGet(46)) - raft.server.log.statemachine.data.caching.enabled = false (default)
2024-09-29 22:58:00,860 [s4-impl-thread1] INFO  segmented.SegmentedRaftLogWorker (SegmentedRaftLogWorker.java:lambda$new$0(138)) - s4@group-64B60AA06307-SegmentedRaftLogWorker: flushIndex: setUnconditionally 0 -> -1
2024-09-29 22:58:00,860 [s4-impl-thread1] INFO  segmented.SegmentedRaftLogWorker (SegmentedRaftLogWorker.java:lambda$new$0(138)) - s4@group-64B60AA06307-SegmentedRaftLogWorker: safeCacheEvictIndex: setUnconditionally 0 -> -1
2024-09-29 22:58:00,861 [s4-impl-thread1] INFO  server.RaftServer$Division (RaftServerImpl.java:start(397)) - s4@group-64B60AA06307: start with initializing state, conf=conf: {index: -1, cur=peers:[]|listeners:[], old=null}
2024-09-29 22:58:00,861 [s4-impl-thread1] INFO  server.RaftServer$Division (RaftServerImpl.java:setRole(378)) - s4@group-64B60AA06307: changes role from      null to FOLLOWER at term 0 for start
2024-09-29 22:58:00,861 [s4-impl-thread1] INFO  util.JmxRegister (JmxRegister.java:tryRegister(44)) - Successfully registered JMX Bean with object name Ratis:service=RaftServer,group=group-64B60AA06307,id=s4
2024-09-29 22:58:00,861 [s4-impl-thread1] INFO  util.JmxRegister (JmxRegister.java:register(58)) - register mxBean class org.apache.ratis.server.impl.RaftServerJmxAdapter as Ratis:service=RaftServer,group=group-64B60AA06307,id=s4
2024-09-29 22:58:00,861 [s4-impl-thread1] INFO  server.RaftServerConfigKeys (ConfUtils.java:logGet(46)) - raft.server.snapshot.trigger-when-stop.enabled = true (default)
2024-09-29 22:58:00,861 [s4-impl-thread1] INFO  server.RaftServerConfigKeys (ConfUtils.java:logGet(46)) - raft.server.snapshot.trigger-when-remove.enabled = true (default)
2024-09-29 22:58:00,861 [s4-impl-thread1] INFO  server.RaftServerConfigKeys (ConfUtils.java:logGet(46)) - raft.server.snapshot.auto.trigger.enabled = true (custom)
2024-09-29 22:58:00,861 [s4-impl-thread1] INFO  server.RaftServerConfigKeys (ConfUtils.java:logGet(46)) - raft.server.snapshot.auto.trigger.threshold = 64 (custom)
2024-09-29 22:58:00,861 [s4-impl-thread1] INFO  server.RaftServerConfigKeys (ConfUtils.java:logGet(46)) - raft.server.snapshot.retention.file.num = -1 (default)
2024-09-29 22:58:00,861 [s4-impl-thread1] INFO  server.RaftServerConfigKeys (ConfUtils.java:logGet(46)) - raft.server.log.purge.upto.snapshot.index = false (default)
2024-09-29 22:58:00,862 [main] INFO  server.RaftServer (RaftServerProxy.java:startImpl(408)) - s4: start RPC server
2024-09-29 22:58:00,865 [main] INFO  server.GrpcService (GrpcService.java:startImpl(341)) - s4: GrpcService started, listening on 15025
2024-09-29 22:58:00,869 [JvmPauseMonitor10] INFO  util.JvmPauseMonitor (JvmPauseMonitor.java:run(146)) - JvmPauseMonitor-s4: Started
2024-09-29 22:58:00,876 [s0-server-thread1] INFO  util.CodeInjectionForTesting (BlockRequestHandlingInjection.java:execute(77)) - s0: Block request from s2
2024-09-29 22:58:00,876 [s1-server-thread1] INFO  util.CodeInjectionForTesting (BlockRequestHandlingInjection.java:execute(77)) - s1: Block request from s2
2024-09-29 22:58:00,877 [s2-server-thread1] INFO  server.RaftServer$Division (RaftServerImpl.java:setConfigurationAsync(1328)) - s2@group-64B60AA06307: receive setConfiguration SetConfigurationRequest:client-FA66758A4DA4->s2@group-64B60AA06307, cid=390, seq=null, RW, null, SET_UNCONDITIONALLY, servers:[s3|0.0.0.0:15024, s4|0.0.0.0:15025, s0|localhost:15012, s1|localhost:15016, s2|localhost:15020], listeners:[]
2024-09-29 22:58:00,877 [s2-server-thread1] INFO  server.RaftServer$Division (LeaderStateImpl.java:startSetConfiguration(489)) - s2@group-64B60AA06307-LeaderStateImpl: startSetConfiguration SetConfigurationRequest:client-FA66758A4DA4->s2@group-64B60AA06307, cid=390, seq=null, RW, null, SET_UNCONDITIONALLY, servers:[s3|0.0.0.0:15024, s4|0.0.0.0:15025, s0|localhost:15012, s1|localhost:15016, s2|localhost:15020], listeners:[]
2024-09-29 22:58:00,877 [s2-server-thread1] INFO  server.RaftServerConfigKeys (ConfUtils.java:logGet(46)) - raft.server.log.appender.snapshot.chunk.size.max = 1k (=1024) (custom)
2024-09-29 22:58:00,878 [s2-server-thread1] INFO  server.RaftServerConfigKeys (ConfUtils.java:logGet(46)) - raft.server.log.appender.buffer.byte-limit = 4MB (=4194304) (default)
2024-09-29 22:58:00,878 [s2-server-thread1] INFO  server.RaftServerConfigKeys (ConfUtils.java:logGet(46)) - raft.server.log.appender.buffer.element-limit = 0 (default)
2024-09-29 22:58:00,878 [s2-server-thread1] INFO  server.RaftServerConfigKeys (ConfUtils.java:logGet(46)) - raft.server.log.appender.wait-time.min = 1ms (default)
2024-09-29 22:58:00,878 [s2-server-thread1] INFO  grpc.GrpcConfigKeys (ConfUtils.java:logGet(46)) - raft.grpc.server.leader.outstanding.appends.max = 8 (default)
2024-09-29 22:58:00,878 [s2-server-thread1] INFO  server.RaftServerConfigKeys (ConfUtils.java:logGet(46)) - raft.server.rpc.request.timeout = 3000ms (default)
2024-09-29 22:58:00,878 [s2-server-thread1] INFO  grpc.GrpcConfigKeys (ConfUtils.java:logGet(46)) - raft.grpc.server.install_snapshot.request.element-limit = 8 (default)
2024-09-29 22:58:00,878 [s2-server-thread1] INFO  grpc.GrpcConfigKeys (ConfUtils.java:logGet(46)) - raft.grpc.server.install_snapshot.request.timeout = 3000ms (default)
2024-09-29 22:58:00,878 [s2-server-thread1] INFO  grpc.GrpcConfigKeys (ConfUtils.java:logGet(46)) - raft.grpc.server.log-message.batch.duration = 5s (default)
2024-09-29 22:58:00,878 [s2-server-thread1] INFO  server.RaftServerConfigKeys (ConfUtils.java:logGet(46)) - raft.server.log.appender.install.snapshot.enabled = true (default)
2024-09-29 22:58:00,878 [s2-server-thread1] INFO  grpc.GrpcConfigKeys (ConfUtils.java:logGet(46)) - raft.grpc.server.heartbeat.channel = false (custom)
2024-09-29 22:58:00,879 [s2-server-thread1] INFO  server.RaftServerConfigKeys (ConfUtils.java:logGet(46)) - raft.server.log.appender.snapshot.chunk.size.max = 1k (=1024) (custom)
2024-09-29 22:58:00,879 [s2-server-thread1] INFO  server.RaftServerConfigKeys (ConfUtils.java:logGet(46)) - raft.server.log.appender.buffer.byte-limit = 4MB (=4194304) (default)
2024-09-29 22:58:00,879 [s2-server-thread1] INFO  server.RaftServerConfigKeys (ConfUtils.java:logGet(46)) - raft.server.log.appender.buffer.element-limit = 0 (default)
2024-09-29 22:58:00,879 [s2-server-thread1] INFO  server.RaftServerConfigKeys (ConfUtils.java:logGet(46)) - raft.server.log.appender.wait-time.min = 1ms (default)
2024-09-29 22:58:00,879 [s2-server-thread1] INFO  grpc.GrpcConfigKeys (ConfUtils.java:logGet(46)) - raft.grpc.server.leader.outstanding.appends.max = 8 (default)
2024-09-29 22:58:00,880 [s2-server-thread1] INFO  server.RaftServerConfigKeys (ConfUtils.java:logGet(46)) - raft.server.rpc.request.timeout = 3000ms (default)
2024-09-29 22:58:00,880 [s2-server-thread1] INFO  grpc.GrpcConfigKeys (ConfUtils.java:logGet(46)) - raft.grpc.server.install_snapshot.request.element-limit = 8 (default)
2024-09-29 22:58:00,880 [s2-server-thread1] INFO  grpc.GrpcConfigKeys (ConfUtils.java:logGet(46)) - raft.grpc.server.install_snapshot.request.timeout = 3000ms (default)
2024-09-29 22:58:00,880 [s2-server-thread1] INFO  grpc.GrpcConfigKeys (ConfUtils.java:logGet(46)) - raft.grpc.server.log-message.batch.duration = 5s (default)
2024-09-29 22:58:00,880 [s2-server-thread1] INFO  server.RaftServerConfigKeys (ConfUtils.java:logGet(46)) - raft.server.log.appender.install.snapshot.enabled = true (default)
2024-09-29 22:58:00,880 [s2-server-thread1] INFO  grpc.GrpcConfigKeys (ConfUtils.java:logGet(46)) - raft.grpc.server.heartbeat.channel = false (custom)
2024-09-29 22:58:00,881 [s2@group-64B60AA06307->s3-GrpcLogAppender-LogAppenderDaemon] INFO  server.GrpcLogAppender (GrpcLogAppender.java:installSnapshot(757)) - s2@group-64B60AA06307->s3-GrpcLogAppender: followerNextIndex = 0 but logStartIndex = 0, send snapshot FileListSnapshotInfo(t:1, i:255):[/tmp/ratis-tests/statemachine/s2/snapshot/1_255/vegetable, /tmp/ratis-tests/statemachine/s2/snapshot/1_255/loves, /tmp/ratis-tests/statemachine/s2/snapshot/1_255/deer] to follower
2024-09-29 22:58:00,881 [s2@group-64B60AA06307->s3-GrpcLogAppender-LogAppenderDaemon] INFO  server.GrpcServerProtocolClient (GrpcServerProtocolClient.java:<init>(65)) - Build channel for s3|0.0.0.0:15024
2024-09-29 22:58:00,883 [s2@group-64B60AA06307->s3-GrpcLogAppender-LogAppenderDaemon] TRACE util.FileUtils (LogUtils.java:supplyAndLog(69)) - Successfully supplied Files.newInputStream /tmp/ratis-tests/statemachine/s2/snapshot/1_255/vegetable with options []: sun.nio.ch.ChannelInputStream@62c7b23d
2024-09-29 22:58:00,886 [s2@group-64B60AA06307->s4-GrpcLogAppender-LogAppenderDaemon] INFO  server.GrpcLogAppender (GrpcLogAppender.java:installSnapshot(757)) - s2@group-64B60AA06307->s4-GrpcLogAppender: followerNextIndex = 0 but logStartIndex = 0, send snapshot FileListSnapshotInfo(t:1, i:255):[/tmp/ratis-tests/statemachine/s2/snapshot/1_255/vegetable, /tmp/ratis-tests/statemachine/s2/snapshot/1_255/loves, /tmp/ratis-tests/statemachine/s2/snapshot/1_255/deer] to follower
2024-09-29 22:58:00,887 [s2@group-64B60AA06307->s4-GrpcLogAppender-LogAppenderDaemon] INFO  server.GrpcServerProtocolClient (GrpcServerProtocolClient.java:<init>(65)) - Build channel for s4|0.0.0.0:15025
2024-09-29 22:58:00,886 [s2@group-64B60AA06307->s3-GrpcLogAppender-LogAppenderDaemon] TRACE util.FileUtils (LogUtils.java:supplyAndLog(69)) - Successfully supplied Files.newInputStream /tmp/ratis-tests/statemachine/s2/snapshot/1_255/loves with options []: sun.nio.ch.ChannelInputStream@5b5fb563
2024-09-29 22:58:00,888 [grpc-default-executor-5] INFO  impl.SnapshotInstallationHandler (SnapshotInstallationHandler.java:installSnapshot(94)) - s3@group-64B60AA06307: receive installSnapshot: s2->s3#0-t1,chunk:dfa944b7-7f22-4ade-a8d9-a71ac1a25642,0
2024-09-29 22:58:00,888 [grpc-default-executor-5] TRACE util.FileUtils (LogUtils.java:supplyAndLog(69)) - Successfully supplied FileChannel.open /home/runner/work/ratis/ratis/ratis-test/target/test/data/f7ba0e94/MiniRaftClusterWithGrpcf830cfe0/s3/98f49a44-d84f-4a2d-a14b-64b60aa06307/current/raft-meta.tmp with options [CREATE, WRITE]: sun.nio.ch.FileChannelImpl@21f54147
2024-09-29 22:58:00,889 [s2@group-64B60AA06307->s4-GrpcLogAppender-LogAppenderDaemon] TRACE util.FileUtils (LogUtils.java:supplyAndLog(69)) - Successfully supplied Files.newInputStream /tmp/ratis-tests/statemachine/s2/snapshot/1_255/vegetable with options []: sun.nio.ch.ChannelInputStream@6cf6e893
2024-09-29 22:58:00,889 [s2@group-64B60AA06307->s3-GrpcLogAppender-LogAppenderDaemon] TRACE util.FileUtils (LogUtils.java:supplyAndLog(69)) - Successfully supplied Files.newInputStream /tmp/ratis-tests/statemachine/s2/snapshot/1_255/deer with options []: sun.nio.ch.ChannelInputStream@27fa875c
2024-09-29 22:58:00,889 [s2@group-64B60AA06307->s4-GrpcLogAppender-LogAppenderDaemon] TRACE util.FileUtils (LogUtils.java:supplyAndLog(69)) - Successfully supplied Files.newInputStream /tmp/ratis-tests/statemachine/s2/snapshot/1_255/loves with options []: sun.nio.ch.ChannelInputStream@2f7cec64
2024-09-29 22:58:00,893 [s2@group-64B60AA06307->s4-GrpcLogAppender-LogAppenderDaemon] TRACE util.FileUtils (LogUtils.java:supplyAndLog(69)) - Successfully supplied Files.newInputStream /tmp/ratis-tests/statemachine/s2/snapshot/1_255/deer with options []: sun.nio.ch.ChannelInputStream@5d508581
2024-09-29 22:58:00,894 [grpc-default-executor-5] TRACE util.FileUtils (LogUtils.java:runAndLog(49)) - Successfully ran Atomic Files.move /home/runner/work/ratis/ratis/ratis-test/target/test/data/f7ba0e94/MiniRaftClusterWithGrpcf830cfe0/s3/98f49a44-d84f-4a2d-a14b-64b60aa06307/current/raft-meta.tmp to /home/runner/work/ratis/ratis/ratis-test/target/test/data/f7ba0e94/MiniRaftClusterWithGrpcf830cfe0/s3/98f49a44-d84f-4a2d-a14b-64b60aa06307/current/raft-meta with options [REPLACE_EXISTING]
2024-09-29 22:58:00,894 [grpc-default-executor-5] INFO  server.RaftServer$Division (RaftServerImpl.java:setFirstElection(559)) - s3@group-64B60AA06307: set firstElectionSinceStartup to false for installSnapshot
2024-09-29 22:58:00,894 [grpc-default-executor-5] INFO  server.RaftServer$Division (ServerState.java:setLeader(272)) - s3@group-64B60AA06307: change Leader from null to s2 at term 1 for installSnapshot, leader elected after 67ms
2024-09-29 22:58:00,895 [grpc-default-executor-5] TRACE util.FileUtils (LogUtils.java:runAndLog(49)) - Successfully ran Files.createDirectories /tmp/ratis-tests/statemachine/s3/tmp/snapshot-dfa944b7-7f22-4ade-a8d9-a71ac1a25642
2024-09-29 22:58:00,895 [grpc-default-executor-5] INFO  storage.SnapshotManager (SnapshotManager.java:installSnapshot(111)) - Installing snapshot:s2->s3#0-t1,chunk:dfa944b7-7f22-4ade-a8d9-a71ac1a25642,0, to tmp dir:/tmp/ratis-tests/statemachine/s3/tmp/snapshot-dfa944b7-7f22-4ade-a8d9-a71ac1a25642
2024-09-29 22:58:00,895 [grpc-default-executor-5] TRACE util.FileUtils (LogUtils.java:runAndLog(49)) - Successfully ran Files.createDirectories /tmp/ratis-tests/statemachine/s3/tmp/snapshot-dfa944b7-7f22-4ade-a8d9-a71ac1a25642/1_255
2024-09-29 22:58:00,895 [grpc-default-executor-5] TRACE util.FileUtils (LogUtils.java:supplyAndLog(69)) - Successfully supplied FileChannel.open /tmp/ratis-tests/statemachine/s3/tmp/snapshot-dfa944b7-7f22-4ade-a8d9-a71ac1a25642/1_255/vegetable with options [WRITE, CREATE]: sun.nio.ch.FileChannelImpl@8d67fc5
2024-09-29 22:58:00,896 [grpc-default-executor-5] TRACE util.FileUtils (LogUtils.java:supplyAndLog(69)) - Successfully supplied FileChannel.open /tmp/ratis-tests/statemachine/s3/tmp/snapshot-dfa944b7-7f22-4ade-a8d9-a71ac1a25642/1_255/vegetable.md5.tmp with options [CREATE, WRITE]: sun.nio.ch.FileChannelImpl@29998de2
2024-09-29 22:58:00,897 [grpc-default-executor-3] INFO  impl.SnapshotInstallationHandler (SnapshotInstallationHandler.java:installSnapshot(94)) - s4@group-64B60AA06307: receive installSnapshot: s2->s4#0-t1,chunk:183776a2-eda6-40d7-9185-127795f3045f,0
2024-09-29 22:58:00,897 [grpc-default-executor-3] TRACE util.FileUtils (LogUtils.java:supplyAndLog(69)) - Successfully supplied FileChannel.open /home/runner/work/ratis/ratis/ratis-test/target/test/data/f7ba0e94/MiniRaftClusterWithGrpcf830cfe0/s4/98f49a44-d84f-4a2d-a14b-64b60aa06307/current/raft-meta.tmp with options [CREATE, WRITE]: sun.nio.ch.FileChannelImpl@501d65da
2024-09-29 22:58:00,897 [grpc-default-executor-5] TRACE util.FileUtils (LogUtils.java:runAndLog(49)) - Successfully ran Atomic Files.move /tmp/ratis-tests/statemachine/s3/tmp/snapshot-dfa944b7-7f22-4ade-a8d9-a71ac1a25642/1_255/vegetable.md5.tmp to /tmp/ratis-tests/statemachine/s3/tmp/snapshot-dfa944b7-7f22-4ade-a8d9-a71ac1a25642/1_255/vegetable.md5 with options [REPLACE_EXISTING]
2024-09-29 22:58:00,898 [grpc-default-executor-5] INFO  impl.SnapshotInstallationHandler (SnapshotInstallationHandler.java:installSnapshotImpl(140)) - s3@group-64B60AA06307: set new configuration configurationEntry {
  peers {
    id: "s0"
    address: "localhost:15012"
    dataStreamAddress: "localhost:15015"
    clientAddress: "localhost:15014"
    adminAddress: "localhost:15013"
    startupRole: FOLLOWER
  }
  peers {
    id: "s1"
    address: "localhost:15016"
    dataStreamAddress: "localhost:15019"
    clientAddress: "localhost:15018"
    adminAddress: "localhost:15017"
    startupRole: FOLLOWER
  }
  peers {
    id: "s2"
    address: "localhost:15020"
    dataStreamAddress: "localhost:15023"
    clientAddress: "localhost:15022"
    adminAddress: "localhost:15021"
    startupRole: FOLLOWER
  }
}
 from snapshot
2024-09-29 22:58:00,898 [grpc-default-executor-5] INFO  server.RaftServer$Division (ServerState.java:setRaftConf(386)) - s3@group-64B60AA06307: set configuration conf: {index: 0, cur=peers:[s0|localhost:15012, s1|localhost:15016, s2|localhost:15020]|listeners:[], old=null}
2024-09-29 22:58:00,898 [grpc-default-executor-5] TRACE util.FileUtils (LogUtils.java:supplyAndLog(69)) - Successfully supplied FileChannel.open /home/runner/work/ratis/ratis/ratis-test/target/test/data/f7ba0e94/MiniRaftClusterWithGrpcf830cfe0/s3/98f49a44-d84f-4a2d-a14b-64b60aa06307/current/raft-meta.conf.tmp with options [CREATE, WRITE]: sun.nio.ch.FileChannelImpl@303789a2
2024-09-29 22:58:00,898 [grpc-default-executor-3] TRACE util.FileUtils (LogUtils.java:runAndLog(49)) - Successfully ran Atomic Files.move /home/runner/work/ratis/ratis/ratis-test/target/test/data/f7ba0e94/MiniRaftClusterWithGrpcf830cfe0/s4/98f49a44-d84f-4a2d-a14b-64b60aa06307/current/raft-meta.tmp to /home/runner/work/ratis/ratis/ratis-test/target/test/data/f7ba0e94/MiniRaftClusterWithGrpcf830cfe0/s4/98f49a44-d84f-4a2d-a14b-64b60aa06307/current/raft-meta with options [REPLACE_EXISTING]
2024-09-29 22:58:00,898 [grpc-default-executor-3] INFO  server.RaftServer$Division (RaftServerImpl.java:setFirstElection(559)) - s4@group-64B60AA06307: set firstElectionSinceStartup to false for installSnapshot
2024-09-29 22:58:00,899 [grpc-default-executor-3] INFO  server.RaftServer$Division (ServerState.java:setLeader(272)) - s4@group-64B60AA06307: change Leader from null to s2 at term 1 for installSnapshot, leader elected after 63ms
2024-09-29 22:58:00,899 [grpc-default-executor-3] TRACE util.FileUtils (LogUtils.java:runAndLog(49)) - Successfully ran Files.createDirectories /tmp/ratis-tests/statemachine/s4/tmp/snapshot-183776a2-eda6-40d7-9185-127795f3045f
2024-09-29 22:58:00,899 [grpc-default-executor-3] INFO  storage.SnapshotManager (SnapshotManager.java:installSnapshot(111)) - Installing snapshot:s2->s4#0-t1,chunk:183776a2-eda6-40d7-9185-127795f3045f,0, to tmp dir:/tmp/ratis-tests/statemachine/s4/tmp/snapshot-183776a2-eda6-40d7-9185-127795f3045f
2024-09-29 22:58:00,899 [grpc-default-executor-3] TRACE util.FileUtils (LogUtils.java:runAndLog(49)) - Successfully ran Files.createDirectories /tmp/ratis-tests/statemachine/s4/tmp/snapshot-183776a2-eda6-40d7-9185-127795f3045f/1_255
2024-09-29 22:58:00,899 [grpc-default-executor-3] TRACE util.FileUtils (LogUtils.java:supplyAndLog(69)) - Successfully supplied FileChannel.open /tmp/ratis-tests/statemachine/s4/tmp/snapshot-183776a2-eda6-40d7-9185-127795f3045f/1_255/vegetable with options [WRITE, CREATE]: sun.nio.ch.FileChannelImpl@760abd78
2024-09-29 22:58:00,899 [grpc-default-executor-3] TRACE util.FileUtils (LogUtils.java:supplyAndLog(69)) - Successfully supplied FileChannel.open /tmp/ratis-tests/statemachine/s4/tmp/snapshot-183776a2-eda6-40d7-9185-127795f3045f/1_255/vegetable.md5.tmp with options [CREATE, WRITE]: sun.nio.ch.FileChannelImpl@1bb7dbc7
2024-09-29 22:58:00,900 [grpc-default-executor-5] TRACE util.FileUtils (LogUtils.java:runAndLog(49)) - Successfully ran Atomic Files.move /home/runner/work/ratis/ratis/ratis-test/target/test/data/f7ba0e94/MiniRaftClusterWithGrpcf830cfe0/s3/98f49a44-d84f-4a2d-a14b-64b60aa06307/current/raft-meta.conf.tmp to /home/runner/work/ratis/ratis/ratis-test/target/test/data/f7ba0e94/MiniRaftClusterWithGrpcf830cfe0/s3/98f49a44-d84f-4a2d-a14b-64b60aa06307/current/raft-meta.conf with options [REPLACE_EXISTING]
2024-09-29 22:58:00,900 [grpc-default-executor-5] INFO  impl.SnapshotInstallationHandler (SnapshotInstallationHandler.java:installSnapshot(105)) - s3@group-64B60AA06307: reply installSnapshot: s2<-s3#0:OK-t0,SUCCESS,requestIndex=0
2024-09-29 22:58:00,901 [grpc-default-executor-3] TRACE util.FileUtils (LogUtils.java:runAndLog(49)) - Successfully ran Atomic Files.move /tmp/ratis-tests/statemachine/s4/tmp/snapshot-183776a2-eda6-40d7-9185-127795f3045f/1_255/vegetable.md5.tmp to /tmp/ratis-tests/statemachine/s4/tmp/snapshot-183776a2-eda6-40d7-9185-127795f3045f/1_255/vegetable.md5 with options [REPLACE_EXISTING]
2024-09-29 22:58:00,901 [grpc-default-executor-5] INFO  impl.SnapshotInstallationHandler (SnapshotInstallationHandler.java:installSnapshot(94)) - s3@group-64B60AA06307: receive installSnapshot: s2->s3#0-t1,chunk:dfa944b7-7f22-4ade-a8d9-a71ac1a25642,1
2024-09-29 22:58:00,901 [grpc-default-executor-5] TRACE util.FileUtils (LogUtils.java:runAndLog(49)) - Successfully ran Files.createDirectories /tmp/ratis-tests/statemachine/s3/tmp/snapshot-dfa944b7-7f22-4ade-a8d9-a71ac1a25642
2024-09-29 22:58:00,901 [grpc-default-executor-5] INFO  storage.SnapshotManager (SnapshotManager.java:installSnapshot(111)) - Installing snapshot:s2->s3#0-t1,chunk:dfa944b7-7f22-4ade-a8d9-a71ac1a25642,1, to tmp dir:/tmp/ratis-tests/statemachine/s3/tmp/snapshot-dfa944b7-7f22-4ade-a8d9-a71ac1a25642
2024-09-29 22:58:00,901 [grpc-default-executor-6] INFO  server.GrpcLogAppender (GrpcLogAppender.java:onNext(664)) - s2@group-64B60AA06307->s3-InstallSnapshotResponseHandler: received the first reply s2<-s3#0:OK-t0,SUCCESS,requestIndex=0
2024-09-29 22:58:00,902 [grpc-default-executor-5] TRACE util.FileUtils (LogUtils.java:runAndLog(49)) - Successfully ran Files.createDirectories /tmp/ratis-tests/statemachine/s3/tmp/snapshot-dfa944b7-7f22-4ade-a8d9-a71ac1a25642/1_255
2024-09-29 22:58:00,902 [grpc-default-executor-6] INFO  server.GrpcLogAppender (GrpcLogAppender.java:onNext(675)) - s2@group-64B60AA06307->s3-InstallSnapshotResponseHandler: Completed InstallSnapshot. Reply: serverReply {
  requestorId: "s2"
  replyId: "s3"
  raftGroupId {
    id: "\230\364\232D\330OJ-\241Kd\266\n\240c\a"
  }
  success: true
}
requestIndex: 0

2024-09-29 22:58:00,902 [grpc-default-executor-5] TRACE util.FileUtils (LogUtils.java:supplyAndLog(69)) - Successfully supplied FileChannel.open /tmp/ratis-tests/statemachine/s3/tmp/snapshot-dfa944b7-7f22-4ade-a8d9-a71ac1a25642/1_255/loves with options [WRITE, CREATE]: sun.nio.ch.FileChannelImpl@d07170
2024-09-29 22:58:00,902 [grpc-default-executor-5] TRACE util.FileUtils (LogUtils.java:supplyAndLog(69)) - Successfully supplied FileChannel.open /tmp/ratis-tests/statemachine/s3/tmp/snapshot-dfa944b7-7f22-4ade-a8d9-a71ac1a25642/1_255/loves.md5.tmp with options [CREATE, WRITE]: sun.nio.ch.FileChannelImpl@65c30a15
2024-09-29 22:58:00,903 [grpc-default-executor-5] TRACE util.FileUtils (LogUtils.java:runAndLog(49)) - Successfully ran Atomic Files.move /tmp/ratis-tests/statemachine/s3/tmp/snapshot-dfa944b7-7f22-4ade-a8d9-a71ac1a25642/1_255/loves.md5.tmp to /tmp/ratis-tests/statemachine/s3/tmp/snapshot-dfa944b7-7f22-4ade-a8d9-a71ac1a25642/1_255/loves.md5 with options [REPLACE_EXISTING]
2024-09-29 22:58:00,903 [grpc-default-executor-3] INFO  impl.SnapshotInstallationHandler (SnapshotInstallationHandler.java:installSnapshotImpl(140)) - s4@group-64B60AA06307: set new configuration configurationEntry {
  peers {
    id: "s0"
    address: "localhost:15012"
    dataStreamAddress: "localhost:15015"
    clientAddress: "localhost:15014"
    adminAddress: "localhost:15013"
    startupRole: FOLLOWER
  }
  peers {
    id: "s1"
    address: "localhost:15016"
    dataStreamAddress: "localhost:15019"
    clientAddress: "localhost:15018"
    adminAddress: "localhost:15017"
    startupRole: FOLLOWER
  }
  peers {
    id: "s2"
    address: "localhost:15020"
    dataStreamAddress: "localhost:15023"
    clientAddress: "localhost:15022"
    adminAddress: "localhost:15021"
    startupRole: FOLLOWER
  }
}
 from snapshot
2024-09-29 22:58:00,903 [grpc-default-executor-3] INFO  server.RaftServer$Division (ServerState.java:setRaftConf(386)) - s4@group-64B60AA06307: set configuration conf: {index: 0, cur=peers:[s0|localhost:15012, s1|localhost:15016, s2|localhost:15020]|listeners:[], old=null}
2024-09-29 22:58:00,903 [grpc-default-executor-3] TRACE util.FileUtils (LogUtils.java:supplyAndLog(69)) - Successfully supplied FileChannel.open /home/runner/work/ratis/ratis/ratis-test/target/test/data/f7ba0e94/MiniRaftClusterWithGrpcf830cfe0/s4/98f49a44-d84f-4a2d-a14b-64b60aa06307/current/raft-meta.conf.tmp with options [CREATE, WRITE]: sun.nio.ch.FileChannelImpl@6a0c35dd
2024-09-29 22:58:00,902 [grpc-default-executor-6] INFO  leader.FollowerInfo (FollowerInfoImpl.java:setAttemptedToInstallSnapshot(154)) - Follower s2@group-64B60AA06307->s3 acknowledged installing snapshot
2024-09-29 22:58:00,903 [grpc-default-executor-5] INFO  impl.SnapshotInstallationHandler (SnapshotInstallationHandler.java:installSnapshotImpl(140)) - s3@group-64B60AA06307: set new configuration configurationEntry {
  peers {
    id: "s0"
    address: "localhost:15012"
    dataStreamAddress: "localhost:15015"
    clientAddress: "localhost:15014"
    adminAddress: "localhost:15013"
    startupRole: FOLLOWER
  }
  peers {
    id: "s1"
    address: "localhost:15016"
    dataStreamAddress: "localhost:15019"
    clientAddress: "localhost:15018"
    adminAddress: "localhost:15017"
    startupRole: FOLLOWER
  }
  peers {
    id: "s2"
    address: "localhost:15020"
    dataStreamAddress: "localhost:15023"
    clientAddress: "localhost:15022"
    adminAddress: "localhost:15021"
    startupRole: FOLLOWER
  }
}
 from snapshot
2024-09-29 22:58:00,905 [grpc-default-executor-5] INFO  server.RaftServer$Division (ServerState.java:setRaftConf(386)) - s3@group-64B60AA06307: set configuration conf: {index: 0, cur=peers:[s0|localhost:15012, s1|localhost:15016, s2|localhost:15020]|listeners:[], old=null}
2024-09-29 22:58:00,905 [grpc-default-executor-5] TRACE util.FileUtils (LogUtils.java:supplyAndLog(69)) - Successfully supplied FileChannel.open /home/runner/work/ratis/ratis/ratis-test/target/test/data/f7ba0e94/MiniRaftClusterWithGrpcf830cfe0/s3/98f49a44-d84f-4a2d-a14b-64b60aa06307/current/raft-meta.conf.tmp with options [CREATE, WRITE]: sun.nio.ch.FileChannelImpl@69b5e596
2024-09-29 22:58:00,905 [grpc-default-executor-3] TRACE util.FileUtils (LogUtils.java:runAndLog(49)) - Successfully ran Atomic Files.move /home/runner/work/ratis/ratis/ratis-test/target/test/data/f7ba0e94/MiniRaftClusterWithGrpcf830cfe0/s4/98f49a44-d84f-4a2d-a14b-64b60aa06307/current/raft-meta.conf.tmp to /home/runner/work/ratis/ratis/ratis-test/target/test/data/f7ba0e94/MiniRaftClusterWithGrpcf830cfe0/s4/98f49a44-d84f-4a2d-a14b-64b60aa06307/current/raft-meta.conf with options [REPLACE_EXISTING]
2024-09-29 22:58:00,905 [grpc-default-executor-3] INFO  impl.SnapshotInstallationHandler (SnapshotInstallationHandler.java:installSnapshot(105)) - s4@group-64B60AA06307: reply installSnapshot: s2<-s4#0:OK-t0,SUCCESS,requestIndex=0
2024-09-29 22:58:00,906 [grpc-default-executor-6] INFO  server.GrpcLogAppender (GrpcLogAppender.java:onNext(664)) - s2@group-64B60AA06307->s4-InstallSnapshotResponseHandler: received the first reply s2<-s4#0:OK-t0,SUCCESS,requestIndex=0
2024-09-29 22:58:00,906 [grpc-default-executor-3] INFO  impl.SnapshotInstallationHandler (SnapshotInstallationHandler.java:installSnapshot(94)) - s4@group-64B60AA06307: receive installSnapshot: s2->s4#0-t1,chunk:183776a2-eda6-40d7-9185-127795f3045f,1
2024-09-29 22:58:00,906 [grpc-default-executor-3] TRACE util.FileUtils (LogUtils.java:runAndLog(49)) - Successfully ran Files.createDirectories /tmp/ratis-tests/statemachine/s4/tmp/snapshot-183776a2-eda6-40d7-9185-127795f3045f
2024-09-29 22:58:00,906 [grpc-default-executor-6] INFO  server.GrpcLogAppender (GrpcLogAppender.java:onNext(675)) - s2@group-64B60AA06307->s4-InstallSnapshotResponseHandler: Completed InstallSnapshot. Reply: serverReply {
  requestorId: "s2"
  replyId: "s4"
  raftGroupId {
    id: "\230\364\232D\330OJ-\241Kd\266\n\240c\a"
  }
  success: true
}
requestIndex: 0

2024-09-29 22:58:00,907 [grpc-default-executor-6] INFO  leader.FollowerInfo (FollowerInfoImpl.java:setAttemptedToInstallSnapshot(154)) - Follower s2@group-64B60AA06307->s4 acknowledged installing snapshot
2024-09-29 22:58:00,906 [grpc-default-executor-3] INFO  storage.SnapshotManager (SnapshotManager.java:installSnapshot(111)) - Installing snapshot:s2->s4#0-t1,chunk:183776a2-eda6-40d7-9185-127795f3045f,1, to tmp dir:/tmp/ratis-tests/statemachine/s4/tmp/snapshot-183776a2-eda6-40d7-9185-127795f3045f
2024-09-29 22:58:00,907 [grpc-default-executor-5] TRACE util.FileUtils (LogUtils.java:runAndLog(49)) - Successfully ran Atomic Files.move /home/runner/work/ratis/ratis/ratis-test/target/test/data/f7ba0e94/MiniRaftClusterWithGrpcf830cfe0/s3/98f49a44-d84f-4a2d-a14b-64b60aa06307/current/raft-meta.conf.tmp to /home/runner/work/ratis/ratis/ratis-test/target/test/data/f7ba0e94/MiniRaftClusterWithGrpcf830cfe0/s3/98f49a44-d84f-4a2d-a14b-64b60aa06307/current/raft-meta.conf with options [REPLACE_EXISTING]
2024-09-29 22:58:00,907 [grpc-default-executor-5] INFO  impl.SnapshotInstallationHandler (SnapshotInstallationHandler.java:installSnapshot(105)) - s3@group-64B60AA06307: reply installSnapshot: s2<-s3#0:OK-t1,SUCCESS,requestIndex=1
2024-09-29 22:58:00,907 [grpc-default-executor-3] TRACE util.FileUtils (LogUtils.java:runAndLog(49)) - Successfully ran Files.createDirectories /tmp/ratis-tests/statemachine/s4/tmp/snapshot-183776a2-eda6-40d7-9185-127795f3045f/1_255
2024-09-29 22:58:00,908 [grpc-default-executor-3] TRACE util.FileUtils (LogUtils.java:supplyAndLog(69)) - Successfully supplied FileChannel.open /tmp/ratis-tests/statemachine/s4/tmp/snapshot-183776a2-eda6-40d7-9185-127795f3045f/1_255/loves with options [WRITE, CREATE]: sun.nio.ch.FileChannelImpl@72c638c6
2024-09-29 22:58:00,908 [grpc-default-executor-5] INFO  impl.SnapshotInstallationHandler (SnapshotInstallationHandler.java:installSnapshot(94)) - s3@group-64B60AA06307: receive installSnapshot: s2->s3#0-t1,chunk:dfa944b7-7f22-4ade-a8d9-a71ac1a25642,2
2024-09-29 22:58:00,908 [grpc-default-executor-5] TRACE util.FileUtils (LogUtils.java:runAndLog(49)) - Successfully ran Files.createDirectories /tmp/ratis-tests/statemachine/s3/tmp/snapshot-dfa944b7-7f22-4ade-a8d9-a71ac1a25642
2024-09-29 22:58:00,908 [grpc-default-executor-5] INFO  storage.SnapshotManager (SnapshotManager.java:installSnapshot(111)) - Installing snapshot:s2->s3#0-t1,chunk:dfa944b7-7f22-4ade-a8d9-a71ac1a25642,2, to tmp dir:/tmp/ratis-tests/statemachine/s3/tmp/snapshot-dfa944b7-7f22-4ade-a8d9-a71ac1a25642
2024-09-29 22:58:00,908 [grpc-default-executor-5] TRACE util.FileUtils (LogUtils.java:runAndLog(49)) - Successfully ran Files.createDirectories /tmp/ratis-tests/statemachine/s3/tmp/snapshot-dfa944b7-7f22-4ade-a8d9-a71ac1a25642/1_255
2024-09-29 22:58:00,908 [grpc-default-executor-5] TRACE util.FileUtils (LogUtils.java:supplyAndLog(69)) - Successfully supplied FileChannel.open /tmp/ratis-tests/statemachine/s3/tmp/snapshot-dfa944b7-7f22-4ade-a8d9-a71ac1a25642/1_255/deer with options [WRITE, CREATE]: sun.nio.ch.FileChannelImpl@49419d31
2024-09-29 22:58:00,909 [grpc-default-executor-5] TRACE util.FileUtils (LogUtils.java:supplyAndLog(69)) - Successfully supplied FileChannel.open /tmp/ratis-tests/statemachine/s3/tmp/snapshot-dfa944b7-7f22-4ade-a8d9-a71ac1a25642/1_255/deer.md5.tmp with options [CREATE, WRITE]: sun.nio.ch.FileChannelImpl@34afb5ae
2024-09-29 22:58:00,909 [grpc-default-executor-5] TRACE util.FileUtils (LogUtils.java:runAndLog(49)) - Successfully ran Atomic Files.move /tmp/ratis-tests/statemachine/s3/tmp/snapshot-dfa944b7-7f22-4ade-a8d9-a71ac1a25642/1_255/deer.md5.tmp to /tmp/ratis-tests/statemachine/s3/tmp/snapshot-dfa944b7-7f22-4ade-a8d9-a71ac1a25642/1_255/deer.md5 with options [REPLACE_EXISTING]
2024-09-29 22:58:00,908 [grpc-default-executor-3] TRACE util.FileUtils (LogUtils.java:supplyAndLog(69)) - Successfully supplied FileChannel.open /tmp/ratis-tests/statemachine/s4/tmp/snapshot-183776a2-eda6-40d7-9185-127795f3045f/1_255/loves.md5.tmp with options [CREATE, WRITE]: sun.nio.ch.FileChannelImpl@570abcba
2024-09-29 22:58:00,910 [grpc-default-executor-5] INFO  storage.SnapshotManager (SnapshotManager.java:rename(174)) - Installed snapshot, renaming temporary dir /tmp/ratis-tests/statemachine/s3/tmp/snapshot-dfa944b7-7f22-4ade-a8d9-a71ac1a25642 to /tmp/ratis-tests/statemachine/s3/snapshot
2024-09-29 22:58:00,910 [grpc-default-executor-5] TRACE util.FileUtils (LogUtils.java:runAndLog(49)) - Successfully ran Atomic Files.move /tmp/ratis-tests/statemachine/s3/snapshot to /tmp/ratis-tests/statemachine/s3/snapshot.tmp20240929-225800_910
2024-09-29 22:58:00,910 [grpc-default-executor-6] INFO  server.GrpcLogAppender (GrpcLogAppender.java:onNext(664)) - s2@group-64B60AA06307->s3-InstallSnapshotResponseHandler: received a reply s2<-s3#0:OK-t1,SUCCESS,requestIndex=1
2024-09-29 22:58:00,910 [grpc-default-executor-5] TRACE util.FileUtils (LogUtils.java:runAndLog(49)) - Successfully ran Atomic Files.move /tmp/ratis-tests/statemachine/s3/tmp/snapshot-dfa944b7-7f22-4ade-a8d9-a71ac1a25642 to /tmp/ratis-tests/statemachine/s3/snapshot
2024-09-29 22:58:00,910 [grpc-default-executor-5] TRACE util.FileUtils (FileUtils.java:deleteFully(305)) - deleteFully /tmp/ratis-tests/statemachine/s3/snapshot.tmp20240929-225800_910
2024-09-29 22:58:00,911 [grpc-default-executor-5] TRACE util.FileUtils (LogUtils.java:runAndLog(49)) - Successfully ran Files.delete /tmp/ratis-tests/statemachine/s3/snapshot.tmp20240929-225800_910
2024-09-29 22:58:00,911 [grpc-default-executor-5] INFO  raftlog.RaftLog (RaftLogBase.java:lambda$new$0(57)) - s3@group-64B60AA06307-SegmentedRaftLog: snapshotIndex: updateIncreasingly -1 -> 255
2024-09-29 22:58:00,911 [grpc-default-executor-5] INFO  segmented.SegmentedRaftLogWorker (SegmentedRaftLogWorker.java:lambda$new$0(138)) - s3@group-64B60AA06307-SegmentedRaftLogWorker: flushIndex: setUnconditionally -1 -> 255
2024-09-29 22:58:00,911 [grpc-default-executor-5] INFO  segmented.SegmentedRaftLogWorker (SegmentedRaftLogWorker.java:lambda$new$0(138)) - s3@group-64B60AA06307-SegmentedRaftLogWorker: safeCacheEvictIndex: setUnconditionally -1 -> 255
2024-09-29 22:58:00,910 [grpc-default-executor-6] INFO  server.GrpcLogAppender (GrpcLogAppender.java:onNext(675)) - s2@group-64B60AA06307->s3-InstallSnapshotResponseHandler: Completed InstallSnapshot. Reply: serverReply {
  requestorId: "s2"
  replyId: "s3"
  raftGroupId {
    id: "\230\364\232D\330OJ-\241Kd\266\n\240c\a"
  }
  success: true
}
term: 1
requestIndex: 1

2024-09-29 22:58:00,911 [s3@group-64B60AA06307-StateMachineUpdater] INFO  impl.SimpleStateMachine4Testing (SimpleStateMachine4Testing.java:reinitialize(238)) - Reinitializing StateMachineWithSeparatedSnapshotPath:s3:group-64B60AA06307
2024-09-29 22:58:00,911 [grpc-default-executor-5] INFO  raftlog.RaftLog (RaftLogBase.java:lambda$new$0(57)) - s3@group-64B60AA06307-SegmentedRaftLog: purgeIndex: updateToMax old=-1, new=255, updated? true
2024-09-29 22:58:00,911 [grpc-default-executor-5] INFO  impl.SnapshotInstallationHandler (SnapshotInstallationHandler.java:checkAndInstallSnapshot(207)) - s3@group-64B60AA06307: successfully install the entire snapshot-255
2024-09-29 22:58:00,911 [grpc-default-executor-3] TRACE util.FileUtils (LogUtils.java:runAndLog(49)) - Successfully ran Atomic Files.move /tmp/ratis-tests/statemachine/s4/tmp/snapshot-183776a2-eda6-40d7-9185-127795f3045f/1_255/loves.md5.tmp to /tmp/ratis-tests/statemachine/s4/tmp/snapshot-183776a2-eda6-40d7-9185-127795f3045f/1_255/loves.md5 with options [REPLACE_EXISTING]
2024-09-29 22:58:00,912 [grpc-default-executor-5] INFO  impl.SnapshotInstallationHandler (SnapshotInstallationHandler.java:installSnapshotImpl(140)) - s3@group-64B60AA06307: set new configuration configurationEntry {
  peers {
    id: "s0"
    address: "localhost:15012"
    dataStreamAddress: "localhost:15015"
    clientAddress: "localhost:15014"
    adminAddress: "localhost:15013"
    startupRole: FOLLOWER
  }
  peers {
    id: "s1"
    address: "localhost:15016"
    dataStreamAddress: "localhost:15019"
    clientAddress: "localhost:15018"
    adminAddress: "localhost:15017"
    startupRole: FOLLOWER
  }
  peers {
    id: "s2"
    address: "localhost:15020"
    dataStreamAddress: "localhost:15023"
    clientAddress: "localhost:15022"
    adminAddress: "localhost:15021"
    startupRole: FOLLOWER
  }
}
 from snapshot
2024-09-29 22:58:00,912 [grpc-default-executor-5] INFO  server.RaftServer$Division (ServerState.java:setRaftConf(386)) - s3@group-64B60AA06307: set configuration conf: {index: 0, cur=peers:[s0|localhost:15012, s1|localhost:15016, s2|localhost:15020]|listeners:[], old=null}
2024-09-29 22:58:00,912 [grpc-default-executor-5] TRACE util.FileUtils (LogUtils.java:supplyAndLog(69)) - Successfully supplied FileChannel.open /home/runner/work/ratis/ratis/ratis-test/target/test/data/f7ba0e94/MiniRaftClusterWithGrpcf830cfe0/s3/98f49a44-d84f-4a2d-a14b-64b60aa06307/current/raft-meta.conf.tmp with options [CREATE, WRITE]: sun.nio.ch.FileChannelImpl@72f06ff8
2024-09-29 22:58:00,911 [grpc-default-executor-6] INFO  leader.FollowerInfo (FollowerInfoImpl.java:setAttemptedToInstallSnapshot(154)) - Follower s2@group-64B60AA06307->s3 acknowledged installing snapshot
2024-09-29 22:58:00,911 [s3@group-64B60AA06307-StateMachineUpdater] INFO  impl.SimpleStateMachine4Testing (SimpleStateMachine4Testing.java:loadSnapshot(300)) - Loading snapshot null
2024-09-29 22:58:00,913 [s3@group-64B60AA06307-StateMachineUpdater] INFO  impl.StateMachineUpdater (StateMachineUpdater.java:lambda$new$0(102)) - s3@group-64B60AA06307-StateMachineUpdater: snapshotIndex: setUnconditionally -1 -> 255
2024-09-29 22:58:00,913 [s3@group-64B60AA06307-StateMachineUpdater] INFO  impl.StateMachineUpdater (StateMachineUpdater.java:lambda$new$0(102)) - s3@group-64B60AA06307-StateMachineUpdater: appliedIndex: setUnconditionally -1 -> 255
2024-09-29 22:58:00,912 [grpc-default-executor-3] INFO  impl.SnapshotInstallationHandler (SnapshotInstallationHandler.java:installSnapshotImpl(140)) - s4@group-64B60AA06307: set new configuration configurationEntry {
  peers {
    id: "s0"
    address: "localhost:15012"
    dataStreamAddress: "localhost:15015"
    clientAddress: "localhost:15014"
    adminAddress: "localhost:15013"
    startupRole: FOLLOWER
  }
  peers {
    id: "s1"
    address: "localhost:15016"
    dataStreamAddress: "localhost:15019"
    clientAddress: "localhost:15018"
    adminAddress: "localhost:15017"
    startupRole: FOLLOWER
  }
  peers {
    id: "s2"
    address: "localhost:15020"
    dataStreamAddress: "localhost:15023"
    clientAddress: "localhost:15022"
    adminAddress: "localhost:15021"
    startupRole: FOLLOWER
  }
}
 from snapshot
2024-09-29 22:58:00,917 [grpc-default-executor-3] INFO  server.RaftServer$Division (ServerState.java:setRaftConf(386)) - s4@group-64B60AA06307: set configuration conf: {index: 0, cur=peers:[s0|localhost:15012, s1|localhost:15016, s2|localhost:15020]|listeners:[], old=null}
2024-09-29 22:58:00,917 [grpc-default-executor-5] TRACE util.FileUtils (LogUtils.java:runAndLog(49)) - Successfully ran Atomic Files.move /home/runner/work/ratis/ratis/ratis-test/target/test/data/f7ba0e94/MiniRaftClusterWithGrpcf830cfe0/s3/98f49a44-d84f-4a2d-a14b-64b60aa06307/current/raft-meta.conf.tmp to /home/runner/work/ratis/ratis/ratis-test/target/test/data/f7ba0e94/MiniRaftClusterWithGrpcf830cfe0/s3/98f49a44-d84f-4a2d-a14b-64b60aa06307/current/raft-meta.conf with options [REPLACE_EXISTING]
2024-09-29 22:58:00,917 [grpc-default-executor-5] INFO  impl.SnapshotInstallationHandler (SnapshotInstallationHandler.java:installSnapshot(105)) - s3@group-64B60AA06307: reply installSnapshot: s2<-s3#0:OK-t1,SUCCESS,requestIndex=2
2024-09-29 22:58:00,917 [grpc-default-executor-3] TRACE util.FileUtils (LogUtils.java:supplyAndLog(69)) - Successfully supplied FileChannel.open /home/runner/work/ratis/ratis/ratis-test/target/test/data/f7ba0e94/MiniRaftClusterWithGrpcf830cfe0/s4/98f49a44-d84f-4a2d-a14b-64b60aa06307/current/raft-meta.conf.tmp with options [CREATE, WRITE]: sun.nio.ch.FileChannelImpl@5ca3d95b
2024-09-29 22:58:00,919 [grpc-default-executor-5] INFO  server.GrpcServerProtocolService (GrpcServerProtocolService.java:onCompleted(200)) - s3: Completed INSTALL_SNAPSHOT, lastRequest: s2->s3#0-t1,chunk:dfa944b7-7f22-4ade-a8d9-a71ac1a25642,2
2024-09-29 22:58:00,919 [grpc-default-executor-3] TRACE util.FileUtils (LogUtils.java:runAndLog(49)) - Successfully ran Atomic Files.move /home/runner/work/ratis/ratis/ratis-test/target/test/data/f7ba0e94/MiniRaftClusterWithGrpcf830cfe0/s4/98f49a44-d84f-4a2d-a14b-64b60aa06307/current/raft-meta.conf.tmp to /home/runner/work/ratis/ratis/ratis-test/target/test/data/f7ba0e94/MiniRaftClusterWithGrpcf830cfe0/s4/98f49a44-d84f-4a2d-a14b-64b60aa06307/current/raft-meta.conf with options [REPLACE_EXISTING]
2024-09-29 22:58:00,919 [grpc-default-executor-3] INFO  impl.SnapshotInstallationHandler (SnapshotInstallationHandler.java:installSnapshot(105)) - s4@group-64B60AA06307: reply installSnapshot: s2<-s4#0:OK-t1,SUCCESS,requestIndex=1
2024-09-29 22:58:00,921 [grpc-default-executor-5] INFO  server.GrpcServerProtocolService (GrpcServerProtocolService.java:lambda$onCompleted$7(202)) - s3: Completed INSTALL_SNAPSHOT, lastReply: null
2024-09-29 22:58:00,921 [grpc-default-executor-4] INFO  server.GrpcLogAppender (GrpcLogAppender.java:onNext(664)) - s2@group-64B60AA06307->s4-InstallSnapshotResponseHandler: received a reply s2<-s4#0:OK-t1,SUCCESS,requestIndex=1
2024-09-29 22:58:00,921 [grpc-default-executor-4] INFO  server.GrpcLogAppender (GrpcLogAppender.java:onNext(675)) - s2@group-64B60AA06307->s4-InstallSnapshotResponseHandler: Completed InstallSnapshot. Reply: serverReply {
  requestorId: "s2"
  replyId: "s4"
  raftGroupId {
    id: "\230\364\232D\330OJ-\241Kd\266\n\240c\a"
  }
  success: true
}
term: 1
requestIndex: 1

2024-09-29 22:58:00,921 [grpc-default-executor-4] INFO  leader.FollowerInfo (FollowerInfoImpl.java:setAttemptedToInstallSnapshot(154)) - Follower s2@group-64B60AA06307->s4 acknowledged installing snapshot
2024-09-29 22:58:00,921 [grpc-default-executor-6] INFO  server.GrpcLogAppender (GrpcLogAppender.java:onNext(664)) - s2@group-64B60AA06307->s3-InstallSnapshotResponseHandler: received a reply s2<-s3#0:OK-t1,SUCCESS,requestIndex=2
2024-09-29 22:58:00,921 [grpc-default-executor-6] INFO  server.GrpcLogAppender (GrpcLogAppender.java:onNext(675)) - s2@group-64B60AA06307->s3-InstallSnapshotResponseHandler: Completed InstallSnapshot. Reply: serverReply {
  requestorId: "s2"
  replyId: "s3"
  raftGroupId {
    id: "\230\364\232D\330OJ-\241Kd\266\n\240c\a"
  }
  success: true
}
term: 1
requestIndex: 2

2024-09-29 22:58:00,922 [grpc-default-executor-6] INFO  leader.FollowerInfo (FollowerInfoImpl.java:setAttemptedToInstallSnapshot(154)) - Follower s2@group-64B60AA06307->s3 acknowledged installing snapshot
2024-09-29 22:58:00,922 [grpc-default-executor-6] INFO  server.GrpcLogAppender (GrpcLogAppender.java:onCompleted(740)) - s2@group-64B60AA06307->s3-InstallSnapshotResponseHandler: follower responded installSnapshot COMPLETED
2024-09-29 22:58:00,922 [grpc-default-executor-3] INFO  impl.SnapshotInstallationHandler (SnapshotInstallationHandler.java:installSnapshot(94)) - s4@group-64B60AA06307: receive installSnapshot: s2->s4#0-t1,chunk:183776a2-eda6-40d7-9185-127795f3045f,2
2024-09-29 22:58:00,922 [s2@group-64B60AA06307->s3-GrpcLogAppender-LogAppenderDaemon] INFO  leader.FollowerInfo (FollowerInfoImpl.java:info(64)) - s2@group-64B60AA06307->s3: snapshotIndex: setUnconditionally 0 -> 255
2024-09-29 22:58:00,922 [s2@group-64B60AA06307->s3-GrpcLogAppender-LogAppenderDaemon] INFO  leader.FollowerInfo (FollowerInfoImpl.java:info(64)) - s2@group-64B60AA06307->s3: matchIndex: setUnconditionally -1 -> 255
2024-09-29 22:58:00,922 [grpc-default-executor-3] TRACE util.FileUtils (LogUtils.java:runAndLog(49)) - Successfully ran Files.createDirectories /tmp/ratis-tests/statemachine/s4/tmp/snapshot-183776a2-eda6-40d7-9185-127795f3045f
2024-09-29 22:58:00,922 [s2@group-64B60AA06307->s3-GrpcLogAppender-LogAppenderDaemon] INFO  leader.FollowerInfo (FollowerInfoImpl.java:info(64)) - s2@group-64B60AA06307->s3: nextIndex: setUnconditionally 0 -> 256
2024-09-29 22:58:00,922 [s2@group-64B60AA06307->s3-GrpcLogAppender-LogAppenderDaemon] INFO  server.GrpcLogAppender (GrpcLogAppender.java:installSnapshot(789)) - s2@group-64B60AA06307->s3-GrpcLogAppender: installed snapshot FileListSnapshotInfo(t:1, i:255):[/tmp/ratis-tests/statemachine/s2/snapshot/1_255/vegetable, /tmp/ratis-tests/statemachine/s2/snapshot/1_255/loves, /tmp/ratis-tests/statemachine/s2/snapshot/1_255/deer] successfully
2024-09-29 22:58:00,922 [grpc-default-executor-3] INFO  storage.SnapshotManager (SnapshotManager.java:installSnapshot(111)) - Installing snapshot:s2->s4#0-t1,chunk:183776a2-eda6-40d7-9185-127795f3045f,2, to tmp dir:/tmp/ratis-tests/statemachine/s4/tmp/snapshot-183776a2-eda6-40d7-9185-127795f3045f
2024-09-29 22:58:00,923 [grpc-default-executor-3] TRACE util.FileUtils (LogUtils.java:runAndLog(49)) - Successfully ran Files.createDirectories /tmp/ratis-tests/statemachine/s4/tmp/snapshot-183776a2-eda6-40d7-9185-127795f3045f/1_255
2024-09-29 22:58:00,923 [grpc-default-executor-3] TRACE util.FileUtils (LogUtils.java:supplyAndLog(69)) - Successfully supplied FileChannel.open /tmp/ratis-tests/statemachine/s4/tmp/snapshot-183776a2-eda6-40d7-9185-127795f3045f/1_255/deer with options [WRITE, CREATE]: sun.nio.ch.FileChannelImpl@6b679ad0
2024-09-29 22:58:00,923 [grpc-default-executor-3] TRACE util.FileUtils (LogUtils.java:supplyAndLog(69)) - Successfully supplied FileChannel.open /tmp/ratis-tests/statemachine/s4/tmp/snapshot-183776a2-eda6-40d7-9185-127795f3045f/1_255/deer.md5.tmp with options [CREATE, WRITE]: sun.nio.ch.FileChannelImpl@690a146a
2024-09-29 22:58:00,925 [grpc-default-executor-3] TRACE util.FileUtils (LogUtils.java:runAndLog(49)) - Successfully ran Atomic Files.move /tmp/ratis-tests/statemachine/s4/tmp/snapshot-183776a2-eda6-40d7-9185-127795f3045f/1_255/deer.md5.tmp to /tmp/ratis-tests/statemachine/s4/tmp/snapshot-183776a2-eda6-40d7-9185-127795f3045f/1_255/deer.md5 with options [REPLACE_EXISTING]
2024-09-29 22:58:00,926 [grpc-default-executor-3] INFO  storage.SnapshotManager (SnapshotManager.java:rename(174)) - Installed snapshot, renaming temporary dir /tmp/ratis-tests/statemachine/s4/tmp/snapshot-183776a2-eda6-40d7-9185-127795f3045f to /tmp/ratis-tests/statemachine/s4/snapshot
2024-09-29 22:58:00,926 [grpc-default-executor-3] TRACE util.FileUtils (LogUtils.java:runAndLog(49)) - Successfully ran Atomic Files.move /tmp/ratis-tests/statemachine/s4/snapshot to /tmp/ratis-tests/statemachine/s4/snapshot.tmp20240929-225800_926
2024-09-29 22:58:00,926 [grpc-default-executor-3] TRACE util.FileUtils (LogUtils.java:runAndLog(49)) - Successfully ran Atomic Files.move /tmp/ratis-tests/statemachine/s4/tmp/snapshot-183776a2-eda6-40d7-9185-127795f3045f to /tmp/ratis-tests/statemachine/s4/snapshot
2024-09-29 22:58:00,926 [grpc-default-executor-3] TRACE util.FileUtils (FileUtils.java:deleteFully(305)) - deleteFully /tmp/ratis-tests/statemachine/s4/snapshot.tmp20240929-225800_926
2024-09-29 22:58:00,926 [grpc-default-executor-3] TRACE util.FileUtils (LogUtils.java:runAndLog(49)) - Successfully ran Files.delete /tmp/ratis-tests/statemachine/s4/snapshot.tmp20240929-225800_926
2024-09-29 22:58:00,928 [s4@group-64B60AA06307-StateMachineUpdater] INFO  impl.SimpleStateMachine4Testing (SimpleStateMachine4Testing.java:reinitialize(238)) - Reinitializing StateMachineWithSeparatedSnapshotPath:s4:group-64B60AA06307
2024-09-29 22:58:00,928 [s4@group-64B60AA06307-StateMachineUpdater] INFO  impl.SimpleStateMachine4Testing (SimpleStateMachine4Testing.java:loadSnapshot(300)) - Loading snapshot null
2024-09-29 22:58:00,928 [s3-server-thread3] INFO  segmented.SegmentedRaftLogWorker (SegmentedRaftLogWorker.java:startLogSegment(438)) - s3@group-64B60AA06307-SegmentedRaftLogWorker: Starting segment from index:256
2024-09-29 22:58:00,928 [s4@group-64B60AA06307-StateMachineUpdater] INFO  impl.StateMachineUpdater (StateMachineUpdater.java:lambda$new$0(102)) - s4@group-64B60AA06307-StateMachineUpdater: snapshotIndex: setUnconditionally -1 -> 255
2024-09-29 22:58:00,928 [s4@group-64B60AA06307-StateMachineUpdater] INFO  impl.StateMachineUpdater (StateMachineUpdater.java:lambda$new$0(102)) - s4@group-64B60AA06307-StateMachineUpdater: appliedIndex: setUnconditionally -1 -> 255
2024-09-29 22:58:00,929 [grpc-default-executor-3] INFO  raftlog.RaftLog (RaftLogBase.java:lambda$new$0(57)) - s4@group-64B60AA06307-SegmentedRaftLog: snapshotIndex: updateIncreasingly -1 -> 255
2024-09-29 22:58:00,929 [grpc-default-executor-3] INFO  segmented.SegmentedRaftLogWorker (SegmentedRaftLogWorker.java:lambda$new$0(138)) - s4@group-64B60AA06307-SegmentedRaftLogWorker: flushIndex: setUnconditionally -1 -> 255
2024-09-29 22:58:00,929 [grpc-default-executor-3] INFO  segmented.SegmentedRaftLogWorker (SegmentedRaftLogWorker.java:lambda$new$0(138)) - s4@group-64B60AA06307-SegmentedRaftLogWorker: safeCacheEvictIndex: setUnconditionally -1 -> 255
2024-09-29 22:58:00,929 [grpc-default-executor-3] INFO  raftlog.RaftLog (RaftLogBase.java:lambda$new$0(57)) - s4@group-64B60AA06307-SegmentedRaftLog: purgeIndex: updateToMax old=-1, new=255, updated? true
2024-09-29 22:58:00,929 [grpc-default-executor-3] INFO  impl.SnapshotInstallationHandler (SnapshotInstallationHandler.java:checkAndInstallSnapshot(207)) - s4@group-64B60AA06307: successfully install the entire snapshot-255
2024-09-29 22:58:00,930 [grpc-default-executor-3] INFO  impl.SnapshotInstallationHandler (SnapshotInstallationHandler.java:installSnapshotImpl(140)) - s4@group-64B60AA06307: set new configuration configurationEntry {
  peers {
    id: "s0"
    address: "localhost:15012"
    dataStreamAddress: "localhost:15015"
    clientAddress: "localhost:15014"
    adminAddress: "localhost:15013"
    startupRole: FOLLOWER
  }
  peers {
    id: "s1"
    address: "localhost:15016"
    dataStreamAddress: "localhost:15019"
    clientAddress: "localhost:15018"
    adminAddress: "localhost:15017"
    startupRole: FOLLOWER
  }
  peers {
    id: "s2"
    address: "localhost:15020"
    dataStreamAddress: "localhost:15023"
    clientAddress: "localhost:15022"
    adminAddress: "localhost:15021"
    startupRole: FOLLOWER
  }
}
 from snapshot
2024-09-29 22:58:00,930 [s3@group-64B60AA06307-SegmentedRaftLogWorker] INFO  segmented.BufferedWriteChannel (BufferedWriteChannel.java:open(61)) - open log_inprogress_256 at position 0
2024-09-29 22:58:00,930 [grpc-default-executor-3] INFO  server.RaftServer$Division (ServerState.java:setRaftConf(386)) - s4@group-64B60AA06307: set configuration conf: {index: 0, cur=peers:[s0|localhost:15012, s1|localhost:15016, s2|localhost:15020]|listeners:[], old=null}
2024-09-29 22:58:00,930 [grpc-default-executor-3] TRACE util.FileUtils (LogUtils.java:supplyAndLog(69)) - Successfully supplied FileChannel.open /home/runner/work/ratis/ratis/ratis-test/target/test/data/f7ba0e94/MiniRaftClusterWithGrpcf830cfe0/s4/98f49a44-d84f-4a2d-a14b-64b60aa06307/current/raft-meta.conf.tmp with options [CREATE, WRITE]: sun.nio.ch.FileChannelImpl@2ba16111
2024-09-29 22:58:00,932 [grpc-default-executor-3] TRACE util.FileUtils (LogUtils.java:runAndLog(49)) - Successfully ran Atomic Files.move /home/runner/work/ratis/ratis/ratis-test/target/test/data/f7ba0e94/MiniRaftClusterWithGrpcf830cfe0/s4/98f49a44-d84f-4a2d-a14b-64b60aa06307/current/raft-meta.conf.tmp to /home/runner/work/ratis/ratis/ratis-test/target/test/data/f7ba0e94/MiniRaftClusterWithGrpcf830cfe0/s4/98f49a44-d84f-4a2d-a14b-64b60aa06307/current/raft-meta.conf with options [REPLACE_EXISTING]
2024-09-29 22:58:00,933 [grpc-default-executor-3] INFO  impl.SnapshotInstallationHandler (SnapshotInstallationHandler.java:installSnapshot(105)) - s4@group-64B60AA06307: reply installSnapshot: s2<-s4#0:OK-t1,SUCCESS,requestIndex=2
2024-09-29 22:58:00,933 [grpc-default-executor-5] INFO  server.GrpcLogAppender (GrpcLogAppender.java:onNext(664)) - s2@group-64B60AA06307->s4-InstallSnapshotResponseHandler: received a reply s2<-s4#0:OK-t1,SUCCESS,requestIndex=2
2024-09-29 22:58:00,934 [grpc-default-executor-5] INFO  server.GrpcLogAppender (GrpcLogAppender.java:onNext(675)) - s2@group-64B60AA06307->s4-InstallSnapshotResponseHandler: Completed InstallSnapshot. Reply: serverReply {
  requestorId: "s2"
  replyId: "s4"
  raftGroupId {
    id: "\230\364\232D\330OJ-\241Kd\266\n\240c\a"
  }
  success: true
}
term: 1
requestIndex: 2

2024-09-29 22:58:00,934 [grpc-default-executor-5] INFO  leader.FollowerInfo (FollowerInfoImpl.java:setAttemptedToInstallSnapshot(154)) - Follower s2@group-64B60AA06307->s4 acknowledged installing snapshot
2024-09-29 22:58:00,935 [grpc-default-executor-3] INFO  server.GrpcServerProtocolService (GrpcServerProtocolService.java:onCompleted(200)) - s4: Completed INSTALL_SNAPSHOT, lastRequest: s2->s4#0-t1,chunk:183776a2-eda6-40d7-9185-127795f3045f,2
2024-09-29 22:58:00,935 [grpc-default-executor-3] INFO  server.GrpcServerProtocolService (GrpcServerProtocolService.java:lambda$onCompleted$7(202)) - s4: Completed INSTALL_SNAPSHOT, lastReply: null
2024-09-29 22:58:00,936 [grpc-default-executor-5] INFO  server.GrpcLogAppender (GrpcLogAppender.java:onCompleted(740)) - s2@group-64B60AA06307->s4-InstallSnapshotResponseHandler: follower responded installSnapshot COMPLETED
2024-09-29 22:58:00,936 [s2@group-64B60AA06307->s4-GrpcLogAppender-LogAppenderDaemon] INFO  leader.FollowerInfo (FollowerInfoImpl.java:info(64)) - s2@group-64B60AA06307->s4: snapshotIndex: setUnconditionally 0 -> 255
2024-09-29 22:58:00,936 [s2@group-64B60AA06307->s4-GrpcLogAppender-LogAppenderDaemon] INFO  leader.FollowerInfo (FollowerInfoImpl.java:info(64)) - s2@group-64B60AA06307->s4: matchIndex: setUnconditionally -1 -> 255
2024-09-29 22:58:00,936 [s2@group-64B60AA06307->s4-GrpcLogAppender-LogAppenderDaemon] INFO  leader.FollowerInfo (FollowerInfoImpl.java:info(64)) - s2@group-64B60AA06307->s4: nextIndex: setUnconditionally 0 -> 256
2024-09-29 22:58:00,937 [s2@group-64B60AA06307->s4-GrpcLogAppender-LogAppenderDaemon] INFO  server.GrpcLogAppender (GrpcLogAppender.java:installSnapshot(789)) - s2@group-64B60AA06307->s4-GrpcLogAppender: installed snapshot FileListSnapshotInfo(t:1, i:255):[/tmp/ratis-tests/statemachine/s2/snapshot/1_255/vegetable, /tmp/ratis-tests/statemachine/s2/snapshot/1_255/loves, /tmp/ratis-tests/statemachine/s2/snapshot/1_255/deer] successfully
2024-09-29 22:58:00,942 [s3@group-64B60AA06307-SegmentedRaftLogWorker] INFO  segmented.SegmentedRaftLogWorker (SegmentedRaftLogWorker.java:execute(660)) - s3@group-64B60AA06307-SegmentedRaftLogWorker: created new log segment /home/runner/work/ratis/ratis/ratis-test/target/test/data/f7ba0e94/MiniRaftClusterWithGrpcf830cfe0/s3/98f49a44-d84f-4a2d-a14b-64b60aa06307/current/log_inprogress_256
2024-09-29 22:58:00,950 [s2@group-64B60AA06307-LeaderStateImpl] INFO  server.RaftServer$Division (ServerState.java:setRaftConf(386)) - s2@group-64B60AA06307: set configuration conf: {index: 257, cur=peers:[s3|0.0.0.0:15024, s4|0.0.0.0:15025, s0|localhost:15012, s1|localhost:15016, s2|localhost:15020]|listeners:[], old=peers:[s0|localhost:15012, s1|localhost:15016, s2|localhost:15020]|listeners:[]}
2024-09-29 22:58:00,951 [s2@group-64B60AA06307->s0-GrpcLogAppender-LogAppenderDaemon] WARN  leader.LogAppenderDaemon (LogAppenderDaemon.java:run(89)) - s2@group-64B60AA06307->s0-GrpcLogAppender-LogAppenderDaemon failed
java.lang.IllegalStateException: Failed to retain: object has already been completely released.
	at org.apache.ratis.util.ReferenceCountedLeakDetector$Impl.retain(ReferenceCountedLeakDetector.java:116)
	at org.apache.ratis.server.raftlog.segmented.SegmentedRaftLog.retainLog(SegmentedRaftLog.java:310)
	at org.apache.ratis.server.raftlog.segmented.SegmentedRaftLog.retainEntryWithData(SegmentedRaftLog.java:327)
	at org.apache.ratis.server.leader.LogAppenderBase.nextAppendEntriesRequest(LogAppenderBase.java:264)
	at org.apache.ratis.grpc.server.GrpcLogAppender.appendLog(GrpcLogAppender.java:387)
	at org.apache.ratis.grpc.server.GrpcLogAppender.run(GrpcLogAppender.java:262)
	at org.apache.ratis.server.leader.LogAppenderDaemon.run(LogAppenderDaemon.java:80)
	at java.lang.Thread.run(Thread.java:750)
2024-09-29 22:58:00,951 [s2@group-64B60AA06307->s0-GrpcLogAppender-LogAppenderDaemon] INFO  server.RaftServer$Division (LeaderStateImpl.java:restart(687)) - s2@group-64B60AA06307-LeaderStateImpl: Restarting GrpcLogAppender for s2@group-64B60AA06307->s0
2024-09-29 22:58:00,952 [s2@group-64B60AA06307->s0-GrpcLogAppender-LogAppenderDaemon] INFO  server.RaftServerConfigKeys (ConfUtils.java:logGet(46)) - raft.server.log.appender.snapshot.chunk.size.max = 1k (=1024) (custom)
2024-09-29 22:58:00,952 [s2@group-64B60AA06307->s0-GrpcLogAppender-LogAppenderDaemon] INFO  server.RaftServerConfigKeys (ConfUtils.java:logGet(46)) - raft.server.log.appender.buffer.byte-limit = 4MB (=4194304) (default)
2024-09-29 22:58:00,952 [s2@group-64B60AA06307->s0-GrpcLogAppender-LogAppenderDaemon] INFO  server.RaftServerConfigKeys (ConfUtils.java:logGet(46)) - raft.server.log.appender.buffer.element-limit = 0 (default)
2024-09-29 22:58:00,952 [s2@group-64B60AA06307->s0-GrpcLogAppender-LogAppenderDaemon] INFO  server.RaftServerConfigKeys (ConfUtils.java:logGet(46)) - raft.server.log.appender.wait-time.min = 1ms (default)
2024-09-29 22:58:00,952 [s2@group-64B60AA06307->s0-GrpcLogAppender-LogAppenderDaemon] INFO  grpc.GrpcConfigKeys (ConfUtils.java:logGet(46)) - raft.grpc.server.leader.outstanding.appends.max = 8 (default)
2024-09-29 22:58:00,953 [s2@group-64B60AA06307->s0-GrpcLogAppender-LogAppenderDaemon] INFO  server.RaftServerConfigKeys (ConfUtils.java:logGet(46)) - raft.server.rpc.request.timeout = 3000ms (default)
2024-09-29 22:58:00,953 [s2@group-64B60AA06307->s0-GrpcLogAppender-LogAppenderDaemon] INFO  grpc.GrpcConfigKeys (ConfUtils.java:logGet(46)) - raft.grpc.server.install_snapshot.request.element-limit = 8 (default)
2024-09-29 22:58:00,953 [s2@group-64B60AA06307->s0-GrpcLogAppender-LogAppenderDaemon] INFO  grpc.GrpcConfigKeys (ConfUtils.java:logGet(46)) - raft.grpc.server.install_snapshot.request.timeout = 3000ms (default)
2024-09-29 22:58:00,953 [s2@group-64B60AA06307->s0-GrpcLogAppender-LogAppenderDaemon] INFO  grpc.GrpcConfigKeys (ConfUtils.java:logGet(46)) - raft.grpc.server.log-message.batch.duration = 5s (default)
2024-09-29 22:58:00,953 [s2@group-64B60AA06307->s0-GrpcLogAppender-LogAppenderDaemon] INFO  server.RaftServerConfigKeys (ConfUtils.java:logGet(46)) - raft.server.log.appender.install.snapshot.enabled = true (default)
2024-09-29 22:58:00,953 [s2@group-64B60AA06307->s0-GrpcLogAppender-LogAppenderDaemon] INFO  grpc.GrpcConfigKeys (ConfUtils.java:logGet(46)) - raft.grpc.server.heartbeat.channel = false (custom)
2024-09-29 22:58:00,953 [s2@group-64B60AA06307->s4-GrpcLogAppender-LogAppenderDaemon] WARN  leader.LogAppenderDaemon (LogAppenderDaemon.java:run(89)) - s2@group-64B60AA06307->s4-GrpcLogAppender-LogAppenderDaemon failed
java.lang.IllegalStateException: Failed to retain: object has already been completely released.
	at org.apache.ratis.util.ReferenceCountedLeakDetector$Impl.retain(ReferenceCountedLeakDetector.java:116)
	at org.apache.ratis.server.raftlog.segmented.SegmentedRaftLog.retainLog(SegmentedRaftLog.java:310)
	at org.apache.ratis.server.raftlog.segmented.SegmentedRaftLog.retainEntryWithData(SegmentedRaftLog.java:327)
	at org.apache.ratis.server.leader.LogAppenderBase.nextAppendEntriesRequest(LogAppenderBase.java:264)
	at org.apache.ratis.grpc.server.GrpcLogAppender.appendLog(GrpcLogAppender.java:387)
	at org.apache.ratis.grpc.server.GrpcLogAppender.run(GrpcLogAppender.java:262)
	at org.apache.ratis.server.leader.LogAppenderDaemon.run(LogAppenderDaemon.java:80)
	at java.lang.Thread.run(Thread.java:750)
2024-09-29 22:58:00,954 [s2@group-64B60AA06307->s4-GrpcLogAppender-LogAppenderDaemon] INFO  server.RaftServer$Division (LeaderStateImpl.java:restart(687)) - s2@group-64B60AA06307-LeaderStateImpl: Restarting GrpcLogAppender for s2@group-64B60AA06307->s4
2024-09-29 22:58:00,954 [s2@group-64B60AA06307->s4-GrpcLogAppender-LogAppenderDaemon] INFO  server.RaftServerConfigKeys (ConfUtils.java:logGet(46)) - raft.server.log.appender.snapshot.chunk.size.max = 1k (=1024) (custom)
2024-09-29 22:58:00,954 [s2@group-64B60AA06307->s4-GrpcLogAppender-LogAppenderDaemon] INFO  server.RaftServerConfigKeys (ConfUtils.java:logGet(46)) - raft.server.log.appender.buffer.byte-limit = 4MB (=4194304) (default)
2024-09-29 22:58:00,955 [s2@group-64B60AA06307->s4-GrpcLogAppender-LogAppenderDaemon] INFO  server.RaftServerConfigKeys (ConfUtils.java:logGet(46)) - raft.server.log.appender.buffer.element-limit = 0 (default)
2024-09-29 22:58:00,955 [s2@group-64B60AA06307->s4-GrpcLogAppender-LogAppenderDaemon] INFO  server.RaftServerConfigKeys (ConfUtils.java:logGet(46)) - raft.server.log.appender.wait-time.min = 1ms (default)
2024-09-29 22:58:00,955 [s2@group-64B60AA06307->s4-GrpcLogAppender-LogAppenderDaemon] INFO  grpc.GrpcConfigKeys (ConfUtils.java:logGet(46)) - raft.grpc.server.leader.outstanding.appends.max = 8 (default)
2024-09-29 22:58:00,955 [s4-server-thread1] INFO  segmented.SegmentedRaftLogWorker (SegmentedRaftLogWorker.java:startLogSegment(438)) - s4@group-64B60AA06307-SegmentedRaftLogWorker: Starting segment from index:256
2024-09-29 22:58:00,955 [s2@group-64B60AA06307->s4-GrpcLogAppender-LogAppenderDaemon] INFO  server.RaftServerConfigKeys (ConfUtils.java:logGet(46)) - raft.server.rpc.request.timeout = 3000ms (default)
2024-09-29 22:58:00,957 [s2@group-64B60AA06307->s4-GrpcLogAppender-LogAppenderDaemon] INFO  grpc.GrpcConfigKeys (ConfUtils.java:logGet(46)) - raft.grpc.server.install_snapshot.request.element-limit = 8 (default)
2024-09-29 22:58:00,957 [s2@group-64B60AA06307->s4-GrpcLogAppender-LogAppenderDaemon] INFO  grpc.GrpcConfigKeys (ConfUtils.java:logGet(46)) - raft.grpc.server.install_snapshot.request.timeout = 3000ms (default)
2024-09-29 22:58:00,957 [s2@group-64B60AA06307->s4-GrpcLogAppender-LogAppenderDaemon] INFO  grpc.GrpcConfigKeys (ConfUtils.java:logGet(46)) - raft.grpc.server.log-message.batch.duration = 5s (default)
2024-09-29 22:58:00,957 [s2@group-64B60AA06307->s4-GrpcLogAppender-LogAppenderDaemon] INFO  server.RaftServerConfigKeys (ConfUtils.java:logGet(46)) - raft.server.log.appender.install.snapshot.enabled = true (default)
2024-09-29 22:58:00,957 [s2@group-64B60AA06307->s4-GrpcLogAppender-LogAppenderDaemon] INFO  grpc.GrpcConfigKeys (ConfUtils.java:logGet(46)) - raft.grpc.server.heartbeat.channel = false (custom)
2024-09-29 22:58:00,958 [s4@group-64B60AA06307-SegmentedRaftLogWorker] INFO  segmented.BufferedWriteChannel (BufferedWriteChannel.java:open(61)) - open log_inprogress_256 at position 0
2024-09-29 22:58:00,960 [s3-server-thread2] INFO  impl.RoleInfo (RoleInfo.java:updateAndGet(148)) - s3: start s3@group-64B60AA06307-FollowerState
2024-09-29 22:58:00,960 [s3-server-thread2] INFO  server.RaftServer$Division (ServerState.java:setRaftConf(386)) - s3@group-64B60AA06307: set configuration conf: {index: 257, cur=peers:[s3|0.0.0.0:15024, s4|0.0.0.0:15025, s0|localhost:15012, s1|localhost:15016, s2|localhost:15020]|listeners:[], old=peers:[s0|localhost:15012, s1|localhost:15016, s2|localhost:15020]|listeners:[]}
2024-09-29 22:58:00,966 [s2@group-64B60AA06307->s4-GrpcLogAppender-LogAppenderDaemon] WARN  leader.LogAppenderDaemon (LogAppenderDaemon.java:run(89)) - s2@group-64B60AA06307->s4-GrpcLogAppender-LogAppenderDaemon failed
java.lang.IllegalStateException: Failed to retain: object has already been completely released.
	at org.apache.ratis.util.ReferenceCountedLeakDetector$Impl.retain(ReferenceCountedLeakDetector.java:116)
	at org.apache.ratis.server.raftlog.segmented.SegmentedRaftLog.retainLog(SegmentedRaftLog.java:310)
	at org.apache.ratis.server.raftlog.segmented.SegmentedRaftLog.retainEntryWithData(SegmentedRaftLog.java:327)
	at org.apache.ratis.server.leader.LogAppenderBase.nextAppendEntriesRequest(LogAppenderBase.java:264)
	at org.apache.ratis.grpc.server.GrpcLogAppender.appendLog(GrpcLogAppender.java:387)
	at org.apache.ratis.grpc.server.GrpcLogAppender.run(GrpcLogAppender.java:262)
	at org.apache.ratis.server.leader.LogAppenderDaemon.run(LogAppenderDaemon.java:80)
	at java.lang.Thread.run(Thread.java:750)
2024-09-29 22:58:00,966 [s2@group-64B60AA06307->s4-GrpcLogAppender-LogAppenderDaemon] INFO  server.RaftServer$Division (LeaderStateImpl.java:restart(687)) - s2@group-64B60AA06307-LeaderStateImpl: Restarting GrpcLogAppender for s2@group-64B60AA06307->s4
2024-09-29 22:58:00,967 [s2@group-64B60AA06307->s4-GrpcLogAppender-LogAppenderDaemon] INFO  server.RaftServerConfigKeys (ConfUtils.java:logGet(46)) - raft.server.log.appender.snapshot.chunk.size.max = 1k (=1024) (custom)
2024-09-29 22:58:00,967 [s2@group-64B60AA06307->s4-GrpcLogAppender-LogAppenderDaemon] INFO  server.RaftServerConfigKeys (ConfUtils.java:logGet(46)) - raft.server.log.appender.buffer.byte-limit = 4MB (=4194304) (default)
2024-09-29 22:58:00,967 [s2@group-64B60AA06307->s4-GrpcLogAppender-LogAppenderDaemon] INFO  server.RaftServerConfigKeys (ConfUtils.java:logGet(46)) - raft.server.log.appender.buffer.element-limit = 0 (default)
2024-09-29 22:58:00,967 [s2@group-64B60AA06307->s4-GrpcLogAppender-LogAppenderDaemon] INFO  server.RaftServerConfigKeys (ConfUtils.java:logGet(46)) - raft.server.log.appender.wait-time.min = 1ms (default)
2024-09-29 22:58:00,967 [s2@group-64B60AA06307->s4-GrpcLogAppender-LogAppenderDaemon] INFO  grpc.GrpcConfigKeys (ConfUtils.java:logGet(46)) - raft.grpc.server.leader.outstanding.appends.max = 8 (default)
2024-09-29 22:58:00,967 [s2@group-64B60AA06307->s4-GrpcLogAppender-LogAppenderDaemon] INFO  server.RaftServerConfigKeys (ConfUtils.java:logGet(46)) - raft.server.rpc.request.timeout = 3000ms (default)
2024-09-29 22:58:00,967 [s2@group-64B60AA06307->s4-GrpcLogAppender-LogAppenderDaemon] INFO  grpc.GrpcConfigKeys (ConfUtils.java:logGet(46)) - raft.grpc.server.install_snapshot.request.element-limit = 8 (default)
2024-09-29 22:58:00,967 [s2@group-64B60AA06307->s4-GrpcLogAppender-LogAppenderDaemon] INFO  grpc.GrpcConfigKeys (ConfUtils.java:logGet(46)) - raft.grpc.server.install_snapshot.request.timeout = 3000ms (default)
2024-09-29 22:58:00,967 [s2@group-64B60AA06307->s4-GrpcLogAppender-LogAppenderDaemon] INFO  grpc.GrpcConfigKeys (ConfUtils.java:logGet(46)) - raft.grpc.server.log-message.batch.duration = 5s (default)
2024-09-29 22:58:00,967 [s2@group-64B60AA06307->s4-GrpcLogAppender-LogAppenderDaemon] INFO  server.RaftServerConfigKeys (ConfUtils.java:logGet(46)) - raft.server.log.appender.install.snapshot.enabled = true (default)
2024-09-29 22:58:00,967 [s2@group-64B60AA06307->s4-GrpcLogAppender-LogAppenderDaemon] INFO  grpc.GrpcConfigKeys (ConfUtils.java:logGet(46)) - raft.grpc.server.heartbeat.channel = false (custom)
2024-09-29 22:58:00,969 [s2@group-64B60AA06307->s0-GrpcLogAppender-LogAppenderDaemon] WARN  leader.LogAppenderDaemon (LogAppenderDaemon.java:run(89)) - s2@group-64B60AA06307->s0-GrpcLogAppender-LogAppenderDaemon failed
java.lang.IllegalStateException: Failed to retain: object has already been completely released.
	at org.apache.ratis.util.ReferenceCountedLeakDetector$Impl.retain(ReferenceCountedLeakDetector.java:116)
	at org.apache.ratis.server.raftlog.segmented.SegmentedRaftLog.retainLog(SegmentedRaftLog.java:310)
	at org.apache.ratis.server.raftlog.segmented.SegmentedRaftLog.retainEntryWithData(SegmentedRaftLog.java:327)
	at org.apache.ratis.server.leader.LogAppenderBase.nextAppendEntriesRequest(LogAppenderBase.java:264)
	at org.apache.ratis.grpc.server.GrpcLogAppender.appendLog(GrpcLogAppender.java:387)
	at org.apache.ratis.grpc.server.GrpcLogAppender.run(GrpcLogAppender.java:262)
	at org.apache.ratis.server.leader.LogAppenderDaemon.run(LogAppenderDaemon.java:80)
	at java.lang.Thread.run(Thread.java:750)
2024-09-29 22:58:00,969 [s2@group-64B60AA06307->s0-GrpcLogAppender-LogAppenderDaemon] INFO  server.RaftServer$Division (LeaderStateImpl.java:restart(687)) - s2@group-64B60AA06307-LeaderStateImpl: Restarting GrpcLogAppender for s2@group-64B60AA06307->s0
2024-09-29 22:58:00,969 [s2@group-64B60AA06307->s0-GrpcLogAppender-LogAppenderDaemon] INFO  server.RaftServerConfigKeys (ConfUtils.java:logGet(46)) - raft.server.log.appender.snapshot.chunk.size.max = 1k (=1024) (custom)
2024-09-29 22:58:00,969 [s2@group-64B60AA06307->s0-GrpcLogAppender-LogAppenderDaemon] INFO  server.RaftServerConfigKeys (ConfUtils.java:logGet(46)) - raft.server.log.appender.buffer.byte-limit = 4MB (=4194304) (default)
2024-09-29 22:58:00,970 [s2@group-64B60AA06307->s0-GrpcLogAppender-LogAppenderDaemon] INFO  server.RaftServerConfigKeys (ConfUtils.java:logGet(46)) - raft.server.log.appender.buffer.element-limit = 0 (default)
2024-09-29 22:58:00,970 [s2@group-64B60AA06307->s0-GrpcLogAppender-LogAppenderDaemon] INFO  server.RaftServerConfigKeys (ConfUtils.java:logGet(46)) - raft.server.log.appender.wait-time.min = 1ms (default)
2024-09-29 22:58:00,969 [s0-server-thread4] INFO  util.CodeInjectionForTesting (BlockRequestHandlingInjection.java:execute(77)) - s0: Block request from s2
2024-09-29 22:58:00,976 [s2@group-64B60AA06307->s0-GrpcLogAppender-LogAppenderDaemon] INFO  grpc.GrpcConfigKeys (ConfUtils.java:logGet(46)) - raft.grpc.server.leader.outstanding.appends.max = 8 (default)
2024-09-29 22:58:00,976 [s4@group-64B60AA06307-SegmentedRaftLogWorker] INFO  segmented.SegmentedRaftLogWorker (SegmentedRaftLogWorker.java:execute(660)) - s4@group-64B60AA06307-SegmentedRaftLogWorker: created new log segment /home/runner/work/ratis/ratis/ratis-test/target/test/data/f7ba0e94/MiniRaftClusterWithGrpcf830cfe0/s4/98f49a44-d84f-4a2d-a14b-64b60aa06307/current/log_inprogress_256
2024-09-29 22:58:00,976 [s2@group-64B60AA06307->s0-GrpcLogAppender-LogAppenderDaemon] INFO  server.RaftServerConfigKeys (ConfUtils.java:logGet(46)) - raft.server.rpc.request.timeout = 3000ms (default)
2024-09-29 22:58:00,976 [s2@group-64B60AA06307->s0-GrpcLogAppender-LogAppenderDaemon] INFO  grpc.GrpcConfigKeys (ConfUtils.java:logGet(46)) - raft.grpc.server.install_snapshot.request.element-limit = 8 (default)
2024-09-29 22:58:00,976 [s2@group-64B60AA06307->s0-GrpcLogAppender-LogAppenderDaemon] INFO  grpc.GrpcConfigKeys (ConfUtils.java:logGet(46)) - raft.grpc.server.install_snapshot.request.timeout = 3000ms (default)
2024-09-29 22:58:00,976 [s2@group-64B60AA06307->s0-GrpcLogAppender-LogAppenderDaemon] INFO  grpc.GrpcConfigKeys (ConfUtils.java:logGet(46)) - raft.grpc.server.log-message.batch.duration = 5s (default)
2024-09-29 22:58:00,976 [s2@group-64B60AA06307->s0-GrpcLogAppender-LogAppenderDaemon] INFO  server.RaftServerConfigKeys (ConfUtils.java:logGet(46)) - raft.server.log.appender.install.snapshot.enabled = true (default)
2024-09-29 22:58:00,979 [s2@group-64B60AA06307->s0-GrpcLogAppender-LogAppenderDaemon] INFO  grpc.GrpcConfigKeys (ConfUtils.java:logGet(46)) - raft.grpc.server.heartbeat.channel = false (custom)
2024-09-29 22:58:00,982 [s0-server-thread2] INFO  util.CodeInjectionForTesting (BlockRequestHandlingInjection.java:execute(77)) - s0: Block request from s2
2024-09-29 22:58:00,983 [s2@group-64B60AA06307->s4-GrpcLogAppender-LogAppenderDaemon] WARN  leader.LogAppenderDaemon (LogAppenderDaemon.java:run(89)) - s2@group-64B60AA06307->s4-GrpcLogAppender-LogAppenderDaemon failed
java.lang.IllegalStateException: Failed to retain: object has already been completely released.
	at org.apache.ratis.util.ReferenceCountedLeakDetector$Impl.retain(ReferenceCountedLeakDetector.java:116)
	at org.apache.ratis.server.raftlog.segmented.SegmentedRaftLog.retainLog(SegmentedRaftLog.java:310)
	at org.apache.ratis.server.raftlog.segmented.SegmentedRaftLog.retainEntryWithData(SegmentedRaftLog.java:327)
	at org.apache.ratis.server.leader.LogAppenderBase.nextAppendEntriesRequest(LogAppenderBase.java:264)
	at org.apache.ratis.grpc.server.GrpcLogAppender.appendLog(GrpcLogAppender.java:387)
	at org.apache.ratis.grpc.server.GrpcLogAppender.run(GrpcLogAppender.java:262)
	at org.apache.ratis.server.leader.LogAppenderDaemon.run(LogAppenderDaemon.java:80)
	at java.lang.Thread.run(Thread.java:750)
2024-09-29 22:58:00,983 [s2@group-64B60AA06307->s4-GrpcLogAppender-LogAppenderDaemon] INFO  server.RaftServer$Division (LeaderStateImpl.java:restart(687)) - s2@group-64B60AA06307-LeaderStateImpl: Restarting GrpcLogAppender for s2@group-64B60AA06307->s4
2024-09-29 22:58:00,983 [s2@group-64B60AA06307->s4-GrpcLogAppender-LogAppenderDaemon] INFO  server.RaftServerConfigKeys (ConfUtils.java:logGet(46)) - raft.server.log.appender.snapshot.chunk.size.max = 1k (=1024) (custom)
2024-09-29 22:58:00,983 [s2@group-64B60AA06307->s4-GrpcLogAppender-LogAppenderDaemon] INFO  server.RaftServerConfigKeys (ConfUtils.java:logGet(46)) - raft.server.log.appender.buffer.byte-limit = 4MB (=4194304) (default)
2024-09-29 22:58:00,983 [s2@group-64B60AA06307->s4-GrpcLogAppender-LogAppenderDaemon] INFO  server.RaftServerConfigKeys (ConfUtils.java:logGet(46)) - raft.server.log.appender.buffer.element-limit = 0 (default)
2024-09-29 22:58:00,983 [s2@group-64B60AA06307->s4-GrpcLogAppender-LogAppenderDaemon] INFO  server.RaftServerConfigKeys (ConfUtils.java:logGet(46)) - raft.server.log.appender.wait-time.min = 1ms (default)
2024-09-29 22:58:00,984 [s2@group-64B60AA06307->s4-GrpcLogAppender-LogAppenderDaemon] INFO  grpc.GrpcConfigKeys (ConfUtils.java:logGet(46)) - raft.grpc.server.leader.outstanding.appends.max = 8 (default)
2024-09-29 22:58:00,984 [s2@group-64B60AA06307->s4-GrpcLogAppender-LogAppenderDaemon] INFO  server.RaftServerConfigKeys (ConfUtils.java:logGet(46)) - raft.server.rpc.request.timeout = 3000ms (default)
2024-09-29 22:58:00,984 [s2@group-64B60AA06307->s4-GrpcLogAppender-LogAppenderDaemon] INFO  grpc.GrpcConfigKeys (ConfUtils.java:logGet(46)) - raft.grpc.server.install_snapshot.request.element-limit = 8 (default)
2024-09-29 22:58:00,984 [s2@group-64B60AA06307->s4-GrpcLogAppender-LogAppenderDaemon] INFO  grpc.GrpcConfigKeys (ConfUtils.java:logGet(46)) - raft.grpc.server.install_snapshot.request.timeout = 3000ms (default)
2024-09-29 22:58:00,984 [s2@group-64B60AA06307->s4-GrpcLogAppender-LogAppenderDaemon] INFO  grpc.GrpcConfigKeys (ConfUtils.java:logGet(46)) - raft.grpc.server.log-message.batch.duration = 5s (default)
2024-09-29 22:58:00,984 [s2@group-64B60AA06307->s4-GrpcLogAppender-LogAppenderDaemon] INFO  server.RaftServerConfigKeys (ConfUtils.java:logGet(46)) - raft.server.log.appender.install.snapshot.enabled = true (default)
2024-09-29 22:58:00,984 [s2@group-64B60AA06307->s4-GrpcLogAppender-LogAppenderDaemon] INFO  grpc.GrpcConfigKeys (ConfUtils.java:logGet(46)) - raft.grpc.server.heartbeat.channel = false (custom)
2024-09-29 22:58:00,988 [s2@group-64B60AA06307->s0-GrpcLogAppender-LogAppenderDaemon] WARN  leader.LogAppenderDaemon (LogAppenderDaemon.java:run(89)) - s2@group-64B60AA06307->s0-GrpcLogAppender-LogAppenderDaemon failed
java.lang.IllegalStateException: Failed to retain: object has already been completely released.
	at org.apache.ratis.util.ReferenceCountedLeakDetector$Impl.retain(ReferenceCountedLeakDetector.java:116)
	at org.apache.ratis.server.raftlog.segmented.SegmentedRaftLog.retainLog(SegmentedRaftLog.java:310)
	at org.apache.ratis.server.raftlog.segmented.SegmentedRaftLog.retainEntryWithData(SegmentedRaftLog.java:327)
	at org.apache.ratis.server.leader.LogAppenderBase.nextAppendEntriesRequest(LogAppenderBase.java:264)
	at org.apache.ratis.grpc.server.GrpcLogAppender.appendLog(GrpcLogAppender.java:387)
	at org.apache.ratis.grpc.server.GrpcLogAppender.run(GrpcLogAppender.java:262)
	at org.apache.ratis.server.leader.LogAppenderDaemon.run(LogAppenderDaemon.java:80)
	at java.lang.Thread.run(Thread.java:750)
2024-09-29 22:58:00,988 [s2@group-64B60AA06307->s0-GrpcLogAppender-LogAppenderDaemon] INFO  server.RaftServer$Division (LeaderStateImpl.java:restart(687)) - s2@group-64B60AA06307-LeaderStateImpl: Restarting GrpcLogAppender for s2@group-64B60AA06307->s0
2024-09-29 22:58:00,990 [s2@group-64B60AA06307->s0-GrpcLogAppender-LogAppenderDaemon] INFO  server.RaftServerConfigKeys (ConfUtils.java:logGet(46)) - raft.server.log.appender.snapshot.chunk.size.max = 1k (=1024) (custom)
2024-09-29 22:58:00,990 [s2@group-64B60AA06307->s0-GrpcLogAppender-LogAppenderDaemon] INFO  server.RaftServerConfigKeys (ConfUtils.java:logGet(46)) - raft.server.log.appender.buffer.byte-limit = 4MB (=4194304) (default)
2024-09-29 22:58:00,990 [s2@group-64B60AA06307->s0-GrpcLogAppender-LogAppenderDaemon] INFO  server.RaftServerConfigKeys (ConfUtils.java:logGet(46)) - raft.server.log.appender.buffer.element-limit = 0 (default)
2024-09-29 22:58:00,990 [s2@group-64B60AA06307->s0-GrpcLogAppender-LogAppenderDaemon] INFO  server.RaftServerConfigKeys (ConfUtils.java:logGet(46)) - raft.server.log.appender.wait-time.min = 1ms (default)
2024-09-29 22:58:00,990 [s2@group-64B60AA06307->s0-GrpcLogAppender-LogAppenderDaemon] INFO  grpc.GrpcConfigKeys (ConfUtils.java:logGet(46)) - raft.grpc.server.leader.outstanding.appends.max = 8 (default)
2024-09-29 22:58:00,990 [s2@group-64B60AA06307->s0-GrpcLogAppender-LogAppenderDaemon] INFO  server.RaftServerConfigKeys (ConfUtils.java:logGet(46)) - raft.server.rpc.request.timeout = 3000ms (default)
2024-09-29 22:58:00,990 [s2@group-64B60AA06307->s0-GrpcLogAppender-LogAppenderDaemon] INFO  grpc.GrpcConfigKeys (ConfUtils.java:logGet(46)) - raft.grpc.server.install_snapshot.request.element-limit = 8 (default)
2024-09-29 22:58:00,990 [s2@group-64B60AA06307->s0-GrpcLogAppender-LogAppenderDaemon] INFO  grpc.GrpcConfigKeys (ConfUtils.java:logGet(46)) - raft.grpc.server.install_snapshot.request.timeout = 3000ms (default)
2024-09-29 22:58:00,990 [s2@group-64B60AA06307->s0-GrpcLogAppender-LogAppenderDaemon] INFO  grpc.GrpcConfigKeys (ConfUtils.java:logGet(46)) - raft.grpc.server.log-message.batch.duration = 5s (default)
2024-09-29 22:58:00,990 [s2@group-64B60AA06307->s0-GrpcLogAppender-LogAppenderDaemon] INFO  server.RaftServerConfigKeys (ConfUtils.java:logGet(46)) - raft.server.log.appender.install.snapshot.enabled = true (default)
2024-09-29 22:58:00,991 [s2@group-64B60AA06307->s0-GrpcLogAppender-LogAppenderDaemon] INFO  grpc.GrpcConfigKeys (ConfUtils.java:logGet(46)) - raft.grpc.server.heartbeat.channel = false (custom)
2024-09-29 22:58:00,989 [s2@group-64B60AA06307->s4-GrpcLogAppender-LogAppenderDaemon] WARN  leader.LogAppenderDaemon (LogAppenderDaemon.java:run(89)) - s2@group-64B60AA06307->s4-GrpcLogAppender-LogAppenderDaemon failed
java.lang.IllegalStateException: Failed to retain: object has already been completely released.
	at org.apache.ratis.util.ReferenceCountedLeakDetector$Impl.retain(ReferenceCountedLeakDetector.java:116)
	at org.apache.ratis.server.raftlog.segmented.SegmentedRaftLog.retainLog(SegmentedRaftLog.java:310)
	at org.apache.ratis.server.raftlog.segmented.SegmentedRaftLog.retainEntryWithData(SegmentedRaftLog.java:327)
	at org.apache.ratis.server.leader.LogAppenderBase.nextAppendEntriesRequest(LogAppenderBase.java:264)
	at org.apache.ratis.grpc.server.GrpcLogAppender.appendLog(GrpcLogAppender.java:387)
	at org.apache.ratis.grpc.server.GrpcLogAppender.run(GrpcLogAppender.java:262)
	at org.apache.ratis.server.leader.LogAppenderDaemon.run(LogAppenderDaemon.java:80)
	at java.lang.Thread.run(Thread.java:750)
2024-09-29 22:58:00,991 [s2@group-64B60AA06307->s4-GrpcLogAppender-LogAppenderDaemon] INFO  server.RaftServer$Division (LeaderStateImpl.java:restart(687)) - s2@group-64B60AA06307-LeaderStateImpl: Restarting GrpcLogAppender for s2@group-64B60AA06307->s4
2024-09-29 22:58:00,991 [s2@group-64B60AA06307->s4-GrpcLogAppender-LogAppenderDaemon] INFO  server.RaftServerConfigKeys (ConfUtils.java:logGet(46)) - raft.server.log.appender.snapshot.chunk.size.max = 1k (=1024) (custom)
2024-09-29 22:58:00,991 [s2@group-64B60AA06307->s4-GrpcLogAppender-LogAppenderDaemon] INFO  server.RaftServerConfigKeys (ConfUtils.java:logGet(46)) - raft.server.log.appender.buffer.byte-limit = 4MB (=4194304) (default)
2024-09-29 22:58:00,992 [s2@group-64B60AA06307->s4-GrpcLogAppender-LogAppenderDaemon] INFO  server.RaftServerConfigKeys (ConfUtils.java:logGet(46)) - raft.server.log.appender.buffer.element-limit = 0 (default)
2024-09-29 22:58:00,992 [s2@group-64B60AA06307->s4-GrpcLogAppender-LogAppenderDaemon] INFO  server.RaftServerConfigKeys (ConfUtils.java:logGet(46)) - raft.server.log.appender.wait-time.min = 1ms (default)
2024-09-29 22:58:00,996 [s2@group-64B60AA06307->s4-GrpcLogAppender-LogAppenderDaemon] INFO  grpc.GrpcConfigKeys (ConfUtils.java:logGet(46)) - raft.grpc.server.leader.outstanding.appends.max = 8 (default)
2024-09-29 22:58:00,996 [s2@group-64B60AA06307->s4-GrpcLogAppender-LogAppenderDaemon] INFO  server.RaftServerConfigKeys (ConfUtils.java:logGet(46)) - raft.server.rpc.request.timeout = 3000ms (default)
2024-09-29 22:58:00,996 [s2@group-64B60AA06307->s4-GrpcLogAppender-LogAppenderDaemon] INFO  grpc.GrpcConfigKeys (ConfUtils.java:logGet(46)) - raft.grpc.server.install_snapshot.request.element-limit = 8 (default)
2024-09-29 22:58:00,996 [s2@group-64B60AA06307->s4-GrpcLogAppender-LogAppenderDaemon] INFO  grpc.GrpcConfigKeys (ConfUtils.java:logGet(46)) - raft.grpc.server.install_snapshot.request.timeout = 3000ms (default)
2024-09-29 22:58:00,996 [s2@group-64B60AA06307->s4-GrpcLogAppender-LogAppenderDaemon] INFO  grpc.GrpcConfigKeys (ConfUtils.java:logGet(46)) - raft.grpc.server.log-message.batch.duration = 5s (default)
2024-09-29 22:58:00,996 [s2@group-64B60AA06307->s4-GrpcLogAppender-LogAppenderDaemon] INFO  server.RaftServerConfigKeys (ConfUtils.java:logGet(46)) - raft.server.log.appender.install.snapshot.enabled = true (default)
2024-09-29 22:58:00,996 [s2@group-64B60AA06307->s4-GrpcLogAppender-LogAppenderDaemon] INFO  grpc.GrpcConfigKeys (ConfUtils.java:logGet(46)) - raft.grpc.server.heartbeat.channel = false (custom)
2024-09-29 22:58:00,997 [s0-server-thread3] INFO  util.CodeInjectionForTesting (BlockRequestHandlingInjection.java:execute(77)) - s0: Block request from s2
2024-09-29 22:58:00,998 [s2@group-64B60AA06307->s0-GrpcLogAppender-LogAppenderDaemon] WARN  leader.LogAppenderDaemon (LogAppenderDaemon.java:run(89)) - s2@group-64B60AA06307->s0-GrpcLogAppender-LogAppenderDaemon failed
java.lang.IllegalStateException: Failed to retain: object has already been completely released.
	at org.apache.ratis.util.ReferenceCountedLeakDetector$Impl.retain(ReferenceCountedLeakDetector.java:116)
	at org.apache.ratis.server.raftlog.segmented.SegmentedRaftLog.retainLog(SegmentedRaftLog.java:310)
	at org.apache.ratis.server.raftlog.segmented.SegmentedRaftLog.retainEntryWithData(SegmentedRaftLog.java:327)
	at org.apache.ratis.server.leader.LogAppenderBase.nextAppendEntriesRequest(LogAppenderBase.java:264)
	at org.apache.ratis.grpc.server.GrpcLogAppender.appendLog(GrpcLogAppender.java:387)
	at org.apache.ratis.grpc.server.GrpcLogAppender.run(GrpcLogAppender.java:262)
	at org.apache.ratis.server.leader.LogAppenderDaemon.run(LogAppenderDaemon.java:80)
	at java.lang.Thread.run(Thread.java:750)
2024-09-29 22:58:00,998 [s2@group-64B60AA06307->s0-GrpcLogAppender-LogAppenderDaemon] INFO  server.RaftServer$Division (LeaderStateImpl.java:restart(687)) - s2@group-64B60AA06307-LeaderStateImpl: Restarting GrpcLogAppender for s2@group-64B60AA06307->s0
2024-09-29 22:58:00,998 [s2@group-64B60AA06307->s0-GrpcLogAppender-LogAppenderDaemon] INFO  server.RaftServerConfigKeys (ConfUtils.java:logGet(46)) - raft.server.log.appender.snapshot.chunk.size.max = 1k (=1024) (custom)
2024-09-29 22:58:00,998 [s2@group-64B60AA06307->s0-GrpcLogAppender-LogAppenderDaemon] INFO  server.RaftServerConfigKeys (ConfUtils.java:logGet(46)) - raft.server.log.appender.buffer.byte-limit = 4MB (=4194304) (default)
2024-09-29 22:58:00,999 [s2@group-64B60AA06307->s0-GrpcLogAppender-LogAppenderDaemon] INFO  server.RaftServerConfigKeys (ConfUtils.java:logGet(46)) - raft.server.log.appender.buffer.element-limit = 0 (default)
2024-09-29 22:58:00,999 [s2@group-64B60AA06307->s0-GrpcLogAppender-LogAppenderDaemon] INFO  server.RaftServerConfigKeys (ConfUtils.java:logGet(46)) - raft.server.log.appender.wait-time.min = 1ms (default)
2024-09-29 22:58:00,999 [s2@group-64B60AA06307->s0-GrpcLogAppender-LogAppenderDaemon] INFO  grpc.GrpcConfigKeys (ConfUtils.java:logGet(46)) - raft.grpc.server.leader.outstanding.appends.max = 8 (default)
2024-09-29 22:58:00,999 [s2@group-64B60AA06307->s0-GrpcLogAppender-LogAppenderDaemon] INFO  server.RaftServerConfigKeys (ConfUtils.java:logGet(46)) - raft.server.rpc.request.timeout = 3000ms (default)
2024-09-29 22:58:00,999 [s2@group-64B60AA06307->s0-GrpcLogAppender-LogAppenderDaemon] INFO  grpc.GrpcConfigKeys (ConfUtils.java:logGet(46)) - raft.grpc.server.install_snapshot.request.element-limit = 8 (default)
2024-09-29 22:58:00,999 [s2@group-64B60AA06307->s0-GrpcLogAppender-LogAppenderDaemon] INFO  grpc.GrpcConfigKeys (ConfUtils.java:logGet(46)) - raft.grpc.server.install_snapshot.request.timeout = 3000ms (default)
2024-09-29 22:58:00,999 [s2@group-64B60AA06307->s0-GrpcLogAppender-LogAppenderDaemon] INFO  grpc.GrpcConfigKeys (ConfUtils.java:logGet(46)) - raft.grpc.server.log-message.batch.duration = 5s (default)
2024-09-29 22:58:00,999 [s2@group-64B60AA06307->s0-GrpcLogAppender-LogAppenderDaemon] INFO  server.RaftServerConfigKeys (ConfUtils.java:logGet(46)) - raft.server.log.appender.install.snapshot.enabled = true (default)
2024-09-29 22:58:00,999 [s2@group-64B60AA06307->s0-GrpcLogAppender-LogAppenderDaemon] INFO  grpc.GrpcConfigKeys (ConfUtils.java:logGet(46)) - raft.grpc.server.heartbeat.channel = false (custom)
2024-09-29 22:58:01,003 [s2@group-64B60AA06307->s0-GrpcLogAppender-LogAppenderDaemon] WARN  leader.LogAppenderDaemon (LogAppenderDaemon.java:run(89)) - s2@group-64B60AA06307->s0-GrpcLogAppender-LogAppenderDaemon failed
java.lang.IllegalStateException: Failed to retain: object has already been completely released.
	at org.apache.ratis.util.ReferenceCountedLeakDetector$Impl.retain(ReferenceCountedLeakDetector.java:116)
	at org.apache.ratis.server.raftlog.segmented.SegmentedRaftLog.retainLog(SegmentedRaftLog.java:310)
	at org.apache.ratis.server.raftlog.segmented.SegmentedRaftLog.retainEntryWithData(SegmentedRaftLog.java:327)
	at org.apache.ratis.server.leader.LogAppenderBase.nextAppendEntriesRequest(LogAppenderBase.java:264)
	at org.apache.ratis.grpc.server.GrpcLogAppender.appendLog(GrpcLogAppender.java:387)
	at org.apache.ratis.grpc.server.GrpcLogAppender.run(GrpcLogAppender.java:262)
	at org.apache.ratis.server.leader.LogAppenderDaemon.run(LogAppenderDaemon.java:80)
	at java.lang.Thread.run(Thread.java:750)
2024-09-29 22:58:01,003 [s2@group-64B60AA06307->s0-GrpcLogAppender-LogAppenderDaemon] INFO  server.RaftServer$Division (LeaderStateImpl.java:restart(687)) - s2@group-64B60AA06307-LeaderStateImpl: Restarting GrpcLogAppender for s2@group-64B60AA06307->s0
2024-09-29 22:58:01,004 [s2@group-64B60AA06307->s0-GrpcLogAppender-LogAppenderDaemon] INFO  server.RaftServerConfigKeys (ConfUtils.java:logGet(46)) - raft.server.log.appender.snapshot.chunk.size.max = 1k (=1024) (custom)
2024-09-29 22:58:01,004 [s2@group-64B60AA06307->s0-GrpcLogAppender-LogAppenderDaemon] INFO  server.RaftServerConfigKeys (ConfUtils.java:logGet(46)) - raft.server.log.appender.buffer.byte-limit = 4MB (=4194304) (default)
2024-09-29 22:58:01,004 [s2@group-64B60AA06307->s0-GrpcLogAppender-LogAppenderDaemon] INFO  server.RaftServerConfigKeys (ConfUtils.java:logGet(46)) - raft.server.log.appender.buffer.element-limit = 0 (default)
2024-09-29 22:58:01,004 [s0-server-thread5] INFO  util.CodeInjectionForTesting (BlockRequestHandlingInjection.java:execute(77)) - s0: Block request from s2
2024-09-29 22:58:01,005 [s2@group-64B60AA06307->s0-GrpcLogAppender-LogAppenderDaemon] INFO  server.RaftServerConfigKeys (ConfUtils.java:logGet(46)) - raft.server.log.appender.wait-time.min = 1ms (default)
2024-09-29 22:58:01,005 [s2@group-64B60AA06307->s0-GrpcLogAppender-LogAppenderDaemon] INFO  grpc.GrpcConfigKeys (ConfUtils.java:logGet(46)) - raft.grpc.server.leader.outstanding.appends.max = 8 (default)
2024-09-29 22:58:01,005 [s2@group-64B60AA06307->s0-GrpcLogAppender-LogAppenderDaemon] INFO  server.RaftServerConfigKeys (ConfUtils.java:logGet(46)) - raft.server.rpc.request.timeout = 3000ms (default)
2024-09-29 22:58:01,005 [s2@group-64B60AA06307->s0-GrpcLogAppender-LogAppenderDaemon] INFO  grpc.GrpcConfigKeys (ConfUtils.java:logGet(46)) - raft.grpc.server.install_snapshot.request.element-limit = 8 (default)
2024-09-29 22:58:01,005 [s2@group-64B60AA06307->s0-GrpcLogAppender-LogAppenderDaemon] INFO  grpc.GrpcConfigKeys (ConfUtils.java:logGet(46)) - raft.grpc.server.install_snapshot.request.timeout = 3000ms (default)
2024-09-29 22:58:01,005 [s2@group-64B60AA06307->s0-GrpcLogAppender-LogAppenderDaemon] INFO  grpc.GrpcConfigKeys (ConfUtils.java:logGet(46)) - raft.grpc.server.log-message.batch.duration = 5s (default)
2024-09-29 22:58:01,005 [s2@group-64B60AA06307->s0-GrpcLogAppender-LogAppenderDaemon] INFO  server.RaftServerConfigKeys (ConfUtils.java:logGet(46)) - raft.server.log.appender.install.snapshot.enabled = true (default)
2024-09-29 22:58:01,005 [s2@group-64B60AA06307->s0-GrpcLogAppender-LogAppenderDaemon] INFO  grpc.GrpcConfigKeys (ConfUtils.java:logGet(46)) - raft.grpc.server.heartbeat.channel = false (custom)
2024-09-29 22:58:01,018 [s2@group-64B60AA06307->s4-GrpcLogAppender-LogAppenderDaemon] WARN  leader.LogAppenderDaemon (LogAppenderDaemon.java:run(89)) - s2@group-64B60AA06307->s4-GrpcLogAppender-LogAppenderDaemon failed
java.lang.IllegalStateException: Failed to retain: object has already been completely released.
	at org.apache.ratis.util.ReferenceCountedLeakDetector$Impl.retain(ReferenceCountedLeakDetector.java:116)
	at org.apache.ratis.server.raftlog.segmented.SegmentedRaftLog.retainLog(SegmentedRaftLog.java:310)
	at org.apache.ratis.server.raftlog.segmented.SegmentedRaftLog.retainEntryWithData(SegmentedRaftLog.java:327)
	at org.apache.ratis.server.leader.LogAppenderBase.nextAppendEntriesRequest(LogAppenderBase.java:264)
	at org.apache.ratis.grpc.server.GrpcLogAppender.appendLog(GrpcLogAppender.java:387)
	at org.apache.ratis.grpc.server.GrpcLogAppender.run(GrpcLogAppender.java:262)
	at org.apache.ratis.server.leader.LogAppenderDaemon.run(LogAppenderDaemon.java:80)
	at java.lang.Thread.run(Thread.java:750)
2024-09-29 22:58:01,018 [s2@group-64B60AA06307->s4-GrpcLogAppender-LogAppenderDaemon] INFO  server.RaftServer$Division (LeaderStateImpl.java:restart(687)) - s2@group-64B60AA06307-LeaderStateImpl: Restarting GrpcLogAppender for s2@group-64B60AA06307->s4
2024-09-29 22:58:01,019 [s2@group-64B60AA06307->s4-GrpcLogAppender-LogAppenderDaemon] INFO  server.RaftServerConfigKeys (ConfUtils.java:logGet(46)) - raft.server.log.appender.snapshot.chunk.size.max = 1k (=1024) (custom)
2024-09-29 22:58:01,019 [s2@group-64B60AA06307->s4-GrpcLogAppender-LogAppenderDaemon] INFO  server.RaftServerConfigKeys (ConfUtils.java:logGet(46)) - raft.server.log.appender.buffer.byte-limit = 4MB (=4194304) (default)
2024-09-29 22:58:01,019 [s2@group-64B60AA06307->s4-GrpcLogAppender-LogAppenderDaemon] INFO  server.RaftServerConfigKeys (ConfUtils.java:logGet(46)) - raft.server.log.appender.buffer.element-limit = 0 (default)
2024-09-29 22:58:01,020 [s2@group-64B60AA06307->s0-GrpcLogAppender-LogAppenderDaemon] WARN  leader.LogAppenderDaemon (LogAppenderDaemon.java:run(89)) - s2@group-64B60AA06307->s0-GrpcLogAppender-LogAppenderDaemon failed
java.lang.IllegalStateException: Failed to retain: object has already been completely released.
	at org.apache.ratis.util.ReferenceCountedLeakDetector$Impl.retain(ReferenceCountedLeakDetector.java:116)
	at org.apache.ratis.server.raftlog.segmented.SegmentedRaftLog.retainLog(SegmentedRaftLog.java:310)
	at org.apache.ratis.server.raftlog.segmented.SegmentedRaftLog.retainEntryWithData(SegmentedRaftLog.java:327)
	at org.apache.ratis.server.leader.LogAppenderBase.nextAppendEntriesRequest(LogAppenderBase.java:264)
	at org.apache.ratis.grpc.server.GrpcLogAppender.appendLog(GrpcLogAppender.java:387)
	at org.apache.ratis.grpc.server.GrpcLogAppender.run(GrpcLogAppender.java:262)
	at org.apache.ratis.server.leader.LogAppenderDaemon.run(LogAppenderDaemon.java:80)
	at java.lang.Thread.run(Thread.java:750)
2024-09-29 22:58:01,020 [s2@group-64B60AA06307->s0-GrpcLogAppender-LogAppenderDaemon] INFO  server.RaftServer$Division (LeaderStateImpl.java:restart(687)) - s2@group-64B60AA06307-LeaderStateImpl: Restarting GrpcLogAppender for s2@group-64B60AA06307->s0
2024-09-29 22:58:01,020 [s2@group-64B60AA06307->s0-GrpcLogAppender-LogAppenderDaemon] INFO  server.RaftServerConfigKeys (ConfUtils.java:logGet(46)) - raft.server.log.appender.snapshot.chunk.size.max = 1k (=1024) (custom)
2024-09-29 22:58:01,020 [s2@group-64B60AA06307->s0-GrpcLogAppender-LogAppenderDaemon] INFO  server.RaftServerConfigKeys (ConfUtils.java:logGet(46)) - raft.server.log.appender.buffer.byte-limit = 4MB (=4194304) (default)
2024-09-29 22:58:01,020 [s2@group-64B60AA06307->s0-GrpcLogAppender-LogAppenderDaemon] INFO  server.RaftServerConfigKeys (ConfUtils.java:logGet(46)) - raft.server.log.appender.buffer.element-limit = 0 (default)
2024-09-29 22:58:01,022 [s2@group-64B60AA06307->s0-GrpcLogAppender-LogAppenderDaemon] INFO  server.RaftServerConfigKeys (ConfUtils.java:logGet(46)) - raft.server.log.appender.wait-time.min = 1ms (default)
2024-09-29 22:58:01,022 [s2@group-64B60AA06307->s4-GrpcLogAppender-LogAppenderDaemon] INFO  server.RaftServerConfigKeys (ConfUtils.java:logGet(46)) - raft.server.log.appender.wait-time.min = 1ms (default)
2024-09-29 22:58:01,022 [s0-server-thread6] INFO  util.CodeInjectionForTesting (BlockRequestHandlingInjection.java:execute(77)) - s0: Block request from s2
2024-09-29 22:58:01,022 [s2@group-64B60AA06307->s4-GrpcLogAppender-LogAppenderDaemon] INFO  grpc.GrpcConfigKeys (ConfUtils.java:logGet(46)) - raft.grpc.server.leader.outstanding.appends.max = 8 (default)
2024-09-29 22:58:01,022 [s2@group-64B60AA06307->s4-GrpcLogAppender-LogAppenderDaemon] INFO  server.RaftServerConfigKeys (ConfUtils.java:logGet(46)) - raft.server.rpc.request.timeout = 3000ms (default)
2024-09-29 22:58:01,022 [s2@group-64B60AA06307->s4-GrpcLogAppender-LogAppenderDaemon] INFO  grpc.GrpcConfigKeys (ConfUtils.java:logGet(46)) - raft.grpc.server.install_snapshot.request.element-limit = 8 (default)
2024-09-29 22:58:01,022 [s2@group-64B60AA06307->s4-GrpcLogAppender-LogAppenderDaemon] INFO  grpc.GrpcConfigKeys (ConfUtils.java:logGet(46)) - raft.grpc.server.install_snapshot.request.timeout = 3000ms (default)
2024-09-29 22:58:01,023 [s2@group-64B60AA06307->s4-GrpcLogAppender-LogAppenderDaemon] INFO  grpc.GrpcConfigKeys (ConfUtils.java:logGet(46)) - raft.grpc.server.log-message.batch.duration = 5s (default)
2024-09-29 22:58:01,023 [s2@group-64B60AA06307->s4-GrpcLogAppender-LogAppenderDaemon] INFO  server.RaftServerConfigKeys (ConfUtils.java:logGet(46)) - raft.server.log.appender.install.snapshot.enabled = true (default)
2024-09-29 22:58:01,023 [s2@group-64B60AA06307->s4-GrpcLogAppender-LogAppenderDaemon] INFO  grpc.GrpcConfigKeys (ConfUtils.java:logGet(46)) - raft.grpc.server.heartbeat.channel = false (custom)
2024-09-29 22:58:01,022 [s2@group-64B60AA06307->s0-GrpcLogAppender-LogAppenderDaemon] INFO  grpc.GrpcConfigKeys (ConfUtils.java:logGet(46)) - raft.grpc.server.leader.outstanding.appends.max = 8 (default)
2024-09-29 22:58:01,023 [s2@group-64B60AA06307->s0-GrpcLogAppender-LogAppenderDaemon] INFO  server.RaftServerConfigKeys (ConfUtils.java:logGet(46)) - raft.server.rpc.request.timeout = 3000ms (default)
2024-09-29 22:58:01,027 [s2@group-64B60AA06307->s4-GrpcLogAppender-LogAppenderDaemon] WARN  leader.LogAppenderDaemon (LogAppenderDaemon.java:run(89)) - s2@group-64B60AA06307->s4-GrpcLogAppender-LogAppenderDaemon failed
java.lang.IllegalStateException: Failed to retain: object has already been completely released.
	at org.apache.ratis.util.ReferenceCountedLeakDetector$Impl.retain(ReferenceCountedLeakDetector.java:116)
	at org.apache.ratis.server.raftlog.segmented.SegmentedRaftLog.retainLog(SegmentedRaftLog.java:310)
	at org.apache.ratis.server.raftlog.segmented.SegmentedRaftLog.retainEntryWithData(SegmentedRaftLog.java:327)
	at org.apache.ratis.server.leader.LogAppenderBase.nextAppendEntriesRequest(LogAppenderBase.java:264)
	at org.apache.ratis.grpc.server.GrpcLogAppender.appendLog(GrpcLogAppender.java:387)
	at org.apache.ratis.grpc.server.GrpcLogAppender.run(GrpcLogAppender.java:262)
	at org.apache.ratis.server.leader.LogAppenderDaemon.run(LogAppenderDaemon.java:80)
	at java.lang.Thread.run(Thread.java:750)
2024-09-29 22:58:01,029 [s2@group-64B60AA06307->s4-GrpcLogAppender-LogAppenderDaemon] INFO  server.RaftServer$Division (LeaderStateImpl.java:restart(687)) - s2@group-64B60AA06307-LeaderStateImpl: Restarting GrpcLogAppender for s2@group-64B60AA06307->s4
2024-09-29 22:58:01,029 [s2@group-64B60AA06307->s4-GrpcLogAppender-LogAppenderDaemon] INFO  server.RaftServerConfigKeys (ConfUtils.java:logGet(46)) - raft.server.log.appender.snapshot.chunk.size.max = 1k (=1024) (custom)
2024-09-29 22:58:01,029 [s2@group-64B60AA06307->s4-GrpcLogAppender-LogAppenderDaemon] INFO  server.RaftServerConfigKeys (ConfUtils.java:logGet(46)) - raft.server.log.appender.buffer.byte-limit = 4MB (=4194304) (default)
2024-09-29 22:58:01,029 [s2@group-64B60AA06307->s4-GrpcLogAppender-LogAppenderDaemon] INFO  server.RaftServerConfigKeys (ConfUtils.java:logGet(46)) - raft.server.log.appender.buffer.element-limit = 0 (default)
2024-09-29 22:58:01,029 [s2@group-64B60AA06307->s4-GrpcLogAppender-LogAppenderDaemon] INFO  server.RaftServerConfigKeys (ConfUtils.java:logGet(46)) - raft.server.log.appender.wait-time.min = 1ms (default)
2024-09-29 22:58:01,029 [s2@group-64B60AA06307->s4-GrpcLogAppender-LogAppenderDaemon] INFO  grpc.GrpcConfigKeys (ConfUtils.java:logGet(46)) - raft.grpc.server.leader.outstanding.appends.max = 8 (default)
2024-09-29 22:58:01,029 [s2@group-64B60AA06307->s4-GrpcLogAppender-LogAppenderDaemon] INFO  server.RaftServerConfigKeys (ConfUtils.java:logGet(46)) - raft.server.rpc.request.timeout = 3000ms (default)
2024-09-29 22:58:01,030 [s2@group-64B60AA06307->s4-GrpcLogAppender-LogAppenderDaemon] INFO  grpc.GrpcConfigKeys (ConfUtils.java:logGet(46)) - raft.grpc.server.install_snapshot.request.element-limit = 8 (default)
2024-09-29 22:58:01,030 [s2@group-64B60AA06307->s4-GrpcLogAppender-LogAppenderDaemon] INFO  grpc.GrpcConfigKeys (ConfUtils.java:logGet(46)) - raft.grpc.server.install_snapshot.request.timeout = 3000ms (default)
2024-09-29 22:58:01,030 [s2@group-64B60AA06307->s4-GrpcLogAppender-LogAppenderDaemon] INFO  grpc.GrpcConfigKeys (ConfUtils.java:logGet(46)) - raft.grpc.server.log-message.batch.duration = 5s (default)
2024-09-29 22:58:01,030 [s2@group-64B60AA06307->s4-GrpcLogAppender-LogAppenderDaemon] INFO  server.RaftServerConfigKeys (ConfUtils.java:logGet(46)) - raft.server.log.appender.install.snapshot.enabled = true (default)
2024-09-29 22:58:01,030 [s2@group-64B60AA06307->s4-GrpcLogAppender-LogAppenderDaemon] INFO  grpc.GrpcConfigKeys (ConfUtils.java:logGet(46)) - raft.grpc.server.heartbeat.channel = false (custom)
2024-09-29 22:58:01,030 [s2@group-64B60AA06307->s0-GrpcLogAppender-LogAppenderDaemon] INFO  grpc.GrpcConfigKeys (ConfUtils.java:logGet(46)) - raft.grpc.server.install_snapshot.request.element-limit = 8 (default)
2024-09-29 22:58:01,030 [s2@group-64B60AA06307->s0-GrpcLogAppender-LogAppenderDaemon] INFO  grpc.GrpcConfigKeys (ConfUtils.java:logGet(46)) - raft.grpc.server.install_snapshot.request.timeout = 3000ms (default)
2024-09-29 22:58:01,030 [s2@group-64B60AA06307->s0-GrpcLogAppender-LogAppenderDaemon] INFO  grpc.GrpcConfigKeys (ConfUtils.java:logGet(46)) - raft.grpc.server.log-message.batch.duration = 5s (default)
2024-09-29 22:58:01,030 [s2@group-64B60AA06307->s0-GrpcLogAppender-LogAppenderDaemon] INFO  server.RaftServerConfigKeys (ConfUtils.java:logGet(46)) - raft.server.log.appender.install.snapshot.enabled = true (default)
2024-09-29 22:58:01,031 [s2@group-64B60AA06307->s0-GrpcLogAppender-LogAppenderDaemon] INFO  grpc.GrpcConfigKeys (ConfUtils.java:logGet(46)) - raft.grpc.server.heartbeat.channel = false (custom)
2024-09-29 22:58:01,035 [s2@group-64B60AA06307->s4-GrpcLogAppender-LogAppenderDaemon] WARN  leader.LogAppenderDaemon (LogAppenderDaemon.java:run(89)) - s2@group-64B60AA06307->s4-GrpcLogAppender-LogAppenderDaemon failed
java.lang.IllegalStateException: Failed to retain: object has already been completely released.
	at org.apache.ratis.util.ReferenceCountedLeakDetector$Impl.retain(ReferenceCountedLeakDetector.java:116)
	at org.apache.ratis.server.raftlog.segmented.SegmentedRaftLog.retainLog(SegmentedRaftLog.java:310)
	at org.apache.ratis.server.raftlog.segmented.SegmentedRaftLog.retainEntryWithData(SegmentedRaftLog.java:327)
	at org.apache.ratis.server.leader.LogAppenderBase.nextAppendEntriesRequest(LogAppenderBase.java:264)
	at org.apache.ratis.grpc.server.GrpcLogAppender.appendLog(GrpcLogAppender.java:387)
	at org.apache.ratis.grpc.server.GrpcLogAppender.run(GrpcLogAppender.java:262)
	at org.apache.ratis.server.leader.LogAppenderDaemon.run(LogAppenderDaemon.java:80)
	at java.lang.Thread.run(Thread.java:750)
2024-09-29 22:58:01,035 [s2@group-64B60AA06307->s4-GrpcLogAppender-LogAppenderDaemon] INFO  server.RaftServer$Division (LeaderStateImpl.java:restart(687)) - s2@group-64B60AA06307-LeaderStateImpl: Restarting GrpcLogAppender for s2@group-64B60AA06307->s4
2024-09-29 22:58:01,035 [s2@group-64B60AA06307->s4-GrpcLogAppender-LogAppenderDaemon] INFO  server.RaftServerConfigKeys (ConfUtils.java:logGet(46)) - raft.server.log.appender.snapshot.chunk.size.max = 1k (=1024) (custom)
2024-09-29 22:58:01,035 [s2@group-64B60AA06307->s4-GrpcLogAppender-LogAppenderDaemon] INFO  server.RaftServerConfigKeys (ConfUtils.java:logGet(46)) - raft.server.log.appender.buffer.byte-limit = 4MB (=4194304) (default)
2024-09-29 22:58:01,035 [s2@group-64B60AA06307->s4-GrpcLogAppender-LogAppenderDaemon] INFO  server.RaftServerConfigKeys (ConfUtils.java:logGet(46)) - raft.server.log.appender.buffer.element-limit = 0 (default)
2024-09-29 22:58:01,037 [s2@group-64B60AA06307->s4-GrpcLogAppender-LogAppenderDaemon] INFO  server.RaftServerConfigKeys (ConfUtils.java:logGet(46)) - raft.server.log.appender.wait-time.min = 1ms (default)
2024-09-29 22:58:01,037 [s2@group-64B60AA06307->s4-GrpcLogAppender-LogAppenderDaemon] INFO  grpc.GrpcConfigKeys (ConfUtils.java:logGet(46)) - raft.grpc.server.leader.outstanding.appends.max = 8 (default)
2024-09-29 22:58:01,037 [s2@group-64B60AA06307->s4-GrpcLogAppender-LogAppenderDaemon] INFO  server.RaftServerConfigKeys (ConfUtils.java:logGet(46)) - raft.server.rpc.request.timeout = 3000ms (default)
2024-09-29 22:58:01,037 [s2@group-64B60AA06307->s4-GrpcLogAppender-LogAppenderDaemon] INFO  grpc.GrpcConfigKeys (ConfUtils.java:logGet(46)) - raft.grpc.server.install_snapshot.request.element-limit = 8 (default)
2024-09-29 22:58:01,038 [s2@group-64B60AA06307->s4-GrpcLogAppender-LogAppenderDaemon] INFO  grpc.GrpcConfigKeys (ConfUtils.java:logGet(46)) - raft.grpc.server.install_snapshot.request.timeout = 3000ms (default)
2024-09-29 22:58:01,038 [s2@group-64B60AA06307->s4-GrpcLogAppender-LogAppenderDaemon] INFO  grpc.GrpcConfigKeys (ConfUtils.java:logGet(46)) - raft.grpc.server.log-message.batch.duration = 5s (default)
2024-09-29 22:58:01,038 [s2@group-64B60AA06307->s4-GrpcLogAppender-LogAppenderDaemon] INFO  server.RaftServerConfigKeys (ConfUtils.java:logGet(46)) - raft.server.log.appender.install.snapshot.enabled = true (default)
2024-09-29 22:58:01,038 [s2@group-64B60AA06307->s4-GrpcLogAppender-LogAppenderDaemon] INFO  grpc.GrpcConfigKeys (ConfUtils.java:logGet(46)) - raft.grpc.server.heartbeat.channel = false (custom)
2024-09-29 22:58:01,039 [s0@group-64B60AA06307-FollowerState] INFO  impl.FollowerState (FollowerState.java:run(144)) - s0@group-64B60AA06307-FollowerState: change to CANDIDATE, lastRpcElapsedTime:242930907ns, electionTimeout:167ms
2024-09-29 22:58:01,039 [s0@group-64B60AA06307-FollowerState] INFO  impl.RoleInfo (RoleInfo.java:shutdownFollowerState(119)) - s0: shutdown s0@group-64B60AA06307-FollowerState
2024-09-29 22:58:01,039 [s0@group-64B60AA06307-FollowerState] INFO  server.RaftServer$Division (RaftServerImpl.java:setRole(378)) - s0@group-64B60AA06307: changes role from  FOLLOWER to CANDIDATE at term 1 for changeToCandidate
2024-09-29 22:58:01,039 [s0@group-64B60AA06307-FollowerState] INFO  server.RaftServerConfigKeys (ConfUtils.java:logGet(46)) - raft.server.leaderelection.pre-vote = true (default)
2024-09-29 22:58:01,039 [s0@group-64B60AA06307-FollowerState] INFO  impl.RoleInfo (RoleInfo.java:updateAndGet(148)) - s0: start s0@group-64B60AA06307-LeaderElection4
2024-09-29 22:58:01,041 [s2@group-64B60AA06307->s0-GrpcLogAppender-LogAppenderDaemon] WARN  leader.LogAppenderDaemon (LogAppenderDaemon.java:run(89)) - s2@group-64B60AA06307->s0-GrpcLogAppender-LogAppenderDaemon failed
java.lang.IllegalStateException: Failed to retain: object has already been completely released.
	at org.apache.ratis.util.ReferenceCountedLeakDetector$Impl.retain(ReferenceCountedLeakDetector.java:116)
	at org.apache.ratis.server.raftlog.segmented.SegmentedRaftLog.retainLog(SegmentedRaftLog.java:310)
	at org.apache.ratis.server.raftlog.segmented.SegmentedRaftLog.retainEntryWithData(SegmentedRaftLog.java:327)
	at org.apache.ratis.server.leader.LogAppenderBase.nextAppendEntriesRequest(LogAppenderBase.java:264)
	at org.apache.ratis.grpc.server.GrpcLogAppender.appendLog(GrpcLogAppender.java:387)
	at org.apache.ratis.grpc.server.GrpcLogAppender.run(GrpcLogAppender.java:262)
	at org.apache.ratis.server.leader.LogAppenderDaemon.run(LogAppenderDaemon.java:80)
	at java.lang.Thread.run(Thread.java:750)
2024-09-29 22:58:01,041 [s2@group-64B60AA06307->s4-GrpcLogAppender-LogAppenderDaemon] WARN  leader.LogAppenderDaemon (LogAppenderDaemon.java:run(89)) - s2@group-64B60AA06307->s4-GrpcLogAppender-LogAppenderDaemon failed
java.lang.IllegalStateException: Failed to retain: object has already been completely released.
	at org.apache.ratis.util.ReferenceCountedLeakDetector$Impl.retain(ReferenceCountedLeakDetector.java:116)
	at org.apache.ratis.server.raftlog.segmented.SegmentedRaftLog.retainLog(SegmentedRaftLog.java:310)
	at org.apache.ratis.server.raftlog.segmented.SegmentedRaftLog.retainEntryWithData(SegmentedRaftLog.java:327)
	at org.apache.ratis.server.leader.LogAppenderBase.nextAppendEntriesRequest(LogAppenderBase.java:264)
	at org.apache.ratis.grpc.server.GrpcLogAppender.appendLog(GrpcLogAppender.java:387)
	at org.apache.ratis.grpc.server.GrpcLogAppender.run(GrpcLogAppender.java:262)
	at org.apache.ratis.server.leader.LogAppenderDaemon.run(LogAppenderDaemon.java:80)
	at java.lang.Thread.run(Thread.java:750)
2024-09-29 22:58:01,042 [s2@group-64B60AA06307->s4-GrpcLogAppender-LogAppenderDaemon] INFO  server.RaftServer$Division (LeaderStateImpl.java:restart(687)) - s2@group-64B60AA06307-LeaderStateImpl: Restarting GrpcLogAppender for s2@group-64B60AA06307->s4
2024-09-29 22:58:01,041 [s2@group-64B60AA06307->s0-GrpcLogAppender-LogAppenderDaemon] INFO  server.RaftServer$Division (LeaderStateImpl.java:restart(687)) - s2@group-64B60AA06307-LeaderStateImpl: Restarting GrpcLogAppender for s2@group-64B60AA06307->s0
2024-09-29 22:58:01,042 [s2@group-64B60AA06307->s4-GrpcLogAppender-LogAppenderDaemon] INFO  server.RaftServerConfigKeys (ConfUtils.java:logGet(46)) - raft.server.log.appender.snapshot.chunk.size.max = 1k (=1024) (custom)
2024-09-29 22:58:01,042 [s2@group-64B60AA06307->s4-GrpcLogAppender-LogAppenderDaemon] INFO  server.RaftServerConfigKeys (ConfUtils.java:logGet(46)) - raft.server.log.appender.buffer.byte-limit = 4MB (=4194304) (default)
2024-09-29 22:58:01,042 [s2@group-64B60AA06307->s4-GrpcLogAppender-LogAppenderDaemon] INFO  server.RaftServerConfigKeys (ConfUtils.java:logGet(46)) - raft.server.log.appender.buffer.element-limit = 0 (default)
2024-09-29 22:58:01,042 [s2@group-64B60AA06307->s0-GrpcLogAppender-LogAppenderDaemon] INFO  server.RaftServerConfigKeys (ConfUtils.java:logGet(46)) - raft.server.log.appender.snapshot.chunk.size.max = 1k (=1024) (custom)
2024-09-29 22:58:01,043 [s2@group-64B60AA06307->s0-GrpcLogAppender-LogAppenderDaemon] INFO  server.RaftServerConfigKeys (ConfUtils.java:logGet(46)) - raft.server.log.appender.buffer.byte-limit = 4MB (=4194304) (default)
2024-09-29 22:58:01,043 [s2@group-64B60AA06307->s0-GrpcLogAppender-LogAppenderDaemon] INFO  server.RaftServerConfigKeys (ConfUtils.java:logGet(46)) - raft.server.log.appender.buffer.element-limit = 0 (default)
2024-09-29 22:58:01,049 [s2@group-64B60AA06307->s0-GrpcLogAppender-LogAppenderDaemon] INFO  server.RaftServerConfigKeys (ConfUtils.java:logGet(46)) - raft.server.log.appender.wait-time.min = 1ms (default)
2024-09-29 22:58:01,049 [s2@group-64B60AA06307->s0-GrpcLogAppender-LogAppenderDaemon] INFO  grpc.GrpcConfigKeys (ConfUtils.java:logGet(46)) - raft.grpc.server.leader.outstanding.appends.max = 8 (default)
2024-09-29 22:58:01,049 [s2@group-64B60AA06307->s0-GrpcLogAppender-LogAppenderDaemon] INFO  server.RaftServerConfigKeys (ConfUtils.java:logGet(46)) - raft.server.rpc.request.timeout = 3000ms (default)
2024-09-29 22:58:01,049 [s2@group-64B60AA06307->s0-GrpcLogAppender-LogAppenderDaemon] INFO  grpc.GrpcConfigKeys (ConfUtils.java:logGet(46)) - raft.grpc.server.install_snapshot.request.element-limit = 8 (default)
2024-09-29 22:58:01,050 [s2@group-64B60AA06307->s0-GrpcLogAppender-LogAppenderDaemon] INFO  grpc.GrpcConfigKeys (ConfUtils.java:logGet(46)) - raft.grpc.server.install_snapshot.request.timeout = 3000ms (default)
2024-09-29 22:58:01,050 [s2@group-64B60AA06307->s0-GrpcLogAppender-LogAppenderDaemon] INFO  grpc.GrpcConfigKeys (ConfUtils.java:logGet(46)) - raft.grpc.server.log-message.batch.duration = 5s (default)
2024-09-29 22:58:01,050 [s2@group-64B60AA06307->s0-GrpcLogAppender-LogAppenderDaemon] INFO  server.RaftServerConfigKeys (ConfUtils.java:logGet(46)) - raft.server.log.appender.install.snapshot.enabled = true (default)
2024-09-29 22:58:01,050 [s2@group-64B60AA06307->s0-GrpcLogAppender-LogAppenderDaemon] INFO  grpc.GrpcConfigKeys (ConfUtils.java:logGet(46)) - raft.grpc.server.heartbeat.channel = false (custom)
2024-09-29 22:58:01,050 [s0@group-64B60AA06307-LeaderElection4] INFO  server.RaftServer$Division (ServerState.java:setLeader(272)) - s0@group-64B60AA06307: change Leader from s2 to null at term 1 for PRE_VOTE
2024-09-29 22:58:01,050 [s0@group-64B60AA06307-LeaderElection4] INFO  impl.LeaderElection (LeaderElection.java:askForVotes(325)) - s0@group-64B60AA06307-LeaderElection4 PRE_VOTE round 0: submit vote requests at term 1 for conf: {index: 0, cur=peers:[s0|localhost:15012, s1|localhost:15016, s2|localhost:15020]|listeners:[], old=null}
2024-09-29 22:58:01,050 [s2@group-64B60AA06307->s4-GrpcLogAppender-LogAppenderDaemon] INFO  server.RaftServerConfigKeys (ConfUtils.java:logGet(46)) - raft.server.log.appender.wait-time.min = 1ms (default)
2024-09-29 22:58:01,051 [s2@group-64B60AA06307->s4-GrpcLogAppender-LogAppenderDaemon] INFO  grpc.GrpcConfigKeys (ConfUtils.java:logGet(46)) - raft.grpc.server.leader.outstanding.appends.max = 8 (default)
2024-09-29 22:58:01,051 [s2@group-64B60AA06307->s4-GrpcLogAppender-LogAppenderDaemon] INFO  server.RaftServerConfigKeys (ConfUtils.java:logGet(46)) - raft.server.rpc.request.timeout = 3000ms (default)
2024-09-29 22:58:01,051 [s2@group-64B60AA06307->s4-GrpcLogAppender-LogAppenderDaemon] INFO  grpc.GrpcConfigKeys (ConfUtils.java:logGet(46)) - raft.grpc.server.install_snapshot.request.element-limit = 8 (default)
2024-09-29 22:58:01,051 [s2@group-64B60AA06307->s4-GrpcLogAppender-LogAppenderDaemon] INFO  grpc.GrpcConfigKeys (ConfUtils.java:logGet(46)) - raft.grpc.server.install_snapshot.request.timeout = 3000ms (default)
2024-09-29 22:58:01,051 [s2@group-64B60AA06307->s4-GrpcLogAppender-LogAppenderDaemon] INFO  grpc.GrpcConfigKeys (ConfUtils.java:logGet(46)) - raft.grpc.server.log-message.batch.duration = 5s (default)
2024-09-29 22:58:01,053 [s2@group-64B60AA06307->s4-GrpcLogAppender-LogAppenderDaemon] INFO  server.RaftServerConfigKeys (ConfUtils.java:logGet(46)) - raft.server.log.appender.install.snapshot.enabled = true (default)
2024-09-29 22:58:01,053 [s2@group-64B60AA06307->s4-GrpcLogAppender-LogAppenderDaemon] INFO  grpc.GrpcConfigKeys (ConfUtils.java:logGet(46)) - raft.grpc.server.heartbeat.channel = false (custom)
2024-09-29 22:58:01,050 [s0-server-thread7] INFO  util.CodeInjectionForTesting (BlockRequestHandlingInjection.java:execute(77)) - s0: Block request from s2
2024-09-29 22:58:01,057 [s0@group-64B60AA06307-LeaderElection4-1] INFO  server.GrpcServerProtocolClient (GrpcServerProtocolClient.java:<init>(65)) - Build channel for s1|localhost:15016
2024-09-29 22:58:01,057 [s0@group-64B60AA06307-LeaderElection4-2] INFO  server.GrpcServerProtocolClient (GrpcServerProtocolClient.java:<init>(65)) - Build channel for s2|localhost:15020
2024-09-29 22:58:01,061 [s2@group-64B60AA06307->s4-GrpcLogAppender-LogAppenderDaemon] WARN  leader.LogAppenderDaemon (LogAppenderDaemon.java:run(89)) - s2@group-64B60AA06307->s4-GrpcLogAppender-LogAppenderDaemon failed
java.lang.IllegalStateException: Failed to retain: object has already been completely released.
	at org.apache.ratis.util.ReferenceCountedLeakDetector$Impl.retain(ReferenceCountedLeakDetector.java:116)
	at org.apache.ratis.server.raftlog.segmented.SegmentedRaftLog.retainLog(SegmentedRaftLog.java:310)
	at org.apache.ratis.server.raftlog.segmented.SegmentedRaftLog.retainEntryWithData(SegmentedRaftLog.java:327)
	at org.apache.ratis.server.leader.LogAppenderBase.nextAppendEntriesRequest(LogAppenderBase.java:264)
	at org.apache.ratis.grpc.server.GrpcLogAppender.appendLog(GrpcLogAppender.java:387)
	at org.apache.ratis.grpc.server.GrpcLogAppender.run(GrpcLogAppender.java:262)
	at org.apache.ratis.server.leader.LogAppenderDaemon.run(LogAppenderDaemon.java:80)
	at java.lang.Thread.run(Thread.java:750)
2024-09-29 22:58:01,061 [s2@group-64B60AA06307->s4-GrpcLogAppender-LogAppenderDaemon] INFO  server.RaftServer$Division (LeaderStateImpl.java:restart(687)) - s2@group-64B60AA06307-LeaderStateImpl: Restarting GrpcLogAppender for s2@group-64B60AA06307->s4
2024-09-29 22:58:01,062 [s2@group-64B60AA06307->s4-GrpcLogAppender-LogAppenderDaemon] INFO  server.RaftServerConfigKeys (ConfUtils.java:logGet(46)) - raft.server.log.appender.snapshot.chunk.size.max = 1k (=1024) (custom)
2024-09-29 22:58:01,062 [s2@group-64B60AA06307->s4-GrpcLogAppender-LogAppenderDaemon] INFO  server.RaftServerConfigKeys (ConfUtils.java:logGet(46)) - raft.server.log.appender.buffer.byte-limit = 4MB (=4194304) (default)
2024-09-29 22:58:01,062 [s2@group-64B60AA06307->s4-GrpcLogAppender-LogAppenderDaemon] INFO  server.RaftServerConfigKeys (ConfUtils.java:logGet(46)) - raft.server.log.appender.buffer.element-limit = 0 (default)
2024-09-29 22:58:01,062 [s2@group-64B60AA06307->s0-GrpcLogAppender-LogAppenderDaemon] WARN  leader.LogAppenderDaemon (LogAppenderDaemon.java:run(89)) - s2@group-64B60AA06307->s0-GrpcLogAppender-LogAppenderDaemon failed
java.lang.IllegalStateException: Failed to retain: object has already been completely released.
	at org.apache.ratis.util.ReferenceCountedLeakDetector$Impl.retain(ReferenceCountedLeakDetector.java:116)
	at org.apache.ratis.server.raftlog.segmented.SegmentedRaftLog.retainLog(SegmentedRaftLog.java:310)
	at org.apache.ratis.server.raftlog.segmented.SegmentedRaftLog.retainEntryWithData(SegmentedRaftLog.java:327)
	at org.apache.ratis.server.leader.LogAppenderBase.nextAppendEntriesRequest(LogAppenderBase.java:264)
	at org.apache.ratis.grpc.server.GrpcLogAppender.appendLog(GrpcLogAppender.java:387)
	at org.apache.ratis.grpc.server.GrpcLogAppender.run(GrpcLogAppender.java:262)
	at org.apache.ratis.server.leader.LogAppenderDaemon.run(LogAppenderDaemon.java:80)
	at java.lang.Thread.run(Thread.java:750)
2024-09-29 22:58:01,063 [s2@group-64B60AA06307->s0-GrpcLogAppender-LogAppenderDaemon] INFO  server.RaftServer$Division (LeaderStateImpl.java:restart(687)) - s2@group-64B60AA06307-LeaderStateImpl: Restarting GrpcLogAppender for s2@group-64B60AA06307->s0
2024-09-29 22:58:01,063 [s2@group-64B60AA06307->s0-GrpcLogAppender-LogAppenderDaemon] INFO  server.RaftServerConfigKeys (ConfUtils.java:logGet(46)) - raft.server.log.appender.snapshot.chunk.size.max = 1k (=1024) (custom)
2024-09-29 22:58:01,063 [s2@group-64B60AA06307->s0-GrpcLogAppender-LogAppenderDaemon] INFO  server.RaftServerConfigKeys (ConfUtils.java:logGet(46)) - raft.server.log.appender.buffer.byte-limit = 4MB (=4194304) (default)
2024-09-29 22:58:01,063 [s2@group-64B60AA06307->s0-GrpcLogAppender-LogAppenderDaemon] INFO  server.RaftServerConfigKeys (ConfUtils.java:logGet(46)) - raft.server.log.appender.buffer.element-limit = 0 (default)
2024-09-29 22:58:01,063 [s2@group-64B60AA06307->s0-GrpcLogAppender-LogAppenderDaemon] INFO  server.RaftServerConfigKeys (ConfUtils.java:logGet(46)) - raft.server.log.appender.wait-time.min = 1ms (default)
2024-09-29 22:58:01,063 [s2@group-64B60AA06307->s0-GrpcLogAppender-LogAppenderDaemon] INFO  grpc.GrpcConfigKeys (ConfUtils.java:logGet(46)) - raft.grpc.server.leader.outstanding.appends.max = 8 (default)
2024-09-29 22:58:01,063 [s2@group-64B60AA06307->s0-GrpcLogAppender-LogAppenderDaemon] INFO  server.RaftServerConfigKeys (ConfUtils.java:logGet(46)) - raft.server.rpc.request.timeout = 3000ms (default)
2024-09-29 22:58:01,063 [s2@group-64B60AA06307->s0-GrpcLogAppender-LogAppenderDaemon] INFO  grpc.GrpcConfigKeys (ConfUtils.java:logGet(46)) - raft.grpc.server.install_snapshot.request.element-limit = 8 (default)
2024-09-29 22:58:01,064 [s2@group-64B60AA06307->s0-GrpcLogAppender-LogAppenderDaemon] INFO  grpc.GrpcConfigKeys (ConfUtils.java:logGet(46)) - raft.grpc.server.install_snapshot.request.timeout = 3000ms (default)
2024-09-29 22:58:01,064 [s2@group-64B60AA06307->s0-GrpcLogAppender-LogAppenderDaemon] INFO  grpc.GrpcConfigKeys (ConfUtils.java:logGet(46)) - raft.grpc.server.log-message.batch.duration = 5s (default)
2024-09-29 22:58:01,064 [s2@group-64B60AA06307->s0-GrpcLogAppender-LogAppenderDaemon] INFO  server.RaftServerConfigKeys (ConfUtils.java:logGet(46)) - raft.server.log.appender.install.snapshot.enabled = true (default)
2024-09-29 22:58:01,064 [s2@group-64B60AA06307->s0-GrpcLogAppender-LogAppenderDaemon] INFO  grpc.GrpcConfigKeys (ConfUtils.java:logGet(46)) - raft.grpc.server.heartbeat.channel = false (custom)
2024-09-29 22:58:01,067 [s0-server-thread8] INFO  util.CodeInjectionForTesting (BlockRequestHandlingInjection.java:execute(77)) - s0: Block request from s2
2024-09-29 22:58:01,068 [s2@group-64B60AA06307->s4-GrpcLogAppender-LogAppenderDaemon] INFO  server.RaftServerConfigKeys (ConfUtils.java:logGet(46)) - raft.server.log.appender.wait-time.min = 1ms (default)
2024-09-29 22:58:01,068 [s2@group-64B60AA06307->s4-GrpcLogAppender-LogAppenderDaemon] INFO  grpc.GrpcConfigKeys (ConfUtils.java:logGet(46)) - raft.grpc.server.leader.outstanding.appends.max = 8 (default)
2024-09-29 22:58:01,068 [s2@group-64B60AA06307->s4-GrpcLogAppender-LogAppenderDaemon] INFO  server.RaftServerConfigKeys (ConfUtils.java:logGet(46)) - raft.server.rpc.request.timeout = 3000ms (default)
2024-09-29 22:58:01,068 [s2@group-64B60AA06307->s4-GrpcLogAppender-LogAppenderDaemon] INFO  grpc.GrpcConfigKeys (ConfUtils.java:logGet(46)) - raft.grpc.server.install_snapshot.request.element-limit = 8 (default)
2024-09-29 22:58:01,068 [s2@group-64B60AA06307->s4-GrpcLogAppender-LogAppenderDaemon] INFO  grpc.GrpcConfigKeys (ConfUtils.java:logGet(46)) - raft.grpc.server.install_snapshot.request.timeout = 3000ms (default)
2024-09-29 22:58:01,068 [s2@group-64B60AA06307->s4-GrpcLogAppender-LogAppenderDaemon] INFO  grpc.GrpcConfigKeys (ConfUtils.java:logGet(46)) - raft.grpc.server.log-message.batch.duration = 5s (default)
2024-09-29 22:58:01,068 [s2@group-64B60AA06307->s4-GrpcLogAppender-LogAppenderDaemon] INFO  server.RaftServerConfigKeys (ConfUtils.java:logGet(46)) - raft.server.log.appender.install.snapshot.enabled = true (default)
2024-09-29 22:58:01,068 [s2@group-64B60AA06307->s4-GrpcLogAppender-LogAppenderDaemon] INFO  grpc.GrpcConfigKeys (ConfUtils.java:logGet(46)) - raft.grpc.server.heartbeat.channel = false (custom)
2024-09-29 22:58:01,074 [grpc-default-executor-9] INFO  util.CodeInjectionForTesting (BlockRequestHandlingInjection.java:execute(77)) - s2: Block request from s0
2024-09-29 22:58:01,075 [s2@group-64B60AA06307->s0-GrpcLogAppender-LogAppenderDaemon] WARN  leader.LogAppenderDaemon (LogAppenderDaemon.java:run(89)) - s2@group-64B60AA06307->s0-GrpcLogAppender-LogAppenderDaemon failed
java.lang.IllegalStateException: Failed to retain: object has already been completely released.
	at org.apache.ratis.util.ReferenceCountedLeakDetector$Impl.retain(ReferenceCountedLeakDetector.java:116)
	at org.apache.ratis.server.raftlog.segmented.SegmentedRaftLog.retainLog(SegmentedRaftLog.java:310)
	at org.apache.ratis.server.raftlog.segmented.SegmentedRaftLog.retainEntryWithData(SegmentedRaftLog.java:327)
	at org.apache.ratis.server.leader.LogAppenderBase.nextAppendEntriesRequest(LogAppenderBase.java:264)
	at org.apache.ratis.grpc.server.GrpcLogAppender.appendLog(GrpcLogAppender.java:387)
	at org.apache.ratis.grpc.server.GrpcLogAppender.run(GrpcLogAppender.java:262)
	at org.apache.ratis.server.leader.LogAppenderDaemon.run(LogAppenderDaemon.java:80)
	at java.lang.Thread.run(Thread.java:750)
2024-09-29 22:58:01,075 [s2@group-64B60AA06307->s0-GrpcLogAppender-LogAppenderDaemon] INFO  server.RaftServer$Division (LeaderStateImpl.java:restart(687)) - s2@group-64B60AA06307-LeaderStateImpl: Restarting GrpcLogAppender for s2@group-64B60AA06307->s0
2024-09-29 22:58:01,075 [s2@group-64B60AA06307->s0-GrpcLogAppender-LogAppenderDaemon] INFO  server.RaftServerConfigKeys (ConfUtils.java:logGet(46)) - raft.server.log.appender.snapshot.chunk.size.max = 1k (=1024) (custom)
2024-09-29 22:58:01,076 [grpc-default-executor-13] INFO  util.CodeInjectionForTesting (BlockRequestHandlingInjection.java:execute(77)) - s1: Block request from s0
2024-09-29 22:58:01,076 [s2@group-64B60AA06307->s0-GrpcLogAppender-LogAppenderDaemon] INFO  server.RaftServerConfigKeys (ConfUtils.java:logGet(46)) - raft.server.log.appender.buffer.byte-limit = 4MB (=4194304) (default)
2024-09-29 22:58:01,076 [s2@group-64B60AA06307->s0-GrpcLogAppender-LogAppenderDaemon] INFO  server.RaftServerConfigKeys (ConfUtils.java:logGet(46)) - raft.server.log.appender.buffer.element-limit = 0 (default)
2024-09-29 22:58:01,077 [s2@group-64B60AA06307->s0-GrpcLogAppender-LogAppenderDaemon] INFO  server.RaftServerConfigKeys (ConfUtils.java:logGet(46)) - raft.server.log.appender.wait-time.min = 1ms (default)
2024-09-29 22:58:01,077 [s2@group-64B60AA06307->s0-GrpcLogAppender-LogAppenderDaemon] INFO  grpc.GrpcConfigKeys (ConfUtils.java:logGet(46)) - raft.grpc.server.leader.outstanding.appends.max = 8 (default)
2024-09-29 22:58:01,077 [s2@group-64B60AA06307->s0-GrpcLogAppender-LogAppenderDaemon] INFO  server.RaftServerConfigKeys (ConfUtils.java:logGet(46)) - raft.server.rpc.request.timeout = 3000ms (default)
2024-09-29 22:58:01,077 [s2@group-64B60AA06307->s0-GrpcLogAppender-LogAppenderDaemon] INFO  grpc.GrpcConfigKeys (ConfUtils.java:logGet(46)) - raft.grpc.server.install_snapshot.request.element-limit = 8 (default)
2024-09-29 22:58:01,077 [s2@group-64B60AA06307->s0-GrpcLogAppender-LogAppenderDaemon] INFO  grpc.GrpcConfigKeys (ConfUtils.java:logGet(46)) - raft.grpc.server.install_snapshot.request.timeout = 3000ms (default)
2024-09-29 22:58:01,077 [s2@group-64B60AA06307->s0-GrpcLogAppender-LogAppenderDaemon] INFO  grpc.GrpcConfigKeys (ConfUtils.java:logGet(46)) - raft.grpc.server.log-message.batch.duration = 5s (default)
2024-09-29 22:58:01,078 [s2@group-64B60AA06307->s0-GrpcLogAppender-LogAppenderDaemon] INFO  server.RaftServerConfigKeys (ConfUtils.java:logGet(46)) - raft.server.log.appender.install.snapshot.enabled = true (default)
2024-09-29 22:58:01,078 [s2@group-64B60AA06307->s0-GrpcLogAppender-LogAppenderDaemon] INFO  grpc.GrpcConfigKeys (ConfUtils.java:logGet(46)) - raft.grpc.server.heartbeat.channel = false (custom)
2024-09-29 22:58:01,078 [s0-server-thread9] INFO  util.CodeInjectionForTesting (BlockRequestHandlingInjection.java:execute(77)) - s0: Block request from s2
2024-09-29 22:58:01,080 [s2@group-64B60AA06307->s4-GrpcLogAppender-LogAppenderDaemon] WARN  leader.LogAppenderDaemon (LogAppenderDaemon.java:run(89)) - s2@group-64B60AA06307->s4-GrpcLogAppender-LogAppenderDaemon failed
java.lang.IllegalStateException: Failed to retain: object has already been completely released.
	at org.apache.ratis.util.ReferenceCountedLeakDetector$Impl.retain(ReferenceCountedLeakDetector.java:116)
	at org.apache.ratis.server.raftlog.segmented.SegmentedRaftLog.retainLog(SegmentedRaftLog.java:310)
	at org.apache.ratis.server.raftlog.segmented.SegmentedRaftLog.retainEntryWithData(SegmentedRaftLog.java:327)
	at org.apache.ratis.server.leader.LogAppenderBase.nextAppendEntriesRequest(LogAppenderBase.java:264)
	at org.apache.ratis.grpc.server.GrpcLogAppender.appendLog(GrpcLogAppender.java:387)
	at org.apache.ratis.grpc.server.GrpcLogAppender.run(GrpcLogAppender.java:262)
	at org.apache.ratis.server.leader.LogAppenderDaemon.run(LogAppenderDaemon.java:80)
	at java.lang.Thread.run(Thread.java:750)
2024-09-29 22:58:01,080 [s2@group-64B60AA06307->s4-GrpcLogAppender-LogAppenderDaemon] INFO  server.RaftServer$Division (LeaderStateImpl.java:restart(687)) - s2@group-64B60AA06307-LeaderStateImpl: Restarting GrpcLogAppender for s2@group-64B60AA06307->s4
2024-09-29 22:58:01,081 [s2@group-64B60AA06307->s4-GrpcLogAppender-LogAppenderDaemon] INFO  server.RaftServerConfigKeys (ConfUtils.java:logGet(46)) - raft.server.log.appender.snapshot.chunk.size.max = 1k (=1024) (custom)
2024-09-29 22:58:01,081 [s2@group-64B60AA06307->s4-GrpcLogAppender-LogAppenderDaemon] INFO  server.RaftServerConfigKeys (ConfUtils.java:logGet(46)) - raft.server.log.appender.buffer.byte-limit = 4MB (=4194304) (default)
2024-09-29 22:58:01,081 [s2@group-64B60AA06307->s4-GrpcLogAppender-LogAppenderDaemon] INFO  server.RaftServerConfigKeys (ConfUtils.java:logGet(46)) - raft.server.log.appender.buffer.element-limit = 0 (default)
2024-09-29 22:58:01,085 [s2@group-64B60AA06307->s4-GrpcLogAppender-LogAppenderDaemon] INFO  server.RaftServerConfigKeys (ConfUtils.java:logGet(46)) - raft.server.log.appender.wait-time.min = 1ms (default)
2024-09-29 22:58:01,085 [s2@group-64B60AA06307->s4-GrpcLogAppender-LogAppenderDaemon] INFO  grpc.GrpcConfigKeys (ConfUtils.java:logGet(46)) - raft.grpc.server.leader.outstanding.appends.max = 8 (default)
2024-09-29 22:58:01,086 [s2@group-64B60AA06307->s4-GrpcLogAppender-LogAppenderDaemon] INFO  server.RaftServerConfigKeys (ConfUtils.java:logGet(46)) - raft.server.rpc.request.timeout = 3000ms (default)
2024-09-29 22:58:01,087 [s2@group-64B60AA06307->s4-GrpcLogAppender-LogAppenderDaemon] INFO  grpc.GrpcConfigKeys (ConfUtils.java:logGet(46)) - raft.grpc.server.install_snapshot.request.element-limit = 8 (default)
2024-09-29 22:58:01,087 [s2@group-64B60AA06307->s4-GrpcLogAppender-LogAppenderDaemon] INFO  grpc.GrpcConfigKeys (ConfUtils.java:logGet(46)) - raft.grpc.server.install_snapshot.request.timeout = 3000ms (default)
2024-09-29 22:58:01,087 [s2@group-64B60AA06307->s4-GrpcLogAppender-LogAppenderDaemon] INFO  grpc.GrpcConfigKeys (ConfUtils.java:logGet(46)) - raft.grpc.server.log-message.batch.duration = 5s (default)
2024-09-29 22:58:01,087 [s2@group-64B60AA06307->s4-GrpcLogAppender-LogAppenderDaemon] INFO  server.RaftServerConfigKeys (ConfUtils.java:logGet(46)) - raft.server.log.appender.install.snapshot.enabled = true (default)
2024-09-29 22:58:01,087 [s2@group-64B60AA06307->s4-GrpcLogAppender-LogAppenderDaemon] INFO  grpc.GrpcConfigKeys (ConfUtils.java:logGet(46)) - raft.grpc.server.heartbeat.channel = false (custom)
2024-09-29 22:58:01,088 [s0-server-thread10] INFO  util.CodeInjectionForTesting (BlockRequestHandlingInjection.java:execute(77)) - s0: Block request from s2
2024-09-29 22:58:01,089 [s2@group-64B60AA06307->s0-GrpcLogAppender-LogAppenderDaemon] WARN  leader.LogAppenderDaemon (LogAppenderDaemon.java:run(89)) - s2@group-64B60AA06307->s0-GrpcLogAppender-LogAppenderDaemon failed
java.lang.IllegalStateException: Failed to retain: object has already been completely released.
	at org.apache.ratis.util.ReferenceCountedLeakDetector$Impl.retain(ReferenceCountedLeakDetector.java:116)
	at org.apache.ratis.server.raftlog.segmented.SegmentedRaftLog.retainLog(SegmentedRaftLog.java:310)
	at org.apache.ratis.server.raftlog.segmented.SegmentedRaftLog.retainEntryWithData(SegmentedRaftLog.java:327)
	at org.apache.ratis.server.leader.LogAppenderBase.nextAppendEntriesRequest(LogAppenderBase.java:264)
	at org.apache.ratis.grpc.server.GrpcLogAppender.appendLog(GrpcLogAppender.java:387)
	at org.apache.ratis.grpc.server.GrpcLogAppender.run(GrpcLogAppender.java:262)
	at org.apache.ratis.server.leader.LogAppenderDaemon.run(LogAppenderDaemon.java:80)
	at java.lang.Thread.run(Thread.java:750)
2024-09-29 22:58:01,093 [s2@group-64B60AA06307->s0-GrpcLogAppender-LogAppenderDaemon] INFO  server.RaftServer$Division (LeaderStateImpl.java:restart(687)) - s2@group-64B60AA06307-LeaderStateImpl: Restarting GrpcLogAppender for s2@group-64B60AA06307->s0
2024-09-29 22:58:01,093 [s2@group-64B60AA06307->s0-GrpcLogAppender-LogAppenderDaemon] INFO  server.RaftServerConfigKeys (ConfUtils.java:logGet(46)) - raft.server.log.appender.snapshot.chunk.size.max = 1k (=1024) (custom)
2024-09-29 22:58:01,093 [s2@group-64B60AA06307->s0-GrpcLogAppender-LogAppenderDaemon] INFO  server.RaftServerConfigKeys (ConfUtils.java:logGet(46)) - raft.server.log.appender.buffer.byte-limit = 4MB (=4194304) (default)
2024-09-29 22:58:01,093 [s2@group-64B60AA06307->s0-GrpcLogAppender-LogAppenderDaemon] INFO  server.RaftServerConfigKeys (ConfUtils.java:logGet(46)) - raft.server.log.appender.buffer.element-limit = 0 (default)
2024-09-29 22:58:01,093 [s2@group-64B60AA06307->s0-GrpcLogAppender-LogAppenderDaemon] INFO  server.RaftServerConfigKeys (ConfUtils.java:logGet(46)) - raft.server.log.appender.wait-time.min = 1ms (default)
2024-09-29 22:58:01,093 [s2@group-64B60AA06307->s0-GrpcLogAppender-LogAppenderDaemon] INFO  grpc.GrpcConfigKeys (ConfUtils.java:logGet(46)) - raft.grpc.server.leader.outstanding.appends.max = 8 (default)
2024-09-29 22:58:01,094 [s2@group-64B60AA06307->s0-GrpcLogAppender-LogAppenderDaemon] INFO  server.RaftServerConfigKeys (ConfUtils.java:logGet(46)) - raft.server.rpc.request.timeout = 3000ms (default)
2024-09-29 22:58:01,094 [s2@group-64B60AA06307->s0-GrpcLogAppender-LogAppenderDaemon] INFO  grpc.GrpcConfigKeys (ConfUtils.java:logGet(46)) - raft.grpc.server.install_snapshot.request.element-limit = 8 (default)
2024-09-29 22:58:01,094 [s2@group-64B60AA06307->s0-GrpcLogAppender-LogAppenderDaemon] INFO  grpc.GrpcConfigKeys (ConfUtils.java:logGet(46)) - raft.grpc.server.install_snapshot.request.timeout = 3000ms (default)
2024-09-29 22:58:01,094 [s2@group-64B60AA06307->s0-GrpcLogAppender-LogAppenderDaemon] INFO  grpc.GrpcConfigKeys (ConfUtils.java:logGet(46)) - raft.grpc.server.log-message.batch.duration = 5s (default)
2024-09-29 22:58:01,094 [s2@group-64B60AA06307->s0-GrpcLogAppender-LogAppenderDaemon] INFO  server.RaftServerConfigKeys (ConfUtils.java:logGet(46)) - raft.server.log.appender.install.snapshot.enabled = true (default)
2024-09-29 22:58:01,094 [s2@group-64B60AA06307->s0-GrpcLogAppender-LogAppenderDaemon] INFO  grpc.GrpcConfigKeys (ConfUtils.java:logGet(46)) - raft.grpc.server.heartbeat.channel = false (custom)
2024-09-29 22:58:01,091 [s2@group-64B60AA06307->s4-GrpcLogAppender-LogAppenderDaemon] WARN  leader.LogAppenderDaemon (LogAppenderDaemon.java:run(89)) - s2@group-64B60AA06307->s4-GrpcLogAppender-LogAppenderDaemon failed
java.lang.IllegalStateException: Failed to retain: object has already been completely released.
	at org.apache.ratis.util.ReferenceCountedLeakDetector$Impl.retain(ReferenceCountedLeakDetector.java:116)
	at org.apache.ratis.server.raftlog.segmented.SegmentedRaftLog.retainLog(SegmentedRaftLog.java:310)
	at org.apache.ratis.server.raftlog.segmented.SegmentedRaftLog.retainEntryWithData(SegmentedRaftLog.java:327)
	at org.apache.ratis.server.leader.LogAppenderBase.nextAppendEntriesRequest(LogAppenderBase.java:264)
	at org.apache.ratis.grpc.server.GrpcLogAppender.appendLog(GrpcLogAppender.java:387)
	at org.apache.ratis.grpc.server.GrpcLogAppender.run(GrpcLogAppender.java:262)
	at org.apache.ratis.server.leader.LogAppenderDaemon.run(LogAppenderDaemon.java:80)
	at java.lang.Thread.run(Thread.java:750)
2024-09-29 22:58:01,096 [s2@group-64B60AA06307->s4-GrpcLogAppender-LogAppenderDaemon] INFO  server.RaftServer$Division (LeaderStateImpl.java:restart(687)) - s2@group-64B60AA06307-LeaderStateImpl: Restarting GrpcLogAppender for s2@group-64B60AA06307->s4
2024-09-29 22:58:01,096 [s2@group-64B60AA06307->s4-GrpcLogAppender-LogAppenderDaemon] INFO  server.RaftServerConfigKeys (ConfUtils.java:logGet(46)) - raft.server.log.appender.snapshot.chunk.size.max = 1k (=1024) (custom)
2024-09-29 22:58:01,096 [s2@group-64B60AA06307->s4-GrpcLogAppender-LogAppenderDaemon] INFO  server.RaftServerConfigKeys (ConfUtils.java:logGet(46)) - raft.server.log.appender.buffer.byte-limit = 4MB (=4194304) (default)
2024-09-29 22:58:01,096 [s2@group-64B60AA06307->s4-GrpcLogAppender-LogAppenderDaemon] INFO  server.RaftServerConfigKeys (ConfUtils.java:logGet(46)) - raft.server.log.appender.buffer.element-limit = 0 (default)
2024-09-29 22:58:01,101 [s2@group-64B60AA06307->s4-GrpcLogAppender-LogAppenderDaemon] INFO  server.RaftServerConfigKeys (ConfUtils.java:logGet(46)) - raft.server.log.appender.wait-time.min = 1ms (default)
2024-09-29 22:58:01,101 [s2@group-64B60AA06307->s4-GrpcLogAppender-LogAppenderDaemon] INFO  grpc.GrpcConfigKeys (ConfUtils.java:logGet(46)) - raft.grpc.server.leader.outstanding.appends.max = 8 (default)
2024-09-29 22:58:01,101 [s2@group-64B60AA06307->s4-GrpcLogAppender-LogAppenderDaemon] INFO  server.RaftServerConfigKeys (ConfUtils.java:logGet(46)) - raft.server.rpc.request.timeout = 3000ms (default)
2024-09-29 22:58:01,101 [s2@group-64B60AA06307->s4-GrpcLogAppender-LogAppenderDaemon] INFO  grpc.GrpcConfigKeys (ConfUtils.java:logGet(46)) - raft.grpc.server.install_snapshot.request.element-limit = 8 (default)
2024-09-29 22:58:01,101 [s2@group-64B60AA06307->s4-GrpcLogAppender-LogAppenderDaemon] INFO  grpc.GrpcConfigKeys (ConfUtils.java:logGet(46)) - raft.grpc.server.install_snapshot.request.timeout = 3000ms (default)
2024-09-29 22:58:01,101 [s2@group-64B60AA06307->s4-GrpcLogAppender-LogAppenderDaemon] INFO  grpc.GrpcConfigKeys (ConfUtils.java:logGet(46)) - raft.grpc.server.log-message.batch.duration = 5s (default)
2024-09-29 22:58:01,102 [s2@group-64B60AA06307->s4-GrpcLogAppender-LogAppenderDaemon] INFO  server.RaftServerConfigKeys (ConfUtils.java:logGet(46)) - raft.server.log.appender.install.snapshot.enabled = true (default)
2024-09-29 22:58:01,102 [s2@group-64B60AA06307->s4-GrpcLogAppender-LogAppenderDaemon] INFO  grpc.GrpcConfigKeys (ConfUtils.java:logGet(46)) - raft.grpc.server.heartbeat.channel = false (custom)
2024-09-29 22:58:01,103 [s2@group-64B60AA06307->s0-GrpcLogAppender-LogAppenderDaemon] WARN  leader.LogAppenderDaemon (LogAppenderDaemon.java:run(89)) - s2@group-64B60AA06307->s0-GrpcLogAppender-LogAppenderDaemon failed
java.lang.IllegalStateException: Failed to retain: object has already been completely released.
	at org.apache.ratis.util.ReferenceCountedLeakDetector$Impl.retain(ReferenceCountedLeakDetector.java:116)
	at org.apache.ratis.server.raftlog.segmented.SegmentedRaftLog.retainLog(SegmentedRaftLog.java:310)
	at org.apache.ratis.server.raftlog.segmented.SegmentedRaftLog.retainEntryWithData(SegmentedRaftLog.java:327)
	at org.apache.ratis.server.leader.LogAppenderBase.nextAppendEntriesRequest(LogAppenderBase.java:264)
	at org.apache.ratis.grpc.server.GrpcLogAppender.appendLog(GrpcLogAppender.java:387)
	at org.apache.ratis.grpc.server.GrpcLogAppender.run(GrpcLogAppender.java:262)
	at org.apache.ratis.server.leader.LogAppenderDaemon.run(LogAppenderDaemon.java:80)
	at java.lang.Thread.run(Thread.java:750)
2024-09-29 22:58:01,103 [s2@group-64B60AA06307->s0-GrpcLogAppender-LogAppenderDaemon] INFO  server.RaftServer$Division (LeaderStateImpl.java:restart(687)) - s2@group-64B60AA06307-LeaderStateImpl: Restarting GrpcLogAppender for s2@group-64B60AA06307->s0
2024-09-29 22:58:01,104 [s2@group-64B60AA06307->s0-GrpcLogAppender-LogAppenderDaemon] INFO  server.RaftServerConfigKeys (ConfUtils.java:logGet(46)) - raft.server.log.appender.snapshot.chunk.size.max = 1k (=1024) (custom)
2024-09-29 22:58:01,104 [s2@group-64B60AA06307->s0-GrpcLogAppender-LogAppenderDaemon] INFO  server.RaftServerConfigKeys (ConfUtils.java:logGet(46)) - raft.server.log.appender.buffer.byte-limit = 4MB (=4194304) (default)
2024-09-29 22:58:01,104 [s2@group-64B60AA06307->s0-GrpcLogAppender-LogAppenderDaemon] INFO  server.RaftServerConfigKeys (ConfUtils.java:logGet(46)) - raft.server.log.appender.buffer.element-limit = 0 (default)
2024-09-29 22:58:01,105 [s2@group-64B60AA06307->s0-GrpcLogAppender-LogAppenderDaemon] INFO  server.RaftServerConfigKeys (ConfUtils.java:logGet(46)) - raft.server.log.appender.wait-time.min = 1ms (default)
2024-09-29 22:58:01,105 [s2@group-64B60AA06307->s0-GrpcLogAppender-LogAppenderDaemon] INFO  grpc.GrpcConfigKeys (ConfUtils.java:logGet(46)) - raft.grpc.server.leader.outstanding.appends.max = 8 (default)
2024-09-29 22:58:01,105 [s2@group-64B60AA06307->s0-GrpcLogAppender-LogAppenderDaemon] INFO  server.RaftServerConfigKeys (ConfUtils.java:logGet(46)) - raft.server.rpc.request.timeout = 3000ms (default)
2024-09-29 22:58:01,105 [s2@group-64B60AA06307->s0-GrpcLogAppender-LogAppenderDaemon] INFO  grpc.GrpcConfigKeys (ConfUtils.java:logGet(46)) - raft.grpc.server.install_snapshot.request.element-limit = 8 (default)
2024-09-29 22:58:01,105 [s2@group-64B60AA06307->s0-GrpcLogAppender-LogAppenderDaemon] INFO  grpc.GrpcConfigKeys (ConfUtils.java:logGet(46)) - raft.grpc.server.install_snapshot.request.timeout = 3000ms (default)
2024-09-29 22:58:01,105 [s2@group-64B60AA06307->s0-GrpcLogAppender-LogAppenderDaemon] INFO  grpc.GrpcConfigKeys (ConfUtils.java:logGet(46)) - raft.grpc.server.log-message.batch.duration = 5s (default)
2024-09-29 22:58:01,105 [s2@group-64B60AA06307->s0-GrpcLogAppender-LogAppenderDaemon] INFO  server.RaftServerConfigKeys (ConfUtils.java:logGet(46)) - raft.server.log.appender.install.snapshot.enabled = true (default)
2024-09-29 22:58:01,105 [s2@group-64B60AA06307->s0-GrpcLogAppender-LogAppenderDaemon] INFO  grpc.GrpcConfigKeys (ConfUtils.java:logGet(46)) - raft.grpc.server.heartbeat.channel = false (custom)
2024-09-29 22:58:01,113 [s0-server-thread11] INFO  util.CodeInjectionForTesting (BlockRequestHandlingInjection.java:execute(77)) - s0: Block request from s2
2024-09-29 22:58:01,114 [s2@group-64B60AA06307->s4-GrpcLogAppender-LogAppenderDaemon] WARN  leader.LogAppenderDaemon (LogAppenderDaemon.java:run(89)) - s2@group-64B60AA06307->s4-GrpcLogAppender-LogAppenderDaemon failed
java.lang.IllegalStateException: Failed to retain: object has already been completely released.
	at org.apache.ratis.util.ReferenceCountedLeakDetector$Impl.retain(ReferenceCountedLeakDetector.java:116)
	at org.apache.ratis.server.raftlog.segmented.SegmentedRaftLog.retainLog(SegmentedRaftLog.java:310)
	at org.apache.ratis.server.raftlog.segmented.SegmentedRaftLog.retainEntryWithData(SegmentedRaftLog.java:327)
	at org.apache.ratis.server.leader.LogAppenderBase.nextAppendEntriesRequest(LogAppenderBase.java:264)
	at org.apache.ratis.grpc.server.GrpcLogAppender.appendLog(GrpcLogAppender.java:387)
	at org.apache.ratis.grpc.server.GrpcLogAppender.run(GrpcLogAppender.java:262)
	at org.apache.ratis.server.leader.LogAppenderDaemon.run(LogAppenderDaemon.java:80)
	at java.lang.Thread.run(Thread.java:750)
2024-09-29 22:58:01,114 [s2@group-64B60AA06307->s4-GrpcLogAppender-LogAppenderDaemon] INFO  server.RaftServer$Division (LeaderStateImpl.java:restart(687)) - s2@group-64B60AA06307-LeaderStateImpl: Restarting GrpcLogAppender for s2@group-64B60AA06307->s4
2024-09-29 22:58:01,114 [s2@group-64B60AA06307->s0-GrpcLogAppender-LogAppenderDaemon] WARN  leader.LogAppenderDaemon (LogAppenderDaemon.java:run(89)) - s2@group-64B60AA06307->s0-GrpcLogAppender-LogAppenderDaemon failed
java.lang.IllegalStateException: Failed to retain: object has already been completely released.
	at org.apache.ratis.util.ReferenceCountedLeakDetector$Impl.retain(ReferenceCountedLeakDetector.java:116)
	at org.apache.ratis.server.raftlog.segmented.SegmentedRaftLog.retainLog(SegmentedRaftLog.java:310)
	at org.apache.ratis.server.raftlog.segmented.SegmentedRaftLog.retainEntryWithData(SegmentedRaftLog.java:327)
	at org.apache.ratis.server.leader.LogAppenderBase.nextAppendEntriesRequest(LogAppenderBase.java:264)
	at org.apache.ratis.grpc.server.GrpcLogAppender.appendLog(GrpcLogAppender.java:387)
	at org.apache.ratis.grpc.server.GrpcLogAppender.run(GrpcLogAppender.java:262)
	at org.apache.ratis.server.leader.LogAppenderDaemon.run(LogAppenderDaemon.java:80)
	at java.lang.Thread.run(Thread.java:750)
2024-09-29 22:58:01,115 [s2@group-64B60AA06307->s0-GrpcLogAppender-LogAppenderDaemon] INFO  server.RaftServer$Division (LeaderStateImpl.java:restart(687)) - s2@group-64B60AA06307-LeaderStateImpl: Restarting GrpcLogAppender for s2@group-64B60AA06307->s0
2024-09-29 22:58:01,115 [s2@group-64B60AA06307->s4-GrpcLogAppender-LogAppenderDaemon] INFO  server.RaftServerConfigKeys (ConfUtils.java:logGet(46)) - raft.server.log.appender.snapshot.chunk.size.max = 1k (=1024) (custom)
2024-09-29 22:58:01,115 [s2@group-64B60AA06307->s4-GrpcLogAppender-LogAppenderDaemon] INFO  server.RaftServerConfigKeys (ConfUtils.java:logGet(46)) - raft.server.log.appender.buffer.byte-limit = 4MB (=4194304) (default)
2024-09-29 22:58:01,115 [s2@group-64B60AA06307->s4-GrpcLogAppender-LogAppenderDaemon] INFO  server.RaftServerConfigKeys (ConfUtils.java:logGet(46)) - raft.server.log.appender.buffer.element-limit = 0 (default)
2024-09-29 22:58:01,115 [s2@group-64B60AA06307->s0-GrpcLogAppender-LogAppenderDaemon] INFO  server.RaftServerConfigKeys (ConfUtils.java:logGet(46)) - raft.server.log.appender.snapshot.chunk.size.max = 1k (=1024) (custom)
2024-09-29 22:58:01,115 [s2@group-64B60AA06307->s0-GrpcLogAppender-LogAppenderDaemon] INFO  server.RaftServerConfigKeys (ConfUtils.java:logGet(46)) - raft.server.log.appender.buffer.byte-limit = 4MB (=4194304) (default)
2024-09-29 22:58:01,116 [s2@group-64B60AA06307->s0-GrpcLogAppender-LogAppenderDaemon] INFO  server.RaftServerConfigKeys (ConfUtils.java:logGet(46)) - raft.server.log.appender.buffer.element-limit = 0 (default)
2024-09-29 22:58:01,117 [s2@group-64B60AA06307->s0-GrpcLogAppender-LogAppenderDaemon] INFO  server.RaftServerConfigKeys (ConfUtils.java:logGet(46)) - raft.server.log.appender.wait-time.min = 1ms (default)
2024-09-29 22:58:01,117 [s2@group-64B60AA06307->s0-GrpcLogAppender-LogAppenderDaemon] INFO  grpc.GrpcConfigKeys (ConfUtils.java:logGet(46)) - raft.grpc.server.leader.outstanding.appends.max = 8 (default)
2024-09-29 22:58:01,117 [s2@group-64B60AA06307->s0-GrpcLogAppender-LogAppenderDaemon] INFO  server.RaftServerConfigKeys (ConfUtils.java:logGet(46)) - raft.server.rpc.request.timeout = 3000ms (default)
2024-09-29 22:58:01,117 [s2@group-64B60AA06307->s0-GrpcLogAppender-LogAppenderDaemon] INFO  grpc.GrpcConfigKeys (ConfUtils.java:logGet(46)) - raft.grpc.server.install_snapshot.request.element-limit = 8 (default)
2024-09-29 22:58:01,117 [s2@group-64B60AA06307->s0-GrpcLogAppender-LogAppenderDaemon] INFO  grpc.GrpcConfigKeys (ConfUtils.java:logGet(46)) - raft.grpc.server.install_snapshot.request.timeout = 3000ms (default)
2024-09-29 22:58:01,117 [s2@group-64B60AA06307->s0-GrpcLogAppender-LogAppenderDaemon] INFO  grpc.GrpcConfigKeys (ConfUtils.java:logGet(46)) - raft.grpc.server.log-message.batch.duration = 5s (default)
2024-09-29 22:58:01,117 [s2@group-64B60AA06307->s0-GrpcLogAppender-LogAppenderDaemon] INFO  server.RaftServerConfigKeys (ConfUtils.java:logGet(46)) - raft.server.log.appender.install.snapshot.enabled = true (default)
2024-09-29 22:58:01,117 [s2@group-64B60AA06307->s0-GrpcLogAppender-LogAppenderDaemon] INFO  grpc.GrpcConfigKeys (ConfUtils.java:logGet(46)) - raft.grpc.server.heartbeat.channel = false (custom)
2024-09-29 22:58:01,118 [s0-server-thread12] INFO  util.CodeInjectionForTesting (BlockRequestHandlingInjection.java:execute(77)) - s0: Block request from s2
2024-09-29 22:58:01,121 [s2@group-64B60AA06307->s4-GrpcLogAppender-LogAppenderDaemon] INFO  server.RaftServerConfigKeys (ConfUtils.java:logGet(46)) - raft.server.log.appender.wait-time.min = 1ms (default)
2024-09-29 22:58:01,121 [s2@group-64B60AA06307->s4-GrpcLogAppender-LogAppenderDaemon] INFO  grpc.GrpcConfigKeys (ConfUtils.java:logGet(46)) - raft.grpc.server.leader.outstanding.appends.max = 8 (default)
2024-09-29 22:58:01,121 [s2@group-64B60AA06307->s4-GrpcLogAppender-LogAppenderDaemon] INFO  server.RaftServerConfigKeys (ConfUtils.java:logGet(46)) - raft.server.rpc.request.timeout = 3000ms (default)
2024-09-29 22:58:01,121 [s2@group-64B60AA06307->s4-GrpcLogAppender-LogAppenderDaemon] INFO  grpc.GrpcConfigKeys (ConfUtils.java:logGet(46)) - raft.grpc.server.install_snapshot.request.element-limit = 8 (default)
2024-09-29 22:58:01,121 [s2@group-64B60AA06307->s4-GrpcLogAppender-LogAppenderDaemon] INFO  grpc.GrpcConfigKeys (ConfUtils.java:logGet(46)) - raft.grpc.server.install_snapshot.request.timeout = 3000ms (default)
2024-09-29 22:58:01,121 [s2@group-64B60AA06307->s4-GrpcLogAppender-LogAppenderDaemon] INFO  grpc.GrpcConfigKeys (ConfUtils.java:logGet(46)) - raft.grpc.server.log-message.batch.duration = 5s (default)
2024-09-29 22:58:01,121 [s2@group-64B60AA06307->s4-GrpcLogAppender-LogAppenderDaemon] INFO  server.RaftServerConfigKeys (ConfUtils.java:logGet(46)) - raft.server.log.appender.install.snapshot.enabled = true (default)
2024-09-29 22:58:01,121 [s2@group-64B60AA06307->s4-GrpcLogAppender-LogAppenderDaemon] INFO  grpc.GrpcConfigKeys (ConfUtils.java:logGet(46)) - raft.grpc.server.heartbeat.channel = false (custom)
2024-09-29 22:58:01,124 [s2@group-64B60AA06307->s4-GrpcLogAppender-LogAppenderDaemon] WARN  leader.LogAppenderDaemon (LogAppenderDaemon.java:run(89)) - s2@group-64B60AA06307->s4-GrpcLogAppender-LogAppenderDaemon failed
java.lang.IllegalStateException: Failed to retain: object has already been completely released.
	at org.apache.ratis.util.ReferenceCountedLeakDetector$Impl.retain(ReferenceCountedLeakDetector.java:116)
	at org.apache.ratis.server.raftlog.segmented.SegmentedRaftLog.retainLog(SegmentedRaftLog.java:310)
	at org.apache.ratis.server.raftlog.segmented.SegmentedRaftLog.retainEntryWithData(SegmentedRaftLog.java:327)
	at org.apache.ratis.server.leader.LogAppenderBase.nextAppendEntriesRequest(LogAppenderBase.java:264)
	at org.apache.ratis.grpc.server.GrpcLogAppender.appendLog(GrpcLogAppender.java:387)
	at org.apache.ratis.grpc.server.GrpcLogAppender.run(GrpcLogAppender.java:262)
	at org.apache.ratis.server.leader.LogAppenderDaemon.run(LogAppenderDaemon.java:80)
	at java.lang.Thread.run(Thread.java:750)
2024-09-29 22:58:01,125 [s2@group-64B60AA06307->s4-GrpcLogAppender-LogAppenderDaemon] INFO  server.RaftServer$Division (LeaderStateImpl.java:restart(687)) - s2@group-64B60AA06307-LeaderStateImpl: Restarting GrpcLogAppender for s2@group-64B60AA06307->s4
2024-09-29 22:58:01,125 [s2@group-64B60AA06307->s4-GrpcLogAppender-LogAppenderDaemon] INFO  server.RaftServerConfigKeys (ConfUtils.java:logGet(46)) - raft.server.log.appender.snapshot.chunk.size.max = 1k (=1024) (custom)
2024-09-29 22:58:01,125 [s2@group-64B60AA06307->s4-GrpcLogAppender-LogAppenderDaemon] INFO  server.RaftServerConfigKeys (ConfUtils.java:logGet(46)) - raft.server.log.appender.buffer.byte-limit = 4MB (=4194304) (default)
2024-09-29 22:58:01,125 [s0-server-thread13] INFO  util.CodeInjectionForTesting (BlockRequestHandlingInjection.java:execute(77)) - s0: Block request from s2
2024-09-29 22:58:01,125 [s2@group-64B60AA06307->s4-GrpcLogAppender-LogAppenderDaemon] INFO  server.RaftServerConfigKeys (ConfUtils.java:logGet(46)) - raft.server.log.appender.buffer.element-limit = 0 (default)
2024-09-29 22:58:01,125 [s2@group-64B60AA06307->s4-GrpcLogAppender-LogAppenderDaemon] INFO  server.RaftServerConfigKeys (ConfUtils.java:logGet(46)) - raft.server.log.appender.wait-time.min = 1ms (default)
2024-09-29 22:58:01,126 [s2@group-64B60AA06307->s4-GrpcLogAppender-LogAppenderDaemon] INFO  grpc.GrpcConfigKeys (ConfUtils.java:logGet(46)) - raft.grpc.server.leader.outstanding.appends.max = 8 (default)
2024-09-29 22:58:01,126 [s2@group-64B60AA06307->s4-GrpcLogAppender-LogAppenderDaemon] INFO  server.RaftServerConfigKeys (ConfUtils.java:logGet(46)) - raft.server.rpc.request.timeout = 3000ms (default)
2024-09-29 22:58:01,126 [s2@group-64B60AA06307->s4-GrpcLogAppender-LogAppenderDaemon] INFO  grpc.GrpcConfigKeys (ConfUtils.java:logGet(46)) - raft.grpc.server.install_snapshot.request.element-limit = 8 (default)
2024-09-29 22:58:01,126 [s2@group-64B60AA06307->s4-GrpcLogAppender-LogAppenderDaemon] INFO  grpc.GrpcConfigKeys (ConfUtils.java:logGet(46)) - raft.grpc.server.install_snapshot.request.timeout = 3000ms (default)
2024-09-29 22:58:01,126 [s2@group-64B60AA06307->s4-GrpcLogAppender-LogAppenderDaemon] INFO  grpc.GrpcConfigKeys (ConfUtils.java:logGet(46)) - raft.grpc.server.log-message.batch.duration = 5s (default)
2024-09-29 22:58:01,126 [s2@group-64B60AA06307->s4-GrpcLogAppender-LogAppenderDaemon] INFO  server.RaftServerConfigKeys (ConfUtils.java:logGet(46)) - raft.server.log.appender.install.snapshot.enabled = true (default)
2024-09-29 22:58:01,126 [s2@group-64B60AA06307->s4-GrpcLogAppender-LogAppenderDaemon] INFO  grpc.GrpcConfigKeys (ConfUtils.java:logGet(46)) - raft.grpc.server.heartbeat.channel = false (custom)
2024-09-29 22:58:01,128 [s2@group-64B60AA06307->s0-GrpcLogAppender-LogAppenderDaemon] WARN  leader.LogAppenderDaemon (LogAppenderDaemon.java:run(89)) - s2@group-64B60AA06307->s0-GrpcLogAppender-LogAppenderDaemon failed
java.lang.IllegalStateException: Failed to retain: object has already been completely released.
	at org.apache.ratis.util.ReferenceCountedLeakDetector$Impl.retain(ReferenceCountedLeakDetector.java:116)
	at org.apache.ratis.server.raftlog.segmented.SegmentedRaftLog.retainLog(SegmentedRaftLog.java:310)
	at org.apache.ratis.server.raftlog.segmented.SegmentedRaftLog.retainEntryWithData(SegmentedRaftLog.java:327)
	at org.apache.ratis.server.leader.LogAppenderBase.nextAppendEntriesRequest(LogAppenderBase.java:264)
	at org.apache.ratis.grpc.server.GrpcLogAppender.appendLog(GrpcLogAppender.java:387)
	at org.apache.ratis.grpc.server.GrpcLogAppender.run(GrpcLogAppender.java:262)
	at org.apache.ratis.server.leader.LogAppenderDaemon.run(LogAppenderDaemon.java:80)
	at java.lang.Thread.run(Thread.java:750)
2024-09-29 22:58:01,128 [s2@group-64B60AA06307->s0-GrpcLogAppender-LogAppenderDaemon] INFO  server.RaftServer$Division (LeaderStateImpl.java:restart(687)) - s2@group-64B60AA06307-LeaderStateImpl: Restarting GrpcLogAppender for s2@group-64B60AA06307->s0
2024-09-29 22:58:01,128 [s2@group-64B60AA06307->s0-GrpcLogAppender-LogAppenderDaemon] INFO  server.RaftServerConfigKeys (ConfUtils.java:logGet(46)) - raft.server.log.appender.snapshot.chunk.size.max = 1k (=1024) (custom)
2024-09-29 22:58:01,128 [s2@group-64B60AA06307->s0-GrpcLogAppender-LogAppenderDaemon] INFO  server.RaftServerConfigKeys (ConfUtils.java:logGet(46)) - raft.server.log.appender.buffer.byte-limit = 4MB (=4194304) (default)
2024-09-29 22:58:01,128 [s2@group-64B60AA06307->s0-GrpcLogAppender-LogAppenderDaemon] INFO  server.RaftServerConfigKeys (ConfUtils.java:logGet(46)) - raft.server.log.appender.buffer.element-limit = 0 (default)
2024-09-29 22:58:01,129 [s2@group-64B60AA06307->s0-GrpcLogAppender-LogAppenderDaemon] INFO  server.RaftServerConfigKeys (ConfUtils.java:logGet(46)) - raft.server.log.appender.wait-time.min = 1ms (default)
2024-09-29 22:58:01,129 [s2@group-64B60AA06307->s0-GrpcLogAppender-LogAppenderDaemon] INFO  grpc.GrpcConfigKeys (ConfUtils.java:logGet(46)) - raft.grpc.server.leader.outstanding.appends.max = 8 (default)
2024-09-29 22:58:01,129 [s2@group-64B60AA06307->s0-GrpcLogAppender-LogAppenderDaemon] INFO  server.RaftServerConfigKeys (ConfUtils.java:logGet(46)) - raft.server.rpc.request.timeout = 3000ms (default)
2024-09-29 22:58:01,129 [s2@group-64B60AA06307->s0-GrpcLogAppender-LogAppenderDaemon] INFO  grpc.GrpcConfigKeys (ConfUtils.java:logGet(46)) - raft.grpc.server.install_snapshot.request.element-limit = 8 (default)
2024-09-29 22:58:01,129 [s2@group-64B60AA06307->s0-GrpcLogAppender-LogAppenderDaemon] INFO  grpc.GrpcConfigKeys (ConfUtils.java:logGet(46)) - raft.grpc.server.install_snapshot.request.timeout = 3000ms (default)
2024-09-29 22:58:01,129 [s2@group-64B60AA06307->s0-GrpcLogAppender-LogAppenderDaemon] INFO  grpc.GrpcConfigKeys (ConfUtils.java:logGet(46)) - raft.grpc.server.log-message.batch.duration = 5s (default)
2024-09-29 22:58:01,129 [s2@group-64B60AA06307->s0-GrpcLogAppender-LogAppenderDaemon] INFO  server.RaftServerConfigKeys (ConfUtils.java:logGet(46)) - raft.server.log.appender.install.snapshot.enabled = true (default)
2024-09-29 22:58:01,129 [s2@group-64B60AA06307->s0-GrpcLogAppender-LogAppenderDaemon] INFO  grpc.GrpcConfigKeys (ConfUtils.java:logGet(46)) - raft.grpc.server.heartbeat.channel = false (custom)
2024-09-29 22:58:01,130 [s2@group-64B60AA06307->s4-GrpcLogAppender-LogAppenderDaemon] WARN  leader.LogAppenderDaemon (LogAppenderDaemon.java:run(89)) - s2@group-64B60AA06307->s4-GrpcLogAppender-LogAppenderDaemon failed
java.lang.IllegalStateException: Failed to retain: object has already been completely released.
	at org.apache.ratis.util.ReferenceCountedLeakDetector$Impl.retain(ReferenceCountedLeakDetector.java:116)
	at org.apache.ratis.server.raftlog.segmented.SegmentedRaftLog.retainLog(SegmentedRaftLog.java:310)
	at org.apache.ratis.server.raftlog.segmented.SegmentedRaftLog.retainEntryWithData(SegmentedRaftLog.java:327)
	at org.apache.ratis.server.leader.LogAppenderBase.nextAppendEntriesRequest(LogAppenderBase.java:264)
	at org.apache.ratis.grpc.server.GrpcLogAppender.appendLog(GrpcLogAppender.java:387)
	at org.apache.ratis.grpc.server.GrpcLogAppender.run(GrpcLogAppender.java:262)
	at org.apache.ratis.server.leader.LogAppenderDaemon.run(LogAppenderDaemon.java:80)
	at java.lang.Thread.run(Thread.java:750)
2024-09-29 22:58:01,130 [s2@group-64B60AA06307->s4-GrpcLogAppender-LogAppenderDaemon] INFO  server.RaftServer$Division (LeaderStateImpl.java:restart(687)) - s2@group-64B60AA06307-LeaderStateImpl: Restarting GrpcLogAppender for s2@group-64B60AA06307->s4
2024-09-29 22:58:01,130 [s2@group-64B60AA06307->s4-GrpcLogAppender-LogAppenderDaemon] INFO  server.RaftServerConfigKeys (ConfUtils.java:logGet(46)) - raft.server.log.appender.snapshot.chunk.size.max = 1k (=1024) (custom)
2024-09-29 22:58:01,130 [s2@group-64B60AA06307->s4-GrpcLogAppender-LogAppenderDaemon] INFO  server.RaftServerConfigKeys (ConfUtils.java:logGet(46)) - raft.server.log.appender.buffer.byte-limit = 4MB (=4194304) (default)
2024-09-29 22:58:01,131 [s2@group-64B60AA06307->s4-GrpcLogAppender-LogAppenderDaemon] INFO  server.RaftServerConfigKeys (ConfUtils.java:logGet(46)) - raft.server.log.appender.buffer.element-limit = 0 (default)
2024-09-29 22:58:01,131 [s2@group-64B60AA06307->s4-GrpcLogAppender-LogAppenderDaemon] INFO  server.RaftServerConfigKeys (ConfUtils.java:logGet(46)) - raft.server.log.appender.wait-time.min = 1ms (default)
2024-09-29 22:58:01,131 [s2@group-64B60AA06307->s4-GrpcLogAppender-LogAppenderDaemon] INFO  grpc.GrpcConfigKeys (ConfUtils.java:logGet(46)) - raft.grpc.server.leader.outstanding.appends.max = 8 (default)
2024-09-29 22:58:01,131 [s2@group-64B60AA06307->s4-GrpcLogAppender-LogAppenderDaemon] INFO  server.RaftServerConfigKeys (ConfUtils.java:logGet(46)) - raft.server.rpc.request.timeout = 3000ms (default)
2024-09-29 22:58:01,132 [s2@group-64B60AA06307->s4-GrpcLogAppender-LogAppenderDaemon] INFO  grpc.GrpcConfigKeys (ConfUtils.java:logGet(46)) - raft.grpc.server.install_snapshot.request.element-limit = 8 (default)
2024-09-29 22:58:01,132 [s2@group-64B60AA06307->s4-GrpcLogAppender-LogAppenderDaemon] INFO  grpc.GrpcConfigKeys (ConfUtils.java:logGet(46)) - raft.grpc.server.install_snapshot.request.timeout = 3000ms (default)
2024-09-29 22:58:01,132 [s2@group-64B60AA06307->s4-GrpcLogAppender-LogAppenderDaemon] INFO  grpc.GrpcConfigKeys (ConfUtils.java:logGet(46)) - raft.grpc.server.log-message.batch.duration = 5s (default)
2024-09-29 22:58:01,132 [s2@group-64B60AA06307->s4-GrpcLogAppender-LogAppenderDaemon] INFO  server.RaftServerConfigKeys (ConfUtils.java:logGet(46)) - raft.server.log.appender.install.snapshot.enabled = true (default)
2024-09-29 22:58:01,132 [s2@group-64B60AA06307->s4-GrpcLogAppender-LogAppenderDaemon] INFO  grpc.GrpcConfigKeys (ConfUtils.java:logGet(46)) - raft.grpc.server.heartbeat.channel = false (custom)
2024-09-29 22:58:01,132 [s2@group-64B60AA06307->s0-GrpcLogAppender-LogAppenderDaemon] WARN  leader.LogAppenderDaemon (LogAppenderDaemon.java:run(89)) - s2@group-64B60AA06307->s0-GrpcLogAppender-LogAppenderDaemon failed
java.lang.IllegalStateException: Failed to retain: object has already been completely released.
	at org.apache.ratis.util.ReferenceCountedLeakDetector$Impl.retain(ReferenceCountedLeakDetector.java:116)
	at org.apache.ratis.server.raftlog.segmented.SegmentedRaftLog.retainLog(SegmentedRaftLog.java:310)
	at org.apache.ratis.server.raftlog.segmented.SegmentedRaftLog.retainEntryWithData(SegmentedRaftLog.java:327)
	at org.apache.ratis.server.leader.LogAppenderBase.nextAppendEntriesRequest(LogAppenderBase.java:264)
	at org.apache.ratis.grpc.server.GrpcLogAppender.appendLog(GrpcLogAppender.java:387)
	at org.apache.ratis.grpc.server.GrpcLogAppender.run(GrpcLogAppender.java:262)
	at org.apache.ratis.server.leader.LogAppenderDaemon.run(LogAppenderDaemon.java:80)
	at java.lang.Thread.run(Thread.java:750)
2024-09-29 22:58:01,133 [s2@group-64B60AA06307->s0-GrpcLogAppender-LogAppenderDaemon] INFO  server.RaftServer$Division (LeaderStateImpl.java:restart(687)) - s2@group-64B60AA06307-LeaderStateImpl: Restarting GrpcLogAppender for s2@group-64B60AA06307->s0
2024-09-29 22:58:01,133 [s2@group-64B60AA06307->s0-GrpcLogAppender-LogAppenderDaemon] INFO  server.RaftServerConfigKeys (ConfUtils.java:logGet(46)) - raft.server.log.appender.snapshot.chunk.size.max = 1k (=1024) (custom)
2024-09-29 22:58:01,133 [s2@group-64B60AA06307->s0-GrpcLogAppender-LogAppenderDaemon] INFO  server.RaftServerConfigKeys (ConfUtils.java:logGet(46)) - raft.server.log.appender.buffer.byte-limit = 4MB (=4194304) (default)
2024-09-29 22:58:01,133 [s2@group-64B60AA06307->s0-GrpcLogAppender-LogAppenderDaemon] INFO  server.RaftServerConfigKeys (ConfUtils.java:logGet(46)) - raft.server.log.appender.buffer.element-limit = 0 (default)
2024-09-29 22:58:01,133 [s2@group-64B60AA06307->s0-GrpcLogAppender-LogAppenderDaemon] INFO  server.RaftServerConfigKeys (ConfUtils.java:logGet(46)) - raft.server.log.appender.wait-time.min = 1ms (default)
2024-09-29 22:58:01,133 [s2@group-64B60AA06307->s0-GrpcLogAppender-LogAppenderDaemon] INFO  grpc.GrpcConfigKeys (ConfUtils.java:logGet(46)) - raft.grpc.server.leader.outstanding.appends.max = 8 (default)
2024-09-29 22:58:01,133 [s2@group-64B60AA06307->s0-GrpcLogAppender-LogAppenderDaemon] INFO  server.RaftServerConfigKeys (ConfUtils.java:logGet(46)) - raft.server.rpc.request.timeout = 3000ms (default)
2024-09-29 22:58:01,133 [s2@group-64B60AA06307->s0-GrpcLogAppender-LogAppenderDaemon] INFO  grpc.GrpcConfigKeys (ConfUtils.java:logGet(46)) - raft.grpc.server.install_snapshot.request.element-limit = 8 (default)
2024-09-29 22:58:01,134 [s2@group-64B60AA06307->s0-GrpcLogAppender-LogAppenderDaemon] INFO  grpc.GrpcConfigKeys (ConfUtils.java:logGet(46)) - raft.grpc.server.install_snapshot.request.timeout = 3000ms (default)
2024-09-29 22:58:01,134 [s2@group-64B60AA06307->s0-GrpcLogAppender-LogAppenderDaemon] INFO  grpc.GrpcConfigKeys (ConfUtils.java:logGet(46)) - raft.grpc.server.log-message.batch.duration = 5s (default)
2024-09-29 22:58:01,134 [s2@group-64B60AA06307->s0-GrpcLogAppender-LogAppenderDaemon] INFO  server.RaftServerConfigKeys (ConfUtils.java:logGet(46)) - raft.server.log.appender.install.snapshot.enabled = true (default)
2024-09-29 22:58:01,134 [s2@group-64B60AA06307->s0-GrpcLogAppender-LogAppenderDaemon] INFO  grpc.GrpcConfigKeys (ConfUtils.java:logGet(46)) - raft.grpc.server.heartbeat.channel = false (custom)
2024-09-29 22:58:01,135 [s0-server-thread14] INFO  util.CodeInjectionForTesting (BlockRequestHandlingInjection.java:execute(77)) - s0: Block request from s2
2024-09-29 22:58:01,136 [s2@group-64B60AA06307->s4-GrpcLogAppender-LogAppenderDaemon] WARN  leader.LogAppenderDaemon (LogAppenderDaemon.java:run(89)) - s2@group-64B60AA06307->s4-GrpcLogAppender-LogAppenderDaemon failed
java.lang.IllegalStateException: Failed to retain: object has already been completely released.
	at org.apache.ratis.util.ReferenceCountedLeakDetector$Impl.retain(ReferenceCountedLeakDetector.java:116)
	at org.apache.ratis.server.raftlog.segmented.SegmentedRaftLog.retainLog(SegmentedRaftLog.java:310)
	at org.apache.ratis.server.raftlog.segmented.SegmentedRaftLog.retainEntryWithData(SegmentedRaftLog.java:327)
	at org.apache.ratis.server.leader.LogAppenderBase.nextAppendEntriesRequest(LogAppenderBase.java:264)
	at org.apache.ratis.grpc.server.GrpcLogAppender.appendLog(GrpcLogAppender.java:387)
	at org.apache.ratis.grpc.server.GrpcLogAppender.run(GrpcLogAppender.java:262)
	at org.apache.ratis.server.leader.LogAppenderDaemon.run(LogAppenderDaemon.java:80)
	at java.lang.Thread.run(Thread.java:750)
2024-09-29 22:58:01,136 [s2@group-64B60AA06307->s4-GrpcLogAppender-LogAppenderDaemon] INFO  server.RaftServer$Division (LeaderStateImpl.java:restart(687)) - s2@group-64B60AA06307-LeaderStateImpl: Restarting GrpcLogAppender for s2@group-64B60AA06307->s4
2024-09-29 22:58:01,136 [s2@group-64B60AA06307->s4-GrpcLogAppender-LogAppenderDaemon] INFO  server.RaftServerConfigKeys (ConfUtils.java:logGet(46)) - raft.server.log.appender.snapshot.chunk.size.max = 1k (=1024) (custom)
2024-09-29 22:58:01,136 [s2@group-64B60AA06307->s4-GrpcLogAppender-LogAppenderDaemon] INFO  server.RaftServerConfigKeys (ConfUtils.java:logGet(46)) - raft.server.log.appender.buffer.byte-limit = 4MB (=4194304) (default)
2024-09-29 22:58:01,137 [s2@group-64B60AA06307->s4-GrpcLogAppender-LogAppenderDaemon] INFO  server.RaftServerConfigKeys (ConfUtils.java:logGet(46)) - raft.server.log.appender.buffer.element-limit = 0 (default)
2024-09-29 22:58:01,137 [s2@group-64B60AA06307->s4-GrpcLogAppender-LogAppenderDaemon] INFO  server.RaftServerConfigKeys (ConfUtils.java:logGet(46)) - raft.server.log.appender.wait-time.min = 1ms (default)
2024-09-29 22:58:01,137 [s2@group-64B60AA06307->s4-GrpcLogAppender-LogAppenderDaemon] INFO  grpc.GrpcConfigKeys (ConfUtils.java:logGet(46)) - raft.grpc.server.leader.outstanding.appends.max = 8 (default)
2024-09-29 22:58:01,137 [s2@group-64B60AA06307->s4-GrpcLogAppender-LogAppenderDaemon] INFO  server.RaftServerConfigKeys (ConfUtils.java:logGet(46)) - raft.server.rpc.request.timeout = 3000ms (default)
2024-09-29 22:58:01,137 [s2@group-64B60AA06307->s4-GrpcLogAppender-LogAppenderDaemon] INFO  grpc.GrpcConfigKeys (ConfUtils.java:logGet(46)) - raft.grpc.server.install_snapshot.request.element-limit = 8 (default)
2024-09-29 22:58:01,137 [s2@group-64B60AA06307->s4-GrpcLogAppender-LogAppenderDaemon] INFO  grpc.GrpcConfigKeys (ConfUtils.java:logGet(46)) - raft.grpc.server.install_snapshot.request.timeout = 3000ms (default)
2024-09-29 22:58:01,137 [s2@group-64B60AA06307->s4-GrpcLogAppender-LogAppenderDaemon] INFO  grpc.GrpcConfigKeys (ConfUtils.java:logGet(46)) - raft.grpc.server.log-message.batch.duration = 5s (default)
2024-09-29 22:58:01,137 [s2@group-64B60AA06307->s4-GrpcLogAppender-LogAppenderDaemon] INFO  server.RaftServerConfigKeys (ConfUtils.java:logGet(46)) - raft.server.log.appender.install.snapshot.enabled = true (default)
2024-09-29 22:58:01,137 [s2@group-64B60AA06307->s4-GrpcLogAppender-LogAppenderDaemon] INFO  grpc.GrpcConfigKeys (ConfUtils.java:logGet(46)) - raft.grpc.server.heartbeat.channel = false (custom)
2024-09-29 22:58:01,138 [s2@group-64B60AA06307->s0-GrpcLogAppender-LogAppenderDaemon] WARN  leader.LogAppenderDaemon (LogAppenderDaemon.java:run(89)) - s2@group-64B60AA06307->s0-GrpcLogAppender-LogAppenderDaemon failed
java.lang.IllegalStateException: Failed to retain: object has already been completely released.
	at org.apache.ratis.util.ReferenceCountedLeakDetector$Impl.retain(ReferenceCountedLeakDetector.java:116)
	at org.apache.ratis.server.raftlog.segmented.SegmentedRaftLog.retainLog(SegmentedRaftLog.java:310)
	at org.apache.ratis.server.raftlog.segmented.SegmentedRaftLog.retainEntryWithData(SegmentedRaftLog.java:327)
	at org.apache.ratis.server.leader.LogAppenderBase.nextAppendEntriesRequest(LogAppenderBase.java:264)
	at org.apache.ratis.grpc.server.GrpcLogAppender.appendLog(GrpcLogAppender.java:387)
	at org.apache.ratis.grpc.server.GrpcLogAppender.run(GrpcLogAppender.java:262)
	at org.apache.ratis.server.leader.LogAppenderDaemon.run(LogAppenderDaemon.java:80)
	at java.lang.Thread.run(Thread.java:750)
2024-09-29 22:58:01,138 [s0-server-thread15] INFO  util.CodeInjectionForTesting (BlockRequestHandlingInjection.java:execute(77)) - s0: Block request from s2
2024-09-29 22:58:01,138 [s2@group-64B60AA06307->s0-GrpcLogAppender-LogAppenderDaemon] INFO  server.RaftServer$Division (LeaderStateImpl.java:restart(687)) - s2@group-64B60AA06307-LeaderStateImpl: Restarting GrpcLogAppender for s2@group-64B60AA06307->s0
2024-09-29 22:58:01,138 [s2@group-64B60AA06307->s0-GrpcLogAppender-LogAppenderDaemon] INFO  server.RaftServerConfigKeys (ConfUtils.java:logGet(46)) - raft.server.log.appender.snapshot.chunk.size.max = 1k (=1024) (custom)
2024-09-29 22:58:01,138 [s2@group-64B60AA06307->s0-GrpcLogAppender-LogAppenderDaemon] INFO  server.RaftServerConfigKeys (ConfUtils.java:logGet(46)) - raft.server.log.appender.buffer.byte-limit = 4MB (=4194304) (default)
2024-09-29 22:58:01,138 [s2@group-64B60AA06307->s0-GrpcLogAppender-LogAppenderDaemon] INFO  server.RaftServerConfigKeys (ConfUtils.java:logGet(46)) - raft.server.log.appender.buffer.element-limit = 0 (default)
2024-09-29 22:58:01,141 [s1@group-64B60AA06307-FollowerState] INFO  impl.FollowerState (FollowerState.java:run(144)) - s1@group-64B60AA06307-FollowerState: change to CANDIDATE, lastRpcElapsedTime:346560372ns, electionTimeout:159ms
2024-09-29 22:58:01,141 [s1@group-64B60AA06307-FollowerState] INFO  impl.RoleInfo (RoleInfo.java:shutdownFollowerState(119)) - s1: shutdown s1@group-64B60AA06307-FollowerState
2024-09-29 22:58:01,141 [s1@group-64B60AA06307-FollowerState] INFO  server.RaftServer$Division (RaftServerImpl.java:setRole(378)) - s1@group-64B60AA06307: changes role from  FOLLOWER to CANDIDATE at term 1 for changeToCandidate
2024-09-29 22:58:01,141 [s1@group-64B60AA06307-FollowerState] INFO  server.RaftServerConfigKeys (ConfUtils.java:logGet(46)) - raft.server.leaderelection.pre-vote = true (default)
2024-09-29 22:58:01,141 [s1@group-64B60AA06307-FollowerState] INFO  impl.RoleInfo (RoleInfo.java:updateAndGet(148)) - s1: start s1@group-64B60AA06307-LeaderElection5
2024-09-29 22:58:01,141 [s2@group-64B60AA06307->s0-GrpcLogAppender-LogAppenderDaemon] INFO  server.RaftServerConfigKeys (ConfUtils.java:logGet(46)) - raft.server.log.appender.wait-time.min = 1ms (default)
2024-09-29 22:58:01,145 [s2@group-64B60AA06307->s0-GrpcLogAppender-LogAppenderDaemon] INFO  grpc.GrpcConfigKeys (ConfUtils.java:logGet(46)) - raft.grpc.server.leader.outstanding.appends.max = 8 (default)
2024-09-29 22:58:01,145 [s2@group-64B60AA06307->s0-GrpcLogAppender-LogAppenderDaemon] INFO  server.RaftServerConfigKeys (ConfUtils.java:logGet(46)) - raft.server.rpc.request.timeout = 3000ms (default)
2024-09-29 22:58:01,145 [s2@group-64B60AA06307->s0-GrpcLogAppender-LogAppenderDaemon] INFO  grpc.GrpcConfigKeys (ConfUtils.java:logGet(46)) - raft.grpc.server.install_snapshot.request.element-limit = 8 (default)
2024-09-29 22:58:01,145 [s2@group-64B60AA06307->s0-GrpcLogAppender-LogAppenderDaemon] INFO  grpc.GrpcConfigKeys (ConfUtils.java:logGet(46)) - raft.grpc.server.install_snapshot.request.timeout = 3000ms (default)
2024-09-29 22:58:01,145 [s2@group-64B60AA06307->s0-GrpcLogAppender-LogAppenderDaemon] INFO  grpc.GrpcConfigKeys (ConfUtils.java:logGet(46)) - raft.grpc.server.log-message.batch.duration = 5s (default)
2024-09-29 22:58:01,146 [s2@group-64B60AA06307->s0-GrpcLogAppender-LogAppenderDaemon] INFO  server.RaftServerConfigKeys (ConfUtils.java:logGet(46)) - raft.server.log.appender.install.snapshot.enabled = true (default)
2024-09-29 22:58:01,146 [s2@group-64B60AA06307->s0-GrpcLogAppender-LogAppenderDaemon] INFO  grpc.GrpcConfigKeys (ConfUtils.java:logGet(46)) - raft.grpc.server.heartbeat.channel = false (custom)
2024-09-29 22:58:01,145 [s1@group-64B60AA06307-LeaderElection5] INFO  server.RaftServer$Division (ServerState.java:setLeader(272)) - s1@group-64B60AA06307: change Leader from s2 to null at term 1 for PRE_VOTE
2024-09-29 22:58:01,146 [s1@group-64B60AA06307-LeaderElection5] INFO  impl.LeaderElection (LeaderElection.java:askForVotes(325)) - s1@group-64B60AA06307-LeaderElection5 PRE_VOTE round 0: submit vote requests at term 1 for conf: {index: 0, cur=peers:[s0|localhost:15012, s1|localhost:15016, s2|localhost:15020]|listeners:[], old=null}
2024-09-29 22:58:01,147 [s2@group-64B60AA06307->s4-GrpcLogAppender-LogAppenderDaemon] WARN  leader.LogAppenderDaemon (LogAppenderDaemon.java:run(89)) - s2@group-64B60AA06307->s4-GrpcLogAppender-LogAppenderDaemon failed
java.lang.IllegalStateException: Failed to retain: object has already been completely released.
	at org.apache.ratis.util.ReferenceCountedLeakDetector$Impl.retain(ReferenceCountedLeakDetector.java:116)
	at org.apache.ratis.server.raftlog.segmented.SegmentedRaftLog.retainLog(SegmentedRaftLog.java:310)
	at org.apache.ratis.server.raftlog.segmented.SegmentedRaftLog.retainEntryWithData(SegmentedRaftLog.java:327)
	at org.apache.ratis.server.leader.LogAppenderBase.nextAppendEntriesRequest(LogAppenderBase.java:264)
	at org.apache.ratis.grpc.server.GrpcLogAppender.appendLog(GrpcLogAppender.java:387)
	at org.apache.ratis.grpc.server.GrpcLogAppender.run(GrpcLogAppender.java:262)
	at org.apache.ratis.server.leader.LogAppenderDaemon.run(LogAppenderDaemon.java:80)
	at java.lang.Thread.run(Thread.java:750)
2024-09-29 22:58:01,147 [s2@group-64B60AA06307->s4-GrpcLogAppender-LogAppenderDaemon] INFO  server.RaftServer$Division (LeaderStateImpl.java:restart(687)) - s2@group-64B60AA06307-LeaderStateImpl: Restarting GrpcLogAppender for s2@group-64B60AA06307->s4
2024-09-29 22:58:01,148 [s2@group-64B60AA06307->s4-GrpcLogAppender-LogAppenderDaemon] INFO  server.RaftServerConfigKeys (ConfUtils.java:logGet(46)) - raft.server.log.appender.snapshot.chunk.size.max = 1k (=1024) (custom)
2024-09-29 22:58:01,148 [s2@group-64B60AA06307->s4-GrpcLogAppender-LogAppenderDaemon] INFO  server.RaftServerConfigKeys (ConfUtils.java:logGet(46)) - raft.server.log.appender.buffer.byte-limit = 4MB (=4194304) (default)
2024-09-29 22:58:01,148 [s2@group-64B60AA06307->s4-GrpcLogAppender-LogAppenderDaemon] INFO  server.RaftServerConfigKeys (ConfUtils.java:logGet(46)) - raft.server.log.appender.buffer.element-limit = 0 (default)
2024-09-29 22:58:01,148 [s2@group-64B60AA06307->s4-GrpcLogAppender-LogAppenderDaemon] INFO  server.RaftServerConfigKeys (ConfUtils.java:logGet(46)) - raft.server.log.appender.wait-time.min = 1ms (default)
2024-09-29 22:58:01,148 [s1@group-64B60AA06307-LeaderElection5-2] INFO  server.GrpcServerProtocolClient (GrpcServerProtocolClient.java:<init>(65)) - Build channel for s2|localhost:15020
2024-09-29 22:58:01,148 [s2@group-64B60AA06307->s4-GrpcLogAppender-LogAppenderDaemon] INFO  grpc.GrpcConfigKeys (ConfUtils.java:logGet(46)) - raft.grpc.server.leader.outstanding.appends.max = 8 (default)
2024-09-29 22:58:01,149 [s2@group-64B60AA06307->s4-GrpcLogAppender-LogAppenderDaemon] INFO  server.RaftServerConfigKeys (ConfUtils.java:logGet(46)) - raft.server.rpc.request.timeout = 3000ms (default)
2024-09-29 22:58:01,149 [s2@group-64B60AA06307->s4-GrpcLogAppender-LogAppenderDaemon] INFO  grpc.GrpcConfigKeys (ConfUtils.java:logGet(46)) - raft.grpc.server.install_snapshot.request.element-limit = 8 (default)
2024-09-29 22:58:01,149 [s2@group-64B60AA06307->s4-GrpcLogAppender-LogAppenderDaemon] INFO  grpc.GrpcConfigKeys (ConfUtils.java:logGet(46)) - raft.grpc.server.install_snapshot.request.timeout = 3000ms (default)
2024-09-29 22:58:01,149 [s2@group-64B60AA06307->s4-GrpcLogAppender-LogAppenderDaemon] INFO  grpc.GrpcConfigKeys (ConfUtils.java:logGet(46)) - raft.grpc.server.log-message.batch.duration = 5s (default)
2024-09-29 22:58:01,150 [s2@group-64B60AA06307->s4-GrpcLogAppender-LogAppenderDaemon] INFO  server.RaftServerConfigKeys (ConfUtils.java:logGet(46)) - raft.server.log.appender.install.snapshot.enabled = true (default)
2024-09-29 22:58:01,150 [s2@group-64B60AA06307->s4-GrpcLogAppender-LogAppenderDaemon] INFO  grpc.GrpcConfigKeys (ConfUtils.java:logGet(46)) - raft.grpc.server.heartbeat.channel = false (custom)
2024-09-29 22:58:01,150 [s2@group-64B60AA06307->s0-GrpcLogAppender-LogAppenderDaemon] WARN  leader.LogAppenderDaemon (LogAppenderDaemon.java:run(89)) - s2@group-64B60AA06307->s0-GrpcLogAppender-LogAppenderDaemon failed
java.lang.IllegalStateException: Failed to retain: object has already been completely released.
	at org.apache.ratis.util.ReferenceCountedLeakDetector$Impl.retain(ReferenceCountedLeakDetector.java:116)
	at org.apache.ratis.server.raftlog.segmented.SegmentedRaftLog.retainLog(SegmentedRaftLog.java:310)
	at org.apache.ratis.server.raftlog.segmented.SegmentedRaftLog.retainEntryWithData(SegmentedRaftLog.java:327)
	at org.apache.ratis.server.leader.LogAppenderBase.nextAppendEntriesRequest(LogAppenderBase.java:264)
	at org.apache.ratis.grpc.server.GrpcLogAppender.appendLog(GrpcLogAppender.java:387)
	at org.apache.ratis.grpc.server.GrpcLogAppender.run(GrpcLogAppender.java:262)
	at org.apache.ratis.server.leader.LogAppenderDaemon.run(LogAppenderDaemon.java:80)
	at java.lang.Thread.run(Thread.java:750)
2024-09-29 22:58:01,150 [s2@group-64B60AA06307->s0-GrpcLogAppender-LogAppenderDaemon] INFO  server.RaftServer$Division (LeaderStateImpl.java:restart(687)) - s2@group-64B60AA06307-LeaderStateImpl: Restarting GrpcLogAppender for s2@group-64B60AA06307->s0
2024-09-29 22:58:01,151 [s2@group-64B60AA06307->s0-GrpcLogAppender-LogAppenderDaemon] INFO  server.RaftServerConfigKeys (ConfUtils.java:logGet(46)) - raft.server.log.appender.snapshot.chunk.size.max = 1k (=1024) (custom)
2024-09-29 22:58:01,151 [s2@group-64B60AA06307->s0-GrpcLogAppender-LogAppenderDaemon] INFO  server.RaftServerConfigKeys (ConfUtils.java:logGet(46)) - raft.server.log.appender.buffer.byte-limit = 4MB (=4194304) (default)
2024-09-29 22:58:01,151 [s2@group-64B60AA06307->s0-GrpcLogAppender-LogAppenderDaemon] INFO  server.RaftServerConfigKeys (ConfUtils.java:logGet(46)) - raft.server.log.appender.buffer.element-limit = 0 (default)
2024-09-29 22:58:01,151 [s1@group-64B60AA06307-LeaderElection5-1] INFO  server.GrpcServerProtocolClient (GrpcServerProtocolClient.java:<init>(65)) - Build channel for s0|localhost:15012
2024-09-29 22:58:01,152 [s2@group-64B60AA06307->s0-GrpcLogAppender-LogAppenderDaemon] INFO  server.RaftServerConfigKeys (ConfUtils.java:logGet(46)) - raft.server.log.appender.wait-time.min = 1ms (default)
2024-09-29 22:58:01,153 [s2@group-64B60AA06307->s0-GrpcLogAppender-LogAppenderDaemon] INFO  grpc.GrpcConfigKeys (ConfUtils.java:logGet(46)) - raft.grpc.server.leader.outstanding.appends.max = 8 (default)
2024-09-29 22:58:01,153 [s2@group-64B60AA06307->s0-GrpcLogAppender-LogAppenderDaemon] INFO  server.RaftServerConfigKeys (ConfUtils.java:logGet(46)) - raft.server.rpc.request.timeout = 3000ms (default)
2024-09-29 22:58:01,153 [s2@group-64B60AA06307->s0-GrpcLogAppender-LogAppenderDaemon] INFO  grpc.GrpcConfigKeys (ConfUtils.java:logGet(46)) - raft.grpc.server.install_snapshot.request.element-limit = 8 (default)
2024-09-29 22:58:01,153 [s2@group-64B60AA06307->s0-GrpcLogAppender-LogAppenderDaemon] INFO  grpc.GrpcConfigKeys (ConfUtils.java:logGet(46)) - raft.grpc.server.install_snapshot.request.timeout = 3000ms (default)
2024-09-29 22:58:01,153 [s2@group-64B60AA06307->s0-GrpcLogAppender-LogAppenderDaemon] INFO  grpc.GrpcConfigKeys (ConfUtils.java:logGet(46)) - raft.grpc.server.log-message.batch.duration = 5s (default)
2024-09-29 22:58:01,153 [s2@group-64B60AA06307->s0-GrpcLogAppender-LogAppenderDaemon] INFO  server.RaftServerConfigKeys (ConfUtils.java:logGet(46)) - raft.server.log.appender.install.snapshot.enabled = true (default)
2024-09-29 22:58:01,153 [s2@group-64B60AA06307->s0-GrpcLogAppender-LogAppenderDaemon] INFO  grpc.GrpcConfigKeys (ConfUtils.java:logGet(46)) - raft.grpc.server.heartbeat.channel = false (custom)
2024-09-29 22:58:01,155 [s2@group-64B60AA06307->s4-GrpcLogAppender-LogAppenderDaemon] WARN  leader.LogAppenderDaemon (LogAppenderDaemon.java:run(89)) - s2@group-64B60AA06307->s4-GrpcLogAppender-LogAppenderDaemon failed
java.lang.IllegalStateException: Failed to retain: object has already been completely released.
	at org.apache.ratis.util.ReferenceCountedLeakDetector$Impl.retain(ReferenceCountedLeakDetector.java:116)
	at org.apache.ratis.server.raftlog.segmented.SegmentedRaftLog.retainLog(SegmentedRaftLog.java:310)
	at org.apache.ratis.server.raftlog.segmented.SegmentedRaftLog.retainEntryWithData(SegmentedRaftLog.java:327)
	at org.apache.ratis.server.leader.LogAppenderBase.nextAppendEntriesRequest(LogAppenderBase.java:264)
	at org.apache.ratis.grpc.server.GrpcLogAppender.appendLog(GrpcLogAppender.java:387)
	at org.apache.ratis.grpc.server.GrpcLogAppender.run(GrpcLogAppender.java:262)
	at org.apache.ratis.server.leader.LogAppenderDaemon.run(LogAppenderDaemon.java:80)
	at java.lang.Thread.run(Thread.java:750)
2024-09-29 22:58:01,155 [s2@group-64B60AA06307->s4-GrpcLogAppender-LogAppenderDaemon] INFO  server.RaftServer$Division (LeaderStateImpl.java:restart(687)) - s2@group-64B60AA06307-LeaderStateImpl: Restarting GrpcLogAppender for s2@group-64B60AA06307->s4
2024-09-29 22:58:01,155 [s2@group-64B60AA06307->s4-GrpcLogAppender-LogAppenderDaemon] INFO  server.RaftServerConfigKeys (ConfUtils.java:logGet(46)) - raft.server.log.appender.snapshot.chunk.size.max = 1k (=1024) (custom)
2024-09-29 22:58:01,155 [s2@group-64B60AA06307->s4-GrpcLogAppender-LogAppenderDaemon] INFO  server.RaftServerConfigKeys (ConfUtils.java:logGet(46)) - raft.server.log.appender.buffer.byte-limit = 4MB (=4194304) (default)
2024-09-29 22:58:01,156 [s2@group-64B60AA06307->s4-GrpcLogAppender-LogAppenderDaemon] INFO  server.RaftServerConfigKeys (ConfUtils.java:logGet(46)) - raft.server.log.appender.buffer.element-limit = 0 (default)
2024-09-29 22:58:01,157 [s0-server-thread16] INFO  util.CodeInjectionForTesting (BlockRequestHandlingInjection.java:execute(77)) - s0: Block request from s2
2024-09-29 22:58:01,158 [s2@group-64B60AA06307->s0-GrpcLogAppender-LogAppenderDaemon] WARN  leader.LogAppenderDaemon (LogAppenderDaemon.java:run(89)) - s2@group-64B60AA06307->s0-GrpcLogAppender-LogAppenderDaemon failed
java.lang.IllegalStateException: Failed to retain: object has already been completely released.
	at org.apache.ratis.util.ReferenceCountedLeakDetector$Impl.retain(ReferenceCountedLeakDetector.java:116)
	at org.apache.ratis.server.raftlog.segmented.SegmentedRaftLog.retainLog(SegmentedRaftLog.java:310)
	at org.apache.ratis.server.raftlog.segmented.SegmentedRaftLog.retainEntryWithData(SegmentedRaftLog.java:327)
	at org.apache.ratis.server.leader.LogAppenderBase.nextAppendEntriesRequest(LogAppenderBase.java:264)
	at org.apache.ratis.grpc.server.GrpcLogAppender.appendLog(GrpcLogAppender.java:387)
	at org.apache.ratis.grpc.server.GrpcLogAppender.run(GrpcLogAppender.java:262)
	at org.apache.ratis.server.leader.LogAppenderDaemon.run(LogAppenderDaemon.java:80)
	at java.lang.Thread.run(Thread.java:750)
2024-09-29 22:58:01,158 [s2@group-64B60AA06307->s0-GrpcLogAppender-LogAppenderDaemon] INFO  server.RaftServer$Division (LeaderStateImpl.java:restart(687)) - s2@group-64B60AA06307-LeaderStateImpl: Restarting GrpcLogAppender for s2@group-64B60AA06307->s0
2024-09-29 22:58:01,158 [s2@group-64B60AA06307->s0-GrpcLogAppender-LogAppenderDaemon] INFO  server.RaftServerConfigKeys (ConfUtils.java:logGet(46)) - raft.server.log.appender.snapshot.chunk.size.max = 1k (=1024) (custom)
2024-09-29 22:58:01,158 [s2@group-64B60AA06307->s0-GrpcLogAppender-LogAppenderDaemon] INFO  server.RaftServerConfigKeys (ConfUtils.java:logGet(46)) - raft.server.log.appender.buffer.byte-limit = 4MB (=4194304) (default)
2024-09-29 22:58:01,158 [s2@group-64B60AA06307->s0-GrpcLogAppender-LogAppenderDaemon] INFO  server.RaftServerConfigKeys (ConfUtils.java:logGet(46)) - raft.server.log.appender.buffer.element-limit = 0 (default)
2024-09-29 22:58:01,161 [s2@group-64B60AA06307->s4-GrpcLogAppender-LogAppenderDaemon] INFO  server.RaftServerConfigKeys (ConfUtils.java:logGet(46)) - raft.server.log.appender.wait-time.min = 1ms (default)
2024-09-29 22:58:01,161 [s2@group-64B60AA06307->s4-GrpcLogAppender-LogAppenderDaemon] INFO  grpc.GrpcConfigKeys (ConfUtils.java:logGet(46)) - raft.grpc.server.leader.outstanding.appends.max = 8 (default)
2024-09-29 22:58:01,161 [s2@group-64B60AA06307->s4-GrpcLogAppender-LogAppenderDaemon] INFO  server.RaftServerConfigKeys (ConfUtils.java:logGet(46)) - raft.server.rpc.request.timeout = 3000ms (default)
2024-09-29 22:58:01,162 [grpc-default-executor-14] INFO  util.CodeInjectionForTesting (BlockRequestHandlingInjection.java:execute(77)) - s2: Block request from s1
2024-09-29 22:58:01,161 [s2@group-64B60AA06307->s0-GrpcLogAppender-LogAppenderDaemon] INFO  server.RaftServerConfigKeys (ConfUtils.java:logGet(46)) - raft.server.log.appender.wait-time.min = 1ms (default)
2024-09-29 22:58:01,162 [s2@group-64B60AA06307->s0-GrpcLogAppender-LogAppenderDaemon] INFO  grpc.GrpcConfigKeys (ConfUtils.java:logGet(46)) - raft.grpc.server.leader.outstanding.appends.max = 8 (default)
2024-09-29 22:58:01,162 [s2@group-64B60AA06307->s0-GrpcLogAppender-LogAppenderDaemon] INFO  server.RaftServerConfigKeys (ConfUtils.java:logGet(46)) - raft.server.rpc.request.timeout = 3000ms (default)
2024-09-29 22:58:01,162 [s2@group-64B60AA06307->s0-GrpcLogAppender-LogAppenderDaemon] INFO  grpc.GrpcConfigKeys (ConfUtils.java:logGet(46)) - raft.grpc.server.install_snapshot.request.element-limit = 8 (default)
2024-09-29 22:58:01,163 [s2@group-64B60AA06307->s0-GrpcLogAppender-LogAppenderDaemon] INFO  grpc.GrpcConfigKeys (ConfUtils.java:logGet(46)) - raft.grpc.server.install_snapshot.request.timeout = 3000ms (default)
2024-09-29 22:58:01,163 [s2@group-64B60AA06307->s0-GrpcLogAppender-LogAppenderDaemon] INFO  grpc.GrpcConfigKeys (ConfUtils.java:logGet(46)) - raft.grpc.server.log-message.batch.duration = 5s (default)
2024-09-29 22:58:01,163 [s2@group-64B60AA06307->s0-GrpcLogAppender-LogAppenderDaemon] INFO  server.RaftServerConfigKeys (ConfUtils.java:logGet(46)) - raft.server.log.appender.install.snapshot.enabled = true (default)
2024-09-29 22:58:01,163 [s2@group-64B60AA06307->s0-GrpcLogAppender-LogAppenderDaemon] INFO  grpc.GrpcConfigKeys (ConfUtils.java:logGet(46)) - raft.grpc.server.heartbeat.channel = false (custom)
2024-09-29 22:58:01,162 [s2@group-64B60AA06307->s4-GrpcLogAppender-LogAppenderDaemon] INFO  grpc.GrpcConfigKeys (ConfUtils.java:logGet(46)) - raft.grpc.server.install_snapshot.request.element-limit = 8 (default)
2024-09-29 22:58:01,163 [s2@group-64B60AA06307->s4-GrpcLogAppender-LogAppenderDaemon] INFO  grpc.GrpcConfigKeys (ConfUtils.java:logGet(46)) - raft.grpc.server.install_snapshot.request.timeout = 3000ms (default)
2024-09-29 22:58:01,163 [s2@group-64B60AA06307->s4-GrpcLogAppender-LogAppenderDaemon] INFO  grpc.GrpcConfigKeys (ConfUtils.java:logGet(46)) - raft.grpc.server.log-message.batch.duration = 5s (default)
2024-09-29 22:58:01,163 [s2@group-64B60AA06307->s4-GrpcLogAppender-LogAppenderDaemon] INFO  server.RaftServerConfigKeys (ConfUtils.java:logGet(46)) - raft.server.log.appender.install.snapshot.enabled = true (default)
2024-09-29 22:58:01,163 [s2@group-64B60AA06307->s4-GrpcLogAppender-LogAppenderDaemon] INFO  grpc.GrpcConfigKeys (ConfUtils.java:logGet(46)) - raft.grpc.server.heartbeat.channel = false (custom)
2024-09-29 22:58:01,164 [grpc-default-executor-21] INFO  util.CodeInjectionForTesting (BlockRequestHandlingInjection.java:execute(77)) - s0: Block request from s1
2024-09-29 22:58:01,165 [s0-server-thread17] INFO  util.CodeInjectionForTesting (BlockRequestHandlingInjection.java:execute(77)) - s0: Block request from s2
2024-09-29 22:58:01,168 [s2@group-64B60AA06307->s4-GrpcLogAppender-LogAppenderDaemon] WARN  leader.LogAppenderDaemon (LogAppenderDaemon.java:run(89)) - s2@group-64B60AA06307->s4-GrpcLogAppender-LogAppenderDaemon failed
java.lang.IllegalStateException: Failed to retain: object has already been completely released.
	at org.apache.ratis.util.ReferenceCountedLeakDetector$Impl.retain(ReferenceCountedLeakDetector.java:116)
	at org.apache.ratis.server.raftlog.segmented.SegmentedRaftLog.retainLog(SegmentedRaftLog.java:310)
	at org.apache.ratis.server.raftlog.segmented.SegmentedRaftLog.retainEntryWithData(SegmentedRaftLog.java:327)
	at org.apache.ratis.server.leader.LogAppenderBase.nextAppendEntriesRequest(LogAppenderBase.java:264)
	at org.apache.ratis.grpc.server.GrpcLogAppender.appendLog(GrpcLogAppender.java:387)
	at org.apache.ratis.grpc.server.GrpcLogAppender.run(GrpcLogAppender.java:262)
	at org.apache.ratis.server.leader.LogAppenderDaemon.run(LogAppenderDaemon.java:80)
	at java.lang.Thread.run(Thread.java:750)
2024-09-29 22:58:01,168 [s2@group-64B60AA06307->s4-GrpcLogAppender-LogAppenderDaemon] INFO  server.RaftServer$Division (LeaderStateImpl.java:restart(687)) - s2@group-64B60AA06307-LeaderStateImpl: Restarting GrpcLogAppender for s2@group-64B60AA06307->s4
2024-09-29 22:58:01,168 [s2@group-64B60AA06307->s4-GrpcLogAppender-LogAppenderDaemon] INFO  server.RaftServerConfigKeys (ConfUtils.java:logGet(46)) - raft.server.log.appender.snapshot.chunk.size.max = 1k (=1024) (custom)
2024-09-29 22:58:01,168 [s2@group-64B60AA06307->s4-GrpcLogAppender-LogAppenderDaemon] INFO  server.RaftServerConfigKeys (ConfUtils.java:logGet(46)) - raft.server.log.appender.buffer.byte-limit = 4MB (=4194304) (default)
2024-09-29 22:58:01,168 [s2@group-64B60AA06307->s4-GrpcLogAppender-LogAppenderDaemon] INFO  server.RaftServerConfigKeys (ConfUtils.java:logGet(46)) - raft.server.log.appender.buffer.element-limit = 0 (default)
2024-09-29 22:58:01,173 [s2@group-64B60AA06307->s4-GrpcLogAppender-LogAppenderDaemon] INFO  server.RaftServerConfigKeys (ConfUtils.java:logGet(46)) - raft.server.log.appender.wait-time.min = 1ms (default)
2024-09-29 22:58:01,173 [s2@group-64B60AA06307->s4-GrpcLogAppender-LogAppenderDaemon] INFO  grpc.GrpcConfigKeys (ConfUtils.java:logGet(46)) - raft.grpc.server.leader.outstanding.appends.max = 8 (default)
2024-09-29 22:58:01,173 [s2@group-64B60AA06307->s4-GrpcLogAppender-LogAppenderDaemon] INFO  server.RaftServerConfigKeys (ConfUtils.java:logGet(46)) - raft.server.rpc.request.timeout = 3000ms (default)
2024-09-29 22:58:01,173 [s2@group-64B60AA06307->s4-GrpcLogAppender-LogAppenderDaemon] INFO  grpc.GrpcConfigKeys (ConfUtils.java:logGet(46)) - raft.grpc.server.install_snapshot.request.element-limit = 8 (default)
2024-09-29 22:58:01,173 [s2@group-64B60AA06307->s4-GrpcLogAppender-LogAppenderDaemon] INFO  grpc.GrpcConfigKeys (ConfUtils.java:logGet(46)) - raft.grpc.server.install_snapshot.request.timeout = 3000ms (default)
2024-09-29 22:58:01,173 [s2@group-64B60AA06307->s4-GrpcLogAppender-LogAppenderDaemon] INFO  grpc.GrpcConfigKeys (ConfUtils.java:logGet(46)) - raft.grpc.server.log-message.batch.duration = 5s (default)
2024-09-29 22:58:01,173 [s2@group-64B60AA06307->s4-GrpcLogAppender-LogAppenderDaemon] INFO  server.RaftServerConfigKeys (ConfUtils.java:logGet(46)) - raft.server.log.appender.install.snapshot.enabled = true (default)
2024-09-29 22:58:01,173 [s2@group-64B60AA06307->s4-GrpcLogAppender-LogAppenderDaemon] INFO  grpc.GrpcConfigKeys (ConfUtils.java:logGet(46)) - raft.grpc.server.heartbeat.channel = false (custom)
2024-09-29 22:58:01,173 [s0-server-thread18] INFO  util.CodeInjectionForTesting (BlockRequestHandlingInjection.java:execute(77)) - s0: Block request from s2
2024-09-29 22:58:01,175 [s2@group-64B60AA06307->s4-GrpcLogAppender-LogAppenderDaemon] WARN  leader.LogAppenderDaemon (LogAppenderDaemon.java:run(89)) - s2@group-64B60AA06307->s4-GrpcLogAppender-LogAppenderDaemon failed
java.lang.IllegalStateException: Failed to retain: object has already been completely released.
	at org.apache.ratis.util.ReferenceCountedLeakDetector$Impl.retain(ReferenceCountedLeakDetector.java:116)
	at org.apache.ratis.server.raftlog.segmented.SegmentedRaftLog.retainLog(SegmentedRaftLog.java:310)
	at org.apache.ratis.server.raftlog.segmented.SegmentedRaftLog.retainEntryWithData(SegmentedRaftLog.java:327)
	at org.apache.ratis.server.leader.LogAppenderBase.nextAppendEntriesRequest(LogAppenderBase.java:264)
	at org.apache.ratis.grpc.server.GrpcLogAppender.appendLog(GrpcLogAppender.java:387)
	at org.apache.ratis.grpc.server.GrpcLogAppender.run(GrpcLogAppender.java:262)
	at org.apache.ratis.server.leader.LogAppenderDaemon.run(LogAppenderDaemon.java:80)
	at java.lang.Thread.run(Thread.java:750)
2024-09-29 22:58:01,175 [s2@group-64B60AA06307->s4-GrpcLogAppender-LogAppenderDaemon] INFO  server.RaftServer$Division (LeaderStateImpl.java:restart(687)) - s2@group-64B60AA06307-LeaderStateImpl: Restarting GrpcLogAppender for s2@group-64B60AA06307->s4
2024-09-29 22:58:01,176 [s2@group-64B60AA06307->s4-GrpcLogAppender-LogAppenderDaemon] INFO  server.RaftServerConfigKeys (ConfUtils.java:logGet(46)) - raft.server.log.appender.snapshot.chunk.size.max = 1k (=1024) (custom)
2024-09-29 22:58:01,176 [s2@group-64B60AA06307->s4-GrpcLogAppender-LogAppenderDaemon] INFO  server.RaftServerConfigKeys (ConfUtils.java:logGet(46)) - raft.server.log.appender.buffer.byte-limit = 4MB (=4194304) (default)
2024-09-29 22:58:01,176 [s2@group-64B60AA06307->s4-GrpcLogAppender-LogAppenderDaemon] INFO  server.RaftServerConfigKeys (ConfUtils.java:logGet(46)) - raft.server.log.appender.buffer.element-limit = 0 (default)
2024-09-29 22:58:01,176 [s2@group-64B60AA06307->s4-GrpcLogAppender-LogAppenderDaemon] INFO  server.RaftServerConfigKeys (ConfUtils.java:logGet(46)) - raft.server.log.appender.wait-time.min = 1ms (default)
2024-09-29 22:58:01,176 [s2@group-64B60AA06307->s4-GrpcLogAppender-LogAppenderDaemon] INFO  grpc.GrpcConfigKeys (ConfUtils.java:logGet(46)) - raft.grpc.server.leader.outstanding.appends.max = 8 (default)
2024-09-29 22:58:01,176 [s2@group-64B60AA06307->s4-GrpcLogAppender-LogAppenderDaemon] INFO  server.RaftServerConfigKeys (ConfUtils.java:logGet(46)) - raft.server.rpc.request.timeout = 3000ms (default)
2024-09-29 22:58:01,176 [s2@group-64B60AA06307->s4-GrpcLogAppender-LogAppenderDaemon] INFO  grpc.GrpcConfigKeys (ConfUtils.java:logGet(46)) - raft.grpc.server.install_snapshot.request.element-limit = 8 (default)
2024-09-29 22:58:01,176 [s2@group-64B60AA06307->s4-GrpcLogAppender-LogAppenderDaemon] INFO  grpc.GrpcConfigKeys (ConfUtils.java:logGet(46)) - raft.grpc.server.install_snapshot.request.timeout = 3000ms (default)
2024-09-29 22:58:01,176 [s2@group-64B60AA06307->s4-GrpcLogAppender-LogAppenderDaemon] INFO  grpc.GrpcConfigKeys (ConfUtils.java:logGet(46)) - raft.grpc.server.log-message.batch.duration = 5s (default)
2024-09-29 22:58:01,177 [s2@group-64B60AA06307->s4-GrpcLogAppender-LogAppenderDaemon] INFO  server.RaftServerConfigKeys (ConfUtils.java:logGet(46)) - raft.server.log.appender.install.snapshot.enabled = true (default)
2024-09-29 22:58:01,177 [s2@group-64B60AA06307->s4-GrpcLogAppender-LogAppenderDaemon] INFO  grpc.GrpcConfigKeys (ConfUtils.java:logGet(46)) - raft.grpc.server.heartbeat.channel = false (custom)
2024-09-29 22:58:01,173 [s2@group-64B60AA06307->s0-GrpcLogAppender-LogAppenderDaemon] WARN  leader.LogAppenderDaemon (LogAppenderDaemon.java:run(89)) - s2@group-64B60AA06307->s0-GrpcLogAppender-LogAppenderDaemon failed
java.lang.IllegalStateException: Failed to retain: object has already been completely released.
	at org.apache.ratis.util.ReferenceCountedLeakDetector$Impl.retain(ReferenceCountedLeakDetector.java:116)
	at org.apache.ratis.server.raftlog.segmented.SegmentedRaftLog.retainLog(SegmentedRaftLog.java:310)
	at org.apache.ratis.server.raftlog.segmented.SegmentedRaftLog.retainEntryWithData(SegmentedRaftLog.java:327)
	at org.apache.ratis.server.leader.LogAppenderBase.nextAppendEntriesRequest(LogAppenderBase.java:264)
	at org.apache.ratis.grpc.server.GrpcLogAppender.appendLog(GrpcLogAppender.java:387)
	at org.apache.ratis.grpc.server.GrpcLogAppender.run(GrpcLogAppender.java:262)
	at org.apache.ratis.server.leader.LogAppenderDaemon.run(LogAppenderDaemon.java:80)
	at java.lang.Thread.run(Thread.java:750)
2024-09-29 22:58:01,177 [s2@group-64B60AA06307->s0-GrpcLogAppender-LogAppenderDaemon] INFO  server.RaftServer$Division (LeaderStateImpl.java:restart(687)) - s2@group-64B60AA06307-LeaderStateImpl: Restarting GrpcLogAppender for s2@group-64B60AA06307->s0
2024-09-29 22:58:01,177 [s2@group-64B60AA06307->s0-GrpcLogAppender-LogAppenderDaemon] INFO  server.RaftServerConfigKeys (ConfUtils.java:logGet(46)) - raft.server.log.appender.snapshot.chunk.size.max = 1k (=1024) (custom)
2024-09-29 22:58:01,177 [s2@group-64B60AA06307->s0-GrpcLogAppender-LogAppenderDaemon] INFO  server.RaftServerConfigKeys (ConfUtils.java:logGet(46)) - raft.server.log.appender.buffer.byte-limit = 4MB (=4194304) (default)
2024-09-29 22:58:01,178 [s2@group-64B60AA06307->s0-GrpcLogAppender-LogAppenderDaemon] INFO  server.RaftServerConfigKeys (ConfUtils.java:logGet(46)) - raft.server.log.appender.buffer.element-limit = 0 (default)
2024-09-29 22:58:01,178 [s2@group-64B60AA06307->s0-GrpcLogAppender-LogAppenderDaemon] INFO  server.RaftServerConfigKeys (ConfUtils.java:logGet(46)) - raft.server.log.appender.wait-time.min = 1ms (default)
2024-09-29 22:58:01,178 [s2@group-64B60AA06307->s0-GrpcLogAppender-LogAppenderDaemon] INFO  grpc.GrpcConfigKeys (ConfUtils.java:logGet(46)) - raft.grpc.server.leader.outstanding.appends.max = 8 (default)
2024-09-29 22:58:01,178 [s2@group-64B60AA06307->s0-GrpcLogAppender-LogAppenderDaemon] INFO  server.RaftServerConfigKeys (ConfUtils.java:logGet(46)) - raft.server.rpc.request.timeout = 3000ms (default)
2024-09-29 22:58:01,178 [s2@group-64B60AA06307->s0-GrpcLogAppender-LogAppenderDaemon] INFO  grpc.GrpcConfigKeys (ConfUtils.java:logGet(46)) - raft.grpc.server.install_snapshot.request.element-limit = 8 (default)
2024-09-29 22:58:01,178 [s2@group-64B60AA06307->s0-GrpcLogAppender-LogAppenderDaemon] INFO  grpc.GrpcConfigKeys (ConfUtils.java:logGet(46)) - raft.grpc.server.install_snapshot.request.timeout = 3000ms (default)
2024-09-29 22:58:01,178 [s2@group-64B60AA06307->s0-GrpcLogAppender-LogAppenderDaemon] INFO  grpc.GrpcConfigKeys (ConfUtils.java:logGet(46)) - raft.grpc.server.log-message.batch.duration = 5s (default)
2024-09-29 22:58:01,179 [s2@group-64B60AA06307->s0-GrpcLogAppender-LogAppenderDaemon] INFO  server.RaftServerConfigKeys (ConfUtils.java:logGet(46)) - raft.server.log.appender.install.snapshot.enabled = true (default)
2024-09-29 22:58:01,179 [s2@group-64B60AA06307->s0-GrpcLogAppender-LogAppenderDaemon] INFO  grpc.GrpcConfigKeys (ConfUtils.java:logGet(46)) - raft.grpc.server.heartbeat.channel = false (custom)
2024-09-29 22:58:01,186 [s2@group-64B60AA06307->s4-GrpcLogAppender-LogAppenderDaemon] WARN  leader.LogAppenderDaemon (LogAppenderDaemon.java:run(89)) - s2@group-64B60AA06307->s4-GrpcLogAppender-LogAppenderDaemon failed
java.lang.IllegalStateException: Failed to retain: object has already been completely released.
	at org.apache.ratis.util.ReferenceCountedLeakDetector$Impl.retain(ReferenceCountedLeakDetector.java:116)
	at org.apache.ratis.server.raftlog.segmented.SegmentedRaftLog.retainLog(SegmentedRaftLog.java:310)
	at org.apache.ratis.server.raftlog.segmented.SegmentedRaftLog.retainEntryWithData(SegmentedRaftLog.java:327)
	at org.apache.ratis.server.leader.LogAppenderBase.nextAppendEntriesRequest(LogAppenderBase.java:264)
	at org.apache.ratis.grpc.server.GrpcLogAppender.appendLog(GrpcLogAppender.java:387)
	at org.apache.ratis.grpc.server.GrpcLogAppender.run(GrpcLogAppender.java:262)
	at org.apache.ratis.server.leader.LogAppenderDaemon.run(LogAppenderDaemon.java:80)
	at java.lang.Thread.run(Thread.java:750)
2024-09-29 22:58:01,187 [s2@group-64B60AA06307->s4-GrpcLogAppender-LogAppenderDaemon] INFO  server.RaftServer$Division (LeaderStateImpl.java:restart(687)) - s2@group-64B60AA06307-LeaderStateImpl: Restarting GrpcLogAppender for s2@group-64B60AA06307->s4
2024-09-29 22:58:01,187 [s0-server-thread19] INFO  util.CodeInjectionForTesting (BlockRequestHandlingInjection.java:execute(77)) - s0: Block request from s2
2024-09-29 22:58:01,187 [s2@group-64B60AA06307->s4-GrpcLogAppender-LogAppenderDaemon] INFO  server.RaftServerConfigKeys (ConfUtils.java:logGet(46)) - raft.server.log.appender.snapshot.chunk.size.max = 1k (=1024) (custom)
2024-09-29 22:58:01,187 [s2@group-64B60AA06307->s4-GrpcLogAppender-LogAppenderDaemon] INFO  server.RaftServerConfigKeys (ConfUtils.java:logGet(46)) - raft.server.log.appender.buffer.byte-limit = 4MB (=4194304) (default)
2024-09-29 22:58:01,187 [s2@group-64B60AA06307->s4-GrpcLogAppender-LogAppenderDaemon] INFO  server.RaftServerConfigKeys (ConfUtils.java:logGet(46)) - raft.server.log.appender.buffer.element-limit = 0 (default)
2024-09-29 22:58:01,187 [s2@group-64B60AA06307->s4-GrpcLogAppender-LogAppenderDaemon] INFO  server.RaftServerConfigKeys (ConfUtils.java:logGet(46)) - raft.server.log.appender.wait-time.min = 1ms (default)
2024-09-29 22:58:01,187 [s2@group-64B60AA06307->s0-GrpcLogAppender-LogAppenderDaemon] WARN  leader.LogAppenderDaemon (LogAppenderDaemon.java:run(89)) - s2@group-64B60AA06307->s0-GrpcLogAppender-LogAppenderDaemon failed
java.lang.IllegalStateException: Failed to retain: object has already been completely released.
	at org.apache.ratis.util.ReferenceCountedLeakDetector$Impl.retain(ReferenceCountedLeakDetector.java:116)
	at org.apache.ratis.server.raftlog.segmented.SegmentedRaftLog.retainLog(SegmentedRaftLog.java:310)
	at org.apache.ratis.server.raftlog.segmented.SegmentedRaftLog.retainEntryWithData(SegmentedRaftLog.java:327)
	at org.apache.ratis.server.leader.LogAppenderBase.nextAppendEntriesRequest(LogAppenderBase.java:264)
	at org.apache.ratis.grpc.server.GrpcLogAppender.appendLog(GrpcLogAppender.java:387)
	at org.apache.ratis.grpc.server.GrpcLogAppender.run(GrpcLogAppender.java:262)
	at org.apache.ratis.server.leader.LogAppenderDaemon.run(LogAppenderDaemon.java:80)
	at java.lang.Thread.run(Thread.java:750)
2024-09-29 22:58:01,189 [s2@group-64B60AA06307->s0-GrpcLogAppender-LogAppenderDaemon] INFO  server.RaftServer$Division (LeaderStateImpl.java:restart(687)) - s2@group-64B60AA06307-LeaderStateImpl: Restarting GrpcLogAppender for s2@group-64B60AA06307->s0
2024-09-29 22:58:01,189 [s2@group-64B60AA06307->s4-GrpcLogAppender-LogAppenderDaemon] INFO  grpc.GrpcConfigKeys (ConfUtils.java:logGet(46)) - raft.grpc.server.leader.outstanding.appends.max = 8 (default)
2024-09-29 22:58:01,189 [s2@group-64B60AA06307->s0-GrpcLogAppender-LogAppenderDaemon] INFO  server.RaftServerConfigKeys (ConfUtils.java:logGet(46)) - raft.server.log.appender.snapshot.chunk.size.max = 1k (=1024) (custom)
2024-09-29 22:58:01,189 [s2@group-64B60AA06307->s0-GrpcLogAppender-LogAppenderDaemon] INFO  server.RaftServerConfigKeys (ConfUtils.java:logGet(46)) - raft.server.log.appender.buffer.byte-limit = 4MB (=4194304) (default)
2024-09-29 22:58:01,189 [s2@group-64B60AA06307->s0-GrpcLogAppender-LogAppenderDaemon] INFO  server.RaftServerConfigKeys (ConfUtils.java:logGet(46)) - raft.server.log.appender.buffer.element-limit = 0 (default)
2024-09-29 22:58:01,189 [s2@group-64B60AA06307->s0-GrpcLogAppender-LogAppenderDaemon] INFO  server.RaftServerConfigKeys (ConfUtils.java:logGet(46)) - raft.server.log.appender.wait-time.min = 1ms (default)
2024-09-29 22:58:01,189 [s2@group-64B60AA06307->s0-GrpcLogAppender-LogAppenderDaemon] INFO  grpc.GrpcConfigKeys (ConfUtils.java:logGet(46)) - raft.grpc.server.leader.outstanding.appends.max = 8 (default)
2024-09-29 22:58:01,189 [s2@group-64B60AA06307->s0-GrpcLogAppender-LogAppenderDaemon] INFO  server.RaftServerConfigKeys (ConfUtils.java:logGet(46)) - raft.server.rpc.request.timeout = 3000ms (default)
2024-09-29 22:58:01,190 [s2@group-64B60AA06307->s0-GrpcLogAppender-LogAppenderDaemon] INFO  grpc.GrpcConfigKeys (ConfUtils.java:logGet(46)) - raft.grpc.server.install_snapshot.request.element-limit = 8 (default)
2024-09-29 22:58:01,190 [s2@group-64B60AA06307->s0-GrpcLogAppender-LogAppenderDaemon] INFO  grpc.GrpcConfigKeys (ConfUtils.java:logGet(46)) - raft.grpc.server.install_snapshot.request.timeout = 3000ms (default)
2024-09-29 22:58:01,190 [s2@group-64B60AA06307->s0-GrpcLogAppender-LogAppenderDaemon] INFO  grpc.GrpcConfigKeys (ConfUtils.java:logGet(46)) - raft.grpc.server.log-message.batch.duration = 5s (default)
2024-09-29 22:58:01,190 [s2@group-64B60AA06307->s0-GrpcLogAppender-LogAppenderDaemon] INFO  server.RaftServerConfigKeys (ConfUtils.java:logGet(46)) - raft.server.log.appender.install.snapshot.enabled = true (default)
2024-09-29 22:58:01,190 [s2@group-64B60AA06307->s0-GrpcLogAppender-LogAppenderDaemon] INFO  grpc.GrpcConfigKeys (ConfUtils.java:logGet(46)) - raft.grpc.server.heartbeat.channel = false (custom)
2024-09-29 22:58:01,189 [s2@group-64B60AA06307->s4-GrpcLogAppender-LogAppenderDaemon] INFO  server.RaftServerConfigKeys (ConfUtils.java:logGet(46)) - raft.server.rpc.request.timeout = 3000ms (default)
2024-09-29 22:58:01,190 [s2@group-64B60AA06307->s4-GrpcLogAppender-LogAppenderDaemon] INFO  grpc.GrpcConfigKeys (ConfUtils.java:logGet(46)) - raft.grpc.server.install_snapshot.request.element-limit = 8 (default)
2024-09-29 22:58:01,190 [s2@group-64B60AA06307->s4-GrpcLogAppender-LogAppenderDaemon] INFO  grpc.GrpcConfigKeys (ConfUtils.java:logGet(46)) - raft.grpc.server.install_snapshot.request.timeout = 3000ms (default)
2024-09-29 22:58:01,190 [s2@group-64B60AA06307->s4-GrpcLogAppender-LogAppenderDaemon] INFO  grpc.GrpcConfigKeys (ConfUtils.java:logGet(46)) - raft.grpc.server.log-message.batch.duration = 5s (default)
2024-09-29 22:58:01,190 [s2@group-64B60AA06307->s4-GrpcLogAppender-LogAppenderDaemon] INFO  server.RaftServerConfigKeys (ConfUtils.java:logGet(46)) - raft.server.log.appender.install.snapshot.enabled = true (default)
2024-09-29 22:58:01,191 [s2@group-64B60AA06307->s4-GrpcLogAppender-LogAppenderDaemon] INFO  grpc.GrpcConfigKeys (ConfUtils.java:logGet(46)) - raft.grpc.server.heartbeat.channel = false (custom)
2024-09-29 22:58:01,194 [s2@group-64B60AA06307->s0-GrpcLogAppender-LogAppenderDaemon] WARN  leader.LogAppenderDaemon (LogAppenderDaemon.java:run(89)) - s2@group-64B60AA06307->s0-GrpcLogAppender-LogAppenderDaemon failed
java.lang.IllegalStateException: Failed to retain: object has already been completely released.
	at org.apache.ratis.util.ReferenceCountedLeakDetector$Impl.retain(ReferenceCountedLeakDetector.java:116)
	at org.apache.ratis.server.raftlog.segmented.SegmentedRaftLog.retainLog(SegmentedRaftLog.java:310)
	at org.apache.ratis.server.raftlog.segmented.SegmentedRaftLog.retainEntryWithData(SegmentedRaftLog.java:327)
	at org.apache.ratis.server.leader.LogAppenderBase.nextAppendEntriesRequest(LogAppenderBase.java:264)
	at org.apache.ratis.grpc.server.GrpcLogAppender.appendLog(GrpcLogAppender.java:387)
	at org.apache.ratis.grpc.server.GrpcLogAppender.run(GrpcLogAppender.java:262)
	at org.apache.ratis.server.leader.LogAppenderDaemon.run(LogAppenderDaemon.java:80)
	at java.lang.Thread.run(Thread.java:750)
2024-09-29 22:58:01,195 [s2@group-64B60AA06307->s0-GrpcLogAppender-LogAppenderDaemon] INFO  server.RaftServer$Division (LeaderStateImpl.java:restart(687)) - s2@group-64B60AA06307-LeaderStateImpl: Restarting GrpcLogAppender for s2@group-64B60AA06307->s0
2024-09-29 22:58:01,195 [s2@group-64B60AA06307->s0-GrpcLogAppender-LogAppenderDaemon] INFO  server.RaftServerConfigKeys (ConfUtils.java:logGet(46)) - raft.server.log.appender.snapshot.chunk.size.max = 1k (=1024) (custom)
2024-09-29 22:58:01,195 [s2@group-64B60AA06307->s0-GrpcLogAppender-LogAppenderDaemon] INFO  server.RaftServerConfigKeys (ConfUtils.java:logGet(46)) - raft.server.log.appender.buffer.byte-limit = 4MB (=4194304) (default)
2024-09-29 22:58:01,195 [s2@group-64B60AA06307->s0-GrpcLogAppender-LogAppenderDaemon] INFO  server.RaftServerConfigKeys (ConfUtils.java:logGet(46)) - raft.server.log.appender.buffer.element-limit = 0 (default)
2024-09-29 22:58:01,197 [s2@group-64B60AA06307->s0-GrpcLogAppender-LogAppenderDaemon] INFO  server.RaftServerConfigKeys (ConfUtils.java:logGet(46)) - raft.server.log.appender.wait-time.min = 1ms (default)
2024-09-29 22:58:01,197 [s2@group-64B60AA06307->s0-GrpcLogAppender-LogAppenderDaemon] INFO  grpc.GrpcConfigKeys (ConfUtils.java:logGet(46)) - raft.grpc.server.leader.outstanding.appends.max = 8 (default)
2024-09-29 22:58:01,197 [s2@group-64B60AA06307->s0-GrpcLogAppender-LogAppenderDaemon] INFO  server.RaftServerConfigKeys (ConfUtils.java:logGet(46)) - raft.server.rpc.request.timeout = 3000ms (default)
2024-09-29 22:58:01,197 [s2@group-64B60AA06307->s0-GrpcLogAppender-LogAppenderDaemon] INFO  grpc.GrpcConfigKeys (ConfUtils.java:logGet(46)) - raft.grpc.server.install_snapshot.request.element-limit = 8 (default)
2024-09-29 22:58:01,197 [s2@group-64B60AA06307->s0-GrpcLogAppender-LogAppenderDaemon] INFO  grpc.GrpcConfigKeys (ConfUtils.java:logGet(46)) - raft.grpc.server.install_snapshot.request.timeout = 3000ms (default)
2024-09-29 22:58:01,197 [s2@group-64B60AA06307->s0-GrpcLogAppender-LogAppenderDaemon] INFO  grpc.GrpcConfigKeys (ConfUtils.java:logGet(46)) - raft.grpc.server.log-message.batch.duration = 5s (default)
2024-09-29 22:58:01,197 [s2@group-64B60AA06307->s0-GrpcLogAppender-LogAppenderDaemon] INFO  server.RaftServerConfigKeys (ConfUtils.java:logGet(46)) - raft.server.log.appender.install.snapshot.enabled = true (default)
2024-09-29 22:58:01,197 [s2@group-64B60AA06307->s0-GrpcLogAppender-LogAppenderDaemon] INFO  grpc.GrpcConfigKeys (ConfUtils.java:logGet(46)) - raft.grpc.server.heartbeat.channel = false (custom)
2024-09-29 22:58:01,198 [s0-server-thread20] INFO  util.CodeInjectionForTesting (BlockRequestHandlingInjection.java:execute(77)) - s0: Block request from s2
2024-09-29 22:58:01,200 [s2@group-64B60AA06307->s4-GrpcLogAppender-LogAppenderDaemon] WARN  leader.LogAppenderDaemon (LogAppenderDaemon.java:run(89)) - s2@group-64B60AA06307->s4-GrpcLogAppender-LogAppenderDaemon failed
java.lang.IllegalStateException: Failed to retain: object has already been completely released.
	at org.apache.ratis.util.ReferenceCountedLeakDetector$Impl.retain(ReferenceCountedLeakDetector.java:116)
	at org.apache.ratis.server.raftlog.segmented.SegmentedRaftLog.retainLog(SegmentedRaftLog.java:310)
	at org.apache.ratis.server.raftlog.segmented.SegmentedRaftLog.retainEntryWithData(SegmentedRaftLog.java:327)
	at org.apache.ratis.server.leader.LogAppenderBase.nextAppendEntriesRequest(LogAppenderBase.java:264)
	at org.apache.ratis.grpc.server.GrpcLogAppender.appendLog(GrpcLogAppender.java:387)
	at org.apache.ratis.grpc.server.GrpcLogAppender.run(GrpcLogAppender.java:262)
	at org.apache.ratis.server.leader.LogAppenderDaemon.run(LogAppenderDaemon.java:80)
	at java.lang.Thread.run(Thread.java:750)
2024-09-29 22:58:01,205 [s2@group-64B60AA06307->s4-GrpcLogAppender-LogAppenderDaemon] INFO  server.RaftServer$Division (LeaderStateImpl.java:restart(687)) - s2@group-64B60AA06307-LeaderStateImpl: Restarting GrpcLogAppender for s2@group-64B60AA06307->s4
2024-09-29 22:58:01,205 [s2@group-64B60AA06307->s4-GrpcLogAppender-LogAppenderDaemon] INFO  server.RaftServerConfigKeys (ConfUtils.java:logGet(46)) - raft.server.log.appender.snapshot.chunk.size.max = 1k (=1024) (custom)
2024-09-29 22:58:01,205 [s2@group-64B60AA06307->s4-GrpcLogAppender-LogAppenderDaemon] INFO  server.RaftServerConfigKeys (ConfUtils.java:logGet(46)) - raft.server.log.appender.buffer.byte-limit = 4MB (=4194304) (default)
2024-09-29 22:58:01,205 [s2@group-64B60AA06307->s4-GrpcLogAppender-LogAppenderDaemon] INFO  server.RaftServerConfigKeys (ConfUtils.java:logGet(46)) - raft.server.log.appender.buffer.element-limit = 0 (default)
2024-09-29 22:58:01,205 [s2@group-64B60AA06307->s4-GrpcLogAppender-LogAppenderDaemon] INFO  server.RaftServerConfigKeys (ConfUtils.java:logGet(46)) - raft.server.log.appender.wait-time.min = 1ms (default)
2024-09-29 22:58:01,205 [s2@group-64B60AA06307->s4-GrpcLogAppender-LogAppenderDaemon] INFO  grpc.GrpcConfigKeys (ConfUtils.java:logGet(46)) - raft.grpc.server.leader.outstanding.appends.max = 8 (default)
2024-09-29 22:58:01,205 [s2@group-64B60AA06307->s4-GrpcLogAppender-LogAppenderDaemon] INFO  server.RaftServerConfigKeys (ConfUtils.java:logGet(46)) - raft.server.rpc.request.timeout = 3000ms (default)
2024-09-29 22:58:01,206 [s2@group-64B60AA06307->s4-GrpcLogAppender-LogAppenderDaemon] INFO  grpc.GrpcConfigKeys (ConfUtils.java:logGet(46)) - raft.grpc.server.install_snapshot.request.element-limit = 8 (default)
2024-09-29 22:58:01,206 [s2@group-64B60AA06307->s4-GrpcLogAppender-LogAppenderDaemon] INFO  grpc.GrpcConfigKeys (ConfUtils.java:logGet(46)) - raft.grpc.server.install_snapshot.request.timeout = 3000ms (default)
2024-09-29 22:58:01,206 [s2@group-64B60AA06307->s4-GrpcLogAppender-LogAppenderDaemon] INFO  grpc.GrpcConfigKeys (ConfUtils.java:logGet(46)) - raft.grpc.server.log-message.batch.duration = 5s (default)
2024-09-29 22:58:01,206 [s2@group-64B60AA06307->s4-GrpcLogAppender-LogAppenderDaemon] INFO  server.RaftServerConfigKeys (ConfUtils.java:logGet(46)) - raft.server.log.appender.install.snapshot.enabled = true (default)
2024-09-29 22:58:01,206 [s2@group-64B60AA06307->s4-GrpcLogAppender-LogAppenderDaemon] INFO  grpc.GrpcConfigKeys (ConfUtils.java:logGet(46)) - raft.grpc.server.heartbeat.channel = false (custom)
2024-09-29 22:58:01,203 [s0-server-thread21] INFO  util.CodeInjectionForTesting (BlockRequestHandlingInjection.java:execute(77)) - s0: Block request from s2
2024-09-29 22:58:01,202 [s2@group-64B60AA06307->s0-GrpcLogAppender-LogAppenderDaemon] WARN  leader.LogAppenderDaemon (LogAppenderDaemon.java:run(89)) - s2@group-64B60AA06307->s0-GrpcLogAppender-LogAppenderDaemon failed
java.lang.IllegalStateException: Failed to retain: object has already been completely released.
	at org.apache.ratis.util.ReferenceCountedLeakDetector$Impl.retain(ReferenceCountedLeakDetector.java:116)
	at org.apache.ratis.server.raftlog.segmented.SegmentedRaftLog.retainLog(SegmentedRaftLog.java:310)
	at org.apache.ratis.server.raftlog.segmented.SegmentedRaftLog.retainEntryWithData(SegmentedRaftLog.java:327)
	at org.apache.ratis.server.leader.LogAppenderBase.nextAppendEntriesRequest(LogAppenderBase.java:264)
	at org.apache.ratis.grpc.server.GrpcLogAppender.appendLog(GrpcLogAppender.java:387)
	at org.apache.ratis.grpc.server.GrpcLogAppender.run(GrpcLogAppender.java:262)
	at org.apache.ratis.server.leader.LogAppenderDaemon.run(LogAppenderDaemon.java:80)
	at java.lang.Thread.run(Thread.java:750)
2024-09-29 22:58:01,207 [s2@group-64B60AA06307->s0-GrpcLogAppender-LogAppenderDaemon] INFO  server.RaftServer$Division (LeaderStateImpl.java:restart(687)) - s2@group-64B60AA06307-LeaderStateImpl: Restarting GrpcLogAppender for s2@group-64B60AA06307->s0
2024-09-29 22:58:01,207 [s2@group-64B60AA06307->s0-GrpcLogAppender-LogAppenderDaemon] INFO  server.RaftServerConfigKeys (ConfUtils.java:logGet(46)) - raft.server.log.appender.snapshot.chunk.size.max = 1k (=1024) (custom)
2024-09-29 22:58:01,207 [s2@group-64B60AA06307->s0-GrpcLogAppender-LogAppenderDaemon] INFO  server.RaftServerConfigKeys (ConfUtils.java:logGet(46)) - raft.server.log.appender.buffer.byte-limit = 4MB (=4194304) (default)
2024-09-29 22:58:01,207 [s2@group-64B60AA06307->s0-GrpcLogAppender-LogAppenderDaemon] INFO  server.RaftServerConfigKeys (ConfUtils.java:logGet(46)) - raft.server.log.appender.buffer.element-limit = 0 (default)
2024-09-29 22:58:01,207 [s2@group-64B60AA06307->s0-GrpcLogAppender-LogAppenderDaemon] INFO  server.RaftServerConfigKeys (ConfUtils.java:logGet(46)) - raft.server.log.appender.wait-time.min = 1ms (default)
2024-09-29 22:58:01,207 [s2@group-64B60AA06307->s0-GrpcLogAppender-LogAppenderDaemon] INFO  grpc.GrpcConfigKeys (ConfUtils.java:logGet(46)) - raft.grpc.server.leader.outstanding.appends.max = 8 (default)
2024-09-29 22:58:01,207 [s2@group-64B60AA06307->s0-GrpcLogAppender-LogAppenderDaemon] INFO  server.RaftServerConfigKeys (ConfUtils.java:logGet(46)) - raft.server.rpc.request.timeout = 3000ms (default)
2024-09-29 22:58:01,208 [s2@group-64B60AA06307->s0-GrpcLogAppender-LogAppenderDaemon] INFO  grpc.GrpcConfigKeys (ConfUtils.java:logGet(46)) - raft.grpc.server.install_snapshot.request.element-limit = 8 (default)
2024-09-29 22:58:01,208 [s2@group-64B60AA06307->s0-GrpcLogAppender-LogAppenderDaemon] INFO  grpc.GrpcConfigKeys (ConfUtils.java:logGet(46)) - raft.grpc.server.install_snapshot.request.timeout = 3000ms (default)
2024-09-29 22:58:01,208 [s2@group-64B60AA06307->s0-GrpcLogAppender-LogAppenderDaemon] INFO  grpc.GrpcConfigKeys (ConfUtils.java:logGet(46)) - raft.grpc.server.log-message.batch.duration = 5s (default)
2024-09-29 22:58:01,208 [s2@group-64B60AA06307->s0-GrpcLogAppender-LogAppenderDaemon] INFO  server.RaftServerConfigKeys (ConfUtils.java:logGet(46)) - raft.server.log.appender.install.snapshot.enabled = true (default)
2024-09-29 22:58:01,208 [s2@group-64B60AA06307->s0-GrpcLogAppender-LogAppenderDaemon] INFO  grpc.GrpcConfigKeys (ConfUtils.java:logGet(46)) - raft.grpc.server.heartbeat.channel = false (custom)
2024-09-29 22:58:01,210 [s2@group-64B60AA06307->s4-GrpcLogAppender-LogAppenderDaemon] WARN  leader.LogAppenderDaemon (LogAppenderDaemon.java:run(89)) - s2@group-64B60AA06307->s4-GrpcLogAppender-LogAppenderDaemon failed
java.lang.IllegalStateException: Failed to retain: object has already been completely released.
	at org.apache.ratis.util.ReferenceCountedLeakDetector$Impl.retain(ReferenceCountedLeakDetector.java:116)
	at org.apache.ratis.server.raftlog.segmented.SegmentedRaftLog.retainLog(SegmentedRaftLog.java:310)
	at org.apache.ratis.server.raftlog.segmented.SegmentedRaftLog.retainEntryWithData(SegmentedRaftLog.java:327)
	at org.apache.ratis.server.leader.LogAppenderBase.nextAppendEntriesRequest(LogAppenderBase.java:264)
	at org.apache.ratis.grpc.server.GrpcLogAppender.appendLog(GrpcLogAppender.java:387)
	at org.apache.ratis.grpc.server.GrpcLogAppender.run(GrpcLogAppender.java:262)
	at org.apache.ratis.server.leader.LogAppenderDaemon.run(LogAppenderDaemon.java:80)
	at java.lang.Thread.run(Thread.java:750)
2024-09-29 22:58:01,211 [s2@group-64B60AA06307->s4-GrpcLogAppender-LogAppenderDaemon] INFO  server.RaftServer$Division (LeaderStateImpl.java:restart(687)) - s2@group-64B60AA06307-LeaderStateImpl: Restarting GrpcLogAppender for s2@group-64B60AA06307->s4
2024-09-29 22:58:01,211 [s2@group-64B60AA06307->s4-GrpcLogAppender-LogAppenderDaemon] INFO  server.RaftServerConfigKeys (ConfUtils.java:logGet(46)) - raft.server.log.appender.snapshot.chunk.size.max = 1k (=1024) (custom)
2024-09-29 22:58:01,211 [s2@group-64B60AA06307->s4-GrpcLogAppender-LogAppenderDaemon] INFO  server.RaftServerConfigKeys (ConfUtils.java:logGet(46)) - raft.server.log.appender.buffer.byte-limit = 4MB (=4194304) (default)
2024-09-29 22:58:01,211 [s2@group-64B60AA06307->s4-GrpcLogAppender-LogAppenderDaemon] INFO  server.RaftServerConfigKeys (ConfUtils.java:logGet(46)) - raft.server.log.appender.buffer.element-limit = 0 (default)
2024-09-29 22:58:01,211 [s2@group-64B60AA06307->s4-GrpcLogAppender-LogAppenderDaemon] INFO  server.RaftServerConfigKeys (ConfUtils.java:logGet(46)) - raft.server.log.appender.wait-time.min = 1ms (default)
2024-09-29 22:58:01,211 [s2@group-64B60AA06307->s4-GrpcLogAppender-LogAppenderDaemon] INFO  grpc.GrpcConfigKeys (ConfUtils.java:logGet(46)) - raft.grpc.server.leader.outstanding.appends.max = 8 (default)
2024-09-29 22:58:01,212 [s2@group-64B60AA06307->s4-GrpcLogAppender-LogAppenderDaemon] INFO  server.RaftServerConfigKeys (ConfUtils.java:logGet(46)) - raft.server.rpc.request.timeout = 3000ms (default)
2024-09-29 22:58:01,212 [s2@group-64B60AA06307->s4-GrpcLogAppender-LogAppenderDaemon] INFO  grpc.GrpcConfigKeys (ConfUtils.java:logGet(46)) - raft.grpc.server.install_snapshot.request.element-limit = 8 (default)
2024-09-29 22:58:01,212 [s2@group-64B60AA06307->s4-GrpcLogAppender-LogAppenderDaemon] INFO  grpc.GrpcConfigKeys (ConfUtils.java:logGet(46)) - raft.grpc.server.install_snapshot.request.timeout = 3000ms (default)
2024-09-29 22:58:01,212 [s2@group-64B60AA06307->s4-GrpcLogAppender-LogAppenderDaemon] INFO  grpc.GrpcConfigKeys (ConfUtils.java:logGet(46)) - raft.grpc.server.log-message.batch.duration = 5s (default)
2024-09-29 22:58:01,212 [s2@group-64B60AA06307->s4-GrpcLogAppender-LogAppenderDaemon] INFO  server.RaftServerConfigKeys (ConfUtils.java:logGet(46)) - raft.server.log.appender.install.snapshot.enabled = true (default)
2024-09-29 22:58:01,212 [s2@group-64B60AA06307->s4-GrpcLogAppender-LogAppenderDaemon] INFO  grpc.GrpcConfigKeys (ConfUtils.java:logGet(46)) - raft.grpc.server.heartbeat.channel = false (custom)
2024-09-29 22:58:01,213 [s0-server-thread22] INFO  util.CodeInjectionForTesting (BlockRequestHandlingInjection.java:execute(77)) - s0: Block request from s2
2024-09-29 22:58:01,214 [s2@group-64B60AA06307->s0-GrpcLogAppender-LogAppenderDaemon] WARN  leader.LogAppenderDaemon (LogAppenderDaemon.java:run(89)) - s2@group-64B60AA06307->s0-GrpcLogAppender-LogAppenderDaemon failed
java.lang.IllegalStateException: Failed to retain: object has already been completely released.
	at org.apache.ratis.util.ReferenceCountedLeakDetector$Impl.retain(ReferenceCountedLeakDetector.java:116)
	at org.apache.ratis.server.raftlog.segmented.SegmentedRaftLog.retainLog(SegmentedRaftLog.java:310)
	at org.apache.ratis.server.raftlog.segmented.SegmentedRaftLog.retainEntryWithData(SegmentedRaftLog.java:327)
	at org.apache.ratis.server.leader.LogAppenderBase.nextAppendEntriesRequest(LogAppenderBase.java:264)
	at org.apache.ratis.grpc.server.GrpcLogAppender.appendLog(GrpcLogAppender.java:387)
	at org.apache.ratis.grpc.server.GrpcLogAppender.run(GrpcLogAppender.java:262)
	at org.apache.ratis.server.leader.LogAppenderDaemon.run(LogAppenderDaemon.java:80)
	at java.lang.Thread.run(Thread.java:750)
2024-09-29 22:58:01,214 [s2@group-64B60AA06307->s0-GrpcLogAppender-LogAppenderDaemon] INFO  server.RaftServer$Division (LeaderStateImpl.java:restart(687)) - s2@group-64B60AA06307-LeaderStateImpl: Restarting GrpcLogAppender for s2@group-64B60AA06307->s0
2024-09-29 22:58:01,214 [s2@group-64B60AA06307->s0-GrpcLogAppender-LogAppenderDaemon] INFO  server.RaftServerConfigKeys (ConfUtils.java:logGet(46)) - raft.server.log.appender.snapshot.chunk.size.max = 1k (=1024) (custom)
2024-09-29 22:58:01,214 [s2@group-64B60AA06307->s0-GrpcLogAppender-LogAppenderDaemon] INFO  server.RaftServerConfigKeys (ConfUtils.java:logGet(46)) - raft.server.log.appender.buffer.byte-limit = 4MB (=4194304) (default)
2024-09-29 22:58:01,214 [s2@group-64B60AA06307->s0-GrpcLogAppender-LogAppenderDaemon] INFO  server.RaftServerConfigKeys (ConfUtils.java:logGet(46)) - raft.server.log.appender.buffer.element-limit = 0 (default)
2024-09-29 22:58:01,214 [s2@group-64B60AA06307->s0-GrpcLogAppender-LogAppenderDaemon] INFO  server.RaftServerConfigKeys (ConfUtils.java:logGet(46)) - raft.server.log.appender.wait-time.min = 1ms (default)
2024-09-29 22:58:01,215 [s2@group-64B60AA06307->s0-GrpcLogAppender-LogAppenderDaemon] INFO  grpc.GrpcConfigKeys (ConfUtils.java:logGet(46)) - raft.grpc.server.leader.outstanding.appends.max = 8 (default)
2024-09-29 22:58:01,215 [s2@group-64B60AA06307->s0-GrpcLogAppender-LogAppenderDaemon] INFO  server.RaftServerConfigKeys (ConfUtils.java:logGet(46)) - raft.server.rpc.request.timeout = 3000ms (default)
2024-09-29 22:58:01,215 [s2@group-64B60AA06307->s0-GrpcLogAppender-LogAppenderDaemon] INFO  grpc.GrpcConfigKeys (ConfUtils.java:logGet(46)) - raft.grpc.server.install_snapshot.request.element-limit = 8 (default)
2024-09-29 22:58:01,215 [s2@group-64B60AA06307->s0-GrpcLogAppender-LogAppenderDaemon] INFO  grpc.GrpcConfigKeys (ConfUtils.java:logGet(46)) - raft.grpc.server.install_snapshot.request.timeout = 3000ms (default)
2024-09-29 22:58:01,215 [s2@group-64B60AA06307->s0-GrpcLogAppender-LogAppenderDaemon] INFO  grpc.GrpcConfigKeys (ConfUtils.java:logGet(46)) - raft.grpc.server.log-message.batch.duration = 5s (default)
2024-09-29 22:58:01,215 [s2@group-64B60AA06307->s0-GrpcLogAppender-LogAppenderDaemon] INFO  server.RaftServerConfigKeys (ConfUtils.java:logGet(46)) - raft.server.log.appender.install.snapshot.enabled = true (default)
2024-09-29 22:58:01,215 [s2@group-64B60AA06307->s0-GrpcLogAppender-LogAppenderDaemon] INFO  grpc.GrpcConfigKeys (ConfUtils.java:logGet(46)) - raft.grpc.server.heartbeat.channel = false (custom)
2024-09-29 22:58:01,219 [s0-server-thread23] INFO  util.CodeInjectionForTesting (BlockRequestHandlingInjection.java:execute(77)) - s0: Block request from s2
2024-09-29 22:58:01,220 [s2@group-64B60AA06307->s0-GrpcLogAppender-LogAppenderDaemon] WARN  leader.LogAppenderDaemon (LogAppenderDaemon.java:run(89)) - s2@group-64B60AA06307->s0-GrpcLogAppender-LogAppenderDaemon failed
java.lang.IllegalStateException: Failed to retain: object has already been completely released.
	at org.apache.ratis.util.ReferenceCountedLeakDetector$Impl.retain(ReferenceCountedLeakDetector.java:116)
	at org.apache.ratis.server.raftlog.segmented.SegmentedRaftLog.retainLog(SegmentedRaftLog.java:310)
	at org.apache.ratis.server.raftlog.segmented.SegmentedRaftLog.retainEntryWithData(SegmentedRaftLog.java:327)
	at org.apache.ratis.server.leader.LogAppenderBase.nextAppendEntriesRequest(LogAppenderBase.java:264)
	at org.apache.ratis.grpc.server.GrpcLogAppender.appendLog(GrpcLogAppender.java:387)
	at org.apache.ratis.grpc.server.GrpcLogAppender.run(GrpcLogAppender.java:262)
	at org.apache.ratis.server.leader.LogAppenderDaemon.run(LogAppenderDaemon.java:80)
	at java.lang.Thread.run(Thread.java:750)
2024-09-29 22:58:01,220 [s2@group-64B60AA06307->s0-GrpcLogAppender-LogAppenderDaemon] INFO  server.RaftServer$Division (LeaderStateImpl.java:restart(687)) - s2@group-64B60AA06307-LeaderStateImpl: Restarting GrpcLogAppender for s2@group-64B60AA06307->s0
2024-09-29 22:58:01,220 [s2@group-64B60AA06307->s0-GrpcLogAppender-LogAppenderDaemon] INFO  server.RaftServerConfigKeys (ConfUtils.java:logGet(46)) - raft.server.log.appender.snapshot.chunk.size.max = 1k (=1024) (custom)
2024-09-29 22:58:01,220 [s2@group-64B60AA06307->s0-GrpcLogAppender-LogAppenderDaemon] INFO  server.RaftServerConfigKeys (ConfUtils.java:logGet(46)) - raft.server.log.appender.buffer.byte-limit = 4MB (=4194304) (default)
2024-09-29 22:58:01,220 [s2@group-64B60AA06307->s0-GrpcLogAppender-LogAppenderDaemon] INFO  server.RaftServerConfigKeys (ConfUtils.java:logGet(46)) - raft.server.log.appender.buffer.element-limit = 0 (default)
2024-09-29 22:58:01,220 [s2@group-64B60AA06307->s0-GrpcLogAppender-LogAppenderDaemon] INFO  server.RaftServerConfigKeys (ConfUtils.java:logGet(46)) - raft.server.log.appender.wait-time.min = 1ms (default)
2024-09-29 22:58:01,221 [s2@group-64B60AA06307->s0-GrpcLogAppender-LogAppenderDaemon] INFO  grpc.GrpcConfigKeys (ConfUtils.java:logGet(46)) - raft.grpc.server.leader.outstanding.appends.max = 8 (default)
2024-09-29 22:58:01,221 [s2@group-64B60AA06307->s0-GrpcLogAppender-LogAppenderDaemon] INFO  server.RaftServerConfigKeys (ConfUtils.java:logGet(46)) - raft.server.rpc.request.timeout = 3000ms (default)
2024-09-29 22:58:01,221 [s2@group-64B60AA06307->s0-GrpcLogAppender-LogAppenderDaemon] INFO  grpc.GrpcConfigKeys (ConfUtils.java:logGet(46)) - raft.grpc.server.install_snapshot.request.element-limit = 8 (default)
2024-09-29 22:58:01,221 [s2@group-64B60AA06307->s0-GrpcLogAppender-LogAppenderDaemon] INFO  grpc.GrpcConfigKeys (ConfUtils.java:logGet(46)) - raft.grpc.server.install_snapshot.request.timeout = 3000ms (default)
2024-09-29 22:58:01,221 [s2@group-64B60AA06307->s0-GrpcLogAppender-LogAppenderDaemon] INFO  grpc.GrpcConfigKeys (ConfUtils.java:logGet(46)) - raft.grpc.server.log-message.batch.duration = 5s (default)
2024-09-29 22:58:01,221 [s2@group-64B60AA06307->s0-GrpcLogAppender-LogAppenderDaemon] INFO  server.RaftServerConfigKeys (ConfUtils.java:logGet(46)) - raft.server.log.appender.install.snapshot.enabled = true (default)
2024-09-29 22:58:01,221 [s2@group-64B60AA06307->s0-GrpcLogAppender-LogAppenderDaemon] INFO  grpc.GrpcConfigKeys (ConfUtils.java:logGet(46)) - raft.grpc.server.heartbeat.channel = false (custom)
2024-09-29 22:58:01,221 [s2@group-64B60AA06307->s4-GrpcLogAppender-LogAppenderDaemon] WARN  leader.LogAppenderDaemon (LogAppenderDaemon.java:run(89)) - s2@group-64B60AA06307->s4-GrpcLogAppender-LogAppenderDaemon failed
java.lang.IllegalStateException: Failed to retain: object has already been completely released.
	at org.apache.ratis.util.ReferenceCountedLeakDetector$Impl.retain(ReferenceCountedLeakDetector.java:116)
	at org.apache.ratis.server.raftlog.segmented.SegmentedRaftLog.retainLog(SegmentedRaftLog.java:310)
	at org.apache.ratis.server.raftlog.segmented.SegmentedRaftLog.retainEntryWithData(SegmentedRaftLog.java:327)
	at org.apache.ratis.server.leader.LogAppenderBase.nextAppendEntriesRequest(LogAppenderBase.java:264)
	at org.apache.ratis.grpc.server.GrpcLogAppender.appendLog(GrpcLogAppender.java:387)
	at org.apache.ratis.grpc.server.GrpcLogAppender.run(GrpcLogAppender.java:262)
	at org.apache.ratis.server.leader.LogAppenderDaemon.run(LogAppenderDaemon.java:80)
	at java.lang.Thread.run(Thread.java:750)
2024-09-29 22:58:01,222 [s2@group-64B60AA06307->s4-GrpcLogAppender-LogAppenderDaemon] INFO  server.RaftServer$Division (LeaderStateImpl.java:restart(687)) - s2@group-64B60AA06307-LeaderStateImpl: Restarting GrpcLogAppender for s2@group-64B60AA06307->s4
2024-09-29 22:58:01,222 [s2@group-64B60AA06307->s4-GrpcLogAppender-LogAppenderDaemon] INFO  server.RaftServerConfigKeys (ConfUtils.java:logGet(46)) - raft.server.log.appender.snapshot.chunk.size.max = 1k (=1024) (custom)
2024-09-29 22:58:01,222 [s2@group-64B60AA06307->s4-GrpcLogAppender-LogAppenderDaemon] INFO  server.RaftServerConfigKeys (ConfUtils.java:logGet(46)) - raft.server.log.appender.buffer.byte-limit = 4MB (=4194304) (default)
2024-09-29 22:58:01,222 [s2@group-64B60AA06307->s4-GrpcLogAppender-LogAppenderDaemon] INFO  server.RaftServerConfigKeys (ConfUtils.java:logGet(46)) - raft.server.log.appender.buffer.element-limit = 0 (default)
2024-09-29 22:58:01,223 [s2@group-64B60AA06307->s4-GrpcLogAppender-LogAppenderDaemon] INFO  server.RaftServerConfigKeys (ConfUtils.java:logGet(46)) - raft.server.log.appender.wait-time.min = 1ms (default)
2024-09-29 22:58:01,223 [s2@group-64B60AA06307->s4-GrpcLogAppender-LogAppenderDaemon] INFO  grpc.GrpcConfigKeys (ConfUtils.java:logGet(46)) - raft.grpc.server.leader.outstanding.appends.max = 8 (default)
2024-09-29 22:58:01,224 [s2@group-64B60AA06307->s4-GrpcLogAppender-LogAppenderDaemon] INFO  server.RaftServerConfigKeys (ConfUtils.java:logGet(46)) - raft.server.rpc.request.timeout = 3000ms (default)
2024-09-29 22:58:01,224 [s2@group-64B60AA06307->s4-GrpcLogAppender-LogAppenderDaemon] INFO  grpc.GrpcConfigKeys (ConfUtils.java:logGet(46)) - raft.grpc.server.install_snapshot.request.element-limit = 8 (default)
2024-09-29 22:58:01,224 [s2@group-64B60AA06307->s4-GrpcLogAppender-LogAppenderDaemon] INFO  grpc.GrpcConfigKeys (ConfUtils.java:logGet(46)) - raft.grpc.server.install_snapshot.request.timeout = 3000ms (default)
2024-09-29 22:58:01,224 [s2@group-64B60AA06307->s4-GrpcLogAppender-LogAppenderDaemon] INFO  grpc.GrpcConfigKeys (ConfUtils.java:logGet(46)) - raft.grpc.server.log-message.batch.duration = 5s (default)
2024-09-29 22:58:01,224 [s2@group-64B60AA06307->s4-GrpcLogAppender-LogAppenderDaemon] INFO  server.RaftServerConfigKeys (ConfUtils.java:logGet(46)) - raft.server.log.appender.install.snapshot.enabled = true (default)
2024-09-29 22:58:01,224 [s2@group-64B60AA06307->s4-GrpcLogAppender-LogAppenderDaemon] INFO  grpc.GrpcConfigKeys (ConfUtils.java:logGet(46)) - raft.grpc.server.heartbeat.channel = false (custom)
2024-09-29 22:58:01,223 [s2@group-64B60AA06307->s0-GrpcLogAppender-LogAppenderDaemon] WARN  leader.LogAppenderDaemon (LogAppenderDaemon.java:run(89)) - s2@group-64B60AA06307->s0-GrpcLogAppender-LogAppenderDaemon failed
java.lang.IllegalStateException: Failed to retain: object has already been completely released.
	at org.apache.ratis.util.ReferenceCountedLeakDetector$Impl.retain(ReferenceCountedLeakDetector.java:116)
	at org.apache.ratis.server.raftlog.segmented.SegmentedRaftLog.retainLog(SegmentedRaftLog.java:310)
	at org.apache.ratis.server.raftlog.segmented.SegmentedRaftLog.retainEntryWithData(SegmentedRaftLog.java:327)
	at org.apache.ratis.server.leader.LogAppenderBase.nextAppendEntriesRequest(LogAppenderBase.java:264)
	at org.apache.ratis.grpc.server.GrpcLogAppender.appendLog(GrpcLogAppender.java:387)
	at org.apache.ratis.grpc.server.GrpcLogAppender.run(GrpcLogAppender.java:262)
	at org.apache.ratis.server.leader.LogAppenderDaemon.run(LogAppenderDaemon.java:80)
	at java.lang.Thread.run(Thread.java:750)
2024-09-29 22:58:01,225 [s2@group-64B60AA06307->s0-GrpcLogAppender-LogAppenderDaemon] INFO  server.RaftServer$Division (LeaderStateImpl.java:restart(687)) - s2@group-64B60AA06307-LeaderStateImpl: Restarting GrpcLogAppender for s2@group-64B60AA06307->s0
2024-09-29 22:58:01,225 [s2@group-64B60AA06307->s0-GrpcLogAppender-LogAppenderDaemon] INFO  server.RaftServerConfigKeys (ConfUtils.java:logGet(46)) - raft.server.log.appender.snapshot.chunk.size.max = 1k (=1024) (custom)
2024-09-29 22:58:01,225 [s2@group-64B60AA06307->s0-GrpcLogAppender-LogAppenderDaemon] INFO  server.RaftServerConfigKeys (ConfUtils.java:logGet(46)) - raft.server.log.appender.buffer.byte-limit = 4MB (=4194304) (default)
2024-09-29 22:58:01,225 [s2@group-64B60AA06307->s0-GrpcLogAppender-LogAppenderDaemon] INFO  server.RaftServerConfigKeys (ConfUtils.java:logGet(46)) - raft.server.log.appender.buffer.element-limit = 0 (default)
2024-09-29 22:58:01,227 [s2@group-64B60AA06307->s0-GrpcLogAppender-LogAppenderDaemon] INFO  server.RaftServerConfigKeys (ConfUtils.java:logGet(46)) - raft.server.log.appender.wait-time.min = 1ms (default)
2024-09-29 22:58:01,227 [s2@group-64B60AA06307->s0-GrpcLogAppender-LogAppenderDaemon] INFO  grpc.GrpcConfigKeys (ConfUtils.java:logGet(46)) - raft.grpc.server.leader.outstanding.appends.max = 8 (default)
2024-09-29 22:58:01,227 [s2@group-64B60AA06307->s0-GrpcLogAppender-LogAppenderDaemon] INFO  server.RaftServerConfigKeys (ConfUtils.java:logGet(46)) - raft.server.rpc.request.timeout = 3000ms (default)
2024-09-29 22:58:01,227 [s2@group-64B60AA06307->s0-GrpcLogAppender-LogAppenderDaemon] INFO  grpc.GrpcConfigKeys (ConfUtils.java:logGet(46)) - raft.grpc.server.install_snapshot.request.element-limit = 8 (default)
2024-09-29 22:58:01,227 [s2@group-64B60AA06307->s0-GrpcLogAppender-LogAppenderDaemon] INFO  grpc.GrpcConfigKeys (ConfUtils.java:logGet(46)) - raft.grpc.server.install_snapshot.request.timeout = 3000ms (default)
2024-09-29 22:58:01,228 [s2@group-64B60AA06307->s0-GrpcLogAppender-LogAppenderDaemon] INFO  grpc.GrpcConfigKeys (ConfUtils.java:logGet(46)) - raft.grpc.server.log-message.batch.duration = 5s (default)
2024-09-29 22:58:01,228 [s2@group-64B60AA06307->s0-GrpcLogAppender-LogAppenderDaemon] INFO  server.RaftServerConfigKeys (ConfUtils.java:logGet(46)) - raft.server.log.appender.install.snapshot.enabled = true (default)
2024-09-29 22:58:01,228 [s2@group-64B60AA06307->s0-GrpcLogAppender-LogAppenderDaemon] INFO  grpc.GrpcConfigKeys (ConfUtils.java:logGet(46)) - raft.grpc.server.heartbeat.channel = false (custom)
2024-09-29 22:58:01,228 [s2@group-64B60AA06307->s4-GrpcLogAppender-LogAppenderDaemon] WARN  leader.LogAppenderDaemon (LogAppenderDaemon.java:run(89)) - s2@group-64B60AA06307->s4-GrpcLogAppender-LogAppenderDaemon failed
java.lang.IllegalStateException: Failed to retain: object has already been completely released.
	at org.apache.ratis.util.ReferenceCountedLeakDetector$Impl.retain(ReferenceCountedLeakDetector.java:116)
	at org.apache.ratis.server.raftlog.segmented.SegmentedRaftLog.retainLog(SegmentedRaftLog.java:310)
	at org.apache.ratis.server.raftlog.segmented.SegmentedRaftLog.retainEntryWithData(SegmentedRaftLog.java:327)
	at org.apache.ratis.server.leader.LogAppenderBase.nextAppendEntriesRequest(LogAppenderBase.java:264)
	at org.apache.ratis.grpc.server.GrpcLogAppender.appendLog(GrpcLogAppender.java:387)
	at org.apache.ratis.grpc.server.GrpcLogAppender.run(GrpcLogAppender.java:262)
	at org.apache.ratis.server.leader.LogAppenderDaemon.run(LogAppenderDaemon.java:80)
	at java.lang.Thread.run(Thread.java:750)
2024-09-29 22:58:01,228 [s2@group-64B60AA06307->s4-GrpcLogAppender-LogAppenderDaemon] INFO  server.RaftServer$Division (LeaderStateImpl.java:restart(687)) - s2@group-64B60AA06307-LeaderStateImpl: Restarting GrpcLogAppender for s2@group-64B60AA06307->s4
2024-09-29 22:58:01,228 [s2@group-64B60AA06307->s4-GrpcLogAppender-LogAppenderDaemon] INFO  server.RaftServerConfigKeys (ConfUtils.java:logGet(46)) - raft.server.log.appender.snapshot.chunk.size.max = 1k (=1024) (custom)
2024-09-29 22:58:01,229 [s0-server-thread24] INFO  util.CodeInjectionForTesting (BlockRequestHandlingInjection.java:execute(77)) - s0: Block request from s2
2024-09-29 22:58:01,229 [s2@group-64B60AA06307->s4-GrpcLogAppender-LogAppenderDaemon] INFO  server.RaftServerConfigKeys (ConfUtils.java:logGet(46)) - raft.server.log.appender.buffer.byte-limit = 4MB (=4194304) (default)
2024-09-29 22:58:01,229 [s2@group-64B60AA06307->s4-GrpcLogAppender-LogAppenderDaemon] INFO  server.RaftServerConfigKeys (ConfUtils.java:logGet(46)) - raft.server.log.appender.buffer.element-limit = 0 (default)
2024-09-29 22:58:01,229 [s2@group-64B60AA06307->s4-GrpcLogAppender-LogAppenderDaemon] INFO  server.RaftServerConfigKeys (ConfUtils.java:logGet(46)) - raft.server.log.appender.wait-time.min = 1ms (default)
2024-09-29 22:58:01,229 [s2@group-64B60AA06307->s4-GrpcLogAppender-LogAppenderDaemon] INFO  grpc.GrpcConfigKeys (ConfUtils.java:logGet(46)) - raft.grpc.server.leader.outstanding.appends.max = 8 (default)
2024-09-29 22:58:01,229 [s2@group-64B60AA06307->s4-GrpcLogAppender-LogAppenderDaemon] INFO  server.RaftServerConfigKeys (ConfUtils.java:logGet(46)) - raft.server.rpc.request.timeout = 3000ms (default)
2024-09-29 22:58:01,229 [s2@group-64B60AA06307->s4-GrpcLogAppender-LogAppenderDaemon] INFO  grpc.GrpcConfigKeys (ConfUtils.java:logGet(46)) - raft.grpc.server.install_snapshot.request.element-limit = 8 (default)
2024-09-29 22:58:01,229 [s2@group-64B60AA06307->s4-GrpcLogAppender-LogAppenderDaemon] INFO  grpc.GrpcConfigKeys (ConfUtils.java:logGet(46)) - raft.grpc.server.install_snapshot.request.timeout = 3000ms (default)
2024-09-29 22:58:01,229 [s2@group-64B60AA06307->s4-GrpcLogAppender-LogAppenderDaemon] INFO  grpc.GrpcConfigKeys (ConfUtils.java:logGet(46)) - raft.grpc.server.log-message.batch.duration = 5s (default)
2024-09-29 22:58:01,229 [s2@group-64B60AA06307->s4-GrpcLogAppender-LogAppenderDaemon] INFO  server.RaftServerConfigKeys (ConfUtils.java:logGet(46)) - raft.server.log.appender.install.snapshot.enabled = true (default)
2024-09-29 22:58:01,229 [s2@group-64B60AA06307->s4-GrpcLogAppender-LogAppenderDaemon] INFO  grpc.GrpcConfigKeys (ConfUtils.java:logGet(46)) - raft.grpc.server.heartbeat.channel = false (custom)
2024-09-29 22:58:01,236 [s2@group-64B60AA06307->s4-GrpcLogAppender-LogAppenderDaemon] WARN  leader.LogAppenderDaemon (LogAppenderDaemon.java:run(89)) - s2@group-64B60AA06307->s4-GrpcLogAppender-LogAppenderDaemon failed
java.lang.IllegalStateException: Failed to retain: object has already been completely released.
	at org.apache.ratis.util.ReferenceCountedLeakDetector$Impl.retain(ReferenceCountedLeakDetector.java:116)
	at org.apache.ratis.server.raftlog.segmented.SegmentedRaftLog.retainLog(SegmentedRaftLog.java:310)
	at org.apache.ratis.server.raftlog.segmented.SegmentedRaftLog.retainEntryWithData(SegmentedRaftLog.java:327)
	at org.apache.ratis.server.leader.LogAppenderBase.nextAppendEntriesRequest(LogAppenderBase.java:264)
	at org.apache.ratis.grpc.server.GrpcLogAppender.appendLog(GrpcLogAppender.java:387)
	at org.apache.ratis.grpc.server.GrpcLogAppender.run(GrpcLogAppender.java:262)
	at org.apache.ratis.server.leader.LogAppenderDaemon.run(LogAppenderDaemon.java:80)
	at java.lang.Thread.run(Thread.java:750)
2024-09-29 22:58:01,237 [s2@group-64B60AA06307->s4-GrpcLogAppender-LogAppenderDaemon] INFO  server.RaftServer$Division (LeaderStateImpl.java:restart(687)) - s2@group-64B60AA06307-LeaderStateImpl: Restarting GrpcLogAppender for s2@group-64B60AA06307->s4
2024-09-29 22:58:01,237 [s2@group-64B60AA06307->s4-GrpcLogAppender-LogAppenderDaemon] INFO  server.RaftServerConfigKeys (ConfUtils.java:logGet(46)) - raft.server.log.appender.snapshot.chunk.size.max = 1k (=1024) (custom)
2024-09-29 22:58:01,237 [s2@group-64B60AA06307->s4-GrpcLogAppender-LogAppenderDaemon] INFO  server.RaftServerConfigKeys (ConfUtils.java:logGet(46)) - raft.server.log.appender.buffer.byte-limit = 4MB (=4194304) (default)
2024-09-29 22:58:01,237 [s2@group-64B60AA06307->s4-GrpcLogAppender-LogAppenderDaemon] INFO  server.RaftServerConfigKeys (ConfUtils.java:logGet(46)) - raft.server.log.appender.buffer.element-limit = 0 (default)
2024-09-29 22:58:01,237 [s2@group-64B60AA06307->s4-GrpcLogAppender-LogAppenderDaemon] INFO  server.RaftServerConfigKeys (ConfUtils.java:logGet(46)) - raft.server.log.appender.wait-time.min = 1ms (default)
2024-09-29 22:58:01,237 [s2@group-64B60AA06307->s4-GrpcLogAppender-LogAppenderDaemon] INFO  grpc.GrpcConfigKeys (ConfUtils.java:logGet(46)) - raft.grpc.server.leader.outstanding.appends.max = 8 (default)
2024-09-29 22:58:01,237 [s2@group-64B60AA06307->s4-GrpcLogAppender-LogAppenderDaemon] INFO  server.RaftServerConfigKeys (ConfUtils.java:logGet(46)) - raft.server.rpc.request.timeout = 3000ms (default)
2024-09-29 22:58:01,238 [s2@group-64B60AA06307->s4-GrpcLogAppender-LogAppenderDaemon] INFO  grpc.GrpcConfigKeys (ConfUtils.java:logGet(46)) - raft.grpc.server.install_snapshot.request.element-limit = 8 (default)
2024-09-29 22:58:01,238 [s2@group-64B60AA06307->s4-GrpcLogAppender-LogAppenderDaemon] INFO  grpc.GrpcConfigKeys (ConfUtils.java:logGet(46)) - raft.grpc.server.install_snapshot.request.timeout = 3000ms (default)
2024-09-29 22:58:01,238 [s2@group-64B60AA06307->s4-GrpcLogAppender-LogAppenderDaemon] INFO  grpc.GrpcConfigKeys (ConfUtils.java:logGet(46)) - raft.grpc.server.log-message.batch.duration = 5s (default)
2024-09-29 22:58:01,238 [s2@group-64B60AA06307->s4-GrpcLogAppender-LogAppenderDaemon] INFO  server.RaftServerConfigKeys (ConfUtils.java:logGet(46)) - raft.server.log.appender.install.snapshot.enabled = true (default)
2024-09-29 22:58:01,238 [s2@group-64B60AA06307->s4-GrpcLogAppender-LogAppenderDaemon] INFO  grpc.GrpcConfigKeys (ConfUtils.java:logGet(46)) - raft.grpc.server.heartbeat.channel = false (custom)
2024-09-29 22:58:01,238 [s0-server-thread25] INFO  util.CodeInjectionForTesting (BlockRequestHandlingInjection.java:execute(77)) - s0: Block request from s2
2024-09-29 22:58:01,240 [s2@group-64B60AA06307->s0-GrpcLogAppender-LogAppenderDaemon] WARN  leader.LogAppenderDaemon (LogAppenderDaemon.java:run(89)) - s2@group-64B60AA06307->s0-GrpcLogAppender-LogAppenderDaemon failed
java.lang.IllegalStateException: Failed to retain: object has already been completely released.
	at org.apache.ratis.util.ReferenceCountedLeakDetector$Impl.retain(ReferenceCountedLeakDetector.java:116)
	at org.apache.ratis.server.raftlog.segmented.SegmentedRaftLog.retainLog(SegmentedRaftLog.java:310)
	at org.apache.ratis.server.raftlog.segmented.SegmentedRaftLog.retainEntryWithData(SegmentedRaftLog.java:327)
	at org.apache.ratis.server.leader.LogAppenderBase.nextAppendEntriesRequest(LogAppenderBase.java:264)
	at org.apache.ratis.grpc.server.GrpcLogAppender.appendLog(GrpcLogAppender.java:387)
	at org.apache.ratis.grpc.server.GrpcLogAppender.run(GrpcLogAppender.java:262)
	at org.apache.ratis.server.leader.LogAppenderDaemon.run(LogAppenderDaemon.java:80)
	at java.lang.Thread.run(Thread.java:750)
2024-09-29 22:58:01,240 [s2@group-64B60AA06307->s0-GrpcLogAppender-LogAppenderDaemon] INFO  server.RaftServer$Division (LeaderStateImpl.java:restart(687)) - s2@group-64B60AA06307-LeaderStateImpl: Restarting GrpcLogAppender for s2@group-64B60AA06307->s0
2024-09-29 22:58:01,240 [s2@group-64B60AA06307->s0-GrpcLogAppender-LogAppenderDaemon] INFO  server.RaftServerConfigKeys (ConfUtils.java:logGet(46)) - raft.server.log.appender.snapshot.chunk.size.max = 1k (=1024) (custom)
2024-09-29 22:58:01,240 [s2@group-64B60AA06307->s0-GrpcLogAppender-LogAppenderDaemon] INFO  server.RaftServerConfigKeys (ConfUtils.java:logGet(46)) - raft.server.log.appender.buffer.byte-limit = 4MB (=4194304) (default)
2024-09-29 22:58:01,240 [s2@group-64B60AA06307->s0-GrpcLogAppender-LogAppenderDaemon] INFO  server.RaftServerConfigKeys (ConfUtils.java:logGet(46)) - raft.server.log.appender.buffer.element-limit = 0 (default)
2024-09-29 22:58:01,240 [s2@group-64B60AA06307->s0-GrpcLogAppender-LogAppenderDaemon] INFO  server.RaftServerConfigKeys (ConfUtils.java:logGet(46)) - raft.server.log.appender.wait-time.min = 1ms (default)
2024-09-29 22:58:01,240 [s2@group-64B60AA06307->s0-GrpcLogAppender-LogAppenderDaemon] INFO  grpc.GrpcConfigKeys (ConfUtils.java:logGet(46)) - raft.grpc.server.leader.outstanding.appends.max = 8 (default)
2024-09-29 22:58:01,241 [s2@group-64B60AA06307->s0-GrpcLogAppender-LogAppenderDaemon] INFO  server.RaftServerConfigKeys (ConfUtils.java:logGet(46)) - raft.server.rpc.request.timeout = 3000ms (default)
2024-09-29 22:58:01,241 [s2@group-64B60AA06307->s0-GrpcLogAppender-LogAppenderDaemon] INFO  grpc.GrpcConfigKeys (ConfUtils.java:logGet(46)) - raft.grpc.server.install_snapshot.request.element-limit = 8 (default)
2024-09-29 22:58:01,241 [s2@group-64B60AA06307->s0-GrpcLogAppender-LogAppenderDaemon] INFO  grpc.GrpcConfigKeys (ConfUtils.java:logGet(46)) - raft.grpc.server.install_snapshot.request.timeout = 3000ms (default)
2024-09-29 22:58:01,241 [s2@group-64B60AA06307->s0-GrpcLogAppender-LogAppenderDaemon] INFO  grpc.GrpcConfigKeys (ConfUtils.java:logGet(46)) - raft.grpc.server.log-message.batch.duration = 5s (default)
2024-09-29 22:58:01,241 [s2@group-64B60AA06307->s0-GrpcLogAppender-LogAppenderDaemon] INFO  server.RaftServerConfigKeys (ConfUtils.java:logGet(46)) - raft.server.log.appender.install.snapshot.enabled = true (default)
2024-09-29 22:58:01,241 [s2@group-64B60AA06307->s0-GrpcLogAppender-LogAppenderDaemon] INFO  grpc.GrpcConfigKeys (ConfUtils.java:logGet(46)) - raft.grpc.server.heartbeat.channel = false (custom)
2024-09-29 22:58:01,246 [s2@group-64B60AA06307->s4-GrpcLogAppender-LogAppenderDaemon] WARN  leader.LogAppenderDaemon (LogAppenderDaemon.java:run(89)) - s2@group-64B60AA06307->s4-GrpcLogAppender-LogAppenderDaemon failed
java.lang.IllegalStateException: Failed to retain: object has already been completely released.
	at org.apache.ratis.util.ReferenceCountedLeakDetector$Impl.retain(ReferenceCountedLeakDetector.java:116)
	at org.apache.ratis.server.raftlog.segmented.SegmentedRaftLog.retainLog(SegmentedRaftLog.java:310)
	at org.apache.ratis.server.raftlog.segmented.SegmentedRaftLog.retainEntryWithData(SegmentedRaftLog.java:327)
	at org.apache.ratis.server.leader.LogAppenderBase.nextAppendEntriesRequest(LogAppenderBase.java:264)
	at org.apache.ratis.grpc.server.GrpcLogAppender.appendLog(GrpcLogAppender.java:387)
	at org.apache.ratis.grpc.server.GrpcLogAppender.run(GrpcLogAppender.java:262)
	at org.apache.ratis.server.leader.LogAppenderDaemon.run(LogAppenderDaemon.java:80)
	at java.lang.Thread.run(Thread.java:750)
2024-09-29 22:58:01,246 [s2@group-64B60AA06307->s4-GrpcLogAppender-LogAppenderDaemon] INFO  server.RaftServer$Division (LeaderStateImpl.java:restart(687)) - s2@group-64B60AA06307-LeaderStateImpl: Restarting GrpcLogAppender for s2@group-64B60AA06307->s4
2024-09-29 22:58:01,247 [s2@group-64B60AA06307->s4-GrpcLogAppender-LogAppenderDaemon] INFO  server.RaftServerConfigKeys (ConfUtils.java:logGet(46)) - raft.server.log.appender.snapshot.chunk.size.max = 1k (=1024) (custom)
2024-09-29 22:58:01,247 [s2@group-64B60AA06307->s4-GrpcLogAppender-LogAppenderDaemon] INFO  server.RaftServerConfigKeys (ConfUtils.java:logGet(46)) - raft.server.log.appender.buffer.byte-limit = 4MB (=4194304) (default)
2024-09-29 22:58:01,247 [s2@group-64B60AA06307->s4-GrpcLogAppender-LogAppenderDaemon] INFO  server.RaftServerConfigKeys (ConfUtils.java:logGet(46)) - raft.server.log.appender.buffer.element-limit = 0 (default)
2024-09-29 22:58:01,248 [s2@group-64B60AA06307->s0-GrpcLogAppender-LogAppenderDaemon] WARN  leader.LogAppenderDaemon (LogAppenderDaemon.java:run(89)) - s2@group-64B60AA06307->s0-GrpcLogAppender-LogAppenderDaemon failed
java.lang.IllegalStateException: Failed to retain: object has already been completely released.
	at org.apache.ratis.util.ReferenceCountedLeakDetector$Impl.retain(ReferenceCountedLeakDetector.java:116)
	at org.apache.ratis.server.raftlog.segmented.SegmentedRaftLog.retainLog(SegmentedRaftLog.java:310)
	at org.apache.ratis.server.raftlog.segmented.SegmentedRaftLog.retainEntryWithData(SegmentedRaftLog.java:327)
	at org.apache.ratis.server.leader.LogAppenderBase.nextAppendEntriesRequest(LogAppenderBase.java:264)
	at org.apache.ratis.grpc.server.GrpcLogAppender.appendLog(GrpcLogAppender.java:387)
	at org.apache.ratis.grpc.server.GrpcLogAppender.run(GrpcLogAppender.java:262)
	at org.apache.ratis.server.leader.LogAppenderDaemon.run(LogAppenderDaemon.java:80)
	at java.lang.Thread.run(Thread.java:750)
2024-09-29 22:58:01,248 [s2@group-64B60AA06307->s0-GrpcLogAppender-LogAppenderDaemon] INFO  server.RaftServer$Division (LeaderStateImpl.java:restart(687)) - s2@group-64B60AA06307-LeaderStateImpl: Restarting GrpcLogAppender for s2@group-64B60AA06307->s0
2024-09-29 22:58:01,248 [s2@group-64B60AA06307->s0-GrpcLogAppender-LogAppenderDaemon] INFO  server.RaftServerConfigKeys (ConfUtils.java:logGet(46)) - raft.server.log.appender.snapshot.chunk.size.max = 1k (=1024) (custom)
2024-09-29 22:58:01,248 [s2@group-64B60AA06307->s0-GrpcLogAppender-LogAppenderDaemon] INFO  server.RaftServerConfigKeys (ConfUtils.java:logGet(46)) - raft.server.log.appender.buffer.byte-limit = 4MB (=4194304) (default)
2024-09-29 22:58:01,248 [s2@group-64B60AA06307->s0-GrpcLogAppender-LogAppenderDaemon] INFO  server.RaftServerConfigKeys (ConfUtils.java:logGet(46)) - raft.server.log.appender.buffer.element-limit = 0 (default)
2024-09-29 22:58:01,249 [s2@group-64B60AA06307->s0-GrpcLogAppender-LogAppenderDaemon] INFO  server.RaftServerConfigKeys (ConfUtils.java:logGet(46)) - raft.server.log.appender.wait-time.min = 1ms (default)
2024-09-29 22:58:01,249 [s2@group-64B60AA06307->s0-GrpcLogAppender-LogAppenderDaemon] INFO  grpc.GrpcConfigKeys (ConfUtils.java:logGet(46)) - raft.grpc.server.leader.outstanding.appends.max = 8 (default)
2024-09-29 22:58:01,249 [s2@group-64B60AA06307->s0-GrpcLogAppender-LogAppenderDaemon] INFO  server.RaftServerConfigKeys (ConfUtils.java:logGet(46)) - raft.server.rpc.request.timeout = 3000ms (default)
2024-09-29 22:58:01,249 [s2@group-64B60AA06307->s0-GrpcLogAppender-LogAppenderDaemon] INFO  grpc.GrpcConfigKeys (ConfUtils.java:logGet(46)) - raft.grpc.server.install_snapshot.request.element-limit = 8 (default)
2024-09-29 22:58:01,249 [s2@group-64B60AA06307->s0-GrpcLogAppender-LogAppenderDaemon] INFO  grpc.GrpcConfigKeys (ConfUtils.java:logGet(46)) - raft.grpc.server.install_snapshot.request.timeout = 3000ms (default)
2024-09-29 22:58:01,249 [s2@group-64B60AA06307->s0-GrpcLogAppender-LogAppenderDaemon] INFO  grpc.GrpcConfigKeys (ConfUtils.java:logGet(46)) - raft.grpc.server.log-message.batch.duration = 5s (default)
2024-09-29 22:58:01,249 [s2@group-64B60AA06307->s0-GrpcLogAppender-LogAppenderDaemon] INFO  server.RaftServerConfigKeys (ConfUtils.java:logGet(46)) - raft.server.log.appender.install.snapshot.enabled = true (default)
2024-09-29 22:58:01,249 [s2@group-64B60AA06307->s0-GrpcLogAppender-LogAppenderDaemon] INFO  grpc.GrpcConfigKeys (ConfUtils.java:logGet(46)) - raft.grpc.server.heartbeat.channel = false (custom)
2024-09-29 22:58:01,249 [s2@group-64B60AA06307->s4-GrpcLogAppender-LogAppenderDaemon] INFO  server.RaftServerConfigKeys (ConfUtils.java:logGet(46)) - raft.server.log.appender.wait-time.min = 1ms (default)
2024-09-29 22:58:01,249 [s2@group-64B60AA06307->s4-GrpcLogAppender-LogAppenderDaemon] INFO  grpc.GrpcConfigKeys (ConfUtils.java:logGet(46)) - raft.grpc.server.leader.outstanding.appends.max = 8 (default)
2024-09-29 22:58:01,250 [s2@group-64B60AA06307->s4-GrpcLogAppender-LogAppenderDaemon] INFO  server.RaftServerConfigKeys (ConfUtils.java:logGet(46)) - raft.server.rpc.request.timeout = 3000ms (default)
2024-09-29 22:58:01,250 [s0-server-thread26] INFO  util.CodeInjectionForTesting (BlockRequestHandlingInjection.java:execute(77)) - s0: Block request from s2
2024-09-29 22:58:01,250 [s2@group-64B60AA06307->s4-GrpcLogAppender-LogAppenderDaemon] INFO  grpc.GrpcConfigKeys (ConfUtils.java:logGet(46)) - raft.grpc.server.install_snapshot.request.element-limit = 8 (default)
2024-09-29 22:58:01,250 [s2@group-64B60AA06307->s4-GrpcLogAppender-LogAppenderDaemon] INFO  grpc.GrpcConfigKeys (ConfUtils.java:logGet(46)) - raft.grpc.server.install_snapshot.request.timeout = 3000ms (default)
2024-09-29 22:58:01,250 [s2@group-64B60AA06307->s4-GrpcLogAppender-LogAppenderDaemon] INFO  grpc.GrpcConfigKeys (ConfUtils.java:logGet(46)) - raft.grpc.server.log-message.batch.duration = 5s (default)
2024-09-29 22:58:01,250 [s2@group-64B60AA06307->s4-GrpcLogAppender-LogAppenderDaemon] INFO  server.RaftServerConfigKeys (ConfUtils.java:logGet(46)) - raft.server.log.appender.install.snapshot.enabled = true (default)
2024-09-29 22:58:01,250 [s2@group-64B60AA06307->s4-GrpcLogAppender-LogAppenderDaemon] INFO  grpc.GrpcConfigKeys (ConfUtils.java:logGet(46)) - raft.grpc.server.heartbeat.channel = false (custom)
2024-09-29 22:58:01,255 [s2@group-64B60AA06307->s0-GrpcLogAppender-LogAppenderDaemon] WARN  leader.LogAppenderDaemon (LogAppenderDaemon.java:run(89)) - s2@group-64B60AA06307->s0-GrpcLogAppender-LogAppenderDaemon failed
java.lang.IllegalStateException: Failed to retain: object has already been completely released.
	at org.apache.ratis.util.ReferenceCountedLeakDetector$Impl.retain(ReferenceCountedLeakDetector.java:116)
	at org.apache.ratis.server.raftlog.segmented.SegmentedRaftLog.retainLog(SegmentedRaftLog.java:310)
	at org.apache.ratis.server.raftlog.segmented.SegmentedRaftLog.retainEntryWithData(SegmentedRaftLog.java:327)
	at org.apache.ratis.server.leader.LogAppenderBase.nextAppendEntriesRequest(LogAppenderBase.java:264)
	at org.apache.ratis.grpc.server.GrpcLogAppender.appendLog(GrpcLogAppender.java:387)
	at org.apache.ratis.grpc.server.GrpcLogAppender.run(GrpcLogAppender.java:262)
	at org.apache.ratis.server.leader.LogAppenderDaemon.run(LogAppenderDaemon.java:80)
	at java.lang.Thread.run(Thread.java:750)
2024-09-29 22:58:01,256 [s2@group-64B60AA06307->s0-GrpcLogAppender-LogAppenderDaemon] INFO  server.RaftServer$Division (LeaderStateImpl.java:restart(687)) - s2@group-64B60AA06307-LeaderStateImpl: Restarting GrpcLogAppender for s2@group-64B60AA06307->s0
2024-09-29 22:58:01,256 [s2@group-64B60AA06307->s0-GrpcLogAppender-LogAppenderDaemon] INFO  server.RaftServerConfigKeys (ConfUtils.java:logGet(46)) - raft.server.log.appender.snapshot.chunk.size.max = 1k (=1024) (custom)
2024-09-29 22:58:01,256 [s2@group-64B60AA06307->s0-GrpcLogAppender-LogAppenderDaemon] INFO  server.RaftServerConfigKeys (ConfUtils.java:logGet(46)) - raft.server.log.appender.buffer.byte-limit = 4MB (=4194304) (default)
2024-09-29 22:58:01,256 [s2@group-64B60AA06307->s0-GrpcLogAppender-LogAppenderDaemon] INFO  server.RaftServerConfigKeys (ConfUtils.java:logGet(46)) - raft.server.log.appender.buffer.element-limit = 0 (default)
2024-09-29 22:58:01,257 [s2@group-64B60AA06307->s0-GrpcLogAppender-LogAppenderDaemon] INFO  server.RaftServerConfigKeys (ConfUtils.java:logGet(46)) - raft.server.log.appender.wait-time.min = 1ms (default)
2024-09-29 22:58:01,257 [s2@group-64B60AA06307->s0-GrpcLogAppender-LogAppenderDaemon] INFO  grpc.GrpcConfigKeys (ConfUtils.java:logGet(46)) - raft.grpc.server.leader.outstanding.appends.max = 8 (default)
2024-09-29 22:58:01,257 [s2@group-64B60AA06307->s0-GrpcLogAppender-LogAppenderDaemon] INFO  server.RaftServerConfigKeys (ConfUtils.java:logGet(46)) - raft.server.rpc.request.timeout = 3000ms (default)
2024-09-29 22:58:01,257 [s2@group-64B60AA06307->s0-GrpcLogAppender-LogAppenderDaemon] INFO  grpc.GrpcConfigKeys (ConfUtils.java:logGet(46)) - raft.grpc.server.install_snapshot.request.element-limit = 8 (default)
2024-09-29 22:58:01,257 [s2@group-64B60AA06307->s0-GrpcLogAppender-LogAppenderDaemon] INFO  grpc.GrpcConfigKeys (ConfUtils.java:logGet(46)) - raft.grpc.server.install_snapshot.request.timeout = 3000ms (default)
2024-09-29 22:58:01,257 [s2@group-64B60AA06307->s0-GrpcLogAppender-LogAppenderDaemon] INFO  grpc.GrpcConfigKeys (ConfUtils.java:logGet(46)) - raft.grpc.server.log-message.batch.duration = 5s (default)
2024-09-29 22:58:01,257 [s2@group-64B60AA06307->s0-GrpcLogAppender-LogAppenderDaemon] INFO  server.RaftServerConfigKeys (ConfUtils.java:logGet(46)) - raft.server.log.appender.install.snapshot.enabled = true (default)
2024-09-29 22:58:01,257 [s2@group-64B60AA06307->s0-GrpcLogAppender-LogAppenderDaemon] INFO  grpc.GrpcConfigKeys (ConfUtils.java:logGet(46)) - raft.grpc.server.heartbeat.channel = false (custom)
2024-09-29 22:58:01,259 [s2@group-64B60AA06307->s4-GrpcLogAppender-LogAppenderDaemon] WARN  leader.LogAppenderDaemon (LogAppenderDaemon.java:run(89)) - s2@group-64B60AA06307->s4-GrpcLogAppender-LogAppenderDaemon failed
java.lang.IllegalStateException: Failed to retain: object has already been completely released.
	at org.apache.ratis.util.ReferenceCountedLeakDetector$Impl.retain(ReferenceCountedLeakDetector.java:116)
	at org.apache.ratis.server.raftlog.segmented.SegmentedRaftLog.retainLog(SegmentedRaftLog.java:310)
	at org.apache.ratis.server.raftlog.segmented.SegmentedRaftLog.retainEntryWithData(SegmentedRaftLog.java:327)
	at org.apache.ratis.server.leader.LogAppenderBase.nextAppendEntriesRequest(LogAppenderBase.java:264)
	at org.apache.ratis.grpc.server.GrpcLogAppender.appendLog(GrpcLogAppender.java:387)
	at org.apache.ratis.grpc.server.GrpcLogAppender.run(GrpcLogAppender.java:262)
	at org.apache.ratis.server.leader.LogAppenderDaemon.run(LogAppenderDaemon.java:80)
	at java.lang.Thread.run(Thread.java:750)
2024-09-29 22:58:01,259 [s2@group-64B60AA06307->s4-GrpcLogAppender-LogAppenderDaemon] INFO  server.RaftServer$Division (LeaderStateImpl.java:restart(687)) - s2@group-64B60AA06307-LeaderStateImpl: Restarting GrpcLogAppender for s2@group-64B60AA06307->s4
2024-09-29 22:58:01,259 [s2@group-64B60AA06307->s4-GrpcLogAppender-LogAppenderDaemon] INFO  server.RaftServerConfigKeys (ConfUtils.java:logGet(46)) - raft.server.log.appender.snapshot.chunk.size.max = 1k (=1024) (custom)
2024-09-29 22:58:01,259 [s2@group-64B60AA06307->s4-GrpcLogAppender-LogAppenderDaemon] INFO  server.RaftServerConfigKeys (ConfUtils.java:logGet(46)) - raft.server.log.appender.buffer.byte-limit = 4MB (=4194304) (default)
2024-09-29 22:58:01,259 [s2@group-64B60AA06307->s4-GrpcLogAppender-LogAppenderDaemon] INFO  server.RaftServerConfigKeys (ConfUtils.java:logGet(46)) - raft.server.log.appender.buffer.element-limit = 0 (default)
2024-09-29 22:58:01,261 [s2@group-64B60AA06307->s4-GrpcLogAppender-LogAppenderDaemon] INFO  server.RaftServerConfigKeys (ConfUtils.java:logGet(46)) - raft.server.log.appender.wait-time.min = 1ms (default)
2024-09-29 22:58:01,265 [s2@group-64B60AA06307->s4-GrpcLogAppender-LogAppenderDaemon] INFO  grpc.GrpcConfigKeys (ConfUtils.java:logGet(46)) - raft.grpc.server.leader.outstanding.appends.max = 8 (default)
2024-09-29 22:58:01,265 [s2@group-64B60AA06307->s4-GrpcLogAppender-LogAppenderDaemon] INFO  server.RaftServerConfigKeys (ConfUtils.java:logGet(46)) - raft.server.rpc.request.timeout = 3000ms (default)
2024-09-29 22:58:01,265 [s2@group-64B60AA06307->s4-GrpcLogAppender-LogAppenderDaemon] INFO  grpc.GrpcConfigKeys (ConfUtils.java:logGet(46)) - raft.grpc.server.install_snapshot.request.element-limit = 8 (default)
2024-09-29 22:58:01,265 [s2@group-64B60AA06307->s4-GrpcLogAppender-LogAppenderDaemon] INFO  grpc.GrpcConfigKeys (ConfUtils.java:logGet(46)) - raft.grpc.server.install_snapshot.request.timeout = 3000ms (default)
2024-09-29 22:58:01,265 [s2@group-64B60AA06307->s4-GrpcLogAppender-LogAppenderDaemon] INFO  grpc.GrpcConfigKeys (ConfUtils.java:logGet(46)) - raft.grpc.server.log-message.batch.duration = 5s (default)
2024-09-29 22:58:01,266 [s2@group-64B60AA06307->s0-GrpcLogAppender-LogAppenderDaemon] WARN  leader.LogAppenderDaemon (LogAppenderDaemon.java:run(89)) - s2@group-64B60AA06307->s0-GrpcLogAppender-LogAppenderDaemon failed
java.lang.IllegalStateException: Failed to retain: object has already been completely released.
	at org.apache.ratis.util.ReferenceCountedLeakDetector$Impl.retain(ReferenceCountedLeakDetector.java:116)
	at org.apache.ratis.server.raftlog.segmented.SegmentedRaftLog.retainLog(SegmentedRaftLog.java:310)
	at org.apache.ratis.server.raftlog.segmented.SegmentedRaftLog.retainEntryWithData(SegmentedRaftLog.java:327)
	at org.apache.ratis.server.leader.LogAppenderBase.nextAppendEntriesRequest(LogAppenderBase.java:264)
	at org.apache.ratis.grpc.server.GrpcLogAppender.appendLog(GrpcLogAppender.java:387)
	at org.apache.ratis.grpc.server.GrpcLogAppender.run(GrpcLogAppender.java:262)
	at org.apache.ratis.server.leader.LogAppenderDaemon.run(LogAppenderDaemon.java:80)
	at java.lang.Thread.run(Thread.java:750)
2024-09-29 22:58:01,266 [s2@group-64B60AA06307->s0-GrpcLogAppender-LogAppenderDaemon] INFO  server.RaftServer$Division (LeaderStateImpl.java:restart(687)) - s2@group-64B60AA06307-LeaderStateImpl: Restarting GrpcLogAppender for s2@group-64B60AA06307->s0
2024-09-29 22:58:01,267 [s2@group-64B60AA06307->s0-GrpcLogAppender-LogAppenderDaemon] INFO  server.RaftServerConfigKeys (ConfUtils.java:logGet(46)) - raft.server.log.appender.snapshot.chunk.size.max = 1k (=1024) (custom)
2024-09-29 22:58:01,267 [s2@group-64B60AA06307->s0-GrpcLogAppender-LogAppenderDaemon] INFO  server.RaftServerConfigKeys (ConfUtils.java:logGet(46)) - raft.server.log.appender.buffer.byte-limit = 4MB (=4194304) (default)
2024-09-29 22:58:01,267 [s2@group-64B60AA06307->s0-GrpcLogAppender-LogAppenderDaemon] INFO  server.RaftServerConfigKeys (ConfUtils.java:logGet(46)) - raft.server.log.appender.buffer.element-limit = 0 (default)
2024-09-29 22:58:01,267 [s2@group-64B60AA06307->s4-GrpcLogAppender-LogAppenderDaemon] INFO  server.RaftServerConfigKeys (ConfUtils.java:logGet(46)) - raft.server.log.appender.install.snapshot.enabled = true (default)
2024-09-29 22:58:01,267 [s2@group-64B60AA06307->s4-GrpcLogAppender-LogAppenderDaemon] INFO  grpc.GrpcConfigKeys (ConfUtils.java:logGet(46)) - raft.grpc.server.heartbeat.channel = false (custom)
2024-09-29 22:58:01,268 [s2@group-64B60AA06307->s0-GrpcLogAppender-LogAppenderDaemon] INFO  server.RaftServerConfigKeys (ConfUtils.java:logGet(46)) - raft.server.log.appender.wait-time.min = 1ms (default)
2024-09-29 22:58:01,268 [s2@group-64B60AA06307->s0-GrpcLogAppender-LogAppenderDaemon] INFO  grpc.GrpcConfigKeys (ConfUtils.java:logGet(46)) - raft.grpc.server.leader.outstanding.appends.max = 8 (default)
2024-09-29 22:58:01,268 [s2@group-64B60AA06307->s0-GrpcLogAppender-LogAppenderDaemon] INFO  server.RaftServerConfigKeys (ConfUtils.java:logGet(46)) - raft.server.rpc.request.timeout = 3000ms (default)
2024-09-29 22:58:01,268 [s2@group-64B60AA06307->s0-GrpcLogAppender-LogAppenderDaemon] INFO  grpc.GrpcConfigKeys (ConfUtils.java:logGet(46)) - raft.grpc.server.install_snapshot.request.element-limit = 8 (default)
2024-09-29 22:58:01,268 [s2@group-64B60AA06307->s0-GrpcLogAppender-LogAppenderDaemon] INFO  grpc.GrpcConfigKeys (ConfUtils.java:logGet(46)) - raft.grpc.server.install_snapshot.request.timeout = 3000ms (default)
2024-09-29 22:58:01,268 [s2@group-64B60AA06307->s0-GrpcLogAppender-LogAppenderDaemon] INFO  grpc.GrpcConfigKeys (ConfUtils.java:logGet(46)) - raft.grpc.server.log-message.batch.duration = 5s (default)
2024-09-29 22:58:01,268 [s2@group-64B60AA06307->s0-GrpcLogAppender-LogAppenderDaemon] INFO  server.RaftServerConfigKeys (ConfUtils.java:logGet(46)) - raft.server.log.appender.install.snapshot.enabled = true (default)
2024-09-29 22:58:01,268 [s2@group-64B60AA06307->s0-GrpcLogAppender-LogAppenderDaemon] INFO  grpc.GrpcConfigKeys (ConfUtils.java:logGet(46)) - raft.grpc.server.heartbeat.channel = false (custom)
2024-09-29 22:58:01,268 [s0-server-thread27] INFO  util.CodeInjectionForTesting (BlockRequestHandlingInjection.java:execute(77)) - s0: Block request from s2
2024-09-29 22:58:01,269 [s2@group-64B60AA06307->s4-GrpcLogAppender-LogAppenderDaemon] WARN  leader.LogAppenderDaemon (LogAppenderDaemon.java:run(89)) - s2@group-64B60AA06307->s4-GrpcLogAppender-LogAppenderDaemon failed
java.lang.IllegalStateException: Failed to retain: object has already been completely released.
	at org.apache.ratis.util.ReferenceCountedLeakDetector$Impl.retain(ReferenceCountedLeakDetector.java:116)
	at org.apache.ratis.server.raftlog.segmented.SegmentedRaftLog.retainLog(SegmentedRaftLog.java:310)
	at org.apache.ratis.server.raftlog.segmented.SegmentedRaftLog.retainEntryWithData(SegmentedRaftLog.java:327)
	at org.apache.ratis.server.leader.LogAppenderBase.nextAppendEntriesRequest(LogAppenderBase.java:264)
	at org.apache.ratis.grpc.server.GrpcLogAppender.appendLog(GrpcLogAppender.java:387)
	at org.apache.ratis.grpc.server.GrpcLogAppender.run(GrpcLogAppender.java:262)
	at org.apache.ratis.server.leader.LogAppenderDaemon.run(LogAppenderDaemon.java:80)
	at java.lang.Thread.run(Thread.java:750)
2024-09-29 22:58:01,270 [s2@group-64B60AA06307->s4-GrpcLogAppender-LogAppenderDaemon] INFO  server.RaftServer$Division (LeaderStateImpl.java:restart(687)) - s2@group-64B60AA06307-LeaderStateImpl: Restarting GrpcLogAppender for s2@group-64B60AA06307->s4
2024-09-29 22:58:01,270 [s2@group-64B60AA06307->s4-GrpcLogAppender-LogAppenderDaemon] INFO  server.RaftServerConfigKeys (ConfUtils.java:logGet(46)) - raft.server.log.appender.snapshot.chunk.size.max = 1k (=1024) (custom)
2024-09-29 22:58:01,270 [s2@group-64B60AA06307->s4-GrpcLogAppender-LogAppenderDaemon] INFO  server.RaftServerConfigKeys (ConfUtils.java:logGet(46)) - raft.server.log.appender.buffer.byte-limit = 4MB (=4194304) (default)
2024-09-29 22:58:01,270 [s2@group-64B60AA06307->s4-GrpcLogAppender-LogAppenderDaemon] INFO  server.RaftServerConfigKeys (ConfUtils.java:logGet(46)) - raft.server.log.appender.buffer.element-limit = 0 (default)
2024-09-29 22:58:01,270 [s2@group-64B60AA06307->s4-GrpcLogAppender-LogAppenderDaemon] INFO  server.RaftServerConfigKeys (ConfUtils.java:logGet(46)) - raft.server.log.appender.wait-time.min = 1ms (default)
2024-09-29 22:58:01,270 [s2@group-64B60AA06307->s4-GrpcLogAppender-LogAppenderDaemon] INFO  grpc.GrpcConfigKeys (ConfUtils.java:logGet(46)) - raft.grpc.server.leader.outstanding.appends.max = 8 (default)
2024-09-29 22:58:01,271 [s2@group-64B60AA06307->s4-GrpcLogAppender-LogAppenderDaemon] INFO  server.RaftServerConfigKeys (ConfUtils.java:logGet(46)) - raft.server.rpc.request.timeout = 3000ms (default)
2024-09-29 22:58:01,271 [s2@group-64B60AA06307->s4-GrpcLogAppender-LogAppenderDaemon] INFO  grpc.GrpcConfigKeys (ConfUtils.java:logGet(46)) - raft.grpc.server.install_snapshot.request.element-limit = 8 (default)
2024-09-29 22:58:01,271 [s2@group-64B60AA06307->s4-GrpcLogAppender-LogAppenderDaemon] INFO  grpc.GrpcConfigKeys (ConfUtils.java:logGet(46)) - raft.grpc.server.install_snapshot.request.timeout = 3000ms (default)
2024-09-29 22:58:01,271 [s2@group-64B60AA06307->s4-GrpcLogAppender-LogAppenderDaemon] INFO  grpc.GrpcConfigKeys (ConfUtils.java:logGet(46)) - raft.grpc.server.log-message.batch.duration = 5s (default)
2024-09-29 22:58:01,271 [s2@group-64B60AA06307->s0-GrpcLogAppender-LogAppenderDaemon] WARN  leader.LogAppenderDaemon (LogAppenderDaemon.java:run(89)) - s2@group-64B60AA06307->s0-GrpcLogAppender-LogAppenderDaemon failed
java.lang.IllegalStateException: Failed to retain: object has already been completely released.
	at org.apache.ratis.util.ReferenceCountedLeakDetector$Impl.retain(ReferenceCountedLeakDetector.java:116)
	at org.apache.ratis.server.raftlog.segmented.SegmentedRaftLog.retainLog(SegmentedRaftLog.java:310)
	at org.apache.ratis.server.raftlog.segmented.SegmentedRaftLog.retainEntryWithData(SegmentedRaftLog.java:327)
	at org.apache.ratis.server.leader.LogAppenderBase.nextAppendEntriesRequest(LogAppenderBase.java:264)
	at org.apache.ratis.grpc.server.GrpcLogAppender.appendLog(GrpcLogAppender.java:387)
	at org.apache.ratis.grpc.server.GrpcLogAppender.run(GrpcLogAppender.java:262)
	at org.apache.ratis.server.leader.LogAppenderDaemon.run(LogAppenderDaemon.java:80)
	at java.lang.Thread.run(Thread.java:750)
2024-09-29 22:58:01,272 [s2@group-64B60AA06307->s0-GrpcLogAppender-LogAppenderDaemon] INFO  server.RaftServer$Division (LeaderStateImpl.java:restart(687)) - s2@group-64B60AA06307-LeaderStateImpl: Restarting GrpcLogAppender for s2@group-64B60AA06307->s0
2024-09-29 22:58:01,272 [s2@group-64B60AA06307->s0-GrpcLogAppender-LogAppenderDaemon] INFO  server.RaftServerConfigKeys (ConfUtils.java:logGet(46)) - raft.server.log.appender.snapshot.chunk.size.max = 1k (=1024) (custom)
2024-09-29 22:58:01,272 [s2@group-64B60AA06307->s0-GrpcLogAppender-LogAppenderDaemon] INFO  server.RaftServerConfigKeys (ConfUtils.java:logGet(46)) - raft.server.log.appender.buffer.byte-limit = 4MB (=4194304) (default)
2024-09-29 22:58:01,273 [s2@group-64B60AA06307->s0-GrpcLogAppender-LogAppenderDaemon] INFO  server.RaftServerConfigKeys (ConfUtils.java:logGet(46)) - raft.server.log.appender.buffer.element-limit = 0 (default)
2024-09-29 22:58:01,273 [s2@group-64B60AA06307->s0-GrpcLogAppender-LogAppenderDaemon] INFO  server.RaftServerConfigKeys (ConfUtils.java:logGet(46)) - raft.server.log.appender.wait-time.min = 1ms (default)
2024-09-29 22:58:01,274 [s2@group-64B60AA06307->s0-GrpcLogAppender-LogAppenderDaemon] INFO  grpc.GrpcConfigKeys (ConfUtils.java:logGet(46)) - raft.grpc.server.leader.outstanding.appends.max = 8 (default)
2024-09-29 22:58:01,274 [s2@group-64B60AA06307->s0-GrpcLogAppender-LogAppenderDaemon] INFO  server.RaftServerConfigKeys (ConfUtils.java:logGet(46)) - raft.server.rpc.request.timeout = 3000ms (default)
2024-09-29 22:58:01,274 [s2@group-64B60AA06307->s0-GrpcLogAppender-LogAppenderDaemon] INFO  grpc.GrpcConfigKeys (ConfUtils.java:logGet(46)) - raft.grpc.server.install_snapshot.request.element-limit = 8 (default)
2024-09-29 22:58:01,272 [s0-server-thread28] INFO  util.CodeInjectionForTesting (BlockRequestHandlingInjection.java:execute(77)) - s0: Block request from s2
2024-09-29 22:58:01,271 [s2@group-64B60AA06307->s4-GrpcLogAppender-LogAppenderDaemon] INFO  server.RaftServerConfigKeys (ConfUtils.java:logGet(46)) - raft.server.log.appender.install.snapshot.enabled = true (default)
2024-09-29 22:58:01,274 [s2@group-64B60AA06307->s4-GrpcLogAppender-LogAppenderDaemon] INFO  grpc.GrpcConfigKeys (ConfUtils.java:logGet(46)) - raft.grpc.server.heartbeat.channel = false (custom)
2024-09-29 22:58:01,274 [s2@group-64B60AA06307->s0-GrpcLogAppender-LogAppenderDaemon] INFO  grpc.GrpcConfigKeys (ConfUtils.java:logGet(46)) - raft.grpc.server.install_snapshot.request.timeout = 3000ms (default)
2024-09-29 22:58:01,275 [s2@group-64B60AA06307->s0-GrpcLogAppender-LogAppenderDaemon] INFO  grpc.GrpcConfigKeys (ConfUtils.java:logGet(46)) - raft.grpc.server.log-message.batch.duration = 5s (default)
2024-09-29 22:58:01,275 [s2@group-64B60AA06307->s0-GrpcLogAppender-LogAppenderDaemon] INFO  server.RaftServerConfigKeys (ConfUtils.java:logGet(46)) - raft.server.log.appender.install.snapshot.enabled = true (default)
2024-09-29 22:58:01,275 [s2@group-64B60AA06307->s0-GrpcLogAppender-LogAppenderDaemon] INFO  grpc.GrpcConfigKeys (ConfUtils.java:logGet(46)) - raft.grpc.server.heartbeat.channel = false (custom)
2024-09-29 22:58:01,276 [s0-server-thread29] INFO  util.CodeInjectionForTesting (BlockRequestHandlingInjection.java:execute(77)) - s0: Block request from s2
2024-09-29 22:58:01,278 [s2@group-64B60AA06307->s0-GrpcLogAppender-LogAppenderDaemon] WARN  leader.LogAppenderDaemon (LogAppenderDaemon.java:run(89)) - s2@group-64B60AA06307->s0-GrpcLogAppender-LogAppenderDaemon failed
java.lang.IllegalStateException: Failed to retain: object has already been completely released.
	at org.apache.ratis.util.ReferenceCountedLeakDetector$Impl.retain(ReferenceCountedLeakDetector.java:116)
	at org.apache.ratis.server.raftlog.segmented.SegmentedRaftLog.retainLog(SegmentedRaftLog.java:310)
	at org.apache.ratis.server.raftlog.segmented.SegmentedRaftLog.retainEntryWithData(SegmentedRaftLog.java:327)
	at org.apache.ratis.server.leader.LogAppenderBase.nextAppendEntriesRequest(LogAppenderBase.java:264)
	at org.apache.ratis.grpc.server.GrpcLogAppender.appendLog(GrpcLogAppender.java:387)
	at org.apache.ratis.grpc.server.GrpcLogAppender.run(GrpcLogAppender.java:262)
	at org.apache.ratis.server.leader.LogAppenderDaemon.run(LogAppenderDaemon.java:80)
	at java.lang.Thread.run(Thread.java:750)
2024-09-29 22:58:01,278 [s2@group-64B60AA06307->s0-GrpcLogAppender-LogAppenderDaemon] INFO  server.RaftServer$Division (LeaderStateImpl.java:restart(687)) - s2@group-64B60AA06307-LeaderStateImpl: Restarting GrpcLogAppender for s2@group-64B60AA06307->s0
2024-09-29 22:58:01,279 [s2@group-64B60AA06307->s0-GrpcLogAppender-LogAppenderDaemon] INFO  server.RaftServerConfigKeys (ConfUtils.java:logGet(46)) - raft.server.log.appender.snapshot.chunk.size.max = 1k (=1024) (custom)
2024-09-29 22:58:01,279 [s2@group-64B60AA06307->s0-GrpcLogAppender-LogAppenderDaemon] INFO  server.RaftServerConfigKeys (ConfUtils.java:logGet(46)) - raft.server.log.appender.buffer.byte-limit = 4MB (=4194304) (default)
2024-09-29 22:58:01,279 [s2@group-64B60AA06307->s0-GrpcLogAppender-LogAppenderDaemon] INFO  server.RaftServerConfigKeys (ConfUtils.java:logGet(46)) - raft.server.log.appender.buffer.element-limit = 0 (default)
2024-09-29 22:58:01,279 [s2@group-64B60AA06307->s0-GrpcLogAppender-LogAppenderDaemon] INFO  server.RaftServerConfigKeys (ConfUtils.java:logGet(46)) - raft.server.log.appender.wait-time.min = 1ms (default)
2024-09-29 22:58:01,279 [s2@group-64B60AA06307->s0-GrpcLogAppender-LogAppenderDaemon] INFO  grpc.GrpcConfigKeys (ConfUtils.java:logGet(46)) - raft.grpc.server.leader.outstanding.appends.max = 8 (default)
2024-09-29 22:58:01,279 [s2@group-64B60AA06307->s0-GrpcLogAppender-LogAppenderDaemon] INFO  server.RaftServerConfigKeys (ConfUtils.java:logGet(46)) - raft.server.rpc.request.timeout = 3000ms (default)
2024-09-29 22:58:01,279 [s2@group-64B60AA06307->s0-GrpcLogAppender-LogAppenderDaemon] INFO  grpc.GrpcConfigKeys (ConfUtils.java:logGet(46)) - raft.grpc.server.install_snapshot.request.element-limit = 8 (default)
2024-09-29 22:58:01,279 [s2@group-64B60AA06307->s0-GrpcLogAppender-LogAppenderDaemon] INFO  grpc.GrpcConfigKeys (ConfUtils.java:logGet(46)) - raft.grpc.server.install_snapshot.request.timeout = 3000ms (default)
2024-09-29 22:58:01,279 [s2@group-64B60AA06307->s0-GrpcLogAppender-LogAppenderDaemon] INFO  grpc.GrpcConfigKeys (ConfUtils.java:logGet(46)) - raft.grpc.server.log-message.batch.duration = 5s (default)
2024-09-29 22:58:01,279 [s2@group-64B60AA06307->s0-GrpcLogAppender-LogAppenderDaemon] INFO  server.RaftServerConfigKeys (ConfUtils.java:logGet(46)) - raft.server.log.appender.install.snapshot.enabled = true (default)
2024-09-29 22:58:01,280 [s2@group-64B60AA06307->s0-GrpcLogAppender-LogAppenderDaemon] INFO  grpc.GrpcConfigKeys (ConfUtils.java:logGet(46)) - raft.grpc.server.heartbeat.channel = false (custom)
2024-09-29 22:58:01,280 [s2@group-64B60AA06307-LeaderStateImpl] WARN  server.RaftServer$Division (LeaderStateImpl.java:checkLeadership(1120)) - s2@group-64B60AA06307-LeaderStateImpl: Lost leadership on term: 1. Election timeout: 300ms. In charge for: 1587ms. Conf: conf: {index: 257, cur=peers:[s3|0.0.0.0:15024, s4|0.0.0.0:15025, s0|localhost:15012, s1|localhost:15016, s2|localhost:15020]|listeners:[], old=peers:[s0|localhost:15012, s1|localhost:15016, s2|localhost:15020]|listeners:[]}
2024-09-29 22:58:01,281 [s2@group-64B60AA06307->s4-GrpcLogAppender-LogAppenderDaemon] WARN  leader.LogAppenderDaemon (LogAppenderDaemon.java:run(89)) - s2@group-64B60AA06307->s4-GrpcLogAppender-LogAppenderDaemon failed
java.lang.IllegalStateException: Failed to retain: object has already been completely released.
	at org.apache.ratis.util.ReferenceCountedLeakDetector$Impl.retain(ReferenceCountedLeakDetector.java:116)
	at org.apache.ratis.server.raftlog.segmented.SegmentedRaftLog.retainLog(SegmentedRaftLog.java:310)
	at org.apache.ratis.server.raftlog.segmented.SegmentedRaftLog.retainEntryWithData(SegmentedRaftLog.java:327)
	at org.apache.ratis.server.leader.LogAppenderBase.nextAppendEntriesRequest(LogAppenderBase.java:264)
	at org.apache.ratis.grpc.server.GrpcLogAppender.appendLog(GrpcLogAppender.java:387)
	at org.apache.ratis.grpc.server.GrpcLogAppender.run(GrpcLogAppender.java:262)
	at org.apache.ratis.server.leader.LogAppenderDaemon.run(LogAppenderDaemon.java:80)
	at java.lang.Thread.run(Thread.java:750)
2024-09-29 22:58:01,281 [s2@group-64B60AA06307->s4-GrpcLogAppender-LogAppenderDaemon] INFO  server.RaftServer$Division (LeaderStateImpl.java:restart(687)) - s2@group-64B60AA06307-LeaderStateImpl: Restarting GrpcLogAppender for s2@group-64B60AA06307->s4
2024-09-29 22:58:01,281 [s2@group-64B60AA06307-LeaderStateImpl] WARN  server.RaftServer$Division (LeaderStateImpl.java:lambda$checkLeadership$20(1124)) - Follower s2@group-64B60AA06307->s1(c255,m256,n258, caughtUp=true, lastRpcSendTime=15, lastRpcResponseTime=482)
2024-09-29 22:58:01,281 [s2@group-64B60AA06307-LeaderStateImpl] WARN  server.RaftServer$Division (LeaderStateImpl.java:lambda$checkLeadership$20(1124)) - Follower s2@group-64B60AA06307->s3(c256,m257,n258, caughtUp=true, lastRpcSendTime=75, lastRpcResponseTime=75)
2024-09-29 22:58:01,281 [s2@group-64B60AA06307-LeaderStateImpl] WARN  server.RaftServer$Division (LeaderStateImpl.java:lambda$checkLeadership$20(1124)) - Follower s2@group-64B60AA06307->s4(c256,m-1,n0, caughtUp=false, lastRpcSendTime=3, lastRpcResponseTime=1)
2024-09-29 22:58:01,281 [s2@group-64B60AA06307->s4-GrpcLogAppender-LogAppenderDaemon] INFO  server.RaftServerConfigKeys (ConfUtils.java:logGet(46)) - raft.server.log.appender.snapshot.chunk.size.max = 1k (=1024) (custom)
2024-09-29 22:58:01,281 [s2@group-64B60AA06307->s4-GrpcLogAppender-LogAppenderDaemon] INFO  server.RaftServerConfigKeys (ConfUtils.java:logGet(46)) - raft.server.log.appender.buffer.byte-limit = 4MB (=4194304) (default)
2024-09-29 22:58:01,281 [s2@group-64B60AA06307->s4-GrpcLogAppender-LogAppenderDaemon] INFO  server.RaftServerConfigKeys (ConfUtils.java:logGet(46)) - raft.server.log.appender.buffer.element-limit = 0 (default)
2024-09-29 22:58:01,281 [s2@group-64B60AA06307-LeaderStateImpl] WARN  server.RaftServer$Division (LeaderStateImpl.java:lambda$checkLeadership$20(1124)) - Follower s2@group-64B60AA06307->s0(c-1,m-1,n0, caughtUp=false, lastRpcSendTime=302, lastRpcResponseTime=302)
2024-09-29 22:58:01,281 [s2@group-64B60AA06307-LeaderStateImpl] INFO  server.RaftServer$Division (RaftServerImpl.java:setRole(378)) - s2@group-64B60AA06307: changes role from    LEADER to FOLLOWER at term 1 for StepDownReason:LOST_MAJORITY_HEARTBEATS
2024-09-29 22:58:01,282 [s2@group-64B60AA06307-LeaderStateImpl] INFO  impl.RoleInfo (RoleInfo.java:shutdownLeaderState(103)) - s2: shutdown s2@group-64B60AA06307-LeaderStateImpl
2024-09-29 22:58:01,285 [s0-server-thread30] INFO  util.CodeInjectionForTesting (BlockRequestHandlingInjection.java:execute(77)) - s0: Block request from s2
2024-09-29 22:58:01,285 [s2@group-64B60AA06307-LeaderStateImpl] INFO  impl.PendingRequests (PendingRequests.java:sendNotLeaderResponses(287)) - s2@group-64B60AA06307-PendingRequests: sendNotLeaderResponses
2024-09-29 22:58:01,289 [s2@group-64B60AA06307->s4-GrpcLogAppender-LogAppenderDaemon] INFO  server.RaftServerConfigKeys (ConfUtils.java:logGet(46)) - raft.server.log.appender.wait-time.min = 1ms (default)
2024-09-29 22:58:01,289 [s2@group-64B60AA06307->s1-GrpcLogAppender-LogAppenderDaemon] WARN  server.GrpcLogAppender (GrpcLogAppender.java:mayWait(293)) - s2@group-64B60AA06307->s1-GrpcLogAppender: Wait interrupted by java.lang.InterruptedException
2024-09-29 22:58:01,289 [s2@group-64B60AA06307->s4-GrpcLogAppender-LogAppenderDaemon] INFO  grpc.GrpcConfigKeys (ConfUtils.java:logGet(46)) - raft.grpc.server.leader.outstanding.appends.max = 8 (default)
2024-09-29 22:58:01,289 [s2@group-64B60AA06307->s4-GrpcLogAppender-LogAppenderDaemon] INFO  server.RaftServerConfigKeys (ConfUtils.java:logGet(46)) - raft.server.rpc.request.timeout = 3000ms (default)
2024-09-29 22:58:01,289 [s2@group-64B60AA06307->s4-GrpcLogAppender-LogAppenderDaemon] INFO  grpc.GrpcConfigKeys (ConfUtils.java:logGet(46)) - raft.grpc.server.install_snapshot.request.element-limit = 8 (default)
2024-09-29 22:58:01,289 [s2@group-64B60AA06307->s4-GrpcLogAppender-LogAppenderDaemon] INFO  grpc.GrpcConfigKeys (ConfUtils.java:logGet(46)) - raft.grpc.server.install_snapshot.request.timeout = 3000ms (default)
2024-09-29 22:58:01,289 [s2@group-64B60AA06307->s4-GrpcLogAppender-LogAppenderDaemon] INFO  grpc.GrpcConfigKeys (ConfUtils.java:logGet(46)) - raft.grpc.server.log-message.batch.duration = 5s (default)
2024-09-29 22:58:01,289 [s2@group-64B60AA06307->s4-GrpcLogAppender-LogAppenderDaemon] INFO  server.RaftServerConfigKeys (ConfUtils.java:logGet(46)) - raft.server.log.appender.install.snapshot.enabled = true (default)
2024-09-29 22:58:01,289 [s2@group-64B60AA06307->s4-GrpcLogAppender-LogAppenderDaemon] INFO  grpc.GrpcConfigKeys (ConfUtils.java:logGet(46)) - raft.grpc.server.heartbeat.channel = false (custom)
2024-09-29 22:58:01,290 [s2@group-64B60AA06307->s3-GrpcLogAppender-LogAppenderDaemon] WARN  server.GrpcLogAppender (GrpcLogAppender.java:mayWait(293)) - s2@group-64B60AA06307->s3-GrpcLogAppender: Wait interrupted by java.lang.InterruptedException
2024-09-29 22:58:01,292 [grpc-default-executor-34] INFO  server.GrpcServerProtocolService (GrpcServerProtocolService.java:onCompleted(200)) - s3: Completed APPEND_ENTRIES, lastRequest: s2->s3#3-t1,previous=(t:1, i:256),leaderCommit=256,initializing? false,entries: size=1, first=(t:1, i:257), CONFIGURATIONENTRY(current:id:"s3"address:"0.0.0.0:15024"clientAddress:"0.0.0.0:15024"adminAddress:"0.0.0.0:15024"startupRole:FOLLOWER, id:"s4"address:"0.0.0.0:15025"clientAddress:"0.0.0.0:15025"adminAddress:"0.0.0.0:15025"startupRole:FOLLOWER, id:"s0"address:"localhost:15012"dataStreamAddress:"localhost:15015"clientAddress:"localhost:15014"adminAddress:"localhost:15013"startupRole:FOLLOWER, id:"s1"address:"localhost:15016"dataStreamAddress:"localhost:15019"clientAddress:"localhost:15018"adminAddress:"localhost:15017"startupRole:FOLLOWER, id:"s2"address:"localhost:15020"dataStreamAddress:"localhost:15023"clientAddress:"localhost:15022"adminAddress:"localhost:15021"startupRole:FOLLOWER, old:id:"s0"address:"localhost:15012"dataStreamAddress:"localhost:15015"clientAddress:"localhost:15014"adminAddress:"localhost:15013"startupRole:FOLLOWER, id:"s1"address:"localhost:15016"dataStreamAddress:"localhost:15019"clientAddress:"localhost:15018"adminAddress:"localhost:15017"startupRole:FOLLOWER, id:"s2"address:"localhost:15020"dataStreamAddress:"localhost:15023"clientAddress:"localhost:15022"adminAddress:"localhost:15021"startupRole:FOLLOWER)
2024-09-29 22:58:01,293 [s2@group-64B60AA06307-LeaderStateImpl] INFO  server.RaftServer$Division (ServerState.java:setLeader(272)) - s2@group-64B60AA06307: change Leader from s2 to null at term 1 for StepDownReason:LOST_MAJORITY_HEARTBEATS
2024-09-29 22:58:01,293 [s2@group-64B60AA06307-LeaderStateImpl] INFO  impl.RoleInfo (RoleInfo.java:updateAndGet(148)) - s2: start s2@group-64B60AA06307-FollowerState
2024-09-29 22:58:01,293 [s2@group-64B60AA06307->s4-GrpcLogAppender-LogAppenderDaemon] WARN  leader.LogAppenderDaemon (LogAppenderDaemon.java:run(89)) - s2@group-64B60AA06307->s4-GrpcLogAppender-LogAppenderDaemon failed
java.lang.IllegalStateException: Failed to retain: object has already been completely released.
	at org.apache.ratis.util.ReferenceCountedLeakDetector$Impl.retain(ReferenceCountedLeakDetector.java:116)
	at org.apache.ratis.server.raftlog.segmented.SegmentedRaftLog.retainLog(SegmentedRaftLog.java:310)
	at org.apache.ratis.server.raftlog.segmented.SegmentedRaftLog.retainEntryWithData(SegmentedRaftLog.java:327)
	at org.apache.ratis.server.leader.LogAppenderBase.nextAppendEntriesRequest(LogAppenderBase.java:264)
	at org.apache.ratis.grpc.server.GrpcLogAppender.appendLog(GrpcLogAppender.java:387)
	at org.apache.ratis.grpc.server.GrpcLogAppender.run(GrpcLogAppender.java:262)
	at org.apache.ratis.server.leader.LogAppenderDaemon.run(LogAppenderDaemon.java:80)
	at java.lang.Thread.run(Thread.java:750)
2024-09-29 22:58:01,294 [s2@group-64B60AA06307->s4-GrpcLogAppender-LogAppenderDaemon] WARN  server.RaftServer$Division (LeaderStateImpl.java:restart(682)) - Failed to restart s2@group-64B60AA06307->s4-GrpcLogAppender: s2@group-64B60AA06307-LeaderStateImpl is not running
2024-09-29 22:58:01,295 [grpc-default-executor-34] INFO  server.GrpcServerProtocolService (GrpcServerProtocolService.java:lambda$onCompleted$7(202)) - s3: Completed APPEND_ENTRIES, lastReply: serverReply {
  requestorId: "s2"
  replyId: "s3"
  raftGroupId {
    id: "\230\364\232D\330OJ-\241Kd\266\n\240c\a"
  }
  callId: 7
  success: true
}
term: 1
nextIndex: 258
followerCommit: 256
matchIndex: 18446744073709551615
isHearbeat: true

2024-09-29 22:58:01,296 [grpc-default-executor-33] INFO  server.GrpcLogAppender (GrpcLogAppender.java:onCompleted(559)) - s2@group-64B60AA06307->s3-AppendLogResponseHandler: follower responses appendEntries COMPLETED
2024-09-29 22:58:01,303 [main] INFO  util.CodeInjectionForTesting (BlockRequestHandlingInjection.java:blockRequestor(49)) - Block requestor s2
2024-09-29 22:58:01,304 [main] INFO  util.CodeInjectionForTesting (BlockRequestHandlingInjection.java:unblockRequestor(54)) - UnBlock requestor s0
2024-09-29 22:58:01,304 [main] INFO  util.CodeInjectionForTesting (BlockRequestHandlingInjection.java:unblockRequestor(54)) - UnBlock requestor s1
2024-09-29 22:58:01,304 [main] INFO  server.RaftServerConfigKeys (ConfUtils.java:logGet(46)) - raft.server.rpc.timeout.max = 300ms (default)
2024-09-29 22:58:01,304 [main] INFO  ratis.RaftTestUtil (RaftTestUtil.java:waitForLeader(107)) - printing ALL groups
  s3:  RUNNING  FOLLOWER s3@group-64B60AA06307:t1, leader=s2, voted=null, raftlog=Memoized:s3@group-64B60AA06307-SegmentedRaftLog:OPENED:c256:last(t:1, i:257), conf=conf: {index: 257, cur=peers:[s3|0.0.0.0:15024, s4|0.0.0.0:15025, s0|localhost:15012, s1|localhost:15016, s2|localhost:15020]|listeners:[], old=peers:[s0|localhost:15012, s1|localhost:15016, s2|localhost:15020]|listeners:[]} RUNNING
  s4:  RUNNING  FOLLOWER s4@group-64B60AA06307:t1, leader=s2, voted=null, raftlog=Memoized:s4@group-64B60AA06307-SegmentedRaftLog:OPENED:c256:last(t:1, i:256), conf=conf: {index: 0, cur=peers:[s0|localhost:15012, s1|localhost:15016, s2|localhost:15020]|listeners:[], old=null} STARTING
  s0:  RUNNING CANDIDATE s0@group-64B60AA06307:t1, leader=null, voted=s2, raftlog=Memoized:s0@group-64B60AA06307-SegmentedRaftLog:OPENED:c255:last(t:1, i:256), conf=conf: {index: 0, cur=peers:[s0|localhost:15012, s1|localhost:15016, s2|localhost:15020]|listeners:[], old=null} RUNNING
  s1:  RUNNING CANDIDATE s1@group-64B60AA06307:t1, leader=null, voted=s2, raftlog=Memoized:s1@group-64B60AA06307-SegmentedRaftLog:OPENED:c255:last(t:1, i:256), conf=conf: {index: 0, cur=peers:[s0|localhost:15012, s1|localhost:15016, s2|localhost:15020]|listeners:[], old=null} RUNNING
  s2:  RUNNING  FOLLOWER s2@group-64B60AA06307:t1, leader=null, voted=s2, raftlog=Memoized:s2@group-64B60AA06307-SegmentedRaftLog:OPENED:c256:last(t:1, i:257), conf=conf: {index: 257, cur=peers:[s3|0.0.0.0:15024, s4|0.0.0.0:15025, s0|localhost:15012, s1|localhost:15016, s2|localhost:15020]|listeners:[], old=peers:[s0|localhost:15012, s1|localhost:15016, s2|localhost:15020]|listeners:[]} RUNNING
2024-09-29 22:58:01,305 [main] WARN  ratis.RaftTestUtil (RaftTestUtil.java:lambda$waitForLeader$3(126)) - Attempt #1 failed: java.lang.IllegalStateException: No leader yet : printing ALL groups
  s3:  RUNNING  FOLLOWER s3@group-64B60AA06307:t1, leader=s2, voted=null, raftlog=Memoized:s3@group-64B60AA06307-SegmentedRaftLog:OPENED:c256:last(t:1, i:257), conf=conf: {index: 257, cur=peers:[s3|0.0.0.0:15024, s4|0.0.0.0:15025, s0|localhost:15012, s1|localhost:15016, s2|localhost:15020]|listeners:[], old=peers:[s0|localhost:15012, s1|localhost:15016, s2|localhost:15020]|listeners:[]} RUNNING
  s4:  RUNNING  FOLLOWER s4@group-64B60AA06307:t1, leader=s2, voted=null, raftlog=Memoized:s4@group-64B60AA06307-SegmentedRaftLog:OPENED:c256:last(t:1, i:256), conf=conf: {index: 0, cur=peers:[s0|localhost:15012, s1|localhost:15016, s2|localhost:15020]|listeners:[], old=null} STARTING
  s0:  RUNNING CANDIDATE s0@group-64B60AA06307:t1, leader=null, voted=s2, raftlog=Memoized:s0@group-64B60AA06307-SegmentedRaftLog:OPENED:c255:last(t:1, i:256), conf=conf: {index: 0, cur=peers:[s0|localhost:15012, s1|localhost:15016, s2|localhost:15020]|listeners:[], old=null} RUNNING
  s1:  RUNNING CANDIDATE s1@group-64B60AA06307:t1, leader=null, voted=s2, raftlog=Memoized:s1@group-64B60AA06307-SegmentedRaftLog:OPENED:c255:last(t:1, i:256), conf=conf: {index: 0, cur=peers:[s0|localhost:15012, s1|localhost:15016, s2|localhost:15020]|listeners:[], old=null} RUNNING
  s2:  RUNNING  FOLLOWER s2@group-64B60AA06307:t1, leader=null, voted=s2, raftlog=Memoized:s2@group-64B60AA06307-SegmentedRaftLog:OPENED:c256:last(t:1, i:257), conf=conf: {index: 257, cur=peers:[s3|0.0.0.0:15024, s4|0.0.0.0:15025, s0|localhost:15012, s1|localhost:15016, s2|localhost:15020]|listeners:[], old=peers:[s0|localhost:15012, s1|localhost:15016, s2|localhost:15020]|listeners:[]} RUNNING
2024-09-29 22:58:01,348 [s0@group-64B60AA06307-LeaderElection4] INFO  impl.LeaderElection (LeaderElection.java:logAndReturn(89)) - s0@group-64B60AA06307-LeaderElection4: PRE_VOTE TIMEOUT received 0 response(s) and 0 exception(s):
2024-09-29 22:58:01,348 [s0@group-64B60AA06307-LeaderElection4] INFO  impl.LeaderElection (LeaderElection.java:askForVotes(327)) - s0@group-64B60AA06307-LeaderElection4 PRE_VOTE round 0: result TIMEOUT
2024-09-29 22:58:01,348 [s0@group-64B60AA06307-LeaderElection4] INFO  impl.LeaderElection (LeaderElection.java:askForVotes(325)) - s0@group-64B60AA06307-LeaderElection4 PRE_VOTE round 1: submit vote requests at term 1 for conf: {index: 0, cur=peers:[s0|localhost:15012, s1|localhost:15016, s2|localhost:15020]|listeners:[], old=null}
2024-09-29 22:58:01,350 [grpc-default-executor-34] INFO  server.RaftServer$Division (RaftServerImpl.java:requestVote(1439)) - s1@group-64B60AA06307: receive requestVote(PRE_VOTE, s0, group-64B60AA06307, 1, (t:1, i:256))
2024-09-29 22:58:01,350 [grpc-default-executor-34] INFO  impl.VoteContext (VoteContext.java:log(49)) - s1@group-64B60AA06307-CANDIDATE: accept PRE_VOTE from s0: our priority 0 <= candidate's priority 0
2024-09-29 22:58:01,351 [grpc-default-executor-34] INFO  server.RaftServer$Division (RaftServerImpl.java:requestVote(1472)) - s1@group-64B60AA06307 replies to PRE_VOTE vote request: s0<-s1#0:OK-t1. Peer's state: s1@group-64B60AA06307:t1, leader=null, voted=s2, raftlog=Memoized:s1@group-64B60AA06307-SegmentedRaftLog:OPENED:c255:last(t:1, i:256), conf=conf: {index: 0, cur=peers:[s0|localhost:15012, s1|localhost:15016, s2|localhost:15020]|listeners:[], old=null}
2024-09-29 22:58:01,351 [grpc-default-executor-33] INFO  util.CodeInjectionForTesting (BlockRequestHandlingInjection.java:execute(77)) - s2: Block request from s0
2024-09-29 22:58:01,352 [s0@group-64B60AA06307-LeaderElection4] INFO  impl.LeaderElection (LeaderElection.java:logAndReturn(89)) - s0@group-64B60AA06307-LeaderElection4: PRE_VOTE PASSED received 1 response(s) and 0 exception(s):
2024-09-29 22:58:01,352 [s0@group-64B60AA06307-LeaderElection4] INFO  impl.LeaderElection (LeaderElection.java:logAndReturn(93)) -   Response 0: s0<-s1#0:OK-t1
2024-09-29 22:58:01,352 [s0@group-64B60AA06307-LeaderElection4] INFO  impl.LeaderElection (LeaderElection.java:askForVotes(327)) - s0@group-64B60AA06307-LeaderElection4 PRE_VOTE round 1: result PASSED
2024-09-29 22:58:01,352 [s0@group-64B60AA06307-LeaderElection4] TRACE util.FileUtils (LogUtils.java:supplyAndLog(69)) - Successfully supplied FileChannel.open /home/runner/work/ratis/ratis/ratis-test/target/test/data/f7ba0e94/MiniRaftClusterWithGrpcf830cfe0/s0/98f49a44-d84f-4a2d-a14b-64b60aa06307/current/raft-meta.tmp with options [CREATE, WRITE]: sun.nio.ch.FileChannelImpl@6acda838
2024-09-29 22:58:01,353 [s0@group-64B60AA06307-LeaderElection4] TRACE util.FileUtils (LogUtils.java:runAndLog(49)) - Successfully ran Atomic Files.move /home/runner/work/ratis/ratis/ratis-test/target/test/data/f7ba0e94/MiniRaftClusterWithGrpcf830cfe0/s0/98f49a44-d84f-4a2d-a14b-64b60aa06307/current/raft-meta.tmp to /home/runner/work/ratis/ratis/ratis-test/target/test/data/f7ba0e94/MiniRaftClusterWithGrpcf830cfe0/s0/98f49a44-d84f-4a2d-a14b-64b60aa06307/current/raft-meta with options [REPLACE_EXISTING]
2024-09-29 22:58:01,353 [s0@group-64B60AA06307-LeaderElection4] INFO  impl.LeaderElection (LeaderElection.java:askForVotes(325)) - s0@group-64B60AA06307-LeaderElection4 ELECTION round 1: submit vote requests at term 2 for conf: {index: 0, cur=peers:[s0|localhost:15012, s1|localhost:15016, s2|localhost:15020]|listeners:[], old=null}
2024-09-29 22:58:01,355 [grpc-default-executor-34] INFO  util.CodeInjectionForTesting (BlockRequestHandlingInjection.java:execute(77)) - s2: Block request from s0
2024-09-29 22:58:01,355 [grpc-default-executor-37] INFO  server.RaftServer$Division (RaftServerImpl.java:requestVote(1439)) - s1@group-64B60AA06307: receive requestVote(ELECTION, s0, group-64B60AA06307, 2, (t:1, i:256))
2024-09-29 22:58:01,355 [grpc-default-executor-37] INFO  impl.VoteContext (VoteContext.java:log(49)) - s1@group-64B60AA06307-CANDIDATE: accept ELECTION from s0: our priority 0 <= candidate's priority 0
2024-09-29 22:58:01,355 [grpc-default-executor-37] INFO  server.RaftServer$Division (RaftServerImpl.java:setRole(378)) - s1@group-64B60AA06307: changes role from CANDIDATE to FOLLOWER at term 1 for candidate:s0
2024-09-29 22:58:01,355 [grpc-default-executor-37] INFO  impl.RoleInfo (RoleInfo.java:shutdownLeaderElection(139)) - s1: shutdown s1@group-64B60AA06307-LeaderElection5
2024-09-29 22:58:01,355 [grpc-default-executor-37] INFO  impl.RoleInfo (RoleInfo.java:updateAndGet(148)) - s1: start s1@group-64B60AA06307-FollowerState
2024-09-29 22:58:01,356 [grpc-default-executor-37] TRACE util.FileUtils (LogUtils.java:supplyAndLog(69)) - Successfully supplied FileChannel.open /home/runner/work/ratis/ratis/ratis-test/target/test/data/f7ba0e94/MiniRaftClusterWithGrpcf830cfe0/s1/98f49a44-d84f-4a2d-a14b-64b60aa06307/current/raft-meta.tmp with options [CREATE, WRITE]: sun.nio.ch.FileChannelImpl@408ce2
2024-09-29 22:58:01,357 [grpc-default-executor-37] TRACE util.FileUtils (LogUtils.java:runAndLog(49)) - Successfully ran Atomic Files.move /home/runner/work/ratis/ratis/ratis-test/target/test/data/f7ba0e94/MiniRaftClusterWithGrpcf830cfe0/s1/98f49a44-d84f-4a2d-a14b-64b60aa06307/current/raft-meta.tmp to /home/runner/work/ratis/ratis/ratis-test/target/test/data/f7ba0e94/MiniRaftClusterWithGrpcf830cfe0/s1/98f49a44-d84f-4a2d-a14b-64b60aa06307/current/raft-meta with options [REPLACE_EXISTING]
2024-09-29 22:58:01,357 [grpc-default-executor-37] INFO  server.RaftServer$Division (RaftServerImpl.java:requestVote(1472)) - s1@group-64B60AA06307 replies to ELECTION vote request: s0<-s1#0:OK-t2. Peer's state: s1@group-64B60AA06307:t2, leader=null, voted=s0, raftlog=Memoized:s1@group-64B60AA06307-SegmentedRaftLog:OPENED:c255:last(t:1, i:256), conf=conf: {index: 0, cur=peers:[s0|localhost:15012, s1|localhost:15016, s2|localhost:15020]|listeners:[], old=null}
2024-09-29 22:58:01,359 [s0@group-64B60AA06307-LeaderElection4] INFO  impl.LeaderElection (LeaderElection.java:logAndReturn(89)) - s0@group-64B60AA06307-LeaderElection4: ELECTION PASSED received 1 response(s) and 0 exception(s):
2024-09-29 22:58:01,359 [s0@group-64B60AA06307-LeaderElection4] INFO  impl.LeaderElection (LeaderElection.java:logAndReturn(93)) -   Response 0: s0<-s1#0:OK-t2
2024-09-29 22:58:01,359 [s0@group-64B60AA06307-LeaderElection4] INFO  impl.LeaderElection (LeaderElection.java:askForVotes(327)) - s0@group-64B60AA06307-LeaderElection4 ELECTION round 1: result PASSED
2024-09-29 22:58:01,359 [s0@group-64B60AA06307-LeaderElection4] INFO  impl.RoleInfo (RoleInfo.java:shutdownLeaderElection(139)) - s0: shutdown s0@group-64B60AA06307-LeaderElection4
2024-09-29 22:58:01,359 [s0@group-64B60AA06307-LeaderElection4] INFO  server.RaftServer$Division (RaftServerImpl.java:setRole(378)) - s0@group-64B60AA06307: changes role from CANDIDATE to LEADER at term 2 for changeToLeader
2024-09-29 22:58:01,359 [s0@group-64B60AA06307-LeaderElection4] INFO  server.RaftServerConfigKeys (ConfUtils.java:logGet(46)) - raft.server.staging.catchup.gap = 1000 (default)
2024-09-29 22:58:01,359 [s0@group-64B60AA06307-LeaderElection4] INFO  server.RaftServerConfigKeys (ConfUtils.java:logGet(46)) - raft.server.write.element-limit = 4096 (default)
2024-09-29 22:58:01,359 [s0@group-64B60AA06307-LeaderElection4] INFO  server.RaftServerConfigKeys (ConfUtils.java:logGet(46)) - raft.server.write.byte-limit = 64MB (=67108864) (default)
2024-09-29 22:58:01,359 [s0@group-64B60AA06307-LeaderElection4] INFO  server.RaftServerConfigKeys (ConfUtils.java:logGet(46)) - raft.server.watch.timeout = 10s (default)
2024-09-29 22:58:01,360 [s0@group-64B60AA06307-LeaderElection4] INFO  server.RaftServerConfigKeys (ConfUtils.java:logGet(46)) - raft.server.watch.timeout.denomination = 1s (default)
2024-09-29 22:58:01,360 [s0@group-64B60AA06307-LeaderElection4] INFO  server.RaftServerConfigKeys (ConfUtils.java:logGet(46)) - raft.server.watch.element-limit = 65536 (default)
2024-09-29 22:58:01,360 [s0@group-64B60AA06307-LeaderElection4] INFO  server.RaftServerConfigKeys (ConfUtils.java:logGet(46)) - raft.server.read.leader.lease.enabled = false (default)
2024-09-29 22:58:01,360 [s0@group-64B60AA06307-LeaderElection4] INFO  server.RaftServerConfigKeys (ConfUtils.java:logGet(46)) - raft.server.read.leader.lease.timeout.ratio = 0.9 (default)
2024-09-29 22:58:01,360 [s0@group-64B60AA06307-LeaderElection4] INFO  server.RaftServerConfigKeys (ConfUtils.java:logGet(46)) - raft.server.rpc.timeout.min = 150ms (default)
2024-09-29 22:58:01,360 [s0@group-64B60AA06307-LeaderElection4] INFO  server.RaftServerConfigKeys (ConfUtils.java:logGet(46)) - raft.server.log.log-metadata.enabled = true (default)
2024-09-29 22:58:01,360 [s0@group-64B60AA06307-LeaderElection4] INFO  server.RaftServerConfigKeys (ConfUtils.java:logGet(46)) - raft.server.write.element-limit = 4096 (default)
2024-09-29 22:58:01,360 [s0@group-64B60AA06307-LeaderElection4] INFO  server.RaftServerConfigKeys (ConfUtils.java:logGet(46)) - raft.server.write.follower.gap.ratio.max = -1.0 (default)
2024-09-29 22:58:01,361 [s0@group-64B60AA06307-LeaderElection4] INFO  server.RaftServerConfigKeys (ConfUtils.java:logGet(46)) - raft.server.log.appender.snapshot.chunk.size.max = 1k (=1024) (custom)
2024-09-29 22:58:01,361 [s0@group-64B60AA06307-LeaderElection4] INFO  server.RaftServerConfigKeys (ConfUtils.java:logGet(46)) - raft.server.log.appender.buffer.byte-limit = 4MB (=4194304) (default)
2024-09-29 22:58:01,361 [s0@group-64B60AA06307-LeaderElection4] INFO  server.RaftServerConfigKeys (ConfUtils.java:logGet(46)) - raft.server.log.appender.buffer.element-limit = 0 (default)
2024-09-29 22:58:01,361 [s0@group-64B60AA06307-LeaderElection4] INFO  server.RaftServerConfigKeys (ConfUtils.java:logGet(46)) - raft.server.log.appender.wait-time.min = 1ms (default)
2024-09-29 22:58:01,361 [s0@group-64B60AA06307-LeaderElection4] INFO  grpc.GrpcConfigKeys (ConfUtils.java:logGet(46)) - raft.grpc.server.leader.outstanding.appends.max = 8 (default)
2024-09-29 22:58:01,361 [s0@group-64B60AA06307-LeaderElection4] INFO  server.RaftServerConfigKeys (ConfUtils.java:logGet(46)) - raft.server.rpc.request.timeout = 3000ms (default)
2024-09-29 22:58:01,361 [s0@group-64B60AA06307-LeaderElection4] INFO  grpc.GrpcConfigKeys (ConfUtils.java:logGet(46)) - raft.grpc.server.install_snapshot.request.element-limit = 8 (default)
2024-09-29 22:58:01,361 [s0@group-64B60AA06307-LeaderElection4] INFO  grpc.GrpcConfigKeys (ConfUtils.java:logGet(46)) - raft.grpc.server.install_snapshot.request.timeout = 3000ms (default)
2024-09-29 22:58:01,361 [s0@group-64B60AA06307-LeaderElection4] INFO  grpc.GrpcConfigKeys (ConfUtils.java:logGet(46)) - raft.grpc.server.log-message.batch.duration = 5s (default)
2024-09-29 22:58:01,361 [s0@group-64B60AA06307-LeaderElection4] INFO  server.RaftServerConfigKeys (ConfUtils.java:logGet(46)) - raft.server.log.appender.install.snapshot.enabled = true (default)
2024-09-29 22:58:01,361 [s0@group-64B60AA06307-LeaderElection4] INFO  grpc.GrpcConfigKeys (ConfUtils.java:logGet(46)) - raft.grpc.server.heartbeat.channel = false (custom)
2024-09-29 22:58:01,362 [s0@group-64B60AA06307-LeaderElection4] INFO  server.RaftServerConfigKeys (ConfUtils.java:logGet(46)) - raft.server.log.appender.snapshot.chunk.size.max = 1k (=1024) (custom)
2024-09-29 22:58:01,362 [s0@group-64B60AA06307-LeaderElection4] INFO  server.RaftServerConfigKeys (ConfUtils.java:logGet(46)) - raft.server.log.appender.buffer.byte-limit = 4MB (=4194304) (default)
2024-09-29 22:58:01,362 [s0@group-64B60AA06307-LeaderElection4] INFO  server.RaftServerConfigKeys (ConfUtils.java:logGet(46)) - raft.server.log.appender.buffer.element-limit = 0 (default)
2024-09-29 22:58:01,362 [s0@group-64B60AA06307-LeaderElection4] INFO  server.RaftServerConfigKeys (ConfUtils.java:logGet(46)) - raft.server.log.appender.wait-time.min = 1ms (default)
2024-09-29 22:58:01,362 [s0@group-64B60AA06307-LeaderElection4] INFO  grpc.GrpcConfigKeys (ConfUtils.java:logGet(46)) - raft.grpc.server.leader.outstanding.appends.max = 8 (default)
2024-09-29 22:58:01,362 [s0@group-64B60AA06307-LeaderElection4] INFO  server.RaftServerConfigKeys (ConfUtils.java:logGet(46)) - raft.server.rpc.request.timeout = 3000ms (default)
2024-09-29 22:58:01,362 [s0@group-64B60AA06307-LeaderElection4] INFO  grpc.GrpcConfigKeys (ConfUtils.java:logGet(46)) - raft.grpc.server.install_snapshot.request.element-limit = 8 (default)
2024-09-29 22:58:01,363 [s0@group-64B60AA06307-LeaderElection4] INFO  grpc.GrpcConfigKeys (ConfUtils.java:logGet(46)) - raft.grpc.server.install_snapshot.request.timeout = 3000ms (default)
2024-09-29 22:58:01,363 [s0@group-64B60AA06307-LeaderElection4] INFO  grpc.GrpcConfigKeys (ConfUtils.java:logGet(46)) - raft.grpc.server.log-message.batch.duration = 5s (default)
2024-09-29 22:58:01,363 [s0@group-64B60AA06307-LeaderElection4] INFO  server.RaftServerConfigKeys (ConfUtils.java:logGet(46)) - raft.server.log.appender.install.snapshot.enabled = true (default)
2024-09-29 22:58:01,363 [s0@group-64B60AA06307-LeaderElection4] INFO  grpc.GrpcConfigKeys (ConfUtils.java:logGet(46)) - raft.grpc.server.heartbeat.channel = false (custom)
2024-09-29 22:58:01,363 [s0@group-64B60AA06307-LeaderElection4] INFO  impl.RoleInfo (RoleInfo.java:updateAndGet(148)) - s0: start s0@group-64B60AA06307-LeaderStateImpl
2024-09-29 22:58:01,363 [s0@group-64B60AA06307-LeaderElection4] INFO  server.RaftServer$Division (ServerState.java:setLeader(272)) - s0@group-64B60AA06307: change Leader from null to s0 at term 2 for becomeLeader, leader elected after 313ms
2024-09-29 22:58:01,364 [s0@group-64B60AA06307-LeaderElection4] INFO  segmented.SegmentedRaftLogWorker (SegmentedRaftLogWorker.java:rollLogSegment(443)) - s0@group-64B60AA06307-SegmentedRaftLogWorker: Rolling segment log-0_256 to index:256
2024-09-29 22:58:01,364 [s0@group-64B60AA06307-LeaderElection4] INFO  server.RaftServer$Division (ServerState.java:setRaftConf(386)) - s0@group-64B60AA06307: set configuration conf: {index: 257, cur=peers:[s0|localhost:15012, s1|localhost:15016, s2|localhost:15020]|listeners:[], old=null}
2024-09-29 22:58:01,366 [s0@group-64B60AA06307-SegmentedRaftLogWorker] TRACE util.FileUtils (LogUtils.java:runAndLog(49)) - Successfully ran Atomic Files.move /home/runner/work/ratis/ratis/ratis-test/target/test/data/f7ba0e94/MiniRaftClusterWithGrpcf830cfe0/s0/98f49a44-d84f-4a2d-a14b-64b60aa06307/current/log_inprogress_0 to /home/runner/work/ratis/ratis/ratis-test/target/test/data/f7ba0e94/MiniRaftClusterWithGrpcf830cfe0/s0/98f49a44-d84f-4a2d-a14b-64b60aa06307/current/log_0-256
2024-09-29 22:58:01,366 [s0@group-64B60AA06307-SegmentedRaftLogWorker] INFO  segmented.SegmentedRaftLogWorker (SegmentedRaftLogWorker.java:execute(617)) - s0@group-64B60AA06307-SegmentedRaftLogWorker: Rolled log segment from /home/runner/work/ratis/ratis/ratis-test/target/test/data/f7ba0e94/MiniRaftClusterWithGrpcf830cfe0/s0/98f49a44-d84f-4a2d-a14b-64b60aa06307/current/log_inprogress_0 to /home/runner/work/ratis/ratis/ratis-test/target/test/data/f7ba0e94/MiniRaftClusterWithGrpcf830cfe0/s0/98f49a44-d84f-4a2d-a14b-64b60aa06307/current/log_0-256
2024-09-29 22:58:01,366 [s0@group-64B60AA06307-SegmentedRaftLogWorker] INFO  segmented.BufferedWriteChannel (BufferedWriteChannel.java:open(61)) - open log_inprogress_257 at position 0
2024-09-29 22:58:01,373 [s2-server-thread1] INFO  util.CodeInjectionForTesting (BlockRequestHandlingInjection.java:execute(77)) - s2: Block request from s0
2024-09-29 22:58:01,374 [s1-server-thread2] INFO  server.RaftServer$Division (ServerState.java:setLeader(272)) - s1@group-64B60AA06307: change Leader from null to s0 at term 2 for appendEntries, leader elected after 228ms
2024-09-29 22:58:01,375 [s1-server-thread2] INFO  server.RaftServer$Division (ServerState.java:setRaftConf(386)) - s1@group-64B60AA06307: set configuration conf: {index: 257, cur=peers:[s0|localhost:15012, s1|localhost:15016, s2|localhost:15020]|listeners:[], old=null}
2024-09-29 22:58:01,376 [s1-server-thread2] INFO  segmented.SegmentedRaftLogWorker (SegmentedRaftLogWorker.java:rollLogSegment(443)) - s1@group-64B60AA06307-SegmentedRaftLogWorker: Rolling segment log-0_256 to index:256
2024-09-29 22:58:01,376 [grpc-default-executor-13] INFO  util.CodeInjectionForTesting (BlockRequestHandlingInjection.java:execute(84)) - s1: unBlock request from s0
2024-09-29 22:58:01,376 [grpc-default-executor-13] INFO  server.RaftServer$Division (RaftServerImpl.java:requestVote(1439)) - s1@group-64B60AA06307: receive requestVote(PRE_VOTE, s0, group-64B60AA06307, 1, (t:1, i:256))
2024-09-29 22:58:01,376 [grpc-default-executor-13] INFO  impl.VoteContext (VoteContext.java:log(49)) - s1@group-64B60AA06307-FOLLOWER: reject PRE_VOTE from s0: our last entry (t:2, i:257) > candidate's last entry (t:1, i:256)
2024-09-29 22:58:01,376 [grpc-default-executor-13] INFO  server.RaftServer$Division (RaftServerImpl.java:requestVote(1472)) - s1@group-64B60AA06307 replies to PRE_VOTE vote request: s0<-s1#0:FAIL-t2. Peer's state: s1@group-64B60AA06307:t2, leader=s0, voted=s0, raftlog=Memoized:s1@group-64B60AA06307-SegmentedRaftLog:OPENED:c255:last(t:2, i:257), conf=conf: {index: 257, cur=peers:[s0|localhost:15012, s1|localhost:15016, s2|localhost:15020]|listeners:[], old=null}
2024-09-29 22:58:01,377 [s0@group-64B60AA06307-SegmentedRaftLogWorker] INFO  segmented.SegmentedRaftLogWorker (SegmentedRaftLogWorker.java:execute(660)) - s0@group-64B60AA06307-SegmentedRaftLogWorker: created new log segment /home/runner/work/ratis/ratis/ratis-test/target/test/data/f7ba0e94/MiniRaftClusterWithGrpcf830cfe0/s0/98f49a44-d84f-4a2d-a14b-64b60aa06307/current/log_inprogress_257
2024-09-29 22:58:01,378 [s1@group-64B60AA06307-SegmentedRaftLogWorker] TRACE util.FileUtils (LogUtils.java:runAndLog(49)) - Successfully ran Atomic Files.move /home/runner/work/ratis/ratis/ratis-test/target/test/data/f7ba0e94/MiniRaftClusterWithGrpcf830cfe0/s1/98f49a44-d84f-4a2d-a14b-64b60aa06307/current/log_inprogress_0 to /home/runner/work/ratis/ratis/ratis-test/target/test/data/f7ba0e94/MiniRaftClusterWithGrpcf830cfe0/s1/98f49a44-d84f-4a2d-a14b-64b60aa06307/current/log_0-256
2024-09-29 22:58:01,378 [s1@group-64B60AA06307-SegmentedRaftLogWorker] INFO  segmented.SegmentedRaftLogWorker (SegmentedRaftLogWorker.java:execute(617)) - s1@group-64B60AA06307-SegmentedRaftLogWorker: Rolled log segment from /home/runner/work/ratis/ratis/ratis-test/target/test/data/f7ba0e94/MiniRaftClusterWithGrpcf830cfe0/s1/98f49a44-d84f-4a2d-a14b-64b60aa06307/current/log_inprogress_0 to /home/runner/work/ratis/ratis/ratis-test/target/test/data/f7ba0e94/MiniRaftClusterWithGrpcf830cfe0/s1/98f49a44-d84f-4a2d-a14b-64b60aa06307/current/log_0-256
2024-09-29 22:58:01,378 [s1@group-64B60AA06307-SegmentedRaftLogWorker] INFO  segmented.BufferedWriteChannel (BufferedWriteChannel.java:open(61)) - open log_inprogress_257 at position 0
2024-09-29 22:58:01,388 [s1@group-64B60AA06307-SegmentedRaftLogWorker] INFO  segmented.SegmentedRaftLogWorker (SegmentedRaftLogWorker.java:execute(660)) - s1@group-64B60AA06307-SegmentedRaftLogWorker: created new log segment /home/runner/work/ratis/ratis/ratis-test/target/test/data/f7ba0e94/MiniRaftClusterWithGrpcf830cfe0/s1/98f49a44-d84f-4a2d-a14b-64b60aa06307/current/log_inprogress_257
2024-09-29 22:58:01,390 [s0@group-64B60AA06307-StateMachineUpdater] TRACE util.FileUtils (LogUtils.java:supplyAndLog(69)) - Successfully supplied FileChannel.open /home/runner/work/ratis/ratis/ratis-test/target/test/data/f7ba0e94/MiniRaftClusterWithGrpcf830cfe0/s0/98f49a44-d84f-4a2d-a14b-64b60aa06307/current/raft-meta.conf.tmp with options [CREATE, WRITE]: sun.nio.ch.FileChannelImpl@1f3f2
2024-09-29 22:58:01,392 [s0@group-64B60AA06307-StateMachineUpdater] TRACE util.FileUtils (LogUtils.java:runAndLog(49)) - Successfully ran Atomic Files.move /home/runner/work/ratis/ratis/ratis-test/target/test/data/f7ba0e94/MiniRaftClusterWithGrpcf830cfe0/s0/98f49a44-d84f-4a2d-a14b-64b60aa06307/current/raft-meta.conf.tmp to /home/runner/work/ratis/ratis/ratis-test/target/test/data/f7ba0e94/MiniRaftClusterWithGrpcf830cfe0/s0/98f49a44-d84f-4a2d-a14b-64b60aa06307/current/raft-meta.conf with options [REPLACE_EXISTING]
2024-09-29 22:58:01,392 [s0@group-64B60AA06307-StateMachineUpdater] INFO  server.RaftServer$Division (LeaderStateImpl.java:checkStartIndex(317)) - Leader s0@group-64B60AA06307-LeaderStateImpl is ready since appliedIndex == startIndex == 257
2024-09-29 22:58:01,395 [s1@group-64B60AA06307-StateMachineUpdater] TRACE util.FileUtils (LogUtils.java:supplyAndLog(69)) - Successfully supplied FileChannel.open /home/runner/work/ratis/ratis/ratis-test/target/test/data/f7ba0e94/MiniRaftClusterWithGrpcf830cfe0/s1/98f49a44-d84f-4a2d-a14b-64b60aa06307/current/raft-meta.conf.tmp with options [CREATE, WRITE]: sun.nio.ch.FileChannelImpl@6f45eee3
2024-09-29 22:58:01,397 [s1@group-64B60AA06307-StateMachineUpdater] TRACE util.FileUtils (LogUtils.java:runAndLog(49)) - Successfully ran Atomic Files.move /home/runner/work/ratis/ratis/ratis-test/target/test/data/f7ba0e94/MiniRaftClusterWithGrpcf830cfe0/s1/98f49a44-d84f-4a2d-a14b-64b60aa06307/current/raft-meta.conf.tmp to /home/runner/work/ratis/ratis/ratis-test/target/test/data/f7ba0e94/MiniRaftClusterWithGrpcf830cfe0/s1/98f49a44-d84f-4a2d-a14b-64b60aa06307/current/raft-meta.conf with options [REPLACE_EXISTING]
2024-09-29 22:58:01,437 [s1@group-64B60AA06307-LeaderElection5] INFO  impl.LeaderElection (LeaderElection.java:logAndReturn(89)) - s1@group-64B60AA06307-LeaderElection5: PRE_VOTE REJECTED received 0 response(s) and 0 exception(s):
2024-09-29 22:58:01,438 [s1@group-64B60AA06307-LeaderElection5] INFO  impl.LeaderElection (LeaderElection.java:askForVotes(327)) - s1@group-64B60AA06307-LeaderElection5 PRE_VOTE round 0: result REJECTED
2024-09-29 22:58:01,458 [s2@group-64B60AA06307-FollowerState] INFO  impl.FollowerState (FollowerState.java:lostMajorityHeartbeatsRecently(109)) - s2@group-64B60AA06307-FollowerState: Skipping leader election since it stepped down recently (elapsed = 165ms < waitTime = 10s)
2024-09-29 22:58:01,464 [grpc-default-executor-21] INFO  util.CodeInjectionForTesting (BlockRequestHandlingInjection.java:execute(84)) - s0: unBlock request from s1
2024-09-29 22:58:01,465 [grpc-default-executor-21] INFO  server.RaftServer$Division (RaftServerImpl.java:requestVote(1439)) - s0@group-64B60AA06307: receive requestVote(PRE_VOTE, s1, group-64B60AA06307, 1, (t:1, i:256))
2024-09-29 22:58:01,465 [grpc-default-executor-21] INFO  impl.VoteContext (VoteContext.java:log(49)) - s0@group-64B60AA06307-LEADER: reject PRE_VOTE from s1: this server is the leader and still has leadership
2024-09-29 22:58:01,465 [grpc-default-executor-21] INFO  server.RaftServer$Division (RaftServerImpl.java:requestVote(1472)) - s0@group-64B60AA06307 replies to PRE_VOTE vote request: s1<-s0#0:FAIL-t2. Peer's state: s0@group-64B60AA06307:t2, leader=s0, voted=s0, raftlog=Memoized:s0@group-64B60AA06307-SegmentedRaftLog:OPENED:c258:last(t:2, i:258), conf=conf: {index: 257, cur=peers:[s0|localhost:15012, s1|localhost:15016, s2|localhost:15020]|listeners:[], old=null}
2024-09-29 22:58:01,606 [s3@group-64B60AA06307-FollowerState] INFO  impl.FollowerState (FollowerState.java:run(144)) - s3@group-64B60AA06307-FollowerState: change to CANDIDATE, lastRpcElapsedTime:322987393ns, electionTimeout:226ms
2024-09-29 22:58:01,606 [s3@group-64B60AA06307-FollowerState] INFO  impl.RoleInfo (RoleInfo.java:shutdownFollowerState(119)) - s3: shutdown s3@group-64B60AA06307-FollowerState
2024-09-29 22:58:01,606 [s3@group-64B60AA06307-FollowerState] INFO  server.RaftServer$Division (RaftServerImpl.java:setRole(378)) - s3@group-64B60AA06307: changes role from  FOLLOWER to CANDIDATE at term 1 for changeToCandidate
2024-09-29 22:58:01,606 [s3@group-64B60AA06307-FollowerState] INFO  server.RaftServerConfigKeys (ConfUtils.java:logGet(46)) - raft.server.leaderelection.pre-vote = true (default)
2024-09-29 22:58:01,606 [s3@group-64B60AA06307-FollowerState] INFO  impl.RoleInfo (RoleInfo.java:updateAndGet(148)) - s3: start s3@group-64B60AA06307-LeaderElection6
2024-09-29 22:58:01,607 [s3@group-64B60AA06307-LeaderElection6] INFO  server.RaftServer$Division (ServerState.java:setLeader(272)) - s3@group-64B60AA06307: change Leader from s2 to null at term 1 for PRE_VOTE
2024-09-29 22:58:01,607 [s3@group-64B60AA06307-LeaderElection6] INFO  impl.LeaderElection (LeaderElection.java:askForVotes(325)) - s3@group-64B60AA06307-LeaderElection6 PRE_VOTE round 0: submit vote requests at term 1 for conf: {index: 257, cur=peers:[s3|0.0.0.0:15024, s4|0.0.0.0:15025, s0|localhost:15012, s1|localhost:15016, s2|localhost:15020]|listeners:[], old=peers:[s0|localhost:15012, s1|localhost:15016, s2|localhost:15020]|listeners:[]}
2024-09-29 22:58:01,608 [s3@group-64B60AA06307-LeaderElection6-1] INFO  server.GrpcServerProtocolClient (GrpcServerProtocolClient.java:<init>(65)) - Build channel for s4|0.0.0.0:15025
2024-09-29 22:58:01,608 [s3@group-64B60AA06307-LeaderElection6-2] INFO  server.GrpcServerProtocolClient (GrpcServerProtocolClient.java:<init>(65)) - Build channel for s0|localhost:15012
2024-09-29 22:58:01,608 [s3@group-64B60AA06307-LeaderElection6-3] INFO  server.GrpcServerProtocolClient (GrpcServerProtocolClient.java:<init>(65)) - Build channel for s1|localhost:15016
2024-09-29 22:58:01,609 [s3@group-64B60AA06307-LeaderElection6-4] INFO  server.GrpcServerProtocolClient (GrpcServerProtocolClient.java:<init>(65)) - Build channel for s2|localhost:15020
2024-09-29 22:58:01,617 [grpc-default-executor-38] INFO  server.RaftServer$Division (RaftServerImpl.java:requestVote(1439)) - s1@group-64B60AA06307: receive requestVote(PRE_VOTE, s3, group-64B60AA06307, 1, (t:1, i:257))
2024-09-29 22:58:01,617 [grpc-default-executor-21] INFO  util.CodeInjectionForTesting (BlockRequestHandlingInjection.java:execute(77)) - s2: Block request from s3
2024-09-29 22:58:01,617 [grpc-default-executor-38] INFO  impl.VoteContext (VoteContext.java:log(49)) - s1@group-64B60AA06307-FOLLOWER: reject PRE_VOTE from s3: s3 is not in current conf [s0|localhost:15012, s1|localhost:15016, s2|localhost:15020]
2024-09-29 22:58:01,617 [grpc-default-executor-38] INFO  server.RaftServer$Division (RaftServerImpl.java:requestVote(1472)) - s1@group-64B60AA06307 replies to PRE_VOTE vote request: s3<-s1#0:FAIL-t2. Peer's state: s1@group-64B60AA06307:t2, leader=s0, voted=s0, raftlog=Memoized:s1@group-64B60AA06307-SegmentedRaftLog:OPENED:c258:last(t:2, i:258), conf=conf: {index: 257, cur=peers:[s0|localhost:15012, s1|localhost:15016, s2|localhost:15020]|listeners:[], old=null}
2024-09-29 22:58:01,618 [s3@group-64B60AA06307-LeaderElection6] INFO  impl.LeaderElection (LeaderElection.java:logAndReturn(89)) - s3@group-64B60AA06307-LeaderElection6: PRE_VOTE DISCOVERED_A_NEW_TERM (term=2) received 1 response(s) and 0 exception(s):
2024-09-29 22:58:01,618 [s3@group-64B60AA06307-LeaderElection6] INFO  impl.LeaderElection (LeaderElection.java:logAndReturn(93)) -   Response 0: s3<-s1#0:FAIL-t2
2024-09-29 22:58:01,618 [s3@group-64B60AA06307-LeaderElection6] INFO  impl.LeaderElection (LeaderElection.java:askForVotes(327)) - s3@group-64B60AA06307-LeaderElection6 PRE_VOTE round 0: result DISCOVERED_A_NEW_TERM (term=2)
2024-09-29 22:58:01,618 [s3@group-64B60AA06307-LeaderElection6] INFO  server.RaftServer$Division (RaftServerImpl.java:setRole(378)) - s3@group-64B60AA06307: changes role from CANDIDATE to FOLLOWER at term 1 for DISCOVERED_A_NEW_TERM (term=2)
2024-09-29 22:58:01,618 [s3@group-64B60AA06307-LeaderElection6] INFO  impl.RoleInfo (RoleInfo.java:shutdownLeaderElection(139)) - s3: shutdown s3@group-64B60AA06307-LeaderElection6
2024-09-29 22:58:01,620 [s3@group-64B60AA06307-LeaderElection6] INFO  impl.RoleInfo (RoleInfo.java:updateAndGet(148)) - s3: start s3@group-64B60AA06307-FollowerState
2024-09-29 22:58:01,621 [s3@group-64B60AA06307-LeaderElection6] TRACE util.FileUtils (LogUtils.java:supplyAndLog(69)) - Successfully supplied FileChannel.open /home/runner/work/ratis/ratis/ratis-test/target/test/data/f7ba0e94/MiniRaftClusterWithGrpcf830cfe0/s3/98f49a44-d84f-4a2d-a14b-64b60aa06307/current/raft-meta.tmp with options [CREATE, WRITE]: sun.nio.ch.FileChannelImpl@3eab160d
2024-09-29 22:58:01,622 [s3@group-64B60AA06307-LeaderElection6] TRACE util.FileUtils (LogUtils.java:runAndLog(49)) - Successfully ran Atomic Files.move /home/runner/work/ratis/ratis/ratis-test/target/test/data/f7ba0e94/MiniRaftClusterWithGrpcf830cfe0/s3/98f49a44-d84f-4a2d-a14b-64b60aa06307/current/raft-meta.tmp to /home/runner/work/ratis/ratis/ratis-test/target/test/data/f7ba0e94/MiniRaftClusterWithGrpcf830cfe0/s3/98f49a44-d84f-4a2d-a14b-64b60aa06307/current/raft-meta with options [REPLACE_EXISTING]
2024-09-29 22:58:01,627 [s2@group-64B60AA06307-FollowerState] INFO  impl.FollowerState (FollowerState.java:lostMajorityHeartbeatsRecently(109)) - s2@group-64B60AA06307-FollowerState: Skipping leader election since it stepped down recently (elapsed = 333ms < waitTime = 10s)
2024-09-29 22:58:01,756 [main] INFO  ratis.RaftTestUtil (RaftTestUtil.java:waitForLeader(131)) - printing ALL groups
  s3:  RUNNING  FOLLOWER s3@group-64B60AA06307:t2, leader=null, voted=null, raftlog=Memoized:s3@group-64B60AA06307-SegmentedRaftLog:OPENED:c256:last(t:1, i:257), conf=conf: {index: 257, cur=peers:[s3|0.0.0.0:15024, s4|0.0.0.0:15025, s0|localhost:15012, s1|localhost:15016, s2|localhost:15020]|listeners:[], old=peers:[s0|localhost:15012, s1|localhost:15016, s2|localhost:15020]|listeners:[]} RUNNING
  s4:  RUNNING  FOLLOWER s4@group-64B60AA06307:t1, leader=s2, voted=null, raftlog=Memoized:s4@group-64B60AA06307-SegmentedRaftLog:OPENED:c256:last(t:1, i:256), conf=conf: {index: 0, cur=peers:[s0|localhost:15012, s1|localhost:15016, s2|localhost:15020]|listeners:[], old=null} STARTING
  s0:  RUNNING    LEADER s0@group-64B60AA06307:t2, leader=s0, voted=s0, raftlog=Memoized:s0@group-64B60AA06307-SegmentedRaftLog:OPENED:c258:last(t:2, i:258), conf=conf: {index: 257, cur=peers:[s0|localhost:15012, s1|localhost:15016, s2|localhost:15020]|listeners:[], old=null} RUNNING
  s1:  RUNNING  FOLLOWER s1@group-64B60AA06307:t2, leader=s0, voted=s0, raftlog=Memoized:s1@group-64B60AA06307-SegmentedRaftLog:OPENED:c258:last(t:2, i:258), conf=conf: {index: 257, cur=peers:[s0|localhost:15012, s1|localhost:15016, s2|localhost:15020]|listeners:[], old=null} RUNNING
  s2:  RUNNING  FOLLOWER s2@group-64B60AA06307:t1, leader=null, voted=s2, raftlog=Memoized:s2@group-64B60AA06307-SegmentedRaftLog:OPENED:c256:last(t:1, i:257), conf=conf: {index: 257, cur=peers:[s3|0.0.0.0:15024, s4|0.0.0.0:15025, s0|localhost:15012, s1|localhost:15016, s2|localhost:15020]|listeners:[], old=peers:[s0|localhost:15012, s1|localhost:15016, s2|localhost:15020]|listeners:[]} RUNNING
2024-09-29 22:58:01,761 [s0-server-thread31] INFO  server.RaftServer$Division (RaftServerImpl.java:setConfigurationAsync(1328)) - s0@group-64B60AA06307: receive setConfiguration SetConfigurationRequest:client-19C4E0E1CC02->s0@group-64B60AA06307, cid=391, seq=null, RW, null, SET_UNCONDITIONALLY, servers:[s3|0.0.0.0:15024, s4|0.0.0.0:15025, s0|localhost:15012, s1|localhost:15016, s2|localhost:15020], listeners:[]
2024-09-29 22:58:01,761 [s0-server-thread31] INFO  server.RaftServer$Division (LeaderStateImpl.java:startSetConfiguration(489)) - s0@group-64B60AA06307-LeaderStateImpl: startSetConfiguration SetConfigurationRequest:client-19C4E0E1CC02->s0@group-64B60AA06307, cid=391, seq=null, RW, null, SET_UNCONDITIONALLY, servers:[s3|0.0.0.0:15024, s4|0.0.0.0:15025, s0|localhost:15012, s1|localhost:15016, s2|localhost:15020], listeners:[]
2024-09-29 22:58:01,762 [s0-server-thread31] INFO  server.RaftServerConfigKeys (ConfUtils.java:logGet(46)) - raft.server.log.appender.snapshot.chunk.size.max = 1k (=1024) (custom)
2024-09-29 22:58:01,762 [s0-server-thread31] INFO  server.RaftServerConfigKeys (ConfUtils.java:logGet(46)) - raft.server.log.appender.buffer.byte-limit = 4MB (=4194304) (default)
2024-09-29 22:58:01,762 [s0-server-thread31] INFO  server.RaftServerConfigKeys (ConfUtils.java:logGet(46)) - raft.server.log.appender.buffer.element-limit = 0 (default)
2024-09-29 22:58:01,762 [s0-server-thread31] INFO  server.RaftServerConfigKeys (ConfUtils.java:logGet(46)) - raft.server.log.appender.wait-time.min = 1ms (default)
2024-09-29 22:58:01,762 [s0-server-thread31] INFO  grpc.GrpcConfigKeys (ConfUtils.java:logGet(46)) - raft.grpc.server.leader.outstanding.appends.max = 8 (default)
2024-09-29 22:58:01,762 [s0-server-thread31] INFO  server.RaftServerConfigKeys (ConfUtils.java:logGet(46)) - raft.server.rpc.request.timeout = 3000ms (default)
2024-09-29 22:58:01,762 [s0-server-thread31] INFO  grpc.GrpcConfigKeys (ConfUtils.java:logGet(46)) - raft.grpc.server.install_snapshot.request.element-limit = 8 (default)
2024-09-29 22:58:01,763 [s0-server-thread31] INFO  grpc.GrpcConfigKeys (ConfUtils.java:logGet(46)) - raft.grpc.server.install_snapshot.request.timeout = 3000ms (default)
2024-09-29 22:58:01,763 [s0-server-thread31] INFO  grpc.GrpcConfigKeys (ConfUtils.java:logGet(46)) - raft.grpc.server.log-message.batch.duration = 5s (default)
2024-09-29 22:58:01,763 [s0-server-thread31] INFO  server.RaftServerConfigKeys (ConfUtils.java:logGet(46)) - raft.server.log.appender.install.snapshot.enabled = true (default)
2024-09-29 22:58:01,763 [s0-server-thread31] INFO  grpc.GrpcConfigKeys (ConfUtils.java:logGet(46)) - raft.grpc.server.heartbeat.channel = false (custom)
2024-09-29 22:58:01,763 [s0-server-thread31] INFO  server.RaftServerConfigKeys (ConfUtils.java:logGet(46)) - raft.server.log.appender.snapshot.chunk.size.max = 1k (=1024) (custom)
2024-09-29 22:58:01,763 [s0-server-thread31] INFO  server.RaftServerConfigKeys (ConfUtils.java:logGet(46)) - raft.server.log.appender.buffer.byte-limit = 4MB (=4194304) (default)
2024-09-29 22:58:01,763 [s0-server-thread31] INFO  server.RaftServerConfigKeys (ConfUtils.java:logGet(46)) - raft.server.log.appender.buffer.element-limit = 0 (default)
2024-09-29 22:58:01,764 [s0-server-thread31] INFO  server.RaftServerConfigKeys (ConfUtils.java:logGet(46)) - raft.server.log.appender.wait-time.min = 1ms (default)
2024-09-29 22:58:01,764 [s0-server-thread31] INFO  grpc.GrpcConfigKeys (ConfUtils.java:logGet(46)) - raft.grpc.server.leader.outstanding.appends.max = 8 (default)
2024-09-29 22:58:01,764 [s0-server-thread31] INFO  server.RaftServerConfigKeys (ConfUtils.java:logGet(46)) - raft.server.rpc.request.timeout = 3000ms (default)
2024-09-29 22:58:01,764 [s0-server-thread31] INFO  grpc.GrpcConfigKeys (ConfUtils.java:logGet(46)) - raft.grpc.server.install_snapshot.request.element-limit = 8 (default)
2024-09-29 22:58:01,764 [s0-server-thread31] INFO  grpc.GrpcConfigKeys (ConfUtils.java:logGet(46)) - raft.grpc.server.install_snapshot.request.timeout = 3000ms (default)
2024-09-29 22:58:01,764 [s0-server-thread31] INFO  grpc.GrpcConfigKeys (ConfUtils.java:logGet(46)) - raft.grpc.server.log-message.batch.duration = 5s (default)
2024-09-29 22:58:01,764 [s0-server-thread31] INFO  server.RaftServerConfigKeys (ConfUtils.java:logGet(46)) - raft.server.log.appender.install.snapshot.enabled = true (default)
2024-09-29 22:58:01,764 [s0-server-thread31] INFO  grpc.GrpcConfigKeys (ConfUtils.java:logGet(46)) - raft.grpc.server.heartbeat.channel = false (custom)
2024-09-29 22:58:01,765 [s0@group-64B60AA06307->s3-GrpcLogAppender-LogAppenderDaemon] INFO  server.GrpcLogAppender (GrpcLogAppender.java:installSnapshot(757)) - s0@group-64B60AA06307->s3-GrpcLogAppender: followerNextIndex = 0 but logStartIndex = 0, send snapshot FileListSnapshotInfo(t:1, i:255):[/tmp/ratis-tests/statemachine/s0/snapshot/1_255/vegetable, /tmp/ratis-tests/statemachine/s0/snapshot/1_255/loves, /tmp/ratis-tests/statemachine/s0/snapshot/1_255/deer] to follower
2024-09-29 22:58:01,765 [s0@group-64B60AA06307->s4-GrpcLogAppender-LogAppenderDaemon] INFO  server.GrpcLogAppender (GrpcLogAppender.java:installSnapshot(757)) - s0@group-64B60AA06307->s4-GrpcLogAppender: followerNextIndex = 0 but logStartIndex = 0, send snapshot FileListSnapshotInfo(t:1, i:255):[/tmp/ratis-tests/statemachine/s0/snapshot/1_255/vegetable, /tmp/ratis-tests/statemachine/s0/snapshot/1_255/loves, /tmp/ratis-tests/statemachine/s0/snapshot/1_255/deer] to follower
2024-09-29 22:58:01,765 [s0@group-64B60AA06307->s4-GrpcLogAppender-LogAppenderDaemon] INFO  server.GrpcServerProtocolClient (GrpcServerProtocolClient.java:<init>(65)) - Build channel for s4|0.0.0.0:15025
2024-09-29 22:58:01,765 [s0@group-64B60AA06307->s3-GrpcLogAppender-LogAppenderDaemon] INFO  server.GrpcServerProtocolClient (GrpcServerProtocolClient.java:<init>(65)) - Build channel for s3|0.0.0.0:15024
2024-09-29 22:58:01,767 [s0@group-64B60AA06307->s4-GrpcLogAppender-LogAppenderDaemon] TRACE util.FileUtils (LogUtils.java:supplyAndLog(69)) - Successfully supplied Files.newInputStream /tmp/ratis-tests/statemachine/s0/snapshot/1_255/vegetable with options []: sun.nio.ch.ChannelInputStream@7357eaf4
2024-09-29 22:58:01,768 [s0@group-64B60AA06307->s3-GrpcLogAppender-LogAppenderDaemon] TRACE util.FileUtils (LogUtils.java:supplyAndLog(69)) - Successfully supplied Files.newInputStream /tmp/ratis-tests/statemachine/s0/snapshot/1_255/vegetable with options []: sun.nio.ch.ChannelInputStream@eb88635
2024-09-29 22:58:01,768 [s0@group-64B60AA06307->s4-GrpcLogAppender-LogAppenderDaemon] TRACE util.FileUtils (LogUtils.java:supplyAndLog(69)) - Successfully supplied Files.newInputStream /tmp/ratis-tests/statemachine/s0/snapshot/1_255/loves with options []: sun.nio.ch.ChannelInputStream@1cd072cd
2024-09-29 22:58:01,768 [s0@group-64B60AA06307->s3-GrpcLogAppender-LogAppenderDaemon] TRACE util.FileUtils (LogUtils.java:supplyAndLog(69)) - Successfully supplied Files.newInputStream /tmp/ratis-tests/statemachine/s0/snapshot/1_255/loves with options []: sun.nio.ch.ChannelInputStream@82390b8
2024-09-29 22:58:01,768 [s0@group-64B60AA06307->s4-GrpcLogAppender-LogAppenderDaemon] TRACE util.FileUtils (LogUtils.java:supplyAndLog(69)) - Successfully supplied Files.newInputStream /tmp/ratis-tests/statemachine/s0/snapshot/1_255/deer with options []: sun.nio.ch.ChannelInputStream@2270777d
2024-09-29 22:58:01,768 [s0@group-64B60AA06307->s3-GrpcLogAppender-LogAppenderDaemon] TRACE util.FileUtils (LogUtils.java:supplyAndLog(69)) - Successfully supplied Files.newInputStream /tmp/ratis-tests/statemachine/s0/snapshot/1_255/deer with options []: sun.nio.ch.ChannelInputStream@5f62e432
2024-09-29 22:58:01,772 [grpc-default-executor-38] INFO  impl.SnapshotInstallationHandler (SnapshotInstallationHandler.java:installSnapshot(94)) - s3@group-64B60AA06307: receive installSnapshot: s0->s3#0-t2,chunk:c6ab4ad6-62ba-4932-bb0d-05f28bcb2518,0
2024-09-29 22:58:01,772 [grpc-default-executor-37] INFO  impl.SnapshotInstallationHandler (SnapshotInstallationHandler.java:installSnapshot(94)) - s4@group-64B60AA06307: receive installSnapshot: s0->s4#0-t2,chunk:ad850f30-7aeb-4649-8b4a-d76cb1f365ed,0
2024-09-29 22:58:01,772 [grpc-default-executor-37] INFO  server.RaftServer$Division (ServerState.java:setLeader(272)) - s4@group-64B60AA06307: change Leader from s2 to null at term 2 for updateCurrentTerm
2024-09-29 22:58:01,772 [grpc-default-executor-37] TRACE util.FileUtils (LogUtils.java:supplyAndLog(69)) - Successfully supplied FileChannel.open /home/runner/work/ratis/ratis/ratis-test/target/test/data/f7ba0e94/MiniRaftClusterWithGrpcf830cfe0/s4/98f49a44-d84f-4a2d-a14b-64b60aa06307/current/raft-meta.tmp with options [CREATE, WRITE]: sun.nio.ch.FileChannelImpl@ab8e792
2024-09-29 22:58:01,773 [grpc-default-executor-37] TRACE util.FileUtils (LogUtils.java:runAndLog(49)) - Successfully ran Atomic Files.move /home/runner/work/ratis/ratis/ratis-test/target/test/data/f7ba0e94/MiniRaftClusterWithGrpcf830cfe0/s4/98f49a44-d84f-4a2d-a14b-64b60aa06307/current/raft-meta.tmp to /home/runner/work/ratis/ratis/ratis-test/target/test/data/f7ba0e94/MiniRaftClusterWithGrpcf830cfe0/s4/98f49a44-d84f-4a2d-a14b-64b60aa06307/current/raft-meta with options [REPLACE_EXISTING]
2024-09-29 22:58:01,773 [grpc-default-executor-37] INFO  server.RaftServer$Division (ServerState.java:setLeader(272)) - s4@group-64B60AA06307: change Leader from null to s0 at term 2 for installSnapshot, leader elected after 1ms
2024-09-29 22:58:01,774 [grpc-default-executor-37] INFO  impl.SnapshotInstallationHandler (SnapshotInstallationHandler.java:installSnapshotImpl(140)) - s4@group-64B60AA06307: set new configuration index: 257
configurationEntry {
  peers {
    id: "s0"
    address: "localhost:15012"
    dataStreamAddress: "localhost:15015"
    clientAddress: "localhost:15014"
    adminAddress: "localhost:15013"
    startupRole: FOLLOWER
  }
  peers {
    id: "s1"
    address: "localhost:15016"
    dataStreamAddress: "localhost:15019"
    clientAddress: "localhost:15018"
    adminAddress: "localhost:15017"
    startupRole: FOLLOWER
  }
  peers {
    id: "s2"
    address: "localhost:15020"
    dataStreamAddress: "localhost:15023"
    clientAddress: "localhost:15022"
    adminAddress: "localhost:15021"
    startupRole: FOLLOWER
  }
}
 from snapshot
2024-09-29 22:58:01,774 [grpc-default-executor-37] INFO  server.RaftServer$Division (ServerState.java:setRaftConf(386)) - s4@group-64B60AA06307: set configuration conf: {index: 257, cur=peers:[s0|localhost:15012, s1|localhost:15016, s2|localhost:15020]|listeners:[], old=null}
2024-09-29 22:58:01,774 [grpc-default-executor-37] TRACE util.FileUtils (LogUtils.java:supplyAndLog(69)) - Successfully supplied FileChannel.open /home/runner/work/ratis/ratis/ratis-test/target/test/data/f7ba0e94/MiniRaftClusterWithGrpcf830cfe0/s4/98f49a44-d84f-4a2d-a14b-64b60aa06307/current/raft-meta.conf.tmp with options [CREATE, WRITE]: sun.nio.ch.FileChannelImpl@4fba68a1
2024-09-29 22:58:01,772 [grpc-default-executor-38] INFO  server.RaftServer$Division (ServerState.java:setLeader(272)) - s3@group-64B60AA06307: change Leader from null to s0 at term 2 for installSnapshot, leader elected after 165ms
2024-09-29 22:58:01,776 [grpc-default-executor-37] TRACE util.FileUtils (LogUtils.java:runAndLog(49)) - Successfully ran Atomic Files.move /home/runner/work/ratis/ratis/ratis-test/target/test/data/f7ba0e94/MiniRaftClusterWithGrpcf830cfe0/s4/98f49a44-d84f-4a2d-a14b-64b60aa06307/current/raft-meta.conf.tmp to /home/runner/work/ratis/ratis/ratis-test/target/test/data/f7ba0e94/MiniRaftClusterWithGrpcf830cfe0/s4/98f49a44-d84f-4a2d-a14b-64b60aa06307/current/raft-meta.conf with options [REPLACE_EXISTING]
2024-09-29 22:58:01,776 [grpc-default-executor-37] INFO  impl.SnapshotInstallationHandler (SnapshotInstallationHandler.java:installSnapshot(105)) - s4@group-64B60AA06307: reply installSnapshot: s0<-s4#0:OK-t1,ALREADY_INSTALLED,requestIndex=0
2024-09-29 22:58:01,776 [grpc-default-executor-38] INFO  impl.SnapshotInstallationHandler (SnapshotInstallationHandler.java:installSnapshotImpl(140)) - s3@group-64B60AA06307: set new configuration index: 257
configurationEntry {
  peers {
    id: "s0"
    address: "localhost:15012"
    dataStreamAddress: "localhost:15015"
    clientAddress: "localhost:15014"
    adminAddress: "localhost:15013"
    startupRole: FOLLOWER
  }
  peers {
    id: "s1"
    address: "localhost:15016"
    dataStreamAddress: "localhost:15019"
    clientAddress: "localhost:15018"
    adminAddress: "localhost:15017"
    startupRole: FOLLOWER
  }
  peers {
    id: "s2"
    address: "localhost:15020"
    dataStreamAddress: "localhost:15023"
    clientAddress: "localhost:15022"
    adminAddress: "localhost:15021"
    startupRole: FOLLOWER
  }
}
 from snapshot
2024-09-29 22:58:01,777 [grpc-default-executor-38] INFO  server.RaftServer$Division (ServerState.java:setRaftConf(386)) - s3@group-64B60AA06307: set configuration conf: {index: 257, cur=peers:[s0|localhost:15012, s1|localhost:15016, s2|localhost:15020]|listeners:[], old=null}
2024-09-29 22:58:01,777 [grpc-default-executor-38] TRACE util.FileUtils (LogUtils.java:supplyAndLog(69)) - Successfully supplied FileChannel.open /home/runner/work/ratis/ratis/ratis-test/target/test/data/f7ba0e94/MiniRaftClusterWithGrpcf830cfe0/s3/98f49a44-d84f-4a2d-a14b-64b60aa06307/current/raft-meta.conf.tmp with options [CREATE, WRITE]: sun.nio.ch.FileChannelImpl@689c85ab
2024-09-29 22:58:01,777 [grpc-default-executor-37] INFO  impl.SnapshotInstallationHandler (SnapshotInstallationHandler.java:installSnapshot(94)) - s4@group-64B60AA06307: receive installSnapshot: s0->s4#0-t2,chunk:ad850f30-7aeb-4649-8b4a-d76cb1f365ed,1
2024-09-29 22:58:01,777 [grpc-default-executor-37] ERROR impl.SnapshotInstallationHandler (SnapshotInstallationHandler.java:installSnapshot(101)) - s4@group-64B60AA06307: installSnapshot failed
java.io.IOException: Snapshot request already failed at chunk index 0; ignoring request with chunk index 1
	at org.apache.ratis.server.impl.SnapshotInstallationHandler.checkAndInstallSnapshot(SnapshotInstallationHandler.java:181)
	at org.apache.ratis.server.impl.SnapshotInstallationHandler.installSnapshotImpl(SnapshotInstallationHandler.java:125)
	at org.apache.ratis.server.impl.SnapshotInstallationHandler.installSnapshot(SnapshotInstallationHandler.java:99)
	at org.apache.ratis.server.impl.RaftServerImpl.installSnapshot(RaftServerImpl.java:1688)
	at org.apache.ratis.server.impl.RaftServerProxy.installSnapshot(RaftServerProxy.java:675)
	at org.apache.ratis.grpc.server.GrpcServerProtocolService$2.process(GrpcServerProtocolService.java:349)
	at org.apache.ratis.grpc.server.GrpcServerProtocolService$2.process(GrpcServerProtocolService.java:346)
	at org.apache.ratis.grpc.server.GrpcServerProtocolService$ServerRequestStreamObserver.process(GrpcServerProtocolService.java:106)
	at org.apache.ratis.grpc.server.GrpcServerProtocolService$ServerRequestStreamObserver.onNext(GrpcServerProtocolService.java:174)
	at org.apache.ratis.thirdparty.io.grpc.stub.ServerCalls$StreamingServerCallHandler$StreamingServerCallListener.onMessage(ServerCalls.java:262)
	at org.apache.ratis.thirdparty.io.grpc.internal.ServerCallImpl$ServerStreamListenerImpl.messagesAvailableInternal(ServerCallImpl.java:329)
	at org.apache.ratis.thirdparty.io.grpc.internal.ServerCallImpl$ServerStreamListenerImpl.messagesAvailable(ServerCallImpl.java:314)
	at org.apache.ratis.thirdparty.io.grpc.internal.ServerImpl$JumpToApplicationThreadServerStreamListener$1MessagesAvailable.runInContext(ServerImpl.java:833)
	at org.apache.ratis.thirdparty.io.grpc.internal.ContextRunnable.run(ContextRunnable.java:37)
	at org.apache.ratis.thirdparty.io.grpc.internal.SerializingExecutor.run(SerializingExecutor.java:133)
	at java.util.concurrent.ThreadPoolExecutor.runWorker(ThreadPoolExecutor.java:1149)
	at java.util.concurrent.ThreadPoolExecutor$Worker.run(ThreadPoolExecutor.java:624)
	at java.lang.Thread.run(Thread.java:750)
2024-09-29 22:58:01,778 [grpc-default-executor-13] INFO  server.GrpcLogAppender (GrpcLogAppender.java:onNext(664)) - s0@group-64B60AA06307->s4-InstallSnapshotResponseHandler: received the first reply s0<-s4#0:OK-t1,ALREADY_INSTALLED,requestIndex=0
2024-09-29 22:58:01,778 [grpc-default-executor-13] INFO  server.GrpcLogAppender (GrpcLogAppender.java:onNext(685)) - s0@group-64B60AA06307->s4-InstallSnapshotResponseHandler: Follower snapshot is already at index 0.
2024-09-29 22:58:01,778 [grpc-default-executor-13] INFO  leader.FollowerInfo (FollowerInfoImpl.java:info(64)) - s0@group-64B60AA06307->s4: matchIndex: setUnconditionally -1 -> 0
2024-09-29 22:58:01,778 [grpc-default-executor-13] INFO  leader.FollowerInfo (FollowerInfoImpl.java:info(64)) - s0@group-64B60AA06307->s4: nextIndex: setUnconditionally 0 -> 1
2024-09-29 22:58:01,778 [grpc-default-executor-13] INFO  leader.FollowerInfo (FollowerInfoImpl.java:setAttemptedToInstallSnapshot(154)) - Follower s0@group-64B60AA06307->s4 acknowledged installing snapshot
2024-09-29 22:58:01,778 [grpc-default-executor-37] WARN  server.GrpcServerProtocolService (LogUtils.java:warn(123)) - s4: Failed INSTALL_SNAPSHOT request cid=0, isHeartbeat? false
java.io.IOException: Snapshot request already failed at chunk index 0; ignoring request with chunk index 1
	at org.apache.ratis.server.impl.SnapshotInstallationHandler.checkAndInstallSnapshot(SnapshotInstallationHandler.java:181)
	at org.apache.ratis.server.impl.SnapshotInstallationHandler.installSnapshotImpl(SnapshotInstallationHandler.java:125)
	at org.apache.ratis.server.impl.SnapshotInstallationHandler.installSnapshot(SnapshotInstallationHandler.java:99)
	at org.apache.ratis.server.impl.RaftServerImpl.installSnapshot(RaftServerImpl.java:1688)
	at org.apache.ratis.server.impl.RaftServerProxy.installSnapshot(RaftServerProxy.java:675)
	at org.apache.ratis.grpc.server.GrpcServerProtocolService$2.process(GrpcServerProtocolService.java:349)
	at org.apache.ratis.grpc.server.GrpcServerProtocolService$2.process(GrpcServerProtocolService.java:346)
	at org.apache.ratis.grpc.server.GrpcServerProtocolService$ServerRequestStreamObserver.process(GrpcServerProtocolService.java:106)
	at org.apache.ratis.grpc.server.GrpcServerProtocolService$ServerRequestStreamObserver.onNext(GrpcServerProtocolService.java:174)
	at org.apache.ratis.thirdparty.io.grpc.stub.ServerCalls$StreamingServerCallHandler$StreamingServerCallListener.onMessage(ServerCalls.java:262)
	at org.apache.ratis.thirdparty.io.grpc.internal.ServerCallImpl$ServerStreamListenerImpl.messagesAvailableInternal(ServerCallImpl.java:329)
	at org.apache.ratis.thirdparty.io.grpc.internal.ServerCallImpl$ServerStreamListenerImpl.messagesAvailable(ServerCallImpl.java:314)
	at org.apache.ratis.thirdparty.io.grpc.internal.ServerImpl$JumpToApplicationThreadServerStreamListener$1MessagesAvailable.runInContext(ServerImpl.java:833)
	at org.apache.ratis.thirdparty.io.grpc.internal.ContextRunnable.run(ContextRunnable.java:37)
	at org.apache.ratis.thirdparty.io.grpc.internal.SerializingExecutor.run(SerializingExecutor.java:133)
	at java.util.concurrent.ThreadPoolExecutor.runWorker(ThreadPoolExecutor.java:1149)
	at java.util.concurrent.ThreadPoolExecutor$Worker.run(ThreadPoolExecutor.java:624)
	at java.lang.Thread.run(Thread.java:750)
2024-09-29 22:58:01,778 [grpc-default-executor-13] INFO  server.GrpcLogAppender (GrpcLogAppender.java:increaseNextIndex(466)) - s0@group-64B60AA06307->s4-GrpcLogAppender: updateNextIndex 1 for ALREADY_INSTALLED
2024-09-29 22:58:01,779 [grpc-default-executor-38] TRACE util.FileUtils (LogUtils.java:runAndLog(49)) - Successfully ran Atomic Files.move /home/runner/work/ratis/ratis/ratis-test/target/test/data/f7ba0e94/MiniRaftClusterWithGrpcf830cfe0/s3/98f49a44-d84f-4a2d-a14b-64b60aa06307/current/raft-meta.conf.tmp to /home/runner/work/ratis/ratis/ratis-test/target/test/data/f7ba0e94/MiniRaftClusterWithGrpcf830cfe0/s3/98f49a44-d84f-4a2d-a14b-64b60aa06307/current/raft-meta.conf with options [REPLACE_EXISTING]
2024-09-29 22:58:01,779 [grpc-default-executor-38] INFO  impl.SnapshotInstallationHandler (SnapshotInstallationHandler.java:installSnapshot(105)) - s3@group-64B60AA06307: reply installSnapshot: s0<-s3#0:OK-t2,ALREADY_INSTALLED,requestIndex=0
2024-09-29 22:58:01,780 [grpc-default-executor-13] INFO  server.GrpcLogAppender (GrpcLogAppender.java:onNext(664)) - s0@group-64B60AA06307->s3-InstallSnapshotResponseHandler: received the first reply s0<-s3#0:OK-t2,ALREADY_INSTALLED,requestIndex=0
2024-09-29 22:58:01,780 [grpc-default-executor-13] INFO  server.GrpcLogAppender (GrpcLogAppender.java:onNext(685)) - s0@group-64B60AA06307->s3-InstallSnapshotResponseHandler: Follower snapshot is already at index 0.
2024-09-29 22:58:01,780 [grpc-default-executor-13] INFO  leader.FollowerInfo (FollowerInfoImpl.java:info(64)) - s0@group-64B60AA06307->s3: matchIndex: setUnconditionally -1 -> 0
2024-09-29 22:58:01,780 [grpc-default-executor-13] INFO  leader.FollowerInfo (FollowerInfoImpl.java:info(64)) - s0@group-64B60AA06307->s3: nextIndex: setUnconditionally 0 -> 1
2024-09-29 22:58:01,780 [grpc-default-executor-13] INFO  leader.FollowerInfo (FollowerInfoImpl.java:setAttemptedToInstallSnapshot(154)) - Follower s0@group-64B60AA06307->s3 acknowledged installing snapshot
2024-09-29 22:58:01,780 [grpc-default-executor-13] INFO  server.GrpcLogAppender (GrpcLogAppender.java:increaseNextIndex(466)) - s0@group-64B60AA06307->s3-GrpcLogAppender: updateNextIndex 1 for ALREADY_INSTALLED
2024-09-29 22:58:01,780 [grpc-default-executor-38] INFO  impl.SnapshotInstallationHandler (SnapshotInstallationHandler.java:installSnapshot(94)) - s3@group-64B60AA06307: receive installSnapshot: s0->s3#0-t2,chunk:c6ab4ad6-62ba-4932-bb0d-05f28bcb2518,1
2024-09-29 22:58:01,780 [grpc-default-executor-38] ERROR impl.SnapshotInstallationHandler (SnapshotInstallationHandler.java:installSnapshot(101)) - s3@group-64B60AA06307: installSnapshot failed
java.io.IOException: Snapshot request already failed at chunk index 0; ignoring request with chunk index 1
	at org.apache.ratis.server.impl.SnapshotInstallationHandler.checkAndInstallSnapshot(SnapshotInstallationHandler.java:181)
	at org.apache.ratis.server.impl.SnapshotInstallationHandler.installSnapshotImpl(SnapshotInstallationHandler.java:125)
	at org.apache.ratis.server.impl.SnapshotInstallationHandler.installSnapshot(SnapshotInstallationHandler.java:99)
	at org.apache.ratis.server.impl.RaftServerImpl.installSnapshot(RaftServerImpl.java:1688)
	at org.apache.ratis.server.impl.RaftServerProxy.installSnapshot(RaftServerProxy.java:675)
	at org.apache.ratis.grpc.server.GrpcServerProtocolService$2.process(GrpcServerProtocolService.java:349)
	at org.apache.ratis.grpc.server.GrpcServerProtocolService$2.process(GrpcServerProtocolService.java:346)
	at org.apache.ratis.grpc.server.GrpcServerProtocolService$ServerRequestStreamObserver.process(GrpcServerProtocolService.java:106)
	at org.apache.ratis.grpc.server.GrpcServerProtocolService$ServerRequestStreamObserver.onNext(GrpcServerProtocolService.java:174)
	at org.apache.ratis.thirdparty.io.grpc.stub.ServerCalls$StreamingServerCallHandler$StreamingServerCallListener.onMessage(ServerCalls.java:262)
	at org.apache.ratis.thirdparty.io.grpc.internal.ServerCallImpl$ServerStreamListenerImpl.messagesAvailableInternal(ServerCallImpl.java:329)
	at org.apache.ratis.thirdparty.io.grpc.internal.ServerCallImpl$ServerStreamListenerImpl.messagesAvailable(ServerCallImpl.java:314)
	at org.apache.ratis.thirdparty.io.grpc.internal.ServerImpl$JumpToApplicationThreadServerStreamListener$1MessagesAvailable.runInContext(ServerImpl.java:833)
	at org.apache.ratis.thirdparty.io.grpc.internal.ContextRunnable.run(ContextRunnable.java:37)
	at org.apache.ratis.thirdparty.io.grpc.internal.SerializingExecutor.run(SerializingExecutor.java:133)
	at java.util.concurrent.ThreadPoolExecutor.runWorker(ThreadPoolExecutor.java:1149)
	at java.util.concurrent.ThreadPoolExecutor$Worker.run(ThreadPoolExecutor.java:624)
	at java.lang.Thread.run(Thread.java:750)
2024-09-29 22:58:01,781 [grpc-default-executor-38] WARN  server.GrpcServerProtocolService (LogUtils.java:warn(123)) - s3: Failed INSTALL_SNAPSHOT request cid=0, isHeartbeat? false
java.io.IOException: Snapshot request already failed at chunk index 0; ignoring request with chunk index 1
	at org.apache.ratis.server.impl.SnapshotInstallationHandler.checkAndInstallSnapshot(SnapshotInstallationHandler.java:181)
	at org.apache.ratis.server.impl.SnapshotInstallationHandler.installSnapshotImpl(SnapshotInstallationHandler.java:125)
	at org.apache.ratis.server.impl.SnapshotInstallationHandler.installSnapshot(SnapshotInstallationHandler.java:99)
	at org.apache.ratis.server.impl.RaftServerImpl.installSnapshot(RaftServerImpl.java:1688)
	at org.apache.ratis.server.impl.RaftServerProxy.installSnapshot(RaftServerProxy.java:675)
	at org.apache.ratis.grpc.server.GrpcServerProtocolService$2.process(GrpcServerProtocolService.java:349)
	at org.apache.ratis.grpc.server.GrpcServerProtocolService$2.process(GrpcServerProtocolService.java:346)
	at org.apache.ratis.grpc.server.GrpcServerProtocolService$ServerRequestStreamObserver.process(GrpcServerProtocolService.java:106)
	at org.apache.ratis.grpc.server.GrpcServerProtocolService$ServerRequestStreamObserver.onNext(GrpcServerProtocolService.java:174)
	at org.apache.ratis.thirdparty.io.grpc.stub.ServerCalls$StreamingServerCallHandler$StreamingServerCallListener.onMessage(ServerCalls.java:262)
	at org.apache.ratis.thirdparty.io.grpc.internal.ServerCallImpl$ServerStreamListenerImpl.messagesAvailableInternal(ServerCallImpl.java:329)
	at org.apache.ratis.thirdparty.io.grpc.internal.ServerCallImpl$ServerStreamListenerImpl.messagesAvailable(ServerCallImpl.java:314)
	at org.apache.ratis.thirdparty.io.grpc.internal.ServerImpl$JumpToApplicationThreadServerStreamListener$1MessagesAvailable.runInContext(ServerImpl.java:833)
	at org.apache.ratis.thirdparty.io.grpc.internal.ContextRunnable.run(ContextRunnable.java:37)
	at org.apache.ratis.thirdparty.io.grpc.internal.SerializingExecutor.run(SerializingExecutor.java:133)
	at java.util.concurrent.ThreadPoolExecutor.runWorker(ThreadPoolExecutor.java:1149)
	at java.util.concurrent.ThreadPoolExecutor$Worker.run(ThreadPoolExecutor.java:624)
	at java.lang.Thread.run(Thread.java:750)
2024-09-29 22:58:01,797 [grpc-default-executor-38] WARN  server.GrpcLogAppender (LogUtils.java:warn(123)) - s0@group-64B60AA06307->s3-InstallSnapshotResponseHandler: Failed InstallSnapshot
java.io.IOException: Snapshot request already failed at chunk index 0; ignoring request with chunk index 1
	at org.apache.ratis.server.impl.SnapshotInstallationHandler.checkAndInstallSnapshot(SnapshotInstallationHandler.java:181)
	at org.apache.ratis.server.impl.SnapshotInstallationHandler.installSnapshotImpl(SnapshotInstallationHandler.java:125)
	at org.apache.ratis.server.impl.SnapshotInstallationHandler.installSnapshot(SnapshotInstallationHandler.java:99)
	at org.apache.ratis.server.impl.RaftServerImpl.installSnapshot(RaftServerImpl.java:1688)
	at org.apache.ratis.server.impl.RaftServerProxy.installSnapshot(RaftServerProxy.java:675)
	at org.apache.ratis.grpc.server.GrpcServerProtocolService$2.process(GrpcServerProtocolService.java:349)
	at org.apache.ratis.grpc.server.GrpcServerProtocolService$2.process(GrpcServerProtocolService.java:346)
	at org.apache.ratis.grpc.server.GrpcServerProtocolService$ServerRequestStreamObserver.process(GrpcServerProtocolService.java:106)
	at org.apache.ratis.grpc.server.GrpcServerProtocolService$ServerRequestStreamObserver.onNext(GrpcServerProtocolService.java:174)
	at org.apache.ratis.thirdparty.io.grpc.stub.ServerCalls$StreamingServerCallHandler$StreamingServerCallListener.onMessage(ServerCalls.java:262)
	at org.apache.ratis.thirdparty.io.grpc.internal.ServerCallImpl$ServerStreamListenerImpl.messagesAvailableInternal(ServerCallImpl.java:329)
	at org.apache.ratis.thirdparty.io.grpc.internal.ServerCallImpl$ServerStreamListenerImpl.messagesAvailable(ServerCallImpl.java:314)
	at org.apache.ratis.thirdparty.io.grpc.internal.ServerImpl$JumpToApplicationThreadServerStreamListener$1MessagesAvailable.runInContext(ServerImpl.java:833)
	at org.apache.ratis.thirdparty.io.grpc.internal.ContextRunnable.run(ContextRunnable.java:37)
	at org.apache.ratis.thirdparty.io.grpc.internal.SerializingExecutor.run(SerializingExecutor.java:133)
	at java.util.concurrent.ThreadPoolExecutor.runWorker(ThreadPoolExecutor.java:1149)
	at java.util.concurrent.ThreadPoolExecutor$Worker.run(ThreadPoolExecutor.java:624)
	at java.lang.Thread.run(Thread.java:750)
2024-09-29 22:58:01,799 [grpc-default-executor-38] WARN  server.GrpcLogAppender (GrpcLogAppender.java:lambda$resetClient$1(221)) - s0@group-64B60AA06307->s3-GrpcLogAppender: Follower failed (request=null, errorCount=1); keep nextIndex (1) unchanged and retry.
2024-09-29 22:58:01,800 [grpc-default-executor-37] WARN  server.GrpcLogAppender (LogUtils.java:warn(123)) - s0@group-64B60AA06307->s4-InstallSnapshotResponseHandler: Failed InstallSnapshot
java.io.IOException: Snapshot request already failed at chunk index 0; ignoring request with chunk index 1
	at org.apache.ratis.server.impl.SnapshotInstallationHandler.checkAndInstallSnapshot(SnapshotInstallationHandler.java:181)
	at org.apache.ratis.server.impl.SnapshotInstallationHandler.installSnapshotImpl(SnapshotInstallationHandler.java:125)
	at org.apache.ratis.server.impl.SnapshotInstallationHandler.installSnapshot(SnapshotInstallationHandler.java:99)
	at org.apache.ratis.server.impl.RaftServerImpl.installSnapshot(RaftServerImpl.java:1688)
	at org.apache.ratis.server.impl.RaftServerProxy.installSnapshot(RaftServerProxy.java:675)
	at org.apache.ratis.grpc.server.GrpcServerProtocolService$2.process(GrpcServerProtocolService.java:349)
	at org.apache.ratis.grpc.server.GrpcServerProtocolService$2.process(GrpcServerProtocolService.java:346)
	at org.apache.ratis.grpc.server.GrpcServerProtocolService$ServerRequestStreamObserver.process(GrpcServerProtocolService.java:106)
	at org.apache.ratis.grpc.server.GrpcServerProtocolService$ServerRequestStreamObserver.onNext(GrpcServerProtocolService.java:174)
	at org.apache.ratis.thirdparty.io.grpc.stub.ServerCalls$StreamingServerCallHandler$StreamingServerCallListener.onMessage(ServerCalls.java:262)
	at org.apache.ratis.thirdparty.io.grpc.internal.ServerCallImpl$ServerStreamListenerImpl.messagesAvailableInternal(ServerCallImpl.java:329)
	at org.apache.ratis.thirdparty.io.grpc.internal.ServerCallImpl$ServerStreamListenerImpl.messagesAvailable(ServerCallImpl.java:314)
	at org.apache.ratis.thirdparty.io.grpc.internal.ServerImpl$JumpToApplicationThreadServerStreamListener$1MessagesAvailable.runInContext(ServerImpl.java:833)
	at org.apache.ratis.thirdparty.io.grpc.internal.ContextRunnable.run(ContextRunnable.java:37)
	at org.apache.ratis.thirdparty.io.grpc.internal.SerializingExecutor.run(SerializingExecutor.java:133)
	at java.util.concurrent.ThreadPoolExecutor.runWorker(ThreadPoolExecutor.java:1149)
	at java.util.concurrent.ThreadPoolExecutor$Worker.run(ThreadPoolExecutor.java:624)
	at java.lang.Thread.run(Thread.java:750)
2024-09-29 22:58:01,801 [grpc-default-executor-37] WARN  server.GrpcLogAppender (GrpcLogAppender.java:lambda$resetClient$1(221)) - s0@group-64B60AA06307->s4-GrpcLogAppender: Follower failed (request=null, errorCount=1); keep nextIndex (1) unchanged and retry.
2024-09-29 22:58:01,802 [s3-server-thread2] INFO  server.RaftServer$Division (RaftServerImpl.java:checkInconsistentAppendEntries(1679)) - s3@group-64B60AA06307: Failed appendEntries as previous log entry ((t:1, i:0)) is not found
2024-09-29 22:58:01,802 [s3-server-thread2] INFO  server.RaftServer$Division (RaftServerImpl.java:appendEntriesAsync(1611)) - s3@group-64B60AA06307: appendEntries* reply s0<-s3#0:FAIL-t2,INCONSISTENCY,nextIndex=0,followerCommit=256,matchIndex=-1
2024-09-29 22:58:01,803 [grpc-default-executor-38] WARN  server.GrpcLogAppender (GrpcLogAppender.java:onNextImpl(528)) - s0@group-64B60AA06307->s3-AppendLogResponseHandler: received INCONSISTENCY reply with nextIndex 0, errorCount=2, request=AppendEntriesRequest:cid=0,entriesCount=0
2024-09-29 22:58:01,806 [s4-server-thread2] INFO  server.RaftServer$Division (RaftServerImpl.java:checkInconsistentAppendEntries(1679)) - s4@group-64B60AA06307: Failed appendEntries as previous log entry ((t:1, i:0)) is not found
2024-09-29 22:58:01,806 [s4-server-thread2] INFO  server.RaftServer$Division (RaftServerImpl.java:appendEntriesAsync(1611)) - s4@group-64B60AA06307: appendEntries* reply s0<-s4#0:FAIL-t2,INCONSISTENCY,nextIndex=0,followerCommit=256,matchIndex=-1
2024-09-29 22:58:01,808 [grpc-default-executor-37] WARN  server.GrpcLogAppender (GrpcLogAppender.java:onNextImpl(528)) - s0@group-64B60AA06307->s4-AppendLogResponseHandler: received INCONSISTENCY reply with nextIndex 0, errorCount=2, request=AppendEntriesRequest:cid=0,entriesCount=0
2024-09-29 22:58:01,810 [s4-server-thread2] INFO  server.RaftServer$Division (RaftServerImpl.java:checkInconsistentAppendEntries(1669)) - s4@group-64B60AA06307: Failed appendEntries as the first entry (index 1) already exists (snapshotIndex: 255, commitIndex: 256)
2024-09-29 22:58:01,810 [s4-server-thread2] INFO  server.RaftServer$Division (RaftServerImpl.java:appendEntriesAsync(1611)) - s4@group-64B60AA06307: appendEntries* reply s0<-s4#1:FAIL-t2,INCONSISTENCY,nextIndex=257,followerCommit=256,matchIndex=-1
2024-09-29 22:58:01,811 [grpc-default-executor-38] INFO  leader.FollowerInfo (FollowerInfoImpl.java:info(70)) - s0@group-64B60AA06307->s3: setNextIndex nextIndex: updateUnconditionally 259 -> 1
2024-09-29 22:58:01,811 [s3-server-thread2] INFO  server.RaftServer$Division (RaftServerImpl.java:checkInconsistentAppendEntries(1669)) - s3@group-64B60AA06307: Failed appendEntries as the first entry (index 1) already exists (snapshotIndex: 255, commitIndex: 256)
2024-09-29 22:58:01,811 [s3-server-thread2] INFO  server.RaftServer$Division (RaftServerImpl.java:appendEntriesAsync(1611)) - s3@group-64B60AA06307: appendEntries* reply s0<-s3#1:FAIL-t2,INCONSISTENCY,nextIndex=257,followerCommit=256,matchIndex=-1
2024-09-29 22:58:01,813 [grpc-default-executor-37] INFO  leader.FollowerInfo (FollowerInfoImpl.java:info(70)) - s0@group-64B60AA06307->s4: setNextIndex nextIndex: updateUnconditionally 259 -> 1
2024-09-29 22:58:01,813 [grpc-default-executor-13] WARN  server.GrpcLogAppender (GrpcLogAppender.java:onNextImpl(528)) - s0@group-64B60AA06307->s3-AppendLogResponseHandler: received INCONSISTENCY reply with nextIndex 257, errorCount=3, request=null
2024-09-29 22:58:01,814 [grpc-default-executor-13] INFO  leader.FollowerInfo (FollowerInfoImpl.java:info(70)) - s0@group-64B60AA06307->s3: setNextIndex nextIndex: updateUnconditionally 259 -> 257
2024-09-29 22:58:01,816 [s3-server-thread2] INFO  server.RaftServer$Division (RaftServerImpl.java:checkInconsistentAppendEntries(1669)) - s3@group-64B60AA06307: Failed appendEntries as the first entry (index 1) already exists (snapshotIndex: 255, commitIndex: 256)
2024-09-29 22:58:01,816 [s3-server-thread2] INFO  server.RaftServer$Division (RaftServerImpl.java:appendEntriesAsync(1611)) - s3@group-64B60AA06307: appendEntries* reply s0<-s3#2:FAIL-t2,INCONSISTENCY,nextIndex=257,followerCommit=256,matchIndex=-1
2024-09-29 22:58:01,816 [grpc-default-executor-38] WARN  server.GrpcLogAppender (GrpcLogAppender.java:onNextImpl(528)) - s0@group-64B60AA06307->s3-AppendLogResponseHandler: received INCONSISTENCY reply with nextIndex 257, errorCount=4, request=null
2024-09-29 22:58:01,817 [s4-server-thread2] INFO  server.RaftServer$Division (RaftServerImpl.java:checkInconsistentAppendEntries(1669)) - s4@group-64B60AA06307: Failed appendEntries as the first entry (index 1) already exists (snapshotIndex: 255, commitIndex: 256)
2024-09-29 22:58:01,817 [s4-server-thread2] INFO  server.RaftServer$Division (RaftServerImpl.java:appendEntriesAsync(1611)) - s4@group-64B60AA06307: appendEntries* reply s0<-s4#2:FAIL-t2,INCONSISTENCY,nextIndex=257,followerCommit=256,matchIndex=-1
2024-09-29 22:58:01,818 [grpc-default-executor-37] WARN  server.GrpcLogAppender (GrpcLogAppender.java:onNextImpl(528)) - s0@group-64B60AA06307->s4-AppendLogResponseHandler: received INCONSISTENCY reply with nextIndex 257, errorCount=3, request=null
2024-09-29 22:58:01,818 [grpc-default-executor-37] INFO  leader.FollowerInfo (FollowerInfoImpl.java:info(70)) - s0@group-64B60AA06307->s4: setNextIndex nextIndex: updateUnconditionally 259 -> 257
2024-09-29 22:58:01,819 [s3-server-thread2] INFO  server.RaftServer$Division (ServerState.java:setRaftConf(386)) - s3@group-64B60AA06307: set configuration conf: {index: 257, cur=peers:[s0|localhost:15012, s1|localhost:15016, s2|localhost:15020]|listeners:[], old=null}
2024-09-29 22:58:01,819 [grpc-default-executor-37] WARN  server.GrpcLogAppender (GrpcLogAppender.java:onNextImpl(528)) - s0@group-64B60AA06307->s4-AppendLogResponseHandler: received INCONSISTENCY reply with nextIndex 257, errorCount=4, request=null
2024-09-29 22:58:01,819 [grpc-default-executor-37] INFO  leader.FollowerInfo (FollowerInfoImpl.java:info(70)) - s0@group-64B60AA06307->s4: setNextIndex nextIndex: updateUnconditionally 259 -> 257
2024-09-29 22:58:01,821 [s3-server-thread2] INFO  segmented.SegmentedRaftLogWorker (SegmentedRaftLogWorker.java:truncate(455)) - s3@group-64B60AA06307-SegmentedRaftLogWorker: Truncating segments toTruncate: (256, 257) isOpen? true, length=23, newEndIndex=256
  toDelete: [], start index 257
2024-09-29 22:58:01,821 [s4-server-thread2] INFO  server.RaftServer$Division (ServerState.java:setRaftConf(386)) - s4@group-64B60AA06307: set configuration conf: {index: 257, cur=peers:[s0|localhost:15012, s1|localhost:15016, s2|localhost:15020]|listeners:[], old=null}
2024-09-29 22:58:01,821 [s4-server-thread2] INFO  segmented.SegmentedRaftLogWorker (SegmentedRaftLogWorker.java:rollLogSegment(443)) - s4@group-64B60AA06307-SegmentedRaftLogWorker: Rolling segment log-256_256 to index:256
2024-09-29 22:58:01,821 [s3-server-thread2] INFO  segmented.SegmentedRaftLogWorker (SegmentedRaftLogWorker.java:startLogSegment(438)) - s3@group-64B60AA06307-SegmentedRaftLogWorker: Starting segment from index:257
2024-09-29 22:58:01,823 [s4@group-64B60AA06307-SegmentedRaftLogWorker] TRACE util.FileUtils (LogUtils.java:runAndLog(49)) - Successfully ran Atomic Files.move /home/runner/work/ratis/ratis/ratis-test/target/test/data/f7ba0e94/MiniRaftClusterWithGrpcf830cfe0/s4/98f49a44-d84f-4a2d-a14b-64b60aa06307/current/log_inprogress_256 to /home/runner/work/ratis/ratis/ratis-test/target/test/data/f7ba0e94/MiniRaftClusterWithGrpcf830cfe0/s4/98f49a44-d84f-4a2d-a14b-64b60aa06307/current/log_256-256
2024-09-29 22:58:01,823 [s4@group-64B60AA06307-SegmentedRaftLogWorker] INFO  segmented.SegmentedRaftLogWorker (SegmentedRaftLogWorker.java:execute(617)) - s4@group-64B60AA06307-SegmentedRaftLogWorker: Rolled log segment from /home/runner/work/ratis/ratis/ratis-test/target/test/data/f7ba0e94/MiniRaftClusterWithGrpcf830cfe0/s4/98f49a44-d84f-4a2d-a14b-64b60aa06307/current/log_inprogress_256 to /home/runner/work/ratis/ratis/ratis-test/target/test/data/f7ba0e94/MiniRaftClusterWithGrpcf830cfe0/s4/98f49a44-d84f-4a2d-a14b-64b60aa06307/current/log_256-256
2024-09-29 22:58:01,823 [s4@group-64B60AA06307-SegmentedRaftLogWorker] INFO  segmented.BufferedWriteChannel (BufferedWriteChannel.java:open(61)) - open log_inprogress_257 at position 0
2024-09-29 22:58:01,823 [s3@group-64B60AA06307-SegmentedRaftLogWorker] TRACE util.FileUtils (LogUtils.java:runAndLog(49)) - Successfully ran FileChannel.truncate /home/runner/work/ratis/ratis/ratis-test/target/test/data/f7ba0e94/MiniRaftClusterWithGrpcf830cfe0/s3/98f49a44-d84f-4a2d-a14b-64b60aa06307/current/log_inprogress_256 length: 599 -> 23
2024-09-29 22:58:01,823 [s3@group-64B60AA06307-SegmentedRaftLogWorker] TRACE util.FileUtils (LogUtils.java:runAndLog(49)) - Successfully ran Atomic Files.move /home/runner/work/ratis/ratis/ratis-test/target/test/data/f7ba0e94/MiniRaftClusterWithGrpcf830cfe0/s3/98f49a44-d84f-4a2d-a14b-64b60aa06307/current/log_inprogress_256 to /home/runner/work/ratis/ratis/ratis-test/target/test/data/f7ba0e94/MiniRaftClusterWithGrpcf830cfe0/s3/98f49a44-d84f-4a2d-a14b-64b60aa06307/current/log_256-256
2024-09-29 22:58:01,824 [s3@group-64B60AA06307-SegmentedRaftLogWorker] INFO  segmented.SegmentedRaftLogWorker (SegmentedRaftLogWorker.java:execute(715)) - s3@group-64B60AA06307-SegmentedRaftLogWorker: Truncated log file /home/runner/work/ratis/ratis/ratis-test/target/test/data/f7ba0e94/MiniRaftClusterWithGrpcf830cfe0/s3/98f49a44-d84f-4a2d-a14b-64b60aa06307/current/log_inprogress_256 to length 23 and moved it to /home/runner/work/ratis/ratis/ratis-test/target/test/data/f7ba0e94/MiniRaftClusterWithGrpcf830cfe0/s3/98f49a44-d84f-4a2d-a14b-64b60aa06307/current/log_256-256
2024-09-29 22:58:01,824 [s3@group-64B60AA06307-SegmentedRaftLogWorker] INFO  segmented.SegmentedRaftLogWorker (SegmentedRaftLogWorker.java:lambda$new$0(138)) - s3@group-64B60AA06307-SegmentedRaftLogWorker: flushIndex: setUnconditionally 257 -> 256
2024-09-29 22:58:01,824 [s3@group-64B60AA06307-SegmentedRaftLogWorker] INFO  segmented.SegmentedRaftLogWorker (SegmentedRaftLogWorker.java:lambda$new$0(138)) - s3@group-64B60AA06307-SegmentedRaftLogWorker: safeCacheEvictIndex: setUnconditionally 255 -> 256
2024-09-29 22:58:01,824 [s3@group-64B60AA06307-SegmentedRaftLogWorker] INFO  segmented.BufferedWriteChannel (BufferedWriteChannel.java:open(61)) - open log_inprogress_257 at position 0
2024-09-29 22:58:01,825 [s4-server-thread2] INFO  server.RaftServer$Division (ServerState.java:setRaftConf(386)) - s4@group-64B60AA06307: set configuration conf: {index: 257, cur=peers:[s0|localhost:15012, s1|localhost:15016, s2|localhost:15020]|listeners:[], old=null}
2024-09-29 22:58:01,837 [s4@group-64B60AA06307-SegmentedRaftLogWorker] INFO  segmented.SegmentedRaftLogWorker (SegmentedRaftLogWorker.java:execute(660)) - s4@group-64B60AA06307-SegmentedRaftLogWorker: created new log segment /home/runner/work/ratis/ratis/ratis-test/target/test/data/f7ba0e94/MiniRaftClusterWithGrpcf830cfe0/s4/98f49a44-d84f-4a2d-a14b-64b60aa06307/current/log_inprogress_257
2024-09-29 22:58:01,837 [s3@group-64B60AA06307-SegmentedRaftLogWorker] INFO  segmented.SegmentedRaftLogWorker (SegmentedRaftLogWorker.java:execute(660)) - s3@group-64B60AA06307-SegmentedRaftLogWorker: created new log segment /home/runner/work/ratis/ratis/ratis-test/target/test/data/f7ba0e94/MiniRaftClusterWithGrpcf830cfe0/s3/98f49a44-d84f-4a2d-a14b-64b60aa06307/current/log_inprogress_257
2024-09-29 22:58:01,837 [s4@group-64B60AA06307-StateMachineUpdater] TRACE util.FileUtils (LogUtils.java:supplyAndLog(69)) - Successfully supplied FileChannel.open /home/runner/work/ratis/ratis/ratis-test/target/test/data/f7ba0e94/MiniRaftClusterWithGrpcf830cfe0/s4/98f49a44-d84f-4a2d-a14b-64b60aa06307/current/raft-meta.conf.tmp with options [CREATE, WRITE]: sun.nio.ch.FileChannelImpl@2f31450d
2024-09-29 22:58:01,838 [s0@group-64B60AA06307-LeaderStateImpl] INFO  server.RaftServer$Division (ServerState.java:setRaftConf(386)) - s0@group-64B60AA06307: set configuration conf: {index: 259, cur=peers:[s3|0.0.0.0:15024, s4|0.0.0.0:15025, s0|localhost:15012, s1|localhost:15016, s2|localhost:15020]|listeners:[], old=peers:[s0|localhost:15012, s1|localhost:15016, s2|localhost:15020]|listeners:[]}
2024-09-29 22:58:01,840 [s3-server-thread2] INFO  server.RaftServer$Division (ServerState.java:setRaftConf(386)) - s3@group-64B60AA06307: set configuration conf: {index: 259, cur=peers:[s3|0.0.0.0:15024, s4|0.0.0.0:15025, s0|localhost:15012, s1|localhost:15016, s2|localhost:15020]|listeners:[], old=peers:[s0|localhost:15012, s1|localhost:15016, s2|localhost:15020]|listeners:[]}
2024-09-29 22:58:01,843 [s4-server-thread1] INFO  impl.RoleInfo (RoleInfo.java:updateAndGet(148)) - s4: start s4@group-64B60AA06307-FollowerState
2024-09-29 22:58:01,843 [s4@group-64B60AA06307-StateMachineUpdater] TRACE util.FileUtils (LogUtils.java:runAndLog(49)) - Successfully ran Atomic Files.move /home/runner/work/ratis/ratis/ratis-test/target/test/data/f7ba0e94/MiniRaftClusterWithGrpcf830cfe0/s4/98f49a44-d84f-4a2d-a14b-64b60aa06307/current/raft-meta.conf.tmp to /home/runner/work/ratis/ratis/ratis-test/target/test/data/f7ba0e94/MiniRaftClusterWithGrpcf830cfe0/s4/98f49a44-d84f-4a2d-a14b-64b60aa06307/current/raft-meta.conf with options [REPLACE_EXISTING]
2024-09-29 22:58:01,843 [s1-server-thread3] INFO  server.RaftServer$Division (ServerState.java:setRaftConf(386)) - s1@group-64B60AA06307: set configuration conf: {index: 259, cur=peers:[s3|0.0.0.0:15024, s4|0.0.0.0:15025, s0|localhost:15012, s1|localhost:15016, s2|localhost:15020]|listeners:[], old=peers:[s0|localhost:15012, s1|localhost:15016, s2|localhost:15020]|listeners:[]}
2024-09-29 22:58:01,844 [s3@group-64B60AA06307-StateMachineUpdater] TRACE util.FileUtils (LogUtils.java:supplyAndLog(69)) - Successfully supplied FileChannel.open /home/runner/work/ratis/ratis/ratis-test/target/test/data/f7ba0e94/MiniRaftClusterWithGrpcf830cfe0/s3/98f49a44-d84f-4a2d-a14b-64b60aa06307/current/raft-meta.conf.tmp with options [CREATE, WRITE]: sun.nio.ch.FileChannelImpl@4a7ecce3
2024-09-29 22:58:01,846 [s3@group-64B60AA06307-StateMachineUpdater] TRACE util.FileUtils (LogUtils.java:runAndLog(49)) - Successfully ran Atomic Files.move /home/runner/work/ratis/ratis/ratis-test/target/test/data/f7ba0e94/MiniRaftClusterWithGrpcf830cfe0/s3/98f49a44-d84f-4a2d-a14b-64b60aa06307/current/raft-meta.conf.tmp to /home/runner/work/ratis/ratis/ratis-test/target/test/data/f7ba0e94/MiniRaftClusterWithGrpcf830cfe0/s3/98f49a44-d84f-4a2d-a14b-64b60aa06307/current/raft-meta.conf with options [REPLACE_EXISTING]
2024-09-29 22:58:01,846 [s0@group-64B60AA06307-LeaderStateImpl] INFO  server.RaftServer$Division (ServerState.java:setRaftConf(386)) - s0@group-64B60AA06307: set configuration conf: {index: 261, cur=peers:[s3|0.0.0.0:15024, s4|0.0.0.0:15025, s0|localhost:15012, s1|localhost:15016, s2|localhost:15020]|listeners:[], old=null}
2024-09-29 22:58:01,846 [s0@group-64B60AA06307-StateMachineUpdater] TRACE util.FileUtils (LogUtils.java:supplyAndLog(69)) - Successfully supplied FileChannel.open /home/runner/work/ratis/ratis/ratis-test/target/test/data/f7ba0e94/MiniRaftClusterWithGrpcf830cfe0/s0/98f49a44-d84f-4a2d-a14b-64b60aa06307/current/raft-meta.conf.tmp with options [CREATE, WRITE]: sun.nio.ch.FileChannelImpl@43e772a
2024-09-29 22:58:01,850 [s3-server-thread2] INFO  server.RaftServer$Division (ServerState.java:setRaftConf(386)) - s3@group-64B60AA06307: set configuration conf: {index: 261, cur=peers:[s3|0.0.0.0:15024, s4|0.0.0.0:15025, s0|localhost:15012, s1|localhost:15016, s2|localhost:15020]|listeners:[], old=null}
2024-09-29 22:58:01,851 [s0@group-64B60AA06307-StateMachineUpdater] TRACE util.FileUtils (LogUtils.java:runAndLog(49)) - Successfully ran Atomic Files.move /home/runner/work/ratis/ratis/ratis-test/target/test/data/f7ba0e94/MiniRaftClusterWithGrpcf830cfe0/s0/98f49a44-d84f-4a2d-a14b-64b60aa06307/current/raft-meta.conf.tmp to /home/runner/work/ratis/ratis/ratis-test/target/test/data/f7ba0e94/MiniRaftClusterWithGrpcf830cfe0/s0/98f49a44-d84f-4a2d-a14b-64b60aa06307/current/raft-meta.conf with options [REPLACE_EXISTING]
2024-09-29 22:58:01,850 [s1-server-thread3] INFO  server.RaftServer$Division (ServerState.java:setRaftConf(386)) - s1@group-64B60AA06307: set configuration conf: {index: 261, cur=peers:[s3|0.0.0.0:15024, s4|0.0.0.0:15025, s0|localhost:15012, s1|localhost:15016, s2|localhost:15020]|listeners:[], old=null}
2024-09-29 22:58:01,851 [s1@group-64B60AA06307-StateMachineUpdater] TRACE util.FileUtils (LogUtils.java:supplyAndLog(69)) - Successfully supplied FileChannel.open /home/runner/work/ratis/ratis/ratis-test/target/test/data/f7ba0e94/MiniRaftClusterWithGrpcf830cfe0/s1/98f49a44-d84f-4a2d-a14b-64b60aa06307/current/raft-meta.conf.tmp with options [CREATE, WRITE]: sun.nio.ch.FileChannelImpl@6b7a77d3
2024-09-29 22:58:01,852 [s3@group-64B60AA06307-StateMachineUpdater] TRACE util.FileUtils (LogUtils.java:supplyAndLog(69)) - Successfully supplied FileChannel.open /home/runner/work/ratis/ratis/ratis-test/target/test/data/f7ba0e94/MiniRaftClusterWithGrpcf830cfe0/s3/98f49a44-d84f-4a2d-a14b-64b60aa06307/current/raft-meta.conf.tmp with options [CREATE, WRITE]: sun.nio.ch.FileChannelImpl@44b93bdc
2024-09-29 22:58:01,855 [s1@group-64B60AA06307-StateMachineUpdater] TRACE util.FileUtils (LogUtils.java:runAndLog(49)) - Successfully ran Atomic Files.move /home/runner/work/ratis/ratis/ratis-test/target/test/data/f7ba0e94/MiniRaftClusterWithGrpcf830cfe0/s1/98f49a44-d84f-4a2d-a14b-64b60aa06307/current/raft-meta.conf.tmp to /home/runner/work/ratis/ratis/ratis-test/target/test/data/f7ba0e94/MiniRaftClusterWithGrpcf830cfe0/s1/98f49a44-d84f-4a2d-a14b-64b60aa06307/current/raft-meta.conf with options [REPLACE_EXISTING]
2024-09-29 22:58:01,855 [s4-server-thread1] INFO  server.RaftServer$Division (ServerState.java:setRaftConf(386)) - s4@group-64B60AA06307: set configuration conf: {index: 259, cur=peers:[s3|0.0.0.0:15024, s4|0.0.0.0:15025, s0|localhost:15012, s1|localhost:15016, s2|localhost:15020]|listeners:[], old=peers:[s0|localhost:15012, s1|localhost:15016, s2|localhost:15020]|listeners:[]}
2024-09-29 22:58:01,857 [main] INFO  util.CodeInjectionForTesting (BlockRequestHandlingInjection.java:unblockRequestor(54)) - UnBlock requestor s2
2024-09-29 22:58:01,858 [s4@group-64B60AA06307-StateMachineUpdater] TRACE util.FileUtils (LogUtils.java:supplyAndLog(69)) - Successfully supplied FileChannel.open /home/runner/work/ratis/ratis/ratis-test/target/test/data/f7ba0e94/MiniRaftClusterWithGrpcf830cfe0/s4/98f49a44-d84f-4a2d-a14b-64b60aa06307/current/raft-meta.conf.tmp with options [CREATE, WRITE]: sun.nio.ch.FileChannelImpl@21f6ae9b
2024-09-29 22:58:01,860 [s0@group-64B60AA06307-StateMachineUpdater] TRACE util.FileUtils (LogUtils.java:supplyAndLog(69)) - Successfully supplied FileChannel.open /home/runner/work/ratis/ratis/ratis-test/target/test/data/f7ba0e94/MiniRaftClusterWithGrpcf830cfe0/s0/98f49a44-d84f-4a2d-a14b-64b60aa06307/current/raft-meta.conf.tmp with options [CREATE, WRITE]: sun.nio.ch.FileChannelImpl@413cf9c9
2024-09-29 22:58:01,860 [s3@group-64B60AA06307-StateMachineUpdater] TRACE util.FileUtils (LogUtils.java:runAndLog(49)) - Successfully ran Atomic Files.move /home/runner/work/ratis/ratis/ratis-test/target/test/data/f7ba0e94/MiniRaftClusterWithGrpcf830cfe0/s3/98f49a44-d84f-4a2d-a14b-64b60aa06307/current/raft-meta.conf.tmp to /home/runner/work/ratis/ratis/ratis-test/target/test/data/f7ba0e94/MiniRaftClusterWithGrpcf830cfe0/s3/98f49a44-d84f-4a2d-a14b-64b60aa06307/current/raft-meta.conf with options [REPLACE_EXISTING]
2024-09-29 22:58:01,860 [s3@group-64B60AA06307-StateMachineUpdater] TRACE util.FileUtils (LogUtils.java:supplyAndLog(69)) - Successfully supplied FileChannel.open /home/runner/work/ratis/ratis/ratis-test/target/test/data/f7ba0e94/MiniRaftClusterWithGrpcf830cfe0/s3/98f49a44-d84f-4a2d-a14b-64b60aa06307/current/raft-meta.conf.tmp with options [CREATE, WRITE]: sun.nio.ch.FileChannelImpl@4086a793
2024-09-29 22:58:01,861 [s4-server-thread1] INFO  server.RaftServer$Division (ServerState.java:setRaftConf(386)) - s4@group-64B60AA06307: set configuration conf: {index: 261, cur=peers:[s3|0.0.0.0:15024, s4|0.0.0.0:15025, s0|localhost:15012, s1|localhost:15016, s2|localhost:15020]|listeners:[], old=null}
2024-09-29 22:58:01,866 [s1@group-64B60AA06307-StateMachineUpdater] TRACE util.FileUtils (LogUtils.java:supplyAndLog(69)) - Successfully supplied FileChannel.open /home/runner/work/ratis/ratis/ratis-test/target/test/data/f7ba0e94/MiniRaftClusterWithGrpcf830cfe0/s1/98f49a44-d84f-4a2d-a14b-64b60aa06307/current/raft-meta.conf.tmp with options [CREATE, WRITE]: sun.nio.ch.FileChannelImpl@2e78e4d8
2024-09-29 22:58:01,867 [s0@group-64B60AA06307-StateMachineUpdater] TRACE util.FileUtils (LogUtils.java:runAndLog(49)) - Successfully ran Atomic Files.move /home/runner/work/ratis/ratis/ratis-test/target/test/data/f7ba0e94/MiniRaftClusterWithGrpcf830cfe0/s0/98f49a44-d84f-4a2d-a14b-64b60aa06307/current/raft-meta.conf.tmp to /home/runner/work/ratis/ratis/ratis-test/target/test/data/f7ba0e94/MiniRaftClusterWithGrpcf830cfe0/s0/98f49a44-d84f-4a2d-a14b-64b60aa06307/current/raft-meta.conf with options [REPLACE_EXISTING]
2024-09-29 22:58:01,867 [s3@group-64B60AA06307-StateMachineUpdater] TRACE util.FileUtils (LogUtils.java:runAndLog(49)) - Successfully ran Atomic Files.move /home/runner/work/ratis/ratis/ratis-test/target/test/data/f7ba0e94/MiniRaftClusterWithGrpcf830cfe0/s3/98f49a44-d84f-4a2d-a14b-64b60aa06307/current/raft-meta.conf.tmp to /home/runner/work/ratis/ratis/ratis-test/target/test/data/f7ba0e94/MiniRaftClusterWithGrpcf830cfe0/s3/98f49a44-d84f-4a2d-a14b-64b60aa06307/current/raft-meta.conf with options [REPLACE_EXISTING]
2024-09-29 22:58:01,867 [s4@group-64B60AA06307-StateMachineUpdater] TRACE util.FileUtils (LogUtils.java:runAndLog(49)) - Successfully ran Atomic Files.move /home/runner/work/ratis/ratis/ratis-test/target/test/data/f7ba0e94/MiniRaftClusterWithGrpcf830cfe0/s4/98f49a44-d84f-4a2d-a14b-64b60aa06307/current/raft-meta.conf.tmp to /home/runner/work/ratis/ratis/ratis-test/target/test/data/f7ba0e94/MiniRaftClusterWithGrpcf830cfe0/s4/98f49a44-d84f-4a2d-a14b-64b60aa06307/current/raft-meta.conf with options [REPLACE_EXISTING]
2024-09-29 22:58:01,868 [s1@group-64B60AA06307-StateMachineUpdater] TRACE util.FileUtils (LogUtils.java:runAndLog(49)) - Successfully ran Atomic Files.move /home/runner/work/ratis/ratis/ratis-test/target/test/data/f7ba0e94/MiniRaftClusterWithGrpcf830cfe0/s1/98f49a44-d84f-4a2d-a14b-64b60aa06307/current/raft-meta.conf.tmp to /home/runner/work/ratis/ratis/ratis-test/target/test/data/f7ba0e94/MiniRaftClusterWithGrpcf830cfe0/s1/98f49a44-d84f-4a2d-a14b-64b60aa06307/current/raft-meta.conf with options [REPLACE_EXISTING]
2024-09-29 22:58:01,869 [s0-server-thread27] INFO  util.CodeInjectionForTesting (BlockRequestHandlingInjection.java:execute(84)) - s0: unBlock request from s2
2024-09-29 22:58:01,869 [s0-server-thread27] WARN  server.RaftServer$Division (ServerState.java:recognizeLeader(331)) - s0@group-64B60AA06307: Failed to recognize s2 as leader for APPEND_ENTRIES since peerTerm = 1 < currentTerm = 2
2024-09-29 22:58:01,871 [grpc-default-executor-13] WARN  server.GrpcLogAppender (GrpcLogAppender.java:onNextImpl(521)) - s2@group-64B60AA06307->s0-AppendLogResponseHandler: received NOT_LEADER reply with term 2
2024-09-29 22:58:01,871 [s4@group-64B60AA06307-StateMachineUpdater] TRACE util.FileUtils (LogUtils.java:supplyAndLog(69)) - Successfully supplied FileChannel.open /home/runner/work/ratis/ratis/ratis-test/target/test/data/f7ba0e94/MiniRaftClusterWithGrpcf830cfe0/s4/98f49a44-d84f-4a2d-a14b-64b60aa06307/current/raft-meta.conf.tmp with options [CREATE, WRITE]: sun.nio.ch.FileChannelImpl@25c92e7d
2024-09-29 22:58:01,873 [s4@group-64B60AA06307-StateMachineUpdater] TRACE util.FileUtils (LogUtils.java:runAndLog(49)) - Successfully ran Atomic Files.move /home/runner/work/ratis/ratis/ratis-test/target/test/data/f7ba0e94/MiniRaftClusterWithGrpcf830cfe0/s4/98f49a44-d84f-4a2d-a14b-64b60aa06307/current/raft-meta.conf.tmp to /home/runner/work/ratis/ratis/ratis-test/target/test/data/f7ba0e94/MiniRaftClusterWithGrpcf830cfe0/s4/98f49a44-d84f-4a2d-a14b-64b60aa06307/current/raft-meta.conf with options [REPLACE_EXISTING]
2024-09-29 22:58:01,874 [s0-server-thread28] INFO  util.CodeInjectionForTesting (BlockRequestHandlingInjection.java:execute(84)) - s0: unBlock request from s2
2024-09-29 22:58:01,874 [s0-server-thread28] WARN  server.RaftServer$Division (ServerState.java:recognizeLeader(331)) - s0@group-64B60AA06307: Failed to recognize s2 as leader for APPEND_ENTRIES since peerTerm = 1 < currentTerm = 2
2024-09-29 22:58:01,877 [s0-server-thread29] INFO  util.CodeInjectionForTesting (BlockRequestHandlingInjection.java:execute(84)) - s0: unBlock request from s2
2024-09-29 22:58:01,877 [grpc-default-executor-13] WARN  server.GrpcLogAppender (GrpcLogAppender.java:onNextImpl(521)) - s2@group-64B60AA06307->s0-AppendLogResponseHandler: received NOT_LEADER reply with term 2
2024-09-29 22:58:01,877 [s0-server-thread29] WARN  server.RaftServer$Division (ServerState.java:recognizeLeader(331)) - s0@group-64B60AA06307: Failed to recognize s2 as leader for APPEND_ENTRIES since peerTerm = 1 < currentTerm = 2
2024-09-29 22:58:01,877 [s0-server-thread4] INFO  util.CodeInjectionForTesting (BlockRequestHandlingInjection.java:execute(84)) - s0: unBlock request from s2
2024-09-29 22:58:01,877 [s0-server-thread4] WARN  server.RaftServer$Division (ServerState.java:recognizeLeader(331)) - s0@group-64B60AA06307: Failed to recognize s2 as leader for APPEND_ENTRIES since peerTerm = 1 < currentTerm = 2
2024-09-29 22:58:01,878 [grpc-default-executor-3] WARN  server.GrpcLogAppender (GrpcLogAppender.java:onNextImpl(521)) - s2@group-64B60AA06307->s0-AppendLogResponseHandler: received NOT_LEADER reply with term 2
2024-09-29 22:58:01,878 [grpc-default-executor-3] WARN  server.GrpcLogAppender (GrpcLogAppender.java:onNextImpl(521)) - s2@group-64B60AA06307->s0-AppendLogResponseHandler: received NOT_LEADER reply with term 2
2024-09-29 22:58:01,880 [s0@group-64B60AA06307-StateMachineUpdater] INFO  impl.SimpleStateMachine4Testing (SimpleStateMachine4Testing.java:applyTransaction(251)) - applyTransaction for log index 263
2024-09-29 22:58:01,880 [s0@group-64B60AA06307-StateMachineUpdater] INFO  impl.SimpleStateMachine4Testing (SimpleStateMachine4Testing.java:put(207)) - s0: put 263, final -> (t:2, i:263), STATEMACHINELOGENTRY, WRITE: logData.size=5, stateMachineData.size=17, logEntryProtoSerializedSize=0
2024-09-29 22:58:01,880 [s1@group-64B60AA06307-StateMachineUpdater] INFO  impl.SimpleStateMachine4Testing (SimpleStateMachine4Testing.java:applyTransaction(251)) - applyTransaction for log index 263
2024-09-29 22:58:01,881 [s1@group-64B60AA06307-StateMachineUpdater] INFO  impl.SimpleStateMachine4Testing (SimpleStateMachine4Testing.java:put(207)) - s1: put 263, final -> (t:2, i:263), STATEMACHINELOGENTRY, WRITE: logData.size=5, stateMachineData.size=17, logEntryProtoSerializedSize=0
2024-09-29 22:58:01,881 [s3@group-64B60AA06307-StateMachineUpdater] INFO  impl.SimpleStateMachine4Testing (SimpleStateMachine4Testing.java:applyTransaction(251)) - applyTransaction for log index 263
2024-09-29 22:58:01,881 [s3@group-64B60AA06307-StateMachineUpdater] INFO  impl.SimpleStateMachine4Testing (SimpleStateMachine4Testing.java:put(207)) - s3: put 263, final -> (t:2, i:263), STATEMACHINELOGENTRY, WRITE: logData.size=5, stateMachineData.size=17, logEntryProtoSerializedSize=0
2024-09-29 22:58:01,882 [s4@group-64B60AA06307-StateMachineUpdater] INFO  impl.SimpleStateMachine4Testing (SimpleStateMachine4Testing.java:applyTransaction(251)) - applyTransaction for log index 263
2024-09-29 22:58:01,882 [s4@group-64B60AA06307-StateMachineUpdater] INFO  impl.SimpleStateMachine4Testing (SimpleStateMachine4Testing.java:put(207)) - s4: put 263, final -> (t:2, i:263), STATEMACHINELOGENTRY, WRITE: logData.size=5, stateMachineData.size=17, logEntryProtoSerializedSize=0
2024-09-29 22:58:01,883 [s0-server-thread2] INFO  util.CodeInjectionForTesting (BlockRequestHandlingInjection.java:execute(84)) - s0: unBlock request from s2
2024-09-29 22:58:01,883 [s0-server-thread2] WARN  server.RaftServer$Division (ServerState.java:recognizeLeader(331)) - s0@group-64B60AA06307: Failed to recognize s2 as leader for APPEND_ENTRIES since peerTerm = 1 < currentTerm = 2
2024-09-29 22:58:01,884 [grpc-default-executor-5] WARN  server.GrpcLogAppender (GrpcLogAppender.java:onNextImpl(521)) - s2@group-64B60AA06307->s0-AppendLogResponseHandler: received NOT_LEADER reply with term 2
2024-09-29 22:58:01,885 [s0-server-thread30] INFO  util.CodeInjectionForTesting (BlockRequestHandlingInjection.java:execute(84)) - s0: unBlock request from s2
2024-09-29 22:58:01,885 [s0-server-thread30] WARN  server.RaftServer$Division (ServerState.java:recognizeLeader(331)) - s0@group-64B60AA06307: Failed to recognize s2 as leader for APPEND_ENTRIES since peerTerm = 1 < currentTerm = 2
2024-09-29 22:58:01,885 [grpc-default-executor-13] WARN  server.GrpcLogAppender (GrpcLogAppender.java:onNextImpl(521)) - s2@group-64B60AA06307->s0-AppendLogResponseHandler: received NOT_LEADER reply with term 2
2024-09-29 22:58:01,895 [main] INFO  impl.MiniRaftCluster (MiniRaftCluster.java:shutdown(837)) - ************************************************************** 
2024-09-29 22:58:01,895 [main] INFO  impl.MiniRaftCluster (MiniRaftCluster.java:shutdown(838)) - *** 
2024-09-29 22:58:01,895 [main] INFO  impl.MiniRaftCluster (MiniRaftCluster.java:shutdown(839)) - ***     Stopping MiniRaftClusterWithGrpc
2024-09-29 22:58:01,895 [main] INFO  impl.MiniRaftCluster (MiniRaftCluster.java:shutdown(840)) - *** 
2024-09-29 22:58:01,895 [main] INFO  impl.MiniRaftCluster (MiniRaftCluster.java:shutdown(841)) - ************************************************************** 
2024-09-29 22:58:01,896 [main] INFO  impl.MiniRaftCluster (MiniRaftCluster.java:shutdown(842)) - printing ALL groups
  s3:  RUNNING  FOLLOWER s3@group-64B60AA06307:t2, leader=s0, voted=null, raftlog=Memoized:s3@group-64B60AA06307-SegmentedRaftLog:OPENED:c263:last(t:2, i:264), conf=conf: {index: 261, cur=peers:[s3|0.0.0.0:15024, s4|0.0.0.0:15025, s0|localhost:15012, s1|localhost:15016, s2|localhost:15020]|listeners:[], old=null} RUNNING
  s4:  RUNNING  FOLLOWER s4@group-64B60AA06307:t2, leader=s0, voted=null, raftlog=Memoized:s4@group-64B60AA06307-SegmentedRaftLog:OPENED:c263:last(t:2, i:264), conf=conf: {index: 261, cur=peers:[s3|0.0.0.0:15024, s4|0.0.0.0:15025, s0|localhost:15012, s1|localhost:15016, s2|localhost:15020]|listeners:[], old=null} RUNNING
  s0:  RUNNING    LEADER s0@group-64B60AA06307:t2, leader=s0, voted=s0, raftlog=Memoized:s0@group-64B60AA06307-SegmentedRaftLog:OPENED:c264:last(t:2, i:264), conf=conf: {index: 261, cur=peers:[s3|0.0.0.0:15024, s4|0.0.0.0:15025, s0|localhost:15012, s1|localhost:15016, s2|localhost:15020]|listeners:[], old=null} RUNNING
  s1:  RUNNING  FOLLOWER s1@group-64B60AA06307:t2, leader=s0, voted=s0, raftlog=Memoized:s1@group-64B60AA06307-SegmentedRaftLog:OPENED:c263:last(t:2, i:264), conf=conf: {index: 261, cur=peers:[s3|0.0.0.0:15024, s4|0.0.0.0:15025, s0|localhost:15012, s1|localhost:15016, s2|localhost:15020]|listeners:[], old=null} RUNNING
  s2:  RUNNING  FOLLOWER s2@group-64B60AA06307:t1, leader=null, voted=s2, raftlog=Memoized:s2@group-64B60AA06307-SegmentedRaftLog:OPENED:c256:last(t:1, i:257), conf=conf: {index: 257, cur=peers:[s3|0.0.0.0:15024, s4|0.0.0.0:15025, s0|localhost:15012, s1|localhost:15016, s2|localhost:15020]|listeners:[], old=peers:[s0|localhost:15012, s1|localhost:15016, s2|localhost:15020]|listeners:[]} RUNNING
2024-09-29 22:58:01,896 [MiniRaftCluster-7] INFO  server.RaftServer (RaftServerProxy.java:lambda$close$9(418)) - s3: close
2024-09-29 22:58:01,896 [MiniRaftCluster-8] INFO  server.RaftServer (RaftServerProxy.java:lambda$close$9(418)) - s4: close
2024-09-29 22:58:01,897 [MiniRaftCluster-9] INFO  server.RaftServer (RaftServerProxy.java:lambda$close$9(418)) - s0: close
2024-09-29 22:58:01,897 [MiniRaftCluster-10] INFO  server.RaftServer (RaftServerProxy.java:lambda$close$9(418)) - s1: close
2024-09-29 22:58:01,897 [s0-impl-thread1] INFO  server.RaftServer$Division (RaftServerImpl.java:lambda$close$1(510)) - s0@group-64B60AA06307: shutdown
2024-09-29 22:58:01,897 [s4-impl-thread1] INFO  server.RaftServer$Division (RaftServerImpl.java:lambda$close$1(510)) - s4@group-64B60AA06307: shutdown
2024-09-29 22:58:01,897 [MiniRaftCluster-8] INFO  server.GrpcService (GrpcService.java:closeImpl(350)) - s4: shutdown server GrpcServerProtocolService now
2024-09-29 22:58:01,897 [MiniRaftCluster-11] INFO  server.RaftServer (RaftServerProxy.java:lambda$close$9(418)) - s2: close
2024-09-29 22:58:01,897 [s3-impl-thread1] INFO  server.RaftServer$Division (RaftServerImpl.java:lambda$close$1(510)) - s3@group-64B60AA06307: shutdown
2024-09-29 22:58:01,898 [s3-impl-thread1] INFO  util.JmxRegister (JmxRegister.java:unregister(74)) - Successfully un-registered JMX Bean with object name Ratis:service=RaftServer,group=group-64B60AA06307,id=s3
2024-09-29 22:58:01,898 [s3-impl-thread1] INFO  impl.RoleInfo (RoleInfo.java:shutdownFollowerState(119)) - s3: shutdown s3@group-64B60AA06307-FollowerState
2024-09-29 22:58:01,899 [s2-impl-thread1] INFO  server.RaftServer$Division (RaftServerImpl.java:lambda$close$1(510)) - s2@group-64B60AA06307: shutdown
2024-09-29 22:58:01,899 [s2-impl-thread1] INFO  util.JmxRegister (JmxRegister.java:unregister(74)) - Successfully un-registered JMX Bean with object name Ratis:service=RaftServer,group=group-64B60AA06307,id=s2
2024-09-29 22:58:01,899 [s2-impl-thread1] INFO  impl.RoleInfo (RoleInfo.java:shutdownFollowerState(119)) - s2: shutdown s2@group-64B60AA06307-FollowerState
2024-09-29 22:58:01,899 [grpc-default-executor-36] WARN  server.GrpcServerProtocolService (LogUtils.java:warn(121)) - s4: APPEND_ENTRIES onError, lastRequest: null: org.apache.ratis.thirdparty.io.grpc.StatusRuntimeException: CANCELLED: client cancelled
2024-09-29 22:58:01,899 [grpc-default-executor-30] WARN  server.GrpcServerProtocolService (LogUtils.java:warn(121)) - s4: APPEND_ENTRIES onError, lastRequest: null: org.apache.ratis.thirdparty.io.grpc.StatusRuntimeException: CANCELLED: client cancelled
2024-09-29 22:58:01,900 [grpc-default-executor-13] WARN  server.GrpcLogAppender (LogUtils.java:warn(121)) - s0@group-64B60AA06307->s4-AppendLogResponseHandler: Failed appendEntries: org.apache.ratis.thirdparty.io.grpc.StatusRuntimeException: CANCELLED: RST_STREAM closed stream. HTTP/2 error code: CANCEL
2024-09-29 22:58:01,900 [grpc-default-executor-35] WARN  server.GrpcServerProtocolService (LogUtils.java:warn(121)) - s4: APPEND_ENTRIES onError, lastRequest: s0->s4#19-t2,previous=(t:2, i:263),leaderCommit=263,initializing? false,entries: size=1, first=(t:2, i:264), METADATAENTRY(c:263): org.apache.ratis.thirdparty.io.grpc.StatusRuntimeException: CANCELLED: client cancelled
2024-09-29 22:58:01,900 [grpc-default-executor-5] WARN  server.GrpcServerProtocolService (LogUtils.java:warn(121)) - s4: APPEND_ENTRIES onError, lastRequest: s2->s4#1-t1,previous=(t:1, i:255),leaderCommit=256,initializing? true,entries: size=1, first=(t:1, i:256), METADATAENTRY(c:255): org.apache.ratis.thirdparty.io.grpc.StatusRuntimeException: CANCELLED: client cancelled
2024-09-29 22:58:01,897 [MiniRaftCluster-7] INFO  server.GrpcService (GrpcService.java:closeImpl(350)) - s3: shutdown server GrpcServerProtocolService now
2024-09-29 22:58:01,900 [grpc-default-executor-30] WARN  server.GrpcServerProtocolService (LogUtils.java:warn(121)) - s4: APPEND_ENTRIES onError, lastRequest: null: org.apache.ratis.thirdparty.io.grpc.StatusRuntimeException: CANCELLED: client cancelled
2024-09-29 22:58:01,901 [grpc-default-executor-36] WARN  server.GrpcServerProtocolService (LogUtils.java:warn(121)) - s4: APPEND_ENTRIES onError, lastRequest: null: org.apache.ratis.thirdparty.io.grpc.StatusRuntimeException: CANCELLED: client cancelled
2024-09-29 22:58:01,901 [grpc-default-executor-3] WARN  server.GrpcServerProtocolService (LogUtils.java:warn(121)) - s4: APPEND_ENTRIES onError, lastRequest: null: org.apache.ratis.thirdparty.io.grpc.StatusRuntimeException: CANCELLED: client cancelled
2024-09-29 22:58:01,901 [grpc-default-executor-41] WARN  server.GrpcServerProtocolService (LogUtils.java:warn(121)) - s4: APPEND_ENTRIES onError, lastRequest: null: org.apache.ratis.thirdparty.io.grpc.StatusRuntimeException: CANCELLED: client cancelled
2024-09-29 22:58:01,900 [MiniRaftCluster-11] INFO  server.GrpcService (GrpcService.java:closeImpl(350)) - s2: shutdown server org.apache.ratis.grpc.server.GrpcClientProtocolService now
2024-09-29 22:58:01,900 [grpc-default-executor-13] WARN  server.GrpcLogAppender (GrpcLogAppender.java:lambda$resetClient$1(221)) - s0@group-64B60AA06307->s4-GrpcLogAppender: Follower failed (request=null, errorCount=1); keep nextIndex (265) unchanged and retry.
2024-09-29 22:58:01,899 [grpc-default-executor-38] WARN  server.GrpcServerProtocolService (LogUtils.java:warn(121)) - s4: APPEND_ENTRIES onError, lastRequest: null: org.apache.ratis.thirdparty.io.grpc.StatusRuntimeException: CANCELLED: client cancelled
2024-09-29 22:58:01,898 [s0-server-thread3] INFO  util.CodeInjectionForTesting (BlockRequestHandlingInjection.java:execute(84)) - s0: unBlock request from s2
2024-09-29 22:58:01,902 [s0-server-thread3] ERROR server.RaftServer$Division (RaftServerImpl.java:appendEntriesAsync(1510)) - s0@group-64B60AA06307: Failed appendEntries* s2->s0#0-t1,previous=(t:0, i:0),leaderCommit=0,initializing? true,HEARTBEAT
org.apache.ratis.protocol.exceptions.ServerNotReadyException: s0@group-64B60AA06307 is not in [STARTING, RUNNING]: current state is CLOSING
	at org.apache.ratis.server.impl.RaftServerImpl.lambda$assertLifeCycleState$7(RaftServerImpl.java:783)
	at org.apache.ratis.util.LifeCycle.assertCurrentState(LifeCycle.java:260)
	at org.apache.ratis.server.impl.RaftServerImpl.assertLifeCycleState(RaftServerImpl.java:782)
	at org.apache.ratis.server.impl.RaftServerImpl.appendEntriesAsync(RaftServerImpl.java:1501)
	at org.apache.ratis.server.impl.RaftServerProxy.lambda$null$28(RaftServerProxy.java:655)
	at org.apache.ratis.util.JavaUtils.callAsUnchecked(JavaUtils.java:118)
	at org.apache.ratis.server.impl.RaftServerImpl.lambda$executeSubmitServerRequestAsync$10(RaftServerImpl.java:899)
	at java.util.concurrent.CompletableFuture$AsyncSupply.run(CompletableFuture.java:1604)
	at java.util.concurrent.ThreadPoolExecutor.runWorker(ThreadPoolExecutor.java:1149)
	at java.util.concurrent.ThreadPoolExecutor$Worker.run(ThreadPoolExecutor.java:624)
	at java.lang.Thread.run(Thread.java:750)
2024-09-29 22:58:01,898 [s4-impl-thread1] INFO  util.JmxRegister (JmxRegister.java:unregister(74)) - Successfully un-registered JMX Bean with object name Ratis:service=RaftServer,group=group-64B60AA06307,id=s4
2024-09-29 22:58:01,902 [s4-impl-thread1] INFO  impl.RoleInfo (RoleInfo.java:shutdownFollowerState(119)) - s4: shutdown s4@group-64B60AA06307-FollowerState
2024-09-29 22:58:01,903 [grpc-default-executor-35] WARN  server.GrpcServerProtocolService (LogUtils.java:warn(121)) - s4: APPEND_ENTRIES onError, lastRequest: null: org.apache.ratis.thirdparty.io.grpc.StatusRuntimeException: CANCELLED: client cancelled
2024-09-29 22:58:01,903 [grpc-default-executor-35] WARN  server.GrpcServerProtocolService (LogUtils.java:warn(121)) - s4: APPEND_ENTRIES onError, lastRequest: null: org.apache.ratis.thirdparty.io.grpc.StatusRuntimeException: CANCELLED: client cancelled
2024-09-29 22:58:01,904 [grpc-default-executor-4] WARN  server.GrpcServerProtocolService (LogUtils.java:warn(121)) - s4: APPEND_ENTRIES onError, lastRequest: null: org.apache.ratis.thirdparty.io.grpc.StatusRuntimeException: CANCELLED: client cancelled
2024-09-29 22:58:01,904 [grpc-default-executor-36] WARN  server.GrpcServerProtocolService (LogUtils.java:warn(121)) - s4: APPEND_ENTRIES onError, lastRequest: null: org.apache.ratis.thirdparty.io.grpc.StatusRuntimeException: CANCELLED: client cancelled
2024-09-29 22:58:01,904 [grpc-default-executor-32] WARN  server.GrpcServerProtocolService (LogUtils.java:warn(121)) - s4: APPEND_ENTRIES onError, lastRequest: null: org.apache.ratis.thirdparty.io.grpc.StatusRuntimeException: CANCELLED: client cancelled
2024-09-29 22:58:01,904 [grpc-default-executor-30] WARN  server.GrpcServerProtocolService (LogUtils.java:warn(121)) - s4: APPEND_ENTRIES onError, lastRequest: null: org.apache.ratis.thirdparty.io.grpc.StatusRuntimeException: CANCELLED: client cancelled
2024-09-29 22:58:01,904 [grpc-default-executor-37] WARN  server.GrpcServerProtocolService (LogUtils.java:warn(121)) - s4: APPEND_ENTRIES onError, lastRequest: null: org.apache.ratis.thirdparty.io.grpc.StatusRuntimeException: CANCELLED: client cancelled
2024-09-29 22:58:01,904 [grpc-default-executor-39] WARN  server.GrpcServerProtocolService (LogUtils.java:warn(121)) - s4: APPEND_ENTRIES onError, lastRequest: null: org.apache.ratis.thirdparty.io.grpc.StatusRuntimeException: CANCELLED: client cancelled
2024-09-29 22:58:01,904 [grpc-default-executor-13] WARN  server.GrpcServerProtocolService (LogUtils.java:warn(121)) - s4: APPEND_ENTRIES onError, lastRequest: null: org.apache.ratis.thirdparty.io.grpc.StatusRuntimeException: CANCELLED: client cancelled
2024-09-29 22:58:01,904 [s0-server-thread5] INFO  util.CodeInjectionForTesting (BlockRequestHandlingInjection.java:execute(84)) - s0: unBlock request from s2
2024-09-29 22:58:01,904 [grpc-default-executor-41] WARN  server.GrpcServerProtocolService (LogUtils.java:warn(121)) - s4: APPEND_ENTRIES onError, lastRequest: null: org.apache.ratis.thirdparty.io.grpc.StatusRuntimeException: CANCELLED: client cancelled
2024-09-29 22:58:01,897 [MiniRaftCluster-9] INFO  server.GrpcService (GrpcService.java:closeImpl(350)) - s0: shutdown server org.apache.ratis.grpc.server.GrpcClientProtocolService now
2024-09-29 22:58:01,898 [s0-impl-thread1] INFO  util.JmxRegister (JmxRegister.java:unregister(74)) - Successfully un-registered JMX Bean with object name Ratis:service=RaftServer,group=group-64B60AA06307,id=s0
2024-09-29 22:58:01,905 [s0-impl-thread1] INFO  impl.RoleInfo (RoleInfo.java:shutdownLeaderState(103)) - s0: shutdown s0@group-64B60AA06307-LeaderStateImpl
2024-09-29 22:58:01,905 [grpc-default-executor-38] WARN  server.GrpcServerProtocolService (LogUtils.java:warn(121)) - s4: APPEND_ENTRIES onError, lastRequest: null: org.apache.ratis.thirdparty.io.grpc.StatusRuntimeException: CANCELLED: client cancelled
2024-09-29 22:58:01,905 [grpc-default-executor-38] WARN  server.GrpcServerProtocolService (LogUtils.java:warn(121)) - s4: APPEND_ENTRIES onError, lastRequest: null: org.apache.ratis.thirdparty.io.grpc.StatusRuntimeException: CANCELLED: client cancelled
2024-09-29 22:58:01,905 [s0-impl-thread1] INFO  impl.PendingRequests (PendingRequests.java:sendNotLeaderResponses(287)) - s0@group-64B60AA06307-PendingRequests: sendNotLeaderResponses
2024-09-29 22:58:01,905 [grpc-default-executor-32] WARN  server.GrpcServerProtocolService (LogUtils.java:warn(121)) - s4: APPEND_ENTRIES onError, lastRequest: null: org.apache.ratis.thirdparty.io.grpc.StatusRuntimeException: CANCELLED: client cancelled
2024-09-29 22:58:01,905 [s0@group-64B60AA06307->s2-GrpcLogAppender-LogAppenderDaemon] WARN  server.GrpcLogAppender (GrpcLogAppender.java:mayWait(293)) - s0@group-64B60AA06307->s2-GrpcLogAppender: Wait interrupted by java.lang.InterruptedException
2024-09-29 22:58:01,905 [s2@group-64B60AA06307-StateMachineUpdater] TRACE util.FileUtils (FileUtils.java:deleteFully(305)) - deleteFully /tmp/ratis-tests/statemachine/s2/snapshot/1_256
2024-09-29 22:58:01,905 [s2@group-64B60AA06307-StateMachineUpdater] TRACE util.FileUtils (FileUtils.java:deleteFully(318)) - deleteFully: /tmp/ratis-tests/statemachine/s2/snapshot/1_256 does not exist.
2024-09-29 22:58:01,905 [s2@group-64B60AA06307-StateMachineUpdater] TRACE util.FileUtils (FileUtils.java:deleteFully(305)) - deleteFully /tmp/ratis-tests/statemachine/s2/tmp/d562aea7-9152-44a3-91a9-2ef22d5b356a
2024-09-29 22:58:01,906 [s2@group-64B60AA06307-StateMachineUpdater] TRACE util.FileUtils (FileUtils.java:deleteFully(318)) - deleteFully: /tmp/ratis-tests/statemachine/s2/tmp/d562aea7-9152-44a3-91a9-2ef22d5b356a does not exist.
2024-09-29 22:58:01,906 [s2@group-64B60AA06307-StateMachineUpdater] TRACE util.FileUtils (LogUtils.java:runAndLog(49)) - Successfully ran Atomic Files.move /tmp/ratis-tests/statemachine/s2/tmp/d562aea7-9152-44a3-91a9-2ef22d5b356a to /tmp/ratis-tests/statemachine/s2/snapshot/1_256
2024-09-29 22:58:01,906 [s2@group-64B60AA06307-StateMachineUpdater] INFO  impl.StateMachineUpdater (StateMachineUpdater.java:takeSnapshot(308)) - s2@group-64B60AA06307-StateMachineUpdater: Took a snapshot at index 256
2024-09-29 22:58:01,906 [s2@group-64B60AA06307-StateMachineUpdater] INFO  impl.StateMachineUpdater (StateMachineUpdater.java:lambda$new$0(102)) - s2@group-64B60AA06307-StateMachineUpdater: snapshotIndex: updateIncreasingly 255 -> 256
2024-09-29 22:58:01,906 [s2@group-64B60AA06307-StateMachineUpdater] INFO  impl.StateMachineUpdater (StateMachineUpdater.java:stop(141)) - s2@group-64B60AA06307-StateMachineUpdater: closing StateMachineWithSeparatedSnapshotPath, lastApplied=(t:1, i:256)
2024-09-29 22:58:01,906 [s0@group-64B60AA06307->s4-GrpcLogAppender-LogAppenderDaemon] WARN  server.GrpcLogAppender (GrpcLogAppender.java:mayWait(293)) - s0@group-64B60AA06307->s4-GrpcLogAppender: Wait interrupted by java.lang.InterruptedException
2024-09-29 22:58:01,897 [s1-impl-thread1] INFO  server.RaftServer$Division (RaftServerImpl.java:lambda$close$1(510)) - s1@group-64B60AA06307: shutdown
2024-09-29 22:58:01,897 [MiniRaftCluster-10] INFO  server.GrpcService (GrpcService.java:closeImpl(350)) - s1: shutdown server org.apache.ratis.grpc.server.GrpcClientProtocolService now
2024-09-29 22:58:01,906 [s1-impl-thread1] INFO  util.JmxRegister (JmxRegister.java:unregister(74)) - Successfully un-registered JMX Bean with object name Ratis:service=RaftServer,group=group-64B60AA06307,id=s1
2024-09-29 22:58:01,907 [s1-impl-thread1] INFO  impl.RoleInfo (RoleInfo.java:shutdownFollowerState(119)) - s1: shutdown s1@group-64B60AA06307-FollowerState
2024-09-29 22:58:01,905 [s0@group-64B60AA06307->s3-GrpcLogAppender-LogAppenderDaemon] WARN  server.GrpcLogAppender (GrpcLogAppender.java:mayWait(293)) - s0@group-64B60AA06307->s3-GrpcLogAppender: Wait interrupted by java.lang.InterruptedException
2024-09-29 22:58:01,905 [s0@group-64B60AA06307->s1-GrpcLogAppender-LogAppenderDaemon] WARN  server.GrpcLogAppender (GrpcLogAppender.java:mayWait(293)) - s0@group-64B60AA06307->s1-GrpcLogAppender: Wait interrupted by java.lang.InterruptedException
2024-09-29 22:58:01,905 [grpc-default-executor-37] WARN  server.GrpcServerProtocolService (LogUtils.java:warn(121)) - s4: APPEND_ENTRIES onError, lastRequest: null: org.apache.ratis.thirdparty.io.grpc.StatusRuntimeException: CANCELLED: client cancelled
2024-09-29 22:58:01,905 [grpc-default-executor-13] WARN  server.GrpcServerProtocolService (LogUtils.java:warn(121)) - s4: APPEND_ENTRIES onError, lastRequest: null: org.apache.ratis.thirdparty.io.grpc.StatusRuntimeException: CANCELLED: client cancelled
2024-09-29 22:58:01,905 [s2-impl-thread1] INFO  impl.StateMachineUpdater (StateMachineUpdater.java:stopAndJoin(164)) - s2@group-64B60AA06307-StateMachineUpdater: set stopIndex = 256
2024-09-29 22:58:01,904 [s0-server-thread5] ERROR server.RaftServer$Division (RaftServerImpl.java:appendEntriesAsync(1510)) - s0@group-64B60AA06307: Failed appendEntries* s2->s0#0-t1,previous=(t:0, i:0),leaderCommit=0,initializing? true,HEARTBEAT
org.apache.ratis.protocol.exceptions.ServerNotReadyException: s0@group-64B60AA06307 is not in [STARTING, RUNNING]: current state is CLOSING
	at org.apache.ratis.server.impl.RaftServerImpl.lambda$assertLifeCycleState$7(RaftServerImpl.java:783)
	at org.apache.ratis.util.LifeCycle.assertCurrentState(LifeCycle.java:260)
	at org.apache.ratis.server.impl.RaftServerImpl.assertLifeCycleState(RaftServerImpl.java:782)
	at org.apache.ratis.server.impl.RaftServerImpl.appendEntriesAsync(RaftServerImpl.java:1501)
	at org.apache.ratis.server.impl.RaftServerProxy.lambda$null$28(RaftServerProxy.java:655)
	at org.apache.ratis.util.JavaUtils.callAsUnchecked(JavaUtils.java:118)
	at org.apache.ratis.server.impl.RaftServerImpl.lambda$executeSubmitServerRequestAsync$10(RaftServerImpl.java:899)
	at java.util.concurrent.CompletableFuture$AsyncSupply.run(CompletableFuture.java:1604)
	at java.util.concurrent.ThreadPoolExecutor.runWorker(ThreadPoolExecutor.java:1149)
	at java.util.concurrent.ThreadPoolExecutor$Worker.run(ThreadPoolExecutor.java:624)
	at java.lang.Thread.run(Thread.java:750)
2024-09-29 22:58:01,904 [grpc-default-executor-3] WARN  server.GrpcServerProtocolService (LogUtils.java:warn(121)) - s4: APPEND_ENTRIES onError, lastRequest: null: org.apache.ratis.thirdparty.io.grpc.StatusRuntimeException: CANCELLED: client cancelled
2024-09-29 22:58:01,904 [grpc-default-executor-43] WARN  server.GrpcServerProtocolService (LogUtils.java:warn(121)) - s4: APPEND_ENTRIES onError, lastRequest: null: org.apache.ratis.thirdparty.io.grpc.StatusRuntimeException: CANCELLED: client cancelled
2024-09-29 22:58:01,904 [grpc-default-executor-35] WARN  server.GrpcServerProtocolService (LogUtils.java:warn(121)) - s4: APPEND_ENTRIES onError, lastRequest: null: org.apache.ratis.thirdparty.io.grpc.StatusRuntimeException: CANCELLED: client cancelled
2024-09-29 22:58:01,902 [s2@group-64B60AA06307-FollowerState] INFO  impl.FollowerState (FollowerState.java:shouldRun(118)) - s2@group-64B60AA06307-FollowerState: Stopping now (isRunning? false, role = FOLLOWER)
2024-09-29 22:58:01,901 [grpc-default-executor-5] WARN  server.GrpcServerProtocolService (LogUtils.java:warn(121)) - s4: APPEND_ENTRIES onError, lastRequest: null: org.apache.ratis.thirdparty.io.grpc.StatusRuntimeException: CANCELLED: client cancelled
2024-09-29 22:58:01,907 [grpc-default-executor-37] INFO  server.GrpcServerProtocolService (GrpcServerProtocolService.java:onCompleted(200)) - s3: Completed APPEND_ENTRIES, lastRequest: s0->s3#12-t2,previous=(t:2, i:263),leaderCommit=263,initializing? false,entries: size=1, first=(t:2, i:264), METADATAENTRY(c:263)
2024-09-29 22:58:01,908 [grpc-default-executor-37] INFO  server.GrpcServerProtocolService (GrpcServerProtocolService.java:lambda$onCompleted$7(202)) - s3: Completed APPEND_ENTRIES, lastReply: null
2024-09-29 22:58:01,908 [grpc-default-executor-37] INFO  server.GrpcLogAppender (GrpcLogAppender.java:onError(546)) - s2@group-64B60AA06307->s4-GrpcLogAppender is already stopped
2024-09-29 22:58:01,908 [grpc-default-executor-32] INFO  server.GrpcLogAppender (GrpcLogAppender.java:onError(546)) - s2@group-64B60AA06307->s4-GrpcLogAppender is already stopped
2024-09-29 22:58:01,908 [grpc-default-executor-37] INFO  server.GrpcLogAppender (GrpcLogAppender.java:onError(546)) - s2@group-64B60AA06307->s4-GrpcLogAppender is already stopped
2024-09-29 22:58:01,908 [grpc-default-executor-32] INFO  server.GrpcLogAppender (GrpcLogAppender.java:onError(546)) - s2@group-64B60AA06307->s4-GrpcLogAppender is already stopped
2024-09-29 22:58:01,908 [grpc-default-executor-32] INFO  server.GrpcLogAppender (GrpcLogAppender.java:onError(546)) - s2@group-64B60AA06307->s4-GrpcLogAppender is already stopped
2024-09-29 22:58:01,909 [grpc-default-executor-32] INFO  server.GrpcLogAppender (GrpcLogAppender.java:onError(546)) - s2@group-64B60AA06307->s4-GrpcLogAppender is already stopped
2024-09-29 22:58:01,909 [grpc-default-executor-37] INFO  server.GrpcLogAppender (GrpcLogAppender.java:onError(546)) - s2@group-64B60AA06307->s4-GrpcLogAppender is already stopped
2024-09-29 22:58:01,909 [grpc-default-executor-30] INFO  server.GrpcLogAppender (GrpcLogAppender.java:onError(546)) - s2@group-64B60AA06307->s4-GrpcLogAppender is already stopped
2024-09-29 22:58:01,909 [grpc-default-executor-4] INFO  server.GrpcLogAppender (GrpcLogAppender.java:onError(546)) - s2@group-64B60AA06307->s4-GrpcLogAppender is already stopped
2024-09-29 22:58:01,909 [grpc-default-executor-3] INFO  server.GrpcLogAppender (GrpcLogAppender.java:onError(546)) - s2@group-64B60AA06307->s4-GrpcLogAppender is already stopped
2024-09-29 22:58:01,909 [grpc-default-executor-38] INFO  server.GrpcLogAppender (GrpcLogAppender.java:onError(546)) - s2@group-64B60AA06307->s4-GrpcLogAppender is already stopped
2024-09-29 22:58:01,909 [grpc-default-executor-0] WARN  server.GrpcServerProtocolService (LogUtils.java:warn(121)) - s4: APPEND_ENTRIES onError, lastRequest: null: org.apache.ratis.thirdparty.io.grpc.StatusRuntimeException: CANCELLED: client cancelled
2024-09-29 22:58:01,909 [grpc-default-executor-13] INFO  server.GrpcLogAppender (GrpcLogAppender.java:onError(546)) - s2@group-64B60AA06307->s4-GrpcLogAppender is already stopped
2024-09-29 22:58:01,909 [grpc-default-executor-41] INFO  server.GrpcLogAppender (GrpcLogAppender.java:onError(546)) - s2@group-64B60AA06307->s4-GrpcLogAppender is already stopped
2024-09-29 22:58:01,907 [grpc-default-executor-44] WARN  server.GrpcServerProtocolService (LogUtils.java:warn(121)) - s4: APPEND_ENTRIES onError, lastRequest: null: org.apache.ratis.thirdparty.io.grpc.StatusRuntimeException: CANCELLED: client cancelled
2024-09-29 22:58:01,909 [grpc-default-executor-35] INFO  server.GrpcLogAppender (GrpcLogAppender.java:onError(546)) - s2@group-64B60AA06307->s4-GrpcLogAppender is already stopped
2024-09-29 22:58:01,909 [grpc-default-executor-45] WARN  server.GrpcServerProtocolService (LogUtils.java:warn(121)) - s4: APPEND_ENTRIES onError, lastRequest: null: org.apache.ratis.thirdparty.io.grpc.StatusRuntimeException: CANCELLED: client cancelled
2024-09-29 22:58:01,909 [grpc-default-executor-5] INFO  server.GrpcLogAppender (GrpcLogAppender.java:onError(546)) - s2@group-64B60AA06307->s4-GrpcLogAppender is already stopped
2024-09-29 22:58:01,909 [grpc-default-executor-39] INFO  server.GrpcLogAppender (GrpcLogAppender.java:onError(546)) - s2@group-64B60AA06307->s4-GrpcLogAppender is already stopped
2024-09-29 22:58:01,909 [grpc-default-executor-36] INFO  server.GrpcLogAppender (GrpcLogAppender.java:onError(546)) - s2@group-64B60AA06307->s4-GrpcLogAppender is already stopped
2024-09-29 22:58:01,910 [s3-impl-thread1] INFO  impl.StateMachineUpdater (StateMachineUpdater.java:stopAndJoin(164)) - s3@group-64B60AA06307-StateMachineUpdater: set stopIndex = 263
2024-09-29 22:58:01,910 [s3@group-64B60AA06307-StateMachineUpdater] TRACE util.FileUtils (FileUtils.java:deleteFully(305)) - deleteFully /tmp/ratis-tests/statemachine/s3/snapshot/2_263
2024-09-29 22:58:01,910 [grpc-default-executor-46] INFO  server.GrpcLogAppender (GrpcLogAppender.java:onError(546)) - s2@group-64B60AA06307->s4-GrpcLogAppender is already stopped
2024-09-29 22:58:01,910 [s3@group-64B60AA06307-FollowerState] INFO  impl.FollowerState (FollowerState.java:run(153)) - s3@group-64B60AA06307-FollowerState was interrupted
2024-09-29 22:58:01,910 [grpc-default-executor-46] INFO  server.GrpcLogAppender (GrpcLogAppender.java:onError(546)) - s2@group-64B60AA06307->s4-GrpcLogAppender is already stopped
2024-09-29 22:58:01,911 [grpc-default-executor-46] INFO  server.GrpcLogAppender (GrpcLogAppender.java:onError(546)) - s2@group-64B60AA06307->s4-GrpcLogAppender is already stopped
2024-09-29 22:58:01,911 [s2@group-64B60AA06307-cacheEviction-AwaitToRun] INFO  util.AwaitToRun (AwaitToRun.java:run(49)) - s2@group-64B60AA06307-cacheEviction-AwaitToRun-AwaitForSignal is interrupted
2024-09-29 22:58:01,911 [s1@group-64B60AA06307-StateMachineUpdater] TRACE util.FileUtils (FileUtils.java:deleteFully(305)) - deleteFully /tmp/ratis-tests/statemachine/s1/snapshot/2_263
2024-09-29 22:58:01,911 [s1@group-64B60AA06307-StateMachineUpdater] TRACE util.FileUtils (FileUtils.java:deleteFully(318)) - deleteFully: /tmp/ratis-tests/statemachine/s1/snapshot/2_263 does not exist.
2024-09-29 22:58:01,911 [s1@group-64B60AA06307-StateMachineUpdater] TRACE util.FileUtils (FileUtils.java:deleteFully(305)) - deleteFully /tmp/ratis-tests/statemachine/s1/tmp/1a305a79-313a-4120-b136-ace1f853025e
2024-09-29 22:58:01,911 [s1@group-64B60AA06307-StateMachineUpdater] TRACE util.FileUtils (FileUtils.java:deleteFully(318)) - deleteFully: /tmp/ratis-tests/statemachine/s1/tmp/1a305a79-313a-4120-b136-ace1f853025e does not exist.
2024-09-29 22:58:01,911 [grpc-default-executor-13] INFO  server.GrpcLogAppender (GrpcLogAppender.java:onError(546)) - s2@group-64B60AA06307->s4-GrpcLogAppender is already stopped
2024-09-29 22:58:01,911 [grpc-default-executor-39] INFO  server.GrpcLogAppender (GrpcLogAppender.java:onError(546)) - s2@group-64B60AA06307->s4-GrpcLogAppender is already stopped
2024-09-29 22:58:01,911 [grpc-default-executor-36] INFO  server.GrpcLogAppender (GrpcLogAppender.java:onError(546)) - s2@group-64B60AA06307->s4-GrpcLogAppender is already stopped
2024-09-29 22:58:01,911 [grpc-default-executor-0] INFO  server.GrpcServerProtocolService (GrpcServerProtocolService.java:onCompleted(200)) - s1: Completed APPEND_ENTRIES, lastRequest: s0->s1#17-t2,previous=(t:2, i:263),leaderCommit=263,initializing? false,entries: size=1, first=(t:2, i:264), METADATAENTRY(c:263)
2024-09-29 22:58:01,912 [grpc-default-executor-0] INFO  server.GrpcServerProtocolService (GrpcServerProtocolService.java:lambda$onCompleted$7(202)) - s1: Completed APPEND_ENTRIES, lastReply: null
2024-09-29 22:58:01,912 [grpc-default-executor-35] INFO  server.GrpcLogAppender (GrpcLogAppender.java:onError(546)) - s2@group-64B60AA06307->s4-GrpcLogAppender is already stopped
2024-09-29 22:58:01,910 [s1-impl-thread1] INFO  impl.StateMachineUpdater (StateMachineUpdater.java:stopAndJoin(164)) - s1@group-64B60AA06307-StateMachineUpdater: set stopIndex = 263
2024-09-29 22:58:01,910 [s3@group-64B60AA06307-StateMachineUpdater] TRACE util.FileUtils (FileUtils.java:deleteFully(318)) - deleteFully: /tmp/ratis-tests/statemachine/s3/snapshot/2_263 does not exist.
2024-09-29 22:58:01,912 [s3@group-64B60AA06307-StateMachineUpdater] TRACE util.FileUtils (FileUtils.java:deleteFully(305)) - deleteFully /tmp/ratis-tests/statemachine/s3/tmp/622a8f8a-a1f1-436a-a675-b4e108a7932b
2024-09-29 22:58:01,912 [s3@group-64B60AA06307-StateMachineUpdater] TRACE util.FileUtils (FileUtils.java:deleteFully(318)) - deleteFully: /tmp/ratis-tests/statemachine/s3/tmp/622a8f8a-a1f1-436a-a675-b4e108a7932b does not exist.
2024-09-29 22:58:01,912 [s4-impl-thread1] INFO  impl.StateMachineUpdater (StateMachineUpdater.java:stopAndJoin(164)) - s4@group-64B60AA06307-StateMachineUpdater: set stopIndex = 263
2024-09-29 22:58:01,911 [grpc-default-executor-5] INFO  server.GrpcLogAppender (GrpcLogAppender.java:onError(546)) - s2@group-64B60AA06307->s4-GrpcLogAppender is already stopped
2024-09-29 22:58:01,911 [s1@group-64B60AA06307-StateMachineUpdater] TRACE util.FileUtils (LogUtils.java:runAndLog(49)) - Successfully ran Atomic Files.move /tmp/ratis-tests/statemachine/s1/tmp/1a305a79-313a-4120-b136-ace1f853025e to /tmp/ratis-tests/statemachine/s1/snapshot/2_263
2024-09-29 22:58:01,911 [s1@group-64B60AA06307-FollowerState] INFO  impl.FollowerState (FollowerState.java:run(153)) - s1@group-64B60AA06307-FollowerState was interrupted
2024-09-29 22:58:01,914 [s2-impl-thread1] WARN  server.RaftServer$Division (ServerState.java:close(437)) - s2@group-64B60AA06307: Failed to close raft log s2@group-64B60AA06307-SegmentedRaftLog:CLOSED:c256
java.lang.IllegalStateException: Failed to release: object has already been completely released.
	at org.apache.ratis.util.ReferenceCountedLeakDetector$Impl.release(ReferenceCountedLeakDetector.java:130)
	at org.apache.ratis.util.ReferenceCountedLeakDetector$SimpleTracing.release(ReferenceCountedLeakDetector.java:152)
	at java.util.concurrent.ConcurrentHashMap$ValuesView.forEach(ConcurrentHashMap.java:4705)
	at org.apache.ratis.server.raftlog.segmented.LogSegment$EntryCache.clear(LogSegment.java:309)
	at org.apache.ratis.server.raftlog.segmented.LogSegment.evictCache(LogSegment.java:517)
	at org.apache.ratis.server.raftlog.segmented.LogSegment.clear(LogSegment.java:508)
	at org.apache.ratis.server.raftlog.segmented.SegmentedRaftLogCache.close(SegmentedRaftLogCache.java:742)
	at org.apache.ratis.server.raftlog.segmented.SegmentedRaftLog.close(SegmentedRaftLog.java:563)
	at org.apache.ratis.server.impl.ServerState.close(ServerState.java:434)
	at org.apache.ratis.server.impl.RaftServerImpl.lambda$close$1(RaftServerImpl.java:532)
	at org.apache.ratis.util.LifeCycle.lambda$checkStateAndClose$7(LifeCycle.java:306)
	at org.apache.ratis.util.LifeCycle.checkStateAndClose(LifeCycle.java:326)
	at org.apache.ratis.util.LifeCycle.checkStateAndClose(LifeCycle.java:304)
	at org.apache.ratis.server.impl.RaftServerImpl.close(RaftServerImpl.java:509)
	at org.apache.ratis.server.impl.RaftServerProxy$ImplMap.close(RaftServerProxy.java:137)
	at org.apache.ratis.server.impl.RaftServerProxy$ImplMap.lambda$close$0(RaftServerProxy.java:124)
	at org.apache.ratis.util.ConcurrentUtils.accept(ConcurrentUtils.java:203)
	at org.apache.ratis.util.ConcurrentUtils.lambda$null$4(ConcurrentUtils.java:182)
	at java.util.concurrent.ThreadPoolExecutor.runWorker(ThreadPoolExecutor.java:1149)
	at java.util.concurrent.ThreadPoolExecutor$Worker.run(ThreadPoolExecutor.java:624)
	at java.lang.Thread.run(Thread.java:750)
2024-09-29 22:58:01,914 [grpc-default-executor-45] INFO  server.GrpcLogAppender (GrpcLogAppender.java:onError(546)) - s2@group-64B60AA06307->s4-GrpcLogAppender is already stopped
2024-09-29 22:58:01,914 [s4@group-64B60AA06307-StateMachineUpdater] TRACE util.FileUtils (FileUtils.java:deleteFully(305)) - deleteFully /tmp/ratis-tests/statemachine/s4/snapshot/2_263
2024-09-29 22:58:01,914 [s4@group-64B60AA06307-FollowerState] INFO  impl.FollowerState (FollowerState.java:run(153)) - s4@group-64B60AA06307-FollowerState was interrupted
2024-09-29 22:58:01,911 [grpc-default-executor-46] INFO  server.GrpcLogAppender (GrpcLogAppender.java:onCompleted(559)) - s0@group-64B60AA06307->s3-AppendLogResponseHandler: follower responses appendEntries COMPLETED
2024-09-29 22:58:01,914 [grpc-default-executor-5] INFO  server.GrpcLogAppender (GrpcLogAppender.java:onCompleted(559)) - s0@group-64B60AA06307->s1-AppendLogResponseHandler: follower responses appendEntries COMPLETED
2024-09-29 22:58:01,914 [s4@group-64B60AA06307-StateMachineUpdater] TRACE util.FileUtils (FileUtils.java:deleteFully(318)) - deleteFully: /tmp/ratis-tests/statemachine/s4/snapshot/2_263 does not exist.
2024-09-29 22:58:01,915 [s4@group-64B60AA06307-StateMachineUpdater] TRACE util.FileUtils (FileUtils.java:deleteFully(305)) - deleteFully /tmp/ratis-tests/statemachine/s4/tmp/ccf8ab15-bdd4-4f8d-8138-f78e61986988
2024-09-29 22:58:01,913 [s1@group-64B60AA06307-StateMachineUpdater] INFO  impl.StateMachineUpdater (StateMachineUpdater.java:takeSnapshot(308)) - s1@group-64B60AA06307-StateMachineUpdater: Took a snapshot at index 263
2024-09-29 22:58:01,915 [s4@group-64B60AA06307-StateMachineUpdater] TRACE util.FileUtils (FileUtils.java:deleteFully(318)) - deleteFully: /tmp/ratis-tests/statemachine/s4/tmp/ccf8ab15-bdd4-4f8d-8138-f78e61986988 does not exist.
2024-09-29 22:58:01,913 [grpc-default-executor-42] INFO  server.GrpcLogAppender (GrpcLogAppender.java:onError(546)) - s2@group-64B60AA06307->s4-GrpcLogAppender is already stopped
2024-09-29 22:58:01,915 [s4@group-64B60AA06307-StateMachineUpdater] TRACE util.FileUtils (LogUtils.java:runAndLog(49)) - Successfully ran Atomic Files.move /tmp/ratis-tests/statemachine/s4/tmp/ccf8ab15-bdd4-4f8d-8138-f78e61986988 to /tmp/ratis-tests/statemachine/s4/snapshot/2_263
2024-09-29 22:58:01,915 [s4@group-64B60AA06307-StateMachineUpdater] INFO  impl.StateMachineUpdater (StateMachineUpdater.java:takeSnapshot(308)) - s4@group-64B60AA06307-StateMachineUpdater: Took a snapshot at index 263
2024-09-29 22:58:01,915 [s4@group-64B60AA06307-StateMachineUpdater] INFO  impl.StateMachineUpdater (StateMachineUpdater.java:lambda$new$0(102)) - s4@group-64B60AA06307-StateMachineUpdater: snapshotIndex: updateIncreasingly 255 -> 263
2024-09-29 22:58:01,915 [s4@group-64B60AA06307-StateMachineUpdater] INFO  impl.StateMachineUpdater (StateMachineUpdater.java:stop(141)) - s4@group-64B60AA06307-StateMachineUpdater: closing StateMachineWithSeparatedSnapshotPath, lastApplied=(t:2, i:263)
2024-09-29 22:58:01,913 [s0@group-64B60AA06307-StateMachineUpdater] TRACE util.FileUtils (FileUtils.java:deleteFully(305)) - deleteFully /tmp/ratis-tests/statemachine/s0/snapshot/2_264
2024-09-29 22:58:01,915 [s0@group-64B60AA06307-StateMachineUpdater] TRACE util.FileUtils (FileUtils.java:deleteFully(318)) - deleteFully: /tmp/ratis-tests/statemachine/s0/snapshot/2_264 does not exist.
2024-09-29 22:58:01,916 [s0@group-64B60AA06307-StateMachineUpdater] TRACE util.FileUtils (FileUtils.java:deleteFully(305)) - deleteFully /tmp/ratis-tests/statemachine/s0/tmp/50b76e48-117f-4691-a756-6b121b1ef315
2024-09-29 22:58:01,916 [s0@group-64B60AA06307-StateMachineUpdater] TRACE util.FileUtils (FileUtils.java:deleteFully(318)) - deleteFully: /tmp/ratis-tests/statemachine/s0/tmp/50b76e48-117f-4691-a756-6b121b1ef315 does not exist.
2024-09-29 22:58:01,916 [s0@group-64B60AA06307-StateMachineUpdater] TRACE util.FileUtils (LogUtils.java:runAndLog(49)) - Successfully ran Atomic Files.move /tmp/ratis-tests/statemachine/s0/tmp/50b76e48-117f-4691-a756-6b121b1ef315 to /tmp/ratis-tests/statemachine/s0/snapshot/2_264
2024-09-29 22:58:01,916 [s0@group-64B60AA06307-StateMachineUpdater] INFO  impl.StateMachineUpdater (StateMachineUpdater.java:takeSnapshot(308)) - s0@group-64B60AA06307-StateMachineUpdater: Took a snapshot at index 264
2024-09-29 22:58:01,916 [s0@group-64B60AA06307-StateMachineUpdater] INFO  impl.StateMachineUpdater (StateMachineUpdater.java:lambda$new$0(102)) - s0@group-64B60AA06307-StateMachineUpdater: snapshotIndex: updateIncreasingly 255 -> 264
2024-09-29 22:58:01,916 [s0@group-64B60AA06307-StateMachineUpdater] INFO  raftlog.RaftLog (RaftLogBase.java:purge(329)) - s0@group-64B60AA06307-SegmentedRaftLog: purge 264
2024-09-29 22:58:01,918 [s0@group-64B60AA06307-StateMachineUpdater] INFO  raftlog.RaftLog (RaftLogBase.java:lambda$new$0(57)) - s0@group-64B60AA06307-SegmentedRaftLog: snapshotIndex: updateIncreasingly 255 -> 264
2024-09-29 22:58:01,918 [grpc-default-executor-21] INFO  util.CodeInjectionForTesting (BlockRequestHandlingInjection.java:execute(84)) - s2: unBlock request from s3
2024-09-29 22:58:01,918 [grpc-default-executor-21] INFO  server.RaftServer$Division (RaftServerImpl.java:requestVote(1439)) - s2@group-64B60AA06307: receive requestVote(PRE_VOTE, s3, group-64B60AA06307, 1, (t:1, i:257))
2024-09-29 22:58:01,918 [s0@group-64B60AA06307-StateMachineUpdater] INFO  impl.StateMachineUpdater (StateMachineUpdater.java:stop(141)) - s0@group-64B60AA06307-StateMachineUpdater: closing StateMachineWithSeparatedSnapshotPath, lastApplied=(t:2, i:264)
2024-09-29 22:58:01,918 [grpc-default-executor-21] WARN  server.GrpcServerProtocolService (LogUtils.java:warn(121)) - s2: Failed requestVote s3->s2#0: org.apache.ratis.protocol.exceptions.ServerNotReadyException: s2@group-64B60AA06307 is not in [RUNNING]: current state is CLOSING
2024-09-29 22:58:01,913 [s0-impl-thread1] INFO  impl.StateMachineUpdater (StateMachineUpdater.java:stopAndJoin(164)) - s0@group-64B60AA06307-StateMachineUpdater: set stopIndex = 264
2024-09-29 22:58:01,913 [grpc-default-executor-43] INFO  server.GrpcLogAppender (GrpcLogAppender.java:onError(546)) - s2@group-64B60AA06307->s4-GrpcLogAppender is already stopped
2024-09-29 22:58:01,918 [s0@group-64B60AA06307-SegmentedRaftLogWorker] TRACE util.FileUtils (LogUtils.java:runAndLog(49)) - Successfully ran Files.delete /home/runner/work/ratis/ratis/ratis-test/target/test/data/f7ba0e94/MiniRaftClusterWithGrpcf830cfe0/s0/98f49a44-d84f-4a2d-a14b-64b60aa06307/current/log_0-256
2024-09-29 22:58:01,915 [s1@group-64B60AA06307-StateMachineUpdater] INFO  impl.StateMachineUpdater (StateMachineUpdater.java:lambda$new$0(102)) - s1@group-64B60AA06307-StateMachineUpdater: snapshotIndex: updateIncreasingly 255 -> 263
2024-09-29 22:58:01,919 [s0@group-64B60AA06307-SegmentedRaftLogWorker] INFO  raftlog.RaftLog (RaftLogBase.java:lambda$new$0(57)) - s0@group-64B60AA06307-SegmentedRaftLog: purgeIndex: updateToMax old=254, new=256, updated? true
2024-09-29 22:58:01,919 [s1@group-64B60AA06307-StateMachineUpdater] INFO  impl.StateMachineUpdater (StateMachineUpdater.java:stop(141)) - s1@group-64B60AA06307-StateMachineUpdater: closing StateMachineWithSeparatedSnapshotPath, lastApplied=(t:2, i:263)
2024-09-29 22:58:01,921 [grpc-default-executor-44] INFO  server.GrpcLogAppender (GrpcLogAppender.java:onError(546)) - s2@group-64B60AA06307->s4-GrpcLogAppender is already stopped
2024-09-29 22:58:01,922 [s0-server-thread6] INFO  util.CodeInjectionForTesting (BlockRequestHandlingInjection.java:execute(84)) - s0: unBlock request from s2
2024-09-29 22:58:01,923 [s0-server-thread6] ERROR server.RaftServer$Division (RaftServerImpl.java:appendEntriesAsync(1510)) - s0@group-64B60AA06307: Failed appendEntries* s2->s0#0-t1,previous=(t:0, i:0),leaderCommit=0,initializing? true,HEARTBEAT
org.apache.ratis.protocol.exceptions.ServerNotReadyException: s0@group-64B60AA06307 is not in [STARTING, RUNNING]: current state is CLOSING
	at org.apache.ratis.server.impl.RaftServerImpl.lambda$assertLifeCycleState$7(RaftServerImpl.java:783)
	at org.apache.ratis.util.LifeCycle.assertCurrentState(LifeCycle.java:260)
	at org.apache.ratis.server.impl.RaftServerImpl.assertLifeCycleState(RaftServerImpl.java:782)
	at org.apache.ratis.server.impl.RaftServerImpl.appendEntriesAsync(RaftServerImpl.java:1501)
	at org.apache.ratis.server.impl.RaftServerProxy.lambda$null$28(RaftServerProxy.java:655)
	at org.apache.ratis.util.JavaUtils.callAsUnchecked(JavaUtils.java:118)
	at org.apache.ratis.server.impl.RaftServerImpl.lambda$executeSubmitServerRequestAsync$10(RaftServerImpl.java:899)
	at java.util.concurrent.CompletableFuture$AsyncSupply.run(CompletableFuture.java:1604)
	at java.util.concurrent.ThreadPoolExecutor.runWorker(ThreadPoolExecutor.java:1149)
	at java.util.concurrent.ThreadPoolExecutor$Worker.run(ThreadPoolExecutor.java:624)
	at java.lang.Thread.run(Thread.java:750)
2024-09-29 22:58:01,923 [grpc-default-executor-41] INFO  server.GrpcLogAppender (GrpcLogAppender.java:onError(546)) - s2@group-64B60AA06307->s4-GrpcLogAppender is already stopped
2024-09-29 22:58:01,923 [s3@group-64B60AA06307-StateMachineUpdater] TRACE util.FileUtils (LogUtils.java:runAndLog(49)) - Successfully ran Atomic Files.move /tmp/ratis-tests/statemachine/s3/tmp/622a8f8a-a1f1-436a-a675-b4e108a7932b to /tmp/ratis-tests/statemachine/s3/snapshot/2_263
2024-09-29 22:58:01,923 [s3@group-64B60AA06307-StateMachineUpdater] INFO  impl.StateMachineUpdater (StateMachineUpdater.java:takeSnapshot(308)) - s3@group-64B60AA06307-StateMachineUpdater: Took a snapshot at index 263
2024-09-29 22:58:01,923 [s3@group-64B60AA06307-StateMachineUpdater] INFO  impl.StateMachineUpdater (StateMachineUpdater.java:lambda$new$0(102)) - s3@group-64B60AA06307-StateMachineUpdater: snapshotIndex: updateIncreasingly 255 -> 263
2024-09-29 22:58:01,923 [s3@group-64B60AA06307-StateMachineUpdater] INFO  impl.StateMachineUpdater (StateMachineUpdater.java:stop(141)) - s3@group-64B60AA06307-StateMachineUpdater: closing StateMachineWithSeparatedSnapshotPath, lastApplied=(t:2, i:263)
2024-09-29 22:58:01,924 [s3@group-64B60AA06307-cacheEviction-AwaitToRun] INFO  util.AwaitToRun (AwaitToRun.java:run(49)) - s3@group-64B60AA06307-cacheEviction-AwaitToRun-AwaitForSignal is interrupted
2024-09-29 22:58:01,924 [s1@group-64B60AA06307-cacheEviction-AwaitToRun] INFO  util.AwaitToRun (AwaitToRun.java:run(49)) - s1@group-64B60AA06307-cacheEviction-AwaitToRun-AwaitForSignal is interrupted
2024-09-29 22:58:01,941 [Thread-317] INFO  server.GrpcServerProtocolClient (GrpcServerProtocolClient.java:close(105)) - s4 Close channels
2024-09-29 22:58:01,942 [Thread-322] INFO  server.GrpcServerProtocolClient (GrpcServerProtocolClient.java:close(105)) - s2 Close channels
2024-09-29 22:58:01,941 [Thread-320] INFO  server.GrpcServerProtocolClient (GrpcServerProtocolClient.java:close(105)) - s0 Close channels
2024-09-29 22:58:01,942 [Thread-321] INFO  server.GrpcServerProtocolClient (GrpcServerProtocolClient.java:close(105)) - s1 Close channels
2024-09-29 22:58:01,942 [Thread-327] INFO  server.GrpcServerProtocolClient (GrpcServerProtocolClient.java:close(105)) - s2 Close channels
2024-09-29 22:58:01,942 [Thread-319] INFO  server.GrpcServerProtocolClient (GrpcServerProtocolClient.java:close(105)) - s3 Close channels
2024-09-29 22:58:01,943 [Thread-325] INFO  server.GrpcServerProtocolClient (GrpcServerProtocolClient.java:close(105)) - s0 Close channels
2024-09-29 22:58:01,943 [Thread-330] INFO  server.GrpcServerProtocolClient (GrpcServerProtocolClient.java:close(105)) - s1 Close channels
2024-09-29 22:58:01,943 [Thread-331] INFO  server.GrpcServerProtocolClient (GrpcServerProtocolClient.java:close(105)) - s2 Close channels
2024-09-29 22:58:01,943 [Thread-318] INFO  server.GrpcServerProtocolClient (GrpcServerProtocolClient.java:close(105)) - s3 Close channels
2024-09-29 22:58:01,943 [Thread-332] INFO  server.GrpcServerProtocolClient (GrpcServerProtocolClient.java:close(105)) - s4 Close channels
2024-09-29 22:58:01,943 [Thread-328] INFO  server.GrpcServerProtocolClient (GrpcServerProtocolClient.java:close(105)) - s4 Close channels
2024-09-29 22:58:01,943 [Thread-333] INFO  server.GrpcServerProtocolClient (GrpcServerProtocolClient.java:close(105)) - s0 Close channels
2024-09-29 22:58:01,944 [s0@group-64B60AA06307-cacheEviction-AwaitToRun] INFO  util.AwaitToRun (AwaitToRun.java:run(49)) - s0@group-64B60AA06307-cacheEviction-AwaitToRun-AwaitForSignal is interrupted
2024-09-29 22:58:01,947 [s4@group-64B60AA06307-cacheEviction-AwaitToRun] INFO  util.AwaitToRun (AwaitToRun.java:run(49)) - s4@group-64B60AA06307-cacheEviction-AwaitToRun-AwaitForSignal is interrupted
2024-09-29 22:58:01,949 [MiniRaftCluster-8] INFO  server.GrpcService (GrpcService.java:closeImpl(359)) - s4: shutdown server GrpcServerProtocolService successfully
2024-09-29 22:58:01,949 [Thread-334] INFO  server.GrpcServerProtocolClient (GrpcServerProtocolClient.java:close(105)) - s1 Close channels
2024-09-29 22:58:01,950 [MiniRaftCluster-7] INFO  server.GrpcService (GrpcService.java:closeImpl(359)) - s3: shutdown server GrpcServerProtocolService successfully
2024-09-29 22:58:01,950 [MiniRaftCluster-10] INFO  server.GrpcService (GrpcService.java:closeImpl(359)) - s1: shutdown server org.apache.ratis.grpc.server.GrpcClientProtocolService successfully
2024-09-29 22:58:01,950 [MiniRaftCluster-10] INFO  server.GrpcService (GrpcService.java:closeImpl(350)) - s1: shutdown server GrpcServerProtocolService now
2024-09-29 22:58:01,951 [MiniRaftCluster-10] INFO  server.GrpcService (GrpcService.java:closeImpl(359)) - s1: shutdown server GrpcServerProtocolService successfully
2024-09-29 22:58:01,951 [MiniRaftCluster-10] INFO  server.GrpcService (GrpcService.java:closeImpl(350)) - s1: shutdown server org.apache.ratis.grpc.server.GrpcAdminProtocolService now
2024-09-29 22:58:01,951 [grpc-default-executor-6] INFO  server.GrpcLogAppender (GrpcLogAppender.java:onError(546)) - s2@group-64B60AA06307->s1-GrpcLogAppender is already stopped
2024-09-29 22:58:01,951 [MiniRaftCluster-10] INFO  server.GrpcService (GrpcService.java:closeImpl(359)) - s1: shutdown server org.apache.ratis.grpc.server.GrpcAdminProtocolService successfully
2024-09-29 22:58:01,951 [grpc-default-executor-33] INFO  util.CodeInjectionForTesting (BlockRequestHandlingInjection.java:execute(84)) - s2: unBlock request from s0
2024-09-29 22:58:01,951 [grpc-default-executor-33] INFO  server.RaftServer$Division (RaftServerImpl.java:requestVote(1439)) - s2@group-64B60AA06307: receive requestVote(PRE_VOTE, s0, group-64B60AA06307, 1, (t:1, i:256))
2024-09-29 22:58:01,951 [grpc-default-executor-33] WARN  server.GrpcServerProtocolService (LogUtils.java:warn(121)) - s2: Failed requestVote s0->s2#0: org.apache.ratis.protocol.exceptions.ServerNotReadyException: s2@group-64B60AA06307 is not in [RUNNING]: current state is CLOSING
2024-09-29 22:58:01,953 [s0-server-thread7] INFO  util.CodeInjectionForTesting (BlockRequestHandlingInjection.java:execute(84)) - s0: unBlock request from s2
2024-09-29 22:58:01,954 [s0-server-thread7] ERROR server.RaftServer$Division (RaftServerImpl.java:appendEntriesAsync(1510)) - s0@group-64B60AA06307: Failed appendEntries* s2->s0#0-t1,previous=(t:0, i:0),leaderCommit=0,initializing? true,HEARTBEAT
org.apache.ratis.protocol.exceptions.ServerNotReadyException: s0@group-64B60AA06307 is not in [STARTING, RUNNING]: current state is CLOSING
	at org.apache.ratis.server.impl.RaftServerImpl.lambda$assertLifeCycleState$7(RaftServerImpl.java:783)
	at org.apache.ratis.util.LifeCycle.assertCurrentState(LifeCycle.java:260)
	at org.apache.ratis.server.impl.RaftServerImpl.assertLifeCycleState(RaftServerImpl.java:782)
	at org.apache.ratis.server.impl.RaftServerImpl.appendEntriesAsync(RaftServerImpl.java:1501)
	at org.apache.ratis.server.impl.RaftServerProxy.lambda$null$28(RaftServerProxy.java:655)
	at org.apache.ratis.util.JavaUtils.callAsUnchecked(JavaUtils.java:118)
	at org.apache.ratis.server.impl.RaftServerImpl.lambda$executeSubmitServerRequestAsync$10(RaftServerImpl.java:899)
	at java.util.concurrent.CompletableFuture$AsyncSupply.run(CompletableFuture.java:1604)
	at java.util.concurrent.ThreadPoolExecutor.runWorker(ThreadPoolExecutor.java:1149)
	at java.util.concurrent.ThreadPoolExecutor$Worker.run(ThreadPoolExecutor.java:624)
	at java.lang.Thread.run(Thread.java:750)
2024-09-29 22:58:01,955 [grpc-default-executor-34] INFO  util.CodeInjectionForTesting (BlockRequestHandlingInjection.java:execute(84)) - s2: unBlock request from s0
2024-09-29 22:58:01,955 [grpc-default-executor-34] INFO  server.RaftServer$Division (RaftServerImpl.java:requestVote(1439)) - s2@group-64B60AA06307: receive requestVote(ELECTION, s0, group-64B60AA06307, 2, (t:1, i:256))
2024-09-29 22:58:01,955 [grpc-default-executor-34] WARN  server.GrpcServerProtocolService (LogUtils.java:warn(121)) - s2: Failed requestVote s0->s2#0: org.apache.ratis.protocol.exceptions.ServerNotReadyException: s2@group-64B60AA06307 is not in [RUNNING]: current state is CLOSING
2024-09-29 22:58:01,968 [s0-server-thread8] INFO  util.CodeInjectionForTesting (BlockRequestHandlingInjection.java:execute(84)) - s0: unBlock request from s2
2024-09-29 22:58:01,968 [s0-server-thread8] ERROR server.RaftServer$Division (RaftServerImpl.java:appendEntriesAsync(1510)) - s0@group-64B60AA06307: Failed appendEntries* s2->s0#0-t1,previous=(t:0, i:0),leaderCommit=0,initializing? true,HEARTBEAT
org.apache.ratis.protocol.exceptions.ServerNotReadyException: s0@group-64B60AA06307 is not in [STARTING, RUNNING]: current state is CLOSING
	at org.apache.ratis.server.impl.RaftServerImpl.lambda$assertLifeCycleState$7(RaftServerImpl.java:783)
	at org.apache.ratis.util.LifeCycle.assertCurrentState(LifeCycle.java:260)
	at org.apache.ratis.server.impl.RaftServerImpl.assertLifeCycleState(RaftServerImpl.java:782)
	at org.apache.ratis.server.impl.RaftServerImpl.appendEntriesAsync(RaftServerImpl.java:1501)
	at org.apache.ratis.server.impl.RaftServerProxy.lambda$null$28(RaftServerProxy.java:655)
	at org.apache.ratis.util.JavaUtils.callAsUnchecked(JavaUtils.java:118)
	at org.apache.ratis.server.impl.RaftServerImpl.lambda$executeSubmitServerRequestAsync$10(RaftServerImpl.java:899)
	at java.util.concurrent.CompletableFuture$AsyncSupply.run(CompletableFuture.java:1604)
	at java.util.concurrent.ThreadPoolExecutor.runWorker(ThreadPoolExecutor.java:1149)
	at java.util.concurrent.ThreadPoolExecutor$Worker.run(ThreadPoolExecutor.java:624)
	at java.lang.Thread.run(Thread.java:750)
2024-09-29 22:58:01,974 [s2-server-thread1] INFO  util.CodeInjectionForTesting (BlockRequestHandlingInjection.java:execute(84)) - s2: unBlock request from s0
2024-09-29 22:58:01,974 [s2-server-thread1] ERROR server.RaftServer$Division (RaftServerImpl.java:appendEntriesAsync(1510)) - s2@group-64B60AA06307: Failed appendEntries* s0->s2#0-t2,previous=(t:1, i:256),leaderCommit=255,initializing? false,HEARTBEAT
org.apache.ratis.protocol.exceptions.ServerNotReadyException: s2@group-64B60AA06307 is not in [STARTING, RUNNING]: current state is CLOSING
	at org.apache.ratis.server.impl.RaftServerImpl.lambda$assertLifeCycleState$7(RaftServerImpl.java:783)
	at org.apache.ratis.util.LifeCycle.assertCurrentState(LifeCycle.java:260)
	at org.apache.ratis.server.impl.RaftServerImpl.assertLifeCycleState(RaftServerImpl.java:782)
	at org.apache.ratis.server.impl.RaftServerImpl.appendEntriesAsync(RaftServerImpl.java:1501)
	at org.apache.ratis.server.impl.RaftServerProxy.lambda$null$28(RaftServerProxy.java:655)
	at org.apache.ratis.util.JavaUtils.callAsUnchecked(JavaUtils.java:118)
	at org.apache.ratis.server.impl.RaftServerImpl.lambda$executeSubmitServerRequestAsync$10(RaftServerImpl.java:899)
	at java.util.concurrent.CompletableFuture$AsyncSupply.run(CompletableFuture.java:1604)
	at java.util.concurrent.ThreadPoolExecutor.runWorker(ThreadPoolExecutor.java:1149)
	at java.util.concurrent.ThreadPoolExecutor$Worker.run(ThreadPoolExecutor.java:624)
	at java.lang.Thread.run(Thread.java:750)
2024-09-29 22:58:01,975 [grpc-default-executor-40] WARN  server.GrpcServerProtocolService (LogUtils.java:warn(123)) - s2: Failed APPEND_ENTRIES request cid=1, isHeartbeat? false
java.util.concurrent.CompletionException: java.util.concurrent.RejectedExecutionException: Task java.util.concurrent.CompletableFuture$AsyncSupply@4f4143a7 rejected from java.util.concurrent.ThreadPoolExecutor@5bea3c10[Terminated, pool size = 0, active threads = 0, queued tasks = 0, completed tasks = 5]
	at java.util.concurrent.CompletableFuture.encodeThrowable(CompletableFuture.java:273)
	at java.util.concurrent.CompletableFuture.uniComposeStage(CompletableFuture.java:1005)
	at java.util.concurrent.CompletableFuture.thenCompose(CompletableFuture.java:2137)
	at org.apache.ratis.server.impl.RaftServerProxy.appendEntriesAsync(RaftServerProxy.java:655)
	at org.apache.ratis.grpc.server.GrpcServerProtocolService$1.process(GrpcServerProtocolService.java:307)
	at org.apache.ratis.grpc.server.GrpcServerProtocolService$ServerRequestStreamObserver.onNext(GrpcServerProtocolService.java:174)
	at org.apache.ratis.thirdparty.io.grpc.stub.ServerCalls$StreamingServerCallHandler$StreamingServerCallListener.onMessage(ServerCalls.java:262)
	at org.apache.ratis.thirdparty.io.grpc.internal.ServerCallImpl$ServerStreamListenerImpl.messagesAvailableInternal(ServerCallImpl.java:329)
	at org.apache.ratis.thirdparty.io.grpc.internal.ServerCallImpl$ServerStreamListenerImpl.messagesAvailable(ServerCallImpl.java:314)
	at org.apache.ratis.thirdparty.io.grpc.internal.ServerImpl$JumpToApplicationThreadServerStreamListener$1MessagesAvailable.runInContext(ServerImpl.java:833)
	at org.apache.ratis.thirdparty.io.grpc.internal.ContextRunnable.run(ContextRunnable.java:37)
	at org.apache.ratis.thirdparty.io.grpc.internal.SerializingExecutor.run(SerializingExecutor.java:133)
	at java.util.concurrent.ThreadPoolExecutor.runWorker(ThreadPoolExecutor.java:1149)
	at java.util.concurrent.ThreadPoolExecutor$Worker.run(ThreadPoolExecutor.java:624)
	at java.lang.Thread.run(Thread.java:750)
Caused by: java.util.concurrent.RejectedExecutionException: Task java.util.concurrent.CompletableFuture$AsyncSupply@4f4143a7 rejected from java.util.concurrent.ThreadPoolExecutor@5bea3c10[Terminated, pool size = 0, active threads = 0, queued tasks = 0, completed tasks = 5]
	at java.util.concurrent.ThreadPoolExecutor$AbortPolicy.rejectedExecution(ThreadPoolExecutor.java:2063)
	at java.util.concurrent.ThreadPoolExecutor.reject(ThreadPoolExecutor.java:830)
	at java.util.concurrent.ThreadPoolExecutor.execute(ThreadPoolExecutor.java:1379)
	at java.util.concurrent.CompletableFuture.asyncSupplyStage(CompletableFuture.java:1618)
	at java.util.concurrent.CompletableFuture.supplyAsync(CompletableFuture.java:1843)
	at org.apache.ratis.server.impl.RaftServerImpl.executeSubmitServerRequestAsync(RaftServerImpl.java:898)
	at org.apache.ratis.server.impl.RaftServerProxy.lambda$appendEntriesAsync$29(RaftServerProxy.java:655)
	at java.util.concurrent.CompletableFuture.uniComposeStage(CompletableFuture.java:995)
	... 13 more
2024-09-29 22:58:01,976 [grpc-default-executor-9] INFO  util.CodeInjectionForTesting (BlockRequestHandlingInjection.java:execute(84)) - s2: unBlock request from s0
2024-09-29 22:58:01,980 [grpc-default-executor-9] INFO  server.RaftServer$Division (RaftServerImpl.java:requestVote(1439)) - s2@group-64B60AA06307: receive requestVote(PRE_VOTE, s0, group-64B60AA06307, 1, (t:1, i:256))
2024-09-29 22:58:01,981 [grpc-default-executor-9] WARN  server.GrpcServerProtocolService (LogUtils.java:warn(121)) - s2: Failed requestVote s0->s2#0: org.apache.ratis.protocol.exceptions.ServerNotReadyException: s2@group-64B60AA06307 is not in [RUNNING]: current state is CLOSED
2024-09-29 22:58:01,980 [s0-server-thread9] INFO  util.CodeInjectionForTesting (BlockRequestHandlingInjection.java:execute(84)) - s0: unBlock request from s2
2024-09-29 22:58:01,982 [s0-server-thread9] ERROR server.RaftServer$Division (RaftServerImpl.java:appendEntriesAsync(1510)) - s0@group-64B60AA06307: Failed appendEntries* s2->s0#0-t1,previous=(t:0, i:0),leaderCommit=0,initializing? true,HEARTBEAT
org.apache.ratis.protocol.exceptions.ServerNotReadyException: s0@group-64B60AA06307 is not in [STARTING, RUNNING]: current state is CLOSING
	at org.apache.ratis.server.impl.RaftServerImpl.lambda$assertLifeCycleState$7(RaftServerImpl.java:783)
	at org.apache.ratis.util.LifeCycle.assertCurrentState(LifeCycle.java:260)
	at org.apache.ratis.server.impl.RaftServerImpl.assertLifeCycleState(RaftServerImpl.java:782)
	at org.apache.ratis.server.impl.RaftServerImpl.appendEntriesAsync(RaftServerImpl.java:1501)
	at org.apache.ratis.server.impl.RaftServerProxy.lambda$null$28(RaftServerProxy.java:655)
	at org.apache.ratis.util.JavaUtils.callAsUnchecked(JavaUtils.java:118)
	at org.apache.ratis.server.impl.RaftServerImpl.lambda$executeSubmitServerRequestAsync$10(RaftServerImpl.java:899)
	at java.util.concurrent.CompletableFuture$AsyncSupply.run(CompletableFuture.java:1604)
	at java.util.concurrent.ThreadPoolExecutor.runWorker(ThreadPoolExecutor.java:1149)
	at java.util.concurrent.ThreadPoolExecutor$Worker.run(ThreadPoolExecutor.java:624)
	at java.lang.Thread.run(Thread.java:750)
2024-09-29 22:58:01,985 [grpc-default-executor-11] INFO  server.GrpcLogAppender (GrpcLogAppender.java:onError(546)) - s0@group-64B60AA06307->s2-GrpcLogAppender is already stopped
2024-09-29 22:58:01,985 [MiniRaftCluster-9] INFO  server.GrpcService (GrpcService.java:closeImpl(359)) - s0: shutdown server org.apache.ratis.grpc.server.GrpcClientProtocolService successfully
2024-09-29 22:58:01,985 [MiniRaftCluster-9] INFO  server.GrpcService (GrpcService.java:closeImpl(350)) - s0: shutdown server GrpcServerProtocolService now
2024-09-29 22:58:01,986 [grpc-default-executor-9] WARN  server.GrpcServerProtocolService (LogUtils.java:warn(121)) - s0: APPEND_ENTRIES onError, lastRequest: null: org.apache.ratis.thirdparty.io.grpc.StatusRuntimeException: CANCELLED: client cancelled
2024-09-29 22:58:01,986 [grpc-default-executor-41] WARN  server.GrpcServerProtocolService (LogUtils.java:warn(121)) - s0: APPEND_ENTRIES onError, lastRequest: null: org.apache.ratis.thirdparty.io.grpc.StatusRuntimeException: CANCELLED: client cancelled
2024-09-29 22:58:01,986 [grpc-default-executor-8] WARN  server.GrpcServerProtocolService (LogUtils.java:warn(121)) - s0: APPEND_ENTRIES onError, lastRequest: null: org.apache.ratis.thirdparty.io.grpc.StatusRuntimeException: CANCELLED: client cancelled
2024-09-29 22:58:01,986 [grpc-default-executor-34] WARN  server.GrpcServerProtocolService (LogUtils.java:warn(121)) - s0: APPEND_ENTRIES onError, lastRequest: null: org.apache.ratis.thirdparty.io.grpc.StatusRuntimeException: CANCELLED: client cancelled
2024-09-29 22:58:01,987 [grpc-default-executor-8] WARN  server.GrpcServerProtocolService (LogUtils.java:warn(121)) - s0: APPEND_ENTRIES onError, lastRequest: null: org.apache.ratis.thirdparty.io.grpc.StatusRuntimeException: CANCELLED: client cancelled
2024-09-29 22:58:01,987 [grpc-default-executor-7] WARN  server.GrpcServerProtocolService (LogUtils.java:warn(121)) - s0: APPEND_ENTRIES onError, lastRequest: null: org.apache.ratis.thirdparty.io.grpc.StatusRuntimeException: CANCELLED: client cancelled
2024-09-29 22:58:01,987 [grpc-default-executor-33] WARN  server.GrpcServerProtocolService (LogUtils.java:warn(121)) - s0: APPEND_ENTRIES onError, lastRequest: null: org.apache.ratis.thirdparty.io.grpc.StatusRuntimeException: CANCELLED: client cancelled
2024-09-29 22:58:01,987 [grpc-default-executor-44] WARN  server.GrpcServerProtocolService (LogUtils.java:warn(121)) - s0: APPEND_ENTRIES onError, lastRequest: null: org.apache.ratis.thirdparty.io.grpc.StatusRuntimeException: CANCELLED: client cancelled
2024-09-29 22:58:01,988 [grpc-default-executor-33] WARN  server.GrpcServerProtocolService (LogUtils.java:warn(121)) - s0: APPEND_ENTRIES onError, lastRequest: null: org.apache.ratis.thirdparty.io.grpc.StatusRuntimeException: CANCELLED: client cancelled
2024-09-29 22:58:01,988 [grpc-default-executor-11] WARN  server.GrpcServerProtocolService (LogUtils.java:warn(121)) - s0: APPEND_ENTRIES onError, lastRequest: null: org.apache.ratis.thirdparty.io.grpc.StatusRuntimeException: CANCELLED: client cancelled
2024-09-29 22:58:01,988 [grpc-default-executor-40] WARN  server.GrpcServerProtocolService (LogUtils.java:warn(121)) - s0: APPEND_ENTRIES onError, lastRequest: null: org.apache.ratis.thirdparty.io.grpc.StatusRuntimeException: CANCELLED: client cancelled
2024-09-29 22:58:01,988 [s0-server-thread10] INFO  util.CodeInjectionForTesting (BlockRequestHandlingInjection.java:execute(84)) - s0: unBlock request from s2
2024-09-29 22:58:01,989 [s0-server-thread10] ERROR server.RaftServer$Division (RaftServerImpl.java:appendEntriesAsync(1510)) - s0@group-64B60AA06307: Failed appendEntries* s2->s0#0-t1,previous=(t:0, i:0),leaderCommit=0,initializing? true,HEARTBEAT
org.apache.ratis.protocol.exceptions.ServerNotReadyException: s0@group-64B60AA06307 is not in [STARTING, RUNNING]: current state is CLOSING
	at org.apache.ratis.server.impl.RaftServerImpl.lambda$assertLifeCycleState$7(RaftServerImpl.java:783)
	at org.apache.ratis.util.LifeCycle.assertCurrentState(LifeCycle.java:260)
	at org.apache.ratis.server.impl.RaftServerImpl.assertLifeCycleState(RaftServerImpl.java:782)
	at org.apache.ratis.server.impl.RaftServerImpl.appendEntriesAsync(RaftServerImpl.java:1501)
	at org.apache.ratis.server.impl.RaftServerProxy.lambda$null$28(RaftServerProxy.java:655)
	at org.apache.ratis.util.JavaUtils.callAsUnchecked(JavaUtils.java:118)
	at org.apache.ratis.server.impl.RaftServerImpl.lambda$executeSubmitServerRequestAsync$10(RaftServerImpl.java:899)
	at java.util.concurrent.CompletableFuture$AsyncSupply.run(CompletableFuture.java:1604)
	at java.util.concurrent.ThreadPoolExecutor.runWorker(ThreadPoolExecutor.java:1149)
	at java.util.concurrent.ThreadPoolExecutor$Worker.run(ThreadPoolExecutor.java:624)
	at java.lang.Thread.run(Thread.java:750)
2024-09-29 22:58:01,989 [grpc-default-executor-11] INFO  server.GrpcLogAppender (GrpcLogAppender.java:onError(546)) - s2@group-64B60AA06307->s0-GrpcLogAppender is already stopped
2024-09-29 22:58:01,989 [grpc-default-executor-6] INFO  server.GrpcLogAppender (GrpcLogAppender.java:onError(546)) - s2@group-64B60AA06307->s0-GrpcLogAppender is already stopped
2024-09-29 22:58:01,989 [grpc-default-executor-41] INFO  server.GrpcLogAppender (GrpcLogAppender.java:onError(546)) - s2@group-64B60AA06307->s0-GrpcLogAppender is already stopped
2024-09-29 22:58:01,989 [grpc-default-executor-7] INFO  server.GrpcLogAppender (GrpcLogAppender.java:onError(546)) - s2@group-64B60AA06307->s0-GrpcLogAppender is already stopped
2024-09-29 22:58:01,989 [grpc-default-executor-9] INFO  server.GrpcLogAppender (GrpcLogAppender.java:onError(546)) - s2@group-64B60AA06307->s0-GrpcLogAppender is already stopped
2024-09-29 22:58:01,989 [grpc-default-executor-11] INFO  server.GrpcLogAppender (GrpcLogAppender.java:onError(546)) - s2@group-64B60AA06307->s0-GrpcLogAppender is already stopped
2024-09-29 22:58:01,989 [grpc-default-executor-33] WARN  server.GrpcServerProtocolService (LogUtils.java:warn(121)) - s0: APPEND_ENTRIES onError, lastRequest: null: org.apache.ratis.thirdparty.io.grpc.StatusRuntimeException: CANCELLED: client cancelled
2024-09-29 22:58:01,989 [grpc-default-executor-33] INFO  server.GrpcLogAppender (GrpcLogAppender.java:onError(546)) - s2@group-64B60AA06307->s0-GrpcLogAppender is already stopped
2024-09-29 22:58:01,989 [grpc-default-executor-33] INFO  server.GrpcLogAppender (GrpcLogAppender.java:onError(546)) - s2@group-64B60AA06307->s0-GrpcLogAppender is already stopped
2024-09-29 22:58:01,989 [grpc-default-executor-33] INFO  server.GrpcLogAppender (GrpcLogAppender.java:onError(546)) - s2@group-64B60AA06307->s0-GrpcLogAppender is already stopped
2024-09-29 22:58:01,990 [grpc-default-executor-33] INFO  server.GrpcLogAppender (GrpcLogAppender.java:onError(546)) - s2@group-64B60AA06307->s0-GrpcLogAppender is already stopped
2024-09-29 22:58:01,990 [grpc-default-executor-7] INFO  server.GrpcLogAppender (GrpcLogAppender.java:onError(546)) - s2@group-64B60AA06307->s0-GrpcLogAppender is already stopped
2024-09-29 22:58:01,990 [grpc-default-executor-7] INFO  server.GrpcLogAppender (GrpcLogAppender.java:onError(546)) - s2@group-64B60AA06307->s0-GrpcLogAppender is already stopped
2024-09-29 22:58:01,990 [grpc-default-executor-7] INFO  server.GrpcLogAppender (GrpcLogAppender.java:onError(546)) - s2@group-64B60AA06307->s0-GrpcLogAppender is already stopped
2024-09-29 22:58:01,990 [grpc-default-executor-46] INFO  server.GrpcLogAppender (GrpcLogAppender.java:onError(546)) - s2@group-64B60AA06307->s0-GrpcLogAppender is already stopped
2024-09-29 22:58:01,990 [grpc-default-executor-33] INFO  server.GrpcLogAppender (GrpcLogAppender.java:onError(546)) - s2@group-64B60AA06307->s0-GrpcLogAppender is already stopped
2024-09-29 22:58:01,990 [grpc-default-executor-40] INFO  server.GrpcLogAppender (GrpcLogAppender.java:onError(546)) - s2@group-64B60AA06307->s0-GrpcLogAppender is already stopped
2024-09-29 22:58:01,990 [MiniRaftCluster-9] INFO  server.GrpcService (GrpcService.java:closeImpl(359)) - s0: shutdown server GrpcServerProtocolService successfully
2024-09-29 22:58:01,990 [MiniRaftCluster-9] INFO  server.GrpcService (GrpcService.java:closeImpl(350)) - s0: shutdown server org.apache.ratis.grpc.server.GrpcAdminProtocolService now
2024-09-29 22:58:01,990 [grpc-default-executor-43] INFO  server.GrpcLogAppender (GrpcLogAppender.java:onError(546)) - s2@group-64B60AA06307->s0-GrpcLogAppender is already stopped
2024-09-29 22:58:01,990 [grpc-default-executor-42] INFO  server.GrpcLogAppender (GrpcLogAppender.java:onError(546)) - s2@group-64B60AA06307->s0-GrpcLogAppender is already stopped
2024-09-29 22:58:01,991 [grpc-default-executor-5] INFO  server.GrpcLogAppender (GrpcLogAppender.java:onError(546)) - s2@group-64B60AA06307->s0-GrpcLogAppender is already stopped
2024-09-29 22:58:01,989 [grpc-default-executor-44] INFO  server.GrpcLogAppender (GrpcLogAppender.java:onError(546)) - s2@group-64B60AA06307->s0-GrpcLogAppender is already stopped
2024-09-29 22:58:01,989 [grpc-default-executor-21] INFO  server.GrpcLogAppender (GrpcLogAppender.java:onError(546)) - s2@group-64B60AA06307->s0-GrpcLogAppender is already stopped
2024-09-29 22:58:01,991 [grpc-default-executor-41] INFO  server.GrpcLogAppender (GrpcLogAppender.java:onError(546)) - s2@group-64B60AA06307->s0-GrpcLogAppender is already stopped
2024-09-29 22:58:01,989 [grpc-default-executor-10] WARN  server.GrpcServerProtocolService (LogUtils.java:warn(121)) - s0: APPEND_ENTRIES onError, lastRequest: null: org.apache.ratis.thirdparty.io.grpc.StatusRuntimeException: CANCELLED: client cancelled
2024-09-29 22:58:01,989 [grpc-default-executor-8] INFO  server.GrpcLogAppender (GrpcLogAppender.java:onError(546)) - s2@group-64B60AA06307->s0-GrpcLogAppender is already stopped
2024-09-29 22:58:01,991 [MiniRaftCluster-11] INFO  server.GrpcService (GrpcService.java:closeImpl(359)) - s2: shutdown server org.apache.ratis.grpc.server.GrpcClientProtocolService successfully
2024-09-29 22:58:01,991 [MiniRaftCluster-11] INFO  server.GrpcService (GrpcService.java:closeImpl(350)) - s2: shutdown server GrpcServerProtocolService now
2024-09-29 22:58:01,991 [grpc-default-executor-9] INFO  server.GrpcLogAppender (GrpcLogAppender.java:onError(546)) - s2@group-64B60AA06307->s0-GrpcLogAppender is already stopped
2024-09-29 22:58:01,991 [grpc-default-executor-11] INFO  server.GrpcLogAppender (GrpcLogAppender.java:onError(546)) - s2@group-64B60AA06307->s0-GrpcLogAppender is already stopped
2024-09-29 22:58:01,991 [grpc-default-executor-6] INFO  server.GrpcLogAppender (GrpcLogAppender.java:onError(546)) - s2@group-64B60AA06307->s0-GrpcLogAppender is already stopped
2024-09-29 22:58:01,990 [grpc-default-executor-33] INFO  server.GrpcLogAppender (GrpcLogAppender.java:onError(546)) - s2@group-64B60AA06307->s0-GrpcLogAppender is already stopped
2024-09-29 22:58:01,990 [grpc-default-executor-46] INFO  server.GrpcLogAppender (GrpcLogAppender.java:onError(546)) - s2@group-64B60AA06307->s0-GrpcLogAppender is already stopped
2024-09-29 22:58:01,990 [grpc-default-executor-7] INFO  server.GrpcLogAppender (GrpcLogAppender.java:onError(546)) - s2@group-64B60AA06307->s0-GrpcLogAppender is already stopped
2024-09-29 22:58:01,989 [grpc-default-executor-34] INFO  server.GrpcLogAppender (GrpcLogAppender.java:onError(546)) - s2@group-64B60AA06307->s0-GrpcLogAppender is already stopped
2024-09-29 22:58:01,994 [MiniRaftCluster-9] INFO  server.GrpcService (GrpcService.java:closeImpl(359)) - s0: shutdown server org.apache.ratis.grpc.server.GrpcAdminProtocolService successfully
2024-09-29 22:58:01,995 [MiniRaftCluster-11] INFO  server.GrpcService (GrpcService.java:closeImpl(359)) - s2: shutdown server GrpcServerProtocolService successfully
2024-09-29 22:58:01,995 [MiniRaftCluster-11] INFO  server.GrpcService (GrpcService.java:closeImpl(350)) - s2: shutdown server org.apache.ratis.grpc.server.GrpcAdminProtocolService now
2024-09-29 22:58:01,996 [MiniRaftCluster-11] INFO  server.GrpcService (GrpcService.java:closeImpl(359)) - s2: shutdown server org.apache.ratis.grpc.server.GrpcAdminProtocolService successfully
2024-09-29 22:58:01,996 [JvmPauseMonitor8] INFO  util.JvmPauseMonitor (JvmPauseMonitor.java:run(152)) - JvmPauseMonitor-s2: Stopped
2024-09-29 22:58:02,014 [s0-server-thread11] INFO  util.CodeInjectionForTesting (BlockRequestHandlingInjection.java:execute(84)) - s0: unBlock request from s2
2024-09-29 22:58:02,014 [s0-server-thread11] ERROR server.RaftServer$Division (RaftServerImpl.java:appendEntriesAsync(1510)) - s0@group-64B60AA06307: Failed appendEntries* s2->s0#0-t1,previous=(t:0, i:0),leaderCommit=0,initializing? true,HEARTBEAT
org.apache.ratis.protocol.exceptions.ServerNotReadyException: s0@group-64B60AA06307 is not in [STARTING, RUNNING]: current state is CLOSING
	at org.apache.ratis.server.impl.RaftServerImpl.lambda$assertLifeCycleState$7(RaftServerImpl.java:783)
	at org.apache.ratis.util.LifeCycle.assertCurrentState(LifeCycle.java:260)
	at org.apache.ratis.server.impl.RaftServerImpl.assertLifeCycleState(RaftServerImpl.java:782)
	at org.apache.ratis.server.impl.RaftServerImpl.appendEntriesAsync(RaftServerImpl.java:1501)
	at org.apache.ratis.server.impl.RaftServerProxy.lambda$null$28(RaftServerProxy.java:655)
	at org.apache.ratis.util.JavaUtils.callAsUnchecked(JavaUtils.java:118)
	at org.apache.ratis.server.impl.RaftServerImpl.lambda$executeSubmitServerRequestAsync$10(RaftServerImpl.java:899)
	at java.util.concurrent.CompletableFuture$AsyncSupply.run(CompletableFuture.java:1604)
	at java.util.concurrent.ThreadPoolExecutor.runWorker(ThreadPoolExecutor.java:1149)
	at java.util.concurrent.ThreadPoolExecutor$Worker.run(ThreadPoolExecutor.java:624)
	at java.lang.Thread.run(Thread.java:750)
2024-09-29 22:58:02,014 [grpc-default-executor-15] WARN  server.GrpcServerProtocolService (LogUtils.java:warn(121)) - s0: APPEND_ENTRIES onError, lastRequest: null: org.apache.ratis.thirdparty.io.grpc.StatusRuntimeException: CANCELLED: client cancelled
2024-09-29 22:58:02,018 [s0-server-thread12] INFO  util.CodeInjectionForTesting (BlockRequestHandlingInjection.java:execute(84)) - s0: unBlock request from s2
2024-09-29 22:58:02,018 [s0-server-thread12] ERROR server.RaftServer$Division (RaftServerImpl.java:appendEntriesAsync(1510)) - s0@group-64B60AA06307: Failed appendEntries* s2->s0#0-t1,previous=(t:0, i:0),leaderCommit=0,initializing? true,HEARTBEAT
org.apache.ratis.protocol.exceptions.ServerNotReadyException: s0@group-64B60AA06307 is not in [STARTING, RUNNING]: current state is CLOSING
	at org.apache.ratis.server.impl.RaftServerImpl.lambda$assertLifeCycleState$7(RaftServerImpl.java:783)
	at org.apache.ratis.util.LifeCycle.assertCurrentState(LifeCycle.java:260)
	at org.apache.ratis.server.impl.RaftServerImpl.assertLifeCycleState(RaftServerImpl.java:782)
	at org.apache.ratis.server.impl.RaftServerImpl.appendEntriesAsync(RaftServerImpl.java:1501)
	at org.apache.ratis.server.impl.RaftServerProxy.lambda$null$28(RaftServerProxy.java:655)
	at org.apache.ratis.util.JavaUtils.callAsUnchecked(JavaUtils.java:118)
	at org.apache.ratis.server.impl.RaftServerImpl.lambda$executeSubmitServerRequestAsync$10(RaftServerImpl.java:899)
	at java.util.concurrent.CompletableFuture$AsyncSupply.run(CompletableFuture.java:1604)
	at java.util.concurrent.ThreadPoolExecutor.runWorker(ThreadPoolExecutor.java:1149)
	at java.util.concurrent.ThreadPoolExecutor$Worker.run(ThreadPoolExecutor.java:624)
	at java.lang.Thread.run(Thread.java:750)
2024-09-29 22:58:02,018 [grpc-default-executor-16] WARN  server.GrpcServerProtocolService (LogUtils.java:warn(121)) - s0: APPEND_ENTRIES onError, lastRequest: null: org.apache.ratis.thirdparty.io.grpc.StatusRuntimeException: CANCELLED: client cancelled
2024-09-29 22:58:02,026 [s0-server-thread13] INFO  util.CodeInjectionForTesting (BlockRequestHandlingInjection.java:execute(84)) - s0: unBlock request from s2
2024-09-29 22:58:02,026 [s0-server-thread13] ERROR server.RaftServer$Division (RaftServerImpl.java:appendEntriesAsync(1510)) - s0@group-64B60AA06307: Failed appendEntries* s2->s0#0-t1,previous=(t:0, i:0),leaderCommit=0,initializing? true,HEARTBEAT
org.apache.ratis.protocol.exceptions.ServerNotReadyException: s0@group-64B60AA06307 is not in [STARTING, RUNNING]: current state is CLOSING
	at org.apache.ratis.server.impl.RaftServerImpl.lambda$assertLifeCycleState$7(RaftServerImpl.java:783)
	at org.apache.ratis.util.LifeCycle.assertCurrentState(LifeCycle.java:260)
	at org.apache.ratis.server.impl.RaftServerImpl.assertLifeCycleState(RaftServerImpl.java:782)
	at org.apache.ratis.server.impl.RaftServerImpl.appendEntriesAsync(RaftServerImpl.java:1501)
	at org.apache.ratis.server.impl.RaftServerProxy.lambda$null$28(RaftServerProxy.java:655)
	at org.apache.ratis.util.JavaUtils.callAsUnchecked(JavaUtils.java:118)
	at org.apache.ratis.server.impl.RaftServerImpl.lambda$executeSubmitServerRequestAsync$10(RaftServerImpl.java:899)
	at java.util.concurrent.CompletableFuture$AsyncSupply.run(CompletableFuture.java:1604)
	at java.util.concurrent.ThreadPoolExecutor.runWorker(ThreadPoolExecutor.java:1149)
	at java.util.concurrent.ThreadPoolExecutor$Worker.run(ThreadPoolExecutor.java:624)
	at java.lang.Thread.run(Thread.java:750)
2024-09-29 22:58:02,026 [grpc-default-executor-12] WARN  server.GrpcServerProtocolService (LogUtils.java:warn(121)) - s0: APPEND_ENTRIES onError, lastRequest: null: org.apache.ratis.thirdparty.io.grpc.StatusRuntimeException: CANCELLED: client cancelled
2024-09-29 22:58:02,036 [s0-server-thread14] INFO  util.CodeInjectionForTesting (BlockRequestHandlingInjection.java:execute(84)) - s0: unBlock request from s2
2024-09-29 22:58:02,036 [s0-server-thread14] ERROR server.RaftServer$Division (RaftServerImpl.java:appendEntriesAsync(1510)) - s0@group-64B60AA06307: Failed appendEntries* s2->s0#0-t1,previous=(t:0, i:0),leaderCommit=0,initializing? true,HEARTBEAT
org.apache.ratis.protocol.exceptions.ServerNotReadyException: s0@group-64B60AA06307 is not in [STARTING, RUNNING]: current state is CLOSING
	at org.apache.ratis.server.impl.RaftServerImpl.lambda$assertLifeCycleState$7(RaftServerImpl.java:783)
	at org.apache.ratis.util.LifeCycle.assertCurrentState(LifeCycle.java:260)
	at org.apache.ratis.server.impl.RaftServerImpl.assertLifeCycleState(RaftServerImpl.java:782)
	at org.apache.ratis.server.impl.RaftServerImpl.appendEntriesAsync(RaftServerImpl.java:1501)
	at org.apache.ratis.server.impl.RaftServerProxy.lambda$null$28(RaftServerProxy.java:655)
	at org.apache.ratis.util.JavaUtils.callAsUnchecked(JavaUtils.java:118)
	at org.apache.ratis.server.impl.RaftServerImpl.lambda$executeSubmitServerRequestAsync$10(RaftServerImpl.java:899)
	at java.util.concurrent.CompletableFuture$AsyncSupply.run(CompletableFuture.java:1604)
	at java.util.concurrent.ThreadPoolExecutor.runWorker(ThreadPoolExecutor.java:1149)
	at java.util.concurrent.ThreadPoolExecutor$Worker.run(ThreadPoolExecutor.java:624)
	at java.lang.Thread.run(Thread.java:750)
2024-09-29 22:58:02,036 [grpc-default-executor-18] WARN  server.GrpcServerProtocolService (LogUtils.java:warn(121)) - s0: APPEND_ENTRIES onError, lastRequest: null: org.apache.ratis.thirdparty.io.grpc.StatusRuntimeException: CANCELLED: client cancelled
2024-09-29 22:58:02,038 [s0-server-thread15] INFO  util.CodeInjectionForTesting (BlockRequestHandlingInjection.java:execute(84)) - s0: unBlock request from s2
2024-09-29 22:58:02,038 [s0-server-thread15] ERROR server.RaftServer$Division (RaftServerImpl.java:appendEntriesAsync(1510)) - s0@group-64B60AA06307: Failed appendEntries* s2->s0#0-t1,previous=(t:0, i:0),leaderCommit=0,initializing? true,HEARTBEAT
org.apache.ratis.protocol.exceptions.ServerNotReadyException: s0@group-64B60AA06307 is not in [STARTING, RUNNING]: current state is CLOSING
	at org.apache.ratis.server.impl.RaftServerImpl.lambda$assertLifeCycleState$7(RaftServerImpl.java:783)
	at org.apache.ratis.util.LifeCycle.assertCurrentState(LifeCycle.java:260)
	at org.apache.ratis.server.impl.RaftServerImpl.assertLifeCycleState(RaftServerImpl.java:782)
	at org.apache.ratis.server.impl.RaftServerImpl.appendEntriesAsync(RaftServerImpl.java:1501)
	at org.apache.ratis.server.impl.RaftServerProxy.lambda$null$28(RaftServerProxy.java:655)
	at org.apache.ratis.util.JavaUtils.callAsUnchecked(JavaUtils.java:118)
	at org.apache.ratis.server.impl.RaftServerImpl.lambda$executeSubmitServerRequestAsync$10(RaftServerImpl.java:899)
	at java.util.concurrent.CompletableFuture$AsyncSupply.run(CompletableFuture.java:1604)
	at java.util.concurrent.ThreadPoolExecutor.runWorker(ThreadPoolExecutor.java:1149)
	at java.util.concurrent.ThreadPoolExecutor$Worker.run(ThreadPoolExecutor.java:624)
	at java.lang.Thread.run(Thread.java:750)
2024-09-29 22:58:02,039 [grpc-default-executor-17] WARN  server.GrpcServerProtocolService (LogUtils.java:warn(121)) - s0: APPEND_ENTRIES onError, lastRequest: null: org.apache.ratis.thirdparty.io.grpc.StatusRuntimeException: CANCELLED: client cancelled
2024-09-29 22:58:02,057 [s0-server-thread16] INFO  util.CodeInjectionForTesting (BlockRequestHandlingInjection.java:execute(84)) - s0: unBlock request from s2
2024-09-29 22:58:02,057 [s0-server-thread16] ERROR server.RaftServer$Division (RaftServerImpl.java:appendEntriesAsync(1510)) - s0@group-64B60AA06307: Failed appendEntries* s2->s0#0-t1,previous=(t:0, i:0),leaderCommit=0,initializing? true,HEARTBEAT
org.apache.ratis.protocol.exceptions.ServerNotReadyException: s0@group-64B60AA06307 is not in [STARTING, RUNNING]: current state is CLOSING
	at org.apache.ratis.server.impl.RaftServerImpl.lambda$assertLifeCycleState$7(RaftServerImpl.java:783)
	at org.apache.ratis.util.LifeCycle.assertCurrentState(LifeCycle.java:260)
	at org.apache.ratis.server.impl.RaftServerImpl.assertLifeCycleState(RaftServerImpl.java:782)
	at org.apache.ratis.server.impl.RaftServerImpl.appendEntriesAsync(RaftServerImpl.java:1501)
	at org.apache.ratis.server.impl.RaftServerProxy.lambda$null$28(RaftServerProxy.java:655)
	at org.apache.ratis.util.JavaUtils.callAsUnchecked(JavaUtils.java:118)
	at org.apache.ratis.server.impl.RaftServerImpl.lambda$executeSubmitServerRequestAsync$10(RaftServerImpl.java:899)
	at java.util.concurrent.CompletableFuture$AsyncSupply.run(CompletableFuture.java:1604)
	at java.util.concurrent.ThreadPoolExecutor.runWorker(ThreadPoolExecutor.java:1149)
	at java.util.concurrent.ThreadPoolExecutor$Worker.run(ThreadPoolExecutor.java:624)
	at java.lang.Thread.run(Thread.java:750)
2024-09-29 22:58:02,058 [grpc-default-executor-19] WARN  server.GrpcServerProtocolService (LogUtils.java:warn(121)) - s0: APPEND_ENTRIES onError, lastRequest: null: org.apache.ratis.thirdparty.io.grpc.StatusRuntimeException: CANCELLED: client cancelled
2024-09-29 22:58:02,062 [grpc-default-executor-14] INFO  util.CodeInjectionForTesting (BlockRequestHandlingInjection.java:execute(84)) - s2: unBlock request from s1
2024-09-29 22:58:02,062 [grpc-default-executor-14] INFO  server.RaftServer$Division (RaftServerImpl.java:requestVote(1439)) - s2@group-64B60AA06307: receive requestVote(PRE_VOTE, s1, group-64B60AA06307, 1, (t:1, i:256))
2024-09-29 22:58:02,062 [grpc-default-executor-14] WARN  server.GrpcServerProtocolService (LogUtils.java:warn(121)) - s2: Failed requestVote s1->s2#0: org.apache.ratis.protocol.exceptions.ServerNotReadyException: s2@group-64B60AA06307 is not in [RUNNING]: current state is CLOSED
2024-09-29 22:58:02,065 [s0-server-thread17] INFO  util.CodeInjectionForTesting (BlockRequestHandlingInjection.java:execute(84)) - s0: unBlock request from s2
2024-09-29 22:58:02,065 [s0-server-thread17] ERROR server.RaftServer$Division (RaftServerImpl.java:appendEntriesAsync(1510)) - s0@group-64B60AA06307: Failed appendEntries* s2->s0#0-t1,previous=(t:0, i:0),leaderCommit=0,initializing? true,HEARTBEAT
org.apache.ratis.protocol.exceptions.ServerNotReadyException: s0@group-64B60AA06307 is not in [STARTING, RUNNING]: current state is CLOSING
	at org.apache.ratis.server.impl.RaftServerImpl.lambda$assertLifeCycleState$7(RaftServerImpl.java:783)
	at org.apache.ratis.util.LifeCycle.assertCurrentState(LifeCycle.java:260)
	at org.apache.ratis.server.impl.RaftServerImpl.assertLifeCycleState(RaftServerImpl.java:782)
	at org.apache.ratis.server.impl.RaftServerImpl.appendEntriesAsync(RaftServerImpl.java:1501)
	at org.apache.ratis.server.impl.RaftServerProxy.lambda$null$28(RaftServerProxy.java:655)
	at org.apache.ratis.util.JavaUtils.callAsUnchecked(JavaUtils.java:118)
	at org.apache.ratis.server.impl.RaftServerImpl.lambda$executeSubmitServerRequestAsync$10(RaftServerImpl.java:899)
	at java.util.concurrent.CompletableFuture$AsyncSupply.run(CompletableFuture.java:1604)
	at java.util.concurrent.ThreadPoolExecutor.runWorker(ThreadPoolExecutor.java:1149)
	at java.util.concurrent.ThreadPoolExecutor$Worker.run(ThreadPoolExecutor.java:624)
	at java.lang.Thread.run(Thread.java:750)
2024-09-29 22:58:02,067 [grpc-default-executor-20] WARN  server.GrpcServerProtocolService (LogUtils.java:warn(121)) - s0: APPEND_ENTRIES onError, lastRequest: null: org.apache.ratis.thirdparty.io.grpc.StatusRuntimeException: CANCELLED: client cancelled
2024-09-29 22:58:02,074 [s0-server-thread18] INFO  util.CodeInjectionForTesting (BlockRequestHandlingInjection.java:execute(84)) - s0: unBlock request from s2
2024-09-29 22:58:02,074 [s0-server-thread18] ERROR server.RaftServer$Division (RaftServerImpl.java:appendEntriesAsync(1510)) - s0@group-64B60AA06307: Failed appendEntries* s2->s0#0-t1,previous=(t:0, i:0),leaderCommit=0,initializing? true,HEARTBEAT
org.apache.ratis.protocol.exceptions.ServerNotReadyException: s0@group-64B60AA06307 is not in [STARTING, RUNNING]: current state is CLOSING
	at org.apache.ratis.server.impl.RaftServerImpl.lambda$assertLifeCycleState$7(RaftServerImpl.java:783)
	at org.apache.ratis.util.LifeCycle.assertCurrentState(LifeCycle.java:260)
	at org.apache.ratis.server.impl.RaftServerImpl.assertLifeCycleState(RaftServerImpl.java:782)
	at org.apache.ratis.server.impl.RaftServerImpl.appendEntriesAsync(RaftServerImpl.java:1501)
	at org.apache.ratis.server.impl.RaftServerProxy.lambda$null$28(RaftServerProxy.java:655)
	at org.apache.ratis.util.JavaUtils.callAsUnchecked(JavaUtils.java:118)
	at org.apache.ratis.server.impl.RaftServerImpl.lambda$executeSubmitServerRequestAsync$10(RaftServerImpl.java:899)
	at java.util.concurrent.CompletableFuture$AsyncSupply.run(CompletableFuture.java:1604)
	at java.util.concurrent.ThreadPoolExecutor.runWorker(ThreadPoolExecutor.java:1149)
	at java.util.concurrent.ThreadPoolExecutor$Worker.run(ThreadPoolExecutor.java:624)
	at java.lang.Thread.run(Thread.java:750)
2024-09-29 22:58:02,075 [grpc-default-executor-22] WARN  server.GrpcServerProtocolService (LogUtils.java:warn(121)) - s0: APPEND_ENTRIES onError, lastRequest: null: org.apache.ratis.thirdparty.io.grpc.StatusRuntimeException: CANCELLED: client cancelled
2024-09-29 22:58:02,076 [s0-server-thread1] INFO  util.CodeInjectionForTesting (BlockRequestHandlingInjection.java:execute(84)) - s0: unBlock request from s2
2024-09-29 22:58:02,077 [s0-server-thread1] ERROR server.RaftServer$Division (RaftServerImpl.java:appendEntriesAsync(1510)) - s0@group-64B60AA06307: Failed appendEntries* s2->s0#527-t1,previous=(t:1, i:256),leaderCommit=256,initializing? false,HEARTBEAT
org.apache.ratis.protocol.exceptions.ServerNotReadyException: s0@group-64B60AA06307 is not in [STARTING, RUNNING]: current state is CLOSING
	at org.apache.ratis.server.impl.RaftServerImpl.lambda$assertLifeCycleState$7(RaftServerImpl.java:783)
	at org.apache.ratis.util.LifeCycle.assertCurrentState(LifeCycle.java:260)
	at org.apache.ratis.server.impl.RaftServerImpl.assertLifeCycleState(RaftServerImpl.java:782)
	at org.apache.ratis.server.impl.RaftServerImpl.appendEntriesAsync(RaftServerImpl.java:1501)
	at org.apache.ratis.server.impl.RaftServerProxy.lambda$null$28(RaftServerProxy.java:655)
	at org.apache.ratis.util.JavaUtils.callAsUnchecked(JavaUtils.java:118)
	at org.apache.ratis.server.impl.RaftServerImpl.lambda$executeSubmitServerRequestAsync$10(RaftServerImpl.java:899)
	at java.util.concurrent.CompletableFuture$AsyncSupply.run(CompletableFuture.java:1604)
	at java.util.concurrent.ThreadPoolExecutor.runWorker(ThreadPoolExecutor.java:1149)
	at java.util.concurrent.ThreadPoolExecutor$Worker.run(ThreadPoolExecutor.java:624)
	at java.lang.Thread.run(Thread.java:750)
2024-09-29 22:58:02,077 [s1-server-thread1] INFO  util.CodeInjectionForTesting (BlockRequestHandlingInjection.java:execute(84)) - s1: unBlock request from s2
2024-09-29 22:58:02,077 [s1-server-thread1] ERROR server.RaftServer$Division (RaftServerImpl.java:appendEntriesAsync(1510)) - s1@group-64B60AA06307: Failed appendEntries* s2->s1#544-t1,previous=(t:1, i:256),leaderCommit=256,initializing? false,HEARTBEAT
org.apache.ratis.protocol.exceptions.ServerNotReadyException: s1@group-64B60AA06307 is not in [STARTING, RUNNING]: current state is CLOSING
	at org.apache.ratis.server.impl.RaftServerImpl.lambda$assertLifeCycleState$7(RaftServerImpl.java:783)
	at org.apache.ratis.util.LifeCycle.assertCurrentState(LifeCycle.java:260)
	at org.apache.ratis.server.impl.RaftServerImpl.assertLifeCycleState(RaftServerImpl.java:782)
	at org.apache.ratis.server.impl.RaftServerImpl.appendEntriesAsync(RaftServerImpl.java:1501)
	at org.apache.ratis.server.impl.RaftServerProxy.lambda$null$28(RaftServerProxy.java:655)
	at org.apache.ratis.util.JavaUtils.callAsUnchecked(JavaUtils.java:118)
	at org.apache.ratis.server.impl.RaftServerImpl.lambda$executeSubmitServerRequestAsync$10(RaftServerImpl.java:899)
	at java.util.concurrent.CompletableFuture$AsyncSupply.run(CompletableFuture.java:1604)
	at java.util.concurrent.ThreadPoolExecutor.runWorker(ThreadPoolExecutor.java:1149)
	at java.util.concurrent.ThreadPoolExecutor$Worker.run(ThreadPoolExecutor.java:624)
	at java.lang.Thread.run(Thread.java:750)
2024-09-29 22:58:02,077 [grpc-default-executor-1] WARN  server.GrpcServerProtocolService (LogUtils.java:warn(121)) - s0: APPEND_ENTRIES onError, lastRequest: s2->s0#524-t1,previous=(t:1, i:255),leaderCommit=255,initializing? false,entries: size=1, first=(t:1, i:256), METADATAENTRY(c:255): org.apache.ratis.thirdparty.io.grpc.StatusRuntimeException: CANCELLED: client cancelled
2024-09-29 22:58:02,077 [grpc-default-executor-2] WARN  server.GrpcServerProtocolService (LogUtils.java:warn(121)) - s1: APPEND_ENTRIES onError, lastRequest: s2->s1#542-t1,previous=(t:1, i:255),leaderCommit=255,initializing? false,entries: size=1, first=(t:1, i:256), METADATAENTRY(c:255): org.apache.ratis.thirdparty.io.grpc.StatusRuntimeException: CANCELLED: client cancelled
2024-09-29 22:58:02,089 [s0-server-thread19] INFO  util.CodeInjectionForTesting (BlockRequestHandlingInjection.java:execute(84)) - s0: unBlock request from s2
2024-09-29 22:58:02,089 [s0-server-thread19] ERROR server.RaftServer$Division (RaftServerImpl.java:appendEntriesAsync(1510)) - s0@group-64B60AA06307: Failed appendEntries* s2->s0#0-t1,previous=(t:0, i:0),leaderCommit=0,initializing? true,HEARTBEAT
org.apache.ratis.protocol.exceptions.ServerNotReadyException: s0@group-64B60AA06307 is not in [STARTING, RUNNING]: current state is CLOSING
	at org.apache.ratis.server.impl.RaftServerImpl.lambda$assertLifeCycleState$7(RaftServerImpl.java:783)
	at org.apache.ratis.util.LifeCycle.assertCurrentState(LifeCycle.java:260)
	at org.apache.ratis.server.impl.RaftServerImpl.assertLifeCycleState(RaftServerImpl.java:782)
	at org.apache.ratis.server.impl.RaftServerImpl.appendEntriesAsync(RaftServerImpl.java:1501)
	at org.apache.ratis.server.impl.RaftServerProxy.lambda$null$28(RaftServerProxy.java:655)
	at org.apache.ratis.util.JavaUtils.callAsUnchecked(JavaUtils.java:118)
	at org.apache.ratis.server.impl.RaftServerImpl.lambda$executeSubmitServerRequestAsync$10(RaftServerImpl.java:899)
	at java.util.concurrent.CompletableFuture$AsyncSupply.run(CompletableFuture.java:1604)
	at java.util.concurrent.ThreadPoolExecutor.runWorker(ThreadPoolExecutor.java:1149)
	at java.util.concurrent.ThreadPoolExecutor$Worker.run(ThreadPoolExecutor.java:624)
	at java.lang.Thread.run(Thread.java:750)
2024-09-29 22:58:02,089 [grpc-default-executor-23] WARN  server.GrpcServerProtocolService (LogUtils.java:warn(121)) - s0: APPEND_ENTRIES onError, lastRequest: null: org.apache.ratis.thirdparty.io.grpc.StatusRuntimeException: CANCELLED: client cancelled
2024-09-29 22:58:02,098 [s0-server-thread20] INFO  util.CodeInjectionForTesting (BlockRequestHandlingInjection.java:execute(84)) - s0: unBlock request from s2
2024-09-29 22:58:02,098 [s0-server-thread20] ERROR server.RaftServer$Division (RaftServerImpl.java:appendEntriesAsync(1510)) - s0@group-64B60AA06307: Failed appendEntries* s2->s0#0-t1,previous=(t:0, i:0),leaderCommit=0,initializing? true,HEARTBEAT
org.apache.ratis.protocol.exceptions.ServerNotReadyException: s0@group-64B60AA06307 is not in [STARTING, RUNNING]: current state is CLOSING
	at org.apache.ratis.server.impl.RaftServerImpl.lambda$assertLifeCycleState$7(RaftServerImpl.java:783)
	at org.apache.ratis.util.LifeCycle.assertCurrentState(LifeCycle.java:260)
	at org.apache.ratis.server.impl.RaftServerImpl.assertLifeCycleState(RaftServerImpl.java:782)
	at org.apache.ratis.server.impl.RaftServerImpl.appendEntriesAsync(RaftServerImpl.java:1501)
	at org.apache.ratis.server.impl.RaftServerProxy.lambda$null$28(RaftServerProxy.java:655)
	at org.apache.ratis.util.JavaUtils.callAsUnchecked(JavaUtils.java:118)
	at org.apache.ratis.server.impl.RaftServerImpl.lambda$executeSubmitServerRequestAsync$10(RaftServerImpl.java:899)
	at java.util.concurrent.CompletableFuture$AsyncSupply.run(CompletableFuture.java:1604)
	at java.util.concurrent.ThreadPoolExecutor.runWorker(ThreadPoolExecutor.java:1149)
	at java.util.concurrent.ThreadPoolExecutor$Worker.run(ThreadPoolExecutor.java:624)
	at java.lang.Thread.run(Thread.java:750)
2024-09-29 22:58:02,098 [grpc-default-executor-24] WARN  server.GrpcServerProtocolService (LogUtils.java:warn(121)) - s0: APPEND_ENTRIES onError, lastRequest: null: org.apache.ratis.thirdparty.io.grpc.StatusRuntimeException: CANCELLED: client cancelled
2024-09-29 22:58:02,108 [s0-server-thread21] INFO  util.CodeInjectionForTesting (BlockRequestHandlingInjection.java:execute(84)) - s0: unBlock request from s2
2024-09-29 22:58:02,108 [s0-server-thread21] ERROR server.RaftServer$Division (RaftServerImpl.java:appendEntriesAsync(1510)) - s0@group-64B60AA06307: Failed appendEntries* s2->s0#0-t1,previous=(t:0, i:0),leaderCommit=0,initializing? true,HEARTBEAT
org.apache.ratis.protocol.exceptions.ServerNotReadyException: s0@group-64B60AA06307 is not in [STARTING, RUNNING]: current state is CLOSING
	at org.apache.ratis.server.impl.RaftServerImpl.lambda$assertLifeCycleState$7(RaftServerImpl.java:783)
	at org.apache.ratis.util.LifeCycle.assertCurrentState(LifeCycle.java:260)
	at org.apache.ratis.server.impl.RaftServerImpl.assertLifeCycleState(RaftServerImpl.java:782)
	at org.apache.ratis.server.impl.RaftServerImpl.appendEntriesAsync(RaftServerImpl.java:1501)
	at org.apache.ratis.server.impl.RaftServerProxy.lambda$null$28(RaftServerProxy.java:655)
	at org.apache.ratis.util.JavaUtils.callAsUnchecked(JavaUtils.java:118)
	at org.apache.ratis.server.impl.RaftServerImpl.lambda$executeSubmitServerRequestAsync$10(RaftServerImpl.java:899)
	at java.util.concurrent.CompletableFuture$AsyncSupply.run(CompletableFuture.java:1604)
	at java.util.concurrent.ThreadPoolExecutor.runWorker(ThreadPoolExecutor.java:1149)
	at java.util.concurrent.ThreadPoolExecutor$Worker.run(ThreadPoolExecutor.java:624)
	at java.lang.Thread.run(Thread.java:750)
2024-09-29 22:58:02,108 [grpc-default-executor-27] WARN  server.GrpcServerProtocolService (LogUtils.java:warn(121)) - s0: APPEND_ENTRIES onError, lastRequest: null: org.apache.ratis.thirdparty.io.grpc.StatusRuntimeException: CANCELLED: client cancelled
2024-09-29 22:58:02,113 [s0-server-thread22] INFO  util.CodeInjectionForTesting (BlockRequestHandlingInjection.java:execute(84)) - s0: unBlock request from s2
2024-09-29 22:58:02,113 [s0-server-thread22] ERROR server.RaftServer$Division (RaftServerImpl.java:appendEntriesAsync(1510)) - s0@group-64B60AA06307: Failed appendEntries* s2->s0#0-t1,previous=(t:0, i:0),leaderCommit=0,initializing? true,HEARTBEAT
org.apache.ratis.protocol.exceptions.ServerNotReadyException: s0@group-64B60AA06307 is not in [STARTING, RUNNING]: current state is CLOSING
	at org.apache.ratis.server.impl.RaftServerImpl.lambda$assertLifeCycleState$7(RaftServerImpl.java:783)
	at org.apache.ratis.util.LifeCycle.assertCurrentState(LifeCycle.java:260)
	at org.apache.ratis.server.impl.RaftServerImpl.assertLifeCycleState(RaftServerImpl.java:782)
	at org.apache.ratis.server.impl.RaftServerImpl.appendEntriesAsync(RaftServerImpl.java:1501)
	at org.apache.ratis.server.impl.RaftServerProxy.lambda$null$28(RaftServerProxy.java:655)
	at org.apache.ratis.util.JavaUtils.callAsUnchecked(JavaUtils.java:118)
	at org.apache.ratis.server.impl.RaftServerImpl.lambda$executeSubmitServerRequestAsync$10(RaftServerImpl.java:899)
	at java.util.concurrent.CompletableFuture$AsyncSupply.run(CompletableFuture.java:1604)
	at java.util.concurrent.ThreadPoolExecutor.runWorker(ThreadPoolExecutor.java:1149)
	at java.util.concurrent.ThreadPoolExecutor$Worker.run(ThreadPoolExecutor.java:624)
	at java.lang.Thread.run(Thread.java:750)
2024-09-29 22:58:02,114 [grpc-default-executor-25] WARN  server.GrpcServerProtocolService (LogUtils.java:warn(121)) - s0: APPEND_ENTRIES onError, lastRequest: null: org.apache.ratis.thirdparty.io.grpc.StatusRuntimeException: CANCELLED: client cancelled
2024-09-29 22:58:02,119 [s0-server-thread23] INFO  util.CodeInjectionForTesting (BlockRequestHandlingInjection.java:execute(84)) - s0: unBlock request from s2
2024-09-29 22:58:02,119 [s0-server-thread23] ERROR server.RaftServer$Division (RaftServerImpl.java:appendEntriesAsync(1510)) - s0@group-64B60AA06307: Failed appendEntries* s2->s0#0-t1,previous=(t:0, i:0),leaderCommit=0,initializing? true,HEARTBEAT
org.apache.ratis.protocol.exceptions.ServerNotReadyException: s0@group-64B60AA06307 is not in [STARTING, RUNNING]: current state is CLOSING
	at org.apache.ratis.server.impl.RaftServerImpl.lambda$assertLifeCycleState$7(RaftServerImpl.java:783)
	at org.apache.ratis.util.LifeCycle.assertCurrentState(LifeCycle.java:260)
	at org.apache.ratis.server.impl.RaftServerImpl.assertLifeCycleState(RaftServerImpl.java:782)
	at org.apache.ratis.server.impl.RaftServerImpl.appendEntriesAsync(RaftServerImpl.java:1501)
	at org.apache.ratis.server.impl.RaftServerProxy.lambda$null$28(RaftServerProxy.java:655)
	at org.apache.ratis.util.JavaUtils.callAsUnchecked(JavaUtils.java:118)
	at org.apache.ratis.server.impl.RaftServerImpl.lambda$executeSubmitServerRequestAsync$10(RaftServerImpl.java:899)
	at java.util.concurrent.CompletableFuture$AsyncSupply.run(CompletableFuture.java:1604)
	at java.util.concurrent.ThreadPoolExecutor.runWorker(ThreadPoolExecutor.java:1149)
	at java.util.concurrent.ThreadPoolExecutor$Worker.run(ThreadPoolExecutor.java:624)
	at java.lang.Thread.run(Thread.java:750)
2024-09-29 22:58:02,119 [grpc-default-executor-28] WARN  server.GrpcServerProtocolService (LogUtils.java:warn(121)) - s0: APPEND_ENTRIES onError, lastRequest: null: org.apache.ratis.thirdparty.io.grpc.StatusRuntimeException: CANCELLED: client cancelled
2024-09-29 22:58:02,129 [s0-server-thread24] INFO  util.CodeInjectionForTesting (BlockRequestHandlingInjection.java:execute(84)) - s0: unBlock request from s2
2024-09-29 22:58:02,129 [s0-server-thread24] ERROR server.RaftServer$Division (RaftServerImpl.java:appendEntriesAsync(1510)) - s0@group-64B60AA06307: Failed appendEntries* s2->s0#0-t1,previous=(t:0, i:0),leaderCommit=0,initializing? true,HEARTBEAT
org.apache.ratis.protocol.exceptions.ServerNotReadyException: s0@group-64B60AA06307 is not in [STARTING, RUNNING]: current state is CLOSING
	at org.apache.ratis.server.impl.RaftServerImpl.lambda$assertLifeCycleState$7(RaftServerImpl.java:783)
	at org.apache.ratis.util.LifeCycle.assertCurrentState(LifeCycle.java:260)
	at org.apache.ratis.server.impl.RaftServerImpl.assertLifeCycleState(RaftServerImpl.java:782)
	at org.apache.ratis.server.impl.RaftServerImpl.appendEntriesAsync(RaftServerImpl.java:1501)
	at org.apache.ratis.server.impl.RaftServerProxy.lambda$null$28(RaftServerProxy.java:655)
	at org.apache.ratis.util.JavaUtils.callAsUnchecked(JavaUtils.java:118)
	at org.apache.ratis.server.impl.RaftServerImpl.lambda$executeSubmitServerRequestAsync$10(RaftServerImpl.java:899)
	at java.util.concurrent.CompletableFuture$AsyncSupply.run(CompletableFuture.java:1604)
	at java.util.concurrent.ThreadPoolExecutor.runWorker(ThreadPoolExecutor.java:1149)
	at java.util.concurrent.ThreadPoolExecutor$Worker.run(ThreadPoolExecutor.java:624)
	at java.lang.Thread.run(Thread.java:750)
2024-09-29 22:58:02,129 [grpc-default-executor-29] WARN  server.GrpcServerProtocolService (LogUtils.java:warn(121)) - s0: APPEND_ENTRIES onError, lastRequest: null: org.apache.ratis.thirdparty.io.grpc.StatusRuntimeException: CANCELLED: client cancelled
2024-09-29 22:58:02,139 [s0-server-thread25] INFO  util.CodeInjectionForTesting (BlockRequestHandlingInjection.java:execute(84)) - s0: unBlock request from s2
2024-09-29 22:58:02,139 [s0-server-thread25] ERROR server.RaftServer$Division (RaftServerImpl.java:appendEntriesAsync(1510)) - s0@group-64B60AA06307: Failed appendEntries* s2->s0#0-t1,previous=(t:0, i:0),leaderCommit=0,initializing? true,HEARTBEAT
org.apache.ratis.protocol.exceptions.ServerNotReadyException: s0@group-64B60AA06307 is not in [STARTING, RUNNING]: current state is CLOSING
	at org.apache.ratis.server.impl.RaftServerImpl.lambda$assertLifeCycleState$7(RaftServerImpl.java:783)
	at org.apache.ratis.util.LifeCycle.assertCurrentState(LifeCycle.java:260)
	at org.apache.ratis.server.impl.RaftServerImpl.assertLifeCycleState(RaftServerImpl.java:782)
	at org.apache.ratis.server.impl.RaftServerImpl.appendEntriesAsync(RaftServerImpl.java:1501)
	at org.apache.ratis.server.impl.RaftServerProxy.lambda$null$28(RaftServerProxy.java:655)
	at org.apache.ratis.util.JavaUtils.callAsUnchecked(JavaUtils.java:118)
	at org.apache.ratis.server.impl.RaftServerImpl.lambda$executeSubmitServerRequestAsync$10(RaftServerImpl.java:899)
	at java.util.concurrent.CompletableFuture$AsyncSupply.run(CompletableFuture.java:1604)
	at java.util.concurrent.ThreadPoolExecutor.runWorker(ThreadPoolExecutor.java:1149)
	at java.util.concurrent.ThreadPoolExecutor$Worker.run(ThreadPoolExecutor.java:624)
	at java.lang.Thread.run(Thread.java:750)
2024-09-29 22:58:02,139 [grpc-default-executor-26] WARN  server.GrpcServerProtocolService (LogUtils.java:warn(121)) - s0: APPEND_ENTRIES onError, lastRequest: null: org.apache.ratis.thirdparty.io.grpc.StatusRuntimeException: CANCELLED: client cancelled
2024-09-29 22:58:02,150 [s0-server-thread26] INFO  util.CodeInjectionForTesting (BlockRequestHandlingInjection.java:execute(84)) - s0: unBlock request from s2
2024-09-29 22:58:02,150 [s0-server-thread26] ERROR server.RaftServer$Division (RaftServerImpl.java:appendEntriesAsync(1510)) - s0@group-64B60AA06307: Failed appendEntries* s2->s0#0-t1,previous=(t:0, i:0),leaderCommit=0,initializing? true,HEARTBEAT
org.apache.ratis.protocol.exceptions.ServerNotReadyException: s0@group-64B60AA06307 is not in [STARTING, RUNNING]: current state is CLOSING
	at org.apache.ratis.server.impl.RaftServerImpl.lambda$assertLifeCycleState$7(RaftServerImpl.java:783)
	at org.apache.ratis.util.LifeCycle.assertCurrentState(LifeCycle.java:260)
	at org.apache.ratis.server.impl.RaftServerImpl.assertLifeCycleState(RaftServerImpl.java:782)
	at org.apache.ratis.server.impl.RaftServerImpl.appendEntriesAsync(RaftServerImpl.java:1501)
	at org.apache.ratis.server.impl.RaftServerProxy.lambda$null$28(RaftServerProxy.java:655)
	at org.apache.ratis.util.JavaUtils.callAsUnchecked(JavaUtils.java:118)
	at org.apache.ratis.server.impl.RaftServerImpl.lambda$executeSubmitServerRequestAsync$10(RaftServerImpl.java:899)
	at java.util.concurrent.CompletableFuture$AsyncSupply.run(CompletableFuture.java:1604)
	at java.util.concurrent.ThreadPoolExecutor.runWorker(ThreadPoolExecutor.java:1149)
	at java.util.concurrent.ThreadPoolExecutor$Worker.run(ThreadPoolExecutor.java:624)
	at java.lang.Thread.run(Thread.java:750)
2024-09-29 22:58:02,151 [grpc-default-executor-31] WARN  server.GrpcServerProtocolService (LogUtils.java:warn(121)) - s0: APPEND_ENTRIES onError, lastRequest: null: org.apache.ratis.thirdparty.io.grpc.StatusRuntimeException: CANCELLED: client cancelled
2024-09-29 22:58:02,882 [s3-impl-thread1] INFO  segmented.SegmentedRaftLogWorker (SegmentedRaftLogWorker.java:close(251)) - s3@group-64B60AA06307-SegmentedRaftLogWorker close()
2024-09-29 22:58:02,882 [s1-impl-thread1] INFO  segmented.SegmentedRaftLogWorker (SegmentedRaftLogWorker.java:close(251)) - s1@group-64B60AA06307-SegmentedRaftLogWorker close()
2024-09-29 22:58:02,884 [s4-impl-thread1] INFO  segmented.SegmentedRaftLogWorker (SegmentedRaftLogWorker.java:close(251)) - s4@group-64B60AA06307-SegmentedRaftLogWorker close()
2024-09-29 22:58:02,885 [JvmPauseMonitor9] INFO  util.JvmPauseMonitor (JvmPauseMonitor.java:run(152)) - JvmPauseMonitor-s3: Stopped
2024-09-29 22:58:02,885 [JvmPauseMonitor7] INFO  util.JvmPauseMonitor (JvmPauseMonitor.java:run(152)) - JvmPauseMonitor-s1: Stopped
2024-09-29 22:58:02,885 [JvmPauseMonitor10] INFO  util.JvmPauseMonitor (JvmPauseMonitor.java:run(152)) - JvmPauseMonitor-s4: Stopped
2024-09-29 22:58:02,920 [s0-impl-thread1] INFO  segmented.SegmentedRaftLogWorker (SegmentedRaftLogWorker.java:close(251)) - s0@group-64B60AA06307-SegmentedRaftLogWorker close()
2024-09-29 22:58:02,922 [JvmPauseMonitor6] INFO  util.JvmPauseMonitor (JvmPauseMonitor.java:run(152)) - JvmPauseMonitor-s0: Stopped
2024-09-29 22:58:02,922 [main] INFO  impl.MiniRaftCluster (MiniRaftCluster.java:shutdown(861)) - MiniRaftClusterWithGrpc shutdown completed
2024-09-29 22:58:02,923 [main] INFO  ratis.RaftTestUtil (RaftTestUtil.java:gc(593)) - gc 0
2024-09-29 22:58:03,115 [main] WARN  util.ReferenceCountedLeakDetector (ReferenceCountedLeakDetector.java:lambda$new$0(147)) - LEAK: A org.apache.ratis.protocol.RaftClientRequest is not released properly
2024-09-29 22:58:03,115 [main] WARN  util.ReferenceCountedLeakDetector (ReferenceCountedLeakDetector.java:lambda$new$0(147)) - LEAK: A org.apache.ratis.protocol.RaftClientRequest is not released properly
2024-09-29 22:58:03,115 [main] WARN  util.ReferenceCountedLeakDetector (ReferenceCountedLeakDetector.java:lambda$new$0(147)) - LEAK: A org.apache.ratis.protocol.RaftClientRequest is not released properly
2024-09-29 22:58:03,116 [main] WARN  util.ReferenceCountedLeakDetector (ReferenceCountedLeakDetector.java:lambda$new$0(147)) - LEAK: A org.apache.ratis.proto.RaftProtos$LogEntryProto is not released properly
2024-09-29 22:58:03,116 [main] WARN  util.ReferenceCountedLeakDetector (ReferenceCountedLeakDetector.java:lambda$new$0(147)) - LEAK: A org.apache.ratis.protocol.RaftClientRequest is not released properly
2024-09-29 22:58:03,116 [main] WARN  util.ReferenceCountedLeakDetector (ReferenceCountedLeakDetector.java:lambda$new$0(147)) - LEAK: A org.apache.ratis.proto.RaftProtos$LogEntryProto is not released properly
2024-09-29 22:58:03,116 [main] WARN  util.ReferenceCountedLeakDetector (ReferenceCountedLeakDetector.java:lambda$new$0(147)) - LEAK: A org.apache.ratis.proto.RaftProtos$LogEntryProto is not released properly
2024-09-29 22:58:03,116 [main] WARN  util.ReferenceCountedLeakDetector (ReferenceCountedLeakDetector.java:lambda$new$0(147)) - LEAK: A org.apache.ratis.proto.RaftProtos$LogEntryProto is not released properly
2024-09-29 22:58:03,116 [main] WARN  util.ReferenceCountedLeakDetector (ReferenceCountedLeakDetector.java:lambda$new$0(147)) - LEAK: A org.apache.ratis.proto.RaftProtos$LogEntryProto is not released properly
2024-09-29 22:58:03,116 [main] WARN  util.ReferenceCountedLeakDetector (ReferenceCountedLeakDetector.java:lambda$new$0(147)) - LEAK: A org.apache.ratis.proto.RaftProtos$LogEntryProto is not released properly
2024-09-29 22:58:03,116 [main] WARN  util.ReferenceCountedLeakDetector (ReferenceCountedLeakDetector.java:lambda$new$0(147)) - LEAK: A org.apache.ratis.proto.RaftProtos$LogEntryProto is not released properly
2024-09-29 22:58:03,117 [main] WARN  util.ReferenceCountedLeakDetector (ReferenceCountedLeakDetector.java:lambda$new$0(147)) - LEAK: A org.apache.ratis.protocol.RaftClientRequest is not released properly
2024-09-29 22:58:03,117 [main] WARN  util.ReferenceCountedLeakDetector (ReferenceCountedLeakDetector.java:lambda$new$0(147)) - LEAK: A org.apache.ratis.proto.RaftProtos$LogEntryProto is not released properly
2024-09-29 22:58:03,117 [main] WARN  util.ReferenceCountedLeakDetector (ReferenceCountedLeakDetector.java:lambda$new$0(147)) - LEAK: A org.apache.ratis.protocol.RaftClientRequest is not released properly
2024-09-29 22:58:03,117 [main] WARN  util.ReferenceCountedLeakDetector (ReferenceCountedLeakDetector.java:lambda$new$0(147)) - LEAK: A org.apache.ratis.protocol.RaftClientRequest is not released properly
2024-09-29 22:58:03,117 [main] WARN  util.ReferenceCountedLeakDetector (ReferenceCountedLeakDetector.java:lambda$new$0(147)) - LEAK: A org.apache.ratis.protocol.RaftClientRequest is not released properly
2024-09-29 22:58:03,117 [main] WARN  util.ReferenceCountedLeakDetector (ReferenceCountedLeakDetector.java:lambda$new$0(147)) - LEAK: A org.apache.ratis.proto.RaftProtos$LogEntryProto is not released properly
2024-09-29 22:58:03,117 [main] WARN  util.ReferenceCountedLeakDetector (ReferenceCountedLeakDetector.java:lambda$new$0(147)) - LEAK: A org.apache.ratis.protocol.RaftClientRequest is not released properly
2024-09-29 22:58:03,118 [main] WARN  util.ReferenceCountedLeakDetector (ReferenceCountedLeakDetector.java:lambda$new$0(147)) - LEAK: A org.apache.ratis.proto.RaftProtos$LogEntryProto is not released properly
2024-09-29 22:58:03,118 [main] WARN  util.ReferenceCountedLeakDetector (ReferenceCountedLeakDetector.java:lambda$new$0(147)) - LEAK: A org.apache.ratis.protocol.RaftClientRequest is not released properly
2024-09-29 22:58:03,118 [main] WARN  util.ReferenceCountedLeakDetector (ReferenceCountedLeakDetector.java:lambda$new$0(147)) - LEAK: A org.apache.ratis.proto.RaftProtos$LogEntryProto is not released properly
2024-09-29 22:58:03,118 [main] WARN  util.ReferenceCountedLeakDetector (ReferenceCountedLeakDetector.java:lambda$new$0(147)) - LEAK: A org.apache.ratis.protocol.RaftClientRequest is not released properly
2024-09-29 22:58:03,118 [main] WARN  util.ReferenceCountedLeakDetector (ReferenceCountedLeakDetector.java:lambda$new$0(147)) - LEAK: A org.apache.ratis.proto.RaftProtos$LogEntryProto is not released properly
2024-09-29 22:58:03,118 [main] WARN  util.ReferenceCountedLeakDetector (ReferenceCountedLeakDetector.java:lambda$new$0(147)) - LEAK: A org.apache.ratis.proto.RaftProtos$LogEntryProto is not released properly
2024-09-29 22:58:03,118 [main] WARN  util.ReferenceCountedLeakDetector (ReferenceCountedLeakDetector.java:lambda$new$0(147)) - LEAK: A org.apache.ratis.protocol.RaftClientRequest is not released properly
2024-09-29 22:58:03,118 [main] WARN  util.ReferenceCountedLeakDetector (ReferenceCountedLeakDetector.java:lambda$new$0(147)) - LEAK: A org.apache.ratis.protocol.RaftClientRequest is not released properly
2024-09-29 22:58:03,119 [main] WARN  util.ReferenceCountedLeakDetector (ReferenceCountedLeakDetector.java:lambda$new$0(147)) - LEAK: A org.apache.ratis.proto.RaftProtos$LogEntryProto is not released properly
2024-09-29 22:58:03,119 [main] WARN  util.ReferenceCountedLeakDetector (ReferenceCountedLeakDetector.java:lambda$new$0(147)) - LEAK: A org.apache.ratis.protocol.RaftClientRequest is not released properly
2024-09-29 22:58:03,119 [main] WARN  util.ReferenceCountedLeakDetector (ReferenceCountedLeakDetector.java:lambda$new$0(147)) - LEAK: A org.apache.ratis.proto.RaftProtos$LogEntryProto is not released properly
2024-09-29 22:58:03,119 [main] WARN  util.ReferenceCountedLeakDetector (ReferenceCountedLeakDetector.java:lambda$new$0(147)) - LEAK: A org.apache.ratis.proto.RaftProtos$LogEntryProto is not released properly
2024-09-29 22:58:03,119 [main] WARN  util.ReferenceCountedLeakDetector (ReferenceCountedLeakDetector.java:lambda$new$0(147)) - LEAK: A org.apache.ratis.proto.RaftProtos$LogEntryProto is not released properly
2024-09-29 22:58:03,119 [main] WARN  util.ReferenceCountedLeakDetector (ReferenceCountedLeakDetector.java:lambda$new$0(147)) - LEAK: A org.apache.ratis.protocol.RaftClientRequest is not released properly
2024-09-29 22:58:03,119 [main] WARN  util.ReferenceCountedLeakDetector (ReferenceCountedLeakDetector.java:lambda$new$0(147)) - LEAK: A org.apache.ratis.proto.RaftProtos$LogEntryProto is not released properly
2024-09-29 22:58:03,120 [main] WARN  util.ReferenceCountedLeakDetector (ReferenceCountedLeakDetector.java:lambda$new$0(147)) - LEAK: A org.apache.ratis.proto.RaftProtos$LogEntryProto is not released properly
2024-09-29 22:58:03,120 [main] WARN  util.ReferenceCountedLeakDetector (ReferenceCountedLeakDetector.java:lambda$new$0(147)) - LEAK: A org.apache.ratis.protocol.RaftClientRequest is not released properly
2024-09-29 22:58:03,120 [main] WARN  util.ReferenceCountedLeakDetector (ReferenceCountedLeakDetector.java:lambda$new$0(147)) - LEAK: A org.apache.ratis.protocol.RaftClientRequest is not released properly
2024-09-29 22:58:03,120 [main] WARN  util.ReferenceCountedLeakDetector (ReferenceCountedLeakDetector.java:lambda$new$0(147)) - LEAK: A org.apache.ratis.protocol.RaftClientRequest is not released properly
2024-09-29 22:58:03,120 [main] WARN  util.ReferenceCountedLeakDetector (ReferenceCountedLeakDetector.java:lambda$new$0(147)) - LEAK: A org.apache.ratis.protocol.RaftClientRequest is not released properly
2024-09-29 22:58:03,120 [main] WARN  util.ReferenceCountedLeakDetector (ReferenceCountedLeakDetector.java:lambda$new$0(147)) - LEAK: A org.apache.ratis.proto.RaftProtos$LogEntryProto is not released properly
2024-09-29 22:58:03,120 [main] WARN  util.ReferenceCountedLeakDetector (ReferenceCountedLeakDetector.java:lambda$new$0(147)) - LEAK: A org.apache.ratis.protocol.RaftClientRequest is not released properly
2024-09-29 22:58:03,120 [main] WARN  util.ReferenceCountedLeakDetector (ReferenceCountedLeakDetector.java:lambda$new$0(147)) - LEAK: A org.apache.ratis.proto.RaftProtos$LogEntryProto is not released properly
2024-09-29 22:58:03,121 [main] WARN  util.ReferenceCountedLeakDetector (ReferenceCountedLeakDetector.java:lambda$new$0(147)) - LEAK: A org.apache.ratis.protocol.RaftClientRequest is not released properly
2024-09-29 22:58:03,121 [main] WARN  util.ReferenceCountedLeakDetector (ReferenceCountedLeakDetector.java:lambda$new$0(147)) - LEAK: A org.apache.ratis.protocol.RaftClientRequest is not released properly
2024-09-29 22:58:03,121 [main] WARN  util.ReferenceCountedLeakDetector (ReferenceCountedLeakDetector.java:lambda$new$0(147)) - LEAK: A org.apache.ratis.protocol.RaftClientRequest is not released properly
2024-09-29 22:58:03,121 [main] WARN  util.ReferenceCountedLeakDetector (ReferenceCountedLeakDetector.java:lambda$new$0(147)) - LEAK: A org.apache.ratis.proto.RaftProtos$LogEntryProto is not released properly
2024-09-29 22:58:03,121 [main] WARN  util.ReferenceCountedLeakDetector (ReferenceCountedLeakDetector.java:lambda$new$0(147)) - LEAK: A org.apache.ratis.protocol.RaftClientRequest is not released properly
2024-09-29 22:58:03,121 [main] WARN  util.ReferenceCountedLeakDetector (ReferenceCountedLeakDetector.java:lambda$new$0(147)) - LEAK: A org.apache.ratis.protocol.RaftClientRequest is not released properly
2024-09-29 22:58:03,121 [main] WARN  util.ReferenceCountedLeakDetector (ReferenceCountedLeakDetector.java:lambda$new$0(147)) - LEAK: A org.apache.ratis.protocol.RaftClientRequest is not released properly
2024-09-29 22:58:03,121 [main] WARN  util.ReferenceCountedLeakDetector (ReferenceCountedLeakDetector.java:lambda$new$0(147)) - LEAK: A org.apache.ratis.proto.RaftProtos$LogEntryProto is not released properly
2024-09-29 22:58:03,122 [main] WARN  util.ReferenceCountedLeakDetector (ReferenceCountedLeakDetector.java:lambda$new$0(147)) - LEAK: A org.apache.ratis.protocol.RaftClientRequest is not released properly
2024-09-29 22:58:03,122 [main] WARN  util.ReferenceCountedLeakDetector (ReferenceCountedLeakDetector.java:lambda$new$0(147)) - LEAK: A org.apache.ratis.protocol.RaftClientRequest is not released properly
2024-09-29 22:58:03,122 [main] WARN  util.ReferenceCountedLeakDetector (ReferenceCountedLeakDetector.java:lambda$new$0(147)) - LEAK: A org.apache.ratis.protocol.RaftClientRequest is not released properly
2024-09-29 22:58:03,122 [main] WARN  util.ReferenceCountedLeakDetector (ReferenceCountedLeakDetector.java:lambda$new$0(147)) - LEAK: A org.apache.ratis.protocol.RaftClientRequest is not released properly
2024-09-29 22:58:03,122 [main] WARN  util.ReferenceCountedLeakDetector (ReferenceCountedLeakDetector.java:lambda$new$0(147)) - LEAK: A org.apache.ratis.proto.RaftProtos$LogEntryProto is not released properly
2024-09-29 22:58:03,122 [main] WARN  util.ReferenceCountedLeakDetector (ReferenceCountedLeakDetector.java:lambda$new$0(147)) - LEAK: A org.apache.ratis.proto.RaftProtos$LogEntryProto is not released properly
2024-09-29 22:58:03,122 [main] WARN  util.ReferenceCountedLeakDetector (ReferenceCountedLeakDetector.java:lambda$new$0(147)) - LEAK: A org.apache.ratis.protocol.RaftClientRequest is not released properly
2024-09-29 22:58:03,123 [main] WARN  util.ReferenceCountedLeakDetector (ReferenceCountedLeakDetector.java:lambda$new$0(147)) - LEAK: A org.apache.ratis.protocol.RaftClientRequest is not released properly
2024-09-29 22:58:03,123 [main] WARN  util.ReferenceCountedLeakDetector (ReferenceCountedLeakDetector.java:lambda$new$0(147)) - LEAK: A org.apache.ratis.proto.RaftProtos$LogEntryProto is not released properly
2024-09-29 22:58:03,123 [main] WARN  util.ReferenceCountedLeakDetector (ReferenceCountedLeakDetector.java:lambda$new$0(147)) - LEAK: A org.apache.ratis.protocol.RaftClientRequest is not released properly
2024-09-29 22:58:03,123 [main] WARN  util.ReferenceCountedLeakDetector (ReferenceCountedLeakDetector.java:lambda$new$0(147)) - LEAK: A org.apache.ratis.protocol.RaftClientRequest is not released properly
2024-09-29 22:58:03,123 [main] WARN  util.ReferenceCountedLeakDetector (ReferenceCountedLeakDetector.java:lambda$new$0(147)) - LEAK: A org.apache.ratis.proto.RaftProtos$LogEntryProto is not released properly
2024-09-29 22:58:03,123 [main] WARN  util.ReferenceCountedLeakDetector (ReferenceCountedLeakDetector.java:lambda$new$0(147)) - LEAK: A org.apache.ratis.protocol.RaftClientRequest is not released properly
2024-09-29 22:58:03,123 [main] WARN  util.ReferenceCountedLeakDetector (ReferenceCountedLeakDetector.java:lambda$new$0(147)) - LEAK: A org.apache.ratis.protocol.RaftClientRequest is not released properly
2024-09-29 22:58:03,123 [main] WARN  util.ReferenceCountedLeakDetector (ReferenceCountedLeakDetector.java:lambda$new$0(147)) - LEAK: A org.apache.ratis.proto.RaftProtos$LogEntryProto is not released properly
2024-09-29 22:58:03,124 [main] WARN  util.ReferenceCountedLeakDetector (ReferenceCountedLeakDetector.java:lambda$new$0(147)) - LEAK: A org.apache.ratis.protocol.RaftClientRequest is not released properly
2024-09-29 22:58:03,124 [main] WARN  util.ReferenceCountedLeakDetector (ReferenceCountedLeakDetector.java:lambda$new$0(147)) - LEAK: A org.apache.ratis.proto.RaftProtos$LogEntryProto is not released properly
2024-09-29 22:58:03,124 [main] WARN  util.ReferenceCountedLeakDetector (ReferenceCountedLeakDetector.java:lambda$new$0(147)) - LEAK: A org.apache.ratis.proto.RaftProtos$LogEntryProto is not released properly
2024-09-29 22:58:03,124 [main] WARN  util.ReferenceCountedLeakDetector (ReferenceCountedLeakDetector.java:lambda$new$0(147)) - LEAK: A org.apache.ratis.protocol.RaftClientRequest is not released properly
2024-09-29 22:58:03,124 [main] WARN  util.ReferenceCountedLeakDetector (ReferenceCountedLeakDetector.java:lambda$new$0(147)) - LEAK: A org.apache.ratis.proto.RaftProtos$LogEntryProto is not released properly
2024-09-29 22:58:03,124 [main] WARN  util.ReferenceCountedLeakDetector (ReferenceCountedLeakDetector.java:lambda$new$0(147)) - LEAK: A org.apache.ratis.proto.RaftProtos$LogEntryProto is not released properly
2024-09-29 22:58:03,124 [main] WARN  util.ReferenceCountedLeakDetector (ReferenceCountedLeakDetector.java:lambda$new$0(147)) - LEAK: A org.apache.ratis.protocol.RaftClientRequest is not released properly
2024-09-29 22:58:03,124 [main] WARN  util.ReferenceCountedLeakDetector (ReferenceCountedLeakDetector.java:lambda$new$0(147)) - LEAK: A org.apache.ratis.proto.RaftProtos$LogEntryProto is not released properly
2024-09-29 22:58:03,125 [main] WARN  util.ReferenceCountedLeakDetector (ReferenceCountedLeakDetector.java:lambda$new$0(147)) - LEAK: A org.apache.ratis.protocol.RaftClientRequest is not released properly
2024-09-29 22:58:03,125 [main] WARN  util.ReferenceCountedLeakDetector (ReferenceCountedLeakDetector.java:lambda$new$0(147)) - LEAK: A org.apache.ratis.protocol.RaftClientRequest is not released properly
2024-09-29 22:58:03,125 [main] WARN  util.ReferenceCountedLeakDetector (ReferenceCountedLeakDetector.java:lambda$new$0(147)) - LEAK: A org.apache.ratis.protocol.RaftClientRequest is not released properly
2024-09-29 22:58:03,125 [main] WARN  util.ReferenceCountedLeakDetector (ReferenceCountedLeakDetector.java:lambda$new$0(147)) - LEAK: A org.apache.ratis.protocol.RaftClientRequest is not released properly
2024-09-29 22:58:03,125 [main] WARN  util.ReferenceCountedLeakDetector (ReferenceCountedLeakDetector.java:lambda$new$0(147)) - LEAK: A org.apache.ratis.protocol.RaftClientRequest is not released properly
2024-09-29 22:58:03,125 [main] WARN  util.ReferenceCountedLeakDetector (ReferenceCountedLeakDetector.java:lambda$new$0(147)) - LEAK: A org.apache.ratis.proto.RaftProtos$LogEntryProto is not released properly
2024-09-29 22:58:03,125 [main] WARN  util.ReferenceCountedLeakDetector (ReferenceCountedLeakDetector.java:lambda$new$0(147)) - LEAK: A org.apache.ratis.proto.RaftProtos$LogEntryProto is not released properly
2024-09-29 22:58:03,126 [main] WARN  util.ReferenceCountedLeakDetector (ReferenceCountedLeakDetector.java:lambda$new$0(147)) - LEAK: A org.apache.ratis.protocol.RaftClientRequest is not released properly
2024-09-29 22:58:03,126 [main] WARN  util.ReferenceCountedLeakDetector (ReferenceCountedLeakDetector.java:lambda$new$0(147)) - LEAK: A org.apache.ratis.protocol.RaftClientRequest is not released properly
2024-09-29 22:58:03,126 [main] WARN  util.ReferenceCountedLeakDetector (ReferenceCountedLeakDetector.java:lambda$new$0(147)) - LEAK: A org.apache.ratis.proto.RaftProtos$LogEntryProto is not released properly
2024-09-29 22:58:03,126 [main] WARN  util.ReferenceCountedLeakDetector (ReferenceCountedLeakDetector.java:lambda$new$0(147)) - LEAK: A org.apache.ratis.proto.RaftProtos$LogEntryProto is not released properly
2024-09-29 22:58:03,126 [main] WARN  util.ReferenceCountedLeakDetector (ReferenceCountedLeakDetector.java:lambda$new$0(147)) - LEAK: A org.apache.ratis.proto.RaftProtos$LogEntryProto is not released properly
2024-09-29 22:58:03,126 [main] WARN  util.ReferenceCountedLeakDetector (ReferenceCountedLeakDetector.java:lambda$new$0(147)) - LEAK: A org.apache.ratis.protocol.RaftClientRequest is not released properly
2024-09-29 22:58:03,126 [main] WARN  util.ReferenceCountedLeakDetector (ReferenceCountedLeakDetector.java:lambda$new$0(147)) - LEAK: A org.apache.ratis.proto.RaftProtos$LogEntryProto is not released properly
2024-09-29 22:58:03,126 [main] WARN  util.ReferenceCountedLeakDetector (ReferenceCountedLeakDetector.java:lambda$new$0(147)) - LEAK: A org.apache.ratis.proto.RaftProtos$LogEntryProto is not released properly
2024-09-29 22:58:03,127 [main] WARN  util.ReferenceCountedLeakDetector (ReferenceCountedLeakDetector.java:lambda$new$0(147)) - LEAK: A org.apache.ratis.proto.RaftProtos$LogEntryProto is not released properly
2024-09-29 22:58:03,127 [main] WARN  util.ReferenceCountedLeakDetector (ReferenceCountedLeakDetector.java:lambda$new$0(147)) - LEAK: A org.apache.ratis.protocol.RaftClientRequest is not released properly
2024-09-29 22:58:03,127 [main] WARN  util.ReferenceCountedLeakDetector (ReferenceCountedLeakDetector.java:lambda$new$0(147)) - LEAK: A org.apache.ratis.protocol.RaftClientRequest is not released properly
2024-09-29 22:58:03,127 [main] WARN  util.ReferenceCountedLeakDetector (ReferenceCountedLeakDetector.java:lambda$new$0(147)) - LEAK: A org.apache.ratis.proto.RaftProtos$LogEntryProto is not released properly
2024-09-29 22:58:03,127 [main] WARN  util.ReferenceCountedLeakDetector (ReferenceCountedLeakDetector.java:lambda$new$0(147)) - LEAK: A org.apache.ratis.protocol.RaftClientRequest is not released properly
2024-09-29 22:58:03,127 [main] WARN  util.ReferenceCountedLeakDetector (ReferenceCountedLeakDetector.java:lambda$new$0(147)) - LEAK: A org.apache.ratis.proto.RaftProtos$LogEntryProto is not released properly
2024-09-29 22:58:03,127 [main] WARN  util.ReferenceCountedLeakDetector (ReferenceCountedLeakDetector.java:lambda$new$0(147)) - LEAK: A org.apache.ratis.proto.RaftProtos$LogEntryProto is not released properly
2024-09-29 22:58:03,128 [main] WARN  util.ReferenceCountedLeakDetector (ReferenceCountedLeakDetector.java:lambda$new$0(147)) - LEAK: A org.apache.ratis.protocol.RaftClientRequest is not released properly
2024-09-29 22:58:03,128 [main] WARN  util.ReferenceCountedLeakDetector (ReferenceCountedLeakDetector.java:lambda$new$0(147)) - LEAK: A org.apache.ratis.proto.RaftProtos$LogEntryProto is not released properly
2024-09-29 22:58:03,128 [main] WARN  util.ReferenceCountedLeakDetector (ReferenceCountedLeakDetector.java:lambda$new$0(147)) - LEAK: A org.apache.ratis.proto.RaftProtos$LogEntryProto is not released properly
2024-09-29 22:58:03,128 [main] WARN  util.ReferenceCountedLeakDetector (ReferenceCountedLeakDetector.java:lambda$new$0(147)) - LEAK: A org.apache.ratis.proto.RaftProtos$LogEntryProto is not released properly
2024-09-29 22:58:03,128 [main] WARN  util.ReferenceCountedLeakDetector (ReferenceCountedLeakDetector.java:lambda$new$0(147)) - LEAK: A org.apache.ratis.proto.RaftProtos$LogEntryProto is not released properly
2024-09-29 22:58:03,128 [main] WARN  util.ReferenceCountedLeakDetector (ReferenceCountedLeakDetector.java:lambda$new$0(147)) - LEAK: A org.apache.ratis.proto.RaftProtos$LogEntryProto is not released properly
2024-09-29 22:58:03,128 [main] WARN  util.ReferenceCountedLeakDetector (ReferenceCountedLeakDetector.java:lambda$new$0(147)) - LEAK: A org.apache.ratis.protocol.RaftClientRequest is not released properly
2024-09-29 22:58:03,128 [main] WARN  util.ReferenceCountedLeakDetector (ReferenceCountedLeakDetector.java:lambda$new$0(147)) - LEAK: A org.apache.ratis.protocol.RaftClientRequest is not released properly
2024-09-29 22:58:03,129 [main] WARN  util.ReferenceCountedLeakDetector (ReferenceCountedLeakDetector.java:lambda$new$0(147)) - LEAK: A org.apache.ratis.proto.RaftProtos$LogEntryProto is not released properly
2024-09-29 22:58:03,129 [main] WARN  util.ReferenceCountedLeakDetector (ReferenceCountedLeakDetector.java:lambda$new$0(147)) - LEAK: A org.apache.ratis.protocol.RaftClientRequest is not released properly
2024-09-29 22:58:03,129 [main] WARN  util.ReferenceCountedLeakDetector (ReferenceCountedLeakDetector.java:lambda$new$0(147)) - LEAK: A org.apache.ratis.proto.RaftProtos$LogEntryProto is not released properly
2024-09-29 22:58:03,129 [main] WARN  util.ReferenceCountedLeakDetector (ReferenceCountedLeakDetector.java:lambda$new$0(147)) - LEAK: A org.apache.ratis.protocol.RaftClientRequest is not released properly
2024-09-29 22:58:03,129 [main] WARN  util.ReferenceCountedLeakDetector (ReferenceCountedLeakDetector.java:lambda$new$0(147)) - LEAK: A org.apache.ratis.proto.RaftProtos$LogEntryProto is not released properly
2024-09-29 22:58:03,129 [main] WARN  util.ReferenceCountedLeakDetector (ReferenceCountedLeakDetector.java:lambda$new$0(147)) - LEAK: A org.apache.ratis.proto.RaftProtos$LogEntryProto is not released properly
2024-09-29 22:58:03,129 [main] WARN  util.ReferenceCountedLeakDetector (ReferenceCountedLeakDetector.java:lambda$new$0(147)) - LEAK: A org.apache.ratis.protocol.RaftClientRequest is not released properly
2024-09-29 22:58:03,129 [main] WARN  util.ReferenceCountedLeakDetector (ReferenceCountedLeakDetector.java:lambda$new$0(147)) - LEAK: A org.apache.ratis.proto.RaftProtos$LogEntryProto is not released properly
2024-09-29 22:58:03,130 [main] WARN  util.ReferenceCountedLeakDetector (ReferenceCountedLeakDetector.java:lambda$new$0(147)) - LEAK: A org.apache.ratis.proto.RaftProtos$LogEntryProto is not released properly
2024-09-29 22:58:03,130 [main] WARN  util.ReferenceCountedLeakDetector (ReferenceCountedLeakDetector.java:lambda$new$0(147)) - LEAK: A org.apache.ratis.proto.RaftProtos$LogEntryProto is not released properly
2024-09-29 22:58:03,130 [main] WARN  util.ReferenceCountedLeakDetector (ReferenceCountedLeakDetector.java:lambda$new$0(147)) - LEAK: A org.apache.ratis.protocol.RaftClientRequest is not released properly
2024-09-29 22:58:03,130 [main] WARN  util.ReferenceCountedLeakDetector (ReferenceCountedLeakDetector.java:lambda$new$0(147)) - LEAK: A org.apache.ratis.proto.RaftProtos$LogEntryProto is not released properly
2024-09-29 22:58:03,130 [main] WARN  util.ReferenceCountedLeakDetector (ReferenceCountedLeakDetector.java:lambda$new$0(147)) - LEAK: A org.apache.ratis.protocol.RaftClientRequest is not released properly
2024-09-29 22:58:03,130 [main] WARN  util.ReferenceCountedLeakDetector (ReferenceCountedLeakDetector.java:lambda$new$0(147)) - LEAK: A org.apache.ratis.protocol.RaftClientRequest is not released properly
2024-09-29 22:58:03,130 [main] WARN  util.ReferenceCountedLeakDetector (ReferenceCountedLeakDetector.java:lambda$new$0(147)) - LEAK: A org.apache.ratis.proto.RaftProtos$LogEntryProto is not released properly
2024-09-29 22:58:03,131 [main] WARN  util.ReferenceCountedLeakDetector (ReferenceCountedLeakDetector.java:lambda$new$0(147)) - LEAK: A org.apache.ratis.protocol.RaftClientRequest is not released properly
2024-09-29 22:58:03,131 [main] WARN  util.ReferenceCountedLeakDetector (ReferenceCountedLeakDetector.java:lambda$new$0(147)) - LEAK: A org.apache.ratis.proto.RaftProtos$LogEntryProto is not released properly
2024-09-29 22:58:03,131 [main] WARN  util.ReferenceCountedLeakDetector (ReferenceCountedLeakDetector.java:lambda$new$0(147)) - LEAK: A org.apache.ratis.protocol.RaftClientRequest is not released properly
2024-09-29 22:58:03,131 [main] WARN  util.ReferenceCountedLeakDetector (ReferenceCountedLeakDetector.java:lambda$new$0(147)) - LEAK: A org.apache.ratis.proto.RaftProtos$LogEntryProto is not released properly
2024-09-29 22:58:03,131 [main] WARN  util.ReferenceCountedLeakDetector (ReferenceCountedLeakDetector.java:lambda$new$0(147)) - LEAK: A org.apache.ratis.protocol.RaftClientRequest is not released properly
2024-09-29 22:58:03,131 [main] WARN  util.ReferenceCountedLeakDetector (ReferenceCountedLeakDetector.java:lambda$new$0(147)) - LEAK: A org.apache.ratis.proto.RaftProtos$LogEntryProto is not released properly
2024-09-29 22:58:03,131 [main] WARN  util.ReferenceCountedLeakDetector (ReferenceCountedLeakDetector.java:lambda$new$0(147)) - LEAK: A org.apache.ratis.proto.RaftProtos$LogEntryProto is not released properly
2024-09-29 22:58:03,131 [main] WARN  util.ReferenceCountedLeakDetector (ReferenceCountedLeakDetector.java:lambda$new$0(147)) - LEAK: A org.apache.ratis.proto.RaftProtos$LogEntryProto is not released properly
2024-09-29 22:58:03,132 [main] WARN  util.ReferenceCountedLeakDetector (ReferenceCountedLeakDetector.java:lambda$new$0(147)) - LEAK: A org.apache.ratis.proto.RaftProtos$LogEntryProto is not released properly
2024-09-29 22:58:03,132 [main] WARN  util.ReferenceCountedLeakDetector (ReferenceCountedLeakDetector.java:lambda$new$0(147)) - LEAK: A org.apache.ratis.proto.RaftProtos$LogEntryProto is not released properly
2024-09-29 22:58:03,132 [main] WARN  util.ReferenceCountedLeakDetector (ReferenceCountedLeakDetector.java:lambda$new$0(147)) - LEAK: A org.apache.ratis.proto.RaftProtos$LogEntryProto is not released properly
2024-09-29 22:58:03,132 [main] WARN  util.ReferenceCountedLeakDetector (ReferenceCountedLeakDetector.java:lambda$new$0(147)) - LEAK: A org.apache.ratis.proto.RaftProtos$LogEntryProto is not released properly
2024-09-29 22:58:03,132 [main] WARN  util.ReferenceCountedLeakDetector (ReferenceCountedLeakDetector.java:lambda$new$0(147)) - LEAK: A org.apache.ratis.protocol.RaftClientRequest is not released properly
2024-09-29 22:58:03,132 [main] WARN  util.ReferenceCountedLeakDetector (ReferenceCountedLeakDetector.java:lambda$new$0(147)) - LEAK: A org.apache.ratis.protocol.RaftClientRequest is not released properly
2024-09-29 22:58:03,132 [main] WARN  util.ReferenceCountedLeakDetector (ReferenceCountedLeakDetector.java:lambda$new$0(147)) - LEAK: A org.apache.ratis.proto.RaftProtos$LogEntryProto is not released properly
2024-09-29 22:58:03,133 [main] WARN  util.ReferenceCountedLeakDetector (ReferenceCountedLeakDetector.java:lambda$new$0(147)) - LEAK: A org.apache.ratis.proto.RaftProtos$LogEntryProto is not released properly
2024-09-29 22:58:03,133 [main] WARN  util.ReferenceCountedLeakDetector (ReferenceCountedLeakDetector.java:lambda$new$0(147)) - LEAK: A org.apache.ratis.proto.RaftProtos$LogEntryProto is not released properly
2024-09-29 22:58:03,133 [main] WARN  util.ReferenceCountedLeakDetector (ReferenceCountedLeakDetector.java:lambda$new$0(147)) - LEAK: A org.apache.ratis.proto.RaftProtos$LogEntryProto is not released properly
2024-09-29 22:58:03,133 [main] WARN  util.ReferenceCountedLeakDetector (ReferenceCountedLeakDetector.java:lambda$new$0(147)) - LEAK: A org.apache.ratis.protocol.RaftClientRequest is not released properly
2024-09-29 22:58:03,133 [main] WARN  util.ReferenceCountedLeakDetector (ReferenceCountedLeakDetector.java:lambda$new$0(147)) - LEAK: A org.apache.ratis.protocol.RaftClientRequest is not released properly
2024-09-29 22:58:03,133 [main] WARN  util.ReferenceCountedLeakDetector (ReferenceCountedLeakDetector.java:lambda$new$0(147)) - LEAK: A org.apache.ratis.protocol.RaftClientRequest is not released properly
2024-09-29 22:58:03,133 [main] WARN  util.ReferenceCountedLeakDetector (ReferenceCountedLeakDetector.java:lambda$new$0(147)) - LEAK: A org.apache.ratis.protocol.RaftClientRequest is not released properly
2024-09-29 22:58:03,133 [main] WARN  util.ReferenceCountedLeakDetector (ReferenceCountedLeakDetector.java:lambda$new$0(147)) - LEAK: A org.apache.ratis.protocol.RaftClientRequest is not released properly
2024-09-29 22:58:03,134 [main] WARN  util.ReferenceCountedLeakDetector (ReferenceCountedLeakDetector.java:lambda$new$0(147)) - LEAK: A org.apache.ratis.protocol.RaftClientRequest is not released properly
2024-09-29 22:58:03,134 [main] WARN  util.ReferenceCountedLeakDetector (ReferenceCountedLeakDetector.java:lambda$new$0(147)) - LEAK: A org.apache.ratis.proto.RaftProtos$LogEntryProto is not released properly
2024-09-29 22:58:03,134 [main] WARN  util.ReferenceCountedLeakDetector (ReferenceCountedLeakDetector.java:lambda$new$0(147)) - LEAK: A org.apache.ratis.protocol.RaftClientRequest is not released properly
2024-09-29 22:58:03,134 [main] WARN  util.ReferenceCountedLeakDetector (ReferenceCountedLeakDetector.java:lambda$new$0(147)) - LEAK: A org.apache.ratis.protocol.RaftClientRequest is not released properly
2024-09-29 22:58:03,134 [main] WARN  util.ReferenceCountedLeakDetector (ReferenceCountedLeakDetector.java:lambda$new$0(147)) - LEAK: A org.apache.ratis.protocol.RaftClientRequest is not released properly
2024-09-29 22:58:03,134 [main] WARN  util.ReferenceCountedLeakDetector (ReferenceCountedLeakDetector.java:lambda$new$0(147)) - LEAK: A org.apache.ratis.protocol.RaftClientRequest is not released properly
2024-09-29 22:58:03,134 [main] WARN  util.ReferenceCountedLeakDetector (ReferenceCountedLeakDetector.java:lambda$new$0(147)) - LEAK: A org.apache.ratis.protocol.RaftClientRequest is not released properly
2024-09-29 22:58:03,135 [main] WARN  util.ReferenceCountedLeakDetector (ReferenceCountedLeakDetector.java:lambda$new$0(147)) - LEAK: A org.apache.ratis.proto.RaftProtos$LogEntryProto is not released properly
2024-09-29 22:58:03,135 [main] WARN  util.ReferenceCountedLeakDetector (ReferenceCountedLeakDetector.java:lambda$new$0(147)) - LEAK: A org.apache.ratis.protocol.RaftClientRequest is not released properly
2024-09-29 22:58:03,135 [main] WARN  util.ReferenceCountedLeakDetector (ReferenceCountedLeakDetector.java:lambda$new$0(147)) - LEAK: A org.apache.ratis.protocol.RaftClientRequest is not released properly
2024-09-29 22:58:03,135 [main] WARN  util.ReferenceCountedLeakDetector (ReferenceCountedLeakDetector.java:lambda$new$0(147)) - LEAK: A org.apache.ratis.proto.RaftProtos$LogEntryProto is not released properly
2024-09-29 22:58:03,135 [main] WARN  util.ReferenceCountedLeakDetector (ReferenceCountedLeakDetector.java:lambda$new$0(147)) - LEAK: A org.apache.ratis.protocol.RaftClientRequest is not released properly
2024-09-29 22:58:03,135 [main] WARN  util.ReferenceCountedLeakDetector (ReferenceCountedLeakDetector.java:lambda$new$0(147)) - LEAK: A org.apache.ratis.protocol.RaftClientRequest is not released properly
2024-09-29 22:58:03,135 [main] WARN  util.ReferenceCountedLeakDetector (ReferenceCountedLeakDetector.java:lambda$new$0(147)) - LEAK: A org.apache.ratis.proto.RaftProtos$LogEntryProto is not released properly
2024-09-29 22:58:03,135 [main] WARN  util.ReferenceCountedLeakDetector (ReferenceCountedLeakDetector.java:lambda$new$0(147)) - LEAK: A org.apache.ratis.protocol.RaftClientRequest is not released properly
2024-09-29 22:58:03,136 [main] WARN  util.ReferenceCountedLeakDetector (ReferenceCountedLeakDetector.java:lambda$new$0(147)) - LEAK: A org.apache.ratis.protocol.RaftClientRequest is not released properly
2024-09-29 22:58:03,136 [main] WARN  util.ReferenceCountedLeakDetector (ReferenceCountedLeakDetector.java:lambda$new$0(147)) - LEAK: A org.apache.ratis.protocol.RaftClientRequest is not released properly
2024-09-29 22:58:03,136 [main] WARN  util.ReferenceCountedLeakDetector (ReferenceCountedLeakDetector.java:lambda$new$0(147)) - LEAK: A org.apache.ratis.proto.RaftProtos$LogEntryProto is not released properly
2024-09-29 22:58:03,136 [main] WARN  util.ReferenceCountedLeakDetector (ReferenceCountedLeakDetector.java:lambda$new$0(147)) - LEAK: A org.apache.ratis.proto.RaftProtos$LogEntryProto is not released properly
2024-09-29 22:58:03,136 [main] WARN  util.ReferenceCountedLeakDetector (ReferenceCountedLeakDetector.java:lambda$new$0(147)) - LEAK: A org.apache.ratis.protocol.RaftClientRequest is not released properly
2024-09-29 22:58:03,136 [main] WARN  util.ReferenceCountedLeakDetector (ReferenceCountedLeakDetector.java:lambda$new$0(147)) - LEAK: A org.apache.ratis.protocol.RaftClientRequest is not released properly
2024-09-29 22:58:03,136 [main] WARN  util.ReferenceCountedLeakDetector (ReferenceCountedLeakDetector.java:lambda$new$0(147)) - LEAK: A org.apache.ratis.proto.RaftProtos$LogEntryProto is not released properly
2024-09-29 22:58:03,136 [main] WARN  util.ReferenceCountedLeakDetector (ReferenceCountedLeakDetector.java:lambda$new$0(147)) - LEAK: A org.apache.ratis.proto.RaftProtos$LogEntryProto is not released properly
2024-09-29 22:58:03,137 [main] WARN  util.ReferenceCountedLeakDetector (ReferenceCountedLeakDetector.java:lambda$new$0(147)) - LEAK: A org.apache.ratis.protocol.RaftClientRequest is not released properly
2024-09-29 22:58:03,137 [main] WARN  util.ReferenceCountedLeakDetector (ReferenceCountedLeakDetector.java:lambda$new$0(147)) - LEAK: A org.apache.ratis.proto.RaftProtos$LogEntryProto is not released properly
2024-09-29 22:58:03,137 [main] WARN  util.ReferenceCountedLeakDetector (ReferenceCountedLeakDetector.java:lambda$new$0(147)) - LEAK: A org.apache.ratis.protocol.RaftClientRequest is not released properly
2024-09-29 22:58:03,137 [main] WARN  util.ReferenceCountedLeakDetector (ReferenceCountedLeakDetector.java:lambda$new$0(147)) - LEAK: A org.apache.ratis.proto.RaftProtos$LogEntryProto is not released properly
2024-09-29 22:58:03,137 [main] WARN  util.ReferenceCountedLeakDetector (ReferenceCountedLeakDetector.java:lambda$new$0(147)) - LEAK: A org.apache.ratis.proto.RaftProtos$LogEntryProto is not released properly
2024-09-29 22:58:03,137 [main] WARN  util.ReferenceCountedLeakDetector (ReferenceCountedLeakDetector.java:lambda$new$0(147)) - LEAK: A org.apache.ratis.proto.RaftProtos$LogEntryProto is not released properly
2024-09-29 22:58:03,137 [main] WARN  util.ReferenceCountedLeakDetector (ReferenceCountedLeakDetector.java:lambda$new$0(147)) - LEAK: A org.apache.ratis.protocol.RaftClientRequest is not released properly
2024-09-29 22:58:03,137 [main] WARN  util.ReferenceCountedLeakDetector (ReferenceCountedLeakDetector.java:lambda$new$0(147)) - LEAK: A org.apache.ratis.proto.RaftProtos$LogEntryProto is not released properly
2024-09-29 22:58:03,138 [main] WARN  util.ReferenceCountedLeakDetector (ReferenceCountedLeakDetector.java:lambda$new$0(147)) - LEAK: A org.apache.ratis.protocol.RaftClientRequest is not released properly
2024-09-29 22:58:03,138 [main] WARN  util.ReferenceCountedLeakDetector (ReferenceCountedLeakDetector.java:lambda$new$0(147)) - LEAK: A org.apache.ratis.protocol.RaftClientRequest is not released properly
2024-09-29 22:58:03,138 [main] WARN  util.ReferenceCountedLeakDetector (ReferenceCountedLeakDetector.java:lambda$new$0(147)) - LEAK: A org.apache.ratis.proto.RaftProtos$LogEntryProto is not released properly
2024-09-29 22:58:03,138 [main] WARN  util.ReferenceCountedLeakDetector (ReferenceCountedLeakDetector.java:lambda$new$0(147)) - LEAK: A org.apache.ratis.protocol.RaftClientRequest is not released properly
2024-09-29 22:58:03,138 [main] WARN  util.ReferenceCountedLeakDetector (ReferenceCountedLeakDetector.java:lambda$new$0(147)) - LEAK: A org.apache.ratis.proto.RaftProtos$LogEntryProto is not released properly
2024-09-29 22:58:03,138 [main] WARN  util.ReferenceCountedLeakDetector (ReferenceCountedLeakDetector.java:lambda$new$0(147)) - LEAK: A org.apache.ratis.protocol.RaftClientRequest is not released properly
2024-09-29 22:58:03,138 [main] WARN  util.ReferenceCountedLeakDetector (ReferenceCountedLeakDetector.java:lambda$new$0(147)) - LEAK: A org.apache.ratis.proto.RaftProtos$LogEntryProto is not released properly
2024-09-29 22:58:03,139 [main] WARN  util.ReferenceCountedLeakDetector (ReferenceCountedLeakDetector.java:lambda$new$0(147)) - LEAK: A org.apache.ratis.protocol.RaftClientRequest is not released properly
2024-09-29 22:58:03,139 [main] WARN  util.ReferenceCountedLeakDetector (ReferenceCountedLeakDetector.java:lambda$new$0(147)) - LEAK: A org.apache.ratis.proto.RaftProtos$LogEntryProto is not released properly
2024-09-29 22:58:03,139 [main] WARN  util.ReferenceCountedLeakDetector (ReferenceCountedLeakDetector.java:lambda$new$0(147)) - LEAK: A org.apache.ratis.proto.RaftProtos$LogEntryProto is not released properly
2024-09-29 22:58:03,139 [main] WARN  util.ReferenceCountedLeakDetector (ReferenceCountedLeakDetector.java:lambda$new$0(147)) - LEAK: A org.apache.ratis.proto.RaftProtos$LogEntryProto is not released properly
2024-09-29 22:58:03,139 [main] WARN  util.ReferenceCountedLeakDetector (ReferenceCountedLeakDetector.java:lambda$new$0(147)) - LEAK: A org.apache.ratis.protocol.RaftClientRequest is not released properly
2024-09-29 22:58:03,139 [main] WARN  util.ReferenceCountedLeakDetector (ReferenceCountedLeakDetector.java:lambda$new$0(147)) - LEAK: A org.apache.ratis.proto.RaftProtos$LogEntryProto is not released properly
2024-09-29 22:58:03,139 [main] WARN  util.ReferenceCountedLeakDetector (ReferenceCountedLeakDetector.java:lambda$new$0(147)) - LEAK: A org.apache.ratis.proto.RaftProtos$LogEntryProto is not released properly
2024-09-29 22:58:03,139 [main] WARN  util.ReferenceCountedLeakDetector (ReferenceCountedLeakDetector.java:lambda$new$0(147)) - LEAK: A org.apache.ratis.protocol.RaftClientRequest is not released properly
2024-09-29 22:58:03,140 [main] WARN  util.ReferenceCountedLeakDetector (ReferenceCountedLeakDetector.java:lambda$new$0(147)) - LEAK: A org.apache.ratis.protocol.RaftClientRequest is not released properly
2024-09-29 22:58:03,140 [main] WARN  util.ReferenceCountedLeakDetector (ReferenceCountedLeakDetector.java:lambda$new$0(147)) - LEAK: A org.apache.ratis.protocol.RaftClientRequest is not released properly
2024-09-29 22:58:03,140 [main] WARN  util.ReferenceCountedLeakDetector (ReferenceCountedLeakDetector.java:lambda$new$0(147)) - LEAK: A org.apache.ratis.protocol.RaftClientRequest is not released properly
2024-09-29 22:58:03,140 [main] WARN  util.ReferenceCountedLeakDetector (ReferenceCountedLeakDetector.java:lambda$new$0(147)) - LEAK: A org.apache.ratis.proto.RaftProtos$LogEntryProto is not released properly
2024-09-29 22:58:03,140 [main] WARN  util.ReferenceCountedLeakDetector (ReferenceCountedLeakDetector.java:lambda$new$0(147)) - LEAK: A org.apache.ratis.proto.RaftProtos$LogEntryProto is not released properly
2024-09-29 22:58:03,140 [main] WARN  util.ReferenceCountedLeakDetector (ReferenceCountedLeakDetector.java:lambda$new$0(147)) - LEAK: A org.apache.ratis.proto.RaftProtos$LogEntryProto is not released properly
2024-09-29 22:58:03,140 [main] WARN  util.ReferenceCountedLeakDetector (ReferenceCountedLeakDetector.java:lambda$new$0(147)) - LEAK: A org.apache.ratis.proto.RaftProtos$LogEntryProto is not released properly
2024-09-29 22:58:03,140 [main] WARN  util.ReferenceCountedLeakDetector (ReferenceCountedLeakDetector.java:lambda$new$0(147)) - LEAK: A org.apache.ratis.protocol.RaftClientRequest is not released properly
2024-09-29 22:58:03,141 [main] WARN  util.ReferenceCountedLeakDetector (ReferenceCountedLeakDetector.java:lambda$new$0(147)) - LEAK: A org.apache.ratis.protocol.RaftClientRequest is not released properly
2024-09-29 22:58:03,141 [main] WARN  util.ReferenceCountedLeakDetector (ReferenceCountedLeakDetector.java:lambda$new$0(147)) - LEAK: A org.apache.ratis.protocol.RaftClientRequest is not released properly
2024-09-29 22:58:03,141 [main] WARN  util.ReferenceCountedLeakDetector (ReferenceCountedLeakDetector.java:lambda$new$0(147)) - LEAK: A org.apache.ratis.proto.RaftProtos$LogEntryProto is not released properly
2024-09-29 22:58:03,141 [main] WARN  util.ReferenceCountedLeakDetector (ReferenceCountedLeakDetector.java:lambda$new$0(147)) - LEAK: A org.apache.ratis.proto.RaftProtos$LogEntryProto is not released properly
2024-09-29 22:58:03,141 [main] WARN  util.ReferenceCountedLeakDetector (ReferenceCountedLeakDetector.java:lambda$new$0(147)) - LEAK: A org.apache.ratis.protocol.RaftClientRequest is not released properly
2024-09-29 22:58:03,141 [main] WARN  util.ReferenceCountedLeakDetector (ReferenceCountedLeakDetector.java:lambda$new$0(147)) - LEAK: A org.apache.ratis.proto.RaftProtos$LogEntryProto is not released properly
2024-09-29 22:58:03,141 [main] WARN  util.ReferenceCountedLeakDetector (ReferenceCountedLeakDetector.java:lambda$new$0(147)) - LEAK: A org.apache.ratis.protocol.RaftClientRequest is not released properly
2024-09-29 22:58:03,142 [main] WARN  util.ReferenceCountedLeakDetector (ReferenceCountedLeakDetector.java:lambda$new$0(147)) - LEAK: A org.apache.ratis.proto.RaftProtos$LogEntryProto is not released properly
2024-09-29 22:58:03,142 [main] WARN  util.ReferenceCountedLeakDetector (ReferenceCountedLeakDetector.java:lambda$new$0(147)) - LEAK: A org.apache.ratis.protocol.RaftClientRequest is not released properly
2024-09-29 22:58:03,142 [main] WARN  util.ReferenceCountedLeakDetector (ReferenceCountedLeakDetector.java:lambda$new$0(147)) - LEAK: A org.apache.ratis.protocol.RaftClientRequest is not released properly
2024-09-29 22:58:03,142 [main] WARN  util.ReferenceCountedLeakDetector (ReferenceCountedLeakDetector.java:lambda$new$0(147)) - LEAK: A org.apache.ratis.protocol.RaftClientRequest is not released properly
2024-09-29 22:58:03,142 [main] WARN  util.ReferenceCountedLeakDetector (ReferenceCountedLeakDetector.java:lambda$new$0(147)) - LEAK: A org.apache.ratis.protocol.RaftClientRequest is not released properly
2024-09-29 22:58:03,142 [main] WARN  util.ReferenceCountedLeakDetector (ReferenceCountedLeakDetector.java:lambda$new$0(147)) - LEAK: A org.apache.ratis.protocol.RaftClientRequest is not released properly
2024-09-29 22:58:03,142 [main] WARN  util.ReferenceCountedLeakDetector (ReferenceCountedLeakDetector.java:lambda$new$0(147)) - LEAK: A org.apache.ratis.proto.RaftProtos$LogEntryProto is not released properly
2024-09-29 22:58:03,142 [main] WARN  util.ReferenceCountedLeakDetector (ReferenceCountedLeakDetector.java:lambda$new$0(147)) - LEAK: A org.apache.ratis.protocol.RaftClientRequest is not released properly
2024-09-29 22:58:03,143 [main] WARN  util.ReferenceCountedLeakDetector (ReferenceCountedLeakDetector.java:lambda$new$0(147)) - LEAK: A org.apache.ratis.proto.RaftProtos$LogEntryProto is not released properly
2024-09-29 22:58:03,143 [main] WARN  util.ReferenceCountedLeakDetector (ReferenceCountedLeakDetector.java:lambda$new$0(147)) - LEAK: A org.apache.ratis.proto.RaftProtos$LogEntryProto is not released properly
2024-09-29 22:58:03,143 [main] WARN  util.ReferenceCountedLeakDetector (ReferenceCountedLeakDetector.java:lambda$new$0(147)) - LEAK: A org.apache.ratis.protocol.RaftClientRequest is not released properly
2024-09-29 22:58:03,143 [main] WARN  util.ReferenceCountedLeakDetector (ReferenceCountedLeakDetector.java:lambda$new$0(147)) - LEAK: A org.apache.ratis.protocol.RaftClientRequest is not released properly
2024-09-29 22:58:03,143 [main] WARN  util.ReferenceCountedLeakDetector (ReferenceCountedLeakDetector.java:lambda$new$0(147)) - LEAK: A org.apache.ratis.protocol.RaftClientRequest is not released properly
2024-09-29 22:58:03,143 [main] WARN  util.ReferenceCountedLeakDetector (ReferenceCountedLeakDetector.java:lambda$new$0(147)) - LEAK: A org.apache.ratis.protocol.RaftClientRequest is not released properly
2024-09-29 22:58:03,143 [main] WARN  util.ReferenceCountedLeakDetector (ReferenceCountedLeakDetector.java:lambda$new$0(147)) - LEAK: A org.apache.ratis.protocol.RaftClientRequest is not released properly
2024-09-29 22:58:03,143 [main] WARN  util.ReferenceCountedLeakDetector (ReferenceCountedLeakDetector.java:lambda$new$0(147)) - LEAK: A org.apache.ratis.protocol.RaftClientRequest is not released properly
2024-09-29 22:58:03,144 [main] WARN  util.ReferenceCountedLeakDetector (ReferenceCountedLeakDetector.java:lambda$new$0(147)) - LEAK: A org.apache.ratis.protocol.RaftClientRequest is not released properly
2024-09-29 22:58:03,144 [main] WARN  util.ReferenceCountedLeakDetector (ReferenceCountedLeakDetector.java:lambda$new$0(147)) - LEAK: A org.apache.ratis.protocol.RaftClientRequest is not released properly
2024-09-29 22:58:03,144 [main] WARN  util.ReferenceCountedLeakDetector (ReferenceCountedLeakDetector.java:lambda$new$0(147)) - LEAK: A org.apache.ratis.proto.RaftProtos$LogEntryProto is not released properly
2024-09-29 22:58:03,144 [main] WARN  util.ReferenceCountedLeakDetector (ReferenceCountedLeakDetector.java:lambda$new$0(147)) - LEAK: A org.apache.ratis.proto.RaftProtos$LogEntryProto is not released properly
2024-09-29 22:58:03,144 [main] WARN  util.ReferenceCountedLeakDetector (ReferenceCountedLeakDetector.java:lambda$new$0(147)) - LEAK: A org.apache.ratis.proto.RaftProtos$LogEntryProto is not released properly
2024-09-29 22:58:03,144 [main] WARN  util.ReferenceCountedLeakDetector (ReferenceCountedLeakDetector.java:lambda$new$0(147)) - LEAK: A org.apache.ratis.proto.RaftProtos$LogEntryProto is not released properly
2024-09-29 22:58:03,144 [main] WARN  util.ReferenceCountedLeakDetector (ReferenceCountedLeakDetector.java:lambda$new$0(147)) - LEAK: A org.apache.ratis.proto.RaftProtos$LogEntryProto is not released properly
2024-09-29 22:58:03,145 [main] WARN  util.ReferenceCountedLeakDetector (ReferenceCountedLeakDetector.java:lambda$new$0(147)) - LEAK: A org.apache.ratis.proto.RaftProtos$LogEntryProto is not released properly
2024-09-29 22:58:03,145 [main] WARN  util.ReferenceCountedLeakDetector (ReferenceCountedLeakDetector.java:lambda$new$0(147)) - LEAK: A org.apache.ratis.proto.RaftProtos$LogEntryProto is not released properly
2024-09-29 22:58:03,145 [main] WARN  util.ReferenceCountedLeakDetector (ReferenceCountedLeakDetector.java:lambda$new$0(147)) - LEAK: A org.apache.ratis.proto.RaftProtos$LogEntryProto is not released properly
2024-09-29 22:58:03,145 [main] WARN  util.ReferenceCountedLeakDetector (ReferenceCountedLeakDetector.java:lambda$new$0(147)) - LEAK: A org.apache.ratis.protocol.RaftClientRequest is not released properly
2024-09-29 22:58:03,145 [main] WARN  util.ReferenceCountedLeakDetector (ReferenceCountedLeakDetector.java:lambda$new$0(147)) - LEAK: A org.apache.ratis.proto.RaftProtos$LogEntryProto is not released properly
2024-09-29 22:58:03,145 [main] WARN  util.ReferenceCountedLeakDetector (ReferenceCountedLeakDetector.java:lambda$new$0(147)) - LEAK: A org.apache.ratis.protocol.RaftClientRequest is not released properly
2024-09-29 22:58:03,146 [main] WARN  util.ReferenceCountedLeakDetector (ReferenceCountedLeakDetector.java:lambda$new$0(147)) - LEAK: A org.apache.ratis.proto.RaftProtos$LogEntryProto is not released properly
2024-09-29 22:58:03,146 [main] WARN  util.ReferenceCountedLeakDetector (ReferenceCountedLeakDetector.java:lambda$new$0(147)) - LEAK: A org.apache.ratis.proto.RaftProtos$LogEntryProto is not released properly
2024-09-29 22:58:03,146 [main] WARN  util.ReferenceCountedLeakDetector (ReferenceCountedLeakDetector.java:lambda$new$0(147)) - LEAK: A org.apache.ratis.protocol.RaftClientRequest is not released properly
2024-09-29 22:58:03,146 [main] WARN  util.ReferenceCountedLeakDetector (ReferenceCountedLeakDetector.java:lambda$new$0(147)) - LEAK: A org.apache.ratis.protocol.RaftClientRequest is not released properly
2024-09-29 22:58:03,146 [main] WARN  util.ReferenceCountedLeakDetector (ReferenceCountedLeakDetector.java:lambda$new$0(147)) - LEAK: A org.apache.ratis.proto.RaftProtos$LogEntryProto is not released properly
2024-09-29 22:58:03,147 [main] WARN  util.ReferenceCountedLeakDetector (ReferenceCountedLeakDetector.java:lambda$new$0(147)) - LEAK: A org.apache.ratis.proto.RaftProtos$LogEntryProto is not released properly
2024-09-29 22:58:03,147 [main] WARN  util.ReferenceCountedLeakDetector (ReferenceCountedLeakDetector.java:lambda$new$0(147)) - LEAK: A org.apache.ratis.protocol.RaftClientRequest is not released properly
2024-09-29 22:58:03,147 [main] WARN  util.ReferenceCountedLeakDetector (ReferenceCountedLeakDetector.java:lambda$new$0(147)) - LEAK: A org.apache.ratis.proto.RaftProtos$LogEntryProto is not released properly
2024-09-29 22:58:03,147 [main] WARN  util.ReferenceCountedLeakDetector (ReferenceCountedLeakDetector.java:lambda$new$0(147)) - LEAK: A org.apache.ratis.proto.RaftProtos$LogEntryProto is not released properly
2024-09-29 22:58:03,147 [main] WARN  util.ReferenceCountedLeakDetector (ReferenceCountedLeakDetector.java:lambda$new$0(147)) - LEAK: A org.apache.ratis.protocol.RaftClientRequest is not released properly
2024-09-29 22:58:03,148 [main] WARN  util.ReferenceCountedLeakDetector (ReferenceCountedLeakDetector.java:lambda$new$0(147)) - LEAK: A org.apache.ratis.protocol.RaftClientRequest is not released properly
2024-09-29 22:58:03,148 [main] WARN  util.ReferenceCountedLeakDetector (ReferenceCountedLeakDetector.java:lambda$new$0(147)) - LEAK: A org.apache.ratis.proto.RaftProtos$LogEntryProto is not released properly
2024-09-29 22:58:03,148 [main] WARN  util.ReferenceCountedLeakDetector (ReferenceCountedLeakDetector.java:lambda$new$0(147)) - LEAK: A org.apache.ratis.proto.RaftProtos$LogEntryProto is not released properly
2024-09-29 22:58:03,148 [main] WARN  util.ReferenceCountedLeakDetector (ReferenceCountedLeakDetector.java:lambda$new$0(147)) - LEAK: A org.apache.ratis.protocol.RaftClientRequest is not released properly
2024-09-29 22:58:03,148 [main] WARN  util.ReferenceCountedLeakDetector (ReferenceCountedLeakDetector.java:lambda$new$0(147)) - LEAK: A org.apache.ratis.proto.RaftProtos$LogEntryProto is not released properly
2024-09-29 22:58:03,149 [main] WARN  util.ReferenceCountedLeakDetector (ReferenceCountedLeakDetector.java:lambda$new$0(147)) - LEAK: A org.apache.ratis.proto.RaftProtos$LogEntryProto is not released properly
2024-09-29 22:58:03,149 [main] WARN  util.ReferenceCountedLeakDetector (ReferenceCountedLeakDetector.java:lambda$new$0(147)) - LEAK: A org.apache.ratis.proto.RaftProtos$LogEntryProto is not released properly
2024-09-29 22:58:03,149 [main] WARN  util.ReferenceCountedLeakDetector (ReferenceCountedLeakDetector.java:lambda$new$0(147)) - LEAK: A org.apache.ratis.proto.RaftProtos$LogEntryProto is not released properly
2024-09-29 22:58:03,149 [main] WARN  util.ReferenceCountedLeakDetector (ReferenceCountedLeakDetector.java:lambda$new$0(147)) - LEAK: A org.apache.ratis.proto.RaftProtos$LogEntryProto is not released properly
2024-09-29 22:58:03,149 [main] WARN  util.ReferenceCountedLeakDetector (ReferenceCountedLeakDetector.java:lambda$new$0(147)) - LEAK: A org.apache.ratis.proto.RaftProtos$LogEntryProto is not released properly
2024-09-29 22:58:03,149 [main] WARN  util.ReferenceCountedLeakDetector (ReferenceCountedLeakDetector.java:lambda$new$0(147)) - LEAK: A org.apache.ratis.protocol.RaftClientRequest is not released properly
2024-09-29 22:58:03,149 [main] WARN  util.ReferenceCountedLeakDetector (ReferenceCountedLeakDetector.java:lambda$new$0(147)) - LEAK: A org.apache.ratis.proto.RaftProtos$LogEntryProto is not released properly
2024-09-29 22:58:03,150 [main] WARN  util.ReferenceCountedLeakDetector (ReferenceCountedLeakDetector.java:lambda$new$0(147)) - LEAK: A org.apache.ratis.protocol.RaftClientRequest is not released properly
2024-09-29 22:58:03,150 [main] WARN  util.ReferenceCountedLeakDetector (ReferenceCountedLeakDetector.java:lambda$new$0(147)) - LEAK: A org.apache.ratis.proto.RaftProtos$LogEntryProto is not released properly
2024-09-29 22:58:03,150 [main] WARN  util.ReferenceCountedLeakDetector (ReferenceCountedLeakDetector.java:lambda$new$0(147)) - LEAK: A org.apache.ratis.proto.RaftProtos$LogEntryProto is not released properly
2024-09-29 22:58:03,150 [main] WARN  util.ReferenceCountedLeakDetector (ReferenceCountedLeakDetector.java:lambda$new$0(147)) - LEAK: A org.apache.ratis.protocol.RaftClientRequest is not released properly
2024-09-29 22:58:03,150 [main] WARN  util.ReferenceCountedLeakDetector (ReferenceCountedLeakDetector.java:lambda$new$0(147)) - LEAK: A org.apache.ratis.protocol.RaftClientRequest is not released properly
]]></system-out>
  </testcase>
  <testcase name="testInstallSnapshotLeaderSwitch(Boolean)[2]" classname="org.apache.ratis.grpc.TestLeaderInstallSnapshotWithGrpc" time="5.428">
    <error type="java.lang.IllegalStateException"><![CDATA[java.lang.IllegalStateException: allLeaks.size = 257
	at org.apache.ratis.util.Preconditions.assertTrue(Preconditions.java:77)
	at org.apache.ratis.util.LeakDetector.assertNoLeaks(LeakDetector.java:107)
	at org.apache.ratis.server.impl.MiniRaftCluster.shutdown(MiniRaftCluster.java:869)
	at org.apache.ratis.grpc.MiniRaftClusterWithGrpc.shutdown(MiniRaftClusterWithGrpc.java:96)
	at org.apache.ratis.server.impl.MiniRaftCluster$Factory$Get.runWithNewCluster(MiniRaftCluster.java:149)
	at org.apache.ratis.server.impl.MiniRaftCluster$Factory$Get.runWithNewCluster(MiniRaftCluster.java:121)
	at org.apache.ratis.InstallSnapshotFromLeaderTests.testInstallSnapshotLeaderSwitch(InstallSnapshotFromLeaderTests.java:96)
	at org.apache.ratis.grpc.TestLeaderInstallSnapshotWithGrpc.testInstallSnapshotLeaderSwitch(TestLeaderInstallSnapshotWithGrpc.java:53)
	at java.lang.reflect.Method.invoke(Method.java:498)
	at java.util.stream.ForEachOps$ForEachOp$OfRef.accept(ForEachOps.java:183)
	at java.util.stream.ReferencePipeline$3$1.accept(ReferencePipeline.java:193)
	at java.util.stream.ReferencePipeline$2$1.accept(ReferencePipeline.java:175)
	at java.util.stream.ReferencePipeline$3$1.accept(ReferencePipeline.java:193)
	at java.util.stream.ForEachOps$ForEachOp$OfRef.accept(ForEachOps.java:183)
	at java.util.stream.ReferencePipeline$3$1.accept(ReferencePipeline.java:193)
	at java.util.stream.ReferencePipeline$3$1.accept(ReferencePipeline.java:193)
	at java.util.stream.ReferencePipeline$3$1.accept(ReferencePipeline.java:193)
	at java.util.stream.ForEachOps$ForEachOp$OfRef.accept(ForEachOps.java:183)
	at java.util.stream.ReferencePipeline$3$1.accept(ReferencePipeline.java:193)
	at java.util.Spliterators$ArraySpliterator.forEachRemaining(Spliterators.java:948)
	at java.util.stream.ReferencePipeline$Head.forEach(ReferencePipeline.java:647)
	at java.util.stream.ReferencePipeline$7$1.accept(ReferencePipeline.java:272)
	at java.util.stream.ReferencePipeline$3$1.accept(ReferencePipeline.java:193)
	at java.util.stream.ReferencePipeline$3$1.accept(ReferencePipeline.java:193)
	at java.util.stream.ReferencePipeline$3$1.accept(ReferencePipeline.java:193)
	at java.util.Spliterators$ArraySpliterator.forEachRemaining(Spliterators.java:948)
	at java.util.stream.AbstractPipeline.copyInto(AbstractPipeline.java:482)
	at java.util.stream.AbstractPipeline.wrapAndCopyInto(AbstractPipeline.java:472)
	at java.util.stream.ForEachOps$ForEachOp.evaluateSequential(ForEachOps.java:150)
	at java.util.stream.ForEachOps$ForEachOp$OfRef.evaluateSequential(ForEachOps.java:173)
	at java.util.stream.AbstractPipeline.evaluate(AbstractPipeline.java:234)
	at java.util.stream.ReferencePipeline.forEach(ReferencePipeline.java:485)
	at java.util.stream.ReferencePipeline$7$1.accept(ReferencePipeline.java:272)
	at java.util.stream.ReferencePipeline$3$1.accept(ReferencePipeline.java:193)
	at java.util.stream.ReferencePipeline$3$1.accept(ReferencePipeline.java:193)
	at java.util.stream.ReferencePipeline$3$1.accept(ReferencePipeline.java:193)
	at java.util.ArrayList$ArrayListSpliterator.forEachRemaining(ArrayList.java:1384)
	at java.util.stream.AbstractPipeline.copyInto(AbstractPipeline.java:482)
	at java.util.stream.AbstractPipeline.wrapAndCopyInto(AbstractPipeline.java:472)
	at java.util.stream.ForEachOps$ForEachOp.evaluateSequential(ForEachOps.java:150)
	at java.util.stream.ForEachOps$ForEachOp$OfRef.evaluateSequential(ForEachOps.java:173)
	at java.util.stream.AbstractPipeline.evaluate(AbstractPipeline.java:234)
	at java.util.stream.ReferencePipeline.forEach(ReferencePipeline.java:485)
	at java.util.stream.ReferencePipeline$7$1.accept(ReferencePipeline.java:272)
	at java.util.ArrayList$ArrayListSpliterator.forEachRemaining(ArrayList.java:1384)
	at java.util.stream.AbstractPipeline.copyInto(AbstractPipeline.java:482)
	at java.util.stream.AbstractPipeline.wrapAndCopyInto(AbstractPipeline.java:472)
	at java.util.stream.ForEachOps$ForEachOp.evaluateSequential(ForEachOps.java:150)
	at java.util.stream.ForEachOps$ForEachOp$OfRef.evaluateSequential(ForEachOps.java:173)
	at java.util.stream.AbstractPipeline.evaluate(AbstractPipeline.java:234)
	at java.util.stream.ReferencePipeline.forEach(ReferencePipeline.java:485)
	at java.util.ArrayList.forEach(ArrayList.java:1259)
	at java.util.ArrayList.forEach(ArrayList.java:1259)
]]></error>
    <system-out><![CDATA[2024-09-29 22:58:03,158 [main] INFO  util.LogUtils (Slf4jUtils.java:setLogLevel(38)) - Successfully set org.apache.ratis.conf.ConfUtils log level to WARN
2024-09-29 22:58:03,158 [main] INFO  util.LogUtils (Slf4jUtils.java:setLogLevel(38)) - Successfully set org.apache.ratis.util.FileUtils log level to TRACE
2024-09-29 22:58:03,160 [main] INFO  impl.MiniRaftCluster (MiniRaftCluster.java:runWithNewCluster(137)) - Running runWithNewCluster
2024-09-29 22:58:03,161 [main] INFO  impl.MiniRaftCluster (MiniRaftCluster.java:<init>(309)) - new MiniRaftClusterWithGrpc with group-D7B70F6236D3:[s0|localhost:15026, s1|localhost:15030, s2|localhost:15034]
2024-09-29 22:58:03,161 [main] INFO  impl.MiniRaftCluster (MiniRaftCluster.java:start(342)) - .............................................................. 
2024-09-29 22:58:03,161 [main] INFO  impl.MiniRaftCluster (MiniRaftCluster.java:start(343)) - ... 
2024-09-29 22:58:03,161 [main] INFO  impl.MiniRaftCluster (MiniRaftCluster.java:start(344)) - ...     Starting MiniRaftClusterWithGrpc
2024-09-29 22:58:03,162 [main] INFO  impl.MiniRaftCluster (MiniRaftCluster.java:start(345)) - ... 
2024-09-29 22:58:03,162 [main] INFO  impl.MiniRaftCluster (MiniRaftCluster.java:start(346)) - .............................................................. 
2024-09-29 22:58:03,162 [main] INFO  impl.MiniRaftCluster (MiniRaftCluster.java:initServers(321)) - servers = {}
2024-09-29 22:58:03,162 [main] INFO  impl.MiniRaftCluster (MiniRaftCluster.java:newRaftServer(386)) - newRaftServer: s0, group-D7B70F6236D3:[s0|localhost:15026, s1|localhost:15030, s2|localhost:15034], format? true
2024-09-29 22:58:03,162 [main] TRACE util.FileUtils (FileUtils.java:deleteFully(305)) - deleteFully target/test/data/f7ba0e94/MiniRaftClusterWithGrpc35e999b0/s0
2024-09-29 22:58:03,162 [main] TRACE util.FileUtils (FileUtils.java:deleteFully(318)) - deleteFully: target/test/data/f7ba0e94/MiniRaftClusterWithGrpc35e999b0/s0 does not exist.
2024-09-29 22:58:03,163 [main] INFO  impl.MiniRaftCluster (MiniRaftCluster.java:newRaftServer(391)) - Formatted directory target/test/data/f7ba0e94/MiniRaftClusterWithGrpc35e999b0/s0
2024-09-29 22:58:03,163 [main] INFO  server.RaftServer (ConfUtils.java:logGet(46)) - raft.rpc.type = GRPC (default)
2024-09-29 22:58:03,163 [main] INFO  grpc.GrpcConfigKeys (ConfUtils.java:logFallback(53)) - raft.grpc.admin.host = null (fallback to raft.grpc.server.host)
2024-09-29 22:58:03,163 [main] INFO  grpc.GrpcConfigKeys (ConfUtils.java:logGet(46)) - raft.grpc.admin.port = 15027 (custom)
2024-09-29 22:58:03,163 [main] INFO  grpc.GrpcConfigKeys (ConfUtils.java:logFallback(53)) - raft.grpc.client.host = null (fallback to raft.grpc.server.host)
2024-09-29 22:58:03,164 [main] INFO  grpc.GrpcConfigKeys (ConfUtils.java:logGet(46)) - raft.grpc.client.port = 15028 (custom)
2024-09-29 22:58:03,164 [main] INFO  grpc.GrpcConfigKeys (ConfUtils.java:logGet(46)) - raft.grpc.server.host = null (default)
2024-09-29 22:58:03,164 [main] INFO  grpc.GrpcConfigKeys (ConfUtils.java:logGet(46)) - raft.grpc.server.port = 15026 (custom)
2024-09-29 22:58:03,164 [main] INFO  server.GrpcService (ConfUtils.java:logGet(46)) - raft.grpc.message.size.max = 64MB (=67108864) (default)
2024-09-29 22:58:03,164 [main] INFO  server.GrpcService (ConfUtils.java:logGet(46)) - raft.grpc.flow.control.window = 1MB (=1048576) (default)
2024-09-29 22:58:03,164 [main] INFO  server.RaftServerConfigKeys (ConfUtils.java:logGet(46)) - raft.server.rpc.request.timeout = 3000ms (default)
2024-09-29 22:58:03,165 [main] INFO  grpc.GrpcConfigKeys (ConfUtils.java:logGet(46)) - raft.grpc.server.heartbeat.channel = true (default)
2024-09-29 22:58:03,165 [main] INFO  grpc.GrpcConfigKeys (ConfUtils.java:logGet(46)) - raft.grpc.server.zerocopy.enabled = true (custom)
2024-09-29 22:58:03,165 [main] INFO  server.RaftServerConfigKeys (ConfUtils.java:logGet(46)) - raft.server.log.appender.buffer.byte-limit = 4MB (=4194304) (default)
2024-09-29 22:58:03,165 [main] INFO  grpc.GrpcConfigKeys (ConfUtils.java:logGet(46)) - raft.grpc.server.async.request.thread.pool.cached = true (default)
2024-09-29 22:58:03,165 [main] INFO  grpc.GrpcConfigKeys (ConfUtils.java:logGet(46)) - raft.grpc.server.async.request.thread.pool.size = 32 (default)
2024-09-29 22:58:03,167 [main] INFO  impl.DataStreamServerImpl (ConfUtils.java:logGet(46)) - raft.datastream.type = DISABLED (default)
2024-09-29 22:58:03,168 [main] INFO  server.RaftServerConfigKeys (ConfUtils.java:logGet(46)) - raft.server.sleep.deviation.threshold = 300ms (default)
2024-09-29 22:58:03,168 [main] INFO  server.RaftServerConfigKeys (ConfUtils.java:logGet(46)) - raft.server.close.threshold = 60s (default)
2024-09-29 22:58:03,168 [main] INFO  server.RaftServerConfigKeys (ConfUtils.java:logGet(46)) - raft.server.leaderelection.leader.step-down.wait-time = 10s (default)
2024-09-29 22:58:03,168 [main] INFO  server.RaftServerConfigKeys (ConfUtils.java:logGet(46)) - raft.server.storage.dir = [/home/runner/work/ratis/ratis/ratis-test/target/test/data/f7ba0e94/MiniRaftClusterWithGrpc35e999b0/s0] (custom)
2024-09-29 22:58:03,169 [main] INFO  server.RaftServerConfigKeys (ConfUtils.java:logGet(46)) - raft.server.threadpool.proxy.cached = true (default)
2024-09-29 22:58:03,169 [main] INFO  server.RaftServerConfigKeys (ConfUtils.java:logGet(46)) - raft.server.threadpool.proxy.size = 0 (default)
2024-09-29 22:58:03,170 [main] INFO  server.RaftServer (RaftServerProxy.java:addNew(101)) - s0: addNew group-D7B70F6236D3:[s0|localhost:15026, s1|localhost:15030, s2|localhost:15034] returns group-D7B70F6236D3:java.util.concurrent.CompletableFuture@546ca9da[Not completed]
2024-09-29 22:58:03,170 [main] INFO  impl.MiniRaftCluster (MiniRaftCluster.java:newRaftServer(386)) - newRaftServer: s1, group-D7B70F6236D3:[s0|localhost:15026, s1|localhost:15030, s2|localhost:15034], format? true
2024-09-29 22:58:03,170 [main] TRACE util.FileUtils (FileUtils.java:deleteFully(305)) - deleteFully target/test/data/f7ba0e94/MiniRaftClusterWithGrpc35e999b0/s1
2024-09-29 22:58:03,170 [s0-groupManagement] INFO  server.RaftServerConfigKeys (ConfUtils.java:logGet(46)) - raft.server.log.segment.size.max = 32MB (=33554432) (default)
2024-09-29 22:58:03,171 [main] TRACE util.FileUtils (FileUtils.java:deleteFully(318)) - deleteFully: target/test/data/f7ba0e94/MiniRaftClusterWithGrpc35e999b0/s1 does not exist.
2024-09-29 22:58:03,171 [main] INFO  impl.MiniRaftCluster (MiniRaftCluster.java:newRaftServer(391)) - Formatted directory target/test/data/f7ba0e94/MiniRaftClusterWithGrpc35e999b0/s1
2024-09-29 22:58:03,171 [main] INFO  server.RaftServer (ConfUtils.java:logGet(46)) - raft.rpc.type = GRPC (default)
2024-09-29 22:58:03,172 [main] INFO  grpc.GrpcConfigKeys (ConfUtils.java:logFallback(53)) - raft.grpc.admin.host = null (fallback to raft.grpc.server.host)
2024-09-29 22:58:03,172 [main] INFO  grpc.GrpcConfigKeys (ConfUtils.java:logGet(46)) - raft.grpc.admin.port = 15031 (custom)
2024-09-29 22:58:03,172 [main] INFO  grpc.GrpcConfigKeys (ConfUtils.java:logFallback(53)) - raft.grpc.client.host = null (fallback to raft.grpc.server.host)
2024-09-29 22:58:03,172 [main] INFO  grpc.GrpcConfigKeys (ConfUtils.java:logGet(46)) - raft.grpc.client.port = 15032 (custom)
2024-09-29 22:58:03,173 [main] INFO  grpc.GrpcConfigKeys (ConfUtils.java:logGet(46)) - raft.grpc.server.host = null (default)
2024-09-29 22:58:03,173 [main] INFO  grpc.GrpcConfigKeys (ConfUtils.java:logGet(46)) - raft.grpc.server.port = 15030 (custom)
2024-09-29 22:58:03,173 [main] INFO  server.GrpcService (ConfUtils.java:logGet(46)) - raft.grpc.message.size.max = 64MB (=67108864) (default)
2024-09-29 22:58:03,173 [main] INFO  server.GrpcService (ConfUtils.java:logGet(46)) - raft.grpc.flow.control.window = 1MB (=1048576) (default)
2024-09-29 22:58:03,174 [main] INFO  server.RaftServerConfigKeys (ConfUtils.java:logGet(46)) - raft.server.rpc.request.timeout = 3000ms (default)
2024-09-29 22:58:03,174 [main] INFO  grpc.GrpcConfigKeys (ConfUtils.java:logGet(46)) - raft.grpc.server.heartbeat.channel = true (default)
2024-09-29 22:58:03,174 [main] INFO  grpc.GrpcConfigKeys (ConfUtils.java:logGet(46)) - raft.grpc.server.zerocopy.enabled = true (custom)
2024-09-29 22:58:03,174 [main] INFO  server.RaftServerConfigKeys (ConfUtils.java:logGet(46)) - raft.server.log.appender.buffer.byte-limit = 4MB (=4194304) (default)
2024-09-29 22:58:03,175 [main] INFO  grpc.GrpcConfigKeys (ConfUtils.java:logGet(46)) - raft.grpc.server.async.request.thread.pool.cached = true (default)
2024-09-29 22:58:03,175 [main] INFO  grpc.GrpcConfigKeys (ConfUtils.java:logGet(46)) - raft.grpc.server.async.request.thread.pool.size = 32 (default)
2024-09-29 22:58:03,177 [s0-groupManagement] INFO  server.RaftServerConfigKeys (ConfUtils.java:logGet(46)) - raft.server.log.preallocated.size = 4MB (=4194304) (default)
2024-09-29 22:58:03,177 [s0-groupManagement] INFO  server.RaftServerConfigKeys (ConfUtils.java:logGet(46)) - raft.server.log.write.buffer.size = 8MB (=8388608) (default)
2024-09-29 22:58:03,177 [s0-groupManagement] INFO  server.RaftServer$Division (RaftServerImpl.java:<init>(255)) - s0: new RaftServerImpl for group-D7B70F6236D3:[s0|localhost:15026, s1|localhost:15030, s2|localhost:15034] with StateMachineWithSeparatedSnapshotPath:uninitialized
2024-09-29 22:58:03,177 [s0-groupManagement] INFO  server.RaftServerConfigKeys (ConfUtils.java:logGet(46)) - raft.server.rpc.timeout.min = 150ms (default)
2024-09-29 22:58:03,177 [s0-groupManagement] INFO  server.RaftServerConfigKeys (ConfUtils.java:logGet(46)) - raft.server.rpc.timeout.max = 300ms (default)
2024-09-29 22:58:03,177 [s0-groupManagement] INFO  server.RaftServerConfigKeys (ConfUtils.java:logGet(46)) - raft.server.rpc.sleep.time = 25ms (default)
2024-09-29 22:58:03,177 [s0-groupManagement] INFO  server.RaftServerConfigKeys (ConfUtils.java:logGet(46)) - raft.server.rpc.slowness.timeout = 60s (default)
2024-09-29 22:58:03,177 [s0-groupManagement] INFO  server.RaftServerConfigKeys (ConfUtils.java:logGet(46)) - raft.server.leaderelection.leader.step-down.wait-time = 10s (default)
2024-09-29 22:58:03,177 [s0-groupManagement] INFO  server.RaftServerConfigKeys (ConfUtils.java:logGet(46)) - raft.server.leaderelection.member.majority-add = true (custom)
2024-09-29 22:58:03,178 [s0-groupManagement] INFO  server.RaftServerConfigKeys (ConfUtils.java:logGet(46)) - raft.server.sleep.deviation.threshold = 300ms (default)
2024-09-29 22:58:03,178 [s0-groupManagement] INFO  server.RaftServer$Division (ServerState.java:<init>(114)) - s0@group-D7B70F6236D3: ConfigurationManager, init=conf: {index: -1, cur=peers:[s0|localhost:15026, s1|localhost:15030, s2|localhost:15034]|listeners:[], old=null}, confs=<EMPTY_MAP>
2024-09-29 22:58:03,178 [s0-groupManagement] INFO  server.RaftServerConfigKeys (ConfUtils.java:logGet(46)) - raft.server.notification.no-leader.timeout = 60s (default)
2024-09-29 22:58:03,178 [s0-groupManagement] INFO  server.RaftServerConfigKeys (ConfUtils.java:logGet(46)) - raft.server.read.timeout = 10s (default)
2024-09-29 22:58:03,178 [s0-groupManagement] INFO  server.RaftServerConfigKeys (ConfUtils.java:logGet(46)) - raft.server.retrycache.expirytime = 60s (default)
2024-09-29 22:58:03,178 [s0-groupManagement] INFO  server.RaftServerConfigKeys (ConfUtils.java:logGet(46)) - raft.server.retrycache.statistics.expirytime = 100ms (default)
2024-09-29 22:58:03,178 [main] INFO  impl.DataStreamServerImpl (ConfUtils.java:logGet(46)) - raft.datastream.type = DISABLED (default)
2024-09-29 22:58:03,178 [main] INFO  server.RaftServerConfigKeys (ConfUtils.java:logGet(46)) - raft.server.sleep.deviation.threshold = 300ms (default)
2024-09-29 22:58:03,179 [main] INFO  server.RaftServerConfigKeys (ConfUtils.java:logGet(46)) - raft.server.close.threshold = 60s (default)
2024-09-29 22:58:03,179 [main] INFO  server.RaftServerConfigKeys (ConfUtils.java:logGet(46)) - raft.server.leaderelection.leader.step-down.wait-time = 10s (default)
2024-09-29 22:58:03,178 [s0-groupManagement] INFO  server.RaftServerConfigKeys (ConfUtils.java:logGet(46)) - raft.server.read.option = DEFAULT (default)
2024-09-29 22:58:03,179 [s0-groupManagement] INFO  server.RaftServerConfigKeys (ConfUtils.java:logGet(46)) - raft.server.read.read-after-write-consistent.write-index-cache.expiry-time = 60s (default)
2024-09-29 22:58:03,180 [main] INFO  server.RaftServerConfigKeys (ConfUtils.java:logGet(46)) - raft.server.storage.dir = [/home/runner/work/ratis/ratis/ratis-test/target/test/data/f7ba0e94/MiniRaftClusterWithGrpc35e999b0/s1] (custom)
2024-09-29 22:58:03,180 [s0-groupManagement] INFO  server.RaftServerConfigKeys (ConfUtils.java:logGet(46)) - raft.server.rpc.request.timeout = 3000ms (default)
2024-09-29 22:58:03,180 [main] INFO  server.RaftServerConfigKeys (ConfUtils.java:logGet(46)) - raft.server.threadpool.proxy.cached = true (default)
2024-09-29 22:58:03,181 [main] INFO  server.RaftServerConfigKeys (ConfUtils.java:logGet(46)) - raft.server.threadpool.proxy.size = 0 (default)
2024-09-29 22:58:03,180 [s0-groupManagement] INFO  server.RaftServerConfigKeys (ConfUtils.java:logGet(46)) - raft.server.log.appender.install.snapshot.enabled = true (default)
2024-09-29 22:58:03,181 [s0-groupManagement] INFO  server.RaftServerConfigKeys (ConfUtils.java:logGet(46)) - raft.server.threadpool.server.cached = true (default)
2024-09-29 22:58:03,181 [s0-groupManagement] INFO  server.RaftServerConfigKeys (ConfUtils.java:logGet(46)) - raft.server.threadpool.server.size = 0 (default)
2024-09-29 22:58:03,181 [s0-groupManagement] INFO  server.RaftServerConfigKeys (ConfUtils.java:logGet(46)) - raft.server.threadpool.client.cached = true (default)
2024-09-29 22:58:03,181 [s0-groupManagement] INFO  server.RaftServerConfigKeys (ConfUtils.java:logGet(46)) - raft.server.threadpool.client.size = 0 (default)
2024-09-29 22:58:03,185 [main] INFO  server.RaftServer (RaftServerProxy.java:addNew(101)) - s1: addNew group-D7B70F6236D3:[s0|localhost:15026, s1|localhost:15030, s2|localhost:15034] returns group-D7B70F6236D3:java.util.concurrent.CompletableFuture@298cfe89[Not completed]
2024-09-29 22:58:03,185 [s1-groupManagement] INFO  server.RaftServerConfigKeys (ConfUtils.java:logGet(46)) - raft.server.log.segment.size.max = 32MB (=33554432) (default)
2024-09-29 22:58:03,185 [s1-groupManagement] INFO  server.RaftServerConfigKeys (ConfUtils.java:logGet(46)) - raft.server.log.preallocated.size = 4MB (=4194304) (default)
2024-09-29 22:58:03,186 [s1-groupManagement] INFO  server.RaftServerConfigKeys (ConfUtils.java:logGet(46)) - raft.server.log.write.buffer.size = 8MB (=8388608) (default)
2024-09-29 22:58:03,185 [main] INFO  impl.MiniRaftCluster (MiniRaftCluster.java:newRaftServer(386)) - newRaftServer: s2, group-D7B70F6236D3:[s0|localhost:15026, s1|localhost:15030, s2|localhost:15034], format? true
2024-09-29 22:58:03,186 [main] TRACE util.FileUtils (FileUtils.java:deleteFully(305)) - deleteFully target/test/data/f7ba0e94/MiniRaftClusterWithGrpc35e999b0/s2
2024-09-29 22:58:03,186 [s1-groupManagement] INFO  server.RaftServer$Division (RaftServerImpl.java:<init>(255)) - s1: new RaftServerImpl for group-D7B70F6236D3:[s0|localhost:15026, s1|localhost:15030, s2|localhost:15034] with StateMachineWithSeparatedSnapshotPath:uninitialized
2024-09-29 22:58:03,186 [main] TRACE util.FileUtils (FileUtils.java:deleteFully(318)) - deleteFully: target/test/data/f7ba0e94/MiniRaftClusterWithGrpc35e999b0/s2 does not exist.
2024-09-29 22:58:03,186 [main] INFO  impl.MiniRaftCluster (MiniRaftCluster.java:newRaftServer(391)) - Formatted directory target/test/data/f7ba0e94/MiniRaftClusterWithGrpc35e999b0/s2
2024-09-29 22:58:03,186 [s1-groupManagement] INFO  server.RaftServerConfigKeys (ConfUtils.java:logGet(46)) - raft.server.rpc.timeout.min = 150ms (default)
2024-09-29 22:58:03,187 [s1-groupManagement] INFO  server.RaftServerConfigKeys (ConfUtils.java:logGet(46)) - raft.server.rpc.timeout.max = 300ms (default)
2024-09-29 22:58:03,187 [s1-groupManagement] INFO  server.RaftServerConfigKeys (ConfUtils.java:logGet(46)) - raft.server.rpc.sleep.time = 25ms (default)
2024-09-29 22:58:03,187 [s1-groupManagement] INFO  server.RaftServerConfigKeys (ConfUtils.java:logGet(46)) - raft.server.rpc.slowness.timeout = 60s (default)
2024-09-29 22:58:03,187 [s1-groupManagement] INFO  server.RaftServerConfigKeys (ConfUtils.java:logGet(46)) - raft.server.leaderelection.leader.step-down.wait-time = 10s (default)
2024-09-29 22:58:03,187 [s1-groupManagement] INFO  server.RaftServerConfigKeys (ConfUtils.java:logGet(46)) - raft.server.leaderelection.member.majority-add = true (custom)
2024-09-29 22:58:03,187 [s1-groupManagement] INFO  server.RaftServerConfigKeys (ConfUtils.java:logGet(46)) - raft.server.sleep.deviation.threshold = 300ms (default)
2024-09-29 22:58:03,187 [main] INFO  server.RaftServer (ConfUtils.java:logGet(46)) - raft.rpc.type = GRPC (default)
2024-09-29 22:58:03,187 [s1-groupManagement] INFO  server.RaftServer$Division (ServerState.java:<init>(114)) - s1@group-D7B70F6236D3: ConfigurationManager, init=conf: {index: -1, cur=peers:[s0|localhost:15026, s1|localhost:15030, s2|localhost:15034]|listeners:[], old=null}, confs=<EMPTY_MAP>
2024-09-29 22:58:03,188 [main] INFO  grpc.GrpcConfigKeys (ConfUtils.java:logFallback(53)) - raft.grpc.admin.host = null (fallback to raft.grpc.server.host)
2024-09-29 22:58:03,188 [main] INFO  grpc.GrpcConfigKeys (ConfUtils.java:logGet(46)) - raft.grpc.admin.port = 15035 (custom)
2024-09-29 22:58:03,188 [main] INFO  grpc.GrpcConfigKeys (ConfUtils.java:logFallback(53)) - raft.grpc.client.host = null (fallback to raft.grpc.server.host)
2024-09-29 22:58:03,188 [s1-groupManagement] INFO  server.RaftServerConfigKeys (ConfUtils.java:logGet(46)) - raft.server.notification.no-leader.timeout = 60s (default)
2024-09-29 22:58:03,189 [s1-groupManagement] INFO  server.RaftServerConfigKeys (ConfUtils.java:logGet(46)) - raft.server.read.timeout = 10s (default)
2024-09-29 22:58:03,188 [main] INFO  grpc.GrpcConfigKeys (ConfUtils.java:logGet(46)) - raft.grpc.client.port = 15036 (custom)
2024-09-29 22:58:03,189 [main] INFO  grpc.GrpcConfigKeys (ConfUtils.java:logGet(46)) - raft.grpc.server.host = null (default)
2024-09-29 22:58:03,189 [s1-groupManagement] INFO  server.RaftServerConfigKeys (ConfUtils.java:logGet(46)) - raft.server.retrycache.expirytime = 60s (default)
2024-09-29 22:58:03,189 [s1-groupManagement] INFO  server.RaftServerConfigKeys (ConfUtils.java:logGet(46)) - raft.server.retrycache.statistics.expirytime = 100ms (default)
2024-09-29 22:58:03,189 [main] INFO  grpc.GrpcConfigKeys (ConfUtils.java:logGet(46)) - raft.grpc.server.port = 15034 (custom)
2024-09-29 22:58:03,191 [main] INFO  server.GrpcService (ConfUtils.java:logGet(46)) - raft.grpc.message.size.max = 64MB (=67108864) (default)
2024-09-29 22:58:03,191 [main] INFO  server.GrpcService (ConfUtils.java:logGet(46)) - raft.grpc.flow.control.window = 1MB (=1048576) (default)
2024-09-29 22:58:03,191 [main] INFO  server.RaftServerConfigKeys (ConfUtils.java:logGet(46)) - raft.server.rpc.request.timeout = 3000ms (default)
2024-09-29 22:58:03,191 [main] INFO  grpc.GrpcConfigKeys (ConfUtils.java:logGet(46)) - raft.grpc.server.heartbeat.channel = true (default)
2024-09-29 22:58:03,192 [main] INFO  grpc.GrpcConfigKeys (ConfUtils.java:logGet(46)) - raft.grpc.server.zerocopy.enabled = true (custom)
2024-09-29 22:58:03,192 [main] INFO  server.RaftServerConfigKeys (ConfUtils.java:logGet(46)) - raft.server.log.appender.buffer.byte-limit = 4MB (=4194304) (default)
2024-09-29 22:58:03,192 [main] INFO  grpc.GrpcConfigKeys (ConfUtils.java:logGet(46)) - raft.grpc.server.async.request.thread.pool.cached = true (default)
2024-09-29 22:58:03,192 [main] INFO  grpc.GrpcConfigKeys (ConfUtils.java:logGet(46)) - raft.grpc.server.async.request.thread.pool.size = 32 (default)
2024-09-29 22:58:03,195 [main] INFO  impl.DataStreamServerImpl (ConfUtils.java:logGet(46)) - raft.datastream.type = DISABLED (default)
2024-09-29 22:58:03,195 [main] INFO  server.RaftServerConfigKeys (ConfUtils.java:logGet(46)) - raft.server.sleep.deviation.threshold = 300ms (default)
2024-09-29 22:58:03,195 [main] INFO  server.RaftServerConfigKeys (ConfUtils.java:logGet(46)) - raft.server.close.threshold = 60s (default)
2024-09-29 22:58:03,195 [main] INFO  server.RaftServerConfigKeys (ConfUtils.java:logGet(46)) - raft.server.leaderelection.leader.step-down.wait-time = 10s (default)
2024-09-29 22:58:03,196 [main] INFO  server.RaftServerConfigKeys (ConfUtils.java:logGet(46)) - raft.server.storage.dir = [/home/runner/work/ratis/ratis/ratis-test/target/test/data/f7ba0e94/MiniRaftClusterWithGrpc35e999b0/s2] (custom)
2024-09-29 22:58:03,196 [main] INFO  server.RaftServerConfigKeys (ConfUtils.java:logGet(46)) - raft.server.threadpool.proxy.cached = true (default)
2024-09-29 22:58:03,196 [main] INFO  server.RaftServerConfigKeys (ConfUtils.java:logGet(46)) - raft.server.threadpool.proxy.size = 0 (default)
2024-09-29 22:58:03,189 [s1-groupManagement] INFO  server.RaftServerConfigKeys (ConfUtils.java:logGet(46)) - raft.server.read.option = DEFAULT (default)
2024-09-29 22:58:03,201 [s1-groupManagement] INFO  server.RaftServerConfigKeys (ConfUtils.java:logGet(46)) - raft.server.read.read-after-write-consistent.write-index-cache.expiry-time = 60s (default)
2024-09-29 22:58:03,202 [s1-groupManagement] INFO  server.RaftServerConfigKeys (ConfUtils.java:logGet(46)) - raft.server.rpc.request.timeout = 3000ms (default)
2024-09-29 22:58:03,202 [s1-groupManagement] INFO  server.RaftServerConfigKeys (ConfUtils.java:logGet(46)) - raft.server.log.appender.install.snapshot.enabled = true (default)
2024-09-29 22:58:03,202 [s1-groupManagement] INFO  server.RaftServerConfigKeys (ConfUtils.java:logGet(46)) - raft.server.threadpool.server.cached = true (default)
2024-09-29 22:58:03,202 [s1-groupManagement] INFO  server.RaftServerConfigKeys (ConfUtils.java:logGet(46)) - raft.server.threadpool.server.size = 0 (default)
2024-09-29 22:58:03,202 [s1-groupManagement] INFO  server.RaftServerConfigKeys (ConfUtils.java:logGet(46)) - raft.server.threadpool.client.cached = true (default)
2024-09-29 22:58:03,202 [s1-groupManagement] INFO  server.RaftServerConfigKeys (ConfUtils.java:logGet(46)) - raft.server.threadpool.client.size = 0 (default)
2024-09-29 22:58:03,203 [main] INFO  server.RaftServer (RaftServerProxy.java:addNew(101)) - s2: addNew group-D7B70F6236D3:[s0|localhost:15026, s1|localhost:15030, s2|localhost:15034] returns group-D7B70F6236D3:java.util.concurrent.CompletableFuture@77587422[Not completed]
2024-09-29 22:58:03,203 [s2-groupManagement] INFO  server.RaftServerConfigKeys (ConfUtils.java:logGet(46)) - raft.server.log.segment.size.max = 32MB (=33554432) (default)
2024-09-29 22:58:03,203 [s2-groupManagement] INFO  server.RaftServerConfigKeys (ConfUtils.java:logGet(46)) - raft.server.log.preallocated.size = 4MB (=4194304) (default)
2024-09-29 22:58:03,203 [s0-impl-thread1] INFO  server.RaftServerConfigKeys (ConfUtils.java:logGet(46)) - raft.server.storage.free-space.min = 0MB (=0) (default)
2024-09-29 22:58:03,203 [s2-groupManagement] INFO  server.RaftServerConfigKeys (ConfUtils.java:logGet(46)) - raft.server.log.write.buffer.size = 8MB (=8388608) (default)
2024-09-29 22:58:03,203 [s0-impl-thread1] INFO  server.RaftServerConfigKeys (ConfUtils.java:logGet(46)) - raft.server.log.corruption.policy = EXCEPTION (default)
2024-09-29 22:58:03,204 [s2-groupManagement] INFO  server.RaftServer$Division (RaftServerImpl.java:<init>(255)) - s2: new RaftServerImpl for group-D7B70F6236D3:[s0|localhost:15026, s1|localhost:15030, s2|localhost:15034] with StateMachineWithSeparatedSnapshotPath:uninitialized
2024-09-29 22:58:03,204 [s0-impl-thread1] INFO  server.RaftServerConfigKeys (ConfUtils.java:logGet(46)) - raft.server.storage.dir = [/home/runner/work/ratis/ratis/ratis-test/target/test/data/f7ba0e94/MiniRaftClusterWithGrpc35e999b0/s0] (custom)
2024-09-29 22:58:03,204 [s2-groupManagement] INFO  server.RaftServerConfigKeys (ConfUtils.java:logGet(46)) - raft.server.rpc.timeout.min = 150ms (default)
2024-09-29 22:58:03,204 [s2-groupManagement] INFO  server.RaftServerConfigKeys (ConfUtils.java:logGet(46)) - raft.server.rpc.timeout.max = 300ms (default)
2024-09-29 22:58:03,204 [s2-groupManagement] INFO  server.RaftServerConfigKeys (ConfUtils.java:logGet(46)) - raft.server.rpc.sleep.time = 25ms (default)
2024-09-29 22:58:03,204 [s2-groupManagement] INFO  server.RaftServerConfigKeys (ConfUtils.java:logGet(46)) - raft.server.rpc.slowness.timeout = 60s (default)
2024-09-29 22:58:03,204 [s2-groupManagement] INFO  server.RaftServerConfigKeys (ConfUtils.java:logGet(46)) - raft.server.leaderelection.leader.step-down.wait-time = 10s (default)
2024-09-29 22:58:03,204 [s0-impl-thread1] INFO  storage.RaftStorageDirectory (RaftStorageDirectoryImpl.java:analyzeStorage(138)) - The storage directory /home/runner/work/ratis/ratis/ratis-test/target/test/data/f7ba0e94/MiniRaftClusterWithGrpc35e999b0/s0/636f46cf-4f82-4ac4-8690-d7b70f6236d3 does not exist. Creating ...
2024-09-29 22:58:03,204 [s2-groupManagement] INFO  server.RaftServerConfigKeys (ConfUtils.java:logGet(46)) - raft.server.leaderelection.member.majority-add = true (custom)
2024-09-29 22:58:03,204 [s2-groupManagement] INFO  server.RaftServerConfigKeys (ConfUtils.java:logGet(46)) - raft.server.sleep.deviation.threshold = 300ms (default)
2024-09-29 22:58:03,204 [s2-groupManagement] INFO  server.RaftServer$Division (ServerState.java:<init>(114)) - s2@group-D7B70F6236D3: ConfigurationManager, init=conf: {index: -1, cur=peers:[s0|localhost:15026, s1|localhost:15030, s2|localhost:15034]|listeners:[], old=null}, confs=<EMPTY_MAP>
2024-09-29 22:58:03,204 [s2-groupManagement] INFO  server.RaftServerConfigKeys (ConfUtils.java:logGet(46)) - raft.server.notification.no-leader.timeout = 60s (default)
2024-09-29 22:58:03,204 [s2-groupManagement] INFO  server.RaftServerConfigKeys (ConfUtils.java:logGet(46)) - raft.server.read.timeout = 10s (default)
2024-09-29 22:58:03,204 [s2-groupManagement] INFO  server.RaftServerConfigKeys (ConfUtils.java:logGet(46)) - raft.server.retrycache.expirytime = 60s (default)
2024-09-29 22:58:03,204 [s0-impl-thread1] TRACE util.FileUtils (LogUtils.java:runAndLog(49)) - Successfully ran Files.createDirectories /home/runner/work/ratis/ratis/ratis-test/target/test/data/f7ba0e94/MiniRaftClusterWithGrpc35e999b0/s0/636f46cf-4f82-4ac4-8690-d7b70f6236d3
2024-09-29 22:58:03,204 [s2-groupManagement] INFO  server.RaftServerConfigKeys (ConfUtils.java:logGet(46)) - raft.server.retrycache.statistics.expirytime = 100ms (default)
2024-09-29 22:58:03,205 [s2-groupManagement] INFO  server.RaftServerConfigKeys (ConfUtils.java:logGet(46)) - raft.server.read.option = DEFAULT (default)
2024-09-29 22:58:03,205 [s2-groupManagement] INFO  server.RaftServerConfigKeys (ConfUtils.java:logGet(46)) - raft.server.read.read-after-write-consistent.write-index-cache.expiry-time = 60s (default)
2024-09-29 22:58:03,206 [s2-groupManagement] INFO  server.RaftServerConfigKeys (ConfUtils.java:logGet(46)) - raft.server.rpc.request.timeout = 3000ms (default)
2024-09-29 22:58:03,206 [s2-groupManagement] INFO  server.RaftServerConfigKeys (ConfUtils.java:logGet(46)) - raft.server.log.appender.install.snapshot.enabled = true (default)
2024-09-29 22:58:03,206 [s2-groupManagement] INFO  server.RaftServerConfigKeys (ConfUtils.java:logGet(46)) - raft.server.threadpool.server.cached = true (default)
2024-09-29 22:58:03,206 [s2-groupManagement] INFO  server.RaftServerConfigKeys (ConfUtils.java:logGet(46)) - raft.server.threadpool.server.size = 0 (default)
2024-09-29 22:58:03,206 [s2-groupManagement] INFO  server.RaftServerConfigKeys (ConfUtils.java:logGet(46)) - raft.server.threadpool.client.cached = true (default)
2024-09-29 22:58:03,206 [s2-groupManagement] INFO  server.RaftServerConfigKeys (ConfUtils.java:logGet(46)) - raft.server.threadpool.client.size = 0 (default)
2024-09-29 22:58:03,207 [s0-impl-thread1] INFO  storage.RaftStorageDirectory (RaftStorageDirectoryImpl.java:tryLock(229)) - Lock on /home/runner/work/ratis/ratis/ratis-test/target/test/data/f7ba0e94/MiniRaftClusterWithGrpc35e999b0/s0/636f46cf-4f82-4ac4-8690-d7b70f6236d3/in_use.lock acquired by nodename 27829@fv-az737-927
2024-09-29 22:58:03,207 [s0-impl-thread1] TRACE util.FileUtils (LogUtils.java:runAndLog(49)) - Successfully ran Files.createDirectories /home/runner/work/ratis/ratis/ratis-test/target/test/data/f7ba0e94/MiniRaftClusterWithGrpc35e999b0/s0/636f46cf-4f82-4ac4-8690-d7b70f6236d3/current
2024-09-29 22:58:03,207 [s0-impl-thread1] TRACE util.FileUtils (LogUtils.java:runAndLog(49)) - Successfully ran Files.createDirectories /home/runner/work/ratis/ratis/ratis-test/target/test/data/f7ba0e94/MiniRaftClusterWithGrpc35e999b0/s0/636f46cf-4f82-4ac4-8690-d7b70f6236d3/sm
2024-09-29 22:58:03,207 [s0-impl-thread1] TRACE util.FileUtils (LogUtils.java:supplyAndLog(69)) - Successfully supplied FileChannel.open /home/runner/work/ratis/ratis/ratis-test/target/test/data/f7ba0e94/MiniRaftClusterWithGrpc35e999b0/s0/636f46cf-4f82-4ac4-8690-d7b70f6236d3/current/raft-meta.tmp with options [CREATE, WRITE]: sun.nio.ch.FileChannelImpl@6f6e1bb
2024-09-29 22:58:03,210 [s0-impl-thread1] TRACE util.FileUtils (LogUtils.java:runAndLog(49)) - Successfully ran Atomic Files.move /home/runner/work/ratis/ratis/ratis-test/target/test/data/f7ba0e94/MiniRaftClusterWithGrpc35e999b0/s0/636f46cf-4f82-4ac4-8690-d7b70f6236d3/current/raft-meta.tmp to /home/runner/work/ratis/ratis/ratis-test/target/test/data/f7ba0e94/MiniRaftClusterWithGrpc35e999b0/s0/636f46cf-4f82-4ac4-8690-d7b70f6236d3/current/raft-meta with options [REPLACE_EXISTING]
2024-09-29 22:58:03,210 [s0-impl-thread1] INFO  storage.RaftStorage (RaftStorageImpl.java:format(98)) - Storage directory /home/runner/work/ratis/ratis/ratis-test/target/test/data/f7ba0e94/MiniRaftClusterWithGrpc35e999b0/s0/636f46cf-4f82-4ac4-8690-d7b70f6236d3 has been successfully formatted.
2024-09-29 22:58:03,210 [s0-impl-thread1] INFO  impl.SimpleStateMachine4Testing (SimpleStateMachine4Testing.java:initialize(215)) - Initializing StateMachineWithSeparatedSnapshotPath:uninitialized
2024-09-29 22:58:03,210 [s0-impl-thread1] INFO  impl.SimpleStateMachine4Testing (SimpleStateMachine4Testing.java:loadSnapshot(300)) - Loading snapshot null
2024-09-29 22:58:03,210 [s0-impl-thread1] TRACE util.FileUtils (FileUtils.java:deleteFully(305)) - deleteFully /tmp/ratis-tests/statemachine/s0
2024-09-29 22:58:03,211 [s0-impl-thread1] TRACE util.FileUtils (LogUtils.java:runAndLog(49)) - Successfully ran Files.delete /tmp/ratis-tests/statemachine/s0/snapshot/1_191/vegetable
2024-09-29 22:58:03,211 [s0-impl-thread1] TRACE util.FileUtils (LogUtils.java:runAndLog(49)) - Successfully ran Files.delete /tmp/ratis-tests/statemachine/s0/snapshot/1_191/loves
2024-09-29 22:58:03,211 [s0-impl-thread1] TRACE util.FileUtils (LogUtils.java:runAndLog(49)) - Successfully ran Files.delete /tmp/ratis-tests/statemachine/s0/snapshot/1_191/deer
2024-09-29 22:58:03,211 [s0-impl-thread1] TRACE util.FileUtils (LogUtils.java:runAndLog(49)) - Successfully ran Files.delete /tmp/ratis-tests/statemachine/s0/snapshot/1_191
2024-09-29 22:58:03,211 [s0-impl-thread1] TRACE util.FileUtils (LogUtils.java:runAndLog(49)) - Successfully ran Files.delete /tmp/ratis-tests/statemachine/s0/snapshot/1_63/vegetable
2024-09-29 22:58:03,211 [s0-impl-thread1] TRACE util.FileUtils (LogUtils.java:runAndLog(49)) - Successfully ran Files.delete /tmp/ratis-tests/statemachine/s0/snapshot/1_63/loves
2024-09-29 22:58:03,211 [s0-impl-thread1] TRACE util.FileUtils (LogUtils.java:runAndLog(49)) - Successfully ran Files.delete /tmp/ratis-tests/statemachine/s0/snapshot/1_63/deer
2024-09-29 22:58:03,211 [s0-impl-thread1] TRACE util.FileUtils (LogUtils.java:runAndLog(49)) - Successfully ran Files.delete /tmp/ratis-tests/statemachine/s0/snapshot/1_63
2024-09-29 22:58:03,211 [s0-impl-thread1] TRACE util.FileUtils (LogUtils.java:runAndLog(49)) - Successfully ran Files.delete /tmp/ratis-tests/statemachine/s0/snapshot/1_127/vegetable
2024-09-29 22:58:03,212 [s0-impl-thread1] TRACE util.FileUtils (LogUtils.java:runAndLog(49)) - Successfully ran Files.delete /tmp/ratis-tests/statemachine/s0/snapshot/1_127/loves
2024-09-29 22:58:03,212 [s0-impl-thread1] TRACE util.FileUtils (LogUtils.java:runAndLog(49)) - Successfully ran Files.delete /tmp/ratis-tests/statemachine/s0/snapshot/1_127/deer
2024-09-29 22:58:03,212 [s0-impl-thread1] TRACE util.FileUtils (LogUtils.java:runAndLog(49)) - Successfully ran Files.delete /tmp/ratis-tests/statemachine/s0/snapshot/1_127
2024-09-29 22:58:03,212 [s0-impl-thread1] TRACE util.FileUtils (LogUtils.java:runAndLog(49)) - Successfully ran Files.delete /tmp/ratis-tests/statemachine/s0/snapshot/2_264/vegetable
2024-09-29 22:58:03,212 [s0-impl-thread1] TRACE util.FileUtils (LogUtils.java:runAndLog(49)) - Successfully ran Files.delete /tmp/ratis-tests/statemachine/s0/snapshot/2_264/loves
2024-09-29 22:58:03,212 [s0-impl-thread1] TRACE util.FileUtils (LogUtils.java:runAndLog(49)) - Successfully ran Files.delete /tmp/ratis-tests/statemachine/s0/snapshot/2_264/deer
2024-09-29 22:58:03,212 [s0-impl-thread1] TRACE util.FileUtils (LogUtils.java:runAndLog(49)) - Successfully ran Files.delete /tmp/ratis-tests/statemachine/s0/snapshot/2_264
2024-09-29 22:58:03,212 [s0-impl-thread1] TRACE util.FileUtils (LogUtils.java:runAndLog(49)) - Successfully ran Files.delete /tmp/ratis-tests/statemachine/s0/snapshot/1_255/vegetable
2024-09-29 22:58:03,212 [s0-impl-thread1] TRACE util.FileUtils (LogUtils.java:runAndLog(49)) - Successfully ran Files.delete /tmp/ratis-tests/statemachine/s0/snapshot/1_255/loves
2024-09-29 22:58:03,212 [s0-impl-thread1] TRACE util.FileUtils (LogUtils.java:runAndLog(49)) - Successfully ran Files.delete /tmp/ratis-tests/statemachine/s0/snapshot/1_255/deer
2024-09-29 22:58:03,213 [s0-impl-thread1] TRACE util.FileUtils (LogUtils.java:runAndLog(49)) - Successfully ran Files.delete /tmp/ratis-tests/statemachine/s0/snapshot/1_255
2024-09-29 22:58:03,213 [s0-impl-thread1] TRACE util.FileUtils (LogUtils.java:runAndLog(49)) - Successfully ran Files.delete /tmp/ratis-tests/statemachine/s0/snapshot
2024-09-29 22:58:03,213 [s0-impl-thread1] TRACE util.FileUtils (LogUtils.java:runAndLog(49)) - Successfully ran Files.delete /tmp/ratis-tests/statemachine/s0/tmp
2024-09-29 22:58:03,213 [s0-impl-thread1] TRACE util.FileUtils (LogUtils.java:runAndLog(49)) - Successfully ran Files.delete /tmp/ratis-tests/statemachine/s0
2024-09-29 22:58:03,213 [s0-impl-thread1] INFO  server.RaftServerConfigKeys (ConfUtils.java:logGet(46)) - raft.server.log.use.memory = false (default)
2024-09-29 22:58:03,213 [s0-impl-thread1] INFO  server.RaftServerConfigKeys (ConfUtils.java:logGet(46)) - raft.server.log.purge.gap = 8 (custom)
2024-09-29 22:58:03,213 [s0-impl-thread1] INFO  server.RaftServerConfigKeys (ConfUtils.java:logGet(46)) - raft.server.log.appender.buffer.byte-limit = 4MB (=4194304) (default)
2024-09-29 22:58:03,213 [s0-impl-thread1] INFO  server.RaftServerConfigKeys (ConfUtils.java:logGet(46)) - raft.server.log.statemachine.data.read.timeout = 1000ms (default)
2024-09-29 22:58:03,213 [s0-impl-thread1] INFO  server.RaftServerConfigKeys (ConfUtils.java:logGet(46)) - raft.server.log.purge.preservation.log.num = 0 (default)
2024-09-29 22:58:03,214 [s0-impl-thread1] INFO  server.RaftServerConfigKeys (ConfUtils.java:logGet(46)) - raft.server.log.segment.size.max = 32MB (=33554432) (default)
2024-09-29 22:58:03,214 [s0-impl-thread1] INFO  server.RaftServerConfigKeys (ConfUtils.java:logGet(46)) - raft.server.log.segment.cache.num.max = 6 (default)
2024-09-29 22:58:03,214 [s0-impl-thread1] INFO  server.RaftServerConfigKeys (ConfUtils.java:logGet(46)) - raft.server.log.segment.cache.size.max = 200MB (=209715200) (default)
2024-09-29 22:58:03,214 [s0-impl-thread1] INFO  server.RaftServerConfigKeys (ConfUtils.java:logGet(46)) - raft.server.log.appender.buffer.byte-limit = 4MB (=4194304) (default)
2024-09-29 22:58:03,214 [s0-impl-thread1] INFO  util.AwaitToRun (AwaitToRun.java:start(81)) - Thread[s0@group-D7B70F6236D3-cacheEviction-AwaitToRun,5,main] started
2024-09-29 22:58:03,214 [s0-impl-thread1] INFO  segmented.SegmentedRaftLogWorker (SegmentedRaftLogWorker.java:<init>(187)) - new s0@group-D7B70F6236D3-SegmentedRaftLogWorker for RaftStorageImpl:Storage Directory /home/runner/work/ratis/ratis/ratis-test/target/test/data/f7ba0e94/MiniRaftClusterWithGrpc35e999b0/s0/636f46cf-4f82-4ac4-8690-d7b70f6236d3
2024-09-29 22:58:03,214 [s0-impl-thread1] INFO  server.RaftServerConfigKeys (ConfUtils.java:logGet(46)) - raft.server.log.queue.byte-limit = 64MB (=67108864) (default)
2024-09-29 22:58:03,214 [s0-impl-thread1] INFO  server.RaftServerConfigKeys (ConfUtils.java:logGet(46)) - raft.server.log.queue.element-limit = 4096 (default)
2024-09-29 22:58:03,214 [s0-impl-thread1] INFO  server.RaftServerConfigKeys (ConfUtils.java:logGet(46)) - raft.server.log.segment.size.max = 32MB (=33554432) (default)
2024-09-29 22:58:03,215 [s0-impl-thread1] INFO  server.RaftServerConfigKeys (ConfUtils.java:logGet(46)) - raft.server.log.preallocated.size = 4MB (=4194304) (default)
2024-09-29 22:58:03,215 [s0-impl-thread1] INFO  server.RaftServerConfigKeys (ConfUtils.java:logGet(46)) - raft.server.log.force.sync.num = 128 (default)
2024-09-29 22:58:03,215 [s0-impl-thread1] INFO  server.RaftServerConfigKeys (ConfUtils.java:logGet(46)) - raft.server.log.statemachine.data.sync = true (default)
2024-09-29 22:58:03,215 [s0-impl-thread1] INFO  server.RaftServerConfigKeys (ConfUtils.java:logGet(46)) - raft.server.log.statemachine.data.sync.timeout = 10s (default)
2024-09-29 22:58:03,215 [s0-impl-thread1] INFO  server.RaftServerConfigKeys (ConfUtils.java:logGet(46)) - raft.server.log.statemachine.data.sync.timeout.retry = -1 (default)
2024-09-29 22:58:03,215 [s0-impl-thread1] INFO  server.RaftServerConfigKeys (ConfUtils.java:logGet(46)) - raft.server.log.write.buffer.size = 8MB (=8388608) (default)
2024-09-29 22:58:03,216 [s0-impl-thread1] INFO  server.RaftServerConfigKeys (ConfUtils.java:logGet(46)) - raft.server.log.appender.buffer.byte-limit = 4MB (=4194304) (default)
2024-09-29 22:58:03,216 [s0-impl-thread1] INFO  server.RaftServerConfigKeys (ConfUtils.java:logGet(46)) - raft.server.log.unsafe-flush.enabled = false (default)
2024-09-29 22:58:03,217 [s0-impl-thread1] INFO  server.RaftServerConfigKeys (ConfUtils.java:logGet(46)) - raft.server.log.async-flush.enabled = false (default)
2024-09-29 22:58:03,217 [s0-impl-thread1] INFO  server.RaftServerConfigKeys (ConfUtils.java:logGet(46)) - raft.server.log.statemachine.data.caching.enabled = false (default)
2024-09-29 22:58:03,217 [s0-impl-thread1] INFO  segmented.SegmentedRaftLogWorker (SegmentedRaftLogWorker.java:lambda$new$0(138)) - s0@group-D7B70F6236D3-SegmentedRaftLogWorker: flushIndex: setUnconditionally 0 -> -1
2024-09-29 22:58:03,217 [s0-impl-thread1] INFO  segmented.SegmentedRaftLogWorker (SegmentedRaftLogWorker.java:lambda$new$0(138)) - s0@group-D7B70F6236D3-SegmentedRaftLogWorker: safeCacheEvictIndex: setUnconditionally 0 -> -1
2024-09-29 22:58:03,217 [s0-impl-thread1] INFO  server.RaftServer$Division (RaftServerImpl.java:start(391)) - s0@group-D7B70F6236D3: start as a follower, conf=conf: {index: -1, cur=peers:[s0|localhost:15026, s1|localhost:15030, s2|localhost:15034]|listeners:[], old=null}
2024-09-29 22:58:03,217 [s0-impl-thread1] INFO  server.RaftServer$Division (RaftServerImpl.java:setRole(378)) - s0@group-D7B70F6236D3: changes role from      null to FOLLOWER at term 0 for startAsFollower
2024-09-29 22:58:03,217 [s0-impl-thread1] INFO  impl.RoleInfo (RoleInfo.java:updateAndGet(148)) - s0: start s0@group-D7B70F6236D3-FollowerState
2024-09-29 22:58:03,218 [s0@group-D7B70F6236D3-FollowerState] INFO  server.RaftServerConfigKeys (ConfUtils.java:logFallback(53)) - raft.server.rpc.first-election.timeout.min = 150ms (fallback to raft.server.rpc.timeout.min)
2024-09-29 22:58:03,218 [s0@group-D7B70F6236D3-FollowerState] INFO  server.RaftServerConfigKeys (ConfUtils.java:logFallback(53)) - raft.server.rpc.first-election.timeout.max = 300ms (fallback to raft.server.rpc.timeout.max)
2024-09-29 22:58:03,219 [s0-impl-thread1] INFO  util.JmxRegister (JmxRegister.java:tryRegister(44)) - Successfully registered JMX Bean with object name Ratis:service=RaftServer,group=group-D7B70F6236D3,id=s0
2024-09-29 22:58:03,219 [s0-impl-thread1] INFO  util.JmxRegister (JmxRegister.java:register(58)) - register mxBean class org.apache.ratis.server.impl.RaftServerJmxAdapter as Ratis:service=RaftServer,group=group-D7B70F6236D3,id=s0
2024-09-29 22:58:03,219 [s0-impl-thread1] INFO  server.RaftServerConfigKeys (ConfUtils.java:logGet(46)) - raft.server.snapshot.trigger-when-stop.enabled = true (default)
2024-09-29 22:58:03,219 [s0-impl-thread1] INFO  server.RaftServerConfigKeys (ConfUtils.java:logGet(46)) - raft.server.snapshot.trigger-when-remove.enabled = true (default)
2024-09-29 22:58:03,219 [s0-impl-thread1] INFO  server.RaftServerConfigKeys (ConfUtils.java:logGet(46)) - raft.server.snapshot.auto.trigger.enabled = true (custom)
2024-09-29 22:58:03,219 [s0-impl-thread1] INFO  server.RaftServerConfigKeys (ConfUtils.java:logGet(46)) - raft.server.snapshot.auto.trigger.threshold = 64 (custom)
2024-09-29 22:58:03,219 [s0-impl-thread1] INFO  server.RaftServerConfigKeys (ConfUtils.java:logGet(46)) - raft.server.snapshot.retention.file.num = -1 (default)
2024-09-29 22:58:03,219 [s0-impl-thread1] INFO  server.RaftServerConfigKeys (ConfUtils.java:logGet(46)) - raft.server.log.purge.upto.snapshot.index = false (default)
2024-09-29 22:58:03,219 [main] INFO  server.RaftServer (RaftServerProxy.java:startImpl(408)) - s0: start RPC server
2024-09-29 22:58:03,221 [main] INFO  server.GrpcService (GrpcService.java:startImpl(341)) - s0: GrpcService started, listening on 15028
2024-09-29 22:58:03,222 [main] INFO  server.GrpcService (GrpcService.java:startImpl(341)) - s0: GrpcService started, listening on 15026
2024-09-29 22:58:03,225 [main] INFO  server.GrpcService (GrpcService.java:startImpl(341)) - s0: GrpcService started, listening on 15027
2024-09-29 22:58:03,225 [JvmPauseMonitor11] INFO  util.JvmPauseMonitor (JvmPauseMonitor.java:run(146)) - JvmPauseMonitor-s0: Started
2024-09-29 22:58:03,225 [s1-impl-thread1] INFO  server.RaftServerConfigKeys (ConfUtils.java:logGet(46)) - raft.server.storage.free-space.min = 0MB (=0) (default)
2024-09-29 22:58:03,225 [s1-impl-thread1] INFO  server.RaftServerConfigKeys (ConfUtils.java:logGet(46)) - raft.server.log.corruption.policy = EXCEPTION (default)
2024-09-29 22:58:03,225 [s1-impl-thread1] INFO  server.RaftServerConfigKeys (ConfUtils.java:logGet(46)) - raft.server.storage.dir = [/home/runner/work/ratis/ratis/ratis-test/target/test/data/f7ba0e94/MiniRaftClusterWithGrpc35e999b0/s1] (custom)
2024-09-29 22:58:03,226 [s1-impl-thread1] INFO  storage.RaftStorageDirectory (RaftStorageDirectoryImpl.java:analyzeStorage(138)) - The storage directory /home/runner/work/ratis/ratis/ratis-test/target/test/data/f7ba0e94/MiniRaftClusterWithGrpc35e999b0/s1/636f46cf-4f82-4ac4-8690-d7b70f6236d3 does not exist. Creating ...
2024-09-29 22:58:03,226 [s1-impl-thread1] TRACE util.FileUtils (LogUtils.java:runAndLog(49)) - Successfully ran Files.createDirectories /home/runner/work/ratis/ratis/ratis-test/target/test/data/f7ba0e94/MiniRaftClusterWithGrpc35e999b0/s1/636f46cf-4f82-4ac4-8690-d7b70f6236d3
2024-09-29 22:58:03,227 [s1-impl-thread1] INFO  storage.RaftStorageDirectory (RaftStorageDirectoryImpl.java:tryLock(229)) - Lock on /home/runner/work/ratis/ratis/ratis-test/target/test/data/f7ba0e94/MiniRaftClusterWithGrpc35e999b0/s1/636f46cf-4f82-4ac4-8690-d7b70f6236d3/in_use.lock acquired by nodename 27829@fv-az737-927
2024-09-29 22:58:03,227 [s1-impl-thread1] TRACE util.FileUtils (LogUtils.java:runAndLog(49)) - Successfully ran Files.createDirectories /home/runner/work/ratis/ratis/ratis-test/target/test/data/f7ba0e94/MiniRaftClusterWithGrpc35e999b0/s1/636f46cf-4f82-4ac4-8690-d7b70f6236d3/current
2024-09-29 22:58:03,227 [s1-impl-thread1] TRACE util.FileUtils (LogUtils.java:runAndLog(49)) - Successfully ran Files.createDirectories /home/runner/work/ratis/ratis/ratis-test/target/test/data/f7ba0e94/MiniRaftClusterWithGrpc35e999b0/s1/636f46cf-4f82-4ac4-8690-d7b70f6236d3/sm
2024-09-29 22:58:03,227 [s1-impl-thread1] TRACE util.FileUtils (LogUtils.java:supplyAndLog(69)) - Successfully supplied FileChannel.open /home/runner/work/ratis/ratis/ratis-test/target/test/data/f7ba0e94/MiniRaftClusterWithGrpc35e999b0/s1/636f46cf-4f82-4ac4-8690-d7b70f6236d3/current/raft-meta.tmp with options [CREATE, WRITE]: sun.nio.ch.FileChannelImpl@4c2a0a26
2024-09-29 22:58:03,229 [s1-impl-thread1] TRACE util.FileUtils (LogUtils.java:runAndLog(49)) - Successfully ran Atomic Files.move /home/runner/work/ratis/ratis/ratis-test/target/test/data/f7ba0e94/MiniRaftClusterWithGrpc35e999b0/s1/636f46cf-4f82-4ac4-8690-d7b70f6236d3/current/raft-meta.tmp to /home/runner/work/ratis/ratis/ratis-test/target/test/data/f7ba0e94/MiniRaftClusterWithGrpc35e999b0/s1/636f46cf-4f82-4ac4-8690-d7b70f6236d3/current/raft-meta with options [REPLACE_EXISTING]
2024-09-29 22:58:03,229 [s1-impl-thread1] INFO  storage.RaftStorage (RaftStorageImpl.java:format(98)) - Storage directory /home/runner/work/ratis/ratis/ratis-test/target/test/data/f7ba0e94/MiniRaftClusterWithGrpc35e999b0/s1/636f46cf-4f82-4ac4-8690-d7b70f6236d3 has been successfully formatted.
2024-09-29 22:58:03,229 [s1-impl-thread1] INFO  impl.SimpleStateMachine4Testing (SimpleStateMachine4Testing.java:initialize(215)) - Initializing StateMachineWithSeparatedSnapshotPath:uninitialized
2024-09-29 22:58:03,229 [s1-impl-thread1] INFO  impl.SimpleStateMachine4Testing (SimpleStateMachine4Testing.java:loadSnapshot(300)) - Loading snapshot null
2024-09-29 22:58:03,229 [s1-impl-thread1] TRACE util.FileUtils (FileUtils.java:deleteFully(305)) - deleteFully /tmp/ratis-tests/statemachine/s1
2024-09-29 22:58:03,229 [s1-impl-thread1] TRACE util.FileUtils (LogUtils.java:runAndLog(49)) - Successfully ran Files.delete /tmp/ratis-tests/statemachine/s1/snapshot/1_191/vegetable
2024-09-29 22:58:03,230 [s1-impl-thread1] TRACE util.FileUtils (LogUtils.java:runAndLog(49)) - Successfully ran Files.delete /tmp/ratis-tests/statemachine/s1/snapshot/1_191/loves
2024-09-29 22:58:03,230 [s1-impl-thread1] TRACE util.FileUtils (LogUtils.java:runAndLog(49)) - Successfully ran Files.delete /tmp/ratis-tests/statemachine/s1/snapshot/1_191/deer
2024-09-29 22:58:03,230 [s1-impl-thread1] TRACE util.FileUtils (LogUtils.java:runAndLog(49)) - Successfully ran Files.delete /tmp/ratis-tests/statemachine/s1/snapshot/1_191
2024-09-29 22:58:03,230 [s1-impl-thread1] TRACE util.FileUtils (LogUtils.java:runAndLog(49)) - Successfully ran Files.delete /tmp/ratis-tests/statemachine/s1/snapshot/1_63/vegetable
2024-09-29 22:58:03,230 [s1-impl-thread1] TRACE util.FileUtils (LogUtils.java:runAndLog(49)) - Successfully ran Files.delete /tmp/ratis-tests/statemachine/s1/snapshot/1_63/loves
2024-09-29 22:58:03,230 [s1-impl-thread1] TRACE util.FileUtils (LogUtils.java:runAndLog(49)) - Successfully ran Files.delete /tmp/ratis-tests/statemachine/s1/snapshot/1_63/deer
2024-09-29 22:58:03,230 [s1-impl-thread1] TRACE util.FileUtils (LogUtils.java:runAndLog(49)) - Successfully ran Files.delete /tmp/ratis-tests/statemachine/s1/snapshot/1_63
2024-09-29 22:58:03,230 [s1-impl-thread1] TRACE util.FileUtils (LogUtils.java:runAndLog(49)) - Successfully ran Files.delete /tmp/ratis-tests/statemachine/s1/snapshot/1_127/vegetable
2024-09-29 22:58:03,230 [s1-impl-thread1] TRACE util.FileUtils (LogUtils.java:runAndLog(49)) - Successfully ran Files.delete /tmp/ratis-tests/statemachine/s1/snapshot/1_127/loves
2024-09-29 22:58:03,230 [s1-impl-thread1] TRACE util.FileUtils (LogUtils.java:runAndLog(49)) - Successfully ran Files.delete /tmp/ratis-tests/statemachine/s1/snapshot/1_127/deer
2024-09-29 22:58:03,230 [s1-impl-thread1] TRACE util.FileUtils (LogUtils.java:runAndLog(49)) - Successfully ran Files.delete /tmp/ratis-tests/statemachine/s1/snapshot/1_127
2024-09-29 22:58:03,230 [s1-impl-thread1] TRACE util.FileUtils (LogUtils.java:runAndLog(49)) - Successfully ran Files.delete /tmp/ratis-tests/statemachine/s1/snapshot/2_263/vegetable
2024-09-29 22:58:03,230 [s1-impl-thread1] TRACE util.FileUtils (LogUtils.java:runAndLog(49)) - Successfully ran Files.delete /tmp/ratis-tests/statemachine/s1/snapshot/2_263/loves
2024-09-29 22:58:03,231 [s1-impl-thread1] TRACE util.FileUtils (LogUtils.java:runAndLog(49)) - Successfully ran Files.delete /tmp/ratis-tests/statemachine/s1/snapshot/2_263/deer
2024-09-29 22:58:03,231 [s1-impl-thread1] TRACE util.FileUtils (LogUtils.java:runAndLog(49)) - Successfully ran Files.delete /tmp/ratis-tests/statemachine/s1/snapshot/2_263
2024-09-29 22:58:03,231 [s1-impl-thread1] TRACE util.FileUtils (LogUtils.java:runAndLog(49)) - Successfully ran Files.delete /tmp/ratis-tests/statemachine/s1/snapshot/1_255/vegetable
2024-09-29 22:58:03,231 [s1-impl-thread1] TRACE util.FileUtils (LogUtils.java:runAndLog(49)) - Successfully ran Files.delete /tmp/ratis-tests/statemachine/s1/snapshot/1_255/loves
2024-09-29 22:58:03,231 [s1-impl-thread1] TRACE util.FileUtils (LogUtils.java:runAndLog(49)) - Successfully ran Files.delete /tmp/ratis-tests/statemachine/s1/snapshot/1_255/deer
2024-09-29 22:58:03,231 [s1-impl-thread1] TRACE util.FileUtils (LogUtils.java:runAndLog(49)) - Successfully ran Files.delete /tmp/ratis-tests/statemachine/s1/snapshot/1_255
2024-09-29 22:58:03,231 [s1-impl-thread1] TRACE util.FileUtils (LogUtils.java:runAndLog(49)) - Successfully ran Files.delete /tmp/ratis-tests/statemachine/s1/snapshot
2024-09-29 22:58:03,231 [s1-impl-thread1] TRACE util.FileUtils (LogUtils.java:runAndLog(49)) - Successfully ran Files.delete /tmp/ratis-tests/statemachine/s1/tmp
2024-09-29 22:58:03,231 [s1-impl-thread1] TRACE util.FileUtils (LogUtils.java:runAndLog(49)) - Successfully ran Files.delete /tmp/ratis-tests/statemachine/s1
2024-09-29 22:58:03,231 [s1-impl-thread1] INFO  server.RaftServerConfigKeys (ConfUtils.java:logGet(46)) - raft.server.log.use.memory = false (default)
2024-09-29 22:58:03,232 [s1-impl-thread1] INFO  server.RaftServerConfigKeys (ConfUtils.java:logGet(46)) - raft.server.log.purge.gap = 8 (custom)
2024-09-29 22:58:03,232 [s1-impl-thread1] INFO  server.RaftServerConfigKeys (ConfUtils.java:logGet(46)) - raft.server.log.appender.buffer.byte-limit = 4MB (=4194304) (default)
2024-09-29 22:58:03,232 [s1-impl-thread1] INFO  server.RaftServerConfigKeys (ConfUtils.java:logGet(46)) - raft.server.log.statemachine.data.read.timeout = 1000ms (default)
2024-09-29 22:58:03,232 [s1-impl-thread1] INFO  server.RaftServerConfigKeys (ConfUtils.java:logGet(46)) - raft.server.log.purge.preservation.log.num = 0 (default)
2024-09-29 22:58:03,233 [s1-impl-thread1] INFO  server.RaftServerConfigKeys (ConfUtils.java:logGet(46)) - raft.server.log.segment.size.max = 32MB (=33554432) (default)
2024-09-29 22:58:03,233 [s1-impl-thread1] INFO  server.RaftServerConfigKeys (ConfUtils.java:logGet(46)) - raft.server.log.segment.cache.num.max = 6 (default)
2024-09-29 22:58:03,233 [s1-impl-thread1] INFO  server.RaftServerConfigKeys (ConfUtils.java:logGet(46)) - raft.server.log.segment.cache.size.max = 200MB (=209715200) (default)
2024-09-29 22:58:03,233 [s1-impl-thread1] INFO  server.RaftServerConfigKeys (ConfUtils.java:logGet(46)) - raft.server.log.appender.buffer.byte-limit = 4MB (=4194304) (default)
2024-09-29 22:58:03,233 [s1-impl-thread1] INFO  util.AwaitToRun (AwaitToRun.java:start(81)) - Thread[s1@group-D7B70F6236D3-cacheEviction-AwaitToRun,5,main] started
2024-09-29 22:58:03,233 [s1-impl-thread1] INFO  segmented.SegmentedRaftLogWorker (SegmentedRaftLogWorker.java:<init>(187)) - new s1@group-D7B70F6236D3-SegmentedRaftLogWorker for RaftStorageImpl:Storage Directory /home/runner/work/ratis/ratis/ratis-test/target/test/data/f7ba0e94/MiniRaftClusterWithGrpc35e999b0/s1/636f46cf-4f82-4ac4-8690-d7b70f6236d3
2024-09-29 22:58:03,233 [s1-impl-thread1] INFO  server.RaftServerConfigKeys (ConfUtils.java:logGet(46)) - raft.server.log.queue.byte-limit = 64MB (=67108864) (default)
2024-09-29 22:58:03,233 [s1-impl-thread1] INFO  server.RaftServerConfigKeys (ConfUtils.java:logGet(46)) - raft.server.log.queue.element-limit = 4096 (default)
2024-09-29 22:58:03,233 [s1-impl-thread1] INFO  server.RaftServerConfigKeys (ConfUtils.java:logGet(46)) - raft.server.log.segment.size.max = 32MB (=33554432) (default)
2024-09-29 22:58:03,234 [s1-impl-thread1] INFO  server.RaftServerConfigKeys (ConfUtils.java:logGet(46)) - raft.server.log.preallocated.size = 4MB (=4194304) (default)
2024-09-29 22:58:03,234 [s1-impl-thread1] INFO  server.RaftServerConfigKeys (ConfUtils.java:logGet(46)) - raft.server.log.force.sync.num = 128 (default)
2024-09-29 22:58:03,234 [s1-impl-thread1] INFO  server.RaftServerConfigKeys (ConfUtils.java:logGet(46)) - raft.server.log.statemachine.data.sync = true (default)
2024-09-29 22:58:03,234 [s1-impl-thread1] INFO  server.RaftServerConfigKeys (ConfUtils.java:logGet(46)) - raft.server.log.statemachine.data.sync.timeout = 10s (default)
2024-09-29 22:58:03,234 [s1-impl-thread1] INFO  server.RaftServerConfigKeys (ConfUtils.java:logGet(46)) - raft.server.log.statemachine.data.sync.timeout.retry = -1 (default)
2024-09-29 22:58:03,234 [s1-impl-thread1] INFO  server.RaftServerConfigKeys (ConfUtils.java:logGet(46)) - raft.server.log.write.buffer.size = 8MB (=8388608) (default)
2024-09-29 22:58:03,234 [s1-impl-thread1] INFO  server.RaftServerConfigKeys (ConfUtils.java:logGet(46)) - raft.server.log.appender.buffer.byte-limit = 4MB (=4194304) (default)
2024-09-29 22:58:03,235 [s1-impl-thread1] INFO  server.RaftServerConfigKeys (ConfUtils.java:logGet(46)) - raft.server.log.unsafe-flush.enabled = false (default)
2024-09-29 22:58:03,235 [s1-impl-thread1] INFO  server.RaftServerConfigKeys (ConfUtils.java:logGet(46)) - raft.server.log.async-flush.enabled = false (default)
2024-09-29 22:58:03,235 [s1-impl-thread1] INFO  server.RaftServerConfigKeys (ConfUtils.java:logGet(46)) - raft.server.log.statemachine.data.caching.enabled = false (default)
2024-09-29 22:58:03,235 [s1-impl-thread1] INFO  segmented.SegmentedRaftLogWorker (SegmentedRaftLogWorker.java:lambda$new$0(138)) - s1@group-D7B70F6236D3-SegmentedRaftLogWorker: flushIndex: setUnconditionally 0 -> -1
2024-09-29 22:58:03,235 [s1-impl-thread1] INFO  segmented.SegmentedRaftLogWorker (SegmentedRaftLogWorker.java:lambda$new$0(138)) - s1@group-D7B70F6236D3-SegmentedRaftLogWorker: safeCacheEvictIndex: setUnconditionally 0 -> -1
2024-09-29 22:58:03,235 [s1-impl-thread1] INFO  server.RaftServer$Division (RaftServerImpl.java:start(391)) - s1@group-D7B70F6236D3: start as a follower, conf=conf: {index: -1, cur=peers:[s0|localhost:15026, s1|localhost:15030, s2|localhost:15034]|listeners:[], old=null}
2024-09-29 22:58:03,235 [s1-impl-thread1] INFO  server.RaftServer$Division (RaftServerImpl.java:setRole(378)) - s1@group-D7B70F6236D3: changes role from      null to FOLLOWER at term 0 for startAsFollower
2024-09-29 22:58:03,235 [s1-impl-thread1] INFO  impl.RoleInfo (RoleInfo.java:updateAndGet(148)) - s1: start s1@group-D7B70F6236D3-FollowerState
2024-09-29 22:58:03,236 [s1@group-D7B70F6236D3-FollowerState] INFO  server.RaftServerConfigKeys (ConfUtils.java:logFallback(53)) - raft.server.rpc.first-election.timeout.min = 150ms (fallback to raft.server.rpc.timeout.min)
2024-09-29 22:58:03,236 [s1-impl-thread1] INFO  util.JmxRegister (JmxRegister.java:tryRegister(44)) - Successfully registered JMX Bean with object name Ratis:service=RaftServer,group=group-D7B70F6236D3,id=s1
2024-09-29 22:58:03,236 [s1-impl-thread1] INFO  util.JmxRegister (JmxRegister.java:register(58)) - register mxBean class org.apache.ratis.server.impl.RaftServerJmxAdapter as Ratis:service=RaftServer,group=group-D7B70F6236D3,id=s1
2024-09-29 22:58:03,236 [s1-impl-thread1] INFO  server.RaftServerConfigKeys (ConfUtils.java:logGet(46)) - raft.server.snapshot.trigger-when-stop.enabled = true (default)
2024-09-29 22:58:03,236 [s1-impl-thread1] INFO  server.RaftServerConfigKeys (ConfUtils.java:logGet(46)) - raft.server.snapshot.trigger-when-remove.enabled = true (default)
2024-09-29 22:58:03,236 [s1-impl-thread1] INFO  server.RaftServerConfigKeys (ConfUtils.java:logGet(46)) - raft.server.snapshot.auto.trigger.enabled = true (custom)
2024-09-29 22:58:03,236 [s1-impl-thread1] INFO  server.RaftServerConfigKeys (ConfUtils.java:logGet(46)) - raft.server.snapshot.auto.trigger.threshold = 64 (custom)
2024-09-29 22:58:03,236 [s1-impl-thread1] INFO  server.RaftServerConfigKeys (ConfUtils.java:logGet(46)) - raft.server.snapshot.retention.file.num = -1 (default)
2024-09-29 22:58:03,236 [s1-impl-thread1] INFO  server.RaftServerConfigKeys (ConfUtils.java:logGet(46)) - raft.server.log.purge.upto.snapshot.index = false (default)
2024-09-29 22:58:03,236 [s1@group-D7B70F6236D3-FollowerState] INFO  server.RaftServerConfigKeys (ConfUtils.java:logFallback(53)) - raft.server.rpc.first-election.timeout.max = 300ms (fallback to raft.server.rpc.timeout.max)
2024-09-29 22:58:03,237 [main] INFO  server.RaftServer (RaftServerProxy.java:startImpl(408)) - s1: start RPC server
2024-09-29 22:58:03,238 [main] INFO  server.GrpcService (GrpcService.java:startImpl(341)) - s1: GrpcService started, listening on 15032
2024-09-29 22:58:03,239 [main] INFO  server.GrpcService (GrpcService.java:startImpl(341)) - s1: GrpcService started, listening on 15030
2024-09-29 22:58:03,241 [main] INFO  server.GrpcService (GrpcService.java:startImpl(341)) - s1: GrpcService started, listening on 15031
2024-09-29 22:58:03,242 [JvmPauseMonitor12] INFO  util.JvmPauseMonitor (JvmPauseMonitor.java:run(146)) - JvmPauseMonitor-s1: Started
2024-09-29 22:58:03,242 [s2-impl-thread1] INFO  server.RaftServerConfigKeys (ConfUtils.java:logGet(46)) - raft.server.storage.free-space.min = 0MB (=0) (default)
2024-09-29 22:58:03,242 [s2-impl-thread1] INFO  server.RaftServerConfigKeys (ConfUtils.java:logGet(46)) - raft.server.log.corruption.policy = EXCEPTION (default)
2024-09-29 22:58:03,242 [s2-impl-thread1] INFO  server.RaftServerConfigKeys (ConfUtils.java:logGet(46)) - raft.server.storage.dir = [/home/runner/work/ratis/ratis/ratis-test/target/test/data/f7ba0e94/MiniRaftClusterWithGrpc35e999b0/s2] (custom)
2024-09-29 22:58:03,242 [s2-impl-thread1] INFO  storage.RaftStorageDirectory (RaftStorageDirectoryImpl.java:analyzeStorage(138)) - The storage directory /home/runner/work/ratis/ratis/ratis-test/target/test/data/f7ba0e94/MiniRaftClusterWithGrpc35e999b0/s2/636f46cf-4f82-4ac4-8690-d7b70f6236d3 does not exist. Creating ...
2024-09-29 22:58:03,242 [s2-impl-thread1] TRACE util.FileUtils (LogUtils.java:runAndLog(49)) - Successfully ran Files.createDirectories /home/runner/work/ratis/ratis/ratis-test/target/test/data/f7ba0e94/MiniRaftClusterWithGrpc35e999b0/s2/636f46cf-4f82-4ac4-8690-d7b70f6236d3
2024-09-29 22:58:03,243 [s2-impl-thread1] INFO  storage.RaftStorageDirectory (RaftStorageDirectoryImpl.java:tryLock(229)) - Lock on /home/runner/work/ratis/ratis/ratis-test/target/test/data/f7ba0e94/MiniRaftClusterWithGrpc35e999b0/s2/636f46cf-4f82-4ac4-8690-d7b70f6236d3/in_use.lock acquired by nodename 27829@fv-az737-927
2024-09-29 22:58:03,244 [s2-impl-thread1] TRACE util.FileUtils (LogUtils.java:runAndLog(49)) - Successfully ran Files.createDirectories /home/runner/work/ratis/ratis/ratis-test/target/test/data/f7ba0e94/MiniRaftClusterWithGrpc35e999b0/s2/636f46cf-4f82-4ac4-8690-d7b70f6236d3/current
2024-09-29 22:58:03,244 [s2-impl-thread1] TRACE util.FileUtils (LogUtils.java:runAndLog(49)) - Successfully ran Files.createDirectories /home/runner/work/ratis/ratis/ratis-test/target/test/data/f7ba0e94/MiniRaftClusterWithGrpc35e999b0/s2/636f46cf-4f82-4ac4-8690-d7b70f6236d3/sm
2024-09-29 22:58:03,244 [s2-impl-thread1] TRACE util.FileUtils (LogUtils.java:supplyAndLog(69)) - Successfully supplied FileChannel.open /home/runner/work/ratis/ratis/ratis-test/target/test/data/f7ba0e94/MiniRaftClusterWithGrpc35e999b0/s2/636f46cf-4f82-4ac4-8690-d7b70f6236d3/current/raft-meta.tmp with options [CREATE, WRITE]: sun.nio.ch.FileChannelImpl@6c2c8802
2024-09-29 22:58:03,245 [s2-impl-thread1] TRACE util.FileUtils (LogUtils.java:runAndLog(49)) - Successfully ran Atomic Files.move /home/runner/work/ratis/ratis/ratis-test/target/test/data/f7ba0e94/MiniRaftClusterWithGrpc35e999b0/s2/636f46cf-4f82-4ac4-8690-d7b70f6236d3/current/raft-meta.tmp to /home/runner/work/ratis/ratis/ratis-test/target/test/data/f7ba0e94/MiniRaftClusterWithGrpc35e999b0/s2/636f46cf-4f82-4ac4-8690-d7b70f6236d3/current/raft-meta with options [REPLACE_EXISTING]
2024-09-29 22:58:03,245 [s2-impl-thread1] INFO  storage.RaftStorage (RaftStorageImpl.java:format(98)) - Storage directory /home/runner/work/ratis/ratis/ratis-test/target/test/data/f7ba0e94/MiniRaftClusterWithGrpc35e999b0/s2/636f46cf-4f82-4ac4-8690-d7b70f6236d3 has been successfully formatted.
2024-09-29 22:58:03,245 [s2-impl-thread1] INFO  impl.SimpleStateMachine4Testing (SimpleStateMachine4Testing.java:initialize(215)) - Initializing StateMachineWithSeparatedSnapshotPath:uninitialized
2024-09-29 22:58:03,246 [s2-impl-thread1] INFO  impl.SimpleStateMachine4Testing (SimpleStateMachine4Testing.java:loadSnapshot(300)) - Loading snapshot null
2024-09-29 22:58:03,246 [s2-impl-thread1] TRACE util.FileUtils (FileUtils.java:deleteFully(305)) - deleteFully /tmp/ratis-tests/statemachine/s2
2024-09-29 22:58:03,246 [s2-impl-thread1] TRACE util.FileUtils (LogUtils.java:runAndLog(49)) - Successfully ran Files.delete /tmp/ratis-tests/statemachine/s2/snapshot/1_191/vegetable
2024-09-29 22:58:03,246 [s2-impl-thread1] TRACE util.FileUtils (LogUtils.java:runAndLog(49)) - Successfully ran Files.delete /tmp/ratis-tests/statemachine/s2/snapshot/1_191/loves
2024-09-29 22:58:03,246 [s2-impl-thread1] TRACE util.FileUtils (LogUtils.java:runAndLog(49)) - Successfully ran Files.delete /tmp/ratis-tests/statemachine/s2/snapshot/1_191/deer
2024-09-29 22:58:03,246 [s2-impl-thread1] TRACE util.FileUtils (LogUtils.java:runAndLog(49)) - Successfully ran Files.delete /tmp/ratis-tests/statemachine/s2/snapshot/1_191
2024-09-29 22:58:03,246 [s2-impl-thread1] TRACE util.FileUtils (LogUtils.java:runAndLog(49)) - Successfully ran Files.delete /tmp/ratis-tests/statemachine/s2/snapshot/1_63/vegetable
2024-09-29 22:58:03,246 [s2-impl-thread1] TRACE util.FileUtils (LogUtils.java:runAndLog(49)) - Successfully ran Files.delete /tmp/ratis-tests/statemachine/s2/snapshot/1_63/loves
2024-09-29 22:58:03,246 [s2-impl-thread1] TRACE util.FileUtils (LogUtils.java:runAndLog(49)) - Successfully ran Files.delete /tmp/ratis-tests/statemachine/s2/snapshot/1_63/deer
2024-09-29 22:58:03,247 [s2-impl-thread1] TRACE util.FileUtils (LogUtils.java:runAndLog(49)) - Successfully ran Files.delete /tmp/ratis-tests/statemachine/s2/snapshot/1_63
2024-09-29 22:58:03,247 [s2-impl-thread1] TRACE util.FileUtils (LogUtils.java:runAndLog(49)) - Successfully ran Files.delete /tmp/ratis-tests/statemachine/s2/snapshot/1_127/vegetable
2024-09-29 22:58:03,247 [s2-impl-thread1] TRACE util.FileUtils (LogUtils.java:runAndLog(49)) - Successfully ran Files.delete /tmp/ratis-tests/statemachine/s2/snapshot/1_127/loves
2024-09-29 22:58:03,247 [s2-impl-thread1] TRACE util.FileUtils (LogUtils.java:runAndLog(49)) - Successfully ran Files.delete /tmp/ratis-tests/statemachine/s2/snapshot/1_127/deer
2024-09-29 22:58:03,247 [s2-impl-thread1] TRACE util.FileUtils (LogUtils.java:runAndLog(49)) - Successfully ran Files.delete /tmp/ratis-tests/statemachine/s2/snapshot/1_127
2024-09-29 22:58:03,247 [s2-impl-thread1] TRACE util.FileUtils (LogUtils.java:runAndLog(49)) - Successfully ran Files.delete /tmp/ratis-tests/statemachine/s2/snapshot/1_255/vegetable
2024-09-29 22:58:03,247 [s2-impl-thread1] TRACE util.FileUtils (LogUtils.java:runAndLog(49)) - Successfully ran Files.delete /tmp/ratis-tests/statemachine/s2/snapshot/1_255/loves
2024-09-29 22:58:03,247 [s2-impl-thread1] TRACE util.FileUtils (LogUtils.java:runAndLog(49)) - Successfully ran Files.delete /tmp/ratis-tests/statemachine/s2/snapshot/1_255/deer
2024-09-29 22:58:03,247 [s2-impl-thread1] TRACE util.FileUtils (LogUtils.java:runAndLog(49)) - Successfully ran Files.delete /tmp/ratis-tests/statemachine/s2/snapshot/1_255
2024-09-29 22:58:03,248 [s2-impl-thread1] TRACE util.FileUtils (LogUtils.java:runAndLog(49)) - Successfully ran Files.delete /tmp/ratis-tests/statemachine/s2/snapshot/1_256/vegetable
2024-09-29 22:58:03,248 [s2-impl-thread1] TRACE util.FileUtils (LogUtils.java:runAndLog(49)) - Successfully ran Files.delete /tmp/ratis-tests/statemachine/s2/snapshot/1_256/loves
2024-09-29 22:58:03,248 [s2-impl-thread1] TRACE util.FileUtils (LogUtils.java:runAndLog(49)) - Successfully ran Files.delete /tmp/ratis-tests/statemachine/s2/snapshot/1_256/deer
2024-09-29 22:58:03,248 [s2-impl-thread1] TRACE util.FileUtils (LogUtils.java:runAndLog(49)) - Successfully ran Files.delete /tmp/ratis-tests/statemachine/s2/snapshot/1_256
2024-09-29 22:58:03,248 [s2-impl-thread1] TRACE util.FileUtils (LogUtils.java:runAndLog(49)) - Successfully ran Files.delete /tmp/ratis-tests/statemachine/s2/snapshot
2024-09-29 22:58:03,248 [s2-impl-thread1] TRACE util.FileUtils (LogUtils.java:runAndLog(49)) - Successfully ran Files.delete /tmp/ratis-tests/statemachine/s2/tmp
2024-09-29 22:58:03,248 [s2-impl-thread1] TRACE util.FileUtils (LogUtils.java:runAndLog(49)) - Successfully ran Files.delete /tmp/ratis-tests/statemachine/s2
2024-09-29 22:58:03,248 [s2-impl-thread1] INFO  server.RaftServerConfigKeys (ConfUtils.java:logGet(46)) - raft.server.log.use.memory = false (default)
2024-09-29 22:58:03,248 [s2-impl-thread1] INFO  server.RaftServerConfigKeys (ConfUtils.java:logGet(46)) - raft.server.log.purge.gap = 8 (custom)
2024-09-29 22:58:03,249 [s2-impl-thread1] INFO  server.RaftServerConfigKeys (ConfUtils.java:logGet(46)) - raft.server.log.appender.buffer.byte-limit = 4MB (=4194304) (default)
2024-09-29 22:58:03,249 [s2-impl-thread1] INFO  server.RaftServerConfigKeys (ConfUtils.java:logGet(46)) - raft.server.log.statemachine.data.read.timeout = 1000ms (default)
2024-09-29 22:58:03,249 [s2-impl-thread1] INFO  server.RaftServerConfigKeys (ConfUtils.java:logGet(46)) - raft.server.log.purge.preservation.log.num = 0 (default)
2024-09-29 22:58:03,249 [s2-impl-thread1] INFO  server.RaftServerConfigKeys (ConfUtils.java:logGet(46)) - raft.server.log.segment.size.max = 32MB (=33554432) (default)
2024-09-29 22:58:03,249 [s2-impl-thread1] INFO  server.RaftServerConfigKeys (ConfUtils.java:logGet(46)) - raft.server.log.segment.cache.num.max = 6 (default)
2024-09-29 22:58:03,249 [s2-impl-thread1] INFO  server.RaftServerConfigKeys (ConfUtils.java:logGet(46)) - raft.server.log.segment.cache.size.max = 200MB (=209715200) (default)
2024-09-29 22:58:03,249 [s2-impl-thread1] INFO  server.RaftServerConfigKeys (ConfUtils.java:logGet(46)) - raft.server.log.appender.buffer.byte-limit = 4MB (=4194304) (default)
2024-09-29 22:58:03,249 [s2-impl-thread1] INFO  util.AwaitToRun (AwaitToRun.java:start(81)) - Thread[s2@group-D7B70F6236D3-cacheEviction-AwaitToRun,5,main] started
2024-09-29 22:58:03,249 [s2-impl-thread1] INFO  segmented.SegmentedRaftLogWorker (SegmentedRaftLogWorker.java:<init>(187)) - new s2@group-D7B70F6236D3-SegmentedRaftLogWorker for RaftStorageImpl:Storage Directory /home/runner/work/ratis/ratis/ratis-test/target/test/data/f7ba0e94/MiniRaftClusterWithGrpc35e999b0/s2/636f46cf-4f82-4ac4-8690-d7b70f6236d3
2024-09-29 22:58:03,250 [s2-impl-thread1] INFO  server.RaftServerConfigKeys (ConfUtils.java:logGet(46)) - raft.server.log.queue.byte-limit = 64MB (=67108864) (default)
2024-09-29 22:58:03,250 [s2-impl-thread1] INFO  server.RaftServerConfigKeys (ConfUtils.java:logGet(46)) - raft.server.log.queue.element-limit = 4096 (default)
2024-09-29 22:58:03,250 [s2-impl-thread1] INFO  server.RaftServerConfigKeys (ConfUtils.java:logGet(46)) - raft.server.log.segment.size.max = 32MB (=33554432) (default)
2024-09-29 22:58:03,250 [s2-impl-thread1] INFO  server.RaftServerConfigKeys (ConfUtils.java:logGet(46)) - raft.server.log.preallocated.size = 4MB (=4194304) (default)
2024-09-29 22:58:03,250 [s2-impl-thread1] INFO  server.RaftServerConfigKeys (ConfUtils.java:logGet(46)) - raft.server.log.force.sync.num = 128 (default)
2024-09-29 22:58:03,250 [s2-impl-thread1] INFO  server.RaftServerConfigKeys (ConfUtils.java:logGet(46)) - raft.server.log.statemachine.data.sync = true (default)
2024-09-29 22:58:03,250 [s2-impl-thread1] INFO  server.RaftServerConfigKeys (ConfUtils.java:logGet(46)) - raft.server.log.statemachine.data.sync.timeout = 10s (default)
2024-09-29 22:58:03,250 [s2-impl-thread1] INFO  server.RaftServerConfigKeys (ConfUtils.java:logGet(46)) - raft.server.log.statemachine.data.sync.timeout.retry = -1 (default)
2024-09-29 22:58:03,250 [s2-impl-thread1] INFO  server.RaftServerConfigKeys (ConfUtils.java:logGet(46)) - raft.server.log.write.buffer.size = 8MB (=8388608) (default)
2024-09-29 22:58:03,252 [s2-impl-thread1] INFO  server.RaftServerConfigKeys (ConfUtils.java:logGet(46)) - raft.server.log.appender.buffer.byte-limit = 4MB (=4194304) (default)
2024-09-29 22:58:03,252 [s2-impl-thread1] INFO  server.RaftServerConfigKeys (ConfUtils.java:logGet(46)) - raft.server.log.unsafe-flush.enabled = false (default)
2024-09-29 22:58:03,252 [s2-impl-thread1] INFO  server.RaftServerConfigKeys (ConfUtils.java:logGet(46)) - raft.server.log.async-flush.enabled = false (default)
2024-09-29 22:58:03,252 [s2-impl-thread1] INFO  server.RaftServerConfigKeys (ConfUtils.java:logGet(46)) - raft.server.log.statemachine.data.caching.enabled = false (default)
2024-09-29 22:58:03,252 [s2-impl-thread1] INFO  segmented.SegmentedRaftLogWorker (SegmentedRaftLogWorker.java:lambda$new$0(138)) - s2@group-D7B70F6236D3-SegmentedRaftLogWorker: flushIndex: setUnconditionally 0 -> -1
2024-09-29 22:58:03,252 [s2-impl-thread1] INFO  segmented.SegmentedRaftLogWorker (SegmentedRaftLogWorker.java:lambda$new$0(138)) - s2@group-D7B70F6236D3-SegmentedRaftLogWorker: safeCacheEvictIndex: setUnconditionally 0 -> -1
2024-09-29 22:58:03,255 [s2-impl-thread1] INFO  server.RaftServer$Division (RaftServerImpl.java:start(391)) - s2@group-D7B70F6236D3: start as a follower, conf=conf: {index: -1, cur=peers:[s0|localhost:15026, s1|localhost:15030, s2|localhost:15034]|listeners:[], old=null}
2024-09-29 22:58:03,255 [s2-impl-thread1] INFO  server.RaftServer$Division (RaftServerImpl.java:setRole(378)) - s2@group-D7B70F6236D3: changes role from      null to FOLLOWER at term 0 for startAsFollower
2024-09-29 22:58:03,255 [s2-impl-thread1] INFO  impl.RoleInfo (RoleInfo.java:updateAndGet(148)) - s2: start s2@group-D7B70F6236D3-FollowerState
2024-09-29 22:58:03,256 [s2@group-D7B70F6236D3-FollowerState] INFO  server.RaftServerConfigKeys (ConfUtils.java:logFallback(53)) - raft.server.rpc.first-election.timeout.min = 150ms (fallback to raft.server.rpc.timeout.min)
2024-09-29 22:58:03,256 [s2-impl-thread1] INFO  util.JmxRegister (JmxRegister.java:tryRegister(44)) - Successfully registered JMX Bean with object name Ratis:service=RaftServer,group=group-D7B70F6236D3,id=s2
2024-09-29 22:58:03,256 [s2-impl-thread1] INFO  util.JmxRegister (JmxRegister.java:register(58)) - register mxBean class org.apache.ratis.server.impl.RaftServerJmxAdapter as Ratis:service=RaftServer,group=group-D7B70F6236D3,id=s2
2024-09-29 22:58:03,256 [s2@group-D7B70F6236D3-FollowerState] INFO  server.RaftServerConfigKeys (ConfUtils.java:logFallback(53)) - raft.server.rpc.first-election.timeout.max = 300ms (fallback to raft.server.rpc.timeout.max)
2024-09-29 22:58:03,256 [s2-impl-thread1] INFO  server.RaftServerConfigKeys (ConfUtils.java:logGet(46)) - raft.server.snapshot.trigger-when-stop.enabled = true (default)
2024-09-29 22:58:03,256 [s2-impl-thread1] INFO  server.RaftServerConfigKeys (ConfUtils.java:logGet(46)) - raft.server.snapshot.trigger-when-remove.enabled = true (default)
2024-09-29 22:58:03,256 [s2-impl-thread1] INFO  server.RaftServerConfigKeys (ConfUtils.java:logGet(46)) - raft.server.snapshot.auto.trigger.enabled = true (custom)
2024-09-29 22:58:03,256 [s2-impl-thread1] INFO  server.RaftServerConfigKeys (ConfUtils.java:logGet(46)) - raft.server.snapshot.auto.trigger.threshold = 64 (custom)
2024-09-29 22:58:03,256 [s2-impl-thread1] INFO  server.RaftServerConfigKeys (ConfUtils.java:logGet(46)) - raft.server.snapshot.retention.file.num = -1 (default)
2024-09-29 22:58:03,256 [s2-impl-thread1] INFO  server.RaftServerConfigKeys (ConfUtils.java:logGet(46)) - raft.server.log.purge.upto.snapshot.index = false (default)
2024-09-29 22:58:03,257 [main] INFO  server.RaftServer (RaftServerProxy.java:startImpl(408)) - s2: start RPC server
2024-09-29 22:58:03,257 [main] INFO  server.GrpcService (GrpcService.java:startImpl(341)) - s2: GrpcService started, listening on 15036
2024-09-29 22:58:03,258 [main] INFO  server.GrpcService (GrpcService.java:startImpl(341)) - s2: GrpcService started, listening on 15034
2024-09-29 22:58:03,258 [main] INFO  server.GrpcService (GrpcService.java:startImpl(341)) - s2: GrpcService started, listening on 15035
2024-09-29 22:58:03,259 [JvmPauseMonitor13] INFO  util.JvmPauseMonitor (JvmPauseMonitor.java:run(146)) - JvmPauseMonitor-s2: Started
2024-09-29 22:58:03,259 [main] INFO  server.RaftServerConfigKeys (ConfUtils.java:logGet(46)) - raft.server.rpc.timeout.max = 300ms (default)
2024-09-29 22:58:03,259 [main] INFO  ratis.RaftTestUtil (RaftTestUtil.java:waitForLeader(107)) - printing ALL groups
  s0:  RUNNING  FOLLOWER s0@group-D7B70F6236D3:t0, leader=null, voted=, raftlog=Memoized:s0@group-D7B70F6236D3-SegmentedRaftLog:OPENED:c-1:lastnull, conf=conf: {index: -1, cur=peers:[s0|localhost:15026, s1|localhost:15030, s2|localhost:15034]|listeners:[], old=null} RUNNING
  s1:  RUNNING  FOLLOWER s1@group-D7B70F6236D3:t0, leader=null, voted=, raftlog=Memoized:s1@group-D7B70F6236D3-SegmentedRaftLog:OPENED:c-1:lastnull, conf=conf: {index: -1, cur=peers:[s0|localhost:15026, s1|localhost:15030, s2|localhost:15034]|listeners:[], old=null} RUNNING
  s2:  RUNNING  FOLLOWER s2@group-D7B70F6236D3:t0, leader=null, voted=, raftlog=Memoized:s2@group-D7B70F6236D3-SegmentedRaftLog:OPENED:c-1:lastnull, conf=conf: {index: -1, cur=peers:[s0|localhost:15026, s1|localhost:15030, s2|localhost:15034]|listeners:[], old=null} RUNNING
2024-09-29 22:58:03,259 [main] WARN  ratis.RaftTestUtil (RaftTestUtil.java:lambda$waitForLeader$3(126)) - Attempt #1 failed: java.lang.IllegalStateException: No leader yet : printing ALL groups
  s0:  RUNNING  FOLLOWER s0@group-D7B70F6236D3:t0, leader=null, voted=, raftlog=Memoized:s0@group-D7B70F6236D3-SegmentedRaftLog:OPENED:c-1:lastnull, conf=conf: {index: -1, cur=peers:[s0|localhost:15026, s1|localhost:15030, s2|localhost:15034]|listeners:[], old=null} RUNNING
  s1:  RUNNING  FOLLOWER s1@group-D7B70F6236D3:t0, leader=null, voted=, raftlog=Memoized:s1@group-D7B70F6236D3-SegmentedRaftLog:OPENED:c-1:lastnull, conf=conf: {index: -1, cur=peers:[s0|localhost:15026, s1|localhost:15030, s2|localhost:15034]|listeners:[], old=null} RUNNING
  s2:  RUNNING  FOLLOWER s2@group-D7B70F6236D3:t0, leader=null, voted=, raftlog=Memoized:s2@group-D7B70F6236D3-SegmentedRaftLog:OPENED:c-1:lastnull, conf=conf: {index: -1, cur=peers:[s0|localhost:15026, s1|localhost:15030, s2|localhost:15034]|listeners:[], old=null} RUNNING
2024-09-29 22:58:03,286 [timer3] WARN  server.GrpcLogAppender (LogUtils.java:warn(121)) - s0@group-662127CE74D0->s2-AppendLogResponseHandler: Failed appendEntries (Repeated 2 times in the last 5.008s): org.apache.ratis.thirdparty.io.grpc.StatusRuntimeException: CANCELLED: RST_STREAM closed stream. HTTP/2 error code: CANCEL
2024-09-29 22:58:03,465 [s0@group-D7B70F6236D3-FollowerState] INFO  impl.FollowerState (FollowerState.java:run(144)) - s0@group-D7B70F6236D3-FollowerState: change to CANDIDATE, lastRpcElapsedTime:247496078ns, electionTimeout:247ms
2024-09-29 22:58:03,465 [s0@group-D7B70F6236D3-FollowerState] INFO  impl.RoleInfo (RoleInfo.java:shutdownFollowerState(119)) - s0: shutdown s0@group-D7B70F6236D3-FollowerState
2024-09-29 22:58:03,465 [s0@group-D7B70F6236D3-FollowerState] INFO  server.RaftServer$Division (RaftServerImpl.java:setRole(378)) - s0@group-D7B70F6236D3: changes role from  FOLLOWER to CANDIDATE at term 0 for changeToCandidate
2024-09-29 22:58:03,466 [s0@group-D7B70F6236D3-FollowerState] INFO  server.RaftServerConfigKeys (ConfUtils.java:logGet(46)) - raft.server.leaderelection.pre-vote = true (default)
2024-09-29 22:58:03,466 [s0@group-D7B70F6236D3-FollowerState] INFO  impl.RoleInfo (RoleInfo.java:updateAndGet(148)) - s0: start s0@group-D7B70F6236D3-LeaderElection7
2024-09-29 22:58:03,466 [s0@group-D7B70F6236D3-LeaderElection7] INFO  impl.LeaderElection (LeaderElection.java:askForVotes(325)) - s0@group-D7B70F6236D3-LeaderElection7 PRE_VOTE round 0: submit vote requests at term 0 for conf: {index: -1, cur=peers:[s0|localhost:15026, s1|localhost:15030, s2|localhost:15034]|listeners:[], old=null}
2024-09-29 22:58:03,467 [s0@group-D7B70F6236D3-LeaderElection7-1] INFO  server.GrpcServerProtocolClient (GrpcServerProtocolClient.java:<init>(65)) - Build channel for s1|localhost:15030
2024-09-29 22:58:03,467 [s0@group-D7B70F6236D3-LeaderElection7-2] INFO  server.GrpcServerProtocolClient (GrpcServerProtocolClient.java:<init>(65)) - Build channel for s2|localhost:15034
2024-09-29 22:58:03,467 [s0@group-D7B70F6236D3-LeaderElection7] INFO  server.RaftServerConfigKeys (ConfUtils.java:logFallback(53)) - raft.server.rpc.first-election.timeout.min = 150ms (fallback to raft.server.rpc.timeout.min)
2024-09-29 22:58:03,467 [s0@group-D7B70F6236D3-LeaderElection7] INFO  server.RaftServerConfigKeys (ConfUtils.java:logFallback(53)) - raft.server.rpc.first-election.timeout.max = 300ms (fallback to raft.server.rpc.timeout.max)
2024-09-29 22:58:03,474 [grpc-default-executor-1] INFO  server.RaftServer$Division (RaftServerImpl.java:requestVote(1439)) - s2@group-D7B70F6236D3: receive requestVote(PRE_VOTE, s0, group-D7B70F6236D3, 0, (t:0, i:0))
2024-09-29 22:58:03,474 [grpc-default-executor-1] INFO  impl.VoteContext (VoteContext.java:log(49)) - s2@group-D7B70F6236D3-FOLLOWER: accept PRE_VOTE from s0: our priority 0 <= candidate's priority 0
2024-09-29 22:58:03,474 [grpc-default-executor-1] INFO  server.RaftServer$Division (RaftServerImpl.java:requestVote(1472)) - s2@group-D7B70F6236D3 replies to PRE_VOTE vote request: s0<-s2#0:OK-t0. Peer's state: s2@group-D7B70F6236D3:t0, leader=null, voted=, raftlog=Memoized:s2@group-D7B70F6236D3-SegmentedRaftLog:OPENED:c-1:lastnull, conf=conf: {index: -1, cur=peers:[s0|localhost:15026, s1|localhost:15030, s2|localhost:15034]|listeners:[], old=null}
2024-09-29 22:58:03,475 [grpc-default-executor-0] INFO  server.RaftServer$Division (RaftServerImpl.java:requestVote(1439)) - s1@group-D7B70F6236D3: receive requestVote(PRE_VOTE, s0, group-D7B70F6236D3, 0, (t:0, i:0))
2024-09-29 22:58:03,475 [grpc-default-executor-0] INFO  impl.VoteContext (VoteContext.java:log(49)) - s1@group-D7B70F6236D3-FOLLOWER: accept PRE_VOTE from s0: our priority 0 <= candidate's priority 0
2024-09-29 22:58:03,476 [grpc-default-executor-0] INFO  server.RaftServer$Division (RaftServerImpl.java:requestVote(1472)) - s1@group-D7B70F6236D3 replies to PRE_VOTE vote request: s0<-s1#0:OK-t0. Peer's state: s1@group-D7B70F6236D3:t0, leader=null, voted=, raftlog=Memoized:s1@group-D7B70F6236D3-SegmentedRaftLog:OPENED:c-1:lastnull, conf=conf: {index: -1, cur=peers:[s0|localhost:15026, s1|localhost:15030, s2|localhost:15034]|listeners:[], old=null}
2024-09-29 22:58:03,476 [s0@group-D7B70F6236D3-LeaderElection7] INFO  impl.LeaderElection (LeaderElection.java:logAndReturn(89)) - s0@group-D7B70F6236D3-LeaderElection7: PRE_VOTE PASSED received 1 response(s) and 0 exception(s):
2024-09-29 22:58:03,476 [s0@group-D7B70F6236D3-LeaderElection7] INFO  impl.LeaderElection (LeaderElection.java:logAndReturn(93)) -   Response 0: s0<-s2#0:OK-t0
2024-09-29 22:58:03,476 [s0@group-D7B70F6236D3-LeaderElection7] INFO  impl.LeaderElection (LeaderElection.java:askForVotes(327)) - s0@group-D7B70F6236D3-LeaderElection7 PRE_VOTE round 0: result PASSED
2024-09-29 22:58:03,477 [s0@group-D7B70F6236D3-LeaderElection7] TRACE util.FileUtils (LogUtils.java:supplyAndLog(69)) - Successfully supplied FileChannel.open /home/runner/work/ratis/ratis/ratis-test/target/test/data/f7ba0e94/MiniRaftClusterWithGrpc35e999b0/s0/636f46cf-4f82-4ac4-8690-d7b70f6236d3/current/raft-meta.tmp with options [CREATE, WRITE]: sun.nio.ch.FileChannelImpl@139e590d
2024-09-29 22:58:03,479 [s0@group-D7B70F6236D3-LeaderElection7] TRACE util.FileUtils (LogUtils.java:runAndLog(49)) - Successfully ran Atomic Files.move /home/runner/work/ratis/ratis/ratis-test/target/test/data/f7ba0e94/MiniRaftClusterWithGrpc35e999b0/s0/636f46cf-4f82-4ac4-8690-d7b70f6236d3/current/raft-meta.tmp to /home/runner/work/ratis/ratis/ratis-test/target/test/data/f7ba0e94/MiniRaftClusterWithGrpc35e999b0/s0/636f46cf-4f82-4ac4-8690-d7b70f6236d3/current/raft-meta with options [REPLACE_EXISTING]
2024-09-29 22:58:03,479 [s0@group-D7B70F6236D3-LeaderElection7] INFO  impl.LeaderElection (LeaderElection.java:askForVotes(325)) - s0@group-D7B70F6236D3-LeaderElection7 ELECTION round 0: submit vote requests at term 1 for conf: {index: -1, cur=peers:[s0|localhost:15026, s1|localhost:15030, s2|localhost:15034]|listeners:[], old=null}
2024-09-29 22:58:03,479 [s0@group-D7B70F6236D3-LeaderElection7] INFO  server.RaftServerConfigKeys (ConfUtils.java:logFallback(53)) - raft.server.rpc.first-election.timeout.min = 150ms (fallback to raft.server.rpc.timeout.min)
2024-09-29 22:58:03,479 [s0@group-D7B70F6236D3-LeaderElection7] INFO  server.RaftServerConfigKeys (ConfUtils.java:logFallback(53)) - raft.server.rpc.first-election.timeout.max = 300ms (fallback to raft.server.rpc.timeout.max)
2024-09-29 22:58:03,481 [grpc-default-executor-0] INFO  server.RaftServer$Division (RaftServerImpl.java:requestVote(1439)) - s2@group-D7B70F6236D3: receive requestVote(ELECTION, s0, group-D7B70F6236D3, 1, (t:0, i:0))
2024-09-29 22:58:03,481 [grpc-default-executor-0] INFO  impl.VoteContext (VoteContext.java:log(49)) - s2@group-D7B70F6236D3-FOLLOWER: accept ELECTION from s0: our priority 0 <= candidate's priority 0
2024-09-29 22:58:03,481 [grpc-default-executor-1] INFO  server.RaftServer$Division (RaftServerImpl.java:requestVote(1439)) - s1@group-D7B70F6236D3: receive requestVote(ELECTION, s0, group-D7B70F6236D3, 1, (t:0, i:0))
2024-09-29 22:58:03,481 [grpc-default-executor-0] INFO  server.RaftServer$Division (RaftServerImpl.java:setRole(378)) - s2@group-D7B70F6236D3: changes role from  FOLLOWER to FOLLOWER at term 0 for candidate:s0
2024-09-29 22:58:03,481 [grpc-default-executor-1] INFO  impl.VoteContext (VoteContext.java:log(49)) - s1@group-D7B70F6236D3-FOLLOWER: accept ELECTION from s0: our priority 0 <= candidate's priority 0
2024-09-29 22:58:03,481 [grpc-default-executor-0] INFO  impl.RoleInfo (RoleInfo.java:shutdownFollowerState(119)) - s2: shutdown s2@group-D7B70F6236D3-FollowerState
2024-09-29 22:58:03,482 [s2@group-D7B70F6236D3-FollowerState] INFO  impl.FollowerState (FollowerState.java:run(153)) - s2@group-D7B70F6236D3-FollowerState was interrupted
2024-09-29 22:58:03,482 [grpc-default-executor-1] INFO  server.RaftServer$Division (RaftServerImpl.java:setRole(378)) - s1@group-D7B70F6236D3: changes role from  FOLLOWER to FOLLOWER at term 0 for candidate:s0
2024-09-29 22:58:03,482 [grpc-default-executor-1] INFO  impl.RoleInfo (RoleInfo.java:shutdownFollowerState(119)) - s1: shutdown s1@group-D7B70F6236D3-FollowerState
2024-09-29 22:58:03,482 [grpc-default-executor-0] INFO  impl.RoleInfo (RoleInfo.java:updateAndGet(148)) - s2: start s2@group-D7B70F6236D3-FollowerState
2024-09-29 22:58:03,482 [grpc-default-executor-1] INFO  impl.RoleInfo (RoleInfo.java:updateAndGet(148)) - s1: start s1@group-D7B70F6236D3-FollowerState
2024-09-29 22:58:03,482 [grpc-default-executor-0] INFO  server.RaftServer$Division (RaftServerImpl.java:setFirstElection(559)) - s2@group-D7B70F6236D3: set firstElectionSinceStartup to false for candidate:s0
2024-09-29 22:58:03,482 [s1@group-D7B70F6236D3-FollowerState] INFO  impl.FollowerState (FollowerState.java:run(153)) - s1@group-D7B70F6236D3-FollowerState was interrupted
2024-09-29 22:58:03,483 [grpc-default-executor-0] TRACE util.FileUtils (LogUtils.java:supplyAndLog(69)) - Successfully supplied FileChannel.open /home/runner/work/ratis/ratis/ratis-test/target/test/data/f7ba0e94/MiniRaftClusterWithGrpc35e999b0/s2/636f46cf-4f82-4ac4-8690-d7b70f6236d3/current/raft-meta.tmp with options [CREATE, WRITE]: sun.nio.ch.FileChannelImpl@7f97fcba
2024-09-29 22:58:03,484 [grpc-default-executor-0] TRACE util.FileUtils (LogUtils.java:runAndLog(49)) - Successfully ran Atomic Files.move /home/runner/work/ratis/ratis/ratis-test/target/test/data/f7ba0e94/MiniRaftClusterWithGrpc35e999b0/s2/636f46cf-4f82-4ac4-8690-d7b70f6236d3/current/raft-meta.tmp to /home/runner/work/ratis/ratis/ratis-test/target/test/data/f7ba0e94/MiniRaftClusterWithGrpc35e999b0/s2/636f46cf-4f82-4ac4-8690-d7b70f6236d3/current/raft-meta with options [REPLACE_EXISTING]
2024-09-29 22:58:03,485 [grpc-default-executor-0] INFO  server.RaftServer$Division (RaftServerImpl.java:requestVote(1472)) - s2@group-D7B70F6236D3 replies to ELECTION vote request: s0<-s2#0:OK-t1. Peer's state: s2@group-D7B70F6236D3:t1, leader=null, voted=s0, raftlog=Memoized:s2@group-D7B70F6236D3-SegmentedRaftLog:OPENED:c-1:lastnull, conf=conf: {index: -1, cur=peers:[s0|localhost:15026, s1|localhost:15030, s2|localhost:15034]|listeners:[], old=null}
2024-09-29 22:58:03,489 [grpc-default-executor-1] INFO  server.RaftServer$Division (RaftServerImpl.java:setFirstElection(559)) - s1@group-D7B70F6236D3: set firstElectionSinceStartup to false for candidate:s0
2024-09-29 22:58:03,489 [s0@group-D7B70F6236D3-LeaderElection7] INFO  impl.LeaderElection (LeaderElection.java:logAndReturn(89)) - s0@group-D7B70F6236D3-LeaderElection7: ELECTION PASSED received 1 response(s) and 0 exception(s):
2024-09-29 22:58:03,489 [grpc-default-executor-1] TRACE util.FileUtils (LogUtils.java:supplyAndLog(69)) - Successfully supplied FileChannel.open /home/runner/work/ratis/ratis/ratis-test/target/test/data/f7ba0e94/MiniRaftClusterWithGrpc35e999b0/s1/636f46cf-4f82-4ac4-8690-d7b70f6236d3/current/raft-meta.tmp with options [CREATE, WRITE]: sun.nio.ch.FileChannelImpl@4d462ff5
2024-09-29 22:58:03,489 [s0@group-D7B70F6236D3-LeaderElection7] INFO  impl.LeaderElection (LeaderElection.java:logAndReturn(93)) -   Response 0: s0<-s2#0:OK-t1
2024-09-29 22:58:03,489 [s0@group-D7B70F6236D3-LeaderElection7] INFO  impl.LeaderElection (LeaderElection.java:askForVotes(327)) - s0@group-D7B70F6236D3-LeaderElection7 ELECTION round 0: result PASSED
2024-09-29 22:58:03,489 [s0@group-D7B70F6236D3-LeaderElection7] INFO  impl.RoleInfo (RoleInfo.java:shutdownLeaderElection(139)) - s0: shutdown s0@group-D7B70F6236D3-LeaderElection7
2024-09-29 22:58:03,489 [s0@group-D7B70F6236D3-LeaderElection7] INFO  server.RaftServer$Division (RaftServerImpl.java:setRole(378)) - s0@group-D7B70F6236D3: changes role from CANDIDATE to LEADER at term 1 for changeToLeader
2024-09-29 22:58:03,489 [s0@group-D7B70F6236D3-LeaderElection7] INFO  server.RaftServerConfigKeys (ConfUtils.java:logGet(46)) - raft.server.staging.catchup.gap = 1000 (default)
2024-09-29 22:58:03,490 [s0@group-D7B70F6236D3-LeaderElection7] INFO  server.RaftServerConfigKeys (ConfUtils.java:logGet(46)) - raft.server.write.element-limit = 4096 (default)
2024-09-29 22:58:03,490 [s0@group-D7B70F6236D3-LeaderElection7] INFO  server.RaftServerConfigKeys (ConfUtils.java:logGet(46)) - raft.server.write.byte-limit = 64MB (=67108864) (default)
2024-09-29 22:58:03,490 [s0@group-D7B70F6236D3-LeaderElection7] INFO  server.RaftServerConfigKeys (ConfUtils.java:logGet(46)) - raft.server.watch.timeout = 10s (default)
2024-09-29 22:58:03,490 [s0@group-D7B70F6236D3-LeaderElection7] INFO  server.RaftServerConfigKeys (ConfUtils.java:logGet(46)) - raft.server.watch.timeout.denomination = 1s (default)
2024-09-29 22:58:03,490 [s0@group-D7B70F6236D3-LeaderElection7] INFO  server.RaftServerConfigKeys (ConfUtils.java:logGet(46)) - raft.server.watch.element-limit = 65536 (default)
2024-09-29 22:58:03,490 [s0@group-D7B70F6236D3-LeaderElection7] INFO  server.RaftServerConfigKeys (ConfUtils.java:logGet(46)) - raft.server.read.leader.lease.enabled = false (default)
2024-09-29 22:58:03,490 [s0@group-D7B70F6236D3-LeaderElection7] INFO  server.RaftServerConfigKeys (ConfUtils.java:logGet(46)) - raft.server.read.leader.lease.timeout.ratio = 0.9 (default)
2024-09-29 22:58:03,490 [s0@group-D7B70F6236D3-LeaderElection7] INFO  server.RaftServerConfigKeys (ConfUtils.java:logGet(46)) - raft.server.rpc.timeout.min = 150ms (default)
2024-09-29 22:58:03,490 [s0@group-D7B70F6236D3-LeaderElection7] INFO  server.RaftServerConfigKeys (ConfUtils.java:logGet(46)) - raft.server.log.log-metadata.enabled = true (default)
2024-09-29 22:58:03,491 [s0@group-D7B70F6236D3-LeaderElection7] INFO  server.RaftServerConfigKeys (ConfUtils.java:logGet(46)) - raft.server.write.element-limit = 4096 (default)
2024-09-29 22:58:03,491 [s0@group-D7B70F6236D3-LeaderElection7] INFO  server.RaftServerConfigKeys (ConfUtils.java:logGet(46)) - raft.server.write.follower.gap.ratio.max = -1.0 (default)
2024-09-29 22:58:03,491 [s0@group-D7B70F6236D3-LeaderElection7] INFO  server.RaftServerConfigKeys (ConfUtils.java:logGet(46)) - raft.server.log.appender.snapshot.chunk.size.max = 1k (=1024) (custom)
2024-09-29 22:58:03,491 [s0@group-D7B70F6236D3-LeaderElection7] INFO  server.RaftServerConfigKeys (ConfUtils.java:logGet(46)) - raft.server.log.appender.buffer.byte-limit = 4MB (=4194304) (default)
2024-09-29 22:58:03,491 [s0@group-D7B70F6236D3-LeaderElection7] INFO  server.RaftServerConfigKeys (ConfUtils.java:logGet(46)) - raft.server.log.appender.buffer.element-limit = 0 (default)
2024-09-29 22:58:03,491 [s0@group-D7B70F6236D3-LeaderElection7] INFO  server.RaftServerConfigKeys (ConfUtils.java:logGet(46)) - raft.server.log.appender.wait-time.min = 1ms (default)
2024-09-29 22:58:03,491 [s0@group-D7B70F6236D3-LeaderElection7] INFO  grpc.GrpcConfigKeys (ConfUtils.java:logGet(46)) - raft.grpc.server.leader.outstanding.appends.max = 8 (default)
2024-09-29 22:58:03,491 [s0@group-D7B70F6236D3-LeaderElection7] INFO  server.RaftServerConfigKeys (ConfUtils.java:logGet(46)) - raft.server.rpc.request.timeout = 3000ms (default)
2024-09-29 22:58:03,491 [s0@group-D7B70F6236D3-LeaderElection7] INFO  grpc.GrpcConfigKeys (ConfUtils.java:logGet(46)) - raft.grpc.server.install_snapshot.request.element-limit = 8 (default)
2024-09-29 22:58:03,491 [s0@group-D7B70F6236D3-LeaderElection7] INFO  grpc.GrpcConfigKeys (ConfUtils.java:logGet(46)) - raft.grpc.server.install_snapshot.request.timeout = 3000ms (default)
2024-09-29 22:58:03,491 [s0@group-D7B70F6236D3-LeaderElection7] INFO  grpc.GrpcConfigKeys (ConfUtils.java:logGet(46)) - raft.grpc.server.log-message.batch.duration = 5s (default)
2024-09-29 22:58:03,492 [s0@group-D7B70F6236D3-LeaderElection7] INFO  server.RaftServerConfigKeys (ConfUtils.java:logGet(46)) - raft.server.log.appender.install.snapshot.enabled = true (default)
2024-09-29 22:58:03,492 [s0@group-D7B70F6236D3-LeaderElection7] INFO  grpc.GrpcConfigKeys (ConfUtils.java:logGet(46)) - raft.grpc.server.heartbeat.channel = true (default)
2024-09-29 22:58:03,492 [s0@group-D7B70F6236D3-LeaderElection7] INFO  server.RaftServerConfigKeys (ConfUtils.java:logGet(46)) - raft.server.log.appender.snapshot.chunk.size.max = 1k (=1024) (custom)
2024-09-29 22:58:03,492 [s0@group-D7B70F6236D3-LeaderElection7] INFO  server.RaftServerConfigKeys (ConfUtils.java:logGet(46)) - raft.server.log.appender.buffer.byte-limit = 4MB (=4194304) (default)
2024-09-29 22:58:03,492 [s0@group-D7B70F6236D3-LeaderElection7] INFO  server.RaftServerConfigKeys (ConfUtils.java:logGet(46)) - raft.server.log.appender.buffer.element-limit = 0 (default)
2024-09-29 22:58:03,492 [s0@group-D7B70F6236D3-LeaderElection7] INFO  server.RaftServerConfigKeys (ConfUtils.java:logGet(46)) - raft.server.log.appender.wait-time.min = 1ms (default)
2024-09-29 22:58:03,492 [s0@group-D7B70F6236D3-LeaderElection7] INFO  grpc.GrpcConfigKeys (ConfUtils.java:logGet(46)) - raft.grpc.server.leader.outstanding.appends.max = 8 (default)
2024-09-29 22:58:03,492 [s0@group-D7B70F6236D3-LeaderElection7] INFO  server.RaftServerConfigKeys (ConfUtils.java:logGet(46)) - raft.server.rpc.request.timeout = 3000ms (default)
2024-09-29 22:58:03,492 [s0@group-D7B70F6236D3-LeaderElection7] INFO  grpc.GrpcConfigKeys (ConfUtils.java:logGet(46)) - raft.grpc.server.install_snapshot.request.element-limit = 8 (default)
2024-09-29 22:58:03,493 [s0@group-D7B70F6236D3-LeaderElection7] INFO  grpc.GrpcConfigKeys (ConfUtils.java:logGet(46)) - raft.grpc.server.install_snapshot.request.timeout = 3000ms (default)
2024-09-29 22:58:03,493 [s0@group-D7B70F6236D3-LeaderElection7] INFO  grpc.GrpcConfigKeys (ConfUtils.java:logGet(46)) - raft.grpc.server.log-message.batch.duration = 5s (default)
2024-09-29 22:58:03,493 [s0@group-D7B70F6236D3-LeaderElection7] INFO  server.RaftServerConfigKeys (ConfUtils.java:logGet(46)) - raft.server.log.appender.install.snapshot.enabled = true (default)
2024-09-29 22:58:03,493 [s0@group-D7B70F6236D3-LeaderElection7] INFO  grpc.GrpcConfigKeys (ConfUtils.java:logGet(46)) - raft.grpc.server.heartbeat.channel = true (default)
2024-09-29 22:58:03,493 [s0@group-D7B70F6236D3-LeaderElection7] INFO  impl.RoleInfo (RoleInfo.java:updateAndGet(148)) - s0: start s0@group-D7B70F6236D3-LeaderStateImpl
2024-09-29 22:58:03,493 [s0@group-D7B70F6236D3-LeaderElection7] INFO  server.RaftServer$Division (RaftServerImpl.java:setFirstElection(559)) - s0@group-D7B70F6236D3: set firstElectionSinceStartup to false for becomeLeader
2024-09-29 22:58:03,493 [s0@group-D7B70F6236D3-LeaderElection7] INFO  server.RaftServer$Division (ServerState.java:setLeader(272)) - s0@group-D7B70F6236D3: change Leader from null to s0 at term 1 for becomeLeader, leader elected after 315ms
2024-09-29 22:58:03,493 [s0@group-D7B70F6236D3-LeaderElection7] INFO  segmented.SegmentedRaftLogWorker (SegmentedRaftLogWorker.java:startLogSegment(438)) - s0@group-D7B70F6236D3-SegmentedRaftLogWorker: Starting segment from index:0
2024-09-29 22:58:03,494 [s0@group-D7B70F6236D3-SegmentedRaftLogWorker] INFO  segmented.BufferedWriteChannel (BufferedWriteChannel.java:open(61)) - open log_inprogress_0 at position 0
2024-09-29 22:58:03,495 [s0@group-D7B70F6236D3-LeaderElection7] INFO  server.RaftServer$Division (ServerState.java:setRaftConf(386)) - s0@group-D7B70F6236D3: set configuration conf: {index: 0, cur=peers:[s0|localhost:15026, s1|localhost:15030, s2|localhost:15034]|listeners:[], old=null}
2024-09-29 22:58:03,495 [grpc-default-executor-1] TRACE util.FileUtils (LogUtils.java:runAndLog(49)) - Successfully ran Atomic Files.move /home/runner/work/ratis/ratis/ratis-test/target/test/data/f7ba0e94/MiniRaftClusterWithGrpc35e999b0/s1/636f46cf-4f82-4ac4-8690-d7b70f6236d3/current/raft-meta.tmp to /home/runner/work/ratis/ratis/ratis-test/target/test/data/f7ba0e94/MiniRaftClusterWithGrpc35e999b0/s1/636f46cf-4f82-4ac4-8690-d7b70f6236d3/current/raft-meta with options [REPLACE_EXISTING]
2024-09-29 22:58:03,495 [grpc-default-executor-1] INFO  server.RaftServer$Division (RaftServerImpl.java:requestVote(1472)) - s1@group-D7B70F6236D3 replies to ELECTION vote request: s0<-s1#0:OK-t1. Peer's state: s1@group-D7B70F6236D3:t1, leader=null, voted=s0, raftlog=Memoized:s1@group-D7B70F6236D3-SegmentedRaftLog:OPENED:c-1:lastnull, conf=conf: {index: -1, cur=peers:[s0|localhost:15026, s1|localhost:15030, s2|localhost:15034]|listeners:[], old=null}
2024-09-29 22:58:03,505 [s0@group-D7B70F6236D3-SegmentedRaftLogWorker] INFO  segmented.SegmentedRaftLogWorker (SegmentedRaftLogWorker.java:execute(660)) - s0@group-D7B70F6236D3-SegmentedRaftLogWorker: created new log segment /home/runner/work/ratis/ratis/ratis-test/target/test/data/f7ba0e94/MiniRaftClusterWithGrpc35e999b0/s0/636f46cf-4f82-4ac4-8690-d7b70f6236d3/current/log_inprogress_0
2024-09-29 22:58:03,507 [s1-server-thread1] INFO  server.RaftServer$Division (ServerState.java:setLeader(272)) - s1@group-D7B70F6236D3: change Leader from null to s0 at term 1 for appendEntries, leader elected after 319ms
2024-09-29 22:58:03,509 [s1-server-thread1] INFO  server.RaftServer$Division (ServerState.java:setRaftConf(386)) - s1@group-D7B70F6236D3: set configuration conf: {index: 0, cur=peers:[s0|localhost:15026, s1|localhost:15030, s2|localhost:15034]|listeners:[], old=null}
2024-09-29 22:58:03,509 [s1-server-thread1] INFO  segmented.SegmentedRaftLogWorker (SegmentedRaftLogWorker.java:startLogSegment(438)) - s1@group-D7B70F6236D3-SegmentedRaftLogWorker: Starting segment from index:0
2024-09-29 22:58:03,513 [s1@group-D7B70F6236D3-SegmentedRaftLogWorker] INFO  segmented.BufferedWriteChannel (BufferedWriteChannel.java:open(61)) - open log_inprogress_0 at position 0
2024-09-29 22:58:03,514 [s2-server-thread1] INFO  server.RaftServer$Division (ServerState.java:setLeader(272)) - s2@group-D7B70F6236D3: change Leader from null to s0 at term 1 for appendEntries, leader elected after 309ms
2024-09-29 22:58:03,521 [s2-server-thread1] INFO  server.RaftServer$Division (ServerState.java:setRaftConf(386)) - s2@group-D7B70F6236D3: set configuration conf: {index: 0, cur=peers:[s0|localhost:15026, s1|localhost:15030, s2|localhost:15034]|listeners:[], old=null}
2024-09-29 22:58:03,522 [s2-server-thread1] INFO  segmented.SegmentedRaftLogWorker (SegmentedRaftLogWorker.java:startLogSegment(438)) - s2@group-D7B70F6236D3-SegmentedRaftLogWorker: Starting segment from index:0
2024-09-29 22:58:03,522 [s2@group-D7B70F6236D3-SegmentedRaftLogWorker] INFO  segmented.BufferedWriteChannel (BufferedWriteChannel.java:open(61)) - open log_inprogress_0 at position 0
2024-09-29 22:58:03,524 [s1@group-D7B70F6236D3-SegmentedRaftLogWorker] INFO  segmented.SegmentedRaftLogWorker (SegmentedRaftLogWorker.java:execute(660)) - s1@group-D7B70F6236D3-SegmentedRaftLogWorker: created new log segment /home/runner/work/ratis/ratis/ratis-test/target/test/data/f7ba0e94/MiniRaftClusterWithGrpc35e999b0/s1/636f46cf-4f82-4ac4-8690-d7b70f6236d3/current/log_inprogress_0
2024-09-29 22:58:03,525 [s0@group-D7B70F6236D3-StateMachineUpdater] TRACE util.FileUtils (LogUtils.java:supplyAndLog(69)) - Successfully supplied FileChannel.open /home/runner/work/ratis/ratis/ratis-test/target/test/data/f7ba0e94/MiniRaftClusterWithGrpc35e999b0/s0/636f46cf-4f82-4ac4-8690-d7b70f6236d3/current/raft-meta.conf.tmp with options [CREATE, WRITE]: sun.nio.ch.FileChannelImpl@31772274
2024-09-29 22:58:03,527 [s0@group-D7B70F6236D3-StateMachineUpdater] TRACE util.FileUtils (LogUtils.java:runAndLog(49)) - Successfully ran Atomic Files.move /home/runner/work/ratis/ratis/ratis-test/target/test/data/f7ba0e94/MiniRaftClusterWithGrpc35e999b0/s0/636f46cf-4f82-4ac4-8690-d7b70f6236d3/current/raft-meta.conf.tmp to /home/runner/work/ratis/ratis/ratis-test/target/test/data/f7ba0e94/MiniRaftClusterWithGrpc35e999b0/s0/636f46cf-4f82-4ac4-8690-d7b70f6236d3/current/raft-meta.conf with options [REPLACE_EXISTING]
2024-09-29 22:58:03,527 [s0@group-D7B70F6236D3-StateMachineUpdater] INFO  server.RaftServer$Division (LeaderStateImpl.java:checkStartIndex(317)) - Leader s0@group-D7B70F6236D3-LeaderStateImpl is ready since appliedIndex == startIndex == 0
2024-09-29 22:58:03,534 [s2@group-D7B70F6236D3-SegmentedRaftLogWorker] INFO  segmented.SegmentedRaftLogWorker (SegmentedRaftLogWorker.java:execute(660)) - s2@group-D7B70F6236D3-SegmentedRaftLogWorker: created new log segment /home/runner/work/ratis/ratis/ratis-test/target/test/data/f7ba0e94/MiniRaftClusterWithGrpc35e999b0/s2/636f46cf-4f82-4ac4-8690-d7b70f6236d3/current/log_inprogress_0
2024-09-29 22:58:03,602 [s1@group-D7B70F6236D3-StateMachineUpdater] TRACE util.FileUtils (LogUtils.java:supplyAndLog(69)) - Successfully supplied FileChannel.open /home/runner/work/ratis/ratis/ratis-test/target/test/data/f7ba0e94/MiniRaftClusterWithGrpc35e999b0/s1/636f46cf-4f82-4ac4-8690-d7b70f6236d3/current/raft-meta.conf.tmp with options [CREATE, WRITE]: sun.nio.ch.FileChannelImpl@26a9fd2d
2024-09-29 22:58:03,604 [s1@group-D7B70F6236D3-StateMachineUpdater] TRACE util.FileUtils (LogUtils.java:runAndLog(49)) - Successfully ran Atomic Files.move /home/runner/work/ratis/ratis/ratis-test/target/test/data/f7ba0e94/MiniRaftClusterWithGrpc35e999b0/s1/636f46cf-4f82-4ac4-8690-d7b70f6236d3/current/raft-meta.conf.tmp to /home/runner/work/ratis/ratis/ratis-test/target/test/data/f7ba0e94/MiniRaftClusterWithGrpc35e999b0/s1/636f46cf-4f82-4ac4-8690-d7b70f6236d3/current/raft-meta.conf with options [REPLACE_EXISTING]
2024-09-29 22:58:03,611 [s2@group-D7B70F6236D3-StateMachineUpdater] TRACE util.FileUtils (LogUtils.java:supplyAndLog(69)) - Successfully supplied FileChannel.open /home/runner/work/ratis/ratis/ratis-test/target/test/data/f7ba0e94/MiniRaftClusterWithGrpc35e999b0/s2/636f46cf-4f82-4ac4-8690-d7b70f6236d3/current/raft-meta.conf.tmp with options [CREATE, WRITE]: sun.nio.ch.FileChannelImpl@60c94408
2024-09-29 22:58:03,613 [s2@group-D7B70F6236D3-StateMachineUpdater] TRACE util.FileUtils (LogUtils.java:runAndLog(49)) - Successfully ran Atomic Files.move /home/runner/work/ratis/ratis/ratis-test/target/test/data/f7ba0e94/MiniRaftClusterWithGrpc35e999b0/s2/636f46cf-4f82-4ac4-8690-d7b70f6236d3/current/raft-meta.conf.tmp to /home/runner/work/ratis/ratis/ratis-test/target/test/data/f7ba0e94/MiniRaftClusterWithGrpc35e999b0/s2/636f46cf-4f82-4ac4-8690-d7b70f6236d3/current/raft-meta.conf with options [REPLACE_EXISTING]
2024-09-29 22:58:03,710 [main] INFO  ratis.RaftTestUtil (RaftTestUtil.java:waitForLeader(131)) - printing ALL groups
  s0:  RUNNING    LEADER s0@group-D7B70F6236D3:t1, leader=s0, voted=s0, raftlog=Memoized:s0@group-D7B70F6236D3-SegmentedRaftLog:OPENED:c0:last(t:1, i:0), conf=conf: {index: 0, cur=peers:[s0|localhost:15026, s1|localhost:15030, s2|localhost:15034]|listeners:[], old=null} RUNNING
  s1:  RUNNING  FOLLOWER s1@group-D7B70F6236D3:t1, leader=s0, voted=s0, raftlog=Memoized:s1@group-D7B70F6236D3-SegmentedRaftLog:OPENED:c0:last(t:1, i:0), conf=conf: {index: 0, cur=peers:[s0|localhost:15026, s1|localhost:15030, s2|localhost:15034]|listeners:[], old=null} RUNNING
  s2:  RUNNING  FOLLOWER s2@group-D7B70F6236D3:t1, leader=s0, voted=s0, raftlog=Memoized:s2@group-D7B70F6236D3-SegmentedRaftLog:OPENED:c0:last(t:1, i:0), conf=conf: {index: 0, cur=peers:[s0|localhost:15026, s1|localhost:15030, s2|localhost:15034]|listeners:[], old=null} RUNNING
2024-09-29 22:58:03,718 [s0@group-D7B70F6236D3-StateMachineUpdater] INFO  impl.SimpleStateMachine4Testing (SimpleStateMachine4Testing.java:applyTransaction(251)) - applyTransaction for log index 1
2024-09-29 22:58:03,719 [s0@group-D7B70F6236D3-StateMachineUpdater] INFO  impl.SimpleStateMachine4Testing (SimpleStateMachine4Testing.java:put(207)) - s0: put 1, m0 -> (t:1, i:1), STATEMACHINELOGENTRY, WRITE: logData.size=2, stateMachineData.size=17, logEntryProtoSerializedSize=0
2024-09-29 22:58:03,720 [s2@group-D7B70F6236D3-StateMachineUpdater] INFO  impl.SimpleStateMachine4Testing (SimpleStateMachine4Testing.java:applyTransaction(251)) - applyTransaction for log index 1
2024-09-29 22:58:03,720 [s2@group-D7B70F6236D3-StateMachineUpdater] INFO  impl.SimpleStateMachine4Testing (SimpleStateMachine4Testing.java:put(207)) - s2: put 1, m0 -> (t:1, i:1), STATEMACHINELOGENTRY, WRITE: logData.size=2, stateMachineData.size=17, logEntryProtoSerializedSize=0
2024-09-29 22:58:03,721 [s1@group-D7B70F6236D3-StateMachineUpdater] INFO  impl.SimpleStateMachine4Testing (SimpleStateMachine4Testing.java:applyTransaction(251)) - applyTransaction for log index 1
2024-09-29 22:58:03,721 [s1@group-D7B70F6236D3-StateMachineUpdater] INFO  impl.SimpleStateMachine4Testing (SimpleStateMachine4Testing.java:put(207)) - s1: put 1, m0 -> (t:1, i:1), STATEMACHINELOGENTRY, WRITE: logData.size=2, stateMachineData.size=17, logEntryProtoSerializedSize=0
2024-09-29 22:58:03,724 [s0@group-D7B70F6236D3-StateMachineUpdater] INFO  impl.SimpleStateMachine4Testing (SimpleStateMachine4Testing.java:applyTransaction(251)) - applyTransaction for log index 3
2024-09-29 22:58:03,724 [s0@group-D7B70F6236D3-StateMachineUpdater] INFO  impl.SimpleStateMachine4Testing (SimpleStateMachine4Testing.java:put(207)) - s0: put 3, m1 -> (t:1, i:3), STATEMACHINELOGENTRY, WRITE: logData.size=2, stateMachineData.size=17, logEntryProtoSerializedSize=0
2024-09-29 22:58:03,725 [s2@group-D7B70F6236D3-StateMachineUpdater] INFO  impl.SimpleStateMachine4Testing (SimpleStateMachine4Testing.java:applyTransaction(251)) - applyTransaction for log index 3
2024-09-29 22:58:03,725 [s1@group-D7B70F6236D3-StateMachineUpdater] INFO  impl.SimpleStateMachine4Testing (SimpleStateMachine4Testing.java:applyTransaction(251)) - applyTransaction for log index 3
2024-09-29 22:58:03,725 [s1@group-D7B70F6236D3-StateMachineUpdater] INFO  impl.SimpleStateMachine4Testing (SimpleStateMachine4Testing.java:put(207)) - s1: put 3, m1 -> (t:1, i:3), STATEMACHINELOGENTRY, WRITE: logData.size=2, stateMachineData.size=17, logEntryProtoSerializedSize=0
2024-09-29 22:58:03,725 [s2@group-D7B70F6236D3-StateMachineUpdater] INFO  impl.SimpleStateMachine4Testing (SimpleStateMachine4Testing.java:put(207)) - s2: put 3, m1 -> (t:1, i:3), STATEMACHINELOGENTRY, WRITE: logData.size=2, stateMachineData.size=17, logEntryProtoSerializedSize=0
2024-09-29 22:58:03,731 [s0@group-D7B70F6236D3-StateMachineUpdater] INFO  impl.SimpleStateMachine4Testing (SimpleStateMachine4Testing.java:applyTransaction(251)) - applyTransaction for log index 5
2024-09-29 22:58:03,731 [s0@group-D7B70F6236D3-StateMachineUpdater] INFO  impl.SimpleStateMachine4Testing (SimpleStateMachine4Testing.java:put(207)) - s0: put 5, m2 -> (t:1, i:5), STATEMACHINELOGENTRY, WRITE: logData.size=2, stateMachineData.size=17, logEntryProtoSerializedSize=0
2024-09-29 22:58:03,732 [s1@group-D7B70F6236D3-StateMachineUpdater] INFO  impl.SimpleStateMachine4Testing (SimpleStateMachine4Testing.java:applyTransaction(251)) - applyTransaction for log index 5
2024-09-29 22:58:03,732 [s1@group-D7B70F6236D3-StateMachineUpdater] INFO  impl.SimpleStateMachine4Testing (SimpleStateMachine4Testing.java:put(207)) - s1: put 5, m2 -> (t:1, i:5), STATEMACHINELOGENTRY, WRITE: logData.size=2, stateMachineData.size=17, logEntryProtoSerializedSize=0
2024-09-29 22:58:03,733 [s2@group-D7B70F6236D3-StateMachineUpdater] INFO  impl.SimpleStateMachine4Testing (SimpleStateMachine4Testing.java:applyTransaction(251)) - applyTransaction for log index 5
2024-09-29 22:58:03,733 [s2@group-D7B70F6236D3-StateMachineUpdater] INFO  impl.SimpleStateMachine4Testing (SimpleStateMachine4Testing.java:put(207)) - s2: put 5, m2 -> (t:1, i:5), STATEMACHINELOGENTRY, WRITE: logData.size=2, stateMachineData.size=17, logEntryProtoSerializedSize=0
2024-09-29 22:58:03,735 [s0@group-D7B70F6236D3-StateMachineUpdater] INFO  impl.SimpleStateMachine4Testing (SimpleStateMachine4Testing.java:applyTransaction(251)) - applyTransaction for log index 7
2024-09-29 22:58:03,735 [s0@group-D7B70F6236D3-StateMachineUpdater] INFO  impl.SimpleStateMachine4Testing (SimpleStateMachine4Testing.java:put(207)) - s0: put 7, m3 -> (t:1, i:7), STATEMACHINELOGENTRY, WRITE: logData.size=2, stateMachineData.size=17, logEntryProtoSerializedSize=0
2024-09-29 22:58:03,736 [s1@group-D7B70F6236D3-StateMachineUpdater] INFO  impl.SimpleStateMachine4Testing (SimpleStateMachine4Testing.java:applyTransaction(251)) - applyTransaction for log index 7
2024-09-29 22:58:03,736 [s1@group-D7B70F6236D3-StateMachineUpdater] INFO  impl.SimpleStateMachine4Testing (SimpleStateMachine4Testing.java:put(207)) - s1: put 7, m3 -> (t:1, i:7), STATEMACHINELOGENTRY, WRITE: logData.size=2, stateMachineData.size=17, logEntryProtoSerializedSize=0
2024-09-29 22:58:03,736 [s2@group-D7B70F6236D3-StateMachineUpdater] INFO  impl.SimpleStateMachine4Testing (SimpleStateMachine4Testing.java:applyTransaction(251)) - applyTransaction for log index 7
2024-09-29 22:58:03,737 [s2@group-D7B70F6236D3-StateMachineUpdater] INFO  impl.SimpleStateMachine4Testing (SimpleStateMachine4Testing.java:put(207)) - s2: put 7, m3 -> (t:1, i:7), STATEMACHINELOGENTRY, WRITE: logData.size=2, stateMachineData.size=17, logEntryProtoSerializedSize=0
2024-09-29 22:58:03,739 [s0@group-D7B70F6236D3-StateMachineUpdater] INFO  impl.SimpleStateMachine4Testing (SimpleStateMachine4Testing.java:applyTransaction(251)) - applyTransaction for log index 9
2024-09-29 22:58:03,739 [s0@group-D7B70F6236D3-StateMachineUpdater] INFO  impl.SimpleStateMachine4Testing (SimpleStateMachine4Testing.java:put(207)) - s0: put 9, m4 -> (t:1, i:9), STATEMACHINELOGENTRY, WRITE: logData.size=2, stateMachineData.size=17, logEntryProtoSerializedSize=0
2024-09-29 22:58:03,740 [s2@group-D7B70F6236D3-StateMachineUpdater] INFO  impl.SimpleStateMachine4Testing (SimpleStateMachine4Testing.java:applyTransaction(251)) - applyTransaction for log index 9
2024-09-29 22:58:03,740 [s2@group-D7B70F6236D3-StateMachineUpdater] INFO  impl.SimpleStateMachine4Testing (SimpleStateMachine4Testing.java:put(207)) - s2: put 9, m4 -> (t:1, i:9), STATEMACHINELOGENTRY, WRITE: logData.size=2, stateMachineData.size=17, logEntryProtoSerializedSize=0
2024-09-29 22:58:03,741 [s1@group-D7B70F6236D3-StateMachineUpdater] INFO  impl.SimpleStateMachine4Testing (SimpleStateMachine4Testing.java:applyTransaction(251)) - applyTransaction for log index 9
2024-09-29 22:58:03,741 [s1@group-D7B70F6236D3-StateMachineUpdater] INFO  impl.SimpleStateMachine4Testing (SimpleStateMachine4Testing.java:put(207)) - s1: put 9, m4 -> (t:1, i:9), STATEMACHINELOGENTRY, WRITE: logData.size=2, stateMachineData.size=17, logEntryProtoSerializedSize=0
2024-09-29 22:58:03,743 [s0@group-D7B70F6236D3-StateMachineUpdater] INFO  impl.SimpleStateMachine4Testing (SimpleStateMachine4Testing.java:applyTransaction(251)) - applyTransaction for log index 11
2024-09-29 22:58:03,743 [s0@group-D7B70F6236D3-StateMachineUpdater] INFO  impl.SimpleStateMachine4Testing (SimpleStateMachine4Testing.java:put(207)) - s0: put 11, m5 -> (t:1, i:11), STATEMACHINELOGENTRY, WRITE: logData.size=2, stateMachineData.size=17, logEntryProtoSerializedSize=0
2024-09-29 22:58:03,744 [s1@group-D7B70F6236D3-StateMachineUpdater] INFO  impl.SimpleStateMachine4Testing (SimpleStateMachine4Testing.java:applyTransaction(251)) - applyTransaction for log index 11
2024-09-29 22:58:03,744 [s1@group-D7B70F6236D3-StateMachineUpdater] INFO  impl.SimpleStateMachine4Testing (SimpleStateMachine4Testing.java:put(207)) - s1: put 11, m5 -> (t:1, i:11), STATEMACHINELOGENTRY, WRITE: logData.size=2, stateMachineData.size=17, logEntryProtoSerializedSize=0
2024-09-29 22:58:03,744 [s2@group-D7B70F6236D3-StateMachineUpdater] INFO  impl.SimpleStateMachine4Testing (SimpleStateMachine4Testing.java:applyTransaction(251)) - applyTransaction for log index 11
2024-09-29 22:58:03,744 [s2@group-D7B70F6236D3-StateMachineUpdater] INFO  impl.SimpleStateMachine4Testing (SimpleStateMachine4Testing.java:put(207)) - s2: put 11, m5 -> (t:1, i:11), STATEMACHINELOGENTRY, WRITE: logData.size=2, stateMachineData.size=17, logEntryProtoSerializedSize=0
2024-09-29 22:58:03,747 [s0@group-D7B70F6236D3-StateMachineUpdater] INFO  impl.SimpleStateMachine4Testing (SimpleStateMachine4Testing.java:applyTransaction(251)) - applyTransaction for log index 13
2024-09-29 22:58:03,747 [s0@group-D7B70F6236D3-StateMachineUpdater] INFO  impl.SimpleStateMachine4Testing (SimpleStateMachine4Testing.java:put(207)) - s0: put 13, m6 -> (t:1, i:13), STATEMACHINELOGENTRY, WRITE: logData.size=2, stateMachineData.size=17, logEntryProtoSerializedSize=0
2024-09-29 22:58:03,748 [s2@group-D7B70F6236D3-StateMachineUpdater] INFO  impl.SimpleStateMachine4Testing (SimpleStateMachine4Testing.java:applyTransaction(251)) - applyTransaction for log index 13
2024-09-29 22:58:03,748 [s2@group-D7B70F6236D3-StateMachineUpdater] INFO  impl.SimpleStateMachine4Testing (SimpleStateMachine4Testing.java:put(207)) - s2: put 13, m6 -> (t:1, i:13), STATEMACHINELOGENTRY, WRITE: logData.size=2, stateMachineData.size=17, logEntryProtoSerializedSize=0
2024-09-29 22:58:03,748 [s1@group-D7B70F6236D3-StateMachineUpdater] INFO  impl.SimpleStateMachine4Testing (SimpleStateMachine4Testing.java:applyTransaction(251)) - applyTransaction for log index 13
2024-09-29 22:58:03,748 [s1@group-D7B70F6236D3-StateMachineUpdater] INFO  impl.SimpleStateMachine4Testing (SimpleStateMachine4Testing.java:put(207)) - s1: put 13, m6 -> (t:1, i:13), STATEMACHINELOGENTRY, WRITE: logData.size=2, stateMachineData.size=17, logEntryProtoSerializedSize=0
2024-09-29 22:58:03,750 [s0@group-D7B70F6236D3-StateMachineUpdater] INFO  impl.SimpleStateMachine4Testing (SimpleStateMachine4Testing.java:applyTransaction(251)) - applyTransaction for log index 15
2024-09-29 22:58:03,750 [s0@group-D7B70F6236D3-StateMachineUpdater] INFO  impl.SimpleStateMachine4Testing (SimpleStateMachine4Testing.java:put(207)) - s0: put 15, m7 -> (t:1, i:15), STATEMACHINELOGENTRY, WRITE: logData.size=2, stateMachineData.size=17, logEntryProtoSerializedSize=0
2024-09-29 22:58:03,751 [s2@group-D7B70F6236D3-StateMachineUpdater] INFO  impl.SimpleStateMachine4Testing (SimpleStateMachine4Testing.java:applyTransaction(251)) - applyTransaction for log index 15
2024-09-29 22:58:03,751 [s2@group-D7B70F6236D3-StateMachineUpdater] INFO  impl.SimpleStateMachine4Testing (SimpleStateMachine4Testing.java:put(207)) - s2: put 15, m7 -> (t:1, i:15), STATEMACHINELOGENTRY, WRITE: logData.size=2, stateMachineData.size=17, logEntryProtoSerializedSize=0
2024-09-29 22:58:03,751 [s1@group-D7B70F6236D3-StateMachineUpdater] INFO  impl.SimpleStateMachine4Testing (SimpleStateMachine4Testing.java:applyTransaction(251)) - applyTransaction for log index 15
2024-09-29 22:58:03,752 [s1@group-D7B70F6236D3-StateMachineUpdater] INFO  impl.SimpleStateMachine4Testing (SimpleStateMachine4Testing.java:put(207)) - s1: put 15, m7 -> (t:1, i:15), STATEMACHINELOGENTRY, WRITE: logData.size=2, stateMachineData.size=17, logEntryProtoSerializedSize=0
2024-09-29 22:58:03,756 [s0@group-D7B70F6236D3-StateMachineUpdater] INFO  impl.SimpleStateMachine4Testing (SimpleStateMachine4Testing.java:applyTransaction(251)) - applyTransaction for log index 17
2024-09-29 22:58:03,756 [s0@group-D7B70F6236D3-StateMachineUpdater] INFO  impl.SimpleStateMachine4Testing (SimpleStateMachine4Testing.java:put(207)) - s0: put 17, m8 -> (t:1, i:17), STATEMACHINELOGENTRY, WRITE: logData.size=2, stateMachineData.size=17, logEntryProtoSerializedSize=0
2024-09-29 22:58:03,757 [s1@group-D7B70F6236D3-StateMachineUpdater] INFO  impl.SimpleStateMachine4Testing (SimpleStateMachine4Testing.java:applyTransaction(251)) - applyTransaction for log index 17
2024-09-29 22:58:03,757 [s1@group-D7B70F6236D3-StateMachineUpdater] INFO  impl.SimpleStateMachine4Testing (SimpleStateMachine4Testing.java:put(207)) - s1: put 17, m8 -> (t:1, i:17), STATEMACHINELOGENTRY, WRITE: logData.size=2, stateMachineData.size=17, logEntryProtoSerializedSize=0
2024-09-29 22:58:03,757 [s2@group-D7B70F6236D3-StateMachineUpdater] INFO  impl.SimpleStateMachine4Testing (SimpleStateMachine4Testing.java:applyTransaction(251)) - applyTransaction for log index 17
2024-09-29 22:58:03,758 [s2@group-D7B70F6236D3-StateMachineUpdater] INFO  impl.SimpleStateMachine4Testing (SimpleStateMachine4Testing.java:put(207)) - s2: put 17, m8 -> (t:1, i:17), STATEMACHINELOGENTRY, WRITE: logData.size=2, stateMachineData.size=17, logEntryProtoSerializedSize=0
2024-09-29 22:58:03,760 [s0@group-D7B70F6236D3-StateMachineUpdater] INFO  impl.SimpleStateMachine4Testing (SimpleStateMachine4Testing.java:applyTransaction(251)) - applyTransaction for log index 19
2024-09-29 22:58:03,760 [s0@group-D7B70F6236D3-StateMachineUpdater] INFO  impl.SimpleStateMachine4Testing (SimpleStateMachine4Testing.java:put(207)) - s0: put 19, m9 -> (t:1, i:19), STATEMACHINELOGENTRY, WRITE: logData.size=2, stateMachineData.size=17, logEntryProtoSerializedSize=0
2024-09-29 22:58:03,762 [s2@group-D7B70F6236D3-StateMachineUpdater] INFO  impl.SimpleStateMachine4Testing (SimpleStateMachine4Testing.java:applyTransaction(251)) - applyTransaction for log index 19
2024-09-29 22:58:03,762 [s2@group-D7B70F6236D3-StateMachineUpdater] INFO  impl.SimpleStateMachine4Testing (SimpleStateMachine4Testing.java:put(207)) - s2: put 19, m9 -> (t:1, i:19), STATEMACHINELOGENTRY, WRITE: logData.size=2, stateMachineData.size=17, logEntryProtoSerializedSize=0
2024-09-29 22:58:03,763 [s1@group-D7B70F6236D3-StateMachineUpdater] INFO  impl.SimpleStateMachine4Testing (SimpleStateMachine4Testing.java:applyTransaction(251)) - applyTransaction for log index 19
2024-09-29 22:58:03,763 [s1@group-D7B70F6236D3-StateMachineUpdater] INFO  impl.SimpleStateMachine4Testing (SimpleStateMachine4Testing.java:put(207)) - s1: put 19, m9 -> (t:1, i:19), STATEMACHINELOGENTRY, WRITE: logData.size=2, stateMachineData.size=17, logEntryProtoSerializedSize=0
2024-09-29 22:58:03,766 [s0@group-D7B70F6236D3-StateMachineUpdater] INFO  impl.SimpleStateMachine4Testing (SimpleStateMachine4Testing.java:applyTransaction(251)) - applyTransaction for log index 21
2024-09-29 22:58:03,766 [s0@group-D7B70F6236D3-StateMachineUpdater] INFO  impl.SimpleStateMachine4Testing (SimpleStateMachine4Testing.java:put(207)) - s0: put 21, m10 -> (t:1, i:21), STATEMACHINELOGENTRY, WRITE: logData.size=3, stateMachineData.size=17, logEntryProtoSerializedSize=0
2024-09-29 22:58:03,767 [s2@group-D7B70F6236D3-StateMachineUpdater] INFO  impl.SimpleStateMachine4Testing (SimpleStateMachine4Testing.java:applyTransaction(251)) - applyTransaction for log index 21
2024-09-29 22:58:03,768 [s2@group-D7B70F6236D3-StateMachineUpdater] INFO  impl.SimpleStateMachine4Testing (SimpleStateMachine4Testing.java:put(207)) - s2: put 21, m10 -> (t:1, i:21), STATEMACHINELOGENTRY, WRITE: logData.size=3, stateMachineData.size=17, logEntryProtoSerializedSize=0
2024-09-29 22:58:03,774 [s1@group-D7B70F6236D3-StateMachineUpdater] INFO  impl.SimpleStateMachine4Testing (SimpleStateMachine4Testing.java:applyTransaction(251)) - applyTransaction for log index 21
2024-09-29 22:58:03,774 [s1@group-D7B70F6236D3-StateMachineUpdater] INFO  impl.SimpleStateMachine4Testing (SimpleStateMachine4Testing.java:put(207)) - s1: put 21, m10 -> (t:1, i:21), STATEMACHINELOGENTRY, WRITE: logData.size=3, stateMachineData.size=17, logEntryProtoSerializedSize=0
2024-09-29 22:58:03,774 [s0@group-D7B70F6236D3-StateMachineUpdater] INFO  impl.SimpleStateMachine4Testing (SimpleStateMachine4Testing.java:applyTransaction(251)) - applyTransaction for log index 23
2024-09-29 22:58:03,774 [s0@group-D7B70F6236D3-StateMachineUpdater] INFO  impl.SimpleStateMachine4Testing (SimpleStateMachine4Testing.java:put(207)) - s0: put 23, m11 -> (t:1, i:23), STATEMACHINELOGENTRY, WRITE: logData.size=3, stateMachineData.size=17, logEntryProtoSerializedSize=0
2024-09-29 22:58:03,776 [s2@group-D7B70F6236D3-StateMachineUpdater] INFO  impl.SimpleStateMachine4Testing (SimpleStateMachine4Testing.java:applyTransaction(251)) - applyTransaction for log index 23
2024-09-29 22:58:03,776 [s2@group-D7B70F6236D3-StateMachineUpdater] INFO  impl.SimpleStateMachine4Testing (SimpleStateMachine4Testing.java:put(207)) - s2: put 23, m11 -> (t:1, i:23), STATEMACHINELOGENTRY, WRITE: logData.size=3, stateMachineData.size=17, logEntryProtoSerializedSize=0
2024-09-29 22:58:03,777 [s1@group-D7B70F6236D3-StateMachineUpdater] INFO  impl.SimpleStateMachine4Testing (SimpleStateMachine4Testing.java:applyTransaction(251)) - applyTransaction for log index 23
2024-09-29 22:58:03,777 [s1@group-D7B70F6236D3-StateMachineUpdater] INFO  impl.SimpleStateMachine4Testing (SimpleStateMachine4Testing.java:put(207)) - s1: put 23, m11 -> (t:1, i:23), STATEMACHINELOGENTRY, WRITE: logData.size=3, stateMachineData.size=17, logEntryProtoSerializedSize=0
2024-09-29 22:58:03,780 [s0@group-D7B70F6236D3-StateMachineUpdater] INFO  impl.SimpleStateMachine4Testing (SimpleStateMachine4Testing.java:applyTransaction(251)) - applyTransaction for log index 25
2024-09-29 22:58:03,780 [s0@group-D7B70F6236D3-StateMachineUpdater] INFO  impl.SimpleStateMachine4Testing (SimpleStateMachine4Testing.java:put(207)) - s0: put 25, m12 -> (t:1, i:25), STATEMACHINELOGENTRY, WRITE: logData.size=3, stateMachineData.size=17, logEntryProtoSerializedSize=0
2024-09-29 22:58:03,781 [s2@group-D7B70F6236D3-StateMachineUpdater] INFO  impl.SimpleStateMachine4Testing (SimpleStateMachine4Testing.java:applyTransaction(251)) - applyTransaction for log index 25
2024-09-29 22:58:03,781 [s2@group-D7B70F6236D3-StateMachineUpdater] INFO  impl.SimpleStateMachine4Testing (SimpleStateMachine4Testing.java:put(207)) - s2: put 25, m12 -> (t:1, i:25), STATEMACHINELOGENTRY, WRITE: logData.size=3, stateMachineData.size=17, logEntryProtoSerializedSize=0
2024-09-29 22:58:03,781 [s1@group-D7B70F6236D3-StateMachineUpdater] INFO  impl.SimpleStateMachine4Testing (SimpleStateMachine4Testing.java:applyTransaction(251)) - applyTransaction for log index 25
2024-09-29 22:58:03,782 [s1@group-D7B70F6236D3-StateMachineUpdater] INFO  impl.SimpleStateMachine4Testing (SimpleStateMachine4Testing.java:put(207)) - s1: put 25, m12 -> (t:1, i:25), STATEMACHINELOGENTRY, WRITE: logData.size=3, stateMachineData.size=17, logEntryProtoSerializedSize=0
2024-09-29 22:58:03,785 [s0@group-D7B70F6236D3-StateMachineUpdater] INFO  impl.SimpleStateMachine4Testing (SimpleStateMachine4Testing.java:applyTransaction(251)) - applyTransaction for log index 27
2024-09-29 22:58:03,785 [s0@group-D7B70F6236D3-StateMachineUpdater] INFO  impl.SimpleStateMachine4Testing (SimpleStateMachine4Testing.java:put(207)) - s0: put 27, m13 -> (t:1, i:27), STATEMACHINELOGENTRY, WRITE: logData.size=3, stateMachineData.size=17, logEntryProtoSerializedSize=0
2024-09-29 22:58:03,786 [s1@group-D7B70F6236D3-StateMachineUpdater] INFO  impl.SimpleStateMachine4Testing (SimpleStateMachine4Testing.java:applyTransaction(251)) - applyTransaction for log index 27
2024-09-29 22:58:03,786 [s1@group-D7B70F6236D3-StateMachineUpdater] INFO  impl.SimpleStateMachine4Testing (SimpleStateMachine4Testing.java:put(207)) - s1: put 27, m13 -> (t:1, i:27), STATEMACHINELOGENTRY, WRITE: logData.size=3, stateMachineData.size=17, logEntryProtoSerializedSize=0
2024-09-29 22:58:03,786 [s2@group-D7B70F6236D3-StateMachineUpdater] INFO  impl.SimpleStateMachine4Testing (SimpleStateMachine4Testing.java:applyTransaction(251)) - applyTransaction for log index 27
2024-09-29 22:58:03,786 [s2@group-D7B70F6236D3-StateMachineUpdater] INFO  impl.SimpleStateMachine4Testing (SimpleStateMachine4Testing.java:put(207)) - s2: put 27, m13 -> (t:1, i:27), STATEMACHINELOGENTRY, WRITE: logData.size=3, stateMachineData.size=17, logEntryProtoSerializedSize=0
2024-09-29 22:58:03,790 [s0@group-D7B70F6236D3-StateMachineUpdater] INFO  impl.SimpleStateMachine4Testing (SimpleStateMachine4Testing.java:applyTransaction(251)) - applyTransaction for log index 29
2024-09-29 22:58:03,790 [s0@group-D7B70F6236D3-StateMachineUpdater] INFO  impl.SimpleStateMachine4Testing (SimpleStateMachine4Testing.java:put(207)) - s0: put 29, m14 -> (t:1, i:29), STATEMACHINELOGENTRY, WRITE: logData.size=3, stateMachineData.size=17, logEntryProtoSerializedSize=0
2024-09-29 22:58:03,791 [s1@group-D7B70F6236D3-StateMachineUpdater] INFO  impl.SimpleStateMachine4Testing (SimpleStateMachine4Testing.java:applyTransaction(251)) - applyTransaction for log index 29
2024-09-29 22:58:03,791 [s1@group-D7B70F6236D3-StateMachineUpdater] INFO  impl.SimpleStateMachine4Testing (SimpleStateMachine4Testing.java:put(207)) - s1: put 29, m14 -> (t:1, i:29), STATEMACHINELOGENTRY, WRITE: logData.size=3, stateMachineData.size=17, logEntryProtoSerializedSize=0
2024-09-29 22:58:03,791 [s2@group-D7B70F6236D3-StateMachineUpdater] INFO  impl.SimpleStateMachine4Testing (SimpleStateMachine4Testing.java:applyTransaction(251)) - applyTransaction for log index 29
2024-09-29 22:58:03,791 [s2@group-D7B70F6236D3-StateMachineUpdater] INFO  impl.SimpleStateMachine4Testing (SimpleStateMachine4Testing.java:put(207)) - s2: put 29, m14 -> (t:1, i:29), STATEMACHINELOGENTRY, WRITE: logData.size=3, stateMachineData.size=17, logEntryProtoSerializedSize=0
2024-09-29 22:58:03,795 [s0@group-D7B70F6236D3-StateMachineUpdater] INFO  impl.SimpleStateMachine4Testing (SimpleStateMachine4Testing.java:applyTransaction(251)) - applyTransaction for log index 31
2024-09-29 22:58:03,795 [s0@group-D7B70F6236D3-StateMachineUpdater] INFO  impl.SimpleStateMachine4Testing (SimpleStateMachine4Testing.java:put(207)) - s0: put 31, m15 -> (t:1, i:31), STATEMACHINELOGENTRY, WRITE: logData.size=3, stateMachineData.size=17, logEntryProtoSerializedSize=0
2024-09-29 22:58:03,796 [s1@group-D7B70F6236D3-StateMachineUpdater] INFO  impl.SimpleStateMachine4Testing (SimpleStateMachine4Testing.java:applyTransaction(251)) - applyTransaction for log index 31
2024-09-29 22:58:03,796 [s1@group-D7B70F6236D3-StateMachineUpdater] INFO  impl.SimpleStateMachine4Testing (SimpleStateMachine4Testing.java:put(207)) - s1: put 31, m15 -> (t:1, i:31), STATEMACHINELOGENTRY, WRITE: logData.size=3, stateMachineData.size=17, logEntryProtoSerializedSize=0
2024-09-29 22:58:03,797 [s2@group-D7B70F6236D3-StateMachineUpdater] INFO  impl.SimpleStateMachine4Testing (SimpleStateMachine4Testing.java:applyTransaction(251)) - applyTransaction for log index 31
2024-09-29 22:58:03,797 [s2@group-D7B70F6236D3-StateMachineUpdater] INFO  impl.SimpleStateMachine4Testing (SimpleStateMachine4Testing.java:put(207)) - s2: put 31, m15 -> (t:1, i:31), STATEMACHINELOGENTRY, WRITE: logData.size=3, stateMachineData.size=17, logEntryProtoSerializedSize=0
2024-09-29 22:58:03,800 [s0@group-D7B70F6236D3-StateMachineUpdater] INFO  impl.SimpleStateMachine4Testing (SimpleStateMachine4Testing.java:applyTransaction(251)) - applyTransaction for log index 33
2024-09-29 22:58:03,800 [s0@group-D7B70F6236D3-StateMachineUpdater] INFO  impl.SimpleStateMachine4Testing (SimpleStateMachine4Testing.java:put(207)) - s0: put 33, m16 -> (t:1, i:33), STATEMACHINELOGENTRY, WRITE: logData.size=3, stateMachineData.size=17, logEntryProtoSerializedSize=0
2024-09-29 22:58:03,801 [s1@group-D7B70F6236D3-StateMachineUpdater] INFO  impl.SimpleStateMachine4Testing (SimpleStateMachine4Testing.java:applyTransaction(251)) - applyTransaction for log index 33
2024-09-29 22:58:03,801 [s1@group-D7B70F6236D3-StateMachineUpdater] INFO  impl.SimpleStateMachine4Testing (SimpleStateMachine4Testing.java:put(207)) - s1: put 33, m16 -> (t:1, i:33), STATEMACHINELOGENTRY, WRITE: logData.size=3, stateMachineData.size=17, logEntryProtoSerializedSize=0
2024-09-29 22:58:03,802 [s2@group-D7B70F6236D3-StateMachineUpdater] INFO  impl.SimpleStateMachine4Testing (SimpleStateMachine4Testing.java:applyTransaction(251)) - applyTransaction for log index 33
2024-09-29 22:58:03,802 [s2@group-D7B70F6236D3-StateMachineUpdater] INFO  impl.SimpleStateMachine4Testing (SimpleStateMachine4Testing.java:put(207)) - s2: put 33, m16 -> (t:1, i:33), STATEMACHINELOGENTRY, WRITE: logData.size=3, stateMachineData.size=17, logEntryProtoSerializedSize=0
2024-09-29 22:58:03,804 [s0@group-D7B70F6236D3-StateMachineUpdater] INFO  impl.SimpleStateMachine4Testing (SimpleStateMachine4Testing.java:applyTransaction(251)) - applyTransaction for log index 35
2024-09-29 22:58:03,804 [s0@group-D7B70F6236D3-StateMachineUpdater] INFO  impl.SimpleStateMachine4Testing (SimpleStateMachine4Testing.java:put(207)) - s0: put 35, m17 -> (t:1, i:35), STATEMACHINELOGENTRY, WRITE: logData.size=3, stateMachineData.size=17, logEntryProtoSerializedSize=0
2024-09-29 22:58:03,805 [s1@group-D7B70F6236D3-StateMachineUpdater] INFO  impl.SimpleStateMachine4Testing (SimpleStateMachine4Testing.java:applyTransaction(251)) - applyTransaction for log index 35
2024-09-29 22:58:03,805 [s1@group-D7B70F6236D3-StateMachineUpdater] INFO  impl.SimpleStateMachine4Testing (SimpleStateMachine4Testing.java:put(207)) - s1: put 35, m17 -> (t:1, i:35), STATEMACHINELOGENTRY, WRITE: logData.size=3, stateMachineData.size=17, logEntryProtoSerializedSize=0
2024-09-29 22:58:03,806 [s2@group-D7B70F6236D3-StateMachineUpdater] INFO  impl.SimpleStateMachine4Testing (SimpleStateMachine4Testing.java:applyTransaction(251)) - applyTransaction for log index 35
2024-09-29 22:58:03,806 [s2@group-D7B70F6236D3-StateMachineUpdater] INFO  impl.SimpleStateMachine4Testing (SimpleStateMachine4Testing.java:put(207)) - s2: put 35, m17 -> (t:1, i:35), STATEMACHINELOGENTRY, WRITE: logData.size=3, stateMachineData.size=17, logEntryProtoSerializedSize=0
2024-09-29 22:58:03,809 [s0@group-D7B70F6236D3-StateMachineUpdater] INFO  impl.SimpleStateMachine4Testing (SimpleStateMachine4Testing.java:applyTransaction(251)) - applyTransaction for log index 37
2024-09-29 22:58:03,809 [s0@group-D7B70F6236D3-StateMachineUpdater] INFO  impl.SimpleStateMachine4Testing (SimpleStateMachine4Testing.java:put(207)) - s0: put 37, m18 -> (t:1, i:37), STATEMACHINELOGENTRY, WRITE: logData.size=3, stateMachineData.size=17, logEntryProtoSerializedSize=0
2024-09-29 22:58:03,810 [s2@group-D7B70F6236D3-StateMachineUpdater] INFO  impl.SimpleStateMachine4Testing (SimpleStateMachine4Testing.java:applyTransaction(251)) - applyTransaction for log index 37
2024-09-29 22:58:03,810 [s1@group-D7B70F6236D3-StateMachineUpdater] INFO  impl.SimpleStateMachine4Testing (SimpleStateMachine4Testing.java:applyTransaction(251)) - applyTransaction for log index 37
2024-09-29 22:58:03,811 [s1@group-D7B70F6236D3-StateMachineUpdater] INFO  impl.SimpleStateMachine4Testing (SimpleStateMachine4Testing.java:put(207)) - s1: put 37, m18 -> (t:1, i:37), STATEMACHINELOGENTRY, WRITE: logData.size=3, stateMachineData.size=17, logEntryProtoSerializedSize=0
2024-09-29 22:58:03,811 [s2@group-D7B70F6236D3-StateMachineUpdater] INFO  impl.SimpleStateMachine4Testing (SimpleStateMachine4Testing.java:put(207)) - s2: put 37, m18 -> (t:1, i:37), STATEMACHINELOGENTRY, WRITE: logData.size=3, stateMachineData.size=17, logEntryProtoSerializedSize=0
2024-09-29 22:58:03,814 [s0@group-D7B70F6236D3-StateMachineUpdater] INFO  impl.SimpleStateMachine4Testing (SimpleStateMachine4Testing.java:applyTransaction(251)) - applyTransaction for log index 39
2024-09-29 22:58:03,814 [s0@group-D7B70F6236D3-StateMachineUpdater] INFO  impl.SimpleStateMachine4Testing (SimpleStateMachine4Testing.java:put(207)) - s0: put 39, m19 -> (t:1, i:39), STATEMACHINELOGENTRY, WRITE: logData.size=3, stateMachineData.size=17, logEntryProtoSerializedSize=0
2024-09-29 22:58:03,815 [s1@group-D7B70F6236D3-StateMachineUpdater] INFO  impl.SimpleStateMachine4Testing (SimpleStateMachine4Testing.java:applyTransaction(251)) - applyTransaction for log index 39
2024-09-29 22:58:03,815 [s1@group-D7B70F6236D3-StateMachineUpdater] INFO  impl.SimpleStateMachine4Testing (SimpleStateMachine4Testing.java:put(207)) - s1: put 39, m19 -> (t:1, i:39), STATEMACHINELOGENTRY, WRITE: logData.size=3, stateMachineData.size=17, logEntryProtoSerializedSize=0
2024-09-29 22:58:03,816 [s2@group-D7B70F6236D3-StateMachineUpdater] INFO  impl.SimpleStateMachine4Testing (SimpleStateMachine4Testing.java:applyTransaction(251)) - applyTransaction for log index 39
2024-09-29 22:58:03,816 [s2@group-D7B70F6236D3-StateMachineUpdater] INFO  impl.SimpleStateMachine4Testing (SimpleStateMachine4Testing.java:put(207)) - s2: put 39, m19 -> (t:1, i:39), STATEMACHINELOGENTRY, WRITE: logData.size=3, stateMachineData.size=17, logEntryProtoSerializedSize=0
2024-09-29 22:58:03,819 [s0@group-D7B70F6236D3-StateMachineUpdater] INFO  impl.SimpleStateMachine4Testing (SimpleStateMachine4Testing.java:applyTransaction(251)) - applyTransaction for log index 41
2024-09-29 22:58:03,819 [s0@group-D7B70F6236D3-StateMachineUpdater] INFO  impl.SimpleStateMachine4Testing (SimpleStateMachine4Testing.java:put(207)) - s0: put 41, m20 -> (t:1, i:41), STATEMACHINELOGENTRY, WRITE: logData.size=3, stateMachineData.size=17, logEntryProtoSerializedSize=0
2024-09-29 22:58:03,820 [s2@group-D7B70F6236D3-StateMachineUpdater] INFO  impl.SimpleStateMachine4Testing (SimpleStateMachine4Testing.java:applyTransaction(251)) - applyTransaction for log index 41
2024-09-29 22:58:03,820 [s2@group-D7B70F6236D3-StateMachineUpdater] INFO  impl.SimpleStateMachine4Testing (SimpleStateMachine4Testing.java:put(207)) - s2: put 41, m20 -> (t:1, i:41), STATEMACHINELOGENTRY, WRITE: logData.size=3, stateMachineData.size=17, logEntryProtoSerializedSize=0
2024-09-29 22:58:03,820 [s1@group-D7B70F6236D3-StateMachineUpdater] INFO  impl.SimpleStateMachine4Testing (SimpleStateMachine4Testing.java:applyTransaction(251)) - applyTransaction for log index 41
2024-09-29 22:58:03,820 [s1@group-D7B70F6236D3-StateMachineUpdater] INFO  impl.SimpleStateMachine4Testing (SimpleStateMachine4Testing.java:put(207)) - s1: put 41, m20 -> (t:1, i:41), STATEMACHINELOGENTRY, WRITE: logData.size=3, stateMachineData.size=17, logEntryProtoSerializedSize=0
2024-09-29 22:58:03,827 [s0@group-D7B70F6236D3-StateMachineUpdater] INFO  impl.SimpleStateMachine4Testing (SimpleStateMachine4Testing.java:applyTransaction(251)) - applyTransaction for log index 43
2024-09-29 22:58:03,827 [s0@group-D7B70F6236D3-StateMachineUpdater] INFO  impl.SimpleStateMachine4Testing (SimpleStateMachine4Testing.java:put(207)) - s0: put 43, m21 -> (t:1, i:43), STATEMACHINELOGENTRY, WRITE: logData.size=3, stateMachineData.size=17, logEntryProtoSerializedSize=0
2024-09-29 22:58:03,828 [s1@group-D7B70F6236D3-StateMachineUpdater] INFO  impl.SimpleStateMachine4Testing (SimpleStateMachine4Testing.java:applyTransaction(251)) - applyTransaction for log index 43
2024-09-29 22:58:03,828 [s1@group-D7B70F6236D3-StateMachineUpdater] INFO  impl.SimpleStateMachine4Testing (SimpleStateMachine4Testing.java:put(207)) - s1: put 43, m21 -> (t:1, i:43), STATEMACHINELOGENTRY, WRITE: logData.size=3, stateMachineData.size=17, logEntryProtoSerializedSize=0
2024-09-29 22:58:03,829 [s2@group-D7B70F6236D3-StateMachineUpdater] INFO  impl.SimpleStateMachine4Testing (SimpleStateMachine4Testing.java:applyTransaction(251)) - applyTransaction for log index 43
2024-09-29 22:58:03,829 [s2@group-D7B70F6236D3-StateMachineUpdater] INFO  impl.SimpleStateMachine4Testing (SimpleStateMachine4Testing.java:put(207)) - s2: put 43, m21 -> (t:1, i:43), STATEMACHINELOGENTRY, WRITE: logData.size=3, stateMachineData.size=17, logEntryProtoSerializedSize=0
2024-09-29 22:58:03,832 [s0@group-D7B70F6236D3-StateMachineUpdater] INFO  impl.SimpleStateMachine4Testing (SimpleStateMachine4Testing.java:applyTransaction(251)) - applyTransaction for log index 45
2024-09-29 22:58:03,832 [s0@group-D7B70F6236D3-StateMachineUpdater] INFO  impl.SimpleStateMachine4Testing (SimpleStateMachine4Testing.java:put(207)) - s0: put 45, m22 -> (t:1, i:45), STATEMACHINELOGENTRY, WRITE: logData.size=3, stateMachineData.size=17, logEntryProtoSerializedSize=0
2024-09-29 22:58:03,834 [s1@group-D7B70F6236D3-StateMachineUpdater] INFO  impl.SimpleStateMachine4Testing (SimpleStateMachine4Testing.java:applyTransaction(251)) - applyTransaction for log index 45
2024-09-29 22:58:03,834 [s1@group-D7B70F6236D3-StateMachineUpdater] INFO  impl.SimpleStateMachine4Testing (SimpleStateMachine4Testing.java:put(207)) - s1: put 45, m22 -> (t:1, i:45), STATEMACHINELOGENTRY, WRITE: logData.size=3, stateMachineData.size=17, logEntryProtoSerializedSize=0
2024-09-29 22:58:03,834 [s2@group-D7B70F6236D3-StateMachineUpdater] INFO  impl.SimpleStateMachine4Testing (SimpleStateMachine4Testing.java:applyTransaction(251)) - applyTransaction for log index 45
2024-09-29 22:58:03,834 [s2@group-D7B70F6236D3-StateMachineUpdater] INFO  impl.SimpleStateMachine4Testing (SimpleStateMachine4Testing.java:put(207)) - s2: put 45, m22 -> (t:1, i:45), STATEMACHINELOGENTRY, WRITE: logData.size=3, stateMachineData.size=17, logEntryProtoSerializedSize=0
2024-09-29 22:58:03,837 [s0@group-D7B70F6236D3-StateMachineUpdater] INFO  impl.SimpleStateMachine4Testing (SimpleStateMachine4Testing.java:applyTransaction(251)) - applyTransaction for log index 47
2024-09-29 22:58:03,837 [s0@group-D7B70F6236D3-StateMachineUpdater] INFO  impl.SimpleStateMachine4Testing (SimpleStateMachine4Testing.java:put(207)) - s0: put 47, m23 -> (t:1, i:47), STATEMACHINELOGENTRY, WRITE: logData.size=3, stateMachineData.size=17, logEntryProtoSerializedSize=0
2024-09-29 22:58:03,838 [s2@group-D7B70F6236D3-StateMachineUpdater] INFO  impl.SimpleStateMachine4Testing (SimpleStateMachine4Testing.java:applyTransaction(251)) - applyTransaction for log index 47
2024-09-29 22:58:03,838 [s2@group-D7B70F6236D3-StateMachineUpdater] INFO  impl.SimpleStateMachine4Testing (SimpleStateMachine4Testing.java:put(207)) - s2: put 47, m23 -> (t:1, i:47), STATEMACHINELOGENTRY, WRITE: logData.size=3, stateMachineData.size=17, logEntryProtoSerializedSize=0
2024-09-29 22:58:03,838 [s1@group-D7B70F6236D3-StateMachineUpdater] INFO  impl.SimpleStateMachine4Testing (SimpleStateMachine4Testing.java:applyTransaction(251)) - applyTransaction for log index 47
2024-09-29 22:58:03,838 [s1@group-D7B70F6236D3-StateMachineUpdater] INFO  impl.SimpleStateMachine4Testing (SimpleStateMachine4Testing.java:put(207)) - s1: put 47, m23 -> (t:1, i:47), STATEMACHINELOGENTRY, WRITE: logData.size=3, stateMachineData.size=17, logEntryProtoSerializedSize=0
2024-09-29 22:58:03,841 [s0@group-D7B70F6236D3-StateMachineUpdater] INFO  impl.SimpleStateMachine4Testing (SimpleStateMachine4Testing.java:applyTransaction(251)) - applyTransaction for log index 49
2024-09-29 22:58:03,841 [s0@group-D7B70F6236D3-StateMachineUpdater] INFO  impl.SimpleStateMachine4Testing (SimpleStateMachine4Testing.java:put(207)) - s0: put 49, m24 -> (t:1, i:49), STATEMACHINELOGENTRY, WRITE: logData.size=3, stateMachineData.size=17, logEntryProtoSerializedSize=0
2024-09-29 22:58:03,843 [s2@group-D7B70F6236D3-StateMachineUpdater] INFO  impl.SimpleStateMachine4Testing (SimpleStateMachine4Testing.java:applyTransaction(251)) - applyTransaction for log index 49
2024-09-29 22:58:03,843 [s2@group-D7B70F6236D3-StateMachineUpdater] INFO  impl.SimpleStateMachine4Testing (SimpleStateMachine4Testing.java:put(207)) - s2: put 49, m24 -> (t:1, i:49), STATEMACHINELOGENTRY, WRITE: logData.size=3, stateMachineData.size=17, logEntryProtoSerializedSize=0
2024-09-29 22:58:03,844 [s1@group-D7B70F6236D3-StateMachineUpdater] INFO  impl.SimpleStateMachine4Testing (SimpleStateMachine4Testing.java:applyTransaction(251)) - applyTransaction for log index 49
2024-09-29 22:58:03,844 [s1@group-D7B70F6236D3-StateMachineUpdater] INFO  impl.SimpleStateMachine4Testing (SimpleStateMachine4Testing.java:put(207)) - s1: put 49, m24 -> (t:1, i:49), STATEMACHINELOGENTRY, WRITE: logData.size=3, stateMachineData.size=17, logEntryProtoSerializedSize=0
2024-09-29 22:58:03,845 [s0@group-D7B70F6236D3-StateMachineUpdater] INFO  impl.SimpleStateMachine4Testing (SimpleStateMachine4Testing.java:applyTransaction(251)) - applyTransaction for log index 51
2024-09-29 22:58:03,845 [s0@group-D7B70F6236D3-StateMachineUpdater] INFO  impl.SimpleStateMachine4Testing (SimpleStateMachine4Testing.java:put(207)) - s0: put 51, m25 -> (t:1, i:51), STATEMACHINELOGENTRY, WRITE: logData.size=3, stateMachineData.size=17, logEntryProtoSerializedSize=0
2024-09-29 22:58:03,847 [s2@group-D7B70F6236D3-StateMachineUpdater] INFO  impl.SimpleStateMachine4Testing (SimpleStateMachine4Testing.java:applyTransaction(251)) - applyTransaction for log index 51
2024-09-29 22:58:03,847 [s2@group-D7B70F6236D3-StateMachineUpdater] INFO  impl.SimpleStateMachine4Testing (SimpleStateMachine4Testing.java:put(207)) - s2: put 51, m25 -> (t:1, i:51), STATEMACHINELOGENTRY, WRITE: logData.size=3, stateMachineData.size=17, logEntryProtoSerializedSize=0
2024-09-29 22:58:03,847 [s1@group-D7B70F6236D3-StateMachineUpdater] INFO  impl.SimpleStateMachine4Testing (SimpleStateMachine4Testing.java:applyTransaction(251)) - applyTransaction for log index 51
2024-09-29 22:58:03,847 [s1@group-D7B70F6236D3-StateMachineUpdater] INFO  impl.SimpleStateMachine4Testing (SimpleStateMachine4Testing.java:put(207)) - s1: put 51, m25 -> (t:1, i:51), STATEMACHINELOGENTRY, WRITE: logData.size=3, stateMachineData.size=17, logEntryProtoSerializedSize=0
2024-09-29 22:58:03,850 [s0@group-D7B70F6236D3-StateMachineUpdater] INFO  impl.SimpleStateMachine4Testing (SimpleStateMachine4Testing.java:applyTransaction(251)) - applyTransaction for log index 53
2024-09-29 22:58:03,850 [s0@group-D7B70F6236D3-StateMachineUpdater] INFO  impl.SimpleStateMachine4Testing (SimpleStateMachine4Testing.java:put(207)) - s0: put 53, m26 -> (t:1, i:53), STATEMACHINELOGENTRY, WRITE: logData.size=3, stateMachineData.size=17, logEntryProtoSerializedSize=0
2024-09-29 22:58:03,851 [s0@group-D7B70F6236D3->s1-GrpcLogAppender-LogAppenderDaemon] TRACE util.FileUtils (LogUtils.java:supplyAndLog(69)) - Successfully supplied Files.newInputStream /home/runner/work/ratis/ratis/ratis-test/target/test/data/f7ba0e94/MiniRaftClusterWithGrpc35e999b0/s0/636f46cf-4f82-4ac4-8690-d7b70f6236d3/current/log_inprogress_0 with options []: sun.nio.ch.ChannelInputStream@436df981
2024-09-29 22:58:03,852 [s2@group-D7B70F6236D3-StateMachineUpdater] INFO  impl.SimpleStateMachine4Testing (SimpleStateMachine4Testing.java:applyTransaction(251)) - applyTransaction for log index 53
2024-09-29 22:58:03,852 [s2@group-D7B70F6236D3-StateMachineUpdater] INFO  impl.SimpleStateMachine4Testing (SimpleStateMachine4Testing.java:put(207)) - s2: put 53, m26 -> (t:1, i:53), STATEMACHINELOGENTRY, WRITE: logData.size=3, stateMachineData.size=17, logEntryProtoSerializedSize=0
2024-09-29 22:58:03,855 [s0@group-D7B70F6236D3-StateMachineUpdater] INFO  impl.SimpleStateMachine4Testing (SimpleStateMachine4Testing.java:applyTransaction(251)) - applyTransaction for log index 55
2024-09-29 22:58:03,855 [s0@group-D7B70F6236D3-StateMachineUpdater] INFO  impl.SimpleStateMachine4Testing (SimpleStateMachine4Testing.java:put(207)) - s0: put 55, m27 -> (t:1, i:55), STATEMACHINELOGENTRY, WRITE: logData.size=3, stateMachineData.size=17, logEntryProtoSerializedSize=0
2024-09-29 22:58:03,861 [s2@group-D7B70F6236D3-StateMachineUpdater] INFO  impl.SimpleStateMachine4Testing (SimpleStateMachine4Testing.java:applyTransaction(251)) - applyTransaction for log index 55
2024-09-29 22:58:03,861 [s2@group-D7B70F6236D3-StateMachineUpdater] INFO  impl.SimpleStateMachine4Testing (SimpleStateMachine4Testing.java:put(207)) - s2: put 55, m27 -> (t:1, i:55), STATEMACHINELOGENTRY, WRITE: logData.size=3, stateMachineData.size=17, logEntryProtoSerializedSize=0
2024-09-29 22:58:03,864 [s0@group-D7B70F6236D3-StateMachineUpdater] INFO  impl.SimpleStateMachine4Testing (SimpleStateMachine4Testing.java:applyTransaction(251)) - applyTransaction for log index 57
2024-09-29 22:58:03,864 [s0@group-D7B70F6236D3-StateMachineUpdater] INFO  impl.SimpleStateMachine4Testing (SimpleStateMachine4Testing.java:put(207)) - s0: put 57, m28 -> (t:1, i:57), STATEMACHINELOGENTRY, WRITE: logData.size=3, stateMachineData.size=17, logEntryProtoSerializedSize=0
2024-09-29 22:58:03,865 [s2@group-D7B70F6236D3-StateMachineUpdater] INFO  impl.SimpleStateMachine4Testing (SimpleStateMachine4Testing.java:applyTransaction(251)) - applyTransaction for log index 57
2024-09-29 22:58:03,865 [s2@group-D7B70F6236D3-StateMachineUpdater] INFO  impl.SimpleStateMachine4Testing (SimpleStateMachine4Testing.java:put(207)) - s2: put 57, m28 -> (t:1, i:57), STATEMACHINELOGENTRY, WRITE: logData.size=3, stateMachineData.size=17, logEntryProtoSerializedSize=0
2024-09-29 22:58:03,867 [s0@group-D7B70F6236D3-StateMachineUpdater] INFO  impl.SimpleStateMachine4Testing (SimpleStateMachine4Testing.java:applyTransaction(251)) - applyTransaction for log index 59
2024-09-29 22:58:03,867 [s0@group-D7B70F6236D3-StateMachineUpdater] INFO  impl.SimpleStateMachine4Testing (SimpleStateMachine4Testing.java:put(207)) - s0: put 59, m29 -> (t:1, i:59), STATEMACHINELOGENTRY, WRITE: logData.size=3, stateMachineData.size=17, logEntryProtoSerializedSize=0
2024-09-29 22:58:03,868 [s2@group-D7B70F6236D3-StateMachineUpdater] INFO  impl.SimpleStateMachine4Testing (SimpleStateMachine4Testing.java:applyTransaction(251)) - applyTransaction for log index 59
2024-09-29 22:58:03,868 [s2@group-D7B70F6236D3-StateMachineUpdater] INFO  impl.SimpleStateMachine4Testing (SimpleStateMachine4Testing.java:put(207)) - s2: put 59, m29 -> (t:1, i:59), STATEMACHINELOGENTRY, WRITE: logData.size=3, stateMachineData.size=17, logEntryProtoSerializedSize=0
2024-09-29 22:58:03,870 [s0@group-D7B70F6236D3-StateMachineUpdater] INFO  impl.SimpleStateMachine4Testing (SimpleStateMachine4Testing.java:applyTransaction(251)) - applyTransaction for log index 61
2024-09-29 22:58:03,870 [s0@group-D7B70F6236D3-StateMachineUpdater] INFO  impl.SimpleStateMachine4Testing (SimpleStateMachine4Testing.java:put(207)) - s0: put 61, m30 -> (t:1, i:61), STATEMACHINELOGENTRY, WRITE: logData.size=3, stateMachineData.size=17, logEntryProtoSerializedSize=0
2024-09-29 22:58:03,871 [s2@group-D7B70F6236D3-StateMachineUpdater] INFO  impl.SimpleStateMachine4Testing (SimpleStateMachine4Testing.java:applyTransaction(251)) - applyTransaction for log index 61
2024-09-29 22:58:03,871 [s2@group-D7B70F6236D3-StateMachineUpdater] INFO  impl.SimpleStateMachine4Testing (SimpleStateMachine4Testing.java:put(207)) - s2: put 61, m30 -> (t:1, i:61), STATEMACHINELOGENTRY, WRITE: logData.size=3, stateMachineData.size=17, logEntryProtoSerializedSize=0
2024-09-29 22:58:03,874 [s0@group-D7B70F6236D3-StateMachineUpdater] INFO  impl.SimpleStateMachine4Testing (SimpleStateMachine4Testing.java:applyTransaction(251)) - applyTransaction for log index 63
2024-09-29 22:58:03,874 [s0@group-D7B70F6236D3-StateMachineUpdater] INFO  impl.SimpleStateMachine4Testing (SimpleStateMachine4Testing.java:put(207)) - s0: put 63, m31 -> (t:1, i:63), STATEMACHINELOGENTRY, WRITE: logData.size=3, stateMachineData.size=17, logEntryProtoSerializedSize=0
2024-09-29 22:58:03,874 [s0@group-D7B70F6236D3-StateMachineUpdater] TRACE util.FileUtils (FileUtils.java:deleteFully(305)) - deleteFully /tmp/ratis-tests/statemachine/s0/snapshot/1_63
2024-09-29 22:58:03,874 [s0@group-D7B70F6236D3-StateMachineUpdater] TRACE util.FileUtils (FileUtils.java:deleteFully(318)) - deleteFully: /tmp/ratis-tests/statemachine/s0/snapshot/1_63 does not exist.
2024-09-29 22:58:03,874 [s0@group-D7B70F6236D3-StateMachineUpdater] TRACE util.FileUtils (FileUtils.java:deleteFully(305)) - deleteFully /tmp/ratis-tests/statemachine/s0/tmp/041eeeed-ea77-465f-8215-41b38d1b69d3
2024-09-29 22:58:03,874 [s0@group-D7B70F6236D3-StateMachineUpdater] TRACE util.FileUtils (FileUtils.java:deleteFully(318)) - deleteFully: /tmp/ratis-tests/statemachine/s0/tmp/041eeeed-ea77-465f-8215-41b38d1b69d3 does not exist.
2024-09-29 22:58:03,874 [s0@group-D7B70F6236D3-StateMachineUpdater] TRACE util.FileUtils (LogUtils.java:runAndLog(49)) - Successfully ran Atomic Files.move /tmp/ratis-tests/statemachine/s0/tmp/041eeeed-ea77-465f-8215-41b38d1b69d3 to /tmp/ratis-tests/statemachine/s0/snapshot/1_63
2024-09-29 22:58:03,874 [s0@group-D7B70F6236D3-StateMachineUpdater] INFO  impl.StateMachineUpdater (StateMachineUpdater.java:takeSnapshot(308)) - s0@group-D7B70F6236D3-StateMachineUpdater: Took a snapshot at index 63
2024-09-29 22:58:03,874 [s0@group-D7B70F6236D3-StateMachineUpdater] INFO  impl.StateMachineUpdater (StateMachineUpdater.java:lambda$new$0(102)) - s0@group-D7B70F6236D3-StateMachineUpdater: snapshotIndex: updateIncreasingly -1 -> 63
2024-09-29 22:58:03,875 [s2@group-D7B70F6236D3-StateMachineUpdater] INFO  impl.SimpleStateMachine4Testing (SimpleStateMachine4Testing.java:applyTransaction(251)) - applyTransaction for log index 63
2024-09-29 22:58:03,875 [s2@group-D7B70F6236D3-StateMachineUpdater] INFO  impl.SimpleStateMachine4Testing (SimpleStateMachine4Testing.java:put(207)) - s2: put 63, m31 -> (t:1, i:63), STATEMACHINELOGENTRY, WRITE: logData.size=3, stateMachineData.size=17, logEntryProtoSerializedSize=0
2024-09-29 22:58:03,875 [s2@group-D7B70F6236D3-StateMachineUpdater] TRACE util.FileUtils (FileUtils.java:deleteFully(305)) - deleteFully /tmp/ratis-tests/statemachine/s2/snapshot/1_63
2024-09-29 22:58:03,875 [s0@group-D7B70F6236D3-StateMachineUpdater] INFO  raftlog.RaftLog (RaftLogBase.java:purge(329)) - s0@group-D7B70F6236D3-SegmentedRaftLog: purge 52
2024-09-29 22:58:03,875 [s0@group-D7B70F6236D3-StateMachineUpdater] INFO  raftlog.RaftLog (RaftLogBase.java:lambda$new$0(57)) - s0@group-D7B70F6236D3-SegmentedRaftLog: snapshotIndex: updateIncreasingly -1 -> 63
2024-09-29 22:58:03,875 [s0@group-D7B70F6236D3-StateMachineUpdater] INFO  raftlog.RaftLog (RaftLogBase.java:lambda$new$0(57)) - s0@group-D7B70F6236D3-SegmentedRaftLog: purgeIndex: updateToMax old=-1, new=52, updated? true
2024-09-29 22:58:03,875 [timer0] WARN  server.GrpcLogAppender (GrpcLogAppender.java:timeoutAppendRequest(450)) - s2@group-64B60AA06307->s0-GrpcLogAppender: Timed out HEARTBEAT appendEntries, errorCount=1, request=AppendEntriesRequest:cid=527,entriesCount=0
2024-09-29 22:58:03,875 [timer1] WARN  server.GrpcLogAppender (GrpcLogAppender.java:timeoutAppendRequest(450)) - s2@group-64B60AA06307->s1-GrpcLogAppender: Timed out HEARTBEAT appendEntries, errorCount=1, request=AppendEntriesRequest:cid=544,entriesCount=0
2024-09-29 22:58:03,875 [s2@group-D7B70F6236D3-StateMachineUpdater] TRACE util.FileUtils (FileUtils.java:deleteFully(318)) - deleteFully: /tmp/ratis-tests/statemachine/s2/snapshot/1_63 does not exist.
2024-09-29 22:58:03,876 [s2@group-D7B70F6236D3-StateMachineUpdater] TRACE util.FileUtils (FileUtils.java:deleteFully(305)) - deleteFully /tmp/ratis-tests/statemachine/s2/tmp/12a5ef49-b2e9-40c0-b201-800855415103
2024-09-29 22:58:03,876 [s2@group-D7B70F6236D3-StateMachineUpdater] TRACE util.FileUtils (FileUtils.java:deleteFully(318)) - deleteFully: /tmp/ratis-tests/statemachine/s2/tmp/12a5ef49-b2e9-40c0-b201-800855415103 does not exist.
2024-09-29 22:58:03,876 [s2@group-D7B70F6236D3-StateMachineUpdater] TRACE util.FileUtils (LogUtils.java:runAndLog(49)) - Successfully ran Atomic Files.move /tmp/ratis-tests/statemachine/s2/tmp/12a5ef49-b2e9-40c0-b201-800855415103 to /tmp/ratis-tests/statemachine/s2/snapshot/1_63
2024-09-29 22:58:03,876 [s2@group-D7B70F6236D3-StateMachineUpdater] INFO  impl.StateMachineUpdater (StateMachineUpdater.java:takeSnapshot(308)) - s2@group-D7B70F6236D3-StateMachineUpdater: Took a snapshot at index 63
2024-09-29 22:58:03,877 [s2@group-D7B70F6236D3-StateMachineUpdater] INFO  impl.StateMachineUpdater (StateMachineUpdater.java:lambda$new$0(102)) - s2@group-D7B70F6236D3-StateMachineUpdater: snapshotIndex: updateIncreasingly -1 -> 63
2024-09-29 22:58:03,877 [s2@group-D7B70F6236D3-StateMachineUpdater] INFO  raftlog.RaftLog (RaftLogBase.java:purge(329)) - s2@group-D7B70F6236D3-SegmentedRaftLog: purge 52
2024-09-29 22:58:03,877 [s2@group-D7B70F6236D3-StateMachineUpdater] INFO  raftlog.RaftLog (RaftLogBase.java:lambda$new$0(57)) - s2@group-D7B70F6236D3-SegmentedRaftLog: snapshotIndex: updateIncreasingly -1 -> 63
2024-09-29 22:58:03,877 [s2@group-D7B70F6236D3-StateMachineUpdater] INFO  raftlog.RaftLog (RaftLogBase.java:lambda$new$0(57)) - s2@group-D7B70F6236D3-SegmentedRaftLog: purgeIndex: updateToMax old=-1, new=52, updated? true
2024-09-29 22:58:03,878 [s0@group-D7B70F6236D3-StateMachineUpdater] INFO  impl.SimpleStateMachine4Testing (SimpleStateMachine4Testing.java:applyTransaction(251)) - applyTransaction for log index 65
2024-09-29 22:58:03,878 [s0@group-D7B70F6236D3-StateMachineUpdater] INFO  impl.SimpleStateMachine4Testing (SimpleStateMachine4Testing.java:put(207)) - s0: put 65, m32 -> (t:1, i:65), STATEMACHINELOGENTRY, WRITE: logData.size=3, stateMachineData.size=17, logEntryProtoSerializedSize=0
2024-09-29 22:58:03,879 [s2@group-D7B70F6236D3-StateMachineUpdater] INFO  impl.SimpleStateMachine4Testing (SimpleStateMachine4Testing.java:applyTransaction(251)) - applyTransaction for log index 65
2024-09-29 22:58:03,879 [s2@group-D7B70F6236D3-StateMachineUpdater] INFO  impl.SimpleStateMachine4Testing (SimpleStateMachine4Testing.java:put(207)) - s2: put 65, m32 -> (t:1, i:65), STATEMACHINELOGENTRY, WRITE: logData.size=3, stateMachineData.size=17, logEntryProtoSerializedSize=0
2024-09-29 22:58:03,884 [s0@group-D7B70F6236D3-StateMachineUpdater] INFO  impl.SimpleStateMachine4Testing (SimpleStateMachine4Testing.java:applyTransaction(251)) - applyTransaction for log index 67
2024-09-29 22:58:03,884 [s0@group-D7B70F6236D3-StateMachineUpdater] INFO  impl.SimpleStateMachine4Testing (SimpleStateMachine4Testing.java:put(207)) - s0: put 67, m33 -> (t:1, i:67), STATEMACHINELOGENTRY, WRITE: logData.size=3, stateMachineData.size=17, logEntryProtoSerializedSize=0
2024-09-29 22:58:03,885 [s2@group-D7B70F6236D3-StateMachineUpdater] INFO  impl.SimpleStateMachine4Testing (SimpleStateMachine4Testing.java:applyTransaction(251)) - applyTransaction for log index 67
2024-09-29 22:58:03,885 [s2@group-D7B70F6236D3-StateMachineUpdater] INFO  impl.SimpleStateMachine4Testing (SimpleStateMachine4Testing.java:put(207)) - s2: put 67, m33 -> (t:1, i:67), STATEMACHINELOGENTRY, WRITE: logData.size=3, stateMachineData.size=17, logEntryProtoSerializedSize=0
2024-09-29 22:58:03,887 [s0@group-D7B70F6236D3-StateMachineUpdater] INFO  impl.SimpleStateMachine4Testing (SimpleStateMachine4Testing.java:applyTransaction(251)) - applyTransaction for log index 69
2024-09-29 22:58:03,887 [s0@group-D7B70F6236D3-StateMachineUpdater] INFO  impl.SimpleStateMachine4Testing (SimpleStateMachine4Testing.java:put(207)) - s0: put 69, m34 -> (t:1, i:69), STATEMACHINELOGENTRY, WRITE: logData.size=3, stateMachineData.size=17, logEntryProtoSerializedSize=0
2024-09-29 22:58:03,888 [s2@group-D7B70F6236D3-StateMachineUpdater] INFO  impl.SimpleStateMachine4Testing (SimpleStateMachine4Testing.java:applyTransaction(251)) - applyTransaction for log index 69
2024-09-29 22:58:03,888 [s2@group-D7B70F6236D3-StateMachineUpdater] INFO  impl.SimpleStateMachine4Testing (SimpleStateMachine4Testing.java:put(207)) - s2: put 69, m34 -> (t:1, i:69), STATEMACHINELOGENTRY, WRITE: logData.size=3, stateMachineData.size=17, logEntryProtoSerializedSize=0
2024-09-29 22:58:03,890 [s0@group-D7B70F6236D3-StateMachineUpdater] INFO  impl.SimpleStateMachine4Testing (SimpleStateMachine4Testing.java:applyTransaction(251)) - applyTransaction for log index 71
2024-09-29 22:58:03,890 [s0@group-D7B70F6236D3-StateMachineUpdater] INFO  impl.SimpleStateMachine4Testing (SimpleStateMachine4Testing.java:put(207)) - s0: put 71, m35 -> (t:1, i:71), STATEMACHINELOGENTRY, WRITE: logData.size=3, stateMachineData.size=17, logEntryProtoSerializedSize=0
2024-09-29 22:58:03,891 [s2@group-D7B70F6236D3-StateMachineUpdater] INFO  impl.SimpleStateMachine4Testing (SimpleStateMachine4Testing.java:applyTransaction(251)) - applyTransaction for log index 71
2024-09-29 22:58:03,891 [s2@group-D7B70F6236D3-StateMachineUpdater] INFO  impl.SimpleStateMachine4Testing (SimpleStateMachine4Testing.java:put(207)) - s2: put 71, m35 -> (t:1, i:71), STATEMACHINELOGENTRY, WRITE: logData.size=3, stateMachineData.size=17, logEntryProtoSerializedSize=0
2024-09-29 22:58:03,893 [s0@group-D7B70F6236D3-StateMachineUpdater] INFO  impl.SimpleStateMachine4Testing (SimpleStateMachine4Testing.java:applyTransaction(251)) - applyTransaction for log index 73
2024-09-29 22:58:03,893 [s0@group-D7B70F6236D3-StateMachineUpdater] INFO  impl.SimpleStateMachine4Testing (SimpleStateMachine4Testing.java:put(207)) - s0: put 73, m36 -> (t:1, i:73), STATEMACHINELOGENTRY, WRITE: logData.size=3, stateMachineData.size=17, logEntryProtoSerializedSize=0
2024-09-29 22:58:03,894 [s2@group-D7B70F6236D3-StateMachineUpdater] INFO  impl.SimpleStateMachine4Testing (SimpleStateMachine4Testing.java:applyTransaction(251)) - applyTransaction for log index 73
2024-09-29 22:58:03,895 [s2@group-D7B70F6236D3-StateMachineUpdater] INFO  impl.SimpleStateMachine4Testing (SimpleStateMachine4Testing.java:put(207)) - s2: put 73, m36 -> (t:1, i:73), STATEMACHINELOGENTRY, WRITE: logData.size=3, stateMachineData.size=17, logEntryProtoSerializedSize=0
2024-09-29 22:58:03,896 [s0@group-D7B70F6236D3-StateMachineUpdater] INFO  impl.SimpleStateMachine4Testing (SimpleStateMachine4Testing.java:applyTransaction(251)) - applyTransaction for log index 75
2024-09-29 22:58:03,896 [s0@group-D7B70F6236D3-StateMachineUpdater] INFO  impl.SimpleStateMachine4Testing (SimpleStateMachine4Testing.java:put(207)) - s0: put 75, m37 -> (t:1, i:75), STATEMACHINELOGENTRY, WRITE: logData.size=3, stateMachineData.size=17, logEntryProtoSerializedSize=0
2024-09-29 22:58:03,897 [s2@group-D7B70F6236D3-StateMachineUpdater] INFO  impl.SimpleStateMachine4Testing (SimpleStateMachine4Testing.java:applyTransaction(251)) - applyTransaction for log index 75
2024-09-29 22:58:03,897 [s2@group-D7B70F6236D3-StateMachineUpdater] INFO  impl.SimpleStateMachine4Testing (SimpleStateMachine4Testing.java:put(207)) - s2: put 75, m37 -> (t:1, i:75), STATEMACHINELOGENTRY, WRITE: logData.size=3, stateMachineData.size=17, logEntryProtoSerializedSize=0
2024-09-29 22:58:03,899 [s0@group-D7B70F6236D3-StateMachineUpdater] INFO  impl.SimpleStateMachine4Testing (SimpleStateMachine4Testing.java:applyTransaction(251)) - applyTransaction for log index 77
2024-09-29 22:58:03,900 [s0@group-D7B70F6236D3-StateMachineUpdater] INFO  impl.SimpleStateMachine4Testing (SimpleStateMachine4Testing.java:put(207)) - s0: put 77, m38 -> (t:1, i:77), STATEMACHINELOGENTRY, WRITE: logData.size=3, stateMachineData.size=17, logEntryProtoSerializedSize=0
2024-09-29 22:58:03,901 [s2@group-D7B70F6236D3-StateMachineUpdater] INFO  impl.SimpleStateMachine4Testing (SimpleStateMachine4Testing.java:applyTransaction(251)) - applyTransaction for log index 77
2024-09-29 22:58:03,901 [s2@group-D7B70F6236D3-StateMachineUpdater] INFO  impl.SimpleStateMachine4Testing (SimpleStateMachine4Testing.java:put(207)) - s2: put 77, m38 -> (t:1, i:77), STATEMACHINELOGENTRY, WRITE: logData.size=3, stateMachineData.size=17, logEntryProtoSerializedSize=0
2024-09-29 22:58:03,903 [s0@group-D7B70F6236D3-StateMachineUpdater] INFO  impl.SimpleStateMachine4Testing (SimpleStateMachine4Testing.java:applyTransaction(251)) - applyTransaction for log index 79
2024-09-29 22:58:03,903 [s0@group-D7B70F6236D3-StateMachineUpdater] INFO  impl.SimpleStateMachine4Testing (SimpleStateMachine4Testing.java:put(207)) - s0: put 79, m39 -> (t:1, i:79), STATEMACHINELOGENTRY, WRITE: logData.size=3, stateMachineData.size=17, logEntryProtoSerializedSize=0
2024-09-29 22:58:03,903 [s2@group-D7B70F6236D3-StateMachineUpdater] INFO  impl.SimpleStateMachine4Testing (SimpleStateMachine4Testing.java:applyTransaction(251)) - applyTransaction for log index 79
2024-09-29 22:58:03,903 [s2@group-D7B70F6236D3-StateMachineUpdater] INFO  impl.SimpleStateMachine4Testing (SimpleStateMachine4Testing.java:put(207)) - s2: put 79, m39 -> (t:1, i:79), STATEMACHINELOGENTRY, WRITE: logData.size=3, stateMachineData.size=17, logEntryProtoSerializedSize=0
2024-09-29 22:58:03,906 [s0@group-D7B70F6236D3-StateMachineUpdater] INFO  impl.SimpleStateMachine4Testing (SimpleStateMachine4Testing.java:applyTransaction(251)) - applyTransaction for log index 81
2024-09-29 22:58:03,906 [s0@group-D7B70F6236D3-StateMachineUpdater] INFO  impl.SimpleStateMachine4Testing (SimpleStateMachine4Testing.java:put(207)) - s0: put 81, m40 -> (t:1, i:81), STATEMACHINELOGENTRY, WRITE: logData.size=3, stateMachineData.size=17, logEntryProtoSerializedSize=0
2024-09-29 22:58:03,907 [s2@group-D7B70F6236D3-StateMachineUpdater] INFO  impl.SimpleStateMachine4Testing (SimpleStateMachine4Testing.java:applyTransaction(251)) - applyTransaction for log index 81
2024-09-29 22:58:03,907 [s2@group-D7B70F6236D3-StateMachineUpdater] INFO  impl.SimpleStateMachine4Testing (SimpleStateMachine4Testing.java:put(207)) - s2: put 81, m40 -> (t:1, i:81), STATEMACHINELOGENTRY, WRITE: logData.size=3, stateMachineData.size=17, logEntryProtoSerializedSize=0
2024-09-29 22:58:03,909 [s0@group-D7B70F6236D3-StateMachineUpdater] INFO  impl.SimpleStateMachine4Testing (SimpleStateMachine4Testing.java:applyTransaction(251)) - applyTransaction for log index 83
2024-09-29 22:58:03,909 [s0@group-D7B70F6236D3-StateMachineUpdater] INFO  impl.SimpleStateMachine4Testing (SimpleStateMachine4Testing.java:put(207)) - s0: put 83, m41 -> (t:1, i:83), STATEMACHINELOGENTRY, WRITE: logData.size=3, stateMachineData.size=17, logEntryProtoSerializedSize=0
2024-09-29 22:58:03,910 [s2@group-D7B70F6236D3-StateMachineUpdater] INFO  impl.SimpleStateMachine4Testing (SimpleStateMachine4Testing.java:applyTransaction(251)) - applyTransaction for log index 83
2024-09-29 22:58:03,911 [s2@group-D7B70F6236D3-StateMachineUpdater] INFO  impl.SimpleStateMachine4Testing (SimpleStateMachine4Testing.java:put(207)) - s2: put 83, m41 -> (t:1, i:83), STATEMACHINELOGENTRY, WRITE: logData.size=3, stateMachineData.size=17, logEntryProtoSerializedSize=0
2024-09-29 22:58:03,912 [s0@group-D7B70F6236D3-StateMachineUpdater] INFO  impl.SimpleStateMachine4Testing (SimpleStateMachine4Testing.java:applyTransaction(251)) - applyTransaction for log index 85
2024-09-29 22:58:03,912 [s0@group-D7B70F6236D3-StateMachineUpdater] INFO  impl.SimpleStateMachine4Testing (SimpleStateMachine4Testing.java:put(207)) - s0: put 85, m42 -> (t:1, i:85), STATEMACHINELOGENTRY, WRITE: logData.size=3, stateMachineData.size=17, logEntryProtoSerializedSize=0
2024-09-29 22:58:03,912 [timer0] WARN  server.GrpcLogAppender (GrpcLogAppender.java:timeoutAppendRequest(450)) - s2@group-64B60AA06307->s0-GrpcLogAppender: Timed out HEARTBEAT appendEntries, errorCount=2, request=AppendEntriesRequest:cid=528,entriesCount=0
2024-09-29 22:58:03,913 [s2@group-D7B70F6236D3-StateMachineUpdater] INFO  impl.SimpleStateMachine4Testing (SimpleStateMachine4Testing.java:applyTransaction(251)) - applyTransaction for log index 85
2024-09-29 22:58:03,913 [s2@group-D7B70F6236D3-StateMachineUpdater] INFO  impl.SimpleStateMachine4Testing (SimpleStateMachine4Testing.java:put(207)) - s2: put 85, m42 -> (t:1, i:85), STATEMACHINELOGENTRY, WRITE: logData.size=3, stateMachineData.size=17, logEntryProtoSerializedSize=0
2024-09-29 22:58:03,915 [s0@group-D7B70F6236D3-StateMachineUpdater] INFO  impl.SimpleStateMachine4Testing (SimpleStateMachine4Testing.java:applyTransaction(251)) - applyTransaction for log index 87
2024-09-29 22:58:03,915 [s0@group-D7B70F6236D3-StateMachineUpdater] INFO  impl.SimpleStateMachine4Testing (SimpleStateMachine4Testing.java:put(207)) - s0: put 87, m43 -> (t:1, i:87), STATEMACHINELOGENTRY, WRITE: logData.size=3, stateMachineData.size=17, logEntryProtoSerializedSize=0
2024-09-29 22:58:03,917 [timer1] WARN  server.GrpcLogAppender (GrpcLogAppender.java:timeoutAppendRequest(450)) - s2@group-64B60AA06307->s1-GrpcLogAppender: Timed out HEARTBEAT appendEntries, errorCount=2, request=AppendEntriesRequest:cid=545,entriesCount=0
2024-09-29 22:58:03,918 [s2@group-D7B70F6236D3-StateMachineUpdater] INFO  impl.SimpleStateMachine4Testing (SimpleStateMachine4Testing.java:applyTransaction(251)) - applyTransaction for log index 87
2024-09-29 22:58:03,918 [s2@group-D7B70F6236D3-StateMachineUpdater] INFO  impl.SimpleStateMachine4Testing (SimpleStateMachine4Testing.java:put(207)) - s2: put 87, m43 -> (t:1, i:87), STATEMACHINELOGENTRY, WRITE: logData.size=3, stateMachineData.size=17, logEntryProtoSerializedSize=0
2024-09-29 22:58:03,919 [s0@group-D7B70F6236D3-StateMachineUpdater] INFO  impl.SimpleStateMachine4Testing (SimpleStateMachine4Testing.java:applyTransaction(251)) - applyTransaction for log index 89
2024-09-29 22:58:03,919 [s0@group-D7B70F6236D3-StateMachineUpdater] INFO  impl.SimpleStateMachine4Testing (SimpleStateMachine4Testing.java:put(207)) - s0: put 89, m44 -> (t:1, i:89), STATEMACHINELOGENTRY, WRITE: logData.size=3, stateMachineData.size=17, logEntryProtoSerializedSize=0
2024-09-29 22:58:03,921 [s2@group-D7B70F6236D3-StateMachineUpdater] INFO  impl.SimpleStateMachine4Testing (SimpleStateMachine4Testing.java:applyTransaction(251)) - applyTransaction for log index 89
2024-09-29 22:58:03,921 [s2@group-D7B70F6236D3-StateMachineUpdater] INFO  impl.SimpleStateMachine4Testing (SimpleStateMachine4Testing.java:put(207)) - s2: put 89, m44 -> (t:1, i:89), STATEMACHINELOGENTRY, WRITE: logData.size=3, stateMachineData.size=17, logEntryProtoSerializedSize=0
2024-09-29 22:58:03,923 [s0@group-D7B70F6236D3-StateMachineUpdater] INFO  impl.SimpleStateMachine4Testing (SimpleStateMachine4Testing.java:applyTransaction(251)) - applyTransaction for log index 91
2024-09-29 22:58:03,923 [s0@group-D7B70F6236D3-StateMachineUpdater] INFO  impl.SimpleStateMachine4Testing (SimpleStateMachine4Testing.java:put(207)) - s0: put 91, m45 -> (t:1, i:91), STATEMACHINELOGENTRY, WRITE: logData.size=3, stateMachineData.size=17, logEntryProtoSerializedSize=0
2024-09-29 22:58:03,924 [s2@group-D7B70F6236D3-StateMachineUpdater] INFO  impl.SimpleStateMachine4Testing (SimpleStateMachine4Testing.java:applyTransaction(251)) - applyTransaction for log index 91
2024-09-29 22:58:03,924 [s2@group-D7B70F6236D3-StateMachineUpdater] INFO  impl.SimpleStateMachine4Testing (SimpleStateMachine4Testing.java:put(207)) - s2: put 91, m45 -> (t:1, i:91), STATEMACHINELOGENTRY, WRITE: logData.size=3, stateMachineData.size=17, logEntryProtoSerializedSize=0
2024-09-29 22:58:03,927 [s0@group-D7B70F6236D3-StateMachineUpdater] INFO  impl.SimpleStateMachine4Testing (SimpleStateMachine4Testing.java:applyTransaction(251)) - applyTransaction for log index 93
2024-09-29 22:58:03,927 [s0@group-D7B70F6236D3-StateMachineUpdater] INFO  impl.SimpleStateMachine4Testing (SimpleStateMachine4Testing.java:put(207)) - s0: put 93, m46 -> (t:1, i:93), STATEMACHINELOGENTRY, WRITE: logData.size=3, stateMachineData.size=17, logEntryProtoSerializedSize=0
2024-09-29 22:58:03,928 [s2@group-D7B70F6236D3-StateMachineUpdater] INFO  impl.SimpleStateMachine4Testing (SimpleStateMachine4Testing.java:applyTransaction(251)) - applyTransaction for log index 93
2024-09-29 22:58:03,928 [s2@group-D7B70F6236D3-StateMachineUpdater] INFO  impl.SimpleStateMachine4Testing (SimpleStateMachine4Testing.java:put(207)) - s2: put 93, m46 -> (t:1, i:93), STATEMACHINELOGENTRY, WRITE: logData.size=3, stateMachineData.size=17, logEntryProtoSerializedSize=0
2024-09-29 22:58:03,930 [s0@group-D7B70F6236D3-StateMachineUpdater] INFO  impl.SimpleStateMachine4Testing (SimpleStateMachine4Testing.java:applyTransaction(251)) - applyTransaction for log index 95
2024-09-29 22:58:03,930 [s0@group-D7B70F6236D3-StateMachineUpdater] INFO  impl.SimpleStateMachine4Testing (SimpleStateMachine4Testing.java:put(207)) - s0: put 95, m47 -> (t:1, i:95), STATEMACHINELOGENTRY, WRITE: logData.size=3, stateMachineData.size=17, logEntryProtoSerializedSize=0
2024-09-29 22:58:03,932 [s2@group-D7B70F6236D3-StateMachineUpdater] INFO  impl.SimpleStateMachine4Testing (SimpleStateMachine4Testing.java:applyTransaction(251)) - applyTransaction for log index 95
2024-09-29 22:58:03,932 [s2@group-D7B70F6236D3-StateMachineUpdater] INFO  impl.SimpleStateMachine4Testing (SimpleStateMachine4Testing.java:put(207)) - s2: put 95, m47 -> (t:1, i:95), STATEMACHINELOGENTRY, WRITE: logData.size=3, stateMachineData.size=17, logEntryProtoSerializedSize=0
2024-09-29 22:58:03,934 [s0@group-D7B70F6236D3-StateMachineUpdater] INFO  impl.SimpleStateMachine4Testing (SimpleStateMachine4Testing.java:applyTransaction(251)) - applyTransaction for log index 97
2024-09-29 22:58:03,934 [s0@group-D7B70F6236D3-StateMachineUpdater] INFO  impl.SimpleStateMachine4Testing (SimpleStateMachine4Testing.java:put(207)) - s0: put 97, m48 -> (t:1, i:97), STATEMACHINELOGENTRY, WRITE: logData.size=3, stateMachineData.size=17, logEntryProtoSerializedSize=0
2024-09-29 22:58:03,936 [s2@group-D7B70F6236D3-StateMachineUpdater] INFO  impl.SimpleStateMachine4Testing (SimpleStateMachine4Testing.java:applyTransaction(251)) - applyTransaction for log index 97
2024-09-29 22:58:03,936 [s2@group-D7B70F6236D3-StateMachineUpdater] INFO  impl.SimpleStateMachine4Testing (SimpleStateMachine4Testing.java:put(207)) - s2: put 97, m48 -> (t:1, i:97), STATEMACHINELOGENTRY, WRITE: logData.size=3, stateMachineData.size=17, logEntryProtoSerializedSize=0
2024-09-29 22:58:03,937 [s1@group-D7B70F6236D3-StateMachineUpdater] INFO  impl.SimpleStateMachine4Testing (SimpleStateMachine4Testing.java:applyTransaction(251)) - applyTransaction for log index 53
2024-09-29 22:58:03,937 [s1@group-D7B70F6236D3-StateMachineUpdater] INFO  impl.SimpleStateMachine4Testing (SimpleStateMachine4Testing.java:put(207)) - s1: put 53, m26 -> (t:1, i:53), STATEMACHINELOGENTRY, WRITE: logData.size=3, stateMachineData.size=17, logEntryProtoSerializedSize=0
2024-09-29 22:58:03,939 [s0@group-D7B70F6236D3-StateMachineUpdater] INFO  impl.SimpleStateMachine4Testing (SimpleStateMachine4Testing.java:applyTransaction(251)) - applyTransaction for log index 99
2024-09-29 22:58:03,939 [s0@group-D7B70F6236D3-StateMachineUpdater] INFO  impl.SimpleStateMachine4Testing (SimpleStateMachine4Testing.java:put(207)) - s0: put 99, m49 -> (t:1, i:99), STATEMACHINELOGENTRY, WRITE: logData.size=3, stateMachineData.size=17, logEntryProtoSerializedSize=0
2024-09-29 22:58:03,941 [s2@group-D7B70F6236D3-StateMachineUpdater] INFO  impl.SimpleStateMachine4Testing (SimpleStateMachine4Testing.java:applyTransaction(251)) - applyTransaction for log index 99
2024-09-29 22:58:03,941 [s2@group-D7B70F6236D3-StateMachineUpdater] INFO  impl.SimpleStateMachine4Testing (SimpleStateMachine4Testing.java:put(207)) - s2: put 99, m49 -> (t:1, i:99), STATEMACHINELOGENTRY, WRITE: logData.size=3, stateMachineData.size=17, logEntryProtoSerializedSize=0
2024-09-29 22:58:03,941 [s1@group-D7B70F6236D3-StateMachineUpdater] INFO  impl.SimpleStateMachine4Testing (SimpleStateMachine4Testing.java:applyTransaction(251)) - applyTransaction for log index 55
2024-09-29 22:58:03,941 [s1@group-D7B70F6236D3-StateMachineUpdater] INFO  impl.SimpleStateMachine4Testing (SimpleStateMachine4Testing.java:put(207)) - s1: put 55, m27 -> (t:1, i:55), STATEMACHINELOGENTRY, WRITE: logData.size=3, stateMachineData.size=17, logEntryProtoSerializedSize=0
2024-09-29 22:58:03,942 [s1@group-D7B70F6236D3-StateMachineUpdater] INFO  impl.SimpleStateMachine4Testing (SimpleStateMachine4Testing.java:applyTransaction(251)) - applyTransaction for log index 57
2024-09-29 22:58:03,942 [s1@group-D7B70F6236D3-StateMachineUpdater] INFO  impl.SimpleStateMachine4Testing (SimpleStateMachine4Testing.java:put(207)) - s1: put 57, m28 -> (t:1, i:57), STATEMACHINELOGENTRY, WRITE: logData.size=3, stateMachineData.size=17, logEntryProtoSerializedSize=0
2024-09-29 22:58:03,942 [s1@group-D7B70F6236D3-StateMachineUpdater] INFO  impl.SimpleStateMachine4Testing (SimpleStateMachine4Testing.java:applyTransaction(251)) - applyTransaction for log index 59
2024-09-29 22:58:03,942 [s1@group-D7B70F6236D3-StateMachineUpdater] INFO  impl.SimpleStateMachine4Testing (SimpleStateMachine4Testing.java:put(207)) - s1: put 59, m29 -> (t:1, i:59), STATEMACHINELOGENTRY, WRITE: logData.size=3, stateMachineData.size=17, logEntryProtoSerializedSize=0
2024-09-29 22:58:03,942 [s1@group-D7B70F6236D3-StateMachineUpdater] INFO  impl.SimpleStateMachine4Testing (SimpleStateMachine4Testing.java:applyTransaction(251)) - applyTransaction for log index 61
2024-09-29 22:58:03,942 [s1@group-D7B70F6236D3-StateMachineUpdater] INFO  impl.SimpleStateMachine4Testing (SimpleStateMachine4Testing.java:put(207)) - s1: put 61, m30 -> (t:1, i:61), STATEMACHINELOGENTRY, WRITE: logData.size=3, stateMachineData.size=17, logEntryProtoSerializedSize=0
2024-09-29 22:58:03,942 [s1@group-D7B70F6236D3-StateMachineUpdater] INFO  impl.SimpleStateMachine4Testing (SimpleStateMachine4Testing.java:applyTransaction(251)) - applyTransaction for log index 63
2024-09-29 22:58:03,942 [s1@group-D7B70F6236D3-StateMachineUpdater] INFO  impl.SimpleStateMachine4Testing (SimpleStateMachine4Testing.java:put(207)) - s1: put 63, m31 -> (t:1, i:63), STATEMACHINELOGENTRY, WRITE: logData.size=3, stateMachineData.size=17, logEntryProtoSerializedSize=0
2024-09-29 22:58:03,942 [s1@group-D7B70F6236D3-StateMachineUpdater] INFO  impl.SimpleStateMachine4Testing (SimpleStateMachine4Testing.java:applyTransaction(251)) - applyTransaction for log index 65
2024-09-29 22:58:03,942 [s1@group-D7B70F6236D3-StateMachineUpdater] INFO  impl.SimpleStateMachine4Testing (SimpleStateMachine4Testing.java:put(207)) - s1: put 65, m32 -> (t:1, i:65), STATEMACHINELOGENTRY, WRITE: logData.size=3, stateMachineData.size=17, logEntryProtoSerializedSize=0
2024-09-29 22:58:03,942 [s1@group-D7B70F6236D3-StateMachineUpdater] INFO  impl.SimpleStateMachine4Testing (SimpleStateMachine4Testing.java:applyTransaction(251)) - applyTransaction for log index 67
2024-09-29 22:58:03,943 [s1@group-D7B70F6236D3-StateMachineUpdater] INFO  impl.SimpleStateMachine4Testing (SimpleStateMachine4Testing.java:put(207)) - s1: put 67, m33 -> (t:1, i:67), STATEMACHINELOGENTRY, WRITE: logData.size=3, stateMachineData.size=17, logEntryProtoSerializedSize=0
2024-09-29 22:58:03,943 [s1@group-D7B70F6236D3-StateMachineUpdater] INFO  impl.SimpleStateMachine4Testing (SimpleStateMachine4Testing.java:applyTransaction(251)) - applyTransaction for log index 69
2024-09-29 22:58:03,943 [s1@group-D7B70F6236D3-StateMachineUpdater] INFO  impl.SimpleStateMachine4Testing (SimpleStateMachine4Testing.java:put(207)) - s1: put 69, m34 -> (t:1, i:69), STATEMACHINELOGENTRY, WRITE: logData.size=3, stateMachineData.size=17, logEntryProtoSerializedSize=0
2024-09-29 22:58:03,943 [s1@group-D7B70F6236D3-StateMachineUpdater] INFO  impl.SimpleStateMachine4Testing (SimpleStateMachine4Testing.java:applyTransaction(251)) - applyTransaction for log index 71
2024-09-29 22:58:03,943 [s1@group-D7B70F6236D3-StateMachineUpdater] INFO  impl.SimpleStateMachine4Testing (SimpleStateMachine4Testing.java:put(207)) - s1: put 71, m35 -> (t:1, i:71), STATEMACHINELOGENTRY, WRITE: logData.size=3, stateMachineData.size=17, logEntryProtoSerializedSize=0
2024-09-29 22:58:03,943 [s1@group-D7B70F6236D3-StateMachineUpdater] INFO  impl.SimpleStateMachine4Testing (SimpleStateMachine4Testing.java:applyTransaction(251)) - applyTransaction for log index 73
2024-09-29 22:58:03,943 [s1@group-D7B70F6236D3-StateMachineUpdater] INFO  impl.SimpleStateMachine4Testing (SimpleStateMachine4Testing.java:put(207)) - s1: put 73, m36 -> (t:1, i:73), STATEMACHINELOGENTRY, WRITE: logData.size=3, stateMachineData.size=17, logEntryProtoSerializedSize=0
2024-09-29 22:58:03,943 [s1@group-D7B70F6236D3-StateMachineUpdater] INFO  impl.SimpleStateMachine4Testing (SimpleStateMachine4Testing.java:applyTransaction(251)) - applyTransaction for log index 75
2024-09-29 22:58:03,943 [s1@group-D7B70F6236D3-StateMachineUpdater] INFO  impl.SimpleStateMachine4Testing (SimpleStateMachine4Testing.java:put(207)) - s1: put 75, m37 -> (t:1, i:75), STATEMACHINELOGENTRY, WRITE: logData.size=3, stateMachineData.size=17, logEntryProtoSerializedSize=0
2024-09-29 22:58:03,943 [s1@group-D7B70F6236D3-StateMachineUpdater] INFO  impl.SimpleStateMachine4Testing (SimpleStateMachine4Testing.java:applyTransaction(251)) - applyTransaction for log index 77
2024-09-29 22:58:03,943 [s1@group-D7B70F6236D3-StateMachineUpdater] INFO  impl.SimpleStateMachine4Testing (SimpleStateMachine4Testing.java:put(207)) - s1: put 77, m38 -> (t:1, i:77), STATEMACHINELOGENTRY, WRITE: logData.size=3, stateMachineData.size=17, logEntryProtoSerializedSize=0
2024-09-29 22:58:03,944 [s1@group-D7B70F6236D3-StateMachineUpdater] INFO  impl.SimpleStateMachine4Testing (SimpleStateMachine4Testing.java:applyTransaction(251)) - applyTransaction for log index 79
2024-09-29 22:58:03,944 [s1@group-D7B70F6236D3-StateMachineUpdater] INFO  impl.SimpleStateMachine4Testing (SimpleStateMachine4Testing.java:put(207)) - s1: put 79, m39 -> (t:1, i:79), STATEMACHINELOGENTRY, WRITE: logData.size=3, stateMachineData.size=17, logEntryProtoSerializedSize=0
2024-09-29 22:58:03,944 [s1@group-D7B70F6236D3-StateMachineUpdater] INFO  impl.SimpleStateMachine4Testing (SimpleStateMachine4Testing.java:applyTransaction(251)) - applyTransaction for log index 81
2024-09-29 22:58:03,944 [s1@group-D7B70F6236D3-StateMachineUpdater] INFO  impl.SimpleStateMachine4Testing (SimpleStateMachine4Testing.java:put(207)) - s1: put 81, m40 -> (t:1, i:81), STATEMACHINELOGENTRY, WRITE: logData.size=3, stateMachineData.size=17, logEntryProtoSerializedSize=0
2024-09-29 22:58:03,944 [s1@group-D7B70F6236D3-StateMachineUpdater] INFO  impl.SimpleStateMachine4Testing (SimpleStateMachine4Testing.java:applyTransaction(251)) - applyTransaction for log index 83
2024-09-29 22:58:03,944 [s1@group-D7B70F6236D3-StateMachineUpdater] INFO  impl.SimpleStateMachine4Testing (SimpleStateMachine4Testing.java:put(207)) - s1: put 83, m41 -> (t:1, i:83), STATEMACHINELOGENTRY, WRITE: logData.size=3, stateMachineData.size=17, logEntryProtoSerializedSize=0
2024-09-29 22:58:03,944 [s1@group-D7B70F6236D3-StateMachineUpdater] INFO  impl.SimpleStateMachine4Testing (SimpleStateMachine4Testing.java:applyTransaction(251)) - applyTransaction for log index 85
2024-09-29 22:58:03,944 [s1@group-D7B70F6236D3-StateMachineUpdater] INFO  impl.SimpleStateMachine4Testing (SimpleStateMachine4Testing.java:put(207)) - s1: put 85, m42 -> (t:1, i:85), STATEMACHINELOGENTRY, WRITE: logData.size=3, stateMachineData.size=17, logEntryProtoSerializedSize=0
2024-09-29 22:58:03,944 [s1@group-D7B70F6236D3-StateMachineUpdater] INFO  impl.SimpleStateMachine4Testing (SimpleStateMachine4Testing.java:applyTransaction(251)) - applyTransaction for log index 87
2024-09-29 22:58:03,944 [s1@group-D7B70F6236D3-StateMachineUpdater] INFO  impl.SimpleStateMachine4Testing (SimpleStateMachine4Testing.java:put(207)) - s1: put 87, m43 -> (t:1, i:87), STATEMACHINELOGENTRY, WRITE: logData.size=3, stateMachineData.size=17, logEntryProtoSerializedSize=0
2024-09-29 22:58:03,945 [s1@group-D7B70F6236D3-StateMachineUpdater] INFO  impl.SimpleStateMachine4Testing (SimpleStateMachine4Testing.java:applyTransaction(251)) - applyTransaction for log index 89
2024-09-29 22:58:03,945 [s1@group-D7B70F6236D3-StateMachineUpdater] INFO  impl.SimpleStateMachine4Testing (SimpleStateMachine4Testing.java:put(207)) - s1: put 89, m44 -> (t:1, i:89), STATEMACHINELOGENTRY, WRITE: logData.size=3, stateMachineData.size=17, logEntryProtoSerializedSize=0
2024-09-29 22:58:03,945 [s1@group-D7B70F6236D3-StateMachineUpdater] INFO  impl.SimpleStateMachine4Testing (SimpleStateMachine4Testing.java:applyTransaction(251)) - applyTransaction for log index 91
2024-09-29 22:58:03,945 [s1@group-D7B70F6236D3-StateMachineUpdater] INFO  impl.SimpleStateMachine4Testing (SimpleStateMachine4Testing.java:put(207)) - s1: put 91, m45 -> (t:1, i:91), STATEMACHINELOGENTRY, WRITE: logData.size=3, stateMachineData.size=17, logEntryProtoSerializedSize=0
2024-09-29 22:58:03,945 [s1@group-D7B70F6236D3-StateMachineUpdater] INFO  impl.SimpleStateMachine4Testing (SimpleStateMachine4Testing.java:applyTransaction(251)) - applyTransaction for log index 93
2024-09-29 22:58:03,945 [s1@group-D7B70F6236D3-StateMachineUpdater] INFO  impl.SimpleStateMachine4Testing (SimpleStateMachine4Testing.java:put(207)) - s1: put 93, m46 -> (t:1, i:93), STATEMACHINELOGENTRY, WRITE: logData.size=3, stateMachineData.size=17, logEntryProtoSerializedSize=0
2024-09-29 22:58:03,945 [s1@group-D7B70F6236D3-StateMachineUpdater] INFO  impl.SimpleStateMachine4Testing (SimpleStateMachine4Testing.java:applyTransaction(251)) - applyTransaction for log index 95
2024-09-29 22:58:03,945 [s1@group-D7B70F6236D3-StateMachineUpdater] INFO  impl.SimpleStateMachine4Testing (SimpleStateMachine4Testing.java:put(207)) - s1: put 95, m47 -> (t:1, i:95), STATEMACHINELOGENTRY, WRITE: logData.size=3, stateMachineData.size=17, logEntryProtoSerializedSize=0
2024-09-29 22:58:03,945 [s1@group-D7B70F6236D3-StateMachineUpdater] INFO  impl.SimpleStateMachine4Testing (SimpleStateMachine4Testing.java:applyTransaction(251)) - applyTransaction for log index 97
2024-09-29 22:58:03,945 [s1@group-D7B70F6236D3-StateMachineUpdater] INFO  impl.SimpleStateMachine4Testing (SimpleStateMachine4Testing.java:put(207)) - s1: put 97, m48 -> (t:1, i:97), STATEMACHINELOGENTRY, WRITE: logData.size=3, stateMachineData.size=17, logEntryProtoSerializedSize=0
2024-09-29 22:58:03,945 [s1@group-D7B70F6236D3-StateMachineUpdater] TRACE util.FileUtils (FileUtils.java:deleteFully(305)) - deleteFully /tmp/ratis-tests/statemachine/s1/snapshot/1_97
2024-09-29 22:58:03,946 [s1@group-D7B70F6236D3-StateMachineUpdater] TRACE util.FileUtils (FileUtils.java:deleteFully(318)) - deleteFully: /tmp/ratis-tests/statemachine/s1/snapshot/1_97 does not exist.
2024-09-29 22:58:03,946 [s1@group-D7B70F6236D3-StateMachineUpdater] TRACE util.FileUtils (FileUtils.java:deleteFully(305)) - deleteFully /tmp/ratis-tests/statemachine/s1/tmp/cdeb7026-b9b5-44c7-83fb-7b352907cf42
2024-09-29 22:58:03,946 [s1@group-D7B70F6236D3-StateMachineUpdater] TRACE util.FileUtils (FileUtils.java:deleteFully(318)) - deleteFully: /tmp/ratis-tests/statemachine/s1/tmp/cdeb7026-b9b5-44c7-83fb-7b352907cf42 does not exist.
2024-09-29 22:58:03,946 [s1@group-D7B70F6236D3-StateMachineUpdater] TRACE util.FileUtils (LogUtils.java:runAndLog(49)) - Successfully ran Atomic Files.move /tmp/ratis-tests/statemachine/s1/tmp/cdeb7026-b9b5-44c7-83fb-7b352907cf42 to /tmp/ratis-tests/statemachine/s1/snapshot/1_97
2024-09-29 22:58:03,946 [s1@group-D7B70F6236D3-StateMachineUpdater] INFO  impl.StateMachineUpdater (StateMachineUpdater.java:takeSnapshot(308)) - s1@group-D7B70F6236D3-StateMachineUpdater: Took a snapshot at index 97
2024-09-29 22:58:03,947 [s0@group-D7B70F6236D3-StateMachineUpdater] INFO  impl.SimpleStateMachine4Testing (SimpleStateMachine4Testing.java:applyTransaction(251)) - applyTransaction for log index 101
2024-09-29 22:58:03,947 [s0@group-D7B70F6236D3-StateMachineUpdater] INFO  impl.SimpleStateMachine4Testing (SimpleStateMachine4Testing.java:put(207)) - s0: put 101, m50 -> (t:1, i:101), STATEMACHINELOGENTRY, WRITE: logData.size=3, stateMachineData.size=17, logEntryProtoSerializedSize=0
2024-09-29 22:58:03,948 [s2@group-D7B70F6236D3-StateMachineUpdater] INFO  impl.SimpleStateMachine4Testing (SimpleStateMachine4Testing.java:applyTransaction(251)) - applyTransaction for log index 101
2024-09-29 22:58:03,948 [s2@group-D7B70F6236D3-StateMachineUpdater] INFO  impl.SimpleStateMachine4Testing (SimpleStateMachine4Testing.java:put(207)) - s2: put 101, m50 -> (t:1, i:101), STATEMACHINELOGENTRY, WRITE: logData.size=3, stateMachineData.size=17, logEntryProtoSerializedSize=0
2024-09-29 22:58:03,947 [s1@group-D7B70F6236D3-StateMachineUpdater] INFO  impl.StateMachineUpdater (StateMachineUpdater.java:lambda$new$0(102)) - s1@group-D7B70F6236D3-StateMachineUpdater: snapshotIndex: updateIncreasingly -1 -> 97
2024-09-29 22:58:03,949 [s1@group-D7B70F6236D3-StateMachineUpdater] INFO  raftlog.RaftLog (RaftLogBase.java:purge(329)) - s1@group-D7B70F6236D3-SegmentedRaftLog: purge 97
2024-09-29 22:58:03,949 [s1@group-D7B70F6236D3-StateMachineUpdater] INFO  raftlog.RaftLog (RaftLogBase.java:lambda$new$0(57)) - s1@group-D7B70F6236D3-SegmentedRaftLog: snapshotIndex: updateIncreasingly -1 -> 97
2024-09-29 22:58:03,949 [s1@group-D7B70F6236D3-StateMachineUpdater] INFO  raftlog.RaftLog (RaftLogBase.java:lambda$new$0(57)) - s1@group-D7B70F6236D3-SegmentedRaftLog: purgeIndex: updateToMax old=-1, new=97, updated? true
2024-09-29 22:58:03,949 [s1@group-D7B70F6236D3-StateMachineUpdater] INFO  impl.SimpleStateMachine4Testing (SimpleStateMachine4Testing.java:applyTransaction(251)) - applyTransaction for log index 99
2024-09-29 22:58:03,949 [s1@group-D7B70F6236D3-StateMachineUpdater] INFO  impl.SimpleStateMachine4Testing (SimpleStateMachine4Testing.java:put(207)) - s1: put 99, m49 -> (t:1, i:99), STATEMACHINELOGENTRY, WRITE: logData.size=3, stateMachineData.size=17, logEntryProtoSerializedSize=0
2024-09-29 22:58:03,949 [s1@group-D7B70F6236D3-StateMachineUpdater] INFO  impl.SimpleStateMachine4Testing (SimpleStateMachine4Testing.java:applyTransaction(251)) - applyTransaction for log index 101
2024-09-29 22:58:03,949 [s1@group-D7B70F6236D3-StateMachineUpdater] INFO  impl.SimpleStateMachine4Testing (SimpleStateMachine4Testing.java:put(207)) - s1: put 101, m50 -> (t:1, i:101), STATEMACHINELOGENTRY, WRITE: logData.size=3, stateMachineData.size=17, logEntryProtoSerializedSize=0
2024-09-29 22:58:03,950 [timer6] WARN  server.GrpcLogAppender (GrpcLogAppender.java:timeoutAppendRequest(450)) - s2@group-64B60AA06307->s0-GrpcLogAppender: Timed out HEARTBEAT appendEntries, errorCount=3, request=AppendEntriesRequest:cid=530,entriesCount=0
2024-09-29 22:58:03,950 [timer7] WARN  server.GrpcLogAppender (GrpcLogAppender.java:timeoutAppendRequest(450)) - s2@group-64B60AA06307->s1-GrpcLogAppender: Timed out appendEntries, errorCount=3, request=AppendEntriesRequest:cid=547,entriesCount=1,entry=(t:1, i:257)
2024-09-29 22:58:03,952 [s0@group-D7B70F6236D3-StateMachineUpdater] INFO  impl.SimpleStateMachine4Testing (SimpleStateMachine4Testing.java:applyTransaction(251)) - applyTransaction for log index 103
2024-09-29 22:58:03,952 [s0@group-D7B70F6236D3-StateMachineUpdater] INFO  impl.SimpleStateMachine4Testing (SimpleStateMachine4Testing.java:put(207)) - s0: put 103, m51 -> (t:1, i:103), STATEMACHINELOGENTRY, WRITE: logData.size=3, stateMachineData.size=17, logEntryProtoSerializedSize=0
2024-09-29 22:58:03,957 [timer1] WARN  server.GrpcLogAppender (GrpcLogAppender.java:timeoutAppendRequest(450)) - s2@group-64B60AA06307->s1-GrpcLogAppender: Timed out HEARTBEAT appendEntries, errorCount=4, request=AppendEntriesRequest:cid=548,entriesCount=0
2024-09-29 22:58:03,957 [s2@group-D7B70F6236D3-StateMachineUpdater] INFO  impl.SimpleStateMachine4Testing (SimpleStateMachine4Testing.java:applyTransaction(251)) - applyTransaction for log index 103
2024-09-29 22:58:03,957 [s1@group-D7B70F6236D3-StateMachineUpdater] INFO  impl.SimpleStateMachine4Testing (SimpleStateMachine4Testing.java:applyTransaction(251)) - applyTransaction for log index 103
2024-09-29 22:58:03,958 [s2@group-D7B70F6236D3-StateMachineUpdater] INFO  impl.SimpleStateMachine4Testing (SimpleStateMachine4Testing.java:put(207)) - s2: put 103, m51 -> (t:1, i:103), STATEMACHINELOGENTRY, WRITE: logData.size=3, stateMachineData.size=17, logEntryProtoSerializedSize=0
2024-09-29 22:58:03,958 [s1@group-D7B70F6236D3-StateMachineUpdater] INFO  impl.SimpleStateMachine4Testing (SimpleStateMachine4Testing.java:put(207)) - s1: put 103, m51 -> (t:1, i:103), STATEMACHINELOGENTRY, WRITE: logData.size=3, stateMachineData.size=17, logEntryProtoSerializedSize=0
2024-09-29 22:58:03,958 [s0@group-D7B70F6236D3-StateMachineUpdater] INFO  impl.SimpleStateMachine4Testing (SimpleStateMachine4Testing.java:applyTransaction(251)) - applyTransaction for log index 105
2024-09-29 22:58:03,958 [s0@group-D7B70F6236D3-StateMachineUpdater] INFO  impl.SimpleStateMachine4Testing (SimpleStateMachine4Testing.java:put(207)) - s0: put 105, m52 -> (t:1, i:105), STATEMACHINELOGENTRY, WRITE: logData.size=3, stateMachineData.size=17, logEntryProtoSerializedSize=0
2024-09-29 22:58:03,959 [s2@group-D7B70F6236D3-StateMachineUpdater] INFO  impl.SimpleStateMachine4Testing (SimpleStateMachine4Testing.java:applyTransaction(251)) - applyTransaction for log index 105
2024-09-29 22:58:03,959 [s2@group-D7B70F6236D3-StateMachineUpdater] INFO  impl.SimpleStateMachine4Testing (SimpleStateMachine4Testing.java:put(207)) - s2: put 105, m52 -> (t:1, i:105), STATEMACHINELOGENTRY, WRITE: logData.size=3, stateMachineData.size=17, logEntryProtoSerializedSize=0
2024-09-29 22:58:03,960 [s1@group-D7B70F6236D3-StateMachineUpdater] INFO  impl.SimpleStateMachine4Testing (SimpleStateMachine4Testing.java:applyTransaction(251)) - applyTransaction for log index 105
2024-09-29 22:58:03,960 [s1@group-D7B70F6236D3-StateMachineUpdater] INFO  impl.SimpleStateMachine4Testing (SimpleStateMachine4Testing.java:put(207)) - s1: put 105, m52 -> (t:1, i:105), STATEMACHINELOGENTRY, WRITE: logData.size=3, stateMachineData.size=17, logEntryProtoSerializedSize=0
2024-09-29 22:58:03,962 [s0@group-D7B70F6236D3-StateMachineUpdater] INFO  impl.SimpleStateMachine4Testing (SimpleStateMachine4Testing.java:applyTransaction(251)) - applyTransaction for log index 107
2024-09-29 22:58:03,962 [s0@group-D7B70F6236D3-StateMachineUpdater] INFO  impl.SimpleStateMachine4Testing (SimpleStateMachine4Testing.java:put(207)) - s0: put 107, m53 -> (t:1, i:107), STATEMACHINELOGENTRY, WRITE: logData.size=3, stateMachineData.size=17, logEntryProtoSerializedSize=0
2024-09-29 22:58:03,964 [s1@group-D7B70F6236D3-StateMachineUpdater] INFO  impl.SimpleStateMachine4Testing (SimpleStateMachine4Testing.java:applyTransaction(251)) - applyTransaction for log index 107
2024-09-29 22:58:03,964 [s1@group-D7B70F6236D3-StateMachineUpdater] INFO  impl.SimpleStateMachine4Testing (SimpleStateMachine4Testing.java:put(207)) - s1: put 107, m53 -> (t:1, i:107), STATEMACHINELOGENTRY, WRITE: logData.size=3, stateMachineData.size=17, logEntryProtoSerializedSize=0
2024-09-29 22:58:03,965 [s2@group-D7B70F6236D3-StateMachineUpdater] INFO  impl.SimpleStateMachine4Testing (SimpleStateMachine4Testing.java:applyTransaction(251)) - applyTransaction for log index 107
2024-09-29 22:58:03,965 [s2@group-D7B70F6236D3-StateMachineUpdater] INFO  impl.SimpleStateMachine4Testing (SimpleStateMachine4Testing.java:put(207)) - s2: put 107, m53 -> (t:1, i:107), STATEMACHINELOGENTRY, WRITE: logData.size=3, stateMachineData.size=17, logEntryProtoSerializedSize=0
2024-09-29 22:58:03,967 [s0@group-D7B70F6236D3-StateMachineUpdater] INFO  impl.SimpleStateMachine4Testing (SimpleStateMachine4Testing.java:applyTransaction(251)) - applyTransaction for log index 109
2024-09-29 22:58:03,967 [s0@group-D7B70F6236D3-StateMachineUpdater] INFO  impl.SimpleStateMachine4Testing (SimpleStateMachine4Testing.java:put(207)) - s0: put 109, m54 -> (t:1, i:109), STATEMACHINELOGENTRY, WRITE: logData.size=3, stateMachineData.size=17, logEntryProtoSerializedSize=0
2024-09-29 22:58:03,968 [s1@group-D7B70F6236D3-StateMachineUpdater] INFO  impl.SimpleStateMachine4Testing (SimpleStateMachine4Testing.java:applyTransaction(251)) - applyTransaction for log index 109
2024-09-29 22:58:03,968 [s1@group-D7B70F6236D3-StateMachineUpdater] INFO  impl.SimpleStateMachine4Testing (SimpleStateMachine4Testing.java:put(207)) - s1: put 109, m54 -> (t:1, i:109), STATEMACHINELOGENTRY, WRITE: logData.size=3, stateMachineData.size=17, logEntryProtoSerializedSize=0
2024-09-29 22:58:03,969 [s2@group-D7B70F6236D3-StateMachineUpdater] INFO  impl.SimpleStateMachine4Testing (SimpleStateMachine4Testing.java:applyTransaction(251)) - applyTransaction for log index 109
2024-09-29 22:58:03,969 [s2@group-D7B70F6236D3-StateMachineUpdater] INFO  impl.SimpleStateMachine4Testing (SimpleStateMachine4Testing.java:put(207)) - s2: put 109, m54 -> (t:1, i:109), STATEMACHINELOGENTRY, WRITE: logData.size=3, stateMachineData.size=17, logEntryProtoSerializedSize=0
2024-09-29 22:58:03,971 [s0@group-D7B70F6236D3-StateMachineUpdater] INFO  impl.SimpleStateMachine4Testing (SimpleStateMachine4Testing.java:applyTransaction(251)) - applyTransaction for log index 111
2024-09-29 22:58:03,971 [s0@group-D7B70F6236D3-StateMachineUpdater] INFO  impl.SimpleStateMachine4Testing (SimpleStateMachine4Testing.java:put(207)) - s0: put 111, m55 -> (t:1, i:111), STATEMACHINELOGENTRY, WRITE: logData.size=3, stateMachineData.size=17, logEntryProtoSerializedSize=0
2024-09-29 22:58:03,972 [s1@group-D7B70F6236D3-StateMachineUpdater] INFO  impl.SimpleStateMachine4Testing (SimpleStateMachine4Testing.java:applyTransaction(251)) - applyTransaction for log index 111
2024-09-29 22:58:03,972 [s1@group-D7B70F6236D3-StateMachineUpdater] INFO  impl.SimpleStateMachine4Testing (SimpleStateMachine4Testing.java:put(207)) - s1: put 111, m55 -> (t:1, i:111), STATEMACHINELOGENTRY, WRITE: logData.size=3, stateMachineData.size=17, logEntryProtoSerializedSize=0
2024-09-29 22:58:03,974 [s2@group-D7B70F6236D3-StateMachineUpdater] INFO  impl.SimpleStateMachine4Testing (SimpleStateMachine4Testing.java:applyTransaction(251)) - applyTransaction for log index 111
2024-09-29 22:58:03,974 [s2@group-D7B70F6236D3-StateMachineUpdater] INFO  impl.SimpleStateMachine4Testing (SimpleStateMachine4Testing.java:put(207)) - s2: put 111, m55 -> (t:1, i:111), STATEMACHINELOGENTRY, WRITE: logData.size=3, stateMachineData.size=17, logEntryProtoSerializedSize=0
2024-09-29 22:58:03,976 [s0@group-D7B70F6236D3-StateMachineUpdater] INFO  impl.SimpleStateMachine4Testing (SimpleStateMachine4Testing.java:applyTransaction(251)) - applyTransaction for log index 113
2024-09-29 22:58:03,976 [s0@group-D7B70F6236D3-StateMachineUpdater] INFO  impl.SimpleStateMachine4Testing (SimpleStateMachine4Testing.java:put(207)) - s0: put 113, m56 -> (t:1, i:113), STATEMACHINELOGENTRY, WRITE: logData.size=3, stateMachineData.size=17, logEntryProtoSerializedSize=0
2024-09-29 22:58:03,977 [s1@group-D7B70F6236D3-StateMachineUpdater] INFO  impl.SimpleStateMachine4Testing (SimpleStateMachine4Testing.java:applyTransaction(251)) - applyTransaction for log index 113
2024-09-29 22:58:03,977 [s1@group-D7B70F6236D3-StateMachineUpdater] INFO  impl.SimpleStateMachine4Testing (SimpleStateMachine4Testing.java:put(207)) - s1: put 113, m56 -> (t:1, i:113), STATEMACHINELOGENTRY, WRITE: logData.size=3, stateMachineData.size=17, logEntryProtoSerializedSize=0
2024-09-29 22:58:03,978 [s2@group-D7B70F6236D3-StateMachineUpdater] INFO  impl.SimpleStateMachine4Testing (SimpleStateMachine4Testing.java:applyTransaction(251)) - applyTransaction for log index 113
2024-09-29 22:58:03,978 [s2@group-D7B70F6236D3-StateMachineUpdater] INFO  impl.SimpleStateMachine4Testing (SimpleStateMachine4Testing.java:put(207)) - s2: put 113, m56 -> (t:1, i:113), STATEMACHINELOGENTRY, WRITE: logData.size=3, stateMachineData.size=17, logEntryProtoSerializedSize=0
2024-09-29 22:58:03,980 [s0@group-D7B70F6236D3-StateMachineUpdater] INFO  impl.SimpleStateMachine4Testing (SimpleStateMachine4Testing.java:applyTransaction(251)) - applyTransaction for log index 115
2024-09-29 22:58:03,980 [s0@group-D7B70F6236D3-StateMachineUpdater] INFO  impl.SimpleStateMachine4Testing (SimpleStateMachine4Testing.java:put(207)) - s0: put 115, m57 -> (t:1, i:115), STATEMACHINELOGENTRY, WRITE: logData.size=3, stateMachineData.size=17, logEntryProtoSerializedSize=0
2024-09-29 22:58:03,982 [s1@group-D7B70F6236D3-StateMachineUpdater] INFO  impl.SimpleStateMachine4Testing (SimpleStateMachine4Testing.java:applyTransaction(251)) - applyTransaction for log index 115
2024-09-29 22:58:03,982 [s1@group-D7B70F6236D3-StateMachineUpdater] INFO  impl.SimpleStateMachine4Testing (SimpleStateMachine4Testing.java:put(207)) - s1: put 115, m57 -> (t:1, i:115), STATEMACHINELOGENTRY, WRITE: logData.size=3, stateMachineData.size=17, logEntryProtoSerializedSize=0
2024-09-29 22:58:03,982 [s2@group-D7B70F6236D3-StateMachineUpdater] INFO  impl.SimpleStateMachine4Testing (SimpleStateMachine4Testing.java:applyTransaction(251)) - applyTransaction for log index 115
2024-09-29 22:58:03,982 [s2@group-D7B70F6236D3-StateMachineUpdater] INFO  impl.SimpleStateMachine4Testing (SimpleStateMachine4Testing.java:put(207)) - s2: put 115, m57 -> (t:1, i:115), STATEMACHINELOGENTRY, WRITE: logData.size=3, stateMachineData.size=17, logEntryProtoSerializedSize=0
2024-09-29 22:58:03,985 [s0@group-D7B70F6236D3-StateMachineUpdater] INFO  impl.SimpleStateMachine4Testing (SimpleStateMachine4Testing.java:applyTransaction(251)) - applyTransaction for log index 117
2024-09-29 22:58:03,985 [s0@group-D7B70F6236D3-StateMachineUpdater] INFO  impl.SimpleStateMachine4Testing (SimpleStateMachine4Testing.java:put(207)) - s0: put 117, m58 -> (t:1, i:117), STATEMACHINELOGENTRY, WRITE: logData.size=3, stateMachineData.size=17, logEntryProtoSerializedSize=0
2024-09-29 22:58:03,986 [s1@group-D7B70F6236D3-StateMachineUpdater] INFO  impl.SimpleStateMachine4Testing (SimpleStateMachine4Testing.java:applyTransaction(251)) - applyTransaction for log index 117
2024-09-29 22:58:03,986 [s1@group-D7B70F6236D3-StateMachineUpdater] INFO  impl.SimpleStateMachine4Testing (SimpleStateMachine4Testing.java:put(207)) - s1: put 117, m58 -> (t:1, i:117), STATEMACHINELOGENTRY, WRITE: logData.size=3, stateMachineData.size=17, logEntryProtoSerializedSize=0
2024-09-29 22:58:03,986 [s2@group-D7B70F6236D3-StateMachineUpdater] INFO  impl.SimpleStateMachine4Testing (SimpleStateMachine4Testing.java:applyTransaction(251)) - applyTransaction for log index 117
2024-09-29 22:58:03,986 [s2@group-D7B70F6236D3-StateMachineUpdater] INFO  impl.SimpleStateMachine4Testing (SimpleStateMachine4Testing.java:put(207)) - s2: put 117, m58 -> (t:1, i:117), STATEMACHINELOGENTRY, WRITE: logData.size=3, stateMachineData.size=17, logEntryProtoSerializedSize=0
2024-09-29 22:58:03,990 [s0@group-D7B70F6236D3-StateMachineUpdater] INFO  impl.SimpleStateMachine4Testing (SimpleStateMachine4Testing.java:applyTransaction(251)) - applyTransaction for log index 119
2024-09-29 22:58:03,990 [s0@group-D7B70F6236D3-StateMachineUpdater] INFO  impl.SimpleStateMachine4Testing (SimpleStateMachine4Testing.java:put(207)) - s0: put 119, m59 -> (t:1, i:119), STATEMACHINELOGENTRY, WRITE: logData.size=3, stateMachineData.size=17, logEntryProtoSerializedSize=0
2024-09-29 22:58:03,991 [s2@group-D7B70F6236D3-StateMachineUpdater] INFO  impl.SimpleStateMachine4Testing (SimpleStateMachine4Testing.java:applyTransaction(251)) - applyTransaction for log index 119
2024-09-29 22:58:03,991 [s1@group-D7B70F6236D3-StateMachineUpdater] INFO  impl.SimpleStateMachine4Testing (SimpleStateMachine4Testing.java:applyTransaction(251)) - applyTransaction for log index 119
2024-09-29 22:58:03,991 [s1@group-D7B70F6236D3-StateMachineUpdater] INFO  impl.SimpleStateMachine4Testing (SimpleStateMachine4Testing.java:put(207)) - s1: put 119, m59 -> (t:1, i:119), STATEMACHINELOGENTRY, WRITE: logData.size=3, stateMachineData.size=17, logEntryProtoSerializedSize=0
2024-09-29 22:58:03,991 [s2@group-D7B70F6236D3-StateMachineUpdater] INFO  impl.SimpleStateMachine4Testing (SimpleStateMachine4Testing.java:put(207)) - s2: put 119, m59 -> (t:1, i:119), STATEMACHINELOGENTRY, WRITE: logData.size=3, stateMachineData.size=17, logEntryProtoSerializedSize=0
2024-09-29 22:58:03,996 [s0@group-D7B70F6236D3-StateMachineUpdater] INFO  impl.SimpleStateMachine4Testing (SimpleStateMachine4Testing.java:applyTransaction(251)) - applyTransaction for log index 121
2024-09-29 22:58:03,996 [s0@group-D7B70F6236D3-StateMachineUpdater] INFO  impl.SimpleStateMachine4Testing (SimpleStateMachine4Testing.java:put(207)) - s0: put 121, m60 -> (t:1, i:121), STATEMACHINELOGENTRY, WRITE: logData.size=3, stateMachineData.size=17, logEntryProtoSerializedSize=0
2024-09-29 22:58:03,997 [timer7] WARN  server.GrpcLogAppender (GrpcLogAppender.java:timeoutAppendRequest(450)) - s2@group-64B60AA06307->s1-GrpcLogAppender: Timed out HEARTBEAT appendEntries, errorCount=5, request=AppendEntriesRequest:cid=554,entriesCount=0
2024-09-29 22:58:03,998 [timer0] WARN  server.GrpcLogAppender (GrpcLogAppender.java:timeoutAppendRequest(450)) - s2@group-64B60AA06307->s0-GrpcLogAppender: Timed out HEARTBEAT appendEntries, errorCount=1, request=AppendEntriesRequest:cid=0,entriesCount=0
2024-09-29 22:58:03,998 [s2@group-D7B70F6236D3-StateMachineUpdater] INFO  impl.SimpleStateMachine4Testing (SimpleStateMachine4Testing.java:applyTransaction(251)) - applyTransaction for log index 121
2024-09-29 22:58:03,998 [s2@group-D7B70F6236D3-StateMachineUpdater] INFO  impl.SimpleStateMachine4Testing (SimpleStateMachine4Testing.java:put(207)) - s2: put 121, m60 -> (t:1, i:121), STATEMACHINELOGENTRY, WRITE: logData.size=3, stateMachineData.size=17, logEntryProtoSerializedSize=0
2024-09-29 22:58:03,998 [s1@group-D7B70F6236D3-StateMachineUpdater] INFO  impl.SimpleStateMachine4Testing (SimpleStateMachine4Testing.java:applyTransaction(251)) - applyTransaction for log index 121
2024-09-29 22:58:03,998 [s1@group-D7B70F6236D3-StateMachineUpdater] INFO  impl.SimpleStateMachine4Testing (SimpleStateMachine4Testing.java:put(207)) - s1: put 121, m60 -> (t:1, i:121), STATEMACHINELOGENTRY, WRITE: logData.size=3, stateMachineData.size=17, logEntryProtoSerializedSize=0
2024-09-29 22:58:04,000 [s0@group-D7B70F6236D3-StateMachineUpdater] INFO  impl.SimpleStateMachine4Testing (SimpleStateMachine4Testing.java:applyTransaction(251)) - applyTransaction for log index 123
2024-09-29 22:58:04,000 [s0@group-D7B70F6236D3-StateMachineUpdater] INFO  impl.SimpleStateMachine4Testing (SimpleStateMachine4Testing.java:put(207)) - s0: put 123, m61 -> (t:1, i:123), STATEMACHINELOGENTRY, WRITE: logData.size=3, stateMachineData.size=17, logEntryProtoSerializedSize=0
2024-09-29 22:58:04,001 [s1@group-D7B70F6236D3-StateMachineUpdater] INFO  impl.SimpleStateMachine4Testing (SimpleStateMachine4Testing.java:applyTransaction(251)) - applyTransaction for log index 123
2024-09-29 22:58:04,001 [s1@group-D7B70F6236D3-StateMachineUpdater] INFO  impl.SimpleStateMachine4Testing (SimpleStateMachine4Testing.java:put(207)) - s1: put 123, m61 -> (t:1, i:123), STATEMACHINELOGENTRY, WRITE: logData.size=3, stateMachineData.size=17, logEntryProtoSerializedSize=0
2024-09-29 22:58:04,002 [s2@group-D7B70F6236D3-StateMachineUpdater] INFO  impl.SimpleStateMachine4Testing (SimpleStateMachine4Testing.java:applyTransaction(251)) - applyTransaction for log index 123
2024-09-29 22:58:04,002 [s2@group-D7B70F6236D3-StateMachineUpdater] INFO  impl.SimpleStateMachine4Testing (SimpleStateMachine4Testing.java:put(207)) - s2: put 123, m61 -> (t:1, i:123), STATEMACHINELOGENTRY, WRITE: logData.size=3, stateMachineData.size=17, logEntryProtoSerializedSize=0
2024-09-29 22:58:04,003 [timer1] WARN  server.GrpcLogAppender (GrpcLogAppender.java:timeoutAppendRequest(450)) - s2@group-64B60AA06307->s0-GrpcLogAppender: Timed out HEARTBEAT appendEntries, errorCount=1, request=AppendEntriesRequest:cid=0,entriesCount=0
2024-09-29 22:58:04,004 [s0@group-D7B70F6236D3-StateMachineUpdater] INFO  impl.SimpleStateMachine4Testing (SimpleStateMachine4Testing.java:applyTransaction(251)) - applyTransaction for log index 125
2024-09-29 22:58:04,005 [s0@group-D7B70F6236D3-StateMachineUpdater] INFO  impl.SimpleStateMachine4Testing (SimpleStateMachine4Testing.java:put(207)) - s0: put 125, m62 -> (t:1, i:125), STATEMACHINELOGENTRY, WRITE: logData.size=3, stateMachineData.size=17, logEntryProtoSerializedSize=0
2024-09-29 22:58:04,006 [s1@group-D7B70F6236D3-StateMachineUpdater] INFO  impl.SimpleStateMachine4Testing (SimpleStateMachine4Testing.java:applyTransaction(251)) - applyTransaction for log index 125
2024-09-29 22:58:04,006 [s1@group-D7B70F6236D3-StateMachineUpdater] INFO  impl.SimpleStateMachine4Testing (SimpleStateMachine4Testing.java:put(207)) - s1: put 125, m62 -> (t:1, i:125), STATEMACHINELOGENTRY, WRITE: logData.size=3, stateMachineData.size=17, logEntryProtoSerializedSize=0
2024-09-29 22:58:04,007 [s2@group-D7B70F6236D3-StateMachineUpdater] INFO  impl.SimpleStateMachine4Testing (SimpleStateMachine4Testing.java:applyTransaction(251)) - applyTransaction for log index 125
2024-09-29 22:58:04,007 [s2@group-D7B70F6236D3-StateMachineUpdater] INFO  impl.SimpleStateMachine4Testing (SimpleStateMachine4Testing.java:put(207)) - s2: put 125, m62 -> (t:1, i:125), STATEMACHINELOGENTRY, WRITE: logData.size=3, stateMachineData.size=17, logEntryProtoSerializedSize=0
2024-09-29 22:58:04,009 [s0@group-D7B70F6236D3-StateMachineUpdater] INFO  impl.SimpleStateMachine4Testing (SimpleStateMachine4Testing.java:applyTransaction(251)) - applyTransaction for log index 127
2024-09-29 22:58:04,009 [s0@group-D7B70F6236D3-StateMachineUpdater] INFO  impl.SimpleStateMachine4Testing (SimpleStateMachine4Testing.java:put(207)) - s0: put 127, m63 -> (t:1, i:127), STATEMACHINELOGENTRY, WRITE: logData.size=3, stateMachineData.size=17, logEntryProtoSerializedSize=0
2024-09-29 22:58:04,009 [s0@group-D7B70F6236D3-StateMachineUpdater] TRACE util.FileUtils (FileUtils.java:deleteFully(305)) - deleteFully /tmp/ratis-tests/statemachine/s0/snapshot/1_127
2024-09-29 22:58:04,009 [s0@group-D7B70F6236D3-StateMachineUpdater] TRACE util.FileUtils (FileUtils.java:deleteFully(318)) - deleteFully: /tmp/ratis-tests/statemachine/s0/snapshot/1_127 does not exist.
2024-09-29 22:58:04,009 [s0@group-D7B70F6236D3-StateMachineUpdater] TRACE util.FileUtils (FileUtils.java:deleteFully(305)) - deleteFully /tmp/ratis-tests/statemachine/s0/tmp/abf2c075-d9c2-48ff-b17d-3dd754d8383b
2024-09-29 22:58:04,009 [s0@group-D7B70F6236D3-StateMachineUpdater] TRACE util.FileUtils (FileUtils.java:deleteFully(318)) - deleteFully: /tmp/ratis-tests/statemachine/s0/tmp/abf2c075-d9c2-48ff-b17d-3dd754d8383b does not exist.
2024-09-29 22:58:04,010 [s0@group-D7B70F6236D3-StateMachineUpdater] TRACE util.FileUtils (LogUtils.java:runAndLog(49)) - Successfully ran Atomic Files.move /tmp/ratis-tests/statemachine/s0/tmp/abf2c075-d9c2-48ff-b17d-3dd754d8383b to /tmp/ratis-tests/statemachine/s0/snapshot/1_127
2024-09-29 22:58:04,010 [s0@group-D7B70F6236D3-StateMachineUpdater] INFO  impl.StateMachineUpdater (StateMachineUpdater.java:takeSnapshot(308)) - s0@group-D7B70F6236D3-StateMachineUpdater: Took a snapshot at index 127
2024-09-29 22:58:04,010 [s0@group-D7B70F6236D3-StateMachineUpdater] INFO  impl.StateMachineUpdater (StateMachineUpdater.java:lambda$new$0(102)) - s0@group-D7B70F6236D3-StateMachineUpdater: snapshotIndex: updateIncreasingly 63 -> 127
2024-09-29 22:58:04,010 [s0@group-D7B70F6236D3-StateMachineUpdater] INFO  raftlog.RaftLog (RaftLogBase.java:purge(329)) - s0@group-D7B70F6236D3-SegmentedRaftLog: purge 125
2024-09-29 22:58:04,010 [s2@group-D7B70F6236D3-StateMachineUpdater] INFO  impl.SimpleStateMachine4Testing (SimpleStateMachine4Testing.java:applyTransaction(251)) - applyTransaction for log index 127
2024-09-29 22:58:04,010 [s0@group-D7B70F6236D3-StateMachineUpdater] INFO  raftlog.RaftLog (RaftLogBase.java:lambda$new$0(57)) - s0@group-D7B70F6236D3-SegmentedRaftLog: snapshotIndex: updateIncreasingly 63 -> 127
2024-09-29 22:58:04,010 [s2@group-D7B70F6236D3-StateMachineUpdater] INFO  impl.SimpleStateMachine4Testing (SimpleStateMachine4Testing.java:put(207)) - s2: put 127, m63 -> (t:1, i:127), STATEMACHINELOGENTRY, WRITE: logData.size=3, stateMachineData.size=17, logEntryProtoSerializedSize=0
2024-09-29 22:58:04,010 [s2@group-D7B70F6236D3-StateMachineUpdater] TRACE util.FileUtils (FileUtils.java:deleteFully(305)) - deleteFully /tmp/ratis-tests/statemachine/s2/snapshot/1_127
2024-09-29 22:58:04,010 [s2@group-D7B70F6236D3-StateMachineUpdater] TRACE util.FileUtils (FileUtils.java:deleteFully(318)) - deleteFully: /tmp/ratis-tests/statemachine/s2/snapshot/1_127 does not exist.
2024-09-29 22:58:04,010 [s2@group-D7B70F6236D3-StateMachineUpdater] TRACE util.FileUtils (FileUtils.java:deleteFully(305)) - deleteFully /tmp/ratis-tests/statemachine/s2/tmp/75f601fc-4938-4b66-897f-4506bd45623f
2024-09-29 22:58:04,010 [s2@group-D7B70F6236D3-StateMachineUpdater] TRACE util.FileUtils (FileUtils.java:deleteFully(318)) - deleteFully: /tmp/ratis-tests/statemachine/s2/tmp/75f601fc-4938-4b66-897f-4506bd45623f does not exist.
2024-09-29 22:58:04,011 [s2@group-D7B70F6236D3-StateMachineUpdater] TRACE util.FileUtils (LogUtils.java:runAndLog(49)) - Successfully ran Atomic Files.move /tmp/ratis-tests/statemachine/s2/tmp/75f601fc-4938-4b66-897f-4506bd45623f to /tmp/ratis-tests/statemachine/s2/snapshot/1_127
2024-09-29 22:58:04,011 [s2@group-D7B70F6236D3-StateMachineUpdater] INFO  impl.StateMachineUpdater (StateMachineUpdater.java:takeSnapshot(308)) - s2@group-D7B70F6236D3-StateMachineUpdater: Took a snapshot at index 127
2024-09-29 22:58:04,011 [s2@group-D7B70F6236D3-StateMachineUpdater] INFO  impl.StateMachineUpdater (StateMachineUpdater.java:lambda$new$0(102)) - s2@group-D7B70F6236D3-StateMachineUpdater: snapshotIndex: updateIncreasingly 63 -> 127
2024-09-29 22:58:04,011 [s2@group-D7B70F6236D3-StateMachineUpdater] INFO  raftlog.RaftLog (RaftLogBase.java:purge(329)) - s2@group-D7B70F6236D3-SegmentedRaftLog: purge 126
2024-09-29 22:58:04,011 [s1@group-D7B70F6236D3-StateMachineUpdater] INFO  impl.SimpleStateMachine4Testing (SimpleStateMachine4Testing.java:applyTransaction(251)) - applyTransaction for log index 127
2024-09-29 22:58:04,010 [s0@group-D7B70F6236D3-StateMachineUpdater] INFO  raftlog.RaftLog (RaftLogBase.java:lambda$new$0(57)) - s0@group-D7B70F6236D3-SegmentedRaftLog: purgeIndex: updateToMax old=52, new=125, updated? true
2024-09-29 22:58:04,011 [s1@group-D7B70F6236D3-StateMachineUpdater] INFO  impl.SimpleStateMachine4Testing (SimpleStateMachine4Testing.java:put(207)) - s1: put 127, m63 -> (t:1, i:127), STATEMACHINELOGENTRY, WRITE: logData.size=3, stateMachineData.size=17, logEntryProtoSerializedSize=0
2024-09-29 22:58:04,011 [s2@group-D7B70F6236D3-StateMachineUpdater] INFO  raftlog.RaftLog (RaftLogBase.java:lambda$new$0(57)) - s2@group-D7B70F6236D3-SegmentedRaftLog: snapshotIndex: updateIncreasingly 63 -> 127
2024-09-29 22:58:04,011 [s2@group-D7B70F6236D3-StateMachineUpdater] INFO  raftlog.RaftLog (RaftLogBase.java:lambda$new$0(57)) - s2@group-D7B70F6236D3-SegmentedRaftLog: purgeIndex: updateToMax old=52, new=126, updated? true
2024-09-29 22:58:04,013 [s0@group-D7B70F6236D3-StateMachineUpdater] INFO  impl.SimpleStateMachine4Testing (SimpleStateMachine4Testing.java:applyTransaction(251)) - applyTransaction for log index 129
2024-09-29 22:58:04,013 [s0@group-D7B70F6236D3-StateMachineUpdater] INFO  impl.SimpleStateMachine4Testing (SimpleStateMachine4Testing.java:put(207)) - s0: put 129, m64 -> (t:1, i:129), STATEMACHINELOGENTRY, WRITE: logData.size=3, stateMachineData.size=17, logEntryProtoSerializedSize=0
2024-09-29 22:58:04,015 [s1@group-D7B70F6236D3-StateMachineUpdater] INFO  impl.SimpleStateMachine4Testing (SimpleStateMachine4Testing.java:applyTransaction(251)) - applyTransaction for log index 129
2024-09-29 22:58:04,015 [s1@group-D7B70F6236D3-StateMachineUpdater] INFO  impl.SimpleStateMachine4Testing (SimpleStateMachine4Testing.java:put(207)) - s1: put 129, m64 -> (t:1, i:129), STATEMACHINELOGENTRY, WRITE: logData.size=3, stateMachineData.size=17, logEntryProtoSerializedSize=0
2024-09-29 22:58:04,015 [s2@group-D7B70F6236D3-StateMachineUpdater] INFO  impl.SimpleStateMachine4Testing (SimpleStateMachine4Testing.java:applyTransaction(251)) - applyTransaction for log index 129
2024-09-29 22:58:04,015 [s2@group-D7B70F6236D3-StateMachineUpdater] INFO  impl.SimpleStateMachine4Testing (SimpleStateMachine4Testing.java:put(207)) - s2: put 129, m64 -> (t:1, i:129), STATEMACHINELOGENTRY, WRITE: logData.size=3, stateMachineData.size=17, logEntryProtoSerializedSize=0
2024-09-29 22:58:04,017 [s0@group-D7B70F6236D3-StateMachineUpdater] INFO  impl.SimpleStateMachine4Testing (SimpleStateMachine4Testing.java:applyTransaction(251)) - applyTransaction for log index 131
2024-09-29 22:58:04,017 [s0@group-D7B70F6236D3-StateMachineUpdater] INFO  impl.SimpleStateMachine4Testing (SimpleStateMachine4Testing.java:put(207)) - s0: put 131, m65 -> (t:1, i:131), STATEMACHINELOGENTRY, WRITE: logData.size=3, stateMachineData.size=17, logEntryProtoSerializedSize=0
2024-09-29 22:58:04,018 [s1@group-D7B70F6236D3-StateMachineUpdater] INFO  impl.SimpleStateMachine4Testing (SimpleStateMachine4Testing.java:applyTransaction(251)) - applyTransaction for log index 131
2024-09-29 22:58:04,018 [s1@group-D7B70F6236D3-StateMachineUpdater] INFO  impl.SimpleStateMachine4Testing (SimpleStateMachine4Testing.java:put(207)) - s1: put 131, m65 -> (t:1, i:131), STATEMACHINELOGENTRY, WRITE: logData.size=3, stateMachineData.size=17, logEntryProtoSerializedSize=0
2024-09-29 22:58:04,018 [timer3] WARN  server.GrpcLogAppender (GrpcLogAppender.java:timeoutAppendRequest(450)) - s2@group-64B60AA06307->s0-GrpcLogAppender: Timed out HEARTBEAT appendEntries, errorCount=1, request=AppendEntriesRequest:cid=0,entriesCount=0
2024-09-29 22:58:04,019 [s2@group-D7B70F6236D3-StateMachineUpdater] INFO  impl.SimpleStateMachine4Testing (SimpleStateMachine4Testing.java:applyTransaction(251)) - applyTransaction for log index 131
2024-09-29 22:58:04,019 [s2@group-D7B70F6236D3-StateMachineUpdater] INFO  impl.SimpleStateMachine4Testing (SimpleStateMachine4Testing.java:put(207)) - s2: put 131, m65 -> (t:1, i:131), STATEMACHINELOGENTRY, WRITE: logData.size=3, stateMachineData.size=17, logEntryProtoSerializedSize=0
2024-09-29 22:58:04,022 [s0@group-D7B70F6236D3-StateMachineUpdater] INFO  impl.SimpleStateMachine4Testing (SimpleStateMachine4Testing.java:applyTransaction(251)) - applyTransaction for log index 133
2024-09-29 22:58:04,022 [s0@group-D7B70F6236D3-StateMachineUpdater] INFO  impl.SimpleStateMachine4Testing (SimpleStateMachine4Testing.java:put(207)) - s0: put 133, m66 -> (t:1, i:133), STATEMACHINELOGENTRY, WRITE: logData.size=3, stateMachineData.size=17, logEntryProtoSerializedSize=0
2024-09-29 22:58:04,023 [s1@group-D7B70F6236D3-StateMachineUpdater] INFO  impl.SimpleStateMachine4Testing (SimpleStateMachine4Testing.java:applyTransaction(251)) - applyTransaction for log index 133
2024-09-29 22:58:04,023 [s1@group-D7B70F6236D3-StateMachineUpdater] INFO  impl.SimpleStateMachine4Testing (SimpleStateMachine4Testing.java:put(207)) - s1: put 133, m66 -> (t:1, i:133), STATEMACHINELOGENTRY, WRITE: logData.size=3, stateMachineData.size=17, logEntryProtoSerializedSize=0
2024-09-29 22:58:04,025 [s2@group-D7B70F6236D3-StateMachineUpdater] INFO  impl.SimpleStateMachine4Testing (SimpleStateMachine4Testing.java:applyTransaction(251)) - applyTransaction for log index 133
2024-09-29 22:58:04,025 [s2@group-D7B70F6236D3-StateMachineUpdater] INFO  impl.SimpleStateMachine4Testing (SimpleStateMachine4Testing.java:put(207)) - s2: put 133, m66 -> (t:1, i:133), STATEMACHINELOGENTRY, WRITE: logData.size=3, stateMachineData.size=17, logEntryProtoSerializedSize=0
2024-09-29 22:58:04,026 [s0@group-D7B70F6236D3-StateMachineUpdater] INFO  impl.SimpleStateMachine4Testing (SimpleStateMachine4Testing.java:applyTransaction(251)) - applyTransaction for log index 135
2024-09-29 22:58:04,026 [s0@group-D7B70F6236D3-StateMachineUpdater] INFO  impl.SimpleStateMachine4Testing (SimpleStateMachine4Testing.java:put(207)) - s0: put 135, m67 -> (t:1, i:135), STATEMACHINELOGENTRY, WRITE: logData.size=3, stateMachineData.size=17, logEntryProtoSerializedSize=0
2024-09-29 22:58:04,027 [s1@group-D7B70F6236D3-StateMachineUpdater] INFO  impl.SimpleStateMachine4Testing (SimpleStateMachine4Testing.java:applyTransaction(251)) - applyTransaction for log index 135
2024-09-29 22:58:04,028 [s1@group-D7B70F6236D3-StateMachineUpdater] INFO  impl.SimpleStateMachine4Testing (SimpleStateMachine4Testing.java:put(207)) - s1: put 135, m67 -> (t:1, i:135), STATEMACHINELOGENTRY, WRITE: logData.size=3, stateMachineData.size=17, logEntryProtoSerializedSize=0
2024-09-29 22:58:04,029 [s2@group-D7B70F6236D3-StateMachineUpdater] INFO  impl.SimpleStateMachine4Testing (SimpleStateMachine4Testing.java:applyTransaction(251)) - applyTransaction for log index 135
2024-09-29 22:58:04,029 [s2@group-D7B70F6236D3-StateMachineUpdater] INFO  impl.SimpleStateMachine4Testing (SimpleStateMachine4Testing.java:put(207)) - s2: put 135, m67 -> (t:1, i:135), STATEMACHINELOGENTRY, WRITE: logData.size=3, stateMachineData.size=17, logEntryProtoSerializedSize=0
2024-09-29 22:58:04,031 [s0@group-D7B70F6236D3-StateMachineUpdater] INFO  impl.SimpleStateMachine4Testing (SimpleStateMachine4Testing.java:applyTransaction(251)) - applyTransaction for log index 137
2024-09-29 22:58:04,031 [s0@group-D7B70F6236D3-StateMachineUpdater] INFO  impl.SimpleStateMachine4Testing (SimpleStateMachine4Testing.java:put(207)) - s0: put 137, m68 -> (t:1, i:137), STATEMACHINELOGENTRY, WRITE: logData.size=3, stateMachineData.size=17, logEntryProtoSerializedSize=0
2024-09-29 22:58:04,032 [s1@group-D7B70F6236D3-StateMachineUpdater] INFO  impl.SimpleStateMachine4Testing (SimpleStateMachine4Testing.java:applyTransaction(251)) - applyTransaction for log index 137
2024-09-29 22:58:04,032 [s1@group-D7B70F6236D3-StateMachineUpdater] INFO  impl.SimpleStateMachine4Testing (SimpleStateMachine4Testing.java:put(207)) - s1: put 137, m68 -> (t:1, i:137), STATEMACHINELOGENTRY, WRITE: logData.size=3, stateMachineData.size=17, logEntryProtoSerializedSize=0
2024-09-29 22:58:04,034 [s2@group-D7B70F6236D3-StateMachineUpdater] INFO  impl.SimpleStateMachine4Testing (SimpleStateMachine4Testing.java:applyTransaction(251)) - applyTransaction for log index 137
2024-09-29 22:58:04,034 [s2@group-D7B70F6236D3-StateMachineUpdater] INFO  impl.SimpleStateMachine4Testing (SimpleStateMachine4Testing.java:put(207)) - s2: put 137, m68 -> (t:1, i:137), STATEMACHINELOGENTRY, WRITE: logData.size=3, stateMachineData.size=17, logEntryProtoSerializedSize=0
2024-09-29 22:58:04,035 [s0@group-D7B70F6236D3-StateMachineUpdater] INFO  impl.SimpleStateMachine4Testing (SimpleStateMachine4Testing.java:applyTransaction(251)) - applyTransaction for log index 139
2024-09-29 22:58:04,035 [s0@group-D7B70F6236D3-StateMachineUpdater] INFO  impl.SimpleStateMachine4Testing (SimpleStateMachine4Testing.java:put(207)) - s0: put 139, m69 -> (t:1, i:139), STATEMACHINELOGENTRY, WRITE: logData.size=3, stateMachineData.size=17, logEntryProtoSerializedSize=0
2024-09-29 22:58:04,035 [timer6] WARN  server.GrpcLogAppender (GrpcLogAppender.java:timeoutAppendRequest(450)) - s2@group-64B60AA06307->s1-GrpcLogAppender: Timed out HEARTBEAT appendEntries, errorCount=6, request=AppendEntriesRequest:cid=557,entriesCount=0
2024-09-29 22:58:04,036 [s1@group-D7B70F6236D3-StateMachineUpdater] INFO  impl.SimpleStateMachine4Testing (SimpleStateMachine4Testing.java:applyTransaction(251)) - applyTransaction for log index 139
2024-09-29 22:58:04,036 [s1@group-D7B70F6236D3-StateMachineUpdater] INFO  impl.SimpleStateMachine4Testing (SimpleStateMachine4Testing.java:put(207)) - s1: put 139, m69 -> (t:1, i:139), STATEMACHINELOGENTRY, WRITE: logData.size=3, stateMachineData.size=17, logEntryProtoSerializedSize=0
2024-09-29 22:58:04,038 [s2@group-D7B70F6236D3-StateMachineUpdater] INFO  impl.SimpleStateMachine4Testing (SimpleStateMachine4Testing.java:applyTransaction(251)) - applyTransaction for log index 139
2024-09-29 22:58:04,038 [s2@group-D7B70F6236D3-StateMachineUpdater] INFO  impl.SimpleStateMachine4Testing (SimpleStateMachine4Testing.java:put(207)) - s2: put 139, m69 -> (t:1, i:139), STATEMACHINELOGENTRY, WRITE: logData.size=3, stateMachineData.size=17, logEntryProtoSerializedSize=0
2024-09-29 22:58:04,040 [timer0] WARN  server.GrpcLogAppender (GrpcLogAppender.java:timeoutAppendRequest(450)) - s2@group-64B60AA06307->s0-GrpcLogAppender: Timed out HEARTBEAT appendEntries, errorCount=1, request=AppendEntriesRequest:cid=0,entriesCount=0
2024-09-29 22:58:04,040 [s0@group-D7B70F6236D3-StateMachineUpdater] INFO  impl.SimpleStateMachine4Testing (SimpleStateMachine4Testing.java:applyTransaction(251)) - applyTransaction for log index 141
2024-09-29 22:58:04,040 [s0@group-D7B70F6236D3-StateMachineUpdater] INFO  impl.SimpleStateMachine4Testing (SimpleStateMachine4Testing.java:put(207)) - s0: put 141, m70 -> (t:1, i:141), STATEMACHINELOGENTRY, WRITE: logData.size=3, stateMachineData.size=17, logEntryProtoSerializedSize=0
2024-09-29 22:58:04,042 [s2@group-D7B70F6236D3-StateMachineUpdater] INFO  impl.SimpleStateMachine4Testing (SimpleStateMachine4Testing.java:applyTransaction(251)) - applyTransaction for log index 141
2024-09-29 22:58:04,042 [s2@group-D7B70F6236D3-StateMachineUpdater] INFO  impl.SimpleStateMachine4Testing (SimpleStateMachine4Testing.java:put(207)) - s2: put 141, m70 -> (t:1, i:141), STATEMACHINELOGENTRY, WRITE: logData.size=3, stateMachineData.size=17, logEntryProtoSerializedSize=0
2024-09-29 22:58:04,042 [s1@group-D7B70F6236D3-StateMachineUpdater] INFO  impl.SimpleStateMachine4Testing (SimpleStateMachine4Testing.java:applyTransaction(251)) - applyTransaction for log index 141
2024-09-29 22:58:04,042 [s1@group-D7B70F6236D3-StateMachineUpdater] INFO  impl.SimpleStateMachine4Testing (SimpleStateMachine4Testing.java:put(207)) - s1: put 141, m70 -> (t:1, i:141), STATEMACHINELOGENTRY, WRITE: logData.size=3, stateMachineData.size=17, logEntryProtoSerializedSize=0
2024-09-29 22:58:04,045 [s0@group-D7B70F6236D3-StateMachineUpdater] INFO  impl.SimpleStateMachine4Testing (SimpleStateMachine4Testing.java:applyTransaction(251)) - applyTransaction for log index 143
2024-09-29 22:58:04,045 [s0@group-D7B70F6236D3-StateMachineUpdater] INFO  impl.SimpleStateMachine4Testing (SimpleStateMachine4Testing.java:put(207)) - s0: put 143, m71 -> (t:1, i:143), STATEMACHINELOGENTRY, WRITE: logData.size=3, stateMachineData.size=17, logEntryProtoSerializedSize=0
2024-09-29 22:58:04,046 [s2@group-D7B70F6236D3-StateMachineUpdater] INFO  impl.SimpleStateMachine4Testing (SimpleStateMachine4Testing.java:applyTransaction(251)) - applyTransaction for log index 143
2024-09-29 22:58:04,046 [s2@group-D7B70F6236D3-StateMachineUpdater] INFO  impl.SimpleStateMachine4Testing (SimpleStateMachine4Testing.java:put(207)) - s2: put 143, m71 -> (t:1, i:143), STATEMACHINELOGENTRY, WRITE: logData.size=3, stateMachineData.size=17, logEntryProtoSerializedSize=0
2024-09-29 22:58:04,046 [s1@group-D7B70F6236D3-StateMachineUpdater] INFO  impl.SimpleStateMachine4Testing (SimpleStateMachine4Testing.java:applyTransaction(251)) - applyTransaction for log index 143
2024-09-29 22:58:04,047 [s1@group-D7B70F6236D3-StateMachineUpdater] INFO  impl.SimpleStateMachine4Testing (SimpleStateMachine4Testing.java:put(207)) - s1: put 143, m71 -> (t:1, i:143), STATEMACHINELOGENTRY, WRITE: logData.size=3, stateMachineData.size=17, logEntryProtoSerializedSize=0
2024-09-29 22:58:04,050 [s0@group-D7B70F6236D3-StateMachineUpdater] INFO  impl.SimpleStateMachine4Testing (SimpleStateMachine4Testing.java:applyTransaction(251)) - applyTransaction for log index 145
2024-09-29 22:58:04,050 [s0@group-D7B70F6236D3-StateMachineUpdater] INFO  impl.SimpleStateMachine4Testing (SimpleStateMachine4Testing.java:put(207)) - s0: put 145, m72 -> (t:1, i:145), STATEMACHINELOGENTRY, WRITE: logData.size=3, stateMachineData.size=17, logEntryProtoSerializedSize=0
2024-09-29 22:58:04,051 [s2@group-D7B70F6236D3-StateMachineUpdater] INFO  impl.SimpleStateMachine4Testing (SimpleStateMachine4Testing.java:applyTransaction(251)) - applyTransaction for log index 145
2024-09-29 22:58:04,051 [s1@group-D7B70F6236D3-StateMachineUpdater] INFO  impl.SimpleStateMachine4Testing (SimpleStateMachine4Testing.java:applyTransaction(251)) - applyTransaction for log index 145
2024-09-29 22:58:04,051 [s1@group-D7B70F6236D3-StateMachineUpdater] INFO  impl.SimpleStateMachine4Testing (SimpleStateMachine4Testing.java:put(207)) - s1: put 145, m72 -> (t:1, i:145), STATEMACHINELOGENTRY, WRITE: logData.size=3, stateMachineData.size=17, logEntryProtoSerializedSize=0
2024-09-29 22:58:04,051 [s2@group-D7B70F6236D3-StateMachineUpdater] INFO  impl.SimpleStateMachine4Testing (SimpleStateMachine4Testing.java:put(207)) - s2: put 145, m72 -> (t:1, i:145), STATEMACHINELOGENTRY, WRITE: logData.size=3, stateMachineData.size=17, logEntryProtoSerializedSize=0
2024-09-29 22:58:04,055 [s0@group-D7B70F6236D3-StateMachineUpdater] INFO  impl.SimpleStateMachine4Testing (SimpleStateMachine4Testing.java:applyTransaction(251)) - applyTransaction for log index 147
2024-09-29 22:58:04,055 [s0@group-D7B70F6236D3-StateMachineUpdater] INFO  impl.SimpleStateMachine4Testing (SimpleStateMachine4Testing.java:put(207)) - s0: put 147, m73 -> (t:1, i:147), STATEMACHINELOGENTRY, WRITE: logData.size=3, stateMachineData.size=17, logEntryProtoSerializedSize=0
2024-09-29 22:58:04,056 [s2@group-D7B70F6236D3-StateMachineUpdater] INFO  impl.SimpleStateMachine4Testing (SimpleStateMachine4Testing.java:applyTransaction(251)) - applyTransaction for log index 147
2024-09-29 22:58:04,056 [s2@group-D7B70F6236D3-StateMachineUpdater] INFO  impl.SimpleStateMachine4Testing (SimpleStateMachine4Testing.java:put(207)) - s2: put 147, m73 -> (t:1, i:147), STATEMACHINELOGENTRY, WRITE: logData.size=3, stateMachineData.size=17, logEntryProtoSerializedSize=0
2024-09-29 22:58:04,057 [s1@group-D7B70F6236D3-StateMachineUpdater] INFO  impl.SimpleStateMachine4Testing (SimpleStateMachine4Testing.java:applyTransaction(251)) - applyTransaction for log index 147
2024-09-29 22:58:04,057 [s1@group-D7B70F6236D3-StateMachineUpdater] INFO  impl.SimpleStateMachine4Testing (SimpleStateMachine4Testing.java:put(207)) - s1: put 147, m73 -> (t:1, i:147), STATEMACHINELOGENTRY, WRITE: logData.size=3, stateMachineData.size=17, logEntryProtoSerializedSize=0
2024-09-29 22:58:04,060 [s0@group-D7B70F6236D3-StateMachineUpdater] INFO  impl.SimpleStateMachine4Testing (SimpleStateMachine4Testing.java:applyTransaction(251)) - applyTransaction for log index 149
2024-09-29 22:58:04,060 [s0@group-D7B70F6236D3-StateMachineUpdater] INFO  impl.SimpleStateMachine4Testing (SimpleStateMachine4Testing.java:put(207)) - s0: put 149, m74 -> (t:1, i:149), STATEMACHINELOGENTRY, WRITE: logData.size=3, stateMachineData.size=17, logEntryProtoSerializedSize=0
2024-09-29 22:58:04,061 [timer2] WARN  server.GrpcLogAppender (GrpcLogAppender.java:timeoutAppendRequest(450)) - s2@group-64B60AA06307->s0-GrpcLogAppender: Timed out HEARTBEAT appendEntries, errorCount=1, request=AppendEntriesRequest:cid=0,entriesCount=0
2024-09-29 22:58:04,062 [s2@group-D7B70F6236D3-StateMachineUpdater] INFO  impl.SimpleStateMachine4Testing (SimpleStateMachine4Testing.java:applyTransaction(251)) - applyTransaction for log index 149
2024-09-29 22:58:04,062 [s2@group-D7B70F6236D3-StateMachineUpdater] INFO  impl.SimpleStateMachine4Testing (SimpleStateMachine4Testing.java:put(207)) - s2: put 149, m74 -> (t:1, i:149), STATEMACHINELOGENTRY, WRITE: logData.size=3, stateMachineData.size=17, logEntryProtoSerializedSize=0
2024-09-29 22:58:04,063 [s1@group-D7B70F6236D3-StateMachineUpdater] INFO  impl.SimpleStateMachine4Testing (SimpleStateMachine4Testing.java:applyTransaction(251)) - applyTransaction for log index 149
2024-09-29 22:58:04,063 [s1@group-D7B70F6236D3-StateMachineUpdater] INFO  impl.SimpleStateMachine4Testing (SimpleStateMachine4Testing.java:put(207)) - s1: put 149, m74 -> (t:1, i:149), STATEMACHINELOGENTRY, WRITE: logData.size=3, stateMachineData.size=17, logEntryProtoSerializedSize=0
2024-09-29 22:58:04,073 [timer4] WARN  server.GrpcLogAppender (GrpcLogAppender.java:timeoutAppendRequest(450)) - s2@group-64B60AA06307->s1-GrpcLogAppender: Timed out HEARTBEAT appendEntries, errorCount=7, request=AppendEntriesRequest:cid=560,entriesCount=0
2024-09-29 22:58:04,074 [timer5] WARN  server.GrpcLogAppender (GrpcLogAppender.java:timeoutAppendRequest(450)) - s2@group-64B60AA06307->s0-GrpcLogAppender: Timed out HEARTBEAT appendEntries, errorCount=1, request=AppendEntriesRequest:cid=0,entriesCount=0
2024-09-29 22:58:04,074 [s0@group-D7B70F6236D3-StateMachineUpdater] INFO  impl.SimpleStateMachine4Testing (SimpleStateMachine4Testing.java:applyTransaction(251)) - applyTransaction for log index 151
2024-09-29 22:58:04,074 [s0@group-D7B70F6236D3-StateMachineUpdater] INFO  impl.SimpleStateMachine4Testing (SimpleStateMachine4Testing.java:put(207)) - s0: put 151, m75 -> (t:1, i:151), STATEMACHINELOGENTRY, WRITE: logData.size=3, stateMachineData.size=17, logEntryProtoSerializedSize=0
2024-09-29 22:58:04,075 [s1@group-D7B70F6236D3-StateMachineUpdater] INFO  impl.SimpleStateMachine4Testing (SimpleStateMachine4Testing.java:applyTransaction(251)) - applyTransaction for log index 151
2024-09-29 22:58:04,075 [s1@group-D7B70F6236D3-StateMachineUpdater] INFO  impl.SimpleStateMachine4Testing (SimpleStateMachine4Testing.java:put(207)) - s1: put 151, m75 -> (t:1, i:151), STATEMACHINELOGENTRY, WRITE: logData.size=3, stateMachineData.size=17, logEntryProtoSerializedSize=0
2024-09-29 22:58:04,079 [s0@group-D7B70F6236D3-StateMachineUpdater] INFO  impl.SimpleStateMachine4Testing (SimpleStateMachine4Testing.java:applyTransaction(251)) - applyTransaction for log index 153
2024-09-29 22:58:04,079 [s0@group-D7B70F6236D3-StateMachineUpdater] INFO  impl.SimpleStateMachine4Testing (SimpleStateMachine4Testing.java:put(207)) - s0: put 153, m76 -> (t:1, i:153), STATEMACHINELOGENTRY, WRITE: logData.size=3, stateMachineData.size=17, logEntryProtoSerializedSize=0
2024-09-29 22:58:04,079 [s2@group-D7B70F6236D3-StateMachineUpdater] INFO  impl.SimpleStateMachine4Testing (SimpleStateMachine4Testing.java:applyTransaction(251)) - applyTransaction for log index 151
2024-09-29 22:58:04,079 [s2@group-D7B70F6236D3-StateMachineUpdater] INFO  impl.SimpleStateMachine4Testing (SimpleStateMachine4Testing.java:put(207)) - s2: put 151, m75 -> (t:1, i:151), STATEMACHINELOGENTRY, WRITE: logData.size=3, stateMachineData.size=17, logEntryProtoSerializedSize=0
2024-09-29 22:58:04,080 [s1@group-D7B70F6236D3-StateMachineUpdater] INFO  impl.SimpleStateMachine4Testing (SimpleStateMachine4Testing.java:applyTransaction(251)) - applyTransaction for log index 153
2024-09-29 22:58:04,080 [s1@group-D7B70F6236D3-StateMachineUpdater] INFO  impl.SimpleStateMachine4Testing (SimpleStateMachine4Testing.java:put(207)) - s1: put 153, m76 -> (t:1, i:153), STATEMACHINELOGENTRY, WRITE: logData.size=3, stateMachineData.size=17, logEntryProtoSerializedSize=0
2024-09-29 22:58:04,083 [s2@group-D7B70F6236D3-StateMachineUpdater] INFO  impl.SimpleStateMachine4Testing (SimpleStateMachine4Testing.java:applyTransaction(251)) - applyTransaction for log index 153
2024-09-29 22:58:04,083 [s2@group-D7B70F6236D3-StateMachineUpdater] INFO  impl.SimpleStateMachine4Testing (SimpleStateMachine4Testing.java:put(207)) - s2: put 153, m76 -> (t:1, i:153), STATEMACHINELOGENTRY, WRITE: logData.size=3, stateMachineData.size=17, logEntryProtoSerializedSize=0
2024-09-29 22:58:04,083 [s0@group-D7B70F6236D3-StateMachineUpdater] INFO  impl.SimpleStateMachine4Testing (SimpleStateMachine4Testing.java:applyTransaction(251)) - applyTransaction for log index 155
2024-09-29 22:58:04,084 [s0@group-D7B70F6236D3-StateMachineUpdater] INFO  impl.SimpleStateMachine4Testing (SimpleStateMachine4Testing.java:put(207)) - s0: put 155, m77 -> (t:1, i:155), STATEMACHINELOGENTRY, WRITE: logData.size=3, stateMachineData.size=17, logEntryProtoSerializedSize=0
2024-09-29 22:58:04,085 [s1@group-D7B70F6236D3-StateMachineUpdater] INFO  impl.SimpleStateMachine4Testing (SimpleStateMachine4Testing.java:applyTransaction(251)) - applyTransaction for log index 155
2024-09-29 22:58:04,085 [s1@group-D7B70F6236D3-StateMachineUpdater] INFO  impl.SimpleStateMachine4Testing (SimpleStateMachine4Testing.java:put(207)) - s1: put 155, m77 -> (t:1, i:155), STATEMACHINELOGENTRY, WRITE: logData.size=3, stateMachineData.size=17, logEntryProtoSerializedSize=0
2024-09-29 22:58:04,086 [s2@group-D7B70F6236D3-StateMachineUpdater] INFO  impl.SimpleStateMachine4Testing (SimpleStateMachine4Testing.java:applyTransaction(251)) - applyTransaction for log index 155
2024-09-29 22:58:04,086 [s2@group-D7B70F6236D3-StateMachineUpdater] INFO  impl.SimpleStateMachine4Testing (SimpleStateMachine4Testing.java:put(207)) - s2: put 155, m77 -> (t:1, i:155), STATEMACHINELOGENTRY, WRITE: logData.size=3, stateMachineData.size=17, logEntryProtoSerializedSize=0
2024-09-29 22:58:04,088 [timer7] WARN  server.GrpcLogAppender (GrpcLogAppender.java:timeoutAppendRequest(450)) - s2@group-64B60AA06307->s0-GrpcLogAppender: Timed out HEARTBEAT appendEntries, errorCount=1, request=AppendEntriesRequest:cid=0,entriesCount=0
2024-09-29 22:58:04,088 [s0@group-D7B70F6236D3-StateMachineUpdater] INFO  impl.SimpleStateMachine4Testing (SimpleStateMachine4Testing.java:applyTransaction(251)) - applyTransaction for log index 157
2024-09-29 22:58:04,088 [s0@group-D7B70F6236D3-StateMachineUpdater] INFO  impl.SimpleStateMachine4Testing (SimpleStateMachine4Testing.java:put(207)) - s0: put 157, m78 -> (t:1, i:157), STATEMACHINELOGENTRY, WRITE: logData.size=3, stateMachineData.size=17, logEntryProtoSerializedSize=0
2024-09-29 22:58:04,090 [s2@group-D7B70F6236D3-StateMachineUpdater] INFO  impl.SimpleStateMachine4Testing (SimpleStateMachine4Testing.java:applyTransaction(251)) - applyTransaction for log index 157
2024-09-29 22:58:04,090 [s2@group-D7B70F6236D3-StateMachineUpdater] INFO  impl.SimpleStateMachine4Testing (SimpleStateMachine4Testing.java:put(207)) - s2: put 157, m78 -> (t:1, i:157), STATEMACHINELOGENTRY, WRITE: logData.size=3, stateMachineData.size=17, logEntryProtoSerializedSize=0
2024-09-29 22:58:04,091 [s1@group-D7B70F6236D3-StateMachineUpdater] INFO  impl.SimpleStateMachine4Testing (SimpleStateMachine4Testing.java:applyTransaction(251)) - applyTransaction for log index 157
2024-09-29 22:58:04,091 [s1@group-D7B70F6236D3-StateMachineUpdater] INFO  impl.SimpleStateMachine4Testing (SimpleStateMachine4Testing.java:put(207)) - s1: put 157, m78 -> (t:1, i:157), STATEMACHINELOGENTRY, WRITE: logData.size=3, stateMachineData.size=17, logEntryProtoSerializedSize=0
2024-09-29 22:58:04,092 [s0@group-D7B70F6236D3-StateMachineUpdater] INFO  impl.SimpleStateMachine4Testing (SimpleStateMachine4Testing.java:applyTransaction(251)) - applyTransaction for log index 159
2024-09-29 22:58:04,092 [s0@group-D7B70F6236D3-StateMachineUpdater] INFO  impl.SimpleStateMachine4Testing (SimpleStateMachine4Testing.java:put(207)) - s0: put 159, m79 -> (t:1, i:159), STATEMACHINELOGENTRY, WRITE: logData.size=3, stateMachineData.size=17, logEntryProtoSerializedSize=0
2024-09-29 22:58:04,095 [s1@group-D7B70F6236D3-StateMachineUpdater] INFO  impl.SimpleStateMachine4Testing (SimpleStateMachine4Testing.java:applyTransaction(251)) - applyTransaction for log index 159
2024-09-29 22:58:04,095 [s1@group-D7B70F6236D3-StateMachineUpdater] INFO  impl.SimpleStateMachine4Testing (SimpleStateMachine4Testing.java:put(207)) - s1: put 159, m79 -> (t:1, i:159), STATEMACHINELOGENTRY, WRITE: logData.size=3, stateMachineData.size=17, logEntryProtoSerializedSize=0
2024-09-29 22:58:04,095 [s2@group-D7B70F6236D3-StateMachineUpdater] INFO  impl.SimpleStateMachine4Testing (SimpleStateMachine4Testing.java:applyTransaction(251)) - applyTransaction for log index 159
2024-09-29 22:58:04,095 [s2@group-D7B70F6236D3-StateMachineUpdater] INFO  impl.SimpleStateMachine4Testing (SimpleStateMachine4Testing.java:put(207)) - s2: put 159, m79 -> (t:1, i:159), STATEMACHINELOGENTRY, WRITE: logData.size=3, stateMachineData.size=17, logEntryProtoSerializedSize=0
2024-09-29 22:58:04,097 [s0@group-D7B70F6236D3-StateMachineUpdater] INFO  impl.SimpleStateMachine4Testing (SimpleStateMachine4Testing.java:applyTransaction(251)) - applyTransaction for log index 161
2024-09-29 22:58:04,097 [s0@group-D7B70F6236D3-StateMachineUpdater] INFO  impl.SimpleStateMachine4Testing (SimpleStateMachine4Testing.java:put(207)) - s0: put 161, m80 -> (t:1, i:161), STATEMACHINELOGENTRY, WRITE: logData.size=3, stateMachineData.size=17, logEntryProtoSerializedSize=0
2024-09-29 22:58:04,098 [s1@group-D7B70F6236D3-StateMachineUpdater] INFO  impl.SimpleStateMachine4Testing (SimpleStateMachine4Testing.java:applyTransaction(251)) - applyTransaction for log index 161
2024-09-29 22:58:04,098 [s1@group-D7B70F6236D3-StateMachineUpdater] INFO  impl.SimpleStateMachine4Testing (SimpleStateMachine4Testing.java:put(207)) - s1: put 161, m80 -> (t:1, i:161), STATEMACHINELOGENTRY, WRITE: logData.size=3, stateMachineData.size=17, logEntryProtoSerializedSize=0
2024-09-29 22:58:04,098 [s1@group-D7B70F6236D3-StateMachineUpdater] TRACE util.FileUtils (FileUtils.java:deleteFully(305)) - deleteFully /tmp/ratis-tests/statemachine/s1/snapshot/1_161
2024-09-29 22:58:04,098 [s1@group-D7B70F6236D3-StateMachineUpdater] TRACE util.FileUtils (FileUtils.java:deleteFully(318)) - deleteFully: /tmp/ratis-tests/statemachine/s1/snapshot/1_161 does not exist.
2024-09-29 22:58:04,098 [s1@group-D7B70F6236D3-StateMachineUpdater] TRACE util.FileUtils (FileUtils.java:deleteFully(305)) - deleteFully /tmp/ratis-tests/statemachine/s1/tmp/6fca367e-9f03-4a56-97ef-746be55c9dad
2024-09-29 22:58:04,098 [s1@group-D7B70F6236D3-StateMachineUpdater] TRACE util.FileUtils (FileUtils.java:deleteFully(318)) - deleteFully: /tmp/ratis-tests/statemachine/s1/tmp/6fca367e-9f03-4a56-97ef-746be55c9dad does not exist.
2024-09-29 22:58:04,098 [s1@group-D7B70F6236D3-StateMachineUpdater] TRACE util.FileUtils (LogUtils.java:runAndLog(49)) - Successfully ran Atomic Files.move /tmp/ratis-tests/statemachine/s1/tmp/6fca367e-9f03-4a56-97ef-746be55c9dad to /tmp/ratis-tests/statemachine/s1/snapshot/1_161
2024-09-29 22:58:04,098 [s1@group-D7B70F6236D3-StateMachineUpdater] INFO  impl.StateMachineUpdater (StateMachineUpdater.java:takeSnapshot(308)) - s1@group-D7B70F6236D3-StateMachineUpdater: Took a snapshot at index 161
2024-09-29 22:58:04,098 [s1@group-D7B70F6236D3-StateMachineUpdater] INFO  impl.StateMachineUpdater (StateMachineUpdater.java:lambda$new$0(102)) - s1@group-D7B70F6236D3-StateMachineUpdater: snapshotIndex: updateIncreasingly 97 -> 161
2024-09-29 22:58:04,099 [s1@group-D7B70F6236D3-StateMachineUpdater] INFO  raftlog.RaftLog (RaftLogBase.java:purge(329)) - s1@group-D7B70F6236D3-SegmentedRaftLog: purge 159
2024-09-29 22:58:04,099 [s1@group-D7B70F6236D3-StateMachineUpdater] INFO  raftlog.RaftLog (RaftLogBase.java:lambda$new$0(57)) - s1@group-D7B70F6236D3-SegmentedRaftLog: snapshotIndex: updateIncreasingly 97 -> 161
2024-09-29 22:58:04,099 [s1@group-D7B70F6236D3-StateMachineUpdater] INFO  raftlog.RaftLog (RaftLogBase.java:lambda$new$0(57)) - s1@group-D7B70F6236D3-SegmentedRaftLog: purgeIndex: updateToMax old=97, new=159, updated? true
2024-09-29 22:58:04,101 [s2@group-D7B70F6236D3-StateMachineUpdater] INFO  impl.SimpleStateMachine4Testing (SimpleStateMachine4Testing.java:applyTransaction(251)) - applyTransaction for log index 161
2024-09-29 22:58:04,101 [s2@group-D7B70F6236D3-StateMachineUpdater] INFO  impl.SimpleStateMachine4Testing (SimpleStateMachine4Testing.java:put(207)) - s2: put 161, m80 -> (t:1, i:161), STATEMACHINELOGENTRY, WRITE: logData.size=3, stateMachineData.size=17, logEntryProtoSerializedSize=0
2024-09-29 22:58:04,101 [s0@group-D7B70F6236D3-StateMachineUpdater] INFO  impl.SimpleStateMachine4Testing (SimpleStateMachine4Testing.java:applyTransaction(251)) - applyTransaction for log index 163
2024-09-29 22:58:04,102 [s0@group-D7B70F6236D3-StateMachineUpdater] INFO  impl.SimpleStateMachine4Testing (SimpleStateMachine4Testing.java:put(207)) - s0: put 163, m81 -> (t:1, i:163), STATEMACHINELOGENTRY, WRITE: logData.size=3, stateMachineData.size=17, logEntryProtoSerializedSize=0
2024-09-29 22:58:04,102 [timer1] WARN  server.GrpcLogAppender (GrpcLogAppender.java:timeoutAppendRequest(450)) - s2@group-64B60AA06307->s0-GrpcLogAppender: Timed out HEARTBEAT appendEntries, errorCount=1, request=AppendEntriesRequest:cid=0,entriesCount=0
2024-09-29 22:58:04,103 [s1@group-D7B70F6236D3-StateMachineUpdater] INFO  impl.SimpleStateMachine4Testing (SimpleStateMachine4Testing.java:applyTransaction(251)) - applyTransaction for log index 163
2024-09-29 22:58:04,103 [s1@group-D7B70F6236D3-StateMachineUpdater] INFO  impl.SimpleStateMachine4Testing (SimpleStateMachine4Testing.java:put(207)) - s1: put 163, m81 -> (t:1, i:163), STATEMACHINELOGENTRY, WRITE: logData.size=3, stateMachineData.size=17, logEntryProtoSerializedSize=0
2024-09-29 22:58:04,103 [s2@group-D7B70F6236D3-StateMachineUpdater] INFO  impl.SimpleStateMachine4Testing (SimpleStateMachine4Testing.java:applyTransaction(251)) - applyTransaction for log index 163
2024-09-29 22:58:04,103 [s2@group-D7B70F6236D3-StateMachineUpdater] INFO  impl.SimpleStateMachine4Testing (SimpleStateMachine4Testing.java:put(207)) - s2: put 163, m81 -> (t:1, i:163), STATEMACHINELOGENTRY, WRITE: logData.size=3, stateMachineData.size=17, logEntryProtoSerializedSize=0
2024-09-29 22:58:04,107 [timer3] WARN  server.GrpcLogAppender (GrpcLogAppender.java:timeoutAppendRequest(450)) - s2@group-64B60AA06307->s0-GrpcLogAppender: Timed out HEARTBEAT appendEntries, errorCount=1, request=AppendEntriesRequest:cid=0,entriesCount=0
2024-09-29 22:58:04,109 [s0@group-D7B70F6236D3-StateMachineUpdater] INFO  impl.SimpleStateMachine4Testing (SimpleStateMachine4Testing.java:applyTransaction(251)) - applyTransaction for log index 165
2024-09-29 22:58:04,109 [s0@group-D7B70F6236D3-StateMachineUpdater] INFO  impl.SimpleStateMachine4Testing (SimpleStateMachine4Testing.java:put(207)) - s0: put 165, m82 -> (t:1, i:165), STATEMACHINELOGENTRY, WRITE: logData.size=3, stateMachineData.size=17, logEntryProtoSerializedSize=0
2024-09-29 22:58:04,110 [s1@group-D7B70F6236D3-StateMachineUpdater] INFO  impl.SimpleStateMachine4Testing (SimpleStateMachine4Testing.java:applyTransaction(251)) - applyTransaction for log index 165
2024-09-29 22:58:04,110 [s1@group-D7B70F6236D3-StateMachineUpdater] INFO  impl.SimpleStateMachine4Testing (SimpleStateMachine4Testing.java:put(207)) - s1: put 165, m82 -> (t:1, i:165), STATEMACHINELOGENTRY, WRITE: logData.size=3, stateMachineData.size=17, logEntryProtoSerializedSize=0
2024-09-29 22:58:04,113 [timer4] WARN  server.GrpcLogAppender (GrpcLogAppender.java:timeoutAppendRequest(450)) - s2@group-64B60AA06307->s1-GrpcLogAppender: Timed out HEARTBEAT appendEntries, errorCount=8, request=AppendEntriesRequest:cid=563,entriesCount=0
2024-09-29 22:58:04,113 [s2@group-D7B70F6236D3-StateMachineUpdater] INFO  impl.SimpleStateMachine4Testing (SimpleStateMachine4Testing.java:applyTransaction(251)) - applyTransaction for log index 165
2024-09-29 22:58:04,113 [s2@group-D7B70F6236D3-StateMachineUpdater] INFO  impl.SimpleStateMachine4Testing (SimpleStateMachine4Testing.java:put(207)) - s2: put 165, m82 -> (t:1, i:165), STATEMACHINELOGENTRY, WRITE: logData.size=3, stateMachineData.size=17, logEntryProtoSerializedSize=0
2024-09-29 22:58:04,114 [s0@group-D7B70F6236D3-StateMachineUpdater] INFO  impl.SimpleStateMachine4Testing (SimpleStateMachine4Testing.java:applyTransaction(251)) - applyTransaction for log index 167
2024-09-29 22:58:04,114 [s0@group-D7B70F6236D3-StateMachineUpdater] INFO  impl.SimpleStateMachine4Testing (SimpleStateMachine4Testing.java:put(207)) - s0: put 167, m83 -> (t:1, i:167), STATEMACHINELOGENTRY, WRITE: logData.size=3, stateMachineData.size=17, logEntryProtoSerializedSize=0
2024-09-29 22:58:04,115 [s1@group-D7B70F6236D3-StateMachineUpdater] INFO  impl.SimpleStateMachine4Testing (SimpleStateMachine4Testing.java:applyTransaction(251)) - applyTransaction for log index 167
2024-09-29 22:58:04,115 [s1@group-D7B70F6236D3-StateMachineUpdater] INFO  impl.SimpleStateMachine4Testing (SimpleStateMachine4Testing.java:put(207)) - s1: put 167, m83 -> (t:1, i:167), STATEMACHINELOGENTRY, WRITE: logData.size=3, stateMachineData.size=17, logEntryProtoSerializedSize=0
2024-09-29 22:58:04,116 [s2@group-D7B70F6236D3-StateMachineUpdater] INFO  impl.SimpleStateMachine4Testing (SimpleStateMachine4Testing.java:applyTransaction(251)) - applyTransaction for log index 167
2024-09-29 22:58:04,116 [s2@group-D7B70F6236D3-StateMachineUpdater] INFO  impl.SimpleStateMachine4Testing (SimpleStateMachine4Testing.java:put(207)) - s2: put 167, m83 -> (t:1, i:167), STATEMACHINELOGENTRY, WRITE: logData.size=3, stateMachineData.size=17, logEntryProtoSerializedSize=0
2024-09-29 22:58:04,119 [s0@group-D7B70F6236D3-StateMachineUpdater] INFO  impl.SimpleStateMachine4Testing (SimpleStateMachine4Testing.java:applyTransaction(251)) - applyTransaction for log index 169
2024-09-29 22:58:04,119 [s0@group-D7B70F6236D3-StateMachineUpdater] INFO  impl.SimpleStateMachine4Testing (SimpleStateMachine4Testing.java:put(207)) - s0: put 169, m84 -> (t:1, i:169), STATEMACHINELOGENTRY, WRITE: logData.size=3, stateMachineData.size=17, logEntryProtoSerializedSize=0
2024-09-29 22:58:04,120 [s2@group-D7B70F6236D3-StateMachineUpdater] INFO  impl.SimpleStateMachine4Testing (SimpleStateMachine4Testing.java:applyTransaction(251)) - applyTransaction for log index 169
2024-09-29 22:58:04,120 [s2@group-D7B70F6236D3-StateMachineUpdater] INFO  impl.SimpleStateMachine4Testing (SimpleStateMachine4Testing.java:put(207)) - s2: put 169, m84 -> (t:1, i:169), STATEMACHINELOGENTRY, WRITE: logData.size=3, stateMachineData.size=17, logEntryProtoSerializedSize=0
2024-09-29 22:58:04,121 [s1@group-D7B70F6236D3-StateMachineUpdater] INFO  impl.SimpleStateMachine4Testing (SimpleStateMachine4Testing.java:applyTransaction(251)) - applyTransaction for log index 169
2024-09-29 22:58:04,121 [s1@group-D7B70F6236D3-StateMachineUpdater] INFO  impl.SimpleStateMachine4Testing (SimpleStateMachine4Testing.java:put(207)) - s1: put 169, m84 -> (t:1, i:169), STATEMACHINELOGENTRY, WRITE: logData.size=3, stateMachineData.size=17, logEntryProtoSerializedSize=0
2024-09-29 22:58:04,125 [s0@group-D7B70F6236D3-StateMachineUpdater] INFO  impl.SimpleStateMachine4Testing (SimpleStateMachine4Testing.java:applyTransaction(251)) - applyTransaction for log index 171
2024-09-29 22:58:04,125 [s0@group-D7B70F6236D3-StateMachineUpdater] INFO  impl.SimpleStateMachine4Testing (SimpleStateMachine4Testing.java:put(207)) - s0: put 171, m85 -> (t:1, i:171), STATEMACHINELOGENTRY, WRITE: logData.size=3, stateMachineData.size=17, logEntryProtoSerializedSize=0
2024-09-29 22:58:04,125 [timer6] WARN  server.GrpcLogAppender (GrpcLogAppender.java:timeoutAppendRequest(450)) - s2@group-64B60AA06307->s0-GrpcLogAppender: Timed out HEARTBEAT appendEntries, errorCount=1, request=AppendEntriesRequest:cid=0,entriesCount=0
2024-09-29 22:58:04,126 [s2@group-D7B70F6236D3-StateMachineUpdater] INFO  impl.SimpleStateMachine4Testing (SimpleStateMachine4Testing.java:applyTransaction(251)) - applyTransaction for log index 171
2024-09-29 22:58:04,127 [s2@group-D7B70F6236D3-StateMachineUpdater] INFO  impl.SimpleStateMachine4Testing (SimpleStateMachine4Testing.java:put(207)) - s2: put 171, m85 -> (t:1, i:171), STATEMACHINELOGENTRY, WRITE: logData.size=3, stateMachineData.size=17, logEntryProtoSerializedSize=0
2024-09-29 22:58:04,127 [s1@group-D7B70F6236D3-StateMachineUpdater] INFO  impl.SimpleStateMachine4Testing (SimpleStateMachine4Testing.java:applyTransaction(251)) - applyTransaction for log index 171
2024-09-29 22:58:04,127 [s1@group-D7B70F6236D3-StateMachineUpdater] INFO  impl.SimpleStateMachine4Testing (SimpleStateMachine4Testing.java:put(207)) - s1: put 171, m85 -> (t:1, i:171), STATEMACHINELOGENTRY, WRITE: logData.size=3, stateMachineData.size=17, logEntryProtoSerializedSize=0
2024-09-29 22:58:04,130 [s0@group-D7B70F6236D3-StateMachineUpdater] INFO  impl.SimpleStateMachine4Testing (SimpleStateMachine4Testing.java:applyTransaction(251)) - applyTransaction for log index 173
2024-09-29 22:58:04,130 [s0@group-D7B70F6236D3-StateMachineUpdater] INFO  impl.SimpleStateMachine4Testing (SimpleStateMachine4Testing.java:put(207)) - s0: put 173, m86 -> (t:1, i:173), STATEMACHINELOGENTRY, WRITE: logData.size=3, stateMachineData.size=17, logEntryProtoSerializedSize=0
2024-09-29 22:58:04,131 [s2@group-D7B70F6236D3-StateMachineUpdater] INFO  impl.SimpleStateMachine4Testing (SimpleStateMachine4Testing.java:applyTransaction(251)) - applyTransaction for log index 173
2024-09-29 22:58:04,131 [s2@group-D7B70F6236D3-StateMachineUpdater] INFO  impl.SimpleStateMachine4Testing (SimpleStateMachine4Testing.java:put(207)) - s2: put 173, m86 -> (t:1, i:173), STATEMACHINELOGENTRY, WRITE: logData.size=3, stateMachineData.size=17, logEntryProtoSerializedSize=0
2024-09-29 22:58:04,132 [s1@group-D7B70F6236D3-StateMachineUpdater] INFO  impl.SimpleStateMachine4Testing (SimpleStateMachine4Testing.java:applyTransaction(251)) - applyTransaction for log index 173
2024-09-29 22:58:04,132 [s1@group-D7B70F6236D3-StateMachineUpdater] INFO  impl.SimpleStateMachine4Testing (SimpleStateMachine4Testing.java:put(207)) - s1: put 173, m86 -> (t:1, i:173), STATEMACHINELOGENTRY, WRITE: logData.size=3, stateMachineData.size=17, logEntryProtoSerializedSize=0
2024-09-29 22:58:04,132 [timer1] WARN  server.GrpcLogAppender (GrpcLogAppender.java:timeoutAppendRequest(450)) - s2@group-64B60AA06307->s0-GrpcLogAppender: Timed out HEARTBEAT appendEntries, errorCount=1, request=AppendEntriesRequest:cid=0,entriesCount=0
2024-09-29 22:58:04,135 [s0@group-D7B70F6236D3-StateMachineUpdater] INFO  impl.SimpleStateMachine4Testing (SimpleStateMachine4Testing.java:applyTransaction(251)) - applyTransaction for log index 175
2024-09-29 22:58:04,135 [s0@group-D7B70F6236D3-StateMachineUpdater] INFO  impl.SimpleStateMachine4Testing (SimpleStateMachine4Testing.java:put(207)) - s0: put 175, m87 -> (t:1, i:175), STATEMACHINELOGENTRY, WRITE: logData.size=3, stateMachineData.size=17, logEntryProtoSerializedSize=0
2024-09-29 22:58:04,137 [s1@group-D7B70F6236D3-StateMachineUpdater] INFO  impl.SimpleStateMachine4Testing (SimpleStateMachine4Testing.java:applyTransaction(251)) - applyTransaction for log index 175
2024-09-29 22:58:04,137 [s1@group-D7B70F6236D3-StateMachineUpdater] INFO  impl.SimpleStateMachine4Testing (SimpleStateMachine4Testing.java:put(207)) - s1: put 175, m87 -> (t:1, i:175), STATEMACHINELOGENTRY, WRITE: logData.size=3, stateMachineData.size=17, logEntryProtoSerializedSize=0
2024-09-29 22:58:04,137 [timer3] WARN  server.GrpcLogAppender (GrpcLogAppender.java:timeoutAppendRequest(450)) - s2@group-64B60AA06307->s0-GrpcLogAppender: Timed out HEARTBEAT appendEntries, errorCount=1, request=AppendEntriesRequest:cid=0,entriesCount=0
2024-09-29 22:58:04,138 [s2@group-D7B70F6236D3-StateMachineUpdater] INFO  impl.SimpleStateMachine4Testing (SimpleStateMachine4Testing.java:applyTransaction(251)) - applyTransaction for log index 175
2024-09-29 22:58:04,138 [s2@group-D7B70F6236D3-StateMachineUpdater] INFO  impl.SimpleStateMachine4Testing (SimpleStateMachine4Testing.java:put(207)) - s2: put 175, m87 -> (t:1, i:175), STATEMACHINELOGENTRY, WRITE: logData.size=3, stateMachineData.size=17, logEntryProtoSerializedSize=0
2024-09-29 22:58:04,141 [s0@group-D7B70F6236D3-StateMachineUpdater] INFO  impl.SimpleStateMachine4Testing (SimpleStateMachine4Testing.java:applyTransaction(251)) - applyTransaction for log index 177
2024-09-29 22:58:04,141 [s0@group-D7B70F6236D3-StateMachineUpdater] INFO  impl.SimpleStateMachine4Testing (SimpleStateMachine4Testing.java:put(207)) - s0: put 177, m88 -> (t:1, i:177), STATEMACHINELOGENTRY, WRITE: logData.size=3, stateMachineData.size=17, logEntryProtoSerializedSize=0
2024-09-29 22:58:04,142 [s1@group-D7B70F6236D3-StateMachineUpdater] INFO  impl.SimpleStateMachine4Testing (SimpleStateMachine4Testing.java:applyTransaction(251)) - applyTransaction for log index 177
2024-09-29 22:58:04,143 [s1@group-D7B70F6236D3-StateMachineUpdater] INFO  impl.SimpleStateMachine4Testing (SimpleStateMachine4Testing.java:put(207)) - s1: put 177, m88 -> (t:1, i:177), STATEMACHINELOGENTRY, WRITE: logData.size=3, stateMachineData.size=17, logEntryProtoSerializedSize=0
2024-09-29 22:58:04,144 [s2@group-D7B70F6236D3-StateMachineUpdater] INFO  impl.SimpleStateMachine4Testing (SimpleStateMachine4Testing.java:applyTransaction(251)) - applyTransaction for log index 177
2024-09-29 22:58:04,144 [s2@group-D7B70F6236D3-StateMachineUpdater] INFO  impl.SimpleStateMachine4Testing (SimpleStateMachine4Testing.java:put(207)) - s2: put 177, m88 -> (t:1, i:177), STATEMACHINELOGENTRY, WRITE: logData.size=3, stateMachineData.size=17, logEntryProtoSerializedSize=0
2024-09-29 22:58:04,145 [s0@group-D7B70F6236D3-StateMachineUpdater] INFO  impl.SimpleStateMachine4Testing (SimpleStateMachine4Testing.java:applyTransaction(251)) - applyTransaction for log index 179
2024-09-29 22:58:04,145 [s0@group-D7B70F6236D3-StateMachineUpdater] INFO  impl.SimpleStateMachine4Testing (SimpleStateMachine4Testing.java:put(207)) - s0: put 179, m89 -> (t:1, i:179), STATEMACHINELOGENTRY, WRITE: logData.size=3, stateMachineData.size=17, logEntryProtoSerializedSize=0
2024-09-29 22:58:04,146 [s2@group-D7B70F6236D3-StateMachineUpdater] INFO  impl.SimpleStateMachine4Testing (SimpleStateMachine4Testing.java:applyTransaction(251)) - applyTransaction for log index 179
2024-09-29 22:58:04,146 [s2@group-D7B70F6236D3-StateMachineUpdater] INFO  impl.SimpleStateMachine4Testing (SimpleStateMachine4Testing.java:put(207)) - s2: put 179, m89 -> (t:1, i:179), STATEMACHINELOGENTRY, WRITE: logData.size=3, stateMachineData.size=17, logEntryProtoSerializedSize=0
2024-09-29 22:58:04,148 [s1@group-D7B70F6236D3-StateMachineUpdater] INFO  impl.SimpleStateMachine4Testing (SimpleStateMachine4Testing.java:applyTransaction(251)) - applyTransaction for log index 179
2024-09-29 22:58:04,148 [s1@group-D7B70F6236D3-StateMachineUpdater] INFO  impl.SimpleStateMachine4Testing (SimpleStateMachine4Testing.java:put(207)) - s1: put 179, m89 -> (t:1, i:179), STATEMACHINELOGENTRY, WRITE: logData.size=3, stateMachineData.size=17, logEntryProtoSerializedSize=0
2024-09-29 22:58:04,148 [timer5] WARN  server.GrpcLogAppender (GrpcLogAppender.java:timeoutAppendRequest(450)) - s2@group-64B60AA06307->s0-GrpcLogAppender: Timed out HEARTBEAT appendEntries, errorCount=1, request=AppendEntriesRequest:cid=0,entriesCount=0
2024-09-29 22:58:04,150 [s0@group-D7B70F6236D3-StateMachineUpdater] INFO  impl.SimpleStateMachine4Testing (SimpleStateMachine4Testing.java:applyTransaction(251)) - applyTransaction for log index 181
2024-09-29 22:58:04,150 [s0@group-D7B70F6236D3-StateMachineUpdater] INFO  impl.SimpleStateMachine4Testing (SimpleStateMachine4Testing.java:put(207)) - s0: put 181, m90 -> (t:1, i:181), STATEMACHINELOGENTRY, WRITE: logData.size=3, stateMachineData.size=17, logEntryProtoSerializedSize=0
2024-09-29 22:58:04,152 [s2@group-D7B70F6236D3-StateMachineUpdater] INFO  impl.SimpleStateMachine4Testing (SimpleStateMachine4Testing.java:applyTransaction(251)) - applyTransaction for log index 181
2024-09-29 22:58:04,152 [s2@group-D7B70F6236D3-StateMachineUpdater] INFO  impl.SimpleStateMachine4Testing (SimpleStateMachine4Testing.java:put(207)) - s2: put 181, m90 -> (t:1, i:181), STATEMACHINELOGENTRY, WRITE: logData.size=3, stateMachineData.size=17, logEntryProtoSerializedSize=0
2024-09-29 22:58:04,152 [timer6] WARN  server.GrpcLogAppender (GrpcLogAppender.java:timeoutAppendRequest(450)) - s2@group-64B60AA06307->s1-GrpcLogAppender: Timed out HEARTBEAT appendEntries, errorCount=9, request=AppendEntriesRequest:cid=567,entriesCount=0
2024-09-29 22:58:04,153 [s1@group-D7B70F6236D3-StateMachineUpdater] INFO  impl.SimpleStateMachine4Testing (SimpleStateMachine4Testing.java:applyTransaction(251)) - applyTransaction for log index 181
2024-09-29 22:58:04,153 [s1@group-D7B70F6236D3-StateMachineUpdater] INFO  impl.SimpleStateMachine4Testing (SimpleStateMachine4Testing.java:put(207)) - s1: put 181, m90 -> (t:1, i:181), STATEMACHINELOGENTRY, WRITE: logData.size=3, stateMachineData.size=17, logEntryProtoSerializedSize=0
2024-09-29 22:58:04,155 [s0@group-D7B70F6236D3-StateMachineUpdater] INFO  impl.SimpleStateMachine4Testing (SimpleStateMachine4Testing.java:applyTransaction(251)) - applyTransaction for log index 183
2024-09-29 22:58:04,155 [s0@group-D7B70F6236D3-StateMachineUpdater] INFO  impl.SimpleStateMachine4Testing (SimpleStateMachine4Testing.java:put(207)) - s0: put 183, m91 -> (t:1, i:183), STATEMACHINELOGENTRY, WRITE: logData.size=3, stateMachineData.size=17, logEntryProtoSerializedSize=0
2024-09-29 22:58:04,156 [s1@group-D7B70F6236D3-StateMachineUpdater] INFO  impl.SimpleStateMachine4Testing (SimpleStateMachine4Testing.java:applyTransaction(251)) - applyTransaction for log index 183
2024-09-29 22:58:04,156 [s1@group-D7B70F6236D3-StateMachineUpdater] INFO  impl.SimpleStateMachine4Testing (SimpleStateMachine4Testing.java:put(207)) - s1: put 183, m91 -> (t:1, i:183), STATEMACHINELOGENTRY, WRITE: logData.size=3, stateMachineData.size=17, logEntryProtoSerializedSize=0
2024-09-29 22:58:04,156 [timer0] WARN  server.GrpcLogAppender (GrpcLogAppender.java:timeoutAppendRequest(450)) - s2@group-64B60AA06307->s0-GrpcLogAppender: Timed out HEARTBEAT appendEntries, errorCount=1, request=AppendEntriesRequest:cid=0,entriesCount=0
2024-09-29 22:58:04,157 [s2@group-D7B70F6236D3-StateMachineUpdater] INFO  impl.SimpleStateMachine4Testing (SimpleStateMachine4Testing.java:applyTransaction(251)) - applyTransaction for log index 183
2024-09-29 22:58:04,157 [s2@group-D7B70F6236D3-StateMachineUpdater] INFO  impl.SimpleStateMachine4Testing (SimpleStateMachine4Testing.java:put(207)) - s2: put 183, m91 -> (t:1, i:183), STATEMACHINELOGENTRY, WRITE: logData.size=3, stateMachineData.size=17, logEntryProtoSerializedSize=0
2024-09-29 22:58:04,158 [s0@group-D7B70F6236D3-StateMachineUpdater] INFO  impl.SimpleStateMachine4Testing (SimpleStateMachine4Testing.java:applyTransaction(251)) - applyTransaction for log index 185
2024-09-29 22:58:04,158 [s0@group-D7B70F6236D3-StateMachineUpdater] INFO  impl.SimpleStateMachine4Testing (SimpleStateMachine4Testing.java:put(207)) - s0: put 185, m92 -> (t:1, i:185), STATEMACHINELOGENTRY, WRITE: logData.size=3, stateMachineData.size=17, logEntryProtoSerializedSize=0
2024-09-29 22:58:04,159 [s1@group-D7B70F6236D3-StateMachineUpdater] INFO  impl.SimpleStateMachine4Testing (SimpleStateMachine4Testing.java:applyTransaction(251)) - applyTransaction for log index 185
2024-09-29 22:58:04,160 [s1@group-D7B70F6236D3-StateMachineUpdater] INFO  impl.SimpleStateMachine4Testing (SimpleStateMachine4Testing.java:put(207)) - s1: put 185, m92 -> (t:1, i:185), STATEMACHINELOGENTRY, WRITE: logData.size=3, stateMachineData.size=17, logEntryProtoSerializedSize=0
2024-09-29 22:58:04,162 [s0@group-D7B70F6236D3-StateMachineUpdater] INFO  impl.SimpleStateMachine4Testing (SimpleStateMachine4Testing.java:applyTransaction(251)) - applyTransaction for log index 187
2024-09-29 22:58:04,162 [s0@group-D7B70F6236D3-StateMachineUpdater] INFO  impl.SimpleStateMachine4Testing (SimpleStateMachine4Testing.java:put(207)) - s0: put 187, m93 -> (t:1, i:187), STATEMACHINELOGENTRY, WRITE: logData.size=3, stateMachineData.size=17, logEntryProtoSerializedSize=0
2024-09-29 22:58:04,162 [s2@group-D7B70F6236D3-StateMachineUpdater] INFO  impl.SimpleStateMachine4Testing (SimpleStateMachine4Testing.java:applyTransaction(251)) - applyTransaction for log index 185
2024-09-29 22:58:04,163 [s2@group-D7B70F6236D3-StateMachineUpdater] INFO  impl.SimpleStateMachine4Testing (SimpleStateMachine4Testing.java:put(207)) - s2: put 185, m92 -> (t:1, i:185), STATEMACHINELOGENTRY, WRITE: logData.size=3, stateMachineData.size=17, logEntryProtoSerializedSize=0
2024-09-29 22:58:04,164 [s1@group-D7B70F6236D3-StateMachineUpdater] INFO  impl.SimpleStateMachine4Testing (SimpleStateMachine4Testing.java:applyTransaction(251)) - applyTransaction for log index 187
2024-09-29 22:58:04,164 [s1@group-D7B70F6236D3-StateMachineUpdater] INFO  impl.SimpleStateMachine4Testing (SimpleStateMachine4Testing.java:put(207)) - s1: put 187, m93 -> (t:1, i:187), STATEMACHINELOGENTRY, WRITE: logData.size=3, stateMachineData.size=17, logEntryProtoSerializedSize=0
2024-09-29 22:58:04,166 [s0@group-D7B70F6236D3-StateMachineUpdater] INFO  impl.SimpleStateMachine4Testing (SimpleStateMachine4Testing.java:applyTransaction(251)) - applyTransaction for log index 189
2024-09-29 22:58:04,166 [s0@group-D7B70F6236D3-StateMachineUpdater] INFO  impl.SimpleStateMachine4Testing (SimpleStateMachine4Testing.java:put(207)) - s0: put 189, m94 -> (t:1, i:189), STATEMACHINELOGENTRY, WRITE: logData.size=3, stateMachineData.size=17, logEntryProtoSerializedSize=0
2024-09-29 22:58:04,167 [timer2] WARN  server.GrpcLogAppender (GrpcLogAppender.java:timeoutAppendRequest(450)) - s2@group-64B60AA06307->s0-GrpcLogAppender: Timed out HEARTBEAT appendEntries, errorCount=1, request=AppendEntriesRequest:cid=0,entriesCount=0
2024-09-29 22:58:04,167 [s1@group-D7B70F6236D3-StateMachineUpdater] INFO  impl.SimpleStateMachine4Testing (SimpleStateMachine4Testing.java:applyTransaction(251)) - applyTransaction for log index 189
2024-09-29 22:58:04,168 [s1@group-D7B70F6236D3-StateMachineUpdater] INFO  impl.SimpleStateMachine4Testing (SimpleStateMachine4Testing.java:put(207)) - s1: put 189, m94 -> (t:1, i:189), STATEMACHINELOGENTRY, WRITE: logData.size=3, stateMachineData.size=17, logEntryProtoSerializedSize=0
2024-09-29 22:58:04,169 [s2@group-D7B70F6236D3-StateMachineUpdater] INFO  impl.SimpleStateMachine4Testing (SimpleStateMachine4Testing.java:applyTransaction(251)) - applyTransaction for log index 187
2024-09-29 22:58:04,169 [s2@group-D7B70F6236D3-StateMachineUpdater] INFO  impl.SimpleStateMachine4Testing (SimpleStateMachine4Testing.java:put(207)) - s2: put 187, m93 -> (t:1, i:187), STATEMACHINELOGENTRY, WRITE: logData.size=3, stateMachineData.size=17, logEntryProtoSerializedSize=0
2024-09-29 22:58:04,169 [s2@group-D7B70F6236D3-StateMachineUpdater] INFO  impl.SimpleStateMachine4Testing (SimpleStateMachine4Testing.java:applyTransaction(251)) - applyTransaction for log index 189
2024-09-29 22:58:04,169 [s2@group-D7B70F6236D3-StateMachineUpdater] INFO  impl.SimpleStateMachine4Testing (SimpleStateMachine4Testing.java:put(207)) - s2: put 189, m94 -> (t:1, i:189), STATEMACHINELOGENTRY, WRITE: logData.size=3, stateMachineData.size=17, logEntryProtoSerializedSize=0
2024-09-29 22:58:04,170 [s0@group-D7B70F6236D3-StateMachineUpdater] INFO  impl.SimpleStateMachine4Testing (SimpleStateMachine4Testing.java:applyTransaction(251)) - applyTransaction for log index 191
2024-09-29 22:58:04,170 [s0@group-D7B70F6236D3-StateMachineUpdater] INFO  impl.SimpleStateMachine4Testing (SimpleStateMachine4Testing.java:put(207)) - s0: put 191, m95 -> (t:1, i:191), STATEMACHINELOGENTRY, WRITE: logData.size=3, stateMachineData.size=17, logEntryProtoSerializedSize=0
2024-09-29 22:58:04,171 [s0@group-D7B70F6236D3-StateMachineUpdater] TRACE util.FileUtils (FileUtils.java:deleteFully(305)) - deleteFully /tmp/ratis-tests/statemachine/s0/snapshot/1_191
2024-09-29 22:58:04,171 [s0@group-D7B70F6236D3-StateMachineUpdater] TRACE util.FileUtils (FileUtils.java:deleteFully(318)) - deleteFully: /tmp/ratis-tests/statemachine/s0/snapshot/1_191 does not exist.
2024-09-29 22:58:04,171 [s0@group-D7B70F6236D3-StateMachineUpdater] TRACE util.FileUtils (FileUtils.java:deleteFully(305)) - deleteFully /tmp/ratis-tests/statemachine/s0/tmp/a3a766d2-e4ba-4d76-a833-01ebf0540067
2024-09-29 22:58:04,171 [s0@group-D7B70F6236D3-StateMachineUpdater] TRACE util.FileUtils (FileUtils.java:deleteFully(318)) - deleteFully: /tmp/ratis-tests/statemachine/s0/tmp/a3a766d2-e4ba-4d76-a833-01ebf0540067 does not exist.
2024-09-29 22:58:04,171 [s0@group-D7B70F6236D3-StateMachineUpdater] TRACE util.FileUtils (LogUtils.java:runAndLog(49)) - Successfully ran Atomic Files.move /tmp/ratis-tests/statemachine/s0/tmp/a3a766d2-e4ba-4d76-a833-01ebf0540067 to /tmp/ratis-tests/statemachine/s0/snapshot/1_191
2024-09-29 22:58:04,171 [s0@group-D7B70F6236D3-StateMachineUpdater] INFO  impl.StateMachineUpdater (StateMachineUpdater.java:takeSnapshot(308)) - s0@group-D7B70F6236D3-StateMachineUpdater: Took a snapshot at index 191
2024-09-29 22:58:04,171 [s0@group-D7B70F6236D3-StateMachineUpdater] INFO  impl.StateMachineUpdater (StateMachineUpdater.java:lambda$new$0(102)) - s0@group-D7B70F6236D3-StateMachineUpdater: snapshotIndex: updateIncreasingly 127 -> 191
2024-09-29 22:58:04,171 [s0@group-D7B70F6236D3-StateMachineUpdater] INFO  raftlog.RaftLog (RaftLogBase.java:purge(329)) - s0@group-D7B70F6236D3-SegmentedRaftLog: purge 189
2024-09-29 22:58:04,172 [s0@group-D7B70F6236D3-StateMachineUpdater] INFO  raftlog.RaftLog (RaftLogBase.java:lambda$new$0(57)) - s0@group-D7B70F6236D3-SegmentedRaftLog: snapshotIndex: updateIncreasingly 127 -> 191
2024-09-29 22:58:04,172 [s0@group-D7B70F6236D3-StateMachineUpdater] INFO  raftlog.RaftLog (RaftLogBase.java:lambda$new$0(57)) - s0@group-D7B70F6236D3-SegmentedRaftLog: purgeIndex: updateToMax old=125, new=189, updated? true
2024-09-29 22:58:04,173 [s1@group-D7B70F6236D3-StateMachineUpdater] INFO  impl.SimpleStateMachine4Testing (SimpleStateMachine4Testing.java:applyTransaction(251)) - applyTransaction for log index 191
2024-09-29 22:58:04,174 [s1@group-D7B70F6236D3-StateMachineUpdater] INFO  impl.SimpleStateMachine4Testing (SimpleStateMachine4Testing.java:put(207)) - s1: put 191, m95 -> (t:1, i:191), STATEMACHINELOGENTRY, WRITE: logData.size=3, stateMachineData.size=17, logEntryProtoSerializedSize=0
2024-09-29 22:58:04,175 [s2@group-D7B70F6236D3-StateMachineUpdater] INFO  impl.SimpleStateMachine4Testing (SimpleStateMachine4Testing.java:applyTransaction(251)) - applyTransaction for log index 191
2024-09-29 22:58:04,175 [s2@group-D7B70F6236D3-StateMachineUpdater] INFO  impl.SimpleStateMachine4Testing (SimpleStateMachine4Testing.java:put(207)) - s2: put 191, m95 -> (t:1, i:191), STATEMACHINELOGENTRY, WRITE: logData.size=3, stateMachineData.size=17, logEntryProtoSerializedSize=0
2024-09-29 22:58:04,175 [s2@group-D7B70F6236D3-StateMachineUpdater] TRACE util.FileUtils (FileUtils.java:deleteFully(305)) - deleteFully /tmp/ratis-tests/statemachine/s2/snapshot/1_191
2024-09-29 22:58:04,175 [s2@group-D7B70F6236D3-StateMachineUpdater] TRACE util.FileUtils (FileUtils.java:deleteFully(318)) - deleteFully: /tmp/ratis-tests/statemachine/s2/snapshot/1_191 does not exist.
2024-09-29 22:58:04,175 [s2@group-D7B70F6236D3-StateMachineUpdater] TRACE util.FileUtils (FileUtils.java:deleteFully(305)) - deleteFully /tmp/ratis-tests/statemachine/s2/tmp/19ef2918-e2a8-4e6c-a7de-916885ceba09
2024-09-29 22:58:04,175 [s2@group-D7B70F6236D3-StateMachineUpdater] TRACE util.FileUtils (FileUtils.java:deleteFully(318)) - deleteFully: /tmp/ratis-tests/statemachine/s2/tmp/19ef2918-e2a8-4e6c-a7de-916885ceba09 does not exist.
2024-09-29 22:58:04,175 [s2@group-D7B70F6236D3-StateMachineUpdater] TRACE util.FileUtils (LogUtils.java:runAndLog(49)) - Successfully ran Atomic Files.move /tmp/ratis-tests/statemachine/s2/tmp/19ef2918-e2a8-4e6c-a7de-916885ceba09 to /tmp/ratis-tests/statemachine/s2/snapshot/1_191
2024-09-29 22:58:04,175 [s2@group-D7B70F6236D3-StateMachineUpdater] INFO  impl.StateMachineUpdater (StateMachineUpdater.java:takeSnapshot(308)) - s2@group-D7B70F6236D3-StateMachineUpdater: Took a snapshot at index 191
2024-09-29 22:58:04,176 [s2@group-D7B70F6236D3-StateMachineUpdater] INFO  impl.StateMachineUpdater (StateMachineUpdater.java:lambda$new$0(102)) - s2@group-D7B70F6236D3-StateMachineUpdater: snapshotIndex: updateIncreasingly 127 -> 191
2024-09-29 22:58:04,176 [s2@group-D7B70F6236D3-StateMachineUpdater] INFO  raftlog.RaftLog (RaftLogBase.java:purge(329)) - s2@group-D7B70F6236D3-SegmentedRaftLog: purge 190
2024-09-29 22:58:04,176 [s2@group-D7B70F6236D3-StateMachineUpdater] INFO  raftlog.RaftLog (RaftLogBase.java:lambda$new$0(57)) - s2@group-D7B70F6236D3-SegmentedRaftLog: snapshotIndex: updateIncreasingly 127 -> 191
2024-09-29 22:58:04,176 [s2@group-D7B70F6236D3-StateMachineUpdater] INFO  raftlog.RaftLog (RaftLogBase.java:lambda$new$0(57)) - s2@group-D7B70F6236D3-SegmentedRaftLog: purgeIndex: updateToMax old=126, new=190, updated? true
2024-09-29 22:58:04,176 [s0@group-D7B70F6236D3-StateMachineUpdater] INFO  impl.SimpleStateMachine4Testing (SimpleStateMachine4Testing.java:applyTransaction(251)) - applyTransaction for log index 193
2024-09-29 22:58:04,176 [s0@group-D7B70F6236D3-StateMachineUpdater] INFO  impl.SimpleStateMachine4Testing (SimpleStateMachine4Testing.java:put(207)) - s0: put 193, m96 -> (t:1, i:193), STATEMACHINELOGENTRY, WRITE: logData.size=3, stateMachineData.size=17, logEntryProtoSerializedSize=0
2024-09-29 22:58:04,178 [s1@group-D7B70F6236D3-StateMachineUpdater] INFO  impl.SimpleStateMachine4Testing (SimpleStateMachine4Testing.java:applyTransaction(251)) - applyTransaction for log index 193
2024-09-29 22:58:04,178 [s1@group-D7B70F6236D3-StateMachineUpdater] INFO  impl.SimpleStateMachine4Testing (SimpleStateMachine4Testing.java:put(207)) - s1: put 193, m96 -> (t:1, i:193), STATEMACHINELOGENTRY, WRITE: logData.size=3, stateMachineData.size=17, logEntryProtoSerializedSize=0
2024-09-29 22:58:04,179 [s2@group-D7B70F6236D3-StateMachineUpdater] INFO  impl.SimpleStateMachine4Testing (SimpleStateMachine4Testing.java:applyTransaction(251)) - applyTransaction for log index 193
2024-09-29 22:58:04,179 [s2@group-D7B70F6236D3-StateMachineUpdater] INFO  impl.SimpleStateMachine4Testing (SimpleStateMachine4Testing.java:put(207)) - s2: put 193, m96 -> (t:1, i:193), STATEMACHINELOGENTRY, WRITE: logData.size=3, stateMachineData.size=17, logEntryProtoSerializedSize=0
2024-09-29 22:58:04,180 [s0@group-D7B70F6236D3-StateMachineUpdater] INFO  impl.SimpleStateMachine4Testing (SimpleStateMachine4Testing.java:applyTransaction(251)) - applyTransaction for log index 195
2024-09-29 22:58:04,180 [s0@group-D7B70F6236D3-StateMachineUpdater] INFO  impl.SimpleStateMachine4Testing (SimpleStateMachine4Testing.java:put(207)) - s0: put 195, m97 -> (t:1, i:195), STATEMACHINELOGENTRY, WRITE: logData.size=3, stateMachineData.size=17, logEntryProtoSerializedSize=0
2024-09-29 22:58:04,181 [s1@group-D7B70F6236D3-StateMachineUpdater] INFO  impl.SimpleStateMachine4Testing (SimpleStateMachine4Testing.java:applyTransaction(251)) - applyTransaction for log index 195
2024-09-29 22:58:04,182 [s1@group-D7B70F6236D3-StateMachineUpdater] INFO  impl.SimpleStateMachine4Testing (SimpleStateMachine4Testing.java:put(207)) - s1: put 195, m97 -> (t:1, i:195), STATEMACHINELOGENTRY, WRITE: logData.size=3, stateMachineData.size=17, logEntryProtoSerializedSize=0
2024-09-29 22:58:04,183 [s2@group-D7B70F6236D3-StateMachineUpdater] INFO  impl.SimpleStateMachine4Testing (SimpleStateMachine4Testing.java:applyTransaction(251)) - applyTransaction for log index 195
2024-09-29 22:58:04,183 [s2@group-D7B70F6236D3-StateMachineUpdater] INFO  impl.SimpleStateMachine4Testing (SimpleStateMachine4Testing.java:put(207)) - s2: put 195, m97 -> (t:1, i:195), STATEMACHINELOGENTRY, WRITE: logData.size=3, stateMachineData.size=17, logEntryProtoSerializedSize=0
2024-09-29 22:58:04,186 [s0@group-D7B70F6236D3-StateMachineUpdater] INFO  impl.SimpleStateMachine4Testing (SimpleStateMachine4Testing.java:applyTransaction(251)) - applyTransaction for log index 197
2024-09-29 22:58:04,187 [s0@group-D7B70F6236D3-StateMachineUpdater] INFO  impl.SimpleStateMachine4Testing (SimpleStateMachine4Testing.java:put(207)) - s0: put 197, m98 -> (t:1, i:197), STATEMACHINELOGENTRY, WRITE: logData.size=3, stateMachineData.size=17, logEntryProtoSerializedSize=0
2024-09-29 22:58:04,187 [timer4] WARN  server.GrpcLogAppender (GrpcLogAppender.java:timeoutAppendRequest(450)) - s2@group-64B60AA06307->s0-GrpcLogAppender: Timed out HEARTBEAT appendEntries, errorCount=1, request=AppendEntriesRequest:cid=0,entriesCount=0
2024-09-29 22:58:04,188 [s2@group-D7B70F6236D3-StateMachineUpdater] INFO  impl.SimpleStateMachine4Testing (SimpleStateMachine4Testing.java:applyTransaction(251)) - applyTransaction for log index 197
2024-09-29 22:58:04,188 [s2@group-D7B70F6236D3-StateMachineUpdater] INFO  impl.SimpleStateMachine4Testing (SimpleStateMachine4Testing.java:put(207)) - s2: put 197, m98 -> (t:1, i:197), STATEMACHINELOGENTRY, WRITE: logData.size=3, stateMachineData.size=17, logEntryProtoSerializedSize=0
2024-09-29 22:58:04,188 [s1@group-D7B70F6236D3-StateMachineUpdater] INFO  impl.SimpleStateMachine4Testing (SimpleStateMachine4Testing.java:applyTransaction(251)) - applyTransaction for log index 197
2024-09-29 22:58:04,188 [s1@group-D7B70F6236D3-StateMachineUpdater] INFO  impl.SimpleStateMachine4Testing (SimpleStateMachine4Testing.java:put(207)) - s1: put 197, m98 -> (t:1, i:197), STATEMACHINELOGENTRY, WRITE: logData.size=3, stateMachineData.size=17, logEntryProtoSerializedSize=0
2024-09-29 22:58:04,190 [timer4] WARN  server.GrpcLogAppender (GrpcLogAppender.java:timeoutAppendRequest(450)) - s2@group-64B60AA06307->s1-GrpcLogAppender: Timed out HEARTBEAT appendEntries, errorCount=10, request=AppendEntriesRequest:cid=571,entriesCount=0
2024-09-29 22:58:04,191 [s0@group-D7B70F6236D3-StateMachineUpdater] INFO  impl.SimpleStateMachine4Testing (SimpleStateMachine4Testing.java:applyTransaction(251)) - applyTransaction for log index 199
2024-09-29 22:58:04,191 [s0@group-D7B70F6236D3-StateMachineUpdater] INFO  impl.SimpleStateMachine4Testing (SimpleStateMachine4Testing.java:put(207)) - s0: put 199, m99 -> (t:1, i:199), STATEMACHINELOGENTRY, WRITE: logData.size=3, stateMachineData.size=17, logEntryProtoSerializedSize=0
2024-09-29 22:58:04,192 [s1@group-D7B70F6236D3-StateMachineUpdater] INFO  impl.SimpleStateMachine4Testing (SimpleStateMachine4Testing.java:applyTransaction(251)) - applyTransaction for log index 199
2024-09-29 22:58:04,192 [s1@group-D7B70F6236D3-StateMachineUpdater] INFO  impl.SimpleStateMachine4Testing (SimpleStateMachine4Testing.java:put(207)) - s1: put 199, m99 -> (t:1, i:199), STATEMACHINELOGENTRY, WRITE: logData.size=3, stateMachineData.size=17, logEntryProtoSerializedSize=0
2024-09-29 22:58:04,194 [timer5] WARN  server.GrpcLogAppender (GrpcLogAppender.java:timeoutAppendRequest(450)) - s2@group-64B60AA06307->s0-GrpcLogAppender: Timed out HEARTBEAT appendEntries, errorCount=1, request=AppendEntriesRequest:cid=0,entriesCount=0
2024-09-29 22:58:04,195 [s0@group-D7B70F6236D3-StateMachineUpdater] INFO  impl.SimpleStateMachine4Testing (SimpleStateMachine4Testing.java:applyTransaction(251)) - applyTransaction for log index 201
2024-09-29 22:58:04,195 [s0@group-D7B70F6236D3-StateMachineUpdater] INFO  impl.SimpleStateMachine4Testing (SimpleStateMachine4Testing.java:put(207)) - s0: put 201, m100 -> (t:1, i:201), STATEMACHINELOGENTRY, WRITE: logData.size=4, stateMachineData.size=17, logEntryProtoSerializedSize=0
2024-09-29 22:58:04,195 [s2@group-D7B70F6236D3-StateMachineUpdater] INFO  impl.SimpleStateMachine4Testing (SimpleStateMachine4Testing.java:applyTransaction(251)) - applyTransaction for log index 199
2024-09-29 22:58:04,195 [s2@group-D7B70F6236D3-StateMachineUpdater] INFO  impl.SimpleStateMachine4Testing (SimpleStateMachine4Testing.java:put(207)) - s2: put 199, m99 -> (t:1, i:199), STATEMACHINELOGENTRY, WRITE: logData.size=3, stateMachineData.size=17, logEntryProtoSerializedSize=0
2024-09-29 22:58:04,196 [s1@group-D7B70F6236D3-StateMachineUpdater] INFO  impl.SimpleStateMachine4Testing (SimpleStateMachine4Testing.java:applyTransaction(251)) - applyTransaction for log index 201
2024-09-29 22:58:04,196 [s1@group-D7B70F6236D3-StateMachineUpdater] INFO  impl.SimpleStateMachine4Testing (SimpleStateMachine4Testing.java:put(207)) - s1: put 201, m100 -> (t:1, i:201), STATEMACHINELOGENTRY, WRITE: logData.size=4, stateMachineData.size=17, logEntryProtoSerializedSize=0
2024-09-29 22:58:04,198 [s2@group-D7B70F6236D3-StateMachineUpdater] INFO  impl.SimpleStateMachine4Testing (SimpleStateMachine4Testing.java:applyTransaction(251)) - applyTransaction for log index 201
2024-09-29 22:58:04,198 [s2@group-D7B70F6236D3-StateMachineUpdater] INFO  impl.SimpleStateMachine4Testing (SimpleStateMachine4Testing.java:put(207)) - s2: put 201, m100 -> (t:1, i:201), STATEMACHINELOGENTRY, WRITE: logData.size=4, stateMachineData.size=17, logEntryProtoSerializedSize=0
2024-09-29 22:58:04,198 [s0@group-D7B70F6236D3-StateMachineUpdater] INFO  impl.SimpleStateMachine4Testing (SimpleStateMachine4Testing.java:applyTransaction(251)) - applyTransaction for log index 203
2024-09-29 22:58:04,198 [s0@group-D7B70F6236D3-StateMachineUpdater] INFO  impl.SimpleStateMachine4Testing (SimpleStateMachine4Testing.java:put(207)) - s0: put 203, m101 -> (t:1, i:203), STATEMACHINELOGENTRY, WRITE: logData.size=4, stateMachineData.size=17, logEntryProtoSerializedSize=0
2024-09-29 22:58:04,200 [s1@group-D7B70F6236D3-StateMachineUpdater] INFO  impl.SimpleStateMachine4Testing (SimpleStateMachine4Testing.java:applyTransaction(251)) - applyTransaction for log index 203
2024-09-29 22:58:04,200 [s1@group-D7B70F6236D3-StateMachineUpdater] INFO  impl.SimpleStateMachine4Testing (SimpleStateMachine4Testing.java:put(207)) - s1: put 203, m101 -> (t:1, i:203), STATEMACHINELOGENTRY, WRITE: logData.size=4, stateMachineData.size=17, logEntryProtoSerializedSize=0
2024-09-29 22:58:04,201 [s2@group-D7B70F6236D3-StateMachineUpdater] INFO  impl.SimpleStateMachine4Testing (SimpleStateMachine4Testing.java:applyTransaction(251)) - applyTransaction for log index 203
2024-09-29 22:58:04,201 [s2@group-D7B70F6236D3-StateMachineUpdater] INFO  impl.SimpleStateMachine4Testing (SimpleStateMachine4Testing.java:put(207)) - s2: put 203, m101 -> (t:1, i:203), STATEMACHINELOGENTRY, WRITE: logData.size=4, stateMachineData.size=17, logEntryProtoSerializedSize=0
2024-09-29 22:58:04,202 [s0@group-D7B70F6236D3-StateMachineUpdater] INFO  impl.SimpleStateMachine4Testing (SimpleStateMachine4Testing.java:applyTransaction(251)) - applyTransaction for log index 205
2024-09-29 22:58:04,202 [s0@group-D7B70F6236D3-StateMachineUpdater] INFO  impl.SimpleStateMachine4Testing (SimpleStateMachine4Testing.java:put(207)) - s0: put 205, m102 -> (t:1, i:205), STATEMACHINELOGENTRY, WRITE: logData.size=4, stateMachineData.size=17, logEntryProtoSerializedSize=0
2024-09-29 22:58:04,202 [timer6] WARN  server.GrpcLogAppender (GrpcLogAppender.java:timeoutAppendRequest(450)) - s2@group-64B60AA06307->s0-GrpcLogAppender: Timed out HEARTBEAT appendEntries, errorCount=1, request=AppendEntriesRequest:cid=0,entriesCount=0
2024-09-29 22:58:04,203 [s1@group-D7B70F6236D3-StateMachineUpdater] INFO  impl.SimpleStateMachine4Testing (SimpleStateMachine4Testing.java:applyTransaction(251)) - applyTransaction for log index 205
2024-09-29 22:58:04,203 [s1@group-D7B70F6236D3-StateMachineUpdater] INFO  impl.SimpleStateMachine4Testing (SimpleStateMachine4Testing.java:put(207)) - s1: put 205, m102 -> (t:1, i:205), STATEMACHINELOGENTRY, WRITE: logData.size=4, stateMachineData.size=17, logEntryProtoSerializedSize=0
2024-09-29 22:58:04,206 [s2@group-D7B70F6236D3-StateMachineUpdater] INFO  impl.SimpleStateMachine4Testing (SimpleStateMachine4Testing.java:applyTransaction(251)) - applyTransaction for log index 205
2024-09-29 22:58:04,206 [s2@group-D7B70F6236D3-StateMachineUpdater] INFO  impl.SimpleStateMachine4Testing (SimpleStateMachine4Testing.java:put(207)) - s2: put 205, m102 -> (t:1, i:205), STATEMACHINELOGENTRY, WRITE: logData.size=4, stateMachineData.size=17, logEntryProtoSerializedSize=0
2024-09-29 22:58:04,206 [s0@group-D7B70F6236D3-StateMachineUpdater] INFO  impl.SimpleStateMachine4Testing (SimpleStateMachine4Testing.java:applyTransaction(251)) - applyTransaction for log index 207
2024-09-29 22:58:04,206 [s0@group-D7B70F6236D3-StateMachineUpdater] INFO  impl.SimpleStateMachine4Testing (SimpleStateMachine4Testing.java:put(207)) - s0: put 207, m103 -> (t:1, i:207), STATEMACHINELOGENTRY, WRITE: logData.size=4, stateMachineData.size=17, logEntryProtoSerializedSize=0
2024-09-29 22:58:04,208 [s1@group-D7B70F6236D3-StateMachineUpdater] INFO  impl.SimpleStateMachine4Testing (SimpleStateMachine4Testing.java:applyTransaction(251)) - applyTransaction for log index 207
2024-09-29 22:58:04,208 [s1@group-D7B70F6236D3-StateMachineUpdater] INFO  impl.SimpleStateMachine4Testing (SimpleStateMachine4Testing.java:put(207)) - s1: put 207, m103 -> (t:1, i:207), STATEMACHINELOGENTRY, WRITE: logData.size=4, stateMachineData.size=17, logEntryProtoSerializedSize=0
2024-09-29 22:58:04,211 [s2@group-D7B70F6236D3-StateMachineUpdater] INFO  impl.SimpleStateMachine4Testing (SimpleStateMachine4Testing.java:applyTransaction(251)) - applyTransaction for log index 207
2024-09-29 22:58:04,211 [s2@group-D7B70F6236D3-StateMachineUpdater] INFO  impl.SimpleStateMachine4Testing (SimpleStateMachine4Testing.java:put(207)) - s2: put 207, m103 -> (t:1, i:207), STATEMACHINELOGENTRY, WRITE: logData.size=4, stateMachineData.size=17, logEntryProtoSerializedSize=0
2024-09-29 22:58:04,211 [s0@group-D7B70F6236D3-StateMachineUpdater] INFO  impl.SimpleStateMachine4Testing (SimpleStateMachine4Testing.java:applyTransaction(251)) - applyTransaction for log index 209
2024-09-29 22:58:04,211 [s0@group-D7B70F6236D3-StateMachineUpdater] INFO  impl.SimpleStateMachine4Testing (SimpleStateMachine4Testing.java:put(207)) - s0: put 209, m104 -> (t:1, i:209), STATEMACHINELOGENTRY, WRITE: logData.size=4, stateMachineData.size=17, logEntryProtoSerializedSize=0
2024-09-29 22:58:04,212 [s1@group-D7B70F6236D3-StateMachineUpdater] INFO  impl.SimpleStateMachine4Testing (SimpleStateMachine4Testing.java:applyTransaction(251)) - applyTransaction for log index 209
2024-09-29 22:58:04,212 [s1@group-D7B70F6236D3-StateMachineUpdater] INFO  impl.SimpleStateMachine4Testing (SimpleStateMachine4Testing.java:put(207)) - s1: put 209, m104 -> (t:1, i:209), STATEMACHINELOGENTRY, WRITE: logData.size=4, stateMachineData.size=17, logEntryProtoSerializedSize=0
2024-09-29 22:58:04,213 [timer0] WARN  server.GrpcLogAppender (GrpcLogAppender.java:timeoutAppendRequest(450)) - s2@group-64B60AA06307->s0-GrpcLogAppender: Timed out HEARTBEAT appendEntries, errorCount=1, request=AppendEntriesRequest:cid=0,entriesCount=0
2024-09-29 22:58:04,215 [s0@group-D7B70F6236D3-StateMachineUpdater] INFO  impl.SimpleStateMachine4Testing (SimpleStateMachine4Testing.java:applyTransaction(251)) - applyTransaction for log index 211
2024-09-29 22:58:04,215 [s0@group-D7B70F6236D3-StateMachineUpdater] INFO  impl.SimpleStateMachine4Testing (SimpleStateMachine4Testing.java:put(207)) - s0: put 211, m105 -> (t:1, i:211), STATEMACHINELOGENTRY, WRITE: logData.size=4, stateMachineData.size=17, logEntryProtoSerializedSize=0
2024-09-29 22:58:04,215 [s2@group-D7B70F6236D3-StateMachineUpdater] INFO  impl.SimpleStateMachine4Testing (SimpleStateMachine4Testing.java:applyTransaction(251)) - applyTransaction for log index 209
2024-09-29 22:58:04,215 [s2@group-D7B70F6236D3-StateMachineUpdater] INFO  impl.SimpleStateMachine4Testing (SimpleStateMachine4Testing.java:put(207)) - s2: put 209, m104 -> (t:1, i:209), STATEMACHINELOGENTRY, WRITE: logData.size=4, stateMachineData.size=17, logEntryProtoSerializedSize=0
2024-09-29 22:58:04,217 [s1@group-D7B70F6236D3-StateMachineUpdater] INFO  impl.SimpleStateMachine4Testing (SimpleStateMachine4Testing.java:applyTransaction(251)) - applyTransaction for log index 211
2024-09-29 22:58:04,217 [s1@group-D7B70F6236D3-StateMachineUpdater] INFO  impl.SimpleStateMachine4Testing (SimpleStateMachine4Testing.java:put(207)) - s1: put 211, m105 -> (t:1, i:211), STATEMACHINELOGENTRY, WRITE: logData.size=4, stateMachineData.size=17, logEntryProtoSerializedSize=0
2024-09-29 22:58:04,218 [timer2] WARN  server.GrpcLogAppender (GrpcLogAppender.java:timeoutAppendRequest(450)) - s2@group-64B60AA06307->s0-GrpcLogAppender: Timed out HEARTBEAT appendEntries, errorCount=1, request=AppendEntriesRequest:cid=0,entriesCount=0
2024-09-29 22:58:04,221 [s2@group-D7B70F6236D3-StateMachineUpdater] INFO  impl.SimpleStateMachine4Testing (SimpleStateMachine4Testing.java:applyTransaction(251)) - applyTransaction for log index 211
2024-09-29 22:58:04,221 [s2@group-D7B70F6236D3-StateMachineUpdater] INFO  impl.SimpleStateMachine4Testing (SimpleStateMachine4Testing.java:put(207)) - s2: put 211, m105 -> (t:1, i:211), STATEMACHINELOGENTRY, WRITE: logData.size=4, stateMachineData.size=17, logEntryProtoSerializedSize=0
2024-09-29 22:58:04,222 [s0@group-D7B70F6236D3-StateMachineUpdater] INFO  impl.SimpleStateMachine4Testing (SimpleStateMachine4Testing.java:applyTransaction(251)) - applyTransaction for log index 213
2024-09-29 22:58:04,222 [s0@group-D7B70F6236D3-StateMachineUpdater] INFO  impl.SimpleStateMachine4Testing (SimpleStateMachine4Testing.java:put(207)) - s0: put 213, m106 -> (t:1, i:213), STATEMACHINELOGENTRY, WRITE: logData.size=4, stateMachineData.size=17, logEntryProtoSerializedSize=0
2024-09-29 22:58:04,223 [s2@group-D7B70F6236D3-StateMachineUpdater] INFO  impl.SimpleStateMachine4Testing (SimpleStateMachine4Testing.java:applyTransaction(251)) - applyTransaction for log index 213
2024-09-29 22:58:04,223 [s2@group-D7B70F6236D3-StateMachineUpdater] INFO  impl.SimpleStateMachine4Testing (SimpleStateMachine4Testing.java:put(207)) - s2: put 213, m106 -> (t:1, i:213), STATEMACHINELOGENTRY, WRITE: logData.size=4, stateMachineData.size=17, logEntryProtoSerializedSize=0
2024-09-29 22:58:04,223 [timer3] WARN  server.GrpcLogAppender (GrpcLogAppender.java:timeoutAppendRequest(450)) - s2@group-64B60AA06307->s0-GrpcLogAppender: Timed out HEARTBEAT appendEntries, errorCount=1, request=AppendEntriesRequest:cid=0,entriesCount=0
2024-09-29 22:58:04,224 [s1@group-D7B70F6236D3-StateMachineUpdater] INFO  impl.SimpleStateMachine4Testing (SimpleStateMachine4Testing.java:applyTransaction(251)) - applyTransaction for log index 213
2024-09-29 22:58:04,224 [s1@group-D7B70F6236D3-StateMachineUpdater] INFO  impl.SimpleStateMachine4Testing (SimpleStateMachine4Testing.java:put(207)) - s1: put 213, m106 -> (t:1, i:213), STATEMACHINELOGENTRY, WRITE: logData.size=4, stateMachineData.size=17, logEntryProtoSerializedSize=0
2024-09-29 22:58:04,226 [s0@group-D7B70F6236D3-StateMachineUpdater] INFO  impl.SimpleStateMachine4Testing (SimpleStateMachine4Testing.java:applyTransaction(251)) - applyTransaction for log index 215
2024-09-29 22:58:04,226 [s0@group-D7B70F6236D3-StateMachineUpdater] INFO  impl.SimpleStateMachine4Testing (SimpleStateMachine4Testing.java:put(207)) - s0: put 215, m107 -> (t:1, i:215), STATEMACHINELOGENTRY, WRITE: logData.size=4, stateMachineData.size=17, logEntryProtoSerializedSize=0
2024-09-29 22:58:04,227 [timer3] WARN  server.GrpcLogAppender (GrpcLogAppender.java:timeoutAppendRequest(450)) - s2@group-64B60AA06307->s1-GrpcLogAppender: Timed out HEARTBEAT appendEntries, errorCount=11, request=AppendEntriesRequest:cid=575,entriesCount=0
2024-09-29 22:58:04,227 [s1@group-D7B70F6236D3-StateMachineUpdater] INFO  impl.SimpleStateMachine4Testing (SimpleStateMachine4Testing.java:applyTransaction(251)) - applyTransaction for log index 215
2024-09-29 22:58:04,228 [s1@group-D7B70F6236D3-StateMachineUpdater] INFO  impl.SimpleStateMachine4Testing (SimpleStateMachine4Testing.java:put(207)) - s1: put 215, m107 -> (t:1, i:215), STATEMACHINELOGENTRY, WRITE: logData.size=4, stateMachineData.size=17, logEntryProtoSerializedSize=0
2024-09-29 22:58:04,228 [s2@group-D7B70F6236D3-StateMachineUpdater] INFO  impl.SimpleStateMachine4Testing (SimpleStateMachine4Testing.java:applyTransaction(251)) - applyTransaction for log index 215
2024-09-29 22:58:04,228 [s2@group-D7B70F6236D3-StateMachineUpdater] INFO  impl.SimpleStateMachine4Testing (SimpleStateMachine4Testing.java:put(207)) - s2: put 215, m107 -> (t:1, i:215), STATEMACHINELOGENTRY, WRITE: logData.size=4, stateMachineData.size=17, logEntryProtoSerializedSize=0
2024-09-29 22:58:04,230 [s0@group-D7B70F6236D3-StateMachineUpdater] INFO  impl.SimpleStateMachine4Testing (SimpleStateMachine4Testing.java:applyTransaction(251)) - applyTransaction for log index 217
2024-09-29 22:58:04,230 [s0@group-D7B70F6236D3-StateMachineUpdater] INFO  impl.SimpleStateMachine4Testing (SimpleStateMachine4Testing.java:put(207)) - s0: put 217, m108 -> (t:1, i:217), STATEMACHINELOGENTRY, WRITE: logData.size=4, stateMachineData.size=17, logEntryProtoSerializedSize=0
2024-09-29 22:58:04,232 [s1@group-D7B70F6236D3-StateMachineUpdater] INFO  impl.SimpleStateMachine4Testing (SimpleStateMachine4Testing.java:applyTransaction(251)) - applyTransaction for log index 217
2024-09-29 22:58:04,232 [s2@group-D7B70F6236D3-StateMachineUpdater] INFO  impl.SimpleStateMachine4Testing (SimpleStateMachine4Testing.java:applyTransaction(251)) - applyTransaction for log index 217
2024-09-29 22:58:04,232 [s2@group-D7B70F6236D3-StateMachineUpdater] INFO  impl.SimpleStateMachine4Testing (SimpleStateMachine4Testing.java:put(207)) - s2: put 217, m108 -> (t:1, i:217), STATEMACHINELOGENTRY, WRITE: logData.size=4, stateMachineData.size=17, logEntryProtoSerializedSize=0
2024-09-29 22:58:04,232 [s1@group-D7B70F6236D3-StateMachineUpdater] INFO  impl.SimpleStateMachine4Testing (SimpleStateMachine4Testing.java:put(207)) - s1: put 217, m108 -> (t:1, i:217), STATEMACHINELOGENTRY, WRITE: logData.size=4, stateMachineData.size=17, logEntryProtoSerializedSize=0
2024-09-29 22:58:04,234 [s0@group-D7B70F6236D3-StateMachineUpdater] INFO  impl.SimpleStateMachine4Testing (SimpleStateMachine4Testing.java:applyTransaction(251)) - applyTransaction for log index 219
2024-09-29 22:58:04,235 [s0@group-D7B70F6236D3-StateMachineUpdater] INFO  impl.SimpleStateMachine4Testing (SimpleStateMachine4Testing.java:put(207)) - s0: put 219, m109 -> (t:1, i:219), STATEMACHINELOGENTRY, WRITE: logData.size=4, stateMachineData.size=17, logEntryProtoSerializedSize=0
2024-09-29 22:58:04,236 [s2@group-D7B70F6236D3-StateMachineUpdater] INFO  impl.SimpleStateMachine4Testing (SimpleStateMachine4Testing.java:applyTransaction(251)) - applyTransaction for log index 219
2024-09-29 22:58:04,236 [s2@group-D7B70F6236D3-StateMachineUpdater] INFO  impl.SimpleStateMachine4Testing (SimpleStateMachine4Testing.java:put(207)) - s2: put 219, m109 -> (t:1, i:219), STATEMACHINELOGENTRY, WRITE: logData.size=4, stateMachineData.size=17, logEntryProtoSerializedSize=0
2024-09-29 22:58:04,237 [s1@group-D7B70F6236D3-StateMachineUpdater] INFO  impl.SimpleStateMachine4Testing (SimpleStateMachine4Testing.java:applyTransaction(251)) - applyTransaction for log index 219
2024-09-29 22:58:04,237 [s1@group-D7B70F6236D3-StateMachineUpdater] INFO  impl.SimpleStateMachine4Testing (SimpleStateMachine4Testing.java:put(207)) - s1: put 219, m109 -> (t:1, i:219), STATEMACHINELOGENTRY, WRITE: logData.size=4, stateMachineData.size=17, logEntryProtoSerializedSize=0
2024-09-29 22:58:04,238 [timer1] WARN  server.GrpcLogAppender (GrpcLogAppender.java:timeoutAppendRequest(450)) - s2@group-64B60AA06307->s0-GrpcLogAppender: Timed out HEARTBEAT appendEntries, errorCount=1, request=AppendEntriesRequest:cid=0,entriesCount=0
2024-09-29 22:58:04,239 [s0@group-D7B70F6236D3-StateMachineUpdater] INFO  impl.SimpleStateMachine4Testing (SimpleStateMachine4Testing.java:applyTransaction(251)) - applyTransaction for log index 221
2024-09-29 22:58:04,239 [s0@group-D7B70F6236D3-StateMachineUpdater] INFO  impl.SimpleStateMachine4Testing (SimpleStateMachine4Testing.java:put(207)) - s0: put 221, m110 -> (t:1, i:221), STATEMACHINELOGENTRY, WRITE: logData.size=4, stateMachineData.size=17, logEntryProtoSerializedSize=0
2024-09-29 22:58:04,240 [s1@group-D7B70F6236D3-StateMachineUpdater] INFO  impl.SimpleStateMachine4Testing (SimpleStateMachine4Testing.java:applyTransaction(251)) - applyTransaction for log index 221
2024-09-29 22:58:04,240 [s1@group-D7B70F6236D3-StateMachineUpdater] INFO  impl.SimpleStateMachine4Testing (SimpleStateMachine4Testing.java:put(207)) - s1: put 221, m110 -> (t:1, i:221), STATEMACHINELOGENTRY, WRITE: logData.size=4, stateMachineData.size=17, logEntryProtoSerializedSize=0
2024-09-29 22:58:04,240 [s2@group-D7B70F6236D3-StateMachineUpdater] INFO  impl.SimpleStateMachine4Testing (SimpleStateMachine4Testing.java:applyTransaction(251)) - applyTransaction for log index 221
2024-09-29 22:58:04,240 [s2@group-D7B70F6236D3-StateMachineUpdater] INFO  impl.SimpleStateMachine4Testing (SimpleStateMachine4Testing.java:put(207)) - s2: put 221, m110 -> (t:1, i:221), STATEMACHINELOGENTRY, WRITE: logData.size=4, stateMachineData.size=17, logEntryProtoSerializedSize=0
2024-09-29 22:58:04,243 [s0@group-D7B70F6236D3-StateMachineUpdater] INFO  impl.SimpleStateMachine4Testing (SimpleStateMachine4Testing.java:applyTransaction(251)) - applyTransaction for log index 223
2024-09-29 22:58:04,243 [s0@group-D7B70F6236D3-StateMachineUpdater] INFO  impl.SimpleStateMachine4Testing (SimpleStateMachine4Testing.java:put(207)) - s0: put 223, m111 -> (t:1, i:223), STATEMACHINELOGENTRY, WRITE: logData.size=4, stateMachineData.size=17, logEntryProtoSerializedSize=0
2024-09-29 22:58:04,245 [s1@group-D7B70F6236D3-StateMachineUpdater] INFO  impl.SimpleStateMachine4Testing (SimpleStateMachine4Testing.java:applyTransaction(251)) - applyTransaction for log index 223
2024-09-29 22:58:04,245 [s1@group-D7B70F6236D3-StateMachineUpdater] INFO  impl.SimpleStateMachine4Testing (SimpleStateMachine4Testing.java:put(207)) - s1: put 223, m111 -> (t:1, i:223), STATEMACHINELOGENTRY, WRITE: logData.size=4, stateMachineData.size=17, logEntryProtoSerializedSize=0
2024-09-29 22:58:04,245 [s2@group-D7B70F6236D3-StateMachineUpdater] INFO  impl.SimpleStateMachine4Testing (SimpleStateMachine4Testing.java:applyTransaction(251)) - applyTransaction for log index 223
2024-09-29 22:58:04,245 [s2@group-D7B70F6236D3-StateMachineUpdater] INFO  impl.SimpleStateMachine4Testing (SimpleStateMachine4Testing.java:put(207)) - s2: put 223, m111 -> (t:1, i:223), STATEMACHINELOGENTRY, WRITE: logData.size=4, stateMachineData.size=17, logEntryProtoSerializedSize=0
2024-09-29 22:58:04,246 [timer1] WARN  server.GrpcLogAppender (GrpcLogAppender.java:timeoutAppendRequest(450)) - s2@group-64B60AA06307->s0-GrpcLogAppender: Timed out HEARTBEAT appendEntries, errorCount=1, request=AppendEntriesRequest:cid=0,entriesCount=0
2024-09-29 22:58:04,247 [s0@group-D7B70F6236D3-StateMachineUpdater] INFO  impl.SimpleStateMachine4Testing (SimpleStateMachine4Testing.java:applyTransaction(251)) - applyTransaction for log index 225
2024-09-29 22:58:04,247 [s0@group-D7B70F6236D3-StateMachineUpdater] INFO  impl.SimpleStateMachine4Testing (SimpleStateMachine4Testing.java:put(207)) - s0: put 225, m112 -> (t:1, i:225), STATEMACHINELOGENTRY, WRITE: logData.size=4, stateMachineData.size=17, logEntryProtoSerializedSize=0
2024-09-29 22:58:04,248 [s1@group-D7B70F6236D3-StateMachineUpdater] INFO  impl.SimpleStateMachine4Testing (SimpleStateMachine4Testing.java:applyTransaction(251)) - applyTransaction for log index 225
2024-09-29 22:58:04,249 [s1@group-D7B70F6236D3-StateMachineUpdater] INFO  impl.SimpleStateMachine4Testing (SimpleStateMachine4Testing.java:put(207)) - s1: put 225, m112 -> (t:1, i:225), STATEMACHINELOGENTRY, WRITE: logData.size=4, stateMachineData.size=17, logEntryProtoSerializedSize=0
2024-09-29 22:58:04,249 [s1@group-D7B70F6236D3-StateMachineUpdater] TRACE util.FileUtils (FileUtils.java:deleteFully(305)) - deleteFully /tmp/ratis-tests/statemachine/s1/snapshot/1_225
2024-09-29 22:58:04,249 [s1@group-D7B70F6236D3-StateMachineUpdater] TRACE util.FileUtils (FileUtils.java:deleteFully(318)) - deleteFully: /tmp/ratis-tests/statemachine/s1/snapshot/1_225 does not exist.
2024-09-29 22:58:04,249 [s1@group-D7B70F6236D3-StateMachineUpdater] TRACE util.FileUtils (FileUtils.java:deleteFully(305)) - deleteFully /tmp/ratis-tests/statemachine/s1/tmp/db5a430e-c31d-4ab4-a4d2-5fad904c4d05
2024-09-29 22:58:04,249 [s1@group-D7B70F6236D3-StateMachineUpdater] TRACE util.FileUtils (FileUtils.java:deleteFully(318)) - deleteFully: /tmp/ratis-tests/statemachine/s1/tmp/db5a430e-c31d-4ab4-a4d2-5fad904c4d05 does not exist.
2024-09-29 22:58:04,249 [s1@group-D7B70F6236D3-StateMachineUpdater] TRACE util.FileUtils (LogUtils.java:runAndLog(49)) - Successfully ran Atomic Files.move /tmp/ratis-tests/statemachine/s1/tmp/db5a430e-c31d-4ab4-a4d2-5fad904c4d05 to /tmp/ratis-tests/statemachine/s1/snapshot/1_225
2024-09-29 22:58:04,249 [s1@group-D7B70F6236D3-StateMachineUpdater] INFO  impl.StateMachineUpdater (StateMachineUpdater.java:takeSnapshot(308)) - s1@group-D7B70F6236D3-StateMachineUpdater: Took a snapshot at index 225
2024-09-29 22:58:04,249 [s1@group-D7B70F6236D3-StateMachineUpdater] INFO  impl.StateMachineUpdater (StateMachineUpdater.java:lambda$new$0(102)) - s1@group-D7B70F6236D3-StateMachineUpdater: snapshotIndex: updateIncreasingly 161 -> 225
2024-09-29 22:58:04,249 [s1@group-D7B70F6236D3-StateMachineUpdater] INFO  raftlog.RaftLog (RaftLogBase.java:purge(329)) - s1@group-D7B70F6236D3-SegmentedRaftLog: purge 224
2024-09-29 22:58:04,250 [s1@group-D7B70F6236D3-StateMachineUpdater] INFO  raftlog.RaftLog (RaftLogBase.java:lambda$new$0(57)) - s1@group-D7B70F6236D3-SegmentedRaftLog: snapshotIndex: updateIncreasingly 161 -> 225
2024-09-29 22:58:04,250 [s1@group-D7B70F6236D3-StateMachineUpdater] INFO  raftlog.RaftLog (RaftLogBase.java:lambda$new$0(57)) - s1@group-D7B70F6236D3-SegmentedRaftLog: purgeIndex: updateToMax old=159, new=224, updated? true
2024-09-29 22:58:04,250 [s2@group-D7B70F6236D3-StateMachineUpdater] INFO  impl.SimpleStateMachine4Testing (SimpleStateMachine4Testing.java:applyTransaction(251)) - applyTransaction for log index 225
2024-09-29 22:58:04,250 [s2@group-D7B70F6236D3-StateMachineUpdater] INFO  impl.SimpleStateMachine4Testing (SimpleStateMachine4Testing.java:put(207)) - s2: put 225, m112 -> (t:1, i:225), STATEMACHINELOGENTRY, WRITE: logData.size=4, stateMachineData.size=17, logEntryProtoSerializedSize=0
2024-09-29 22:58:04,252 [s0@group-D7B70F6236D3-StateMachineUpdater] INFO  impl.SimpleStateMachine4Testing (SimpleStateMachine4Testing.java:applyTransaction(251)) - applyTransaction for log index 227
2024-09-29 22:58:04,252 [s0@group-D7B70F6236D3-StateMachineUpdater] INFO  impl.SimpleStateMachine4Testing (SimpleStateMachine4Testing.java:put(207)) - s0: put 227, m113 -> (t:1, i:227), STATEMACHINELOGENTRY, WRITE: logData.size=4, stateMachineData.size=17, logEntryProtoSerializedSize=0
2024-09-29 22:58:04,253 [s2@group-D7B70F6236D3-StateMachineUpdater] INFO  impl.SimpleStateMachine4Testing (SimpleStateMachine4Testing.java:applyTransaction(251)) - applyTransaction for log index 227
2024-09-29 22:58:04,253 [s2@group-D7B70F6236D3-StateMachineUpdater] INFO  impl.SimpleStateMachine4Testing (SimpleStateMachine4Testing.java:put(207)) - s2: put 227, m113 -> (t:1, i:227), STATEMACHINELOGENTRY, WRITE: logData.size=4, stateMachineData.size=17, logEntryProtoSerializedSize=0
2024-09-29 22:58:04,253 [s1@group-D7B70F6236D3-StateMachineUpdater] INFO  impl.SimpleStateMachine4Testing (SimpleStateMachine4Testing.java:applyTransaction(251)) - applyTransaction for log index 227
2024-09-29 22:58:04,254 [s1@group-D7B70F6236D3-StateMachineUpdater] INFO  impl.SimpleStateMachine4Testing (SimpleStateMachine4Testing.java:put(207)) - s1: put 227, m113 -> (t:1, i:227), STATEMACHINELOGENTRY, WRITE: logData.size=4, stateMachineData.size=17, logEntryProtoSerializedSize=0
2024-09-29 22:58:04,256 [s0@group-D7B70F6236D3-StateMachineUpdater] INFO  impl.SimpleStateMachine4Testing (SimpleStateMachine4Testing.java:applyTransaction(251)) - applyTransaction for log index 229
2024-09-29 22:58:04,256 [s0@group-D7B70F6236D3-StateMachineUpdater] INFO  impl.SimpleStateMachine4Testing (SimpleStateMachine4Testing.java:put(207)) - s0: put 229, m114 -> (t:1, i:229), STATEMACHINELOGENTRY, WRITE: logData.size=4, stateMachineData.size=17, logEntryProtoSerializedSize=0
2024-09-29 22:58:04,257 [s2@group-D7B70F6236D3-StateMachineUpdater] INFO  impl.SimpleStateMachine4Testing (SimpleStateMachine4Testing.java:applyTransaction(251)) - applyTransaction for log index 229
2024-09-29 22:58:04,257 [s2@group-D7B70F6236D3-StateMachineUpdater] INFO  impl.SimpleStateMachine4Testing (SimpleStateMachine4Testing.java:put(207)) - s2: put 229, m114 -> (t:1, i:229), STATEMACHINELOGENTRY, WRITE: logData.size=4, stateMachineData.size=17, logEntryProtoSerializedSize=0
2024-09-29 22:58:04,257 [s1@group-D7B70F6236D3-StateMachineUpdater] INFO  impl.SimpleStateMachine4Testing (SimpleStateMachine4Testing.java:applyTransaction(251)) - applyTransaction for log index 229
2024-09-29 22:58:04,257 [s1@group-D7B70F6236D3-StateMachineUpdater] INFO  impl.SimpleStateMachine4Testing (SimpleStateMachine4Testing.java:put(207)) - s1: put 229, m114 -> (t:1, i:229), STATEMACHINELOGENTRY, WRITE: logData.size=4, stateMachineData.size=17, logEntryProtoSerializedSize=0
2024-09-29 22:58:04,260 [s0@group-D7B70F6236D3-StateMachineUpdater] INFO  impl.SimpleStateMachine4Testing (SimpleStateMachine4Testing.java:applyTransaction(251)) - applyTransaction for log index 231
2024-09-29 22:58:04,260 [s0@group-D7B70F6236D3-StateMachineUpdater] INFO  impl.SimpleStateMachine4Testing (SimpleStateMachine4Testing.java:put(207)) - s0: put 231, m115 -> (t:1, i:231), STATEMACHINELOGENTRY, WRITE: logData.size=4, stateMachineData.size=17, logEntryProtoSerializedSize=0
2024-09-29 22:58:04,261 [s2@group-D7B70F6236D3-StateMachineUpdater] INFO  impl.SimpleStateMachine4Testing (SimpleStateMachine4Testing.java:applyTransaction(251)) - applyTransaction for log index 231
2024-09-29 22:58:04,261 [s2@group-D7B70F6236D3-StateMachineUpdater] INFO  impl.SimpleStateMachine4Testing (SimpleStateMachine4Testing.java:put(207)) - s2: put 231, m115 -> (t:1, i:231), STATEMACHINELOGENTRY, WRITE: logData.size=4, stateMachineData.size=17, logEntryProtoSerializedSize=0
2024-09-29 22:58:04,262 [s1@group-D7B70F6236D3-StateMachineUpdater] INFO  impl.SimpleStateMachine4Testing (SimpleStateMachine4Testing.java:applyTransaction(251)) - applyTransaction for log index 231
2024-09-29 22:58:04,262 [s1@group-D7B70F6236D3-StateMachineUpdater] INFO  impl.SimpleStateMachine4Testing (SimpleStateMachine4Testing.java:put(207)) - s1: put 231, m115 -> (t:1, i:231), STATEMACHINELOGENTRY, WRITE: logData.size=4, stateMachineData.size=17, logEntryProtoSerializedSize=0
2024-09-29 22:58:04,265 [s0@group-D7B70F6236D3-StateMachineUpdater] INFO  impl.SimpleStateMachine4Testing (SimpleStateMachine4Testing.java:applyTransaction(251)) - applyTransaction for log index 233
2024-09-29 22:58:04,265 [s0@group-D7B70F6236D3-StateMachineUpdater] INFO  impl.SimpleStateMachine4Testing (SimpleStateMachine4Testing.java:put(207)) - s0: put 233, m116 -> (t:1, i:233), STATEMACHINELOGENTRY, WRITE: logData.size=4, stateMachineData.size=17, logEntryProtoSerializedSize=0
2024-09-29 22:58:04,266 [s1@group-D7B70F6236D3-StateMachineUpdater] INFO  impl.SimpleStateMachine4Testing (SimpleStateMachine4Testing.java:applyTransaction(251)) - applyTransaction for log index 233
2024-09-29 22:58:04,266 [s1@group-D7B70F6236D3-StateMachineUpdater] INFO  impl.SimpleStateMachine4Testing (SimpleStateMachine4Testing.java:put(207)) - s1: put 233, m116 -> (t:1, i:233), STATEMACHINELOGENTRY, WRITE: logData.size=4, stateMachineData.size=17, logEntryProtoSerializedSize=0
2024-09-29 22:58:04,266 [timer4] WARN  server.GrpcLogAppender (GrpcLogAppender.java:timeoutAppendRequest(450)) - s2@group-64B60AA06307->s1-GrpcLogAppender: Timed out HEARTBEAT appendEntries, errorCount=12, request=AppendEntriesRequest:cid=579,entriesCount=0
2024-09-29 22:58:04,266 [s2@group-D7B70F6236D3-StateMachineUpdater] INFO  impl.SimpleStateMachine4Testing (SimpleStateMachine4Testing.java:applyTransaction(251)) - applyTransaction for log index 233
2024-09-29 22:58:04,266 [s2@group-D7B70F6236D3-StateMachineUpdater] INFO  impl.SimpleStateMachine4Testing (SimpleStateMachine4Testing.java:put(207)) - s2: put 233, m116 -> (t:1, i:233), STATEMACHINELOGENTRY, WRITE: logData.size=4, stateMachineData.size=17, logEntryProtoSerializedSize=0
2024-09-29 22:58:04,269 [s0@group-D7B70F6236D3-StateMachineUpdater] INFO  impl.SimpleStateMachine4Testing (SimpleStateMachine4Testing.java:applyTransaction(251)) - applyTransaction for log index 235
2024-09-29 22:58:04,269 [s0@group-D7B70F6236D3-StateMachineUpdater] INFO  impl.SimpleStateMachine4Testing (SimpleStateMachine4Testing.java:put(207)) - s0: put 235, m117 -> (t:1, i:235), STATEMACHINELOGENTRY, WRITE: logData.size=4, stateMachineData.size=17, logEntryProtoSerializedSize=0
2024-09-29 22:58:04,270 [s2@group-D7B70F6236D3-StateMachineUpdater] INFO  impl.SimpleStateMachine4Testing (SimpleStateMachine4Testing.java:applyTransaction(251)) - applyTransaction for log index 235
2024-09-29 22:58:04,271 [s2@group-D7B70F6236D3-StateMachineUpdater] INFO  impl.SimpleStateMachine4Testing (SimpleStateMachine4Testing.java:put(207)) - s2: put 235, m117 -> (t:1, i:235), STATEMACHINELOGENTRY, WRITE: logData.size=4, stateMachineData.size=17, logEntryProtoSerializedSize=0
2024-09-29 22:58:04,271 [s1@group-D7B70F6236D3-StateMachineUpdater] INFO  impl.SimpleStateMachine4Testing (SimpleStateMachine4Testing.java:applyTransaction(251)) - applyTransaction for log index 235
2024-09-29 22:58:04,271 [s1@group-D7B70F6236D3-StateMachineUpdater] INFO  impl.SimpleStateMachine4Testing (SimpleStateMachine4Testing.java:put(207)) - s1: put 235, m117 -> (t:1, i:235), STATEMACHINELOGENTRY, WRITE: logData.size=4, stateMachineData.size=17, logEntryProtoSerializedSize=0
2024-09-29 22:58:04,273 [s0@group-D7B70F6236D3-StateMachineUpdater] INFO  impl.SimpleStateMachine4Testing (SimpleStateMachine4Testing.java:applyTransaction(251)) - applyTransaction for log index 237
2024-09-29 22:58:04,273 [s0@group-D7B70F6236D3-StateMachineUpdater] INFO  impl.SimpleStateMachine4Testing (SimpleStateMachine4Testing.java:put(207)) - s0: put 237, m118 -> (t:1, i:237), STATEMACHINELOGENTRY, WRITE: logData.size=4, stateMachineData.size=17, logEntryProtoSerializedSize=0
2024-09-29 22:58:04,274 [s2@group-D7B70F6236D3-StateMachineUpdater] INFO  impl.SimpleStateMachine4Testing (SimpleStateMachine4Testing.java:applyTransaction(251)) - applyTransaction for log index 237
2024-09-29 22:58:04,274 [s2@group-D7B70F6236D3-StateMachineUpdater] INFO  impl.SimpleStateMachine4Testing (SimpleStateMachine4Testing.java:put(207)) - s2: put 237, m118 -> (t:1, i:237), STATEMACHINELOGENTRY, WRITE: logData.size=4, stateMachineData.size=17, logEntryProtoSerializedSize=0
2024-09-29 22:58:04,276 [s1@group-D7B70F6236D3-StateMachineUpdater] INFO  impl.SimpleStateMachine4Testing (SimpleStateMachine4Testing.java:applyTransaction(251)) - applyTransaction for log index 237
2024-09-29 22:58:04,276 [s1@group-D7B70F6236D3-StateMachineUpdater] INFO  impl.SimpleStateMachine4Testing (SimpleStateMachine4Testing.java:put(207)) - s1: put 237, m118 -> (t:1, i:237), STATEMACHINELOGENTRY, WRITE: logData.size=4, stateMachineData.size=17, logEntryProtoSerializedSize=0
2024-09-29 22:58:04,286 [s0@group-D7B70F6236D3-StateMachineUpdater] INFO  impl.SimpleStateMachine4Testing (SimpleStateMachine4Testing.java:applyTransaction(251)) - applyTransaction for log index 239
2024-09-29 22:58:04,286 [s0@group-D7B70F6236D3-StateMachineUpdater] INFO  impl.SimpleStateMachine4Testing (SimpleStateMachine4Testing.java:put(207)) - s0: put 239, m119 -> (t:1, i:239), STATEMACHINELOGENTRY, WRITE: logData.size=4, stateMachineData.size=17, logEntryProtoSerializedSize=0
2024-09-29 22:58:04,287 [s1@group-D7B70F6236D3-StateMachineUpdater] INFO  impl.SimpleStateMachine4Testing (SimpleStateMachine4Testing.java:applyTransaction(251)) - applyTransaction for log index 239
2024-09-29 22:58:04,287 [s1@group-D7B70F6236D3-StateMachineUpdater] INFO  impl.SimpleStateMachine4Testing (SimpleStateMachine4Testing.java:put(207)) - s1: put 239, m119 -> (t:1, i:239), STATEMACHINELOGENTRY, WRITE: logData.size=4, stateMachineData.size=17, logEntryProtoSerializedSize=0
2024-09-29 22:58:04,287 [s2@group-D7B70F6236D3-StateMachineUpdater] INFO  impl.SimpleStateMachine4Testing (SimpleStateMachine4Testing.java:applyTransaction(251)) - applyTransaction for log index 239
2024-09-29 22:58:04,288 [s2@group-D7B70F6236D3-StateMachineUpdater] INFO  impl.SimpleStateMachine4Testing (SimpleStateMachine4Testing.java:put(207)) - s2: put 239, m119 -> (t:1, i:239), STATEMACHINELOGENTRY, WRITE: logData.size=4, stateMachineData.size=17, logEntryProtoSerializedSize=0
2024-09-29 22:58:04,291 [s0@group-D7B70F6236D3-StateMachineUpdater] INFO  impl.SimpleStateMachine4Testing (SimpleStateMachine4Testing.java:applyTransaction(251)) - applyTransaction for log index 241
2024-09-29 22:58:04,291 [s0@group-D7B70F6236D3-StateMachineUpdater] INFO  impl.SimpleStateMachine4Testing (SimpleStateMachine4Testing.java:put(207)) - s0: put 241, m120 -> (t:1, i:241), STATEMACHINELOGENTRY, WRITE: logData.size=4, stateMachineData.size=17, logEntryProtoSerializedSize=0
2024-09-29 22:58:04,292 [s2@group-D7B70F6236D3-StateMachineUpdater] INFO  impl.SimpleStateMachine4Testing (SimpleStateMachine4Testing.java:applyTransaction(251)) - applyTransaction for log index 241
2024-09-29 22:58:04,292 [s2@group-D7B70F6236D3-StateMachineUpdater] INFO  impl.SimpleStateMachine4Testing (SimpleStateMachine4Testing.java:put(207)) - s2: put 241, m120 -> (t:1, i:241), STATEMACHINELOGENTRY, WRITE: logData.size=4, stateMachineData.size=17, logEntryProtoSerializedSize=0
2024-09-29 22:58:04,293 [s1@group-D7B70F6236D3-StateMachineUpdater] INFO  impl.SimpleStateMachine4Testing (SimpleStateMachine4Testing.java:applyTransaction(251)) - applyTransaction for log index 241
2024-09-29 22:58:04,293 [s1@group-D7B70F6236D3-StateMachineUpdater] INFO  impl.SimpleStateMachine4Testing (SimpleStateMachine4Testing.java:put(207)) - s1: put 241, m120 -> (t:1, i:241), STATEMACHINELOGENTRY, WRITE: logData.size=4, stateMachineData.size=17, logEntryProtoSerializedSize=0
2024-09-29 22:58:04,295 [s0@group-D7B70F6236D3-StateMachineUpdater] INFO  impl.SimpleStateMachine4Testing (SimpleStateMachine4Testing.java:applyTransaction(251)) - applyTransaction for log index 243
2024-09-29 22:58:04,295 [s0@group-D7B70F6236D3-StateMachineUpdater] INFO  impl.SimpleStateMachine4Testing (SimpleStateMachine4Testing.java:put(207)) - s0: put 243, m121 -> (t:1, i:243), STATEMACHINELOGENTRY, WRITE: logData.size=4, stateMachineData.size=17, logEntryProtoSerializedSize=0
2024-09-29 22:58:04,297 [s1@group-D7B70F6236D3-StateMachineUpdater] INFO  impl.SimpleStateMachine4Testing (SimpleStateMachine4Testing.java:applyTransaction(251)) - applyTransaction for log index 243
2024-09-29 22:58:04,297 [s1@group-D7B70F6236D3-StateMachineUpdater] INFO  impl.SimpleStateMachine4Testing (SimpleStateMachine4Testing.java:put(207)) - s1: put 243, m121 -> (t:1, i:243), STATEMACHINELOGENTRY, WRITE: logData.size=4, stateMachineData.size=17, logEntryProtoSerializedSize=0
2024-09-29 22:58:04,297 [s2@group-D7B70F6236D3-StateMachineUpdater] INFO  impl.SimpleStateMachine4Testing (SimpleStateMachine4Testing.java:applyTransaction(251)) - applyTransaction for log index 243
2024-09-29 22:58:04,297 [s2@group-D7B70F6236D3-StateMachineUpdater] INFO  impl.SimpleStateMachine4Testing (SimpleStateMachine4Testing.java:put(207)) - s2: put 243, m121 -> (t:1, i:243), STATEMACHINELOGENTRY, WRITE: logData.size=4, stateMachineData.size=17, logEntryProtoSerializedSize=0
2024-09-29 22:58:04,300 [s0@group-D7B70F6236D3-StateMachineUpdater] INFO  impl.SimpleStateMachine4Testing (SimpleStateMachine4Testing.java:applyTransaction(251)) - applyTransaction for log index 245
2024-09-29 22:58:04,300 [s0@group-D7B70F6236D3-StateMachineUpdater] INFO  impl.SimpleStateMachine4Testing (SimpleStateMachine4Testing.java:put(207)) - s0: put 245, m122 -> (t:1, i:245), STATEMACHINELOGENTRY, WRITE: logData.size=4, stateMachineData.size=17, logEntryProtoSerializedSize=0
2024-09-29 22:58:04,301 [s2@group-D7B70F6236D3-StateMachineUpdater] INFO  impl.SimpleStateMachine4Testing (SimpleStateMachine4Testing.java:applyTransaction(251)) - applyTransaction for log index 245
2024-09-29 22:58:04,301 [s2@group-D7B70F6236D3-StateMachineUpdater] INFO  impl.SimpleStateMachine4Testing (SimpleStateMachine4Testing.java:put(207)) - s2: put 245, m122 -> (t:1, i:245), STATEMACHINELOGENTRY, WRITE: logData.size=4, stateMachineData.size=17, logEntryProtoSerializedSize=0
2024-09-29 22:58:04,301 [s1@group-D7B70F6236D3-StateMachineUpdater] INFO  impl.SimpleStateMachine4Testing (SimpleStateMachine4Testing.java:applyTransaction(251)) - applyTransaction for log index 245
2024-09-29 22:58:04,301 [s1@group-D7B70F6236D3-StateMachineUpdater] INFO  impl.SimpleStateMachine4Testing (SimpleStateMachine4Testing.java:put(207)) - s1: put 245, m122 -> (t:1, i:245), STATEMACHINELOGENTRY, WRITE: logData.size=4, stateMachineData.size=17, logEntryProtoSerializedSize=0
2024-09-29 22:58:04,303 [s0@group-D7B70F6236D3-StateMachineUpdater] INFO  impl.SimpleStateMachine4Testing (SimpleStateMachine4Testing.java:applyTransaction(251)) - applyTransaction for log index 247
2024-09-29 22:58:04,304 [s0@group-D7B70F6236D3-StateMachineUpdater] INFO  impl.SimpleStateMachine4Testing (SimpleStateMachine4Testing.java:put(207)) - s0: put 247, m123 -> (t:1, i:247), STATEMACHINELOGENTRY, WRITE: logData.size=4, stateMachineData.size=17, logEntryProtoSerializedSize=0
2024-09-29 22:58:04,305 [s2@group-D7B70F6236D3-StateMachineUpdater] INFO  impl.SimpleStateMachine4Testing (SimpleStateMachine4Testing.java:applyTransaction(251)) - applyTransaction for log index 247
2024-09-29 22:58:04,305 [s2@group-D7B70F6236D3-StateMachineUpdater] INFO  impl.SimpleStateMachine4Testing (SimpleStateMachine4Testing.java:put(207)) - s2: put 247, m123 -> (t:1, i:247), STATEMACHINELOGENTRY, WRITE: logData.size=4, stateMachineData.size=17, logEntryProtoSerializedSize=0
2024-09-29 22:58:04,306 [s1@group-D7B70F6236D3-StateMachineUpdater] INFO  impl.SimpleStateMachine4Testing (SimpleStateMachine4Testing.java:applyTransaction(251)) - applyTransaction for log index 247
2024-09-29 22:58:04,306 [s1@group-D7B70F6236D3-StateMachineUpdater] INFO  impl.SimpleStateMachine4Testing (SimpleStateMachine4Testing.java:put(207)) - s1: put 247, m123 -> (t:1, i:247), STATEMACHINELOGENTRY, WRITE: logData.size=4, stateMachineData.size=17, logEntryProtoSerializedSize=0
2024-09-29 22:58:04,307 [s0@group-D7B70F6236D3-StateMachineUpdater] INFO  impl.SimpleStateMachine4Testing (SimpleStateMachine4Testing.java:applyTransaction(251)) - applyTransaction for log index 249
2024-09-29 22:58:04,307 [s0@group-D7B70F6236D3-StateMachineUpdater] INFO  impl.SimpleStateMachine4Testing (SimpleStateMachine4Testing.java:put(207)) - s0: put 249, m124 -> (t:1, i:249), STATEMACHINELOGENTRY, WRITE: logData.size=4, stateMachineData.size=17, logEntryProtoSerializedSize=0
2024-09-29 22:58:04,309 [s2@group-D7B70F6236D3-StateMachineUpdater] INFO  impl.SimpleStateMachine4Testing (SimpleStateMachine4Testing.java:applyTransaction(251)) - applyTransaction for log index 249
2024-09-29 22:58:04,309 [s2@group-D7B70F6236D3-StateMachineUpdater] INFO  impl.SimpleStateMachine4Testing (SimpleStateMachine4Testing.java:put(207)) - s2: put 249, m124 -> (t:1, i:249), STATEMACHINELOGENTRY, WRITE: logData.size=4, stateMachineData.size=17, logEntryProtoSerializedSize=0
2024-09-29 22:58:04,310 [s1@group-D7B70F6236D3-StateMachineUpdater] INFO  impl.SimpleStateMachine4Testing (SimpleStateMachine4Testing.java:applyTransaction(251)) - applyTransaction for log index 249
2024-09-29 22:58:04,310 [s1@group-D7B70F6236D3-StateMachineUpdater] INFO  impl.SimpleStateMachine4Testing (SimpleStateMachine4Testing.java:put(207)) - s1: put 249, m124 -> (t:1, i:249), STATEMACHINELOGENTRY, WRITE: logData.size=4, stateMachineData.size=17, logEntryProtoSerializedSize=0
2024-09-29 22:58:04,312 [s0@group-D7B70F6236D3-StateMachineUpdater] INFO  impl.SimpleStateMachine4Testing (SimpleStateMachine4Testing.java:applyTransaction(251)) - applyTransaction for log index 251
2024-09-29 22:58:04,312 [s0@group-D7B70F6236D3-StateMachineUpdater] INFO  impl.SimpleStateMachine4Testing (SimpleStateMachine4Testing.java:put(207)) - s0: put 251, m125 -> (t:1, i:251), STATEMACHINELOGENTRY, WRITE: logData.size=4, stateMachineData.size=17, logEntryProtoSerializedSize=0
2024-09-29 22:58:04,313 [s2@group-D7B70F6236D3-StateMachineUpdater] INFO  impl.SimpleStateMachine4Testing (SimpleStateMachine4Testing.java:applyTransaction(251)) - applyTransaction for log index 251
2024-09-29 22:58:04,313 [s2@group-D7B70F6236D3-StateMachineUpdater] INFO  impl.SimpleStateMachine4Testing (SimpleStateMachine4Testing.java:put(207)) - s2: put 251, m125 -> (t:1, i:251), STATEMACHINELOGENTRY, WRITE: logData.size=4, stateMachineData.size=17, logEntryProtoSerializedSize=0
2024-09-29 22:58:04,314 [s1@group-D7B70F6236D3-StateMachineUpdater] INFO  impl.SimpleStateMachine4Testing (SimpleStateMachine4Testing.java:applyTransaction(251)) - applyTransaction for log index 251
2024-09-29 22:58:04,314 [s1@group-D7B70F6236D3-StateMachineUpdater] INFO  impl.SimpleStateMachine4Testing (SimpleStateMachine4Testing.java:put(207)) - s1: put 251, m125 -> (t:1, i:251), STATEMACHINELOGENTRY, WRITE: logData.size=4, stateMachineData.size=17, logEntryProtoSerializedSize=0
2024-09-29 22:58:04,317 [s0@group-D7B70F6236D3-StateMachineUpdater] INFO  impl.SimpleStateMachine4Testing (SimpleStateMachine4Testing.java:applyTransaction(251)) - applyTransaction for log index 253
2024-09-29 22:58:04,317 [s0@group-D7B70F6236D3-StateMachineUpdater] INFO  impl.SimpleStateMachine4Testing (SimpleStateMachine4Testing.java:put(207)) - s0: put 253, m126 -> (t:1, i:253), STATEMACHINELOGENTRY, WRITE: logData.size=4, stateMachineData.size=17, logEntryProtoSerializedSize=0
2024-09-29 22:58:04,318 [s2@group-D7B70F6236D3-StateMachineUpdater] INFO  impl.SimpleStateMachine4Testing (SimpleStateMachine4Testing.java:applyTransaction(251)) - applyTransaction for log index 253
2024-09-29 22:58:04,318 [s2@group-D7B70F6236D3-StateMachineUpdater] INFO  impl.SimpleStateMachine4Testing (SimpleStateMachine4Testing.java:put(207)) - s2: put 253, m126 -> (t:1, i:253), STATEMACHINELOGENTRY, WRITE: logData.size=4, stateMachineData.size=17, logEntryProtoSerializedSize=0
2024-09-29 22:58:04,319 [s1@group-D7B70F6236D3-StateMachineUpdater] INFO  impl.SimpleStateMachine4Testing (SimpleStateMachine4Testing.java:applyTransaction(251)) - applyTransaction for log index 253
2024-09-29 22:58:04,319 [s1@group-D7B70F6236D3-StateMachineUpdater] INFO  impl.SimpleStateMachine4Testing (SimpleStateMachine4Testing.java:put(207)) - s1: put 253, m126 -> (t:1, i:253), STATEMACHINELOGENTRY, WRITE: logData.size=4, stateMachineData.size=17, logEntryProtoSerializedSize=0
2024-09-29 22:58:04,321 [s0@group-D7B70F6236D3-StateMachineUpdater] INFO  impl.SimpleStateMachine4Testing (SimpleStateMachine4Testing.java:applyTransaction(251)) - applyTransaction for log index 255
2024-09-29 22:58:04,321 [s0@group-D7B70F6236D3-StateMachineUpdater] INFO  impl.SimpleStateMachine4Testing (SimpleStateMachine4Testing.java:put(207)) - s0: put 255, m127 -> (t:1, i:255), STATEMACHINELOGENTRY, WRITE: logData.size=4, stateMachineData.size=17, logEntryProtoSerializedSize=0
2024-09-29 22:58:04,321 [s0@group-D7B70F6236D3-StateMachineUpdater] TRACE util.FileUtils (FileUtils.java:deleteFully(305)) - deleteFully /tmp/ratis-tests/statemachine/s0/snapshot/1_255
2024-09-29 22:58:04,322 [s0@group-D7B70F6236D3-StateMachineUpdater] TRACE util.FileUtils (FileUtils.java:deleteFully(318)) - deleteFully: /tmp/ratis-tests/statemachine/s0/snapshot/1_255 does not exist.
2024-09-29 22:58:04,322 [s0@group-D7B70F6236D3-StateMachineUpdater] TRACE util.FileUtils (FileUtils.java:deleteFully(305)) - deleteFully /tmp/ratis-tests/statemachine/s0/tmp/1bbc4cf6-b2fb-46c4-90bb-f9cc62e860f1
2024-09-29 22:58:04,322 [s0@group-D7B70F6236D3-StateMachineUpdater] TRACE util.FileUtils (FileUtils.java:deleteFully(318)) - deleteFully: /tmp/ratis-tests/statemachine/s0/tmp/1bbc4cf6-b2fb-46c4-90bb-f9cc62e860f1 does not exist.
2024-09-29 22:58:04,322 [s0@group-D7B70F6236D3-StateMachineUpdater] TRACE util.FileUtils (LogUtils.java:runAndLog(49)) - Successfully ran Atomic Files.move /tmp/ratis-tests/statemachine/s0/tmp/1bbc4cf6-b2fb-46c4-90bb-f9cc62e860f1 to /tmp/ratis-tests/statemachine/s0/snapshot/1_255
2024-09-29 22:58:04,322 [s0@group-D7B70F6236D3-StateMachineUpdater] INFO  impl.StateMachineUpdater (StateMachineUpdater.java:takeSnapshot(308)) - s0@group-D7B70F6236D3-StateMachineUpdater: Took a snapshot at index 255
2024-09-29 22:58:04,322 [s0@group-D7B70F6236D3-StateMachineUpdater] INFO  impl.StateMachineUpdater (StateMachineUpdater.java:lambda$new$0(102)) - s0@group-D7B70F6236D3-StateMachineUpdater: snapshotIndex: updateIncreasingly 191 -> 255
2024-09-29 22:58:04,322 [s0@group-D7B70F6236D3-StateMachineUpdater] INFO  raftlog.RaftLog (RaftLogBase.java:purge(329)) - s0@group-D7B70F6236D3-SegmentedRaftLog: purge 253
2024-09-29 22:58:04,322 [s0@group-D7B70F6236D3-StateMachineUpdater] INFO  raftlog.RaftLog (RaftLogBase.java:lambda$new$0(57)) - s0@group-D7B70F6236D3-SegmentedRaftLog: snapshotIndex: updateIncreasingly 191 -> 255
2024-09-29 22:58:04,322 [s0@group-D7B70F6236D3-StateMachineUpdater] INFO  raftlog.RaftLog (RaftLogBase.java:lambda$new$0(57)) - s0@group-D7B70F6236D3-SegmentedRaftLog: purgeIndex: updateToMax old=189, new=253, updated? true
2024-09-29 22:58:04,323 [s2@group-D7B70F6236D3-StateMachineUpdater] INFO  impl.SimpleStateMachine4Testing (SimpleStateMachine4Testing.java:applyTransaction(251)) - applyTransaction for log index 255
2024-09-29 22:58:04,324 [s2@group-D7B70F6236D3-StateMachineUpdater] INFO  impl.SimpleStateMachine4Testing (SimpleStateMachine4Testing.java:put(207)) - s2: put 255, m127 -> (t:1, i:255), STATEMACHINELOGENTRY, WRITE: logData.size=4, stateMachineData.size=17, logEntryProtoSerializedSize=0
2024-09-29 22:58:04,324 [s2@group-D7B70F6236D3-StateMachineUpdater] TRACE util.FileUtils (FileUtils.java:deleteFully(305)) - deleteFully /tmp/ratis-tests/statemachine/s2/snapshot/1_255
2024-09-29 22:58:04,324 [s2@group-D7B70F6236D3-StateMachineUpdater] TRACE util.FileUtils (FileUtils.java:deleteFully(318)) - deleteFully: /tmp/ratis-tests/statemachine/s2/snapshot/1_255 does not exist.
2024-09-29 22:58:04,324 [s2@group-D7B70F6236D3-StateMachineUpdater] TRACE util.FileUtils (FileUtils.java:deleteFully(305)) - deleteFully /tmp/ratis-tests/statemachine/s2/tmp/ded181dd-70cf-40be-9d9a-6c9d02018a66
2024-09-29 22:58:04,324 [s2@group-D7B70F6236D3-StateMachineUpdater] TRACE util.FileUtils (FileUtils.java:deleteFully(318)) - deleteFully: /tmp/ratis-tests/statemachine/s2/tmp/ded181dd-70cf-40be-9d9a-6c9d02018a66 does not exist.
2024-09-29 22:58:04,324 [s2@group-D7B70F6236D3-StateMachineUpdater] TRACE util.FileUtils (LogUtils.java:runAndLog(49)) - Successfully ran Atomic Files.move /tmp/ratis-tests/statemachine/s2/tmp/ded181dd-70cf-40be-9d9a-6c9d02018a66 to /tmp/ratis-tests/statemachine/s2/snapshot/1_255
2024-09-29 22:58:04,324 [s2@group-D7B70F6236D3-StateMachineUpdater] INFO  impl.StateMachineUpdater (StateMachineUpdater.java:takeSnapshot(308)) - s2@group-D7B70F6236D3-StateMachineUpdater: Took a snapshot at index 255
2024-09-29 22:58:04,324 [s2@group-D7B70F6236D3-StateMachineUpdater] INFO  impl.StateMachineUpdater (StateMachineUpdater.java:lambda$new$0(102)) - s2@group-D7B70F6236D3-StateMachineUpdater: snapshotIndex: updateIncreasingly 191 -> 255
2024-09-29 22:58:04,324 [s2@group-D7B70F6236D3-StateMachineUpdater] INFO  raftlog.RaftLog (RaftLogBase.java:purge(329)) - s2@group-D7B70F6236D3-SegmentedRaftLog: purge 253
2024-09-29 22:58:04,325 [s2@group-D7B70F6236D3-StateMachineUpdater] INFO  raftlog.RaftLog (RaftLogBase.java:lambda$new$0(57)) - s2@group-D7B70F6236D3-SegmentedRaftLog: snapshotIndex: updateIncreasingly 191 -> 255
2024-09-29 22:58:04,325 [s2@group-D7B70F6236D3-StateMachineUpdater] INFO  raftlog.RaftLog (RaftLogBase.java:lambda$new$0(57)) - s2@group-D7B70F6236D3-SegmentedRaftLog: purgeIndex: updateToMax old=190, new=253, updated? true
2024-09-29 22:58:04,327 [s1@group-D7B70F6236D3-StateMachineUpdater] INFO  impl.SimpleStateMachine4Testing (SimpleStateMachine4Testing.java:applyTransaction(251)) - applyTransaction for log index 255
2024-09-29 22:58:04,327 [s1@group-D7B70F6236D3-StateMachineUpdater] INFO  impl.SimpleStateMachine4Testing (SimpleStateMachine4Testing.java:put(207)) - s1: put 255, m127 -> (t:1, i:255), STATEMACHINELOGENTRY, WRITE: logData.size=4, stateMachineData.size=17, logEntryProtoSerializedSize=0
2024-09-29 22:58:04,329 [s0-server-thread1] INFO  server.RaftServer$Division (RaftServerImpl.java:takeSnapshotAsync(1259)) - s0@group-D7B70F6236D3: takeSnapshotAsync SnapshotManagementRequest:client-14C03F70C188->s0@group-D7B70F6236D3, cid=521, seq=null, RO, null, Create:
2024-09-29 22:58:04,329 [s0-server-thread1] INFO  server.RaftServerConfigKeys (ConfUtils.java:logGet(46)) - raft.server.snapshot.creation.gap = 1024 (default)
2024-09-29 22:58:04,331 [s0-server-thread1] INFO  server.RaftServer$Division (RaftServerImpl.java:takeSnapshotAsync(1259)) - s0@group-D7B70F6236D3: takeSnapshotAsync SnapshotManagementRequest:client-14C03F70C188->s0@group-D7B70F6236D3, cid=522, seq=null, RO, null, Create:
2024-09-29 22:58:04,331 [s0-server-thread1] INFO  server.RaftServerConfigKeys (ConfUtils.java:logGet(46)) - raft.server.snapshot.creation.gap = 1024 (default)
2024-09-29 22:58:04,332 [s0-server-thread1] INFO  server.RaftServer$Division (RaftServerImpl.java:takeSnapshotAsync(1259)) - s0@group-D7B70F6236D3: takeSnapshotAsync SnapshotManagementRequest:client-14C03F70C188->s0@group-D7B70F6236D3, cid=523, seq=null, RO, null, Create:
2024-09-29 22:58:04,332 [s0-server-thread1] INFO  server.RaftServerConfigKeys (ConfUtils.java:logGet(46)) - raft.server.snapshot.creation.gap = 1024 (default)
2024-09-29 22:58:04,335 [main] INFO  util.CodeInjectionForTesting (BlockRequestHandlingInjection.java:blockRequestor(49)) - Block requestor s1
2024-09-29 22:58:04,335 [main] INFO  util.CodeInjectionForTesting (BlockRequestHandlingInjection.java:blockRequestor(49)) - Block requestor s2
2024-09-29 22:58:04,335 [main] INFO  impl.MiniRaftCluster (MiniRaftCluster.java:addNewPeers(468)) - Add new peers [s3, s4]
2024-09-29 22:58:04,335 [main] INFO  impl.MiniRaftCluster (MiniRaftCluster.java:newRaftServer(386)) - newRaftServer: s3, group-D7B70F6236D3:[], format? true
2024-09-29 22:58:04,336 [main] TRACE util.FileUtils (FileUtils.java:deleteFully(305)) - deleteFully target/test/data/f7ba0e94/MiniRaftClusterWithGrpc35e999b0/s3
2024-09-29 22:58:04,336 [main] TRACE util.FileUtils (FileUtils.java:deleteFully(318)) - deleteFully: target/test/data/f7ba0e94/MiniRaftClusterWithGrpc35e999b0/s3 does not exist.
2024-09-29 22:58:04,336 [main] INFO  impl.MiniRaftCluster (MiniRaftCluster.java:newRaftServer(391)) - Formatted directory target/test/data/f7ba0e94/MiniRaftClusterWithGrpc35e999b0/s3
2024-09-29 22:58:04,336 [main] INFO  server.RaftServer (ConfUtils.java:logGet(46)) - raft.rpc.type = GRPC (default)
2024-09-29 22:58:04,336 [main] INFO  grpc.GrpcConfigKeys (ConfUtils.java:logFallback(53)) - raft.grpc.admin.host = null (fallback to raft.grpc.server.host)
2024-09-29 22:58:04,337 [main] INFO  grpc.GrpcConfigKeys (ConfUtils.java:logFallback(53)) - raft.grpc.admin.port = 15038 (fallback to raft.grpc.server.port)
2024-09-29 22:58:04,337 [main] INFO  grpc.GrpcConfigKeys (ConfUtils.java:logFallback(53)) - raft.grpc.client.host = null (fallback to raft.grpc.server.host)
2024-09-29 22:58:04,337 [main] INFO  grpc.GrpcConfigKeys (ConfUtils.java:logFallback(53)) - raft.grpc.client.port = 15038 (fallback to raft.grpc.server.port)
2024-09-29 22:58:04,337 [main] INFO  grpc.GrpcConfigKeys (ConfUtils.java:logGet(46)) - raft.grpc.server.host = null (default)
2024-09-29 22:58:04,337 [main] INFO  grpc.GrpcConfigKeys (ConfUtils.java:logGet(46)) - raft.grpc.server.port = 15038 (custom)
2024-09-29 22:58:04,338 [main] INFO  server.GrpcService (ConfUtils.java:logGet(46)) - raft.grpc.message.size.max = 64MB (=67108864) (default)
2024-09-29 22:58:04,338 [main] INFO  server.GrpcService (ConfUtils.java:logGet(46)) - raft.grpc.flow.control.window = 1MB (=1048576) (default)
2024-09-29 22:58:04,338 [main] INFO  server.RaftServerConfigKeys (ConfUtils.java:logGet(46)) - raft.server.rpc.request.timeout = 3000ms (default)
2024-09-29 22:58:04,338 [main] INFO  grpc.GrpcConfigKeys (ConfUtils.java:logGet(46)) - raft.grpc.server.heartbeat.channel = true (default)
2024-09-29 22:58:04,339 [main] INFO  grpc.GrpcConfigKeys (ConfUtils.java:logGet(46)) - raft.grpc.server.zerocopy.enabled = true (custom)
2024-09-29 22:58:04,339 [main] INFO  server.RaftServerConfigKeys (ConfUtils.java:logGet(46)) - raft.server.log.appender.buffer.byte-limit = 4MB (=4194304) (default)
2024-09-29 22:58:04,339 [main] INFO  grpc.GrpcConfigKeys (ConfUtils.java:logGet(46)) - raft.grpc.server.async.request.thread.pool.cached = true (default)
2024-09-29 22:58:04,339 [main] INFO  grpc.GrpcConfigKeys (ConfUtils.java:logGet(46)) - raft.grpc.server.async.request.thread.pool.size = 32 (default)
2024-09-29 22:58:04,340 [main] INFO  impl.DataStreamServerImpl (ConfUtils.java:logGet(46)) - raft.datastream.type = DISABLED (default)
2024-09-29 22:58:04,341 [main] INFO  server.RaftServerConfigKeys (ConfUtils.java:logGet(46)) - raft.server.sleep.deviation.threshold = 300ms (default)
2024-09-29 22:58:04,341 [main] INFO  server.RaftServerConfigKeys (ConfUtils.java:logGet(46)) - raft.server.close.threshold = 60s (default)
2024-09-29 22:58:04,341 [main] INFO  server.RaftServerConfigKeys (ConfUtils.java:logGet(46)) - raft.server.leaderelection.leader.step-down.wait-time = 10s (default)
2024-09-29 22:58:04,342 [main] INFO  server.RaftServerConfigKeys (ConfUtils.java:logGet(46)) - raft.server.storage.dir = [/home/runner/work/ratis/ratis/ratis-test/target/test/data/f7ba0e94/MiniRaftClusterWithGrpc35e999b0/s3] (custom)
2024-09-29 22:58:04,342 [main] INFO  server.RaftServerConfigKeys (ConfUtils.java:logGet(46)) - raft.server.threadpool.proxy.cached = true (default)
2024-09-29 22:58:04,342 [main] INFO  server.RaftServerConfigKeys (ConfUtils.java:logGet(46)) - raft.server.threadpool.proxy.size = 0 (default)
2024-09-29 22:58:04,343 [main] INFO  server.RaftServer (RaftServerProxy.java:addNew(101)) - s3: addNew group-D7B70F6236D3:[] returns group-D7B70F6236D3:java.util.concurrent.CompletableFuture@44f5259a[Not completed]
2024-09-29 22:58:04,343 [s3-groupManagement] INFO  server.RaftServerConfigKeys (ConfUtils.java:logGet(46)) - raft.server.log.segment.size.max = 32MB (=33554432) (default)
2024-09-29 22:58:04,343 [main] INFO  impl.MiniRaftCluster (MiniRaftCluster.java:newRaftServer(386)) - newRaftServer: s4, group-D7B70F6236D3:[], format? true
2024-09-29 22:58:04,343 [main] TRACE util.FileUtils (FileUtils.java:deleteFully(305)) - deleteFully target/test/data/f7ba0e94/MiniRaftClusterWithGrpc35e999b0/s4
2024-09-29 22:58:04,343 [s3-groupManagement] INFO  server.RaftServerConfigKeys (ConfUtils.java:logGet(46)) - raft.server.log.preallocated.size = 4MB (=4194304) (default)
2024-09-29 22:58:04,344 [main] TRACE util.FileUtils (FileUtils.java:deleteFully(318)) - deleteFully: target/test/data/f7ba0e94/MiniRaftClusterWithGrpc35e999b0/s4 does not exist.
2024-09-29 22:58:04,344 [main] INFO  impl.MiniRaftCluster (MiniRaftCluster.java:newRaftServer(391)) - Formatted directory target/test/data/f7ba0e94/MiniRaftClusterWithGrpc35e999b0/s4
2024-09-29 22:58:04,344 [s3-groupManagement] INFO  server.RaftServerConfigKeys (ConfUtils.java:logGet(46)) - raft.server.log.write.buffer.size = 8MB (=8388608) (default)
2024-09-29 22:58:04,344 [s3-groupManagement] INFO  server.RaftServer$Division (RaftServerImpl.java:<init>(255)) - s3: new RaftServerImpl for group-D7B70F6236D3:[] with StateMachineWithSeparatedSnapshotPath:uninitialized
2024-09-29 22:58:04,344 [main] INFO  server.RaftServer (ConfUtils.java:logGet(46)) - raft.rpc.type = GRPC (default)
2024-09-29 22:58:04,344 [s3-groupManagement] INFO  server.RaftServerConfigKeys (ConfUtils.java:logGet(46)) - raft.server.rpc.timeout.min = 150ms (default)
2024-09-29 22:58:04,345 [main] INFO  grpc.GrpcConfigKeys (ConfUtils.java:logFallback(53)) - raft.grpc.admin.host = null (fallback to raft.grpc.server.host)
2024-09-29 22:58:04,345 [s3-groupManagement] INFO  server.RaftServerConfigKeys (ConfUtils.java:logGet(46)) - raft.server.rpc.timeout.max = 300ms (default)
2024-09-29 22:58:04,345 [main] INFO  grpc.GrpcConfigKeys (ConfUtils.java:logFallback(53)) - raft.grpc.admin.port = 15039 (fallback to raft.grpc.server.port)
2024-09-29 22:58:04,345 [s3-groupManagement] INFO  server.RaftServerConfigKeys (ConfUtils.java:logGet(46)) - raft.server.rpc.sleep.time = 25ms (default)
2024-09-29 22:58:04,345 [main] INFO  grpc.GrpcConfigKeys (ConfUtils.java:logFallback(53)) - raft.grpc.client.host = null (fallback to raft.grpc.server.host)
2024-09-29 22:58:04,345 [s3-groupManagement] INFO  server.RaftServerConfigKeys (ConfUtils.java:logGet(46)) - raft.server.rpc.slowness.timeout = 60s (default)
2024-09-29 22:58:04,346 [main] INFO  grpc.GrpcConfigKeys (ConfUtils.java:logFallback(53)) - raft.grpc.client.port = 15039 (fallback to raft.grpc.server.port)
2024-09-29 22:58:04,346 [s3-groupManagement] INFO  server.RaftServerConfigKeys (ConfUtils.java:logGet(46)) - raft.server.leaderelection.leader.step-down.wait-time = 10s (default)
2024-09-29 22:58:04,346 [main] INFO  grpc.GrpcConfigKeys (ConfUtils.java:logGet(46)) - raft.grpc.server.host = null (default)
2024-09-29 22:58:04,346 [s3-groupManagement] INFO  server.RaftServerConfigKeys (ConfUtils.java:logGet(46)) - raft.server.leaderelection.member.majority-add = true (custom)
2024-09-29 22:58:04,346 [main] INFO  grpc.GrpcConfigKeys (ConfUtils.java:logGet(46)) - raft.grpc.server.port = 15039 (custom)
2024-09-29 22:58:04,346 [s3-groupManagement] INFO  server.RaftServerConfigKeys (ConfUtils.java:logGet(46)) - raft.server.sleep.deviation.threshold = 300ms (default)
2024-09-29 22:58:04,347 [main] INFO  server.GrpcService (ConfUtils.java:logGet(46)) - raft.grpc.message.size.max = 64MB (=67108864) (default)
2024-09-29 22:58:04,347 [s3-groupManagement] INFO  server.RaftServer$Division (ServerState.java:<init>(114)) - s3@group-D7B70F6236D3: ConfigurationManager, init=conf: {index: -1, cur=peers:[]|listeners:[], old=null}, confs=<EMPTY_MAP>
2024-09-29 22:58:04,347 [main] INFO  server.GrpcService (ConfUtils.java:logGet(46)) - raft.grpc.flow.control.window = 1MB (=1048576) (default)
2024-09-29 22:58:04,347 [main] INFO  server.RaftServerConfigKeys (ConfUtils.java:logGet(46)) - raft.server.rpc.request.timeout = 3000ms (default)
2024-09-29 22:58:04,347 [s3-groupManagement] INFO  server.RaftServerConfigKeys (ConfUtils.java:logGet(46)) - raft.server.notification.no-leader.timeout = 60s (default)
2024-09-29 22:58:04,347 [main] INFO  grpc.GrpcConfigKeys (ConfUtils.java:logGet(46)) - raft.grpc.server.heartbeat.channel = true (default)
2024-09-29 22:58:04,347 [s3-groupManagement] INFO  server.RaftServerConfigKeys (ConfUtils.java:logGet(46)) - raft.server.read.timeout = 10s (default)
2024-09-29 22:58:04,348 [main] INFO  grpc.GrpcConfigKeys (ConfUtils.java:logGet(46)) - raft.grpc.server.zerocopy.enabled = true (custom)
2024-09-29 22:58:04,348 [s3-groupManagement] INFO  server.RaftServerConfigKeys (ConfUtils.java:logGet(46)) - raft.server.retrycache.expirytime = 60s (default)
2024-09-29 22:58:04,348 [main] INFO  server.RaftServerConfigKeys (ConfUtils.java:logGet(46)) - raft.server.log.appender.buffer.byte-limit = 4MB (=4194304) (default)
2024-09-29 22:58:04,348 [s3-groupManagement] INFO  server.RaftServerConfigKeys (ConfUtils.java:logGet(46)) - raft.server.retrycache.statistics.expirytime = 100ms (default)
2024-09-29 22:58:04,348 [s3-groupManagement] INFO  server.RaftServerConfigKeys (ConfUtils.java:logGet(46)) - raft.server.read.option = DEFAULT (default)
2024-09-29 22:58:04,348 [s3-groupManagement] INFO  server.RaftServerConfigKeys (ConfUtils.java:logGet(46)) - raft.server.read.read-after-write-consistent.write-index-cache.expiry-time = 60s (default)
2024-09-29 22:58:04,349 [s3-groupManagement] INFO  server.RaftServerConfigKeys (ConfUtils.java:logGet(46)) - raft.server.rpc.request.timeout = 3000ms (default)
2024-09-29 22:58:04,349 [s3-groupManagement] INFO  server.RaftServerConfigKeys (ConfUtils.java:logGet(46)) - raft.server.log.appender.install.snapshot.enabled = true (default)
2024-09-29 22:58:04,350 [s3-groupManagement] INFO  server.RaftServerConfigKeys (ConfUtils.java:logGet(46)) - raft.server.threadpool.server.cached = true (default)
2024-09-29 22:58:04,350 [s3-groupManagement] INFO  server.RaftServerConfigKeys (ConfUtils.java:logGet(46)) - raft.server.threadpool.server.size = 0 (default)
2024-09-29 22:58:04,350 [s3-groupManagement] INFO  server.RaftServerConfigKeys (ConfUtils.java:logGet(46)) - raft.server.threadpool.client.cached = true (default)
2024-09-29 22:58:04,350 [s3-groupManagement] INFO  server.RaftServerConfigKeys (ConfUtils.java:logGet(46)) - raft.server.threadpool.client.size = 0 (default)
2024-09-29 22:58:04,350 [main] INFO  grpc.GrpcConfigKeys (ConfUtils.java:logGet(46)) - raft.grpc.server.async.request.thread.pool.cached = true (default)
2024-09-29 22:58:04,351 [main] INFO  grpc.GrpcConfigKeys (ConfUtils.java:logGet(46)) - raft.grpc.server.async.request.thread.pool.size = 32 (default)
2024-09-29 22:58:04,353 [main] INFO  impl.DataStreamServerImpl (ConfUtils.java:logGet(46)) - raft.datastream.type = DISABLED (default)
2024-09-29 22:58:04,354 [main] INFO  server.RaftServerConfigKeys (ConfUtils.java:logGet(46)) - raft.server.sleep.deviation.threshold = 300ms (default)
2024-09-29 22:58:04,354 [main] INFO  server.RaftServerConfigKeys (ConfUtils.java:logGet(46)) - raft.server.close.threshold = 60s (default)
2024-09-29 22:58:04,355 [main] INFO  server.RaftServerConfigKeys (ConfUtils.java:logGet(46)) - raft.server.leaderelection.leader.step-down.wait-time = 10s (default)
2024-09-29 22:58:04,355 [main] INFO  server.RaftServerConfigKeys (ConfUtils.java:logGet(46)) - raft.server.storage.dir = [/home/runner/work/ratis/ratis/ratis-test/target/test/data/f7ba0e94/MiniRaftClusterWithGrpc35e999b0/s4] (custom)
2024-09-29 22:58:04,355 [main] INFO  server.RaftServerConfigKeys (ConfUtils.java:logGet(46)) - raft.server.threadpool.proxy.cached = true (default)
2024-09-29 22:58:04,355 [main] INFO  server.RaftServerConfigKeys (ConfUtils.java:logGet(46)) - raft.server.threadpool.proxy.size = 0 (default)
2024-09-29 22:58:04,356 [main] INFO  server.RaftServer (RaftServerProxy.java:addNew(101)) - s4: addNew group-D7B70F6236D3:[] returns group-D7B70F6236D3:java.util.concurrent.CompletableFuture@22825762[Not completed]
2024-09-29 22:58:04,356 [s4-groupManagement] INFO  server.RaftServerConfigKeys (ConfUtils.java:logGet(46)) - raft.server.log.segment.size.max = 32MB (=33554432) (default)
2024-09-29 22:58:04,356 [s3-impl-thread1] INFO  server.RaftServerConfigKeys (ConfUtils.java:logGet(46)) - raft.server.storage.free-space.min = 0MB (=0) (default)
2024-09-29 22:58:04,356 [s4-groupManagement] INFO  server.RaftServerConfigKeys (ConfUtils.java:logGet(46)) - raft.server.log.preallocated.size = 4MB (=4194304) (default)
2024-09-29 22:58:04,357 [s4-groupManagement] INFO  server.RaftServerConfigKeys (ConfUtils.java:logGet(46)) - raft.server.log.write.buffer.size = 8MB (=8388608) (default)
2024-09-29 22:58:04,356 [s3-impl-thread1] INFO  server.RaftServerConfigKeys (ConfUtils.java:logGet(46)) - raft.server.log.corruption.policy = EXCEPTION (default)
2024-09-29 22:58:04,357 [s4-groupManagement] INFO  server.RaftServer$Division (RaftServerImpl.java:<init>(255)) - s4: new RaftServerImpl for group-D7B70F6236D3:[] with StateMachineWithSeparatedSnapshotPath:uninitialized
2024-09-29 22:58:04,357 [s3-impl-thread1] INFO  server.RaftServerConfigKeys (ConfUtils.java:logGet(46)) - raft.server.storage.dir = [/home/runner/work/ratis/ratis/ratis-test/target/test/data/f7ba0e94/MiniRaftClusterWithGrpc35e999b0/s3] (custom)
2024-09-29 22:58:04,357 [s4-groupManagement] INFO  server.RaftServerConfigKeys (ConfUtils.java:logGet(46)) - raft.server.rpc.timeout.min = 150ms (default)
2024-09-29 22:58:04,357 [s4-groupManagement] INFO  server.RaftServerConfigKeys (ConfUtils.java:logGet(46)) - raft.server.rpc.timeout.max = 300ms (default)
2024-09-29 22:58:04,357 [s4-groupManagement] INFO  server.RaftServerConfigKeys (ConfUtils.java:logGet(46)) - raft.server.rpc.sleep.time = 25ms (default)
2024-09-29 22:58:04,357 [s3-impl-thread1] INFO  storage.RaftStorageDirectory (RaftStorageDirectoryImpl.java:analyzeStorage(138)) - The storage directory /home/runner/work/ratis/ratis/ratis-test/target/test/data/f7ba0e94/MiniRaftClusterWithGrpc35e999b0/s3/636f46cf-4f82-4ac4-8690-d7b70f6236d3 does not exist. Creating ...
2024-09-29 22:58:04,357 [s4-groupManagement] INFO  server.RaftServerConfigKeys (ConfUtils.java:logGet(46)) - raft.server.rpc.slowness.timeout = 60s (default)
2024-09-29 22:58:04,357 [s4-groupManagement] INFO  server.RaftServerConfigKeys (ConfUtils.java:logGet(46)) - raft.server.leaderelection.leader.step-down.wait-time = 10s (default)
2024-09-29 22:58:04,357 [s4-groupManagement] INFO  server.RaftServerConfigKeys (ConfUtils.java:logGet(46)) - raft.server.leaderelection.member.majority-add = true (custom)
2024-09-29 22:58:04,357 [s4-groupManagement] INFO  server.RaftServerConfigKeys (ConfUtils.java:logGet(46)) - raft.server.sleep.deviation.threshold = 300ms (default)
2024-09-29 22:58:04,357 [s4-groupManagement] INFO  server.RaftServer$Division (ServerState.java:<init>(114)) - s4@group-D7B70F6236D3: ConfigurationManager, init=conf: {index: -1, cur=peers:[]|listeners:[], old=null}, confs=<EMPTY_MAP>
2024-09-29 22:58:04,357 [s3-impl-thread1] TRACE util.FileUtils (LogUtils.java:runAndLog(49)) - Successfully ran Files.createDirectories /home/runner/work/ratis/ratis/ratis-test/target/test/data/f7ba0e94/MiniRaftClusterWithGrpc35e999b0/s3/636f46cf-4f82-4ac4-8690-d7b70f6236d3
2024-09-29 22:58:04,357 [s4-groupManagement] INFO  server.RaftServerConfigKeys (ConfUtils.java:logGet(46)) - raft.server.notification.no-leader.timeout = 60s (default)
2024-09-29 22:58:04,357 [s4-groupManagement] INFO  server.RaftServerConfigKeys (ConfUtils.java:logGet(46)) - raft.server.read.timeout = 10s (default)
2024-09-29 22:58:04,358 [s4-groupManagement] INFO  server.RaftServerConfigKeys (ConfUtils.java:logGet(46)) - raft.server.retrycache.expirytime = 60s (default)
2024-09-29 22:58:04,358 [s4-groupManagement] INFO  server.RaftServerConfigKeys (ConfUtils.java:logGet(46)) - raft.server.retrycache.statistics.expirytime = 100ms (default)
2024-09-29 22:58:04,358 [s4-groupManagement] INFO  server.RaftServerConfigKeys (ConfUtils.java:logGet(46)) - raft.server.read.option = DEFAULT (default)
2024-09-29 22:58:04,358 [s4-groupManagement] INFO  server.RaftServerConfigKeys (ConfUtils.java:logGet(46)) - raft.server.read.read-after-write-consistent.write-index-cache.expiry-time = 60s (default)
2024-09-29 22:58:04,359 [s3-impl-thread1] INFO  storage.RaftStorageDirectory (RaftStorageDirectoryImpl.java:tryLock(229)) - Lock on /home/runner/work/ratis/ratis/ratis-test/target/test/data/f7ba0e94/MiniRaftClusterWithGrpc35e999b0/s3/636f46cf-4f82-4ac4-8690-d7b70f6236d3/in_use.lock acquired by nodename 27829@fv-az737-927
2024-09-29 22:58:04,359 [s4-groupManagement] INFO  server.RaftServerConfigKeys (ConfUtils.java:logGet(46)) - raft.server.rpc.request.timeout = 3000ms (default)
2024-09-29 22:58:04,359 [s3-impl-thread1] TRACE util.FileUtils (LogUtils.java:runAndLog(49)) - Successfully ran Files.createDirectories /home/runner/work/ratis/ratis/ratis-test/target/test/data/f7ba0e94/MiniRaftClusterWithGrpc35e999b0/s3/636f46cf-4f82-4ac4-8690-d7b70f6236d3/current
2024-09-29 22:58:04,359 [s4-groupManagement] INFO  server.RaftServerConfigKeys (ConfUtils.java:logGet(46)) - raft.server.log.appender.install.snapshot.enabled = true (default)
2024-09-29 22:58:04,359 [s3-impl-thread1] TRACE util.FileUtils (LogUtils.java:runAndLog(49)) - Successfully ran Files.createDirectories /home/runner/work/ratis/ratis/ratis-test/target/test/data/f7ba0e94/MiniRaftClusterWithGrpc35e999b0/s3/636f46cf-4f82-4ac4-8690-d7b70f6236d3/sm
2024-09-29 22:58:04,359 [s4-groupManagement] INFO  server.RaftServerConfigKeys (ConfUtils.java:logGet(46)) - raft.server.threadpool.server.cached = true (default)
2024-09-29 22:58:04,359 [s4-groupManagement] INFO  server.RaftServerConfigKeys (ConfUtils.java:logGet(46)) - raft.server.threadpool.server.size = 0 (default)
2024-09-29 22:58:04,359 [s3-impl-thread1] TRACE util.FileUtils (LogUtils.java:supplyAndLog(69)) - Successfully supplied FileChannel.open /home/runner/work/ratis/ratis/ratis-test/target/test/data/f7ba0e94/MiniRaftClusterWithGrpc35e999b0/s3/636f46cf-4f82-4ac4-8690-d7b70f6236d3/current/raft-meta.tmp with options [CREATE, WRITE]: sun.nio.ch.FileChannelImpl@62d05164
2024-09-29 22:58:04,359 [s4-groupManagement] INFO  server.RaftServerConfigKeys (ConfUtils.java:logGet(46)) - raft.server.threadpool.client.cached = true (default)
2024-09-29 22:58:04,359 [s4-groupManagement] INFO  server.RaftServerConfigKeys (ConfUtils.java:logGet(46)) - raft.server.threadpool.client.size = 0 (default)
2024-09-29 22:58:04,360 [s3-impl-thread1] TRACE util.FileUtils (LogUtils.java:runAndLog(49)) - Successfully ran Atomic Files.move /home/runner/work/ratis/ratis/ratis-test/target/test/data/f7ba0e94/MiniRaftClusterWithGrpc35e999b0/s3/636f46cf-4f82-4ac4-8690-d7b70f6236d3/current/raft-meta.tmp to /home/runner/work/ratis/ratis/ratis-test/target/test/data/f7ba0e94/MiniRaftClusterWithGrpc35e999b0/s3/636f46cf-4f82-4ac4-8690-d7b70f6236d3/current/raft-meta with options [REPLACE_EXISTING]
2024-09-29 22:58:04,360 [s3-impl-thread1] INFO  storage.RaftStorage (RaftStorageImpl.java:format(98)) - Storage directory /home/runner/work/ratis/ratis/ratis-test/target/test/data/f7ba0e94/MiniRaftClusterWithGrpc35e999b0/s3/636f46cf-4f82-4ac4-8690-d7b70f6236d3 has been successfully formatted.
2024-09-29 22:58:04,360 [s3-impl-thread1] INFO  impl.SimpleStateMachine4Testing (SimpleStateMachine4Testing.java:initialize(215)) - Initializing StateMachineWithSeparatedSnapshotPath:uninitialized
2024-09-29 22:58:04,360 [s3-impl-thread1] INFO  impl.SimpleStateMachine4Testing (SimpleStateMachine4Testing.java:loadSnapshot(300)) - Loading snapshot null
2024-09-29 22:58:04,360 [s3-impl-thread1] TRACE util.FileUtils (FileUtils.java:deleteFully(305)) - deleteFully /tmp/ratis-tests/statemachine/s3
2024-09-29 22:58:04,361 [s3-impl-thread1] TRACE util.FileUtils (LogUtils.java:runAndLog(49)) - Successfully ran Files.delete /tmp/ratis-tests/statemachine/s3/snapshot/2_263/vegetable
2024-09-29 22:58:04,361 [s3-impl-thread1] TRACE util.FileUtils (LogUtils.java:runAndLog(49)) - Successfully ran Files.delete /tmp/ratis-tests/statemachine/s3/snapshot/2_263/loves
2024-09-29 22:58:04,361 [s3-impl-thread1] TRACE util.FileUtils (LogUtils.java:runAndLog(49)) - Successfully ran Files.delete /tmp/ratis-tests/statemachine/s3/snapshot/2_263/deer
2024-09-29 22:58:04,361 [s3-impl-thread1] TRACE util.FileUtils (LogUtils.java:runAndLog(49)) - Successfully ran Files.delete /tmp/ratis-tests/statemachine/s3/snapshot/2_263
2024-09-29 22:58:04,361 [s3-impl-thread1] TRACE util.FileUtils (LogUtils.java:runAndLog(49)) - Successfully ran Files.delete /tmp/ratis-tests/statemachine/s3/snapshot/1_255/loves.md5
2024-09-29 22:58:04,361 [s3-impl-thread1] TRACE util.FileUtils (LogUtils.java:runAndLog(49)) - Successfully ran Files.delete /tmp/ratis-tests/statemachine/s3/snapshot/1_255/vegetable
2024-09-29 22:58:04,361 [s3-impl-thread1] TRACE util.FileUtils (LogUtils.java:runAndLog(49)) - Successfully ran Files.delete /tmp/ratis-tests/statemachine/s3/snapshot/1_255/deer.md5
2024-09-29 22:58:04,362 [s3-impl-thread1] TRACE util.FileUtils (LogUtils.java:runAndLog(49)) - Successfully ran Files.delete /tmp/ratis-tests/statemachine/s3/snapshot/1_255/vegetable.md5
2024-09-29 22:58:04,362 [s3-impl-thread1] TRACE util.FileUtils (LogUtils.java:runAndLog(49)) - Successfully ran Files.delete /tmp/ratis-tests/statemachine/s3/snapshot/1_255/loves
2024-09-29 22:58:04,362 [s3-impl-thread1] TRACE util.FileUtils (LogUtils.java:runAndLog(49)) - Successfully ran Files.delete /tmp/ratis-tests/statemachine/s3/snapshot/1_255/deer
2024-09-29 22:58:04,362 [s3-impl-thread1] TRACE util.FileUtils (LogUtils.java:runAndLog(49)) - Successfully ran Files.delete /tmp/ratis-tests/statemachine/s3/snapshot/1_255
2024-09-29 22:58:04,362 [s3-impl-thread1] TRACE util.FileUtils (LogUtils.java:runAndLog(49)) - Successfully ran Files.delete /tmp/ratis-tests/statemachine/s3/snapshot
2024-09-29 22:58:04,362 [s3-impl-thread1] TRACE util.FileUtils (LogUtils.java:runAndLog(49)) - Successfully ran Files.delete /tmp/ratis-tests/statemachine/s3/tmp
2024-09-29 22:58:04,362 [s3-impl-thread1] TRACE util.FileUtils (LogUtils.java:runAndLog(49)) - Successfully ran Files.delete /tmp/ratis-tests/statemachine/s3
2024-09-29 22:58:04,362 [s3-impl-thread1] INFO  server.RaftServerConfigKeys (ConfUtils.java:logGet(46)) - raft.server.log.use.memory = false (default)
2024-09-29 22:58:04,363 [s3-impl-thread1] INFO  server.RaftServerConfigKeys (ConfUtils.java:logGet(46)) - raft.server.log.purge.gap = 8 (custom)
2024-09-29 22:58:04,363 [s3-impl-thread1] INFO  server.RaftServerConfigKeys (ConfUtils.java:logGet(46)) - raft.server.log.appender.buffer.byte-limit = 4MB (=4194304) (default)
2024-09-29 22:58:04,363 [s3-impl-thread1] INFO  server.RaftServerConfigKeys (ConfUtils.java:logGet(46)) - raft.server.log.statemachine.data.read.timeout = 1000ms (default)
2024-09-29 22:58:04,363 [s3-impl-thread1] INFO  server.RaftServerConfigKeys (ConfUtils.java:logGet(46)) - raft.server.log.purge.preservation.log.num = 0 (default)
2024-09-29 22:58:04,363 [s3-impl-thread1] INFO  server.RaftServerConfigKeys (ConfUtils.java:logGet(46)) - raft.server.log.segment.size.max = 32MB (=33554432) (default)
2024-09-29 22:58:04,363 [s3-impl-thread1] INFO  server.RaftServerConfigKeys (ConfUtils.java:logGet(46)) - raft.server.log.segment.cache.num.max = 6 (default)
2024-09-29 22:58:04,363 [s3-impl-thread1] INFO  server.RaftServerConfigKeys (ConfUtils.java:logGet(46)) - raft.server.log.segment.cache.size.max = 200MB (=209715200) (default)
2024-09-29 22:58:04,363 [s3-impl-thread1] INFO  server.RaftServerConfigKeys (ConfUtils.java:logGet(46)) - raft.server.log.appender.buffer.byte-limit = 4MB (=4194304) (default)
2024-09-29 22:58:04,364 [s3-impl-thread1] INFO  util.AwaitToRun (AwaitToRun.java:start(81)) - Thread[s3@group-D7B70F6236D3-cacheEviction-AwaitToRun,5,main] started
2024-09-29 22:58:04,364 [s3-impl-thread1] INFO  segmented.SegmentedRaftLogWorker (SegmentedRaftLogWorker.java:<init>(187)) - new s3@group-D7B70F6236D3-SegmentedRaftLogWorker for RaftStorageImpl:Storage Directory /home/runner/work/ratis/ratis/ratis-test/target/test/data/f7ba0e94/MiniRaftClusterWithGrpc35e999b0/s3/636f46cf-4f82-4ac4-8690-d7b70f6236d3
2024-09-29 22:58:04,364 [s3-impl-thread1] INFO  server.RaftServerConfigKeys (ConfUtils.java:logGet(46)) - raft.server.log.queue.byte-limit = 64MB (=67108864) (default)
2024-09-29 22:58:04,364 [s3-impl-thread1] INFO  server.RaftServerConfigKeys (ConfUtils.java:logGet(46)) - raft.server.log.queue.element-limit = 4096 (default)
2024-09-29 22:58:04,364 [s3-impl-thread1] INFO  server.RaftServerConfigKeys (ConfUtils.java:logGet(46)) - raft.server.log.segment.size.max = 32MB (=33554432) (default)
2024-09-29 22:58:04,364 [s3-impl-thread1] INFO  server.RaftServerConfigKeys (ConfUtils.java:logGet(46)) - raft.server.log.preallocated.size = 4MB (=4194304) (default)
2024-09-29 22:58:04,364 [s3-impl-thread1] INFO  server.RaftServerConfigKeys (ConfUtils.java:logGet(46)) - raft.server.log.force.sync.num = 128 (default)
2024-09-29 22:58:04,364 [s3-impl-thread1] INFO  server.RaftServerConfigKeys (ConfUtils.java:logGet(46)) - raft.server.log.statemachine.data.sync = true (default)
2024-09-29 22:58:04,364 [s3-impl-thread1] INFO  server.RaftServerConfigKeys (ConfUtils.java:logGet(46)) - raft.server.log.statemachine.data.sync.timeout = 10s (default)
2024-09-29 22:58:04,364 [s3-impl-thread1] INFO  server.RaftServerConfigKeys (ConfUtils.java:logGet(46)) - raft.server.log.statemachine.data.sync.timeout.retry = -1 (default)
2024-09-29 22:58:04,364 [s3-impl-thread1] INFO  server.RaftServerConfigKeys (ConfUtils.java:logGet(46)) - raft.server.log.write.buffer.size = 8MB (=8388608) (default)
2024-09-29 22:58:04,366 [s3-impl-thread1] INFO  server.RaftServerConfigKeys (ConfUtils.java:logGet(46)) - raft.server.log.appender.buffer.byte-limit = 4MB (=4194304) (default)
2024-09-29 22:58:04,366 [s3-impl-thread1] INFO  server.RaftServerConfigKeys (ConfUtils.java:logGet(46)) - raft.server.log.unsafe-flush.enabled = false (default)
2024-09-29 22:58:04,366 [s3-impl-thread1] INFO  server.RaftServerConfigKeys (ConfUtils.java:logGet(46)) - raft.server.log.async-flush.enabled = false (default)
2024-09-29 22:58:04,367 [s3-impl-thread1] INFO  server.RaftServerConfigKeys (ConfUtils.java:logGet(46)) - raft.server.log.statemachine.data.caching.enabled = false (default)
2024-09-29 22:58:04,367 [s3-impl-thread1] INFO  segmented.SegmentedRaftLogWorker (SegmentedRaftLogWorker.java:lambda$new$0(138)) - s3@group-D7B70F6236D3-SegmentedRaftLogWorker: flushIndex: setUnconditionally 0 -> -1
2024-09-29 22:58:04,367 [s3-impl-thread1] INFO  segmented.SegmentedRaftLogWorker (SegmentedRaftLogWorker.java:lambda$new$0(138)) - s3@group-D7B70F6236D3-SegmentedRaftLogWorker: safeCacheEvictIndex: setUnconditionally 0 -> -1
2024-09-29 22:58:04,367 [s3-impl-thread1] INFO  server.RaftServer$Division (RaftServerImpl.java:start(397)) - s3@group-D7B70F6236D3: start with initializing state, conf=conf: {index: -1, cur=peers:[]|listeners:[], old=null}
2024-09-29 22:58:04,367 [s3-impl-thread1] INFO  server.RaftServer$Division (RaftServerImpl.java:setRole(378)) - s3@group-D7B70F6236D3: changes role from      null to FOLLOWER at term 0 for start
2024-09-29 22:58:04,367 [s3-impl-thread1] INFO  util.JmxRegister (JmxRegister.java:tryRegister(44)) - Successfully registered JMX Bean with object name Ratis:service=RaftServer,group=group-D7B70F6236D3,id=s3
2024-09-29 22:58:04,367 [s3-impl-thread1] INFO  util.JmxRegister (JmxRegister.java:register(58)) - register mxBean class org.apache.ratis.server.impl.RaftServerJmxAdapter as Ratis:service=RaftServer,group=group-D7B70F6236D3,id=s3
2024-09-29 22:58:04,367 [s3-impl-thread1] INFO  server.RaftServerConfigKeys (ConfUtils.java:logGet(46)) - raft.server.snapshot.trigger-when-stop.enabled = true (default)
2024-09-29 22:58:04,367 [s3-impl-thread1] INFO  server.RaftServerConfigKeys (ConfUtils.java:logGet(46)) - raft.server.snapshot.trigger-when-remove.enabled = true (default)
2024-09-29 22:58:04,367 [s3-impl-thread1] INFO  server.RaftServerConfigKeys (ConfUtils.java:logGet(46)) - raft.server.snapshot.auto.trigger.enabled = true (custom)
2024-09-29 22:58:04,368 [s3-impl-thread1] INFO  server.RaftServerConfigKeys (ConfUtils.java:logGet(46)) - raft.server.snapshot.auto.trigger.threshold = 64 (custom)
2024-09-29 22:58:04,368 [s3-impl-thread1] INFO  server.RaftServerConfigKeys (ConfUtils.java:logGet(46)) - raft.server.snapshot.retention.file.num = -1 (default)
2024-09-29 22:58:04,368 [s3-impl-thread1] INFO  server.RaftServerConfigKeys (ConfUtils.java:logGet(46)) - raft.server.log.purge.upto.snapshot.index = false (default)
2024-09-29 22:58:04,368 [main] INFO  server.RaftServer (RaftServerProxy.java:startImpl(408)) - s3: start RPC server
2024-09-29 22:58:04,369 [timer6] WARN  server.GrpcLogAppender (GrpcLogAppender.java:timeoutAppendRequest(450)) - s0@group-64B60AA06307->s2-GrpcLogAppender: Timed out HEARTBEAT appendEntries, errorCount=1, request=AppendEntriesRequest:cid=0,entriesCount=0
2024-09-29 22:58:04,369 [main] INFO  server.GrpcService (GrpcService.java:startImpl(341)) - s3: GrpcService started, listening on 15038
2024-09-29 22:58:04,370 [JvmPauseMonitor14] INFO  util.JvmPauseMonitor (JvmPauseMonitor.java:run(146)) - JvmPauseMonitor-s3: Started
2024-09-29 22:58:04,370 [s4-impl-thread1] INFO  server.RaftServerConfigKeys (ConfUtils.java:logGet(46)) - raft.server.storage.free-space.min = 0MB (=0) (default)
2024-09-29 22:58:04,370 [s4-impl-thread1] INFO  server.RaftServerConfigKeys (ConfUtils.java:logGet(46)) - raft.server.log.corruption.policy = EXCEPTION (default)
2024-09-29 22:58:04,370 [s4-impl-thread1] INFO  server.RaftServerConfigKeys (ConfUtils.java:logGet(46)) - raft.server.storage.dir = [/home/runner/work/ratis/ratis/ratis-test/target/test/data/f7ba0e94/MiniRaftClusterWithGrpc35e999b0/s4] (custom)
2024-09-29 22:58:04,370 [s4-impl-thread1] INFO  storage.RaftStorageDirectory (RaftStorageDirectoryImpl.java:analyzeStorage(138)) - The storage directory /home/runner/work/ratis/ratis/ratis-test/target/test/data/f7ba0e94/MiniRaftClusterWithGrpc35e999b0/s4/636f46cf-4f82-4ac4-8690-d7b70f6236d3 does not exist. Creating ...
2024-09-29 22:58:04,370 [s4-impl-thread1] TRACE util.FileUtils (LogUtils.java:runAndLog(49)) - Successfully ran Files.createDirectories /home/runner/work/ratis/ratis/ratis-test/target/test/data/f7ba0e94/MiniRaftClusterWithGrpc35e999b0/s4/636f46cf-4f82-4ac4-8690-d7b70f6236d3
2024-09-29 22:58:04,371 [timer7] WARN  server.GrpcLogAppender (GrpcLogAppender.java:timeoutAppendRequest(450)) - s0@group-64B60AA06307->s2-GrpcLogAppender: Timed out appendEntries, errorCount=2, request=AppendEntriesRequest:cid=1,entriesCount=1,entry=(t:2, i:257)
2024-09-29 22:58:04,371 [s4-impl-thread1] INFO  storage.RaftStorageDirectory (RaftStorageDirectoryImpl.java:tryLock(229)) - Lock on /home/runner/work/ratis/ratis/ratis-test/target/test/data/f7ba0e94/MiniRaftClusterWithGrpc35e999b0/s4/636f46cf-4f82-4ac4-8690-d7b70f6236d3/in_use.lock acquired by nodename 27829@fv-az737-927
2024-09-29 22:58:04,372 [s4-impl-thread1] TRACE util.FileUtils (LogUtils.java:runAndLog(49)) - Successfully ran Files.createDirectories /home/runner/work/ratis/ratis/ratis-test/target/test/data/f7ba0e94/MiniRaftClusterWithGrpc35e999b0/s4/636f46cf-4f82-4ac4-8690-d7b70f6236d3/current
2024-09-29 22:58:04,372 [s4-impl-thread1] TRACE util.FileUtils (LogUtils.java:runAndLog(49)) - Successfully ran Files.createDirectories /home/runner/work/ratis/ratis/ratis-test/target/test/data/f7ba0e94/MiniRaftClusterWithGrpc35e999b0/s4/636f46cf-4f82-4ac4-8690-d7b70f6236d3/sm
2024-09-29 22:58:04,372 [s4-impl-thread1] TRACE util.FileUtils (LogUtils.java:supplyAndLog(69)) - Successfully supplied FileChannel.open /home/runner/work/ratis/ratis/ratis-test/target/test/data/f7ba0e94/MiniRaftClusterWithGrpc35e999b0/s4/636f46cf-4f82-4ac4-8690-d7b70f6236d3/current/raft-meta.tmp with options [CREATE, WRITE]: sun.nio.ch.FileChannelImpl@1f13d78
2024-09-29 22:58:04,373 [s4-impl-thread1] TRACE util.FileUtils (LogUtils.java:runAndLog(49)) - Successfully ran Atomic Files.move /home/runner/work/ratis/ratis/ratis-test/target/test/data/f7ba0e94/MiniRaftClusterWithGrpc35e999b0/s4/636f46cf-4f82-4ac4-8690-d7b70f6236d3/current/raft-meta.tmp to /home/runner/work/ratis/ratis/ratis-test/target/test/data/f7ba0e94/MiniRaftClusterWithGrpc35e999b0/s4/636f46cf-4f82-4ac4-8690-d7b70f6236d3/current/raft-meta with options [REPLACE_EXISTING]
2024-09-29 22:58:04,373 [s4-impl-thread1] INFO  storage.RaftStorage (RaftStorageImpl.java:format(98)) - Storage directory /home/runner/work/ratis/ratis/ratis-test/target/test/data/f7ba0e94/MiniRaftClusterWithGrpc35e999b0/s4/636f46cf-4f82-4ac4-8690-d7b70f6236d3 has been successfully formatted.
2024-09-29 22:58:04,374 [s4-impl-thread1] INFO  impl.SimpleStateMachine4Testing (SimpleStateMachine4Testing.java:initialize(215)) - Initializing StateMachineWithSeparatedSnapshotPath:uninitialized
2024-09-29 22:58:04,374 [s4-impl-thread1] INFO  impl.SimpleStateMachine4Testing (SimpleStateMachine4Testing.java:loadSnapshot(300)) - Loading snapshot null
2024-09-29 22:58:04,374 [s4-impl-thread1] TRACE util.FileUtils (FileUtils.java:deleteFully(305)) - deleteFully /tmp/ratis-tests/statemachine/s4
2024-09-29 22:58:04,374 [s4-impl-thread1] TRACE util.FileUtils (LogUtils.java:runAndLog(49)) - Successfully ran Files.delete /tmp/ratis-tests/statemachine/s4/snapshot/2_263/vegetable
2024-09-29 22:58:04,374 [s4-impl-thread1] TRACE util.FileUtils (LogUtils.java:runAndLog(49)) - Successfully ran Files.delete /tmp/ratis-tests/statemachine/s4/snapshot/2_263/loves
2024-09-29 22:58:04,374 [s4-impl-thread1] TRACE util.FileUtils (LogUtils.java:runAndLog(49)) - Successfully ran Files.delete /tmp/ratis-tests/statemachine/s4/snapshot/2_263/deer
2024-09-29 22:58:04,374 [s4-impl-thread1] TRACE util.FileUtils (LogUtils.java:runAndLog(49)) - Successfully ran Files.delete /tmp/ratis-tests/statemachine/s4/snapshot/2_263
2024-09-29 22:58:04,375 [s4-impl-thread1] TRACE util.FileUtils (LogUtils.java:runAndLog(49)) - Successfully ran Files.delete /tmp/ratis-tests/statemachine/s4/snapshot/1_255/loves.md5
2024-09-29 22:58:04,375 [s4-impl-thread1] TRACE util.FileUtils (LogUtils.java:runAndLog(49)) - Successfully ran Files.delete /tmp/ratis-tests/statemachine/s4/snapshot/1_255/vegetable
2024-09-29 22:58:04,375 [s4-impl-thread1] TRACE util.FileUtils (LogUtils.java:runAndLog(49)) - Successfully ran Files.delete /tmp/ratis-tests/statemachine/s4/snapshot/1_255/deer.md5
2024-09-29 22:58:04,375 [s4-impl-thread1] TRACE util.FileUtils (LogUtils.java:runAndLog(49)) - Successfully ran Files.delete /tmp/ratis-tests/statemachine/s4/snapshot/1_255/vegetable.md5
2024-09-29 22:58:04,375 [s4-impl-thread1] TRACE util.FileUtils (LogUtils.java:runAndLog(49)) - Successfully ran Files.delete /tmp/ratis-tests/statemachine/s4/snapshot/1_255/loves
2024-09-29 22:58:04,375 [s4-impl-thread1] TRACE util.FileUtils (LogUtils.java:runAndLog(49)) - Successfully ran Files.delete /tmp/ratis-tests/statemachine/s4/snapshot/1_255/deer
2024-09-29 22:58:04,375 [s4-impl-thread1] TRACE util.FileUtils (LogUtils.java:runAndLog(49)) - Successfully ran Files.delete /tmp/ratis-tests/statemachine/s4/snapshot/1_255
2024-09-29 22:58:04,375 [s4-impl-thread1] TRACE util.FileUtils (LogUtils.java:runAndLog(49)) - Successfully ran Files.delete /tmp/ratis-tests/statemachine/s4/snapshot
2024-09-29 22:58:04,375 [s4-impl-thread1] TRACE util.FileUtils (LogUtils.java:runAndLog(49)) - Successfully ran Files.delete /tmp/ratis-tests/statemachine/s4/tmp
2024-09-29 22:58:04,375 [s4-impl-thread1] TRACE util.FileUtils (LogUtils.java:runAndLog(49)) - Successfully ran Files.delete /tmp/ratis-tests/statemachine/s4
2024-09-29 22:58:04,376 [s4-impl-thread1] INFO  server.RaftServerConfigKeys (ConfUtils.java:logGet(46)) - raft.server.log.use.memory = false (default)
2024-09-29 22:58:04,376 [s4-impl-thread1] INFO  server.RaftServerConfigKeys (ConfUtils.java:logGet(46)) - raft.server.log.purge.gap = 8 (custom)
2024-09-29 22:58:04,376 [s4-impl-thread1] INFO  server.RaftServerConfigKeys (ConfUtils.java:logGet(46)) - raft.server.log.appender.buffer.byte-limit = 4MB (=4194304) (default)
2024-09-29 22:58:04,376 [s4-impl-thread1] INFO  server.RaftServerConfigKeys (ConfUtils.java:logGet(46)) - raft.server.log.statemachine.data.read.timeout = 1000ms (default)
2024-09-29 22:58:04,376 [s4-impl-thread1] INFO  server.RaftServerConfigKeys (ConfUtils.java:logGet(46)) - raft.server.log.purge.preservation.log.num = 0 (default)
2024-09-29 22:58:04,376 [s4-impl-thread1] INFO  server.RaftServerConfigKeys (ConfUtils.java:logGet(46)) - raft.server.log.segment.size.max = 32MB (=33554432) (default)
2024-09-29 22:58:04,376 [s4-impl-thread1] INFO  server.RaftServerConfigKeys (ConfUtils.java:logGet(46)) - raft.server.log.segment.cache.num.max = 6 (default)
2024-09-29 22:58:04,377 [s4-impl-thread1] INFO  server.RaftServerConfigKeys (ConfUtils.java:logGet(46)) - raft.server.log.segment.cache.size.max = 200MB (=209715200) (default)
2024-09-29 22:58:04,377 [timer0] WARN  server.GrpcLogAppender (GrpcLogAppender.java:timeoutAppendRequest(450)) - s0@group-64B60AA06307->s2-GrpcLogAppender: Timed out HEARTBEAT appendEntries, errorCount=3, request=AppendEntriesRequest:cid=2,entriesCount=0
2024-09-29 22:58:04,377 [s4-impl-thread1] INFO  server.RaftServerConfigKeys (ConfUtils.java:logGet(46)) - raft.server.log.appender.buffer.byte-limit = 4MB (=4194304) (default)
2024-09-29 22:58:04,377 [s4-impl-thread1] INFO  util.AwaitToRun (AwaitToRun.java:start(81)) - Thread[s4@group-D7B70F6236D3-cacheEviction-AwaitToRun,5,main] started
2024-09-29 22:58:04,377 [s4-impl-thread1] INFO  segmented.SegmentedRaftLogWorker (SegmentedRaftLogWorker.java:<init>(187)) - new s4@group-D7B70F6236D3-SegmentedRaftLogWorker for RaftStorageImpl:Storage Directory /home/runner/work/ratis/ratis/ratis-test/target/test/data/f7ba0e94/MiniRaftClusterWithGrpc35e999b0/s4/636f46cf-4f82-4ac4-8690-d7b70f6236d3
2024-09-29 22:58:04,377 [s4-impl-thread1] INFO  server.RaftServerConfigKeys (ConfUtils.java:logGet(46)) - raft.server.log.queue.byte-limit = 64MB (=67108864) (default)
2024-09-29 22:58:04,377 [s4-impl-thread1] INFO  server.RaftServerConfigKeys (ConfUtils.java:logGet(46)) - raft.server.log.queue.element-limit = 4096 (default)
2024-09-29 22:58:04,377 [s4-impl-thread1] INFO  server.RaftServerConfigKeys (ConfUtils.java:logGet(46)) - raft.server.log.segment.size.max = 32MB (=33554432) (default)
2024-09-29 22:58:04,377 [s4-impl-thread1] INFO  server.RaftServerConfigKeys (ConfUtils.java:logGet(46)) - raft.server.log.preallocated.size = 4MB (=4194304) (default)
2024-09-29 22:58:04,377 [s4-impl-thread1] INFO  server.RaftServerConfigKeys (ConfUtils.java:logGet(46)) - raft.server.log.force.sync.num = 128 (default)
2024-09-29 22:58:04,377 [s4-impl-thread1] INFO  server.RaftServerConfigKeys (ConfUtils.java:logGet(46)) - raft.server.log.statemachine.data.sync = true (default)
2024-09-29 22:58:04,377 [s4-impl-thread1] INFO  server.RaftServerConfigKeys (ConfUtils.java:logGet(46)) - raft.server.log.statemachine.data.sync.timeout = 10s (default)
2024-09-29 22:58:04,378 [s4-impl-thread1] INFO  server.RaftServerConfigKeys (ConfUtils.java:logGet(46)) - raft.server.log.statemachine.data.sync.timeout.retry = -1 (default)
2024-09-29 22:58:04,378 [s4-impl-thread1] INFO  server.RaftServerConfigKeys (ConfUtils.java:logGet(46)) - raft.server.log.write.buffer.size = 8MB (=8388608) (default)
2024-09-29 22:58:04,380 [s4-impl-thread1] INFO  server.RaftServerConfigKeys (ConfUtils.java:logGet(46)) - raft.server.log.appender.buffer.byte-limit = 4MB (=4194304) (default)
2024-09-29 22:58:04,380 [s4-impl-thread1] INFO  server.RaftServerConfigKeys (ConfUtils.java:logGet(46)) - raft.server.log.unsafe-flush.enabled = false (default)
2024-09-29 22:58:04,380 [s4-impl-thread1] INFO  server.RaftServerConfigKeys (ConfUtils.java:logGet(46)) - raft.server.log.async-flush.enabled = false (default)
2024-09-29 22:58:04,380 [s4-impl-thread1] INFO  server.RaftServerConfigKeys (ConfUtils.java:logGet(46)) - raft.server.log.statemachine.data.caching.enabled = false (default)
2024-09-29 22:58:04,380 [s4-impl-thread1] INFO  segmented.SegmentedRaftLogWorker (SegmentedRaftLogWorker.java:lambda$new$0(138)) - s4@group-D7B70F6236D3-SegmentedRaftLogWorker: flushIndex: setUnconditionally 0 -> -1
2024-09-29 22:58:04,380 [s4-impl-thread1] INFO  segmented.SegmentedRaftLogWorker (SegmentedRaftLogWorker.java:lambda$new$0(138)) - s4@group-D7B70F6236D3-SegmentedRaftLogWorker: safeCacheEvictIndex: setUnconditionally 0 -> -1
2024-09-29 22:58:04,380 [s4-impl-thread1] INFO  server.RaftServer$Division (RaftServerImpl.java:start(397)) - s4@group-D7B70F6236D3: start with initializing state, conf=conf: {index: -1, cur=peers:[]|listeners:[], old=null}
2024-09-29 22:58:04,380 [s4-impl-thread1] INFO  server.RaftServer$Division (RaftServerImpl.java:setRole(378)) - s4@group-D7B70F6236D3: changes role from      null to FOLLOWER at term 0 for start
2024-09-29 22:58:04,381 [s4-impl-thread1] INFO  util.JmxRegister (JmxRegister.java:tryRegister(44)) - Successfully registered JMX Bean with object name Ratis:service=RaftServer,group=group-D7B70F6236D3,id=s4
2024-09-29 22:58:04,381 [s4-impl-thread1] INFO  util.JmxRegister (JmxRegister.java:register(58)) - register mxBean class org.apache.ratis.server.impl.RaftServerJmxAdapter as Ratis:service=RaftServer,group=group-D7B70F6236D3,id=s4
2024-09-29 22:58:04,381 [s4-impl-thread1] INFO  server.RaftServerConfigKeys (ConfUtils.java:logGet(46)) - raft.server.snapshot.trigger-when-stop.enabled = true (default)
2024-09-29 22:58:04,381 [s4-impl-thread1] INFO  server.RaftServerConfigKeys (ConfUtils.java:logGet(46)) - raft.server.snapshot.trigger-when-remove.enabled = true (default)
2024-09-29 22:58:04,381 [s4-impl-thread1] INFO  server.RaftServerConfigKeys (ConfUtils.java:logGet(46)) - raft.server.snapshot.auto.trigger.enabled = true (custom)
2024-09-29 22:58:04,381 [s4-impl-thread1] INFO  server.RaftServerConfigKeys (ConfUtils.java:logGet(46)) - raft.server.snapshot.auto.trigger.threshold = 64 (custom)
2024-09-29 22:58:04,381 [s4-impl-thread1] INFO  server.RaftServerConfigKeys (ConfUtils.java:logGet(46)) - raft.server.snapshot.retention.file.num = -1 (default)
2024-09-29 22:58:04,381 [s4-impl-thread1] INFO  server.RaftServerConfigKeys (ConfUtils.java:logGet(46)) - raft.server.log.purge.upto.snapshot.index = false (default)
2024-09-29 22:58:04,381 [main] INFO  server.RaftServer (RaftServerProxy.java:startImpl(408)) - s4: start RPC server
2024-09-29 22:58:04,382 [main] INFO  server.GrpcService (GrpcService.java:startImpl(341)) - s4: GrpcService started, listening on 15039
2024-09-29 22:58:04,393 [JvmPauseMonitor15] INFO  util.JvmPauseMonitor (JvmPauseMonitor.java:run(146)) - JvmPauseMonitor-s4: Started
2024-09-29 22:58:04,393 [timer1] WARN  server.GrpcLogAppender (GrpcLogAppender.java:timeoutAppendRequest(450)) - s0@group-64B60AA06307->s2-GrpcLogAppender: Timed out HEARTBEAT appendEntries, errorCount=4, request=AppendEntriesRequest:cid=3,entriesCount=0
2024-09-29 22:58:04,395 [s0-server-thread1] INFO  server.RaftServer$Division (RaftServerImpl.java:setConfigurationAsync(1328)) - s0@group-D7B70F6236D3: receive setConfiguration SetConfigurationRequest:client-85255C5D9978->s0@group-D7B70F6236D3, cid=524, seq=null, RW, null, SET_UNCONDITIONALLY, servers:[s3|0.0.0.0:15038, s4|0.0.0.0:15039, s0|localhost:15026, s1|localhost:15030, s2|localhost:15034], listeners:[]
2024-09-29 22:58:04,395 [s0-server-thread1] INFO  server.RaftServer$Division (LeaderStateImpl.java:startSetConfiguration(489)) - s0@group-D7B70F6236D3-LeaderStateImpl: startSetConfiguration SetConfigurationRequest:client-85255C5D9978->s0@group-D7B70F6236D3, cid=524, seq=null, RW, null, SET_UNCONDITIONALLY, servers:[s3|0.0.0.0:15038, s4|0.0.0.0:15039, s0|localhost:15026, s1|localhost:15030, s2|localhost:15034], listeners:[]
2024-09-29 22:58:04,396 [s0-server-thread1] INFO  server.RaftServerConfigKeys (ConfUtils.java:logGet(46)) - raft.server.log.appender.snapshot.chunk.size.max = 1k (=1024) (custom)
2024-09-29 22:58:04,396 [s0-server-thread1] INFO  server.RaftServerConfigKeys (ConfUtils.java:logGet(46)) - raft.server.log.appender.buffer.byte-limit = 4MB (=4194304) (default)
2024-09-29 22:58:04,396 [s0-server-thread1] INFO  server.RaftServerConfigKeys (ConfUtils.java:logGet(46)) - raft.server.log.appender.buffer.element-limit = 0 (default)
2024-09-29 22:58:04,396 [s0-server-thread1] INFO  server.RaftServerConfigKeys (ConfUtils.java:logGet(46)) - raft.server.log.appender.wait-time.min = 1ms (default)
2024-09-29 22:58:04,396 [s0-server-thread1] INFO  grpc.GrpcConfigKeys (ConfUtils.java:logGet(46)) - raft.grpc.server.leader.outstanding.appends.max = 8 (default)
2024-09-29 22:58:04,396 [s0-server-thread1] INFO  server.RaftServerConfigKeys (ConfUtils.java:logGet(46)) - raft.server.rpc.request.timeout = 3000ms (default)
2024-09-29 22:58:04,396 [s0-server-thread1] INFO  grpc.GrpcConfigKeys (ConfUtils.java:logGet(46)) - raft.grpc.server.install_snapshot.request.element-limit = 8 (default)
2024-09-29 22:58:04,396 [s0-server-thread1] INFO  grpc.GrpcConfigKeys (ConfUtils.java:logGet(46)) - raft.grpc.server.install_snapshot.request.timeout = 3000ms (default)
2024-09-29 22:58:04,396 [s0-server-thread1] INFO  grpc.GrpcConfigKeys (ConfUtils.java:logGet(46)) - raft.grpc.server.log-message.batch.duration = 5s (default)
2024-09-29 22:58:04,396 [s0-server-thread1] INFO  server.RaftServerConfigKeys (ConfUtils.java:logGet(46)) - raft.server.log.appender.install.snapshot.enabled = true (default)
2024-09-29 22:58:04,396 [s0-server-thread1] INFO  grpc.GrpcConfigKeys (ConfUtils.java:logGet(46)) - raft.grpc.server.heartbeat.channel = true (default)
2024-09-29 22:58:04,396 [s0-server-thread1] INFO  server.RaftServerConfigKeys (ConfUtils.java:logGet(46)) - raft.server.log.appender.snapshot.chunk.size.max = 1k (=1024) (custom)
2024-09-29 22:58:04,396 [s0-server-thread1] INFO  server.RaftServerConfigKeys (ConfUtils.java:logGet(46)) - raft.server.log.appender.buffer.byte-limit = 4MB (=4194304) (default)
2024-09-29 22:58:04,396 [s0-server-thread1] INFO  server.RaftServerConfigKeys (ConfUtils.java:logGet(46)) - raft.server.log.appender.buffer.element-limit = 0 (default)
2024-09-29 22:58:04,397 [s0-server-thread1] INFO  server.RaftServerConfigKeys (ConfUtils.java:logGet(46)) - raft.server.log.appender.wait-time.min = 1ms (default)
2024-09-29 22:58:04,397 [s0-server-thread1] INFO  grpc.GrpcConfigKeys (ConfUtils.java:logGet(46)) - raft.grpc.server.leader.outstanding.appends.max = 8 (default)
2024-09-29 22:58:04,397 [s0-server-thread1] INFO  server.RaftServerConfigKeys (ConfUtils.java:logGet(46)) - raft.server.rpc.request.timeout = 3000ms (default)
2024-09-29 22:58:04,397 [s0-server-thread1] INFO  grpc.GrpcConfigKeys (ConfUtils.java:logGet(46)) - raft.grpc.server.install_snapshot.request.element-limit = 8 (default)
2024-09-29 22:58:04,397 [s0-server-thread1] INFO  grpc.GrpcConfigKeys (ConfUtils.java:logGet(46)) - raft.grpc.server.install_snapshot.request.timeout = 3000ms (default)
2024-09-29 22:58:04,397 [s0-server-thread1] INFO  grpc.GrpcConfigKeys (ConfUtils.java:logGet(46)) - raft.grpc.server.log-message.batch.duration = 5s (default)
2024-09-29 22:58:04,397 [s0-server-thread1] INFO  server.RaftServerConfigKeys (ConfUtils.java:logGet(46)) - raft.server.log.appender.install.snapshot.enabled = true (default)
2024-09-29 22:58:04,397 [s0-server-thread1] INFO  grpc.GrpcConfigKeys (ConfUtils.java:logGet(46)) - raft.grpc.server.heartbeat.channel = true (default)
2024-09-29 22:58:04,398 [timer3] WARN  server.GrpcLogAppender (GrpcLogAppender.java:timeoutAppendRequest(450)) - s0@group-64B60AA06307->s2-GrpcLogAppender: Timed out HEARTBEAT appendEntries, errorCount=5, request=AppendEntriesRequest:cid=4,entriesCount=0
2024-09-29 22:58:04,398 [s0@group-D7B70F6236D3->s4-GrpcLogAppender-LogAppenderDaemon] INFO  server.GrpcLogAppender (GrpcLogAppender.java:installSnapshot(757)) - s0@group-D7B70F6236D3->s4-GrpcLogAppender: followerNextIndex = 0 but logStartIndex = 0, send snapshot FileListSnapshotInfo(t:1, i:255):[/tmp/ratis-tests/statemachine/s0/snapshot/1_255/vegetable, /tmp/ratis-tests/statemachine/s0/snapshot/1_255/loves, /tmp/ratis-tests/statemachine/s0/snapshot/1_255/deer] to follower
2024-09-29 22:58:04,398 [s0@group-D7B70F6236D3->s3-GrpcLogAppender-LogAppenderDaemon] INFO  server.GrpcLogAppender (GrpcLogAppender.java:installSnapshot(757)) - s0@group-D7B70F6236D3->s3-GrpcLogAppender: followerNextIndex = 0 but logStartIndex = 0, send snapshot FileListSnapshotInfo(t:1, i:255):[/tmp/ratis-tests/statemachine/s0/snapshot/1_255/vegetable, /tmp/ratis-tests/statemachine/s0/snapshot/1_255/loves, /tmp/ratis-tests/statemachine/s0/snapshot/1_255/deer] to follower
2024-09-29 22:58:04,398 [s0@group-D7B70F6236D3->s3-GrpcLogAppender-LogAppenderDaemon] INFO  server.GrpcServerProtocolClient (GrpcServerProtocolClient.java:<init>(65)) - Build channel for s3|0.0.0.0:15038
2024-09-29 22:58:04,399 [s0@group-D7B70F6236D3->s4-GrpcLogAppender-LogAppenderDaemon] INFO  server.GrpcServerProtocolClient (GrpcServerProtocolClient.java:<init>(65)) - Build channel for s4|0.0.0.0:15039
2024-09-29 22:58:04,399 [s2-server-thread1] INFO  util.CodeInjectionForTesting (BlockRequestHandlingInjection.java:execute(77)) - s2: Block request from s0
2024-09-29 22:58:04,400 [s0@group-D7B70F6236D3->s3-GrpcLogAppender-LogAppenderDaemon] TRACE util.FileUtils (LogUtils.java:supplyAndLog(69)) - Successfully supplied Files.newInputStream /tmp/ratis-tests/statemachine/s0/snapshot/1_255/vegetable with options []: sun.nio.ch.ChannelInputStream@60d7249d
2024-09-29 22:58:04,400 [s0@group-D7B70F6236D3->s3-GrpcLogAppender-LogAppenderDaemon] TRACE util.FileUtils (LogUtils.java:supplyAndLog(69)) - Successfully supplied Files.newInputStream /tmp/ratis-tests/statemachine/s0/snapshot/1_255/loves with options []: sun.nio.ch.ChannelInputStream@307455b9
2024-09-29 22:58:04,400 [s0@group-D7B70F6236D3->s4-GrpcLogAppender-LogAppenderDaemon] TRACE util.FileUtils (LogUtils.java:supplyAndLog(69)) - Successfully supplied Files.newInputStream /tmp/ratis-tests/statemachine/s0/snapshot/1_255/vegetable with options []: sun.nio.ch.ChannelInputStream@2450ce2a
2024-09-29 22:58:04,400 [s0@group-D7B70F6236D3->s3-GrpcLogAppender-LogAppenderDaemon] TRACE util.FileUtils (LogUtils.java:supplyAndLog(69)) - Successfully supplied Files.newInputStream /tmp/ratis-tests/statemachine/s0/snapshot/1_255/deer with options []: sun.nio.ch.ChannelInputStream@18f63b9d
2024-09-29 22:58:04,401 [s0@group-D7B70F6236D3->s4-GrpcLogAppender-LogAppenderDaemon] TRACE util.FileUtils (LogUtils.java:supplyAndLog(69)) - Successfully supplied Files.newInputStream /tmp/ratis-tests/statemachine/s0/snapshot/1_255/loves with options []: sun.nio.ch.ChannelInputStream@9f54464
2024-09-29 22:58:04,401 [s0@group-D7B70F6236D3->s4-GrpcLogAppender-LogAppenderDaemon] TRACE util.FileUtils (LogUtils.java:supplyAndLog(69)) - Successfully supplied Files.newInputStream /tmp/ratis-tests/statemachine/s0/snapshot/1_255/deer with options []: sun.nio.ch.ChannelInputStream@5cc84882
2024-09-29 22:58:04,404 [grpc-default-executor-4] INFO  impl.SnapshotInstallationHandler (SnapshotInstallationHandler.java:installSnapshot(94)) - s4@group-D7B70F6236D3: receive installSnapshot: s0->s4#0-t1,chunk:ab6bffe3-0086-4dcc-8bd2-8b021acce660,0
2024-09-29 22:58:04,405 [grpc-default-executor-4] TRACE util.FileUtils (LogUtils.java:supplyAndLog(69)) - Successfully supplied FileChannel.open /home/runner/work/ratis/ratis/ratis-test/target/test/data/f7ba0e94/MiniRaftClusterWithGrpc35e999b0/s4/636f46cf-4f82-4ac4-8690-d7b70f6236d3/current/raft-meta.tmp with options [CREATE, WRITE]: sun.nio.ch.FileChannelImpl@5352f938
2024-09-29 22:58:04,405 [grpc-default-executor-0] INFO  impl.SnapshotInstallationHandler (SnapshotInstallationHandler.java:installSnapshot(94)) - s3@group-D7B70F6236D3: receive installSnapshot: s0->s3#0-t1,chunk:4ff54eb6-efb5-48db-9dce-bd101346a1b6,0
2024-09-29 22:58:04,405 [grpc-default-executor-0] TRACE util.FileUtils (LogUtils.java:supplyAndLog(69)) - Successfully supplied FileChannel.open /home/runner/work/ratis/ratis/ratis-test/target/test/data/f7ba0e94/MiniRaftClusterWithGrpc35e999b0/s3/636f46cf-4f82-4ac4-8690-d7b70f6236d3/current/raft-meta.tmp with options [CREATE, WRITE]: sun.nio.ch.FileChannelImpl@d8463dc
2024-09-29 22:58:04,405 [s1-server-thread2] INFO  util.CodeInjectionForTesting (BlockRequestHandlingInjection.java:execute(77)) - s1: Block request from s0
2024-09-29 22:58:04,407 [grpc-default-executor-0] TRACE util.FileUtils (LogUtils.java:runAndLog(49)) - Successfully ran Atomic Files.move /home/runner/work/ratis/ratis/ratis-test/target/test/data/f7ba0e94/MiniRaftClusterWithGrpc35e999b0/s3/636f46cf-4f82-4ac4-8690-d7b70f6236d3/current/raft-meta.tmp to /home/runner/work/ratis/ratis/ratis-test/target/test/data/f7ba0e94/MiniRaftClusterWithGrpc35e999b0/s3/636f46cf-4f82-4ac4-8690-d7b70f6236d3/current/raft-meta with options [REPLACE_EXISTING]
2024-09-29 22:58:04,407 [grpc-default-executor-0] INFO  server.RaftServer$Division (RaftServerImpl.java:setFirstElection(559)) - s3@group-D7B70F6236D3: set firstElectionSinceStartup to false for installSnapshot
2024-09-29 22:58:04,407 [grpc-default-executor-0] INFO  server.RaftServer$Division (ServerState.java:setLeader(272)) - s3@group-D7B70F6236D3: change Leader from null to s0 at term 1 for installSnapshot, leader elected after 59ms
2024-09-29 22:58:04,407 [grpc-default-executor-4] TRACE util.FileUtils (LogUtils.java:runAndLog(49)) - Successfully ran Atomic Files.move /home/runner/work/ratis/ratis/ratis-test/target/test/data/f7ba0e94/MiniRaftClusterWithGrpc35e999b0/s4/636f46cf-4f82-4ac4-8690-d7b70f6236d3/current/raft-meta.tmp to /home/runner/work/ratis/ratis/ratis-test/target/test/data/f7ba0e94/MiniRaftClusterWithGrpc35e999b0/s4/636f46cf-4f82-4ac4-8690-d7b70f6236d3/current/raft-meta with options [REPLACE_EXISTING]
2024-09-29 22:58:04,407 [grpc-default-executor-4] INFO  server.RaftServer$Division (RaftServerImpl.java:setFirstElection(559)) - s4@group-D7B70F6236D3: set firstElectionSinceStartup to false for installSnapshot
2024-09-29 22:58:04,407 [grpc-default-executor-4] INFO  server.RaftServer$Division (ServerState.java:setLeader(272)) - s4@group-D7B70F6236D3: change Leader from null to s0 at term 1 for installSnapshot, leader elected after 49ms
2024-09-29 22:58:04,407 [grpc-default-executor-0] TRACE util.FileUtils (LogUtils.java:runAndLog(49)) - Successfully ran Files.createDirectories /tmp/ratis-tests/statemachine/s3/tmp/snapshot-4ff54eb6-efb5-48db-9dce-bd101346a1b6
2024-09-29 22:58:04,408 [grpc-default-executor-4] TRACE util.FileUtils (LogUtils.java:runAndLog(49)) - Successfully ran Files.createDirectories /tmp/ratis-tests/statemachine/s4/tmp/snapshot-ab6bffe3-0086-4dcc-8bd2-8b021acce660
2024-09-29 22:58:04,408 [grpc-default-executor-4] INFO  storage.SnapshotManager (SnapshotManager.java:installSnapshot(111)) - Installing snapshot:s0->s4#0-t1,chunk:ab6bffe3-0086-4dcc-8bd2-8b021acce660,0, to tmp dir:/tmp/ratis-tests/statemachine/s4/tmp/snapshot-ab6bffe3-0086-4dcc-8bd2-8b021acce660
2024-09-29 22:58:04,408 [grpc-default-executor-0] INFO  storage.SnapshotManager (SnapshotManager.java:installSnapshot(111)) - Installing snapshot:s0->s3#0-t1,chunk:4ff54eb6-efb5-48db-9dce-bd101346a1b6,0, to tmp dir:/tmp/ratis-tests/statemachine/s3/tmp/snapshot-4ff54eb6-efb5-48db-9dce-bd101346a1b6
2024-09-29 22:58:04,408 [grpc-default-executor-4] TRACE util.FileUtils (LogUtils.java:runAndLog(49)) - Successfully ran Files.createDirectories /tmp/ratis-tests/statemachine/s4/tmp/snapshot-ab6bffe3-0086-4dcc-8bd2-8b021acce660/1_255
2024-09-29 22:58:04,408 [grpc-default-executor-0] TRACE util.FileUtils (LogUtils.java:runAndLog(49)) - Successfully ran Files.createDirectories /tmp/ratis-tests/statemachine/s3/tmp/snapshot-4ff54eb6-efb5-48db-9dce-bd101346a1b6/1_255
2024-09-29 22:58:04,408 [grpc-default-executor-4] TRACE util.FileUtils (LogUtils.java:supplyAndLog(69)) - Successfully supplied FileChannel.open /tmp/ratis-tests/statemachine/s4/tmp/snapshot-ab6bffe3-0086-4dcc-8bd2-8b021acce660/1_255/vegetable with options [WRITE, CREATE]: sun.nio.ch.FileChannelImpl@5b2b2fe2
2024-09-29 22:58:04,408 [grpc-default-executor-0] TRACE util.FileUtils (LogUtils.java:supplyAndLog(69)) - Successfully supplied FileChannel.open /tmp/ratis-tests/statemachine/s3/tmp/snapshot-4ff54eb6-efb5-48db-9dce-bd101346a1b6/1_255/vegetable with options [WRITE, CREATE]: sun.nio.ch.FileChannelImpl@5324071d
2024-09-29 22:58:04,408 [grpc-default-executor-4] TRACE util.FileUtils (LogUtils.java:supplyAndLog(69)) - Successfully supplied FileChannel.open /tmp/ratis-tests/statemachine/s4/tmp/snapshot-ab6bffe3-0086-4dcc-8bd2-8b021acce660/1_255/vegetable.md5.tmp with options [CREATE, WRITE]: sun.nio.ch.FileChannelImpl@47bf6397
2024-09-29 22:58:04,409 [grpc-default-executor-0] TRACE util.FileUtils (LogUtils.java:supplyAndLog(69)) - Successfully supplied FileChannel.open /tmp/ratis-tests/statemachine/s3/tmp/snapshot-4ff54eb6-efb5-48db-9dce-bd101346a1b6/1_255/vegetable.md5.tmp with options [CREATE, WRITE]: sun.nio.ch.FileChannelImpl@eba0092
2024-09-29 22:58:04,410 [grpc-default-executor-4] TRACE util.FileUtils (LogUtils.java:runAndLog(49)) - Successfully ran Atomic Files.move /tmp/ratis-tests/statemachine/s4/tmp/snapshot-ab6bffe3-0086-4dcc-8bd2-8b021acce660/1_255/vegetable.md5.tmp to /tmp/ratis-tests/statemachine/s4/tmp/snapshot-ab6bffe3-0086-4dcc-8bd2-8b021acce660/1_255/vegetable.md5 with options [REPLACE_EXISTING]
2024-09-29 22:58:04,411 [grpc-default-executor-4] INFO  impl.SnapshotInstallationHandler (SnapshotInstallationHandler.java:installSnapshotImpl(140)) - s4@group-D7B70F6236D3: set new configuration configurationEntry {
  peers {
    id: "s0"
    address: "localhost:15026"
    dataStreamAddress: "localhost:15029"
    clientAddress: "localhost:15028"
    adminAddress: "localhost:15027"
    startupRole: FOLLOWER
  }
  peers {
    id: "s1"
    address: "localhost:15030"
    dataStreamAddress: "localhost:15033"
    clientAddress: "localhost:15032"
    adminAddress: "localhost:15031"
    startupRole: FOLLOWER
  }
  peers {
    id: "s2"
    address: "localhost:15034"
    dataStreamAddress: "localhost:15037"
    clientAddress: "localhost:15036"
    adminAddress: "localhost:15035"
    startupRole: FOLLOWER
  }
}
 from snapshot
2024-09-29 22:58:04,411 [grpc-default-executor-4] INFO  server.RaftServer$Division (ServerState.java:setRaftConf(386)) - s4@group-D7B70F6236D3: set configuration conf: {index: 0, cur=peers:[s0|localhost:15026, s1|localhost:15030, s2|localhost:15034]|listeners:[], old=null}
2024-09-29 22:58:04,411 [grpc-default-executor-4] TRACE util.FileUtils (LogUtils.java:supplyAndLog(69)) - Successfully supplied FileChannel.open /home/runner/work/ratis/ratis/ratis-test/target/test/data/f7ba0e94/MiniRaftClusterWithGrpc35e999b0/s4/636f46cf-4f82-4ac4-8690-d7b70f6236d3/current/raft-meta.conf.tmp with options [CREATE, WRITE]: sun.nio.ch.FileChannelImpl@761a9688
2024-09-29 22:58:04,412 [grpc-default-executor-0] TRACE util.FileUtils (LogUtils.java:runAndLog(49)) - Successfully ran Atomic Files.move /tmp/ratis-tests/statemachine/s3/tmp/snapshot-4ff54eb6-efb5-48db-9dce-bd101346a1b6/1_255/vegetable.md5.tmp to /tmp/ratis-tests/statemachine/s3/tmp/snapshot-4ff54eb6-efb5-48db-9dce-bd101346a1b6/1_255/vegetable.md5 with options [REPLACE_EXISTING]
2024-09-29 22:58:04,412 [grpc-default-executor-4] TRACE util.FileUtils (LogUtils.java:runAndLog(49)) - Successfully ran Atomic Files.move /home/runner/work/ratis/ratis/ratis-test/target/test/data/f7ba0e94/MiniRaftClusterWithGrpc35e999b0/s4/636f46cf-4f82-4ac4-8690-d7b70f6236d3/current/raft-meta.conf.tmp to /home/runner/work/ratis/ratis/ratis-test/target/test/data/f7ba0e94/MiniRaftClusterWithGrpc35e999b0/s4/636f46cf-4f82-4ac4-8690-d7b70f6236d3/current/raft-meta.conf with options [REPLACE_EXISTING]
2024-09-29 22:58:04,412 [grpc-default-executor-4] INFO  impl.SnapshotInstallationHandler (SnapshotInstallationHandler.java:installSnapshot(105)) - s4@group-D7B70F6236D3: reply installSnapshot: s0<-s4#0:OK-t0,SUCCESS,requestIndex=0
2024-09-29 22:58:04,412 [grpc-default-executor-0] INFO  impl.SnapshotInstallationHandler (SnapshotInstallationHandler.java:installSnapshotImpl(140)) - s3@group-D7B70F6236D3: set new configuration configurationEntry {
  peers {
    id: "s0"
    address: "localhost:15026"
    dataStreamAddress: "localhost:15029"
    clientAddress: "localhost:15028"
    adminAddress: "localhost:15027"
    startupRole: FOLLOWER
  }
  peers {
    id: "s1"
    address: "localhost:15030"
    dataStreamAddress: "localhost:15033"
    clientAddress: "localhost:15032"
    adminAddress: "localhost:15031"
    startupRole: FOLLOWER
  }
  peers {
    id: "s2"
    address: "localhost:15034"
    dataStreamAddress: "localhost:15037"
    clientAddress: "localhost:15036"
    adminAddress: "localhost:15035"
    startupRole: FOLLOWER
  }
}
 from snapshot
2024-09-29 22:58:04,412 [grpc-default-executor-0] INFO  server.RaftServer$Division (ServerState.java:setRaftConf(386)) - s3@group-D7B70F6236D3: set configuration conf: {index: 0, cur=peers:[s0|localhost:15026, s1|localhost:15030, s2|localhost:15034]|listeners:[], old=null}
2024-09-29 22:58:04,412 [grpc-default-executor-0] TRACE util.FileUtils (LogUtils.java:supplyAndLog(69)) - Successfully supplied FileChannel.open /home/runner/work/ratis/ratis/ratis-test/target/test/data/f7ba0e94/MiniRaftClusterWithGrpc35e999b0/s3/636f46cf-4f82-4ac4-8690-d7b70f6236d3/current/raft-meta.conf.tmp with options [CREATE, WRITE]: sun.nio.ch.FileChannelImpl@347c7779
2024-09-29 22:58:04,413 [grpc-default-executor-3] INFO  server.GrpcLogAppender (GrpcLogAppender.java:onNext(664)) - s0@group-D7B70F6236D3->s4-InstallSnapshotResponseHandler: received the first reply s0<-s4#0:OK-t0,SUCCESS,requestIndex=0
2024-09-29 22:58:04,413 [grpc-default-executor-4] INFO  impl.SnapshotInstallationHandler (SnapshotInstallationHandler.java:installSnapshot(94)) - s4@group-D7B70F6236D3: receive installSnapshot: s0->s4#0-t1,chunk:ab6bffe3-0086-4dcc-8bd2-8b021acce660,1
2024-09-29 22:58:04,413 [grpc-default-executor-3] INFO  server.GrpcLogAppender (GrpcLogAppender.java:onNext(675)) - s0@group-D7B70F6236D3->s4-InstallSnapshotResponseHandler: Completed InstallSnapshot. Reply: serverReply {
  requestorId: "s0"
  replyId: "s4"
  raftGroupId {
    id: "coF\317O\202J\304\206\220\327\267\017b6\323"
  }
  success: true
}
requestIndex: 0

2024-09-29 22:58:04,413 [grpc-default-executor-3] INFO  leader.FollowerInfo (FollowerInfoImpl.java:setAttemptedToInstallSnapshot(154)) - Follower s0@group-D7B70F6236D3->s4 acknowledged installing snapshot
2024-09-29 22:58:04,413 [grpc-default-executor-4] TRACE util.FileUtils (LogUtils.java:runAndLog(49)) - Successfully ran Files.createDirectories /tmp/ratis-tests/statemachine/s4/tmp/snapshot-ab6bffe3-0086-4dcc-8bd2-8b021acce660
2024-09-29 22:58:04,413 [grpc-default-executor-4] INFO  storage.SnapshotManager (SnapshotManager.java:installSnapshot(111)) - Installing snapshot:s0->s4#0-t1,chunk:ab6bffe3-0086-4dcc-8bd2-8b021acce660,1, to tmp dir:/tmp/ratis-tests/statemachine/s4/tmp/snapshot-ab6bffe3-0086-4dcc-8bd2-8b021acce660
2024-09-29 22:58:04,413 [grpc-default-executor-4] TRACE util.FileUtils (LogUtils.java:runAndLog(49)) - Successfully ran Files.createDirectories /tmp/ratis-tests/statemachine/s4/tmp/snapshot-ab6bffe3-0086-4dcc-8bd2-8b021acce660/1_255
2024-09-29 22:58:04,413 [grpc-default-executor-4] TRACE util.FileUtils (LogUtils.java:supplyAndLog(69)) - Successfully supplied FileChannel.open /tmp/ratis-tests/statemachine/s4/tmp/snapshot-ab6bffe3-0086-4dcc-8bd2-8b021acce660/1_255/loves with options [WRITE, CREATE]: sun.nio.ch.FileChannelImpl@309357cf
2024-09-29 22:58:04,413 [grpc-default-executor-4] TRACE util.FileUtils (LogUtils.java:supplyAndLog(69)) - Successfully supplied FileChannel.open /tmp/ratis-tests/statemachine/s4/tmp/snapshot-ab6bffe3-0086-4dcc-8bd2-8b021acce660/1_255/loves.md5.tmp with options [CREATE, WRITE]: sun.nio.ch.FileChannelImpl@c8c3991
2024-09-29 22:58:04,414 [grpc-default-executor-0] TRACE util.FileUtils (LogUtils.java:runAndLog(49)) - Successfully ran Atomic Files.move /home/runner/work/ratis/ratis/ratis-test/target/test/data/f7ba0e94/MiniRaftClusterWithGrpc35e999b0/s3/636f46cf-4f82-4ac4-8690-d7b70f6236d3/current/raft-meta.conf.tmp to /home/runner/work/ratis/ratis/ratis-test/target/test/data/f7ba0e94/MiniRaftClusterWithGrpc35e999b0/s3/636f46cf-4f82-4ac4-8690-d7b70f6236d3/current/raft-meta.conf with options [REPLACE_EXISTING]
2024-09-29 22:58:04,414 [grpc-default-executor-0] INFO  impl.SnapshotInstallationHandler (SnapshotInstallationHandler.java:installSnapshot(105)) - s3@group-D7B70F6236D3: reply installSnapshot: s0<-s3#0:OK-t0,SUCCESS,requestIndex=0
2024-09-29 22:58:04,415 [grpc-default-executor-4] TRACE util.FileUtils (LogUtils.java:runAndLog(49)) - Successfully ran Atomic Files.move /tmp/ratis-tests/statemachine/s4/tmp/snapshot-ab6bffe3-0086-4dcc-8bd2-8b021acce660/1_255/loves.md5.tmp to /tmp/ratis-tests/statemachine/s4/tmp/snapshot-ab6bffe3-0086-4dcc-8bd2-8b021acce660/1_255/loves.md5 with options [REPLACE_EXISTING]
2024-09-29 22:58:04,415 [grpc-default-executor-3] INFO  server.GrpcLogAppender (GrpcLogAppender.java:onNext(664)) - s0@group-D7B70F6236D3->s3-InstallSnapshotResponseHandler: received the first reply s0<-s3#0:OK-t0,SUCCESS,requestIndex=0
2024-09-29 22:58:04,415 [grpc-default-executor-0] INFO  impl.SnapshotInstallationHandler (SnapshotInstallationHandler.java:installSnapshot(94)) - s3@group-D7B70F6236D3: receive installSnapshot: s0->s3#0-t1,chunk:4ff54eb6-efb5-48db-9dce-bd101346a1b6,1
2024-09-29 22:58:04,415 [grpc-default-executor-3] INFO  server.GrpcLogAppender (GrpcLogAppender.java:onNext(675)) - s0@group-D7B70F6236D3->s3-InstallSnapshotResponseHandler: Completed InstallSnapshot. Reply: serverReply {
  requestorId: "s0"
  replyId: "s3"
  raftGroupId {
    id: "coF\317O\202J\304\206\220\327\267\017b6\323"
  }
  success: true
}
requestIndex: 0

2024-09-29 22:58:04,415 [grpc-default-executor-3] INFO  leader.FollowerInfo (FollowerInfoImpl.java:setAttemptedToInstallSnapshot(154)) - Follower s0@group-D7B70F6236D3->s3 acknowledged installing snapshot
2024-09-29 22:58:04,415 [grpc-default-executor-4] INFO  impl.SnapshotInstallationHandler (SnapshotInstallationHandler.java:installSnapshotImpl(140)) - s4@group-D7B70F6236D3: set new configuration configurationEntry {
  peers {
    id: "s0"
    address: "localhost:15026"
    dataStreamAddress: "localhost:15029"
    clientAddress: "localhost:15028"
    adminAddress: "localhost:15027"
    startupRole: FOLLOWER
  }
  peers {
    id: "s1"
    address: "localhost:15030"
    dataStreamAddress: "localhost:15033"
    clientAddress: "localhost:15032"
    adminAddress: "localhost:15031"
    startupRole: FOLLOWER
  }
  peers {
    id: "s2"
    address: "localhost:15034"
    dataStreamAddress: "localhost:15037"
    clientAddress: "localhost:15036"
    adminAddress: "localhost:15035"
    startupRole: FOLLOWER
  }
}
 from snapshot
2024-09-29 22:58:04,415 [grpc-default-executor-0] TRACE util.FileUtils (LogUtils.java:runAndLog(49)) - Successfully ran Files.createDirectories /tmp/ratis-tests/statemachine/s3/tmp/snapshot-4ff54eb6-efb5-48db-9dce-bd101346a1b6
2024-09-29 22:58:04,415 [grpc-default-executor-4] INFO  server.RaftServer$Division (ServerState.java:setRaftConf(386)) - s4@group-D7B70F6236D3: set configuration conf: {index: 0, cur=peers:[s0|localhost:15026, s1|localhost:15030, s2|localhost:15034]|listeners:[], old=null}
2024-09-29 22:58:04,416 [grpc-default-executor-0] INFO  storage.SnapshotManager (SnapshotManager.java:installSnapshot(111)) - Installing snapshot:s0->s3#0-t1,chunk:4ff54eb6-efb5-48db-9dce-bd101346a1b6,1, to tmp dir:/tmp/ratis-tests/statemachine/s3/tmp/snapshot-4ff54eb6-efb5-48db-9dce-bd101346a1b6
2024-09-29 22:58:04,416 [grpc-default-executor-4] TRACE util.FileUtils (LogUtils.java:supplyAndLog(69)) - Successfully supplied FileChannel.open /home/runner/work/ratis/ratis/ratis-test/target/test/data/f7ba0e94/MiniRaftClusterWithGrpc35e999b0/s4/636f46cf-4f82-4ac4-8690-d7b70f6236d3/current/raft-meta.conf.tmp with options [CREATE, WRITE]: sun.nio.ch.FileChannelImpl@2e00405e
2024-09-29 22:58:04,416 [grpc-default-executor-0] TRACE util.FileUtils (LogUtils.java:runAndLog(49)) - Successfully ran Files.createDirectories /tmp/ratis-tests/statemachine/s3/tmp/snapshot-4ff54eb6-efb5-48db-9dce-bd101346a1b6/1_255
2024-09-29 22:58:04,416 [grpc-default-executor-0] TRACE util.FileUtils (LogUtils.java:supplyAndLog(69)) - Successfully supplied FileChannel.open /tmp/ratis-tests/statemachine/s3/tmp/snapshot-4ff54eb6-efb5-48db-9dce-bd101346a1b6/1_255/loves with options [WRITE, CREATE]: sun.nio.ch.FileChannelImpl@69a79802
2024-09-29 22:58:04,416 [grpc-default-executor-0] TRACE util.FileUtils (LogUtils.java:supplyAndLog(69)) - Successfully supplied FileChannel.open /tmp/ratis-tests/statemachine/s3/tmp/snapshot-4ff54eb6-efb5-48db-9dce-bd101346a1b6/1_255/loves.md5.tmp with options [CREATE, WRITE]: sun.nio.ch.FileChannelImpl@37c7bb34
2024-09-29 22:58:04,417 [grpc-default-executor-0] TRACE util.FileUtils (LogUtils.java:runAndLog(49)) - Successfully ran Atomic Files.move /tmp/ratis-tests/statemachine/s3/tmp/snapshot-4ff54eb6-efb5-48db-9dce-bd101346a1b6/1_255/loves.md5.tmp to /tmp/ratis-tests/statemachine/s3/tmp/snapshot-4ff54eb6-efb5-48db-9dce-bd101346a1b6/1_255/loves.md5 with options [REPLACE_EXISTING]
2024-09-29 22:58:04,417 [grpc-default-executor-4] TRACE util.FileUtils (LogUtils.java:runAndLog(49)) - Successfully ran Atomic Files.move /home/runner/work/ratis/ratis/ratis-test/target/test/data/f7ba0e94/MiniRaftClusterWithGrpc35e999b0/s4/636f46cf-4f82-4ac4-8690-d7b70f6236d3/current/raft-meta.conf.tmp to /home/runner/work/ratis/ratis/ratis-test/target/test/data/f7ba0e94/MiniRaftClusterWithGrpc35e999b0/s4/636f46cf-4f82-4ac4-8690-d7b70f6236d3/current/raft-meta.conf with options [REPLACE_EXISTING]
2024-09-29 22:58:04,418 [grpc-default-executor-4] INFO  impl.SnapshotInstallationHandler (SnapshotInstallationHandler.java:installSnapshot(105)) - s4@group-D7B70F6236D3: reply installSnapshot: s0<-s4#0:OK-t1,SUCCESS,requestIndex=1
2024-09-29 22:58:04,418 [grpc-default-executor-0] INFO  impl.SnapshotInstallationHandler (SnapshotInstallationHandler.java:installSnapshotImpl(140)) - s3@group-D7B70F6236D3: set new configuration configurationEntry {
  peers {
    id: "s0"
    address: "localhost:15026"
    dataStreamAddress: "localhost:15029"
    clientAddress: "localhost:15028"
    adminAddress: "localhost:15027"
    startupRole: FOLLOWER
  }
  peers {
    id: "s1"
    address: "localhost:15030"
    dataStreamAddress: "localhost:15033"
    clientAddress: "localhost:15032"
    adminAddress: "localhost:15031"
    startupRole: FOLLOWER
  }
  peers {
    id: "s2"
    address: "localhost:15034"
    dataStreamAddress: "localhost:15037"
    clientAddress: "localhost:15036"
    adminAddress: "localhost:15035"
    startupRole: FOLLOWER
  }
}
 from snapshot
2024-09-29 22:58:04,418 [grpc-default-executor-3] INFO  server.GrpcLogAppender (GrpcLogAppender.java:onNext(664)) - s0@group-D7B70F6236D3->s4-InstallSnapshotResponseHandler: received a reply s0<-s4#0:OK-t1,SUCCESS,requestIndex=1
2024-09-29 22:58:04,418 [grpc-default-executor-4] INFO  impl.SnapshotInstallationHandler (SnapshotInstallationHandler.java:installSnapshot(94)) - s4@group-D7B70F6236D3: receive installSnapshot: s0->s4#0-t1,chunk:ab6bffe3-0086-4dcc-8bd2-8b021acce660,2
2024-09-29 22:58:04,418 [grpc-default-executor-0] INFO  server.RaftServer$Division (ServerState.java:setRaftConf(386)) - s3@group-D7B70F6236D3: set configuration conf: {index: 0, cur=peers:[s0|localhost:15026, s1|localhost:15030, s2|localhost:15034]|listeners:[], old=null}
2024-09-29 22:58:04,418 [grpc-default-executor-3] INFO  server.GrpcLogAppender (GrpcLogAppender.java:onNext(675)) - s0@group-D7B70F6236D3->s4-InstallSnapshotResponseHandler: Completed InstallSnapshot. Reply: serverReply {
  requestorId: "s0"
  replyId: "s4"
  raftGroupId {
    id: "coF\317O\202J\304\206\220\327\267\017b6\323"
  }
  success: true
}
term: 1
requestIndex: 1

2024-09-29 22:58:04,418 [grpc-default-executor-3] INFO  leader.FollowerInfo (FollowerInfoImpl.java:setAttemptedToInstallSnapshot(154)) - Follower s0@group-D7B70F6236D3->s4 acknowledged installing snapshot
2024-09-29 22:58:04,418 [grpc-default-executor-0] TRACE util.FileUtils (LogUtils.java:supplyAndLog(69)) - Successfully supplied FileChannel.open /home/runner/work/ratis/ratis/ratis-test/target/test/data/f7ba0e94/MiniRaftClusterWithGrpc35e999b0/s3/636f46cf-4f82-4ac4-8690-d7b70f6236d3/current/raft-meta.conf.tmp with options [CREATE, WRITE]: sun.nio.ch.FileChannelImpl@60d7d50a
2024-09-29 22:58:04,418 [grpc-default-executor-4] TRACE util.FileUtils (LogUtils.java:runAndLog(49)) - Successfully ran Files.createDirectories /tmp/ratis-tests/statemachine/s4/tmp/snapshot-ab6bffe3-0086-4dcc-8bd2-8b021acce660
2024-09-29 22:58:04,418 [grpc-default-executor-4] INFO  storage.SnapshotManager (SnapshotManager.java:installSnapshot(111)) - Installing snapshot:s0->s4#0-t1,chunk:ab6bffe3-0086-4dcc-8bd2-8b021acce660,2, to tmp dir:/tmp/ratis-tests/statemachine/s4/tmp/snapshot-ab6bffe3-0086-4dcc-8bd2-8b021acce660
2024-09-29 22:58:04,418 [grpc-default-executor-4] TRACE util.FileUtils (LogUtils.java:runAndLog(49)) - Successfully ran Files.createDirectories /tmp/ratis-tests/statemachine/s4/tmp/snapshot-ab6bffe3-0086-4dcc-8bd2-8b021acce660/1_255
2024-09-29 22:58:04,419 [grpc-default-executor-4] TRACE util.FileUtils (LogUtils.java:supplyAndLog(69)) - Successfully supplied FileChannel.open /tmp/ratis-tests/statemachine/s4/tmp/snapshot-ab6bffe3-0086-4dcc-8bd2-8b021acce660/1_255/deer with options [WRITE, CREATE]: sun.nio.ch.FileChannelImpl@1f0bbcef
2024-09-29 22:58:04,419 [grpc-default-executor-4] TRACE util.FileUtils (LogUtils.java:supplyAndLog(69)) - Successfully supplied FileChannel.open /tmp/ratis-tests/statemachine/s4/tmp/snapshot-ab6bffe3-0086-4dcc-8bd2-8b021acce660/1_255/deer.md5.tmp with options [CREATE, WRITE]: sun.nio.ch.FileChannelImpl@72265e2e
2024-09-29 22:58:04,420 [grpc-default-executor-4] TRACE util.FileUtils (LogUtils.java:runAndLog(49)) - Successfully ran Atomic Files.move /tmp/ratis-tests/statemachine/s4/tmp/snapshot-ab6bffe3-0086-4dcc-8bd2-8b021acce660/1_255/deer.md5.tmp to /tmp/ratis-tests/statemachine/s4/tmp/snapshot-ab6bffe3-0086-4dcc-8bd2-8b021acce660/1_255/deer.md5 with options [REPLACE_EXISTING]
2024-09-29 22:58:04,420 [grpc-default-executor-4] INFO  storage.SnapshotManager (SnapshotManager.java:rename(174)) - Installed snapshot, renaming temporary dir /tmp/ratis-tests/statemachine/s4/tmp/snapshot-ab6bffe3-0086-4dcc-8bd2-8b021acce660 to /tmp/ratis-tests/statemachine/s4/snapshot
2024-09-29 22:58:04,420 [grpc-default-executor-0] TRACE util.FileUtils (LogUtils.java:runAndLog(49)) - Successfully ran Atomic Files.move /home/runner/work/ratis/ratis/ratis-test/target/test/data/f7ba0e94/MiniRaftClusterWithGrpc35e999b0/s3/636f46cf-4f82-4ac4-8690-d7b70f6236d3/current/raft-meta.conf.tmp to /home/runner/work/ratis/ratis/ratis-test/target/test/data/f7ba0e94/MiniRaftClusterWithGrpc35e999b0/s3/636f46cf-4f82-4ac4-8690-d7b70f6236d3/current/raft-meta.conf with options [REPLACE_EXISTING]
2024-09-29 22:58:04,420 [grpc-default-executor-4] TRACE util.FileUtils (LogUtils.java:runAndLog(49)) - Successfully ran Atomic Files.move /tmp/ratis-tests/statemachine/s4/snapshot to /tmp/ratis-tests/statemachine/s4/snapshot.tmp20240929-225804_420
2024-09-29 22:58:04,420 [grpc-default-executor-0] INFO  impl.SnapshotInstallationHandler (SnapshotInstallationHandler.java:installSnapshot(105)) - s3@group-D7B70F6236D3: reply installSnapshot: s0<-s3#0:OK-t1,SUCCESS,requestIndex=1
2024-09-29 22:58:04,420 [grpc-default-executor-4] TRACE util.FileUtils (LogUtils.java:runAndLog(49)) - Successfully ran Atomic Files.move /tmp/ratis-tests/statemachine/s4/tmp/snapshot-ab6bffe3-0086-4dcc-8bd2-8b021acce660 to /tmp/ratis-tests/statemachine/s4/snapshot
2024-09-29 22:58:04,420 [grpc-default-executor-4] TRACE util.FileUtils (FileUtils.java:deleteFully(305)) - deleteFully /tmp/ratis-tests/statemachine/s4/snapshot.tmp20240929-225804_420
2024-09-29 22:58:04,420 [grpc-default-executor-4] TRACE util.FileUtils (LogUtils.java:runAndLog(49)) - Successfully ran Files.delete /tmp/ratis-tests/statemachine/s4/snapshot.tmp20240929-225804_420
2024-09-29 22:58:04,420 [grpc-default-executor-3] INFO  server.GrpcLogAppender (GrpcLogAppender.java:onNext(664)) - s0@group-D7B70F6236D3->s3-InstallSnapshotResponseHandler: received a reply s0<-s3#0:OK-t1,SUCCESS,requestIndex=1
2024-09-29 22:58:04,421 [grpc-default-executor-4] INFO  raftlog.RaftLog (RaftLogBase.java:lambda$new$0(57)) - s4@group-D7B70F6236D3-SegmentedRaftLog: snapshotIndex: updateIncreasingly -1 -> 255
2024-09-29 22:58:04,421 [grpc-default-executor-4] INFO  segmented.SegmentedRaftLogWorker (SegmentedRaftLogWorker.java:lambda$new$0(138)) - s4@group-D7B70F6236D3-SegmentedRaftLogWorker: flushIndex: setUnconditionally -1 -> 255
2024-09-29 22:58:04,421 [s4@group-D7B70F6236D3-StateMachineUpdater] INFO  impl.SimpleStateMachine4Testing (SimpleStateMachine4Testing.java:reinitialize(238)) - Reinitializing StateMachineWithSeparatedSnapshotPath:s4:group-D7B70F6236D3
2024-09-29 22:58:04,421 [grpc-default-executor-0] INFO  impl.SnapshotInstallationHandler (SnapshotInstallationHandler.java:installSnapshot(94)) - s3@group-D7B70F6236D3: receive installSnapshot: s0->s3#0-t1,chunk:4ff54eb6-efb5-48db-9dce-bd101346a1b6,2
2024-09-29 22:58:04,421 [s4@group-D7B70F6236D3-StateMachineUpdater] INFO  impl.SimpleStateMachine4Testing (SimpleStateMachine4Testing.java:loadSnapshot(300)) - Loading snapshot null
2024-09-29 22:58:04,421 [grpc-default-executor-4] INFO  segmented.SegmentedRaftLogWorker (SegmentedRaftLogWorker.java:lambda$new$0(138)) - s4@group-D7B70F6236D3-SegmentedRaftLogWorker: safeCacheEvictIndex: setUnconditionally -1 -> 255
2024-09-29 22:58:04,421 [grpc-default-executor-3] INFO  server.GrpcLogAppender (GrpcLogAppender.java:onNext(675)) - s0@group-D7B70F6236D3->s3-InstallSnapshotResponseHandler: Completed InstallSnapshot. Reply: serverReply {
  requestorId: "s0"
  replyId: "s3"
  raftGroupId {
    id: "coF\317O\202J\304\206\220\327\267\017b6\323"
  }
  success: true
}
term: 1
requestIndex: 1

2024-09-29 22:58:04,421 [grpc-default-executor-3] INFO  leader.FollowerInfo (FollowerInfoImpl.java:setAttemptedToInstallSnapshot(154)) - Follower s0@group-D7B70F6236D3->s3 acknowledged installing snapshot
2024-09-29 22:58:04,421 [s4@group-D7B70F6236D3-StateMachineUpdater] INFO  impl.StateMachineUpdater (StateMachineUpdater.java:lambda$new$0(102)) - s4@group-D7B70F6236D3-StateMachineUpdater: snapshotIndex: setUnconditionally -1 -> 255
2024-09-29 22:58:04,421 [s4@group-D7B70F6236D3-StateMachineUpdater] INFO  impl.StateMachineUpdater (StateMachineUpdater.java:lambda$new$0(102)) - s4@group-D7B70F6236D3-StateMachineUpdater: appliedIndex: setUnconditionally -1 -> 255
2024-09-29 22:58:04,421 [grpc-default-executor-0] TRACE util.FileUtils (LogUtils.java:runAndLog(49)) - Successfully ran Files.createDirectories /tmp/ratis-tests/statemachine/s3/tmp/snapshot-4ff54eb6-efb5-48db-9dce-bd101346a1b6
2024-09-29 22:58:04,422 [grpc-default-executor-4] INFO  raftlog.RaftLog (RaftLogBase.java:lambda$new$0(57)) - s4@group-D7B70F6236D3-SegmentedRaftLog: purgeIndex: updateToMax old=-1, new=255, updated? true
2024-09-29 22:58:04,422 [grpc-default-executor-4] INFO  impl.SnapshotInstallationHandler (SnapshotInstallationHandler.java:checkAndInstallSnapshot(207)) - s4@group-D7B70F6236D3: successfully install the entire snapshot-255
2024-09-29 22:58:04,422 [grpc-default-executor-0] INFO  storage.SnapshotManager (SnapshotManager.java:installSnapshot(111)) - Installing snapshot:s0->s3#0-t1,chunk:4ff54eb6-efb5-48db-9dce-bd101346a1b6,2, to tmp dir:/tmp/ratis-tests/statemachine/s3/tmp/snapshot-4ff54eb6-efb5-48db-9dce-bd101346a1b6
2024-09-29 22:58:04,422 [grpc-default-executor-0] TRACE util.FileUtils (LogUtils.java:runAndLog(49)) - Successfully ran Files.createDirectories /tmp/ratis-tests/statemachine/s3/tmp/snapshot-4ff54eb6-efb5-48db-9dce-bd101346a1b6/1_255
2024-09-29 22:58:04,422 [grpc-default-executor-4] INFO  impl.SnapshotInstallationHandler (SnapshotInstallationHandler.java:installSnapshotImpl(140)) - s4@group-D7B70F6236D3: set new configuration configurationEntry {
  peers {
    id: "s0"
    address: "localhost:15026"
    dataStreamAddress: "localhost:15029"
    clientAddress: "localhost:15028"
    adminAddress: "localhost:15027"
    startupRole: FOLLOWER
  }
  peers {
    id: "s1"
    address: "localhost:15030"
    dataStreamAddress: "localhost:15033"
    clientAddress: "localhost:15032"
    adminAddress: "localhost:15031"
    startupRole: FOLLOWER
  }
  peers {
    id: "s2"
    address: "localhost:15034"
    dataStreamAddress: "localhost:15037"
    clientAddress: "localhost:15036"
    adminAddress: "localhost:15035"
    startupRole: FOLLOWER
  }
}
 from snapshot
2024-09-29 22:58:04,422 [grpc-default-executor-0] TRACE util.FileUtils (LogUtils.java:supplyAndLog(69)) - Successfully supplied FileChannel.open /tmp/ratis-tests/statemachine/s3/tmp/snapshot-4ff54eb6-efb5-48db-9dce-bd101346a1b6/1_255/deer with options [WRITE, CREATE]: sun.nio.ch.FileChannelImpl@6c319c33
2024-09-29 22:58:04,422 [grpc-default-executor-4] INFO  server.RaftServer$Division (ServerState.java:setRaftConf(386)) - s4@group-D7B70F6236D3: set configuration conf: {index: 0, cur=peers:[s0|localhost:15026, s1|localhost:15030, s2|localhost:15034]|listeners:[], old=null}
2024-09-29 22:58:04,422 [grpc-default-executor-4] TRACE util.FileUtils (LogUtils.java:supplyAndLog(69)) - Successfully supplied FileChannel.open /home/runner/work/ratis/ratis/ratis-test/target/test/data/f7ba0e94/MiniRaftClusterWithGrpc35e999b0/s4/636f46cf-4f82-4ac4-8690-d7b70f6236d3/current/raft-meta.conf.tmp with options [CREATE, WRITE]: sun.nio.ch.FileChannelImpl@5e08f284
2024-09-29 22:58:04,422 [grpc-default-executor-0] TRACE util.FileUtils (LogUtils.java:supplyAndLog(69)) - Successfully supplied FileChannel.open /tmp/ratis-tests/statemachine/s3/tmp/snapshot-4ff54eb6-efb5-48db-9dce-bd101346a1b6/1_255/deer.md5.tmp with options [CREATE, WRITE]: sun.nio.ch.FileChannelImpl@66a5949a
2024-09-29 22:58:04,423 [grpc-default-executor-0] TRACE util.FileUtils (LogUtils.java:runAndLog(49)) - Successfully ran Atomic Files.move /tmp/ratis-tests/statemachine/s3/tmp/snapshot-4ff54eb6-efb5-48db-9dce-bd101346a1b6/1_255/deer.md5.tmp to /tmp/ratis-tests/statemachine/s3/tmp/snapshot-4ff54eb6-efb5-48db-9dce-bd101346a1b6/1_255/deer.md5 with options [REPLACE_EXISTING]
2024-09-29 22:58:04,424 [grpc-default-executor-0] INFO  storage.SnapshotManager (SnapshotManager.java:rename(174)) - Installed snapshot, renaming temporary dir /tmp/ratis-tests/statemachine/s3/tmp/snapshot-4ff54eb6-efb5-48db-9dce-bd101346a1b6 to /tmp/ratis-tests/statemachine/s3/snapshot
2024-09-29 22:58:04,424 [grpc-default-executor-0] TRACE util.FileUtils (LogUtils.java:runAndLog(49)) - Successfully ran Atomic Files.move /tmp/ratis-tests/statemachine/s3/snapshot to /tmp/ratis-tests/statemachine/s3/snapshot.tmp20240929-225804_424
2024-09-29 22:58:04,424 [grpc-default-executor-0] TRACE util.FileUtils (LogUtils.java:runAndLog(49)) - Successfully ran Atomic Files.move /tmp/ratis-tests/statemachine/s3/tmp/snapshot-4ff54eb6-efb5-48db-9dce-bd101346a1b6 to /tmp/ratis-tests/statemachine/s3/snapshot
2024-09-29 22:58:04,424 [grpc-default-executor-0] TRACE util.FileUtils (FileUtils.java:deleteFully(305)) - deleteFully /tmp/ratis-tests/statemachine/s3/snapshot.tmp20240929-225804_424
2024-09-29 22:58:04,424 [grpc-default-executor-0] TRACE util.FileUtils (LogUtils.java:runAndLog(49)) - Successfully ran Files.delete /tmp/ratis-tests/statemachine/s3/snapshot.tmp20240929-225804_424
2024-09-29 22:58:04,424 [grpc-default-executor-0] INFO  raftlog.RaftLog (RaftLogBase.java:lambda$new$0(57)) - s3@group-D7B70F6236D3-SegmentedRaftLog: snapshotIndex: updateIncreasingly -1 -> 255
2024-09-29 22:58:04,424 [s3@group-D7B70F6236D3-StateMachineUpdater] INFO  impl.SimpleStateMachine4Testing (SimpleStateMachine4Testing.java:reinitialize(238)) - Reinitializing StateMachineWithSeparatedSnapshotPath:s3:group-D7B70F6236D3
2024-09-29 22:58:04,424 [s3@group-D7B70F6236D3-StateMachineUpdater] INFO  impl.SimpleStateMachine4Testing (SimpleStateMachine4Testing.java:loadSnapshot(300)) - Loading snapshot null
2024-09-29 22:58:04,424 [s3@group-D7B70F6236D3-StateMachineUpdater] INFO  impl.StateMachineUpdater (StateMachineUpdater.java:lambda$new$0(102)) - s3@group-D7B70F6236D3-StateMachineUpdater: snapshotIndex: setUnconditionally -1 -> 255
2024-09-29 22:58:04,425 [s3@group-D7B70F6236D3-StateMachineUpdater] INFO  impl.StateMachineUpdater (StateMachineUpdater.java:lambda$new$0(102)) - s3@group-D7B70F6236D3-StateMachineUpdater: appliedIndex: setUnconditionally -1 -> 255
2024-09-29 22:58:04,424 [grpc-default-executor-0] INFO  segmented.SegmentedRaftLogWorker (SegmentedRaftLogWorker.java:lambda$new$0(138)) - s3@group-D7B70F6236D3-SegmentedRaftLogWorker: flushIndex: setUnconditionally -1 -> 255
2024-09-29 22:58:04,425 [grpc-default-executor-0] INFO  segmented.SegmentedRaftLogWorker (SegmentedRaftLogWorker.java:lambda$new$0(138)) - s3@group-D7B70F6236D3-SegmentedRaftLogWorker: safeCacheEvictIndex: setUnconditionally -1 -> 255
2024-09-29 22:58:04,425 [grpc-default-executor-0] INFO  raftlog.RaftLog (RaftLogBase.java:lambda$new$0(57)) - s3@group-D7B70F6236D3-SegmentedRaftLog: purgeIndex: updateToMax old=-1, new=255, updated? true
2024-09-29 22:58:04,425 [grpc-default-executor-0] INFO  impl.SnapshotInstallationHandler (SnapshotInstallationHandler.java:checkAndInstallSnapshot(207)) - s3@group-D7B70F6236D3: successfully install the entire snapshot-255
2024-09-29 22:58:04,425 [grpc-default-executor-0] INFO  impl.SnapshotInstallationHandler (SnapshotInstallationHandler.java:installSnapshotImpl(140)) - s3@group-D7B70F6236D3: set new configuration configurationEntry {
  peers {
    id: "s0"
    address: "localhost:15026"
    dataStreamAddress: "localhost:15029"
    clientAddress: "localhost:15028"
    adminAddress: "localhost:15027"
    startupRole: FOLLOWER
  }
  peers {
    id: "s1"
    address: "localhost:15030"
    dataStreamAddress: "localhost:15033"
    clientAddress: "localhost:15032"
    adminAddress: "localhost:15031"
    startupRole: FOLLOWER
  }
  peers {
    id: "s2"
    address: "localhost:15034"
    dataStreamAddress: "localhost:15037"
    clientAddress: "localhost:15036"
    adminAddress: "localhost:15035"
    startupRole: FOLLOWER
  }
}
 from snapshot
2024-09-29 22:58:04,425 [grpc-default-executor-0] INFO  server.RaftServer$Division (ServerState.java:setRaftConf(386)) - s3@group-D7B70F6236D3: set configuration conf: {index: 0, cur=peers:[s0|localhost:15026, s1|localhost:15030, s2|localhost:15034]|listeners:[], old=null}
2024-09-29 22:58:04,426 [grpc-default-executor-0] TRACE util.FileUtils (LogUtils.java:supplyAndLog(69)) - Successfully supplied FileChannel.open /home/runner/work/ratis/ratis/ratis-test/target/test/data/f7ba0e94/MiniRaftClusterWithGrpc35e999b0/s3/636f46cf-4f82-4ac4-8690-d7b70f6236d3/current/raft-meta.conf.tmp with options [CREATE, WRITE]: sun.nio.ch.FileChannelImpl@380472c1
2024-09-29 22:58:04,427 [grpc-default-executor-4] TRACE util.FileUtils (LogUtils.java:runAndLog(49)) - Successfully ran Atomic Files.move /home/runner/work/ratis/ratis/ratis-test/target/test/data/f7ba0e94/MiniRaftClusterWithGrpc35e999b0/s4/636f46cf-4f82-4ac4-8690-d7b70f6236d3/current/raft-meta.conf.tmp to /home/runner/work/ratis/ratis/ratis-test/target/test/data/f7ba0e94/MiniRaftClusterWithGrpc35e999b0/s4/636f46cf-4f82-4ac4-8690-d7b70f6236d3/current/raft-meta.conf with options [REPLACE_EXISTING]
2024-09-29 22:58:04,427 [grpc-default-executor-4] INFO  impl.SnapshotInstallationHandler (SnapshotInstallationHandler.java:installSnapshot(105)) - s4@group-D7B70F6236D3: reply installSnapshot: s0<-s4#0:OK-t1,SUCCESS,requestIndex=2
2024-09-29 22:58:04,427 [grpc-default-executor-4] INFO  server.GrpcServerProtocolService (GrpcServerProtocolService.java:onCompleted(200)) - s4: Completed INSTALL_SNAPSHOT, lastRequest: s0->s4#0-t1,chunk:ab6bffe3-0086-4dcc-8bd2-8b021acce660,2
2024-09-29 22:58:04,427 [grpc-default-executor-3] INFO  server.GrpcLogAppender (GrpcLogAppender.java:onNext(664)) - s0@group-D7B70F6236D3->s4-InstallSnapshotResponseHandler: received a reply s0<-s4#0:OK-t1,SUCCESS,requestIndex=2
2024-09-29 22:58:04,427 [grpc-default-executor-4] INFO  server.GrpcServerProtocolService (GrpcServerProtocolService.java:lambda$onCompleted$7(202)) - s4: Completed INSTALL_SNAPSHOT, lastReply: null
2024-09-29 22:58:04,427 [grpc-default-executor-3] INFO  server.GrpcLogAppender (GrpcLogAppender.java:onNext(675)) - s0@group-D7B70F6236D3->s4-InstallSnapshotResponseHandler: Completed InstallSnapshot. Reply: serverReply {
  requestorId: "s0"
  replyId: "s4"
  raftGroupId {
    id: "coF\317O\202J\304\206\220\327\267\017b6\323"
  }
  success: true
}
term: 1
requestIndex: 2

2024-09-29 22:58:04,428 [grpc-default-executor-3] INFO  leader.FollowerInfo (FollowerInfoImpl.java:setAttemptedToInstallSnapshot(154)) - Follower s0@group-D7B70F6236D3->s4 acknowledged installing snapshot
2024-09-29 22:58:04,428 [grpc-default-executor-4] INFO  server.GrpcLogAppender (GrpcLogAppender.java:onCompleted(740)) - s0@group-D7B70F6236D3->s4-InstallSnapshotResponseHandler: follower responded installSnapshot COMPLETED
2024-09-29 22:58:04,428 [grpc-default-executor-0] TRACE util.FileUtils (LogUtils.java:runAndLog(49)) - Successfully ran Atomic Files.move /home/runner/work/ratis/ratis/ratis-test/target/test/data/f7ba0e94/MiniRaftClusterWithGrpc35e999b0/s3/636f46cf-4f82-4ac4-8690-d7b70f6236d3/current/raft-meta.conf.tmp to /home/runner/work/ratis/ratis/ratis-test/target/test/data/f7ba0e94/MiniRaftClusterWithGrpc35e999b0/s3/636f46cf-4f82-4ac4-8690-d7b70f6236d3/current/raft-meta.conf with options [REPLACE_EXISTING]
2024-09-29 22:58:04,428 [s0@group-D7B70F6236D3->s4-GrpcLogAppender-LogAppenderDaemon] INFO  leader.FollowerInfo (FollowerInfoImpl.java:info(64)) - s0@group-D7B70F6236D3->s4: snapshotIndex: setUnconditionally 0 -> 255
2024-09-29 22:58:04,428 [grpc-default-executor-0] INFO  impl.SnapshotInstallationHandler (SnapshotInstallationHandler.java:installSnapshot(105)) - s3@group-D7B70F6236D3: reply installSnapshot: s0<-s3#0:OK-t1,SUCCESS,requestIndex=2
2024-09-29 22:58:04,428 [s0@group-D7B70F6236D3->s4-GrpcLogAppender-LogAppenderDaemon] INFO  leader.FollowerInfo (FollowerInfoImpl.java:info(64)) - s0@group-D7B70F6236D3->s4: matchIndex: setUnconditionally -1 -> 255
2024-09-29 22:58:04,428 [s0@group-D7B70F6236D3->s4-GrpcLogAppender-LogAppenderDaemon] INFO  leader.FollowerInfo (FollowerInfoImpl.java:info(64)) - s0@group-D7B70F6236D3->s4: nextIndex: setUnconditionally 0 -> 256
2024-09-29 22:58:04,428 [grpc-default-executor-0] INFO  server.GrpcServerProtocolService (GrpcServerProtocolService.java:onCompleted(200)) - s3: Completed INSTALL_SNAPSHOT, lastRequest: s0->s3#0-t1,chunk:4ff54eb6-efb5-48db-9dce-bd101346a1b6,2
2024-09-29 22:58:04,428 [s0@group-D7B70F6236D3->s4-GrpcLogAppender-LogAppenderDaemon] INFO  server.GrpcLogAppender (GrpcLogAppender.java:installSnapshot(789)) - s0@group-D7B70F6236D3->s4-GrpcLogAppender: installed snapshot FileListSnapshotInfo(t:1, i:255):[/tmp/ratis-tests/statemachine/s0/snapshot/1_255/vegetable, /tmp/ratis-tests/statemachine/s0/snapshot/1_255/loves, /tmp/ratis-tests/statemachine/s0/snapshot/1_255/deer] successfully
2024-09-29 22:58:04,428 [grpc-default-executor-0] INFO  server.GrpcServerProtocolService (GrpcServerProtocolService.java:lambda$onCompleted$7(202)) - s3: Completed INSTALL_SNAPSHOT, lastReply: null
2024-09-29 22:58:04,429 [grpc-default-executor-4] INFO  server.GrpcLogAppender (GrpcLogAppender.java:onNext(664)) - s0@group-D7B70F6236D3->s3-InstallSnapshotResponseHandler: received a reply s0<-s3#0:OK-t1,SUCCESS,requestIndex=2
2024-09-29 22:58:04,432 [grpc-default-executor-4] INFO  server.GrpcLogAppender (GrpcLogAppender.java:onNext(675)) - s0@group-D7B70F6236D3->s3-InstallSnapshotResponseHandler: Completed InstallSnapshot. Reply: serverReply {
  requestorId: "s0"
  replyId: "s3"
  raftGroupId {
    id: "coF\317O\202J\304\206\220\327\267\017b6\323"
  }
  success: true
}
term: 1
requestIndex: 2

2024-09-29 22:58:04,432 [grpc-default-executor-4] INFO  leader.FollowerInfo (FollowerInfoImpl.java:setAttemptedToInstallSnapshot(154)) - Follower s0@group-D7B70F6236D3->s3 acknowledged installing snapshot
2024-09-29 22:58:04,433 [grpc-default-executor-4] INFO  server.GrpcLogAppender (GrpcLogAppender.java:onCompleted(740)) - s0@group-D7B70F6236D3->s3-InstallSnapshotResponseHandler: follower responded installSnapshot COMPLETED
2024-09-29 22:58:04,433 [s0@group-D7B70F6236D3->s3-GrpcLogAppender-LogAppenderDaemon] INFO  leader.FollowerInfo (FollowerInfoImpl.java:info(64)) - s0@group-D7B70F6236D3->s3: snapshotIndex: setUnconditionally 0 -> 255
2024-09-29 22:58:04,433 [s0@group-D7B70F6236D3->s3-GrpcLogAppender-LogAppenderDaemon] INFO  leader.FollowerInfo (FollowerInfoImpl.java:info(64)) - s0@group-D7B70F6236D3->s3: matchIndex: setUnconditionally -1 -> 255
2024-09-29 22:58:04,433 [s0@group-D7B70F6236D3->s3-GrpcLogAppender-LogAppenderDaemon] INFO  leader.FollowerInfo (FollowerInfoImpl.java:info(64)) - s0@group-D7B70F6236D3->s3: nextIndex: setUnconditionally 0 -> 256
2024-09-29 22:58:04,433 [s0@group-D7B70F6236D3->s3-GrpcLogAppender-LogAppenderDaemon] INFO  server.GrpcLogAppender (GrpcLogAppender.java:installSnapshot(789)) - s0@group-D7B70F6236D3->s3-GrpcLogAppender: installed snapshot FileListSnapshotInfo(t:1, i:255):[/tmp/ratis-tests/statemachine/s0/snapshot/1_255/vegetable, /tmp/ratis-tests/statemachine/s0/snapshot/1_255/loves, /tmp/ratis-tests/statemachine/s0/snapshot/1_255/deer] successfully
2024-09-29 22:58:04,435 [timer4] WARN  server.GrpcLogAppender (GrpcLogAppender.java:timeoutAppendRequest(450)) - s0@group-64B60AA06307->s2-GrpcLogAppender: Timed out HEARTBEAT appendEntries, errorCount=6, request=AppendEntriesRequest:cid=5,entriesCount=0
2024-09-29 22:58:04,449 [s3-server-thread2] INFO  segmented.SegmentedRaftLogWorker (SegmentedRaftLogWorker.java:startLogSegment(438)) - s3@group-D7B70F6236D3-SegmentedRaftLogWorker: Starting segment from index:256
2024-09-29 22:58:04,450 [s4-server-thread2] INFO  segmented.SegmentedRaftLogWorker (SegmentedRaftLogWorker.java:startLogSegment(438)) - s4@group-D7B70F6236D3-SegmentedRaftLogWorker: Starting segment from index:256
2024-09-29 22:58:04,450 [s3@group-D7B70F6236D3-SegmentedRaftLogWorker] INFO  segmented.BufferedWriteChannel (BufferedWriteChannel.java:open(61)) - open log_inprogress_256 at position 0
2024-09-29 22:58:04,451 [s4@group-D7B70F6236D3-SegmentedRaftLogWorker] INFO  segmented.BufferedWriteChannel (BufferedWriteChannel.java:open(61)) - open log_inprogress_256 at position 0
2024-09-29 22:58:04,466 [s3@group-D7B70F6236D3-SegmentedRaftLogWorker] INFO  segmented.SegmentedRaftLogWorker (SegmentedRaftLogWorker.java:execute(660)) - s3@group-D7B70F6236D3-SegmentedRaftLogWorker: created new log segment /home/runner/work/ratis/ratis/ratis-test/target/test/data/f7ba0e94/MiniRaftClusterWithGrpc35e999b0/s3/636f46cf-4f82-4ac4-8690-d7b70f6236d3/current/log_inprogress_256
2024-09-29 22:58:04,467 [s4@group-D7B70F6236D3-SegmentedRaftLogWorker] INFO  segmented.SegmentedRaftLogWorker (SegmentedRaftLogWorker.java:execute(660)) - s4@group-D7B70F6236D3-SegmentedRaftLogWorker: created new log segment /home/runner/work/ratis/ratis/ratis-test/target/test/data/f7ba0e94/MiniRaftClusterWithGrpc35e999b0/s4/636f46cf-4f82-4ac4-8690-d7b70f6236d3/current/log_inprogress_256
2024-09-29 22:58:04,468 [s0@group-D7B70F6236D3-LeaderStateImpl] INFO  server.RaftServer$Division (ServerState.java:setRaftConf(386)) - s0@group-D7B70F6236D3: set configuration conf: {index: 257, cur=peers:[s3|0.0.0.0:15038, s4|0.0.0.0:15039, s0|localhost:15026, s1|localhost:15030, s2|localhost:15034]|listeners:[], old=peers:[s0|localhost:15026, s1|localhost:15030, s2|localhost:15034]|listeners:[]}
2024-09-29 22:58:04,469 [s1-server-thread1] INFO  util.CodeInjectionForTesting (BlockRequestHandlingInjection.java:execute(77)) - s1: Block request from s0
2024-09-29 22:58:04,469 [s2-server-thread2] INFO  util.CodeInjectionForTesting (BlockRequestHandlingInjection.java:execute(77)) - s2: Block request from s0
2024-09-29 22:58:04,470 [s3-server-thread1] INFO  impl.RoleInfo (RoleInfo.java:updateAndGet(148)) - s3: start s3@group-D7B70F6236D3-FollowerState
2024-09-29 22:58:04,469 [s4-server-thread3] INFO  impl.RoleInfo (RoleInfo.java:updateAndGet(148)) - s4: start s4@group-D7B70F6236D3-FollowerState
2024-09-29 22:58:04,470 [s3-server-thread1] INFO  server.RaftServer$Division (ServerState.java:setRaftConf(386)) - s3@group-D7B70F6236D3: set configuration conf: {index: 257, cur=peers:[s3|0.0.0.0:15038, s4|0.0.0.0:15039, s0|localhost:15026, s1|localhost:15030, s2|localhost:15034]|listeners:[], old=peers:[s0|localhost:15026, s1|localhost:15030, s2|localhost:15034]|listeners:[]}
2024-09-29 22:58:04,473 [timer6] WARN  server.GrpcLogAppender (GrpcLogAppender.java:timeoutAppendRequest(450)) - s0@group-64B60AA06307->s2-GrpcLogAppender: Timed out HEARTBEAT appendEntries, errorCount=7, request=AppendEntriesRequest:cid=6,entriesCount=0
2024-09-29 22:58:04,473 [s4-server-thread3] INFO  server.RaftServer$Division (ServerState.java:setRaftConf(386)) - s4@group-D7B70F6236D3: set configuration conf: {index: 257, cur=peers:[s3|0.0.0.0:15038, s4|0.0.0.0:15039, s0|localhost:15026, s1|localhost:15030, s2|localhost:15034]|listeners:[], old=peers:[s0|localhost:15026, s1|localhost:15030, s2|localhost:15034]|listeners:[]}
2024-09-29 22:58:04,475 [timer7] WARN  server.GrpcLogAppender (GrpcLogAppender.java:timeoutAppendRequest(450)) - s0@group-64B60AA06307->s2-GrpcLogAppender: Timed out HEARTBEAT appendEntries, errorCount=8, request=AppendEntriesRequest:cid=7,entriesCount=0
2024-09-29 22:58:04,512 [timer0] WARN  server.GrpcLogAppender (GrpcLogAppender.java:timeoutAppendRequest(450)) - s0@group-64B60AA06307->s2-GrpcLogAppender: Timed out HEARTBEAT appendEntries, errorCount=9, request=AppendEntriesRequest:cid=8,entriesCount=0
2024-09-29 22:58:04,550 [timer1] WARN  server.GrpcLogAppender (GrpcLogAppender.java:timeoutAppendRequest(450)) - s0@group-64B60AA06307->s2-GrpcLogAppender: Timed out HEARTBEAT appendEntries, errorCount=10, request=AppendEntriesRequest:cid=9,entriesCount=0
2024-09-29 22:58:04,586 [s1@group-D7B70F6236D3-FollowerState] INFO  impl.FollowerState (FollowerState.java:run(144)) - s1@group-D7B70F6236D3-FollowerState: change to CANDIDATE, lastRpcElapsedTime:258891783ns, electionTimeout:169ms
2024-09-29 22:58:04,586 [s1@group-D7B70F6236D3-FollowerState] INFO  impl.RoleInfo (RoleInfo.java:shutdownFollowerState(119)) - s1: shutdown s1@group-D7B70F6236D3-FollowerState
2024-09-29 22:58:04,586 [s1@group-D7B70F6236D3-FollowerState] INFO  server.RaftServer$Division (RaftServerImpl.java:setRole(378)) - s1@group-D7B70F6236D3: changes role from  FOLLOWER to CANDIDATE at term 1 for changeToCandidate
2024-09-29 22:58:04,587 [s1@group-D7B70F6236D3-FollowerState] INFO  server.RaftServerConfigKeys (ConfUtils.java:logGet(46)) - raft.server.leaderelection.pre-vote = true (default)
2024-09-29 22:58:04,587 [s1@group-D7B70F6236D3-FollowerState] INFO  impl.RoleInfo (RoleInfo.java:updateAndGet(148)) - s1: start s1@group-D7B70F6236D3-LeaderElection8
2024-09-29 22:58:04,587 [timer3] WARN  server.GrpcLogAppender (GrpcLogAppender.java:timeoutAppendRequest(450)) - s0@group-64B60AA06307->s2-GrpcLogAppender: Timed out HEARTBEAT appendEntries, errorCount=11, request=AppendEntriesRequest:cid=10,entriesCount=0
2024-09-29 22:58:04,587 [s1@group-D7B70F6236D3-LeaderElection8] INFO  server.RaftServer$Division (ServerState.java:setLeader(272)) - s1@group-D7B70F6236D3: change Leader from s0 to null at term 1 for PRE_VOTE
2024-09-29 22:58:04,587 [s1@group-D7B70F6236D3-LeaderElection8] INFO  impl.LeaderElection (LeaderElection.java:askForVotes(325)) - s1@group-D7B70F6236D3-LeaderElection8 PRE_VOTE round 0: submit vote requests at term 1 for conf: {index: 0, cur=peers:[s0|localhost:15026, s1|localhost:15030, s2|localhost:15034]|listeners:[], old=null}
2024-09-29 22:58:04,587 [s1@group-D7B70F6236D3-LeaderElection8-1] INFO  server.GrpcServerProtocolClient (GrpcServerProtocolClient.java:<init>(65)) - Build channel for s0|localhost:15026
2024-09-29 22:58:04,588 [s1@group-D7B70F6236D3-LeaderElection8-2] INFO  server.GrpcServerProtocolClient (GrpcServerProtocolClient.java:<init>(65)) - Build channel for s2|localhost:15034
2024-09-29 22:58:04,593 [grpc-default-executor-3] INFO  util.CodeInjectionForTesting (BlockRequestHandlingInjection.java:execute(77)) - s0: Block request from s1
2024-09-29 22:58:04,596 [grpc-default-executor-5] INFO  util.CodeInjectionForTesting (BlockRequestHandlingInjection.java:execute(77)) - s2: Block request from s1
2024-09-29 22:58:04,626 [timer4] WARN  server.GrpcLogAppender (GrpcLogAppender.java:timeoutAppendRequest(450)) - s0@group-64B60AA06307->s2-GrpcLogAppender: Timed out HEARTBEAT appendEntries, errorCount=12, request=AppendEntriesRequest:cid=11,entriesCount=0
2024-09-29 22:58:04,639 [s2@group-D7B70F6236D3-FollowerState] INFO  impl.FollowerState (FollowerState.java:run(144)) - s2@group-D7B70F6236D3-FollowerState: change to CANDIDATE, lastRpcElapsedTime:315821707ns, electionTimeout:160ms
2024-09-29 22:58:04,639 [s2@group-D7B70F6236D3-FollowerState] INFO  impl.RoleInfo (RoleInfo.java:shutdownFollowerState(119)) - s2: shutdown s2@group-D7B70F6236D3-FollowerState
2024-09-29 22:58:04,639 [s2@group-D7B70F6236D3-FollowerState] INFO  server.RaftServer$Division (RaftServerImpl.java:setRole(378)) - s2@group-D7B70F6236D3: changes role from  FOLLOWER to CANDIDATE at term 1 for changeToCandidate
2024-09-29 22:58:04,639 [s2@group-D7B70F6236D3-FollowerState] INFO  server.RaftServerConfigKeys (ConfUtils.java:logGet(46)) - raft.server.leaderelection.pre-vote = true (default)
2024-09-29 22:58:04,639 [s2@group-D7B70F6236D3-FollowerState] INFO  impl.RoleInfo (RoleInfo.java:updateAndGet(148)) - s2: start s2@group-D7B70F6236D3-LeaderElection9
2024-09-29 22:58:04,640 [s2@group-D7B70F6236D3-LeaderElection9] INFO  server.RaftServer$Division (ServerState.java:setLeader(272)) - s2@group-D7B70F6236D3: change Leader from s0 to null at term 1 for PRE_VOTE
2024-09-29 22:58:04,640 [s2@group-D7B70F6236D3-LeaderElection9] INFO  impl.LeaderElection (LeaderElection.java:askForVotes(325)) - s2@group-D7B70F6236D3-LeaderElection9 PRE_VOTE round 0: submit vote requests at term 1 for conf: {index: 0, cur=peers:[s0|localhost:15026, s1|localhost:15030, s2|localhost:15034]|listeners:[], old=null}
2024-09-29 22:58:04,640 [s2@group-D7B70F6236D3-LeaderElection9-1] INFO  server.GrpcServerProtocolClient (GrpcServerProtocolClient.java:<init>(65)) - Build channel for s0|localhost:15026
2024-09-29 22:58:04,640 [s2@group-D7B70F6236D3-LeaderElection9-2] INFO  server.GrpcServerProtocolClient (GrpcServerProtocolClient.java:<init>(65)) - Build channel for s1|localhost:15030
2024-09-29 22:58:04,645 [grpc-default-executor-0] INFO  util.CodeInjectionForTesting (BlockRequestHandlingInjection.java:execute(77)) - s0: Block request from s2
2024-09-29 22:58:04,645 [grpc-default-executor-7] INFO  util.CodeInjectionForTesting (BlockRequestHandlingInjection.java:execute(77)) - s1: Block request from s2
2024-09-29 22:58:04,663 [timer6] WARN  server.GrpcLogAppender (GrpcLogAppender.java:timeoutAppendRequest(450)) - s0@group-64B60AA06307->s2-GrpcLogAppender: Timed out HEARTBEAT appendEntries, errorCount=13, request=AppendEntriesRequest:cid=12,entriesCount=0
2024-09-29 22:58:04,701 [timer7] WARN  server.GrpcLogAppender (GrpcLogAppender.java:timeoutAppendRequest(450)) - s0@group-64B60AA06307->s2-GrpcLogAppender: Timed out HEARTBEAT appendEntries, errorCount=14, request=AppendEntriesRequest:cid=13,entriesCount=0
2024-09-29 22:58:04,739 [timer1] WARN  server.GrpcLogAppender (GrpcLogAppender.java:timeoutAppendRequest(450)) - s0@group-64B60AA06307->s2-GrpcLogAppender: Timed out HEARTBEAT appendEntries, errorCount=15, request=AppendEntriesRequest:cid=14,entriesCount=0
2024-09-29 22:58:04,774 [s0@group-D7B70F6236D3-LeaderStateImpl] WARN  server.RaftServer$Division (LeaderStateImpl.java:checkLeadership(1120)) - s0@group-D7B70F6236D3-LeaderStateImpl: Lost leadership on term: 1. Election timeout: 300ms. In charge for: 1284ms. Conf: conf: {index: 257, cur=peers:[s3|0.0.0.0:15038, s4|0.0.0.0:15039, s0|localhost:15026, s1|localhost:15030, s2|localhost:15034]|listeners:[], old=peers:[s0|localhost:15026, s1|localhost:15030, s2|localhost:15034]|listeners:[]}
2024-09-29 22:58:04,774 [s0@group-D7B70F6236D3-LeaderStateImpl] WARN  server.RaftServer$Division (LeaderStateImpl.java:lambda$checkLeadership$20(1124)) - Follower s0@group-D7B70F6236D3->s1(c256,m256,n258, caughtUp=true, lastRpcSendTime=27, lastRpcResponseTime=446)
2024-09-29 22:58:04,774 [s0@group-D7B70F6236D3-LeaderStateImpl] WARN  server.RaftServer$Division (LeaderStateImpl.java:lambda$checkLeadership$20(1124)) - Follower s0@group-D7B70F6236D3->s2(c255,m256,n258, caughtUp=true, lastRpcSendTime=36, lastRpcResponseTime=450)
2024-09-29 22:58:04,774 [s0@group-D7B70F6236D3-LeaderStateImpl] WARN  server.RaftServer$Division (LeaderStateImpl.java:lambda$checkLeadership$20(1124)) - Follower s0@group-D7B70F6236D3->s3(c256,m257,n258, caughtUp=true, lastRpcSendTime=74, lastRpcResponseTime=73)
2024-09-29 22:58:04,774 [s0@group-D7B70F6236D3-LeaderStateImpl] WARN  server.RaftServer$Division (LeaderStateImpl.java:lambda$checkLeadership$20(1124)) - Follower s0@group-D7B70F6236D3->s4(c256,m257,n258, caughtUp=true, lastRpcSendTime=72, lastRpcResponseTime=71)
2024-09-29 22:58:04,774 [s0@group-D7B70F6236D3-LeaderStateImpl] INFO  server.RaftServer$Division (RaftServerImpl.java:setRole(378)) - s0@group-D7B70F6236D3: changes role from    LEADER to FOLLOWER at term 1 for StepDownReason:LOST_MAJORITY_HEARTBEATS
2024-09-29 22:58:04,774 [s0@group-D7B70F6236D3-LeaderStateImpl] INFO  impl.RoleInfo (RoleInfo.java:shutdownLeaderState(103)) - s0: shutdown s0@group-D7B70F6236D3-LeaderStateImpl
2024-09-29 22:58:04,774 [s0@group-D7B70F6236D3->s1-GrpcLogAppender-LogAppenderDaemon] WARN  server.GrpcLogAppender (GrpcLogAppender.java:mayWait(293)) - s0@group-D7B70F6236D3->s1-GrpcLogAppender: Wait interrupted by java.lang.InterruptedException
2024-09-29 22:58:04,775 [s0@group-D7B70F6236D3-LeaderStateImpl] INFO  impl.PendingRequests (PendingRequests.java:sendNotLeaderResponses(287)) - s0@group-D7B70F6236D3-PendingRequests: sendNotLeaderResponses
2024-09-29 22:58:04,775 [s0@group-D7B70F6236D3->s2-GrpcLogAppender-LogAppenderDaemon] WARN  server.GrpcLogAppender (GrpcLogAppender.java:mayWait(293)) - s0@group-D7B70F6236D3->s2-GrpcLogAppender: Wait interrupted by java.lang.InterruptedException
2024-09-29 22:58:04,776 [s0@group-D7B70F6236D3->s4-GrpcLogAppender-LogAppenderDaemon] WARN  server.GrpcLogAppender (GrpcLogAppender.java:mayWait(293)) - s0@group-D7B70F6236D3->s4-GrpcLogAppender: Wait interrupted by java.lang.InterruptedException
2024-09-29 22:58:04,776 [s0@group-D7B70F6236D3->s3-GrpcLogAppender-LogAppenderDaemon] WARN  server.GrpcLogAppender (GrpcLogAppender.java:mayWait(293)) - s0@group-D7B70F6236D3->s3-GrpcLogAppender: Wait interrupted by java.lang.InterruptedException
2024-09-29 22:58:04,777 [timer0] WARN  server.GrpcLogAppender (GrpcLogAppender.java:timeoutAppendRequest(450)) - s0@group-64B60AA06307->s2-GrpcLogAppender: Timed out HEARTBEAT appendEntries, errorCount=16, request=AppendEntriesRequest:cid=15,entriesCount=0
2024-09-29 22:58:04,777 [s0@group-D7B70F6236D3-LeaderStateImpl] INFO  server.RaftServer$Division (ServerState.java:setLeader(272)) - s0@group-D7B70F6236D3: change Leader from s0 to null at term 1 for StepDownReason:LOST_MAJORITY_HEARTBEATS
2024-09-29 22:58:04,777 [s0@group-D7B70F6236D3-LeaderStateImpl] INFO  impl.RoleInfo (RoleInfo.java:updateAndGet(148)) - s0: start s0@group-D7B70F6236D3-FollowerState
2024-09-29 22:58:04,777 [grpc-default-executor-9] INFO  server.GrpcServerProtocolService (GrpcServerProtocolService.java:onCompleted(200)) - s4: Completed APPEND_ENTRIES, lastRequest: null
2024-09-29 22:58:04,778 [grpc-default-executor-9] INFO  server.GrpcServerProtocolService (GrpcServerProtocolService.java:lambda$onCompleted$7(202)) - s4: Completed APPEND_ENTRIES, lastReply: serverReply {
  requestorId: "s0"
  replyId: "s4"
  raftGroupId {
    id: "coF\317O\202J\304\206\220\327\267\017b6\323"
  }
  callId: 8
  success: true
}
term: 1
nextIndex: 258
followerCommit: 256
matchIndex: 18446744073709551615
isHearbeat: true

2024-09-29 22:58:04,778 [grpc-default-executor-8] INFO  server.GrpcServerProtocolService (GrpcServerProtocolService.java:onCompleted(200)) - s3: Completed APPEND_ENTRIES, lastRequest: s0->s3#4-t1,previous=(t:1, i:256),leaderCommit=256,initializing? false,entries: size=1, first=(t:1, i:257), CONFIGURATIONENTRY(current:id:"s3"address:"0.0.0.0:15038"clientAddress:"0.0.0.0:15038"adminAddress:"0.0.0.0:15038"startupRole:FOLLOWER, id:"s4"address:"0.0.0.0:15039"clientAddress:"0.0.0.0:15039"adminAddress:"0.0.0.0:15039"startupRole:FOLLOWER, id:"s0"address:"localhost:15026"dataStreamAddress:"localhost:15029"clientAddress:"localhost:15028"adminAddress:"localhost:15027"startupRole:FOLLOWER, id:"s1"address:"localhost:15030"dataStreamAddress:"localhost:15033"clientAddress:"localhost:15032"adminAddress:"localhost:15031"startupRole:FOLLOWER, id:"s2"address:"localhost:15034"dataStreamAddress:"localhost:15037"clientAddress:"localhost:15036"adminAddress:"localhost:15035"startupRole:FOLLOWER, old:id:"s0"address:"localhost:15026"dataStreamAddress:"localhost:15029"clientAddress:"localhost:15028"adminAddress:"localhost:15027"startupRole:FOLLOWER, id:"s1"address:"localhost:15030"dataStreamAddress:"localhost:15033"clientAddress:"localhost:15032"adminAddress:"localhost:15031"startupRole:FOLLOWER, id:"s2"address:"localhost:15034"dataStreamAddress:"localhost:15037"clientAddress:"localhost:15036"adminAddress:"localhost:15035"startupRole:FOLLOWER)
2024-09-29 22:58:04,778 [grpc-default-executor-8] INFO  server.GrpcServerProtocolService (GrpcServerProtocolService.java:lambda$onCompleted$7(202)) - s3: Completed APPEND_ENTRIES, lastReply: null
2024-09-29 22:58:04,779 [timer1] WARN  server.GrpcLogAppender (GrpcLogAppender.java:timeoutAppendRequest(450)) - s0@group-64B60AA06307->s2-GrpcLogAppender: Timed out HEARTBEAT appendEntries, errorCount=17, request=AppendEntriesRequest:cid=16,entriesCount=0
2024-09-29 22:58:04,781 [timer3] WARN  server.GrpcLogAppender (GrpcLogAppender.java:timeoutAppendRequest(450)) - s0@group-64B60AA06307->s2-GrpcLogAppender: Timed out HEARTBEAT appendEntries, errorCount=18, request=AppendEntriesRequest:cid=17,entriesCount=0
2024-09-29 22:58:04,785 [grpc-default-executor-10] INFO  server.GrpcServerProtocolService (GrpcServerProtocolService.java:onCompleted(200)) - s3: Completed APPEND_ENTRIES, lastRequest: null
2024-09-29 22:58:04,785 [grpc-default-executor-10] INFO  server.GrpcServerProtocolService (GrpcServerProtocolService.java:lambda$onCompleted$7(202)) - s3: Completed APPEND_ENTRIES, lastReply: serverReply {
  requestorId: "s0"
  replyId: "s3"
  raftGroupId {
    id: "coF\317O\202J\304\206\220\327\267\017b6\323"
  }
  callId: 7
  success: true
}
term: 1
nextIndex: 258
followerCommit: 256
matchIndex: 18446744073709551615
isHearbeat: true

2024-09-29 22:58:04,787 [grpc-default-executor-9] INFO  server.GrpcLogAppender (GrpcLogAppender.java:onCompleted(559)) - s0@group-D7B70F6236D3->s4-AppendLogResponseHandler: follower responses appendEntries COMPLETED
2024-09-29 22:58:04,787 [grpc-default-executor-12] INFO  server.GrpcServerProtocolService (GrpcServerProtocolService.java:onCompleted(200)) - s4: Completed APPEND_ENTRIES, lastRequest: s0->s4#5-t1,previous=(t:1, i:256),leaderCommit=256,initializing? false,entries: size=1, first=(t:1, i:257), CONFIGURATIONENTRY(current:id:"s3"address:"0.0.0.0:15038"clientAddress:"0.0.0.0:15038"adminAddress:"0.0.0.0:15038"startupRole:FOLLOWER, id:"s4"address:"0.0.0.0:15039"clientAddress:"0.0.0.0:15039"adminAddress:"0.0.0.0:15039"startupRole:FOLLOWER, id:"s0"address:"localhost:15026"dataStreamAddress:"localhost:15029"clientAddress:"localhost:15028"adminAddress:"localhost:15027"startupRole:FOLLOWER, id:"s1"address:"localhost:15030"dataStreamAddress:"localhost:15033"clientAddress:"localhost:15032"adminAddress:"localhost:15031"startupRole:FOLLOWER, id:"s2"address:"localhost:15034"dataStreamAddress:"localhost:15037"clientAddress:"localhost:15036"adminAddress:"localhost:15035"startupRole:FOLLOWER, old:id:"s0"address:"localhost:15026"dataStreamAddress:"localhost:15029"clientAddress:"localhost:15028"adminAddress:"localhost:15027"startupRole:FOLLOWER, id:"s1"address:"localhost:15030"dataStreamAddress:"localhost:15033"clientAddress:"localhost:15032"adminAddress:"localhost:15031"startupRole:FOLLOWER, id:"s2"address:"localhost:15034"dataStreamAddress:"localhost:15037"clientAddress:"localhost:15036"adminAddress:"localhost:15035"startupRole:FOLLOWER)
2024-09-29 22:58:04,787 [grpc-default-executor-12] INFO  server.GrpcServerProtocolService (GrpcServerProtocolService.java:lambda$onCompleted$7(202)) - s4: Completed APPEND_ENTRIES, lastReply: null
2024-09-29 22:58:04,790 [grpc-default-executor-10] INFO  server.GrpcLogAppender (GrpcLogAppender.java:onCompleted(559)) - s0@group-D7B70F6236D3->s3-AppendLogResponseHandler: follower responses appendEntries COMPLETED
2024-09-29 22:58:04,793 [grpc-default-executor-8] INFO  server.GrpcLogAppender (GrpcLogAppender.java:onCompleted(559)) - s0@group-D7B70F6236D3->s3-AppendLogResponseHandler: follower responses appendEntries COMPLETED
2024-09-29 22:58:04,794 [grpc-default-executor-10] INFO  server.GrpcLogAppender (GrpcLogAppender.java:onCompleted(559)) - s0@group-D7B70F6236D3->s4-AppendLogResponseHandler: follower responses appendEntries COMPLETED
2024-09-29 22:58:04,801 [main] INFO  util.CodeInjectionForTesting (BlockRequestHandlingInjection.java:blockRequestor(49)) - Block requestor s0
2024-09-29 22:58:04,801 [main] INFO  util.CodeInjectionForTesting (BlockRequestHandlingInjection.java:unblockRequestor(54)) - UnBlock requestor s1
2024-09-29 22:58:04,801 [main] INFO  util.CodeInjectionForTesting (BlockRequestHandlingInjection.java:unblockRequestor(54)) - UnBlock requestor s2
2024-09-29 22:58:04,802 [main] INFO  server.RaftServerConfigKeys (ConfUtils.java:logGet(46)) - raft.server.rpc.timeout.max = 300ms (default)
2024-09-29 22:58:04,802 [main] INFO  ratis.RaftTestUtil (RaftTestUtil.java:waitForLeader(107)) - printing ALL groups
  s3:  RUNNING  FOLLOWER s3@group-D7B70F6236D3:t1, leader=s0, voted=null, raftlog=Memoized:s3@group-D7B70F6236D3-SegmentedRaftLog:OPENED:c256:last(t:1, i:257), conf=conf: {index: 257, cur=peers:[s3|0.0.0.0:15038, s4|0.0.0.0:15039, s0|localhost:15026, s1|localhost:15030, s2|localhost:15034]|listeners:[], old=peers:[s0|localhost:15026, s1|localhost:15030, s2|localhost:15034]|listeners:[]} RUNNING
  s4:  RUNNING  FOLLOWER s4@group-D7B70F6236D3:t1, leader=s0, voted=null, raftlog=Memoized:s4@group-D7B70F6236D3-SegmentedRaftLog:OPENED:c256:last(t:1, i:257), conf=conf: {index: 257, cur=peers:[s3|0.0.0.0:15038, s4|0.0.0.0:15039, s0|localhost:15026, s1|localhost:15030, s2|localhost:15034]|listeners:[], old=peers:[s0|localhost:15026, s1|localhost:15030, s2|localhost:15034]|listeners:[]} RUNNING
  s0:  RUNNING  FOLLOWER s0@group-D7B70F6236D3:t1, leader=null, voted=s0, raftlog=Memoized:s0@group-D7B70F6236D3-SegmentedRaftLog:OPENED:c256:last(t:1, i:257), conf=conf: {index: 257, cur=peers:[s3|0.0.0.0:15038, s4|0.0.0.0:15039, s0|localhost:15026, s1|localhost:15030, s2|localhost:15034]|listeners:[], old=peers:[s0|localhost:15026, s1|localhost:15030, s2|localhost:15034]|listeners:[]} RUNNING
  s1:  RUNNING CANDIDATE s1@group-D7B70F6236D3:t1, leader=null, voted=s0, raftlog=Memoized:s1@group-D7B70F6236D3-SegmentedRaftLog:OPENED:c256:last(t:1, i:256), conf=conf: {index: 0, cur=peers:[s0|localhost:15026, s1|localhost:15030, s2|localhost:15034]|listeners:[], old=null} RUNNING
  s2:  RUNNING CANDIDATE s2@group-D7B70F6236D3:t1, leader=null, voted=s0, raftlog=Memoized:s2@group-D7B70F6236D3-SegmentedRaftLog:OPENED:c255:last(t:1, i:256), conf=conf: {index: 0, cur=peers:[s0|localhost:15026, s1|localhost:15030, s2|localhost:15034]|listeners:[], old=null} RUNNING
2024-09-29 22:58:04,803 [main] WARN  ratis.RaftTestUtil (RaftTestUtil.java:lambda$waitForLeader$3(126)) - Attempt #1 failed: java.lang.IllegalStateException: No leader yet : printing ALL groups
  s3:  RUNNING  FOLLOWER s3@group-D7B70F6236D3:t1, leader=s0, voted=null, raftlog=Memoized:s3@group-D7B70F6236D3-SegmentedRaftLog:OPENED:c256:last(t:1, i:257), conf=conf: {index: 257, cur=peers:[s3|0.0.0.0:15038, s4|0.0.0.0:15039, s0|localhost:15026, s1|localhost:15030, s2|localhost:15034]|listeners:[], old=peers:[s0|localhost:15026, s1|localhost:15030, s2|localhost:15034]|listeners:[]} RUNNING
  s4:  RUNNING  FOLLOWER s4@group-D7B70F6236D3:t1, leader=s0, voted=null, raftlog=Memoized:s4@group-D7B70F6236D3-SegmentedRaftLog:OPENED:c256:last(t:1, i:257), conf=conf: {index: 257, cur=peers:[s3|0.0.0.0:15038, s4|0.0.0.0:15039, s0|localhost:15026, s1|localhost:15030, s2|localhost:15034]|listeners:[], old=peers:[s0|localhost:15026, s1|localhost:15030, s2|localhost:15034]|listeners:[]} RUNNING
  s0:  RUNNING  FOLLOWER s0@group-D7B70F6236D3:t1, leader=null, voted=s0, raftlog=Memoized:s0@group-D7B70F6236D3-SegmentedRaftLog:OPENED:c256:last(t:1, i:257), conf=conf: {index: 257, cur=peers:[s3|0.0.0.0:15038, s4|0.0.0.0:15039, s0|localhost:15026, s1|localhost:15030, s2|localhost:15034]|listeners:[], old=peers:[s0|localhost:15026, s1|localhost:15030, s2|localhost:15034]|listeners:[]} RUNNING
  s1:  RUNNING CANDIDATE s1@group-D7B70F6236D3:t1, leader=null, voted=s0, raftlog=Memoized:s1@group-D7B70F6236D3-SegmentedRaftLog:OPENED:c256:last(t:1, i:256), conf=conf: {index: 0, cur=peers:[s0|localhost:15026, s1|localhost:15030, s2|localhost:15034]|listeners:[], old=null} RUNNING
  s2:  RUNNING CANDIDATE s2@group-D7B70F6236D3:t1, leader=null, voted=s0, raftlog=Memoized:s2@group-D7B70F6236D3-SegmentedRaftLog:OPENED:c255:last(t:1, i:256), conf=conf: {index: 0, cur=peers:[s0|localhost:15026, s1|localhost:15030, s2|localhost:15034]|listeners:[], old=null} RUNNING
2024-09-29 22:58:04,819 [timer6] WARN  server.GrpcLogAppender (GrpcLogAppender.java:timeoutAppendRequest(450)) - s0@group-64B60AA06307->s2-GrpcLogAppender: Timed out HEARTBEAT appendEntries, errorCount=19, request=AppendEntriesRequest:cid=18,entriesCount=0
2024-09-29 22:58:04,826 [s2@group-D7B70F6236D3-LeaderElection9] INFO  impl.LeaderElection (LeaderElection.java:logAndReturn(89)) - s2@group-D7B70F6236D3-LeaderElection9: PRE_VOTE TIMEOUT received 0 response(s) and 0 exception(s):
2024-09-29 22:58:04,827 [s2@group-D7B70F6236D3-LeaderElection9] INFO  impl.LeaderElection (LeaderElection.java:askForVotes(327)) - s2@group-D7B70F6236D3-LeaderElection9 PRE_VOTE round 0: result TIMEOUT
2024-09-29 22:58:04,827 [s2@group-D7B70F6236D3-LeaderElection9] INFO  impl.LeaderElection (LeaderElection.java:askForVotes(325)) - s2@group-D7B70F6236D3-LeaderElection9 PRE_VOTE round 1: submit vote requests at term 1 for conf: {index: 0, cur=peers:[s0|localhost:15026, s1|localhost:15030, s2|localhost:15034]|listeners:[], old=null}
2024-09-29 22:58:04,829 [grpc-default-executor-8] INFO  server.RaftServer$Division (RaftServerImpl.java:requestVote(1439)) - s1@group-D7B70F6236D3: receive requestVote(PRE_VOTE, s2, group-D7B70F6236D3, 1, (t:1, i:256))
2024-09-29 22:58:04,829 [grpc-default-executor-8] INFO  impl.VoteContext (VoteContext.java:log(49)) - s1@group-D7B70F6236D3-CANDIDATE: accept PRE_VOTE from s2: our priority 0 <= candidate's priority 0
2024-09-29 22:58:04,830 [grpc-default-executor-8] INFO  server.RaftServer$Division (RaftServerImpl.java:requestVote(1472)) - s1@group-D7B70F6236D3 replies to PRE_VOTE vote request: s2<-s1#0:OK-t1. Peer's state: s1@group-D7B70F6236D3:t1, leader=null, voted=s0, raftlog=Memoized:s1@group-D7B70F6236D3-SegmentedRaftLog:OPENED:c256:last(t:1, i:256), conf=conf: {index: 0, cur=peers:[s0|localhost:15026, s1|localhost:15030, s2|localhost:15034]|listeners:[], old=null}
2024-09-29 22:58:04,830 [grpc-default-executor-10] INFO  util.CodeInjectionForTesting (BlockRequestHandlingInjection.java:execute(77)) - s0: Block request from s2
2024-09-29 22:58:04,831 [s2@group-D7B70F6236D3-LeaderElection9] INFO  impl.LeaderElection (LeaderElection.java:logAndReturn(89)) - s2@group-D7B70F6236D3-LeaderElection9: PRE_VOTE PASSED received 1 response(s) and 0 exception(s):
2024-09-29 22:58:04,831 [s2@group-D7B70F6236D3-LeaderElection9] INFO  impl.LeaderElection (LeaderElection.java:logAndReturn(93)) -   Response 0: s2<-s1#0:OK-t1
2024-09-29 22:58:04,831 [s2@group-D7B70F6236D3-LeaderElection9] INFO  impl.LeaderElection (LeaderElection.java:askForVotes(327)) - s2@group-D7B70F6236D3-LeaderElection9 PRE_VOTE round 1: result PASSED
2024-09-29 22:58:04,831 [s2@group-D7B70F6236D3-LeaderElection9] TRACE util.FileUtils (LogUtils.java:supplyAndLog(69)) - Successfully supplied FileChannel.open /home/runner/work/ratis/ratis/ratis-test/target/test/data/f7ba0e94/MiniRaftClusterWithGrpc35e999b0/s2/636f46cf-4f82-4ac4-8690-d7b70f6236d3/current/raft-meta.tmp with options [CREATE, WRITE]: sun.nio.ch.FileChannelImpl@40cbe308
2024-09-29 22:58:04,832 [s2@group-D7B70F6236D3-LeaderElection9] TRACE util.FileUtils (LogUtils.java:runAndLog(49)) - Successfully ran Atomic Files.move /home/runner/work/ratis/ratis/ratis-test/target/test/data/f7ba0e94/MiniRaftClusterWithGrpc35e999b0/s2/636f46cf-4f82-4ac4-8690-d7b70f6236d3/current/raft-meta.tmp to /home/runner/work/ratis/ratis/ratis-test/target/test/data/f7ba0e94/MiniRaftClusterWithGrpc35e999b0/s2/636f46cf-4f82-4ac4-8690-d7b70f6236d3/current/raft-meta with options [REPLACE_EXISTING]
2024-09-29 22:58:04,832 [s2@group-D7B70F6236D3-LeaderElection9] INFO  impl.LeaderElection (LeaderElection.java:askForVotes(325)) - s2@group-D7B70F6236D3-LeaderElection9 ELECTION round 1: submit vote requests at term 2 for conf: {index: 0, cur=peers:[s0|localhost:15026, s1|localhost:15030, s2|localhost:15034]|listeners:[], old=null}
2024-09-29 22:58:04,834 [grpc-default-executor-8] INFO  util.CodeInjectionForTesting (BlockRequestHandlingInjection.java:execute(77)) - s0: Block request from s2
2024-09-29 22:58:04,835 [grpc-default-executor-11] INFO  server.RaftServer$Division (RaftServerImpl.java:requestVote(1439)) - s1@group-D7B70F6236D3: receive requestVote(ELECTION, s2, group-D7B70F6236D3, 2, (t:1, i:256))
2024-09-29 22:58:04,835 [grpc-default-executor-11] INFO  impl.VoteContext (VoteContext.java:log(49)) - s1@group-D7B70F6236D3-CANDIDATE: accept ELECTION from s2: our priority 0 <= candidate's priority 0
2024-09-29 22:58:04,835 [grpc-default-executor-11] INFO  server.RaftServer$Division (RaftServerImpl.java:setRole(378)) - s1@group-D7B70F6236D3: changes role from CANDIDATE to FOLLOWER at term 1 for candidate:s2
2024-09-29 22:58:04,835 [grpc-default-executor-11] INFO  impl.RoleInfo (RoleInfo.java:shutdownLeaderElection(139)) - s1: shutdown s1@group-D7B70F6236D3-LeaderElection8
2024-09-29 22:58:04,835 [grpc-default-executor-11] INFO  impl.RoleInfo (RoleInfo.java:updateAndGet(148)) - s1: start s1@group-D7B70F6236D3-FollowerState
2024-09-29 22:58:04,835 [grpc-default-executor-11] TRACE util.FileUtils (LogUtils.java:supplyAndLog(69)) - Successfully supplied FileChannel.open /home/runner/work/ratis/ratis/ratis-test/target/test/data/f7ba0e94/MiniRaftClusterWithGrpc35e999b0/s1/636f46cf-4f82-4ac4-8690-d7b70f6236d3/current/raft-meta.tmp with options [CREATE, WRITE]: sun.nio.ch.FileChannelImpl@66e243ec
2024-09-29 22:58:04,837 [grpc-default-executor-11] TRACE util.FileUtils (LogUtils.java:runAndLog(49)) - Successfully ran Atomic Files.move /home/runner/work/ratis/ratis/ratis-test/target/test/data/f7ba0e94/MiniRaftClusterWithGrpc35e999b0/s1/636f46cf-4f82-4ac4-8690-d7b70f6236d3/current/raft-meta.tmp to /home/runner/work/ratis/ratis/ratis-test/target/test/data/f7ba0e94/MiniRaftClusterWithGrpc35e999b0/s1/636f46cf-4f82-4ac4-8690-d7b70f6236d3/current/raft-meta with options [REPLACE_EXISTING]
2024-09-29 22:58:04,837 [grpc-default-executor-11] INFO  server.RaftServer$Division (RaftServerImpl.java:requestVote(1472)) - s1@group-D7B70F6236D3 replies to ELECTION vote request: s2<-s1#0:OK-t2. Peer's state: s1@group-D7B70F6236D3:t2, leader=null, voted=s2, raftlog=Memoized:s1@group-D7B70F6236D3-SegmentedRaftLog:OPENED:c256:last(t:1, i:256), conf=conf: {index: 0, cur=peers:[s0|localhost:15026, s1|localhost:15030, s2|localhost:15034]|listeners:[], old=null}
2024-09-29 22:58:04,838 [s2@group-D7B70F6236D3-LeaderElection9] INFO  impl.LeaderElection (LeaderElection.java:logAndReturn(89)) - s2@group-D7B70F6236D3-LeaderElection9: ELECTION PASSED received 1 response(s) and 0 exception(s):
2024-09-29 22:58:04,838 [s2@group-D7B70F6236D3-LeaderElection9] INFO  impl.LeaderElection (LeaderElection.java:logAndReturn(93)) -   Response 0: s2<-s1#0:OK-t2
2024-09-29 22:58:04,838 [s2@group-D7B70F6236D3-LeaderElection9] INFO  impl.LeaderElection (LeaderElection.java:askForVotes(327)) - s2@group-D7B70F6236D3-LeaderElection9 ELECTION round 1: result PASSED
2024-09-29 22:58:04,838 [s2@group-D7B70F6236D3-LeaderElection9] INFO  impl.RoleInfo (RoleInfo.java:shutdownLeaderElection(139)) - s2: shutdown s2@group-D7B70F6236D3-LeaderElection9
2024-09-29 22:58:04,838 [s2@group-D7B70F6236D3-LeaderElection9] INFO  server.RaftServer$Division (RaftServerImpl.java:setRole(378)) - s2@group-D7B70F6236D3: changes role from CANDIDATE to LEADER at term 2 for changeToLeader
2024-09-29 22:58:04,838 [s2@group-D7B70F6236D3-LeaderElection9] INFO  server.RaftServerConfigKeys (ConfUtils.java:logGet(46)) - raft.server.staging.catchup.gap = 1000 (default)
2024-09-29 22:58:04,838 [s2@group-D7B70F6236D3-LeaderElection9] INFO  server.RaftServerConfigKeys (ConfUtils.java:logGet(46)) - raft.server.write.element-limit = 4096 (default)
2024-09-29 22:58:04,838 [s2@group-D7B70F6236D3-LeaderElection9] INFO  server.RaftServerConfigKeys (ConfUtils.java:logGet(46)) - raft.server.write.byte-limit = 64MB (=67108864) (default)
2024-09-29 22:58:04,838 [s2@group-D7B70F6236D3-LeaderElection9] INFO  server.RaftServerConfigKeys (ConfUtils.java:logGet(46)) - raft.server.watch.timeout = 10s (default)
2024-09-29 22:58:04,838 [s2@group-D7B70F6236D3-LeaderElection9] INFO  server.RaftServerConfigKeys (ConfUtils.java:logGet(46)) - raft.server.watch.timeout.denomination = 1s (default)
2024-09-29 22:58:04,839 [s2@group-D7B70F6236D3-LeaderElection9] INFO  server.RaftServerConfigKeys (ConfUtils.java:logGet(46)) - raft.server.watch.element-limit = 65536 (default)
2024-09-29 22:58:04,839 [s2@group-D7B70F6236D3-LeaderElection9] INFO  server.RaftServerConfigKeys (ConfUtils.java:logGet(46)) - raft.server.read.leader.lease.enabled = false (default)
2024-09-29 22:58:04,839 [s2@group-D7B70F6236D3-LeaderElection9] INFO  server.RaftServerConfigKeys (ConfUtils.java:logGet(46)) - raft.server.read.leader.lease.timeout.ratio = 0.9 (default)
2024-09-29 22:58:04,839 [s2@group-D7B70F6236D3-LeaderElection9] INFO  server.RaftServerConfigKeys (ConfUtils.java:logGet(46)) - raft.server.rpc.timeout.min = 150ms (default)
2024-09-29 22:58:04,839 [s2@group-D7B70F6236D3-LeaderElection9] INFO  server.RaftServerConfigKeys (ConfUtils.java:logGet(46)) - raft.server.log.log-metadata.enabled = true (default)
2024-09-29 22:58:04,839 [s2@group-D7B70F6236D3-LeaderElection9] INFO  server.RaftServerConfigKeys (ConfUtils.java:logGet(46)) - raft.server.write.element-limit = 4096 (default)
2024-09-29 22:58:04,839 [s2@group-D7B70F6236D3-LeaderElection9] INFO  server.RaftServerConfigKeys (ConfUtils.java:logGet(46)) - raft.server.write.follower.gap.ratio.max = -1.0 (default)
2024-09-29 22:58:04,839 [s2@group-D7B70F6236D3-LeaderElection9] INFO  server.RaftServerConfigKeys (ConfUtils.java:logGet(46)) - raft.server.log.appender.snapshot.chunk.size.max = 1k (=1024) (custom)
2024-09-29 22:58:04,839 [s2@group-D7B70F6236D3-LeaderElection9] INFO  server.RaftServerConfigKeys (ConfUtils.java:logGet(46)) - raft.server.log.appender.buffer.byte-limit = 4MB (=4194304) (default)
2024-09-29 22:58:04,839 [s2@group-D7B70F6236D3-LeaderElection9] INFO  server.RaftServerConfigKeys (ConfUtils.java:logGet(46)) - raft.server.log.appender.buffer.element-limit = 0 (default)
2024-09-29 22:58:04,839 [s2@group-D7B70F6236D3-LeaderElection9] INFO  server.RaftServerConfigKeys (ConfUtils.java:logGet(46)) - raft.server.log.appender.wait-time.min = 1ms (default)
2024-09-29 22:58:04,839 [s2@group-D7B70F6236D3-LeaderElection9] INFO  grpc.GrpcConfigKeys (ConfUtils.java:logGet(46)) - raft.grpc.server.leader.outstanding.appends.max = 8 (default)
2024-09-29 22:58:04,839 [s2@group-D7B70F6236D3-LeaderElection9] INFO  server.RaftServerConfigKeys (ConfUtils.java:logGet(46)) - raft.server.rpc.request.timeout = 3000ms (default)
2024-09-29 22:58:04,839 [s2@group-D7B70F6236D3-LeaderElection9] INFO  grpc.GrpcConfigKeys (ConfUtils.java:logGet(46)) - raft.grpc.server.install_snapshot.request.element-limit = 8 (default)
2024-09-29 22:58:04,839 [s2@group-D7B70F6236D3-LeaderElection9] INFO  grpc.GrpcConfigKeys (ConfUtils.java:logGet(46)) - raft.grpc.server.install_snapshot.request.timeout = 3000ms (default)
2024-09-29 22:58:04,839 [s2@group-D7B70F6236D3-LeaderElection9] INFO  grpc.GrpcConfigKeys (ConfUtils.java:logGet(46)) - raft.grpc.server.log-message.batch.duration = 5s (default)
2024-09-29 22:58:04,840 [s2@group-D7B70F6236D3-LeaderElection9] INFO  server.RaftServerConfigKeys (ConfUtils.java:logGet(46)) - raft.server.log.appender.install.snapshot.enabled = true (default)
2024-09-29 22:58:04,840 [s2@group-D7B70F6236D3-LeaderElection9] INFO  grpc.GrpcConfigKeys (ConfUtils.java:logGet(46)) - raft.grpc.server.heartbeat.channel = true (default)
2024-09-29 22:58:04,838 [timer0] WARN  server.GrpcLogAppender (GrpcLogAppender.java:timeoutAppendRequest(450)) - s0@group-64B60AA06307->s2-GrpcLogAppender: Timed out HEARTBEAT appendEntries, errorCount=20, request=AppendEntriesRequest:cid=19,entriesCount=0
2024-09-29 22:58:04,840 [timer4] WARN  server.GrpcLogAppender (GrpcLogAppender.java:timeoutAppendRequest(450)) - s0@group-64B60AA06307->s2-GrpcLogAppender: Timed out HEARTBEAT appendEntries, errorCount=21, request=AppendEntriesRequest:cid=20,entriesCount=0
2024-09-29 22:58:04,840 [s2@group-D7B70F6236D3-LeaderElection9] INFO  server.RaftServerConfigKeys (ConfUtils.java:logGet(46)) - raft.server.log.appender.snapshot.chunk.size.max = 1k (=1024) (custom)
2024-09-29 22:58:04,840 [s2@group-D7B70F6236D3-LeaderElection9] INFO  server.RaftServerConfigKeys (ConfUtils.java:logGet(46)) - raft.server.log.appender.buffer.byte-limit = 4MB (=4194304) (default)
2024-09-29 22:58:04,840 [s2@group-D7B70F6236D3-LeaderElection9] INFO  server.RaftServerConfigKeys (ConfUtils.java:logGet(46)) - raft.server.log.appender.buffer.element-limit = 0 (default)
2024-09-29 22:58:04,840 [s2@group-D7B70F6236D3-LeaderElection9] INFO  server.RaftServerConfigKeys (ConfUtils.java:logGet(46)) - raft.server.log.appender.wait-time.min = 1ms (default)
2024-09-29 22:58:04,840 [s2@group-D7B70F6236D3-LeaderElection9] INFO  grpc.GrpcConfigKeys (ConfUtils.java:logGet(46)) - raft.grpc.server.leader.outstanding.appends.max = 8 (default)
2024-09-29 22:58:04,840 [s2@group-D7B70F6236D3-LeaderElection9] INFO  server.RaftServerConfigKeys (ConfUtils.java:logGet(46)) - raft.server.rpc.request.timeout = 3000ms (default)
2024-09-29 22:58:04,840 [s2@group-D7B70F6236D3-LeaderElection9] INFO  grpc.GrpcConfigKeys (ConfUtils.java:logGet(46)) - raft.grpc.server.install_snapshot.request.element-limit = 8 (default)
2024-09-29 22:58:04,840 [s2@group-D7B70F6236D3-LeaderElection9] INFO  grpc.GrpcConfigKeys (ConfUtils.java:logGet(46)) - raft.grpc.server.install_snapshot.request.timeout = 3000ms (default)
2024-09-29 22:58:04,840 [s2@group-D7B70F6236D3-LeaderElection9] INFO  grpc.GrpcConfigKeys (ConfUtils.java:logGet(46)) - raft.grpc.server.log-message.batch.duration = 5s (default)
2024-09-29 22:58:04,840 [s2@group-D7B70F6236D3-LeaderElection9] INFO  server.RaftServerConfigKeys (ConfUtils.java:logGet(46)) - raft.server.log.appender.install.snapshot.enabled = true (default)
2024-09-29 22:58:04,840 [s2@group-D7B70F6236D3-LeaderElection9] INFO  grpc.GrpcConfigKeys (ConfUtils.java:logGet(46)) - raft.grpc.server.heartbeat.channel = true (default)
2024-09-29 22:58:04,840 [s2@group-D7B70F6236D3-LeaderElection9] INFO  impl.RoleInfo (RoleInfo.java:updateAndGet(148)) - s2: start s2@group-D7B70F6236D3-LeaderStateImpl
2024-09-29 22:58:04,840 [s2@group-D7B70F6236D3-LeaderElection9] INFO  server.RaftServer$Division (ServerState.java:setLeader(272)) - s2@group-D7B70F6236D3: change Leader from null to s2 at term 2 for becomeLeader, leader elected after 200ms
2024-09-29 22:58:04,841 [s2@group-D7B70F6236D3-LeaderElection9] INFO  segmented.SegmentedRaftLogWorker (SegmentedRaftLogWorker.java:rollLogSegment(443)) - s2@group-D7B70F6236D3-SegmentedRaftLogWorker: Rolling segment log-0_256 to index:256
2024-09-29 22:58:04,841 [s2@group-D7B70F6236D3-LeaderElection9] INFO  server.RaftServer$Division (ServerState.java:setRaftConf(386)) - s2@group-D7B70F6236D3: set configuration conf: {index: 257, cur=peers:[s0|localhost:15026, s1|localhost:15030, s2|localhost:15034]|listeners:[], old=null}
2024-09-29 22:58:04,842 [s2@group-D7B70F6236D3-SegmentedRaftLogWorker] TRACE util.FileUtils (LogUtils.java:runAndLog(49)) - Successfully ran Atomic Files.move /home/runner/work/ratis/ratis/ratis-test/target/test/data/f7ba0e94/MiniRaftClusterWithGrpc35e999b0/s2/636f46cf-4f82-4ac4-8690-d7b70f6236d3/current/log_inprogress_0 to /home/runner/work/ratis/ratis/ratis-test/target/test/data/f7ba0e94/MiniRaftClusterWithGrpc35e999b0/s2/636f46cf-4f82-4ac4-8690-d7b70f6236d3/current/log_0-256
2024-09-29 22:58:04,842 [s2@group-D7B70F6236D3-SegmentedRaftLogWorker] INFO  segmented.SegmentedRaftLogWorker (SegmentedRaftLogWorker.java:execute(617)) - s2@group-D7B70F6236D3-SegmentedRaftLogWorker: Rolled log segment from /home/runner/work/ratis/ratis/ratis-test/target/test/data/f7ba0e94/MiniRaftClusterWithGrpc35e999b0/s2/636f46cf-4f82-4ac4-8690-d7b70f6236d3/current/log_inprogress_0 to /home/runner/work/ratis/ratis/ratis-test/target/test/data/f7ba0e94/MiniRaftClusterWithGrpc35e999b0/s2/636f46cf-4f82-4ac4-8690-d7b70f6236d3/current/log_0-256
2024-09-29 22:58:04,842 [s2@group-D7B70F6236D3-SegmentedRaftLogWorker] INFO  segmented.BufferedWriteChannel (BufferedWriteChannel.java:open(61)) - open log_inprogress_257 at position 0
2024-09-29 22:58:04,846 [timer5] WARN  server.GrpcLogAppender (GrpcLogAppender.java:timeoutAppendRequest(450)) - s0@group-64B60AA06307->s2-GrpcLogAppender: Timed out HEARTBEAT appendEntries, errorCount=22, request=AppendEntriesRequest:cid=21,entriesCount=0
2024-09-29 22:58:04,847 [s0-server-thread1] INFO  util.CodeInjectionForTesting (BlockRequestHandlingInjection.java:execute(77)) - s0: Block request from s2
2024-09-29 22:58:04,847 [s1-server-thread3] INFO  server.RaftServer$Division (ServerState.java:setLeader(272)) - s1@group-D7B70F6236D3: change Leader from null to s2 at term 2 for appendEntries, leader elected after 260ms
2024-09-29 22:58:04,849 [timer0] WARN  server.GrpcLogAppender (GrpcLogAppender.java:timeoutAppendRequest(450)) - s0@group-64B60AA06307->s2-GrpcLogAppender: Timed out HEARTBEAT appendEntries, errorCount=23, request=AppendEntriesRequest:cid=22,entriesCount=0
2024-09-29 22:58:04,850 [s0-server-thread2] INFO  util.CodeInjectionForTesting (BlockRequestHandlingInjection.java:execute(77)) - s0: Block request from s2
2024-09-29 22:58:04,851 [s1-server-thread4] INFO  server.RaftServer$Division (ServerState.java:setRaftConf(386)) - s1@group-D7B70F6236D3: set configuration conf: {index: 257, cur=peers:[s0|localhost:15026, s1|localhost:15030, s2|localhost:15034]|listeners:[], old=null}
2024-09-29 22:58:04,851 [s1-server-thread4] INFO  segmented.SegmentedRaftLogWorker (SegmentedRaftLogWorker.java:rollLogSegment(443)) - s1@group-D7B70F6236D3-SegmentedRaftLogWorker: Rolling segment log-0_256 to index:256
2024-09-29 22:58:04,852 [s1@group-D7B70F6236D3-LeaderElection8] INFO  impl.LeaderElection (LeaderElection.java:logAndReturn(89)) - s1@group-D7B70F6236D3-LeaderElection8: PRE_VOTE REJECTED received 0 response(s) and 0 exception(s):
2024-09-29 22:58:04,852 [s1@group-D7B70F6236D3-LeaderElection8] INFO  impl.LeaderElection (LeaderElection.java:askForVotes(327)) - s1@group-D7B70F6236D3-LeaderElection8 PRE_VOTE round 0: result REJECTED
2024-09-29 22:58:04,853 [s1@group-D7B70F6236D3-SegmentedRaftLogWorker] TRACE util.FileUtils (LogUtils.java:runAndLog(49)) - Successfully ran Atomic Files.move /home/runner/work/ratis/ratis/ratis-test/target/test/data/f7ba0e94/MiniRaftClusterWithGrpc35e999b0/s1/636f46cf-4f82-4ac4-8690-d7b70f6236d3/current/log_inprogress_0 to /home/runner/work/ratis/ratis/ratis-test/target/test/data/f7ba0e94/MiniRaftClusterWithGrpc35e999b0/s1/636f46cf-4f82-4ac4-8690-d7b70f6236d3/current/log_0-256
2024-09-29 22:58:04,853 [s1@group-D7B70F6236D3-SegmentedRaftLogWorker] INFO  segmented.SegmentedRaftLogWorker (SegmentedRaftLogWorker.java:execute(617)) - s1@group-D7B70F6236D3-SegmentedRaftLogWorker: Rolled log segment from /home/runner/work/ratis/ratis/ratis-test/target/test/data/f7ba0e94/MiniRaftClusterWithGrpc35e999b0/s1/636f46cf-4f82-4ac4-8690-d7b70f6236d3/current/log_inprogress_0 to /home/runner/work/ratis/ratis/ratis-test/target/test/data/f7ba0e94/MiniRaftClusterWithGrpc35e999b0/s1/636f46cf-4f82-4ac4-8690-d7b70f6236d3/current/log_0-256
2024-09-29 22:58:04,853 [s2@group-D7B70F6236D3-SegmentedRaftLogWorker] INFO  segmented.SegmentedRaftLogWorker (SegmentedRaftLogWorker.java:execute(660)) - s2@group-D7B70F6236D3-SegmentedRaftLogWorker: created new log segment /home/runner/work/ratis/ratis/ratis-test/target/test/data/f7ba0e94/MiniRaftClusterWithGrpc35e999b0/s2/636f46cf-4f82-4ac4-8690-d7b70f6236d3/current/log_inprogress_257
2024-09-29 22:58:04,854 [s1@group-D7B70F6236D3-SegmentedRaftLogWorker] INFO  segmented.BufferedWriteChannel (BufferedWriteChannel.java:open(61)) - open log_inprogress_257 at position 0
2024-09-29 22:58:04,854 [timer3] WARN  server.GrpcLogAppender (GrpcLogAppender.java:timeoutAppendRequest(450)) - s0@group-64B60AA06307->s2-GrpcLogAppender: Timed out HEARTBEAT appendEntries, errorCount=24, request=AppendEntriesRequest:cid=23,entriesCount=0
2024-09-29 22:58:04,861 [timer6] WARN  server.GrpcLogAppender (GrpcLogAppender.java:timeoutAppendRequest(450)) - s0@group-64B60AA06307->s2-GrpcLogAppender: Timed out HEARTBEAT appendEntries, errorCount=25, request=AppendEntriesRequest:cid=24,entriesCount=0
2024-09-29 22:58:04,863 [s1@group-D7B70F6236D3-SegmentedRaftLogWorker] INFO  segmented.SegmentedRaftLogWorker (SegmentedRaftLogWorker.java:execute(660)) - s1@group-D7B70F6236D3-SegmentedRaftLogWorker: created new log segment /home/runner/work/ratis/ratis/ratis-test/target/test/data/f7ba0e94/MiniRaftClusterWithGrpc35e999b0/s1/636f46cf-4f82-4ac4-8690-d7b70f6236d3/current/log_inprogress_257
2024-09-29 22:58:04,864 [s2@group-D7B70F6236D3-StateMachineUpdater] TRACE util.FileUtils (LogUtils.java:supplyAndLog(69)) - Successfully supplied FileChannel.open /home/runner/work/ratis/ratis/ratis-test/target/test/data/f7ba0e94/MiniRaftClusterWithGrpc35e999b0/s2/636f46cf-4f82-4ac4-8690-d7b70f6236d3/current/raft-meta.conf.tmp with options [CREATE, WRITE]: sun.nio.ch.FileChannelImpl@6e0ea661
2024-09-29 22:58:04,864 [timer0] WARN  server.GrpcLogAppender (GrpcLogAppender.java:timeoutAppendRequest(450)) - s0@group-64B60AA06307->s2-GrpcLogAppender: Timed out HEARTBEAT appendEntries, errorCount=26, request=AppendEntriesRequest:cid=25,entriesCount=0
2024-09-29 22:58:04,867 [s2@group-D7B70F6236D3-StateMachineUpdater] TRACE util.FileUtils (LogUtils.java:runAndLog(49)) - Successfully ran Atomic Files.move /home/runner/work/ratis/ratis/ratis-test/target/test/data/f7ba0e94/MiniRaftClusterWithGrpc35e999b0/s2/636f46cf-4f82-4ac4-8690-d7b70f6236d3/current/raft-meta.conf.tmp to /home/runner/work/ratis/ratis/ratis-test/target/test/data/f7ba0e94/MiniRaftClusterWithGrpc35e999b0/s2/636f46cf-4f82-4ac4-8690-d7b70f6236d3/current/raft-meta.conf with options [REPLACE_EXISTING]
2024-09-29 22:58:04,867 [s2@group-D7B70F6236D3-StateMachineUpdater] INFO  server.RaftServer$Division (LeaderStateImpl.java:checkStartIndex(317)) - Leader s2@group-D7B70F6236D3-LeaderStateImpl is ready since appliedIndex == startIndex == 257
2024-09-29 22:58:04,869 [s1@group-D7B70F6236D3-StateMachineUpdater] TRACE util.FileUtils (LogUtils.java:supplyAndLog(69)) - Successfully supplied FileChannel.open /home/runner/work/ratis/ratis/ratis-test/target/test/data/f7ba0e94/MiniRaftClusterWithGrpc35e999b0/s1/636f46cf-4f82-4ac4-8690-d7b70f6236d3/current/raft-meta.conf.tmp with options [CREATE, WRITE]: sun.nio.ch.FileChannelImpl@286e0788
2024-09-29 22:58:04,869 [timer1] WARN  server.GrpcLogAppender (GrpcLogAppender.java:timeoutAppendRequest(450)) - s0@group-64B60AA06307->s2-GrpcLogAppender: Timed out HEARTBEAT appendEntries, errorCount=27, request=AppendEntriesRequest:cid=26,entriesCount=0
2024-09-29 22:58:04,871 [s1@group-D7B70F6236D3-StateMachineUpdater] TRACE util.FileUtils (LogUtils.java:runAndLog(49)) - Successfully ran Atomic Files.move /home/runner/work/ratis/ratis/ratis-test/target/test/data/f7ba0e94/MiniRaftClusterWithGrpc35e999b0/s1/636f46cf-4f82-4ac4-8690-d7b70f6236d3/current/raft-meta.conf.tmp to /home/runner/work/ratis/ratis/ratis-test/target/test/data/f7ba0e94/MiniRaftClusterWithGrpc35e999b0/s1/636f46cf-4f82-4ac4-8690-d7b70f6236d3/current/raft-meta.conf with options [REPLACE_EXISTING]
2024-09-29 22:58:04,873 [timer2] WARN  server.GrpcLogAppender (GrpcLogAppender.java:timeoutAppendRequest(450)) - s0@group-64B60AA06307->s2-GrpcLogAppender: Timed out HEARTBEAT appendEntries, errorCount=28, request=AppendEntriesRequest:cid=27,entriesCount=0
2024-09-29 22:58:04,875 [timer6] WARN  server.GrpcLogAppender (GrpcLogAppender.java:timeoutAppendRequest(450)) - s0@group-64B60AA06307->s2-GrpcLogAppender: Timed out HEARTBEAT appendEntries, errorCount=29, request=AppendEntriesRequest:cid=28,entriesCount=0
2024-09-29 22:58:04,879 [timer7] WARN  server.GrpcLogAppender (GrpcLogAppender.java:timeoutAppendRequest(450)) - s0@group-64B60AA06307->s2-GrpcLogAppender: Timed out HEARTBEAT appendEntries, errorCount=30, request=AppendEntriesRequest:cid=29,entriesCount=0
2024-09-29 22:58:04,880 [timer3] WARN  server.GrpcLogAppender (GrpcLogAppender.java:timeoutAppendRequest(450)) - s0@group-64B60AA06307->s2-GrpcLogAppender: Timed out HEARTBEAT appendEntries, errorCount=31, request=AppendEntriesRequest:cid=30,entriesCount=0
2024-09-29 22:58:04,882 [timer4] WARN  server.GrpcLogAppender (GrpcLogAppender.java:timeoutAppendRequest(450)) - s0@group-64B60AA06307->s2-GrpcLogAppender: Timed out HEARTBEAT appendEntries, errorCount=32, request=AppendEntriesRequest:cid=31,entriesCount=0
2024-09-29 22:58:04,883 [timer5] WARN  server.GrpcLogAppender (GrpcLogAppender.java:timeoutAppendRequest(450)) - s0@group-64B60AA06307->s2-GrpcLogAppender: Timed out HEARTBEAT appendEntries, errorCount=33, request=AppendEntriesRequest:cid=32,entriesCount=0
2024-09-29 22:58:04,896 [grpc-default-executor-5] INFO  util.CodeInjectionForTesting (BlockRequestHandlingInjection.java:execute(84)) - s2: unBlock request from s1
2024-09-29 22:58:04,896 [grpc-default-executor-5] INFO  server.RaftServer$Division (RaftServerImpl.java:requestVote(1439)) - s2@group-D7B70F6236D3: receive requestVote(PRE_VOTE, s1, group-D7B70F6236D3, 1, (t:1, i:256))
2024-09-29 22:58:04,896 [grpc-default-executor-5] INFO  impl.VoteContext (VoteContext.java:log(49)) - s2@group-D7B70F6236D3-LEADER: reject PRE_VOTE from s1: this server is the leader and still has leadership
2024-09-29 22:58:04,896 [grpc-default-executor-5] INFO  server.RaftServer$Division (RaftServerImpl.java:requestVote(1472)) - s2@group-D7B70F6236D3 replies to PRE_VOTE vote request: s1<-s2#0:FAIL-t2. Peer's state: s2@group-D7B70F6236D3:t2, leader=s2, voted=s2, raftlog=Memoized:s2@group-D7B70F6236D3-SegmentedRaftLog:OPENED:c258:last(t:2, i:258), conf=conf: {index: 257, cur=peers:[s0|localhost:15026, s1|localhost:15030, s2|localhost:15034]|listeners:[], old=null}
2024-09-29 22:58:04,945 [grpc-default-executor-7] INFO  util.CodeInjectionForTesting (BlockRequestHandlingInjection.java:execute(84)) - s1: unBlock request from s2
2024-09-29 22:58:04,946 [grpc-default-executor-7] INFO  server.RaftServer$Division (RaftServerImpl.java:requestVote(1439)) - s1@group-D7B70F6236D3: receive requestVote(PRE_VOTE, s2, group-D7B70F6236D3, 1, (t:1, i:256))
2024-09-29 22:58:04,946 [grpc-default-executor-7] INFO  impl.VoteContext (VoteContext.java:log(49)) - s1@group-D7B70F6236D3-FOLLOWER: reject PRE_VOTE from s2: our last entry (t:2, i:258) > candidate's last entry (t:1, i:256)
2024-09-29 22:58:04,946 [grpc-default-executor-7] INFO  server.RaftServer$Division (RaftServerImpl.java:requestVote(1472)) - s1@group-D7B70F6236D3 replies to PRE_VOTE vote request: s2<-s1#0:FAIL-t2. Peer's state: s1@group-D7B70F6236D3:t2, leader=s2, voted=s2, raftlog=Memoized:s1@group-D7B70F6236D3-SegmentedRaftLog:OPENED:c257:last(t:2, i:258), conf=conf: {index: 257, cur=peers:[s0|localhost:15026, s1|localhost:15030, s2|localhost:15034]|listeners:[], old=null}
2024-09-29 22:58:04,976 [s0@group-D7B70F6236D3-FollowerState] INFO  impl.FollowerState (FollowerState.java:lostMajorityHeartbeatsRecently(109)) - s0@group-D7B70F6236D3-FollowerState: Skipping leader election since it stepped down recently (elapsed = 198ms < waitTime = 10s)
2024-09-29 22:58:05,085 [s4@group-D7B70F6236D3-FollowerState] INFO  impl.FollowerState (FollowerState.java:run(144)) - s4@group-D7B70F6236D3-FollowerState: change to CANDIDATE, lastRpcElapsedTime:383065615ns, electionTimeout:176ms
2024-09-29 22:58:05,085 [s4@group-D7B70F6236D3-FollowerState] INFO  impl.RoleInfo (RoleInfo.java:shutdownFollowerState(119)) - s4: shutdown s4@group-D7B70F6236D3-FollowerState
2024-09-29 22:58:05,086 [s4@group-D7B70F6236D3-FollowerState] INFO  server.RaftServer$Division (RaftServerImpl.java:setRole(378)) - s4@group-D7B70F6236D3: changes role from  FOLLOWER to CANDIDATE at term 1 for changeToCandidate
2024-09-29 22:58:05,086 [s4@group-D7B70F6236D3-FollowerState] INFO  server.RaftServerConfigKeys (ConfUtils.java:logGet(46)) - raft.server.leaderelection.pre-vote = true (default)
2024-09-29 22:58:05,086 [s4@group-D7B70F6236D3-FollowerState] INFO  impl.RoleInfo (RoleInfo.java:updateAndGet(148)) - s4: start s4@group-D7B70F6236D3-LeaderElection10
2024-09-29 22:58:05,086 [s4@group-D7B70F6236D3-LeaderElection10] INFO  server.RaftServer$Division (ServerState.java:setLeader(272)) - s4@group-D7B70F6236D3: change Leader from s0 to null at term 1 for PRE_VOTE
2024-09-29 22:58:05,086 [s4@group-D7B70F6236D3-LeaderElection10] INFO  impl.LeaderElection (LeaderElection.java:askForVotes(325)) - s4@group-D7B70F6236D3-LeaderElection10 PRE_VOTE round 0: submit vote requests at term 1 for conf: {index: 257, cur=peers:[s3|0.0.0.0:15038, s4|0.0.0.0:15039, s0|localhost:15026, s1|localhost:15030, s2|localhost:15034]|listeners:[], old=peers:[s0|localhost:15026, s1|localhost:15030, s2|localhost:15034]|listeners:[]}
2024-09-29 22:58:05,086 [s4@group-D7B70F6236D3-LeaderElection10-1] INFO  server.GrpcServerProtocolClient (GrpcServerProtocolClient.java:<init>(65)) - Build channel for s3|0.0.0.0:15038
2024-09-29 22:58:05,087 [s4@group-D7B70F6236D3-LeaderElection10-2] INFO  server.GrpcServerProtocolClient (GrpcServerProtocolClient.java:<init>(65)) - Build channel for s0|localhost:15026
2024-09-29 22:58:05,087 [s4@group-D7B70F6236D3-LeaderElection10-3] INFO  server.GrpcServerProtocolClient (GrpcServerProtocolClient.java:<init>(65)) - Build channel for s1|localhost:15030
2024-09-29 22:58:05,087 [s4@group-D7B70F6236D3-LeaderElection10-4] INFO  server.GrpcServerProtocolClient (GrpcServerProtocolClient.java:<init>(65)) - Build channel for s2|localhost:15034
2024-09-29 22:58:05,092 [grpc-default-executor-7] INFO  server.RaftServer$Division (RaftServerImpl.java:requestVote(1439)) - s2@group-D7B70F6236D3: receive requestVote(PRE_VOTE, s4, group-D7B70F6236D3, 1, (t:1, i:257))
2024-09-29 22:58:05,092 [grpc-default-executor-7] INFO  impl.VoteContext (VoteContext.java:log(49)) - s2@group-D7B70F6236D3-LEADER: reject PRE_VOTE from s4: s4 is not in current conf [s0|localhost:15026, s1|localhost:15030, s2|localhost:15034]
2024-09-29 22:58:05,092 [grpc-default-executor-7] INFO  server.RaftServer$Division (RaftServerImpl.java:requestVote(1472)) - s2@group-D7B70F6236D3 replies to PRE_VOTE vote request: s4<-s2#0:FAIL-t2. Peer's state: s2@group-D7B70F6236D3:t2, leader=s2, voted=s2, raftlog=Memoized:s2@group-D7B70F6236D3-SegmentedRaftLog:OPENED:c258:last(t:2, i:258), conf=conf: {index: 257, cur=peers:[s0|localhost:15026, s1|localhost:15030, s2|localhost:15034]|listeners:[], old=null}
2024-09-29 22:58:05,093 [grpc-default-executor-5] INFO  server.RaftServer$Division (RaftServerImpl.java:requestVote(1439)) - s1@group-D7B70F6236D3: receive requestVote(PRE_VOTE, s4, group-D7B70F6236D3, 1, (t:1, i:257))
2024-09-29 22:58:05,093 [grpc-default-executor-5] INFO  impl.VoteContext (VoteContext.java:log(49)) - s1@group-D7B70F6236D3-FOLLOWER: reject PRE_VOTE from s4: s4 is not in current conf [s0|localhost:15026, s1|localhost:15030, s2|localhost:15034]
2024-09-29 22:58:05,093 [grpc-default-executor-5] INFO  server.RaftServer$Division (RaftServerImpl.java:requestVote(1472)) - s1@group-D7B70F6236D3 replies to PRE_VOTE vote request: s4<-s1#0:FAIL-t2. Peer's state: s1@group-D7B70F6236D3:t2, leader=s2, voted=s2, raftlog=Memoized:s1@group-D7B70F6236D3-SegmentedRaftLog:OPENED:c258:last(t:2, i:258), conf=conf: {index: 257, cur=peers:[s0|localhost:15026, s1|localhost:15030, s2|localhost:15034]|listeners:[], old=null}
2024-09-29 22:58:05,093 [s4@group-D7B70F6236D3-LeaderElection10] INFO  impl.LeaderElection (LeaderElection.java:logAndReturn(89)) - s4@group-D7B70F6236D3-LeaderElection10: PRE_VOTE DISCOVERED_A_NEW_TERM (term=2) received 1 response(s) and 0 exception(s):
2024-09-29 22:58:05,093 [s4@group-D7B70F6236D3-LeaderElection10] INFO  impl.LeaderElection (LeaderElection.java:logAndReturn(93)) -   Response 0: s4<-s2#0:FAIL-t2
2024-09-29 22:58:05,093 [s4@group-D7B70F6236D3-LeaderElection10] INFO  impl.LeaderElection (LeaderElection.java:askForVotes(327)) - s4@group-D7B70F6236D3-LeaderElection10 PRE_VOTE round 0: result DISCOVERED_A_NEW_TERM (term=2)
2024-09-29 22:58:05,093 [s4@group-D7B70F6236D3-LeaderElection10] INFO  server.RaftServer$Division (RaftServerImpl.java:setRole(378)) - s4@group-D7B70F6236D3: changes role from CANDIDATE to FOLLOWER at term 1 for DISCOVERED_A_NEW_TERM (term=2)
2024-09-29 22:58:05,093 [s4@group-D7B70F6236D3-LeaderElection10] INFO  impl.RoleInfo (RoleInfo.java:shutdownLeaderElection(139)) - s4: shutdown s4@group-D7B70F6236D3-LeaderElection10
2024-09-29 22:58:05,093 [s4@group-D7B70F6236D3-LeaderElection10] INFO  impl.RoleInfo (RoleInfo.java:updateAndGet(148)) - s4: start s4@group-D7B70F6236D3-FollowerState
2024-09-29 22:58:05,093 [s4@group-D7B70F6236D3-LeaderElection10] TRACE util.FileUtils (LogUtils.java:supplyAndLog(69)) - Successfully supplied FileChannel.open /home/runner/work/ratis/ratis/ratis-test/target/test/data/f7ba0e94/MiniRaftClusterWithGrpc35e999b0/s4/636f46cf-4f82-4ac4-8690-d7b70f6236d3/current/raft-meta.tmp with options [CREATE, WRITE]: sun.nio.ch.FileChannelImpl@2b936df2
2024-09-29 22:58:05,095 [s4@group-D7B70F6236D3-LeaderElection10] TRACE util.FileUtils (LogUtils.java:runAndLog(49)) - Successfully ran Atomic Files.move /home/runner/work/ratis/ratis/ratis-test/target/test/data/f7ba0e94/MiniRaftClusterWithGrpc35e999b0/s4/636f46cf-4f82-4ac4-8690-d7b70f6236d3/current/raft-meta.tmp to /home/runner/work/ratis/ratis/ratis-test/target/test/data/f7ba0e94/MiniRaftClusterWithGrpc35e999b0/s4/636f46cf-4f82-4ac4-8690-d7b70f6236d3/current/raft-meta with options [REPLACE_EXISTING]
2024-09-29 22:58:05,101 [grpc-default-executor-5] INFO  util.CodeInjectionForTesting (BlockRequestHandlingInjection.java:execute(77)) - s0: Block request from s4
2024-09-29 22:58:05,127 [s3@group-D7B70F6236D3-FollowerState] INFO  impl.FollowerState (FollowerState.java:run(144)) - s3@group-D7B70F6236D3-FollowerState: change to CANDIDATE, lastRpcElapsedTime:427043163ns, electionTimeout:262ms
2024-09-29 22:58:05,127 [s3@group-D7B70F6236D3-FollowerState] INFO  impl.RoleInfo (RoleInfo.java:shutdownFollowerState(119)) - s3: shutdown s3@group-D7B70F6236D3-FollowerState
2024-09-29 22:58:05,127 [s3@group-D7B70F6236D3-FollowerState] INFO  server.RaftServer$Division (RaftServerImpl.java:setRole(378)) - s3@group-D7B70F6236D3: changes role from  FOLLOWER to CANDIDATE at term 1 for changeToCandidate
2024-09-29 22:58:05,127 [s3@group-D7B70F6236D3-FollowerState] INFO  server.RaftServerConfigKeys (ConfUtils.java:logGet(46)) - raft.server.leaderelection.pre-vote = true (default)
2024-09-29 22:58:05,127 [s3@group-D7B70F6236D3-FollowerState] INFO  impl.RoleInfo (RoleInfo.java:updateAndGet(148)) - s3: start s3@group-D7B70F6236D3-LeaderElection11
2024-09-29 22:58:05,128 [s3@group-D7B70F6236D3-LeaderElection11] INFO  server.RaftServer$Division (ServerState.java:setLeader(272)) - s3@group-D7B70F6236D3: change Leader from s0 to null at term 1 for PRE_VOTE
2024-09-29 22:58:05,128 [s3@group-D7B70F6236D3-LeaderElection11] INFO  impl.LeaderElection (LeaderElection.java:askForVotes(325)) - s3@group-D7B70F6236D3-LeaderElection11 PRE_VOTE round 0: submit vote requests at term 1 for conf: {index: 257, cur=peers:[s3|0.0.0.0:15038, s4|0.0.0.0:15039, s0|localhost:15026, s1|localhost:15030, s2|localhost:15034]|listeners:[], old=peers:[s0|localhost:15026, s1|localhost:15030, s2|localhost:15034]|listeners:[]}
2024-09-29 22:58:05,128 [s3@group-D7B70F6236D3-LeaderElection11-1] INFO  server.GrpcServerProtocolClient (GrpcServerProtocolClient.java:<init>(65)) - Build channel for s4|0.0.0.0:15039
2024-09-29 22:58:05,128 [s3@group-D7B70F6236D3-LeaderElection11-2] INFO  server.GrpcServerProtocolClient (GrpcServerProtocolClient.java:<init>(65)) - Build channel for s0|localhost:15026
2024-09-29 22:58:05,129 [s3@group-D7B70F6236D3-LeaderElection11-3] INFO  server.GrpcServerProtocolClient (GrpcServerProtocolClient.java:<init>(65)) - Build channel for s1|localhost:15030
2024-09-29 22:58:05,129 [s3@group-D7B70F6236D3-LeaderElection11-4] INFO  server.GrpcServerProtocolClient (GrpcServerProtocolClient.java:<init>(65)) - Build channel for s2|localhost:15034
2024-09-29 22:58:05,133 [grpc-default-executor-12] INFO  server.RaftServer$Division (RaftServerImpl.java:requestVote(1439)) - s1@group-D7B70F6236D3: receive requestVote(PRE_VOTE, s3, group-D7B70F6236D3, 1, (t:1, i:257))
2024-09-29 22:58:05,133 [grpc-default-executor-12] INFO  impl.VoteContext (VoteContext.java:log(49)) - s1@group-D7B70F6236D3-FOLLOWER: reject PRE_VOTE from s3: s3 is not in current conf [s0|localhost:15026, s1|localhost:15030, s2|localhost:15034]
2024-09-29 22:58:05,133 [grpc-default-executor-12] INFO  server.RaftServer$Division (RaftServerImpl.java:requestVote(1472)) - s1@group-D7B70F6236D3 replies to PRE_VOTE vote request: s3<-s1#0:FAIL-t2. Peer's state: s1@group-D7B70F6236D3:t2, leader=s2, voted=s2, raftlog=Memoized:s1@group-D7B70F6236D3-SegmentedRaftLog:OPENED:c258:last(t:2, i:258), conf=conf: {index: 257, cur=peers:[s0|localhost:15026, s1|localhost:15030, s2|localhost:15034]|listeners:[], old=null}
2024-09-29 22:58:05,134 [s3@group-D7B70F6236D3-LeaderElection11] INFO  impl.LeaderElection (LeaderElection.java:logAndReturn(89)) - s3@group-D7B70F6236D3-LeaderElection11: PRE_VOTE DISCOVERED_A_NEW_TERM (term=2) received 1 response(s) and 0 exception(s):
2024-09-29 22:58:05,134 [s3@group-D7B70F6236D3-LeaderElection11] INFO  impl.LeaderElection (LeaderElection.java:logAndReturn(93)) -   Response 0: s3<-s1#0:FAIL-t2
2024-09-29 22:58:05,134 [s3@group-D7B70F6236D3-LeaderElection11] INFO  impl.LeaderElection (LeaderElection.java:askForVotes(327)) - s3@group-D7B70F6236D3-LeaderElection11 PRE_VOTE round 0: result DISCOVERED_A_NEW_TERM (term=2)
2024-09-29 22:58:05,134 [grpc-default-executor-12] INFO  util.CodeInjectionForTesting (BlockRequestHandlingInjection.java:execute(77)) - s0: Block request from s3
2024-09-29 22:58:05,134 [s3@group-D7B70F6236D3-LeaderElection11] INFO  server.RaftServer$Division (RaftServerImpl.java:setRole(378)) - s3@group-D7B70F6236D3: changes role from CANDIDATE to FOLLOWER at term 1 for DISCOVERED_A_NEW_TERM (term=2)
2024-09-29 22:58:05,134 [s3@group-D7B70F6236D3-LeaderElection11] INFO  impl.RoleInfo (RoleInfo.java:shutdownLeaderElection(139)) - s3: shutdown s3@group-D7B70F6236D3-LeaderElection11
2024-09-29 22:58:05,134 [s3@group-D7B70F6236D3-LeaderElection11] INFO  impl.RoleInfo (RoleInfo.java:updateAndGet(148)) - s3: start s3@group-D7B70F6236D3-FollowerState
2024-09-29 22:58:05,134 [grpc-default-executor-7] INFO  server.RaftServer$Division (RaftServerImpl.java:requestVote(1439)) - s2@group-D7B70F6236D3: receive requestVote(PRE_VOTE, s3, group-D7B70F6236D3, 1, (t:1, i:257))
2024-09-29 22:58:05,135 [grpc-default-executor-7] INFO  impl.VoteContext (VoteContext.java:log(49)) - s2@group-D7B70F6236D3-LEADER: reject PRE_VOTE from s3: s3 is not in current conf [s0|localhost:15026, s1|localhost:15030, s2|localhost:15034]
2024-09-29 22:58:05,135 [grpc-default-executor-7] INFO  server.RaftServer$Division (RaftServerImpl.java:requestVote(1472)) - s2@group-D7B70F6236D3 replies to PRE_VOTE vote request: s3<-s2#0:FAIL-t2. Peer's state: s2@group-D7B70F6236D3:t2, leader=s2, voted=s2, raftlog=Memoized:s2@group-D7B70F6236D3-SegmentedRaftLog:OPENED:c258:last(t:2, i:258), conf=conf: {index: 257, cur=peers:[s0|localhost:15026, s1|localhost:15030, s2|localhost:15034]|listeners:[], old=null}
2024-09-29 22:58:05,145 [s3@group-D7B70F6236D3-LeaderElection11] TRACE util.FileUtils (LogUtils.java:supplyAndLog(69)) - Successfully supplied FileChannel.open /home/runner/work/ratis/ratis/ratis-test/target/test/data/f7ba0e94/MiniRaftClusterWithGrpc35e999b0/s3/636f46cf-4f82-4ac4-8690-d7b70f6236d3/current/raft-meta.tmp with options [CREATE, WRITE]: sun.nio.ch.FileChannelImpl@48184a95
2024-09-29 22:58:05,146 [s3@group-D7B70F6236D3-LeaderElection11] TRACE util.FileUtils (LogUtils.java:runAndLog(49)) - Successfully ran Atomic Files.move /home/runner/work/ratis/ratis/ratis-test/target/test/data/f7ba0e94/MiniRaftClusterWithGrpc35e999b0/s3/636f46cf-4f82-4ac4-8690-d7b70f6236d3/current/raft-meta.tmp to /home/runner/work/ratis/ratis/ratis-test/target/test/data/f7ba0e94/MiniRaftClusterWithGrpc35e999b0/s3/636f46cf-4f82-4ac4-8690-d7b70f6236d3/current/raft-meta with options [REPLACE_EXISTING]
2024-09-29 22:58:05,215 [s0@group-D7B70F6236D3-FollowerState] INFO  impl.FollowerState (FollowerState.java:lostMajorityHeartbeatsRecently(109)) - s0@group-D7B70F6236D3-FollowerState: Skipping leader election since it stepped down recently (elapsed = 437ms < waitTime = 10s)
2024-09-29 22:58:05,253 [main] INFO  ratis.RaftTestUtil (RaftTestUtil.java:waitForLeader(131)) - printing ALL groups
  s3:  RUNNING  FOLLOWER s3@group-D7B70F6236D3:t2, leader=null, voted=null, raftlog=Memoized:s3@group-D7B70F6236D3-SegmentedRaftLog:OPENED:c256:last(t:1, i:257), conf=conf: {index: 257, cur=peers:[s3|0.0.0.0:15038, s4|0.0.0.0:15039, s0|localhost:15026, s1|localhost:15030, s2|localhost:15034]|listeners:[], old=peers:[s0|localhost:15026, s1|localhost:15030, s2|localhost:15034]|listeners:[]} RUNNING
  s4:  RUNNING  FOLLOWER s4@group-D7B70F6236D3:t2, leader=null, voted=null, raftlog=Memoized:s4@group-D7B70F6236D3-SegmentedRaftLog:OPENED:c256:last(t:1, i:257), conf=conf: {index: 257, cur=peers:[s3|0.0.0.0:15038, s4|0.0.0.0:15039, s0|localhost:15026, s1|localhost:15030, s2|localhost:15034]|listeners:[], old=peers:[s0|localhost:15026, s1|localhost:15030, s2|localhost:15034]|listeners:[]} RUNNING
  s0:  RUNNING  FOLLOWER s0@group-D7B70F6236D3:t1, leader=null, voted=s0, raftlog=Memoized:s0@group-D7B70F6236D3-SegmentedRaftLog:OPENED:c256:last(t:1, i:257), conf=conf: {index: 257, cur=peers:[s3|0.0.0.0:15038, s4|0.0.0.0:15039, s0|localhost:15026, s1|localhost:15030, s2|localhost:15034]|listeners:[], old=peers:[s0|localhost:15026, s1|localhost:15030, s2|localhost:15034]|listeners:[]} RUNNING
  s1:  RUNNING  FOLLOWER s1@group-D7B70F6236D3:t2, leader=s2, voted=s2, raftlog=Memoized:s1@group-D7B70F6236D3-SegmentedRaftLog:OPENED:c258:last(t:2, i:258), conf=conf: {index: 257, cur=peers:[s0|localhost:15026, s1|localhost:15030, s2|localhost:15034]|listeners:[], old=null} RUNNING
  s2:  RUNNING    LEADER s2@group-D7B70F6236D3:t2, leader=s2, voted=s2, raftlog=Memoized:s2@group-D7B70F6236D3-SegmentedRaftLog:OPENED:c258:last(t:2, i:258), conf=conf: {index: 257, cur=peers:[s0|localhost:15026, s1|localhost:15030, s2|localhost:15034]|listeners:[], old=null} RUNNING
2024-09-29 22:58:05,258 [s2-server-thread3] INFO  server.RaftServer$Division (RaftServerImpl.java:setConfigurationAsync(1328)) - s2@group-D7B70F6236D3: receive setConfiguration SetConfigurationRequest:client-197B95BB22E5->s2@group-D7B70F6236D3, cid=525, seq=null, RW, null, SET_UNCONDITIONALLY, servers:[s3|0.0.0.0:15038, s4|0.0.0.0:15039, s0|localhost:15026, s1|localhost:15030, s2|localhost:15034], listeners:[]
2024-09-29 22:58:05,258 [s2-server-thread3] INFO  server.RaftServer$Division (LeaderStateImpl.java:startSetConfiguration(489)) - s2@group-D7B70F6236D3-LeaderStateImpl: startSetConfiguration SetConfigurationRequest:client-197B95BB22E5->s2@group-D7B70F6236D3, cid=525, seq=null, RW, null, SET_UNCONDITIONALLY, servers:[s3|0.0.0.0:15038, s4|0.0.0.0:15039, s0|localhost:15026, s1|localhost:15030, s2|localhost:15034], listeners:[]
2024-09-29 22:58:05,259 [s2-server-thread3] INFO  server.RaftServerConfigKeys (ConfUtils.java:logGet(46)) - raft.server.log.appender.snapshot.chunk.size.max = 1k (=1024) (custom)
2024-09-29 22:58:05,259 [s2-server-thread3] INFO  server.RaftServerConfigKeys (ConfUtils.java:logGet(46)) - raft.server.log.appender.buffer.byte-limit = 4MB (=4194304) (default)
2024-09-29 22:58:05,259 [s2-server-thread3] INFO  server.RaftServerConfigKeys (ConfUtils.java:logGet(46)) - raft.server.log.appender.buffer.element-limit = 0 (default)
2024-09-29 22:58:05,259 [s2-server-thread3] INFO  server.RaftServerConfigKeys (ConfUtils.java:logGet(46)) - raft.server.log.appender.wait-time.min = 1ms (default)
2024-09-29 22:58:05,259 [s2-server-thread3] INFO  grpc.GrpcConfigKeys (ConfUtils.java:logGet(46)) - raft.grpc.server.leader.outstanding.appends.max = 8 (default)
2024-09-29 22:58:05,259 [s2-server-thread3] INFO  server.RaftServerConfigKeys (ConfUtils.java:logGet(46)) - raft.server.rpc.request.timeout = 3000ms (default)
2024-09-29 22:58:05,259 [s2-server-thread3] INFO  grpc.GrpcConfigKeys (ConfUtils.java:logGet(46)) - raft.grpc.server.install_snapshot.request.element-limit = 8 (default)
2024-09-29 22:58:05,259 [s4@group-D7B70F6236D3-FollowerState] INFO  impl.FollowerState (FollowerState.java:run(144)) - s4@group-D7B70F6236D3-FollowerState: change to CANDIDATE, lastRpcElapsedTime:165923953ns, electionTimeout:165ms
2024-09-29 22:58:05,259 [s2-server-thread3] INFO  grpc.GrpcConfigKeys (ConfUtils.java:logGet(46)) - raft.grpc.server.install_snapshot.request.timeout = 3000ms (default)
2024-09-29 22:58:05,259 [s4@group-D7B70F6236D3-FollowerState] INFO  impl.RoleInfo (RoleInfo.java:shutdownFollowerState(119)) - s4: shutdown s4@group-D7B70F6236D3-FollowerState
2024-09-29 22:58:05,259 [s2-server-thread3] INFO  grpc.GrpcConfigKeys (ConfUtils.java:logGet(46)) - raft.grpc.server.log-message.batch.duration = 5s (default)
2024-09-29 22:58:05,259 [s4@group-D7B70F6236D3-FollowerState] INFO  server.RaftServer$Division (RaftServerImpl.java:setRole(378)) - s4@group-D7B70F6236D3: changes role from  FOLLOWER to CANDIDATE at term 2 for changeToCandidate
2024-09-29 22:58:05,259 [s2-server-thread3] INFO  server.RaftServerConfigKeys (ConfUtils.java:logGet(46)) - raft.server.log.appender.install.snapshot.enabled = true (default)
2024-09-29 22:58:05,260 [s4@group-D7B70F6236D3-FollowerState] INFO  server.RaftServerConfigKeys (ConfUtils.java:logGet(46)) - raft.server.leaderelection.pre-vote = true (default)
2024-09-29 22:58:05,260 [s2-server-thread3] INFO  grpc.GrpcConfigKeys (ConfUtils.java:logGet(46)) - raft.grpc.server.heartbeat.channel = true (default)
2024-09-29 22:58:05,260 [s4@group-D7B70F6236D3-FollowerState] INFO  impl.RoleInfo (RoleInfo.java:updateAndGet(148)) - s4: start s4@group-D7B70F6236D3-LeaderElection12
2024-09-29 22:58:05,260 [s2-server-thread3] INFO  server.RaftServerConfigKeys (ConfUtils.java:logGet(46)) - raft.server.log.appender.snapshot.chunk.size.max = 1k (=1024) (custom)
2024-09-29 22:58:05,260 [s4@group-D7B70F6236D3-LeaderElection12] INFO  impl.LeaderElection (LeaderElection.java:askForVotes(325)) - s4@group-D7B70F6236D3-LeaderElection12 PRE_VOTE round 0: submit vote requests at term 2 for conf: {index: 257, cur=peers:[s3|0.0.0.0:15038, s4|0.0.0.0:15039, s0|localhost:15026, s1|localhost:15030, s2|localhost:15034]|listeners:[], old=peers:[s0|localhost:15026, s1|localhost:15030, s2|localhost:15034]|listeners:[]}
2024-09-29 22:58:05,260 [s2-server-thread3] INFO  server.RaftServerConfigKeys (ConfUtils.java:logGet(46)) - raft.server.log.appender.buffer.byte-limit = 4MB (=4194304) (default)
2024-09-29 22:58:05,260 [s2-server-thread3] INFO  server.RaftServerConfigKeys (ConfUtils.java:logGet(46)) - raft.server.log.appender.buffer.element-limit = 0 (default)
2024-09-29 22:58:05,260 [s2-server-thread3] INFO  server.RaftServerConfigKeys (ConfUtils.java:logGet(46)) - raft.server.log.appender.wait-time.min = 1ms (default)
2024-09-29 22:58:05,260 [s2-server-thread3] INFO  grpc.GrpcConfigKeys (ConfUtils.java:logGet(46)) - raft.grpc.server.leader.outstanding.appends.max = 8 (default)
2024-09-29 22:58:05,260 [s2-server-thread3] INFO  server.RaftServerConfigKeys (ConfUtils.java:logGet(46)) - raft.server.rpc.request.timeout = 3000ms (default)
2024-09-29 22:58:05,261 [s2-server-thread3] INFO  grpc.GrpcConfigKeys (ConfUtils.java:logGet(46)) - raft.grpc.server.install_snapshot.request.element-limit = 8 (default)
2024-09-29 22:58:05,261 [s2-server-thread3] INFO  grpc.GrpcConfigKeys (ConfUtils.java:logGet(46)) - raft.grpc.server.install_snapshot.request.timeout = 3000ms (default)
2024-09-29 22:58:05,261 [s2-server-thread3] INFO  grpc.GrpcConfigKeys (ConfUtils.java:logGet(46)) - raft.grpc.server.log-message.batch.duration = 5s (default)
2024-09-29 22:58:05,261 [s2-server-thread3] INFO  server.RaftServerConfigKeys (ConfUtils.java:logGet(46)) - raft.server.log.appender.install.snapshot.enabled = true (default)
2024-09-29 22:58:05,261 [s2-server-thread3] INFO  grpc.GrpcConfigKeys (ConfUtils.java:logGet(46)) - raft.grpc.server.heartbeat.channel = true (default)
2024-09-29 22:58:05,262 [grpc-default-executor-13] INFO  server.RaftServer$Division (RaftServerImpl.java:requestVote(1439)) - s3@group-D7B70F6236D3: receive requestVote(PRE_VOTE, s4, group-D7B70F6236D3, 2, (t:1, i:257))
2024-09-29 22:58:05,262 [grpc-default-executor-13] INFO  impl.VoteContext (VoteContext.java:log(49)) - s3@group-D7B70F6236D3-FOLLOWER: accept PRE_VOTE from s4: our priority 0 <= candidate's priority 0
2024-09-29 22:58:05,262 [grpc-default-executor-13] INFO  server.RaftServer$Division (RaftServerImpl.java:requestVote(1472)) - s3@group-D7B70F6236D3 replies to PRE_VOTE vote request: s4<-s3#0:OK-t2. Peer's state: s3@group-D7B70F6236D3:t2, leader=null, voted=null, raftlog=Memoized:s3@group-D7B70F6236D3-SegmentedRaftLog:OPENED:c256:last(t:1, i:257), conf=conf: {index: 257, cur=peers:[s3|0.0.0.0:15038, s4|0.0.0.0:15039, s0|localhost:15026, s1|localhost:15030, s2|localhost:15034]|listeners:[], old=peers:[s0|localhost:15026, s1|localhost:15030, s2|localhost:15034]|listeners:[]}
2024-09-29 22:58:05,262 [grpc-default-executor-13] INFO  server.RaftServer$Division (RaftServerImpl.java:requestVote(1439)) - s1@group-D7B70F6236D3: receive requestVote(PRE_VOTE, s4, group-D7B70F6236D3, 2, (t:1, i:257))
2024-09-29 22:58:05,262 [grpc-default-executor-13] INFO  impl.VoteContext (VoteContext.java:log(49)) - s1@group-D7B70F6236D3-FOLLOWER: reject PRE_VOTE from s4: s4 is not in current conf [s0|localhost:15026, s1|localhost:15030, s2|localhost:15034]
2024-09-29 22:58:05,262 [grpc-default-executor-13] INFO  server.RaftServer$Division (RaftServerImpl.java:requestVote(1472)) - s1@group-D7B70F6236D3 replies to PRE_VOTE vote request: s4<-s1#0:FAIL-t2. Peer's state: s1@group-D7B70F6236D3:t2, leader=s2, voted=s2, raftlog=Memoized:s1@group-D7B70F6236D3-SegmentedRaftLog:OPENED:c258:last(t:2, i:258), conf=conf: {index: 257, cur=peers:[s0|localhost:15026, s1|localhost:15030, s2|localhost:15034]|listeners:[], old=null}
2024-09-29 22:58:05,265 [s2@group-D7B70F6236D3->s3-GrpcLogAppender-LogAppenderDaemon] INFO  server.GrpcLogAppender (GrpcLogAppender.java:installSnapshot(757)) - s2@group-D7B70F6236D3->s3-GrpcLogAppender: followerNextIndex = 0 but logStartIndex = 0, send snapshot FileListSnapshotInfo(t:1, i:255):[/tmp/ratis-tests/statemachine/s2/snapshot/1_255/vegetable, /tmp/ratis-tests/statemachine/s2/snapshot/1_255/loves, /tmp/ratis-tests/statemachine/s2/snapshot/1_255/deer] to follower
2024-09-29 22:58:05,265 [s2@group-D7B70F6236D3->s3-GrpcLogAppender-LogAppenderDaemon] INFO  server.GrpcServerProtocolClient (GrpcServerProtocolClient.java:<init>(65)) - Build channel for s3|0.0.0.0:15038
2024-09-29 22:58:05,266 [grpc-default-executor-14] INFO  util.CodeInjectionForTesting (BlockRequestHandlingInjection.java:execute(77)) - s0: Block request from s4
2024-09-29 22:58:05,266 [s2@group-D7B70F6236D3->s3-GrpcLogAppender-LogAppenderDaemon] TRACE util.FileUtils (LogUtils.java:supplyAndLog(69)) - Successfully supplied Files.newInputStream /tmp/ratis-tests/statemachine/s2/snapshot/1_255/vegetable with options []: sun.nio.ch.ChannelInputStream@e9cdd9
2024-09-29 22:58:05,267 [s2@group-D7B70F6236D3->s3-GrpcLogAppender-LogAppenderDaemon] TRACE util.FileUtils (LogUtils.java:supplyAndLog(69)) - Successfully supplied Files.newInputStream /tmp/ratis-tests/statemachine/s2/snapshot/1_255/loves with options []: sun.nio.ch.ChannelInputStream@4b83a1e0
2024-09-29 22:58:05,267 [s2@group-D7B70F6236D3->s3-GrpcLogAppender-LogAppenderDaemon] TRACE util.FileUtils (LogUtils.java:supplyAndLog(69)) - Successfully supplied Files.newInputStream /tmp/ratis-tests/statemachine/s2/snapshot/1_255/deer with options []: sun.nio.ch.ChannelInputStream@78b32d56
2024-09-29 22:58:05,268 [grpc-default-executor-13] INFO  server.RaftServer$Division (RaftServerImpl.java:requestVote(1439)) - s2@group-D7B70F6236D3: receive requestVote(PRE_VOTE, s4, group-D7B70F6236D3, 2, (t:1, i:257))
2024-09-29 22:58:05,269 [grpc-default-executor-13] INFO  impl.VoteContext (VoteContext.java:log(49)) - s2@group-D7B70F6236D3-LEADER: reject PRE_VOTE from s4: s4 is not in current conf [s0|localhost:15026, s1|localhost:15030, s2|localhost:15034]
2024-09-29 22:58:05,269 [grpc-default-executor-13] INFO  server.RaftServer$Division (RaftServerImpl.java:requestVote(1472)) - s2@group-D7B70F6236D3 replies to PRE_VOTE vote request: s4<-s2#0:FAIL-t2. Peer's state: s2@group-D7B70F6236D3:t2, leader=s2, voted=s2, raftlog=Memoized:s2@group-D7B70F6236D3-SegmentedRaftLog:OPENED:c258:last(t:2, i:258), conf=conf: {index: 257, cur=peers:[s0|localhost:15026, s1|localhost:15030, s2|localhost:15034]|listeners:[], old=null}
2024-09-29 22:58:05,270 [grpc-default-executor-16] INFO  impl.SnapshotInstallationHandler (SnapshotInstallationHandler.java:installSnapshot(94)) - s3@group-D7B70F6236D3: receive installSnapshot: s2->s3#0-t2,chunk:3dfe0a5f-acb1-4dac-9928-eba1f4a4aaab,0
2024-09-29 22:58:05,270 [grpc-default-executor-16] INFO  server.RaftServer$Division (ServerState.java:setLeader(272)) - s3@group-D7B70F6236D3: change Leader from null to s2 at term 2 for installSnapshot, leader elected after 142ms
2024-09-29 22:58:05,267 [s2@group-D7B70F6236D3->s4-GrpcLogAppender-LogAppenderDaemon] INFO  server.GrpcLogAppender (GrpcLogAppender.java:installSnapshot(757)) - s2@group-D7B70F6236D3->s4-GrpcLogAppender: followerNextIndex = 0 but logStartIndex = 0, send snapshot FileListSnapshotInfo(t:1, i:255):[/tmp/ratis-tests/statemachine/s2/snapshot/1_255/vegetable, /tmp/ratis-tests/statemachine/s2/snapshot/1_255/loves, /tmp/ratis-tests/statemachine/s2/snapshot/1_255/deer] to follower
2024-09-29 22:58:05,271 [s4@group-D7B70F6236D3-LeaderElection12] INFO  impl.LeaderElection (LeaderElection.java:logAndReturn(89)) - s4@group-D7B70F6236D3-LeaderElection12: PRE_VOTE REJECTED received 3 response(s) and 0 exception(s):
2024-09-29 22:58:05,271 [s4@group-D7B70F6236D3-LeaderElection12] INFO  impl.LeaderElection (LeaderElection.java:logAndReturn(93)) -   Response 0: s4<-s3#0:OK-t2
2024-09-29 22:58:05,271 [s4@group-D7B70F6236D3-LeaderElection12] INFO  impl.LeaderElection (LeaderElection.java:logAndReturn(93)) -   Response 1: s4<-s1#0:FAIL-t2
2024-09-29 22:58:05,271 [s4@group-D7B70F6236D3-LeaderElection12] INFO  impl.LeaderElection (LeaderElection.java:logAndReturn(93)) -   Response 2: s4<-s2#0:FAIL-t2
2024-09-29 22:58:05,271 [grpc-default-executor-16] INFO  impl.SnapshotInstallationHandler (SnapshotInstallationHandler.java:installSnapshotImpl(140)) - s3@group-D7B70F6236D3: set new configuration index: 257
configurationEntry {
  peers {
    id: "s0"
    address: "localhost:15026"
    dataStreamAddress: "localhost:15029"
    clientAddress: "localhost:15028"
    adminAddress: "localhost:15027"
    startupRole: FOLLOWER
  }
  peers {
    id: "s1"
    address: "localhost:15030"
    dataStreamAddress: "localhost:15033"
    clientAddress: "localhost:15032"
    adminAddress: "localhost:15031"
    startupRole: FOLLOWER
  }
  peers {
    id: "s2"
    address: "localhost:15034"
    dataStreamAddress: "localhost:15037"
    clientAddress: "localhost:15036"
    adminAddress: "localhost:15035"
    startupRole: FOLLOWER
  }
}
 from snapshot
2024-09-29 22:58:05,271 [grpc-default-executor-16] INFO  server.RaftServer$Division (ServerState.java:setRaftConf(386)) - s3@group-D7B70F6236D3: set configuration conf: {index: 257, cur=peers:[s0|localhost:15026, s1|localhost:15030, s2|localhost:15034]|listeners:[], old=null}
2024-09-29 22:58:05,271 [s2@group-D7B70F6236D3->s4-GrpcLogAppender-LogAppenderDaemon] INFO  server.GrpcServerProtocolClient (GrpcServerProtocolClient.java:<init>(65)) - Build channel for s4|0.0.0.0:15039
2024-09-29 22:58:05,271 [s4@group-D7B70F6236D3-LeaderElection12] INFO  impl.LeaderElection (LeaderElection.java:askForVotes(327)) - s4@group-D7B70F6236D3-LeaderElection12 PRE_VOTE round 0: result REJECTED
2024-09-29 22:58:05,271 [s4@group-D7B70F6236D3-LeaderElection12] INFO  server.RaftServer$Division (RaftServerImpl.java:setRole(378)) - s4@group-D7B70F6236D3: changes role from CANDIDATE to FOLLOWER at term 2 for REJECTED
2024-09-29 22:58:05,271 [s4@group-D7B70F6236D3-LeaderElection12] INFO  impl.RoleInfo (RoleInfo.java:shutdownLeaderElection(139)) - s4: shutdown s4@group-D7B70F6236D3-LeaderElection12
2024-09-29 22:58:05,271 [grpc-default-executor-16] TRACE util.FileUtils (LogUtils.java:supplyAndLog(69)) - Successfully supplied FileChannel.open /home/runner/work/ratis/ratis/ratis-test/target/test/data/f7ba0e94/MiniRaftClusterWithGrpc35e999b0/s3/636f46cf-4f82-4ac4-8690-d7b70f6236d3/current/raft-meta.conf.tmp with options [CREATE, WRITE]: sun.nio.ch.FileChannelImpl@1995e3fd
2024-09-29 22:58:05,271 [s4@group-D7B70F6236D3-LeaderElection12] INFO  impl.RoleInfo (RoleInfo.java:updateAndGet(148)) - s4: start s4@group-D7B70F6236D3-FollowerState
2024-09-29 22:58:05,273 [s2@group-D7B70F6236D3->s4-GrpcLogAppender-LogAppenderDaemon] TRACE util.FileUtils (LogUtils.java:supplyAndLog(69)) - Successfully supplied Files.newInputStream /tmp/ratis-tests/statemachine/s2/snapshot/1_255/vegetable with options []: sun.nio.ch.ChannelInputStream@56026a04
2024-09-29 22:58:05,273 [s2@group-D7B70F6236D3->s4-GrpcLogAppender-LogAppenderDaemon] TRACE util.FileUtils (LogUtils.java:supplyAndLog(69)) - Successfully supplied Files.newInputStream /tmp/ratis-tests/statemachine/s2/snapshot/1_255/loves with options []: sun.nio.ch.ChannelInputStream@1b9964d6
2024-09-29 22:58:05,274 [s2@group-D7B70F6236D3->s4-GrpcLogAppender-LogAppenderDaemon] TRACE util.FileUtils (LogUtils.java:supplyAndLog(69)) - Successfully supplied Files.newInputStream /tmp/ratis-tests/statemachine/s2/snapshot/1_255/deer with options []: sun.nio.ch.ChannelInputStream@2e08981e
2024-09-29 22:58:05,278 [grpc-default-executor-16] TRACE util.FileUtils (LogUtils.java:runAndLog(49)) - Successfully ran Atomic Files.move /home/runner/work/ratis/ratis/ratis-test/target/test/data/f7ba0e94/MiniRaftClusterWithGrpc35e999b0/s3/636f46cf-4f82-4ac4-8690-d7b70f6236d3/current/raft-meta.conf.tmp to /home/runner/work/ratis/ratis/ratis-test/target/test/data/f7ba0e94/MiniRaftClusterWithGrpc35e999b0/s3/636f46cf-4f82-4ac4-8690-d7b70f6236d3/current/raft-meta.conf with options [REPLACE_EXISTING]
2024-09-29 22:58:05,278 [grpc-default-executor-16] INFO  impl.SnapshotInstallationHandler (SnapshotInstallationHandler.java:installSnapshot(105)) - s3@group-D7B70F6236D3: reply installSnapshot: s2<-s3#0:OK-t2,ALREADY_INSTALLED,requestIndex=0
2024-09-29 22:58:05,278 [grpc-default-executor-7] INFO  impl.SnapshotInstallationHandler (SnapshotInstallationHandler.java:installSnapshot(94)) - s4@group-D7B70F6236D3: receive installSnapshot: s2->s4#0-t2,chunk:fdd3ef19-3bd6-410b-b79b-2b71baf77198,0
2024-09-29 22:58:05,278 [grpc-default-executor-7] INFO  server.RaftServer$Division (ServerState.java:setLeader(272)) - s4@group-D7B70F6236D3: change Leader from null to s2 at term 2 for installSnapshot, leader elected after 191ms
2024-09-29 22:58:05,278 [grpc-default-executor-16] INFO  impl.SnapshotInstallationHandler (SnapshotInstallationHandler.java:installSnapshot(94)) - s3@group-D7B70F6236D3: receive installSnapshot: s2->s3#0-t2,chunk:3dfe0a5f-acb1-4dac-9928-eba1f4a4aaab,1
2024-09-29 22:58:05,278 [grpc-default-executor-7] INFO  impl.SnapshotInstallationHandler (SnapshotInstallationHandler.java:installSnapshotImpl(140)) - s4@group-D7B70F6236D3: set new configuration index: 257
configurationEntry {
  peers {
    id: "s0"
    address: "localhost:15026"
    dataStreamAddress: "localhost:15029"
    clientAddress: "localhost:15028"
    adminAddress: "localhost:15027"
    startupRole: FOLLOWER
  }
  peers {
    id: "s1"
    address: "localhost:15030"
    dataStreamAddress: "localhost:15033"
    clientAddress: "localhost:15032"
    adminAddress: "localhost:15031"
    startupRole: FOLLOWER
  }
  peers {
    id: "s2"
    address: "localhost:15034"
    dataStreamAddress: "localhost:15037"
    clientAddress: "localhost:15036"
    adminAddress: "localhost:15035"
    startupRole: FOLLOWER
  }
}
 from snapshot
2024-09-29 22:58:05,278 [grpc-default-executor-16] ERROR impl.SnapshotInstallationHandler (SnapshotInstallationHandler.java:installSnapshot(101)) - s3@group-D7B70F6236D3: installSnapshot failed
java.io.IOException: Snapshot request already failed at chunk index 0; ignoring request with chunk index 1
	at org.apache.ratis.server.impl.SnapshotInstallationHandler.checkAndInstallSnapshot(SnapshotInstallationHandler.java:181)
	at org.apache.ratis.server.impl.SnapshotInstallationHandler.installSnapshotImpl(SnapshotInstallationHandler.java:125)
	at org.apache.ratis.server.impl.SnapshotInstallationHandler.installSnapshot(SnapshotInstallationHandler.java:99)
	at org.apache.ratis.server.impl.RaftServerImpl.installSnapshot(RaftServerImpl.java:1688)
	at org.apache.ratis.server.impl.RaftServerProxy.installSnapshot(RaftServerProxy.java:675)
	at org.apache.ratis.grpc.server.GrpcServerProtocolService$2.process(GrpcServerProtocolService.java:349)
	at org.apache.ratis.grpc.server.GrpcServerProtocolService$2.process(GrpcServerProtocolService.java:346)
	at org.apache.ratis.grpc.server.GrpcServerProtocolService$ServerRequestStreamObserver.process(GrpcServerProtocolService.java:106)
	at org.apache.ratis.grpc.server.GrpcServerProtocolService$ServerRequestStreamObserver.onNext(GrpcServerProtocolService.java:174)
	at org.apache.ratis.thirdparty.io.grpc.stub.ServerCalls$StreamingServerCallHandler$StreamingServerCallListener.onMessage(ServerCalls.java:262)
	at org.apache.ratis.thirdparty.io.grpc.internal.ServerCallImpl$ServerStreamListenerImpl.messagesAvailableInternal(ServerCallImpl.java:329)
	at org.apache.ratis.thirdparty.io.grpc.internal.ServerCallImpl$ServerStreamListenerImpl.messagesAvailable(ServerCallImpl.java:314)
	at org.apache.ratis.thirdparty.io.grpc.internal.ServerImpl$JumpToApplicationThreadServerStreamListener$1MessagesAvailable.runInContext(ServerImpl.java:833)
	at org.apache.ratis.thirdparty.io.grpc.internal.ContextRunnable.run(ContextRunnable.java:37)
	at org.apache.ratis.thirdparty.io.grpc.internal.SerializingExecutor.run(SerializingExecutor.java:133)
	at java.util.concurrent.ThreadPoolExecutor.runWorker(ThreadPoolExecutor.java:1149)
	at java.util.concurrent.ThreadPoolExecutor$Worker.run(ThreadPoolExecutor.java:624)
	at java.lang.Thread.run(Thread.java:750)
2024-09-29 22:58:05,279 [grpc-default-executor-15] INFO  server.GrpcLogAppender (GrpcLogAppender.java:onNext(664)) - s2@group-D7B70F6236D3->s3-InstallSnapshotResponseHandler: received the first reply s2<-s3#0:OK-t2,ALREADY_INSTALLED,requestIndex=0
2024-09-29 22:58:05,279 [grpc-default-executor-15] INFO  server.GrpcLogAppender (GrpcLogAppender.java:onNext(685)) - s2@group-D7B70F6236D3->s3-InstallSnapshotResponseHandler: Follower snapshot is already at index 0.
2024-09-29 22:58:05,279 [grpc-default-executor-15] INFO  leader.FollowerInfo (FollowerInfoImpl.java:info(64)) - s2@group-D7B70F6236D3->s3: matchIndex: setUnconditionally -1 -> 0
2024-09-29 22:58:05,279 [grpc-default-executor-15] INFO  leader.FollowerInfo (FollowerInfoImpl.java:info(64)) - s2@group-D7B70F6236D3->s3: nextIndex: setUnconditionally 0 -> 1
2024-09-29 22:58:05,279 [grpc-default-executor-15] INFO  leader.FollowerInfo (FollowerInfoImpl.java:setAttemptedToInstallSnapshot(154)) - Follower s2@group-D7B70F6236D3->s3 acknowledged installing snapshot
2024-09-29 22:58:05,278 [grpc-default-executor-7] INFO  server.RaftServer$Division (ServerState.java:setRaftConf(386)) - s4@group-D7B70F6236D3: set configuration conf: {index: 257, cur=peers:[s0|localhost:15026, s1|localhost:15030, s2|localhost:15034]|listeners:[], old=null}
2024-09-29 22:58:05,279 [grpc-default-executor-15] INFO  server.GrpcLogAppender (GrpcLogAppender.java:increaseNextIndex(466)) - s2@group-D7B70F6236D3->s3-GrpcLogAppender: updateNextIndex 1 for ALREADY_INSTALLED
2024-09-29 22:58:05,279 [grpc-default-executor-7] TRACE util.FileUtils (LogUtils.java:supplyAndLog(69)) - Successfully supplied FileChannel.open /home/runner/work/ratis/ratis/ratis-test/target/test/data/f7ba0e94/MiniRaftClusterWithGrpc35e999b0/s4/636f46cf-4f82-4ac4-8690-d7b70f6236d3/current/raft-meta.conf.tmp with options [CREATE, WRITE]: sun.nio.ch.FileChannelImpl@75e48357
2024-09-29 22:58:05,280 [grpc-default-executor-16] WARN  server.GrpcServerProtocolService (LogUtils.java:warn(123)) - s3: Failed INSTALL_SNAPSHOT request cid=0, isHeartbeat? false
java.io.IOException: Snapshot request already failed at chunk index 0; ignoring request with chunk index 1
	at org.apache.ratis.server.impl.SnapshotInstallationHandler.checkAndInstallSnapshot(SnapshotInstallationHandler.java:181)
	at org.apache.ratis.server.impl.SnapshotInstallationHandler.installSnapshotImpl(SnapshotInstallationHandler.java:125)
	at org.apache.ratis.server.impl.SnapshotInstallationHandler.installSnapshot(SnapshotInstallationHandler.java:99)
	at org.apache.ratis.server.impl.RaftServerImpl.installSnapshot(RaftServerImpl.java:1688)
	at org.apache.ratis.server.impl.RaftServerProxy.installSnapshot(RaftServerProxy.java:675)
	at org.apache.ratis.grpc.server.GrpcServerProtocolService$2.process(GrpcServerProtocolService.java:349)
	at org.apache.ratis.grpc.server.GrpcServerProtocolService$2.process(GrpcServerProtocolService.java:346)
	at org.apache.ratis.grpc.server.GrpcServerProtocolService$ServerRequestStreamObserver.process(GrpcServerProtocolService.java:106)
	at org.apache.ratis.grpc.server.GrpcServerProtocolService$ServerRequestStreamObserver.onNext(GrpcServerProtocolService.java:174)
	at org.apache.ratis.thirdparty.io.grpc.stub.ServerCalls$StreamingServerCallHandler$StreamingServerCallListener.onMessage(ServerCalls.java:262)
	at org.apache.ratis.thirdparty.io.grpc.internal.ServerCallImpl$ServerStreamListenerImpl.messagesAvailableInternal(ServerCallImpl.java:329)
	at org.apache.ratis.thirdparty.io.grpc.internal.ServerCallImpl$ServerStreamListenerImpl.messagesAvailable(ServerCallImpl.java:314)
	at org.apache.ratis.thirdparty.io.grpc.internal.ServerImpl$JumpToApplicationThreadServerStreamListener$1MessagesAvailable.runInContext(ServerImpl.java:833)
	at org.apache.ratis.thirdparty.io.grpc.internal.ContextRunnable.run(ContextRunnable.java:37)
	at org.apache.ratis.thirdparty.io.grpc.internal.SerializingExecutor.run(SerializingExecutor.java:133)
	at java.util.concurrent.ThreadPoolExecutor.runWorker(ThreadPoolExecutor.java:1149)
	at java.util.concurrent.ThreadPoolExecutor$Worker.run(ThreadPoolExecutor.java:624)
	at java.lang.Thread.run(Thread.java:750)
2024-09-29 22:58:05,281 [grpc-default-executor-7] TRACE util.FileUtils (LogUtils.java:runAndLog(49)) - Successfully ran Atomic Files.move /home/runner/work/ratis/ratis/ratis-test/target/test/data/f7ba0e94/MiniRaftClusterWithGrpc35e999b0/s4/636f46cf-4f82-4ac4-8690-d7b70f6236d3/current/raft-meta.conf.tmp to /home/runner/work/ratis/ratis/ratis-test/target/test/data/f7ba0e94/MiniRaftClusterWithGrpc35e999b0/s4/636f46cf-4f82-4ac4-8690-d7b70f6236d3/current/raft-meta.conf with options [REPLACE_EXISTING]
2024-09-29 22:58:05,282 [grpc-default-executor-7] INFO  impl.SnapshotInstallationHandler (SnapshotInstallationHandler.java:installSnapshot(105)) - s4@group-D7B70F6236D3: reply installSnapshot: s2<-s4#0:OK-t2,ALREADY_INSTALLED,requestIndex=0
2024-09-29 22:58:05,282 [grpc-default-executor-7] INFO  impl.SnapshotInstallationHandler (SnapshotInstallationHandler.java:installSnapshot(94)) - s4@group-D7B70F6236D3: receive installSnapshot: s2->s4#0-t2,chunk:fdd3ef19-3bd6-410b-b79b-2b71baf77198,1
2024-09-29 22:58:05,282 [grpc-default-executor-7] ERROR impl.SnapshotInstallationHandler (SnapshotInstallationHandler.java:installSnapshot(101)) - s4@group-D7B70F6236D3: installSnapshot failed
java.io.IOException: Snapshot request already failed at chunk index 0; ignoring request with chunk index 1
	at org.apache.ratis.server.impl.SnapshotInstallationHandler.checkAndInstallSnapshot(SnapshotInstallationHandler.java:181)
	at org.apache.ratis.server.impl.SnapshotInstallationHandler.installSnapshotImpl(SnapshotInstallationHandler.java:125)
	at org.apache.ratis.server.impl.SnapshotInstallationHandler.installSnapshot(SnapshotInstallationHandler.java:99)
	at org.apache.ratis.server.impl.RaftServerImpl.installSnapshot(RaftServerImpl.java:1688)
	at org.apache.ratis.server.impl.RaftServerProxy.installSnapshot(RaftServerProxy.java:675)
	at org.apache.ratis.grpc.server.GrpcServerProtocolService$2.process(GrpcServerProtocolService.java:349)
	at org.apache.ratis.grpc.server.GrpcServerProtocolService$2.process(GrpcServerProtocolService.java:346)
	at org.apache.ratis.grpc.server.GrpcServerProtocolService$ServerRequestStreamObserver.process(GrpcServerProtocolService.java:106)
	at org.apache.ratis.grpc.server.GrpcServerProtocolService$ServerRequestStreamObserver.onNext(GrpcServerProtocolService.java:174)
	at org.apache.ratis.thirdparty.io.grpc.stub.ServerCalls$StreamingServerCallHandler$StreamingServerCallListener.onMessage(ServerCalls.java:262)
	at org.apache.ratis.thirdparty.io.grpc.internal.ServerCallImpl$ServerStreamListenerImpl.messagesAvailableInternal(ServerCallImpl.java:329)
	at org.apache.ratis.thirdparty.io.grpc.internal.ServerCallImpl$ServerStreamListenerImpl.messagesAvailable(ServerCallImpl.java:314)
	at org.apache.ratis.thirdparty.io.grpc.internal.ServerImpl$JumpToApplicationThreadServerStreamListener$1MessagesAvailable.runInContext(ServerImpl.java:833)
	at org.apache.ratis.thirdparty.io.grpc.internal.ContextRunnable.run(ContextRunnable.java:37)
	at org.apache.ratis.thirdparty.io.grpc.internal.SerializingExecutor.run(SerializingExecutor.java:133)
	at java.util.concurrent.ThreadPoolExecutor.runWorker(ThreadPoolExecutor.java:1149)
	at java.util.concurrent.ThreadPoolExecutor$Worker.run(ThreadPoolExecutor.java:624)
	at java.lang.Thread.run(Thread.java:750)
2024-09-29 22:58:05,282 [grpc-default-executor-7] WARN  server.GrpcServerProtocolService (LogUtils.java:warn(123)) - s4: Failed INSTALL_SNAPSHOT request cid=0, isHeartbeat? false
java.io.IOException: Snapshot request already failed at chunk index 0; ignoring request with chunk index 1
	at org.apache.ratis.server.impl.SnapshotInstallationHandler.checkAndInstallSnapshot(SnapshotInstallationHandler.java:181)
	at org.apache.ratis.server.impl.SnapshotInstallationHandler.installSnapshotImpl(SnapshotInstallationHandler.java:125)
	at org.apache.ratis.server.impl.SnapshotInstallationHandler.installSnapshot(SnapshotInstallationHandler.java:99)
	at org.apache.ratis.server.impl.RaftServerImpl.installSnapshot(RaftServerImpl.java:1688)
	at org.apache.ratis.server.impl.RaftServerProxy.installSnapshot(RaftServerProxy.java:675)
	at org.apache.ratis.grpc.server.GrpcServerProtocolService$2.process(GrpcServerProtocolService.java:349)
	at org.apache.ratis.grpc.server.GrpcServerProtocolService$2.process(GrpcServerProtocolService.java:346)
	at org.apache.ratis.grpc.server.GrpcServerProtocolService$ServerRequestStreamObserver.process(GrpcServerProtocolService.java:106)
	at org.apache.ratis.grpc.server.GrpcServerProtocolService$ServerRequestStreamObserver.onNext(GrpcServerProtocolService.java:174)
	at org.apache.ratis.thirdparty.io.grpc.stub.ServerCalls$StreamingServerCallHandler$StreamingServerCallListener.onMessage(ServerCalls.java:262)
	at org.apache.ratis.thirdparty.io.grpc.internal.ServerCallImpl$ServerStreamListenerImpl.messagesAvailableInternal(ServerCallImpl.java:329)
	at org.apache.ratis.thirdparty.io.grpc.internal.ServerCallImpl$ServerStreamListenerImpl.messagesAvailable(ServerCallImpl.java:314)
	at org.apache.ratis.thirdparty.io.grpc.internal.ServerImpl$JumpToApplicationThreadServerStreamListener$1MessagesAvailable.runInContext(ServerImpl.java:833)
	at org.apache.ratis.thirdparty.io.grpc.internal.ContextRunnable.run(ContextRunnable.java:37)
	at org.apache.ratis.thirdparty.io.grpc.internal.SerializingExecutor.run(SerializingExecutor.java:133)
	at java.util.concurrent.ThreadPoolExecutor.runWorker(ThreadPoolExecutor.java:1149)
	at java.util.concurrent.ThreadPoolExecutor$Worker.run(ThreadPoolExecutor.java:624)
	at java.lang.Thread.run(Thread.java:750)
2024-09-29 22:58:05,283 [grpc-default-executor-15] INFO  server.GrpcLogAppender (GrpcLogAppender.java:onNext(664)) - s2@group-D7B70F6236D3->s4-InstallSnapshotResponseHandler: received the first reply s2<-s4#0:OK-t2,ALREADY_INSTALLED,requestIndex=0
2024-09-29 22:58:05,283 [grpc-default-executor-15] INFO  server.GrpcLogAppender (GrpcLogAppender.java:onNext(685)) - s2@group-D7B70F6236D3->s4-InstallSnapshotResponseHandler: Follower snapshot is already at index 0.
2024-09-29 22:58:05,283 [grpc-default-executor-15] INFO  leader.FollowerInfo (FollowerInfoImpl.java:info(64)) - s2@group-D7B70F6236D3->s4: matchIndex: setUnconditionally -1 -> 0
2024-09-29 22:58:05,283 [grpc-default-executor-15] INFO  leader.FollowerInfo (FollowerInfoImpl.java:info(64)) - s2@group-D7B70F6236D3->s4: nextIndex: setUnconditionally 0 -> 1
2024-09-29 22:58:05,283 [grpc-default-executor-15] INFO  leader.FollowerInfo (FollowerInfoImpl.java:setAttemptedToInstallSnapshot(154)) - Follower s2@group-D7B70F6236D3->s4 acknowledged installing snapshot
2024-09-29 22:58:05,283 [grpc-default-executor-15] INFO  server.GrpcLogAppender (GrpcLogAppender.java:increaseNextIndex(466)) - s2@group-D7B70F6236D3->s4-GrpcLogAppender: updateNextIndex 1 for ALREADY_INSTALLED
2024-09-29 22:58:05,286 [grpc-default-executor-15] WARN  server.GrpcLogAppender (LogUtils.java:warn(123)) - s2@group-D7B70F6236D3->s4-InstallSnapshotResponseHandler: Failed InstallSnapshot
java.io.IOException: Snapshot request already failed at chunk index 0; ignoring request with chunk index 1
	at org.apache.ratis.server.impl.SnapshotInstallationHandler.checkAndInstallSnapshot(SnapshotInstallationHandler.java:181)
	at org.apache.ratis.server.impl.SnapshotInstallationHandler.installSnapshotImpl(SnapshotInstallationHandler.java:125)
	at org.apache.ratis.server.impl.SnapshotInstallationHandler.installSnapshot(SnapshotInstallationHandler.java:99)
	at org.apache.ratis.server.impl.RaftServerImpl.installSnapshot(RaftServerImpl.java:1688)
	at org.apache.ratis.server.impl.RaftServerProxy.installSnapshot(RaftServerProxy.java:675)
	at org.apache.ratis.grpc.server.GrpcServerProtocolService$2.process(GrpcServerProtocolService.java:349)
	at org.apache.ratis.grpc.server.GrpcServerProtocolService$2.process(GrpcServerProtocolService.java:346)
	at org.apache.ratis.grpc.server.GrpcServerProtocolService$ServerRequestStreamObserver.process(GrpcServerProtocolService.java:106)
	at org.apache.ratis.grpc.server.GrpcServerProtocolService$ServerRequestStreamObserver.onNext(GrpcServerProtocolService.java:174)
	at org.apache.ratis.thirdparty.io.grpc.stub.ServerCalls$StreamingServerCallHandler$StreamingServerCallListener.onMessage(ServerCalls.java:262)
	at org.apache.ratis.thirdparty.io.grpc.internal.ServerCallImpl$ServerStreamListenerImpl.messagesAvailableInternal(ServerCallImpl.java:329)
	at org.apache.ratis.thirdparty.io.grpc.internal.ServerCallImpl$ServerStreamListenerImpl.messagesAvailable(ServerCallImpl.java:314)
	at org.apache.ratis.thirdparty.io.grpc.internal.ServerImpl$JumpToApplicationThreadServerStreamListener$1MessagesAvailable.runInContext(ServerImpl.java:833)
	at org.apache.ratis.thirdparty.io.grpc.internal.ContextRunnable.run(ContextRunnable.java:37)
	at org.apache.ratis.thirdparty.io.grpc.internal.SerializingExecutor.run(SerializingExecutor.java:133)
	at java.util.concurrent.ThreadPoolExecutor.runWorker(ThreadPoolExecutor.java:1149)
	at java.util.concurrent.ThreadPoolExecutor$Worker.run(ThreadPoolExecutor.java:624)
	at java.lang.Thread.run(Thread.java:750)
2024-09-29 22:58:05,289 [grpc-default-executor-16] WARN  server.GrpcLogAppender (LogUtils.java:warn(123)) - s2@group-D7B70F6236D3->s3-InstallSnapshotResponseHandler: Failed InstallSnapshot
java.io.IOException: Snapshot request already failed at chunk index 0; ignoring request with chunk index 1
	at org.apache.ratis.server.impl.SnapshotInstallationHandler.checkAndInstallSnapshot(SnapshotInstallationHandler.java:181)
	at org.apache.ratis.server.impl.SnapshotInstallationHandler.installSnapshotImpl(SnapshotInstallationHandler.java:125)
	at org.apache.ratis.server.impl.SnapshotInstallationHandler.installSnapshot(SnapshotInstallationHandler.java:99)
	at org.apache.ratis.server.impl.RaftServerImpl.installSnapshot(RaftServerImpl.java:1688)
	at org.apache.ratis.server.impl.RaftServerProxy.installSnapshot(RaftServerProxy.java:675)
	at org.apache.ratis.grpc.server.GrpcServerProtocolService$2.process(GrpcServerProtocolService.java:349)
	at org.apache.ratis.grpc.server.GrpcServerProtocolService$2.process(GrpcServerProtocolService.java:346)
	at org.apache.ratis.grpc.server.GrpcServerProtocolService$ServerRequestStreamObserver.process(GrpcServerProtocolService.java:106)
	at org.apache.ratis.grpc.server.GrpcServerProtocolService$ServerRequestStreamObserver.onNext(GrpcServerProtocolService.java:174)
	at org.apache.ratis.thirdparty.io.grpc.stub.ServerCalls$StreamingServerCallHandler$StreamingServerCallListener.onMessage(ServerCalls.java:262)
	at org.apache.ratis.thirdparty.io.grpc.internal.ServerCallImpl$ServerStreamListenerImpl.messagesAvailableInternal(ServerCallImpl.java:329)
	at org.apache.ratis.thirdparty.io.grpc.internal.ServerCallImpl$ServerStreamListenerImpl.messagesAvailable(ServerCallImpl.java:314)
	at org.apache.ratis.thirdparty.io.grpc.internal.ServerImpl$JumpToApplicationThreadServerStreamListener$1MessagesAvailable.runInContext(ServerImpl.java:833)
	at org.apache.ratis.thirdparty.io.grpc.internal.ContextRunnable.run(ContextRunnable.java:37)
	at org.apache.ratis.thirdparty.io.grpc.internal.SerializingExecutor.run(SerializingExecutor.java:133)
	at java.util.concurrent.ThreadPoolExecutor.runWorker(ThreadPoolExecutor.java:1149)
	at java.util.concurrent.ThreadPoolExecutor$Worker.run(ThreadPoolExecutor.java:624)
	at java.lang.Thread.run(Thread.java:750)
2024-09-29 22:58:05,292 [s3-server-thread3] INFO  server.RaftServer$Division (RaftServerImpl.java:checkInconsistentAppendEntries(1679)) - s3@group-D7B70F6236D3: Failed appendEntries as previous log entry ((t:1, i:0)) is not found
2024-09-29 22:58:05,293 [s3-server-thread3] INFO  server.RaftServer$Division (RaftServerImpl.java:appendEntriesAsync(1611)) - s3@group-D7B70F6236D3: appendEntries* reply s2<-s3#0:FAIL-t2,INCONSISTENCY,nextIndex=0,followerCommit=256,matchIndex=-1
2024-09-29 22:58:05,293 [grpc-default-executor-15] WARN  server.GrpcLogAppender (GrpcLogAppender.java:onNextImpl(528)) - s2@group-D7B70F6236D3->s3-AppendLogResponseHandler: received INCONSISTENCY reply with nextIndex 0, errorCount=2, request=AppendEntriesRequest:cid=0,entriesCount=0
2024-09-29 22:58:05,296 [s3-server-thread3] INFO  server.RaftServer$Division (RaftServerImpl.java:checkInconsistentAppendEntries(1669)) - s3@group-D7B70F6236D3: Failed appendEntries as the first entry (index 1) already exists (snapshotIndex: 255, commitIndex: 256)
2024-09-29 22:58:05,296 [s3-server-thread3] INFO  server.RaftServer$Division (RaftServerImpl.java:appendEntriesAsync(1611)) - s3@group-D7B70F6236D3: appendEntries* reply s2<-s3#1:FAIL-t2,INCONSISTENCY,nextIndex=257,followerCommit=256,matchIndex=-1
2024-09-29 22:58:05,296 [grpc-default-executor-15] WARN  server.GrpcLogAppender (GrpcLogAppender.java:onNextImpl(528)) - s2@group-D7B70F6236D3->s3-AppendLogResponseHandler: received INCONSISTENCY reply with nextIndex 257, errorCount=3, request=AppendEntriesRequest:cid=1,entriesCount=258,entries=(t:1, i:1)...(t:2, i:258)
2024-09-29 22:58:05,296 [grpc-default-executor-15] INFO  leader.FollowerInfo (FollowerInfoImpl.java:info(70)) - s2@group-D7B70F6236D3->s3: setNextIndex nextIndex: updateUnconditionally 259 -> 257
2024-09-29 22:58:05,296 [s4-server-thread2] INFO  server.RaftServer$Division (RaftServerImpl.java:checkInconsistentAppendEntries(1679)) - s4@group-D7B70F6236D3: Failed appendEntries as previous log entry ((t:1, i:0)) is not found
2024-09-29 22:58:05,296 [s4-server-thread2] INFO  server.RaftServer$Division (RaftServerImpl.java:appendEntriesAsync(1611)) - s4@group-D7B70F6236D3: appendEntries* reply s2<-s4#0:FAIL-t2,INCONSISTENCY,nextIndex=0,followerCommit=256,matchIndex=-1
2024-09-29 22:58:05,297 [grpc-default-executor-16] WARN  server.GrpcLogAppender (GrpcLogAppender.java:onNextImpl(528)) - s2@group-D7B70F6236D3->s4-AppendLogResponseHandler: received INCONSISTENCY reply with nextIndex 0, errorCount=2, request=AppendEntriesRequest:cid=0,entriesCount=0
2024-09-29 22:58:05,297 [s3-server-thread3] INFO  server.RaftServer$Division (ServerState.java:setRaftConf(386)) - s3@group-D7B70F6236D3: set configuration conf: {index: 257, cur=peers:[s0|localhost:15026, s1|localhost:15030, s2|localhost:15034]|listeners:[], old=null}
2024-09-29 22:58:05,297 [s3-server-thread3] INFO  segmented.SegmentedRaftLogWorker (SegmentedRaftLogWorker.java:truncate(455)) - s3@group-D7B70F6236D3-SegmentedRaftLogWorker: Truncating segments toTruncate: (256, 257) isOpen? true, length=23, newEndIndex=256
  toDelete: [], start index 257
2024-09-29 22:58:05,298 [s3-server-thread3] INFO  segmented.SegmentedRaftLogWorker (SegmentedRaftLogWorker.java:startLogSegment(438)) - s3@group-D7B70F6236D3-SegmentedRaftLogWorker: Starting segment from index:257
2024-09-29 22:58:05,299 [s3@group-D7B70F6236D3-SegmentedRaftLogWorker] TRACE util.FileUtils (LogUtils.java:runAndLog(49)) - Successfully ran FileChannel.truncate /home/runner/work/ratis/ratis/ratis-test/target/test/data/f7ba0e94/MiniRaftClusterWithGrpc35e999b0/s3/636f46cf-4f82-4ac4-8690-d7b70f6236d3/current/log_inprogress_256 length: 599 -> 23
2024-09-29 22:58:05,299 [s4-server-thread2] INFO  server.RaftServer$Division (RaftServerImpl.java:checkInconsistentAppendEntries(1669)) - s4@group-D7B70F6236D3: Failed appendEntries as the first entry (index 1) already exists (snapshotIndex: 255, commitIndex: 256)
2024-09-29 22:58:05,299 [s3@group-D7B70F6236D3-SegmentedRaftLogWorker] TRACE util.FileUtils (LogUtils.java:runAndLog(49)) - Successfully ran Atomic Files.move /home/runner/work/ratis/ratis/ratis-test/target/test/data/f7ba0e94/MiniRaftClusterWithGrpc35e999b0/s3/636f46cf-4f82-4ac4-8690-d7b70f6236d3/current/log_inprogress_256 to /home/runner/work/ratis/ratis/ratis-test/target/test/data/f7ba0e94/MiniRaftClusterWithGrpc35e999b0/s3/636f46cf-4f82-4ac4-8690-d7b70f6236d3/current/log_256-256
2024-09-29 22:58:05,299 [s3@group-D7B70F6236D3-SegmentedRaftLogWorker] INFO  segmented.SegmentedRaftLogWorker (SegmentedRaftLogWorker.java:execute(715)) - s3@group-D7B70F6236D3-SegmentedRaftLogWorker: Truncated log file /home/runner/work/ratis/ratis/ratis-test/target/test/data/f7ba0e94/MiniRaftClusterWithGrpc35e999b0/s3/636f46cf-4f82-4ac4-8690-d7b70f6236d3/current/log_inprogress_256 to length 23 and moved it to /home/runner/work/ratis/ratis/ratis-test/target/test/data/f7ba0e94/MiniRaftClusterWithGrpc35e999b0/s3/636f46cf-4f82-4ac4-8690-d7b70f6236d3/current/log_256-256
2024-09-29 22:58:05,299 [s4-server-thread2] INFO  server.RaftServer$Division (RaftServerImpl.java:appendEntriesAsync(1611)) - s4@group-D7B70F6236D3: appendEntries* reply s2<-s4#1:FAIL-t2,INCONSISTENCY,nextIndex=257,followerCommit=256,matchIndex=-1
2024-09-29 22:58:05,299 [s3@group-D7B70F6236D3-SegmentedRaftLogWorker] INFO  segmented.SegmentedRaftLogWorker (SegmentedRaftLogWorker.java:lambda$new$0(138)) - s3@group-D7B70F6236D3-SegmentedRaftLogWorker: flushIndex: setUnconditionally 257 -> 256
2024-09-29 22:58:05,299 [s3@group-D7B70F6236D3-SegmentedRaftLogWorker] INFO  segmented.SegmentedRaftLogWorker (SegmentedRaftLogWorker.java:lambda$new$0(138)) - s3@group-D7B70F6236D3-SegmentedRaftLogWorker: safeCacheEvictIndex: setUnconditionally 255 -> 256
2024-09-29 22:58:05,299 [s3@group-D7B70F6236D3-SegmentedRaftLogWorker] INFO  segmented.BufferedWriteChannel (BufferedWriteChannel.java:open(61)) - open log_inprogress_257 at position 0
2024-09-29 22:58:05,300 [grpc-default-executor-16] WARN  server.GrpcLogAppender (GrpcLogAppender.java:onNextImpl(528)) - s2@group-D7B70F6236D3->s4-AppendLogResponseHandler: received INCONSISTENCY reply with nextIndex 257, errorCount=3, request=AppendEntriesRequest:cid=1,entriesCount=258,entries=(t:1, i:1)...(t:2, i:258)
2024-09-29 22:58:05,300 [grpc-default-executor-16] INFO  leader.FollowerInfo (FollowerInfoImpl.java:info(70)) - s2@group-D7B70F6236D3->s4: setNextIndex nextIndex: updateUnconditionally 259 -> 257
2024-09-29 22:58:05,300 [s4-server-thread2] INFO  server.RaftServer$Division (ServerState.java:setRaftConf(386)) - s4@group-D7B70F6236D3: set configuration conf: {index: 257, cur=peers:[s0|localhost:15026, s1|localhost:15030, s2|localhost:15034]|listeners:[], old=null}
2024-09-29 22:58:05,300 [s4-server-thread2] INFO  segmented.SegmentedRaftLogWorker (SegmentedRaftLogWorker.java:truncate(455)) - s4@group-D7B70F6236D3-SegmentedRaftLogWorker: Truncating segments toTruncate: (256, 257) isOpen? true, length=23, newEndIndex=256
  toDelete: [], start index 257
2024-09-29 22:58:05,301 [s4-server-thread2] INFO  segmented.SegmentedRaftLogWorker (SegmentedRaftLogWorker.java:startLogSegment(438)) - s4@group-D7B70F6236D3-SegmentedRaftLogWorker: Starting segment from index:257
2024-09-29 22:58:05,302 [s4@group-D7B70F6236D3-SegmentedRaftLogWorker] TRACE util.FileUtils (LogUtils.java:runAndLog(49)) - Successfully ran FileChannel.truncate /home/runner/work/ratis/ratis/ratis-test/target/test/data/f7ba0e94/MiniRaftClusterWithGrpc35e999b0/s4/636f46cf-4f82-4ac4-8690-d7b70f6236d3/current/log_inprogress_256 length: 599 -> 23
2024-09-29 22:58:05,302 [s4@group-D7B70F6236D3-SegmentedRaftLogWorker] TRACE util.FileUtils (LogUtils.java:runAndLog(49)) - Successfully ran Atomic Files.move /home/runner/work/ratis/ratis/ratis-test/target/test/data/f7ba0e94/MiniRaftClusterWithGrpc35e999b0/s4/636f46cf-4f82-4ac4-8690-d7b70f6236d3/current/log_inprogress_256 to /home/runner/work/ratis/ratis/ratis-test/target/test/data/f7ba0e94/MiniRaftClusterWithGrpc35e999b0/s4/636f46cf-4f82-4ac4-8690-d7b70f6236d3/current/log_256-256
2024-09-29 22:58:05,302 [s4@group-D7B70F6236D3-SegmentedRaftLogWorker] INFO  segmented.SegmentedRaftLogWorker (SegmentedRaftLogWorker.java:execute(715)) - s4@group-D7B70F6236D3-SegmentedRaftLogWorker: Truncated log file /home/runner/work/ratis/ratis/ratis-test/target/test/data/f7ba0e94/MiniRaftClusterWithGrpc35e999b0/s4/636f46cf-4f82-4ac4-8690-d7b70f6236d3/current/log_inprogress_256 to length 23 and moved it to /home/runner/work/ratis/ratis/ratis-test/target/test/data/f7ba0e94/MiniRaftClusterWithGrpc35e999b0/s4/636f46cf-4f82-4ac4-8690-d7b70f6236d3/current/log_256-256
2024-09-29 22:58:05,302 [s4@group-D7B70F6236D3-SegmentedRaftLogWorker] INFO  segmented.SegmentedRaftLogWorker (SegmentedRaftLogWorker.java:lambda$new$0(138)) - s4@group-D7B70F6236D3-SegmentedRaftLogWorker: flushIndex: setUnconditionally 257 -> 256
2024-09-29 22:58:05,302 [s4@group-D7B70F6236D3-SegmentedRaftLogWorker] INFO  segmented.SegmentedRaftLogWorker (SegmentedRaftLogWorker.java:lambda$new$0(138)) - s4@group-D7B70F6236D3-SegmentedRaftLogWorker: safeCacheEvictIndex: setUnconditionally 255 -> 256
2024-09-29 22:58:05,302 [s4@group-D7B70F6236D3-SegmentedRaftLogWorker] INFO  segmented.BufferedWriteChannel (BufferedWriteChannel.java:open(61)) - open log_inprogress_257 at position 0
2024-09-29 22:58:05,314 [s3@group-D7B70F6236D3-SegmentedRaftLogWorker] INFO  segmented.SegmentedRaftLogWorker (SegmentedRaftLogWorker.java:execute(660)) - s3@group-D7B70F6236D3-SegmentedRaftLogWorker: created new log segment /home/runner/work/ratis/ratis/ratis-test/target/test/data/f7ba0e94/MiniRaftClusterWithGrpc35e999b0/s3/636f46cf-4f82-4ac4-8690-d7b70f6236d3/current/log_inprogress_257
2024-09-29 22:58:05,314 [s4@group-D7B70F6236D3-SegmentedRaftLogWorker] INFO  segmented.SegmentedRaftLogWorker (SegmentedRaftLogWorker.java:execute(660)) - s4@group-D7B70F6236D3-SegmentedRaftLogWorker: created new log segment /home/runner/work/ratis/ratis/ratis-test/target/test/data/f7ba0e94/MiniRaftClusterWithGrpc35e999b0/s4/636f46cf-4f82-4ac4-8690-d7b70f6236d3/current/log_inprogress_257
2024-09-29 22:58:05,315 [s3@group-D7B70F6236D3-StateMachineUpdater] TRACE util.FileUtils (LogUtils.java:supplyAndLog(69)) - Successfully supplied FileChannel.open /home/runner/work/ratis/ratis/ratis-test/target/test/data/f7ba0e94/MiniRaftClusterWithGrpc35e999b0/s3/636f46cf-4f82-4ac4-8690-d7b70f6236d3/current/raft-meta.conf.tmp with options [CREATE, WRITE]: sun.nio.ch.FileChannelImpl@1134c597
2024-09-29 22:58:05,316 [s2@group-D7B70F6236D3-LeaderStateImpl] INFO  server.RaftServer$Division (ServerState.java:setRaftConf(386)) - s2@group-D7B70F6236D3: set configuration conf: {index: 259, cur=peers:[s3|0.0.0.0:15038, s4|0.0.0.0:15039, s0|localhost:15026, s1|localhost:15030, s2|localhost:15034]|listeners:[], old=peers:[s0|localhost:15026, s1|localhost:15030, s2|localhost:15034]|listeners:[]}
2024-09-29 22:58:05,317 [s3@group-D7B70F6236D3-StateMachineUpdater] TRACE util.FileUtils (LogUtils.java:runAndLog(49)) - Successfully ran Atomic Files.move /home/runner/work/ratis/ratis/ratis-test/target/test/data/f7ba0e94/MiniRaftClusterWithGrpc35e999b0/s3/636f46cf-4f82-4ac4-8690-d7b70f6236d3/current/raft-meta.conf.tmp to /home/runner/work/ratis/ratis/ratis-test/target/test/data/f7ba0e94/MiniRaftClusterWithGrpc35e999b0/s3/636f46cf-4f82-4ac4-8690-d7b70f6236d3/current/raft-meta.conf with options [REPLACE_EXISTING]
2024-09-29 22:58:05,317 [s4@group-D7B70F6236D3-StateMachineUpdater] TRACE util.FileUtils (LogUtils.java:supplyAndLog(69)) - Successfully supplied FileChannel.open /home/runner/work/ratis/ratis/ratis-test/target/test/data/f7ba0e94/MiniRaftClusterWithGrpc35e999b0/s4/636f46cf-4f82-4ac4-8690-d7b70f6236d3/current/raft-meta.conf.tmp with options [CREATE, WRITE]: sun.nio.ch.FileChannelImpl@5d754450
2024-09-29 22:58:05,319 [s4@group-D7B70F6236D3-StateMachineUpdater] TRACE util.FileUtils (LogUtils.java:runAndLog(49)) - Successfully ran Atomic Files.move /home/runner/work/ratis/ratis/ratis-test/target/test/data/f7ba0e94/MiniRaftClusterWithGrpc35e999b0/s4/636f46cf-4f82-4ac4-8690-d7b70f6236d3/current/raft-meta.conf.tmp to /home/runner/work/ratis/ratis/ratis-test/target/test/data/f7ba0e94/MiniRaftClusterWithGrpc35e999b0/s4/636f46cf-4f82-4ac4-8690-d7b70f6236d3/current/raft-meta.conf with options [REPLACE_EXISTING]
2024-09-29 22:58:05,319 [s4-server-thread2] INFO  server.RaftServer$Division (ServerState.java:setRaftConf(386)) - s4@group-D7B70F6236D3: set configuration conf: {index: 259, cur=peers:[s3|0.0.0.0:15038, s4|0.0.0.0:15039, s0|localhost:15026, s1|localhost:15030, s2|localhost:15034]|listeners:[], old=peers:[s0|localhost:15026, s1|localhost:15030, s2|localhost:15034]|listeners:[]}
2024-09-29 22:58:05,320 [s3-server-thread3] INFO  server.RaftServer$Division (ServerState.java:setRaftConf(386)) - s3@group-D7B70F6236D3: set configuration conf: {index: 259, cur=peers:[s3|0.0.0.0:15038, s4|0.0.0.0:15039, s0|localhost:15026, s1|localhost:15030, s2|localhost:15034]|listeners:[], old=peers:[s0|localhost:15026, s1|localhost:15030, s2|localhost:15034]|listeners:[]}
2024-09-29 22:58:05,321 [s1-server-thread3] INFO  server.RaftServer$Division (ServerState.java:setRaftConf(386)) - s1@group-D7B70F6236D3: set configuration conf: {index: 259, cur=peers:[s3|0.0.0.0:15038, s4|0.0.0.0:15039, s0|localhost:15026, s1|localhost:15030, s2|localhost:15034]|listeners:[], old=peers:[s0|localhost:15026, s1|localhost:15030, s2|localhost:15034]|listeners:[]}
2024-09-29 22:58:05,322 [s2@group-D7B70F6236D3-LeaderStateImpl] INFO  server.RaftServer$Division (ServerState.java:setRaftConf(386)) - s2@group-D7B70F6236D3: set configuration conf: {index: 261, cur=peers:[s3|0.0.0.0:15038, s4|0.0.0.0:15039, s0|localhost:15026, s1|localhost:15030, s2|localhost:15034]|listeners:[], old=null}
2024-09-29 22:58:05,322 [s2@group-D7B70F6236D3-StateMachineUpdater] TRACE util.FileUtils (LogUtils.java:supplyAndLog(69)) - Successfully supplied FileChannel.open /home/runner/work/ratis/ratis/ratis-test/target/test/data/f7ba0e94/MiniRaftClusterWithGrpc35e999b0/s2/636f46cf-4f82-4ac4-8690-d7b70f6236d3/current/raft-meta.conf.tmp with options [CREATE, WRITE]: sun.nio.ch.FileChannelImpl@6a312f78
2024-09-29 22:58:05,323 [s4-server-thread2] INFO  server.RaftServer$Division (ServerState.java:setRaftConf(386)) - s4@group-D7B70F6236D3: set configuration conf: {index: 261, cur=peers:[s3|0.0.0.0:15038, s4|0.0.0.0:15039, s0|localhost:15026, s1|localhost:15030, s2|localhost:15034]|listeners:[], old=null}
2024-09-29 22:58:05,324 [s4@group-D7B70F6236D3-StateMachineUpdater] TRACE util.FileUtils (LogUtils.java:supplyAndLog(69)) - Successfully supplied FileChannel.open /home/runner/work/ratis/ratis/ratis-test/target/test/data/f7ba0e94/MiniRaftClusterWithGrpc35e999b0/s4/636f46cf-4f82-4ac4-8690-d7b70f6236d3/current/raft-meta.conf.tmp with options [CREATE, WRITE]: sun.nio.ch.FileChannelImpl@53b2a18e
2024-09-29 22:58:05,325 [s3-server-thread3] INFO  server.RaftServer$Division (ServerState.java:setRaftConf(386)) - s3@group-D7B70F6236D3: set configuration conf: {index: 261, cur=peers:[s3|0.0.0.0:15038, s4|0.0.0.0:15039, s0|localhost:15026, s1|localhost:15030, s2|localhost:15034]|listeners:[], old=null}
2024-09-29 22:58:05,325 [s2@group-D7B70F6236D3-StateMachineUpdater] TRACE util.FileUtils (LogUtils.java:runAndLog(49)) - Successfully ran Atomic Files.move /home/runner/work/ratis/ratis/ratis-test/target/test/data/f7ba0e94/MiniRaftClusterWithGrpc35e999b0/s2/636f46cf-4f82-4ac4-8690-d7b70f6236d3/current/raft-meta.conf.tmp to /home/runner/work/ratis/ratis/ratis-test/target/test/data/f7ba0e94/MiniRaftClusterWithGrpc35e999b0/s2/636f46cf-4f82-4ac4-8690-d7b70f6236d3/current/raft-meta.conf with options [REPLACE_EXISTING]
2024-09-29 22:58:05,328 [s1-server-thread3] INFO  server.RaftServer$Division (ServerState.java:setRaftConf(386)) - s1@group-D7B70F6236D3: set configuration conf: {index: 261, cur=peers:[s3|0.0.0.0:15038, s4|0.0.0.0:15039, s0|localhost:15026, s1|localhost:15030, s2|localhost:15034]|listeners:[], old=null}
2024-09-29 22:58:05,328 [s4@group-D7B70F6236D3-StateMachineUpdater] TRACE util.FileUtils (LogUtils.java:runAndLog(49)) - Successfully ran Atomic Files.move /home/runner/work/ratis/ratis/ratis-test/target/test/data/f7ba0e94/MiniRaftClusterWithGrpc35e999b0/s4/636f46cf-4f82-4ac4-8690-d7b70f6236d3/current/raft-meta.conf.tmp to /home/runner/work/ratis/ratis/ratis-test/target/test/data/f7ba0e94/MiniRaftClusterWithGrpc35e999b0/s4/636f46cf-4f82-4ac4-8690-d7b70f6236d3/current/raft-meta.conf with options [REPLACE_EXISTING]
2024-09-29 22:58:05,328 [s3@group-D7B70F6236D3-StateMachineUpdater] TRACE util.FileUtils (LogUtils.java:supplyAndLog(69)) - Successfully supplied FileChannel.open /home/runner/work/ratis/ratis/ratis-test/target/test/data/f7ba0e94/MiniRaftClusterWithGrpc35e999b0/s3/636f46cf-4f82-4ac4-8690-d7b70f6236d3/current/raft-meta.conf.tmp with options [CREATE, WRITE]: sun.nio.ch.FileChannelImpl@1ff329c1
2024-09-29 22:58:05,328 [s1@group-D7B70F6236D3-StateMachineUpdater] TRACE util.FileUtils (LogUtils.java:supplyAndLog(69)) - Successfully supplied FileChannel.open /home/runner/work/ratis/ratis/ratis-test/target/test/data/f7ba0e94/MiniRaftClusterWithGrpc35e999b0/s1/636f46cf-4f82-4ac4-8690-d7b70f6236d3/current/raft-meta.conf.tmp with options [CREATE, WRITE]: sun.nio.ch.FileChannelImpl@2c51965d
2024-09-29 22:58:05,331 [s2@group-D7B70F6236D3-StateMachineUpdater] TRACE util.FileUtils (LogUtils.java:supplyAndLog(69)) - Successfully supplied FileChannel.open /home/runner/work/ratis/ratis/ratis-test/target/test/data/f7ba0e94/MiniRaftClusterWithGrpc35e999b0/s2/636f46cf-4f82-4ac4-8690-d7b70f6236d3/current/raft-meta.conf.tmp with options [CREATE, WRITE]: sun.nio.ch.FileChannelImpl@2f33ac5a
2024-09-29 22:58:05,331 [s1@group-D7B70F6236D3-StateMachineUpdater] TRACE util.FileUtils (LogUtils.java:runAndLog(49)) - Successfully ran Atomic Files.move /home/runner/work/ratis/ratis/ratis-test/target/test/data/f7ba0e94/MiniRaftClusterWithGrpc35e999b0/s1/636f46cf-4f82-4ac4-8690-d7b70f6236d3/current/raft-meta.conf.tmp to /home/runner/work/ratis/ratis/ratis-test/target/test/data/f7ba0e94/MiniRaftClusterWithGrpc35e999b0/s1/636f46cf-4f82-4ac4-8690-d7b70f6236d3/current/raft-meta.conf with options [REPLACE_EXISTING]
2024-09-29 22:58:05,331 [s3@group-D7B70F6236D3-StateMachineUpdater] TRACE util.FileUtils (LogUtils.java:runAndLog(49)) - Successfully ran Atomic Files.move /home/runner/work/ratis/ratis/ratis-test/target/test/data/f7ba0e94/MiniRaftClusterWithGrpc35e999b0/s3/636f46cf-4f82-4ac4-8690-d7b70f6236d3/current/raft-meta.conf.tmp to /home/runner/work/ratis/ratis/ratis-test/target/test/data/f7ba0e94/MiniRaftClusterWithGrpc35e999b0/s3/636f46cf-4f82-4ac4-8690-d7b70f6236d3/current/raft-meta.conf with options [REPLACE_EXISTING]
2024-09-29 22:58:05,332 [main] INFO  util.CodeInjectionForTesting (BlockRequestHandlingInjection.java:unblockRequestor(54)) - UnBlock requestor s0
2024-09-29 22:58:05,336 [s1@group-D7B70F6236D3-StateMachineUpdater] TRACE util.FileUtils (LogUtils.java:supplyAndLog(69)) - Successfully supplied FileChannel.open /home/runner/work/ratis/ratis/ratis-test/target/test/data/f7ba0e94/MiniRaftClusterWithGrpc35e999b0/s1/636f46cf-4f82-4ac4-8690-d7b70f6236d3/current/raft-meta.conf.tmp with options [CREATE, WRITE]: sun.nio.ch.FileChannelImpl@69530db3
2024-09-29 22:58:05,336 [s2@group-D7B70F6236D3-StateMachineUpdater] TRACE util.FileUtils (LogUtils.java:runAndLog(49)) - Successfully ran Atomic Files.move /home/runner/work/ratis/ratis/ratis-test/target/test/data/f7ba0e94/MiniRaftClusterWithGrpc35e999b0/s2/636f46cf-4f82-4ac4-8690-d7b70f6236d3/current/raft-meta.conf.tmp to /home/runner/work/ratis/ratis/ratis-test/target/test/data/f7ba0e94/MiniRaftClusterWithGrpc35e999b0/s2/636f46cf-4f82-4ac4-8690-d7b70f6236d3/current/raft-meta.conf with options [REPLACE_EXISTING]
2024-09-29 22:58:05,339 [s4@group-D7B70F6236D3-StateMachineUpdater] TRACE util.FileUtils (LogUtils.java:supplyAndLog(69)) - Successfully supplied FileChannel.open /home/runner/work/ratis/ratis/ratis-test/target/test/data/f7ba0e94/MiniRaftClusterWithGrpc35e999b0/s4/636f46cf-4f82-4ac4-8690-d7b70f6236d3/current/raft-meta.conf.tmp with options [CREATE, WRITE]: sun.nio.ch.FileChannelImpl@578d2f20
2024-09-29 22:58:05,339 [s1@group-D7B70F6236D3-StateMachineUpdater] TRACE util.FileUtils (LogUtils.java:runAndLog(49)) - Successfully ran Atomic Files.move /home/runner/work/ratis/ratis/ratis-test/target/test/data/f7ba0e94/MiniRaftClusterWithGrpc35e999b0/s1/636f46cf-4f82-4ac4-8690-d7b70f6236d3/current/raft-meta.conf.tmp to /home/runner/work/ratis/ratis/ratis-test/target/test/data/f7ba0e94/MiniRaftClusterWithGrpc35e999b0/s1/636f46cf-4f82-4ac4-8690-d7b70f6236d3/current/raft-meta.conf with options [REPLACE_EXISTING]
2024-09-29 22:58:05,341 [s3@group-D7B70F6236D3-StateMachineUpdater] TRACE util.FileUtils (LogUtils.java:supplyAndLog(69)) - Successfully supplied FileChannel.open /home/runner/work/ratis/ratis/ratis-test/target/test/data/f7ba0e94/MiniRaftClusterWithGrpc35e999b0/s3/636f46cf-4f82-4ac4-8690-d7b70f6236d3/current/raft-meta.conf.tmp with options [CREATE, WRITE]: sun.nio.ch.FileChannelImpl@1bccaee7
2024-09-29 22:58:05,341 [s4@group-D7B70F6236D3-StateMachineUpdater] TRACE util.FileUtils (LogUtils.java:runAndLog(49)) - Successfully ran Atomic Files.move /home/runner/work/ratis/ratis/ratis-test/target/test/data/f7ba0e94/MiniRaftClusterWithGrpc35e999b0/s4/636f46cf-4f82-4ac4-8690-d7b70f6236d3/current/raft-meta.conf.tmp to /home/runner/work/ratis/ratis/ratis-test/target/test/data/f7ba0e94/MiniRaftClusterWithGrpc35e999b0/s4/636f46cf-4f82-4ac4-8690-d7b70f6236d3/current/raft-meta.conf with options [REPLACE_EXISTING]
2024-09-29 22:58:05,341 [s2@group-D7B70F6236D3-StateMachineUpdater] INFO  impl.SimpleStateMachine4Testing (SimpleStateMachine4Testing.java:applyTransaction(251)) - applyTransaction for log index 263
2024-09-29 22:58:05,341 [s2@group-D7B70F6236D3-StateMachineUpdater] INFO  impl.SimpleStateMachine4Testing (SimpleStateMachine4Testing.java:put(207)) - s2: put 263, final -> (t:2, i:263), STATEMACHINELOGENTRY, WRITE: logData.size=5, stateMachineData.size=17, logEntryProtoSerializedSize=0
2024-09-29 22:58:05,343 [s3@group-D7B70F6236D3-StateMachineUpdater] TRACE util.FileUtils (LogUtils.java:runAndLog(49)) - Successfully ran Atomic Files.move /home/runner/work/ratis/ratis/ratis-test/target/test/data/f7ba0e94/MiniRaftClusterWithGrpc35e999b0/s3/636f46cf-4f82-4ac4-8690-d7b70f6236d3/current/raft-meta.conf.tmp to /home/runner/work/ratis/ratis/ratis-test/target/test/data/f7ba0e94/MiniRaftClusterWithGrpc35e999b0/s3/636f46cf-4f82-4ac4-8690-d7b70f6236d3/current/raft-meta.conf with options [REPLACE_EXISTING]
2024-09-29 22:58:05,343 [s1@group-D7B70F6236D3-StateMachineUpdater] INFO  impl.SimpleStateMachine4Testing (SimpleStateMachine4Testing.java:applyTransaction(251)) - applyTransaction for log index 263
2024-09-29 22:58:05,343 [s1@group-D7B70F6236D3-StateMachineUpdater] INFO  impl.SimpleStateMachine4Testing (SimpleStateMachine4Testing.java:put(207)) - s1: put 263, final -> (t:2, i:263), STATEMACHINELOGENTRY, WRITE: logData.size=5, stateMachineData.size=17, logEntryProtoSerializedSize=0
2024-09-29 22:58:05,345 [s4@group-D7B70F6236D3-StateMachineUpdater] INFO  impl.SimpleStateMachine4Testing (SimpleStateMachine4Testing.java:applyTransaction(251)) - applyTransaction for log index 263
2024-09-29 22:58:05,345 [s4@group-D7B70F6236D3-StateMachineUpdater] INFO  impl.SimpleStateMachine4Testing (SimpleStateMachine4Testing.java:put(207)) - s4: put 263, final -> (t:2, i:263), STATEMACHINELOGENTRY, WRITE: logData.size=5, stateMachineData.size=17, logEntryProtoSerializedSize=0
2024-09-29 22:58:05,346 [s3@group-D7B70F6236D3-StateMachineUpdater] INFO  impl.SimpleStateMachine4Testing (SimpleStateMachine4Testing.java:applyTransaction(251)) - applyTransaction for log index 263
2024-09-29 22:58:05,346 [s3@group-D7B70F6236D3-StateMachineUpdater] INFO  impl.SimpleStateMachine4Testing (SimpleStateMachine4Testing.java:put(207)) - s3: put 263, final -> (t:2, i:263), STATEMACHINELOGENTRY, WRITE: logData.size=5, stateMachineData.size=17, logEntryProtoSerializedSize=0
2024-09-29 22:58:05,353 [main] INFO  impl.MiniRaftCluster (MiniRaftCluster.java:shutdown(837)) - ************************************************************** 
2024-09-29 22:58:05,354 [main] INFO  impl.MiniRaftCluster (MiniRaftCluster.java:shutdown(838)) - *** 
2024-09-29 22:58:05,354 [main] INFO  impl.MiniRaftCluster (MiniRaftCluster.java:shutdown(839)) - ***     Stopping MiniRaftClusterWithGrpc
2024-09-29 22:58:05,354 [main] INFO  impl.MiniRaftCluster (MiniRaftCluster.java:shutdown(840)) - *** 
2024-09-29 22:58:05,354 [main] INFO  impl.MiniRaftCluster (MiniRaftCluster.java:shutdown(841)) - ************************************************************** 
2024-09-29 22:58:05,355 [main] INFO  impl.MiniRaftCluster (MiniRaftCluster.java:shutdown(842)) - printing ALL groups
  s3:  RUNNING  FOLLOWER s3@group-D7B70F6236D3:t2, leader=s2, voted=null, raftlog=Memoized:s3@group-D7B70F6236D3-SegmentedRaftLog:OPENED:c263:last(t:2, i:264), conf=conf: {index: 261, cur=peers:[s3|0.0.0.0:15038, s4|0.0.0.0:15039, s0|localhost:15026, s1|localhost:15030, s2|localhost:15034]|listeners:[], old=null} RUNNING
  s4:  RUNNING  FOLLOWER s4@group-D7B70F6236D3:t2, leader=s2, voted=null, raftlog=Memoized:s4@group-D7B70F6236D3-SegmentedRaftLog:OPENED:c263:last(t:2, i:264), conf=conf: {index: 261, cur=peers:[s3|0.0.0.0:15038, s4|0.0.0.0:15039, s0|localhost:15026, s1|localhost:15030, s2|localhost:15034]|listeners:[], old=null} RUNNING
  s0:  RUNNING  FOLLOWER s0@group-D7B70F6236D3:t1, leader=null, voted=s0, raftlog=Memoized:s0@group-D7B70F6236D3-SegmentedRaftLog:OPENED:c256:last(t:1, i:257), conf=conf: {index: 257, cur=peers:[s3|0.0.0.0:15038, s4|0.0.0.0:15039, s0|localhost:15026, s1|localhost:15030, s2|localhost:15034]|listeners:[], old=peers:[s0|localhost:15026, s1|localhost:15030, s2|localhost:15034]|listeners:[]} RUNNING
  s1:  RUNNING  FOLLOWER s1@group-D7B70F6236D3:t2, leader=s2, voted=s2, raftlog=Memoized:s1@group-D7B70F6236D3-SegmentedRaftLog:OPENED:c263:last(t:2, i:264), conf=conf: {index: 261, cur=peers:[s3|0.0.0.0:15038, s4|0.0.0.0:15039, s0|localhost:15026, s1|localhost:15030, s2|localhost:15034]|listeners:[], old=null} RUNNING
  s2:  RUNNING    LEADER s2@group-D7B70F6236D3:t2, leader=s2, voted=s2, raftlog=Memoized:s2@group-D7B70F6236D3-SegmentedRaftLog:OPENED:c264:last(t:2, i:264), conf=conf: {index: 261, cur=peers:[s3|0.0.0.0:15038, s4|0.0.0.0:15039, s0|localhost:15026, s1|localhost:15030, s2|localhost:15034]|listeners:[], old=null} RUNNING
2024-09-29 22:58:05,355 [MiniRaftCluster-12] INFO  server.RaftServer (RaftServerProxy.java:lambda$close$9(418)) - s3: close
2024-09-29 22:58:05,355 [MiniRaftCluster-13] INFO  server.RaftServer (RaftServerProxy.java:lambda$close$9(418)) - s4: close
2024-09-29 22:58:05,361 [s3-impl-thread1] INFO  server.RaftServer$Division (RaftServerImpl.java:lambda$close$1(510)) - s3@group-D7B70F6236D3: shutdown
2024-09-29 22:58:05,361 [s4-impl-thread1] INFO  server.RaftServer$Division (RaftServerImpl.java:lambda$close$1(510)) - s4@group-D7B70F6236D3: shutdown
2024-09-29 22:58:05,361 [MiniRaftCluster-13] INFO  server.GrpcService (GrpcService.java:closeImpl(350)) - s4: shutdown server GrpcServerProtocolService now
2024-09-29 22:58:05,361 [MiniRaftCluster-12] INFO  server.GrpcService (GrpcService.java:closeImpl(350)) - s3: shutdown server GrpcServerProtocolService now
2024-09-29 22:58:05,361 [s4-impl-thread1] INFO  util.JmxRegister (JmxRegister.java:unregister(74)) - Successfully un-registered JMX Bean with object name Ratis:service=RaftServer,group=group-D7B70F6236D3,id=s4
2024-09-29 22:58:05,361 [s4-impl-thread1] INFO  impl.RoleInfo (RoleInfo.java:shutdownFollowerState(119)) - s4: shutdown s4@group-D7B70F6236D3-FollowerState
2024-09-29 22:58:05,361 [s3-impl-thread1] INFO  util.JmxRegister (JmxRegister.java:unregister(74)) - Successfully un-registered JMX Bean with object name Ratis:service=RaftServer,group=group-D7B70F6236D3,id=s3
2024-09-29 22:58:05,362 [s3-impl-thread1] INFO  impl.RoleInfo (RoleInfo.java:shutdownFollowerState(119)) - s3: shutdown s3@group-D7B70F6236D3-FollowerState
2024-09-29 22:58:05,361 [MiniRaftCluster-14] INFO  server.RaftServer (RaftServerProxy.java:lambda$close$9(418)) - s0: close
2024-09-29 22:58:05,362 [MiniRaftCluster-15] INFO  server.RaftServer (RaftServerProxy.java:lambda$close$9(418)) - s1: close
2024-09-29 22:58:05,365 [s3-impl-thread1] INFO  impl.StateMachineUpdater (StateMachineUpdater.java:stopAndJoin(164)) - s3@group-D7B70F6236D3-StateMachineUpdater: set stopIndex = 263
2024-09-29 22:58:05,365 [MiniRaftCluster-14] INFO  server.GrpcService (GrpcService.java:closeImpl(350)) - s0: shutdown server org.apache.ratis.grpc.server.GrpcClientProtocolService now
2024-09-29 22:58:05,365 [s4@group-D7B70F6236D3-FollowerState] INFO  impl.FollowerState (FollowerState.java:run(153)) - s4@group-D7B70F6236D3-FollowerState was interrupted
2024-09-29 22:58:05,365 [MiniRaftCluster-15] INFO  server.GrpcService (GrpcService.java:closeImpl(350)) - s1: shutdown server org.apache.ratis.grpc.server.GrpcClientProtocolService now
2024-09-29 22:58:05,365 [s4-impl-thread1] INFO  impl.StateMachineUpdater (StateMachineUpdater.java:stopAndJoin(164)) - s4@group-D7B70F6236D3-StateMachineUpdater: set stopIndex = 263
2024-09-29 22:58:05,365 [s0-impl-thread1] INFO  server.RaftServer$Division (RaftServerImpl.java:lambda$close$1(510)) - s0@group-D7B70F6236D3: shutdown
2024-09-29 22:58:05,365 [s4@group-D7B70F6236D3-StateMachineUpdater] TRACE util.FileUtils (FileUtils.java:deleteFully(305)) - deleteFully /tmp/ratis-tests/statemachine/s4/snapshot/2_263
2024-09-29 22:58:05,365 [s4@group-D7B70F6236D3-StateMachineUpdater] TRACE util.FileUtils (FileUtils.java:deleteFully(318)) - deleteFully: /tmp/ratis-tests/statemachine/s4/snapshot/2_263 does not exist.
2024-09-29 22:58:05,365 [s4@group-D7B70F6236D3-StateMachineUpdater] TRACE util.FileUtils (FileUtils.java:deleteFully(305)) - deleteFully /tmp/ratis-tests/statemachine/s4/tmp/34eaf4d8-a5b4-4a98-a7a9-9a7be2879194
2024-09-29 22:58:05,366 [s4@group-D7B70F6236D3-StateMachineUpdater] TRACE util.FileUtils (FileUtils.java:deleteFully(318)) - deleteFully: /tmp/ratis-tests/statemachine/s4/tmp/34eaf4d8-a5b4-4a98-a7a9-9a7be2879194 does not exist.
2024-09-29 22:58:05,366 [s4@group-D7B70F6236D3-StateMachineUpdater] TRACE util.FileUtils (LogUtils.java:runAndLog(49)) - Successfully ran Atomic Files.move /tmp/ratis-tests/statemachine/s4/tmp/34eaf4d8-a5b4-4a98-a7a9-9a7be2879194 to /tmp/ratis-tests/statemachine/s4/snapshot/2_263
2024-09-29 22:58:05,366 [s4@group-D7B70F6236D3-StateMachineUpdater] INFO  impl.StateMachineUpdater (StateMachineUpdater.java:takeSnapshot(308)) - s4@group-D7B70F6236D3-StateMachineUpdater: Took a snapshot at index 263
2024-09-29 22:58:05,366 [s4@group-D7B70F6236D3-StateMachineUpdater] INFO  impl.StateMachineUpdater (StateMachineUpdater.java:lambda$new$0(102)) - s4@group-D7B70F6236D3-StateMachineUpdater: snapshotIndex: updateIncreasingly 255 -> 263
2024-09-29 22:58:05,366 [s4@group-D7B70F6236D3-StateMachineUpdater] INFO  impl.StateMachineUpdater (StateMachineUpdater.java:stop(141)) - s4@group-D7B70F6236D3-StateMachineUpdater: closing StateMachineWithSeparatedSnapshotPath, lastApplied=(t:2, i:263)
2024-09-29 22:58:05,365 [s3@group-D7B70F6236D3-FollowerState] INFO  impl.FollowerState (FollowerState.java:run(153)) - s3@group-D7B70F6236D3-FollowerState was interrupted
2024-09-29 22:58:05,365 [s3@group-D7B70F6236D3-StateMachineUpdater] TRACE util.FileUtils (FileUtils.java:deleteFully(305)) - deleteFully /tmp/ratis-tests/statemachine/s3/snapshot/2_263
2024-09-29 22:58:05,365 [s1-impl-thread1] INFO  server.RaftServer$Division (RaftServerImpl.java:lambda$close$1(510)) - s1@group-D7B70F6236D3: shutdown
2024-09-29 22:58:05,366 [s1-impl-thread1] INFO  util.JmxRegister (JmxRegister.java:unregister(74)) - Successfully un-registered JMX Bean with object name Ratis:service=RaftServer,group=group-D7B70F6236D3,id=s1
2024-09-29 22:58:05,366 [s1-impl-thread1] INFO  impl.RoleInfo (RoleInfo.java:shutdownFollowerState(119)) - s1: shutdown s1@group-D7B70F6236D3-FollowerState
2024-09-29 22:58:05,366 [s3@group-D7B70F6236D3-StateMachineUpdater] TRACE util.FileUtils (FileUtils.java:deleteFully(318)) - deleteFully: /tmp/ratis-tests/statemachine/s3/snapshot/2_263 does not exist.
2024-09-29 22:58:05,367 [s3@group-D7B70F6236D3-StateMachineUpdater] TRACE util.FileUtils (FileUtils.java:deleteFully(305)) - deleteFully /tmp/ratis-tests/statemachine/s3/tmp/90477dd4-dd02-446d-b135-4484d4e486ec
2024-09-29 22:58:05,367 [s3@group-D7B70F6236D3-StateMachineUpdater] TRACE util.FileUtils (FileUtils.java:deleteFully(318)) - deleteFully: /tmp/ratis-tests/statemachine/s3/tmp/90477dd4-dd02-446d-b135-4484d4e486ec does not exist.
2024-09-29 22:58:05,365 [s0-impl-thread1] INFO  util.JmxRegister (JmxRegister.java:unregister(74)) - Successfully un-registered JMX Bean with object name Ratis:service=RaftServer,group=group-D7B70F6236D3,id=s0
2024-09-29 22:58:05,367 [s0-impl-thread1] INFO  impl.RoleInfo (RoleInfo.java:shutdownFollowerState(119)) - s0: shutdown s0@group-D7B70F6236D3-FollowerState
2024-09-29 22:58:05,366 [grpc-default-executor-15] WARN  server.GrpcServerProtocolService (LogUtils.java:warn(121)) - s3: APPEND_ENTRIES onError, lastRequest: s2->s3#11-t2,previous=(t:2, i:263),leaderCommit=263,initializing? false,entries: size=1, first=(t:2, i:264), METADATAENTRY(c:263): org.apache.ratis.thirdparty.io.grpc.StatusRuntimeException: CANCELLED: client cancelled
2024-09-29 22:58:05,367 [s3@group-D7B70F6236D3-StateMachineUpdater] TRACE util.FileUtils (LogUtils.java:runAndLog(49)) - Successfully ran Atomic Files.move /tmp/ratis-tests/statemachine/s3/tmp/90477dd4-dd02-446d-b135-4484d4e486ec to /tmp/ratis-tests/statemachine/s3/snapshot/2_263
2024-09-29 22:58:05,367 [s3@group-D7B70F6236D3-StateMachineUpdater] INFO  impl.StateMachineUpdater (StateMachineUpdater.java:takeSnapshot(308)) - s3@group-D7B70F6236D3-StateMachineUpdater: Took a snapshot at index 263
2024-09-29 22:58:05,367 [s3@group-D7B70F6236D3-StateMachineUpdater] INFO  impl.StateMachineUpdater (StateMachineUpdater.java:lambda$new$0(102)) - s3@group-D7B70F6236D3-StateMachineUpdater: snapshotIndex: updateIncreasingly 255 -> 263
2024-09-29 22:58:05,367 [s3@group-D7B70F6236D3-StateMachineUpdater] INFO  impl.StateMachineUpdater (StateMachineUpdater.java:stop(141)) - s3@group-D7B70F6236D3-StateMachineUpdater: closing StateMachineWithSeparatedSnapshotPath, lastApplied=(t:2, i:263)
2024-09-29 22:58:05,368 [MiniRaftCluster-16] INFO  server.RaftServer (RaftServerProxy.java:lambda$close$9(418)) - s2: close
2024-09-29 22:58:05,369 [s0-impl-thread1] INFO  impl.StateMachineUpdater (StateMachineUpdater.java:stopAndJoin(164)) - s0@group-D7B70F6236D3-StateMachineUpdater: set stopIndex = 256
2024-09-29 22:58:05,369 [s0@group-D7B70F6236D3-FollowerState] INFO  impl.FollowerState (FollowerState.java:run(153)) - s0@group-D7B70F6236D3-FollowerState was interrupted
2024-09-29 22:58:05,369 [s0@group-D7B70F6236D3-StateMachineUpdater] TRACE util.FileUtils (FileUtils.java:deleteFully(305)) - deleteFully /tmp/ratis-tests/statemachine/s0/snapshot/1_256
2024-09-29 22:58:05,369 [s0@group-D7B70F6236D3-StateMachineUpdater] TRACE util.FileUtils (FileUtils.java:deleteFully(318)) - deleteFully: /tmp/ratis-tests/statemachine/s0/snapshot/1_256 does not exist.
2024-09-29 22:58:05,369 [s0@group-D7B70F6236D3-StateMachineUpdater] TRACE util.FileUtils (FileUtils.java:deleteFully(305)) - deleteFully /tmp/ratis-tests/statemachine/s0/tmp/8e6a4df6-05f8-4e17-b631-efb6d0f0ea10
2024-09-29 22:58:05,369 [s0@group-D7B70F6236D3-StateMachineUpdater] TRACE util.FileUtils (FileUtils.java:deleteFully(318)) - deleteFully: /tmp/ratis-tests/statemachine/s0/tmp/8e6a4df6-05f8-4e17-b631-efb6d0f0ea10 does not exist.
2024-09-29 22:58:05,369 [grpc-default-executor-16] WARN  server.GrpcLogAppender (LogUtils.java:warn(121)) - s2@group-D7B70F6236D3->s4-AppendLogResponseHandler: Failed appendEntries: org.apache.ratis.thirdparty.io.grpc.StatusRuntimeException: CANCELLED: RST_STREAM closed stream. HTTP/2 error code: CANCEL
2024-09-29 22:58:05,369 [s0@group-D7B70F6236D3-StateMachineUpdater] TRACE util.FileUtils (LogUtils.java:runAndLog(49)) - Successfully ran Atomic Files.move /tmp/ratis-tests/statemachine/s0/tmp/8e6a4df6-05f8-4e17-b631-efb6d0f0ea10 to /tmp/ratis-tests/statemachine/s0/snapshot/1_256
2024-09-29 22:58:05,369 [s0@group-D7B70F6236D3-StateMachineUpdater] INFO  impl.StateMachineUpdater (StateMachineUpdater.java:takeSnapshot(308)) - s0@group-D7B70F6236D3-StateMachineUpdater: Took a snapshot at index 256
2024-09-29 22:58:05,369 [s0@group-D7B70F6236D3-StateMachineUpdater] INFO  impl.StateMachineUpdater (StateMachineUpdater.java:lambda$new$0(102)) - s0@group-D7B70F6236D3-StateMachineUpdater: snapshotIndex: updateIncreasingly 255 -> 256
2024-09-29 22:58:05,370 [s0@group-D7B70F6236D3-StateMachineUpdater] INFO  impl.StateMachineUpdater (StateMachineUpdater.java:stop(141)) - s0@group-D7B70F6236D3-StateMachineUpdater: closing StateMachineWithSeparatedSnapshotPath, lastApplied=(t:1, i:256)
2024-09-29 22:58:05,370 [grpc-default-executor-15] WARN  server.GrpcLogAppender (LogUtils.java:warn(121)) - s2@group-D7B70F6236D3->s3-AppendLogResponseHandler: Failed appendEntries: org.apache.ratis.thirdparty.io.grpc.StatusRuntimeException: CANCELLED: RST_STREAM closed stream. HTTP/2 error code: CANCEL
2024-09-29 22:58:05,370 [grpc-default-executor-15] WARN  server.GrpcLogAppender (GrpcLogAppender.java:lambda$resetClient$1(221)) - s2@group-D7B70F6236D3->s3-GrpcLogAppender: Follower failed (request=null, errorCount=1); keep nextIndex (265) unchanged and retry.
2024-09-29 22:58:05,371 [s2-server-thread2] INFO  util.CodeInjectionForTesting (BlockRequestHandlingInjection.java:execute(84)) - s2: unBlock request from s0
2024-09-29 22:58:05,372 [s2-server-thread2] WARN  server.RaftServer$Division (ServerState.java:recognizeLeader(331)) - s2@group-D7B70F6236D3: Failed to recognize s0 as leader for APPEND_ENTRIES since peerTerm = 1 < currentTerm = 2
2024-09-29 22:58:05,372 [grpc-default-executor-6] INFO  server.GrpcServerProtocolService (GrpcServerProtocolService.java:onCompleted(200)) - s2: Completed APPEND_ENTRIES, lastRequest: s0->s2#478-t1,previous=(t:1, i:256),leaderCommit=256,initializing? false,entries: size=1, first=(t:1, i:257), CONFIGURATIONENTRY(current:id:"s3"address:"0.0.0.0:15038"clientAddress:"0.0.0.0:15038"adminAddress:"0.0.0.0:15038"startupRole:FOLLOWER, id:"s4"address:"0.0.0.0:15039"clientAddress:"0.0.0.0:15039"adminAddress:"0.0.0.0:15039"startupRole:FOLLOWER, id:"s0"address:"localhost:15026"dataStreamAddress:"localhost:15029"clientAddress:"localhost:15028"adminAddress:"localhost:15027"startupRole:FOLLOWER, id:"s1"address:"localhost:15030"dataStreamAddress:"localhost:15033"clientAddress:"localhost:15032"adminAddress:"localhost:15031"startupRole:FOLLOWER, id:"s2"address:"localhost:15034"dataStreamAddress:"localhost:15037"clientAddress:"localhost:15036"adminAddress:"localhost:15035"startupRole:FOLLOWER, old:id:"s0"address:"localhost:15026"dataStreamAddress:"localhost:15029"clientAddress:"localhost:15028"adminAddress:"localhost:15027"startupRole:FOLLOWER, id:"s1"address:"localhost:15030"dataStreamAddress:"localhost:15033"clientAddress:"localhost:15032"adminAddress:"localhost:15031"startupRole:FOLLOWER, id:"s2"address:"localhost:15034"dataStreamAddress:"localhost:15037"clientAddress:"localhost:15036"adminAddress:"localhost:15035"startupRole:FOLLOWER)
2024-09-29 22:58:05,372 [grpc-default-executor-6] INFO  server.GrpcServerProtocolService (GrpcServerProtocolService.java:lambda$onCompleted$7(202)) - s2: Completed APPEND_ENTRIES, lastReply: null
2024-09-29 22:58:05,373 [s1-server-thread1] INFO  util.CodeInjectionForTesting (BlockRequestHandlingInjection.java:execute(84)) - s1: unBlock request from s0
2024-09-29 22:58:05,373 [grpc-default-executor-7] WARN  server.GrpcServerProtocolService (LogUtils.java:warn(121)) - s4: APPEND_ENTRIES onError, lastRequest: s2->s4#9-t2,previous=(t:2, i:263),leaderCommit=263,initializing? false,entries: size=1, first=(t:2, i:264), METADATAENTRY(c:263): org.apache.ratis.thirdparty.io.grpc.StatusRuntimeException: CANCELLED: client cancelled
2024-09-29 22:58:05,373 [grpc-default-executor-13] WARN  server.GrpcServerProtocolService (LogUtils.java:warn(121)) - s3: APPEND_ENTRIES onError, lastRequest: null: org.apache.ratis.thirdparty.io.grpc.StatusRuntimeException: CANCELLED: client cancelled
2024-09-29 22:58:05,373 [s1-server-thread1] ERROR server.RaftServer$Division (RaftServerImpl.java:appendEntriesAsync(1510)) - s1@group-D7B70F6236D3: Failed appendEntries* s0->s1#464-t1,previous=(t:1, i:256),leaderCommit=256,initializing? false,entries: size=1, first=(t:1, i:257), CONFIGURATIONENTRY(current:id:"s3"address:"0.0.0.0:15038"clientAddress:"0.0.0.0:15038"adminAddress:"0.0.0.0:15038"startupRole:FOLLOWER, id:"s4"address:"0.0.0.0:15039"clientAddress:"0.0.0.0:15039"adminAddress:"0.0.0.0:15039"startupRole:FOLLOWER, id:"s0"address:"localhost:15026"dataStreamAddress:"localhost:15029"clientAddress:"localhost:15028"adminAddress:"localhost:15027"startupRole:FOLLOWER, id:"s1"address:"localhost:15030"dataStreamAddress:"localhost:15033"clientAddress:"localhost:15032"adminAddress:"localhost:15031"startupRole:FOLLOWER, id:"s2"address:"localhost:15034"dataStreamAddress:"localhost:15037"clientAddress:"localhost:15036"adminAddress:"localhost:15035"startupRole:FOLLOWER, old:id:"s0"address:"localhost:15026"dataStreamAddress:"localhost:15029"clientAddress:"localhost:15028"adminAddress:"localhost:15027"startupRole:FOLLOWER, id:"s1"address:"localhost:15030"dataStreamAddress:"localhost:15033"clientAddress:"localhost:15032"adminAddress:"localhost:15031"startupRole:FOLLOWER, id:"s2"address:"localhost:15034"dataStreamAddress:"localhost:15037"clientAddress:"localhost:15036"adminAddress:"localhost:15035"startupRole:FOLLOWER)
org.apache.ratis.protocol.exceptions.ServerNotReadyException: s1@group-D7B70F6236D3 is not in [STARTING, RUNNING]: current state is CLOSING
	at org.apache.ratis.server.impl.RaftServerImpl.lambda$assertLifeCycleState$7(RaftServerImpl.java:783)
	at org.apache.ratis.util.LifeCycle.assertCurrentState(LifeCycle.java:260)
	at org.apache.ratis.server.impl.RaftServerImpl.assertLifeCycleState(RaftServerImpl.java:782)
	at org.apache.ratis.server.impl.RaftServerImpl.appendEntriesAsync(RaftServerImpl.java:1501)
	at org.apache.ratis.server.impl.RaftServerProxy.lambda$null$28(RaftServerProxy.java:655)
	at org.apache.ratis.util.JavaUtils.callAsUnchecked(JavaUtils.java:118)
	at org.apache.ratis.server.impl.RaftServerImpl.lambda$executeSubmitServerRequestAsync$10(RaftServerImpl.java:899)
	at java.util.concurrent.CompletableFuture$AsyncSupply.run(CompletableFuture.java:1604)
	at java.util.concurrent.ThreadPoolExecutor.runWorker(ThreadPoolExecutor.java:1149)
	at java.util.concurrent.ThreadPoolExecutor$Worker.run(ThreadPoolExecutor.java:624)
	at java.lang.Thread.run(Thread.java:750)
2024-09-29 22:58:05,373 [grpc-default-executor-4] WARN  server.GrpcServerProtocolService (LogUtils.java:warn(123)) - s1: Failed APPEND_ENTRIES request cid=464, isHeartbeat? false
java.util.concurrent.CompletionException: org.apache.ratis.protocol.exceptions.ServerNotReadyException: s1@group-D7B70F6236D3 is not in [STARTING, RUNNING]: current state is CLOSING
	at org.apache.ratis.util.JavaUtils.callAsUnchecked(JavaUtils.java:122)
	at org.apache.ratis.server.impl.RaftServerImpl.lambda$executeSubmitServerRequestAsync$10(RaftServerImpl.java:899)
	at java.util.concurrent.CompletableFuture$AsyncSupply.run(CompletableFuture.java:1604)
	at java.util.concurrent.ThreadPoolExecutor.runWorker(ThreadPoolExecutor.java:1149)
	at java.util.concurrent.ThreadPoolExecutor$Worker.run(ThreadPoolExecutor.java:624)
	at java.lang.Thread.run(Thread.java:750)
Caused by: org.apache.ratis.protocol.exceptions.ServerNotReadyException: s1@group-D7B70F6236D3 is not in [STARTING, RUNNING]: current state is CLOSING
	at org.apache.ratis.server.impl.RaftServerImpl.lambda$assertLifeCycleState$7(RaftServerImpl.java:783)
	at org.apache.ratis.util.LifeCycle.assertCurrentState(LifeCycle.java:260)
	at org.apache.ratis.server.impl.RaftServerImpl.assertLifeCycleState(RaftServerImpl.java:782)
	at org.apache.ratis.server.impl.RaftServerImpl.appendEntriesAsync(RaftServerImpl.java:1501)
	at org.apache.ratis.server.impl.RaftServerProxy.lambda$null$28(RaftServerProxy.java:655)
	at org.apache.ratis.util.JavaUtils.callAsUnchecked(JavaUtils.java:118)
	... 5 more
2024-09-29 22:58:05,378 [Thread-473] INFO  server.GrpcServerProtocolClient (GrpcServerProtocolClient.java:close(105)) - s2 Close channels
2024-09-29 22:58:05,378 [s2-impl-thread1] INFO  server.RaftServer$Division (RaftServerImpl.java:lambda$close$1(510)) - s2@group-D7B70F6236D3: shutdown
2024-09-29 22:58:05,379 [s2-impl-thread1] INFO  util.JmxRegister (JmxRegister.java:unregister(74)) - Successfully un-registered JMX Bean with object name Ratis:service=RaftServer,group=group-D7B70F6236D3,id=s2
2024-09-29 22:58:05,379 [s2-impl-thread1] INFO  impl.RoleInfo (RoleInfo.java:shutdownLeaderState(103)) - s2: shutdown s2@group-D7B70F6236D3-LeaderStateImpl
2024-09-29 22:58:05,378 [MiniRaftCluster-16] INFO  server.GrpcService (GrpcService.java:closeImpl(350)) - s2: shutdown server org.apache.ratis.grpc.server.GrpcClientProtocolService now
2024-09-29 22:58:05,378 [Thread-472] INFO  server.GrpcServerProtocolClient (GrpcServerProtocolClient.java:close(105)) - s1 Close channels
2024-09-29 22:58:05,378 [Thread-471] INFO  server.GrpcServerProtocolClient (GrpcServerProtocolClient.java:close(105)) - s0 Close channels
2024-09-29 22:58:05,378 [Thread-469] INFO  server.GrpcServerProtocolClient (GrpcServerProtocolClient.java:close(105)) - s3 Close channels
2024-09-29 22:58:05,378 [Thread-468] INFO  server.GrpcServerProtocolClient (GrpcServerProtocolClient.java:close(105)) - s2 Close channels
2024-09-29 22:58:05,378 [Thread-467] INFO  server.GrpcServerProtocolClient (GrpcServerProtocolClient.java:close(105)) - s1 Close channels
2024-09-29 22:58:05,378 [Thread-465] INFO  server.GrpcServerProtocolClient (GrpcServerProtocolClient.java:close(105)) - s4 Close channels
2024-09-29 22:58:05,378 [Thread-463] INFO  server.GrpcServerProtocolClient (GrpcServerProtocolClient.java:close(105)) - s3 Close channels
2024-09-29 22:58:05,377 [s1@group-D7B70F6236D3-FollowerState] INFO  impl.FollowerState (FollowerState.java:run(153)) - s1@group-D7B70F6236D3-FollowerState was interrupted
2024-09-29 22:58:05,377 [s1-impl-thread1] INFO  impl.StateMachineUpdater (StateMachineUpdater.java:stopAndJoin(164)) - s1@group-D7B70F6236D3-StateMachineUpdater: set stopIndex = 263
2024-09-29 22:58:05,377 [grpc-default-executor-6] WARN  server.GrpcLogAppender (GrpcLogAppender.java:onNextImpl(521)) - s0@group-D7B70F6236D3->s2-AppendLogResponseHandler: received NOT_LEADER reply with term 2
2024-09-29 22:58:05,381 [grpc-default-executor-6] INFO  server.GrpcLogAppender (GrpcLogAppender.java:onCompleted(559)) - s0@group-D7B70F6236D3->s2-AppendLogResponseHandler: follower responses appendEntries COMPLETED
2024-09-29 22:58:05,381 [grpc-default-executor-6] WARN  server.GrpcLogAppender (GrpcLogAppender.java:resetClient(230)) - s0@group-D7B70F6236D3->s2-GrpcLogAppender: Failed to getClient for s2
org.apache.ratis.protocol.exceptions.AlreadyClosedException: s0 is already CLOSED
	at org.apache.ratis.util.PeerProxyMap$PeerAndProxy.getProxy(PeerProxyMap.java:67)
	at org.apache.ratis.util.PeerProxyMap.getProxy(PeerProxyMap.java:124)
	at org.apache.ratis.grpc.server.GrpcLogAppender.getClient(GrpcLogAppender.java:200)
	at org.apache.ratis.grpc.server.GrpcLogAppender.resetClient(GrpcLogAppender.java:205)
	at org.apache.ratis.grpc.server.GrpcLogAppender.access$800(GrpcLogAppender.java:64)
	at org.apache.ratis.grpc.server.GrpcLogAppender$AppendLogResponseHandler.onCompleted(GrpcLogAppender.java:560)
	at org.apache.ratis.thirdparty.io.grpc.stub.ClientCalls$StreamObserverToCallListenerAdapter.onClose(ClientCalls.java:479)
	at org.apache.ratis.thirdparty.io.grpc.internal.ClientCallImpl.closeObserver(ClientCallImpl.java:567)
	at org.apache.ratis.thirdparty.io.grpc.internal.ClientCallImpl.access$300(ClientCallImpl.java:71)
	at org.apache.ratis.thirdparty.io.grpc.internal.ClientCallImpl$ClientStreamListenerImpl$1StreamClosed.runInternal(ClientCallImpl.java:735)
	at org.apache.ratis.thirdparty.io.grpc.internal.ClientCallImpl$ClientStreamListenerImpl$1StreamClosed.runInContext(ClientCallImpl.java:716)
	at org.apache.ratis.thirdparty.io.grpc.internal.ContextRunnable.run(ContextRunnable.java:37)
	at org.apache.ratis.thirdparty.io.grpc.internal.SerializingExecutor.run(SerializingExecutor.java:133)
	at java.util.concurrent.ThreadPoolExecutor.runWorker(ThreadPoolExecutor.java:1149)
	at java.util.concurrent.ThreadPoolExecutor$Worker.run(ThreadPoolExecutor.java:624)
	at java.lang.Thread.run(Thread.java:750)
2024-09-29 22:58:05,377 [grpc-default-executor-13] WARN  server.GrpcServerProtocolService (LogUtils.java:warn(121)) - s4: APPEND_ENTRIES onError, lastRequest: null: org.apache.ratis.thirdparty.io.grpc.StatusRuntimeException: CANCELLED: client cancelled
2024-09-29 22:58:05,382 [s0@group-D7B70F6236D3-cacheEviction-AwaitToRun] INFO  util.AwaitToRun (AwaitToRun.java:run(49)) - s0@group-D7B70F6236D3-cacheEviction-AwaitToRun-AwaitForSignal is interrupted
2024-09-29 22:58:05,382 [s3@group-D7B70F6236D3-cacheEviction-AwaitToRun] INFO  util.AwaitToRun (AwaitToRun.java:run(49)) - s3@group-D7B70F6236D3-cacheEviction-AwaitToRun-AwaitForSignal is interrupted
2024-09-29 22:58:05,382 [s4@group-D7B70F6236D3-cacheEviction-AwaitToRun] INFO  util.AwaitToRun (AwaitToRun.java:run(49)) - s4@group-D7B70F6236D3-cacheEviction-AwaitToRun-AwaitForSignal is interrupted
2024-09-29 22:58:05,381 [s1@group-D7B70F6236D3-StateMachineUpdater] TRACE util.FileUtils (FileUtils.java:deleteFully(305)) - deleteFully /tmp/ratis-tests/statemachine/s1/snapshot/2_263
2024-09-29 22:58:05,382 [s1@group-D7B70F6236D3-StateMachineUpdater] TRACE util.FileUtils (FileUtils.java:deleteFully(318)) - deleteFully: /tmp/ratis-tests/statemachine/s1/snapshot/2_263 does not exist.
2024-09-29 22:58:05,382 [s1@group-D7B70F6236D3-StateMachineUpdater] TRACE util.FileUtils (FileUtils.java:deleteFully(305)) - deleteFully /tmp/ratis-tests/statemachine/s1/tmp/fe786538-dd66-45e8-a918-14dd6de751de
2024-09-29 22:58:05,382 [s1@group-D7B70F6236D3-StateMachineUpdater] TRACE util.FileUtils (FileUtils.java:deleteFully(318)) - deleteFully: /tmp/ratis-tests/statemachine/s1/tmp/fe786538-dd66-45e8-a918-14dd6de751de does not exist.
2024-09-29 22:58:05,382 [s2-impl-thread1] INFO  impl.PendingRequests (PendingRequests.java:sendNotLeaderResponses(287)) - s2@group-D7B70F6236D3-PendingRequests: sendNotLeaderResponses
2024-09-29 22:58:05,383 [s1@group-D7B70F6236D3-StateMachineUpdater] TRACE util.FileUtils (LogUtils.java:runAndLog(49)) - Successfully ran Atomic Files.move /tmp/ratis-tests/statemachine/s1/tmp/fe786538-dd66-45e8-a918-14dd6de751de to /tmp/ratis-tests/statemachine/s1/snapshot/2_263
2024-09-29 22:58:05,383 [s2@group-D7B70F6236D3->s0-GrpcLogAppender-LogAppenderDaemon] WARN  server.GrpcLogAppender (GrpcLogAppender.java:mayWait(293)) - s2@group-D7B70F6236D3->s0-GrpcLogAppender: Wait interrupted by java.lang.InterruptedException
2024-09-29 22:58:05,383 [s1@group-D7B70F6236D3-StateMachineUpdater] INFO  impl.StateMachineUpdater (StateMachineUpdater.java:takeSnapshot(308)) - s1@group-D7B70F6236D3-StateMachineUpdater: Took a snapshot at index 263
2024-09-29 22:58:05,383 [s1@group-D7B70F6236D3-StateMachineUpdater] INFO  impl.StateMachineUpdater (StateMachineUpdater.java:lambda$new$0(102)) - s1@group-D7B70F6236D3-StateMachineUpdater: snapshotIndex: updateIncreasingly 225 -> 263
2024-09-29 22:58:05,387 [s1@group-D7B70F6236D3-StateMachineUpdater] INFO  raftlog.RaftLog (RaftLogBase.java:purge(329)) - s1@group-D7B70F6236D3-SegmentedRaftLog: purge 256
2024-09-29 22:58:05,388 [s1@group-D7B70F6236D3-StateMachineUpdater] INFO  raftlog.RaftLog (RaftLogBase.java:lambda$new$0(57)) - s1@group-D7B70F6236D3-SegmentedRaftLog: snapshotIndex: updateIncreasingly 225 -> 263
2024-09-29 22:58:05,388 [s1@group-D7B70F6236D3-StateMachineUpdater] INFO  impl.StateMachineUpdater (StateMachineUpdater.java:stop(141)) - s1@group-D7B70F6236D3-StateMachineUpdater: closing StateMachineWithSeparatedSnapshotPath, lastApplied=(t:2, i:263)
2024-09-29 22:58:05,385 [Thread-476] INFO  server.GrpcServerProtocolClient (GrpcServerProtocolClient.java:close(105)) - s1 Close channels
2024-09-29 22:58:05,389 [s1@group-D7B70F6236D3-SegmentedRaftLogWorker] TRACE util.FileUtils (LogUtils.java:runAndLog(49)) - Successfully ran Files.delete /home/runner/work/ratis/ratis/ratis-test/target/test/data/f7ba0e94/MiniRaftClusterWithGrpc35e999b0/s1/636f46cf-4f82-4ac4-8690-d7b70f6236d3/current/log_0-256
2024-09-29 22:58:05,389 [s1@group-D7B70F6236D3-SegmentedRaftLogWorker] INFO  raftlog.RaftLog (RaftLogBase.java:lambda$new$0(57)) - s1@group-D7B70F6236D3-SegmentedRaftLog: purgeIndex: updateToMax old=224, new=256, updated? true
2024-09-29 22:58:05,385 [Thread-475] INFO  server.GrpcServerProtocolClient (GrpcServerProtocolClient.java:close(105)) - s0 Close channels
2024-09-29 22:58:05,384 [Thread-474] INFO  server.GrpcServerProtocolClient (GrpcServerProtocolClient.java:close(105)) - s4 Close channels
2024-09-29 22:58:05,384 [s2@group-D7B70F6236D3->s1-GrpcLogAppender-LogAppenderDaemon] WARN  server.GrpcLogAppender (GrpcLogAppender.java:mayWait(293)) - s2@group-D7B70F6236D3->s1-GrpcLogAppender: Wait interrupted by java.lang.InterruptedException
2024-09-29 22:58:05,390 [s1@group-D7B70F6236D3-cacheEviction-AwaitToRun] INFO  util.AwaitToRun (AwaitToRun.java:run(49)) - s1@group-D7B70F6236D3-cacheEviction-AwaitToRun-AwaitForSignal is interrupted
2024-09-29 22:58:05,384 [s2@group-D7B70F6236D3->s3-GrpcLogAppender-LogAppenderDaemon] WARN  server.GrpcLogAppender (GrpcLogAppender.java:mayWait(293)) - s2@group-D7B70F6236D3->s3-GrpcLogAppender: Wait interrupted by java.lang.InterruptedException
2024-09-29 22:58:05,384 [s2@group-D7B70F6236D3->s4-GrpcLogAppender-LogAppenderDaemon] WARN  server.GrpcLogAppender (GrpcLogAppender.java:mayWait(293)) - s2@group-D7B70F6236D3->s4-GrpcLogAppender: Wait interrupted by java.lang.InterruptedException
2024-09-29 22:58:05,391 [s2-impl-thread1] INFO  impl.StateMachineUpdater (StateMachineUpdater.java:stopAndJoin(164)) - s2@group-D7B70F6236D3-StateMachineUpdater: set stopIndex = 264
2024-09-29 22:58:05,391 [s2@group-D7B70F6236D3-StateMachineUpdater] TRACE util.FileUtils (FileUtils.java:deleteFully(305)) - deleteFully /tmp/ratis-tests/statemachine/s2/snapshot/2_264
2024-09-29 22:58:05,391 [s2@group-D7B70F6236D3-StateMachineUpdater] TRACE util.FileUtils (FileUtils.java:deleteFully(318)) - deleteFully: /tmp/ratis-tests/statemachine/s2/snapshot/2_264 does not exist.
2024-09-29 22:58:05,391 [s2@group-D7B70F6236D3-StateMachineUpdater] TRACE util.FileUtils (FileUtils.java:deleteFully(305)) - deleteFully /tmp/ratis-tests/statemachine/s2/tmp/23f49505-2a92-4fa9-8029-1586a04ffeb6
2024-09-29 22:58:05,391 [s2@group-D7B70F6236D3-StateMachineUpdater] TRACE util.FileUtils (FileUtils.java:deleteFully(318)) - deleteFully: /tmp/ratis-tests/statemachine/s2/tmp/23f49505-2a92-4fa9-8029-1586a04ffeb6 does not exist.
2024-09-29 22:58:05,391 [s2@group-D7B70F6236D3-StateMachineUpdater] TRACE util.FileUtils (LogUtils.java:runAndLog(49)) - Successfully ran Atomic Files.move /tmp/ratis-tests/statemachine/s2/tmp/23f49505-2a92-4fa9-8029-1586a04ffeb6 to /tmp/ratis-tests/statemachine/s2/snapshot/2_264
2024-09-29 22:58:05,391 [s2@group-D7B70F6236D3-StateMachineUpdater] INFO  impl.StateMachineUpdater (StateMachineUpdater.java:takeSnapshot(308)) - s2@group-D7B70F6236D3-StateMachineUpdater: Took a snapshot at index 264
2024-09-29 22:58:05,392 [s2@group-D7B70F6236D3-StateMachineUpdater] INFO  impl.StateMachineUpdater (StateMachineUpdater.java:lambda$new$0(102)) - s2@group-D7B70F6236D3-StateMachineUpdater: snapshotIndex: updateIncreasingly 255 -> 264
2024-09-29 22:58:05,392 [s2@group-D7B70F6236D3-StateMachineUpdater] INFO  raftlog.RaftLog (RaftLogBase.java:purge(329)) - s2@group-D7B70F6236D3-SegmentedRaftLog: purge 264
2024-09-29 22:58:05,392 [s2@group-D7B70F6236D3-StateMachineUpdater] INFO  raftlog.RaftLog (RaftLogBase.java:lambda$new$0(57)) - s2@group-D7B70F6236D3-SegmentedRaftLog: snapshotIndex: updateIncreasingly 255 -> 264
2024-09-29 22:58:05,392 [s2@group-D7B70F6236D3-StateMachineUpdater] INFO  impl.StateMachineUpdater (StateMachineUpdater.java:stop(141)) - s2@group-D7B70F6236D3-StateMachineUpdater: closing StateMachineWithSeparatedSnapshotPath, lastApplied=(t:2, i:264)
2024-09-29 22:58:05,393 [s2@group-D7B70F6236D3-SegmentedRaftLogWorker] TRACE util.FileUtils (LogUtils.java:runAndLog(49)) - Successfully ran Files.delete /home/runner/work/ratis/ratis/ratis-test/target/test/data/f7ba0e94/MiniRaftClusterWithGrpc35e999b0/s2/636f46cf-4f82-4ac4-8690-d7b70f6236d3/current/log_0-256
2024-09-29 22:58:05,393 [s2@group-D7B70F6236D3-SegmentedRaftLogWorker] INFO  raftlog.RaftLog (RaftLogBase.java:lambda$new$0(57)) - s2@group-D7B70F6236D3-SegmentedRaftLog: purgeIndex: updateToMax old=253, new=256, updated? true
2024-09-29 22:58:05,393 [s2@group-D7B70F6236D3-cacheEviction-AwaitToRun] INFO  util.AwaitToRun (AwaitToRun.java:run(49)) - s2@group-D7B70F6236D3-cacheEviction-AwaitToRun-AwaitForSignal is interrupted
2024-09-29 22:58:05,390 [Thread-485] INFO  server.GrpcServerProtocolClient (GrpcServerProtocolClient.java:close(105)) - s0 Close channels
2024-09-29 22:58:05,395 [Thread-487] INFO  server.GrpcServerProtocolClient (GrpcServerProtocolClient.java:close(105)) - s2 Close channels
2024-09-29 22:58:05,390 [Thread-481] INFO  server.GrpcServerProtocolClient (GrpcServerProtocolClient.java:close(105)) - s1 Close channels
2024-09-29 22:58:05,390 [Thread-480] INFO  server.GrpcServerProtocolClient (GrpcServerProtocolClient.java:close(105)) - s0 Close channels
2024-09-29 22:58:05,390 [Thread-479] INFO  server.GrpcServerProtocolClient (GrpcServerProtocolClient.java:close(105)) - s4 Close channels
2024-09-29 22:58:05,390 [Thread-477] INFO  server.GrpcServerProtocolClient (GrpcServerProtocolClient.java:close(105)) - s2 Close channels
2024-09-29 22:58:05,390 [Thread-478] INFO  server.GrpcServerProtocolClient (GrpcServerProtocolClient.java:close(105)) - s3 Close channels
2024-09-29 22:58:05,390 [MiniRaftCluster-13] INFO  server.GrpcService (GrpcService.java:closeImpl(359)) - s4: shutdown server GrpcServerProtocolService successfully
2024-09-29 22:58:05,397 [grpc-default-executor-7] INFO  server.GrpcServerProtocolService (GrpcServerProtocolService.java:onCompleted(200)) - s1: Completed APPEND_ENTRIES, lastRequest: null
2024-09-29 22:58:05,397 [MiniRaftCluster-12] INFO  server.GrpcService (GrpcService.java:closeImpl(359)) - s3: shutdown server GrpcServerProtocolService successfully
2024-09-29 22:58:05,398 [grpc-default-executor-7] INFO  server.GrpcServerProtocolService (GrpcServerProtocolService.java:lambda$onCompleted$7(202)) - s1: Completed APPEND_ENTRIES, lastReply: serverReply {
  requestorId: "s2"
  replyId: "s1"
  raftGroupId {
    id: "coF\317O\202J\304\206\220\327\267\017b6\323"
  }
  callId: 9
  success: true
}
term: 2
nextIndex: 259
followerCommit: 258
matchIndex: 18446744073709551615
isHearbeat: true

2024-09-29 22:58:05,398 [grpc-default-executor-17] INFO  server.GrpcLogAppender (GrpcLogAppender.java:onError(546)) - s0@group-D7B70F6236D3->s1-GrpcLogAppender is already stopped
2024-09-29 22:58:05,398 [grpc-default-executor-7] INFO  server.GrpcServerProtocolService (GrpcServerProtocolService.java:onCompleted(200)) - s1: Completed APPEND_ENTRIES, lastRequest: s2->s1#19-t2,previous=(t:2, i:263),leaderCommit=263,initializing? false,entries: size=1, first=(t:2, i:264), METADATAENTRY(c:263)
2024-09-29 22:58:05,398 [grpc-default-executor-7] INFO  server.GrpcServerProtocolService (GrpcServerProtocolService.java:lambda$onCompleted$7(202)) - s1: Completed APPEND_ENTRIES, lastReply: null
2024-09-29 22:58:05,398 [grpc-default-executor-17] INFO  server.GrpcLogAppender (GrpcLogAppender.java:onCompleted(559)) - s2@group-D7B70F6236D3->s1-AppendLogResponseHandler: follower responses appendEntries COMPLETED
2024-09-29 22:58:05,398 [grpc-default-executor-13] INFO  server.GrpcLogAppender (GrpcLogAppender.java:onCompleted(559)) - s2@group-D7B70F6236D3->s1-AppendLogResponseHandler: follower responses appendEntries COMPLETED
2024-09-29 22:58:05,399 [grpc-default-executor-13] WARN  server.GrpcLogAppender (GrpcLogAppender.java:resetClient(230)) - s2@group-D7B70F6236D3->s1-GrpcLogAppender: Failed to getClient for s1
org.apache.ratis.protocol.exceptions.AlreadyClosedException: s2 is already CLOSED
	at org.apache.ratis.util.PeerProxyMap$PeerAndProxy.getProxy(PeerProxyMap.java:67)
	at org.apache.ratis.util.PeerProxyMap.getProxy(PeerProxyMap.java:124)
	at org.apache.ratis.grpc.server.GrpcLogAppender.getClient(GrpcLogAppender.java:200)
	at org.apache.ratis.grpc.server.GrpcLogAppender.resetClient(GrpcLogAppender.java:205)
	at org.apache.ratis.grpc.server.GrpcLogAppender.access$800(GrpcLogAppender.java:64)
	at org.apache.ratis.grpc.server.GrpcLogAppender$AppendLogResponseHandler.onCompleted(GrpcLogAppender.java:560)
	at org.apache.ratis.thirdparty.io.grpc.stub.ClientCalls$StreamObserverToCallListenerAdapter.onClose(ClientCalls.java:479)
	at org.apache.ratis.thirdparty.io.grpc.internal.ClientCallImpl.closeObserver(ClientCallImpl.java:567)
	at org.apache.ratis.thirdparty.io.grpc.internal.ClientCallImpl.access$300(ClientCallImpl.java:71)
	at org.apache.ratis.thirdparty.io.grpc.internal.ClientCallImpl$ClientStreamListenerImpl$1StreamClosed.runInternal(ClientCallImpl.java:735)
	at org.apache.ratis.thirdparty.io.grpc.internal.ClientCallImpl$ClientStreamListenerImpl$1StreamClosed.runInContext(ClientCallImpl.java:716)
	at org.apache.ratis.thirdparty.io.grpc.internal.ContextRunnable.run(ContextRunnable.java:37)
	at org.apache.ratis.thirdparty.io.grpc.internal.SerializingExecutor.run(SerializingExecutor.java:133)
	at java.util.concurrent.ThreadPoolExecutor.runWorker(ThreadPoolExecutor.java:1149)
	at java.util.concurrent.ThreadPoolExecutor$Worker.run(ThreadPoolExecutor.java:624)
	at java.lang.Thread.run(Thread.java:750)
2024-09-29 22:58:05,399 [grpc-default-executor-17] WARN  server.GrpcLogAppender (GrpcLogAppender.java:resetClient(230)) - s2@group-D7B70F6236D3->s1-GrpcLogAppender: Failed to getClient for s1
org.apache.ratis.protocol.exceptions.AlreadyClosedException: s2 is already CLOSED
	at org.apache.ratis.util.PeerProxyMap$PeerAndProxy.getProxy(PeerProxyMap.java:67)
	at org.apache.ratis.util.PeerProxyMap.getProxy(PeerProxyMap.java:124)
	at org.apache.ratis.grpc.server.GrpcLogAppender.getClient(GrpcLogAppender.java:200)
	at org.apache.ratis.grpc.server.GrpcLogAppender.resetClient(GrpcLogAppender.java:205)
	at org.apache.ratis.grpc.server.GrpcLogAppender.access$800(GrpcLogAppender.java:64)
	at org.apache.ratis.grpc.server.GrpcLogAppender$AppendLogResponseHandler.onCompleted(GrpcLogAppender.java:560)
	at org.apache.ratis.thirdparty.io.grpc.stub.ClientCalls$StreamObserverToCallListenerAdapter.onClose(ClientCalls.java:479)
	at org.apache.ratis.thirdparty.io.grpc.internal.ClientCallImpl.closeObserver(ClientCallImpl.java:567)
	at org.apache.ratis.thirdparty.io.grpc.internal.ClientCallImpl.access$300(ClientCallImpl.java:71)
	at org.apache.ratis.thirdparty.io.grpc.internal.ClientCallImpl$ClientStreamListenerImpl$1StreamClosed.runInternal(ClientCallImpl.java:735)
	at org.apache.ratis.thirdparty.io.grpc.internal.ClientCallImpl$ClientStreamListenerImpl$1StreamClosed.runInContext(ClientCallImpl.java:716)
	at org.apache.ratis.thirdparty.io.grpc.internal.ContextRunnable.run(ContextRunnable.java:37)
	at org.apache.ratis.thirdparty.io.grpc.internal.SerializingExecutor.run(SerializingExecutor.java:133)
	at java.util.concurrent.ThreadPoolExecutor.runWorker(ThreadPoolExecutor.java:1149)
	at java.util.concurrent.ThreadPoolExecutor$Worker.run(ThreadPoolExecutor.java:624)
	at java.lang.Thread.run(Thread.java:750)
2024-09-29 22:58:05,400 [MiniRaftCluster-15] INFO  server.GrpcService (GrpcService.java:closeImpl(359)) - s1: shutdown server org.apache.ratis.grpc.server.GrpcClientProtocolService successfully
2024-09-29 22:58:05,400 [MiniRaftCluster-15] INFO  server.GrpcService (GrpcService.java:closeImpl(350)) - s1: shutdown server GrpcServerProtocolService now
2024-09-29 22:58:05,400 [grpc-default-executor-17] INFO  server.GrpcLogAppender (GrpcLogAppender.java:onError(546)) - s0@group-D7B70F6236D3->s1-GrpcLogAppender is already stopped
2024-09-29 22:58:05,400 [MiniRaftCluster-15] INFO  server.GrpcService (GrpcService.java:closeImpl(359)) - s1: shutdown server GrpcServerProtocolService successfully
2024-09-29 22:58:05,401 [MiniRaftCluster-15] INFO  server.GrpcService (GrpcService.java:closeImpl(350)) - s1: shutdown server org.apache.ratis.grpc.server.GrpcAdminProtocolService now
2024-09-29 22:58:05,401 [MiniRaftCluster-15] INFO  server.GrpcService (GrpcService.java:closeImpl(359)) - s1: shutdown server org.apache.ratis.grpc.server.GrpcAdminProtocolService successfully
2024-09-29 22:58:05,401 [grpc-default-executor-5] INFO  util.CodeInjectionForTesting (BlockRequestHandlingInjection.java:execute(84)) - s0: unBlock request from s4
2024-09-29 22:58:05,401 [grpc-default-executor-5] INFO  server.RaftServer$Division (RaftServerImpl.java:requestVote(1439)) - s0@group-D7B70F6236D3: receive requestVote(PRE_VOTE, s4, group-D7B70F6236D3, 1, (t:1, i:257))
2024-09-29 22:58:05,402 [grpc-default-executor-5] WARN  server.GrpcServerProtocolService (LogUtils.java:warn(121)) - s0: Failed requestVote s4->s0#0: org.apache.ratis.protocol.exceptions.ServerNotReadyException: s0@group-D7B70F6236D3 is not in [RUNNING]: current state is CLOSING
2024-09-29 22:58:05,430 [grpc-default-executor-10] INFO  util.CodeInjectionForTesting (BlockRequestHandlingInjection.java:execute(84)) - s0: unBlock request from s2
2024-09-29 22:58:05,430 [grpc-default-executor-10] INFO  server.RaftServer$Division (RaftServerImpl.java:requestVote(1439)) - s0@group-D7B70F6236D3: receive requestVote(PRE_VOTE, s2, group-D7B70F6236D3, 1, (t:1, i:256))
2024-09-29 22:58:05,430 [grpc-default-executor-10] WARN  server.GrpcServerProtocolService (LogUtils.java:warn(121)) - s0: Failed requestVote s2->s0#0: org.apache.ratis.protocol.exceptions.ServerNotReadyException: s0@group-D7B70F6236D3 is not in [RUNNING]: current state is CLOSING
2024-09-29 22:58:05,434 [grpc-default-executor-12] INFO  util.CodeInjectionForTesting (BlockRequestHandlingInjection.java:execute(84)) - s0: unBlock request from s3
2024-09-29 22:58:05,434 [grpc-default-executor-12] INFO  server.RaftServer$Division (RaftServerImpl.java:requestVote(1439)) - s0@group-D7B70F6236D3: receive requestVote(PRE_VOTE, s3, group-D7B70F6236D3, 1, (t:1, i:257))
2024-09-29 22:58:05,434 [grpc-default-executor-12] WARN  server.GrpcServerProtocolService (LogUtils.java:warn(121)) - s0: Failed requestVote s3->s0#0: org.apache.ratis.protocol.exceptions.ServerNotReadyException: s0@group-D7B70F6236D3 is not in [RUNNING]: current state is CLOSING
2024-09-29 22:58:05,434 [grpc-default-executor-8] INFO  util.CodeInjectionForTesting (BlockRequestHandlingInjection.java:execute(84)) - s0: unBlock request from s2
2024-09-29 22:58:05,434 [grpc-default-executor-8] INFO  server.RaftServer$Division (RaftServerImpl.java:requestVote(1439)) - s0@group-D7B70F6236D3: receive requestVote(ELECTION, s2, group-D7B70F6236D3, 2, (t:1, i:256))
2024-09-29 22:58:05,435 [grpc-default-executor-8] WARN  server.GrpcServerProtocolService (LogUtils.java:warn(121)) - s0: Failed requestVote s2->s0#0: org.apache.ratis.protocol.exceptions.ServerNotReadyException: s0@group-D7B70F6236D3 is not in [RUNNING]: current state is CLOSING
2024-09-29 22:58:05,447 [s0-server-thread1] INFO  util.CodeInjectionForTesting (BlockRequestHandlingInjection.java:execute(84)) - s0: unBlock request from s2
2024-09-29 22:58:05,447 [s0-server-thread1] ERROR server.RaftServer$Division (RaftServerImpl.java:appendEntriesAsync(1510)) - s0@group-D7B70F6236D3: Failed appendEntries* s2->s0#0-t2,previous=(t:1, i:256),leaderCommit=255,initializing? false,HEARTBEAT
org.apache.ratis.protocol.exceptions.ServerNotReadyException: s0@group-D7B70F6236D3 is not in [STARTING, RUNNING]: current state is CLOSING
	at org.apache.ratis.server.impl.RaftServerImpl.lambda$assertLifeCycleState$7(RaftServerImpl.java:783)
	at org.apache.ratis.util.LifeCycle.assertCurrentState(LifeCycle.java:260)
	at org.apache.ratis.server.impl.RaftServerImpl.assertLifeCycleState(RaftServerImpl.java:782)
	at org.apache.ratis.server.impl.RaftServerImpl.appendEntriesAsync(RaftServerImpl.java:1501)
	at org.apache.ratis.server.impl.RaftServerProxy.lambda$null$28(RaftServerProxy.java:655)
	at org.apache.ratis.util.JavaUtils.callAsUnchecked(JavaUtils.java:118)
	at org.apache.ratis.server.impl.RaftServerImpl.lambda$executeSubmitServerRequestAsync$10(RaftServerImpl.java:899)
	at java.util.concurrent.CompletableFuture$AsyncSupply.run(CompletableFuture.java:1604)
	at java.util.concurrent.ThreadPoolExecutor.runWorker(ThreadPoolExecutor.java:1149)
	at java.util.concurrent.ThreadPoolExecutor$Worker.run(ThreadPoolExecutor.java:624)
	at java.lang.Thread.run(Thread.java:750)
2024-09-29 22:58:05,448 [s0-server-thread1] ERROR server.RaftServer$Division (RaftServerImpl.java:appendEntriesAsync(1510)) - s0@group-D7B70F6236D3: Failed appendEntries* s2->s0#2-t2,previous=(t:0, i:0),leaderCommit=0,initializing? false,HEARTBEAT
org.apache.ratis.protocol.exceptions.ServerNotReadyException: s0@group-D7B70F6236D3 is not in [STARTING, RUNNING]: current state is CLOSING
	at org.apache.ratis.server.impl.RaftServerImpl.lambda$assertLifeCycleState$7(RaftServerImpl.java:783)
	at org.apache.ratis.util.LifeCycle.assertCurrentState(LifeCycle.java:260)
	at org.apache.ratis.server.impl.RaftServerImpl.assertLifeCycleState(RaftServerImpl.java:782)
	at org.apache.ratis.server.impl.RaftServerImpl.appendEntriesAsync(RaftServerImpl.java:1501)
	at org.apache.ratis.server.impl.RaftServerProxy.lambda$null$28(RaftServerProxy.java:655)
	at org.apache.ratis.util.JavaUtils.callAsUnchecked(JavaUtils.java:118)
	at org.apache.ratis.server.impl.RaftServerImpl.lambda$executeSubmitServerRequestAsync$10(RaftServerImpl.java:899)
	at java.util.concurrent.CompletableFuture$AsyncSupply.run(CompletableFuture.java:1604)
	at java.util.concurrent.ThreadPoolExecutor.runWorker(ThreadPoolExecutor.java:1149)
	at java.util.concurrent.ThreadPoolExecutor$Worker.run(ThreadPoolExecutor.java:624)
	at java.lang.Thread.run(Thread.java:750)
2024-09-29 22:58:05,448 [s0-server-thread1] ERROR server.RaftServer$Division (RaftServerImpl.java:appendEntriesAsync(1510)) - s0@group-D7B70F6236D3: Failed appendEntries* s2->s0#3-t2,previous=(t:0, i:0),leaderCommit=0,initializing? false,HEARTBEAT
org.apache.ratis.protocol.exceptions.ServerNotReadyException: s0@group-D7B70F6236D3 is not in [STARTING, RUNNING]: current state is CLOSING
	at org.apache.ratis.server.impl.RaftServerImpl.lambda$assertLifeCycleState$7(RaftServerImpl.java:783)
	at org.apache.ratis.util.LifeCycle.assertCurrentState(LifeCycle.java:260)
	at org.apache.ratis.server.impl.RaftServerImpl.assertLifeCycleState(RaftServerImpl.java:782)
	at org.apache.ratis.server.impl.RaftServerImpl.appendEntriesAsync(RaftServerImpl.java:1501)
	at org.apache.ratis.server.impl.RaftServerProxy.lambda$null$28(RaftServerProxy.java:655)
	at org.apache.ratis.util.JavaUtils.callAsUnchecked(JavaUtils.java:118)
	at org.apache.ratis.server.impl.RaftServerImpl.lambda$executeSubmitServerRequestAsync$10(RaftServerImpl.java:899)
	at java.util.concurrent.CompletableFuture$AsyncSupply.run(CompletableFuture.java:1604)
	at java.util.concurrent.ThreadPoolExecutor.runWorker(ThreadPoolExecutor.java:1149)
	at java.util.concurrent.ThreadPoolExecutor$Worker.run(ThreadPoolExecutor.java:624)
	at java.lang.Thread.run(Thread.java:750)
2024-09-29 22:58:05,449 [s0-server-thread1] ERROR server.RaftServer$Division (RaftServerImpl.java:appendEntriesAsync(1510)) - s0@group-D7B70F6236D3: Failed appendEntries* s2->s0#4-t2,previous=(t:0, i:0),leaderCommit=0,initializing? false,HEARTBEAT
org.apache.ratis.protocol.exceptions.ServerNotReadyException: s0@group-D7B70F6236D3 is not in [STARTING, RUNNING]: current state is CLOSING
	at org.apache.ratis.server.impl.RaftServerImpl.lambda$assertLifeCycleState$7(RaftServerImpl.java:783)
	at org.apache.ratis.util.LifeCycle.assertCurrentState(LifeCycle.java:260)
	at org.apache.ratis.server.impl.RaftServerImpl.assertLifeCycleState(RaftServerImpl.java:782)
	at org.apache.ratis.server.impl.RaftServerImpl.appendEntriesAsync(RaftServerImpl.java:1501)
	at org.apache.ratis.server.impl.RaftServerProxy.lambda$null$28(RaftServerProxy.java:655)
	at org.apache.ratis.util.JavaUtils.callAsUnchecked(JavaUtils.java:118)
	at org.apache.ratis.server.impl.RaftServerImpl.lambda$executeSubmitServerRequestAsync$10(RaftServerImpl.java:899)
	at java.util.concurrent.CompletableFuture$AsyncSupply.run(CompletableFuture.java:1604)
	at java.util.concurrent.ThreadPoolExecutor.runWorker(ThreadPoolExecutor.java:1149)
	at java.util.concurrent.ThreadPoolExecutor$Worker.run(ThreadPoolExecutor.java:624)
	at java.lang.Thread.run(Thread.java:750)
2024-09-29 22:58:05,450 [s0-server-thread1] ERROR server.RaftServer$Division (RaftServerImpl.java:appendEntriesAsync(1510)) - s0@group-D7B70F6236D3: Failed appendEntries* s2->s0#5-t2,previous=(t:0, i:0),leaderCommit=0,initializing? false,HEARTBEAT
org.apache.ratis.protocol.exceptions.ServerNotReadyException: s0@group-D7B70F6236D3 is not in [STARTING, RUNNING]: current state is CLOSING
	at org.apache.ratis.server.impl.RaftServerImpl.lambda$assertLifeCycleState$7(RaftServerImpl.java:783)
	at org.apache.ratis.util.LifeCycle.assertCurrentState(LifeCycle.java:260)
	at org.apache.ratis.server.impl.RaftServerImpl.assertLifeCycleState(RaftServerImpl.java:782)
	at org.apache.ratis.server.impl.RaftServerImpl.appendEntriesAsync(RaftServerImpl.java:1501)
	at org.apache.ratis.server.impl.RaftServerProxy.lambda$null$28(RaftServerProxy.java:655)
	at org.apache.ratis.util.JavaUtils.callAsUnchecked(JavaUtils.java:118)
	at org.apache.ratis.server.impl.RaftServerImpl.lambda$executeSubmitServerRequestAsync$10(RaftServerImpl.java:899)
	at java.util.concurrent.CompletableFuture$AsyncSupply.run(CompletableFuture.java:1604)
	at java.util.concurrent.ThreadPoolExecutor.runWorker(ThreadPoolExecutor.java:1149)
	at java.util.concurrent.ThreadPoolExecutor$Worker.run(ThreadPoolExecutor.java:624)
	at java.lang.Thread.run(Thread.java:750)
2024-09-29 22:58:05,450 [s0-server-thread1] ERROR server.RaftServer$Division (RaftServerImpl.java:appendEntriesAsync(1510)) - s0@group-D7B70F6236D3: Failed appendEntries* s2->s0#6-t2,previous=(t:0, i:0),leaderCommit=0,initializing? false,HEARTBEAT
org.apache.ratis.protocol.exceptions.ServerNotReadyException: s0@group-D7B70F6236D3 is not in [STARTING, RUNNING]: current state is CLOSING
	at org.apache.ratis.server.impl.RaftServerImpl.lambda$assertLifeCycleState$7(RaftServerImpl.java:783)
	at org.apache.ratis.util.LifeCycle.assertCurrentState(LifeCycle.java:260)
	at org.apache.ratis.server.impl.RaftServerImpl.assertLifeCycleState(RaftServerImpl.java:782)
	at org.apache.ratis.server.impl.RaftServerImpl.appendEntriesAsync(RaftServerImpl.java:1501)
	at org.apache.ratis.server.impl.RaftServerProxy.lambda$null$28(RaftServerProxy.java:655)
	at org.apache.ratis.util.JavaUtils.callAsUnchecked(JavaUtils.java:118)
	at org.apache.ratis.server.impl.RaftServerImpl.lambda$executeSubmitServerRequestAsync$10(RaftServerImpl.java:899)
	at java.util.concurrent.CompletableFuture$AsyncSupply.run(CompletableFuture.java:1604)
	at java.util.concurrent.ThreadPoolExecutor.runWorker(ThreadPoolExecutor.java:1149)
	at java.util.concurrent.ThreadPoolExecutor$Worker.run(ThreadPoolExecutor.java:624)
	at java.lang.Thread.run(Thread.java:750)
2024-09-29 22:58:05,450 [s0-server-thread2] INFO  util.CodeInjectionForTesting (BlockRequestHandlingInjection.java:execute(84)) - s0: unBlock request from s2
2024-09-29 22:58:05,451 [s0-server-thread2] ERROR server.RaftServer$Division (RaftServerImpl.java:appendEntriesAsync(1510)) - s0@group-D7B70F6236D3: Failed appendEntries* s2->s0#1-t2,previous=(t:1, i:256),leaderCommit=255,initializing? false,entries: size=1, first=(t:2, i:257), CONFIGURATIONENTRY(current:id:"s0"address:"localhost:15026"dataStreamAddress:"localhost:15029"clientAddress:"localhost:15028"adminAddress:"localhost:15027"startupRole:FOLLOWER, id:"s1"address:"localhost:15030"dataStreamAddress:"localhost:15033"clientAddress:"localhost:15032"adminAddress:"localhost:15031"startupRole:FOLLOWER, id:"s2"address:"localhost:15034"dataStreamAddress:"localhost:15037"clientAddress:"localhost:15036"adminAddress:"localhost:15035"startupRole:FOLLOWER, old:)
org.apache.ratis.protocol.exceptions.ServerNotReadyException: s0@group-D7B70F6236D3 is not in [STARTING, RUNNING]: current state is CLOSING
	at org.apache.ratis.server.impl.RaftServerImpl.lambda$assertLifeCycleState$7(RaftServerImpl.java:783)
	at org.apache.ratis.util.LifeCycle.assertCurrentState(LifeCycle.java:260)
	at org.apache.ratis.server.impl.RaftServerImpl.assertLifeCycleState(RaftServerImpl.java:782)
	at org.apache.ratis.server.impl.RaftServerImpl.appendEntriesAsync(RaftServerImpl.java:1501)
	at org.apache.ratis.server.impl.RaftServerProxy.lambda$null$28(RaftServerProxy.java:655)
	at org.apache.ratis.util.JavaUtils.callAsUnchecked(JavaUtils.java:118)
	at org.apache.ratis.server.impl.RaftServerImpl.lambda$executeSubmitServerRequestAsync$10(RaftServerImpl.java:899)
	at java.util.concurrent.CompletableFuture$AsyncSupply.run(CompletableFuture.java:1604)
	at java.util.concurrent.ThreadPoolExecutor.runWorker(ThreadPoolExecutor.java:1149)
	at java.util.concurrent.ThreadPoolExecutor$Worker.run(ThreadPoolExecutor.java:624)
	at java.lang.Thread.run(Thread.java:750)
2024-09-29 22:58:05,451 [grpc-default-executor-11] WARN  server.GrpcServerProtocolService (LogUtils.java:warn(123)) - s0: Failed APPEND_ENTRIES request cid=1, isHeartbeat? false
java.util.concurrent.CompletionException: org.apache.ratis.protocol.exceptions.ServerNotReadyException: s0@group-D7B70F6236D3 is not in [STARTING, RUNNING]: current state is CLOSING
	at org.apache.ratis.util.JavaUtils.callAsUnchecked(JavaUtils.java:122)
	at org.apache.ratis.server.impl.RaftServerImpl.lambda$executeSubmitServerRequestAsync$10(RaftServerImpl.java:899)
	at java.util.concurrent.CompletableFuture$AsyncSupply.run(CompletableFuture.java:1604)
	at java.util.concurrent.ThreadPoolExecutor.runWorker(ThreadPoolExecutor.java:1149)
	at java.util.concurrent.ThreadPoolExecutor$Worker.run(ThreadPoolExecutor.java:624)
	at java.lang.Thread.run(Thread.java:750)
Caused by: org.apache.ratis.protocol.exceptions.ServerNotReadyException: s0@group-D7B70F6236D3 is not in [STARTING, RUNNING]: current state is CLOSING
	at org.apache.ratis.server.impl.RaftServerImpl.lambda$assertLifeCycleState$7(RaftServerImpl.java:783)
	at org.apache.ratis.util.LifeCycle.assertCurrentState(LifeCycle.java:260)
	at org.apache.ratis.server.impl.RaftServerImpl.assertLifeCycleState(RaftServerImpl.java:782)
	at org.apache.ratis.server.impl.RaftServerImpl.appendEntriesAsync(RaftServerImpl.java:1501)
	at org.apache.ratis.server.impl.RaftServerProxy.lambda$null$28(RaftServerProxy.java:655)
	at org.apache.ratis.util.JavaUtils.callAsUnchecked(JavaUtils.java:118)
	... 5 more
2024-09-29 22:58:05,451 [s0-server-thread2] ERROR server.RaftServer$Division (RaftServerImpl.java:appendEntriesAsync(1510)) - s0@group-D7B70F6236D3: Failed appendEntries* s2->s0#7-t2,previous=(t:0, i:0),leaderCommit=0,initializing? false,HEARTBEAT
org.apache.ratis.protocol.exceptions.ServerNotReadyException: s0@group-D7B70F6236D3 is not in [STARTING, RUNNING]: current state is CLOSING
	at org.apache.ratis.server.impl.RaftServerImpl.lambda$assertLifeCycleState$7(RaftServerImpl.java:783)
	at org.apache.ratis.util.LifeCycle.assertCurrentState(LifeCycle.java:260)
	at org.apache.ratis.server.impl.RaftServerImpl.assertLifeCycleState(RaftServerImpl.java:782)
	at org.apache.ratis.server.impl.RaftServerImpl.appendEntriesAsync(RaftServerImpl.java:1501)
	at org.apache.ratis.server.impl.RaftServerProxy.lambda$null$28(RaftServerProxy.java:655)
	at org.apache.ratis.util.JavaUtils.callAsUnchecked(JavaUtils.java:118)
	at org.apache.ratis.server.impl.RaftServerImpl.lambda$executeSubmitServerRequestAsync$10(RaftServerImpl.java:899)
	at java.util.concurrent.CompletableFuture$AsyncSupply.run(CompletableFuture.java:1604)
	at java.util.concurrent.ThreadPoolExecutor.runWorker(ThreadPoolExecutor.java:1149)
	at java.util.concurrent.ThreadPoolExecutor$Worker.run(ThreadPoolExecutor.java:624)
	at java.lang.Thread.run(Thread.java:750)
2024-09-29 22:58:05,452 [s0-server-thread2] ERROR server.RaftServer$Division (RaftServerImpl.java:appendEntriesAsync(1510)) - s0@group-D7B70F6236D3: Failed appendEntries* s2->s0#8-t2,previous=(t:0, i:0),leaderCommit=0,initializing? false,HEARTBEAT
org.apache.ratis.protocol.exceptions.ServerNotReadyException: s0@group-D7B70F6236D3 is not in [STARTING, RUNNING]: current state is CLOSING
	at org.apache.ratis.server.impl.RaftServerImpl.lambda$assertLifeCycleState$7(RaftServerImpl.java:783)
	at org.apache.ratis.util.LifeCycle.assertCurrentState(LifeCycle.java:260)
	at org.apache.ratis.server.impl.RaftServerImpl.assertLifeCycleState(RaftServerImpl.java:782)
	at org.apache.ratis.server.impl.RaftServerImpl.appendEntriesAsync(RaftServerImpl.java:1501)
	at org.apache.ratis.server.impl.RaftServerProxy.lambda$null$28(RaftServerProxy.java:655)
	at org.apache.ratis.util.JavaUtils.callAsUnchecked(JavaUtils.java:118)
	at org.apache.ratis.server.impl.RaftServerImpl.lambda$executeSubmitServerRequestAsync$10(RaftServerImpl.java:899)
	at java.util.concurrent.CompletableFuture$AsyncSupply.run(CompletableFuture.java:1604)
	at java.util.concurrent.ThreadPoolExecutor.runWorker(ThreadPoolExecutor.java:1149)
	at java.util.concurrent.ThreadPoolExecutor$Worker.run(ThreadPoolExecutor.java:624)
	at java.lang.Thread.run(Thread.java:750)
2024-09-29 22:58:05,452 [s0-server-thread2] ERROR server.RaftServer$Division (RaftServerImpl.java:appendEntriesAsync(1510)) - s0@group-D7B70F6236D3: Failed appendEntries* s2->s0#9-t2,previous=(t:0, i:0),leaderCommit=0,initializing? false,HEARTBEAT
org.apache.ratis.protocol.exceptions.ServerNotReadyException: s0@group-D7B70F6236D3 is not in [STARTING, RUNNING]: current state is CLOSING
	at org.apache.ratis.server.impl.RaftServerImpl.lambda$assertLifeCycleState$7(RaftServerImpl.java:783)
	at org.apache.ratis.util.LifeCycle.assertCurrentState(LifeCycle.java:260)
	at org.apache.ratis.server.impl.RaftServerImpl.assertLifeCycleState(RaftServerImpl.java:782)
	at org.apache.ratis.server.impl.RaftServerImpl.appendEntriesAsync(RaftServerImpl.java:1501)
	at org.apache.ratis.server.impl.RaftServerProxy.lambda$null$28(RaftServerProxy.java:655)
	at org.apache.ratis.util.JavaUtils.callAsUnchecked(JavaUtils.java:118)
	at org.apache.ratis.server.impl.RaftServerImpl.lambda$executeSubmitServerRequestAsync$10(RaftServerImpl.java:899)
	at java.util.concurrent.CompletableFuture$AsyncSupply.run(CompletableFuture.java:1604)
	at java.util.concurrent.ThreadPoolExecutor.runWorker(ThreadPoolExecutor.java:1149)
	at java.util.concurrent.ThreadPoolExecutor$Worker.run(ThreadPoolExecutor.java:624)
	at java.lang.Thread.run(Thread.java:750)
2024-09-29 22:58:05,453 [s0-server-thread2] ERROR server.RaftServer$Division (RaftServerImpl.java:appendEntriesAsync(1510)) - s0@group-D7B70F6236D3: Failed appendEntries* s2->s0#10-t2,previous=(t:0, i:0),leaderCommit=0,initializing? false,HEARTBEAT
org.apache.ratis.protocol.exceptions.ServerNotReadyException: s0@group-D7B70F6236D3 is not in [STARTING, RUNNING]: current state is CLOSING
	at org.apache.ratis.server.impl.RaftServerImpl.lambda$assertLifeCycleState$7(RaftServerImpl.java:783)
	at org.apache.ratis.util.LifeCycle.assertCurrentState(LifeCycle.java:260)
	at org.apache.ratis.server.impl.RaftServerImpl.assertLifeCycleState(RaftServerImpl.java:782)
	at org.apache.ratis.server.impl.RaftServerImpl.appendEntriesAsync(RaftServerImpl.java:1501)
	at org.apache.ratis.server.impl.RaftServerProxy.lambda$null$28(RaftServerProxy.java:655)
	at org.apache.ratis.util.JavaUtils.callAsUnchecked(JavaUtils.java:118)
	at org.apache.ratis.server.impl.RaftServerImpl.lambda$executeSubmitServerRequestAsync$10(RaftServerImpl.java:899)
	at java.util.concurrent.CompletableFuture$AsyncSupply.run(CompletableFuture.java:1604)
	at java.util.concurrent.ThreadPoolExecutor.runWorker(ThreadPoolExecutor.java:1149)
	at java.util.concurrent.ThreadPoolExecutor$Worker.run(ThreadPoolExecutor.java:624)
	at java.lang.Thread.run(Thread.java:750)
2024-09-29 22:58:05,453 [s0-server-thread2] ERROR server.RaftServer$Division (RaftServerImpl.java:appendEntriesAsync(1510)) - s0@group-D7B70F6236D3: Failed appendEntries* s2->s0#11-t2,previous=(t:0, i:0),leaderCommit=0,initializing? false,HEARTBEAT
org.apache.ratis.protocol.exceptions.ServerNotReadyException: s0@group-D7B70F6236D3 is not in [STARTING, RUNNING]: current state is CLOSING
	at org.apache.ratis.server.impl.RaftServerImpl.lambda$assertLifeCycleState$7(RaftServerImpl.java:783)
	at org.apache.ratis.util.LifeCycle.assertCurrentState(LifeCycle.java:260)
	at org.apache.ratis.server.impl.RaftServerImpl.assertLifeCycleState(RaftServerImpl.java:782)
	at org.apache.ratis.server.impl.RaftServerImpl.appendEntriesAsync(RaftServerImpl.java:1501)
	at org.apache.ratis.server.impl.RaftServerProxy.lambda$null$28(RaftServerProxy.java:655)
	at org.apache.ratis.util.JavaUtils.callAsUnchecked(JavaUtils.java:118)
	at org.apache.ratis.server.impl.RaftServerImpl.lambda$executeSubmitServerRequestAsync$10(RaftServerImpl.java:899)
	at java.util.concurrent.CompletableFuture$AsyncSupply.run(CompletableFuture.java:1604)
	at java.util.concurrent.ThreadPoolExecutor.runWorker(ThreadPoolExecutor.java:1149)
	at java.util.concurrent.ThreadPoolExecutor$Worker.run(ThreadPoolExecutor.java:624)
	at java.lang.Thread.run(Thread.java:750)
2024-09-29 22:58:05,454 [s0-server-thread2] ERROR server.RaftServer$Division (RaftServerImpl.java:appendEntriesAsync(1510)) - s0@group-D7B70F6236D3: Failed appendEntries* s2->s0#12-t2,previous=(t:0, i:0),leaderCommit=0,initializing? false,HEARTBEAT
org.apache.ratis.protocol.exceptions.ServerNotReadyException: s0@group-D7B70F6236D3 is not in [STARTING, RUNNING]: current state is CLOSING
	at org.apache.ratis.server.impl.RaftServerImpl.lambda$assertLifeCycleState$7(RaftServerImpl.java:783)
	at org.apache.ratis.util.LifeCycle.assertCurrentState(LifeCycle.java:260)
	at org.apache.ratis.server.impl.RaftServerImpl.assertLifeCycleState(RaftServerImpl.java:782)
	at org.apache.ratis.server.impl.RaftServerImpl.appendEntriesAsync(RaftServerImpl.java:1501)
	at org.apache.ratis.server.impl.RaftServerProxy.lambda$null$28(RaftServerProxy.java:655)
	at org.apache.ratis.util.JavaUtils.callAsUnchecked(JavaUtils.java:118)
	at org.apache.ratis.server.impl.RaftServerImpl.lambda$executeSubmitServerRequestAsync$10(RaftServerImpl.java:899)
	at java.util.concurrent.CompletableFuture$AsyncSupply.run(CompletableFuture.java:1604)
	at java.util.concurrent.ThreadPoolExecutor.runWorker(ThreadPoolExecutor.java:1149)
	at java.util.concurrent.ThreadPoolExecutor$Worker.run(ThreadPoolExecutor.java:624)
	at java.lang.Thread.run(Thread.java:750)
2024-09-29 22:58:05,454 [grpc-default-executor-8] INFO  server.GrpcLogAppender (GrpcLogAppender.java:onError(546)) - s2@group-D7B70F6236D3->s0-GrpcLogAppender is already stopped
2024-09-29 22:58:05,454 [s0-server-thread2] ERROR server.RaftServer$Division (RaftServerImpl.java:appendEntriesAsync(1510)) - s0@group-D7B70F6236D3: Failed appendEntries* s2->s0#13-t2,previous=(t:0, i:0),leaderCommit=0,initializing? false,HEARTBEAT
org.apache.ratis.protocol.exceptions.ServerNotReadyException: s0@group-D7B70F6236D3 is not in [STARTING, RUNNING]: current state is CLOSING
	at org.apache.ratis.server.impl.RaftServerImpl.lambda$assertLifeCycleState$7(RaftServerImpl.java:783)
	at org.apache.ratis.util.LifeCycle.assertCurrentState(LifeCycle.java:260)
	at org.apache.ratis.server.impl.RaftServerImpl.assertLifeCycleState(RaftServerImpl.java:782)
	at org.apache.ratis.server.impl.RaftServerImpl.appendEntriesAsync(RaftServerImpl.java:1501)
	at org.apache.ratis.server.impl.RaftServerProxy.lambda$null$28(RaftServerProxy.java:655)
	at org.apache.ratis.util.JavaUtils.callAsUnchecked(JavaUtils.java:118)
	at org.apache.ratis.server.impl.RaftServerImpl.lambda$executeSubmitServerRequestAsync$10(RaftServerImpl.java:899)
	at java.util.concurrent.CompletableFuture$AsyncSupply.run(CompletableFuture.java:1604)
	at java.util.concurrent.ThreadPoolExecutor.runWorker(ThreadPoolExecutor.java:1149)
	at java.util.concurrent.ThreadPoolExecutor$Worker.run(ThreadPoolExecutor.java:624)
	at java.lang.Thread.run(Thread.java:750)
2024-09-29 22:58:05,454 [s0-server-thread2] ERROR server.RaftServer$Division (RaftServerImpl.java:appendEntriesAsync(1510)) - s0@group-D7B70F6236D3: Failed appendEntries* s2->s0#14-t2,previous=(t:0, i:0),leaderCommit=0,initializing? false,HEARTBEAT
org.apache.ratis.protocol.exceptions.ServerNotReadyException: s0@group-D7B70F6236D3 is not in [STARTING, RUNNING]: current state is CLOSING
	at org.apache.ratis.server.impl.RaftServerImpl.lambda$assertLifeCycleState$7(RaftServerImpl.java:783)
	at org.apache.ratis.util.LifeCycle.assertCurrentState(LifeCycle.java:260)
	at org.apache.ratis.server.impl.RaftServerImpl.assertLifeCycleState(RaftServerImpl.java:782)
	at org.apache.ratis.server.impl.RaftServerImpl.appendEntriesAsync(RaftServerImpl.java:1501)
	at org.apache.ratis.server.impl.RaftServerProxy.lambda$null$28(RaftServerProxy.java:655)
	at org.apache.ratis.util.JavaUtils.callAsUnchecked(JavaUtils.java:118)
	at org.apache.ratis.server.impl.RaftServerImpl.lambda$executeSubmitServerRequestAsync$10(RaftServerImpl.java:899)
	at java.util.concurrent.CompletableFuture$AsyncSupply.run(CompletableFuture.java:1604)
	at java.util.concurrent.ThreadPoolExecutor.runWorker(ThreadPoolExecutor.java:1149)
	at java.util.concurrent.ThreadPoolExecutor$Worker.run(ThreadPoolExecutor.java:624)
	at java.lang.Thread.run(Thread.java:750)
2024-09-29 22:58:05,455 [s0-server-thread2] ERROR server.RaftServer$Division (RaftServerImpl.java:appendEntriesAsync(1510)) - s0@group-D7B70F6236D3: Failed appendEntries* s2->s0#15-t2,previous=(t:0, i:0),leaderCommit=0,initializing? false,HEARTBEAT
org.apache.ratis.protocol.exceptions.ServerNotReadyException: s0@group-D7B70F6236D3 is not in [STARTING, RUNNING]: current state is CLOSING
	at org.apache.ratis.server.impl.RaftServerImpl.lambda$assertLifeCycleState$7(RaftServerImpl.java:783)
	at org.apache.ratis.util.LifeCycle.assertCurrentState(LifeCycle.java:260)
	at org.apache.ratis.server.impl.RaftServerImpl.assertLifeCycleState(RaftServerImpl.java:782)
	at org.apache.ratis.server.impl.RaftServerImpl.appendEntriesAsync(RaftServerImpl.java:1501)
	at org.apache.ratis.server.impl.RaftServerProxy.lambda$null$28(RaftServerProxy.java:655)
	at org.apache.ratis.util.JavaUtils.callAsUnchecked(JavaUtils.java:118)
	at org.apache.ratis.server.impl.RaftServerImpl.lambda$executeSubmitServerRequestAsync$10(RaftServerImpl.java:899)
	at java.util.concurrent.CompletableFuture$AsyncSupply.run(CompletableFuture.java:1604)
	at java.util.concurrent.ThreadPoolExecutor.runWorker(ThreadPoolExecutor.java:1149)
	at java.util.concurrent.ThreadPoolExecutor$Worker.run(ThreadPoolExecutor.java:624)
	at java.lang.Thread.run(Thread.java:750)
2024-09-29 22:58:05,455 [s0-server-thread2] ERROR server.RaftServer$Division (RaftServerImpl.java:appendEntriesAsync(1510)) - s0@group-D7B70F6236D3: Failed appendEntries* s2->s0#16-t2,previous=(t:0, i:0),leaderCommit=0,initializing? false,HEARTBEAT
org.apache.ratis.protocol.exceptions.ServerNotReadyException: s0@group-D7B70F6236D3 is not in [STARTING, RUNNING]: current state is CLOSING
	at org.apache.ratis.server.impl.RaftServerImpl.lambda$assertLifeCycleState$7(RaftServerImpl.java:783)
	at org.apache.ratis.util.LifeCycle.assertCurrentState(LifeCycle.java:260)
	at org.apache.ratis.server.impl.RaftServerImpl.assertLifeCycleState(RaftServerImpl.java:782)
	at org.apache.ratis.server.impl.RaftServerImpl.appendEntriesAsync(RaftServerImpl.java:1501)
	at org.apache.ratis.server.impl.RaftServerProxy.lambda$null$28(RaftServerProxy.java:655)
	at org.apache.ratis.util.JavaUtils.callAsUnchecked(JavaUtils.java:118)
	at org.apache.ratis.server.impl.RaftServerImpl.lambda$executeSubmitServerRequestAsync$10(RaftServerImpl.java:899)
	at java.util.concurrent.CompletableFuture$AsyncSupply.run(CompletableFuture.java:1604)
	at java.util.concurrent.ThreadPoolExecutor.runWorker(ThreadPoolExecutor.java:1149)
	at java.util.concurrent.ThreadPoolExecutor$Worker.run(ThreadPoolExecutor.java:624)
	at java.lang.Thread.run(Thread.java:750)
2024-09-29 22:58:05,455 [s0-server-thread2] ERROR server.RaftServer$Division (RaftServerImpl.java:appendEntriesAsync(1510)) - s0@group-D7B70F6236D3: Failed appendEntries* s2->s0#17-t2,previous=(t:0, i:0),leaderCommit=0,initializing? false,HEARTBEAT
org.apache.ratis.protocol.exceptions.ServerNotReadyException: s0@group-D7B70F6236D3 is not in [STARTING, RUNNING]: current state is CLOSING
	at org.apache.ratis.server.impl.RaftServerImpl.lambda$assertLifeCycleState$7(RaftServerImpl.java:783)
	at org.apache.ratis.util.LifeCycle.assertCurrentState(LifeCycle.java:260)
	at org.apache.ratis.server.impl.RaftServerImpl.assertLifeCycleState(RaftServerImpl.java:782)
	at org.apache.ratis.server.impl.RaftServerImpl.appendEntriesAsync(RaftServerImpl.java:1501)
	at org.apache.ratis.server.impl.RaftServerProxy.lambda$null$28(RaftServerProxy.java:655)
	at org.apache.ratis.util.JavaUtils.callAsUnchecked(JavaUtils.java:118)
	at org.apache.ratis.server.impl.RaftServerImpl.lambda$executeSubmitServerRequestAsync$10(RaftServerImpl.java:899)
	at java.util.concurrent.CompletableFuture$AsyncSupply.run(CompletableFuture.java:1604)
	at java.util.concurrent.ThreadPoolExecutor.runWorker(ThreadPoolExecutor.java:1149)
	at java.util.concurrent.ThreadPoolExecutor$Worker.run(ThreadPoolExecutor.java:624)
	at java.lang.Thread.run(Thread.java:750)
2024-09-29 22:58:05,455 [s0-server-thread2] ERROR server.RaftServer$Division (RaftServerImpl.java:appendEntriesAsync(1510)) - s0@group-D7B70F6236D3: Failed appendEntries* s2->s0#18-t2,previous=(t:0, i:0),leaderCommit=0,initializing? false,HEARTBEAT
org.apache.ratis.protocol.exceptions.ServerNotReadyException: s0@group-D7B70F6236D3 is not in [STARTING, RUNNING]: current state is CLOSING
	at org.apache.ratis.server.impl.RaftServerImpl.lambda$assertLifeCycleState$7(RaftServerImpl.java:783)
	at org.apache.ratis.util.LifeCycle.assertCurrentState(LifeCycle.java:260)
	at org.apache.ratis.server.impl.RaftServerImpl.assertLifeCycleState(RaftServerImpl.java:782)
	at org.apache.ratis.server.impl.RaftServerImpl.appendEntriesAsync(RaftServerImpl.java:1501)
	at org.apache.ratis.server.impl.RaftServerProxy.lambda$null$28(RaftServerProxy.java:655)
	at org.apache.ratis.util.JavaUtils.callAsUnchecked(JavaUtils.java:118)
	at org.apache.ratis.server.impl.RaftServerImpl.lambda$executeSubmitServerRequestAsync$10(RaftServerImpl.java:899)
	at java.util.concurrent.CompletableFuture$AsyncSupply.run(CompletableFuture.java:1604)
	at java.util.concurrent.ThreadPoolExecutor.runWorker(ThreadPoolExecutor.java:1149)
	at java.util.concurrent.ThreadPoolExecutor$Worker.run(ThreadPoolExecutor.java:624)
	at java.lang.Thread.run(Thread.java:750)
2024-09-29 22:58:05,456 [s0-server-thread2] ERROR server.RaftServer$Division (RaftServerImpl.java:appendEntriesAsync(1510)) - s0@group-D7B70F6236D3: Failed appendEntries* s2->s0#19-t2,previous=(t:0, i:0),leaderCommit=0,initializing? false,HEARTBEAT
org.apache.ratis.protocol.exceptions.ServerNotReadyException: s0@group-D7B70F6236D3 is not in [STARTING, RUNNING]: current state is CLOSING
	at org.apache.ratis.server.impl.RaftServerImpl.lambda$assertLifeCycleState$7(RaftServerImpl.java:783)
	at org.apache.ratis.util.LifeCycle.assertCurrentState(LifeCycle.java:260)
	at org.apache.ratis.server.impl.RaftServerImpl.assertLifeCycleState(RaftServerImpl.java:782)
	at org.apache.ratis.server.impl.RaftServerImpl.appendEntriesAsync(RaftServerImpl.java:1501)
	at org.apache.ratis.server.impl.RaftServerProxy.lambda$null$28(RaftServerProxy.java:655)
	at org.apache.ratis.util.JavaUtils.callAsUnchecked(JavaUtils.java:118)
	at org.apache.ratis.server.impl.RaftServerImpl.lambda$executeSubmitServerRequestAsync$10(RaftServerImpl.java:899)
	at java.util.concurrent.CompletableFuture$AsyncSupply.run(CompletableFuture.java:1604)
	at java.util.concurrent.ThreadPoolExecutor.runWorker(ThreadPoolExecutor.java:1149)
	at java.util.concurrent.ThreadPoolExecutor$Worker.run(ThreadPoolExecutor.java:624)
	at java.lang.Thread.run(Thread.java:750)
2024-09-29 22:58:05,456 [s0-server-thread2] ERROR server.RaftServer$Division (RaftServerImpl.java:appendEntriesAsync(1510)) - s0@group-D7B70F6236D3: Failed appendEntries* s2->s0#20-t2,previous=(t:0, i:0),leaderCommit=0,initializing? false,HEARTBEAT
org.apache.ratis.protocol.exceptions.ServerNotReadyException: s0@group-D7B70F6236D3 is not in [STARTING, RUNNING]: current state is CLOSING
	at org.apache.ratis.server.impl.RaftServerImpl.lambda$assertLifeCycleState$7(RaftServerImpl.java:783)
	at org.apache.ratis.util.LifeCycle.assertCurrentState(LifeCycle.java:260)
	at org.apache.ratis.server.impl.RaftServerImpl.assertLifeCycleState(RaftServerImpl.java:782)
	at org.apache.ratis.server.impl.RaftServerImpl.appendEntriesAsync(RaftServerImpl.java:1501)
	at org.apache.ratis.server.impl.RaftServerProxy.lambda$null$28(RaftServerProxy.java:655)
	at org.apache.ratis.util.JavaUtils.callAsUnchecked(JavaUtils.java:118)
	at org.apache.ratis.server.impl.RaftServerImpl.lambda$executeSubmitServerRequestAsync$10(RaftServerImpl.java:899)
	at java.util.concurrent.CompletableFuture$AsyncSupply.run(CompletableFuture.java:1604)
	at java.util.concurrent.ThreadPoolExecutor.runWorker(ThreadPoolExecutor.java:1149)
	at java.util.concurrent.ThreadPoolExecutor$Worker.run(ThreadPoolExecutor.java:624)
	at java.lang.Thread.run(Thread.java:750)
2024-09-29 22:58:05,457 [s0-server-thread2] ERROR server.RaftServer$Division (RaftServerImpl.java:appendEntriesAsync(1510)) - s0@group-D7B70F6236D3: Failed appendEntries* s2->s0#21-t2,previous=(t:0, i:0),leaderCommit=0,initializing? false,HEARTBEAT
org.apache.ratis.protocol.exceptions.ServerNotReadyException: s0@group-D7B70F6236D3 is not in [STARTING, RUNNING]: current state is CLOSING
	at org.apache.ratis.server.impl.RaftServerImpl.lambda$assertLifeCycleState$7(RaftServerImpl.java:783)
	at org.apache.ratis.util.LifeCycle.assertCurrentState(LifeCycle.java:260)
	at org.apache.ratis.server.impl.RaftServerImpl.assertLifeCycleState(RaftServerImpl.java:782)
	at org.apache.ratis.server.impl.RaftServerImpl.appendEntriesAsync(RaftServerImpl.java:1501)
	at org.apache.ratis.server.impl.RaftServerProxy.lambda$null$28(RaftServerProxy.java:655)
	at org.apache.ratis.util.JavaUtils.callAsUnchecked(JavaUtils.java:118)
	at org.apache.ratis.server.impl.RaftServerImpl.lambda$executeSubmitServerRequestAsync$10(RaftServerImpl.java:899)
	at java.util.concurrent.CompletableFuture$AsyncSupply.run(CompletableFuture.java:1604)
	at java.util.concurrent.ThreadPoolExecutor.runWorker(ThreadPoolExecutor.java:1149)
	at java.util.concurrent.ThreadPoolExecutor$Worker.run(ThreadPoolExecutor.java:624)
	at java.lang.Thread.run(Thread.java:750)
2024-09-29 22:58:05,457 [s0-server-thread2] ERROR server.RaftServer$Division (RaftServerImpl.java:appendEntriesAsync(1510)) - s0@group-D7B70F6236D3: Failed appendEntries* s2->s0#22-t2,previous=(t:0, i:0),leaderCommit=0,initializing? false,HEARTBEAT
org.apache.ratis.protocol.exceptions.ServerNotReadyException: s0@group-D7B70F6236D3 is not in [STARTING, RUNNING]: current state is CLOSING
	at org.apache.ratis.server.impl.RaftServerImpl.lambda$assertLifeCycleState$7(RaftServerImpl.java:783)
	at org.apache.ratis.util.LifeCycle.assertCurrentState(LifeCycle.java:260)
	at org.apache.ratis.server.impl.RaftServerImpl.assertLifeCycleState(RaftServerImpl.java:782)
	at org.apache.ratis.server.impl.RaftServerImpl.appendEntriesAsync(RaftServerImpl.java:1501)
	at org.apache.ratis.server.impl.RaftServerProxy.lambda$null$28(RaftServerProxy.java:655)
	at org.apache.ratis.util.JavaUtils.callAsUnchecked(JavaUtils.java:118)
	at org.apache.ratis.server.impl.RaftServerImpl.lambda$executeSubmitServerRequestAsync$10(RaftServerImpl.java:899)
	at java.util.concurrent.CompletableFuture$AsyncSupply.run(CompletableFuture.java:1604)
	at java.util.concurrent.ThreadPoolExecutor.runWorker(ThreadPoolExecutor.java:1149)
	at java.util.concurrent.ThreadPoolExecutor$Worker.run(ThreadPoolExecutor.java:624)
	at java.lang.Thread.run(Thread.java:750)
2024-09-29 22:58:05,457 [s0-server-thread2] ERROR server.RaftServer$Division (RaftServerImpl.java:appendEntriesAsync(1510)) - s0@group-D7B70F6236D3: Failed appendEntries* s2->s0#23-t2,previous=(t:0, i:0),leaderCommit=0,initializing? false,HEARTBEAT
org.apache.ratis.protocol.exceptions.ServerNotReadyException: s0@group-D7B70F6236D3 is not in [STARTING, RUNNING]: current state is CLOSING
	at org.apache.ratis.server.impl.RaftServerImpl.lambda$assertLifeCycleState$7(RaftServerImpl.java:783)
	at org.apache.ratis.util.LifeCycle.assertCurrentState(LifeCycle.java:260)
	at org.apache.ratis.server.impl.RaftServerImpl.assertLifeCycleState(RaftServerImpl.java:782)
	at org.apache.ratis.server.impl.RaftServerImpl.appendEntriesAsync(RaftServerImpl.java:1501)
	at org.apache.ratis.server.impl.RaftServerProxy.lambda$null$28(RaftServerProxy.java:655)
	at org.apache.ratis.util.JavaUtils.callAsUnchecked(JavaUtils.java:118)
	at org.apache.ratis.server.impl.RaftServerImpl.lambda$executeSubmitServerRequestAsync$10(RaftServerImpl.java:899)
	at java.util.concurrent.CompletableFuture$AsyncSupply.run(CompletableFuture.java:1604)
	at java.util.concurrent.ThreadPoolExecutor.runWorker(ThreadPoolExecutor.java:1149)
	at java.util.concurrent.ThreadPoolExecutor$Worker.run(ThreadPoolExecutor.java:624)
	at java.lang.Thread.run(Thread.java:750)
2024-09-29 22:58:05,458 [s0-server-thread2] ERROR server.RaftServer$Division (RaftServerImpl.java:appendEntriesAsync(1510)) - s0@group-D7B70F6236D3: Failed appendEntries* s2->s0#24-t2,previous=(t:0, i:0),leaderCommit=0,initializing? false,HEARTBEAT
org.apache.ratis.protocol.exceptions.ServerNotReadyException: s0@group-D7B70F6236D3 is not in [STARTING, RUNNING]: current state is CLOSING
	at org.apache.ratis.server.impl.RaftServerImpl.lambda$assertLifeCycleState$7(RaftServerImpl.java:783)
	at org.apache.ratis.util.LifeCycle.assertCurrentState(LifeCycle.java:260)
	at org.apache.ratis.server.impl.RaftServerImpl.assertLifeCycleState(RaftServerImpl.java:782)
	at org.apache.ratis.server.impl.RaftServerImpl.appendEntriesAsync(RaftServerImpl.java:1501)
	at org.apache.ratis.server.impl.RaftServerProxy.lambda$null$28(RaftServerProxy.java:655)
	at org.apache.ratis.util.JavaUtils.callAsUnchecked(JavaUtils.java:118)
	at org.apache.ratis.server.impl.RaftServerImpl.lambda$executeSubmitServerRequestAsync$10(RaftServerImpl.java:899)
	at java.util.concurrent.CompletableFuture$AsyncSupply.run(CompletableFuture.java:1604)
	at java.util.concurrent.ThreadPoolExecutor.runWorker(ThreadPoolExecutor.java:1149)
	at java.util.concurrent.ThreadPoolExecutor$Worker.run(ThreadPoolExecutor.java:624)
	at java.lang.Thread.run(Thread.java:750)
2024-09-29 22:58:05,458 [s0-server-thread2] ERROR server.RaftServer$Division (RaftServerImpl.java:appendEntriesAsync(1510)) - s0@group-D7B70F6236D3: Failed appendEntries* s2->s0#25-t2,previous=(t:0, i:0),leaderCommit=0,initializing? false,HEARTBEAT
org.apache.ratis.protocol.exceptions.ServerNotReadyException: s0@group-D7B70F6236D3 is not in [STARTING, RUNNING]: current state is CLOSING
	at org.apache.ratis.server.impl.RaftServerImpl.lambda$assertLifeCycleState$7(RaftServerImpl.java:783)
	at org.apache.ratis.util.LifeCycle.assertCurrentState(LifeCycle.java:260)
	at org.apache.ratis.server.impl.RaftServerImpl.assertLifeCycleState(RaftServerImpl.java:782)
	at org.apache.ratis.server.impl.RaftServerImpl.appendEntriesAsync(RaftServerImpl.java:1501)
	at org.apache.ratis.server.impl.RaftServerProxy.lambda$null$28(RaftServerProxy.java:655)
	at org.apache.ratis.util.JavaUtils.callAsUnchecked(JavaUtils.java:118)
	at org.apache.ratis.server.impl.RaftServerImpl.lambda$executeSubmitServerRequestAsync$10(RaftServerImpl.java:899)
	at java.util.concurrent.CompletableFuture$AsyncSupply.run(CompletableFuture.java:1604)
	at java.util.concurrent.ThreadPoolExecutor.runWorker(ThreadPoolExecutor.java:1149)
	at java.util.concurrent.ThreadPoolExecutor$Worker.run(ThreadPoolExecutor.java:624)
	at java.lang.Thread.run(Thread.java:750)
2024-09-29 22:58:05,458 [s0-server-thread2] ERROR server.RaftServer$Division (RaftServerImpl.java:appendEntriesAsync(1510)) - s0@group-D7B70F6236D3: Failed appendEntries* s2->s0#26-t2,previous=(t:0, i:0),leaderCommit=0,initializing? false,HEARTBEAT
org.apache.ratis.protocol.exceptions.ServerNotReadyException: s0@group-D7B70F6236D3 is not in [STARTING, RUNNING]: current state is CLOSING
	at org.apache.ratis.server.impl.RaftServerImpl.lambda$assertLifeCycleState$7(RaftServerImpl.java:783)
	at org.apache.ratis.util.LifeCycle.assertCurrentState(LifeCycle.java:260)
	at org.apache.ratis.server.impl.RaftServerImpl.assertLifeCycleState(RaftServerImpl.java:782)
	at org.apache.ratis.server.impl.RaftServerImpl.appendEntriesAsync(RaftServerImpl.java:1501)
	at org.apache.ratis.server.impl.RaftServerProxy.lambda$null$28(RaftServerProxy.java:655)
	at org.apache.ratis.util.JavaUtils.callAsUnchecked(JavaUtils.java:118)
	at org.apache.ratis.server.impl.RaftServerImpl.lambda$executeSubmitServerRequestAsync$10(RaftServerImpl.java:899)
	at java.util.concurrent.CompletableFuture$AsyncSupply.run(CompletableFuture.java:1604)
	at java.util.concurrent.ThreadPoolExecutor.runWorker(ThreadPoolExecutor.java:1149)
	at java.util.concurrent.ThreadPoolExecutor$Worker.run(ThreadPoolExecutor.java:624)
	at java.lang.Thread.run(Thread.java:750)
2024-09-29 22:58:05,459 [s0-server-thread2] ERROR server.RaftServer$Division (RaftServerImpl.java:appendEntriesAsync(1510)) - s0@group-D7B70F6236D3: Failed appendEntries* s2->s0#27-t2,previous=(t:0, i:0),leaderCommit=0,initializing? false,HEARTBEAT
org.apache.ratis.protocol.exceptions.ServerNotReadyException: s0@group-D7B70F6236D3 is not in [STARTING, RUNNING]: current state is CLOSING
	at org.apache.ratis.server.impl.RaftServerImpl.lambda$assertLifeCycleState$7(RaftServerImpl.java:783)
	at org.apache.ratis.util.LifeCycle.assertCurrentState(LifeCycle.java:260)
	at org.apache.ratis.server.impl.RaftServerImpl.assertLifeCycleState(RaftServerImpl.java:782)
	at org.apache.ratis.server.impl.RaftServerImpl.appendEntriesAsync(RaftServerImpl.java:1501)
	at org.apache.ratis.server.impl.RaftServerProxy.lambda$null$28(RaftServerProxy.java:655)
	at org.apache.ratis.util.JavaUtils.callAsUnchecked(JavaUtils.java:118)
	at org.apache.ratis.server.impl.RaftServerImpl.lambda$executeSubmitServerRequestAsync$10(RaftServerImpl.java:899)
	at java.util.concurrent.CompletableFuture$AsyncSupply.run(CompletableFuture.java:1604)
	at java.util.concurrent.ThreadPoolExecutor.runWorker(ThreadPoolExecutor.java:1149)
	at java.util.concurrent.ThreadPoolExecutor$Worker.run(ThreadPoolExecutor.java:624)
	at java.lang.Thread.run(Thread.java:750)
2024-09-29 22:58:05,459 [s0-server-thread2] ERROR server.RaftServer$Division (RaftServerImpl.java:appendEntriesAsync(1510)) - s0@group-D7B70F6236D3: Failed appendEntries* s2->s0#28-t2,previous=(t:0, i:0),leaderCommit=0,initializing? false,HEARTBEAT
org.apache.ratis.protocol.exceptions.ServerNotReadyException: s0@group-D7B70F6236D3 is not in [STARTING, RUNNING]: current state is CLOSING
	at org.apache.ratis.server.impl.RaftServerImpl.lambda$assertLifeCycleState$7(RaftServerImpl.java:783)
	at org.apache.ratis.util.LifeCycle.assertCurrentState(LifeCycle.java:260)
	at org.apache.ratis.server.impl.RaftServerImpl.assertLifeCycleState(RaftServerImpl.java:782)
	at org.apache.ratis.server.impl.RaftServerImpl.appendEntriesAsync(RaftServerImpl.java:1501)
	at org.apache.ratis.server.impl.RaftServerProxy.lambda$null$28(RaftServerProxy.java:655)
	at org.apache.ratis.util.JavaUtils.callAsUnchecked(JavaUtils.java:118)
	at org.apache.ratis.server.impl.RaftServerImpl.lambda$executeSubmitServerRequestAsync$10(RaftServerImpl.java:899)
	at java.util.concurrent.CompletableFuture$AsyncSupply.run(CompletableFuture.java:1604)
	at java.util.concurrent.ThreadPoolExecutor.runWorker(ThreadPoolExecutor.java:1149)
	at java.util.concurrent.ThreadPoolExecutor$Worker.run(ThreadPoolExecutor.java:624)
	at java.lang.Thread.run(Thread.java:750)
2024-09-29 22:58:05,459 [s0-server-thread2] ERROR server.RaftServer$Division (RaftServerImpl.java:appendEntriesAsync(1510)) - s0@group-D7B70F6236D3: Failed appendEntries* s2->s0#29-t2,previous=(t:0, i:0),leaderCommit=0,initializing? false,HEARTBEAT
org.apache.ratis.protocol.exceptions.ServerNotReadyException: s0@group-D7B70F6236D3 is not in [STARTING, RUNNING]: current state is CLOSING
	at org.apache.ratis.server.impl.RaftServerImpl.lambda$assertLifeCycleState$7(RaftServerImpl.java:783)
	at org.apache.ratis.util.LifeCycle.assertCurrentState(LifeCycle.java:260)
	at org.apache.ratis.server.impl.RaftServerImpl.assertLifeCycleState(RaftServerImpl.java:782)
	at org.apache.ratis.server.impl.RaftServerImpl.appendEntriesAsync(RaftServerImpl.java:1501)
	at org.apache.ratis.server.impl.RaftServerProxy.lambda$null$28(RaftServerProxy.java:655)
	at org.apache.ratis.util.JavaUtils.callAsUnchecked(JavaUtils.java:118)
	at org.apache.ratis.server.impl.RaftServerImpl.lambda$executeSubmitServerRequestAsync$10(RaftServerImpl.java:899)
	at java.util.concurrent.CompletableFuture$AsyncSupply.run(CompletableFuture.java:1604)
	at java.util.concurrent.ThreadPoolExecutor.runWorker(ThreadPoolExecutor.java:1149)
	at java.util.concurrent.ThreadPoolExecutor$Worker.run(ThreadPoolExecutor.java:624)
	at java.lang.Thread.run(Thread.java:750)
2024-09-29 22:58:05,460 [s0-server-thread2] ERROR server.RaftServer$Division (RaftServerImpl.java:appendEntriesAsync(1510)) - s0@group-D7B70F6236D3: Failed appendEntries* s2->s0#30-t2,previous=(t:0, i:0),leaderCommit=0,initializing? false,HEARTBEAT
org.apache.ratis.protocol.exceptions.ServerNotReadyException: s0@group-D7B70F6236D3 is not in [STARTING, RUNNING]: current state is CLOSING
	at org.apache.ratis.server.impl.RaftServerImpl.lambda$assertLifeCycleState$7(RaftServerImpl.java:783)
	at org.apache.ratis.util.LifeCycle.assertCurrentState(LifeCycle.java:260)
	at org.apache.ratis.server.impl.RaftServerImpl.assertLifeCycleState(RaftServerImpl.java:782)
	at org.apache.ratis.server.impl.RaftServerImpl.appendEntriesAsync(RaftServerImpl.java:1501)
	at org.apache.ratis.server.impl.RaftServerProxy.lambda$null$28(RaftServerProxy.java:655)
	at org.apache.ratis.util.JavaUtils.callAsUnchecked(JavaUtils.java:118)
	at org.apache.ratis.server.impl.RaftServerImpl.lambda$executeSubmitServerRequestAsync$10(RaftServerImpl.java:899)
	at java.util.concurrent.CompletableFuture$AsyncSupply.run(CompletableFuture.java:1604)
	at java.util.concurrent.ThreadPoolExecutor.runWorker(ThreadPoolExecutor.java:1149)
	at java.util.concurrent.ThreadPoolExecutor$Worker.run(ThreadPoolExecutor.java:624)
	at java.lang.Thread.run(Thread.java:750)
2024-09-29 22:58:05,460 [s0-server-thread2] ERROR server.RaftServer$Division (RaftServerImpl.java:appendEntriesAsync(1510)) - s0@group-D7B70F6236D3: Failed appendEntries* s2->s0#31-t2,previous=(t:0, i:0),leaderCommit=0,initializing? false,HEARTBEAT
org.apache.ratis.protocol.exceptions.ServerNotReadyException: s0@group-D7B70F6236D3 is not in [STARTING, RUNNING]: current state is CLOSING
	at org.apache.ratis.server.impl.RaftServerImpl.lambda$assertLifeCycleState$7(RaftServerImpl.java:783)
	at org.apache.ratis.util.LifeCycle.assertCurrentState(LifeCycle.java:260)
	at org.apache.ratis.server.impl.RaftServerImpl.assertLifeCycleState(RaftServerImpl.java:782)
	at org.apache.ratis.server.impl.RaftServerImpl.appendEntriesAsync(RaftServerImpl.java:1501)
	at org.apache.ratis.server.impl.RaftServerProxy.lambda$null$28(RaftServerProxy.java:655)
	at org.apache.ratis.util.JavaUtils.callAsUnchecked(JavaUtils.java:118)
	at org.apache.ratis.server.impl.RaftServerImpl.lambda$executeSubmitServerRequestAsync$10(RaftServerImpl.java:899)
	at java.util.concurrent.CompletableFuture$AsyncSupply.run(CompletableFuture.java:1604)
	at java.util.concurrent.ThreadPoolExecutor.runWorker(ThreadPoolExecutor.java:1149)
	at java.util.concurrent.ThreadPoolExecutor$Worker.run(ThreadPoolExecutor.java:624)
	at java.lang.Thread.run(Thread.java:750)
2024-09-29 22:58:05,460 [s0-server-thread2] ERROR server.RaftServer$Division (RaftServerImpl.java:appendEntriesAsync(1510)) - s0@group-D7B70F6236D3: Failed appendEntries* s2->s0#32-t2,previous=(t:0, i:0),leaderCommit=0,initializing? false,HEARTBEAT
org.apache.ratis.protocol.exceptions.ServerNotReadyException: s0@group-D7B70F6236D3 is not in [STARTING, RUNNING]: current state is CLOSING
	at org.apache.ratis.server.impl.RaftServerImpl.lambda$assertLifeCycleState$7(RaftServerImpl.java:783)
	at org.apache.ratis.util.LifeCycle.assertCurrentState(LifeCycle.java:260)
	at org.apache.ratis.server.impl.RaftServerImpl.assertLifeCycleState(RaftServerImpl.java:782)
	at org.apache.ratis.server.impl.RaftServerImpl.appendEntriesAsync(RaftServerImpl.java:1501)
	at org.apache.ratis.server.impl.RaftServerProxy.lambda$null$28(RaftServerProxy.java:655)
	at org.apache.ratis.util.JavaUtils.callAsUnchecked(JavaUtils.java:118)
	at org.apache.ratis.server.impl.RaftServerImpl.lambda$executeSubmitServerRequestAsync$10(RaftServerImpl.java:899)
	at java.util.concurrent.CompletableFuture$AsyncSupply.run(CompletableFuture.java:1604)
	at java.util.concurrent.ThreadPoolExecutor.runWorker(ThreadPoolExecutor.java:1149)
	at java.util.concurrent.ThreadPoolExecutor$Worker.run(ThreadPoolExecutor.java:624)
	at java.lang.Thread.run(Thread.java:750)
2024-09-29 22:58:05,461 [s0-server-thread2] ERROR server.RaftServer$Division (RaftServerImpl.java:appendEntriesAsync(1510)) - s0@group-D7B70F6236D3: Failed appendEntries* s2->s0#33-t2,previous=(t:0, i:0),leaderCommit=0,initializing? false,HEARTBEAT
org.apache.ratis.protocol.exceptions.ServerNotReadyException: s0@group-D7B70F6236D3 is not in [STARTING, RUNNING]: current state is CLOSING
	at org.apache.ratis.server.impl.RaftServerImpl.lambda$assertLifeCycleState$7(RaftServerImpl.java:783)
	at org.apache.ratis.util.LifeCycle.assertCurrentState(LifeCycle.java:260)
	at org.apache.ratis.server.impl.RaftServerImpl.assertLifeCycleState(RaftServerImpl.java:782)
	at org.apache.ratis.server.impl.RaftServerImpl.appendEntriesAsync(RaftServerImpl.java:1501)
	at org.apache.ratis.server.impl.RaftServerProxy.lambda$null$28(RaftServerProxy.java:655)
	at org.apache.ratis.util.JavaUtils.callAsUnchecked(JavaUtils.java:118)
	at org.apache.ratis.server.impl.RaftServerImpl.lambda$executeSubmitServerRequestAsync$10(RaftServerImpl.java:899)
	at java.util.concurrent.CompletableFuture$AsyncSupply.run(CompletableFuture.java:1604)
	at java.util.concurrent.ThreadPoolExecutor.runWorker(ThreadPoolExecutor.java:1149)
	at java.util.concurrent.ThreadPoolExecutor$Worker.run(ThreadPoolExecutor.java:624)
	at java.lang.Thread.run(Thread.java:750)
2024-09-29 22:58:05,461 [grpc-default-executor-11] INFO  server.GrpcServerProtocolService (GrpcServerProtocolService.java:onCompleted(200)) - s0: Completed APPEND_ENTRIES, lastRequest: null
2024-09-29 22:58:05,470 [s0-impl-thread1] INFO  segmented.SegmentedRaftLogWorker (SegmentedRaftLogWorker.java:close(251)) - s0@group-D7B70F6236D3-SegmentedRaftLogWorker close()
2024-09-29 22:58:05,494 [grpc-default-executor-3] INFO  util.CodeInjectionForTesting (BlockRequestHandlingInjection.java:execute(84)) - s0: unBlock request from s1
2024-09-29 22:58:05,494 [grpc-default-executor-3] INFO  server.RaftServer$Division (RaftServerImpl.java:requestVote(1439)) - s0@group-D7B70F6236D3: receive requestVote(PRE_VOTE, s1, group-D7B70F6236D3, 1, (t:1, i:256))
2024-09-29 22:58:05,494 [grpc-default-executor-3] WARN  server.GrpcServerProtocolService (LogUtils.java:warn(121)) - s0: Failed requestVote s1->s0#0: org.apache.ratis.protocol.exceptions.ServerNotReadyException: s0@group-D7B70F6236D3 is not in [RUNNING]: current state is CLOSED
2024-09-29 22:58:05,545 [grpc-default-executor-0] INFO  util.CodeInjectionForTesting (BlockRequestHandlingInjection.java:execute(84)) - s0: unBlock request from s2
2024-09-29 22:58:05,545 [grpc-default-executor-0] INFO  server.RaftServer$Division (RaftServerImpl.java:requestVote(1439)) - s0@group-D7B70F6236D3: receive requestVote(PRE_VOTE, s2, group-D7B70F6236D3, 1, (t:1, i:256))
2024-09-29 22:58:05,545 [grpc-default-executor-0] WARN  server.GrpcServerProtocolService (LogUtils.java:warn(121)) - s0: Failed requestVote s2->s0#0: org.apache.ratis.protocol.exceptions.ServerNotReadyException: s0@group-D7B70F6236D3 is not in [RUNNING]: current state is CLOSED
2024-09-29 22:58:05,566 [grpc-default-executor-14] INFO  util.CodeInjectionForTesting (BlockRequestHandlingInjection.java:execute(84)) - s0: unBlock request from s4
2024-09-29 22:58:05,567 [grpc-default-executor-14] INFO  server.RaftServer$Division (RaftServerImpl.java:requestVote(1439)) - s0@group-D7B70F6236D3: receive requestVote(PRE_VOTE, s4, group-D7B70F6236D3, 2, (t:1, i:257))
2024-09-29 22:58:05,567 [grpc-default-executor-14] WARN  server.GrpcServerProtocolService (LogUtils.java:warn(121)) - s0: Failed requestVote s4->s0#0: org.apache.ratis.protocol.exceptions.ServerNotReadyException: s0@group-D7B70F6236D3 is not in [RUNNING]: current state is CLOSED
2024-09-29 22:58:05,600 [s2-server-thread1] INFO  util.CodeInjectionForTesting (BlockRequestHandlingInjection.java:execute(84)) - s2: unBlock request from s0
2024-09-29 22:58:05,600 [s2-server-thread1] ERROR server.RaftServer$Division (RaftServerImpl.java:appendEntriesAsync(1510)) - s2@group-D7B70F6236D3: Failed appendEntries* s0->s2#472-t1,previous=(t:1, i:256),leaderCommit=256,initializing? false,HEARTBEAT
org.apache.ratis.protocol.exceptions.ServerNotReadyException: s2@group-D7B70F6236D3 is not in [STARTING, RUNNING]: current state is CLOSING
	at org.apache.ratis.server.impl.RaftServerImpl.lambda$assertLifeCycleState$7(RaftServerImpl.java:783)
	at org.apache.ratis.util.LifeCycle.assertCurrentState(LifeCycle.java:260)
	at org.apache.ratis.server.impl.RaftServerImpl.assertLifeCycleState(RaftServerImpl.java:782)
	at org.apache.ratis.server.impl.RaftServerImpl.appendEntriesAsync(RaftServerImpl.java:1501)
	at org.apache.ratis.server.impl.RaftServerProxy.lambda$null$28(RaftServerProxy.java:655)
	at org.apache.ratis.util.JavaUtils.callAsUnchecked(JavaUtils.java:118)
	at org.apache.ratis.server.impl.RaftServerImpl.lambda$executeSubmitServerRequestAsync$10(RaftServerImpl.java:899)
	at java.util.concurrent.CompletableFuture$AsyncSupply.run(CompletableFuture.java:1604)
	at java.util.concurrent.ThreadPoolExecutor.runWorker(ThreadPoolExecutor.java:1149)
	at java.util.concurrent.ThreadPoolExecutor$Worker.run(ThreadPoolExecutor.java:624)
	at java.lang.Thread.run(Thread.java:750)
2024-09-29 22:58:05,601 [s2-server-thread1] ERROR server.RaftServer$Division (RaftServerImpl.java:appendEntriesAsync(1510)) - s2@group-D7B70F6236D3: Failed appendEntries* s0->s2#473-t1,previous=(t:1, i:256),leaderCommit=256,initializing? false,HEARTBEAT
org.apache.ratis.protocol.exceptions.ServerNotReadyException: s2@group-D7B70F6236D3 is not in [STARTING, RUNNING]: current state is CLOSING
	at org.apache.ratis.server.impl.RaftServerImpl.lambda$assertLifeCycleState$7(RaftServerImpl.java:783)
	at org.apache.ratis.util.LifeCycle.assertCurrentState(LifeCycle.java:260)
	at org.apache.ratis.server.impl.RaftServerImpl.assertLifeCycleState(RaftServerImpl.java:782)
	at org.apache.ratis.server.impl.RaftServerImpl.appendEntriesAsync(RaftServerImpl.java:1501)
	at org.apache.ratis.server.impl.RaftServerProxy.lambda$null$28(RaftServerProxy.java:655)
	at org.apache.ratis.util.JavaUtils.callAsUnchecked(JavaUtils.java:118)
	at org.apache.ratis.server.impl.RaftServerImpl.lambda$executeSubmitServerRequestAsync$10(RaftServerImpl.java:899)
	at java.util.concurrent.CompletableFuture$AsyncSupply.run(CompletableFuture.java:1604)
	at java.util.concurrent.ThreadPoolExecutor.runWorker(ThreadPoolExecutor.java:1149)
	at java.util.concurrent.ThreadPoolExecutor$Worker.run(ThreadPoolExecutor.java:624)
	at java.lang.Thread.run(Thread.java:750)
2024-09-29 22:58:05,601 [s2-server-thread1] ERROR server.RaftServer$Division (RaftServerImpl.java:appendEntriesAsync(1510)) - s2@group-D7B70F6236D3: Failed appendEntries* s0->s2#479-t1,previous=(t:0, i:0),leaderCommit=0,initializing? false,HEARTBEAT
org.apache.ratis.protocol.exceptions.ServerNotReadyException: s2@group-D7B70F6236D3 is not in [STARTING, RUNNING]: current state is CLOSING
	at org.apache.ratis.server.impl.RaftServerImpl.lambda$assertLifeCycleState$7(RaftServerImpl.java:783)
	at org.apache.ratis.util.LifeCycle.assertCurrentState(LifeCycle.java:260)
	at org.apache.ratis.server.impl.RaftServerImpl.assertLifeCycleState(RaftServerImpl.java:782)
	at org.apache.ratis.server.impl.RaftServerImpl.appendEntriesAsync(RaftServerImpl.java:1501)
	at org.apache.ratis.server.impl.RaftServerProxy.lambda$null$28(RaftServerProxy.java:655)
	at org.apache.ratis.util.JavaUtils.callAsUnchecked(JavaUtils.java:118)
	at org.apache.ratis.server.impl.RaftServerImpl.lambda$executeSubmitServerRequestAsync$10(RaftServerImpl.java:899)
	at java.util.concurrent.CompletableFuture$AsyncSupply.run(CompletableFuture.java:1604)
	at java.util.concurrent.ThreadPoolExecutor.runWorker(ThreadPoolExecutor.java:1149)
	at java.util.concurrent.ThreadPoolExecutor$Worker.run(ThreadPoolExecutor.java:624)
	at java.lang.Thread.run(Thread.java:750)
2024-09-29 22:58:05,601 [s2-server-thread1] ERROR server.RaftServer$Division (RaftServerImpl.java:appendEntriesAsync(1510)) - s2@group-D7B70F6236D3: Failed appendEntries* s0->s2#480-t1,previous=(t:0, i:0),leaderCommit=0,initializing? false,HEARTBEAT
org.apache.ratis.protocol.exceptions.ServerNotReadyException: s2@group-D7B70F6236D3 is not in [STARTING, RUNNING]: current state is CLOSING
	at org.apache.ratis.server.impl.RaftServerImpl.lambda$assertLifeCycleState$7(RaftServerImpl.java:783)
	at org.apache.ratis.util.LifeCycle.assertCurrentState(LifeCycle.java:260)
	at org.apache.ratis.server.impl.RaftServerImpl.assertLifeCycleState(RaftServerImpl.java:782)
	at org.apache.ratis.server.impl.RaftServerImpl.appendEntriesAsync(RaftServerImpl.java:1501)
	at org.apache.ratis.server.impl.RaftServerProxy.lambda$null$28(RaftServerProxy.java:655)
	at org.apache.ratis.util.JavaUtils.callAsUnchecked(JavaUtils.java:118)
	at org.apache.ratis.server.impl.RaftServerImpl.lambda$executeSubmitServerRequestAsync$10(RaftServerImpl.java:899)
	at java.util.concurrent.CompletableFuture$AsyncSupply.run(CompletableFuture.java:1604)
	at java.util.concurrent.ThreadPoolExecutor.runWorker(ThreadPoolExecutor.java:1149)
	at java.util.concurrent.ThreadPoolExecutor$Worker.run(ThreadPoolExecutor.java:624)
	at java.lang.Thread.run(Thread.java:750)
2024-09-29 22:58:05,602 [s2-server-thread1] ERROR server.RaftServer$Division (RaftServerImpl.java:appendEntriesAsync(1510)) - s2@group-D7B70F6236D3: Failed appendEntries* s0->s2#481-t1,previous=(t:0, i:0),leaderCommit=0,initializing? false,HEARTBEAT
org.apache.ratis.protocol.exceptions.ServerNotReadyException: s2@group-D7B70F6236D3 is not in [STARTING, RUNNING]: current state is CLOSING
	at org.apache.ratis.server.impl.RaftServerImpl.lambda$assertLifeCycleState$7(RaftServerImpl.java:783)
	at org.apache.ratis.util.LifeCycle.assertCurrentState(LifeCycle.java:260)
	at org.apache.ratis.server.impl.RaftServerImpl.assertLifeCycleState(RaftServerImpl.java:782)
	at org.apache.ratis.server.impl.RaftServerImpl.appendEntriesAsync(RaftServerImpl.java:1501)
	at org.apache.ratis.server.impl.RaftServerProxy.lambda$null$28(RaftServerProxy.java:655)
	at org.apache.ratis.util.JavaUtils.callAsUnchecked(JavaUtils.java:118)
	at org.apache.ratis.server.impl.RaftServerImpl.lambda$executeSubmitServerRequestAsync$10(RaftServerImpl.java:899)
	at java.util.concurrent.CompletableFuture$AsyncSupply.run(CompletableFuture.java:1604)
	at java.util.concurrent.ThreadPoolExecutor.runWorker(ThreadPoolExecutor.java:1149)
	at java.util.concurrent.ThreadPoolExecutor$Worker.run(ThreadPoolExecutor.java:624)
	at java.lang.Thread.run(Thread.java:750)
2024-09-29 22:58:05,602 [s2-server-thread1] ERROR server.RaftServer$Division (RaftServerImpl.java:appendEntriesAsync(1510)) - s2@group-D7B70F6236D3: Failed appendEntries* s0->s2#482-t1,previous=(t:0, i:0),leaderCommit=0,initializing? false,HEARTBEAT
org.apache.ratis.protocol.exceptions.ServerNotReadyException: s2@group-D7B70F6236D3 is not in [STARTING, RUNNING]: current state is CLOSING
	at org.apache.ratis.server.impl.RaftServerImpl.lambda$assertLifeCycleState$7(RaftServerImpl.java:783)
	at org.apache.ratis.util.LifeCycle.assertCurrentState(LifeCycle.java:260)
	at org.apache.ratis.server.impl.RaftServerImpl.assertLifeCycleState(RaftServerImpl.java:782)
	at org.apache.ratis.server.impl.RaftServerImpl.appendEntriesAsync(RaftServerImpl.java:1501)
	at org.apache.ratis.server.impl.RaftServerProxy.lambda$null$28(RaftServerProxy.java:655)
	at org.apache.ratis.util.JavaUtils.callAsUnchecked(JavaUtils.java:118)
	at org.apache.ratis.server.impl.RaftServerImpl.lambda$executeSubmitServerRequestAsync$10(RaftServerImpl.java:899)
	at java.util.concurrent.CompletableFuture$AsyncSupply.run(CompletableFuture.java:1604)
	at java.util.concurrent.ThreadPoolExecutor.runWorker(ThreadPoolExecutor.java:1149)
	at java.util.concurrent.ThreadPoolExecutor$Worker.run(ThreadPoolExecutor.java:624)
	at java.lang.Thread.run(Thread.java:750)
2024-09-29 22:58:05,602 [s2-server-thread1] ERROR server.RaftServer$Division (RaftServerImpl.java:appendEntriesAsync(1510)) - s2@group-D7B70F6236D3: Failed appendEntries* s0->s2#483-t1,previous=(t:0, i:0),leaderCommit=0,initializing? false,HEARTBEAT
org.apache.ratis.protocol.exceptions.ServerNotReadyException: s2@group-D7B70F6236D3 is not in [STARTING, RUNNING]: current state is CLOSING
	at org.apache.ratis.server.impl.RaftServerImpl.lambda$assertLifeCycleState$7(RaftServerImpl.java:783)
	at org.apache.ratis.util.LifeCycle.assertCurrentState(LifeCycle.java:260)
	at org.apache.ratis.server.impl.RaftServerImpl.assertLifeCycleState(RaftServerImpl.java:782)
	at org.apache.ratis.server.impl.RaftServerImpl.appendEntriesAsync(RaftServerImpl.java:1501)
	at org.apache.ratis.server.impl.RaftServerProxy.lambda$null$28(RaftServerProxy.java:655)
	at org.apache.ratis.util.JavaUtils.callAsUnchecked(JavaUtils.java:118)
	at org.apache.ratis.server.impl.RaftServerImpl.lambda$executeSubmitServerRequestAsync$10(RaftServerImpl.java:899)
	at java.util.concurrent.CompletableFuture$AsyncSupply.run(CompletableFuture.java:1604)
	at java.util.concurrent.ThreadPoolExecutor.runWorker(ThreadPoolExecutor.java:1149)
	at java.util.concurrent.ThreadPoolExecutor$Worker.run(ThreadPoolExecutor.java:624)
	at java.lang.Thread.run(Thread.java:750)
2024-09-29 22:58:05,602 [s2-server-thread1] ERROR server.RaftServer$Division (RaftServerImpl.java:appendEntriesAsync(1510)) - s2@group-D7B70F6236D3: Failed appendEntries* s0->s2#484-t1,previous=(t:0, i:0),leaderCommit=0,initializing? false,HEARTBEAT
org.apache.ratis.protocol.exceptions.ServerNotReadyException: s2@group-D7B70F6236D3 is not in [STARTING, RUNNING]: current state is CLOSING
	at org.apache.ratis.server.impl.RaftServerImpl.lambda$assertLifeCycleState$7(RaftServerImpl.java:783)
	at org.apache.ratis.util.LifeCycle.assertCurrentState(LifeCycle.java:260)
	at org.apache.ratis.server.impl.RaftServerImpl.assertLifeCycleState(RaftServerImpl.java:782)
	at org.apache.ratis.server.impl.RaftServerImpl.appendEntriesAsync(RaftServerImpl.java:1501)
	at org.apache.ratis.server.impl.RaftServerProxy.lambda$null$28(RaftServerProxy.java:655)
	at org.apache.ratis.util.JavaUtils.callAsUnchecked(JavaUtils.java:118)
	at org.apache.ratis.server.impl.RaftServerImpl.lambda$executeSubmitServerRequestAsync$10(RaftServerImpl.java:899)
	at java.util.concurrent.CompletableFuture$AsyncSupply.run(CompletableFuture.java:1604)
	at java.util.concurrent.ThreadPoolExecutor.runWorker(ThreadPoolExecutor.java:1149)
	at java.util.concurrent.ThreadPoolExecutor$Worker.run(ThreadPoolExecutor.java:624)
	at java.lang.Thread.run(Thread.java:750)
2024-09-29 22:58:05,603 [s2-server-thread1] ERROR server.RaftServer$Division (RaftServerImpl.java:appendEntriesAsync(1510)) - s2@group-D7B70F6236D3: Failed appendEntries* s0->s2#485-t1,previous=(t:0, i:0),leaderCommit=0,initializing? false,HEARTBEAT
org.apache.ratis.protocol.exceptions.ServerNotReadyException: s2@group-D7B70F6236D3 is not in [STARTING, RUNNING]: current state is CLOSING
	at org.apache.ratis.server.impl.RaftServerImpl.lambda$assertLifeCycleState$7(RaftServerImpl.java:783)
	at org.apache.ratis.util.LifeCycle.assertCurrentState(LifeCycle.java:260)
	at org.apache.ratis.server.impl.RaftServerImpl.assertLifeCycleState(RaftServerImpl.java:782)
	at org.apache.ratis.server.impl.RaftServerImpl.appendEntriesAsync(RaftServerImpl.java:1501)
	at org.apache.ratis.server.impl.RaftServerProxy.lambda$null$28(RaftServerProxy.java:655)
	at org.apache.ratis.util.JavaUtils.callAsUnchecked(JavaUtils.java:118)
	at org.apache.ratis.server.impl.RaftServerImpl.lambda$executeSubmitServerRequestAsync$10(RaftServerImpl.java:899)
	at java.util.concurrent.CompletableFuture$AsyncSupply.run(CompletableFuture.java:1604)
	at java.util.concurrent.ThreadPoolExecutor.runWorker(ThreadPoolExecutor.java:1149)
	at java.util.concurrent.ThreadPoolExecutor$Worker.run(ThreadPoolExecutor.java:624)
	at java.lang.Thread.run(Thread.java:750)
2024-09-29 22:58:05,603 [s2-server-thread1] ERROR server.RaftServer$Division (RaftServerImpl.java:appendEntriesAsync(1510)) - s2@group-D7B70F6236D3: Failed appendEntries* s0->s2#486-t1,previous=(t:0, i:0),leaderCommit=0,initializing? false,HEARTBEAT
org.apache.ratis.protocol.exceptions.ServerNotReadyException: s2@group-D7B70F6236D3 is not in [STARTING, RUNNING]: current state is CLOSING
	at org.apache.ratis.server.impl.RaftServerImpl.lambda$assertLifeCycleState$7(RaftServerImpl.java:783)
	at org.apache.ratis.util.LifeCycle.assertCurrentState(LifeCycle.java:260)
	at org.apache.ratis.server.impl.RaftServerImpl.assertLifeCycleState(RaftServerImpl.java:782)
	at org.apache.ratis.server.impl.RaftServerImpl.appendEntriesAsync(RaftServerImpl.java:1501)
	at org.apache.ratis.server.impl.RaftServerProxy.lambda$null$28(RaftServerProxy.java:655)
	at org.apache.ratis.util.JavaUtils.callAsUnchecked(JavaUtils.java:118)
	at org.apache.ratis.server.impl.RaftServerImpl.lambda$executeSubmitServerRequestAsync$10(RaftServerImpl.java:899)
	at java.util.concurrent.CompletableFuture$AsyncSupply.run(CompletableFuture.java:1604)
	at java.util.concurrent.ThreadPoolExecutor.runWorker(ThreadPoolExecutor.java:1149)
	at java.util.concurrent.ThreadPoolExecutor$Worker.run(ThreadPoolExecutor.java:624)
	at java.lang.Thread.run(Thread.java:750)
2024-09-29 22:58:05,603 [grpc-default-executor-1] INFO  server.GrpcServerProtocolService (GrpcServerProtocolService.java:onCompleted(200)) - s2: Completed APPEND_ENTRIES, lastRequest: null
2024-09-29 22:58:05,606 [s1-server-thread2] INFO  util.CodeInjectionForTesting (BlockRequestHandlingInjection.java:execute(84)) - s1: unBlock request from s0
2024-09-29 22:58:05,606 [s1-server-thread2] ERROR server.RaftServer$Division (RaftServerImpl.java:appendEntriesAsync(1510)) - s1@group-D7B70F6236D3: Failed appendEntries* s0->s1#462-t1,previous=(t:1, i:256),leaderCommit=256,initializing? false,HEARTBEAT
org.apache.ratis.protocol.exceptions.ServerNotReadyException: s1@group-D7B70F6236D3 is not in [STARTING, RUNNING]: current state is CLOSING
	at org.apache.ratis.server.impl.RaftServerImpl.lambda$assertLifeCycleState$7(RaftServerImpl.java:783)
	at org.apache.ratis.util.LifeCycle.assertCurrentState(LifeCycle.java:260)
	at org.apache.ratis.server.impl.RaftServerImpl.assertLifeCycleState(RaftServerImpl.java:782)
	at org.apache.ratis.server.impl.RaftServerImpl.appendEntriesAsync(RaftServerImpl.java:1501)
	at org.apache.ratis.server.impl.RaftServerProxy.lambda$null$28(RaftServerProxy.java:655)
	at org.apache.ratis.util.JavaUtils.callAsUnchecked(JavaUtils.java:118)
	at org.apache.ratis.server.impl.RaftServerImpl.lambda$executeSubmitServerRequestAsync$10(RaftServerImpl.java:899)
	at java.util.concurrent.CompletableFuture$AsyncSupply.run(CompletableFuture.java:1604)
	at java.util.concurrent.ThreadPoolExecutor.runWorker(ThreadPoolExecutor.java:1149)
	at java.util.concurrent.ThreadPoolExecutor$Worker.run(ThreadPoolExecutor.java:624)
	at java.lang.Thread.run(Thread.java:750)
2024-09-29 22:58:05,606 [grpc-default-executor-2] WARN  server.GrpcServerProtocolService (LogUtils.java:warn(121)) - s1: APPEND_ENTRIES onError, lastRequest: null: org.apache.ratis.thirdparty.io.grpc.StatusRuntimeException: CANCELLED: client cancelled
2024-09-29 22:58:06,347 [s4-impl-thread1] INFO  segmented.SegmentedRaftLogWorker (SegmentedRaftLogWorker.java:close(251)) - s4@group-D7B70F6236D3-SegmentedRaftLogWorker close()
2024-09-29 22:58:06,347 [JvmPauseMonitor15] INFO  util.JvmPauseMonitor (JvmPauseMonitor.java:run(152)) - JvmPauseMonitor-s4: Stopped
2024-09-29 22:58:06,348 [s3-impl-thread1] INFO  segmented.SegmentedRaftLogWorker (SegmentedRaftLogWorker.java:close(251)) - s3@group-D7B70F6236D3-SegmentedRaftLogWorker close()
2024-09-29 22:58:06,348 [JvmPauseMonitor14] INFO  util.JvmPauseMonitor (JvmPauseMonitor.java:run(152)) - JvmPauseMonitor-s3: Stopped
2024-09-29 22:58:06,390 [s1-impl-thread1] INFO  segmented.SegmentedRaftLogWorker (SegmentedRaftLogWorker.java:close(251)) - s1@group-D7B70F6236D3-SegmentedRaftLogWorker close()
2024-09-29 22:58:06,391 [JvmPauseMonitor12] INFO  util.JvmPauseMonitor (JvmPauseMonitor.java:run(152)) - JvmPauseMonitor-s1: Stopped
2024-09-29 22:58:06,394 [s2-impl-thread1] INFO  segmented.SegmentedRaftLogWorker (SegmentedRaftLogWorker.java:close(251)) - s2@group-D7B70F6236D3-SegmentedRaftLogWorker close()
2024-09-29 22:58:06,800 [timer4] WARN  server.GrpcLogAppender (GrpcLogAppender.java:lambda$resetClient$1(221)) - s2@group-D7B70F6236D3->s3-GrpcLogAppender: Follower failed (request=null, errorCount=1); keep nextIndex (1) unchanged and retry. (Repeated 2 times in the last 5.001s)
2024-09-29 22:58:06,801 [timer6] WARN  server.GrpcLogAppender (GrpcLogAppender.java:lambda$resetClient$1(221)) - s2@group-D7B70F6236D3->s4-GrpcLogAppender: Follower failed (request=null, errorCount=1); keep nextIndex (1) unchanged and retry. (Repeated 2 times in the last 5.000s)
2024-09-29 22:58:06,901 [timer7] WARN  server.GrpcLogAppender (GrpcLogAppender.java:lambda$resetClient$1(221)) - s2@group-D7B70F6236D3->s4-GrpcLogAppender: Follower failed (request=null, errorCount=2); keep nextIndex (265) unchanged and retry. (Repeated 3 times in the last 5.001s)
2024-09-29 22:58:07,399 [timer7] WARN  server.GrpcLogAppender (GrpcLogAppender.java:timeoutAppendRequest(450)) - s0@group-D7B70F6236D3->s2-GrpcLogAppender: Timed out HEARTBEAT appendEntries, errorCount=1, request=AppendEntriesRequest:cid=472,entriesCount=0
2024-09-29 22:58:07,405 [timer6] WARN  server.GrpcLogAppender (GrpcLogAppender.java:timeoutAppendRequest(450)) - s0@group-D7B70F6236D3->s1-GrpcLogAppender: Timed out HEARTBEAT appendEntries, errorCount=1, request=AppendEntriesRequest:cid=462,entriesCount=0
2024-09-29 22:58:07,437 [timer0] WARN  server.GrpcLogAppender (GrpcLogAppender.java:timeoutAppendRequest(450)) - s0@group-D7B70F6236D3->s2-GrpcLogAppender: Timed out HEARTBEAT appendEntries, errorCount=2, request=AppendEntriesRequest:cid=473,entriesCount=0
2024-09-29 22:58:07,444 [timer3] WARN  server.GrpcLogAppender (GrpcLogAppender.java:timeoutAppendRequest(450)) - s0@group-D7B70F6236D3->s1-GrpcLogAppender: Timed out HEARTBEAT appendEntries, errorCount=2, request=AppendEntriesRequest:cid=463,entriesCount=0
2024-09-29 22:58:07,468 [timer7] WARN  server.GrpcLogAppender (GrpcLogAppender.java:timeoutAppendRequest(450)) - s0@group-D7B70F6236D3->s1-GrpcLogAppender: Timed out appendEntries, errorCount=3, request=AppendEntriesRequest:cid=464,entriesCount=1,entry=(t:1, i:257)
2024-09-29 22:58:07,475 [timer5] WARN  server.GrpcLogAppender (GrpcLogAppender.java:timeoutAppendRequest(450)) - s0@group-D7B70F6236D3->s2-GrpcLogAppender: Timed out HEARTBEAT appendEntries, errorCount=3, request=AppendEntriesRequest:cid=479,entriesCount=0
2024-09-29 22:58:07,482 [timer6] WARN  server.GrpcLogAppender (GrpcLogAppender.java:timeoutAppendRequest(450)) - s0@group-D7B70F6236D3->s1-GrpcLogAppender: Timed out HEARTBEAT appendEntries, errorCount=4, request=AppendEntriesRequest:cid=465,entriesCount=0
2024-09-29 22:58:07,513 [timer6] WARN  server.GrpcLogAppender (GrpcLogAppender.java:timeoutAppendRequest(450)) - s0@group-D7B70F6236D3->s2-GrpcLogAppender: Timed out HEARTBEAT appendEntries, errorCount=4, request=AppendEntriesRequest:cid=480,entriesCount=0
2024-09-29 22:58:07,520 [timer7] WARN  server.GrpcLogAppender (GrpcLogAppender.java:timeoutAppendRequest(450)) - s0@group-D7B70F6236D3->s1-GrpcLogAppender: Timed out HEARTBEAT appendEntries, errorCount=5, request=AppendEntriesRequest:cid=466,entriesCount=0
2024-09-29 22:58:07,550 [timer2] WARN  server.GrpcLogAppender (GrpcLogAppender.java:timeoutAppendRequest(450)) - s0@group-D7B70F6236D3->s2-GrpcLogAppender: Timed out HEARTBEAT appendEntries, errorCount=5, request=AppendEntriesRequest:cid=481,entriesCount=0
2024-09-29 22:58:07,557 [timer1] WARN  server.GrpcLogAppender (GrpcLogAppender.java:timeoutAppendRequest(450)) - s0@group-D7B70F6236D3->s1-GrpcLogAppender: Timed out HEARTBEAT appendEntries, errorCount=6, request=AppendEntriesRequest:cid=467,entriesCount=0
2024-09-29 22:58:07,589 [timer1] WARN  server.GrpcLogAppender (GrpcLogAppender.java:timeoutAppendRequest(450)) - s0@group-D7B70F6236D3->s2-GrpcLogAppender: Timed out HEARTBEAT appendEntries, errorCount=6, request=AppendEntriesRequest:cid=482,entriesCount=0
2024-09-29 22:58:07,595 [timer2] WARN  server.GrpcLogAppender (GrpcLogAppender.java:timeoutAppendRequest(450)) - s0@group-D7B70F6236D3->s1-GrpcLogAppender: Timed out HEARTBEAT appendEntries, errorCount=7, request=AppendEntriesRequest:cid=468,entriesCount=0
2024-09-29 22:58:07,626 [timer3] WARN  server.GrpcLogAppender (GrpcLogAppender.java:timeoutAppendRequest(450)) - s0@group-D7B70F6236D3->s2-GrpcLogAppender: Timed out HEARTBEAT appendEntries, errorCount=7, request=AppendEntriesRequest:cid=483,entriesCount=0
2024-09-29 22:58:07,633 [timer4] WARN  server.GrpcLogAppender (GrpcLogAppender.java:timeoutAppendRequest(450)) - s0@group-D7B70F6236D3->s1-GrpcLogAppender: Timed out HEARTBEAT appendEntries, errorCount=8, request=AppendEntriesRequest:cid=469,entriesCount=0
2024-09-29 22:58:07,663 [timer4] WARN  server.GrpcLogAppender (GrpcLogAppender.java:timeoutAppendRequest(450)) - s0@group-D7B70F6236D3->s2-GrpcLogAppender: Timed out HEARTBEAT appendEntries, errorCount=8, request=AppendEntriesRequest:cid=484,entriesCount=0
2024-09-29 22:58:07,670 [timer5] WARN  server.GrpcLogAppender (GrpcLogAppender.java:timeoutAppendRequest(450)) - s0@group-D7B70F6236D3->s1-GrpcLogAppender: Timed out HEARTBEAT appendEntries, errorCount=9, request=AppendEntriesRequest:cid=470,entriesCount=0
2024-09-29 22:58:07,700 [timer7] WARN  server.GrpcLogAppender (GrpcLogAppender.java:timeoutAppendRequest(450)) - s0@group-D7B70F6236D3->s2-GrpcLogAppender: Timed out HEARTBEAT appendEntries, errorCount=9, request=AppendEntriesRequest:cid=485,entriesCount=0
2024-09-29 22:58:07,708 [timer7] WARN  server.GrpcLogAppender (GrpcLogAppender.java:timeoutAppendRequest(450)) - s0@group-D7B70F6236D3->s1-GrpcLogAppender: Timed out HEARTBEAT appendEntries, errorCount=10, request=AppendEntriesRequest:cid=471,entriesCount=0
2024-09-29 22:58:07,738 [timer0] WARN  server.GrpcLogAppender (GrpcLogAppender.java:timeoutAppendRequest(450)) - s0@group-D7B70F6236D3->s2-GrpcLogAppender: Timed out HEARTBEAT appendEntries, errorCount=10, request=AppendEntriesRequest:cid=486,entriesCount=0
2024-09-29 22:58:07,747 [timer0] WARN  server.GrpcLogAppender (GrpcLogAppender.java:timeoutAppendRequest(450)) - s0@group-D7B70F6236D3->s1-GrpcLogAppender: Timed out HEARTBEAT appendEntries, errorCount=11, request=AppendEntriesRequest:cid=472,entriesCount=0
2024-09-29 22:58:07,847 [timer4] WARN  server.GrpcLogAppender (GrpcLogAppender.java:timeoutAppendRequest(450)) - s2@group-D7B70F6236D3->s0-GrpcLogAppender: Timed out HEARTBEAT appendEntries, errorCount=1, request=AppendEntriesRequest:cid=0,entriesCount=0
2024-09-29 22:58:07,849 [timer5] WARN  server.GrpcLogAppender (GrpcLogAppender.java:timeoutAppendRequest(450)) - s2@group-D7B70F6236D3->s0-GrpcLogAppender: Timed out appendEntries, errorCount=2, request=AppendEntriesRequest:cid=1,entriesCount=1,entry=(t:2, i:257)
2024-09-29 22:58:07,851 [timer4] WARN  server.GrpcLogAppender (GrpcLogAppender.java:timeoutAppendRequest(450)) - s2@group-D7B70F6236D3->s0-GrpcLogAppender: Timed out HEARTBEAT appendEntries, errorCount=3, request=AppendEntriesRequest:cid=2,entriesCount=0
2024-09-29 22:58:07,864 [timer0] WARN  server.GrpcLogAppender (GrpcLogAppender.java:timeoutAppendRequest(450)) - s2@group-D7B70F6236D3->s0-GrpcLogAppender: Timed out HEARTBEAT appendEntries, errorCount=4, request=AppendEntriesRequest:cid=3,entriesCount=0
2024-09-29 22:58:07,865 [timer1] WARN  server.GrpcLogAppender (GrpcLogAppender.java:timeoutAppendRequest(450)) - s2@group-D7B70F6236D3->s0-GrpcLogAppender: Timed out HEARTBEAT appendEntries, errorCount=5, request=AppendEntriesRequest:cid=4,entriesCount=0
2024-09-29 22:58:07,870 [timer1] WARN  server.GrpcLogAppender (GrpcLogAppender.java:timeoutAppendRequest(450)) - s2@group-D7B70F6236D3->s0-GrpcLogAppender: Timed out HEARTBEAT appendEntries, errorCount=6, request=AppendEntriesRequest:cid=5,entriesCount=0
2024-09-29 22:58:07,871 [timer2] WARN  server.GrpcLogAppender (GrpcLogAppender.java:timeoutAppendRequest(450)) - s2@group-D7B70F6236D3->s0-GrpcLogAppender: Timed out HEARTBEAT appendEntries, errorCount=7, request=AppendEntriesRequest:cid=6,entriesCount=0
2024-09-29 22:58:07,908 [timer7] WARN  server.GrpcLogAppender (GrpcLogAppender.java:timeoutAppendRequest(450)) - s2@group-D7B70F6236D3->s0-GrpcLogAppender: Timed out HEARTBEAT appendEntries, errorCount=8, request=AppendEntriesRequest:cid=7,entriesCount=0
2024-09-29 22:58:07,946 [timer0] WARN  server.GrpcLogAppender (GrpcLogAppender.java:timeoutAppendRequest(450)) - s2@group-D7B70F6236D3->s0-GrpcLogAppender: Timed out HEARTBEAT appendEntries, errorCount=9, request=AppendEntriesRequest:cid=8,entriesCount=0
2024-09-29 22:58:07,948 [timer2] WARN  server.GrpcLogAppender (GrpcLogAppender.java:timeoutAppendRequest(450)) - s2@group-D7B70F6236D3->s0-GrpcLogAppender: Timed out HEARTBEAT appendEntries, errorCount=10, request=AppendEntriesRequest:cid=9,entriesCount=0
2024-09-29 22:58:07,985 [timer3] WARN  server.GrpcLogAppender (GrpcLogAppender.java:timeoutAppendRequest(450)) - s2@group-D7B70F6236D3->s0-GrpcLogAppender: Timed out HEARTBEAT appendEntries, errorCount=11, request=AppendEntriesRequest:cid=10,entriesCount=0
2024-09-29 22:58:08,024 [timer5] WARN  server.GrpcLogAppender (GrpcLogAppender.java:timeoutAppendRequest(450)) - s2@group-D7B70F6236D3->s0-GrpcLogAppender: Timed out HEARTBEAT appendEntries, errorCount=12, request=AppendEntriesRequest:cid=11,entriesCount=0
2024-09-29 22:58:08,062 [timer6] WARN  server.GrpcLogAppender (GrpcLogAppender.java:timeoutAppendRequest(450)) - s2@group-D7B70F6236D3->s0-GrpcLogAppender: Timed out HEARTBEAT appendEntries, errorCount=13, request=AppendEntriesRequest:cid=12,entriesCount=0
2024-09-29 22:58:08,100 [timer7] WARN  server.GrpcLogAppender (GrpcLogAppender.java:timeoutAppendRequest(450)) - s2@group-D7B70F6236D3->s0-GrpcLogAppender: Timed out HEARTBEAT appendEntries, errorCount=14, request=AppendEntriesRequest:cid=13,entriesCount=0
2024-09-29 22:58:08,145 [timer1] WARN  server.GrpcLogAppender (GrpcLogAppender.java:timeoutAppendRequest(450)) - s2@group-D7B70F6236D3->s0-GrpcLogAppender: Timed out HEARTBEAT appendEntries, errorCount=15, request=AppendEntriesRequest:cid=14,entriesCount=0
2024-09-29 22:58:08,183 [timer3] WARN  server.GrpcLogAppender (GrpcLogAppender.java:timeoutAppendRequest(450)) - s2@group-D7B70F6236D3->s0-GrpcLogAppender: Timed out HEARTBEAT appendEntries, errorCount=16, request=AppendEntriesRequest:cid=15,entriesCount=0
2024-09-29 22:58:08,221 [timer4] WARN  server.GrpcLogAppender (GrpcLogAppender.java:timeoutAppendRequest(450)) - s2@group-D7B70F6236D3->s0-GrpcLogAppender: Timed out HEARTBEAT appendEntries, errorCount=17, request=AppendEntriesRequest:cid=16,entriesCount=0
2024-09-29 22:58:08,260 [timer6] WARN  server.GrpcLogAppender (GrpcLogAppender.java:timeoutAppendRequest(450)) - s2@group-D7B70F6236D3->s0-GrpcLogAppender: Timed out HEARTBEAT appendEntries, errorCount=18, request=AppendEntriesRequest:cid=17,entriesCount=0
2024-09-29 22:58:08,279 [timer5] WARN  server.GrpcLogAppender (GrpcLogAppender.java:timeoutAppendRequest(450)) - s2@group-D7B70F6236D3->s0-GrpcLogAppender: Timed out HEARTBEAT appendEntries, errorCount=19, request=AppendEntriesRequest:cid=18,entriesCount=0
2024-09-29 22:58:08,284 [timer6] WARN  server.GrpcLogAppender (GrpcLogAppender.java:timeoutAppendRequest(450)) - s2@group-D7B70F6236D3->s0-GrpcLogAppender: Timed out HEARTBEAT appendEntries, errorCount=20, request=AppendEntriesRequest:cid=19,entriesCount=0
2024-09-29 22:58:08,317 [timer5] WARN  server.GrpcLogAppender (GrpcLogAppender.java:timeoutAppendRequest(450)) - s2@group-D7B70F6236D3->s0-GrpcLogAppender: Timed out HEARTBEAT appendEntries, errorCount=21, request=AppendEntriesRequest:cid=20,entriesCount=0
2024-09-29 22:58:08,319 [timer2] WARN  server.GrpcLogAppender (GrpcLogAppender.java:timeoutAppendRequest(450)) - s2@group-D7B70F6236D3->s0-GrpcLogAppender: Timed out HEARTBEAT appendEntries, errorCount=22, request=AppendEntriesRequest:cid=22,entriesCount=0
2024-09-29 22:58:08,319 [timer1] WARN  server.GrpcLogAppender (GrpcLogAppender.java:timeoutAppendRequest(450)) - s2@group-D7B70F6236D3->s0-GrpcLogAppender: Timed out HEARTBEAT appendEntries, errorCount=23, request=AppendEntriesRequest:cid=21,entriesCount=0
2024-09-29 22:58:08,323 [timer3] WARN  server.GrpcLogAppender (GrpcLogAppender.java:timeoutAppendRequest(450)) - s2@group-D7B70F6236D3->s0-GrpcLogAppender: Timed out HEARTBEAT appendEntries, errorCount=24, request=AppendEntriesRequest:cid=23,entriesCount=0
2024-09-29 22:58:08,325 [timer7] WARN  server.GrpcLogAppender (GrpcLogAppender.java:timeoutAppendRequest(450)) - s2@group-D7B70F6236D3->s0-GrpcLogAppender: Timed out HEARTBEAT appendEntries, errorCount=25, request=AppendEntriesRequest:cid=24,entriesCount=0
2024-09-29 22:58:08,331 [timer0] WARN  server.GrpcLogAppender (GrpcLogAppender.java:timeoutAppendRequest(450)) - s2@group-D7B70F6236D3->s0-GrpcLogAppender: Timed out HEARTBEAT appendEntries, errorCount=26, request=AppendEntriesRequest:cid=25,entriesCount=0
2024-09-29 22:58:08,333 [timer4] WARN  server.GrpcLogAppender (GrpcLogAppender.java:timeoutAppendRequest(450)) - s2@group-D7B70F6236D3->s0-GrpcLogAppender: Timed out HEARTBEAT appendEntries, errorCount=27, request=AppendEntriesRequest:cid=26,entriesCount=0
2024-09-29 22:58:08,336 [timer5] WARN  server.GrpcLogAppender (GrpcLogAppender.java:timeoutAppendRequest(450)) - s2@group-D7B70F6236D3->s0-GrpcLogAppender: Timed out HEARTBEAT appendEntries, errorCount=28, request=AppendEntriesRequest:cid=27,entriesCount=0
2024-09-29 22:58:08,338 [timer6] WARN  server.GrpcLogAppender (GrpcLogAppender.java:timeoutAppendRequest(450)) - s2@group-D7B70F6236D3->s0-GrpcLogAppender: Timed out HEARTBEAT appendEntries, errorCount=29, request=AppendEntriesRequest:cid=28,entriesCount=0
2024-09-29 22:58:08,340 [timer2] WARN  server.GrpcLogAppender (GrpcLogAppender.java:timeoutAppendRequest(450)) - s2@group-D7B70F6236D3->s0-GrpcLogAppender: Timed out HEARTBEAT appendEntries, errorCount=30, request=AppendEntriesRequest:cid=29,entriesCount=0
2024-09-29 22:58:08,342 [timer4] WARN  server.GrpcLogAppender (GrpcLogAppender.java:timeoutAppendRequest(450)) - s2@group-D7B70F6236D3->s0-GrpcLogAppender: Timed out HEARTBEAT appendEntries, errorCount=31, request=AppendEntriesRequest:cid=30,entriesCount=0
2024-09-29 22:58:08,343 [timer6] WARN  server.GrpcLogAppender (GrpcLogAppender.java:timeoutAppendRequest(450)) - s2@group-D7B70F6236D3->s0-GrpcLogAppender: Timed out HEARTBEAT appendEntries, errorCount=32, request=AppendEntriesRequest:cid=31,entriesCount=0
2024-09-29 22:58:08,345 [timer0] WARN  server.GrpcLogAppender (GrpcLogAppender.java:timeoutAppendRequest(450)) - s2@group-D7B70F6236D3->s0-GrpcLogAppender: Timed out HEARTBEAT appendEntries, errorCount=33, request=AppendEntriesRequest:cid=32,entriesCount=0
2024-09-29 22:58:08,347 [timer1] WARN  server.GrpcLogAppender (GrpcLogAppender.java:timeoutAppendRequest(450)) - s2@group-D7B70F6236D3->s0-GrpcLogAppender: Timed out HEARTBEAT appendEntries, errorCount=34, request=AppendEntriesRequest:cid=33,entriesCount=0
2024-09-29 22:58:08,381 [Thread-468] WARN  grpc.GrpcUtil (GrpcUtil.java:shutdownManagedChannel(231)) - Timed out gracefully shutting down connection: ManagedChannelOrphanWrapper{delegate=ManagedChannelImpl{logId=258, target=localhost:15034}}. 
2024-09-29 22:58:08,383 [grpc-default-executor-2] INFO  server.GrpcLogAppender (GrpcLogAppender.java:onError(546)) - s0@group-D7B70F6236D3->s2-GrpcLogAppender is already stopped
2024-09-29 22:58:08,384 [MiniRaftCluster-14] INFO  server.GrpcService (GrpcService.java:closeImpl(359)) - s0: shutdown server org.apache.ratis.grpc.server.GrpcClientProtocolService successfully
2024-09-29 22:58:08,384 [MiniRaftCluster-14] INFO  server.GrpcService (GrpcService.java:closeImpl(350)) - s0: shutdown server GrpcServerProtocolService now
2024-09-29 22:58:08,385 [MiniRaftCluster-14] INFO  server.GrpcService (GrpcService.java:closeImpl(359)) - s0: shutdown server GrpcServerProtocolService successfully
2024-09-29 22:58:08,385 [MiniRaftCluster-14] INFO  server.GrpcService (GrpcService.java:closeImpl(350)) - s0: shutdown server org.apache.ratis.grpc.server.GrpcAdminProtocolService now
2024-09-29 22:58:08,385 [MiniRaftCluster-14] INFO  server.GrpcService (GrpcService.java:closeImpl(359)) - s0: shutdown server org.apache.ratis.grpc.server.GrpcAdminProtocolService successfully
2024-09-29 22:58:08,385 [grpc-default-executor-14] INFO  server.GrpcLogAppender (GrpcLogAppender.java:onError(546)) - s2@group-D7B70F6236D3->s0-GrpcLogAppender is already stopped
2024-09-29 22:58:08,386 [JvmPauseMonitor11] INFO  util.JvmPauseMonitor (JvmPauseMonitor.java:run(152)) - JvmPauseMonitor-s0: Stopped
2024-09-29 22:58:08,386 [MiniRaftCluster-16] INFO  server.GrpcService (GrpcService.java:closeImpl(359)) - s2: shutdown server org.apache.ratis.grpc.server.GrpcClientProtocolService successfully
2024-09-29 22:58:08,386 [MiniRaftCluster-16] INFO  server.GrpcService (GrpcService.java:closeImpl(350)) - s2: shutdown server GrpcServerProtocolService now
2024-09-29 22:58:08,386 [MiniRaftCluster-16] INFO  server.GrpcService (GrpcService.java:closeImpl(359)) - s2: shutdown server GrpcServerProtocolService successfully
2024-09-29 22:58:08,386 [MiniRaftCluster-16] INFO  server.GrpcService (GrpcService.java:closeImpl(350)) - s2: shutdown server org.apache.ratis.grpc.server.GrpcAdminProtocolService now
2024-09-29 22:58:08,386 [MiniRaftCluster-16] INFO  server.GrpcService (GrpcService.java:closeImpl(359)) - s2: shutdown server org.apache.ratis.grpc.server.GrpcAdminProtocolService successfully
2024-09-29 22:58:08,387 [JvmPauseMonitor13] INFO  util.JvmPauseMonitor (JvmPauseMonitor.java:run(152)) - JvmPauseMonitor-s2: Stopped
2024-09-29 22:58:08,387 [main] INFO  impl.MiniRaftCluster (MiniRaftCluster.java:shutdown(861)) - MiniRaftClusterWithGrpc shutdown completed
2024-09-29 22:58:08,387 [main] INFO  ratis.RaftTestUtil (RaftTestUtil.java:gc(593)) - gc 0
2024-09-29 22:58:08,552 [main] WARN  util.ReferenceCountedLeakDetector (ReferenceCountedLeakDetector.java:lambda$new$0(147)) - LEAK: A org.apache.ratis.protocol.RaftClientRequest is not released properly
2024-09-29 22:58:08,552 [main] WARN  util.ReferenceCountedLeakDetector (ReferenceCountedLeakDetector.java:lambda$new$0(147)) - LEAK: A org.apache.ratis.protocol.RaftClientRequest is not released properly
2024-09-29 22:58:08,552 [main] WARN  util.ReferenceCountedLeakDetector (ReferenceCountedLeakDetector.java:lambda$new$0(147)) - LEAK: A org.apache.ratis.protocol.RaftClientRequest is not released properly
2024-09-29 22:58:08,553 [main] WARN  util.ReferenceCountedLeakDetector (ReferenceCountedLeakDetector.java:lambda$new$0(147)) - LEAK: A org.apache.ratis.proto.RaftProtos$LogEntryProto is not released properly
2024-09-29 22:58:08,553 [main] WARN  util.ReferenceCountedLeakDetector (ReferenceCountedLeakDetector.java:lambda$new$0(147)) - LEAK: A org.apache.ratis.protocol.RaftClientRequest is not released properly
2024-09-29 22:58:08,553 [main] WARN  util.ReferenceCountedLeakDetector (ReferenceCountedLeakDetector.java:lambda$new$0(147)) - LEAK: A org.apache.ratis.proto.RaftProtos$LogEntryProto is not released properly
2024-09-29 22:58:08,553 [main] WARN  util.ReferenceCountedLeakDetector (ReferenceCountedLeakDetector.java:lambda$new$0(147)) - LEAK: A org.apache.ratis.proto.RaftProtos$LogEntryProto is not released properly
2024-09-29 22:58:08,553 [main] WARN  util.ReferenceCountedLeakDetector (ReferenceCountedLeakDetector.java:lambda$new$0(147)) - LEAK: A org.apache.ratis.proto.RaftProtos$LogEntryProto is not released properly
2024-09-29 22:58:08,553 [main] WARN  util.ReferenceCountedLeakDetector (ReferenceCountedLeakDetector.java:lambda$new$0(147)) - LEAK: A org.apache.ratis.proto.RaftProtos$LogEntryProto is not released properly
2024-09-29 22:58:08,553 [main] WARN  util.ReferenceCountedLeakDetector (ReferenceCountedLeakDetector.java:lambda$new$0(147)) - LEAK: A org.apache.ratis.proto.RaftProtos$LogEntryProto is not released properly
2024-09-29 22:58:08,554 [main] WARN  util.ReferenceCountedLeakDetector (ReferenceCountedLeakDetector.java:lambda$new$0(147)) - LEAK: A org.apache.ratis.proto.RaftProtos$LogEntryProto is not released properly
2024-09-29 22:58:08,554 [main] WARN  util.ReferenceCountedLeakDetector (ReferenceCountedLeakDetector.java:lambda$new$0(147)) - LEAK: A org.apache.ratis.protocol.RaftClientRequest is not released properly
2024-09-29 22:58:08,554 [main] WARN  util.ReferenceCountedLeakDetector (ReferenceCountedLeakDetector.java:lambda$new$0(147)) - LEAK: A org.apache.ratis.proto.RaftProtos$LogEntryProto is not released properly
2024-09-29 22:58:08,554 [main] WARN  util.ReferenceCountedLeakDetector (ReferenceCountedLeakDetector.java:lambda$new$0(147)) - LEAK: A org.apache.ratis.protocol.RaftClientRequest is not released properly
2024-09-29 22:58:08,554 [main] WARN  util.ReferenceCountedLeakDetector (ReferenceCountedLeakDetector.java:lambda$new$0(147)) - LEAK: A org.apache.ratis.protocol.RaftClientRequest is not released properly
2024-09-29 22:58:08,554 [main] WARN  util.ReferenceCountedLeakDetector (ReferenceCountedLeakDetector.java:lambda$new$0(147)) - LEAK: A org.apache.ratis.protocol.RaftClientRequest is not released properly
2024-09-29 22:58:08,554 [main] WARN  util.ReferenceCountedLeakDetector (ReferenceCountedLeakDetector.java:lambda$new$0(147)) - LEAK: A org.apache.ratis.proto.RaftProtos$LogEntryProto is not released properly
2024-09-29 22:58:08,554 [main] WARN  util.ReferenceCountedLeakDetector (ReferenceCountedLeakDetector.java:lambda$new$0(147)) - LEAK: A org.apache.ratis.protocol.RaftClientRequest is not released properly
2024-09-29 22:58:08,555 [main] WARN  util.ReferenceCountedLeakDetector (ReferenceCountedLeakDetector.java:lambda$new$0(147)) - LEAK: A org.apache.ratis.proto.RaftProtos$LogEntryProto is not released properly
2024-09-29 22:58:08,555 [main] WARN  util.ReferenceCountedLeakDetector (ReferenceCountedLeakDetector.java:lambda$new$0(147)) - LEAK: A org.apache.ratis.protocol.RaftClientRequest is not released properly
2024-09-29 22:58:08,555 [main] WARN  util.ReferenceCountedLeakDetector (ReferenceCountedLeakDetector.java:lambda$new$0(147)) - LEAK: A org.apache.ratis.proto.RaftProtos$LogEntryProto is not released properly
2024-09-29 22:58:08,555 [main] WARN  util.ReferenceCountedLeakDetector (ReferenceCountedLeakDetector.java:lambda$new$0(147)) - LEAK: A org.apache.ratis.protocol.RaftClientRequest is not released properly
2024-09-29 22:58:08,555 [main] WARN  util.ReferenceCountedLeakDetector (ReferenceCountedLeakDetector.java:lambda$new$0(147)) - LEAK: A org.apache.ratis.proto.RaftProtos$LogEntryProto is not released properly
2024-09-29 22:58:08,555 [main] WARN  util.ReferenceCountedLeakDetector (ReferenceCountedLeakDetector.java:lambda$new$0(147)) - LEAK: A org.apache.ratis.proto.RaftProtos$LogEntryProto is not released properly
2024-09-29 22:58:08,555 [main] WARN  util.ReferenceCountedLeakDetector (ReferenceCountedLeakDetector.java:lambda$new$0(147)) - LEAK: A org.apache.ratis.protocol.RaftClientRequest is not released properly
2024-09-29 22:58:08,555 [main] WARN  util.ReferenceCountedLeakDetector (ReferenceCountedLeakDetector.java:lambda$new$0(147)) - LEAK: A org.apache.ratis.protocol.RaftClientRequest is not released properly
2024-09-29 22:58:08,556 [main] WARN  util.ReferenceCountedLeakDetector (ReferenceCountedLeakDetector.java:lambda$new$0(147)) - LEAK: A org.apache.ratis.proto.RaftProtos$LogEntryProto is not released properly
2024-09-29 22:58:08,556 [main] WARN  util.ReferenceCountedLeakDetector (ReferenceCountedLeakDetector.java:lambda$new$0(147)) - LEAK: A org.apache.ratis.protocol.RaftClientRequest is not released properly
2024-09-29 22:58:08,556 [main] WARN  util.ReferenceCountedLeakDetector (ReferenceCountedLeakDetector.java:lambda$new$0(147)) - LEAK: A org.apache.ratis.proto.RaftProtos$LogEntryProto is not released properly
2024-09-29 22:58:08,556 [main] WARN  util.ReferenceCountedLeakDetector (ReferenceCountedLeakDetector.java:lambda$new$0(147)) - LEAK: A org.apache.ratis.proto.RaftProtos$LogEntryProto is not released properly
2024-09-29 22:58:08,556 [main] WARN  util.ReferenceCountedLeakDetector (ReferenceCountedLeakDetector.java:lambda$new$0(147)) - LEAK: A org.apache.ratis.proto.RaftProtos$LogEntryProto is not released properly
2024-09-29 22:58:08,556 [main] WARN  util.ReferenceCountedLeakDetector (ReferenceCountedLeakDetector.java:lambda$new$0(147)) - LEAK: A org.apache.ratis.protocol.RaftClientRequest is not released properly
2024-09-29 22:58:08,556 [main] WARN  util.ReferenceCountedLeakDetector (ReferenceCountedLeakDetector.java:lambda$new$0(147)) - LEAK: A org.apache.ratis.proto.RaftProtos$LogEntryProto is not released properly
2024-09-29 22:58:08,556 [main] WARN  util.ReferenceCountedLeakDetector (ReferenceCountedLeakDetector.java:lambda$new$0(147)) - LEAK: A org.apache.ratis.proto.RaftProtos$LogEntryProto is not released properly
2024-09-29 22:58:08,557 [main] WARN  util.ReferenceCountedLeakDetector (ReferenceCountedLeakDetector.java:lambda$new$0(147)) - LEAK: A org.apache.ratis.protocol.RaftClientRequest is not released properly
2024-09-29 22:58:08,557 [main] WARN  util.ReferenceCountedLeakDetector (ReferenceCountedLeakDetector.java:lambda$new$0(147)) - LEAK: A org.apache.ratis.protocol.RaftClientRequest is not released properly
2024-09-29 22:58:08,557 [main] WARN  util.ReferenceCountedLeakDetector (ReferenceCountedLeakDetector.java:lambda$new$0(147)) - LEAK: A org.apache.ratis.protocol.RaftClientRequest is not released properly
2024-09-29 22:58:08,557 [main] WARN  util.ReferenceCountedLeakDetector (ReferenceCountedLeakDetector.java:lambda$new$0(147)) - LEAK: A org.apache.ratis.protocol.RaftClientRequest is not released properly
2024-09-29 22:58:08,557 [main] WARN  util.ReferenceCountedLeakDetector (ReferenceCountedLeakDetector.java:lambda$new$0(147)) - LEAK: A org.apache.ratis.proto.RaftProtos$LogEntryProto is not released properly
2024-09-29 22:58:08,557 [main] WARN  util.ReferenceCountedLeakDetector (ReferenceCountedLeakDetector.java:lambda$new$0(147)) - LEAK: A org.apache.ratis.protocol.RaftClientRequest is not released properly
2024-09-29 22:58:08,557 [main] WARN  util.ReferenceCountedLeakDetector (ReferenceCountedLeakDetector.java:lambda$new$0(147)) - LEAK: A org.apache.ratis.proto.RaftProtos$LogEntryProto is not released properly
2024-09-29 22:58:08,557 [main] WARN  util.ReferenceCountedLeakDetector (ReferenceCountedLeakDetector.java:lambda$new$0(147)) - LEAK: A org.apache.ratis.protocol.RaftClientRequest is not released properly
2024-09-29 22:58:08,558 [main] WARN  util.ReferenceCountedLeakDetector (ReferenceCountedLeakDetector.java:lambda$new$0(147)) - LEAK: A org.apache.ratis.protocol.RaftClientRequest is not released properly
2024-09-29 22:58:08,558 [main] WARN  util.ReferenceCountedLeakDetector (ReferenceCountedLeakDetector.java:lambda$new$0(147)) - LEAK: A org.apache.ratis.protocol.RaftClientRequest is not released properly
2024-09-29 22:58:08,558 [main] WARN  util.ReferenceCountedLeakDetector (ReferenceCountedLeakDetector.java:lambda$new$0(147)) - LEAK: A org.apache.ratis.proto.RaftProtos$LogEntryProto is not released properly
2024-09-29 22:58:08,558 [main] WARN  util.ReferenceCountedLeakDetector (ReferenceCountedLeakDetector.java:lambda$new$0(147)) - LEAK: A org.apache.ratis.protocol.RaftClientRequest is not released properly
2024-09-29 22:58:08,558 [main] WARN  util.ReferenceCountedLeakDetector (ReferenceCountedLeakDetector.java:lambda$new$0(147)) - LEAK: A org.apache.ratis.protocol.RaftClientRequest is not released properly
2024-09-29 22:58:08,558 [main] WARN  util.ReferenceCountedLeakDetector (ReferenceCountedLeakDetector.java:lambda$new$0(147)) - LEAK: A org.apache.ratis.protocol.RaftClientRequest is not released properly
2024-09-29 22:58:08,558 [main] WARN  util.ReferenceCountedLeakDetector (ReferenceCountedLeakDetector.java:lambda$new$0(147)) - LEAK: A org.apache.ratis.proto.RaftProtos$LogEntryProto is not released properly
2024-09-29 22:58:08,558 [main] WARN  util.ReferenceCountedLeakDetector (ReferenceCountedLeakDetector.java:lambda$new$0(147)) - LEAK: A org.apache.ratis.protocol.RaftClientRequest is not released properly
2024-09-29 22:58:08,559 [main] WARN  util.ReferenceCountedLeakDetector (ReferenceCountedLeakDetector.java:lambda$new$0(147)) - LEAK: A org.apache.ratis.protocol.RaftClientRequest is not released properly
2024-09-29 22:58:08,559 [main] WARN  util.ReferenceCountedLeakDetector (ReferenceCountedLeakDetector.java:lambda$new$0(147)) - LEAK: A org.apache.ratis.protocol.RaftClientRequest is not released properly
2024-09-29 22:58:08,559 [main] WARN  util.ReferenceCountedLeakDetector (ReferenceCountedLeakDetector.java:lambda$new$0(147)) - LEAK: A org.apache.ratis.protocol.RaftClientRequest is not released properly
2024-09-29 22:58:08,559 [main] WARN  util.ReferenceCountedLeakDetector (ReferenceCountedLeakDetector.java:lambda$new$0(147)) - LEAK: A org.apache.ratis.proto.RaftProtos$LogEntryProto is not released properly
2024-09-29 22:58:08,559 [main] WARN  util.ReferenceCountedLeakDetector (ReferenceCountedLeakDetector.java:lambda$new$0(147)) - LEAK: A org.apache.ratis.proto.RaftProtos$LogEntryProto is not released properly
2024-09-29 22:58:08,559 [main] WARN  util.ReferenceCountedLeakDetector (ReferenceCountedLeakDetector.java:lambda$new$0(147)) - LEAK: A org.apache.ratis.protocol.RaftClientRequest is not released properly
2024-09-29 22:58:08,559 [main] WARN  util.ReferenceCountedLeakDetector (ReferenceCountedLeakDetector.java:lambda$new$0(147)) - LEAK: A org.apache.ratis.protocol.RaftClientRequest is not released properly
2024-09-29 22:58:08,559 [main] WARN  util.ReferenceCountedLeakDetector (ReferenceCountedLeakDetector.java:lambda$new$0(147)) - LEAK: A org.apache.ratis.proto.RaftProtos$LogEntryProto is not released properly
2024-09-29 22:58:08,560 [main] WARN  util.ReferenceCountedLeakDetector (ReferenceCountedLeakDetector.java:lambda$new$0(147)) - LEAK: A org.apache.ratis.protocol.RaftClientRequest is not released properly
2024-09-29 22:58:08,560 [main] WARN  util.ReferenceCountedLeakDetector (ReferenceCountedLeakDetector.java:lambda$new$0(147)) - LEAK: A org.apache.ratis.protocol.RaftClientRequest is not released properly
2024-09-29 22:58:08,560 [main] WARN  util.ReferenceCountedLeakDetector (ReferenceCountedLeakDetector.java:lambda$new$0(147)) - LEAK: A org.apache.ratis.proto.RaftProtos$LogEntryProto is not released properly
2024-09-29 22:58:08,560 [main] WARN  util.ReferenceCountedLeakDetector (ReferenceCountedLeakDetector.java:lambda$new$0(147)) - LEAK: A org.apache.ratis.protocol.RaftClientRequest is not released properly
2024-09-29 22:58:08,560 [main] WARN  util.ReferenceCountedLeakDetector (ReferenceCountedLeakDetector.java:lambda$new$0(147)) - LEAK: A org.apache.ratis.protocol.RaftClientRequest is not released properly
2024-09-29 22:58:08,560 [main] WARN  util.ReferenceCountedLeakDetector (ReferenceCountedLeakDetector.java:lambda$new$0(147)) - LEAK: A org.apache.ratis.proto.RaftProtos$LogEntryProto is not released properly
2024-09-29 22:58:08,560 [main] WARN  util.ReferenceCountedLeakDetector (ReferenceCountedLeakDetector.java:lambda$new$0(147)) - LEAK: A org.apache.ratis.protocol.RaftClientRequest is not released properly
2024-09-29 22:58:08,560 [main] WARN  util.ReferenceCountedLeakDetector (ReferenceCountedLeakDetector.java:lambda$new$0(147)) - LEAK: A org.apache.ratis.proto.RaftProtos$LogEntryProto is not released properly
2024-09-29 22:58:08,561 [main] WARN  util.ReferenceCountedLeakDetector (ReferenceCountedLeakDetector.java:lambda$new$0(147)) - LEAK: A org.apache.ratis.proto.RaftProtos$LogEntryProto is not released properly
2024-09-29 22:58:08,561 [main] WARN  util.ReferenceCountedLeakDetector (ReferenceCountedLeakDetector.java:lambda$new$0(147)) - LEAK: A org.apache.ratis.protocol.RaftClientRequest is not released properly
2024-09-29 22:58:08,561 [main] WARN  util.ReferenceCountedLeakDetector (ReferenceCountedLeakDetector.java:lambda$new$0(147)) - LEAK: A org.apache.ratis.proto.RaftProtos$LogEntryProto is not released properly
2024-09-29 22:58:08,561 [main] WARN  util.ReferenceCountedLeakDetector (ReferenceCountedLeakDetector.java:lambda$new$0(147)) - LEAK: A org.apache.ratis.proto.RaftProtos$LogEntryProto is not released properly
2024-09-29 22:58:08,561 [main] WARN  util.ReferenceCountedLeakDetector (ReferenceCountedLeakDetector.java:lambda$new$0(147)) - LEAK: A org.apache.ratis.protocol.RaftClientRequest is not released properly
2024-09-29 22:58:08,561 [main] WARN  util.ReferenceCountedLeakDetector (ReferenceCountedLeakDetector.java:lambda$new$0(147)) - LEAK: A org.apache.ratis.proto.RaftProtos$LogEntryProto is not released properly
2024-09-29 22:58:08,561 [main] WARN  util.ReferenceCountedLeakDetector (ReferenceCountedLeakDetector.java:lambda$new$0(147)) - LEAK: A org.apache.ratis.protocol.RaftClientRequest is not released properly
2024-09-29 22:58:08,562 [main] WARN  util.ReferenceCountedLeakDetector (ReferenceCountedLeakDetector.java:lambda$new$0(147)) - LEAK: A org.apache.ratis.protocol.RaftClientRequest is not released properly
2024-09-29 22:58:08,562 [main] WARN  util.ReferenceCountedLeakDetector (ReferenceCountedLeakDetector.java:lambda$new$0(147)) - LEAK: A org.apache.ratis.protocol.RaftClientRequest is not released properly
2024-09-29 22:58:08,562 [main] WARN  util.ReferenceCountedLeakDetector (ReferenceCountedLeakDetector.java:lambda$new$0(147)) - LEAK: A org.apache.ratis.protocol.RaftClientRequest is not released properly
2024-09-29 22:58:08,562 [main] WARN  util.ReferenceCountedLeakDetector (ReferenceCountedLeakDetector.java:lambda$new$0(147)) - LEAK: A org.apache.ratis.protocol.RaftClientRequest is not released properly
2024-09-29 22:58:08,562 [main] WARN  util.ReferenceCountedLeakDetector (ReferenceCountedLeakDetector.java:lambda$new$0(147)) - LEAK: A org.apache.ratis.proto.RaftProtos$LogEntryProto is not released properly
2024-09-29 22:58:08,562 [main] WARN  util.ReferenceCountedLeakDetector (ReferenceCountedLeakDetector.java:lambda$new$0(147)) - LEAK: A org.apache.ratis.proto.RaftProtos$LogEntryProto is not released properly
2024-09-29 22:58:08,562 [main] WARN  util.ReferenceCountedLeakDetector (ReferenceCountedLeakDetector.java:lambda$new$0(147)) - LEAK: A org.apache.ratis.protocol.RaftClientRequest is not released properly
2024-09-29 22:58:08,562 [main] WARN  util.ReferenceCountedLeakDetector (ReferenceCountedLeakDetector.java:lambda$new$0(147)) - LEAK: A org.apache.ratis.protocol.RaftClientRequest is not released properly
2024-09-29 22:58:08,563 [main] WARN  util.ReferenceCountedLeakDetector (ReferenceCountedLeakDetector.java:lambda$new$0(147)) - LEAK: A org.apache.ratis.proto.RaftProtos$LogEntryProto is not released properly
2024-09-29 22:58:08,563 [main] WARN  util.ReferenceCountedLeakDetector (ReferenceCountedLeakDetector.java:lambda$new$0(147)) - LEAK: A org.apache.ratis.proto.RaftProtos$LogEntryProto is not released properly
2024-09-29 22:58:08,563 [main] WARN  util.ReferenceCountedLeakDetector (ReferenceCountedLeakDetector.java:lambda$new$0(147)) - LEAK: A org.apache.ratis.proto.RaftProtos$LogEntryProto is not released properly
2024-09-29 22:58:08,563 [main] WARN  util.ReferenceCountedLeakDetector (ReferenceCountedLeakDetector.java:lambda$new$0(147)) - LEAK: A org.apache.ratis.protocol.RaftClientRequest is not released properly
2024-09-29 22:58:08,563 [main] WARN  util.ReferenceCountedLeakDetector (ReferenceCountedLeakDetector.java:lambda$new$0(147)) - LEAK: A org.apache.ratis.proto.RaftProtos$LogEntryProto is not released properly
2024-09-29 22:58:08,563 [main] WARN  util.ReferenceCountedLeakDetector (ReferenceCountedLeakDetector.java:lambda$new$0(147)) - LEAK: A org.apache.ratis.proto.RaftProtos$LogEntryProto is not released properly
2024-09-29 22:58:08,563 [main] WARN  util.ReferenceCountedLeakDetector (ReferenceCountedLeakDetector.java:lambda$new$0(147)) - LEAK: A org.apache.ratis.proto.RaftProtos$LogEntryProto is not released properly
2024-09-29 22:58:08,563 [main] WARN  util.ReferenceCountedLeakDetector (ReferenceCountedLeakDetector.java:lambda$new$0(147)) - LEAK: A org.apache.ratis.protocol.RaftClientRequest is not released properly
2024-09-29 22:58:08,564 [main] WARN  util.ReferenceCountedLeakDetector (ReferenceCountedLeakDetector.java:lambda$new$0(147)) - LEAK: A org.apache.ratis.protocol.RaftClientRequest is not released properly
2024-09-29 22:58:08,564 [main] WARN  util.ReferenceCountedLeakDetector (ReferenceCountedLeakDetector.java:lambda$new$0(147)) - LEAK: A org.apache.ratis.proto.RaftProtos$LogEntryProto is not released properly
2024-09-29 22:58:08,564 [main] WARN  util.ReferenceCountedLeakDetector (ReferenceCountedLeakDetector.java:lambda$new$0(147)) - LEAK: A org.apache.ratis.protocol.RaftClientRequest is not released properly
2024-09-29 22:58:08,564 [main] WARN  util.ReferenceCountedLeakDetector (ReferenceCountedLeakDetector.java:lambda$new$0(147)) - LEAK: A org.apache.ratis.proto.RaftProtos$LogEntryProto is not released properly
2024-09-29 22:58:08,564 [main] WARN  util.ReferenceCountedLeakDetector (ReferenceCountedLeakDetector.java:lambda$new$0(147)) - LEAK: A org.apache.ratis.proto.RaftProtos$LogEntryProto is not released properly
2024-09-29 22:58:08,564 [main] WARN  util.ReferenceCountedLeakDetector (ReferenceCountedLeakDetector.java:lambda$new$0(147)) - LEAK: A org.apache.ratis.protocol.RaftClientRequest is not released properly
2024-09-29 22:58:08,564 [main] WARN  util.ReferenceCountedLeakDetector (ReferenceCountedLeakDetector.java:lambda$new$0(147)) - LEAK: A org.apache.ratis.proto.RaftProtos$LogEntryProto is not released properly
2024-09-29 22:58:08,564 [main] WARN  util.ReferenceCountedLeakDetector (ReferenceCountedLeakDetector.java:lambda$new$0(147)) - LEAK: A org.apache.ratis.proto.RaftProtos$LogEntryProto is not released properly
2024-09-29 22:58:08,565 [main] WARN  util.ReferenceCountedLeakDetector (ReferenceCountedLeakDetector.java:lambda$new$0(147)) - LEAK: A org.apache.ratis.proto.RaftProtos$LogEntryProto is not released properly
2024-09-29 22:58:08,565 [main] WARN  util.ReferenceCountedLeakDetector (ReferenceCountedLeakDetector.java:lambda$new$0(147)) - LEAK: A org.apache.ratis.proto.RaftProtos$LogEntryProto is not released properly
2024-09-29 22:58:08,565 [main] WARN  util.ReferenceCountedLeakDetector (ReferenceCountedLeakDetector.java:lambda$new$0(147)) - LEAK: A org.apache.ratis.proto.RaftProtos$LogEntryProto is not released properly
2024-09-29 22:58:08,565 [main] WARN  util.ReferenceCountedLeakDetector (ReferenceCountedLeakDetector.java:lambda$new$0(147)) - LEAK: A org.apache.ratis.protocol.RaftClientRequest is not released properly
2024-09-29 22:58:08,565 [main] WARN  util.ReferenceCountedLeakDetector (ReferenceCountedLeakDetector.java:lambda$new$0(147)) - LEAK: A org.apache.ratis.protocol.RaftClientRequest is not released properly
2024-09-29 22:58:08,565 [main] WARN  util.ReferenceCountedLeakDetector (ReferenceCountedLeakDetector.java:lambda$new$0(147)) - LEAK: A org.apache.ratis.proto.RaftProtos$LogEntryProto is not released properly
2024-09-29 22:58:08,565 [main] WARN  util.ReferenceCountedLeakDetector (ReferenceCountedLeakDetector.java:lambda$new$0(147)) - LEAK: A org.apache.ratis.protocol.RaftClientRequest is not released properly
2024-09-29 22:58:08,565 [main] WARN  util.ReferenceCountedLeakDetector (ReferenceCountedLeakDetector.java:lambda$new$0(147)) - LEAK: A org.apache.ratis.proto.RaftProtos$LogEntryProto is not released properly
2024-09-29 22:58:08,566 [main] WARN  util.ReferenceCountedLeakDetector (ReferenceCountedLeakDetector.java:lambda$new$0(147)) - LEAK: A org.apache.ratis.protocol.RaftClientRequest is not released properly
2024-09-29 22:58:08,566 [main] WARN  util.ReferenceCountedLeakDetector (ReferenceCountedLeakDetector.java:lambda$new$0(147)) - LEAK: A org.apache.ratis.proto.RaftProtos$LogEntryProto is not released properly
2024-09-29 22:58:08,566 [main] WARN  util.ReferenceCountedLeakDetector (ReferenceCountedLeakDetector.java:lambda$new$0(147)) - LEAK: A org.apache.ratis.proto.RaftProtos$LogEntryProto is not released properly
2024-09-29 22:58:08,566 [main] WARN  util.ReferenceCountedLeakDetector (ReferenceCountedLeakDetector.java:lambda$new$0(147)) - LEAK: A org.apache.ratis.protocol.RaftClientRequest is not released properly
2024-09-29 22:58:08,566 [main] WARN  util.ReferenceCountedLeakDetector (ReferenceCountedLeakDetector.java:lambda$new$0(147)) - LEAK: A org.apache.ratis.proto.RaftProtos$LogEntryProto is not released properly
2024-09-29 22:58:08,566 [main] WARN  util.ReferenceCountedLeakDetector (ReferenceCountedLeakDetector.java:lambda$new$0(147)) - LEAK: A org.apache.ratis.proto.RaftProtos$LogEntryProto is not released properly
2024-09-29 22:58:08,566 [main] WARN  util.ReferenceCountedLeakDetector (ReferenceCountedLeakDetector.java:lambda$new$0(147)) - LEAK: A org.apache.ratis.proto.RaftProtos$LogEntryProto is not released properly
2024-09-29 22:58:08,566 [main] WARN  util.ReferenceCountedLeakDetector (ReferenceCountedLeakDetector.java:lambda$new$0(147)) - LEAK: A org.apache.ratis.protocol.RaftClientRequest is not released properly
2024-09-29 22:58:08,567 [main] WARN  util.ReferenceCountedLeakDetector (ReferenceCountedLeakDetector.java:lambda$new$0(147)) - LEAK: A org.apache.ratis.proto.RaftProtos$LogEntryProto is not released properly
2024-09-29 22:58:08,567 [main] WARN  util.ReferenceCountedLeakDetector (ReferenceCountedLeakDetector.java:lambda$new$0(147)) - LEAK: A org.apache.ratis.protocol.RaftClientRequest is not released properly
2024-09-29 22:58:08,567 [main] WARN  util.ReferenceCountedLeakDetector (ReferenceCountedLeakDetector.java:lambda$new$0(147)) - LEAK: A org.apache.ratis.protocol.RaftClientRequest is not released properly
2024-09-29 22:58:08,567 [main] WARN  util.ReferenceCountedLeakDetector (ReferenceCountedLeakDetector.java:lambda$new$0(147)) - LEAK: A org.apache.ratis.proto.RaftProtos$LogEntryProto is not released properly
2024-09-29 22:58:08,567 [main] WARN  util.ReferenceCountedLeakDetector (ReferenceCountedLeakDetector.java:lambda$new$0(147)) - LEAK: A org.apache.ratis.protocol.RaftClientRequest is not released properly
2024-09-29 22:58:08,567 [main] WARN  util.ReferenceCountedLeakDetector (ReferenceCountedLeakDetector.java:lambda$new$0(147)) - LEAK: A org.apache.ratis.proto.RaftProtos$LogEntryProto is not released properly
2024-09-29 22:58:08,567 [main] WARN  util.ReferenceCountedLeakDetector (ReferenceCountedLeakDetector.java:lambda$new$0(147)) - LEAK: A org.apache.ratis.protocol.RaftClientRequest is not released properly
2024-09-29 22:58:08,567 [main] WARN  util.ReferenceCountedLeakDetector (ReferenceCountedLeakDetector.java:lambda$new$0(147)) - LEAK: A org.apache.ratis.proto.RaftProtos$LogEntryProto is not released properly
2024-09-29 22:58:08,568 [main] WARN  util.ReferenceCountedLeakDetector (ReferenceCountedLeakDetector.java:lambda$new$0(147)) - LEAK: A org.apache.ratis.protocol.RaftClientRequest is not released properly
2024-09-29 22:58:08,568 [main] WARN  util.ReferenceCountedLeakDetector (ReferenceCountedLeakDetector.java:lambda$new$0(147)) - LEAK: A org.apache.ratis.proto.RaftProtos$LogEntryProto is not released properly
2024-09-29 22:58:08,568 [main] WARN  util.ReferenceCountedLeakDetector (ReferenceCountedLeakDetector.java:lambda$new$0(147)) - LEAK: A org.apache.ratis.proto.RaftProtos$LogEntryProto is not released properly
2024-09-29 22:58:08,568 [main] WARN  util.ReferenceCountedLeakDetector (ReferenceCountedLeakDetector.java:lambda$new$0(147)) - LEAK: A org.apache.ratis.proto.RaftProtos$LogEntryProto is not released properly
2024-09-29 22:58:08,568 [main] WARN  util.ReferenceCountedLeakDetector (ReferenceCountedLeakDetector.java:lambda$new$0(147)) - LEAK: A org.apache.ratis.proto.RaftProtos$LogEntryProto is not released properly
2024-09-29 22:58:08,568 [main] WARN  util.ReferenceCountedLeakDetector (ReferenceCountedLeakDetector.java:lambda$new$0(147)) - LEAK: A org.apache.ratis.proto.RaftProtos$LogEntryProto is not released properly
2024-09-29 22:58:08,568 [main] WARN  util.ReferenceCountedLeakDetector (ReferenceCountedLeakDetector.java:lambda$new$0(147)) - LEAK: A org.apache.ratis.proto.RaftProtos$LogEntryProto is not released properly
2024-09-29 22:58:08,568 [main] WARN  util.ReferenceCountedLeakDetector (ReferenceCountedLeakDetector.java:lambda$new$0(147)) - LEAK: A org.apache.ratis.proto.RaftProtos$LogEntryProto is not released properly
2024-09-29 22:58:08,569 [main] WARN  util.ReferenceCountedLeakDetector (ReferenceCountedLeakDetector.java:lambda$new$0(147)) - LEAK: A org.apache.ratis.protocol.RaftClientRequest is not released properly
2024-09-29 22:58:08,569 [main] WARN  util.ReferenceCountedLeakDetector (ReferenceCountedLeakDetector.java:lambda$new$0(147)) - LEAK: A org.apache.ratis.protocol.RaftClientRequest is not released properly
2024-09-29 22:58:08,569 [main] WARN  util.ReferenceCountedLeakDetector (ReferenceCountedLeakDetector.java:lambda$new$0(147)) - LEAK: A org.apache.ratis.proto.RaftProtos$LogEntryProto is not released properly
2024-09-29 22:58:08,569 [main] WARN  util.ReferenceCountedLeakDetector (ReferenceCountedLeakDetector.java:lambda$new$0(147)) - LEAK: A org.apache.ratis.proto.RaftProtos$LogEntryProto is not released properly
2024-09-29 22:58:08,569 [main] WARN  util.ReferenceCountedLeakDetector (ReferenceCountedLeakDetector.java:lambda$new$0(147)) - LEAK: A org.apache.ratis.proto.RaftProtos$LogEntryProto is not released properly
2024-09-29 22:58:08,569 [main] WARN  util.ReferenceCountedLeakDetector (ReferenceCountedLeakDetector.java:lambda$new$0(147)) - LEAK: A org.apache.ratis.proto.RaftProtos$LogEntryProto is not released properly
2024-09-29 22:58:08,569 [main] WARN  util.ReferenceCountedLeakDetector (ReferenceCountedLeakDetector.java:lambda$new$0(147)) - LEAK: A org.apache.ratis.protocol.RaftClientRequest is not released properly
2024-09-29 22:58:08,570 [main] WARN  util.ReferenceCountedLeakDetector (ReferenceCountedLeakDetector.java:lambda$new$0(147)) - LEAK: A org.apache.ratis.protocol.RaftClientRequest is not released properly
2024-09-29 22:58:08,570 [main] WARN  util.ReferenceCountedLeakDetector (ReferenceCountedLeakDetector.java:lambda$new$0(147)) - LEAK: A org.apache.ratis.protocol.RaftClientRequest is not released properly
2024-09-29 22:58:08,570 [main] WARN  util.ReferenceCountedLeakDetector (ReferenceCountedLeakDetector.java:lambda$new$0(147)) - LEAK: A org.apache.ratis.protocol.RaftClientRequest is not released properly
2024-09-29 22:58:08,570 [main] WARN  util.ReferenceCountedLeakDetector (ReferenceCountedLeakDetector.java:lambda$new$0(147)) - LEAK: A org.apache.ratis.protocol.RaftClientRequest is not released properly
2024-09-29 22:58:08,570 [main] WARN  util.ReferenceCountedLeakDetector (ReferenceCountedLeakDetector.java:lambda$new$0(147)) - LEAK: A org.apache.ratis.protocol.RaftClientRequest is not released properly
2024-09-29 22:58:08,570 [main] WARN  util.ReferenceCountedLeakDetector (ReferenceCountedLeakDetector.java:lambda$new$0(147)) - LEAK: A org.apache.ratis.proto.RaftProtos$LogEntryProto is not released properly
2024-09-29 22:58:08,570 [main] WARN  util.ReferenceCountedLeakDetector (ReferenceCountedLeakDetector.java:lambda$new$0(147)) - LEAK: A org.apache.ratis.protocol.RaftClientRequest is not released properly
2024-09-29 22:58:08,570 [main] WARN  util.ReferenceCountedLeakDetector (ReferenceCountedLeakDetector.java:lambda$new$0(147)) - LEAK: A org.apache.ratis.protocol.RaftClientRequest is not released properly
2024-09-29 22:58:08,571 [main] WARN  util.ReferenceCountedLeakDetector (ReferenceCountedLeakDetector.java:lambda$new$0(147)) - LEAK: A org.apache.ratis.protocol.RaftClientRequest is not released properly
2024-09-29 22:58:08,571 [main] WARN  util.ReferenceCountedLeakDetector (ReferenceCountedLeakDetector.java:lambda$new$0(147)) - LEAK: A org.apache.ratis.protocol.RaftClientRequest is not released properly
2024-09-29 22:58:08,571 [main] WARN  util.ReferenceCountedLeakDetector (ReferenceCountedLeakDetector.java:lambda$new$0(147)) - LEAK: A org.apache.ratis.protocol.RaftClientRequest is not released properly
2024-09-29 22:58:08,571 [main] WARN  util.ReferenceCountedLeakDetector (ReferenceCountedLeakDetector.java:lambda$new$0(147)) - LEAK: A org.apache.ratis.proto.RaftProtos$LogEntryProto is not released properly
2024-09-29 22:58:08,571 [main] WARN  util.ReferenceCountedLeakDetector (ReferenceCountedLeakDetector.java:lambda$new$0(147)) - LEAK: A org.apache.ratis.protocol.RaftClientRequest is not released properly
2024-09-29 22:58:08,571 [main] WARN  util.ReferenceCountedLeakDetector (ReferenceCountedLeakDetector.java:lambda$new$0(147)) - LEAK: A org.apache.ratis.protocol.RaftClientRequest is not released properly
2024-09-29 22:58:08,571 [main] WARN  util.ReferenceCountedLeakDetector (ReferenceCountedLeakDetector.java:lambda$new$0(147)) - LEAK: A org.apache.ratis.proto.RaftProtos$LogEntryProto is not released properly
2024-09-29 22:58:08,571 [main] WARN  util.ReferenceCountedLeakDetector (ReferenceCountedLeakDetector.java:lambda$new$0(147)) - LEAK: A org.apache.ratis.protocol.RaftClientRequest is not released properly
2024-09-29 22:58:08,572 [main] WARN  util.ReferenceCountedLeakDetector (ReferenceCountedLeakDetector.java:lambda$new$0(147)) - LEAK: A org.apache.ratis.protocol.RaftClientRequest is not released properly
2024-09-29 22:58:08,572 [main] WARN  util.ReferenceCountedLeakDetector (ReferenceCountedLeakDetector.java:lambda$new$0(147)) - LEAK: A org.apache.ratis.proto.RaftProtos$LogEntryProto is not released properly
2024-09-29 22:58:08,572 [main] WARN  util.ReferenceCountedLeakDetector (ReferenceCountedLeakDetector.java:lambda$new$0(147)) - LEAK: A org.apache.ratis.protocol.RaftClientRequest is not released properly
2024-09-29 22:58:08,572 [main] WARN  util.ReferenceCountedLeakDetector (ReferenceCountedLeakDetector.java:lambda$new$0(147)) - LEAK: A org.apache.ratis.protocol.RaftClientRequest is not released properly
2024-09-29 22:58:08,572 [main] WARN  util.ReferenceCountedLeakDetector (ReferenceCountedLeakDetector.java:lambda$new$0(147)) - LEAK: A org.apache.ratis.protocol.RaftClientRequest is not released properly
2024-09-29 22:58:08,572 [main] WARN  util.ReferenceCountedLeakDetector (ReferenceCountedLeakDetector.java:lambda$new$0(147)) - LEAK: A org.apache.ratis.proto.RaftProtos$LogEntryProto is not released properly
2024-09-29 22:58:08,572 [main] WARN  util.ReferenceCountedLeakDetector (ReferenceCountedLeakDetector.java:lambda$new$0(147)) - LEAK: A org.apache.ratis.proto.RaftProtos$LogEntryProto is not released properly
2024-09-29 22:58:08,572 [main] WARN  util.ReferenceCountedLeakDetector (ReferenceCountedLeakDetector.java:lambda$new$0(147)) - LEAK: A org.apache.ratis.protocol.RaftClientRequest is not released properly
2024-09-29 22:58:08,573 [main] WARN  util.ReferenceCountedLeakDetector (ReferenceCountedLeakDetector.java:lambda$new$0(147)) - LEAK: A org.apache.ratis.protocol.RaftClientRequest is not released properly
2024-09-29 22:58:08,573 [main] WARN  util.ReferenceCountedLeakDetector (ReferenceCountedLeakDetector.java:lambda$new$0(147)) - LEAK: A org.apache.ratis.proto.RaftProtos$LogEntryProto is not released properly
2024-09-29 22:58:08,573 [main] WARN  util.ReferenceCountedLeakDetector (ReferenceCountedLeakDetector.java:lambda$new$0(147)) - LEAK: A org.apache.ratis.proto.RaftProtos$LogEntryProto is not released properly
2024-09-29 22:58:08,573 [main] WARN  util.ReferenceCountedLeakDetector (ReferenceCountedLeakDetector.java:lambda$new$0(147)) - LEAK: A org.apache.ratis.protocol.RaftClientRequest is not released properly
2024-09-29 22:58:08,573 [main] WARN  util.ReferenceCountedLeakDetector (ReferenceCountedLeakDetector.java:lambda$new$0(147)) - LEAK: A org.apache.ratis.proto.RaftProtos$LogEntryProto is not released properly
2024-09-29 22:58:08,573 [main] WARN  util.ReferenceCountedLeakDetector (ReferenceCountedLeakDetector.java:lambda$new$0(147)) - LEAK: A org.apache.ratis.protocol.RaftClientRequest is not released properly
2024-09-29 22:58:08,573 [main] WARN  util.ReferenceCountedLeakDetector (ReferenceCountedLeakDetector.java:lambda$new$0(147)) - LEAK: A org.apache.ratis.proto.RaftProtos$LogEntryProto is not released properly
2024-09-29 22:58:08,573 [main] WARN  util.ReferenceCountedLeakDetector (ReferenceCountedLeakDetector.java:lambda$new$0(147)) - LEAK: A org.apache.ratis.proto.RaftProtos$LogEntryProto is not released properly
2024-09-29 22:58:08,574 [main] WARN  util.ReferenceCountedLeakDetector (ReferenceCountedLeakDetector.java:lambda$new$0(147)) - LEAK: A org.apache.ratis.proto.RaftProtos$LogEntryProto is not released properly
2024-09-29 22:58:08,574 [main] WARN  util.ReferenceCountedLeakDetector (ReferenceCountedLeakDetector.java:lambda$new$0(147)) - LEAK: A org.apache.ratis.protocol.RaftClientRequest is not released properly
2024-09-29 22:58:08,574 [main] WARN  util.ReferenceCountedLeakDetector (ReferenceCountedLeakDetector.java:lambda$new$0(147)) - LEAK: A org.apache.ratis.proto.RaftProtos$LogEntryProto is not released properly
2024-09-29 22:58:08,574 [main] WARN  util.ReferenceCountedLeakDetector (ReferenceCountedLeakDetector.java:lambda$new$0(147)) - LEAK: A org.apache.ratis.protocol.RaftClientRequest is not released properly
2024-09-29 22:58:08,574 [main] WARN  util.ReferenceCountedLeakDetector (ReferenceCountedLeakDetector.java:lambda$new$0(147)) - LEAK: A org.apache.ratis.protocol.RaftClientRequest is not released properly
2024-09-29 22:58:08,574 [main] WARN  util.ReferenceCountedLeakDetector (ReferenceCountedLeakDetector.java:lambda$new$0(147)) - LEAK: A org.apache.ratis.proto.RaftProtos$LogEntryProto is not released properly
2024-09-29 22:58:08,574 [main] WARN  util.ReferenceCountedLeakDetector (ReferenceCountedLeakDetector.java:lambda$new$0(147)) - LEAK: A org.apache.ratis.protocol.RaftClientRequest is not released properly
2024-09-29 22:58:08,574 [main] WARN  util.ReferenceCountedLeakDetector (ReferenceCountedLeakDetector.java:lambda$new$0(147)) - LEAK: A org.apache.ratis.proto.RaftProtos$LogEntryProto is not released properly
2024-09-29 22:58:08,575 [main] WARN  util.ReferenceCountedLeakDetector (ReferenceCountedLeakDetector.java:lambda$new$0(147)) - LEAK: A org.apache.ratis.protocol.RaftClientRequest is not released properly
2024-09-29 22:58:08,575 [main] WARN  util.ReferenceCountedLeakDetector (ReferenceCountedLeakDetector.java:lambda$new$0(147)) - LEAK: A org.apache.ratis.proto.RaftProtos$LogEntryProto is not released properly
2024-09-29 22:58:08,575 [main] WARN  util.ReferenceCountedLeakDetector (ReferenceCountedLeakDetector.java:lambda$new$0(147)) - LEAK: A org.apache.ratis.protocol.RaftClientRequest is not released properly
2024-09-29 22:58:08,575 [main] WARN  util.ReferenceCountedLeakDetector (ReferenceCountedLeakDetector.java:lambda$new$0(147)) - LEAK: A org.apache.ratis.proto.RaftProtos$LogEntryProto is not released properly
2024-09-29 22:58:08,575 [main] WARN  util.ReferenceCountedLeakDetector (ReferenceCountedLeakDetector.java:lambda$new$0(147)) - LEAK: A org.apache.ratis.proto.RaftProtos$LogEntryProto is not released properly
2024-09-29 22:58:08,575 [main] WARN  util.ReferenceCountedLeakDetector (ReferenceCountedLeakDetector.java:lambda$new$0(147)) - LEAK: A org.apache.ratis.proto.RaftProtos$LogEntryProto is not released properly
2024-09-29 22:58:08,575 [main] WARN  util.ReferenceCountedLeakDetector (ReferenceCountedLeakDetector.java:lambda$new$0(147)) - LEAK: A org.apache.ratis.protocol.RaftClientRequest is not released properly
2024-09-29 22:58:08,575 [main] WARN  util.ReferenceCountedLeakDetector (ReferenceCountedLeakDetector.java:lambda$new$0(147)) - LEAK: A org.apache.ratis.proto.RaftProtos$LogEntryProto is not released properly
2024-09-29 22:58:08,576 [main] WARN  util.ReferenceCountedLeakDetector (ReferenceCountedLeakDetector.java:lambda$new$0(147)) - LEAK: A org.apache.ratis.proto.RaftProtos$LogEntryProto is not released properly
2024-09-29 22:58:08,576 [main] WARN  util.ReferenceCountedLeakDetector (ReferenceCountedLeakDetector.java:lambda$new$0(147)) - LEAK: A org.apache.ratis.protocol.RaftClientRequest is not released properly
2024-09-29 22:58:08,576 [main] WARN  util.ReferenceCountedLeakDetector (ReferenceCountedLeakDetector.java:lambda$new$0(147)) - LEAK: A org.apache.ratis.protocol.RaftClientRequest is not released properly
2024-09-29 22:58:08,576 [main] WARN  util.ReferenceCountedLeakDetector (ReferenceCountedLeakDetector.java:lambda$new$0(147)) - LEAK: A org.apache.ratis.protocol.RaftClientRequest is not released properly
2024-09-29 22:58:08,576 [main] WARN  util.ReferenceCountedLeakDetector (ReferenceCountedLeakDetector.java:lambda$new$0(147)) - LEAK: A org.apache.ratis.protocol.RaftClientRequest is not released properly
2024-09-29 22:58:08,576 [main] WARN  util.ReferenceCountedLeakDetector (ReferenceCountedLeakDetector.java:lambda$new$0(147)) - LEAK: A org.apache.ratis.proto.RaftProtos$LogEntryProto is not released properly
2024-09-29 22:58:08,576 [main] WARN  util.ReferenceCountedLeakDetector (ReferenceCountedLeakDetector.java:lambda$new$0(147)) - LEAK: A org.apache.ratis.proto.RaftProtos$LogEntryProto is not released properly
2024-09-29 22:58:08,576 [main] WARN  util.ReferenceCountedLeakDetector (ReferenceCountedLeakDetector.java:lambda$new$0(147)) - LEAK: A org.apache.ratis.proto.RaftProtos$LogEntryProto is not released properly
2024-09-29 22:58:08,577 [main] WARN  util.ReferenceCountedLeakDetector (ReferenceCountedLeakDetector.java:lambda$new$0(147)) - LEAK: A org.apache.ratis.proto.RaftProtos$LogEntryProto is not released properly
2024-09-29 22:58:08,577 [main] WARN  util.ReferenceCountedLeakDetector (ReferenceCountedLeakDetector.java:lambda$new$0(147)) - LEAK: A org.apache.ratis.protocol.RaftClientRequest is not released properly
2024-09-29 22:58:08,577 [main] WARN  util.ReferenceCountedLeakDetector (ReferenceCountedLeakDetector.java:lambda$new$0(147)) - LEAK: A org.apache.ratis.protocol.RaftClientRequest is not released properly
2024-09-29 22:58:08,577 [main] WARN  util.ReferenceCountedLeakDetector (ReferenceCountedLeakDetector.java:lambda$new$0(147)) - LEAK: A org.apache.ratis.protocol.RaftClientRequest is not released properly
2024-09-29 22:58:08,577 [main] WARN  util.ReferenceCountedLeakDetector (ReferenceCountedLeakDetector.java:lambda$new$0(147)) - LEAK: A org.apache.ratis.proto.RaftProtos$LogEntryProto is not released properly
2024-09-29 22:58:08,577 [main] WARN  util.ReferenceCountedLeakDetector (ReferenceCountedLeakDetector.java:lambda$new$0(147)) - LEAK: A org.apache.ratis.proto.RaftProtos$LogEntryProto is not released properly
2024-09-29 22:58:08,577 [main] WARN  util.ReferenceCountedLeakDetector (ReferenceCountedLeakDetector.java:lambda$new$0(147)) - LEAK: A org.apache.ratis.protocol.RaftClientRequest is not released properly
2024-09-29 22:58:08,577 [main] WARN  util.ReferenceCountedLeakDetector (ReferenceCountedLeakDetector.java:lambda$new$0(147)) - LEAK: A org.apache.ratis.proto.RaftProtos$LogEntryProto is not released properly
2024-09-29 22:58:08,578 [main] WARN  util.ReferenceCountedLeakDetector (ReferenceCountedLeakDetector.java:lambda$new$0(147)) - LEAK: A org.apache.ratis.protocol.RaftClientRequest is not released properly
2024-09-29 22:58:08,578 [main] WARN  util.ReferenceCountedLeakDetector (ReferenceCountedLeakDetector.java:lambda$new$0(147)) - LEAK: A org.apache.ratis.proto.RaftProtos$LogEntryProto is not released properly
2024-09-29 22:58:08,578 [main] WARN  util.ReferenceCountedLeakDetector (ReferenceCountedLeakDetector.java:lambda$new$0(147)) - LEAK: A org.apache.ratis.protocol.RaftClientRequest is not released properly
2024-09-29 22:58:08,578 [main] WARN  util.ReferenceCountedLeakDetector (ReferenceCountedLeakDetector.java:lambda$new$0(147)) - LEAK: A org.apache.ratis.protocol.RaftClientRequest is not released properly
2024-09-29 22:58:08,578 [main] WARN  util.ReferenceCountedLeakDetector (ReferenceCountedLeakDetector.java:lambda$new$0(147)) - LEAK: A org.apache.ratis.protocol.RaftClientRequest is not released properly
2024-09-29 22:58:08,578 [main] WARN  util.ReferenceCountedLeakDetector (ReferenceCountedLeakDetector.java:lambda$new$0(147)) - LEAK: A org.apache.ratis.protocol.RaftClientRequest is not released properly
2024-09-29 22:58:08,578 [main] WARN  util.ReferenceCountedLeakDetector (ReferenceCountedLeakDetector.java:lambda$new$0(147)) - LEAK: A org.apache.ratis.protocol.RaftClientRequest is not released properly
2024-09-29 22:58:08,578 [main] WARN  util.ReferenceCountedLeakDetector (ReferenceCountedLeakDetector.java:lambda$new$0(147)) - LEAK: A org.apache.ratis.proto.RaftProtos$LogEntryProto is not released properly
2024-09-29 22:58:08,579 [main] WARN  util.ReferenceCountedLeakDetector (ReferenceCountedLeakDetector.java:lambda$new$0(147)) - LEAK: A org.apache.ratis.protocol.RaftClientRequest is not released properly
2024-09-29 22:58:08,579 [main] WARN  util.ReferenceCountedLeakDetector (ReferenceCountedLeakDetector.java:lambda$new$0(147)) - LEAK: A org.apache.ratis.proto.RaftProtos$LogEntryProto is not released properly
2024-09-29 22:58:08,579 [main] WARN  util.ReferenceCountedLeakDetector (ReferenceCountedLeakDetector.java:lambda$new$0(147)) - LEAK: A org.apache.ratis.proto.RaftProtos$LogEntryProto is not released properly
2024-09-29 22:58:08,579 [main] WARN  util.ReferenceCountedLeakDetector (ReferenceCountedLeakDetector.java:lambda$new$0(147)) - LEAK: A org.apache.ratis.protocol.RaftClientRequest is not released properly
2024-09-29 22:58:08,579 [main] WARN  util.ReferenceCountedLeakDetector (ReferenceCountedLeakDetector.java:lambda$new$0(147)) - LEAK: A org.apache.ratis.protocol.RaftClientRequest is not released properly
2024-09-29 22:58:08,579 [main] WARN  util.ReferenceCountedLeakDetector (ReferenceCountedLeakDetector.java:lambda$new$0(147)) - LEAK: A org.apache.ratis.protocol.RaftClientRequest is not released properly
2024-09-29 22:58:08,579 [main] WARN  util.ReferenceCountedLeakDetector (ReferenceCountedLeakDetector.java:lambda$new$0(147)) - LEAK: A org.apache.ratis.protocol.RaftClientRequest is not released properly
2024-09-29 22:58:08,579 [main] WARN  util.ReferenceCountedLeakDetector (ReferenceCountedLeakDetector.java:lambda$new$0(147)) - LEAK: A org.apache.ratis.protocol.RaftClientRequest is not released properly
2024-09-29 22:58:08,580 [main] WARN  util.ReferenceCountedLeakDetector (ReferenceCountedLeakDetector.java:lambda$new$0(147)) - LEAK: A org.apache.ratis.protocol.RaftClientRequest is not released properly
2024-09-29 22:58:08,580 [main] WARN  util.ReferenceCountedLeakDetector (ReferenceCountedLeakDetector.java:lambda$new$0(147)) - LEAK: A org.apache.ratis.protocol.RaftClientRequest is not released properly
2024-09-29 22:58:08,580 [main] WARN  util.ReferenceCountedLeakDetector (ReferenceCountedLeakDetector.java:lambda$new$0(147)) - LEAK: A org.apache.ratis.protocol.RaftClientRequest is not released properly
2024-09-29 22:58:08,580 [main] WARN  util.ReferenceCountedLeakDetector (ReferenceCountedLeakDetector.java:lambda$new$0(147)) - LEAK: A org.apache.ratis.proto.RaftProtos$LogEntryProto is not released properly
2024-09-29 22:58:08,580 [main] WARN  util.ReferenceCountedLeakDetector (ReferenceCountedLeakDetector.java:lambda$new$0(147)) - LEAK: A org.apache.ratis.proto.RaftProtos$LogEntryProto is not released properly
2024-09-29 22:58:08,580 [main] WARN  util.ReferenceCountedLeakDetector (ReferenceCountedLeakDetector.java:lambda$new$0(147)) - LEAK: A org.apache.ratis.proto.RaftProtos$LogEntryProto is not released properly
2024-09-29 22:58:08,580 [main] WARN  util.ReferenceCountedLeakDetector (ReferenceCountedLeakDetector.java:lambda$new$0(147)) - LEAK: A org.apache.ratis.proto.RaftProtos$LogEntryProto is not released properly
2024-09-29 22:58:08,580 [main] WARN  util.ReferenceCountedLeakDetector (ReferenceCountedLeakDetector.java:lambda$new$0(147)) - LEAK: A org.apache.ratis.proto.RaftProtos$LogEntryProto is not released properly
2024-09-29 22:58:08,581 [main] WARN  util.ReferenceCountedLeakDetector (ReferenceCountedLeakDetector.java:lambda$new$0(147)) - LEAK: A org.apache.ratis.proto.RaftProtos$LogEntryProto is not released properly
2024-09-29 22:58:08,581 [main] WARN  util.ReferenceCountedLeakDetector (ReferenceCountedLeakDetector.java:lambda$new$0(147)) - LEAK: A org.apache.ratis.proto.RaftProtos$LogEntryProto is not released properly
2024-09-29 22:58:08,581 [main] WARN  util.ReferenceCountedLeakDetector (ReferenceCountedLeakDetector.java:lambda$new$0(147)) - LEAK: A org.apache.ratis.proto.RaftProtos$LogEntryProto is not released properly
2024-09-29 22:58:08,581 [main] WARN  util.ReferenceCountedLeakDetector (ReferenceCountedLeakDetector.java:lambda$new$0(147)) - LEAK: A org.apache.ratis.protocol.RaftClientRequest is not released properly
2024-09-29 22:58:08,581 [main] WARN  util.ReferenceCountedLeakDetector (ReferenceCountedLeakDetector.java:lambda$new$0(147)) - LEAK: A org.apache.ratis.proto.RaftProtos$LogEntryProto is not released properly
2024-09-29 22:58:08,581 [main] WARN  util.ReferenceCountedLeakDetector (ReferenceCountedLeakDetector.java:lambda$new$0(147)) - LEAK: A org.apache.ratis.protocol.RaftClientRequest is not released properly
2024-09-29 22:58:08,581 [main] WARN  util.ReferenceCountedLeakDetector (ReferenceCountedLeakDetector.java:lambda$new$0(147)) - LEAK: A org.apache.ratis.proto.RaftProtos$LogEntryProto is not released properly
2024-09-29 22:58:08,581 [main] WARN  util.ReferenceCountedLeakDetector (ReferenceCountedLeakDetector.java:lambda$new$0(147)) - LEAK: A org.apache.ratis.proto.RaftProtos$LogEntryProto is not released properly
2024-09-29 22:58:08,582 [main] WARN  util.ReferenceCountedLeakDetector (ReferenceCountedLeakDetector.java:lambda$new$0(147)) - LEAK: A org.apache.ratis.protocol.RaftClientRequest is not released properly
2024-09-29 22:58:08,582 [main] WARN  util.ReferenceCountedLeakDetector (ReferenceCountedLeakDetector.java:lambda$new$0(147)) - LEAK: A org.apache.ratis.protocol.RaftClientRequest is not released properly
2024-09-29 22:58:08,582 [main] WARN  util.ReferenceCountedLeakDetector (ReferenceCountedLeakDetector.java:lambda$new$0(147)) - LEAK: A org.apache.ratis.proto.RaftProtos$LogEntryProto is not released properly
2024-09-29 22:58:08,582 [main] WARN  util.ReferenceCountedLeakDetector (ReferenceCountedLeakDetector.java:lambda$new$0(147)) - LEAK: A org.apache.ratis.proto.RaftProtos$LogEntryProto is not released properly
2024-09-29 22:58:08,582 [main] WARN  util.ReferenceCountedLeakDetector (ReferenceCountedLeakDetector.java:lambda$new$0(147)) - LEAK: A org.apache.ratis.protocol.RaftClientRequest is not released properly
2024-09-29 22:58:08,582 [main] WARN  util.ReferenceCountedLeakDetector (ReferenceCountedLeakDetector.java:lambda$new$0(147)) - LEAK: A org.apache.ratis.proto.RaftProtos$LogEntryProto is not released properly
2024-09-29 22:58:08,582 [main] WARN  util.ReferenceCountedLeakDetector (ReferenceCountedLeakDetector.java:lambda$new$0(147)) - LEAK: A org.apache.ratis.proto.RaftProtos$LogEntryProto is not released properly
2024-09-29 22:58:08,582 [main] WARN  util.ReferenceCountedLeakDetector (ReferenceCountedLeakDetector.java:lambda$new$0(147)) - LEAK: A org.apache.ratis.protocol.RaftClientRequest is not released properly
2024-09-29 22:58:08,583 [main] WARN  util.ReferenceCountedLeakDetector (ReferenceCountedLeakDetector.java:lambda$new$0(147)) - LEAK: A org.apache.ratis.protocol.RaftClientRequest is not released properly
2024-09-29 22:58:08,583 [main] WARN  util.ReferenceCountedLeakDetector (ReferenceCountedLeakDetector.java:lambda$new$0(147)) - LEAK: A org.apache.ratis.proto.RaftProtos$LogEntryProto is not released properly
2024-09-29 22:58:08,583 [main] WARN  util.ReferenceCountedLeakDetector (ReferenceCountedLeakDetector.java:lambda$new$0(147)) - LEAK: A org.apache.ratis.proto.RaftProtos$LogEntryProto is not released properly
2024-09-29 22:58:08,583 [main] WARN  util.ReferenceCountedLeakDetector (ReferenceCountedLeakDetector.java:lambda$new$0(147)) - LEAK: A org.apache.ratis.protocol.RaftClientRequest is not released properly
2024-09-29 22:58:08,583 [main] WARN  util.ReferenceCountedLeakDetector (ReferenceCountedLeakDetector.java:lambda$new$0(147)) - LEAK: A org.apache.ratis.proto.RaftProtos$LogEntryProto is not released properly
2024-09-29 22:58:08,583 [main] WARN  util.ReferenceCountedLeakDetector (ReferenceCountedLeakDetector.java:lambda$new$0(147)) - LEAK: A org.apache.ratis.proto.RaftProtos$LogEntryProto is not released properly
2024-09-29 22:58:08,583 [main] WARN  util.ReferenceCountedLeakDetector (ReferenceCountedLeakDetector.java:lambda$new$0(147)) - LEAK: A org.apache.ratis.proto.RaftProtos$LogEntryProto is not released properly
2024-09-29 22:58:08,583 [main] WARN  util.ReferenceCountedLeakDetector (ReferenceCountedLeakDetector.java:lambda$new$0(147)) - LEAK: A org.apache.ratis.proto.RaftProtos$LogEntryProto is not released properly
2024-09-29 22:58:08,584 [main] WARN  util.ReferenceCountedLeakDetector (ReferenceCountedLeakDetector.java:lambda$new$0(147)) - LEAK: A org.apache.ratis.proto.RaftProtos$LogEntryProto is not released properly
2024-09-29 22:58:08,584 [main] WARN  util.ReferenceCountedLeakDetector (ReferenceCountedLeakDetector.java:lambda$new$0(147)) - LEAK: A org.apache.ratis.proto.RaftProtos$LogEntryProto is not released properly
2024-09-29 22:58:08,584 [main] WARN  util.ReferenceCountedLeakDetector (ReferenceCountedLeakDetector.java:lambda$new$0(147)) - LEAK: A org.apache.ratis.protocol.RaftClientRequest is not released properly
2024-09-29 22:58:08,584 [main] WARN  util.ReferenceCountedLeakDetector (ReferenceCountedLeakDetector.java:lambda$new$0(147)) - LEAK: A org.apache.ratis.proto.RaftProtos$LogEntryProto is not released properly
2024-09-29 22:58:08,584 [main] WARN  util.ReferenceCountedLeakDetector (ReferenceCountedLeakDetector.java:lambda$new$0(147)) - LEAK: A org.apache.ratis.protocol.RaftClientRequest is not released properly
2024-09-29 22:58:08,584 [main] WARN  util.ReferenceCountedLeakDetector (ReferenceCountedLeakDetector.java:lambda$new$0(147)) - LEAK: A org.apache.ratis.proto.RaftProtos$LogEntryProto is not released properly
2024-09-29 22:58:08,584 [main] WARN  util.ReferenceCountedLeakDetector (ReferenceCountedLeakDetector.java:lambda$new$0(147)) - LEAK: A org.apache.ratis.proto.RaftProtos$LogEntryProto is not released properly
2024-09-29 22:58:08,584 [main] WARN  util.ReferenceCountedLeakDetector (ReferenceCountedLeakDetector.java:lambda$new$0(147)) - LEAK: A org.apache.ratis.protocol.RaftClientRequest is not released properly
2024-09-29 22:58:08,585 [main] WARN  util.ReferenceCountedLeakDetector (ReferenceCountedLeakDetector.java:lambda$new$0(147)) - LEAK: A org.apache.ratis.protocol.RaftClientRequest is not released properly
]]></system-out>
  </testcase>
  <testcase name="testSeparateSnapshotInstallPath(Boolean)[1]" classname="org.apache.ratis.grpc.TestLeaderInstallSnapshotWithGrpc" time="2.049">
    <error type="java.lang.IllegalStateException"><![CDATA[java.lang.IllegalStateException: allLeaks.size = 257
	at org.apache.ratis.util.Preconditions.assertTrue(Preconditions.java:77)
	at org.apache.ratis.util.LeakDetector.assertNoLeaks(LeakDetector.java:107)
	at org.apache.ratis.server.impl.MiniRaftCluster.shutdown(MiniRaftCluster.java:869)
	at org.apache.ratis.grpc.MiniRaftClusterWithGrpc.shutdown(MiniRaftClusterWithGrpc.java:96)
	at org.apache.ratis.server.impl.MiniRaftCluster$Factory$Get.runWithNewCluster(MiniRaftCluster.java:149)
	at org.apache.ratis.server.impl.MiniRaftCluster$Factory$Get.runWithNewCluster(MiniRaftCluster.java:121)
	at org.apache.ratis.InstallSnapshotFromLeaderTests.testSeparateSnapshotInstallPath(InstallSnapshotFromLeaderTests.java:90)
	at org.apache.ratis.grpc.TestLeaderInstallSnapshotWithGrpc.testSeparateSnapshotInstallPath(TestLeaderInstallSnapshotWithGrpc.java:46)
	at java.lang.reflect.Method.invoke(Method.java:498)
	at java.util.stream.ForEachOps$ForEachOp$OfRef.accept(ForEachOps.java:183)
	at java.util.stream.ReferencePipeline$3$1.accept(ReferencePipeline.java:193)
	at java.util.stream.ReferencePipeline$2$1.accept(ReferencePipeline.java:175)
	at java.util.stream.ReferencePipeline$3$1.accept(ReferencePipeline.java:193)
	at java.util.stream.ForEachOps$ForEachOp$OfRef.accept(ForEachOps.java:183)
	at java.util.stream.ReferencePipeline$3$1.accept(ReferencePipeline.java:193)
	at java.util.stream.ReferencePipeline$3$1.accept(ReferencePipeline.java:193)
	at java.util.stream.ReferencePipeline$3$1.accept(ReferencePipeline.java:193)
	at java.util.stream.ForEachOps$ForEachOp$OfRef.accept(ForEachOps.java:183)
	at java.util.stream.ReferencePipeline$3$1.accept(ReferencePipeline.java:193)
	at java.util.Spliterators$ArraySpliterator.forEachRemaining(Spliterators.java:948)
	at java.util.stream.ReferencePipeline$Head.forEach(ReferencePipeline.java:647)
	at java.util.stream.ReferencePipeline$7$1.accept(ReferencePipeline.java:272)
	at java.util.stream.ReferencePipeline$3$1.accept(ReferencePipeline.java:193)
	at java.util.stream.ReferencePipeline$3$1.accept(ReferencePipeline.java:193)
	at java.util.stream.ReferencePipeline$3$1.accept(ReferencePipeline.java:193)
	at java.util.Spliterators$ArraySpliterator.forEachRemaining(Spliterators.java:948)
	at java.util.stream.AbstractPipeline.copyInto(AbstractPipeline.java:482)
	at java.util.stream.AbstractPipeline.wrapAndCopyInto(AbstractPipeline.java:472)
	at java.util.stream.ForEachOps$ForEachOp.evaluateSequential(ForEachOps.java:150)
	at java.util.stream.ForEachOps$ForEachOp$OfRef.evaluateSequential(ForEachOps.java:173)
	at java.util.stream.AbstractPipeline.evaluate(AbstractPipeline.java:234)
	at java.util.stream.ReferencePipeline.forEach(ReferencePipeline.java:485)
	at java.util.stream.ReferencePipeline$7$1.accept(ReferencePipeline.java:272)
	at java.util.stream.ReferencePipeline$3$1.accept(ReferencePipeline.java:193)
	at java.util.stream.ReferencePipeline$3$1.accept(ReferencePipeline.java:193)
	at java.util.stream.ReferencePipeline$3$1.accept(ReferencePipeline.java:193)
	at java.util.ArrayList$ArrayListSpliterator.forEachRemaining(ArrayList.java:1384)
	at java.util.stream.AbstractPipeline.copyInto(AbstractPipeline.java:482)
	at java.util.stream.AbstractPipeline.wrapAndCopyInto(AbstractPipeline.java:472)
	at java.util.stream.ForEachOps$ForEachOp.evaluateSequential(ForEachOps.java:150)
	at java.util.stream.ForEachOps$ForEachOp$OfRef.evaluateSequential(ForEachOps.java:173)
	at java.util.stream.AbstractPipeline.evaluate(AbstractPipeline.java:234)
	at java.util.stream.ReferencePipeline.forEach(ReferencePipeline.java:485)
	at java.util.stream.ReferencePipeline$7$1.accept(ReferencePipeline.java:272)
	at java.util.ArrayList$ArrayListSpliterator.forEachRemaining(ArrayList.java:1384)
	at java.util.stream.AbstractPipeline.copyInto(AbstractPipeline.java:482)
	at java.util.stream.AbstractPipeline.wrapAndCopyInto(AbstractPipeline.java:472)
	at java.util.stream.ForEachOps$ForEachOp.evaluateSequential(ForEachOps.java:150)
	at java.util.stream.ForEachOps$ForEachOp$OfRef.evaluateSequential(ForEachOps.java:173)
	at java.util.stream.AbstractPipeline.evaluate(AbstractPipeline.java:234)
	at java.util.stream.ReferencePipeline.forEach(ReferencePipeline.java:485)
	at java.util.ArrayList.forEach(ArrayList.java:1259)
	at java.util.ArrayList.forEach(ArrayList.java:1259)
]]></error>
    <system-out><![CDATA[2024-09-29 22:58:08,590 [main] INFO  util.LogUtils (Slf4jUtils.java:setLogLevel(38)) - Successfully set org.apache.ratis.conf.ConfUtils log level to WARN
2024-09-29 22:58:08,590 [main] INFO  util.LogUtils (Slf4jUtils.java:setLogLevel(38)) - Successfully set org.apache.ratis.util.FileUtils log level to TRACE
2024-09-29 22:58:08,592 [main] INFO  impl.MiniRaftCluster (MiniRaftCluster.java:runWithNewCluster(137)) - Running runWithNewCluster
2024-09-29 22:58:08,592 [main] INFO  impl.MiniRaftCluster (MiniRaftCluster.java:<init>(309)) - new MiniRaftClusterWithGrpc with group-5D7CDCE8B764:[s0|localhost:15040]
2024-09-29 22:58:08,593 [main] INFO  impl.MiniRaftCluster (MiniRaftCluster.java:start(342)) - .............................................................. 
2024-09-29 22:58:08,593 [main] INFO  impl.MiniRaftCluster (MiniRaftCluster.java:start(343)) - ... 
2024-09-29 22:58:08,593 [main] INFO  impl.MiniRaftCluster (MiniRaftCluster.java:start(344)) - ...     Starting MiniRaftClusterWithGrpc
2024-09-29 22:58:08,593 [main] INFO  impl.MiniRaftCluster (MiniRaftCluster.java:start(345)) - ... 
2024-09-29 22:58:08,593 [main] INFO  impl.MiniRaftCluster (MiniRaftCluster.java:start(346)) - .............................................................. 
2024-09-29 22:58:08,593 [main] INFO  impl.MiniRaftCluster (MiniRaftCluster.java:initServers(321)) - servers = {}
2024-09-29 22:58:08,593 [main] INFO  impl.MiniRaftCluster (MiniRaftCluster.java:newRaftServer(386)) - newRaftServer: s0, group-5D7CDCE8B764:[s0|localhost:15040], format? true
2024-09-29 22:58:08,593 [main] TRACE util.FileUtils (FileUtils.java:deleteFully(305)) - deleteFully target/test/data/f7ba0e94/MiniRaftClusterWithGrpc3557aa5c/s0
2024-09-29 22:58:08,594 [main] TRACE util.FileUtils (FileUtils.java:deleteFully(318)) - deleteFully: target/test/data/f7ba0e94/MiniRaftClusterWithGrpc3557aa5c/s0 does not exist.
2024-09-29 22:58:08,594 [main] INFO  impl.MiniRaftCluster (MiniRaftCluster.java:newRaftServer(391)) - Formatted directory target/test/data/f7ba0e94/MiniRaftClusterWithGrpc3557aa5c/s0
2024-09-29 22:58:08,594 [main] INFO  server.RaftServer (ConfUtils.java:logGet(46)) - raft.rpc.type = GRPC (default)
2024-09-29 22:58:08,594 [main] INFO  grpc.GrpcConfigKeys (ConfUtils.java:logFallback(53)) - raft.grpc.admin.host = null (fallback to raft.grpc.server.host)
2024-09-29 22:58:08,595 [main] INFO  grpc.GrpcConfigKeys (ConfUtils.java:logGet(46)) - raft.grpc.admin.port = 15041 (custom)
2024-09-29 22:58:08,595 [main] INFO  grpc.GrpcConfigKeys (ConfUtils.java:logFallback(53)) - raft.grpc.client.host = null (fallback to raft.grpc.server.host)
2024-09-29 22:58:08,595 [main] INFO  grpc.GrpcConfigKeys (ConfUtils.java:logGet(46)) - raft.grpc.client.port = 15042 (custom)
2024-09-29 22:58:08,595 [main] INFO  grpc.GrpcConfigKeys (ConfUtils.java:logGet(46)) - raft.grpc.server.host = null (default)
2024-09-29 22:58:08,595 [main] INFO  grpc.GrpcConfigKeys (ConfUtils.java:logGet(46)) - raft.grpc.server.port = 15040 (custom)
2024-09-29 22:58:08,595 [main] INFO  server.GrpcService (ConfUtils.java:logGet(46)) - raft.grpc.message.size.max = 64MB (=67108864) (default)
2024-09-29 22:58:08,596 [main] INFO  server.GrpcService (ConfUtils.java:logGet(46)) - raft.grpc.flow.control.window = 1MB (=1048576) (default)
2024-09-29 22:58:08,596 [main] INFO  server.RaftServerConfigKeys (ConfUtils.java:logGet(46)) - raft.server.rpc.request.timeout = 3000ms (default)
2024-09-29 22:58:08,596 [main] INFO  grpc.GrpcConfigKeys (ConfUtils.java:logGet(46)) - raft.grpc.server.heartbeat.channel = false (custom)
2024-09-29 22:58:08,596 [main] INFO  grpc.GrpcConfigKeys (ConfUtils.java:logGet(46)) - raft.grpc.server.zerocopy.enabled = true (custom)
2024-09-29 22:58:08,596 [main] INFO  server.RaftServerConfigKeys (ConfUtils.java:logGet(46)) - raft.server.log.appender.buffer.byte-limit = 4MB (=4194304) (default)
2024-09-29 22:58:08,596 [main] INFO  grpc.GrpcConfigKeys (ConfUtils.java:logGet(46)) - raft.grpc.server.async.request.thread.pool.cached = true (default)
2024-09-29 22:58:08,597 [main] INFO  grpc.GrpcConfigKeys (ConfUtils.java:logGet(46)) - raft.grpc.server.async.request.thread.pool.size = 32 (default)
2024-09-29 22:58:08,598 [main] INFO  impl.DataStreamServerImpl (ConfUtils.java:logGet(46)) - raft.datastream.type = DISABLED (default)
2024-09-29 22:58:08,598 [main] INFO  server.RaftServerConfigKeys (ConfUtils.java:logGet(46)) - raft.server.sleep.deviation.threshold = 300ms (default)
2024-09-29 22:58:08,598 [main] INFO  server.RaftServerConfigKeys (ConfUtils.java:logGet(46)) - raft.server.close.threshold = 60s (default)
2024-09-29 22:58:08,599 [main] INFO  server.RaftServerConfigKeys (ConfUtils.java:logGet(46)) - raft.server.leaderelection.leader.step-down.wait-time = 10s (default)
2024-09-29 22:58:08,599 [main] INFO  server.RaftServerConfigKeys (ConfUtils.java:logGet(46)) - raft.server.storage.dir = [/home/runner/work/ratis/ratis/ratis-test/target/test/data/f7ba0e94/MiniRaftClusterWithGrpc3557aa5c/s0] (custom)
2024-09-29 22:58:08,599 [main] INFO  server.RaftServerConfigKeys (ConfUtils.java:logGet(46)) - raft.server.threadpool.proxy.cached = true (default)
2024-09-29 22:58:08,599 [main] INFO  server.RaftServerConfigKeys (ConfUtils.java:logGet(46)) - raft.server.threadpool.proxy.size = 0 (default)
2024-09-29 22:58:08,600 [main] INFO  server.RaftServer (RaftServerProxy.java:addNew(101)) - s0: addNew group-5D7CDCE8B764:[s0|localhost:15040] returns group-5D7CDCE8B764:java.util.concurrent.CompletableFuture@1abb719a[Not completed]
2024-09-29 22:58:08,600 [s0-groupManagement] INFO  server.RaftServerConfigKeys (ConfUtils.java:logGet(46)) - raft.server.log.segment.size.max = 32MB (=33554432) (default)
2024-09-29 22:58:08,600 [s0-groupManagement] INFO  server.RaftServerConfigKeys (ConfUtils.java:logGet(46)) - raft.server.log.preallocated.size = 4MB (=4194304) (default)
2024-09-29 22:58:08,600 [s0-groupManagement] INFO  server.RaftServerConfigKeys (ConfUtils.java:logGet(46)) - raft.server.log.write.buffer.size = 8MB (=8388608) (default)
2024-09-29 22:58:08,600 [s0-groupManagement] INFO  server.RaftServer$Division (RaftServerImpl.java:<init>(255)) - s0: new RaftServerImpl for group-5D7CDCE8B764:[s0|localhost:15040] with StateMachineWithSeparatedSnapshotPath:uninitialized
2024-09-29 22:58:08,600 [s0-groupManagement] INFO  server.RaftServerConfigKeys (ConfUtils.java:logGet(46)) - raft.server.rpc.timeout.min = 150ms (default)
2024-09-29 22:58:08,600 [s0-groupManagement] INFO  server.RaftServerConfigKeys (ConfUtils.java:logGet(46)) - raft.server.rpc.timeout.max = 300ms (default)
2024-09-29 22:58:08,600 [s0-groupManagement] INFO  server.RaftServerConfigKeys (ConfUtils.java:logGet(46)) - raft.server.rpc.sleep.time = 25ms (default)
2024-09-29 22:58:08,600 [s0-groupManagement] INFO  server.RaftServerConfigKeys (ConfUtils.java:logGet(46)) - raft.server.rpc.slowness.timeout = 60s (default)
2024-09-29 22:58:08,600 [s0-groupManagement] INFO  server.RaftServerConfigKeys (ConfUtils.java:logGet(46)) - raft.server.leaderelection.leader.step-down.wait-time = 10s (default)
2024-09-29 22:58:08,600 [s0-groupManagement] INFO  server.RaftServerConfigKeys (ConfUtils.java:logGet(46)) - raft.server.leaderelection.member.majority-add = true (custom)
2024-09-29 22:58:08,600 [s0-groupManagement] INFO  server.RaftServerConfigKeys (ConfUtils.java:logGet(46)) - raft.server.sleep.deviation.threshold = 300ms (default)
2024-09-29 22:58:08,600 [s0-groupManagement] INFO  server.RaftServer$Division (ServerState.java:<init>(114)) - s0@group-5D7CDCE8B764: ConfigurationManager, init=conf: {index: -1, cur=peers:[s0|localhost:15040]|listeners:[], old=null}, confs=<EMPTY_MAP>
2024-09-29 22:58:08,600 [s0-groupManagement] INFO  server.RaftServerConfigKeys (ConfUtils.java:logGet(46)) - raft.server.notification.no-leader.timeout = 60s (default)
2024-09-29 22:58:08,601 [s0-groupManagement] INFO  server.RaftServerConfigKeys (ConfUtils.java:logGet(46)) - raft.server.read.timeout = 10s (default)
2024-09-29 22:58:08,601 [s0-groupManagement] INFO  server.RaftServerConfigKeys (ConfUtils.java:logGet(46)) - raft.server.retrycache.expirytime = 60s (default)
2024-09-29 22:58:08,601 [s0-groupManagement] INFO  server.RaftServerConfigKeys (ConfUtils.java:logGet(46)) - raft.server.retrycache.statistics.expirytime = 100ms (default)
2024-09-29 22:58:08,601 [s0-groupManagement] INFO  server.RaftServerConfigKeys (ConfUtils.java:logGet(46)) - raft.server.read.option = DEFAULT (default)
2024-09-29 22:58:08,601 [s0-groupManagement] INFO  server.RaftServerConfigKeys (ConfUtils.java:logGet(46)) - raft.server.read.read-after-write-consistent.write-index-cache.expiry-time = 60s (default)
2024-09-29 22:58:08,601 [s0-groupManagement] INFO  server.RaftServerConfigKeys (ConfUtils.java:logGet(46)) - raft.server.rpc.request.timeout = 3000ms (default)
2024-09-29 22:58:08,601 [s0-groupManagement] INFO  server.RaftServerConfigKeys (ConfUtils.java:logGet(46)) - raft.server.log.appender.install.snapshot.enabled = true (default)
2024-09-29 22:58:08,601 [s0-groupManagement] INFO  server.RaftServerConfigKeys (ConfUtils.java:logGet(46)) - raft.server.threadpool.server.cached = true (default)
2024-09-29 22:58:08,602 [s0-groupManagement] INFO  server.RaftServerConfigKeys (ConfUtils.java:logGet(46)) - raft.server.threadpool.server.size = 0 (default)
2024-09-29 22:58:08,602 [s0-groupManagement] INFO  server.RaftServerConfigKeys (ConfUtils.java:logGet(46)) - raft.server.threadpool.client.cached = true (default)
2024-09-29 22:58:08,602 [s0-groupManagement] INFO  server.RaftServerConfigKeys (ConfUtils.java:logGet(46)) - raft.server.threadpool.client.size = 0 (default)
2024-09-29 22:58:08,602 [s0-impl-thread1] INFO  server.RaftServerConfigKeys (ConfUtils.java:logGet(46)) - raft.server.storage.free-space.min = 0MB (=0) (default)
2024-09-29 22:58:08,602 [s0-impl-thread1] INFO  server.RaftServerConfigKeys (ConfUtils.java:logGet(46)) - raft.server.log.corruption.policy = EXCEPTION (default)
2024-09-29 22:58:08,602 [s0-impl-thread1] INFO  server.RaftServerConfigKeys (ConfUtils.java:logGet(46)) - raft.server.storage.dir = [/home/runner/work/ratis/ratis/ratis-test/target/test/data/f7ba0e94/MiniRaftClusterWithGrpc3557aa5c/s0] (custom)
2024-09-29 22:58:08,602 [s0-impl-thread1] INFO  storage.RaftStorageDirectory (RaftStorageDirectoryImpl.java:analyzeStorage(138)) - The storage directory /home/runner/work/ratis/ratis/ratis-test/target/test/data/f7ba0e94/MiniRaftClusterWithGrpc3557aa5c/s0/ba0d2700-dcb2-49e7-a72b-5d7cdce8b764 does not exist. Creating ...
2024-09-29 22:58:08,602 [s0-impl-thread1] TRACE util.FileUtils (LogUtils.java:runAndLog(49)) - Successfully ran Files.createDirectories /home/runner/work/ratis/ratis/ratis-test/target/test/data/f7ba0e94/MiniRaftClusterWithGrpc3557aa5c/s0/ba0d2700-dcb2-49e7-a72b-5d7cdce8b764
2024-09-29 22:58:08,603 [s0-impl-thread1] INFO  storage.RaftStorageDirectory (RaftStorageDirectoryImpl.java:tryLock(229)) - Lock on /home/runner/work/ratis/ratis/ratis-test/target/test/data/f7ba0e94/MiniRaftClusterWithGrpc3557aa5c/s0/ba0d2700-dcb2-49e7-a72b-5d7cdce8b764/in_use.lock acquired by nodename 27829@fv-az737-927
2024-09-29 22:58:08,604 [s0-impl-thread1] TRACE util.FileUtils (LogUtils.java:runAndLog(49)) - Successfully ran Files.createDirectories /home/runner/work/ratis/ratis/ratis-test/target/test/data/f7ba0e94/MiniRaftClusterWithGrpc3557aa5c/s0/ba0d2700-dcb2-49e7-a72b-5d7cdce8b764/current
2024-09-29 22:58:08,604 [s0-impl-thread1] TRACE util.FileUtils (LogUtils.java:runAndLog(49)) - Successfully ran Files.createDirectories /home/runner/work/ratis/ratis/ratis-test/target/test/data/f7ba0e94/MiniRaftClusterWithGrpc3557aa5c/s0/ba0d2700-dcb2-49e7-a72b-5d7cdce8b764/sm
2024-09-29 22:58:08,604 [s0-impl-thread1] TRACE util.FileUtils (LogUtils.java:supplyAndLog(69)) - Successfully supplied FileChannel.open /home/runner/work/ratis/ratis/ratis-test/target/test/data/f7ba0e94/MiniRaftClusterWithGrpc3557aa5c/s0/ba0d2700-dcb2-49e7-a72b-5d7cdce8b764/current/raft-meta.tmp with options [CREATE, WRITE]: sun.nio.ch.FileChannelImpl@163a74fa
2024-09-29 22:58:08,605 [s0-impl-thread1] TRACE util.FileUtils (LogUtils.java:runAndLog(49)) - Successfully ran Atomic Files.move /home/runner/work/ratis/ratis/ratis-test/target/test/data/f7ba0e94/MiniRaftClusterWithGrpc3557aa5c/s0/ba0d2700-dcb2-49e7-a72b-5d7cdce8b764/current/raft-meta.tmp to /home/runner/work/ratis/ratis/ratis-test/target/test/data/f7ba0e94/MiniRaftClusterWithGrpc3557aa5c/s0/ba0d2700-dcb2-49e7-a72b-5d7cdce8b764/current/raft-meta with options [REPLACE_EXISTING]
2024-09-29 22:58:08,605 [s0-impl-thread1] INFO  storage.RaftStorage (RaftStorageImpl.java:format(98)) - Storage directory /home/runner/work/ratis/ratis/ratis-test/target/test/data/f7ba0e94/MiniRaftClusterWithGrpc3557aa5c/s0/ba0d2700-dcb2-49e7-a72b-5d7cdce8b764 has been successfully formatted.
2024-09-29 22:58:08,605 [s0-impl-thread1] INFO  impl.SimpleStateMachine4Testing (SimpleStateMachine4Testing.java:initialize(215)) - Initializing StateMachineWithSeparatedSnapshotPath:uninitialized
2024-09-29 22:58:08,605 [s0-impl-thread1] INFO  impl.SimpleStateMachine4Testing (SimpleStateMachine4Testing.java:loadSnapshot(300)) - Loading snapshot null
2024-09-29 22:58:08,605 [s0-impl-thread1] TRACE util.FileUtils (FileUtils.java:deleteFully(305)) - deleteFully /tmp/ratis-tests/statemachine/s0
2024-09-29 22:58:08,605 [s0-impl-thread1] TRACE util.FileUtils (LogUtils.java:runAndLog(49)) - Successfully ran Files.delete /tmp/ratis-tests/statemachine/s0/snapshot/1_191/vegetable
2024-09-29 22:58:08,605 [s0-impl-thread1] TRACE util.FileUtils (LogUtils.java:runAndLog(49)) - Successfully ran Files.delete /tmp/ratis-tests/statemachine/s0/snapshot/1_191/loves
2024-09-29 22:58:08,605 [s0-impl-thread1] TRACE util.FileUtils (LogUtils.java:runAndLog(49)) - Successfully ran Files.delete /tmp/ratis-tests/statemachine/s0/snapshot/1_191/deer
2024-09-29 22:58:08,605 [s0-impl-thread1] TRACE util.FileUtils (LogUtils.java:runAndLog(49)) - Successfully ran Files.delete /tmp/ratis-tests/statemachine/s0/snapshot/1_191
2024-09-29 22:58:08,605 [s0-impl-thread1] TRACE util.FileUtils (LogUtils.java:runAndLog(49)) - Successfully ran Files.delete /tmp/ratis-tests/statemachine/s0/snapshot/1_63/vegetable
2024-09-29 22:58:08,605 [s0-impl-thread1] TRACE util.FileUtils (LogUtils.java:runAndLog(49)) - Successfully ran Files.delete /tmp/ratis-tests/statemachine/s0/snapshot/1_63/loves
2024-09-29 22:58:08,606 [s0-impl-thread1] TRACE util.FileUtils (LogUtils.java:runAndLog(49)) - Successfully ran Files.delete /tmp/ratis-tests/statemachine/s0/snapshot/1_63/deer
2024-09-29 22:58:08,606 [s0-impl-thread1] TRACE util.FileUtils (LogUtils.java:runAndLog(49)) - Successfully ran Files.delete /tmp/ratis-tests/statemachine/s0/snapshot/1_63
2024-09-29 22:58:08,606 [s0-impl-thread1] TRACE util.FileUtils (LogUtils.java:runAndLog(49)) - Successfully ran Files.delete /tmp/ratis-tests/statemachine/s0/snapshot/1_127/vegetable
2024-09-29 22:58:08,606 [s0-impl-thread1] TRACE util.FileUtils (LogUtils.java:runAndLog(49)) - Successfully ran Files.delete /tmp/ratis-tests/statemachine/s0/snapshot/1_127/loves
2024-09-29 22:58:08,606 [s0-impl-thread1] TRACE util.FileUtils (LogUtils.java:runAndLog(49)) - Successfully ran Files.delete /tmp/ratis-tests/statemachine/s0/snapshot/1_127/deer
2024-09-29 22:58:08,606 [s0-impl-thread1] TRACE util.FileUtils (LogUtils.java:runAndLog(49)) - Successfully ran Files.delete /tmp/ratis-tests/statemachine/s0/snapshot/1_127
2024-09-29 22:58:08,606 [s0-impl-thread1] TRACE util.FileUtils (LogUtils.java:runAndLog(49)) - Successfully ran Files.delete /tmp/ratis-tests/statemachine/s0/snapshot/1_255/vegetable
2024-09-29 22:58:08,606 [s0-impl-thread1] TRACE util.FileUtils (LogUtils.java:runAndLog(49)) - Successfully ran Files.delete /tmp/ratis-tests/statemachine/s0/snapshot/1_255/loves
2024-09-29 22:58:08,606 [s0-impl-thread1] TRACE util.FileUtils (LogUtils.java:runAndLog(49)) - Successfully ran Files.delete /tmp/ratis-tests/statemachine/s0/snapshot/1_255/deer
2024-09-29 22:58:08,606 [s0-impl-thread1] TRACE util.FileUtils (LogUtils.java:runAndLog(49)) - Successfully ran Files.delete /tmp/ratis-tests/statemachine/s0/snapshot/1_255
2024-09-29 22:58:08,606 [s0-impl-thread1] TRACE util.FileUtils (LogUtils.java:runAndLog(49)) - Successfully ran Files.delete /tmp/ratis-tests/statemachine/s0/snapshot/1_256/vegetable
2024-09-29 22:58:08,606 [s0-impl-thread1] TRACE util.FileUtils (LogUtils.java:runAndLog(49)) - Successfully ran Files.delete /tmp/ratis-tests/statemachine/s0/snapshot/1_256/loves
2024-09-29 22:58:08,606 [s0-impl-thread1] TRACE util.FileUtils (LogUtils.java:runAndLog(49)) - Successfully ran Files.delete /tmp/ratis-tests/statemachine/s0/snapshot/1_256/deer
2024-09-29 22:58:08,607 [s0-impl-thread1] TRACE util.FileUtils (LogUtils.java:runAndLog(49)) - Successfully ran Files.delete /tmp/ratis-tests/statemachine/s0/snapshot/1_256
2024-09-29 22:58:08,607 [s0-impl-thread1] TRACE util.FileUtils (LogUtils.java:runAndLog(49)) - Successfully ran Files.delete /tmp/ratis-tests/statemachine/s0/snapshot
2024-09-29 22:58:08,607 [s0-impl-thread1] TRACE util.FileUtils (LogUtils.java:runAndLog(49)) - Successfully ran Files.delete /tmp/ratis-tests/statemachine/s0/tmp
2024-09-29 22:58:08,607 [s0-impl-thread1] TRACE util.FileUtils (LogUtils.java:runAndLog(49)) - Successfully ran Files.delete /tmp/ratis-tests/statemachine/s0
2024-09-29 22:58:08,607 [s0-impl-thread1] INFO  server.RaftServerConfigKeys (ConfUtils.java:logGet(46)) - raft.server.log.use.memory = false (default)
2024-09-29 22:58:08,607 [s0-impl-thread1] INFO  server.RaftServerConfigKeys (ConfUtils.java:logGet(46)) - raft.server.log.purge.gap = 8 (custom)
2024-09-29 22:58:08,607 [s0-impl-thread1] INFO  server.RaftServerConfigKeys (ConfUtils.java:logGet(46)) - raft.server.log.appender.buffer.byte-limit = 4MB (=4194304) (default)
2024-09-29 22:58:08,607 [s0-impl-thread1] INFO  server.RaftServerConfigKeys (ConfUtils.java:logGet(46)) - raft.server.log.statemachine.data.read.timeout = 1000ms (default)
2024-09-29 22:58:08,607 [s0-impl-thread1] INFO  server.RaftServerConfigKeys (ConfUtils.java:logGet(46)) - raft.server.log.purge.preservation.log.num = 0 (default)
2024-09-29 22:58:08,608 [s0-impl-thread1] INFO  server.RaftServerConfigKeys (ConfUtils.java:logGet(46)) - raft.server.log.segment.size.max = 32MB (=33554432) (default)
2024-09-29 22:58:08,608 [s0-impl-thread1] INFO  server.RaftServerConfigKeys (ConfUtils.java:logGet(46)) - raft.server.log.segment.cache.num.max = 6 (default)
2024-09-29 22:58:08,608 [s0-impl-thread1] INFO  server.RaftServerConfigKeys (ConfUtils.java:logGet(46)) - raft.server.log.segment.cache.size.max = 200MB (=209715200) (default)
2024-09-29 22:58:08,608 [s0-impl-thread1] INFO  server.RaftServerConfigKeys (ConfUtils.java:logGet(46)) - raft.server.log.appender.buffer.byte-limit = 4MB (=4194304) (default)
2024-09-29 22:58:08,608 [s0-impl-thread1] INFO  util.AwaitToRun (AwaitToRun.java:start(81)) - Thread[s0@group-5D7CDCE8B764-cacheEviction-AwaitToRun,5,main] started
2024-09-29 22:58:08,608 [s0-impl-thread1] INFO  segmented.SegmentedRaftLogWorker (SegmentedRaftLogWorker.java:<init>(187)) - new s0@group-5D7CDCE8B764-SegmentedRaftLogWorker for RaftStorageImpl:Storage Directory /home/runner/work/ratis/ratis/ratis-test/target/test/data/f7ba0e94/MiniRaftClusterWithGrpc3557aa5c/s0/ba0d2700-dcb2-49e7-a72b-5d7cdce8b764
2024-09-29 22:58:08,608 [s0-impl-thread1] INFO  server.RaftServerConfigKeys (ConfUtils.java:logGet(46)) - raft.server.log.queue.byte-limit = 64MB (=67108864) (default)
2024-09-29 22:58:08,608 [s0-impl-thread1] INFO  server.RaftServerConfigKeys (ConfUtils.java:logGet(46)) - raft.server.log.queue.element-limit = 4096 (default)
2024-09-29 22:58:08,608 [s0-impl-thread1] INFO  server.RaftServerConfigKeys (ConfUtils.java:logGet(46)) - raft.server.log.segment.size.max = 32MB (=33554432) (default)
2024-09-29 22:58:08,608 [s0-impl-thread1] INFO  server.RaftServerConfigKeys (ConfUtils.java:logGet(46)) - raft.server.log.preallocated.size = 4MB (=4194304) (default)
2024-09-29 22:58:08,608 [s0-impl-thread1] INFO  server.RaftServerConfigKeys (ConfUtils.java:logGet(46)) - raft.server.log.force.sync.num = 128 (default)
2024-09-29 22:58:08,608 [s0-impl-thread1] INFO  server.RaftServerConfigKeys (ConfUtils.java:logGet(46)) - raft.server.log.statemachine.data.sync = true (default)
2024-09-29 22:58:08,608 [s0-impl-thread1] INFO  server.RaftServerConfigKeys (ConfUtils.java:logGet(46)) - raft.server.log.statemachine.data.sync.timeout = 10s (default)
2024-09-29 22:58:08,608 [s0-impl-thread1] INFO  server.RaftServerConfigKeys (ConfUtils.java:logGet(46)) - raft.server.log.statemachine.data.sync.timeout.retry = -1 (default)
2024-09-29 22:58:08,608 [s0-impl-thread1] INFO  server.RaftServerConfigKeys (ConfUtils.java:logGet(46)) - raft.server.log.write.buffer.size = 8MB (=8388608) (default)
2024-09-29 22:58:08,609 [s0-impl-thread1] INFO  server.RaftServerConfigKeys (ConfUtils.java:logGet(46)) - raft.server.log.appender.buffer.byte-limit = 4MB (=4194304) (default)
2024-09-29 22:58:08,609 [s0-impl-thread1] INFO  server.RaftServerConfigKeys (ConfUtils.java:logGet(46)) - raft.server.log.unsafe-flush.enabled = false (default)
2024-09-29 22:58:08,609 [s0-impl-thread1] INFO  server.RaftServerConfigKeys (ConfUtils.java:logGet(46)) - raft.server.log.async-flush.enabled = false (default)
2024-09-29 22:58:08,609 [s0-impl-thread1] INFO  server.RaftServerConfigKeys (ConfUtils.java:logGet(46)) - raft.server.log.statemachine.data.caching.enabled = false (default)
2024-09-29 22:58:08,609 [s0-impl-thread1] INFO  segmented.SegmentedRaftLogWorker (SegmentedRaftLogWorker.java:lambda$new$0(138)) - s0@group-5D7CDCE8B764-SegmentedRaftLogWorker: flushIndex: setUnconditionally 0 -> -1
2024-09-29 22:58:08,609 [s0-impl-thread1] INFO  segmented.SegmentedRaftLogWorker (SegmentedRaftLogWorker.java:lambda$new$0(138)) - s0@group-5D7CDCE8B764-SegmentedRaftLogWorker: safeCacheEvictIndex: setUnconditionally 0 -> -1
2024-09-29 22:58:08,609 [s0-impl-thread1] INFO  server.RaftServer$Division (RaftServerImpl.java:start(391)) - s0@group-5D7CDCE8B764: start as a follower, conf=conf: {index: -1, cur=peers:[s0|localhost:15040]|listeners:[], old=null}
2024-09-29 22:58:08,609 [s0-impl-thread1] INFO  server.RaftServer$Division (RaftServerImpl.java:setRole(378)) - s0@group-5D7CDCE8B764: changes role from      null to FOLLOWER at term 0 for startAsFollower
2024-09-29 22:58:08,610 [s0-impl-thread1] INFO  impl.RoleInfo (RoleInfo.java:updateAndGet(148)) - s0: start s0@group-5D7CDCE8B764-FollowerState
2024-09-29 22:58:08,610 [s0@group-5D7CDCE8B764-FollowerState] INFO  server.RaftServerConfigKeys (ConfUtils.java:logFallback(53)) - raft.server.rpc.first-election.timeout.min = 150ms (fallback to raft.server.rpc.timeout.min)
2024-09-29 22:58:08,610 [s0@group-5D7CDCE8B764-FollowerState] INFO  server.RaftServerConfigKeys (ConfUtils.java:logFallback(53)) - raft.server.rpc.first-election.timeout.max = 300ms (fallback to raft.server.rpc.timeout.max)
2024-09-29 22:58:08,610 [s0-impl-thread1] INFO  util.JmxRegister (JmxRegister.java:tryRegister(44)) - Successfully registered JMX Bean with object name Ratis:service=RaftServer,group=group-5D7CDCE8B764,id=s0
2024-09-29 22:58:08,610 [s0-impl-thread1] INFO  util.JmxRegister (JmxRegister.java:register(58)) - register mxBean class org.apache.ratis.server.impl.RaftServerJmxAdapter as Ratis:service=RaftServer,group=group-5D7CDCE8B764,id=s0
2024-09-29 22:58:08,610 [s0-impl-thread1] INFO  server.RaftServerConfigKeys (ConfUtils.java:logGet(46)) - raft.server.snapshot.trigger-when-stop.enabled = true (default)
2024-09-29 22:58:08,611 [s0-impl-thread1] INFO  server.RaftServerConfigKeys (ConfUtils.java:logGet(46)) - raft.server.snapshot.trigger-when-remove.enabled = true (default)
2024-09-29 22:58:08,611 [s0-impl-thread1] INFO  server.RaftServerConfigKeys (ConfUtils.java:logGet(46)) - raft.server.snapshot.auto.trigger.enabled = true (custom)
2024-09-29 22:58:08,611 [s0-impl-thread1] INFO  server.RaftServerConfigKeys (ConfUtils.java:logGet(46)) - raft.server.snapshot.auto.trigger.threshold = 64 (custom)
2024-09-29 22:58:08,611 [s0-impl-thread1] INFO  server.RaftServerConfigKeys (ConfUtils.java:logGet(46)) - raft.server.snapshot.retention.file.num = -1 (default)
2024-09-29 22:58:08,611 [s0-impl-thread1] INFO  server.RaftServerConfigKeys (ConfUtils.java:logGet(46)) - raft.server.log.purge.upto.snapshot.index = false (default)
2024-09-29 22:58:08,611 [main] INFO  server.RaftServer (RaftServerProxy.java:startImpl(408)) - s0: start RPC server
2024-09-29 22:58:08,612 [main] INFO  server.GrpcService (GrpcService.java:startImpl(341)) - s0: GrpcService started, listening on 15042
2024-09-29 22:58:08,613 [main] INFO  server.GrpcService (GrpcService.java:startImpl(341)) - s0: GrpcService started, listening on 15040
2024-09-29 22:58:08,613 [main] INFO  server.GrpcService (GrpcService.java:startImpl(341)) - s0: GrpcService started, listening on 15041
2024-09-29 22:58:08,614 [JvmPauseMonitor16] INFO  util.JvmPauseMonitor (JvmPauseMonitor.java:run(146)) - JvmPauseMonitor-s0: Started
2024-09-29 22:58:08,614 [main] INFO  server.RaftServerConfigKeys (ConfUtils.java:logGet(46)) - raft.server.rpc.timeout.max = 300ms (default)
2024-09-29 22:58:08,614 [main] INFO  ratis.RaftTestUtil (RaftTestUtil.java:waitForLeader(107)) - printing ALL groups
  s0:  RUNNING  FOLLOWER s0@group-5D7CDCE8B764:t0, leader=null, voted=, raftlog=Memoized:s0@group-5D7CDCE8B764-SegmentedRaftLog:OPENED:c-1:lastnull, conf=conf: {index: -1, cur=peers:[s0|localhost:15040]|listeners:[], old=null} RUNNING
2024-09-29 22:58:08,614 [main] WARN  ratis.RaftTestUtil (RaftTestUtil.java:lambda$waitForLeader$3(126)) - Attempt #1 failed: java.lang.IllegalStateException: No leader yet : printing ALL groups
  s0:  RUNNING  FOLLOWER s0@group-5D7CDCE8B764:t0, leader=null, voted=, raftlog=Memoized:s0@group-5D7CDCE8B764-SegmentedRaftLog:OPENED:c-1:lastnull, conf=conf: {index: -1, cur=peers:[s0|localhost:15040]|listeners:[], old=null} RUNNING
2024-09-29 22:58:08,811 [s0@group-5D7CDCE8B764-FollowerState] INFO  impl.FollowerState (FollowerState.java:run(144)) - s0@group-5D7CDCE8B764-FollowerState: change to CANDIDATE, lastRpcElapsedTime:201464219ns, electionTimeout:201ms
2024-09-29 22:58:08,811 [s0@group-5D7CDCE8B764-FollowerState] INFO  impl.RoleInfo (RoleInfo.java:shutdownFollowerState(119)) - s0: shutdown s0@group-5D7CDCE8B764-FollowerState
2024-09-29 22:58:08,811 [s0@group-5D7CDCE8B764-FollowerState] INFO  server.RaftServer$Division (RaftServerImpl.java:setRole(378)) - s0@group-5D7CDCE8B764: changes role from  FOLLOWER to CANDIDATE at term 0 for changeToCandidate
2024-09-29 22:58:08,811 [s0@group-5D7CDCE8B764-FollowerState] INFO  server.RaftServerConfigKeys (ConfUtils.java:logGet(46)) - raft.server.leaderelection.pre-vote = true (default)
2024-09-29 22:58:08,811 [s0@group-5D7CDCE8B764-FollowerState] INFO  impl.RoleInfo (RoleInfo.java:updateAndGet(148)) - s0: start s0@group-5D7CDCE8B764-LeaderElection13
2024-09-29 22:58:08,812 [s0@group-5D7CDCE8B764-LeaderElection13] INFO  impl.LeaderElection (LeaderElection.java:askForVotes(325)) - s0@group-5D7CDCE8B764-LeaderElection13 PRE_VOTE round 0: submit vote requests at term 0 for conf: {index: -1, cur=peers:[s0|localhost:15040]|listeners:[], old=null}
2024-09-29 22:58:08,812 [s0@group-5D7CDCE8B764-LeaderElection13] INFO  impl.LeaderElection (LeaderElection.java:askForVotes(327)) - s0@group-5D7CDCE8B764-LeaderElection13 PRE_VOTE round 0: result PASSED (term=0)
2024-09-29 22:58:08,812 [s0@group-5D7CDCE8B764-LeaderElection13] TRACE util.FileUtils (LogUtils.java:supplyAndLog(69)) - Successfully supplied FileChannel.open /home/runner/work/ratis/ratis/ratis-test/target/test/data/f7ba0e94/MiniRaftClusterWithGrpc3557aa5c/s0/ba0d2700-dcb2-49e7-a72b-5d7cdce8b764/current/raft-meta.tmp with options [CREATE, WRITE]: sun.nio.ch.FileChannelImpl@190d091d
2024-09-29 22:58:08,813 [s0@group-5D7CDCE8B764-LeaderElection13] TRACE util.FileUtils (LogUtils.java:runAndLog(49)) - Successfully ran Atomic Files.move /home/runner/work/ratis/ratis/ratis-test/target/test/data/f7ba0e94/MiniRaftClusterWithGrpc3557aa5c/s0/ba0d2700-dcb2-49e7-a72b-5d7cdce8b764/current/raft-meta.tmp to /home/runner/work/ratis/ratis/ratis-test/target/test/data/f7ba0e94/MiniRaftClusterWithGrpc3557aa5c/s0/ba0d2700-dcb2-49e7-a72b-5d7cdce8b764/current/raft-meta with options [REPLACE_EXISTING]
2024-09-29 22:58:08,814 [s0@group-5D7CDCE8B764-LeaderElection13] INFO  impl.LeaderElection (LeaderElection.java:askForVotes(325)) - s0@group-5D7CDCE8B764-LeaderElection13 ELECTION round 0: submit vote requests at term 1 for conf: {index: -1, cur=peers:[s0|localhost:15040]|listeners:[], old=null}
2024-09-29 22:58:08,814 [s0@group-5D7CDCE8B764-LeaderElection13] INFO  impl.LeaderElection (LeaderElection.java:askForVotes(327)) - s0@group-5D7CDCE8B764-LeaderElection13 ELECTION round 0: result PASSED (term=1)
2024-09-29 22:58:08,814 [s0@group-5D7CDCE8B764-LeaderElection13] INFO  impl.RoleInfo (RoleInfo.java:shutdownLeaderElection(139)) - s0: shutdown s0@group-5D7CDCE8B764-LeaderElection13
2024-09-29 22:58:08,814 [s0@group-5D7CDCE8B764-LeaderElection13] INFO  server.RaftServer$Division (RaftServerImpl.java:setRole(378)) - s0@group-5D7CDCE8B764: changes role from CANDIDATE to LEADER at term 1 for changeToLeader
2024-09-29 22:58:08,814 [s0@group-5D7CDCE8B764-LeaderElection13] INFO  server.RaftServerConfigKeys (ConfUtils.java:logGet(46)) - raft.server.staging.catchup.gap = 1000 (default)
2024-09-29 22:58:08,814 [s0@group-5D7CDCE8B764-LeaderElection13] INFO  server.RaftServerConfigKeys (ConfUtils.java:logGet(46)) - raft.server.write.element-limit = 4096 (default)
2024-09-29 22:58:08,814 [s0@group-5D7CDCE8B764-LeaderElection13] INFO  server.RaftServerConfigKeys (ConfUtils.java:logGet(46)) - raft.server.write.byte-limit = 64MB (=67108864) (default)
2024-09-29 22:58:08,814 [s0@group-5D7CDCE8B764-LeaderElection13] INFO  server.RaftServerConfigKeys (ConfUtils.java:logGet(46)) - raft.server.watch.timeout = 10s (default)
2024-09-29 22:58:08,814 [s0@group-5D7CDCE8B764-LeaderElection13] INFO  server.RaftServerConfigKeys (ConfUtils.java:logGet(46)) - raft.server.watch.timeout.denomination = 1s (default)
2024-09-29 22:58:08,814 [s0@group-5D7CDCE8B764-LeaderElection13] INFO  server.RaftServerConfigKeys (ConfUtils.java:logGet(46)) - raft.server.watch.element-limit = 65536 (default)
2024-09-29 22:58:08,814 [s0@group-5D7CDCE8B764-LeaderElection13] INFO  server.RaftServerConfigKeys (ConfUtils.java:logGet(46)) - raft.server.read.leader.lease.enabled = false (default)
2024-09-29 22:58:08,814 [s0@group-5D7CDCE8B764-LeaderElection13] INFO  server.RaftServerConfigKeys (ConfUtils.java:logGet(46)) - raft.server.read.leader.lease.timeout.ratio = 0.9 (default)
2024-09-29 22:58:08,814 [s0@group-5D7CDCE8B764-LeaderElection13] INFO  server.RaftServerConfigKeys (ConfUtils.java:logGet(46)) - raft.server.rpc.timeout.min = 150ms (default)
2024-09-29 22:58:08,814 [s0@group-5D7CDCE8B764-LeaderElection13] INFO  server.RaftServerConfigKeys (ConfUtils.java:logGet(46)) - raft.server.log.log-metadata.enabled = true (default)
2024-09-29 22:58:08,815 [s0@group-5D7CDCE8B764-LeaderElection13] INFO  server.RaftServerConfigKeys (ConfUtils.java:logGet(46)) - raft.server.write.element-limit = 4096 (default)
2024-09-29 22:58:08,815 [s0@group-5D7CDCE8B764-LeaderElection13] INFO  server.RaftServerConfigKeys (ConfUtils.java:logGet(46)) - raft.server.write.follower.gap.ratio.max = -1.0 (default)
2024-09-29 22:58:08,815 [s0@group-5D7CDCE8B764-LeaderElection13] INFO  impl.RoleInfo (RoleInfo.java:updateAndGet(148)) - s0: start s0@group-5D7CDCE8B764-LeaderStateImpl
2024-09-29 22:58:08,815 [s0@group-5D7CDCE8B764-LeaderElection13] INFO  server.RaftServer$Division (RaftServerImpl.java:setFirstElection(559)) - s0@group-5D7CDCE8B764: set firstElectionSinceStartup to false for becomeLeader
2024-09-29 22:58:08,815 [s0@group-5D7CDCE8B764-LeaderElection13] INFO  server.RaftServer$Division (ServerState.java:setLeader(272)) - s0@group-5D7CDCE8B764: change Leader from null to s0 at term 1 for becomeLeader, leader elected after 214ms
2024-09-29 22:58:08,815 [s0@group-5D7CDCE8B764-LeaderElection13] INFO  segmented.SegmentedRaftLogWorker (SegmentedRaftLogWorker.java:startLogSegment(438)) - s0@group-5D7CDCE8B764-SegmentedRaftLogWorker: Starting segment from index:0
2024-09-29 22:58:08,815 [s0@group-5D7CDCE8B764-LeaderElection13] INFO  server.RaftServer$Division (ServerState.java:setRaftConf(386)) - s0@group-5D7CDCE8B764: set configuration conf: {index: 0, cur=peers:[s0|localhost:15040]|listeners:[], old=null}
2024-09-29 22:58:08,815 [s0@group-5D7CDCE8B764-SegmentedRaftLogWorker] INFO  segmented.BufferedWriteChannel (BufferedWriteChannel.java:open(61)) - open log_inprogress_0 at position 0
2024-09-29 22:58:08,824 [s0@group-5D7CDCE8B764-SegmentedRaftLogWorker] INFO  segmented.SegmentedRaftLogWorker (SegmentedRaftLogWorker.java:execute(660)) - s0@group-5D7CDCE8B764-SegmentedRaftLogWorker: created new log segment /home/runner/work/ratis/ratis/ratis-test/target/test/data/f7ba0e94/MiniRaftClusterWithGrpc3557aa5c/s0/ba0d2700-dcb2-49e7-a72b-5d7cdce8b764/current/log_inprogress_0
2024-09-29 22:58:08,825 [s0@group-5D7CDCE8B764-StateMachineUpdater] TRACE util.FileUtils (LogUtils.java:supplyAndLog(69)) - Successfully supplied FileChannel.open /home/runner/work/ratis/ratis/ratis-test/target/test/data/f7ba0e94/MiniRaftClusterWithGrpc3557aa5c/s0/ba0d2700-dcb2-49e7-a72b-5d7cdce8b764/current/raft-meta.conf.tmp with options [CREATE, WRITE]: sun.nio.ch.FileChannelImpl@7ebf6451
2024-09-29 22:58:08,825 [s0@group-5D7CDCE8B764-StateMachineUpdater] TRACE util.FileUtils (LogUtils.java:runAndLog(49)) - Successfully ran Atomic Files.move /home/runner/work/ratis/ratis/ratis-test/target/test/data/f7ba0e94/MiniRaftClusterWithGrpc3557aa5c/s0/ba0d2700-dcb2-49e7-a72b-5d7cdce8b764/current/raft-meta.conf.tmp to /home/runner/work/ratis/ratis/ratis-test/target/test/data/f7ba0e94/MiniRaftClusterWithGrpc3557aa5c/s0/ba0d2700-dcb2-49e7-a72b-5d7cdce8b764/current/raft-meta.conf with options [REPLACE_EXISTING]
2024-09-29 22:58:08,825 [s0@group-5D7CDCE8B764-StateMachineUpdater] INFO  server.RaftServer$Division (LeaderStateImpl.java:checkStartIndex(317)) - Leader s0@group-5D7CDCE8B764-LeaderStateImpl is ready since appliedIndex == startIndex == 0
2024-09-29 22:58:09,065 [main] INFO  ratis.RaftTestUtil (RaftTestUtil.java:waitForLeader(131)) - printing ALL groups
  s0:  RUNNING    LEADER s0@group-5D7CDCE8B764:t1, leader=s0, voted=s0, raftlog=Memoized:s0@group-5D7CDCE8B764-SegmentedRaftLog:OPENED:c0:last(t:1, i:0), conf=conf: {index: 0, cur=peers:[s0|localhost:15040]|listeners:[], old=null} RUNNING
2024-09-29 22:58:09,071 [s0@group-5D7CDCE8B764-StateMachineUpdater] INFO  impl.SimpleStateMachine4Testing (SimpleStateMachine4Testing.java:applyTransaction(251)) - applyTransaction for log index 1
2024-09-29 22:58:09,071 [s0@group-5D7CDCE8B764-StateMachineUpdater] INFO  impl.SimpleStateMachine4Testing (SimpleStateMachine4Testing.java:put(207)) - s0: put 1, m0 -> (t:1, i:1), STATEMACHINELOGENTRY, WRITE: logData.size=2, stateMachineData.size=17, logEntryProtoSerializedSize=0
2024-09-29 22:58:09,074 [s0@group-5D7CDCE8B764-StateMachineUpdater] INFO  impl.SimpleStateMachine4Testing (SimpleStateMachine4Testing.java:applyTransaction(251)) - applyTransaction for log index 3
2024-09-29 22:58:09,074 [s0@group-5D7CDCE8B764-StateMachineUpdater] INFO  impl.SimpleStateMachine4Testing (SimpleStateMachine4Testing.java:put(207)) - s0: put 3, m1 -> (t:1, i:3), STATEMACHINELOGENTRY, WRITE: logData.size=2, stateMachineData.size=17, logEntryProtoSerializedSize=0
2024-09-29 22:58:09,076 [s0@group-5D7CDCE8B764-StateMachineUpdater] INFO  impl.SimpleStateMachine4Testing (SimpleStateMachine4Testing.java:applyTransaction(251)) - applyTransaction for log index 5
2024-09-29 22:58:09,076 [s0@group-5D7CDCE8B764-StateMachineUpdater] INFO  impl.SimpleStateMachine4Testing (SimpleStateMachine4Testing.java:put(207)) - s0: put 5, m2 -> (t:1, i:5), STATEMACHINELOGENTRY, WRITE: logData.size=2, stateMachineData.size=17, logEntryProtoSerializedSize=0
2024-09-29 22:58:09,078 [s0@group-5D7CDCE8B764-StateMachineUpdater] INFO  impl.SimpleStateMachine4Testing (SimpleStateMachine4Testing.java:applyTransaction(251)) - applyTransaction for log index 7
2024-09-29 22:58:09,078 [s0@group-5D7CDCE8B764-StateMachineUpdater] INFO  impl.SimpleStateMachine4Testing (SimpleStateMachine4Testing.java:put(207)) - s0: put 7, m3 -> (t:1, i:7), STATEMACHINELOGENTRY, WRITE: logData.size=2, stateMachineData.size=17, logEntryProtoSerializedSize=0
2024-09-29 22:58:09,080 [s0@group-5D7CDCE8B764-StateMachineUpdater] INFO  impl.SimpleStateMachine4Testing (SimpleStateMachine4Testing.java:applyTransaction(251)) - applyTransaction for log index 9
2024-09-29 22:58:09,080 [s0@group-5D7CDCE8B764-StateMachineUpdater] INFO  impl.SimpleStateMachine4Testing (SimpleStateMachine4Testing.java:put(207)) - s0: put 9, m4 -> (t:1, i:9), STATEMACHINELOGENTRY, WRITE: logData.size=2, stateMachineData.size=17, logEntryProtoSerializedSize=0
2024-09-29 22:58:09,081 [s0@group-5D7CDCE8B764-StateMachineUpdater] INFO  impl.SimpleStateMachine4Testing (SimpleStateMachine4Testing.java:applyTransaction(251)) - applyTransaction for log index 11
2024-09-29 22:58:09,081 [s0@group-5D7CDCE8B764-StateMachineUpdater] INFO  impl.SimpleStateMachine4Testing (SimpleStateMachine4Testing.java:put(207)) - s0: put 11, m5 -> (t:1, i:11), STATEMACHINELOGENTRY, WRITE: logData.size=2, stateMachineData.size=17, logEntryProtoSerializedSize=0
2024-09-29 22:58:09,083 [s0@group-5D7CDCE8B764-StateMachineUpdater] INFO  impl.SimpleStateMachine4Testing (SimpleStateMachine4Testing.java:applyTransaction(251)) - applyTransaction for log index 13
2024-09-29 22:58:09,083 [s0@group-5D7CDCE8B764-StateMachineUpdater] INFO  impl.SimpleStateMachine4Testing (SimpleStateMachine4Testing.java:put(207)) - s0: put 13, m6 -> (t:1, i:13), STATEMACHINELOGENTRY, WRITE: logData.size=2, stateMachineData.size=17, logEntryProtoSerializedSize=0
2024-09-29 22:58:09,084 [s0@group-5D7CDCE8B764-StateMachineUpdater] INFO  impl.SimpleStateMachine4Testing (SimpleStateMachine4Testing.java:applyTransaction(251)) - applyTransaction for log index 15
2024-09-29 22:58:09,084 [s0@group-5D7CDCE8B764-StateMachineUpdater] INFO  impl.SimpleStateMachine4Testing (SimpleStateMachine4Testing.java:put(207)) - s0: put 15, m7 -> (t:1, i:15), STATEMACHINELOGENTRY, WRITE: logData.size=2, stateMachineData.size=17, logEntryProtoSerializedSize=0
2024-09-29 22:58:09,086 [s0@group-5D7CDCE8B764-StateMachineUpdater] INFO  impl.SimpleStateMachine4Testing (SimpleStateMachine4Testing.java:applyTransaction(251)) - applyTransaction for log index 17
2024-09-29 22:58:09,086 [s0@group-5D7CDCE8B764-StateMachineUpdater] INFO  impl.SimpleStateMachine4Testing (SimpleStateMachine4Testing.java:put(207)) - s0: put 17, m8 -> (t:1, i:17), STATEMACHINELOGENTRY, WRITE: logData.size=2, stateMachineData.size=17, logEntryProtoSerializedSize=0
2024-09-29 22:58:09,088 [s0@group-5D7CDCE8B764-StateMachineUpdater] INFO  impl.SimpleStateMachine4Testing (SimpleStateMachine4Testing.java:applyTransaction(251)) - applyTransaction for log index 19
2024-09-29 22:58:09,088 [s0@group-5D7CDCE8B764-StateMachineUpdater] INFO  impl.SimpleStateMachine4Testing (SimpleStateMachine4Testing.java:put(207)) - s0: put 19, m9 -> (t:1, i:19), STATEMACHINELOGENTRY, WRITE: logData.size=2, stateMachineData.size=17, logEntryProtoSerializedSize=0
2024-09-29 22:58:09,090 [s0@group-5D7CDCE8B764-StateMachineUpdater] INFO  impl.SimpleStateMachine4Testing (SimpleStateMachine4Testing.java:applyTransaction(251)) - applyTransaction for log index 21
2024-09-29 22:58:09,090 [s0@group-5D7CDCE8B764-StateMachineUpdater] INFO  impl.SimpleStateMachine4Testing (SimpleStateMachine4Testing.java:put(207)) - s0: put 21, m10 -> (t:1, i:21), STATEMACHINELOGENTRY, WRITE: logData.size=3, stateMachineData.size=17, logEntryProtoSerializedSize=0
2024-09-29 22:58:09,091 [s0@group-5D7CDCE8B764-StateMachineUpdater] INFO  impl.SimpleStateMachine4Testing (SimpleStateMachine4Testing.java:applyTransaction(251)) - applyTransaction for log index 23
2024-09-29 22:58:09,092 [s0@group-5D7CDCE8B764-StateMachineUpdater] INFO  impl.SimpleStateMachine4Testing (SimpleStateMachine4Testing.java:put(207)) - s0: put 23, m11 -> (t:1, i:23), STATEMACHINELOGENTRY, WRITE: logData.size=3, stateMachineData.size=17, logEntryProtoSerializedSize=0
2024-09-29 22:58:09,093 [s0@group-5D7CDCE8B764-StateMachineUpdater] INFO  impl.SimpleStateMachine4Testing (SimpleStateMachine4Testing.java:applyTransaction(251)) - applyTransaction for log index 25
2024-09-29 22:58:09,093 [s0@group-5D7CDCE8B764-StateMachineUpdater] INFO  impl.SimpleStateMachine4Testing (SimpleStateMachine4Testing.java:put(207)) - s0: put 25, m12 -> (t:1, i:25), STATEMACHINELOGENTRY, WRITE: logData.size=3, stateMachineData.size=17, logEntryProtoSerializedSize=0
2024-09-29 22:58:09,095 [s0@group-5D7CDCE8B764-StateMachineUpdater] INFO  impl.SimpleStateMachine4Testing (SimpleStateMachine4Testing.java:applyTransaction(251)) - applyTransaction for log index 27
2024-09-29 22:58:09,095 [s0@group-5D7CDCE8B764-StateMachineUpdater] INFO  impl.SimpleStateMachine4Testing (SimpleStateMachine4Testing.java:put(207)) - s0: put 27, m13 -> (t:1, i:27), STATEMACHINELOGENTRY, WRITE: logData.size=3, stateMachineData.size=17, logEntryProtoSerializedSize=0
2024-09-29 22:58:09,096 [s0@group-5D7CDCE8B764-StateMachineUpdater] INFO  impl.SimpleStateMachine4Testing (SimpleStateMachine4Testing.java:applyTransaction(251)) - applyTransaction for log index 29
2024-09-29 22:58:09,096 [s0@group-5D7CDCE8B764-StateMachineUpdater] INFO  impl.SimpleStateMachine4Testing (SimpleStateMachine4Testing.java:put(207)) - s0: put 29, m14 -> (t:1, i:29), STATEMACHINELOGENTRY, WRITE: logData.size=3, stateMachineData.size=17, logEntryProtoSerializedSize=0
2024-09-29 22:58:09,098 [s0@group-5D7CDCE8B764-StateMachineUpdater] INFO  impl.SimpleStateMachine4Testing (SimpleStateMachine4Testing.java:applyTransaction(251)) - applyTransaction for log index 31
2024-09-29 22:58:09,098 [s0@group-5D7CDCE8B764-StateMachineUpdater] INFO  impl.SimpleStateMachine4Testing (SimpleStateMachine4Testing.java:put(207)) - s0: put 31, m15 -> (t:1, i:31), STATEMACHINELOGENTRY, WRITE: logData.size=3, stateMachineData.size=17, logEntryProtoSerializedSize=0
2024-09-29 22:58:09,100 [s0@group-5D7CDCE8B764-StateMachineUpdater] INFO  impl.SimpleStateMachine4Testing (SimpleStateMachine4Testing.java:applyTransaction(251)) - applyTransaction for log index 33
2024-09-29 22:58:09,100 [s0@group-5D7CDCE8B764-StateMachineUpdater] INFO  impl.SimpleStateMachine4Testing (SimpleStateMachine4Testing.java:put(207)) - s0: put 33, m16 -> (t:1, i:33), STATEMACHINELOGENTRY, WRITE: logData.size=3, stateMachineData.size=17, logEntryProtoSerializedSize=0
2024-09-29 22:58:09,103 [s0@group-5D7CDCE8B764-StateMachineUpdater] INFO  impl.SimpleStateMachine4Testing (SimpleStateMachine4Testing.java:applyTransaction(251)) - applyTransaction for log index 35
2024-09-29 22:58:09,103 [s0@group-5D7CDCE8B764-StateMachineUpdater] INFO  impl.SimpleStateMachine4Testing (SimpleStateMachine4Testing.java:put(207)) - s0: put 35, m17 -> (t:1, i:35), STATEMACHINELOGENTRY, WRITE: logData.size=3, stateMachineData.size=17, logEntryProtoSerializedSize=0
2024-09-29 22:58:09,105 [s0@group-5D7CDCE8B764-StateMachineUpdater] INFO  impl.SimpleStateMachine4Testing (SimpleStateMachine4Testing.java:applyTransaction(251)) - applyTransaction for log index 37
2024-09-29 22:58:09,105 [s0@group-5D7CDCE8B764-StateMachineUpdater] INFO  impl.SimpleStateMachine4Testing (SimpleStateMachine4Testing.java:put(207)) - s0: put 37, m18 -> (t:1, i:37), STATEMACHINELOGENTRY, WRITE: logData.size=3, stateMachineData.size=17, logEntryProtoSerializedSize=0
2024-09-29 22:58:09,107 [s0@group-5D7CDCE8B764-StateMachineUpdater] INFO  impl.SimpleStateMachine4Testing (SimpleStateMachine4Testing.java:applyTransaction(251)) - applyTransaction for log index 39
2024-09-29 22:58:09,107 [s0@group-5D7CDCE8B764-StateMachineUpdater] INFO  impl.SimpleStateMachine4Testing (SimpleStateMachine4Testing.java:put(207)) - s0: put 39, m19 -> (t:1, i:39), STATEMACHINELOGENTRY, WRITE: logData.size=3, stateMachineData.size=17, logEntryProtoSerializedSize=0
2024-09-29 22:58:09,109 [s0@group-5D7CDCE8B764-StateMachineUpdater] INFO  impl.SimpleStateMachine4Testing (SimpleStateMachine4Testing.java:applyTransaction(251)) - applyTransaction for log index 41
2024-09-29 22:58:09,109 [s0@group-5D7CDCE8B764-StateMachineUpdater] INFO  impl.SimpleStateMachine4Testing (SimpleStateMachine4Testing.java:put(207)) - s0: put 41, m20 -> (t:1, i:41), STATEMACHINELOGENTRY, WRITE: logData.size=3, stateMachineData.size=17, logEntryProtoSerializedSize=0
2024-09-29 22:58:09,111 [s0@group-5D7CDCE8B764-StateMachineUpdater] INFO  impl.SimpleStateMachine4Testing (SimpleStateMachine4Testing.java:applyTransaction(251)) - applyTransaction for log index 43
2024-09-29 22:58:09,111 [s0@group-5D7CDCE8B764-StateMachineUpdater] INFO  impl.SimpleStateMachine4Testing (SimpleStateMachine4Testing.java:put(207)) - s0: put 43, m21 -> (t:1, i:43), STATEMACHINELOGENTRY, WRITE: logData.size=3, stateMachineData.size=17, logEntryProtoSerializedSize=0
2024-09-29 22:58:09,113 [s0@group-5D7CDCE8B764-StateMachineUpdater] INFO  impl.SimpleStateMachine4Testing (SimpleStateMachine4Testing.java:applyTransaction(251)) - applyTransaction for log index 45
2024-09-29 22:58:09,113 [s0@group-5D7CDCE8B764-StateMachineUpdater] INFO  impl.SimpleStateMachine4Testing (SimpleStateMachine4Testing.java:put(207)) - s0: put 45, m22 -> (t:1, i:45), STATEMACHINELOGENTRY, WRITE: logData.size=3, stateMachineData.size=17, logEntryProtoSerializedSize=0
2024-09-29 22:58:09,120 [s0@group-5D7CDCE8B764-StateMachineUpdater] INFO  impl.SimpleStateMachine4Testing (SimpleStateMachine4Testing.java:applyTransaction(251)) - applyTransaction for log index 47
2024-09-29 22:58:09,120 [s0@group-5D7CDCE8B764-StateMachineUpdater] INFO  impl.SimpleStateMachine4Testing (SimpleStateMachine4Testing.java:put(207)) - s0: put 47, m23 -> (t:1, i:47), STATEMACHINELOGENTRY, WRITE: logData.size=3, stateMachineData.size=17, logEntryProtoSerializedSize=0
2024-09-29 22:58:09,121 [s0@group-5D7CDCE8B764-StateMachineUpdater] INFO  impl.SimpleStateMachine4Testing (SimpleStateMachine4Testing.java:applyTransaction(251)) - applyTransaction for log index 49
2024-09-29 22:58:09,122 [s0@group-5D7CDCE8B764-StateMachineUpdater] INFO  impl.SimpleStateMachine4Testing (SimpleStateMachine4Testing.java:put(207)) - s0: put 49, m24 -> (t:1, i:49), STATEMACHINELOGENTRY, WRITE: logData.size=3, stateMachineData.size=17, logEntryProtoSerializedSize=0
2024-09-29 22:58:09,123 [s0@group-5D7CDCE8B764-StateMachineUpdater] INFO  impl.SimpleStateMachine4Testing (SimpleStateMachine4Testing.java:applyTransaction(251)) - applyTransaction for log index 51
2024-09-29 22:58:09,123 [s0@group-5D7CDCE8B764-StateMachineUpdater] INFO  impl.SimpleStateMachine4Testing (SimpleStateMachine4Testing.java:put(207)) - s0: put 51, m25 -> (t:1, i:51), STATEMACHINELOGENTRY, WRITE: logData.size=3, stateMachineData.size=17, logEntryProtoSerializedSize=0
2024-09-29 22:58:09,124 [s0@group-5D7CDCE8B764-StateMachineUpdater] INFO  impl.SimpleStateMachine4Testing (SimpleStateMachine4Testing.java:applyTransaction(251)) - applyTransaction for log index 53
2024-09-29 22:58:09,125 [s0@group-5D7CDCE8B764-StateMachineUpdater] INFO  impl.SimpleStateMachine4Testing (SimpleStateMachine4Testing.java:put(207)) - s0: put 53, m26 -> (t:1, i:53), STATEMACHINELOGENTRY, WRITE: logData.size=3, stateMachineData.size=17, logEntryProtoSerializedSize=0
2024-09-29 22:58:09,126 [s0@group-5D7CDCE8B764-StateMachineUpdater] INFO  impl.SimpleStateMachine4Testing (SimpleStateMachine4Testing.java:applyTransaction(251)) - applyTransaction for log index 55
2024-09-29 22:58:09,126 [s0@group-5D7CDCE8B764-StateMachineUpdater] INFO  impl.SimpleStateMachine4Testing (SimpleStateMachine4Testing.java:put(207)) - s0: put 55, m27 -> (t:1, i:55), STATEMACHINELOGENTRY, WRITE: logData.size=3, stateMachineData.size=17, logEntryProtoSerializedSize=0
2024-09-29 22:58:09,128 [s0@group-5D7CDCE8B764-StateMachineUpdater] INFO  impl.SimpleStateMachine4Testing (SimpleStateMachine4Testing.java:applyTransaction(251)) - applyTransaction for log index 57
2024-09-29 22:58:09,128 [s0@group-5D7CDCE8B764-StateMachineUpdater] INFO  impl.SimpleStateMachine4Testing (SimpleStateMachine4Testing.java:put(207)) - s0: put 57, m28 -> (t:1, i:57), STATEMACHINELOGENTRY, WRITE: logData.size=3, stateMachineData.size=17, logEntryProtoSerializedSize=0
2024-09-29 22:58:09,130 [s0@group-5D7CDCE8B764-StateMachineUpdater] INFO  impl.SimpleStateMachine4Testing (SimpleStateMachine4Testing.java:applyTransaction(251)) - applyTransaction for log index 59
2024-09-29 22:58:09,130 [s0@group-5D7CDCE8B764-StateMachineUpdater] INFO  impl.SimpleStateMachine4Testing (SimpleStateMachine4Testing.java:put(207)) - s0: put 59, m29 -> (t:1, i:59), STATEMACHINELOGENTRY, WRITE: logData.size=3, stateMachineData.size=17, logEntryProtoSerializedSize=0
2024-09-29 22:58:09,132 [s0@group-5D7CDCE8B764-StateMachineUpdater] INFO  impl.SimpleStateMachine4Testing (SimpleStateMachine4Testing.java:applyTransaction(251)) - applyTransaction for log index 61
2024-09-29 22:58:09,132 [s0@group-5D7CDCE8B764-StateMachineUpdater] INFO  impl.SimpleStateMachine4Testing (SimpleStateMachine4Testing.java:put(207)) - s0: put 61, m30 -> (t:1, i:61), STATEMACHINELOGENTRY, WRITE: logData.size=3, stateMachineData.size=17, logEntryProtoSerializedSize=0
2024-09-29 22:58:09,135 [s0@group-5D7CDCE8B764-StateMachineUpdater] INFO  impl.SimpleStateMachine4Testing (SimpleStateMachine4Testing.java:applyTransaction(251)) - applyTransaction for log index 63
2024-09-29 22:58:09,135 [s0@group-5D7CDCE8B764-StateMachineUpdater] INFO  impl.SimpleStateMachine4Testing (SimpleStateMachine4Testing.java:put(207)) - s0: put 63, m31 -> (t:1, i:63), STATEMACHINELOGENTRY, WRITE: logData.size=3, stateMachineData.size=17, logEntryProtoSerializedSize=0
2024-09-29 22:58:09,135 [s0@group-5D7CDCE8B764-StateMachineUpdater] TRACE util.FileUtils (FileUtils.java:deleteFully(305)) - deleteFully /tmp/ratis-tests/statemachine/s0/snapshot/1_63
2024-09-29 22:58:09,135 [s0@group-5D7CDCE8B764-StateMachineUpdater] TRACE util.FileUtils (FileUtils.java:deleteFully(318)) - deleteFully: /tmp/ratis-tests/statemachine/s0/snapshot/1_63 does not exist.
2024-09-29 22:58:09,135 [s0@group-5D7CDCE8B764-StateMachineUpdater] TRACE util.FileUtils (FileUtils.java:deleteFully(305)) - deleteFully /tmp/ratis-tests/statemachine/s0/tmp/823e86b8-38aa-4683-a8fc-7acd1230c1d0
2024-09-29 22:58:09,136 [s0@group-5D7CDCE8B764-StateMachineUpdater] TRACE util.FileUtils (FileUtils.java:deleteFully(318)) - deleteFully: /tmp/ratis-tests/statemachine/s0/tmp/823e86b8-38aa-4683-a8fc-7acd1230c1d0 does not exist.
2024-09-29 22:58:09,136 [s0@group-5D7CDCE8B764-StateMachineUpdater] TRACE util.FileUtils (LogUtils.java:runAndLog(49)) - Successfully ran Atomic Files.move /tmp/ratis-tests/statemachine/s0/tmp/823e86b8-38aa-4683-a8fc-7acd1230c1d0 to /tmp/ratis-tests/statemachine/s0/snapshot/1_63
2024-09-29 22:58:09,136 [s0@group-5D7CDCE8B764-StateMachineUpdater] INFO  impl.StateMachineUpdater (StateMachineUpdater.java:takeSnapshot(308)) - s0@group-5D7CDCE8B764-StateMachineUpdater: Took a snapshot at index 63
2024-09-29 22:58:09,136 [s0@group-5D7CDCE8B764-StateMachineUpdater] INFO  impl.StateMachineUpdater (StateMachineUpdater.java:lambda$new$0(102)) - s0@group-5D7CDCE8B764-StateMachineUpdater: snapshotIndex: updateIncreasingly -1 -> 63
2024-09-29 22:58:09,136 [s0@group-5D7CDCE8B764-StateMachineUpdater] INFO  raftlog.RaftLog (RaftLogBase.java:purge(329)) - s0@group-5D7CDCE8B764-SegmentedRaftLog: purge 63
2024-09-29 22:58:09,137 [s0@group-5D7CDCE8B764-StateMachineUpdater] INFO  raftlog.RaftLog (RaftLogBase.java:lambda$new$0(57)) - s0@group-5D7CDCE8B764-SegmentedRaftLog: snapshotIndex: updateIncreasingly -1 -> 63
2024-09-29 22:58:09,137 [s0@group-5D7CDCE8B764-StateMachineUpdater] INFO  raftlog.RaftLog (RaftLogBase.java:lambda$new$0(57)) - s0@group-5D7CDCE8B764-SegmentedRaftLog: purgeIndex: updateToMax old=-1, new=63, updated? true
2024-09-29 22:58:09,137 [s0@group-5D7CDCE8B764-StateMachineUpdater] INFO  impl.SimpleStateMachine4Testing (SimpleStateMachine4Testing.java:applyTransaction(251)) - applyTransaction for log index 65
2024-09-29 22:58:09,137 [s0@group-5D7CDCE8B764-StateMachineUpdater] INFO  impl.SimpleStateMachine4Testing (SimpleStateMachine4Testing.java:put(207)) - s0: put 65, m32 -> (t:1, i:65), STATEMACHINELOGENTRY, WRITE: logData.size=3, stateMachineData.size=17, logEntryProtoSerializedSize=0
2024-09-29 22:58:09,139 [s0@group-5D7CDCE8B764-StateMachineUpdater] INFO  impl.SimpleStateMachine4Testing (SimpleStateMachine4Testing.java:applyTransaction(251)) - applyTransaction for log index 67
2024-09-29 22:58:09,139 [s0@group-5D7CDCE8B764-StateMachineUpdater] INFO  impl.SimpleStateMachine4Testing (SimpleStateMachine4Testing.java:put(207)) - s0: put 67, m33 -> (t:1, i:67), STATEMACHINELOGENTRY, WRITE: logData.size=3, stateMachineData.size=17, logEntryProtoSerializedSize=0
2024-09-29 22:58:09,140 [s0@group-5D7CDCE8B764-StateMachineUpdater] INFO  impl.SimpleStateMachine4Testing (SimpleStateMachine4Testing.java:applyTransaction(251)) - applyTransaction for log index 69
2024-09-29 22:58:09,140 [s0@group-5D7CDCE8B764-StateMachineUpdater] INFO  impl.SimpleStateMachine4Testing (SimpleStateMachine4Testing.java:put(207)) - s0: put 69, m34 -> (t:1, i:69), STATEMACHINELOGENTRY, WRITE: logData.size=3, stateMachineData.size=17, logEntryProtoSerializedSize=0
2024-09-29 22:58:09,142 [s0@group-5D7CDCE8B764-StateMachineUpdater] INFO  impl.SimpleStateMachine4Testing (SimpleStateMachine4Testing.java:applyTransaction(251)) - applyTransaction for log index 71
2024-09-29 22:58:09,142 [s0@group-5D7CDCE8B764-StateMachineUpdater] INFO  impl.SimpleStateMachine4Testing (SimpleStateMachine4Testing.java:put(207)) - s0: put 71, m35 -> (t:1, i:71), STATEMACHINELOGENTRY, WRITE: logData.size=3, stateMachineData.size=17, logEntryProtoSerializedSize=0
2024-09-29 22:58:09,144 [s0@group-5D7CDCE8B764-StateMachineUpdater] INFO  impl.SimpleStateMachine4Testing (SimpleStateMachine4Testing.java:applyTransaction(251)) - applyTransaction for log index 73
2024-09-29 22:58:09,144 [s0@group-5D7CDCE8B764-StateMachineUpdater] INFO  impl.SimpleStateMachine4Testing (SimpleStateMachine4Testing.java:put(207)) - s0: put 73, m36 -> (t:1, i:73), STATEMACHINELOGENTRY, WRITE: logData.size=3, stateMachineData.size=17, logEntryProtoSerializedSize=0
2024-09-29 22:58:09,146 [s0@group-5D7CDCE8B764-StateMachineUpdater] INFO  impl.SimpleStateMachine4Testing (SimpleStateMachine4Testing.java:applyTransaction(251)) - applyTransaction for log index 75
2024-09-29 22:58:09,146 [s0@group-5D7CDCE8B764-StateMachineUpdater] INFO  impl.SimpleStateMachine4Testing (SimpleStateMachine4Testing.java:put(207)) - s0: put 75, m37 -> (t:1, i:75), STATEMACHINELOGENTRY, WRITE: logData.size=3, stateMachineData.size=17, logEntryProtoSerializedSize=0
2024-09-29 22:58:09,148 [s0@group-5D7CDCE8B764-StateMachineUpdater] INFO  impl.SimpleStateMachine4Testing (SimpleStateMachine4Testing.java:applyTransaction(251)) - applyTransaction for log index 77
2024-09-29 22:58:09,148 [s0@group-5D7CDCE8B764-StateMachineUpdater] INFO  impl.SimpleStateMachine4Testing (SimpleStateMachine4Testing.java:put(207)) - s0: put 77, m38 -> (t:1, i:77), STATEMACHINELOGENTRY, WRITE: logData.size=3, stateMachineData.size=17, logEntryProtoSerializedSize=0
2024-09-29 22:58:09,149 [s0@group-5D7CDCE8B764-StateMachineUpdater] INFO  impl.SimpleStateMachine4Testing (SimpleStateMachine4Testing.java:applyTransaction(251)) - applyTransaction for log index 79
2024-09-29 22:58:09,149 [s0@group-5D7CDCE8B764-StateMachineUpdater] INFO  impl.SimpleStateMachine4Testing (SimpleStateMachine4Testing.java:put(207)) - s0: put 79, m39 -> (t:1, i:79), STATEMACHINELOGENTRY, WRITE: logData.size=3, stateMachineData.size=17, logEntryProtoSerializedSize=0
2024-09-29 22:58:09,151 [s0@group-5D7CDCE8B764-StateMachineUpdater] INFO  impl.SimpleStateMachine4Testing (SimpleStateMachine4Testing.java:applyTransaction(251)) - applyTransaction for log index 81
2024-09-29 22:58:09,151 [s0@group-5D7CDCE8B764-StateMachineUpdater] INFO  impl.SimpleStateMachine4Testing (SimpleStateMachine4Testing.java:put(207)) - s0: put 81, m40 -> (t:1, i:81), STATEMACHINELOGENTRY, WRITE: logData.size=3, stateMachineData.size=17, logEntryProtoSerializedSize=0
2024-09-29 22:58:09,152 [s0@group-5D7CDCE8B764-StateMachineUpdater] INFO  impl.SimpleStateMachine4Testing (SimpleStateMachine4Testing.java:applyTransaction(251)) - applyTransaction for log index 83
2024-09-29 22:58:09,152 [s0@group-5D7CDCE8B764-StateMachineUpdater] INFO  impl.SimpleStateMachine4Testing (SimpleStateMachine4Testing.java:put(207)) - s0: put 83, m41 -> (t:1, i:83), STATEMACHINELOGENTRY, WRITE: logData.size=3, stateMachineData.size=17, logEntryProtoSerializedSize=0
2024-09-29 22:58:09,153 [s0@group-5D7CDCE8B764-StateMachineUpdater] INFO  impl.SimpleStateMachine4Testing (SimpleStateMachine4Testing.java:applyTransaction(251)) - applyTransaction for log index 85
2024-09-29 22:58:09,154 [s0@group-5D7CDCE8B764-StateMachineUpdater] INFO  impl.SimpleStateMachine4Testing (SimpleStateMachine4Testing.java:put(207)) - s0: put 85, m42 -> (t:1, i:85), STATEMACHINELOGENTRY, WRITE: logData.size=3, stateMachineData.size=17, logEntryProtoSerializedSize=0
2024-09-29 22:58:09,155 [s0@group-5D7CDCE8B764-StateMachineUpdater] INFO  impl.SimpleStateMachine4Testing (SimpleStateMachine4Testing.java:applyTransaction(251)) - applyTransaction for log index 87
2024-09-29 22:58:09,155 [s0@group-5D7CDCE8B764-StateMachineUpdater] INFO  impl.SimpleStateMachine4Testing (SimpleStateMachine4Testing.java:put(207)) - s0: put 87, m43 -> (t:1, i:87), STATEMACHINELOGENTRY, WRITE: logData.size=3, stateMachineData.size=17, logEntryProtoSerializedSize=0
2024-09-29 22:58:09,157 [s0@group-5D7CDCE8B764-StateMachineUpdater] INFO  impl.SimpleStateMachine4Testing (SimpleStateMachine4Testing.java:applyTransaction(251)) - applyTransaction for log index 89
2024-09-29 22:58:09,157 [s0@group-5D7CDCE8B764-StateMachineUpdater] INFO  impl.SimpleStateMachine4Testing (SimpleStateMachine4Testing.java:put(207)) - s0: put 89, m44 -> (t:1, i:89), STATEMACHINELOGENTRY, WRITE: logData.size=3, stateMachineData.size=17, logEntryProtoSerializedSize=0
2024-09-29 22:58:09,158 [s0@group-5D7CDCE8B764-StateMachineUpdater] INFO  impl.SimpleStateMachine4Testing (SimpleStateMachine4Testing.java:applyTransaction(251)) - applyTransaction for log index 91
2024-09-29 22:58:09,159 [s0@group-5D7CDCE8B764-StateMachineUpdater] INFO  impl.SimpleStateMachine4Testing (SimpleStateMachine4Testing.java:put(207)) - s0: put 91, m45 -> (t:1, i:91), STATEMACHINELOGENTRY, WRITE: logData.size=3, stateMachineData.size=17, logEntryProtoSerializedSize=0
2024-09-29 22:58:09,160 [s0@group-5D7CDCE8B764-StateMachineUpdater] INFO  impl.SimpleStateMachine4Testing (SimpleStateMachine4Testing.java:applyTransaction(251)) - applyTransaction for log index 93
2024-09-29 22:58:09,160 [s0@group-5D7CDCE8B764-StateMachineUpdater] INFO  impl.SimpleStateMachine4Testing (SimpleStateMachine4Testing.java:put(207)) - s0: put 93, m46 -> (t:1, i:93), STATEMACHINELOGENTRY, WRITE: logData.size=3, stateMachineData.size=17, logEntryProtoSerializedSize=0
2024-09-29 22:58:09,162 [s0@group-5D7CDCE8B764-StateMachineUpdater] INFO  impl.SimpleStateMachine4Testing (SimpleStateMachine4Testing.java:applyTransaction(251)) - applyTransaction for log index 95
2024-09-29 22:58:09,162 [s0@group-5D7CDCE8B764-StateMachineUpdater] INFO  impl.SimpleStateMachine4Testing (SimpleStateMachine4Testing.java:put(207)) - s0: put 95, m47 -> (t:1, i:95), STATEMACHINELOGENTRY, WRITE: logData.size=3, stateMachineData.size=17, logEntryProtoSerializedSize=0
2024-09-29 22:58:09,163 [s0@group-5D7CDCE8B764-StateMachineUpdater] INFO  impl.SimpleStateMachine4Testing (SimpleStateMachine4Testing.java:applyTransaction(251)) - applyTransaction for log index 97
2024-09-29 22:58:09,164 [s0@group-5D7CDCE8B764-StateMachineUpdater] INFO  impl.SimpleStateMachine4Testing (SimpleStateMachine4Testing.java:put(207)) - s0: put 97, m48 -> (t:1, i:97), STATEMACHINELOGENTRY, WRITE: logData.size=3, stateMachineData.size=17, logEntryProtoSerializedSize=0
2024-09-29 22:58:09,165 [s0@group-5D7CDCE8B764-StateMachineUpdater] INFO  impl.SimpleStateMachine4Testing (SimpleStateMachine4Testing.java:applyTransaction(251)) - applyTransaction for log index 99
2024-09-29 22:58:09,165 [s0@group-5D7CDCE8B764-StateMachineUpdater] INFO  impl.SimpleStateMachine4Testing (SimpleStateMachine4Testing.java:put(207)) - s0: put 99, m49 -> (t:1, i:99), STATEMACHINELOGENTRY, WRITE: logData.size=3, stateMachineData.size=17, logEntryProtoSerializedSize=0
2024-09-29 22:58:09,167 [s0@group-5D7CDCE8B764-StateMachineUpdater] INFO  impl.SimpleStateMachine4Testing (SimpleStateMachine4Testing.java:applyTransaction(251)) - applyTransaction for log index 101
2024-09-29 22:58:09,167 [s0@group-5D7CDCE8B764-StateMachineUpdater] INFO  impl.SimpleStateMachine4Testing (SimpleStateMachine4Testing.java:put(207)) - s0: put 101, m50 -> (t:1, i:101), STATEMACHINELOGENTRY, WRITE: logData.size=3, stateMachineData.size=17, logEntryProtoSerializedSize=0
2024-09-29 22:58:09,169 [s0@group-5D7CDCE8B764-StateMachineUpdater] INFO  impl.SimpleStateMachine4Testing (SimpleStateMachine4Testing.java:applyTransaction(251)) - applyTransaction for log index 103
2024-09-29 22:58:09,169 [s0@group-5D7CDCE8B764-StateMachineUpdater] INFO  impl.SimpleStateMachine4Testing (SimpleStateMachine4Testing.java:put(207)) - s0: put 103, m51 -> (t:1, i:103), STATEMACHINELOGENTRY, WRITE: logData.size=3, stateMachineData.size=17, logEntryProtoSerializedSize=0
2024-09-29 22:58:09,170 [s0@group-5D7CDCE8B764-StateMachineUpdater] INFO  impl.SimpleStateMachine4Testing (SimpleStateMachine4Testing.java:applyTransaction(251)) - applyTransaction for log index 105
2024-09-29 22:58:09,171 [s0@group-5D7CDCE8B764-StateMachineUpdater] INFO  impl.SimpleStateMachine4Testing (SimpleStateMachine4Testing.java:put(207)) - s0: put 105, m52 -> (t:1, i:105), STATEMACHINELOGENTRY, WRITE: logData.size=3, stateMachineData.size=17, logEntryProtoSerializedSize=0
2024-09-29 22:58:09,172 [s0@group-5D7CDCE8B764-StateMachineUpdater] INFO  impl.SimpleStateMachine4Testing (SimpleStateMachine4Testing.java:applyTransaction(251)) - applyTransaction for log index 107
2024-09-29 22:58:09,172 [s0@group-5D7CDCE8B764-StateMachineUpdater] INFO  impl.SimpleStateMachine4Testing (SimpleStateMachine4Testing.java:put(207)) - s0: put 107, m53 -> (t:1, i:107), STATEMACHINELOGENTRY, WRITE: logData.size=3, stateMachineData.size=17, logEntryProtoSerializedSize=0
2024-09-29 22:58:09,174 [s0@group-5D7CDCE8B764-StateMachineUpdater] INFO  impl.SimpleStateMachine4Testing (SimpleStateMachine4Testing.java:applyTransaction(251)) - applyTransaction for log index 109
2024-09-29 22:58:09,174 [s0@group-5D7CDCE8B764-StateMachineUpdater] INFO  impl.SimpleStateMachine4Testing (SimpleStateMachine4Testing.java:put(207)) - s0: put 109, m54 -> (t:1, i:109), STATEMACHINELOGENTRY, WRITE: logData.size=3, stateMachineData.size=17, logEntryProtoSerializedSize=0
2024-09-29 22:58:09,175 [s0@group-5D7CDCE8B764-StateMachineUpdater] INFO  impl.SimpleStateMachine4Testing (SimpleStateMachine4Testing.java:applyTransaction(251)) - applyTransaction for log index 111
2024-09-29 22:58:09,175 [s0@group-5D7CDCE8B764-StateMachineUpdater] INFO  impl.SimpleStateMachine4Testing (SimpleStateMachine4Testing.java:put(207)) - s0: put 111, m55 -> (t:1, i:111), STATEMACHINELOGENTRY, WRITE: logData.size=3, stateMachineData.size=17, logEntryProtoSerializedSize=0
2024-09-29 22:58:09,177 [s0@group-5D7CDCE8B764-StateMachineUpdater] INFO  impl.SimpleStateMachine4Testing (SimpleStateMachine4Testing.java:applyTransaction(251)) - applyTransaction for log index 113
2024-09-29 22:58:09,177 [s0@group-5D7CDCE8B764-StateMachineUpdater] INFO  impl.SimpleStateMachine4Testing (SimpleStateMachine4Testing.java:put(207)) - s0: put 113, m56 -> (t:1, i:113), STATEMACHINELOGENTRY, WRITE: logData.size=3, stateMachineData.size=17, logEntryProtoSerializedSize=0
2024-09-29 22:58:09,178 [s0@group-5D7CDCE8B764-StateMachineUpdater] INFO  impl.SimpleStateMachine4Testing (SimpleStateMachine4Testing.java:applyTransaction(251)) - applyTransaction for log index 115
2024-09-29 22:58:09,178 [s0@group-5D7CDCE8B764-StateMachineUpdater] INFO  impl.SimpleStateMachine4Testing (SimpleStateMachine4Testing.java:put(207)) - s0: put 115, m57 -> (t:1, i:115), STATEMACHINELOGENTRY, WRITE: logData.size=3, stateMachineData.size=17, logEntryProtoSerializedSize=0
2024-09-29 22:58:09,180 [s0@group-5D7CDCE8B764-StateMachineUpdater] INFO  impl.SimpleStateMachine4Testing (SimpleStateMachine4Testing.java:applyTransaction(251)) - applyTransaction for log index 117
2024-09-29 22:58:09,180 [s0@group-5D7CDCE8B764-StateMachineUpdater] INFO  impl.SimpleStateMachine4Testing (SimpleStateMachine4Testing.java:put(207)) - s0: put 117, m58 -> (t:1, i:117), STATEMACHINELOGENTRY, WRITE: logData.size=3, stateMachineData.size=17, logEntryProtoSerializedSize=0
2024-09-29 22:58:09,182 [s0@group-5D7CDCE8B764-StateMachineUpdater] INFO  impl.SimpleStateMachine4Testing (SimpleStateMachine4Testing.java:applyTransaction(251)) - applyTransaction for log index 119
2024-09-29 22:58:09,182 [s0@group-5D7CDCE8B764-StateMachineUpdater] INFO  impl.SimpleStateMachine4Testing (SimpleStateMachine4Testing.java:put(207)) - s0: put 119, m59 -> (t:1, i:119), STATEMACHINELOGENTRY, WRITE: logData.size=3, stateMachineData.size=17, logEntryProtoSerializedSize=0
2024-09-29 22:58:09,183 [s0@group-5D7CDCE8B764-StateMachineUpdater] INFO  impl.SimpleStateMachine4Testing (SimpleStateMachine4Testing.java:applyTransaction(251)) - applyTransaction for log index 121
2024-09-29 22:58:09,183 [s0@group-5D7CDCE8B764-StateMachineUpdater] INFO  impl.SimpleStateMachine4Testing (SimpleStateMachine4Testing.java:put(207)) - s0: put 121, m60 -> (t:1, i:121), STATEMACHINELOGENTRY, WRITE: logData.size=3, stateMachineData.size=17, logEntryProtoSerializedSize=0
2024-09-29 22:58:09,185 [s0@group-5D7CDCE8B764-StateMachineUpdater] INFO  impl.SimpleStateMachine4Testing (SimpleStateMachine4Testing.java:applyTransaction(251)) - applyTransaction for log index 123
2024-09-29 22:58:09,185 [s0@group-5D7CDCE8B764-StateMachineUpdater] INFO  impl.SimpleStateMachine4Testing (SimpleStateMachine4Testing.java:put(207)) - s0: put 123, m61 -> (t:1, i:123), STATEMACHINELOGENTRY, WRITE: logData.size=3, stateMachineData.size=17, logEntryProtoSerializedSize=0
2024-09-29 22:58:09,186 [s0@group-5D7CDCE8B764-StateMachineUpdater] INFO  impl.SimpleStateMachine4Testing (SimpleStateMachine4Testing.java:applyTransaction(251)) - applyTransaction for log index 125
2024-09-29 22:58:09,186 [s0@group-5D7CDCE8B764-StateMachineUpdater] INFO  impl.SimpleStateMachine4Testing (SimpleStateMachine4Testing.java:put(207)) - s0: put 125, m62 -> (t:1, i:125), STATEMACHINELOGENTRY, WRITE: logData.size=3, stateMachineData.size=17, logEntryProtoSerializedSize=0
2024-09-29 22:58:09,188 [s0@group-5D7CDCE8B764-StateMachineUpdater] INFO  impl.SimpleStateMachine4Testing (SimpleStateMachine4Testing.java:applyTransaction(251)) - applyTransaction for log index 127
2024-09-29 22:58:09,188 [s0@group-5D7CDCE8B764-StateMachineUpdater] INFO  impl.SimpleStateMachine4Testing (SimpleStateMachine4Testing.java:put(207)) - s0: put 127, m63 -> (t:1, i:127), STATEMACHINELOGENTRY, WRITE: logData.size=3, stateMachineData.size=17, logEntryProtoSerializedSize=0
2024-09-29 22:58:09,188 [s0@group-5D7CDCE8B764-StateMachineUpdater] TRACE util.FileUtils (FileUtils.java:deleteFully(305)) - deleteFully /tmp/ratis-tests/statemachine/s0/snapshot/1_127
2024-09-29 22:58:09,188 [s0@group-5D7CDCE8B764-StateMachineUpdater] TRACE util.FileUtils (FileUtils.java:deleteFully(318)) - deleteFully: /tmp/ratis-tests/statemachine/s0/snapshot/1_127 does not exist.
2024-09-29 22:58:09,188 [s0@group-5D7CDCE8B764-StateMachineUpdater] TRACE util.FileUtils (FileUtils.java:deleteFully(305)) - deleteFully /tmp/ratis-tests/statemachine/s0/tmp/1efd82c5-aca4-4328-b2ee-15c96342b742
2024-09-29 22:58:09,188 [s0@group-5D7CDCE8B764-StateMachineUpdater] TRACE util.FileUtils (FileUtils.java:deleteFully(318)) - deleteFully: /tmp/ratis-tests/statemachine/s0/tmp/1efd82c5-aca4-4328-b2ee-15c96342b742 does not exist.
2024-09-29 22:58:09,189 [s0@group-5D7CDCE8B764-StateMachineUpdater] TRACE util.FileUtils (LogUtils.java:runAndLog(49)) - Successfully ran Atomic Files.move /tmp/ratis-tests/statemachine/s0/tmp/1efd82c5-aca4-4328-b2ee-15c96342b742 to /tmp/ratis-tests/statemachine/s0/snapshot/1_127
2024-09-29 22:58:09,189 [s0@group-5D7CDCE8B764-StateMachineUpdater] INFO  impl.StateMachineUpdater (StateMachineUpdater.java:takeSnapshot(308)) - s0@group-5D7CDCE8B764-StateMachineUpdater: Took a snapshot at index 127
2024-09-29 22:58:09,189 [s0@group-5D7CDCE8B764-StateMachineUpdater] INFO  impl.StateMachineUpdater (StateMachineUpdater.java:lambda$new$0(102)) - s0@group-5D7CDCE8B764-StateMachineUpdater: snapshotIndex: updateIncreasingly 63 -> 127
2024-09-29 22:58:09,189 [s0@group-5D7CDCE8B764-StateMachineUpdater] INFO  raftlog.RaftLog (RaftLogBase.java:purge(329)) - s0@group-5D7CDCE8B764-SegmentedRaftLog: purge 127
2024-09-29 22:58:09,189 [s0@group-5D7CDCE8B764-StateMachineUpdater] INFO  raftlog.RaftLog (RaftLogBase.java:lambda$new$0(57)) - s0@group-5D7CDCE8B764-SegmentedRaftLog: snapshotIndex: updateIncreasingly 63 -> 127
2024-09-29 22:58:09,190 [s0@group-5D7CDCE8B764-StateMachineUpdater] INFO  raftlog.RaftLog (RaftLogBase.java:lambda$new$0(57)) - s0@group-5D7CDCE8B764-SegmentedRaftLog: purgeIndex: updateToMax old=63, new=127, updated? true
2024-09-29 22:58:09,190 [s0@group-5D7CDCE8B764-StateMachineUpdater] INFO  impl.SimpleStateMachine4Testing (SimpleStateMachine4Testing.java:applyTransaction(251)) - applyTransaction for log index 129
2024-09-29 22:58:09,190 [s0@group-5D7CDCE8B764-StateMachineUpdater] INFO  impl.SimpleStateMachine4Testing (SimpleStateMachine4Testing.java:put(207)) - s0: put 129, m64 -> (t:1, i:129), STATEMACHINELOGENTRY, WRITE: logData.size=3, stateMachineData.size=17, logEntryProtoSerializedSize=0
2024-09-29 22:58:09,192 [s0@group-5D7CDCE8B764-StateMachineUpdater] INFO  impl.SimpleStateMachine4Testing (SimpleStateMachine4Testing.java:applyTransaction(251)) - applyTransaction for log index 131
2024-09-29 22:58:09,192 [s0@group-5D7CDCE8B764-StateMachineUpdater] INFO  impl.SimpleStateMachine4Testing (SimpleStateMachine4Testing.java:put(207)) - s0: put 131, m65 -> (t:1, i:131), STATEMACHINELOGENTRY, WRITE: logData.size=3, stateMachineData.size=17, logEntryProtoSerializedSize=0
2024-09-29 22:58:09,193 [s0@group-5D7CDCE8B764-StateMachineUpdater] INFO  impl.SimpleStateMachine4Testing (SimpleStateMachine4Testing.java:applyTransaction(251)) - applyTransaction for log index 133
2024-09-29 22:58:09,193 [s0@group-5D7CDCE8B764-StateMachineUpdater] INFO  impl.SimpleStateMachine4Testing (SimpleStateMachine4Testing.java:put(207)) - s0: put 133, m66 -> (t:1, i:133), STATEMACHINELOGENTRY, WRITE: logData.size=3, stateMachineData.size=17, logEntryProtoSerializedSize=0
2024-09-29 22:58:09,195 [s0@group-5D7CDCE8B764-StateMachineUpdater] INFO  impl.SimpleStateMachine4Testing (SimpleStateMachine4Testing.java:applyTransaction(251)) - applyTransaction for log index 135
2024-09-29 22:58:09,195 [s0@group-5D7CDCE8B764-StateMachineUpdater] INFO  impl.SimpleStateMachine4Testing (SimpleStateMachine4Testing.java:put(207)) - s0: put 135, m67 -> (t:1, i:135), STATEMACHINELOGENTRY, WRITE: logData.size=3, stateMachineData.size=17, logEntryProtoSerializedSize=0
2024-09-29 22:58:09,196 [s0@group-5D7CDCE8B764-StateMachineUpdater] INFO  impl.SimpleStateMachine4Testing (SimpleStateMachine4Testing.java:applyTransaction(251)) - applyTransaction for log index 137
2024-09-29 22:58:09,196 [s0@group-5D7CDCE8B764-StateMachineUpdater] INFO  impl.SimpleStateMachine4Testing (SimpleStateMachine4Testing.java:put(207)) - s0: put 137, m68 -> (t:1, i:137), STATEMACHINELOGENTRY, WRITE: logData.size=3, stateMachineData.size=17, logEntryProtoSerializedSize=0
2024-09-29 22:58:09,198 [s0@group-5D7CDCE8B764-StateMachineUpdater] INFO  impl.SimpleStateMachine4Testing (SimpleStateMachine4Testing.java:applyTransaction(251)) - applyTransaction for log index 139
2024-09-29 22:58:09,198 [s0@group-5D7CDCE8B764-StateMachineUpdater] INFO  impl.SimpleStateMachine4Testing (SimpleStateMachine4Testing.java:put(207)) - s0: put 139, m69 -> (t:1, i:139), STATEMACHINELOGENTRY, WRITE: logData.size=3, stateMachineData.size=17, logEntryProtoSerializedSize=0
2024-09-29 22:58:09,200 [s0@group-5D7CDCE8B764-StateMachineUpdater] INFO  impl.SimpleStateMachine4Testing (SimpleStateMachine4Testing.java:applyTransaction(251)) - applyTransaction for log index 141
2024-09-29 22:58:09,200 [s0@group-5D7CDCE8B764-StateMachineUpdater] INFO  impl.SimpleStateMachine4Testing (SimpleStateMachine4Testing.java:put(207)) - s0: put 141, m70 -> (t:1, i:141), STATEMACHINELOGENTRY, WRITE: logData.size=3, stateMachineData.size=17, logEntryProtoSerializedSize=0
2024-09-29 22:58:09,201 [s0@group-5D7CDCE8B764-StateMachineUpdater] INFO  impl.SimpleStateMachine4Testing (SimpleStateMachine4Testing.java:applyTransaction(251)) - applyTransaction for log index 143
2024-09-29 22:58:09,202 [s0@group-5D7CDCE8B764-StateMachineUpdater] INFO  impl.SimpleStateMachine4Testing (SimpleStateMachine4Testing.java:put(207)) - s0: put 143, m71 -> (t:1, i:143), STATEMACHINELOGENTRY, WRITE: logData.size=3, stateMachineData.size=17, logEntryProtoSerializedSize=0
2024-09-29 22:58:09,203 [s0@group-5D7CDCE8B764-StateMachineUpdater] INFO  impl.SimpleStateMachine4Testing (SimpleStateMachine4Testing.java:applyTransaction(251)) - applyTransaction for log index 145
2024-09-29 22:58:09,203 [s0@group-5D7CDCE8B764-StateMachineUpdater] INFO  impl.SimpleStateMachine4Testing (SimpleStateMachine4Testing.java:put(207)) - s0: put 145, m72 -> (t:1, i:145), STATEMACHINELOGENTRY, WRITE: logData.size=3, stateMachineData.size=17, logEntryProtoSerializedSize=0
2024-09-29 22:58:09,204 [s0@group-5D7CDCE8B764-StateMachineUpdater] INFO  impl.SimpleStateMachine4Testing (SimpleStateMachine4Testing.java:applyTransaction(251)) - applyTransaction for log index 147
2024-09-29 22:58:09,205 [s0@group-5D7CDCE8B764-StateMachineUpdater] INFO  impl.SimpleStateMachine4Testing (SimpleStateMachine4Testing.java:put(207)) - s0: put 147, m73 -> (t:1, i:147), STATEMACHINELOGENTRY, WRITE: logData.size=3, stateMachineData.size=17, logEntryProtoSerializedSize=0
2024-09-29 22:58:09,207 [s0@group-5D7CDCE8B764-StateMachineUpdater] INFO  impl.SimpleStateMachine4Testing (SimpleStateMachine4Testing.java:applyTransaction(251)) - applyTransaction for log index 149
2024-09-29 22:58:09,208 [s0@group-5D7CDCE8B764-StateMachineUpdater] INFO  impl.SimpleStateMachine4Testing (SimpleStateMachine4Testing.java:put(207)) - s0: put 149, m74 -> (t:1, i:149), STATEMACHINELOGENTRY, WRITE: logData.size=3, stateMachineData.size=17, logEntryProtoSerializedSize=0
2024-09-29 22:58:09,209 [s0@group-5D7CDCE8B764-StateMachineUpdater] INFO  impl.SimpleStateMachine4Testing (SimpleStateMachine4Testing.java:applyTransaction(251)) - applyTransaction for log index 151
2024-09-29 22:58:09,209 [s0@group-5D7CDCE8B764-StateMachineUpdater] INFO  impl.SimpleStateMachine4Testing (SimpleStateMachine4Testing.java:put(207)) - s0: put 151, m75 -> (t:1, i:151), STATEMACHINELOGENTRY, WRITE: logData.size=3, stateMachineData.size=17, logEntryProtoSerializedSize=0
2024-09-29 22:58:09,212 [s0@group-5D7CDCE8B764-StateMachineUpdater] INFO  impl.SimpleStateMachine4Testing (SimpleStateMachine4Testing.java:applyTransaction(251)) - applyTransaction for log index 153
2024-09-29 22:58:09,212 [s0@group-5D7CDCE8B764-StateMachineUpdater] INFO  impl.SimpleStateMachine4Testing (SimpleStateMachine4Testing.java:put(207)) - s0: put 153, m76 -> (t:1, i:153), STATEMACHINELOGENTRY, WRITE: logData.size=3, stateMachineData.size=17, logEntryProtoSerializedSize=0
2024-09-29 22:58:09,214 [s0@group-5D7CDCE8B764-StateMachineUpdater] INFO  impl.SimpleStateMachine4Testing (SimpleStateMachine4Testing.java:applyTransaction(251)) - applyTransaction for log index 155
2024-09-29 22:58:09,214 [s0@group-5D7CDCE8B764-StateMachineUpdater] INFO  impl.SimpleStateMachine4Testing (SimpleStateMachine4Testing.java:put(207)) - s0: put 155, m77 -> (t:1, i:155), STATEMACHINELOGENTRY, WRITE: logData.size=3, stateMachineData.size=17, logEntryProtoSerializedSize=0
2024-09-29 22:58:09,215 [s0@group-5D7CDCE8B764-StateMachineUpdater] INFO  impl.SimpleStateMachine4Testing (SimpleStateMachine4Testing.java:applyTransaction(251)) - applyTransaction for log index 157
2024-09-29 22:58:09,216 [s0@group-5D7CDCE8B764-StateMachineUpdater] INFO  impl.SimpleStateMachine4Testing (SimpleStateMachine4Testing.java:put(207)) - s0: put 157, m78 -> (t:1, i:157), STATEMACHINELOGENTRY, WRITE: logData.size=3, stateMachineData.size=17, logEntryProtoSerializedSize=0
2024-09-29 22:58:09,217 [s0@group-5D7CDCE8B764-StateMachineUpdater] INFO  impl.SimpleStateMachine4Testing (SimpleStateMachine4Testing.java:applyTransaction(251)) - applyTransaction for log index 159
2024-09-29 22:58:09,217 [s0@group-5D7CDCE8B764-StateMachineUpdater] INFO  impl.SimpleStateMachine4Testing (SimpleStateMachine4Testing.java:put(207)) - s0: put 159, m79 -> (t:1, i:159), STATEMACHINELOGENTRY, WRITE: logData.size=3, stateMachineData.size=17, logEntryProtoSerializedSize=0
2024-09-29 22:58:09,218 [s0@group-5D7CDCE8B764-StateMachineUpdater] INFO  impl.SimpleStateMachine4Testing (SimpleStateMachine4Testing.java:applyTransaction(251)) - applyTransaction for log index 161
2024-09-29 22:58:09,218 [s0@group-5D7CDCE8B764-StateMachineUpdater] INFO  impl.SimpleStateMachine4Testing (SimpleStateMachine4Testing.java:put(207)) - s0: put 161, m80 -> (t:1, i:161), STATEMACHINELOGENTRY, WRITE: logData.size=3, stateMachineData.size=17, logEntryProtoSerializedSize=0
2024-09-29 22:58:09,220 [s0@group-5D7CDCE8B764-StateMachineUpdater] INFO  impl.SimpleStateMachine4Testing (SimpleStateMachine4Testing.java:applyTransaction(251)) - applyTransaction for log index 163
2024-09-29 22:58:09,220 [s0@group-5D7CDCE8B764-StateMachineUpdater] INFO  impl.SimpleStateMachine4Testing (SimpleStateMachine4Testing.java:put(207)) - s0: put 163, m81 -> (t:1, i:163), STATEMACHINELOGENTRY, WRITE: logData.size=3, stateMachineData.size=17, logEntryProtoSerializedSize=0
2024-09-29 22:58:09,222 [s0@group-5D7CDCE8B764-StateMachineUpdater] INFO  impl.SimpleStateMachine4Testing (SimpleStateMachine4Testing.java:applyTransaction(251)) - applyTransaction for log index 165
2024-09-29 22:58:09,222 [s0@group-5D7CDCE8B764-StateMachineUpdater] INFO  impl.SimpleStateMachine4Testing (SimpleStateMachine4Testing.java:put(207)) - s0: put 165, m82 -> (t:1, i:165), STATEMACHINELOGENTRY, WRITE: logData.size=3, stateMachineData.size=17, logEntryProtoSerializedSize=0
2024-09-29 22:58:09,224 [s0@group-5D7CDCE8B764-StateMachineUpdater] INFO  impl.SimpleStateMachine4Testing (SimpleStateMachine4Testing.java:applyTransaction(251)) - applyTransaction for log index 167
2024-09-29 22:58:09,224 [s0@group-5D7CDCE8B764-StateMachineUpdater] INFO  impl.SimpleStateMachine4Testing (SimpleStateMachine4Testing.java:put(207)) - s0: put 167, m83 -> (t:1, i:167), STATEMACHINELOGENTRY, WRITE: logData.size=3, stateMachineData.size=17, logEntryProtoSerializedSize=0
2024-09-29 22:58:09,225 [s0@group-5D7CDCE8B764-StateMachineUpdater] INFO  impl.SimpleStateMachine4Testing (SimpleStateMachine4Testing.java:applyTransaction(251)) - applyTransaction for log index 169
2024-09-29 22:58:09,225 [s0@group-5D7CDCE8B764-StateMachineUpdater] INFO  impl.SimpleStateMachine4Testing (SimpleStateMachine4Testing.java:put(207)) - s0: put 169, m84 -> (t:1, i:169), STATEMACHINELOGENTRY, WRITE: logData.size=3, stateMachineData.size=17, logEntryProtoSerializedSize=0
2024-09-29 22:58:09,227 [s0@group-5D7CDCE8B764-StateMachineUpdater] INFO  impl.SimpleStateMachine4Testing (SimpleStateMachine4Testing.java:applyTransaction(251)) - applyTransaction for log index 171
2024-09-29 22:58:09,227 [s0@group-5D7CDCE8B764-StateMachineUpdater] INFO  impl.SimpleStateMachine4Testing (SimpleStateMachine4Testing.java:put(207)) - s0: put 171, m85 -> (t:1, i:171), STATEMACHINELOGENTRY, WRITE: logData.size=3, stateMachineData.size=17, logEntryProtoSerializedSize=0
2024-09-29 22:58:09,229 [s0@group-5D7CDCE8B764-StateMachineUpdater] INFO  impl.SimpleStateMachine4Testing (SimpleStateMachine4Testing.java:applyTransaction(251)) - applyTransaction for log index 173
2024-09-29 22:58:09,229 [s0@group-5D7CDCE8B764-StateMachineUpdater] INFO  impl.SimpleStateMachine4Testing (SimpleStateMachine4Testing.java:put(207)) - s0: put 173, m86 -> (t:1, i:173), STATEMACHINELOGENTRY, WRITE: logData.size=3, stateMachineData.size=17, logEntryProtoSerializedSize=0
2024-09-29 22:58:09,230 [s0@group-5D7CDCE8B764-StateMachineUpdater] INFO  impl.SimpleStateMachine4Testing (SimpleStateMachine4Testing.java:applyTransaction(251)) - applyTransaction for log index 175
2024-09-29 22:58:09,230 [s0@group-5D7CDCE8B764-StateMachineUpdater] INFO  impl.SimpleStateMachine4Testing (SimpleStateMachine4Testing.java:put(207)) - s0: put 175, m87 -> (t:1, i:175), STATEMACHINELOGENTRY, WRITE: logData.size=3, stateMachineData.size=17, logEntryProtoSerializedSize=0
2024-09-29 22:58:09,232 [s0@group-5D7CDCE8B764-StateMachineUpdater] INFO  impl.SimpleStateMachine4Testing (SimpleStateMachine4Testing.java:applyTransaction(251)) - applyTransaction for log index 177
2024-09-29 22:58:09,232 [s0@group-5D7CDCE8B764-StateMachineUpdater] INFO  impl.SimpleStateMachine4Testing (SimpleStateMachine4Testing.java:put(207)) - s0: put 177, m88 -> (t:1, i:177), STATEMACHINELOGENTRY, WRITE: logData.size=3, stateMachineData.size=17, logEntryProtoSerializedSize=0
2024-09-29 22:58:09,234 [s0@group-5D7CDCE8B764-StateMachineUpdater] INFO  impl.SimpleStateMachine4Testing (SimpleStateMachine4Testing.java:applyTransaction(251)) - applyTransaction for log index 179
2024-09-29 22:58:09,234 [s0@group-5D7CDCE8B764-StateMachineUpdater] INFO  impl.SimpleStateMachine4Testing (SimpleStateMachine4Testing.java:put(207)) - s0: put 179, m89 -> (t:1, i:179), STATEMACHINELOGENTRY, WRITE: logData.size=3, stateMachineData.size=17, logEntryProtoSerializedSize=0
2024-09-29 22:58:09,235 [s0@group-5D7CDCE8B764-StateMachineUpdater] INFO  impl.SimpleStateMachine4Testing (SimpleStateMachine4Testing.java:applyTransaction(251)) - applyTransaction for log index 181
2024-09-29 22:58:09,235 [s0@group-5D7CDCE8B764-StateMachineUpdater] INFO  impl.SimpleStateMachine4Testing (SimpleStateMachine4Testing.java:put(207)) - s0: put 181, m90 -> (t:1, i:181), STATEMACHINELOGENTRY, WRITE: logData.size=3, stateMachineData.size=17, logEntryProtoSerializedSize=0
2024-09-29 22:58:09,237 [s0@group-5D7CDCE8B764-StateMachineUpdater] INFO  impl.SimpleStateMachine4Testing (SimpleStateMachine4Testing.java:applyTransaction(251)) - applyTransaction for log index 183
2024-09-29 22:58:09,237 [s0@group-5D7CDCE8B764-StateMachineUpdater] INFO  impl.SimpleStateMachine4Testing (SimpleStateMachine4Testing.java:put(207)) - s0: put 183, m91 -> (t:1, i:183), STATEMACHINELOGENTRY, WRITE: logData.size=3, stateMachineData.size=17, logEntryProtoSerializedSize=0
2024-09-29 22:58:09,238 [s0@group-5D7CDCE8B764-StateMachineUpdater] INFO  impl.SimpleStateMachine4Testing (SimpleStateMachine4Testing.java:applyTransaction(251)) - applyTransaction for log index 185
2024-09-29 22:58:09,238 [s0@group-5D7CDCE8B764-StateMachineUpdater] INFO  impl.SimpleStateMachine4Testing (SimpleStateMachine4Testing.java:put(207)) - s0: put 185, m92 -> (t:1, i:185), STATEMACHINELOGENTRY, WRITE: logData.size=3, stateMachineData.size=17, logEntryProtoSerializedSize=0
2024-09-29 22:58:09,240 [s0@group-5D7CDCE8B764-StateMachineUpdater] INFO  impl.SimpleStateMachine4Testing (SimpleStateMachine4Testing.java:applyTransaction(251)) - applyTransaction for log index 187
2024-09-29 22:58:09,241 [s0@group-5D7CDCE8B764-StateMachineUpdater] INFO  impl.SimpleStateMachine4Testing (SimpleStateMachine4Testing.java:put(207)) - s0: put 187, m93 -> (t:1, i:187), STATEMACHINELOGENTRY, WRITE: logData.size=3, stateMachineData.size=17, logEntryProtoSerializedSize=0
2024-09-29 22:58:09,242 [s0@group-5D7CDCE8B764-StateMachineUpdater] INFO  impl.SimpleStateMachine4Testing (SimpleStateMachine4Testing.java:applyTransaction(251)) - applyTransaction for log index 189
2024-09-29 22:58:09,242 [s0@group-5D7CDCE8B764-StateMachineUpdater] INFO  impl.SimpleStateMachine4Testing (SimpleStateMachine4Testing.java:put(207)) - s0: put 189, m94 -> (t:1, i:189), STATEMACHINELOGENTRY, WRITE: logData.size=3, stateMachineData.size=17, logEntryProtoSerializedSize=0
2024-09-29 22:58:09,243 [s0@group-5D7CDCE8B764-StateMachineUpdater] INFO  impl.SimpleStateMachine4Testing (SimpleStateMachine4Testing.java:applyTransaction(251)) - applyTransaction for log index 191
2024-09-29 22:58:09,244 [s0@group-5D7CDCE8B764-StateMachineUpdater] INFO  impl.SimpleStateMachine4Testing (SimpleStateMachine4Testing.java:put(207)) - s0: put 191, m95 -> (t:1, i:191), STATEMACHINELOGENTRY, WRITE: logData.size=3, stateMachineData.size=17, logEntryProtoSerializedSize=0
2024-09-29 22:58:09,244 [s0@group-5D7CDCE8B764-StateMachineUpdater] TRACE util.FileUtils (FileUtils.java:deleteFully(305)) - deleteFully /tmp/ratis-tests/statemachine/s0/snapshot/1_191
2024-09-29 22:58:09,244 [s0@group-5D7CDCE8B764-StateMachineUpdater] TRACE util.FileUtils (FileUtils.java:deleteFully(318)) - deleteFully: /tmp/ratis-tests/statemachine/s0/snapshot/1_191 does not exist.
2024-09-29 22:58:09,244 [s0@group-5D7CDCE8B764-StateMachineUpdater] TRACE util.FileUtils (FileUtils.java:deleteFully(305)) - deleteFully /tmp/ratis-tests/statemachine/s0/tmp/6818d247-6e0b-4ca2-a5fb-1d72e932df71
2024-09-29 22:58:09,244 [s0@group-5D7CDCE8B764-StateMachineUpdater] TRACE util.FileUtils (FileUtils.java:deleteFully(318)) - deleteFully: /tmp/ratis-tests/statemachine/s0/tmp/6818d247-6e0b-4ca2-a5fb-1d72e932df71 does not exist.
2024-09-29 22:58:09,244 [s0@group-5D7CDCE8B764-StateMachineUpdater] TRACE util.FileUtils (LogUtils.java:runAndLog(49)) - Successfully ran Atomic Files.move /tmp/ratis-tests/statemachine/s0/tmp/6818d247-6e0b-4ca2-a5fb-1d72e932df71 to /tmp/ratis-tests/statemachine/s0/snapshot/1_191
2024-09-29 22:58:09,244 [s0@group-5D7CDCE8B764-StateMachineUpdater] INFO  impl.StateMachineUpdater (StateMachineUpdater.java:takeSnapshot(308)) - s0@group-5D7CDCE8B764-StateMachineUpdater: Took a snapshot at index 191
2024-09-29 22:58:09,244 [s0@group-5D7CDCE8B764-StateMachineUpdater] INFO  impl.StateMachineUpdater (StateMachineUpdater.java:lambda$new$0(102)) - s0@group-5D7CDCE8B764-StateMachineUpdater: snapshotIndex: updateIncreasingly 127 -> 191
2024-09-29 22:58:09,244 [s0@group-5D7CDCE8B764-StateMachineUpdater] INFO  raftlog.RaftLog (RaftLogBase.java:purge(329)) - s0@group-5D7CDCE8B764-SegmentedRaftLog: purge 191
2024-09-29 22:58:09,245 [s0@group-5D7CDCE8B764-StateMachineUpdater] INFO  raftlog.RaftLog (RaftLogBase.java:lambda$new$0(57)) - s0@group-5D7CDCE8B764-SegmentedRaftLog: snapshotIndex: updateIncreasingly 127 -> 191
2024-09-29 22:58:09,245 [s0@group-5D7CDCE8B764-StateMachineUpdater] INFO  raftlog.RaftLog (RaftLogBase.java:lambda$new$0(57)) - s0@group-5D7CDCE8B764-SegmentedRaftLog: purgeIndex: updateToMax old=127, new=191, updated? true
2024-09-29 22:58:09,248 [s0@group-5D7CDCE8B764-StateMachineUpdater] INFO  impl.SimpleStateMachine4Testing (SimpleStateMachine4Testing.java:applyTransaction(251)) - applyTransaction for log index 193
2024-09-29 22:58:09,248 [s0@group-5D7CDCE8B764-StateMachineUpdater] INFO  impl.SimpleStateMachine4Testing (SimpleStateMachine4Testing.java:put(207)) - s0: put 193, m96 -> (t:1, i:193), STATEMACHINELOGENTRY, WRITE: logData.size=3, stateMachineData.size=17, logEntryProtoSerializedSize=0
2024-09-29 22:58:09,250 [s0@group-5D7CDCE8B764-StateMachineUpdater] INFO  impl.SimpleStateMachine4Testing (SimpleStateMachine4Testing.java:applyTransaction(251)) - applyTransaction for log index 195
2024-09-29 22:58:09,250 [s0@group-5D7CDCE8B764-StateMachineUpdater] INFO  impl.SimpleStateMachine4Testing (SimpleStateMachine4Testing.java:put(207)) - s0: put 195, m97 -> (t:1, i:195), STATEMACHINELOGENTRY, WRITE: logData.size=3, stateMachineData.size=17, logEntryProtoSerializedSize=0
2024-09-29 22:58:09,251 [s0@group-5D7CDCE8B764-StateMachineUpdater] INFO  impl.SimpleStateMachine4Testing (SimpleStateMachine4Testing.java:applyTransaction(251)) - applyTransaction for log index 197
2024-09-29 22:58:09,251 [s0@group-5D7CDCE8B764-StateMachineUpdater] INFO  impl.SimpleStateMachine4Testing (SimpleStateMachine4Testing.java:put(207)) - s0: put 197, m98 -> (t:1, i:197), STATEMACHINELOGENTRY, WRITE: logData.size=3, stateMachineData.size=17, logEntryProtoSerializedSize=0
2024-09-29 22:58:09,253 [s0@group-5D7CDCE8B764-StateMachineUpdater] INFO  impl.SimpleStateMachine4Testing (SimpleStateMachine4Testing.java:applyTransaction(251)) - applyTransaction for log index 199
2024-09-29 22:58:09,253 [s0@group-5D7CDCE8B764-StateMachineUpdater] INFO  impl.SimpleStateMachine4Testing (SimpleStateMachine4Testing.java:put(207)) - s0: put 199, m99 -> (t:1, i:199), STATEMACHINELOGENTRY, WRITE: logData.size=3, stateMachineData.size=17, logEntryProtoSerializedSize=0
2024-09-29 22:58:09,255 [s0@group-5D7CDCE8B764-StateMachineUpdater] INFO  impl.SimpleStateMachine4Testing (SimpleStateMachine4Testing.java:applyTransaction(251)) - applyTransaction for log index 201
2024-09-29 22:58:09,255 [s0@group-5D7CDCE8B764-StateMachineUpdater] INFO  impl.SimpleStateMachine4Testing (SimpleStateMachine4Testing.java:put(207)) - s0: put 201, m100 -> (t:1, i:201), STATEMACHINELOGENTRY, WRITE: logData.size=4, stateMachineData.size=17, logEntryProtoSerializedSize=0
2024-09-29 22:58:09,258 [s0@group-5D7CDCE8B764-StateMachineUpdater] INFO  impl.SimpleStateMachine4Testing (SimpleStateMachine4Testing.java:applyTransaction(251)) - applyTransaction for log index 203
2024-09-29 22:58:09,258 [s0@group-5D7CDCE8B764-StateMachineUpdater] INFO  impl.SimpleStateMachine4Testing (SimpleStateMachine4Testing.java:put(207)) - s0: put 203, m101 -> (t:1, i:203), STATEMACHINELOGENTRY, WRITE: logData.size=4, stateMachineData.size=17, logEntryProtoSerializedSize=0
2024-09-29 22:58:09,261 [s0@group-5D7CDCE8B764-StateMachineUpdater] INFO  impl.SimpleStateMachine4Testing (SimpleStateMachine4Testing.java:applyTransaction(251)) - applyTransaction for log index 205
2024-09-29 22:58:09,261 [s0@group-5D7CDCE8B764-StateMachineUpdater] INFO  impl.SimpleStateMachine4Testing (SimpleStateMachine4Testing.java:put(207)) - s0: put 205, m102 -> (t:1, i:205), STATEMACHINELOGENTRY, WRITE: logData.size=4, stateMachineData.size=17, logEntryProtoSerializedSize=0
2024-09-29 22:58:09,262 [s0@group-5D7CDCE8B764-StateMachineUpdater] INFO  impl.SimpleStateMachine4Testing (SimpleStateMachine4Testing.java:applyTransaction(251)) - applyTransaction for log index 207
2024-09-29 22:58:09,262 [s0@group-5D7CDCE8B764-StateMachineUpdater] INFO  impl.SimpleStateMachine4Testing (SimpleStateMachine4Testing.java:put(207)) - s0: put 207, m103 -> (t:1, i:207), STATEMACHINELOGENTRY, WRITE: logData.size=4, stateMachineData.size=17, logEntryProtoSerializedSize=0
2024-09-29 22:58:09,264 [s0@group-5D7CDCE8B764-StateMachineUpdater] INFO  impl.SimpleStateMachine4Testing (SimpleStateMachine4Testing.java:applyTransaction(251)) - applyTransaction for log index 209
2024-09-29 22:58:09,264 [s0@group-5D7CDCE8B764-StateMachineUpdater] INFO  impl.SimpleStateMachine4Testing (SimpleStateMachine4Testing.java:put(207)) - s0: put 209, m104 -> (t:1, i:209), STATEMACHINELOGENTRY, WRITE: logData.size=4, stateMachineData.size=17, logEntryProtoSerializedSize=0
2024-09-29 22:58:09,266 [s0@group-5D7CDCE8B764-StateMachineUpdater] INFO  impl.SimpleStateMachine4Testing (SimpleStateMachine4Testing.java:applyTransaction(251)) - applyTransaction for log index 211
2024-09-29 22:58:09,266 [s0@group-5D7CDCE8B764-StateMachineUpdater] INFO  impl.SimpleStateMachine4Testing (SimpleStateMachine4Testing.java:put(207)) - s0: put 211, m105 -> (t:1, i:211), STATEMACHINELOGENTRY, WRITE: logData.size=4, stateMachineData.size=17, logEntryProtoSerializedSize=0
2024-09-29 22:58:09,269 [s0@group-5D7CDCE8B764-StateMachineUpdater] INFO  impl.SimpleStateMachine4Testing (SimpleStateMachine4Testing.java:applyTransaction(251)) - applyTransaction for log index 213
2024-09-29 22:58:09,269 [s0@group-5D7CDCE8B764-StateMachineUpdater] INFO  impl.SimpleStateMachine4Testing (SimpleStateMachine4Testing.java:put(207)) - s0: put 213, m106 -> (t:1, i:213), STATEMACHINELOGENTRY, WRITE: logData.size=4, stateMachineData.size=17, logEntryProtoSerializedSize=0
2024-09-29 22:58:09,270 [s0@group-5D7CDCE8B764-StateMachineUpdater] INFO  impl.SimpleStateMachine4Testing (SimpleStateMachine4Testing.java:applyTransaction(251)) - applyTransaction for log index 215
2024-09-29 22:58:09,270 [s0@group-5D7CDCE8B764-StateMachineUpdater] INFO  impl.SimpleStateMachine4Testing (SimpleStateMachine4Testing.java:put(207)) - s0: put 215, m107 -> (t:1, i:215), STATEMACHINELOGENTRY, WRITE: logData.size=4, stateMachineData.size=17, logEntryProtoSerializedSize=0
2024-09-29 22:58:09,272 [s0@group-5D7CDCE8B764-StateMachineUpdater] INFO  impl.SimpleStateMachine4Testing (SimpleStateMachine4Testing.java:applyTransaction(251)) - applyTransaction for log index 217
2024-09-29 22:58:09,272 [s0@group-5D7CDCE8B764-StateMachineUpdater] INFO  impl.SimpleStateMachine4Testing (SimpleStateMachine4Testing.java:put(207)) - s0: put 217, m108 -> (t:1, i:217), STATEMACHINELOGENTRY, WRITE: logData.size=4, stateMachineData.size=17, logEntryProtoSerializedSize=0
2024-09-29 22:58:09,274 [s0@group-5D7CDCE8B764-StateMachineUpdater] INFO  impl.SimpleStateMachine4Testing (SimpleStateMachine4Testing.java:applyTransaction(251)) - applyTransaction for log index 219
2024-09-29 22:58:09,274 [s0@group-5D7CDCE8B764-StateMachineUpdater] INFO  impl.SimpleStateMachine4Testing (SimpleStateMachine4Testing.java:put(207)) - s0: put 219, m109 -> (t:1, i:219), STATEMACHINELOGENTRY, WRITE: logData.size=4, stateMachineData.size=17, logEntryProtoSerializedSize=0
2024-09-29 22:58:09,276 [s0@group-5D7CDCE8B764-StateMachineUpdater] INFO  impl.SimpleStateMachine4Testing (SimpleStateMachine4Testing.java:applyTransaction(251)) - applyTransaction for log index 221
2024-09-29 22:58:09,276 [s0@group-5D7CDCE8B764-StateMachineUpdater] INFO  impl.SimpleStateMachine4Testing (SimpleStateMachine4Testing.java:put(207)) - s0: put 221, m110 -> (t:1, i:221), STATEMACHINELOGENTRY, WRITE: logData.size=4, stateMachineData.size=17, logEntryProtoSerializedSize=0
2024-09-29 22:58:09,278 [s0@group-5D7CDCE8B764-StateMachineUpdater] INFO  impl.SimpleStateMachine4Testing (SimpleStateMachine4Testing.java:applyTransaction(251)) - applyTransaction for log index 223
2024-09-29 22:58:09,278 [s0@group-5D7CDCE8B764-StateMachineUpdater] INFO  impl.SimpleStateMachine4Testing (SimpleStateMachine4Testing.java:put(207)) - s0: put 223, m111 -> (t:1, i:223), STATEMACHINELOGENTRY, WRITE: logData.size=4, stateMachineData.size=17, logEntryProtoSerializedSize=0
2024-09-29 22:58:09,280 [s0@group-5D7CDCE8B764-StateMachineUpdater] INFO  impl.SimpleStateMachine4Testing (SimpleStateMachine4Testing.java:applyTransaction(251)) - applyTransaction for log index 225
2024-09-29 22:58:09,280 [s0@group-5D7CDCE8B764-StateMachineUpdater] INFO  impl.SimpleStateMachine4Testing (SimpleStateMachine4Testing.java:put(207)) - s0: put 225, m112 -> (t:1, i:225), STATEMACHINELOGENTRY, WRITE: logData.size=4, stateMachineData.size=17, logEntryProtoSerializedSize=0
2024-09-29 22:58:09,282 [s0@group-5D7CDCE8B764-StateMachineUpdater] INFO  impl.SimpleStateMachine4Testing (SimpleStateMachine4Testing.java:applyTransaction(251)) - applyTransaction for log index 227
2024-09-29 22:58:09,282 [s0@group-5D7CDCE8B764-StateMachineUpdater] INFO  impl.SimpleStateMachine4Testing (SimpleStateMachine4Testing.java:put(207)) - s0: put 227, m113 -> (t:1, i:227), STATEMACHINELOGENTRY, WRITE: logData.size=4, stateMachineData.size=17, logEntryProtoSerializedSize=0
2024-09-29 22:58:09,284 [s0@group-5D7CDCE8B764-StateMachineUpdater] INFO  impl.SimpleStateMachine4Testing (SimpleStateMachine4Testing.java:applyTransaction(251)) - applyTransaction for log index 229
2024-09-29 22:58:09,284 [s0@group-5D7CDCE8B764-StateMachineUpdater] INFO  impl.SimpleStateMachine4Testing (SimpleStateMachine4Testing.java:put(207)) - s0: put 229, m114 -> (t:1, i:229), STATEMACHINELOGENTRY, WRITE: logData.size=4, stateMachineData.size=17, logEntryProtoSerializedSize=0
2024-09-29 22:58:09,285 [s0@group-5D7CDCE8B764-StateMachineUpdater] INFO  impl.SimpleStateMachine4Testing (SimpleStateMachine4Testing.java:applyTransaction(251)) - applyTransaction for log index 231
2024-09-29 22:58:09,285 [s0@group-5D7CDCE8B764-StateMachineUpdater] INFO  impl.SimpleStateMachine4Testing (SimpleStateMachine4Testing.java:put(207)) - s0: put 231, m115 -> (t:1, i:231), STATEMACHINELOGENTRY, WRITE: logData.size=4, stateMachineData.size=17, logEntryProtoSerializedSize=0
2024-09-29 22:58:09,287 [s0@group-5D7CDCE8B764-StateMachineUpdater] INFO  impl.SimpleStateMachine4Testing (SimpleStateMachine4Testing.java:applyTransaction(251)) - applyTransaction for log index 233
2024-09-29 22:58:09,287 [s0@group-5D7CDCE8B764-StateMachineUpdater] INFO  impl.SimpleStateMachine4Testing (SimpleStateMachine4Testing.java:put(207)) - s0: put 233, m116 -> (t:1, i:233), STATEMACHINELOGENTRY, WRITE: logData.size=4, stateMachineData.size=17, logEntryProtoSerializedSize=0
2024-09-29 22:58:09,288 [s0@group-5D7CDCE8B764-StateMachineUpdater] INFO  impl.SimpleStateMachine4Testing (SimpleStateMachine4Testing.java:applyTransaction(251)) - applyTransaction for log index 235
2024-09-29 22:58:09,289 [s0@group-5D7CDCE8B764-StateMachineUpdater] INFO  impl.SimpleStateMachine4Testing (SimpleStateMachine4Testing.java:put(207)) - s0: put 235, m117 -> (t:1, i:235), STATEMACHINELOGENTRY, WRITE: logData.size=4, stateMachineData.size=17, logEntryProtoSerializedSize=0
2024-09-29 22:58:09,290 [s0@group-5D7CDCE8B764-StateMachineUpdater] INFO  impl.SimpleStateMachine4Testing (SimpleStateMachine4Testing.java:applyTransaction(251)) - applyTransaction for log index 237
2024-09-29 22:58:09,290 [s0@group-5D7CDCE8B764-StateMachineUpdater] INFO  impl.SimpleStateMachine4Testing (SimpleStateMachine4Testing.java:put(207)) - s0: put 237, m118 -> (t:1, i:237), STATEMACHINELOGENTRY, WRITE: logData.size=4, stateMachineData.size=17, logEntryProtoSerializedSize=0
2024-09-29 22:58:09,292 [s0@group-5D7CDCE8B764-StateMachineUpdater] INFO  impl.SimpleStateMachine4Testing (SimpleStateMachine4Testing.java:applyTransaction(251)) - applyTransaction for log index 239
2024-09-29 22:58:09,292 [s0@group-5D7CDCE8B764-StateMachineUpdater] INFO  impl.SimpleStateMachine4Testing (SimpleStateMachine4Testing.java:put(207)) - s0: put 239, m119 -> (t:1, i:239), STATEMACHINELOGENTRY, WRITE: logData.size=4, stateMachineData.size=17, logEntryProtoSerializedSize=0
2024-09-29 22:58:09,294 [s0@group-5D7CDCE8B764-StateMachineUpdater] INFO  impl.SimpleStateMachine4Testing (SimpleStateMachine4Testing.java:applyTransaction(251)) - applyTransaction for log index 241
2024-09-29 22:58:09,294 [s0@group-5D7CDCE8B764-StateMachineUpdater] INFO  impl.SimpleStateMachine4Testing (SimpleStateMachine4Testing.java:put(207)) - s0: put 241, m120 -> (t:1, i:241), STATEMACHINELOGENTRY, WRITE: logData.size=4, stateMachineData.size=17, logEntryProtoSerializedSize=0
2024-09-29 22:58:09,295 [s0@group-5D7CDCE8B764-StateMachineUpdater] INFO  impl.SimpleStateMachine4Testing (SimpleStateMachine4Testing.java:applyTransaction(251)) - applyTransaction for log index 243
2024-09-29 22:58:09,295 [s0@group-5D7CDCE8B764-StateMachineUpdater] INFO  impl.SimpleStateMachine4Testing (SimpleStateMachine4Testing.java:put(207)) - s0: put 243, m121 -> (t:1, i:243), STATEMACHINELOGENTRY, WRITE: logData.size=4, stateMachineData.size=17, logEntryProtoSerializedSize=0
2024-09-29 22:58:09,297 [s0@group-5D7CDCE8B764-StateMachineUpdater] INFO  impl.SimpleStateMachine4Testing (SimpleStateMachine4Testing.java:applyTransaction(251)) - applyTransaction for log index 245
2024-09-29 22:58:09,298 [s0@group-5D7CDCE8B764-StateMachineUpdater] INFO  impl.SimpleStateMachine4Testing (SimpleStateMachine4Testing.java:put(207)) - s0: put 245, m122 -> (t:1, i:245), STATEMACHINELOGENTRY, WRITE: logData.size=4, stateMachineData.size=17, logEntryProtoSerializedSize=0
2024-09-29 22:58:09,299 [s0@group-5D7CDCE8B764-StateMachineUpdater] INFO  impl.SimpleStateMachine4Testing (SimpleStateMachine4Testing.java:applyTransaction(251)) - applyTransaction for log index 247
2024-09-29 22:58:09,299 [s0@group-5D7CDCE8B764-StateMachineUpdater] INFO  impl.SimpleStateMachine4Testing (SimpleStateMachine4Testing.java:put(207)) - s0: put 247, m123 -> (t:1, i:247), STATEMACHINELOGENTRY, WRITE: logData.size=4, stateMachineData.size=17, logEntryProtoSerializedSize=0
2024-09-29 22:58:09,302 [s0@group-5D7CDCE8B764-StateMachineUpdater] INFO  impl.SimpleStateMachine4Testing (SimpleStateMachine4Testing.java:applyTransaction(251)) - applyTransaction for log index 249
2024-09-29 22:58:09,302 [s0@group-5D7CDCE8B764-StateMachineUpdater] INFO  impl.SimpleStateMachine4Testing (SimpleStateMachine4Testing.java:put(207)) - s0: put 249, m124 -> (t:1, i:249), STATEMACHINELOGENTRY, WRITE: logData.size=4, stateMachineData.size=17, logEntryProtoSerializedSize=0
2024-09-29 22:58:09,304 [s0@group-5D7CDCE8B764-StateMachineUpdater] INFO  impl.SimpleStateMachine4Testing (SimpleStateMachine4Testing.java:applyTransaction(251)) - applyTransaction for log index 251
2024-09-29 22:58:09,304 [s0@group-5D7CDCE8B764-StateMachineUpdater] INFO  impl.SimpleStateMachine4Testing (SimpleStateMachine4Testing.java:put(207)) - s0: put 251, m125 -> (t:1, i:251), STATEMACHINELOGENTRY, WRITE: logData.size=4, stateMachineData.size=17, logEntryProtoSerializedSize=0
2024-09-29 22:58:09,306 [s0@group-5D7CDCE8B764-StateMachineUpdater] INFO  impl.SimpleStateMachine4Testing (SimpleStateMachine4Testing.java:applyTransaction(251)) - applyTransaction for log index 253
2024-09-29 22:58:09,306 [s0@group-5D7CDCE8B764-StateMachineUpdater] INFO  impl.SimpleStateMachine4Testing (SimpleStateMachine4Testing.java:put(207)) - s0: put 253, m126 -> (t:1, i:253), STATEMACHINELOGENTRY, WRITE: logData.size=4, stateMachineData.size=17, logEntryProtoSerializedSize=0
2024-09-29 22:58:09,313 [s0-server-thread1] INFO  server.RaftServer$Division (RaftServerImpl.java:takeSnapshotAsync(1259)) - s0@group-5D7CDCE8B764: takeSnapshotAsync SnapshotManagementRequest:client-1F4D7E449C58->s0@group-5D7CDCE8B764, cid=654, seq=null, RO, null, Create:
2024-09-29 22:58:09,313 [s0-server-thread1] INFO  server.RaftServerConfigKeys (ConfUtils.java:logGet(46)) - raft.server.snapshot.creation.gap = 1024 (default)
2024-09-29 22:58:09,315 [main] INFO  impl.MiniRaftCluster (MiniRaftCluster.java:addNewPeers(468)) - Add new peers [s1, s2]
2024-09-29 22:58:09,316 [main] INFO  impl.MiniRaftCluster (MiniRaftCluster.java:newRaftServer(386)) - newRaftServer: s1, group-5D7CDCE8B764:[], format? true
2024-09-29 22:58:09,316 [main] TRACE util.FileUtils (FileUtils.java:deleteFully(305)) - deleteFully target/test/data/f7ba0e94/MiniRaftClusterWithGrpc3557aa5c/s1
2024-09-29 22:58:09,316 [main] TRACE util.FileUtils (FileUtils.java:deleteFully(318)) - deleteFully: target/test/data/f7ba0e94/MiniRaftClusterWithGrpc3557aa5c/s1 does not exist.
2024-09-29 22:58:09,316 [main] INFO  impl.MiniRaftCluster (MiniRaftCluster.java:newRaftServer(391)) - Formatted directory target/test/data/f7ba0e94/MiniRaftClusterWithGrpc3557aa5c/s1
2024-09-29 22:58:09,317 [main] INFO  server.RaftServer (ConfUtils.java:logGet(46)) - raft.rpc.type = GRPC (default)
2024-09-29 22:58:09,317 [main] INFO  grpc.GrpcConfigKeys (ConfUtils.java:logFallback(53)) - raft.grpc.admin.host = null (fallback to raft.grpc.server.host)
2024-09-29 22:58:09,317 [main] INFO  grpc.GrpcConfigKeys (ConfUtils.java:logFallback(53)) - raft.grpc.admin.port = 15044 (fallback to raft.grpc.server.port)
2024-09-29 22:58:09,318 [main] INFO  grpc.GrpcConfigKeys (ConfUtils.java:logFallback(53)) - raft.grpc.client.host = null (fallback to raft.grpc.server.host)
2024-09-29 22:58:09,318 [main] INFO  grpc.GrpcConfigKeys (ConfUtils.java:logFallback(53)) - raft.grpc.client.port = 15044 (fallback to raft.grpc.server.port)
2024-09-29 22:58:09,318 [main] INFO  grpc.GrpcConfigKeys (ConfUtils.java:logGet(46)) - raft.grpc.server.host = null (default)
2024-09-29 22:58:09,318 [main] INFO  grpc.GrpcConfigKeys (ConfUtils.java:logGet(46)) - raft.grpc.server.port = 15044 (custom)
2024-09-29 22:58:09,319 [main] INFO  server.GrpcService (ConfUtils.java:logGet(46)) - raft.grpc.message.size.max = 64MB (=67108864) (default)
2024-09-29 22:58:09,319 [main] INFO  server.GrpcService (ConfUtils.java:logGet(46)) - raft.grpc.flow.control.window = 1MB (=1048576) (default)
2024-09-29 22:58:09,319 [main] INFO  server.RaftServerConfigKeys (ConfUtils.java:logGet(46)) - raft.server.rpc.request.timeout = 3000ms (default)
2024-09-29 22:58:09,319 [main] INFO  grpc.GrpcConfigKeys (ConfUtils.java:logGet(46)) - raft.grpc.server.heartbeat.channel = false (custom)
2024-09-29 22:58:09,320 [main] INFO  grpc.GrpcConfigKeys (ConfUtils.java:logGet(46)) - raft.grpc.server.zerocopy.enabled = true (custom)
2024-09-29 22:58:09,320 [main] INFO  server.RaftServerConfigKeys (ConfUtils.java:logGet(46)) - raft.server.log.appender.buffer.byte-limit = 4MB (=4194304) (default)
2024-09-29 22:58:09,320 [main] INFO  grpc.GrpcConfigKeys (ConfUtils.java:logGet(46)) - raft.grpc.server.async.request.thread.pool.cached = true (default)
2024-09-29 22:58:09,320 [main] INFO  grpc.GrpcConfigKeys (ConfUtils.java:logGet(46)) - raft.grpc.server.async.request.thread.pool.size = 32 (default)
2024-09-29 22:58:09,321 [main] INFO  impl.DataStreamServerImpl (ConfUtils.java:logGet(46)) - raft.datastream.type = DISABLED (default)
2024-09-29 22:58:09,322 [main] INFO  server.RaftServerConfigKeys (ConfUtils.java:logGet(46)) - raft.server.sleep.deviation.threshold = 300ms (default)
2024-09-29 22:58:09,322 [main] INFO  server.RaftServerConfigKeys (ConfUtils.java:logGet(46)) - raft.server.close.threshold = 60s (default)
2024-09-29 22:58:09,322 [main] INFO  server.RaftServerConfigKeys (ConfUtils.java:logGet(46)) - raft.server.leaderelection.leader.step-down.wait-time = 10s (default)
2024-09-29 22:58:09,322 [main] INFO  server.RaftServerConfigKeys (ConfUtils.java:logGet(46)) - raft.server.storage.dir = [/home/runner/work/ratis/ratis/ratis-test/target/test/data/f7ba0e94/MiniRaftClusterWithGrpc3557aa5c/s1] (custom)
2024-09-29 22:58:09,323 [main] INFO  server.RaftServerConfigKeys (ConfUtils.java:logGet(46)) - raft.server.threadpool.proxy.cached = true (default)
2024-09-29 22:58:09,323 [main] INFO  server.RaftServerConfigKeys (ConfUtils.java:logGet(46)) - raft.server.threadpool.proxy.size = 0 (default)
2024-09-29 22:58:09,325 [main] INFO  server.RaftServer (RaftServerProxy.java:addNew(101)) - s1: addNew group-5D7CDCE8B764:[] returns group-5D7CDCE8B764:java.util.concurrent.CompletableFuture@43a9988a[Not completed]
2024-09-29 22:58:09,325 [main] INFO  impl.MiniRaftCluster (MiniRaftCluster.java:newRaftServer(386)) - newRaftServer: s2, group-5D7CDCE8B764:[], format? true
2024-09-29 22:58:09,325 [main] TRACE util.FileUtils (FileUtils.java:deleteFully(305)) - deleteFully target/test/data/f7ba0e94/MiniRaftClusterWithGrpc3557aa5c/s2
2024-09-29 22:58:09,325 [main] TRACE util.FileUtils (FileUtils.java:deleteFully(318)) - deleteFully: target/test/data/f7ba0e94/MiniRaftClusterWithGrpc3557aa5c/s2 does not exist.
2024-09-29 22:58:09,325 [main] INFO  impl.MiniRaftCluster (MiniRaftCluster.java:newRaftServer(391)) - Formatted directory target/test/data/f7ba0e94/MiniRaftClusterWithGrpc3557aa5c/s2
2024-09-29 22:58:09,326 [main] INFO  server.RaftServer (ConfUtils.java:logGet(46)) - raft.rpc.type = GRPC (default)
2024-09-29 22:58:09,326 [main] INFO  grpc.GrpcConfigKeys (ConfUtils.java:logFallback(53)) - raft.grpc.admin.host = null (fallback to raft.grpc.server.host)
2024-09-29 22:58:09,326 [main] INFO  grpc.GrpcConfigKeys (ConfUtils.java:logFallback(53)) - raft.grpc.admin.port = 15045 (fallback to raft.grpc.server.port)
2024-09-29 22:58:09,326 [main] INFO  grpc.GrpcConfigKeys (ConfUtils.java:logFallback(53)) - raft.grpc.client.host = null (fallback to raft.grpc.server.host)
2024-09-29 22:58:09,326 [main] INFO  grpc.GrpcConfigKeys (ConfUtils.java:logFallback(53)) - raft.grpc.client.port = 15045 (fallback to raft.grpc.server.port)
2024-09-29 22:58:09,326 [main] INFO  grpc.GrpcConfigKeys (ConfUtils.java:logGet(46)) - raft.grpc.server.host = null (default)
2024-09-29 22:58:09,327 [main] INFO  grpc.GrpcConfigKeys (ConfUtils.java:logGet(46)) - raft.grpc.server.port = 15045 (custom)
2024-09-29 22:58:09,327 [main] INFO  server.GrpcService (ConfUtils.java:logGet(46)) - raft.grpc.message.size.max = 64MB (=67108864) (default)
2024-09-29 22:58:09,327 [main] INFO  server.GrpcService (ConfUtils.java:logGet(46)) - raft.grpc.flow.control.window = 1MB (=1048576) (default)
2024-09-29 22:58:09,327 [main] INFO  server.RaftServerConfigKeys (ConfUtils.java:logGet(46)) - raft.server.rpc.request.timeout = 3000ms (default)
2024-09-29 22:58:09,327 [main] INFO  grpc.GrpcConfigKeys (ConfUtils.java:logGet(46)) - raft.grpc.server.heartbeat.channel = false (custom)
2024-09-29 22:58:09,327 [main] INFO  grpc.GrpcConfigKeys (ConfUtils.java:logGet(46)) - raft.grpc.server.zerocopy.enabled = true (custom)
2024-09-29 22:58:09,327 [main] INFO  server.RaftServerConfigKeys (ConfUtils.java:logGet(46)) - raft.server.log.appender.buffer.byte-limit = 4MB (=4194304) (default)
2024-09-29 22:58:09,327 [main] INFO  grpc.GrpcConfigKeys (ConfUtils.java:logGet(46)) - raft.grpc.server.async.request.thread.pool.cached = true (default)
2024-09-29 22:58:09,328 [main] INFO  grpc.GrpcConfigKeys (ConfUtils.java:logGet(46)) - raft.grpc.server.async.request.thread.pool.size = 32 (default)
2024-09-29 22:58:09,328 [main] INFO  impl.DataStreamServerImpl (ConfUtils.java:logGet(46)) - raft.datastream.type = DISABLED (default)
2024-09-29 22:58:09,328 [main] INFO  server.RaftServerConfigKeys (ConfUtils.java:logGet(46)) - raft.server.sleep.deviation.threshold = 300ms (default)
2024-09-29 22:58:09,329 [main] INFO  server.RaftServerConfigKeys (ConfUtils.java:logGet(46)) - raft.server.close.threshold = 60s (default)
2024-09-29 22:58:09,329 [main] INFO  server.RaftServerConfigKeys (ConfUtils.java:logGet(46)) - raft.server.leaderelection.leader.step-down.wait-time = 10s (default)
2024-09-29 22:58:09,325 [s1-groupManagement] INFO  server.RaftServerConfigKeys (ConfUtils.java:logGet(46)) - raft.server.log.segment.size.max = 32MB (=33554432) (default)
2024-09-29 22:58:09,329 [s1-groupManagement] INFO  server.RaftServerConfigKeys (ConfUtils.java:logGet(46)) - raft.server.log.preallocated.size = 4MB (=4194304) (default)
2024-09-29 22:58:09,329 [s1-groupManagement] INFO  server.RaftServerConfigKeys (ConfUtils.java:logGet(46)) - raft.server.log.write.buffer.size = 8MB (=8388608) (default)
2024-09-29 22:58:09,329 [s1-groupManagement] INFO  server.RaftServer$Division (RaftServerImpl.java:<init>(255)) - s1: new RaftServerImpl for group-5D7CDCE8B764:[] with StateMachineWithSeparatedSnapshotPath:uninitialized
2024-09-29 22:58:09,329 [s1-groupManagement] INFO  server.RaftServerConfigKeys (ConfUtils.java:logGet(46)) - raft.server.rpc.timeout.min = 150ms (default)
2024-09-29 22:58:09,330 [s1-groupManagement] INFO  server.RaftServerConfigKeys (ConfUtils.java:logGet(46)) - raft.server.rpc.timeout.max = 300ms (default)
2024-09-29 22:58:09,330 [s1-groupManagement] INFO  server.RaftServerConfigKeys (ConfUtils.java:logGet(46)) - raft.server.rpc.sleep.time = 25ms (default)
2024-09-29 22:58:09,330 [s1-groupManagement] INFO  server.RaftServerConfigKeys (ConfUtils.java:logGet(46)) - raft.server.rpc.slowness.timeout = 60s (default)
2024-09-29 22:58:09,330 [s1-groupManagement] INFO  server.RaftServerConfigKeys (ConfUtils.java:logGet(46)) - raft.server.leaderelection.leader.step-down.wait-time = 10s (default)
2024-09-29 22:58:09,330 [s1-groupManagement] INFO  server.RaftServerConfigKeys (ConfUtils.java:logGet(46)) - raft.server.leaderelection.member.majority-add = true (custom)
2024-09-29 22:58:09,330 [s1-groupManagement] INFO  server.RaftServerConfigKeys (ConfUtils.java:logGet(46)) - raft.server.sleep.deviation.threshold = 300ms (default)
2024-09-29 22:58:09,330 [s1-groupManagement] INFO  server.RaftServer$Division (ServerState.java:<init>(114)) - s1@group-5D7CDCE8B764: ConfigurationManager, init=conf: {index: -1, cur=peers:[]|listeners:[], old=null}, confs=<EMPTY_MAP>
2024-09-29 22:58:09,330 [s1-groupManagement] INFO  server.RaftServerConfigKeys (ConfUtils.java:logGet(46)) - raft.server.notification.no-leader.timeout = 60s (default)
2024-09-29 22:58:09,330 [s1-groupManagement] INFO  server.RaftServerConfigKeys (ConfUtils.java:logGet(46)) - raft.server.read.timeout = 10s (default)
2024-09-29 22:58:09,330 [main] INFO  server.RaftServerConfigKeys (ConfUtils.java:logGet(46)) - raft.server.storage.dir = [/home/runner/work/ratis/ratis/ratis-test/target/test/data/f7ba0e94/MiniRaftClusterWithGrpc3557aa5c/s2] (custom)
2024-09-29 22:58:09,330 [s1-groupManagement] INFO  server.RaftServerConfigKeys (ConfUtils.java:logGet(46)) - raft.server.retrycache.expirytime = 60s (default)
2024-09-29 22:58:09,330 [s1-groupManagement] INFO  server.RaftServerConfigKeys (ConfUtils.java:logGet(46)) - raft.server.retrycache.statistics.expirytime = 100ms (default)
2024-09-29 22:58:09,330 [main] INFO  server.RaftServerConfigKeys (ConfUtils.java:logGet(46)) - raft.server.threadpool.proxy.cached = true (default)
2024-09-29 22:58:09,330 [s1-groupManagement] INFO  server.RaftServerConfigKeys (ConfUtils.java:logGet(46)) - raft.server.read.option = DEFAULT (default)
2024-09-29 22:58:09,331 [main] INFO  server.RaftServerConfigKeys (ConfUtils.java:logGet(46)) - raft.server.threadpool.proxy.size = 0 (default)
2024-09-29 22:58:09,331 [s1-groupManagement] INFO  server.RaftServerConfigKeys (ConfUtils.java:logGet(46)) - raft.server.read.read-after-write-consistent.write-index-cache.expiry-time = 60s (default)
2024-09-29 22:58:09,331 [s1-groupManagement] INFO  server.RaftServerConfigKeys (ConfUtils.java:logGet(46)) - raft.server.rpc.request.timeout = 3000ms (default)
2024-09-29 22:58:09,332 [s1-groupManagement] INFO  server.RaftServerConfigKeys (ConfUtils.java:logGet(46)) - raft.server.log.appender.install.snapshot.enabled = true (default)
2024-09-29 22:58:09,332 [s1-groupManagement] INFO  server.RaftServerConfigKeys (ConfUtils.java:logGet(46)) - raft.server.threadpool.server.cached = true (default)
2024-09-29 22:58:09,332 [s1-groupManagement] INFO  server.RaftServerConfigKeys (ConfUtils.java:logGet(46)) - raft.server.threadpool.server.size = 0 (default)
2024-09-29 22:58:09,332 [s1-groupManagement] INFO  server.RaftServerConfigKeys (ConfUtils.java:logGet(46)) - raft.server.threadpool.client.cached = true (default)
2024-09-29 22:58:09,332 [s1-groupManagement] INFO  server.RaftServerConfigKeys (ConfUtils.java:logGet(46)) - raft.server.threadpool.client.size = 0 (default)
2024-09-29 22:58:09,332 [main] INFO  server.RaftServer (RaftServerProxy.java:addNew(101)) - s2: addNew group-5D7CDCE8B764:[] returns group-5D7CDCE8B764:java.util.concurrent.CompletableFuture@54dc163a[Not completed]
2024-09-29 22:58:09,332 [s2-groupManagement] INFO  server.RaftServerConfigKeys (ConfUtils.java:logGet(46)) - raft.server.log.segment.size.max = 32MB (=33554432) (default)
2024-09-29 22:58:09,332 [s1-impl-thread1] INFO  server.RaftServerConfigKeys (ConfUtils.java:logGet(46)) - raft.server.storage.free-space.min = 0MB (=0) (default)
2024-09-29 22:58:09,333 [s1-impl-thread1] INFO  server.RaftServerConfigKeys (ConfUtils.java:logGet(46)) - raft.server.log.corruption.policy = EXCEPTION (default)
2024-09-29 22:58:09,333 [s1-impl-thread1] INFO  server.RaftServerConfigKeys (ConfUtils.java:logGet(46)) - raft.server.storage.dir = [/home/runner/work/ratis/ratis/ratis-test/target/test/data/f7ba0e94/MiniRaftClusterWithGrpc3557aa5c/s1] (custom)
2024-09-29 22:58:09,333 [s1-impl-thread1] INFO  storage.RaftStorageDirectory (RaftStorageDirectoryImpl.java:analyzeStorage(138)) - The storage directory /home/runner/work/ratis/ratis/ratis-test/target/test/data/f7ba0e94/MiniRaftClusterWithGrpc3557aa5c/s1/ba0d2700-dcb2-49e7-a72b-5d7cdce8b764 does not exist. Creating ...
2024-09-29 22:58:09,333 [s1-impl-thread1] TRACE util.FileUtils (LogUtils.java:runAndLog(49)) - Successfully ran Files.createDirectories /home/runner/work/ratis/ratis/ratis-test/target/test/data/f7ba0e94/MiniRaftClusterWithGrpc3557aa5c/s1/ba0d2700-dcb2-49e7-a72b-5d7cdce8b764
2024-09-29 22:58:09,334 [s2-groupManagement] INFO  server.RaftServerConfigKeys (ConfUtils.java:logGet(46)) - raft.server.log.preallocated.size = 4MB (=4194304) (default)
2024-09-29 22:58:09,334 [s2-groupManagement] INFO  server.RaftServerConfigKeys (ConfUtils.java:logGet(46)) - raft.server.log.write.buffer.size = 8MB (=8388608) (default)
2024-09-29 22:58:09,334 [s2-groupManagement] INFO  server.RaftServer$Division (RaftServerImpl.java:<init>(255)) - s2: new RaftServerImpl for group-5D7CDCE8B764:[] with StateMachineWithSeparatedSnapshotPath:uninitialized
2024-09-29 22:58:09,334 [s2-groupManagement] INFO  server.RaftServerConfigKeys (ConfUtils.java:logGet(46)) - raft.server.rpc.timeout.min = 150ms (default)
2024-09-29 22:58:09,334 [s2-groupManagement] INFO  server.RaftServerConfigKeys (ConfUtils.java:logGet(46)) - raft.server.rpc.timeout.max = 300ms (default)
2024-09-29 22:58:09,334 [s2-groupManagement] INFO  server.RaftServerConfigKeys (ConfUtils.java:logGet(46)) - raft.server.rpc.sleep.time = 25ms (default)
2024-09-29 22:58:09,334 [s2-groupManagement] INFO  server.RaftServerConfigKeys (ConfUtils.java:logGet(46)) - raft.server.rpc.slowness.timeout = 60s (default)
2024-09-29 22:58:09,334 [s2-groupManagement] INFO  server.RaftServerConfigKeys (ConfUtils.java:logGet(46)) - raft.server.leaderelection.leader.step-down.wait-time = 10s (default)
2024-09-29 22:58:09,335 [s1-impl-thread1] INFO  storage.RaftStorageDirectory (RaftStorageDirectoryImpl.java:tryLock(229)) - Lock on /home/runner/work/ratis/ratis/ratis-test/target/test/data/f7ba0e94/MiniRaftClusterWithGrpc3557aa5c/s1/ba0d2700-dcb2-49e7-a72b-5d7cdce8b764/in_use.lock acquired by nodename 27829@fv-az737-927
2024-09-29 22:58:09,335 [s1-impl-thread1] TRACE util.FileUtils (LogUtils.java:runAndLog(49)) - Successfully ran Files.createDirectories /home/runner/work/ratis/ratis/ratis-test/target/test/data/f7ba0e94/MiniRaftClusterWithGrpc3557aa5c/s1/ba0d2700-dcb2-49e7-a72b-5d7cdce8b764/current
2024-09-29 22:58:09,335 [s1-impl-thread1] TRACE util.FileUtils (LogUtils.java:runAndLog(49)) - Successfully ran Files.createDirectories /home/runner/work/ratis/ratis/ratis-test/target/test/data/f7ba0e94/MiniRaftClusterWithGrpc3557aa5c/s1/ba0d2700-dcb2-49e7-a72b-5d7cdce8b764/sm
2024-09-29 22:58:09,335 [s1-impl-thread1] TRACE util.FileUtils (LogUtils.java:supplyAndLog(69)) - Successfully supplied FileChannel.open /home/runner/work/ratis/ratis/ratis-test/target/test/data/f7ba0e94/MiniRaftClusterWithGrpc3557aa5c/s1/ba0d2700-dcb2-49e7-a72b-5d7cdce8b764/current/raft-meta.tmp with options [CREATE, WRITE]: sun.nio.ch.FileChannelImpl@25bd7d17
2024-09-29 22:58:09,335 [s2-groupManagement] INFO  server.RaftServerConfigKeys (ConfUtils.java:logGet(46)) - raft.server.leaderelection.member.majority-add = true (custom)
2024-09-29 22:58:09,336 [s2-groupManagement] INFO  server.RaftServerConfigKeys (ConfUtils.java:logGet(46)) - raft.server.sleep.deviation.threshold = 300ms (default)
2024-09-29 22:58:09,336 [s2-groupManagement] INFO  server.RaftServer$Division (ServerState.java:<init>(114)) - s2@group-5D7CDCE8B764: ConfigurationManager, init=conf: {index: -1, cur=peers:[]|listeners:[], old=null}, confs=<EMPTY_MAP>
2024-09-29 22:58:09,336 [s2-groupManagement] INFO  server.RaftServerConfigKeys (ConfUtils.java:logGet(46)) - raft.server.notification.no-leader.timeout = 60s (default)
2024-09-29 22:58:09,336 [s1-impl-thread1] TRACE util.FileUtils (LogUtils.java:runAndLog(49)) - Successfully ran Atomic Files.move /home/runner/work/ratis/ratis/ratis-test/target/test/data/f7ba0e94/MiniRaftClusterWithGrpc3557aa5c/s1/ba0d2700-dcb2-49e7-a72b-5d7cdce8b764/current/raft-meta.tmp to /home/runner/work/ratis/ratis/ratis-test/target/test/data/f7ba0e94/MiniRaftClusterWithGrpc3557aa5c/s1/ba0d2700-dcb2-49e7-a72b-5d7cdce8b764/current/raft-meta with options [REPLACE_EXISTING]
2024-09-29 22:58:09,336 [s1-impl-thread1] INFO  storage.RaftStorage (RaftStorageImpl.java:format(98)) - Storage directory /home/runner/work/ratis/ratis/ratis-test/target/test/data/f7ba0e94/MiniRaftClusterWithGrpc3557aa5c/s1/ba0d2700-dcb2-49e7-a72b-5d7cdce8b764 has been successfully formatted.
2024-09-29 22:58:09,336 [s1-impl-thread1] INFO  impl.SimpleStateMachine4Testing (SimpleStateMachine4Testing.java:initialize(215)) - Initializing StateMachineWithSeparatedSnapshotPath:uninitialized
2024-09-29 22:58:09,336 [s1-impl-thread1] INFO  impl.SimpleStateMachine4Testing (SimpleStateMachine4Testing.java:loadSnapshot(300)) - Loading snapshot null
2024-09-29 22:58:09,336 [s1-impl-thread1] TRACE util.FileUtils (FileUtils.java:deleteFully(305)) - deleteFully /tmp/ratis-tests/statemachine/s1
2024-09-29 22:58:09,337 [s2-groupManagement] INFO  server.RaftServerConfigKeys (ConfUtils.java:logGet(46)) - raft.server.read.timeout = 10s (default)
2024-09-29 22:58:09,337 [s2-groupManagement] INFO  server.RaftServerConfigKeys (ConfUtils.java:logGet(46)) - raft.server.retrycache.expirytime = 60s (default)
2024-09-29 22:58:09,337 [s2-groupManagement] INFO  server.RaftServerConfigKeys (ConfUtils.java:logGet(46)) - raft.server.retrycache.statistics.expirytime = 100ms (default)
2024-09-29 22:58:09,337 [s1-impl-thread1] TRACE util.FileUtils (LogUtils.java:runAndLog(49)) - Successfully ran Files.delete /tmp/ratis-tests/statemachine/s1/snapshot/1_161/vegetable
2024-09-29 22:58:09,337 [s2-groupManagement] INFO  server.RaftServerConfigKeys (ConfUtils.java:logGet(46)) - raft.server.read.option = DEFAULT (default)
2024-09-29 22:58:09,337 [s1-impl-thread1] TRACE util.FileUtils (LogUtils.java:runAndLog(49)) - Successfully ran Files.delete /tmp/ratis-tests/statemachine/s1/snapshot/1_161/loves
2024-09-29 22:58:09,337 [s2-groupManagement] INFO  server.RaftServerConfigKeys (ConfUtils.java:logGet(46)) - raft.server.read.read-after-write-consistent.write-index-cache.expiry-time = 60s (default)
2024-09-29 22:58:09,337 [s1-impl-thread1] TRACE util.FileUtils (LogUtils.java:runAndLog(49)) - Successfully ran Files.delete /tmp/ratis-tests/statemachine/s1/snapshot/1_161/deer
2024-09-29 22:58:09,337 [s1-impl-thread1] TRACE util.FileUtils (LogUtils.java:runAndLog(49)) - Successfully ran Files.delete /tmp/ratis-tests/statemachine/s1/snapshot/1_161
2024-09-29 22:58:09,337 [s1-impl-thread1] TRACE util.FileUtils (LogUtils.java:runAndLog(49)) - Successfully ran Files.delete /tmp/ratis-tests/statemachine/s1/snapshot/1_225/vegetable
2024-09-29 22:58:09,337 [s1-impl-thread1] TRACE util.FileUtils (LogUtils.java:runAndLog(49)) - Successfully ran Files.delete /tmp/ratis-tests/statemachine/s1/snapshot/1_225/loves
2024-09-29 22:58:09,337 [s1-impl-thread1] TRACE util.FileUtils (LogUtils.java:runAndLog(49)) - Successfully ran Files.delete /tmp/ratis-tests/statemachine/s1/snapshot/1_225/deer
2024-09-29 22:58:09,338 [s1-impl-thread1] TRACE util.FileUtils (LogUtils.java:runAndLog(49)) - Successfully ran Files.delete /tmp/ratis-tests/statemachine/s1/snapshot/1_225
2024-09-29 22:58:09,338 [s2-groupManagement] INFO  server.RaftServerConfigKeys (ConfUtils.java:logGet(46)) - raft.server.rpc.request.timeout = 3000ms (default)
2024-09-29 22:58:09,338 [s1-impl-thread1] TRACE util.FileUtils (LogUtils.java:runAndLog(49)) - Successfully ran Files.delete /tmp/ratis-tests/statemachine/s1/snapshot/1_97/vegetable
2024-09-29 22:58:09,338 [s2-groupManagement] INFO  server.RaftServerConfigKeys (ConfUtils.java:logGet(46)) - raft.server.log.appender.install.snapshot.enabled = true (default)
2024-09-29 22:58:09,338 [s2-groupManagement] INFO  server.RaftServerConfigKeys (ConfUtils.java:logGet(46)) - raft.server.threadpool.server.cached = true (default)
2024-09-29 22:58:09,338 [s2-groupManagement] INFO  server.RaftServerConfigKeys (ConfUtils.java:logGet(46)) - raft.server.threadpool.server.size = 0 (default)
2024-09-29 22:58:09,338 [s1-impl-thread1] TRACE util.FileUtils (LogUtils.java:runAndLog(49)) - Successfully ran Files.delete /tmp/ratis-tests/statemachine/s1/snapshot/1_97/loves
2024-09-29 22:58:09,338 [s2-groupManagement] INFO  server.RaftServerConfigKeys (ConfUtils.java:logGet(46)) - raft.server.threadpool.client.cached = true (default)
2024-09-29 22:58:09,338 [s1-impl-thread1] TRACE util.FileUtils (LogUtils.java:runAndLog(49)) - Successfully ran Files.delete /tmp/ratis-tests/statemachine/s1/snapshot/1_97/deer
2024-09-29 22:58:09,338 [s2-groupManagement] INFO  server.RaftServerConfigKeys (ConfUtils.java:logGet(46)) - raft.server.threadpool.client.size = 0 (default)
2024-09-29 22:58:09,338 [s1-impl-thread1] TRACE util.FileUtils (LogUtils.java:runAndLog(49)) - Successfully ran Files.delete /tmp/ratis-tests/statemachine/s1/snapshot/1_97
2024-09-29 22:58:09,338 [s1-impl-thread1] TRACE util.FileUtils (LogUtils.java:runAndLog(49)) - Successfully ran Files.delete /tmp/ratis-tests/statemachine/s1/snapshot/2_263/vegetable
2024-09-29 22:58:09,338 [s1-impl-thread1] TRACE util.FileUtils (LogUtils.java:runAndLog(49)) - Successfully ran Files.delete /tmp/ratis-tests/statemachine/s1/snapshot/2_263/loves
2024-09-29 22:58:09,338 [s1-impl-thread1] TRACE util.FileUtils (LogUtils.java:runAndLog(49)) - Successfully ran Files.delete /tmp/ratis-tests/statemachine/s1/snapshot/2_263/deer
2024-09-29 22:58:09,339 [s1-impl-thread1] TRACE util.FileUtils (LogUtils.java:runAndLog(49)) - Successfully ran Files.delete /tmp/ratis-tests/statemachine/s1/snapshot/2_263
2024-09-29 22:58:09,339 [s1-impl-thread1] TRACE util.FileUtils (LogUtils.java:runAndLog(49)) - Successfully ran Files.delete /tmp/ratis-tests/statemachine/s1/snapshot
2024-09-29 22:58:09,339 [s1-impl-thread1] TRACE util.FileUtils (LogUtils.java:runAndLog(49)) - Successfully ran Files.delete /tmp/ratis-tests/statemachine/s1/tmp
2024-09-29 22:58:09,339 [s1-impl-thread1] TRACE util.FileUtils (LogUtils.java:runAndLog(49)) - Successfully ran Files.delete /tmp/ratis-tests/statemachine/s1
2024-09-29 22:58:09,339 [s1-impl-thread1] INFO  server.RaftServerConfigKeys (ConfUtils.java:logGet(46)) - raft.server.log.use.memory = false (default)
2024-09-29 22:58:09,339 [s1-impl-thread1] INFO  server.RaftServerConfigKeys (ConfUtils.java:logGet(46)) - raft.server.log.purge.gap = 8 (custom)
2024-09-29 22:58:09,339 [s1-impl-thread1] INFO  server.RaftServerConfigKeys (ConfUtils.java:logGet(46)) - raft.server.log.appender.buffer.byte-limit = 4MB (=4194304) (default)
2024-09-29 22:58:09,339 [s1-impl-thread1] INFO  server.RaftServerConfigKeys (ConfUtils.java:logGet(46)) - raft.server.log.statemachine.data.read.timeout = 1000ms (default)
2024-09-29 22:58:09,339 [s1-impl-thread1] INFO  server.RaftServerConfigKeys (ConfUtils.java:logGet(46)) - raft.server.log.purge.preservation.log.num = 0 (default)
2024-09-29 22:58:09,340 [s1-impl-thread1] INFO  server.RaftServerConfigKeys (ConfUtils.java:logGet(46)) - raft.server.log.segment.size.max = 32MB (=33554432) (default)
2024-09-29 22:58:09,340 [s1-impl-thread1] INFO  server.RaftServerConfigKeys (ConfUtils.java:logGet(46)) - raft.server.log.segment.cache.num.max = 6 (default)
2024-09-29 22:58:09,340 [s1-impl-thread1] INFO  server.RaftServerConfigKeys (ConfUtils.java:logGet(46)) - raft.server.log.segment.cache.size.max = 200MB (=209715200) (default)
2024-09-29 22:58:09,340 [s1-impl-thread1] INFO  server.RaftServerConfigKeys (ConfUtils.java:logGet(46)) - raft.server.log.appender.buffer.byte-limit = 4MB (=4194304) (default)
2024-09-29 22:58:09,340 [s1-impl-thread1] INFO  util.AwaitToRun (AwaitToRun.java:start(81)) - Thread[s1@group-5D7CDCE8B764-cacheEviction-AwaitToRun,5,main] started
2024-09-29 22:58:09,340 [s1-impl-thread1] INFO  segmented.SegmentedRaftLogWorker (SegmentedRaftLogWorker.java:<init>(187)) - new s1@group-5D7CDCE8B764-SegmentedRaftLogWorker for RaftStorageImpl:Storage Directory /home/runner/work/ratis/ratis/ratis-test/target/test/data/f7ba0e94/MiniRaftClusterWithGrpc3557aa5c/s1/ba0d2700-dcb2-49e7-a72b-5d7cdce8b764
2024-09-29 22:58:09,340 [s1-impl-thread1] INFO  server.RaftServerConfigKeys (ConfUtils.java:logGet(46)) - raft.server.log.queue.byte-limit = 64MB (=67108864) (default)
2024-09-29 22:58:09,340 [s1-impl-thread1] INFO  server.RaftServerConfigKeys (ConfUtils.java:logGet(46)) - raft.server.log.queue.element-limit = 4096 (default)
2024-09-29 22:58:09,340 [s1-impl-thread1] INFO  server.RaftServerConfigKeys (ConfUtils.java:logGet(46)) - raft.server.log.segment.size.max = 32MB (=33554432) (default)
2024-09-29 22:58:09,340 [s1-impl-thread1] INFO  server.RaftServerConfigKeys (ConfUtils.java:logGet(46)) - raft.server.log.preallocated.size = 4MB (=4194304) (default)
2024-09-29 22:58:09,341 [s1-impl-thread1] INFO  server.RaftServerConfigKeys (ConfUtils.java:logGet(46)) - raft.server.log.force.sync.num = 128 (default)
2024-09-29 22:58:09,341 [s1-impl-thread1] INFO  server.RaftServerConfigKeys (ConfUtils.java:logGet(46)) - raft.server.log.statemachine.data.sync = true (default)
2024-09-29 22:58:09,341 [s1-impl-thread1] INFO  server.RaftServerConfigKeys (ConfUtils.java:logGet(46)) - raft.server.log.statemachine.data.sync.timeout = 10s (default)
2024-09-29 22:58:09,341 [s1-impl-thread1] INFO  server.RaftServerConfigKeys (ConfUtils.java:logGet(46)) - raft.server.log.statemachine.data.sync.timeout.retry = -1 (default)
2024-09-29 22:58:09,341 [s1-impl-thread1] INFO  server.RaftServerConfigKeys (ConfUtils.java:logGet(46)) - raft.server.log.write.buffer.size = 8MB (=8388608) (default)
2024-09-29 22:58:09,341 [s1-impl-thread1] INFO  server.RaftServerConfigKeys (ConfUtils.java:logGet(46)) - raft.server.log.appender.buffer.byte-limit = 4MB (=4194304) (default)
2024-09-29 22:58:09,341 [s1-impl-thread1] INFO  server.RaftServerConfigKeys (ConfUtils.java:logGet(46)) - raft.server.log.unsafe-flush.enabled = false (default)
2024-09-29 22:58:09,341 [s1-impl-thread1] INFO  server.RaftServerConfigKeys (ConfUtils.java:logGet(46)) - raft.server.log.async-flush.enabled = false (default)
2024-09-29 22:58:09,342 [s1-impl-thread1] INFO  server.RaftServerConfigKeys (ConfUtils.java:logGet(46)) - raft.server.log.statemachine.data.caching.enabled = false (default)
2024-09-29 22:58:09,342 [s1-impl-thread1] INFO  segmented.SegmentedRaftLogWorker (SegmentedRaftLogWorker.java:lambda$new$0(138)) - s1@group-5D7CDCE8B764-SegmentedRaftLogWorker: flushIndex: setUnconditionally 0 -> -1
2024-09-29 22:58:09,342 [s1-impl-thread1] INFO  segmented.SegmentedRaftLogWorker (SegmentedRaftLogWorker.java:lambda$new$0(138)) - s1@group-5D7CDCE8B764-SegmentedRaftLogWorker: safeCacheEvictIndex: setUnconditionally 0 -> -1
2024-09-29 22:58:09,342 [s1-impl-thread1] INFO  server.RaftServer$Division (RaftServerImpl.java:start(397)) - s1@group-5D7CDCE8B764: start with initializing state, conf=conf: {index: -1, cur=peers:[]|listeners:[], old=null}
2024-09-29 22:58:09,342 [s1-impl-thread1] INFO  server.RaftServer$Division (RaftServerImpl.java:setRole(378)) - s1@group-5D7CDCE8B764: changes role from      null to FOLLOWER at term 0 for start
2024-09-29 22:58:09,342 [s1-impl-thread1] INFO  util.JmxRegister (JmxRegister.java:tryRegister(44)) - Successfully registered JMX Bean with object name Ratis:service=RaftServer,group=group-5D7CDCE8B764,id=s1
2024-09-29 22:58:09,342 [s1-impl-thread1] INFO  util.JmxRegister (JmxRegister.java:register(58)) - register mxBean class org.apache.ratis.server.impl.RaftServerJmxAdapter as Ratis:service=RaftServer,group=group-5D7CDCE8B764,id=s1
2024-09-29 22:58:09,342 [s1-impl-thread1] INFO  server.RaftServerConfigKeys (ConfUtils.java:logGet(46)) - raft.server.snapshot.trigger-when-stop.enabled = true (default)
2024-09-29 22:58:09,342 [s1-impl-thread1] INFO  server.RaftServerConfigKeys (ConfUtils.java:logGet(46)) - raft.server.snapshot.trigger-when-remove.enabled = true (default)
2024-09-29 22:58:09,343 [s1-impl-thread1] INFO  server.RaftServerConfigKeys (ConfUtils.java:logGet(46)) - raft.server.snapshot.auto.trigger.enabled = true (custom)
2024-09-29 22:58:09,343 [s1-impl-thread1] INFO  server.RaftServerConfigKeys (ConfUtils.java:logGet(46)) - raft.server.snapshot.auto.trigger.threshold = 64 (custom)
2024-09-29 22:58:09,343 [s1-impl-thread1] INFO  server.RaftServerConfigKeys (ConfUtils.java:logGet(46)) - raft.server.snapshot.retention.file.num = -1 (default)
2024-09-29 22:58:09,343 [s1-impl-thread1] INFO  server.RaftServerConfigKeys (ConfUtils.java:logGet(46)) - raft.server.log.purge.upto.snapshot.index = false (default)
2024-09-29 22:58:09,343 [main] INFO  server.RaftServer (RaftServerProxy.java:startImpl(408)) - s1: start RPC server
2024-09-29 22:58:09,344 [main] INFO  server.GrpcService (GrpcService.java:startImpl(341)) - s1: GrpcService started, listening on 15044
2024-09-29 22:58:09,345 [s2-impl-thread1] INFO  server.RaftServerConfigKeys (ConfUtils.java:logGet(46)) - raft.server.storage.free-space.min = 0MB (=0) (default)
2024-09-29 22:58:09,345 [s2-impl-thread1] INFO  server.RaftServerConfigKeys (ConfUtils.java:logGet(46)) - raft.server.log.corruption.policy = EXCEPTION (default)
2024-09-29 22:58:09,345 [JvmPauseMonitor17] INFO  util.JvmPauseMonitor (JvmPauseMonitor.java:run(146)) - JvmPauseMonitor-s1: Started
2024-09-29 22:58:09,345 [s2-impl-thread1] INFO  server.RaftServerConfigKeys (ConfUtils.java:logGet(46)) - raft.server.storage.dir = [/home/runner/work/ratis/ratis/ratis-test/target/test/data/f7ba0e94/MiniRaftClusterWithGrpc3557aa5c/s2] (custom)
2024-09-29 22:58:09,345 [s2-impl-thread1] INFO  storage.RaftStorageDirectory (RaftStorageDirectoryImpl.java:analyzeStorage(138)) - The storage directory /home/runner/work/ratis/ratis/ratis-test/target/test/data/f7ba0e94/MiniRaftClusterWithGrpc3557aa5c/s2/ba0d2700-dcb2-49e7-a72b-5d7cdce8b764 does not exist. Creating ...
2024-09-29 22:58:09,345 [s2-impl-thread1] TRACE util.FileUtils (LogUtils.java:runAndLog(49)) - Successfully ran Files.createDirectories /home/runner/work/ratis/ratis/ratis-test/target/test/data/f7ba0e94/MiniRaftClusterWithGrpc3557aa5c/s2/ba0d2700-dcb2-49e7-a72b-5d7cdce8b764
2024-09-29 22:58:09,346 [s2-impl-thread1] INFO  storage.RaftStorageDirectory (RaftStorageDirectoryImpl.java:tryLock(229)) - Lock on /home/runner/work/ratis/ratis/ratis-test/target/test/data/f7ba0e94/MiniRaftClusterWithGrpc3557aa5c/s2/ba0d2700-dcb2-49e7-a72b-5d7cdce8b764/in_use.lock acquired by nodename 27829@fv-az737-927
2024-09-29 22:58:09,346 [s2-impl-thread1] TRACE util.FileUtils (LogUtils.java:runAndLog(49)) - Successfully ran Files.createDirectories /home/runner/work/ratis/ratis/ratis-test/target/test/data/f7ba0e94/MiniRaftClusterWithGrpc3557aa5c/s2/ba0d2700-dcb2-49e7-a72b-5d7cdce8b764/current
2024-09-29 22:58:09,347 [s2-impl-thread1] TRACE util.FileUtils (LogUtils.java:runAndLog(49)) - Successfully ran Files.createDirectories /home/runner/work/ratis/ratis/ratis-test/target/test/data/f7ba0e94/MiniRaftClusterWithGrpc3557aa5c/s2/ba0d2700-dcb2-49e7-a72b-5d7cdce8b764/sm
2024-09-29 22:58:09,347 [s2-impl-thread1] TRACE util.FileUtils (LogUtils.java:supplyAndLog(69)) - Successfully supplied FileChannel.open /home/runner/work/ratis/ratis/ratis-test/target/test/data/f7ba0e94/MiniRaftClusterWithGrpc3557aa5c/s2/ba0d2700-dcb2-49e7-a72b-5d7cdce8b764/current/raft-meta.tmp with options [CREATE, WRITE]: sun.nio.ch.FileChannelImpl@2afd1397
2024-09-29 22:58:09,348 [s2-impl-thread1] TRACE util.FileUtils (LogUtils.java:runAndLog(49)) - Successfully ran Atomic Files.move /home/runner/work/ratis/ratis/ratis-test/target/test/data/f7ba0e94/MiniRaftClusterWithGrpc3557aa5c/s2/ba0d2700-dcb2-49e7-a72b-5d7cdce8b764/current/raft-meta.tmp to /home/runner/work/ratis/ratis/ratis-test/target/test/data/f7ba0e94/MiniRaftClusterWithGrpc3557aa5c/s2/ba0d2700-dcb2-49e7-a72b-5d7cdce8b764/current/raft-meta with options [REPLACE_EXISTING]
2024-09-29 22:58:09,348 [s2-impl-thread1] INFO  storage.RaftStorage (RaftStorageImpl.java:format(98)) - Storage directory /home/runner/work/ratis/ratis/ratis-test/target/test/data/f7ba0e94/MiniRaftClusterWithGrpc3557aa5c/s2/ba0d2700-dcb2-49e7-a72b-5d7cdce8b764 has been successfully formatted.
2024-09-29 22:58:09,348 [s2-impl-thread1] INFO  impl.SimpleStateMachine4Testing (SimpleStateMachine4Testing.java:initialize(215)) - Initializing StateMachineWithSeparatedSnapshotPath:uninitialized
2024-09-29 22:58:09,348 [s2-impl-thread1] INFO  impl.SimpleStateMachine4Testing (SimpleStateMachine4Testing.java:loadSnapshot(300)) - Loading snapshot null
2024-09-29 22:58:09,348 [s2-impl-thread1] TRACE util.FileUtils (FileUtils.java:deleteFully(305)) - deleteFully /tmp/ratis-tests/statemachine/s2
2024-09-29 22:58:09,349 [s2-impl-thread1] TRACE util.FileUtils (LogUtils.java:runAndLog(49)) - Successfully ran Files.delete /tmp/ratis-tests/statemachine/s2/snapshot/1_191/vegetable
2024-09-29 22:58:09,349 [s2-impl-thread1] TRACE util.FileUtils (LogUtils.java:runAndLog(49)) - Successfully ran Files.delete /tmp/ratis-tests/statemachine/s2/snapshot/1_191/loves
2024-09-29 22:58:09,349 [s2-impl-thread1] TRACE util.FileUtils (LogUtils.java:runAndLog(49)) - Successfully ran Files.delete /tmp/ratis-tests/statemachine/s2/snapshot/1_191/deer
2024-09-29 22:58:09,349 [s2-impl-thread1] TRACE util.FileUtils (LogUtils.java:runAndLog(49)) - Successfully ran Files.delete /tmp/ratis-tests/statemachine/s2/snapshot/1_191
2024-09-29 22:58:09,349 [s2-impl-thread1] TRACE util.FileUtils (LogUtils.java:runAndLog(49)) - Successfully ran Files.delete /tmp/ratis-tests/statemachine/s2/snapshot/1_63/vegetable
2024-09-29 22:58:09,349 [s2-impl-thread1] TRACE util.FileUtils (LogUtils.java:runAndLog(49)) - Successfully ran Files.delete /tmp/ratis-tests/statemachine/s2/snapshot/1_63/loves
2024-09-29 22:58:09,349 [s2-impl-thread1] TRACE util.FileUtils (LogUtils.java:runAndLog(49)) - Successfully ran Files.delete /tmp/ratis-tests/statemachine/s2/snapshot/1_63/deer
2024-09-29 22:58:09,349 [s2-impl-thread1] TRACE util.FileUtils (LogUtils.java:runAndLog(49)) - Successfully ran Files.delete /tmp/ratis-tests/statemachine/s2/snapshot/1_63
2024-09-29 22:58:09,349 [s2-impl-thread1] TRACE util.FileUtils (LogUtils.java:runAndLog(49)) - Successfully ran Files.delete /tmp/ratis-tests/statemachine/s2/snapshot/1_127/vegetable
2024-09-29 22:58:09,350 [s2-impl-thread1] TRACE util.FileUtils (LogUtils.java:runAndLog(49)) - Successfully ran Files.delete /tmp/ratis-tests/statemachine/s2/snapshot/1_127/loves
2024-09-29 22:58:09,350 [s2-impl-thread1] TRACE util.FileUtils (LogUtils.java:runAndLog(49)) - Successfully ran Files.delete /tmp/ratis-tests/statemachine/s2/snapshot/1_127/deer
2024-09-29 22:58:09,350 [s2-impl-thread1] TRACE util.FileUtils (LogUtils.java:runAndLog(49)) - Successfully ran Files.delete /tmp/ratis-tests/statemachine/s2/snapshot/1_127
2024-09-29 22:58:09,350 [s2-impl-thread1] TRACE util.FileUtils (LogUtils.java:runAndLog(49)) - Successfully ran Files.delete /tmp/ratis-tests/statemachine/s2/snapshot/2_264/vegetable
2024-09-29 22:58:09,350 [s2-impl-thread1] TRACE util.FileUtils (LogUtils.java:runAndLog(49)) - Successfully ran Files.delete /tmp/ratis-tests/statemachine/s2/snapshot/2_264/loves
2024-09-29 22:58:09,350 [s2-impl-thread1] TRACE util.FileUtils (LogUtils.java:runAndLog(49)) - Successfully ran Files.delete /tmp/ratis-tests/statemachine/s2/snapshot/2_264/deer
2024-09-29 22:58:09,350 [s2-impl-thread1] TRACE util.FileUtils (LogUtils.java:runAndLog(49)) - Successfully ran Files.delete /tmp/ratis-tests/statemachine/s2/snapshot/2_264
2024-09-29 22:58:09,350 [s2-impl-thread1] TRACE util.FileUtils (LogUtils.java:runAndLog(49)) - Successfully ran Files.delete /tmp/ratis-tests/statemachine/s2/snapshot/1_255/vegetable
2024-09-29 22:58:09,350 [s2-impl-thread1] TRACE util.FileUtils (LogUtils.java:runAndLog(49)) - Successfully ran Files.delete /tmp/ratis-tests/statemachine/s2/snapshot/1_255/loves
2024-09-29 22:58:09,350 [s2-impl-thread1] TRACE util.FileUtils (LogUtils.java:runAndLog(49)) - Successfully ran Files.delete /tmp/ratis-tests/statemachine/s2/snapshot/1_255/deer
2024-09-29 22:58:09,351 [s2-impl-thread1] TRACE util.FileUtils (LogUtils.java:runAndLog(49)) - Successfully ran Files.delete /tmp/ratis-tests/statemachine/s2/snapshot/1_255
2024-09-29 22:58:09,351 [s2-impl-thread1] TRACE util.FileUtils (LogUtils.java:runAndLog(49)) - Successfully ran Files.delete /tmp/ratis-tests/statemachine/s2/snapshot
2024-09-29 22:58:09,351 [s2-impl-thread1] TRACE util.FileUtils (LogUtils.java:runAndLog(49)) - Successfully ran Files.delete /tmp/ratis-tests/statemachine/s2/tmp
2024-09-29 22:58:09,351 [s2-impl-thread1] TRACE util.FileUtils (LogUtils.java:runAndLog(49)) - Successfully ran Files.delete /tmp/ratis-tests/statemachine/s2
2024-09-29 22:58:09,351 [s2-impl-thread1] INFO  server.RaftServerConfigKeys (ConfUtils.java:logGet(46)) - raft.server.log.use.memory = false (default)
2024-09-29 22:58:09,351 [s2-impl-thread1] INFO  server.RaftServerConfigKeys (ConfUtils.java:logGet(46)) - raft.server.log.purge.gap = 8 (custom)
2024-09-29 22:58:09,351 [s2-impl-thread1] INFO  server.RaftServerConfigKeys (ConfUtils.java:logGet(46)) - raft.server.log.appender.buffer.byte-limit = 4MB (=4194304) (default)
2024-09-29 22:58:09,351 [s2-impl-thread1] INFO  server.RaftServerConfigKeys (ConfUtils.java:logGet(46)) - raft.server.log.statemachine.data.read.timeout = 1000ms (default)
2024-09-29 22:58:09,351 [s2-impl-thread1] INFO  server.RaftServerConfigKeys (ConfUtils.java:logGet(46)) - raft.server.log.purge.preservation.log.num = 0 (default)
2024-09-29 22:58:09,352 [s2-impl-thread1] INFO  server.RaftServerConfigKeys (ConfUtils.java:logGet(46)) - raft.server.log.segment.size.max = 32MB (=33554432) (default)
2024-09-29 22:58:09,352 [s2-impl-thread1] INFO  server.RaftServerConfigKeys (ConfUtils.java:logGet(46)) - raft.server.log.segment.cache.num.max = 6 (default)
2024-09-29 22:58:09,352 [s2-impl-thread1] INFO  server.RaftServerConfigKeys (ConfUtils.java:logGet(46)) - raft.server.log.segment.cache.size.max = 200MB (=209715200) (default)
2024-09-29 22:58:09,352 [s2-impl-thread1] INFO  server.RaftServerConfigKeys (ConfUtils.java:logGet(46)) - raft.server.log.appender.buffer.byte-limit = 4MB (=4194304) (default)
2024-09-29 22:58:09,352 [s2-impl-thread1] INFO  util.AwaitToRun (AwaitToRun.java:start(81)) - Thread[s2@group-5D7CDCE8B764-cacheEviction-AwaitToRun,5,main] started
2024-09-29 22:58:09,352 [s2-impl-thread1] INFO  segmented.SegmentedRaftLogWorker (SegmentedRaftLogWorker.java:<init>(187)) - new s2@group-5D7CDCE8B764-SegmentedRaftLogWorker for RaftStorageImpl:Storage Directory /home/runner/work/ratis/ratis/ratis-test/target/test/data/f7ba0e94/MiniRaftClusterWithGrpc3557aa5c/s2/ba0d2700-dcb2-49e7-a72b-5d7cdce8b764
2024-09-29 22:58:09,352 [s2-impl-thread1] INFO  server.RaftServerConfigKeys (ConfUtils.java:logGet(46)) - raft.server.log.queue.byte-limit = 64MB (=67108864) (default)
2024-09-29 22:58:09,352 [s2-impl-thread1] INFO  server.RaftServerConfigKeys (ConfUtils.java:logGet(46)) - raft.server.log.queue.element-limit = 4096 (default)
2024-09-29 22:58:09,352 [s2-impl-thread1] INFO  server.RaftServerConfigKeys (ConfUtils.java:logGet(46)) - raft.server.log.segment.size.max = 32MB (=33554432) (default)
2024-09-29 22:58:09,352 [s2-impl-thread1] INFO  server.RaftServerConfigKeys (ConfUtils.java:logGet(46)) - raft.server.log.preallocated.size = 4MB (=4194304) (default)
2024-09-29 22:58:09,352 [s2-impl-thread1] INFO  server.RaftServerConfigKeys (ConfUtils.java:logGet(46)) - raft.server.log.force.sync.num = 128 (default)
2024-09-29 22:58:09,352 [s2-impl-thread1] INFO  server.RaftServerConfigKeys (ConfUtils.java:logGet(46)) - raft.server.log.statemachine.data.sync = true (default)
2024-09-29 22:58:09,353 [s2-impl-thread1] INFO  server.RaftServerConfigKeys (ConfUtils.java:logGet(46)) - raft.server.log.statemachine.data.sync.timeout = 10s (default)
2024-09-29 22:58:09,353 [s2-impl-thread1] INFO  server.RaftServerConfigKeys (ConfUtils.java:logGet(46)) - raft.server.log.statemachine.data.sync.timeout.retry = -1 (default)
2024-09-29 22:58:09,353 [s2-impl-thread1] INFO  server.RaftServerConfigKeys (ConfUtils.java:logGet(46)) - raft.server.log.write.buffer.size = 8MB (=8388608) (default)
2024-09-29 22:58:09,353 [s2-impl-thread1] INFO  server.RaftServerConfigKeys (ConfUtils.java:logGet(46)) - raft.server.log.appender.buffer.byte-limit = 4MB (=4194304) (default)
2024-09-29 22:58:09,353 [s2-impl-thread1] INFO  server.RaftServerConfigKeys (ConfUtils.java:logGet(46)) - raft.server.log.unsafe-flush.enabled = false (default)
2024-09-29 22:58:09,353 [s2-impl-thread1] INFO  server.RaftServerConfigKeys (ConfUtils.java:logGet(46)) - raft.server.log.async-flush.enabled = false (default)
2024-09-29 22:58:09,353 [s2-impl-thread1] INFO  server.RaftServerConfigKeys (ConfUtils.java:logGet(46)) - raft.server.log.statemachine.data.caching.enabled = false (default)
2024-09-29 22:58:09,354 [s2-impl-thread1] INFO  segmented.SegmentedRaftLogWorker (SegmentedRaftLogWorker.java:lambda$new$0(138)) - s2@group-5D7CDCE8B764-SegmentedRaftLogWorker: flushIndex: setUnconditionally 0 -> -1
2024-09-29 22:58:09,354 [s2-impl-thread1] INFO  segmented.SegmentedRaftLogWorker (SegmentedRaftLogWorker.java:lambda$new$0(138)) - s2@group-5D7CDCE8B764-SegmentedRaftLogWorker: safeCacheEvictIndex: setUnconditionally 0 -> -1
2024-09-29 22:58:09,354 [s2-impl-thread1] INFO  server.RaftServer$Division (RaftServerImpl.java:start(397)) - s2@group-5D7CDCE8B764: start with initializing state, conf=conf: {index: -1, cur=peers:[]|listeners:[], old=null}
2024-09-29 22:58:09,354 [s2-impl-thread1] INFO  server.RaftServer$Division (RaftServerImpl.java:setRole(378)) - s2@group-5D7CDCE8B764: changes role from      null to FOLLOWER at term 0 for start
2024-09-29 22:58:09,354 [s2-impl-thread1] INFO  util.JmxRegister (JmxRegister.java:tryRegister(44)) - Successfully registered JMX Bean with object name Ratis:service=RaftServer,group=group-5D7CDCE8B764,id=s2
2024-09-29 22:58:09,354 [s2-impl-thread1] INFO  util.JmxRegister (JmxRegister.java:register(58)) - register mxBean class org.apache.ratis.server.impl.RaftServerJmxAdapter as Ratis:service=RaftServer,group=group-5D7CDCE8B764,id=s2
2024-09-29 22:58:09,354 [s2-impl-thread1] INFO  server.RaftServerConfigKeys (ConfUtils.java:logGet(46)) - raft.server.snapshot.trigger-when-stop.enabled = true (default)
2024-09-29 22:58:09,354 [s2-impl-thread1] INFO  server.RaftServerConfigKeys (ConfUtils.java:logGet(46)) - raft.server.snapshot.trigger-when-remove.enabled = true (default)
2024-09-29 22:58:09,354 [s2-impl-thread1] INFO  server.RaftServerConfigKeys (ConfUtils.java:logGet(46)) - raft.server.snapshot.auto.trigger.enabled = true (custom)
2024-09-29 22:58:09,354 [s2-impl-thread1] INFO  server.RaftServerConfigKeys (ConfUtils.java:logGet(46)) - raft.server.snapshot.auto.trigger.threshold = 64 (custom)
2024-09-29 22:58:09,354 [s2-impl-thread1] INFO  server.RaftServerConfigKeys (ConfUtils.java:logGet(46)) - raft.server.snapshot.retention.file.num = -1 (default)
2024-09-29 22:58:09,354 [s2-impl-thread1] INFO  server.RaftServerConfigKeys (ConfUtils.java:logGet(46)) - raft.server.log.purge.upto.snapshot.index = false (default)
2024-09-29 22:58:09,355 [main] INFO  server.RaftServer (RaftServerProxy.java:startImpl(408)) - s2: start RPC server
2024-09-29 22:58:09,356 [main] INFO  server.GrpcService (GrpcService.java:startImpl(341)) - s2: GrpcService started, listening on 15045
2024-09-29 22:58:09,356 [JvmPauseMonitor18] INFO  util.JvmPauseMonitor (JvmPauseMonitor.java:run(146)) - JvmPauseMonitor-s2: Started
2024-09-29 22:58:09,356 [main] INFO  impl.MiniRaftCluster (MiniRaftCluster.java:setConfiguration(825)) - Start changing the configuration: [s1|0.0.0.0:15044, s2|0.0.0.0:15045, s0|localhost:15040]
2024-09-29 22:58:09,361 [s0-server-thread1] INFO  server.RaftServer$Division (RaftServerImpl.java:setConfigurationAsync(1328)) - s0@group-5D7CDCE8B764: receive setConfiguration SetConfigurationRequest:client-566167848819->s0@group-5D7CDCE8B764, cid=655, seq=null, RW, null, SET_UNCONDITIONALLY, servers:[s1|0.0.0.0:15044, s2|0.0.0.0:15045, s0|localhost:15040], listeners:[]
2024-09-29 22:58:09,361 [s0-server-thread1] WARN  server.RaftServer$Division (RaftServerImpl.java:setConfigurationAsync(1387)) - Try to add/replace a majority of servers in a single setConf: SetConfigurationRequest:client-566167848819->s0@group-5D7CDCE8B764, cid=655, seq=null, RW, null, SET_UNCONDITIONALLY, servers:[s1|0.0.0.0:15044, s2|0.0.0.0:15045, s0|localhost:15040], listeners:[]
2024-09-29 22:58:09,361 [s0-server-thread1] INFO  server.RaftServer$Division (LeaderStateImpl.java:startSetConfiguration(489)) - s0@group-5D7CDCE8B764-LeaderStateImpl: startSetConfiguration SetConfigurationRequest:client-566167848819->s0@group-5D7CDCE8B764, cid=655, seq=null, RW, null, SET_UNCONDITIONALLY, servers:[s1|0.0.0.0:15044, s2|0.0.0.0:15045, s0|localhost:15040], listeners:[]
2024-09-29 22:58:09,362 [s0-server-thread1] INFO  server.RaftServerConfigKeys (ConfUtils.java:logGet(46)) - raft.server.log.appender.snapshot.chunk.size.max = 1k (=1024) (custom)
2024-09-29 22:58:09,362 [s0-server-thread1] INFO  server.RaftServerConfigKeys (ConfUtils.java:logGet(46)) - raft.server.log.appender.buffer.byte-limit = 4MB (=4194304) (default)
2024-09-29 22:58:09,362 [s0-server-thread1] INFO  server.RaftServerConfigKeys (ConfUtils.java:logGet(46)) - raft.server.log.appender.buffer.element-limit = 0 (default)
2024-09-29 22:58:09,362 [s0-server-thread1] INFO  server.RaftServerConfigKeys (ConfUtils.java:logGet(46)) - raft.server.log.appender.wait-time.min = 1ms (default)
2024-09-29 22:58:09,362 [s0-server-thread1] INFO  grpc.GrpcConfigKeys (ConfUtils.java:logGet(46)) - raft.grpc.server.leader.outstanding.appends.max = 8 (default)
2024-09-29 22:58:09,362 [s0-server-thread1] INFO  server.RaftServerConfigKeys (ConfUtils.java:logGet(46)) - raft.server.rpc.request.timeout = 3000ms (default)
2024-09-29 22:58:09,362 [s0-server-thread1] INFO  grpc.GrpcConfigKeys (ConfUtils.java:logGet(46)) - raft.grpc.server.install_snapshot.request.element-limit = 8 (default)
2024-09-29 22:58:09,362 [s0-server-thread1] INFO  grpc.GrpcConfigKeys (ConfUtils.java:logGet(46)) - raft.grpc.server.install_snapshot.request.timeout = 3000ms (default)
2024-09-29 22:58:09,362 [s0-server-thread1] INFO  grpc.GrpcConfigKeys (ConfUtils.java:logGet(46)) - raft.grpc.server.log-message.batch.duration = 5s (default)
2024-09-29 22:58:09,362 [s0-server-thread1] INFO  server.RaftServerConfigKeys (ConfUtils.java:logGet(46)) - raft.server.log.appender.install.snapshot.enabled = true (default)
2024-09-29 22:58:09,362 [s0-server-thread1] INFO  grpc.GrpcConfigKeys (ConfUtils.java:logGet(46)) - raft.grpc.server.heartbeat.channel = false (custom)
2024-09-29 22:58:09,362 [s0-server-thread1] INFO  server.RaftServerConfigKeys (ConfUtils.java:logGet(46)) - raft.server.log.appender.snapshot.chunk.size.max = 1k (=1024) (custom)
2024-09-29 22:58:09,363 [s0-server-thread1] INFO  server.RaftServerConfigKeys (ConfUtils.java:logGet(46)) - raft.server.log.appender.buffer.byte-limit = 4MB (=4194304) (default)
2024-09-29 22:58:09,363 [s0-server-thread1] INFO  server.RaftServerConfigKeys (ConfUtils.java:logGet(46)) - raft.server.log.appender.buffer.element-limit = 0 (default)
2024-09-29 22:58:09,363 [s0-server-thread1] INFO  server.RaftServerConfigKeys (ConfUtils.java:logGet(46)) - raft.server.log.appender.wait-time.min = 1ms (default)
2024-09-29 22:58:09,363 [s0-server-thread1] INFO  grpc.GrpcConfigKeys (ConfUtils.java:logGet(46)) - raft.grpc.server.leader.outstanding.appends.max = 8 (default)
2024-09-29 22:58:09,363 [s0-server-thread1] INFO  server.RaftServerConfigKeys (ConfUtils.java:logGet(46)) - raft.server.rpc.request.timeout = 3000ms (default)
2024-09-29 22:58:09,363 [s0-server-thread1] INFO  grpc.GrpcConfigKeys (ConfUtils.java:logGet(46)) - raft.grpc.server.install_snapshot.request.element-limit = 8 (default)
2024-09-29 22:58:09,363 [s0-server-thread1] INFO  grpc.GrpcConfigKeys (ConfUtils.java:logGet(46)) - raft.grpc.server.install_snapshot.request.timeout = 3000ms (default)
2024-09-29 22:58:09,363 [s0-server-thread1] INFO  grpc.GrpcConfigKeys (ConfUtils.java:logGet(46)) - raft.grpc.server.log-message.batch.duration = 5s (default)
2024-09-29 22:58:09,363 [s0-server-thread1] INFO  server.RaftServerConfigKeys (ConfUtils.java:logGet(46)) - raft.server.log.appender.install.snapshot.enabled = true (default)
2024-09-29 22:58:09,363 [s0-server-thread1] INFO  grpc.GrpcConfigKeys (ConfUtils.java:logGet(46)) - raft.grpc.server.heartbeat.channel = false (custom)
2024-09-29 22:58:09,364 [s0@group-5D7CDCE8B764->s2-GrpcLogAppender-LogAppenderDaemon] INFO  server.GrpcLogAppender (GrpcLogAppender.java:installSnapshot(757)) - s0@group-5D7CDCE8B764->s2-GrpcLogAppender: followerNextIndex = 0 but logStartIndex = 0, send snapshot FileListSnapshotInfo(t:1, i:191):[/tmp/ratis-tests/statemachine/s0/snapshot/1_191/vegetable, /tmp/ratis-tests/statemachine/s0/snapshot/1_191/loves, /tmp/ratis-tests/statemachine/s0/snapshot/1_191/deer] to follower
2024-09-29 22:58:09,364 [s0@group-5D7CDCE8B764->s1-GrpcLogAppender-LogAppenderDaemon] INFO  server.GrpcLogAppender (GrpcLogAppender.java:installSnapshot(757)) - s0@group-5D7CDCE8B764->s1-GrpcLogAppender: followerNextIndex = 0 but logStartIndex = 0, send snapshot FileListSnapshotInfo(t:1, i:191):[/tmp/ratis-tests/statemachine/s0/snapshot/1_191/vegetable, /tmp/ratis-tests/statemachine/s0/snapshot/1_191/loves, /tmp/ratis-tests/statemachine/s0/snapshot/1_191/deer] to follower
2024-09-29 22:58:09,364 [s0@group-5D7CDCE8B764->s2-GrpcLogAppender-LogAppenderDaemon] INFO  server.GrpcServerProtocolClient (GrpcServerProtocolClient.java:<init>(65)) - Build channel for s2|0.0.0.0:15045
2024-09-29 22:58:09,364 [s0@group-5D7CDCE8B764->s1-GrpcLogAppender-LogAppenderDaemon] INFO  server.GrpcServerProtocolClient (GrpcServerProtocolClient.java:<init>(65)) - Build channel for s1|0.0.0.0:15044
2024-09-29 22:58:09,365 [s0@group-5D7CDCE8B764->s1-GrpcLogAppender-LogAppenderDaemon] TRACE util.FileUtils (LogUtils.java:supplyAndLog(69)) - Successfully supplied Files.newInputStream /tmp/ratis-tests/statemachine/s0/snapshot/1_191/vegetable with options []: sun.nio.ch.ChannelInputStream@26d54718
2024-09-29 22:58:09,366 [s0@group-5D7CDCE8B764->s1-GrpcLogAppender-LogAppenderDaemon] TRACE util.FileUtils (LogUtils.java:supplyAndLog(69)) - Successfully supplied Files.newInputStream /tmp/ratis-tests/statemachine/s0/snapshot/1_191/loves with options []: sun.nio.ch.ChannelInputStream@321d01aa
2024-09-29 22:58:09,366 [s0@group-5D7CDCE8B764->s1-GrpcLogAppender-LogAppenderDaemon] TRACE util.FileUtils (LogUtils.java:supplyAndLog(69)) - Successfully supplied Files.newInputStream /tmp/ratis-tests/statemachine/s0/snapshot/1_191/deer with options []: sun.nio.ch.ChannelInputStream@17b9c39f
2024-09-29 22:58:09,367 [s0@group-5D7CDCE8B764->s2-GrpcLogAppender-LogAppenderDaemon] TRACE util.FileUtils (LogUtils.java:supplyAndLog(69)) - Successfully supplied Files.newInputStream /tmp/ratis-tests/statemachine/s0/snapshot/1_191/vegetable with options []: sun.nio.ch.ChannelInputStream@3c45eaac
2024-09-29 22:58:09,367 [s0@group-5D7CDCE8B764->s2-GrpcLogAppender-LogAppenderDaemon] TRACE util.FileUtils (LogUtils.java:supplyAndLog(69)) - Successfully supplied Files.newInputStream /tmp/ratis-tests/statemachine/s0/snapshot/1_191/loves with options []: sun.nio.ch.ChannelInputStream@74a396b9
2024-09-29 22:58:09,367 [s0@group-5D7CDCE8B764->s2-GrpcLogAppender-LogAppenderDaemon] TRACE util.FileUtils (LogUtils.java:supplyAndLog(69)) - Successfully supplied Files.newInputStream /tmp/ratis-tests/statemachine/s0/snapshot/1_191/deer with options []: sun.nio.ch.ChannelInputStream@6dad7df3
2024-09-29 22:58:09,368 [grpc-default-executor-14] INFO  impl.SnapshotInstallationHandler (SnapshotInstallationHandler.java:installSnapshot(94)) - s2@group-5D7CDCE8B764: receive installSnapshot: s0->s2#0-t1,chunk:85ea186b-6a73-4f26-951c-9ca07908447f,0
2024-09-29 22:58:09,369 [grpc-default-executor-14] TRACE util.FileUtils (LogUtils.java:supplyAndLog(69)) - Successfully supplied FileChannel.open /home/runner/work/ratis/ratis/ratis-test/target/test/data/f7ba0e94/MiniRaftClusterWithGrpc3557aa5c/s2/ba0d2700-dcb2-49e7-a72b-5d7cdce8b764/current/raft-meta.tmp with options [CREATE, WRITE]: sun.nio.ch.FileChannelImpl@7a4a82ef
2024-09-29 22:58:09,369 [grpc-default-executor-1] INFO  impl.SnapshotInstallationHandler (SnapshotInstallationHandler.java:installSnapshot(94)) - s1@group-5D7CDCE8B764: receive installSnapshot: s0->s1#0-t1,chunk:263e0938-fa1e-4960-be4a-3e83d1693807,0
2024-09-29 22:58:09,369 [grpc-default-executor-1] TRACE util.FileUtils (LogUtils.java:supplyAndLog(69)) - Successfully supplied FileChannel.open /home/runner/work/ratis/ratis/ratis-test/target/test/data/f7ba0e94/MiniRaftClusterWithGrpc3557aa5c/s1/ba0d2700-dcb2-49e7-a72b-5d7cdce8b764/current/raft-meta.tmp with options [CREATE, WRITE]: sun.nio.ch.FileChannelImpl@57170349
2024-09-29 22:58:09,371 [grpc-default-executor-14] TRACE util.FileUtils (LogUtils.java:runAndLog(49)) - Successfully ran Atomic Files.move /home/runner/work/ratis/ratis/ratis-test/target/test/data/f7ba0e94/MiniRaftClusterWithGrpc3557aa5c/s2/ba0d2700-dcb2-49e7-a72b-5d7cdce8b764/current/raft-meta.tmp to /home/runner/work/ratis/ratis/ratis-test/target/test/data/f7ba0e94/MiniRaftClusterWithGrpc3557aa5c/s2/ba0d2700-dcb2-49e7-a72b-5d7cdce8b764/current/raft-meta with options [REPLACE_EXISTING]
2024-09-29 22:58:09,371 [grpc-default-executor-14] INFO  server.RaftServer$Division (RaftServerImpl.java:setFirstElection(559)) - s2@group-5D7CDCE8B764: set firstElectionSinceStartup to false for installSnapshot
2024-09-29 22:58:09,371 [grpc-default-executor-14] INFO  server.RaftServer$Division (ServerState.java:setLeader(272)) - s2@group-5D7CDCE8B764: change Leader from null to s0 at term 1 for installSnapshot, leader elected after 34ms
2024-09-29 22:58:09,371 [grpc-default-executor-14] TRACE util.FileUtils (LogUtils.java:runAndLog(49)) - Successfully ran Files.createDirectories /tmp/ratis-tests/statemachine/s2/tmp/snapshot-85ea186b-6a73-4f26-951c-9ca07908447f
2024-09-29 22:58:09,371 [grpc-default-executor-1] TRACE util.FileUtils (LogUtils.java:runAndLog(49)) - Successfully ran Atomic Files.move /home/runner/work/ratis/ratis/ratis-test/target/test/data/f7ba0e94/MiniRaftClusterWithGrpc3557aa5c/s1/ba0d2700-dcb2-49e7-a72b-5d7cdce8b764/current/raft-meta.tmp to /home/runner/work/ratis/ratis/ratis-test/target/test/data/f7ba0e94/MiniRaftClusterWithGrpc3557aa5c/s1/ba0d2700-dcb2-49e7-a72b-5d7cdce8b764/current/raft-meta with options [REPLACE_EXISTING]
2024-09-29 22:58:09,371 [grpc-default-executor-1] INFO  server.RaftServer$Division (RaftServerImpl.java:setFirstElection(559)) - s1@group-5D7CDCE8B764: set firstElectionSinceStartup to false for installSnapshot
2024-09-29 22:58:09,371 [grpc-default-executor-1] INFO  server.RaftServer$Division (ServerState.java:setLeader(272)) - s1@group-5D7CDCE8B764: change Leader from null to s0 at term 1 for installSnapshot, leader elected after 41ms
2024-09-29 22:58:09,371 [grpc-default-executor-14] INFO  storage.SnapshotManager (SnapshotManager.java:installSnapshot(111)) - Installing snapshot:s0->s2#0-t1,chunk:85ea186b-6a73-4f26-951c-9ca07908447f,0, to tmp dir:/tmp/ratis-tests/statemachine/s2/tmp/snapshot-85ea186b-6a73-4f26-951c-9ca07908447f
2024-09-29 22:58:09,372 [grpc-default-executor-14] TRACE util.FileUtils (LogUtils.java:runAndLog(49)) - Successfully ran Files.createDirectories /tmp/ratis-tests/statemachine/s2/tmp/snapshot-85ea186b-6a73-4f26-951c-9ca07908447f/1_191
2024-09-29 22:58:09,372 [grpc-default-executor-14] TRACE util.FileUtils (LogUtils.java:supplyAndLog(69)) - Successfully supplied FileChannel.open /tmp/ratis-tests/statemachine/s2/tmp/snapshot-85ea186b-6a73-4f26-951c-9ca07908447f/1_191/vegetable with options [WRITE, CREATE]: sun.nio.ch.FileChannelImpl@6919e38d
2024-09-29 22:58:09,372 [grpc-default-executor-14] TRACE util.FileUtils (LogUtils.java:supplyAndLog(69)) - Successfully supplied FileChannel.open /tmp/ratis-tests/statemachine/s2/tmp/snapshot-85ea186b-6a73-4f26-951c-9ca07908447f/1_191/vegetable.md5.tmp with options [CREATE, WRITE]: sun.nio.ch.FileChannelImpl@6a814efc
2024-09-29 22:58:09,373 [grpc-default-executor-1] TRACE util.FileUtils (LogUtils.java:runAndLog(49)) - Successfully ran Files.createDirectories /tmp/ratis-tests/statemachine/s1/tmp/snapshot-263e0938-fa1e-4960-be4a-3e83d1693807
2024-09-29 22:58:09,373 [grpc-default-executor-1] INFO  storage.SnapshotManager (SnapshotManager.java:installSnapshot(111)) - Installing snapshot:s0->s1#0-t1,chunk:263e0938-fa1e-4960-be4a-3e83d1693807,0, to tmp dir:/tmp/ratis-tests/statemachine/s1/tmp/snapshot-263e0938-fa1e-4960-be4a-3e83d1693807
2024-09-29 22:58:09,373 [grpc-default-executor-14] TRACE util.FileUtils (LogUtils.java:runAndLog(49)) - Successfully ran Atomic Files.move /tmp/ratis-tests/statemachine/s2/tmp/snapshot-85ea186b-6a73-4f26-951c-9ca07908447f/1_191/vegetable.md5.tmp to /tmp/ratis-tests/statemachine/s2/tmp/snapshot-85ea186b-6a73-4f26-951c-9ca07908447f/1_191/vegetable.md5 with options [REPLACE_EXISTING]
2024-09-29 22:58:09,373 [grpc-default-executor-1] TRACE util.FileUtils (LogUtils.java:runAndLog(49)) - Successfully ran Files.createDirectories /tmp/ratis-tests/statemachine/s1/tmp/snapshot-263e0938-fa1e-4960-be4a-3e83d1693807/1_191
2024-09-29 22:58:09,373 [grpc-default-executor-1] TRACE util.FileUtils (LogUtils.java:supplyAndLog(69)) - Successfully supplied FileChannel.open /tmp/ratis-tests/statemachine/s1/tmp/snapshot-263e0938-fa1e-4960-be4a-3e83d1693807/1_191/vegetable with options [WRITE, CREATE]: sun.nio.ch.FileChannelImpl@1b565bc4
2024-09-29 22:58:09,373 [grpc-default-executor-1] TRACE util.FileUtils (LogUtils.java:supplyAndLog(69)) - Successfully supplied FileChannel.open /tmp/ratis-tests/statemachine/s1/tmp/snapshot-263e0938-fa1e-4960-be4a-3e83d1693807/1_191/vegetable.md5.tmp with options [CREATE, WRITE]: sun.nio.ch.FileChannelImpl@2fed5fac
2024-09-29 22:58:09,373 [grpc-default-executor-14] INFO  impl.SnapshotInstallationHandler (SnapshotInstallationHandler.java:installSnapshotImpl(140)) - s2@group-5D7CDCE8B764: set new configuration configurationEntry {
  peers {
    id: "s0"
    address: "localhost:15040"
    dataStreamAddress: "localhost:15043"
    clientAddress: "localhost:15042"
    adminAddress: "localhost:15041"
    startupRole: FOLLOWER
  }
}
 from snapshot
2024-09-29 22:58:09,374 [grpc-default-executor-14] INFO  server.RaftServer$Division (ServerState.java:setRaftConf(386)) - s2@group-5D7CDCE8B764: set configuration conf: {index: 0, cur=peers:[s0|localhost:15040]|listeners:[], old=null}
2024-09-29 22:58:09,374 [grpc-default-executor-14] TRACE util.FileUtils (LogUtils.java:supplyAndLog(69)) - Successfully supplied FileChannel.open /home/runner/work/ratis/ratis/ratis-test/target/test/data/f7ba0e94/MiniRaftClusterWithGrpc3557aa5c/s2/ba0d2700-dcb2-49e7-a72b-5d7cdce8b764/current/raft-meta.conf.tmp with options [CREATE, WRITE]: sun.nio.ch.FileChannelImpl@784b7d35
2024-09-29 22:58:09,374 [grpc-default-executor-1] TRACE util.FileUtils (LogUtils.java:runAndLog(49)) - Successfully ran Atomic Files.move /tmp/ratis-tests/statemachine/s1/tmp/snapshot-263e0938-fa1e-4960-be4a-3e83d1693807/1_191/vegetable.md5.tmp to /tmp/ratis-tests/statemachine/s1/tmp/snapshot-263e0938-fa1e-4960-be4a-3e83d1693807/1_191/vegetable.md5 with options [REPLACE_EXISTING]
2024-09-29 22:58:09,375 [grpc-default-executor-14] TRACE util.FileUtils (LogUtils.java:runAndLog(49)) - Successfully ran Atomic Files.move /home/runner/work/ratis/ratis/ratis-test/target/test/data/f7ba0e94/MiniRaftClusterWithGrpc3557aa5c/s2/ba0d2700-dcb2-49e7-a72b-5d7cdce8b764/current/raft-meta.conf.tmp to /home/runner/work/ratis/ratis/ratis-test/target/test/data/f7ba0e94/MiniRaftClusterWithGrpc3557aa5c/s2/ba0d2700-dcb2-49e7-a72b-5d7cdce8b764/current/raft-meta.conf with options [REPLACE_EXISTING]
2024-09-29 22:58:09,375 [grpc-default-executor-14] INFO  impl.SnapshotInstallationHandler (SnapshotInstallationHandler.java:installSnapshot(105)) - s2@group-5D7CDCE8B764: reply installSnapshot: s0<-s2#0:OK-t0,SUCCESS,requestIndex=0
2024-09-29 22:58:09,375 [grpc-default-executor-1] INFO  impl.SnapshotInstallationHandler (SnapshotInstallationHandler.java:installSnapshotImpl(140)) - s1@group-5D7CDCE8B764: set new configuration configurationEntry {
  peers {
    id: "s0"
    address: "localhost:15040"
    dataStreamAddress: "localhost:15043"
    clientAddress: "localhost:15042"
    adminAddress: "localhost:15041"
    startupRole: FOLLOWER
  }
}
 from snapshot
2024-09-29 22:58:09,375 [grpc-default-executor-1] INFO  server.RaftServer$Division (ServerState.java:setRaftConf(386)) - s1@group-5D7CDCE8B764: set configuration conf: {index: 0, cur=peers:[s0|localhost:15040]|listeners:[], old=null}
2024-09-29 22:58:09,375 [grpc-default-executor-2] INFO  server.GrpcLogAppender (GrpcLogAppender.java:onNext(664)) - s0@group-5D7CDCE8B764->s2-InstallSnapshotResponseHandler: received the first reply s0<-s2#0:OK-t0,SUCCESS,requestIndex=0
2024-09-29 22:58:09,375 [grpc-default-executor-14] INFO  impl.SnapshotInstallationHandler (SnapshotInstallationHandler.java:installSnapshot(94)) - s2@group-5D7CDCE8B764: receive installSnapshot: s0->s2#0-t1,chunk:85ea186b-6a73-4f26-951c-9ca07908447f,1
2024-09-29 22:58:09,376 [grpc-default-executor-2] INFO  server.GrpcLogAppender (GrpcLogAppender.java:onNext(675)) - s0@group-5D7CDCE8B764->s2-InstallSnapshotResponseHandler: Completed InstallSnapshot. Reply: serverReply {
  requestorId: "s0"
  replyId: "s2"
  raftGroupId {
    id: "\272\r\'\000\334\262I\347\247+]|\334\350\267d"
  }
  success: true
}
requestIndex: 0

2024-09-29 22:58:09,376 [grpc-default-executor-2] INFO  leader.FollowerInfo (FollowerInfoImpl.java:setAttemptedToInstallSnapshot(154)) - Follower s0@group-5D7CDCE8B764->s2 acknowledged installing snapshot
2024-09-29 22:58:09,376 [grpc-default-executor-14] TRACE util.FileUtils (LogUtils.java:runAndLog(49)) - Successfully ran Files.createDirectories /tmp/ratis-tests/statemachine/s2/tmp/snapshot-85ea186b-6a73-4f26-951c-9ca07908447f
2024-09-29 22:58:09,376 [grpc-default-executor-1] TRACE util.FileUtils (LogUtils.java:supplyAndLog(69)) - Successfully supplied FileChannel.open /home/runner/work/ratis/ratis/ratis-test/target/test/data/f7ba0e94/MiniRaftClusterWithGrpc3557aa5c/s1/ba0d2700-dcb2-49e7-a72b-5d7cdce8b764/current/raft-meta.conf.tmp with options [CREATE, WRITE]: sun.nio.ch.FileChannelImpl@1cf1473b
2024-09-29 22:58:09,376 [grpc-default-executor-14] INFO  storage.SnapshotManager (SnapshotManager.java:installSnapshot(111)) - Installing snapshot:s0->s2#0-t1,chunk:85ea186b-6a73-4f26-951c-9ca07908447f,1, to tmp dir:/tmp/ratis-tests/statemachine/s2/tmp/snapshot-85ea186b-6a73-4f26-951c-9ca07908447f
2024-09-29 22:58:09,376 [grpc-default-executor-14] TRACE util.FileUtils (LogUtils.java:runAndLog(49)) - Successfully ran Files.createDirectories /tmp/ratis-tests/statemachine/s2/tmp/snapshot-85ea186b-6a73-4f26-951c-9ca07908447f/1_191
2024-09-29 22:58:09,376 [grpc-default-executor-14] TRACE util.FileUtils (LogUtils.java:supplyAndLog(69)) - Successfully supplied FileChannel.open /tmp/ratis-tests/statemachine/s2/tmp/snapshot-85ea186b-6a73-4f26-951c-9ca07908447f/1_191/loves with options [WRITE, CREATE]: sun.nio.ch.FileChannelImpl@701b51e8
2024-09-29 22:58:09,376 [grpc-default-executor-14] TRACE util.FileUtils (LogUtils.java:supplyAndLog(69)) - Successfully supplied FileChannel.open /tmp/ratis-tests/statemachine/s2/tmp/snapshot-85ea186b-6a73-4f26-951c-9ca07908447f/1_191/loves.md5.tmp with options [CREATE, WRITE]: sun.nio.ch.FileChannelImpl@108d07b9
2024-09-29 22:58:09,377 [grpc-default-executor-14] TRACE util.FileUtils (LogUtils.java:runAndLog(49)) - Successfully ran Atomic Files.move /tmp/ratis-tests/statemachine/s2/tmp/snapshot-85ea186b-6a73-4f26-951c-9ca07908447f/1_191/loves.md5.tmp to /tmp/ratis-tests/statemachine/s2/tmp/snapshot-85ea186b-6a73-4f26-951c-9ca07908447f/1_191/loves.md5 with options [REPLACE_EXISTING]
2024-09-29 22:58:09,377 [grpc-default-executor-1] TRACE util.FileUtils (LogUtils.java:runAndLog(49)) - Successfully ran Atomic Files.move /home/runner/work/ratis/ratis/ratis-test/target/test/data/f7ba0e94/MiniRaftClusterWithGrpc3557aa5c/s1/ba0d2700-dcb2-49e7-a72b-5d7cdce8b764/current/raft-meta.conf.tmp to /home/runner/work/ratis/ratis/ratis-test/target/test/data/f7ba0e94/MiniRaftClusterWithGrpc3557aa5c/s1/ba0d2700-dcb2-49e7-a72b-5d7cdce8b764/current/raft-meta.conf with options [REPLACE_EXISTING]
2024-09-29 22:58:09,378 [grpc-default-executor-14] INFO  impl.SnapshotInstallationHandler (SnapshotInstallationHandler.java:installSnapshotImpl(140)) - s2@group-5D7CDCE8B764: set new configuration configurationEntry {
  peers {
    id: "s0"
    address: "localhost:15040"
    dataStreamAddress: "localhost:15043"
    clientAddress: "localhost:15042"
    adminAddress: "localhost:15041"
    startupRole: FOLLOWER
  }
}
 from snapshot
2024-09-29 22:58:09,378 [grpc-default-executor-1] INFO  impl.SnapshotInstallationHandler (SnapshotInstallationHandler.java:installSnapshot(105)) - s1@group-5D7CDCE8B764: reply installSnapshot: s0<-s1#0:OK-t0,SUCCESS,requestIndex=0
2024-09-29 22:58:09,378 [grpc-default-executor-14] INFO  server.RaftServer$Division (ServerState.java:setRaftConf(386)) - s2@group-5D7CDCE8B764: set configuration conf: {index: 0, cur=peers:[s0|localhost:15040]|listeners:[], old=null}
2024-09-29 22:58:09,378 [grpc-default-executor-14] TRACE util.FileUtils (LogUtils.java:supplyAndLog(69)) - Successfully supplied FileChannel.open /home/runner/work/ratis/ratis/ratis-test/target/test/data/f7ba0e94/MiniRaftClusterWithGrpc3557aa5c/s2/ba0d2700-dcb2-49e7-a72b-5d7cdce8b764/current/raft-meta.conf.tmp with options [CREATE, WRITE]: sun.nio.ch.FileChannelImpl@330c7248
2024-09-29 22:58:09,378 [grpc-default-executor-2] INFO  server.GrpcLogAppender (GrpcLogAppender.java:onNext(664)) - s0@group-5D7CDCE8B764->s1-InstallSnapshotResponseHandler: received the first reply s0<-s1#0:OK-t0,SUCCESS,requestIndex=0
2024-09-29 22:58:09,378 [grpc-default-executor-2] INFO  server.GrpcLogAppender (GrpcLogAppender.java:onNext(675)) - s0@group-5D7CDCE8B764->s1-InstallSnapshotResponseHandler: Completed InstallSnapshot. Reply: serverReply {
  requestorId: "s0"
  replyId: "s1"
  raftGroupId {
    id: "\272\r\'\000\334\262I\347\247+]|\334\350\267d"
  }
  success: true
}
requestIndex: 0

2024-09-29 22:58:09,378 [grpc-default-executor-2] INFO  leader.FollowerInfo (FollowerInfoImpl.java:setAttemptedToInstallSnapshot(154)) - Follower s0@group-5D7CDCE8B764->s1 acknowledged installing snapshot
2024-09-29 22:58:09,378 [grpc-default-executor-1] INFO  impl.SnapshotInstallationHandler (SnapshotInstallationHandler.java:installSnapshot(94)) - s1@group-5D7CDCE8B764: receive installSnapshot: s0->s1#0-t1,chunk:263e0938-fa1e-4960-be4a-3e83d1693807,1
2024-09-29 22:58:09,378 [grpc-default-executor-1] TRACE util.FileUtils (LogUtils.java:runAndLog(49)) - Successfully ran Files.createDirectories /tmp/ratis-tests/statemachine/s1/tmp/snapshot-263e0938-fa1e-4960-be4a-3e83d1693807
2024-09-29 22:58:09,379 [grpc-default-executor-14] TRACE util.FileUtils (LogUtils.java:runAndLog(49)) - Successfully ran Atomic Files.move /home/runner/work/ratis/ratis/ratis-test/target/test/data/f7ba0e94/MiniRaftClusterWithGrpc3557aa5c/s2/ba0d2700-dcb2-49e7-a72b-5d7cdce8b764/current/raft-meta.conf.tmp to /home/runner/work/ratis/ratis/ratis-test/target/test/data/f7ba0e94/MiniRaftClusterWithGrpc3557aa5c/s2/ba0d2700-dcb2-49e7-a72b-5d7cdce8b764/current/raft-meta.conf with options [REPLACE_EXISTING]
2024-09-29 22:58:09,379 [grpc-default-executor-14] INFO  impl.SnapshotInstallationHandler (SnapshotInstallationHandler.java:installSnapshot(105)) - s2@group-5D7CDCE8B764: reply installSnapshot: s0<-s2#0:OK-t1,SUCCESS,requestIndex=1
2024-09-29 22:58:09,379 [grpc-default-executor-1] INFO  storage.SnapshotManager (SnapshotManager.java:installSnapshot(111)) - Installing snapshot:s0->s1#0-t1,chunk:263e0938-fa1e-4960-be4a-3e83d1693807,1, to tmp dir:/tmp/ratis-tests/statemachine/s1/tmp/snapshot-263e0938-fa1e-4960-be4a-3e83d1693807
2024-09-29 22:58:09,379 [grpc-default-executor-2] INFO  server.GrpcLogAppender (GrpcLogAppender.java:onNext(664)) - s0@group-5D7CDCE8B764->s2-InstallSnapshotResponseHandler: received a reply s0<-s2#0:OK-t1,SUCCESS,requestIndex=1
2024-09-29 22:58:09,379 [grpc-default-executor-2] INFO  server.GrpcLogAppender (GrpcLogAppender.java:onNext(675)) - s0@group-5D7CDCE8B764->s2-InstallSnapshotResponseHandler: Completed InstallSnapshot. Reply: serverReply {
  requestorId: "s0"
  replyId: "s2"
  raftGroupId {
    id: "\272\r\'\000\334\262I\347\247+]|\334\350\267d"
  }
  success: true
}
term: 1
requestIndex: 1

2024-09-29 22:58:09,379 [grpc-default-executor-14] INFO  impl.SnapshotInstallationHandler (SnapshotInstallationHandler.java:installSnapshot(94)) - s2@group-5D7CDCE8B764: receive installSnapshot: s0->s2#0-t1,chunk:85ea186b-6a73-4f26-951c-9ca07908447f,2
2024-09-29 22:58:09,379 [grpc-default-executor-14] TRACE util.FileUtils (LogUtils.java:runAndLog(49)) - Successfully ran Files.createDirectories /tmp/ratis-tests/statemachine/s2/tmp/snapshot-85ea186b-6a73-4f26-951c-9ca07908447f
2024-09-29 22:58:09,379 [grpc-default-executor-14] INFO  storage.SnapshotManager (SnapshotManager.java:installSnapshot(111)) - Installing snapshot:s0->s2#0-t1,chunk:85ea186b-6a73-4f26-951c-9ca07908447f,2, to tmp dir:/tmp/ratis-tests/statemachine/s2/tmp/snapshot-85ea186b-6a73-4f26-951c-9ca07908447f
2024-09-29 22:58:09,379 [grpc-default-executor-14] TRACE util.FileUtils (LogUtils.java:runAndLog(49)) - Successfully ran Files.createDirectories /tmp/ratis-tests/statemachine/s2/tmp/snapshot-85ea186b-6a73-4f26-951c-9ca07908447f/1_191
2024-09-29 22:58:09,380 [grpc-default-executor-14] TRACE util.FileUtils (LogUtils.java:supplyAndLog(69)) - Successfully supplied FileChannel.open /tmp/ratis-tests/statemachine/s2/tmp/snapshot-85ea186b-6a73-4f26-951c-9ca07908447f/1_191/deer with options [WRITE, CREATE]: sun.nio.ch.FileChannelImpl@933e905
2024-09-29 22:58:09,379 [grpc-default-executor-1] TRACE util.FileUtils (LogUtils.java:runAndLog(49)) - Successfully ran Files.createDirectories /tmp/ratis-tests/statemachine/s1/tmp/snapshot-263e0938-fa1e-4960-be4a-3e83d1693807/1_191
2024-09-29 22:58:09,380 [grpc-default-executor-14] TRACE util.FileUtils (LogUtils.java:supplyAndLog(69)) - Successfully supplied FileChannel.open /tmp/ratis-tests/statemachine/s2/tmp/snapshot-85ea186b-6a73-4f26-951c-9ca07908447f/1_191/deer.md5.tmp with options [CREATE, WRITE]: sun.nio.ch.FileChannelImpl@71fb9755
2024-09-29 22:58:09,379 [grpc-default-executor-2] INFO  leader.FollowerInfo (FollowerInfoImpl.java:setAttemptedToInstallSnapshot(154)) - Follower s0@group-5D7CDCE8B764->s2 acknowledged installing snapshot
2024-09-29 22:58:09,380 [grpc-default-executor-1] TRACE util.FileUtils (LogUtils.java:supplyAndLog(69)) - Successfully supplied FileChannel.open /tmp/ratis-tests/statemachine/s1/tmp/snapshot-263e0938-fa1e-4960-be4a-3e83d1693807/1_191/loves with options [WRITE, CREATE]: sun.nio.ch.FileChannelImpl@5a32ff6a
2024-09-29 22:58:09,380 [grpc-default-executor-1] TRACE util.FileUtils (LogUtils.java:supplyAndLog(69)) - Successfully supplied FileChannel.open /tmp/ratis-tests/statemachine/s1/tmp/snapshot-263e0938-fa1e-4960-be4a-3e83d1693807/1_191/loves.md5.tmp with options [CREATE, WRITE]: sun.nio.ch.FileChannelImpl@1f67cbbf
2024-09-29 22:58:09,381 [grpc-default-executor-14] TRACE util.FileUtils (LogUtils.java:runAndLog(49)) - Successfully ran Atomic Files.move /tmp/ratis-tests/statemachine/s2/tmp/snapshot-85ea186b-6a73-4f26-951c-9ca07908447f/1_191/deer.md5.tmp to /tmp/ratis-tests/statemachine/s2/tmp/snapshot-85ea186b-6a73-4f26-951c-9ca07908447f/1_191/deer.md5 with options [REPLACE_EXISTING]
2024-09-29 22:58:09,381 [grpc-default-executor-14] INFO  storage.SnapshotManager (SnapshotManager.java:rename(174)) - Installed snapshot, renaming temporary dir /tmp/ratis-tests/statemachine/s2/tmp/snapshot-85ea186b-6a73-4f26-951c-9ca07908447f to /tmp/ratis-tests/statemachine/s2/snapshot
2024-09-29 22:58:09,381 [grpc-default-executor-14] TRACE util.FileUtils (LogUtils.java:runAndLog(49)) - Successfully ran Atomic Files.move /tmp/ratis-tests/statemachine/s2/snapshot to /tmp/ratis-tests/statemachine/s2/snapshot.tmp20240929-225809_381
2024-09-29 22:58:09,381 [grpc-default-executor-14] TRACE util.FileUtils (LogUtils.java:runAndLog(49)) - Successfully ran Atomic Files.move /tmp/ratis-tests/statemachine/s2/tmp/snapshot-85ea186b-6a73-4f26-951c-9ca07908447f to /tmp/ratis-tests/statemachine/s2/snapshot
2024-09-29 22:58:09,381 [grpc-default-executor-14] TRACE util.FileUtils (FileUtils.java:deleteFully(305)) - deleteFully /tmp/ratis-tests/statemachine/s2/snapshot.tmp20240929-225809_381
2024-09-29 22:58:09,381 [grpc-default-executor-1] TRACE util.FileUtils (LogUtils.java:runAndLog(49)) - Successfully ran Atomic Files.move /tmp/ratis-tests/statemachine/s1/tmp/snapshot-263e0938-fa1e-4960-be4a-3e83d1693807/1_191/loves.md5.tmp to /tmp/ratis-tests/statemachine/s1/tmp/snapshot-263e0938-fa1e-4960-be4a-3e83d1693807/1_191/loves.md5 with options [REPLACE_EXISTING]
2024-09-29 22:58:09,381 [grpc-default-executor-14] TRACE util.FileUtils (LogUtils.java:runAndLog(49)) - Successfully ran Files.delete /tmp/ratis-tests/statemachine/s2/snapshot.tmp20240929-225809_381
2024-09-29 22:58:09,381 [grpc-default-executor-1] INFO  impl.SnapshotInstallationHandler (SnapshotInstallationHandler.java:installSnapshotImpl(140)) - s1@group-5D7CDCE8B764: set new configuration configurationEntry {
  peers {
    id: "s0"
    address: "localhost:15040"
    dataStreamAddress: "localhost:15043"
    clientAddress: "localhost:15042"
    adminAddress: "localhost:15041"
    startupRole: FOLLOWER
  }
}
 from snapshot
2024-09-29 22:58:09,381 [s2@group-5D7CDCE8B764-StateMachineUpdater] INFO  impl.SimpleStateMachine4Testing (SimpleStateMachine4Testing.java:reinitialize(238)) - Reinitializing StateMachineWithSeparatedSnapshotPath:s2:group-5D7CDCE8B764
2024-09-29 22:58:09,381 [grpc-default-executor-14] INFO  raftlog.RaftLog (RaftLogBase.java:lambda$new$0(57)) - s2@group-5D7CDCE8B764-SegmentedRaftLog: snapshotIndex: updateIncreasingly -1 -> 191
2024-09-29 22:58:09,382 [s2@group-5D7CDCE8B764-StateMachineUpdater] INFO  impl.SimpleStateMachine4Testing (SimpleStateMachine4Testing.java:loadSnapshot(300)) - Loading snapshot null
2024-09-29 22:58:09,382 [grpc-default-executor-1] INFO  server.RaftServer$Division (ServerState.java:setRaftConf(386)) - s1@group-5D7CDCE8B764: set configuration conf: {index: 0, cur=peers:[s0|localhost:15040]|listeners:[], old=null}
2024-09-29 22:58:09,382 [grpc-default-executor-14] INFO  segmented.SegmentedRaftLogWorker (SegmentedRaftLogWorker.java:lambda$new$0(138)) - s2@group-5D7CDCE8B764-SegmentedRaftLogWorker: flushIndex: setUnconditionally -1 -> 191
2024-09-29 22:58:09,382 [grpc-default-executor-1] TRACE util.FileUtils (LogUtils.java:supplyAndLog(69)) - Successfully supplied FileChannel.open /home/runner/work/ratis/ratis/ratis-test/target/test/data/f7ba0e94/MiniRaftClusterWithGrpc3557aa5c/s1/ba0d2700-dcb2-49e7-a72b-5d7cdce8b764/current/raft-meta.conf.tmp with options [CREATE, WRITE]: sun.nio.ch.FileChannelImpl@9b98ff7
2024-09-29 22:58:09,382 [s2@group-5D7CDCE8B764-StateMachineUpdater] INFO  impl.StateMachineUpdater (StateMachineUpdater.java:lambda$new$0(102)) - s2@group-5D7CDCE8B764-StateMachineUpdater: snapshotIndex: setUnconditionally -1 -> 191
2024-09-29 22:58:09,382 [grpc-default-executor-14] INFO  segmented.SegmentedRaftLogWorker (SegmentedRaftLogWorker.java:lambda$new$0(138)) - s2@group-5D7CDCE8B764-SegmentedRaftLogWorker: safeCacheEvictIndex: setUnconditionally -1 -> 191
2024-09-29 22:58:09,382 [s2@group-5D7CDCE8B764-StateMachineUpdater] INFO  impl.StateMachineUpdater (StateMachineUpdater.java:lambda$new$0(102)) - s2@group-5D7CDCE8B764-StateMachineUpdater: appliedIndex: setUnconditionally -1 -> 191
2024-09-29 22:58:09,387 [grpc-default-executor-14] INFO  raftlog.RaftLog (RaftLogBase.java:lambda$new$0(57)) - s2@group-5D7CDCE8B764-SegmentedRaftLog: purgeIndex: updateToMax old=-1, new=191, updated? true
2024-09-29 22:58:09,387 [grpc-default-executor-14] INFO  impl.SnapshotInstallationHandler (SnapshotInstallationHandler.java:checkAndInstallSnapshot(207)) - s2@group-5D7CDCE8B764: successfully install the entire snapshot-191
2024-09-29 22:58:09,387 [grpc-default-executor-14] INFO  impl.SnapshotInstallationHandler (SnapshotInstallationHandler.java:installSnapshotImpl(140)) - s2@group-5D7CDCE8B764: set new configuration configurationEntry {
  peers {
    id: "s0"
    address: "localhost:15040"
    dataStreamAddress: "localhost:15043"
    clientAddress: "localhost:15042"
    adminAddress: "localhost:15041"
    startupRole: FOLLOWER
  }
}
 from snapshot
2024-09-29 22:58:09,387 [grpc-default-executor-14] INFO  server.RaftServer$Division (ServerState.java:setRaftConf(386)) - s2@group-5D7CDCE8B764: set configuration conf: {index: 0, cur=peers:[s0|localhost:15040]|listeners:[], old=null}
2024-09-29 22:58:09,387 [grpc-default-executor-14] TRACE util.FileUtils (LogUtils.java:supplyAndLog(69)) - Successfully supplied FileChannel.open /home/runner/work/ratis/ratis/ratis-test/target/test/data/f7ba0e94/MiniRaftClusterWithGrpc3557aa5c/s2/ba0d2700-dcb2-49e7-a72b-5d7cdce8b764/current/raft-meta.conf.tmp with options [CREATE, WRITE]: sun.nio.ch.FileChannelImpl@21353510
2024-09-29 22:58:09,387 [grpc-default-executor-1] TRACE util.FileUtils (LogUtils.java:runAndLog(49)) - Successfully ran Atomic Files.move /home/runner/work/ratis/ratis/ratis-test/target/test/data/f7ba0e94/MiniRaftClusterWithGrpc3557aa5c/s1/ba0d2700-dcb2-49e7-a72b-5d7cdce8b764/current/raft-meta.conf.tmp to /home/runner/work/ratis/ratis/ratis-test/target/test/data/f7ba0e94/MiniRaftClusterWithGrpc3557aa5c/s1/ba0d2700-dcb2-49e7-a72b-5d7cdce8b764/current/raft-meta.conf with options [REPLACE_EXISTING]
2024-09-29 22:58:09,387 [grpc-default-executor-1] INFO  impl.SnapshotInstallationHandler (SnapshotInstallationHandler.java:installSnapshot(105)) - s1@group-5D7CDCE8B764: reply installSnapshot: s0<-s1#0:OK-t1,SUCCESS,requestIndex=1
2024-09-29 22:58:09,388 [grpc-default-executor-2] INFO  server.GrpcLogAppender (GrpcLogAppender.java:onNext(664)) - s0@group-5D7CDCE8B764->s1-InstallSnapshotResponseHandler: received a reply s0<-s1#0:OK-t1,SUCCESS,requestIndex=1
2024-09-29 22:58:09,388 [grpc-default-executor-1] INFO  impl.SnapshotInstallationHandler (SnapshotInstallationHandler.java:installSnapshot(94)) - s1@group-5D7CDCE8B764: receive installSnapshot: s0->s1#0-t1,chunk:263e0938-fa1e-4960-be4a-3e83d1693807,2
2024-09-29 22:58:09,388 [grpc-default-executor-2] INFO  server.GrpcLogAppender (GrpcLogAppender.java:onNext(675)) - s0@group-5D7CDCE8B764->s1-InstallSnapshotResponseHandler: Completed InstallSnapshot. Reply: serverReply {
  requestorId: "s0"
  replyId: "s1"
  raftGroupId {
    id: "\272\r\'\000\334\262I\347\247+]|\334\350\267d"
  }
  success: true
}
term: 1
requestIndex: 1

2024-09-29 22:58:09,388 [grpc-default-executor-2] INFO  leader.FollowerInfo (FollowerInfoImpl.java:setAttemptedToInstallSnapshot(154)) - Follower s0@group-5D7CDCE8B764->s1 acknowledged installing snapshot
2024-09-29 22:58:09,388 [grpc-default-executor-1] TRACE util.FileUtils (LogUtils.java:runAndLog(49)) - Successfully ran Files.createDirectories /tmp/ratis-tests/statemachine/s1/tmp/snapshot-263e0938-fa1e-4960-be4a-3e83d1693807
2024-09-29 22:58:09,388 [grpc-default-executor-14] TRACE util.FileUtils (LogUtils.java:runAndLog(49)) - Successfully ran Atomic Files.move /home/runner/work/ratis/ratis/ratis-test/target/test/data/f7ba0e94/MiniRaftClusterWithGrpc3557aa5c/s2/ba0d2700-dcb2-49e7-a72b-5d7cdce8b764/current/raft-meta.conf.tmp to /home/runner/work/ratis/ratis/ratis-test/target/test/data/f7ba0e94/MiniRaftClusterWithGrpc3557aa5c/s2/ba0d2700-dcb2-49e7-a72b-5d7cdce8b764/current/raft-meta.conf with options [REPLACE_EXISTING]
2024-09-29 22:58:09,388 [grpc-default-executor-1] INFO  storage.SnapshotManager (SnapshotManager.java:installSnapshot(111)) - Installing snapshot:s0->s1#0-t1,chunk:263e0938-fa1e-4960-be4a-3e83d1693807,2, to tmp dir:/tmp/ratis-tests/statemachine/s1/tmp/snapshot-263e0938-fa1e-4960-be4a-3e83d1693807
2024-09-29 22:58:09,388 [grpc-default-executor-14] INFO  impl.SnapshotInstallationHandler (SnapshotInstallationHandler.java:installSnapshot(105)) - s2@group-5D7CDCE8B764: reply installSnapshot: s0<-s2#0:OK-t1,SUCCESS,requestIndex=2
2024-09-29 22:58:09,388 [grpc-default-executor-1] TRACE util.FileUtils (LogUtils.java:runAndLog(49)) - Successfully ran Files.createDirectories /tmp/ratis-tests/statemachine/s1/tmp/snapshot-263e0938-fa1e-4960-be4a-3e83d1693807/1_191
2024-09-29 22:58:09,389 [grpc-default-executor-2] INFO  server.GrpcLogAppender (GrpcLogAppender.java:onNext(664)) - s0@group-5D7CDCE8B764->s2-InstallSnapshotResponseHandler: received a reply s0<-s2#0:OK-t1,SUCCESS,requestIndex=2
2024-09-29 22:58:09,388 [grpc-default-executor-14] INFO  server.GrpcServerProtocolService (GrpcServerProtocolService.java:onCompleted(200)) - s2: Completed INSTALL_SNAPSHOT, lastRequest: s0->s2#0-t1,chunk:85ea186b-6a73-4f26-951c-9ca07908447f,2
2024-09-29 22:58:09,389 [grpc-default-executor-14] INFO  server.GrpcServerProtocolService (GrpcServerProtocolService.java:lambda$onCompleted$7(202)) - s2: Completed INSTALL_SNAPSHOT, lastReply: null
2024-09-29 22:58:09,389 [grpc-default-executor-2] INFO  server.GrpcLogAppender (GrpcLogAppender.java:onNext(675)) - s0@group-5D7CDCE8B764->s2-InstallSnapshotResponseHandler: Completed InstallSnapshot. Reply: serverReply {
  requestorId: "s0"
  replyId: "s2"
  raftGroupId {
    id: "\272\r\'\000\334\262I\347\247+]|\334\350\267d"
  }
  success: true
}
term: 1
requestIndex: 2

2024-09-29 22:58:09,389 [grpc-default-executor-2] INFO  leader.FollowerInfo (FollowerInfoImpl.java:setAttemptedToInstallSnapshot(154)) - Follower s0@group-5D7CDCE8B764->s2 acknowledged installing snapshot
2024-09-29 22:58:09,389 [grpc-default-executor-14] INFO  server.GrpcLogAppender (GrpcLogAppender.java:onCompleted(740)) - s0@group-5D7CDCE8B764->s2-InstallSnapshotResponseHandler: follower responded installSnapshot COMPLETED
2024-09-29 22:58:09,389 [grpc-default-executor-1] TRACE util.FileUtils (LogUtils.java:supplyAndLog(69)) - Successfully supplied FileChannel.open /tmp/ratis-tests/statemachine/s1/tmp/snapshot-263e0938-fa1e-4960-be4a-3e83d1693807/1_191/deer with options [WRITE, CREATE]: sun.nio.ch.FileChannelImpl@2f50c8d2
2024-09-29 22:58:09,389 [s0@group-5D7CDCE8B764->s2-GrpcLogAppender-LogAppenderDaemon] INFO  leader.FollowerInfo (FollowerInfoImpl.java:info(64)) - s0@group-5D7CDCE8B764->s2: snapshotIndex: setUnconditionally 0 -> 191
2024-09-29 22:58:09,389 [s0@group-5D7CDCE8B764->s2-GrpcLogAppender-LogAppenderDaemon] INFO  leader.FollowerInfo (FollowerInfoImpl.java:info(64)) - s0@group-5D7CDCE8B764->s2: matchIndex: setUnconditionally -1 -> 191
2024-09-29 22:58:09,389 [s0@group-5D7CDCE8B764->s2-GrpcLogAppender-LogAppenderDaemon] INFO  leader.FollowerInfo (FollowerInfoImpl.java:info(64)) - s0@group-5D7CDCE8B764->s2: nextIndex: setUnconditionally 0 -> 192
2024-09-29 22:58:09,390 [grpc-default-executor-1] TRACE util.FileUtils (LogUtils.java:supplyAndLog(69)) - Successfully supplied FileChannel.open /tmp/ratis-tests/statemachine/s1/tmp/snapshot-263e0938-fa1e-4960-be4a-3e83d1693807/1_191/deer.md5.tmp with options [CREATE, WRITE]: sun.nio.ch.FileChannelImpl@ecbd4b4
2024-09-29 22:58:09,390 [s0@group-5D7CDCE8B764->s2-GrpcLogAppender-LogAppenderDaemon] INFO  server.GrpcLogAppender (GrpcLogAppender.java:installSnapshot(789)) - s0@group-5D7CDCE8B764->s2-GrpcLogAppender: installed snapshot FileListSnapshotInfo(t:1, i:191):[/tmp/ratis-tests/statemachine/s0/snapshot/1_191/vegetable, /tmp/ratis-tests/statemachine/s0/snapshot/1_191/loves, /tmp/ratis-tests/statemachine/s0/snapshot/1_191/deer] successfully
2024-09-29 22:58:09,390 [grpc-default-executor-1] TRACE util.FileUtils (LogUtils.java:runAndLog(49)) - Successfully ran Atomic Files.move /tmp/ratis-tests/statemachine/s1/tmp/snapshot-263e0938-fa1e-4960-be4a-3e83d1693807/1_191/deer.md5.tmp to /tmp/ratis-tests/statemachine/s1/tmp/snapshot-263e0938-fa1e-4960-be4a-3e83d1693807/1_191/deer.md5 with options [REPLACE_EXISTING]
2024-09-29 22:58:09,390 [grpc-default-executor-1] INFO  storage.SnapshotManager (SnapshotManager.java:rename(174)) - Installed snapshot, renaming temporary dir /tmp/ratis-tests/statemachine/s1/tmp/snapshot-263e0938-fa1e-4960-be4a-3e83d1693807 to /tmp/ratis-tests/statemachine/s1/snapshot
2024-09-29 22:58:09,391 [grpc-default-executor-1] TRACE util.FileUtils (LogUtils.java:runAndLog(49)) - Successfully ran Atomic Files.move /tmp/ratis-tests/statemachine/s1/snapshot to /tmp/ratis-tests/statemachine/s1/snapshot.tmp20240929-225809_390
2024-09-29 22:58:09,391 [grpc-default-executor-1] TRACE util.FileUtils (LogUtils.java:runAndLog(49)) - Successfully ran Atomic Files.move /tmp/ratis-tests/statemachine/s1/tmp/snapshot-263e0938-fa1e-4960-be4a-3e83d1693807 to /tmp/ratis-tests/statemachine/s1/snapshot
2024-09-29 22:58:09,391 [grpc-default-executor-1] TRACE util.FileUtils (FileUtils.java:deleteFully(305)) - deleteFully /tmp/ratis-tests/statemachine/s1/snapshot.tmp20240929-225809_390
2024-09-29 22:58:09,391 [grpc-default-executor-1] TRACE util.FileUtils (LogUtils.java:runAndLog(49)) - Successfully ran Files.delete /tmp/ratis-tests/statemachine/s1/snapshot.tmp20240929-225809_390
2024-09-29 22:58:09,391 [grpc-default-executor-1] INFO  raftlog.RaftLog (RaftLogBase.java:lambda$new$0(57)) - s1@group-5D7CDCE8B764-SegmentedRaftLog: snapshotIndex: updateIncreasingly -1 -> 191
2024-09-29 22:58:09,391 [s1@group-5D7CDCE8B764-StateMachineUpdater] INFO  impl.SimpleStateMachine4Testing (SimpleStateMachine4Testing.java:reinitialize(238)) - Reinitializing StateMachineWithSeparatedSnapshotPath:s1:group-5D7CDCE8B764
2024-09-29 22:58:09,391 [grpc-default-executor-1] INFO  segmented.SegmentedRaftLogWorker (SegmentedRaftLogWorker.java:lambda$new$0(138)) - s1@group-5D7CDCE8B764-SegmentedRaftLogWorker: flushIndex: setUnconditionally -1 -> 191
2024-09-29 22:58:09,391 [s1@group-5D7CDCE8B764-StateMachineUpdater] INFO  impl.SimpleStateMachine4Testing (SimpleStateMachine4Testing.java:loadSnapshot(300)) - Loading snapshot null
2024-09-29 22:58:09,391 [grpc-default-executor-1] INFO  segmented.SegmentedRaftLogWorker (SegmentedRaftLogWorker.java:lambda$new$0(138)) - s1@group-5D7CDCE8B764-SegmentedRaftLogWorker: safeCacheEvictIndex: setUnconditionally -1 -> 191
2024-09-29 22:58:09,391 [s1@group-5D7CDCE8B764-StateMachineUpdater] INFO  impl.StateMachineUpdater (StateMachineUpdater.java:lambda$new$0(102)) - s1@group-5D7CDCE8B764-StateMachineUpdater: snapshotIndex: setUnconditionally -1 -> 191
2024-09-29 22:58:09,391 [s1@group-5D7CDCE8B764-StateMachineUpdater] INFO  impl.StateMachineUpdater (StateMachineUpdater.java:lambda$new$0(102)) - s1@group-5D7CDCE8B764-StateMachineUpdater: appliedIndex: setUnconditionally -1 -> 191
2024-09-29 22:58:09,391 [grpc-default-executor-1] INFO  raftlog.RaftLog (RaftLogBase.java:lambda$new$0(57)) - s1@group-5D7CDCE8B764-SegmentedRaftLog: purgeIndex: updateToMax old=-1, new=191, updated? true
2024-09-29 22:58:09,391 [grpc-default-executor-1] INFO  impl.SnapshotInstallationHandler (SnapshotInstallationHandler.java:checkAndInstallSnapshot(207)) - s1@group-5D7CDCE8B764: successfully install the entire snapshot-191
2024-09-29 22:58:09,392 [grpc-default-executor-1] INFO  impl.SnapshotInstallationHandler (SnapshotInstallationHandler.java:installSnapshotImpl(140)) - s1@group-5D7CDCE8B764: set new configuration configurationEntry {
  peers {
    id: "s0"
    address: "localhost:15040"
    dataStreamAddress: "localhost:15043"
    clientAddress: "localhost:15042"
    adminAddress: "localhost:15041"
    startupRole: FOLLOWER
  }
}
 from snapshot
2024-09-29 22:58:09,392 [grpc-default-executor-1] INFO  server.RaftServer$Division (ServerState.java:setRaftConf(386)) - s1@group-5D7CDCE8B764: set configuration conf: {index: 0, cur=peers:[s0|localhost:15040]|listeners:[], old=null}
2024-09-29 22:58:09,392 [grpc-default-executor-1] TRACE util.FileUtils (LogUtils.java:supplyAndLog(69)) - Successfully supplied FileChannel.open /home/runner/work/ratis/ratis/ratis-test/target/test/data/f7ba0e94/MiniRaftClusterWithGrpc3557aa5c/s1/ba0d2700-dcb2-49e7-a72b-5d7cdce8b764/current/raft-meta.conf.tmp with options [CREATE, WRITE]: sun.nio.ch.FileChannelImpl@4b4824ad
2024-09-29 22:58:09,393 [grpc-default-executor-1] TRACE util.FileUtils (LogUtils.java:runAndLog(49)) - Successfully ran Atomic Files.move /home/runner/work/ratis/ratis/ratis-test/target/test/data/f7ba0e94/MiniRaftClusterWithGrpc3557aa5c/s1/ba0d2700-dcb2-49e7-a72b-5d7cdce8b764/current/raft-meta.conf.tmp to /home/runner/work/ratis/ratis/ratis-test/target/test/data/f7ba0e94/MiniRaftClusterWithGrpc3557aa5c/s1/ba0d2700-dcb2-49e7-a72b-5d7cdce8b764/current/raft-meta.conf with options [REPLACE_EXISTING]
2024-09-29 22:58:09,393 [grpc-default-executor-1] INFO  impl.SnapshotInstallationHandler (SnapshotInstallationHandler.java:installSnapshot(105)) - s1@group-5D7CDCE8B764: reply installSnapshot: s0<-s1#0:OK-t1,SUCCESS,requestIndex=2
2024-09-29 22:58:09,393 [grpc-default-executor-2] INFO  server.GrpcLogAppender (GrpcLogAppender.java:onNext(664)) - s0@group-5D7CDCE8B764->s1-InstallSnapshotResponseHandler: received a reply s0<-s1#0:OK-t1,SUCCESS,requestIndex=2
2024-09-29 22:58:09,393 [grpc-default-executor-2] INFO  server.GrpcLogAppender (GrpcLogAppender.java:onNext(675)) - s0@group-5D7CDCE8B764->s1-InstallSnapshotResponseHandler: Completed InstallSnapshot. Reply: serverReply {
  requestorId: "s0"
  replyId: "s1"
  raftGroupId {
    id: "\272\r\'\000\334\262I\347\247+]|\334\350\267d"
  }
  success: true
}
term: 1
requestIndex: 2

2024-09-29 22:58:09,393 [grpc-default-executor-2] INFO  leader.FollowerInfo (FollowerInfoImpl.java:setAttemptedToInstallSnapshot(154)) - Follower s0@group-5D7CDCE8B764->s1 acknowledged installing snapshot
2024-09-29 22:58:09,394 [grpc-default-executor-1] INFO  server.GrpcServerProtocolService (GrpcServerProtocolService.java:onCompleted(200)) - s1: Completed INSTALL_SNAPSHOT, lastRequest: s0->s1#0-t1,chunk:263e0938-fa1e-4960-be4a-3e83d1693807,2
2024-09-29 22:58:09,394 [grpc-default-executor-1] INFO  server.GrpcServerProtocolService (GrpcServerProtocolService.java:lambda$onCompleted$7(202)) - s1: Completed INSTALL_SNAPSHOT, lastReply: null
2024-09-29 22:58:09,394 [grpc-default-executor-1] INFO  server.GrpcLogAppender (GrpcLogAppender.java:onCompleted(740)) - s0@group-5D7CDCE8B764->s1-InstallSnapshotResponseHandler: follower responded installSnapshot COMPLETED
2024-09-29 22:58:09,395 [s0@group-5D7CDCE8B764->s1-GrpcLogAppender-LogAppenderDaemon] INFO  leader.FollowerInfo (FollowerInfoImpl.java:info(64)) - s0@group-5D7CDCE8B764->s1: snapshotIndex: setUnconditionally 0 -> 191
2024-09-29 22:58:09,395 [s0@group-5D7CDCE8B764->s1-GrpcLogAppender-LogAppenderDaemon] INFO  leader.FollowerInfo (FollowerInfoImpl.java:info(64)) - s0@group-5D7CDCE8B764->s1: matchIndex: setUnconditionally -1 -> 191
2024-09-29 22:58:09,395 [s0@group-5D7CDCE8B764->s1-GrpcLogAppender-LogAppenderDaemon] INFO  leader.FollowerInfo (FollowerInfoImpl.java:info(64)) - s0@group-5D7CDCE8B764->s1: nextIndex: setUnconditionally 0 -> 192
2024-09-29 22:58:09,395 [s0@group-5D7CDCE8B764->s1-GrpcLogAppender-LogAppenderDaemon] INFO  server.GrpcLogAppender (GrpcLogAppender.java:installSnapshot(789)) - s0@group-5D7CDCE8B764->s1-GrpcLogAppender: installed snapshot FileListSnapshotInfo(t:1, i:191):[/tmp/ratis-tests/statemachine/s0/snapshot/1_191/vegetable, /tmp/ratis-tests/statemachine/s0/snapshot/1_191/loves, /tmp/ratis-tests/statemachine/s0/snapshot/1_191/deer] successfully
2024-09-29 22:58:09,397 [s2-server-thread2] INFO  segmented.SegmentedRaftLogWorker (SegmentedRaftLogWorker.java:startLogSegment(438)) - s2@group-5D7CDCE8B764-SegmentedRaftLogWorker: Starting segment from index:192
2024-09-29 22:58:09,401 [s2@group-5D7CDCE8B764-SegmentedRaftLogWorker] INFO  segmented.BufferedWriteChannel (BufferedWriteChannel.java:open(61)) - open log_inprogress_192 at position 0
2024-09-29 22:58:09,409 [s1-server-thread2] INFO  segmented.SegmentedRaftLogWorker (SegmentedRaftLogWorker.java:startLogSegment(438)) - s1@group-5D7CDCE8B764-SegmentedRaftLogWorker: Starting segment from index:192
2024-09-29 22:58:09,409 [s1@group-5D7CDCE8B764-SegmentedRaftLogWorker] INFO  segmented.BufferedWriteChannel (BufferedWriteChannel.java:open(61)) - open log_inprogress_192 at position 0
2024-09-29 22:58:09,411 [s2@group-5D7CDCE8B764-SegmentedRaftLogWorker] INFO  segmented.SegmentedRaftLogWorker (SegmentedRaftLogWorker.java:execute(660)) - s2@group-5D7CDCE8B764-SegmentedRaftLogWorker: created new log segment /home/runner/work/ratis/ratis/ratis-test/target/test/data/f7ba0e94/MiniRaftClusterWithGrpc3557aa5c/s2/ba0d2700-dcb2-49e7-a72b-5d7cdce8b764/current/log_inprogress_192
2024-09-29 22:58:09,412 [s2@group-5D7CDCE8B764-StateMachineUpdater] INFO  impl.SimpleStateMachine4Testing (SimpleStateMachine4Testing.java:applyTransaction(251)) - applyTransaction for log index 193
2024-09-29 22:58:09,412 [s2@group-5D7CDCE8B764-StateMachineUpdater] INFO  impl.SimpleStateMachine4Testing (SimpleStateMachine4Testing.java:put(207)) - s2: put 193, m96 -> (t:1, i:193), STATEMACHINELOGENTRY, WRITE: logData.size=3, stateMachineData.size=17, logEntryProtoSerializedSize=0
2024-09-29 22:58:09,412 [s2@group-5D7CDCE8B764-StateMachineUpdater] INFO  impl.SimpleStateMachine4Testing (SimpleStateMachine4Testing.java:applyTransaction(251)) - applyTransaction for log index 195
2024-09-29 22:58:09,413 [s2@group-5D7CDCE8B764-StateMachineUpdater] INFO  impl.SimpleStateMachine4Testing (SimpleStateMachine4Testing.java:put(207)) - s2: put 195, m97 -> (t:1, i:195), STATEMACHINELOGENTRY, WRITE: logData.size=3, stateMachineData.size=17, logEntryProtoSerializedSize=0
2024-09-29 22:58:09,413 [s2@group-5D7CDCE8B764-StateMachineUpdater] INFO  impl.SimpleStateMachine4Testing (SimpleStateMachine4Testing.java:applyTransaction(251)) - applyTransaction for log index 197
2024-09-29 22:58:09,413 [s2@group-5D7CDCE8B764-StateMachineUpdater] INFO  impl.SimpleStateMachine4Testing (SimpleStateMachine4Testing.java:put(207)) - s2: put 197, m98 -> (t:1, i:197), STATEMACHINELOGENTRY, WRITE: logData.size=3, stateMachineData.size=17, logEntryProtoSerializedSize=0
2024-09-29 22:58:09,413 [s2@group-5D7CDCE8B764-StateMachineUpdater] INFO  impl.SimpleStateMachine4Testing (SimpleStateMachine4Testing.java:applyTransaction(251)) - applyTransaction for log index 199
2024-09-29 22:58:09,413 [s2@group-5D7CDCE8B764-StateMachineUpdater] INFO  impl.SimpleStateMachine4Testing (SimpleStateMachine4Testing.java:put(207)) - s2: put 199, m99 -> (t:1, i:199), STATEMACHINELOGENTRY, WRITE: logData.size=3, stateMachineData.size=17, logEntryProtoSerializedSize=0
2024-09-29 22:58:09,413 [s2@group-5D7CDCE8B764-StateMachineUpdater] INFO  impl.SimpleStateMachine4Testing (SimpleStateMachine4Testing.java:applyTransaction(251)) - applyTransaction for log index 201
2024-09-29 22:58:09,413 [s2@group-5D7CDCE8B764-StateMachineUpdater] INFO  impl.SimpleStateMachine4Testing (SimpleStateMachine4Testing.java:put(207)) - s2: put 201, m100 -> (t:1, i:201), STATEMACHINELOGENTRY, WRITE: logData.size=4, stateMachineData.size=17, logEntryProtoSerializedSize=0
2024-09-29 22:58:09,413 [s0@group-5D7CDCE8B764-LeaderStateImpl] INFO  server.RaftServer$Division (ServerState.java:setRaftConf(386)) - s0@group-5D7CDCE8B764: set configuration conf: {index: 255, cur=peers:[s0|localhost:15040, s1|0.0.0.0:15044, s2|0.0.0.0:15045]|listeners:[], old=peers:[s0|localhost:15040]|listeners:[]}
2024-09-29 22:58:09,417 [s2@group-5D7CDCE8B764-StateMachineUpdater] INFO  impl.SimpleStateMachine4Testing (SimpleStateMachine4Testing.java:applyTransaction(251)) - applyTransaction for log index 203
2024-09-29 22:58:09,417 [s2@group-5D7CDCE8B764-StateMachineUpdater] INFO  impl.SimpleStateMachine4Testing (SimpleStateMachine4Testing.java:put(207)) - s2: put 203, m101 -> (t:1, i:203), STATEMACHINELOGENTRY, WRITE: logData.size=4, stateMachineData.size=17, logEntryProtoSerializedSize=0
2024-09-29 22:58:09,417 [s2@group-5D7CDCE8B764-StateMachineUpdater] INFO  impl.SimpleStateMachine4Testing (SimpleStateMachine4Testing.java:applyTransaction(251)) - applyTransaction for log index 205
2024-09-29 22:58:09,417 [s2@group-5D7CDCE8B764-StateMachineUpdater] INFO  impl.SimpleStateMachine4Testing (SimpleStateMachine4Testing.java:put(207)) - s2: put 205, m102 -> (t:1, i:205), STATEMACHINELOGENTRY, WRITE: logData.size=4, stateMachineData.size=17, logEntryProtoSerializedSize=0
2024-09-29 22:58:09,417 [s2@group-5D7CDCE8B764-StateMachineUpdater] INFO  impl.SimpleStateMachine4Testing (SimpleStateMachine4Testing.java:applyTransaction(251)) - applyTransaction for log index 207
2024-09-29 22:58:09,417 [s2@group-5D7CDCE8B764-StateMachineUpdater] INFO  impl.SimpleStateMachine4Testing (SimpleStateMachine4Testing.java:put(207)) - s2: put 207, m103 -> (t:1, i:207), STATEMACHINELOGENTRY, WRITE: logData.size=4, stateMachineData.size=17, logEntryProtoSerializedSize=0
2024-09-29 22:58:09,417 [s2@group-5D7CDCE8B764-StateMachineUpdater] INFO  impl.SimpleStateMachine4Testing (SimpleStateMachine4Testing.java:applyTransaction(251)) - applyTransaction for log index 209
2024-09-29 22:58:09,417 [s2@group-5D7CDCE8B764-StateMachineUpdater] INFO  impl.SimpleStateMachine4Testing (SimpleStateMachine4Testing.java:put(207)) - s2: put 209, m104 -> (t:1, i:209), STATEMACHINELOGENTRY, WRITE: logData.size=4, stateMachineData.size=17, logEntryProtoSerializedSize=0
2024-09-29 22:58:09,417 [s2@group-5D7CDCE8B764-StateMachineUpdater] INFO  impl.SimpleStateMachine4Testing (SimpleStateMachine4Testing.java:applyTransaction(251)) - applyTransaction for log index 211
2024-09-29 22:58:09,418 [s2@group-5D7CDCE8B764-StateMachineUpdater] INFO  impl.SimpleStateMachine4Testing (SimpleStateMachine4Testing.java:put(207)) - s2: put 211, m105 -> (t:1, i:211), STATEMACHINELOGENTRY, WRITE: logData.size=4, stateMachineData.size=17, logEntryProtoSerializedSize=0
2024-09-29 22:58:09,418 [s2@group-5D7CDCE8B764-StateMachineUpdater] INFO  impl.SimpleStateMachine4Testing (SimpleStateMachine4Testing.java:applyTransaction(251)) - applyTransaction for log index 213
2024-09-29 22:58:09,418 [s2@group-5D7CDCE8B764-StateMachineUpdater] INFO  impl.SimpleStateMachine4Testing (SimpleStateMachine4Testing.java:put(207)) - s2: put 213, m106 -> (t:1, i:213), STATEMACHINELOGENTRY, WRITE: logData.size=4, stateMachineData.size=17, logEntryProtoSerializedSize=0
2024-09-29 22:58:09,418 [s1-server-thread2] INFO  impl.RoleInfo (RoleInfo.java:updateAndGet(148)) - s1: start s1@group-5D7CDCE8B764-FollowerState
2024-09-29 22:58:09,418 [s2@group-5D7CDCE8B764-StateMachineUpdater] INFO  impl.SimpleStateMachine4Testing (SimpleStateMachine4Testing.java:applyTransaction(251)) - applyTransaction for log index 215
2024-09-29 22:58:09,419 [s2@group-5D7CDCE8B764-StateMachineUpdater] INFO  impl.SimpleStateMachine4Testing (SimpleStateMachine4Testing.java:put(207)) - s2: put 215, m107 -> (t:1, i:215), STATEMACHINELOGENTRY, WRITE: logData.size=4, stateMachineData.size=17, logEntryProtoSerializedSize=0
2024-09-29 22:58:09,419 [s2@group-5D7CDCE8B764-StateMachineUpdater] INFO  impl.SimpleStateMachine4Testing (SimpleStateMachine4Testing.java:applyTransaction(251)) - applyTransaction for log index 217
2024-09-29 22:58:09,419 [s2@group-5D7CDCE8B764-StateMachineUpdater] INFO  impl.SimpleStateMachine4Testing (SimpleStateMachine4Testing.java:put(207)) - s2: put 217, m108 -> (t:1, i:217), STATEMACHINELOGENTRY, WRITE: logData.size=4, stateMachineData.size=17, logEntryProtoSerializedSize=0
2024-09-29 22:58:09,419 [s2@group-5D7CDCE8B764-StateMachineUpdater] INFO  impl.SimpleStateMachine4Testing (SimpleStateMachine4Testing.java:applyTransaction(251)) - applyTransaction for log index 219
2024-09-29 22:58:09,419 [s2@group-5D7CDCE8B764-StateMachineUpdater] INFO  impl.SimpleStateMachine4Testing (SimpleStateMachine4Testing.java:put(207)) - s2: put 219, m109 -> (t:1, i:219), STATEMACHINELOGENTRY, WRITE: logData.size=4, stateMachineData.size=17, logEntryProtoSerializedSize=0
2024-09-29 22:58:09,419 [s2@group-5D7CDCE8B764-StateMachineUpdater] INFO  impl.SimpleStateMachine4Testing (SimpleStateMachine4Testing.java:applyTransaction(251)) - applyTransaction for log index 221
2024-09-29 22:58:09,419 [s2@group-5D7CDCE8B764-StateMachineUpdater] INFO  impl.SimpleStateMachine4Testing (SimpleStateMachine4Testing.java:put(207)) - s2: put 221, m110 -> (t:1, i:221), STATEMACHINELOGENTRY, WRITE: logData.size=4, stateMachineData.size=17, logEntryProtoSerializedSize=0
2024-09-29 22:58:09,419 [s2@group-5D7CDCE8B764-StateMachineUpdater] INFO  impl.SimpleStateMachine4Testing (SimpleStateMachine4Testing.java:applyTransaction(251)) - applyTransaction for log index 223
2024-09-29 22:58:09,419 [s2@group-5D7CDCE8B764-StateMachineUpdater] INFO  impl.SimpleStateMachine4Testing (SimpleStateMachine4Testing.java:put(207)) - s2: put 223, m111 -> (t:1, i:223), STATEMACHINELOGENTRY, WRITE: logData.size=4, stateMachineData.size=17, logEntryProtoSerializedSize=0
2024-09-29 22:58:09,419 [s2@group-5D7CDCE8B764-StateMachineUpdater] INFO  impl.SimpleStateMachine4Testing (SimpleStateMachine4Testing.java:applyTransaction(251)) - applyTransaction for log index 225
2024-09-29 22:58:09,419 [s2@group-5D7CDCE8B764-StateMachineUpdater] INFO  impl.SimpleStateMachine4Testing (SimpleStateMachine4Testing.java:put(207)) - s2: put 225, m112 -> (t:1, i:225), STATEMACHINELOGENTRY, WRITE: logData.size=4, stateMachineData.size=17, logEntryProtoSerializedSize=0
2024-09-29 22:58:09,419 [s2@group-5D7CDCE8B764-StateMachineUpdater] INFO  impl.SimpleStateMachine4Testing (SimpleStateMachine4Testing.java:applyTransaction(251)) - applyTransaction for log index 227
2024-09-29 22:58:09,419 [s2@group-5D7CDCE8B764-StateMachineUpdater] INFO  impl.SimpleStateMachine4Testing (SimpleStateMachine4Testing.java:put(207)) - s2: put 227, m113 -> (t:1, i:227), STATEMACHINELOGENTRY, WRITE: logData.size=4, stateMachineData.size=17, logEntryProtoSerializedSize=0
2024-09-29 22:58:09,419 [s2@group-5D7CDCE8B764-StateMachineUpdater] INFO  impl.SimpleStateMachine4Testing (SimpleStateMachine4Testing.java:applyTransaction(251)) - applyTransaction for log index 229
2024-09-29 22:58:09,420 [s2@group-5D7CDCE8B764-StateMachineUpdater] INFO  impl.SimpleStateMachine4Testing (SimpleStateMachine4Testing.java:put(207)) - s2: put 229, m114 -> (t:1, i:229), STATEMACHINELOGENTRY, WRITE: logData.size=4, stateMachineData.size=17, logEntryProtoSerializedSize=0
2024-09-29 22:58:09,420 [s2@group-5D7CDCE8B764-StateMachineUpdater] INFO  impl.SimpleStateMachine4Testing (SimpleStateMachine4Testing.java:applyTransaction(251)) - applyTransaction for log index 231
2024-09-29 22:58:09,420 [s2@group-5D7CDCE8B764-StateMachineUpdater] INFO  impl.SimpleStateMachine4Testing (SimpleStateMachine4Testing.java:put(207)) - s2: put 231, m115 -> (t:1, i:231), STATEMACHINELOGENTRY, WRITE: logData.size=4, stateMachineData.size=17, logEntryProtoSerializedSize=0
2024-09-29 22:58:09,420 [s2@group-5D7CDCE8B764-StateMachineUpdater] INFO  impl.SimpleStateMachine4Testing (SimpleStateMachine4Testing.java:applyTransaction(251)) - applyTransaction for log index 233
2024-09-29 22:58:09,420 [s2@group-5D7CDCE8B764-StateMachineUpdater] INFO  impl.SimpleStateMachine4Testing (SimpleStateMachine4Testing.java:put(207)) - s2: put 233, m116 -> (t:1, i:233), STATEMACHINELOGENTRY, WRITE: logData.size=4, stateMachineData.size=17, logEntryProtoSerializedSize=0
2024-09-29 22:58:09,420 [s2@group-5D7CDCE8B764-StateMachineUpdater] INFO  impl.SimpleStateMachine4Testing (SimpleStateMachine4Testing.java:applyTransaction(251)) - applyTransaction for log index 235
2024-09-29 22:58:09,420 [s2@group-5D7CDCE8B764-StateMachineUpdater] INFO  impl.SimpleStateMachine4Testing (SimpleStateMachine4Testing.java:put(207)) - s2: put 235, m117 -> (t:1, i:235), STATEMACHINELOGENTRY, WRITE: logData.size=4, stateMachineData.size=17, logEntryProtoSerializedSize=0
2024-09-29 22:58:09,420 [s2-server-thread2] INFO  impl.RoleInfo (RoleInfo.java:updateAndGet(148)) - s2: start s2@group-5D7CDCE8B764-FollowerState
2024-09-29 22:58:09,420 [s2@group-5D7CDCE8B764-StateMachineUpdater] INFO  impl.SimpleStateMachine4Testing (SimpleStateMachine4Testing.java:applyTransaction(251)) - applyTransaction for log index 237
2024-09-29 22:58:09,420 [s1-server-thread2] INFO  server.RaftServer$Division (ServerState.java:setRaftConf(386)) - s1@group-5D7CDCE8B764: set configuration conf: {index: 255, cur=peers:[s0|localhost:15040, s1|0.0.0.0:15044, s2|0.0.0.0:15045]|listeners:[], old=peers:[s0|localhost:15040]|listeners:[]}
2024-09-29 22:58:09,420 [s2@group-5D7CDCE8B764-StateMachineUpdater] INFO  impl.SimpleStateMachine4Testing (SimpleStateMachine4Testing.java:put(207)) - s2: put 237, m118 -> (t:1, i:237), STATEMACHINELOGENTRY, WRITE: logData.size=4, stateMachineData.size=17, logEntryProtoSerializedSize=0
2024-09-29 22:58:09,421 [s2@group-5D7CDCE8B764-StateMachineUpdater] INFO  impl.SimpleStateMachine4Testing (SimpleStateMachine4Testing.java:applyTransaction(251)) - applyTransaction for log index 239
2024-09-29 22:58:09,421 [s2@group-5D7CDCE8B764-StateMachineUpdater] INFO  impl.SimpleStateMachine4Testing (SimpleStateMachine4Testing.java:put(207)) - s2: put 239, m119 -> (t:1, i:239), STATEMACHINELOGENTRY, WRITE: logData.size=4, stateMachineData.size=17, logEntryProtoSerializedSize=0
2024-09-29 22:58:09,421 [s2@group-5D7CDCE8B764-StateMachineUpdater] INFO  impl.SimpleStateMachine4Testing (SimpleStateMachine4Testing.java:applyTransaction(251)) - applyTransaction for log index 241
2024-09-29 22:58:09,421 [s2-server-thread2] INFO  server.RaftServer$Division (ServerState.java:setRaftConf(386)) - s2@group-5D7CDCE8B764: set configuration conf: {index: 255, cur=peers:[s0|localhost:15040, s1|0.0.0.0:15044, s2|0.0.0.0:15045]|listeners:[], old=peers:[s0|localhost:15040]|listeners:[]}
2024-09-29 22:58:09,421 [s2@group-5D7CDCE8B764-StateMachineUpdater] INFO  impl.SimpleStateMachine4Testing (SimpleStateMachine4Testing.java:put(207)) - s2: put 241, m120 -> (t:1, i:241), STATEMACHINELOGENTRY, WRITE: logData.size=4, stateMachineData.size=17, logEntryProtoSerializedSize=0
2024-09-29 22:58:09,421 [s2@group-5D7CDCE8B764-StateMachineUpdater] INFO  impl.SimpleStateMachine4Testing (SimpleStateMachine4Testing.java:applyTransaction(251)) - applyTransaction for log index 243
2024-09-29 22:58:09,421 [s2@group-5D7CDCE8B764-StateMachineUpdater] INFO  impl.SimpleStateMachine4Testing (SimpleStateMachine4Testing.java:put(207)) - s2: put 243, m121 -> (t:1, i:243), STATEMACHINELOGENTRY, WRITE: logData.size=4, stateMachineData.size=17, logEntryProtoSerializedSize=0
2024-09-29 22:58:09,421 [s2@group-5D7CDCE8B764-StateMachineUpdater] INFO  impl.SimpleStateMachine4Testing (SimpleStateMachine4Testing.java:applyTransaction(251)) - applyTransaction for log index 245
2024-09-29 22:58:09,421 [s2@group-5D7CDCE8B764-StateMachineUpdater] INFO  impl.SimpleStateMachine4Testing (SimpleStateMachine4Testing.java:put(207)) - s2: put 245, m122 -> (t:1, i:245), STATEMACHINELOGENTRY, WRITE: logData.size=4, stateMachineData.size=17, logEntryProtoSerializedSize=0
2024-09-29 22:58:09,421 [s2@group-5D7CDCE8B764-StateMachineUpdater] INFO  impl.SimpleStateMachine4Testing (SimpleStateMachine4Testing.java:applyTransaction(251)) - applyTransaction for log index 247
2024-09-29 22:58:09,421 [s2@group-5D7CDCE8B764-StateMachineUpdater] INFO  impl.SimpleStateMachine4Testing (SimpleStateMachine4Testing.java:put(207)) - s2: put 247, m123 -> (t:1, i:247), STATEMACHINELOGENTRY, WRITE: logData.size=4, stateMachineData.size=17, logEntryProtoSerializedSize=0
2024-09-29 22:58:09,421 [s2@group-5D7CDCE8B764-StateMachineUpdater] INFO  impl.SimpleStateMachine4Testing (SimpleStateMachine4Testing.java:applyTransaction(251)) - applyTransaction for log index 249
2024-09-29 22:58:09,421 [s2@group-5D7CDCE8B764-StateMachineUpdater] INFO  impl.SimpleStateMachine4Testing (SimpleStateMachine4Testing.java:put(207)) - s2: put 249, m124 -> (t:1, i:249), STATEMACHINELOGENTRY, WRITE: logData.size=4, stateMachineData.size=17, logEntryProtoSerializedSize=0
2024-09-29 22:58:09,422 [s2@group-5D7CDCE8B764-StateMachineUpdater] INFO  impl.SimpleStateMachine4Testing (SimpleStateMachine4Testing.java:applyTransaction(251)) - applyTransaction for log index 251
2024-09-29 22:58:09,422 [s2@group-5D7CDCE8B764-StateMachineUpdater] INFO  impl.SimpleStateMachine4Testing (SimpleStateMachine4Testing.java:put(207)) - s2: put 251, m125 -> (t:1, i:251), STATEMACHINELOGENTRY, WRITE: logData.size=4, stateMachineData.size=17, logEntryProtoSerializedSize=0
2024-09-29 22:58:09,422 [s2@group-5D7CDCE8B764-StateMachineUpdater] INFO  impl.SimpleStateMachine4Testing (SimpleStateMachine4Testing.java:applyTransaction(251)) - applyTransaction for log index 253
2024-09-29 22:58:09,422 [s2@group-5D7CDCE8B764-StateMachineUpdater] INFO  impl.SimpleStateMachine4Testing (SimpleStateMachine4Testing.java:put(207)) - s2: put 253, m126 -> (t:1, i:253), STATEMACHINELOGENTRY, WRITE: logData.size=4, stateMachineData.size=17, logEntryProtoSerializedSize=0
2024-09-29 22:58:09,423 [s0@group-5D7CDCE8B764-LeaderStateImpl] INFO  server.RaftServer$Division (ServerState.java:setRaftConf(386)) - s0@group-5D7CDCE8B764: set configuration conf: {index: 257, cur=peers:[s0|localhost:15040, s1|0.0.0.0:15044, s2|0.0.0.0:15045]|listeners:[], old=null}
2024-09-29 22:58:09,424 [s0@group-5D7CDCE8B764-StateMachineUpdater] TRACE util.FileUtils (LogUtils.java:supplyAndLog(69)) - Successfully supplied FileChannel.open /home/runner/work/ratis/ratis/ratis-test/target/test/data/f7ba0e94/MiniRaftClusterWithGrpc3557aa5c/s0/ba0d2700-dcb2-49e7-a72b-5d7cdce8b764/current/raft-meta.conf.tmp with options [CREATE, WRITE]: sun.nio.ch.FileChannelImpl@74470f21
2024-09-29 22:58:09,424 [s1@group-5D7CDCE8B764-SegmentedRaftLogWorker] INFO  segmented.SegmentedRaftLogWorker (SegmentedRaftLogWorker.java:execute(660)) - s1@group-5D7CDCE8B764-SegmentedRaftLogWorker: created new log segment /home/runner/work/ratis/ratis/ratis-test/target/test/data/f7ba0e94/MiniRaftClusterWithGrpc3557aa5c/s1/ba0d2700-dcb2-49e7-a72b-5d7cdce8b764/current/log_inprogress_192
2024-09-29 22:58:09,425 [s1@group-5D7CDCE8B764-StateMachineUpdater] INFO  impl.SimpleStateMachine4Testing (SimpleStateMachine4Testing.java:applyTransaction(251)) - applyTransaction for log index 193
2024-09-29 22:58:09,425 [s1@group-5D7CDCE8B764-StateMachineUpdater] INFO  impl.SimpleStateMachine4Testing (SimpleStateMachine4Testing.java:put(207)) - s1: put 193, m96 -> (t:1, i:193), STATEMACHINELOGENTRY, WRITE: logData.size=3, stateMachineData.size=17, logEntryProtoSerializedSize=0
2024-09-29 22:58:09,425 [s1@group-5D7CDCE8B764-StateMachineUpdater] INFO  impl.SimpleStateMachine4Testing (SimpleStateMachine4Testing.java:applyTransaction(251)) - applyTransaction for log index 195
2024-09-29 22:58:09,425 [s2-server-thread2] INFO  server.RaftServer$Division (ServerState.java:setRaftConf(386)) - s2@group-5D7CDCE8B764: set configuration conf: {index: 257, cur=peers:[s0|localhost:15040, s1|0.0.0.0:15044, s2|0.0.0.0:15045]|listeners:[], old=null}
2024-09-29 22:58:09,426 [s0@group-5D7CDCE8B764-StateMachineUpdater] TRACE util.FileUtils (LogUtils.java:runAndLog(49)) - Successfully ran Atomic Files.move /home/runner/work/ratis/ratis/ratis-test/target/test/data/f7ba0e94/MiniRaftClusterWithGrpc3557aa5c/s0/ba0d2700-dcb2-49e7-a72b-5d7cdce8b764/current/raft-meta.conf.tmp to /home/runner/work/ratis/ratis/ratis-test/target/test/data/f7ba0e94/MiniRaftClusterWithGrpc3557aa5c/s0/ba0d2700-dcb2-49e7-a72b-5d7cdce8b764/current/raft-meta.conf with options [REPLACE_EXISTING]
2024-09-29 22:58:09,425 [s1@group-5D7CDCE8B764-StateMachineUpdater] INFO  impl.SimpleStateMachine4Testing (SimpleStateMachine4Testing.java:put(207)) - s1: put 195, m97 -> (t:1, i:195), STATEMACHINELOGENTRY, WRITE: logData.size=3, stateMachineData.size=17, logEntryProtoSerializedSize=0
2024-09-29 22:58:09,426 [s0@group-5D7CDCE8B764-StateMachineUpdater] TRACE util.FileUtils (FileUtils.java:deleteFully(305)) - deleteFully /tmp/ratis-tests/statemachine/s0/snapshot/1_255
2024-09-29 22:58:09,426 [s1@group-5D7CDCE8B764-StateMachineUpdater] INFO  impl.SimpleStateMachine4Testing (SimpleStateMachine4Testing.java:applyTransaction(251)) - applyTransaction for log index 197
2024-09-29 22:58:09,426 [s0@group-5D7CDCE8B764-StateMachineUpdater] TRACE util.FileUtils (FileUtils.java:deleteFully(318)) - deleteFully: /tmp/ratis-tests/statemachine/s0/snapshot/1_255 does not exist.
2024-09-29 22:58:09,426 [s0@group-5D7CDCE8B764-StateMachineUpdater] TRACE util.FileUtils (FileUtils.java:deleteFully(305)) - deleteFully /tmp/ratis-tests/statemachine/s0/tmp/b65596aa-3e10-4542-bb02-eacb3ab178f4
2024-09-29 22:58:09,426 [s0@group-5D7CDCE8B764-StateMachineUpdater] TRACE util.FileUtils (FileUtils.java:deleteFully(318)) - deleteFully: /tmp/ratis-tests/statemachine/s0/tmp/b65596aa-3e10-4542-bb02-eacb3ab178f4 does not exist.
2024-09-29 22:58:09,426 [s1@group-5D7CDCE8B764-StateMachineUpdater] INFO  impl.SimpleStateMachine4Testing (SimpleStateMachine4Testing.java:put(207)) - s1: put 197, m98 -> (t:1, i:197), STATEMACHINELOGENTRY, WRITE: logData.size=3, stateMachineData.size=17, logEntryProtoSerializedSize=0
2024-09-29 22:58:09,426 [s1-server-thread2] INFO  server.RaftServer$Division (ServerState.java:setRaftConf(386)) - s1@group-5D7CDCE8B764: set configuration conf: {index: 257, cur=peers:[s0|localhost:15040, s1|0.0.0.0:15044, s2|0.0.0.0:15045]|listeners:[], old=null}
2024-09-29 22:58:09,426 [s0@group-5D7CDCE8B764-StateMachineUpdater] TRACE util.FileUtils (LogUtils.java:runAndLog(49)) - Successfully ran Atomic Files.move /tmp/ratis-tests/statemachine/s0/tmp/b65596aa-3e10-4542-bb02-eacb3ab178f4 to /tmp/ratis-tests/statemachine/s0/snapshot/1_255
2024-09-29 22:58:09,426 [s0@group-5D7CDCE8B764-StateMachineUpdater] INFO  impl.StateMachineUpdater (StateMachineUpdater.java:takeSnapshot(308)) - s0@group-5D7CDCE8B764-StateMachineUpdater: Took a snapshot at index 255
2024-09-29 22:58:09,426 [s0@group-5D7CDCE8B764-StateMachineUpdater] INFO  impl.StateMachineUpdater (StateMachineUpdater.java:lambda$new$0(102)) - s0@group-5D7CDCE8B764-StateMachineUpdater: snapshotIndex: updateIncreasingly 191 -> 255
2024-09-29 22:58:09,426 [s1@group-5D7CDCE8B764-StateMachineUpdater] INFO  impl.SimpleStateMachine4Testing (SimpleStateMachine4Testing.java:applyTransaction(251)) - applyTransaction for log index 199
2024-09-29 22:58:09,427 [s1@group-5D7CDCE8B764-StateMachineUpdater] INFO  impl.SimpleStateMachine4Testing (SimpleStateMachine4Testing.java:put(207)) - s1: put 199, m99 -> (t:1, i:199), STATEMACHINELOGENTRY, WRITE: logData.size=3, stateMachineData.size=17, logEntryProtoSerializedSize=0
2024-09-29 22:58:09,427 [s0@group-5D7CDCE8B764-StateMachineUpdater] INFO  raftlog.RaftLog (RaftLogBase.java:purge(329)) - s0@group-5D7CDCE8B764-SegmentedRaftLog: purge 254
2024-09-29 22:58:09,427 [s1@group-5D7CDCE8B764-StateMachineUpdater] INFO  impl.SimpleStateMachine4Testing (SimpleStateMachine4Testing.java:applyTransaction(251)) - applyTransaction for log index 201
2024-09-29 22:58:09,427 [s1@group-5D7CDCE8B764-StateMachineUpdater] INFO  impl.SimpleStateMachine4Testing (SimpleStateMachine4Testing.java:put(207)) - s1: put 201, m100 -> (t:1, i:201), STATEMACHINELOGENTRY, WRITE: logData.size=4, stateMachineData.size=17, logEntryProtoSerializedSize=0
2024-09-29 22:58:09,427 [s1@group-5D7CDCE8B764-StateMachineUpdater] INFO  impl.SimpleStateMachine4Testing (SimpleStateMachine4Testing.java:applyTransaction(251)) - applyTransaction for log index 203
2024-09-29 22:58:09,427 [s1@group-5D7CDCE8B764-StateMachineUpdater] INFO  impl.SimpleStateMachine4Testing (SimpleStateMachine4Testing.java:put(207)) - s1: put 203, m101 -> (t:1, i:203), STATEMACHINELOGENTRY, WRITE: logData.size=4, stateMachineData.size=17, logEntryProtoSerializedSize=0
2024-09-29 22:58:09,427 [s1@group-5D7CDCE8B764-StateMachineUpdater] INFO  impl.SimpleStateMachine4Testing (SimpleStateMachine4Testing.java:applyTransaction(251)) - applyTransaction for log index 205
2024-09-29 22:58:09,427 [s1@group-5D7CDCE8B764-StateMachineUpdater] INFO  impl.SimpleStateMachine4Testing (SimpleStateMachine4Testing.java:put(207)) - s1: put 205, m102 -> (t:1, i:205), STATEMACHINELOGENTRY, WRITE: logData.size=4, stateMachineData.size=17, logEntryProtoSerializedSize=0
2024-09-29 22:58:09,427 [s1@group-5D7CDCE8B764-StateMachineUpdater] INFO  impl.SimpleStateMachine4Testing (SimpleStateMachine4Testing.java:applyTransaction(251)) - applyTransaction for log index 207
2024-09-29 22:58:09,427 [s0@group-5D7CDCE8B764-StateMachineUpdater] INFO  raftlog.RaftLog (RaftLogBase.java:lambda$new$0(57)) - s0@group-5D7CDCE8B764-SegmentedRaftLog: snapshotIndex: updateIncreasingly 191 -> 255
2024-09-29 22:58:09,427 [s1@group-5D7CDCE8B764-StateMachineUpdater] INFO  impl.SimpleStateMachine4Testing (SimpleStateMachine4Testing.java:put(207)) - s1: put 207, m103 -> (t:1, i:207), STATEMACHINELOGENTRY, WRITE: logData.size=4, stateMachineData.size=17, logEntryProtoSerializedSize=0
2024-09-29 22:58:09,427 [s2@group-5D7CDCE8B764-StateMachineUpdater] TRACE util.FileUtils (LogUtils.java:supplyAndLog(69)) - Successfully supplied FileChannel.open /home/runner/work/ratis/ratis/ratis-test/target/test/data/f7ba0e94/MiniRaftClusterWithGrpc3557aa5c/s2/ba0d2700-dcb2-49e7-a72b-5d7cdce8b764/current/raft-meta.conf.tmp with options [CREATE, WRITE]: sun.nio.ch.FileChannelImpl@710d1400
2024-09-29 22:58:09,428 [s1@group-5D7CDCE8B764-StateMachineUpdater] INFO  impl.SimpleStateMachine4Testing (SimpleStateMachine4Testing.java:applyTransaction(251)) - applyTransaction for log index 209
2024-09-29 22:58:09,428 [s0@group-5D7CDCE8B764-StateMachineUpdater] INFO  raftlog.RaftLog (RaftLogBase.java:lambda$new$0(57)) - s0@group-5D7CDCE8B764-SegmentedRaftLog: purgeIndex: updateToMax old=191, new=254, updated? true
2024-09-29 22:58:09,428 [s1@group-5D7CDCE8B764-StateMachineUpdater] INFO  impl.SimpleStateMachine4Testing (SimpleStateMachine4Testing.java:put(207)) - s1: put 209, m104 -> (t:1, i:209), STATEMACHINELOGENTRY, WRITE: logData.size=4, stateMachineData.size=17, logEntryProtoSerializedSize=0
2024-09-29 22:58:09,428 [s1@group-5D7CDCE8B764-StateMachineUpdater] INFO  impl.SimpleStateMachine4Testing (SimpleStateMachine4Testing.java:applyTransaction(251)) - applyTransaction for log index 211
2024-09-29 22:58:09,428 [s1@group-5D7CDCE8B764-StateMachineUpdater] INFO  impl.SimpleStateMachine4Testing (SimpleStateMachine4Testing.java:put(207)) - s1: put 211, m105 -> (t:1, i:211), STATEMACHINELOGENTRY, WRITE: logData.size=4, stateMachineData.size=17, logEntryProtoSerializedSize=0
2024-09-29 22:58:09,428 [s1@group-5D7CDCE8B764-StateMachineUpdater] INFO  impl.SimpleStateMachine4Testing (SimpleStateMachine4Testing.java:applyTransaction(251)) - applyTransaction for log index 213
2024-09-29 22:58:09,428 [s1@group-5D7CDCE8B764-StateMachineUpdater] INFO  impl.SimpleStateMachine4Testing (SimpleStateMachine4Testing.java:put(207)) - s1: put 213, m106 -> (t:1, i:213), STATEMACHINELOGENTRY, WRITE: logData.size=4, stateMachineData.size=17, logEntryProtoSerializedSize=0
2024-09-29 22:58:09,428 [s1@group-5D7CDCE8B764-StateMachineUpdater] INFO  impl.SimpleStateMachine4Testing (SimpleStateMachine4Testing.java:applyTransaction(251)) - applyTransaction for log index 215
2024-09-29 22:58:09,428 [s1@group-5D7CDCE8B764-StateMachineUpdater] INFO  impl.SimpleStateMachine4Testing (SimpleStateMachine4Testing.java:put(207)) - s1: put 215, m107 -> (t:1, i:215), STATEMACHINELOGENTRY, WRITE: logData.size=4, stateMachineData.size=17, logEntryProtoSerializedSize=0
2024-09-29 22:58:09,428 [s0@group-5D7CDCE8B764-StateMachineUpdater] TRACE util.FileUtils (LogUtils.java:supplyAndLog(69)) - Successfully supplied FileChannel.open /home/runner/work/ratis/ratis/ratis-test/target/test/data/f7ba0e94/MiniRaftClusterWithGrpc3557aa5c/s0/ba0d2700-dcb2-49e7-a72b-5d7cdce8b764/current/raft-meta.conf.tmp with options [CREATE, WRITE]: sun.nio.ch.FileChannelImpl@31458fcd
2024-09-29 22:58:09,428 [s1@group-5D7CDCE8B764-StateMachineUpdater] INFO  impl.SimpleStateMachine4Testing (SimpleStateMachine4Testing.java:applyTransaction(251)) - applyTransaction for log index 217
2024-09-29 22:58:09,428 [s1@group-5D7CDCE8B764-StateMachineUpdater] INFO  impl.SimpleStateMachine4Testing (SimpleStateMachine4Testing.java:put(207)) - s1: put 217, m108 -> (t:1, i:217), STATEMACHINELOGENTRY, WRITE: logData.size=4, stateMachineData.size=17, logEntryProtoSerializedSize=0
2024-09-29 22:58:09,429 [s1@group-5D7CDCE8B764-StateMachineUpdater] INFO  impl.SimpleStateMachine4Testing (SimpleStateMachine4Testing.java:applyTransaction(251)) - applyTransaction for log index 219
2024-09-29 22:58:09,429 [s1@group-5D7CDCE8B764-StateMachineUpdater] INFO  impl.SimpleStateMachine4Testing (SimpleStateMachine4Testing.java:put(207)) - s1: put 219, m109 -> (t:1, i:219), STATEMACHINELOGENTRY, WRITE: logData.size=4, stateMachineData.size=17, logEntryProtoSerializedSize=0
2024-09-29 22:58:09,429 [s1@group-5D7CDCE8B764-StateMachineUpdater] INFO  impl.SimpleStateMachine4Testing (SimpleStateMachine4Testing.java:applyTransaction(251)) - applyTransaction for log index 221
2024-09-29 22:58:09,429 [s1@group-5D7CDCE8B764-StateMachineUpdater] INFO  impl.SimpleStateMachine4Testing (SimpleStateMachine4Testing.java:put(207)) - s1: put 221, m110 -> (t:1, i:221), STATEMACHINELOGENTRY, WRITE: logData.size=4, stateMachineData.size=17, logEntryProtoSerializedSize=0
2024-09-29 22:58:09,429 [s1@group-5D7CDCE8B764-StateMachineUpdater] INFO  impl.SimpleStateMachine4Testing (SimpleStateMachine4Testing.java:applyTransaction(251)) - applyTransaction for log index 223
2024-09-29 22:58:09,429 [s1@group-5D7CDCE8B764-StateMachineUpdater] INFO  impl.SimpleStateMachine4Testing (SimpleStateMachine4Testing.java:put(207)) - s1: put 223, m111 -> (t:1, i:223), STATEMACHINELOGENTRY, WRITE: logData.size=4, stateMachineData.size=17, logEntryProtoSerializedSize=0
2024-09-29 22:58:09,429 [s1@group-5D7CDCE8B764-StateMachineUpdater] INFO  impl.SimpleStateMachine4Testing (SimpleStateMachine4Testing.java:applyTransaction(251)) - applyTransaction for log index 225
2024-09-29 22:58:09,429 [s1@group-5D7CDCE8B764-StateMachineUpdater] INFO  impl.SimpleStateMachine4Testing (SimpleStateMachine4Testing.java:put(207)) - s1: put 225, m112 -> (t:1, i:225), STATEMACHINELOGENTRY, WRITE: logData.size=4, stateMachineData.size=17, logEntryProtoSerializedSize=0
2024-09-29 22:58:09,429 [s1@group-5D7CDCE8B764-StateMachineUpdater] INFO  impl.SimpleStateMachine4Testing (SimpleStateMachine4Testing.java:applyTransaction(251)) - applyTransaction for log index 227
2024-09-29 22:58:09,429 [s1@group-5D7CDCE8B764-StateMachineUpdater] INFO  impl.SimpleStateMachine4Testing (SimpleStateMachine4Testing.java:put(207)) - s1: put 227, m113 -> (t:1, i:227), STATEMACHINELOGENTRY, WRITE: logData.size=4, stateMachineData.size=17, logEntryProtoSerializedSize=0
2024-09-29 22:58:09,429 [s1@group-5D7CDCE8B764-StateMachineUpdater] INFO  impl.SimpleStateMachine4Testing (SimpleStateMachine4Testing.java:applyTransaction(251)) - applyTransaction for log index 229
2024-09-29 22:58:09,429 [s1@group-5D7CDCE8B764-StateMachineUpdater] INFO  impl.SimpleStateMachine4Testing (SimpleStateMachine4Testing.java:put(207)) - s1: put 229, m114 -> (t:1, i:229), STATEMACHINELOGENTRY, WRITE: logData.size=4, stateMachineData.size=17, logEntryProtoSerializedSize=0
2024-09-29 22:58:09,429 [s1@group-5D7CDCE8B764-StateMachineUpdater] INFO  impl.SimpleStateMachine4Testing (SimpleStateMachine4Testing.java:applyTransaction(251)) - applyTransaction for log index 231
2024-09-29 22:58:09,429 [s1@group-5D7CDCE8B764-StateMachineUpdater] INFO  impl.SimpleStateMachine4Testing (SimpleStateMachine4Testing.java:put(207)) - s1: put 231, m115 -> (t:1, i:231), STATEMACHINELOGENTRY, WRITE: logData.size=4, stateMachineData.size=17, logEntryProtoSerializedSize=0
2024-09-29 22:58:09,429 [s1@group-5D7CDCE8B764-StateMachineUpdater] INFO  impl.SimpleStateMachine4Testing (SimpleStateMachine4Testing.java:applyTransaction(251)) - applyTransaction for log index 233
2024-09-29 22:58:09,429 [s1@group-5D7CDCE8B764-StateMachineUpdater] INFO  impl.SimpleStateMachine4Testing (SimpleStateMachine4Testing.java:put(207)) - s1: put 233, m116 -> (t:1, i:233), STATEMACHINELOGENTRY, WRITE: logData.size=4, stateMachineData.size=17, logEntryProtoSerializedSize=0
2024-09-29 22:58:09,430 [s1@group-5D7CDCE8B764-StateMachineUpdater] INFO  impl.SimpleStateMachine4Testing (SimpleStateMachine4Testing.java:applyTransaction(251)) - applyTransaction for log index 235
2024-09-29 22:58:09,430 [s1@group-5D7CDCE8B764-StateMachineUpdater] INFO  impl.SimpleStateMachine4Testing (SimpleStateMachine4Testing.java:put(207)) - s1: put 235, m117 -> (t:1, i:235), STATEMACHINELOGENTRY, WRITE: logData.size=4, stateMachineData.size=17, logEntryProtoSerializedSize=0
2024-09-29 22:58:09,430 [s1@group-5D7CDCE8B764-StateMachineUpdater] INFO  impl.SimpleStateMachine4Testing (SimpleStateMachine4Testing.java:applyTransaction(251)) - applyTransaction for log index 237
2024-09-29 22:58:09,430 [s1@group-5D7CDCE8B764-StateMachineUpdater] INFO  impl.SimpleStateMachine4Testing (SimpleStateMachine4Testing.java:put(207)) - s1: put 237, m118 -> (t:1, i:237), STATEMACHINELOGENTRY, WRITE: logData.size=4, stateMachineData.size=17, logEntryProtoSerializedSize=0
2024-09-29 22:58:09,430 [s2@group-5D7CDCE8B764-StateMachineUpdater] TRACE util.FileUtils (LogUtils.java:runAndLog(49)) - Successfully ran Atomic Files.move /home/runner/work/ratis/ratis/ratis-test/target/test/data/f7ba0e94/MiniRaftClusterWithGrpc3557aa5c/s2/ba0d2700-dcb2-49e7-a72b-5d7cdce8b764/current/raft-meta.conf.tmp to /home/runner/work/ratis/ratis/ratis-test/target/test/data/f7ba0e94/MiniRaftClusterWithGrpc3557aa5c/s2/ba0d2700-dcb2-49e7-a72b-5d7cdce8b764/current/raft-meta.conf with options [REPLACE_EXISTING]
2024-09-29 22:58:09,430 [s2@group-5D7CDCE8B764-StateMachineUpdater] TRACE util.FileUtils (FileUtils.java:deleteFully(305)) - deleteFully /tmp/ratis-tests/statemachine/s2/snapshot/1_255
2024-09-29 22:58:09,430 [s2@group-5D7CDCE8B764-StateMachineUpdater] TRACE util.FileUtils (FileUtils.java:deleteFully(318)) - deleteFully: /tmp/ratis-tests/statemachine/s2/snapshot/1_255 does not exist.
2024-09-29 22:58:09,430 [s2@group-5D7CDCE8B764-StateMachineUpdater] TRACE util.FileUtils (FileUtils.java:deleteFully(305)) - deleteFully /tmp/ratis-tests/statemachine/s2/tmp/e2b3b231-f9c5-485d-9f31-ec0bec29fe8a
2024-09-29 22:58:09,430 [s2@group-5D7CDCE8B764-StateMachineUpdater] TRACE util.FileUtils (FileUtils.java:deleteFully(318)) - deleteFully: /tmp/ratis-tests/statemachine/s2/tmp/e2b3b231-f9c5-485d-9f31-ec0bec29fe8a does not exist.
2024-09-29 22:58:09,430 [s1@group-5D7CDCE8B764-StateMachineUpdater] INFO  impl.SimpleStateMachine4Testing (SimpleStateMachine4Testing.java:applyTransaction(251)) - applyTransaction for log index 239
2024-09-29 22:58:09,430 [s1@group-5D7CDCE8B764-StateMachineUpdater] INFO  impl.SimpleStateMachine4Testing (SimpleStateMachine4Testing.java:put(207)) - s1: put 239, m119 -> (t:1, i:239), STATEMACHINELOGENTRY, WRITE: logData.size=4, stateMachineData.size=17, logEntryProtoSerializedSize=0
2024-09-29 22:58:09,431 [s1@group-5D7CDCE8B764-StateMachineUpdater] INFO  impl.SimpleStateMachine4Testing (SimpleStateMachine4Testing.java:applyTransaction(251)) - applyTransaction for log index 241
2024-09-29 22:58:09,431 [s1@group-5D7CDCE8B764-StateMachineUpdater] INFO  impl.SimpleStateMachine4Testing (SimpleStateMachine4Testing.java:put(207)) - s1: put 241, m120 -> (t:1, i:241), STATEMACHINELOGENTRY, WRITE: logData.size=4, stateMachineData.size=17, logEntryProtoSerializedSize=0
2024-09-29 22:58:09,431 [s1@group-5D7CDCE8B764-StateMachineUpdater] INFO  impl.SimpleStateMachine4Testing (SimpleStateMachine4Testing.java:applyTransaction(251)) - applyTransaction for log index 243
2024-09-29 22:58:09,431 [s1@group-5D7CDCE8B764-StateMachineUpdater] INFO  impl.SimpleStateMachine4Testing (SimpleStateMachine4Testing.java:put(207)) - s1: put 243, m121 -> (t:1, i:243), STATEMACHINELOGENTRY, WRITE: logData.size=4, stateMachineData.size=17, logEntryProtoSerializedSize=0
2024-09-29 22:58:09,431 [s1@group-5D7CDCE8B764-StateMachineUpdater] INFO  impl.SimpleStateMachine4Testing (SimpleStateMachine4Testing.java:applyTransaction(251)) - applyTransaction for log index 245
2024-09-29 22:58:09,431 [s1@group-5D7CDCE8B764-StateMachineUpdater] INFO  impl.SimpleStateMachine4Testing (SimpleStateMachine4Testing.java:put(207)) - s1: put 245, m122 -> (t:1, i:245), STATEMACHINELOGENTRY, WRITE: logData.size=4, stateMachineData.size=17, logEntryProtoSerializedSize=0
2024-09-29 22:58:09,431 [s1@group-5D7CDCE8B764-StateMachineUpdater] INFO  impl.SimpleStateMachine4Testing (SimpleStateMachine4Testing.java:applyTransaction(251)) - applyTransaction for log index 247
2024-09-29 22:58:09,431 [s1@group-5D7CDCE8B764-StateMachineUpdater] INFO  impl.SimpleStateMachine4Testing (SimpleStateMachine4Testing.java:put(207)) - s1: put 247, m123 -> (t:1, i:247), STATEMACHINELOGENTRY, WRITE: logData.size=4, stateMachineData.size=17, logEntryProtoSerializedSize=0
2024-09-29 22:58:09,431 [s1@group-5D7CDCE8B764-StateMachineUpdater] INFO  impl.SimpleStateMachine4Testing (SimpleStateMachine4Testing.java:applyTransaction(251)) - applyTransaction for log index 249
2024-09-29 22:58:09,431 [s1@group-5D7CDCE8B764-StateMachineUpdater] INFO  impl.SimpleStateMachine4Testing (SimpleStateMachine4Testing.java:put(207)) - s1: put 249, m124 -> (t:1, i:249), STATEMACHINELOGENTRY, WRITE: logData.size=4, stateMachineData.size=17, logEntryProtoSerializedSize=0
2024-09-29 22:58:09,431 [s1@group-5D7CDCE8B764-StateMachineUpdater] INFO  impl.SimpleStateMachine4Testing (SimpleStateMachine4Testing.java:applyTransaction(251)) - applyTransaction for log index 251
2024-09-29 22:58:09,431 [s1@group-5D7CDCE8B764-StateMachineUpdater] INFO  impl.SimpleStateMachine4Testing (SimpleStateMachine4Testing.java:put(207)) - s1: put 251, m125 -> (t:1, i:251), STATEMACHINELOGENTRY, WRITE: logData.size=4, stateMachineData.size=17, logEntryProtoSerializedSize=0
2024-09-29 22:58:09,431 [s1@group-5D7CDCE8B764-StateMachineUpdater] INFO  impl.SimpleStateMachine4Testing (SimpleStateMachine4Testing.java:applyTransaction(251)) - applyTransaction for log index 253
2024-09-29 22:58:09,432 [s1@group-5D7CDCE8B764-StateMachineUpdater] INFO  impl.SimpleStateMachine4Testing (SimpleStateMachine4Testing.java:put(207)) - s1: put 253, m126 -> (t:1, i:253), STATEMACHINELOGENTRY, WRITE: logData.size=4, stateMachineData.size=17, logEntryProtoSerializedSize=0
2024-09-29 22:58:09,432 [s1@group-5D7CDCE8B764-StateMachineUpdater] TRACE util.FileUtils (LogUtils.java:supplyAndLog(69)) - Successfully supplied FileChannel.open /home/runner/work/ratis/ratis/ratis-test/target/test/data/f7ba0e94/MiniRaftClusterWithGrpc3557aa5c/s1/ba0d2700-dcb2-49e7-a72b-5d7cdce8b764/current/raft-meta.conf.tmp with options [CREATE, WRITE]: sun.nio.ch.FileChannelImpl@4b856b73
2024-09-29 22:58:09,430 [s2@group-5D7CDCE8B764-StateMachineUpdater] TRACE util.FileUtils (LogUtils.java:runAndLog(49)) - Successfully ran Atomic Files.move /tmp/ratis-tests/statemachine/s2/tmp/e2b3b231-f9c5-485d-9f31-ec0bec29fe8a to /tmp/ratis-tests/statemachine/s2/snapshot/1_255
2024-09-29 22:58:09,431 [s0@group-5D7CDCE8B764-StateMachineUpdater] TRACE util.FileUtils (LogUtils.java:runAndLog(49)) - Successfully ran Atomic Files.move /home/runner/work/ratis/ratis/ratis-test/target/test/data/f7ba0e94/MiniRaftClusterWithGrpc3557aa5c/s0/ba0d2700-dcb2-49e7-a72b-5d7cdce8b764/current/raft-meta.conf.tmp to /home/runner/work/ratis/ratis/ratis-test/target/test/data/f7ba0e94/MiniRaftClusterWithGrpc3557aa5c/s0/ba0d2700-dcb2-49e7-a72b-5d7cdce8b764/current/raft-meta.conf with options [REPLACE_EXISTING]
2024-09-29 22:58:09,432 [s2@group-5D7CDCE8B764-StateMachineUpdater] INFO  impl.StateMachineUpdater (StateMachineUpdater.java:takeSnapshot(308)) - s2@group-5D7CDCE8B764-StateMachineUpdater: Took a snapshot at index 255
2024-09-29 22:58:09,433 [s2@group-5D7CDCE8B764-StateMachineUpdater] INFO  impl.StateMachineUpdater (StateMachineUpdater.java:lambda$new$0(102)) - s2@group-5D7CDCE8B764-StateMachineUpdater: snapshotIndex: updateIncreasingly 191 -> 255
2024-09-29 22:58:09,433 [s2@group-5D7CDCE8B764-StateMachineUpdater] INFO  raftlog.RaftLog (RaftLogBase.java:purge(329)) - s2@group-5D7CDCE8B764-SegmentedRaftLog: purge 255
2024-09-29 22:58:09,433 [s2@group-5D7CDCE8B764-StateMachineUpdater] INFO  raftlog.RaftLog (RaftLogBase.java:lambda$new$0(57)) - s2@group-5D7CDCE8B764-SegmentedRaftLog: snapshotIndex: updateIncreasingly 191 -> 255
2024-09-29 22:58:09,433 [s2@group-5D7CDCE8B764-StateMachineUpdater] INFO  raftlog.RaftLog (RaftLogBase.java:lambda$new$0(57)) - s2@group-5D7CDCE8B764-SegmentedRaftLog: purgeIndex: updateToMax old=191, new=255, updated? true
2024-09-29 22:58:09,433 [s2@group-5D7CDCE8B764-StateMachineUpdater] TRACE util.FileUtils (LogUtils.java:supplyAndLog(69)) - Successfully supplied FileChannel.open /home/runner/work/ratis/ratis/ratis-test/target/test/data/f7ba0e94/MiniRaftClusterWithGrpc3557aa5c/s2/ba0d2700-dcb2-49e7-a72b-5d7cdce8b764/current/raft-meta.conf.tmp with options [CREATE, WRITE]: sun.nio.ch.FileChannelImpl@7fcae451
2024-09-29 22:58:09,434 [main] INFO  server.RaftServerConfigKeys (ConfUtils.java:logGet(46)) - raft.server.rpc.timeout.max = 300ms (default)
2024-09-29 22:58:09,434 [main] INFO  impl.RaftServerTestUtil (RaftServerTestUtil.java:waitAndCheckNewConf(101)) - waitAndCheckNewConf: peers=[s1|0.0.0.0:15044, s2|0.0.0.0:15045, s0|localhost:15040], deadPeers=null, printing ALL groups
  s0:  RUNNING    LEADER s0@group-5D7CDCE8B764:t1, leader=s0, voted=s0, raftlog=Memoized:s0@group-5D7CDCE8B764-SegmentedRaftLog:OPENED:c258:last(t:1, i:258), conf=conf: {index: 257, cur=peers:[s0|localhost:15040, s1|0.0.0.0:15044, s2|0.0.0.0:15045]|listeners:[], old=null} RUNNING
  s1:  RUNNING  FOLLOWER s1@group-5D7CDCE8B764:t1, leader=s0, voted=null, raftlog=Memoized:s1@group-5D7CDCE8B764-SegmentedRaftLog:OPENED:c257:last(t:1, i:258), conf=conf: {index: 257, cur=peers:[s0|localhost:15040, s1|0.0.0.0:15044, s2|0.0.0.0:15045]|listeners:[], old=null} RUNNING
  s2:  RUNNING  FOLLOWER s2@group-5D7CDCE8B764:t1, leader=s0, voted=null, raftlog=Memoized:s2@group-5D7CDCE8B764-SegmentedRaftLog:OPENED:c257:last(t:1, i:258), conf=conf: {index: 257, cur=peers:[s0|localhost:15040, s1|0.0.0.0:15044, s2|0.0.0.0:15045]|listeners:[], old=null} RUNNING
2024-09-29 22:58:09,435 [main] INFO  impl.RaftServerTestUtil (RaftServerTestUtil.java:waitAndCheckNewConf(110)) - checking    LEADER s0@group-5D7CDCE8B764:t1, leader=s0, voted=s0, raftlog=Memoized:s0@group-5D7CDCE8B764-SegmentedRaftLog:OPENED:c258:last(t:1, i:258), conf=conf: {index: 257, cur=peers:[s0|localhost:15040, s1|0.0.0.0:15044, s2|0.0.0.0:15045]|listeners:[], old=null} RUNNING
2024-09-29 22:58:09,435 [main] INFO  impl.RaftServerTestUtil (RaftServerTestUtil.java:waitAndCheckNewConf(110)) - checking  FOLLOWER s1@group-5D7CDCE8B764:t1, leader=s0, voted=null, raftlog=Memoized:s1@group-5D7CDCE8B764-SegmentedRaftLog:OPENED:c257:last(t:1, i:258), conf=conf: {index: 257, cur=peers:[s0|localhost:15040, s1|0.0.0.0:15044, s2|0.0.0.0:15045]|listeners:[], old=null} RUNNING
2024-09-29 22:58:09,435 [main] INFO  impl.RaftServerTestUtil (RaftServerTestUtil.java:waitAndCheckNewConf(110)) - checking  FOLLOWER s2@group-5D7CDCE8B764:t1, leader=s0, voted=null, raftlog=Memoized:s2@group-5D7CDCE8B764-SegmentedRaftLog:OPENED:c257:last(t:1, i:258), conf=conf: {index: 257, cur=peers:[s0|localhost:15040, s1|0.0.0.0:15044, s2|0.0.0.0:15045]|listeners:[], old=null} RUNNING
2024-09-29 22:58:09,435 [main] INFO  impl.MiniRaftCluster (MiniRaftCluster.java:shutdown(837)) - ************************************************************** 
2024-09-29 22:58:09,435 [main] INFO  impl.MiniRaftCluster (MiniRaftCluster.java:shutdown(838)) - *** 
2024-09-29 22:58:09,436 [main] INFO  impl.MiniRaftCluster (MiniRaftCluster.java:shutdown(839)) - ***     Stopping MiniRaftClusterWithGrpc
2024-09-29 22:58:09,436 [main] INFO  impl.MiniRaftCluster (MiniRaftCluster.java:shutdown(840)) - *** 
2024-09-29 22:58:09,436 [main] INFO  impl.MiniRaftCluster (MiniRaftCluster.java:shutdown(841)) - ************************************************************** 
2024-09-29 22:58:09,436 [main] INFO  impl.MiniRaftCluster (MiniRaftCluster.java:shutdown(842)) - printing ALL groups
  s0:  RUNNING    LEADER s0@group-5D7CDCE8B764:t1, leader=s0, voted=s0, raftlog=Memoized:s0@group-5D7CDCE8B764-SegmentedRaftLog:OPENED:c258:last(t:1, i:258), conf=conf: {index: 257, cur=peers:[s0|localhost:15040, s1|0.0.0.0:15044, s2|0.0.0.0:15045]|listeners:[], old=null} RUNNING
  s1:  RUNNING  FOLLOWER s1@group-5D7CDCE8B764:t1, leader=s0, voted=null, raftlog=Memoized:s1@group-5D7CDCE8B764-SegmentedRaftLog:OPENED:c257:last(t:1, i:258), conf=conf: {index: 257, cur=peers:[s0|localhost:15040, s1|0.0.0.0:15044, s2|0.0.0.0:15045]|listeners:[], old=null} RUNNING
  s2:  RUNNING  FOLLOWER s2@group-5D7CDCE8B764:t1, leader=s0, voted=null, raftlog=Memoized:s2@group-5D7CDCE8B764-SegmentedRaftLog:OPENED:c257:last(t:1, i:258), conf=conf: {index: 257, cur=peers:[s0|localhost:15040, s1|0.0.0.0:15044, s2|0.0.0.0:15045]|listeners:[], old=null} RUNNING
2024-09-29 22:58:09,436 [MiniRaftCluster-17] INFO  server.RaftServer (RaftServerProxy.java:lambda$close$9(418)) - s0: close
2024-09-29 22:58:09,436 [s2@group-5D7CDCE8B764-StateMachineUpdater] TRACE util.FileUtils (LogUtils.java:runAndLog(49)) - Successfully ran Atomic Files.move /home/runner/work/ratis/ratis/ratis-test/target/test/data/f7ba0e94/MiniRaftClusterWithGrpc3557aa5c/s2/ba0d2700-dcb2-49e7-a72b-5d7cdce8b764/current/raft-meta.conf.tmp to /home/runner/work/ratis/ratis/ratis-test/target/test/data/f7ba0e94/MiniRaftClusterWithGrpc3557aa5c/s2/ba0d2700-dcb2-49e7-a72b-5d7cdce8b764/current/raft-meta.conf with options [REPLACE_EXISTING]
2024-09-29 22:58:09,437 [s0-impl-thread1] INFO  server.RaftServer$Division (RaftServerImpl.java:lambda$close$1(510)) - s0@group-5D7CDCE8B764: shutdown
2024-09-29 22:58:09,437 [MiniRaftCluster-18] INFO  server.RaftServer (RaftServerProxy.java:lambda$close$9(418)) - s1: close
2024-09-29 22:58:09,437 [MiniRaftCluster-17] INFO  server.GrpcService (GrpcService.java:closeImpl(350)) - s0: shutdown server org.apache.ratis.grpc.server.GrpcClientProtocolService now
2024-09-29 22:58:09,438 [s1@group-5D7CDCE8B764-StateMachineUpdater] TRACE util.FileUtils (LogUtils.java:runAndLog(49)) - Successfully ran Atomic Files.move /home/runner/work/ratis/ratis/ratis-test/target/test/data/f7ba0e94/MiniRaftClusterWithGrpc3557aa5c/s1/ba0d2700-dcb2-49e7-a72b-5d7cdce8b764/current/raft-meta.conf.tmp to /home/runner/work/ratis/ratis/ratis-test/target/test/data/f7ba0e94/MiniRaftClusterWithGrpc3557aa5c/s1/ba0d2700-dcb2-49e7-a72b-5d7cdce8b764/current/raft-meta.conf with options [REPLACE_EXISTING]
2024-09-29 22:58:09,438 [s1@group-5D7CDCE8B764-StateMachineUpdater] TRACE util.FileUtils (LogUtils.java:supplyAndLog(69)) - Successfully supplied FileChannel.open /home/runner/work/ratis/ratis/ratis-test/target/test/data/f7ba0e94/MiniRaftClusterWithGrpc3557aa5c/s1/ba0d2700-dcb2-49e7-a72b-5d7cdce8b764/current/raft-meta.conf.tmp with options [CREATE, WRITE]: sun.nio.ch.FileChannelImpl@45428c73
2024-09-29 22:58:09,438 [MiniRaftCluster-18] INFO  server.GrpcService (GrpcService.java:closeImpl(350)) - s1: shutdown server GrpcServerProtocolService now
2024-09-29 22:58:09,438 [s1-impl-thread1] INFO  server.RaftServer$Division (RaftServerImpl.java:lambda$close$1(510)) - s1@group-5D7CDCE8B764: shutdown
2024-09-29 22:58:09,437 [MiniRaftCluster-19] INFO  server.RaftServer (RaftServerProxy.java:lambda$close$9(418)) - s2: close
2024-09-29 22:58:09,437 [s0-impl-thread1] INFO  util.JmxRegister (JmxRegister.java:unregister(74)) - Successfully un-registered JMX Bean with object name Ratis:service=RaftServer,group=group-5D7CDCE8B764,id=s0
2024-09-29 22:58:09,447 [s0-impl-thread1] INFO  impl.RoleInfo (RoleInfo.java:shutdownLeaderState(103)) - s0: shutdown s0@group-5D7CDCE8B764-LeaderStateImpl
2024-09-29 22:58:09,447 [Thread-535] INFO  server.GrpcServerProtocolClient (GrpcServerProtocolClient.java:close(105)) - s2 Close channels
2024-09-29 22:58:09,447 [s0-impl-thread1] INFO  impl.PendingRequests (PendingRequests.java:sendNotLeaderResponses(287)) - s0@group-5D7CDCE8B764-PendingRequests: sendNotLeaderResponses
2024-09-29 22:58:09,446 [grpc-default-executor-14] WARN  server.GrpcServerProtocolService (LogUtils.java:warn(121)) - s1: APPEND_ENTRIES onError, lastRequest: s0->s1#10-t1,previous=(t:1, i:257),leaderCommit=257,initializing? false,entries: size=1, first=(t:1, i:258), METADATAENTRY(c:257): org.apache.ratis.thirdparty.io.grpc.StatusRuntimeException: CANCELLED: client cancelled
2024-09-29 22:58:09,445 [grpc-default-executor-2] WARN  server.GrpcLogAppender (LogUtils.java:warn(121)) - s0@group-5D7CDCE8B764->s1-AppendLogResponseHandler: Failed appendEntries: org.apache.ratis.thirdparty.io.grpc.StatusRuntimeException: CANCELLED: RST_STREAM closed stream. HTTP/2 error code: CANCEL
2024-09-29 22:58:09,448 [grpc-default-executor-2] WARN  server.GrpcLogAppender (GrpcLogAppender.java:resetClient(230)) - s0@group-5D7CDCE8B764->s1-GrpcLogAppender: Failed to getClient for s1
org.apache.ratis.protocol.exceptions.AlreadyClosedException: s0 is already CLOSED
	at org.apache.ratis.util.PeerProxyMap$PeerAndProxy.getProxy(PeerProxyMap.java:67)
	at org.apache.ratis.util.PeerProxyMap.getProxy(PeerProxyMap.java:124)
	at org.apache.ratis.grpc.server.GrpcLogAppender.getClient(GrpcLogAppender.java:200)
	at org.apache.ratis.grpc.server.GrpcLogAppender.resetClient(GrpcLogAppender.java:205)
	at org.apache.ratis.grpc.server.GrpcLogAppender.access$800(GrpcLogAppender.java:64)
	at org.apache.ratis.grpc.server.GrpcLogAppender$AppendLogResponseHandler.onError(GrpcLogAppender.java:554)
	at org.apache.ratis.thirdparty.io.grpc.stub.ClientCalls$StreamObserverToCallListenerAdapter.onClose(ClientCalls.java:481)
	at org.apache.ratis.thirdparty.io.grpc.internal.ClientCallImpl.closeObserver(ClientCallImpl.java:567)
	at org.apache.ratis.thirdparty.io.grpc.internal.ClientCallImpl.access$300(ClientCallImpl.java:71)
	at org.apache.ratis.thirdparty.io.grpc.internal.ClientCallImpl$ClientStreamListenerImpl$1StreamClosed.runInternal(ClientCallImpl.java:735)
	at org.apache.ratis.thirdparty.io.grpc.internal.ClientCallImpl$ClientStreamListenerImpl$1StreamClosed.runInContext(ClientCallImpl.java:716)
	at org.apache.ratis.thirdparty.io.grpc.internal.ContextRunnable.run(ContextRunnable.java:37)
	at org.apache.ratis.thirdparty.io.grpc.internal.SerializingExecutor.run(SerializingExecutor.java:133)
	at java.util.concurrent.ThreadPoolExecutor.runWorker(ThreadPoolExecutor.java:1149)
	at java.util.concurrent.ThreadPoolExecutor$Worker.run(ThreadPoolExecutor.java:624)
	at java.lang.Thread.run(Thread.java:750)
2024-09-29 22:58:09,447 [Thread-534] INFO  server.GrpcServerProtocolClient (GrpcServerProtocolClient.java:close(105)) - s1 Close channels
2024-09-29 22:58:09,447 [s0@group-5D7CDCE8B764->s1-GrpcLogAppender-LogAppenderDaemon] WARN  server.GrpcLogAppender (GrpcLogAppender.java:mayWait(293)) - s0@group-5D7CDCE8B764->s1-GrpcLogAppender: Wait interrupted by java.lang.InterruptedException
2024-09-29 22:58:09,447 [s0@group-5D7CDCE8B764->s2-GrpcLogAppender-LogAppenderDaemon] WARN  server.GrpcLogAppender (GrpcLogAppender.java:mayWait(293)) - s0@group-5D7CDCE8B764->s2-GrpcLogAppender: Wait interrupted by java.lang.InterruptedException
2024-09-29 22:58:09,448 [s0-impl-thread1] INFO  impl.StateMachineUpdater (StateMachineUpdater.java:stopAndJoin(164)) - s0@group-5D7CDCE8B764-StateMachineUpdater: set stopIndex = 258
2024-09-29 22:58:09,448 [s0@group-5D7CDCE8B764-StateMachineUpdater] TRACE util.FileUtils (FileUtils.java:deleteFully(305)) - deleteFully /tmp/ratis-tests/statemachine/s0/snapshot/1_258
2024-09-29 22:58:09,449 [grpc-default-executor-2] INFO  server.GrpcServerProtocolService (GrpcServerProtocolService.java:onCompleted(200)) - s2: Completed APPEND_ENTRIES, lastRequest: s0->s2#6-t1,previous=(t:1, i:257),leaderCommit=257,initializing? false,entries: size=1, first=(t:1, i:258), METADATAENTRY(c:257)
2024-09-29 22:58:09,449 [grpc-default-executor-2] INFO  server.GrpcServerProtocolService (GrpcServerProtocolService.java:lambda$onCompleted$7(202)) - s2: Completed APPEND_ENTRIES, lastReply: null
2024-09-29 22:58:09,449 [s0@group-5D7CDCE8B764-StateMachineUpdater] TRACE util.FileUtils (FileUtils.java:deleteFully(318)) - deleteFully: /tmp/ratis-tests/statemachine/s0/snapshot/1_258 does not exist.
2024-09-29 22:58:09,449 [s0@group-5D7CDCE8B764-StateMachineUpdater] TRACE util.FileUtils (FileUtils.java:deleteFully(305)) - deleteFully /tmp/ratis-tests/statemachine/s0/tmp/2bf66fed-a503-4977-b35f-e9f9667285fd
2024-09-29 22:58:09,449 [s0@group-5D7CDCE8B764-StateMachineUpdater] TRACE util.FileUtils (FileUtils.java:deleteFully(318)) - deleteFully: /tmp/ratis-tests/statemachine/s0/tmp/2bf66fed-a503-4977-b35f-e9f9667285fd does not exist.
2024-09-29 22:58:09,449 [grpc-default-executor-14] INFO  server.GrpcLogAppender (GrpcLogAppender.java:onCompleted(559)) - s0@group-5D7CDCE8B764->s2-AppendLogResponseHandler: follower responses appendEntries COMPLETED
2024-09-29 22:58:09,449 [grpc-default-executor-14] WARN  server.GrpcLogAppender (GrpcLogAppender.java:resetClient(230)) - s0@group-5D7CDCE8B764->s2-GrpcLogAppender: Failed to getClient for s2
org.apache.ratis.protocol.exceptions.AlreadyClosedException: s0 is already CLOSED
	at org.apache.ratis.util.PeerProxyMap$PeerAndProxy.getProxy(PeerProxyMap.java:67)
	at org.apache.ratis.util.PeerProxyMap.getProxy(PeerProxyMap.java:124)
	at org.apache.ratis.grpc.server.GrpcLogAppender.getClient(GrpcLogAppender.java:200)
	at org.apache.ratis.grpc.server.GrpcLogAppender.resetClient(GrpcLogAppender.java:205)
	at org.apache.ratis.grpc.server.GrpcLogAppender.access$800(GrpcLogAppender.java:64)
	at org.apache.ratis.grpc.server.GrpcLogAppender$AppendLogResponseHandler.onCompleted(GrpcLogAppender.java:560)
	at org.apache.ratis.thirdparty.io.grpc.stub.ClientCalls$StreamObserverToCallListenerAdapter.onClose(ClientCalls.java:479)
	at org.apache.ratis.thirdparty.io.grpc.internal.ClientCallImpl.closeObserver(ClientCallImpl.java:567)
	at org.apache.ratis.thirdparty.io.grpc.internal.ClientCallImpl.access$300(ClientCallImpl.java:71)
	at org.apache.ratis.thirdparty.io.grpc.internal.ClientCallImpl$ClientStreamListenerImpl$1StreamClosed.runInternal(ClientCallImpl.java:735)
	at org.apache.ratis.thirdparty.io.grpc.internal.ClientCallImpl$ClientStreamListenerImpl$1StreamClosed.runInContext(ClientCallImpl.java:716)
	at org.apache.ratis.thirdparty.io.grpc.internal.ContextRunnable.run(ContextRunnable.java:37)
	at org.apache.ratis.thirdparty.io.grpc.internal.SerializingExecutor.run(SerializingExecutor.java:133)
	at java.util.concurrent.ThreadPoolExecutor.runWorker(ThreadPoolExecutor.java:1149)
	at java.util.concurrent.ThreadPoolExecutor$Worker.run(ThreadPoolExecutor.java:624)
	at java.lang.Thread.run(Thread.java:750)
2024-09-29 22:58:09,449 [s0@group-5D7CDCE8B764-StateMachineUpdater] TRACE util.FileUtils (LogUtils.java:runAndLog(49)) - Successfully ran Atomic Files.move /tmp/ratis-tests/statemachine/s0/tmp/2bf66fed-a503-4977-b35f-e9f9667285fd to /tmp/ratis-tests/statemachine/s0/snapshot/1_258
2024-09-29 22:58:09,449 [s0@group-5D7CDCE8B764-StateMachineUpdater] INFO  impl.StateMachineUpdater (StateMachineUpdater.java:takeSnapshot(308)) - s0@group-5D7CDCE8B764-StateMachineUpdater: Took a snapshot at index 258
2024-09-29 22:58:09,449 [s0@group-5D7CDCE8B764-StateMachineUpdater] INFO  impl.StateMachineUpdater (StateMachineUpdater.java:lambda$new$0(102)) - s0@group-5D7CDCE8B764-StateMachineUpdater: snapshotIndex: updateIncreasingly 255 -> 258
2024-09-29 22:58:09,450 [s0@group-5D7CDCE8B764-StateMachineUpdater] INFO  impl.StateMachineUpdater (StateMachineUpdater.java:stop(141)) - s0@group-5D7CDCE8B764-StateMachineUpdater: closing StateMachineWithSeparatedSnapshotPath, lastApplied=(t:1, i:258)
2024-09-29 22:58:09,447 [s1-impl-thread1] INFO  util.JmxRegister (JmxRegister.java:unregister(74)) - Successfully un-registered JMX Bean with object name Ratis:service=RaftServer,group=group-5D7CDCE8B764,id=s1
2024-09-29 22:58:09,451 [s1-impl-thread1] INFO  impl.RoleInfo (RoleInfo.java:shutdownFollowerState(119)) - s1: shutdown s1@group-5D7CDCE8B764-FollowerState
2024-09-29 22:58:09,451 [s1-impl-thread1] INFO  impl.StateMachineUpdater (StateMachineUpdater.java:stopAndJoin(164)) - s1@group-5D7CDCE8B764-StateMachineUpdater: set stopIndex = 257
2024-09-29 22:58:09,451 [s1@group-5D7CDCE8B764-FollowerState] INFO  impl.FollowerState (FollowerState.java:run(153)) - s1@group-5D7CDCE8B764-FollowerState was interrupted
2024-09-29 22:58:09,451 [s0@group-5D7CDCE8B764-cacheEviction-AwaitToRun] INFO  util.AwaitToRun (AwaitToRun.java:run(49)) - s0@group-5D7CDCE8B764-cacheEviction-AwaitToRun-AwaitForSignal is interrupted
2024-09-29 22:58:09,450 [MiniRaftCluster-19] INFO  server.GrpcService (GrpcService.java:closeImpl(350)) - s2: shutdown server GrpcServerProtocolService now
2024-09-29 22:58:09,450 [MiniRaftCluster-17] INFO  server.GrpcService (GrpcService.java:closeImpl(359)) - s0: shutdown server org.apache.ratis.grpc.server.GrpcClientProtocolService successfully
2024-09-29 22:58:09,452 [MiniRaftCluster-17] INFO  server.GrpcService (GrpcService.java:closeImpl(350)) - s0: shutdown server GrpcServerProtocolService now
2024-09-29 22:58:09,450 [s2-impl-thread1] INFO  server.RaftServer$Division (RaftServerImpl.java:lambda$close$1(510)) - s2@group-5D7CDCE8B764: shutdown
2024-09-29 22:58:09,452 [s2-impl-thread1] INFO  util.JmxRegister (JmxRegister.java:unregister(74)) - Successfully un-registered JMX Bean with object name Ratis:service=RaftServer,group=group-5D7CDCE8B764,id=s2
2024-09-29 22:58:09,452 [s2-impl-thread1] INFO  impl.RoleInfo (RoleInfo.java:shutdownFollowerState(119)) - s2: shutdown s2@group-5D7CDCE8B764-FollowerState
2024-09-29 22:58:09,450 [s1@group-5D7CDCE8B764-StateMachineUpdater] TRACE util.FileUtils (LogUtils.java:runAndLog(49)) - Successfully ran Atomic Files.move /home/runner/work/ratis/ratis/ratis-test/target/test/data/f7ba0e94/MiniRaftClusterWithGrpc3557aa5c/s1/ba0d2700-dcb2-49e7-a72b-5d7cdce8b764/current/raft-meta.conf.tmp to /home/runner/work/ratis/ratis/ratis-test/target/test/data/f7ba0e94/MiniRaftClusterWithGrpc3557aa5c/s1/ba0d2700-dcb2-49e7-a72b-5d7cdce8b764/current/raft-meta.conf with options [REPLACE_EXISTING]
2024-09-29 22:58:09,452 [s1@group-5D7CDCE8B764-StateMachineUpdater] TRACE util.FileUtils (FileUtils.java:deleteFully(305)) - deleteFully /tmp/ratis-tests/statemachine/s1/snapshot/1_257
2024-09-29 22:58:09,452 [s1@group-5D7CDCE8B764-StateMachineUpdater] TRACE util.FileUtils (FileUtils.java:deleteFully(318)) - deleteFully: /tmp/ratis-tests/statemachine/s1/snapshot/1_257 does not exist.
2024-09-29 22:58:09,452 [s1@group-5D7CDCE8B764-StateMachineUpdater] TRACE util.FileUtils (FileUtils.java:deleteFully(305)) - deleteFully /tmp/ratis-tests/statemachine/s1/tmp/277b2162-66e0-441f-9424-a5091beac47f
2024-09-29 22:58:09,452 [s1@group-5D7CDCE8B764-StateMachineUpdater] TRACE util.FileUtils (FileUtils.java:deleteFully(318)) - deleteFully: /tmp/ratis-tests/statemachine/s1/tmp/277b2162-66e0-441f-9424-a5091beac47f does not exist.
2024-09-29 22:58:09,451 [MiniRaftCluster-18] INFO  server.GrpcService (GrpcService.java:closeImpl(359)) - s1: shutdown server GrpcServerProtocolService successfully
2024-09-29 22:58:09,453 [s1@group-5D7CDCE8B764-StateMachineUpdater] TRACE util.FileUtils (LogUtils.java:runAndLog(49)) - Successfully ran Atomic Files.move /tmp/ratis-tests/statemachine/s1/tmp/277b2162-66e0-441f-9424-a5091beac47f to /tmp/ratis-tests/statemachine/s1/snapshot/1_257
2024-09-29 22:58:09,453 [s1@group-5D7CDCE8B764-StateMachineUpdater] INFO  impl.StateMachineUpdater (StateMachineUpdater.java:takeSnapshot(308)) - s1@group-5D7CDCE8B764-StateMachineUpdater: Took a snapshot at index 257
2024-09-29 22:58:09,453 [s1@group-5D7CDCE8B764-StateMachineUpdater] INFO  impl.StateMachineUpdater (StateMachineUpdater.java:lambda$new$0(102)) - s1@group-5D7CDCE8B764-StateMachineUpdater: snapshotIndex: updateIncreasingly 191 -> 257
2024-09-29 22:58:09,453 [s1@group-5D7CDCE8B764-StateMachineUpdater] INFO  raftlog.RaftLog (RaftLogBase.java:purge(329)) - s1@group-5D7CDCE8B764-SegmentedRaftLog: purge 255
2024-09-29 22:58:09,453 [s1@group-5D7CDCE8B764-StateMachineUpdater] INFO  raftlog.RaftLog (RaftLogBase.java:lambda$new$0(57)) - s1@group-5D7CDCE8B764-SegmentedRaftLog: snapshotIndex: updateIncreasingly 191 -> 257
2024-09-29 22:58:09,453 [s1@group-5D7CDCE8B764-StateMachineUpdater] INFO  raftlog.RaftLog (RaftLogBase.java:lambda$new$0(57)) - s1@group-5D7CDCE8B764-SegmentedRaftLog: purgeIndex: updateToMax old=191, new=255, updated? true
2024-09-29 22:58:09,453 [s1@group-5D7CDCE8B764-StateMachineUpdater] INFO  impl.StateMachineUpdater (StateMachineUpdater.java:stop(141)) - s1@group-5D7CDCE8B764-StateMachineUpdater: closing StateMachineWithSeparatedSnapshotPath, lastApplied=(t:1, i:257)
2024-09-29 22:58:09,453 [s1@group-5D7CDCE8B764-cacheEviction-AwaitToRun] INFO  util.AwaitToRun (AwaitToRun.java:run(49)) - s1@group-5D7CDCE8B764-cacheEviction-AwaitToRun-AwaitForSignal is interrupted
2024-09-29 22:58:09,453 [s2@group-5D7CDCE8B764-FollowerState] INFO  impl.FollowerState (FollowerState.java:run(153)) - s2@group-5D7CDCE8B764-FollowerState was interrupted
2024-09-29 22:58:09,454 [s2@group-5D7CDCE8B764-StateMachineUpdater] TRACE util.FileUtils (FileUtils.java:deleteFully(305)) - deleteFully /tmp/ratis-tests/statemachine/s2/snapshot/1_257
2024-09-29 22:58:09,454 [s2@group-5D7CDCE8B764-StateMachineUpdater] TRACE util.FileUtils (FileUtils.java:deleteFully(318)) - deleteFully: /tmp/ratis-tests/statemachine/s2/snapshot/1_257 does not exist.
2024-09-29 22:58:09,454 [s2@group-5D7CDCE8B764-StateMachineUpdater] TRACE util.FileUtils (FileUtils.java:deleteFully(305)) - deleteFully /tmp/ratis-tests/statemachine/s2/tmp/be4097f9-7a0a-4450-af48-9ed472a18f84
2024-09-29 22:58:09,454 [s2@group-5D7CDCE8B764-StateMachineUpdater] TRACE util.FileUtils (FileUtils.java:deleteFully(318)) - deleteFully: /tmp/ratis-tests/statemachine/s2/tmp/be4097f9-7a0a-4450-af48-9ed472a18f84 does not exist.
2024-09-29 22:58:09,454 [s2@group-5D7CDCE8B764-StateMachineUpdater] TRACE util.FileUtils (LogUtils.java:runAndLog(49)) - Successfully ran Atomic Files.move /tmp/ratis-tests/statemachine/s2/tmp/be4097f9-7a0a-4450-af48-9ed472a18f84 to /tmp/ratis-tests/statemachine/s2/snapshot/1_257
2024-09-29 22:58:09,454 [s2@group-5D7CDCE8B764-StateMachineUpdater] INFO  impl.StateMachineUpdater (StateMachineUpdater.java:takeSnapshot(308)) - s2@group-5D7CDCE8B764-StateMachineUpdater: Took a snapshot at index 257
2024-09-29 22:58:09,454 [s2@group-5D7CDCE8B764-StateMachineUpdater] INFO  impl.StateMachineUpdater (StateMachineUpdater.java:lambda$new$0(102)) - s2@group-5D7CDCE8B764-StateMachineUpdater: snapshotIndex: updateIncreasingly 255 -> 257
2024-09-29 22:58:09,454 [s2@group-5D7CDCE8B764-StateMachineUpdater] INFO  impl.StateMachineUpdater (StateMachineUpdater.java:stop(141)) - s2@group-5D7CDCE8B764-StateMachineUpdater: closing StateMachineWithSeparatedSnapshotPath, lastApplied=(t:1, i:257)
2024-09-29 22:58:09,453 [s2-impl-thread1] INFO  impl.StateMachineUpdater (StateMachineUpdater.java:stopAndJoin(164)) - s2@group-5D7CDCE8B764-StateMachineUpdater: set stopIndex = 257
2024-09-29 22:58:09,454 [s2@group-5D7CDCE8B764-cacheEviction-AwaitToRun] INFO  util.AwaitToRun (AwaitToRun.java:run(49)) - s2@group-5D7CDCE8B764-cacheEviction-AwaitToRun-AwaitForSignal is interrupted
2024-09-29 22:58:09,455 [MiniRaftCluster-19] INFO  server.GrpcService (GrpcService.java:closeImpl(359)) - s2: shutdown server GrpcServerProtocolService successfully
2024-09-29 22:58:09,455 [MiniRaftCluster-17] INFO  server.GrpcService (GrpcService.java:closeImpl(359)) - s0: shutdown server GrpcServerProtocolService successfully
2024-09-29 22:58:09,455 [MiniRaftCluster-17] INFO  server.GrpcService (GrpcService.java:closeImpl(350)) - s0: shutdown server org.apache.ratis.grpc.server.GrpcAdminProtocolService now
2024-09-29 22:58:09,455 [MiniRaftCluster-17] INFO  server.GrpcService (GrpcService.java:closeImpl(359)) - s0: shutdown server org.apache.ratis.grpc.server.GrpcAdminProtocolService successfully
2024-09-29 22:58:10,369 [timer2] WARN  server.GrpcLogAppender (LogUtils.java:warn(121)) - s2@group-D7B70F6236D3->s4-AppendLogResponseHandler: Failed appendEntries (Repeated 2 times in the last 5.000s): org.apache.ratis.thirdparty.io.grpc.StatusRuntimeException: CANCELLED: RST_STREAM closed stream. HTTP/2 error code: CANCEL
2024-09-29 22:58:10,370 [timer3] WARN  server.GrpcLogAppender (LogUtils.java:warn(121)) - s2@group-D7B70F6236D3->s3-AppendLogResponseHandler: Failed appendEntries (Repeated 2 times in the last 5.000s): org.apache.ratis.thirdparty.io.grpc.StatusRuntimeException: CANCELLED: RST_STREAM closed stream. HTTP/2 error code: CANCEL
2024-09-29 22:58:10,371 [timer4] WARN  server.GrpcLogAppender (GrpcLogAppender.java:lambda$resetClient$1(221)) - s2@group-D7B70F6236D3->s3-GrpcLogAppender: Follower failed (request=null, errorCount=2); keep nextIndex (265) unchanged and retry. (Repeated 2 times in the last 5.001s)
2024-09-29 22:58:10,431 [s0-impl-thread1] INFO  segmented.SegmentedRaftLogWorker (SegmentedRaftLogWorker.java:close(251)) - s0@group-5D7CDCE8B764-SegmentedRaftLogWorker close()
2024-09-29 22:58:10,431 [s1-impl-thread1] INFO  segmented.SegmentedRaftLogWorker (SegmentedRaftLogWorker.java:close(251)) - s1@group-5D7CDCE8B764-SegmentedRaftLogWorker close()
2024-09-29 22:58:10,431 [JvmPauseMonitor16] INFO  util.JvmPauseMonitor (JvmPauseMonitor.java:run(152)) - JvmPauseMonitor-s0: Stopped
2024-09-29 22:58:10,432 [s2-impl-thread1] INFO  segmented.SegmentedRaftLogWorker (SegmentedRaftLogWorker.java:close(251)) - s2@group-5D7CDCE8B764-SegmentedRaftLogWorker close()
2024-09-29 22:58:10,432 [JvmPauseMonitor17] INFO  util.JvmPauseMonitor (JvmPauseMonitor.java:run(152)) - JvmPauseMonitor-s1: Stopped
2024-09-29 22:58:10,433 [JvmPauseMonitor18] INFO  util.JvmPauseMonitor (JvmPauseMonitor.java:run(152)) - JvmPauseMonitor-s2: Stopped
2024-09-29 22:58:10,433 [main] INFO  impl.MiniRaftCluster (MiniRaftCluster.java:shutdown(861)) - MiniRaftClusterWithGrpc shutdown completed
2024-09-29 22:58:10,433 [main] INFO  ratis.RaftTestUtil (RaftTestUtil.java:gc(593)) - gc 0
2024-09-29 22:58:10,606 [main] WARN  util.ReferenceCountedLeakDetector (ReferenceCountedLeakDetector.java:lambda$new$0(147)) - LEAK: A org.apache.ratis.protocol.RaftClientRequest is not released properly
2024-09-29 22:58:10,607 [main] WARN  util.ReferenceCountedLeakDetector (ReferenceCountedLeakDetector.java:lambda$new$0(147)) - LEAK: A org.apache.ratis.protocol.RaftClientRequest is not released properly
2024-09-29 22:58:10,607 [main] WARN  util.ReferenceCountedLeakDetector (ReferenceCountedLeakDetector.java:lambda$new$0(147)) - LEAK: A org.apache.ratis.protocol.RaftClientRequest is not released properly
2024-09-29 22:58:10,607 [main] WARN  util.ReferenceCountedLeakDetector (ReferenceCountedLeakDetector.java:lambda$new$0(147)) - LEAK: A org.apache.ratis.proto.RaftProtos$LogEntryProto is not released properly
2024-09-29 22:58:10,607 [main] WARN  util.ReferenceCountedLeakDetector (ReferenceCountedLeakDetector.java:lambda$new$0(147)) - LEAK: A org.apache.ratis.protocol.RaftClientRequest is not released properly
2024-09-29 22:58:10,607 [main] WARN  util.ReferenceCountedLeakDetector (ReferenceCountedLeakDetector.java:lambda$new$0(147)) - LEAK: A org.apache.ratis.proto.RaftProtos$LogEntryProto is not released properly
2024-09-29 22:58:10,608 [main] WARN  util.ReferenceCountedLeakDetector (ReferenceCountedLeakDetector.java:lambda$new$0(147)) - LEAK: A org.apache.ratis.proto.RaftProtos$LogEntryProto is not released properly
2024-09-29 22:58:10,608 [main] WARN  util.ReferenceCountedLeakDetector (ReferenceCountedLeakDetector.java:lambda$new$0(147)) - LEAK: A org.apache.ratis.proto.RaftProtos$LogEntryProto is not released properly
2024-09-29 22:58:10,608 [main] WARN  util.ReferenceCountedLeakDetector (ReferenceCountedLeakDetector.java:lambda$new$0(147)) - LEAK: A org.apache.ratis.proto.RaftProtos$LogEntryProto is not released properly
2024-09-29 22:58:10,608 [main] WARN  util.ReferenceCountedLeakDetector (ReferenceCountedLeakDetector.java:lambda$new$0(147)) - LEAK: A org.apache.ratis.proto.RaftProtos$LogEntryProto is not released properly
2024-09-29 22:58:10,608 [main] WARN  util.ReferenceCountedLeakDetector (ReferenceCountedLeakDetector.java:lambda$new$0(147)) - LEAK: A org.apache.ratis.proto.RaftProtos$LogEntryProto is not released properly
2024-09-29 22:58:10,608 [main] WARN  util.ReferenceCountedLeakDetector (ReferenceCountedLeakDetector.java:lambda$new$0(147)) - LEAK: A org.apache.ratis.protocol.RaftClientRequest is not released properly
2024-09-29 22:58:10,608 [main] WARN  util.ReferenceCountedLeakDetector (ReferenceCountedLeakDetector.java:lambda$new$0(147)) - LEAK: A org.apache.ratis.proto.RaftProtos$LogEntryProto is not released properly
2024-09-29 22:58:10,608 [main] WARN  util.ReferenceCountedLeakDetector (ReferenceCountedLeakDetector.java:lambda$new$0(147)) - LEAK: A org.apache.ratis.protocol.RaftClientRequest is not released properly
2024-09-29 22:58:10,609 [main] WARN  util.ReferenceCountedLeakDetector (ReferenceCountedLeakDetector.java:lambda$new$0(147)) - LEAK: A org.apache.ratis.protocol.RaftClientRequest is not released properly
2024-09-29 22:58:10,609 [main] WARN  util.ReferenceCountedLeakDetector (ReferenceCountedLeakDetector.java:lambda$new$0(147)) - LEAK: A org.apache.ratis.protocol.RaftClientRequest is not released properly
2024-09-29 22:58:10,609 [main] WARN  util.ReferenceCountedLeakDetector (ReferenceCountedLeakDetector.java:lambda$new$0(147)) - LEAK: A org.apache.ratis.proto.RaftProtos$LogEntryProto is not released properly
2024-09-29 22:58:10,609 [main] WARN  util.ReferenceCountedLeakDetector (ReferenceCountedLeakDetector.java:lambda$new$0(147)) - LEAK: A org.apache.ratis.protocol.RaftClientRequest is not released properly
2024-09-29 22:58:10,609 [main] WARN  util.ReferenceCountedLeakDetector (ReferenceCountedLeakDetector.java:lambda$new$0(147)) - LEAK: A org.apache.ratis.proto.RaftProtos$LogEntryProto is not released properly
2024-09-29 22:58:10,609 [main] WARN  util.ReferenceCountedLeakDetector (ReferenceCountedLeakDetector.java:lambda$new$0(147)) - LEAK: A org.apache.ratis.protocol.RaftClientRequest is not released properly
2024-09-29 22:58:10,609 [main] WARN  util.ReferenceCountedLeakDetector (ReferenceCountedLeakDetector.java:lambda$new$0(147)) - LEAK: A org.apache.ratis.proto.RaftProtos$LogEntryProto is not released properly
2024-09-29 22:58:10,609 [main] WARN  util.ReferenceCountedLeakDetector (ReferenceCountedLeakDetector.java:lambda$new$0(147)) - LEAK: A org.apache.ratis.protocol.RaftClientRequest is not released properly
2024-09-29 22:58:10,610 [main] WARN  util.ReferenceCountedLeakDetector (ReferenceCountedLeakDetector.java:lambda$new$0(147)) - LEAK: A org.apache.ratis.proto.RaftProtos$LogEntryProto is not released properly
2024-09-29 22:58:10,610 [main] WARN  util.ReferenceCountedLeakDetector (ReferenceCountedLeakDetector.java:lambda$new$0(147)) - LEAK: A org.apache.ratis.proto.RaftProtos$LogEntryProto is not released properly
2024-09-29 22:58:10,610 [main] WARN  util.ReferenceCountedLeakDetector (ReferenceCountedLeakDetector.java:lambda$new$0(147)) - LEAK: A org.apache.ratis.protocol.RaftClientRequest is not released properly
2024-09-29 22:58:10,610 [main] WARN  util.ReferenceCountedLeakDetector (ReferenceCountedLeakDetector.java:lambda$new$0(147)) - LEAK: A org.apache.ratis.protocol.RaftClientRequest is not released properly
2024-09-29 22:58:10,610 [main] WARN  util.ReferenceCountedLeakDetector (ReferenceCountedLeakDetector.java:lambda$new$0(147)) - LEAK: A org.apache.ratis.proto.RaftProtos$LogEntryProto is not released properly
2024-09-29 22:58:10,610 [main] WARN  util.ReferenceCountedLeakDetector (ReferenceCountedLeakDetector.java:lambda$new$0(147)) - LEAK: A org.apache.ratis.protocol.RaftClientRequest is not released properly
2024-09-29 22:58:10,610 [main] WARN  util.ReferenceCountedLeakDetector (ReferenceCountedLeakDetector.java:lambda$new$0(147)) - LEAK: A org.apache.ratis.proto.RaftProtos$LogEntryProto is not released properly
2024-09-29 22:58:10,610 [main] WARN  util.ReferenceCountedLeakDetector (ReferenceCountedLeakDetector.java:lambda$new$0(147)) - LEAK: A org.apache.ratis.proto.RaftProtos$LogEntryProto is not released properly
2024-09-29 22:58:10,611 [main] WARN  util.ReferenceCountedLeakDetector (ReferenceCountedLeakDetector.java:lambda$new$0(147)) - LEAK: A org.apache.ratis.proto.RaftProtos$LogEntryProto is not released properly
2024-09-29 22:58:10,611 [main] WARN  util.ReferenceCountedLeakDetector (ReferenceCountedLeakDetector.java:lambda$new$0(147)) - LEAK: A org.apache.ratis.protocol.RaftClientRequest is not released properly
2024-09-29 22:58:10,611 [main] WARN  util.ReferenceCountedLeakDetector (ReferenceCountedLeakDetector.java:lambda$new$0(147)) - LEAK: A org.apache.ratis.proto.RaftProtos$LogEntryProto is not released properly
2024-09-29 22:58:10,611 [main] WARN  util.ReferenceCountedLeakDetector (ReferenceCountedLeakDetector.java:lambda$new$0(147)) - LEAK: A org.apache.ratis.proto.RaftProtos$LogEntryProto is not released properly
2024-09-29 22:58:10,611 [main] WARN  util.ReferenceCountedLeakDetector (ReferenceCountedLeakDetector.java:lambda$new$0(147)) - LEAK: A org.apache.ratis.protocol.RaftClientRequest is not released properly
2024-09-29 22:58:10,611 [main] WARN  util.ReferenceCountedLeakDetector (ReferenceCountedLeakDetector.java:lambda$new$0(147)) - LEAK: A org.apache.ratis.protocol.RaftClientRequest is not released properly
2024-09-29 22:58:10,611 [main] WARN  util.ReferenceCountedLeakDetector (ReferenceCountedLeakDetector.java:lambda$new$0(147)) - LEAK: A org.apache.ratis.protocol.RaftClientRequest is not released properly
2024-09-29 22:58:10,611 [main] WARN  util.ReferenceCountedLeakDetector (ReferenceCountedLeakDetector.java:lambda$new$0(147)) - LEAK: A org.apache.ratis.protocol.RaftClientRequest is not released properly
2024-09-29 22:58:10,612 [main] WARN  util.ReferenceCountedLeakDetector (ReferenceCountedLeakDetector.java:lambda$new$0(147)) - LEAK: A org.apache.ratis.proto.RaftProtos$LogEntryProto is not released properly
2024-09-29 22:58:10,612 [main] WARN  util.ReferenceCountedLeakDetector (ReferenceCountedLeakDetector.java:lambda$new$0(147)) - LEAK: A org.apache.ratis.protocol.RaftClientRequest is not released properly
2024-09-29 22:58:10,612 [main] WARN  util.ReferenceCountedLeakDetector (ReferenceCountedLeakDetector.java:lambda$new$0(147)) - LEAK: A org.apache.ratis.proto.RaftProtos$LogEntryProto is not released properly
2024-09-29 22:58:10,612 [main] WARN  util.ReferenceCountedLeakDetector (ReferenceCountedLeakDetector.java:lambda$new$0(147)) - LEAK: A org.apache.ratis.protocol.RaftClientRequest is not released properly
2024-09-29 22:58:10,612 [main] WARN  util.ReferenceCountedLeakDetector (ReferenceCountedLeakDetector.java:lambda$new$0(147)) - LEAK: A org.apache.ratis.protocol.RaftClientRequest is not released properly
2024-09-29 22:58:10,612 [main] WARN  util.ReferenceCountedLeakDetector (ReferenceCountedLeakDetector.java:lambda$new$0(147)) - LEAK: A org.apache.ratis.protocol.RaftClientRequest is not released properly
2024-09-29 22:58:10,612 [main] WARN  util.ReferenceCountedLeakDetector (ReferenceCountedLeakDetector.java:lambda$new$0(147)) - LEAK: A org.apache.ratis.proto.RaftProtos$LogEntryProto is not released properly
2024-09-29 22:58:10,612 [main] WARN  util.ReferenceCountedLeakDetector (ReferenceCountedLeakDetector.java:lambda$new$0(147)) - LEAK: A org.apache.ratis.protocol.RaftClientRequest is not released properly
2024-09-29 22:58:10,613 [main] WARN  util.ReferenceCountedLeakDetector (ReferenceCountedLeakDetector.java:lambda$new$0(147)) - LEAK: A org.apache.ratis.protocol.RaftClientRequest is not released properly
2024-09-29 22:58:10,613 [main] WARN  util.ReferenceCountedLeakDetector (ReferenceCountedLeakDetector.java:lambda$new$0(147)) - LEAK: A org.apache.ratis.protocol.RaftClientRequest is not released properly
2024-09-29 22:58:10,613 [main] WARN  util.ReferenceCountedLeakDetector (ReferenceCountedLeakDetector.java:lambda$new$0(147)) - LEAK: A org.apache.ratis.proto.RaftProtos$LogEntryProto is not released properly
2024-09-29 22:58:10,613 [main] WARN  util.ReferenceCountedLeakDetector (ReferenceCountedLeakDetector.java:lambda$new$0(147)) - LEAK: A org.apache.ratis.protocol.RaftClientRequest is not released properly
2024-09-29 22:58:10,613 [main] WARN  util.ReferenceCountedLeakDetector (ReferenceCountedLeakDetector.java:lambda$new$0(147)) - LEAK: A org.apache.ratis.protocol.RaftClientRequest is not released properly
2024-09-29 22:58:10,613 [main] WARN  util.ReferenceCountedLeakDetector (ReferenceCountedLeakDetector.java:lambda$new$0(147)) - LEAK: A org.apache.ratis.protocol.RaftClientRequest is not released properly
2024-09-29 22:58:10,613 [main] WARN  util.ReferenceCountedLeakDetector (ReferenceCountedLeakDetector.java:lambda$new$0(147)) - LEAK: A org.apache.ratis.protocol.RaftClientRequest is not released properly
2024-09-29 22:58:10,613 [main] WARN  util.ReferenceCountedLeakDetector (ReferenceCountedLeakDetector.java:lambda$new$0(147)) - LEAK: A org.apache.ratis.proto.RaftProtos$LogEntryProto is not released properly
2024-09-29 22:58:10,614 [main] WARN  util.ReferenceCountedLeakDetector (ReferenceCountedLeakDetector.java:lambda$new$0(147)) - LEAK: A org.apache.ratis.proto.RaftProtos$LogEntryProto is not released properly
2024-09-29 22:58:10,614 [main] WARN  util.ReferenceCountedLeakDetector (ReferenceCountedLeakDetector.java:lambda$new$0(147)) - LEAK: A org.apache.ratis.protocol.RaftClientRequest is not released properly
2024-09-29 22:58:10,614 [main] WARN  util.ReferenceCountedLeakDetector (ReferenceCountedLeakDetector.java:lambda$new$0(147)) - LEAK: A org.apache.ratis.protocol.RaftClientRequest is not released properly
2024-09-29 22:58:10,614 [main] WARN  util.ReferenceCountedLeakDetector (ReferenceCountedLeakDetector.java:lambda$new$0(147)) - LEAK: A org.apache.ratis.proto.RaftProtos$LogEntryProto is not released properly
2024-09-29 22:58:10,614 [main] WARN  util.ReferenceCountedLeakDetector (ReferenceCountedLeakDetector.java:lambda$new$0(147)) - LEAK: A org.apache.ratis.protocol.RaftClientRequest is not released properly
2024-09-29 22:58:10,614 [main] WARN  util.ReferenceCountedLeakDetector (ReferenceCountedLeakDetector.java:lambda$new$0(147)) - LEAK: A org.apache.ratis.protocol.RaftClientRequest is not released properly
2024-09-29 22:58:10,614 [main] WARN  util.ReferenceCountedLeakDetector (ReferenceCountedLeakDetector.java:lambda$new$0(147)) - LEAK: A org.apache.ratis.proto.RaftProtos$LogEntryProto is not released properly
2024-09-29 22:58:10,614 [main] WARN  util.ReferenceCountedLeakDetector (ReferenceCountedLeakDetector.java:lambda$new$0(147)) - LEAK: A org.apache.ratis.protocol.RaftClientRequest is not released properly
2024-09-29 22:58:10,615 [main] WARN  util.ReferenceCountedLeakDetector (ReferenceCountedLeakDetector.java:lambda$new$0(147)) - LEAK: A org.apache.ratis.protocol.RaftClientRequest is not released properly
2024-09-29 22:58:10,615 [main] WARN  util.ReferenceCountedLeakDetector (ReferenceCountedLeakDetector.java:lambda$new$0(147)) - LEAK: A org.apache.ratis.proto.RaftProtos$LogEntryProto is not released properly
2024-09-29 22:58:10,615 [main] WARN  util.ReferenceCountedLeakDetector (ReferenceCountedLeakDetector.java:lambda$new$0(147)) - LEAK: A org.apache.ratis.protocol.RaftClientRequest is not released properly
2024-09-29 22:58:10,615 [main] WARN  util.ReferenceCountedLeakDetector (ReferenceCountedLeakDetector.java:lambda$new$0(147)) - LEAK: A org.apache.ratis.proto.RaftProtos$LogEntryProto is not released properly
2024-09-29 22:58:10,615 [main] WARN  util.ReferenceCountedLeakDetector (ReferenceCountedLeakDetector.java:lambda$new$0(147)) - LEAK: A org.apache.ratis.proto.RaftProtos$LogEntryProto is not released properly
2024-09-29 22:58:10,615 [main] WARN  util.ReferenceCountedLeakDetector (ReferenceCountedLeakDetector.java:lambda$new$0(147)) - LEAK: A org.apache.ratis.protocol.RaftClientRequest is not released properly
2024-09-29 22:58:10,615 [main] WARN  util.ReferenceCountedLeakDetector (ReferenceCountedLeakDetector.java:lambda$new$0(147)) - LEAK: A org.apache.ratis.proto.RaftProtos$LogEntryProto is not released properly
2024-09-29 22:58:10,615 [main] WARN  util.ReferenceCountedLeakDetector (ReferenceCountedLeakDetector.java:lambda$new$0(147)) - LEAK: A org.apache.ratis.proto.RaftProtos$LogEntryProto is not released properly
2024-09-29 22:58:10,616 [main] WARN  util.ReferenceCountedLeakDetector (ReferenceCountedLeakDetector.java:lambda$new$0(147)) - LEAK: A org.apache.ratis.protocol.RaftClientRequest is not released properly
2024-09-29 22:58:10,616 [main] WARN  util.ReferenceCountedLeakDetector (ReferenceCountedLeakDetector.java:lambda$new$0(147)) - LEAK: A org.apache.ratis.proto.RaftProtos$LogEntryProto is not released properly
2024-09-29 22:58:10,616 [main] WARN  util.ReferenceCountedLeakDetector (ReferenceCountedLeakDetector.java:lambda$new$0(147)) - LEAK: A org.apache.ratis.protocol.RaftClientRequest is not released properly
2024-09-29 22:58:10,616 [main] WARN  util.ReferenceCountedLeakDetector (ReferenceCountedLeakDetector.java:lambda$new$0(147)) - LEAK: A org.apache.ratis.protocol.RaftClientRequest is not released properly
2024-09-29 22:58:10,616 [main] WARN  util.ReferenceCountedLeakDetector (ReferenceCountedLeakDetector.java:lambda$new$0(147)) - LEAK: A org.apache.ratis.protocol.RaftClientRequest is not released properly
2024-09-29 22:58:10,616 [main] WARN  util.ReferenceCountedLeakDetector (ReferenceCountedLeakDetector.java:lambda$new$0(147)) - LEAK: A org.apache.ratis.protocol.RaftClientRequest is not released properly
2024-09-29 22:58:10,616 [main] WARN  util.ReferenceCountedLeakDetector (ReferenceCountedLeakDetector.java:lambda$new$0(147)) - LEAK: A org.apache.ratis.protocol.RaftClientRequest is not released properly
2024-09-29 22:58:10,616 [main] WARN  util.ReferenceCountedLeakDetector (ReferenceCountedLeakDetector.java:lambda$new$0(147)) - LEAK: A org.apache.ratis.proto.RaftProtos$LogEntryProto is not released properly
2024-09-29 22:58:10,617 [main] WARN  util.ReferenceCountedLeakDetector (ReferenceCountedLeakDetector.java:lambda$new$0(147)) - LEAK: A org.apache.ratis.proto.RaftProtos$LogEntryProto is not released properly
2024-09-29 22:58:10,617 [main] WARN  util.ReferenceCountedLeakDetector (ReferenceCountedLeakDetector.java:lambda$new$0(147)) - LEAK: A org.apache.ratis.protocol.RaftClientRequest is not released properly
2024-09-29 22:58:10,617 [main] WARN  util.ReferenceCountedLeakDetector (ReferenceCountedLeakDetector.java:lambda$new$0(147)) - LEAK: A org.apache.ratis.protocol.RaftClientRequest is not released properly
2024-09-29 22:58:10,617 [main] WARN  util.ReferenceCountedLeakDetector (ReferenceCountedLeakDetector.java:lambda$new$0(147)) - LEAK: A org.apache.ratis.proto.RaftProtos$LogEntryProto is not released properly
2024-09-29 22:58:10,617 [main] WARN  util.ReferenceCountedLeakDetector (ReferenceCountedLeakDetector.java:lambda$new$0(147)) - LEAK: A org.apache.ratis.proto.RaftProtos$LogEntryProto is not released properly
2024-09-29 22:58:10,617 [main] WARN  util.ReferenceCountedLeakDetector (ReferenceCountedLeakDetector.java:lambda$new$0(147)) - LEAK: A org.apache.ratis.proto.RaftProtos$LogEntryProto is not released properly
2024-09-29 22:58:10,617 [main] WARN  util.ReferenceCountedLeakDetector (ReferenceCountedLeakDetector.java:lambda$new$0(147)) - LEAK: A org.apache.ratis.protocol.RaftClientRequest is not released properly
2024-09-29 22:58:10,617 [main] WARN  util.ReferenceCountedLeakDetector (ReferenceCountedLeakDetector.java:lambda$new$0(147)) - LEAK: A org.apache.ratis.proto.RaftProtos$LogEntryProto is not released properly
2024-09-29 22:58:10,618 [main] WARN  util.ReferenceCountedLeakDetector (ReferenceCountedLeakDetector.java:lambda$new$0(147)) - LEAK: A org.apache.ratis.proto.RaftProtos$LogEntryProto is not released properly
2024-09-29 22:58:10,618 [main] WARN  util.ReferenceCountedLeakDetector (ReferenceCountedLeakDetector.java:lambda$new$0(147)) - LEAK: A org.apache.ratis.proto.RaftProtos$LogEntryProto is not released properly
2024-09-29 22:58:10,618 [main] WARN  util.ReferenceCountedLeakDetector (ReferenceCountedLeakDetector.java:lambda$new$0(147)) - LEAK: A org.apache.ratis.protocol.RaftClientRequest is not released properly
2024-09-29 22:58:10,618 [main] WARN  util.ReferenceCountedLeakDetector (ReferenceCountedLeakDetector.java:lambda$new$0(147)) - LEAK: A org.apache.ratis.protocol.RaftClientRequest is not released properly
2024-09-29 22:58:10,618 [main] WARN  util.ReferenceCountedLeakDetector (ReferenceCountedLeakDetector.java:lambda$new$0(147)) - LEAK: A org.apache.ratis.proto.RaftProtos$LogEntryProto is not released properly
2024-09-29 22:58:10,618 [main] WARN  util.ReferenceCountedLeakDetector (ReferenceCountedLeakDetector.java:lambda$new$0(147)) - LEAK: A org.apache.ratis.protocol.RaftClientRequest is not released properly
2024-09-29 22:58:10,618 [main] WARN  util.ReferenceCountedLeakDetector (ReferenceCountedLeakDetector.java:lambda$new$0(147)) - LEAK: A org.apache.ratis.proto.RaftProtos$LogEntryProto is not released properly
2024-09-29 22:58:10,618 [main] WARN  util.ReferenceCountedLeakDetector (ReferenceCountedLeakDetector.java:lambda$new$0(147)) - LEAK: A org.apache.ratis.proto.RaftProtos$LogEntryProto is not released properly
2024-09-29 22:58:10,619 [main] WARN  util.ReferenceCountedLeakDetector (ReferenceCountedLeakDetector.java:lambda$new$0(147)) - LEAK: A org.apache.ratis.protocol.RaftClientRequest is not released properly
2024-09-29 22:58:10,619 [main] WARN  util.ReferenceCountedLeakDetector (ReferenceCountedLeakDetector.java:lambda$new$0(147)) - LEAK: A org.apache.ratis.proto.RaftProtos$LogEntryProto is not released properly
2024-09-29 22:58:10,619 [main] WARN  util.ReferenceCountedLeakDetector (ReferenceCountedLeakDetector.java:lambda$new$0(147)) - LEAK: A org.apache.ratis.proto.RaftProtos$LogEntryProto is not released properly
2024-09-29 22:58:10,619 [main] WARN  util.ReferenceCountedLeakDetector (ReferenceCountedLeakDetector.java:lambda$new$0(147)) - LEAK: A org.apache.ratis.proto.RaftProtos$LogEntryProto is not released properly
2024-09-29 22:58:10,619 [main] WARN  util.ReferenceCountedLeakDetector (ReferenceCountedLeakDetector.java:lambda$new$0(147)) - LEAK: A org.apache.ratis.proto.RaftProtos$LogEntryProto is not released properly
2024-09-29 22:58:10,619 [main] WARN  util.ReferenceCountedLeakDetector (ReferenceCountedLeakDetector.java:lambda$new$0(147)) - LEAK: A org.apache.ratis.proto.RaftProtos$LogEntryProto is not released properly
2024-09-29 22:58:10,619 [main] WARN  util.ReferenceCountedLeakDetector (ReferenceCountedLeakDetector.java:lambda$new$0(147)) - LEAK: A org.apache.ratis.protocol.RaftClientRequest is not released properly
2024-09-29 22:58:10,619 [main] WARN  util.ReferenceCountedLeakDetector (ReferenceCountedLeakDetector.java:lambda$new$0(147)) - LEAK: A org.apache.ratis.protocol.RaftClientRequest is not released properly
2024-09-29 22:58:10,620 [main] WARN  util.ReferenceCountedLeakDetector (ReferenceCountedLeakDetector.java:lambda$new$0(147)) - LEAK: A org.apache.ratis.proto.RaftProtos$LogEntryProto is not released properly
2024-09-29 22:58:10,620 [main] WARN  util.ReferenceCountedLeakDetector (ReferenceCountedLeakDetector.java:lambda$new$0(147)) - LEAK: A org.apache.ratis.protocol.RaftClientRequest is not released properly
2024-09-29 22:58:10,620 [main] WARN  util.ReferenceCountedLeakDetector (ReferenceCountedLeakDetector.java:lambda$new$0(147)) - LEAK: A org.apache.ratis.proto.RaftProtos$LogEntryProto is not released properly
2024-09-29 22:58:10,620 [main] WARN  util.ReferenceCountedLeakDetector (ReferenceCountedLeakDetector.java:lambda$new$0(147)) - LEAK: A org.apache.ratis.protocol.RaftClientRequest is not released properly
2024-09-29 22:58:10,620 [main] WARN  util.ReferenceCountedLeakDetector (ReferenceCountedLeakDetector.java:lambda$new$0(147)) - LEAK: A org.apache.ratis.proto.RaftProtos$LogEntryProto is not released properly
2024-09-29 22:58:10,620 [main] WARN  util.ReferenceCountedLeakDetector (ReferenceCountedLeakDetector.java:lambda$new$0(147)) - LEAK: A org.apache.ratis.proto.RaftProtos$LogEntryProto is not released properly
2024-09-29 22:58:10,620 [main] WARN  util.ReferenceCountedLeakDetector (ReferenceCountedLeakDetector.java:lambda$new$0(147)) - LEAK: A org.apache.ratis.protocol.RaftClientRequest is not released properly
2024-09-29 22:58:10,620 [main] WARN  util.ReferenceCountedLeakDetector (ReferenceCountedLeakDetector.java:lambda$new$0(147)) - LEAK: A org.apache.ratis.proto.RaftProtos$LogEntryProto is not released properly
2024-09-29 22:58:10,621 [main] WARN  util.ReferenceCountedLeakDetector (ReferenceCountedLeakDetector.java:lambda$new$0(147)) - LEAK: A org.apache.ratis.proto.RaftProtos$LogEntryProto is not released properly
2024-09-29 22:58:10,621 [main] WARN  util.ReferenceCountedLeakDetector (ReferenceCountedLeakDetector.java:lambda$new$0(147)) - LEAK: A org.apache.ratis.proto.RaftProtos$LogEntryProto is not released properly
2024-09-29 22:58:10,621 [main] WARN  util.ReferenceCountedLeakDetector (ReferenceCountedLeakDetector.java:lambda$new$0(147)) - LEAK: A org.apache.ratis.protocol.RaftClientRequest is not released properly
2024-09-29 22:58:10,621 [main] WARN  util.ReferenceCountedLeakDetector (ReferenceCountedLeakDetector.java:lambda$new$0(147)) - LEAK: A org.apache.ratis.proto.RaftProtos$LogEntryProto is not released properly
2024-09-29 22:58:10,621 [main] WARN  util.ReferenceCountedLeakDetector (ReferenceCountedLeakDetector.java:lambda$new$0(147)) - LEAK: A org.apache.ratis.protocol.RaftClientRequest is not released properly
2024-09-29 22:58:10,621 [main] WARN  util.ReferenceCountedLeakDetector (ReferenceCountedLeakDetector.java:lambda$new$0(147)) - LEAK: A org.apache.ratis.protocol.RaftClientRequest is not released properly
2024-09-29 22:58:10,621 [main] WARN  util.ReferenceCountedLeakDetector (ReferenceCountedLeakDetector.java:lambda$new$0(147)) - LEAK: A org.apache.ratis.proto.RaftProtos$LogEntryProto is not released properly
2024-09-29 22:58:10,621 [main] WARN  util.ReferenceCountedLeakDetector (ReferenceCountedLeakDetector.java:lambda$new$0(147)) - LEAK: A org.apache.ratis.protocol.RaftClientRequest is not released properly
2024-09-29 22:58:10,622 [main] WARN  util.ReferenceCountedLeakDetector (ReferenceCountedLeakDetector.java:lambda$new$0(147)) - LEAK: A org.apache.ratis.proto.RaftProtos$LogEntryProto is not released properly
2024-09-29 22:58:10,622 [main] WARN  util.ReferenceCountedLeakDetector (ReferenceCountedLeakDetector.java:lambda$new$0(147)) - LEAK: A org.apache.ratis.protocol.RaftClientRequest is not released properly
2024-09-29 22:58:10,622 [main] WARN  util.ReferenceCountedLeakDetector (ReferenceCountedLeakDetector.java:lambda$new$0(147)) - LEAK: A org.apache.ratis.proto.RaftProtos$LogEntryProto is not released properly
2024-09-29 22:58:10,622 [main] WARN  util.ReferenceCountedLeakDetector (ReferenceCountedLeakDetector.java:lambda$new$0(147)) - LEAK: A org.apache.ratis.protocol.RaftClientRequest is not released properly
2024-09-29 22:58:10,622 [main] WARN  util.ReferenceCountedLeakDetector (ReferenceCountedLeakDetector.java:lambda$new$0(147)) - LEAK: A org.apache.ratis.proto.RaftProtos$LogEntryProto is not released properly
2024-09-29 22:58:10,622 [main] WARN  util.ReferenceCountedLeakDetector (ReferenceCountedLeakDetector.java:lambda$new$0(147)) - LEAK: A org.apache.ratis.proto.RaftProtos$LogEntryProto is not released properly
2024-09-29 22:58:10,622 [main] WARN  util.ReferenceCountedLeakDetector (ReferenceCountedLeakDetector.java:lambda$new$0(147)) - LEAK: A org.apache.ratis.proto.RaftProtos$LogEntryProto is not released properly
2024-09-29 22:58:10,622 [main] WARN  util.ReferenceCountedLeakDetector (ReferenceCountedLeakDetector.java:lambda$new$0(147)) - LEAK: A org.apache.ratis.proto.RaftProtos$LogEntryProto is not released properly
2024-09-29 22:58:10,623 [main] WARN  util.ReferenceCountedLeakDetector (ReferenceCountedLeakDetector.java:lambda$new$0(147)) - LEAK: A org.apache.ratis.proto.RaftProtos$LogEntryProto is not released properly
2024-09-29 22:58:10,623 [main] WARN  util.ReferenceCountedLeakDetector (ReferenceCountedLeakDetector.java:lambda$new$0(147)) - LEAK: A org.apache.ratis.proto.RaftProtos$LogEntryProto is not released properly
2024-09-29 22:58:10,623 [main] WARN  util.ReferenceCountedLeakDetector (ReferenceCountedLeakDetector.java:lambda$new$0(147)) - LEAK: A org.apache.ratis.proto.RaftProtos$LogEntryProto is not released properly
2024-09-29 22:58:10,623 [main] WARN  util.ReferenceCountedLeakDetector (ReferenceCountedLeakDetector.java:lambda$new$0(147)) - LEAK: A org.apache.ratis.protocol.RaftClientRequest is not released properly
2024-09-29 22:58:10,623 [main] WARN  util.ReferenceCountedLeakDetector (ReferenceCountedLeakDetector.java:lambda$new$0(147)) - LEAK: A org.apache.ratis.protocol.RaftClientRequest is not released properly
2024-09-29 22:58:10,623 [main] WARN  util.ReferenceCountedLeakDetector (ReferenceCountedLeakDetector.java:lambda$new$0(147)) - LEAK: A org.apache.ratis.proto.RaftProtos$LogEntryProto is not released properly
2024-09-29 22:58:10,623 [main] WARN  util.ReferenceCountedLeakDetector (ReferenceCountedLeakDetector.java:lambda$new$0(147)) - LEAK: A org.apache.ratis.proto.RaftProtos$LogEntryProto is not released properly
2024-09-29 22:58:10,623 [main] WARN  util.ReferenceCountedLeakDetector (ReferenceCountedLeakDetector.java:lambda$new$0(147)) - LEAK: A org.apache.ratis.proto.RaftProtos$LogEntryProto is not released properly
2024-09-29 22:58:10,624 [main] WARN  util.ReferenceCountedLeakDetector (ReferenceCountedLeakDetector.java:lambda$new$0(147)) - LEAK: A org.apache.ratis.proto.RaftProtos$LogEntryProto is not released properly
2024-09-29 22:58:10,624 [main] WARN  util.ReferenceCountedLeakDetector (ReferenceCountedLeakDetector.java:lambda$new$0(147)) - LEAK: A org.apache.ratis.protocol.RaftClientRequest is not released properly
2024-09-29 22:58:10,624 [main] WARN  util.ReferenceCountedLeakDetector (ReferenceCountedLeakDetector.java:lambda$new$0(147)) - LEAK: A org.apache.ratis.protocol.RaftClientRequest is not released properly
2024-09-29 22:58:10,624 [main] WARN  util.ReferenceCountedLeakDetector (ReferenceCountedLeakDetector.java:lambda$new$0(147)) - LEAK: A org.apache.ratis.protocol.RaftClientRequest is not released properly
2024-09-29 22:58:10,624 [main] WARN  util.ReferenceCountedLeakDetector (ReferenceCountedLeakDetector.java:lambda$new$0(147)) - LEAK: A org.apache.ratis.protocol.RaftClientRequest is not released properly
2024-09-29 22:58:10,624 [main] WARN  util.ReferenceCountedLeakDetector (ReferenceCountedLeakDetector.java:lambda$new$0(147)) - LEAK: A org.apache.ratis.protocol.RaftClientRequest is not released properly
2024-09-29 22:58:10,624 [main] WARN  util.ReferenceCountedLeakDetector (ReferenceCountedLeakDetector.java:lambda$new$0(147)) - LEAK: A org.apache.ratis.protocol.RaftClientRequest is not released properly
2024-09-29 22:58:10,624 [main] WARN  util.ReferenceCountedLeakDetector (ReferenceCountedLeakDetector.java:lambda$new$0(147)) - LEAK: A org.apache.ratis.proto.RaftProtos$LogEntryProto is not released properly
2024-09-29 22:58:10,625 [main] WARN  util.ReferenceCountedLeakDetector (ReferenceCountedLeakDetector.java:lambda$new$0(147)) - LEAK: A org.apache.ratis.protocol.RaftClientRequest is not released properly
2024-09-29 22:58:10,625 [main] WARN  util.ReferenceCountedLeakDetector (ReferenceCountedLeakDetector.java:lambda$new$0(147)) - LEAK: A org.apache.ratis.protocol.RaftClientRequest is not released properly
2024-09-29 22:58:10,625 [main] WARN  util.ReferenceCountedLeakDetector (ReferenceCountedLeakDetector.java:lambda$new$0(147)) - LEAK: A org.apache.ratis.protocol.RaftClientRequest is not released properly
2024-09-29 22:58:10,625 [main] WARN  util.ReferenceCountedLeakDetector (ReferenceCountedLeakDetector.java:lambda$new$0(147)) - LEAK: A org.apache.ratis.protocol.RaftClientRequest is not released properly
2024-09-29 22:58:10,625 [main] WARN  util.ReferenceCountedLeakDetector (ReferenceCountedLeakDetector.java:lambda$new$0(147)) - LEAK: A org.apache.ratis.protocol.RaftClientRequest is not released properly
2024-09-29 22:58:10,625 [main] WARN  util.ReferenceCountedLeakDetector (ReferenceCountedLeakDetector.java:lambda$new$0(147)) - LEAK: A org.apache.ratis.proto.RaftProtos$LogEntryProto is not released properly
2024-09-29 22:58:10,625 [main] WARN  util.ReferenceCountedLeakDetector (ReferenceCountedLeakDetector.java:lambda$new$0(147)) - LEAK: A org.apache.ratis.protocol.RaftClientRequest is not released properly
2024-09-29 22:58:10,625 [main] WARN  util.ReferenceCountedLeakDetector (ReferenceCountedLeakDetector.java:lambda$new$0(147)) - LEAK: A org.apache.ratis.protocol.RaftClientRequest is not released properly
2024-09-29 22:58:10,626 [main] WARN  util.ReferenceCountedLeakDetector (ReferenceCountedLeakDetector.java:lambda$new$0(147)) - LEAK: A org.apache.ratis.proto.RaftProtos$LogEntryProto is not released properly
2024-09-29 22:58:10,626 [main] WARN  util.ReferenceCountedLeakDetector (ReferenceCountedLeakDetector.java:lambda$new$0(147)) - LEAK: A org.apache.ratis.protocol.RaftClientRequest is not released properly
2024-09-29 22:58:10,626 [main] WARN  util.ReferenceCountedLeakDetector (ReferenceCountedLeakDetector.java:lambda$new$0(147)) - LEAK: A org.apache.ratis.protocol.RaftClientRequest is not released properly
2024-09-29 22:58:10,626 [main] WARN  util.ReferenceCountedLeakDetector (ReferenceCountedLeakDetector.java:lambda$new$0(147)) - LEAK: A org.apache.ratis.proto.RaftProtos$LogEntryProto is not released properly
2024-09-29 22:58:10,626 [main] WARN  util.ReferenceCountedLeakDetector (ReferenceCountedLeakDetector.java:lambda$new$0(147)) - LEAK: A org.apache.ratis.protocol.RaftClientRequest is not released properly
2024-09-29 22:58:10,626 [main] WARN  util.ReferenceCountedLeakDetector (ReferenceCountedLeakDetector.java:lambda$new$0(147)) - LEAK: A org.apache.ratis.protocol.RaftClientRequest is not released properly
2024-09-29 22:58:10,626 [main] WARN  util.ReferenceCountedLeakDetector (ReferenceCountedLeakDetector.java:lambda$new$0(147)) - LEAK: A org.apache.ratis.protocol.RaftClientRequest is not released properly
2024-09-29 22:58:10,626 [main] WARN  util.ReferenceCountedLeakDetector (ReferenceCountedLeakDetector.java:lambda$new$0(147)) - LEAK: A org.apache.ratis.proto.RaftProtos$LogEntryProto is not released properly
2024-09-29 22:58:10,626 [main] WARN  util.ReferenceCountedLeakDetector (ReferenceCountedLeakDetector.java:lambda$new$0(147)) - LEAK: A org.apache.ratis.proto.RaftProtos$LogEntryProto is not released properly
2024-09-29 22:58:10,627 [main] WARN  util.ReferenceCountedLeakDetector (ReferenceCountedLeakDetector.java:lambda$new$0(147)) - LEAK: A org.apache.ratis.protocol.RaftClientRequest is not released properly
2024-09-29 22:58:10,627 [main] WARN  util.ReferenceCountedLeakDetector (ReferenceCountedLeakDetector.java:lambda$new$0(147)) - LEAK: A org.apache.ratis.protocol.RaftClientRequest is not released properly
2024-09-29 22:58:10,627 [main] WARN  util.ReferenceCountedLeakDetector (ReferenceCountedLeakDetector.java:lambda$new$0(147)) - LEAK: A org.apache.ratis.proto.RaftProtos$LogEntryProto is not released properly
2024-09-29 22:58:10,627 [main] WARN  util.ReferenceCountedLeakDetector (ReferenceCountedLeakDetector.java:lambda$new$0(147)) - LEAK: A org.apache.ratis.proto.RaftProtos$LogEntryProto is not released properly
2024-09-29 22:58:10,627 [main] WARN  util.ReferenceCountedLeakDetector (ReferenceCountedLeakDetector.java:lambda$new$0(147)) - LEAK: A org.apache.ratis.protocol.RaftClientRequest is not released properly
2024-09-29 22:58:10,627 [main] WARN  util.ReferenceCountedLeakDetector (ReferenceCountedLeakDetector.java:lambda$new$0(147)) - LEAK: A org.apache.ratis.proto.RaftProtos$LogEntryProto is not released properly
2024-09-29 22:58:10,627 [main] WARN  util.ReferenceCountedLeakDetector (ReferenceCountedLeakDetector.java:lambda$new$0(147)) - LEAK: A org.apache.ratis.protocol.RaftClientRequest is not released properly
2024-09-29 22:58:10,627 [main] WARN  util.ReferenceCountedLeakDetector (ReferenceCountedLeakDetector.java:lambda$new$0(147)) - LEAK: A org.apache.ratis.proto.RaftProtos$LogEntryProto is not released properly
2024-09-29 22:58:10,628 [main] WARN  util.ReferenceCountedLeakDetector (ReferenceCountedLeakDetector.java:lambda$new$0(147)) - LEAK: A org.apache.ratis.proto.RaftProtos$LogEntryProto is not released properly
2024-09-29 22:58:10,628 [main] WARN  util.ReferenceCountedLeakDetector (ReferenceCountedLeakDetector.java:lambda$new$0(147)) - LEAK: A org.apache.ratis.proto.RaftProtos$LogEntryProto is not released properly
2024-09-29 22:58:10,628 [main] WARN  util.ReferenceCountedLeakDetector (ReferenceCountedLeakDetector.java:lambda$new$0(147)) - LEAK: A org.apache.ratis.protocol.RaftClientRequest is not released properly
2024-09-29 22:58:10,628 [main] WARN  util.ReferenceCountedLeakDetector (ReferenceCountedLeakDetector.java:lambda$new$0(147)) - LEAK: A org.apache.ratis.proto.RaftProtos$LogEntryProto is not released properly
2024-09-29 22:58:10,628 [main] WARN  util.ReferenceCountedLeakDetector (ReferenceCountedLeakDetector.java:lambda$new$0(147)) - LEAK: A org.apache.ratis.protocol.RaftClientRequest is not released properly
2024-09-29 22:58:10,628 [main] WARN  util.ReferenceCountedLeakDetector (ReferenceCountedLeakDetector.java:lambda$new$0(147)) - LEAK: A org.apache.ratis.protocol.RaftClientRequest is not released properly
2024-09-29 22:58:10,628 [main] WARN  util.ReferenceCountedLeakDetector (ReferenceCountedLeakDetector.java:lambda$new$0(147)) - LEAK: A org.apache.ratis.proto.RaftProtos$LogEntryProto is not released properly
2024-09-29 22:58:10,628 [main] WARN  util.ReferenceCountedLeakDetector (ReferenceCountedLeakDetector.java:lambda$new$0(147)) - LEAK: A org.apache.ratis.protocol.RaftClientRequest is not released properly
2024-09-29 22:58:10,629 [main] WARN  util.ReferenceCountedLeakDetector (ReferenceCountedLeakDetector.java:lambda$new$0(147)) - LEAK: A org.apache.ratis.proto.RaftProtos$LogEntryProto is not released properly
2024-09-29 22:58:10,629 [main] WARN  util.ReferenceCountedLeakDetector (ReferenceCountedLeakDetector.java:lambda$new$0(147)) - LEAK: A org.apache.ratis.protocol.RaftClientRequest is not released properly
2024-09-29 22:58:10,629 [main] WARN  util.ReferenceCountedLeakDetector (ReferenceCountedLeakDetector.java:lambda$new$0(147)) - LEAK: A org.apache.ratis.proto.RaftProtos$LogEntryProto is not released properly
2024-09-29 22:58:10,629 [main] WARN  util.ReferenceCountedLeakDetector (ReferenceCountedLeakDetector.java:lambda$new$0(147)) - LEAK: A org.apache.ratis.protocol.RaftClientRequest is not released properly
2024-09-29 22:58:10,629 [main] WARN  util.ReferenceCountedLeakDetector (ReferenceCountedLeakDetector.java:lambda$new$0(147)) - LEAK: A org.apache.ratis.proto.RaftProtos$LogEntryProto is not released properly
2024-09-29 22:58:10,629 [main] WARN  util.ReferenceCountedLeakDetector (ReferenceCountedLeakDetector.java:lambda$new$0(147)) - LEAK: A org.apache.ratis.proto.RaftProtos$LogEntryProto is not released properly
2024-09-29 22:58:10,629 [main] WARN  util.ReferenceCountedLeakDetector (ReferenceCountedLeakDetector.java:lambda$new$0(147)) - LEAK: A org.apache.ratis.proto.RaftProtos$LogEntryProto is not released properly
2024-09-29 22:58:10,629 [main] WARN  util.ReferenceCountedLeakDetector (ReferenceCountedLeakDetector.java:lambda$new$0(147)) - LEAK: A org.apache.ratis.protocol.RaftClientRequest is not released properly
2024-09-29 22:58:10,630 [main] WARN  util.ReferenceCountedLeakDetector (ReferenceCountedLeakDetector.java:lambda$new$0(147)) - LEAK: A org.apache.ratis.proto.RaftProtos$LogEntryProto is not released properly
2024-09-29 22:58:10,630 [main] WARN  util.ReferenceCountedLeakDetector (ReferenceCountedLeakDetector.java:lambda$new$0(147)) - LEAK: A org.apache.ratis.proto.RaftProtos$LogEntryProto is not released properly
2024-09-29 22:58:10,630 [main] WARN  util.ReferenceCountedLeakDetector (ReferenceCountedLeakDetector.java:lambda$new$0(147)) - LEAK: A org.apache.ratis.protocol.RaftClientRequest is not released properly
2024-09-29 22:58:10,630 [main] WARN  util.ReferenceCountedLeakDetector (ReferenceCountedLeakDetector.java:lambda$new$0(147)) - LEAK: A org.apache.ratis.protocol.RaftClientRequest is not released properly
2024-09-29 22:58:10,630 [main] WARN  util.ReferenceCountedLeakDetector (ReferenceCountedLeakDetector.java:lambda$new$0(147)) - LEAK: A org.apache.ratis.protocol.RaftClientRequest is not released properly
2024-09-29 22:58:10,630 [main] WARN  util.ReferenceCountedLeakDetector (ReferenceCountedLeakDetector.java:lambda$new$0(147)) - LEAK: A org.apache.ratis.protocol.RaftClientRequest is not released properly
2024-09-29 22:58:10,630 [main] WARN  util.ReferenceCountedLeakDetector (ReferenceCountedLeakDetector.java:lambda$new$0(147)) - LEAK: A org.apache.ratis.proto.RaftProtos$LogEntryProto is not released properly
2024-09-29 22:58:10,630 [main] WARN  util.ReferenceCountedLeakDetector (ReferenceCountedLeakDetector.java:lambda$new$0(147)) - LEAK: A org.apache.ratis.proto.RaftProtos$LogEntryProto is not released properly
2024-09-29 22:58:10,631 [main] WARN  util.ReferenceCountedLeakDetector (ReferenceCountedLeakDetector.java:lambda$new$0(147)) - LEAK: A org.apache.ratis.proto.RaftProtos$LogEntryProto is not released properly
2024-09-29 22:58:10,631 [main] WARN  util.ReferenceCountedLeakDetector (ReferenceCountedLeakDetector.java:lambda$new$0(147)) - LEAK: A org.apache.ratis.proto.RaftProtos$LogEntryProto is not released properly
2024-09-29 22:58:10,631 [main] WARN  util.ReferenceCountedLeakDetector (ReferenceCountedLeakDetector.java:lambda$new$0(147)) - LEAK: A org.apache.ratis.protocol.RaftClientRequest is not released properly
2024-09-29 22:58:10,631 [main] WARN  util.ReferenceCountedLeakDetector (ReferenceCountedLeakDetector.java:lambda$new$0(147)) - LEAK: A org.apache.ratis.protocol.RaftClientRequest is not released properly
2024-09-29 22:58:10,631 [main] WARN  util.ReferenceCountedLeakDetector (ReferenceCountedLeakDetector.java:lambda$new$0(147)) - LEAK: A org.apache.ratis.protocol.RaftClientRequest is not released properly
2024-09-29 22:58:10,631 [main] WARN  util.ReferenceCountedLeakDetector (ReferenceCountedLeakDetector.java:lambda$new$0(147)) - LEAK: A org.apache.ratis.proto.RaftProtos$LogEntryProto is not released properly
2024-09-29 22:58:10,631 [main] WARN  util.ReferenceCountedLeakDetector (ReferenceCountedLeakDetector.java:lambda$new$0(147)) - LEAK: A org.apache.ratis.proto.RaftProtos$LogEntryProto is not released properly
2024-09-29 22:58:10,631 [main] WARN  util.ReferenceCountedLeakDetector (ReferenceCountedLeakDetector.java:lambda$new$0(147)) - LEAK: A org.apache.ratis.protocol.RaftClientRequest is not released properly
2024-09-29 22:58:10,632 [main] WARN  util.ReferenceCountedLeakDetector (ReferenceCountedLeakDetector.java:lambda$new$0(147)) - LEAK: A org.apache.ratis.proto.RaftProtos$LogEntryProto is not released properly
2024-09-29 22:58:10,632 [main] WARN  util.ReferenceCountedLeakDetector (ReferenceCountedLeakDetector.java:lambda$new$0(147)) - LEAK: A org.apache.ratis.protocol.RaftClientRequest is not released properly
2024-09-29 22:58:10,632 [main] WARN  util.ReferenceCountedLeakDetector (ReferenceCountedLeakDetector.java:lambda$new$0(147)) - LEAK: A org.apache.ratis.proto.RaftProtos$LogEntryProto is not released properly
2024-09-29 22:58:10,632 [main] WARN  util.ReferenceCountedLeakDetector (ReferenceCountedLeakDetector.java:lambda$new$0(147)) - LEAK: A org.apache.ratis.protocol.RaftClientRequest is not released properly
2024-09-29 22:58:10,632 [main] WARN  util.ReferenceCountedLeakDetector (ReferenceCountedLeakDetector.java:lambda$new$0(147)) - LEAK: A org.apache.ratis.protocol.RaftClientRequest is not released properly
2024-09-29 22:58:10,632 [main] WARN  util.ReferenceCountedLeakDetector (ReferenceCountedLeakDetector.java:lambda$new$0(147)) - LEAK: A org.apache.ratis.protocol.RaftClientRequest is not released properly
2024-09-29 22:58:10,632 [main] WARN  util.ReferenceCountedLeakDetector (ReferenceCountedLeakDetector.java:lambda$new$0(147)) - LEAK: A org.apache.ratis.protocol.RaftClientRequest is not released properly
2024-09-29 22:58:10,632 [main] WARN  util.ReferenceCountedLeakDetector (ReferenceCountedLeakDetector.java:lambda$new$0(147)) - LEAK: A org.apache.ratis.protocol.RaftClientRequest is not released properly
2024-09-29 22:58:10,633 [main] WARN  util.ReferenceCountedLeakDetector (ReferenceCountedLeakDetector.java:lambda$new$0(147)) - LEAK: A org.apache.ratis.proto.RaftProtos$LogEntryProto is not released properly
2024-09-29 22:58:10,633 [main] WARN  util.ReferenceCountedLeakDetector (ReferenceCountedLeakDetector.java:lambda$new$0(147)) - LEAK: A org.apache.ratis.protocol.RaftClientRequest is not released properly
2024-09-29 22:58:10,633 [main] WARN  util.ReferenceCountedLeakDetector (ReferenceCountedLeakDetector.java:lambda$new$0(147)) - LEAK: A org.apache.ratis.proto.RaftProtos$LogEntryProto is not released properly
2024-09-29 22:58:10,633 [main] WARN  util.ReferenceCountedLeakDetector (ReferenceCountedLeakDetector.java:lambda$new$0(147)) - LEAK: A org.apache.ratis.proto.RaftProtos$LogEntryProto is not released properly
2024-09-29 22:58:10,633 [main] WARN  util.ReferenceCountedLeakDetector (ReferenceCountedLeakDetector.java:lambda$new$0(147)) - LEAK: A org.apache.ratis.protocol.RaftClientRequest is not released properly
2024-09-29 22:58:10,633 [main] WARN  util.ReferenceCountedLeakDetector (ReferenceCountedLeakDetector.java:lambda$new$0(147)) - LEAK: A org.apache.ratis.protocol.RaftClientRequest is not released properly
2024-09-29 22:58:10,633 [main] WARN  util.ReferenceCountedLeakDetector (ReferenceCountedLeakDetector.java:lambda$new$0(147)) - LEAK: A org.apache.ratis.protocol.RaftClientRequest is not released properly
2024-09-29 22:58:10,633 [main] WARN  util.ReferenceCountedLeakDetector (ReferenceCountedLeakDetector.java:lambda$new$0(147)) - LEAK: A org.apache.ratis.protocol.RaftClientRequest is not released properly
2024-09-29 22:58:10,634 [main] WARN  util.ReferenceCountedLeakDetector (ReferenceCountedLeakDetector.java:lambda$new$0(147)) - LEAK: A org.apache.ratis.protocol.RaftClientRequest is not released properly
2024-09-29 22:58:10,634 [main] WARN  util.ReferenceCountedLeakDetector (ReferenceCountedLeakDetector.java:lambda$new$0(147)) - LEAK: A org.apache.ratis.protocol.RaftClientRequest is not released properly
2024-09-29 22:58:10,634 [main] WARN  util.ReferenceCountedLeakDetector (ReferenceCountedLeakDetector.java:lambda$new$0(147)) - LEAK: A org.apache.ratis.protocol.RaftClientRequest is not released properly
2024-09-29 22:58:10,634 [main] WARN  util.ReferenceCountedLeakDetector (ReferenceCountedLeakDetector.java:lambda$new$0(147)) - LEAK: A org.apache.ratis.protocol.RaftClientRequest is not released properly
2024-09-29 22:58:10,634 [main] WARN  util.ReferenceCountedLeakDetector (ReferenceCountedLeakDetector.java:lambda$new$0(147)) - LEAK: A org.apache.ratis.proto.RaftProtos$LogEntryProto is not released properly
2024-09-29 22:58:10,634 [main] WARN  util.ReferenceCountedLeakDetector (ReferenceCountedLeakDetector.java:lambda$new$0(147)) - LEAK: A org.apache.ratis.proto.RaftProtos$LogEntryProto is not released properly
2024-09-29 22:58:10,634 [main] WARN  util.ReferenceCountedLeakDetector (ReferenceCountedLeakDetector.java:lambda$new$0(147)) - LEAK: A org.apache.ratis.proto.RaftProtos$LogEntryProto is not released properly
2024-09-29 22:58:10,634 [main] WARN  util.ReferenceCountedLeakDetector (ReferenceCountedLeakDetector.java:lambda$new$0(147)) - LEAK: A org.apache.ratis.proto.RaftProtos$LogEntryProto is not released properly
2024-09-29 22:58:10,635 [main] WARN  util.ReferenceCountedLeakDetector (ReferenceCountedLeakDetector.java:lambda$new$0(147)) - LEAK: A org.apache.ratis.proto.RaftProtos$LogEntryProto is not released properly
2024-09-29 22:58:10,635 [main] WARN  util.ReferenceCountedLeakDetector (ReferenceCountedLeakDetector.java:lambda$new$0(147)) - LEAK: A org.apache.ratis.proto.RaftProtos$LogEntryProto is not released properly
2024-09-29 22:58:10,635 [main] WARN  util.ReferenceCountedLeakDetector (ReferenceCountedLeakDetector.java:lambda$new$0(147)) - LEAK: A org.apache.ratis.proto.RaftProtos$LogEntryProto is not released properly
2024-09-29 22:58:10,635 [main] WARN  util.ReferenceCountedLeakDetector (ReferenceCountedLeakDetector.java:lambda$new$0(147)) - LEAK: A org.apache.ratis.proto.RaftProtos$LogEntryProto is not released properly
2024-09-29 22:58:10,635 [main] WARN  util.ReferenceCountedLeakDetector (ReferenceCountedLeakDetector.java:lambda$new$0(147)) - LEAK: A org.apache.ratis.protocol.RaftClientRequest is not released properly
2024-09-29 22:58:10,635 [main] WARN  util.ReferenceCountedLeakDetector (ReferenceCountedLeakDetector.java:lambda$new$0(147)) - LEAK: A org.apache.ratis.proto.RaftProtos$LogEntryProto is not released properly
2024-09-29 22:58:10,635 [main] WARN  util.ReferenceCountedLeakDetector (ReferenceCountedLeakDetector.java:lambda$new$0(147)) - LEAK: A org.apache.ratis.protocol.RaftClientRequest is not released properly
2024-09-29 22:58:10,635 [main] WARN  util.ReferenceCountedLeakDetector (ReferenceCountedLeakDetector.java:lambda$new$0(147)) - LEAK: A org.apache.ratis.proto.RaftProtos$LogEntryProto is not released properly
2024-09-29 22:58:10,636 [main] WARN  util.ReferenceCountedLeakDetector (ReferenceCountedLeakDetector.java:lambda$new$0(147)) - LEAK: A org.apache.ratis.proto.RaftProtos$LogEntryProto is not released properly
2024-09-29 22:58:10,636 [main] WARN  util.ReferenceCountedLeakDetector (ReferenceCountedLeakDetector.java:lambda$new$0(147)) - LEAK: A org.apache.ratis.protocol.RaftClientRequest is not released properly
2024-09-29 22:58:10,636 [main] WARN  util.ReferenceCountedLeakDetector (ReferenceCountedLeakDetector.java:lambda$new$0(147)) - LEAK: A org.apache.ratis.protocol.RaftClientRequest is not released properly
2024-09-29 22:58:10,636 [main] WARN  util.ReferenceCountedLeakDetector (ReferenceCountedLeakDetector.java:lambda$new$0(147)) - LEAK: A org.apache.ratis.proto.RaftProtos$LogEntryProto is not released properly
2024-09-29 22:58:10,636 [main] WARN  util.ReferenceCountedLeakDetector (ReferenceCountedLeakDetector.java:lambda$new$0(147)) - LEAK: A org.apache.ratis.proto.RaftProtos$LogEntryProto is not released properly
2024-09-29 22:58:10,636 [main] WARN  util.ReferenceCountedLeakDetector (ReferenceCountedLeakDetector.java:lambda$new$0(147)) - LEAK: A org.apache.ratis.protocol.RaftClientRequest is not released properly
2024-09-29 22:58:10,636 [main] WARN  util.ReferenceCountedLeakDetector (ReferenceCountedLeakDetector.java:lambda$new$0(147)) - LEAK: A org.apache.ratis.proto.RaftProtos$LogEntryProto is not released properly
2024-09-29 22:58:10,636 [main] WARN  util.ReferenceCountedLeakDetector (ReferenceCountedLeakDetector.java:lambda$new$0(147)) - LEAK: A org.apache.ratis.proto.RaftProtos$LogEntryProto is not released properly
2024-09-29 22:58:10,637 [main] WARN  util.ReferenceCountedLeakDetector (ReferenceCountedLeakDetector.java:lambda$new$0(147)) - LEAK: A org.apache.ratis.protocol.RaftClientRequest is not released properly
2024-09-29 22:58:10,637 [main] WARN  util.ReferenceCountedLeakDetector (ReferenceCountedLeakDetector.java:lambda$new$0(147)) - LEAK: A org.apache.ratis.protocol.RaftClientRequest is not released properly
2024-09-29 22:58:10,637 [main] WARN  util.ReferenceCountedLeakDetector (ReferenceCountedLeakDetector.java:lambda$new$0(147)) - LEAK: A org.apache.ratis.proto.RaftProtos$LogEntryProto is not released properly
2024-09-29 22:58:10,637 [main] WARN  util.ReferenceCountedLeakDetector (ReferenceCountedLeakDetector.java:lambda$new$0(147)) - LEAK: A org.apache.ratis.proto.RaftProtos$LogEntryProto is not released properly
2024-09-29 22:58:10,637 [main] WARN  util.ReferenceCountedLeakDetector (ReferenceCountedLeakDetector.java:lambda$new$0(147)) - LEAK: A org.apache.ratis.protocol.RaftClientRequest is not released properly
2024-09-29 22:58:10,637 [main] WARN  util.ReferenceCountedLeakDetector (ReferenceCountedLeakDetector.java:lambda$new$0(147)) - LEAK: A org.apache.ratis.proto.RaftProtos$LogEntryProto is not released properly
2024-09-29 22:58:10,637 [main] WARN  util.ReferenceCountedLeakDetector (ReferenceCountedLeakDetector.java:lambda$new$0(147)) - LEAK: A org.apache.ratis.proto.RaftProtos$LogEntryProto is not released properly
2024-09-29 22:58:10,637 [main] WARN  util.ReferenceCountedLeakDetector (ReferenceCountedLeakDetector.java:lambda$new$0(147)) - LEAK: A org.apache.ratis.proto.RaftProtos$LogEntryProto is not released properly
2024-09-29 22:58:10,638 [main] WARN  util.ReferenceCountedLeakDetector (ReferenceCountedLeakDetector.java:lambda$new$0(147)) - LEAK: A org.apache.ratis.proto.RaftProtos$LogEntryProto is not released properly
2024-09-29 22:58:10,638 [main] WARN  util.ReferenceCountedLeakDetector (ReferenceCountedLeakDetector.java:lambda$new$0(147)) - LEAK: A org.apache.ratis.proto.RaftProtos$LogEntryProto is not released properly
2024-09-29 22:58:10,638 [main] WARN  util.ReferenceCountedLeakDetector (ReferenceCountedLeakDetector.java:lambda$new$0(147)) - LEAK: A org.apache.ratis.proto.RaftProtos$LogEntryProto is not released properly
2024-09-29 22:58:10,638 [main] WARN  util.ReferenceCountedLeakDetector (ReferenceCountedLeakDetector.java:lambda$new$0(147)) - LEAK: A org.apache.ratis.protocol.RaftClientRequest is not released properly
2024-09-29 22:58:10,638 [main] WARN  util.ReferenceCountedLeakDetector (ReferenceCountedLeakDetector.java:lambda$new$0(147)) - LEAK: A org.apache.ratis.proto.RaftProtos$LogEntryProto is not released properly
2024-09-29 22:58:10,638 [main] WARN  util.ReferenceCountedLeakDetector (ReferenceCountedLeakDetector.java:lambda$new$0(147)) - LEAK: A org.apache.ratis.protocol.RaftClientRequest is not released properly
2024-09-29 22:58:10,638 [main] WARN  util.ReferenceCountedLeakDetector (ReferenceCountedLeakDetector.java:lambda$new$0(147)) - LEAK: A org.apache.ratis.proto.RaftProtos$LogEntryProto is not released properly
2024-09-29 22:58:10,638 [main] WARN  util.ReferenceCountedLeakDetector (ReferenceCountedLeakDetector.java:lambda$new$0(147)) - LEAK: A org.apache.ratis.proto.RaftProtos$LogEntryProto is not released properly
2024-09-29 22:58:10,639 [main] WARN  util.ReferenceCountedLeakDetector (ReferenceCountedLeakDetector.java:lambda$new$0(147)) - LEAK: A org.apache.ratis.protocol.RaftClientRequest is not released properly
2024-09-29 22:58:10,639 [main] WARN  util.ReferenceCountedLeakDetector (ReferenceCountedLeakDetector.java:lambda$new$0(147)) - LEAK: A org.apache.ratis.protocol.RaftClientRequest is not released properly
]]></system-out>
  </testcase>
  <testcase name="testSeparateSnapshotInstallPath(Boolean)[2]" classname="org.apache.ratis.grpc.TestLeaderInstallSnapshotWithGrpc" time="2.057">
    <error type="java.lang.IllegalStateException"><![CDATA[java.lang.IllegalStateException: allLeaks.size = 257
	at org.apache.ratis.util.Preconditions.assertTrue(Preconditions.java:77)
	at org.apache.ratis.util.LeakDetector.assertNoLeaks(LeakDetector.java:107)
	at org.apache.ratis.server.impl.MiniRaftCluster.shutdown(MiniRaftCluster.java:869)
	at org.apache.ratis.grpc.MiniRaftClusterWithGrpc.shutdown(MiniRaftClusterWithGrpc.java:96)
	at org.apache.ratis.server.impl.MiniRaftCluster$Factory$Get.runWithNewCluster(MiniRaftCluster.java:149)
	at org.apache.ratis.server.impl.MiniRaftCluster$Factory$Get.runWithNewCluster(MiniRaftCluster.java:121)
	at org.apache.ratis.InstallSnapshotFromLeaderTests.testSeparateSnapshotInstallPath(InstallSnapshotFromLeaderTests.java:90)
	at org.apache.ratis.grpc.TestLeaderInstallSnapshotWithGrpc.testSeparateSnapshotInstallPath(TestLeaderInstallSnapshotWithGrpc.java:46)
	at java.lang.reflect.Method.invoke(Method.java:498)
	at java.util.stream.ForEachOps$ForEachOp$OfRef.accept(ForEachOps.java:183)
	at java.util.stream.ReferencePipeline$3$1.accept(ReferencePipeline.java:193)
	at java.util.stream.ReferencePipeline$2$1.accept(ReferencePipeline.java:175)
	at java.util.stream.ReferencePipeline$3$1.accept(ReferencePipeline.java:193)
	at java.util.stream.ForEachOps$ForEachOp$OfRef.accept(ForEachOps.java:183)
	at java.util.stream.ReferencePipeline$3$1.accept(ReferencePipeline.java:193)
	at java.util.stream.ReferencePipeline$3$1.accept(ReferencePipeline.java:193)
	at java.util.stream.ReferencePipeline$3$1.accept(ReferencePipeline.java:193)
	at java.util.stream.ForEachOps$ForEachOp$OfRef.accept(ForEachOps.java:183)
	at java.util.stream.ReferencePipeline$3$1.accept(ReferencePipeline.java:193)
	at java.util.Spliterators$ArraySpliterator.forEachRemaining(Spliterators.java:948)
	at java.util.stream.ReferencePipeline$Head.forEach(ReferencePipeline.java:647)
	at java.util.stream.ReferencePipeline$7$1.accept(ReferencePipeline.java:272)
	at java.util.stream.ReferencePipeline$3$1.accept(ReferencePipeline.java:193)
	at java.util.stream.ReferencePipeline$3$1.accept(ReferencePipeline.java:193)
	at java.util.stream.ReferencePipeline$3$1.accept(ReferencePipeline.java:193)
	at java.util.Spliterators$ArraySpliterator.forEachRemaining(Spliterators.java:948)
	at java.util.stream.AbstractPipeline.copyInto(AbstractPipeline.java:482)
	at java.util.stream.AbstractPipeline.wrapAndCopyInto(AbstractPipeline.java:472)
	at java.util.stream.ForEachOps$ForEachOp.evaluateSequential(ForEachOps.java:150)
	at java.util.stream.ForEachOps$ForEachOp$OfRef.evaluateSequential(ForEachOps.java:173)
	at java.util.stream.AbstractPipeline.evaluate(AbstractPipeline.java:234)
	at java.util.stream.ReferencePipeline.forEach(ReferencePipeline.java:485)
	at java.util.stream.ReferencePipeline$7$1.accept(ReferencePipeline.java:272)
	at java.util.stream.ReferencePipeline$3$1.accept(ReferencePipeline.java:193)
	at java.util.stream.ReferencePipeline$3$1.accept(ReferencePipeline.java:193)
	at java.util.stream.ReferencePipeline$3$1.accept(ReferencePipeline.java:193)
	at java.util.ArrayList$ArrayListSpliterator.forEachRemaining(ArrayList.java:1384)
	at java.util.stream.AbstractPipeline.copyInto(AbstractPipeline.java:482)
	at java.util.stream.AbstractPipeline.wrapAndCopyInto(AbstractPipeline.java:472)
	at java.util.stream.ForEachOps$ForEachOp.evaluateSequential(ForEachOps.java:150)
	at java.util.stream.ForEachOps$ForEachOp$OfRef.evaluateSequential(ForEachOps.java:173)
	at java.util.stream.AbstractPipeline.evaluate(AbstractPipeline.java:234)
	at java.util.stream.ReferencePipeline.forEach(ReferencePipeline.java:485)
	at java.util.stream.ReferencePipeline$7$1.accept(ReferencePipeline.java:272)
	at java.util.ArrayList$ArrayListSpliterator.forEachRemaining(ArrayList.java:1384)
	at java.util.stream.AbstractPipeline.copyInto(AbstractPipeline.java:482)
	at java.util.stream.AbstractPipeline.wrapAndCopyInto(AbstractPipeline.java:472)
	at java.util.stream.ForEachOps$ForEachOp.evaluateSequential(ForEachOps.java:150)
	at java.util.stream.ForEachOps$ForEachOp$OfRef.evaluateSequential(ForEachOps.java:173)
	at java.util.stream.AbstractPipeline.evaluate(AbstractPipeline.java:234)
	at java.util.stream.ReferencePipeline.forEach(ReferencePipeline.java:485)
	at java.util.ArrayList.forEach(ArrayList.java:1259)
	at java.util.ArrayList.forEach(ArrayList.java:1259)
]]></error>
    <system-out><![CDATA[2024-09-29 22:58:10,641 [main] INFO  util.LogUtils (Slf4jUtils.java:setLogLevel(38)) - Successfully set org.apache.ratis.conf.ConfUtils log level to WARN
2024-09-29 22:58:10,641 [main] INFO  util.LogUtils (Slf4jUtils.java:setLogLevel(38)) - Successfully set org.apache.ratis.util.FileUtils log level to TRACE
2024-09-29 22:58:10,642 [main] INFO  impl.MiniRaftCluster (MiniRaftCluster.java:runWithNewCluster(137)) - Running runWithNewCluster
2024-09-29 22:58:10,643 [main] INFO  impl.MiniRaftCluster (MiniRaftCluster.java:<init>(309)) - new MiniRaftClusterWithGrpc with group-ADEFD529BBEB:[s0|localhost:15046]
2024-09-29 22:58:10,643 [main] INFO  impl.MiniRaftCluster (MiniRaftCluster.java:start(342)) - .............................................................. 
2024-09-29 22:58:10,643 [main] INFO  impl.MiniRaftCluster (MiniRaftCluster.java:start(343)) - ... 
2024-09-29 22:58:10,643 [main] INFO  impl.MiniRaftCluster (MiniRaftCluster.java:start(344)) - ...     Starting MiniRaftClusterWithGrpc
2024-09-29 22:58:10,643 [main] INFO  impl.MiniRaftCluster (MiniRaftCluster.java:start(345)) - ... 
2024-09-29 22:58:10,644 [main] INFO  impl.MiniRaftCluster (MiniRaftCluster.java:start(346)) - .............................................................. 
2024-09-29 22:58:10,644 [main] INFO  impl.MiniRaftCluster (MiniRaftCluster.java:initServers(321)) - servers = {}
2024-09-29 22:58:10,644 [main] INFO  impl.MiniRaftCluster (MiniRaftCluster.java:newRaftServer(386)) - newRaftServer: s0, group-ADEFD529BBEB:[s0|localhost:15046], format? true
2024-09-29 22:58:10,644 [main] TRACE util.FileUtils (FileUtils.java:deleteFully(305)) - deleteFully target/test/data/f7ba0e94/MiniRaftClusterWithGrpc7e5615dc/s0
2024-09-29 22:58:10,645 [main] TRACE util.FileUtils (FileUtils.java:deleteFully(318)) - deleteFully: target/test/data/f7ba0e94/MiniRaftClusterWithGrpc7e5615dc/s0 does not exist.
2024-09-29 22:58:10,645 [main] INFO  impl.MiniRaftCluster (MiniRaftCluster.java:newRaftServer(391)) - Formatted directory target/test/data/f7ba0e94/MiniRaftClusterWithGrpc7e5615dc/s0
2024-09-29 22:58:10,645 [main] INFO  server.RaftServer (ConfUtils.java:logGet(46)) - raft.rpc.type = GRPC (default)
2024-09-29 22:58:10,646 [main] INFO  grpc.GrpcConfigKeys (ConfUtils.java:logFallback(53)) - raft.grpc.admin.host = null (fallback to raft.grpc.server.host)
2024-09-29 22:58:10,646 [main] INFO  grpc.GrpcConfigKeys (ConfUtils.java:logGet(46)) - raft.grpc.admin.port = 15047 (custom)
2024-09-29 22:58:10,646 [main] INFO  grpc.GrpcConfigKeys (ConfUtils.java:logFallback(53)) - raft.grpc.client.host = null (fallback to raft.grpc.server.host)
2024-09-29 22:58:10,646 [main] INFO  grpc.GrpcConfigKeys (ConfUtils.java:logGet(46)) - raft.grpc.client.port = 15048 (custom)
2024-09-29 22:58:10,646 [main] INFO  grpc.GrpcConfigKeys (ConfUtils.java:logGet(46)) - raft.grpc.server.host = null (default)
2024-09-29 22:58:10,647 [main] INFO  grpc.GrpcConfigKeys (ConfUtils.java:logGet(46)) - raft.grpc.server.port = 15046 (custom)
2024-09-29 22:58:10,647 [main] INFO  server.GrpcService (ConfUtils.java:logGet(46)) - raft.grpc.message.size.max = 64MB (=67108864) (default)
2024-09-29 22:58:10,647 [main] INFO  server.GrpcService (ConfUtils.java:logGet(46)) - raft.grpc.flow.control.window = 1MB (=1048576) (default)
2024-09-29 22:58:10,647 [main] INFO  server.RaftServerConfigKeys (ConfUtils.java:logGet(46)) - raft.server.rpc.request.timeout = 3000ms (default)
2024-09-29 22:58:10,647 [main] INFO  grpc.GrpcConfigKeys (ConfUtils.java:logGet(46)) - raft.grpc.server.heartbeat.channel = true (default)
2024-09-29 22:58:10,648 [main] INFO  grpc.GrpcConfigKeys (ConfUtils.java:logGet(46)) - raft.grpc.server.zerocopy.enabled = true (custom)
2024-09-29 22:58:10,648 [main] INFO  server.RaftServerConfigKeys (ConfUtils.java:logGet(46)) - raft.server.log.appender.buffer.byte-limit = 4MB (=4194304) (default)
2024-09-29 22:58:10,648 [main] INFO  grpc.GrpcConfigKeys (ConfUtils.java:logGet(46)) - raft.grpc.server.async.request.thread.pool.cached = true (default)
2024-09-29 22:58:10,648 [main] INFO  grpc.GrpcConfigKeys (ConfUtils.java:logGet(46)) - raft.grpc.server.async.request.thread.pool.size = 32 (default)
2024-09-29 22:58:10,651 [main] INFO  impl.DataStreamServerImpl (ConfUtils.java:logGet(46)) - raft.datastream.type = DISABLED (default)
2024-09-29 22:58:10,651 [main] INFO  server.RaftServerConfigKeys (ConfUtils.java:logGet(46)) - raft.server.sleep.deviation.threshold = 300ms (default)
2024-09-29 22:58:10,651 [main] INFO  server.RaftServerConfigKeys (ConfUtils.java:logGet(46)) - raft.server.close.threshold = 60s (default)
2024-09-29 22:58:10,651 [main] INFO  server.RaftServerConfigKeys (ConfUtils.java:logGet(46)) - raft.server.leaderelection.leader.step-down.wait-time = 10s (default)
2024-09-29 22:58:10,652 [main] INFO  server.RaftServerConfigKeys (ConfUtils.java:logGet(46)) - raft.server.storage.dir = [/home/runner/work/ratis/ratis/ratis-test/target/test/data/f7ba0e94/MiniRaftClusterWithGrpc7e5615dc/s0] (custom)
2024-09-29 22:58:10,652 [main] INFO  server.RaftServerConfigKeys (ConfUtils.java:logGet(46)) - raft.server.threadpool.proxy.cached = true (default)
2024-09-29 22:58:10,652 [main] INFO  server.RaftServerConfigKeys (ConfUtils.java:logGet(46)) - raft.server.threadpool.proxy.size = 0 (default)
2024-09-29 22:58:10,652 [main] INFO  server.RaftServer (RaftServerProxy.java:addNew(101)) - s0: addNew group-ADEFD529BBEB:[s0|localhost:15046] returns group-ADEFD529BBEB:java.util.concurrent.CompletableFuture@715ea64a[Not completed]
2024-09-29 22:58:10,652 [s0-groupManagement] INFO  server.RaftServerConfigKeys (ConfUtils.java:logGet(46)) - raft.server.log.segment.size.max = 32MB (=33554432) (default)
2024-09-29 22:58:10,653 [s0-groupManagement] INFO  server.RaftServerConfigKeys (ConfUtils.java:logGet(46)) - raft.server.log.preallocated.size = 4MB (=4194304) (default)
2024-09-29 22:58:10,653 [s0-groupManagement] INFO  server.RaftServerConfigKeys (ConfUtils.java:logGet(46)) - raft.server.log.write.buffer.size = 8MB (=8388608) (default)
2024-09-29 22:58:10,653 [s0-groupManagement] INFO  server.RaftServer$Division (RaftServerImpl.java:<init>(255)) - s0: new RaftServerImpl for group-ADEFD529BBEB:[s0|localhost:15046] with StateMachineWithSeparatedSnapshotPath:uninitialized
2024-09-29 22:58:10,653 [s0-groupManagement] INFO  server.RaftServerConfigKeys (ConfUtils.java:logGet(46)) - raft.server.rpc.timeout.min = 150ms (default)
2024-09-29 22:58:10,653 [s0-groupManagement] INFO  server.RaftServerConfigKeys (ConfUtils.java:logGet(46)) - raft.server.rpc.timeout.max = 300ms (default)
2024-09-29 22:58:10,653 [s0-groupManagement] INFO  server.RaftServerConfigKeys (ConfUtils.java:logGet(46)) - raft.server.rpc.sleep.time = 25ms (default)
2024-09-29 22:58:10,653 [s0-groupManagement] INFO  server.RaftServerConfigKeys (ConfUtils.java:logGet(46)) - raft.server.rpc.slowness.timeout = 60s (default)
2024-09-29 22:58:10,653 [s0-groupManagement] INFO  server.RaftServerConfigKeys (ConfUtils.java:logGet(46)) - raft.server.leaderelection.leader.step-down.wait-time = 10s (default)
2024-09-29 22:58:10,653 [s0-groupManagement] INFO  server.RaftServerConfigKeys (ConfUtils.java:logGet(46)) - raft.server.leaderelection.member.majority-add = true (custom)
2024-09-29 22:58:10,653 [s0-groupManagement] INFO  server.RaftServerConfigKeys (ConfUtils.java:logGet(46)) - raft.server.sleep.deviation.threshold = 300ms (default)
2024-09-29 22:58:10,653 [s0-groupManagement] INFO  server.RaftServer$Division (ServerState.java:<init>(114)) - s0@group-ADEFD529BBEB: ConfigurationManager, init=conf: {index: -1, cur=peers:[s0|localhost:15046]|listeners:[], old=null}, confs=<EMPTY_MAP>
2024-09-29 22:58:10,653 [s0-groupManagement] INFO  server.RaftServerConfigKeys (ConfUtils.java:logGet(46)) - raft.server.notification.no-leader.timeout = 60s (default)
2024-09-29 22:58:10,653 [s0-groupManagement] INFO  server.RaftServerConfigKeys (ConfUtils.java:logGet(46)) - raft.server.read.timeout = 10s (default)
2024-09-29 22:58:10,653 [s0-groupManagement] INFO  server.RaftServerConfigKeys (ConfUtils.java:logGet(46)) - raft.server.retrycache.expirytime = 60s (default)
2024-09-29 22:58:10,653 [s0-groupManagement] INFO  server.RaftServerConfigKeys (ConfUtils.java:logGet(46)) - raft.server.retrycache.statistics.expirytime = 100ms (default)
2024-09-29 22:58:10,653 [s0-groupManagement] INFO  server.RaftServerConfigKeys (ConfUtils.java:logGet(46)) - raft.server.read.option = DEFAULT (default)
2024-09-29 22:58:10,653 [s0-groupManagement] INFO  server.RaftServerConfigKeys (ConfUtils.java:logGet(46)) - raft.server.read.read-after-write-consistent.write-index-cache.expiry-time = 60s (default)
2024-09-29 22:58:10,654 [s0-groupManagement] INFO  server.RaftServerConfigKeys (ConfUtils.java:logGet(46)) - raft.server.rpc.request.timeout = 3000ms (default)
2024-09-29 22:58:10,654 [s0-groupManagement] INFO  server.RaftServerConfigKeys (ConfUtils.java:logGet(46)) - raft.server.log.appender.install.snapshot.enabled = true (default)
2024-09-29 22:58:10,654 [s0-groupManagement] INFO  server.RaftServerConfigKeys (ConfUtils.java:logGet(46)) - raft.server.threadpool.server.cached = true (default)
2024-09-29 22:58:10,654 [s0-groupManagement] INFO  server.RaftServerConfigKeys (ConfUtils.java:logGet(46)) - raft.server.threadpool.server.size = 0 (default)
2024-09-29 22:58:10,654 [s0-groupManagement] INFO  server.RaftServerConfigKeys (ConfUtils.java:logGet(46)) - raft.server.threadpool.client.cached = true (default)
2024-09-29 22:58:10,654 [s0-groupManagement] INFO  server.RaftServerConfigKeys (ConfUtils.java:logGet(46)) - raft.server.threadpool.client.size = 0 (default)
2024-09-29 22:58:10,654 [s0-impl-thread1] INFO  server.RaftServerConfigKeys (ConfUtils.java:logGet(46)) - raft.server.storage.free-space.min = 0MB (=0) (default)
2024-09-29 22:58:10,654 [s0-impl-thread1] INFO  server.RaftServerConfigKeys (ConfUtils.java:logGet(46)) - raft.server.log.corruption.policy = EXCEPTION (default)
2024-09-29 22:58:10,654 [s0-impl-thread1] INFO  server.RaftServerConfigKeys (ConfUtils.java:logGet(46)) - raft.server.storage.dir = [/home/runner/work/ratis/ratis/ratis-test/target/test/data/f7ba0e94/MiniRaftClusterWithGrpc7e5615dc/s0] (custom)
2024-09-29 22:58:10,655 [s0-impl-thread1] INFO  storage.RaftStorageDirectory (RaftStorageDirectoryImpl.java:analyzeStorage(138)) - The storage directory /home/runner/work/ratis/ratis/ratis-test/target/test/data/f7ba0e94/MiniRaftClusterWithGrpc7e5615dc/s0/2c412c1a-1359-4819-bda3-adefd529bbeb does not exist. Creating ...
2024-09-29 22:58:10,655 [s0-impl-thread1] TRACE util.FileUtils (LogUtils.java:runAndLog(49)) - Successfully ran Files.createDirectories /home/runner/work/ratis/ratis/ratis-test/target/test/data/f7ba0e94/MiniRaftClusterWithGrpc7e5615dc/s0/2c412c1a-1359-4819-bda3-adefd529bbeb
2024-09-29 22:58:10,656 [s0-impl-thread1] INFO  storage.RaftStorageDirectory (RaftStorageDirectoryImpl.java:tryLock(229)) - Lock on /home/runner/work/ratis/ratis/ratis-test/target/test/data/f7ba0e94/MiniRaftClusterWithGrpc7e5615dc/s0/2c412c1a-1359-4819-bda3-adefd529bbeb/in_use.lock acquired by nodename 27829@fv-az737-927
2024-09-29 22:58:10,656 [s0-impl-thread1] TRACE util.FileUtils (LogUtils.java:runAndLog(49)) - Successfully ran Files.createDirectories /home/runner/work/ratis/ratis/ratis-test/target/test/data/f7ba0e94/MiniRaftClusterWithGrpc7e5615dc/s0/2c412c1a-1359-4819-bda3-adefd529bbeb/current
2024-09-29 22:58:10,657 [s0-impl-thread1] TRACE util.FileUtils (LogUtils.java:runAndLog(49)) - Successfully ran Files.createDirectories /home/runner/work/ratis/ratis/ratis-test/target/test/data/f7ba0e94/MiniRaftClusterWithGrpc7e5615dc/s0/2c412c1a-1359-4819-bda3-adefd529bbeb/sm
2024-09-29 22:58:10,657 [s0-impl-thread1] TRACE util.FileUtils (LogUtils.java:supplyAndLog(69)) - Successfully supplied FileChannel.open /home/runner/work/ratis/ratis/ratis-test/target/test/data/f7ba0e94/MiniRaftClusterWithGrpc7e5615dc/s0/2c412c1a-1359-4819-bda3-adefd529bbeb/current/raft-meta.tmp with options [CREATE, WRITE]: sun.nio.ch.FileChannelImpl@43a77524
2024-09-29 22:58:10,658 [s0-impl-thread1] TRACE util.FileUtils (LogUtils.java:runAndLog(49)) - Successfully ran Atomic Files.move /home/runner/work/ratis/ratis/ratis-test/target/test/data/f7ba0e94/MiniRaftClusterWithGrpc7e5615dc/s0/2c412c1a-1359-4819-bda3-adefd529bbeb/current/raft-meta.tmp to /home/runner/work/ratis/ratis/ratis-test/target/test/data/f7ba0e94/MiniRaftClusterWithGrpc7e5615dc/s0/2c412c1a-1359-4819-bda3-adefd529bbeb/current/raft-meta with options [REPLACE_EXISTING]
2024-09-29 22:58:10,658 [s0-impl-thread1] INFO  storage.RaftStorage (RaftStorageImpl.java:format(98)) - Storage directory /home/runner/work/ratis/ratis/ratis-test/target/test/data/f7ba0e94/MiniRaftClusterWithGrpc7e5615dc/s0/2c412c1a-1359-4819-bda3-adefd529bbeb has been successfully formatted.
2024-09-29 22:58:10,658 [s0-impl-thread1] INFO  impl.SimpleStateMachine4Testing (SimpleStateMachine4Testing.java:initialize(215)) - Initializing StateMachineWithSeparatedSnapshotPath:uninitialized
2024-09-29 22:58:10,658 [s0-impl-thread1] INFO  impl.SimpleStateMachine4Testing (SimpleStateMachine4Testing.java:loadSnapshot(300)) - Loading snapshot null
2024-09-29 22:58:10,658 [s0-impl-thread1] TRACE util.FileUtils (FileUtils.java:deleteFully(305)) - deleteFully /tmp/ratis-tests/statemachine/s0
2024-09-29 22:58:10,658 [s0-impl-thread1] TRACE util.FileUtils (LogUtils.java:runAndLog(49)) - Successfully ran Files.delete /tmp/ratis-tests/statemachine/s0/snapshot/1_191/vegetable
2024-09-29 22:58:10,658 [s0-impl-thread1] TRACE util.FileUtils (LogUtils.java:runAndLog(49)) - Successfully ran Files.delete /tmp/ratis-tests/statemachine/s0/snapshot/1_191/loves
2024-09-29 22:58:10,659 [s0-impl-thread1] TRACE util.FileUtils (LogUtils.java:runAndLog(49)) - Successfully ran Files.delete /tmp/ratis-tests/statemachine/s0/snapshot/1_191/deer
2024-09-29 22:58:10,659 [s0-impl-thread1] TRACE util.FileUtils (LogUtils.java:runAndLog(49)) - Successfully ran Files.delete /tmp/ratis-tests/statemachine/s0/snapshot/1_191
2024-09-29 22:58:10,659 [s0-impl-thread1] TRACE util.FileUtils (LogUtils.java:runAndLog(49)) - Successfully ran Files.delete /tmp/ratis-tests/statemachine/s0/snapshot/1_63/vegetable
2024-09-29 22:58:10,659 [s0-impl-thread1] TRACE util.FileUtils (LogUtils.java:runAndLog(49)) - Successfully ran Files.delete /tmp/ratis-tests/statemachine/s0/snapshot/1_63/loves
2024-09-29 22:58:10,659 [s0-impl-thread1] TRACE util.FileUtils (LogUtils.java:runAndLog(49)) - Successfully ran Files.delete /tmp/ratis-tests/statemachine/s0/snapshot/1_63/deer
2024-09-29 22:58:10,659 [s0-impl-thread1] TRACE util.FileUtils (LogUtils.java:runAndLog(49)) - Successfully ran Files.delete /tmp/ratis-tests/statemachine/s0/snapshot/1_63
2024-09-29 22:58:10,659 [s0-impl-thread1] TRACE util.FileUtils (LogUtils.java:runAndLog(49)) - Successfully ran Files.delete /tmp/ratis-tests/statemachine/s0/snapshot/1_127/vegetable
2024-09-29 22:58:10,659 [s0-impl-thread1] TRACE util.FileUtils (LogUtils.java:runAndLog(49)) - Successfully ran Files.delete /tmp/ratis-tests/statemachine/s0/snapshot/1_127/loves
2024-09-29 22:58:10,659 [s0-impl-thread1] TRACE util.FileUtils (LogUtils.java:runAndLog(49)) - Successfully ran Files.delete /tmp/ratis-tests/statemachine/s0/snapshot/1_127/deer
2024-09-29 22:58:10,659 [s0-impl-thread1] TRACE util.FileUtils (LogUtils.java:runAndLog(49)) - Successfully ran Files.delete /tmp/ratis-tests/statemachine/s0/snapshot/1_127
2024-09-29 22:58:10,660 [s0-impl-thread1] TRACE util.FileUtils (LogUtils.java:runAndLog(49)) - Successfully ran Files.delete /tmp/ratis-tests/statemachine/s0/snapshot/1_255/vegetable
2024-09-29 22:58:10,660 [s0-impl-thread1] TRACE util.FileUtils (LogUtils.java:runAndLog(49)) - Successfully ran Files.delete /tmp/ratis-tests/statemachine/s0/snapshot/1_255/loves
2024-09-29 22:58:10,660 [s0-impl-thread1] TRACE util.FileUtils (LogUtils.java:runAndLog(49)) - Successfully ran Files.delete /tmp/ratis-tests/statemachine/s0/snapshot/1_255/deer
2024-09-29 22:58:10,660 [s0-impl-thread1] TRACE util.FileUtils (LogUtils.java:runAndLog(49)) - Successfully ran Files.delete /tmp/ratis-tests/statemachine/s0/snapshot/1_255
2024-09-29 22:58:10,660 [s0-impl-thread1] TRACE util.FileUtils (LogUtils.java:runAndLog(49)) - Successfully ran Files.delete /tmp/ratis-tests/statemachine/s0/snapshot/1_258/vegetable
2024-09-29 22:58:10,660 [s0-impl-thread1] TRACE util.FileUtils (LogUtils.java:runAndLog(49)) - Successfully ran Files.delete /tmp/ratis-tests/statemachine/s0/snapshot/1_258/loves
2024-09-29 22:58:10,660 [s0-impl-thread1] TRACE util.FileUtils (LogUtils.java:runAndLog(49)) - Successfully ran Files.delete /tmp/ratis-tests/statemachine/s0/snapshot/1_258/deer
2024-09-29 22:58:10,660 [s0-impl-thread1] TRACE util.FileUtils (LogUtils.java:runAndLog(49)) - Successfully ran Files.delete /tmp/ratis-tests/statemachine/s0/snapshot/1_258
2024-09-29 22:58:10,661 [s0-impl-thread1] TRACE util.FileUtils (LogUtils.java:runAndLog(49)) - Successfully ran Files.delete /tmp/ratis-tests/statemachine/s0/snapshot
2024-09-29 22:58:10,661 [s0-impl-thread1] TRACE util.FileUtils (LogUtils.java:runAndLog(49)) - Successfully ran Files.delete /tmp/ratis-tests/statemachine/s0/tmp
2024-09-29 22:58:10,661 [s0-impl-thread1] TRACE util.FileUtils (LogUtils.java:runAndLog(49)) - Successfully ran Files.delete /tmp/ratis-tests/statemachine/s0
2024-09-29 22:58:10,661 [s0-impl-thread1] INFO  server.RaftServerConfigKeys (ConfUtils.java:logGet(46)) - raft.server.log.use.memory = false (default)
2024-09-29 22:58:10,661 [s0-impl-thread1] INFO  server.RaftServerConfigKeys (ConfUtils.java:logGet(46)) - raft.server.log.purge.gap = 8 (custom)
2024-09-29 22:58:10,661 [s0-impl-thread1] INFO  server.RaftServerConfigKeys (ConfUtils.java:logGet(46)) - raft.server.log.appender.buffer.byte-limit = 4MB (=4194304) (default)
2024-09-29 22:58:10,661 [s0-impl-thread1] INFO  server.RaftServerConfigKeys (ConfUtils.java:logGet(46)) - raft.server.log.statemachine.data.read.timeout = 1000ms (default)
2024-09-29 22:58:10,661 [s0-impl-thread1] INFO  server.RaftServerConfigKeys (ConfUtils.java:logGet(46)) - raft.server.log.purge.preservation.log.num = 0 (default)
2024-09-29 22:58:10,662 [s0-impl-thread1] INFO  server.RaftServerConfigKeys (ConfUtils.java:logGet(46)) - raft.server.log.segment.size.max = 32MB (=33554432) (default)
2024-09-29 22:58:10,662 [s0-impl-thread1] INFO  server.RaftServerConfigKeys (ConfUtils.java:logGet(46)) - raft.server.log.segment.cache.num.max = 6 (default)
2024-09-29 22:58:10,662 [s0-impl-thread1] INFO  server.RaftServerConfigKeys (ConfUtils.java:logGet(46)) - raft.server.log.segment.cache.size.max = 200MB (=209715200) (default)
2024-09-29 22:58:10,662 [s0-impl-thread1] INFO  server.RaftServerConfigKeys (ConfUtils.java:logGet(46)) - raft.server.log.appender.buffer.byte-limit = 4MB (=4194304) (default)
2024-09-29 22:58:10,662 [s0-impl-thread1] INFO  util.AwaitToRun (AwaitToRun.java:start(81)) - Thread[s0@group-ADEFD529BBEB-cacheEviction-AwaitToRun,5,main] started
2024-09-29 22:58:10,662 [s0-impl-thread1] INFO  segmented.SegmentedRaftLogWorker (SegmentedRaftLogWorker.java:<init>(187)) - new s0@group-ADEFD529BBEB-SegmentedRaftLogWorker for RaftStorageImpl:Storage Directory /home/runner/work/ratis/ratis/ratis-test/target/test/data/f7ba0e94/MiniRaftClusterWithGrpc7e5615dc/s0/2c412c1a-1359-4819-bda3-adefd529bbeb
2024-09-29 22:58:10,662 [s0-impl-thread1] INFO  server.RaftServerConfigKeys (ConfUtils.java:logGet(46)) - raft.server.log.queue.byte-limit = 64MB (=67108864) (default)
2024-09-29 22:58:10,662 [s0-impl-thread1] INFO  server.RaftServerConfigKeys (ConfUtils.java:logGet(46)) - raft.server.log.queue.element-limit = 4096 (default)
2024-09-29 22:58:10,662 [s0-impl-thread1] INFO  server.RaftServerConfigKeys (ConfUtils.java:logGet(46)) - raft.server.log.segment.size.max = 32MB (=33554432) (default)
2024-09-29 22:58:10,662 [s0-impl-thread1] INFO  server.RaftServerConfigKeys (ConfUtils.java:logGet(46)) - raft.server.log.preallocated.size = 4MB (=4194304) (default)
2024-09-29 22:58:10,662 [s0-impl-thread1] INFO  server.RaftServerConfigKeys (ConfUtils.java:logGet(46)) - raft.server.log.force.sync.num = 128 (default)
2024-09-29 22:58:10,662 [s0-impl-thread1] INFO  server.RaftServerConfigKeys (ConfUtils.java:logGet(46)) - raft.server.log.statemachine.data.sync = true (default)
2024-09-29 22:58:10,662 [s0-impl-thread1] INFO  server.RaftServerConfigKeys (ConfUtils.java:logGet(46)) - raft.server.log.statemachine.data.sync.timeout = 10s (default)
2024-09-29 22:58:10,663 [s0-impl-thread1] INFO  server.RaftServerConfigKeys (ConfUtils.java:logGet(46)) - raft.server.log.statemachine.data.sync.timeout.retry = -1 (default)
2024-09-29 22:58:10,663 [s0-impl-thread1] INFO  server.RaftServerConfigKeys (ConfUtils.java:logGet(46)) - raft.server.log.write.buffer.size = 8MB (=8388608) (default)
2024-09-29 22:58:10,664 [s0-impl-thread1] INFO  server.RaftServerConfigKeys (ConfUtils.java:logGet(46)) - raft.server.log.appender.buffer.byte-limit = 4MB (=4194304) (default)
2024-09-29 22:58:10,664 [s0-impl-thread1] INFO  server.RaftServerConfigKeys (ConfUtils.java:logGet(46)) - raft.server.log.unsafe-flush.enabled = false (default)
2024-09-29 22:58:10,664 [s0-impl-thread1] INFO  server.RaftServerConfigKeys (ConfUtils.java:logGet(46)) - raft.server.log.async-flush.enabled = false (default)
2024-09-29 22:58:10,664 [s0-impl-thread1] INFO  server.RaftServerConfigKeys (ConfUtils.java:logGet(46)) - raft.server.log.statemachine.data.caching.enabled = false (default)
2024-09-29 22:58:10,664 [s0-impl-thread1] INFO  segmented.SegmentedRaftLogWorker (SegmentedRaftLogWorker.java:lambda$new$0(138)) - s0@group-ADEFD529BBEB-SegmentedRaftLogWorker: flushIndex: setUnconditionally 0 -> -1
2024-09-29 22:58:10,664 [s0-impl-thread1] INFO  segmented.SegmentedRaftLogWorker (SegmentedRaftLogWorker.java:lambda$new$0(138)) - s0@group-ADEFD529BBEB-SegmentedRaftLogWorker: safeCacheEvictIndex: setUnconditionally 0 -> -1
2024-09-29 22:58:10,664 [s0-impl-thread1] INFO  server.RaftServer$Division (RaftServerImpl.java:start(391)) - s0@group-ADEFD529BBEB: start as a follower, conf=conf: {index: -1, cur=peers:[s0|localhost:15046]|listeners:[], old=null}
2024-09-29 22:58:10,665 [s0-impl-thread1] INFO  server.RaftServer$Division (RaftServerImpl.java:setRole(378)) - s0@group-ADEFD529BBEB: changes role from      null to FOLLOWER at term 0 for startAsFollower
2024-09-29 22:58:10,665 [s0-impl-thread1] INFO  impl.RoleInfo (RoleInfo.java:updateAndGet(148)) - s0: start s0@group-ADEFD529BBEB-FollowerState
2024-09-29 22:58:10,665 [s0@group-ADEFD529BBEB-FollowerState] INFO  server.RaftServerConfigKeys (ConfUtils.java:logFallback(53)) - raft.server.rpc.first-election.timeout.min = 150ms (fallback to raft.server.rpc.timeout.min)
2024-09-29 22:58:10,665 [s0@group-ADEFD529BBEB-FollowerState] INFO  server.RaftServerConfigKeys (ConfUtils.java:logFallback(53)) - raft.server.rpc.first-election.timeout.max = 300ms (fallback to raft.server.rpc.timeout.max)
2024-09-29 22:58:10,665 [s0-impl-thread1] INFO  util.JmxRegister (JmxRegister.java:tryRegister(44)) - Successfully registered JMX Bean with object name Ratis:service=RaftServer,group=group-ADEFD529BBEB,id=s0
2024-09-29 22:58:10,667 [s0-impl-thread1] INFO  util.JmxRegister (JmxRegister.java:register(58)) - register mxBean class org.apache.ratis.server.impl.RaftServerJmxAdapter as Ratis:service=RaftServer,group=group-ADEFD529BBEB,id=s0
2024-09-29 22:58:10,668 [s0-impl-thread1] INFO  server.RaftServerConfigKeys (ConfUtils.java:logGet(46)) - raft.server.snapshot.trigger-when-stop.enabled = true (default)
2024-09-29 22:58:10,668 [s0-impl-thread1] INFO  server.RaftServerConfigKeys (ConfUtils.java:logGet(46)) - raft.server.snapshot.trigger-when-remove.enabled = true (default)
2024-09-29 22:58:10,668 [s0-impl-thread1] INFO  server.RaftServerConfigKeys (ConfUtils.java:logGet(46)) - raft.server.snapshot.auto.trigger.enabled = true (custom)
2024-09-29 22:58:10,668 [s0-impl-thread1] INFO  server.RaftServerConfigKeys (ConfUtils.java:logGet(46)) - raft.server.snapshot.auto.trigger.threshold = 64 (custom)
2024-09-29 22:58:10,668 [s0-impl-thread1] INFO  server.RaftServerConfigKeys (ConfUtils.java:logGet(46)) - raft.server.snapshot.retention.file.num = -1 (default)
2024-09-29 22:58:10,668 [s0-impl-thread1] INFO  server.RaftServerConfigKeys (ConfUtils.java:logGet(46)) - raft.server.log.purge.upto.snapshot.index = false (default)
2024-09-29 22:58:10,668 [main] INFO  server.RaftServer (RaftServerProxy.java:startImpl(408)) - s0: start RPC server
2024-09-29 22:58:10,670 [main] INFO  server.GrpcService (GrpcService.java:startImpl(341)) - s0: GrpcService started, listening on 15048
2024-09-29 22:58:10,671 [main] INFO  server.GrpcService (GrpcService.java:startImpl(341)) - s0: GrpcService started, listening on 15046
2024-09-29 22:58:10,671 [main] INFO  server.GrpcService (GrpcService.java:startImpl(341)) - s0: GrpcService started, listening on 15047
2024-09-29 22:58:10,672 [JvmPauseMonitor19] INFO  util.JvmPauseMonitor (JvmPauseMonitor.java:run(146)) - JvmPauseMonitor-s0: Started
2024-09-29 22:58:10,673 [main] INFO  server.RaftServerConfigKeys (ConfUtils.java:logGet(46)) - raft.server.rpc.timeout.max = 300ms (default)
2024-09-29 22:58:10,673 [main] INFO  ratis.RaftTestUtil (RaftTestUtil.java:waitForLeader(107)) - printing ALL groups
  s0:  RUNNING  FOLLOWER s0@group-ADEFD529BBEB:t0, leader=null, voted=, raftlog=Memoized:s0@group-ADEFD529BBEB-SegmentedRaftLog:OPENED:c-1:lastnull, conf=conf: {index: -1, cur=peers:[s0|localhost:15046]|listeners:[], old=null} RUNNING
2024-09-29 22:58:10,673 [main] WARN  ratis.RaftTestUtil (RaftTestUtil.java:lambda$waitForLeader$3(126)) - Attempt #1 failed: java.lang.IllegalStateException: No leader yet : printing ALL groups
  s0:  RUNNING  FOLLOWER s0@group-ADEFD529BBEB:t0, leader=null, voted=, raftlog=Memoized:s0@group-ADEFD529BBEB-SegmentedRaftLog:OPENED:c-1:lastnull, conf=conf: {index: -1, cur=peers:[s0|localhost:15046]|listeners:[], old=null} RUNNING
2024-09-29 22:58:10,934 [s0@group-ADEFD529BBEB-FollowerState] INFO  impl.FollowerState (FollowerState.java:run(144)) - s0@group-ADEFD529BBEB-FollowerState: change to CANDIDATE, lastRpcElapsedTime:268863651ns, electionTimeout:266ms
2024-09-29 22:58:10,934 [s0@group-ADEFD529BBEB-FollowerState] INFO  impl.RoleInfo (RoleInfo.java:shutdownFollowerState(119)) - s0: shutdown s0@group-ADEFD529BBEB-FollowerState
2024-09-29 22:58:10,934 [s0@group-ADEFD529BBEB-FollowerState] INFO  server.RaftServer$Division (RaftServerImpl.java:setRole(378)) - s0@group-ADEFD529BBEB: changes role from  FOLLOWER to CANDIDATE at term 0 for changeToCandidate
2024-09-29 22:58:10,934 [s0@group-ADEFD529BBEB-FollowerState] INFO  server.RaftServerConfigKeys (ConfUtils.java:logGet(46)) - raft.server.leaderelection.pre-vote = true (default)
2024-09-29 22:58:10,934 [s0@group-ADEFD529BBEB-FollowerState] INFO  impl.RoleInfo (RoleInfo.java:updateAndGet(148)) - s0: start s0@group-ADEFD529BBEB-LeaderElection14
2024-09-29 22:58:10,934 [s0@group-ADEFD529BBEB-LeaderElection14] INFO  impl.LeaderElection (LeaderElection.java:askForVotes(325)) - s0@group-ADEFD529BBEB-LeaderElection14 PRE_VOTE round 0: submit vote requests at term 0 for conf: {index: -1, cur=peers:[s0|localhost:15046]|listeners:[], old=null}
2024-09-29 22:58:10,935 [s0@group-ADEFD529BBEB-LeaderElection14] INFO  impl.LeaderElection (LeaderElection.java:askForVotes(327)) - s0@group-ADEFD529BBEB-LeaderElection14 PRE_VOTE round 0: result PASSED (term=0)
2024-09-29 22:58:10,935 [s0@group-ADEFD529BBEB-LeaderElection14] TRACE util.FileUtils (LogUtils.java:supplyAndLog(69)) - Successfully supplied FileChannel.open /home/runner/work/ratis/ratis/ratis-test/target/test/data/f7ba0e94/MiniRaftClusterWithGrpc7e5615dc/s0/2c412c1a-1359-4819-bda3-adefd529bbeb/current/raft-meta.tmp with options [CREATE, WRITE]: sun.nio.ch.FileChannelImpl@2561b62a
2024-09-29 22:58:10,936 [s0@group-ADEFD529BBEB-LeaderElection14] TRACE util.FileUtils (LogUtils.java:runAndLog(49)) - Successfully ran Atomic Files.move /home/runner/work/ratis/ratis/ratis-test/target/test/data/f7ba0e94/MiniRaftClusterWithGrpc7e5615dc/s0/2c412c1a-1359-4819-bda3-adefd529bbeb/current/raft-meta.tmp to /home/runner/work/ratis/ratis/ratis-test/target/test/data/f7ba0e94/MiniRaftClusterWithGrpc7e5615dc/s0/2c412c1a-1359-4819-bda3-adefd529bbeb/current/raft-meta with options [REPLACE_EXISTING]
2024-09-29 22:58:10,937 [s0@group-ADEFD529BBEB-LeaderElection14] INFO  impl.LeaderElection (LeaderElection.java:askForVotes(325)) - s0@group-ADEFD529BBEB-LeaderElection14 ELECTION round 0: submit vote requests at term 1 for conf: {index: -1, cur=peers:[s0|localhost:15046]|listeners:[], old=null}
2024-09-29 22:58:10,937 [s0@group-ADEFD529BBEB-LeaderElection14] INFO  impl.LeaderElection (LeaderElection.java:askForVotes(327)) - s0@group-ADEFD529BBEB-LeaderElection14 ELECTION round 0: result PASSED (term=1)
2024-09-29 22:58:10,937 [s0@group-ADEFD529BBEB-LeaderElection14] INFO  impl.RoleInfo (RoleInfo.java:shutdownLeaderElection(139)) - s0: shutdown s0@group-ADEFD529BBEB-LeaderElection14
2024-09-29 22:58:10,937 [s0@group-ADEFD529BBEB-LeaderElection14] INFO  server.RaftServer$Division (RaftServerImpl.java:setRole(378)) - s0@group-ADEFD529BBEB: changes role from CANDIDATE to LEADER at term 1 for changeToLeader
2024-09-29 22:58:10,937 [s0@group-ADEFD529BBEB-LeaderElection14] INFO  server.RaftServerConfigKeys (ConfUtils.java:logGet(46)) - raft.server.staging.catchup.gap = 1000 (default)
2024-09-29 22:58:10,937 [s0@group-ADEFD529BBEB-LeaderElection14] INFO  server.RaftServerConfigKeys (ConfUtils.java:logGet(46)) - raft.server.write.element-limit = 4096 (default)
2024-09-29 22:58:10,937 [s0@group-ADEFD529BBEB-LeaderElection14] INFO  server.RaftServerConfigKeys (ConfUtils.java:logGet(46)) - raft.server.write.byte-limit = 64MB (=67108864) (default)
2024-09-29 22:58:10,937 [s0@group-ADEFD529BBEB-LeaderElection14] INFO  server.RaftServerConfigKeys (ConfUtils.java:logGet(46)) - raft.server.watch.timeout = 10s (default)
2024-09-29 22:58:10,937 [s0@group-ADEFD529BBEB-LeaderElection14] INFO  server.RaftServerConfigKeys (ConfUtils.java:logGet(46)) - raft.server.watch.timeout.denomination = 1s (default)
2024-09-29 22:58:10,937 [s0@group-ADEFD529BBEB-LeaderElection14] INFO  server.RaftServerConfigKeys (ConfUtils.java:logGet(46)) - raft.server.watch.element-limit = 65536 (default)
2024-09-29 22:58:10,937 [s0@group-ADEFD529BBEB-LeaderElection14] INFO  server.RaftServerConfigKeys (ConfUtils.java:logGet(46)) - raft.server.read.leader.lease.enabled = false (default)
2024-09-29 22:58:10,937 [s0@group-ADEFD529BBEB-LeaderElection14] INFO  server.RaftServerConfigKeys (ConfUtils.java:logGet(46)) - raft.server.read.leader.lease.timeout.ratio = 0.9 (default)
2024-09-29 22:58:10,938 [s0@group-ADEFD529BBEB-LeaderElection14] INFO  server.RaftServerConfigKeys (ConfUtils.java:logGet(46)) - raft.server.rpc.timeout.min = 150ms (default)
2024-09-29 22:58:10,938 [s0@group-ADEFD529BBEB-LeaderElection14] INFO  server.RaftServerConfigKeys (ConfUtils.java:logGet(46)) - raft.server.log.log-metadata.enabled = true (default)
2024-09-29 22:58:10,938 [s0@group-ADEFD529BBEB-LeaderElection14] INFO  server.RaftServerConfigKeys (ConfUtils.java:logGet(46)) - raft.server.write.element-limit = 4096 (default)
2024-09-29 22:58:10,938 [s0@group-ADEFD529BBEB-LeaderElection14] INFO  server.RaftServerConfigKeys (ConfUtils.java:logGet(46)) - raft.server.write.follower.gap.ratio.max = -1.0 (default)
2024-09-29 22:58:10,938 [s0@group-ADEFD529BBEB-LeaderElection14] INFO  impl.RoleInfo (RoleInfo.java:updateAndGet(148)) - s0: start s0@group-ADEFD529BBEB-LeaderStateImpl
2024-09-29 22:58:10,938 [s0@group-ADEFD529BBEB-LeaderElection14] INFO  server.RaftServer$Division (RaftServerImpl.java:setFirstElection(559)) - s0@group-ADEFD529BBEB: set firstElectionSinceStartup to false for becomeLeader
2024-09-29 22:58:10,938 [s0@group-ADEFD529BBEB-LeaderElection14] INFO  server.RaftServer$Division (ServerState.java:setLeader(272)) - s0@group-ADEFD529BBEB: change Leader from null to s0 at term 1 for becomeLeader, leader elected after 284ms
2024-09-29 22:58:10,938 [s0@group-ADEFD529BBEB-LeaderElection14] INFO  segmented.SegmentedRaftLogWorker (SegmentedRaftLogWorker.java:startLogSegment(438)) - s0@group-ADEFD529BBEB-SegmentedRaftLogWorker: Starting segment from index:0
2024-09-29 22:58:10,938 [s0@group-ADEFD529BBEB-LeaderElection14] INFO  server.RaftServer$Division (ServerState.java:setRaftConf(386)) - s0@group-ADEFD529BBEB: set configuration conf: {index: 0, cur=peers:[s0|localhost:15046]|listeners:[], old=null}
2024-09-29 22:58:10,938 [s0@group-ADEFD529BBEB-SegmentedRaftLogWorker] INFO  segmented.BufferedWriteChannel (BufferedWriteChannel.java:open(61)) - open log_inprogress_0 at position 0
2024-09-29 22:58:10,948 [s0@group-ADEFD529BBEB-SegmentedRaftLogWorker] INFO  segmented.SegmentedRaftLogWorker (SegmentedRaftLogWorker.java:execute(660)) - s0@group-ADEFD529BBEB-SegmentedRaftLogWorker: created new log segment /home/runner/work/ratis/ratis/ratis-test/target/test/data/f7ba0e94/MiniRaftClusterWithGrpc7e5615dc/s0/2c412c1a-1359-4819-bda3-adefd529bbeb/current/log_inprogress_0
2024-09-29 22:58:10,948 [s0@group-ADEFD529BBEB-StateMachineUpdater] TRACE util.FileUtils (LogUtils.java:supplyAndLog(69)) - Successfully supplied FileChannel.open /home/runner/work/ratis/ratis/ratis-test/target/test/data/f7ba0e94/MiniRaftClusterWithGrpc7e5615dc/s0/2c412c1a-1359-4819-bda3-adefd529bbeb/current/raft-meta.conf.tmp with options [CREATE, WRITE]: sun.nio.ch.FileChannelImpl@7959ebdc
2024-09-29 22:58:10,949 [s0@group-ADEFD529BBEB-StateMachineUpdater] TRACE util.FileUtils (LogUtils.java:runAndLog(49)) - Successfully ran Atomic Files.move /home/runner/work/ratis/ratis/ratis-test/target/test/data/f7ba0e94/MiniRaftClusterWithGrpc7e5615dc/s0/2c412c1a-1359-4819-bda3-adefd529bbeb/current/raft-meta.conf.tmp to /home/runner/work/ratis/ratis/ratis-test/target/test/data/f7ba0e94/MiniRaftClusterWithGrpc7e5615dc/s0/2c412c1a-1359-4819-bda3-adefd529bbeb/current/raft-meta.conf with options [REPLACE_EXISTING]
2024-09-29 22:58:10,949 [s0@group-ADEFD529BBEB-StateMachineUpdater] INFO  server.RaftServer$Division (LeaderStateImpl.java:checkStartIndex(317)) - Leader s0@group-ADEFD529BBEB-LeaderStateImpl is ready since appliedIndex == startIndex == 0
2024-09-29 22:58:11,124 [main] INFO  ratis.RaftTestUtil (RaftTestUtil.java:waitForLeader(131)) - printing ALL groups
  s0:  RUNNING    LEADER s0@group-ADEFD529BBEB:t1, leader=s0, voted=s0, raftlog=Memoized:s0@group-ADEFD529BBEB-SegmentedRaftLog:OPENED:c0:last(t:1, i:0), conf=conf: {index: 0, cur=peers:[s0|localhost:15046]|listeners:[], old=null} RUNNING
2024-09-29 22:58:11,130 [s0@group-ADEFD529BBEB-StateMachineUpdater] INFO  impl.SimpleStateMachine4Testing (SimpleStateMachine4Testing.java:applyTransaction(251)) - applyTransaction for log index 1
2024-09-29 22:58:11,130 [s0@group-ADEFD529BBEB-StateMachineUpdater] INFO  impl.SimpleStateMachine4Testing (SimpleStateMachine4Testing.java:put(207)) - s0: put 1, m0 -> (t:1, i:1), STATEMACHINELOGENTRY, WRITE: logData.size=2, stateMachineData.size=17, logEntryProtoSerializedSize=0
2024-09-29 22:58:11,132 [s0@group-ADEFD529BBEB-StateMachineUpdater] INFO  impl.SimpleStateMachine4Testing (SimpleStateMachine4Testing.java:applyTransaction(251)) - applyTransaction for log index 3
2024-09-29 22:58:11,132 [s0@group-ADEFD529BBEB-StateMachineUpdater] INFO  impl.SimpleStateMachine4Testing (SimpleStateMachine4Testing.java:put(207)) - s0: put 3, m1 -> (t:1, i:3), STATEMACHINELOGENTRY, WRITE: logData.size=2, stateMachineData.size=17, logEntryProtoSerializedSize=0
2024-09-29 22:58:11,141 [s0@group-ADEFD529BBEB-StateMachineUpdater] INFO  impl.SimpleStateMachine4Testing (SimpleStateMachine4Testing.java:applyTransaction(251)) - applyTransaction for log index 5
2024-09-29 22:58:11,141 [s0@group-ADEFD529BBEB-StateMachineUpdater] INFO  impl.SimpleStateMachine4Testing (SimpleStateMachine4Testing.java:put(207)) - s0: put 5, m2 -> (t:1, i:5), STATEMACHINELOGENTRY, WRITE: logData.size=2, stateMachineData.size=17, logEntryProtoSerializedSize=0
2024-09-29 22:58:11,144 [s0@group-ADEFD529BBEB-StateMachineUpdater] INFO  impl.SimpleStateMachine4Testing (SimpleStateMachine4Testing.java:applyTransaction(251)) - applyTransaction for log index 7
2024-09-29 22:58:11,144 [s0@group-ADEFD529BBEB-StateMachineUpdater] INFO  impl.SimpleStateMachine4Testing (SimpleStateMachine4Testing.java:put(207)) - s0: put 7, m3 -> (t:1, i:7), STATEMACHINELOGENTRY, WRITE: logData.size=2, stateMachineData.size=17, logEntryProtoSerializedSize=0
2024-09-29 22:58:11,146 [s0@group-ADEFD529BBEB-StateMachineUpdater] INFO  impl.SimpleStateMachine4Testing (SimpleStateMachine4Testing.java:applyTransaction(251)) - applyTransaction for log index 9
2024-09-29 22:58:11,146 [s0@group-ADEFD529BBEB-StateMachineUpdater] INFO  impl.SimpleStateMachine4Testing (SimpleStateMachine4Testing.java:put(207)) - s0: put 9, m4 -> (t:1, i:9), STATEMACHINELOGENTRY, WRITE: logData.size=2, stateMachineData.size=17, logEntryProtoSerializedSize=0
2024-09-29 22:58:11,147 [s0@group-ADEFD529BBEB-StateMachineUpdater] INFO  impl.SimpleStateMachine4Testing (SimpleStateMachine4Testing.java:applyTransaction(251)) - applyTransaction for log index 11
2024-09-29 22:58:11,147 [s0@group-ADEFD529BBEB-StateMachineUpdater] INFO  impl.SimpleStateMachine4Testing (SimpleStateMachine4Testing.java:put(207)) - s0: put 11, m5 -> (t:1, i:11), STATEMACHINELOGENTRY, WRITE: logData.size=2, stateMachineData.size=17, logEntryProtoSerializedSize=0
2024-09-29 22:58:11,149 [s0@group-ADEFD529BBEB-StateMachineUpdater] INFO  impl.SimpleStateMachine4Testing (SimpleStateMachine4Testing.java:applyTransaction(251)) - applyTransaction for log index 13
2024-09-29 22:58:11,149 [s0@group-ADEFD529BBEB-StateMachineUpdater] INFO  impl.SimpleStateMachine4Testing (SimpleStateMachine4Testing.java:put(207)) - s0: put 13, m6 -> (t:1, i:13), STATEMACHINELOGENTRY, WRITE: logData.size=2, stateMachineData.size=17, logEntryProtoSerializedSize=0
2024-09-29 22:58:11,155 [s0@group-ADEFD529BBEB-StateMachineUpdater] INFO  impl.SimpleStateMachine4Testing (SimpleStateMachine4Testing.java:applyTransaction(251)) - applyTransaction for log index 15
2024-09-29 22:58:11,155 [s0@group-ADEFD529BBEB-StateMachineUpdater] INFO  impl.SimpleStateMachine4Testing (SimpleStateMachine4Testing.java:put(207)) - s0: put 15, m7 -> (t:1, i:15), STATEMACHINELOGENTRY, WRITE: logData.size=2, stateMachineData.size=17, logEntryProtoSerializedSize=0
2024-09-29 22:58:11,158 [s0@group-ADEFD529BBEB-StateMachineUpdater] INFO  impl.SimpleStateMachine4Testing (SimpleStateMachine4Testing.java:applyTransaction(251)) - applyTransaction for log index 17
2024-09-29 22:58:11,158 [s0@group-ADEFD529BBEB-StateMachineUpdater] INFO  impl.SimpleStateMachine4Testing (SimpleStateMachine4Testing.java:put(207)) - s0: put 17, m8 -> (t:1, i:17), STATEMACHINELOGENTRY, WRITE: logData.size=2, stateMachineData.size=17, logEntryProtoSerializedSize=0
2024-09-29 22:58:11,160 [s0@group-ADEFD529BBEB-StateMachineUpdater] INFO  impl.SimpleStateMachine4Testing (SimpleStateMachine4Testing.java:applyTransaction(251)) - applyTransaction for log index 19
2024-09-29 22:58:11,160 [s0@group-ADEFD529BBEB-StateMachineUpdater] INFO  impl.SimpleStateMachine4Testing (SimpleStateMachine4Testing.java:put(207)) - s0: put 19, m9 -> (t:1, i:19), STATEMACHINELOGENTRY, WRITE: logData.size=2, stateMachineData.size=17, logEntryProtoSerializedSize=0
2024-09-29 22:58:11,161 [s0@group-ADEFD529BBEB-StateMachineUpdater] INFO  impl.SimpleStateMachine4Testing (SimpleStateMachine4Testing.java:applyTransaction(251)) - applyTransaction for log index 21
2024-09-29 22:58:11,161 [s0@group-ADEFD529BBEB-StateMachineUpdater] INFO  impl.SimpleStateMachine4Testing (SimpleStateMachine4Testing.java:put(207)) - s0: put 21, m10 -> (t:1, i:21), STATEMACHINELOGENTRY, WRITE: logData.size=3, stateMachineData.size=17, logEntryProtoSerializedSize=0
2024-09-29 22:58:11,163 [s0@group-ADEFD529BBEB-StateMachineUpdater] INFO  impl.SimpleStateMachine4Testing (SimpleStateMachine4Testing.java:applyTransaction(251)) - applyTransaction for log index 23
2024-09-29 22:58:11,163 [s0@group-ADEFD529BBEB-StateMachineUpdater] INFO  impl.SimpleStateMachine4Testing (SimpleStateMachine4Testing.java:put(207)) - s0: put 23, m11 -> (t:1, i:23), STATEMACHINELOGENTRY, WRITE: logData.size=3, stateMachineData.size=17, logEntryProtoSerializedSize=0
2024-09-29 22:58:11,164 [s0@group-ADEFD529BBEB-StateMachineUpdater] INFO  impl.SimpleStateMachine4Testing (SimpleStateMachine4Testing.java:applyTransaction(251)) - applyTransaction for log index 25
2024-09-29 22:58:11,164 [s0@group-ADEFD529BBEB-StateMachineUpdater] INFO  impl.SimpleStateMachine4Testing (SimpleStateMachine4Testing.java:put(207)) - s0: put 25, m12 -> (t:1, i:25), STATEMACHINELOGENTRY, WRITE: logData.size=3, stateMachineData.size=17, logEntryProtoSerializedSize=0
2024-09-29 22:58:11,165 [s0@group-ADEFD529BBEB-StateMachineUpdater] INFO  impl.SimpleStateMachine4Testing (SimpleStateMachine4Testing.java:applyTransaction(251)) - applyTransaction for log index 27
2024-09-29 22:58:11,165 [s0@group-ADEFD529BBEB-StateMachineUpdater] INFO  impl.SimpleStateMachine4Testing (SimpleStateMachine4Testing.java:put(207)) - s0: put 27, m13 -> (t:1, i:27), STATEMACHINELOGENTRY, WRITE: logData.size=3, stateMachineData.size=17, logEntryProtoSerializedSize=0
2024-09-29 22:58:11,167 [s0@group-ADEFD529BBEB-StateMachineUpdater] INFO  impl.SimpleStateMachine4Testing (SimpleStateMachine4Testing.java:applyTransaction(251)) - applyTransaction for log index 29
2024-09-29 22:58:11,167 [s0@group-ADEFD529BBEB-StateMachineUpdater] INFO  impl.SimpleStateMachine4Testing (SimpleStateMachine4Testing.java:put(207)) - s0: put 29, m14 -> (t:1, i:29), STATEMACHINELOGENTRY, WRITE: logData.size=3, stateMachineData.size=17, logEntryProtoSerializedSize=0
2024-09-29 22:58:11,168 [s0@group-ADEFD529BBEB-StateMachineUpdater] INFO  impl.SimpleStateMachine4Testing (SimpleStateMachine4Testing.java:applyTransaction(251)) - applyTransaction for log index 31
2024-09-29 22:58:11,168 [s0@group-ADEFD529BBEB-StateMachineUpdater] INFO  impl.SimpleStateMachine4Testing (SimpleStateMachine4Testing.java:put(207)) - s0: put 31, m15 -> (t:1, i:31), STATEMACHINELOGENTRY, WRITE: logData.size=3, stateMachineData.size=17, logEntryProtoSerializedSize=0
2024-09-29 22:58:11,170 [s0@group-ADEFD529BBEB-StateMachineUpdater] INFO  impl.SimpleStateMachine4Testing (SimpleStateMachine4Testing.java:applyTransaction(251)) - applyTransaction for log index 33
2024-09-29 22:58:11,170 [s0@group-ADEFD529BBEB-StateMachineUpdater] INFO  impl.SimpleStateMachine4Testing (SimpleStateMachine4Testing.java:put(207)) - s0: put 33, m16 -> (t:1, i:33), STATEMACHINELOGENTRY, WRITE: logData.size=3, stateMachineData.size=17, logEntryProtoSerializedSize=0
2024-09-29 22:58:11,171 [s0@group-ADEFD529BBEB-StateMachineUpdater] INFO  impl.SimpleStateMachine4Testing (SimpleStateMachine4Testing.java:applyTransaction(251)) - applyTransaction for log index 35
2024-09-29 22:58:11,171 [s0@group-ADEFD529BBEB-StateMachineUpdater] INFO  impl.SimpleStateMachine4Testing (SimpleStateMachine4Testing.java:put(207)) - s0: put 35, m17 -> (t:1, i:35), STATEMACHINELOGENTRY, WRITE: logData.size=3, stateMachineData.size=17, logEntryProtoSerializedSize=0
2024-09-29 22:58:11,172 [s0@group-ADEFD529BBEB-StateMachineUpdater] INFO  impl.SimpleStateMachine4Testing (SimpleStateMachine4Testing.java:applyTransaction(251)) - applyTransaction for log index 37
2024-09-29 22:58:11,172 [s0@group-ADEFD529BBEB-StateMachineUpdater] INFO  impl.SimpleStateMachine4Testing (SimpleStateMachine4Testing.java:put(207)) - s0: put 37, m18 -> (t:1, i:37), STATEMACHINELOGENTRY, WRITE: logData.size=3, stateMachineData.size=17, logEntryProtoSerializedSize=0
2024-09-29 22:58:11,174 [s0@group-ADEFD529BBEB-StateMachineUpdater] INFO  impl.SimpleStateMachine4Testing (SimpleStateMachine4Testing.java:applyTransaction(251)) - applyTransaction for log index 39
2024-09-29 22:58:11,174 [s0@group-ADEFD529BBEB-StateMachineUpdater] INFO  impl.SimpleStateMachine4Testing (SimpleStateMachine4Testing.java:put(207)) - s0: put 39, m19 -> (t:1, i:39), STATEMACHINELOGENTRY, WRITE: logData.size=3, stateMachineData.size=17, logEntryProtoSerializedSize=0
2024-09-29 22:58:11,175 [s0@group-ADEFD529BBEB-StateMachineUpdater] INFO  impl.SimpleStateMachine4Testing (SimpleStateMachine4Testing.java:applyTransaction(251)) - applyTransaction for log index 41
2024-09-29 22:58:11,175 [s0@group-ADEFD529BBEB-StateMachineUpdater] INFO  impl.SimpleStateMachine4Testing (SimpleStateMachine4Testing.java:put(207)) - s0: put 41, m20 -> (t:1, i:41), STATEMACHINELOGENTRY, WRITE: logData.size=3, stateMachineData.size=17, logEntryProtoSerializedSize=0
2024-09-29 22:58:11,176 [s0@group-ADEFD529BBEB-StateMachineUpdater] INFO  impl.SimpleStateMachine4Testing (SimpleStateMachine4Testing.java:applyTransaction(251)) - applyTransaction for log index 43
2024-09-29 22:58:11,176 [s0@group-ADEFD529BBEB-StateMachineUpdater] INFO  impl.SimpleStateMachine4Testing (SimpleStateMachine4Testing.java:put(207)) - s0: put 43, m21 -> (t:1, i:43), STATEMACHINELOGENTRY, WRITE: logData.size=3, stateMachineData.size=17, logEntryProtoSerializedSize=0
2024-09-29 22:58:11,178 [s0@group-ADEFD529BBEB-StateMachineUpdater] INFO  impl.SimpleStateMachine4Testing (SimpleStateMachine4Testing.java:applyTransaction(251)) - applyTransaction for log index 45
2024-09-29 22:58:11,178 [s0@group-ADEFD529BBEB-StateMachineUpdater] INFO  impl.SimpleStateMachine4Testing (SimpleStateMachine4Testing.java:put(207)) - s0: put 45, m22 -> (t:1, i:45), STATEMACHINELOGENTRY, WRITE: logData.size=3, stateMachineData.size=17, logEntryProtoSerializedSize=0
2024-09-29 22:58:11,179 [s0@group-ADEFD529BBEB-StateMachineUpdater] INFO  impl.SimpleStateMachine4Testing (SimpleStateMachine4Testing.java:applyTransaction(251)) - applyTransaction for log index 47
2024-09-29 22:58:11,179 [s0@group-ADEFD529BBEB-StateMachineUpdater] INFO  impl.SimpleStateMachine4Testing (SimpleStateMachine4Testing.java:put(207)) - s0: put 47, m23 -> (t:1, i:47), STATEMACHINELOGENTRY, WRITE: logData.size=3, stateMachineData.size=17, logEntryProtoSerializedSize=0
2024-09-29 22:58:11,180 [s0@group-ADEFD529BBEB-StateMachineUpdater] INFO  impl.SimpleStateMachine4Testing (SimpleStateMachine4Testing.java:applyTransaction(251)) - applyTransaction for log index 49
2024-09-29 22:58:11,181 [s0@group-ADEFD529BBEB-StateMachineUpdater] INFO  impl.SimpleStateMachine4Testing (SimpleStateMachine4Testing.java:put(207)) - s0: put 49, m24 -> (t:1, i:49), STATEMACHINELOGENTRY, WRITE: logData.size=3, stateMachineData.size=17, logEntryProtoSerializedSize=0
2024-09-29 22:58:11,182 [s0@group-ADEFD529BBEB-StateMachineUpdater] INFO  impl.SimpleStateMachine4Testing (SimpleStateMachine4Testing.java:applyTransaction(251)) - applyTransaction for log index 51
2024-09-29 22:58:11,182 [s0@group-ADEFD529BBEB-StateMachineUpdater] INFO  impl.SimpleStateMachine4Testing (SimpleStateMachine4Testing.java:put(207)) - s0: put 51, m25 -> (t:1, i:51), STATEMACHINELOGENTRY, WRITE: logData.size=3, stateMachineData.size=17, logEntryProtoSerializedSize=0
2024-09-29 22:58:11,183 [s0@group-ADEFD529BBEB-StateMachineUpdater] INFO  impl.SimpleStateMachine4Testing (SimpleStateMachine4Testing.java:applyTransaction(251)) - applyTransaction for log index 53
2024-09-29 22:58:11,183 [s0@group-ADEFD529BBEB-StateMachineUpdater] INFO  impl.SimpleStateMachine4Testing (SimpleStateMachine4Testing.java:put(207)) - s0: put 53, m26 -> (t:1, i:53), STATEMACHINELOGENTRY, WRITE: logData.size=3, stateMachineData.size=17, logEntryProtoSerializedSize=0
2024-09-29 22:58:11,185 [s0@group-ADEFD529BBEB-StateMachineUpdater] INFO  impl.SimpleStateMachine4Testing (SimpleStateMachine4Testing.java:applyTransaction(251)) - applyTransaction for log index 55
2024-09-29 22:58:11,185 [s0@group-ADEFD529BBEB-StateMachineUpdater] INFO  impl.SimpleStateMachine4Testing (SimpleStateMachine4Testing.java:put(207)) - s0: put 55, m27 -> (t:1, i:55), STATEMACHINELOGENTRY, WRITE: logData.size=3, stateMachineData.size=17, logEntryProtoSerializedSize=0
2024-09-29 22:58:11,186 [s0@group-ADEFD529BBEB-StateMachineUpdater] INFO  impl.SimpleStateMachine4Testing (SimpleStateMachine4Testing.java:applyTransaction(251)) - applyTransaction for log index 57
2024-09-29 22:58:11,186 [s0@group-ADEFD529BBEB-StateMachineUpdater] INFO  impl.SimpleStateMachine4Testing (SimpleStateMachine4Testing.java:put(207)) - s0: put 57, m28 -> (t:1, i:57), STATEMACHINELOGENTRY, WRITE: logData.size=3, stateMachineData.size=17, logEntryProtoSerializedSize=0
2024-09-29 22:58:11,187 [s0@group-ADEFD529BBEB-StateMachineUpdater] INFO  impl.SimpleStateMachine4Testing (SimpleStateMachine4Testing.java:applyTransaction(251)) - applyTransaction for log index 59
2024-09-29 22:58:11,187 [s0@group-ADEFD529BBEB-StateMachineUpdater] INFO  impl.SimpleStateMachine4Testing (SimpleStateMachine4Testing.java:put(207)) - s0: put 59, m29 -> (t:1, i:59), STATEMACHINELOGENTRY, WRITE: logData.size=3, stateMachineData.size=17, logEntryProtoSerializedSize=0
2024-09-29 22:58:11,189 [s0@group-ADEFD529BBEB-StateMachineUpdater] INFO  impl.SimpleStateMachine4Testing (SimpleStateMachine4Testing.java:applyTransaction(251)) - applyTransaction for log index 61
2024-09-29 22:58:11,189 [s0@group-ADEFD529BBEB-StateMachineUpdater] INFO  impl.SimpleStateMachine4Testing (SimpleStateMachine4Testing.java:put(207)) - s0: put 61, m30 -> (t:1, i:61), STATEMACHINELOGENTRY, WRITE: logData.size=3, stateMachineData.size=17, logEntryProtoSerializedSize=0
2024-09-29 22:58:11,190 [s0@group-ADEFD529BBEB-StateMachineUpdater] INFO  impl.SimpleStateMachine4Testing (SimpleStateMachine4Testing.java:applyTransaction(251)) - applyTransaction for log index 63
2024-09-29 22:58:11,190 [s0@group-ADEFD529BBEB-StateMachineUpdater] INFO  impl.SimpleStateMachine4Testing (SimpleStateMachine4Testing.java:put(207)) - s0: put 63, m31 -> (t:1, i:63), STATEMACHINELOGENTRY, WRITE: logData.size=3, stateMachineData.size=17, logEntryProtoSerializedSize=0
2024-09-29 22:58:11,191 [s0@group-ADEFD529BBEB-StateMachineUpdater] TRACE util.FileUtils (FileUtils.java:deleteFully(305)) - deleteFully /tmp/ratis-tests/statemachine/s0/snapshot/1_63
2024-09-29 22:58:11,191 [s0@group-ADEFD529BBEB-StateMachineUpdater] TRACE util.FileUtils (FileUtils.java:deleteFully(318)) - deleteFully: /tmp/ratis-tests/statemachine/s0/snapshot/1_63 does not exist.
2024-09-29 22:58:11,191 [s0@group-ADEFD529BBEB-StateMachineUpdater] TRACE util.FileUtils (FileUtils.java:deleteFully(305)) - deleteFully /tmp/ratis-tests/statemachine/s0/tmp/09482a49-fc5d-4f5c-a2ef-d57626e52c65
2024-09-29 22:58:11,191 [s0@group-ADEFD529BBEB-StateMachineUpdater] TRACE util.FileUtils (FileUtils.java:deleteFully(318)) - deleteFully: /tmp/ratis-tests/statemachine/s0/tmp/09482a49-fc5d-4f5c-a2ef-d57626e52c65 does not exist.
2024-09-29 22:58:11,191 [s0@group-ADEFD529BBEB-StateMachineUpdater] TRACE util.FileUtils (LogUtils.java:runAndLog(49)) - Successfully ran Atomic Files.move /tmp/ratis-tests/statemachine/s0/tmp/09482a49-fc5d-4f5c-a2ef-d57626e52c65 to /tmp/ratis-tests/statemachine/s0/snapshot/1_63
2024-09-29 22:58:11,191 [s0@group-ADEFD529BBEB-StateMachineUpdater] INFO  impl.StateMachineUpdater (StateMachineUpdater.java:takeSnapshot(308)) - s0@group-ADEFD529BBEB-StateMachineUpdater: Took a snapshot at index 63
2024-09-29 22:58:11,191 [s0@group-ADEFD529BBEB-StateMachineUpdater] INFO  impl.StateMachineUpdater (StateMachineUpdater.java:lambda$new$0(102)) - s0@group-ADEFD529BBEB-StateMachineUpdater: snapshotIndex: updateIncreasingly -1 -> 63
2024-09-29 22:58:11,191 [s0@group-ADEFD529BBEB-StateMachineUpdater] INFO  raftlog.RaftLog (RaftLogBase.java:purge(329)) - s0@group-ADEFD529BBEB-SegmentedRaftLog: purge 63
2024-09-29 22:58:11,192 [s0@group-ADEFD529BBEB-StateMachineUpdater] INFO  raftlog.RaftLog (RaftLogBase.java:lambda$new$0(57)) - s0@group-ADEFD529BBEB-SegmentedRaftLog: snapshotIndex: updateIncreasingly -1 -> 63
2024-09-29 22:58:11,192 [s0@group-ADEFD529BBEB-StateMachineUpdater] INFO  raftlog.RaftLog (RaftLogBase.java:lambda$new$0(57)) - s0@group-ADEFD529BBEB-SegmentedRaftLog: purgeIndex: updateToMax old=-1, new=63, updated? true
2024-09-29 22:58:11,193 [s0@group-ADEFD529BBEB-StateMachineUpdater] INFO  impl.SimpleStateMachine4Testing (SimpleStateMachine4Testing.java:applyTransaction(251)) - applyTransaction for log index 65
2024-09-29 22:58:11,193 [s0@group-ADEFD529BBEB-StateMachineUpdater] INFO  impl.SimpleStateMachine4Testing (SimpleStateMachine4Testing.java:put(207)) - s0: put 65, m32 -> (t:1, i:65), STATEMACHINELOGENTRY, WRITE: logData.size=3, stateMachineData.size=17, logEntryProtoSerializedSize=0
2024-09-29 22:58:11,194 [s0@group-ADEFD529BBEB-StateMachineUpdater] INFO  impl.SimpleStateMachine4Testing (SimpleStateMachine4Testing.java:applyTransaction(251)) - applyTransaction for log index 67
2024-09-29 22:58:11,194 [s0@group-ADEFD529BBEB-StateMachineUpdater] INFO  impl.SimpleStateMachine4Testing (SimpleStateMachine4Testing.java:put(207)) - s0: put 67, m33 -> (t:1, i:67), STATEMACHINELOGENTRY, WRITE: logData.size=3, stateMachineData.size=17, logEntryProtoSerializedSize=0
2024-09-29 22:58:11,195 [s0@group-ADEFD529BBEB-StateMachineUpdater] INFO  impl.SimpleStateMachine4Testing (SimpleStateMachine4Testing.java:applyTransaction(251)) - applyTransaction for log index 69
2024-09-29 22:58:11,195 [s0@group-ADEFD529BBEB-StateMachineUpdater] INFO  impl.SimpleStateMachine4Testing (SimpleStateMachine4Testing.java:put(207)) - s0: put 69, m34 -> (t:1, i:69), STATEMACHINELOGENTRY, WRITE: logData.size=3, stateMachineData.size=17, logEntryProtoSerializedSize=0
2024-09-29 22:58:11,197 [s0@group-ADEFD529BBEB-StateMachineUpdater] INFO  impl.SimpleStateMachine4Testing (SimpleStateMachine4Testing.java:applyTransaction(251)) - applyTransaction for log index 71
2024-09-29 22:58:11,197 [s0@group-ADEFD529BBEB-StateMachineUpdater] INFO  impl.SimpleStateMachine4Testing (SimpleStateMachine4Testing.java:put(207)) - s0: put 71, m35 -> (t:1, i:71), STATEMACHINELOGENTRY, WRITE: logData.size=3, stateMachineData.size=17, logEntryProtoSerializedSize=0
2024-09-29 22:58:11,199 [s0@group-ADEFD529BBEB-StateMachineUpdater] INFO  impl.SimpleStateMachine4Testing (SimpleStateMachine4Testing.java:applyTransaction(251)) - applyTransaction for log index 73
2024-09-29 22:58:11,199 [s0@group-ADEFD529BBEB-StateMachineUpdater] INFO  impl.SimpleStateMachine4Testing (SimpleStateMachine4Testing.java:put(207)) - s0: put 73, m36 -> (t:1, i:73), STATEMACHINELOGENTRY, WRITE: logData.size=3, stateMachineData.size=17, logEntryProtoSerializedSize=0
2024-09-29 22:58:11,200 [s0@group-ADEFD529BBEB-StateMachineUpdater] INFO  impl.SimpleStateMachine4Testing (SimpleStateMachine4Testing.java:applyTransaction(251)) - applyTransaction for log index 75
2024-09-29 22:58:11,200 [s0@group-ADEFD529BBEB-StateMachineUpdater] INFO  impl.SimpleStateMachine4Testing (SimpleStateMachine4Testing.java:put(207)) - s0: put 75, m37 -> (t:1, i:75), STATEMACHINELOGENTRY, WRITE: logData.size=3, stateMachineData.size=17, logEntryProtoSerializedSize=0
2024-09-29 22:58:11,202 [s0@group-ADEFD529BBEB-StateMachineUpdater] INFO  impl.SimpleStateMachine4Testing (SimpleStateMachine4Testing.java:applyTransaction(251)) - applyTransaction for log index 77
2024-09-29 22:58:11,202 [s0@group-ADEFD529BBEB-StateMachineUpdater] INFO  impl.SimpleStateMachine4Testing (SimpleStateMachine4Testing.java:put(207)) - s0: put 77, m38 -> (t:1, i:77), STATEMACHINELOGENTRY, WRITE: logData.size=3, stateMachineData.size=17, logEntryProtoSerializedSize=0
2024-09-29 22:58:11,203 [s0@group-ADEFD529BBEB-StateMachineUpdater] INFO  impl.SimpleStateMachine4Testing (SimpleStateMachine4Testing.java:applyTransaction(251)) - applyTransaction for log index 79
2024-09-29 22:58:11,203 [s0@group-ADEFD529BBEB-StateMachineUpdater] INFO  impl.SimpleStateMachine4Testing (SimpleStateMachine4Testing.java:put(207)) - s0: put 79, m39 -> (t:1, i:79), STATEMACHINELOGENTRY, WRITE: logData.size=3, stateMachineData.size=17, logEntryProtoSerializedSize=0
2024-09-29 22:58:11,204 [s0@group-ADEFD529BBEB-StateMachineUpdater] INFO  impl.SimpleStateMachine4Testing (SimpleStateMachine4Testing.java:applyTransaction(251)) - applyTransaction for log index 81
2024-09-29 22:58:11,204 [s0@group-ADEFD529BBEB-StateMachineUpdater] INFO  impl.SimpleStateMachine4Testing (SimpleStateMachine4Testing.java:put(207)) - s0: put 81, m40 -> (t:1, i:81), STATEMACHINELOGENTRY, WRITE: logData.size=3, stateMachineData.size=17, logEntryProtoSerializedSize=0
2024-09-29 22:58:11,206 [s0@group-ADEFD529BBEB-StateMachineUpdater] INFO  impl.SimpleStateMachine4Testing (SimpleStateMachine4Testing.java:applyTransaction(251)) - applyTransaction for log index 83
2024-09-29 22:58:11,206 [s0@group-ADEFD529BBEB-StateMachineUpdater] INFO  impl.SimpleStateMachine4Testing (SimpleStateMachine4Testing.java:put(207)) - s0: put 83, m41 -> (t:1, i:83), STATEMACHINELOGENTRY, WRITE: logData.size=3, stateMachineData.size=17, logEntryProtoSerializedSize=0
2024-09-29 22:58:11,208 [s0@group-ADEFD529BBEB-StateMachineUpdater] INFO  impl.SimpleStateMachine4Testing (SimpleStateMachine4Testing.java:applyTransaction(251)) - applyTransaction for log index 85
2024-09-29 22:58:11,208 [s0@group-ADEFD529BBEB-StateMachineUpdater] INFO  impl.SimpleStateMachine4Testing (SimpleStateMachine4Testing.java:put(207)) - s0: put 85, m42 -> (t:1, i:85), STATEMACHINELOGENTRY, WRITE: logData.size=3, stateMachineData.size=17, logEntryProtoSerializedSize=0
2024-09-29 22:58:11,209 [s0@group-ADEFD529BBEB-StateMachineUpdater] INFO  impl.SimpleStateMachine4Testing (SimpleStateMachine4Testing.java:applyTransaction(251)) - applyTransaction for log index 87
2024-09-29 22:58:11,209 [s0@group-ADEFD529BBEB-StateMachineUpdater] INFO  impl.SimpleStateMachine4Testing (SimpleStateMachine4Testing.java:put(207)) - s0: put 87, m43 -> (t:1, i:87), STATEMACHINELOGENTRY, WRITE: logData.size=3, stateMachineData.size=17, logEntryProtoSerializedSize=0
2024-09-29 22:58:11,211 [s0@group-ADEFD529BBEB-StateMachineUpdater] INFO  impl.SimpleStateMachine4Testing (SimpleStateMachine4Testing.java:applyTransaction(251)) - applyTransaction for log index 89
2024-09-29 22:58:11,211 [s0@group-ADEFD529BBEB-StateMachineUpdater] INFO  impl.SimpleStateMachine4Testing (SimpleStateMachine4Testing.java:put(207)) - s0: put 89, m44 -> (t:1, i:89), STATEMACHINELOGENTRY, WRITE: logData.size=3, stateMachineData.size=17, logEntryProtoSerializedSize=0
2024-09-29 22:58:11,212 [s0@group-ADEFD529BBEB-StateMachineUpdater] INFO  impl.SimpleStateMachine4Testing (SimpleStateMachine4Testing.java:applyTransaction(251)) - applyTransaction for log index 91
2024-09-29 22:58:11,212 [s0@group-ADEFD529BBEB-StateMachineUpdater] INFO  impl.SimpleStateMachine4Testing (SimpleStateMachine4Testing.java:put(207)) - s0: put 91, m45 -> (t:1, i:91), STATEMACHINELOGENTRY, WRITE: logData.size=3, stateMachineData.size=17, logEntryProtoSerializedSize=0
2024-09-29 22:58:11,214 [s0@group-ADEFD529BBEB-StateMachineUpdater] INFO  impl.SimpleStateMachine4Testing (SimpleStateMachine4Testing.java:applyTransaction(251)) - applyTransaction for log index 93
2024-09-29 22:58:11,214 [s0@group-ADEFD529BBEB-StateMachineUpdater] INFO  impl.SimpleStateMachine4Testing (SimpleStateMachine4Testing.java:put(207)) - s0: put 93, m46 -> (t:1, i:93), STATEMACHINELOGENTRY, WRITE: logData.size=3, stateMachineData.size=17, logEntryProtoSerializedSize=0
2024-09-29 22:58:11,215 [s0@group-ADEFD529BBEB-StateMachineUpdater] INFO  impl.SimpleStateMachine4Testing (SimpleStateMachine4Testing.java:applyTransaction(251)) - applyTransaction for log index 95
2024-09-29 22:58:11,216 [s0@group-ADEFD529BBEB-StateMachineUpdater] INFO  impl.SimpleStateMachine4Testing (SimpleStateMachine4Testing.java:put(207)) - s0: put 95, m47 -> (t:1, i:95), STATEMACHINELOGENTRY, WRITE: logData.size=3, stateMachineData.size=17, logEntryProtoSerializedSize=0
2024-09-29 22:58:11,217 [s0@group-ADEFD529BBEB-StateMachineUpdater] INFO  impl.SimpleStateMachine4Testing (SimpleStateMachine4Testing.java:applyTransaction(251)) - applyTransaction for log index 97
2024-09-29 22:58:11,217 [s0@group-ADEFD529BBEB-StateMachineUpdater] INFO  impl.SimpleStateMachine4Testing (SimpleStateMachine4Testing.java:put(207)) - s0: put 97, m48 -> (t:1, i:97), STATEMACHINELOGENTRY, WRITE: logData.size=3, stateMachineData.size=17, logEntryProtoSerializedSize=0
2024-09-29 22:58:11,219 [s0@group-ADEFD529BBEB-StateMachineUpdater] INFO  impl.SimpleStateMachine4Testing (SimpleStateMachine4Testing.java:applyTransaction(251)) - applyTransaction for log index 99
2024-09-29 22:58:11,219 [s0@group-ADEFD529BBEB-StateMachineUpdater] INFO  impl.SimpleStateMachine4Testing (SimpleStateMachine4Testing.java:put(207)) - s0: put 99, m49 -> (t:1, i:99), STATEMACHINELOGENTRY, WRITE: logData.size=3, stateMachineData.size=17, logEntryProtoSerializedSize=0
2024-09-29 22:58:11,220 [s0@group-ADEFD529BBEB-StateMachineUpdater] INFO  impl.SimpleStateMachine4Testing (SimpleStateMachine4Testing.java:applyTransaction(251)) - applyTransaction for log index 101
2024-09-29 22:58:11,220 [s0@group-ADEFD529BBEB-StateMachineUpdater] INFO  impl.SimpleStateMachine4Testing (SimpleStateMachine4Testing.java:put(207)) - s0: put 101, m50 -> (t:1, i:101), STATEMACHINELOGENTRY, WRITE: logData.size=3, stateMachineData.size=17, logEntryProtoSerializedSize=0
2024-09-29 22:58:11,222 [s0@group-ADEFD529BBEB-StateMachineUpdater] INFO  impl.SimpleStateMachine4Testing (SimpleStateMachine4Testing.java:applyTransaction(251)) - applyTransaction for log index 103
2024-09-29 22:58:11,222 [s0@group-ADEFD529BBEB-StateMachineUpdater] INFO  impl.SimpleStateMachine4Testing (SimpleStateMachine4Testing.java:put(207)) - s0: put 103, m51 -> (t:1, i:103), STATEMACHINELOGENTRY, WRITE: logData.size=3, stateMachineData.size=17, logEntryProtoSerializedSize=0
2024-09-29 22:58:11,223 [s0@group-ADEFD529BBEB-StateMachineUpdater] INFO  impl.SimpleStateMachine4Testing (SimpleStateMachine4Testing.java:applyTransaction(251)) - applyTransaction for log index 105
2024-09-29 22:58:11,223 [s0@group-ADEFD529BBEB-StateMachineUpdater] INFO  impl.SimpleStateMachine4Testing (SimpleStateMachine4Testing.java:put(207)) - s0: put 105, m52 -> (t:1, i:105), STATEMACHINELOGENTRY, WRITE: logData.size=3, stateMachineData.size=17, logEntryProtoSerializedSize=0
2024-09-29 22:58:11,225 [s0@group-ADEFD529BBEB-StateMachineUpdater] INFO  impl.SimpleStateMachine4Testing (SimpleStateMachine4Testing.java:applyTransaction(251)) - applyTransaction for log index 107
2024-09-29 22:58:11,225 [s0@group-ADEFD529BBEB-StateMachineUpdater] INFO  impl.SimpleStateMachine4Testing (SimpleStateMachine4Testing.java:put(207)) - s0: put 107, m53 -> (t:1, i:107), STATEMACHINELOGENTRY, WRITE: logData.size=3, stateMachineData.size=17, logEntryProtoSerializedSize=0
2024-09-29 22:58:11,226 [s0@group-ADEFD529BBEB-StateMachineUpdater] INFO  impl.SimpleStateMachine4Testing (SimpleStateMachine4Testing.java:applyTransaction(251)) - applyTransaction for log index 109
2024-09-29 22:58:11,226 [s0@group-ADEFD529BBEB-StateMachineUpdater] INFO  impl.SimpleStateMachine4Testing (SimpleStateMachine4Testing.java:put(207)) - s0: put 109, m54 -> (t:1, i:109), STATEMACHINELOGENTRY, WRITE: logData.size=3, stateMachineData.size=17, logEntryProtoSerializedSize=0
2024-09-29 22:58:11,228 [s0@group-ADEFD529BBEB-StateMachineUpdater] INFO  impl.SimpleStateMachine4Testing (SimpleStateMachine4Testing.java:applyTransaction(251)) - applyTransaction for log index 111
2024-09-29 22:58:11,228 [s0@group-ADEFD529BBEB-StateMachineUpdater] INFO  impl.SimpleStateMachine4Testing (SimpleStateMachine4Testing.java:put(207)) - s0: put 111, m55 -> (t:1, i:111), STATEMACHINELOGENTRY, WRITE: logData.size=3, stateMachineData.size=17, logEntryProtoSerializedSize=0
2024-09-29 22:58:11,229 [s0@group-ADEFD529BBEB-StateMachineUpdater] INFO  impl.SimpleStateMachine4Testing (SimpleStateMachine4Testing.java:applyTransaction(251)) - applyTransaction for log index 113
2024-09-29 22:58:11,229 [s0@group-ADEFD529BBEB-StateMachineUpdater] INFO  impl.SimpleStateMachine4Testing (SimpleStateMachine4Testing.java:put(207)) - s0: put 113, m56 -> (t:1, i:113), STATEMACHINELOGENTRY, WRITE: logData.size=3, stateMachineData.size=17, logEntryProtoSerializedSize=0
2024-09-29 22:58:11,231 [s0@group-ADEFD529BBEB-StateMachineUpdater] INFO  impl.SimpleStateMachine4Testing (SimpleStateMachine4Testing.java:applyTransaction(251)) - applyTransaction for log index 115
2024-09-29 22:58:11,231 [s0@group-ADEFD529BBEB-StateMachineUpdater] INFO  impl.SimpleStateMachine4Testing (SimpleStateMachine4Testing.java:put(207)) - s0: put 115, m57 -> (t:1, i:115), STATEMACHINELOGENTRY, WRITE: logData.size=3, stateMachineData.size=17, logEntryProtoSerializedSize=0
2024-09-29 22:58:11,234 [s0@group-ADEFD529BBEB-StateMachineUpdater] INFO  impl.SimpleStateMachine4Testing (SimpleStateMachine4Testing.java:applyTransaction(251)) - applyTransaction for log index 117
2024-09-29 22:58:11,234 [s0@group-ADEFD529BBEB-StateMachineUpdater] INFO  impl.SimpleStateMachine4Testing (SimpleStateMachine4Testing.java:put(207)) - s0: put 117, m58 -> (t:1, i:117), STATEMACHINELOGENTRY, WRITE: logData.size=3, stateMachineData.size=17, logEntryProtoSerializedSize=0
2024-09-29 22:58:11,235 [s0@group-ADEFD529BBEB-StateMachineUpdater] INFO  impl.SimpleStateMachine4Testing (SimpleStateMachine4Testing.java:applyTransaction(251)) - applyTransaction for log index 119
2024-09-29 22:58:11,235 [s0@group-ADEFD529BBEB-StateMachineUpdater] INFO  impl.SimpleStateMachine4Testing (SimpleStateMachine4Testing.java:put(207)) - s0: put 119, m59 -> (t:1, i:119), STATEMACHINELOGENTRY, WRITE: logData.size=3, stateMachineData.size=17, logEntryProtoSerializedSize=0
2024-09-29 22:58:11,237 [s0@group-ADEFD529BBEB-StateMachineUpdater] INFO  impl.SimpleStateMachine4Testing (SimpleStateMachine4Testing.java:applyTransaction(251)) - applyTransaction for log index 121
2024-09-29 22:58:11,237 [s0@group-ADEFD529BBEB-StateMachineUpdater] INFO  impl.SimpleStateMachine4Testing (SimpleStateMachine4Testing.java:put(207)) - s0: put 121, m60 -> (t:1, i:121), STATEMACHINELOGENTRY, WRITE: logData.size=3, stateMachineData.size=17, logEntryProtoSerializedSize=0
2024-09-29 22:58:11,238 [s0@group-ADEFD529BBEB-StateMachineUpdater] INFO  impl.SimpleStateMachine4Testing (SimpleStateMachine4Testing.java:applyTransaction(251)) - applyTransaction for log index 123
2024-09-29 22:58:11,238 [s0@group-ADEFD529BBEB-StateMachineUpdater] INFO  impl.SimpleStateMachine4Testing (SimpleStateMachine4Testing.java:put(207)) - s0: put 123, m61 -> (t:1, i:123), STATEMACHINELOGENTRY, WRITE: logData.size=3, stateMachineData.size=17, logEntryProtoSerializedSize=0
2024-09-29 22:58:11,240 [s0@group-ADEFD529BBEB-StateMachineUpdater] INFO  impl.SimpleStateMachine4Testing (SimpleStateMachine4Testing.java:applyTransaction(251)) - applyTransaction for log index 125
2024-09-29 22:58:11,240 [s0@group-ADEFD529BBEB-StateMachineUpdater] INFO  impl.SimpleStateMachine4Testing (SimpleStateMachine4Testing.java:put(207)) - s0: put 125, m62 -> (t:1, i:125), STATEMACHINELOGENTRY, WRITE: logData.size=3, stateMachineData.size=17, logEntryProtoSerializedSize=0
2024-09-29 22:58:11,241 [s0@group-ADEFD529BBEB-StateMachineUpdater] INFO  impl.SimpleStateMachine4Testing (SimpleStateMachine4Testing.java:applyTransaction(251)) - applyTransaction for log index 127
2024-09-29 22:58:11,242 [s0@group-ADEFD529BBEB-StateMachineUpdater] INFO  impl.SimpleStateMachine4Testing (SimpleStateMachine4Testing.java:put(207)) - s0: put 127, m63 -> (t:1, i:127), STATEMACHINELOGENTRY, WRITE: logData.size=3, stateMachineData.size=17, logEntryProtoSerializedSize=0
2024-09-29 22:58:11,242 [s0@group-ADEFD529BBEB-StateMachineUpdater] TRACE util.FileUtils (FileUtils.java:deleteFully(305)) - deleteFully /tmp/ratis-tests/statemachine/s0/snapshot/1_127
2024-09-29 22:58:11,242 [s0@group-ADEFD529BBEB-StateMachineUpdater] TRACE util.FileUtils (FileUtils.java:deleteFully(318)) - deleteFully: /tmp/ratis-tests/statemachine/s0/snapshot/1_127 does not exist.
2024-09-29 22:58:11,242 [s0@group-ADEFD529BBEB-StateMachineUpdater] TRACE util.FileUtils (FileUtils.java:deleteFully(305)) - deleteFully /tmp/ratis-tests/statemachine/s0/tmp/becd9794-df4f-43cf-92f2-80337d8fff23
2024-09-29 22:58:11,242 [s0@group-ADEFD529BBEB-StateMachineUpdater] TRACE util.FileUtils (FileUtils.java:deleteFully(318)) - deleteFully: /tmp/ratis-tests/statemachine/s0/tmp/becd9794-df4f-43cf-92f2-80337d8fff23 does not exist.
2024-09-29 22:58:11,243 [s0@group-ADEFD529BBEB-StateMachineUpdater] TRACE util.FileUtils (LogUtils.java:runAndLog(49)) - Successfully ran Atomic Files.move /tmp/ratis-tests/statemachine/s0/tmp/becd9794-df4f-43cf-92f2-80337d8fff23 to /tmp/ratis-tests/statemachine/s0/snapshot/1_127
2024-09-29 22:58:11,243 [s0@group-ADEFD529BBEB-StateMachineUpdater] INFO  impl.StateMachineUpdater (StateMachineUpdater.java:takeSnapshot(308)) - s0@group-ADEFD529BBEB-StateMachineUpdater: Took a snapshot at index 127
2024-09-29 22:58:11,243 [s0@group-ADEFD529BBEB-StateMachineUpdater] INFO  impl.StateMachineUpdater (StateMachineUpdater.java:lambda$new$0(102)) - s0@group-ADEFD529BBEB-StateMachineUpdater: snapshotIndex: updateIncreasingly 63 -> 127
2024-09-29 22:58:11,243 [s0@group-ADEFD529BBEB-StateMachineUpdater] INFO  raftlog.RaftLog (RaftLogBase.java:purge(329)) - s0@group-ADEFD529BBEB-SegmentedRaftLog: purge 127
2024-09-29 22:58:11,243 [s0@group-ADEFD529BBEB-StateMachineUpdater] INFO  raftlog.RaftLog (RaftLogBase.java:lambda$new$0(57)) - s0@group-ADEFD529BBEB-SegmentedRaftLog: snapshotIndex: updateIncreasingly 63 -> 127
2024-09-29 22:58:11,243 [s0@group-ADEFD529BBEB-StateMachineUpdater] INFO  raftlog.RaftLog (RaftLogBase.java:lambda$new$0(57)) - s0@group-ADEFD529BBEB-SegmentedRaftLog: purgeIndex: updateToMax old=63, new=127, updated? true
2024-09-29 22:58:11,245 [s0@group-ADEFD529BBEB-StateMachineUpdater] INFO  impl.SimpleStateMachine4Testing (SimpleStateMachine4Testing.java:applyTransaction(251)) - applyTransaction for log index 129
2024-09-29 22:58:11,245 [s0@group-ADEFD529BBEB-StateMachineUpdater] INFO  impl.SimpleStateMachine4Testing (SimpleStateMachine4Testing.java:put(207)) - s0: put 129, m64 -> (t:1, i:129), STATEMACHINELOGENTRY, WRITE: logData.size=3, stateMachineData.size=17, logEntryProtoSerializedSize=0
2024-09-29 22:58:11,246 [s0@group-ADEFD529BBEB-StateMachineUpdater] INFO  impl.SimpleStateMachine4Testing (SimpleStateMachine4Testing.java:applyTransaction(251)) - applyTransaction for log index 131
2024-09-29 22:58:11,246 [s0@group-ADEFD529BBEB-StateMachineUpdater] INFO  impl.SimpleStateMachine4Testing (SimpleStateMachine4Testing.java:put(207)) - s0: put 131, m65 -> (t:1, i:131), STATEMACHINELOGENTRY, WRITE: logData.size=3, stateMachineData.size=17, logEntryProtoSerializedSize=0
2024-09-29 22:58:11,248 [s0@group-ADEFD529BBEB-StateMachineUpdater] INFO  impl.SimpleStateMachine4Testing (SimpleStateMachine4Testing.java:applyTransaction(251)) - applyTransaction for log index 133
2024-09-29 22:58:11,248 [s0@group-ADEFD529BBEB-StateMachineUpdater] INFO  impl.SimpleStateMachine4Testing (SimpleStateMachine4Testing.java:put(207)) - s0: put 133, m66 -> (t:1, i:133), STATEMACHINELOGENTRY, WRITE: logData.size=3, stateMachineData.size=17, logEntryProtoSerializedSize=0
2024-09-29 22:58:11,249 [s0@group-ADEFD529BBEB-StateMachineUpdater] INFO  impl.SimpleStateMachine4Testing (SimpleStateMachine4Testing.java:applyTransaction(251)) - applyTransaction for log index 135
2024-09-29 22:58:11,250 [s0@group-ADEFD529BBEB-StateMachineUpdater] INFO  impl.SimpleStateMachine4Testing (SimpleStateMachine4Testing.java:put(207)) - s0: put 135, m67 -> (t:1, i:135), STATEMACHINELOGENTRY, WRITE: logData.size=3, stateMachineData.size=17, logEntryProtoSerializedSize=0
2024-09-29 22:58:11,251 [s0@group-ADEFD529BBEB-StateMachineUpdater] INFO  impl.SimpleStateMachine4Testing (SimpleStateMachine4Testing.java:applyTransaction(251)) - applyTransaction for log index 137
2024-09-29 22:58:11,251 [s0@group-ADEFD529BBEB-StateMachineUpdater] INFO  impl.SimpleStateMachine4Testing (SimpleStateMachine4Testing.java:put(207)) - s0: put 137, m68 -> (t:1, i:137), STATEMACHINELOGENTRY, WRITE: logData.size=3, stateMachineData.size=17, logEntryProtoSerializedSize=0
2024-09-29 22:58:11,252 [s0@group-ADEFD529BBEB-StateMachineUpdater] INFO  impl.SimpleStateMachine4Testing (SimpleStateMachine4Testing.java:applyTransaction(251)) - applyTransaction for log index 139
2024-09-29 22:58:11,252 [s0@group-ADEFD529BBEB-StateMachineUpdater] INFO  impl.SimpleStateMachine4Testing (SimpleStateMachine4Testing.java:put(207)) - s0: put 139, m69 -> (t:1, i:139), STATEMACHINELOGENTRY, WRITE: logData.size=3, stateMachineData.size=17, logEntryProtoSerializedSize=0
2024-09-29 22:58:11,254 [s0@group-ADEFD529BBEB-StateMachineUpdater] INFO  impl.SimpleStateMachine4Testing (SimpleStateMachine4Testing.java:applyTransaction(251)) - applyTransaction for log index 141
2024-09-29 22:58:11,254 [s0@group-ADEFD529BBEB-StateMachineUpdater] INFO  impl.SimpleStateMachine4Testing (SimpleStateMachine4Testing.java:put(207)) - s0: put 141, m70 -> (t:1, i:141), STATEMACHINELOGENTRY, WRITE: logData.size=3, stateMachineData.size=17, logEntryProtoSerializedSize=0
2024-09-29 22:58:11,256 [s0@group-ADEFD529BBEB-StateMachineUpdater] INFO  impl.SimpleStateMachine4Testing (SimpleStateMachine4Testing.java:applyTransaction(251)) - applyTransaction for log index 143
2024-09-29 22:58:11,256 [s0@group-ADEFD529BBEB-StateMachineUpdater] INFO  impl.SimpleStateMachine4Testing (SimpleStateMachine4Testing.java:put(207)) - s0: put 143, m71 -> (t:1, i:143), STATEMACHINELOGENTRY, WRITE: logData.size=3, stateMachineData.size=17, logEntryProtoSerializedSize=0
2024-09-29 22:58:11,257 [s0@group-ADEFD529BBEB-StateMachineUpdater] INFO  impl.SimpleStateMachine4Testing (SimpleStateMachine4Testing.java:applyTransaction(251)) - applyTransaction for log index 145
2024-09-29 22:58:11,257 [s0@group-ADEFD529BBEB-StateMachineUpdater] INFO  impl.SimpleStateMachine4Testing (SimpleStateMachine4Testing.java:put(207)) - s0: put 145, m72 -> (t:1, i:145), STATEMACHINELOGENTRY, WRITE: logData.size=3, stateMachineData.size=17, logEntryProtoSerializedSize=0
2024-09-29 22:58:11,259 [s0@group-ADEFD529BBEB-StateMachineUpdater] INFO  impl.SimpleStateMachine4Testing (SimpleStateMachine4Testing.java:applyTransaction(251)) - applyTransaction for log index 147
2024-09-29 22:58:11,259 [s0@group-ADEFD529BBEB-StateMachineUpdater] INFO  impl.SimpleStateMachine4Testing (SimpleStateMachine4Testing.java:put(207)) - s0: put 147, m73 -> (t:1, i:147), STATEMACHINELOGENTRY, WRITE: logData.size=3, stateMachineData.size=17, logEntryProtoSerializedSize=0
2024-09-29 22:58:11,260 [s0@group-ADEFD529BBEB-StateMachineUpdater] INFO  impl.SimpleStateMachine4Testing (SimpleStateMachine4Testing.java:applyTransaction(251)) - applyTransaction for log index 149
2024-09-29 22:58:11,260 [s0@group-ADEFD529BBEB-StateMachineUpdater] INFO  impl.SimpleStateMachine4Testing (SimpleStateMachine4Testing.java:put(207)) - s0: put 149, m74 -> (t:1, i:149), STATEMACHINELOGENTRY, WRITE: logData.size=3, stateMachineData.size=17, logEntryProtoSerializedSize=0
2024-09-29 22:58:11,269 [s0@group-ADEFD529BBEB-StateMachineUpdater] INFO  impl.SimpleStateMachine4Testing (SimpleStateMachine4Testing.java:applyTransaction(251)) - applyTransaction for log index 151
2024-09-29 22:58:11,270 [s0@group-ADEFD529BBEB-StateMachineUpdater] INFO  impl.SimpleStateMachine4Testing (SimpleStateMachine4Testing.java:put(207)) - s0: put 151, m75 -> (t:1, i:151), STATEMACHINELOGENTRY, WRITE: logData.size=3, stateMachineData.size=17, logEntryProtoSerializedSize=0
2024-09-29 22:58:11,271 [s0@group-ADEFD529BBEB-StateMachineUpdater] INFO  impl.SimpleStateMachine4Testing (SimpleStateMachine4Testing.java:applyTransaction(251)) - applyTransaction for log index 153
2024-09-29 22:58:11,271 [s0@group-ADEFD529BBEB-StateMachineUpdater] INFO  impl.SimpleStateMachine4Testing (SimpleStateMachine4Testing.java:put(207)) - s0: put 153, m76 -> (t:1, i:153), STATEMACHINELOGENTRY, WRITE: logData.size=3, stateMachineData.size=17, logEntryProtoSerializedSize=0
2024-09-29 22:58:11,273 [s0@group-ADEFD529BBEB-StateMachineUpdater] INFO  impl.SimpleStateMachine4Testing (SimpleStateMachine4Testing.java:applyTransaction(251)) - applyTransaction for log index 155
2024-09-29 22:58:11,273 [s0@group-ADEFD529BBEB-StateMachineUpdater] INFO  impl.SimpleStateMachine4Testing (SimpleStateMachine4Testing.java:put(207)) - s0: put 155, m77 -> (t:1, i:155), STATEMACHINELOGENTRY, WRITE: logData.size=3, stateMachineData.size=17, logEntryProtoSerializedSize=0
2024-09-29 22:58:11,274 [s0@group-ADEFD529BBEB-StateMachineUpdater] INFO  impl.SimpleStateMachine4Testing (SimpleStateMachine4Testing.java:applyTransaction(251)) - applyTransaction for log index 157
2024-09-29 22:58:11,274 [s0@group-ADEFD529BBEB-StateMachineUpdater] INFO  impl.SimpleStateMachine4Testing (SimpleStateMachine4Testing.java:put(207)) - s0: put 157, m78 -> (t:1, i:157), STATEMACHINELOGENTRY, WRITE: logData.size=3, stateMachineData.size=17, logEntryProtoSerializedSize=0
2024-09-29 22:58:11,276 [s0@group-ADEFD529BBEB-StateMachineUpdater] INFO  impl.SimpleStateMachine4Testing (SimpleStateMachine4Testing.java:applyTransaction(251)) - applyTransaction for log index 159
2024-09-29 22:58:11,276 [s0@group-ADEFD529BBEB-StateMachineUpdater] INFO  impl.SimpleStateMachine4Testing (SimpleStateMachine4Testing.java:put(207)) - s0: put 159, m79 -> (t:1, i:159), STATEMACHINELOGENTRY, WRITE: logData.size=3, stateMachineData.size=17, logEntryProtoSerializedSize=0
2024-09-29 22:58:11,277 [s0@group-ADEFD529BBEB-StateMachineUpdater] INFO  impl.SimpleStateMachine4Testing (SimpleStateMachine4Testing.java:applyTransaction(251)) - applyTransaction for log index 161
2024-09-29 22:58:11,277 [s0@group-ADEFD529BBEB-StateMachineUpdater] INFO  impl.SimpleStateMachine4Testing (SimpleStateMachine4Testing.java:put(207)) - s0: put 161, m80 -> (t:1, i:161), STATEMACHINELOGENTRY, WRITE: logData.size=3, stateMachineData.size=17, logEntryProtoSerializedSize=0
2024-09-29 22:58:11,279 [s0@group-ADEFD529BBEB-StateMachineUpdater] INFO  impl.SimpleStateMachine4Testing (SimpleStateMachine4Testing.java:applyTransaction(251)) - applyTransaction for log index 163
2024-09-29 22:58:11,279 [s0@group-ADEFD529BBEB-StateMachineUpdater] INFO  impl.SimpleStateMachine4Testing (SimpleStateMachine4Testing.java:put(207)) - s0: put 163, m81 -> (t:1, i:163), STATEMACHINELOGENTRY, WRITE: logData.size=3, stateMachineData.size=17, logEntryProtoSerializedSize=0
2024-09-29 22:58:11,280 [s0@group-ADEFD529BBEB-StateMachineUpdater] INFO  impl.SimpleStateMachine4Testing (SimpleStateMachine4Testing.java:applyTransaction(251)) - applyTransaction for log index 165
2024-09-29 22:58:11,280 [s0@group-ADEFD529BBEB-StateMachineUpdater] INFO  impl.SimpleStateMachine4Testing (SimpleStateMachine4Testing.java:put(207)) - s0: put 165, m82 -> (t:1, i:165), STATEMACHINELOGENTRY, WRITE: logData.size=3, stateMachineData.size=17, logEntryProtoSerializedSize=0
2024-09-29 22:58:11,282 [s0@group-ADEFD529BBEB-StateMachineUpdater] INFO  impl.SimpleStateMachine4Testing (SimpleStateMachine4Testing.java:applyTransaction(251)) - applyTransaction for log index 167
2024-09-29 22:58:11,282 [s0@group-ADEFD529BBEB-StateMachineUpdater] INFO  impl.SimpleStateMachine4Testing (SimpleStateMachine4Testing.java:put(207)) - s0: put 167, m83 -> (t:1, i:167), STATEMACHINELOGENTRY, WRITE: logData.size=3, stateMachineData.size=17, logEntryProtoSerializedSize=0
2024-09-29 22:58:11,283 [s0@group-ADEFD529BBEB-StateMachineUpdater] INFO  impl.SimpleStateMachine4Testing (SimpleStateMachine4Testing.java:applyTransaction(251)) - applyTransaction for log index 169
2024-09-29 22:58:11,283 [s0@group-ADEFD529BBEB-StateMachineUpdater] INFO  impl.SimpleStateMachine4Testing (SimpleStateMachine4Testing.java:put(207)) - s0: put 169, m84 -> (t:1, i:169), STATEMACHINELOGENTRY, WRITE: logData.size=3, stateMachineData.size=17, logEntryProtoSerializedSize=0
2024-09-29 22:58:11,285 [s0@group-ADEFD529BBEB-StateMachineUpdater] INFO  impl.SimpleStateMachine4Testing (SimpleStateMachine4Testing.java:applyTransaction(251)) - applyTransaction for log index 171
2024-09-29 22:58:11,285 [s0@group-ADEFD529BBEB-StateMachineUpdater] INFO  impl.SimpleStateMachine4Testing (SimpleStateMachine4Testing.java:put(207)) - s0: put 171, m85 -> (t:1, i:171), STATEMACHINELOGENTRY, WRITE: logData.size=3, stateMachineData.size=17, logEntryProtoSerializedSize=0
2024-09-29 22:58:11,287 [s0@group-ADEFD529BBEB-StateMachineUpdater] INFO  impl.SimpleStateMachine4Testing (SimpleStateMachine4Testing.java:applyTransaction(251)) - applyTransaction for log index 173
2024-09-29 22:58:11,287 [s0@group-ADEFD529BBEB-StateMachineUpdater] INFO  impl.SimpleStateMachine4Testing (SimpleStateMachine4Testing.java:put(207)) - s0: put 173, m86 -> (t:1, i:173), STATEMACHINELOGENTRY, WRITE: logData.size=3, stateMachineData.size=17, logEntryProtoSerializedSize=0
2024-09-29 22:58:11,288 [s0@group-ADEFD529BBEB-StateMachineUpdater] INFO  impl.SimpleStateMachine4Testing (SimpleStateMachine4Testing.java:applyTransaction(251)) - applyTransaction for log index 175
2024-09-29 22:58:11,288 [s0@group-ADEFD529BBEB-StateMachineUpdater] INFO  impl.SimpleStateMachine4Testing (SimpleStateMachine4Testing.java:put(207)) - s0: put 175, m87 -> (t:1, i:175), STATEMACHINELOGENTRY, WRITE: logData.size=3, stateMachineData.size=17, logEntryProtoSerializedSize=0
2024-09-29 22:58:11,290 [s0@group-ADEFD529BBEB-StateMachineUpdater] INFO  impl.SimpleStateMachine4Testing (SimpleStateMachine4Testing.java:applyTransaction(251)) - applyTransaction for log index 177
2024-09-29 22:58:11,290 [s0@group-ADEFD529BBEB-StateMachineUpdater] INFO  impl.SimpleStateMachine4Testing (SimpleStateMachine4Testing.java:put(207)) - s0: put 177, m88 -> (t:1, i:177), STATEMACHINELOGENTRY, WRITE: logData.size=3, stateMachineData.size=17, logEntryProtoSerializedSize=0
2024-09-29 22:58:11,292 [s0@group-ADEFD529BBEB-StateMachineUpdater] INFO  impl.SimpleStateMachine4Testing (SimpleStateMachine4Testing.java:applyTransaction(251)) - applyTransaction for log index 179
2024-09-29 22:58:11,292 [s0@group-ADEFD529BBEB-StateMachineUpdater] INFO  impl.SimpleStateMachine4Testing (SimpleStateMachine4Testing.java:put(207)) - s0: put 179, m89 -> (t:1, i:179), STATEMACHINELOGENTRY, WRITE: logData.size=3, stateMachineData.size=17, logEntryProtoSerializedSize=0
2024-09-29 22:58:11,294 [s0@group-ADEFD529BBEB-StateMachineUpdater] INFO  impl.SimpleStateMachine4Testing (SimpleStateMachine4Testing.java:applyTransaction(251)) - applyTransaction for log index 181
2024-09-29 22:58:11,294 [s0@group-ADEFD529BBEB-StateMachineUpdater] INFO  impl.SimpleStateMachine4Testing (SimpleStateMachine4Testing.java:put(207)) - s0: put 181, m90 -> (t:1, i:181), STATEMACHINELOGENTRY, WRITE: logData.size=3, stateMachineData.size=17, logEntryProtoSerializedSize=0
2024-09-29 22:58:11,295 [s0@group-ADEFD529BBEB-StateMachineUpdater] INFO  impl.SimpleStateMachine4Testing (SimpleStateMachine4Testing.java:applyTransaction(251)) - applyTransaction for log index 183
2024-09-29 22:58:11,295 [s0@group-ADEFD529BBEB-StateMachineUpdater] INFO  impl.SimpleStateMachine4Testing (SimpleStateMachine4Testing.java:put(207)) - s0: put 183, m91 -> (t:1, i:183), STATEMACHINELOGENTRY, WRITE: logData.size=3, stateMachineData.size=17, logEntryProtoSerializedSize=0
2024-09-29 22:58:11,297 [s0@group-ADEFD529BBEB-StateMachineUpdater] INFO  impl.SimpleStateMachine4Testing (SimpleStateMachine4Testing.java:applyTransaction(251)) - applyTransaction for log index 185
2024-09-29 22:58:11,297 [s0@group-ADEFD529BBEB-StateMachineUpdater] INFO  impl.SimpleStateMachine4Testing (SimpleStateMachine4Testing.java:put(207)) - s0: put 185, m92 -> (t:1, i:185), STATEMACHINELOGENTRY, WRITE: logData.size=3, stateMachineData.size=17, logEntryProtoSerializedSize=0
2024-09-29 22:58:11,299 [s0@group-ADEFD529BBEB-StateMachineUpdater] INFO  impl.SimpleStateMachine4Testing (SimpleStateMachine4Testing.java:applyTransaction(251)) - applyTransaction for log index 187
2024-09-29 22:58:11,299 [s0@group-ADEFD529BBEB-StateMachineUpdater] INFO  impl.SimpleStateMachine4Testing (SimpleStateMachine4Testing.java:put(207)) - s0: put 187, m93 -> (t:1, i:187), STATEMACHINELOGENTRY, WRITE: logData.size=3, stateMachineData.size=17, logEntryProtoSerializedSize=0
2024-09-29 22:58:11,301 [s0@group-ADEFD529BBEB-StateMachineUpdater] INFO  impl.SimpleStateMachine4Testing (SimpleStateMachine4Testing.java:applyTransaction(251)) - applyTransaction for log index 189
2024-09-29 22:58:11,301 [s0@group-ADEFD529BBEB-StateMachineUpdater] INFO  impl.SimpleStateMachine4Testing (SimpleStateMachine4Testing.java:put(207)) - s0: put 189, m94 -> (t:1, i:189), STATEMACHINELOGENTRY, WRITE: logData.size=3, stateMachineData.size=17, logEntryProtoSerializedSize=0
2024-09-29 22:58:11,303 [s0@group-ADEFD529BBEB-StateMachineUpdater] INFO  impl.SimpleStateMachine4Testing (SimpleStateMachine4Testing.java:applyTransaction(251)) - applyTransaction for log index 191
2024-09-29 22:58:11,303 [s0@group-ADEFD529BBEB-StateMachineUpdater] INFO  impl.SimpleStateMachine4Testing (SimpleStateMachine4Testing.java:put(207)) - s0: put 191, m95 -> (t:1, i:191), STATEMACHINELOGENTRY, WRITE: logData.size=3, stateMachineData.size=17, logEntryProtoSerializedSize=0
2024-09-29 22:58:11,303 [s0@group-ADEFD529BBEB-StateMachineUpdater] TRACE util.FileUtils (FileUtils.java:deleteFully(305)) - deleteFully /tmp/ratis-tests/statemachine/s0/snapshot/1_191
2024-09-29 22:58:11,303 [s0@group-ADEFD529BBEB-StateMachineUpdater] TRACE util.FileUtils (FileUtils.java:deleteFully(318)) - deleteFully: /tmp/ratis-tests/statemachine/s0/snapshot/1_191 does not exist.
2024-09-29 22:58:11,303 [s0@group-ADEFD529BBEB-StateMachineUpdater] TRACE util.FileUtils (FileUtils.java:deleteFully(305)) - deleteFully /tmp/ratis-tests/statemachine/s0/tmp/c3bd02d7-09c8-4f7a-9212-f59d32f11525
2024-09-29 22:58:11,303 [s0@group-ADEFD529BBEB-StateMachineUpdater] TRACE util.FileUtils (FileUtils.java:deleteFully(318)) - deleteFully: /tmp/ratis-tests/statemachine/s0/tmp/c3bd02d7-09c8-4f7a-9212-f59d32f11525 does not exist.
2024-09-29 22:58:11,304 [s0@group-ADEFD529BBEB-StateMachineUpdater] TRACE util.FileUtils (LogUtils.java:runAndLog(49)) - Successfully ran Atomic Files.move /tmp/ratis-tests/statemachine/s0/tmp/c3bd02d7-09c8-4f7a-9212-f59d32f11525 to /tmp/ratis-tests/statemachine/s0/snapshot/1_191
2024-09-29 22:58:11,304 [s0@group-ADEFD529BBEB-StateMachineUpdater] INFO  impl.StateMachineUpdater (StateMachineUpdater.java:takeSnapshot(308)) - s0@group-ADEFD529BBEB-StateMachineUpdater: Took a snapshot at index 191
2024-09-29 22:58:11,304 [s0@group-ADEFD529BBEB-StateMachineUpdater] INFO  impl.StateMachineUpdater (StateMachineUpdater.java:lambda$new$0(102)) - s0@group-ADEFD529BBEB-StateMachineUpdater: snapshotIndex: updateIncreasingly 127 -> 191
2024-09-29 22:58:11,304 [s0@group-ADEFD529BBEB-StateMachineUpdater] INFO  raftlog.RaftLog (RaftLogBase.java:purge(329)) - s0@group-ADEFD529BBEB-SegmentedRaftLog: purge 191
2024-09-29 22:58:11,307 [s0@group-ADEFD529BBEB-StateMachineUpdater] INFO  raftlog.RaftLog (RaftLogBase.java:lambda$new$0(57)) - s0@group-ADEFD529BBEB-SegmentedRaftLog: snapshotIndex: updateIncreasingly 127 -> 191
2024-09-29 22:58:11,307 [s0@group-ADEFD529BBEB-StateMachineUpdater] INFO  raftlog.RaftLog (RaftLogBase.java:lambda$new$0(57)) - s0@group-ADEFD529BBEB-SegmentedRaftLog: purgeIndex: updateToMax old=127, new=191, updated? true
2024-09-29 22:58:11,308 [s0@group-ADEFD529BBEB-StateMachineUpdater] INFO  impl.SimpleStateMachine4Testing (SimpleStateMachine4Testing.java:applyTransaction(251)) - applyTransaction for log index 193
2024-09-29 22:58:11,308 [s0@group-ADEFD529BBEB-StateMachineUpdater] INFO  impl.SimpleStateMachine4Testing (SimpleStateMachine4Testing.java:put(207)) - s0: put 193, m96 -> (t:1, i:193), STATEMACHINELOGENTRY, WRITE: logData.size=3, stateMachineData.size=17, logEntryProtoSerializedSize=0
2024-09-29 22:58:11,310 [s0@group-ADEFD529BBEB-StateMachineUpdater] INFO  impl.SimpleStateMachine4Testing (SimpleStateMachine4Testing.java:applyTransaction(251)) - applyTransaction for log index 195
2024-09-29 22:58:11,310 [s0@group-ADEFD529BBEB-StateMachineUpdater] INFO  impl.SimpleStateMachine4Testing (SimpleStateMachine4Testing.java:put(207)) - s0: put 195, m97 -> (t:1, i:195), STATEMACHINELOGENTRY, WRITE: logData.size=3, stateMachineData.size=17, logEntryProtoSerializedSize=0
2024-09-29 22:58:11,311 [s0@group-ADEFD529BBEB-StateMachineUpdater] INFO  impl.SimpleStateMachine4Testing (SimpleStateMachine4Testing.java:applyTransaction(251)) - applyTransaction for log index 197
2024-09-29 22:58:11,311 [s0@group-ADEFD529BBEB-StateMachineUpdater] INFO  impl.SimpleStateMachine4Testing (SimpleStateMachine4Testing.java:put(207)) - s0: put 197, m98 -> (t:1, i:197), STATEMACHINELOGENTRY, WRITE: logData.size=3, stateMachineData.size=17, logEntryProtoSerializedSize=0
2024-09-29 22:58:11,313 [s0@group-ADEFD529BBEB-StateMachineUpdater] INFO  impl.SimpleStateMachine4Testing (SimpleStateMachine4Testing.java:applyTransaction(251)) - applyTransaction for log index 199
2024-09-29 22:58:11,313 [s0@group-ADEFD529BBEB-StateMachineUpdater] INFO  impl.SimpleStateMachine4Testing (SimpleStateMachine4Testing.java:put(207)) - s0: put 199, m99 -> (t:1, i:199), STATEMACHINELOGENTRY, WRITE: logData.size=3, stateMachineData.size=17, logEntryProtoSerializedSize=0
2024-09-29 22:58:11,315 [s0@group-ADEFD529BBEB-StateMachineUpdater] INFO  impl.SimpleStateMachine4Testing (SimpleStateMachine4Testing.java:applyTransaction(251)) - applyTransaction for log index 201
2024-09-29 22:58:11,315 [s0@group-ADEFD529BBEB-StateMachineUpdater] INFO  impl.SimpleStateMachine4Testing (SimpleStateMachine4Testing.java:put(207)) - s0: put 201, m100 -> (t:1, i:201), STATEMACHINELOGENTRY, WRITE: logData.size=4, stateMachineData.size=17, logEntryProtoSerializedSize=0
2024-09-29 22:58:11,316 [s0@group-ADEFD529BBEB-StateMachineUpdater] INFO  impl.SimpleStateMachine4Testing (SimpleStateMachine4Testing.java:applyTransaction(251)) - applyTransaction for log index 203
2024-09-29 22:58:11,316 [s0@group-ADEFD529BBEB-StateMachineUpdater] INFO  impl.SimpleStateMachine4Testing (SimpleStateMachine4Testing.java:put(207)) - s0: put 203, m101 -> (t:1, i:203), STATEMACHINELOGENTRY, WRITE: logData.size=4, stateMachineData.size=17, logEntryProtoSerializedSize=0
2024-09-29 22:58:11,318 [s0@group-ADEFD529BBEB-StateMachineUpdater] INFO  impl.SimpleStateMachine4Testing (SimpleStateMachine4Testing.java:applyTransaction(251)) - applyTransaction for log index 205
2024-09-29 22:58:11,319 [s0@group-ADEFD529BBEB-StateMachineUpdater] INFO  impl.SimpleStateMachine4Testing (SimpleStateMachine4Testing.java:put(207)) - s0: put 205, m102 -> (t:1, i:205), STATEMACHINELOGENTRY, WRITE: logData.size=4, stateMachineData.size=17, logEntryProtoSerializedSize=0
2024-09-29 22:58:11,321 [s0@group-ADEFD529BBEB-StateMachineUpdater] INFO  impl.SimpleStateMachine4Testing (SimpleStateMachine4Testing.java:applyTransaction(251)) - applyTransaction for log index 207
2024-09-29 22:58:11,321 [s0@group-ADEFD529BBEB-StateMachineUpdater] INFO  impl.SimpleStateMachine4Testing (SimpleStateMachine4Testing.java:put(207)) - s0: put 207, m103 -> (t:1, i:207), STATEMACHINELOGENTRY, WRITE: logData.size=4, stateMachineData.size=17, logEntryProtoSerializedSize=0
2024-09-29 22:58:11,322 [s0@group-ADEFD529BBEB-StateMachineUpdater] INFO  impl.SimpleStateMachine4Testing (SimpleStateMachine4Testing.java:applyTransaction(251)) - applyTransaction for log index 209
2024-09-29 22:58:11,322 [s0@group-ADEFD529BBEB-StateMachineUpdater] INFO  impl.SimpleStateMachine4Testing (SimpleStateMachine4Testing.java:put(207)) - s0: put 209, m104 -> (t:1, i:209), STATEMACHINELOGENTRY, WRITE: logData.size=4, stateMachineData.size=17, logEntryProtoSerializedSize=0
2024-09-29 22:58:11,324 [s0@group-ADEFD529BBEB-StateMachineUpdater] INFO  impl.SimpleStateMachine4Testing (SimpleStateMachine4Testing.java:applyTransaction(251)) - applyTransaction for log index 211
2024-09-29 22:58:11,324 [s0@group-ADEFD529BBEB-StateMachineUpdater] INFO  impl.SimpleStateMachine4Testing (SimpleStateMachine4Testing.java:put(207)) - s0: put 211, m105 -> (t:1, i:211), STATEMACHINELOGENTRY, WRITE: logData.size=4, stateMachineData.size=17, logEntryProtoSerializedSize=0
2024-09-29 22:58:11,329 [s0@group-ADEFD529BBEB-StateMachineUpdater] INFO  impl.SimpleStateMachine4Testing (SimpleStateMachine4Testing.java:applyTransaction(251)) - applyTransaction for log index 213
2024-09-29 22:58:11,329 [s0@group-ADEFD529BBEB-StateMachineUpdater] INFO  impl.SimpleStateMachine4Testing (SimpleStateMachine4Testing.java:put(207)) - s0: put 213, m106 -> (t:1, i:213), STATEMACHINELOGENTRY, WRITE: logData.size=4, stateMachineData.size=17, logEntryProtoSerializedSize=0
2024-09-29 22:58:11,331 [s0@group-ADEFD529BBEB-StateMachineUpdater] INFO  impl.SimpleStateMachine4Testing (SimpleStateMachine4Testing.java:applyTransaction(251)) - applyTransaction for log index 215
2024-09-29 22:58:11,331 [s0@group-ADEFD529BBEB-StateMachineUpdater] INFO  impl.SimpleStateMachine4Testing (SimpleStateMachine4Testing.java:put(207)) - s0: put 215, m107 -> (t:1, i:215), STATEMACHINELOGENTRY, WRITE: logData.size=4, stateMachineData.size=17, logEntryProtoSerializedSize=0
2024-09-29 22:58:11,332 [s0@group-ADEFD529BBEB-StateMachineUpdater] INFO  impl.SimpleStateMachine4Testing (SimpleStateMachine4Testing.java:applyTransaction(251)) - applyTransaction for log index 217
2024-09-29 22:58:11,332 [s0@group-ADEFD529BBEB-StateMachineUpdater] INFO  impl.SimpleStateMachine4Testing (SimpleStateMachine4Testing.java:put(207)) - s0: put 217, m108 -> (t:1, i:217), STATEMACHINELOGENTRY, WRITE: logData.size=4, stateMachineData.size=17, logEntryProtoSerializedSize=0
2024-09-29 22:58:11,334 [s0@group-ADEFD529BBEB-StateMachineUpdater] INFO  impl.SimpleStateMachine4Testing (SimpleStateMachine4Testing.java:applyTransaction(251)) - applyTransaction for log index 219
2024-09-29 22:58:11,334 [s0@group-ADEFD529BBEB-StateMachineUpdater] INFO  impl.SimpleStateMachine4Testing (SimpleStateMachine4Testing.java:put(207)) - s0: put 219, m109 -> (t:1, i:219), STATEMACHINELOGENTRY, WRITE: logData.size=4, stateMachineData.size=17, logEntryProtoSerializedSize=0
2024-09-29 22:58:11,338 [s0@group-ADEFD529BBEB-StateMachineUpdater] INFO  impl.SimpleStateMachine4Testing (SimpleStateMachine4Testing.java:applyTransaction(251)) - applyTransaction for log index 221
2024-09-29 22:58:11,338 [s0@group-ADEFD529BBEB-StateMachineUpdater] INFO  impl.SimpleStateMachine4Testing (SimpleStateMachine4Testing.java:put(207)) - s0: put 221, m110 -> (t:1, i:221), STATEMACHINELOGENTRY, WRITE: logData.size=4, stateMachineData.size=17, logEntryProtoSerializedSize=0
2024-09-29 22:58:11,339 [s0@group-ADEFD529BBEB-StateMachineUpdater] INFO  impl.SimpleStateMachine4Testing (SimpleStateMachine4Testing.java:applyTransaction(251)) - applyTransaction for log index 223
2024-09-29 22:58:11,339 [s0@group-ADEFD529BBEB-StateMachineUpdater] INFO  impl.SimpleStateMachine4Testing (SimpleStateMachine4Testing.java:put(207)) - s0: put 223, m111 -> (t:1, i:223), STATEMACHINELOGENTRY, WRITE: logData.size=4, stateMachineData.size=17, logEntryProtoSerializedSize=0
2024-09-29 22:58:11,341 [s0@group-ADEFD529BBEB-StateMachineUpdater] INFO  impl.SimpleStateMachine4Testing (SimpleStateMachine4Testing.java:applyTransaction(251)) - applyTransaction for log index 225
2024-09-29 22:58:11,341 [s0@group-ADEFD529BBEB-StateMachineUpdater] INFO  impl.SimpleStateMachine4Testing (SimpleStateMachine4Testing.java:put(207)) - s0: put 225, m112 -> (t:1, i:225), STATEMACHINELOGENTRY, WRITE: logData.size=4, stateMachineData.size=17, logEntryProtoSerializedSize=0
2024-09-29 22:58:11,343 [s0@group-ADEFD529BBEB-StateMachineUpdater] INFO  impl.SimpleStateMachine4Testing (SimpleStateMachine4Testing.java:applyTransaction(251)) - applyTransaction for log index 227
2024-09-29 22:58:11,343 [s0@group-ADEFD529BBEB-StateMachineUpdater] INFO  impl.SimpleStateMachine4Testing (SimpleStateMachine4Testing.java:put(207)) - s0: put 227, m113 -> (t:1, i:227), STATEMACHINELOGENTRY, WRITE: logData.size=4, stateMachineData.size=17, logEntryProtoSerializedSize=0
2024-09-29 22:58:11,345 [s0@group-ADEFD529BBEB-StateMachineUpdater] INFO  impl.SimpleStateMachine4Testing (SimpleStateMachine4Testing.java:applyTransaction(251)) - applyTransaction for log index 229
2024-09-29 22:58:11,345 [s0@group-ADEFD529BBEB-StateMachineUpdater] INFO  impl.SimpleStateMachine4Testing (SimpleStateMachine4Testing.java:put(207)) - s0: put 229, m114 -> (t:1, i:229), STATEMACHINELOGENTRY, WRITE: logData.size=4, stateMachineData.size=17, logEntryProtoSerializedSize=0
2024-09-29 22:58:11,346 [s0@group-ADEFD529BBEB-StateMachineUpdater] INFO  impl.SimpleStateMachine4Testing (SimpleStateMachine4Testing.java:applyTransaction(251)) - applyTransaction for log index 231
2024-09-29 22:58:11,346 [s0@group-ADEFD529BBEB-StateMachineUpdater] INFO  impl.SimpleStateMachine4Testing (SimpleStateMachine4Testing.java:put(207)) - s0: put 231, m115 -> (t:1, i:231), STATEMACHINELOGENTRY, WRITE: logData.size=4, stateMachineData.size=17, logEntryProtoSerializedSize=0
2024-09-29 22:58:11,348 [s0@group-ADEFD529BBEB-StateMachineUpdater] INFO  impl.SimpleStateMachine4Testing (SimpleStateMachine4Testing.java:applyTransaction(251)) - applyTransaction for log index 233
2024-09-29 22:58:11,348 [s0@group-ADEFD529BBEB-StateMachineUpdater] INFO  impl.SimpleStateMachine4Testing (SimpleStateMachine4Testing.java:put(207)) - s0: put 233, m116 -> (t:1, i:233), STATEMACHINELOGENTRY, WRITE: logData.size=4, stateMachineData.size=17, logEntryProtoSerializedSize=0
2024-09-29 22:58:11,349 [s0@group-ADEFD529BBEB-StateMachineUpdater] INFO  impl.SimpleStateMachine4Testing (SimpleStateMachine4Testing.java:applyTransaction(251)) - applyTransaction for log index 235
2024-09-29 22:58:11,349 [s0@group-ADEFD529BBEB-StateMachineUpdater] INFO  impl.SimpleStateMachine4Testing (SimpleStateMachine4Testing.java:put(207)) - s0: put 235, m117 -> (t:1, i:235), STATEMACHINELOGENTRY, WRITE: logData.size=4, stateMachineData.size=17, logEntryProtoSerializedSize=0
2024-09-29 22:58:11,351 [s0@group-ADEFD529BBEB-StateMachineUpdater] INFO  impl.SimpleStateMachine4Testing (SimpleStateMachine4Testing.java:applyTransaction(251)) - applyTransaction for log index 237
2024-09-29 22:58:11,351 [s0@group-ADEFD529BBEB-StateMachineUpdater] INFO  impl.SimpleStateMachine4Testing (SimpleStateMachine4Testing.java:put(207)) - s0: put 237, m118 -> (t:1, i:237), STATEMACHINELOGENTRY, WRITE: logData.size=4, stateMachineData.size=17, logEntryProtoSerializedSize=0
2024-09-29 22:58:11,352 [s0@group-ADEFD529BBEB-StateMachineUpdater] INFO  impl.SimpleStateMachine4Testing (SimpleStateMachine4Testing.java:applyTransaction(251)) - applyTransaction for log index 239
2024-09-29 22:58:11,352 [s0@group-ADEFD529BBEB-StateMachineUpdater] INFO  impl.SimpleStateMachine4Testing (SimpleStateMachine4Testing.java:put(207)) - s0: put 239, m119 -> (t:1, i:239), STATEMACHINELOGENTRY, WRITE: logData.size=4, stateMachineData.size=17, logEntryProtoSerializedSize=0
2024-09-29 22:58:11,353 [s0@group-ADEFD529BBEB-StateMachineUpdater] INFO  impl.SimpleStateMachine4Testing (SimpleStateMachine4Testing.java:applyTransaction(251)) - applyTransaction for log index 241
2024-09-29 22:58:11,353 [s0@group-ADEFD529BBEB-StateMachineUpdater] INFO  impl.SimpleStateMachine4Testing (SimpleStateMachine4Testing.java:put(207)) - s0: put 241, m120 -> (t:1, i:241), STATEMACHINELOGENTRY, WRITE: logData.size=4, stateMachineData.size=17, logEntryProtoSerializedSize=0
2024-09-29 22:58:11,355 [s0@group-ADEFD529BBEB-StateMachineUpdater] INFO  impl.SimpleStateMachine4Testing (SimpleStateMachine4Testing.java:applyTransaction(251)) - applyTransaction for log index 243
2024-09-29 22:58:11,355 [s0@group-ADEFD529BBEB-StateMachineUpdater] INFO  impl.SimpleStateMachine4Testing (SimpleStateMachine4Testing.java:put(207)) - s0: put 243, m121 -> (t:1, i:243), STATEMACHINELOGENTRY, WRITE: logData.size=4, stateMachineData.size=17, logEntryProtoSerializedSize=0
2024-09-29 22:58:11,356 [s0@group-ADEFD529BBEB-StateMachineUpdater] INFO  impl.SimpleStateMachine4Testing (SimpleStateMachine4Testing.java:applyTransaction(251)) - applyTransaction for log index 245
2024-09-29 22:58:11,356 [s0@group-ADEFD529BBEB-StateMachineUpdater] INFO  impl.SimpleStateMachine4Testing (SimpleStateMachine4Testing.java:put(207)) - s0: put 245, m122 -> (t:1, i:245), STATEMACHINELOGENTRY, WRITE: logData.size=4, stateMachineData.size=17, logEntryProtoSerializedSize=0
2024-09-29 22:58:11,357 [s0@group-ADEFD529BBEB-StateMachineUpdater] INFO  impl.SimpleStateMachine4Testing (SimpleStateMachine4Testing.java:applyTransaction(251)) - applyTransaction for log index 247
2024-09-29 22:58:11,357 [s0@group-ADEFD529BBEB-StateMachineUpdater] INFO  impl.SimpleStateMachine4Testing (SimpleStateMachine4Testing.java:put(207)) - s0: put 247, m123 -> (t:1, i:247), STATEMACHINELOGENTRY, WRITE: logData.size=4, stateMachineData.size=17, logEntryProtoSerializedSize=0
2024-09-29 22:58:11,359 [s0@group-ADEFD529BBEB-StateMachineUpdater] INFO  impl.SimpleStateMachine4Testing (SimpleStateMachine4Testing.java:applyTransaction(251)) - applyTransaction for log index 249
2024-09-29 22:58:11,359 [s0@group-ADEFD529BBEB-StateMachineUpdater] INFO  impl.SimpleStateMachine4Testing (SimpleStateMachine4Testing.java:put(207)) - s0: put 249, m124 -> (t:1, i:249), STATEMACHINELOGENTRY, WRITE: logData.size=4, stateMachineData.size=17, logEntryProtoSerializedSize=0
2024-09-29 22:58:11,360 [s0@group-ADEFD529BBEB-StateMachineUpdater] INFO  impl.SimpleStateMachine4Testing (SimpleStateMachine4Testing.java:applyTransaction(251)) - applyTransaction for log index 251
2024-09-29 22:58:11,360 [s0@group-ADEFD529BBEB-StateMachineUpdater] INFO  impl.SimpleStateMachine4Testing (SimpleStateMachine4Testing.java:put(207)) - s0: put 251, m125 -> (t:1, i:251), STATEMACHINELOGENTRY, WRITE: logData.size=4, stateMachineData.size=17, logEntryProtoSerializedSize=0
2024-09-29 22:58:11,362 [s0@group-ADEFD529BBEB-StateMachineUpdater] INFO  impl.SimpleStateMachine4Testing (SimpleStateMachine4Testing.java:applyTransaction(251)) - applyTransaction for log index 253
2024-09-29 22:58:11,362 [s0@group-ADEFD529BBEB-StateMachineUpdater] INFO  impl.SimpleStateMachine4Testing (SimpleStateMachine4Testing.java:put(207)) - s0: put 253, m126 -> (t:1, i:253), STATEMACHINELOGENTRY, WRITE: logData.size=4, stateMachineData.size=17, logEntryProtoSerializedSize=0
2024-09-29 22:58:11,365 [s0-server-thread1] INFO  server.RaftServer$Division (RaftServerImpl.java:takeSnapshotAsync(1259)) - s0@group-ADEFD529BBEB: takeSnapshotAsync SnapshotManagementRequest:client-5C68D1D66BA6->s0@group-ADEFD529BBEB, cid=783, seq=null, RO, null, Create:
2024-09-29 22:58:11,365 [s0-server-thread1] INFO  server.RaftServerConfigKeys (ConfUtils.java:logGet(46)) - raft.server.snapshot.creation.gap = 1024 (default)
2024-09-29 22:58:11,367 [main] INFO  impl.MiniRaftCluster (MiniRaftCluster.java:addNewPeers(468)) - Add new peers [s1, s2]
2024-09-29 22:58:11,368 [main] INFO  impl.MiniRaftCluster (MiniRaftCluster.java:newRaftServer(386)) - newRaftServer: s1, group-ADEFD529BBEB:[], format? true
2024-09-29 22:58:11,368 [main] TRACE util.FileUtils (FileUtils.java:deleteFully(305)) - deleteFully target/test/data/f7ba0e94/MiniRaftClusterWithGrpc7e5615dc/s1
2024-09-29 22:58:11,368 [main] TRACE util.FileUtils (FileUtils.java:deleteFully(318)) - deleteFully: target/test/data/f7ba0e94/MiniRaftClusterWithGrpc7e5615dc/s1 does not exist.
2024-09-29 22:58:11,368 [main] INFO  impl.MiniRaftCluster (MiniRaftCluster.java:newRaftServer(391)) - Formatted directory target/test/data/f7ba0e94/MiniRaftClusterWithGrpc7e5615dc/s1
2024-09-29 22:58:11,369 [main] INFO  server.RaftServer (ConfUtils.java:logGet(46)) - raft.rpc.type = GRPC (default)
2024-09-29 22:58:11,369 [main] INFO  grpc.GrpcConfigKeys (ConfUtils.java:logFallback(53)) - raft.grpc.admin.host = null (fallback to raft.grpc.server.host)
2024-09-29 22:58:11,369 [main] INFO  grpc.GrpcConfigKeys (ConfUtils.java:logFallback(53)) - raft.grpc.admin.port = 15050 (fallback to raft.grpc.server.port)
2024-09-29 22:58:11,369 [main] INFO  grpc.GrpcConfigKeys (ConfUtils.java:logFallback(53)) - raft.grpc.client.host = null (fallback to raft.grpc.server.host)
2024-09-29 22:58:11,370 [main] INFO  grpc.GrpcConfigKeys (ConfUtils.java:logFallback(53)) - raft.grpc.client.port = 15050 (fallback to raft.grpc.server.port)
2024-09-29 22:58:11,370 [main] INFO  grpc.GrpcConfigKeys (ConfUtils.java:logGet(46)) - raft.grpc.server.host = null (default)
2024-09-29 22:58:11,370 [main] INFO  grpc.GrpcConfigKeys (ConfUtils.java:logGet(46)) - raft.grpc.server.port = 15050 (custom)
2024-09-29 22:58:11,370 [main] INFO  server.GrpcService (ConfUtils.java:logGet(46)) - raft.grpc.message.size.max = 64MB (=67108864) (default)
2024-09-29 22:58:11,370 [main] INFO  server.GrpcService (ConfUtils.java:logGet(46)) - raft.grpc.flow.control.window = 1MB (=1048576) (default)
2024-09-29 22:58:11,371 [main] INFO  server.RaftServerConfigKeys (ConfUtils.java:logGet(46)) - raft.server.rpc.request.timeout = 3000ms (default)
2024-09-29 22:58:11,371 [main] INFO  grpc.GrpcConfigKeys (ConfUtils.java:logGet(46)) - raft.grpc.server.heartbeat.channel = true (default)
2024-09-29 22:58:11,371 [main] INFO  grpc.GrpcConfigKeys (ConfUtils.java:logGet(46)) - raft.grpc.server.zerocopy.enabled = true (custom)
2024-09-29 22:58:11,371 [main] INFO  server.RaftServerConfigKeys (ConfUtils.java:logGet(46)) - raft.server.log.appender.buffer.byte-limit = 4MB (=4194304) (default)
2024-09-29 22:58:11,371 [main] INFO  grpc.GrpcConfigKeys (ConfUtils.java:logGet(46)) - raft.grpc.server.async.request.thread.pool.cached = true (default)
2024-09-29 22:58:11,371 [main] INFO  grpc.GrpcConfigKeys (ConfUtils.java:logGet(46)) - raft.grpc.server.async.request.thread.pool.size = 32 (default)
2024-09-29 22:58:11,372 [main] INFO  impl.DataStreamServerImpl (ConfUtils.java:logGet(46)) - raft.datastream.type = DISABLED (default)
2024-09-29 22:58:11,372 [main] INFO  server.RaftServerConfigKeys (ConfUtils.java:logGet(46)) - raft.server.sleep.deviation.threshold = 300ms (default)
2024-09-29 22:58:11,372 [main] INFO  server.RaftServerConfigKeys (ConfUtils.java:logGet(46)) - raft.server.close.threshold = 60s (default)
2024-09-29 22:58:11,372 [main] INFO  server.RaftServerConfigKeys (ConfUtils.java:logGet(46)) - raft.server.leaderelection.leader.step-down.wait-time = 10s (default)
2024-09-29 22:58:11,373 [main] INFO  server.RaftServerConfigKeys (ConfUtils.java:logGet(46)) - raft.server.storage.dir = [/home/runner/work/ratis/ratis/ratis-test/target/test/data/f7ba0e94/MiniRaftClusterWithGrpc7e5615dc/s1] (custom)
2024-09-29 22:58:11,373 [main] INFO  server.RaftServerConfigKeys (ConfUtils.java:logGet(46)) - raft.server.threadpool.proxy.cached = true (default)
2024-09-29 22:58:11,373 [main] INFO  server.RaftServerConfigKeys (ConfUtils.java:logGet(46)) - raft.server.threadpool.proxy.size = 0 (default)
2024-09-29 22:58:11,374 [main] INFO  server.RaftServer (RaftServerProxy.java:addNew(101)) - s1: addNew group-ADEFD529BBEB:[] returns group-ADEFD529BBEB:java.util.concurrent.CompletableFuture@1b472cad[Not completed]
2024-09-29 22:58:11,374 [s1-groupManagement] INFO  server.RaftServerConfigKeys (ConfUtils.java:logGet(46)) - raft.server.log.segment.size.max = 32MB (=33554432) (default)
2024-09-29 22:58:11,374 [main] INFO  impl.MiniRaftCluster (MiniRaftCluster.java:newRaftServer(386)) - newRaftServer: s2, group-ADEFD529BBEB:[], format? true
2024-09-29 22:58:11,374 [main] TRACE util.FileUtils (FileUtils.java:deleteFully(305)) - deleteFully target/test/data/f7ba0e94/MiniRaftClusterWithGrpc7e5615dc/s2
2024-09-29 22:58:11,374 [s1-groupManagement] INFO  server.RaftServerConfigKeys (ConfUtils.java:logGet(46)) - raft.server.log.preallocated.size = 4MB (=4194304) (default)
2024-09-29 22:58:11,374 [main] TRACE util.FileUtils (FileUtils.java:deleteFully(318)) - deleteFully: target/test/data/f7ba0e94/MiniRaftClusterWithGrpc7e5615dc/s2 does not exist.
2024-09-29 22:58:11,374 [main] INFO  impl.MiniRaftCluster (MiniRaftCluster.java:newRaftServer(391)) - Formatted directory target/test/data/f7ba0e94/MiniRaftClusterWithGrpc7e5615dc/s2
2024-09-29 22:58:11,374 [s1-groupManagement] INFO  server.RaftServerConfigKeys (ConfUtils.java:logGet(46)) - raft.server.log.write.buffer.size = 8MB (=8388608) (default)
2024-09-29 22:58:11,375 [s1-groupManagement] INFO  server.RaftServer$Division (RaftServerImpl.java:<init>(255)) - s1: new RaftServerImpl for group-ADEFD529BBEB:[] with StateMachineWithSeparatedSnapshotPath:uninitialized
2024-09-29 22:58:11,375 [main] INFO  server.RaftServer (ConfUtils.java:logGet(46)) - raft.rpc.type = GRPC (default)
2024-09-29 22:58:11,375 [s1-groupManagement] INFO  server.RaftServerConfigKeys (ConfUtils.java:logGet(46)) - raft.server.rpc.timeout.min = 150ms (default)
2024-09-29 22:58:11,375 [main] INFO  grpc.GrpcConfigKeys (ConfUtils.java:logFallback(53)) - raft.grpc.admin.host = null (fallback to raft.grpc.server.host)
2024-09-29 22:58:11,375 [s1-groupManagement] INFO  server.RaftServerConfigKeys (ConfUtils.java:logGet(46)) - raft.server.rpc.timeout.max = 300ms (default)
2024-09-29 22:58:11,375 [main] INFO  grpc.GrpcConfigKeys (ConfUtils.java:logFallback(53)) - raft.grpc.admin.port = 15051 (fallback to raft.grpc.server.port)
2024-09-29 22:58:11,375 [s1-groupManagement] INFO  server.RaftServerConfigKeys (ConfUtils.java:logGet(46)) - raft.server.rpc.sleep.time = 25ms (default)
2024-09-29 22:58:11,375 [main] INFO  grpc.GrpcConfigKeys (ConfUtils.java:logFallback(53)) - raft.grpc.client.host = null (fallback to raft.grpc.server.host)
2024-09-29 22:58:11,375 [s1-groupManagement] INFO  server.RaftServerConfigKeys (ConfUtils.java:logGet(46)) - raft.server.rpc.slowness.timeout = 60s (default)
2024-09-29 22:58:11,375 [main] INFO  grpc.GrpcConfigKeys (ConfUtils.java:logFallback(53)) - raft.grpc.client.port = 15051 (fallback to raft.grpc.server.port)
2024-09-29 22:58:11,376 [main] INFO  grpc.GrpcConfigKeys (ConfUtils.java:logGet(46)) - raft.grpc.server.host = null (default)
2024-09-29 22:58:11,375 [s1-groupManagement] INFO  server.RaftServerConfigKeys (ConfUtils.java:logGet(46)) - raft.server.leaderelection.leader.step-down.wait-time = 10s (default)
2024-09-29 22:58:11,376 [main] INFO  grpc.GrpcConfigKeys (ConfUtils.java:logGet(46)) - raft.grpc.server.port = 15051 (custom)
2024-09-29 22:58:11,376 [s1-groupManagement] INFO  server.RaftServerConfigKeys (ConfUtils.java:logGet(46)) - raft.server.leaderelection.member.majority-add = true (custom)
2024-09-29 22:58:11,376 [main] INFO  server.GrpcService (ConfUtils.java:logGet(46)) - raft.grpc.message.size.max = 64MB (=67108864) (default)
2024-09-29 22:58:11,376 [s1-groupManagement] INFO  server.RaftServerConfigKeys (ConfUtils.java:logGet(46)) - raft.server.sleep.deviation.threshold = 300ms (default)
2024-09-29 22:58:11,376 [main] INFO  server.GrpcService (ConfUtils.java:logGet(46)) - raft.grpc.flow.control.window = 1MB (=1048576) (default)
2024-09-29 22:58:11,376 [s1-groupManagement] INFO  server.RaftServer$Division (ServerState.java:<init>(114)) - s1@group-ADEFD529BBEB: ConfigurationManager, init=conf: {index: -1, cur=peers:[]|listeners:[], old=null}, confs=<EMPTY_MAP>
2024-09-29 22:58:11,376 [main] INFO  server.RaftServerConfigKeys (ConfUtils.java:logGet(46)) - raft.server.rpc.request.timeout = 3000ms (default)
2024-09-29 22:58:11,376 [s1-groupManagement] INFO  server.RaftServerConfigKeys (ConfUtils.java:logGet(46)) - raft.server.notification.no-leader.timeout = 60s (default)
2024-09-29 22:58:11,377 [main] INFO  grpc.GrpcConfigKeys (ConfUtils.java:logGet(46)) - raft.grpc.server.heartbeat.channel = true (default)
2024-09-29 22:58:11,377 [s1-groupManagement] INFO  server.RaftServerConfigKeys (ConfUtils.java:logGet(46)) - raft.server.read.timeout = 10s (default)
2024-09-29 22:58:11,377 [main] INFO  grpc.GrpcConfigKeys (ConfUtils.java:logGet(46)) - raft.grpc.server.zerocopy.enabled = true (custom)
2024-09-29 22:58:11,377 [s1-groupManagement] INFO  server.RaftServerConfigKeys (ConfUtils.java:logGet(46)) - raft.server.retrycache.expirytime = 60s (default)
2024-09-29 22:58:11,377 [main] INFO  server.RaftServerConfigKeys (ConfUtils.java:logGet(46)) - raft.server.log.appender.buffer.byte-limit = 4MB (=4194304) (default)
2024-09-29 22:58:11,377 [s1-groupManagement] INFO  server.RaftServerConfigKeys (ConfUtils.java:logGet(46)) - raft.server.retrycache.statistics.expirytime = 100ms (default)
2024-09-29 22:58:11,377 [main] INFO  grpc.GrpcConfigKeys (ConfUtils.java:logGet(46)) - raft.grpc.server.async.request.thread.pool.cached = true (default)
2024-09-29 22:58:11,377 [s1-groupManagement] INFO  server.RaftServerConfigKeys (ConfUtils.java:logGet(46)) - raft.server.read.option = DEFAULT (default)
2024-09-29 22:58:11,377 [main] INFO  grpc.GrpcConfigKeys (ConfUtils.java:logGet(46)) - raft.grpc.server.async.request.thread.pool.size = 32 (default)
2024-09-29 22:58:11,377 [s1-groupManagement] INFO  server.RaftServerConfigKeys (ConfUtils.java:logGet(46)) - raft.server.read.read-after-write-consistent.write-index-cache.expiry-time = 60s (default)
2024-09-29 22:58:11,378 [s1-groupManagement] INFO  server.RaftServerConfigKeys (ConfUtils.java:logGet(46)) - raft.server.rpc.request.timeout = 3000ms (default)
2024-09-29 22:58:11,378 [s1-groupManagement] INFO  server.RaftServerConfigKeys (ConfUtils.java:logGet(46)) - raft.server.log.appender.install.snapshot.enabled = true (default)
2024-09-29 22:58:11,378 [s1-groupManagement] INFO  server.RaftServerConfigKeys (ConfUtils.java:logGet(46)) - raft.server.threadpool.server.cached = true (default)
2024-09-29 22:58:11,378 [s1-groupManagement] INFO  server.RaftServerConfigKeys (ConfUtils.java:logGet(46)) - raft.server.threadpool.server.size = 0 (default)
2024-09-29 22:58:11,378 [s1-groupManagement] INFO  server.RaftServerConfigKeys (ConfUtils.java:logGet(46)) - raft.server.threadpool.client.cached = true (default)
2024-09-29 22:58:11,378 [s1-groupManagement] INFO  server.RaftServerConfigKeys (ConfUtils.java:logGet(46)) - raft.server.threadpool.client.size = 0 (default)
2024-09-29 22:58:11,378 [main] INFO  impl.DataStreamServerImpl (ConfUtils.java:logGet(46)) - raft.datastream.type = DISABLED (default)
2024-09-29 22:58:11,379 [main] INFO  server.RaftServerConfigKeys (ConfUtils.java:logGet(46)) - raft.server.sleep.deviation.threshold = 300ms (default)
2024-09-29 22:58:11,379 [main] INFO  server.RaftServerConfigKeys (ConfUtils.java:logGet(46)) - raft.server.close.threshold = 60s (default)
2024-09-29 22:58:11,379 [main] INFO  server.RaftServerConfigKeys (ConfUtils.java:logGet(46)) - raft.server.leaderelection.leader.step-down.wait-time = 10s (default)
2024-09-29 22:58:11,379 [main] INFO  server.RaftServerConfigKeys (ConfUtils.java:logGet(46)) - raft.server.storage.dir = [/home/runner/work/ratis/ratis/ratis-test/target/test/data/f7ba0e94/MiniRaftClusterWithGrpc7e5615dc/s2] (custom)
2024-09-29 22:58:11,379 [main] INFO  server.RaftServerConfigKeys (ConfUtils.java:logGet(46)) - raft.server.threadpool.proxy.cached = true (default)
2024-09-29 22:58:11,379 [main] INFO  server.RaftServerConfigKeys (ConfUtils.java:logGet(46)) - raft.server.threadpool.proxy.size = 0 (default)
2024-09-29 22:58:11,380 [main] INFO  server.RaftServer (RaftServerProxy.java:addNew(101)) - s2: addNew group-ADEFD529BBEB:[] returns group-ADEFD529BBEB:java.util.concurrent.CompletableFuture@6a0d47e8[Not completed]
2024-09-29 22:58:11,380 [s1-impl-thread1] INFO  server.RaftServerConfigKeys (ConfUtils.java:logGet(46)) - raft.server.storage.free-space.min = 0MB (=0) (default)
2024-09-29 22:58:11,380 [s1-impl-thread1] INFO  server.RaftServerConfigKeys (ConfUtils.java:logGet(46)) - raft.server.log.corruption.policy = EXCEPTION (default)
2024-09-29 22:58:11,380 [s2-groupManagement] INFO  server.RaftServerConfigKeys (ConfUtils.java:logGet(46)) - raft.server.log.segment.size.max = 32MB (=33554432) (default)
2024-09-29 22:58:11,380 [s1-impl-thread1] INFO  server.RaftServerConfigKeys (ConfUtils.java:logGet(46)) - raft.server.storage.dir = [/home/runner/work/ratis/ratis/ratis-test/target/test/data/f7ba0e94/MiniRaftClusterWithGrpc7e5615dc/s1] (custom)
2024-09-29 22:58:11,380 [s1-impl-thread1] INFO  storage.RaftStorageDirectory (RaftStorageDirectoryImpl.java:analyzeStorage(138)) - The storage directory /home/runner/work/ratis/ratis/ratis-test/target/test/data/f7ba0e94/MiniRaftClusterWithGrpc7e5615dc/s1/2c412c1a-1359-4819-bda3-adefd529bbeb does not exist. Creating ...
2024-09-29 22:58:11,380 [s2-groupManagement] INFO  server.RaftServerConfigKeys (ConfUtils.java:logGet(46)) - raft.server.log.preallocated.size = 4MB (=4194304) (default)
2024-09-29 22:58:11,381 [s2-groupManagement] INFO  server.RaftServerConfigKeys (ConfUtils.java:logGet(46)) - raft.server.log.write.buffer.size = 8MB (=8388608) (default)
2024-09-29 22:58:11,381 [s1-impl-thread1] TRACE util.FileUtils (LogUtils.java:runAndLog(49)) - Successfully ran Files.createDirectories /home/runner/work/ratis/ratis/ratis-test/target/test/data/f7ba0e94/MiniRaftClusterWithGrpc7e5615dc/s1/2c412c1a-1359-4819-bda3-adefd529bbeb
2024-09-29 22:58:11,381 [s2-groupManagement] INFO  server.RaftServer$Division (RaftServerImpl.java:<init>(255)) - s2: new RaftServerImpl for group-ADEFD529BBEB:[] with StateMachineWithSeparatedSnapshotPath:uninitialized
2024-09-29 22:58:11,381 [s2-groupManagement] INFO  server.RaftServerConfigKeys (ConfUtils.java:logGet(46)) - raft.server.rpc.timeout.min = 150ms (default)
2024-09-29 22:58:11,381 [s2-groupManagement] INFO  server.RaftServerConfigKeys (ConfUtils.java:logGet(46)) - raft.server.rpc.timeout.max = 300ms (default)
2024-09-29 22:58:11,381 [s2-groupManagement] INFO  server.RaftServerConfigKeys (ConfUtils.java:logGet(46)) - raft.server.rpc.sleep.time = 25ms (default)
2024-09-29 22:58:11,381 [s2-groupManagement] INFO  server.RaftServerConfigKeys (ConfUtils.java:logGet(46)) - raft.server.rpc.slowness.timeout = 60s (default)
2024-09-29 22:58:11,381 [s2-groupManagement] INFO  server.RaftServerConfigKeys (ConfUtils.java:logGet(46)) - raft.server.leaderelection.leader.step-down.wait-time = 10s (default)
2024-09-29 22:58:11,381 [s2-groupManagement] INFO  server.RaftServerConfigKeys (ConfUtils.java:logGet(46)) - raft.server.leaderelection.member.majority-add = true (custom)
2024-09-29 22:58:11,381 [s2-groupManagement] INFO  server.RaftServerConfigKeys (ConfUtils.java:logGet(46)) - raft.server.sleep.deviation.threshold = 300ms (default)
2024-09-29 22:58:11,381 [s2-groupManagement] INFO  server.RaftServer$Division (ServerState.java:<init>(114)) - s2@group-ADEFD529BBEB: ConfigurationManager, init=conf: {index: -1, cur=peers:[]|listeners:[], old=null}, confs=<EMPTY_MAP>
2024-09-29 22:58:11,381 [s2-groupManagement] INFO  server.RaftServerConfigKeys (ConfUtils.java:logGet(46)) - raft.server.notification.no-leader.timeout = 60s (default)
2024-09-29 22:58:11,381 [s2-groupManagement] INFO  server.RaftServerConfigKeys (ConfUtils.java:logGet(46)) - raft.server.read.timeout = 10s (default)
2024-09-29 22:58:11,382 [s2-groupManagement] INFO  server.RaftServerConfigKeys (ConfUtils.java:logGet(46)) - raft.server.retrycache.expirytime = 60s (default)
2024-09-29 22:58:11,382 [s2-groupManagement] INFO  server.RaftServerConfigKeys (ConfUtils.java:logGet(46)) - raft.server.retrycache.statistics.expirytime = 100ms (default)
2024-09-29 22:58:11,382 [s2-groupManagement] INFO  server.RaftServerConfigKeys (ConfUtils.java:logGet(46)) - raft.server.read.option = DEFAULT (default)
2024-09-29 22:58:11,382 [s2-groupManagement] INFO  server.RaftServerConfigKeys (ConfUtils.java:logGet(46)) - raft.server.read.read-after-write-consistent.write-index-cache.expiry-time = 60s (default)
2024-09-29 22:58:11,382 [s1-impl-thread1] INFO  storage.RaftStorageDirectory (RaftStorageDirectoryImpl.java:tryLock(229)) - Lock on /home/runner/work/ratis/ratis/ratis-test/target/test/data/f7ba0e94/MiniRaftClusterWithGrpc7e5615dc/s1/2c412c1a-1359-4819-bda3-adefd529bbeb/in_use.lock acquired by nodename 27829@fv-az737-927
2024-09-29 22:58:11,382 [s1-impl-thread1] TRACE util.FileUtils (LogUtils.java:runAndLog(49)) - Successfully ran Files.createDirectories /home/runner/work/ratis/ratis/ratis-test/target/test/data/f7ba0e94/MiniRaftClusterWithGrpc7e5615dc/s1/2c412c1a-1359-4819-bda3-adefd529bbeb/current
2024-09-29 22:58:11,382 [s1-impl-thread1] TRACE util.FileUtils (LogUtils.java:runAndLog(49)) - Successfully ran Files.createDirectories /home/runner/work/ratis/ratis/ratis-test/target/test/data/f7ba0e94/MiniRaftClusterWithGrpc7e5615dc/s1/2c412c1a-1359-4819-bda3-adefd529bbeb/sm
2024-09-29 22:58:11,382 [s1-impl-thread1] TRACE util.FileUtils (LogUtils.java:supplyAndLog(69)) - Successfully supplied FileChannel.open /home/runner/work/ratis/ratis/ratis-test/target/test/data/f7ba0e94/MiniRaftClusterWithGrpc7e5615dc/s1/2c412c1a-1359-4819-bda3-adefd529bbeb/current/raft-meta.tmp with options [CREATE, WRITE]: sun.nio.ch.FileChannelImpl@fac26c2
2024-09-29 22:58:11,383 [s2-groupManagement] INFO  server.RaftServerConfigKeys (ConfUtils.java:logGet(46)) - raft.server.rpc.request.timeout = 3000ms (default)
2024-09-29 22:58:11,383 [s2-groupManagement] INFO  server.RaftServerConfigKeys (ConfUtils.java:logGet(46)) - raft.server.log.appender.install.snapshot.enabled = true (default)
2024-09-29 22:58:11,383 [s2-groupManagement] INFO  server.RaftServerConfigKeys (ConfUtils.java:logGet(46)) - raft.server.threadpool.server.cached = true (default)
2024-09-29 22:58:11,383 [s2-groupManagement] INFO  server.RaftServerConfigKeys (ConfUtils.java:logGet(46)) - raft.server.threadpool.server.size = 0 (default)
2024-09-29 22:58:11,383 [s2-groupManagement] INFO  server.RaftServerConfigKeys (ConfUtils.java:logGet(46)) - raft.server.threadpool.client.cached = true (default)
2024-09-29 22:58:11,383 [s2-groupManagement] INFO  server.RaftServerConfigKeys (ConfUtils.java:logGet(46)) - raft.server.threadpool.client.size = 0 (default)
2024-09-29 22:58:11,383 [s1-impl-thread1] TRACE util.FileUtils (LogUtils.java:runAndLog(49)) - Successfully ran Atomic Files.move /home/runner/work/ratis/ratis/ratis-test/target/test/data/f7ba0e94/MiniRaftClusterWithGrpc7e5615dc/s1/2c412c1a-1359-4819-bda3-adefd529bbeb/current/raft-meta.tmp to /home/runner/work/ratis/ratis/ratis-test/target/test/data/f7ba0e94/MiniRaftClusterWithGrpc7e5615dc/s1/2c412c1a-1359-4819-bda3-adefd529bbeb/current/raft-meta with options [REPLACE_EXISTING]
2024-09-29 22:58:11,383 [s1-impl-thread1] INFO  storage.RaftStorage (RaftStorageImpl.java:format(98)) - Storage directory /home/runner/work/ratis/ratis/ratis-test/target/test/data/f7ba0e94/MiniRaftClusterWithGrpc7e5615dc/s1/2c412c1a-1359-4819-bda3-adefd529bbeb has been successfully formatted.
2024-09-29 22:58:11,383 [s1-impl-thread1] INFO  impl.SimpleStateMachine4Testing (SimpleStateMachine4Testing.java:initialize(215)) - Initializing StateMachineWithSeparatedSnapshotPath:uninitialized
2024-09-29 22:58:11,384 [s1-impl-thread1] INFO  impl.SimpleStateMachine4Testing (SimpleStateMachine4Testing.java:loadSnapshot(300)) - Loading snapshot null
2024-09-29 22:58:11,384 [s1-impl-thread1] TRACE util.FileUtils (FileUtils.java:deleteFully(305)) - deleteFully /tmp/ratis-tests/statemachine/s1
2024-09-29 22:58:11,384 [s1-impl-thread1] TRACE util.FileUtils (LogUtils.java:runAndLog(49)) - Successfully ran Files.delete /tmp/ratis-tests/statemachine/s1/snapshot/1_191/loves.md5
2024-09-29 22:58:11,384 [s1-impl-thread1] TRACE util.FileUtils (LogUtils.java:runAndLog(49)) - Successfully ran Files.delete /tmp/ratis-tests/statemachine/s1/snapshot/1_191/vegetable
2024-09-29 22:58:11,384 [s1-impl-thread1] TRACE util.FileUtils (LogUtils.java:runAndLog(49)) - Successfully ran Files.delete /tmp/ratis-tests/statemachine/s1/snapshot/1_191/deer.md5
2024-09-29 22:58:11,384 [s1-impl-thread1] TRACE util.FileUtils (LogUtils.java:runAndLog(49)) - Successfully ran Files.delete /tmp/ratis-tests/statemachine/s1/snapshot/1_191/vegetable.md5
2024-09-29 22:58:11,384 [s1-impl-thread1] TRACE util.FileUtils (LogUtils.java:runAndLog(49)) - Successfully ran Files.delete /tmp/ratis-tests/statemachine/s1/snapshot/1_191/loves
2024-09-29 22:58:11,384 [s1-impl-thread1] TRACE util.FileUtils (LogUtils.java:runAndLog(49)) - Successfully ran Files.delete /tmp/ratis-tests/statemachine/s1/snapshot/1_191/deer
2024-09-29 22:58:11,384 [s1-impl-thread1] TRACE util.FileUtils (LogUtils.java:runAndLog(49)) - Successfully ran Files.delete /tmp/ratis-tests/statemachine/s1/snapshot/1_191
2024-09-29 22:58:11,384 [s1-impl-thread1] TRACE util.FileUtils (LogUtils.java:runAndLog(49)) - Successfully ran Files.delete /tmp/ratis-tests/statemachine/s1/snapshot/1_257/vegetable
2024-09-29 22:58:11,385 [s1-impl-thread1] TRACE util.FileUtils (LogUtils.java:runAndLog(49)) - Successfully ran Files.delete /tmp/ratis-tests/statemachine/s1/snapshot/1_257/loves
2024-09-29 22:58:11,385 [s1-impl-thread1] TRACE util.FileUtils (LogUtils.java:runAndLog(49)) - Successfully ran Files.delete /tmp/ratis-tests/statemachine/s1/snapshot/1_257/deer
2024-09-29 22:58:11,385 [s1-impl-thread1] TRACE util.FileUtils (LogUtils.java:runAndLog(49)) - Successfully ran Files.delete /tmp/ratis-tests/statemachine/s1/snapshot/1_257
2024-09-29 22:58:11,385 [s1-impl-thread1] TRACE util.FileUtils (LogUtils.java:runAndLog(49)) - Successfully ran Files.delete /tmp/ratis-tests/statemachine/s1/snapshot
2024-09-29 22:58:11,385 [s1-impl-thread1] TRACE util.FileUtils (LogUtils.java:runAndLog(49)) - Successfully ran Files.delete /tmp/ratis-tests/statemachine/s1/tmp
2024-09-29 22:58:11,385 [s1-impl-thread1] TRACE util.FileUtils (LogUtils.java:runAndLog(49)) - Successfully ran Files.delete /tmp/ratis-tests/statemachine/s1
2024-09-29 22:58:11,385 [s1-impl-thread1] INFO  server.RaftServerConfigKeys (ConfUtils.java:logGet(46)) - raft.server.log.use.memory = false (default)
2024-09-29 22:58:11,385 [s1-impl-thread1] INFO  server.RaftServerConfigKeys (ConfUtils.java:logGet(46)) - raft.server.log.purge.gap = 8 (custom)
2024-09-29 22:58:11,385 [s1-impl-thread1] INFO  server.RaftServerConfigKeys (ConfUtils.java:logGet(46)) - raft.server.log.appender.buffer.byte-limit = 4MB (=4194304) (default)
2024-09-29 22:58:11,385 [s1-impl-thread1] INFO  server.RaftServerConfigKeys (ConfUtils.java:logGet(46)) - raft.server.log.statemachine.data.read.timeout = 1000ms (default)
2024-09-29 22:58:11,385 [s1-impl-thread1] INFO  server.RaftServerConfigKeys (ConfUtils.java:logGet(46)) - raft.server.log.purge.preservation.log.num = 0 (default)
2024-09-29 22:58:11,386 [s1-impl-thread1] INFO  server.RaftServerConfigKeys (ConfUtils.java:logGet(46)) - raft.server.log.segment.size.max = 32MB (=33554432) (default)
2024-09-29 22:58:11,386 [s1-impl-thread1] INFO  server.RaftServerConfigKeys (ConfUtils.java:logGet(46)) - raft.server.log.segment.cache.num.max = 6 (default)
2024-09-29 22:58:11,386 [s1-impl-thread1] INFO  server.RaftServerConfigKeys (ConfUtils.java:logGet(46)) - raft.server.log.segment.cache.size.max = 200MB (=209715200) (default)
2024-09-29 22:58:11,386 [s1-impl-thread1] INFO  server.RaftServerConfigKeys (ConfUtils.java:logGet(46)) - raft.server.log.appender.buffer.byte-limit = 4MB (=4194304) (default)
2024-09-29 22:58:11,386 [s1-impl-thread1] INFO  util.AwaitToRun (AwaitToRun.java:start(81)) - Thread[s1@group-ADEFD529BBEB-cacheEviction-AwaitToRun,5,main] started
2024-09-29 22:58:11,386 [s1-impl-thread1] INFO  segmented.SegmentedRaftLogWorker (SegmentedRaftLogWorker.java:<init>(187)) - new s1@group-ADEFD529BBEB-SegmentedRaftLogWorker for RaftStorageImpl:Storage Directory /home/runner/work/ratis/ratis/ratis-test/target/test/data/f7ba0e94/MiniRaftClusterWithGrpc7e5615dc/s1/2c412c1a-1359-4819-bda3-adefd529bbeb
2024-09-29 22:58:11,386 [s1-impl-thread1] INFO  server.RaftServerConfigKeys (ConfUtils.java:logGet(46)) - raft.server.log.queue.byte-limit = 64MB (=67108864) (default)
2024-09-29 22:58:11,386 [s1-impl-thread1] INFO  server.RaftServerConfigKeys (ConfUtils.java:logGet(46)) - raft.server.log.queue.element-limit = 4096 (default)
2024-09-29 22:58:11,386 [s1-impl-thread1] INFO  server.RaftServerConfigKeys (ConfUtils.java:logGet(46)) - raft.server.log.segment.size.max = 32MB (=33554432) (default)
2024-09-29 22:58:11,386 [s1-impl-thread1] INFO  server.RaftServerConfigKeys (ConfUtils.java:logGet(46)) - raft.server.log.preallocated.size = 4MB (=4194304) (default)
2024-09-29 22:58:11,386 [s1-impl-thread1] INFO  server.RaftServerConfigKeys (ConfUtils.java:logGet(46)) - raft.server.log.force.sync.num = 128 (default)
2024-09-29 22:58:11,386 [s1-impl-thread1] INFO  server.RaftServerConfigKeys (ConfUtils.java:logGet(46)) - raft.server.log.statemachine.data.sync = true (default)
2024-09-29 22:58:11,386 [s1-impl-thread1] INFO  server.RaftServerConfigKeys (ConfUtils.java:logGet(46)) - raft.server.log.statemachine.data.sync.timeout = 10s (default)
2024-09-29 22:58:11,386 [s1-impl-thread1] INFO  server.RaftServerConfigKeys (ConfUtils.java:logGet(46)) - raft.server.log.statemachine.data.sync.timeout.retry = -1 (default)
2024-09-29 22:58:11,387 [s1-impl-thread1] INFO  server.RaftServerConfigKeys (ConfUtils.java:logGet(46)) - raft.server.log.write.buffer.size = 8MB (=8388608) (default)
2024-09-29 22:58:11,388 [s1-impl-thread1] INFO  server.RaftServerConfigKeys (ConfUtils.java:logGet(46)) - raft.server.log.appender.buffer.byte-limit = 4MB (=4194304) (default)
2024-09-29 22:58:11,388 [s1-impl-thread1] INFO  server.RaftServerConfigKeys (ConfUtils.java:logGet(46)) - raft.server.log.unsafe-flush.enabled = false (default)
2024-09-29 22:58:11,388 [s1-impl-thread1] INFO  server.RaftServerConfigKeys (ConfUtils.java:logGet(46)) - raft.server.log.async-flush.enabled = false (default)
2024-09-29 22:58:11,388 [s1-impl-thread1] INFO  server.RaftServerConfigKeys (ConfUtils.java:logGet(46)) - raft.server.log.statemachine.data.caching.enabled = false (default)
2024-09-29 22:58:11,388 [s1-impl-thread1] INFO  segmented.SegmentedRaftLogWorker (SegmentedRaftLogWorker.java:lambda$new$0(138)) - s1@group-ADEFD529BBEB-SegmentedRaftLogWorker: flushIndex: setUnconditionally 0 -> -1
2024-09-29 22:58:11,388 [s1-impl-thread1] INFO  segmented.SegmentedRaftLogWorker (SegmentedRaftLogWorker.java:lambda$new$0(138)) - s1@group-ADEFD529BBEB-SegmentedRaftLogWorker: safeCacheEvictIndex: setUnconditionally 0 -> -1
2024-09-29 22:58:11,388 [s1-impl-thread1] INFO  server.RaftServer$Division (RaftServerImpl.java:start(397)) - s1@group-ADEFD529BBEB: start with initializing state, conf=conf: {index: -1, cur=peers:[]|listeners:[], old=null}
2024-09-29 22:58:11,388 [s1-impl-thread1] INFO  server.RaftServer$Division (RaftServerImpl.java:setRole(378)) - s1@group-ADEFD529BBEB: changes role from      null to FOLLOWER at term 0 for start
2024-09-29 22:58:11,389 [s1-impl-thread1] INFO  util.JmxRegister (JmxRegister.java:tryRegister(44)) - Successfully registered JMX Bean with object name Ratis:service=RaftServer,group=group-ADEFD529BBEB,id=s1
2024-09-29 22:58:11,389 [s1-impl-thread1] INFO  util.JmxRegister (JmxRegister.java:register(58)) - register mxBean class org.apache.ratis.server.impl.RaftServerJmxAdapter as Ratis:service=RaftServer,group=group-ADEFD529BBEB,id=s1
2024-09-29 22:58:11,389 [s1-impl-thread1] INFO  server.RaftServerConfigKeys (ConfUtils.java:logGet(46)) - raft.server.snapshot.trigger-when-stop.enabled = true (default)
2024-09-29 22:58:11,389 [s1-impl-thread1] INFO  server.RaftServerConfigKeys (ConfUtils.java:logGet(46)) - raft.server.snapshot.trigger-when-remove.enabled = true (default)
2024-09-29 22:58:11,389 [s1-impl-thread1] INFO  server.RaftServerConfigKeys (ConfUtils.java:logGet(46)) - raft.server.snapshot.auto.trigger.enabled = true (custom)
2024-09-29 22:58:11,389 [s1-impl-thread1] INFO  server.RaftServerConfigKeys (ConfUtils.java:logGet(46)) - raft.server.snapshot.auto.trigger.threshold = 64 (custom)
2024-09-29 22:58:11,389 [s1-impl-thread1] INFO  server.RaftServerConfigKeys (ConfUtils.java:logGet(46)) - raft.server.snapshot.retention.file.num = -1 (default)
2024-09-29 22:58:11,389 [s1-impl-thread1] INFO  server.RaftServerConfigKeys (ConfUtils.java:logGet(46)) - raft.server.log.purge.upto.snapshot.index = false (default)
2024-09-29 22:58:11,389 [main] INFO  server.RaftServer (RaftServerProxy.java:startImpl(408)) - s1: start RPC server
2024-09-29 22:58:11,390 [main] INFO  server.GrpcService (GrpcService.java:startImpl(341)) - s1: GrpcService started, listening on 15050
2024-09-29 22:58:11,390 [s2-impl-thread1] INFO  server.RaftServerConfigKeys (ConfUtils.java:logGet(46)) - raft.server.storage.free-space.min = 0MB (=0) (default)
2024-09-29 22:58:11,390 [s2-impl-thread1] INFO  server.RaftServerConfigKeys (ConfUtils.java:logGet(46)) - raft.server.log.corruption.policy = EXCEPTION (default)
2024-09-29 22:58:11,390 [s2-impl-thread1] INFO  server.RaftServerConfigKeys (ConfUtils.java:logGet(46)) - raft.server.storage.dir = [/home/runner/work/ratis/ratis/ratis-test/target/test/data/f7ba0e94/MiniRaftClusterWithGrpc7e5615dc/s2] (custom)
2024-09-29 22:58:11,391 [s2-impl-thread1] INFO  storage.RaftStorageDirectory (RaftStorageDirectoryImpl.java:analyzeStorage(138)) - The storage directory /home/runner/work/ratis/ratis/ratis-test/target/test/data/f7ba0e94/MiniRaftClusterWithGrpc7e5615dc/s2/2c412c1a-1359-4819-bda3-adefd529bbeb does not exist. Creating ...
2024-09-29 22:58:11,391 [s2-impl-thread1] TRACE util.FileUtils (LogUtils.java:runAndLog(49)) - Successfully ran Files.createDirectories /home/runner/work/ratis/ratis/ratis-test/target/test/data/f7ba0e94/MiniRaftClusterWithGrpc7e5615dc/s2/2c412c1a-1359-4819-bda3-adefd529bbeb
2024-09-29 22:58:11,391 [JvmPauseMonitor20] INFO  util.JvmPauseMonitor (JvmPauseMonitor.java:run(146)) - JvmPauseMonitor-s1: Started
2024-09-29 22:58:11,392 [s2-impl-thread1] INFO  storage.RaftStorageDirectory (RaftStorageDirectoryImpl.java:tryLock(229)) - Lock on /home/runner/work/ratis/ratis/ratis-test/target/test/data/f7ba0e94/MiniRaftClusterWithGrpc7e5615dc/s2/2c412c1a-1359-4819-bda3-adefd529bbeb/in_use.lock acquired by nodename 27829@fv-az737-927
2024-09-29 22:58:11,392 [s2-impl-thread1] TRACE util.FileUtils (LogUtils.java:runAndLog(49)) - Successfully ran Files.createDirectories /home/runner/work/ratis/ratis/ratis-test/target/test/data/f7ba0e94/MiniRaftClusterWithGrpc7e5615dc/s2/2c412c1a-1359-4819-bda3-adefd529bbeb/current
2024-09-29 22:58:11,392 [s2-impl-thread1] TRACE util.FileUtils (LogUtils.java:runAndLog(49)) - Successfully ran Files.createDirectories /home/runner/work/ratis/ratis/ratis-test/target/test/data/f7ba0e94/MiniRaftClusterWithGrpc7e5615dc/s2/2c412c1a-1359-4819-bda3-adefd529bbeb/sm
2024-09-29 22:58:11,392 [s2-impl-thread1] TRACE util.FileUtils (LogUtils.java:supplyAndLog(69)) - Successfully supplied FileChannel.open /home/runner/work/ratis/ratis/ratis-test/target/test/data/f7ba0e94/MiniRaftClusterWithGrpc7e5615dc/s2/2c412c1a-1359-4819-bda3-adefd529bbeb/current/raft-meta.tmp with options [CREATE, WRITE]: sun.nio.ch.FileChannelImpl@6ccc549e
2024-09-29 22:58:11,393 [s2-impl-thread1] TRACE util.FileUtils (LogUtils.java:runAndLog(49)) - Successfully ran Atomic Files.move /home/runner/work/ratis/ratis/ratis-test/target/test/data/f7ba0e94/MiniRaftClusterWithGrpc7e5615dc/s2/2c412c1a-1359-4819-bda3-adefd529bbeb/current/raft-meta.tmp to /home/runner/work/ratis/ratis/ratis-test/target/test/data/f7ba0e94/MiniRaftClusterWithGrpc7e5615dc/s2/2c412c1a-1359-4819-bda3-adefd529bbeb/current/raft-meta with options [REPLACE_EXISTING]
2024-09-29 22:58:11,393 [s2-impl-thread1] INFO  storage.RaftStorage (RaftStorageImpl.java:format(98)) - Storage directory /home/runner/work/ratis/ratis/ratis-test/target/test/data/f7ba0e94/MiniRaftClusterWithGrpc7e5615dc/s2/2c412c1a-1359-4819-bda3-adefd529bbeb has been successfully formatted.
2024-09-29 22:58:11,393 [s2-impl-thread1] INFO  impl.SimpleStateMachine4Testing (SimpleStateMachine4Testing.java:initialize(215)) - Initializing StateMachineWithSeparatedSnapshotPath:uninitialized
2024-09-29 22:58:11,394 [s2-impl-thread1] INFO  impl.SimpleStateMachine4Testing (SimpleStateMachine4Testing.java:loadSnapshot(300)) - Loading snapshot null
2024-09-29 22:58:11,394 [s2-impl-thread1] TRACE util.FileUtils (FileUtils.java:deleteFully(305)) - deleteFully /tmp/ratis-tests/statemachine/s2
2024-09-29 22:58:11,394 [s2-impl-thread1] TRACE util.FileUtils (LogUtils.java:runAndLog(49)) - Successfully ran Files.delete /tmp/ratis-tests/statemachine/s2/snapshot/1_191/loves.md5
2024-09-29 22:58:11,394 [s2-impl-thread1] TRACE util.FileUtils (LogUtils.java:runAndLog(49)) - Successfully ran Files.delete /tmp/ratis-tests/statemachine/s2/snapshot/1_191/vegetable
2024-09-29 22:58:11,394 [s2-impl-thread1] TRACE util.FileUtils (LogUtils.java:runAndLog(49)) - Successfully ran Files.delete /tmp/ratis-tests/statemachine/s2/snapshot/1_191/deer.md5
2024-09-29 22:58:11,394 [s2-impl-thread1] TRACE util.FileUtils (LogUtils.java:runAndLog(49)) - Successfully ran Files.delete /tmp/ratis-tests/statemachine/s2/snapshot/1_191/vegetable.md5
2024-09-29 22:58:11,394 [s2-impl-thread1] TRACE util.FileUtils (LogUtils.java:runAndLog(49)) - Successfully ran Files.delete /tmp/ratis-tests/statemachine/s2/snapshot/1_191/loves
2024-09-29 22:58:11,394 [s2-impl-thread1] TRACE util.FileUtils (LogUtils.java:runAndLog(49)) - Successfully ran Files.delete /tmp/ratis-tests/statemachine/s2/snapshot/1_191/deer
2024-09-29 22:58:11,394 [s2-impl-thread1] TRACE util.FileUtils (LogUtils.java:runAndLog(49)) - Successfully ran Files.delete /tmp/ratis-tests/statemachine/s2/snapshot/1_191
2024-09-29 22:58:11,394 [s2-impl-thread1] TRACE util.FileUtils (LogUtils.java:runAndLog(49)) - Successfully ran Files.delete /tmp/ratis-tests/statemachine/s2/snapshot/1_257/vegetable
2024-09-29 22:58:11,394 [s2-impl-thread1] TRACE util.FileUtils (LogUtils.java:runAndLog(49)) - Successfully ran Files.delete /tmp/ratis-tests/statemachine/s2/snapshot/1_257/loves
2024-09-29 22:58:11,394 [s2-impl-thread1] TRACE util.FileUtils (LogUtils.java:runAndLog(49)) - Successfully ran Files.delete /tmp/ratis-tests/statemachine/s2/snapshot/1_257/deer
2024-09-29 22:58:11,394 [s2-impl-thread1] TRACE util.FileUtils (LogUtils.java:runAndLog(49)) - Successfully ran Files.delete /tmp/ratis-tests/statemachine/s2/snapshot/1_257
2024-09-29 22:58:11,394 [s2-impl-thread1] TRACE util.FileUtils (LogUtils.java:runAndLog(49)) - Successfully ran Files.delete /tmp/ratis-tests/statemachine/s2/snapshot/1_255/vegetable
2024-09-29 22:58:11,395 [s2-impl-thread1] TRACE util.FileUtils (LogUtils.java:runAndLog(49)) - Successfully ran Files.delete /tmp/ratis-tests/statemachine/s2/snapshot/1_255/loves
2024-09-29 22:58:11,395 [s2-impl-thread1] TRACE util.FileUtils (LogUtils.java:runAndLog(49)) - Successfully ran Files.delete /tmp/ratis-tests/statemachine/s2/snapshot/1_255/deer
2024-09-29 22:58:11,395 [s2-impl-thread1] TRACE util.FileUtils (LogUtils.java:runAndLog(49)) - Successfully ran Files.delete /tmp/ratis-tests/statemachine/s2/snapshot/1_255
2024-09-29 22:58:11,395 [s2-impl-thread1] TRACE util.FileUtils (LogUtils.java:runAndLog(49)) - Successfully ran Files.delete /tmp/ratis-tests/statemachine/s2/snapshot
2024-09-29 22:58:11,395 [s2-impl-thread1] TRACE util.FileUtils (LogUtils.java:runAndLog(49)) - Successfully ran Files.delete /tmp/ratis-tests/statemachine/s2/tmp
2024-09-29 22:58:11,395 [s2-impl-thread1] TRACE util.FileUtils (LogUtils.java:runAndLog(49)) - Successfully ran Files.delete /tmp/ratis-tests/statemachine/s2
2024-09-29 22:58:11,395 [s2-impl-thread1] INFO  server.RaftServerConfigKeys (ConfUtils.java:logGet(46)) - raft.server.log.use.memory = false (default)
2024-09-29 22:58:11,395 [s2-impl-thread1] INFO  server.RaftServerConfigKeys (ConfUtils.java:logGet(46)) - raft.server.log.purge.gap = 8 (custom)
2024-09-29 22:58:11,395 [s2-impl-thread1] INFO  server.RaftServerConfigKeys (ConfUtils.java:logGet(46)) - raft.server.log.appender.buffer.byte-limit = 4MB (=4194304) (default)
2024-09-29 22:58:11,395 [s2-impl-thread1] INFO  server.RaftServerConfigKeys (ConfUtils.java:logGet(46)) - raft.server.log.statemachine.data.read.timeout = 1000ms (default)
2024-09-29 22:58:11,395 [s2-impl-thread1] INFO  server.RaftServerConfigKeys (ConfUtils.java:logGet(46)) - raft.server.log.purge.preservation.log.num = 0 (default)
2024-09-29 22:58:11,395 [s2-impl-thread1] INFO  server.RaftServerConfigKeys (ConfUtils.java:logGet(46)) - raft.server.log.segment.size.max = 32MB (=33554432) (default)
2024-09-29 22:58:11,396 [s2-impl-thread1] INFO  server.RaftServerConfigKeys (ConfUtils.java:logGet(46)) - raft.server.log.segment.cache.num.max = 6 (default)
2024-09-29 22:58:11,396 [s2-impl-thread1] INFO  server.RaftServerConfigKeys (ConfUtils.java:logGet(46)) - raft.server.log.segment.cache.size.max = 200MB (=209715200) (default)
2024-09-29 22:58:11,396 [s2-impl-thread1] INFO  server.RaftServerConfigKeys (ConfUtils.java:logGet(46)) - raft.server.log.appender.buffer.byte-limit = 4MB (=4194304) (default)
2024-09-29 22:58:11,396 [s2-impl-thread1] INFO  util.AwaitToRun (AwaitToRun.java:start(81)) - Thread[s2@group-ADEFD529BBEB-cacheEviction-AwaitToRun,5,main] started
2024-09-29 22:58:11,396 [s2-impl-thread1] INFO  segmented.SegmentedRaftLogWorker (SegmentedRaftLogWorker.java:<init>(187)) - new s2@group-ADEFD529BBEB-SegmentedRaftLogWorker for RaftStorageImpl:Storage Directory /home/runner/work/ratis/ratis/ratis-test/target/test/data/f7ba0e94/MiniRaftClusterWithGrpc7e5615dc/s2/2c412c1a-1359-4819-bda3-adefd529bbeb
2024-09-29 22:58:11,396 [s2-impl-thread1] INFO  server.RaftServerConfigKeys (ConfUtils.java:logGet(46)) - raft.server.log.queue.byte-limit = 64MB (=67108864) (default)
2024-09-29 22:58:11,396 [s2-impl-thread1] INFO  server.RaftServerConfigKeys (ConfUtils.java:logGet(46)) - raft.server.log.queue.element-limit = 4096 (default)
2024-09-29 22:58:11,396 [s2-impl-thread1] INFO  server.RaftServerConfigKeys (ConfUtils.java:logGet(46)) - raft.server.log.segment.size.max = 32MB (=33554432) (default)
2024-09-29 22:58:11,396 [s2-impl-thread1] INFO  server.RaftServerConfigKeys (ConfUtils.java:logGet(46)) - raft.server.log.preallocated.size = 4MB (=4194304) (default)
2024-09-29 22:58:11,396 [s2-impl-thread1] INFO  server.RaftServerConfigKeys (ConfUtils.java:logGet(46)) - raft.server.log.force.sync.num = 128 (default)
2024-09-29 22:58:11,396 [s2-impl-thread1] INFO  server.RaftServerConfigKeys (ConfUtils.java:logGet(46)) - raft.server.log.statemachine.data.sync = true (default)
2024-09-29 22:58:11,396 [s2-impl-thread1] INFO  server.RaftServerConfigKeys (ConfUtils.java:logGet(46)) - raft.server.log.statemachine.data.sync.timeout = 10s (default)
2024-09-29 22:58:11,396 [s2-impl-thread1] INFO  server.RaftServerConfigKeys (ConfUtils.java:logGet(46)) - raft.server.log.statemachine.data.sync.timeout.retry = -1 (default)
2024-09-29 22:58:11,396 [s2-impl-thread1] INFO  server.RaftServerConfigKeys (ConfUtils.java:logGet(46)) - raft.server.log.write.buffer.size = 8MB (=8388608) (default)
2024-09-29 22:58:11,398 [s2-impl-thread1] INFO  server.RaftServerConfigKeys (ConfUtils.java:logGet(46)) - raft.server.log.appender.buffer.byte-limit = 4MB (=4194304) (default)
2024-09-29 22:58:11,398 [s2-impl-thread1] INFO  server.RaftServerConfigKeys (ConfUtils.java:logGet(46)) - raft.server.log.unsafe-flush.enabled = false (default)
2024-09-29 22:58:11,398 [s2-impl-thread1] INFO  server.RaftServerConfigKeys (ConfUtils.java:logGet(46)) - raft.server.log.async-flush.enabled = false (default)
2024-09-29 22:58:11,398 [s2-impl-thread1] INFO  server.RaftServerConfigKeys (ConfUtils.java:logGet(46)) - raft.server.log.statemachine.data.caching.enabled = false (default)
2024-09-29 22:58:11,398 [s2-impl-thread1] INFO  segmented.SegmentedRaftLogWorker (SegmentedRaftLogWorker.java:lambda$new$0(138)) - s2@group-ADEFD529BBEB-SegmentedRaftLogWorker: flushIndex: setUnconditionally 0 -> -1
2024-09-29 22:58:11,398 [s2-impl-thread1] INFO  segmented.SegmentedRaftLogWorker (SegmentedRaftLogWorker.java:lambda$new$0(138)) - s2@group-ADEFD529BBEB-SegmentedRaftLogWorker: safeCacheEvictIndex: setUnconditionally 0 -> -1
2024-09-29 22:58:11,398 [s2-impl-thread1] INFO  server.RaftServer$Division (RaftServerImpl.java:start(397)) - s2@group-ADEFD529BBEB: start with initializing state, conf=conf: {index: -1, cur=peers:[]|listeners:[], old=null}
2024-09-29 22:58:11,398 [s2-impl-thread1] INFO  server.RaftServer$Division (RaftServerImpl.java:setRole(378)) - s2@group-ADEFD529BBEB: changes role from      null to FOLLOWER at term 0 for start
2024-09-29 22:58:11,398 [s2-impl-thread1] INFO  util.JmxRegister (JmxRegister.java:tryRegister(44)) - Successfully registered JMX Bean with object name Ratis:service=RaftServer,group=group-ADEFD529BBEB,id=s2
2024-09-29 22:58:11,398 [s2-impl-thread1] INFO  util.JmxRegister (JmxRegister.java:register(58)) - register mxBean class org.apache.ratis.server.impl.RaftServerJmxAdapter as Ratis:service=RaftServer,group=group-ADEFD529BBEB,id=s2
2024-09-29 22:58:11,399 [s2-impl-thread1] INFO  server.RaftServerConfigKeys (ConfUtils.java:logGet(46)) - raft.server.snapshot.trigger-when-stop.enabled = true (default)
2024-09-29 22:58:11,399 [s2-impl-thread1] INFO  server.RaftServerConfigKeys (ConfUtils.java:logGet(46)) - raft.server.snapshot.trigger-when-remove.enabled = true (default)
2024-09-29 22:58:11,399 [s2-impl-thread1] INFO  server.RaftServerConfigKeys (ConfUtils.java:logGet(46)) - raft.server.snapshot.auto.trigger.enabled = true (custom)
2024-09-29 22:58:11,399 [s2-impl-thread1] INFO  server.RaftServerConfigKeys (ConfUtils.java:logGet(46)) - raft.server.snapshot.auto.trigger.threshold = 64 (custom)
2024-09-29 22:58:11,399 [s2-impl-thread1] INFO  server.RaftServerConfigKeys (ConfUtils.java:logGet(46)) - raft.server.snapshot.retention.file.num = -1 (default)
2024-09-29 22:58:11,399 [s2-impl-thread1] INFO  server.RaftServerConfigKeys (ConfUtils.java:logGet(46)) - raft.server.log.purge.upto.snapshot.index = false (default)
2024-09-29 22:58:11,401 [main] INFO  server.RaftServer (RaftServerProxy.java:startImpl(408)) - s2: start RPC server
2024-09-29 22:58:11,401 [main] INFO  server.GrpcService (GrpcService.java:startImpl(341)) - s2: GrpcService started, listening on 15051
2024-09-29 22:58:11,402 [JvmPauseMonitor21] INFO  util.JvmPauseMonitor (JvmPauseMonitor.java:run(146)) - JvmPauseMonitor-s2: Started
2024-09-29 22:58:11,402 [main] INFO  impl.MiniRaftCluster (MiniRaftCluster.java:setConfiguration(825)) - Start changing the configuration: [s1|0.0.0.0:15050, s2|0.0.0.0:15051, s0|localhost:15046]
2024-09-29 22:58:11,406 [s0-server-thread1] INFO  server.RaftServer$Division (RaftServerImpl.java:setConfigurationAsync(1328)) - s0@group-ADEFD529BBEB: receive setConfiguration SetConfigurationRequest:client-7BBB5F44A336->s0@group-ADEFD529BBEB, cid=784, seq=null, RW, null, SET_UNCONDITIONALLY, servers:[s1|0.0.0.0:15050, s2|0.0.0.0:15051, s0|localhost:15046], listeners:[]
2024-09-29 22:58:11,406 [s0-server-thread1] WARN  server.RaftServer$Division (RaftServerImpl.java:setConfigurationAsync(1387)) - Try to add/replace a majority of servers in a single setConf: SetConfigurationRequest:client-7BBB5F44A336->s0@group-ADEFD529BBEB, cid=784, seq=null, RW, null, SET_UNCONDITIONALLY, servers:[s1|0.0.0.0:15050, s2|0.0.0.0:15051, s0|localhost:15046], listeners:[]
2024-09-29 22:58:11,406 [s0-server-thread1] INFO  server.RaftServer$Division (LeaderStateImpl.java:startSetConfiguration(489)) - s0@group-ADEFD529BBEB-LeaderStateImpl: startSetConfiguration SetConfigurationRequest:client-7BBB5F44A336->s0@group-ADEFD529BBEB, cid=784, seq=null, RW, null, SET_UNCONDITIONALLY, servers:[s1|0.0.0.0:15050, s2|0.0.0.0:15051, s0|localhost:15046], listeners:[]
2024-09-29 22:58:11,407 [s0-server-thread1] INFO  server.RaftServerConfigKeys (ConfUtils.java:logGet(46)) - raft.server.log.appender.snapshot.chunk.size.max = 1k (=1024) (custom)
2024-09-29 22:58:11,407 [s0-server-thread1] INFO  server.RaftServerConfigKeys (ConfUtils.java:logGet(46)) - raft.server.log.appender.buffer.byte-limit = 4MB (=4194304) (default)
2024-09-29 22:58:11,407 [s0-server-thread1] INFO  server.RaftServerConfigKeys (ConfUtils.java:logGet(46)) - raft.server.log.appender.buffer.element-limit = 0 (default)
2024-09-29 22:58:11,407 [s0-server-thread1] INFO  server.RaftServerConfigKeys (ConfUtils.java:logGet(46)) - raft.server.log.appender.wait-time.min = 1ms (default)
2024-09-29 22:58:11,407 [s0-server-thread1] INFO  grpc.GrpcConfigKeys (ConfUtils.java:logGet(46)) - raft.grpc.server.leader.outstanding.appends.max = 8 (default)
2024-09-29 22:58:11,407 [s0-server-thread1] INFO  server.RaftServerConfigKeys (ConfUtils.java:logGet(46)) - raft.server.rpc.request.timeout = 3000ms (default)
2024-09-29 22:58:11,407 [s0-server-thread1] INFO  grpc.GrpcConfigKeys (ConfUtils.java:logGet(46)) - raft.grpc.server.install_snapshot.request.element-limit = 8 (default)
2024-09-29 22:58:11,407 [s0-server-thread1] INFO  grpc.GrpcConfigKeys (ConfUtils.java:logGet(46)) - raft.grpc.server.install_snapshot.request.timeout = 3000ms (default)
2024-09-29 22:58:11,407 [s0-server-thread1] INFO  grpc.GrpcConfigKeys (ConfUtils.java:logGet(46)) - raft.grpc.server.log-message.batch.duration = 5s (default)
2024-09-29 22:58:11,407 [s0-server-thread1] INFO  server.RaftServerConfigKeys (ConfUtils.java:logGet(46)) - raft.server.log.appender.install.snapshot.enabled = true (default)
2024-09-29 22:58:11,407 [s0-server-thread1] INFO  grpc.GrpcConfigKeys (ConfUtils.java:logGet(46)) - raft.grpc.server.heartbeat.channel = true (default)
2024-09-29 22:58:11,407 [s0-server-thread1] INFO  server.RaftServerConfigKeys (ConfUtils.java:logGet(46)) - raft.server.log.appender.snapshot.chunk.size.max = 1k (=1024) (custom)
2024-09-29 22:58:11,407 [s0-server-thread1] INFO  server.RaftServerConfigKeys (ConfUtils.java:logGet(46)) - raft.server.log.appender.buffer.byte-limit = 4MB (=4194304) (default)
2024-09-29 22:58:11,407 [s0-server-thread1] INFO  server.RaftServerConfigKeys (ConfUtils.java:logGet(46)) - raft.server.log.appender.buffer.element-limit = 0 (default)
2024-09-29 22:58:11,408 [s0-server-thread1] INFO  server.RaftServerConfigKeys (ConfUtils.java:logGet(46)) - raft.server.log.appender.wait-time.min = 1ms (default)
2024-09-29 22:58:11,408 [s0-server-thread1] INFO  grpc.GrpcConfigKeys (ConfUtils.java:logGet(46)) - raft.grpc.server.leader.outstanding.appends.max = 8 (default)
2024-09-29 22:58:11,408 [s0-server-thread1] INFO  server.RaftServerConfigKeys (ConfUtils.java:logGet(46)) - raft.server.rpc.request.timeout = 3000ms (default)
2024-09-29 22:58:11,408 [s0-server-thread1] INFO  grpc.GrpcConfigKeys (ConfUtils.java:logGet(46)) - raft.grpc.server.install_snapshot.request.element-limit = 8 (default)
2024-09-29 22:58:11,408 [s0-server-thread1] INFO  grpc.GrpcConfigKeys (ConfUtils.java:logGet(46)) - raft.grpc.server.install_snapshot.request.timeout = 3000ms (default)
2024-09-29 22:58:11,408 [s0-server-thread1] INFO  grpc.GrpcConfigKeys (ConfUtils.java:logGet(46)) - raft.grpc.server.log-message.batch.duration = 5s (default)
2024-09-29 22:58:11,408 [s0-server-thread1] INFO  server.RaftServerConfigKeys (ConfUtils.java:logGet(46)) - raft.server.log.appender.install.snapshot.enabled = true (default)
2024-09-29 22:58:11,408 [s0-server-thread1] INFO  grpc.GrpcConfigKeys (ConfUtils.java:logGet(46)) - raft.grpc.server.heartbeat.channel = true (default)
2024-09-29 22:58:11,408 [s0@group-ADEFD529BBEB->s1-GrpcLogAppender-LogAppenderDaemon] INFO  server.GrpcLogAppender (GrpcLogAppender.java:installSnapshot(757)) - s0@group-ADEFD529BBEB->s1-GrpcLogAppender: followerNextIndex = 0 but logStartIndex = 0, send snapshot FileListSnapshotInfo(t:1, i:191):[/tmp/ratis-tests/statemachine/s0/snapshot/1_191/vegetable, /tmp/ratis-tests/statemachine/s0/snapshot/1_191/loves, /tmp/ratis-tests/statemachine/s0/snapshot/1_191/deer] to follower
2024-09-29 22:58:11,408 [s0@group-ADEFD529BBEB->s1-GrpcLogAppender-LogAppenderDaemon] INFO  server.GrpcServerProtocolClient (GrpcServerProtocolClient.java:<init>(65)) - Build channel for s1|0.0.0.0:15050
2024-09-29 22:58:11,408 [s0@group-ADEFD529BBEB->s2-GrpcLogAppender-LogAppenderDaemon] INFO  server.GrpcLogAppender (GrpcLogAppender.java:installSnapshot(757)) - s0@group-ADEFD529BBEB->s2-GrpcLogAppender: followerNextIndex = 0 but logStartIndex = 0, send snapshot FileListSnapshotInfo(t:1, i:191):[/tmp/ratis-tests/statemachine/s0/snapshot/1_191/vegetable, /tmp/ratis-tests/statemachine/s0/snapshot/1_191/loves, /tmp/ratis-tests/statemachine/s0/snapshot/1_191/deer] to follower
2024-09-29 22:58:11,409 [s0@group-ADEFD529BBEB->s2-GrpcLogAppender-LogAppenderDaemon] INFO  server.GrpcServerProtocolClient (GrpcServerProtocolClient.java:<init>(65)) - Build channel for s2|0.0.0.0:15051
2024-09-29 22:58:11,410 [s0@group-ADEFD529BBEB->s2-GrpcLogAppender-LogAppenderDaemon] TRACE util.FileUtils (LogUtils.java:supplyAndLog(69)) - Successfully supplied Files.newInputStream /tmp/ratis-tests/statemachine/s0/snapshot/1_191/vegetable with options []: sun.nio.ch.ChannelInputStream@33db7060
2024-09-29 22:58:11,410 [s0@group-ADEFD529BBEB->s2-GrpcLogAppender-LogAppenderDaemon] TRACE util.FileUtils (LogUtils.java:supplyAndLog(69)) - Successfully supplied Files.newInputStream /tmp/ratis-tests/statemachine/s0/snapshot/1_191/loves with options []: sun.nio.ch.ChannelInputStream@1efad91
2024-09-29 22:58:11,410 [s0@group-ADEFD529BBEB->s2-GrpcLogAppender-LogAppenderDaemon] TRACE util.FileUtils (LogUtils.java:supplyAndLog(69)) - Successfully supplied Files.newInputStream /tmp/ratis-tests/statemachine/s0/snapshot/1_191/deer with options []: sun.nio.ch.ChannelInputStream@4bcbfca9
2024-09-29 22:58:11,411 [s0@group-ADEFD529BBEB->s1-GrpcLogAppender-LogAppenderDaemon] TRACE util.FileUtils (LogUtils.java:supplyAndLog(69)) - Successfully supplied Files.newInputStream /tmp/ratis-tests/statemachine/s0/snapshot/1_191/vegetable with options []: sun.nio.ch.ChannelInputStream@7972321c
2024-09-29 22:58:11,411 [s0@group-ADEFD529BBEB->s1-GrpcLogAppender-LogAppenderDaemon] TRACE util.FileUtils (LogUtils.java:supplyAndLog(69)) - Successfully supplied Files.newInputStream /tmp/ratis-tests/statemachine/s0/snapshot/1_191/loves with options []: sun.nio.ch.ChannelInputStream@d9cda64
2024-09-29 22:58:11,412 [grpc-default-executor-2] INFO  impl.SnapshotInstallationHandler (SnapshotInstallationHandler.java:installSnapshot(94)) - s1@group-ADEFD529BBEB: receive installSnapshot: s0->s1#0-t1,chunk:e1afc687-7ffd-464d-9783-f402e0c10235,0
2024-09-29 22:58:11,412 [grpc-default-executor-2] TRACE util.FileUtils (LogUtils.java:supplyAndLog(69)) - Successfully supplied FileChannel.open /home/runner/work/ratis/ratis/ratis-test/target/test/data/f7ba0e94/MiniRaftClusterWithGrpc7e5615dc/s1/2c412c1a-1359-4819-bda3-adefd529bbeb/current/raft-meta.tmp with options [CREATE, WRITE]: sun.nio.ch.FileChannelImpl@46f7061c
2024-09-29 22:58:11,412 [s0@group-ADEFD529BBEB->s1-GrpcLogAppender-LogAppenderDaemon] TRACE util.FileUtils (LogUtils.java:supplyAndLog(69)) - Successfully supplied Files.newInputStream /tmp/ratis-tests/statemachine/s0/snapshot/1_191/deer with options []: sun.nio.ch.ChannelInputStream@76f1c0f3
2024-09-29 22:58:11,414 [grpc-default-executor-2] TRACE util.FileUtils (LogUtils.java:runAndLog(49)) - Successfully ran Atomic Files.move /home/runner/work/ratis/ratis/ratis-test/target/test/data/f7ba0e94/MiniRaftClusterWithGrpc7e5615dc/s1/2c412c1a-1359-4819-bda3-adefd529bbeb/current/raft-meta.tmp to /home/runner/work/ratis/ratis/ratis-test/target/test/data/f7ba0e94/MiniRaftClusterWithGrpc7e5615dc/s1/2c412c1a-1359-4819-bda3-adefd529bbeb/current/raft-meta with options [REPLACE_EXISTING]
2024-09-29 22:58:11,414 [grpc-default-executor-2] INFO  server.RaftServer$Division (RaftServerImpl.java:setFirstElection(559)) - s1@group-ADEFD529BBEB: set firstElectionSinceStartup to false for installSnapshot
2024-09-29 22:58:11,414 [grpc-default-executor-2] INFO  server.RaftServer$Division (ServerState.java:setLeader(272)) - s1@group-ADEFD529BBEB: change Leader from null to s0 at term 1 for installSnapshot, leader elected after 37ms
2024-09-29 22:58:11,414 [grpc-default-executor-2] TRACE util.FileUtils (LogUtils.java:runAndLog(49)) - Successfully ran Files.createDirectories /tmp/ratis-tests/statemachine/s1/tmp/snapshot-e1afc687-7ffd-464d-9783-f402e0c10235
2024-09-29 22:58:11,414 [grpc-default-executor-2] INFO  storage.SnapshotManager (SnapshotManager.java:installSnapshot(111)) - Installing snapshot:s0->s1#0-t1,chunk:e1afc687-7ffd-464d-9783-f402e0c10235,0, to tmp dir:/tmp/ratis-tests/statemachine/s1/tmp/snapshot-e1afc687-7ffd-464d-9783-f402e0c10235
2024-09-29 22:58:11,415 [grpc-default-executor-2] TRACE util.FileUtils (LogUtils.java:runAndLog(49)) - Successfully ran Files.createDirectories /tmp/ratis-tests/statemachine/s1/tmp/snapshot-e1afc687-7ffd-464d-9783-f402e0c10235/1_191
2024-09-29 22:58:11,415 [grpc-default-executor-2] TRACE util.FileUtils (LogUtils.java:supplyAndLog(69)) - Successfully supplied FileChannel.open /tmp/ratis-tests/statemachine/s1/tmp/snapshot-e1afc687-7ffd-464d-9783-f402e0c10235/1_191/vegetable with options [WRITE, CREATE]: sun.nio.ch.FileChannelImpl@73243f5c
2024-09-29 22:58:11,415 [grpc-default-executor-2] TRACE util.FileUtils (LogUtils.java:supplyAndLog(69)) - Successfully supplied FileChannel.open /tmp/ratis-tests/statemachine/s1/tmp/snapshot-e1afc687-7ffd-464d-9783-f402e0c10235/1_191/vegetable.md5.tmp with options [CREATE, WRITE]: sun.nio.ch.FileChannelImpl@2c87255c
2024-09-29 22:58:11,416 [grpc-default-executor-3] INFO  impl.SnapshotInstallationHandler (SnapshotInstallationHandler.java:installSnapshot(94)) - s2@group-ADEFD529BBEB: receive installSnapshot: s0->s2#0-t1,chunk:177b29db-715f-4c63-8208-2f4fd5fe92f8,0
2024-09-29 22:58:11,417 [grpc-default-executor-3] TRACE util.FileUtils (LogUtils.java:supplyAndLog(69)) - Successfully supplied FileChannel.open /home/runner/work/ratis/ratis/ratis-test/target/test/data/f7ba0e94/MiniRaftClusterWithGrpc7e5615dc/s2/2c412c1a-1359-4819-bda3-adefd529bbeb/current/raft-meta.tmp with options [CREATE, WRITE]: sun.nio.ch.FileChannelImpl@322e2619
2024-09-29 22:58:11,418 [grpc-default-executor-2] TRACE util.FileUtils (LogUtils.java:runAndLog(49)) - Successfully ran Atomic Files.move /tmp/ratis-tests/statemachine/s1/tmp/snapshot-e1afc687-7ffd-464d-9783-f402e0c10235/1_191/vegetable.md5.tmp to /tmp/ratis-tests/statemachine/s1/tmp/snapshot-e1afc687-7ffd-464d-9783-f402e0c10235/1_191/vegetable.md5 with options [REPLACE_EXISTING]
2024-09-29 22:58:11,418 [grpc-default-executor-2] INFO  impl.SnapshotInstallationHandler (SnapshotInstallationHandler.java:installSnapshotImpl(140)) - s1@group-ADEFD529BBEB: set new configuration configurationEntry {
  peers {
    id: "s0"
    address: "localhost:15046"
    dataStreamAddress: "localhost:15049"
    clientAddress: "localhost:15048"
    adminAddress: "localhost:15047"
    startupRole: FOLLOWER
  }
}
 from snapshot
2024-09-29 22:58:11,418 [grpc-default-executor-2] INFO  server.RaftServer$Division (ServerState.java:setRaftConf(386)) - s1@group-ADEFD529BBEB: set configuration conf: {index: 0, cur=peers:[s0|localhost:15046]|listeners:[], old=null}
2024-09-29 22:58:11,419 [grpc-default-executor-2] TRACE util.FileUtils (LogUtils.java:supplyAndLog(69)) - Successfully supplied FileChannel.open /home/runner/work/ratis/ratis/ratis-test/target/test/data/f7ba0e94/MiniRaftClusterWithGrpc7e5615dc/s1/2c412c1a-1359-4819-bda3-adefd529bbeb/current/raft-meta.conf.tmp with options [CREATE, WRITE]: sun.nio.ch.FileChannelImpl@7cd34163
2024-09-29 22:58:11,419 [grpc-default-executor-3] TRACE util.FileUtils (LogUtils.java:runAndLog(49)) - Successfully ran Atomic Files.move /home/runner/work/ratis/ratis/ratis-test/target/test/data/f7ba0e94/MiniRaftClusterWithGrpc7e5615dc/s2/2c412c1a-1359-4819-bda3-adefd529bbeb/current/raft-meta.tmp to /home/runner/work/ratis/ratis/ratis-test/target/test/data/f7ba0e94/MiniRaftClusterWithGrpc7e5615dc/s2/2c412c1a-1359-4819-bda3-adefd529bbeb/current/raft-meta with options [REPLACE_EXISTING]
2024-09-29 22:58:11,419 [grpc-default-executor-3] INFO  server.RaftServer$Division (RaftServerImpl.java:setFirstElection(559)) - s2@group-ADEFD529BBEB: set firstElectionSinceStartup to false for installSnapshot
2024-09-29 22:58:11,419 [grpc-default-executor-3] INFO  server.RaftServer$Division (ServerState.java:setLeader(272)) - s2@group-ADEFD529BBEB: change Leader from null to s0 at term 1 for installSnapshot, leader elected after 37ms
2024-09-29 22:58:11,419 [grpc-default-executor-3] TRACE util.FileUtils (LogUtils.java:runAndLog(49)) - Successfully ran Files.createDirectories /tmp/ratis-tests/statemachine/s2/tmp/snapshot-177b29db-715f-4c63-8208-2f4fd5fe92f8
2024-09-29 22:58:11,419 [grpc-default-executor-3] INFO  storage.SnapshotManager (SnapshotManager.java:installSnapshot(111)) - Installing snapshot:s0->s2#0-t1,chunk:177b29db-715f-4c63-8208-2f4fd5fe92f8,0, to tmp dir:/tmp/ratis-tests/statemachine/s2/tmp/snapshot-177b29db-715f-4c63-8208-2f4fd5fe92f8
2024-09-29 22:58:11,420 [grpc-default-executor-3] TRACE util.FileUtils (LogUtils.java:runAndLog(49)) - Successfully ran Files.createDirectories /tmp/ratis-tests/statemachine/s2/tmp/snapshot-177b29db-715f-4c63-8208-2f4fd5fe92f8/1_191
2024-09-29 22:58:11,420 [grpc-default-executor-3] TRACE util.FileUtils (LogUtils.java:supplyAndLog(69)) - Successfully supplied FileChannel.open /tmp/ratis-tests/statemachine/s2/tmp/snapshot-177b29db-715f-4c63-8208-2f4fd5fe92f8/1_191/vegetable with options [WRITE, CREATE]: sun.nio.ch.FileChannelImpl@7874fe5f
2024-09-29 22:58:11,420 [grpc-default-executor-3] TRACE util.FileUtils (LogUtils.java:supplyAndLog(69)) - Successfully supplied FileChannel.open /tmp/ratis-tests/statemachine/s2/tmp/snapshot-177b29db-715f-4c63-8208-2f4fd5fe92f8/1_191/vegetable.md5.tmp with options [CREATE, WRITE]: sun.nio.ch.FileChannelImpl@4f76fd6a
2024-09-29 22:58:11,421 [grpc-default-executor-2] TRACE util.FileUtils (LogUtils.java:runAndLog(49)) - Successfully ran Atomic Files.move /home/runner/work/ratis/ratis/ratis-test/target/test/data/f7ba0e94/MiniRaftClusterWithGrpc7e5615dc/s1/2c412c1a-1359-4819-bda3-adefd529bbeb/current/raft-meta.conf.tmp to /home/runner/work/ratis/ratis/ratis-test/target/test/data/f7ba0e94/MiniRaftClusterWithGrpc7e5615dc/s1/2c412c1a-1359-4819-bda3-adefd529bbeb/current/raft-meta.conf with options [REPLACE_EXISTING]
2024-09-29 22:58:11,421 [grpc-default-executor-2] INFO  impl.SnapshotInstallationHandler (SnapshotInstallationHandler.java:installSnapshot(105)) - s1@group-ADEFD529BBEB: reply installSnapshot: s0<-s1#0:OK-t0,SUCCESS,requestIndex=0
2024-09-29 22:58:11,421 [grpc-default-executor-3] TRACE util.FileUtils (LogUtils.java:runAndLog(49)) - Successfully ran Atomic Files.move /tmp/ratis-tests/statemachine/s2/tmp/snapshot-177b29db-715f-4c63-8208-2f4fd5fe92f8/1_191/vegetable.md5.tmp to /tmp/ratis-tests/statemachine/s2/tmp/snapshot-177b29db-715f-4c63-8208-2f4fd5fe92f8/1_191/vegetable.md5 with options [REPLACE_EXISTING]
2024-09-29 22:58:11,421 [grpc-default-executor-3] INFO  impl.SnapshotInstallationHandler (SnapshotInstallationHandler.java:installSnapshotImpl(140)) - s2@group-ADEFD529BBEB: set new configuration configurationEntry {
  peers {
    id: "s0"
    address: "localhost:15046"
    dataStreamAddress: "localhost:15049"
    clientAddress: "localhost:15048"
    adminAddress: "localhost:15047"
    startupRole: FOLLOWER
  }
}
 from snapshot
2024-09-29 22:58:11,421 [grpc-default-executor-3] INFO  server.RaftServer$Division (ServerState.java:setRaftConf(386)) - s2@group-ADEFD529BBEB: set configuration conf: {index: 0, cur=peers:[s0|localhost:15046]|listeners:[], old=null}
2024-09-29 22:58:11,421 [grpc-default-executor-3] TRACE util.FileUtils (LogUtils.java:supplyAndLog(69)) - Successfully supplied FileChannel.open /home/runner/work/ratis/ratis/ratis-test/target/test/data/f7ba0e94/MiniRaftClusterWithGrpc7e5615dc/s2/2c412c1a-1359-4819-bda3-adefd529bbeb/current/raft-meta.conf.tmp with options [CREATE, WRITE]: sun.nio.ch.FileChannelImpl@6c778a1d
2024-09-29 22:58:11,422 [grpc-default-executor-1] INFO  server.GrpcLogAppender (GrpcLogAppender.java:onNext(664)) - s0@group-ADEFD529BBEB->s1-InstallSnapshotResponseHandler: received the first reply s0<-s1#0:OK-t0,SUCCESS,requestIndex=0
2024-09-29 22:58:11,422 [grpc-default-executor-2] INFO  impl.SnapshotInstallationHandler (SnapshotInstallationHandler.java:installSnapshot(94)) - s1@group-ADEFD529BBEB: receive installSnapshot: s0->s1#0-t1,chunk:e1afc687-7ffd-464d-9783-f402e0c10235,1
2024-09-29 22:58:11,422 [grpc-default-executor-1] INFO  server.GrpcLogAppender (GrpcLogAppender.java:onNext(675)) - s0@group-ADEFD529BBEB->s1-InstallSnapshotResponseHandler: Completed InstallSnapshot. Reply: serverReply {
  requestorId: "s0"
  replyId: "s1"
  raftGroupId {
    id: ",A,\032\023YH\031\275\243\255\357\325)\273\353"
  }
  success: true
}
requestIndex: 0

2024-09-29 22:58:11,422 [grpc-default-executor-2] TRACE util.FileUtils (LogUtils.java:runAndLog(49)) - Successfully ran Files.createDirectories /tmp/ratis-tests/statemachine/s1/tmp/snapshot-e1afc687-7ffd-464d-9783-f402e0c10235
2024-09-29 22:58:11,422 [grpc-default-executor-1] INFO  leader.FollowerInfo (FollowerInfoImpl.java:setAttemptedToInstallSnapshot(154)) - Follower s0@group-ADEFD529BBEB->s1 acknowledged installing snapshot
2024-09-29 22:58:11,423 [grpc-default-executor-2] INFO  storage.SnapshotManager (SnapshotManager.java:installSnapshot(111)) - Installing snapshot:s0->s1#0-t1,chunk:e1afc687-7ffd-464d-9783-f402e0c10235,1, to tmp dir:/tmp/ratis-tests/statemachine/s1/tmp/snapshot-e1afc687-7ffd-464d-9783-f402e0c10235
2024-09-29 22:58:11,422 [grpc-default-executor-3] TRACE util.FileUtils (LogUtils.java:runAndLog(49)) - Successfully ran Atomic Files.move /home/runner/work/ratis/ratis/ratis-test/target/test/data/f7ba0e94/MiniRaftClusterWithGrpc7e5615dc/s2/2c412c1a-1359-4819-bda3-adefd529bbeb/current/raft-meta.conf.tmp to /home/runner/work/ratis/ratis/ratis-test/target/test/data/f7ba0e94/MiniRaftClusterWithGrpc7e5615dc/s2/2c412c1a-1359-4819-bda3-adefd529bbeb/current/raft-meta.conf with options [REPLACE_EXISTING]
2024-09-29 22:58:11,423 [grpc-default-executor-3] INFO  impl.SnapshotInstallationHandler (SnapshotInstallationHandler.java:installSnapshot(105)) - s2@group-ADEFD529BBEB: reply installSnapshot: s0<-s2#0:OK-t0,SUCCESS,requestIndex=0
2024-09-29 22:58:11,423 [grpc-default-executor-2] TRACE util.FileUtils (LogUtils.java:runAndLog(49)) - Successfully ran Files.createDirectories /tmp/ratis-tests/statemachine/s1/tmp/snapshot-e1afc687-7ffd-464d-9783-f402e0c10235/1_191
2024-09-29 22:58:11,423 [grpc-default-executor-2] TRACE util.FileUtils (LogUtils.java:supplyAndLog(69)) - Successfully supplied FileChannel.open /tmp/ratis-tests/statemachine/s1/tmp/snapshot-e1afc687-7ffd-464d-9783-f402e0c10235/1_191/loves with options [WRITE, CREATE]: sun.nio.ch.FileChannelImpl@50666ecd
2024-09-29 22:58:11,423 [grpc-default-executor-1] INFO  server.GrpcLogAppender (GrpcLogAppender.java:onNext(664)) - s0@group-ADEFD529BBEB->s2-InstallSnapshotResponseHandler: received the first reply s0<-s2#0:OK-t0,SUCCESS,requestIndex=0
2024-09-29 22:58:11,423 [grpc-default-executor-1] INFO  server.GrpcLogAppender (GrpcLogAppender.java:onNext(675)) - s0@group-ADEFD529BBEB->s2-InstallSnapshotResponseHandler: Completed InstallSnapshot. Reply: serverReply {
  requestorId: "s0"
  replyId: "s2"
  raftGroupId {
    id: ",A,\032\023YH\031\275\243\255\357\325)\273\353"
  }
  success: true
}
requestIndex: 0

2024-09-29 22:58:11,423 [grpc-default-executor-1] INFO  leader.FollowerInfo (FollowerInfoImpl.java:setAttemptedToInstallSnapshot(154)) - Follower s0@group-ADEFD529BBEB->s2 acknowledged installing snapshot
2024-09-29 22:58:11,424 [grpc-default-executor-3] INFO  impl.SnapshotInstallationHandler (SnapshotInstallationHandler.java:installSnapshot(94)) - s2@group-ADEFD529BBEB: receive installSnapshot: s0->s2#0-t1,chunk:177b29db-715f-4c63-8208-2f4fd5fe92f8,1
2024-09-29 22:58:11,423 [grpc-default-executor-2] TRACE util.FileUtils (LogUtils.java:supplyAndLog(69)) - Successfully supplied FileChannel.open /tmp/ratis-tests/statemachine/s1/tmp/snapshot-e1afc687-7ffd-464d-9783-f402e0c10235/1_191/loves.md5.tmp with options [CREATE, WRITE]: sun.nio.ch.FileChannelImpl@455e0c58
2024-09-29 22:58:11,424 [grpc-default-executor-3] TRACE util.FileUtils (LogUtils.java:runAndLog(49)) - Successfully ran Files.createDirectories /tmp/ratis-tests/statemachine/s2/tmp/snapshot-177b29db-715f-4c63-8208-2f4fd5fe92f8
2024-09-29 22:58:11,424 [grpc-default-executor-3] INFO  storage.SnapshotManager (SnapshotManager.java:installSnapshot(111)) - Installing snapshot:s0->s2#0-t1,chunk:177b29db-715f-4c63-8208-2f4fd5fe92f8,1, to tmp dir:/tmp/ratis-tests/statemachine/s2/tmp/snapshot-177b29db-715f-4c63-8208-2f4fd5fe92f8
2024-09-29 22:58:11,424 [grpc-default-executor-3] TRACE util.FileUtils (LogUtils.java:runAndLog(49)) - Successfully ran Files.createDirectories /tmp/ratis-tests/statemachine/s2/tmp/snapshot-177b29db-715f-4c63-8208-2f4fd5fe92f8/1_191
2024-09-29 22:58:11,424 [grpc-default-executor-3] TRACE util.FileUtils (LogUtils.java:supplyAndLog(69)) - Successfully supplied FileChannel.open /tmp/ratis-tests/statemachine/s2/tmp/snapshot-177b29db-715f-4c63-8208-2f4fd5fe92f8/1_191/loves with options [WRITE, CREATE]: sun.nio.ch.FileChannelImpl@70f3e2c8
2024-09-29 22:58:11,424 [grpc-default-executor-3] TRACE util.FileUtils (LogUtils.java:supplyAndLog(69)) - Successfully supplied FileChannel.open /tmp/ratis-tests/statemachine/s2/tmp/snapshot-177b29db-715f-4c63-8208-2f4fd5fe92f8/1_191/loves.md5.tmp with options [CREATE, WRITE]: sun.nio.ch.FileChannelImpl@816dc11
2024-09-29 22:58:11,425 [grpc-default-executor-2] TRACE util.FileUtils (LogUtils.java:runAndLog(49)) - Successfully ran Atomic Files.move /tmp/ratis-tests/statemachine/s1/tmp/snapshot-e1afc687-7ffd-464d-9783-f402e0c10235/1_191/loves.md5.tmp to /tmp/ratis-tests/statemachine/s1/tmp/snapshot-e1afc687-7ffd-464d-9783-f402e0c10235/1_191/loves.md5 with options [REPLACE_EXISTING]
2024-09-29 22:58:11,425 [grpc-default-executor-2] INFO  impl.SnapshotInstallationHandler (SnapshotInstallationHandler.java:installSnapshotImpl(140)) - s1@group-ADEFD529BBEB: set new configuration configurationEntry {
  peers {
    id: "s0"
    address: "localhost:15046"
    dataStreamAddress: "localhost:15049"
    clientAddress: "localhost:15048"
    adminAddress: "localhost:15047"
    startupRole: FOLLOWER
  }
}
 from snapshot
2024-09-29 22:58:11,425 [grpc-default-executor-2] INFO  server.RaftServer$Division (ServerState.java:setRaftConf(386)) - s1@group-ADEFD529BBEB: set configuration conf: {index: 0, cur=peers:[s0|localhost:15046]|listeners:[], old=null}
2024-09-29 22:58:11,425 [grpc-default-executor-2] TRACE util.FileUtils (LogUtils.java:supplyAndLog(69)) - Successfully supplied FileChannel.open /home/runner/work/ratis/ratis/ratis-test/target/test/data/f7ba0e94/MiniRaftClusterWithGrpc7e5615dc/s1/2c412c1a-1359-4819-bda3-adefd529bbeb/current/raft-meta.conf.tmp with options [CREATE, WRITE]: sun.nio.ch.FileChannelImpl@23e095c9
2024-09-29 22:58:11,426 [grpc-default-executor-3] TRACE util.FileUtils (LogUtils.java:runAndLog(49)) - Successfully ran Atomic Files.move /tmp/ratis-tests/statemachine/s2/tmp/snapshot-177b29db-715f-4c63-8208-2f4fd5fe92f8/1_191/loves.md5.tmp to /tmp/ratis-tests/statemachine/s2/tmp/snapshot-177b29db-715f-4c63-8208-2f4fd5fe92f8/1_191/loves.md5 with options [REPLACE_EXISTING]
2024-09-29 22:58:11,426 [grpc-default-executor-3] INFO  impl.SnapshotInstallationHandler (SnapshotInstallationHandler.java:installSnapshotImpl(140)) - s2@group-ADEFD529BBEB: set new configuration configurationEntry {
  peers {
    id: "s0"
    address: "localhost:15046"
    dataStreamAddress: "localhost:15049"
    clientAddress: "localhost:15048"
    adminAddress: "localhost:15047"
    startupRole: FOLLOWER
  }
}
 from snapshot
2024-09-29 22:58:11,426 [grpc-default-executor-3] INFO  server.RaftServer$Division (ServerState.java:setRaftConf(386)) - s2@group-ADEFD529BBEB: set configuration conf: {index: 0, cur=peers:[s0|localhost:15046]|listeners:[], old=null}
2024-09-29 22:58:11,426 [grpc-default-executor-3] TRACE util.FileUtils (LogUtils.java:supplyAndLog(69)) - Successfully supplied FileChannel.open /home/runner/work/ratis/ratis/ratis-test/target/test/data/f7ba0e94/MiniRaftClusterWithGrpc7e5615dc/s2/2c412c1a-1359-4819-bda3-adefd529bbeb/current/raft-meta.conf.tmp with options [CREATE, WRITE]: sun.nio.ch.FileChannelImpl@58e1986c
2024-09-29 22:58:11,427 [grpc-default-executor-2] TRACE util.FileUtils (LogUtils.java:runAndLog(49)) - Successfully ran Atomic Files.move /home/runner/work/ratis/ratis/ratis-test/target/test/data/f7ba0e94/MiniRaftClusterWithGrpc7e5615dc/s1/2c412c1a-1359-4819-bda3-adefd529bbeb/current/raft-meta.conf.tmp to /home/runner/work/ratis/ratis/ratis-test/target/test/data/f7ba0e94/MiniRaftClusterWithGrpc7e5615dc/s1/2c412c1a-1359-4819-bda3-adefd529bbeb/current/raft-meta.conf with options [REPLACE_EXISTING]
2024-09-29 22:58:11,427 [grpc-default-executor-2] INFO  impl.SnapshotInstallationHandler (SnapshotInstallationHandler.java:installSnapshot(105)) - s1@group-ADEFD529BBEB: reply installSnapshot: s0<-s1#0:OK-t1,SUCCESS,requestIndex=1
2024-09-29 22:58:11,427 [grpc-default-executor-2] INFO  impl.SnapshotInstallationHandler (SnapshotInstallationHandler.java:installSnapshot(94)) - s1@group-ADEFD529BBEB: receive installSnapshot: s0->s1#0-t1,chunk:e1afc687-7ffd-464d-9783-f402e0c10235,2
2024-09-29 22:58:11,427 [grpc-default-executor-1] INFO  server.GrpcLogAppender (GrpcLogAppender.java:onNext(664)) - s0@group-ADEFD529BBEB->s1-InstallSnapshotResponseHandler: received a reply s0<-s1#0:OK-t1,SUCCESS,requestIndex=1
2024-09-29 22:58:11,427 [grpc-default-executor-3] TRACE util.FileUtils (LogUtils.java:runAndLog(49)) - Successfully ran Atomic Files.move /home/runner/work/ratis/ratis/ratis-test/target/test/data/f7ba0e94/MiniRaftClusterWithGrpc7e5615dc/s2/2c412c1a-1359-4819-bda3-adefd529bbeb/current/raft-meta.conf.tmp to /home/runner/work/ratis/ratis/ratis-test/target/test/data/f7ba0e94/MiniRaftClusterWithGrpc7e5615dc/s2/2c412c1a-1359-4819-bda3-adefd529bbeb/current/raft-meta.conf with options [REPLACE_EXISTING]
2024-09-29 22:58:11,427 [grpc-default-executor-1] INFO  server.GrpcLogAppender (GrpcLogAppender.java:onNext(675)) - s0@group-ADEFD529BBEB->s1-InstallSnapshotResponseHandler: Completed InstallSnapshot. Reply: serverReply {
  requestorId: "s0"
  replyId: "s1"
  raftGroupId {
    id: ",A,\032\023YH\031\275\243\255\357\325)\273\353"
  }
  success: true
}
term: 1
requestIndex: 1

2024-09-29 22:58:11,428 [grpc-default-executor-1] INFO  leader.FollowerInfo (FollowerInfoImpl.java:setAttemptedToInstallSnapshot(154)) - Follower s0@group-ADEFD529BBEB->s1 acknowledged installing snapshot
2024-09-29 22:58:11,428 [grpc-default-executor-3] INFO  impl.SnapshotInstallationHandler (SnapshotInstallationHandler.java:installSnapshot(105)) - s2@group-ADEFD529BBEB: reply installSnapshot: s0<-s2#0:OK-t1,SUCCESS,requestIndex=1
2024-09-29 22:58:11,428 [grpc-default-executor-1] INFO  server.GrpcLogAppender (GrpcLogAppender.java:onNext(664)) - s0@group-ADEFD529BBEB->s2-InstallSnapshotResponseHandler: received a reply s0<-s2#0:OK-t1,SUCCESS,requestIndex=1
2024-09-29 22:58:11,428 [grpc-default-executor-1] INFO  server.GrpcLogAppender (GrpcLogAppender.java:onNext(675)) - s0@group-ADEFD529BBEB->s2-InstallSnapshotResponseHandler: Completed InstallSnapshot. Reply: serverReply {
  requestorId: "s0"
  replyId: "s2"
  raftGroupId {
    id: ",A,\032\023YH\031\275\243\255\357\325)\273\353"
  }
  success: true
}
term: 1
requestIndex: 1

2024-09-29 22:58:11,428 [grpc-default-executor-1] INFO  leader.FollowerInfo (FollowerInfoImpl.java:setAttemptedToInstallSnapshot(154)) - Follower s0@group-ADEFD529BBEB->s2 acknowledged installing snapshot
2024-09-29 22:58:11,428 [grpc-default-executor-3] INFO  impl.SnapshotInstallationHandler (SnapshotInstallationHandler.java:installSnapshot(94)) - s2@group-ADEFD529BBEB: receive installSnapshot: s0->s2#0-t1,chunk:177b29db-715f-4c63-8208-2f4fd5fe92f8,2
2024-09-29 22:58:11,428 [grpc-default-executor-3] TRACE util.FileUtils (LogUtils.java:runAndLog(49)) - Successfully ran Files.createDirectories /tmp/ratis-tests/statemachine/s2/tmp/snapshot-177b29db-715f-4c63-8208-2f4fd5fe92f8
2024-09-29 22:58:11,428 [grpc-default-executor-3] INFO  storage.SnapshotManager (SnapshotManager.java:installSnapshot(111)) - Installing snapshot:s0->s2#0-t1,chunk:177b29db-715f-4c63-8208-2f4fd5fe92f8,2, to tmp dir:/tmp/ratis-tests/statemachine/s2/tmp/snapshot-177b29db-715f-4c63-8208-2f4fd5fe92f8
2024-09-29 22:58:11,429 [grpc-default-executor-3] TRACE util.FileUtils (LogUtils.java:runAndLog(49)) - Successfully ran Files.createDirectories /tmp/ratis-tests/statemachine/s2/tmp/snapshot-177b29db-715f-4c63-8208-2f4fd5fe92f8/1_191
2024-09-29 22:58:11,429 [grpc-default-executor-3] TRACE util.FileUtils (LogUtils.java:supplyAndLog(69)) - Successfully supplied FileChannel.open /tmp/ratis-tests/statemachine/s2/tmp/snapshot-177b29db-715f-4c63-8208-2f4fd5fe92f8/1_191/deer with options [WRITE, CREATE]: sun.nio.ch.FileChannelImpl@4b0686a8
2024-09-29 22:58:11,429 [grpc-default-executor-3] TRACE util.FileUtils (LogUtils.java:supplyAndLog(69)) - Successfully supplied FileChannel.open /tmp/ratis-tests/statemachine/s2/tmp/snapshot-177b29db-715f-4c63-8208-2f4fd5fe92f8/1_191/deer.md5.tmp with options [CREATE, WRITE]: sun.nio.ch.FileChannelImpl@754e3d8d
2024-09-29 22:58:11,428 [grpc-default-executor-2] TRACE util.FileUtils (LogUtils.java:runAndLog(49)) - Successfully ran Files.createDirectories /tmp/ratis-tests/statemachine/s1/tmp/snapshot-e1afc687-7ffd-464d-9783-f402e0c10235
2024-09-29 22:58:11,429 [grpc-default-executor-2] INFO  storage.SnapshotManager (SnapshotManager.java:installSnapshot(111)) - Installing snapshot:s0->s1#0-t1,chunk:e1afc687-7ffd-464d-9783-f402e0c10235,2, to tmp dir:/tmp/ratis-tests/statemachine/s1/tmp/snapshot-e1afc687-7ffd-464d-9783-f402e0c10235
2024-09-29 22:58:11,429 [grpc-default-executor-2] TRACE util.FileUtils (LogUtils.java:runAndLog(49)) - Successfully ran Files.createDirectories /tmp/ratis-tests/statemachine/s1/tmp/snapshot-e1afc687-7ffd-464d-9783-f402e0c10235/1_191
2024-09-29 22:58:11,430 [grpc-default-executor-2] TRACE util.FileUtils (LogUtils.java:supplyAndLog(69)) - Successfully supplied FileChannel.open /tmp/ratis-tests/statemachine/s1/tmp/snapshot-e1afc687-7ffd-464d-9783-f402e0c10235/1_191/deer with options [WRITE, CREATE]: sun.nio.ch.FileChannelImpl@11d06c4e
2024-09-29 22:58:11,430 [grpc-default-executor-2] TRACE util.FileUtils (LogUtils.java:supplyAndLog(69)) - Successfully supplied FileChannel.open /tmp/ratis-tests/statemachine/s1/tmp/snapshot-e1afc687-7ffd-464d-9783-f402e0c10235/1_191/deer.md5.tmp with options [CREATE, WRITE]: sun.nio.ch.FileChannelImpl@24d99ee0
2024-09-29 22:58:11,431 [grpc-default-executor-3] TRACE util.FileUtils (LogUtils.java:runAndLog(49)) - Successfully ran Atomic Files.move /tmp/ratis-tests/statemachine/s2/tmp/snapshot-177b29db-715f-4c63-8208-2f4fd5fe92f8/1_191/deer.md5.tmp to /tmp/ratis-tests/statemachine/s2/tmp/snapshot-177b29db-715f-4c63-8208-2f4fd5fe92f8/1_191/deer.md5 with options [REPLACE_EXISTING]
2024-09-29 22:58:11,431 [grpc-default-executor-3] INFO  storage.SnapshotManager (SnapshotManager.java:rename(174)) - Installed snapshot, renaming temporary dir /tmp/ratis-tests/statemachine/s2/tmp/snapshot-177b29db-715f-4c63-8208-2f4fd5fe92f8 to /tmp/ratis-tests/statemachine/s2/snapshot
2024-09-29 22:58:11,431 [grpc-default-executor-2] TRACE util.FileUtils (LogUtils.java:runAndLog(49)) - Successfully ran Atomic Files.move /tmp/ratis-tests/statemachine/s1/tmp/snapshot-e1afc687-7ffd-464d-9783-f402e0c10235/1_191/deer.md5.tmp to /tmp/ratis-tests/statemachine/s1/tmp/snapshot-e1afc687-7ffd-464d-9783-f402e0c10235/1_191/deer.md5 with options [REPLACE_EXISTING]
2024-09-29 22:58:11,431 [grpc-default-executor-2] INFO  storage.SnapshotManager (SnapshotManager.java:rename(174)) - Installed snapshot, renaming temporary dir /tmp/ratis-tests/statemachine/s1/tmp/snapshot-e1afc687-7ffd-464d-9783-f402e0c10235 to /tmp/ratis-tests/statemachine/s1/snapshot
2024-09-29 22:58:11,431 [grpc-default-executor-3] TRACE util.FileUtils (LogUtils.java:runAndLog(49)) - Successfully ran Atomic Files.move /tmp/ratis-tests/statemachine/s2/snapshot to /tmp/ratis-tests/statemachine/s2/snapshot.tmp20240929-225811_431
2024-09-29 22:58:11,431 [grpc-default-executor-2] TRACE util.FileUtils (LogUtils.java:runAndLog(49)) - Successfully ran Atomic Files.move /tmp/ratis-tests/statemachine/s1/snapshot to /tmp/ratis-tests/statemachine/s1/snapshot.tmp20240929-225811_431
2024-09-29 22:58:11,431 [grpc-default-executor-3] TRACE util.FileUtils (LogUtils.java:runAndLog(49)) - Successfully ran Atomic Files.move /tmp/ratis-tests/statemachine/s2/tmp/snapshot-177b29db-715f-4c63-8208-2f4fd5fe92f8 to /tmp/ratis-tests/statemachine/s2/snapshot
2024-09-29 22:58:11,432 [grpc-default-executor-3] TRACE util.FileUtils (FileUtils.java:deleteFully(305)) - deleteFully /tmp/ratis-tests/statemachine/s2/snapshot.tmp20240929-225811_431
2024-09-29 22:58:11,431 [grpc-default-executor-2] TRACE util.FileUtils (LogUtils.java:runAndLog(49)) - Successfully ran Atomic Files.move /tmp/ratis-tests/statemachine/s1/tmp/snapshot-e1afc687-7ffd-464d-9783-f402e0c10235 to /tmp/ratis-tests/statemachine/s1/snapshot
2024-09-29 22:58:11,432 [grpc-default-executor-2] TRACE util.FileUtils (FileUtils.java:deleteFully(305)) - deleteFully /tmp/ratis-tests/statemachine/s1/snapshot.tmp20240929-225811_431
2024-09-29 22:58:11,432 [grpc-default-executor-3] TRACE util.FileUtils (LogUtils.java:runAndLog(49)) - Successfully ran Files.delete /tmp/ratis-tests/statemachine/s2/snapshot.tmp20240929-225811_431
2024-09-29 22:58:11,432 [grpc-default-executor-2] TRACE util.FileUtils (LogUtils.java:runAndLog(49)) - Successfully ran Files.delete /tmp/ratis-tests/statemachine/s1/snapshot.tmp20240929-225811_431
2024-09-29 22:58:11,432 [s2@group-ADEFD529BBEB-StateMachineUpdater] INFO  impl.SimpleStateMachine4Testing (SimpleStateMachine4Testing.java:reinitialize(238)) - Reinitializing StateMachineWithSeparatedSnapshotPath:s2:group-ADEFD529BBEB
2024-09-29 22:58:11,432 [grpc-default-executor-3] INFO  raftlog.RaftLog (RaftLogBase.java:lambda$new$0(57)) - s2@group-ADEFD529BBEB-SegmentedRaftLog: snapshotIndex: updateIncreasingly -1 -> 191
2024-09-29 22:58:11,432 [s2@group-ADEFD529BBEB-StateMachineUpdater] INFO  impl.SimpleStateMachine4Testing (SimpleStateMachine4Testing.java:loadSnapshot(300)) - Loading snapshot null
2024-09-29 22:58:11,432 [s2@group-ADEFD529BBEB-StateMachineUpdater] INFO  impl.StateMachineUpdater (StateMachineUpdater.java:lambda$new$0(102)) - s2@group-ADEFD529BBEB-StateMachineUpdater: snapshotIndex: setUnconditionally -1 -> 191
2024-09-29 22:58:11,432 [s2@group-ADEFD529BBEB-StateMachineUpdater] INFO  impl.StateMachineUpdater (StateMachineUpdater.java:lambda$new$0(102)) - s2@group-ADEFD529BBEB-StateMachineUpdater: appliedIndex: setUnconditionally -1 -> 191
2024-09-29 22:58:11,432 [s1@group-ADEFD529BBEB-StateMachineUpdater] INFO  impl.SimpleStateMachine4Testing (SimpleStateMachine4Testing.java:reinitialize(238)) - Reinitializing StateMachineWithSeparatedSnapshotPath:s1:group-ADEFD529BBEB
2024-09-29 22:58:11,432 [grpc-default-executor-2] INFO  raftlog.RaftLog (RaftLogBase.java:lambda$new$0(57)) - s1@group-ADEFD529BBEB-SegmentedRaftLog: snapshotIndex: updateIncreasingly -1 -> 191
2024-09-29 22:58:11,433 [s1@group-ADEFD529BBEB-StateMachineUpdater] INFO  impl.SimpleStateMachine4Testing (SimpleStateMachine4Testing.java:loadSnapshot(300)) - Loading snapshot null
2024-09-29 22:58:11,433 [s1@group-ADEFD529BBEB-StateMachineUpdater] INFO  impl.StateMachineUpdater (StateMachineUpdater.java:lambda$new$0(102)) - s1@group-ADEFD529BBEB-StateMachineUpdater: snapshotIndex: setUnconditionally -1 -> 191
2024-09-29 22:58:11,433 [s1@group-ADEFD529BBEB-StateMachineUpdater] INFO  impl.StateMachineUpdater (StateMachineUpdater.java:lambda$new$0(102)) - s1@group-ADEFD529BBEB-StateMachineUpdater: appliedIndex: setUnconditionally -1 -> 191
2024-09-29 22:58:11,432 [grpc-default-executor-3] INFO  segmented.SegmentedRaftLogWorker (SegmentedRaftLogWorker.java:lambda$new$0(138)) - s2@group-ADEFD529BBEB-SegmentedRaftLogWorker: flushIndex: setUnconditionally -1 -> 191
2024-09-29 22:58:11,433 [grpc-default-executor-3] INFO  segmented.SegmentedRaftLogWorker (SegmentedRaftLogWorker.java:lambda$new$0(138)) - s2@group-ADEFD529BBEB-SegmentedRaftLogWorker: safeCacheEvictIndex: setUnconditionally -1 -> 191
2024-09-29 22:58:11,433 [grpc-default-executor-2] INFO  segmented.SegmentedRaftLogWorker (SegmentedRaftLogWorker.java:lambda$new$0(138)) - s1@group-ADEFD529BBEB-SegmentedRaftLogWorker: flushIndex: setUnconditionally -1 -> 191
2024-09-29 22:58:11,433 [grpc-default-executor-2] INFO  segmented.SegmentedRaftLogWorker (SegmentedRaftLogWorker.java:lambda$new$0(138)) - s1@group-ADEFD529BBEB-SegmentedRaftLogWorker: safeCacheEvictIndex: setUnconditionally -1 -> 191
2024-09-29 22:58:11,433 [grpc-default-executor-3] INFO  raftlog.RaftLog (RaftLogBase.java:lambda$new$0(57)) - s2@group-ADEFD529BBEB-SegmentedRaftLog: purgeIndex: updateToMax old=-1, new=191, updated? true
2024-09-29 22:58:11,433 [grpc-default-executor-2] INFO  raftlog.RaftLog (RaftLogBase.java:lambda$new$0(57)) - s1@group-ADEFD529BBEB-SegmentedRaftLog: purgeIndex: updateToMax old=-1, new=191, updated? true
2024-09-29 22:58:11,433 [grpc-default-executor-2] INFO  impl.SnapshotInstallationHandler (SnapshotInstallationHandler.java:checkAndInstallSnapshot(207)) - s1@group-ADEFD529BBEB: successfully install the entire snapshot-191
2024-09-29 22:58:11,433 [grpc-default-executor-3] INFO  impl.SnapshotInstallationHandler (SnapshotInstallationHandler.java:checkAndInstallSnapshot(207)) - s2@group-ADEFD529BBEB: successfully install the entire snapshot-191
2024-09-29 22:58:11,434 [grpc-default-executor-2] INFO  impl.SnapshotInstallationHandler (SnapshotInstallationHandler.java:installSnapshotImpl(140)) - s1@group-ADEFD529BBEB: set new configuration configurationEntry {
  peers {
    id: "s0"
    address: "localhost:15046"
    dataStreamAddress: "localhost:15049"
    clientAddress: "localhost:15048"
    adminAddress: "localhost:15047"
    startupRole: FOLLOWER
  }
}
 from snapshot
2024-09-29 22:58:11,434 [grpc-default-executor-3] INFO  impl.SnapshotInstallationHandler (SnapshotInstallationHandler.java:installSnapshotImpl(140)) - s2@group-ADEFD529BBEB: set new configuration configurationEntry {
  peers {
    id: "s0"
    address: "localhost:15046"
    dataStreamAddress: "localhost:15049"
    clientAddress: "localhost:15048"
    adminAddress: "localhost:15047"
    startupRole: FOLLOWER
  }
}
 from snapshot
2024-09-29 22:58:11,434 [grpc-default-executor-2] INFO  server.RaftServer$Division (ServerState.java:setRaftConf(386)) - s1@group-ADEFD529BBEB: set configuration conf: {index: 0, cur=peers:[s0|localhost:15046]|listeners:[], old=null}
2024-09-29 22:58:11,434 [grpc-default-executor-3] INFO  server.RaftServer$Division (ServerState.java:setRaftConf(386)) - s2@group-ADEFD529BBEB: set configuration conf: {index: 0, cur=peers:[s0|localhost:15046]|listeners:[], old=null}
2024-09-29 22:58:11,434 [grpc-default-executor-3] TRACE util.FileUtils (LogUtils.java:supplyAndLog(69)) - Successfully supplied FileChannel.open /home/runner/work/ratis/ratis/ratis-test/target/test/data/f7ba0e94/MiniRaftClusterWithGrpc7e5615dc/s2/2c412c1a-1359-4819-bda3-adefd529bbeb/current/raft-meta.conf.tmp with options [CREATE, WRITE]: sun.nio.ch.FileChannelImpl@21b8e9b0
2024-09-29 22:58:11,434 [grpc-default-executor-2] TRACE util.FileUtils (LogUtils.java:supplyAndLog(69)) - Successfully supplied FileChannel.open /home/runner/work/ratis/ratis/ratis-test/target/test/data/f7ba0e94/MiniRaftClusterWithGrpc7e5615dc/s1/2c412c1a-1359-4819-bda3-adefd529bbeb/current/raft-meta.conf.tmp with options [CREATE, WRITE]: sun.nio.ch.FileChannelImpl@330096f
2024-09-29 22:58:11,436 [grpc-default-executor-3] TRACE util.FileUtils (LogUtils.java:runAndLog(49)) - Successfully ran Atomic Files.move /home/runner/work/ratis/ratis/ratis-test/target/test/data/f7ba0e94/MiniRaftClusterWithGrpc7e5615dc/s2/2c412c1a-1359-4819-bda3-adefd529bbeb/current/raft-meta.conf.tmp to /home/runner/work/ratis/ratis/ratis-test/target/test/data/f7ba0e94/MiniRaftClusterWithGrpc7e5615dc/s2/2c412c1a-1359-4819-bda3-adefd529bbeb/current/raft-meta.conf with options [REPLACE_EXISTING]
2024-09-29 22:58:11,436 [grpc-default-executor-3] INFO  impl.SnapshotInstallationHandler (SnapshotInstallationHandler.java:installSnapshot(105)) - s2@group-ADEFD529BBEB: reply installSnapshot: s0<-s2#0:OK-t1,SUCCESS,requestIndex=2
2024-09-29 22:58:11,436 [grpc-default-executor-1] INFO  server.GrpcLogAppender (GrpcLogAppender.java:onNext(664)) - s0@group-ADEFD529BBEB->s2-InstallSnapshotResponseHandler: received a reply s0<-s2#0:OK-t1,SUCCESS,requestIndex=2
2024-09-29 22:58:11,436 [grpc-default-executor-1] INFO  server.GrpcLogAppender (GrpcLogAppender.java:onNext(675)) - s0@group-ADEFD529BBEB->s2-InstallSnapshotResponseHandler: Completed InstallSnapshot. Reply: serverReply {
  requestorId: "s0"
  replyId: "s2"
  raftGroupId {
    id: ",A,\032\023YH\031\275\243\255\357\325)\273\353"
  }
  success: true
}
term: 1
requestIndex: 2

2024-09-29 22:58:11,436 [grpc-default-executor-1] INFO  leader.FollowerInfo (FollowerInfoImpl.java:setAttemptedToInstallSnapshot(154)) - Follower s0@group-ADEFD529BBEB->s2 acknowledged installing snapshot
2024-09-29 22:58:11,436 [grpc-default-executor-3] INFO  server.GrpcServerProtocolService (GrpcServerProtocolService.java:onCompleted(200)) - s2: Completed INSTALL_SNAPSHOT, lastRequest: s0->s2#0-t1,chunk:177b29db-715f-4c63-8208-2f4fd5fe92f8,2
2024-09-29 22:58:11,436 [grpc-default-executor-3] INFO  server.GrpcServerProtocolService (GrpcServerProtocolService.java:lambda$onCompleted$7(202)) - s2: Completed INSTALL_SNAPSHOT, lastReply: null
2024-09-29 22:58:11,436 [grpc-default-executor-2] TRACE util.FileUtils (LogUtils.java:runAndLog(49)) - Successfully ran Atomic Files.move /home/runner/work/ratis/ratis/ratis-test/target/test/data/f7ba0e94/MiniRaftClusterWithGrpc7e5615dc/s1/2c412c1a-1359-4819-bda3-adefd529bbeb/current/raft-meta.conf.tmp to /home/runner/work/ratis/ratis/ratis-test/target/test/data/f7ba0e94/MiniRaftClusterWithGrpc7e5615dc/s1/2c412c1a-1359-4819-bda3-adefd529bbeb/current/raft-meta.conf with options [REPLACE_EXISTING]
2024-09-29 22:58:11,436 [grpc-default-executor-2] INFO  impl.SnapshotInstallationHandler (SnapshotInstallationHandler.java:installSnapshot(105)) - s1@group-ADEFD529BBEB: reply installSnapshot: s0<-s1#0:OK-t1,SUCCESS,requestIndex=2
2024-09-29 22:58:11,437 [grpc-default-executor-1] INFO  server.GrpcLogAppender (GrpcLogAppender.java:onCompleted(740)) - s0@group-ADEFD529BBEB->s2-InstallSnapshotResponseHandler: follower responded installSnapshot COMPLETED
2024-09-29 22:58:11,437 [grpc-default-executor-0] INFO  server.GrpcLogAppender (GrpcLogAppender.java:onNext(664)) - s0@group-ADEFD529BBEB->s1-InstallSnapshotResponseHandler: received a reply s0<-s1#0:OK-t1,SUCCESS,requestIndex=2
2024-09-29 22:58:11,437 [grpc-default-executor-2] INFO  server.GrpcServerProtocolService (GrpcServerProtocolService.java:onCompleted(200)) - s1: Completed INSTALL_SNAPSHOT, lastRequest: s0->s1#0-t1,chunk:e1afc687-7ffd-464d-9783-f402e0c10235,2
2024-09-29 22:58:11,437 [grpc-default-executor-2] INFO  server.GrpcServerProtocolService (GrpcServerProtocolService.java:lambda$onCompleted$7(202)) - s1: Completed INSTALL_SNAPSHOT, lastReply: null
2024-09-29 22:58:11,437 [grpc-default-executor-0] INFO  server.GrpcLogAppender (GrpcLogAppender.java:onNext(675)) - s0@group-ADEFD529BBEB->s1-InstallSnapshotResponseHandler: Completed InstallSnapshot. Reply: serverReply {
  requestorId: "s0"
  replyId: "s1"
  raftGroupId {
    id: ",A,\032\023YH\031\275\243\255\357\325)\273\353"
  }
  success: true
}
term: 1
requestIndex: 2

2024-09-29 22:58:11,437 [grpc-default-executor-0] INFO  leader.FollowerInfo (FollowerInfoImpl.java:setAttemptedToInstallSnapshot(154)) - Follower s0@group-ADEFD529BBEB->s1 acknowledged installing snapshot
2024-09-29 22:58:11,437 [grpc-default-executor-2] INFO  server.GrpcLogAppender (GrpcLogAppender.java:onCompleted(740)) - s0@group-ADEFD529BBEB->s1-InstallSnapshotResponseHandler: follower responded installSnapshot COMPLETED
2024-09-29 22:58:11,437 [s0@group-ADEFD529BBEB->s1-GrpcLogAppender-LogAppenderDaemon] INFO  leader.FollowerInfo (FollowerInfoImpl.java:info(64)) - s0@group-ADEFD529BBEB->s1: snapshotIndex: setUnconditionally 0 -> 191
2024-09-29 22:58:11,437 [s0@group-ADEFD529BBEB->s1-GrpcLogAppender-LogAppenderDaemon] INFO  leader.FollowerInfo (FollowerInfoImpl.java:info(64)) - s0@group-ADEFD529BBEB->s1: matchIndex: setUnconditionally -1 -> 191
2024-09-29 22:58:11,437 [s0@group-ADEFD529BBEB->s1-GrpcLogAppender-LogAppenderDaemon] INFO  leader.FollowerInfo (FollowerInfoImpl.java:info(64)) - s0@group-ADEFD529BBEB->s1: nextIndex: setUnconditionally 0 -> 192
2024-09-29 22:58:11,437 [s0@group-ADEFD529BBEB->s2-GrpcLogAppender-LogAppenderDaemon] INFO  leader.FollowerInfo (FollowerInfoImpl.java:info(64)) - s0@group-ADEFD529BBEB->s2: snapshotIndex: setUnconditionally 0 -> 191
2024-09-29 22:58:11,437 [s0@group-ADEFD529BBEB->s1-GrpcLogAppender-LogAppenderDaemon] INFO  server.GrpcLogAppender (GrpcLogAppender.java:installSnapshot(789)) - s0@group-ADEFD529BBEB->s1-GrpcLogAppender: installed snapshot FileListSnapshotInfo(t:1, i:191):[/tmp/ratis-tests/statemachine/s0/snapshot/1_191/vegetable, /tmp/ratis-tests/statemachine/s0/snapshot/1_191/loves, /tmp/ratis-tests/statemachine/s0/snapshot/1_191/deer] successfully
2024-09-29 22:58:11,437 [s0@group-ADEFD529BBEB->s2-GrpcLogAppender-LogAppenderDaemon] INFO  leader.FollowerInfo (FollowerInfoImpl.java:info(64)) - s0@group-ADEFD529BBEB->s2: matchIndex: setUnconditionally -1 -> 191
2024-09-29 22:58:11,438 [s0@group-ADEFD529BBEB->s2-GrpcLogAppender-LogAppenderDaemon] INFO  leader.FollowerInfo (FollowerInfoImpl.java:info(64)) - s0@group-ADEFD529BBEB->s2: nextIndex: setUnconditionally 0 -> 192
2024-09-29 22:58:11,438 [s0@group-ADEFD529BBEB->s2-GrpcLogAppender-LogAppenderDaemon] INFO  server.GrpcLogAppender (GrpcLogAppender.java:installSnapshot(789)) - s0@group-ADEFD529BBEB->s2-GrpcLogAppender: installed snapshot FileListSnapshotInfo(t:1, i:191):[/tmp/ratis-tests/statemachine/s0/snapshot/1_191/vegetable, /tmp/ratis-tests/statemachine/s0/snapshot/1_191/loves, /tmp/ratis-tests/statemachine/s0/snapshot/1_191/deer] successfully
2024-09-29 22:58:11,454 [s2-server-thread1] INFO  segmented.SegmentedRaftLogWorker (SegmentedRaftLogWorker.java:startLogSegment(438)) - s2@group-ADEFD529BBEB-SegmentedRaftLogWorker: Starting segment from index:192
2024-09-29 22:58:11,454 [s1-server-thread2] INFO  segmented.SegmentedRaftLogWorker (SegmentedRaftLogWorker.java:startLogSegment(438)) - s1@group-ADEFD529BBEB-SegmentedRaftLogWorker: Starting segment from index:192
2024-09-29 22:58:11,454 [s2@group-ADEFD529BBEB-SegmentedRaftLogWorker] INFO  segmented.BufferedWriteChannel (BufferedWriteChannel.java:open(61)) - open log_inprogress_192 at position 0
2024-09-29 22:58:11,454 [s1@group-ADEFD529BBEB-SegmentedRaftLogWorker] INFO  segmented.BufferedWriteChannel (BufferedWriteChannel.java:open(61)) - open log_inprogress_192 at position 0
2024-09-29 22:58:11,468 [s1@group-ADEFD529BBEB-SegmentedRaftLogWorker] INFO  segmented.SegmentedRaftLogWorker (SegmentedRaftLogWorker.java:execute(660)) - s1@group-ADEFD529BBEB-SegmentedRaftLogWorker: created new log segment /home/runner/work/ratis/ratis/ratis-test/target/test/data/f7ba0e94/MiniRaftClusterWithGrpc7e5615dc/s1/2c412c1a-1359-4819-bda3-adefd529bbeb/current/log_inprogress_192
2024-09-29 22:58:11,469 [s2@group-ADEFD529BBEB-SegmentedRaftLogWorker] INFO  segmented.SegmentedRaftLogWorker (SegmentedRaftLogWorker.java:execute(660)) - s2@group-ADEFD529BBEB-SegmentedRaftLogWorker: created new log segment /home/runner/work/ratis/ratis/ratis-test/target/test/data/f7ba0e94/MiniRaftClusterWithGrpc7e5615dc/s2/2c412c1a-1359-4819-bda3-adefd529bbeb/current/log_inprogress_192
2024-09-29 22:58:11,469 [s1@group-ADEFD529BBEB-StateMachineUpdater] INFO  impl.SimpleStateMachine4Testing (SimpleStateMachine4Testing.java:applyTransaction(251)) - applyTransaction for log index 193
2024-09-29 22:58:11,469 [s1@group-ADEFD529BBEB-StateMachineUpdater] INFO  impl.SimpleStateMachine4Testing (SimpleStateMachine4Testing.java:put(207)) - s1: put 193, m96 -> (t:1, i:193), STATEMACHINELOGENTRY, WRITE: logData.size=3, stateMachineData.size=17, logEntryProtoSerializedSize=0
2024-09-29 22:58:11,469 [s1@group-ADEFD529BBEB-StateMachineUpdater] INFO  impl.SimpleStateMachine4Testing (SimpleStateMachine4Testing.java:applyTransaction(251)) - applyTransaction for log index 195
2024-09-29 22:58:11,469 [s1@group-ADEFD529BBEB-StateMachineUpdater] INFO  impl.SimpleStateMachine4Testing (SimpleStateMachine4Testing.java:put(207)) - s1: put 195, m97 -> (t:1, i:195), STATEMACHINELOGENTRY, WRITE: logData.size=3, stateMachineData.size=17, logEntryProtoSerializedSize=0
2024-09-29 22:58:11,469 [s1@group-ADEFD529BBEB-StateMachineUpdater] INFO  impl.SimpleStateMachine4Testing (SimpleStateMachine4Testing.java:applyTransaction(251)) - applyTransaction for log index 197
2024-09-29 22:58:11,469 [s1@group-ADEFD529BBEB-StateMachineUpdater] INFO  impl.SimpleStateMachine4Testing (SimpleStateMachine4Testing.java:put(207)) - s1: put 197, m98 -> (t:1, i:197), STATEMACHINELOGENTRY, WRITE: logData.size=3, stateMachineData.size=17, logEntryProtoSerializedSize=0
2024-09-29 22:58:11,470 [s1@group-ADEFD529BBEB-StateMachineUpdater] INFO  impl.SimpleStateMachine4Testing (SimpleStateMachine4Testing.java:applyTransaction(251)) - applyTransaction for log index 199
2024-09-29 22:58:11,470 [s1@group-ADEFD529BBEB-StateMachineUpdater] INFO  impl.SimpleStateMachine4Testing (SimpleStateMachine4Testing.java:put(207)) - s1: put 199, m99 -> (t:1, i:199), STATEMACHINELOGENTRY, WRITE: logData.size=3, stateMachineData.size=17, logEntryProtoSerializedSize=0
2024-09-29 22:58:11,470 [s1@group-ADEFD529BBEB-StateMachineUpdater] INFO  impl.SimpleStateMachine4Testing (SimpleStateMachine4Testing.java:applyTransaction(251)) - applyTransaction for log index 201
2024-09-29 22:58:11,470 [s1@group-ADEFD529BBEB-StateMachineUpdater] INFO  impl.SimpleStateMachine4Testing (SimpleStateMachine4Testing.java:put(207)) - s1: put 201, m100 -> (t:1, i:201), STATEMACHINELOGENTRY, WRITE: logData.size=4, stateMachineData.size=17, logEntryProtoSerializedSize=0
2024-09-29 22:58:11,470 [s1@group-ADEFD529BBEB-StateMachineUpdater] INFO  impl.SimpleStateMachine4Testing (SimpleStateMachine4Testing.java:applyTransaction(251)) - applyTransaction for log index 203
2024-09-29 22:58:11,470 [s1@group-ADEFD529BBEB-StateMachineUpdater] INFO  impl.SimpleStateMachine4Testing (SimpleStateMachine4Testing.java:put(207)) - s1: put 203, m101 -> (t:1, i:203), STATEMACHINELOGENTRY, WRITE: logData.size=4, stateMachineData.size=17, logEntryProtoSerializedSize=0
2024-09-29 22:58:11,470 [s1@group-ADEFD529BBEB-StateMachineUpdater] INFO  impl.SimpleStateMachine4Testing (SimpleStateMachine4Testing.java:applyTransaction(251)) - applyTransaction for log index 205
2024-09-29 22:58:11,470 [s1@group-ADEFD529BBEB-StateMachineUpdater] INFO  impl.SimpleStateMachine4Testing (SimpleStateMachine4Testing.java:put(207)) - s1: put 205, m102 -> (t:1, i:205), STATEMACHINELOGENTRY, WRITE: logData.size=4, stateMachineData.size=17, logEntryProtoSerializedSize=0
2024-09-29 22:58:11,470 [s1@group-ADEFD529BBEB-StateMachineUpdater] INFO  impl.SimpleStateMachine4Testing (SimpleStateMachine4Testing.java:applyTransaction(251)) - applyTransaction for log index 207
2024-09-29 22:58:11,470 [s1@group-ADEFD529BBEB-StateMachineUpdater] INFO  impl.SimpleStateMachine4Testing (SimpleStateMachine4Testing.java:put(207)) - s1: put 207, m103 -> (t:1, i:207), STATEMACHINELOGENTRY, WRITE: logData.size=4, stateMachineData.size=17, logEntryProtoSerializedSize=0
2024-09-29 22:58:11,470 [s1@group-ADEFD529BBEB-StateMachineUpdater] INFO  impl.SimpleStateMachine4Testing (SimpleStateMachine4Testing.java:applyTransaction(251)) - applyTransaction for log index 209
2024-09-29 22:58:11,470 [s1@group-ADEFD529BBEB-StateMachineUpdater] INFO  impl.SimpleStateMachine4Testing (SimpleStateMachine4Testing.java:put(207)) - s1: put 209, m104 -> (t:1, i:209), STATEMACHINELOGENTRY, WRITE: logData.size=4, stateMachineData.size=17, logEntryProtoSerializedSize=0
2024-09-29 22:58:11,470 [s1@group-ADEFD529BBEB-StateMachineUpdater] INFO  impl.SimpleStateMachine4Testing (SimpleStateMachine4Testing.java:applyTransaction(251)) - applyTransaction for log index 211
2024-09-29 22:58:11,470 [s1@group-ADEFD529BBEB-StateMachineUpdater] INFO  impl.SimpleStateMachine4Testing (SimpleStateMachine4Testing.java:put(207)) - s1: put 211, m105 -> (t:1, i:211), STATEMACHINELOGENTRY, WRITE: logData.size=4, stateMachineData.size=17, logEntryProtoSerializedSize=0
2024-09-29 22:58:11,470 [s1@group-ADEFD529BBEB-StateMachineUpdater] INFO  impl.SimpleStateMachine4Testing (SimpleStateMachine4Testing.java:applyTransaction(251)) - applyTransaction for log index 213
2024-09-29 22:58:11,470 [s1@group-ADEFD529BBEB-StateMachineUpdater] INFO  impl.SimpleStateMachine4Testing (SimpleStateMachine4Testing.java:put(207)) - s1: put 213, m106 -> (t:1, i:213), STATEMACHINELOGENTRY, WRITE: logData.size=4, stateMachineData.size=17, logEntryProtoSerializedSize=0
2024-09-29 22:58:11,470 [s1@group-ADEFD529BBEB-StateMachineUpdater] INFO  impl.SimpleStateMachine4Testing (SimpleStateMachine4Testing.java:applyTransaction(251)) - applyTransaction for log index 215
2024-09-29 22:58:11,470 [s1@group-ADEFD529BBEB-StateMachineUpdater] INFO  impl.SimpleStateMachine4Testing (SimpleStateMachine4Testing.java:put(207)) - s1: put 215, m107 -> (t:1, i:215), STATEMACHINELOGENTRY, WRITE: logData.size=4, stateMachineData.size=17, logEntryProtoSerializedSize=0
2024-09-29 22:58:11,471 [s1@group-ADEFD529BBEB-StateMachineUpdater] INFO  impl.SimpleStateMachine4Testing (SimpleStateMachine4Testing.java:applyTransaction(251)) - applyTransaction for log index 217
2024-09-29 22:58:11,471 [s1@group-ADEFD529BBEB-StateMachineUpdater] INFO  impl.SimpleStateMachine4Testing (SimpleStateMachine4Testing.java:put(207)) - s1: put 217, m108 -> (t:1, i:217), STATEMACHINELOGENTRY, WRITE: logData.size=4, stateMachineData.size=17, logEntryProtoSerializedSize=0
2024-09-29 22:58:11,471 [s1@group-ADEFD529BBEB-StateMachineUpdater] INFO  impl.SimpleStateMachine4Testing (SimpleStateMachine4Testing.java:applyTransaction(251)) - applyTransaction for log index 219
2024-09-29 22:58:11,471 [s1@group-ADEFD529BBEB-StateMachineUpdater] INFO  impl.SimpleStateMachine4Testing (SimpleStateMachine4Testing.java:put(207)) - s1: put 219, m109 -> (t:1, i:219), STATEMACHINELOGENTRY, WRITE: logData.size=4, stateMachineData.size=17, logEntryProtoSerializedSize=0
2024-09-29 22:58:11,471 [s1@group-ADEFD529BBEB-StateMachineUpdater] INFO  impl.SimpleStateMachine4Testing (SimpleStateMachine4Testing.java:applyTransaction(251)) - applyTransaction for log index 221
2024-09-29 22:58:11,471 [s1@group-ADEFD529BBEB-StateMachineUpdater] INFO  impl.SimpleStateMachine4Testing (SimpleStateMachine4Testing.java:put(207)) - s1: put 221, m110 -> (t:1, i:221), STATEMACHINELOGENTRY, WRITE: logData.size=4, stateMachineData.size=17, logEntryProtoSerializedSize=0
2024-09-29 22:58:11,471 [s1@group-ADEFD529BBEB-StateMachineUpdater] INFO  impl.SimpleStateMachine4Testing (SimpleStateMachine4Testing.java:applyTransaction(251)) - applyTransaction for log index 223
2024-09-29 22:58:11,471 [s1@group-ADEFD529BBEB-StateMachineUpdater] INFO  impl.SimpleStateMachine4Testing (SimpleStateMachine4Testing.java:put(207)) - s1: put 223, m111 -> (t:1, i:223), STATEMACHINELOGENTRY, WRITE: logData.size=4, stateMachineData.size=17, logEntryProtoSerializedSize=0
2024-09-29 22:58:11,471 [s1@group-ADEFD529BBEB-StateMachineUpdater] INFO  impl.SimpleStateMachine4Testing (SimpleStateMachine4Testing.java:applyTransaction(251)) - applyTransaction for log index 225
2024-09-29 22:58:11,471 [s1@group-ADEFD529BBEB-StateMachineUpdater] INFO  impl.SimpleStateMachine4Testing (SimpleStateMachine4Testing.java:put(207)) - s1: put 225, m112 -> (t:1, i:225), STATEMACHINELOGENTRY, WRITE: logData.size=4, stateMachineData.size=17, logEntryProtoSerializedSize=0
2024-09-29 22:58:11,471 [s1@group-ADEFD529BBEB-StateMachineUpdater] INFO  impl.SimpleStateMachine4Testing (SimpleStateMachine4Testing.java:applyTransaction(251)) - applyTransaction for log index 227
2024-09-29 22:58:11,471 [s1@group-ADEFD529BBEB-StateMachineUpdater] INFO  impl.SimpleStateMachine4Testing (SimpleStateMachine4Testing.java:put(207)) - s1: put 227, m113 -> (t:1, i:227), STATEMACHINELOGENTRY, WRITE: logData.size=4, stateMachineData.size=17, logEntryProtoSerializedSize=0
2024-09-29 22:58:11,471 [s1@group-ADEFD529BBEB-StateMachineUpdater] INFO  impl.SimpleStateMachine4Testing (SimpleStateMachine4Testing.java:applyTransaction(251)) - applyTransaction for log index 229
2024-09-29 22:58:11,471 [s1@group-ADEFD529BBEB-StateMachineUpdater] INFO  impl.SimpleStateMachine4Testing (SimpleStateMachine4Testing.java:put(207)) - s1: put 229, m114 -> (t:1, i:229), STATEMACHINELOGENTRY, WRITE: logData.size=4, stateMachineData.size=17, logEntryProtoSerializedSize=0
2024-09-29 22:58:11,471 [s1@group-ADEFD529BBEB-StateMachineUpdater] INFO  impl.SimpleStateMachine4Testing (SimpleStateMachine4Testing.java:applyTransaction(251)) - applyTransaction for log index 231
2024-09-29 22:58:11,471 [s1@group-ADEFD529BBEB-StateMachineUpdater] INFO  impl.SimpleStateMachine4Testing (SimpleStateMachine4Testing.java:put(207)) - s1: put 231, m115 -> (t:1, i:231), STATEMACHINELOGENTRY, WRITE: logData.size=4, stateMachineData.size=17, logEntryProtoSerializedSize=0
2024-09-29 22:58:11,471 [s1@group-ADEFD529BBEB-StateMachineUpdater] INFO  impl.SimpleStateMachine4Testing (SimpleStateMachine4Testing.java:applyTransaction(251)) - applyTransaction for log index 233
2024-09-29 22:58:11,471 [s1@group-ADEFD529BBEB-StateMachineUpdater] INFO  impl.SimpleStateMachine4Testing (SimpleStateMachine4Testing.java:put(207)) - s1: put 233, m116 -> (t:1, i:233), STATEMACHINELOGENTRY, WRITE: logData.size=4, stateMachineData.size=17, logEntryProtoSerializedSize=0
2024-09-29 22:58:11,472 [s1@group-ADEFD529BBEB-StateMachineUpdater] INFO  impl.SimpleStateMachine4Testing (SimpleStateMachine4Testing.java:applyTransaction(251)) - applyTransaction for log index 235
2024-09-29 22:58:11,472 [s1@group-ADEFD529BBEB-StateMachineUpdater] INFO  impl.SimpleStateMachine4Testing (SimpleStateMachine4Testing.java:put(207)) - s1: put 235, m117 -> (t:1, i:235), STATEMACHINELOGENTRY, WRITE: logData.size=4, stateMachineData.size=17, logEntryProtoSerializedSize=0
2024-09-29 22:58:11,472 [s1@group-ADEFD529BBEB-StateMachineUpdater] INFO  impl.SimpleStateMachine4Testing (SimpleStateMachine4Testing.java:applyTransaction(251)) - applyTransaction for log index 237
2024-09-29 22:58:11,472 [s1@group-ADEFD529BBEB-StateMachineUpdater] INFO  impl.SimpleStateMachine4Testing (SimpleStateMachine4Testing.java:put(207)) - s1: put 237, m118 -> (t:1, i:237), STATEMACHINELOGENTRY, WRITE: logData.size=4, stateMachineData.size=17, logEntryProtoSerializedSize=0
2024-09-29 22:58:11,472 [s1@group-ADEFD529BBEB-StateMachineUpdater] INFO  impl.SimpleStateMachine4Testing (SimpleStateMachine4Testing.java:applyTransaction(251)) - applyTransaction for log index 239
2024-09-29 22:58:11,472 [s1@group-ADEFD529BBEB-StateMachineUpdater] INFO  impl.SimpleStateMachine4Testing (SimpleStateMachine4Testing.java:put(207)) - s1: put 239, m119 -> (t:1, i:239), STATEMACHINELOGENTRY, WRITE: logData.size=4, stateMachineData.size=17, logEntryProtoSerializedSize=0
2024-09-29 22:58:11,472 [s1@group-ADEFD529BBEB-StateMachineUpdater] INFO  impl.SimpleStateMachine4Testing (SimpleStateMachine4Testing.java:applyTransaction(251)) - applyTransaction for log index 241
2024-09-29 22:58:11,472 [s1@group-ADEFD529BBEB-StateMachineUpdater] INFO  impl.SimpleStateMachine4Testing (SimpleStateMachine4Testing.java:put(207)) - s1: put 241, m120 -> (t:1, i:241), STATEMACHINELOGENTRY, WRITE: logData.size=4, stateMachineData.size=17, logEntryProtoSerializedSize=0
2024-09-29 22:58:11,472 [s1@group-ADEFD529BBEB-StateMachineUpdater] INFO  impl.SimpleStateMachine4Testing (SimpleStateMachine4Testing.java:applyTransaction(251)) - applyTransaction for log index 243
2024-09-29 22:58:11,472 [s1@group-ADEFD529BBEB-StateMachineUpdater] INFO  impl.SimpleStateMachine4Testing (SimpleStateMachine4Testing.java:put(207)) - s1: put 243, m121 -> (t:1, i:243), STATEMACHINELOGENTRY, WRITE: logData.size=4, stateMachineData.size=17, logEntryProtoSerializedSize=0
2024-09-29 22:58:11,472 [s1@group-ADEFD529BBEB-StateMachineUpdater] INFO  impl.SimpleStateMachine4Testing (SimpleStateMachine4Testing.java:applyTransaction(251)) - applyTransaction for log index 245
2024-09-29 22:58:11,472 [s1@group-ADEFD529BBEB-StateMachineUpdater] INFO  impl.SimpleStateMachine4Testing (SimpleStateMachine4Testing.java:put(207)) - s1: put 245, m122 -> (t:1, i:245), STATEMACHINELOGENTRY, WRITE: logData.size=4, stateMachineData.size=17, logEntryProtoSerializedSize=0
2024-09-29 22:58:11,472 [s1@group-ADEFD529BBEB-StateMachineUpdater] INFO  impl.SimpleStateMachine4Testing (SimpleStateMachine4Testing.java:applyTransaction(251)) - applyTransaction for log index 247
2024-09-29 22:58:11,472 [s1@group-ADEFD529BBEB-StateMachineUpdater] INFO  impl.SimpleStateMachine4Testing (SimpleStateMachine4Testing.java:put(207)) - s1: put 247, m123 -> (t:1, i:247), STATEMACHINELOGENTRY, WRITE: logData.size=4, stateMachineData.size=17, logEntryProtoSerializedSize=0
2024-09-29 22:58:11,472 [s1@group-ADEFD529BBEB-StateMachineUpdater] INFO  impl.SimpleStateMachine4Testing (SimpleStateMachine4Testing.java:applyTransaction(251)) - applyTransaction for log index 249
2024-09-29 22:58:11,472 [s1@group-ADEFD529BBEB-StateMachineUpdater] INFO  impl.SimpleStateMachine4Testing (SimpleStateMachine4Testing.java:put(207)) - s1: put 249, m124 -> (t:1, i:249), STATEMACHINELOGENTRY, WRITE: logData.size=4, stateMachineData.size=17, logEntryProtoSerializedSize=0
2024-09-29 22:58:11,472 [s1@group-ADEFD529BBEB-StateMachineUpdater] INFO  impl.SimpleStateMachine4Testing (SimpleStateMachine4Testing.java:applyTransaction(251)) - applyTransaction for log index 251
2024-09-29 22:58:11,472 [s1@group-ADEFD529BBEB-StateMachineUpdater] INFO  impl.SimpleStateMachine4Testing (SimpleStateMachine4Testing.java:put(207)) - s1: put 251, m125 -> (t:1, i:251), STATEMACHINELOGENTRY, WRITE: logData.size=4, stateMachineData.size=17, logEntryProtoSerializedSize=0
2024-09-29 22:58:11,472 [s1@group-ADEFD529BBEB-StateMachineUpdater] INFO  impl.SimpleStateMachine4Testing (SimpleStateMachine4Testing.java:applyTransaction(251)) - applyTransaction for log index 253
2024-09-29 22:58:11,473 [s1@group-ADEFD529BBEB-StateMachineUpdater] INFO  impl.SimpleStateMachine4Testing (SimpleStateMachine4Testing.java:put(207)) - s1: put 253, m126 -> (t:1, i:253), STATEMACHINELOGENTRY, WRITE: logData.size=4, stateMachineData.size=17, logEntryProtoSerializedSize=0
2024-09-29 22:58:11,473 [s2@group-ADEFD529BBEB-StateMachineUpdater] INFO  impl.SimpleStateMachine4Testing (SimpleStateMachine4Testing.java:applyTransaction(251)) - applyTransaction for log index 193
2024-09-29 22:58:11,473 [s2@group-ADEFD529BBEB-StateMachineUpdater] INFO  impl.SimpleStateMachine4Testing (SimpleStateMachine4Testing.java:put(207)) - s2: put 193, m96 -> (t:1, i:193), STATEMACHINELOGENTRY, WRITE: logData.size=3, stateMachineData.size=17, logEntryProtoSerializedSize=0
2024-09-29 22:58:11,473 [s2@group-ADEFD529BBEB-StateMachineUpdater] INFO  impl.SimpleStateMachine4Testing (SimpleStateMachine4Testing.java:applyTransaction(251)) - applyTransaction for log index 195
2024-09-29 22:58:11,473 [s2@group-ADEFD529BBEB-StateMachineUpdater] INFO  impl.SimpleStateMachine4Testing (SimpleStateMachine4Testing.java:put(207)) - s2: put 195, m97 -> (t:1, i:195), STATEMACHINELOGENTRY, WRITE: logData.size=3, stateMachineData.size=17, logEntryProtoSerializedSize=0
2024-09-29 22:58:11,473 [s2@group-ADEFD529BBEB-StateMachineUpdater] INFO  impl.SimpleStateMachine4Testing (SimpleStateMachine4Testing.java:applyTransaction(251)) - applyTransaction for log index 197
2024-09-29 22:58:11,473 [s2@group-ADEFD529BBEB-StateMachineUpdater] INFO  impl.SimpleStateMachine4Testing (SimpleStateMachine4Testing.java:put(207)) - s2: put 197, m98 -> (t:1, i:197), STATEMACHINELOGENTRY, WRITE: logData.size=3, stateMachineData.size=17, logEntryProtoSerializedSize=0
2024-09-29 22:58:11,473 [s2@group-ADEFD529BBEB-StateMachineUpdater] INFO  impl.SimpleStateMachine4Testing (SimpleStateMachine4Testing.java:applyTransaction(251)) - applyTransaction for log index 199
2024-09-29 22:58:11,473 [s2@group-ADEFD529BBEB-StateMachineUpdater] INFO  impl.SimpleStateMachine4Testing (SimpleStateMachine4Testing.java:put(207)) - s2: put 199, m99 -> (t:1, i:199), STATEMACHINELOGENTRY, WRITE: logData.size=3, stateMachineData.size=17, logEntryProtoSerializedSize=0
2024-09-29 22:58:11,473 [s0@group-ADEFD529BBEB-LeaderStateImpl] INFO  server.RaftServer$Division (ServerState.java:setRaftConf(386)) - s0@group-ADEFD529BBEB: set configuration conf: {index: 255, cur=peers:[s0|localhost:15046, s1|0.0.0.0:15050, s2|0.0.0.0:15051]|listeners:[], old=peers:[s0|localhost:15046]|listeners:[]}
2024-09-29 22:58:11,473 [s2@group-ADEFD529BBEB-StateMachineUpdater] INFO  impl.SimpleStateMachine4Testing (SimpleStateMachine4Testing.java:applyTransaction(251)) - applyTransaction for log index 201
2024-09-29 22:58:11,474 [s2@group-ADEFD529BBEB-StateMachineUpdater] INFO  impl.SimpleStateMachine4Testing (SimpleStateMachine4Testing.java:put(207)) - s2: put 201, m100 -> (t:1, i:201), STATEMACHINELOGENTRY, WRITE: logData.size=4, stateMachineData.size=17, logEntryProtoSerializedSize=0
2024-09-29 22:58:11,474 [s2@group-ADEFD529BBEB-StateMachineUpdater] INFO  impl.SimpleStateMachine4Testing (SimpleStateMachine4Testing.java:applyTransaction(251)) - applyTransaction for log index 203
2024-09-29 22:58:11,474 [s2@group-ADEFD529BBEB-StateMachineUpdater] INFO  impl.SimpleStateMachine4Testing (SimpleStateMachine4Testing.java:put(207)) - s2: put 203, m101 -> (t:1, i:203), STATEMACHINELOGENTRY, WRITE: logData.size=4, stateMachineData.size=17, logEntryProtoSerializedSize=0
2024-09-29 22:58:11,474 [s2@group-ADEFD529BBEB-StateMachineUpdater] INFO  impl.SimpleStateMachine4Testing (SimpleStateMachine4Testing.java:applyTransaction(251)) - applyTransaction for log index 205
2024-09-29 22:58:11,474 [s2@group-ADEFD529BBEB-StateMachineUpdater] INFO  impl.SimpleStateMachine4Testing (SimpleStateMachine4Testing.java:put(207)) - s2: put 205, m102 -> (t:1, i:205), STATEMACHINELOGENTRY, WRITE: logData.size=4, stateMachineData.size=17, logEntryProtoSerializedSize=0
2024-09-29 22:58:11,474 [s2@group-ADEFD529BBEB-StateMachineUpdater] INFO  impl.SimpleStateMachine4Testing (SimpleStateMachine4Testing.java:applyTransaction(251)) - applyTransaction for log index 207
2024-09-29 22:58:11,474 [s2@group-ADEFD529BBEB-StateMachineUpdater] INFO  impl.SimpleStateMachine4Testing (SimpleStateMachine4Testing.java:put(207)) - s2: put 207, m103 -> (t:1, i:207), STATEMACHINELOGENTRY, WRITE: logData.size=4, stateMachineData.size=17, logEntryProtoSerializedSize=0
2024-09-29 22:58:11,474 [s2@group-ADEFD529BBEB-StateMachineUpdater] INFO  impl.SimpleStateMachine4Testing (SimpleStateMachine4Testing.java:applyTransaction(251)) - applyTransaction for log index 209
2024-09-29 22:58:11,474 [s2@group-ADEFD529BBEB-StateMachineUpdater] INFO  impl.SimpleStateMachine4Testing (SimpleStateMachine4Testing.java:put(207)) - s2: put 209, m104 -> (t:1, i:209), STATEMACHINELOGENTRY, WRITE: logData.size=4, stateMachineData.size=17, logEntryProtoSerializedSize=0
2024-09-29 22:58:11,474 [s2@group-ADEFD529BBEB-StateMachineUpdater] INFO  impl.SimpleStateMachine4Testing (SimpleStateMachine4Testing.java:applyTransaction(251)) - applyTransaction for log index 211
2024-09-29 22:58:11,474 [s2@group-ADEFD529BBEB-StateMachineUpdater] INFO  impl.SimpleStateMachine4Testing (SimpleStateMachine4Testing.java:put(207)) - s2: put 211, m105 -> (t:1, i:211), STATEMACHINELOGENTRY, WRITE: logData.size=4, stateMachineData.size=17, logEntryProtoSerializedSize=0
2024-09-29 22:58:11,474 [s2@group-ADEFD529BBEB-StateMachineUpdater] INFO  impl.SimpleStateMachine4Testing (SimpleStateMachine4Testing.java:applyTransaction(251)) - applyTransaction for log index 213
2024-09-29 22:58:11,474 [s2@group-ADEFD529BBEB-StateMachineUpdater] INFO  impl.SimpleStateMachine4Testing (SimpleStateMachine4Testing.java:put(207)) - s2: put 213, m106 -> (t:1, i:213), STATEMACHINELOGENTRY, WRITE: logData.size=4, stateMachineData.size=17, logEntryProtoSerializedSize=0
2024-09-29 22:58:11,474 [s2@group-ADEFD529BBEB-StateMachineUpdater] INFO  impl.SimpleStateMachine4Testing (SimpleStateMachine4Testing.java:applyTransaction(251)) - applyTransaction for log index 215
2024-09-29 22:58:11,474 [s2@group-ADEFD529BBEB-StateMachineUpdater] INFO  impl.SimpleStateMachine4Testing (SimpleStateMachine4Testing.java:put(207)) - s2: put 215, m107 -> (t:1, i:215), STATEMACHINELOGENTRY, WRITE: logData.size=4, stateMachineData.size=17, logEntryProtoSerializedSize=0
2024-09-29 22:58:11,474 [s2@group-ADEFD529BBEB-StateMachineUpdater] INFO  impl.SimpleStateMachine4Testing (SimpleStateMachine4Testing.java:applyTransaction(251)) - applyTransaction for log index 217
2024-09-29 22:58:11,475 [s2@group-ADEFD529BBEB-StateMachineUpdater] INFO  impl.SimpleStateMachine4Testing (SimpleStateMachine4Testing.java:put(207)) - s2: put 217, m108 -> (t:1, i:217), STATEMACHINELOGENTRY, WRITE: logData.size=4, stateMachineData.size=17, logEntryProtoSerializedSize=0
2024-09-29 22:58:11,475 [s2@group-ADEFD529BBEB-StateMachineUpdater] INFO  impl.SimpleStateMachine4Testing (SimpleStateMachine4Testing.java:applyTransaction(251)) - applyTransaction for log index 219
2024-09-29 22:58:11,475 [s2@group-ADEFD529BBEB-StateMachineUpdater] INFO  impl.SimpleStateMachine4Testing (SimpleStateMachine4Testing.java:put(207)) - s2: put 219, m109 -> (t:1, i:219), STATEMACHINELOGENTRY, WRITE: logData.size=4, stateMachineData.size=17, logEntryProtoSerializedSize=0
2024-09-29 22:58:11,475 [s2@group-ADEFD529BBEB-StateMachineUpdater] INFO  impl.SimpleStateMachine4Testing (SimpleStateMachine4Testing.java:applyTransaction(251)) - applyTransaction for log index 221
2024-09-29 22:58:11,475 [s2@group-ADEFD529BBEB-StateMachineUpdater] INFO  impl.SimpleStateMachine4Testing (SimpleStateMachine4Testing.java:put(207)) - s2: put 221, m110 -> (t:1, i:221), STATEMACHINELOGENTRY, WRITE: logData.size=4, stateMachineData.size=17, logEntryProtoSerializedSize=0
2024-09-29 22:58:11,475 [s2@group-ADEFD529BBEB-StateMachineUpdater] INFO  impl.SimpleStateMachine4Testing (SimpleStateMachine4Testing.java:applyTransaction(251)) - applyTransaction for log index 223
2024-09-29 22:58:11,475 [s2@group-ADEFD529BBEB-StateMachineUpdater] INFO  impl.SimpleStateMachine4Testing (SimpleStateMachine4Testing.java:put(207)) - s2: put 223, m111 -> (t:1, i:223), STATEMACHINELOGENTRY, WRITE: logData.size=4, stateMachineData.size=17, logEntryProtoSerializedSize=0
2024-09-29 22:58:11,475 [s2@group-ADEFD529BBEB-StateMachineUpdater] INFO  impl.SimpleStateMachine4Testing (SimpleStateMachine4Testing.java:applyTransaction(251)) - applyTransaction for log index 225
2024-09-29 22:58:11,475 [s2@group-ADEFD529BBEB-StateMachineUpdater] INFO  impl.SimpleStateMachine4Testing (SimpleStateMachine4Testing.java:put(207)) - s2: put 225, m112 -> (t:1, i:225), STATEMACHINELOGENTRY, WRITE: logData.size=4, stateMachineData.size=17, logEntryProtoSerializedSize=0
2024-09-29 22:58:11,475 [s2@group-ADEFD529BBEB-StateMachineUpdater] INFO  impl.SimpleStateMachine4Testing (SimpleStateMachine4Testing.java:applyTransaction(251)) - applyTransaction for log index 227
2024-09-29 22:58:11,475 [s2@group-ADEFD529BBEB-StateMachineUpdater] INFO  impl.SimpleStateMachine4Testing (SimpleStateMachine4Testing.java:put(207)) - s2: put 227, m113 -> (t:1, i:227), STATEMACHINELOGENTRY, WRITE: logData.size=4, stateMachineData.size=17, logEntryProtoSerializedSize=0
2024-09-29 22:58:11,475 [s2@group-ADEFD529BBEB-StateMachineUpdater] INFO  impl.SimpleStateMachine4Testing (SimpleStateMachine4Testing.java:applyTransaction(251)) - applyTransaction for log index 229
2024-09-29 22:58:11,475 [s2@group-ADEFD529BBEB-StateMachineUpdater] INFO  impl.SimpleStateMachine4Testing (SimpleStateMachine4Testing.java:put(207)) - s2: put 229, m114 -> (t:1, i:229), STATEMACHINELOGENTRY, WRITE: logData.size=4, stateMachineData.size=17, logEntryProtoSerializedSize=0
2024-09-29 22:58:11,475 [s2@group-ADEFD529BBEB-StateMachineUpdater] INFO  impl.SimpleStateMachine4Testing (SimpleStateMachine4Testing.java:applyTransaction(251)) - applyTransaction for log index 231
2024-09-29 22:58:11,475 [s2@group-ADEFD529BBEB-StateMachineUpdater] INFO  impl.SimpleStateMachine4Testing (SimpleStateMachine4Testing.java:put(207)) - s2: put 231, m115 -> (t:1, i:231), STATEMACHINELOGENTRY, WRITE: logData.size=4, stateMachineData.size=17, logEntryProtoSerializedSize=0
2024-09-29 22:58:11,476 [s2@group-ADEFD529BBEB-StateMachineUpdater] INFO  impl.SimpleStateMachine4Testing (SimpleStateMachine4Testing.java:applyTransaction(251)) - applyTransaction for log index 233
2024-09-29 22:58:11,476 [s2@group-ADEFD529BBEB-StateMachineUpdater] INFO  impl.SimpleStateMachine4Testing (SimpleStateMachine4Testing.java:put(207)) - s2: put 233, m116 -> (t:1, i:233), STATEMACHINELOGENTRY, WRITE: logData.size=4, stateMachineData.size=17, logEntryProtoSerializedSize=0
2024-09-29 22:58:11,476 [s2@group-ADEFD529BBEB-StateMachineUpdater] INFO  impl.SimpleStateMachine4Testing (SimpleStateMachine4Testing.java:applyTransaction(251)) - applyTransaction for log index 235
2024-09-29 22:58:11,476 [s2@group-ADEFD529BBEB-StateMachineUpdater] INFO  impl.SimpleStateMachine4Testing (SimpleStateMachine4Testing.java:put(207)) - s2: put 235, m117 -> (t:1, i:235), STATEMACHINELOGENTRY, WRITE: logData.size=4, stateMachineData.size=17, logEntryProtoSerializedSize=0
2024-09-29 22:58:11,476 [s2@group-ADEFD529BBEB-StateMachineUpdater] INFO  impl.SimpleStateMachine4Testing (SimpleStateMachine4Testing.java:applyTransaction(251)) - applyTransaction for log index 237
2024-09-29 22:58:11,476 [s2@group-ADEFD529BBEB-StateMachineUpdater] INFO  impl.SimpleStateMachine4Testing (SimpleStateMachine4Testing.java:put(207)) - s2: put 237, m118 -> (t:1, i:237), STATEMACHINELOGENTRY, WRITE: logData.size=4, stateMachineData.size=17, logEntryProtoSerializedSize=0
2024-09-29 22:58:11,476 [s2@group-ADEFD529BBEB-StateMachineUpdater] INFO  impl.SimpleStateMachine4Testing (SimpleStateMachine4Testing.java:applyTransaction(251)) - applyTransaction for log index 239
2024-09-29 22:58:11,476 [s2@group-ADEFD529BBEB-StateMachineUpdater] INFO  impl.SimpleStateMachine4Testing (SimpleStateMachine4Testing.java:put(207)) - s2: put 239, m119 -> (t:1, i:239), STATEMACHINELOGENTRY, WRITE: logData.size=4, stateMachineData.size=17, logEntryProtoSerializedSize=0
2024-09-29 22:58:11,476 [s2@group-ADEFD529BBEB-StateMachineUpdater] INFO  impl.SimpleStateMachine4Testing (SimpleStateMachine4Testing.java:applyTransaction(251)) - applyTransaction for log index 241
2024-09-29 22:58:11,476 [s2@group-ADEFD529BBEB-StateMachineUpdater] INFO  impl.SimpleStateMachine4Testing (SimpleStateMachine4Testing.java:put(207)) - s2: put 241, m120 -> (t:1, i:241), STATEMACHINELOGENTRY, WRITE: logData.size=4, stateMachineData.size=17, logEntryProtoSerializedSize=0
2024-09-29 22:58:11,476 [s2@group-ADEFD529BBEB-StateMachineUpdater] INFO  impl.SimpleStateMachine4Testing (SimpleStateMachine4Testing.java:applyTransaction(251)) - applyTransaction for log index 243
2024-09-29 22:58:11,476 [s2@group-ADEFD529BBEB-StateMachineUpdater] INFO  impl.SimpleStateMachine4Testing (SimpleStateMachine4Testing.java:put(207)) - s2: put 243, m121 -> (t:1, i:243), STATEMACHINELOGENTRY, WRITE: logData.size=4, stateMachineData.size=17, logEntryProtoSerializedSize=0
2024-09-29 22:58:11,476 [s2@group-ADEFD529BBEB-StateMachineUpdater] INFO  impl.SimpleStateMachine4Testing (SimpleStateMachine4Testing.java:applyTransaction(251)) - applyTransaction for log index 245
2024-09-29 22:58:11,476 [s2@group-ADEFD529BBEB-StateMachineUpdater] INFO  impl.SimpleStateMachine4Testing (SimpleStateMachine4Testing.java:put(207)) - s2: put 245, m122 -> (t:1, i:245), STATEMACHINELOGENTRY, WRITE: logData.size=4, stateMachineData.size=17, logEntryProtoSerializedSize=0
2024-09-29 22:58:11,476 [s2@group-ADEFD529BBEB-StateMachineUpdater] INFO  impl.SimpleStateMachine4Testing (SimpleStateMachine4Testing.java:applyTransaction(251)) - applyTransaction for log index 247
2024-09-29 22:58:11,477 [s2@group-ADEFD529BBEB-StateMachineUpdater] INFO  impl.SimpleStateMachine4Testing (SimpleStateMachine4Testing.java:put(207)) - s2: put 247, m123 -> (t:1, i:247), STATEMACHINELOGENTRY, WRITE: logData.size=4, stateMachineData.size=17, logEntryProtoSerializedSize=0
2024-09-29 22:58:11,477 [s2@group-ADEFD529BBEB-StateMachineUpdater] INFO  impl.SimpleStateMachine4Testing (SimpleStateMachine4Testing.java:applyTransaction(251)) - applyTransaction for log index 249
2024-09-29 22:58:11,478 [s2@group-ADEFD529BBEB-StateMachineUpdater] INFO  impl.SimpleStateMachine4Testing (SimpleStateMachine4Testing.java:put(207)) - s2: put 249, m124 -> (t:1, i:249), STATEMACHINELOGENTRY, WRITE: logData.size=4, stateMachineData.size=17, logEntryProtoSerializedSize=0
2024-09-29 22:58:11,478 [s2@group-ADEFD529BBEB-StateMachineUpdater] INFO  impl.SimpleStateMachine4Testing (SimpleStateMachine4Testing.java:applyTransaction(251)) - applyTransaction for log index 251
2024-09-29 22:58:11,478 [s2@group-ADEFD529BBEB-StateMachineUpdater] INFO  impl.SimpleStateMachine4Testing (SimpleStateMachine4Testing.java:put(207)) - s2: put 251, m125 -> (t:1, i:251), STATEMACHINELOGENTRY, WRITE: logData.size=4, stateMachineData.size=17, logEntryProtoSerializedSize=0
2024-09-29 22:58:11,478 [s2@group-ADEFD529BBEB-StateMachineUpdater] INFO  impl.SimpleStateMachine4Testing (SimpleStateMachine4Testing.java:applyTransaction(251)) - applyTransaction for log index 253
2024-09-29 22:58:11,478 [s2@group-ADEFD529BBEB-StateMachineUpdater] INFO  impl.SimpleStateMachine4Testing (SimpleStateMachine4Testing.java:put(207)) - s2: put 253, m126 -> (t:1, i:253), STATEMACHINELOGENTRY, WRITE: logData.size=4, stateMachineData.size=17, logEntryProtoSerializedSize=0
2024-09-29 22:58:11,479 [s2-server-thread2] INFO  impl.RoleInfo (RoleInfo.java:updateAndGet(148)) - s2: start s2@group-ADEFD529BBEB-FollowerState
2024-09-29 22:58:11,479 [s2-server-thread2] INFO  server.RaftServer$Division (ServerState.java:setRaftConf(386)) - s2@group-ADEFD529BBEB: set configuration conf: {index: 255, cur=peers:[s0|localhost:15046, s1|0.0.0.0:15050, s2|0.0.0.0:15051]|listeners:[], old=peers:[s0|localhost:15046]|listeners:[]}
2024-09-29 22:58:11,480 [s1-server-thread2] INFO  impl.RoleInfo (RoleInfo.java:updateAndGet(148)) - s1: start s1@group-ADEFD529BBEB-FollowerState
2024-09-29 22:58:11,480 [s1-server-thread2] INFO  server.RaftServer$Division (ServerState.java:setRaftConf(386)) - s1@group-ADEFD529BBEB: set configuration conf: {index: 255, cur=peers:[s0|localhost:15046, s1|0.0.0.0:15050, s2|0.0.0.0:15051]|listeners:[], old=peers:[s0|localhost:15046]|listeners:[]}
2024-09-29 22:58:11,482 [s0@group-ADEFD529BBEB-LeaderStateImpl] INFO  server.RaftServer$Division (ServerState.java:setRaftConf(386)) - s0@group-ADEFD529BBEB: set configuration conf: {index: 257, cur=peers:[s0|localhost:15046, s1|0.0.0.0:15050, s2|0.0.0.0:15051]|listeners:[], old=null}
2024-09-29 22:58:11,482 [s0@group-ADEFD529BBEB-StateMachineUpdater] TRACE util.FileUtils (LogUtils.java:supplyAndLog(69)) - Successfully supplied FileChannel.open /home/runner/work/ratis/ratis/ratis-test/target/test/data/f7ba0e94/MiniRaftClusterWithGrpc7e5615dc/s0/2c412c1a-1359-4819-bda3-adefd529bbeb/current/raft-meta.conf.tmp with options [CREATE, WRITE]: sun.nio.ch.FileChannelImpl@73a180ac
2024-09-29 22:58:11,484 [s2-server-thread2] INFO  server.RaftServer$Division (ServerState.java:setRaftConf(386)) - s2@group-ADEFD529BBEB: set configuration conf: {index: 257, cur=peers:[s0|localhost:15046, s1|0.0.0.0:15050, s2|0.0.0.0:15051]|listeners:[], old=null}
2024-09-29 22:58:11,484 [s1-server-thread1] INFO  server.RaftServer$Division (ServerState.java:setRaftConf(386)) - s1@group-ADEFD529BBEB: set configuration conf: {index: 257, cur=peers:[s0|localhost:15046, s1|0.0.0.0:15050, s2|0.0.0.0:15051]|listeners:[], old=null}
2024-09-29 22:58:11,484 [s0@group-ADEFD529BBEB-StateMachineUpdater] TRACE util.FileUtils (LogUtils.java:runAndLog(49)) - Successfully ran Atomic Files.move /home/runner/work/ratis/ratis/ratis-test/target/test/data/f7ba0e94/MiniRaftClusterWithGrpc7e5615dc/s0/2c412c1a-1359-4819-bda3-adefd529bbeb/current/raft-meta.conf.tmp to /home/runner/work/ratis/ratis/ratis-test/target/test/data/f7ba0e94/MiniRaftClusterWithGrpc7e5615dc/s0/2c412c1a-1359-4819-bda3-adefd529bbeb/current/raft-meta.conf with options [REPLACE_EXISTING]
2024-09-29 22:58:11,484 [s2@group-ADEFD529BBEB-StateMachineUpdater] TRACE util.FileUtils (LogUtils.java:supplyAndLog(69)) - Successfully supplied FileChannel.open /home/runner/work/ratis/ratis/ratis-test/target/test/data/f7ba0e94/MiniRaftClusterWithGrpc7e5615dc/s2/2c412c1a-1359-4819-bda3-adefd529bbeb/current/raft-meta.conf.tmp with options [CREATE, WRITE]: sun.nio.ch.FileChannelImpl@265918ab
2024-09-29 22:58:11,485 [s0@group-ADEFD529BBEB-StateMachineUpdater] TRACE util.FileUtils (FileUtils.java:deleteFully(305)) - deleteFully /tmp/ratis-tests/statemachine/s0/snapshot/1_255
2024-09-29 22:58:11,485 [s0@group-ADEFD529BBEB-StateMachineUpdater] TRACE util.FileUtils (FileUtils.java:deleteFully(318)) - deleteFully: /tmp/ratis-tests/statemachine/s0/snapshot/1_255 does not exist.
2024-09-29 22:58:11,485 [s0@group-ADEFD529BBEB-StateMachineUpdater] TRACE util.FileUtils (FileUtils.java:deleteFully(305)) - deleteFully /tmp/ratis-tests/statemachine/s0/tmp/88ca7087-2f66-4f91-bb87-496385998ff8
2024-09-29 22:58:11,485 [s0@group-ADEFD529BBEB-StateMachineUpdater] TRACE util.FileUtils (FileUtils.java:deleteFully(318)) - deleteFully: /tmp/ratis-tests/statemachine/s0/tmp/88ca7087-2f66-4f91-bb87-496385998ff8 does not exist.
2024-09-29 22:58:11,485 [s0@group-ADEFD529BBEB-StateMachineUpdater] TRACE util.FileUtils (LogUtils.java:runAndLog(49)) - Successfully ran Atomic Files.move /tmp/ratis-tests/statemachine/s0/tmp/88ca7087-2f66-4f91-bb87-496385998ff8 to /tmp/ratis-tests/statemachine/s0/snapshot/1_255
2024-09-29 22:58:11,485 [s0@group-ADEFD529BBEB-StateMachineUpdater] INFO  impl.StateMachineUpdater (StateMachineUpdater.java:takeSnapshot(308)) - s0@group-ADEFD529BBEB-StateMachineUpdater: Took a snapshot at index 255
2024-09-29 22:58:11,485 [s0@group-ADEFD529BBEB-StateMachineUpdater] INFO  impl.StateMachineUpdater (StateMachineUpdater.java:lambda$new$0(102)) - s0@group-ADEFD529BBEB-StateMachineUpdater: snapshotIndex: updateIncreasingly 191 -> 255
2024-09-29 22:58:11,485 [s0@group-ADEFD529BBEB-StateMachineUpdater] INFO  raftlog.RaftLog (RaftLogBase.java:purge(329)) - s0@group-ADEFD529BBEB-SegmentedRaftLog: purge 254
2024-09-29 22:58:11,485 [s0@group-ADEFD529BBEB-StateMachineUpdater] INFO  raftlog.RaftLog (RaftLogBase.java:lambda$new$0(57)) - s0@group-ADEFD529BBEB-SegmentedRaftLog: snapshotIndex: updateIncreasingly 191 -> 255
2024-09-29 22:58:11,485 [s0@group-ADEFD529BBEB-StateMachineUpdater] INFO  raftlog.RaftLog (RaftLogBase.java:lambda$new$0(57)) - s0@group-ADEFD529BBEB-SegmentedRaftLog: purgeIndex: updateToMax old=191, new=254, updated? true
2024-09-29 22:58:11,486 [s1@group-ADEFD529BBEB-StateMachineUpdater] TRACE util.FileUtils (LogUtils.java:supplyAndLog(69)) - Successfully supplied FileChannel.open /home/runner/work/ratis/ratis/ratis-test/target/test/data/f7ba0e94/MiniRaftClusterWithGrpc7e5615dc/s1/2c412c1a-1359-4819-bda3-adefd529bbeb/current/raft-meta.conf.tmp with options [CREATE, WRITE]: sun.nio.ch.FileChannelImpl@1bcd7302
2024-09-29 22:58:11,488 [s0@group-ADEFD529BBEB-StateMachineUpdater] TRACE util.FileUtils (LogUtils.java:supplyAndLog(69)) - Successfully supplied FileChannel.open /home/runner/work/ratis/ratis/ratis-test/target/test/data/f7ba0e94/MiniRaftClusterWithGrpc7e5615dc/s0/2c412c1a-1359-4819-bda3-adefd529bbeb/current/raft-meta.conf.tmp with options [CREATE, WRITE]: sun.nio.ch.FileChannelImpl@36a310bc
2024-09-29 22:58:11,488 [s1@group-ADEFD529BBEB-StateMachineUpdater] TRACE util.FileUtils (LogUtils.java:runAndLog(49)) - Successfully ran Atomic Files.move /home/runner/work/ratis/ratis/ratis-test/target/test/data/f7ba0e94/MiniRaftClusterWithGrpc7e5615dc/s1/2c412c1a-1359-4819-bda3-adefd529bbeb/current/raft-meta.conf.tmp to /home/runner/work/ratis/ratis/ratis-test/target/test/data/f7ba0e94/MiniRaftClusterWithGrpc7e5615dc/s1/2c412c1a-1359-4819-bda3-adefd529bbeb/current/raft-meta.conf with options [REPLACE_EXISTING]
2024-09-29 22:58:11,488 [s1@group-ADEFD529BBEB-StateMachineUpdater] TRACE util.FileUtils (FileUtils.java:deleteFully(305)) - deleteFully /tmp/ratis-tests/statemachine/s1/snapshot/1_255
2024-09-29 22:58:11,488 [s1@group-ADEFD529BBEB-StateMachineUpdater] TRACE util.FileUtils (FileUtils.java:deleteFully(318)) - deleteFully: /tmp/ratis-tests/statemachine/s1/snapshot/1_255 does not exist.
2024-09-29 22:58:11,488 [s1@group-ADEFD529BBEB-StateMachineUpdater] TRACE util.FileUtils (FileUtils.java:deleteFully(305)) - deleteFully /tmp/ratis-tests/statemachine/s1/tmp/348652b4-4330-4376-a86b-acde90306088
2024-09-29 22:58:11,488 [s1@group-ADEFD529BBEB-StateMachineUpdater] TRACE util.FileUtils (FileUtils.java:deleteFully(318)) - deleteFully: /tmp/ratis-tests/statemachine/s1/tmp/348652b4-4330-4376-a86b-acde90306088 does not exist.
2024-09-29 22:58:11,489 [s2@group-ADEFD529BBEB-StateMachineUpdater] TRACE util.FileUtils (LogUtils.java:runAndLog(49)) - Successfully ran Atomic Files.move /home/runner/work/ratis/ratis/ratis-test/target/test/data/f7ba0e94/MiniRaftClusterWithGrpc7e5615dc/s2/2c412c1a-1359-4819-bda3-adefd529bbeb/current/raft-meta.conf.tmp to /home/runner/work/ratis/ratis/ratis-test/target/test/data/f7ba0e94/MiniRaftClusterWithGrpc7e5615dc/s2/2c412c1a-1359-4819-bda3-adefd529bbeb/current/raft-meta.conf with options [REPLACE_EXISTING]
2024-09-29 22:58:11,489 [s1@group-ADEFD529BBEB-StateMachineUpdater] TRACE util.FileUtils (LogUtils.java:runAndLog(49)) - Successfully ran Atomic Files.move /tmp/ratis-tests/statemachine/s1/tmp/348652b4-4330-4376-a86b-acde90306088 to /tmp/ratis-tests/statemachine/s1/snapshot/1_255
2024-09-29 22:58:11,489 [s2@group-ADEFD529BBEB-StateMachineUpdater] TRACE util.FileUtils (FileUtils.java:deleteFully(305)) - deleteFully /tmp/ratis-tests/statemachine/s2/snapshot/1_255
2024-09-29 22:58:11,489 [s1@group-ADEFD529BBEB-StateMachineUpdater] INFO  impl.StateMachineUpdater (StateMachineUpdater.java:takeSnapshot(308)) - s1@group-ADEFD529BBEB-StateMachineUpdater: Took a snapshot at index 255
2024-09-29 22:58:11,489 [s2@group-ADEFD529BBEB-StateMachineUpdater] TRACE util.FileUtils (FileUtils.java:deleteFully(318)) - deleteFully: /tmp/ratis-tests/statemachine/s2/snapshot/1_255 does not exist.
2024-09-29 22:58:11,489 [s2@group-ADEFD529BBEB-StateMachineUpdater] TRACE util.FileUtils (FileUtils.java:deleteFully(305)) - deleteFully /tmp/ratis-tests/statemachine/s2/tmp/76cf6cd3-78de-4a36-82f0-c157de67323e
2024-09-29 22:58:11,489 [s2@group-ADEFD529BBEB-StateMachineUpdater] TRACE util.FileUtils (FileUtils.java:deleteFully(318)) - deleteFully: /tmp/ratis-tests/statemachine/s2/tmp/76cf6cd3-78de-4a36-82f0-c157de67323e does not exist.
2024-09-29 22:58:11,489 [s2@group-ADEFD529BBEB-StateMachineUpdater] TRACE util.FileUtils (LogUtils.java:runAndLog(49)) - Successfully ran Atomic Files.move /tmp/ratis-tests/statemachine/s2/tmp/76cf6cd3-78de-4a36-82f0-c157de67323e to /tmp/ratis-tests/statemachine/s2/snapshot/1_255
2024-09-29 22:58:11,489 [s2@group-ADEFD529BBEB-StateMachineUpdater] INFO  impl.StateMachineUpdater (StateMachineUpdater.java:takeSnapshot(308)) - s2@group-ADEFD529BBEB-StateMachineUpdater: Took a snapshot at index 255
2024-09-29 22:58:11,489 [s2@group-ADEFD529BBEB-StateMachineUpdater] INFO  impl.StateMachineUpdater (StateMachineUpdater.java:lambda$new$0(102)) - s2@group-ADEFD529BBEB-StateMachineUpdater: snapshotIndex: updateIncreasingly 191 -> 255
2024-09-29 22:58:11,489 [s2@group-ADEFD529BBEB-StateMachineUpdater] INFO  raftlog.RaftLog (RaftLogBase.java:purge(329)) - s2@group-ADEFD529BBEB-SegmentedRaftLog: purge 254
2024-09-29 22:58:11,489 [s2@group-ADEFD529BBEB-StateMachineUpdater] INFO  raftlog.RaftLog (RaftLogBase.java:lambda$new$0(57)) - s2@group-ADEFD529BBEB-SegmentedRaftLog: snapshotIndex: updateIncreasingly 191 -> 255
2024-09-29 22:58:11,489 [s2@group-ADEFD529BBEB-StateMachineUpdater] INFO  raftlog.RaftLog (RaftLogBase.java:lambda$new$0(57)) - s2@group-ADEFD529BBEB-SegmentedRaftLog: purgeIndex: updateToMax old=191, new=254, updated? true
2024-09-29 22:58:11,489 [s1@group-ADEFD529BBEB-StateMachineUpdater] INFO  impl.StateMachineUpdater (StateMachineUpdater.java:lambda$new$0(102)) - s1@group-ADEFD529BBEB-StateMachineUpdater: snapshotIndex: updateIncreasingly 191 -> 255
2024-09-29 22:58:11,490 [s1@group-ADEFD529BBEB-StateMachineUpdater] INFO  raftlog.RaftLog (RaftLogBase.java:purge(329)) - s1@group-ADEFD529BBEB-SegmentedRaftLog: purge 255
2024-09-29 22:58:11,490 [s1@group-ADEFD529BBEB-StateMachineUpdater] INFO  raftlog.RaftLog (RaftLogBase.java:lambda$new$0(57)) - s1@group-ADEFD529BBEB-SegmentedRaftLog: snapshotIndex: updateIncreasingly 191 -> 255
2024-09-29 22:58:11,490 [s1@group-ADEFD529BBEB-StateMachineUpdater] INFO  raftlog.RaftLog (RaftLogBase.java:lambda$new$0(57)) - s1@group-ADEFD529BBEB-SegmentedRaftLog: purgeIndex: updateToMax old=191, new=255, updated? true
2024-09-29 22:58:11,490 [s1@group-ADEFD529BBEB-StateMachineUpdater] TRACE util.FileUtils (LogUtils.java:supplyAndLog(69)) - Successfully supplied FileChannel.open /home/runner/work/ratis/ratis/ratis-test/target/test/data/f7ba0e94/MiniRaftClusterWithGrpc7e5615dc/s1/2c412c1a-1359-4819-bda3-adefd529bbeb/current/raft-meta.conf.tmp with options [CREATE, WRITE]: sun.nio.ch.FileChannelImpl@150a8e0b
2024-09-29 22:58:11,491 [s2@group-ADEFD529BBEB-StateMachineUpdater] TRACE util.FileUtils (LogUtils.java:supplyAndLog(69)) - Successfully supplied FileChannel.open /home/runner/work/ratis/ratis/ratis-test/target/test/data/f7ba0e94/MiniRaftClusterWithGrpc7e5615dc/s2/2c412c1a-1359-4819-bda3-adefd529bbeb/current/raft-meta.conf.tmp with options [CREATE, WRITE]: sun.nio.ch.FileChannelImpl@289ef210
2024-09-29 22:58:11,492 [s1@group-ADEFD529BBEB-StateMachineUpdater] TRACE util.FileUtils (LogUtils.java:runAndLog(49)) - Successfully ran Atomic Files.move /home/runner/work/ratis/ratis/ratis-test/target/test/data/f7ba0e94/MiniRaftClusterWithGrpc7e5615dc/s1/2c412c1a-1359-4819-bda3-adefd529bbeb/current/raft-meta.conf.tmp to /home/runner/work/ratis/ratis/ratis-test/target/test/data/f7ba0e94/MiniRaftClusterWithGrpc7e5615dc/s1/2c412c1a-1359-4819-bda3-adefd529bbeb/current/raft-meta.conf with options [REPLACE_EXISTING]
2024-09-29 22:58:11,492 [s0@group-ADEFD529BBEB-StateMachineUpdater] TRACE util.FileUtils (LogUtils.java:runAndLog(49)) - Successfully ran Atomic Files.move /home/runner/work/ratis/ratis/ratis-test/target/test/data/f7ba0e94/MiniRaftClusterWithGrpc7e5615dc/s0/2c412c1a-1359-4819-bda3-adefd529bbeb/current/raft-meta.conf.tmp to /home/runner/work/ratis/ratis/ratis-test/target/test/data/f7ba0e94/MiniRaftClusterWithGrpc7e5615dc/s0/2c412c1a-1359-4819-bda3-adefd529bbeb/current/raft-meta.conf with options [REPLACE_EXISTING]
2024-09-29 22:58:11,492 [s2@group-ADEFD529BBEB-StateMachineUpdater] TRACE util.FileUtils (LogUtils.java:runAndLog(49)) - Successfully ran Atomic Files.move /home/runner/work/ratis/ratis/ratis-test/target/test/data/f7ba0e94/MiniRaftClusterWithGrpc7e5615dc/s2/2c412c1a-1359-4819-bda3-adefd529bbeb/current/raft-meta.conf.tmp to /home/runner/work/ratis/ratis/ratis-test/target/test/data/f7ba0e94/MiniRaftClusterWithGrpc7e5615dc/s2/2c412c1a-1359-4819-bda3-adefd529bbeb/current/raft-meta.conf with options [REPLACE_EXISTING]
2024-09-29 22:58:11,501 [main] INFO  server.RaftServerConfigKeys (ConfUtils.java:logGet(46)) - raft.server.rpc.timeout.max = 300ms (default)
2024-09-29 22:58:11,502 [main] INFO  impl.RaftServerTestUtil (RaftServerTestUtil.java:waitAndCheckNewConf(101)) - waitAndCheckNewConf: peers=[s1|0.0.0.0:15050, s2|0.0.0.0:15051, s0|localhost:15046], deadPeers=null, printing ALL groups
  s0:  RUNNING    LEADER s0@group-ADEFD529BBEB:t1, leader=s0, voted=s0, raftlog=Memoized:s0@group-ADEFD529BBEB-SegmentedRaftLog:OPENED:c258:last(t:1, i:258), conf=conf: {index: 257, cur=peers:[s0|localhost:15046, s1|0.0.0.0:15050, s2|0.0.0.0:15051]|listeners:[], old=null} RUNNING
  s1:  RUNNING  FOLLOWER s1@group-ADEFD529BBEB:t1, leader=s0, voted=null, raftlog=Memoized:s1@group-ADEFD529BBEB-SegmentedRaftLog:OPENED:c257:last(t:1, i:258), conf=conf: {index: 257, cur=peers:[s0|localhost:15046, s1|0.0.0.0:15050, s2|0.0.0.0:15051]|listeners:[], old=null} RUNNING
  s2:  RUNNING  FOLLOWER s2@group-ADEFD529BBEB:t1, leader=s0, voted=null, raftlog=Memoized:s2@group-ADEFD529BBEB-SegmentedRaftLog:OPENED:c257:last(t:1, i:258), conf=conf: {index: 257, cur=peers:[s0|localhost:15046, s1|0.0.0.0:15050, s2|0.0.0.0:15051]|listeners:[], old=null} RUNNING
2024-09-29 22:58:11,502 [main] INFO  impl.RaftServerTestUtil (RaftServerTestUtil.java:waitAndCheckNewConf(110)) - checking    LEADER s0@group-ADEFD529BBEB:t1, leader=s0, voted=s0, raftlog=Memoized:s0@group-ADEFD529BBEB-SegmentedRaftLog:OPENED:c258:last(t:1, i:258), conf=conf: {index: 257, cur=peers:[s0|localhost:15046, s1|0.0.0.0:15050, s2|0.0.0.0:15051]|listeners:[], old=null} RUNNING
2024-09-29 22:58:11,502 [main] INFO  impl.RaftServerTestUtil (RaftServerTestUtil.java:waitAndCheckNewConf(110)) - checking  FOLLOWER s1@group-ADEFD529BBEB:t1, leader=s0, voted=null, raftlog=Memoized:s1@group-ADEFD529BBEB-SegmentedRaftLog:OPENED:c257:last(t:1, i:258), conf=conf: {index: 257, cur=peers:[s0|localhost:15046, s1|0.0.0.0:15050, s2|0.0.0.0:15051]|listeners:[], old=null} RUNNING
2024-09-29 22:58:11,502 [main] INFO  impl.RaftServerTestUtil (RaftServerTestUtil.java:waitAndCheckNewConf(110)) - checking  FOLLOWER s2@group-ADEFD529BBEB:t1, leader=s0, voted=null, raftlog=Memoized:s2@group-ADEFD529BBEB-SegmentedRaftLog:OPENED:c257:last(t:1, i:258), conf=conf: {index: 257, cur=peers:[s0|localhost:15046, s1|0.0.0.0:15050, s2|0.0.0.0:15051]|listeners:[], old=null} RUNNING
2024-09-29 22:58:11,503 [main] INFO  impl.MiniRaftCluster (MiniRaftCluster.java:shutdown(837)) - ************************************************************** 
2024-09-29 22:58:11,503 [main] INFO  impl.MiniRaftCluster (MiniRaftCluster.java:shutdown(838)) - *** 
2024-09-29 22:58:11,503 [main] INFO  impl.MiniRaftCluster (MiniRaftCluster.java:shutdown(839)) - ***     Stopping MiniRaftClusterWithGrpc
2024-09-29 22:58:11,504 [main] INFO  impl.MiniRaftCluster (MiniRaftCluster.java:shutdown(840)) - *** 
2024-09-29 22:58:11,504 [main] INFO  impl.MiniRaftCluster (MiniRaftCluster.java:shutdown(841)) - ************************************************************** 
2024-09-29 22:58:11,504 [main] INFO  impl.MiniRaftCluster (MiniRaftCluster.java:shutdown(842)) - printing ALL groups
  s0:  RUNNING    LEADER s0@group-ADEFD529BBEB:t1, leader=s0, voted=s0, raftlog=Memoized:s0@group-ADEFD529BBEB-SegmentedRaftLog:OPENED:c258:last(t:1, i:258), conf=conf: {index: 257, cur=peers:[s0|localhost:15046, s1|0.0.0.0:15050, s2|0.0.0.0:15051]|listeners:[], old=null} RUNNING
  s1:  RUNNING  FOLLOWER s1@group-ADEFD529BBEB:t1, leader=s0, voted=null, raftlog=Memoized:s1@group-ADEFD529BBEB-SegmentedRaftLog:OPENED:c257:last(t:1, i:258), conf=conf: {index: 257, cur=peers:[s0|localhost:15046, s1|0.0.0.0:15050, s2|0.0.0.0:15051]|listeners:[], old=null} RUNNING
  s2:  RUNNING  FOLLOWER s2@group-ADEFD529BBEB:t1, leader=s0, voted=null, raftlog=Memoized:s2@group-ADEFD529BBEB-SegmentedRaftLog:OPENED:c257:last(t:1, i:258), conf=conf: {index: 257, cur=peers:[s0|localhost:15046, s1|0.0.0.0:15050, s2|0.0.0.0:15051]|listeners:[], old=null} RUNNING
2024-09-29 22:58:11,505 [MiniRaftCluster-21] INFO  server.RaftServer (RaftServerProxy.java:lambda$close$9(418)) - s1: close
2024-09-29 22:58:11,509 [s1-impl-thread1] INFO  server.RaftServer$Division (RaftServerImpl.java:lambda$close$1(510)) - s1@group-ADEFD529BBEB: shutdown
2024-09-29 22:58:11,509 [MiniRaftCluster-22] INFO  server.RaftServer (RaftServerProxy.java:lambda$close$9(418)) - s2: close
2024-09-29 22:58:11,509 [MiniRaftCluster-21] INFO  server.GrpcService (GrpcService.java:closeImpl(350)) - s1: shutdown server GrpcServerProtocolService now
2024-09-29 22:58:11,509 [s1-impl-thread1] INFO  util.JmxRegister (JmxRegister.java:unregister(74)) - Successfully un-registered JMX Bean with object name Ratis:service=RaftServer,group=group-ADEFD529BBEB,id=s1
2024-09-29 22:58:11,509 [s1-impl-thread1] INFO  impl.RoleInfo (RoleInfo.java:shutdownFollowerState(119)) - s1: shutdown s1@group-ADEFD529BBEB-FollowerState
2024-09-29 22:58:11,509 [s1-impl-thread1] INFO  impl.StateMachineUpdater (StateMachineUpdater.java:stopAndJoin(164)) - s1@group-ADEFD529BBEB-StateMachineUpdater: set stopIndex = 257
2024-09-29 22:58:11,509 [MiniRaftCluster-20] INFO  server.RaftServer (RaftServerProxy.java:lambda$close$9(418)) - s0: close
2024-09-29 22:58:11,509 [s1@group-ADEFD529BBEB-StateMachineUpdater] TRACE util.FileUtils (FileUtils.java:deleteFully(305)) - deleteFully /tmp/ratis-tests/statemachine/s1/snapshot/1_257
2024-09-29 22:58:11,509 [s1@group-ADEFD529BBEB-StateMachineUpdater] TRACE util.FileUtils (FileUtils.java:deleteFully(318)) - deleteFully: /tmp/ratis-tests/statemachine/s1/snapshot/1_257 does not exist.
2024-09-29 22:58:11,509 [s1@group-ADEFD529BBEB-StateMachineUpdater] TRACE util.FileUtils (FileUtils.java:deleteFully(305)) - deleteFully /tmp/ratis-tests/statemachine/s1/tmp/96e0afa5-0f3b-463d-be81-f6cc302b0998
2024-09-29 22:58:11,509 [s1@group-ADEFD529BBEB-StateMachineUpdater] TRACE util.FileUtils (FileUtils.java:deleteFully(318)) - deleteFully: /tmp/ratis-tests/statemachine/s1/tmp/96e0afa5-0f3b-463d-be81-f6cc302b0998 does not exist.
2024-09-29 22:58:11,510 [s1@group-ADEFD529BBEB-StateMachineUpdater] TRACE util.FileUtils (LogUtils.java:runAndLog(49)) - Successfully ran Atomic Files.move /tmp/ratis-tests/statemachine/s1/tmp/96e0afa5-0f3b-463d-be81-f6cc302b0998 to /tmp/ratis-tests/statemachine/s1/snapshot/1_257
2024-09-29 22:58:11,510 [s1@group-ADEFD529BBEB-StateMachineUpdater] INFO  impl.StateMachineUpdater (StateMachineUpdater.java:takeSnapshot(308)) - s1@group-ADEFD529BBEB-StateMachineUpdater: Took a snapshot at index 257
2024-09-29 22:58:11,510 [s1@group-ADEFD529BBEB-StateMachineUpdater] INFO  impl.StateMachineUpdater (StateMachineUpdater.java:lambda$new$0(102)) - s1@group-ADEFD529BBEB-StateMachineUpdater: snapshotIndex: updateIncreasingly 255 -> 257
2024-09-29 22:58:11,510 [s1@group-ADEFD529BBEB-StateMachineUpdater] INFO  impl.StateMachineUpdater (StateMachineUpdater.java:stop(141)) - s1@group-ADEFD529BBEB-StateMachineUpdater: closing StateMachineWithSeparatedSnapshotPath, lastApplied=(t:1, i:257)
2024-09-29 22:58:11,509 [s1@group-ADEFD529BBEB-FollowerState] INFO  impl.FollowerState (FollowerState.java:run(153)) - s1@group-ADEFD529BBEB-FollowerState was interrupted
2024-09-29 22:58:11,510 [s1@group-ADEFD529BBEB-cacheEviction-AwaitToRun] INFO  util.AwaitToRun (AwaitToRun.java:run(49)) - s1@group-ADEFD529BBEB-cacheEviction-AwaitToRun-AwaitForSignal is interrupted
2024-09-29 22:58:11,511 [MiniRaftCluster-20] INFO  server.GrpcService (GrpcService.java:closeImpl(350)) - s0: shutdown server org.apache.ratis.grpc.server.GrpcClientProtocolService now
2024-09-29 22:58:11,511 [s0-impl-thread1] INFO  server.RaftServer$Division (RaftServerImpl.java:lambda$close$1(510)) - s0@group-ADEFD529BBEB: shutdown
2024-09-29 22:58:11,511 [s0-impl-thread1] INFO  util.JmxRegister (JmxRegister.java:unregister(74)) - Successfully un-registered JMX Bean with object name Ratis:service=RaftServer,group=group-ADEFD529BBEB,id=s0
2024-09-29 22:58:11,511 [s0-impl-thread1] INFO  impl.RoleInfo (RoleInfo.java:shutdownLeaderState(103)) - s0: shutdown s0@group-ADEFD529BBEB-LeaderStateImpl
2024-09-29 22:58:11,511 [s0-impl-thread1] INFO  impl.PendingRequests (PendingRequests.java:sendNotLeaderResponses(287)) - s0@group-ADEFD529BBEB-PendingRequests: sendNotLeaderResponses
2024-09-29 22:58:11,512 [grpc-default-executor-0] WARN  server.GrpcServerProtocolService (LogUtils.java:warn(121)) - s1: APPEND_ENTRIES onError, lastRequest: s0->s1#8-t1,previous=(t:1, i:257),leaderCommit=257,initializing? false,entries: size=1, first=(t:1, i:258), METADATAENTRY(c:257): org.apache.ratis.thirdparty.io.grpc.StatusRuntimeException: CANCELLED: client cancelled
2024-09-29 22:58:11,512 [grpc-default-executor-4] INFO  server.GrpcLogAppender (GrpcLogAppender.java:onError(546)) - s0@group-ADEFD529BBEB->s1-GrpcLogAppender is already stopped
2024-09-29 22:58:11,512 [grpc-default-executor-0] WARN  server.GrpcServerProtocolService (LogUtils.java:warn(121)) - s1: APPEND_ENTRIES onError, lastRequest: null: org.apache.ratis.thirdparty.io.grpc.StatusRuntimeException: CANCELLED: client cancelled
2024-09-29 22:58:11,514 [s2-impl-thread1] INFO  server.RaftServer$Division (RaftServerImpl.java:lambda$close$1(510)) - s2@group-ADEFD529BBEB: shutdown
2024-09-29 22:58:11,514 [s2-impl-thread1] INFO  util.JmxRegister (JmxRegister.java:unregister(74)) - Successfully un-registered JMX Bean with object name Ratis:service=RaftServer,group=group-ADEFD529BBEB,id=s2
2024-09-29 22:58:11,514 [s2-impl-thread1] INFO  impl.RoleInfo (RoleInfo.java:shutdownFollowerState(119)) - s2: shutdown s2@group-ADEFD529BBEB-FollowerState
2024-09-29 22:58:11,514 [MiniRaftCluster-22] INFO  server.GrpcService (GrpcService.java:closeImpl(350)) - s2: shutdown server GrpcServerProtocolService now
2024-09-29 22:58:11,514 [s0@group-ADEFD529BBEB->s1-GrpcLogAppender-LogAppenderDaemon] WARN  server.GrpcLogAppender (GrpcLogAppender.java:mayWait(293)) - s0@group-ADEFD529BBEB->s1-GrpcLogAppender: Wait interrupted by java.lang.InterruptedException
2024-09-29 22:58:11,521 [s0@group-ADEFD529BBEB->s2-GrpcLogAppender-LogAppenderDaemon] WARN  server.GrpcLogAppender (GrpcLogAppender.java:mayWait(293)) - s0@group-ADEFD529BBEB->s2-GrpcLogAppender: Wait interrupted by java.lang.InterruptedException
2024-09-29 22:58:11,521 [MiniRaftCluster-21] INFO  server.GrpcService (GrpcService.java:closeImpl(359)) - s1: shutdown server GrpcServerProtocolService successfully
2024-09-29 22:58:11,521 [grpc-default-executor-2] INFO  server.GrpcServerProtocolService (GrpcServerProtocolService.java:onCompleted(200)) - s2: Completed APPEND_ENTRIES, lastRequest: null
2024-09-29 22:58:11,521 [grpc-default-executor-0] INFO  server.GrpcServerProtocolService (GrpcServerProtocolService.java:onCompleted(200)) - s2: Completed APPEND_ENTRIES, lastRequest: s0->s2#7-t1,previous=(t:1, i:257),leaderCommit=257,initializing? false,entries: size=1, first=(t:1, i:258), METADATAENTRY(c:257)
2024-09-29 22:58:11,521 [grpc-default-executor-0] INFO  server.GrpcServerProtocolService (GrpcServerProtocolService.java:lambda$onCompleted$7(202)) - s2: Completed APPEND_ENTRIES, lastReply: null
2024-09-29 22:58:11,521 [grpc-default-executor-2] INFO  server.GrpcServerProtocolService (GrpcServerProtocolService.java:lambda$onCompleted$7(202)) - s2: Completed APPEND_ENTRIES, lastReply: serverReply {
  requestorId: "s0"
  replyId: "s2"
  raftGroupId {
    id: ",A,\032\023YH\031\275\243\255\357\325)\273\353"
  }
  success: true
}
term: 1
nextIndex: 255
followerCommit: 191
matchIndex: 18446744073709551615
isHearbeat: true

2024-09-29 22:58:11,521 [s2-impl-thread1] INFO  impl.StateMachineUpdater (StateMachineUpdater.java:stopAndJoin(164)) - s2@group-ADEFD529BBEB-StateMachineUpdater: set stopIndex = 257
2024-09-29 22:58:11,521 [s2@group-ADEFD529BBEB-FollowerState] INFO  impl.FollowerState (FollowerState.java:run(153)) - s2@group-ADEFD529BBEB-FollowerState was interrupted
2024-09-29 22:58:11,522 [grpc-default-executor-4] INFO  server.GrpcLogAppender (GrpcLogAppender.java:onError(546)) - s0@group-ADEFD529BBEB->s1-GrpcLogAppender is already stopped
2024-09-29 22:58:11,522 [s2@group-ADEFD529BBEB-StateMachineUpdater] TRACE util.FileUtils (FileUtils.java:deleteFully(305)) - deleteFully /tmp/ratis-tests/statemachine/s2/snapshot/1_257
2024-09-29 22:58:11,523 [s2@group-ADEFD529BBEB-StateMachineUpdater] TRACE util.FileUtils (FileUtils.java:deleteFully(318)) - deleteFully: /tmp/ratis-tests/statemachine/s2/snapshot/1_257 does not exist.
2024-09-29 22:58:11,523 [s2@group-ADEFD529BBEB-StateMachineUpdater] TRACE util.FileUtils (FileUtils.java:deleteFully(305)) - deleteFully /tmp/ratis-tests/statemachine/s2/tmp/cf20afcd-8ab0-489f-b28b-24b1cc8fa066
2024-09-29 22:58:11,523 [s2@group-ADEFD529BBEB-StateMachineUpdater] TRACE util.FileUtils (FileUtils.java:deleteFully(318)) - deleteFully: /tmp/ratis-tests/statemachine/s2/tmp/cf20afcd-8ab0-489f-b28b-24b1cc8fa066 does not exist.
2024-09-29 22:58:11,523 [s2@group-ADEFD529BBEB-StateMachineUpdater] TRACE util.FileUtils (LogUtils.java:runAndLog(49)) - Successfully ran Atomic Files.move /tmp/ratis-tests/statemachine/s2/tmp/cf20afcd-8ab0-489f-b28b-24b1cc8fa066 to /tmp/ratis-tests/statemachine/s2/snapshot/1_257
2024-09-29 22:58:11,523 [s2@group-ADEFD529BBEB-StateMachineUpdater] INFO  impl.StateMachineUpdater (StateMachineUpdater.java:takeSnapshot(308)) - s2@group-ADEFD529BBEB-StateMachineUpdater: Took a snapshot at index 257
2024-09-29 22:58:11,523 [s2@group-ADEFD529BBEB-StateMachineUpdater] INFO  impl.StateMachineUpdater (StateMachineUpdater.java:lambda$new$0(102)) - s2@group-ADEFD529BBEB-StateMachineUpdater: snapshotIndex: updateIncreasingly 255 -> 257
2024-09-29 22:58:11,523 [s2@group-ADEFD529BBEB-StateMachineUpdater] INFO  impl.StateMachineUpdater (StateMachineUpdater.java:stop(141)) - s2@group-ADEFD529BBEB-StateMachineUpdater: closing StateMachineWithSeparatedSnapshotPath, lastApplied=(t:1, i:257)
2024-09-29 22:58:11,524 [Thread-588] INFO  server.GrpcServerProtocolClient (GrpcServerProtocolClient.java:close(105)) - s1 Close channels
2024-09-29 22:58:11,524 [grpc-default-executor-2] INFO  server.GrpcLogAppender (GrpcLogAppender.java:onCompleted(559)) - s0@group-ADEFD529BBEB->s2-AppendLogResponseHandler: follower responses appendEntries COMPLETED
2024-09-29 22:58:11,524 [s2@group-ADEFD529BBEB-cacheEviction-AwaitToRun] INFO  util.AwaitToRun (AwaitToRun.java:run(49)) - s2@group-ADEFD529BBEB-cacheEviction-AwaitToRun-AwaitForSignal is interrupted
2024-09-29 22:58:11,525 [s0-impl-thread1] INFO  impl.StateMachineUpdater (StateMachineUpdater.java:stopAndJoin(164)) - s0@group-ADEFD529BBEB-StateMachineUpdater: set stopIndex = 258
2024-09-29 22:58:11,525 [s0@group-ADEFD529BBEB-StateMachineUpdater] TRACE util.FileUtils (FileUtils.java:deleteFully(305)) - deleteFully /tmp/ratis-tests/statemachine/s0/snapshot/1_258
2024-09-29 22:58:11,525 [s0@group-ADEFD529BBEB-StateMachineUpdater] TRACE util.FileUtils (FileUtils.java:deleteFully(318)) - deleteFully: /tmp/ratis-tests/statemachine/s0/snapshot/1_258 does not exist.
2024-09-29 22:58:11,525 [s0@group-ADEFD529BBEB-StateMachineUpdater] TRACE util.FileUtils (FileUtils.java:deleteFully(305)) - deleteFully /tmp/ratis-tests/statemachine/s0/tmp/048397cd-7cb0-4bda-be95-eb9264f3a2c0
2024-09-29 22:58:11,525 [s0@group-ADEFD529BBEB-StateMachineUpdater] TRACE util.FileUtils (FileUtils.java:deleteFully(318)) - deleteFully: /tmp/ratis-tests/statemachine/s0/tmp/048397cd-7cb0-4bda-be95-eb9264f3a2c0 does not exist.
2024-09-29 22:58:11,526 [s0@group-ADEFD529BBEB-StateMachineUpdater] TRACE util.FileUtils (LogUtils.java:runAndLog(49)) - Successfully ran Atomic Files.move /tmp/ratis-tests/statemachine/s0/tmp/048397cd-7cb0-4bda-be95-eb9264f3a2c0 to /tmp/ratis-tests/statemachine/s0/snapshot/1_258
2024-09-29 22:58:11,526 [s0@group-ADEFD529BBEB-StateMachineUpdater] INFO  impl.StateMachineUpdater (StateMachineUpdater.java:takeSnapshot(308)) - s0@group-ADEFD529BBEB-StateMachineUpdater: Took a snapshot at index 258
2024-09-29 22:58:11,526 [s0@group-ADEFD529BBEB-StateMachineUpdater] INFO  impl.StateMachineUpdater (StateMachineUpdater.java:lambda$new$0(102)) - s0@group-ADEFD529BBEB-StateMachineUpdater: snapshotIndex: updateIncreasingly 255 -> 258
2024-09-29 22:58:11,526 [s0@group-ADEFD529BBEB-StateMachineUpdater] INFO  impl.StateMachineUpdater (StateMachineUpdater.java:stop(141)) - s0@group-ADEFD529BBEB-StateMachineUpdater: closing StateMachineWithSeparatedSnapshotPath, lastApplied=(t:1, i:258)
2024-09-29 22:58:11,526 [Thread-589] INFO  server.GrpcServerProtocolClient (GrpcServerProtocolClient.java:close(105)) - s2 Close channels
2024-09-29 22:58:11,526 [grpc-default-executor-4] INFO  server.GrpcLogAppender (GrpcLogAppender.java:onCompleted(559)) - s0@group-ADEFD529BBEB->s2-AppendLogResponseHandler: follower responses appendEntries COMPLETED
2024-09-29 22:58:11,526 [grpc-default-executor-4] WARN  server.GrpcLogAppender (GrpcLogAppender.java:resetClient(230)) - s0@group-ADEFD529BBEB->s2-GrpcLogAppender: Failed to getClient for s2
org.apache.ratis.protocol.exceptions.AlreadyClosedException: s0 is already CLOSED
	at org.apache.ratis.util.PeerProxyMap$PeerAndProxy.getProxy(PeerProxyMap.java:67)
	at org.apache.ratis.util.PeerProxyMap.getProxy(PeerProxyMap.java:124)
	at org.apache.ratis.grpc.server.GrpcLogAppender.getClient(GrpcLogAppender.java:200)
	at org.apache.ratis.grpc.server.GrpcLogAppender.resetClient(GrpcLogAppender.java:205)
	at org.apache.ratis.grpc.server.GrpcLogAppender.access$800(GrpcLogAppender.java:64)
	at org.apache.ratis.grpc.server.GrpcLogAppender$AppendLogResponseHandler.onCompleted(GrpcLogAppender.java:560)
	at org.apache.ratis.thirdparty.io.grpc.stub.ClientCalls$StreamObserverToCallListenerAdapter.onClose(ClientCalls.java:479)
	at org.apache.ratis.thirdparty.io.grpc.internal.DelayedClientCall$DelayedListener$3.run(DelayedClientCall.java:489)
	at org.apache.ratis.thirdparty.io.grpc.internal.DelayedClientCall$DelayedListener.delayOrExecute(DelayedClientCall.java:453)
	at org.apache.ratis.thirdparty.io.grpc.internal.DelayedClientCall$DelayedListener.onClose(DelayedClientCall.java:486)
	at org.apache.ratis.thirdparty.io.grpc.internal.ClientCallImpl.closeObserver(ClientCallImpl.java:567)
	at org.apache.ratis.thirdparty.io.grpc.internal.ClientCallImpl.access$300(ClientCallImpl.java:71)
	at org.apache.ratis.thirdparty.io.grpc.internal.ClientCallImpl$ClientStreamListenerImpl$1StreamClosed.runInternal(ClientCallImpl.java:735)
	at org.apache.ratis.thirdparty.io.grpc.internal.ClientCallImpl$ClientStreamListenerImpl$1StreamClosed.runInContext(ClientCallImpl.java:716)
	at org.apache.ratis.thirdparty.io.grpc.internal.ContextRunnable.run(ContextRunnable.java:37)
	at org.apache.ratis.thirdparty.io.grpc.internal.SerializingExecutor.run(SerializingExecutor.java:133)
	at java.util.concurrent.ThreadPoolExecutor.runWorker(ThreadPoolExecutor.java:1149)
	at java.util.concurrent.ThreadPoolExecutor$Worker.run(ThreadPoolExecutor.java:624)
	at java.lang.Thread.run(Thread.java:750)
2024-09-29 22:58:11,528 [MiniRaftCluster-22] INFO  server.GrpcService (GrpcService.java:closeImpl(359)) - s2: shutdown server GrpcServerProtocolService successfully
2024-09-29 22:58:11,529 [s0@group-ADEFD529BBEB-cacheEviction-AwaitToRun] INFO  util.AwaitToRun (AwaitToRun.java:run(49)) - s0@group-ADEFD529BBEB-cacheEviction-AwaitToRun-AwaitForSignal is interrupted
2024-09-29 22:58:11,530 [MiniRaftCluster-20] INFO  server.GrpcService (GrpcService.java:closeImpl(359)) - s0: shutdown server org.apache.ratis.grpc.server.GrpcClientProtocolService successfully
2024-09-29 22:58:11,530 [MiniRaftCluster-20] INFO  server.GrpcService (GrpcService.java:closeImpl(350)) - s0: shutdown server GrpcServerProtocolService now
2024-09-29 22:58:11,530 [MiniRaftCluster-20] INFO  server.GrpcService (GrpcService.java:closeImpl(359)) - s0: shutdown server GrpcServerProtocolService successfully
2024-09-29 22:58:11,530 [MiniRaftCluster-20] INFO  server.GrpcService (GrpcService.java:closeImpl(350)) - s0: shutdown server org.apache.ratis.grpc.server.GrpcAdminProtocolService now
2024-09-29 22:58:11,530 [MiniRaftCluster-20] INFO  server.GrpcService (GrpcService.java:closeImpl(359)) - s0: shutdown server org.apache.ratis.grpc.server.GrpcAdminProtocolService successfully
2024-09-29 22:58:12,488 [s0-impl-thread1] INFO  segmented.SegmentedRaftLogWorker (SegmentedRaftLogWorker.java:close(251)) - s0@group-ADEFD529BBEB-SegmentedRaftLogWorker close()
2024-09-29 22:58:12,489 [JvmPauseMonitor19] INFO  util.JvmPauseMonitor (JvmPauseMonitor.java:run(152)) - JvmPauseMonitor-s0: Stopped
2024-09-29 22:58:12,489 [s1-impl-thread1] INFO  segmented.SegmentedRaftLogWorker (SegmentedRaftLogWorker.java:close(251)) - s1@group-ADEFD529BBEB-SegmentedRaftLogWorker close()
2024-09-29 22:58:12,490 [JvmPauseMonitor20] INFO  util.JvmPauseMonitor (JvmPauseMonitor.java:run(152)) - JvmPauseMonitor-s1: Stopped
2024-09-29 22:58:12,491 [s2-impl-thread1] INFO  segmented.SegmentedRaftLogWorker (SegmentedRaftLogWorker.java:close(251)) - s2@group-ADEFD529BBEB-SegmentedRaftLogWorker close()
2024-09-29 22:58:12,492 [JvmPauseMonitor21] INFO  util.JvmPauseMonitor (JvmPauseMonitor.java:run(152)) - JvmPauseMonitor-s2: Stopped
2024-09-29 22:58:12,492 [main] INFO  impl.MiniRaftCluster (MiniRaftCluster.java:shutdown(861)) - MiniRaftClusterWithGrpc shutdown completed
2024-09-29 22:58:12,493 [main] INFO  ratis.RaftTestUtil (RaftTestUtil.java:gc(593)) - gc 0
2024-09-29 22:58:12,665 [main] WARN  util.ReferenceCountedLeakDetector (ReferenceCountedLeakDetector.java:lambda$new$0(147)) - LEAK: A org.apache.ratis.protocol.RaftClientRequest is not released properly
2024-09-29 22:58:12,665 [main] WARN  util.ReferenceCountedLeakDetector (ReferenceCountedLeakDetector.java:lambda$new$0(147)) - LEAK: A org.apache.ratis.protocol.RaftClientRequest is not released properly
2024-09-29 22:58:12,665 [main] WARN  util.ReferenceCountedLeakDetector (ReferenceCountedLeakDetector.java:lambda$new$0(147)) - LEAK: A org.apache.ratis.protocol.RaftClientRequest is not released properly
2024-09-29 22:58:12,665 [main] WARN  util.ReferenceCountedLeakDetector (ReferenceCountedLeakDetector.java:lambda$new$0(147)) - LEAK: A org.apache.ratis.proto.RaftProtos$LogEntryProto is not released properly
2024-09-29 22:58:12,665 [main] WARN  util.ReferenceCountedLeakDetector (ReferenceCountedLeakDetector.java:lambda$new$0(147)) - LEAK: A org.apache.ratis.protocol.RaftClientRequest is not released properly
2024-09-29 22:58:12,665 [main] WARN  util.ReferenceCountedLeakDetector (ReferenceCountedLeakDetector.java:lambda$new$0(147)) - LEAK: A org.apache.ratis.proto.RaftProtos$LogEntryProto is not released properly
2024-09-29 22:58:12,665 [main] WARN  util.ReferenceCountedLeakDetector (ReferenceCountedLeakDetector.java:lambda$new$0(147)) - LEAK: A org.apache.ratis.proto.RaftProtos$LogEntryProto is not released properly
2024-09-29 22:58:12,666 [main] WARN  util.ReferenceCountedLeakDetector (ReferenceCountedLeakDetector.java:lambda$new$0(147)) - LEAK: A org.apache.ratis.proto.RaftProtos$LogEntryProto is not released properly
2024-09-29 22:58:12,666 [main] WARN  util.ReferenceCountedLeakDetector (ReferenceCountedLeakDetector.java:lambda$new$0(147)) - LEAK: A org.apache.ratis.proto.RaftProtos$LogEntryProto is not released properly
2024-09-29 22:58:12,666 [main] WARN  util.ReferenceCountedLeakDetector (ReferenceCountedLeakDetector.java:lambda$new$0(147)) - LEAK: A org.apache.ratis.proto.RaftProtos$LogEntryProto is not released properly
2024-09-29 22:58:12,666 [main] WARN  util.ReferenceCountedLeakDetector (ReferenceCountedLeakDetector.java:lambda$new$0(147)) - LEAK: A org.apache.ratis.proto.RaftProtos$LogEntryProto is not released properly
2024-09-29 22:58:12,666 [main] WARN  util.ReferenceCountedLeakDetector (ReferenceCountedLeakDetector.java:lambda$new$0(147)) - LEAK: A org.apache.ratis.protocol.RaftClientRequest is not released properly
2024-09-29 22:58:12,666 [main] WARN  util.ReferenceCountedLeakDetector (ReferenceCountedLeakDetector.java:lambda$new$0(147)) - LEAK: A org.apache.ratis.proto.RaftProtos$LogEntryProto is not released properly
2024-09-29 22:58:12,666 [main] WARN  util.ReferenceCountedLeakDetector (ReferenceCountedLeakDetector.java:lambda$new$0(147)) - LEAK: A org.apache.ratis.protocol.RaftClientRequest is not released properly
2024-09-29 22:58:12,666 [main] WARN  util.ReferenceCountedLeakDetector (ReferenceCountedLeakDetector.java:lambda$new$0(147)) - LEAK: A org.apache.ratis.protocol.RaftClientRequest is not released properly
2024-09-29 22:58:12,667 [main] WARN  util.ReferenceCountedLeakDetector (ReferenceCountedLeakDetector.java:lambda$new$0(147)) - LEAK: A org.apache.ratis.protocol.RaftClientRequest is not released properly
2024-09-29 22:58:12,667 [main] WARN  util.ReferenceCountedLeakDetector (ReferenceCountedLeakDetector.java:lambda$new$0(147)) - LEAK: A org.apache.ratis.proto.RaftProtos$LogEntryProto is not released properly
2024-09-29 22:58:12,667 [main] WARN  util.ReferenceCountedLeakDetector (ReferenceCountedLeakDetector.java:lambda$new$0(147)) - LEAK: A org.apache.ratis.protocol.RaftClientRequest is not released properly
2024-09-29 22:58:12,667 [main] WARN  util.ReferenceCountedLeakDetector (ReferenceCountedLeakDetector.java:lambda$new$0(147)) - LEAK: A org.apache.ratis.proto.RaftProtos$LogEntryProto is not released properly
2024-09-29 22:58:12,667 [main] WARN  util.ReferenceCountedLeakDetector (ReferenceCountedLeakDetector.java:lambda$new$0(147)) - LEAK: A org.apache.ratis.protocol.RaftClientRequest is not released properly
2024-09-29 22:58:12,667 [main] WARN  util.ReferenceCountedLeakDetector (ReferenceCountedLeakDetector.java:lambda$new$0(147)) - LEAK: A org.apache.ratis.proto.RaftProtos$LogEntryProto is not released properly
2024-09-29 22:58:12,667 [main] WARN  util.ReferenceCountedLeakDetector (ReferenceCountedLeakDetector.java:lambda$new$0(147)) - LEAK: A org.apache.ratis.protocol.RaftClientRequest is not released properly
2024-09-29 22:58:12,667 [main] WARN  util.ReferenceCountedLeakDetector (ReferenceCountedLeakDetector.java:lambda$new$0(147)) - LEAK: A org.apache.ratis.proto.RaftProtos$LogEntryProto is not released properly
2024-09-29 22:58:12,668 [main] WARN  util.ReferenceCountedLeakDetector (ReferenceCountedLeakDetector.java:lambda$new$0(147)) - LEAK: A org.apache.ratis.proto.RaftProtos$LogEntryProto is not released properly
2024-09-29 22:58:12,668 [main] WARN  util.ReferenceCountedLeakDetector (ReferenceCountedLeakDetector.java:lambda$new$0(147)) - LEAK: A org.apache.ratis.protocol.RaftClientRequest is not released properly
2024-09-29 22:58:12,668 [main] WARN  util.ReferenceCountedLeakDetector (ReferenceCountedLeakDetector.java:lambda$new$0(147)) - LEAK: A org.apache.ratis.protocol.RaftClientRequest is not released properly
2024-09-29 22:58:12,668 [main] WARN  util.ReferenceCountedLeakDetector (ReferenceCountedLeakDetector.java:lambda$new$0(147)) - LEAK: A org.apache.ratis.proto.RaftProtos$LogEntryProto is not released properly
2024-09-29 22:58:12,668 [main] WARN  util.ReferenceCountedLeakDetector (ReferenceCountedLeakDetector.java:lambda$new$0(147)) - LEAK: A org.apache.ratis.protocol.RaftClientRequest is not released properly
2024-09-29 22:58:12,668 [main] WARN  util.ReferenceCountedLeakDetector (ReferenceCountedLeakDetector.java:lambda$new$0(147)) - LEAK: A org.apache.ratis.proto.RaftProtos$LogEntryProto is not released properly
2024-09-29 22:58:12,668 [main] WARN  util.ReferenceCountedLeakDetector (ReferenceCountedLeakDetector.java:lambda$new$0(147)) - LEAK: A org.apache.ratis.proto.RaftProtos$LogEntryProto is not released properly
2024-09-29 22:58:12,668 [main] WARN  util.ReferenceCountedLeakDetector (ReferenceCountedLeakDetector.java:lambda$new$0(147)) - LEAK: A org.apache.ratis.proto.RaftProtos$LogEntryProto is not released properly
2024-09-29 22:58:12,669 [main] WARN  util.ReferenceCountedLeakDetector (ReferenceCountedLeakDetector.java:lambda$new$0(147)) - LEAK: A org.apache.ratis.protocol.RaftClientRequest is not released properly
2024-09-29 22:58:12,669 [main] WARN  util.ReferenceCountedLeakDetector (ReferenceCountedLeakDetector.java:lambda$new$0(147)) - LEAK: A org.apache.ratis.proto.RaftProtos$LogEntryProto is not released properly
2024-09-29 22:58:12,669 [main] WARN  util.ReferenceCountedLeakDetector (ReferenceCountedLeakDetector.java:lambda$new$0(147)) - LEAK: A org.apache.ratis.proto.RaftProtos$LogEntryProto is not released properly
2024-09-29 22:58:12,669 [main] WARN  util.ReferenceCountedLeakDetector (ReferenceCountedLeakDetector.java:lambda$new$0(147)) - LEAK: A org.apache.ratis.protocol.RaftClientRequest is not released properly
2024-09-29 22:58:12,669 [main] WARN  util.ReferenceCountedLeakDetector (ReferenceCountedLeakDetector.java:lambda$new$0(147)) - LEAK: A org.apache.ratis.protocol.RaftClientRequest is not released properly
2024-09-29 22:58:12,669 [main] WARN  util.ReferenceCountedLeakDetector (ReferenceCountedLeakDetector.java:lambda$new$0(147)) - LEAK: A org.apache.ratis.protocol.RaftClientRequest is not released properly
2024-09-29 22:58:12,669 [main] WARN  util.ReferenceCountedLeakDetector (ReferenceCountedLeakDetector.java:lambda$new$0(147)) - LEAK: A org.apache.ratis.protocol.RaftClientRequest is not released properly
2024-09-29 22:58:12,669 [main] WARN  util.ReferenceCountedLeakDetector (ReferenceCountedLeakDetector.java:lambda$new$0(147)) - LEAK: A org.apache.ratis.proto.RaftProtos$LogEntryProto is not released properly
2024-09-29 22:58:12,670 [main] WARN  util.ReferenceCountedLeakDetector (ReferenceCountedLeakDetector.java:lambda$new$0(147)) - LEAK: A org.apache.ratis.protocol.RaftClientRequest is not released properly
2024-09-29 22:58:12,670 [main] WARN  util.ReferenceCountedLeakDetector (ReferenceCountedLeakDetector.java:lambda$new$0(147)) - LEAK: A org.apache.ratis.proto.RaftProtos$LogEntryProto is not released properly
2024-09-29 22:58:12,670 [main] WARN  util.ReferenceCountedLeakDetector (ReferenceCountedLeakDetector.java:lambda$new$0(147)) - LEAK: A org.apache.ratis.protocol.RaftClientRequest is not released properly
2024-09-29 22:58:12,670 [main] WARN  util.ReferenceCountedLeakDetector (ReferenceCountedLeakDetector.java:lambda$new$0(147)) - LEAK: A org.apache.ratis.protocol.RaftClientRequest is not released properly
2024-09-29 22:58:12,670 [main] WARN  util.ReferenceCountedLeakDetector (ReferenceCountedLeakDetector.java:lambda$new$0(147)) - LEAK: A org.apache.ratis.protocol.RaftClientRequest is not released properly
2024-09-29 22:58:12,670 [main] WARN  util.ReferenceCountedLeakDetector (ReferenceCountedLeakDetector.java:lambda$new$0(147)) - LEAK: A org.apache.ratis.proto.RaftProtos$LogEntryProto is not released properly
2024-09-29 22:58:12,670 [main] WARN  util.ReferenceCountedLeakDetector (ReferenceCountedLeakDetector.java:lambda$new$0(147)) - LEAK: A org.apache.ratis.protocol.RaftClientRequest is not released properly
2024-09-29 22:58:12,670 [main] WARN  util.ReferenceCountedLeakDetector (ReferenceCountedLeakDetector.java:lambda$new$0(147)) - LEAK: A org.apache.ratis.protocol.RaftClientRequest is not released properly
2024-09-29 22:58:12,671 [main] WARN  util.ReferenceCountedLeakDetector (ReferenceCountedLeakDetector.java:lambda$new$0(147)) - LEAK: A org.apache.ratis.protocol.RaftClientRequest is not released properly
2024-09-29 22:58:12,671 [main] WARN  util.ReferenceCountedLeakDetector (ReferenceCountedLeakDetector.java:lambda$new$0(147)) - LEAK: A org.apache.ratis.proto.RaftProtos$LogEntryProto is not released properly
2024-09-29 22:58:12,671 [main] WARN  util.ReferenceCountedLeakDetector (ReferenceCountedLeakDetector.java:lambda$new$0(147)) - LEAK: A org.apache.ratis.protocol.RaftClientRequest is not released properly
2024-09-29 22:58:12,671 [main] WARN  util.ReferenceCountedLeakDetector (ReferenceCountedLeakDetector.java:lambda$new$0(147)) - LEAK: A org.apache.ratis.protocol.RaftClientRequest is not released properly
2024-09-29 22:58:12,671 [main] WARN  util.ReferenceCountedLeakDetector (ReferenceCountedLeakDetector.java:lambda$new$0(147)) - LEAK: A org.apache.ratis.protocol.RaftClientRequest is not released properly
2024-09-29 22:58:12,671 [main] WARN  util.ReferenceCountedLeakDetector (ReferenceCountedLeakDetector.java:lambda$new$0(147)) - LEAK: A org.apache.ratis.protocol.RaftClientRequest is not released properly
2024-09-29 22:58:12,671 [main] WARN  util.ReferenceCountedLeakDetector (ReferenceCountedLeakDetector.java:lambda$new$0(147)) - LEAK: A org.apache.ratis.proto.RaftProtos$LogEntryProto is not released properly
2024-09-29 22:58:12,671 [main] WARN  util.ReferenceCountedLeakDetector (ReferenceCountedLeakDetector.java:lambda$new$0(147)) - LEAK: A org.apache.ratis.proto.RaftProtos$LogEntryProto is not released properly
2024-09-29 22:58:12,672 [main] WARN  util.ReferenceCountedLeakDetector (ReferenceCountedLeakDetector.java:lambda$new$0(147)) - LEAK: A org.apache.ratis.protocol.RaftClientRequest is not released properly
2024-09-29 22:58:12,672 [main] WARN  util.ReferenceCountedLeakDetector (ReferenceCountedLeakDetector.java:lambda$new$0(147)) - LEAK: A org.apache.ratis.protocol.RaftClientRequest is not released properly
2024-09-29 22:58:12,672 [main] WARN  util.ReferenceCountedLeakDetector (ReferenceCountedLeakDetector.java:lambda$new$0(147)) - LEAK: A org.apache.ratis.proto.RaftProtos$LogEntryProto is not released properly
2024-09-29 22:58:12,672 [main] WARN  util.ReferenceCountedLeakDetector (ReferenceCountedLeakDetector.java:lambda$new$0(147)) - LEAK: A org.apache.ratis.protocol.RaftClientRequest is not released properly
2024-09-29 22:58:12,672 [main] WARN  util.ReferenceCountedLeakDetector (ReferenceCountedLeakDetector.java:lambda$new$0(147)) - LEAK: A org.apache.ratis.protocol.RaftClientRequest is not released properly
2024-09-29 22:58:12,672 [main] WARN  util.ReferenceCountedLeakDetector (ReferenceCountedLeakDetector.java:lambda$new$0(147)) - LEAK: A org.apache.ratis.proto.RaftProtos$LogEntryProto is not released properly
2024-09-29 22:58:12,672 [main] WARN  util.ReferenceCountedLeakDetector (ReferenceCountedLeakDetector.java:lambda$new$0(147)) - LEAK: A org.apache.ratis.protocol.RaftClientRequest is not released properly
2024-09-29 22:58:12,672 [main] WARN  util.ReferenceCountedLeakDetector (ReferenceCountedLeakDetector.java:lambda$new$0(147)) - LEAK: A org.apache.ratis.protocol.RaftClientRequest is not released properly
2024-09-29 22:58:12,672 [main] WARN  util.ReferenceCountedLeakDetector (ReferenceCountedLeakDetector.java:lambda$new$0(147)) - LEAK: A org.apache.ratis.proto.RaftProtos$LogEntryProto is not released properly
2024-09-29 22:58:12,673 [main] WARN  util.ReferenceCountedLeakDetector (ReferenceCountedLeakDetector.java:lambda$new$0(147)) - LEAK: A org.apache.ratis.protocol.RaftClientRequest is not released properly
2024-09-29 22:58:12,673 [main] WARN  util.ReferenceCountedLeakDetector (ReferenceCountedLeakDetector.java:lambda$new$0(147)) - LEAK: A org.apache.ratis.proto.RaftProtos$LogEntryProto is not released properly
2024-09-29 22:58:12,673 [main] WARN  util.ReferenceCountedLeakDetector (ReferenceCountedLeakDetector.java:lambda$new$0(147)) - LEAK: A org.apache.ratis.proto.RaftProtos$LogEntryProto is not released properly
2024-09-29 22:58:12,673 [main] WARN  util.ReferenceCountedLeakDetector (ReferenceCountedLeakDetector.java:lambda$new$0(147)) - LEAK: A org.apache.ratis.protocol.RaftClientRequest is not released properly
2024-09-29 22:58:12,673 [main] WARN  util.ReferenceCountedLeakDetector (ReferenceCountedLeakDetector.java:lambda$new$0(147)) - LEAK: A org.apache.ratis.proto.RaftProtos$LogEntryProto is not released properly
2024-09-29 22:58:12,673 [main] WARN  util.ReferenceCountedLeakDetector (ReferenceCountedLeakDetector.java:lambda$new$0(147)) - LEAK: A org.apache.ratis.proto.RaftProtos$LogEntryProto is not released properly
2024-09-29 22:58:12,673 [main] WARN  util.ReferenceCountedLeakDetector (ReferenceCountedLeakDetector.java:lambda$new$0(147)) - LEAK: A org.apache.ratis.protocol.RaftClientRequest is not released properly
2024-09-29 22:58:12,673 [main] WARN  util.ReferenceCountedLeakDetector (ReferenceCountedLeakDetector.java:lambda$new$0(147)) - LEAK: A org.apache.ratis.proto.RaftProtos$LogEntryProto is not released properly
2024-09-29 22:58:12,674 [main] WARN  util.ReferenceCountedLeakDetector (ReferenceCountedLeakDetector.java:lambda$new$0(147)) - LEAK: A org.apache.ratis.protocol.RaftClientRequest is not released properly
2024-09-29 22:58:12,674 [main] WARN  util.ReferenceCountedLeakDetector (ReferenceCountedLeakDetector.java:lambda$new$0(147)) - LEAK: A org.apache.ratis.protocol.RaftClientRequest is not released properly
2024-09-29 22:58:12,674 [main] WARN  util.ReferenceCountedLeakDetector (ReferenceCountedLeakDetector.java:lambda$new$0(147)) - LEAK: A org.apache.ratis.protocol.RaftClientRequest is not released properly
2024-09-29 22:58:12,674 [main] WARN  util.ReferenceCountedLeakDetector (ReferenceCountedLeakDetector.java:lambda$new$0(147)) - LEAK: A org.apache.ratis.protocol.RaftClientRequest is not released properly
2024-09-29 22:58:12,674 [main] WARN  util.ReferenceCountedLeakDetector (ReferenceCountedLeakDetector.java:lambda$new$0(147)) - LEAK: A org.apache.ratis.protocol.RaftClientRequest is not released properly
2024-09-29 22:58:12,674 [main] WARN  util.ReferenceCountedLeakDetector (ReferenceCountedLeakDetector.java:lambda$new$0(147)) - LEAK: A org.apache.ratis.proto.RaftProtos$LogEntryProto is not released properly
2024-09-29 22:58:12,674 [main] WARN  util.ReferenceCountedLeakDetector (ReferenceCountedLeakDetector.java:lambda$new$0(147)) - LEAK: A org.apache.ratis.proto.RaftProtos$LogEntryProto is not released properly
2024-09-29 22:58:12,675 [main] WARN  util.ReferenceCountedLeakDetector (ReferenceCountedLeakDetector.java:lambda$new$0(147)) - LEAK: A org.apache.ratis.protocol.RaftClientRequest is not released properly
2024-09-29 22:58:12,675 [main] WARN  util.ReferenceCountedLeakDetector (ReferenceCountedLeakDetector.java:lambda$new$0(147)) - LEAK: A org.apache.ratis.protocol.RaftClientRequest is not released properly
2024-09-29 22:58:12,675 [main] WARN  util.ReferenceCountedLeakDetector (ReferenceCountedLeakDetector.java:lambda$new$0(147)) - LEAK: A org.apache.ratis.proto.RaftProtos$LogEntryProto is not released properly
2024-09-29 22:58:12,675 [main] WARN  util.ReferenceCountedLeakDetector (ReferenceCountedLeakDetector.java:lambda$new$0(147)) - LEAK: A org.apache.ratis.proto.RaftProtos$LogEntryProto is not released properly
2024-09-29 22:58:12,675 [main] WARN  util.ReferenceCountedLeakDetector (ReferenceCountedLeakDetector.java:lambda$new$0(147)) - LEAK: A org.apache.ratis.proto.RaftProtos$LogEntryProto is not released properly
2024-09-29 22:58:12,675 [main] WARN  util.ReferenceCountedLeakDetector (ReferenceCountedLeakDetector.java:lambda$new$0(147)) - LEAK: A org.apache.ratis.protocol.RaftClientRequest is not released properly
2024-09-29 22:58:12,675 [main] WARN  util.ReferenceCountedLeakDetector (ReferenceCountedLeakDetector.java:lambda$new$0(147)) - LEAK: A org.apache.ratis.proto.RaftProtos$LogEntryProto is not released properly
2024-09-29 22:58:12,675 [main] WARN  util.ReferenceCountedLeakDetector (ReferenceCountedLeakDetector.java:lambda$new$0(147)) - LEAK: A org.apache.ratis.proto.RaftProtos$LogEntryProto is not released properly
2024-09-29 22:58:12,676 [main] WARN  util.ReferenceCountedLeakDetector (ReferenceCountedLeakDetector.java:lambda$new$0(147)) - LEAK: A org.apache.ratis.proto.RaftProtos$LogEntryProto is not released properly
2024-09-29 22:58:12,676 [main] WARN  util.ReferenceCountedLeakDetector (ReferenceCountedLeakDetector.java:lambda$new$0(147)) - LEAK: A org.apache.ratis.protocol.RaftClientRequest is not released properly
2024-09-29 22:58:12,676 [main] WARN  util.ReferenceCountedLeakDetector (ReferenceCountedLeakDetector.java:lambda$new$0(147)) - LEAK: A org.apache.ratis.protocol.RaftClientRequest is not released properly
2024-09-29 22:58:12,676 [main] WARN  util.ReferenceCountedLeakDetector (ReferenceCountedLeakDetector.java:lambda$new$0(147)) - LEAK: A org.apache.ratis.proto.RaftProtos$LogEntryProto is not released properly
2024-09-29 22:58:12,676 [main] WARN  util.ReferenceCountedLeakDetector (ReferenceCountedLeakDetector.java:lambda$new$0(147)) - LEAK: A org.apache.ratis.protocol.RaftClientRequest is not released properly
2024-09-29 22:58:12,676 [main] WARN  util.ReferenceCountedLeakDetector (ReferenceCountedLeakDetector.java:lambda$new$0(147)) - LEAK: A org.apache.ratis.proto.RaftProtos$LogEntryProto is not released properly
2024-09-29 22:58:12,676 [main] WARN  util.ReferenceCountedLeakDetector (ReferenceCountedLeakDetector.java:lambda$new$0(147)) - LEAK: A org.apache.ratis.proto.RaftProtos$LogEntryProto is not released properly
2024-09-29 22:58:12,676 [main] WARN  util.ReferenceCountedLeakDetector (ReferenceCountedLeakDetector.java:lambda$new$0(147)) - LEAK: A org.apache.ratis.protocol.RaftClientRequest is not released properly
2024-09-29 22:58:12,677 [main] WARN  util.ReferenceCountedLeakDetector (ReferenceCountedLeakDetector.java:lambda$new$0(147)) - LEAK: A org.apache.ratis.proto.RaftProtos$LogEntryProto is not released properly
2024-09-29 22:58:12,677 [main] WARN  util.ReferenceCountedLeakDetector (ReferenceCountedLeakDetector.java:lambda$new$0(147)) - LEAK: A org.apache.ratis.proto.RaftProtos$LogEntryProto is not released properly
2024-09-29 22:58:12,677 [main] WARN  util.ReferenceCountedLeakDetector (ReferenceCountedLeakDetector.java:lambda$new$0(147)) - LEAK: A org.apache.ratis.proto.RaftProtos$LogEntryProto is not released properly
2024-09-29 22:58:12,677 [main] WARN  util.ReferenceCountedLeakDetector (ReferenceCountedLeakDetector.java:lambda$new$0(147)) - LEAK: A org.apache.ratis.proto.RaftProtos$LogEntryProto is not released properly
2024-09-29 22:58:12,677 [main] WARN  util.ReferenceCountedLeakDetector (ReferenceCountedLeakDetector.java:lambda$new$0(147)) - LEAK: A org.apache.ratis.proto.RaftProtos$LogEntryProto is not released properly
2024-09-29 22:58:12,677 [main] WARN  util.ReferenceCountedLeakDetector (ReferenceCountedLeakDetector.java:lambda$new$0(147)) - LEAK: A org.apache.ratis.protocol.RaftClientRequest is not released properly
2024-09-29 22:58:12,677 [main] WARN  util.ReferenceCountedLeakDetector (ReferenceCountedLeakDetector.java:lambda$new$0(147)) - LEAK: A org.apache.ratis.protocol.RaftClientRequest is not released properly
2024-09-29 22:58:12,677 [main] WARN  util.ReferenceCountedLeakDetector (ReferenceCountedLeakDetector.java:lambda$new$0(147)) - LEAK: A org.apache.ratis.proto.RaftProtos$LogEntryProto is not released properly
2024-09-29 22:58:12,678 [main] WARN  util.ReferenceCountedLeakDetector (ReferenceCountedLeakDetector.java:lambda$new$0(147)) - LEAK: A org.apache.ratis.protocol.RaftClientRequest is not released properly
2024-09-29 22:58:12,678 [main] WARN  util.ReferenceCountedLeakDetector (ReferenceCountedLeakDetector.java:lambda$new$0(147)) - LEAK: A org.apache.ratis.proto.RaftProtos$LogEntryProto is not released properly
2024-09-29 22:58:12,678 [main] WARN  util.ReferenceCountedLeakDetector (ReferenceCountedLeakDetector.java:lambda$new$0(147)) - LEAK: A org.apache.ratis.protocol.RaftClientRequest is not released properly
2024-09-29 22:58:12,678 [main] WARN  util.ReferenceCountedLeakDetector (ReferenceCountedLeakDetector.java:lambda$new$0(147)) - LEAK: A org.apache.ratis.proto.RaftProtos$LogEntryProto is not released properly
2024-09-29 22:58:12,678 [main] WARN  util.ReferenceCountedLeakDetector (ReferenceCountedLeakDetector.java:lambda$new$0(147)) - LEAK: A org.apache.ratis.proto.RaftProtos$LogEntryProto is not released properly
2024-09-29 22:58:12,678 [main] WARN  util.ReferenceCountedLeakDetector (ReferenceCountedLeakDetector.java:lambda$new$0(147)) - LEAK: A org.apache.ratis.protocol.RaftClientRequest is not released properly
2024-09-29 22:58:12,678 [main] WARN  util.ReferenceCountedLeakDetector (ReferenceCountedLeakDetector.java:lambda$new$0(147)) - LEAK: A org.apache.ratis.proto.RaftProtos$LogEntryProto is not released properly
2024-09-29 22:58:12,678 [main] WARN  util.ReferenceCountedLeakDetector (ReferenceCountedLeakDetector.java:lambda$new$0(147)) - LEAK: A org.apache.ratis.proto.RaftProtos$LogEntryProto is not released properly
2024-09-29 22:58:12,679 [main] WARN  util.ReferenceCountedLeakDetector (ReferenceCountedLeakDetector.java:lambda$new$0(147)) - LEAK: A org.apache.ratis.proto.RaftProtos$LogEntryProto is not released properly
2024-09-29 22:58:12,679 [main] WARN  util.ReferenceCountedLeakDetector (ReferenceCountedLeakDetector.java:lambda$new$0(147)) - LEAK: A org.apache.ratis.protocol.RaftClientRequest is not released properly
2024-09-29 22:58:12,679 [main] WARN  util.ReferenceCountedLeakDetector (ReferenceCountedLeakDetector.java:lambda$new$0(147)) - LEAK: A org.apache.ratis.proto.RaftProtos$LogEntryProto is not released properly
2024-09-29 22:58:12,679 [main] WARN  util.ReferenceCountedLeakDetector (ReferenceCountedLeakDetector.java:lambda$new$0(147)) - LEAK: A org.apache.ratis.protocol.RaftClientRequest is not released properly
2024-09-29 22:58:12,679 [main] WARN  util.ReferenceCountedLeakDetector (ReferenceCountedLeakDetector.java:lambda$new$0(147)) - LEAK: A org.apache.ratis.protocol.RaftClientRequest is not released properly
2024-09-29 22:58:12,679 [main] WARN  util.ReferenceCountedLeakDetector (ReferenceCountedLeakDetector.java:lambda$new$0(147)) - LEAK: A org.apache.ratis.proto.RaftProtos$LogEntryProto is not released properly
2024-09-29 22:58:12,679 [main] WARN  util.ReferenceCountedLeakDetector (ReferenceCountedLeakDetector.java:lambda$new$0(147)) - LEAK: A org.apache.ratis.protocol.RaftClientRequest is not released properly
2024-09-29 22:58:12,679 [main] WARN  util.ReferenceCountedLeakDetector (ReferenceCountedLeakDetector.java:lambda$new$0(147)) - LEAK: A org.apache.ratis.proto.RaftProtos$LogEntryProto is not released properly
2024-09-29 22:58:12,680 [main] WARN  util.ReferenceCountedLeakDetector (ReferenceCountedLeakDetector.java:lambda$new$0(147)) - LEAK: A org.apache.ratis.protocol.RaftClientRequest is not released properly
2024-09-29 22:58:12,680 [main] WARN  util.ReferenceCountedLeakDetector (ReferenceCountedLeakDetector.java:lambda$new$0(147)) - LEAK: A org.apache.ratis.proto.RaftProtos$LogEntryProto is not released properly
2024-09-29 22:58:12,680 [main] WARN  util.ReferenceCountedLeakDetector (ReferenceCountedLeakDetector.java:lambda$new$0(147)) - LEAK: A org.apache.ratis.protocol.RaftClientRequest is not released properly
2024-09-29 22:58:12,680 [main] WARN  util.ReferenceCountedLeakDetector (ReferenceCountedLeakDetector.java:lambda$new$0(147)) - LEAK: A org.apache.ratis.proto.RaftProtos$LogEntryProto is not released properly
2024-09-29 22:58:12,680 [main] WARN  util.ReferenceCountedLeakDetector (ReferenceCountedLeakDetector.java:lambda$new$0(147)) - LEAK: A org.apache.ratis.proto.RaftProtos$LogEntryProto is not released properly
2024-09-29 22:58:12,680 [main] WARN  util.ReferenceCountedLeakDetector (ReferenceCountedLeakDetector.java:lambda$new$0(147)) - LEAK: A org.apache.ratis.proto.RaftProtos$LogEntryProto is not released properly
2024-09-29 22:58:12,680 [main] WARN  util.ReferenceCountedLeakDetector (ReferenceCountedLeakDetector.java:lambda$new$0(147)) - LEAK: A org.apache.ratis.proto.RaftProtos$LogEntryProto is not released properly
2024-09-29 22:58:12,680 [main] WARN  util.ReferenceCountedLeakDetector (ReferenceCountedLeakDetector.java:lambda$new$0(147)) - LEAK: A org.apache.ratis.proto.RaftProtos$LogEntryProto is not released properly
2024-09-29 22:58:12,680 [main] WARN  util.ReferenceCountedLeakDetector (ReferenceCountedLeakDetector.java:lambda$new$0(147)) - LEAK: A org.apache.ratis.proto.RaftProtos$LogEntryProto is not released properly
2024-09-29 22:58:12,681 [main] WARN  util.ReferenceCountedLeakDetector (ReferenceCountedLeakDetector.java:lambda$new$0(147)) - LEAK: A org.apache.ratis.proto.RaftProtos$LogEntryProto is not released properly
2024-09-29 22:58:12,681 [main] WARN  util.ReferenceCountedLeakDetector (ReferenceCountedLeakDetector.java:lambda$new$0(147)) - LEAK: A org.apache.ratis.protocol.RaftClientRequest is not released properly
2024-09-29 22:58:12,681 [main] WARN  util.ReferenceCountedLeakDetector (ReferenceCountedLeakDetector.java:lambda$new$0(147)) - LEAK: A org.apache.ratis.protocol.RaftClientRequest is not released properly
2024-09-29 22:58:12,681 [main] WARN  util.ReferenceCountedLeakDetector (ReferenceCountedLeakDetector.java:lambda$new$0(147)) - LEAK: A org.apache.ratis.proto.RaftProtos$LogEntryProto is not released properly
2024-09-29 22:58:12,681 [main] WARN  util.ReferenceCountedLeakDetector (ReferenceCountedLeakDetector.java:lambda$new$0(147)) - LEAK: A org.apache.ratis.proto.RaftProtos$LogEntryProto is not released properly
2024-09-29 22:58:12,681 [main] WARN  util.ReferenceCountedLeakDetector (ReferenceCountedLeakDetector.java:lambda$new$0(147)) - LEAK: A org.apache.ratis.proto.RaftProtos$LogEntryProto is not released properly
2024-09-29 22:58:12,681 [main] WARN  util.ReferenceCountedLeakDetector (ReferenceCountedLeakDetector.java:lambda$new$0(147)) - LEAK: A org.apache.ratis.proto.RaftProtos$LogEntryProto is not released properly
2024-09-29 22:58:12,681 [main] WARN  util.ReferenceCountedLeakDetector (ReferenceCountedLeakDetector.java:lambda$new$0(147)) - LEAK: A org.apache.ratis.protocol.RaftClientRequest is not released properly
2024-09-29 22:58:12,682 [main] WARN  util.ReferenceCountedLeakDetector (ReferenceCountedLeakDetector.java:lambda$new$0(147)) - LEAK: A org.apache.ratis.protocol.RaftClientRequest is not released properly
2024-09-29 22:58:12,682 [main] WARN  util.ReferenceCountedLeakDetector (ReferenceCountedLeakDetector.java:lambda$new$0(147)) - LEAK: A org.apache.ratis.protocol.RaftClientRequest is not released properly
2024-09-29 22:58:12,682 [main] WARN  util.ReferenceCountedLeakDetector (ReferenceCountedLeakDetector.java:lambda$new$0(147)) - LEAK: A org.apache.ratis.protocol.RaftClientRequest is not released properly
2024-09-29 22:58:12,682 [main] WARN  util.ReferenceCountedLeakDetector (ReferenceCountedLeakDetector.java:lambda$new$0(147)) - LEAK: A org.apache.ratis.protocol.RaftClientRequest is not released properly
2024-09-29 22:58:12,682 [main] WARN  util.ReferenceCountedLeakDetector (ReferenceCountedLeakDetector.java:lambda$new$0(147)) - LEAK: A org.apache.ratis.protocol.RaftClientRequest is not released properly
2024-09-29 22:58:12,682 [main] WARN  util.ReferenceCountedLeakDetector (ReferenceCountedLeakDetector.java:lambda$new$0(147)) - LEAK: A org.apache.ratis.proto.RaftProtos$LogEntryProto is not released properly
2024-09-29 22:58:12,682 [main] WARN  util.ReferenceCountedLeakDetector (ReferenceCountedLeakDetector.java:lambda$new$0(147)) - LEAK: A org.apache.ratis.protocol.RaftClientRequest is not released properly
2024-09-29 22:58:12,682 [main] WARN  util.ReferenceCountedLeakDetector (ReferenceCountedLeakDetector.java:lambda$new$0(147)) - LEAK: A org.apache.ratis.protocol.RaftClientRequest is not released properly
2024-09-29 22:58:12,683 [main] WARN  util.ReferenceCountedLeakDetector (ReferenceCountedLeakDetector.java:lambda$new$0(147)) - LEAK: A org.apache.ratis.protocol.RaftClientRequest is not released properly
2024-09-29 22:58:12,683 [main] WARN  util.ReferenceCountedLeakDetector (ReferenceCountedLeakDetector.java:lambda$new$0(147)) - LEAK: A org.apache.ratis.protocol.RaftClientRequest is not released properly
2024-09-29 22:58:12,683 [main] WARN  util.ReferenceCountedLeakDetector (ReferenceCountedLeakDetector.java:lambda$new$0(147)) - LEAK: A org.apache.ratis.protocol.RaftClientRequest is not released properly
2024-09-29 22:58:12,683 [main] WARN  util.ReferenceCountedLeakDetector (ReferenceCountedLeakDetector.java:lambda$new$0(147)) - LEAK: A org.apache.ratis.proto.RaftProtos$LogEntryProto is not released properly
2024-09-29 22:58:12,683 [main] WARN  util.ReferenceCountedLeakDetector (ReferenceCountedLeakDetector.java:lambda$new$0(147)) - LEAK: A org.apache.ratis.protocol.RaftClientRequest is not released properly
2024-09-29 22:58:12,683 [main] WARN  util.ReferenceCountedLeakDetector (ReferenceCountedLeakDetector.java:lambda$new$0(147)) - LEAK: A org.apache.ratis.protocol.RaftClientRequest is not released properly
2024-09-29 22:58:12,683 [main] WARN  util.ReferenceCountedLeakDetector (ReferenceCountedLeakDetector.java:lambda$new$0(147)) - LEAK: A org.apache.ratis.proto.RaftProtos$LogEntryProto is not released properly
2024-09-29 22:58:12,683 [main] WARN  util.ReferenceCountedLeakDetector (ReferenceCountedLeakDetector.java:lambda$new$0(147)) - LEAK: A org.apache.ratis.protocol.RaftClientRequest is not released properly
2024-09-29 22:58:12,684 [main] WARN  util.ReferenceCountedLeakDetector (ReferenceCountedLeakDetector.java:lambda$new$0(147)) - LEAK: A org.apache.ratis.protocol.RaftClientRequest is not released properly
2024-09-29 22:58:12,684 [main] WARN  util.ReferenceCountedLeakDetector (ReferenceCountedLeakDetector.java:lambda$new$0(147)) - LEAK: A org.apache.ratis.proto.RaftProtos$LogEntryProto is not released properly
2024-09-29 22:58:12,684 [main] WARN  util.ReferenceCountedLeakDetector (ReferenceCountedLeakDetector.java:lambda$new$0(147)) - LEAK: A org.apache.ratis.protocol.RaftClientRequest is not released properly
2024-09-29 22:58:12,684 [main] WARN  util.ReferenceCountedLeakDetector (ReferenceCountedLeakDetector.java:lambda$new$0(147)) - LEAK: A org.apache.ratis.protocol.RaftClientRequest is not released properly
2024-09-29 22:58:12,684 [main] WARN  util.ReferenceCountedLeakDetector (ReferenceCountedLeakDetector.java:lambda$new$0(147)) - LEAK: A org.apache.ratis.protocol.RaftClientRequest is not released properly
2024-09-29 22:58:12,684 [main] WARN  util.ReferenceCountedLeakDetector (ReferenceCountedLeakDetector.java:lambda$new$0(147)) - LEAK: A org.apache.ratis.proto.RaftProtos$LogEntryProto is not released properly
2024-09-29 22:58:12,684 [main] WARN  util.ReferenceCountedLeakDetector (ReferenceCountedLeakDetector.java:lambda$new$0(147)) - LEAK: A org.apache.ratis.proto.RaftProtos$LogEntryProto is not released properly
2024-09-29 22:58:12,684 [main] WARN  util.ReferenceCountedLeakDetector (ReferenceCountedLeakDetector.java:lambda$new$0(147)) - LEAK: A org.apache.ratis.protocol.RaftClientRequest is not released properly
2024-09-29 22:58:12,685 [main] WARN  util.ReferenceCountedLeakDetector (ReferenceCountedLeakDetector.java:lambda$new$0(147)) - LEAK: A org.apache.ratis.protocol.RaftClientRequest is not released properly
2024-09-29 22:58:12,685 [main] WARN  util.ReferenceCountedLeakDetector (ReferenceCountedLeakDetector.java:lambda$new$0(147)) - LEAK: A org.apache.ratis.proto.RaftProtos$LogEntryProto is not released properly
2024-09-29 22:58:12,685 [main] WARN  util.ReferenceCountedLeakDetector (ReferenceCountedLeakDetector.java:lambda$new$0(147)) - LEAK: A org.apache.ratis.proto.RaftProtos$LogEntryProto is not released properly
2024-09-29 22:58:12,685 [main] WARN  util.ReferenceCountedLeakDetector (ReferenceCountedLeakDetector.java:lambda$new$0(147)) - LEAK: A org.apache.ratis.protocol.RaftClientRequest is not released properly
2024-09-29 22:58:12,685 [main] WARN  util.ReferenceCountedLeakDetector (ReferenceCountedLeakDetector.java:lambda$new$0(147)) - LEAK: A org.apache.ratis.proto.RaftProtos$LogEntryProto is not released properly
2024-09-29 22:58:12,685 [main] WARN  util.ReferenceCountedLeakDetector (ReferenceCountedLeakDetector.java:lambda$new$0(147)) - LEAK: A org.apache.ratis.protocol.RaftClientRequest is not released properly
2024-09-29 22:58:12,685 [main] WARN  util.ReferenceCountedLeakDetector (ReferenceCountedLeakDetector.java:lambda$new$0(147)) - LEAK: A org.apache.ratis.proto.RaftProtos$LogEntryProto is not released properly
2024-09-29 22:58:12,685 [main] WARN  util.ReferenceCountedLeakDetector (ReferenceCountedLeakDetector.java:lambda$new$0(147)) - LEAK: A org.apache.ratis.proto.RaftProtos$LogEntryProto is not released properly
2024-09-29 22:58:12,686 [main] WARN  util.ReferenceCountedLeakDetector (ReferenceCountedLeakDetector.java:lambda$new$0(147)) - LEAK: A org.apache.ratis.proto.RaftProtos$LogEntryProto is not released properly
2024-09-29 22:58:12,686 [main] WARN  util.ReferenceCountedLeakDetector (ReferenceCountedLeakDetector.java:lambda$new$0(147)) - LEAK: A org.apache.ratis.protocol.RaftClientRequest is not released properly
2024-09-29 22:58:12,686 [main] WARN  util.ReferenceCountedLeakDetector (ReferenceCountedLeakDetector.java:lambda$new$0(147)) - LEAK: A org.apache.ratis.proto.RaftProtos$LogEntryProto is not released properly
2024-09-29 22:58:12,686 [main] WARN  util.ReferenceCountedLeakDetector (ReferenceCountedLeakDetector.java:lambda$new$0(147)) - LEAK: A org.apache.ratis.protocol.RaftClientRequest is not released properly
2024-09-29 22:58:12,686 [main] WARN  util.ReferenceCountedLeakDetector (ReferenceCountedLeakDetector.java:lambda$new$0(147)) - LEAK: A org.apache.ratis.protocol.RaftClientRequest is not released properly
2024-09-29 22:58:12,686 [main] WARN  util.ReferenceCountedLeakDetector (ReferenceCountedLeakDetector.java:lambda$new$0(147)) - LEAK: A org.apache.ratis.proto.RaftProtos$LogEntryProto is not released properly
2024-09-29 22:58:12,686 [main] WARN  util.ReferenceCountedLeakDetector (ReferenceCountedLeakDetector.java:lambda$new$0(147)) - LEAK: A org.apache.ratis.protocol.RaftClientRequest is not released properly
2024-09-29 22:58:12,686 [main] WARN  util.ReferenceCountedLeakDetector (ReferenceCountedLeakDetector.java:lambda$new$0(147)) - LEAK: A org.apache.ratis.proto.RaftProtos$LogEntryProto is not released properly
2024-09-29 22:58:12,687 [main] WARN  util.ReferenceCountedLeakDetector (ReferenceCountedLeakDetector.java:lambda$new$0(147)) - LEAK: A org.apache.ratis.protocol.RaftClientRequest is not released properly
2024-09-29 22:58:12,687 [main] WARN  util.ReferenceCountedLeakDetector (ReferenceCountedLeakDetector.java:lambda$new$0(147)) - LEAK: A org.apache.ratis.proto.RaftProtos$LogEntryProto is not released properly
2024-09-29 22:58:12,687 [main] WARN  util.ReferenceCountedLeakDetector (ReferenceCountedLeakDetector.java:lambda$new$0(147)) - LEAK: A org.apache.ratis.protocol.RaftClientRequest is not released properly
2024-09-29 22:58:12,687 [main] WARN  util.ReferenceCountedLeakDetector (ReferenceCountedLeakDetector.java:lambda$new$0(147)) - LEAK: A org.apache.ratis.proto.RaftProtos$LogEntryProto is not released properly
2024-09-29 22:58:12,687 [main] WARN  util.ReferenceCountedLeakDetector (ReferenceCountedLeakDetector.java:lambda$new$0(147)) - LEAK: A org.apache.ratis.proto.RaftProtos$LogEntryProto is not released properly
2024-09-29 22:58:12,687 [main] WARN  util.ReferenceCountedLeakDetector (ReferenceCountedLeakDetector.java:lambda$new$0(147)) - LEAK: A org.apache.ratis.proto.RaftProtos$LogEntryProto is not released properly
2024-09-29 22:58:12,687 [main] WARN  util.ReferenceCountedLeakDetector (ReferenceCountedLeakDetector.java:lambda$new$0(147)) - LEAK: A org.apache.ratis.protocol.RaftClientRequest is not released properly
2024-09-29 22:58:12,687 [main] WARN  util.ReferenceCountedLeakDetector (ReferenceCountedLeakDetector.java:lambda$new$0(147)) - LEAK: A org.apache.ratis.proto.RaftProtos$LogEntryProto is not released properly
2024-09-29 22:58:12,688 [main] WARN  util.ReferenceCountedLeakDetector (ReferenceCountedLeakDetector.java:lambda$new$0(147)) - LEAK: A org.apache.ratis.proto.RaftProtos$LogEntryProto is not released properly
2024-09-29 22:58:12,688 [main] WARN  util.ReferenceCountedLeakDetector (ReferenceCountedLeakDetector.java:lambda$new$0(147)) - LEAK: A org.apache.ratis.protocol.RaftClientRequest is not released properly
2024-09-29 22:58:12,688 [main] WARN  util.ReferenceCountedLeakDetector (ReferenceCountedLeakDetector.java:lambda$new$0(147)) - LEAK: A org.apache.ratis.protocol.RaftClientRequest is not released properly
2024-09-29 22:58:12,688 [main] WARN  util.ReferenceCountedLeakDetector (ReferenceCountedLeakDetector.java:lambda$new$0(147)) - LEAK: A org.apache.ratis.protocol.RaftClientRequest is not released properly
2024-09-29 22:58:12,688 [main] WARN  util.ReferenceCountedLeakDetector (ReferenceCountedLeakDetector.java:lambda$new$0(147)) - LEAK: A org.apache.ratis.protocol.RaftClientRequest is not released properly
2024-09-29 22:58:12,688 [main] WARN  util.ReferenceCountedLeakDetector (ReferenceCountedLeakDetector.java:lambda$new$0(147)) - LEAK: A org.apache.ratis.proto.RaftProtos$LogEntryProto is not released properly
2024-09-29 22:58:12,688 [main] WARN  util.ReferenceCountedLeakDetector (ReferenceCountedLeakDetector.java:lambda$new$0(147)) - LEAK: A org.apache.ratis.proto.RaftProtos$LogEntryProto is not released properly
2024-09-29 22:58:12,688 [main] WARN  util.ReferenceCountedLeakDetector (ReferenceCountedLeakDetector.java:lambda$new$0(147)) - LEAK: A org.apache.ratis.proto.RaftProtos$LogEntryProto is not released properly
2024-09-29 22:58:12,689 [main] WARN  util.ReferenceCountedLeakDetector (ReferenceCountedLeakDetector.java:lambda$new$0(147)) - LEAK: A org.apache.ratis.proto.RaftProtos$LogEntryProto is not released properly
2024-09-29 22:58:12,689 [main] WARN  util.ReferenceCountedLeakDetector (ReferenceCountedLeakDetector.java:lambda$new$0(147)) - LEAK: A org.apache.ratis.protocol.RaftClientRequest is not released properly
2024-09-29 22:58:12,689 [main] WARN  util.ReferenceCountedLeakDetector (ReferenceCountedLeakDetector.java:lambda$new$0(147)) - LEAK: A org.apache.ratis.protocol.RaftClientRequest is not released properly
2024-09-29 22:58:12,689 [main] WARN  util.ReferenceCountedLeakDetector (ReferenceCountedLeakDetector.java:lambda$new$0(147)) - LEAK: A org.apache.ratis.protocol.RaftClientRequest is not released properly
2024-09-29 22:58:12,689 [main] WARN  util.ReferenceCountedLeakDetector (ReferenceCountedLeakDetector.java:lambda$new$0(147)) - LEAK: A org.apache.ratis.proto.RaftProtos$LogEntryProto is not released properly
2024-09-29 22:58:12,689 [main] WARN  util.ReferenceCountedLeakDetector (ReferenceCountedLeakDetector.java:lambda$new$0(147)) - LEAK: A org.apache.ratis.proto.RaftProtos$LogEntryProto is not released properly
2024-09-29 22:58:12,689 [main] WARN  util.ReferenceCountedLeakDetector (ReferenceCountedLeakDetector.java:lambda$new$0(147)) - LEAK: A org.apache.ratis.protocol.RaftClientRequest is not released properly
2024-09-29 22:58:12,689 [main] WARN  util.ReferenceCountedLeakDetector (ReferenceCountedLeakDetector.java:lambda$new$0(147)) - LEAK: A org.apache.ratis.proto.RaftProtos$LogEntryProto is not released properly
2024-09-29 22:58:12,690 [main] WARN  util.ReferenceCountedLeakDetector (ReferenceCountedLeakDetector.java:lambda$new$0(147)) - LEAK: A org.apache.ratis.protocol.RaftClientRequest is not released properly
2024-09-29 22:58:12,690 [main] WARN  util.ReferenceCountedLeakDetector (ReferenceCountedLeakDetector.java:lambda$new$0(147)) - LEAK: A org.apache.ratis.proto.RaftProtos$LogEntryProto is not released properly
2024-09-29 22:58:12,690 [main] WARN  util.ReferenceCountedLeakDetector (ReferenceCountedLeakDetector.java:lambda$new$0(147)) - LEAK: A org.apache.ratis.protocol.RaftClientRequest is not released properly
2024-09-29 22:58:12,690 [main] WARN  util.ReferenceCountedLeakDetector (ReferenceCountedLeakDetector.java:lambda$new$0(147)) - LEAK: A org.apache.ratis.protocol.RaftClientRequest is not released properly
2024-09-29 22:58:12,690 [main] WARN  util.ReferenceCountedLeakDetector (ReferenceCountedLeakDetector.java:lambda$new$0(147)) - LEAK: A org.apache.ratis.protocol.RaftClientRequest is not released properly
2024-09-29 22:58:12,690 [main] WARN  util.ReferenceCountedLeakDetector (ReferenceCountedLeakDetector.java:lambda$new$0(147)) - LEAK: A org.apache.ratis.protocol.RaftClientRequest is not released properly
2024-09-29 22:58:12,690 [main] WARN  util.ReferenceCountedLeakDetector (ReferenceCountedLeakDetector.java:lambda$new$0(147)) - LEAK: A org.apache.ratis.protocol.RaftClientRequest is not released properly
2024-09-29 22:58:12,690 [main] WARN  util.ReferenceCountedLeakDetector (ReferenceCountedLeakDetector.java:lambda$new$0(147)) - LEAK: A org.apache.ratis.proto.RaftProtos$LogEntryProto is not released properly
2024-09-29 22:58:12,690 [main] WARN  util.ReferenceCountedLeakDetector (ReferenceCountedLeakDetector.java:lambda$new$0(147)) - LEAK: A org.apache.ratis.protocol.RaftClientRequest is not released properly
2024-09-29 22:58:12,691 [main] WARN  util.ReferenceCountedLeakDetector (ReferenceCountedLeakDetector.java:lambda$new$0(147)) - LEAK: A org.apache.ratis.proto.RaftProtos$LogEntryProto is not released properly
2024-09-29 22:58:12,691 [main] WARN  util.ReferenceCountedLeakDetector (ReferenceCountedLeakDetector.java:lambda$new$0(147)) - LEAK: A org.apache.ratis.proto.RaftProtos$LogEntryProto is not released properly
2024-09-29 22:58:12,691 [main] WARN  util.ReferenceCountedLeakDetector (ReferenceCountedLeakDetector.java:lambda$new$0(147)) - LEAK: A org.apache.ratis.protocol.RaftClientRequest is not released properly
2024-09-29 22:58:12,691 [main] WARN  util.ReferenceCountedLeakDetector (ReferenceCountedLeakDetector.java:lambda$new$0(147)) - LEAK: A org.apache.ratis.protocol.RaftClientRequest is not released properly
2024-09-29 22:58:12,691 [main] WARN  util.ReferenceCountedLeakDetector (ReferenceCountedLeakDetector.java:lambda$new$0(147)) - LEAK: A org.apache.ratis.protocol.RaftClientRequest is not released properly
2024-09-29 22:58:12,691 [main] WARN  util.ReferenceCountedLeakDetector (ReferenceCountedLeakDetector.java:lambda$new$0(147)) - LEAK: A org.apache.ratis.protocol.RaftClientRequest is not released properly
2024-09-29 22:58:12,691 [main] WARN  util.ReferenceCountedLeakDetector (ReferenceCountedLeakDetector.java:lambda$new$0(147)) - LEAK: A org.apache.ratis.protocol.RaftClientRequest is not released properly
2024-09-29 22:58:12,691 [main] WARN  util.ReferenceCountedLeakDetector (ReferenceCountedLeakDetector.java:lambda$new$0(147)) - LEAK: A org.apache.ratis.protocol.RaftClientRequest is not released properly
2024-09-29 22:58:12,692 [main] WARN  util.ReferenceCountedLeakDetector (ReferenceCountedLeakDetector.java:lambda$new$0(147)) - LEAK: A org.apache.ratis.protocol.RaftClientRequest is not released properly
2024-09-29 22:58:12,692 [main] WARN  util.ReferenceCountedLeakDetector (ReferenceCountedLeakDetector.java:lambda$new$0(147)) - LEAK: A org.apache.ratis.protocol.RaftClientRequest is not released properly
2024-09-29 22:58:12,692 [main] WARN  util.ReferenceCountedLeakDetector (ReferenceCountedLeakDetector.java:lambda$new$0(147)) - LEAK: A org.apache.ratis.proto.RaftProtos$LogEntryProto is not released properly
2024-09-29 22:58:12,692 [main] WARN  util.ReferenceCountedLeakDetector (ReferenceCountedLeakDetector.java:lambda$new$0(147)) - LEAK: A org.apache.ratis.proto.RaftProtos$LogEntryProto is not released properly
2024-09-29 22:58:12,692 [main] WARN  util.ReferenceCountedLeakDetector (ReferenceCountedLeakDetector.java:lambda$new$0(147)) - LEAK: A org.apache.ratis.proto.RaftProtos$LogEntryProto is not released properly
2024-09-29 22:58:12,692 [main] WARN  util.ReferenceCountedLeakDetector (ReferenceCountedLeakDetector.java:lambda$new$0(147)) - LEAK: A org.apache.ratis.proto.RaftProtos$LogEntryProto is not released properly
2024-09-29 22:58:12,692 [main] WARN  util.ReferenceCountedLeakDetector (ReferenceCountedLeakDetector.java:lambda$new$0(147)) - LEAK: A org.apache.ratis.proto.RaftProtos$LogEntryProto is not released properly
2024-09-29 22:58:12,692 [main] WARN  util.ReferenceCountedLeakDetector (ReferenceCountedLeakDetector.java:lambda$new$0(147)) - LEAK: A org.apache.ratis.proto.RaftProtos$LogEntryProto is not released properly
2024-09-29 22:58:12,693 [main] WARN  util.ReferenceCountedLeakDetector (ReferenceCountedLeakDetector.java:lambda$new$0(147)) - LEAK: A org.apache.ratis.proto.RaftProtos$LogEntryProto is not released properly
2024-09-29 22:58:12,693 [main] WARN  util.ReferenceCountedLeakDetector (ReferenceCountedLeakDetector.java:lambda$new$0(147)) - LEAK: A org.apache.ratis.proto.RaftProtos$LogEntryProto is not released properly
2024-09-29 22:58:12,693 [main] WARN  util.ReferenceCountedLeakDetector (ReferenceCountedLeakDetector.java:lambda$new$0(147)) - LEAK: A org.apache.ratis.protocol.RaftClientRequest is not released properly
2024-09-29 22:58:12,693 [main] WARN  util.ReferenceCountedLeakDetector (ReferenceCountedLeakDetector.java:lambda$new$0(147)) - LEAK: A org.apache.ratis.proto.RaftProtos$LogEntryProto is not released properly
2024-09-29 22:58:12,693 [main] WARN  util.ReferenceCountedLeakDetector (ReferenceCountedLeakDetector.java:lambda$new$0(147)) - LEAK: A org.apache.ratis.protocol.RaftClientRequest is not released properly
2024-09-29 22:58:12,693 [main] WARN  util.ReferenceCountedLeakDetector (ReferenceCountedLeakDetector.java:lambda$new$0(147)) - LEAK: A org.apache.ratis.proto.RaftProtos$LogEntryProto is not released properly
2024-09-29 22:58:12,693 [main] WARN  util.ReferenceCountedLeakDetector (ReferenceCountedLeakDetector.java:lambda$new$0(147)) - LEAK: A org.apache.ratis.proto.RaftProtos$LogEntryProto is not released properly
2024-09-29 22:58:12,693 [main] WARN  util.ReferenceCountedLeakDetector (ReferenceCountedLeakDetector.java:lambda$new$0(147)) - LEAK: A org.apache.ratis.protocol.RaftClientRequest is not released properly
2024-09-29 22:58:12,694 [main] WARN  util.ReferenceCountedLeakDetector (ReferenceCountedLeakDetector.java:lambda$new$0(147)) - LEAK: A org.apache.ratis.protocol.RaftClientRequest is not released properly
2024-09-29 22:58:12,694 [main] WARN  util.ReferenceCountedLeakDetector (ReferenceCountedLeakDetector.java:lambda$new$0(147)) - LEAK: A org.apache.ratis.proto.RaftProtos$LogEntryProto is not released properly
2024-09-29 22:58:12,694 [main] WARN  util.ReferenceCountedLeakDetector (ReferenceCountedLeakDetector.java:lambda$new$0(147)) - LEAK: A org.apache.ratis.proto.RaftProtos$LogEntryProto is not released properly
2024-09-29 22:58:12,694 [main] WARN  util.ReferenceCountedLeakDetector (ReferenceCountedLeakDetector.java:lambda$new$0(147)) - LEAK: A org.apache.ratis.protocol.RaftClientRequest is not released properly
2024-09-29 22:58:12,694 [main] WARN  util.ReferenceCountedLeakDetector (ReferenceCountedLeakDetector.java:lambda$new$0(147)) - LEAK: A org.apache.ratis.proto.RaftProtos$LogEntryProto is not released properly
2024-09-29 22:58:12,694 [main] WARN  util.ReferenceCountedLeakDetector (ReferenceCountedLeakDetector.java:lambda$new$0(147)) - LEAK: A org.apache.ratis.proto.RaftProtos$LogEntryProto is not released properly
2024-09-29 22:58:12,695 [main] WARN  util.ReferenceCountedLeakDetector (ReferenceCountedLeakDetector.java:lambda$new$0(147)) - LEAK: A org.apache.ratis.protocol.RaftClientRequest is not released properly
2024-09-29 22:58:12,695 [main] WARN  util.ReferenceCountedLeakDetector (ReferenceCountedLeakDetector.java:lambda$new$0(147)) - LEAK: A org.apache.ratis.protocol.RaftClientRequest is not released properly
2024-09-29 22:58:12,695 [main] WARN  util.ReferenceCountedLeakDetector (ReferenceCountedLeakDetector.java:lambda$new$0(147)) - LEAK: A org.apache.ratis.proto.RaftProtos$LogEntryProto is not released properly
2024-09-29 22:58:12,695 [main] WARN  util.ReferenceCountedLeakDetector (ReferenceCountedLeakDetector.java:lambda$new$0(147)) - LEAK: A org.apache.ratis.proto.RaftProtos$LogEntryProto is not released properly
2024-09-29 22:58:12,696 [main] WARN  util.ReferenceCountedLeakDetector (ReferenceCountedLeakDetector.java:lambda$new$0(147)) - LEAK: A org.apache.ratis.protocol.RaftClientRequest is not released properly
2024-09-29 22:58:12,696 [main] WARN  util.ReferenceCountedLeakDetector (ReferenceCountedLeakDetector.java:lambda$new$0(147)) - LEAK: A org.apache.ratis.proto.RaftProtos$LogEntryProto is not released properly
2024-09-29 22:58:12,696 [main] WARN  util.ReferenceCountedLeakDetector (ReferenceCountedLeakDetector.java:lambda$new$0(147)) - LEAK: A org.apache.ratis.proto.RaftProtos$LogEntryProto is not released properly
2024-09-29 22:58:12,696 [main] WARN  util.ReferenceCountedLeakDetector (ReferenceCountedLeakDetector.java:lambda$new$0(147)) - LEAK: A org.apache.ratis.proto.RaftProtos$LogEntryProto is not released properly
2024-09-29 22:58:12,696 [main] WARN  util.ReferenceCountedLeakDetector (ReferenceCountedLeakDetector.java:lambda$new$0(147)) - LEAK: A org.apache.ratis.proto.RaftProtos$LogEntryProto is not released properly
2024-09-29 22:58:12,696 [main] WARN  util.ReferenceCountedLeakDetector (ReferenceCountedLeakDetector.java:lambda$new$0(147)) - LEAK: A org.apache.ratis.proto.RaftProtos$LogEntryProto is not released properly
2024-09-29 22:58:12,696 [main] WARN  util.ReferenceCountedLeakDetector (ReferenceCountedLeakDetector.java:lambda$new$0(147)) - LEAK: A org.apache.ratis.proto.RaftProtos$LogEntryProto is not released properly
2024-09-29 22:58:12,696 [main] WARN  util.ReferenceCountedLeakDetector (ReferenceCountedLeakDetector.java:lambda$new$0(147)) - LEAK: A org.apache.ratis.protocol.RaftClientRequest is not released properly
2024-09-29 22:58:12,697 [main] WARN  util.ReferenceCountedLeakDetector (ReferenceCountedLeakDetector.java:lambda$new$0(147)) - LEAK: A org.apache.ratis.proto.RaftProtos$LogEntryProto is not released properly
2024-09-29 22:58:12,697 [main] WARN  util.ReferenceCountedLeakDetector (ReferenceCountedLeakDetector.java:lambda$new$0(147)) - LEAK: A org.apache.ratis.protocol.RaftClientRequest is not released properly
2024-09-29 22:58:12,697 [main] WARN  util.ReferenceCountedLeakDetector (ReferenceCountedLeakDetector.java:lambda$new$0(147)) - LEAK: A org.apache.ratis.proto.RaftProtos$LogEntryProto is not released properly
2024-09-29 22:58:12,697 [main] WARN  util.ReferenceCountedLeakDetector (ReferenceCountedLeakDetector.java:lambda$new$0(147)) - LEAK: A org.apache.ratis.proto.RaftProtos$LogEntryProto is not released properly
2024-09-29 22:58:12,697 [main] WARN  util.ReferenceCountedLeakDetector (ReferenceCountedLeakDetector.java:lambda$new$0(147)) - LEAK: A org.apache.ratis.protocol.RaftClientRequest is not released properly
2024-09-29 22:58:12,697 [main] WARN  util.ReferenceCountedLeakDetector (ReferenceCountedLeakDetector.java:lambda$new$0(147)) - LEAK: A org.apache.ratis.protocol.RaftClientRequest is not released properly
]]></system-out>
  </testcase>
</testsuite>