<?xml version="1.0" encoding="UTF-8"?>
<testsuite xmlns:xsi="http://www.w3.org/2001/XMLSchema-instance" xsi:noNamespaceSchemaLocation="https://maven.apache.org/surefire/maven-surefire-plugin/xsd/surefire-test-report-3.0.xsd" version="3.0" name="org.apache.ratis.datastream.TestNettyDataStreamStarTopologyWithGrpcCluster" time="374.842" tests="4" errors="1" skipped="0" failures="0">
  <properties>
    <property name="awt.toolkit" value="sun.awt.X11.XToolkit"/>
    <property name="java.specification.version" value="11"/>
    <property name="sun.cpu.isalist" value=""/>
    <property name="sun.jnu.encoding" value="UTF-8"/>
    <property name="java.class.path" value="/home/runner/work/ratis/ratis/ratis-test/target/test-classes:/home/runner/work/ratis/ratis/ratis-test/target/classes:/home/runner/work/ratis/ratis/ratis-common/target/classes:/home/runner/.m2/repository/org/apache/ratis/ratis-thirdparty-misc/1.0.4/ratis-thirdparty-misc-1.0.4.jar:/home/runner/work/ratis/ratis/ratis-proto/target/ratis-proto-3.0.0-SNAPSHOT.jar:/home/runner/work/ratis/ratis/ratis-common/target/test-classes:/home/runner/work/ratis/ratis/ratis-client/target/classes:/home/runner/work/ratis/ratis/ratis-server/target/classes:/home/runner/work/ratis/ratis/ratis-server-api/target/classes:/home/runner/work/ratis/ratis/ratis-metrics-api/target/classes:/home/runner/work/ratis/ratis/ratis-server/target/test-classes:/home/runner/work/ratis/ratis/ratis-metrics-default/target/classes:/home/runner/work/ratis/ratis/ratis-netty/target/classes:/home/runner/work/ratis/ratis/ratis-netty/target/test-classes:/home/runner/work/ratis/ratis/ratis-grpc/target/classes:/home/runner/work/ratis/ratis/ratis-grpc/target/test-classes:/home/runner/work/ratis/ratis/ratis-shell/target/classes:/home/runner/.m2/repository/commons-cli/commons-cli/1.5.0/commons-cli-1.5.0.jar:/home/runner/.m2/repository/org/reflections/reflections/0.10.2/reflections-0.10.2.jar:/home/runner/.m2/repository/org/javassist/javassist/3.28.0-GA/javassist-3.28.0-GA.jar:/home/runner/.m2/repository/com/google/code/findbugs/jsr305/3.0.2/jsr305-3.0.2.jar:/home/runner/.m2/repository/org/bouncycastle/bcprov-jdk15on/1.70/bcprov-jdk15on-1.70.jar:/home/runner/.m2/repository/org/bouncycastle/bcpkix-jdk15on/1.70/bcpkix-jdk15on-1.70.jar:/home/runner/.m2/repository/org/bouncycastle/bcutil-jdk15on/1.70/bcutil-jdk15on-1.70.jar:/home/runner/.m2/repository/org/slf4j/slf4j-api/2.0.7/slf4j-api-2.0.7.jar:/home/runner/.m2/repository/org/slf4j/slf4j-reload4j/2.0.7/slf4j-reload4j-2.0.7.jar:/home/runner/.m2/repository/ch/qos/reload4j/reload4j/1.2.22/reload4j-1.2.22.jar:/home/runner/.m2/repository/junit/junit/4.13.2/junit-4.13.2.jar:/home/runner/.m2/repository/org/hamcrest/hamcrest-core/1.3/hamcrest-core-1.3.jar:/home/runner/.m2/repository/org/mockito/mockito-core/4.3.1/mockito-core-4.3.1.jar:/home/runner/.m2/repository/net/bytebuddy/byte-buddy/1.12.7/byte-buddy-1.12.7.jar:/home/runner/.m2/repository/net/bytebuddy/byte-buddy-agent/1.12.7/byte-buddy-agent-1.12.7.jar:/home/runner/.m2/repository/org/objenesis/objenesis/3.2/objenesis-3.2.jar:"/>
    <property name="java.vm.vendor" value="Eclipse Adoptium"/>
    <property name="sun.arch.data.model" value="64"/>
    <property name="java.vendor.url" value="https://adoptium.net/"/>
    <property name="user.timezone" value=""/>
    <property name="java.vm.specification.version" value="11"/>
    <property name="os.name" value="Linux"/>
    <property name="sun.java.launcher" value="SUN_STANDARD"/>
    <property name="sun.boot.library.path" value="/usr/lib/jvm/temurin-11-jdk-amd64/lib"/>
    <property name="sun.java.command" value="/home/runner/work/ratis/ratis/ratis-test/target/surefire/surefirebooter-20230629032349153_307.jar /home/runner/work/ratis/ratis/ratis-test/target/surefire 2023-06-29T03-23-06_403-jvmRun1 surefire-20230629032349153_305tmp surefire_36-20230629032349153_306tmp"/>
    <property name="jdk.debug" value="release"/>
    <property name="surefire.test.class.path" value="/home/runner/work/ratis/ratis/ratis-test/target/test-classes:/home/runner/work/ratis/ratis/ratis-test/target/classes:/home/runner/work/ratis/ratis/ratis-common/target/classes:/home/runner/.m2/repository/org/apache/ratis/ratis-thirdparty-misc/1.0.4/ratis-thirdparty-misc-1.0.4.jar:/home/runner/work/ratis/ratis/ratis-proto/target/ratis-proto-3.0.0-SNAPSHOT.jar:/home/runner/work/ratis/ratis/ratis-common/target/test-classes:/home/runner/work/ratis/ratis/ratis-client/target/classes:/home/runner/work/ratis/ratis/ratis-server/target/classes:/home/runner/work/ratis/ratis/ratis-server-api/target/classes:/home/runner/work/ratis/ratis/ratis-metrics-api/target/classes:/home/runner/work/ratis/ratis/ratis-server/target/test-classes:/home/runner/work/ratis/ratis/ratis-metrics-default/target/classes:/home/runner/work/ratis/ratis/ratis-netty/target/classes:/home/runner/work/ratis/ratis/ratis-netty/target/test-classes:/home/runner/work/ratis/ratis/ratis-grpc/target/classes:/home/runner/work/ratis/ratis/ratis-grpc/target/test-classes:/home/runner/work/ratis/ratis/ratis-shell/target/classes:/home/runner/.m2/repository/commons-cli/commons-cli/1.5.0/commons-cli-1.5.0.jar:/home/runner/.m2/repository/org/reflections/reflections/0.10.2/reflections-0.10.2.jar:/home/runner/.m2/repository/org/javassist/javassist/3.28.0-GA/javassist-3.28.0-GA.jar:/home/runner/.m2/repository/com/google/code/findbugs/jsr305/3.0.2/jsr305-3.0.2.jar:/home/runner/.m2/repository/org/bouncycastle/bcprov-jdk15on/1.70/bcprov-jdk15on-1.70.jar:/home/runner/.m2/repository/org/bouncycastle/bcpkix-jdk15on/1.70/bcpkix-jdk15on-1.70.jar:/home/runner/.m2/repository/org/bouncycastle/bcutil-jdk15on/1.70/bcutil-jdk15on-1.70.jar:/home/runner/.m2/repository/org/slf4j/slf4j-api/2.0.7/slf4j-api-2.0.7.jar:/home/runner/.m2/repository/org/slf4j/slf4j-reload4j/2.0.7/slf4j-reload4j-2.0.7.jar:/home/runner/.m2/repository/ch/qos/reload4j/reload4j/1.2.22/reload4j-1.2.22.jar:/home/runner/.m2/repository/junit/junit/4.13.2/junit-4.13.2.jar:/home/runner/.m2/repository/org/hamcrest/hamcrest-core/1.3/hamcrest-core-1.3.jar:/home/runner/.m2/repository/org/mockito/mockito-core/4.3.1/mockito-core-4.3.1.jar:/home/runner/.m2/repository/net/bytebuddy/byte-buddy/1.12.7/byte-buddy-1.12.7.jar:/home/runner/.m2/repository/net/bytebuddy/byte-buddy-agent/1.12.7/byte-buddy-agent-1.12.7.jar:/home/runner/.m2/repository/org/objenesis/objenesis/3.2/objenesis-3.2.jar:"/>
    <property name="sun.cpu.endian" value="little"/>
    <property name="user.home" value="/home/runner"/>
    <property name="user.language" value="en"/>
    <property name="java.specification.vendor" value="Oracle Corporation"/>
    <property name="java.version.date" value="2023-04-18"/>
    <property name="java.home" value="/usr/lib/jvm/temurin-11-jdk-amd64"/>
    <property name="file.separator" value="/"/>
    <property name="basedir" value="/home/runner/work/ratis/ratis/ratis-test"/>
    <property name="java.vm.compressedOopsMode" value="32-bit"/>
    <property name="line.separator" value="&#10;"/>
    <property name="java.specification.name" value="Java Platform API Specification"/>
    <property name="java.vm.specification.vendor" value="Oracle Corporation"/>
    <property name="java.awt.graphicsenv" value="sun.awt.X11GraphicsEnvironment"/>
    <property name="surefire.real.class.path" value="/home/runner/work/ratis/ratis/ratis-test/target/surefire/surefirebooter-20230629032349153_307.jar"/>
    <property name="sun.management.compiler" value="HotSpot 64-Bit Tiered Compilers"/>
    <property name="java.runtime.version" value="11.0.19+7"/>
    <property name="user.name" value="runner"/>
    <property name="java.net.preferIPv4Stack" value="true"/>
    <property name="path.separator" value=":"/>
    <property name="os.version" value="5.15.0-1040-azure"/>
    <property name="java.runtime.name" value="OpenJDK Runtime Environment"/>
    <property name="file.encoding" value="UTF-8"/>
    <property name="java.vm.name" value="OpenJDK 64-Bit Server VM"/>
    <property name="java.vendor.version" value="Temurin-11.0.19+7"/>
    <property name="localRepository" value="/home/runner/.m2/repository"/>
    <property name="java.vendor.url.bug" value="https://github.com/adoptium/adoptium-support/issues"/>
    <property name="java.io.tmpdir" value="/tmp"/>
    <property name="java.version" value="11.0.19"/>
    <property name="user.dir" value="/home/runner/work/ratis/ratis/ratis-test"/>
    <property name="os.arch" value="amd64"/>
    <property name="ratis.tmp.dir" value="/home/runner/work/ratis/ratis/ratis-test/target/tmp"/>
    <property name="java.vm.specification.name" value="Java Virtual Machine Specification"/>
    <property name="java.awt.printerjob" value="sun.print.PSPrinterJob"/>
    <property name="ratis.log.dir" value="/home/runner/work/ratis/ratis/ratis-test/target/log"/>
    <property name="sun.os.patch.level" value="unknown"/>
    <property name="java.library.path" value="/usr/java/packages/lib:/usr/lib64:/lib64:/lib:/usr/lib"/>
    <property name="java.vm.info" value="mixed mode"/>
    <property name="java.vendor" value="Eclipse Adoptium"/>
    <property name="java.vm.version" value="11.0.19+7"/>
    <property name="sun.io.unicode.encoding" value="UnicodeLittle"/>
    <property name="java.class.version" value="55.0"/>
  </properties>
  <testcase name="testMultipleStreamsSingleServer" classname="org.apache.ratis.datastream.TestNettyDataStreamStarTopologyWithGrpcCluster" time="14.852">
    <system-out><![CDATA[2023-06-29 03:32:34,652 [main] INFO  util.LogUtils (Slf4jUtils.java:setLogLevel(38)) - Successfully set org.apache.ratis.conf.ConfUtils log level to WARN
2023-06-29 03:32:34,654 [main] INFO  util.LogUtils (Slf4jUtils.java:setLogLevel(38)) - Successfully set org.apache.ratis.util.FileUtils log level to TRACE
2023-06-29 03:32:34,671 [Time-limited test] INFO  impl.MiniRaftCluster (MiniRaftCluster.java:runWithNewCluster(135)) - Running runWithNewCluster
2023-06-29 03:32:34,725 [Time-limited test] INFO  impl.MiniRaftCluster (MiniRaftCluster.java:<init>(306)) - new MiniRaftClusterWithRpcTypeGrpcAndDataStreamTypeNetty with group-54B38F49E6BF:[s0|rpc:localhost:41263|admin:localhost:39653|client:localhost:37713|dataStream:localhost:38979|priority:0|startupRole:FOLLOWER]
2023-06-29 03:32:34,725 [Time-limited test] INFO  impl.MiniRaftCluster (MiniRaftCluster.java:start(339)) - .............................................................. 
2023-06-29 03:32:34,725 [Time-limited test] INFO  impl.MiniRaftCluster (MiniRaftCluster.java:start(340)) - ... 
2023-06-29 03:32:34,726 [Time-limited test] INFO  impl.MiniRaftCluster (MiniRaftCluster.java:start(341)) - ...     Starting MiniRaftClusterWithRpcTypeGrpcAndDataStreamTypeNetty
2023-06-29 03:32:34,727 [Time-limited test] INFO  impl.MiniRaftCluster (MiniRaftCluster.java:start(342)) - ... 
2023-06-29 03:32:34,727 [Time-limited test] INFO  impl.MiniRaftCluster (MiniRaftCluster.java:start(343)) - .............................................................. 
2023-06-29 03:32:34,727 [Time-limited test] INFO  impl.MiniRaftCluster (MiniRaftCluster.java:initServers(318)) - servers = {}
2023-06-29 03:32:34,734 [Time-limited test] INFO  impl.MiniRaftCluster (MiniRaftCluster.java:newRaftServer(382)) - newRaftServer: s0, group-54B38F49E6BF:[s0|rpc:localhost:41263|admin:localhost:39653|client:localhost:37713|dataStream:localhost:38979|priority:0|startupRole:FOLLOWER], format? true
2023-06-29 03:32:34,737 [Time-limited test] TRACE util.FileUtils (FileUtils.java:deleteFully(201)) - deleteFully target/test/data/ad2395e4/MiniRaftClusterWithRpcTypeGrpcAndDataStreamTypeNettyaab39e99/s0
2023-06-29 03:32:34,737 [Time-limited test] TRACE util.FileUtils (FileUtils.java:deleteFully(217)) - deleteFully: target/test/data/ad2395e4/MiniRaftClusterWithRpcTypeGrpcAndDataStreamTypeNettyaab39e99/s0 does not exist.
2023-06-29 03:32:34,738 [Time-limited test] INFO  impl.MiniRaftCluster (MiniRaftCluster.java:newRaftServer(387)) - Formatted directory target/test/data/ad2395e4/MiniRaftClusterWithRpcTypeGrpcAndDataStreamTypeNettyaab39e99/s0
2023-06-29 03:32:34,774 [Time-limited test] INFO  server.RaftServer (ConfUtils.java:logGet(46)) - raft.rpc.type = GRPC (default)
2023-06-29 03:32:34,845 [Time-limited test] INFO  grpc.GrpcConfigKeys (ConfUtils.java:logFallback(53)) - raft.grpc.admin.host = null (fallback to raft.grpc.server.host)
2023-06-29 03:32:34,848 [Time-limited test] INFO  grpc.GrpcConfigKeys (ConfUtils.java:logGet(46)) - raft.grpc.admin.port = 39653 (custom)
2023-06-29 03:32:34,852 [Time-limited test] INFO  grpc.GrpcConfigKeys (ConfUtils.java:logFallback(53)) - raft.grpc.client.host = null (fallback to raft.grpc.server.host)
2023-06-29 03:32:34,853 [Time-limited test] INFO  grpc.GrpcConfigKeys (ConfUtils.java:logGet(46)) - raft.grpc.client.port = 37713 (custom)
2023-06-29 03:32:34,853 [Time-limited test] INFO  grpc.GrpcConfigKeys (ConfUtils.java:logGet(46)) - raft.grpc.server.host = null (default)
2023-06-29 03:32:34,854 [Time-limited test] INFO  grpc.GrpcConfigKeys (ConfUtils.java:logGet(46)) - raft.grpc.server.port = 41263 (custom)
2023-06-29 03:32:34,854 [Time-limited test] INFO  server.GrpcService (ConfUtils.java:logGet(46)) - raft.grpc.message.size.max = 64MB (=67108864) (default)
2023-06-29 03:32:34,857 [Time-limited test] INFO  server.RaftServerConfigKeys (ConfUtils.java:logGet(46)) - raft.server.log.appender.buffer.byte-limit = 4MB (=4194304) (default)
2023-06-29 03:32:34,858 [Time-limited test] INFO  server.GrpcService (ConfUtils.java:logGet(46)) - raft.grpc.flow.control.window = 1MB (=1048576) (default)
2023-06-29 03:32:34,860 [Time-limited test] INFO  server.RaftServerConfigKeys (ConfUtils.java:logGet(46)) - raft.server.rpc.request.timeout = 3000ms (default)
2023-06-29 03:32:34,875 [Time-limited test] INFO  grpc.GrpcConfigKeys (ConfUtils.java:logGet(46)) - raft.grpc.server.heartbeat.channel = true (default)
2023-06-29 03:32:34,885 [Time-limited test] INFO  grpc.GrpcConfigKeys (ConfUtils.java:logGet(46)) - raft.grpc.server.async.request.thread.pool.cached = true (default)
2023-06-29 03:32:34,885 [Time-limited test] INFO  grpc.GrpcConfigKeys (ConfUtils.java:logGet(46)) - raft.grpc.server.async.request.thread.pool.size = 32 (default)
2023-06-29 03:32:35,052 [Time-limited test] INFO  impl.DataStreamServerImpl (ConfUtils.java:logGet(46)) - raft.datastream.type = NETTY (custom)
2023-06-29 03:32:35,060 [Time-limited test] INFO  metrics.MetricRegistries (MetricRegistriesLoader.java:load(64)) - Loaded MetricRegistries class org.apache.ratis.metrics.impl.MetricRegistriesImpl
2023-06-29 03:32:35,159 [Time-limited test] INFO  server.RaftServerConfigKeys (ConfUtils.java:logGet(46)) - raft.server.data-stream.async.request.thread.pool.cached = false (default)
2023-06-29 03:32:35,160 [Time-limited test] INFO  server.RaftServerConfigKeys (ConfUtils.java:logGet(46)) - raft.server.data-stream.async.request.thread.pool.size = 32 (default)
2023-06-29 03:32:35,160 [Time-limited test] INFO  server.RaftServerConfigKeys (ConfUtils.java:logGet(46)) - raft.server.data-stream.async.write.thread.pool.size = 16 (default)
2023-06-29 03:32:35,161 [Time-limited test] INFO  netty.NettyConfigKeys$DataStream (ConfUtils.java:logGet(46)) - raft.netty.dataStream.server.channel.inactive.grace-period = 10min (default)
2023-06-29 03:32:35,162 [Time-limited test] INFO  server.RaftServerConfigKeys (ConfUtils.java:logGet(46)) - raft.server.data-stream.client.pool.size = 10 (default)
2023-06-29 03:32:35,163 [Time-limited test] INFO  netty.NettyConfigKeys$DataStream (ConfUtils.java:logGet(46)) - raft.netty.dataStream.server.use-epoll = false (default)
2023-06-29 03:32:35,164 [Time-limited test] INFO  netty.NettyConfigKeys$DataStream (ConfUtils.java:logGet(46)) - raft.netty.dataStream.server.boss-group.size = 0 (default)
2023-06-29 03:32:35,168 [Time-limited test] INFO  netty.NettyConfigKeys$DataStream (ConfUtils.java:logGet(46)) - raft.netty.dataStream.server.worker-group.size = 0 (default)
2023-06-29 03:32:35,186 [Time-limited test] INFO  netty.NettyConfigKeys$DataStream (ConfUtils.java:logGet(46)) - raft.netty.dataStream.server.tls.conf = null (default)
2023-06-29 03:32:35,188 [Time-limited test] INFO  netty.NettyConfigKeys$DataStream (ConfUtils.java:logGet(46)) - raft.netty.dataStream.host = null (default)
2023-06-29 03:32:35,188 [Time-limited test] INFO  netty.NettyConfigKeys$DataStream (ConfUtils.java:logGet(46)) - raft.netty.dataStream.port = 38979 (custom)
2023-06-29 03:32:35,257 [Time-limited test] INFO  server.RaftServerConfigKeys (ConfUtils.java:logGet(46)) - raft.server.threadpool.proxy.cached = true (default)
2023-06-29 03:32:35,258 [Time-limited test] INFO  server.RaftServerConfigKeys (ConfUtils.java:logGet(46)) - raft.server.threadpool.proxy.size = 0 (default)
2023-06-29 03:32:35,258 [Time-limited test] INFO  server.RaftServerConfigKeys (ConfUtils.java:logGet(46)) - raft.server.rpc.slowness.timeout = 60s (default)
2023-06-29 03:32:35,259 [Time-limited test] INFO  server.RaftServerConfigKeys (ConfUtils.java:logGet(46)) - raft.server.leaderelection.leader.step-down.wait-time = 10s (default)
2023-06-29 03:32:35,261 [Time-limited test] INFO  server.RaftServerConfigKeys (ConfUtils.java:logGet(46)) - raft.server.storage.dir = [/home/runner/work/ratis/ratis/ratis-test/target/test/data/ad2395e4/MiniRaftClusterWithRpcTypeGrpcAndDataStreamTypeNettyaab39e99/s0] (custom)
2023-06-29 03:32:35,272 [Time-limited test] INFO  server.RaftServer (RaftServerProxy.java:addNew(99)) - s0: addNew group-54B38F49E6BF:[s0|rpc:localhost:41263|admin:localhost:39653|client:localhost:37713|dataStream:localhost:38979|priority:0|startupRole:FOLLOWER] returns group-54B38F49E6BF:java.util.concurrent.CompletableFuture@32b1d737[Not completed]
2023-06-29 03:32:35,281 [s0-NettyServerStreamRpc-bossGroup--thread1] INFO  logging.LoggingHandler (AbstractInternalLogger.java:log(148)) - [id: 0x1a877b05] REGISTERED
2023-06-29 03:32:35,287 [s0-NettyServerStreamRpc-bossGroup--thread1] INFO  logging.LoggingHandler (AbstractInternalLogger.java:log(148)) - [id: 0x1a877b05] BIND: 0.0.0.0/0.0.0.0:38979
2023-06-29 03:32:35,292 [s0-NettyServerStreamRpc-bossGroup--thread1] INFO  logging.LoggingHandler (AbstractInternalLogger.java:log(148)) - [id: 0x1a877b05, L:0.0.0.0/0.0.0.0:38979] ACTIVE
2023-06-29 03:32:35,301 [s0-groupManagement] INFO  server.RaftServer$Division (RaftServerImpl.java:<init>(250)) - s0: new RaftServerImpl for group-54B38F49E6BF:[s0|rpc:localhost:41263|admin:localhost:39653|client:localhost:37713|dataStream:localhost:38979|priority:0|startupRole:FOLLOWER] with MultiDataStreamStateMachine:uninitialized
2023-06-29 03:32:35,302 [s0-groupManagement] INFO  server.RaftServerConfigKeys (ConfUtils.java:logGet(46)) - raft.server.rpc.timeout.min = 150ms (default)
2023-06-29 03:32:35,303 [s0-groupManagement] INFO  server.RaftServerConfigKeys (ConfUtils.java:logGet(46)) - raft.server.rpc.timeout.max = 300ms (default)
2023-06-29 03:32:35,303 [s0-groupManagement] INFO  server.RaftServerConfigKeys (ConfUtils.java:logGet(46)) - raft.server.rpc.sleep.time = 25ms (default)
2023-06-29 03:32:35,303 [s0-groupManagement] INFO  server.RaftServerConfigKeys (ConfUtils.java:logGet(46)) - raft.server.rpc.slowness.timeout = 60s (default)
2023-06-29 03:32:35,303 [s0-groupManagement] INFO  server.RaftServerConfigKeys (ConfUtils.java:logGet(46)) - raft.server.leaderelection.leader.step-down.wait-time = 10s (default)
2023-06-29 03:32:35,304 [s0-groupManagement] INFO  server.RaftServerConfigKeys (ConfUtils.java:logGet(46)) - raft.server.sleep.deviation.threshold = 300ms (default)
2023-06-29 03:32:35,310 [s0-groupManagement] INFO  server.RaftServer$Division (ServerState.java:<init>(113)) - s0@group-54B38F49E6BF: ConfigurationManager, init=-1: peers:[s0|rpc:localhost:41263|admin:localhost:39653|client:localhost:37713|dataStream:localhost:38979|priority:0|startupRole:FOLLOWER]|listeners:[], old=null, confs=<EMPTY_MAP>
2023-06-29 03:32:35,319 [s0-groupManagement] INFO  server.RaftServerConfigKeys (ConfUtils.java:logGet(46)) - raft.server.notification.no-leader.timeout = 60s (default)
2023-06-29 03:32:35,324 [s0-groupManagement] INFO  server.RaftServerConfigKeys (ConfUtils.java:logGet(46)) - raft.server.read.timeout = 10s (default)
2023-06-29 03:32:35,327 [s0-groupManagement] INFO  server.RaftServerConfigKeys (ConfUtils.java:logGet(46)) - raft.server.retrycache.expirytime = 60s (default)
2023-06-29 03:32:35,327 [s0-groupManagement] INFO  server.RaftServerConfigKeys (ConfUtils.java:logGet(46)) - raft.server.retrycache.statistics.expirytime = 100μs (default)
2023-06-29 03:32:35,343 [s0-groupManagement] INFO  server.RaftServerConfigKeys (ConfUtils.java:logGet(46)) - raft.server.read.option = DEFAULT (default)
2023-06-29 03:32:35,373 [s0-groupManagement] INFO  server.RaftServerConfigKeys (ConfUtils.java:logGet(46)) - raft.server.rpc.request.timeout = 3000ms (default)
2023-06-29 03:32:35,375 [s0-groupManagement] INFO  server.RaftServerConfigKeys (ConfUtils.java:logGet(46)) - raft.server.log.appender.install.snapshot.enabled = true (default)
2023-06-29 03:32:35,375 [s0-groupManagement] INFO  server.RaftServerConfigKeys (ConfUtils.java:logGet(46)) - raft.server.threadpool.server.cached = true (default)
2023-06-29 03:32:35,376 [s0-groupManagement] INFO  server.RaftServerConfigKeys (ConfUtils.java:logGet(46)) - raft.server.threadpool.server.size = 0 (default)
2023-06-29 03:32:35,376 [s0-groupManagement] INFO  server.RaftServerConfigKeys (ConfUtils.java:logGet(46)) - raft.server.threadpool.client.cached = true (default)
2023-06-29 03:32:35,377 [s0-groupManagement] INFO  server.RaftServerConfigKeys (ConfUtils.java:logGet(46)) - raft.server.threadpool.client.size = 0 (default)
2023-06-29 03:32:35,378 [s0-impl-thread1] INFO  server.RaftServerConfigKeys (ConfUtils.java:logGet(46)) - raft.server.storage.free-space.min = 0MB (=0) (default)
2023-06-29 03:32:35,379 [s0-impl-thread1] INFO  server.RaftServerConfigKeys (ConfUtils.java:logGet(46)) - raft.server.log.corruption.policy = EXCEPTION (default)
2023-06-29 03:32:35,379 [s0-impl-thread1] INFO  server.RaftServerConfigKeys (ConfUtils.java:logGet(46)) - raft.server.storage.dir = [/home/runner/work/ratis/ratis/ratis-test/target/test/data/ad2395e4/MiniRaftClusterWithRpcTypeGrpcAndDataStreamTypeNettyaab39e99/s0] (custom)
2023-06-29 03:32:35,386 [s0-impl-thread1] INFO  storage.RaftStorageDirectory (RaftStorageDirectoryImpl.java:analyzeStorage(138)) - The storage directory /home/runner/work/ratis/ratis/ratis-test/target/test/data/ad2395e4/MiniRaftClusterWithRpcTypeGrpcAndDataStreamTypeNettyaab39e99/s0/c1d070e3-dea7-430a-91d7-54b38f49e6bf does not exist. Creating ...
2023-06-29 03:32:35,387 [s0-impl-thread1] TRACE util.FileUtils (LogUtils.java:runAndLog(49)) - Successfully ran Files.createDirectories /home/runner/work/ratis/ratis/ratis-test/target/test/data/ad2395e4/MiniRaftClusterWithRpcTypeGrpcAndDataStreamTypeNettyaab39e99/s0/c1d070e3-dea7-430a-91d7-54b38f49e6bf
2023-06-29 03:32:35,390 [s0-impl-thread1] INFO  storage.RaftStorageDirectory (RaftStorageDirectoryImpl.java:tryLock(232)) - Lock on /home/runner/work/ratis/ratis/ratis-test/target/test/data/ad2395e4/MiniRaftClusterWithRpcTypeGrpcAndDataStreamTypeNettyaab39e99/s0/c1d070e3-dea7-430a-91d7-54b38f49e6bf/in_use.lock acquired by nodename 11425@fv-az33-183
2023-06-29 03:32:35,390 [s0-impl-thread1] TRACE util.FileUtils (LogUtils.java:runAndLog(49)) - Successfully ran Files.createDirectories /home/runner/work/ratis/ratis/ratis-test/target/test/data/ad2395e4/MiniRaftClusterWithRpcTypeGrpcAndDataStreamTypeNettyaab39e99/s0/c1d070e3-dea7-430a-91d7-54b38f49e6bf/current
2023-06-29 03:32:35,390 [s0-impl-thread1] TRACE util.FileUtils (LogUtils.java:runAndLog(49)) - Successfully ran Files.createDirectories /home/runner/work/ratis/ratis/ratis-test/target/test/data/ad2395e4/MiniRaftClusterWithRpcTypeGrpcAndDataStreamTypeNettyaab39e99/s0/c1d070e3-dea7-430a-91d7-54b38f49e6bf/sm
2023-06-29 03:32:35,399 [s0-impl-thread1] INFO  storage.RaftStorage (RaftStorageImpl.java:format(96)) - Storage directory /home/runner/work/ratis/ratis/ratis-test/target/test/data/ad2395e4/MiniRaftClusterWithRpcTypeGrpcAndDataStreamTypeNettyaab39e99/s0/c1d070e3-dea7-430a-91d7-54b38f49e6bf has been successfully formatted.
2023-06-29 03:32:35,401 [s0-impl-thread1] INFO  server.RaftServerConfigKeys (ConfUtils.java:logGet(46)) - raft.server.log.use.memory = false (default)
2023-06-29 03:32:35,405 [s0-impl-thread1] INFO  server.RaftServerConfigKeys (ConfUtils.java:logGet(46)) - raft.server.log.purge.gap = 1024 (default)
2023-06-29 03:32:35,406 [s0-impl-thread1] INFO  server.RaftServerConfigKeys (ConfUtils.java:logGet(46)) - raft.server.log.appender.buffer.byte-limit = 4MB (=4194304) (default)
2023-06-29 03:32:35,406 [s0-impl-thread1] INFO  server.RaftServerConfigKeys (ConfUtils.java:logGet(46)) - raft.server.log.statemachine.data.read.timeout = 1000ms (default)
2023-06-29 03:32:35,407 [s0-impl-thread1] INFO  server.RaftServerConfigKeys (ConfUtils.java:logGet(46)) - raft.server.log.purge.preservation.log.num = 0 (default)
2023-06-29 03:32:35,410 [s0-impl-thread1] INFO  server.RaftServerConfigKeys (ConfUtils.java:logGet(46)) - raft.server.log.segment.size.max = 8MB (=8388608) (default)
2023-06-29 03:32:35,413 [s0-impl-thread1] INFO  server.RaftServerConfigKeys (ConfUtils.java:logGet(46)) - raft.server.log.segment.cache.num.max = 6 (default)
2023-06-29 03:32:35,413 [s0-impl-thread1] INFO  server.RaftServerConfigKeys (ConfUtils.java:logGet(46)) - raft.server.log.segment.cache.size.max = 200MB (=209715200) (default)
2023-06-29 03:32:35,413 [s0-impl-thread1] INFO  server.RaftServerConfigKeys (ConfUtils.java:logGet(46)) - raft.server.log.appender.buffer.byte-limit = 4MB (=4194304) (default)
2023-06-29 03:32:35,416 [s0-impl-thread1] INFO  segmented.SegmentedRaftLogWorker (SegmentedRaftLogWorker.java:<init>(183)) - new s0@group-54B38F49E6BF-SegmentedRaftLogWorker for RaftStorageImpl:Storage Directory /home/runner/work/ratis/ratis/ratis-test/target/test/data/ad2395e4/MiniRaftClusterWithRpcTypeGrpcAndDataStreamTypeNettyaab39e99/s0/c1d070e3-dea7-430a-91d7-54b38f49e6bf
2023-06-29 03:32:35,416 [s0-impl-thread1] INFO  server.RaftServerConfigKeys (ConfUtils.java:logGet(46)) - raft.server.log.queue.byte-limit = 64MB (=67108864) (default)
2023-06-29 03:32:35,417 [s0-impl-thread1] INFO  server.RaftServerConfigKeys (ConfUtils.java:logGet(46)) - raft.server.log.queue.element-limit = 4096 (default)
2023-06-29 03:32:35,418 [s0-impl-thread1] INFO  server.RaftServerConfigKeys (ConfUtils.java:logGet(46)) - raft.server.log.segment.size.max = 8MB (=8388608) (default)
2023-06-29 03:32:35,418 [s0-impl-thread1] INFO  server.RaftServerConfigKeys (ConfUtils.java:logGet(46)) - raft.server.log.preallocated.size = 4MB (=4194304) (default)
2023-06-29 03:32:35,418 [s0-impl-thread1] INFO  server.RaftServerConfigKeys (ConfUtils.java:logGet(46)) - raft.server.log.force.sync.num = 128 (default)
2023-06-29 03:32:35,419 [s0-impl-thread1] INFO  server.RaftServerConfigKeys (ConfUtils.java:logGet(46)) - raft.server.log.statemachine.data.sync = true (default)
2023-06-29 03:32:35,419 [s0-impl-thread1] INFO  server.RaftServerConfigKeys (ConfUtils.java:logGet(46)) - raft.server.log.statemachine.data.sync.timeout = 10s (default)
2023-06-29 03:32:35,419 [s0-impl-thread1] INFO  server.RaftServerConfigKeys (ConfUtils.java:logGet(46)) - raft.server.log.statemachine.data.sync.timeout.retry = -1 (default)
2023-06-29 03:32:35,421 [s0-impl-thread1] INFO  server.RaftServerConfigKeys (ConfUtils.java:logGet(46)) - raft.server.log.write.buffer.size = 64KB (=65536) (default)
2023-06-29 03:32:35,421 [s0-impl-thread1] INFO  server.RaftServerConfigKeys (ConfUtils.java:logGet(46)) - raft.server.log.appender.buffer.byte-limit = 4MB (=4194304) (default)
2023-06-29 03:32:35,423 [s0-impl-thread1] INFO  server.RaftServerConfigKeys (ConfUtils.java:logGet(46)) - raft.server.log.unsafe-flush.enabled = false (default)
2023-06-29 03:32:35,423 [s0-impl-thread1] INFO  server.RaftServerConfigKeys (ConfUtils.java:logGet(46)) - raft.server.log.async-flush.enabled = false (default)
2023-06-29 03:32:35,423 [s0-impl-thread1] INFO  server.RaftServerConfigKeys (ConfUtils.java:logGet(46)) - raft.server.log.statemachine.data.caching.enabled = false (default)
2023-06-29 03:32:35,428 [s0-impl-thread1] INFO  segmented.SegmentedRaftLogWorker (SegmentedRaftLogWorker.java:lambda$new$0(134)) - s0@group-54B38F49E6BF-SegmentedRaftLogWorker: flushIndex: setUnconditionally 0 -> -1
2023-06-29 03:32:35,428 [s0-impl-thread1] INFO  segmented.SegmentedRaftLogWorker (SegmentedRaftLogWorker.java:lambda$new$0(134)) - s0@group-54B38F49E6BF-SegmentedRaftLogWorker: safeCacheEvictIndex: setUnconditionally 0 -> -1
2023-06-29 03:32:35,430 [s0-impl-thread1] INFO  server.RaftServer$Division (RaftServerImpl.java:start(384)) - s0@group-54B38F49E6BF: start as a follower, conf=-1: peers:[s0|rpc:localhost:41263|admin:localhost:39653|client:localhost:37713|dataStream:localhost:38979|priority:0|startupRole:FOLLOWER]|listeners:[], old=null
2023-06-29 03:32:35,430 [s0-impl-thread1] INFO  server.RaftServer$Division (RaftServerImpl.java:setRole(371)) - s0@group-54B38F49E6BF: changes role from      null to FOLLOWER at term 0 for startAsFollower
2023-06-29 03:32:35,431 [s0-impl-thread1] INFO  impl.RoleInfo (RoleInfo.java:updateAndGet(139)) - s0: start s0@group-54B38F49E6BF-FollowerState
2023-06-29 03:32:35,432 [s0@group-54B38F49E6BF-FollowerState] INFO  server.RaftServerConfigKeys (ConfUtils.java:logFallback(53)) - raft.server.rpc.first-election.timeout.min = 150ms (fallback to raft.server.rpc.timeout.min)
2023-06-29 03:32:35,432 [s0@group-54B38F49E6BF-FollowerState] INFO  server.RaftServerConfigKeys (ConfUtils.java:logFallback(53)) - raft.server.rpc.first-election.timeout.max = 300ms (fallback to raft.server.rpc.timeout.max)
2023-06-29 03:32:35,438 [s0-impl-thread1] INFO  util.JmxRegister (JmxRegister.java:tryRegister(44)) - Successfully registered JMX Bean with object name Ratis:service=RaftServer,group=group-54B38F49E6BF,id=s0
2023-06-29 03:32:35,445 [s0-impl-thread1] INFO  server.RaftServerConfigKeys (ConfUtils.java:logGet(46)) - raft.server.snapshot.auto.trigger.enabled = false (default)
2023-06-29 03:32:35,445 [s0-impl-thread1] INFO  server.RaftServerConfigKeys (ConfUtils.java:logGet(46)) - raft.server.snapshot.retention.file.num = -1 (default)
2023-06-29 03:32:35,446 [s0-impl-thread1] INFO  server.RaftServerConfigKeys (ConfUtils.java:logGet(46)) - raft.server.log.purge.upto.snapshot.index = false (default)
2023-06-29 03:32:35,450 [Time-limited test] INFO  server.RaftServer (RaftServerProxy.java:startImpl(401)) - s0: start RPC server
2023-06-29 03:32:35,464 [Time-limited test] INFO  server.GrpcService (GrpcService.java:startImpl(302)) - s0: GrpcService started, listening on 37713
2023-06-29 03:32:35,467 [Time-limited test] INFO  server.GrpcService (GrpcService.java:startImpl(302)) - s0: GrpcService started, listening on 41263
2023-06-29 03:32:35,468 [Time-limited test] INFO  server.GrpcService (GrpcService.java:startImpl(302)) - s0: GrpcService started, listening on 39653
2023-06-29 03:32:35,478 [JvmPauseMonitor0] INFO  util.JvmPauseMonitor (JvmPauseMonitor.java:run(103)) - JvmPauseMonitor-s0: Started
2023-06-29 03:32:35,479 [Time-limited test] INFO  server.RaftServerConfigKeys (ConfUtils.java:logGet(46)) - raft.server.rpc.timeout.max = 300ms (default)
2023-06-29 03:32:35,480 [Time-limited test] INFO  ratis.RaftTestUtil (RaftTestUtil.java:waitForLeader(100)) - printing ALL groups
  s0:  RUNNING  FOLLOWER s0@group-54B38F49E6BF:t0, leader=null, voted=, raftlog=Memoized:s0@group-54B38F49E6BF-SegmentedRaftLog:OPENED:c-1, conf=-1: peers:[s0|rpc:localhost:41263|admin:localhost:39653|client:localhost:37713|dataStream:localhost:38979|priority:0|startupRole:FOLLOWER]|listeners:[], old=null RUNNING
2023-06-29 03:32:35,483 [Time-limited test] WARN  ratis.RaftTestUtil (JavaUtils.java:attempt(217)) - FAILED "waitForLeader-null-(expectLeader? true)", attempt #1/100: java.lang.IllegalStateException: No leader yet : printing ALL groups
  s0:  RUNNING  FOLLOWER s0@group-54B38F49E6BF:t0, leader=null, voted=, raftlog=Memoized:s0@group-54B38F49E6BF-SegmentedRaftLog:OPENED:c-1, conf=-1: peers:[s0|rpc:localhost:41263|admin:localhost:39653|client:localhost:37713|dataStream:localhost:38979|priority:0|startupRole:FOLLOWER]|listeners:[], old=null RUNNING, sleep 450ms and then retry.
java.lang.IllegalStateException: No leader yet : printing ALL groups
  s0:  RUNNING  FOLLOWER s0@group-54B38F49E6BF:t0, leader=null, voted=, raftlog=Memoized:s0@group-54B38F49E6BF-SegmentedRaftLog:OPENED:c-1, conf=-1: peers:[s0|rpc:localhost:41263|admin:localhost:39653|client:localhost:37713|dataStream:localhost:38979|priority:0|startupRole:FOLLOWER]|listeners:[], old=null RUNNING
	at org.apache.ratis.server.impl.MiniRaftCluster.newIllegalStateExceptionForNoLeaders(MiniRaftCluster.java:581)
	at org.apache.ratis.RaftTestUtil.lambda$waitForLeader$1(RaftTestUtil.java:104)
	at org.apache.ratis.server.impl.MiniRaftCluster.getLeader(MiniRaftCluster.java:615)
	at org.apache.ratis.server.impl.MiniRaftCluster.getLeader(MiniRaftCluster.java:608)
	at org.apache.ratis.RaftTestUtil.lambda$waitForLeader$3(RaftTestUtil.java:112)
	at org.apache.ratis.util.JavaUtils.attempt(JavaUtils.java:211)
	at org.apache.ratis.util.JavaUtils.attemptRepeatedly(JavaUtils.java:197)
	at org.apache.ratis.RaftTestUtil.waitForLeader(RaftTestUtil.java:111)
	at org.apache.ratis.RaftTestUtil.waitForLeader(RaftTestUtil.java:92)
	at org.apache.ratis.RaftTestUtil.waitForLeader(RaftTestUtil.java:87)
	at org.apache.ratis.datastream.DataStreamAsyncClusterTests.runTestDataStream(DataStreamAsyncClusterTests.java:90)
	at org.apache.ratis.datastream.DataStreamAsyncClusterTests.runTestDataStream(DataStreamAsyncClusterTests.java:86)
	at org.apache.ratis.server.impl.MiniRaftCluster$Factory$Get.runWithNewCluster(MiniRaftCluster.java:141)
	at org.apache.ratis.server.impl.MiniRaftCluster$Factory$Get.runWithNewCluster(MiniRaftCluster.java:121)
	at org.apache.ratis.datastream.DataStreamAsyncClusterTests.testMultipleStreamsSingleServer(DataStreamAsyncClusterTests.java:58)
	at java.base/jdk.internal.reflect.NativeMethodAccessorImpl.invoke0(Native Method)
	at java.base/jdk.internal.reflect.NativeMethodAccessorImpl.invoke(NativeMethodAccessorImpl.java:62)
	at java.base/jdk.internal.reflect.DelegatingMethodAccessorImpl.invoke(DelegatingMethodAccessorImpl.java:43)
	at java.base/java.lang.reflect.Method.invoke(Method.java:566)
	at org.junit.runners.model.FrameworkMethod$1.runReflectiveCall(FrameworkMethod.java:59)
	at org.junit.internal.runners.model.ReflectiveCallable.run(ReflectiveCallable.java:12)
	at org.junit.runners.model.FrameworkMethod.invokeExplosively(FrameworkMethod.java:56)
	at org.junit.internal.runners.statements.InvokeMethod.evaluate(InvokeMethod.java:17)
	at org.junit.internal.runners.statements.RunBefores.evaluate(RunBefores.java:26)
	at org.junit.internal.runners.statements.RunAfters.evaluate(RunAfters.java:27)
	at org.junit.internal.runners.statements.FailOnTimeout$CallableStatement.call(FailOnTimeout.java:299)
	at org.junit.internal.runners.statements.FailOnTimeout$CallableStatement.call(FailOnTimeout.java:293)
	at java.base/java.util.concurrent.FutureTask.run(FutureTask.java:264)
	at java.base/java.lang.Thread.run(Thread.java:829)
2023-06-29 03:32:35,624 [s0@group-54B38F49E6BF-FollowerState] INFO  impl.FollowerState (FollowerState.java:run(143)) - s0@group-54B38F49E6BF-FollowerState: change to CANDIDATE, lastRpcElapsedTime:192694284ns, electionTimeout:191ms
2023-06-29 03:32:35,624 [s0@group-54B38F49E6BF-FollowerState] INFO  impl.RoleInfo (RoleInfo.java:shutdownFollowerState(110)) - s0: shutdown s0@group-54B38F49E6BF-FollowerState
2023-06-29 03:32:35,624 [s0@group-54B38F49E6BF-FollowerState] INFO  server.RaftServer$Division (RaftServerImpl.java:setRole(371)) - s0@group-54B38F49E6BF: changes role from  FOLLOWER to CANDIDATE at term 0 for changeToCandidate
2023-06-29 03:32:35,626 [s0@group-54B38F49E6BF-FollowerState] INFO  server.RaftServerConfigKeys (ConfUtils.java:logGet(46)) - raft.server.leaderelection.pre-vote = true (default)
2023-06-29 03:32:35,627 [s0@group-54B38F49E6BF-FollowerState] INFO  impl.RoleInfo (RoleInfo.java:updateAndGet(139)) - s0: start s0@group-54B38F49E6BF-LeaderElection1
2023-06-29 03:32:35,630 [s0@group-54B38F49E6BF-LeaderElection1] INFO  impl.LeaderElection (LeaderElection.java:askForVotes(320)) - s0@group-54B38F49E6BF-LeaderElection1 PRE_VOTE round 0: submit vote requests at term 0 for -1: peers:[s0|rpc:localhost:41263|admin:localhost:39653|client:localhost:37713|dataStream:localhost:38979|priority:0|startupRole:FOLLOWER]|listeners:[], old=null
2023-06-29 03:32:35,630 [s0@group-54B38F49E6BF-LeaderElection1] INFO  impl.LeaderElection (LeaderElection.java:askForVotes(322)) - s0@group-54B38F49E6BF-LeaderElection1 PRE_VOTE round 0: result PASSED (term=0)
2023-06-29 03:32:35,632 [s0@group-54B38F49E6BF-LeaderElection1] INFO  impl.LeaderElection (LeaderElection.java:askForVotes(320)) - s0@group-54B38F49E6BF-LeaderElection1 ELECTION round 0: submit vote requests at term 1 for -1: peers:[s0|rpc:localhost:41263|admin:localhost:39653|client:localhost:37713|dataStream:localhost:38979|priority:0|startupRole:FOLLOWER]|listeners:[], old=null
2023-06-29 03:32:35,632 [s0@group-54B38F49E6BF-LeaderElection1] INFO  impl.LeaderElection (LeaderElection.java:askForVotes(322)) - s0@group-54B38F49E6BF-LeaderElection1 ELECTION round 0: result PASSED (term=1)
2023-06-29 03:32:35,632 [s0@group-54B38F49E6BF-LeaderElection1] INFO  impl.RoleInfo (RoleInfo.java:shutdownLeaderElection(130)) - s0: shutdown s0@group-54B38F49E6BF-LeaderElection1
2023-06-29 03:32:35,632 [s0@group-54B38F49E6BF-LeaderElection1] INFO  server.RaftServer$Division (RaftServerImpl.java:setRole(371)) - s0@group-54B38F49E6BF: changes role from CANDIDATE to LEADER at term 1 for changeToLeader
2023-06-29 03:32:35,633 [s0@group-54B38F49E6BF-LeaderElection1] INFO  server.RaftServer$Division (ServerState.java:setLeader(260)) - s0@group-54B38F49E6BF: change Leader from null to s0 at term 1 for becomeLeader, leader elected after 315ms
2023-06-29 03:32:35,637 [s0@group-54B38F49E6BF-LeaderElection1] INFO  server.RaftServerConfigKeys (ConfUtils.java:logGet(46)) - raft.server.staging.catchup.gap = 1000 (default)
2023-06-29 03:32:35,639 [s0@group-54B38F49E6BF-LeaderElection1] INFO  server.RaftServerConfigKeys (ConfUtils.java:logGet(46)) - raft.server.write.element-limit = 4096 (default)
2023-06-29 03:32:35,640 [s0@group-54B38F49E6BF-LeaderElection1] INFO  server.RaftServerConfigKeys (ConfUtils.java:logGet(46)) - raft.server.write.byte-limit = 64MB (=67108864) (default)
2023-06-29 03:32:35,642 [s0@group-54B38F49E6BF-LeaderElection1] INFO  server.RaftServerConfigKeys (ConfUtils.java:logGet(46)) - raft.server.watch.timeout = 10s (default)
2023-06-29 03:32:35,642 [s0@group-54B38F49E6BF-LeaderElection1] INFO  server.RaftServerConfigKeys (ConfUtils.java:logGet(46)) - raft.server.watch.timeout.denomination = 1s (default)
2023-06-29 03:32:35,643 [s0@group-54B38F49E6BF-LeaderElection1] INFO  server.RaftServerConfigKeys (ConfUtils.java:logGet(46)) - raft.server.watch.element-limit = 65536 (default)
2023-06-29 03:32:35,647 [s0@group-54B38F49E6BF-LeaderElection1] INFO  server.RaftServerConfigKeys (ConfUtils.java:logGet(46)) - raft.server.write.element-limit = 4096 (default)
2023-06-29 03:32:35,648 [s0@group-54B38F49E6BF-LeaderElection1] INFO  server.RaftServerConfigKeys (ConfUtils.java:logGet(46)) - raft.server.write.follower.gap.ratio.max = -1.0 (default)
2023-06-29 03:32:35,649 [s0@group-54B38F49E6BF-LeaderElection1] INFO  impl.RoleInfo (RoleInfo.java:updateAndGet(139)) - s0: start s0@group-54B38F49E6BF-LeaderStateImpl
2023-06-29 03:32:35,663 [s0@group-54B38F49E6BF-LeaderElection1] INFO  segmented.SegmentedRaftLogWorker (SegmentedRaftLogWorker.java:startLogSegment(426)) - s0@group-54B38F49E6BF-SegmentedRaftLogWorker: Starting segment from index:0
2023-06-29 03:32:35,686 [s0@group-54B38F49E6BF-LeaderElection1] INFO  server.RaftServer$Division (ServerState.java:setRaftConf(377)) - s0@group-54B38F49E6BF: set configuration 0: peers:[s0|rpc:localhost:41263|admin:localhost:39653|client:localhost:37713|dataStream:localhost:38979|priority:0|startupRole:FOLLOWER]|listeners:[], old=null
2023-06-29 03:32:35,718 [s0@group-54B38F49E6BF-SegmentedRaftLogWorker] INFO  segmented.SegmentedRaftLogWorker (SegmentedRaftLogWorker.java:execute(630)) - s0@group-54B38F49E6BF-SegmentedRaftLogWorker: created new log segment /home/runner/work/ratis/ratis/ratis-test/target/test/data/ad2395e4/MiniRaftClusterWithRpcTypeGrpcAndDataStreamTypeNettyaab39e99/s0/c1d070e3-dea7-430a-91d7-54b38f49e6bf/current/log_inprogress_0
2023-06-29 03:32:35,936 [Time-limited test] INFO  ratis.RaftTestUtil (RaftTestUtil.java:waitForLeader(119)) - printing ALL groups
  s0:  RUNNING    LEADER s0@group-54B38F49E6BF:t1, leader=s0, voted=s0, raftlog=Memoized:s0@group-54B38F49E6BF-SegmentedRaftLog:OPENED:c0, conf=0: peers:[s0|rpc:localhost:41263|admin:localhost:39653|client:localhost:37713|dataStream:localhost:38979|priority:0|startupRole:FOLLOWER]|listeners:[], old=null RUNNING
2023-06-29 03:32:35,939 [pool-2-thread-3] INFO  server.RaftServerConfigKeys (ConfUtils.java:logGet(46)) - raft.server.rpc.timeout.max = 300ms (default)
2023-06-29 03:32:35,939 [pool-2-thread-4] INFO  server.RaftServerConfigKeys (ConfUtils.java:logGet(46)) - raft.server.rpc.timeout.max = 300ms (default)
2023-06-29 03:32:35,940 [pool-2-thread-5] INFO  server.RaftServerConfigKeys (ConfUtils.java:logGet(46)) - raft.server.rpc.timeout.max = 300ms (default)
2023-06-29 03:32:35,941 [pool-2-thread-7] INFO  server.RaftServerConfigKeys (ConfUtils.java:logGet(46)) - raft.server.rpc.timeout.max = 300ms (default)
2023-06-29 03:32:35,943 [pool-2-thread-8] INFO  server.RaftServerConfigKeys (ConfUtils.java:logGet(46)) - raft.server.rpc.timeout.max = 300ms (default)
2023-06-29 03:32:35,943 [pool-2-thread-8] INFO  ratis.RaftTestUtil (RaftTestUtil.java:waitForLeader(100)) - printing ALL groups
  s0:  RUNNING    LEADER s0@group-54B38F49E6BF:t1, leader=s0, voted=s0, raftlog=Memoized:s0@group-54B38F49E6BF-SegmentedRaftLog:OPENED:c0, conf=0: peers:[s0|rpc:localhost:41263|admin:localhost:39653|client:localhost:37713|dataStream:localhost:38979|priority:0|startupRole:FOLLOWER]|listeners:[], old=null RUNNING
2023-06-29 03:32:35,943 [pool-2-thread-8] INFO  ratis.RaftTestUtil (RaftTestUtil.java:waitForLeader(119)) - printing ALL groups
  s0:  RUNNING    LEADER s0@group-54B38F49E6BF:t1, leader=s0, voted=s0, raftlog=Memoized:s0@group-54B38F49E6BF-SegmentedRaftLog:OPENED:c0, conf=0: peers:[s0|rpc:localhost:41263|admin:localhost:39653|client:localhost:37713|dataStream:localhost:38979|priority:0|startupRole:FOLLOWER]|listeners:[], old=null RUNNING
2023-06-29 03:32:35,945 [pool-2-thread-6] INFO  server.RaftServerConfigKeys (ConfUtils.java:logGet(46)) - raft.server.rpc.timeout.max = 300ms (default)
2023-06-29 03:32:35,945 [pool-2-thread-6] INFO  ratis.RaftTestUtil (RaftTestUtil.java:waitForLeader(100)) - printing ALL groups
  s0:  RUNNING    LEADER s0@group-54B38F49E6BF:t1, leader=s0, voted=s0, raftlog=Memoized:s0@group-54B38F49E6BF-SegmentedRaftLog:OPENED:c0, conf=0: peers:[s0|rpc:localhost:41263|admin:localhost:39653|client:localhost:37713|dataStream:localhost:38979|priority:0|startupRole:FOLLOWER]|listeners:[], old=null RUNNING
2023-06-29 03:32:35,946 [pool-2-thread-6] INFO  ratis.RaftTestUtil (RaftTestUtil.java:waitForLeader(119)) - printing ALL groups
  s0:  RUNNING    LEADER s0@group-54B38F49E6BF:t1, leader=s0, voted=s0, raftlog=Memoized:s0@group-54B38F49E6BF-SegmentedRaftLog:OPENED:c0, conf=0: peers:[s0|rpc:localhost:41263|admin:localhost:39653|client:localhost:37713|dataStream:localhost:38979|priority:0|startupRole:FOLLOWER]|listeners:[], old=null RUNNING
2023-06-29 03:32:35,946 [pool-2-thread-9] INFO  server.RaftServerConfigKeys (ConfUtils.java:logGet(46)) - raft.server.rpc.timeout.max = 300ms (default)
2023-06-29 03:32:35,947 [pool-2-thread-9] INFO  ratis.RaftTestUtil (RaftTestUtil.java:waitForLeader(100)) - printing ALL groups
  s0:  RUNNING    LEADER s0@group-54B38F49E6BF:t1, leader=s0, voted=s0, raftlog=Memoized:s0@group-54B38F49E6BF-SegmentedRaftLog:OPENED:c0, conf=0: peers:[s0|rpc:localhost:41263|admin:localhost:39653|client:localhost:37713|dataStream:localhost:38979|priority:0|startupRole:FOLLOWER]|listeners:[], old=null RUNNING
2023-06-29 03:32:35,947 [pool-2-thread-9] INFO  ratis.RaftTestUtil (RaftTestUtil.java:waitForLeader(119)) - printing ALL groups
  s0:  RUNNING    LEADER s0@group-54B38F49E6BF:t1, leader=s0, voted=s0, raftlog=Memoized:s0@group-54B38F49E6BF-SegmentedRaftLog:OPENED:c0, conf=0: peers:[s0|rpc:localhost:41263|admin:localhost:39653|client:localhost:37713|dataStream:localhost:38979|priority:0|startupRole:FOLLOWER]|listeners:[], old=null RUNNING
2023-06-29 03:32:35,947 [pool-2-thread-7] INFO  ratis.RaftTestUtil (RaftTestUtil.java:waitForLeader(100)) - printing ALL groups
  s0:  RUNNING    LEADER s0@group-54B38F49E6BF:t1, leader=s0, voted=s0, raftlog=Memoized:s0@group-54B38F49E6BF-SegmentedRaftLog:OPENED:c0, conf=0: peers:[s0|rpc:localhost:41263|admin:localhost:39653|client:localhost:37713|dataStream:localhost:38979|priority:0|startupRole:FOLLOWER]|listeners:[], old=null RUNNING
2023-06-29 03:32:35,947 [pool-2-thread-7] INFO  ratis.RaftTestUtil (RaftTestUtil.java:waitForLeader(119)) - printing ALL groups
  s0:  RUNNING    LEADER s0@group-54B38F49E6BF:t1, leader=s0, voted=s0, raftlog=Memoized:s0@group-54B38F49E6BF-SegmentedRaftLog:OPENED:c0, conf=0: peers:[s0|rpc:localhost:41263|admin:localhost:39653|client:localhost:37713|dataStream:localhost:38979|priority:0|startupRole:FOLLOWER]|listeners:[], old=null RUNNING
2023-06-29 03:32:35,942 [pool-2-thread-3] INFO  ratis.RaftTestUtil (RaftTestUtil.java:waitForLeader(100)) - printing ALL groups
  s0:  RUNNING    LEADER s0@group-54B38F49E6BF:t1, leader=s0, voted=s0, raftlog=Memoized:s0@group-54B38F49E6BF-SegmentedRaftLog:OPENED:c0, conf=0: peers:[s0|rpc:localhost:41263|admin:localhost:39653|client:localhost:37713|dataStream:localhost:38979|priority:0|startupRole:FOLLOWER]|listeners:[], old=null RUNNING
2023-06-29 03:32:35,948 [pool-2-thread-3] INFO  ratis.RaftTestUtil (RaftTestUtil.java:waitForLeader(119)) - printing ALL groups
  s0:  RUNNING    LEADER s0@group-54B38F49E6BF:t1, leader=s0, voted=s0, raftlog=Memoized:s0@group-54B38F49E6BF-SegmentedRaftLog:OPENED:c0, conf=0: peers:[s0|rpc:localhost:41263|admin:localhost:39653|client:localhost:37713|dataStream:localhost:38979|priority:0|startupRole:FOLLOWER]|listeners:[], old=null RUNNING
2023-06-29 03:32:35,942 [pool-2-thread-4] INFO  ratis.RaftTestUtil (RaftTestUtil.java:waitForLeader(100)) - printing ALL groups
  s0:  RUNNING    LEADER s0@group-54B38F49E6BF:t1, leader=s0, voted=s0, raftlog=Memoized:s0@group-54B38F49E6BF-SegmentedRaftLog:OPENED:c0, conf=0: peers:[s0|rpc:localhost:41263|admin:localhost:39653|client:localhost:37713|dataStream:localhost:38979|priority:0|startupRole:FOLLOWER]|listeners:[], old=null RUNNING
2023-06-29 03:32:35,948 [pool-2-thread-4] INFO  ratis.RaftTestUtil (RaftTestUtil.java:waitForLeader(119)) - printing ALL groups
  s0:  RUNNING    LEADER s0@group-54B38F49E6BF:t1, leader=s0, voted=s0, raftlog=Memoized:s0@group-54B38F49E6BF-SegmentedRaftLog:OPENED:c0, conf=0: peers:[s0|rpc:localhost:41263|admin:localhost:39653|client:localhost:37713|dataStream:localhost:38979|priority:0|startupRole:FOLLOWER]|listeners:[], old=null RUNNING
2023-06-29 03:32:35,942 [pool-2-thread-5] INFO  ratis.RaftTestUtil (RaftTestUtil.java:waitForLeader(100)) - printing ALL groups
  s0:  RUNNING    LEADER s0@group-54B38F49E6BF:t1, leader=s0, voted=s0, raftlog=Memoized:s0@group-54B38F49E6BF-SegmentedRaftLog:OPENED:c0, conf=0: peers:[s0|rpc:localhost:41263|admin:localhost:39653|client:localhost:37713|dataStream:localhost:38979|priority:0|startupRole:FOLLOWER]|listeners:[], old=null RUNNING
2023-06-29 03:32:35,948 [pool-2-thread-5] INFO  ratis.RaftTestUtil (RaftTestUtil.java:waitForLeader(119)) - printing ALL groups
  s0:  RUNNING    LEADER s0@group-54B38F49E6BF:t1, leader=s0, voted=s0, raftlog=Memoized:s0@group-54B38F49E6BF-SegmentedRaftLog:OPENED:c0, conf=0: peers:[s0|rpc:localhost:41263|admin:localhost:39653|client:localhost:37713|dataStream:localhost:38979|priority:0|startupRole:FOLLOWER]|listeners:[], old=null RUNNING
2023-06-29 03:32:35,960 [pool-2-thread-3] INFO  client.DataStreamClient (ConfUtils.java:logGet(46)) - raft.datastream.type = NETTY (custom)
2023-06-29 03:32:35,962 [pool-2-thread-4] INFO  client.DataStreamClient (ConfUtils.java:logGet(46)) - raft.datastream.type = NETTY (custom)
2023-06-29 03:32:35,962 [pool-2-thread-8] INFO  client.DataStreamClient (ConfUtils.java:logGet(46)) - raft.datastream.type = NETTY (custom)
2023-06-29 03:32:35,963 [pool-2-thread-5] INFO  client.DataStreamClient (ConfUtils.java:logGet(46)) - raft.datastream.type = NETTY (custom)
2023-06-29 03:32:35,962 [pool-2-thread-9] INFO  client.DataStreamClient (ConfUtils.java:logGet(46)) - raft.datastream.type = NETTY (custom)
2023-06-29 03:32:35,961 [pool-2-thread-7] INFO  client.DataStreamClient (ConfUtils.java:logGet(46)) - raft.datastream.type = NETTY (custom)
2023-06-29 03:32:35,961 [pool-2-thread-6] INFO  client.DataStreamClient (ConfUtils.java:logGet(46)) - raft.datastream.type = NETTY (custom)
2023-06-29 03:32:35,973 [pool-2-thread-3] INFO  netty.NettyConfigKeys$DataStream (ConfUtils.java:logGet(46)) - raft.netty.dataStream.client.tls.conf = null (default)
2023-06-29 03:32:35,974 [pool-2-thread-3] INFO  netty.NettyConfigKeys$DataStream (ConfUtils.java:logGet(46)) - raft.netty.dataStream.client.reply.queue.grace-period = 1s (default)
2023-06-29 03:32:35,973 [pool-2-thread-4] INFO  netty.NettyConfigKeys$DataStream (ConfUtils.java:logGet(46)) - raft.netty.dataStream.client.tls.conf = null (default)
2023-06-29 03:32:35,974 [pool-2-thread-4] INFO  netty.NettyConfigKeys$DataStream (ConfUtils.java:logGet(46)) - raft.netty.dataStream.client.reply.queue.grace-period = 1s (default)
2023-06-29 03:32:35,973 [pool-2-thread-9] INFO  netty.NettyConfigKeys$DataStream (ConfUtils.java:logGet(46)) - raft.netty.dataStream.client.tls.conf = null (default)
2023-06-29 03:32:35,977 [pool-2-thread-9] INFO  netty.NettyConfigKeys$DataStream (ConfUtils.java:logGet(46)) - raft.netty.dataStream.client.reply.queue.grace-period = 1s (default)
2023-06-29 03:32:35,973 [pool-2-thread-6] INFO  netty.NettyConfigKeys$DataStream (ConfUtils.java:logGet(46)) - raft.netty.dataStream.client.tls.conf = null (default)
2023-06-29 03:32:35,977 [pool-2-thread-9] INFO  netty.NettyConfigKeys$DataStream (ConfUtils.java:logGet(46)) - raft.netty.dataStream.client.worker-group.share = false (default)
2023-06-29 03:32:35,977 [pool-2-thread-6] INFO  netty.NettyConfigKeys$DataStream (ConfUtils.java:logGet(46)) - raft.netty.dataStream.client.reply.queue.grace-period = 1s (default)
2023-06-29 03:32:35,977 [pool-2-thread-9] INFO  netty.NettyConfigKeys$DataStream (ConfUtils.java:logGet(46)) - raft.netty.dataStream.client.worker-group.size = 4 (default)
2023-06-29 03:32:35,976 [pool-2-thread-8] INFO  netty.NettyConfigKeys$DataStream (ConfUtils.java:logGet(46)) - raft.netty.dataStream.client.tls.conf = null (default)
2023-06-29 03:32:35,982 [pool-2-thread-8] INFO  netty.NettyConfigKeys$DataStream (ConfUtils.java:logGet(46)) - raft.netty.dataStream.client.reply.queue.grace-period = 1s (default)
2023-06-29 03:32:35,982 [pool-2-thread-8] INFO  netty.NettyConfigKeys$DataStream (ConfUtils.java:logGet(46)) - raft.netty.dataStream.client.worker-group.share = false (default)
2023-06-29 03:32:35,982 [pool-2-thread-8] INFO  netty.NettyConfigKeys$DataStream (ConfUtils.java:logGet(46)) - raft.netty.dataStream.client.worker-group.size = 4 (default)
2023-06-29 03:32:35,976 [pool-2-thread-4] INFO  netty.NettyConfigKeys$DataStream (ConfUtils.java:logGet(46)) - raft.netty.dataStream.client.worker-group.share = false (default)
2023-06-29 03:32:35,984 [pool-2-thread-4] INFO  netty.NettyConfigKeys$DataStream (ConfUtils.java:logGet(46)) - raft.netty.dataStream.client.worker-group.size = 4 (default)
2023-06-29 03:32:35,974 [pool-2-thread-7] INFO  netty.NettyConfigKeys$DataStream (ConfUtils.java:logGet(46)) - raft.netty.dataStream.client.tls.conf = null (default)
2023-06-29 03:32:35,983 [pool-2-thread-3] INFO  netty.NettyConfigKeys$DataStream (ConfUtils.java:logGet(46)) - raft.netty.dataStream.client.worker-group.share = false (default)
2023-06-29 03:32:35,987 [pool-2-thread-3] INFO  netty.NettyConfigKeys$DataStream (ConfUtils.java:logGet(46)) - raft.netty.dataStream.client.worker-group.size = 4 (default)
2023-06-29 03:32:35,982 [pool-2-thread-5] INFO  netty.NettyConfigKeys$DataStream (ConfUtils.java:logGet(46)) - raft.netty.dataStream.client.tls.conf = null (default)
2023-06-29 03:32:35,988 [pool-2-thread-5] INFO  netty.NettyConfigKeys$DataStream (ConfUtils.java:logGet(46)) - raft.netty.dataStream.client.reply.queue.grace-period = 1s (default)
2023-06-29 03:32:35,988 [pool-2-thread-5] INFO  netty.NettyConfigKeys$DataStream (ConfUtils.java:logGet(46)) - raft.netty.dataStream.client.worker-group.share = false (default)
2023-06-29 03:32:35,988 [pool-2-thread-5] INFO  netty.NettyConfigKeys$DataStream (ConfUtils.java:logGet(46)) - raft.netty.dataStream.client.worker-group.size = 4 (default)
2023-06-29 03:32:35,977 [pool-2-thread-6] INFO  netty.NettyConfigKeys$DataStream (ConfUtils.java:logGet(46)) - raft.netty.dataStream.client.worker-group.share = false (default)
2023-06-29 03:32:35,990 [pool-2-thread-6] INFO  netty.NettyConfigKeys$DataStream (ConfUtils.java:logGet(46)) - raft.netty.dataStream.client.worker-group.size = 4 (default)
2023-06-29 03:32:35,987 [pool-2-thread-7] INFO  netty.NettyConfigKeys$DataStream (ConfUtils.java:logGet(46)) - raft.netty.dataStream.client.reply.queue.grace-period = 1s (default)
2023-06-29 03:32:35,990 [pool-2-thread-7] INFO  netty.NettyConfigKeys$DataStream (ConfUtils.java:logGet(46)) - raft.netty.dataStream.client.worker-group.share = false (default)
2023-06-29 03:32:35,990 [pool-2-thread-7] INFO  netty.NettyConfigKeys$DataStream (ConfUtils.java:logGet(46)) - raft.netty.dataStream.client.worker-group.size = 4 (default)
2023-06-29 03:32:36,088 [s0-NettyServerStreamRpc-bossGroup--thread1] INFO  logging.LoggingHandler (AbstractInternalLogger.java:log(148)) - [id: 0x1a877b05, L:0.0.0.0/0.0.0.0:38979] READ: [id: 0x80e6db53, L:/127.0.0.1:38979 - R:/127.0.0.1:43168]
2023-06-29 03:32:36,098 [s0-NettyServerStreamRpc-bossGroup--thread1] INFO  logging.LoggingHandler (AbstractInternalLogger.java:log(148)) - [id: 0x1a877b05, L:0.0.0.0/0.0.0.0:38979] READ COMPLETE
2023-06-29 03:32:36,103 [s0-NettyServerStreamRpc-bossGroup--thread1] INFO  logging.LoggingHandler (AbstractInternalLogger.java:log(148)) - [id: 0x1a877b05, L:0.0.0.0/0.0.0.0:38979] READ: [id: 0x300749bb, L:/127.0.0.1:38979 - R:/127.0.0.1:43178]
2023-06-29 03:32:36,110 [s0-NettyServerStreamRpc-bossGroup--thread1] INFO  logging.LoggingHandler (AbstractInternalLogger.java:log(148)) - [id: 0x1a877b05, L:0.0.0.0/0.0.0.0:38979] READ: [id: 0x9d86199f, L:/127.0.0.1:38979 - R:/127.0.0.1:43180]
2023-06-29 03:32:36,129 [s0-NettyServerStreamRpc-bossGroup--thread1] INFO  logging.LoggingHandler (AbstractInternalLogger.java:log(148)) - [id: 0x1a877b05, L:0.0.0.0/0.0.0.0:38979] READ COMPLETE
2023-06-29 03:32:36,130 [s0-NettyServerStreamRpc-bossGroup--thread1] INFO  logging.LoggingHandler (AbstractInternalLogger.java:log(148)) - [id: 0x1a877b05, L:0.0.0.0/0.0.0.0:38979] READ: [id: 0x8d984de2, L:/127.0.0.1:38979 - R:/127.0.0.1:43186]
2023-06-29 03:32:36,146 [pool-2-thread-11] INFO  datastream.DataStreamTestUtils (DataStreamTestUtils.java:writeAndCloseAndAssertReplies(311)) - start Stream6
2023-06-29 03:32:36,153 [pool-2-thread-12] INFO  datastream.DataStreamTestUtils (DataStreamTestUtils.java:writeAndCloseAndAssertReplies(311)) - start Stream7
2023-06-29 03:32:36,167 [pool-2-thread-13] INFO  datastream.DataStreamTestUtils (DataStreamTestUtils.java:writeAndCloseAndAssertReplies(311)) - start Stream8
2023-06-29 03:32:36,168 [pool-2-thread-14] INFO  datastream.DataStreamTestUtils (DataStreamTestUtils.java:writeAndCloseAndAssertReplies(311)) - start Stream9
2023-06-29 03:32:36,191 [pool-2-thread-16] INFO  datastream.DataStreamTestUtils (DataStreamTestUtils.java:writeAndCloseAndAssertReplies(311)) - start Stream2
2023-06-29 03:32:36,196 [pool-2-thread-15] INFO  datastream.DataStreamTestUtils (DataStreamTestUtils.java:writeAndCloseAndAssertReplies(311)) - start Stream10
2023-06-29 03:32:36,196 [s0-NettyServerStreamRpc-bossGroup--thread1] INFO  logging.LoggingHandler (AbstractInternalLogger.java:log(148)) - [id: 0x1a877b05, L:0.0.0.0/0.0.0.0:38979] READ COMPLETE
2023-06-29 03:32:36,197 [s0-NettyServerStreamRpc-bossGroup--thread1] INFO  logging.LoggingHandler (AbstractInternalLogger.java:log(148)) - [id: 0x1a877b05, L:0.0.0.0/0.0.0.0:38979] READ: [id: 0x2156368a, L:/127.0.0.1:38979 - R:/127.0.0.1:43196]
2023-06-29 03:32:36,197 [s0-NettyServerStreamRpc-bossGroup--thread1] INFO  logging.LoggingHandler (AbstractInternalLogger.java:log(148)) - [id: 0x1a877b05, L:0.0.0.0/0.0.0.0:38979] READ COMPLETE
2023-06-29 03:32:36,197 [pool-2-thread-10] INFO  datastream.DataStreamTestUtils (DataStreamTestUtils.java:writeAndCloseAndAssertReplies(311)) - start Stream1
2023-06-29 03:32:36,210 [s0-NettyServerStreamRpc-bossGroup--thread1] INFO  logging.LoggingHandler (AbstractInternalLogger.java:log(148)) - [id: 0x1a877b05, L:0.0.0.0/0.0.0.0:38979] READ: [id: 0xe3135190, L:/127.0.0.1:38979 - R:/127.0.0.1:43212]
2023-06-29 03:32:36,210 [s0-NettyServerStreamRpc-bossGroup--thread1] INFO  logging.LoggingHandler (AbstractInternalLogger.java:log(148)) - [id: 0x1a877b05, L:0.0.0.0/0.0.0.0:38979] READ COMPLETE
2023-06-29 03:32:36,229 [s0-NettyServerStreamRpc-bossGroup--thread1] INFO  logging.LoggingHandler (AbstractInternalLogger.java:log(148)) - [id: 0x1a877b05, L:0.0.0.0/0.0.0.0:38979] READ: [id: 0x86e0826c, L:/127.0.0.1:38979 - R:/127.0.0.1:43224]
2023-06-29 03:32:36,232 [s0-NettyServerStreamRpc-bossGroup--thread1] INFO  logging.LoggingHandler (AbstractInternalLogger.java:log(148)) - [id: 0x1a877b05, L:0.0.0.0/0.0.0.0:38979] READ COMPLETE
2023-06-29 03:32:36,604 [pool-2-thread-10] INFO  datastream.DataStreamTestUtils (DataStreamTestUtils.java:writeAndCloseAndAssertReplies(320)) - Stream1: bytesWritten=779708
2023-06-29 03:32:36,611 [pool-2-thread-12] INFO  datastream.DataStreamTestUtils (DataStreamTestUtils.java:writeAndCloseAndAssertReplies(320)) - Stream7: bytesWritten=747580
2023-06-29 03:32:36,640 [pool-2-thread-11] INFO  datastream.DataStreamTestUtils (DataStreamTestUtils.java:writeAndCloseAndAssertReplies(320)) - Stream6: bytesWritten=766429
2023-06-29 03:32:36,641 [pool-2-thread-15] INFO  datastream.DataStreamTestUtils (DataStreamTestUtils.java:writeAndCloseAndAssertReplies(320)) - Stream10: bytesWritten=711073
2023-06-29 03:32:36,895 [pool-2-thread-13] INFO  datastream.DataStreamTestUtils (DataStreamTestUtils.java:writeAndCloseAndAssertReplies(320)) - Stream8: bytesWritten=794703
2023-06-29 03:32:36,895 [pool-2-thread-14] INFO  datastream.DataStreamTestUtils (DataStreamTestUtils.java:writeAndCloseAndAssertReplies(320)) - Stream9: bytesWritten=763044
2023-06-29 03:32:37,369 [s0-client-thread2] INFO  statemachine.StateMachine (DataStreamTestUtils.java:link(157)) - link SingleDataStream: writeRequest=RaftClientRequest:client-432ABDB8284C->s0@group-54B38F49E6BF, cid=7, seq=0, DataStream, Message:<EMPTY>, logEntry=null
2023-06-29 03:32:37,378 [s0-client-thread1] INFO  statemachine.StateMachine (DataStreamTestUtils.java:link(157)) - link SingleDataStream: writeRequest=RaftClientRequest:client-C13EDB0BFCA4->s0@group-54B38F49E6BF, cid=1, seq=0, DataStream, Message:<EMPTY>, logEntry=null
2023-06-29 03:32:37,380 [s0-client-thread3] INFO  statemachine.StateMachine (DataStreamTestUtils.java:link(157)) - link SingleDataStream: writeRequest=RaftClientRequest:client-432ABDB8284C->s0@group-54B38F49E6BF, cid=6, seq=0, DataStream, Message:<EMPTY>, logEntry=null
2023-06-29 03:32:37,384 [pool-2-thread-12] INFO  datastream.DataStreamTestUtils (DataStreamTestUtils.java:writeAndCloseAndAssertReplies(311)) - start Stream12
2023-06-29 03:32:37,390 [pool-2-thread-10] INFO  datastream.DataStreamTestUtils (DataStreamTestUtils.java:writeAndCloseAndAssertReplies(311)) - start Stream13
2023-06-29 03:32:37,394 [pool-2-thread-11] INFO  datastream.DataStreamTestUtils (DataStreamTestUtils.java:writeAndCloseAndAssertReplies(311)) - start Stream14
2023-06-29 03:32:37,395 [s0-client-thread1] INFO  statemachine.StateMachine (DataStreamTestUtils.java:link(157)) - link SingleDataStream: writeRequest=RaftClientRequest:client-432ABDB8284C->s0@group-54B38F49E6BF, cid=10, seq=0, DataStream, Message:<EMPTY>, logEntry=null
2023-06-29 03:32:37,399 [pool-2-thread-15] INFO  datastream.DataStreamTestUtils (DataStreamTestUtils.java:writeAndCloseAndAssertReplies(311)) - start Stream15
2023-06-29 03:32:37,406 [s0-client-thread1] INFO  statemachine.StateMachine (DataStreamTestUtils.java:link(157)) - link SingleDataStream: writeRequest=RaftClientRequest:client-432ABDB8284C->s0@group-54B38F49E6BF, cid=8, seq=0, DataStream, Message:<EMPTY>, logEntry=null
2023-06-29 03:32:37,410 [s0-client-thread3] INFO  statemachine.StateMachine (DataStreamTestUtils.java:link(157)) - link SingleDataStream: writeRequest=RaftClientRequest:client-432ABDB8284C->s0@group-54B38F49E6BF, cid=9, seq=0, DataStream, Message:<EMPTY>, logEntry=null
2023-06-29 03:32:37,412 [pool-2-thread-13] INFO  datastream.DataStreamTestUtils (DataStreamTestUtils.java:writeAndCloseAndAssertReplies(311)) - start Stream16
2023-06-29 03:32:37,419 [pool-2-thread-14] INFO  datastream.DataStreamTestUtils (DataStreamTestUtils.java:writeAndCloseAndAssertReplies(311)) - start Stream17
2023-06-29 03:32:38,793 [pool-2-thread-16] INFO  datastream.DataStreamTestUtils (DataStreamTestUtils.java:writeAndCloseAndAssertReplies(320)) - Stream2: bytesWritten=3731040
2023-06-29 03:32:39,027 [pool-2-thread-10] INFO  datastream.DataStreamTestUtils (DataStreamTestUtils.java:writeAndCloseAndAssertReplies(320)) - Stream13: bytesWritten=3735745
2023-06-29 03:32:39,150 [pool-2-thread-11] INFO  datastream.DataStreamTestUtils (DataStreamTestUtils.java:writeAndCloseAndAssertReplies(320)) - Stream14: bytesWritten=3733092
2023-06-29 03:32:39,216 [pool-2-thread-15] INFO  datastream.DataStreamTestUtils (DataStreamTestUtils.java:writeAndCloseAndAssertReplies(320)) - Stream15: bytesWritten=3739232
2023-06-29 03:32:39,296 [pool-2-thread-13] INFO  datastream.DataStreamTestUtils (DataStreamTestUtils.java:writeAndCloseAndAssertReplies(320)) - Stream16: bytesWritten=3750426
2023-06-29 03:32:39,485 [pool-2-thread-14] INFO  datastream.DataStreamTestUtils (DataStreamTestUtils.java:writeAndCloseAndAssertReplies(320)) - Stream17: bytesWritten=3740616
2023-06-29 03:32:39,577 [pool-2-thread-12] INFO  datastream.DataStreamTestUtils (DataStreamTestUtils.java:writeAndCloseAndAssertReplies(320)) - Stream12: bytesWritten=3747602
2023-06-29 03:32:39,594 [s0-client-thread3] INFO  statemachine.StateMachine (DataStreamTestUtils.java:link(157)) - link SingleDataStream: writeRequest=RaftClientRequest:client-798EC160BB53->s0@group-54B38F49E6BF, cid=2, seq=0, DataStream, Message:<EMPTY>, logEntry=null
2023-06-29 03:32:39,598 [pool-2-thread-16] INFO  datastream.DataStreamTestUtils (DataStreamTestUtils.java:writeAndCloseAndAssertReplies(311)) - start Stream0
2023-06-29 03:32:39,600 [s0-client-thread3] INFO  statemachine.StateMachine (DataStreamTestUtils.java:link(157)) - link SingleDataStream: writeRequest=RaftClientRequest:client-798EC160BB53->s0@group-54B38F49E6BF, cid=13, seq=0, DataStream, Message:<EMPTY>, logEntry=null
2023-06-29 03:32:39,620 [pool-2-thread-10] INFO  datastream.DataStreamTestUtils (DataStreamTestUtils.java:writeAndCloseAndAssertReplies(311)) - start Stream19
2023-06-29 03:32:39,633 [s0-client-thread3] INFO  statemachine.StateMachine (DataStreamTestUtils.java:link(157)) - link SingleDataStream: writeRequest=RaftClientRequest:client-798EC160BB53->s0@group-54B38F49E6BF, cid=14, seq=0, DataStream, Message:<EMPTY>, logEntry=null
2023-06-29 03:32:39,635 [s0-client-thread3] INFO  statemachine.StateMachine (DataStreamTestUtils.java:link(157)) - link SingleDataStream: writeRequest=RaftClientRequest:client-798EC160BB53->s0@group-54B38F49E6BF, cid=15, seq=0, DataStream, Message:<EMPTY>, logEntry=null
2023-06-29 03:32:39,637 [pool-2-thread-11] INFO  datastream.DataStreamTestUtils (DataStreamTestUtils.java:writeAndCloseAndAssertReplies(311)) - start Stream20
2023-06-29 03:32:39,650 [s0-client-thread3] INFO  statemachine.StateMachine (DataStreamTestUtils.java:link(157)) - link SingleDataStream: writeRequest=RaftClientRequest:client-798EC160BB53->s0@group-54B38F49E6BF, cid=16, seq=0, DataStream, Message:<EMPTY>, logEntry=null
2023-06-29 03:32:39,651 [pool-2-thread-15] INFO  datastream.DataStreamTestUtils (DataStreamTestUtils.java:writeAndCloseAndAssertReplies(311)) - start Stream21
2023-06-29 03:32:39,655 [s0-client-thread3] INFO  statemachine.StateMachine (DataStreamTestUtils.java:link(157)) - link SingleDataStream: writeRequest=RaftClientRequest:client-798EC160BB53->s0@group-54B38F49E6BF, cid=17, seq=0, DataStream, Message:<EMPTY>, logEntry=null
2023-06-29 03:32:39,656 [s0-client-thread3] INFO  statemachine.StateMachine (DataStreamTestUtils.java:link(157)) - link SingleDataStream: writeRequest=RaftClientRequest:client-798EC160BB53->s0@group-54B38F49E6BF, cid=12, seq=0, DataStream, Message:<EMPTY>, logEntry=null
2023-06-29 03:32:39,657 [pool-2-thread-13] INFO  datastream.DataStreamTestUtils (DataStreamTestUtils.java:writeAndCloseAndAssertReplies(311)) - start Stream22
2023-06-29 03:32:39,658 [pool-2-thread-14] INFO  datastream.DataStreamTestUtils (DataStreamTestUtils.java:writeAndCloseAndAssertReplies(311)) - start Stream23
2023-06-29 03:32:39,679 [pool-2-thread-12] INFO  datastream.DataStreamTestUtils (DataStreamTestUtils.java:writeAndCloseAndAssertReplies(311)) - start Stream24
2023-06-29 03:32:40,690 [pool-2-thread-16] INFO  datastream.DataStreamTestUtils (DataStreamTestUtils.java:writeAndCloseAndAssertReplies(320)) - Stream0: bytesWritten=3740883
2023-06-29 03:32:41,546 [pool-2-thread-11] INFO  datastream.DataStreamTestUtils (DataStreamTestUtils.java:writeAndCloseAndAssertReplies(320)) - Stream20: bytesWritten=3728259
2023-06-29 03:32:41,819 [pool-2-thread-15] INFO  datastream.DataStreamTestUtils (DataStreamTestUtils.java:writeAndCloseAndAssertReplies(320)) - Stream21: bytesWritten=3746537
2023-06-29 03:32:41,826 [pool-2-thread-10] INFO  datastream.DataStreamTestUtils (DataStreamTestUtils.java:writeAndCloseAndAssertReplies(320)) - Stream19: bytesWritten=3764119
2023-06-29 03:32:41,850 [pool-2-thread-13] INFO  datastream.DataStreamTestUtils (DataStreamTestUtils.java:writeAndCloseAndAssertReplies(320)) - Stream22: bytesWritten=3734675
2023-06-29 03:32:41,910 [pool-2-thread-14] INFO  datastream.DataStreamTestUtils (DataStreamTestUtils.java:writeAndCloseAndAssertReplies(320)) - Stream23: bytesWritten=3743513
2023-06-29 03:32:41,912 [pool-2-thread-12] INFO  datastream.DataStreamTestUtils (DataStreamTestUtils.java:writeAndCloseAndAssertReplies(320)) - Stream24: bytesWritten=3770313
2023-06-29 03:32:41,920 [s0-client-thread3] INFO  statemachine.StateMachine (DataStreamTestUtils.java:link(157)) - link SingleDataStream: writeRequest=RaftClientRequest:client-19C9DC7C8D43->s0@group-54B38F49E6BF, cid=0, seq=0, DataStream, Message:<EMPTY>, logEntry=null
2023-06-29 03:32:41,921 [s0-client-thread3] INFO  statemachine.StateMachine (DataStreamTestUtils.java:link(157)) - link SingleDataStream: writeRequest=RaftClientRequest:client-19C9DC7C8D43->s0@group-54B38F49E6BF, cid=20, seq=0, DataStream, Message:<EMPTY>, logEntry=null
2023-06-29 03:32:41,923 [pool-2-thread-16] INFO  datastream.DataStreamTestUtils (DataStreamTestUtils.java:writeAndCloseAndAssertReplies(311)) - start Stream25
2023-06-29 03:32:41,931 [s0-client-thread3] INFO  statemachine.StateMachine (DataStreamTestUtils.java:link(157)) - link SingleDataStream: writeRequest=RaftClientRequest:client-19C9DC7C8D43->s0@group-54B38F49E6BF, cid=21, seq=0, DataStream, Message:<EMPTY>, logEntry=null
2023-06-29 03:32:41,933 [s0-client-thread3] INFO  statemachine.StateMachine (DataStreamTestUtils.java:link(157)) - link SingleDataStream: writeRequest=RaftClientRequest:client-19C9DC7C8D43->s0@group-54B38F49E6BF, cid=19, seq=0, DataStream, Message:<EMPTY>, logEntry=null
2023-06-29 03:32:41,933 [s0-client-thread1] INFO  statemachine.StateMachine (DataStreamTestUtils.java:link(157)) - link SingleDataStream: writeRequest=RaftClientRequest:client-19C9DC7C8D43->s0@group-54B38F49E6BF, cid=22, seq=0, DataStream, Message:<EMPTY>, logEntry=null
2023-06-29 03:32:41,934 [s0-client-thread1] INFO  statemachine.StateMachine (DataStreamTestUtils.java:link(157)) - link SingleDataStream: writeRequest=RaftClientRequest:client-19C9DC7C8D43->s0@group-54B38F49E6BF, cid=23, seq=0, DataStream, Message:<EMPTY>, logEntry=null
2023-06-29 03:32:41,935 [s0-client-thread1] INFO  statemachine.StateMachine (DataStreamTestUtils.java:link(157)) - link SingleDataStream: writeRequest=RaftClientRequest:client-19C9DC7C8D43->s0@group-54B38F49E6BF, cid=24, seq=0, DataStream, Message:<EMPTY>, logEntry=null
2023-06-29 03:32:41,935 [pool-2-thread-11] INFO  datastream.DataStreamTestUtils (DataStreamTestUtils.java:writeAndCloseAndAssertReplies(311)) - start Stream26
2023-06-29 03:32:41,944 [pool-2-thread-15] INFO  datastream.DataStreamTestUtils (DataStreamTestUtils.java:writeAndCloseAndAssertReplies(311)) - start Stream27
2023-06-29 03:32:41,954 [pool-2-thread-10] INFO  datastream.DataStreamTestUtils (DataStreamTestUtils.java:writeAndCloseAndAssertReplies(311)) - start Stream11
2023-06-29 03:32:41,971 [pool-2-thread-10] INFO  datastream.DataStreamTestUtils (DataStreamTestUtils.java:writeAndCloseAndAssertReplies(320)) - Stream11: bytesWritten=798453
2023-06-29 03:32:41,974 [pool-2-thread-13] INFO  datastream.DataStreamTestUtils (DataStreamTestUtils.java:writeAndCloseAndAssertReplies(311)) - start Stream28
2023-06-29 03:32:41,983 [s0-client-thread3] INFO  statemachine.StateMachine (DataStreamTestUtils.java:link(157)) - link SingleDataStream: writeRequest=RaftClientRequest:client-432ABDB8284C->s0@group-54B38F49E6BF, cid=11, seq=0, DataStream, Message:<EMPTY>, logEntry=null
2023-06-29 03:32:41,984 [pool-2-thread-14] INFO  datastream.DataStreamTestUtils (DataStreamTestUtils.java:writeAndCloseAndAssertReplies(311)) - start Stream30
2023-06-29 03:32:41,984 [pool-2-thread-12] INFO  datastream.DataStreamTestUtils (DataStreamTestUtils.java:writeAndCloseAndAssertReplies(311)) - start Stream29
2023-06-29 03:32:42,008 [pool-2-thread-12] INFO  datastream.DataStreamTestUtils (DataStreamTestUtils.java:writeAndCloseAndAssertReplies(320)) - Stream29: bytesWritten=781969
2023-06-29 03:32:42,014 [pool-2-thread-10] INFO  datastream.DataStreamTestUtils (DataStreamTestUtils.java:writeAndCloseAndAssertReplies(311)) - start Stream31
2023-06-29 03:32:42,021 [s0-client-thread3] INFO  statemachine.StateMachine (DataStreamTestUtils.java:link(157)) - link SingleDataStream: writeRequest=RaftClientRequest:client-432ABDB8284C->s0@group-54B38F49E6BF, cid=29, seq=0, DataStream, Message:<EMPTY>, logEntry=null
2023-06-29 03:32:42,026 [pool-2-thread-12] INFO  datastream.DataStreamTestUtils (DataStreamTestUtils.java:writeAndCloseAndAssertReplies(311)) - start Stream32
2023-06-29 03:32:42,037 [pool-2-thread-12] INFO  datastream.DataStreamTestUtils (DataStreamTestUtils.java:writeAndCloseAndAssertReplies(320)) - Stream32: bytesWritten=709371
2023-06-29 03:32:42,039 [s0-client-thread3] INFO  statemachine.StateMachine (DataStreamTestUtils.java:link(157)) - link SingleDataStream: writeRequest=RaftClientRequest:client-432ABDB8284C->s0@group-54B38F49E6BF, cid=32, seq=0, DataStream, Message:<EMPTY>, logEntry=null
2023-06-29 03:32:42,040 [pool-2-thread-12] INFO  datastream.DataStreamTestUtils (DataStreamTestUtils.java:writeAndCloseAndAssertReplies(311)) - start Stream33
2023-06-29 03:32:43,192 [pool-2-thread-15] INFO  datastream.DataStreamTestUtils (DataStreamTestUtils.java:writeAndCloseAndAssertReplies(320)) - Stream27: bytesWritten=3751431
2023-06-29 03:32:43,297 [pool-2-thread-16] INFO  datastream.DataStreamTestUtils (DataStreamTestUtils.java:writeAndCloseAndAssertReplies(320)) - Stream25: bytesWritten=3739010
2023-06-29 03:32:43,514 [pool-2-thread-11] INFO  datastream.DataStreamTestUtils (DataStreamTestUtils.java:writeAndCloseAndAssertReplies(320)) - Stream26: bytesWritten=3748306
2023-06-29 03:32:43,580 [pool-2-thread-13] INFO  datastream.DataStreamTestUtils (DataStreamTestUtils.java:writeAndCloseAndAssertReplies(320)) - Stream28: bytesWritten=3752695
2023-06-29 03:32:43,642 [pool-2-thread-10] INFO  datastream.DataStreamTestUtils (DataStreamTestUtils.java:writeAndCloseAndAssertReplies(320)) - Stream31: bytesWritten=3751909
2023-06-29 03:32:43,643 [pool-2-thread-14] INFO  datastream.DataStreamTestUtils (DataStreamTestUtils.java:writeAndCloseAndAssertReplies(320)) - Stream30: bytesWritten=3751421
2023-06-29 03:32:43,645 [s0-client-thread3] INFO  statemachine.StateMachine (DataStreamTestUtils.java:link(157)) - link SingleDataStream: writeRequest=RaftClientRequest:client-19C9DC7C8D43->s0@group-54B38F49E6BF, cid=27, seq=0, DataStream, Message:<EMPTY>, logEntry=null
2023-06-29 03:32:43,648 [s0-client-thread3] INFO  statemachine.StateMachine (DataStreamTestUtils.java:link(157)) - link SingleDataStream: writeRequest=RaftClientRequest:client-19C9DC7C8D43->s0@group-54B38F49E6BF, cid=25, seq=0, DataStream, Message:<EMPTY>, logEntry=null
2023-06-29 03:32:43,650 [pool-2-thread-15] INFO  datastream.DataStreamTestUtils (DataStreamTestUtils.java:writeAndCloseAndAssertReplies(311)) - start Stream34
2023-06-29 03:32:43,654 [pool-2-thread-15] INFO  datastream.DataStreamTestUtils (DataStreamTestUtils.java:writeAndCloseAndAssertReplies(320)) - Stream34: bytesWritten=704586
2023-06-29 03:32:43,656 [s0-client-thread3] INFO  statemachine.StateMachine (DataStreamTestUtils.java:link(157)) - link SingleDataStream: writeRequest=RaftClientRequest:client-432ABDB8284C->s0@group-54B38F49E6BF, cid=34, seq=0, DataStream, Message:<EMPTY>, logEntry=null
2023-06-29 03:32:43,657 [pool-2-thread-15] INFO  datastream.DataStreamTestUtils (DataStreamTestUtils.java:writeAndCloseAndAssertReplies(311)) - start Stream35
2023-06-29 03:32:43,665 [pool-2-thread-16] INFO  datastream.DataStreamTestUtils (DataStreamTestUtils.java:writeAndCloseAndAssertReplies(311)) - start Stream36
2023-06-29 03:32:43,670 [s0-client-thread3] INFO  statemachine.StateMachine (DataStreamTestUtils.java:link(157)) - link SingleDataStream: writeRequest=RaftClientRequest:client-19C9DC7C8D43->s0@group-54B38F49E6BF, cid=26, seq=0, DataStream, Message:<EMPTY>, logEntry=null
2023-06-29 03:32:43,670 [pool-2-thread-16] INFO  datastream.DataStreamTestUtils (DataStreamTestUtils.java:writeAndCloseAndAssertReplies(320)) - Stream36: bytesWritten=812056
2023-06-29 03:32:43,672 [s0-client-thread3] INFO  statemachine.StateMachine (DataStreamTestUtils.java:link(157)) - link SingleDataStream: writeRequest=RaftClientRequest:client-432ABDB8284C->s0@group-54B38F49E6BF, cid=36, seq=0, DataStream, Message:<EMPTY>, logEntry=null
2023-06-29 03:32:43,674 [pool-2-thread-16] INFO  datastream.DataStreamTestUtils (DataStreamTestUtils.java:writeAndCloseAndAssertReplies(311)) - start Stream37
2023-06-29 03:32:43,688 [pool-2-thread-11] INFO  datastream.DataStreamTestUtils (DataStreamTestUtils.java:writeAndCloseAndAssertReplies(311)) - start Stream38
2023-06-29 03:32:43,717 [pool-2-thread-5] INFO  datastream.DataStreamTestUtils (DataStreamTestUtils.java:writeAndCloseAndAssertReplies(311)) - start Stream39
2023-06-29 03:32:43,718 [pool-2-thread-12] INFO  datastream.DataStreamTestUtils (DataStreamTestUtils.java:writeAndCloseAndAssertReplies(320)) - Stream33: bytesWritten=3745615
2023-06-29 03:32:43,732 [s0-client-thread3] INFO  statemachine.StateMachine (DataStreamTestUtils.java:link(157)) - link SingleDataStream: writeRequest=RaftClientRequest:client-19C9DC7C8D43->s0@group-54B38F49E6BF, cid=28, seq=0, DataStream, Message:<EMPTY>, logEntry=null
2023-06-29 03:32:43,741 [pool-2-thread-13] INFO  datastream.DataStreamTestUtils (DataStreamTestUtils.java:writeAndCloseAndAssertReplies(311)) - start Stream3
2023-06-29 03:32:43,818 [s0-client-thread3] INFO  statemachine.StateMachine (DataStreamTestUtils.java:link(157)) - link SingleDataStream: writeRequest=RaftClientRequest:client-19C9DC7C8D43->s0@group-54B38F49E6BF, cid=31, seq=0, DataStream, Message:<EMPTY>, logEntry=null
2023-06-29 03:32:43,819 [s0-client-thread3] INFO  statemachine.StateMachine (DataStreamTestUtils.java:link(157)) - link SingleDataStream: writeRequest=RaftClientRequest:client-19C9DC7C8D43->s0@group-54B38F49E6BF, cid=30, seq=0, DataStream, Message:<EMPTY>, logEntry=null
2023-06-29 03:32:43,821 [pool-2-thread-10] INFO  datastream.DataStreamTestUtils (DataStreamTestUtils.java:writeAndCloseAndAssertReplies(311)) - start Stream40
2023-06-29 03:32:43,831 [pool-2-thread-14] INFO  datastream.DataStreamTestUtils (DataStreamTestUtils.java:writeAndCloseAndAssertReplies(311)) - start Stream43
2023-06-29 03:32:43,856 [pool-2-thread-13] INFO  datastream.DataStreamTestUtils (DataStreamTestUtils.java:writeAndCloseAndAssertReplies(320)) - Stream3: bytesWritten=820419
2023-06-29 03:32:43,903 [s0-client-thread3] INFO  statemachine.StateMachine (DataStreamTestUtils.java:link(157)) - link SingleDataStream: writeRequest=RaftClientRequest:client-E9B93A903F25->s0@group-54B38F49E6BF, cid=3, seq=0, DataStream, Message:<EMPTY>, logEntry=null
2023-06-29 03:32:43,910 [pool-2-thread-13] INFO  datastream.DataStreamTestUtils (DataStreamTestUtils.java:writeAndCloseAndAssertReplies(311)) - start Stream18
2023-06-29 03:32:44,229 [s0-client-thread3] INFO  statemachine.StateMachine (DataStreamTestUtils.java:link(157)) - link SingleDataStream: writeRequest=RaftClientRequest:client-19C9DC7C8D43->s0@group-54B38F49E6BF, cid=33, seq=0, DataStream, Message:<EMPTY>, logEntry=null
2023-06-29 03:32:44,233 [pool-2-thread-12] INFO  datastream.DataStreamTestUtils (DataStreamTestUtils.java:writeAndCloseAndAssertReplies(311)) - start Stream44
2023-06-29 03:32:44,323 [pool-2-thread-13] INFO  datastream.DataStreamTestUtils (DataStreamTestUtils.java:writeAndCloseAndAssertReplies(320)) - Stream18: bytesWritten=3761207
2023-06-29 03:32:44,609 [s0-client-thread3] INFO  statemachine.StateMachine (DataStreamTestUtils.java:link(157)) - link SingleDataStream: writeRequest=RaftClientRequest:client-798EC160BB53->s0@group-54B38F49E6BF, cid=18, seq=0, DataStream, Message:<EMPTY>, logEntry=null
2023-06-29 03:32:44,613 [pool-2-thread-13] INFO  datastream.DataStreamTestUtils (DataStreamTestUtils.java:writeAndCloseAndAssertReplies(311)) - start Stream45
2023-06-29 03:32:44,751 [pool-2-thread-12] INFO  datastream.DataStreamTestUtils (DataStreamTestUtils.java:writeAndCloseAndAssertReplies(320)) - Stream44: bytesWritten=3740429
2023-06-29 03:32:44,980 [pool-2-thread-16] INFO  datastream.DataStreamTestUtils (DataStreamTestUtils.java:writeAndCloseAndAssertReplies(320)) - Stream37: bytesWritten=3768774
2023-06-29 03:32:45,048 [pool-2-thread-13] INFO  datastream.DataStreamTestUtils (DataStreamTestUtils.java:writeAndCloseAndAssertReplies(320)) - Stream45: bytesWritten=3753639
2023-06-29 03:32:45,050 [s0-client-thread3] INFO  statemachine.StateMachine (DataStreamTestUtils.java:link(157)) - link SingleDataStream: writeRequest=RaftClientRequest:client-798EC160BB53->s0@group-54B38F49E6BF, cid=44, seq=0, DataStream, Message:<EMPTY>, logEntry=null
2023-06-29 03:32:45,055 [pool-2-thread-12] INFO  datastream.DataStreamTestUtils (DataStreamTestUtils.java:writeAndCloseAndAssertReplies(311)) - start Stream46
2023-06-29 03:32:45,100 [s0-client-thread3] INFO  statemachine.StateMachine (DataStreamTestUtils.java:link(157)) - link SingleDataStream: writeRequest=RaftClientRequest:client-798EC160BB53->s0@group-54B38F49E6BF, cid=45, seq=0, DataStream, Message:<EMPTY>, logEntry=null
2023-06-29 03:32:45,110 [pool-2-thread-13] INFO  datastream.DataStreamTestUtils (DataStreamTestUtils.java:writeAndCloseAndAssertReplies(311)) - start Stream47
2023-06-29 03:32:45,166 [pool-2-thread-15] INFO  datastream.DataStreamTestUtils (DataStreamTestUtils.java:writeAndCloseAndAssertReplies(320)) - Stream35: bytesWritten=3746419
2023-06-29 03:32:45,478 [Timer-0] INFO  impl.MiniRaftCluster (MiniRaftCluster.java:lambda$start$6(349)) - TIMED-PRINT: printing ALL groups
  s0:  RUNNING    LEADER s0@group-54B38F49E6BF:t1, leader=s0, voted=s0, raftlog=Memoized:s0@group-54B38F49E6BF-SegmentedRaftLog:OPENED:c67, conf=0: peers:[s0|rpc:localhost:41263|admin:localhost:39653|client:localhost:37713|dataStream:localhost:38979|priority:0|startupRole:FOLLOWER]|listeners:[], old=null RUNNING
2023-06-29 03:32:45,484 [pool-2-thread-11] INFO  datastream.DataStreamTestUtils (DataStreamTestUtils.java:writeAndCloseAndAssertReplies(320)) - Stream38: bytesWritten=3747110
2023-06-29 03:32:45,811 [pool-2-thread-12] INFO  datastream.DataStreamTestUtils (DataStreamTestUtils.java:writeAndCloseAndAssertReplies(320)) - Stream46: bytesWritten=3744018
2023-06-29 03:32:45,936 [pool-2-thread-13] INFO  datastream.DataStreamTestUtils (DataStreamTestUtils.java:writeAndCloseAndAssertReplies(320)) - Stream47: bytesWritten=3742475
2023-06-29 03:32:45,937 [s0-client-thread3] INFO  statemachine.StateMachine (DataStreamTestUtils.java:link(157)) - link SingleDataStream: writeRequest=RaftClientRequest:client-798EC160BB53->s0@group-54B38F49E6BF, cid=46, seq=0, DataStream, Message:<EMPTY>, logEntry=null
2023-06-29 03:32:45,940 [s0-client-thread3] INFO  statemachine.StateMachine (DataStreamTestUtils.java:link(157)) - link SingleDataStream: writeRequest=RaftClientRequest:client-798EC160BB53->s0@group-54B38F49E6BF, cid=47, seq=0, DataStream, Message:<EMPTY>, logEntry=null
2023-06-29 03:32:45,941 [pool-2-thread-12] INFO  datastream.DataStreamTestUtils (DataStreamTestUtils.java:writeAndCloseAndAssertReplies(311)) - start Stream48
2023-06-29 03:32:45,947 [pool-2-thread-13] INFO  datastream.DataStreamTestUtils (DataStreamTestUtils.java:writeAndCloseAndAssertReplies(311)) - start Stream49
2023-06-29 03:32:46,020 [pool-2-thread-5] INFO  datastream.DataStreamTestUtils (DataStreamTestUtils.java:writeAndCloseAndAssertReplies(320)) - Stream39: bytesWritten=3753237
2023-06-29 03:32:46,023 [pool-2-thread-10] INFO  datastream.DataStreamTestUtils (DataStreamTestUtils.java:writeAndCloseAndAssertReplies(320)) - Stream40: bytesWritten=3738722
2023-06-29 03:32:46,048 [s0-client-thread3] INFO  statemachine.StateMachine (DataStreamTestUtils.java:link(157)) - link SingleDataStream: writeRequest=RaftClientRequest:client-19C9DC7C8D43->s0@group-54B38F49E6BF, cid=37, seq=0, DataStream, Message:<EMPTY>, logEntry=null
2023-06-29 03:32:46,060 [pool-2-thread-16] INFO  datastream.DataStreamTestUtils (DataStreamTestUtils.java:writeAndCloseAndAssertReplies(311)) - start Stream50
2023-06-29 03:32:46,061 [s0-client-thread3] INFO  statemachine.StateMachine (DataStreamTestUtils.java:link(157)) - link SingleDataStream: writeRequest=RaftClientRequest:client-19C9DC7C8D43->s0@group-54B38F49E6BF, cid=35, seq=0, DataStream, Message:<EMPTY>, logEntry=null
2023-06-29 03:32:46,062 [pool-2-thread-14] INFO  datastream.DataStreamTestUtils (DataStreamTestUtils.java:writeAndCloseAndAssertReplies(320)) - Stream43: bytesWritten=3723631
2023-06-29 03:32:46,063 [pool-2-thread-15] INFO  datastream.DataStreamTestUtils (DataStreamTestUtils.java:writeAndCloseAndAssertReplies(311)) - start Stream51
2023-06-29 03:32:46,064 [s0-client-thread3] INFO  statemachine.StateMachine (DataStreamTestUtils.java:link(157)) - link SingleDataStream: writeRequest=RaftClientRequest:client-19C9DC7C8D43->s0@group-54B38F49E6BF, cid=38, seq=0, DataStream, Message:<EMPTY>, logEntry=null
2023-06-29 03:32:46,065 [pool-2-thread-11] INFO  datastream.DataStreamTestUtils (DataStreamTestUtils.java:writeAndCloseAndAssertReplies(311)) - start Stream52
2023-06-29 03:32:46,073 [s0-client-thread3] INFO  statemachine.StateMachine (DataStreamTestUtils.java:link(157)) - link SingleDataStream: writeRequest=RaftClientRequest:client-19C9DC7C8D43->s0@group-54B38F49E6BF, cid=39, seq=0, DataStream, Message:<EMPTY>, logEntry=null
2023-06-29 03:32:46,074 [s0-client-thread3] INFO  statemachine.StateMachine (DataStreamTestUtils.java:link(157)) - link SingleDataStream: writeRequest=RaftClientRequest:client-19C9DC7C8D43->s0@group-54B38F49E6BF, cid=40, seq=0, DataStream, Message:<EMPTY>, logEntry=null
2023-06-29 03:32:46,076 [pool-2-thread-5] INFO  datastream.DataStreamTestUtils (DataStreamTestUtils.java:writeAndCloseAndAssertReplies(311)) - start Stream53
2023-06-29 03:32:46,076 [pool-2-thread-10] INFO  datastream.DataStreamTestUtils (DataStreamTestUtils.java:writeAndCloseAndAssertReplies(311)) - start Stream54
2023-06-29 03:32:46,077 [s0-client-thread3] INFO  statemachine.StateMachine (DataStreamTestUtils.java:link(157)) - link SingleDataStream: writeRequest=RaftClientRequest:client-19C9DC7C8D43->s0@group-54B38F49E6BF, cid=43, seq=0, DataStream, Message:<EMPTY>, logEntry=null
2023-06-29 03:32:46,078 [pool-2-thread-14] INFO  datastream.DataStreamTestUtils (DataStreamTestUtils.java:writeAndCloseAndAssertReplies(311)) - start Stream55
2023-06-29 03:32:46,146 [pool-2-thread-9] INFO  datastream.DataStreamTestUtils (DataStreamTestUtils.java:writeAndCloseAndAssertReplies(311)) - start Stream41
2023-06-29 03:32:46,154 [pool-2-thread-9] INFO  datastream.DataStreamTestUtils (DataStreamTestUtils.java:writeAndCloseAndAssertReplies(320)) - Stream41: bytesWritten=725943
2023-06-29 03:32:46,156 [s0-client-thread3] INFO  statemachine.StateMachine (DataStreamTestUtils.java:link(157)) - link SingleDataStream: writeRequest=RaftClientRequest:client-C13EDB0BFCA4->s0@group-54B38F49E6BF, cid=41, seq=0, DataStream, Message:<EMPTY>, logEntry=null
2023-06-29 03:32:46,157 [pool-2-thread-9] INFO  datastream.DataStreamTestUtils (DataStreamTestUtils.java:writeAndCloseAndAssertReplies(311)) - start Stream56
2023-06-29 03:32:46,210 [pool-2-thread-9] INFO  datastream.DataStreamTestUtils (DataStreamTestUtils.java:writeAndCloseAndAssertReplies(320)) - Stream56: bytesWritten=687531
2023-06-29 03:32:46,216 [s0-client-thread3] INFO  statemachine.StateMachine (DataStreamTestUtils.java:link(157)) - link SingleDataStream: writeRequest=RaftClientRequest:client-C13EDB0BFCA4->s0@group-54B38F49E6BF, cid=56, seq=0, DataStream, Message:<EMPTY>, logEntry=null
2023-06-29 03:32:46,219 [pool-2-thread-9] INFO  datastream.DataStreamTestUtils (DataStreamTestUtils.java:writeAndCloseAndAssertReplies(311)) - start Stream57
2023-06-29 03:32:46,226 [pool-2-thread-9] INFO  datastream.DataStreamTestUtils (DataStreamTestUtils.java:writeAndCloseAndAssertReplies(320)) - Stream57: bytesWritten=801822
2023-06-29 03:32:46,233 [s0-client-thread3] INFO  statemachine.StateMachine (DataStreamTestUtils.java:link(157)) - link SingleDataStream: writeRequest=RaftClientRequest:client-C13EDB0BFCA4->s0@group-54B38F49E6BF, cid=57, seq=0, DataStream, Message:<EMPTY>, logEntry=null
2023-06-29 03:32:46,236 [pool-2-thread-9] INFO  datastream.DataStreamTestUtils (DataStreamTestUtils.java:writeAndCloseAndAssertReplies(311)) - start Stream58
2023-06-29 03:32:46,245 [pool-2-thread-9] INFO  datastream.DataStreamTestUtils (DataStreamTestUtils.java:writeAndCloseAndAssertReplies(320)) - Stream58: bytesWritten=650082
2023-06-29 03:32:46,246 [s0-client-thread3] INFO  statemachine.StateMachine (DataStreamTestUtils.java:link(157)) - link SingleDataStream: writeRequest=RaftClientRequest:client-C13EDB0BFCA4->s0@group-54B38F49E6BF, cid=58, seq=0, DataStream, Message:<EMPTY>, logEntry=null
2023-06-29 03:32:46,251 [pool-2-thread-9] INFO  datastream.DataStreamTestUtils (DataStreamTestUtils.java:writeAndCloseAndAssertReplies(311)) - start Stream59
2023-06-29 03:32:46,290 [pool-2-thread-9] INFO  datastream.DataStreamTestUtils (DataStreamTestUtils.java:writeAndCloseAndAssertReplies(320)) - Stream59: bytesWritten=821238
2023-06-29 03:32:46,293 [s0-client-thread3] INFO  statemachine.StateMachine (DataStreamTestUtils.java:link(157)) - link SingleDataStream: writeRequest=RaftClientRequest:client-C13EDB0BFCA4->s0@group-54B38F49E6BF, cid=59, seq=0, DataStream, Message:<EMPTY>, logEntry=null
2023-06-29 03:32:46,295 [pool-2-thread-9] INFO  datastream.DataStreamTestUtils (DataStreamTestUtils.java:writeAndCloseAndAssertReplies(311)) - start Stream60
2023-06-29 03:32:46,303 [pool-2-thread-9] INFO  datastream.DataStreamTestUtils (DataStreamTestUtils.java:writeAndCloseAndAssertReplies(320)) - Stream60: bytesWritten=777687
2023-06-29 03:32:46,305 [s0-client-thread3] INFO  statemachine.StateMachine (DataStreamTestUtils.java:link(157)) - link SingleDataStream: writeRequest=RaftClientRequest:client-C13EDB0BFCA4->s0@group-54B38F49E6BF, cid=60, seq=0, DataStream, Message:<EMPTY>, logEntry=null
2023-06-29 03:32:46,306 [pool-2-thread-9] INFO  datastream.DataStreamTestUtils (DataStreamTestUtils.java:writeAndCloseAndAssertReplies(311)) - start Stream61
2023-06-29 03:32:46,323 [pool-2-thread-9] INFO  datastream.DataStreamTestUtils (DataStreamTestUtils.java:writeAndCloseAndAssertReplies(320)) - Stream61: bytesWritten=714511
2023-06-29 03:32:46,327 [s0-client-thread3] INFO  statemachine.StateMachine (DataStreamTestUtils.java:link(157)) - link SingleDataStream: writeRequest=RaftClientRequest:client-C13EDB0BFCA4->s0@group-54B38F49E6BF, cid=61, seq=0, DataStream, Message:<EMPTY>, logEntry=null
2023-06-29 03:32:46,330 [pool-2-thread-9] INFO  datastream.DataStreamTestUtils (DataStreamTestUtils.java:writeAndCloseAndAssertReplies(311)) - start Stream62
2023-06-29 03:32:46,343 [pool-2-thread-9] INFO  datastream.DataStreamTestUtils (DataStreamTestUtils.java:writeAndCloseAndAssertReplies(320)) - Stream62: bytesWritten=804995
2023-06-29 03:32:46,345 [s0-client-thread3] INFO  statemachine.StateMachine (DataStreamTestUtils.java:link(157)) - link SingleDataStream: writeRequest=RaftClientRequest:client-C13EDB0BFCA4->s0@group-54B38F49E6BF, cid=62, seq=0, DataStream, Message:<EMPTY>, logEntry=null
2023-06-29 03:32:46,349 [pool-2-thread-9] INFO  datastream.DataStreamTestUtils (DataStreamTestUtils.java:writeAndCloseAndAssertReplies(311)) - start Stream63
2023-06-29 03:32:46,366 [pool-2-thread-9] INFO  datastream.DataStreamTestUtils (DataStreamTestUtils.java:writeAndCloseAndAssertReplies(320)) - Stream63: bytesWritten=800729
2023-06-29 03:32:46,369 [s0-client-thread3] INFO  statemachine.StateMachine (DataStreamTestUtils.java:link(157)) - link SingleDataStream: writeRequest=RaftClientRequest:client-C13EDB0BFCA4->s0@group-54B38F49E6BF, cid=63, seq=0, DataStream, Message:<EMPTY>, logEntry=null
2023-06-29 03:32:46,374 [pool-2-thread-9] INFO  datastream.DataStreamTestUtils (DataStreamTestUtils.java:writeAndCloseAndAssertReplies(311)) - start Stream5
2023-06-29 03:32:46,394 [pool-2-thread-9] INFO  datastream.DataStreamTestUtils (DataStreamTestUtils.java:writeAndCloseAndAssertReplies(320)) - Stream5: bytesWritten=772761
2023-06-29 03:32:46,407 [pool-2-thread-7] INFO  datastream.DataStreamTestUtils (DataStreamTestUtils.java:writeAndCloseAndAssertReplies(311)) - start Stream64
2023-06-29 03:32:46,413 [pool-2-thread-7] INFO  datastream.DataStreamTestUtils (DataStreamTestUtils.java:writeAndCloseAndAssertReplies(320)) - Stream64: bytesWritten=647348
2023-06-29 03:32:46,454 [s0-client-thread3] INFO  statemachine.StateMachine (DataStreamTestUtils.java:link(157)) - link SingleDataStream: writeRequest=RaftClientRequest:client-C11F167EA881->s0@group-54B38F49E6BF, cid=5, seq=0, DataStream, Message:<EMPTY>, logEntry=null
2023-06-29 03:32:46,455 [s0-client-thread3] INFO  statemachine.StateMachine (DataStreamTestUtils.java:link(157)) - link SingleDataStream: writeRequest=RaftClientRequest:client-C11F167EA881->s0@group-54B38F49E6BF, cid=64, seq=0, DataStream, Message:<EMPTY>, logEntry=null
2023-06-29 03:32:46,456 [pool-2-thread-9] INFO  datastream.DataStreamTestUtils (DataStreamTestUtils.java:writeAndCloseAndAssertReplies(311)) - start Stream65
2023-06-29 03:32:46,457 [pool-2-thread-7] INFO  datastream.DataStreamTestUtils (DataStreamTestUtils.java:writeAndCloseAndAssertReplies(311)) - start Stream66
2023-06-29 03:32:46,465 [pool-2-thread-9] INFO  datastream.DataStreamTestUtils (DataStreamTestUtils.java:writeAndCloseAndAssertReplies(320)) - Stream65: bytesWritten=793403
2023-06-29 03:32:46,466 [pool-2-thread-7] INFO  datastream.DataStreamTestUtils (DataStreamTestUtils.java:writeAndCloseAndAssertReplies(320)) - Stream66: bytesWritten=754296
2023-06-29 03:32:46,469 [s0-client-thread3] INFO  statemachine.StateMachine (DataStreamTestUtils.java:link(157)) - link SingleDataStream: writeRequest=RaftClientRequest:client-C11F167EA881->s0@group-54B38F49E6BF, cid=65, seq=0, DataStream, Message:<EMPTY>, logEntry=null
2023-06-29 03:32:46,470 [s0-client-thread3] INFO  statemachine.StateMachine (DataStreamTestUtils.java:link(157)) - link SingleDataStream: writeRequest=RaftClientRequest:client-C11F167EA881->s0@group-54B38F49E6BF, cid=66, seq=0, DataStream, Message:<EMPTY>, logEntry=null
2023-06-29 03:32:46,478 [pool-2-thread-9] INFO  datastream.DataStreamTestUtils (DataStreamTestUtils.java:writeAndCloseAndAssertReplies(311)) - start Stream67
2023-06-29 03:32:46,480 [pool-2-thread-7] INFO  datastream.DataStreamTestUtils (DataStreamTestUtils.java:writeAndCloseAndAssertReplies(311)) - start Stream68
2023-06-29 03:32:46,487 [pool-2-thread-7] INFO  datastream.DataStreamTestUtils (DataStreamTestUtils.java:writeAndCloseAndAssertReplies(320)) - Stream68: bytesWritten=738071
2023-06-29 03:32:46,491 [pool-2-thread-9] INFO  datastream.DataStreamTestUtils (DataStreamTestUtils.java:writeAndCloseAndAssertReplies(320)) - Stream67: bytesWritten=792015
2023-06-29 03:32:46,491 [s0-client-thread3] INFO  statemachine.StateMachine (DataStreamTestUtils.java:link(157)) - link SingleDataStream: writeRequest=RaftClientRequest:client-C11F167EA881->s0@group-54B38F49E6BF, cid=68, seq=0, DataStream, Message:<EMPTY>, logEntry=null
2023-06-29 03:32:46,493 [s0-client-thread3] INFO  statemachine.StateMachine (DataStreamTestUtils.java:link(157)) - link SingleDataStream: writeRequest=RaftClientRequest:client-C11F167EA881->s0@group-54B38F49E6BF, cid=67, seq=0, DataStream, Message:<EMPTY>, logEntry=null
2023-06-29 03:32:46,494 [pool-2-thread-7] INFO  datastream.DataStreamTestUtils (DataStreamTestUtils.java:writeAndCloseAndAssertReplies(311)) - start Stream69
2023-06-29 03:32:46,497 [pool-2-thread-9] INFO  datastream.DataStreamTestUtils (DataStreamTestUtils.java:writeAndCloseAndAssertReplies(311)) - start Stream70
2023-06-29 03:32:46,500 [pool-2-thread-7] INFO  datastream.DataStreamTestUtils (DataStreamTestUtils.java:writeAndCloseAndAssertReplies(320)) - Stream69: bytesWritten=739690
2023-06-29 03:32:46,501 [s0-client-thread3] INFO  statemachine.StateMachine (DataStreamTestUtils.java:link(157)) - link SingleDataStream: writeRequest=RaftClientRequest:client-C11F167EA881->s0@group-54B38F49E6BF, cid=69, seq=0, DataStream, Message:<EMPTY>, logEntry=null
2023-06-29 03:32:46,503 [pool-2-thread-9] INFO  datastream.DataStreamTestUtils (DataStreamTestUtils.java:writeAndCloseAndAssertReplies(320)) - Stream70: bytesWritten=715434
2023-06-29 03:32:46,505 [s0-client-thread3] INFO  statemachine.StateMachine (DataStreamTestUtils.java:link(157)) - link SingleDataStream: writeRequest=RaftClientRequest:client-C11F167EA881->s0@group-54B38F49E6BF, cid=70, seq=0, DataStream, Message:<EMPTY>, logEntry=null
2023-06-29 03:32:46,505 [pool-2-thread-7] INFO  datastream.DataStreamTestUtils (DataStreamTestUtils.java:writeAndCloseAndAssertReplies(311)) - start Stream71
2023-06-29 03:32:46,506 [pool-2-thread-9] INFO  datastream.DataStreamTestUtils (DataStreamTestUtils.java:writeAndCloseAndAssertReplies(311)) - start Stream72
2023-06-29 03:32:46,515 [pool-2-thread-9] INFO  datastream.DataStreamTestUtils (DataStreamTestUtils.java:writeAndCloseAndAssertReplies(320)) - Stream72: bytesWritten=772175
2023-06-29 03:32:46,518 [s0-client-thread3] INFO  statemachine.StateMachine (DataStreamTestUtils.java:link(157)) - link SingleDataStream: writeRequest=RaftClientRequest:client-C11F167EA881->s0@group-54B38F49E6BF, cid=72, seq=0, DataStream, Message:<EMPTY>, logEntry=null
2023-06-29 03:32:46,518 [pool-2-thread-7] INFO  datastream.DataStreamTestUtils (DataStreamTestUtils.java:writeAndCloseAndAssertReplies(320)) - Stream71: bytesWritten=705274
2023-06-29 03:32:46,520 [s0-client-thread3] INFO  statemachine.StateMachine (DataStreamTestUtils.java:link(157)) - link SingleDataStream: writeRequest=RaftClientRequest:client-C11F167EA881->s0@group-54B38F49E6BF, cid=71, seq=0, DataStream, Message:<EMPTY>, logEntry=null
2023-06-29 03:32:46,520 [pool-2-thread-9] INFO  datastream.DataStreamTestUtils (DataStreamTestUtils.java:writeAndCloseAndAssertReplies(311)) - start Stream42
2023-06-29 03:32:46,522 [pool-2-thread-7] INFO  datastream.DataStreamTestUtils (DataStreamTestUtils.java:writeAndCloseAndAssertReplies(311)) - start Stream73
2023-06-29 03:32:46,538 [pool-2-thread-7] INFO  datastream.DataStreamTestUtils (DataStreamTestUtils.java:writeAndCloseAndAssertReplies(320)) - Stream73: bytesWritten=735115
2023-06-29 03:32:46,538 [pool-2-thread-9] INFO  datastream.DataStreamTestUtils (DataStreamTestUtils.java:writeAndCloseAndAssertReplies(320)) - Stream42: bytesWritten=820123
2023-06-29 03:32:46,539 [s0-client-thread3] INFO  statemachine.StateMachine (DataStreamTestUtils.java:link(157)) - link SingleDataStream: writeRequest=RaftClientRequest:client-E9B93A903F25->s0@group-54B38F49E6BF, cid=73, seq=0, DataStream, Message:<EMPTY>, logEntry=null
2023-06-29 03:32:46,541 [s0-client-thread3] INFO  statemachine.StateMachine (DataStreamTestUtils.java:link(157)) - link SingleDataStream: writeRequest=RaftClientRequest:client-E9B93A903F25->s0@group-54B38F49E6BF, cid=42, seq=0, DataStream, Message:<EMPTY>, logEntry=null
2023-06-29 03:32:46,542 [pool-2-thread-7] INFO  datastream.DataStreamTestUtils (DataStreamTestUtils.java:writeAndCloseAndAssertReplies(311)) - start Stream74
2023-06-29 03:32:46,542 [pool-2-thread-9] INFO  datastream.DataStreamTestUtils (DataStreamTestUtils.java:writeAndCloseAndAssertReplies(311)) - start Stream75
2023-06-29 03:32:46,550 [pool-2-thread-7] INFO  datastream.DataStreamTestUtils (DataStreamTestUtils.java:writeAndCloseAndAssertReplies(320)) - Stream74: bytesWritten=805490
2023-06-29 03:32:46,552 [s0-client-thread3] INFO  statemachine.StateMachine (DataStreamTestUtils.java:link(157)) - link SingleDataStream: writeRequest=RaftClientRequest:client-E9B93A903F25->s0@group-54B38F49E6BF, cid=74, seq=0, DataStream, Message:<EMPTY>, logEntry=null
2023-06-29 03:32:46,555 [pool-2-thread-7] INFO  datastream.DataStreamTestUtils (DataStreamTestUtils.java:writeAndCloseAndAssertReplies(311)) - start Stream76
2023-06-29 03:32:46,556 [pool-2-thread-9] INFO  datastream.DataStreamTestUtils (DataStreamTestUtils.java:writeAndCloseAndAssertReplies(320)) - Stream75: bytesWritten=728425
2023-06-29 03:32:46,558 [s0-client-thread3] INFO  statemachine.StateMachine (DataStreamTestUtils.java:link(157)) - link SingleDataStream: writeRequest=RaftClientRequest:client-E9B93A903F25->s0@group-54B38F49E6BF, cid=75, seq=0, DataStream, Message:<EMPTY>, logEntry=null
2023-06-29 03:32:46,563 [pool-2-thread-8] INFO  datastream.DataStreamTestUtils (DataStreamTestUtils.java:writeAndCloseAndAssertReplies(311)) - start Stream77
2023-06-29 03:32:46,575 [pool-2-thread-9] INFO  datastream.DataStreamTestUtils (DataStreamTestUtils.java:writeAndCloseAndAssertReplies(311)) - start Stream78
2023-06-29 03:32:46,581 [pool-2-thread-7] INFO  datastream.DataStreamTestUtils (DataStreamTestUtils.java:writeAndCloseAndAssertReplies(320)) - Stream76: bytesWritten=692407
2023-06-29 03:32:46,582 [pool-2-thread-9] INFO  datastream.DataStreamTestUtils (DataStreamTestUtils.java:writeAndCloseAndAssertReplies(320)) - Stream78: bytesWritten=743389
2023-06-29 03:32:46,581 [pool-2-thread-8] INFO  datastream.DataStreamTestUtils (DataStreamTestUtils.java:writeAndCloseAndAssertReplies(320)) - Stream77: bytesWritten=693943
2023-06-29 03:32:46,583 [s0-client-thread3] INFO  statemachine.StateMachine (DataStreamTestUtils.java:link(157)) - link SingleDataStream: writeRequest=RaftClientRequest:client-E9B93A903F25->s0@group-54B38F49E6BF, cid=76, seq=0, DataStream, Message:<EMPTY>, logEntry=null
2023-06-29 03:32:46,585 [pool-2-thread-7] INFO  datastream.DataStreamTestUtils (DataStreamTestUtils.java:writeAndCloseAndAssertReplies(311)) - start Stream79
2023-06-29 03:32:46,586 [s0-client-thread3] INFO  statemachine.StateMachine (DataStreamTestUtils.java:link(157)) - link SingleDataStream: writeRequest=RaftClientRequest:client-E9B93A903F25->s0@group-54B38F49E6BF, cid=77, seq=0, DataStream, Message:<EMPTY>, logEntry=null
2023-06-29 03:32:46,588 [pool-2-thread-8] INFO  datastream.DataStreamTestUtils (DataStreamTestUtils.java:writeAndCloseAndAssertReplies(311)) - start Stream80
2023-06-29 03:32:46,596 [pool-2-thread-7] INFO  datastream.DataStreamTestUtils (DataStreamTestUtils.java:writeAndCloseAndAssertReplies(320)) - Stream79: bytesWritten=692228
2023-06-29 03:32:46,597 [pool-2-thread-8] INFO  datastream.DataStreamTestUtils (DataStreamTestUtils.java:writeAndCloseAndAssertReplies(320)) - Stream80: bytesWritten=742805
2023-06-29 03:32:46,598 [s0-client-thread3] INFO  statemachine.StateMachine (DataStreamTestUtils.java:link(157)) - link SingleDataStream: writeRequest=RaftClientRequest:client-E9B93A903F25->s0@group-54B38F49E6BF, cid=79, seq=0, DataStream, Message:<EMPTY>, logEntry=null
2023-06-29 03:32:46,600 [pool-2-thread-7] INFO  datastream.DataStreamTestUtils (DataStreamTestUtils.java:writeAndCloseAndAssertReplies(311)) - start Stream4
2023-06-29 03:32:46,606 [s0-client-thread3] INFO  statemachine.StateMachine (DataStreamTestUtils.java:link(157)) - link SingleDataStream: writeRequest=RaftClientRequest:client-E9B93A903F25->s0@group-54B38F49E6BF, cid=80, seq=0, DataStream, Message:<EMPTY>, logEntry=null
2023-06-29 03:32:46,608 [s0-client-thread3] INFO  statemachine.StateMachine (DataStreamTestUtils.java:link(157)) - link SingleDataStream: writeRequest=RaftClientRequest:client-E9B93A903F25->s0@group-54B38F49E6BF, cid=78, seq=0, DataStream, Message:<EMPTY>, logEntry=null
2023-06-29 03:32:46,611 [pool-2-thread-8] INFO  datastream.DataStreamTestUtils (DataStreamTestUtils.java:writeAndCloseAndAssertReplies(311)) - start Stream81
2023-06-29 03:32:46,613 [pool-2-thread-9] INFO  datastream.DataStreamTestUtils (DataStreamTestUtils.java:writeAndCloseAndAssertReplies(311)) - start Stream82
2023-06-29 03:32:46,631 [pool-2-thread-4] INFO  datastream.DataStreamTestUtils (DataStreamTestUtils.java:writeAndCloseAndAssertReplies(311)) - start Stream83
2023-06-29 03:32:47,026 [pool-2-thread-7] INFO  datastream.DataStreamTestUtils (DataStreamTestUtils.java:writeAndCloseAndAssertReplies(320)) - Stream4: bytesWritten=690160
2023-06-29 03:32:47,058 [pool-2-thread-8] INFO  datastream.DataStreamTestUtils (DataStreamTestUtils.java:writeAndCloseAndAssertReplies(320)) - Stream81: bytesWritten=815387
2023-06-29 03:32:47,125 [pool-2-thread-9] INFO  datastream.DataStreamTestUtils (DataStreamTestUtils.java:writeAndCloseAndAssertReplies(320)) - Stream82: bytesWritten=732316
2023-06-29 03:32:47,126 [pool-2-thread-4] INFO  datastream.DataStreamTestUtils (DataStreamTestUtils.java:writeAndCloseAndAssertReplies(320)) - Stream83: bytesWritten=734348
2023-06-29 03:32:47,134 [pool-2-thread-12] INFO  datastream.DataStreamTestUtils (DataStreamTestUtils.java:writeAndCloseAndAssertReplies(320)) - Stream48: bytesWritten=3717712
2023-06-29 03:32:47,141 [s0-client-thread3] INFO  statemachine.StateMachine (DataStreamTestUtils.java:link(157)) - link SingleDataStream: writeRequest=RaftClientRequest:client-F0B7167FA2F9->s0@group-54B38F49E6BF, cid=4, seq=0, DataStream, Message:<EMPTY>, logEntry=null
2023-06-29 03:32:47,142 [s0-client-thread3] INFO  statemachine.StateMachine (DataStreamTestUtils.java:link(157)) - link SingleDataStream: writeRequest=RaftClientRequest:client-F0B7167FA2F9->s0@group-54B38F49E6BF, cid=81, seq=0, DataStream, Message:<EMPTY>, logEntry=null
2023-06-29 03:32:47,144 [pool-2-thread-7] INFO  datastream.DataStreamTestUtils (DataStreamTestUtils.java:writeAndCloseAndAssertReplies(311)) - start Stream84
2023-06-29 03:32:47,147 [pool-2-thread-8] INFO  datastream.DataStreamTestUtils (DataStreamTestUtils.java:writeAndCloseAndAssertReplies(311)) - start Stream85
2023-06-29 03:32:47,219 [s0-client-thread3] INFO  statemachine.StateMachine (DataStreamTestUtils.java:link(157)) - link SingleDataStream: writeRequest=RaftClientRequest:client-F0B7167FA2F9->s0@group-54B38F49E6BF, cid=82, seq=0, DataStream, Message:<EMPTY>, logEntry=null
2023-06-29 03:32:47,221 [pool-2-thread-9] INFO  datastream.DataStreamTestUtils (DataStreamTestUtils.java:writeAndCloseAndAssertReplies(311)) - start Stream86
2023-06-29 03:32:47,224 [s0-client-thread3] INFO  statemachine.StateMachine (DataStreamTestUtils.java:link(157)) - link SingleDataStream: writeRequest=RaftClientRequest:client-F0B7167FA2F9->s0@group-54B38F49E6BF, cid=83, seq=0, DataStream, Message:<EMPTY>, logEntry=null
2023-06-29 03:32:47,226 [pool-2-thread-4] INFO  datastream.DataStreamTestUtils (DataStreamTestUtils.java:writeAndCloseAndAssertReplies(311)) - start Stream87
2023-06-29 03:32:47,306 [pool-2-thread-8] INFO  datastream.DataStreamTestUtils (DataStreamTestUtils.java:writeAndCloseAndAssertReplies(320)) - Stream85: bytesWritten=795987
2023-06-29 03:32:47,307 [pool-2-thread-7] INFO  datastream.DataStreamTestUtils (DataStreamTestUtils.java:writeAndCloseAndAssertReplies(320)) - Stream84: bytesWritten=792131
2023-06-29 03:32:47,324 [pool-2-thread-13] INFO  datastream.DataStreamTestUtils (DataStreamTestUtils.java:writeAndCloseAndAssertReplies(320)) - Stream49: bytesWritten=3729418
2023-06-29 03:32:47,366 [pool-2-thread-9] INFO  datastream.DataStreamTestUtils (DataStreamTestUtils.java:writeAndCloseAndAssertReplies(320)) - Stream86: bytesWritten=772128
2023-06-29 03:32:47,366 [pool-2-thread-4] INFO  datastream.DataStreamTestUtils (DataStreamTestUtils.java:writeAndCloseAndAssertReplies(320)) - Stream87: bytesWritten=677434
2023-06-29 03:32:47,368 [s0-client-thread3] INFO  statemachine.StateMachine (DataStreamTestUtils.java:link(157)) - link SingleDataStream: writeRequest=RaftClientRequest:client-F0B7167FA2F9->s0@group-54B38F49E6BF, cid=85, seq=0, DataStream, Message:<EMPTY>, logEntry=null
2023-06-29 03:32:47,372 [pool-2-thread-8] INFO  datastream.DataStreamTestUtils (DataStreamTestUtils.java:writeAndCloseAndAssertReplies(311)) - start Stream88
2023-06-29 03:32:47,374 [s0-client-thread3] INFO  statemachine.StateMachine (DataStreamTestUtils.java:link(157)) - link SingleDataStream: writeRequest=RaftClientRequest:client-F0B7167FA2F9->s0@group-54B38F49E6BF, cid=84, seq=0, DataStream, Message:<EMPTY>, logEntry=null
2023-06-29 03:32:47,376 [pool-2-thread-7] INFO  datastream.DataStreamTestUtils (DataStreamTestUtils.java:writeAndCloseAndAssertReplies(311)) - start Stream89
2023-06-29 03:32:47,438 [s0-client-thread3] INFO  statemachine.StateMachine (DataStreamTestUtils.java:link(157)) - link SingleDataStream: writeRequest=RaftClientRequest:client-F0B7167FA2F9->s0@group-54B38F49E6BF, cid=86, seq=0, DataStream, Message:<EMPTY>, logEntry=null
2023-06-29 03:32:47,441 [s0-client-thread3] INFO  statemachine.StateMachine (DataStreamTestUtils.java:link(157)) - link SingleDataStream: writeRequest=RaftClientRequest:client-F0B7167FA2F9->s0@group-54B38F49E6BF, cid=87, seq=0, DataStream, Message:<EMPTY>, logEntry=null
2023-06-29 03:32:47,501 [pool-2-thread-7] INFO  datastream.DataStreamTestUtils (DataStreamTestUtils.java:writeAndCloseAndAssertReplies(320)) - Stream89: bytesWritten=696683
2023-06-29 03:32:47,501 [pool-2-thread-8] INFO  datastream.DataStreamTestUtils (DataStreamTestUtils.java:writeAndCloseAndAssertReplies(320)) - Stream88: bytesWritten=808873
2023-06-29 03:32:47,558 [s0-client-thread3] INFO  statemachine.StateMachine (DataStreamTestUtils.java:link(157)) - link SingleDataStream: writeRequest=RaftClientRequest:client-F0B7167FA2F9->s0@group-54B38F49E6BF, cid=89, seq=0, DataStream, Message:<EMPTY>, logEntry=null
2023-06-29 03:32:47,562 [s0-client-thread3] INFO  statemachine.StateMachine (DataStreamTestUtils.java:link(157)) - link SingleDataStream: writeRequest=RaftClientRequest:client-F0B7167FA2F9->s0@group-54B38F49E6BF, cid=88, seq=0, DataStream, Message:<EMPTY>, logEntry=null
2023-06-29 03:32:47,960 [pool-2-thread-5] INFO  datastream.DataStreamTestUtils (DataStreamTestUtils.java:writeAndCloseAndAssertReplies(320)) - Stream53: bytesWritten=3744371
2023-06-29 03:32:48,150 [pool-2-thread-16] INFO  datastream.DataStreamTestUtils (DataStreamTestUtils.java:writeAndCloseAndAssertReplies(320)) - Stream50: bytesWritten=3756119
2023-06-29 03:32:48,211 [pool-2-thread-14] INFO  datastream.DataStreamTestUtils (DataStreamTestUtils.java:writeAndCloseAndAssertReplies(320)) - Stream55: bytesWritten=3751081
2023-06-29 03:32:48,321 [pool-2-thread-11] INFO  datastream.DataStreamTestUtils (DataStreamTestUtils.java:writeAndCloseAndAssertReplies(320)) - Stream52: bytesWritten=3745530
2023-06-29 03:32:48,323 [pool-2-thread-10] INFO  datastream.DataStreamTestUtils (DataStreamTestUtils.java:writeAndCloseAndAssertReplies(320)) - Stream54: bytesWritten=3732925
2023-06-29 03:32:48,332 [s0-client-thread3] INFO  statemachine.StateMachine (DataStreamTestUtils.java:link(157)) - link SingleDataStream: writeRequest=RaftClientRequest:client-798EC160BB53->s0@group-54B38F49E6BF, cid=50, seq=0, DataStream, Message:<EMPTY>, logEntry=null
2023-06-29 03:32:48,339 [s0-client-thread3] INFO  statemachine.StateMachine (DataStreamTestUtils.java:link(157)) - link SingleDataStream: writeRequest=RaftClientRequest:client-798EC160BB53->s0@group-54B38F49E6BF, cid=55, seq=0, DataStream, Message:<EMPTY>, logEntry=null
2023-06-29 03:32:48,345 [s0-client-thread3] INFO  statemachine.StateMachine (DataStreamTestUtils.java:link(157)) - link SingleDataStream: writeRequest=RaftClientRequest:client-798EC160BB53->s0@group-54B38F49E6BF, cid=53, seq=0, DataStream, Message:<EMPTY>, logEntry=null
2023-06-29 03:32:48,347 [s0-client-thread3] INFO  statemachine.StateMachine (DataStreamTestUtils.java:link(157)) - link SingleDataStream: writeRequest=RaftClientRequest:client-798EC160BB53->s0@group-54B38F49E6BF, cid=49, seq=0, DataStream, Message:<EMPTY>, logEntry=null
2023-06-29 03:32:48,349 [s0-client-thread3] INFO  statemachine.StateMachine (DataStreamTestUtils.java:link(157)) - link SingleDataStream: writeRequest=RaftClientRequest:client-798EC160BB53->s0@group-54B38F49E6BF, cid=48, seq=0, DataStream, Message:<EMPTY>, logEntry=null
2023-06-29 03:32:48,350 [pool-2-thread-15] INFO  datastream.DataStreamTestUtils (DataStreamTestUtils.java:writeAndCloseAndAssertReplies(320)) - Stream51: bytesWritten=3753540
2023-06-29 03:32:48,354 [s0-client-thread3] INFO  statemachine.StateMachine (DataStreamTestUtils.java:link(157)) - link SingleDataStream: writeRequest=RaftClientRequest:client-798EC160BB53->s0@group-54B38F49E6BF, cid=52, seq=0, DataStream, Message:<EMPTY>, logEntry=null
2023-06-29 03:32:48,356 [s0-client-thread3] INFO  statemachine.StateMachine (DataStreamTestUtils.java:link(157)) - link SingleDataStream: writeRequest=RaftClientRequest:client-798EC160BB53->s0@group-54B38F49E6BF, cid=54, seq=0, DataStream, Message:<EMPTY>, logEntry=null
2023-06-29 03:32:48,358 [s0-client-thread3] INFO  statemachine.StateMachine (DataStreamTestUtils.java:link(157)) - link SingleDataStream: writeRequest=RaftClientRequest:client-798EC160BB53->s0@group-54B38F49E6BF, cid=51, seq=0, DataStream, Message:<EMPTY>, logEntry=null
2023-06-29 03:32:48,400 [Time-limited test] INFO  impl.MiniRaftCluster (MiniRaftCluster.java:shutdown(831)) - ************************************************************** 
2023-06-29 03:32:48,400 [Time-limited test] INFO  impl.MiniRaftCluster (MiniRaftCluster.java:shutdown(832)) - *** 
2023-06-29 03:32:48,400 [Time-limited test] INFO  impl.MiniRaftCluster (MiniRaftCluster.java:shutdown(833)) - ***     Stopping MiniRaftClusterWithRpcTypeGrpcAndDataStreamTypeNetty
2023-06-29 03:32:48,400 [Time-limited test] INFO  impl.MiniRaftCluster (MiniRaftCluster.java:shutdown(834)) - *** 
2023-06-29 03:32:48,400 [Time-limited test] INFO  impl.MiniRaftCluster (MiniRaftCluster.java:shutdown(835)) - ************************************************************** 
2023-06-29 03:32:48,400 [Time-limited test] INFO  impl.MiniRaftCluster (MiniRaftCluster.java:shutdown(836)) - printing ALL groups
  s0:  RUNNING    LEADER s0@group-54B38F49E6BF:t1, leader=s0, voted=s0, raftlog=Memoized:s0@group-54B38F49E6BF-SegmentedRaftLog:OPENED:c175, conf=0: peers:[s0|rpc:localhost:41263|admin:localhost:39653|client:localhost:37713|dataStream:localhost:38979|priority:0|startupRole:FOLLOWER]|listeners:[], old=null RUNNING
2023-06-29 03:32:48,407 [MiniRaftCluster-1] INFO  server.RaftServer (RaftServerProxy.java:lambda$close$7(417)) - s0: close
2023-06-29 03:32:48,408 [s0-impl-thread1] INFO  server.RaftServer$Division (RaftServerImpl.java:lambda$close$3(508)) - s0@group-54B38F49E6BF: shutdown
2023-06-29 03:32:48,408 [s0-impl-thread1] INFO  util.JmxRegister (JmxRegister.java:unregister(73)) - Successfully un-registered JMX Bean with object name Ratis:service=RaftServer,group=group-54B38F49E6BF,id=s0
2023-06-29 03:32:48,408 [s0-impl-thread1] INFO  impl.RoleInfo (RoleInfo.java:shutdownLeaderState(93)) - s0: shutdown s0@group-54B38F49E6BF-LeaderStateImpl
2023-06-29 03:32:48,409 [s0-impl-thread1] INFO  impl.PendingRequests (PendingRequests.java:sendNotLeaderResponses(289)) - s0@group-54B38F49E6BF-PendingRequests: sendNotLeaderResponses
2023-06-29 03:32:48,410 [s0-impl-thread1] INFO  impl.StateMachineUpdater (StateMachineUpdater.java:stopAndJoin(154)) - s0@group-54B38F49E6BF-StateMachineUpdater: set stopIndex = 175
2023-06-29 03:32:48,411 [s0-impl-thread1] INFO  server.RaftServer$Division (ServerState.java:close(415)) - s0@group-54B38F49E6BF: applyIndex: 175
2023-06-29 03:32:48,412 [MiniRaftCluster-1] INFO  server.GrpcService (GrpcService.java:closeImpl(311)) - s0: shutdown server org.apache.ratis.grpc.server.GrpcClientProtocolService now
2023-06-29 03:32:48,415 [MiniRaftCluster-1] INFO  server.GrpcService (GrpcService.java:closeImpl(320)) - s0: shutdown server org.apache.ratis.grpc.server.GrpcClientProtocolService successfully
2023-06-29 03:32:48,416 [MiniRaftCluster-1] INFO  server.GrpcService (GrpcService.java:closeImpl(311)) - s0: shutdown server GrpcServerProtocolService now
2023-06-29 03:32:48,418 [MiniRaftCluster-1] INFO  server.GrpcService (GrpcService.java:closeImpl(320)) - s0: shutdown server GrpcServerProtocolService successfully
2023-06-29 03:32:48,419 [MiniRaftCluster-1] INFO  server.GrpcService (GrpcService.java:closeImpl(311)) - s0: shutdown server org.apache.ratis.grpc.server.GrpcAdminProtocolService now
2023-06-29 03:32:48,426 [MiniRaftCluster-1] INFO  server.GrpcService (GrpcService.java:closeImpl(320)) - s0: shutdown server org.apache.ratis.grpc.server.GrpcAdminProtocolService successfully
2023-06-29 03:32:48,427 [s0-NettyServerStreamRpc-bossGroup--thread1] INFO  logging.LoggingHandler (AbstractInternalLogger.java:log(148)) - [id: 0x1a877b05, L:0.0.0.0/0.0.0.0:38979] CLOSE
2023-06-29 03:32:48,427 [s0-NettyServerStreamRpc-bossGroup--thread1] INFO  logging.LoggingHandler (AbstractInternalLogger.java:log(148)) - [id: 0x1a877b05, L:0.0.0.0/0.0.0.0:38979] INACTIVE
2023-06-29 03:32:48,427 [s0-NettyServerStreamRpc-bossGroup--thread1] INFO  logging.LoggingHandler (AbstractInternalLogger.java:log(148)) - [id: 0x1a877b05, L:0.0.0.0/0.0.0.0:38979] UNREGISTERED
2023-06-29 03:32:49,361 [s0-impl-thread1] INFO  segmented.SegmentedRaftLogWorker (SegmentedRaftLogWorker.java:close(242)) - s0@group-54B38F49E6BF-SegmentedRaftLogWorker close()
2023-06-29 03:32:49,363 [JvmPauseMonitor0] INFO  util.JvmPauseMonitor (JvmPauseMonitor.java:run(109)) - JvmPauseMonitor-s0: Stopped
2023-06-29 03:32:49,364 [Time-limited test] INFO  impl.MiniRaftCluster (MiniRaftCluster.java:shutdown(855)) - MiniRaftClusterWithRpcTypeGrpcAndDataStreamTypeNetty shutdown completed
]]></system-out>
  </testcase>
  <testcase name="testMultipleStreamsMultipleServers" classname="org.apache.ratis.datastream.TestNettyDataStreamStarTopologyWithGrpcCluster" time="55.63">
    <system-out><![CDATA[2023-06-29 03:32:49,365 [main] INFO  util.LogUtils (Slf4jUtils.java:setLogLevel(38)) - Successfully set org.apache.ratis.conf.ConfUtils log level to WARN
2023-06-29 03:32:49,366 [main] INFO  util.LogUtils (Slf4jUtils.java:setLogLevel(38)) - Successfully set org.apache.ratis.util.FileUtils log level to TRACE
2023-06-29 03:32:49,368 [Time-limited test] INFO  server.RaftServerConfigKeys (ConfUtils.java:logGet(46)) - raft.server.rpc.timeout.min = 150ms (default)
2023-06-29 03:32:49,369 [Time-limited test] INFO  server.RaftServerConfigKeys (ConfUtils.java:logGet(46)) - raft.server.rpc.timeout.max = 300ms (default)
2023-06-29 03:32:49,369 [Time-limited test] INFO  impl.MiniRaftCluster (MiniRaftCluster.java:runWithNewCluster(135)) - Running runWithNewCluster
2023-06-29 03:32:49,370 [Time-limited test] INFO  impl.MiniRaftCluster (MiniRaftCluster.java:<init>(306)) - new MiniRaftClusterWithRpcTypeGrpcAndDataStreamTypeNetty with group-09709D41B0DB:[s0|rpc:localhost:34083|admin:localhost:38787|client:localhost:33075|dataStream:localhost:39011|priority:0|startupRole:FOLLOWER, s1|rpc:localhost:33139|admin:localhost:43529|client:localhost:45027|dataStream:localhost:36939|priority:0|startupRole:FOLLOWER, s2|rpc:localhost:38471|admin:localhost:33067|client:localhost:37939|dataStream:localhost:44447|priority:0|startupRole:FOLLOWER]
2023-06-29 03:32:49,370 [Time-limited test] INFO  impl.MiniRaftCluster (MiniRaftCluster.java:start(339)) - .............................................................. 
2023-06-29 03:32:49,373 [Time-limited test] INFO  impl.MiniRaftCluster (MiniRaftCluster.java:start(340)) - ... 
2023-06-29 03:32:49,373 [Time-limited test] INFO  impl.MiniRaftCluster (MiniRaftCluster.java:start(341)) - ...     Starting MiniRaftClusterWithRpcTypeGrpcAndDataStreamTypeNetty
2023-06-29 03:32:49,373 [Time-limited test] INFO  impl.MiniRaftCluster (MiniRaftCluster.java:start(342)) - ... 
2023-06-29 03:32:49,373 [Time-limited test] INFO  impl.MiniRaftCluster (MiniRaftCluster.java:start(343)) - .............................................................. 
2023-06-29 03:32:49,373 [Time-limited test] INFO  impl.MiniRaftCluster (MiniRaftCluster.java:initServers(318)) - servers = {}
2023-06-29 03:32:49,373 [Time-limited test] INFO  impl.MiniRaftCluster (MiniRaftCluster.java:newRaftServer(382)) - newRaftServer: s0, group-09709D41B0DB:[s0|rpc:localhost:34083|admin:localhost:38787|client:localhost:33075|dataStream:localhost:39011|priority:0|startupRole:FOLLOWER, s1|rpc:localhost:33139|admin:localhost:43529|client:localhost:45027|dataStream:localhost:36939|priority:0|startupRole:FOLLOWER, s2|rpc:localhost:38471|admin:localhost:33067|client:localhost:37939|dataStream:localhost:44447|priority:0|startupRole:FOLLOWER], format? true
2023-06-29 03:32:49,373 [Time-limited test] TRACE util.FileUtils (FileUtils.java:deleteFully(201)) - deleteFully target/test/data/ad2395e4/MiniRaftClusterWithRpcTypeGrpcAndDataStreamTypeNetty94e9b14/s0
2023-06-29 03:32:49,373 [Time-limited test] TRACE util.FileUtils (FileUtils.java:deleteFully(217)) - deleteFully: target/test/data/ad2395e4/MiniRaftClusterWithRpcTypeGrpcAndDataStreamTypeNetty94e9b14/s0 does not exist.
2023-06-29 03:32:49,373 [Time-limited test] INFO  impl.MiniRaftCluster (MiniRaftCluster.java:newRaftServer(387)) - Formatted directory target/test/data/ad2395e4/MiniRaftClusterWithRpcTypeGrpcAndDataStreamTypeNetty94e9b14/s0
2023-06-29 03:32:49,373 [Time-limited test] INFO  server.RaftServer (ConfUtils.java:logGet(46)) - raft.rpc.type = GRPC (default)
2023-06-29 03:32:49,378 [Time-limited test] INFO  grpc.GrpcConfigKeys (ConfUtils.java:logFallback(53)) - raft.grpc.admin.host = null (fallback to raft.grpc.server.host)
2023-06-29 03:32:49,378 [Time-limited test] INFO  grpc.GrpcConfigKeys (ConfUtils.java:logGet(46)) - raft.grpc.admin.port = 38787 (custom)
2023-06-29 03:32:49,378 [Time-limited test] INFO  grpc.GrpcConfigKeys (ConfUtils.java:logFallback(53)) - raft.grpc.client.host = null (fallback to raft.grpc.server.host)
2023-06-29 03:32:49,378 [Time-limited test] INFO  grpc.GrpcConfigKeys (ConfUtils.java:logGet(46)) - raft.grpc.client.port = 33075 (custom)
2023-06-29 03:32:49,378 [Time-limited test] INFO  grpc.GrpcConfigKeys (ConfUtils.java:logGet(46)) - raft.grpc.server.host = null (default)
2023-06-29 03:32:49,378 [Time-limited test] INFO  grpc.GrpcConfigKeys (ConfUtils.java:logGet(46)) - raft.grpc.server.port = 34083 (custom)
2023-06-29 03:32:49,378 [Time-limited test] INFO  server.GrpcService (ConfUtils.java:logGet(46)) - raft.grpc.message.size.max = 64MB (=67108864) (default)
2023-06-29 03:32:49,379 [Time-limited test] INFO  server.RaftServerConfigKeys (ConfUtils.java:logGet(46)) - raft.server.log.appender.buffer.byte-limit = 4MB (=4194304) (default)
2023-06-29 03:32:49,379 [Time-limited test] INFO  server.GrpcService (ConfUtils.java:logGet(46)) - raft.grpc.flow.control.window = 1MB (=1048576) (default)
2023-06-29 03:32:49,379 [Time-limited test] INFO  server.RaftServerConfigKeys (ConfUtils.java:logGet(46)) - raft.server.rpc.request.timeout = 3000ms (default)
2023-06-29 03:32:49,379 [Time-limited test] INFO  grpc.GrpcConfigKeys (ConfUtils.java:logGet(46)) - raft.grpc.server.heartbeat.channel = true (default)
2023-06-29 03:32:49,379 [Time-limited test] INFO  grpc.GrpcConfigKeys (ConfUtils.java:logGet(46)) - raft.grpc.server.async.request.thread.pool.cached = true (default)
2023-06-29 03:32:49,379 [Time-limited test] INFO  grpc.GrpcConfigKeys (ConfUtils.java:logGet(46)) - raft.grpc.server.async.request.thread.pool.size = 32 (default)
2023-06-29 03:32:49,380 [Time-limited test] INFO  impl.DataStreamServerImpl (ConfUtils.java:logGet(46)) - raft.datastream.type = NETTY (custom)
2023-06-29 03:32:49,380 [Time-limited test] INFO  server.RaftServerConfigKeys (ConfUtils.java:logGet(46)) - raft.server.data-stream.async.request.thread.pool.cached = false (default)
2023-06-29 03:32:49,380 [Time-limited test] INFO  server.RaftServerConfigKeys (ConfUtils.java:logGet(46)) - raft.server.data-stream.async.request.thread.pool.size = 32 (default)
2023-06-29 03:32:49,380 [Time-limited test] INFO  server.RaftServerConfigKeys (ConfUtils.java:logGet(46)) - raft.server.data-stream.async.write.thread.pool.size = 16 (default)
2023-06-29 03:32:49,380 [Time-limited test] INFO  netty.NettyConfigKeys$DataStream (ConfUtils.java:logGet(46)) - raft.netty.dataStream.server.channel.inactive.grace-period = 10min (default)
2023-06-29 03:32:49,381 [Time-limited test] INFO  server.RaftServerConfigKeys (ConfUtils.java:logGet(46)) - raft.server.data-stream.client.pool.size = 10 (default)
2023-06-29 03:32:49,381 [Time-limited test] INFO  netty.NettyConfigKeys$DataStream (ConfUtils.java:logGet(46)) - raft.netty.dataStream.server.use-epoll = false (default)
2023-06-29 03:32:49,381 [Time-limited test] INFO  netty.NettyConfigKeys$DataStream (ConfUtils.java:logGet(46)) - raft.netty.dataStream.server.boss-group.size = 0 (default)
2023-06-29 03:32:49,381 [Time-limited test] INFO  netty.NettyConfigKeys$DataStream (ConfUtils.java:logGet(46)) - raft.netty.dataStream.server.worker-group.size = 0 (default)
2023-06-29 03:32:49,381 [Time-limited test] INFO  netty.NettyConfigKeys$DataStream (ConfUtils.java:logGet(46)) - raft.netty.dataStream.server.tls.conf = null (default)
2023-06-29 03:32:49,381 [Time-limited test] INFO  netty.NettyConfigKeys$DataStream (ConfUtils.java:logGet(46)) - raft.netty.dataStream.host = null (default)
2023-06-29 03:32:49,382 [Time-limited test] INFO  netty.NettyConfigKeys$DataStream (ConfUtils.java:logGet(46)) - raft.netty.dataStream.port = 39011 (custom)
2023-06-29 03:32:49,382 [Time-limited test] INFO  server.RaftServerConfigKeys (ConfUtils.java:logGet(46)) - raft.server.threadpool.proxy.cached = true (default)
2023-06-29 03:32:49,382 [Time-limited test] INFO  server.RaftServerConfigKeys (ConfUtils.java:logGet(46)) - raft.server.threadpool.proxy.size = 0 (default)
2023-06-29 03:32:49,382 [Time-limited test] INFO  server.RaftServerConfigKeys (ConfUtils.java:logGet(46)) - raft.server.rpc.slowness.timeout = 60s (default)
2023-06-29 03:32:49,382 [Time-limited test] INFO  server.RaftServerConfigKeys (ConfUtils.java:logGet(46)) - raft.server.leaderelection.leader.step-down.wait-time = 10s (default)
2023-06-29 03:32:49,383 [Time-limited test] INFO  server.RaftServerConfigKeys (ConfUtils.java:logGet(46)) - raft.server.storage.dir = [/home/runner/work/ratis/ratis/ratis-test/target/test/data/ad2395e4/MiniRaftClusterWithRpcTypeGrpcAndDataStreamTypeNetty94e9b14/s0] (custom)
2023-06-29 03:32:49,383 [s0-NettyServerStreamRpc-bossGroup--thread1] INFO  logging.LoggingHandler (AbstractInternalLogger.java:log(148)) - [id: 0xaf9c0630] REGISTERED
2023-06-29 03:32:49,384 [s0-NettyServerStreamRpc-bossGroup--thread1] INFO  logging.LoggingHandler (AbstractInternalLogger.java:log(148)) - [id: 0xaf9c0630] BIND: 0.0.0.0/0.0.0.0:39011
2023-06-29 03:32:49,384 [s0-NettyServerStreamRpc-bossGroup--thread1] INFO  logging.LoggingHandler (AbstractInternalLogger.java:log(148)) - [id: 0xaf9c0630, L:/0.0.0.0:39011] ACTIVE
2023-06-29 03:32:49,390 [Time-limited test] INFO  server.RaftServer (RaftServerProxy.java:addNew(99)) - s0: addNew group-09709D41B0DB:[s0|rpc:localhost:34083|admin:localhost:38787|client:localhost:33075|dataStream:localhost:39011|priority:0|startupRole:FOLLOWER, s1|rpc:localhost:33139|admin:localhost:43529|client:localhost:45027|dataStream:localhost:36939|priority:0|startupRole:FOLLOWER, s2|rpc:localhost:38471|admin:localhost:33067|client:localhost:37939|dataStream:localhost:44447|priority:0|startupRole:FOLLOWER] returns group-09709D41B0DB:java.util.concurrent.CompletableFuture@f6e360c[Not completed]
2023-06-29 03:32:49,390 [Time-limited test] INFO  impl.MiniRaftCluster (MiniRaftCluster.java:newRaftServer(382)) - newRaftServer: s1, group-09709D41B0DB:[s0|rpc:localhost:34083|admin:localhost:38787|client:localhost:33075|dataStream:localhost:39011|priority:0|startupRole:FOLLOWER, s1|rpc:localhost:33139|admin:localhost:43529|client:localhost:45027|dataStream:localhost:36939|priority:0|startupRole:FOLLOWER, s2|rpc:localhost:38471|admin:localhost:33067|client:localhost:37939|dataStream:localhost:44447|priority:0|startupRole:FOLLOWER], format? true
2023-06-29 03:32:49,390 [Time-limited test] TRACE util.FileUtils (FileUtils.java:deleteFully(201)) - deleteFully target/test/data/ad2395e4/MiniRaftClusterWithRpcTypeGrpcAndDataStreamTypeNetty94e9b14/s1
2023-06-29 03:32:49,390 [Time-limited test] TRACE util.FileUtils (FileUtils.java:deleteFully(217)) - deleteFully: target/test/data/ad2395e4/MiniRaftClusterWithRpcTypeGrpcAndDataStreamTypeNetty94e9b14/s1 does not exist.
2023-06-29 03:32:49,390 [Time-limited test] INFO  impl.MiniRaftCluster (MiniRaftCluster.java:newRaftServer(387)) - Formatted directory target/test/data/ad2395e4/MiniRaftClusterWithRpcTypeGrpcAndDataStreamTypeNetty94e9b14/s1
2023-06-29 03:32:49,391 [Time-limited test] INFO  server.RaftServer (ConfUtils.java:logGet(46)) - raft.rpc.type = GRPC (default)
2023-06-29 03:32:49,391 [Time-limited test] INFO  grpc.GrpcConfigKeys (ConfUtils.java:logFallback(53)) - raft.grpc.admin.host = null (fallback to raft.grpc.server.host)
2023-06-29 03:32:49,391 [Time-limited test] INFO  grpc.GrpcConfigKeys (ConfUtils.java:logGet(46)) - raft.grpc.admin.port = 43529 (custom)
2023-06-29 03:32:49,391 [Time-limited test] INFO  grpc.GrpcConfigKeys (ConfUtils.java:logFallback(53)) - raft.grpc.client.host = null (fallback to raft.grpc.server.host)
2023-06-29 03:32:49,391 [Time-limited test] INFO  grpc.GrpcConfigKeys (ConfUtils.java:logGet(46)) - raft.grpc.client.port = 45027 (custom)
2023-06-29 03:32:49,391 [Time-limited test] INFO  grpc.GrpcConfigKeys (ConfUtils.java:logGet(46)) - raft.grpc.server.host = null (default)
2023-06-29 03:32:49,391 [Time-limited test] INFO  grpc.GrpcConfigKeys (ConfUtils.java:logGet(46)) - raft.grpc.server.port = 33139 (custom)
2023-06-29 03:32:49,391 [Time-limited test] INFO  server.GrpcService (ConfUtils.java:logGet(46)) - raft.grpc.message.size.max = 64MB (=67108864) (default)
2023-06-29 03:32:49,391 [Time-limited test] INFO  server.RaftServerConfigKeys (ConfUtils.java:logGet(46)) - raft.server.log.appender.buffer.byte-limit = 4MB (=4194304) (default)
2023-06-29 03:32:49,391 [Time-limited test] INFO  server.GrpcService (ConfUtils.java:logGet(46)) - raft.grpc.flow.control.window = 1MB (=1048576) (default)
2023-06-29 03:32:49,391 [Time-limited test] INFO  server.RaftServerConfigKeys (ConfUtils.java:logGet(46)) - raft.server.rpc.request.timeout = 3000ms (default)
2023-06-29 03:32:49,392 [Time-limited test] INFO  grpc.GrpcConfigKeys (ConfUtils.java:logGet(46)) - raft.grpc.server.heartbeat.channel = true (default)
2023-06-29 03:32:49,392 [Time-limited test] INFO  grpc.GrpcConfigKeys (ConfUtils.java:logGet(46)) - raft.grpc.server.async.request.thread.pool.cached = true (default)
2023-06-29 03:32:49,392 [Time-limited test] INFO  grpc.GrpcConfigKeys (ConfUtils.java:logGet(46)) - raft.grpc.server.async.request.thread.pool.size = 32 (default)
2023-06-29 03:32:49,393 [Time-limited test] INFO  impl.DataStreamServerImpl (ConfUtils.java:logGet(46)) - raft.datastream.type = NETTY (custom)
2023-06-29 03:32:49,393 [Time-limited test] INFO  server.RaftServerConfigKeys (ConfUtils.java:logGet(46)) - raft.server.data-stream.async.request.thread.pool.cached = false (default)
2023-06-29 03:32:49,393 [Time-limited test] INFO  server.RaftServerConfigKeys (ConfUtils.java:logGet(46)) - raft.server.data-stream.async.request.thread.pool.size = 32 (default)
2023-06-29 03:32:49,393 [Time-limited test] INFO  server.RaftServerConfigKeys (ConfUtils.java:logGet(46)) - raft.server.data-stream.async.write.thread.pool.size = 16 (default)
2023-06-29 03:32:49,394 [Time-limited test] INFO  netty.NettyConfigKeys$DataStream (ConfUtils.java:logGet(46)) - raft.netty.dataStream.server.channel.inactive.grace-period = 10min (default)
2023-06-29 03:32:49,394 [Time-limited test] INFO  server.RaftServerConfigKeys (ConfUtils.java:logGet(46)) - raft.server.data-stream.client.pool.size = 10 (default)
2023-06-29 03:32:49,394 [Time-limited test] INFO  netty.NettyConfigKeys$DataStream (ConfUtils.java:logGet(46)) - raft.netty.dataStream.server.use-epoll = false (default)
2023-06-29 03:32:49,394 [Time-limited test] INFO  netty.NettyConfigKeys$DataStream (ConfUtils.java:logGet(46)) - raft.netty.dataStream.server.boss-group.size = 0 (default)
2023-06-29 03:32:49,394 [Time-limited test] INFO  netty.NettyConfigKeys$DataStream (ConfUtils.java:logGet(46)) - raft.netty.dataStream.server.worker-group.size = 0 (default)
2023-06-29 03:32:49,394 [Time-limited test] INFO  netty.NettyConfigKeys$DataStream (ConfUtils.java:logGet(46)) - raft.netty.dataStream.server.tls.conf = null (default)
2023-06-29 03:32:49,394 [Time-limited test] INFO  netty.NettyConfigKeys$DataStream (ConfUtils.java:logGet(46)) - raft.netty.dataStream.host = null (default)
2023-06-29 03:32:49,394 [Time-limited test] INFO  netty.NettyConfigKeys$DataStream (ConfUtils.java:logGet(46)) - raft.netty.dataStream.port = 36939 (custom)
2023-06-29 03:32:49,396 [s0-groupManagement] INFO  server.RaftServer$Division (RaftServerImpl.java:<init>(250)) - s0: new RaftServerImpl for group-09709D41B0DB:[s0|rpc:localhost:34083|admin:localhost:38787|client:localhost:33075|dataStream:localhost:39011|priority:0|startupRole:FOLLOWER, s1|rpc:localhost:33139|admin:localhost:43529|client:localhost:45027|dataStream:localhost:36939|priority:0|startupRole:FOLLOWER, s2|rpc:localhost:38471|admin:localhost:33067|client:localhost:37939|dataStream:localhost:44447|priority:0|startupRole:FOLLOWER] with MultiDataStreamStateMachine:uninitialized
2023-06-29 03:32:49,401 [s0-groupManagement] INFO  server.RaftServerConfigKeys (ConfUtils.java:logGet(46)) - raft.server.rpc.timeout.min = 2s (custom)
2023-06-29 03:32:49,402 [s0-groupManagement] INFO  server.RaftServerConfigKeys (ConfUtils.java:logGet(46)) - raft.server.rpc.timeout.max = 3s (custom)
2023-06-29 03:32:49,402 [s0-groupManagement] INFO  server.RaftServerConfigKeys (ConfUtils.java:logGet(46)) - raft.server.rpc.sleep.time = 25ms (default)
2023-06-29 03:32:49,402 [s0-groupManagement] INFO  server.RaftServerConfigKeys (ConfUtils.java:logGet(46)) - raft.server.rpc.slowness.timeout = 60s (default)
2023-06-29 03:32:49,402 [s0-groupManagement] INFO  server.RaftServerConfigKeys (ConfUtils.java:logGet(46)) - raft.server.leaderelection.leader.step-down.wait-time = 10s (default)
2023-06-29 03:32:49,402 [s0-groupManagement] INFO  server.RaftServerConfigKeys (ConfUtils.java:logGet(46)) - raft.server.sleep.deviation.threshold = 300ms (default)
2023-06-29 03:32:49,402 [s1-NettyServerStreamRpc-bossGroup--thread1] INFO  logging.LoggingHandler (AbstractInternalLogger.java:log(148)) - [id: 0x71d8a3fc] REGISTERED
2023-06-29 03:32:49,401 [Time-limited test] INFO  server.RaftServerConfigKeys (ConfUtils.java:logGet(46)) - raft.server.threadpool.proxy.cached = true (default)
2023-06-29 03:32:49,403 [s1-NettyServerStreamRpc-bossGroup--thread1] INFO  logging.LoggingHandler (AbstractInternalLogger.java:log(148)) - [id: 0x71d8a3fc] BIND: 0.0.0.0/0.0.0.0:36939
2023-06-29 03:32:49,403 [Time-limited test] INFO  server.RaftServerConfigKeys (ConfUtils.java:logGet(46)) - raft.server.threadpool.proxy.size = 0 (default)
2023-06-29 03:32:49,403 [s1-NettyServerStreamRpc-bossGroup--thread1] INFO  logging.LoggingHandler (AbstractInternalLogger.java:log(148)) - [id: 0x71d8a3fc, L:/0.0.0.0:36939] ACTIVE
2023-06-29 03:32:49,403 [Time-limited test] INFO  server.RaftServerConfigKeys (ConfUtils.java:logGet(46)) - raft.server.rpc.slowness.timeout = 60s (default)
2023-06-29 03:32:49,403 [Time-limited test] INFO  server.RaftServerConfigKeys (ConfUtils.java:logGet(46)) - raft.server.leaderelection.leader.step-down.wait-time = 10s (default)
2023-06-29 03:32:49,403 [Time-limited test] INFO  server.RaftServerConfigKeys (ConfUtils.java:logGet(46)) - raft.server.storage.dir = [/home/runner/work/ratis/ratis/ratis-test/target/test/data/ad2395e4/MiniRaftClusterWithRpcTypeGrpcAndDataStreamTypeNetty94e9b14/s1] (custom)
2023-06-29 03:32:49,402 [s0-groupManagement] INFO  server.RaftServer$Division (ServerState.java:<init>(113)) - s0@group-09709D41B0DB: ConfigurationManager, init=-1: peers:[s0|rpc:localhost:34083|admin:localhost:38787|client:localhost:33075|dataStream:localhost:39011|priority:0|startupRole:FOLLOWER, s1|rpc:localhost:33139|admin:localhost:43529|client:localhost:45027|dataStream:localhost:36939|priority:0|startupRole:FOLLOWER, s2|rpc:localhost:38471|admin:localhost:33067|client:localhost:37939|dataStream:localhost:44447|priority:0|startupRole:FOLLOWER]|listeners:[], old=null, confs=<EMPTY_MAP>
2023-06-29 03:32:49,404 [s0-groupManagement] INFO  server.RaftServerConfigKeys (ConfUtils.java:logGet(46)) - raft.server.notification.no-leader.timeout = 60s (default)
2023-06-29 03:32:49,404 [s0-groupManagement] INFO  server.RaftServerConfigKeys (ConfUtils.java:logGet(46)) - raft.server.read.timeout = 10s (default)
2023-06-29 03:32:49,404 [s0-groupManagement] INFO  server.RaftServerConfigKeys (ConfUtils.java:logGet(46)) - raft.server.retrycache.expirytime = 60s (default)
2023-06-29 03:32:49,404 [s0-groupManagement] INFO  server.RaftServerConfigKeys (ConfUtils.java:logGet(46)) - raft.server.retrycache.statistics.expirytime = 100μs (default)
2023-06-29 03:32:49,404 [s0-groupManagement] INFO  server.RaftServerConfigKeys (ConfUtils.java:logGet(46)) - raft.server.read.option = DEFAULT (default)
2023-06-29 03:32:49,406 [s0-groupManagement] INFO  server.RaftServerConfigKeys (ConfUtils.java:logGet(46)) - raft.server.rpc.request.timeout = 3000ms (default)
2023-06-29 03:32:49,406 [s0-groupManagement] INFO  server.RaftServerConfigKeys (ConfUtils.java:logGet(46)) - raft.server.log.appender.install.snapshot.enabled = true (default)
2023-06-29 03:32:49,406 [s0-groupManagement] INFO  server.RaftServerConfigKeys (ConfUtils.java:logGet(46)) - raft.server.threadpool.server.cached = true (default)
2023-06-29 03:32:49,406 [s0-groupManagement] INFO  server.RaftServerConfigKeys (ConfUtils.java:logGet(46)) - raft.server.threadpool.server.size = 0 (default)
2023-06-29 03:32:49,406 [s0-groupManagement] INFO  server.RaftServerConfigKeys (ConfUtils.java:logGet(46)) - raft.server.threadpool.client.cached = true (default)
2023-06-29 03:32:49,406 [s0-groupManagement] INFO  server.RaftServerConfigKeys (ConfUtils.java:logGet(46)) - raft.server.threadpool.client.size = 0 (default)
2023-06-29 03:32:49,410 [Time-limited test] INFO  server.RaftServer (RaftServerProxy.java:addNew(99)) - s1: addNew group-09709D41B0DB:[s0|rpc:localhost:34083|admin:localhost:38787|client:localhost:33075|dataStream:localhost:39011|priority:0|startupRole:FOLLOWER, s1|rpc:localhost:33139|admin:localhost:43529|client:localhost:45027|dataStream:localhost:36939|priority:0|startupRole:FOLLOWER, s2|rpc:localhost:38471|admin:localhost:33067|client:localhost:37939|dataStream:localhost:44447|priority:0|startupRole:FOLLOWER] returns group-09709D41B0DB:java.util.concurrent.CompletableFuture@3d667f5c[Not completed]
2023-06-29 03:32:49,410 [s1-groupManagement] INFO  server.RaftServer$Division (RaftServerImpl.java:<init>(250)) - s1: new RaftServerImpl for group-09709D41B0DB:[s0|rpc:localhost:34083|admin:localhost:38787|client:localhost:33075|dataStream:localhost:39011|priority:0|startupRole:FOLLOWER, s1|rpc:localhost:33139|admin:localhost:43529|client:localhost:45027|dataStream:localhost:36939|priority:0|startupRole:FOLLOWER, s2|rpc:localhost:38471|admin:localhost:33067|client:localhost:37939|dataStream:localhost:44447|priority:0|startupRole:FOLLOWER] with MultiDataStreamStateMachine:uninitialized
2023-06-29 03:32:49,410 [s1-groupManagement] INFO  server.RaftServerConfigKeys (ConfUtils.java:logGet(46)) - raft.server.rpc.timeout.min = 2s (custom)
2023-06-29 03:32:49,410 [Time-limited test] INFO  impl.MiniRaftCluster (MiniRaftCluster.java:newRaftServer(382)) - newRaftServer: s2, group-09709D41B0DB:[s0|rpc:localhost:34083|admin:localhost:38787|client:localhost:33075|dataStream:localhost:39011|priority:0|startupRole:FOLLOWER, s1|rpc:localhost:33139|admin:localhost:43529|client:localhost:45027|dataStream:localhost:36939|priority:0|startupRole:FOLLOWER, s2|rpc:localhost:38471|admin:localhost:33067|client:localhost:37939|dataStream:localhost:44447|priority:0|startupRole:FOLLOWER], format? true
2023-06-29 03:32:49,411 [Time-limited test] TRACE util.FileUtils (FileUtils.java:deleteFully(201)) - deleteFully target/test/data/ad2395e4/MiniRaftClusterWithRpcTypeGrpcAndDataStreamTypeNetty94e9b14/s2
2023-06-29 03:32:49,411 [Time-limited test] TRACE util.FileUtils (FileUtils.java:deleteFully(217)) - deleteFully: target/test/data/ad2395e4/MiniRaftClusterWithRpcTypeGrpcAndDataStreamTypeNetty94e9b14/s2 does not exist.
2023-06-29 03:32:49,411 [s1-groupManagement] INFO  server.RaftServerConfigKeys (ConfUtils.java:logGet(46)) - raft.server.rpc.timeout.max = 3s (custom)
2023-06-29 03:32:49,411 [Time-limited test] INFO  impl.MiniRaftCluster (MiniRaftCluster.java:newRaftServer(387)) - Formatted directory target/test/data/ad2395e4/MiniRaftClusterWithRpcTypeGrpcAndDataStreamTypeNetty94e9b14/s2
2023-06-29 03:32:49,411 [s1-groupManagement] INFO  server.RaftServerConfigKeys (ConfUtils.java:logGet(46)) - raft.server.rpc.sleep.time = 25ms (default)
2023-06-29 03:32:49,411 [s1-groupManagement] INFO  server.RaftServerConfigKeys (ConfUtils.java:logGet(46)) - raft.server.rpc.slowness.timeout = 60s (default)
2023-06-29 03:32:49,411 [s1-groupManagement] INFO  server.RaftServerConfigKeys (ConfUtils.java:logGet(46)) - raft.server.leaderelection.leader.step-down.wait-time = 10s (default)
2023-06-29 03:32:49,411 [Time-limited test] INFO  server.RaftServer (ConfUtils.java:logGet(46)) - raft.rpc.type = GRPC (default)
2023-06-29 03:32:49,411 [Time-limited test] INFO  grpc.GrpcConfigKeys (ConfUtils.java:logFallback(53)) - raft.grpc.admin.host = null (fallback to raft.grpc.server.host)
2023-06-29 03:32:49,412 [Time-limited test] INFO  grpc.GrpcConfigKeys (ConfUtils.java:logGet(46)) - raft.grpc.admin.port = 33067 (custom)
2023-06-29 03:32:49,412 [Time-limited test] INFO  grpc.GrpcConfigKeys (ConfUtils.java:logFallback(53)) - raft.grpc.client.host = null (fallback to raft.grpc.server.host)
2023-06-29 03:32:49,412 [Time-limited test] INFO  grpc.GrpcConfigKeys (ConfUtils.java:logGet(46)) - raft.grpc.client.port = 37939 (custom)
2023-06-29 03:32:49,412 [Time-limited test] INFO  grpc.GrpcConfigKeys (ConfUtils.java:logGet(46)) - raft.grpc.server.host = null (default)
2023-06-29 03:32:49,412 [Time-limited test] INFO  grpc.GrpcConfigKeys (ConfUtils.java:logGet(46)) - raft.grpc.server.port = 38471 (custom)
2023-06-29 03:32:49,412 [Time-limited test] INFO  server.GrpcService (ConfUtils.java:logGet(46)) - raft.grpc.message.size.max = 64MB (=67108864) (default)
2023-06-29 03:32:49,412 [Time-limited test] INFO  server.RaftServerConfigKeys (ConfUtils.java:logGet(46)) - raft.server.log.appender.buffer.byte-limit = 4MB (=4194304) (default)
2023-06-29 03:32:49,412 [Time-limited test] INFO  server.GrpcService (ConfUtils.java:logGet(46)) - raft.grpc.flow.control.window = 1MB (=1048576) (default)
2023-06-29 03:32:49,412 [Time-limited test] INFO  server.RaftServerConfigKeys (ConfUtils.java:logGet(46)) - raft.server.rpc.request.timeout = 3000ms (default)
2023-06-29 03:32:49,412 [Time-limited test] INFO  grpc.GrpcConfigKeys (ConfUtils.java:logGet(46)) - raft.grpc.server.heartbeat.channel = true (default)
2023-06-29 03:32:49,412 [Time-limited test] INFO  grpc.GrpcConfigKeys (ConfUtils.java:logGet(46)) - raft.grpc.server.async.request.thread.pool.cached = true (default)
2023-06-29 03:32:49,412 [Time-limited test] INFO  grpc.GrpcConfigKeys (ConfUtils.java:logGet(46)) - raft.grpc.server.async.request.thread.pool.size = 32 (default)
2023-06-29 03:32:49,413 [Time-limited test] INFO  impl.DataStreamServerImpl (ConfUtils.java:logGet(46)) - raft.datastream.type = NETTY (custom)
2023-06-29 03:32:49,414 [Time-limited test] INFO  server.RaftServerConfigKeys (ConfUtils.java:logGet(46)) - raft.server.data-stream.async.request.thread.pool.cached = false (default)
2023-06-29 03:32:49,414 [Time-limited test] INFO  server.RaftServerConfigKeys (ConfUtils.java:logGet(46)) - raft.server.data-stream.async.request.thread.pool.size = 32 (default)
2023-06-29 03:32:49,414 [Time-limited test] INFO  server.RaftServerConfigKeys (ConfUtils.java:logGet(46)) - raft.server.data-stream.async.write.thread.pool.size = 16 (default)
2023-06-29 03:32:49,414 [Time-limited test] INFO  netty.NettyConfigKeys$DataStream (ConfUtils.java:logGet(46)) - raft.netty.dataStream.server.channel.inactive.grace-period = 10min (default)
2023-06-29 03:32:49,414 [Time-limited test] INFO  server.RaftServerConfigKeys (ConfUtils.java:logGet(46)) - raft.server.data-stream.client.pool.size = 10 (default)
2023-06-29 03:32:49,414 [Time-limited test] INFO  netty.NettyConfigKeys$DataStream (ConfUtils.java:logGet(46)) - raft.netty.dataStream.server.use-epoll = false (default)
2023-06-29 03:32:49,415 [Time-limited test] INFO  netty.NettyConfigKeys$DataStream (ConfUtils.java:logGet(46)) - raft.netty.dataStream.server.boss-group.size = 0 (default)
2023-06-29 03:32:49,415 [Time-limited test] INFO  netty.NettyConfigKeys$DataStream (ConfUtils.java:logGet(46)) - raft.netty.dataStream.server.worker-group.size = 0 (default)
2023-06-29 03:32:49,415 [Time-limited test] INFO  netty.NettyConfigKeys$DataStream (ConfUtils.java:logGet(46)) - raft.netty.dataStream.server.tls.conf = null (default)
2023-06-29 03:32:49,415 [Time-limited test] INFO  netty.NettyConfigKeys$DataStream (ConfUtils.java:logGet(46)) - raft.netty.dataStream.host = null (default)
2023-06-29 03:32:49,415 [Time-limited test] INFO  netty.NettyConfigKeys$DataStream (ConfUtils.java:logGet(46)) - raft.netty.dataStream.port = 44447 (custom)
2023-06-29 03:32:49,418 [s1-groupManagement] INFO  server.RaftServerConfigKeys (ConfUtils.java:logGet(46)) - raft.server.sleep.deviation.threshold = 300ms (default)
2023-06-29 03:32:49,418 [s1-groupManagement] INFO  server.RaftServer$Division (ServerState.java:<init>(113)) - s1@group-09709D41B0DB: ConfigurationManager, init=-1: peers:[s0|rpc:localhost:34083|admin:localhost:38787|client:localhost:33075|dataStream:localhost:39011|priority:0|startupRole:FOLLOWER, s1|rpc:localhost:33139|admin:localhost:43529|client:localhost:45027|dataStream:localhost:36939|priority:0|startupRole:FOLLOWER, s2|rpc:localhost:38471|admin:localhost:33067|client:localhost:37939|dataStream:localhost:44447|priority:0|startupRole:FOLLOWER]|listeners:[], old=null, confs=<EMPTY_MAP>
2023-06-29 03:32:49,418 [s1-groupManagement] INFO  server.RaftServerConfigKeys (ConfUtils.java:logGet(46)) - raft.server.notification.no-leader.timeout = 60s (default)
2023-06-29 03:32:49,418 [s1-groupManagement] INFO  server.RaftServerConfigKeys (ConfUtils.java:logGet(46)) - raft.server.read.timeout = 10s (default)
2023-06-29 03:32:49,418 [s1-groupManagement] INFO  server.RaftServerConfigKeys (ConfUtils.java:logGet(46)) - raft.server.retrycache.expirytime = 60s (default)
2023-06-29 03:32:49,418 [s1-groupManagement] INFO  server.RaftServerConfigKeys (ConfUtils.java:logGet(46)) - raft.server.retrycache.statistics.expirytime = 100μs (default)
2023-06-29 03:32:49,418 [s1-groupManagement] INFO  server.RaftServerConfigKeys (ConfUtils.java:logGet(46)) - raft.server.read.option = DEFAULT (default)
2023-06-29 03:32:49,420 [s1-groupManagement] INFO  server.RaftServerConfigKeys (ConfUtils.java:logGet(46)) - raft.server.rpc.request.timeout = 3000ms (default)
2023-06-29 03:32:49,420 [s1-groupManagement] INFO  server.RaftServerConfigKeys (ConfUtils.java:logGet(46)) - raft.server.log.appender.install.snapshot.enabled = true (default)
2023-06-29 03:32:49,420 [s1-groupManagement] INFO  server.RaftServerConfigKeys (ConfUtils.java:logGet(46)) - raft.server.threadpool.server.cached = true (default)
2023-06-29 03:32:49,420 [s1-groupManagement] INFO  server.RaftServerConfigKeys (ConfUtils.java:logGet(46)) - raft.server.threadpool.server.size = 0 (default)
2023-06-29 03:32:49,420 [s1-groupManagement] INFO  server.RaftServerConfigKeys (ConfUtils.java:logGet(46)) - raft.server.threadpool.client.cached = true (default)
2023-06-29 03:32:49,420 [s1-groupManagement] INFO  server.RaftServerConfigKeys (ConfUtils.java:logGet(46)) - raft.server.threadpool.client.size = 0 (default)
2023-06-29 03:32:49,421 [Time-limited test] INFO  server.RaftServerConfigKeys (ConfUtils.java:logGet(46)) - raft.server.threadpool.proxy.cached = true (default)
2023-06-29 03:32:49,422 [Time-limited test] INFO  server.RaftServerConfigKeys (ConfUtils.java:logGet(46)) - raft.server.threadpool.proxy.size = 0 (default)
2023-06-29 03:32:49,422 [s2-NettyServerStreamRpc-bossGroup--thread1] INFO  logging.LoggingHandler (AbstractInternalLogger.java:log(148)) - [id: 0x6d15d718] REGISTERED
2023-06-29 03:32:49,422 [Time-limited test] INFO  server.RaftServerConfigKeys (ConfUtils.java:logGet(46)) - raft.server.rpc.slowness.timeout = 60s (default)
2023-06-29 03:32:49,422 [s2-NettyServerStreamRpc-bossGroup--thread1] INFO  logging.LoggingHandler (AbstractInternalLogger.java:log(148)) - [id: 0x6d15d718] BIND: 0.0.0.0/0.0.0.0:44447
2023-06-29 03:32:49,422 [Time-limited test] INFO  server.RaftServerConfigKeys (ConfUtils.java:logGet(46)) - raft.server.leaderelection.leader.step-down.wait-time = 10s (default)
2023-06-29 03:32:49,423 [Time-limited test] INFO  server.RaftServerConfigKeys (ConfUtils.java:logGet(46)) - raft.server.storage.dir = [/home/runner/work/ratis/ratis/ratis-test/target/test/data/ad2395e4/MiniRaftClusterWithRpcTypeGrpcAndDataStreamTypeNetty94e9b14/s2] (custom)
2023-06-29 03:32:49,423 [s2-NettyServerStreamRpc-bossGroup--thread1] INFO  logging.LoggingHandler (AbstractInternalLogger.java:log(148)) - [id: 0x6d15d718, L:/0.0.0.0:44447] ACTIVE
2023-06-29 03:32:49,427 [Time-limited test] INFO  server.RaftServer (RaftServerProxy.java:addNew(99)) - s2: addNew group-09709D41B0DB:[s0|rpc:localhost:34083|admin:localhost:38787|client:localhost:33075|dataStream:localhost:39011|priority:0|startupRole:FOLLOWER, s1|rpc:localhost:33139|admin:localhost:43529|client:localhost:45027|dataStream:localhost:36939|priority:0|startupRole:FOLLOWER, s2|rpc:localhost:38471|admin:localhost:33067|client:localhost:37939|dataStream:localhost:44447|priority:0|startupRole:FOLLOWER] returns group-09709D41B0DB:java.util.concurrent.CompletableFuture@6ceae7f7[Not completed]
2023-06-29 03:32:49,427 [s0-impl-thread1] INFO  server.RaftServerConfigKeys (ConfUtils.java:logGet(46)) - raft.server.storage.free-space.min = 0MB (=0) (default)
2023-06-29 03:32:49,428 [s0-impl-thread1] INFO  server.RaftServerConfigKeys (ConfUtils.java:logGet(46)) - raft.server.log.corruption.policy = EXCEPTION (default)
2023-06-29 03:32:49,428 [s0-impl-thread1] INFO  server.RaftServerConfigKeys (ConfUtils.java:logGet(46)) - raft.server.storage.dir = [/home/runner/work/ratis/ratis/ratis-test/target/test/data/ad2395e4/MiniRaftClusterWithRpcTypeGrpcAndDataStreamTypeNetty94e9b14/s0] (custom)
2023-06-29 03:32:49,428 [s0-impl-thread1] INFO  storage.RaftStorageDirectory (RaftStorageDirectoryImpl.java:analyzeStorage(138)) - The storage directory /home/runner/work/ratis/ratis/ratis-test/target/test/data/ad2395e4/MiniRaftClusterWithRpcTypeGrpcAndDataStreamTypeNetty94e9b14/s0/330aed1f-5ef9-4cea-a7ff-09709d41b0db does not exist. Creating ...
2023-06-29 03:32:49,428 [s2-groupManagement] INFO  server.RaftServer$Division (RaftServerImpl.java:<init>(250)) - s2: new RaftServerImpl for group-09709D41B0DB:[s0|rpc:localhost:34083|admin:localhost:38787|client:localhost:33075|dataStream:localhost:39011|priority:0|startupRole:FOLLOWER, s1|rpc:localhost:33139|admin:localhost:43529|client:localhost:45027|dataStream:localhost:36939|priority:0|startupRole:FOLLOWER, s2|rpc:localhost:38471|admin:localhost:33067|client:localhost:37939|dataStream:localhost:44447|priority:0|startupRole:FOLLOWER] with MultiDataStreamStateMachine:uninitialized
2023-06-29 03:32:49,428 [s0-impl-thread1] TRACE util.FileUtils (LogUtils.java:runAndLog(49)) - Successfully ran Files.createDirectories /home/runner/work/ratis/ratis/ratis-test/target/test/data/ad2395e4/MiniRaftClusterWithRpcTypeGrpcAndDataStreamTypeNetty94e9b14/s0/330aed1f-5ef9-4cea-a7ff-09709d41b0db
2023-06-29 03:32:49,434 [s2-groupManagement] INFO  server.RaftServerConfigKeys (ConfUtils.java:logGet(46)) - raft.server.rpc.timeout.min = 2s (custom)
2023-06-29 03:32:49,434 [s2-groupManagement] INFO  server.RaftServerConfigKeys (ConfUtils.java:logGet(46)) - raft.server.rpc.timeout.max = 3s (custom)
2023-06-29 03:32:49,434 [s2-groupManagement] INFO  server.RaftServerConfigKeys (ConfUtils.java:logGet(46)) - raft.server.rpc.sleep.time = 25ms (default)
2023-06-29 03:32:49,434 [s2-groupManagement] INFO  server.RaftServerConfigKeys (ConfUtils.java:logGet(46)) - raft.server.rpc.slowness.timeout = 60s (default)
2023-06-29 03:32:49,435 [s2-groupManagement] INFO  server.RaftServerConfigKeys (ConfUtils.java:logGet(46)) - raft.server.leaderelection.leader.step-down.wait-time = 10s (default)
2023-06-29 03:32:49,435 [s2-groupManagement] INFO  server.RaftServerConfigKeys (ConfUtils.java:logGet(46)) - raft.server.sleep.deviation.threshold = 300ms (default)
2023-06-29 03:32:49,435 [s2-groupManagement] INFO  server.RaftServer$Division (ServerState.java:<init>(113)) - s2@group-09709D41B0DB: ConfigurationManager, init=-1: peers:[s0|rpc:localhost:34083|admin:localhost:38787|client:localhost:33075|dataStream:localhost:39011|priority:0|startupRole:FOLLOWER, s1|rpc:localhost:33139|admin:localhost:43529|client:localhost:45027|dataStream:localhost:36939|priority:0|startupRole:FOLLOWER, s2|rpc:localhost:38471|admin:localhost:33067|client:localhost:37939|dataStream:localhost:44447|priority:0|startupRole:FOLLOWER]|listeners:[], old=null, confs=<EMPTY_MAP>
2023-06-29 03:32:49,435 [s0-impl-thread1] INFO  storage.RaftStorageDirectory (RaftStorageDirectoryImpl.java:tryLock(232)) - Lock on /home/runner/work/ratis/ratis/ratis-test/target/test/data/ad2395e4/MiniRaftClusterWithRpcTypeGrpcAndDataStreamTypeNetty94e9b14/s0/330aed1f-5ef9-4cea-a7ff-09709d41b0db/in_use.lock acquired by nodename 11425@fv-az33-183
2023-06-29 03:32:49,435 [s0-impl-thread1] TRACE util.FileUtils (LogUtils.java:runAndLog(49)) - Successfully ran Files.createDirectories /home/runner/work/ratis/ratis/ratis-test/target/test/data/ad2395e4/MiniRaftClusterWithRpcTypeGrpcAndDataStreamTypeNetty94e9b14/s0/330aed1f-5ef9-4cea-a7ff-09709d41b0db/current
2023-06-29 03:32:49,435 [s0-impl-thread1] TRACE util.FileUtils (LogUtils.java:runAndLog(49)) - Successfully ran Files.createDirectories /home/runner/work/ratis/ratis/ratis-test/target/test/data/ad2395e4/MiniRaftClusterWithRpcTypeGrpcAndDataStreamTypeNetty94e9b14/s0/330aed1f-5ef9-4cea-a7ff-09709d41b0db/sm
2023-06-29 03:32:49,436 [s2-groupManagement] INFO  server.RaftServerConfigKeys (ConfUtils.java:logGet(46)) - raft.server.notification.no-leader.timeout = 60s (default)
2023-06-29 03:32:49,436 [s0-impl-thread1] INFO  storage.RaftStorage (RaftStorageImpl.java:format(96)) - Storage directory /home/runner/work/ratis/ratis/ratis-test/target/test/data/ad2395e4/MiniRaftClusterWithRpcTypeGrpcAndDataStreamTypeNetty94e9b14/s0/330aed1f-5ef9-4cea-a7ff-09709d41b0db has been successfully formatted.
2023-06-29 03:32:49,436 [s0-impl-thread1] INFO  server.RaftServerConfigKeys (ConfUtils.java:logGet(46)) - raft.server.log.use.memory = false (default)
2023-06-29 03:32:49,436 [s0-impl-thread1] INFO  server.RaftServerConfigKeys (ConfUtils.java:logGet(46)) - raft.server.log.purge.gap = 1024 (default)
2023-06-29 03:32:49,437 [s0-impl-thread1] INFO  server.RaftServerConfigKeys (ConfUtils.java:logGet(46)) - raft.server.log.appender.buffer.byte-limit = 4MB (=4194304) (default)
2023-06-29 03:32:49,437 [s0-impl-thread1] INFO  server.RaftServerConfigKeys (ConfUtils.java:logGet(46)) - raft.server.log.statemachine.data.read.timeout = 1000ms (default)
2023-06-29 03:32:49,437 [s0-impl-thread1] INFO  server.RaftServerConfigKeys (ConfUtils.java:logGet(46)) - raft.server.log.purge.preservation.log.num = 0 (default)
2023-06-29 03:32:49,439 [s0-impl-thread1] INFO  server.RaftServerConfigKeys (ConfUtils.java:logGet(46)) - raft.server.log.segment.size.max = 8MB (=8388608) (default)
2023-06-29 03:32:49,439 [s0-impl-thread1] INFO  server.RaftServerConfigKeys (ConfUtils.java:logGet(46)) - raft.server.log.segment.cache.num.max = 6 (default)
2023-06-29 03:32:49,439 [s0-impl-thread1] INFO  server.RaftServerConfigKeys (ConfUtils.java:logGet(46)) - raft.server.log.segment.cache.size.max = 200MB (=209715200) (default)
2023-06-29 03:32:49,439 [s0-impl-thread1] INFO  server.RaftServerConfigKeys (ConfUtils.java:logGet(46)) - raft.server.log.appender.buffer.byte-limit = 4MB (=4194304) (default)
2023-06-29 03:32:49,439 [s0-impl-thread1] INFO  segmented.SegmentedRaftLogWorker (SegmentedRaftLogWorker.java:<init>(183)) - new s0@group-09709D41B0DB-SegmentedRaftLogWorker for RaftStorageImpl:Storage Directory /home/runner/work/ratis/ratis/ratis-test/target/test/data/ad2395e4/MiniRaftClusterWithRpcTypeGrpcAndDataStreamTypeNetty94e9b14/s0/330aed1f-5ef9-4cea-a7ff-09709d41b0db
2023-06-29 03:32:49,439 [s0-impl-thread1] INFO  server.RaftServerConfigKeys (ConfUtils.java:logGet(46)) - raft.server.log.queue.byte-limit = 64MB (=67108864) (default)
2023-06-29 03:32:49,439 [s0-impl-thread1] INFO  server.RaftServerConfigKeys (ConfUtils.java:logGet(46)) - raft.server.log.queue.element-limit = 4096 (default)
2023-06-29 03:32:49,440 [s0-impl-thread1] INFO  server.RaftServerConfigKeys (ConfUtils.java:logGet(46)) - raft.server.log.segment.size.max = 8MB (=8388608) (default)
2023-06-29 03:32:49,440 [s0-impl-thread1] INFO  server.RaftServerConfigKeys (ConfUtils.java:logGet(46)) - raft.server.log.preallocated.size = 4MB (=4194304) (default)
2023-06-29 03:32:49,440 [s0-impl-thread1] INFO  server.RaftServerConfigKeys (ConfUtils.java:logGet(46)) - raft.server.log.force.sync.num = 128 (default)
2023-06-29 03:32:49,440 [s0-impl-thread1] INFO  server.RaftServerConfigKeys (ConfUtils.java:logGet(46)) - raft.server.log.statemachine.data.sync = true (default)
2023-06-29 03:32:49,440 [s0-impl-thread1] INFO  server.RaftServerConfigKeys (ConfUtils.java:logGet(46)) - raft.server.log.statemachine.data.sync.timeout = 10s (default)
2023-06-29 03:32:49,440 [s0-impl-thread1] INFO  server.RaftServerConfigKeys (ConfUtils.java:logGet(46)) - raft.server.log.statemachine.data.sync.timeout.retry = -1 (default)
2023-06-29 03:32:49,440 [s0-impl-thread1] INFO  server.RaftServerConfigKeys (ConfUtils.java:logGet(46)) - raft.server.log.write.buffer.size = 64KB (=65536) (default)
2023-06-29 03:32:49,440 [s0-impl-thread1] INFO  server.RaftServerConfigKeys (ConfUtils.java:logGet(46)) - raft.server.log.appender.buffer.byte-limit = 4MB (=4194304) (default)
2023-06-29 03:32:49,441 [s0-impl-thread1] INFO  server.RaftServerConfigKeys (ConfUtils.java:logGet(46)) - raft.server.log.unsafe-flush.enabled = false (default)
2023-06-29 03:32:49,441 [s0-impl-thread1] INFO  server.RaftServerConfigKeys (ConfUtils.java:logGet(46)) - raft.server.log.async-flush.enabled = false (default)
2023-06-29 03:32:49,442 [s0-impl-thread1] INFO  server.RaftServerConfigKeys (ConfUtils.java:logGet(46)) - raft.server.log.statemachine.data.caching.enabled = false (default)
2023-06-29 03:32:49,442 [s0-impl-thread1] INFO  segmented.SegmentedRaftLogWorker (SegmentedRaftLogWorker.java:lambda$new$0(134)) - s0@group-09709D41B0DB-SegmentedRaftLogWorker: flushIndex: setUnconditionally 0 -> -1
2023-06-29 03:32:49,442 [s0-impl-thread1] INFO  segmented.SegmentedRaftLogWorker (SegmentedRaftLogWorker.java:lambda$new$0(134)) - s0@group-09709D41B0DB-SegmentedRaftLogWorker: safeCacheEvictIndex: setUnconditionally 0 -> -1
2023-06-29 03:32:49,442 [s2-groupManagement] INFO  server.RaftServerConfigKeys (ConfUtils.java:logGet(46)) - raft.server.read.timeout = 10s (default)
2023-06-29 03:32:49,442 [s2-groupManagement] INFO  server.RaftServerConfigKeys (ConfUtils.java:logGet(46)) - raft.server.retrycache.expirytime = 60s (default)
2023-06-29 03:32:49,442 [s2-groupManagement] INFO  server.RaftServerConfigKeys (ConfUtils.java:logGet(46)) - raft.server.retrycache.statistics.expirytime = 100μs (default)
2023-06-29 03:32:49,442 [s2-groupManagement] INFO  server.RaftServerConfigKeys (ConfUtils.java:logGet(46)) - raft.server.read.option = DEFAULT (default)
2023-06-29 03:32:49,446 [s0-impl-thread1] INFO  server.RaftServer$Division (RaftServerImpl.java:start(384)) - s0@group-09709D41B0DB: start as a follower, conf=-1: peers:[s0|rpc:localhost:34083|admin:localhost:38787|client:localhost:33075|dataStream:localhost:39011|priority:0|startupRole:FOLLOWER, s1|rpc:localhost:33139|admin:localhost:43529|client:localhost:45027|dataStream:localhost:36939|priority:0|startupRole:FOLLOWER, s2|rpc:localhost:38471|admin:localhost:33067|client:localhost:37939|dataStream:localhost:44447|priority:0|startupRole:FOLLOWER]|listeners:[], old=null
2023-06-29 03:32:49,446 [s0-impl-thread1] INFO  server.RaftServer$Division (RaftServerImpl.java:setRole(371)) - s0@group-09709D41B0DB: changes role from      null to FOLLOWER at term 0 for startAsFollower
2023-06-29 03:32:49,446 [s0-impl-thread1] INFO  impl.RoleInfo (RoleInfo.java:updateAndGet(139)) - s0: start s0@group-09709D41B0DB-FollowerState
2023-06-29 03:32:49,449 [s2-groupManagement] INFO  server.RaftServerConfigKeys (ConfUtils.java:logGet(46)) - raft.server.rpc.request.timeout = 3000ms (default)
2023-06-29 03:32:49,453 [s0-impl-thread1] INFO  util.JmxRegister (JmxRegister.java:tryRegister(44)) - Successfully registered JMX Bean with object name Ratis:service=RaftServer,group=group-09709D41B0DB,id=s0
2023-06-29 03:32:49,453 [s0-impl-thread1] INFO  server.RaftServerConfigKeys (ConfUtils.java:logGet(46)) - raft.server.snapshot.auto.trigger.enabled = false (default)
2023-06-29 03:32:49,453 [s0-impl-thread1] INFO  server.RaftServerConfigKeys (ConfUtils.java:logGet(46)) - raft.server.snapshot.retention.file.num = -1 (default)
2023-06-29 03:32:49,453 [s0-impl-thread1] INFO  server.RaftServerConfigKeys (ConfUtils.java:logGet(46)) - raft.server.log.purge.upto.snapshot.index = false (default)
2023-06-29 03:32:49,453 [s2-groupManagement] INFO  server.RaftServerConfigKeys (ConfUtils.java:logGet(46)) - raft.server.log.appender.install.snapshot.enabled = true (default)
2023-06-29 03:32:49,453 [s2-groupManagement] INFO  server.RaftServerConfigKeys (ConfUtils.java:logGet(46)) - raft.server.threadpool.server.cached = true (default)
2023-06-29 03:32:49,453 [s2-groupManagement] INFO  server.RaftServerConfigKeys (ConfUtils.java:logGet(46)) - raft.server.threadpool.server.size = 0 (default)
2023-06-29 03:32:49,453 [s2-groupManagement] INFO  server.RaftServerConfigKeys (ConfUtils.java:logGet(46)) - raft.server.threadpool.client.cached = true (default)
2023-06-29 03:32:49,454 [s2-groupManagement] INFO  server.RaftServerConfigKeys (ConfUtils.java:logGet(46)) - raft.server.threadpool.client.size = 0 (default)
2023-06-29 03:32:49,454 [Time-limited test] INFO  server.RaftServer (RaftServerProxy.java:startImpl(401)) - s0: start RPC server
2023-06-29 03:32:49,454 [s0@group-09709D41B0DB-FollowerState] INFO  server.RaftServerConfigKeys (ConfUtils.java:logFallback(53)) - raft.server.rpc.first-election.timeout.min = 2s (fallback to raft.server.rpc.timeout.min)
2023-06-29 03:32:49,454 [s0@group-09709D41B0DB-FollowerState] INFO  server.RaftServerConfigKeys (ConfUtils.java:logFallback(53)) - raft.server.rpc.first-election.timeout.max = 3s (fallback to raft.server.rpc.timeout.max)
2023-06-29 03:32:49,455 [Time-limited test] INFO  server.GrpcService (GrpcService.java:startImpl(302)) - s0: GrpcService started, listening on 33075
2023-06-29 03:32:49,456 [Time-limited test] INFO  server.GrpcService (GrpcService.java:startImpl(302)) - s0: GrpcService started, listening on 34083
2023-06-29 03:32:49,456 [Time-limited test] INFO  server.GrpcService (GrpcService.java:startImpl(302)) - s0: GrpcService started, listening on 38787
2023-06-29 03:32:49,456 [s1-impl-thread1] INFO  server.RaftServerConfigKeys (ConfUtils.java:logGet(46)) - raft.server.storage.free-space.min = 0MB (=0) (default)
2023-06-29 03:32:49,456 [s1-impl-thread1] INFO  server.RaftServerConfigKeys (ConfUtils.java:logGet(46)) - raft.server.log.corruption.policy = EXCEPTION (default)
2023-06-29 03:32:49,457 [s1-impl-thread1] INFO  server.RaftServerConfigKeys (ConfUtils.java:logGet(46)) - raft.server.storage.dir = [/home/runner/work/ratis/ratis/ratis-test/target/test/data/ad2395e4/MiniRaftClusterWithRpcTypeGrpcAndDataStreamTypeNetty94e9b14/s1] (custom)
2023-06-29 03:32:49,456 [JvmPauseMonitor1] INFO  util.JvmPauseMonitor (JvmPauseMonitor.java:run(103)) - JvmPauseMonitor-s0: Started
2023-06-29 03:32:49,457 [s1-impl-thread1] INFO  storage.RaftStorageDirectory (RaftStorageDirectoryImpl.java:analyzeStorage(138)) - The storage directory /home/runner/work/ratis/ratis/ratis-test/target/test/data/ad2395e4/MiniRaftClusterWithRpcTypeGrpcAndDataStreamTypeNetty94e9b14/s1/330aed1f-5ef9-4cea-a7ff-09709d41b0db does not exist. Creating ...
2023-06-29 03:32:49,458 [s1-impl-thread1] TRACE util.FileUtils (LogUtils.java:runAndLog(49)) - Successfully ran Files.createDirectories /home/runner/work/ratis/ratis/ratis-test/target/test/data/ad2395e4/MiniRaftClusterWithRpcTypeGrpcAndDataStreamTypeNetty94e9b14/s1/330aed1f-5ef9-4cea-a7ff-09709d41b0db
2023-06-29 03:32:49,459 [s1-impl-thread1] INFO  storage.RaftStorageDirectory (RaftStorageDirectoryImpl.java:tryLock(232)) - Lock on /home/runner/work/ratis/ratis/ratis-test/target/test/data/ad2395e4/MiniRaftClusterWithRpcTypeGrpcAndDataStreamTypeNetty94e9b14/s1/330aed1f-5ef9-4cea-a7ff-09709d41b0db/in_use.lock acquired by nodename 11425@fv-az33-183
2023-06-29 03:32:49,459 [s1-impl-thread1] TRACE util.FileUtils (LogUtils.java:runAndLog(49)) - Successfully ran Files.createDirectories /home/runner/work/ratis/ratis/ratis-test/target/test/data/ad2395e4/MiniRaftClusterWithRpcTypeGrpcAndDataStreamTypeNetty94e9b14/s1/330aed1f-5ef9-4cea-a7ff-09709d41b0db/current
2023-06-29 03:32:49,459 [s1-impl-thread1] TRACE util.FileUtils (LogUtils.java:runAndLog(49)) - Successfully ran Files.createDirectories /home/runner/work/ratis/ratis/ratis-test/target/test/data/ad2395e4/MiniRaftClusterWithRpcTypeGrpcAndDataStreamTypeNetty94e9b14/s1/330aed1f-5ef9-4cea-a7ff-09709d41b0db/sm
2023-06-29 03:32:49,460 [s1-impl-thread1] INFO  storage.RaftStorage (RaftStorageImpl.java:format(96)) - Storage directory /home/runner/work/ratis/ratis/ratis-test/target/test/data/ad2395e4/MiniRaftClusterWithRpcTypeGrpcAndDataStreamTypeNetty94e9b14/s1/330aed1f-5ef9-4cea-a7ff-09709d41b0db has been successfully formatted.
2023-06-29 03:32:49,460 [s1-impl-thread1] INFO  server.RaftServerConfigKeys (ConfUtils.java:logGet(46)) - raft.server.log.use.memory = false (default)
2023-06-29 03:32:49,460 [s1-impl-thread1] INFO  server.RaftServerConfigKeys (ConfUtils.java:logGet(46)) - raft.server.log.purge.gap = 1024 (default)
2023-06-29 03:32:49,460 [s1-impl-thread1] INFO  server.RaftServerConfigKeys (ConfUtils.java:logGet(46)) - raft.server.log.appender.buffer.byte-limit = 4MB (=4194304) (default)
2023-06-29 03:32:49,460 [s1-impl-thread1] INFO  server.RaftServerConfigKeys (ConfUtils.java:logGet(46)) - raft.server.log.statemachine.data.read.timeout = 1000ms (default)
2023-06-29 03:32:49,460 [s1-impl-thread1] INFO  server.RaftServerConfigKeys (ConfUtils.java:logGet(46)) - raft.server.log.purge.preservation.log.num = 0 (default)
2023-06-29 03:32:49,461 [s1-impl-thread1] INFO  server.RaftServerConfigKeys (ConfUtils.java:logGet(46)) - raft.server.log.segment.size.max = 8MB (=8388608) (default)
2023-06-29 03:32:49,461 [s1-impl-thread1] INFO  server.RaftServerConfigKeys (ConfUtils.java:logGet(46)) - raft.server.log.segment.cache.num.max = 6 (default)
2023-06-29 03:32:49,461 [s1-impl-thread1] INFO  server.RaftServerConfigKeys (ConfUtils.java:logGet(46)) - raft.server.log.segment.cache.size.max = 200MB (=209715200) (default)
2023-06-29 03:32:49,461 [s1-impl-thread1] INFO  server.RaftServerConfigKeys (ConfUtils.java:logGet(46)) - raft.server.log.appender.buffer.byte-limit = 4MB (=4194304) (default)
2023-06-29 03:32:49,461 [s1-impl-thread1] INFO  segmented.SegmentedRaftLogWorker (SegmentedRaftLogWorker.java:<init>(183)) - new s1@group-09709D41B0DB-SegmentedRaftLogWorker for RaftStorageImpl:Storage Directory /home/runner/work/ratis/ratis/ratis-test/target/test/data/ad2395e4/MiniRaftClusterWithRpcTypeGrpcAndDataStreamTypeNetty94e9b14/s1/330aed1f-5ef9-4cea-a7ff-09709d41b0db
2023-06-29 03:32:49,461 [s1-impl-thread1] INFO  server.RaftServerConfigKeys (ConfUtils.java:logGet(46)) - raft.server.log.queue.byte-limit = 64MB (=67108864) (default)
2023-06-29 03:32:49,461 [s1-impl-thread1] INFO  server.RaftServerConfigKeys (ConfUtils.java:logGet(46)) - raft.server.log.queue.element-limit = 4096 (default)
2023-06-29 03:32:49,461 [s1-impl-thread1] INFO  server.RaftServerConfigKeys (ConfUtils.java:logGet(46)) - raft.server.log.segment.size.max = 8MB (=8388608) (default)
2023-06-29 03:32:49,462 [s1-impl-thread1] INFO  server.RaftServerConfigKeys (ConfUtils.java:logGet(46)) - raft.server.log.preallocated.size = 4MB (=4194304) (default)
2023-06-29 03:32:49,462 [s1-impl-thread1] INFO  server.RaftServerConfigKeys (ConfUtils.java:logGet(46)) - raft.server.log.force.sync.num = 128 (default)
2023-06-29 03:32:49,462 [s1-impl-thread1] INFO  server.RaftServerConfigKeys (ConfUtils.java:logGet(46)) - raft.server.log.statemachine.data.sync = true (default)
2023-06-29 03:32:49,462 [s1-impl-thread1] INFO  server.RaftServerConfigKeys (ConfUtils.java:logGet(46)) - raft.server.log.statemachine.data.sync.timeout = 10s (default)
2023-06-29 03:32:49,462 [s1-impl-thread1] INFO  server.RaftServerConfigKeys (ConfUtils.java:logGet(46)) - raft.server.log.statemachine.data.sync.timeout.retry = -1 (default)
2023-06-29 03:32:49,462 [s1-impl-thread1] INFO  server.RaftServerConfigKeys (ConfUtils.java:logGet(46)) - raft.server.log.write.buffer.size = 64KB (=65536) (default)
2023-06-29 03:32:49,462 [s1-impl-thread1] INFO  server.RaftServerConfigKeys (ConfUtils.java:logGet(46)) - raft.server.log.appender.buffer.byte-limit = 4MB (=4194304) (default)
2023-06-29 03:32:49,467 [s1-impl-thread1] INFO  server.RaftServerConfigKeys (ConfUtils.java:logGet(46)) - raft.server.log.unsafe-flush.enabled = false (default)
2023-06-29 03:32:49,468 [s1-impl-thread1] INFO  server.RaftServerConfigKeys (ConfUtils.java:logGet(46)) - raft.server.log.async-flush.enabled = false (default)
2023-06-29 03:32:49,468 [s1-impl-thread1] INFO  server.RaftServerConfigKeys (ConfUtils.java:logGet(46)) - raft.server.log.statemachine.data.caching.enabled = false (default)
2023-06-29 03:32:49,468 [s1-impl-thread1] INFO  segmented.SegmentedRaftLogWorker (SegmentedRaftLogWorker.java:lambda$new$0(134)) - s1@group-09709D41B0DB-SegmentedRaftLogWorker: flushIndex: setUnconditionally 0 -> -1
2023-06-29 03:32:49,468 [s1-impl-thread1] INFO  segmented.SegmentedRaftLogWorker (SegmentedRaftLogWorker.java:lambda$new$0(134)) - s1@group-09709D41B0DB-SegmentedRaftLogWorker: safeCacheEvictIndex: setUnconditionally 0 -> -1
2023-06-29 03:32:49,470 [s1-impl-thread1] INFO  server.RaftServer$Division (RaftServerImpl.java:start(384)) - s1@group-09709D41B0DB: start as a follower, conf=-1: peers:[s0|rpc:localhost:34083|admin:localhost:38787|client:localhost:33075|dataStream:localhost:39011|priority:0|startupRole:FOLLOWER, s1|rpc:localhost:33139|admin:localhost:43529|client:localhost:45027|dataStream:localhost:36939|priority:0|startupRole:FOLLOWER, s2|rpc:localhost:38471|admin:localhost:33067|client:localhost:37939|dataStream:localhost:44447|priority:0|startupRole:FOLLOWER]|listeners:[], old=null
2023-06-29 03:32:49,470 [s1-impl-thread1] INFO  server.RaftServer$Division (RaftServerImpl.java:setRole(371)) - s1@group-09709D41B0DB: changes role from      null to FOLLOWER at term 0 for startAsFollower
2023-06-29 03:32:49,470 [s1-impl-thread1] INFO  impl.RoleInfo (RoleInfo.java:updateAndGet(139)) - s1: start s1@group-09709D41B0DB-FollowerState
2023-06-29 03:32:49,470 [s1-impl-thread1] INFO  util.JmxRegister (JmxRegister.java:tryRegister(44)) - Successfully registered JMX Bean with object name Ratis:service=RaftServer,group=group-09709D41B0DB,id=s1
2023-06-29 03:32:49,470 [s1-impl-thread1] INFO  server.RaftServerConfigKeys (ConfUtils.java:logGet(46)) - raft.server.snapshot.auto.trigger.enabled = false (default)
2023-06-29 03:32:49,470 [s1-impl-thread1] INFO  server.RaftServerConfigKeys (ConfUtils.java:logGet(46)) - raft.server.snapshot.retention.file.num = -1 (default)
2023-06-29 03:32:49,470 [s1-impl-thread1] INFO  server.RaftServerConfigKeys (ConfUtils.java:logGet(46)) - raft.server.log.purge.upto.snapshot.index = false (default)
2023-06-29 03:32:49,472 [s1@group-09709D41B0DB-FollowerState] INFO  server.RaftServerConfigKeys (ConfUtils.java:logFallback(53)) - raft.server.rpc.first-election.timeout.min = 2s (fallback to raft.server.rpc.timeout.min)
2023-06-29 03:32:49,476 [s1@group-09709D41B0DB-FollowerState] INFO  server.RaftServerConfigKeys (ConfUtils.java:logFallback(53)) - raft.server.rpc.first-election.timeout.max = 3s (fallback to raft.server.rpc.timeout.max)
2023-06-29 03:32:49,476 [Time-limited test] INFO  server.RaftServer (RaftServerProxy.java:startImpl(401)) - s1: start RPC server
2023-06-29 03:32:49,478 [Time-limited test] INFO  server.GrpcService (GrpcService.java:startImpl(302)) - s1: GrpcService started, listening on 45027
2023-06-29 03:32:49,479 [Time-limited test] INFO  server.GrpcService (GrpcService.java:startImpl(302)) - s1: GrpcService started, listening on 33139
2023-06-29 03:32:49,481 [Time-limited test] INFO  server.GrpcService (GrpcService.java:startImpl(302)) - s1: GrpcService started, listening on 43529
2023-06-29 03:32:49,482 [s2-impl-thread1] INFO  server.RaftServerConfigKeys (ConfUtils.java:logGet(46)) - raft.server.storage.free-space.min = 0MB (=0) (default)
2023-06-29 03:32:49,482 [s2-impl-thread1] INFO  server.RaftServerConfigKeys (ConfUtils.java:logGet(46)) - raft.server.log.corruption.policy = EXCEPTION (default)
2023-06-29 03:32:49,482 [s2-impl-thread1] INFO  server.RaftServerConfigKeys (ConfUtils.java:logGet(46)) - raft.server.storage.dir = [/home/runner/work/ratis/ratis/ratis-test/target/test/data/ad2395e4/MiniRaftClusterWithRpcTypeGrpcAndDataStreamTypeNetty94e9b14/s2] (custom)
2023-06-29 03:32:49,482 [s2-impl-thread1] INFO  storage.RaftStorageDirectory (RaftStorageDirectoryImpl.java:analyzeStorage(138)) - The storage directory /home/runner/work/ratis/ratis/ratis-test/target/test/data/ad2395e4/MiniRaftClusterWithRpcTypeGrpcAndDataStreamTypeNetty94e9b14/s2/330aed1f-5ef9-4cea-a7ff-09709d41b0db does not exist. Creating ...
2023-06-29 03:32:49,482 [s2-impl-thread1] TRACE util.FileUtils (LogUtils.java:runAndLog(49)) - Successfully ran Files.createDirectories /home/runner/work/ratis/ratis/ratis-test/target/test/data/ad2395e4/MiniRaftClusterWithRpcTypeGrpcAndDataStreamTypeNetty94e9b14/s2/330aed1f-5ef9-4cea-a7ff-09709d41b0db
2023-06-29 03:32:49,483 [s2-impl-thread1] INFO  storage.RaftStorageDirectory (RaftStorageDirectoryImpl.java:tryLock(232)) - Lock on /home/runner/work/ratis/ratis/ratis-test/target/test/data/ad2395e4/MiniRaftClusterWithRpcTypeGrpcAndDataStreamTypeNetty94e9b14/s2/330aed1f-5ef9-4cea-a7ff-09709d41b0db/in_use.lock acquired by nodename 11425@fv-az33-183
2023-06-29 03:32:49,483 [s2-impl-thread1] TRACE util.FileUtils (LogUtils.java:runAndLog(49)) - Successfully ran Files.createDirectories /home/runner/work/ratis/ratis/ratis-test/target/test/data/ad2395e4/MiniRaftClusterWithRpcTypeGrpcAndDataStreamTypeNetty94e9b14/s2/330aed1f-5ef9-4cea-a7ff-09709d41b0db/current
2023-06-29 03:32:49,484 [s2-impl-thread1] TRACE util.FileUtils (LogUtils.java:runAndLog(49)) - Successfully ran Files.createDirectories /home/runner/work/ratis/ratis/ratis-test/target/test/data/ad2395e4/MiniRaftClusterWithRpcTypeGrpcAndDataStreamTypeNetty94e9b14/s2/330aed1f-5ef9-4cea-a7ff-09709d41b0db/sm
2023-06-29 03:32:49,484 [JvmPauseMonitor2] INFO  util.JvmPauseMonitor (JvmPauseMonitor.java:run(103)) - JvmPauseMonitor-s1: Started
2023-06-29 03:32:49,484 [s2-impl-thread1] INFO  storage.RaftStorage (RaftStorageImpl.java:format(96)) - Storage directory /home/runner/work/ratis/ratis/ratis-test/target/test/data/ad2395e4/MiniRaftClusterWithRpcTypeGrpcAndDataStreamTypeNetty94e9b14/s2/330aed1f-5ef9-4cea-a7ff-09709d41b0db has been successfully formatted.
2023-06-29 03:32:49,485 [s2-impl-thread1] INFO  server.RaftServerConfigKeys (ConfUtils.java:logGet(46)) - raft.server.log.use.memory = false (default)
2023-06-29 03:32:49,485 [s2-impl-thread1] INFO  server.RaftServerConfigKeys (ConfUtils.java:logGet(46)) - raft.server.log.purge.gap = 1024 (default)
2023-06-29 03:32:49,485 [s2-impl-thread1] INFO  server.RaftServerConfigKeys (ConfUtils.java:logGet(46)) - raft.server.log.appender.buffer.byte-limit = 4MB (=4194304) (default)
2023-06-29 03:32:49,485 [s2-impl-thread1] INFO  server.RaftServerConfigKeys (ConfUtils.java:logGet(46)) - raft.server.log.statemachine.data.read.timeout = 1000ms (default)
2023-06-29 03:32:49,485 [s2-impl-thread1] INFO  server.RaftServerConfigKeys (ConfUtils.java:logGet(46)) - raft.server.log.purge.preservation.log.num = 0 (default)
2023-06-29 03:32:49,486 [s2-impl-thread1] INFO  server.RaftServerConfigKeys (ConfUtils.java:logGet(46)) - raft.server.log.segment.size.max = 8MB (=8388608) (default)
2023-06-29 03:32:49,486 [s2-impl-thread1] INFO  server.RaftServerConfigKeys (ConfUtils.java:logGet(46)) - raft.server.log.segment.cache.num.max = 6 (default)
2023-06-29 03:32:49,486 [s2-impl-thread1] INFO  server.RaftServerConfigKeys (ConfUtils.java:logGet(46)) - raft.server.log.segment.cache.size.max = 200MB (=209715200) (default)
2023-06-29 03:32:49,486 [s2-impl-thread1] INFO  server.RaftServerConfigKeys (ConfUtils.java:logGet(46)) - raft.server.log.appender.buffer.byte-limit = 4MB (=4194304) (default)
2023-06-29 03:32:49,486 [s2-impl-thread1] INFO  segmented.SegmentedRaftLogWorker (SegmentedRaftLogWorker.java:<init>(183)) - new s2@group-09709D41B0DB-SegmentedRaftLogWorker for RaftStorageImpl:Storage Directory /home/runner/work/ratis/ratis/ratis-test/target/test/data/ad2395e4/MiniRaftClusterWithRpcTypeGrpcAndDataStreamTypeNetty94e9b14/s2/330aed1f-5ef9-4cea-a7ff-09709d41b0db
2023-06-29 03:32:49,486 [s2-impl-thread1] INFO  server.RaftServerConfigKeys (ConfUtils.java:logGet(46)) - raft.server.log.queue.byte-limit = 64MB (=67108864) (default)
2023-06-29 03:32:49,486 [s2-impl-thread1] INFO  server.RaftServerConfigKeys (ConfUtils.java:logGet(46)) - raft.server.log.queue.element-limit = 4096 (default)
2023-06-29 03:32:49,486 [s2-impl-thread1] INFO  server.RaftServerConfigKeys (ConfUtils.java:logGet(46)) - raft.server.log.segment.size.max = 8MB (=8388608) (default)
2023-06-29 03:32:49,486 [s2-impl-thread1] INFO  server.RaftServerConfigKeys (ConfUtils.java:logGet(46)) - raft.server.log.preallocated.size = 4MB (=4194304) (default)
2023-06-29 03:32:49,486 [s2-impl-thread1] INFO  server.RaftServerConfigKeys (ConfUtils.java:logGet(46)) - raft.server.log.force.sync.num = 128 (default)
2023-06-29 03:32:49,486 [s2-impl-thread1] INFO  server.RaftServerConfigKeys (ConfUtils.java:logGet(46)) - raft.server.log.statemachine.data.sync = true (default)
2023-06-29 03:32:49,486 [s2-impl-thread1] INFO  server.RaftServerConfigKeys (ConfUtils.java:logGet(46)) - raft.server.log.statemachine.data.sync.timeout = 10s (default)
2023-06-29 03:32:49,486 [s2-impl-thread1] INFO  server.RaftServerConfigKeys (ConfUtils.java:logGet(46)) - raft.server.log.statemachine.data.sync.timeout.retry = -1 (default)
2023-06-29 03:32:49,486 [s2-impl-thread1] INFO  server.RaftServerConfigKeys (ConfUtils.java:logGet(46)) - raft.server.log.write.buffer.size = 64KB (=65536) (default)
2023-06-29 03:32:49,487 [s2-impl-thread1] INFO  server.RaftServerConfigKeys (ConfUtils.java:logGet(46)) - raft.server.log.appender.buffer.byte-limit = 4MB (=4194304) (default)
2023-06-29 03:32:49,488 [s2-impl-thread1] INFO  server.RaftServerConfigKeys (ConfUtils.java:logGet(46)) - raft.server.log.unsafe-flush.enabled = false (default)
2023-06-29 03:32:49,488 [s2-impl-thread1] INFO  server.RaftServerConfigKeys (ConfUtils.java:logGet(46)) - raft.server.log.async-flush.enabled = false (default)
2023-06-29 03:32:49,488 [s2-impl-thread1] INFO  server.RaftServerConfigKeys (ConfUtils.java:logGet(46)) - raft.server.log.statemachine.data.caching.enabled = false (default)
2023-06-29 03:32:49,488 [s2-impl-thread1] INFO  segmented.SegmentedRaftLogWorker (SegmentedRaftLogWorker.java:lambda$new$0(134)) - s2@group-09709D41B0DB-SegmentedRaftLogWorker: flushIndex: setUnconditionally 0 -> -1
2023-06-29 03:32:49,488 [s2-impl-thread1] INFO  segmented.SegmentedRaftLogWorker (SegmentedRaftLogWorker.java:lambda$new$0(134)) - s2@group-09709D41B0DB-SegmentedRaftLogWorker: safeCacheEvictIndex: setUnconditionally 0 -> -1
2023-06-29 03:32:49,493 [s2-impl-thread1] INFO  server.RaftServer$Division (RaftServerImpl.java:start(384)) - s2@group-09709D41B0DB: start as a follower, conf=-1: peers:[s0|rpc:localhost:34083|admin:localhost:38787|client:localhost:33075|dataStream:localhost:39011|priority:0|startupRole:FOLLOWER, s1|rpc:localhost:33139|admin:localhost:43529|client:localhost:45027|dataStream:localhost:36939|priority:0|startupRole:FOLLOWER, s2|rpc:localhost:38471|admin:localhost:33067|client:localhost:37939|dataStream:localhost:44447|priority:0|startupRole:FOLLOWER]|listeners:[], old=null
2023-06-29 03:32:49,493 [s2-impl-thread1] INFO  server.RaftServer$Division (RaftServerImpl.java:setRole(371)) - s2@group-09709D41B0DB: changes role from      null to FOLLOWER at term 0 for startAsFollower
2023-06-29 03:32:49,493 [s2-impl-thread1] INFO  impl.RoleInfo (RoleInfo.java:updateAndGet(139)) - s2: start s2@group-09709D41B0DB-FollowerState
2023-06-29 03:32:49,494 [s2-impl-thread1] INFO  util.JmxRegister (JmxRegister.java:tryRegister(44)) - Successfully registered JMX Bean with object name Ratis:service=RaftServer,group=group-09709D41B0DB,id=s2
2023-06-29 03:32:49,494 [s2-impl-thread1] INFO  server.RaftServerConfigKeys (ConfUtils.java:logGet(46)) - raft.server.snapshot.auto.trigger.enabled = false (default)
2023-06-29 03:32:49,494 [s2-impl-thread1] INFO  server.RaftServerConfigKeys (ConfUtils.java:logGet(46)) - raft.server.snapshot.retention.file.num = -1 (default)
2023-06-29 03:32:49,494 [s2-impl-thread1] INFO  server.RaftServerConfigKeys (ConfUtils.java:logGet(46)) - raft.server.log.purge.upto.snapshot.index = false (default)
2023-06-29 03:32:49,494 [s2@group-09709D41B0DB-FollowerState] INFO  server.RaftServerConfigKeys (ConfUtils.java:logFallback(53)) - raft.server.rpc.first-election.timeout.min = 2s (fallback to raft.server.rpc.timeout.min)
2023-06-29 03:32:49,501 [s2@group-09709D41B0DB-FollowerState] INFO  server.RaftServerConfigKeys (ConfUtils.java:logFallback(53)) - raft.server.rpc.first-election.timeout.max = 3s (fallback to raft.server.rpc.timeout.max)
2023-06-29 03:32:49,501 [Time-limited test] INFO  server.RaftServer (RaftServerProxy.java:startImpl(401)) - s2: start RPC server
2023-06-29 03:32:49,506 [Time-limited test] INFO  server.GrpcService (GrpcService.java:startImpl(302)) - s2: GrpcService started, listening on 37939
2023-06-29 03:32:49,507 [Time-limited test] INFO  server.GrpcService (GrpcService.java:startImpl(302)) - s2: GrpcService started, listening on 38471
2023-06-29 03:32:49,509 [Time-limited test] INFO  server.GrpcService (GrpcService.java:startImpl(302)) - s2: GrpcService started, listening on 33067
2023-06-29 03:32:49,510 [JvmPauseMonitor3] INFO  util.JvmPauseMonitor (JvmPauseMonitor.java:run(103)) - JvmPauseMonitor-s2: Started
2023-06-29 03:32:49,514 [Time-limited test] INFO  server.RaftServerConfigKeys (ConfUtils.java:logGet(46)) - raft.server.rpc.timeout.max = 3s (custom)
2023-06-29 03:32:49,514 [Time-limited test] INFO  ratis.RaftTestUtil (RaftTestUtil.java:waitForLeader(100)) - printing ALL groups
  s0:  RUNNING  FOLLOWER s0@group-09709D41B0DB:t0, leader=null, voted=, raftlog=Memoized:s0@group-09709D41B0DB-SegmentedRaftLog:OPENED:c-1, conf=-1: peers:[s0|rpc:localhost:34083|admin:localhost:38787|client:localhost:33075|dataStream:localhost:39011|priority:0|startupRole:FOLLOWER, s1|rpc:localhost:33139|admin:localhost:43529|client:localhost:45027|dataStream:localhost:36939|priority:0|startupRole:FOLLOWER, s2|rpc:localhost:38471|admin:localhost:33067|client:localhost:37939|dataStream:localhost:44447|priority:0|startupRole:FOLLOWER]|listeners:[], old=null RUNNING
  s1:  RUNNING  FOLLOWER s1@group-09709D41B0DB:t0, leader=null, voted=, raftlog=Memoized:s1@group-09709D41B0DB-SegmentedRaftLog:OPENED:c-1, conf=-1: peers:[s0|rpc:localhost:34083|admin:localhost:38787|client:localhost:33075|dataStream:localhost:39011|priority:0|startupRole:FOLLOWER, s1|rpc:localhost:33139|admin:localhost:43529|client:localhost:45027|dataStream:localhost:36939|priority:0|startupRole:FOLLOWER, s2|rpc:localhost:38471|admin:localhost:33067|client:localhost:37939|dataStream:localhost:44447|priority:0|startupRole:FOLLOWER]|listeners:[], old=null RUNNING
  s2:  RUNNING  FOLLOWER s2@group-09709D41B0DB:t0, leader=null, voted=, raftlog=Memoized:s2@group-09709D41B0DB-SegmentedRaftLog:OPENED:c-1, conf=-1: peers:[s0|rpc:localhost:34083|admin:localhost:38787|client:localhost:33075|dataStream:localhost:39011|priority:0|startupRole:FOLLOWER, s1|rpc:localhost:33139|admin:localhost:43529|client:localhost:45027|dataStream:localhost:36939|priority:0|startupRole:FOLLOWER, s2|rpc:localhost:38471|admin:localhost:33067|client:localhost:37939|dataStream:localhost:44447|priority:0|startupRole:FOLLOWER]|listeners:[], old=null RUNNING
2023-06-29 03:32:49,514 [Time-limited test] WARN  ratis.RaftTestUtil (JavaUtils.java:attempt(217)) - FAILED "waitForLeader-null-(expectLeader? true)", attempt #1/100: java.lang.IllegalStateException: No leader yet : printing ALL groups
  s0:  RUNNING  FOLLOWER s0@group-09709D41B0DB:t0, leader=null, voted=, raftlog=Memoized:s0@group-09709D41B0DB-SegmentedRaftLog:OPENED:c-1, conf=-1: peers:[s0|rpc:localhost:34083|admin:localhost:38787|client:localhost:33075|dataStream:localhost:39011|priority:0|startupRole:FOLLOWER, s1|rpc:localhost:33139|admin:localhost:43529|client:localhost:45027|dataStream:localhost:36939|priority:0|startupRole:FOLLOWER, s2|rpc:localhost:38471|admin:localhost:33067|client:localhost:37939|dataStream:localhost:44447|priority:0|startupRole:FOLLOWER]|listeners:[], old=null RUNNING
  s1:  RUNNING  FOLLOWER s1@group-09709D41B0DB:t0, leader=null, voted=, raftlog=Memoized:s1@group-09709D41B0DB-SegmentedRaftLog:OPENED:c-1, conf=-1: peers:[s0|rpc:localhost:34083|admin:localhost:38787|client:localhost:33075|dataStream:localhost:39011|priority:0|startupRole:FOLLOWER, s1|rpc:localhost:33139|admin:localhost:43529|client:localhost:45027|dataStream:localhost:36939|priority:0|startupRole:FOLLOWER, s2|rpc:localhost:38471|admin:localhost:33067|client:localhost:37939|dataStream:localhost:44447|priority:0|startupRole:FOLLOWER]|listeners:[], old=null RUNNING
  s2:  RUNNING  FOLLOWER s2@group-09709D41B0DB:t0, leader=null, voted=, raftlog=Memoized:s2@group-09709D41B0DB-SegmentedRaftLog:OPENED:c-1, conf=-1: peers:[s0|rpc:localhost:34083|admin:localhost:38787|client:localhost:33075|dataStream:localhost:39011|priority:0|startupRole:FOLLOWER, s1|rpc:localhost:33139|admin:localhost:43529|client:localhost:45027|dataStream:localhost:36939|priority:0|startupRole:FOLLOWER, s2|rpc:localhost:38471|admin:localhost:33067|client:localhost:37939|dataStream:localhost:44447|priority:0|startupRole:FOLLOWER]|listeners:[], old=null RUNNING, sleep 4s and then retry.
java.lang.IllegalStateException: No leader yet : printing ALL groups
  s0:  RUNNING  FOLLOWER s0@group-09709D41B0DB:t0, leader=null, voted=, raftlog=Memoized:s0@group-09709D41B0DB-SegmentedRaftLog:OPENED:c-1, conf=-1: peers:[s0|rpc:localhost:34083|admin:localhost:38787|client:localhost:33075|dataStream:localhost:39011|priority:0|startupRole:FOLLOWER, s1|rpc:localhost:33139|admin:localhost:43529|client:localhost:45027|dataStream:localhost:36939|priority:0|startupRole:FOLLOWER, s2|rpc:localhost:38471|admin:localhost:33067|client:localhost:37939|dataStream:localhost:44447|priority:0|startupRole:FOLLOWER]|listeners:[], old=null RUNNING
  s1:  RUNNING  FOLLOWER s1@group-09709D41B0DB:t0, leader=null, voted=, raftlog=Memoized:s1@group-09709D41B0DB-SegmentedRaftLog:OPENED:c-1, conf=-1: peers:[s0|rpc:localhost:34083|admin:localhost:38787|client:localhost:33075|dataStream:localhost:39011|priority:0|startupRole:FOLLOWER, s1|rpc:localhost:33139|admin:localhost:43529|client:localhost:45027|dataStream:localhost:36939|priority:0|startupRole:FOLLOWER, s2|rpc:localhost:38471|admin:localhost:33067|client:localhost:37939|dataStream:localhost:44447|priority:0|startupRole:FOLLOWER]|listeners:[], old=null RUNNING
  s2:  RUNNING  FOLLOWER s2@group-09709D41B0DB:t0, leader=null, voted=, raftlog=Memoized:s2@group-09709D41B0DB-SegmentedRaftLog:OPENED:c-1, conf=-1: peers:[s0|rpc:localhost:34083|admin:localhost:38787|client:localhost:33075|dataStream:localhost:39011|priority:0|startupRole:FOLLOWER, s1|rpc:localhost:33139|admin:localhost:43529|client:localhost:45027|dataStream:localhost:36939|priority:0|startupRole:FOLLOWER, s2|rpc:localhost:38471|admin:localhost:33067|client:localhost:37939|dataStream:localhost:44447|priority:0|startupRole:FOLLOWER]|listeners:[], old=null RUNNING
	at org.apache.ratis.server.impl.MiniRaftCluster.newIllegalStateExceptionForNoLeaders(MiniRaftCluster.java:581)
	at org.apache.ratis.RaftTestUtil.lambda$waitForLeader$1(RaftTestUtil.java:104)
	at org.apache.ratis.server.impl.MiniRaftCluster.getLeader(MiniRaftCluster.java:615)
	at org.apache.ratis.server.impl.MiniRaftCluster.getLeader(MiniRaftCluster.java:608)
	at org.apache.ratis.RaftTestUtil.lambda$waitForLeader$3(RaftTestUtil.java:112)
	at org.apache.ratis.util.JavaUtils.attempt(JavaUtils.java:211)
	at org.apache.ratis.util.JavaUtils.attemptRepeatedly(JavaUtils.java:197)
	at org.apache.ratis.RaftTestUtil.waitForLeader(RaftTestUtil.java:111)
	at org.apache.ratis.RaftTestUtil.waitForLeader(RaftTestUtil.java:92)
	at org.apache.ratis.RaftTestUtil.waitForLeader(RaftTestUtil.java:87)
	at org.apache.ratis.datastream.DataStreamAsyncClusterTests.runTestDataStream(DataStreamAsyncClusterTests.java:90)
	at org.apache.ratis.datastream.DataStreamAsyncClusterTests.runTestDataStream(DataStreamAsyncClusterTests.java:86)
	at org.apache.ratis.server.impl.MiniRaftCluster$Factory$Get.runWithNewCluster(MiniRaftCluster.java:141)
	at org.apache.ratis.server.impl.MiniRaftCluster$Factory$Get.runWithNewCluster(MiniRaftCluster.java:121)
	at org.apache.ratis.datastream.DataStreamAsyncClusterTests.testMultipleStreamsMultipleServers(DataStreamAsyncClusterTests.java:69)
	at java.base/jdk.internal.reflect.NativeMethodAccessorImpl.invoke0(Native Method)
	at java.base/jdk.internal.reflect.NativeMethodAccessorImpl.invoke(NativeMethodAccessorImpl.java:62)
	at java.base/jdk.internal.reflect.DelegatingMethodAccessorImpl.invoke(DelegatingMethodAccessorImpl.java:43)
	at java.base/java.lang.reflect.Method.invoke(Method.java:566)
	at org.junit.runners.model.FrameworkMethod$1.runReflectiveCall(FrameworkMethod.java:59)
	at org.junit.internal.runners.model.ReflectiveCallable.run(ReflectiveCallable.java:12)
	at org.junit.runners.model.FrameworkMethod.invokeExplosively(FrameworkMethod.java:56)
	at org.junit.internal.runners.statements.InvokeMethod.evaluate(InvokeMethod.java:17)
	at org.junit.internal.runners.statements.RunBefores.evaluate(RunBefores.java:26)
	at org.junit.internal.runners.statements.RunAfters.evaluate(RunAfters.java:27)
	at org.junit.internal.runners.statements.FailOnTimeout$CallableStatement.call(FailOnTimeout.java:299)
	at org.junit.internal.runners.statements.FailOnTimeout$CallableStatement.call(FailOnTimeout.java:293)
	at java.base/java.util.concurrent.FutureTask.run(FutureTask.java:264)
	at java.base/java.lang.Thread.run(Thread.java:829)
2023-06-29 03:32:51,519 [s0@group-09709D41B0DB-FollowerState] INFO  impl.FollowerState (FollowerState.java:run(143)) - s0@group-09709D41B0DB-FollowerState: change to CANDIDATE, lastRpcElapsedTime:2073129106ns, electionTimeout:2065ms
2023-06-29 03:32:51,520 [s0@group-09709D41B0DB-FollowerState] INFO  impl.RoleInfo (RoleInfo.java:shutdownFollowerState(110)) - s0: shutdown s0@group-09709D41B0DB-FollowerState
2023-06-29 03:32:51,520 [s0@group-09709D41B0DB-FollowerState] INFO  server.RaftServer$Division (RaftServerImpl.java:setRole(371)) - s0@group-09709D41B0DB: changes role from  FOLLOWER to CANDIDATE at term 0 for changeToCandidate
2023-06-29 03:32:51,520 [s0@group-09709D41B0DB-FollowerState] INFO  server.RaftServerConfigKeys (ConfUtils.java:logGet(46)) - raft.server.leaderelection.pre-vote = true (default)
2023-06-29 03:32:51,520 [s0@group-09709D41B0DB-FollowerState] INFO  impl.RoleInfo (RoleInfo.java:updateAndGet(139)) - s0: start s0@group-09709D41B0DB-LeaderElection2
2023-06-29 03:32:51,522 [s0@group-09709D41B0DB-LeaderElection2] INFO  impl.LeaderElection (LeaderElection.java:askForVotes(320)) - s0@group-09709D41B0DB-LeaderElection2 PRE_VOTE round 0: submit vote requests at term 0 for -1: peers:[s0|rpc:localhost:34083|admin:localhost:38787|client:localhost:33075|dataStream:localhost:39011|priority:0|startupRole:FOLLOWER, s1|rpc:localhost:33139|admin:localhost:43529|client:localhost:45027|dataStream:localhost:36939|priority:0|startupRole:FOLLOWER, s2|rpc:localhost:38471|admin:localhost:33067|client:localhost:37939|dataStream:localhost:44447|priority:0|startupRole:FOLLOWER]|listeners:[], old=null
2023-06-29 03:32:51,526 [s0@group-09709D41B0DB-LeaderElection2-1] INFO  server.GrpcServerProtocolClient (GrpcServerProtocolClient.java:<init>(65)) - Build channel for s1
2023-06-29 03:32:51,529 [s0@group-09709D41B0DB-LeaderElection2] INFO  server.RaftServerConfigKeys (ConfUtils.java:logFallback(53)) - raft.server.rpc.first-election.timeout.min = 2s (fallback to raft.server.rpc.timeout.min)
2023-06-29 03:32:51,534 [s0@group-09709D41B0DB-LeaderElection2] INFO  server.RaftServerConfigKeys (ConfUtils.java:logFallback(53)) - raft.server.rpc.first-election.timeout.max = 3s (fallback to raft.server.rpc.timeout.max)
2023-06-29 03:32:51,541 [s0@group-09709D41B0DB-LeaderElection2-2] INFO  server.GrpcServerProtocolClient (GrpcServerProtocolClient.java:<init>(65)) - Build channel for s2
2023-06-29 03:32:51,551 [grpc-default-executor-1] INFO  server.RaftServer$Division (RaftServerImpl.java:requestVote(1337)) - s1@group-09709D41B0DB: receive requestVote(PRE_VOTE, s0, group-09709D41B0DB, 0, (t:0, i:0))
2023-06-29 03:32:51,554 [grpc-default-executor-1] INFO  impl.VoteContext (VoteContext.java:log(49)) - s1@group-09709D41B0DB-FOLLOWER: accept PRE_VOTE from s0: our priority 0 <= candidate's priority 0
2023-06-29 03:32:51,558 [grpc-default-executor-1] INFO  server.RaftServer$Division (RaftServerImpl.java:requestVote(1370)) - s1@group-09709D41B0DB replies to PRE_VOTE vote request: s0<-s1#0:OK-t0. Peer's state: s1@group-09709D41B0DB:t0, leader=null, voted=, raftlog=Memoized:s1@group-09709D41B0DB-SegmentedRaftLog:OPENED:c-1, conf=-1: peers:[s0|rpc:localhost:34083|admin:localhost:38787|client:localhost:33075|dataStream:localhost:39011|priority:0|startupRole:FOLLOWER, s1|rpc:localhost:33139|admin:localhost:43529|client:localhost:45027|dataStream:localhost:36939|priority:0|startupRole:FOLLOWER, s2|rpc:localhost:38471|admin:localhost:33067|client:localhost:37939|dataStream:localhost:44447|priority:0|startupRole:FOLLOWER]|listeners:[], old=null
2023-06-29 03:32:51,560 [s0@group-09709D41B0DB-LeaderElection2] INFO  impl.LeaderElection (LeaderElection.java:logAndReturn(89)) - s0@group-09709D41B0DB-LeaderElection2: PRE_VOTE PASSED received 1 response(s) and 0 exception(s):
2023-06-29 03:32:51,560 [s0@group-09709D41B0DB-LeaderElection2] INFO  impl.LeaderElection (LeaderElection.java:logAndReturn(93)) -   Response 0: s0<-s1#0:OK-t0
2023-06-29 03:32:51,560 [s0@group-09709D41B0DB-LeaderElection2] INFO  impl.LeaderElection (LeaderElection.java:askForVotes(322)) - s0@group-09709D41B0DB-LeaderElection2 PRE_VOTE round 0: result PASSED
2023-06-29 03:32:51,562 [s0@group-09709D41B0DB-LeaderElection2] INFO  impl.LeaderElection (LeaderElection.java:askForVotes(320)) - s0@group-09709D41B0DB-LeaderElection2 ELECTION round 0: submit vote requests at term 1 for -1: peers:[s0|rpc:localhost:34083|admin:localhost:38787|client:localhost:33075|dataStream:localhost:39011|priority:0|startupRole:FOLLOWER, s1|rpc:localhost:33139|admin:localhost:43529|client:localhost:45027|dataStream:localhost:36939|priority:0|startupRole:FOLLOWER, s2|rpc:localhost:38471|admin:localhost:33067|client:localhost:37939|dataStream:localhost:44447|priority:0|startupRole:FOLLOWER]|listeners:[], old=null
2023-06-29 03:32:51,563 [grpc-default-executor-0] INFO  server.RaftServer$Division (RaftServerImpl.java:requestVote(1337)) - s2@group-09709D41B0DB: receive requestVote(PRE_VOTE, s0, group-09709D41B0DB, 0, (t:0, i:0))
2023-06-29 03:32:51,564 [s0@group-09709D41B0DB-LeaderElection2] INFO  server.RaftServerConfigKeys (ConfUtils.java:logFallback(53)) - raft.server.rpc.first-election.timeout.min = 2s (fallback to raft.server.rpc.timeout.min)
2023-06-29 03:32:51,567 [s0@group-09709D41B0DB-LeaderElection2] INFO  server.RaftServerConfigKeys (ConfUtils.java:logFallback(53)) - raft.server.rpc.first-election.timeout.max = 3s (fallback to raft.server.rpc.timeout.max)
2023-06-29 03:32:51,566 [grpc-default-executor-0] INFO  impl.VoteContext (VoteContext.java:log(49)) - s2@group-09709D41B0DB-FOLLOWER: accept PRE_VOTE from s0: our priority 0 <= candidate's priority 0
2023-06-29 03:32:51,567 [grpc-default-executor-0] INFO  server.RaftServer$Division (RaftServerImpl.java:requestVote(1370)) - s2@group-09709D41B0DB replies to PRE_VOTE vote request: s0<-s2#0:OK-t0. Peer's state: s2@group-09709D41B0DB:t0, leader=null, voted=, raftlog=Memoized:s2@group-09709D41B0DB-SegmentedRaftLog:OPENED:c-1, conf=-1: peers:[s0|rpc:localhost:34083|admin:localhost:38787|client:localhost:33075|dataStream:localhost:39011|priority:0|startupRole:FOLLOWER, s1|rpc:localhost:33139|admin:localhost:43529|client:localhost:45027|dataStream:localhost:36939|priority:0|startupRole:FOLLOWER, s2|rpc:localhost:38471|admin:localhost:33067|client:localhost:37939|dataStream:localhost:44447|priority:0|startupRole:FOLLOWER]|listeners:[], old=null
2023-06-29 03:32:51,567 [grpc-default-executor-1] INFO  server.RaftServer$Division (RaftServerImpl.java:requestVote(1337)) - s1@group-09709D41B0DB: receive requestVote(ELECTION, s0, group-09709D41B0DB, 1, (t:0, i:0))
2023-06-29 03:32:51,567 [grpc-default-executor-1] INFO  impl.VoteContext (VoteContext.java:log(49)) - s1@group-09709D41B0DB-FOLLOWER: accept ELECTION from s0: our priority 0 <= candidate's priority 0
2023-06-29 03:32:51,567 [grpc-default-executor-1] INFO  server.RaftServer$Division (RaftServerImpl.java:setRole(371)) - s1@group-09709D41B0DB: changes role from  FOLLOWER to FOLLOWER at term 1 for candidate:s0
2023-06-29 03:32:51,568 [grpc-default-executor-1] INFO  impl.RoleInfo (RoleInfo.java:shutdownFollowerState(110)) - s1: shutdown s1@group-09709D41B0DB-FollowerState
2023-06-29 03:32:51,568 [s1@group-09709D41B0DB-FollowerState] INFO  impl.FollowerState (FollowerState.java:run(152)) - s1@group-09709D41B0DB-FollowerState was interrupted
2023-06-29 03:32:51,570 [grpc-default-executor-1] INFO  impl.RoleInfo (RoleInfo.java:updateAndGet(139)) - s1: start s1@group-09709D41B0DB-FollowerState
2023-06-29 03:32:51,573 [grpc-default-executor-1] INFO  server.RaftServer$Division (RaftServerImpl.java:requestVote(1370)) - s1@group-09709D41B0DB replies to ELECTION vote request: s0<-s1#0:OK-t1. Peer's state: s1@group-09709D41B0DB:t1, leader=null, voted=s0, raftlog=Memoized:s1@group-09709D41B0DB-SegmentedRaftLog:OPENED:c-1, conf=-1: peers:[s0|rpc:localhost:34083|admin:localhost:38787|client:localhost:33075|dataStream:localhost:39011|priority:0|startupRole:FOLLOWER, s1|rpc:localhost:33139|admin:localhost:43529|client:localhost:45027|dataStream:localhost:36939|priority:0|startupRole:FOLLOWER, s2|rpc:localhost:38471|admin:localhost:33067|client:localhost:37939|dataStream:localhost:44447|priority:0|startupRole:FOLLOWER]|listeners:[], old=null
2023-06-29 03:32:51,574 [s0@group-09709D41B0DB-LeaderElection2] INFO  impl.LeaderElection (LeaderElection.java:logAndReturn(89)) - s0@group-09709D41B0DB-LeaderElection2: ELECTION PASSED received 1 response(s) and 0 exception(s):
2023-06-29 03:32:51,574 [s0@group-09709D41B0DB-LeaderElection2] INFO  impl.LeaderElection (LeaderElection.java:logAndReturn(93)) -   Response 0: s0<-s1#0:OK-t1
2023-06-29 03:32:51,574 [s0@group-09709D41B0DB-LeaderElection2] INFO  impl.LeaderElection (LeaderElection.java:askForVotes(322)) - s0@group-09709D41B0DB-LeaderElection2 ELECTION round 0: result PASSED
2023-06-29 03:32:51,574 [s0@group-09709D41B0DB-LeaderElection2] INFO  impl.RoleInfo (RoleInfo.java:shutdownLeaderElection(130)) - s0: shutdown s0@group-09709D41B0DB-LeaderElection2
2023-06-29 03:32:51,574 [s0@group-09709D41B0DB-LeaderElection2] INFO  server.RaftServer$Division (RaftServerImpl.java:setRole(371)) - s0@group-09709D41B0DB: changes role from CANDIDATE to LEADER at term 1 for changeToLeader
2023-06-29 03:32:51,574 [s0@group-09709D41B0DB-LeaderElection2] INFO  server.RaftServer$Division (ServerState.java:setLeader(260)) - s0@group-09709D41B0DB: change Leader from null to s0 at term 1 for becomeLeader, leader elected after 2170ms
2023-06-29 03:32:51,574 [s0@group-09709D41B0DB-LeaderElection2] INFO  server.RaftServerConfigKeys (ConfUtils.java:logGet(46)) - raft.server.staging.catchup.gap = 1000 (default)
2023-06-29 03:32:51,574 [s0@group-09709D41B0DB-LeaderElection2] INFO  server.RaftServerConfigKeys (ConfUtils.java:logGet(46)) - raft.server.write.element-limit = 4096 (default)
2023-06-29 03:32:51,574 [s0@group-09709D41B0DB-LeaderElection2] INFO  server.RaftServerConfigKeys (ConfUtils.java:logGet(46)) - raft.server.write.byte-limit = 64MB (=67108864) (default)
2023-06-29 03:32:51,574 [s0@group-09709D41B0DB-LeaderElection2] INFO  server.RaftServerConfigKeys (ConfUtils.java:logGet(46)) - raft.server.watch.timeout = 10s (default)
2023-06-29 03:32:51,575 [s0@group-09709D41B0DB-LeaderElection2] INFO  server.RaftServerConfigKeys (ConfUtils.java:logGet(46)) - raft.server.watch.timeout.denomination = 1s (default)
2023-06-29 03:32:51,575 [s0@group-09709D41B0DB-LeaderElection2] INFO  server.RaftServerConfigKeys (ConfUtils.java:logGet(46)) - raft.server.watch.element-limit = 65536 (default)
2023-06-29 03:32:51,575 [s0@group-09709D41B0DB-LeaderElection2] INFO  server.RaftServerConfigKeys (ConfUtils.java:logGet(46)) - raft.server.write.element-limit = 4096 (default)
2023-06-29 03:32:51,575 [s0@group-09709D41B0DB-LeaderElection2] INFO  server.RaftServerConfigKeys (ConfUtils.java:logGet(46)) - raft.server.write.follower.gap.ratio.max = -1.0 (default)
2023-06-29 03:32:51,580 [grpc-default-executor-0] INFO  server.RaftServer$Division (RaftServerImpl.java:requestVote(1337)) - s2@group-09709D41B0DB: receive requestVote(ELECTION, s0, group-09709D41B0DB, 1, (t:0, i:0))
2023-06-29 03:32:51,580 [grpc-default-executor-0] INFO  impl.VoteContext (VoteContext.java:log(49)) - s2@group-09709D41B0DB-FOLLOWER: accept ELECTION from s0: our priority 0 <= candidate's priority 0
2023-06-29 03:32:51,580 [grpc-default-executor-0] INFO  server.RaftServer$Division (RaftServerImpl.java:setRole(371)) - s2@group-09709D41B0DB: changes role from  FOLLOWER to FOLLOWER at term 1 for candidate:s0
2023-06-29 03:32:51,580 [grpc-default-executor-0] INFO  impl.RoleInfo (RoleInfo.java:shutdownFollowerState(110)) - s2: shutdown s2@group-09709D41B0DB-FollowerState
2023-06-29 03:32:51,581 [grpc-default-executor-0] INFO  impl.RoleInfo (RoleInfo.java:updateAndGet(139)) - s2: start s2@group-09709D41B0DB-FollowerState
2023-06-29 03:32:51,582 [grpc-default-executor-0] INFO  server.RaftServer$Division (RaftServerImpl.java:requestVote(1370)) - s2@group-09709D41B0DB replies to ELECTION vote request: s0<-s2#0:OK-t1. Peer's state: s2@group-09709D41B0DB:t1, leader=null, voted=s0, raftlog=Memoized:s2@group-09709D41B0DB-SegmentedRaftLog:OPENED:c-1, conf=-1: peers:[s0|rpc:localhost:34083|admin:localhost:38787|client:localhost:33075|dataStream:localhost:39011|priority:0|startupRole:FOLLOWER, s1|rpc:localhost:33139|admin:localhost:43529|client:localhost:45027|dataStream:localhost:36939|priority:0|startupRole:FOLLOWER, s2|rpc:localhost:38471|admin:localhost:33067|client:localhost:37939|dataStream:localhost:44447|priority:0|startupRole:FOLLOWER]|listeners:[], old=null
2023-06-29 03:32:51,585 [s2@group-09709D41B0DB-FollowerState] INFO  impl.FollowerState (FollowerState.java:run(152)) - s2@group-09709D41B0DB-FollowerState was interrupted
2023-06-29 03:32:51,587 [s0@group-09709D41B0DB-LeaderElection2] INFO  server.RaftServerConfigKeys (ConfUtils.java:logGet(46)) - raft.server.log.appender.snapshot.chunk.size.max = 16MB (=16777216) (default)
2023-06-29 03:32:51,587 [s0@group-09709D41B0DB-LeaderElection2] INFO  server.RaftServerConfigKeys (ConfUtils.java:logGet(46)) - raft.server.log.appender.buffer.byte-limit = 4MB (=4194304) (default)
2023-06-29 03:32:51,588 [s0@group-09709D41B0DB-LeaderElection2] INFO  server.RaftServerConfigKeys (ConfUtils.java:logGet(46)) - raft.server.log.appender.buffer.element-limit = 0 (default)
2023-06-29 03:32:51,589 [s0@group-09709D41B0DB-LeaderElection2] INFO  server.RaftServerConfigKeys (ConfUtils.java:logGet(46)) - raft.server.log.appender.wait-time.min = 10ms (default)
2023-06-29 03:32:51,590 [s0@group-09709D41B0DB-LeaderElection2] INFO  grpc.GrpcConfigKeys (ConfUtils.java:logGet(46)) - raft.grpc.server.leader.outstanding.appends.max = 128 (default)
2023-06-29 03:32:51,590 [s0@group-09709D41B0DB-LeaderElection2] INFO  server.RaftServerConfigKeys (ConfUtils.java:logGet(46)) - raft.server.rpc.request.timeout = 3000ms (default)
2023-06-29 03:32:51,590 [s0@group-09709D41B0DB-LeaderElection2] INFO  grpc.GrpcConfigKeys (ConfUtils.java:logGet(46)) - raft.grpc.server.install_snapshot.request.element-limit = 8 (default)
2023-06-29 03:32:51,590 [s0@group-09709D41B0DB-LeaderElection2] INFO  grpc.GrpcConfigKeys (ConfUtils.java:logGet(46)) - raft.grpc.server.install_snapshot.request.timeout = 3000ms (default)
2023-06-29 03:32:51,590 [s0@group-09709D41B0DB-LeaderElection2] INFO  server.RaftServerConfigKeys (ConfUtils.java:logGet(46)) - raft.server.log.appender.install.snapshot.enabled = true (default)
2023-06-29 03:32:51,590 [s0@group-09709D41B0DB-LeaderElection2] INFO  grpc.GrpcConfigKeys (ConfUtils.java:logGet(46)) - raft.grpc.server.heartbeat.channel = true (default)
2023-06-29 03:32:51,593 [s0@group-09709D41B0DB-LeaderElection2] INFO  server.RaftServerConfigKeys (ConfUtils.java:logGet(46)) - raft.server.log.appender.snapshot.chunk.size.max = 16MB (=16777216) (default)
2023-06-29 03:32:51,594 [s0@group-09709D41B0DB-LeaderElection2] INFO  server.RaftServerConfigKeys (ConfUtils.java:logGet(46)) - raft.server.log.appender.buffer.byte-limit = 4MB (=4194304) (default)
2023-06-29 03:32:51,594 [s0@group-09709D41B0DB-LeaderElection2] INFO  server.RaftServerConfigKeys (ConfUtils.java:logGet(46)) - raft.server.log.appender.buffer.element-limit = 0 (default)
2023-06-29 03:32:51,594 [s0@group-09709D41B0DB-LeaderElection2] INFO  server.RaftServerConfigKeys (ConfUtils.java:logGet(46)) - raft.server.log.appender.wait-time.min = 10ms (default)
2023-06-29 03:32:51,594 [s0@group-09709D41B0DB-LeaderElection2] INFO  grpc.GrpcConfigKeys (ConfUtils.java:logGet(46)) - raft.grpc.server.leader.outstanding.appends.max = 128 (default)
2023-06-29 03:32:51,594 [s0@group-09709D41B0DB-LeaderElection2] INFO  server.RaftServerConfigKeys (ConfUtils.java:logGet(46)) - raft.server.rpc.request.timeout = 3000ms (default)
2023-06-29 03:32:51,594 [s0@group-09709D41B0DB-LeaderElection2] INFO  grpc.GrpcConfigKeys (ConfUtils.java:logGet(46)) - raft.grpc.server.install_snapshot.request.element-limit = 8 (default)
2023-06-29 03:32:51,594 [s0@group-09709D41B0DB-LeaderElection2] INFO  grpc.GrpcConfigKeys (ConfUtils.java:logGet(46)) - raft.grpc.server.install_snapshot.request.timeout = 3000ms (default)
2023-06-29 03:32:51,594 [s0@group-09709D41B0DB-LeaderElection2] INFO  server.RaftServerConfigKeys (ConfUtils.java:logGet(46)) - raft.server.log.appender.install.snapshot.enabled = true (default)
2023-06-29 03:32:51,594 [s0@group-09709D41B0DB-LeaderElection2] INFO  grpc.GrpcConfigKeys (ConfUtils.java:logGet(46)) - raft.grpc.server.heartbeat.channel = true (default)
2023-06-29 03:32:51,594 [s0@group-09709D41B0DB-LeaderElection2] INFO  impl.RoleInfo (RoleInfo.java:updateAndGet(139)) - s0: start s0@group-09709D41B0DB-LeaderStateImpl
2023-06-29 03:32:51,595 [s0@group-09709D41B0DB-LeaderElection2] INFO  segmented.SegmentedRaftLogWorker (SegmentedRaftLogWorker.java:startLogSegment(426)) - s0@group-09709D41B0DB-SegmentedRaftLogWorker: Starting segment from index:0
2023-06-29 03:32:51,603 [s0@group-09709D41B0DB-SegmentedRaftLogWorker] INFO  segmented.SegmentedRaftLogWorker (SegmentedRaftLogWorker.java:execute(630)) - s0@group-09709D41B0DB-SegmentedRaftLogWorker: created new log segment /home/runner/work/ratis/ratis/ratis-test/target/test/data/ad2395e4/MiniRaftClusterWithRpcTypeGrpcAndDataStreamTypeNetty94e9b14/s0/330aed1f-5ef9-4cea-a7ff-09709d41b0db/current/log_inprogress_0
2023-06-29 03:32:51,605 [s0@group-09709D41B0DB-LeaderElection2] INFO  server.RaftServer$Division (ServerState.java:setRaftConf(377)) - s0@group-09709D41B0DB: set configuration 0: peers:[s0|rpc:localhost:34083|admin:localhost:38787|client:localhost:33075|dataStream:localhost:39011|priority:0|startupRole:FOLLOWER, s1|rpc:localhost:33139|admin:localhost:43529|client:localhost:45027|dataStream:localhost:36939|priority:0|startupRole:FOLLOWER, s2|rpc:localhost:38471|admin:localhost:33067|client:localhost:37939|dataStream:localhost:44447|priority:0|startupRole:FOLLOWER]|listeners:[], old=null
2023-06-29 03:32:51,630 [s2-server-thread1] INFO  server.RaftServer$Division (ServerState.java:setLeader(260)) - s2@group-09709D41B0DB: change Leader from null to s0 at term 1 for appendEntries, leader elected after 2194ms
2023-06-29 03:32:51,630 [s1-server-thread1] INFO  server.RaftServer$Division (ServerState.java:setLeader(260)) - s1@group-09709D41B0DB: change Leader from null to s0 at term 1 for appendEntries, leader elected after 2211ms
2023-06-29 03:32:51,639 [s1-server-thread2] INFO  server.RaftServer$Division (ServerState.java:setRaftConf(377)) - s1@group-09709D41B0DB: set configuration 0: peers:[s0|rpc:localhost:34083|admin:localhost:38787|client:localhost:33075|dataStream:localhost:39011|priority:0|startupRole:FOLLOWER, s1|rpc:localhost:33139|admin:localhost:43529|client:localhost:45027|dataStream:localhost:36939|priority:0|startupRole:FOLLOWER, s2|rpc:localhost:38471|admin:localhost:33067|client:localhost:37939|dataStream:localhost:44447|priority:0|startupRole:FOLLOWER]|listeners:[], old=null
2023-06-29 03:32:51,639 [s2-server-thread2] INFO  server.RaftServer$Division (ServerState.java:setRaftConf(377)) - s2@group-09709D41B0DB: set configuration 0: peers:[s0|rpc:localhost:34083|admin:localhost:38787|client:localhost:33075|dataStream:localhost:39011|priority:0|startupRole:FOLLOWER, s1|rpc:localhost:33139|admin:localhost:43529|client:localhost:45027|dataStream:localhost:36939|priority:0|startupRole:FOLLOWER, s2|rpc:localhost:38471|admin:localhost:33067|client:localhost:37939|dataStream:localhost:44447|priority:0|startupRole:FOLLOWER]|listeners:[], old=null
2023-06-29 03:32:51,639 [s1-server-thread2] INFO  segmented.SegmentedRaftLogWorker (SegmentedRaftLogWorker.java:startLogSegment(426)) - s1@group-09709D41B0DB-SegmentedRaftLogWorker: Starting segment from index:0
2023-06-29 03:32:51,646 [s2-server-thread2] INFO  segmented.SegmentedRaftLogWorker (SegmentedRaftLogWorker.java:startLogSegment(426)) - s2@group-09709D41B0DB-SegmentedRaftLogWorker: Starting segment from index:0
2023-06-29 03:32:51,650 [s1@group-09709D41B0DB-SegmentedRaftLogWorker] INFO  segmented.SegmentedRaftLogWorker (SegmentedRaftLogWorker.java:execute(630)) - s1@group-09709D41B0DB-SegmentedRaftLogWorker: created new log segment /home/runner/work/ratis/ratis/ratis-test/target/test/data/ad2395e4/MiniRaftClusterWithRpcTypeGrpcAndDataStreamTypeNetty94e9b14/s1/330aed1f-5ef9-4cea-a7ff-09709d41b0db/current/log_inprogress_0
2023-06-29 03:32:51,660 [s2@group-09709D41B0DB-SegmentedRaftLogWorker] INFO  segmented.SegmentedRaftLogWorker (SegmentedRaftLogWorker.java:execute(630)) - s2@group-09709D41B0DB-SegmentedRaftLogWorker: created new log segment /home/runner/work/ratis/ratis/ratis-test/target/test/data/ad2395e4/MiniRaftClusterWithRpcTypeGrpcAndDataStreamTypeNetty94e9b14/s2/330aed1f-5ef9-4cea-a7ff-09709d41b0db/current/log_inprogress_0
2023-06-29 03:32:53,515 [Time-limited test] INFO  ratis.RaftTestUtil (RaftTestUtil.java:waitForLeader(119)) - printing ALL groups
  s0:  RUNNING    LEADER s0@group-09709D41B0DB:t1, leader=s0, voted=s0, raftlog=Memoized:s0@group-09709D41B0DB-SegmentedRaftLog:OPENED:c0, conf=0: peers:[s0|rpc:localhost:34083|admin:localhost:38787|client:localhost:33075|dataStream:localhost:39011|priority:0|startupRole:FOLLOWER, s1|rpc:localhost:33139|admin:localhost:43529|client:localhost:45027|dataStream:localhost:36939|priority:0|startupRole:FOLLOWER, s2|rpc:localhost:38471|admin:localhost:33067|client:localhost:37939|dataStream:localhost:44447|priority:0|startupRole:FOLLOWER]|listeners:[], old=null RUNNING
  s1:  RUNNING  FOLLOWER s1@group-09709D41B0DB:t1, leader=s0, voted=s0, raftlog=Memoized:s1@group-09709D41B0DB-SegmentedRaftLog:OPENED:c0, conf=0: peers:[s0|rpc:localhost:34083|admin:localhost:38787|client:localhost:33075|dataStream:localhost:39011|priority:0|startupRole:FOLLOWER, s1|rpc:localhost:33139|admin:localhost:43529|client:localhost:45027|dataStream:localhost:36939|priority:0|startupRole:FOLLOWER, s2|rpc:localhost:38471|admin:localhost:33067|client:localhost:37939|dataStream:localhost:44447|priority:0|startupRole:FOLLOWER]|listeners:[], old=null RUNNING
  s2:  RUNNING  FOLLOWER s2@group-09709D41B0DB:t1, leader=s0, voted=s0, raftlog=Memoized:s2@group-09709D41B0DB-SegmentedRaftLog:OPENED:c0, conf=0: peers:[s0|rpc:localhost:34083|admin:localhost:38787|client:localhost:33075|dataStream:localhost:39011|priority:0|startupRole:FOLLOWER, s1|rpc:localhost:33139|admin:localhost:43529|client:localhost:45027|dataStream:localhost:36939|priority:0|startupRole:FOLLOWER, s2|rpc:localhost:38471|admin:localhost:33067|client:localhost:37939|dataStream:localhost:44447|priority:0|startupRole:FOLLOWER]|listeners:[], old=null RUNNING
2023-06-29 03:32:53,516 [pool-5-thread-3] INFO  server.RaftServerConfigKeys (ConfUtils.java:logGet(46)) - raft.server.rpc.timeout.max = 3s (custom)
2023-06-29 03:32:53,517 [pool-5-thread-4] INFO  server.RaftServerConfigKeys (ConfUtils.java:logGet(46)) - raft.server.rpc.timeout.max = 3s (custom)
2023-06-29 03:32:53,529 [pool-5-thread-3] INFO  ratis.RaftTestUtil (RaftTestUtil.java:waitForLeader(100)) - printing ALL groups
  s0:  RUNNING    LEADER s0@group-09709D41B0DB:t1, leader=s0, voted=s0, raftlog=Memoized:s0@group-09709D41B0DB-SegmentedRaftLog:OPENED:c0, conf=0: peers:[s0|rpc:localhost:34083|admin:localhost:38787|client:localhost:33075|dataStream:localhost:39011|priority:0|startupRole:FOLLOWER, s1|rpc:localhost:33139|admin:localhost:43529|client:localhost:45027|dataStream:localhost:36939|priority:0|startupRole:FOLLOWER, s2|rpc:localhost:38471|admin:localhost:33067|client:localhost:37939|dataStream:localhost:44447|priority:0|startupRole:FOLLOWER]|listeners:[], old=null RUNNING
  s1:  RUNNING  FOLLOWER s1@group-09709D41B0DB:t1, leader=s0, voted=s0, raftlog=Memoized:s1@group-09709D41B0DB-SegmentedRaftLog:OPENED:c0, conf=0: peers:[s0|rpc:localhost:34083|admin:localhost:38787|client:localhost:33075|dataStream:localhost:39011|priority:0|startupRole:FOLLOWER, s1|rpc:localhost:33139|admin:localhost:43529|client:localhost:45027|dataStream:localhost:36939|priority:0|startupRole:FOLLOWER, s2|rpc:localhost:38471|admin:localhost:33067|client:localhost:37939|dataStream:localhost:44447|priority:0|startupRole:FOLLOWER]|listeners:[], old=null RUNNING
  s2:  RUNNING  FOLLOWER s2@group-09709D41B0DB:t1, leader=s0, voted=s0, raftlog=Memoized:s2@group-09709D41B0DB-SegmentedRaftLog:OPENED:c0, conf=0: peers:[s0|rpc:localhost:34083|admin:localhost:38787|client:localhost:33075|dataStream:localhost:39011|priority:0|startupRole:FOLLOWER, s1|rpc:localhost:33139|admin:localhost:43529|client:localhost:45027|dataStream:localhost:36939|priority:0|startupRole:FOLLOWER, s2|rpc:localhost:38471|admin:localhost:33067|client:localhost:37939|dataStream:localhost:44447|priority:0|startupRole:FOLLOWER]|listeners:[], old=null RUNNING
2023-06-29 03:32:53,530 [pool-5-thread-3] INFO  ratis.RaftTestUtil (RaftTestUtil.java:waitForLeader(119)) - printing ALL groups
  s0:  RUNNING    LEADER s0@group-09709D41B0DB:t1, leader=s0, voted=s0, raftlog=Memoized:s0@group-09709D41B0DB-SegmentedRaftLog:OPENED:c0, conf=0: peers:[s0|rpc:localhost:34083|admin:localhost:38787|client:localhost:33075|dataStream:localhost:39011|priority:0|startupRole:FOLLOWER, s1|rpc:localhost:33139|admin:localhost:43529|client:localhost:45027|dataStream:localhost:36939|priority:0|startupRole:FOLLOWER, s2|rpc:localhost:38471|admin:localhost:33067|client:localhost:37939|dataStream:localhost:44447|priority:0|startupRole:FOLLOWER]|listeners:[], old=null RUNNING
  s1:  RUNNING  FOLLOWER s1@group-09709D41B0DB:t1, leader=s0, voted=s0, raftlog=Memoized:s1@group-09709D41B0DB-SegmentedRaftLog:OPENED:c0, conf=0: peers:[s0|rpc:localhost:34083|admin:localhost:38787|client:localhost:33075|dataStream:localhost:39011|priority:0|startupRole:FOLLOWER, s1|rpc:localhost:33139|admin:localhost:43529|client:localhost:45027|dataStream:localhost:36939|priority:0|startupRole:FOLLOWER, s2|rpc:localhost:38471|admin:localhost:33067|client:localhost:37939|dataStream:localhost:44447|priority:0|startupRole:FOLLOWER]|listeners:[], old=null RUNNING
  s2:  RUNNING  FOLLOWER s2@group-09709D41B0DB:t1, leader=s0, voted=s0, raftlog=Memoized:s2@group-09709D41B0DB-SegmentedRaftLog:OPENED:c0, conf=0: peers:[s0|rpc:localhost:34083|admin:localhost:38787|client:localhost:33075|dataStream:localhost:39011|priority:0|startupRole:FOLLOWER, s1|rpc:localhost:33139|admin:localhost:43529|client:localhost:45027|dataStream:localhost:36939|priority:0|startupRole:FOLLOWER, s2|rpc:localhost:38471|admin:localhost:33067|client:localhost:37939|dataStream:localhost:44447|priority:0|startupRole:FOLLOWER]|listeners:[], old=null RUNNING
2023-06-29 03:32:53,530 [pool-5-thread-3] INFO  client.DataStreamClient (ConfUtils.java:logGet(46)) - raft.datastream.type = NETTY (custom)
2023-06-29 03:32:53,530 [pool-5-thread-3] INFO  netty.NettyConfigKeys$DataStream (ConfUtils.java:logGet(46)) - raft.netty.dataStream.client.tls.conf = null (default)
2023-06-29 03:32:53,530 [pool-5-thread-3] INFO  netty.NettyConfigKeys$DataStream (ConfUtils.java:logGet(46)) - raft.netty.dataStream.client.reply.queue.grace-period = 1s (default)
2023-06-29 03:32:53,530 [pool-5-thread-3] INFO  netty.NettyConfigKeys$DataStream (ConfUtils.java:logGet(46)) - raft.netty.dataStream.client.worker-group.share = false (default)
2023-06-29 03:32:53,530 [pool-5-thread-3] INFO  netty.NettyConfigKeys$DataStream (ConfUtils.java:logGet(46)) - raft.netty.dataStream.client.worker-group.size = 4 (default)
2023-06-29 03:32:53,531 [pool-5-thread-4] INFO  ratis.RaftTestUtil (RaftTestUtil.java:waitForLeader(100)) - printing ALL groups
  s0:  RUNNING    LEADER s0@group-09709D41B0DB:t1, leader=s0, voted=s0, raftlog=Memoized:s0@group-09709D41B0DB-SegmentedRaftLog:OPENED:c0, conf=0: peers:[s0|rpc:localhost:34083|admin:localhost:38787|client:localhost:33075|dataStream:localhost:39011|priority:0|startupRole:FOLLOWER, s1|rpc:localhost:33139|admin:localhost:43529|client:localhost:45027|dataStream:localhost:36939|priority:0|startupRole:FOLLOWER, s2|rpc:localhost:38471|admin:localhost:33067|client:localhost:37939|dataStream:localhost:44447|priority:0|startupRole:FOLLOWER]|listeners:[], old=null RUNNING
  s1:  RUNNING  FOLLOWER s1@group-09709D41B0DB:t1, leader=s0, voted=s0, raftlog=Memoized:s1@group-09709D41B0DB-SegmentedRaftLog:OPENED:c0, conf=0: peers:[s0|rpc:localhost:34083|admin:localhost:38787|client:localhost:33075|dataStream:localhost:39011|priority:0|startupRole:FOLLOWER, s1|rpc:localhost:33139|admin:localhost:43529|client:localhost:45027|dataStream:localhost:36939|priority:0|startupRole:FOLLOWER, s2|rpc:localhost:38471|admin:localhost:33067|client:localhost:37939|dataStream:localhost:44447|priority:0|startupRole:FOLLOWER]|listeners:[], old=null RUNNING
  s2:  RUNNING  FOLLOWER s2@group-09709D41B0DB:t1, leader=s0, voted=s0, raftlog=Memoized:s2@group-09709D41B0DB-SegmentedRaftLog:OPENED:c0, conf=0: peers:[s0|rpc:localhost:34083|admin:localhost:38787|client:localhost:33075|dataStream:localhost:39011|priority:0|startupRole:FOLLOWER, s1|rpc:localhost:33139|admin:localhost:43529|client:localhost:45027|dataStream:localhost:36939|priority:0|startupRole:FOLLOWER, s2|rpc:localhost:38471|admin:localhost:33067|client:localhost:37939|dataStream:localhost:44447|priority:0|startupRole:FOLLOWER]|listeners:[], old=null RUNNING
2023-06-29 03:32:53,534 [pool-5-thread-4] INFO  ratis.RaftTestUtil (RaftTestUtil.java:waitForLeader(119)) - printing ALL groups
  s0:  RUNNING    LEADER s0@group-09709D41B0DB:t1, leader=s0, voted=s0, raftlog=Memoized:s0@group-09709D41B0DB-SegmentedRaftLog:OPENED:c0, conf=0: peers:[s0|rpc:localhost:34083|admin:localhost:38787|client:localhost:33075|dataStream:localhost:39011|priority:0|startupRole:FOLLOWER, s1|rpc:localhost:33139|admin:localhost:43529|client:localhost:45027|dataStream:localhost:36939|priority:0|startupRole:FOLLOWER, s2|rpc:localhost:38471|admin:localhost:33067|client:localhost:37939|dataStream:localhost:44447|priority:0|startupRole:FOLLOWER]|listeners:[], old=null RUNNING
  s1:  RUNNING  FOLLOWER s1@group-09709D41B0DB:t1, leader=s0, voted=s0, raftlog=Memoized:s1@group-09709D41B0DB-SegmentedRaftLog:OPENED:c0, conf=0: peers:[s0|rpc:localhost:34083|admin:localhost:38787|client:localhost:33075|dataStream:localhost:39011|priority:0|startupRole:FOLLOWER, s1|rpc:localhost:33139|admin:localhost:43529|client:localhost:45027|dataStream:localhost:36939|priority:0|startupRole:FOLLOWER, s2|rpc:localhost:38471|admin:localhost:33067|client:localhost:37939|dataStream:localhost:44447|priority:0|startupRole:FOLLOWER]|listeners:[], old=null RUNNING
  s2:  RUNNING  FOLLOWER s2@group-09709D41B0DB:t1, leader=s0, voted=s0, raftlog=Memoized:s2@group-09709D41B0DB-SegmentedRaftLog:OPENED:c0, conf=0: peers:[s0|rpc:localhost:34083|admin:localhost:38787|client:localhost:33075|dataStream:localhost:39011|priority:0|startupRole:FOLLOWER, s1|rpc:localhost:33139|admin:localhost:43529|client:localhost:45027|dataStream:localhost:36939|priority:0|startupRole:FOLLOWER, s2|rpc:localhost:38471|admin:localhost:33067|client:localhost:37939|dataStream:localhost:44447|priority:0|startupRole:FOLLOWER]|listeners:[], old=null RUNNING
2023-06-29 03:32:53,535 [pool-5-thread-4] INFO  client.DataStreamClient (ConfUtils.java:logGet(46)) - raft.datastream.type = NETTY (custom)
2023-06-29 03:32:53,535 [pool-5-thread-4] INFO  netty.NettyConfigKeys$DataStream (ConfUtils.java:logGet(46)) - raft.netty.dataStream.client.tls.conf = null (default)
2023-06-29 03:32:53,535 [pool-5-thread-4] INFO  netty.NettyConfigKeys$DataStream (ConfUtils.java:logGet(46)) - raft.netty.dataStream.client.reply.queue.grace-period = 1s (default)
2023-06-29 03:32:53,535 [pool-5-thread-4] INFO  netty.NettyConfigKeys$DataStream (ConfUtils.java:logGet(46)) - raft.netty.dataStream.client.worker-group.share = false (default)
2023-06-29 03:32:53,535 [pool-5-thread-4] INFO  netty.NettyConfigKeys$DataStream (ConfUtils.java:logGet(46)) - raft.netty.dataStream.client.worker-group.size = 4 (default)
2023-06-29 03:32:53,522 [pool-5-thread-9] INFO  server.RaftServerConfigKeys (ConfUtils.java:logGet(46)) - raft.server.rpc.timeout.max = 3s (custom)
2023-06-29 03:32:53,538 [pool-5-thread-9] INFO  ratis.RaftTestUtil (RaftTestUtil.java:waitForLeader(100)) - printing ALL groups
  s0:  RUNNING    LEADER s0@group-09709D41B0DB:t1, leader=s0, voted=s0, raftlog=Memoized:s0@group-09709D41B0DB-SegmentedRaftLog:OPENED:c0, conf=0: peers:[s0|rpc:localhost:34083|admin:localhost:38787|client:localhost:33075|dataStream:localhost:39011|priority:0|startupRole:FOLLOWER, s1|rpc:localhost:33139|admin:localhost:43529|client:localhost:45027|dataStream:localhost:36939|priority:0|startupRole:FOLLOWER, s2|rpc:localhost:38471|admin:localhost:33067|client:localhost:37939|dataStream:localhost:44447|priority:0|startupRole:FOLLOWER]|listeners:[], old=null RUNNING
  s1:  RUNNING  FOLLOWER s1@group-09709D41B0DB:t1, leader=s0, voted=s0, raftlog=Memoized:s1@group-09709D41B0DB-SegmentedRaftLog:OPENED:c0, conf=0: peers:[s0|rpc:localhost:34083|admin:localhost:38787|client:localhost:33075|dataStream:localhost:39011|priority:0|startupRole:FOLLOWER, s1|rpc:localhost:33139|admin:localhost:43529|client:localhost:45027|dataStream:localhost:36939|priority:0|startupRole:FOLLOWER, s2|rpc:localhost:38471|admin:localhost:33067|client:localhost:37939|dataStream:localhost:44447|priority:0|startupRole:FOLLOWER]|listeners:[], old=null RUNNING
  s2:  RUNNING  FOLLOWER s2@group-09709D41B0DB:t1, leader=s0, voted=s0, raftlog=Memoized:s2@group-09709D41B0DB-SegmentedRaftLog:OPENED:c0, conf=0: peers:[s0|rpc:localhost:34083|admin:localhost:38787|client:localhost:33075|dataStream:localhost:39011|priority:0|startupRole:FOLLOWER, s1|rpc:localhost:33139|admin:localhost:43529|client:localhost:45027|dataStream:localhost:36939|priority:0|startupRole:FOLLOWER, s2|rpc:localhost:38471|admin:localhost:33067|client:localhost:37939|dataStream:localhost:44447|priority:0|startupRole:FOLLOWER]|listeners:[], old=null RUNNING
2023-06-29 03:32:53,538 [pool-5-thread-9] INFO  ratis.RaftTestUtil (RaftTestUtil.java:waitForLeader(119)) - printing ALL groups
  s0:  RUNNING    LEADER s0@group-09709D41B0DB:t1, leader=s0, voted=s0, raftlog=Memoized:s0@group-09709D41B0DB-SegmentedRaftLog:OPENED:c0, conf=0: peers:[s0|rpc:localhost:34083|admin:localhost:38787|client:localhost:33075|dataStream:localhost:39011|priority:0|startupRole:FOLLOWER, s1|rpc:localhost:33139|admin:localhost:43529|client:localhost:45027|dataStream:localhost:36939|priority:0|startupRole:FOLLOWER, s2|rpc:localhost:38471|admin:localhost:33067|client:localhost:37939|dataStream:localhost:44447|priority:0|startupRole:FOLLOWER]|listeners:[], old=null RUNNING
  s1:  RUNNING  FOLLOWER s1@group-09709D41B0DB:t1, leader=s0, voted=s0, raftlog=Memoized:s1@group-09709D41B0DB-SegmentedRaftLog:OPENED:c0, conf=0: peers:[s0|rpc:localhost:34083|admin:localhost:38787|client:localhost:33075|dataStream:localhost:39011|priority:0|startupRole:FOLLOWER, s1|rpc:localhost:33139|admin:localhost:43529|client:localhost:45027|dataStream:localhost:36939|priority:0|startupRole:FOLLOWER, s2|rpc:localhost:38471|admin:localhost:33067|client:localhost:37939|dataStream:localhost:44447|priority:0|startupRole:FOLLOWER]|listeners:[], old=null RUNNING
  s2:  RUNNING  FOLLOWER s2@group-09709D41B0DB:t1, leader=s0, voted=s0, raftlog=Memoized:s2@group-09709D41B0DB-SegmentedRaftLog:OPENED:c0, conf=0: peers:[s0|rpc:localhost:34083|admin:localhost:38787|client:localhost:33075|dataStream:localhost:39011|priority:0|startupRole:FOLLOWER, s1|rpc:localhost:33139|admin:localhost:43529|client:localhost:45027|dataStream:localhost:36939|priority:0|startupRole:FOLLOWER, s2|rpc:localhost:38471|admin:localhost:33067|client:localhost:37939|dataStream:localhost:44447|priority:0|startupRole:FOLLOWER]|listeners:[], old=null RUNNING
2023-06-29 03:32:53,539 [pool-5-thread-9] INFO  client.DataStreamClient (ConfUtils.java:logGet(46)) - raft.datastream.type = NETTY (custom)
2023-06-29 03:32:53,539 [pool-5-thread-9] INFO  netty.NettyConfigKeys$DataStream (ConfUtils.java:logGet(46)) - raft.netty.dataStream.client.tls.conf = null (default)
2023-06-29 03:32:53,522 [pool-5-thread-6] INFO  server.RaftServerConfigKeys (ConfUtils.java:logGet(46)) - raft.server.rpc.timeout.max = 3s (custom)
2023-06-29 03:32:53,522 [pool-5-thread-5] INFO  server.RaftServerConfigKeys (ConfUtils.java:logGet(46)) - raft.server.rpc.timeout.max = 3s (custom)
2023-06-29 03:32:53,540 [pool-5-thread-6] INFO  ratis.RaftTestUtil (RaftTestUtil.java:waitForLeader(100)) - printing ALL groups
  s0:  RUNNING    LEADER s0@group-09709D41B0DB:t1, leader=s0, voted=s0, raftlog=Memoized:s0@group-09709D41B0DB-SegmentedRaftLog:OPENED:c0, conf=0: peers:[s0|rpc:localhost:34083|admin:localhost:38787|client:localhost:33075|dataStream:localhost:39011|priority:0|startupRole:FOLLOWER, s1|rpc:localhost:33139|admin:localhost:43529|client:localhost:45027|dataStream:localhost:36939|priority:0|startupRole:FOLLOWER, s2|rpc:localhost:38471|admin:localhost:33067|client:localhost:37939|dataStream:localhost:44447|priority:0|startupRole:FOLLOWER]|listeners:[], old=null RUNNING
  s1:  RUNNING  FOLLOWER s1@group-09709D41B0DB:t1, leader=s0, voted=s0, raftlog=Memoized:s1@group-09709D41B0DB-SegmentedRaftLog:OPENED:c0, conf=0: peers:[s0|rpc:localhost:34083|admin:localhost:38787|client:localhost:33075|dataStream:localhost:39011|priority:0|startupRole:FOLLOWER, s1|rpc:localhost:33139|admin:localhost:43529|client:localhost:45027|dataStream:localhost:36939|priority:0|startupRole:FOLLOWER, s2|rpc:localhost:38471|admin:localhost:33067|client:localhost:37939|dataStream:localhost:44447|priority:0|startupRole:FOLLOWER]|listeners:[], old=null RUNNING
  s2:  RUNNING  FOLLOWER s2@group-09709D41B0DB:t1, leader=s0, voted=s0, raftlog=Memoized:s2@group-09709D41B0DB-SegmentedRaftLog:OPENED:c0, conf=0: peers:[s0|rpc:localhost:34083|admin:localhost:38787|client:localhost:33075|dataStream:localhost:39011|priority:0|startupRole:FOLLOWER, s1|rpc:localhost:33139|admin:localhost:43529|client:localhost:45027|dataStream:localhost:36939|priority:0|startupRole:FOLLOWER, s2|rpc:localhost:38471|admin:localhost:33067|client:localhost:37939|dataStream:localhost:44447|priority:0|startupRole:FOLLOWER]|listeners:[], old=null RUNNING
2023-06-29 03:32:53,522 [pool-5-thread-7] INFO  server.RaftServerConfigKeys (ConfUtils.java:logGet(46)) - raft.server.rpc.timeout.max = 3s (custom)
2023-06-29 03:32:53,540 [pool-5-thread-5] INFO  ratis.RaftTestUtil (RaftTestUtil.java:waitForLeader(100)) - printing ALL groups
  s0:  RUNNING    LEADER s0@group-09709D41B0DB:t1, leader=s0, voted=s0, raftlog=Memoized:s0@group-09709D41B0DB-SegmentedRaftLog:OPENED:c0, conf=0: peers:[s0|rpc:localhost:34083|admin:localhost:38787|client:localhost:33075|dataStream:localhost:39011|priority:0|startupRole:FOLLOWER, s1|rpc:localhost:33139|admin:localhost:43529|client:localhost:45027|dataStream:localhost:36939|priority:0|startupRole:FOLLOWER, s2|rpc:localhost:38471|admin:localhost:33067|client:localhost:37939|dataStream:localhost:44447|priority:0|startupRole:FOLLOWER]|listeners:[], old=null RUNNING
  s1:  RUNNING  FOLLOWER s1@group-09709D41B0DB:t1, leader=s0, voted=s0, raftlog=Memoized:s1@group-09709D41B0DB-SegmentedRaftLog:OPENED:c0, conf=0: peers:[s0|rpc:localhost:34083|admin:localhost:38787|client:localhost:33075|dataStream:localhost:39011|priority:0|startupRole:FOLLOWER, s1|rpc:localhost:33139|admin:localhost:43529|client:localhost:45027|dataStream:localhost:36939|priority:0|startupRole:FOLLOWER, s2|rpc:localhost:38471|admin:localhost:33067|client:localhost:37939|dataStream:localhost:44447|priority:0|startupRole:FOLLOWER]|listeners:[], old=null RUNNING
  s2:  RUNNING  FOLLOWER s2@group-09709D41B0DB:t1, leader=s0, voted=s0, raftlog=Memoized:s2@group-09709D41B0DB-SegmentedRaftLog:OPENED:c0, conf=0: peers:[s0|rpc:localhost:34083|admin:localhost:38787|client:localhost:33075|dataStream:localhost:39011|priority:0|startupRole:FOLLOWER, s1|rpc:localhost:33139|admin:localhost:43529|client:localhost:45027|dataStream:localhost:36939|priority:0|startupRole:FOLLOWER, s2|rpc:localhost:38471|admin:localhost:33067|client:localhost:37939|dataStream:localhost:44447|priority:0|startupRole:FOLLOWER]|listeners:[], old=null RUNNING
2023-06-29 03:32:53,541 [pool-5-thread-5] INFO  ratis.RaftTestUtil (RaftTestUtil.java:waitForLeader(119)) - printing ALL groups
  s0:  RUNNING    LEADER s0@group-09709D41B0DB:t1, leader=s0, voted=s0, raftlog=Memoized:s0@group-09709D41B0DB-SegmentedRaftLog:OPENED:c0, conf=0: peers:[s0|rpc:localhost:34083|admin:localhost:38787|client:localhost:33075|dataStream:localhost:39011|priority:0|startupRole:FOLLOWER, s1|rpc:localhost:33139|admin:localhost:43529|client:localhost:45027|dataStream:localhost:36939|priority:0|startupRole:FOLLOWER, s2|rpc:localhost:38471|admin:localhost:33067|client:localhost:37939|dataStream:localhost:44447|priority:0|startupRole:FOLLOWER]|listeners:[], old=null RUNNING
  s1:  RUNNING  FOLLOWER s1@group-09709D41B0DB:t1, leader=s0, voted=s0, raftlog=Memoized:s1@group-09709D41B0DB-SegmentedRaftLog:OPENED:c0, conf=0: peers:[s0|rpc:localhost:34083|admin:localhost:38787|client:localhost:33075|dataStream:localhost:39011|priority:0|startupRole:FOLLOWER, s1|rpc:localhost:33139|admin:localhost:43529|client:localhost:45027|dataStream:localhost:36939|priority:0|startupRole:FOLLOWER, s2|rpc:localhost:38471|admin:localhost:33067|client:localhost:37939|dataStream:localhost:44447|priority:0|startupRole:FOLLOWER]|listeners:[], old=null RUNNING
  s2:  RUNNING  FOLLOWER s2@group-09709D41B0DB:t1, leader=s0, voted=s0, raftlog=Memoized:s2@group-09709D41B0DB-SegmentedRaftLog:OPENED:c0, conf=0: peers:[s0|rpc:localhost:34083|admin:localhost:38787|client:localhost:33075|dataStream:localhost:39011|priority:0|startupRole:FOLLOWER, s1|rpc:localhost:33139|admin:localhost:43529|client:localhost:45027|dataStream:localhost:36939|priority:0|startupRole:FOLLOWER, s2|rpc:localhost:38471|admin:localhost:33067|client:localhost:37939|dataStream:localhost:44447|priority:0|startupRole:FOLLOWER]|listeners:[], old=null RUNNING
2023-06-29 03:32:53,542 [pool-5-thread-5] INFO  client.DataStreamClient (ConfUtils.java:logGet(46)) - raft.datastream.type = NETTY (custom)
2023-06-29 03:32:53,542 [pool-5-thread-5] INFO  netty.NettyConfigKeys$DataStream (ConfUtils.java:logGet(46)) - raft.netty.dataStream.client.tls.conf = null (default)
2023-06-29 03:32:53,542 [pool-5-thread-5] INFO  netty.NettyConfigKeys$DataStream (ConfUtils.java:logGet(46)) - raft.netty.dataStream.client.reply.queue.grace-period = 1s (default)
2023-06-29 03:32:53,542 [pool-5-thread-5] INFO  netty.NettyConfigKeys$DataStream (ConfUtils.java:logGet(46)) - raft.netty.dataStream.client.worker-group.share = false (default)
2023-06-29 03:32:53,542 [pool-5-thread-5] INFO  netty.NettyConfigKeys$DataStream (ConfUtils.java:logGet(46)) - raft.netty.dataStream.client.worker-group.size = 4 (default)
2023-06-29 03:32:53,538 [pool-5-thread-8] INFO  server.RaftServerConfigKeys (ConfUtils.java:logGet(46)) - raft.server.rpc.timeout.max = 3s (custom)
2023-06-29 03:32:53,543 [s1-NettyServerStreamRpc-bossGroup--thread1] INFO  logging.LoggingHandler (AbstractInternalLogger.java:log(148)) - [id: 0x71d8a3fc, L:/0.0.0.0:36939] READ: [id: 0x2ead7a33, L:/127.0.0.1:36939 - R:/127.0.0.1:47190]
2023-06-29 03:32:53,550 [pool-5-thread-8] INFO  ratis.RaftTestUtil (RaftTestUtil.java:waitForLeader(100)) - printing ALL groups
  s0:  RUNNING    LEADER s0@group-09709D41B0DB:t1, leader=s0, voted=s0, raftlog=Memoized:s0@group-09709D41B0DB-SegmentedRaftLog:OPENED:c0, conf=0: peers:[s0|rpc:localhost:34083|admin:localhost:38787|client:localhost:33075|dataStream:localhost:39011|priority:0|startupRole:FOLLOWER, s1|rpc:localhost:33139|admin:localhost:43529|client:localhost:45027|dataStream:localhost:36939|priority:0|startupRole:FOLLOWER, s2|rpc:localhost:38471|admin:localhost:33067|client:localhost:37939|dataStream:localhost:44447|priority:0|startupRole:FOLLOWER]|listeners:[], old=null RUNNING
  s1:  RUNNING  FOLLOWER s1@group-09709D41B0DB:t1, leader=s0, voted=s0, raftlog=Memoized:s1@group-09709D41B0DB-SegmentedRaftLog:OPENED:c0, conf=0: peers:[s0|rpc:localhost:34083|admin:localhost:38787|client:localhost:33075|dataStream:localhost:39011|priority:0|startupRole:FOLLOWER, s1|rpc:localhost:33139|admin:localhost:43529|client:localhost:45027|dataStream:localhost:36939|priority:0|startupRole:FOLLOWER, s2|rpc:localhost:38471|admin:localhost:33067|client:localhost:37939|dataStream:localhost:44447|priority:0|startupRole:FOLLOWER]|listeners:[], old=null RUNNING
  s2:  RUNNING  FOLLOWER s2@group-09709D41B0DB:t1, leader=s0, voted=s0, raftlog=Memoized:s2@group-09709D41B0DB-SegmentedRaftLog:OPENED:c0, conf=0: peers:[s0|rpc:localhost:34083|admin:localhost:38787|client:localhost:33075|dataStream:localhost:39011|priority:0|startupRole:FOLLOWER, s1|rpc:localhost:33139|admin:localhost:43529|client:localhost:45027|dataStream:localhost:36939|priority:0|startupRole:FOLLOWER, s2|rpc:localhost:38471|admin:localhost:33067|client:localhost:37939|dataStream:localhost:44447|priority:0|startupRole:FOLLOWER]|listeners:[], old=null RUNNING
2023-06-29 03:32:53,541 [pool-5-thread-9] INFO  netty.NettyConfigKeys$DataStream (ConfUtils.java:logGet(46)) - raft.netty.dataStream.client.reply.queue.grace-period = 1s (default)
2023-06-29 03:32:53,550 [pool-5-thread-8] INFO  ratis.RaftTestUtil (RaftTestUtil.java:waitForLeader(119)) - printing ALL groups
  s0:  RUNNING    LEADER s0@group-09709D41B0DB:t1, leader=s0, voted=s0, raftlog=Memoized:s0@group-09709D41B0DB-SegmentedRaftLog:OPENED:c0, conf=0: peers:[s0|rpc:localhost:34083|admin:localhost:38787|client:localhost:33075|dataStream:localhost:39011|priority:0|startupRole:FOLLOWER, s1|rpc:localhost:33139|admin:localhost:43529|client:localhost:45027|dataStream:localhost:36939|priority:0|startupRole:FOLLOWER, s2|rpc:localhost:38471|admin:localhost:33067|client:localhost:37939|dataStream:localhost:44447|priority:0|startupRole:FOLLOWER]|listeners:[], old=null RUNNING
  s1:  RUNNING  FOLLOWER s1@group-09709D41B0DB:t1, leader=s0, voted=s0, raftlog=Memoized:s1@group-09709D41B0DB-SegmentedRaftLog:OPENED:c0, conf=0: peers:[s0|rpc:localhost:34083|admin:localhost:38787|client:localhost:33075|dataStream:localhost:39011|priority:0|startupRole:FOLLOWER, s1|rpc:localhost:33139|admin:localhost:43529|client:localhost:45027|dataStream:localhost:36939|priority:0|startupRole:FOLLOWER, s2|rpc:localhost:38471|admin:localhost:33067|client:localhost:37939|dataStream:localhost:44447|priority:0|startupRole:FOLLOWER]|listeners:[], old=null RUNNING
  s2:  RUNNING  FOLLOWER s2@group-09709D41B0DB:t1, leader=s0, voted=s0, raftlog=Memoized:s2@group-09709D41B0DB-SegmentedRaftLog:OPENED:c0, conf=0: peers:[s0|rpc:localhost:34083|admin:localhost:38787|client:localhost:33075|dataStream:localhost:39011|priority:0|startupRole:FOLLOWER, s1|rpc:localhost:33139|admin:localhost:43529|client:localhost:45027|dataStream:localhost:36939|priority:0|startupRole:FOLLOWER, s2|rpc:localhost:38471|admin:localhost:33067|client:localhost:37939|dataStream:localhost:44447|priority:0|startupRole:FOLLOWER]|listeners:[], old=null RUNNING
2023-06-29 03:32:53,541 [pool-5-thread-6] INFO  ratis.RaftTestUtil (RaftTestUtil.java:waitForLeader(119)) - printing ALL groups
  s0:  RUNNING    LEADER s0@group-09709D41B0DB:t1, leader=s0, voted=s0, raftlog=Memoized:s0@group-09709D41B0DB-SegmentedRaftLog:OPENED:c0, conf=0: peers:[s0|rpc:localhost:34083|admin:localhost:38787|client:localhost:33075|dataStream:localhost:39011|priority:0|startupRole:FOLLOWER, s1|rpc:localhost:33139|admin:localhost:43529|client:localhost:45027|dataStream:localhost:36939|priority:0|startupRole:FOLLOWER, s2|rpc:localhost:38471|admin:localhost:33067|client:localhost:37939|dataStream:localhost:44447|priority:0|startupRole:FOLLOWER]|listeners:[], old=null RUNNING
  s1:  RUNNING  FOLLOWER s1@group-09709D41B0DB:t1, leader=s0, voted=s0, raftlog=Memoized:s1@group-09709D41B0DB-SegmentedRaftLog:OPENED:c0, conf=0: peers:[s0|rpc:localhost:34083|admin:localhost:38787|client:localhost:33075|dataStream:localhost:39011|priority:0|startupRole:FOLLOWER, s1|rpc:localhost:33139|admin:localhost:43529|client:localhost:45027|dataStream:localhost:36939|priority:0|startupRole:FOLLOWER, s2|rpc:localhost:38471|admin:localhost:33067|client:localhost:37939|dataStream:localhost:44447|priority:0|startupRole:FOLLOWER]|listeners:[], old=null RUNNING
  s2:  RUNNING  FOLLOWER s2@group-09709D41B0DB:t1, leader=s0, voted=s0, raftlog=Memoized:s2@group-09709D41B0DB-SegmentedRaftLog:OPENED:c0, conf=0: peers:[s0|rpc:localhost:34083|admin:localhost:38787|client:localhost:33075|dataStream:localhost:39011|priority:0|startupRole:FOLLOWER, s1|rpc:localhost:33139|admin:localhost:43529|client:localhost:45027|dataStream:localhost:36939|priority:0|startupRole:FOLLOWER, s2|rpc:localhost:38471|admin:localhost:33067|client:localhost:37939|dataStream:localhost:44447|priority:0|startupRole:FOLLOWER]|listeners:[], old=null RUNNING
2023-06-29 03:32:53,558 [pool-5-thread-8] INFO  client.DataStreamClient (ConfUtils.java:logGet(46)) - raft.datastream.type = NETTY (custom)
2023-06-29 03:32:53,540 [pool-5-thread-7] INFO  ratis.RaftTestUtil (RaftTestUtil.java:waitForLeader(100)) - printing ALL groups
  s0:  RUNNING    LEADER s0@group-09709D41B0DB:t1, leader=s0, voted=s0, raftlog=Memoized:s0@group-09709D41B0DB-SegmentedRaftLog:OPENED:c0, conf=0: peers:[s0|rpc:localhost:34083|admin:localhost:38787|client:localhost:33075|dataStream:localhost:39011|priority:0|startupRole:FOLLOWER, s1|rpc:localhost:33139|admin:localhost:43529|client:localhost:45027|dataStream:localhost:36939|priority:0|startupRole:FOLLOWER, s2|rpc:localhost:38471|admin:localhost:33067|client:localhost:37939|dataStream:localhost:44447|priority:0|startupRole:FOLLOWER]|listeners:[], old=null RUNNING
  s1:  RUNNING  FOLLOWER s1@group-09709D41B0DB:t1, leader=s0, voted=s0, raftlog=Memoized:s1@group-09709D41B0DB-SegmentedRaftLog:OPENED:c0, conf=0: peers:[s0|rpc:localhost:34083|admin:localhost:38787|client:localhost:33075|dataStream:localhost:39011|priority:0|startupRole:FOLLOWER, s1|rpc:localhost:33139|admin:localhost:43529|client:localhost:45027|dataStream:localhost:36939|priority:0|startupRole:FOLLOWER, s2|rpc:localhost:38471|admin:localhost:33067|client:localhost:37939|dataStream:localhost:44447|priority:0|startupRole:FOLLOWER]|listeners:[], old=null RUNNING
  s2:  RUNNING  FOLLOWER s2@group-09709D41B0DB:t1, leader=s0, voted=s0, raftlog=Memoized:s2@group-09709D41B0DB-SegmentedRaftLog:OPENED:c0, conf=0: peers:[s0|rpc:localhost:34083|admin:localhost:38787|client:localhost:33075|dataStream:localhost:39011|priority:0|startupRole:FOLLOWER, s1|rpc:localhost:33139|admin:localhost:43529|client:localhost:45027|dataStream:localhost:36939|priority:0|startupRole:FOLLOWER, s2|rpc:localhost:38471|admin:localhost:33067|client:localhost:37939|dataStream:localhost:44447|priority:0|startupRole:FOLLOWER]|listeners:[], old=null RUNNING
2023-06-29 03:32:53,559 [pool-5-thread-16] INFO  datastream.DataStreamTestUtils (DataStreamTestUtils.java:writeAndCloseAndAssertReplies(311)) - start Stream196
2023-06-29 03:32:53,559 [pool-5-thread-7] INFO  ratis.RaftTestUtil (RaftTestUtil.java:waitForLeader(119)) - printing ALL groups
  s0:  RUNNING    LEADER s0@group-09709D41B0DB:t1, leader=s0, voted=s0, raftlog=Memoized:s0@group-09709D41B0DB-SegmentedRaftLog:OPENED:c0, conf=0: peers:[s0|rpc:localhost:34083|admin:localhost:38787|client:localhost:33075|dataStream:localhost:39011|priority:0|startupRole:FOLLOWER, s1|rpc:localhost:33139|admin:localhost:43529|client:localhost:45027|dataStream:localhost:36939|priority:0|startupRole:FOLLOWER, s2|rpc:localhost:38471|admin:localhost:33067|client:localhost:37939|dataStream:localhost:44447|priority:0|startupRole:FOLLOWER]|listeners:[], old=null RUNNING
  s1:  RUNNING  FOLLOWER s1@group-09709D41B0DB:t1, leader=s0, voted=s0, raftlog=Memoized:s1@group-09709D41B0DB-SegmentedRaftLog:OPENED:c0, conf=0: peers:[s0|rpc:localhost:34083|admin:localhost:38787|client:localhost:33075|dataStream:localhost:39011|priority:0|startupRole:FOLLOWER, s1|rpc:localhost:33139|admin:localhost:43529|client:localhost:45027|dataStream:localhost:36939|priority:0|startupRole:FOLLOWER, s2|rpc:localhost:38471|admin:localhost:33067|client:localhost:37939|dataStream:localhost:44447|priority:0|startupRole:FOLLOWER]|listeners:[], old=null RUNNING
  s2:  RUNNING  FOLLOWER s2@group-09709D41B0DB:t1, leader=s0, voted=s0, raftlog=Memoized:s2@group-09709D41B0DB-SegmentedRaftLog:OPENED:c0, conf=0: peers:[s0|rpc:localhost:34083|admin:localhost:38787|client:localhost:33075|dataStream:localhost:39011|priority:0|startupRole:FOLLOWER, s1|rpc:localhost:33139|admin:localhost:43529|client:localhost:45027|dataStream:localhost:36939|priority:0|startupRole:FOLLOWER, s2|rpc:localhost:38471|admin:localhost:33067|client:localhost:37939|dataStream:localhost:44447|priority:0|startupRole:FOLLOWER]|listeners:[], old=null RUNNING
2023-06-29 03:32:53,560 [pool-5-thread-7] INFO  client.DataStreamClient (ConfUtils.java:logGet(46)) - raft.datastream.type = NETTY (custom)
2023-06-29 03:32:53,560 [pool-5-thread-7] INFO  netty.NettyConfigKeys$DataStream (ConfUtils.java:logGet(46)) - raft.netty.dataStream.client.tls.conf = null (default)
2023-06-29 03:32:53,560 [pool-5-thread-7] INFO  netty.NettyConfigKeys$DataStream (ConfUtils.java:logGet(46)) - raft.netty.dataStream.client.reply.queue.grace-period = 1s (default)
2023-06-29 03:32:53,560 [pool-5-thread-7] INFO  netty.NettyConfigKeys$DataStream (ConfUtils.java:logGet(46)) - raft.netty.dataStream.client.worker-group.share = false (default)
2023-06-29 03:32:53,560 [pool-5-thread-7] INFO  netty.NettyConfigKeys$DataStream (ConfUtils.java:logGet(46)) - raft.netty.dataStream.client.worker-group.size = 4 (default)
2023-06-29 03:32:53,558 [pool-5-thread-6] INFO  client.DataStreamClient (ConfUtils.java:logGet(46)) - raft.datastream.type = NETTY (custom)
2023-06-29 03:32:53,562 [pool-5-thread-6] INFO  netty.NettyConfigKeys$DataStream (ConfUtils.java:logGet(46)) - raft.netty.dataStream.client.tls.conf = null (default)
2023-06-29 03:32:53,562 [pool-5-thread-6] INFO  netty.NettyConfigKeys$DataStream (ConfUtils.java:logGet(46)) - raft.netty.dataStream.client.reply.queue.grace-period = 1s (default)
2023-06-29 03:32:53,562 [pool-5-thread-6] INFO  netty.NettyConfigKeys$DataStream (ConfUtils.java:logGet(46)) - raft.netty.dataStream.client.worker-group.share = false (default)
2023-06-29 03:32:53,562 [pool-5-thread-6] INFO  netty.NettyConfigKeys$DataStream (ConfUtils.java:logGet(46)) - raft.netty.dataStream.client.worker-group.size = 4 (default)
2023-06-29 03:32:53,556 [pool-5-thread-15] INFO  datastream.DataStreamTestUtils (DataStreamTestUtils.java:writeAndCloseAndAssertReplies(311)) - start Stream195
2023-06-29 03:32:53,556 [pool-5-thread-14] INFO  datastream.DataStreamTestUtils (DataStreamTestUtils.java:writeAndCloseAndAssertReplies(311)) - start Stream194
2023-06-29 03:32:53,555 [pool-5-thread-13] INFO  datastream.DataStreamTestUtils (DataStreamTestUtils.java:writeAndCloseAndAssertReplies(311)) - start Stream193
2023-06-29 03:32:53,555 [s1-NettyServerStreamRpc-workerGroup--thread1] INFO  client.DataStreamClient (ConfUtils.java:logGet(46)) - raft.datastream.type = NETTY (custom)
2023-06-29 03:32:53,568 [s1-NettyServerStreamRpc-workerGroup--thread1] INFO  netty.NettyConfigKeys$DataStream (ConfUtils.java:logGet(46)) - raft.netty.dataStream.client.tls.conf = null (default)
2023-06-29 03:32:53,568 [s1-NettyServerStreamRpc-workerGroup--thread1] INFO  netty.NettyConfigKeys$DataStream (ConfUtils.java:logGet(46)) - raft.netty.dataStream.client.reply.queue.grace-period = 1s (default)
2023-06-29 03:32:53,568 [s1-NettyServerStreamRpc-workerGroup--thread1] INFO  netty.NettyConfigKeys$DataStream (ConfUtils.java:logGet(46)) - raft.netty.dataStream.client.worker-group.share = false (default)
2023-06-29 03:32:53,568 [s1-NettyServerStreamRpc-workerGroup--thread1] INFO  netty.NettyConfigKeys$DataStream (ConfUtils.java:logGet(46)) - raft.netty.dataStream.client.worker-group.size = 4 (default)
2023-06-29 03:32:53,552 [s1-NettyServerStreamRpc-bossGroup--thread1] INFO  logging.LoggingHandler (AbstractInternalLogger.java:log(148)) - [id: 0x71d8a3fc, L:/0.0.0.0:36939] READ COMPLETE
2023-06-29 03:32:53,551 [pool-5-thread-12] INFO  datastream.DataStreamTestUtils (DataStreamTestUtils.java:writeAndCloseAndAssertReplies(311)) - start Stream192
2023-06-29 03:32:53,569 [s1-NettyServerStreamRpc-bossGroup--thread1] INFO  logging.LoggingHandler (AbstractInternalLogger.java:log(148)) - [id: 0x71d8a3fc, L:/0.0.0.0:36939] READ: [id: 0xfcd47565, L:/127.0.0.1:36939 - R:/127.0.0.1:47198]
2023-06-29 03:32:53,551 [pool-5-thread-10] INFO  datastream.DataStreamTestUtils (DataStreamTestUtils.java:writeAndCloseAndAssertReplies(311)) - start Stream188
2023-06-29 03:32:53,551 [pool-5-thread-11] INFO  datastream.DataStreamTestUtils (DataStreamTestUtils.java:writeAndCloseAndAssertReplies(311)) - start Stream191
2023-06-29 03:32:53,551 [pool-5-thread-9] INFO  netty.NettyConfigKeys$DataStream (ConfUtils.java:logGet(46)) - raft.netty.dataStream.client.worker-group.share = false (default)
2023-06-29 03:32:53,570 [pool-5-thread-9] INFO  netty.NettyConfigKeys$DataStream (ConfUtils.java:logGet(46)) - raft.netty.dataStream.client.worker-group.size = 4 (default)
2023-06-29 03:32:53,570 [pool-5-thread-8] INFO  netty.NettyConfigKeys$DataStream (ConfUtils.java:logGet(46)) - raft.netty.dataStream.client.tls.conf = null (default)
2023-06-29 03:32:53,570 [pool-5-thread-8] INFO  netty.NettyConfigKeys$DataStream (ConfUtils.java:logGet(46)) - raft.netty.dataStream.client.reply.queue.grace-period = 1s (default)
2023-06-29 03:32:53,570 [pool-5-thread-8] INFO  netty.NettyConfigKeys$DataStream (ConfUtils.java:logGet(46)) - raft.netty.dataStream.client.worker-group.share = false (default)
2023-06-29 03:32:53,570 [pool-5-thread-8] INFO  netty.NettyConfigKeys$DataStream (ConfUtils.java:logGet(46)) - raft.netty.dataStream.client.worker-group.size = 4 (default)
2023-06-29 03:32:53,578 [s1-NettyServerStreamRpc-bossGroup--thread1] INFO  logging.LoggingHandler (AbstractInternalLogger.java:log(148)) - [id: 0x71d8a3fc, L:/0.0.0.0:36939] READ COMPLETE
2023-06-29 03:32:53,579 [s1-NettyServerStreamRpc-bossGroup--thread1] INFO  logging.LoggingHandler (AbstractInternalLogger.java:log(148)) - [id: 0x71d8a3fc, L:/0.0.0.0:36939] READ: [id: 0x3ebde672, L:/127.0.0.1:36939 - R:/127.0.0.1:47200]
2023-06-29 03:32:53,579 [s1-NettyServerStreamRpc-bossGroup--thread1] INFO  logging.LoggingHandler (AbstractInternalLogger.java:log(148)) - [id: 0x71d8a3fc, L:/0.0.0.0:36939] READ: [id: 0xbfcddf81, L:/127.0.0.1:36939 - R:/127.0.0.1:47202]
2023-06-29 03:32:53,580 [s1-NettyServerStreamRpc-workerGroup--thread3] INFO  client.DataStreamClient (ConfUtils.java:logGet(46)) - raft.datastream.type = NETTY (custom)
2023-06-29 03:32:53,580 [s1-NettyServerStreamRpc-workerGroup--thread3] INFO  netty.NettyConfigKeys$DataStream (ConfUtils.java:logGet(46)) - raft.netty.dataStream.client.tls.conf = null (default)
2023-06-29 03:32:53,580 [s1-NettyServerStreamRpc-workerGroup--thread3] INFO  netty.NettyConfigKeys$DataStream (ConfUtils.java:logGet(46)) - raft.netty.dataStream.client.reply.queue.grace-period = 1s (default)
2023-06-29 03:32:53,580 [s1-NettyServerStreamRpc-workerGroup--thread3] INFO  netty.NettyConfigKeys$DataStream (ConfUtils.java:logGet(46)) - raft.netty.dataStream.client.worker-group.share = false (default)
2023-06-29 03:32:53,580 [s1-NettyServerStreamRpc-workerGroup--thread3] INFO  netty.NettyConfigKeys$DataStream (ConfUtils.java:logGet(46)) - raft.netty.dataStream.client.worker-group.size = 4 (default)
2023-06-29 03:32:53,581 [s1-NettyServerStreamRpc-bossGroup--thread1] INFO  logging.LoggingHandler (AbstractInternalLogger.java:log(148)) - [id: 0x71d8a3fc, L:/0.0.0.0:36939] READ COMPLETE
2023-06-29 03:32:53,594 [s1-NettyServerStreamRpc-workerGroup--thread4] INFO  client.DataStreamClient (ConfUtils.java:logGet(46)) - raft.datastream.type = NETTY (custom)
2023-06-29 03:32:53,594 [s1-NettyServerStreamRpc-workerGroup--thread4] INFO  netty.NettyConfigKeys$DataStream (ConfUtils.java:logGet(46)) - raft.netty.dataStream.client.tls.conf = null (default)
2023-06-29 03:32:53,594 [s1-NettyServerStreamRpc-workerGroup--thread4] INFO  netty.NettyConfigKeys$DataStream (ConfUtils.java:logGet(46)) - raft.netty.dataStream.client.reply.queue.grace-period = 1s (default)
2023-06-29 03:32:53,595 [s1-NettyServerStreamRpc-workerGroup--thread4] INFO  netty.NettyConfigKeys$DataStream (ConfUtils.java:logGet(46)) - raft.netty.dataStream.client.worker-group.share = false (default)
2023-06-29 03:32:53,595 [s1-NettyServerStreamRpc-workerGroup--thread4] INFO  netty.NettyConfigKeys$DataStream (ConfUtils.java:logGet(46)) - raft.netty.dataStream.client.worker-group.size = 4 (default)
2023-06-29 03:32:53,596 [s1-NettyServerStreamRpc-workerGroup--thread1] INFO  client.DataStreamClient (ConfUtils.java:logGet(46)) - raft.datastream.type = NETTY (custom)
2023-06-29 03:32:53,596 [s1-NettyServerStreamRpc-workerGroup--thread1] INFO  netty.NettyConfigKeys$DataStream (ConfUtils.java:logGet(46)) - raft.netty.dataStream.client.tls.conf = null (default)
2023-06-29 03:32:53,596 [s1-NettyServerStreamRpc-workerGroup--thread1] INFO  netty.NettyConfigKeys$DataStream (ConfUtils.java:logGet(46)) - raft.netty.dataStream.client.reply.queue.grace-period = 1s (default)
2023-06-29 03:32:53,596 [s1-NettyServerStreamRpc-workerGroup--thread1] INFO  netty.NettyConfigKeys$DataStream (ConfUtils.java:logGet(46)) - raft.netty.dataStream.client.worker-group.share = false (default)
2023-06-29 03:32:53,596 [s1-NettyServerStreamRpc-workerGroup--thread1] INFO  netty.NettyConfigKeys$DataStream (ConfUtils.java:logGet(46)) - raft.netty.dataStream.client.worker-group.size = 4 (default)
2023-06-29 03:32:53,604 [s2-NettyServerStreamRpc-bossGroup--thread1] INFO  logging.LoggingHandler (AbstractInternalLogger.java:log(148)) - [id: 0x6d15d718, L:/0.0.0.0:44447] READ: [id: 0x60454bed, L:/127.0.0.1:44447 - R:/127.0.0.1:54290]
2023-06-29 03:32:53,606 [s1-NettyServerStreamRpc-workerGroup--thread3] INFO  client.DataStreamClient (ConfUtils.java:logGet(46)) - raft.datastream.type = NETTY (custom)
2023-06-29 03:32:53,607 [s1-NettyServerStreamRpc-workerGroup--thread3] INFO  netty.NettyConfigKeys$DataStream (ConfUtils.java:logGet(46)) - raft.netty.dataStream.client.tls.conf = null (default)
2023-06-29 03:32:53,607 [s1-NettyServerStreamRpc-workerGroup--thread3] INFO  netty.NettyConfigKeys$DataStream (ConfUtils.java:logGet(46)) - raft.netty.dataStream.client.reply.queue.grace-period = 1s (default)
2023-06-29 03:32:53,607 [s1-NettyServerStreamRpc-workerGroup--thread3] INFO  netty.NettyConfigKeys$DataStream (ConfUtils.java:logGet(46)) - raft.netty.dataStream.client.worker-group.share = false (default)
2023-06-29 03:32:53,607 [s1-NettyServerStreamRpc-workerGroup--thread3] INFO  netty.NettyConfigKeys$DataStream (ConfUtils.java:logGet(46)) - raft.netty.dataStream.client.worker-group.size = 4 (default)
2023-06-29 03:32:53,610 [s0-NettyServerStreamRpc-bossGroup--thread1] INFO  logging.LoggingHandler (AbstractInternalLogger.java:log(148)) - [id: 0xaf9c0630, L:/0.0.0.0:39011] READ: [id: 0x796e31c5, L:/127.0.0.1:39011 - R:/127.0.0.1:53104]
2023-06-29 03:32:53,612 [s0-NettyServerStreamRpc-bossGroup--thread1] INFO  logging.LoggingHandler (AbstractInternalLogger.java:log(148)) - [id: 0xaf9c0630, L:/0.0.0.0:39011] READ: [id: 0x4473ae68, L:/127.0.0.1:39011 - R:/127.0.0.1:53114]
2023-06-29 03:32:53,612 [s0-NettyServerStreamRpc-bossGroup--thread1] INFO  logging.LoggingHandler (AbstractInternalLogger.java:log(148)) - [id: 0xaf9c0630, L:/0.0.0.0:39011] READ: [id: 0x278e9ffb, L:/127.0.0.1:39011 - R:/127.0.0.1:53116]
2023-06-29 03:32:53,612 [s0-NettyServerStreamRpc-bossGroup--thread1] INFO  logging.LoggingHandler (AbstractInternalLogger.java:log(148)) - [id: 0xaf9c0630, L:/0.0.0.0:39011] READ COMPLETE
2023-06-29 03:32:53,616 [s2-NettyServerStreamRpc-bossGroup--thread1] INFO  logging.LoggingHandler (AbstractInternalLogger.java:log(148)) - [id: 0x6d15d718, L:/0.0.0.0:44447] READ: [id: 0xbc162370, L:/127.0.0.1:44447 - R:/127.0.0.1:54306]
2023-06-29 03:32:53,616 [s0-NettyServerStreamRpc-bossGroup--thread1] INFO  logging.LoggingHandler (AbstractInternalLogger.java:log(148)) - [id: 0xaf9c0630, L:/0.0.0.0:39011] READ: [id: 0x51d864b6, L:/127.0.0.1:39011 - R:/127.0.0.1:53128]
2023-06-29 03:32:53,617 [s1-NettyServerStreamRpc-workerGroup--thread4] INFO  client.DataStreamClient (ConfUtils.java:logGet(46)) - raft.datastream.type = NETTY (custom)
2023-06-29 03:32:53,617 [s1-NettyServerStreamRpc-workerGroup--thread4] INFO  netty.NettyConfigKeys$DataStream (ConfUtils.java:logGet(46)) - raft.netty.dataStream.client.tls.conf = null (default)
2023-06-29 03:32:53,617 [s1-NettyServerStreamRpc-workerGroup--thread4] INFO  netty.NettyConfigKeys$DataStream (ConfUtils.java:logGet(46)) - raft.netty.dataStream.client.reply.queue.grace-period = 1s (default)
2023-06-29 03:32:53,617 [s2-NettyServerStreamRpc-workerGroup--thread1] INFO  client.DataStreamClient (ConfUtils.java:logGet(46)) - raft.datastream.type = NETTY (custom)
2023-06-29 03:32:53,617 [s1-NettyServerStreamRpc-workerGroup--thread4] INFO  netty.NettyConfigKeys$DataStream (ConfUtils.java:logGet(46)) - raft.netty.dataStream.client.worker-group.share = false (default)
2023-06-29 03:32:53,617 [s2-NettyServerStreamRpc-workerGroup--thread1] INFO  netty.NettyConfigKeys$DataStream (ConfUtils.java:logGet(46)) - raft.netty.dataStream.client.tls.conf = null (default)
2023-06-29 03:32:53,617 [s1-NettyServerStreamRpc-workerGroup--thread4] INFO  netty.NettyConfigKeys$DataStream (ConfUtils.java:logGet(46)) - raft.netty.dataStream.client.worker-group.size = 4 (default)
2023-06-29 03:32:53,617 [s0-NettyServerStreamRpc-workerGroup--thread2] INFO  client.DataStreamClient (ConfUtils.java:logGet(46)) - raft.datastream.type = NETTY (custom)
2023-06-29 03:32:53,618 [s0-NettyServerStreamRpc-workerGroup--thread2] INFO  netty.NettyConfigKeys$DataStream (ConfUtils.java:logGet(46)) - raft.netty.dataStream.client.tls.conf = null (default)
2023-06-29 03:32:53,618 [s2-NettyServerStreamRpc-bossGroup--thread1] INFO  logging.LoggingHandler (AbstractInternalLogger.java:log(148)) - [id: 0x6d15d718, L:/0.0.0.0:44447] READ COMPLETE
2023-06-29 03:32:53,618 [s0-NettyServerStreamRpc-workerGroup--thread2] INFO  netty.NettyConfigKeys$DataStream (ConfUtils.java:logGet(46)) - raft.netty.dataStream.client.reply.queue.grace-period = 1s (default)
2023-06-29 03:32:53,618 [s0-NettyServerStreamRpc-workerGroup--thread2] INFO  netty.NettyConfigKeys$DataStream (ConfUtils.java:logGet(46)) - raft.netty.dataStream.client.worker-group.share = false (default)
2023-06-29 03:32:53,618 [s2-NettyServerStreamRpc-bossGroup--thread1] INFO  logging.LoggingHandler (AbstractInternalLogger.java:log(148)) - [id: 0x6d15d718, L:/0.0.0.0:44447] READ: [id: 0x88605ac8, L:/127.0.0.1:44447 - R:/127.0.0.1:54316]
2023-06-29 03:32:53,618 [s0-NettyServerStreamRpc-workerGroup--thread2] INFO  netty.NettyConfigKeys$DataStream (ConfUtils.java:logGet(46)) - raft.netty.dataStream.client.worker-group.size = 4 (default)
2023-06-29 03:32:53,618 [s2-NettyServerStreamRpc-workerGroup--thread1] INFO  netty.NettyConfigKeys$DataStream (ConfUtils.java:logGet(46)) - raft.netty.dataStream.client.reply.queue.grace-period = 1s (default)
2023-06-29 03:32:53,618 [s2-NettyServerStreamRpc-workerGroup--thread1] INFO  netty.NettyConfigKeys$DataStream (ConfUtils.java:logGet(46)) - raft.netty.dataStream.client.worker-group.share = false (default)
2023-06-29 03:32:53,618 [s2-NettyServerStreamRpc-workerGroup--thread1] INFO  netty.NettyConfigKeys$DataStream (ConfUtils.java:logGet(46)) - raft.netty.dataStream.client.worker-group.size = 4 (default)
2023-06-29 03:32:53,619 [s2-NettyServerStreamRpc-workerGroup--thread2] INFO  client.DataStreamClient (ConfUtils.java:logGet(46)) - raft.datastream.type = NETTY (custom)
2023-06-29 03:32:53,619 [s2-NettyServerStreamRpc-workerGroup--thread2] INFO  netty.NettyConfigKeys$DataStream (ConfUtils.java:logGet(46)) - raft.netty.dataStream.client.tls.conf = null (default)
2023-06-29 03:32:53,619 [s2-NettyServerStreamRpc-workerGroup--thread2] INFO  netty.NettyConfigKeys$DataStream (ConfUtils.java:logGet(46)) - raft.netty.dataStream.client.reply.queue.grace-period = 1s (default)
2023-06-29 03:32:53,619 [s2-NettyServerStreamRpc-workerGroup--thread2] INFO  netty.NettyConfigKeys$DataStream (ConfUtils.java:logGet(46)) - raft.netty.dataStream.client.worker-group.share = false (default)
2023-06-29 03:32:53,619 [s2-NettyServerStreamRpc-workerGroup--thread2] INFO  netty.NettyConfigKeys$DataStream (ConfUtils.java:logGet(46)) - raft.netty.dataStream.client.worker-group.size = 4 (default)
2023-06-29 03:32:53,620 [s2-NettyServerStreamRpc-bossGroup--thread1] INFO  logging.LoggingHandler (AbstractInternalLogger.java:log(148)) - [id: 0x6d15d718, L:/0.0.0.0:44447] READ COMPLETE
2023-06-29 03:32:53,637 [s2-NettyServerStreamRpc-workerGroup--thread1] INFO  client.DataStreamClient (ConfUtils.java:logGet(46)) - raft.datastream.type = NETTY (custom)
2023-06-29 03:32:53,637 [s2-NettyServerStreamRpc-workerGroup--thread1] INFO  netty.NettyConfigKeys$DataStream (ConfUtils.java:logGet(46)) - raft.netty.dataStream.client.tls.conf = null (default)
2023-06-29 03:32:53,637 [s2-NettyServerStreamRpc-workerGroup--thread1] INFO  netty.NettyConfigKeys$DataStream (ConfUtils.java:logGet(46)) - raft.netty.dataStream.client.reply.queue.grace-period = 1s (default)
2023-06-29 03:32:53,637 [s2-NettyServerStreamRpc-workerGroup--thread1] INFO  netty.NettyConfigKeys$DataStream (ConfUtils.java:logGet(46)) - raft.netty.dataStream.client.worker-group.share = false (default)
2023-06-29 03:32:53,637 [s2-NettyServerStreamRpc-workerGroup--thread1] INFO  netty.NettyConfigKeys$DataStream (ConfUtils.java:logGet(46)) - raft.netty.dataStream.client.worker-group.size = 4 (default)
2023-06-29 03:32:53,639 [s1-NettyServerStreamRpc-bossGroup--thread1] INFO  logging.LoggingHandler (AbstractInternalLogger.java:log(148)) - [id: 0x71d8a3fc, L:/0.0.0.0:36939] READ: [id: 0xe661b942, L:/127.0.0.1:36939 - R:/127.0.0.1:47218]
2023-06-29 03:32:53,639 [s1-NettyServerStreamRpc-bossGroup--thread1] INFO  logging.LoggingHandler (AbstractInternalLogger.java:log(148)) - [id: 0x71d8a3fc, L:/0.0.0.0:36939] READ COMPLETE
2023-06-29 03:32:53,639 [s0-NettyServerStreamRpc-workerGroup--thread2] INFO  client.DataStreamClient (ConfUtils.java:logGet(46)) - raft.datastream.type = NETTY (custom)
2023-06-29 03:32:53,639 [s0-NettyServerStreamRpc-workerGroup--thread2] INFO  netty.NettyConfigKeys$DataStream (ConfUtils.java:logGet(46)) - raft.netty.dataStream.client.tls.conf = null (default)
2023-06-29 03:32:53,639 [s0-NettyServerStreamRpc-workerGroup--thread2] INFO  netty.NettyConfigKeys$DataStream (ConfUtils.java:logGet(46)) - raft.netty.dataStream.client.reply.queue.grace-period = 1s (default)
2023-06-29 03:32:53,640 [s0-NettyServerStreamRpc-workerGroup--thread2] INFO  netty.NettyConfigKeys$DataStream (ConfUtils.java:logGet(46)) - raft.netty.dataStream.client.worker-group.share = false (default)
2023-06-29 03:32:53,640 [s0-NettyServerStreamRpc-workerGroup--thread2] INFO  netty.NettyConfigKeys$DataStream (ConfUtils.java:logGet(46)) - raft.netty.dataStream.client.worker-group.size = 4 (default)
2023-06-29 03:32:53,642 [s2-NettyServerStreamRpc-bossGroup--thread1] INFO  logging.LoggingHandler (AbstractInternalLogger.java:log(148)) - [id: 0x6d15d718, L:/0.0.0.0:44447] READ: [id: 0xeace5c38, L:/127.0.0.1:44447 - R:/127.0.0.1:54318]
2023-06-29 03:32:53,642 [s1-NettyServerStreamRpc-workerGroup--thread1] INFO  client.DataStreamClient (ConfUtils.java:logGet(46)) - raft.datastream.type = NETTY (custom)
2023-06-29 03:32:53,643 [s1-NettyServerStreamRpc-workerGroup--thread1] INFO  netty.NettyConfigKeys$DataStream (ConfUtils.java:logGet(46)) - raft.netty.dataStream.client.tls.conf = null (default)
2023-06-29 03:32:53,643 [s1-NettyServerStreamRpc-workerGroup--thread1] INFO  netty.NettyConfigKeys$DataStream (ConfUtils.java:logGet(46)) - raft.netty.dataStream.client.reply.queue.grace-period = 1s (default)
2023-06-29 03:32:53,643 [s1-NettyServerStreamRpc-workerGroup--thread1] INFO  netty.NettyConfigKeys$DataStream (ConfUtils.java:logGet(46)) - raft.netty.dataStream.client.worker-group.share = false (default)
2023-06-29 03:32:53,643 [s1-NettyServerStreamRpc-workerGroup--thread1] INFO  netty.NettyConfigKeys$DataStream (ConfUtils.java:logGet(46)) - raft.netty.dataStream.client.worker-group.size = 4 (default)
2023-06-29 03:32:53,647 [s1-NettyServerStreamRpc-workerGroup--thread2] INFO  client.DataStreamClient (ConfUtils.java:logGet(46)) - raft.datastream.type = NETTY (custom)
2023-06-29 03:32:53,647 [s1-NettyServerStreamRpc-workerGroup--thread2] INFO  netty.NettyConfigKeys$DataStream (ConfUtils.java:logGet(46)) - raft.netty.dataStream.client.tls.conf = null (default)
2023-06-29 03:32:53,647 [s1-NettyServerStreamRpc-workerGroup--thread2] INFO  netty.NettyConfigKeys$DataStream (ConfUtils.java:logGet(46)) - raft.netty.dataStream.client.reply.queue.grace-period = 1s (default)
2023-06-29 03:32:53,647 [s1-NettyServerStreamRpc-workerGroup--thread2] INFO  netty.NettyConfigKeys$DataStream (ConfUtils.java:logGet(46)) - raft.netty.dataStream.client.worker-group.share = false (default)
2023-06-29 03:32:53,647 [s1-NettyServerStreamRpc-workerGroup--thread2] INFO  netty.NettyConfigKeys$DataStream (ConfUtils.java:logGet(46)) - raft.netty.dataStream.client.worker-group.size = 4 (default)
2023-06-29 03:32:53,650 [s0-NettyServerStreamRpc-bossGroup--thread1] INFO  logging.LoggingHandler (AbstractInternalLogger.java:log(148)) - [id: 0xaf9c0630, L:/0.0.0.0:39011] READ COMPLETE
2023-06-29 03:32:53,650 [s0-NettyServerStreamRpc-bossGroup--thread1] INFO  logging.LoggingHandler (AbstractInternalLogger.java:log(148)) - [id: 0xaf9c0630, L:/0.0.0.0:39011] READ: [id: 0x54ccd40a, L:/127.0.0.1:39011 - R:/127.0.0.1:53132]
2023-06-29 03:32:53,650 [s0-NettyServerStreamRpc-bossGroup--thread1] INFO  logging.LoggingHandler (AbstractInternalLogger.java:log(148)) - [id: 0xaf9c0630, L:/0.0.0.0:39011] READ: [id: 0x7028c2f4, L:/127.0.0.1:39011 - R:/127.0.0.1:53142]
2023-06-29 03:32:53,650 [s0-NettyServerStreamRpc-bossGroup--thread1] INFO  logging.LoggingHandler (AbstractInternalLogger.java:log(148)) - [id: 0xaf9c0630, L:/0.0.0.0:39011] READ COMPLETE
2023-06-29 03:32:53,662 [s1-NettyServerStreamRpc-workerGroup--thread3] INFO  client.DataStreamClient (ConfUtils.java:logGet(46)) - raft.datastream.type = NETTY (custom)
2023-06-29 03:32:53,662 [s1-NettyServerStreamRpc-workerGroup--thread3] INFO  netty.NettyConfigKeys$DataStream (ConfUtils.java:logGet(46)) - raft.netty.dataStream.client.tls.conf = null (default)
2023-06-29 03:32:53,662 [s1-NettyServerStreamRpc-workerGroup--thread3] INFO  netty.NettyConfigKeys$DataStream (ConfUtils.java:logGet(46)) - raft.netty.dataStream.client.reply.queue.grace-period = 1s (default)
2023-06-29 03:32:53,662 [s1-NettyServerStreamRpc-workerGroup--thread3] INFO  netty.NettyConfigKeys$DataStream (ConfUtils.java:logGet(46)) - raft.netty.dataStream.client.worker-group.share = false (default)
2023-06-29 03:32:53,662 [s1-NettyServerStreamRpc-workerGroup--thread3] INFO  netty.NettyConfigKeys$DataStream (ConfUtils.java:logGet(46)) - raft.netty.dataStream.client.worker-group.size = 4 (default)
2023-06-29 03:32:53,666 [s0-NettyServerStreamRpc-bossGroup--thread1] INFO  logging.LoggingHandler (AbstractInternalLogger.java:log(148)) - [id: 0xaf9c0630, L:/0.0.0.0:39011] READ: [id: 0x70b1eaec, L:/127.0.0.1:39011 - R:/127.0.0.1:34206]
2023-06-29 03:32:53,666 [s0-NettyServerStreamRpc-bossGroup--thread1] INFO  logging.LoggingHandler (AbstractInternalLogger.java:log(148)) - [id: 0xaf9c0630, L:/0.0.0.0:39011] READ COMPLETE
2023-06-29 03:32:53,666 [s1-NettyServerStreamRpc-workerGroup--thread2] INFO  client.DataStreamClient (ConfUtils.java:logGet(46)) - raft.datastream.type = NETTY (custom)
2023-06-29 03:32:53,667 [s1-NettyServerStreamRpc-workerGroup--thread2] INFO  netty.NettyConfigKeys$DataStream (ConfUtils.java:logGet(46)) - raft.netty.dataStream.client.tls.conf = null (default)
2023-06-29 03:32:53,667 [s1-NettyServerStreamRpc-workerGroup--thread2] INFO  netty.NettyConfigKeys$DataStream (ConfUtils.java:logGet(46)) - raft.netty.dataStream.client.reply.queue.grace-period = 1s (default)
2023-06-29 03:32:53,667 [s1-NettyServerStreamRpc-workerGroup--thread2] INFO  netty.NettyConfigKeys$DataStream (ConfUtils.java:logGet(46)) - raft.netty.dataStream.client.worker-group.share = false (default)
2023-06-29 03:32:53,667 [s1-NettyServerStreamRpc-workerGroup--thread2] INFO  netty.NettyConfigKeys$DataStream (ConfUtils.java:logGet(46)) - raft.netty.dataStream.client.worker-group.size = 4 (default)
2023-06-29 03:32:53,669 [s0-NettyServerStreamRpc-bossGroup--thread1] INFO  logging.LoggingHandler (AbstractInternalLogger.java:log(148)) - [id: 0xaf9c0630, L:/0.0.0.0:39011] READ: [id: 0x591b0071, L:/127.0.0.1:39011 - R:/127.0.0.1:34220]
2023-06-29 03:32:53,669 [s0-NettyServerStreamRpc-bossGroup--thread1] INFO  logging.LoggingHandler (AbstractInternalLogger.java:log(148)) - [id: 0xaf9c0630, L:/0.0.0.0:39011] READ COMPLETE
2023-06-29 03:32:53,672 [s1-NettyServerStreamRpc-workerGroup--thread3] INFO  client.DataStreamClient (ConfUtils.java:logGet(46)) - raft.datastream.type = NETTY (custom)
2023-06-29 03:32:53,672 [s1-NettyServerStreamRpc-workerGroup--thread3] INFO  netty.NettyConfigKeys$DataStream (ConfUtils.java:logGet(46)) - raft.netty.dataStream.client.tls.conf = null (default)
2023-06-29 03:32:53,672 [s1-NettyServerStreamRpc-workerGroup--thread3] INFO  netty.NettyConfigKeys$DataStream (ConfUtils.java:logGet(46)) - raft.netty.dataStream.client.reply.queue.grace-period = 1s (default)
2023-06-29 03:32:53,672 [s1-NettyServerStreamRpc-workerGroup--thread3] INFO  netty.NettyConfigKeys$DataStream (ConfUtils.java:logGet(46)) - raft.netty.dataStream.client.worker-group.share = false (default)
2023-06-29 03:32:53,672 [s1-NettyServerStreamRpc-workerGroup--thread3] INFO  netty.NettyConfigKeys$DataStream (ConfUtils.java:logGet(46)) - raft.netty.dataStream.client.worker-group.size = 4 (default)
2023-06-29 03:32:53,677 [s0-NettyServerStreamRpc-bossGroup--thread1] INFO  logging.LoggingHandler (AbstractInternalLogger.java:log(148)) - [id: 0xaf9c0630, L:/0.0.0.0:39011] READ: [id: 0x74018710, L:/127.0.0.1:39011 - R:/127.0.0.1:34236]
2023-06-29 03:32:53,677 [s0-NettyServerStreamRpc-bossGroup--thread1] INFO  logging.LoggingHandler (AbstractInternalLogger.java:log(148)) - [id: 0xaf9c0630, L:/0.0.0.0:39011] READ COMPLETE
2023-06-29 03:32:53,678 [s1-NettyServerStreamRpc-workerGroup--thread1] INFO  client.DataStreamClient (ConfUtils.java:logGet(46)) - raft.datastream.type = NETTY (custom)
2023-06-29 03:32:53,678 [s1-NettyServerStreamRpc-workerGroup--thread1] INFO  netty.NettyConfigKeys$DataStream (ConfUtils.java:logGet(46)) - raft.netty.dataStream.client.tls.conf = null (default)
2023-06-29 03:32:53,678 [s1-NettyServerStreamRpc-workerGroup--thread1] INFO  netty.NettyConfigKeys$DataStream (ConfUtils.java:logGet(46)) - raft.netty.dataStream.client.reply.queue.grace-period = 1s (default)
2023-06-29 03:32:53,678 [s1-NettyServerStreamRpc-workerGroup--thread1] INFO  netty.NettyConfigKeys$DataStream (ConfUtils.java:logGet(46)) - raft.netty.dataStream.client.worker-group.share = false (default)
2023-06-29 03:32:53,678 [s1-NettyServerStreamRpc-workerGroup--thread1] INFO  netty.NettyConfigKeys$DataStream (ConfUtils.java:logGet(46)) - raft.netty.dataStream.client.worker-group.size = 4 (default)
2023-06-29 03:32:53,680 [s2-NettyServerStreamRpc-bossGroup--thread1] INFO  logging.LoggingHandler (AbstractInternalLogger.java:log(148)) - [id: 0x6d15d718, L:/0.0.0.0:44447] READ COMPLETE
2023-06-29 03:32:53,680 [s2-NettyServerStreamRpc-bossGroup--thread1] INFO  logging.LoggingHandler (AbstractInternalLogger.java:log(148)) - [id: 0x6d15d718, L:/0.0.0.0:44447] READ: [id: 0xeb41c53a, L:/127.0.0.1:44447 - R:/127.0.0.1:54322]
2023-06-29 03:32:53,680 [s2-NettyServerStreamRpc-bossGroup--thread1] INFO  logging.LoggingHandler (AbstractInternalLogger.java:log(148)) - [id: 0x6d15d718, L:/0.0.0.0:44447] READ COMPLETE
2023-06-29 03:32:53,682 [s2-NettyServerStreamRpc-bossGroup--thread1] INFO  logging.LoggingHandler (AbstractInternalLogger.java:log(148)) - [id: 0x6d15d718, L:/0.0.0.0:44447] READ: [id: 0x05bab3a1, L:/127.0.0.1:44447 - R:/127.0.0.1:36818]
2023-06-29 03:32:53,682 [s2-NettyServerStreamRpc-bossGroup--thread1] INFO  logging.LoggingHandler (AbstractInternalLogger.java:log(148)) - [id: 0x6d15d718, L:/0.0.0.0:44447] READ COMPLETE
2023-06-29 03:32:53,685 [s2-NettyServerStreamRpc-workerGroup--thread2] INFO  client.DataStreamClient (ConfUtils.java:logGet(46)) - raft.datastream.type = NETTY (custom)
2023-06-29 03:32:53,685 [s2-NettyServerStreamRpc-workerGroup--thread2] INFO  netty.NettyConfigKeys$DataStream (ConfUtils.java:logGet(46)) - raft.netty.dataStream.client.tls.conf = null (default)
2023-06-29 03:32:53,685 [s2-NettyServerStreamRpc-workerGroup--thread2] INFO  netty.NettyConfigKeys$DataStream (ConfUtils.java:logGet(46)) - raft.netty.dataStream.client.reply.queue.grace-period = 1s (default)
2023-06-29 03:32:53,685 [s2-NettyServerStreamRpc-workerGroup--thread2] INFO  netty.NettyConfigKeys$DataStream (ConfUtils.java:logGet(46)) - raft.netty.dataStream.client.worker-group.share = false (default)
2023-06-29 03:32:53,685 [s2-NettyServerStreamRpc-workerGroup--thread2] INFO  netty.NettyConfigKeys$DataStream (ConfUtils.java:logGet(46)) - raft.netty.dataStream.client.worker-group.size = 4 (default)
2023-06-29 03:32:53,686 [s1-NettyServerStreamRpc-bossGroup--thread1] INFO  logging.LoggingHandler (AbstractInternalLogger.java:log(148)) - [id: 0x71d8a3fc, L:/0.0.0.0:36939] READ: [id: 0x7eafa825, L:/127.0.0.1:36939 - R:/127.0.0.1:50200]
2023-06-29 03:32:53,686 [s1-NettyServerStreamRpc-bossGroup--thread1] INFO  logging.LoggingHandler (AbstractInternalLogger.java:log(148)) - [id: 0x71d8a3fc, L:/0.0.0.0:36939] READ COMPLETE
2023-06-29 03:32:53,687 [s0-NettyServerStreamRpc-workerGroup--thread2] INFO  client.DataStreamClient (ConfUtils.java:logGet(46)) - raft.datastream.type = NETTY (custom)
2023-06-29 03:32:53,687 [s0-NettyServerStreamRpc-workerGroup--thread2] INFO  netty.NettyConfigKeys$DataStream (ConfUtils.java:logGet(46)) - raft.netty.dataStream.client.tls.conf = null (default)
2023-06-29 03:32:53,687 [s0-NettyServerStreamRpc-workerGroup--thread2] INFO  netty.NettyConfigKeys$DataStream (ConfUtils.java:logGet(46)) - raft.netty.dataStream.client.reply.queue.grace-period = 1s (default)
2023-06-29 03:32:53,687 [s0-NettyServerStreamRpc-workerGroup--thread2] INFO  netty.NettyConfigKeys$DataStream (ConfUtils.java:logGet(46)) - raft.netty.dataStream.client.worker-group.share = false (default)
2023-06-29 03:32:53,687 [s0-NettyServerStreamRpc-workerGroup--thread2] INFO  netty.NettyConfigKeys$DataStream (ConfUtils.java:logGet(46)) - raft.netty.dataStream.client.worker-group.size = 4 (default)
2023-06-29 03:32:53,689 [s1-NettyServerStreamRpc-bossGroup--thread1] INFO  logging.LoggingHandler (AbstractInternalLogger.java:log(148)) - [id: 0x71d8a3fc, L:/0.0.0.0:36939] READ: [id: 0x1f5bb167, L:/127.0.0.1:36939 - R:/127.0.0.1:50202]
2023-06-29 03:32:53,690 [s1-NettyServerStreamRpc-bossGroup--thread1] INFO  logging.LoggingHandler (AbstractInternalLogger.java:log(148)) - [id: 0x71d8a3fc, L:/0.0.0.0:36939] READ COMPLETE
2023-06-29 03:32:53,690 [s0-NettyServerStreamRpc-workerGroup--thread2] INFO  client.DataStreamClient (ConfUtils.java:logGet(46)) - raft.datastream.type = NETTY (custom)
2023-06-29 03:32:53,690 [s0-NettyServerStreamRpc-workerGroup--thread2] INFO  netty.NettyConfigKeys$DataStream (ConfUtils.java:logGet(46)) - raft.netty.dataStream.client.tls.conf = null (default)
2023-06-29 03:32:53,690 [s0-NettyServerStreamRpc-workerGroup--thread2] INFO  netty.NettyConfigKeys$DataStream (ConfUtils.java:logGet(46)) - raft.netty.dataStream.client.reply.queue.grace-period = 1s (default)
2023-06-29 03:32:53,690 [s0-NettyServerStreamRpc-workerGroup--thread2] INFO  netty.NettyConfigKeys$DataStream (ConfUtils.java:logGet(46)) - raft.netty.dataStream.client.worker-group.share = false (default)
2023-06-29 03:32:53,690 [s0-NettyServerStreamRpc-workerGroup--thread2] INFO  netty.NettyConfigKeys$DataStream (ConfUtils.java:logGet(46)) - raft.netty.dataStream.client.worker-group.size = 4 (default)
2023-06-29 03:32:53,700 [s1-NettyServerStreamRpc-workerGroup--thread3] INFO  client.DataStreamClient (ConfUtils.java:logGet(46)) - raft.datastream.type = NETTY (custom)
2023-06-29 03:32:53,700 [s1-NettyServerStreamRpc-workerGroup--thread3] INFO  netty.NettyConfigKeys$DataStream (ConfUtils.java:logGet(46)) - raft.netty.dataStream.client.tls.conf = null (default)
2023-06-29 03:32:53,700 [s1-NettyServerStreamRpc-workerGroup--thread3] INFO  netty.NettyConfigKeys$DataStream (ConfUtils.java:logGet(46)) - raft.netty.dataStream.client.reply.queue.grace-period = 1s (default)
2023-06-29 03:32:53,700 [s1-NettyServerStreamRpc-workerGroup--thread3] INFO  netty.NettyConfigKeys$DataStream (ConfUtils.java:logGet(46)) - raft.netty.dataStream.client.worker-group.share = false (default)
2023-06-29 03:32:53,700 [s1-NettyServerStreamRpc-workerGroup--thread3] INFO  netty.NettyConfigKeys$DataStream (ConfUtils.java:logGet(46)) - raft.netty.dataStream.client.worker-group.size = 4 (default)
2023-06-29 03:32:53,701 [s2-NettyServerStreamRpc-workerGroup--thread1] INFO  client.DataStreamClient (ConfUtils.java:logGet(46)) - raft.datastream.type = NETTY (custom)
2023-06-29 03:32:53,701 [s2-NettyServerStreamRpc-workerGroup--thread1] INFO  netty.NettyConfigKeys$DataStream (ConfUtils.java:logGet(46)) - raft.netty.dataStream.client.tls.conf = null (default)
2023-06-29 03:32:53,701 [s2-NettyServerStreamRpc-workerGroup--thread1] INFO  netty.NettyConfigKeys$DataStream (ConfUtils.java:logGet(46)) - raft.netty.dataStream.client.reply.queue.grace-period = 1s (default)
2023-06-29 03:32:53,701 [s2-NettyServerStreamRpc-workerGroup--thread1] INFO  netty.NettyConfigKeys$DataStream (ConfUtils.java:logGet(46)) - raft.netty.dataStream.client.worker-group.share = false (default)
2023-06-29 03:32:53,701 [s2-NettyServerStreamRpc-workerGroup--thread1] INFO  netty.NettyConfigKeys$DataStream (ConfUtils.java:logGet(46)) - raft.netty.dataStream.client.worker-group.size = 4 (default)
2023-06-29 03:32:53,707 [s1-NettyServerStreamRpc-workerGroup--thread4] INFO  client.DataStreamClient (ConfUtils.java:logGet(46)) - raft.datastream.type = NETTY (custom)
2023-06-29 03:32:53,707 [s1-NettyServerStreamRpc-workerGroup--thread4] INFO  netty.NettyConfigKeys$DataStream (ConfUtils.java:logGet(46)) - raft.netty.dataStream.client.tls.conf = null (default)
2023-06-29 03:32:53,707 [s1-NettyServerStreamRpc-workerGroup--thread4] INFO  netty.NettyConfigKeys$DataStream (ConfUtils.java:logGet(46)) - raft.netty.dataStream.client.reply.queue.grace-period = 1s (default)
2023-06-29 03:32:53,707 [s1-NettyServerStreamRpc-workerGroup--thread4] INFO  netty.NettyConfigKeys$DataStream (ConfUtils.java:logGet(46)) - raft.netty.dataStream.client.worker-group.share = false (default)
2023-06-29 03:32:53,707 [s1-NettyServerStreamRpc-workerGroup--thread4] INFO  netty.NettyConfigKeys$DataStream (ConfUtils.java:logGet(46)) - raft.netty.dataStream.client.worker-group.size = 4 (default)
2023-06-29 03:32:53,707 [s1-NettyServerStreamRpc-bossGroup--thread1] INFO  logging.LoggingHandler (AbstractInternalLogger.java:log(148)) - [id: 0x71d8a3fc, L:/0.0.0.0:36939] READ: [id: 0xebbbbafe, L:/127.0.0.1:36939 - R:/127.0.0.1:50212]
2023-06-29 03:32:53,708 [s1-NettyServerStreamRpc-bossGroup--thread1] INFO  logging.LoggingHandler (AbstractInternalLogger.java:log(148)) - [id: 0x71d8a3fc, L:/0.0.0.0:36939] READ COMPLETE
2023-06-29 03:32:53,708 [s2-NettyServerStreamRpc-workerGroup--thread2] INFO  client.DataStreamClient (ConfUtils.java:logGet(46)) - raft.datastream.type = NETTY (custom)
2023-06-29 03:32:53,708 [s2-NettyServerStreamRpc-workerGroup--thread2] INFO  netty.NettyConfigKeys$DataStream (ConfUtils.java:logGet(46)) - raft.netty.dataStream.client.tls.conf = null (default)
2023-06-29 03:32:53,708 [s2-NettyServerStreamRpc-workerGroup--thread2] INFO  netty.NettyConfigKeys$DataStream (ConfUtils.java:logGet(46)) - raft.netty.dataStream.client.reply.queue.grace-period = 1s (default)
2023-06-29 03:32:53,708 [s2-NettyServerStreamRpc-workerGroup--thread2] INFO  netty.NettyConfigKeys$DataStream (ConfUtils.java:logGet(46)) - raft.netty.dataStream.client.worker-group.share = false (default)
2023-06-29 03:32:53,708 [s2-NettyServerStreamRpc-workerGroup--thread2] INFO  netty.NettyConfigKeys$DataStream (ConfUtils.java:logGet(46)) - raft.netty.dataStream.client.worker-group.size = 4 (default)
2023-06-29 03:32:53,710 [s0-NettyServerStreamRpc-bossGroup--thread1] INFO  logging.LoggingHandler (AbstractInternalLogger.java:log(148)) - [id: 0xaf9c0630, L:/0.0.0.0:39011] READ: [id: 0x3559a636, L:/127.0.0.1:39011 - R:/127.0.0.1:34246]
2023-06-29 03:32:53,710 [s0-NettyServerStreamRpc-bossGroup--thread1] INFO  logging.LoggingHandler (AbstractInternalLogger.java:log(148)) - [id: 0xaf9c0630, L:/0.0.0.0:39011] READ COMPLETE
2023-06-29 03:32:53,710 [s2-NettyServerStreamRpc-workerGroup--thread2] INFO  client.DataStreamClient (ConfUtils.java:logGet(46)) - raft.datastream.type = NETTY (custom)
2023-06-29 03:32:53,710 [s2-NettyServerStreamRpc-workerGroup--thread2] INFO  netty.NettyConfigKeys$DataStream (ConfUtils.java:logGet(46)) - raft.netty.dataStream.client.tls.conf = null (default)
2023-06-29 03:32:53,710 [s2-NettyServerStreamRpc-workerGroup--thread2] INFO  netty.NettyConfigKeys$DataStream (ConfUtils.java:logGet(46)) - raft.netty.dataStream.client.reply.queue.grace-period = 1s (default)
2023-06-29 03:32:53,710 [s2-NettyServerStreamRpc-workerGroup--thread2] INFO  netty.NettyConfigKeys$DataStream (ConfUtils.java:logGet(46)) - raft.netty.dataStream.client.worker-group.share = false (default)
2023-06-29 03:32:53,710 [s2-NettyServerStreamRpc-workerGroup--thread2] INFO  netty.NettyConfigKeys$DataStream (ConfUtils.java:logGet(46)) - raft.netty.dataStream.client.worker-group.size = 4 (default)
2023-06-29 03:32:53,711 [s1-NettyServerStreamRpc-bossGroup--thread1] INFO  logging.LoggingHandler (AbstractInternalLogger.java:log(148)) - [id: 0x71d8a3fc, L:/0.0.0.0:36939] READ: [id: 0xf347be25, L:/127.0.0.1:36939 - R:/127.0.0.1:50224]
2023-06-29 03:32:53,711 [s1-NettyServerStreamRpc-bossGroup--thread1] INFO  logging.LoggingHandler (AbstractInternalLogger.java:log(148)) - [id: 0x71d8a3fc, L:/0.0.0.0:36939] READ COMPLETE
2023-06-29 03:32:53,713 [s2-NettyServerStreamRpc-workerGroup--thread2] INFO  client.DataStreamClient (ConfUtils.java:logGet(46)) - raft.datastream.type = NETTY (custom)
2023-06-29 03:32:53,713 [s2-NettyServerStreamRpc-workerGroup--thread2] INFO  netty.NettyConfigKeys$DataStream (ConfUtils.java:logGet(46)) - raft.netty.dataStream.client.tls.conf = null (default)
2023-06-29 03:32:53,713 [s2-NettyServerStreamRpc-workerGroup--thread2] INFO  netty.NettyConfigKeys$DataStream (ConfUtils.java:logGet(46)) - raft.netty.dataStream.client.reply.queue.grace-period = 1s (default)
2023-06-29 03:32:53,713 [s2-NettyServerStreamRpc-workerGroup--thread2] INFO  netty.NettyConfigKeys$DataStream (ConfUtils.java:logGet(46)) - raft.netty.dataStream.client.worker-group.share = false (default)
2023-06-29 03:32:53,713 [s2-NettyServerStreamRpc-workerGroup--thread2] INFO  netty.NettyConfigKeys$DataStream (ConfUtils.java:logGet(46)) - raft.netty.dataStream.client.worker-group.size = 4 (default)
2023-06-29 03:32:53,714 [s2-NettyServerStreamRpc-bossGroup--thread1] INFO  logging.LoggingHandler (AbstractInternalLogger.java:log(148)) - [id: 0x6d15d718, L:/0.0.0.0:44447] READ: [id: 0x93cdf808, L:/127.0.0.1:44447 - R:/127.0.0.1:36824]
2023-06-29 03:32:53,714 [s2-NettyServerStreamRpc-bossGroup--thread1] INFO  logging.LoggingHandler (AbstractInternalLogger.java:log(148)) - [id: 0x6d15d718, L:/0.0.0.0:44447] READ: [id: 0xad82fe3a, L:/127.0.0.1:44447 - R:/127.0.0.1:36826]
2023-06-29 03:32:53,714 [s2-NettyServerStreamRpc-bossGroup--thread1] INFO  logging.LoggingHandler (AbstractInternalLogger.java:log(148)) - [id: 0x6d15d718, L:/0.0.0.0:44447] READ: [id: 0xbec6f50d, L:/127.0.0.1:44447 - R:/127.0.0.1:36830]
2023-06-29 03:32:53,714 [s2-NettyServerStreamRpc-bossGroup--thread1] INFO  logging.LoggingHandler (AbstractInternalLogger.java:log(148)) - [id: 0x6d15d718, L:/0.0.0.0:44447] READ COMPLETE
2023-06-29 03:32:53,716 [s0-NettyServerStreamRpc-bossGroup--thread1] INFO  logging.LoggingHandler (AbstractInternalLogger.java:log(148)) - [id: 0xaf9c0630, L:/0.0.0.0:39011] READ: [id: 0xd82f509f, L:/127.0.0.1:39011 - R:/127.0.0.1:34262]
2023-06-29 03:32:53,716 [s0-NettyServerStreamRpc-bossGroup--thread1] INFO  logging.LoggingHandler (AbstractInternalLogger.java:log(148)) - [id: 0xaf9c0630, L:/0.0.0.0:39011] READ COMPLETE
2023-06-29 03:32:53,716 [s2-NettyServerStreamRpc-workerGroup--thread2] INFO  client.DataStreamClient (ConfUtils.java:logGet(46)) - raft.datastream.type = NETTY (custom)
2023-06-29 03:32:53,716 [s2-NettyServerStreamRpc-workerGroup--thread2] INFO  netty.NettyConfigKeys$DataStream (ConfUtils.java:logGet(46)) - raft.netty.dataStream.client.tls.conf = null (default)
2023-06-29 03:32:53,716 [s2-NettyServerStreamRpc-workerGroup--thread2] INFO  netty.NettyConfigKeys$DataStream (ConfUtils.java:logGet(46)) - raft.netty.dataStream.client.reply.queue.grace-period = 1s (default)
2023-06-29 03:32:53,716 [s2-NettyServerStreamRpc-workerGroup--thread2] INFO  netty.NettyConfigKeys$DataStream (ConfUtils.java:logGet(46)) - raft.netty.dataStream.client.worker-group.share = false (default)
2023-06-29 03:32:53,716 [s2-NettyServerStreamRpc-workerGroup--thread2] INFO  netty.NettyConfigKeys$DataStream (ConfUtils.java:logGet(46)) - raft.netty.dataStream.client.worker-group.size = 4 (default)
2023-06-29 03:32:53,718 [s0-NettyServerStreamRpc-bossGroup--thread1] INFO  logging.LoggingHandler (AbstractInternalLogger.java:log(148)) - [id: 0xaf9c0630, L:/0.0.0.0:39011] READ: [id: 0xe290ed57, L:/127.0.0.1:39011 - R:/127.0.0.1:34278]
2023-06-29 03:32:53,718 [s0-NettyServerStreamRpc-bossGroup--thread1] INFO  logging.LoggingHandler (AbstractInternalLogger.java:log(148)) - [id: 0xaf9c0630, L:/0.0.0.0:39011] READ COMPLETE
2023-06-29 03:32:53,718 [s1-NettyServerStreamRpc-workerGroup--thread3] INFO  client.DataStreamClient (ConfUtils.java:logGet(46)) - raft.datastream.type = NETTY (custom)
2023-06-29 03:32:53,718 [s1-NettyServerStreamRpc-workerGroup--thread3] INFO  netty.NettyConfigKeys$DataStream (ConfUtils.java:logGet(46)) - raft.netty.dataStream.client.tls.conf = null (default)
2023-06-29 03:32:53,718 [s1-NettyServerStreamRpc-workerGroup--thread3] INFO  netty.NettyConfigKeys$DataStream (ConfUtils.java:logGet(46)) - raft.netty.dataStream.client.reply.queue.grace-period = 1s (default)
2023-06-29 03:32:53,718 [s1-NettyServerStreamRpc-workerGroup--thread3] INFO  netty.NettyConfigKeys$DataStream (ConfUtils.java:logGet(46)) - raft.netty.dataStream.client.worker-group.share = false (default)
2023-06-29 03:32:53,718 [s1-NettyServerStreamRpc-workerGroup--thread3] INFO  netty.NettyConfigKeys$DataStream (ConfUtils.java:logGet(46)) - raft.netty.dataStream.client.worker-group.size = 4 (default)
2023-06-29 03:32:53,720 [s2-NettyServerStreamRpc-bossGroup--thread1] INFO  logging.LoggingHandler (AbstractInternalLogger.java:log(148)) - [id: 0x6d15d718, L:/0.0.0.0:44447] READ: [id: 0x3b8c093b, L:/127.0.0.1:44447 - R:/127.0.0.1:36846]
2023-06-29 03:32:53,720 [s2-NettyServerStreamRpc-bossGroup--thread1] INFO  logging.LoggingHandler (AbstractInternalLogger.java:log(148)) - [id: 0x6d15d718, L:/0.0.0.0:44447] READ COMPLETE
2023-06-29 03:32:53,721 [s2-NettyServerStreamRpc-bossGroup--thread1] INFO  logging.LoggingHandler (AbstractInternalLogger.java:log(148)) - [id: 0x6d15d718, L:/0.0.0.0:44447] READ: [id: 0xa06a12ef, L:/127.0.0.1:44447 - R:/127.0.0.1:36854]
2023-06-29 03:32:53,721 [s2-NettyServerStreamRpc-bossGroup--thread1] INFO  logging.LoggingHandler (AbstractInternalLogger.java:log(148)) - [id: 0x6d15d718, L:/0.0.0.0:44447] READ COMPLETE
2023-06-29 03:32:53,722 [s1-NettyServerStreamRpc-bossGroup--thread1] INFO  logging.LoggingHandler (AbstractInternalLogger.java:log(148)) - [id: 0x71d8a3fc, L:/0.0.0.0:36939] READ: [id: 0x01207952, L:/127.0.0.1:36939 - R:/127.0.0.1:50230]
2023-06-29 03:32:53,723 [s1-NettyServerStreamRpc-bossGroup--thread1] INFO  logging.LoggingHandler (AbstractInternalLogger.java:log(148)) - [id: 0x71d8a3fc, L:/0.0.0.0:36939] READ COMPLETE
2023-06-29 03:32:53,724 [s0-NettyServerStreamRpc-bossGroup--thread1] INFO  logging.LoggingHandler (AbstractInternalLogger.java:log(148)) - [id: 0xaf9c0630, L:/0.0.0.0:39011] READ: [id: 0x589d4743, L:/127.0.0.1:39011 - R:/127.0.0.1:34292]
2023-06-29 03:32:53,724 [s0-NettyServerStreamRpc-bossGroup--thread1] INFO  logging.LoggingHandler (AbstractInternalLogger.java:log(148)) - [id: 0xaf9c0630, L:/0.0.0.0:39011] READ COMPLETE
2023-06-29 03:32:53,724 [s2-NettyServerStreamRpc-workerGroup--thread1] INFO  client.DataStreamClient (ConfUtils.java:logGet(46)) - raft.datastream.type = NETTY (custom)
2023-06-29 03:32:53,725 [s2-NettyServerStreamRpc-workerGroup--thread1] INFO  netty.NettyConfigKeys$DataStream (ConfUtils.java:logGet(46)) - raft.netty.dataStream.client.tls.conf = null (default)
2023-06-29 03:32:53,725 [s2-NettyServerStreamRpc-workerGroup--thread1] INFO  netty.NettyConfigKeys$DataStream (ConfUtils.java:logGet(46)) - raft.netty.dataStream.client.reply.queue.grace-period = 1s (default)
2023-06-29 03:32:53,725 [s2-NettyServerStreamRpc-workerGroup--thread1] INFO  netty.NettyConfigKeys$DataStream (ConfUtils.java:logGet(46)) - raft.netty.dataStream.client.worker-group.share = false (default)
2023-06-29 03:32:53,725 [s2-NettyServerStreamRpc-workerGroup--thread1] INFO  netty.NettyConfigKeys$DataStream (ConfUtils.java:logGet(46)) - raft.netty.dataStream.client.worker-group.size = 4 (default)
2023-06-29 03:32:53,727 [s0-NettyServerStreamRpc-bossGroup--thread1] INFO  logging.LoggingHandler (AbstractInternalLogger.java:log(148)) - [id: 0xaf9c0630, L:/0.0.0.0:39011] READ: [id: 0x7d7283e6, L:/127.0.0.1:39011 - R:/127.0.0.1:34300]
2023-06-29 03:32:53,727 [s0-NettyServerStreamRpc-bossGroup--thread1] INFO  logging.LoggingHandler (AbstractInternalLogger.java:log(148)) - [id: 0xaf9c0630, L:/0.0.0.0:39011] READ COMPLETE
2023-06-29 03:32:53,727 [s1-NettyServerStreamRpc-workerGroup--thread4] INFO  client.DataStreamClient (ConfUtils.java:logGet(46)) - raft.datastream.type = NETTY (custom)
2023-06-29 03:32:53,727 [s1-NettyServerStreamRpc-workerGroup--thread4] INFO  netty.NettyConfigKeys$DataStream (ConfUtils.java:logGet(46)) - raft.netty.dataStream.client.tls.conf = null (default)
2023-06-29 03:32:53,727 [s1-NettyServerStreamRpc-workerGroup--thread4] INFO  netty.NettyConfigKeys$DataStream (ConfUtils.java:logGet(46)) - raft.netty.dataStream.client.reply.queue.grace-period = 1s (default)
2023-06-29 03:32:53,727 [s1-NettyServerStreamRpc-workerGroup--thread4] INFO  netty.NettyConfigKeys$DataStream (ConfUtils.java:logGet(46)) - raft.netty.dataStream.client.worker-group.share = false (default)
2023-06-29 03:32:53,727 [s1-NettyServerStreamRpc-workerGroup--thread4] INFO  netty.NettyConfigKeys$DataStream (ConfUtils.java:logGet(46)) - raft.netty.dataStream.client.worker-group.size = 4 (default)
2023-06-29 03:32:53,747 [s2-NettyServerStreamRpc-bossGroup--thread1] INFO  logging.LoggingHandler (AbstractInternalLogger.java:log(148)) - [id: 0x6d15d718, L:/0.0.0.0:44447] READ: [id: 0x0565f713, L:/127.0.0.1:44447 - R:/127.0.0.1:36870]
2023-06-29 03:32:53,747 [s2-NettyServerStreamRpc-bossGroup--thread1] INFO  logging.LoggingHandler (AbstractInternalLogger.java:log(148)) - [id: 0x6d15d718, L:/0.0.0.0:44447] READ COMPLETE
2023-06-29 03:32:53,749 [s1-NettyServerStreamRpc-bossGroup--thread1] INFO  logging.LoggingHandler (AbstractInternalLogger.java:log(148)) - [id: 0x71d8a3fc, L:/0.0.0.0:36939] READ: [id: 0x6b9d276c, L:/127.0.0.1:36939 - R:/127.0.0.1:50240]
2023-06-29 03:32:53,750 [s1-NettyServerStreamRpc-bossGroup--thread1] INFO  logging.LoggingHandler (AbstractInternalLogger.java:log(148)) - [id: 0x71d8a3fc, L:/0.0.0.0:36939] READ COMPLETE
2023-06-29 03:32:53,751 [s2-NettyServerStreamRpc-workerGroup--thread2] INFO  client.DataStreamClient (ConfUtils.java:logGet(46)) - raft.datastream.type = NETTY (custom)
2023-06-29 03:32:53,751 [s2-NettyServerStreamRpc-workerGroup--thread2] INFO  netty.NettyConfigKeys$DataStream (ConfUtils.java:logGet(46)) - raft.netty.dataStream.client.tls.conf = null (default)
2023-06-29 03:32:53,751 [s2-NettyServerStreamRpc-workerGroup--thread2] INFO  netty.NettyConfigKeys$DataStream (ConfUtils.java:logGet(46)) - raft.netty.dataStream.client.reply.queue.grace-period = 1s (default)
2023-06-29 03:32:53,751 [s2-NettyServerStreamRpc-workerGroup--thread2] INFO  netty.NettyConfigKeys$DataStream (ConfUtils.java:logGet(46)) - raft.netty.dataStream.client.worker-group.share = false (default)
2023-06-29 03:32:53,751 [s2-NettyServerStreamRpc-workerGroup--thread2] INFO  netty.NettyConfigKeys$DataStream (ConfUtils.java:logGet(46)) - raft.netty.dataStream.client.worker-group.size = 4 (default)
2023-06-29 03:32:53,752 [s0-NettyServerStreamRpc-bossGroup--thread1] INFO  logging.LoggingHandler (AbstractInternalLogger.java:log(148)) - [id: 0xaf9c0630, L:/0.0.0.0:39011] READ: [id: 0xbcda85d7, L:/127.0.0.1:39011 - R:/127.0.0.1:34310]
2023-06-29 03:32:53,752 [s0-NettyServerStreamRpc-bossGroup--thread1] INFO  logging.LoggingHandler (AbstractInternalLogger.java:log(148)) - [id: 0xaf9c0630, L:/0.0.0.0:39011] READ COMPLETE
2023-06-29 03:32:53,752 [s2-NettyServerStreamRpc-workerGroup--thread2] INFO  client.DataStreamClient (ConfUtils.java:logGet(46)) - raft.datastream.type = NETTY (custom)
2023-06-29 03:32:53,753 [s2-NettyServerStreamRpc-workerGroup--thread2] INFO  netty.NettyConfigKeys$DataStream (ConfUtils.java:logGet(46)) - raft.netty.dataStream.client.tls.conf = null (default)
2023-06-29 03:32:53,753 [s2-NettyServerStreamRpc-workerGroup--thread2] INFO  netty.NettyConfigKeys$DataStream (ConfUtils.java:logGet(46)) - raft.netty.dataStream.client.reply.queue.grace-period = 1s (default)
2023-06-29 03:32:53,753 [s2-NettyServerStreamRpc-workerGroup--thread2] INFO  netty.NettyConfigKeys$DataStream (ConfUtils.java:logGet(46)) - raft.netty.dataStream.client.worker-group.share = false (default)
2023-06-29 03:32:53,753 [s2-NettyServerStreamRpc-workerGroup--thread2] INFO  netty.NettyConfigKeys$DataStream (ConfUtils.java:logGet(46)) - raft.netty.dataStream.client.worker-group.size = 4 (default)
2023-06-29 03:32:53,754 [s1-NettyServerStreamRpc-workerGroup--thread3] INFO  client.DataStreamClient (ConfUtils.java:logGet(46)) - raft.datastream.type = NETTY (custom)
2023-06-29 03:32:53,754 [s1-NettyServerStreamRpc-workerGroup--thread3] INFO  netty.NettyConfigKeys$DataStream (ConfUtils.java:logGet(46)) - raft.netty.dataStream.client.tls.conf = null (default)
2023-06-29 03:32:53,754 [s1-NettyServerStreamRpc-workerGroup--thread3] INFO  netty.NettyConfigKeys$DataStream (ConfUtils.java:logGet(46)) - raft.netty.dataStream.client.reply.queue.grace-period = 1s (default)
2023-06-29 03:32:53,754 [s1-NettyServerStreamRpc-workerGroup--thread3] INFO  netty.NettyConfigKeys$DataStream (ConfUtils.java:logGet(46)) - raft.netty.dataStream.client.worker-group.share = false (default)
2023-06-29 03:32:53,754 [s1-NettyServerStreamRpc-workerGroup--thread3] INFO  netty.NettyConfigKeys$DataStream (ConfUtils.java:logGet(46)) - raft.netty.dataStream.client.worker-group.size = 4 (default)
2023-06-29 03:32:53,755 [s0-NettyServerStreamRpc-bossGroup--thread1] INFO  logging.LoggingHandler (AbstractInternalLogger.java:log(148)) - [id: 0xaf9c0630, L:/0.0.0.0:39011] READ: [id: 0x9dc0aae8, L:/127.0.0.1:39011 - R:/127.0.0.1:34318]
2023-06-29 03:32:53,756 [s0-NettyServerStreamRpc-bossGroup--thread1] INFO  logging.LoggingHandler (AbstractInternalLogger.java:log(148)) - [id: 0xaf9c0630, L:/0.0.0.0:39011] READ COMPLETE
2023-06-29 03:32:53,756 [s1-NettyServerStreamRpc-workerGroup--thread3] INFO  client.DataStreamClient (ConfUtils.java:logGet(46)) - raft.datastream.type = NETTY (custom)
2023-06-29 03:32:53,756 [s1-NettyServerStreamRpc-workerGroup--thread3] INFO  netty.NettyConfigKeys$DataStream (ConfUtils.java:logGet(46)) - raft.netty.dataStream.client.tls.conf = null (default)
2023-06-29 03:32:53,756 [s1-NettyServerStreamRpc-workerGroup--thread3] INFO  netty.NettyConfigKeys$DataStream (ConfUtils.java:logGet(46)) - raft.netty.dataStream.client.reply.queue.grace-period = 1s (default)
2023-06-29 03:32:53,756 [s1-NettyServerStreamRpc-workerGroup--thread3] INFO  netty.NettyConfigKeys$DataStream (ConfUtils.java:logGet(46)) - raft.netty.dataStream.client.worker-group.share = false (default)
2023-06-29 03:32:53,756 [s1-NettyServerStreamRpc-workerGroup--thread3] INFO  netty.NettyConfigKeys$DataStream (ConfUtils.java:logGet(46)) - raft.netty.dataStream.client.worker-group.size = 4 (default)
2023-06-29 03:32:53,764 [s1-NettyServerStreamRpc-bossGroup--thread1] INFO  logging.LoggingHandler (AbstractInternalLogger.java:log(148)) - [id: 0x71d8a3fc, L:/0.0.0.0:36939] READ: [id: 0x5c747161, L:/127.0.0.1:36939 - R:/127.0.0.1:50252]
2023-06-29 03:32:53,764 [s1-NettyServerStreamRpc-bossGroup--thread1] INFO  logging.LoggingHandler (AbstractInternalLogger.java:log(148)) - [id: 0x71d8a3fc, L:/0.0.0.0:36939] READ COMPLETE
2023-06-29 03:32:53,765 [s2-NettyServerStreamRpc-workerGroup--thread1] INFO  client.DataStreamClient (ConfUtils.java:logGet(46)) - raft.datastream.type = NETTY (custom)
2023-06-29 03:32:53,765 [s2-NettyServerStreamRpc-workerGroup--thread1] INFO  netty.NettyConfigKeys$DataStream (ConfUtils.java:logGet(46)) - raft.netty.dataStream.client.tls.conf = null (default)
2023-06-29 03:32:53,765 [s2-NettyServerStreamRpc-workerGroup--thread1] INFO  netty.NettyConfigKeys$DataStream (ConfUtils.java:logGet(46)) - raft.netty.dataStream.client.reply.queue.grace-period = 1s (default)
2023-06-29 03:32:53,765 [s2-NettyServerStreamRpc-workerGroup--thread1] INFO  netty.NettyConfigKeys$DataStream (ConfUtils.java:logGet(46)) - raft.netty.dataStream.client.worker-group.share = false (default)
2023-06-29 03:32:53,765 [s2-NettyServerStreamRpc-workerGroup--thread1] INFO  netty.NettyConfigKeys$DataStream (ConfUtils.java:logGet(46)) - raft.netty.dataStream.client.worker-group.size = 4 (default)
2023-06-29 03:32:53,775 [s0-NettyServerStreamRpc-workerGroup--thread2] INFO  client.DataStreamClient (ConfUtils.java:logGet(46)) - raft.datastream.type = NETTY (custom)
2023-06-29 03:32:53,775 [s0-NettyServerStreamRpc-workerGroup--thread2] INFO  netty.NettyConfigKeys$DataStream (ConfUtils.java:logGet(46)) - raft.netty.dataStream.client.tls.conf = null (default)
2023-06-29 03:32:53,775 [s0-NettyServerStreamRpc-workerGroup--thread2] INFO  netty.NettyConfigKeys$DataStream (ConfUtils.java:logGet(46)) - raft.netty.dataStream.client.reply.queue.grace-period = 1s (default)
2023-06-29 03:32:53,775 [s0-NettyServerStreamRpc-workerGroup--thread2] INFO  netty.NettyConfigKeys$DataStream (ConfUtils.java:logGet(46)) - raft.netty.dataStream.client.worker-group.share = false (default)
2023-06-29 03:32:53,775 [s0-NettyServerStreamRpc-workerGroup--thread2] INFO  netty.NettyConfigKeys$DataStream (ConfUtils.java:logGet(46)) - raft.netty.dataStream.client.worker-group.size = 4 (default)
2023-06-29 03:32:53,783 [s2-NettyServerStreamRpc-bossGroup--thread1] INFO  logging.LoggingHandler (AbstractInternalLogger.java:log(148)) - [id: 0x6d15d718, L:/0.0.0.0:44447] READ: [id: 0x28e4aa7e, L:/127.0.0.1:44447 - R:/127.0.0.1:36876]
2023-06-29 03:32:53,793 [s0-NettyServerStreamRpc-bossGroup--thread1] INFO  logging.LoggingHandler (AbstractInternalLogger.java:log(148)) - [id: 0xaf9c0630, L:/0.0.0.0:39011] READ: [id: 0xa288cec2, L:/127.0.0.1:39011 - R:/127.0.0.1:34320]
2023-06-29 03:32:53,793 [s0-NettyServerStreamRpc-bossGroup--thread1] INFO  logging.LoggingHandler (AbstractInternalLogger.java:log(148)) - [id: 0xaf9c0630, L:/0.0.0.0:39011] READ COMPLETE
2023-06-29 03:32:53,795 [s1-NettyServerStreamRpc-workerGroup--thread4] INFO  client.DataStreamClient (ConfUtils.java:logGet(46)) - raft.datastream.type = NETTY (custom)
2023-06-29 03:32:53,795 [s1-NettyServerStreamRpc-workerGroup--thread4] INFO  netty.NettyConfigKeys$DataStream (ConfUtils.java:logGet(46)) - raft.netty.dataStream.client.tls.conf = null (default)
2023-06-29 03:32:53,795 [s2-NettyServerStreamRpc-workerGroup--thread1] INFO  client.DataStreamClient (ConfUtils.java:logGet(46)) - raft.datastream.type = NETTY (custom)
2023-06-29 03:32:53,795 [s2-NettyServerStreamRpc-workerGroup--thread2] INFO  client.DataStreamClient (ConfUtils.java:logGet(46)) - raft.datastream.type = NETTY (custom)
2023-06-29 03:32:53,795 [s1-NettyServerStreamRpc-workerGroup--thread4] INFO  netty.NettyConfigKeys$DataStream (ConfUtils.java:logGet(46)) - raft.netty.dataStream.client.reply.queue.grace-period = 1s (default)
2023-06-29 03:32:53,795 [s2-NettyServerStreamRpc-workerGroup--thread2] INFO  netty.NettyConfigKeys$DataStream (ConfUtils.java:logGet(46)) - raft.netty.dataStream.client.tls.conf = null (default)
2023-06-29 03:32:53,795 [s1-NettyServerStreamRpc-workerGroup--thread4] INFO  netty.NettyConfigKeys$DataStream (ConfUtils.java:logGet(46)) - raft.netty.dataStream.client.worker-group.share = false (default)
2023-06-29 03:32:53,795 [s2-NettyServerStreamRpc-workerGroup--thread2] INFO  netty.NettyConfigKeys$DataStream (ConfUtils.java:logGet(46)) - raft.netty.dataStream.client.reply.queue.grace-period = 1s (default)
2023-06-29 03:32:53,796 [s2-NettyServerStreamRpc-workerGroup--thread1] INFO  netty.NettyConfigKeys$DataStream (ConfUtils.java:logGet(46)) - raft.netty.dataStream.client.tls.conf = null (default)
2023-06-29 03:32:53,796 [s1-NettyServerStreamRpc-workerGroup--thread4] INFO  netty.NettyConfigKeys$DataStream (ConfUtils.java:logGet(46)) - raft.netty.dataStream.client.worker-group.size = 4 (default)
2023-06-29 03:32:53,796 [s2-NettyServerStreamRpc-workerGroup--thread2] INFO  netty.NettyConfigKeys$DataStream (ConfUtils.java:logGet(46)) - raft.netty.dataStream.client.worker-group.share = false (default)
2023-06-29 03:32:53,797 [s2-NettyServerStreamRpc-workerGroup--thread2] INFO  netty.NettyConfigKeys$DataStream (ConfUtils.java:logGet(46)) - raft.netty.dataStream.client.worker-group.size = 4 (default)
2023-06-29 03:32:53,796 [s2-NettyServerStreamRpc-workerGroup--thread1] INFO  netty.NettyConfigKeys$DataStream (ConfUtils.java:logGet(46)) - raft.netty.dataStream.client.reply.queue.grace-period = 1s (default)
2023-06-29 03:32:53,797 [s2-NettyServerStreamRpc-workerGroup--thread1] INFO  netty.NettyConfigKeys$DataStream (ConfUtils.java:logGet(46)) - raft.netty.dataStream.client.worker-group.share = false (default)
2023-06-29 03:32:53,798 [s2-NettyServerStreamRpc-bossGroup--thread1] INFO  logging.LoggingHandler (AbstractInternalLogger.java:log(148)) - [id: 0x6d15d718, L:/0.0.0.0:44447] READ COMPLETE
2023-06-29 03:32:53,803 [s2-NettyServerStreamRpc-workerGroup--thread1] INFO  netty.NettyConfigKeys$DataStream (ConfUtils.java:logGet(46)) - raft.netty.dataStream.client.worker-group.size = 4 (default)
2023-06-29 03:32:53,809 [s0-NettyServerStreamRpc-bossGroup--thread1] INFO  logging.LoggingHandler (AbstractInternalLogger.java:log(148)) - [id: 0xaf9c0630, L:/0.0.0.0:39011] READ: [id: 0x4f755a9d, L:/127.0.0.1:39011 - R:/127.0.0.1:34334]
2023-06-29 03:32:53,809 [s0-NettyServerStreamRpc-bossGroup--thread1] INFO  logging.LoggingHandler (AbstractInternalLogger.java:log(148)) - [id: 0xaf9c0630, L:/0.0.0.0:39011] READ COMPLETE
2023-06-29 03:32:53,809 [s2-NettyServerStreamRpc-workerGroup--thread2] INFO  client.DataStreamClient (ConfUtils.java:logGet(46)) - raft.datastream.type = NETTY (custom)
2023-06-29 03:32:53,810 [s2-NettyServerStreamRpc-workerGroup--thread2] INFO  netty.NettyConfigKeys$DataStream (ConfUtils.java:logGet(46)) - raft.netty.dataStream.client.tls.conf = null (default)
2023-06-29 03:32:53,810 [s2-NettyServerStreamRpc-workerGroup--thread2] INFO  netty.NettyConfigKeys$DataStream (ConfUtils.java:logGet(46)) - raft.netty.dataStream.client.reply.queue.grace-period = 1s (default)
2023-06-29 03:32:53,810 [s2-NettyServerStreamRpc-workerGroup--thread2] INFO  netty.NettyConfigKeys$DataStream (ConfUtils.java:logGet(46)) - raft.netty.dataStream.client.worker-group.share = false (default)
2023-06-29 03:32:53,810 [s2-NettyServerStreamRpc-workerGroup--thread2] INFO  netty.NettyConfigKeys$DataStream (ConfUtils.java:logGet(46)) - raft.netty.dataStream.client.worker-group.size = 4 (default)
2023-06-29 03:32:53,812 [s1-NettyServerStreamRpc-bossGroup--thread1] INFO  logging.LoggingHandler (AbstractInternalLogger.java:log(148)) - [id: 0x71d8a3fc, L:/0.0.0.0:36939] READ: [id: 0xd01f4334, L:/127.0.0.1:36939 - R:/127.0.0.1:50264]
2023-06-29 03:32:53,812 [s1-NettyServerStreamRpc-bossGroup--thread1] INFO  logging.LoggingHandler (AbstractInternalLogger.java:log(148)) - [id: 0x71d8a3fc, L:/0.0.0.0:36939] READ COMPLETE
2023-06-29 03:32:53,812 [s0-NettyServerStreamRpc-workerGroup--thread2] INFO  client.DataStreamClient (ConfUtils.java:logGet(46)) - raft.datastream.type = NETTY (custom)
2023-06-29 03:32:53,812 [s0-NettyServerStreamRpc-workerGroup--thread2] INFO  netty.NettyConfigKeys$DataStream (ConfUtils.java:logGet(46)) - raft.netty.dataStream.client.tls.conf = null (default)
2023-06-29 03:32:53,812 [s0-NettyServerStreamRpc-workerGroup--thread2] INFO  netty.NettyConfigKeys$DataStream (ConfUtils.java:logGet(46)) - raft.netty.dataStream.client.reply.queue.grace-period = 1s (default)
2023-06-29 03:32:53,812 [s0-NettyServerStreamRpc-workerGroup--thread2] INFO  netty.NettyConfigKeys$DataStream (ConfUtils.java:logGet(46)) - raft.netty.dataStream.client.worker-group.share = false (default)
2023-06-29 03:32:53,812 [s0-NettyServerStreamRpc-workerGroup--thread2] INFO  netty.NettyConfigKeys$DataStream (ConfUtils.java:logGet(46)) - raft.netty.dataStream.client.worker-group.size = 4 (default)
2023-06-29 03:32:53,814 [s1-NettyServerStreamRpc-bossGroup--thread1] INFO  logging.LoggingHandler (AbstractInternalLogger.java:log(148)) - [id: 0x71d8a3fc, L:/0.0.0.0:36939] READ: [id: 0xa27e6355, L:/127.0.0.1:36939 - R:/127.0.0.1:50268]
2023-06-29 03:32:53,814 [s1-NettyServerStreamRpc-bossGroup--thread1] INFO  logging.LoggingHandler (AbstractInternalLogger.java:log(148)) - [id: 0x71d8a3fc, L:/0.0.0.0:36939] READ COMPLETE
2023-06-29 03:32:53,814 [s2-NettyServerStreamRpc-workerGroup--thread2] INFO  client.DataStreamClient (ConfUtils.java:logGet(46)) - raft.datastream.type = NETTY (custom)
2023-06-29 03:32:53,814 [s2-NettyServerStreamRpc-workerGroup--thread2] INFO  netty.NettyConfigKeys$DataStream (ConfUtils.java:logGet(46)) - raft.netty.dataStream.client.tls.conf = null (default)
2023-06-29 03:32:53,814 [s2-NettyServerStreamRpc-workerGroup--thread2] INFO  netty.NettyConfigKeys$DataStream (ConfUtils.java:logGet(46)) - raft.netty.dataStream.client.reply.queue.grace-period = 1s (default)
2023-06-29 03:32:53,814 [s2-NettyServerStreamRpc-workerGroup--thread2] INFO  netty.NettyConfigKeys$DataStream (ConfUtils.java:logGet(46)) - raft.netty.dataStream.client.worker-group.share = false (default)
2023-06-29 03:32:53,814 [s2-NettyServerStreamRpc-workerGroup--thread2] INFO  netty.NettyConfigKeys$DataStream (ConfUtils.java:logGet(46)) - raft.netty.dataStream.client.worker-group.size = 4 (default)
2023-06-29 03:32:53,815 [s0-NettyServerStreamRpc-bossGroup--thread1] INFO  logging.LoggingHandler (AbstractInternalLogger.java:log(148)) - [id: 0xaf9c0630, L:/0.0.0.0:39011] READ: [id: 0x65aa733c, L:/127.0.0.1:39011 - R:/127.0.0.1:34340]
2023-06-29 03:32:53,815 [s0-NettyServerStreamRpc-bossGroup--thread1] INFO  logging.LoggingHandler (AbstractInternalLogger.java:log(148)) - [id: 0xaf9c0630, L:/0.0.0.0:39011] READ COMPLETE
2023-06-29 03:32:53,816 [s1-NettyServerStreamRpc-workerGroup--thread4] INFO  client.DataStreamClient (ConfUtils.java:logGet(46)) - raft.datastream.type = NETTY (custom)
2023-06-29 03:32:53,816 [s1-NettyServerStreamRpc-workerGroup--thread4] INFO  netty.NettyConfigKeys$DataStream (ConfUtils.java:logGet(46)) - raft.netty.dataStream.client.tls.conf = null (default)
2023-06-29 03:32:53,816 [s1-NettyServerStreamRpc-workerGroup--thread4] INFO  netty.NettyConfigKeys$DataStream (ConfUtils.java:logGet(46)) - raft.netty.dataStream.client.reply.queue.grace-period = 1s (default)
2023-06-29 03:32:53,816 [s1-NettyServerStreamRpc-workerGroup--thread4] INFO  netty.NettyConfigKeys$DataStream (ConfUtils.java:logGet(46)) - raft.netty.dataStream.client.worker-group.share = false (default)
2023-06-29 03:32:53,816 [s1-NettyServerStreamRpc-workerGroup--thread4] INFO  netty.NettyConfigKeys$DataStream (ConfUtils.java:logGet(46)) - raft.netty.dataStream.client.worker-group.size = 4 (default)
2023-06-29 03:32:53,835 [s2-NettyServerStreamRpc-bossGroup--thread1] INFO  logging.LoggingHandler (AbstractInternalLogger.java:log(148)) - [id: 0x6d15d718, L:/0.0.0.0:44447] READ: [id: 0xa35ecf2a, L:/127.0.0.1:44447 - R:/127.0.0.1:36890]
2023-06-29 03:32:53,835 [s2-NettyServerStreamRpc-bossGroup--thread1] INFO  logging.LoggingHandler (AbstractInternalLogger.java:log(148)) - [id: 0x6d15d718, L:/0.0.0.0:44447] READ COMPLETE
2023-06-29 03:32:53,836 [s0-NettyServerStreamRpc-bossGroup--thread1] INFO  logging.LoggingHandler (AbstractInternalLogger.java:log(148)) - [id: 0xaf9c0630, L:/0.0.0.0:39011] READ: [id: 0xa8c44664, L:/127.0.0.1:39011 - R:/127.0.0.1:34348]
2023-06-29 03:32:53,836 [s0-NettyServerStreamRpc-bossGroup--thread1] INFO  logging.LoggingHandler (AbstractInternalLogger.java:log(148)) - [id: 0xaf9c0630, L:/0.0.0.0:39011] READ COMPLETE
2023-06-29 03:32:53,836 [s2-NettyServerStreamRpc-workerGroup--thread2] INFO  client.DataStreamClient (ConfUtils.java:logGet(46)) - raft.datastream.type = NETTY (custom)
2023-06-29 03:32:53,836 [s1-NettyServerStreamRpc-bossGroup--thread1] INFO  logging.LoggingHandler (AbstractInternalLogger.java:log(148)) - [id: 0x71d8a3fc, L:/0.0.0.0:36939] READ: [id: 0xdfedeadf, L:/127.0.0.1:36939 - R:/127.0.0.1:50280]
2023-06-29 03:32:53,836 [s2-NettyServerStreamRpc-workerGroup--thread2] INFO  netty.NettyConfigKeys$DataStream (ConfUtils.java:logGet(46)) - raft.netty.dataStream.client.tls.conf = null (default)
2023-06-29 03:32:53,836 [s1-NettyServerStreamRpc-bossGroup--thread1] INFO  logging.LoggingHandler (AbstractInternalLogger.java:log(148)) - [id: 0x71d8a3fc, L:/0.0.0.0:36939] READ COMPLETE
2023-06-29 03:32:53,836 [s2-NettyServerStreamRpc-workerGroup--thread2] INFO  netty.NettyConfigKeys$DataStream (ConfUtils.java:logGet(46)) - raft.netty.dataStream.client.reply.queue.grace-period = 1s (default)
2023-06-29 03:32:53,837 [s2-NettyServerStreamRpc-workerGroup--thread2] INFO  netty.NettyConfigKeys$DataStream (ConfUtils.java:logGet(46)) - raft.netty.dataStream.client.worker-group.share = false (default)
2023-06-29 03:32:53,837 [s2-NettyServerStreamRpc-workerGroup--thread2] INFO  netty.NettyConfigKeys$DataStream (ConfUtils.java:logGet(46)) - raft.netty.dataStream.client.worker-group.size = 4 (default)
2023-06-29 03:32:53,854 [s1-NettyServerStreamRpc-bossGroup--thread1] INFO  logging.LoggingHandler (AbstractInternalLogger.java:log(148)) - [id: 0x71d8a3fc, L:/0.0.0.0:36939] READ: [id: 0xb1789db0, L:/127.0.0.1:36939 - R:/127.0.0.1:50290]
2023-06-29 03:32:53,855 [s1-NettyServerStreamRpc-bossGroup--thread1] INFO  logging.LoggingHandler (AbstractInternalLogger.java:log(148)) - [id: 0x71d8a3fc, L:/0.0.0.0:36939] READ COMPLETE
2023-06-29 03:32:53,855 [s2-NettyServerStreamRpc-workerGroup--thread1] INFO  client.DataStreamClient (ConfUtils.java:logGet(46)) - raft.datastream.type = NETTY (custom)
2023-06-29 03:32:53,855 [s2-NettyServerStreamRpc-workerGroup--thread1] INFO  netty.NettyConfigKeys$DataStream (ConfUtils.java:logGet(46)) - raft.netty.dataStream.client.tls.conf = null (default)
2023-06-29 03:32:53,855 [s2-NettyServerStreamRpc-workerGroup--thread1] INFO  netty.NettyConfigKeys$DataStream (ConfUtils.java:logGet(46)) - raft.netty.dataStream.client.reply.queue.grace-period = 1s (default)
2023-06-29 03:32:53,855 [s2-NettyServerStreamRpc-workerGroup--thread1] INFO  netty.NettyConfigKeys$DataStream (ConfUtils.java:logGet(46)) - raft.netty.dataStream.client.worker-group.share = false (default)
2023-06-29 03:32:53,855 [s2-NettyServerStreamRpc-workerGroup--thread1] INFO  netty.NettyConfigKeys$DataStream (ConfUtils.java:logGet(46)) - raft.netty.dataStream.client.worker-group.size = 4 (default)
2023-06-29 03:32:53,857 [s2-NettyServerStreamRpc-bossGroup--thread1] INFO  logging.LoggingHandler (AbstractInternalLogger.java:log(148)) - [id: 0x6d15d718, L:/0.0.0.0:44447] READ: [id: 0x36f275a6, L:/127.0.0.1:44447 - R:/127.0.0.1:36900]
2023-06-29 03:32:53,857 [s2-NettyServerStreamRpc-bossGroup--thread1] INFO  logging.LoggingHandler (AbstractInternalLogger.java:log(148)) - [id: 0x6d15d718, L:/0.0.0.0:44447] READ COMPLETE
2023-06-29 03:32:53,857 [s0-NettyServerStreamRpc-workerGroup--thread2] INFO  client.DataStreamClient (ConfUtils.java:logGet(46)) - raft.datastream.type = NETTY (custom)
2023-06-29 03:32:53,857 [s0-NettyServerStreamRpc-workerGroup--thread2] INFO  netty.NettyConfigKeys$DataStream (ConfUtils.java:logGet(46)) - raft.netty.dataStream.client.tls.conf = null (default)
2023-06-29 03:32:53,857 [s0-NettyServerStreamRpc-workerGroup--thread2] INFO  netty.NettyConfigKeys$DataStream (ConfUtils.java:logGet(46)) - raft.netty.dataStream.client.reply.queue.grace-period = 1s (default)
2023-06-29 03:32:53,858 [s0-NettyServerStreamRpc-workerGroup--thread2] INFO  netty.NettyConfigKeys$DataStream (ConfUtils.java:logGet(46)) - raft.netty.dataStream.client.worker-group.share = false (default)
2023-06-29 03:32:53,858 [s0-NettyServerStreamRpc-workerGroup--thread2] INFO  netty.NettyConfigKeys$DataStream (ConfUtils.java:logGet(46)) - raft.netty.dataStream.client.worker-group.size = 4 (default)
2023-06-29 03:32:53,859 [s0-NettyServerStreamRpc-bossGroup--thread1] INFO  logging.LoggingHandler (AbstractInternalLogger.java:log(148)) - [id: 0xaf9c0630, L:/0.0.0.0:39011] READ: [id: 0xee0dbf02, L:/127.0.0.1:39011 - R:/127.0.0.1:34362]
2023-06-29 03:32:53,859 [s0-NettyServerStreamRpc-bossGroup--thread1] INFO  logging.LoggingHandler (AbstractInternalLogger.java:log(148)) - [id: 0xaf9c0630, L:/0.0.0.0:39011] READ COMPLETE
2023-06-29 03:32:53,859 [s2-NettyServerStreamRpc-workerGroup--thread1] INFO  client.DataStreamClient (ConfUtils.java:logGet(46)) - raft.datastream.type = NETTY (custom)
2023-06-29 03:32:53,859 [s2-NettyServerStreamRpc-workerGroup--thread1] INFO  netty.NettyConfigKeys$DataStream (ConfUtils.java:logGet(46)) - raft.netty.dataStream.client.tls.conf = null (default)
2023-06-29 03:32:53,859 [s2-NettyServerStreamRpc-workerGroup--thread1] INFO  netty.NettyConfigKeys$DataStream (ConfUtils.java:logGet(46)) - raft.netty.dataStream.client.reply.queue.grace-period = 1s (default)
2023-06-29 03:32:53,859 [s2-NettyServerStreamRpc-workerGroup--thread1] INFO  netty.NettyConfigKeys$DataStream (ConfUtils.java:logGet(46)) - raft.netty.dataStream.client.worker-group.share = false (default)
2023-06-29 03:32:53,859 [s2-NettyServerStreamRpc-workerGroup--thread1] INFO  netty.NettyConfigKeys$DataStream (ConfUtils.java:logGet(46)) - raft.netty.dataStream.client.worker-group.size = 4 (default)
2023-06-29 03:32:53,870 [s1-NettyServerStreamRpc-bossGroup--thread1] INFO  logging.LoggingHandler (AbstractInternalLogger.java:log(148)) - [id: 0x71d8a3fc, L:/0.0.0.0:36939] READ: [id: 0x9f9011aa, L:/127.0.0.1:36939 - R:/127.0.0.1:50294]
2023-06-29 03:32:53,870 [s1-NettyServerStreamRpc-bossGroup--thread1] INFO  logging.LoggingHandler (AbstractInternalLogger.java:log(148)) - [id: 0x71d8a3fc, L:/0.0.0.0:36939] READ COMPLETE
2023-06-29 03:32:53,872 [s1-NettyServerStreamRpc-bossGroup--thread1] INFO  logging.LoggingHandler (AbstractInternalLogger.java:log(148)) - [id: 0x71d8a3fc, L:/0.0.0.0:36939] READ: [id: 0xcd512ae3, L:/127.0.0.1:36939 - R:/127.0.0.1:50300]
2023-06-29 03:32:53,872 [s1-NettyServerStreamRpc-bossGroup--thread1] INFO  logging.LoggingHandler (AbstractInternalLogger.java:log(148)) - [id: 0x71d8a3fc, L:/0.0.0.0:36939] READ COMPLETE
2023-06-29 03:32:53,872 [s0-NettyServerStreamRpc-workerGroup--thread2] INFO  client.DataStreamClient (ConfUtils.java:logGet(46)) - raft.datastream.type = NETTY (custom)
2023-06-29 03:32:53,872 [s0-NettyServerStreamRpc-workerGroup--thread2] INFO  netty.NettyConfigKeys$DataStream (ConfUtils.java:logGet(46)) - raft.netty.dataStream.client.tls.conf = null (default)
2023-06-29 03:32:53,873 [s0-NettyServerStreamRpc-workerGroup--thread2] INFO  netty.NettyConfigKeys$DataStream (ConfUtils.java:logGet(46)) - raft.netty.dataStream.client.reply.queue.grace-period = 1s (default)
2023-06-29 03:32:53,873 [s0-NettyServerStreamRpc-workerGroup--thread2] INFO  netty.NettyConfigKeys$DataStream (ConfUtils.java:logGet(46)) - raft.netty.dataStream.client.worker-group.share = false (default)
2023-06-29 03:32:53,873 [s0-NettyServerStreamRpc-workerGroup--thread2] INFO  netty.NettyConfigKeys$DataStream (ConfUtils.java:logGet(46)) - raft.netty.dataStream.client.worker-group.size = 4 (default)
2023-06-29 03:32:53,906 [s2-NettyServerStreamRpc-bossGroup--thread1] INFO  logging.LoggingHandler (AbstractInternalLogger.java:log(148)) - [id: 0x6d15d718, L:/0.0.0.0:44447] READ: [id: 0x58444d2f, L:/127.0.0.1:44447 - R:/127.0.0.1:36904]
2023-06-29 03:32:53,906 [s2-NettyServerStreamRpc-bossGroup--thread1] INFO  logging.LoggingHandler (AbstractInternalLogger.java:log(148)) - [id: 0x6d15d718, L:/0.0.0.0:44447] READ COMPLETE
2023-06-29 03:32:53,914 [s0-NettyServerStreamRpc-workerGroup--thread2] INFO  client.DataStreamClient (ConfUtils.java:logGet(46)) - raft.datastream.type = NETTY (custom)
2023-06-29 03:32:53,914 [s0-NettyServerStreamRpc-workerGroup--thread2] INFO  netty.NettyConfigKeys$DataStream (ConfUtils.java:logGet(46)) - raft.netty.dataStream.client.tls.conf = null (default)
2023-06-29 03:32:53,914 [s0-NettyServerStreamRpc-workerGroup--thread2] INFO  netty.NettyConfigKeys$DataStream (ConfUtils.java:logGet(46)) - raft.netty.dataStream.client.reply.queue.grace-period = 1s (default)
2023-06-29 03:32:53,915 [s0-NettyServerStreamRpc-workerGroup--thread2] INFO  netty.NettyConfigKeys$DataStream (ConfUtils.java:logGet(46)) - raft.netty.dataStream.client.worker-group.share = false (default)
2023-06-29 03:32:53,915 [s0-NettyServerStreamRpc-workerGroup--thread2] INFO  netty.NettyConfigKeys$DataStream (ConfUtils.java:logGet(46)) - raft.netty.dataStream.client.worker-group.size = 4 (default)
2023-06-29 03:32:53,958 [pool-5-thread-12] INFO  datastream.DataStreamTestUtils (DataStreamTestUtils.java:writeAndCloseAndAssertReplies(320)) - Stream192: bytesWritten=761184
2023-06-29 03:32:53,997 [pool-5-thread-16] INFO  datastream.DataStreamTestUtils (DataStreamTestUtils.java:writeAndCloseAndAssertReplies(320)) - Stream196: bytesWritten=747604
2023-06-29 03:32:54,007 [pool-5-thread-13] INFO  datastream.DataStreamTestUtils (DataStreamTestUtils.java:writeAndCloseAndAssertReplies(320)) - Stream193: bytesWritten=758758
2023-06-29 03:32:54,018 [pool-5-thread-15] INFO  datastream.DataStreamTestUtils (DataStreamTestUtils.java:writeAndCloseAndAssertReplies(320)) - Stream195: bytesWritten=738863
2023-06-29 03:32:54,020 [s1-NettyServerStreamRpc-bossGroup--thread1] INFO  logging.LoggingHandler (AbstractInternalLogger.java:log(148)) - [id: 0x71d8a3fc, L:/0.0.0.0:36939] READ: [id: 0x734d5d99, L:/127.0.0.1:36939 - R:/127.0.0.1:50310]
2023-06-29 03:32:54,020 [s1-NettyServerStreamRpc-bossGroup--thread1] INFO  logging.LoggingHandler (AbstractInternalLogger.java:log(148)) - [id: 0x71d8a3fc, L:/0.0.0.0:36939] READ COMPLETE
2023-06-29 03:32:54,021 [s0-NettyServerStreamRpc-workerGroup--thread2] INFO  client.DataStreamClient (ConfUtils.java:logGet(46)) - raft.datastream.type = NETTY (custom)
2023-06-29 03:32:54,021 [s0-NettyServerStreamRpc-workerGroup--thread2] INFO  netty.NettyConfigKeys$DataStream (ConfUtils.java:logGet(46)) - raft.netty.dataStream.client.tls.conf = null (default)
2023-06-29 03:32:54,021 [s0-NettyServerStreamRpc-workerGroup--thread2] INFO  netty.NettyConfigKeys$DataStream (ConfUtils.java:logGet(46)) - raft.netty.dataStream.client.reply.queue.grace-period = 1s (default)
2023-06-29 03:32:54,021 [s0-NettyServerStreamRpc-workerGroup--thread2] INFO  netty.NettyConfigKeys$DataStream (ConfUtils.java:logGet(46)) - raft.netty.dataStream.client.worker-group.share = false (default)
2023-06-29 03:32:54,023 [s0-NettyServerStreamRpc-workerGroup--thread2] INFO  netty.NettyConfigKeys$DataStream (ConfUtils.java:logGet(46)) - raft.netty.dataStream.client.worker-group.size = 4 (default)
2023-06-29 03:32:54,023 [s0-client-thread1] INFO  statemachine.StateMachine (DataStreamTestUtils.java:link(157)) - link SingleDataStream: writeRequest=RaftClientRequest:client-3D25CD33A47A->s1@group-09709D41B0DB, cid=192, seq=0, DataStream, Message:<EMPTY>, logEntry=null
2023-06-29 03:32:54,025 [s0-client-thread1] INFO  statemachine.StateMachine (DataStreamTestUtils.java:link(157)) - link SingleDataStream: writeRequest=RaftClientRequest:client-3D25CD33A47A->s1@group-09709D41B0DB, cid=196, seq=0, DataStream, Message:<EMPTY>, logEntry=null
2023-06-29 03:32:54,025 [s1-server-thread3] INFO  statemachine.StateMachine (DataStreamTestUtils.java:link(157)) - link SingleDataStream: writeRequest=RaftClientRequest:client-3D25CD33A47A->s1@group-09709D41B0DB, cid=192, seq=0, DataStream, Message:<EMPTY>, logEntry=null
2023-06-29 03:32:54,025 [s2-server-thread4] INFO  statemachine.StateMachine (DataStreamTestUtils.java:link(157)) - link SingleDataStream: writeRequest=RaftClientRequest:client-3D25CD33A47A->s1@group-09709D41B0DB, cid=192, seq=0, DataStream, Message:<EMPTY>, logEntry=null
2023-06-29 03:32:54,028 [s2-NettyServerStreamRpc-bossGroup--thread1] INFO  logging.LoggingHandler (AbstractInternalLogger.java:log(148)) - [id: 0x6d15d718, L:/0.0.0.0:44447] READ: [id: 0x134d85c8, L:/127.0.0.1:44447 - R:/127.0.0.1:36920]
2023-06-29 03:32:54,028 [s2-NettyServerStreamRpc-bossGroup--thread1] INFO  logging.LoggingHandler (AbstractInternalLogger.java:log(148)) - [id: 0x6d15d718, L:/0.0.0.0:44447] READ COMPLETE
2023-06-29 03:32:54,028 [s0-client-thread1] INFO  statemachine.StateMachine (DataStreamTestUtils.java:link(157)) - link SingleDataStream: writeRequest=RaftClientRequest:client-3D25CD33A47A->s1@group-09709D41B0DB, cid=193, seq=0, DataStream, Message:<EMPTY>, logEntry=null
2023-06-29 03:32:54,030 [pool-5-thread-12] INFO  datastream.DataStreamTestUtils (DataStreamTestUtils.java:writeAndCloseAndAssertReplies(311)) - start Stream197
2023-06-29 03:32:54,040 [s1-server-thread3] INFO  statemachine.StateMachine (DataStreamTestUtils.java:link(157)) - link SingleDataStream: writeRequest=RaftClientRequest:client-3D25CD33A47A->s1@group-09709D41B0DB, cid=196, seq=0, DataStream, Message:<EMPTY>, logEntry=null
2023-06-29 03:32:54,049 [s2-server-thread4] INFO  statemachine.StateMachine (DataStreamTestUtils.java:link(157)) - link SingleDataStream: writeRequest=RaftClientRequest:client-3D25CD33A47A->s1@group-09709D41B0DB, cid=196, seq=0, DataStream, Message:<EMPTY>, logEntry=null
2023-06-29 03:32:54,050 [s0-NettyServerStreamRpc-workerGroup--thread2] INFO  client.DataStreamClient (ConfUtils.java:logGet(46)) - raft.datastream.type = NETTY (custom)
2023-06-29 03:32:54,050 [s0-NettyServerStreamRpc-workerGroup--thread2] INFO  netty.NettyConfigKeys$DataStream (ConfUtils.java:logGet(46)) - raft.netty.dataStream.client.tls.conf = null (default)
2023-06-29 03:32:54,050 [s0-NettyServerStreamRpc-workerGroup--thread2] INFO  netty.NettyConfigKeys$DataStream (ConfUtils.java:logGet(46)) - raft.netty.dataStream.client.reply.queue.grace-period = 1s (default)
2023-06-29 03:32:54,050 [s0-NettyServerStreamRpc-workerGroup--thread2] INFO  netty.NettyConfigKeys$DataStream (ConfUtils.java:logGet(46)) - raft.netty.dataStream.client.worker-group.share = false (default)
2023-06-29 03:32:54,050 [s0-NettyServerStreamRpc-workerGroup--thread2] INFO  netty.NettyConfigKeys$DataStream (ConfUtils.java:logGet(46)) - raft.netty.dataStream.client.worker-group.size = 4 (default)
2023-06-29 03:32:54,059 [s1-NettyServerStreamRpc-bossGroup--thread1] INFO  logging.LoggingHandler (AbstractInternalLogger.java:log(148)) - [id: 0x71d8a3fc, L:/0.0.0.0:36939] READ: [id: 0x41f905cd, L:/127.0.0.1:36939 - R:/127.0.0.1:50326]
2023-06-29 03:32:54,059 [s1-NettyServerStreamRpc-bossGroup--thread1] INFO  logging.LoggingHandler (AbstractInternalLogger.java:log(148)) - [id: 0x71d8a3fc, L:/0.0.0.0:36939] READ COMPLETE
2023-06-29 03:32:54,059 [s0-NettyServerStreamRpc-workerGroup--thread2] INFO  client.DataStreamClient (ConfUtils.java:logGet(46)) - raft.datastream.type = NETTY (custom)
2023-06-29 03:32:54,060 [s0-NettyServerStreamRpc-workerGroup--thread2] INFO  netty.NettyConfigKeys$DataStream (ConfUtils.java:logGet(46)) - raft.netty.dataStream.client.tls.conf = null (default)
2023-06-29 03:32:54,060 [s0-NettyServerStreamRpc-workerGroup--thread2] INFO  netty.NettyConfigKeys$DataStream (ConfUtils.java:logGet(46)) - raft.netty.dataStream.client.reply.queue.grace-period = 1s (default)
2023-06-29 03:32:54,060 [s0-NettyServerStreamRpc-workerGroup--thread2] INFO  netty.NettyConfigKeys$DataStream (ConfUtils.java:logGet(46)) - raft.netty.dataStream.client.worker-group.share = false (default)
2023-06-29 03:32:54,060 [s0-NettyServerStreamRpc-workerGroup--thread2] INFO  netty.NettyConfigKeys$DataStream (ConfUtils.java:logGet(46)) - raft.netty.dataStream.client.worker-group.size = 4 (default)
2023-06-29 03:32:54,061 [s0-client-thread1] INFO  statemachine.StateMachine (DataStreamTestUtils.java:link(157)) - link SingleDataStream: writeRequest=RaftClientRequest:client-3D25CD33A47A->s1@group-09709D41B0DB, cid=195, seq=0, DataStream, Message:<EMPTY>, logEntry=null
2023-06-29 03:32:54,062 [s2-NettyServerStreamRpc-bossGroup--thread1] INFO  logging.LoggingHandler (AbstractInternalLogger.java:log(148)) - [id: 0x6d15d718, L:/0.0.0.0:44447] READ: [id: 0x5ebe8f6c, L:/127.0.0.1:44447 - R:/127.0.0.1:36922]
2023-06-29 03:32:54,062 [s2-NettyServerStreamRpc-bossGroup--thread1] INFO  logging.LoggingHandler (AbstractInternalLogger.java:log(148)) - [id: 0x6d15d718, L:/0.0.0.0:44447] READ COMPLETE
2023-06-29 03:32:54,062 [s0-NettyServerStreamRpc-workerGroup--thread2] INFO  client.DataStreamClient (ConfUtils.java:logGet(46)) - raft.datastream.type = NETTY (custom)
2023-06-29 03:32:54,062 [s0-NettyServerStreamRpc-workerGroup--thread2] INFO  netty.NettyConfigKeys$DataStream (ConfUtils.java:logGet(46)) - raft.netty.dataStream.client.tls.conf = null (default)
2023-06-29 03:32:54,062 [s0-NettyServerStreamRpc-workerGroup--thread2] INFO  netty.NettyConfigKeys$DataStream (ConfUtils.java:logGet(46)) - raft.netty.dataStream.client.reply.queue.grace-period = 1s (default)
2023-06-29 03:32:54,063 [s0-NettyServerStreamRpc-workerGroup--thread2] INFO  netty.NettyConfigKeys$DataStream (ConfUtils.java:logGet(46)) - raft.netty.dataStream.client.worker-group.share = false (default)
2023-06-29 03:32:54,063 [s0-NettyServerStreamRpc-workerGroup--thread2] INFO  netty.NettyConfigKeys$DataStream (ConfUtils.java:logGet(46)) - raft.netty.dataStream.client.worker-group.size = 4 (default)
2023-06-29 03:32:54,063 [pool-5-thread-16] INFO  datastream.DataStreamTestUtils (DataStreamTestUtils.java:writeAndCloseAndAssertReplies(311)) - start Stream198
2023-06-29 03:32:54,069 [s1-server-thread3] INFO  statemachine.StateMachine (DataStreamTestUtils.java:link(157)) - link SingleDataStream: writeRequest=RaftClientRequest:client-3D25CD33A47A->s1@group-09709D41B0DB, cid=193, seq=0, DataStream, Message:<EMPTY>, logEntry=null
2023-06-29 03:32:54,069 [s1-server-thread3] INFO  statemachine.StateMachine (DataStreamTestUtils.java:link(157)) - link SingleDataStream: writeRequest=RaftClientRequest:client-3D25CD33A47A->s1@group-09709D41B0DB, cid=195, seq=0, DataStream, Message:<EMPTY>, logEntry=null
2023-06-29 03:32:54,070 [s2-server-thread4] INFO  statemachine.StateMachine (DataStreamTestUtils.java:link(157)) - link SingleDataStream: writeRequest=RaftClientRequest:client-3D25CD33A47A->s1@group-09709D41B0DB, cid=193, seq=0, DataStream, Message:<EMPTY>, logEntry=null
2023-06-29 03:32:54,070 [s2-server-thread4] INFO  statemachine.StateMachine (DataStreamTestUtils.java:link(157)) - link SingleDataStream: writeRequest=RaftClientRequest:client-3D25CD33A47A->s1@group-09709D41B0DB, cid=195, seq=0, DataStream, Message:<EMPTY>, logEntry=null
2023-06-29 03:32:54,074 [s1-NettyServerStreamRpc-bossGroup--thread1] INFO  logging.LoggingHandler (AbstractInternalLogger.java:log(148)) - [id: 0x71d8a3fc, L:/0.0.0.0:36939] READ: [id: 0x5a278c2c, L:/127.0.0.1:36939 - R:/127.0.0.1:50342]
2023-06-29 03:32:54,074 [s1-NettyServerStreamRpc-bossGroup--thread1] INFO  logging.LoggingHandler (AbstractInternalLogger.java:log(148)) - [id: 0x71d8a3fc, L:/0.0.0.0:36939] READ COMPLETE
2023-06-29 03:32:54,074 [s0-NettyServerStreamRpc-workerGroup--thread2] INFO  client.DataStreamClient (ConfUtils.java:logGet(46)) - raft.datastream.type = NETTY (custom)
2023-06-29 03:32:54,074 [s0-NettyServerStreamRpc-workerGroup--thread2] INFO  netty.NettyConfigKeys$DataStream (ConfUtils.java:logGet(46)) - raft.netty.dataStream.client.tls.conf = null (default)
2023-06-29 03:32:54,074 [s0-NettyServerStreamRpc-workerGroup--thread2] INFO  netty.NettyConfigKeys$DataStream (ConfUtils.java:logGet(46)) - raft.netty.dataStream.client.reply.queue.grace-period = 1s (default)
2023-06-29 03:32:54,074 [s0-NettyServerStreamRpc-workerGroup--thread2] INFO  netty.NettyConfigKeys$DataStream (ConfUtils.java:logGet(46)) - raft.netty.dataStream.client.worker-group.share = false (default)
2023-06-29 03:32:54,074 [s0-NettyServerStreamRpc-workerGroup--thread2] INFO  netty.NettyConfigKeys$DataStream (ConfUtils.java:logGet(46)) - raft.netty.dataStream.client.worker-group.size = 4 (default)
2023-06-29 03:32:54,076 [pool-5-thread-13] INFO  datastream.DataStreamTestUtils (DataStreamTestUtils.java:writeAndCloseAndAssertReplies(311)) - start Stream199
2023-06-29 03:32:54,081 [pool-5-thread-15] INFO  datastream.DataStreamTestUtils (DataStreamTestUtils.java:writeAndCloseAndAssertReplies(311)) - start Stream189
2023-06-29 03:32:54,087 [pool-5-thread-12] INFO  datastream.DataStreamTestUtils (DataStreamTestUtils.java:writeAndCloseAndAssertReplies(320)) - Stream197: bytesWritten=697005
2023-06-29 03:32:54,101 [s0-client-thread1] INFO  statemachine.StateMachine (DataStreamTestUtils.java:link(157)) - link SingleDataStream: writeRequest=RaftClientRequest:client-3D25CD33A47A->s1@group-09709D41B0DB, cid=197, seq=0, DataStream, Message:<EMPTY>, logEntry=null
2023-06-29 03:32:54,104 [s2-server-thread4] INFO  statemachine.StateMachine (DataStreamTestUtils.java:link(157)) - link SingleDataStream: writeRequest=RaftClientRequest:client-3D25CD33A47A->s1@group-09709D41B0DB, cid=197, seq=0, DataStream, Message:<EMPTY>, logEntry=null
2023-06-29 03:32:54,104 [s1-server-thread3] INFO  statemachine.StateMachine (DataStreamTestUtils.java:link(157)) - link SingleDataStream: writeRequest=RaftClientRequest:client-3D25CD33A47A->s1@group-09709D41B0DB, cid=197, seq=0, DataStream, Message:<EMPTY>, logEntry=null
2023-06-29 03:32:54,112 [pool-5-thread-10] INFO  datastream.DataStreamTestUtils (DataStreamTestUtils.java:writeAndCloseAndAssertReplies(320)) - Stream188: bytesWritten=760420
2023-06-29 03:32:54,112 [pool-5-thread-13] INFO  datastream.DataStreamTestUtils (DataStreamTestUtils.java:writeAndCloseAndAssertReplies(320)) - Stream199: bytesWritten=779879
2023-06-29 03:32:54,115 [pool-5-thread-11] INFO  datastream.DataStreamTestUtils (DataStreamTestUtils.java:writeAndCloseAndAssertReplies(320)) - Stream191: bytesWritten=790197
2023-06-29 03:32:54,122 [s0-client-thread1] INFO  statemachine.StateMachine (DataStreamTestUtils.java:link(157)) - link SingleDataStream: writeRequest=RaftClientRequest:client-3D25CD33A47A->s1@group-09709D41B0DB, cid=188, seq=0, DataStream, Message:<EMPTY>, logEntry=null
2023-06-29 03:32:54,124 [s1-server-thread3] INFO  statemachine.StateMachine (DataStreamTestUtils.java:link(157)) - link SingleDataStream: writeRequest=RaftClientRequest:client-3D25CD33A47A->s1@group-09709D41B0DB, cid=188, seq=0, DataStream, Message:<EMPTY>, logEntry=null
2023-06-29 03:32:54,125 [s2-server-thread4] INFO  statemachine.StateMachine (DataStreamTestUtils.java:link(157)) - link SingleDataStream: writeRequest=RaftClientRequest:client-3D25CD33A47A->s1@group-09709D41B0DB, cid=188, seq=0, DataStream, Message:<EMPTY>, logEntry=null
2023-06-29 03:32:54,126 [s0-client-thread1] INFO  statemachine.StateMachine (DataStreamTestUtils.java:link(157)) - link SingleDataStream: writeRequest=RaftClientRequest:client-3D25CD33A47A->s1@group-09709D41B0DB, cid=199, seq=0, DataStream, Message:<EMPTY>, logEntry=null
2023-06-29 03:32:54,128 [s0-client-thread1] INFO  statemachine.StateMachine (DataStreamTestUtils.java:link(157)) - link SingleDataStream: writeRequest=RaftClientRequest:client-3D25CD33A47A->s1@group-09709D41B0DB, cid=191, seq=0, DataStream, Message:<EMPTY>, logEntry=null
2023-06-29 03:32:54,132 [pool-5-thread-16] INFO  datastream.DataStreamTestUtils (DataStreamTestUtils.java:writeAndCloseAndAssertReplies(320)) - Stream198: bytesWritten=711213
2023-06-29 03:32:54,135 [s1-server-thread3] INFO  statemachine.StateMachine (DataStreamTestUtils.java:link(157)) - link SingleDataStream: writeRequest=RaftClientRequest:client-3D25CD33A47A->s1@group-09709D41B0DB, cid=199, seq=0, DataStream, Message:<EMPTY>, logEntry=null
2023-06-29 03:32:54,136 [s2-server-thread4] INFO  statemachine.StateMachine (DataStreamTestUtils.java:link(157)) - link SingleDataStream: writeRequest=RaftClientRequest:client-3D25CD33A47A->s1@group-09709D41B0DB, cid=199, seq=0, DataStream, Message:<EMPTY>, logEntry=null
2023-06-29 03:32:54,137 [s0-client-thread1] INFO  statemachine.StateMachine (DataStreamTestUtils.java:link(157)) - link SingleDataStream: writeRequest=RaftClientRequest:client-3D25CD33A47A->s1@group-09709D41B0DB, cid=198, seq=0, DataStream, Message:<EMPTY>, logEntry=null
2023-06-29 03:32:54,147 [s2-server-thread4] INFO  statemachine.StateMachine (DataStreamTestUtils.java:link(157)) - link SingleDataStream: writeRequest=RaftClientRequest:client-3D25CD33A47A->s1@group-09709D41B0DB, cid=191, seq=0, DataStream, Message:<EMPTY>, logEntry=null
2023-06-29 03:32:54,147 [s2-server-thread4] INFO  statemachine.StateMachine (DataStreamTestUtils.java:link(157)) - link SingleDataStream: writeRequest=RaftClientRequest:client-3D25CD33A47A->s1@group-09709D41B0DB, cid=198, seq=0, DataStream, Message:<EMPTY>, logEntry=null
2023-06-29 03:32:54,148 [pool-5-thread-12] INFO  datastream.DataStreamTestUtils (DataStreamTestUtils.java:writeAndCloseAndAssertReplies(311)) - start Stream201
2023-06-29 03:32:54,152 [pool-5-thread-10] INFO  datastream.DataStreamTestUtils (DataStreamTestUtils.java:writeAndCloseAndAssertReplies(311)) - start Stream202
2023-06-29 03:32:54,155 [s1-server-thread3] INFO  statemachine.StateMachine (DataStreamTestUtils.java:link(157)) - link SingleDataStream: writeRequest=RaftClientRequest:client-3D25CD33A47A->s1@group-09709D41B0DB, cid=191, seq=0, DataStream, Message:<EMPTY>, logEntry=null
2023-06-29 03:32:54,155 [s1-server-thread3] INFO  statemachine.StateMachine (DataStreamTestUtils.java:link(157)) - link SingleDataStream: writeRequest=RaftClientRequest:client-3D25CD33A47A->s1@group-09709D41B0DB, cid=198, seq=0, DataStream, Message:<EMPTY>, logEntry=null
2023-06-29 03:32:54,155 [pool-5-thread-13] INFO  datastream.DataStreamTestUtils (DataStreamTestUtils.java:writeAndCloseAndAssertReplies(311)) - start Stream190
2023-06-29 03:32:54,160 [pool-5-thread-11] INFO  datastream.DataStreamTestUtils (DataStreamTestUtils.java:writeAndCloseAndAssertReplies(311)) - start Stream203
2023-06-29 03:32:54,160 [pool-5-thread-16] INFO  datastream.DataStreamTestUtils (DataStreamTestUtils.java:writeAndCloseAndAssertReplies(311)) - start Stream204
2023-06-29 03:32:54,161 [s2-NettyServerStreamRpc-bossGroup--thread1] INFO  logging.LoggingHandler (AbstractInternalLogger.java:log(148)) - [id: 0x6d15d718, L:/0.0.0.0:44447] READ: [id: 0x90c7a9b8, L:/127.0.0.1:44447 - R:/127.0.0.1:36932]
2023-06-29 03:32:54,161 [s2-NettyServerStreamRpc-bossGroup--thread1] INFO  logging.LoggingHandler (AbstractInternalLogger.java:log(148)) - [id: 0x6d15d718, L:/0.0.0.0:44447] READ COMPLETE
2023-06-29 03:32:54,161 [s0-NettyServerStreamRpc-workerGroup--thread2] INFO  client.DataStreamClient (ConfUtils.java:logGet(46)) - raft.datastream.type = NETTY (custom)
2023-06-29 03:32:54,162 [s0-NettyServerStreamRpc-workerGroup--thread2] INFO  netty.NettyConfigKeys$DataStream (ConfUtils.java:logGet(46)) - raft.netty.dataStream.client.tls.conf = null (default)
2023-06-29 03:32:54,162 [s0-NettyServerStreamRpc-workerGroup--thread2] INFO  netty.NettyConfigKeys$DataStream (ConfUtils.java:logGet(46)) - raft.netty.dataStream.client.reply.queue.grace-period = 1s (default)
2023-06-29 03:32:54,162 [s0-NettyServerStreamRpc-workerGroup--thread2] INFO  netty.NettyConfigKeys$DataStream (ConfUtils.java:logGet(46)) - raft.netty.dataStream.client.worker-group.share = false (default)
2023-06-29 03:32:54,162 [s0-NettyServerStreamRpc-workerGroup--thread2] INFO  netty.NettyConfigKeys$DataStream (ConfUtils.java:logGet(46)) - raft.netty.dataStream.client.worker-group.size = 4 (default)
2023-06-29 03:32:54,207 [s1-NettyServerStreamRpc-bossGroup--thread1] INFO  logging.LoggingHandler (AbstractInternalLogger.java:log(148)) - [id: 0x71d8a3fc, L:/0.0.0.0:36939] READ: [id: 0x19cafbb0, L:/127.0.0.1:36939 - R:/127.0.0.1:50348]
2023-06-29 03:32:54,207 [s1-NettyServerStreamRpc-bossGroup--thread1] INFO  logging.LoggingHandler (AbstractInternalLogger.java:log(148)) - [id: 0x71d8a3fc, L:/0.0.0.0:36939] READ COMPLETE
2023-06-29 03:32:54,207 [s0-NettyServerStreamRpc-workerGroup--thread2] INFO  client.DataStreamClient (ConfUtils.java:logGet(46)) - raft.datastream.type = NETTY (custom)
2023-06-29 03:32:54,208 [s0-NettyServerStreamRpc-workerGroup--thread2] INFO  netty.NettyConfigKeys$DataStream (ConfUtils.java:logGet(46)) - raft.netty.dataStream.client.tls.conf = null (default)
2023-06-29 03:32:54,208 [s0-NettyServerStreamRpc-workerGroup--thread2] INFO  netty.NettyConfigKeys$DataStream (ConfUtils.java:logGet(46)) - raft.netty.dataStream.client.reply.queue.grace-period = 1s (default)
2023-06-29 03:32:54,208 [s0-NettyServerStreamRpc-workerGroup--thread2] INFO  netty.NettyConfigKeys$DataStream (ConfUtils.java:logGet(46)) - raft.netty.dataStream.client.worker-group.share = false (default)
2023-06-29 03:32:54,208 [s0-NettyServerStreamRpc-workerGroup--thread2] INFO  netty.NettyConfigKeys$DataStream (ConfUtils.java:logGet(46)) - raft.netty.dataStream.client.worker-group.size = 4 (default)
2023-06-29 03:32:54,216 [pool-5-thread-13] INFO  datastream.DataStreamTestUtils (DataStreamTestUtils.java:writeAndCloseAndAssertReplies(320)) - Stream190: bytesWritten=768715
2023-06-29 03:32:54,228 [pool-5-thread-16] INFO  datastream.DataStreamTestUtils (DataStreamTestUtils.java:writeAndCloseAndAssertReplies(320)) - Stream204: bytesWritten=723191
2023-06-29 03:32:54,229 [pool-5-thread-11] INFO  datastream.DataStreamTestUtils (DataStreamTestUtils.java:writeAndCloseAndAssertReplies(320)) - Stream203: bytesWritten=769552
2023-06-29 03:32:54,276 [s0-client-thread1] INFO  statemachine.StateMachine (DataStreamTestUtils.java:link(157)) - link SingleDataStream: writeRequest=RaftClientRequest:client-40E0C9A85B9B->s1@group-09709D41B0DB, cid=190, seq=0, DataStream, Message:<EMPTY>, logEntry=null
2023-06-29 03:32:54,277 [s2-server-thread4] INFO  statemachine.StateMachine (DataStreamTestUtils.java:link(157)) - link SingleDataStream: writeRequest=RaftClientRequest:client-40E0C9A85B9B->s1@group-09709D41B0DB, cid=190, seq=0, DataStream, Message:<EMPTY>, logEntry=null
2023-06-29 03:32:54,278 [s1-server-thread1] INFO  statemachine.StateMachine (DataStreamTestUtils.java:link(157)) - link SingleDataStream: writeRequest=RaftClientRequest:client-40E0C9A85B9B->s1@group-09709D41B0DB, cid=190, seq=0, DataStream, Message:<EMPTY>, logEntry=null
2023-06-29 03:32:54,278 [s0-client-thread1] INFO  statemachine.StateMachine (DataStreamTestUtils.java:link(157)) - link SingleDataStream: writeRequest=RaftClientRequest:client-40E0C9A85B9B->s1@group-09709D41B0DB, cid=204, seq=0, DataStream, Message:<EMPTY>, logEntry=null
2023-06-29 03:32:54,280 [s0-client-thread1] INFO  statemachine.StateMachine (DataStreamTestUtils.java:link(157)) - link SingleDataStream: writeRequest=RaftClientRequest:client-40E0C9A85B9B->s1@group-09709D41B0DB, cid=203, seq=0, DataStream, Message:<EMPTY>, logEntry=null
2023-06-29 03:32:54,281 [pool-5-thread-13] INFO  datastream.DataStreamTestUtils (DataStreamTestUtils.java:writeAndCloseAndAssertReplies(311)) - start Stream205
2023-06-29 03:32:54,287 [s1-server-thread1] INFO  statemachine.StateMachine (DataStreamTestUtils.java:link(157)) - link SingleDataStream: writeRequest=RaftClientRequest:client-40E0C9A85B9B->s1@group-09709D41B0DB, cid=204, seq=0, DataStream, Message:<EMPTY>, logEntry=null
2023-06-29 03:32:54,288 [s2-server-thread4] INFO  statemachine.StateMachine (DataStreamTestUtils.java:link(157)) - link SingleDataStream: writeRequest=RaftClientRequest:client-40E0C9A85B9B->s1@group-09709D41B0DB, cid=204, seq=0, DataStream, Message:<EMPTY>, logEntry=null
2023-06-29 03:32:54,292 [pool-5-thread-16] INFO  datastream.DataStreamTestUtils (DataStreamTestUtils.java:writeAndCloseAndAssertReplies(311)) - start Stream206
2023-06-29 03:32:54,298 [s2-NettyServerStreamRpc-bossGroup--thread1] INFO  logging.LoggingHandler (AbstractInternalLogger.java:log(148)) - [id: 0x6d15d718, L:/0.0.0.0:44447] READ: [id: 0x186180d7, L:/127.0.0.1:44447 - R:/127.0.0.1:36936]
2023-06-29 03:32:54,298 [s2-NettyServerStreamRpc-bossGroup--thread1] INFO  logging.LoggingHandler (AbstractInternalLogger.java:log(148)) - [id: 0x6d15d718, L:/0.0.0.0:44447] READ COMPLETE
2023-06-29 03:32:54,299 [s2-server-thread4] INFO  statemachine.StateMachine (DataStreamTestUtils.java:link(157)) - link SingleDataStream: writeRequest=RaftClientRequest:client-40E0C9A85B9B->s1@group-09709D41B0DB, cid=203, seq=0, DataStream, Message:<EMPTY>, logEntry=null
2023-06-29 03:32:54,301 [s1-server-thread1] INFO  statemachine.StateMachine (DataStreamTestUtils.java:link(157)) - link SingleDataStream: writeRequest=RaftClientRequest:client-40E0C9A85B9B->s1@group-09709D41B0DB, cid=203, seq=0, DataStream, Message:<EMPTY>, logEntry=null
2023-06-29 03:32:54,303 [pool-5-thread-11] INFO  datastream.DataStreamTestUtils (DataStreamTestUtils.java:writeAndCloseAndAssertReplies(311)) - start Stream207
2023-06-29 03:32:54,306 [s0-NettyServerStreamRpc-workerGroup--thread2] INFO  client.DataStreamClient (ConfUtils.java:logGet(46)) - raft.datastream.type = NETTY (custom)
2023-06-29 03:32:54,307 [s0-NettyServerStreamRpc-workerGroup--thread2] INFO  netty.NettyConfigKeys$DataStream (ConfUtils.java:logGet(46)) - raft.netty.dataStream.client.tls.conf = null (default)
2023-06-29 03:32:54,307 [s0-NettyServerStreamRpc-workerGroup--thread2] INFO  netty.NettyConfigKeys$DataStream (ConfUtils.java:logGet(46)) - raft.netty.dataStream.client.reply.queue.grace-period = 1s (default)
2023-06-29 03:32:54,307 [s0-NettyServerStreamRpc-workerGroup--thread2] INFO  netty.NettyConfigKeys$DataStream (ConfUtils.java:logGet(46)) - raft.netty.dataStream.client.worker-group.share = false (default)
2023-06-29 03:32:54,307 [s0-NettyServerStreamRpc-workerGroup--thread2] INFO  netty.NettyConfigKeys$DataStream (ConfUtils.java:logGet(46)) - raft.netty.dataStream.client.worker-group.size = 4 (default)
2023-06-29 03:32:54,332 [pool-5-thread-13] INFO  datastream.DataStreamTestUtils (DataStreamTestUtils.java:writeAndCloseAndAssertReplies(320)) - Stream205: bytesWritten=779559
2023-06-29 03:32:54,339 [s0-client-thread1] INFO  statemachine.StateMachine (DataStreamTestUtils.java:link(157)) - link SingleDataStream: writeRequest=RaftClientRequest:client-40E0C9A85B9B->s1@group-09709D41B0DB, cid=205, seq=0, DataStream, Message:<EMPTY>, logEntry=null
2023-06-29 03:32:54,341 [s1-server-thread1] INFO  statemachine.StateMachine (DataStreamTestUtils.java:link(157)) - link SingleDataStream: writeRequest=RaftClientRequest:client-40E0C9A85B9B->s1@group-09709D41B0DB, cid=205, seq=0, DataStream, Message:<EMPTY>, logEntry=null
2023-06-29 03:32:54,343 [s2-server-thread4] INFO  statemachine.StateMachine (DataStreamTestUtils.java:link(157)) - link SingleDataStream: writeRequest=RaftClientRequest:client-40E0C9A85B9B->s1@group-09709D41B0DB, cid=205, seq=0, DataStream, Message:<EMPTY>, logEntry=null
2023-06-29 03:32:54,344 [pool-5-thread-13] INFO  datastream.DataStreamTestUtils (DataStreamTestUtils.java:writeAndCloseAndAssertReplies(311)) - start Stream208
2023-06-29 03:32:54,361 [pool-5-thread-11] INFO  datastream.DataStreamTestUtils (DataStreamTestUtils.java:writeAndCloseAndAssertReplies(320)) - Stream207: bytesWritten=785891
2023-06-29 03:32:54,374 [pool-5-thread-16] INFO  datastream.DataStreamTestUtils (DataStreamTestUtils.java:writeAndCloseAndAssertReplies(320)) - Stream206: bytesWritten=776011
2023-06-29 03:32:54,384 [pool-5-thread-13] INFO  datastream.DataStreamTestUtils (DataStreamTestUtils.java:writeAndCloseAndAssertReplies(320)) - Stream208: bytesWritten=706167
2023-06-29 03:32:54,384 [s0-client-thread1] INFO  statemachine.StateMachine (DataStreamTestUtils.java:link(157)) - link SingleDataStream: writeRequest=RaftClientRequest:client-40E0C9A85B9B->s1@group-09709D41B0DB, cid=207, seq=0, DataStream, Message:<EMPTY>, logEntry=null
2023-06-29 03:32:54,386 [s0-client-thread1] INFO  statemachine.StateMachine (DataStreamTestUtils.java:link(157)) - link SingleDataStream: writeRequest=RaftClientRequest:client-40E0C9A85B9B->s1@group-09709D41B0DB, cid=206, seq=0, DataStream, Message:<EMPTY>, logEntry=null
2023-06-29 03:32:54,387 [s2-server-thread4] INFO  statemachine.StateMachine (DataStreamTestUtils.java:link(157)) - link SingleDataStream: writeRequest=RaftClientRequest:client-40E0C9A85B9B->s1@group-09709D41B0DB, cid=207, seq=0, DataStream, Message:<EMPTY>, logEntry=null
2023-06-29 03:32:54,387 [s1-server-thread1] INFO  statemachine.StateMachine (DataStreamTestUtils.java:link(157)) - link SingleDataStream: writeRequest=RaftClientRequest:client-40E0C9A85B9B->s1@group-09709D41B0DB, cid=207, seq=0, DataStream, Message:<EMPTY>, logEntry=null
2023-06-29 03:32:54,390 [s0-client-thread1] INFO  statemachine.StateMachine (DataStreamTestUtils.java:link(157)) - link SingleDataStream: writeRequest=RaftClientRequest:client-40E0C9A85B9B->s1@group-09709D41B0DB, cid=208, seq=0, DataStream, Message:<EMPTY>, logEntry=null
2023-06-29 03:32:54,392 [pool-5-thread-11] INFO  datastream.DataStreamTestUtils (DataStreamTestUtils.java:writeAndCloseAndAssertReplies(311)) - start Stream209
2023-06-29 03:32:54,396 [s1-NettyServerStreamRpc-bossGroup--thread1] INFO  logging.LoggingHandler (AbstractInternalLogger.java:log(148)) - [id: 0x71d8a3fc, L:/0.0.0.0:36939] READ: [id: 0xca498bd8, L:/127.0.0.1:36939 - R:/127.0.0.1:50350]
2023-06-29 03:32:54,396 [s1-NettyServerStreamRpc-bossGroup--thread1] INFO  logging.LoggingHandler (AbstractInternalLogger.java:log(148)) - [id: 0x71d8a3fc, L:/0.0.0.0:36939] READ COMPLETE
2023-06-29 03:32:54,397 [s1-server-thread1] INFO  statemachine.StateMachine (DataStreamTestUtils.java:link(157)) - link SingleDataStream: writeRequest=RaftClientRequest:client-40E0C9A85B9B->s1@group-09709D41B0DB, cid=206, seq=0, DataStream, Message:<EMPTY>, logEntry=null
2023-06-29 03:32:54,398 [s2-server-thread4] INFO  statemachine.StateMachine (DataStreamTestUtils.java:link(157)) - link SingleDataStream: writeRequest=RaftClientRequest:client-40E0C9A85B9B->s1@group-09709D41B0DB, cid=206, seq=0, DataStream, Message:<EMPTY>, logEntry=null
2023-06-29 03:32:54,402 [pool-5-thread-16] INFO  datastream.DataStreamTestUtils (DataStreamTestUtils.java:writeAndCloseAndAssertReplies(311)) - start Stream210
2023-06-29 03:32:54,406 [s0-NettyServerStreamRpc-workerGroup--thread2] INFO  client.DataStreamClient (ConfUtils.java:logGet(46)) - raft.datastream.type = NETTY (custom)
2023-06-29 03:32:54,406 [s0-NettyServerStreamRpc-workerGroup--thread2] INFO  netty.NettyConfigKeys$DataStream (ConfUtils.java:logGet(46)) - raft.netty.dataStream.client.tls.conf = null (default)
2023-06-29 03:32:54,406 [s0-NettyServerStreamRpc-workerGroup--thread2] INFO  netty.NettyConfigKeys$DataStream (ConfUtils.java:logGet(46)) - raft.netty.dataStream.client.reply.queue.grace-period = 1s (default)
2023-06-29 03:32:54,406 [s0-NettyServerStreamRpc-workerGroup--thread2] INFO  netty.NettyConfigKeys$DataStream (ConfUtils.java:logGet(46)) - raft.netty.dataStream.client.worker-group.share = false (default)
2023-06-29 03:32:54,406 [s0-NettyServerStreamRpc-workerGroup--thread2] INFO  netty.NettyConfigKeys$DataStream (ConfUtils.java:logGet(46)) - raft.netty.dataStream.client.worker-group.size = 4 (default)
2023-06-29 03:32:54,408 [s2-server-thread4] INFO  statemachine.StateMachine (DataStreamTestUtils.java:link(157)) - link SingleDataStream: writeRequest=RaftClientRequest:client-40E0C9A85B9B->s1@group-09709D41B0DB, cid=208, seq=0, DataStream, Message:<EMPTY>, logEntry=null
2023-06-29 03:32:54,410 [s1-server-thread1] INFO  statemachine.StateMachine (DataStreamTestUtils.java:link(157)) - link SingleDataStream: writeRequest=RaftClientRequest:client-40E0C9A85B9B->s1@group-09709D41B0DB, cid=208, seq=0, DataStream, Message:<EMPTY>, logEntry=null
2023-06-29 03:32:54,415 [pool-5-thread-13] INFO  datastream.DataStreamTestUtils (DataStreamTestUtils.java:writeAndCloseAndAssertReplies(311)) - start Stream211
2023-06-29 03:32:54,425 [s2-NettyServerStreamRpc-bossGroup--thread1] INFO  logging.LoggingHandler (AbstractInternalLogger.java:log(148)) - [id: 0x6d15d718, L:/0.0.0.0:44447] READ: [id: 0xbee76130, L:/127.0.0.1:44447 - R:/127.0.0.1:36952]
2023-06-29 03:32:54,425 [s2-NettyServerStreamRpc-bossGroup--thread1] INFO  logging.LoggingHandler (AbstractInternalLogger.java:log(148)) - [id: 0x6d15d718, L:/0.0.0.0:44447] READ COMPLETE
2023-06-29 03:32:54,462 [pool-5-thread-16] INFO  datastream.DataStreamTestUtils (DataStreamTestUtils.java:writeAndCloseAndAssertReplies(320)) - Stream210: bytesWritten=739578
2023-06-29 03:32:54,465 [s0-client-thread1] INFO  statemachine.StateMachine (DataStreamTestUtils.java:link(157)) - link SingleDataStream: writeRequest=RaftClientRequest:client-40E0C9A85B9B->s1@group-09709D41B0DB, cid=210, seq=0, DataStream, Message:<EMPTY>, logEntry=null
2023-06-29 03:32:54,466 [s2-server-thread4] INFO  statemachine.StateMachine (DataStreamTestUtils.java:link(157)) - link SingleDataStream: writeRequest=RaftClientRequest:client-40E0C9A85B9B->s1@group-09709D41B0DB, cid=210, seq=0, DataStream, Message:<EMPTY>, logEntry=null
2023-06-29 03:32:54,467 [s1-server-thread1] INFO  statemachine.StateMachine (DataStreamTestUtils.java:link(157)) - link SingleDataStream: writeRequest=RaftClientRequest:client-40E0C9A85B9B->s1@group-09709D41B0DB, cid=210, seq=0, DataStream, Message:<EMPTY>, logEntry=null
2023-06-29 03:32:54,470 [pool-5-thread-16] INFO  datastream.DataStreamTestUtils (DataStreamTestUtils.java:writeAndCloseAndAssertReplies(311)) - start Stream212
2023-06-29 03:32:54,498 [pool-5-thread-14] INFO  datastream.DataStreamTestUtils (DataStreamTestUtils.java:writeAndCloseAndAssertReplies(320)) - Stream194: bytesWritten=702165
2023-06-29 03:32:54,498 [pool-5-thread-13] INFO  datastream.DataStreamTestUtils (DataStreamTestUtils.java:writeAndCloseAndAssertReplies(320)) - Stream211: bytesWritten=717271
2023-06-29 03:32:54,501 [pool-5-thread-16] INFO  datastream.DataStreamTestUtils (DataStreamTestUtils.java:writeAndCloseAndAssertReplies(320)) - Stream212: bytesWritten=747228
2023-06-29 03:32:54,504 [s0-client-thread1] INFO  statemachine.StateMachine (DataStreamTestUtils.java:link(157)) - link SingleDataStream: writeRequest=RaftClientRequest:client-40E0C9A85B9B->s1@group-09709D41B0DB, cid=211, seq=0, DataStream, Message:<EMPTY>, logEntry=null
2023-06-29 03:32:54,507 [s2-server-thread4] INFO  statemachine.StateMachine (DataStreamTestUtils.java:link(157)) - link SingleDataStream: writeRequest=RaftClientRequest:client-40E0C9A85B9B->s1@group-09709D41B0DB, cid=211, seq=0, DataStream, Message:<EMPTY>, logEntry=null
2023-06-29 03:32:54,507 [s1-server-thread1] INFO  statemachine.StateMachine (DataStreamTestUtils.java:link(157)) - link SingleDataStream: writeRequest=RaftClientRequest:client-40E0C9A85B9B->s1@group-09709D41B0DB, cid=211, seq=0, DataStream, Message:<EMPTY>, logEntry=null
2023-06-29 03:32:54,511 [pool-5-thread-13] INFO  datastream.DataStreamTestUtils (DataStreamTestUtils.java:writeAndCloseAndAssertReplies(311)) - start Stream213
2023-06-29 03:32:54,536 [pool-5-thread-13] INFO  datastream.DataStreamTestUtils (DataStreamTestUtils.java:writeAndCloseAndAssertReplies(320)) - Stream213: bytesWritten=738829
2023-06-29 03:32:54,554 [pool-5-thread-11] INFO  datastream.DataStreamTestUtils (DataStreamTestUtils.java:writeAndCloseAndAssertReplies(320)) - Stream209: bytesWritten=806445
2023-06-29 03:32:54,586 [s0-client-thread1] INFO  statemachine.StateMachine (DataStreamTestUtils.java:link(157)) - link SingleDataStream: writeRequest=RaftClientRequest:client-40E0C9A85B9B->s1@group-09709D41B0DB, cid=209, seq=0, DataStream, Message:<EMPTY>, logEntry=null
2023-06-29 03:32:54,588 [s1-server-thread1] INFO  statemachine.StateMachine (DataStreamTestUtils.java:link(157)) - link SingleDataStream: writeRequest=RaftClientRequest:client-40E0C9A85B9B->s1@group-09709D41B0DB, cid=209, seq=0, DataStream, Message:<EMPTY>, logEntry=null
2023-06-29 03:32:54,590 [pool-5-thread-11] INFO  datastream.DataStreamTestUtils (DataStreamTestUtils.java:writeAndCloseAndAssertReplies(311)) - start Stream214
2023-06-29 03:32:54,611 [s0-client-thread2] INFO  statemachine.StateMachine (DataStreamTestUtils.java:link(157)) - link SingleDataStream: writeRequest=RaftClientRequest:client-3D25CD33A47A->s1@group-09709D41B0DB, cid=194, seq=0, DataStream, Message:<EMPTY>, logEntry=null
2023-06-29 03:32:54,614 [s0-client-thread1] INFO  statemachine.StateMachine (DataStreamTestUtils.java:link(157)) - link SingleDataStream: writeRequest=RaftClientRequest:client-A96D8F5F4817->s1@group-09709D41B0DB, cid=212, seq=0, DataStream, Message:<EMPTY>, logEntry=null
2023-06-29 03:32:54,615 [s1-server-thread1] INFO  statemachine.StateMachine (DataStreamTestUtils.java:link(157)) - link SingleDataStream: writeRequest=RaftClientRequest:client-3D25CD33A47A->s1@group-09709D41B0DB, cid=194, seq=0, DataStream, Message:<EMPTY>, logEntry=null
2023-06-29 03:32:54,616 [s0-client-thread1] INFO  statemachine.StateMachine (DataStreamTestUtils.java:link(157)) - link SingleDataStream: writeRequest=RaftClientRequest:client-A96D8F5F4817->s1@group-09709D41B0DB, cid=213, seq=0, DataStream, Message:<EMPTY>, logEntry=null
2023-06-29 03:32:54,618 [pool-5-thread-14] INFO  datastream.DataStreamTestUtils (DataStreamTestUtils.java:writeAndCloseAndAssertReplies(311)) - start Stream215
2023-06-29 03:32:54,625 [s1-server-thread1] INFO  statemachine.StateMachine (DataStreamTestUtils.java:link(157)) - link SingleDataStream: writeRequest=RaftClientRequest:client-A96D8F5F4817->s1@group-09709D41B0DB, cid=212, seq=0, DataStream, Message:<EMPTY>, logEntry=null
2023-06-29 03:32:54,627 [pool-5-thread-16] INFO  datastream.DataStreamTestUtils (DataStreamTestUtils.java:writeAndCloseAndAssertReplies(311)) - start Stream216
2023-06-29 03:32:54,631 [s2-server-thread4] INFO  statemachine.StateMachine (DataStreamTestUtils.java:link(157)) - link SingleDataStream: writeRequest=RaftClientRequest:client-40E0C9A85B9B->s1@group-09709D41B0DB, cid=209, seq=0, DataStream, Message:<EMPTY>, logEntry=null
2023-06-29 03:32:54,632 [s2-server-thread4] INFO  statemachine.StateMachine (DataStreamTestUtils.java:link(157)) - link SingleDataStream: writeRequest=RaftClientRequest:client-3D25CD33A47A->s1@group-09709D41B0DB, cid=194, seq=0, DataStream, Message:<EMPTY>, logEntry=null
2023-06-29 03:32:54,634 [s2-server-thread4] INFO  statemachine.StateMachine (DataStreamTestUtils.java:link(157)) - link SingleDataStream: writeRequest=RaftClientRequest:client-A96D8F5F4817->s1@group-09709D41B0DB, cid=212, seq=0, DataStream, Message:<EMPTY>, logEntry=null
2023-06-29 03:32:54,635 [s2-server-thread4] INFO  statemachine.StateMachine (DataStreamTestUtils.java:link(157)) - link SingleDataStream: writeRequest=RaftClientRequest:client-A96D8F5F4817->s1@group-09709D41B0DB, cid=213, seq=0, DataStream, Message:<EMPTY>, logEntry=null
2023-06-29 03:32:54,636 [s1-server-thread1] INFO  statemachine.StateMachine (DataStreamTestUtils.java:link(157)) - link SingleDataStream: writeRequest=RaftClientRequest:client-A96D8F5F4817->s1@group-09709D41B0DB, cid=213, seq=0, DataStream, Message:<EMPTY>, logEntry=null
2023-06-29 03:32:54,639 [pool-5-thread-13] INFO  datastream.DataStreamTestUtils (DataStreamTestUtils.java:writeAndCloseAndAssertReplies(311)) - start Stream217
2023-06-29 03:32:54,675 [pool-5-thread-5] INFO  datastream.DataStreamTestUtils (DataStreamTestUtils.java:writeAndCloseAndAssertReplies(311)) - start Stream218
2023-06-29 03:32:54,706 [pool-5-thread-13] INFO  datastream.DataStreamTestUtils (DataStreamTestUtils.java:writeAndCloseAndAssertReplies(320)) - Stream217: bytesWritten=688955
2023-06-29 03:32:54,708 [pool-5-thread-16] INFO  datastream.DataStreamTestUtils (DataStreamTestUtils.java:writeAndCloseAndAssertReplies(320)) - Stream216: bytesWritten=731575
2023-06-29 03:32:54,709 [pool-5-thread-14] INFO  datastream.DataStreamTestUtils (DataStreamTestUtils.java:writeAndCloseAndAssertReplies(320)) - Stream215: bytesWritten=789754
2023-06-29 03:32:54,716 [pool-5-thread-5] INFO  datastream.DataStreamTestUtils (DataStreamTestUtils.java:writeAndCloseAndAssertReplies(320)) - Stream218: bytesWritten=770257
2023-06-29 03:32:54,753 [pool-5-thread-3] INFO  datastream.DataStreamTestUtils (DataStreamTestUtils.java:writeAndCloseAndAssertReplies(311)) - start Stream219
2023-06-29 03:32:54,766 [s0-client-thread1] INFO  statemachine.StateMachine (DataStreamTestUtils.java:link(157)) - link SingleDataStream: writeRequest=RaftClientRequest:client-A96D8F5F4817->s1@group-09709D41B0DB, cid=215, seq=0, DataStream, Message:<EMPTY>, logEntry=null
2023-06-29 03:32:54,769 [s2-server-thread4] INFO  statemachine.StateMachine (DataStreamTestUtils.java:link(157)) - link SingleDataStream: writeRequest=RaftClientRequest:client-A96D8F5F4817->s1@group-09709D41B0DB, cid=215, seq=0, DataStream, Message:<EMPTY>, logEntry=null
2023-06-29 03:32:54,769 [s1-server-thread1] INFO  statemachine.StateMachine (DataStreamTestUtils.java:link(157)) - link SingleDataStream: writeRequest=RaftClientRequest:client-A96D8F5F4817->s1@group-09709D41B0DB, cid=215, seq=0, DataStream, Message:<EMPTY>, logEntry=null
2023-06-29 03:32:54,777 [s0-client-thread1] INFO  statemachine.StateMachine (DataStreamTestUtils.java:link(157)) - link SingleDataStream: writeRequest=RaftClientRequest:client-A96D8F5F4817->s1@group-09709D41B0DB, cid=217, seq=0, DataStream, Message:<EMPTY>, logEntry=null
2023-06-29 03:32:54,780 [s1-server-thread1] INFO  statemachine.StateMachine (DataStreamTestUtils.java:link(157)) - link SingleDataStream: writeRequest=RaftClientRequest:client-A96D8F5F4817->s1@group-09709D41B0DB, cid=217, seq=0, DataStream, Message:<EMPTY>, logEntry=null
2023-06-29 03:32:54,781 [s2-server-thread4] INFO  statemachine.StateMachine (DataStreamTestUtils.java:link(157)) - link SingleDataStream: writeRequest=RaftClientRequest:client-A96D8F5F4817->s1@group-09709D41B0DB, cid=217, seq=0, DataStream, Message:<EMPTY>, logEntry=null
2023-06-29 03:32:54,791 [s0-client-thread1] INFO  statemachine.StateMachine (DataStreamTestUtils.java:link(157)) - link SingleDataStream: writeRequest=RaftClientRequest:client-A96D8F5F4817->s1@group-09709D41B0DB, cid=216, seq=0, DataStream, Message:<EMPTY>, logEntry=null
2023-06-29 03:32:54,792 [pool-5-thread-11] INFO  datastream.DataStreamTestUtils (DataStreamTestUtils.java:writeAndCloseAndAssertReplies(320)) - Stream214: bytesWritten=724285
2023-06-29 03:32:54,796 [pool-5-thread-14] INFO  datastream.DataStreamTestUtils (DataStreamTestUtils.java:writeAndCloseAndAssertReplies(311)) - start Stream220
2023-06-29 03:32:54,800 [pool-5-thread-13] INFO  datastream.DataStreamTestUtils (DataStreamTestUtils.java:writeAndCloseAndAssertReplies(311)) - start Stream221
2023-06-29 03:32:54,804 [s0-client-thread1] INFO  statemachine.StateMachine (DataStreamTestUtils.java:link(157)) - link SingleDataStream: writeRequest=RaftClientRequest:client-A96D8F5F4817->s1@group-09709D41B0DB, cid=218, seq=0, DataStream, Message:<EMPTY>, logEntry=null
2023-06-29 03:32:54,808 [s1-server-thread1] INFO  statemachine.StateMachine (DataStreamTestUtils.java:link(157)) - link SingleDataStream: writeRequest=RaftClientRequest:client-A96D8F5F4817->s1@group-09709D41B0DB, cid=216, seq=0, DataStream, Message:<EMPTY>, logEntry=null
2023-06-29 03:32:54,813 [pool-5-thread-3] INFO  datastream.DataStreamTestUtils (DataStreamTestUtils.java:writeAndCloseAndAssertReplies(320)) - Stream219: bytesWritten=814527
2023-06-29 03:32:54,814 [s0-client-thread1] INFO  statemachine.StateMachine (DataStreamTestUtils.java:link(157)) - link SingleDataStream: writeRequest=RaftClientRequest:client-A96D8F5F4817->s1@group-09709D41B0DB, cid=214, seq=0, DataStream, Message:<EMPTY>, logEntry=null
2023-06-29 03:32:54,818 [s2-server-thread4] INFO  statemachine.StateMachine (DataStreamTestUtils.java:link(157)) - link SingleDataStream: writeRequest=RaftClientRequest:client-A96D8F5F4817->s1@group-09709D41B0DB, cid=216, seq=0, DataStream, Message:<EMPTY>, logEntry=null
2023-06-29 03:32:54,819 [s1-server-thread1] INFO  statemachine.StateMachine (DataStreamTestUtils.java:link(157)) - link SingleDataStream: writeRequest=RaftClientRequest:client-A96D8F5F4817->s1@group-09709D41B0DB, cid=218, seq=0, DataStream, Message:<EMPTY>, logEntry=null
2023-06-29 03:32:54,822 [pool-5-thread-16] INFO  datastream.DataStreamTestUtils (DataStreamTestUtils.java:writeAndCloseAndAssertReplies(311)) - start Stream222
2023-06-29 03:32:54,834 [s0-client-thread1] INFO  statemachine.StateMachine (DataStreamTestUtils.java:link(157)) - link SingleDataStream: writeRequest=RaftClientRequest:client-A96D8F5F4817->s1@group-09709D41B0DB, cid=219, seq=0, DataStream, Message:<EMPTY>, logEntry=null
2023-06-29 03:32:54,846 [s1-server-thread1] INFO  statemachine.StateMachine (DataStreamTestUtils.java:link(157)) - link SingleDataStream: writeRequest=RaftClientRequest:client-A96D8F5F4817->s1@group-09709D41B0DB, cid=214, seq=0, DataStream, Message:<EMPTY>, logEntry=null
2023-06-29 03:32:54,846 [s2-server-thread4] INFO  statemachine.StateMachine (DataStreamTestUtils.java:link(157)) - link SingleDataStream: writeRequest=RaftClientRequest:client-A96D8F5F4817->s1@group-09709D41B0DB, cid=218, seq=0, DataStream, Message:<EMPTY>, logEntry=null
2023-06-29 03:32:54,847 [s2-server-thread4] INFO  statemachine.StateMachine (DataStreamTestUtils.java:link(157)) - link SingleDataStream: writeRequest=RaftClientRequest:client-A96D8F5F4817->s1@group-09709D41B0DB, cid=214, seq=0, DataStream, Message:<EMPTY>, logEntry=null
2023-06-29 03:32:54,847 [pool-5-thread-5] INFO  datastream.DataStreamTestUtils (DataStreamTestUtils.java:writeAndCloseAndAssertReplies(311)) - start Stream223
2023-06-29 03:32:54,851 [pool-5-thread-14] INFO  datastream.DataStreamTestUtils (DataStreamTestUtils.java:writeAndCloseAndAssertReplies(320)) - Stream220: bytesWritten=770152
2023-06-29 03:32:54,855 [pool-5-thread-13] INFO  datastream.DataStreamTestUtils (DataStreamTestUtils.java:writeAndCloseAndAssertReplies(320)) - Stream221: bytesWritten=763767
2023-06-29 03:32:54,857 [s1-server-thread1] INFO  statemachine.StateMachine (DataStreamTestUtils.java:link(157)) - link SingleDataStream: writeRequest=RaftClientRequest:client-A96D8F5F4817->s1@group-09709D41B0DB, cid=219, seq=0, DataStream, Message:<EMPTY>, logEntry=null
2023-06-29 03:32:54,858 [s2-server-thread4] INFO  statemachine.StateMachine (DataStreamTestUtils.java:link(157)) - link SingleDataStream: writeRequest=RaftClientRequest:client-A96D8F5F4817->s1@group-09709D41B0DB, cid=219, seq=0, DataStream, Message:<EMPTY>, logEntry=null
2023-06-29 03:32:54,859 [s0-client-thread1] INFO  statemachine.StateMachine (DataStreamTestUtils.java:link(157)) - link SingleDataStream: writeRequest=RaftClientRequest:client-A96D8F5F4817->s1@group-09709D41B0DB, cid=220, seq=0, DataStream, Message:<EMPTY>, logEntry=null
2023-06-29 03:32:54,863 [pool-5-thread-11] INFO  datastream.DataStreamTestUtils (DataStreamTestUtils.java:writeAndCloseAndAssertReplies(311)) - start Stream224
2023-06-29 03:32:54,864 [s0-client-thread1] INFO  statemachine.StateMachine (DataStreamTestUtils.java:link(157)) - link SingleDataStream: writeRequest=RaftClientRequest:client-A96D8F5F4817->s1@group-09709D41B0DB, cid=221, seq=0, DataStream, Message:<EMPTY>, logEntry=null
2023-06-29 03:32:54,870 [pool-5-thread-3] INFO  datastream.DataStreamTestUtils (DataStreamTestUtils.java:writeAndCloseAndAssertReplies(311)) - start Stream225
2023-06-29 03:32:54,872 [s1-server-thread1] INFO  statemachine.StateMachine (DataStreamTestUtils.java:link(157)) - link SingleDataStream: writeRequest=RaftClientRequest:client-A96D8F5F4817->s1@group-09709D41B0DB, cid=220, seq=0, DataStream, Message:<EMPTY>, logEntry=null
2023-06-29 03:32:54,873 [s2-server-thread4] INFO  statemachine.StateMachine (DataStreamTestUtils.java:link(157)) - link SingleDataStream: writeRequest=RaftClientRequest:client-A96D8F5F4817->s1@group-09709D41B0DB, cid=220, seq=0, DataStream, Message:<EMPTY>, logEntry=null
2023-06-29 03:32:54,881 [pool-5-thread-14] INFO  datastream.DataStreamTestUtils (DataStreamTestUtils.java:writeAndCloseAndAssertReplies(311)) - start Stream226
2023-06-29 03:32:54,885 [s1-server-thread1] INFO  statemachine.StateMachine (DataStreamTestUtils.java:link(157)) - link SingleDataStream: writeRequest=RaftClientRequest:client-A96D8F5F4817->s1@group-09709D41B0DB, cid=221, seq=0, DataStream, Message:<EMPTY>, logEntry=null
2023-06-29 03:32:54,888 [s2-server-thread4] INFO  statemachine.StateMachine (DataStreamTestUtils.java:link(157)) - link SingleDataStream: writeRequest=RaftClientRequest:client-A96D8F5F4817->s1@group-09709D41B0DB, cid=221, seq=0, DataStream, Message:<EMPTY>, logEntry=null
2023-06-29 03:32:54,895 [pool-5-thread-13] INFO  datastream.DataStreamTestUtils (DataStreamTestUtils.java:writeAndCloseAndAssertReplies(311)) - start Stream227
2023-06-29 03:32:54,988 [pool-5-thread-9] INFO  datastream.DataStreamTestUtils (DataStreamTestUtils.java:writeAndCloseAndAssertReplies(311)) - start Stream228
2023-06-29 03:32:59,514 [Timer-1] INFO  impl.MiniRaftCluster (MiniRaftCluster.java:lambda$start$6(349)) - TIMED-PRINT: printing ALL groups
  s0:  RUNNING    LEADER s0@group-09709D41B0DB:t1, leader=s0, voted=s0, raftlog=Memoized:s0@group-09709D41B0DB-SegmentedRaftLog:OPENED:c53, conf=0: peers:[s0|rpc:localhost:34083|admin:localhost:38787|client:localhost:33075|dataStream:localhost:39011|priority:0|startupRole:FOLLOWER, s1|rpc:localhost:33139|admin:localhost:43529|client:localhost:45027|dataStream:localhost:36939|priority:0|startupRole:FOLLOWER, s2|rpc:localhost:38471|admin:localhost:33067|client:localhost:37939|dataStream:localhost:44447|priority:0|startupRole:FOLLOWER]|listeners:[], old=null RUNNING
  s1:  RUNNING  FOLLOWER s1@group-09709D41B0DB:t1, leader=s0, voted=s0, raftlog=Memoized:s1@group-09709D41B0DB-SegmentedRaftLog:OPENED:c53, conf=0: peers:[s0|rpc:localhost:34083|admin:localhost:38787|client:localhost:33075|dataStream:localhost:39011|priority:0|startupRole:FOLLOWER, s1|rpc:localhost:33139|admin:localhost:43529|client:localhost:45027|dataStream:localhost:36939|priority:0|startupRole:FOLLOWER, s2|rpc:localhost:38471|admin:localhost:33067|client:localhost:37939|dataStream:localhost:44447|priority:0|startupRole:FOLLOWER]|listeners:[], old=null RUNNING
  s2:  RUNNING  FOLLOWER s2@group-09709D41B0DB:t1, leader=s0, voted=s0, raftlog=Memoized:s2@group-09709D41B0DB-SegmentedRaftLog:OPENED:c53, conf=0: peers:[s0|rpc:localhost:34083|admin:localhost:38787|client:localhost:33075|dataStream:localhost:39011|priority:0|startupRole:FOLLOWER, s1|rpc:localhost:33139|admin:localhost:43529|client:localhost:45027|dataStream:localhost:36939|priority:0|startupRole:FOLLOWER, s2|rpc:localhost:38471|admin:localhost:33067|client:localhost:37939|dataStream:localhost:44447|priority:0|startupRole:FOLLOWER]|listeners:[], old=null RUNNING
2023-06-29 03:33:02,734 [pool-5-thread-15] INFO  datastream.DataStreamTestUtils (DataStreamTestUtils.java:writeAndCloseAndAssertReplies(320)) - Stream189: bytesWritten=3746142
2023-06-29 03:33:03,705 [pool-5-thread-12] INFO  datastream.DataStreamTestUtils (DataStreamTestUtils.java:writeAndCloseAndAssertReplies(320)) - Stream201: bytesWritten=3741200
2023-06-29 03:33:04,808 [pool-5-thread-10] INFO  datastream.DataStreamTestUtils (DataStreamTestUtils.java:writeAndCloseAndAssertReplies(320)) - Stream202: bytesWritten=3737622
2023-06-29 03:33:06,070 [s0-client-thread1] INFO  statemachine.StateMachine (DataStreamTestUtils.java:link(157)) - link SingleDataStream: writeRequest=RaftClientRequest:client-3B18698B85E4->s1@group-09709D41B0DB, cid=202, seq=0, DataStream, Message:<EMPTY>, logEntry=null
2023-06-29 03:33:06,072 [s2-server-thread1] INFO  statemachine.StateMachine (DataStreamTestUtils.java:link(157)) - link SingleDataStream: writeRequest=RaftClientRequest:client-3B18698B85E4->s1@group-09709D41B0DB, cid=202, seq=0, DataStream, Message:<EMPTY>, logEntry=null
2023-06-29 03:33:06,072 [s1-server-thread3] INFO  statemachine.StateMachine (DataStreamTestUtils.java:link(157)) - link SingleDataStream: writeRequest=RaftClientRequest:client-3B18698B85E4->s1@group-09709D41B0DB, cid=202, seq=0, DataStream, Message:<EMPTY>, logEntry=null
2023-06-29 03:33:06,075 [pool-5-thread-10] INFO  datastream.DataStreamTestUtils (DataStreamTestUtils.java:writeAndCloseAndAssertReplies(311)) - start Stream229
2023-06-29 03:33:06,084 [s0-client-thread1] INFO  statemachine.StateMachine (DataStreamTestUtils.java:link(157)) - link SingleDataStream: writeRequest=RaftClientRequest:client-3B18698B85E4->s1@group-09709D41B0DB, cid=201, seq=0, DataStream, Message:<EMPTY>, logEntry=null
2023-06-29 03:33:06,085 [s0-client-thread1] INFO  statemachine.StateMachine (DataStreamTestUtils.java:link(157)) - link SingleDataStream: writeRequest=RaftClientRequest:client-3B18698B85E4->s1@group-09709D41B0DB, cid=189, seq=0, DataStream, Message:<EMPTY>, logEntry=null
2023-06-29 03:33:06,112 [pool-5-thread-11] INFO  datastream.DataStreamTestUtils (DataStreamTestUtils.java:writeAndCloseAndAssertReplies(320)) - Stream224: bytesWritten=3750852
2023-06-29 03:33:06,118 [s2-server-thread1] INFO  statemachine.StateMachine (DataStreamTestUtils.java:link(157)) - link SingleDataStream: writeRequest=RaftClientRequest:client-3B18698B85E4->s1@group-09709D41B0DB, cid=201, seq=0, DataStream, Message:<EMPTY>, logEntry=null
2023-06-29 03:33:06,118 [s1-server-thread3] INFO  statemachine.StateMachine (DataStreamTestUtils.java:link(157)) - link SingleDataStream: writeRequest=RaftClientRequest:client-3B18698B85E4->s1@group-09709D41B0DB, cid=201, seq=0, DataStream, Message:<EMPTY>, logEntry=null
2023-06-29 03:33:06,122 [pool-5-thread-3] INFO  datastream.DataStreamTestUtils (DataStreamTestUtils.java:writeAndCloseAndAssertReplies(320)) - Stream225: bytesWritten=3730393
2023-06-29 03:33:06,124 [pool-5-thread-16] INFO  datastream.DataStreamTestUtils (DataStreamTestUtils.java:writeAndCloseAndAssertReplies(320)) - Stream222: bytesWritten=3748282
2023-06-29 03:33:06,130 [s1-server-thread3] INFO  statemachine.StateMachine (DataStreamTestUtils.java:link(157)) - link SingleDataStream: writeRequest=RaftClientRequest:client-3B18698B85E4->s1@group-09709D41B0DB, cid=189, seq=0, DataStream, Message:<EMPTY>, logEntry=null
2023-06-29 03:33:06,134 [s2-server-thread1] INFO  statemachine.StateMachine (DataStreamTestUtils.java:link(157)) - link SingleDataStream: writeRequest=RaftClientRequest:client-3B18698B85E4->s1@group-09709D41B0DB, cid=189, seq=0, DataStream, Message:<EMPTY>, logEntry=null
2023-06-29 03:33:06,135 [pool-5-thread-12] INFO  datastream.DataStreamTestUtils (DataStreamTestUtils.java:writeAndCloseAndAssertReplies(311)) - start Stream230
2023-06-29 03:33:06,139 [pool-5-thread-15] INFO  datastream.DataStreamTestUtils (DataStreamTestUtils.java:writeAndCloseAndAssertReplies(311)) - start Stream231
2023-06-29 03:33:06,188 [pool-5-thread-13] INFO  datastream.DataStreamTestUtils (DataStreamTestUtils.java:writeAndCloseAndAssertReplies(320)) - Stream227: bytesWritten=3737500
2023-06-29 03:33:06,526 [s0-client-thread1] INFO  statemachine.StateMachine (DataStreamTestUtils.java:link(157)) - link SingleDataStream: writeRequest=RaftClientRequest:client-3B18698B85E4->s1@group-09709D41B0DB, cid=224, seq=0, DataStream, Message:<EMPTY>, logEntry=null
2023-06-29 03:33:06,527 [s2-server-thread1] INFO  statemachine.StateMachine (DataStreamTestUtils.java:link(157)) - link SingleDataStream: writeRequest=RaftClientRequest:client-3B18698B85E4->s1@group-09709D41B0DB, cid=224, seq=0, DataStream, Message:<EMPTY>, logEntry=null
2023-06-29 03:33:06,528 [s1-server-thread3] INFO  statemachine.StateMachine (DataStreamTestUtils.java:link(157)) - link SingleDataStream: writeRequest=RaftClientRequest:client-3B18698B85E4->s1@group-09709D41B0DB, cid=224, seq=0, DataStream, Message:<EMPTY>, logEntry=null
2023-06-29 03:33:06,530 [s0-client-thread1] INFO  statemachine.StateMachine (DataStreamTestUtils.java:link(157)) - link SingleDataStream: writeRequest=RaftClientRequest:client-3B18698B85E4->s1@group-09709D41B0DB, cid=225, seq=0, DataStream, Message:<EMPTY>, logEntry=null
2023-06-29 03:33:06,531 [pool-5-thread-11] INFO  datastream.DataStreamTestUtils (DataStreamTestUtils.java:writeAndCloseAndAssertReplies(311)) - start Stream232
2023-06-29 03:33:06,548 [s1-server-thread3] INFO  statemachine.StateMachine (DataStreamTestUtils.java:link(157)) - link SingleDataStream: writeRequest=RaftClientRequest:client-3B18698B85E4->s1@group-09709D41B0DB, cid=225, seq=0, DataStream, Message:<EMPTY>, logEntry=null
2023-06-29 03:33:06,549 [s2-server-thread1] INFO  statemachine.StateMachine (DataStreamTestUtils.java:link(157)) - link SingleDataStream: writeRequest=RaftClientRequest:client-3B18698B85E4->s1@group-09709D41B0DB, cid=225, seq=0, DataStream, Message:<EMPTY>, logEntry=null
2023-06-29 03:33:06,551 [pool-5-thread-3] INFO  datastream.DataStreamTestUtils (DataStreamTestUtils.java:writeAndCloseAndAssertReplies(311)) - start Stream233
2023-06-29 03:33:06,591 [s0-client-thread1] INFO  statemachine.StateMachine (DataStreamTestUtils.java:link(157)) - link SingleDataStream: writeRequest=RaftClientRequest:client-3B18698B85E4->s1@group-09709D41B0DB, cid=222, seq=0, DataStream, Message:<EMPTY>, logEntry=null
2023-06-29 03:33:06,593 [s1-server-thread3] INFO  statemachine.StateMachine (DataStreamTestUtils.java:link(157)) - link SingleDataStream: writeRequest=RaftClientRequest:client-3B18698B85E4->s1@group-09709D41B0DB, cid=222, seq=0, DataStream, Message:<EMPTY>, logEntry=null
2023-06-29 03:33:06,593 [s2-server-thread1] INFO  statemachine.StateMachine (DataStreamTestUtils.java:link(157)) - link SingleDataStream: writeRequest=RaftClientRequest:client-3B18698B85E4->s1@group-09709D41B0DB, cid=222, seq=0, DataStream, Message:<EMPTY>, logEntry=null
2023-06-29 03:33:06,596 [pool-5-thread-16] INFO  datastream.DataStreamTestUtils (DataStreamTestUtils.java:writeAndCloseAndAssertReplies(311)) - start Stream234
2023-06-29 03:33:07,308 [s0-client-thread1] INFO  statemachine.StateMachine (DataStreamTestUtils.java:link(157)) - link SingleDataStream: writeRequest=RaftClientRequest:client-3B18698B85E4->s1@group-09709D41B0DB, cid=227, seq=0, DataStream, Message:<EMPTY>, logEntry=null
2023-06-29 03:33:07,309 [s2-server-thread1] INFO  statemachine.StateMachine (DataStreamTestUtils.java:link(157)) - link SingleDataStream: writeRequest=RaftClientRequest:client-3B18698B85E4->s1@group-09709D41B0DB, cid=227, seq=0, DataStream, Message:<EMPTY>, logEntry=null
2023-06-29 03:33:07,310 [s1-server-thread3] INFO  statemachine.StateMachine (DataStreamTestUtils.java:link(157)) - link SingleDataStream: writeRequest=RaftClientRequest:client-3B18698B85E4->s1@group-09709D41B0DB, cid=227, seq=0, DataStream, Message:<EMPTY>, logEntry=null
2023-06-29 03:33:07,315 [pool-5-thread-13] INFO  datastream.DataStreamTestUtils (DataStreamTestUtils.java:writeAndCloseAndAssertReplies(311)) - start Stream235
2023-06-29 03:33:07,390 [pool-5-thread-14] INFO  datastream.DataStreamTestUtils (DataStreamTestUtils.java:writeAndCloseAndAssertReplies(320)) - Stream226: bytesWritten=3746421
2023-06-29 03:33:07,812 [pool-5-thread-5] INFO  datastream.DataStreamTestUtils (DataStreamTestUtils.java:writeAndCloseAndAssertReplies(320)) - Stream223: bytesWritten=3737187
2023-06-29 03:33:08,573 [pool-5-thread-9] INFO  datastream.DataStreamTestUtils (DataStreamTestUtils.java:writeAndCloseAndAssertReplies(320)) - Stream228: bytesWritten=3763015
2023-06-29 03:33:09,514 [Timer-1] INFO  impl.MiniRaftCluster (MiniRaftCluster.java:lambda$start$6(349)) - TIMED-PRINT: printing ALL groups
  s0:  RUNNING    LEADER s0@group-09709D41B0DB:t1, leader=s0, voted=s0, raftlog=Memoized:s0@group-09709D41B0DB-SegmentedRaftLog:OPENED:c67, conf=0: peers:[s0|rpc:localhost:34083|admin:localhost:38787|client:localhost:33075|dataStream:localhost:39011|priority:0|startupRole:FOLLOWER, s1|rpc:localhost:33139|admin:localhost:43529|client:localhost:45027|dataStream:localhost:36939|priority:0|startupRole:FOLLOWER, s2|rpc:localhost:38471|admin:localhost:33067|client:localhost:37939|dataStream:localhost:44447|priority:0|startupRole:FOLLOWER]|listeners:[], old=null RUNNING
  s1:  RUNNING  FOLLOWER s1@group-09709D41B0DB:t1, leader=s0, voted=s0, raftlog=Memoized:s1@group-09709D41B0DB-SegmentedRaftLog:OPENED:c67, conf=0: peers:[s0|rpc:localhost:34083|admin:localhost:38787|client:localhost:33075|dataStream:localhost:39011|priority:0|startupRole:FOLLOWER, s1|rpc:localhost:33139|admin:localhost:43529|client:localhost:45027|dataStream:localhost:36939|priority:0|startupRole:FOLLOWER, s2|rpc:localhost:38471|admin:localhost:33067|client:localhost:37939|dataStream:localhost:44447|priority:0|startupRole:FOLLOWER]|listeners:[], old=null RUNNING
  s2:  RUNNING  FOLLOWER s2@group-09709D41B0DB:t1, leader=s0, voted=s0, raftlog=Memoized:s2@group-09709D41B0DB-SegmentedRaftLog:OPENED:c67, conf=0: peers:[s0|rpc:localhost:34083|admin:localhost:38787|client:localhost:33075|dataStream:localhost:39011|priority:0|startupRole:FOLLOWER, s1|rpc:localhost:33139|admin:localhost:43529|client:localhost:45027|dataStream:localhost:36939|priority:0|startupRole:FOLLOWER, s2|rpc:localhost:38471|admin:localhost:33067|client:localhost:37939|dataStream:localhost:44447|priority:0|startupRole:FOLLOWER]|listeners:[], old=null RUNNING
2023-06-29 03:33:12,062 [pool-5-thread-10] INFO  datastream.DataStreamTestUtils (DataStreamTestUtils.java:writeAndCloseAndAssertReplies(320)) - Stream229: bytesWritten=3743371
2023-06-29 03:33:12,405 [pool-5-thread-15] INFO  datastream.DataStreamTestUtils (DataStreamTestUtils.java:writeAndCloseAndAssertReplies(320)) - Stream231: bytesWritten=3734827
2023-06-29 03:33:13,608 [pool-5-thread-12] INFO  datastream.DataStreamTestUtils (DataStreamTestUtils.java:writeAndCloseAndAssertReplies(320)) - Stream230: bytesWritten=3730981
2023-06-29 03:33:13,720 [pool-5-thread-11] INFO  datastream.DataStreamTestUtils (DataStreamTestUtils.java:writeAndCloseAndAssertReplies(320)) - Stream232: bytesWritten=3760989
2023-06-29 03:33:14,103 [s0-client-thread1] INFO  statemachine.StateMachine (DataStreamTestUtils.java:link(157)) - link SingleDataStream: writeRequest=RaftClientRequest:client-3B18698B85E4->s1@group-09709D41B0DB, cid=226, seq=0, DataStream, Message:<EMPTY>, logEntry=null
2023-06-29 03:33:14,105 [s1-server-thread3] INFO  statemachine.StateMachine (DataStreamTestUtils.java:link(157)) - link SingleDataStream: writeRequest=RaftClientRequest:client-3B18698B85E4->s1@group-09709D41B0DB, cid=226, seq=0, DataStream, Message:<EMPTY>, logEntry=null
2023-06-29 03:33:14,105 [s2-server-thread1] INFO  statemachine.StateMachine (DataStreamTestUtils.java:link(157)) - link SingleDataStream: writeRequest=RaftClientRequest:client-3B18698B85E4->s1@group-09709D41B0DB, cid=226, seq=0, DataStream, Message:<EMPTY>, logEntry=null
2023-06-29 03:33:14,123 [pool-5-thread-14] INFO  datastream.DataStreamTestUtils (DataStreamTestUtils.java:writeAndCloseAndAssertReplies(311)) - start Stream236
2023-06-29 03:33:14,408 [pool-5-thread-3] INFO  datastream.DataStreamTestUtils (DataStreamTestUtils.java:writeAndCloseAndAssertReplies(320)) - Stream233: bytesWritten=3750251
2023-06-29 03:33:14,489 [s0-client-thread1] INFO  statemachine.StateMachine (DataStreamTestUtils.java:link(157)) - link SingleDataStream: writeRequest=RaftClientRequest:client-3B18698B85E4->s1@group-09709D41B0DB, cid=229, seq=0, DataStream, Message:<EMPTY>, logEntry=null
2023-06-29 03:33:14,491 [s0-client-thread1] INFO  statemachine.StateMachine (DataStreamTestUtils.java:link(157)) - link SingleDataStream: writeRequest=RaftClientRequest:client-3B18698B85E4->s1@group-09709D41B0DB, cid=232, seq=0, DataStream, Message:<EMPTY>, logEntry=null
2023-06-29 03:33:14,491 [s1-server-thread3] INFO  statemachine.StateMachine (DataStreamTestUtils.java:link(157)) - link SingleDataStream: writeRequest=RaftClientRequest:client-3B18698B85E4->s1@group-09709D41B0DB, cid=229, seq=0, DataStream, Message:<EMPTY>, logEntry=null
2023-06-29 03:33:14,491 [s2-server-thread1] INFO  statemachine.StateMachine (DataStreamTestUtils.java:link(157)) - link SingleDataStream: writeRequest=RaftClientRequest:client-3B18698B85E4->s1@group-09709D41B0DB, cid=229, seq=0, DataStream, Message:<EMPTY>, logEntry=null
2023-06-29 03:33:14,493 [s0-client-thread1] INFO  statemachine.StateMachine (DataStreamTestUtils.java:link(157)) - link SingleDataStream: writeRequest=RaftClientRequest:client-3B18698B85E4->s1@group-09709D41B0DB, cid=230, seq=0, DataStream, Message:<EMPTY>, logEntry=null
2023-06-29 03:33:14,494 [s0-client-thread1] INFO  statemachine.StateMachine (DataStreamTestUtils.java:link(157)) - link SingleDataStream: writeRequest=RaftClientRequest:client-3B18698B85E4->s1@group-09709D41B0DB, cid=223, seq=0, DataStream, Message:<EMPTY>, logEntry=null
2023-06-29 03:33:14,494 [pool-5-thread-10] INFO  datastream.DataStreamTestUtils (DataStreamTestUtils.java:writeAndCloseAndAssertReplies(311)) - start Stream237
2023-06-29 03:33:14,495 [s0-client-thread1] INFO  statemachine.StateMachine (DataStreamTestUtils.java:link(157)) - link SingleDataStream: writeRequest=RaftClientRequest:client-3B18698B85E4->s1@group-09709D41B0DB, cid=228, seq=0, DataStream, Message:<EMPTY>, logEntry=null
2023-06-29 03:33:14,496 [s0-client-thread1] INFO  statemachine.StateMachine (DataStreamTestUtils.java:link(157)) - link SingleDataStream: writeRequest=RaftClientRequest:client-3B18698B85E4->s1@group-09709D41B0DB, cid=231, seq=0, DataStream, Message:<EMPTY>, logEntry=null
2023-06-29 03:33:14,501 [s1-server-thread3] INFO  statemachine.StateMachine (DataStreamTestUtils.java:link(157)) - link SingleDataStream: writeRequest=RaftClientRequest:client-3B18698B85E4->s1@group-09709D41B0DB, cid=232, seq=0, DataStream, Message:<EMPTY>, logEntry=null
2023-06-29 03:33:14,503 [s2-server-thread1] INFO  statemachine.StateMachine (DataStreamTestUtils.java:link(157)) - link SingleDataStream: writeRequest=RaftClientRequest:client-3B18698B85E4->s1@group-09709D41B0DB, cid=232, seq=0, DataStream, Message:<EMPTY>, logEntry=null
2023-06-29 03:33:14,504 [pool-5-thread-11] INFO  datastream.DataStreamTestUtils (DataStreamTestUtils.java:writeAndCloseAndAssertReplies(311)) - start Stream238
2023-06-29 03:33:14,512 [s1-server-thread3] INFO  statemachine.StateMachine (DataStreamTestUtils.java:link(157)) - link SingleDataStream: writeRequest=RaftClientRequest:client-3B18698B85E4->s1@group-09709D41B0DB, cid=230, seq=0, DataStream, Message:<EMPTY>, logEntry=null
2023-06-29 03:33:14,512 [s1-server-thread3] INFO  statemachine.StateMachine (DataStreamTestUtils.java:link(157)) - link SingleDataStream: writeRequest=RaftClientRequest:client-3B18698B85E4->s1@group-09709D41B0DB, cid=223, seq=0, DataStream, Message:<EMPTY>, logEntry=null
2023-06-29 03:33:14,512 [s1-server-thread3] INFO  statemachine.StateMachine (DataStreamTestUtils.java:link(157)) - link SingleDataStream: writeRequest=RaftClientRequest:client-3B18698B85E4->s1@group-09709D41B0DB, cid=228, seq=0, DataStream, Message:<EMPTY>, logEntry=null
2023-06-29 03:33:14,512 [s1-server-thread3] INFO  statemachine.StateMachine (DataStreamTestUtils.java:link(157)) - link SingleDataStream: writeRequest=RaftClientRequest:client-3B18698B85E4->s1@group-09709D41B0DB, cid=231, seq=0, DataStream, Message:<EMPTY>, logEntry=null
2023-06-29 03:33:14,516 [s2-server-thread1] INFO  statemachine.StateMachine (DataStreamTestUtils.java:link(157)) - link SingleDataStream: writeRequest=RaftClientRequest:client-3B18698B85E4->s1@group-09709D41B0DB, cid=230, seq=0, DataStream, Message:<EMPTY>, logEntry=null
2023-06-29 03:33:14,516 [s2-server-thread1] INFO  statemachine.StateMachine (DataStreamTestUtils.java:link(157)) - link SingleDataStream: writeRequest=RaftClientRequest:client-3B18698B85E4->s1@group-09709D41B0DB, cid=223, seq=0, DataStream, Message:<EMPTY>, logEntry=null
2023-06-29 03:33:14,516 [s2-server-thread1] INFO  statemachine.StateMachine (DataStreamTestUtils.java:link(157)) - link SingleDataStream: writeRequest=RaftClientRequest:client-3B18698B85E4->s1@group-09709D41B0DB, cid=228, seq=0, DataStream, Message:<EMPTY>, logEntry=null
2023-06-29 03:33:14,516 [s2-server-thread1] INFO  statemachine.StateMachine (DataStreamTestUtils.java:link(157)) - link SingleDataStream: writeRequest=RaftClientRequest:client-3B18698B85E4->s1@group-09709D41B0DB, cid=231, seq=0, DataStream, Message:<EMPTY>, logEntry=null
2023-06-29 03:33:14,517 [pool-5-thread-12] INFO  datastream.DataStreamTestUtils (DataStreamTestUtils.java:writeAndCloseAndAssertReplies(311)) - start Stream239
2023-06-29 03:33:14,517 [pool-5-thread-5] INFO  datastream.DataStreamTestUtils (DataStreamTestUtils.java:writeAndCloseAndAssertReplies(311)) - start Stream240
2023-06-29 03:33:14,531 [pool-5-thread-9] INFO  datastream.DataStreamTestUtils (DataStreamTestUtils.java:writeAndCloseAndAssertReplies(311)) - start Stream241
2023-06-29 03:33:14,539 [pool-5-thread-15] INFO  datastream.DataStreamTestUtils (DataStreamTestUtils.java:writeAndCloseAndAssertReplies(311)) - start Stream242
2023-06-29 03:33:14,554 [pool-5-thread-5] INFO  datastream.DataStreamTestUtils (DataStreamTestUtils.java:writeAndCloseAndAssertReplies(320)) - Stream240: bytesWritten=784553
2023-06-29 03:33:14,555 [pool-5-thread-9] INFO  datastream.DataStreamTestUtils (DataStreamTestUtils.java:writeAndCloseAndAssertReplies(320)) - Stream241: bytesWritten=758325
2023-06-29 03:33:14,565 [pool-5-thread-15] INFO  datastream.DataStreamTestUtils (DataStreamTestUtils.java:writeAndCloseAndAssertReplies(320)) - Stream242: bytesWritten=867725
2023-06-29 03:33:14,572 [pool-5-thread-12] INFO  datastream.DataStreamTestUtils (DataStreamTestUtils.java:writeAndCloseAndAssertReplies(320)) - Stream239: bytesWritten=783168
2023-06-29 03:33:14,604 [s0-client-thread1] INFO  statemachine.StateMachine (DataStreamTestUtils.java:link(157)) - link SingleDataStream: writeRequest=RaftClientRequest:client-41978461B237->s2@group-09709D41B0DB, cid=240, seq=0, DataStream, Message:<EMPTY>, logEntry=null
2023-06-29 03:33:14,605 [s2-server-thread1] INFO  statemachine.StateMachine (DataStreamTestUtils.java:link(157)) - link SingleDataStream: writeRequest=RaftClientRequest:client-41978461B237->s2@group-09709D41B0DB, cid=240, seq=0, DataStream, Message:<EMPTY>, logEntry=null
2023-06-29 03:33:14,605 [s0-client-thread1] INFO  statemachine.StateMachine (DataStreamTestUtils.java:link(157)) - link SingleDataStream: writeRequest=RaftClientRequest:client-41978461B237->s2@group-09709D41B0DB, cid=241, seq=0, DataStream, Message:<EMPTY>, logEntry=null
2023-06-29 03:33:14,605 [s1-server-thread3] INFO  statemachine.StateMachine (DataStreamTestUtils.java:link(157)) - link SingleDataStream: writeRequest=RaftClientRequest:client-41978461B237->s2@group-09709D41B0DB, cid=240, seq=0, DataStream, Message:<EMPTY>, logEntry=null
2023-06-29 03:33:14,607 [s0-client-thread1] INFO  statemachine.StateMachine (DataStreamTestUtils.java:link(157)) - link SingleDataStream: writeRequest=RaftClientRequest:client-41978461B237->s2@group-09709D41B0DB, cid=242, seq=0, DataStream, Message:<EMPTY>, logEntry=null
2023-06-29 03:33:14,608 [pool-5-thread-5] INFO  datastream.DataStreamTestUtils (DataStreamTestUtils.java:writeAndCloseAndAssertReplies(311)) - start Stream243
2023-06-29 03:33:14,609 [s0-client-thread1] INFO  statemachine.StateMachine (DataStreamTestUtils.java:link(157)) - link SingleDataStream: writeRequest=RaftClientRequest:client-41978461B237->s2@group-09709D41B0DB, cid=239, seq=0, DataStream, Message:<EMPTY>, logEntry=null
2023-06-29 03:33:14,616 [s2-server-thread1] INFO  statemachine.StateMachine (DataStreamTestUtils.java:link(157)) - link SingleDataStream: writeRequest=RaftClientRequest:client-41978461B237->s2@group-09709D41B0DB, cid=241, seq=0, DataStream, Message:<EMPTY>, logEntry=null
2023-06-29 03:33:14,616 [s1-server-thread3] INFO  statemachine.StateMachine (DataStreamTestUtils.java:link(157)) - link SingleDataStream: writeRequest=RaftClientRequest:client-41978461B237->s2@group-09709D41B0DB, cid=241, seq=0, DataStream, Message:<EMPTY>, logEntry=null
2023-06-29 03:33:14,642 [pool-5-thread-5] INFO  datastream.DataStreamTestUtils (DataStreamTestUtils.java:writeAndCloseAndAssertReplies(320)) - Stream243: bytesWritten=736965
2023-06-29 03:33:14,653 [s1-server-thread3] INFO  statemachine.StateMachine (DataStreamTestUtils.java:link(157)) - link SingleDataStream: writeRequest=RaftClientRequest:client-41978461B237->s2@group-09709D41B0DB, cid=242, seq=0, DataStream, Message:<EMPTY>, logEntry=null
2023-06-29 03:33:14,653 [s1-server-thread3] INFO  statemachine.StateMachine (DataStreamTestUtils.java:link(157)) - link SingleDataStream: writeRequest=RaftClientRequest:client-41978461B237->s2@group-09709D41B0DB, cid=239, seq=0, DataStream, Message:<EMPTY>, logEntry=null
2023-06-29 03:33:14,654 [s2-server-thread1] INFO  statemachine.StateMachine (DataStreamTestUtils.java:link(157)) - link SingleDataStream: writeRequest=RaftClientRequest:client-41978461B237->s2@group-09709D41B0DB, cid=242, seq=0, DataStream, Message:<EMPTY>, logEntry=null
2023-06-29 03:33:14,654 [s2-server-thread1] INFO  statemachine.StateMachine (DataStreamTestUtils.java:link(157)) - link SingleDataStream: writeRequest=RaftClientRequest:client-41978461B237->s2@group-09709D41B0DB, cid=239, seq=0, DataStream, Message:<EMPTY>, logEntry=null
2023-06-29 03:33:14,654 [s0-client-thread1] INFO  statemachine.StateMachine (DataStreamTestUtils.java:link(157)) - link SingleDataStream: writeRequest=RaftClientRequest:client-41978461B237->s2@group-09709D41B0DB, cid=243, seq=0, DataStream, Message:<EMPTY>, logEntry=null
2023-06-29 03:33:14,660 [pool-5-thread-9] INFO  datastream.DataStreamTestUtils (DataStreamTestUtils.java:writeAndCloseAndAssertReplies(311)) - start Stream244
2023-06-29 03:33:14,667 [pool-5-thread-15] INFO  datastream.DataStreamTestUtils (DataStreamTestUtils.java:writeAndCloseAndAssertReplies(311)) - start Stream245
2023-06-29 03:33:14,669 [s1-server-thread3] INFO  statemachine.StateMachine (DataStreamTestUtils.java:link(157)) - link SingleDataStream: writeRequest=RaftClientRequest:client-41978461B237->s2@group-09709D41B0DB, cid=243, seq=0, DataStream, Message:<EMPTY>, logEntry=null
2023-06-29 03:33:14,670 [s2-server-thread1] INFO  statemachine.StateMachine (DataStreamTestUtils.java:link(157)) - link SingleDataStream: writeRequest=RaftClientRequest:client-41978461B237->s2@group-09709D41B0DB, cid=243, seq=0, DataStream, Message:<EMPTY>, logEntry=null
2023-06-29 03:33:14,671 [pool-5-thread-12] INFO  datastream.DataStreamTestUtils (DataStreamTestUtils.java:writeAndCloseAndAssertReplies(311)) - start Stream246
2023-06-29 03:33:14,674 [pool-5-thread-5] INFO  datastream.DataStreamTestUtils (DataStreamTestUtils.java:writeAndCloseAndAssertReplies(311)) - start Stream247
2023-06-29 03:33:14,685 [pool-5-thread-9] INFO  datastream.DataStreamTestUtils (DataStreamTestUtils.java:writeAndCloseAndAssertReplies(320)) - Stream244: bytesWritten=735959
2023-06-29 03:33:14,689 [s0-client-thread1] INFO  statemachine.StateMachine (DataStreamTestUtils.java:link(157)) - link SingleDataStream: writeRequest=RaftClientRequest:client-41978461B237->s2@group-09709D41B0DB, cid=244, seq=0, DataStream, Message:<EMPTY>, logEntry=null
2023-06-29 03:33:14,691 [s2-server-thread1] INFO  statemachine.StateMachine (DataStreamTestUtils.java:link(157)) - link SingleDataStream: writeRequest=RaftClientRequest:client-41978461B237->s2@group-09709D41B0DB, cid=244, seq=0, DataStream, Message:<EMPTY>, logEntry=null
2023-06-29 03:33:14,694 [s1-server-thread3] INFO  statemachine.StateMachine (DataStreamTestUtils.java:link(157)) - link SingleDataStream: writeRequest=RaftClientRequest:client-41978461B237->s2@group-09709D41B0DB, cid=244, seq=0, DataStream, Message:<EMPTY>, logEntry=null
2023-06-29 03:33:14,708 [pool-5-thread-9] INFO  datastream.DataStreamTestUtils (DataStreamTestUtils.java:writeAndCloseAndAssertReplies(311)) - start Stream248
2023-06-29 03:33:14,742 [pool-5-thread-12] INFO  datastream.DataStreamTestUtils (DataStreamTestUtils.java:writeAndCloseAndAssertReplies(320)) - Stream246: bytesWritten=762606
2023-06-29 03:33:14,746 [s0-client-thread1] INFO  statemachine.StateMachine (DataStreamTestUtils.java:link(157)) - link SingleDataStream: writeRequest=RaftClientRequest:client-41978461B237->s2@group-09709D41B0DB, cid=246, seq=0, DataStream, Message:<EMPTY>, logEntry=null
2023-06-29 03:33:14,748 [s2-server-thread1] INFO  statemachine.StateMachine (DataStreamTestUtils.java:link(157)) - link SingleDataStream: writeRequest=RaftClientRequest:client-41978461B237->s2@group-09709D41B0DB, cid=246, seq=0, DataStream, Message:<EMPTY>, logEntry=null
2023-06-29 03:33:14,748 [s1-server-thread3] INFO  statemachine.StateMachine (DataStreamTestUtils.java:link(157)) - link SingleDataStream: writeRequest=RaftClientRequest:client-41978461B237->s2@group-09709D41B0DB, cid=246, seq=0, DataStream, Message:<EMPTY>, logEntry=null
2023-06-29 03:33:14,750 [pool-5-thread-12] INFO  datastream.DataStreamTestUtils (DataStreamTestUtils.java:writeAndCloseAndAssertReplies(311)) - start Stream200
2023-06-29 03:33:14,759 [pool-5-thread-9] INFO  datastream.DataStreamTestUtils (DataStreamTestUtils.java:writeAndCloseAndAssertReplies(320)) - Stream248: bytesWritten=726085
2023-06-29 03:33:14,764 [pool-5-thread-15] INFO  datastream.DataStreamTestUtils (DataStreamTestUtils.java:writeAndCloseAndAssertReplies(320)) - Stream245: bytesWritten=767142
2023-06-29 03:33:14,766 [s0-client-thread1] INFO  statemachine.StateMachine (DataStreamTestUtils.java:link(157)) - link SingleDataStream: writeRequest=RaftClientRequest:client-41978461B237->s2@group-09709D41B0DB, cid=248, seq=0, DataStream, Message:<EMPTY>, logEntry=null
2023-06-29 03:33:14,770 [s1-server-thread3] INFO  statemachine.StateMachine (DataStreamTestUtils.java:link(157)) - link SingleDataStream: writeRequest=RaftClientRequest:client-41978461B237->s2@group-09709D41B0DB, cid=248, seq=0, DataStream, Message:<EMPTY>, logEntry=null
2023-06-29 03:33:14,772 [pool-5-thread-9] INFO  datastream.DataStreamTestUtils (DataStreamTestUtils.java:writeAndCloseAndAssertReplies(311)) - start Stream249
2023-06-29 03:33:14,774 [s2-server-thread1] INFO  statemachine.StateMachine (DataStreamTestUtils.java:link(157)) - link SingleDataStream: writeRequest=RaftClientRequest:client-41978461B237->s2@group-09709D41B0DB, cid=248, seq=0, DataStream, Message:<EMPTY>, logEntry=null
2023-06-29 03:33:14,799 [s0-client-thread1] INFO  statemachine.StateMachine (DataStreamTestUtils.java:link(157)) - link SingleDataStream: writeRequest=RaftClientRequest:client-41978461B237->s2@group-09709D41B0DB, cid=245, seq=0, DataStream, Message:<EMPTY>, logEntry=null
2023-06-29 03:33:14,800 [s1-server-thread3] INFO  statemachine.StateMachine (DataStreamTestUtils.java:link(157)) - link SingleDataStream: writeRequest=RaftClientRequest:client-41978461B237->s2@group-09709D41B0DB, cid=245, seq=0, DataStream, Message:<EMPTY>, logEntry=null
2023-06-29 03:33:14,801 [s2-server-thread1] INFO  statemachine.StateMachine (DataStreamTestUtils.java:link(157)) - link SingleDataStream: writeRequest=RaftClientRequest:client-41978461B237->s2@group-09709D41B0DB, cid=245, seq=0, DataStream, Message:<EMPTY>, logEntry=null
2023-06-29 03:33:14,803 [pool-5-thread-15] INFO  datastream.DataStreamTestUtils (DataStreamTestUtils.java:writeAndCloseAndAssertReplies(311)) - start Stream250
2023-06-29 03:33:14,834 [pool-5-thread-5] INFO  datastream.DataStreamTestUtils (DataStreamTestUtils.java:writeAndCloseAndAssertReplies(320)) - Stream247: bytesWritten=771047
2023-06-29 03:33:14,836 [s0-client-thread1] INFO  statemachine.StateMachine (DataStreamTestUtils.java:link(157)) - link SingleDataStream: writeRequest=RaftClientRequest:client-41978461B237->s2@group-09709D41B0DB, cid=247, seq=0, DataStream, Message:<EMPTY>, logEntry=null
2023-06-29 03:33:14,837 [s1-server-thread3] INFO  statemachine.StateMachine (DataStreamTestUtils.java:link(157)) - link SingleDataStream: writeRequest=RaftClientRequest:client-41978461B237->s2@group-09709D41B0DB, cid=247, seq=0, DataStream, Message:<EMPTY>, logEntry=null
2023-06-29 03:33:14,838 [s2-server-thread1] INFO  statemachine.StateMachine (DataStreamTestUtils.java:link(157)) - link SingleDataStream: writeRequest=RaftClientRequest:client-41978461B237->s2@group-09709D41B0DB, cid=247, seq=0, DataStream, Message:<EMPTY>, logEntry=null
2023-06-29 03:33:14,839 [pool-5-thread-5] INFO  datastream.DataStreamTestUtils (DataStreamTestUtils.java:writeAndCloseAndAssertReplies(311)) - start Stream251
2023-06-29 03:33:14,986 [pool-5-thread-16] INFO  datastream.DataStreamTestUtils (DataStreamTestUtils.java:writeAndCloseAndAssertReplies(320)) - Stream234: bytesWritten=3730883
2023-06-29 03:33:15,097 [pool-5-thread-7] INFO  datastream.DataStreamTestUtils (DataStreamTestUtils.java:writeAndCloseAndAssertReplies(311)) - start Stream252
2023-06-29 03:33:15,646 [s0-client-thread1] INFO  statemachine.StateMachine (DataStreamTestUtils.java:link(157)) - link SingleDataStream: writeRequest=RaftClientRequest:client-3B18698B85E4->s1@group-09709D41B0DB, cid=233, seq=0, DataStream, Message:<EMPTY>, logEntry=null
2023-06-29 03:33:15,647 [s1-server-thread3] INFO  statemachine.StateMachine (DataStreamTestUtils.java:link(157)) - link SingleDataStream: writeRequest=RaftClientRequest:client-3B18698B85E4->s1@group-09709D41B0DB, cid=233, seq=0, DataStream, Message:<EMPTY>, logEntry=null
2023-06-29 03:33:15,648 [s2-server-thread1] INFO  statemachine.StateMachine (DataStreamTestUtils.java:link(157)) - link SingleDataStream: writeRequest=RaftClientRequest:client-3B18698B85E4->s1@group-09709D41B0DB, cid=233, seq=0, DataStream, Message:<EMPTY>, logEntry=null
2023-06-29 03:33:15,670 [pool-5-thread-3] INFO  datastream.DataStreamTestUtils (DataStreamTestUtils.java:writeAndCloseAndAssertReplies(311)) - start Stream253
2023-06-29 03:33:18,181 [s0-client-thread1] INFO  statemachine.StateMachine (DataStreamTestUtils.java:link(157)) - link SingleDataStream: writeRequest=RaftClientRequest:client-3B18698B85E4->s1@group-09709D41B0DB, cid=234, seq=0, DataStream, Message:<EMPTY>, logEntry=null
2023-06-29 03:33:18,183 [s1-server-thread3] INFO  statemachine.StateMachine (DataStreamTestUtils.java:link(157)) - link SingleDataStream: writeRequest=RaftClientRequest:client-3B18698B85E4->s1@group-09709D41B0DB, cid=234, seq=0, DataStream, Message:<EMPTY>, logEntry=null
2023-06-29 03:33:18,184 [s2-server-thread1] INFO  statemachine.StateMachine (DataStreamTestUtils.java:link(157)) - link SingleDataStream: writeRequest=RaftClientRequest:client-3B18698B85E4->s1@group-09709D41B0DB, cid=234, seq=0, DataStream, Message:<EMPTY>, logEntry=null
2023-06-29 03:33:18,186 [pool-5-thread-16] INFO  datastream.DataStreamTestUtils (DataStreamTestUtils.java:writeAndCloseAndAssertReplies(311)) - start Stream254
2023-06-29 03:33:19,516 [Timer-1] INFO  impl.MiniRaftCluster (MiniRaftCluster.java:lambda$start$6(349)) - TIMED-PRINT: printing ALL groups
  s0:  RUNNING    LEADER s0@group-09709D41B0DB:t1, leader=s0, voted=s0, raftlog=Memoized:s0@group-09709D41B0DB-SegmentedRaftLog:OPENED:c100, conf=0: peers:[s0|rpc:localhost:34083|admin:localhost:38787|client:localhost:33075|dataStream:localhost:39011|priority:0|startupRole:FOLLOWER, s1|rpc:localhost:33139|admin:localhost:43529|client:localhost:45027|dataStream:localhost:36939|priority:0|startupRole:FOLLOWER, s2|rpc:localhost:38471|admin:localhost:33067|client:localhost:37939|dataStream:localhost:44447|priority:0|startupRole:FOLLOWER]|listeners:[], old=null RUNNING
  s1:  RUNNING  FOLLOWER s1@group-09709D41B0DB:t1, leader=s0, voted=s0, raftlog=Memoized:s1@group-09709D41B0DB-SegmentedRaftLog:OPENED:c100, conf=0: peers:[s0|rpc:localhost:34083|admin:localhost:38787|client:localhost:33075|dataStream:localhost:39011|priority:0|startupRole:FOLLOWER, s1|rpc:localhost:33139|admin:localhost:43529|client:localhost:45027|dataStream:localhost:36939|priority:0|startupRole:FOLLOWER, s2|rpc:localhost:38471|admin:localhost:33067|client:localhost:37939|dataStream:localhost:44447|priority:0|startupRole:FOLLOWER]|listeners:[], old=null RUNNING
  s2:  RUNNING  FOLLOWER s2@group-09709D41B0DB:t1, leader=s0, voted=s0, raftlog=Memoized:s2@group-09709D41B0DB-SegmentedRaftLog:OPENED:c100, conf=0: peers:[s0|rpc:localhost:34083|admin:localhost:38787|client:localhost:33075|dataStream:localhost:39011|priority:0|startupRole:FOLLOWER, s1|rpc:localhost:33139|admin:localhost:43529|client:localhost:45027|dataStream:localhost:36939|priority:0|startupRole:FOLLOWER, s2|rpc:localhost:38471|admin:localhost:33067|client:localhost:37939|dataStream:localhost:44447|priority:0|startupRole:FOLLOWER]|listeners:[], old=null RUNNING
2023-06-29 03:33:20,819 [pool-5-thread-13] INFO  datastream.DataStreamTestUtils (DataStreamTestUtils.java:writeAndCloseAndAssertReplies(320)) - Stream235: bytesWritten=3742512
2023-06-29 03:33:20,828 [s0-client-thread1] INFO  statemachine.StateMachine (DataStreamTestUtils.java:link(157)) - link SingleDataStream: writeRequest=RaftClientRequest:client-3B18698B85E4->s1@group-09709D41B0DB, cid=235, seq=0, DataStream, Message:<EMPTY>, logEntry=null
2023-06-29 03:33:20,830 [s1-server-thread3] INFO  statemachine.StateMachine (DataStreamTestUtils.java:link(157)) - link SingleDataStream: writeRequest=RaftClientRequest:client-3B18698B85E4->s1@group-09709D41B0DB, cid=235, seq=0, DataStream, Message:<EMPTY>, logEntry=null
2023-06-29 03:33:20,830 [s2-server-thread1] INFO  statemachine.StateMachine (DataStreamTestUtils.java:link(157)) - link SingleDataStream: writeRequest=RaftClientRequest:client-3B18698B85E4->s1@group-09709D41B0DB, cid=235, seq=0, DataStream, Message:<EMPTY>, logEntry=null
2023-06-29 03:33:20,832 [pool-5-thread-13] INFO  datastream.DataStreamTestUtils (DataStreamTestUtils.java:writeAndCloseAndAssertReplies(311)) - start Stream255
2023-06-29 03:33:22,919 [pool-5-thread-11] INFO  datastream.DataStreamTestUtils (DataStreamTestUtils.java:writeAndCloseAndAssertReplies(320)) - Stream238: bytesWritten=3749658
2023-06-29 03:33:22,927 [s0-client-thread1] INFO  statemachine.StateMachine (DataStreamTestUtils.java:link(157)) - link SingleDataStream: writeRequest=RaftClientRequest:client-3B18698B85E4->s1@group-09709D41B0DB, cid=238, seq=0, DataStream, Message:<EMPTY>, logEntry=null
2023-06-29 03:33:22,928 [s2-server-thread1] INFO  statemachine.StateMachine (DataStreamTestUtils.java:link(157)) - link SingleDataStream: writeRequest=RaftClientRequest:client-3B18698B85E4->s1@group-09709D41B0DB, cid=238, seq=0, DataStream, Message:<EMPTY>, logEntry=null
2023-06-29 03:33:22,928 [s1-server-thread3] INFO  statemachine.StateMachine (DataStreamTestUtils.java:link(157)) - link SingleDataStream: writeRequest=RaftClientRequest:client-3B18698B85E4->s1@group-09709D41B0DB, cid=238, seq=0, DataStream, Message:<EMPTY>, logEntry=null
2023-06-29 03:33:22,932 [pool-5-thread-11] INFO  datastream.DataStreamTestUtils (DataStreamTestUtils.java:writeAndCloseAndAssertReplies(311)) - start Stream256
2023-06-29 03:33:23,533 [pool-5-thread-9] INFO  datastream.DataStreamTestUtils (DataStreamTestUtils.java:writeAndCloseAndAssertReplies(320)) - Stream249: bytesWritten=3747335
2023-06-29 03:33:23,934 [pool-5-thread-10] INFO  datastream.DataStreamTestUtils (DataStreamTestUtils.java:writeAndCloseAndAssertReplies(320)) - Stream237: bytesWritten=3753550
2023-06-29 03:33:23,937 [s0-client-thread1] INFO  statemachine.StateMachine (DataStreamTestUtils.java:link(157)) - link SingleDataStream: writeRequest=RaftClientRequest:client-3B18698B85E4->s1@group-09709D41B0DB, cid=237, seq=0, DataStream, Message:<EMPTY>, logEntry=null
2023-06-29 03:33:23,941 [s2-server-thread1] INFO  statemachine.StateMachine (DataStreamTestUtils.java:link(157)) - link SingleDataStream: writeRequest=RaftClientRequest:client-3B18698B85E4->s1@group-09709D41B0DB, cid=237, seq=0, DataStream, Message:<EMPTY>, logEntry=null
2023-06-29 03:33:23,941 [s1-server-thread3] INFO  statemachine.StateMachine (DataStreamTestUtils.java:link(157)) - link SingleDataStream: writeRequest=RaftClientRequest:client-3B18698B85E4->s1@group-09709D41B0DB, cid=237, seq=0, DataStream, Message:<EMPTY>, logEntry=null
2023-06-29 03:33:23,943 [pool-5-thread-10] INFO  datastream.DataStreamTestUtils (DataStreamTestUtils.java:writeAndCloseAndAssertReplies(311)) - start Stream257
2023-06-29 03:33:24,618 [pool-5-thread-12] INFO  datastream.DataStreamTestUtils (DataStreamTestUtils.java:writeAndCloseAndAssertReplies(320)) - Stream200: bytesWritten=3744371
2023-06-29 03:33:24,675 [pool-5-thread-15] INFO  datastream.DataStreamTestUtils (DataStreamTestUtils.java:writeAndCloseAndAssertReplies(320)) - Stream250: bytesWritten=3750117
2023-06-29 03:33:25,982 [pool-5-thread-7] INFO  datastream.DataStreamTestUtils (DataStreamTestUtils.java:writeAndCloseAndAssertReplies(320)) - Stream252: bytesWritten=3737366
2023-06-29 03:33:26,322 [pool-5-thread-5] INFO  datastream.DataStreamTestUtils (DataStreamTestUtils.java:writeAndCloseAndAssertReplies(320)) - Stream251: bytesWritten=3750764
2023-06-29 03:33:29,125 [pool-5-thread-3] INFO  datastream.DataStreamTestUtils (DataStreamTestUtils.java:writeAndCloseAndAssertReplies(320)) - Stream253: bytesWritten=3738227
2023-06-29 03:33:29,257 [pool-5-thread-16] INFO  datastream.DataStreamTestUtils (DataStreamTestUtils.java:writeAndCloseAndAssertReplies(320)) - Stream254: bytesWritten=3755566
2023-06-29 03:33:29,477 [s0-client-thread1] INFO  statemachine.StateMachine (DataStreamTestUtils.java:link(157)) - link SingleDataStream: writeRequest=RaftClientRequest:client-11EE76E0E63B->s2@group-09709D41B0DB, cid=249, seq=0, DataStream, Message:<EMPTY>, logEntry=null
2023-06-29 03:33:29,479 [s1-server-thread3] INFO  statemachine.StateMachine (DataStreamTestUtils.java:link(157)) - link SingleDataStream: writeRequest=RaftClientRequest:client-11EE76E0E63B->s2@group-09709D41B0DB, cid=249, seq=0, DataStream, Message:<EMPTY>, logEntry=null
2023-06-29 03:33:29,479 [s2-server-thread1] INFO  statemachine.StateMachine (DataStreamTestUtils.java:link(157)) - link SingleDataStream: writeRequest=RaftClientRequest:client-11EE76E0E63B->s2@group-09709D41B0DB, cid=249, seq=0, DataStream, Message:<EMPTY>, logEntry=null
2023-06-29 03:33:29,481 [pool-5-thread-9] INFO  datastream.DataStreamTestUtils (DataStreamTestUtils.java:writeAndCloseAndAssertReplies(311)) - start Stream258
2023-06-29 03:33:29,534 [Timer-1] INFO  impl.MiniRaftCluster (MiniRaftCluster.java:lambda$start$6(349)) - TIMED-PRINT: printing ALL groups
  s0:  RUNNING    LEADER s0@group-09709D41B0DB:t1, leader=s0, voted=s0, raftlog=Memoized:s0@group-09709D41B0DB-SegmentedRaftLog:OPENED:c107, conf=0: peers:[s0|rpc:localhost:34083|admin:localhost:38787|client:localhost:33075|dataStream:localhost:39011|priority:0|startupRole:FOLLOWER, s1|rpc:localhost:33139|admin:localhost:43529|client:localhost:45027|dataStream:localhost:36939|priority:0|startupRole:FOLLOWER, s2|rpc:localhost:38471|admin:localhost:33067|client:localhost:37939|dataStream:localhost:44447|priority:0|startupRole:FOLLOWER]|listeners:[], old=null RUNNING
  s1:  RUNNING  FOLLOWER s1@group-09709D41B0DB:t1, leader=s0, voted=s0, raftlog=Memoized:s1@group-09709D41B0DB-SegmentedRaftLog:OPENED:c106, conf=0: peers:[s0|rpc:localhost:34083|admin:localhost:38787|client:localhost:33075|dataStream:localhost:39011|priority:0|startupRole:FOLLOWER, s1|rpc:localhost:33139|admin:localhost:43529|client:localhost:45027|dataStream:localhost:36939|priority:0|startupRole:FOLLOWER, s2|rpc:localhost:38471|admin:localhost:33067|client:localhost:37939|dataStream:localhost:44447|priority:0|startupRole:FOLLOWER]|listeners:[], old=null RUNNING
  s2:  RUNNING  FOLLOWER s2@group-09709D41B0DB:t1, leader=s0, voted=s0, raftlog=Memoized:s2@group-09709D41B0DB-SegmentedRaftLog:OPENED:c106, conf=0: peers:[s0|rpc:localhost:34083|admin:localhost:38787|client:localhost:33075|dataStream:localhost:39011|priority:0|startupRole:FOLLOWER, s1|rpc:localhost:33139|admin:localhost:43529|client:localhost:45027|dataStream:localhost:36939|priority:0|startupRole:FOLLOWER, s2|rpc:localhost:38471|admin:localhost:33067|client:localhost:37939|dataStream:localhost:44447|priority:0|startupRole:FOLLOWER]|listeners:[], old=null RUNNING
2023-06-29 03:33:29,861 [s0-client-thread1] INFO  statemachine.StateMachine (DataStreamTestUtils.java:link(157)) - link SingleDataStream: writeRequest=RaftClientRequest:client-11EE76E0E63B->s2@group-09709D41B0DB, cid=252, seq=0, DataStream, Message:<EMPTY>, logEntry=null
2023-06-29 03:33:29,862 [s2-server-thread1] INFO  statemachine.StateMachine (DataStreamTestUtils.java:link(157)) - link SingleDataStream: writeRequest=RaftClientRequest:client-11EE76E0E63B->s2@group-09709D41B0DB, cid=252, seq=0, DataStream, Message:<EMPTY>, logEntry=null
2023-06-29 03:33:29,863 [s1-server-thread3] INFO  statemachine.StateMachine (DataStreamTestUtils.java:link(157)) - link SingleDataStream: writeRequest=RaftClientRequest:client-11EE76E0E63B->s2@group-09709D41B0DB, cid=252, seq=0, DataStream, Message:<EMPTY>, logEntry=null
2023-06-29 03:33:29,866 [pool-5-thread-7] INFO  datastream.DataStreamTestUtils (DataStreamTestUtils.java:writeAndCloseAndAssertReplies(311)) - start Stream259
2023-06-29 03:33:29,866 [s0-client-thread1] INFO  statemachine.StateMachine (DataStreamTestUtils.java:link(157)) - link SingleDataStream: writeRequest=RaftClientRequest:client-11EE76E0E63B->s2@group-09709D41B0DB, cid=251, seq=0, DataStream, Message:<EMPTY>, logEntry=null
2023-06-29 03:33:29,870 [s0-client-thread1] INFO  statemachine.StateMachine (DataStreamTestUtils.java:link(157)) - link SingleDataStream: writeRequest=RaftClientRequest:client-11EE76E0E63B->s2@group-09709D41B0DB, cid=254, seq=0, DataStream, Message:<EMPTY>, logEntry=null
2023-06-29 03:33:29,878 [s0-client-thread1] INFO  statemachine.StateMachine (DataStreamTestUtils.java:link(157)) - link SingleDataStream: writeRequest=RaftClientRequest:client-11EE76E0E63B->s2@group-09709D41B0DB, cid=253, seq=0, DataStream, Message:<EMPTY>, logEntry=null
2023-06-29 03:33:29,884 [s1-server-thread3] INFO  statemachine.StateMachine (DataStreamTestUtils.java:link(157)) - link SingleDataStream: writeRequest=RaftClientRequest:client-11EE76E0E63B->s2@group-09709D41B0DB, cid=251, seq=0, DataStream, Message:<EMPTY>, logEntry=null
2023-06-29 03:33:29,884 [s1-server-thread3] INFO  statemachine.StateMachine (DataStreamTestUtils.java:link(157)) - link SingleDataStream: writeRequest=RaftClientRequest:client-11EE76E0E63B->s2@group-09709D41B0DB, cid=254, seq=0, DataStream, Message:<EMPTY>, logEntry=null
2023-06-29 03:33:29,885 [s0-client-thread1] INFO  statemachine.StateMachine (DataStreamTestUtils.java:link(157)) - link SingleDataStream: writeRequest=RaftClientRequest:client-11EE76E0E63B->s2@group-09709D41B0DB, cid=200, seq=0, DataStream, Message:<EMPTY>, logEntry=null
2023-06-29 03:33:29,884 [s2-server-thread1] INFO  statemachine.StateMachine (DataStreamTestUtils.java:link(157)) - link SingleDataStream: writeRequest=RaftClientRequest:client-11EE76E0E63B->s2@group-09709D41B0DB, cid=251, seq=0, DataStream, Message:<EMPTY>, logEntry=null
2023-06-29 03:33:29,885 [s2-server-thread1] INFO  statemachine.StateMachine (DataStreamTestUtils.java:link(157)) - link SingleDataStream: writeRequest=RaftClientRequest:client-11EE76E0E63B->s2@group-09709D41B0DB, cid=254, seq=0, DataStream, Message:<EMPTY>, logEntry=null
2023-06-29 03:33:29,887 [pool-5-thread-5] INFO  datastream.DataStreamTestUtils (DataStreamTestUtils.java:writeAndCloseAndAssertReplies(311)) - start Stream261
2023-06-29 03:33:29,887 [pool-5-thread-16] INFO  datastream.DataStreamTestUtils (DataStreamTestUtils.java:writeAndCloseAndAssertReplies(311)) - start Stream262
2023-06-29 03:33:29,892 [s0-client-thread1] INFO  statemachine.StateMachine (DataStreamTestUtils.java:link(157)) - link SingleDataStream: writeRequest=RaftClientRequest:client-11EE76E0E63B->s2@group-09709D41B0DB, cid=250, seq=0, DataStream, Message:<EMPTY>, logEntry=null
2023-06-29 03:33:29,895 [s2-server-thread1] INFO  statemachine.StateMachine (DataStreamTestUtils.java:link(157)) - link SingleDataStream: writeRequest=RaftClientRequest:client-11EE76E0E63B->s2@group-09709D41B0DB, cid=253, seq=0, DataStream, Message:<EMPTY>, logEntry=null
2023-06-29 03:33:29,895 [s2-server-thread1] INFO  statemachine.StateMachine (DataStreamTestUtils.java:link(157)) - link SingleDataStream: writeRequest=RaftClientRequest:client-11EE76E0E63B->s2@group-09709D41B0DB, cid=200, seq=0, DataStream, Message:<EMPTY>, logEntry=null
2023-06-29 03:33:29,895 [s1-server-thread3] INFO  statemachine.StateMachine (DataStreamTestUtils.java:link(157)) - link SingleDataStream: writeRequest=RaftClientRequest:client-11EE76E0E63B->s2@group-09709D41B0DB, cid=253, seq=0, DataStream, Message:<EMPTY>, logEntry=null
2023-06-29 03:33:29,895 [s1-server-thread3] INFO  statemachine.StateMachine (DataStreamTestUtils.java:link(157)) - link SingleDataStream: writeRequest=RaftClientRequest:client-11EE76E0E63B->s2@group-09709D41B0DB, cid=200, seq=0, DataStream, Message:<EMPTY>, logEntry=null
2023-06-29 03:33:29,897 [pool-5-thread-3] INFO  datastream.DataStreamTestUtils (DataStreamTestUtils.java:writeAndCloseAndAssertReplies(311)) - start Stream263
2023-06-29 03:33:29,970 [pool-5-thread-12] INFO  datastream.DataStreamTestUtils (DataStreamTestUtils.java:writeAndCloseAndAssertReplies(311)) - start Stream264
2023-06-29 03:33:29,970 [s1-server-thread3] INFO  statemachine.StateMachine (DataStreamTestUtils.java:link(157)) - link SingleDataStream: writeRequest=RaftClientRequest:client-11EE76E0E63B->s2@group-09709D41B0DB, cid=250, seq=0, DataStream, Message:<EMPTY>, logEntry=null
2023-06-29 03:33:29,979 [s2-server-thread1] INFO  statemachine.StateMachine (DataStreamTestUtils.java:link(157)) - link SingleDataStream: writeRequest=RaftClientRequest:client-11EE76E0E63B->s2@group-09709D41B0DB, cid=250, seq=0, DataStream, Message:<EMPTY>, logEntry=null
2023-06-29 03:33:29,985 [pool-5-thread-15] INFO  datastream.DataStreamTestUtils (DataStreamTestUtils.java:writeAndCloseAndAssertReplies(311)) - start Stream265
2023-06-29 03:33:31,182 [pool-5-thread-13] INFO  datastream.DataStreamTestUtils (DataStreamTestUtils.java:writeAndCloseAndAssertReplies(320)) - Stream255: bytesWritten=3745893
2023-06-29 03:33:38,026 [pool-5-thread-11] INFO  datastream.DataStreamTestUtils (DataStreamTestUtils.java:writeAndCloseAndAssertReplies(320)) - Stream256: bytesWritten=3739732
2023-06-29 03:33:39,382 [pool-5-thread-7] INFO  datastream.DataStreamTestUtils (DataStreamTestUtils.java:writeAndCloseAndAssertReplies(320)) - Stream259: bytesWritten=3757994
2023-06-29 03:33:39,508 [pool-5-thread-10] INFO  datastream.DataStreamTestUtils (DataStreamTestUtils.java:writeAndCloseAndAssertReplies(320)) - Stream257: bytesWritten=3726215
2023-06-29 03:33:39,533 [Timer-1] INFO  impl.MiniRaftCluster (MiniRaftCluster.java:lambda$start$6(349)) - TIMED-PRINT: printing ALL groups
  s0:  RUNNING    LEADER s0@group-09709D41B0DB:t1, leader=s0, voted=s0, raftlog=Memoized:s0@group-09709D41B0DB-SegmentedRaftLog:OPENED:c117, conf=0: peers:[s0|rpc:localhost:34083|admin:localhost:38787|client:localhost:33075|dataStream:localhost:39011|priority:0|startupRole:FOLLOWER, s1|rpc:localhost:33139|admin:localhost:43529|client:localhost:45027|dataStream:localhost:36939|priority:0|startupRole:FOLLOWER, s2|rpc:localhost:38471|admin:localhost:33067|client:localhost:37939|dataStream:localhost:44447|priority:0|startupRole:FOLLOWER]|listeners:[], old=null RUNNING
  s1:  RUNNING  FOLLOWER s1@group-09709D41B0DB:t1, leader=s0, voted=s0, raftlog=Memoized:s1@group-09709D41B0DB-SegmentedRaftLog:OPENED:c117, conf=0: peers:[s0|rpc:localhost:34083|admin:localhost:38787|client:localhost:33075|dataStream:localhost:39011|priority:0|startupRole:FOLLOWER, s1|rpc:localhost:33139|admin:localhost:43529|client:localhost:45027|dataStream:localhost:36939|priority:0|startupRole:FOLLOWER, s2|rpc:localhost:38471|admin:localhost:33067|client:localhost:37939|dataStream:localhost:44447|priority:0|startupRole:FOLLOWER]|listeners:[], old=null RUNNING
  s2:  RUNNING  FOLLOWER s2@group-09709D41B0DB:t1, leader=s0, voted=s0, raftlog=Memoized:s2@group-09709D41B0DB-SegmentedRaftLog:OPENED:c117, conf=0: peers:[s0|rpc:localhost:34083|admin:localhost:38787|client:localhost:33075|dataStream:localhost:39011|priority:0|startupRole:FOLLOWER, s1|rpc:localhost:33139|admin:localhost:43529|client:localhost:45027|dataStream:localhost:36939|priority:0|startupRole:FOLLOWER, s2|rpc:localhost:38471|admin:localhost:33067|client:localhost:37939|dataStream:localhost:44447|priority:0|startupRole:FOLLOWER]|listeners:[], old=null RUNNING
2023-06-29 03:33:39,607 [pool-5-thread-9] INFO  datastream.DataStreamTestUtils (DataStreamTestUtils.java:writeAndCloseAndAssertReplies(320)) - Stream258: bytesWritten=3751451
2023-06-29 03:33:39,658 [pool-5-thread-12] INFO  datastream.DataStreamTestUtils (DataStreamTestUtils.java:writeAndCloseAndAssertReplies(320)) - Stream264: bytesWritten=3739531
2023-06-29 03:33:39,701 [s0-client-thread1] INFO  statemachine.StateMachine (DataStreamTestUtils.java:link(157)) - link SingleDataStream: writeRequest=RaftClientRequest:client-11EE76E0E63B->s2@group-09709D41B0DB, cid=256, seq=0, DataStream, Message:<EMPTY>, logEntry=null
2023-06-29 03:33:39,702 [s0-client-thread1] INFO  statemachine.StateMachine (DataStreamTestUtils.java:link(157)) - link SingleDataStream: writeRequest=RaftClientRequest:client-11EE76E0E63B->s2@group-09709D41B0DB, cid=255, seq=0, DataStream, Message:<EMPTY>, logEntry=null
2023-06-29 03:33:39,702 [s1-server-thread1] INFO  statemachine.StateMachine (DataStreamTestUtils.java:link(157)) - link SingleDataStream: writeRequest=RaftClientRequest:client-11EE76E0E63B->s2@group-09709D41B0DB, cid=256, seq=0, DataStream, Message:<EMPTY>, logEntry=null
2023-06-29 03:33:39,703 [s2-server-thread4] INFO  statemachine.StateMachine (DataStreamTestUtils.java:link(157)) - link SingleDataStream: writeRequest=RaftClientRequest:client-11EE76E0E63B->s2@group-09709D41B0DB, cid=256, seq=0, DataStream, Message:<EMPTY>, logEntry=null
2023-06-29 03:33:39,703 [s2-server-thread4] INFO  statemachine.StateMachine (DataStreamTestUtils.java:link(157)) - link SingleDataStream: writeRequest=RaftClientRequest:client-11EE76E0E63B->s2@group-09709D41B0DB, cid=255, seq=0, DataStream, Message:<EMPTY>, logEntry=null
2023-06-29 03:33:39,706 [pool-5-thread-11] INFO  datastream.DataStreamTestUtils (DataStreamTestUtils.java:writeAndCloseAndAssertReplies(311)) - start Stream266
2023-06-29 03:33:39,710 [pool-5-thread-13] INFO  datastream.DataStreamTestUtils (DataStreamTestUtils.java:writeAndCloseAndAssertReplies(311)) - start Stream267
2023-06-29 03:33:39,713 [s1-server-thread1] INFO  statemachine.StateMachine (DataStreamTestUtils.java:link(157)) - link SingleDataStream: writeRequest=RaftClientRequest:client-11EE76E0E63B->s2@group-09709D41B0DB, cid=255, seq=0, DataStream, Message:<EMPTY>, logEntry=null
2023-06-29 03:33:39,834 [s0-client-thread1] INFO  statemachine.StateMachine (DataStreamTestUtils.java:link(157)) - link SingleDataStream: writeRequest=RaftClientRequest:client-11EE76E0E63B->s2@group-09709D41B0DB, cid=259, seq=0, DataStream, Message:<EMPTY>, logEntry=null
2023-06-29 03:33:39,842 [s2-server-thread4] INFO  statemachine.StateMachine (DataStreamTestUtils.java:link(157)) - link SingleDataStream: writeRequest=RaftClientRequest:client-11EE76E0E63B->s2@group-09709D41B0DB, cid=259, seq=0, DataStream, Message:<EMPTY>, logEntry=null
2023-06-29 03:33:39,846 [s1-server-thread1] INFO  statemachine.StateMachine (DataStreamTestUtils.java:link(157)) - link SingleDataStream: writeRequest=RaftClientRequest:client-11EE76E0E63B->s2@group-09709D41B0DB, cid=259, seq=0, DataStream, Message:<EMPTY>, logEntry=null
2023-06-29 03:33:39,848 [pool-5-thread-7] INFO  datastream.DataStreamTestUtils (DataStreamTestUtils.java:writeAndCloseAndAssertReplies(311)) - start Stream268
2023-06-29 03:33:40,104 [pool-5-thread-3] INFO  datastream.DataStreamTestUtils (DataStreamTestUtils.java:writeAndCloseAndAssertReplies(320)) - Stream263: bytesWritten=3759239
2023-06-29 03:33:40,119 [s0-client-thread1] INFO  statemachine.StateMachine (DataStreamTestUtils.java:link(157)) - link SingleDataStream: writeRequest=RaftClientRequest:client-11EE76E0E63B->s2@group-09709D41B0DB, cid=257, seq=0, DataStream, Message:<EMPTY>, logEntry=null
2023-06-29 03:33:40,120 [s1-server-thread1] INFO  statemachine.StateMachine (DataStreamTestUtils.java:link(157)) - link SingleDataStream: writeRequest=RaftClientRequest:client-11EE76E0E63B->s2@group-09709D41B0DB, cid=257, seq=0, DataStream, Message:<EMPTY>, logEntry=null
2023-06-29 03:33:40,120 [s2-server-thread4] INFO  statemachine.StateMachine (DataStreamTestUtils.java:link(157)) - link SingleDataStream: writeRequest=RaftClientRequest:client-11EE76E0E63B->s2@group-09709D41B0DB, cid=257, seq=0, DataStream, Message:<EMPTY>, logEntry=null
2023-06-29 03:33:40,123 [pool-5-thread-10] INFO  datastream.DataStreamTestUtils (DataStreamTestUtils.java:writeAndCloseAndAssertReplies(311)) - start Stream260
2023-06-29 03:33:40,127 [s0-client-thread1] INFO  statemachine.StateMachine (DataStreamTestUtils.java:link(157)) - link SingleDataStream: writeRequest=RaftClientRequest:client-11EE76E0E63B->s2@group-09709D41B0DB, cid=258, seq=0, DataStream, Message:<EMPTY>, logEntry=null
2023-06-29 03:33:40,134 [pool-5-thread-16] INFO  datastream.DataStreamTestUtils (DataStreamTestUtils.java:writeAndCloseAndAssertReplies(320)) - Stream262: bytesWritten=3751716
2023-06-29 03:33:40,134 [pool-5-thread-5] INFO  datastream.DataStreamTestUtils (DataStreamTestUtils.java:writeAndCloseAndAssertReplies(320)) - Stream261: bytesWritten=3743016
2023-06-29 03:33:40,138 [pool-5-thread-15] INFO  datastream.DataStreamTestUtils (DataStreamTestUtils.java:writeAndCloseAndAssertReplies(320)) - Stream265: bytesWritten=3744591
2023-06-29 03:33:40,138 [s0-client-thread1] INFO  statemachine.StateMachine (DataStreamTestUtils.java:link(157)) - link SingleDataStream: writeRequest=RaftClientRequest:client-11EE76E0E63B->s2@group-09709D41B0DB, cid=264, seq=0, DataStream, Message:<EMPTY>, logEntry=null
2023-06-29 03:33:40,141 [pool-5-thread-10] INFO  datastream.DataStreamTestUtils (DataStreamTestUtils.java:writeAndCloseAndAssertReplies(320)) - Stream260: bytesWritten=729850
2023-06-29 03:33:40,141 [s1-server-thread1] INFO  statemachine.StateMachine (DataStreamTestUtils.java:link(157)) - link SingleDataStream: writeRequest=RaftClientRequest:client-11EE76E0E63B->s2@group-09709D41B0DB, cid=258, seq=0, DataStream, Message:<EMPTY>, logEntry=null
2023-06-29 03:33:40,142 [s2-server-thread4] INFO  statemachine.StateMachine (DataStreamTestUtils.java:link(157)) - link SingleDataStream: writeRequest=RaftClientRequest:client-11EE76E0E63B->s2@group-09709D41B0DB, cid=258, seq=0, DataStream, Message:<EMPTY>, logEntry=null
2023-06-29 03:33:40,143 [pool-5-thread-9] INFO  datastream.DataStreamTestUtils (DataStreamTestUtils.java:writeAndCloseAndAssertReplies(311)) - start Stream269
2023-06-29 03:33:40,152 [s1-server-thread1] INFO  statemachine.StateMachine (DataStreamTestUtils.java:link(157)) - link SingleDataStream: writeRequest=RaftClientRequest:client-11EE76E0E63B->s2@group-09709D41B0DB, cid=264, seq=0, DataStream, Message:<EMPTY>, logEntry=null
2023-06-29 03:33:40,154 [s2-server-thread4] INFO  statemachine.StateMachine (DataStreamTestUtils.java:link(157)) - link SingleDataStream: writeRequest=RaftClientRequest:client-11EE76E0E63B->s2@group-09709D41B0DB, cid=264, seq=0, DataStream, Message:<EMPTY>, logEntry=null
2023-06-29 03:33:40,157 [pool-5-thread-12] INFO  datastream.DataStreamTestUtils (DataStreamTestUtils.java:writeAndCloseAndAssertReplies(311)) - start Stream270
2023-06-29 03:33:40,302 [s0-client-thread1] INFO  statemachine.StateMachine (DataStreamTestUtils.java:link(157)) - link SingleDataStream: writeRequest=RaftClientRequest:client-402E1F29D889->s0@group-09709D41B0DB, cid=260, seq=0, DataStream, Message:<EMPTY>, logEntry=null
2023-06-29 03:33:40,303 [s1-server-thread1] INFO  statemachine.StateMachine (DataStreamTestUtils.java:link(157)) - link SingleDataStream: writeRequest=RaftClientRequest:client-402E1F29D889->s0@group-09709D41B0DB, cid=260, seq=0, DataStream, Message:<EMPTY>, logEntry=null
2023-06-29 03:33:40,303 [s2-server-thread4] INFO  statemachine.StateMachine (DataStreamTestUtils.java:link(157)) - link SingleDataStream: writeRequest=RaftClientRequest:client-402E1F29D889->s0@group-09709D41B0DB, cid=260, seq=0, DataStream, Message:<EMPTY>, logEntry=null
2023-06-29 03:33:40,304 [pool-5-thread-10] INFO  datastream.DataStreamTestUtils (DataStreamTestUtils.java:writeAndCloseAndAssertReplies(311)) - start Stream271
2023-06-29 03:33:40,321 [pool-5-thread-9] INFO  datastream.DataStreamTestUtils (DataStreamTestUtils.java:writeAndCloseAndAssertReplies(320)) - Stream269: bytesWritten=778346
2023-06-29 03:33:40,327 [s0-client-thread1] INFO  statemachine.StateMachine (DataStreamTestUtils.java:link(157)) - link SingleDataStream: writeRequest=RaftClientRequest:client-402E1F29D889->s0@group-09709D41B0DB, cid=269, seq=0, DataStream, Message:<EMPTY>, logEntry=null
2023-06-29 03:33:40,328 [s2-server-thread4] INFO  statemachine.StateMachine (DataStreamTestUtils.java:link(157)) - link SingleDataStream: writeRequest=RaftClientRequest:client-402E1F29D889->s0@group-09709D41B0DB, cid=269, seq=0, DataStream, Message:<EMPTY>, logEntry=null
2023-06-29 03:33:40,328 [s1-server-thread1] INFO  statemachine.StateMachine (DataStreamTestUtils.java:link(157)) - link SingleDataStream: writeRequest=RaftClientRequest:client-402E1F29D889->s0@group-09709D41B0DB, cid=269, seq=0, DataStream, Message:<EMPTY>, logEntry=null
2023-06-29 03:33:40,330 [pool-5-thread-9] INFO  datastream.DataStreamTestUtils (DataStreamTestUtils.java:writeAndCloseAndAssertReplies(311)) - start Stream272
2023-06-29 03:33:40,340 [pool-5-thread-10] INFO  datastream.DataStreamTestUtils (DataStreamTestUtils.java:writeAndCloseAndAssertReplies(320)) - Stream271: bytesWritten=792968
2023-06-29 03:33:40,345 [s0-client-thread1] INFO  statemachine.StateMachine (DataStreamTestUtils.java:link(157)) - link SingleDataStream: writeRequest=RaftClientRequest:client-402E1F29D889->s0@group-09709D41B0DB, cid=271, seq=0, DataStream, Message:<EMPTY>, logEntry=null
2023-06-29 03:33:40,348 [pool-5-thread-12] INFO  datastream.DataStreamTestUtils (DataStreamTestUtils.java:writeAndCloseAndAssertReplies(320)) - Stream270: bytesWritten=804473
2023-06-29 03:33:40,349 [s1-server-thread1] INFO  statemachine.StateMachine (DataStreamTestUtils.java:link(157)) - link SingleDataStream: writeRequest=RaftClientRequest:client-402E1F29D889->s0@group-09709D41B0DB, cid=271, seq=0, DataStream, Message:<EMPTY>, logEntry=null
2023-06-29 03:33:40,351 [s2-server-thread4] INFO  statemachine.StateMachine (DataStreamTestUtils.java:link(157)) - link SingleDataStream: writeRequest=RaftClientRequest:client-402E1F29D889->s0@group-09709D41B0DB, cid=271, seq=0, DataStream, Message:<EMPTY>, logEntry=null
2023-06-29 03:33:40,353 [pool-5-thread-9] INFO  datastream.DataStreamTestUtils (DataStreamTestUtils.java:writeAndCloseAndAssertReplies(320)) - Stream272: bytesWritten=636795
2023-06-29 03:33:40,354 [pool-5-thread-10] INFO  datastream.DataStreamTestUtils (DataStreamTestUtils.java:writeAndCloseAndAssertReplies(311)) - start Stream273
2023-06-29 03:33:40,356 [s0-client-thread1] INFO  statemachine.StateMachine (DataStreamTestUtils.java:link(157)) - link SingleDataStream: writeRequest=RaftClientRequest:client-402E1F29D889->s0@group-09709D41B0DB, cid=272, seq=0, DataStream, Message:<EMPTY>, logEntry=null
2023-06-29 03:33:40,359 [s0-client-thread1] INFO  statemachine.StateMachine (DataStreamTestUtils.java:link(157)) - link SingleDataStream: writeRequest=RaftClientRequest:client-402E1F29D889->s0@group-09709D41B0DB, cid=270, seq=0, DataStream, Message:<EMPTY>, logEntry=null
2023-06-29 03:33:40,371 [s1-server-thread1] INFO  statemachine.StateMachine (DataStreamTestUtils.java:link(157)) - link SingleDataStream: writeRequest=RaftClientRequest:client-402E1F29D889->s0@group-09709D41B0DB, cid=272, seq=0, DataStream, Message:<EMPTY>, logEntry=null
2023-06-29 03:33:40,371 [s1-server-thread1] INFO  statemachine.StateMachine (DataStreamTestUtils.java:link(157)) - link SingleDataStream: writeRequest=RaftClientRequest:client-402E1F29D889->s0@group-09709D41B0DB, cid=270, seq=0, DataStream, Message:<EMPTY>, logEntry=null
2023-06-29 03:33:40,372 [s2-server-thread4] INFO  statemachine.StateMachine (DataStreamTestUtils.java:link(157)) - link SingleDataStream: writeRequest=RaftClientRequest:client-402E1F29D889->s0@group-09709D41B0DB, cid=272, seq=0, DataStream, Message:<EMPTY>, logEntry=null
2023-06-29 03:33:40,372 [s2-server-thread4] INFO  statemachine.StateMachine (DataStreamTestUtils.java:link(157)) - link SingleDataStream: writeRequest=RaftClientRequest:client-402E1F29D889->s0@group-09709D41B0DB, cid=270, seq=0, DataStream, Message:<EMPTY>, logEntry=null
2023-06-29 03:33:40,374 [pool-5-thread-12] INFO  datastream.DataStreamTestUtils (DataStreamTestUtils.java:writeAndCloseAndAssertReplies(311)) - start Stream274
2023-06-29 03:33:40,377 [pool-5-thread-9] INFO  datastream.DataStreamTestUtils (DataStreamTestUtils.java:writeAndCloseAndAssertReplies(311)) - start Stream275
2023-06-29 03:33:40,383 [pool-5-thread-10] INFO  datastream.DataStreamTestUtils (DataStreamTestUtils.java:writeAndCloseAndAssertReplies(320)) - Stream273: bytesWritten=710867
2023-06-29 03:33:40,394 [s0-client-thread1] INFO  statemachine.StateMachine (DataStreamTestUtils.java:link(157)) - link SingleDataStream: writeRequest=RaftClientRequest:client-402E1F29D889->s0@group-09709D41B0DB, cid=273, seq=0, DataStream, Message:<EMPTY>, logEntry=null
2023-06-29 03:33:40,396 [s1-server-thread1] INFO  statemachine.StateMachine (DataStreamTestUtils.java:link(157)) - link SingleDataStream: writeRequest=RaftClientRequest:client-402E1F29D889->s0@group-09709D41B0DB, cid=273, seq=0, DataStream, Message:<EMPTY>, logEntry=null
2023-06-29 03:33:40,396 [s2-server-thread4] INFO  statemachine.StateMachine (DataStreamTestUtils.java:link(157)) - link SingleDataStream: writeRequest=RaftClientRequest:client-402E1F29D889->s0@group-09709D41B0DB, cid=273, seq=0, DataStream, Message:<EMPTY>, logEntry=null
2023-06-29 03:33:40,401 [pool-5-thread-10] INFO  datastream.DataStreamTestUtils (DataStreamTestUtils.java:writeAndCloseAndAssertReplies(311)) - start Stream276
2023-06-29 03:33:40,417 [pool-5-thread-9] INFO  datastream.DataStreamTestUtils (DataStreamTestUtils.java:writeAndCloseAndAssertReplies(320)) - Stream275: bytesWritten=805868
2023-06-29 03:33:40,419 [s0-client-thread1] INFO  statemachine.StateMachine (DataStreamTestUtils.java:link(157)) - link SingleDataStream: writeRequest=RaftClientRequest:client-402E1F29D889->s0@group-09709D41B0DB, cid=275, seq=0, DataStream, Message:<EMPTY>, logEntry=null
2023-06-29 03:33:40,420 [s2-server-thread4] INFO  statemachine.StateMachine (DataStreamTestUtils.java:link(157)) - link SingleDataStream: writeRequest=RaftClientRequest:client-402E1F29D889->s0@group-09709D41B0DB, cid=275, seq=0, DataStream, Message:<EMPTY>, logEntry=null
2023-06-29 03:33:40,421 [s1-server-thread1] INFO  statemachine.StateMachine (DataStreamTestUtils.java:link(157)) - link SingleDataStream: writeRequest=RaftClientRequest:client-402E1F29D889->s0@group-09709D41B0DB, cid=275, seq=0, DataStream, Message:<EMPTY>, logEntry=null
2023-06-29 03:33:40,425 [pool-5-thread-9] INFO  datastream.DataStreamTestUtils (DataStreamTestUtils.java:writeAndCloseAndAssertReplies(311)) - start Stream277
2023-06-29 03:33:40,429 [pool-5-thread-10] INFO  datastream.DataStreamTestUtils (DataStreamTestUtils.java:writeAndCloseAndAssertReplies(320)) - Stream276: bytesWritten=820687
2023-06-29 03:33:40,430 [pool-5-thread-12] INFO  datastream.DataStreamTestUtils (DataStreamTestUtils.java:writeAndCloseAndAssertReplies(320)) - Stream274: bytesWritten=680518
2023-06-29 03:33:40,441 [s0-client-thread1] INFO  statemachine.StateMachine (DataStreamTestUtils.java:link(157)) - link SingleDataStream: writeRequest=RaftClientRequest:client-402E1F29D889->s0@group-09709D41B0DB, cid=276, seq=0, DataStream, Message:<EMPTY>, logEntry=null
2023-06-29 03:33:40,443 [s1-server-thread1] INFO  statemachine.StateMachine (DataStreamTestUtils.java:link(157)) - link SingleDataStream: writeRequest=RaftClientRequest:client-402E1F29D889->s0@group-09709D41B0DB, cid=276, seq=0, DataStream, Message:<EMPTY>, logEntry=null
2023-06-29 03:33:40,444 [s2-server-thread1] INFO  statemachine.StateMachine (DataStreamTestUtils.java:link(157)) - link SingleDataStream: writeRequest=RaftClientRequest:client-402E1F29D889->s0@group-09709D41B0DB, cid=276, seq=0, DataStream, Message:<EMPTY>, logEntry=null
2023-06-29 03:33:40,446 [s0-client-thread1] INFO  statemachine.StateMachine (DataStreamTestUtils.java:link(157)) - link SingleDataStream: writeRequest=RaftClientRequest:client-402E1F29D889->s0@group-09709D41B0DB, cid=274, seq=0, DataStream, Message:<EMPTY>, logEntry=null
2023-06-29 03:33:40,449 [pool-5-thread-9] INFO  datastream.DataStreamTestUtils (DataStreamTestUtils.java:writeAndCloseAndAssertReplies(320)) - Stream277: bytesWritten=762156
2023-06-29 03:33:40,482 [s2-server-thread1] INFO  statemachine.StateMachine (DataStreamTestUtils.java:link(157)) - link SingleDataStream: writeRequest=RaftClientRequest:client-402E1F29D889->s0@group-09709D41B0DB, cid=274, seq=0, DataStream, Message:<EMPTY>, logEntry=null
2023-06-29 03:33:40,482 [s0-client-thread1] INFO  statemachine.StateMachine (DataStreamTestUtils.java:link(157)) - link SingleDataStream: writeRequest=RaftClientRequest:client-402E1F29D889->s0@group-09709D41B0DB, cid=277, seq=0, DataStream, Message:<EMPTY>, logEntry=null
2023-06-29 03:33:40,483 [s2-server-thread1] INFO  statemachine.StateMachine (DataStreamTestUtils.java:link(157)) - link SingleDataStream: writeRequest=RaftClientRequest:client-402E1F29D889->s0@group-09709D41B0DB, cid=277, seq=0, DataStream, Message:<EMPTY>, logEntry=null
2023-06-29 03:33:40,492 [s1-server-thread1] INFO  statemachine.StateMachine (DataStreamTestUtils.java:link(157)) - link SingleDataStream: writeRequest=RaftClientRequest:client-402E1F29D889->s0@group-09709D41B0DB, cid=274, seq=0, DataStream, Message:<EMPTY>, logEntry=null
2023-06-29 03:33:40,492 [s1-server-thread1] INFO  statemachine.StateMachine (DataStreamTestUtils.java:link(157)) - link SingleDataStream: writeRequest=RaftClientRequest:client-402E1F29D889->s0@group-09709D41B0DB, cid=277, seq=0, DataStream, Message:<EMPTY>, logEntry=null
2023-06-29 03:33:42,011 [s0-client-thread1] INFO  statemachine.StateMachine (DataStreamTestUtils.java:link(157)) - link SingleDataStream: writeRequest=RaftClientRequest:client-11EE76E0E63B->s2@group-09709D41B0DB, cid=263, seq=0, DataStream, Message:<EMPTY>, logEntry=null
2023-06-29 03:33:42,013 [s2-server-thread4] INFO  statemachine.StateMachine (DataStreamTestUtils.java:link(157)) - link SingleDataStream: writeRequest=RaftClientRequest:client-11EE76E0E63B->s2@group-09709D41B0DB, cid=263, seq=0, DataStream, Message:<EMPTY>, logEntry=null
2023-06-29 03:33:42,015 [s0-client-thread1] INFO  statemachine.StateMachine (DataStreamTestUtils.java:link(157)) - link SingleDataStream: writeRequest=RaftClientRequest:client-11EE76E0E63B->s2@group-09709D41B0DB, cid=262, seq=0, DataStream, Message:<EMPTY>, logEntry=null
2023-06-29 03:33:42,015 [s1-server-thread3] INFO  statemachine.StateMachine (DataStreamTestUtils.java:link(157)) - link SingleDataStream: writeRequest=RaftClientRequest:client-11EE76E0E63B->s2@group-09709D41B0DB, cid=263, seq=0, DataStream, Message:<EMPTY>, logEntry=null
2023-06-29 03:33:42,017 [s0-client-thread1] INFO  statemachine.StateMachine (DataStreamTestUtils.java:link(157)) - link SingleDataStream: writeRequest=RaftClientRequest:client-11EE76E0E63B->s2@group-09709D41B0DB, cid=261, seq=0, DataStream, Message:<EMPTY>, logEntry=null
2023-06-29 03:33:42,018 [s0-client-thread1] INFO  statemachine.StateMachine (DataStreamTestUtils.java:link(157)) - link SingleDataStream: writeRequest=RaftClientRequest:client-11EE76E0E63B->s2@group-09709D41B0DB, cid=265, seq=0, DataStream, Message:<EMPTY>, logEntry=null
2023-06-29 03:33:42,023 [s2-server-thread4] INFO  statemachine.StateMachine (DataStreamTestUtils.java:link(157)) - link SingleDataStream: writeRequest=RaftClientRequest:client-11EE76E0E63B->s2@group-09709D41B0DB, cid=262, seq=0, DataStream, Message:<EMPTY>, logEntry=null
2023-06-29 03:33:42,023 [s1-server-thread3] INFO  statemachine.StateMachine (DataStreamTestUtils.java:link(157)) - link SingleDataStream: writeRequest=RaftClientRequest:client-11EE76E0E63B->s2@group-09709D41B0DB, cid=262, seq=0, DataStream, Message:<EMPTY>, logEntry=null
2023-06-29 03:33:42,033 [s1-server-thread3] INFO  statemachine.StateMachine (DataStreamTestUtils.java:link(157)) - link SingleDataStream: writeRequest=RaftClientRequest:client-11EE76E0E63B->s2@group-09709D41B0DB, cid=261, seq=0, DataStream, Message:<EMPTY>, logEntry=null
2023-06-29 03:33:42,034 [s1-server-thread3] INFO  statemachine.StateMachine (DataStreamTestUtils.java:link(157)) - link SingleDataStream: writeRequest=RaftClientRequest:client-11EE76E0E63B->s2@group-09709D41B0DB, cid=265, seq=0, DataStream, Message:<EMPTY>, logEntry=null
2023-06-29 03:33:42,034 [s2-server-thread4] INFO  statemachine.StateMachine (DataStreamTestUtils.java:link(157)) - link SingleDataStream: writeRequest=RaftClientRequest:client-11EE76E0E63B->s2@group-09709D41B0DB, cid=261, seq=0, DataStream, Message:<EMPTY>, logEntry=null
2023-06-29 03:33:42,034 [s2-server-thread4] INFO  statemachine.StateMachine (DataStreamTestUtils.java:link(157)) - link SingleDataStream: writeRequest=RaftClientRequest:client-11EE76E0E63B->s2@group-09709D41B0DB, cid=265, seq=0, DataStream, Message:<EMPTY>, logEntry=null
2023-06-29 03:33:42,510 [pool-5-thread-14] INFO  datastream.DataStreamTestUtils (DataStreamTestUtils.java:writeAndCloseAndAssertReplies(320)) - Stream236: bytesWritten=3745567
2023-06-29 03:33:42,511 [s0-client-thread1] INFO  statemachine.StateMachine (DataStreamTestUtils.java:link(157)) - link SingleDataStream: writeRequest=RaftClientRequest:client-3B18698B85E4->s1@group-09709D41B0DB, cid=236, seq=0, DataStream, Message:<EMPTY>, logEntry=null
2023-06-29 03:33:42,514 [s2-server-thread4] INFO  statemachine.StateMachine (DataStreamTestUtils.java:link(157)) - link SingleDataStream: writeRequest=RaftClientRequest:client-3B18698B85E4->s1@group-09709D41B0DB, cid=236, seq=0, DataStream, Message:<EMPTY>, logEntry=null
2023-06-29 03:33:42,515 [s1-server-thread3] INFO  statemachine.StateMachine (DataStreamTestUtils.java:link(157)) - link SingleDataStream: writeRequest=RaftClientRequest:client-3B18698B85E4->s1@group-09709D41B0DB, cid=236, seq=0, DataStream, Message:<EMPTY>, logEntry=null
2023-06-29 03:33:43,794 [pool-5-thread-7] INFO  datastream.DataStreamTestUtils (DataStreamTestUtils.java:writeAndCloseAndAssertReplies(320)) - Stream268: bytesWritten=3744246
2023-06-29 03:33:43,798 [s0-client-thread1] INFO  statemachine.StateMachine (DataStreamTestUtils.java:link(157)) - link SingleDataStream: writeRequest=RaftClientRequest:client-11EE76E0E63B->s2@group-09709D41B0DB, cid=268, seq=0, DataStream, Message:<EMPTY>, logEntry=null
2023-06-29 03:33:43,799 [s2-server-thread1] INFO  statemachine.StateMachine (DataStreamTestUtils.java:link(157)) - link SingleDataStream: writeRequest=RaftClientRequest:client-11EE76E0E63B->s2@group-09709D41B0DB, cid=268, seq=0, DataStream, Message:<EMPTY>, logEntry=null
2023-06-29 03:33:43,799 [s1-server-thread1] INFO  statemachine.StateMachine (DataStreamTestUtils.java:link(157)) - link SingleDataStream: writeRequest=RaftClientRequest:client-11EE76E0E63B->s2@group-09709D41B0DB, cid=268, seq=0, DataStream, Message:<EMPTY>, logEntry=null
2023-06-29 03:33:43,853 [pool-5-thread-11] INFO  datastream.DataStreamTestUtils (DataStreamTestUtils.java:writeAndCloseAndAssertReplies(320)) - Stream266: bytesWritten=3738758
2023-06-29 03:33:43,855 [s0-client-thread1] INFO  statemachine.StateMachine (DataStreamTestUtils.java:link(157)) - link SingleDataStream: writeRequest=RaftClientRequest:client-11EE76E0E63B->s2@group-09709D41B0DB, cid=266, seq=0, DataStream, Message:<EMPTY>, logEntry=null
2023-06-29 03:33:43,857 [s2-server-thread1] INFO  statemachine.StateMachine (DataStreamTestUtils.java:link(157)) - link SingleDataStream: writeRequest=RaftClientRequest:client-11EE76E0E63B->s2@group-09709D41B0DB, cid=266, seq=0, DataStream, Message:<EMPTY>, logEntry=null
2023-06-29 03:33:43,857 [s1-server-thread1] INFO  statemachine.StateMachine (DataStreamTestUtils.java:link(157)) - link SingleDataStream: writeRequest=RaftClientRequest:client-11EE76E0E63B->s2@group-09709D41B0DB, cid=266, seq=0, DataStream, Message:<EMPTY>, logEntry=null
2023-06-29 03:33:43,966 [pool-5-thread-13] INFO  datastream.DataStreamTestUtils (DataStreamTestUtils.java:writeAndCloseAndAssertReplies(320)) - Stream267: bytesWritten=3738450
2023-06-29 03:33:43,967 [s0-client-thread1] INFO  statemachine.StateMachine (DataStreamTestUtils.java:link(157)) - link SingleDataStream: writeRequest=RaftClientRequest:client-11EE76E0E63B->s2@group-09709D41B0DB, cid=267, seq=0, DataStream, Message:<EMPTY>, logEntry=null
2023-06-29 03:33:43,970 [s1-server-thread1] INFO  statemachine.StateMachine (DataStreamTestUtils.java:link(157)) - link SingleDataStream: writeRequest=RaftClientRequest:client-11EE76E0E63B->s2@group-09709D41B0DB, cid=267, seq=0, DataStream, Message:<EMPTY>, logEntry=null
2023-06-29 03:33:43,971 [s2-server-thread1] INFO  statemachine.StateMachine (DataStreamTestUtils.java:link(157)) - link SingleDataStream: writeRequest=RaftClientRequest:client-11EE76E0E63B->s2@group-09709D41B0DB, cid=267, seq=0, DataStream, Message:<EMPTY>, logEntry=null
2023-06-29 03:33:44,030 [Time-limited test] INFO  impl.MiniRaftCluster (MiniRaftCluster.java:shutdown(831)) - ************************************************************** 
2023-06-29 03:33:44,031 [Time-limited test] INFO  impl.MiniRaftCluster (MiniRaftCluster.java:shutdown(832)) - *** 
2023-06-29 03:33:44,031 [Time-limited test] INFO  impl.MiniRaftCluster (MiniRaftCluster.java:shutdown(833)) - ***     Stopping MiniRaftClusterWithRpcTypeGrpcAndDataStreamTypeNetty
2023-06-29 03:33:44,031 [Time-limited test] INFO  impl.MiniRaftCluster (MiniRaftCluster.java:shutdown(834)) - *** 
2023-06-29 03:33:44,031 [Time-limited test] INFO  impl.MiniRaftCluster (MiniRaftCluster.java:shutdown(835)) - ************************************************************** 
2023-06-29 03:33:44,031 [Time-limited test] INFO  impl.MiniRaftCluster (MiniRaftCluster.java:shutdown(836)) - printing ALL groups
  s0:  RUNNING    LEADER s0@group-09709D41B0DB:t1, leader=s0, voted=s0, raftlog=Memoized:s0@group-09709D41B0DB-SegmentedRaftLog:OPENED:c162, conf=0: peers:[s0|rpc:localhost:34083|admin:localhost:38787|client:localhost:33075|dataStream:localhost:39011|priority:0|startupRole:FOLLOWER, s1|rpc:localhost:33139|admin:localhost:43529|client:localhost:45027|dataStream:localhost:36939|priority:0|startupRole:FOLLOWER, s2|rpc:localhost:38471|admin:localhost:33067|client:localhost:37939|dataStream:localhost:44447|priority:0|startupRole:FOLLOWER]|listeners:[], old=null RUNNING
  s1:  RUNNING  FOLLOWER s1@group-09709D41B0DB:t1, leader=s0, voted=s0, raftlog=Memoized:s1@group-09709D41B0DB-SegmentedRaftLog:OPENED:c161, conf=0: peers:[s0|rpc:localhost:34083|admin:localhost:38787|client:localhost:33075|dataStream:localhost:39011|priority:0|startupRole:FOLLOWER, s1|rpc:localhost:33139|admin:localhost:43529|client:localhost:45027|dataStream:localhost:36939|priority:0|startupRole:FOLLOWER, s2|rpc:localhost:38471|admin:localhost:33067|client:localhost:37939|dataStream:localhost:44447|priority:0|startupRole:FOLLOWER]|listeners:[], old=null RUNNING
  s2:  RUNNING  FOLLOWER s2@group-09709D41B0DB:t1, leader=s0, voted=s0, raftlog=Memoized:s2@group-09709D41B0DB-SegmentedRaftLog:OPENED:c161, conf=0: peers:[s0|rpc:localhost:34083|admin:localhost:38787|client:localhost:33075|dataStream:localhost:39011|priority:0|startupRole:FOLLOWER, s1|rpc:localhost:33139|admin:localhost:43529|client:localhost:45027|dataStream:localhost:36939|priority:0|startupRole:FOLLOWER, s2|rpc:localhost:38471|admin:localhost:33067|client:localhost:37939|dataStream:localhost:44447|priority:0|startupRole:FOLLOWER]|listeners:[], old=null RUNNING
2023-06-29 03:33:44,036 [MiniRaftCluster-2] INFO  server.RaftServer (RaftServerProxy.java:lambda$close$7(417)) - s0: close
2023-06-29 03:33:44,037 [s0-impl-thread1] INFO  server.RaftServer$Division (RaftServerImpl.java:lambda$close$3(508)) - s0@group-09709D41B0DB: shutdown
2023-06-29 03:33:44,037 [s0-impl-thread1] INFO  util.JmxRegister (JmxRegister.java:unregister(73)) - Successfully un-registered JMX Bean with object name Ratis:service=RaftServer,group=group-09709D41B0DB,id=s0
2023-06-29 03:33:44,037 [s0-impl-thread1] INFO  impl.RoleInfo (RoleInfo.java:shutdownLeaderState(93)) - s0: shutdown s0@group-09709D41B0DB-LeaderStateImpl
2023-06-29 03:33:44,037 [s0@group-09709D41B0DB->s1-GrpcLogAppender-LogAppenderDaemon] WARN  server.GrpcLogAppender (GrpcLogAppender.java:mayWait(206)) - s0@group-09709D41B0DB->s1-GrpcLogAppender: Wait interrupted by java.lang.InterruptedException
2023-06-29 03:33:44,038 [MiniRaftCluster-2] INFO  server.GrpcService (GrpcService.java:closeImpl(311)) - s0: shutdown server org.apache.ratis.grpc.server.GrpcClientProtocolService now
2023-06-29 03:33:44,039 [grpc-default-executor-1] INFO  server.GrpcServerProtocolService (GrpcServerProtocolService.java:onCompleted(155)) - s1: Completed APPEND_ENTRIES, lastRequest: s0->s1#280-t1,previous=(t:1, i:161),leaderCommit=161,initializing? true,entries: size=1, first=(t:1, i:162), METADATAENTRY(c:161)
2023-06-29 03:33:44,039 [grpc-default-executor-1] INFO  server.GrpcServerProtocolService (GrpcServerProtocolService.java:lambda$onCompleted$5(157)) - s1: Completed APPEND_ENTRIES, lastReply: null
2023-06-29 03:33:44,040 [grpc-default-executor-1] INFO  server.GrpcServerProtocolService (GrpcServerProtocolService.java:onCompleted(155)) - s1: Completed APPEND_ENTRIES, lastRequest: null
2023-06-29 03:33:44,050 [MiniRaftCluster-3] INFO  server.RaftServer (RaftServerProxy.java:lambda$close$7(417)) - s1: close
2023-06-29 03:33:44,050 [s1-impl-thread1] INFO  server.RaftServer$Division (RaftServerImpl.java:lambda$close$3(508)) - s1@group-09709D41B0DB: shutdown
2023-06-29 03:33:44,050 [s1-impl-thread1] INFO  util.JmxRegister (JmxRegister.java:unregister(73)) - Successfully un-registered JMX Bean with object name Ratis:service=RaftServer,group=group-09709D41B0DB,id=s1
2023-06-29 03:33:44,050 [s1-impl-thread1] INFO  impl.RoleInfo (RoleInfo.java:shutdownFollowerState(110)) - s1: shutdown s1@group-09709D41B0DB-FollowerState
2023-06-29 03:33:44,050 [MiniRaftCluster-3] INFO  server.GrpcService (GrpcService.java:closeImpl(311)) - s1: shutdown server org.apache.ratis.grpc.server.GrpcClientProtocolService now
2023-06-29 03:33:44,050 [s1@group-09709D41B0DB-FollowerState] INFO  impl.FollowerState (FollowerState.java:run(152)) - s1@group-09709D41B0DB-FollowerState was interrupted
2023-06-29 03:33:44,037 [s0-impl-thread1] INFO  impl.PendingRequests (PendingRequests.java:sendNotLeaderResponses(289)) - s0@group-09709D41B0DB-PendingRequests: sendNotLeaderResponses
2023-06-29 03:33:44,037 [s0@group-09709D41B0DB->s2-GrpcLogAppender-LogAppenderDaemon] WARN  server.GrpcLogAppender (GrpcLogAppender.java:mayWait(206)) - s0@group-09709D41B0DB->s2-GrpcLogAppender: Wait interrupted by java.lang.InterruptedException
2023-06-29 03:33:44,040 [grpc-default-executor-4] INFO  server.GrpcLogAppender (GrpcLogAppender.java:onCompleted(441)) - s0@group-09709D41B0DB->s1-AppendLogResponseHandler: follower responses appendEntries COMPLETED
2023-06-29 03:33:44,050 [s1-impl-thread1] INFO  impl.StateMachineUpdater (StateMachineUpdater.java:stopAndJoin(154)) - s1@group-09709D41B0DB-StateMachineUpdater: set stopIndex = 161
2023-06-29 03:33:44,064 [grpc-default-executor-4] INFO  leader.FollowerInfo (FollowerInfoImpl.java:lambda$new$0(52)) - s0@group-09709D41B0DB->s1: decreaseNextIndex nextIndex: updateUnconditionally 163 -> 162
2023-06-29 03:33:44,064 [s1-impl-thread1] INFO  server.RaftServer$Division (ServerState.java:close(415)) - s1@group-09709D41B0DB: applyIndex: 161
2023-06-29 03:33:44,070 [MiniRaftCluster-4] INFO  server.RaftServer (RaftServerProxy.java:lambda$close$7(417)) - s2: close
2023-06-29 03:33:44,070 [MiniRaftCluster-4] INFO  server.GrpcService (GrpcService.java:closeImpl(311)) - s2: shutdown server org.apache.ratis.grpc.server.GrpcClientProtocolService now
2023-06-29 03:33:44,070 [s2-impl-thread1] INFO  server.RaftServer$Division (RaftServerImpl.java:lambda$close$3(508)) - s2@group-09709D41B0DB: shutdown
2023-06-29 03:33:44,070 [s2-impl-thread1] INFO  util.JmxRegister (JmxRegister.java:unregister(73)) - Successfully un-registered JMX Bean with object name Ratis:service=RaftServer,group=group-09709D41B0DB,id=s2
2023-06-29 03:33:44,070 [s2-impl-thread1] INFO  impl.RoleInfo (RoleInfo.java:shutdownFollowerState(110)) - s2: shutdown s2@group-09709D41B0DB-FollowerState
2023-06-29 03:33:44,070 [s2-impl-thread1] INFO  impl.StateMachineUpdater (StateMachineUpdater.java:stopAndJoin(154)) - s2@group-09709D41B0DB-StateMachineUpdater: set stopIndex = 161
2023-06-29 03:33:44,070 [s2@group-09709D41B0DB-FollowerState] INFO  impl.FollowerState (FollowerState.java:run(152)) - s2@group-09709D41B0DB-FollowerState was interrupted
2023-06-29 03:33:44,071 [s2-impl-thread1] INFO  server.RaftServer$Division (ServerState.java:close(415)) - s2@group-09709D41B0DB: applyIndex: 161
2023-06-29 03:33:44,074 [MiniRaftCluster-4] INFO  server.GrpcService (GrpcService.java:closeImpl(320)) - s2: shutdown server org.apache.ratis.grpc.server.GrpcClientProtocolService successfully
2023-06-29 03:33:44,074 [MiniRaftCluster-4] INFO  server.GrpcService (GrpcService.java:closeImpl(311)) - s2: shutdown server GrpcServerProtocolService now
2023-06-29 03:33:44,078 [s0-impl-thread1] INFO  impl.StateMachineUpdater (StateMachineUpdater.java:stopAndJoin(154)) - s0@group-09709D41B0DB-StateMachineUpdater: set stopIndex = 162
2023-06-29 03:33:44,062 [grpc-default-executor-2] INFO  server.GrpcServerProtocolService (GrpcServerProtocolService.java:onCompleted(155)) - s2: Completed APPEND_ENTRIES, lastRequest: s0->s2#278-t1,previous=(t:1, i:161),leaderCommit=161,initializing? true,entries: size=1, first=(t:1, i:162), METADATAENTRY(c:161)
2023-06-29 03:33:44,079 [grpc-default-executor-2] INFO  server.GrpcServerProtocolService (GrpcServerProtocolService.java:lambda$onCompleted$5(157)) - s2: Completed APPEND_ENTRIES, lastReply: null
2023-06-29 03:33:44,062 [grpc-default-executor-5] INFO  server.GrpcServerProtocolService (GrpcServerProtocolService.java:onCompleted(155)) - s2: Completed APPEND_ENTRIES, lastRequest: null
2023-06-29 03:33:44,080 [Thread-433] INFO  server.GrpcServerProtocolClient (GrpcServerProtocolClient.java:close(103)) - s1 Close channels
2023-06-29 03:33:44,080 [Thread-434] INFO  server.GrpcServerProtocolClient (GrpcServerProtocolClient.java:close(103)) - s2 Close channels
2023-06-29 03:33:44,080 [grpc-default-executor-4] INFO  server.GrpcLogAppender (GrpcLogAppender.java:onCompleted(441)) - s0@group-09709D41B0DB->s2-AppendLogResponseHandler: follower responses appendEntries COMPLETED
2023-06-29 03:33:44,079 [s0-impl-thread1] INFO  server.RaftServer$Division (ServerState.java:close(415)) - s0@group-09709D41B0DB: applyIndex: 162
2023-06-29 03:33:44,080 [grpc-default-executor-4] WARN  server.GrpcLogAppender (GrpcLogAppender.java:resetClient(143)) - s0@group-09709D41B0DB->s2-GrpcLogAppender: Failed to getClient for s2
org.apache.ratis.protocol.exceptions.AlreadyClosedException: s0 is already CLOSED
	at org.apache.ratis.util.PeerProxyMap$PeerAndProxy.getProxy(PeerProxyMap.java:61)
	at org.apache.ratis.util.PeerProxyMap.getProxy(PeerProxyMap.java:110)
	at org.apache.ratis.grpc.server.GrpcLogAppender.getClient(GrpcLogAppender.java:118)
	at org.apache.ratis.grpc.server.GrpcLogAppender.resetClient(GrpcLogAppender.java:123)
	at org.apache.ratis.grpc.server.GrpcLogAppender.access$600(GrpcLogAppender.java:58)
	at org.apache.ratis.grpc.server.GrpcLogAppender$AppendLogResponseHandler.onCompleted(GrpcLogAppender.java:443)
	at org.apache.ratis.thirdparty.io.grpc.stub.ClientCalls$StreamObserverToCallListenerAdapter.onClose(ClientCalls.java:485)
	at org.apache.ratis.thirdparty.io.grpc.internal.ClientCallImpl.closeObserver(ClientCallImpl.java:563)
	at org.apache.ratis.thirdparty.io.grpc.internal.ClientCallImpl.access$300(ClientCallImpl.java:70)
	at org.apache.ratis.thirdparty.io.grpc.internal.ClientCallImpl$ClientStreamListenerImpl$1StreamClosed.runInternal(ClientCallImpl.java:744)
	at org.apache.ratis.thirdparty.io.grpc.internal.ClientCallImpl$ClientStreamListenerImpl$1StreamClosed.runInContext(ClientCallImpl.java:723)
	at org.apache.ratis.thirdparty.io.grpc.internal.ContextRunnable.run(ContextRunnable.java:37)
	at org.apache.ratis.thirdparty.io.grpc.internal.SerializingExecutor.run(SerializingExecutor.java:133)
	at java.base/java.util.concurrent.ThreadPoolExecutor.runWorker(ThreadPoolExecutor.java:1128)
	at java.base/java.util.concurrent.ThreadPoolExecutor$Worker.run(ThreadPoolExecutor.java:628)
	at java.base/java.lang.Thread.run(Thread.java:829)
2023-06-29 03:33:44,093 [grpc-default-executor-4] INFO  server.GrpcLogAppender (GrpcLogAppender.java:onError(429)) - s0@group-09709D41B0DB->s2-GrpcLogAppender is already stopped
2023-06-29 03:33:44,106 [MiniRaftCluster-3] INFO  server.GrpcService (GrpcService.java:closeImpl(320)) - s1: shutdown server org.apache.ratis.grpc.server.GrpcClientProtocolService successfully
2023-06-29 03:33:44,106 [MiniRaftCluster-3] INFO  server.GrpcService (GrpcService.java:closeImpl(311)) - s1: shutdown server GrpcServerProtocolService now
2023-06-29 03:33:44,106 [MiniRaftCluster-4] INFO  server.GrpcService (GrpcService.java:closeImpl(320)) - s2: shutdown server GrpcServerProtocolService successfully
2023-06-29 03:33:44,106 [MiniRaftCluster-4] INFO  server.GrpcService (GrpcService.java:closeImpl(311)) - s2: shutdown server org.apache.ratis.grpc.server.GrpcAdminProtocolService now
2023-06-29 03:33:44,127 [MiniRaftCluster-4] INFO  server.GrpcService (GrpcService.java:closeImpl(320)) - s2: shutdown server org.apache.ratis.grpc.server.GrpcAdminProtocolService successfully
2023-06-29 03:33:44,127 [s2-NettyServerStreamRpc-bossGroup--thread1] INFO  logging.LoggingHandler (AbstractInternalLogger.java:log(148)) - [id: 0x6d15d718, L:/0.0.0.0:44447] CLOSE
2023-06-29 03:33:44,127 [s2-NettyServerStreamRpc-bossGroup--thread1] INFO  logging.LoggingHandler (AbstractInternalLogger.java:log(148)) - [id: 0x6d15d718, L:0.0.0.0/0.0.0.0:44447] INACTIVE
2023-06-29 03:33:44,127 [s2-NettyServerStreamRpc-bossGroup--thread1] INFO  logging.LoggingHandler (AbstractInternalLogger.java:log(148)) - [id: 0x6d15d718, L:0.0.0.0/0.0.0.0:44447] UNREGISTERED
2023-06-29 03:33:44,138 [NettyClientStreamRpc-workerGroup--thread1] WARN  client.NettyClientStreamRpc (NettyClientStreamRpc.java:scheduleReconnect(206)) - Connection-localhost/127.0.0.1:44447: channel is inactive; schedule reconnecting to localhost/127.0.0.1:44447 in 100ms
2023-06-29 03:33:44,142 [grpc-default-executor-4] INFO  server.GrpcLogAppender (GrpcLogAppender.java:onError(429)) - s0@group-09709D41B0DB->s1-GrpcLogAppender is already stopped
2023-06-29 03:33:44,142 [MiniRaftCluster-2] INFO  server.GrpcService (GrpcService.java:closeImpl(320)) - s0: shutdown server org.apache.ratis.grpc.server.GrpcClientProtocolService successfully
2023-06-29 03:33:44,142 [MiniRaftCluster-2] INFO  server.GrpcService (GrpcService.java:closeImpl(311)) - s0: shutdown server GrpcServerProtocolService now
2023-06-29 03:33:44,159 [MiniRaftCluster-2] INFO  server.GrpcService (GrpcService.java:closeImpl(320)) - s0: shutdown server GrpcServerProtocolService successfully
2023-06-29 03:33:44,159 [MiniRaftCluster-2] INFO  server.GrpcService (GrpcService.java:closeImpl(311)) - s0: shutdown server org.apache.ratis.grpc.server.GrpcAdminProtocolService now
2023-06-29 03:33:44,139 [NettyClientStreamRpc-workerGroup--thread1] WARN  client.NettyClientStreamRpc (NettyClientStreamRpc.java:scheduleReconnect(206)) - Connection-localhost/127.0.0.1:44447: channel is inactive; schedule reconnecting to localhost/127.0.0.1:44447 in 100ms
2023-06-29 03:33:44,139 [NettyClientStreamRpc-workerGroup--thread1] WARN  client.NettyClientStreamRpc (NettyClientStreamRpc.java:scheduleReconnect(206)) - Connection-localhost/127.0.0.1:44447: channel is inactive; schedule reconnecting to localhost/127.0.0.1:44447 in 100ms
2023-06-29 03:33:44,139 [NettyClientStreamRpc-workerGroup--thread1] WARN  client.NettyClientStreamRpc (NettyClientStreamRpc.java:scheduleReconnect(206)) - Connection-localhost/127.0.0.1:44447: channel is inactive; schedule reconnecting to localhost/127.0.0.1:44447 in 100ms
2023-06-29 03:33:44,139 [NettyClientStreamRpc-workerGroup--thread1] WARN  client.NettyClientStreamRpc (NettyClientStreamRpc.java:scheduleReconnect(206)) - Connection-localhost/127.0.0.1:44447: channel is inactive; schedule reconnecting to localhost/127.0.0.1:44447 in 100ms
2023-06-29 03:33:44,139 [NettyClientStreamRpc-workerGroup--thread1] WARN  client.NettyClientStreamRpc (NettyClientStreamRpc.java:scheduleReconnect(206)) - Connection-localhost/127.0.0.1:44447: channel is inactive; schedule reconnecting to localhost/127.0.0.1:44447 in 100ms
2023-06-29 03:33:44,139 [NettyClientStreamRpc-workerGroup--thread1] WARN  client.NettyClientStreamRpc (NettyClientStreamRpc.java:scheduleReconnect(206)) - Connection-localhost/127.0.0.1:44447: channel is inactive; schedule reconnecting to localhost/127.0.0.1:44447 in 100ms
2023-06-29 03:33:44,139 [NettyClientStreamRpc-workerGroup--thread1] WARN  client.NettyClientStreamRpc (NettyClientStreamRpc.java:scheduleReconnect(206)) - Connection-localhost/127.0.0.1:44447: channel is inactive; schedule reconnecting to localhost/127.0.0.1:44447 in 100ms
2023-06-29 03:33:44,139 [NettyClientStreamRpc-workerGroup--thread1] WARN  client.NettyClientStreamRpc (NettyClientStreamRpc.java:scheduleReconnect(206)) - Connection-localhost/127.0.0.1:44447: channel is inactive; schedule reconnecting to localhost/127.0.0.1:44447 in 100ms
2023-06-29 03:33:44,139 [NettyClientStreamRpc-workerGroup--thread1] WARN  client.NettyClientStreamRpc (NettyClientStreamRpc.java:scheduleReconnect(206)) - Connection-localhost/127.0.0.1:44447: channel is inactive; schedule reconnecting to localhost/127.0.0.1:44447 in 100ms
2023-06-29 03:33:44,138 [NettyClientStreamRpc-workerGroup--thread1] WARN  client.NettyClientStreamRpc (NettyClientStreamRpc.java:scheduleReconnect(206)) - Connection-localhost/127.0.0.1:44447: channel is inactive; schedule reconnecting to localhost/127.0.0.1:44447 in 100ms
2023-06-29 03:33:44,172 [MiniRaftCluster-2] INFO  server.GrpcService (GrpcService.java:closeImpl(320)) - s0: shutdown server org.apache.ratis.grpc.server.GrpcAdminProtocolService successfully
2023-06-29 03:33:44,138 [NettyClientStreamRpc-workerGroup--thread1] WARN  client.NettyClientStreamRpc (NettyClientStreamRpc.java:scheduleReconnect(206)) - Connection-localhost/127.0.0.1:44447: channel is inactive; schedule reconnecting to localhost/127.0.0.1:44447 in 100ms
2023-06-29 03:33:44,172 [MiniRaftCluster-3] INFO  server.GrpcService (GrpcService.java:closeImpl(320)) - s1: shutdown server GrpcServerProtocolService successfully
2023-06-29 03:33:44,138 [NettyClientStreamRpc-workerGroup--thread1] WARN  client.NettyClientStreamRpc (NettyClientStreamRpc.java:scheduleReconnect(206)) - Connection-localhost/127.0.0.1:44447: channel is inactive; schedule reconnecting to localhost/127.0.0.1:44447 in 100ms
2023-06-29 03:33:44,173 [MiniRaftCluster-3] INFO  server.GrpcService (GrpcService.java:closeImpl(311)) - s1: shutdown server org.apache.ratis.grpc.server.GrpcAdminProtocolService now
2023-06-29 03:33:44,138 [NettyClientStreamRpc-workerGroup--thread1] WARN  client.NettyClientStreamRpc (NettyClientStreamRpc.java:scheduleReconnect(206)) - Connection-localhost/127.0.0.1:44447: channel is inactive; schedule reconnecting to localhost/127.0.0.1:44447 in 100ms
2023-06-29 03:33:44,138 [NettyClientStreamRpc-workerGroup--thread1] WARN  client.NettyClientStreamRpc (NettyClientStreamRpc.java:scheduleReconnect(206)) - Connection-localhost/127.0.0.1:44447: channel is inactive; schedule reconnecting to localhost/127.0.0.1:44447 in 100ms
2023-06-29 03:33:44,173 [s0-NettyServerStreamRpc-bossGroup--thread1] INFO  logging.LoggingHandler (AbstractInternalLogger.java:log(148)) - [id: 0xaf9c0630, L:/0.0.0.0:39011] CLOSE
2023-06-29 03:33:44,138 [NettyClientStreamRpc-workerGroup--thread1] WARN  client.NettyClientStreamRpc (NettyClientStreamRpc.java:scheduleReconnect(206)) - Connection-localhost/127.0.0.1:44447: channel is inactive; schedule reconnecting to localhost/127.0.0.1:44447 in 100ms
2023-06-29 03:33:44,139 [NettyClientStreamRpc-workerGroup--thread1] WARN  client.NettyClientStreamRpc (NettyClientStreamRpc.java:scheduleReconnect(206)) - Connection-localhost/127.0.0.1:44447: channel is inactive; schedule reconnecting to localhost/127.0.0.1:44447 in 100ms
2023-06-29 03:33:44,173 [s0-NettyServerStreamRpc-bossGroup--thread1] INFO  logging.LoggingHandler (AbstractInternalLogger.java:log(148)) - [id: 0xaf9c0630, L:0.0.0.0/0.0.0.0:39011] INACTIVE
2023-06-29 03:33:44,139 [NettyClientStreamRpc-workerGroup--thread1] WARN  client.NettyClientStreamRpc (NettyClientStreamRpc.java:scheduleReconnect(206)) - Connection-localhost/127.0.0.1:44447: channel is inactive; schedule reconnecting to localhost/127.0.0.1:44447 in 100ms
2023-06-29 03:33:44,173 [s0-NettyServerStreamRpc-bossGroup--thread1] INFO  logging.LoggingHandler (AbstractInternalLogger.java:log(148)) - [id: 0xaf9c0630, L:0.0.0.0/0.0.0.0:39011] UNREGISTERED
2023-06-29 03:33:44,139 [NettyClientStreamRpc-workerGroup--thread1] WARN  client.NettyClientStreamRpc (NettyClientStreamRpc.java:scheduleReconnect(206)) - Connection-localhost/127.0.0.1:44447: channel is inactive; schedule reconnecting to localhost/127.0.0.1:44447 in 100ms
2023-06-29 03:33:44,216 [grpc-default-executor-5] INFO  server.GrpcServerProtocolService (GrpcServerProtocolService.java:lambda$onCompleted$5(157)) - s2: Completed APPEND_ENTRIES, lastReply: serverReply {
  requestorId: "s0"
  replyId: "s2"
  raftGroupId {
    id: "3\n\355\037^\371L\352\247\377\tp\235A\260\333"
  }
  callId: 266
  success: true
}
term: 1
nextIndex: 157
followerCommit: 156
matchIndex: 18446744073709551615
isHearbeat: true

2023-06-29 03:33:44,222 [NettyClientStreamRpc-workerGroup--thread1] WARN  client.NettyClientStreamRpc (NettyClientStreamRpc.java:scheduleReconnect(206)) - Connection-localhost/127.0.0.1:39011: channel is inactive; schedule reconnecting to localhost/127.0.0.1:39011 in 100ms
2023-06-29 03:33:44,222 [NettyClientStreamRpc-workerGroup--thread1] WARN  client.NettyClientStreamRpc (NettyClientStreamRpc.java:scheduleReconnect(206)) - Connection-localhost/127.0.0.1:39011: channel is inactive; schedule reconnecting to localhost/127.0.0.1:39011 in 100ms
2023-06-29 03:33:44,222 [NettyClientStreamRpc-workerGroup--thread1] WARN  client.NettyClientStreamRpc (NettyClientStreamRpc.java:scheduleReconnect(206)) - Connection-localhost/127.0.0.1:39011: channel is inactive; schedule reconnecting to localhost/127.0.0.1:39011 in 100ms
2023-06-29 03:33:44,222 [NettyClientStreamRpc-workerGroup--thread1] WARN  client.NettyClientStreamRpc (NettyClientStreamRpc.java:scheduleReconnect(206)) - Connection-localhost/127.0.0.1:39011: channel is inactive; schedule reconnecting to localhost/127.0.0.1:39011 in 100ms
2023-06-29 03:33:44,222 [NettyClientStreamRpc-workerGroup--thread1] WARN  client.NettyClientStreamRpc (NettyClientStreamRpc.java:scheduleReconnect(206)) - Connection-localhost/127.0.0.1:39011: channel is inactive; schedule reconnecting to localhost/127.0.0.1:39011 in 100ms
2023-06-29 03:33:44,222 [NettyClientStreamRpc-workerGroup--thread1] WARN  client.NettyClientStreamRpc (NettyClientStreamRpc.java:scheduleReconnect(206)) - Connection-localhost/127.0.0.1:39011: channel is inactive; schedule reconnecting to localhost/127.0.0.1:39011 in 100ms
2023-06-29 03:33:44,223 [NettyClientStreamRpc-workerGroup--thread1] WARN  client.NettyClientStreamRpc (NettyClientStreamRpc.java:scheduleReconnect(206)) - Connection-localhost/127.0.0.1:39011: channel is inactive; schedule reconnecting to localhost/127.0.0.1:39011 in 100ms
2023-06-29 03:33:44,223 [NettyClientStreamRpc-workerGroup--thread1] WARN  client.NettyClientStreamRpc (NettyClientStreamRpc.java:scheduleReconnect(206)) - Connection-localhost/127.0.0.1:39011: channel is inactive; schedule reconnecting to localhost/127.0.0.1:39011 in 100ms
2023-06-29 03:33:44,223 [NettyClientStreamRpc-workerGroup--thread1] WARN  client.NettyClientStreamRpc (NettyClientStreamRpc.java:scheduleReconnect(206)) - Connection-localhost/127.0.0.1:39011: channel is inactive; schedule reconnecting to localhost/127.0.0.1:39011 in 100ms
2023-06-29 03:33:44,224 [NettyClientStreamRpc-workerGroup--thread1] WARN  client.NettyClientStreamRpc (NettyClientStreamRpc.java:scheduleReconnect(206)) - Connection-localhost/127.0.0.1:39011: channel is inactive; schedule reconnecting to localhost/127.0.0.1:39011 in 100ms
2023-06-29 03:33:44,224 [NettyClientStreamRpc-workerGroup--thread1] WARN  client.NettyClientStreamRpc (NettyClientStreamRpc.java:scheduleReconnect(206)) - Connection-localhost/127.0.0.1:39011: channel is inactive; schedule reconnecting to localhost/127.0.0.1:39011 in 100ms
2023-06-29 03:33:44,224 [NettyClientStreamRpc-workerGroup--thread1] WARN  client.NettyClientStreamRpc (NettyClientStreamRpc.java:scheduleReconnect(206)) - Connection-localhost/127.0.0.1:39011: channel is inactive; schedule reconnecting to localhost/127.0.0.1:39011 in 100ms
2023-06-29 03:33:44,224 [NettyClientStreamRpc-workerGroup--thread1] WARN  client.NettyClientStreamRpc (NettyClientStreamRpc.java:scheduleReconnect(206)) - Connection-localhost/127.0.0.1:39011: channel is inactive; schedule reconnecting to localhost/127.0.0.1:39011 in 100ms
2023-06-29 03:33:44,225 [NettyClientStreamRpc-workerGroup--thread1] WARN  client.NettyClientStreamRpc (NettyClientStreamRpc.java:scheduleReconnect(206)) - Connection-localhost/127.0.0.1:39011: channel is inactive; schedule reconnecting to localhost/127.0.0.1:39011 in 100ms
2023-06-29 03:33:44,225 [NettyClientStreamRpc-workerGroup--thread1] WARN  client.NettyClientStreamRpc (NettyClientStreamRpc.java:scheduleReconnect(206)) - Connection-localhost/127.0.0.1:39011: channel is inactive; schedule reconnecting to localhost/127.0.0.1:39011 in 100ms
2023-06-29 03:33:44,225 [NettyClientStreamRpc-workerGroup--thread1] WARN  client.NettyClientStreamRpc (NettyClientStreamRpc.java:scheduleReconnect(206)) - Connection-localhost/127.0.0.1:39011: channel is inactive; schedule reconnecting to localhost/127.0.0.1:39011 in 100ms
2023-06-29 03:33:44,225 [NettyClientStreamRpc-workerGroup--thread1] WARN  client.NettyClientStreamRpc (NettyClientStreamRpc.java:scheduleReconnect(206)) - Connection-localhost/127.0.0.1:39011: channel is inactive; schedule reconnecting to localhost/127.0.0.1:39011 in 100ms
2023-06-29 03:33:44,226 [NettyClientStreamRpc-workerGroup--thread1] WARN  client.NettyClientStreamRpc (NettyClientStreamRpc.java:scheduleReconnect(206)) - Connection-localhost/127.0.0.1:39011: channel is inactive; schedule reconnecting to localhost/127.0.0.1:39011 in 100ms
2023-06-29 03:33:44,250 [grpc-default-executor-1] INFO  server.GrpcServerProtocolService (GrpcServerProtocolService.java:lambda$onCompleted$5(157)) - s1: Completed APPEND_ENTRIES, lastReply: serverReply {
  requestorId: "s0"
  replyId: "s1"
  raftGroupId {
    id: "3\n\355\037^\371L\352\247\377\tp\235A\260\333"
  }
  callId: 269
  success: true
}
term: 1
nextIndex: 157
followerCommit: 156
matchIndex: 18446744073709551615
isHearbeat: true

2023-06-29 03:33:44,255 [MiniRaftCluster-3] INFO  server.GrpcService (GrpcService.java:closeImpl(320)) - s1: shutdown server org.apache.ratis.grpc.server.GrpcAdminProtocolService successfully
2023-06-29 03:33:44,255 [s1-NettyServerStreamRpc-bossGroup--thread1] INFO  logging.LoggingHandler (AbstractInternalLogger.java:log(148)) - [id: 0x71d8a3fc, L:/0.0.0.0:36939] CLOSE
2023-06-29 03:33:44,255 [s1-NettyServerStreamRpc-bossGroup--thread1] INFO  logging.LoggingHandler (AbstractInternalLogger.java:log(148)) - [id: 0x71d8a3fc, L:0.0.0.0/0.0.0.0:36939] INACTIVE
2023-06-29 03:33:44,255 [s1-NettyServerStreamRpc-bossGroup--thread1] INFO  logging.LoggingHandler (AbstractInternalLogger.java:log(148)) - [id: 0x71d8a3fc, L:0.0.0.0/0.0.0.0:36939] UNREGISTERED
2023-06-29 03:33:44,309 [NettyClientStreamRpc-workerGroup--thread1] WARN  client.NettyClientStreamRpc (NettyClientStreamRpc.java:scheduleReconnect(206)) - Connection-localhost/127.0.0.1:36939: channel is inactive; schedule reconnecting to localhost/127.0.0.1:36939 in 100ms
2023-06-29 03:33:44,310 [NettyClientStreamRpc-workerGroup--thread1] WARN  client.NettyClientStreamRpc (NettyClientStreamRpc.java:scheduleReconnect(206)) - Connection-localhost/127.0.0.1:36939: channel is inactive; schedule reconnecting to localhost/127.0.0.1:36939 in 100ms
2023-06-29 03:33:44,310 [NettyClientStreamRpc-workerGroup--thread1] WARN  client.NettyClientStreamRpc (NettyClientStreamRpc.java:scheduleReconnect(206)) - Connection-localhost/127.0.0.1:36939: channel is inactive; schedule reconnecting to localhost/127.0.0.1:36939 in 100ms
2023-06-29 03:33:44,310 [NettyClientStreamRpc-workerGroup--thread1] WARN  client.NettyClientStreamRpc (NettyClientStreamRpc.java:scheduleReconnect(206)) - Connection-localhost/127.0.0.1:36939: channel is inactive; schedule reconnecting to localhost/127.0.0.1:36939 in 100ms
2023-06-29 03:33:44,310 [NettyClientStreamRpc-workerGroup--thread1] WARN  client.NettyClientStreamRpc (NettyClientStreamRpc.java:scheduleReconnect(206)) - Connection-localhost/127.0.0.1:36939: channel is inactive; schedule reconnecting to localhost/127.0.0.1:36939 in 100ms
2023-06-29 03:33:44,310 [NettyClientStreamRpc-workerGroup--thread1] WARN  client.NettyClientStreamRpc (NettyClientStreamRpc.java:scheduleReconnect(206)) - Connection-localhost/127.0.0.1:36939: channel is inactive; schedule reconnecting to localhost/127.0.0.1:36939 in 100ms
2023-06-29 03:33:44,310 [NettyClientStreamRpc-workerGroup--thread1] WARN  client.NettyClientStreamRpc (NettyClientStreamRpc.java:scheduleReconnect(206)) - Connection-localhost/127.0.0.1:36939: channel is inactive; schedule reconnecting to localhost/127.0.0.1:36939 in 100ms
2023-06-29 03:33:44,310 [NettyClientStreamRpc-workerGroup--thread1] WARN  client.NettyClientStreamRpc (NettyClientStreamRpc.java:scheduleReconnect(206)) - Connection-localhost/127.0.0.1:36939: channel is inactive; schedule reconnecting to localhost/127.0.0.1:36939 in 100ms
2023-06-29 03:33:44,310 [NettyClientStreamRpc-workerGroup--thread1] WARN  client.NettyClientStreamRpc (NettyClientStreamRpc.java:scheduleReconnect(206)) - Connection-localhost/127.0.0.1:36939: channel is inactive; schedule reconnecting to localhost/127.0.0.1:36939 in 100ms
2023-06-29 03:33:44,310 [NettyClientStreamRpc-workerGroup--thread1] WARN  client.NettyClientStreamRpc (NettyClientStreamRpc.java:scheduleReconnect(206)) - Connection-localhost/127.0.0.1:36939: channel is inactive; schedule reconnecting to localhost/127.0.0.1:36939 in 100ms
2023-06-29 03:33:44,310 [NettyClientStreamRpc-workerGroup--thread1] WARN  client.NettyClientStreamRpc (NettyClientStreamRpc.java:scheduleReconnect(206)) - Connection-localhost/127.0.0.1:36939: channel is inactive; schedule reconnecting to localhost/127.0.0.1:36939 in 100ms
2023-06-29 03:33:44,312 [NettyClientStreamRpc-workerGroup--thread1] WARN  client.NettyClientStreamRpc (NettyClientStreamRpc.java:scheduleReconnect(206)) - Connection-localhost/127.0.0.1:36939: channel is inactive; schedule reconnecting to localhost/127.0.0.1:36939 in 100ms
2023-06-29 03:33:44,312 [NettyClientStreamRpc-workerGroup--thread1] WARN  client.NettyClientStreamRpc (NettyClientStreamRpc.java:scheduleReconnect(206)) - Connection-localhost/127.0.0.1:36939: channel is inactive; schedule reconnecting to localhost/127.0.0.1:36939 in 100ms
2023-06-29 03:33:44,312 [NettyClientStreamRpc-workerGroup--thread1] WARN  client.NettyClientStreamRpc (NettyClientStreamRpc.java:scheduleReconnect(206)) - Connection-localhost/127.0.0.1:36939: channel is inactive; schedule reconnecting to localhost/127.0.0.1:36939 in 100ms
2023-06-29 03:33:44,312 [NettyClientStreamRpc-workerGroup--thread1] WARN  client.NettyClientStreamRpc (NettyClientStreamRpc.java:scheduleReconnect(206)) - Connection-localhost/127.0.0.1:36939: channel is inactive; schedule reconnecting to localhost/127.0.0.1:36939 in 100ms
2023-06-29 03:33:44,322 [NettyClientStreamRpc-workerGroup--thread3] WARN  client.NettyClientStreamRpc (NettyClientStreamRpc.java:scheduleReconnect(206)) - Connection-localhost/127.0.0.1:44447: org.apache.ratis.netty.client.NettyClientStreamRpc$Connection$1@7bd009f4 failed; schedule reconnecting to localhost/127.0.0.1:44447 in 100ms
2023-06-29 03:33:44,322 [NettyClientStreamRpc-workerGroup--thread3] WARN  client.NettyClientStreamRpc (NettyClientStreamRpc.java:scheduleReconnect(208)) - 
org.apache.ratis.thirdparty.io.netty.channel.AbstractChannel$AnnotatedConnectException: Connection refused: localhost/127.0.0.1:44447
Caused by: java.net.ConnectException: Connection refused
	at java.base/sun.nio.ch.SocketChannelImpl.checkConnect(Native Method)
	at java.base/sun.nio.ch.SocketChannelImpl.finishConnect(SocketChannelImpl.java:777)
	at org.apache.ratis.thirdparty.io.netty.channel.socket.nio.NioSocketChannel.doFinishConnect(NioSocketChannel.java:337)
	at org.apache.ratis.thirdparty.io.netty.channel.nio.AbstractNioChannel$AbstractNioUnsafe.finishConnect(AbstractNioChannel.java:334)
	at org.apache.ratis.thirdparty.io.netty.channel.nio.NioEventLoop.processSelectedKey(NioEventLoop.java:776)
	at org.apache.ratis.thirdparty.io.netty.channel.nio.NioEventLoop.processSelectedKeysOptimized(NioEventLoop.java:724)
	at org.apache.ratis.thirdparty.io.netty.channel.nio.NioEventLoop.processSelectedKeys(NioEventLoop.java:650)
	at org.apache.ratis.thirdparty.io.netty.channel.nio.NioEventLoop.run(NioEventLoop.java:562)
	at org.apache.ratis.thirdparty.io.netty.util.concurrent.SingleThreadEventExecutor$4.run(SingleThreadEventExecutor.java:997)
	at org.apache.ratis.thirdparty.io.netty.util.internal.ThreadExecutorMap$2.run(ThreadExecutorMap.java:74)
	at java.base/java.lang.Thread.run(Thread.java:829)
2023-06-29 03:33:44,334 [NettyClientStreamRpc-workerGroup--thread3] WARN  client.NettyClientStreamRpc (NettyClientStreamRpc.java:scheduleReconnect(206)) - Connection-localhost/127.0.0.1:39011: org.apache.ratis.netty.client.NettyClientStreamRpc$Connection$1@fbcd675 failed; schedule reconnecting to localhost/127.0.0.1:39011 in 100ms
2023-06-29 03:33:44,335 [NettyClientStreamRpc-workerGroup--thread3] WARN  client.NettyClientStreamRpc (NettyClientStreamRpc.java:scheduleReconnect(208)) - 
org.apache.ratis.thirdparty.io.netty.channel.AbstractChannel$AnnotatedConnectException: Connection refused: localhost/127.0.0.1:39011
Caused by: java.net.ConnectException: Connection refused
	at java.base/sun.nio.ch.SocketChannelImpl.checkConnect(Native Method)
	at java.base/sun.nio.ch.SocketChannelImpl.finishConnect(SocketChannelImpl.java:777)
	at org.apache.ratis.thirdparty.io.netty.channel.socket.nio.NioSocketChannel.doFinishConnect(NioSocketChannel.java:337)
	at org.apache.ratis.thirdparty.io.netty.channel.nio.AbstractNioChannel$AbstractNioUnsafe.finishConnect(AbstractNioChannel.java:334)
	at org.apache.ratis.thirdparty.io.netty.channel.nio.NioEventLoop.processSelectedKey(NioEventLoop.java:776)
	at org.apache.ratis.thirdparty.io.netty.channel.nio.NioEventLoop.processSelectedKeysOptimized(NioEventLoop.java:724)
	at org.apache.ratis.thirdparty.io.netty.channel.nio.NioEventLoop.processSelectedKeys(NioEventLoop.java:650)
	at org.apache.ratis.thirdparty.io.netty.channel.nio.NioEventLoop.run(NioEventLoop.java:562)
	at org.apache.ratis.thirdparty.io.netty.util.concurrent.SingleThreadEventExecutor$4.run(SingleThreadEventExecutor.java:997)
	at org.apache.ratis.thirdparty.io.netty.util.internal.ThreadExecutorMap$2.run(ThreadExecutorMap.java:74)
	at java.base/java.lang.Thread.run(Thread.java:829)
2023-06-29 03:33:44,342 [NettyClientStreamRpc-workerGroup--thread3] WARN  client.NettyClientStreamRpc (NettyClientStreamRpc.java:scheduleReconnect(206)) - Connection-localhost/127.0.0.1:39011: org.apache.ratis.netty.client.NettyClientStreamRpc$Connection$1@74dd2f65 failed; schedule reconnecting to localhost/127.0.0.1:39011 in 100ms
2023-06-29 03:33:44,342 [NettyClientStreamRpc-workerGroup--thread3] WARN  client.NettyClientStreamRpc (NettyClientStreamRpc.java:scheduleReconnect(208)) - 
org.apache.ratis.thirdparty.io.netty.channel.AbstractChannel$AnnotatedConnectException: Connection refused: localhost/127.0.0.1:39011
Caused by: java.net.ConnectException: Connection refused
	at java.base/sun.nio.ch.SocketChannelImpl.checkConnect(Native Method)
	at java.base/sun.nio.ch.SocketChannelImpl.finishConnect(SocketChannelImpl.java:777)
	at org.apache.ratis.thirdparty.io.netty.channel.socket.nio.NioSocketChannel.doFinishConnect(NioSocketChannel.java:337)
	at org.apache.ratis.thirdparty.io.netty.channel.nio.AbstractNioChannel$AbstractNioUnsafe.finishConnect(AbstractNioChannel.java:334)
	at org.apache.ratis.thirdparty.io.netty.channel.nio.NioEventLoop.processSelectedKey(NioEventLoop.java:776)
	at org.apache.ratis.thirdparty.io.netty.channel.nio.NioEventLoop.processSelectedKeysOptimized(NioEventLoop.java:724)
	at org.apache.ratis.thirdparty.io.netty.channel.nio.NioEventLoop.processSelectedKeys(NioEventLoop.java:650)
	at org.apache.ratis.thirdparty.io.netty.channel.nio.NioEventLoop.run(NioEventLoop.java:562)
	at org.apache.ratis.thirdparty.io.netty.util.concurrent.SingleThreadEventExecutor$4.run(SingleThreadEventExecutor.java:997)
	at org.apache.ratis.thirdparty.io.netty.util.internal.ThreadExecutorMap$2.run(ThreadExecutorMap.java:74)
	at java.base/java.lang.Thread.run(Thread.java:829)
2023-06-29 03:33:44,350 [NettyClientStreamRpc-workerGroup--thread3] WARN  client.NettyClientStreamRpc (NettyClientStreamRpc.java:scheduleReconnect(206)) - Connection-localhost/127.0.0.1:39011: org.apache.ratis.netty.client.NettyClientStreamRpc$Connection$1@1828b78b failed; schedule reconnecting to localhost/127.0.0.1:39011 in 100ms
2023-06-29 03:33:44,350 [NettyClientStreamRpc-workerGroup--thread3] WARN  client.NettyClientStreamRpc (NettyClientStreamRpc.java:scheduleReconnect(208)) - 
org.apache.ratis.thirdparty.io.netty.channel.AbstractChannel$AnnotatedConnectException: Connection refused: localhost/127.0.0.1:39011
Caused by: java.net.ConnectException: Connection refused
	at java.base/sun.nio.ch.SocketChannelImpl.checkConnect(Native Method)
	at java.base/sun.nio.ch.SocketChannelImpl.finishConnect(SocketChannelImpl.java:777)
	at org.apache.ratis.thirdparty.io.netty.channel.socket.nio.NioSocketChannel.doFinishConnect(NioSocketChannel.java:337)
	at org.apache.ratis.thirdparty.io.netty.channel.nio.AbstractNioChannel$AbstractNioUnsafe.finishConnect(AbstractNioChannel.java:334)
	at org.apache.ratis.thirdparty.io.netty.channel.nio.NioEventLoop.processSelectedKey(NioEventLoop.java:776)
	at org.apache.ratis.thirdparty.io.netty.channel.nio.NioEventLoop.processSelectedKeysOptimized(NioEventLoop.java:724)
	at org.apache.ratis.thirdparty.io.netty.channel.nio.NioEventLoop.processSelectedKeys(NioEventLoop.java:650)
	at org.apache.ratis.thirdparty.io.netty.channel.nio.NioEventLoop.run(NioEventLoop.java:562)
	at org.apache.ratis.thirdparty.io.netty.util.concurrent.SingleThreadEventExecutor$4.run(SingleThreadEventExecutor.java:997)
	at org.apache.ratis.thirdparty.io.netty.util.internal.ThreadExecutorMap$2.run(ThreadExecutorMap.java:74)
	at java.base/java.lang.Thread.run(Thread.java:829)
2023-06-29 03:33:44,358 [NettyClientStreamRpc-workerGroup--thread3] WARN  client.NettyClientStreamRpc (NettyClientStreamRpc.java:scheduleReconnect(206)) - Connection-localhost/127.0.0.1:39011: org.apache.ratis.netty.client.NettyClientStreamRpc$Connection$1@1f9b1147 failed; schedule reconnecting to localhost/127.0.0.1:39011 in 100ms
2023-06-29 03:33:44,358 [NettyClientStreamRpc-workerGroup--thread3] WARN  client.NettyClientStreamRpc (NettyClientStreamRpc.java:scheduleReconnect(208)) - 
org.apache.ratis.thirdparty.io.netty.channel.AbstractChannel$AnnotatedConnectException: Connection refused: localhost/127.0.0.1:39011
Caused by: java.net.ConnectException: Connection refused
	at java.base/sun.nio.ch.SocketChannelImpl.checkConnect(Native Method)
	at java.base/sun.nio.ch.SocketChannelImpl.finishConnect(SocketChannelImpl.java:777)
	at org.apache.ratis.thirdparty.io.netty.channel.socket.nio.NioSocketChannel.doFinishConnect(NioSocketChannel.java:337)
	at org.apache.ratis.thirdparty.io.netty.channel.nio.AbstractNioChannel$AbstractNioUnsafe.finishConnect(AbstractNioChannel.java:334)
	at org.apache.ratis.thirdparty.io.netty.channel.nio.NioEventLoop.processSelectedKey(NioEventLoop.java:776)
	at org.apache.ratis.thirdparty.io.netty.channel.nio.NioEventLoop.processSelectedKeysOptimized(NioEventLoop.java:724)
	at org.apache.ratis.thirdparty.io.netty.channel.nio.NioEventLoop.processSelectedKeys(NioEventLoop.java:650)
	at org.apache.ratis.thirdparty.io.netty.channel.nio.NioEventLoop.run(NioEventLoop.java:562)
	at org.apache.ratis.thirdparty.io.netty.util.concurrent.SingleThreadEventExecutor$4.run(SingleThreadEventExecutor.java:997)
	at org.apache.ratis.thirdparty.io.netty.util.internal.ThreadExecutorMap$2.run(ThreadExecutorMap.java:74)
	at java.base/java.lang.Thread.run(Thread.java:829)
2023-06-29 03:33:44,361 [NettyClientStreamRpc-workerGroup--thread3] WARN  client.NettyClientStreamRpc (NettyClientStreamRpc.java:scheduleReconnect(206)) - Connection-localhost/127.0.0.1:39011: org.apache.ratis.netty.client.NettyClientStreamRpc$Connection$1@6731ff4d failed; schedule reconnecting to localhost/127.0.0.1:39011 in 100ms
2023-06-29 03:33:44,361 [NettyClientStreamRpc-workerGroup--thread3] WARN  client.NettyClientStreamRpc (NettyClientStreamRpc.java:scheduleReconnect(208)) - 
org.apache.ratis.thirdparty.io.netty.channel.AbstractChannel$AnnotatedConnectException: Connection refused: localhost/127.0.0.1:39011
Caused by: java.net.ConnectException: Connection refused
	at java.base/sun.nio.ch.SocketChannelImpl.checkConnect(Native Method)
	at java.base/sun.nio.ch.SocketChannelImpl.finishConnect(SocketChannelImpl.java:777)
	at org.apache.ratis.thirdparty.io.netty.channel.socket.nio.NioSocketChannel.doFinishConnect(NioSocketChannel.java:337)
	at org.apache.ratis.thirdparty.io.netty.channel.nio.AbstractNioChannel$AbstractNioUnsafe.finishConnect(AbstractNioChannel.java:334)
	at org.apache.ratis.thirdparty.io.netty.channel.nio.NioEventLoop.processSelectedKey(NioEventLoop.java:776)
	at org.apache.ratis.thirdparty.io.netty.channel.nio.NioEventLoop.processSelectedKeysOptimized(NioEventLoop.java:724)
	at org.apache.ratis.thirdparty.io.netty.channel.nio.NioEventLoop.processSelectedKeys(NioEventLoop.java:650)
	at org.apache.ratis.thirdparty.io.netty.channel.nio.NioEventLoop.run(NioEventLoop.java:562)
	at org.apache.ratis.thirdparty.io.netty.util.concurrent.SingleThreadEventExecutor$4.run(SingleThreadEventExecutor.java:997)
	at org.apache.ratis.thirdparty.io.netty.util.internal.ThreadExecutorMap$2.run(ThreadExecutorMap.java:74)
	at java.base/java.lang.Thread.run(Thread.java:829)
2023-06-29 03:33:44,370 [NettyClientStreamRpc-workerGroup--thread3] WARN  client.NettyClientStreamRpc (NettyClientStreamRpc.java:scheduleReconnect(206)) - Connection-localhost/127.0.0.1:39011: org.apache.ratis.netty.client.NettyClientStreamRpc$Connection$1@57c03a46 failed; schedule reconnecting to localhost/127.0.0.1:39011 in 100ms
2023-06-29 03:33:44,370 [NettyClientStreamRpc-workerGroup--thread3] WARN  client.NettyClientStreamRpc (NettyClientStreamRpc.java:scheduleReconnect(208)) - 
org.apache.ratis.thirdparty.io.netty.channel.AbstractChannel$AnnotatedConnectException: Connection refused: localhost/127.0.0.1:39011
Caused by: java.net.ConnectException: Connection refused
	at java.base/sun.nio.ch.SocketChannelImpl.checkConnect(Native Method)
	at java.base/sun.nio.ch.SocketChannelImpl.finishConnect(SocketChannelImpl.java:777)
	at org.apache.ratis.thirdparty.io.netty.channel.socket.nio.NioSocketChannel.doFinishConnect(NioSocketChannel.java:337)
	at org.apache.ratis.thirdparty.io.netty.channel.nio.AbstractNioChannel$AbstractNioUnsafe.finishConnect(AbstractNioChannel.java:334)
	at org.apache.ratis.thirdparty.io.netty.channel.nio.NioEventLoop.processSelectedKey(NioEventLoop.java:776)
	at org.apache.ratis.thirdparty.io.netty.channel.nio.NioEventLoop.processSelectedKeysOptimized(NioEventLoop.java:724)
	at org.apache.ratis.thirdparty.io.netty.channel.nio.NioEventLoop.processSelectedKeys(NioEventLoop.java:650)
	at org.apache.ratis.thirdparty.io.netty.channel.nio.NioEventLoop.run(NioEventLoop.java:562)
	at org.apache.ratis.thirdparty.io.netty.util.concurrent.SingleThreadEventExecutor$4.run(SingleThreadEventExecutor.java:997)
	at org.apache.ratis.thirdparty.io.netty.util.internal.ThreadExecutorMap$2.run(ThreadExecutorMap.java:74)
	at java.base/java.lang.Thread.run(Thread.java:829)
2023-06-29 03:33:44,378 [NettyClientStreamRpc-workerGroup--thread3] WARN  client.NettyClientStreamRpc (NettyClientStreamRpc.java:scheduleReconnect(206)) - Connection-localhost/127.0.0.1:39011: org.apache.ratis.netty.client.NettyClientStreamRpc$Connection$1@bba9d4d failed; schedule reconnecting to localhost/127.0.0.1:39011 in 100ms
2023-06-29 03:33:44,378 [NettyClientStreamRpc-workerGroup--thread3] WARN  client.NettyClientStreamRpc (NettyClientStreamRpc.java:scheduleReconnect(208)) - 
org.apache.ratis.thirdparty.io.netty.channel.AbstractChannel$AnnotatedConnectException: Connection refused: localhost/127.0.0.1:39011
Caused by: java.net.ConnectException: Connection refused
	at java.base/sun.nio.ch.SocketChannelImpl.checkConnect(Native Method)
	at java.base/sun.nio.ch.SocketChannelImpl.finishConnect(SocketChannelImpl.java:777)
	at org.apache.ratis.thirdparty.io.netty.channel.socket.nio.NioSocketChannel.doFinishConnect(NioSocketChannel.java:337)
	at org.apache.ratis.thirdparty.io.netty.channel.nio.AbstractNioChannel$AbstractNioUnsafe.finishConnect(AbstractNioChannel.java:334)
	at org.apache.ratis.thirdparty.io.netty.channel.nio.NioEventLoop.processSelectedKey(NioEventLoop.java:776)
	at org.apache.ratis.thirdparty.io.netty.channel.nio.NioEventLoop.processSelectedKeysOptimized(NioEventLoop.java:724)
	at org.apache.ratis.thirdparty.io.netty.channel.nio.NioEventLoop.processSelectedKeys(NioEventLoop.java:650)
	at org.apache.ratis.thirdparty.io.netty.channel.nio.NioEventLoop.run(NioEventLoop.java:562)
	at org.apache.ratis.thirdparty.io.netty.util.concurrent.SingleThreadEventExecutor$4.run(SingleThreadEventExecutor.java:997)
	at org.apache.ratis.thirdparty.io.netty.util.internal.ThreadExecutorMap$2.run(ThreadExecutorMap.java:74)
	at java.base/java.lang.Thread.run(Thread.java:829)
2023-06-29 03:33:44,378 [NettyClientStreamRpc-workerGroup--thread3] WARN  client.NettyClientStreamRpc (NettyClientStreamRpc.java:scheduleReconnect(206)) - Connection-localhost/127.0.0.1:39011: org.apache.ratis.netty.client.NettyClientStreamRpc$Connection$1@2b36638f failed; schedule reconnecting to localhost/127.0.0.1:39011 in 100ms
2023-06-29 03:33:44,378 [NettyClientStreamRpc-workerGroup--thread3] WARN  client.NettyClientStreamRpc (NettyClientStreamRpc.java:scheduleReconnect(208)) - 
org.apache.ratis.thirdparty.io.netty.channel.AbstractChannel$AnnotatedConnectException: Connection refused: localhost/127.0.0.1:39011
Caused by: java.net.ConnectException: Connection refused
	at java.base/sun.nio.ch.SocketChannelImpl.checkConnect(Native Method)
	at java.base/sun.nio.ch.SocketChannelImpl.finishConnect(SocketChannelImpl.java:777)
	at org.apache.ratis.thirdparty.io.netty.channel.socket.nio.NioSocketChannel.doFinishConnect(NioSocketChannel.java:337)
	at org.apache.ratis.thirdparty.io.netty.channel.nio.AbstractNioChannel$AbstractNioUnsafe.finishConnect(AbstractNioChannel.java:334)
	at org.apache.ratis.thirdparty.io.netty.channel.nio.NioEventLoop.processSelectedKey(NioEventLoop.java:776)
	at org.apache.ratis.thirdparty.io.netty.channel.nio.NioEventLoop.processSelectedKeysOptimized(NioEventLoop.java:724)
	at org.apache.ratis.thirdparty.io.netty.channel.nio.NioEventLoop.processSelectedKeys(NioEventLoop.java:650)
	at org.apache.ratis.thirdparty.io.netty.channel.nio.NioEventLoop.run(NioEventLoop.java:562)
	at org.apache.ratis.thirdparty.io.netty.util.concurrent.SingleThreadEventExecutor$4.run(SingleThreadEventExecutor.java:997)
	at org.apache.ratis.thirdparty.io.netty.util.internal.ThreadExecutorMap$2.run(ThreadExecutorMap.java:74)
	at java.base/java.lang.Thread.run(Thread.java:829)
2023-06-29 03:33:44,379 [NettyClientStreamRpc-workerGroup--thread3] WARN  client.NettyClientStreamRpc (NettyClientStreamRpc.java:scheduleReconnect(206)) - Connection-localhost/127.0.0.1:39011: org.apache.ratis.netty.client.NettyClientStreamRpc$Connection$1@5486ca0d failed; schedule reconnecting to localhost/127.0.0.1:39011 in 100ms
2023-06-29 03:33:44,379 [NettyClientStreamRpc-workerGroup--thread3] WARN  client.NettyClientStreamRpc (NettyClientStreamRpc.java:scheduleReconnect(208)) - 
org.apache.ratis.thirdparty.io.netty.channel.AbstractChannel$AnnotatedConnectException: Connection refused: localhost/127.0.0.1:39011
Caused by: java.net.ConnectException: Connection refused
	at java.base/sun.nio.ch.SocketChannelImpl.checkConnect(Native Method)
	at java.base/sun.nio.ch.SocketChannelImpl.finishConnect(SocketChannelImpl.java:777)
	at org.apache.ratis.thirdparty.io.netty.channel.socket.nio.NioSocketChannel.doFinishConnect(NioSocketChannel.java:337)
	at org.apache.ratis.thirdparty.io.netty.channel.nio.AbstractNioChannel$AbstractNioUnsafe.finishConnect(AbstractNioChannel.java:334)
	at org.apache.ratis.thirdparty.io.netty.channel.nio.NioEventLoop.processSelectedKey(NioEventLoop.java:776)
	at org.apache.ratis.thirdparty.io.netty.channel.nio.NioEventLoop.processSelectedKeysOptimized(NioEventLoop.java:724)
	at org.apache.ratis.thirdparty.io.netty.channel.nio.NioEventLoop.processSelectedKeys(NioEventLoop.java:650)
	at org.apache.ratis.thirdparty.io.netty.channel.nio.NioEventLoop.run(NioEventLoop.java:562)
	at org.apache.ratis.thirdparty.io.netty.util.concurrent.SingleThreadEventExecutor$4.run(SingleThreadEventExecutor.java:997)
	at org.apache.ratis.thirdparty.io.netty.util.internal.ThreadExecutorMap$2.run(ThreadExecutorMap.java:74)
	at java.base/java.lang.Thread.run(Thread.java:829)
2023-06-29 03:33:44,380 [NettyClientStreamRpc-workerGroup--thread3] WARN  client.NettyClientStreamRpc (NettyClientStreamRpc.java:scheduleReconnect(206)) - Connection-localhost/127.0.0.1:39011: org.apache.ratis.netty.client.NettyClientStreamRpc$Connection$1@55d49e55 failed; schedule reconnecting to localhost/127.0.0.1:39011 in 100ms
2023-06-29 03:33:44,380 [NettyClientStreamRpc-workerGroup--thread3] WARN  client.NettyClientStreamRpc (NettyClientStreamRpc.java:scheduleReconnect(208)) - 
org.apache.ratis.thirdparty.io.netty.channel.AbstractChannel$AnnotatedConnectException: Connection refused: localhost/127.0.0.1:39011
Caused by: java.net.ConnectException: Connection refused
	at java.base/sun.nio.ch.SocketChannelImpl.checkConnect(Native Method)
	at java.base/sun.nio.ch.SocketChannelImpl.finishConnect(SocketChannelImpl.java:777)
	at org.apache.ratis.thirdparty.io.netty.channel.socket.nio.NioSocketChannel.doFinishConnect(NioSocketChannel.java:337)
	at org.apache.ratis.thirdparty.io.netty.channel.nio.AbstractNioChannel$AbstractNioUnsafe.finishConnect(AbstractNioChannel.java:334)
	at org.apache.ratis.thirdparty.io.netty.channel.nio.NioEventLoop.processSelectedKey(NioEventLoop.java:776)
	at org.apache.ratis.thirdparty.io.netty.channel.nio.NioEventLoop.processSelectedKeysOptimized(NioEventLoop.java:724)
	at org.apache.ratis.thirdparty.io.netty.channel.nio.NioEventLoop.processSelectedKeys(NioEventLoop.java:650)
	at org.apache.ratis.thirdparty.io.netty.channel.nio.NioEventLoop.run(NioEventLoop.java:562)
	at org.apache.ratis.thirdparty.io.netty.util.concurrent.SingleThreadEventExecutor$4.run(SingleThreadEventExecutor.java:997)
	at org.apache.ratis.thirdparty.io.netty.util.internal.ThreadExecutorMap$2.run(ThreadExecutorMap.java:74)
	at java.base/java.lang.Thread.run(Thread.java:829)
2023-06-29 03:33:44,382 [NettyClientStreamRpc-workerGroup--thread3] WARN  client.NettyClientStreamRpc (NettyClientStreamRpc.java:scheduleReconnect(206)) - Connection-localhost/127.0.0.1:39011: org.apache.ratis.netty.client.NettyClientStreamRpc$Connection$1@2766e114 failed; schedule reconnecting to localhost/127.0.0.1:39011 in 100ms
2023-06-29 03:33:44,382 [NettyClientStreamRpc-workerGroup--thread3] WARN  client.NettyClientStreamRpc (NettyClientStreamRpc.java:scheduleReconnect(208)) - 
org.apache.ratis.thirdparty.io.netty.channel.AbstractChannel$AnnotatedConnectException: Connection refused: localhost/127.0.0.1:39011
Caused by: java.net.ConnectException: Connection refused
	at java.base/sun.nio.ch.SocketChannelImpl.checkConnect(Native Method)
	at java.base/sun.nio.ch.SocketChannelImpl.finishConnect(SocketChannelImpl.java:777)
	at org.apache.ratis.thirdparty.io.netty.channel.socket.nio.NioSocketChannel.doFinishConnect(NioSocketChannel.java:337)
	at org.apache.ratis.thirdparty.io.netty.channel.nio.AbstractNioChannel$AbstractNioUnsafe.finishConnect(AbstractNioChannel.java:334)
	at org.apache.ratis.thirdparty.io.netty.channel.nio.NioEventLoop.processSelectedKey(NioEventLoop.java:776)
	at org.apache.ratis.thirdparty.io.netty.channel.nio.NioEventLoop.processSelectedKeysOptimized(NioEventLoop.java:724)
	at org.apache.ratis.thirdparty.io.netty.channel.nio.NioEventLoop.processSelectedKeys(NioEventLoop.java:650)
	at org.apache.ratis.thirdparty.io.netty.channel.nio.NioEventLoop.run(NioEventLoop.java:562)
	at org.apache.ratis.thirdparty.io.netty.util.concurrent.SingleThreadEventExecutor$4.run(SingleThreadEventExecutor.java:997)
	at org.apache.ratis.thirdparty.io.netty.util.internal.ThreadExecutorMap$2.run(ThreadExecutorMap.java:74)
	at java.base/java.lang.Thread.run(Thread.java:829)
2023-06-29 03:33:44,386 [NettyClientStreamRpc-workerGroup--thread3] WARN  client.NettyClientStreamRpc (NettyClientStreamRpc.java:scheduleReconnect(206)) - Connection-localhost/127.0.0.1:39011: org.apache.ratis.netty.client.NettyClientStreamRpc$Connection$1@6e31269b failed; schedule reconnecting to localhost/127.0.0.1:39011 in 100ms
2023-06-29 03:33:44,411 [NettyClientStreamRpc-workerGroup--thread3] WARN  client.NettyClientStreamRpc (NettyClientStreamRpc.java:scheduleReconnect(208)) - 
org.apache.ratis.thirdparty.io.netty.channel.AbstractChannel$AnnotatedConnectException: Connection refused: localhost/127.0.0.1:39011
Caused by: java.net.ConnectException: Connection refused
	at java.base/sun.nio.ch.SocketChannelImpl.checkConnect(Native Method)
	at java.base/sun.nio.ch.SocketChannelImpl.finishConnect(SocketChannelImpl.java:777)
	at org.apache.ratis.thirdparty.io.netty.channel.socket.nio.NioSocketChannel.doFinishConnect(NioSocketChannel.java:337)
	at org.apache.ratis.thirdparty.io.netty.channel.nio.AbstractNioChannel$AbstractNioUnsafe.finishConnect(AbstractNioChannel.java:334)
	at org.apache.ratis.thirdparty.io.netty.channel.nio.NioEventLoop.processSelectedKey(NioEventLoop.java:776)
	at org.apache.ratis.thirdparty.io.netty.channel.nio.NioEventLoop.processSelectedKeysOptimized(NioEventLoop.java:724)
	at org.apache.ratis.thirdparty.io.netty.channel.nio.NioEventLoop.processSelectedKeys(NioEventLoop.java:650)
	at org.apache.ratis.thirdparty.io.netty.channel.nio.NioEventLoop.run(NioEventLoop.java:562)
	at org.apache.ratis.thirdparty.io.netty.util.concurrent.SingleThreadEventExecutor$4.run(SingleThreadEventExecutor.java:997)
	at org.apache.ratis.thirdparty.io.netty.util.internal.ThreadExecutorMap$2.run(ThreadExecutorMap.java:74)
	at java.base/java.lang.Thread.run(Thread.java:829)
2023-06-29 03:33:44,411 [NettyClientStreamRpc-workerGroup--thread3] WARN  client.NettyClientStreamRpc (NettyClientStreamRpc.java:scheduleReconnect(206)) - Connection-localhost/127.0.0.1:44447: org.apache.ratis.netty.client.NettyClientStreamRpc$Connection$1@1f103d3c failed; schedule reconnecting to localhost/127.0.0.1:44447 in 100ms
2023-06-29 03:33:44,412 [NettyClientStreamRpc-workerGroup--thread3] WARN  client.NettyClientStreamRpc (NettyClientStreamRpc.java:scheduleReconnect(208)) - 
org.apache.ratis.thirdparty.io.netty.channel.AbstractChannel$AnnotatedConnectException: Connection refused: localhost/127.0.0.1:44447
Caused by: java.net.ConnectException: Connection refused
	at java.base/sun.nio.ch.SocketChannelImpl.checkConnect(Native Method)
	at java.base/sun.nio.ch.SocketChannelImpl.finishConnect(SocketChannelImpl.java:777)
	at org.apache.ratis.thirdparty.io.netty.channel.socket.nio.NioSocketChannel.doFinishConnect(NioSocketChannel.java:337)
	at org.apache.ratis.thirdparty.io.netty.channel.nio.AbstractNioChannel$AbstractNioUnsafe.finishConnect(AbstractNioChannel.java:334)
	at org.apache.ratis.thirdparty.io.netty.channel.nio.NioEventLoop.processSelectedKey(NioEventLoop.java:776)
	at org.apache.ratis.thirdparty.io.netty.channel.nio.NioEventLoop.processSelectedKeysOptimized(NioEventLoop.java:724)
	at org.apache.ratis.thirdparty.io.netty.channel.nio.NioEventLoop.processSelectedKeys(NioEventLoop.java:650)
	at org.apache.ratis.thirdparty.io.netty.channel.nio.NioEventLoop.run(NioEventLoop.java:562)
	at org.apache.ratis.thirdparty.io.netty.util.concurrent.SingleThreadEventExecutor$4.run(SingleThreadEventExecutor.java:997)
	at org.apache.ratis.thirdparty.io.netty.util.internal.ThreadExecutorMap$2.run(ThreadExecutorMap.java:74)
	at java.base/java.lang.Thread.run(Thread.java:829)
2023-06-29 03:33:44,411 [Thread-592] WARN  util.PeerProxyMap (PeerProxyMap.java:closeProxy(170)) - s1-NettyServerStreamRpc: Failed to close proxy for peer s2|rpc:localhost:38471|admin:localhost:33067|client:localhost:37939|dataStream:localhost:44447|priority:0|startupRole:FOLLOWER, proxy class: class org.apache.ratis.client.impl.DataStreamClientImpl
org.apache.ratis.thirdparty.io.netty.channel.AbstractChannel$AnnotatedConnectException: Connection refused: localhost/127.0.0.1:44447
Caused by: java.net.ConnectException: Connection refused
	at java.base/sun.nio.ch.SocketChannelImpl.checkConnect(Native Method)
	at java.base/sun.nio.ch.SocketChannelImpl.finishConnect(SocketChannelImpl.java:777)
	at org.apache.ratis.thirdparty.io.netty.channel.socket.nio.NioSocketChannel.doFinishConnect(NioSocketChannel.java:337)
	at org.apache.ratis.thirdparty.io.netty.channel.nio.AbstractNioChannel$AbstractNioUnsafe.finishConnect(AbstractNioChannel.java:334)
	at org.apache.ratis.thirdparty.io.netty.channel.nio.NioEventLoop.processSelectedKey(NioEventLoop.java:776)
	at org.apache.ratis.thirdparty.io.netty.channel.nio.NioEventLoop.processSelectedKeysOptimized(NioEventLoop.java:724)
	at org.apache.ratis.thirdparty.io.netty.channel.nio.NioEventLoop.processSelectedKeys(NioEventLoop.java:650)
	at org.apache.ratis.thirdparty.io.netty.channel.nio.NioEventLoop.run(NioEventLoop.java:562)
	at org.apache.ratis.thirdparty.io.netty.util.concurrent.SingleThreadEventExecutor$4.run(SingleThreadEventExecutor.java:997)
	at org.apache.ratis.thirdparty.io.netty.util.internal.ThreadExecutorMap$2.run(ThreadExecutorMap.java:74)
	at java.base/java.lang.Thread.run(Thread.java:829)
2023-06-29 03:33:44,410 [NettyClientStreamRpc-workerGroup--thread3] WARN  client.NettyClientStreamRpc (NettyClientStreamRpc.java:scheduleReconnect(206)) - Connection-localhost/127.0.0.1:44447: org.apache.ratis.netty.client.NettyClientStreamRpc$Connection$1@65c5231a failed; schedule reconnecting to localhost/127.0.0.1:44447 in 100ms
2023-06-29 03:33:44,428 [NettyClientStreamRpc-workerGroup--thread3] WARN  client.NettyClientStreamRpc (NettyClientStreamRpc.java:scheduleReconnect(208)) - 
org.apache.ratis.thirdparty.io.netty.channel.AbstractChannel$AnnotatedConnectException: Connection refused: localhost/127.0.0.1:44447
Caused by: java.net.ConnectException: Connection refused
	at java.base/sun.nio.ch.SocketChannelImpl.checkConnect(Native Method)
	at java.base/sun.nio.ch.SocketChannelImpl.finishConnect(SocketChannelImpl.java:777)
	at org.apache.ratis.thirdparty.io.netty.channel.socket.nio.NioSocketChannel.doFinishConnect(NioSocketChannel.java:337)
	at org.apache.ratis.thirdparty.io.netty.channel.nio.AbstractNioChannel$AbstractNioUnsafe.finishConnect(AbstractNioChannel.java:334)
	at org.apache.ratis.thirdparty.io.netty.channel.nio.NioEventLoop.processSelectedKey(NioEventLoop.java:776)
	at org.apache.ratis.thirdparty.io.netty.channel.nio.NioEventLoop.processSelectedKeysOptimized(NioEventLoop.java:724)
	at org.apache.ratis.thirdparty.io.netty.channel.nio.NioEventLoop.processSelectedKeys(NioEventLoop.java:650)
	at org.apache.ratis.thirdparty.io.netty.channel.nio.NioEventLoop.run(NioEventLoop.java:562)
	at org.apache.ratis.thirdparty.io.netty.util.concurrent.SingleThreadEventExecutor$4.run(SingleThreadEventExecutor.java:997)
	at org.apache.ratis.thirdparty.io.netty.util.internal.ThreadExecutorMap$2.run(ThreadExecutorMap.java:74)
	at java.base/java.lang.Thread.run(Thread.java:829)
2023-06-29 03:33:44,410 [NettyClientStreamRpc-workerGroup--thread3] WARN  client.NettyClientStreamRpc (NettyClientStreamRpc.java:scheduleReconnect(206)) - Connection-localhost/127.0.0.1:44447: org.apache.ratis.netty.client.NettyClientStreamRpc$Connection$1@553e0017 failed; schedule reconnecting to localhost/127.0.0.1:44447 in 100ms
2023-06-29 03:33:44,429 [NettyClientStreamRpc-workerGroup--thread3] WARN  client.NettyClientStreamRpc (NettyClientStreamRpc.java:scheduleReconnect(208)) - 
org.apache.ratis.thirdparty.io.netty.channel.AbstractChannel$AnnotatedConnectException: Connection refused: localhost/127.0.0.1:44447
Caused by: java.net.ConnectException: Connection refused
	at java.base/sun.nio.ch.SocketChannelImpl.checkConnect(Native Method)
	at java.base/sun.nio.ch.SocketChannelImpl.finishConnect(SocketChannelImpl.java:777)
	at org.apache.ratis.thirdparty.io.netty.channel.socket.nio.NioSocketChannel.doFinishConnect(NioSocketChannel.java:337)
	at org.apache.ratis.thirdparty.io.netty.channel.nio.AbstractNioChannel$AbstractNioUnsafe.finishConnect(AbstractNioChannel.java:334)
	at org.apache.ratis.thirdparty.io.netty.channel.nio.NioEventLoop.processSelectedKey(NioEventLoop.java:776)
	at org.apache.ratis.thirdparty.io.netty.channel.nio.NioEventLoop.processSelectedKeysOptimized(NioEventLoop.java:724)
	at org.apache.ratis.thirdparty.io.netty.channel.nio.NioEventLoop.processSelectedKeys(NioEventLoop.java:650)
	at org.apache.ratis.thirdparty.io.netty.channel.nio.NioEventLoop.run(NioEventLoop.java:562)
	at org.apache.ratis.thirdparty.io.netty.util.concurrent.SingleThreadEventExecutor$4.run(SingleThreadEventExecutor.java:997)
	at org.apache.ratis.thirdparty.io.netty.util.internal.ThreadExecutorMap$2.run(ThreadExecutorMap.java:74)
	at java.base/java.lang.Thread.run(Thread.java:829)
2023-06-29 03:33:44,409 [NettyClientStreamRpc-workerGroup--thread3] WARN  client.NettyClientStreamRpc (NettyClientStreamRpc.java:scheduleReconnect(206)) - Connection-localhost/127.0.0.1:44447: org.apache.ratis.netty.client.NettyClientStreamRpc$Connection$1@592538f8 failed; schedule reconnecting to localhost/127.0.0.1:44447 in 100ms
2023-06-29 03:33:44,429 [NettyClientStreamRpc-workerGroup--thread3] WARN  client.NettyClientStreamRpc (NettyClientStreamRpc.java:scheduleReconnect(208)) - 
org.apache.ratis.thirdparty.io.netty.channel.AbstractChannel$AnnotatedConnectException: Connection refused: localhost/127.0.0.1:44447
Caused by: java.net.ConnectException: Connection refused
	at java.base/sun.nio.ch.SocketChannelImpl.checkConnect(Native Method)
	at java.base/sun.nio.ch.SocketChannelImpl.finishConnect(SocketChannelImpl.java:777)
	at org.apache.ratis.thirdparty.io.netty.channel.socket.nio.NioSocketChannel.doFinishConnect(NioSocketChannel.java:337)
	at org.apache.ratis.thirdparty.io.netty.channel.nio.AbstractNioChannel$AbstractNioUnsafe.finishConnect(AbstractNioChannel.java:334)
	at org.apache.ratis.thirdparty.io.netty.channel.nio.NioEventLoop.processSelectedKey(NioEventLoop.java:776)
	at org.apache.ratis.thirdparty.io.netty.channel.nio.NioEventLoop.processSelectedKeysOptimized(NioEventLoop.java:724)
	at org.apache.ratis.thirdparty.io.netty.channel.nio.NioEventLoop.processSelectedKeys(NioEventLoop.java:650)
	at org.apache.ratis.thirdparty.io.netty.channel.nio.NioEventLoop.run(NioEventLoop.java:562)
	at org.apache.ratis.thirdparty.io.netty.util.concurrent.SingleThreadEventExecutor$4.run(SingleThreadEventExecutor.java:997)
	at org.apache.ratis.thirdparty.io.netty.util.internal.ThreadExecutorMap$2.run(ThreadExecutorMap.java:74)
	at java.base/java.lang.Thread.run(Thread.java:829)
2023-06-29 03:33:44,409 [NettyClientStreamRpc-workerGroup--thread3] WARN  client.NettyClientStreamRpc (NettyClientStreamRpc.java:scheduleReconnect(206)) - Connection-localhost/127.0.0.1:44447: org.apache.ratis.netty.client.NettyClientStreamRpc$Connection$1@7a0ad44b failed; schedule reconnecting to localhost/127.0.0.1:44447 in 100ms
2023-06-29 03:33:44,429 [NettyClientStreamRpc-workerGroup--thread3] WARN  client.NettyClientStreamRpc (NettyClientStreamRpc.java:scheduleReconnect(208)) - 
org.apache.ratis.thirdparty.io.netty.channel.AbstractChannel$AnnotatedConnectException: Connection refused: localhost/127.0.0.1:44447
Caused by: java.net.ConnectException: Connection refused
	at java.base/sun.nio.ch.SocketChannelImpl.checkConnect(Native Method)
	at java.base/sun.nio.ch.SocketChannelImpl.finishConnect(SocketChannelImpl.java:777)
	at org.apache.ratis.thirdparty.io.netty.channel.socket.nio.NioSocketChannel.doFinishConnect(NioSocketChannel.java:337)
	at org.apache.ratis.thirdparty.io.netty.channel.nio.AbstractNioChannel$AbstractNioUnsafe.finishConnect(AbstractNioChannel.java:334)
	at org.apache.ratis.thirdparty.io.netty.channel.nio.NioEventLoop.processSelectedKey(NioEventLoop.java:776)
	at org.apache.ratis.thirdparty.io.netty.channel.nio.NioEventLoop.processSelectedKeysOptimized(NioEventLoop.java:724)
	at org.apache.ratis.thirdparty.io.netty.channel.nio.NioEventLoop.processSelectedKeys(NioEventLoop.java:650)
	at org.apache.ratis.thirdparty.io.netty.channel.nio.NioEventLoop.run(NioEventLoop.java:562)
	at org.apache.ratis.thirdparty.io.netty.util.concurrent.SingleThreadEventExecutor$4.run(SingleThreadEventExecutor.java:997)
	at org.apache.ratis.thirdparty.io.netty.util.internal.ThreadExecutorMap$2.run(ThreadExecutorMap.java:74)
	at java.base/java.lang.Thread.run(Thread.java:829)
2023-06-29 03:33:44,409 [NettyClientStreamRpc-workerGroup--thread3] WARN  client.NettyClientStreamRpc (NettyClientStreamRpc.java:scheduleReconnect(206)) - Connection-localhost/127.0.0.1:44447: org.apache.ratis.netty.client.NettyClientStreamRpc$Connection$1@2b6cdfac failed; schedule reconnecting to localhost/127.0.0.1:44447 in 100ms
2023-06-29 03:33:44,429 [NettyClientStreamRpc-workerGroup--thread3] WARN  client.NettyClientStreamRpc (NettyClientStreamRpc.java:scheduleReconnect(208)) - 
org.apache.ratis.thirdparty.io.netty.channel.AbstractChannel$AnnotatedConnectException: Connection refused: localhost/127.0.0.1:44447
Caused by: java.net.ConnectException: Connection refused
	at java.base/sun.nio.ch.SocketChannelImpl.checkConnect(Native Method)
	at java.base/sun.nio.ch.SocketChannelImpl.finishConnect(SocketChannelImpl.java:777)
	at org.apache.ratis.thirdparty.io.netty.channel.socket.nio.NioSocketChannel.doFinishConnect(NioSocketChannel.java:337)
	at org.apache.ratis.thirdparty.io.netty.channel.nio.AbstractNioChannel$AbstractNioUnsafe.finishConnect(AbstractNioChannel.java:334)
	at org.apache.ratis.thirdparty.io.netty.channel.nio.NioEventLoop.processSelectedKey(NioEventLoop.java:776)
	at org.apache.ratis.thirdparty.io.netty.channel.nio.NioEventLoop.processSelectedKeysOptimized(NioEventLoop.java:724)
	at org.apache.ratis.thirdparty.io.netty.channel.nio.NioEventLoop.processSelectedKeys(NioEventLoop.java:650)
	at org.apache.ratis.thirdparty.io.netty.channel.nio.NioEventLoop.run(NioEventLoop.java:562)
	at org.apache.ratis.thirdparty.io.netty.util.concurrent.SingleThreadEventExecutor$4.run(SingleThreadEventExecutor.java:997)
	at org.apache.ratis.thirdparty.io.netty.util.internal.ThreadExecutorMap$2.run(ThreadExecutorMap.java:74)
	at java.base/java.lang.Thread.run(Thread.java:829)
2023-06-29 03:33:44,409 [NettyClientStreamRpc-workerGroup--thread3] WARN  client.NettyClientStreamRpc (NettyClientStreamRpc.java:scheduleReconnect(206)) - Connection-localhost/127.0.0.1:44447: org.apache.ratis.netty.client.NettyClientStreamRpc$Connection$1@2ce36b12 failed; schedule reconnecting to localhost/127.0.0.1:44447 in 100ms
2023-06-29 03:33:44,450 [NettyClientStreamRpc-workerGroup--thread3] WARN  client.NettyClientStreamRpc (NettyClientStreamRpc.java:scheduleReconnect(208)) - 
org.apache.ratis.thirdparty.io.netty.channel.AbstractChannel$AnnotatedConnectException: Connection refused: localhost/127.0.0.1:44447
Caused by: java.net.ConnectException: Connection refused
	at java.base/sun.nio.ch.SocketChannelImpl.checkConnect(Native Method)
	at java.base/sun.nio.ch.SocketChannelImpl.finishConnect(SocketChannelImpl.java:777)
	at org.apache.ratis.thirdparty.io.netty.channel.socket.nio.NioSocketChannel.doFinishConnect(NioSocketChannel.java:337)
	at org.apache.ratis.thirdparty.io.netty.channel.nio.AbstractNioChannel$AbstractNioUnsafe.finishConnect(AbstractNioChannel.java:334)
	at org.apache.ratis.thirdparty.io.netty.channel.nio.NioEventLoop.processSelectedKey(NioEventLoop.java:776)
	at org.apache.ratis.thirdparty.io.netty.channel.nio.NioEventLoop.processSelectedKeysOptimized(NioEventLoop.java:724)
	at org.apache.ratis.thirdparty.io.netty.channel.nio.NioEventLoop.processSelectedKeys(NioEventLoop.java:650)
	at org.apache.ratis.thirdparty.io.netty.channel.nio.NioEventLoop.run(NioEventLoop.java:562)
	at org.apache.ratis.thirdparty.io.netty.util.concurrent.SingleThreadEventExecutor$4.run(SingleThreadEventExecutor.java:997)
	at org.apache.ratis.thirdparty.io.netty.util.internal.ThreadExecutorMap$2.run(ThreadExecutorMap.java:74)
	at java.base/java.lang.Thread.run(Thread.java:829)
2023-06-29 03:33:44,451 [NettyClientStreamRpc-workerGroup--thread3] WARN  client.NettyClientStreamRpc (NettyClientStreamRpc.java:scheduleReconnect(206)) - Connection-localhost/127.0.0.1:36939: org.apache.ratis.netty.client.NettyClientStreamRpc$Connection$1@4d92777f failed; schedule reconnecting to localhost/127.0.0.1:36939 in 100ms
2023-06-29 03:33:44,451 [NettyClientStreamRpc-workerGroup--thread3] WARN  client.NettyClientStreamRpc (NettyClientStreamRpc.java:scheduleReconnect(208)) - 
org.apache.ratis.thirdparty.io.netty.channel.AbstractChannel$AnnotatedConnectException: Connection refused: localhost/127.0.0.1:36939
Caused by: java.net.ConnectException: Connection refused
	at java.base/sun.nio.ch.SocketChannelImpl.checkConnect(Native Method)
	at java.base/sun.nio.ch.SocketChannelImpl.finishConnect(SocketChannelImpl.java:777)
	at org.apache.ratis.thirdparty.io.netty.channel.socket.nio.NioSocketChannel.doFinishConnect(NioSocketChannel.java:337)
	at org.apache.ratis.thirdparty.io.netty.channel.nio.AbstractNioChannel$AbstractNioUnsafe.finishConnect(AbstractNioChannel.java:334)
	at org.apache.ratis.thirdparty.io.netty.channel.nio.NioEventLoop.processSelectedKey(NioEventLoop.java:776)
	at org.apache.ratis.thirdparty.io.netty.channel.nio.NioEventLoop.processSelectedKeysOptimized(NioEventLoop.java:724)
	at org.apache.ratis.thirdparty.io.netty.channel.nio.NioEventLoop.processSelectedKeys(NioEventLoop.java:650)
	at org.apache.ratis.thirdparty.io.netty.channel.nio.NioEventLoop.run(NioEventLoop.java:562)
	at org.apache.ratis.thirdparty.io.netty.util.concurrent.SingleThreadEventExecutor$4.run(SingleThreadEventExecutor.java:997)
	at org.apache.ratis.thirdparty.io.netty.util.internal.ThreadExecutorMap$2.run(ThreadExecutorMap.java:74)
	at java.base/java.lang.Thread.run(Thread.java:829)
2023-06-29 03:33:44,451 [NettyClientStreamRpc-workerGroup--thread3] WARN  client.NettyClientStreamRpc (NettyClientStreamRpc.java:scheduleReconnect(206)) - Connection-localhost/127.0.0.1:36939: org.apache.ratis.netty.client.NettyClientStreamRpc$Connection$1@5415cdd6 failed; schedule reconnecting to localhost/127.0.0.1:36939 in 100ms
2023-06-29 03:33:44,451 [NettyClientStreamRpc-workerGroup--thread3] WARN  client.NettyClientStreamRpc (NettyClientStreamRpc.java:scheduleReconnect(208)) - 
org.apache.ratis.thirdparty.io.netty.channel.AbstractChannel$AnnotatedConnectException: Connection refused: localhost/127.0.0.1:36939
Caused by: java.net.ConnectException: Connection refused
	at java.base/sun.nio.ch.SocketChannelImpl.checkConnect(Native Method)
	at java.base/sun.nio.ch.SocketChannelImpl.finishConnect(SocketChannelImpl.java:777)
	at org.apache.ratis.thirdparty.io.netty.channel.socket.nio.NioSocketChannel.doFinishConnect(NioSocketChannel.java:337)
	at org.apache.ratis.thirdparty.io.netty.channel.nio.AbstractNioChannel$AbstractNioUnsafe.finishConnect(AbstractNioChannel.java:334)
	at org.apache.ratis.thirdparty.io.netty.channel.nio.NioEventLoop.processSelectedKey(NioEventLoop.java:776)
	at org.apache.ratis.thirdparty.io.netty.channel.nio.NioEventLoop.processSelectedKeysOptimized(NioEventLoop.java:724)
	at org.apache.ratis.thirdparty.io.netty.channel.nio.NioEventLoop.processSelectedKeys(NioEventLoop.java:650)
	at org.apache.ratis.thirdparty.io.netty.channel.nio.NioEventLoop.run(NioEventLoop.java:562)
	at org.apache.ratis.thirdparty.io.netty.util.concurrent.SingleThreadEventExecutor$4.run(SingleThreadEventExecutor.java:997)
	at org.apache.ratis.thirdparty.io.netty.util.internal.ThreadExecutorMap$2.run(ThreadExecutorMap.java:74)
	at java.base/java.lang.Thread.run(Thread.java:829)
2023-06-29 03:33:44,408 [NettyClientStreamRpc-workerGroup--thread3] WARN  client.NettyClientStreamRpc (NettyClientStreamRpc.java:scheduleReconnect(206)) - Connection-localhost/127.0.0.1:44447: org.apache.ratis.netty.client.NettyClientStreamRpc$Connection$1@130adab9 failed; schedule reconnecting to localhost/127.0.0.1:44447 in 100ms
2023-06-29 03:33:44,504 [NettyClientStreamRpc-workerGroup--thread3] WARN  client.NettyClientStreamRpc (NettyClientStreamRpc.java:scheduleReconnect(208)) - 
org.apache.ratis.thirdparty.io.netty.channel.AbstractChannel$AnnotatedConnectException: Connection refused: localhost/127.0.0.1:44447
Caused by: java.net.ConnectException: Connection refused
	at java.base/sun.nio.ch.SocketChannelImpl.checkConnect(Native Method)
	at java.base/sun.nio.ch.SocketChannelImpl.finishConnect(SocketChannelImpl.java:777)
	at org.apache.ratis.thirdparty.io.netty.channel.socket.nio.NioSocketChannel.doFinishConnect(NioSocketChannel.java:337)
	at org.apache.ratis.thirdparty.io.netty.channel.nio.AbstractNioChannel$AbstractNioUnsafe.finishConnect(AbstractNioChannel.java:334)
	at org.apache.ratis.thirdparty.io.netty.channel.nio.NioEventLoop.processSelectedKey(NioEventLoop.java:776)
	at org.apache.ratis.thirdparty.io.netty.channel.nio.NioEventLoop.processSelectedKeysOptimized(NioEventLoop.java:724)
	at org.apache.ratis.thirdparty.io.netty.channel.nio.NioEventLoop.processSelectedKeys(NioEventLoop.java:650)
	at org.apache.ratis.thirdparty.io.netty.channel.nio.NioEventLoop.run(NioEventLoop.java:562)
	at org.apache.ratis.thirdparty.io.netty.util.concurrent.SingleThreadEventExecutor$4.run(SingleThreadEventExecutor.java:997)
	at org.apache.ratis.thirdparty.io.netty.util.internal.ThreadExecutorMap$2.run(ThreadExecutorMap.java:74)
	at java.base/java.lang.Thread.run(Thread.java:829)
2023-06-29 03:33:44,445 [NettyClientStreamRpc-workerGroup--thread3] WARN  client.NettyClientStreamRpc (NettyClientStreamRpc.java:scheduleReconnect(206)) - Connection-localhost/127.0.0.1:36939: org.apache.ratis.netty.client.NettyClientStreamRpc$Connection$1@7c5cc742 failed; schedule reconnecting to localhost/127.0.0.1:36939 in 100ms
2023-06-29 03:33:44,505 [NettyClientStreamRpc-workerGroup--thread3] WARN  client.NettyClientStreamRpc (NettyClientStreamRpc.java:scheduleReconnect(208)) - 
org.apache.ratis.thirdparty.io.netty.channel.AbstractChannel$AnnotatedConnectException: Connection refused: localhost/127.0.0.1:36939
Caused by: java.net.ConnectException: Connection refused
	at java.base/sun.nio.ch.SocketChannelImpl.checkConnect(Native Method)
	at java.base/sun.nio.ch.SocketChannelImpl.finishConnect(SocketChannelImpl.java:777)
	at org.apache.ratis.thirdparty.io.netty.channel.socket.nio.NioSocketChannel.doFinishConnect(NioSocketChannel.java:337)
	at org.apache.ratis.thirdparty.io.netty.channel.nio.AbstractNioChannel$AbstractNioUnsafe.finishConnect(AbstractNioChannel.java:334)
	at org.apache.ratis.thirdparty.io.netty.channel.nio.NioEventLoop.processSelectedKey(NioEventLoop.java:776)
	at org.apache.ratis.thirdparty.io.netty.channel.nio.NioEventLoop.processSelectedKeysOptimized(NioEventLoop.java:724)
	at org.apache.ratis.thirdparty.io.netty.channel.nio.NioEventLoop.processSelectedKeys(NioEventLoop.java:650)
	at org.apache.ratis.thirdparty.io.netty.channel.nio.NioEventLoop.run(NioEventLoop.java:562)
	at org.apache.ratis.thirdparty.io.netty.util.concurrent.SingleThreadEventExecutor$4.run(SingleThreadEventExecutor.java:997)
	at org.apache.ratis.thirdparty.io.netty.util.internal.ThreadExecutorMap$2.run(ThreadExecutorMap.java:74)
	at java.base/java.lang.Thread.run(Thread.java:829)
2023-06-29 03:33:44,445 [Thread-561] WARN  util.PeerProxyMap (PeerProxyMap.java:closeProxy(170)) - s1-NettyServerStreamRpc: Failed to close proxy for peer s0|rpc:localhost:34083|admin:localhost:38787|client:localhost:33075|dataStream:localhost:39011|priority:0|startupRole:FOLLOWER, proxy class: class org.apache.ratis.client.impl.DataStreamClientImpl
org.apache.ratis.thirdparty.io.netty.channel.AbstractChannel$AnnotatedConnectException: Connection refused: localhost/127.0.0.1:39011
Caused by: java.net.ConnectException: Connection refused
	at java.base/sun.nio.ch.SocketChannelImpl.checkConnect(Native Method)
	at java.base/sun.nio.ch.SocketChannelImpl.finishConnect(SocketChannelImpl.java:777)
	at org.apache.ratis.thirdparty.io.netty.channel.socket.nio.NioSocketChannel.doFinishConnect(NioSocketChannel.java:337)
	at org.apache.ratis.thirdparty.io.netty.channel.nio.AbstractNioChannel$AbstractNioUnsafe.finishConnect(AbstractNioChannel.java:334)
	at org.apache.ratis.thirdparty.io.netty.channel.nio.NioEventLoop.processSelectedKey(NioEventLoop.java:776)
	at org.apache.ratis.thirdparty.io.netty.channel.nio.NioEventLoop.processSelectedKeysOptimized(NioEventLoop.java:724)
	at org.apache.ratis.thirdparty.io.netty.channel.nio.NioEventLoop.processSelectedKeys(NioEventLoop.java:650)
	at org.apache.ratis.thirdparty.io.netty.channel.nio.NioEventLoop.run(NioEventLoop.java:562)
	at org.apache.ratis.thirdparty.io.netty.util.concurrent.SingleThreadEventExecutor$4.run(SingleThreadEventExecutor.java:997)
	at org.apache.ratis.thirdparty.io.netty.util.internal.ThreadExecutorMap$2.run(ThreadExecutorMap.java:74)
	at java.base/java.lang.Thread.run(Thread.java:829)
2023-06-29 03:33:44,444 [NettyClientStreamRpc-workerGroup--thread3] WARN  client.NettyClientStreamRpc (NettyClientStreamRpc.java:scheduleReconnect(206)) - Connection-localhost/127.0.0.1:44447: org.apache.ratis.netty.client.NettyClientStreamRpc$Connection$1@37f41876 failed; schedule reconnecting to localhost/127.0.0.1:44447 in 100ms
2023-06-29 03:33:44,512 [NettyClientStreamRpc-workerGroup--thread3] WARN  client.NettyClientStreamRpc (NettyClientStreamRpc.java:scheduleReconnect(208)) - 
org.apache.ratis.thirdparty.io.netty.channel.AbstractChannel$AnnotatedConnectException: Connection refused: localhost/127.0.0.1:44447
Caused by: java.net.ConnectException: Connection refused
	at java.base/sun.nio.ch.SocketChannelImpl.checkConnect(Native Method)
	at java.base/sun.nio.ch.SocketChannelImpl.finishConnect(SocketChannelImpl.java:777)
	at org.apache.ratis.thirdparty.io.netty.channel.socket.nio.NioSocketChannel.doFinishConnect(NioSocketChannel.java:337)
	at org.apache.ratis.thirdparty.io.netty.channel.nio.AbstractNioChannel$AbstractNioUnsafe.finishConnect(AbstractNioChannel.java:334)
	at org.apache.ratis.thirdparty.io.netty.channel.nio.NioEventLoop.processSelectedKey(NioEventLoop.java:776)
	at org.apache.ratis.thirdparty.io.netty.channel.nio.NioEventLoop.processSelectedKeysOptimized(NioEventLoop.java:724)
	at org.apache.ratis.thirdparty.io.netty.channel.nio.NioEventLoop.processSelectedKeys(NioEventLoop.java:650)
	at org.apache.ratis.thirdparty.io.netty.channel.nio.NioEventLoop.run(NioEventLoop.java:562)
	at org.apache.ratis.thirdparty.io.netty.util.concurrent.SingleThreadEventExecutor$4.run(SingleThreadEventExecutor.java:997)
	at org.apache.ratis.thirdparty.io.netty.util.internal.ThreadExecutorMap$2.run(ThreadExecutorMap.java:74)
	at java.base/java.lang.Thread.run(Thread.java:829)
2023-06-29 03:33:44,512 [Thread-623] WARN  util.PeerProxyMap (PeerProxyMap.java:closeProxy(170)) - s1-NettyServerStreamRpc: Failed to close proxy for peer s0|rpc:localhost:34083|admin:localhost:38787|client:localhost:33075|dataStream:localhost:39011|priority:0|startupRole:FOLLOWER, proxy class: class org.apache.ratis.client.impl.DataStreamClientImpl
org.apache.ratis.thirdparty.io.netty.channel.AbstractChannel$AnnotatedConnectException: Connection refused: localhost/127.0.0.1:39011
Caused by: java.net.ConnectException: Connection refused
	at java.base/sun.nio.ch.SocketChannelImpl.checkConnect(Native Method)
	at java.base/sun.nio.ch.SocketChannelImpl.finishConnect(SocketChannelImpl.java:777)
	at org.apache.ratis.thirdparty.io.netty.channel.socket.nio.NioSocketChannel.doFinishConnect(NioSocketChannel.java:337)
	at org.apache.ratis.thirdparty.io.netty.channel.nio.AbstractNioChannel$AbstractNioUnsafe.finishConnect(AbstractNioChannel.java:334)
	at org.apache.ratis.thirdparty.io.netty.channel.nio.NioEventLoop.processSelectedKey(NioEventLoop.java:776)
	at org.apache.ratis.thirdparty.io.netty.channel.nio.NioEventLoop.processSelectedKeysOptimized(NioEventLoop.java:724)
	at org.apache.ratis.thirdparty.io.netty.channel.nio.NioEventLoop.processSelectedKeys(NioEventLoop.java:650)
	at org.apache.ratis.thirdparty.io.netty.channel.nio.NioEventLoop.run(NioEventLoop.java:562)
	at org.apache.ratis.thirdparty.io.netty.util.concurrent.SingleThreadEventExecutor$4.run(SingleThreadEventExecutor.java:997)
	at org.apache.ratis.thirdparty.io.netty.util.internal.ThreadExecutorMap$2.run(ThreadExecutorMap.java:74)
	at java.base/java.lang.Thread.run(Thread.java:829)
2023-06-29 03:33:44,444 [NettyClientStreamRpc-workerGroup--thread3] WARN  client.NettyClientStreamRpc (NettyClientStreamRpc.java:scheduleReconnect(206)) - Connection-localhost/127.0.0.1:44447: org.apache.ratis.netty.client.NettyClientStreamRpc$Connection$1@741209bc failed; schedule reconnecting to localhost/127.0.0.1:44447 in 100ms
2023-06-29 03:33:44,513 [NettyClientStreamRpc-workerGroup--thread3] WARN  client.NettyClientStreamRpc (NettyClientStreamRpc.java:scheduleReconnect(208)) - 
org.apache.ratis.thirdparty.io.netty.channel.AbstractChannel$AnnotatedConnectException: Connection refused: localhost/127.0.0.1:44447
Caused by: java.net.ConnectException: Connection refused
	at java.base/sun.nio.ch.SocketChannelImpl.checkConnect(Native Method)
	at java.base/sun.nio.ch.SocketChannelImpl.finishConnect(SocketChannelImpl.java:777)
	at org.apache.ratis.thirdparty.io.netty.channel.socket.nio.NioSocketChannel.doFinishConnect(NioSocketChannel.java:337)
	at org.apache.ratis.thirdparty.io.netty.channel.nio.AbstractNioChannel$AbstractNioUnsafe.finishConnect(AbstractNioChannel.java:334)
	at org.apache.ratis.thirdparty.io.netty.channel.nio.NioEventLoop.processSelectedKey(NioEventLoop.java:776)
	at org.apache.ratis.thirdparty.io.netty.channel.nio.NioEventLoop.processSelectedKeysOptimized(NioEventLoop.java:724)
	at org.apache.ratis.thirdparty.io.netty.channel.nio.NioEventLoop.processSelectedKeys(NioEventLoop.java:650)
	at org.apache.ratis.thirdparty.io.netty.channel.nio.NioEventLoop.run(NioEventLoop.java:562)
	at org.apache.ratis.thirdparty.io.netty.util.concurrent.SingleThreadEventExecutor$4.run(SingleThreadEventExecutor.java:997)
	at org.apache.ratis.thirdparty.io.netty.util.internal.ThreadExecutorMap$2.run(ThreadExecutorMap.java:74)
	at java.base/java.lang.Thread.run(Thread.java:829)
2023-06-29 03:33:44,513 [Thread-624] WARN  util.PeerProxyMap (PeerProxyMap.java:closeProxy(170)) - s1-NettyServerStreamRpc: Failed to close proxy for peer s2|rpc:localhost:38471|admin:localhost:33067|client:localhost:37939|dataStream:localhost:44447|priority:0|startupRole:FOLLOWER, proxy class: class org.apache.ratis.client.impl.DataStreamClientImpl
org.apache.ratis.thirdparty.io.netty.channel.AbstractChannel$AnnotatedConnectException: Connection refused: localhost/127.0.0.1:44447
Caused by: java.net.ConnectException: Connection refused
	at java.base/sun.nio.ch.SocketChannelImpl.checkConnect(Native Method)
	at java.base/sun.nio.ch.SocketChannelImpl.finishConnect(SocketChannelImpl.java:777)
	at org.apache.ratis.thirdparty.io.netty.channel.socket.nio.NioSocketChannel.doFinishConnect(NioSocketChannel.java:337)
	at org.apache.ratis.thirdparty.io.netty.channel.nio.AbstractNioChannel$AbstractNioUnsafe.finishConnect(AbstractNioChannel.java:334)
	at org.apache.ratis.thirdparty.io.netty.channel.nio.NioEventLoop.processSelectedKey(NioEventLoop.java:776)
	at org.apache.ratis.thirdparty.io.netty.channel.nio.NioEventLoop.processSelectedKeysOptimized(NioEventLoop.java:724)
	at org.apache.ratis.thirdparty.io.netty.channel.nio.NioEventLoop.processSelectedKeys(NioEventLoop.java:650)
	at org.apache.ratis.thirdparty.io.netty.channel.nio.NioEventLoop.run(NioEventLoop.java:562)
	at org.apache.ratis.thirdparty.io.netty.util.concurrent.SingleThreadEventExecutor$4.run(SingleThreadEventExecutor.java:997)
	at org.apache.ratis.thirdparty.io.netty.util.internal.ThreadExecutorMap$2.run(ThreadExecutorMap.java:74)
	at java.base/java.lang.Thread.run(Thread.java:829)
2023-06-29 03:33:44,444 [NettyClientStreamRpc-workerGroup--thread3] WARN  client.NettyClientStreamRpc (NettyClientStreamRpc.java:scheduleReconnect(206)) - Connection-localhost/127.0.0.1:39011: org.apache.ratis.netty.client.NettyClientStreamRpc$Connection$1@ec1cc44 failed; schedule reconnecting to localhost/127.0.0.1:39011 in 100ms
2023-06-29 03:33:44,522 [NettyClientStreamRpc-workerGroup--thread3] WARN  client.NettyClientStreamRpc (NettyClientStreamRpc.java:scheduleReconnect(208)) - 
org.apache.ratis.thirdparty.io.netty.channel.AbstractChannel$AnnotatedConnectException: Connection refused: localhost/127.0.0.1:39011
Caused by: java.net.ConnectException: Connection refused
	at java.base/sun.nio.ch.SocketChannelImpl.checkConnect(Native Method)
	at java.base/sun.nio.ch.SocketChannelImpl.finishConnect(SocketChannelImpl.java:777)
	at org.apache.ratis.thirdparty.io.netty.channel.socket.nio.NioSocketChannel.doFinishConnect(NioSocketChannel.java:337)
	at org.apache.ratis.thirdparty.io.netty.channel.nio.AbstractNioChannel$AbstractNioUnsafe.finishConnect(AbstractNioChannel.java:334)
	at org.apache.ratis.thirdparty.io.netty.channel.nio.NioEventLoop.processSelectedKey(NioEventLoop.java:776)
	at org.apache.ratis.thirdparty.io.netty.channel.nio.NioEventLoop.processSelectedKeysOptimized(NioEventLoop.java:724)
	at org.apache.ratis.thirdparty.io.netty.channel.nio.NioEventLoop.processSelectedKeys(NioEventLoop.java:650)
	at org.apache.ratis.thirdparty.io.netty.channel.nio.NioEventLoop.run(NioEventLoop.java:562)
	at org.apache.ratis.thirdparty.io.netty.util.concurrent.SingleThreadEventExecutor$4.run(SingleThreadEventExecutor.java:997)
	at org.apache.ratis.thirdparty.io.netty.util.internal.ThreadExecutorMap$2.run(ThreadExecutorMap.java:74)
	at java.base/java.lang.Thread.run(Thread.java:829)
2023-06-29 03:33:44,444 [NettyClientStreamRpc-workerGroup--thread3] WARN  client.NettyClientStreamRpc (NettyClientStreamRpc.java:scheduleReconnect(206)) - Connection-localhost/127.0.0.1:39011: org.apache.ratis.netty.client.NettyClientStreamRpc$Connection$1@348088bf failed; schedule reconnecting to localhost/127.0.0.1:39011 in 100ms
2023-06-29 03:33:44,523 [NettyClientStreamRpc-workerGroup--thread3] WARN  client.NettyClientStreamRpc (NettyClientStreamRpc.java:scheduleReconnect(208)) - 
org.apache.ratis.thirdparty.io.netty.channel.AbstractChannel$AnnotatedConnectException: Connection refused: localhost/127.0.0.1:39011
Caused by: java.net.ConnectException: Connection refused
	at java.base/sun.nio.ch.SocketChannelImpl.checkConnect(Native Method)
	at java.base/sun.nio.ch.SocketChannelImpl.finishConnect(SocketChannelImpl.java:777)
	at org.apache.ratis.thirdparty.io.netty.channel.socket.nio.NioSocketChannel.doFinishConnect(NioSocketChannel.java:337)
	at org.apache.ratis.thirdparty.io.netty.channel.nio.AbstractNioChannel$AbstractNioUnsafe.finishConnect(AbstractNioChannel.java:334)
	at org.apache.ratis.thirdparty.io.netty.channel.nio.NioEventLoop.processSelectedKey(NioEventLoop.java:776)
	at org.apache.ratis.thirdparty.io.netty.channel.nio.NioEventLoop.processSelectedKeysOptimized(NioEventLoop.java:724)
	at org.apache.ratis.thirdparty.io.netty.channel.nio.NioEventLoop.processSelectedKeys(NioEventLoop.java:650)
	at org.apache.ratis.thirdparty.io.netty.channel.nio.NioEventLoop.run(NioEventLoop.java:562)
	at org.apache.ratis.thirdparty.io.netty.util.concurrent.SingleThreadEventExecutor$4.run(SingleThreadEventExecutor.java:997)
	at org.apache.ratis.thirdparty.io.netty.util.internal.ThreadExecutorMap$2.run(ThreadExecutorMap.java:74)
	at java.base/java.lang.Thread.run(Thread.java:829)
2023-06-29 03:33:44,444 [Thread-517] WARN  util.PeerProxyMap (PeerProxyMap.java:closeProxy(170)) - s2-NettyServerStreamRpc: Failed to close proxy for peer s0|rpc:localhost:34083|admin:localhost:38787|client:localhost:33075|dataStream:localhost:39011|priority:0|startupRole:FOLLOWER, proxy class: class org.apache.ratis.client.impl.DataStreamClientImpl
org.apache.ratis.thirdparty.io.netty.channel.AbstractChannel$AnnotatedConnectException: Connection refused: localhost/127.0.0.1:39011
Caused by: java.net.ConnectException: Connection refused
	at java.base/sun.nio.ch.SocketChannelImpl.checkConnect(Native Method)
	at java.base/sun.nio.ch.SocketChannelImpl.finishConnect(SocketChannelImpl.java:777)
	at org.apache.ratis.thirdparty.io.netty.channel.socket.nio.NioSocketChannel.doFinishConnect(NioSocketChannel.java:337)
	at org.apache.ratis.thirdparty.io.netty.channel.nio.AbstractNioChannel$AbstractNioUnsafe.finishConnect(AbstractNioChannel.java:334)
	at org.apache.ratis.thirdparty.io.netty.channel.nio.NioEventLoop.processSelectedKey(NioEventLoop.java:776)
	at org.apache.ratis.thirdparty.io.netty.channel.nio.NioEventLoop.processSelectedKeysOptimized(NioEventLoop.java:724)
	at org.apache.ratis.thirdparty.io.netty.channel.nio.NioEventLoop.processSelectedKeys(NioEventLoop.java:650)
	at org.apache.ratis.thirdparty.io.netty.channel.nio.NioEventLoop.run(NioEventLoop.java:562)
	at org.apache.ratis.thirdparty.io.netty.util.concurrent.SingleThreadEventExecutor$4.run(SingleThreadEventExecutor.java:997)
	at org.apache.ratis.thirdparty.io.netty.util.internal.ThreadExecutorMap$2.run(ThreadExecutorMap.java:74)
	at java.base/java.lang.Thread.run(Thread.java:829)
2023-06-29 03:33:44,444 [NettyClientStreamRpc-workerGroup--thread3] WARN  client.NettyClientStreamRpc (NettyClientStreamRpc.java:scheduleReconnect(206)) - Connection-localhost/127.0.0.1:44447: org.apache.ratis.netty.client.NettyClientStreamRpc$Connection$1@444cdab7 failed; schedule reconnecting to localhost/127.0.0.1:44447 in 100ms
2023-06-29 03:33:44,531 [NettyClientStreamRpc-workerGroup--thread3] WARN  client.NettyClientStreamRpc (NettyClientStreamRpc.java:scheduleReconnect(208)) - 
org.apache.ratis.thirdparty.io.netty.channel.AbstractChannel$AnnotatedConnectException: Connection refused: localhost/127.0.0.1:44447
Caused by: java.net.ConnectException: Connection refused
	at java.base/sun.nio.ch.SocketChannelImpl.checkConnect(Native Method)
	at java.base/sun.nio.ch.SocketChannelImpl.finishConnect(SocketChannelImpl.java:777)
	at org.apache.ratis.thirdparty.io.netty.channel.socket.nio.NioSocketChannel.doFinishConnect(NioSocketChannel.java:337)
	at org.apache.ratis.thirdparty.io.netty.channel.nio.AbstractNioChannel$AbstractNioUnsafe.finishConnect(AbstractNioChannel.java:334)
	at org.apache.ratis.thirdparty.io.netty.channel.nio.NioEventLoop.processSelectedKey(NioEventLoop.java:776)
	at org.apache.ratis.thirdparty.io.netty.channel.nio.NioEventLoop.processSelectedKeysOptimized(NioEventLoop.java:724)
	at org.apache.ratis.thirdparty.io.netty.channel.nio.NioEventLoop.processSelectedKeys(NioEventLoop.java:650)
	at org.apache.ratis.thirdparty.io.netty.channel.nio.NioEventLoop.run(NioEventLoop.java:562)
	at org.apache.ratis.thirdparty.io.netty.util.concurrent.SingleThreadEventExecutor$4.run(SingleThreadEventExecutor.java:997)
	at org.apache.ratis.thirdparty.io.netty.util.internal.ThreadExecutorMap$2.run(ThreadExecutorMap.java:74)
	at java.base/java.lang.Thread.run(Thread.java:829)
2023-06-29 03:33:44,444 [NettyClientStreamRpc-workerGroup--thread3] WARN  client.NettyClientStreamRpc (NettyClientStreamRpc.java:scheduleReconnect(206)) - Connection-localhost/127.0.0.1:44447: org.apache.ratis.netty.client.NettyClientStreamRpc$Connection$1@7cc3ce31 failed; schedule reconnecting to localhost/127.0.0.1:44447 in 100ms
2023-06-29 03:33:44,531 [NettyClientStreamRpc-workerGroup--thread3] WARN  client.NettyClientStreamRpc (NettyClientStreamRpc.java:scheduleReconnect(208)) - 
org.apache.ratis.thirdparty.io.netty.channel.AbstractChannel$AnnotatedConnectException: Connection refused: localhost/127.0.0.1:44447
Caused by: java.net.ConnectException: Connection refused
	at java.base/sun.nio.ch.SocketChannelImpl.checkConnect(Native Method)
	at java.base/sun.nio.ch.SocketChannelImpl.finishConnect(SocketChannelImpl.java:777)
	at org.apache.ratis.thirdparty.io.netty.channel.socket.nio.NioSocketChannel.doFinishConnect(NioSocketChannel.java:337)
	at org.apache.ratis.thirdparty.io.netty.channel.nio.AbstractNioChannel$AbstractNioUnsafe.finishConnect(AbstractNioChannel.java:334)
	at org.apache.ratis.thirdparty.io.netty.channel.nio.NioEventLoop.processSelectedKey(NioEventLoop.java:776)
	at org.apache.ratis.thirdparty.io.netty.channel.nio.NioEventLoop.processSelectedKeysOptimized(NioEventLoop.java:724)
	at org.apache.ratis.thirdparty.io.netty.channel.nio.NioEventLoop.processSelectedKeys(NioEventLoop.java:650)
	at org.apache.ratis.thirdparty.io.netty.channel.nio.NioEventLoop.run(NioEventLoop.java:562)
	at org.apache.ratis.thirdparty.io.netty.util.concurrent.SingleThreadEventExecutor$4.run(SingleThreadEventExecutor.java:997)
	at org.apache.ratis.thirdparty.io.netty.util.internal.ThreadExecutorMap$2.run(ThreadExecutorMap.java:74)
	at java.base/java.lang.Thread.run(Thread.java:829)
2023-06-29 03:33:44,444 [NettyClientStreamRpc-workerGroup--thread3] WARN  client.NettyClientStreamRpc (NettyClientStreamRpc.java:scheduleReconnect(206)) - Connection-localhost/127.0.0.1:39011: org.apache.ratis.netty.client.NettyClientStreamRpc$Connection$1@4c84b919 failed; schedule reconnecting to localhost/127.0.0.1:39011 in 100ms
2023-06-29 03:33:44,531 [NettyClientStreamRpc-workerGroup--thread3] WARN  client.NettyClientStreamRpc (NettyClientStreamRpc.java:scheduleReconnect(208)) - 
org.apache.ratis.thirdparty.io.netty.channel.AbstractChannel$AnnotatedConnectException: Connection refused: localhost/127.0.0.1:39011
Caused by: java.net.ConnectException: Connection refused
	at java.base/sun.nio.ch.SocketChannelImpl.checkConnect(Native Method)
	at java.base/sun.nio.ch.SocketChannelImpl.finishConnect(SocketChannelImpl.java:777)
	at org.apache.ratis.thirdparty.io.netty.channel.socket.nio.NioSocketChannel.doFinishConnect(NioSocketChannel.java:337)
	at org.apache.ratis.thirdparty.io.netty.channel.nio.AbstractNioChannel$AbstractNioUnsafe.finishConnect(AbstractNioChannel.java:334)
	at org.apache.ratis.thirdparty.io.netty.channel.nio.NioEventLoop.processSelectedKey(NioEventLoop.java:776)
	at org.apache.ratis.thirdparty.io.netty.channel.nio.NioEventLoop.processSelectedKeysOptimized(NioEventLoop.java:724)
	at org.apache.ratis.thirdparty.io.netty.channel.nio.NioEventLoop.processSelectedKeys(NioEventLoop.java:650)
	at org.apache.ratis.thirdparty.io.netty.channel.nio.NioEventLoop.run(NioEventLoop.java:562)
	at org.apache.ratis.thirdparty.io.netty.util.concurrent.SingleThreadEventExecutor$4.run(SingleThreadEventExecutor.java:997)
	at org.apache.ratis.thirdparty.io.netty.util.internal.ThreadExecutorMap$2.run(ThreadExecutorMap.java:74)
	at java.base/java.lang.Thread.run(Thread.java:829)
2023-06-29 03:33:44,444 [NettyClientStreamRpc-workerGroup--thread3] WARN  client.NettyClientStreamRpc (NettyClientStreamRpc.java:scheduleReconnect(206)) - Connection-localhost/127.0.0.1:44447: org.apache.ratis.netty.client.NettyClientStreamRpc$Connection$1@5263c768 failed; schedule reconnecting to localhost/127.0.0.1:44447 in 100ms
2023-06-29 03:33:44,533 [NettyClientStreamRpc-workerGroup--thread3] WARN  client.NettyClientStreamRpc (NettyClientStreamRpc.java:scheduleReconnect(208)) - 
org.apache.ratis.thirdparty.io.netty.channel.AbstractChannel$AnnotatedConnectException: Connection refused: localhost/127.0.0.1:44447
Caused by: java.net.ConnectException: Connection refused
	at java.base/sun.nio.ch.SocketChannelImpl.checkConnect(Native Method)
	at java.base/sun.nio.ch.SocketChannelImpl.finishConnect(SocketChannelImpl.java:777)
	at org.apache.ratis.thirdparty.io.netty.channel.socket.nio.NioSocketChannel.doFinishConnect(NioSocketChannel.java:337)
	at org.apache.ratis.thirdparty.io.netty.channel.nio.AbstractNioChannel$AbstractNioUnsafe.finishConnect(AbstractNioChannel.java:334)
	at org.apache.ratis.thirdparty.io.netty.channel.nio.NioEventLoop.processSelectedKey(NioEventLoop.java:776)
	at org.apache.ratis.thirdparty.io.netty.channel.nio.NioEventLoop.processSelectedKeysOptimized(NioEventLoop.java:724)
	at org.apache.ratis.thirdparty.io.netty.channel.nio.NioEventLoop.processSelectedKeys(NioEventLoop.java:650)
	at org.apache.ratis.thirdparty.io.netty.channel.nio.NioEventLoop.run(NioEventLoop.java:562)
	at org.apache.ratis.thirdparty.io.netty.util.concurrent.SingleThreadEventExecutor$4.run(SingleThreadEventExecutor.java:997)
	at org.apache.ratis.thirdparty.io.netty.util.internal.ThreadExecutorMap$2.run(ThreadExecutorMap.java:74)
	at java.base/java.lang.Thread.run(Thread.java:829)
2023-06-29 03:33:44,444 [NettyClientStreamRpc-workerGroup--thread3] WARN  client.NettyClientStreamRpc (NettyClientStreamRpc.java:scheduleReconnect(206)) - Connection-localhost/127.0.0.1:44447: org.apache.ratis.netty.client.NettyClientStreamRpc$Connection$1@4525e38d failed; schedule reconnecting to localhost/127.0.0.1:44447 in 100ms
2023-06-29 03:33:44,534 [NettyClientStreamRpc-workerGroup--thread3] WARN  client.NettyClientStreamRpc (NettyClientStreamRpc.java:scheduleReconnect(208)) - 
org.apache.ratis.thirdparty.io.netty.channel.AbstractChannel$AnnotatedConnectException: Connection refused: localhost/127.0.0.1:44447
Caused by: java.net.ConnectException: Connection refused
	at java.base/sun.nio.ch.SocketChannelImpl.checkConnect(Native Method)
	at java.base/sun.nio.ch.SocketChannelImpl.finishConnect(SocketChannelImpl.java:777)
	at org.apache.ratis.thirdparty.io.netty.channel.socket.nio.NioSocketChannel.doFinishConnect(NioSocketChannel.java:337)
	at org.apache.ratis.thirdparty.io.netty.channel.nio.AbstractNioChannel$AbstractNioUnsafe.finishConnect(AbstractNioChannel.java:334)
	at org.apache.ratis.thirdparty.io.netty.channel.nio.NioEventLoop.processSelectedKey(NioEventLoop.java:776)
	at org.apache.ratis.thirdparty.io.netty.channel.nio.NioEventLoop.processSelectedKeysOptimized(NioEventLoop.java:724)
	at org.apache.ratis.thirdparty.io.netty.channel.nio.NioEventLoop.processSelectedKeys(NioEventLoop.java:650)
	at org.apache.ratis.thirdparty.io.netty.channel.nio.NioEventLoop.run(NioEventLoop.java:562)
	at org.apache.ratis.thirdparty.io.netty.util.concurrent.SingleThreadEventExecutor$4.run(SingleThreadEventExecutor.java:997)
	at org.apache.ratis.thirdparty.io.netty.util.internal.ThreadExecutorMap$2.run(ThreadExecutorMap.java:74)
	at java.base/java.lang.Thread.run(Thread.java:829)
2023-06-29 03:33:44,442 [NettyClientStreamRpc-workerGroup--thread3] WARN  client.NettyClientStreamRpc (NettyClientStreamRpc.java:scheduleReconnect(206)) - Connection-localhost/127.0.0.1:36939: org.apache.ratis.netty.client.NettyClientStreamRpc$Connection$1@3c87bb1f failed; schedule reconnecting to localhost/127.0.0.1:36939 in 100ms
2023-06-29 03:33:44,534 [NettyClientStreamRpc-workerGroup--thread3] WARN  client.NettyClientStreamRpc (NettyClientStreamRpc.java:scheduleReconnect(208)) - 
org.apache.ratis.thirdparty.io.netty.channel.AbstractChannel$AnnotatedConnectException: Connection refused: localhost/127.0.0.1:36939
Caused by: java.net.ConnectException: Connection refused
	at java.base/sun.nio.ch.SocketChannelImpl.checkConnect(Native Method)
	at java.base/sun.nio.ch.SocketChannelImpl.finishConnect(SocketChannelImpl.java:777)
	at org.apache.ratis.thirdparty.io.netty.channel.socket.nio.NioSocketChannel.doFinishConnect(NioSocketChannel.java:337)
	at org.apache.ratis.thirdparty.io.netty.channel.nio.AbstractNioChannel$AbstractNioUnsafe.finishConnect(AbstractNioChannel.java:334)
	at org.apache.ratis.thirdparty.io.netty.channel.nio.NioEventLoop.processSelectedKey(NioEventLoop.java:776)
	at org.apache.ratis.thirdparty.io.netty.channel.nio.NioEventLoop.processSelectedKeysOptimized(NioEventLoop.java:724)
	at org.apache.ratis.thirdparty.io.netty.channel.nio.NioEventLoop.processSelectedKeys(NioEventLoop.java:650)
	at org.apache.ratis.thirdparty.io.netty.channel.nio.NioEventLoop.run(NioEventLoop.java:562)
	at org.apache.ratis.thirdparty.io.netty.util.concurrent.SingleThreadEventExecutor$4.run(SingleThreadEventExecutor.java:997)
	at org.apache.ratis.thirdparty.io.netty.util.internal.ThreadExecutorMap$2.run(ThreadExecutorMap.java:74)
	at java.base/java.lang.Thread.run(Thread.java:829)
2023-06-29 03:33:44,442 [NettyClientStreamRpc-workerGroup--thread3] WARN  client.NettyClientStreamRpc (NettyClientStreamRpc.java:scheduleReconnect(206)) - Connection-localhost/127.0.0.1:36939: org.apache.ratis.netty.client.NettyClientStreamRpc$Connection$1@3a369744 failed; schedule reconnecting to localhost/127.0.0.1:36939 in 100ms
2023-06-29 03:33:44,534 [NettyClientStreamRpc-workerGroup--thread3] WARN  client.NettyClientStreamRpc (NettyClientStreamRpc.java:scheduleReconnect(208)) - 
org.apache.ratis.thirdparty.io.netty.channel.AbstractChannel$AnnotatedConnectException: Connection refused: localhost/127.0.0.1:36939
Caused by: java.net.ConnectException: Connection refused
	at java.base/sun.nio.ch.SocketChannelImpl.checkConnect(Native Method)
	at java.base/sun.nio.ch.SocketChannelImpl.finishConnect(SocketChannelImpl.java:777)
	at org.apache.ratis.thirdparty.io.netty.channel.socket.nio.NioSocketChannel.doFinishConnect(NioSocketChannel.java:337)
	at org.apache.ratis.thirdparty.io.netty.channel.nio.AbstractNioChannel$AbstractNioUnsafe.finishConnect(AbstractNioChannel.java:334)
	at org.apache.ratis.thirdparty.io.netty.channel.nio.NioEventLoop.processSelectedKey(NioEventLoop.java:776)
	at org.apache.ratis.thirdparty.io.netty.channel.nio.NioEventLoop.processSelectedKeysOptimized(NioEventLoop.java:724)
	at org.apache.ratis.thirdparty.io.netty.channel.nio.NioEventLoop.processSelectedKeys(NioEventLoop.java:650)
	at org.apache.ratis.thirdparty.io.netty.channel.nio.NioEventLoop.run(NioEventLoop.java:562)
	at org.apache.ratis.thirdparty.io.netty.util.concurrent.SingleThreadEventExecutor$4.run(SingleThreadEventExecutor.java:997)
	at org.apache.ratis.thirdparty.io.netty.util.internal.ThreadExecutorMap$2.run(ThreadExecutorMap.java:74)
	at java.base/java.lang.Thread.run(Thread.java:829)
2023-06-29 03:33:44,442 [NettyClientStreamRpc-workerGroup--thread3] WARN  client.NettyClientStreamRpc (NettyClientStreamRpc.java:scheduleReconnect(206)) - Connection-localhost/127.0.0.1:36939: org.apache.ratis.netty.client.NettyClientStreamRpc$Connection$1@79417391 failed; schedule reconnecting to localhost/127.0.0.1:36939 in 100ms
2023-06-29 03:33:44,534 [NettyClientStreamRpc-workerGroup--thread3] WARN  client.NettyClientStreamRpc (NettyClientStreamRpc.java:scheduleReconnect(208)) - 
org.apache.ratis.thirdparty.io.netty.channel.AbstractChannel$AnnotatedConnectException: Connection refused: localhost/127.0.0.1:36939
Caused by: java.net.ConnectException: Connection refused
	at java.base/sun.nio.ch.SocketChannelImpl.checkConnect(Native Method)
	at java.base/sun.nio.ch.SocketChannelImpl.finishConnect(SocketChannelImpl.java:777)
	at org.apache.ratis.thirdparty.io.netty.channel.socket.nio.NioSocketChannel.doFinishConnect(NioSocketChannel.java:337)
	at org.apache.ratis.thirdparty.io.netty.channel.nio.AbstractNioChannel$AbstractNioUnsafe.finishConnect(AbstractNioChannel.java:334)
	at org.apache.ratis.thirdparty.io.netty.channel.nio.NioEventLoop.processSelectedKey(NioEventLoop.java:776)
	at org.apache.ratis.thirdparty.io.netty.channel.nio.NioEventLoop.processSelectedKeysOptimized(NioEventLoop.java:724)
	at org.apache.ratis.thirdparty.io.netty.channel.nio.NioEventLoop.processSelectedKeys(NioEventLoop.java:650)
	at org.apache.ratis.thirdparty.io.netty.channel.nio.NioEventLoop.run(NioEventLoop.java:562)
	at org.apache.ratis.thirdparty.io.netty.util.concurrent.SingleThreadEventExecutor$4.run(SingleThreadEventExecutor.java:997)
	at org.apache.ratis.thirdparty.io.netty.util.internal.ThreadExecutorMap$2.run(ThreadExecutorMap.java:74)
	at java.base/java.lang.Thread.run(Thread.java:829)
2023-06-29 03:33:44,442 [NettyClientStreamRpc-workerGroup--thread3] WARN  client.NettyClientStreamRpc (NettyClientStreamRpc.java:scheduleReconnect(206)) - Connection-localhost/127.0.0.1:39011: org.apache.ratis.netty.client.NettyClientStreamRpc$Connection$1@6dfbd7bc failed; schedule reconnecting to localhost/127.0.0.1:39011 in 100ms
2023-06-29 03:33:44,534 [NettyClientStreamRpc-workerGroup--thread3] WARN  client.NettyClientStreamRpc (NettyClientStreamRpc.java:scheduleReconnect(208)) - 
org.apache.ratis.thirdparty.io.netty.channel.AbstractChannel$AnnotatedConnectException: Connection refused: localhost/127.0.0.1:39011
Caused by: java.net.ConnectException: Connection refused
	at java.base/sun.nio.ch.SocketChannelImpl.checkConnect(Native Method)
	at java.base/sun.nio.ch.SocketChannelImpl.finishConnect(SocketChannelImpl.java:777)
	at org.apache.ratis.thirdparty.io.netty.channel.socket.nio.NioSocketChannel.doFinishConnect(NioSocketChannel.java:337)
	at org.apache.ratis.thirdparty.io.netty.channel.nio.AbstractNioChannel$AbstractNioUnsafe.finishConnect(AbstractNioChannel.java:334)
	at org.apache.ratis.thirdparty.io.netty.channel.nio.NioEventLoop.processSelectedKey(NioEventLoop.java:776)
	at org.apache.ratis.thirdparty.io.netty.channel.nio.NioEventLoop.processSelectedKeysOptimized(NioEventLoop.java:724)
	at org.apache.ratis.thirdparty.io.netty.channel.nio.NioEventLoop.processSelectedKeys(NioEventLoop.java:650)
	at org.apache.ratis.thirdparty.io.netty.channel.nio.NioEventLoop.run(NioEventLoop.java:562)
	at org.apache.ratis.thirdparty.io.netty.util.concurrent.SingleThreadEventExecutor$4.run(SingleThreadEventExecutor.java:997)
	at org.apache.ratis.thirdparty.io.netty.util.internal.ThreadExecutorMap$2.run(ThreadExecutorMap.java:74)
	at java.base/java.lang.Thread.run(Thread.java:829)
2023-06-29 03:33:44,442 [NettyClientStreamRpc-workerGroup--thread3] WARN  client.NettyClientStreamRpc (NettyClientStreamRpc.java:scheduleReconnect(206)) - Connection-localhost/127.0.0.1:36939: org.apache.ratis.netty.client.NettyClientStreamRpc$Connection$1@249d6875 failed; schedule reconnecting to localhost/127.0.0.1:36939 in 100ms
2023-06-29 03:33:44,535 [NettyClientStreamRpc-workerGroup--thread3] WARN  client.NettyClientStreamRpc (NettyClientStreamRpc.java:scheduleReconnect(208)) - 
org.apache.ratis.thirdparty.io.netty.channel.AbstractChannel$AnnotatedConnectException: Connection refused: localhost/127.0.0.1:36939
Caused by: java.net.ConnectException: Connection refused
	at java.base/sun.nio.ch.SocketChannelImpl.checkConnect(Native Method)
	at java.base/sun.nio.ch.SocketChannelImpl.finishConnect(SocketChannelImpl.java:777)
	at org.apache.ratis.thirdparty.io.netty.channel.socket.nio.NioSocketChannel.doFinishConnect(NioSocketChannel.java:337)
	at org.apache.ratis.thirdparty.io.netty.channel.nio.AbstractNioChannel$AbstractNioUnsafe.finishConnect(AbstractNioChannel.java:334)
	at org.apache.ratis.thirdparty.io.netty.channel.nio.NioEventLoop.processSelectedKey(NioEventLoop.java:776)
	at org.apache.ratis.thirdparty.io.netty.channel.nio.NioEventLoop.processSelectedKeysOptimized(NioEventLoop.java:724)
	at org.apache.ratis.thirdparty.io.netty.channel.nio.NioEventLoop.processSelectedKeys(NioEventLoop.java:650)
	at org.apache.ratis.thirdparty.io.netty.channel.nio.NioEventLoop.run(NioEventLoop.java:562)
	at org.apache.ratis.thirdparty.io.netty.util.concurrent.SingleThreadEventExecutor$4.run(SingleThreadEventExecutor.java:997)
	at org.apache.ratis.thirdparty.io.netty.util.internal.ThreadExecutorMap$2.run(ThreadExecutorMap.java:74)
	at java.base/java.lang.Thread.run(Thread.java:829)
2023-06-29 03:33:44,422 [NettyClientStreamRpc-workerGroup--thread3] WARN  client.NettyClientStreamRpc (NettyClientStreamRpc.java:scheduleReconnect(206)) - Connection-localhost/127.0.0.1:36939: org.apache.ratis.netty.client.NettyClientStreamRpc$Connection$1@4c7c0b53 failed; schedule reconnecting to localhost/127.0.0.1:36939 in 100ms
2023-06-29 03:33:44,535 [NettyClientStreamRpc-workerGroup--thread3] WARN  client.NettyClientStreamRpc (NettyClientStreamRpc.java:scheduleReconnect(208)) - 
org.apache.ratis.thirdparty.io.netty.channel.AbstractChannel$AnnotatedConnectException: Connection refused: localhost/127.0.0.1:36939
Caused by: java.net.ConnectException: Connection refused
	at java.base/sun.nio.ch.SocketChannelImpl.checkConnect(Native Method)
	at java.base/sun.nio.ch.SocketChannelImpl.finishConnect(SocketChannelImpl.java:777)
	at org.apache.ratis.thirdparty.io.netty.channel.socket.nio.NioSocketChannel.doFinishConnect(NioSocketChannel.java:337)
	at org.apache.ratis.thirdparty.io.netty.channel.nio.AbstractNioChannel$AbstractNioUnsafe.finishConnect(AbstractNioChannel.java:334)
	at org.apache.ratis.thirdparty.io.netty.channel.nio.NioEventLoop.processSelectedKey(NioEventLoop.java:776)
	at org.apache.ratis.thirdparty.io.netty.channel.nio.NioEventLoop.processSelectedKeysOptimized(NioEventLoop.java:724)
	at org.apache.ratis.thirdparty.io.netty.channel.nio.NioEventLoop.processSelectedKeys(NioEventLoop.java:650)
	at org.apache.ratis.thirdparty.io.netty.channel.nio.NioEventLoop.run(NioEventLoop.java:562)
	at org.apache.ratis.thirdparty.io.netty.util.concurrent.SingleThreadEventExecutor$4.run(SingleThreadEventExecutor.java:997)
	at org.apache.ratis.thirdparty.io.netty.util.internal.ThreadExecutorMap$2.run(ThreadExecutorMap.java:74)
	at java.base/java.lang.Thread.run(Thread.java:829)
2023-06-29 03:33:44,421 [NettyClientStreamRpc-workerGroup--thread3] WARN  client.NettyClientStreamRpc (NettyClientStreamRpc.java:scheduleReconnect(206)) - Connection-localhost/127.0.0.1:36939: org.apache.ratis.netty.client.NettyClientStreamRpc$Connection$1@75a236be failed; schedule reconnecting to localhost/127.0.0.1:36939 in 100ms
2023-06-29 03:33:44,535 [NettyClientStreamRpc-workerGroup--thread3] WARN  client.NettyClientStreamRpc (NettyClientStreamRpc.java:scheduleReconnect(208)) - 
org.apache.ratis.thirdparty.io.netty.channel.AbstractChannel$AnnotatedConnectException: Connection refused: localhost/127.0.0.1:36939
Caused by: java.net.ConnectException: Connection refused
	at java.base/sun.nio.ch.SocketChannelImpl.checkConnect(Native Method)
	at java.base/sun.nio.ch.SocketChannelImpl.finishConnect(SocketChannelImpl.java:777)
	at org.apache.ratis.thirdparty.io.netty.channel.socket.nio.NioSocketChannel.doFinishConnect(NioSocketChannel.java:337)
	at org.apache.ratis.thirdparty.io.netty.channel.nio.AbstractNioChannel$AbstractNioUnsafe.finishConnect(AbstractNioChannel.java:334)
	at org.apache.ratis.thirdparty.io.netty.channel.nio.NioEventLoop.processSelectedKey(NioEventLoop.java:776)
	at org.apache.ratis.thirdparty.io.netty.channel.nio.NioEventLoop.processSelectedKeysOptimized(NioEventLoop.java:724)
	at org.apache.ratis.thirdparty.io.netty.channel.nio.NioEventLoop.processSelectedKeys(NioEventLoop.java:650)
	at org.apache.ratis.thirdparty.io.netty.channel.nio.NioEventLoop.run(NioEventLoop.java:562)
	at org.apache.ratis.thirdparty.io.netty.util.concurrent.SingleThreadEventExecutor$4.run(SingleThreadEventExecutor.java:997)
	at org.apache.ratis.thirdparty.io.netty.util.internal.ThreadExecutorMap$2.run(ThreadExecutorMap.java:74)
	at java.base/java.lang.Thread.run(Thread.java:829)
2023-06-29 03:33:44,421 [NettyClientStreamRpc-workerGroup--thread3] WARN  client.NettyClientStreamRpc (NettyClientStreamRpc.java:scheduleReconnect(206)) - Connection-localhost/127.0.0.1:36939: org.apache.ratis.netty.client.NettyClientStreamRpc$Connection$1@3fdc76da failed; schedule reconnecting to localhost/127.0.0.1:36939 in 100ms
2023-06-29 03:33:44,535 [NettyClientStreamRpc-workerGroup--thread3] WARN  client.NettyClientStreamRpc (NettyClientStreamRpc.java:scheduleReconnect(208)) - 
org.apache.ratis.thirdparty.io.netty.channel.AbstractChannel$AnnotatedConnectException: Connection refused: localhost/127.0.0.1:36939
Caused by: java.net.ConnectException: Connection refused
	at java.base/sun.nio.ch.SocketChannelImpl.checkConnect(Native Method)
	at java.base/sun.nio.ch.SocketChannelImpl.finishConnect(SocketChannelImpl.java:777)
	at org.apache.ratis.thirdparty.io.netty.channel.socket.nio.NioSocketChannel.doFinishConnect(NioSocketChannel.java:337)
	at org.apache.ratis.thirdparty.io.netty.channel.nio.AbstractNioChannel$AbstractNioUnsafe.finishConnect(AbstractNioChannel.java:334)
	at org.apache.ratis.thirdparty.io.netty.channel.nio.NioEventLoop.processSelectedKey(NioEventLoop.java:776)
	at org.apache.ratis.thirdparty.io.netty.channel.nio.NioEventLoop.processSelectedKeysOptimized(NioEventLoop.java:724)
	at org.apache.ratis.thirdparty.io.netty.channel.nio.NioEventLoop.processSelectedKeys(NioEventLoop.java:650)
	at org.apache.ratis.thirdparty.io.netty.channel.nio.NioEventLoop.run(NioEventLoop.java:562)
	at org.apache.ratis.thirdparty.io.netty.util.concurrent.SingleThreadEventExecutor$4.run(SingleThreadEventExecutor.java:997)
	at org.apache.ratis.thirdparty.io.netty.util.internal.ThreadExecutorMap$2.run(ThreadExecutorMap.java:74)
	at java.base/java.lang.Thread.run(Thread.java:829)
2023-06-29 03:33:44,421 [NettyClientStreamRpc-workerGroup--thread3] WARN  client.NettyClientStreamRpc (NettyClientStreamRpc.java:scheduleReconnect(206)) - Connection-localhost/127.0.0.1:36939: org.apache.ratis.netty.client.NettyClientStreamRpc$Connection$1@19394f20 failed; schedule reconnecting to localhost/127.0.0.1:36939 in 100ms
2023-06-29 03:33:44,535 [NettyClientStreamRpc-workerGroup--thread3] WARN  client.NettyClientStreamRpc (NettyClientStreamRpc.java:scheduleReconnect(208)) - 
org.apache.ratis.thirdparty.io.netty.channel.AbstractChannel$AnnotatedConnectException: Connection refused: localhost/127.0.0.1:36939
Caused by: java.net.ConnectException: Connection refused
	at java.base/sun.nio.ch.SocketChannelImpl.checkConnect(Native Method)
	at java.base/sun.nio.ch.SocketChannelImpl.finishConnect(SocketChannelImpl.java:777)
	at org.apache.ratis.thirdparty.io.netty.channel.socket.nio.NioSocketChannel.doFinishConnect(NioSocketChannel.java:337)
	at org.apache.ratis.thirdparty.io.netty.channel.nio.AbstractNioChannel$AbstractNioUnsafe.finishConnect(AbstractNioChannel.java:334)
	at org.apache.ratis.thirdparty.io.netty.channel.nio.NioEventLoop.processSelectedKey(NioEventLoop.java:776)
	at org.apache.ratis.thirdparty.io.netty.channel.nio.NioEventLoop.processSelectedKeysOptimized(NioEventLoop.java:724)
	at org.apache.ratis.thirdparty.io.netty.channel.nio.NioEventLoop.processSelectedKeys(NioEventLoop.java:650)
	at org.apache.ratis.thirdparty.io.netty.channel.nio.NioEventLoop.run(NioEventLoop.java:562)
	at org.apache.ratis.thirdparty.io.netty.util.concurrent.SingleThreadEventExecutor$4.run(SingleThreadEventExecutor.java:997)
	at org.apache.ratis.thirdparty.io.netty.util.internal.ThreadExecutorMap$2.run(ThreadExecutorMap.java:74)
	at java.base/java.lang.Thread.run(Thread.java:829)
2023-06-29 03:33:44,420 [NettyClientStreamRpc-workerGroup--thread3] WARN  client.NettyClientStreamRpc (NettyClientStreamRpc.java:scheduleReconnect(206)) - Connection-localhost/127.0.0.1:36939: org.apache.ratis.netty.client.NettyClientStreamRpc$Connection$1@65938e69 failed; schedule reconnecting to localhost/127.0.0.1:36939 in 100ms
2023-06-29 03:33:44,536 [NettyClientStreamRpc-workerGroup--thread3] WARN  client.NettyClientStreamRpc (NettyClientStreamRpc.java:scheduleReconnect(208)) - 
org.apache.ratis.thirdparty.io.netty.channel.AbstractChannel$AnnotatedConnectException: Connection refused: localhost/127.0.0.1:36939
Caused by: java.net.ConnectException: Connection refused
	at java.base/sun.nio.ch.SocketChannelImpl.checkConnect(Native Method)
	at java.base/sun.nio.ch.SocketChannelImpl.finishConnect(SocketChannelImpl.java:777)
	at org.apache.ratis.thirdparty.io.netty.channel.socket.nio.NioSocketChannel.doFinishConnect(NioSocketChannel.java:337)
	at org.apache.ratis.thirdparty.io.netty.channel.nio.AbstractNioChannel$AbstractNioUnsafe.finishConnect(AbstractNioChannel.java:334)
	at org.apache.ratis.thirdparty.io.netty.channel.nio.NioEventLoop.processSelectedKey(NioEventLoop.java:776)
	at org.apache.ratis.thirdparty.io.netty.channel.nio.NioEventLoop.processSelectedKeysOptimized(NioEventLoop.java:724)
	at org.apache.ratis.thirdparty.io.netty.channel.nio.NioEventLoop.processSelectedKeys(NioEventLoop.java:650)
	at org.apache.ratis.thirdparty.io.netty.channel.nio.NioEventLoop.run(NioEventLoop.java:562)
	at org.apache.ratis.thirdparty.io.netty.util.concurrent.SingleThreadEventExecutor$4.run(SingleThreadEventExecutor.java:997)
	at org.apache.ratis.thirdparty.io.netty.util.internal.ThreadExecutorMap$2.run(ThreadExecutorMap.java:74)
	at java.base/java.lang.Thread.run(Thread.java:829)
2023-06-29 03:33:44,420 [NettyClientStreamRpc-workerGroup--thread3] WARN  client.NettyClientStreamRpc (NettyClientStreamRpc.java:scheduleReconnect(206)) - Connection-localhost/127.0.0.1:36939: org.apache.ratis.netty.client.NettyClientStreamRpc$Connection$1@28f3ea5a failed; schedule reconnecting to localhost/127.0.0.1:36939 in 100ms
2023-06-29 03:33:44,536 [NettyClientStreamRpc-workerGroup--thread3] WARN  client.NettyClientStreamRpc (NettyClientStreamRpc.java:scheduleReconnect(208)) - 
org.apache.ratis.thirdparty.io.netty.channel.AbstractChannel$AnnotatedConnectException: Connection refused: localhost/127.0.0.1:36939
Caused by: java.net.ConnectException: Connection refused
	at java.base/sun.nio.ch.SocketChannelImpl.checkConnect(Native Method)
	at java.base/sun.nio.ch.SocketChannelImpl.finishConnect(SocketChannelImpl.java:777)
	at org.apache.ratis.thirdparty.io.netty.channel.socket.nio.NioSocketChannel.doFinishConnect(NioSocketChannel.java:337)
	at org.apache.ratis.thirdparty.io.netty.channel.nio.AbstractNioChannel$AbstractNioUnsafe.finishConnect(AbstractNioChannel.java:334)
	at org.apache.ratis.thirdparty.io.netty.channel.nio.NioEventLoop.processSelectedKey(NioEventLoop.java:776)
	at org.apache.ratis.thirdparty.io.netty.channel.nio.NioEventLoop.processSelectedKeysOptimized(NioEventLoop.java:724)
	at org.apache.ratis.thirdparty.io.netty.channel.nio.NioEventLoop.processSelectedKeys(NioEventLoop.java:650)
	at org.apache.ratis.thirdparty.io.netty.channel.nio.NioEventLoop.run(NioEventLoop.java:562)
	at org.apache.ratis.thirdparty.io.netty.util.concurrent.SingleThreadEventExecutor$4.run(SingleThreadEventExecutor.java:997)
	at org.apache.ratis.thirdparty.io.netty.util.internal.ThreadExecutorMap$2.run(ThreadExecutorMap.java:74)
	at java.base/java.lang.Thread.run(Thread.java:829)
2023-06-29 03:33:44,416 [Thread-511] WARN  util.PeerProxyMap (PeerProxyMap.java:closeProxy(170)) - s0-NettyServerStreamRpc: Failed to close proxy for peer s2|rpc:localhost:38471|admin:localhost:33067|client:localhost:37939|dataStream:localhost:44447|priority:0|startupRole:FOLLOWER, proxy class: class org.apache.ratis.client.impl.DataStreamClientImpl
org.apache.ratis.thirdparty.io.netty.channel.AbstractChannel$AnnotatedConnectException: Connection refused: localhost/127.0.0.1:44447
Caused by: java.net.ConnectException: Connection refused
	at java.base/sun.nio.ch.SocketChannelImpl.checkConnect(Native Method)
	at java.base/sun.nio.ch.SocketChannelImpl.finishConnect(SocketChannelImpl.java:777)
	at org.apache.ratis.thirdparty.io.netty.channel.socket.nio.NioSocketChannel.doFinishConnect(NioSocketChannel.java:337)
	at org.apache.ratis.thirdparty.io.netty.channel.nio.AbstractNioChannel$AbstractNioUnsafe.finishConnect(AbstractNioChannel.java:334)
	at org.apache.ratis.thirdparty.io.netty.channel.nio.NioEventLoop.processSelectedKey(NioEventLoop.java:776)
	at org.apache.ratis.thirdparty.io.netty.channel.nio.NioEventLoop.processSelectedKeysOptimized(NioEventLoop.java:724)
	at org.apache.ratis.thirdparty.io.netty.channel.nio.NioEventLoop.processSelectedKeys(NioEventLoop.java:650)
	at org.apache.ratis.thirdparty.io.netty.channel.nio.NioEventLoop.run(NioEventLoop.java:562)
	at org.apache.ratis.thirdparty.io.netty.util.concurrent.SingleThreadEventExecutor$4.run(SingleThreadEventExecutor.java:997)
	at org.apache.ratis.thirdparty.io.netty.util.internal.ThreadExecutorMap$2.run(ThreadExecutorMap.java:74)
	at java.base/java.lang.Thread.run(Thread.java:829)
2023-06-29 03:33:44,418 [NettyClientStreamRpc-workerGroup--thread3] WARN  client.NettyClientStreamRpc (NettyClientStreamRpc.java:scheduleReconnect(206)) - Connection-localhost/127.0.0.1:36939: org.apache.ratis.netty.client.NettyClientStreamRpc$Connection$1@5fdbfed1 failed; schedule reconnecting to localhost/127.0.0.1:36939 in 100ms
2023-06-29 03:33:44,536 [NettyClientStreamRpc-workerGroup--thread3] WARN  client.NettyClientStreamRpc (NettyClientStreamRpc.java:scheduleReconnect(208)) - 
org.apache.ratis.thirdparty.io.netty.channel.AbstractChannel$AnnotatedConnectException: Connection refused: localhost/127.0.0.1:36939
Caused by: java.net.ConnectException: Connection refused
	at java.base/sun.nio.ch.SocketChannelImpl.checkConnect(Native Method)
	at java.base/sun.nio.ch.SocketChannelImpl.finishConnect(SocketChannelImpl.java:777)
	at org.apache.ratis.thirdparty.io.netty.channel.socket.nio.NioSocketChannel.doFinishConnect(NioSocketChannel.java:337)
	at org.apache.ratis.thirdparty.io.netty.channel.nio.AbstractNioChannel$AbstractNioUnsafe.finishConnect(AbstractNioChannel.java:334)
	at org.apache.ratis.thirdparty.io.netty.channel.nio.NioEventLoop.processSelectedKey(NioEventLoop.java:776)
	at org.apache.ratis.thirdparty.io.netty.channel.nio.NioEventLoop.processSelectedKeysOptimized(NioEventLoop.java:724)
	at org.apache.ratis.thirdparty.io.netty.channel.nio.NioEventLoop.processSelectedKeys(NioEventLoop.java:650)
	at org.apache.ratis.thirdparty.io.netty.channel.nio.NioEventLoop.run(NioEventLoop.java:562)
	at org.apache.ratis.thirdparty.io.netty.util.concurrent.SingleThreadEventExecutor$4.run(SingleThreadEventExecutor.java:997)
	at org.apache.ratis.thirdparty.io.netty.util.internal.ThreadExecutorMap$2.run(ThreadExecutorMap.java:74)
	at java.base/java.lang.Thread.run(Thread.java:829)
2023-06-29 03:33:44,415 [NettyClientStreamRpc-workerGroup--thread3] WARN  client.NettyClientStreamRpc (NettyClientStreamRpc.java:scheduleReconnect(206)) - Connection-localhost/127.0.0.1:36939: org.apache.ratis.netty.client.NettyClientStreamRpc$Connection$1@688cf794 failed; schedule reconnecting to localhost/127.0.0.1:36939 in 100ms
2023-06-29 03:33:44,536 [NettyClientStreamRpc-workerGroup--thread3] WARN  client.NettyClientStreamRpc (NettyClientStreamRpc.java:scheduleReconnect(208)) - 
org.apache.ratis.thirdparty.io.netty.channel.AbstractChannel$AnnotatedConnectException: Connection refused: localhost/127.0.0.1:36939
Caused by: java.net.ConnectException: Connection refused
	at java.base/sun.nio.ch.SocketChannelImpl.checkConnect(Native Method)
	at java.base/sun.nio.ch.SocketChannelImpl.finishConnect(SocketChannelImpl.java:777)
	at org.apache.ratis.thirdparty.io.netty.channel.socket.nio.NioSocketChannel.doFinishConnect(NioSocketChannel.java:337)
	at org.apache.ratis.thirdparty.io.netty.channel.nio.AbstractNioChannel$AbstractNioUnsafe.finishConnect(AbstractNioChannel.java:334)
	at org.apache.ratis.thirdparty.io.netty.channel.nio.NioEventLoop.processSelectedKey(NioEventLoop.java:776)
	at org.apache.ratis.thirdparty.io.netty.channel.nio.NioEventLoop.processSelectedKeysOptimized(NioEventLoop.java:724)
	at org.apache.ratis.thirdparty.io.netty.channel.nio.NioEventLoop.processSelectedKeys(NioEventLoop.java:650)
	at org.apache.ratis.thirdparty.io.netty.channel.nio.NioEventLoop.run(NioEventLoop.java:562)
	at org.apache.ratis.thirdparty.io.netty.util.concurrent.SingleThreadEventExecutor$4.run(SingleThreadEventExecutor.java:997)
	at org.apache.ratis.thirdparty.io.netty.util.internal.ThreadExecutorMap$2.run(ThreadExecutorMap.java:74)
	at java.base/java.lang.Thread.run(Thread.java:829)
2023-06-29 03:33:44,414 [NettyClientStreamRpc-workerGroup--thread3] WARN  client.NettyClientStreamRpc (NettyClientStreamRpc.java:scheduleReconnect(206)) - Connection-localhost/127.0.0.1:44447: org.apache.ratis.netty.client.NettyClientStreamRpc$Connection$1@41c6205 failed; schedule reconnecting to localhost/127.0.0.1:44447 in 100ms
2023-06-29 03:33:44,536 [NettyClientStreamRpc-workerGroup--thread3] WARN  client.NettyClientStreamRpc (NettyClientStreamRpc.java:scheduleReconnect(208)) - 
org.apache.ratis.thirdparty.io.netty.channel.AbstractChannel$AnnotatedConnectException: Connection refused: localhost/127.0.0.1:44447
Caused by: java.net.ConnectException: Connection refused
	at java.base/sun.nio.ch.SocketChannelImpl.checkConnect(Native Method)
	at java.base/sun.nio.ch.SocketChannelImpl.finishConnect(SocketChannelImpl.java:777)
	at org.apache.ratis.thirdparty.io.netty.channel.socket.nio.NioSocketChannel.doFinishConnect(NioSocketChannel.java:337)
	at org.apache.ratis.thirdparty.io.netty.channel.nio.AbstractNioChannel$AbstractNioUnsafe.finishConnect(AbstractNioChannel.java:334)
	at org.apache.ratis.thirdparty.io.netty.channel.nio.NioEventLoop.processSelectedKey(NioEventLoop.java:776)
	at org.apache.ratis.thirdparty.io.netty.channel.nio.NioEventLoop.processSelectedKeysOptimized(NioEventLoop.java:724)
	at org.apache.ratis.thirdparty.io.netty.channel.nio.NioEventLoop.processSelectedKeys(NioEventLoop.java:650)
	at org.apache.ratis.thirdparty.io.netty.channel.nio.NioEventLoop.run(NioEventLoop.java:562)
	at org.apache.ratis.thirdparty.io.netty.util.concurrent.SingleThreadEventExecutor$4.run(SingleThreadEventExecutor.java:997)
	at org.apache.ratis.thirdparty.io.netty.util.internal.ThreadExecutorMap$2.run(ThreadExecutorMap.java:74)
	at java.base/java.lang.Thread.run(Thread.java:829)
2023-06-29 03:33:44,413 [NettyClientStreamRpc-workerGroup--thread3] WARN  client.NettyClientStreamRpc (NettyClientStreamRpc.java:scheduleReconnect(206)) - Connection-localhost/127.0.0.1:44447: org.apache.ratis.netty.client.NettyClientStreamRpc$Connection$1@31aeb0cb failed; schedule reconnecting to localhost/127.0.0.1:44447 in 100ms
2023-06-29 03:33:44,537 [NettyClientStreamRpc-workerGroup--thread3] WARN  client.NettyClientStreamRpc (NettyClientStreamRpc.java:scheduleReconnect(208)) - 
org.apache.ratis.thirdparty.io.netty.channel.AbstractChannel$AnnotatedConnectException: Connection refused: localhost/127.0.0.1:44447
Caused by: java.net.ConnectException: Connection refused
	at java.base/sun.nio.ch.SocketChannelImpl.checkConnect(Native Method)
	at java.base/sun.nio.ch.SocketChannelImpl.finishConnect(SocketChannelImpl.java:777)
	at org.apache.ratis.thirdparty.io.netty.channel.socket.nio.NioSocketChannel.doFinishConnect(NioSocketChannel.java:337)
	at org.apache.ratis.thirdparty.io.netty.channel.nio.AbstractNioChannel$AbstractNioUnsafe.finishConnect(AbstractNioChannel.java:334)
	at org.apache.ratis.thirdparty.io.netty.channel.nio.NioEventLoop.processSelectedKey(NioEventLoop.java:776)
	at org.apache.ratis.thirdparty.io.netty.channel.nio.NioEventLoop.processSelectedKeysOptimized(NioEventLoop.java:724)
	at org.apache.ratis.thirdparty.io.netty.channel.nio.NioEventLoop.processSelectedKeys(NioEventLoop.java:650)
	at org.apache.ratis.thirdparty.io.netty.channel.nio.NioEventLoop.run(NioEventLoop.java:562)
	at org.apache.ratis.thirdparty.io.netty.util.concurrent.SingleThreadEventExecutor$4.run(SingleThreadEventExecutor.java:997)
	at org.apache.ratis.thirdparty.io.netty.util.internal.ThreadExecutorMap$2.run(ThreadExecutorMap.java:74)
	at java.base/java.lang.Thread.run(Thread.java:829)
2023-06-29 03:33:44,413 [NettyClientStreamRpc-workerGroup--thread3] WARN  client.NettyClientStreamRpc (NettyClientStreamRpc.java:scheduleReconnect(206)) - Connection-localhost/127.0.0.1:44447: org.apache.ratis.netty.client.NettyClientStreamRpc$Connection$1@116ef4d4 failed; schedule reconnecting to localhost/127.0.0.1:44447 in 100ms
2023-06-29 03:33:44,538 [NettyClientStreamRpc-workerGroup--thread3] WARN  client.NettyClientStreamRpc (NettyClientStreamRpc.java:scheduleReconnect(208)) - 
org.apache.ratis.thirdparty.io.netty.channel.AbstractChannel$AnnotatedConnectException: Connection refused: localhost/127.0.0.1:44447
Caused by: java.net.ConnectException: Connection refused
	at java.base/sun.nio.ch.SocketChannelImpl.checkConnect(Native Method)
	at java.base/sun.nio.ch.SocketChannelImpl.finishConnect(SocketChannelImpl.java:777)
	at org.apache.ratis.thirdparty.io.netty.channel.socket.nio.NioSocketChannel.doFinishConnect(NioSocketChannel.java:337)
	at org.apache.ratis.thirdparty.io.netty.channel.nio.AbstractNioChannel$AbstractNioUnsafe.finishConnect(AbstractNioChannel.java:334)
	at org.apache.ratis.thirdparty.io.netty.channel.nio.NioEventLoop.processSelectedKey(NioEventLoop.java:776)
	at org.apache.ratis.thirdparty.io.netty.channel.nio.NioEventLoop.processSelectedKeysOptimized(NioEventLoop.java:724)
	at org.apache.ratis.thirdparty.io.netty.channel.nio.NioEventLoop.processSelectedKeys(NioEventLoop.java:650)
	at org.apache.ratis.thirdparty.io.netty.channel.nio.NioEventLoop.run(NioEventLoop.java:562)
	at org.apache.ratis.thirdparty.io.netty.util.concurrent.SingleThreadEventExecutor$4.run(SingleThreadEventExecutor.java:997)
	at org.apache.ratis.thirdparty.io.netty.util.internal.ThreadExecutorMap$2.run(ThreadExecutorMap.java:74)
	at java.base/java.lang.Thread.run(Thread.java:829)
2023-06-29 03:33:44,413 [NettyClientStreamRpc-workerGroup--thread3] WARN  client.NettyClientStreamRpc (NettyClientStreamRpc.java:scheduleReconnect(206)) - Connection-localhost/127.0.0.1:39011: org.apache.ratis.netty.client.NettyClientStreamRpc$Connection$1@4d4c1a86 failed; schedule reconnecting to localhost/127.0.0.1:39011 in 100ms
2023-06-29 03:33:44,539 [NettyClientStreamRpc-workerGroup--thread3] WARN  client.NettyClientStreamRpc (NettyClientStreamRpc.java:scheduleReconnect(208)) - 
org.apache.ratis.thirdparty.io.netty.channel.AbstractChannel$AnnotatedConnectException: Connection refused: localhost/127.0.0.1:39011
Caused by: java.net.ConnectException: Connection refused
	at java.base/sun.nio.ch.SocketChannelImpl.checkConnect(Native Method)
	at java.base/sun.nio.ch.SocketChannelImpl.finishConnect(SocketChannelImpl.java:777)
	at org.apache.ratis.thirdparty.io.netty.channel.socket.nio.NioSocketChannel.doFinishConnect(NioSocketChannel.java:337)
	at org.apache.ratis.thirdparty.io.netty.channel.nio.AbstractNioChannel$AbstractNioUnsafe.finishConnect(AbstractNioChannel.java:334)
	at org.apache.ratis.thirdparty.io.netty.channel.nio.NioEventLoop.processSelectedKey(NioEventLoop.java:776)
	at org.apache.ratis.thirdparty.io.netty.channel.nio.NioEventLoop.processSelectedKeysOptimized(NioEventLoop.java:724)
	at org.apache.ratis.thirdparty.io.netty.channel.nio.NioEventLoop.processSelectedKeys(NioEventLoop.java:650)
	at org.apache.ratis.thirdparty.io.netty.channel.nio.NioEventLoop.run(NioEventLoop.java:562)
	at org.apache.ratis.thirdparty.io.netty.util.concurrent.SingleThreadEventExecutor$4.run(SingleThreadEventExecutor.java:997)
	at org.apache.ratis.thirdparty.io.netty.util.internal.ThreadExecutorMap$2.run(ThreadExecutorMap.java:74)
	at java.base/java.lang.Thread.run(Thread.java:829)
2023-06-29 03:33:44,413 [NettyClientStreamRpc-workerGroup--thread3] WARN  client.NettyClientStreamRpc (NettyClientStreamRpc.java:scheduleReconnect(206)) - Connection-localhost/127.0.0.1:44447: org.apache.ratis.netty.client.NettyClientStreamRpc$Connection$1@66794696 failed; schedule reconnecting to localhost/127.0.0.1:44447 in 100ms
2023-06-29 03:33:44,539 [NettyClientStreamRpc-workerGroup--thread3] WARN  client.NettyClientStreamRpc (NettyClientStreamRpc.java:scheduleReconnect(208)) - 
org.apache.ratis.thirdparty.io.netty.channel.AbstractChannel$AnnotatedConnectException: Connection refused: localhost/127.0.0.1:44447
Caused by: java.net.ConnectException: Connection refused
	at java.base/sun.nio.ch.SocketChannelImpl.checkConnect(Native Method)
	at java.base/sun.nio.ch.SocketChannelImpl.finishConnect(SocketChannelImpl.java:777)
	at org.apache.ratis.thirdparty.io.netty.channel.socket.nio.NioSocketChannel.doFinishConnect(NioSocketChannel.java:337)
	at org.apache.ratis.thirdparty.io.netty.channel.nio.AbstractNioChannel$AbstractNioUnsafe.finishConnect(AbstractNioChannel.java:334)
	at org.apache.ratis.thirdparty.io.netty.channel.nio.NioEventLoop.processSelectedKey(NioEventLoop.java:776)
	at org.apache.ratis.thirdparty.io.netty.channel.nio.NioEventLoop.processSelectedKeysOptimized(NioEventLoop.java:724)
	at org.apache.ratis.thirdparty.io.netty.channel.nio.NioEventLoop.processSelectedKeys(NioEventLoop.java:650)
	at org.apache.ratis.thirdparty.io.netty.channel.nio.NioEventLoop.run(NioEventLoop.java:562)
	at org.apache.ratis.thirdparty.io.netty.util.concurrent.SingleThreadEventExecutor$4.run(SingleThreadEventExecutor.java:997)
	at org.apache.ratis.thirdparty.io.netty.util.internal.ThreadExecutorMap$2.run(ThreadExecutorMap.java:74)
	at java.base/java.lang.Thread.run(Thread.java:829)
2023-06-29 03:33:44,412 [NettyClientStreamRpc-workerGroup--thread3] WARN  client.NettyClientStreamRpc (NettyClientStreamRpc.java:scheduleReconnect(206)) - Connection-localhost/127.0.0.1:39011: org.apache.ratis.netty.client.NettyClientStreamRpc$Connection$1@5efb5569 failed; schedule reconnecting to localhost/127.0.0.1:39011 in 100ms
2023-06-29 03:33:44,539 [Thread-631] WARN  util.PeerProxyMap (PeerProxyMap.java:closeProxy(170)) - s2-NettyServerStreamRpc: Failed to close proxy for peer s0|rpc:localhost:34083|admin:localhost:38787|client:localhost:33075|dataStream:localhost:39011|priority:0|startupRole:FOLLOWER, proxy class: class org.apache.ratis.client.impl.DataStreamClientImpl
org.apache.ratis.thirdparty.io.netty.channel.AbstractChannel$AnnotatedConnectException: Connection refused: localhost/127.0.0.1:39011
Caused by: java.net.ConnectException: Connection refused
	at java.base/sun.nio.ch.SocketChannelImpl.checkConnect(Native Method)
	at java.base/sun.nio.ch.SocketChannelImpl.finishConnect(SocketChannelImpl.java:777)
	at org.apache.ratis.thirdparty.io.netty.channel.socket.nio.NioSocketChannel.doFinishConnect(NioSocketChannel.java:337)
	at org.apache.ratis.thirdparty.io.netty.channel.nio.AbstractNioChannel$AbstractNioUnsafe.finishConnect(AbstractNioChannel.java:334)
	at org.apache.ratis.thirdparty.io.netty.channel.nio.NioEventLoop.processSelectedKey(NioEventLoop.java:776)
	at org.apache.ratis.thirdparty.io.netty.channel.nio.NioEventLoop.processSelectedKeysOptimized(NioEventLoop.java:724)
	at org.apache.ratis.thirdparty.io.netty.channel.nio.NioEventLoop.processSelectedKeys(NioEventLoop.java:650)
	at org.apache.ratis.thirdparty.io.netty.channel.nio.NioEventLoop.run(NioEventLoop.java:562)
	at org.apache.ratis.thirdparty.io.netty.util.concurrent.SingleThreadEventExecutor$4.run(SingleThreadEventExecutor.java:997)
	at org.apache.ratis.thirdparty.io.netty.util.internal.ThreadExecutorMap$2.run(ThreadExecutorMap.java:74)
	at java.base/java.lang.Thread.run(Thread.java:829)
2023-06-29 03:33:44,539 [NettyClientStreamRpc-workerGroup--thread3] WARN  client.NettyClientStreamRpc (NettyClientStreamRpc.java:scheduleReconnect(208)) - 
org.apache.ratis.thirdparty.io.netty.channel.AbstractChannel$AnnotatedConnectException: Connection refused: localhost/127.0.0.1:39011
Caused by: java.net.ConnectException: Connection refused
	at java.base/sun.nio.ch.SocketChannelImpl.checkConnect(Native Method)
	at java.base/sun.nio.ch.SocketChannelImpl.finishConnect(SocketChannelImpl.java:777)
	at org.apache.ratis.thirdparty.io.netty.channel.socket.nio.NioSocketChannel.doFinishConnect(NioSocketChannel.java:337)
	at org.apache.ratis.thirdparty.io.netty.channel.nio.AbstractNioChannel$AbstractNioUnsafe.finishConnect(AbstractNioChannel.java:334)
	at org.apache.ratis.thirdparty.io.netty.channel.nio.NioEventLoop.processSelectedKey(NioEventLoop.java:776)
	at org.apache.ratis.thirdparty.io.netty.channel.nio.NioEventLoop.processSelectedKeysOptimized(NioEventLoop.java:724)
	at org.apache.ratis.thirdparty.io.netty.channel.nio.NioEventLoop.processSelectedKeys(NioEventLoop.java:650)
	at org.apache.ratis.thirdparty.io.netty.channel.nio.NioEventLoop.run(NioEventLoop.java:562)
	at org.apache.ratis.thirdparty.io.netty.util.concurrent.SingleThreadEventExecutor$4.run(SingleThreadEventExecutor.java:997)
	at org.apache.ratis.thirdparty.io.netty.util.internal.ThreadExecutorMap$2.run(ThreadExecutorMap.java:74)
	at java.base/java.lang.Thread.run(Thread.java:829)
2023-06-29 03:33:44,531 [Thread-630] WARN  util.PeerProxyMap (PeerProxyMap.java:closeProxy(170)) - s1-NettyServerStreamRpc: Failed to close proxy for peer s2|rpc:localhost:38471|admin:localhost:33067|client:localhost:37939|dataStream:localhost:44447|priority:0|startupRole:FOLLOWER, proxy class: class org.apache.ratis.client.impl.DataStreamClientImpl
org.apache.ratis.thirdparty.io.netty.channel.AbstractChannel$AnnotatedConnectException: Connection refused: localhost/127.0.0.1:44447
Caused by: java.net.ConnectException: Connection refused
	at java.base/sun.nio.ch.SocketChannelImpl.checkConnect(Native Method)
	at java.base/sun.nio.ch.SocketChannelImpl.finishConnect(SocketChannelImpl.java:777)
	at org.apache.ratis.thirdparty.io.netty.channel.socket.nio.NioSocketChannel.doFinishConnect(NioSocketChannel.java:337)
	at org.apache.ratis.thirdparty.io.netty.channel.nio.AbstractNioChannel$AbstractNioUnsafe.finishConnect(AbstractNioChannel.java:334)
	at org.apache.ratis.thirdparty.io.netty.channel.nio.NioEventLoop.processSelectedKey(NioEventLoop.java:776)
	at org.apache.ratis.thirdparty.io.netty.channel.nio.NioEventLoop.processSelectedKeysOptimized(NioEventLoop.java:724)
	at org.apache.ratis.thirdparty.io.netty.channel.nio.NioEventLoop.processSelectedKeys(NioEventLoop.java:650)
	at org.apache.ratis.thirdparty.io.netty.channel.nio.NioEventLoop.run(NioEventLoop.java:562)
	at org.apache.ratis.thirdparty.io.netty.util.concurrent.SingleThreadEventExecutor$4.run(SingleThreadEventExecutor.java:997)
	at org.apache.ratis.thirdparty.io.netty.util.internal.ThreadExecutorMap$2.run(ThreadExecutorMap.java:74)
	at java.base/java.lang.Thread.run(Thread.java:829)
2023-06-29 03:33:44,540 [Thread-649] WARN  util.PeerProxyMap (PeerProxyMap.java:closeProxy(170)) - s0-NettyServerStreamRpc: Failed to close proxy for peer s1|rpc:localhost:33139|admin:localhost:43529|client:localhost:45027|dataStream:localhost:36939|priority:0|startupRole:FOLLOWER, proxy class: class org.apache.ratis.client.impl.DataStreamClientImpl
org.apache.ratis.thirdparty.io.netty.channel.AbstractChannel$AnnotatedConnectException: Connection refused: localhost/127.0.0.1:36939
Caused by: java.net.ConnectException: Connection refused
	at java.base/sun.nio.ch.SocketChannelImpl.checkConnect(Native Method)
	at java.base/sun.nio.ch.SocketChannelImpl.finishConnect(SocketChannelImpl.java:777)
	at org.apache.ratis.thirdparty.io.netty.channel.socket.nio.NioSocketChannel.doFinishConnect(NioSocketChannel.java:337)
	at org.apache.ratis.thirdparty.io.netty.channel.nio.AbstractNioChannel$AbstractNioUnsafe.finishConnect(AbstractNioChannel.java:334)
	at org.apache.ratis.thirdparty.io.netty.channel.nio.NioEventLoop.processSelectedKey(NioEventLoop.java:776)
	at org.apache.ratis.thirdparty.io.netty.channel.nio.NioEventLoop.processSelectedKeysOptimized(NioEventLoop.java:724)
	at org.apache.ratis.thirdparty.io.netty.channel.nio.NioEventLoop.processSelectedKeys(NioEventLoop.java:650)
	at org.apache.ratis.thirdparty.io.netty.channel.nio.NioEventLoop.run(NioEventLoop.java:562)
	at org.apache.ratis.thirdparty.io.netty.util.concurrent.SingleThreadEventExecutor$4.run(SingleThreadEventExecutor.java:997)
	at org.apache.ratis.thirdparty.io.netty.util.internal.ThreadExecutorMap$2.run(ThreadExecutorMap.java:74)
	at java.base/java.lang.Thread.run(Thread.java:829)
2023-06-29 03:33:44,541 [Thread-658] WARN  util.PeerProxyMap (PeerProxyMap.java:closeProxy(170)) - s0-NettyServerStreamRpc: Failed to close proxy for peer s2|rpc:localhost:38471|admin:localhost:33067|client:localhost:37939|dataStream:localhost:44447|priority:0|startupRole:FOLLOWER, proxy class: class org.apache.ratis.client.impl.DataStreamClientImpl
org.apache.ratis.thirdparty.io.netty.channel.AbstractChannel$AnnotatedConnectException: Connection refused: localhost/127.0.0.1:44447
Caused by: java.net.ConnectException: Connection refused
	at java.base/sun.nio.ch.SocketChannelImpl.checkConnect(Native Method)
	at java.base/sun.nio.ch.SocketChannelImpl.finishConnect(SocketChannelImpl.java:777)
	at org.apache.ratis.thirdparty.io.netty.channel.socket.nio.NioSocketChannel.doFinishConnect(NioSocketChannel.java:337)
	at org.apache.ratis.thirdparty.io.netty.channel.nio.AbstractNioChannel$AbstractNioUnsafe.finishConnect(AbstractNioChannel.java:334)
	at org.apache.ratis.thirdparty.io.netty.channel.nio.NioEventLoop.processSelectedKey(NioEventLoop.java:776)
	at org.apache.ratis.thirdparty.io.netty.channel.nio.NioEventLoop.processSelectedKeysOptimized(NioEventLoop.java:724)
	at org.apache.ratis.thirdparty.io.netty.channel.nio.NioEventLoop.processSelectedKeys(NioEventLoop.java:650)
	at org.apache.ratis.thirdparty.io.netty.channel.nio.NioEventLoop.run(NioEventLoop.java:562)
	at org.apache.ratis.thirdparty.io.netty.util.concurrent.SingleThreadEventExecutor$4.run(SingleThreadEventExecutor.java:997)
	at org.apache.ratis.thirdparty.io.netty.util.internal.ThreadExecutorMap$2.run(ThreadExecutorMap.java:74)
	at java.base/java.lang.Thread.run(Thread.java:829)
2023-06-29 03:33:44,526 [Thread-629] WARN  util.PeerProxyMap (PeerProxyMap.java:closeProxy(170)) - s1-NettyServerStreamRpc: Failed to close proxy for peer s0|rpc:localhost:34083|admin:localhost:38787|client:localhost:33075|dataStream:localhost:39011|priority:0|startupRole:FOLLOWER, proxy class: class org.apache.ratis.client.impl.DataStreamClientImpl
org.apache.ratis.thirdparty.io.netty.channel.AbstractChannel$AnnotatedConnectException: Connection refused: localhost/127.0.0.1:39011
Caused by: java.net.ConnectException: Connection refused
	at java.base/sun.nio.ch.SocketChannelImpl.checkConnect(Native Method)
	at java.base/sun.nio.ch.SocketChannelImpl.finishConnect(SocketChannelImpl.java:777)
	at org.apache.ratis.thirdparty.io.netty.channel.socket.nio.NioSocketChannel.doFinishConnect(NioSocketChannel.java:337)
	at org.apache.ratis.thirdparty.io.netty.channel.nio.AbstractNioChannel$AbstractNioUnsafe.finishConnect(AbstractNioChannel.java:334)
	at org.apache.ratis.thirdparty.io.netty.channel.nio.NioEventLoop.processSelectedKey(NioEventLoop.java:776)
	at org.apache.ratis.thirdparty.io.netty.channel.nio.NioEventLoop.processSelectedKeysOptimized(NioEventLoop.java:724)
	at org.apache.ratis.thirdparty.io.netty.channel.nio.NioEventLoop.processSelectedKeys(NioEventLoop.java:650)
	at org.apache.ratis.thirdparty.io.netty.channel.nio.NioEventLoop.run(NioEventLoop.java:562)
	at org.apache.ratis.thirdparty.io.netty.util.concurrent.SingleThreadEventExecutor$4.run(SingleThreadEventExecutor.java:997)
	at org.apache.ratis.thirdparty.io.netty.util.internal.ThreadExecutorMap$2.run(ThreadExecutorMap.java:74)
	at java.base/java.lang.Thread.run(Thread.java:829)
2023-06-29 03:33:44,562 [Thread-660] WARN  util.PeerProxyMap (PeerProxyMap.java:closeProxy(170)) - s1-NettyServerStreamRpc: Failed to close proxy for peer s0|rpc:localhost:34083|admin:localhost:38787|client:localhost:33075|dataStream:localhost:39011|priority:0|startupRole:FOLLOWER, proxy class: class org.apache.ratis.client.impl.DataStreamClientImpl
org.apache.ratis.thirdparty.io.netty.channel.AbstractChannel$AnnotatedConnectException: Connection refused: localhost/127.0.0.1:39011
Caused by: java.net.ConnectException: Connection refused
	at java.base/sun.nio.ch.SocketChannelImpl.checkConnect(Native Method)
	at java.base/sun.nio.ch.SocketChannelImpl.finishConnect(SocketChannelImpl.java:777)
	at org.apache.ratis.thirdparty.io.netty.channel.socket.nio.NioSocketChannel.doFinishConnect(NioSocketChannel.java:337)
	at org.apache.ratis.thirdparty.io.netty.channel.nio.AbstractNioChannel$AbstractNioUnsafe.finishConnect(AbstractNioChannel.java:334)
	at org.apache.ratis.thirdparty.io.netty.channel.nio.NioEventLoop.processSelectedKey(NioEventLoop.java:776)
	at org.apache.ratis.thirdparty.io.netty.channel.nio.NioEventLoop.processSelectedKeysOptimized(NioEventLoop.java:724)
	at org.apache.ratis.thirdparty.io.netty.channel.nio.NioEventLoop.processSelectedKeys(NioEventLoop.java:650)
	at org.apache.ratis.thirdparty.io.netty.channel.nio.NioEventLoop.run(NioEventLoop.java:562)
	at org.apache.ratis.thirdparty.io.netty.util.concurrent.SingleThreadEventExecutor$4.run(SingleThreadEventExecutor.java:997)
	at org.apache.ratis.thirdparty.io.netty.util.internal.ThreadExecutorMap$2.run(ThreadExecutorMap.java:74)
	at java.base/java.lang.Thread.run(Thread.java:829)
2023-06-29 03:33:44,562 [Thread-661] WARN  util.PeerProxyMap (PeerProxyMap.java:closeProxy(170)) - s1-NettyServerStreamRpc: Failed to close proxy for peer s2|rpc:localhost:38471|admin:localhost:33067|client:localhost:37939|dataStream:localhost:44447|priority:0|startupRole:FOLLOWER, proxy class: class org.apache.ratis.client.impl.DataStreamClientImpl
org.apache.ratis.thirdparty.io.netty.channel.AbstractChannel$AnnotatedConnectException: Connection refused: localhost/127.0.0.1:44447
Caused by: java.net.ConnectException: Connection refused
	at java.base/sun.nio.ch.SocketChannelImpl.checkConnect(Native Method)
	at java.base/sun.nio.ch.SocketChannelImpl.finishConnect(SocketChannelImpl.java:777)
	at org.apache.ratis.thirdparty.io.netty.channel.socket.nio.NioSocketChannel.doFinishConnect(NioSocketChannel.java:337)
	at org.apache.ratis.thirdparty.io.netty.channel.nio.AbstractNioChannel$AbstractNioUnsafe.finishConnect(AbstractNioChannel.java:334)
	at org.apache.ratis.thirdparty.io.netty.channel.nio.NioEventLoop.processSelectedKey(NioEventLoop.java:776)
	at org.apache.ratis.thirdparty.io.netty.channel.nio.NioEventLoop.processSelectedKeysOptimized(NioEventLoop.java:724)
	at org.apache.ratis.thirdparty.io.netty.channel.nio.NioEventLoop.processSelectedKeys(NioEventLoop.java:650)
	at org.apache.ratis.thirdparty.io.netty.channel.nio.NioEventLoop.run(NioEventLoop.java:562)
	at org.apache.ratis.thirdparty.io.netty.util.concurrent.SingleThreadEventExecutor$4.run(SingleThreadEventExecutor.java:997)
	at org.apache.ratis.thirdparty.io.netty.util.internal.ThreadExecutorMap$2.run(ThreadExecutorMap.java:74)
	at java.base/java.lang.Thread.run(Thread.java:829)
2023-06-29 03:33:44,563 [Thread-659] WARN  util.PeerProxyMap (PeerProxyMap.java:closeProxy(170)) - s0-NettyServerStreamRpc: Failed to close proxy for peer s1|rpc:localhost:33139|admin:localhost:43529|client:localhost:45027|dataStream:localhost:36939|priority:0|startupRole:FOLLOWER, proxy class: class org.apache.ratis.client.impl.DataStreamClientImpl
org.apache.ratis.thirdparty.io.netty.channel.AbstractChannel$AnnotatedConnectException: Connection refused: localhost/127.0.0.1:36939
Caused by: java.net.ConnectException: Connection refused
	at java.base/sun.nio.ch.SocketChannelImpl.checkConnect(Native Method)
	at java.base/sun.nio.ch.SocketChannelImpl.finishConnect(SocketChannelImpl.java:777)
	at org.apache.ratis.thirdparty.io.netty.channel.socket.nio.NioSocketChannel.doFinishConnect(NioSocketChannel.java:337)
	at org.apache.ratis.thirdparty.io.netty.channel.nio.AbstractNioChannel$AbstractNioUnsafe.finishConnect(AbstractNioChannel.java:334)
	at org.apache.ratis.thirdparty.io.netty.channel.nio.NioEventLoop.processSelectedKey(NioEventLoop.java:776)
	at org.apache.ratis.thirdparty.io.netty.channel.nio.NioEventLoop.processSelectedKeysOptimized(NioEventLoop.java:724)
	at org.apache.ratis.thirdparty.io.netty.channel.nio.NioEventLoop.processSelectedKeys(NioEventLoop.java:650)
	at org.apache.ratis.thirdparty.io.netty.channel.nio.NioEventLoop.run(NioEventLoop.java:562)
	at org.apache.ratis.thirdparty.io.netty.util.concurrent.SingleThreadEventExecutor$4.run(SingleThreadEventExecutor.java:997)
	at org.apache.ratis.thirdparty.io.netty.util.internal.ThreadExecutorMap$2.run(ThreadExecutorMap.java:74)
	at java.base/java.lang.Thread.run(Thread.java:829)
2023-06-29 03:33:44,563 [Thread-663] WARN  util.PeerProxyMap (PeerProxyMap.java:closeProxy(170)) - s0-NettyServerStreamRpc: Failed to close proxy for peer s2|rpc:localhost:38471|admin:localhost:33067|client:localhost:37939|dataStream:localhost:44447|priority:0|startupRole:FOLLOWER, proxy class: class org.apache.ratis.client.impl.DataStreamClientImpl
org.apache.ratis.thirdparty.io.netty.channel.AbstractChannel$AnnotatedConnectException: Connection refused: localhost/127.0.0.1:44447
Caused by: java.net.ConnectException: Connection refused
	at java.base/sun.nio.ch.SocketChannelImpl.checkConnect(Native Method)
	at java.base/sun.nio.ch.SocketChannelImpl.finishConnect(SocketChannelImpl.java:777)
	at org.apache.ratis.thirdparty.io.netty.channel.socket.nio.NioSocketChannel.doFinishConnect(NioSocketChannel.java:337)
	at org.apache.ratis.thirdparty.io.netty.channel.nio.AbstractNioChannel$AbstractNioUnsafe.finishConnect(AbstractNioChannel.java:334)
	at org.apache.ratis.thirdparty.io.netty.channel.nio.NioEventLoop.processSelectedKey(NioEventLoop.java:776)
	at org.apache.ratis.thirdparty.io.netty.channel.nio.NioEventLoop.processSelectedKeysOptimized(NioEventLoop.java:724)
	at org.apache.ratis.thirdparty.io.netty.channel.nio.NioEventLoop.processSelectedKeys(NioEventLoop.java:650)
	at org.apache.ratis.thirdparty.io.netty.channel.nio.NioEventLoop.run(NioEventLoop.java:562)
	at org.apache.ratis.thirdparty.io.netty.util.concurrent.SingleThreadEventExecutor$4.run(SingleThreadEventExecutor.java:997)
	at org.apache.ratis.thirdparty.io.netty.util.internal.ThreadExecutorMap$2.run(ThreadExecutorMap.java:74)
	at java.base/java.lang.Thread.run(Thread.java:829)
2023-06-29 03:33:44,571 [Thread-651] WARN  util.PeerProxyMap (PeerProxyMap.java:closeProxy(170)) - s2-NettyServerStreamRpc: Failed to close proxy for peer s1|rpc:localhost:33139|admin:localhost:43529|client:localhost:45027|dataStream:localhost:36939|priority:0|startupRole:FOLLOWER, proxy class: class org.apache.ratis.client.impl.DataStreamClientImpl
org.apache.ratis.thirdparty.io.netty.channel.AbstractChannel$AnnotatedConnectException: Connection refused: localhost/127.0.0.1:36939
Caused by: java.net.ConnectException: Connection refused
	at java.base/sun.nio.ch.SocketChannelImpl.checkConnect(Native Method)
	at java.base/sun.nio.ch.SocketChannelImpl.finishConnect(SocketChannelImpl.java:777)
	at org.apache.ratis.thirdparty.io.netty.channel.socket.nio.NioSocketChannel.doFinishConnect(NioSocketChannel.java:337)
	at org.apache.ratis.thirdparty.io.netty.channel.nio.AbstractNioChannel$AbstractNioUnsafe.finishConnect(AbstractNioChannel.java:334)
	at org.apache.ratis.thirdparty.io.netty.channel.nio.NioEventLoop.processSelectedKey(NioEventLoop.java:776)
	at org.apache.ratis.thirdparty.io.netty.channel.nio.NioEventLoop.processSelectedKeysOptimized(NioEventLoop.java:724)
	at org.apache.ratis.thirdparty.io.netty.channel.nio.NioEventLoop.processSelectedKeys(NioEventLoop.java:650)
	at org.apache.ratis.thirdparty.io.netty.channel.nio.NioEventLoop.run(NioEventLoop.java:562)
	at org.apache.ratis.thirdparty.io.netty.util.concurrent.SingleThreadEventExecutor$4.run(SingleThreadEventExecutor.java:997)
	at org.apache.ratis.thirdparty.io.netty.util.internal.ThreadExecutorMap$2.run(ThreadExecutorMap.java:74)
	at java.base/java.lang.Thread.run(Thread.java:829)
2023-06-29 03:33:44,571 [Thread-664] WARN  util.PeerProxyMap (PeerProxyMap.java:closeProxy(170)) - s0-NettyServerStreamRpc: Failed to close proxy for peer s1|rpc:localhost:33139|admin:localhost:43529|client:localhost:45027|dataStream:localhost:36939|priority:0|startupRole:FOLLOWER, proxy class: class org.apache.ratis.client.impl.DataStreamClientImpl
org.apache.ratis.thirdparty.io.netty.channel.AbstractChannel$AnnotatedConnectException: Connection refused: localhost/127.0.0.1:36939
Caused by: java.net.ConnectException: Connection refused
	at java.base/sun.nio.ch.SocketChannelImpl.checkConnect(Native Method)
	at java.base/sun.nio.ch.SocketChannelImpl.finishConnect(SocketChannelImpl.java:777)
	at org.apache.ratis.thirdparty.io.netty.channel.socket.nio.NioSocketChannel.doFinishConnect(NioSocketChannel.java:337)
	at org.apache.ratis.thirdparty.io.netty.channel.nio.AbstractNioChannel$AbstractNioUnsafe.finishConnect(AbstractNioChannel.java:334)
	at org.apache.ratis.thirdparty.io.netty.channel.nio.NioEventLoop.processSelectedKey(NioEventLoop.java:776)
	at org.apache.ratis.thirdparty.io.netty.channel.nio.NioEventLoop.processSelectedKeysOptimized(NioEventLoop.java:724)
	at org.apache.ratis.thirdparty.io.netty.channel.nio.NioEventLoop.processSelectedKeys(NioEventLoop.java:650)
	at org.apache.ratis.thirdparty.io.netty.channel.nio.NioEventLoop.run(NioEventLoop.java:562)
	at org.apache.ratis.thirdparty.io.netty.util.concurrent.SingleThreadEventExecutor$4.run(SingleThreadEventExecutor.java:997)
	at org.apache.ratis.thirdparty.io.netty.util.internal.ThreadExecutorMap$2.run(ThreadExecutorMap.java:74)
	at java.base/java.lang.Thread.run(Thread.java:829)
2023-06-29 03:33:44,574 [Thread-665] WARN  util.PeerProxyMap (PeerProxyMap.java:closeProxy(170)) - s0-NettyServerStreamRpc: Failed to close proxy for peer s2|rpc:localhost:38471|admin:localhost:33067|client:localhost:37939|dataStream:localhost:44447|priority:0|startupRole:FOLLOWER, proxy class: class org.apache.ratis.client.impl.DataStreamClientImpl
org.apache.ratis.thirdparty.io.netty.channel.AbstractChannel$AnnotatedConnectException: Connection refused: localhost/127.0.0.1:44447
Caused by: java.net.ConnectException: Connection refused
	at java.base/sun.nio.ch.SocketChannelImpl.checkConnect(Native Method)
	at java.base/sun.nio.ch.SocketChannelImpl.finishConnect(SocketChannelImpl.java:777)
	at org.apache.ratis.thirdparty.io.netty.channel.socket.nio.NioSocketChannel.doFinishConnect(NioSocketChannel.java:337)
	at org.apache.ratis.thirdparty.io.netty.channel.nio.AbstractNioChannel$AbstractNioUnsafe.finishConnect(AbstractNioChannel.java:334)
	at org.apache.ratis.thirdparty.io.netty.channel.nio.NioEventLoop.processSelectedKey(NioEventLoop.java:776)
	at org.apache.ratis.thirdparty.io.netty.channel.nio.NioEventLoop.processSelectedKeysOptimized(NioEventLoop.java:724)
	at org.apache.ratis.thirdparty.io.netty.channel.nio.NioEventLoop.processSelectedKeys(NioEventLoop.java:650)
	at org.apache.ratis.thirdparty.io.netty.channel.nio.NioEventLoop.run(NioEventLoop.java:562)
	at org.apache.ratis.thirdparty.io.netty.util.concurrent.SingleThreadEventExecutor$4.run(SingleThreadEventExecutor.java:997)
	at org.apache.ratis.thirdparty.io.netty.util.internal.ThreadExecutorMap$2.run(ThreadExecutorMap.java:74)
	at java.base/java.lang.Thread.run(Thread.java:829)
2023-06-29 03:33:44,580 [Thread-668] WARN  util.PeerProxyMap (PeerProxyMap.java:closeProxy(170)) - s1-NettyServerStreamRpc: Failed to close proxy for peer s2|rpc:localhost:38471|admin:localhost:33067|client:localhost:37939|dataStream:localhost:44447|priority:0|startupRole:FOLLOWER, proxy class: class org.apache.ratis.client.impl.DataStreamClientImpl
org.apache.ratis.thirdparty.io.netty.channel.AbstractChannel$AnnotatedConnectException: Connection refused: localhost/127.0.0.1:44447
Caused by: java.net.ConnectException: Connection refused
	at java.base/sun.nio.ch.SocketChannelImpl.checkConnect(Native Method)
	at java.base/sun.nio.ch.SocketChannelImpl.finishConnect(SocketChannelImpl.java:777)
	at org.apache.ratis.thirdparty.io.netty.channel.socket.nio.NioSocketChannel.doFinishConnect(NioSocketChannel.java:337)
	at org.apache.ratis.thirdparty.io.netty.channel.nio.AbstractNioChannel$AbstractNioUnsafe.finishConnect(AbstractNioChannel.java:334)
	at org.apache.ratis.thirdparty.io.netty.channel.nio.NioEventLoop.processSelectedKey(NioEventLoop.java:776)
	at org.apache.ratis.thirdparty.io.netty.channel.nio.NioEventLoop.processSelectedKeysOptimized(NioEventLoop.java:724)
	at org.apache.ratis.thirdparty.io.netty.channel.nio.NioEventLoop.processSelectedKeys(NioEventLoop.java:650)
	at org.apache.ratis.thirdparty.io.netty.channel.nio.NioEventLoop.run(NioEventLoop.java:562)
	at org.apache.ratis.thirdparty.io.netty.util.concurrent.SingleThreadEventExecutor$4.run(SingleThreadEventExecutor.java:997)
	at org.apache.ratis.thirdparty.io.netty.util.internal.ThreadExecutorMap$2.run(ThreadExecutorMap.java:74)
	at java.base/java.lang.Thread.run(Thread.java:829)
2023-06-29 03:33:44,580 [Thread-667] WARN  util.PeerProxyMap (PeerProxyMap.java:closeProxy(170)) - s0-NettyServerStreamRpc: Failed to close proxy for peer s1|rpc:localhost:33139|admin:localhost:43529|client:localhost:45027|dataStream:localhost:36939|priority:0|startupRole:FOLLOWER, proxy class: class org.apache.ratis.client.impl.DataStreamClientImpl
org.apache.ratis.thirdparty.io.netty.channel.AbstractChannel$AnnotatedConnectException: Connection refused: localhost/127.0.0.1:36939
Caused by: java.net.ConnectException: Connection refused
	at java.base/sun.nio.ch.SocketChannelImpl.checkConnect(Native Method)
	at java.base/sun.nio.ch.SocketChannelImpl.finishConnect(SocketChannelImpl.java:777)
	at org.apache.ratis.thirdparty.io.netty.channel.socket.nio.NioSocketChannel.doFinishConnect(NioSocketChannel.java:337)
	at org.apache.ratis.thirdparty.io.netty.channel.nio.AbstractNioChannel$AbstractNioUnsafe.finishConnect(AbstractNioChannel.java:334)
	at org.apache.ratis.thirdparty.io.netty.channel.nio.NioEventLoop.processSelectedKey(NioEventLoop.java:776)
	at org.apache.ratis.thirdparty.io.netty.channel.nio.NioEventLoop.processSelectedKeysOptimized(NioEventLoop.java:724)
	at org.apache.ratis.thirdparty.io.netty.channel.nio.NioEventLoop.processSelectedKeys(NioEventLoop.java:650)
	at org.apache.ratis.thirdparty.io.netty.channel.nio.NioEventLoop.run(NioEventLoop.java:562)
	at org.apache.ratis.thirdparty.io.netty.util.concurrent.SingleThreadEventExecutor$4.run(SingleThreadEventExecutor.java:997)
	at org.apache.ratis.thirdparty.io.netty.util.internal.ThreadExecutorMap$2.run(ThreadExecutorMap.java:74)
	at java.base/java.lang.Thread.run(Thread.java:829)
2023-06-29 03:33:44,580 [Thread-669] WARN  util.PeerProxyMap (PeerProxyMap.java:closeProxy(170)) - s0-NettyServerStreamRpc: Failed to close proxy for peer s2|rpc:localhost:38471|admin:localhost:33067|client:localhost:37939|dataStream:localhost:44447|priority:0|startupRole:FOLLOWER, proxy class: class org.apache.ratis.client.impl.DataStreamClientImpl
org.apache.ratis.thirdparty.io.netty.channel.AbstractChannel$AnnotatedConnectException: Connection refused: localhost/127.0.0.1:44447
Caused by: java.net.ConnectException: Connection refused
	at java.base/sun.nio.ch.SocketChannelImpl.checkConnect(Native Method)
	at java.base/sun.nio.ch.SocketChannelImpl.finishConnect(SocketChannelImpl.java:777)
	at org.apache.ratis.thirdparty.io.netty.channel.socket.nio.NioSocketChannel.doFinishConnect(NioSocketChannel.java:337)
	at org.apache.ratis.thirdparty.io.netty.channel.nio.AbstractNioChannel$AbstractNioUnsafe.finishConnect(AbstractNioChannel.java:334)
	at org.apache.ratis.thirdparty.io.netty.channel.nio.NioEventLoop.processSelectedKey(NioEventLoop.java:776)
	at org.apache.ratis.thirdparty.io.netty.channel.nio.NioEventLoop.processSelectedKeysOptimized(NioEventLoop.java:724)
	at org.apache.ratis.thirdparty.io.netty.channel.nio.NioEventLoop.processSelectedKeys(NioEventLoop.java:650)
	at org.apache.ratis.thirdparty.io.netty.channel.nio.NioEventLoop.run(NioEventLoop.java:562)
	at org.apache.ratis.thirdparty.io.netty.util.concurrent.SingleThreadEventExecutor$4.run(SingleThreadEventExecutor.java:997)
	at org.apache.ratis.thirdparty.io.netty.util.internal.ThreadExecutorMap$2.run(ThreadExecutorMap.java:74)
	at java.base/java.lang.Thread.run(Thread.java:829)
2023-06-29 03:33:44,581 [Thread-662] WARN  util.PeerProxyMap (PeerProxyMap.java:closeProxy(170)) - s1-NettyServerStreamRpc: Failed to close proxy for peer s0|rpc:localhost:34083|admin:localhost:38787|client:localhost:33075|dataStream:localhost:39011|priority:0|startupRole:FOLLOWER, proxy class: class org.apache.ratis.client.impl.DataStreamClientImpl
org.apache.ratis.thirdparty.io.netty.channel.AbstractChannel$AnnotatedConnectException: Connection refused: localhost/127.0.0.1:39011
Caused by: java.net.ConnectException: Connection refused
	at java.base/sun.nio.ch.SocketChannelImpl.checkConnect(Native Method)
	at java.base/sun.nio.ch.SocketChannelImpl.finishConnect(SocketChannelImpl.java:777)
	at org.apache.ratis.thirdparty.io.netty.channel.socket.nio.NioSocketChannel.doFinishConnect(NioSocketChannel.java:337)
	at org.apache.ratis.thirdparty.io.netty.channel.nio.AbstractNioChannel$AbstractNioUnsafe.finishConnect(AbstractNioChannel.java:334)
	at org.apache.ratis.thirdparty.io.netty.channel.nio.NioEventLoop.processSelectedKey(NioEventLoop.java:776)
	at org.apache.ratis.thirdparty.io.netty.channel.nio.NioEventLoop.processSelectedKeysOptimized(NioEventLoop.java:724)
	at org.apache.ratis.thirdparty.io.netty.channel.nio.NioEventLoop.processSelectedKeys(NioEventLoop.java:650)
	at org.apache.ratis.thirdparty.io.netty.channel.nio.NioEventLoop.run(NioEventLoop.java:562)
	at org.apache.ratis.thirdparty.io.netty.util.concurrent.SingleThreadEventExecutor$4.run(SingleThreadEventExecutor.java:997)
	at org.apache.ratis.thirdparty.io.netty.util.internal.ThreadExecutorMap$2.run(ThreadExecutorMap.java:74)
	at java.base/java.lang.Thread.run(Thread.java:829)
2023-06-29 03:33:44,581 [Thread-670] WARN  util.PeerProxyMap (PeerProxyMap.java:closeProxy(170)) - s2-NettyServerStreamRpc: Failed to close proxy for peer s1|rpc:localhost:33139|admin:localhost:43529|client:localhost:45027|dataStream:localhost:36939|priority:0|startupRole:FOLLOWER, proxy class: class org.apache.ratis.client.impl.DataStreamClientImpl
org.apache.ratis.thirdparty.io.netty.channel.AbstractChannel$AnnotatedConnectException: Connection refused: localhost/127.0.0.1:36939
Caused by: java.net.ConnectException: Connection refused
	at java.base/sun.nio.ch.SocketChannelImpl.checkConnect(Native Method)
	at java.base/sun.nio.ch.SocketChannelImpl.finishConnect(SocketChannelImpl.java:777)
	at org.apache.ratis.thirdparty.io.netty.channel.socket.nio.NioSocketChannel.doFinishConnect(NioSocketChannel.java:337)
	at org.apache.ratis.thirdparty.io.netty.channel.nio.AbstractNioChannel$AbstractNioUnsafe.finishConnect(AbstractNioChannel.java:334)
	at org.apache.ratis.thirdparty.io.netty.channel.nio.NioEventLoop.processSelectedKey(NioEventLoop.java:776)
	at org.apache.ratis.thirdparty.io.netty.channel.nio.NioEventLoop.processSelectedKeysOptimized(NioEventLoop.java:724)
	at org.apache.ratis.thirdparty.io.netty.channel.nio.NioEventLoop.processSelectedKeys(NioEventLoop.java:650)
	at org.apache.ratis.thirdparty.io.netty.channel.nio.NioEventLoop.run(NioEventLoop.java:562)
	at org.apache.ratis.thirdparty.io.netty.util.concurrent.SingleThreadEventExecutor$4.run(SingleThreadEventExecutor.java:997)
	at org.apache.ratis.thirdparty.io.netty.util.internal.ThreadExecutorMap$2.run(ThreadExecutorMap.java:74)
	at java.base/java.lang.Thread.run(Thread.java:829)
2023-06-29 03:33:44,581 [Thread-671] WARN  util.PeerProxyMap (PeerProxyMap.java:closeProxy(170)) - s0-NettyServerStreamRpc: Failed to close proxy for peer s1|rpc:localhost:33139|admin:localhost:43529|client:localhost:45027|dataStream:localhost:36939|priority:0|startupRole:FOLLOWER, proxy class: class org.apache.ratis.client.impl.DataStreamClientImpl
org.apache.ratis.thirdparty.io.netty.channel.AbstractChannel$AnnotatedConnectException: Connection refused: localhost/127.0.0.1:36939
Caused by: java.net.ConnectException: Connection refused
	at java.base/sun.nio.ch.SocketChannelImpl.checkConnect(Native Method)
	at java.base/sun.nio.ch.SocketChannelImpl.finishConnect(SocketChannelImpl.java:777)
	at org.apache.ratis.thirdparty.io.netty.channel.socket.nio.NioSocketChannel.doFinishConnect(NioSocketChannel.java:337)
	at org.apache.ratis.thirdparty.io.netty.channel.nio.AbstractNioChannel$AbstractNioUnsafe.finishConnect(AbstractNioChannel.java:334)
	at org.apache.ratis.thirdparty.io.netty.channel.nio.NioEventLoop.processSelectedKey(NioEventLoop.java:776)
	at org.apache.ratis.thirdparty.io.netty.channel.nio.NioEventLoop.processSelectedKeysOptimized(NioEventLoop.java:724)
	at org.apache.ratis.thirdparty.io.netty.channel.nio.NioEventLoop.processSelectedKeys(NioEventLoop.java:650)
	at org.apache.ratis.thirdparty.io.netty.channel.nio.NioEventLoop.run(NioEventLoop.java:562)
	at org.apache.ratis.thirdparty.io.netty.util.concurrent.SingleThreadEventExecutor$4.run(SingleThreadEventExecutor.java:997)
	at org.apache.ratis.thirdparty.io.netty.util.internal.ThreadExecutorMap$2.run(ThreadExecutorMap.java:74)
	at java.base/java.lang.Thread.run(Thread.java:829)
2023-06-29 03:33:44,581 [Thread-666] WARN  util.PeerProxyMap (PeerProxyMap.java:closeProxy(170)) - s2-NettyServerStreamRpc: Failed to close proxy for peer s0|rpc:localhost:34083|admin:localhost:38787|client:localhost:33075|dataStream:localhost:39011|priority:0|startupRole:FOLLOWER, proxy class: class org.apache.ratis.client.impl.DataStreamClientImpl
org.apache.ratis.thirdparty.io.netty.channel.AbstractChannel$AnnotatedConnectException: Connection refused: localhost/127.0.0.1:39011
Caused by: java.net.ConnectException: Connection refused
	at java.base/sun.nio.ch.SocketChannelImpl.checkConnect(Native Method)
	at java.base/sun.nio.ch.SocketChannelImpl.finishConnect(SocketChannelImpl.java:777)
	at org.apache.ratis.thirdparty.io.netty.channel.socket.nio.NioSocketChannel.doFinishConnect(NioSocketChannel.java:337)
	at org.apache.ratis.thirdparty.io.netty.channel.nio.AbstractNioChannel$AbstractNioUnsafe.finishConnect(AbstractNioChannel.java:334)
	at org.apache.ratis.thirdparty.io.netty.channel.nio.NioEventLoop.processSelectedKey(NioEventLoop.java:776)
	at org.apache.ratis.thirdparty.io.netty.channel.nio.NioEventLoop.processSelectedKeysOptimized(NioEventLoop.java:724)
	at org.apache.ratis.thirdparty.io.netty.channel.nio.NioEventLoop.processSelectedKeys(NioEventLoop.java:650)
	at org.apache.ratis.thirdparty.io.netty.channel.nio.NioEventLoop.run(NioEventLoop.java:562)
	at org.apache.ratis.thirdparty.io.netty.util.concurrent.SingleThreadEventExecutor$4.run(SingleThreadEventExecutor.java:997)
	at org.apache.ratis.thirdparty.io.netty.util.internal.ThreadExecutorMap$2.run(ThreadExecutorMap.java:74)
	at java.base/java.lang.Thread.run(Thread.java:829)
2023-06-29 03:33:44,582 [Thread-672] WARN  util.PeerProxyMap (PeerProxyMap.java:closeProxy(170)) - s0-NettyServerStreamRpc: Failed to close proxy for peer s2|rpc:localhost:38471|admin:localhost:33067|client:localhost:37939|dataStream:localhost:44447|priority:0|startupRole:FOLLOWER, proxy class: class org.apache.ratis.client.impl.DataStreamClientImpl
org.apache.ratis.thirdparty.io.netty.channel.AbstractChannel$AnnotatedConnectException: Connection refused: localhost/127.0.0.1:44447
Caused by: java.net.ConnectException: Connection refused
	at java.base/sun.nio.ch.SocketChannelImpl.checkConnect(Native Method)
	at java.base/sun.nio.ch.SocketChannelImpl.finishConnect(SocketChannelImpl.java:777)
	at org.apache.ratis.thirdparty.io.netty.channel.socket.nio.NioSocketChannel.doFinishConnect(NioSocketChannel.java:337)
	at org.apache.ratis.thirdparty.io.netty.channel.nio.AbstractNioChannel$AbstractNioUnsafe.finishConnect(AbstractNioChannel.java:334)
	at org.apache.ratis.thirdparty.io.netty.channel.nio.NioEventLoop.processSelectedKey(NioEventLoop.java:776)
	at org.apache.ratis.thirdparty.io.netty.channel.nio.NioEventLoop.processSelectedKeysOptimized(NioEventLoop.java:724)
	at org.apache.ratis.thirdparty.io.netty.channel.nio.NioEventLoop.processSelectedKeys(NioEventLoop.java:650)
	at org.apache.ratis.thirdparty.io.netty.channel.nio.NioEventLoop.run(NioEventLoop.java:562)
	at org.apache.ratis.thirdparty.io.netty.util.concurrent.SingleThreadEventExecutor$4.run(SingleThreadEventExecutor.java:997)
	at org.apache.ratis.thirdparty.io.netty.util.internal.ThreadExecutorMap$2.run(ThreadExecutorMap.java:74)
	at java.base/java.lang.Thread.run(Thread.java:829)
2023-06-29 03:33:44,582 [Thread-673] WARN  util.PeerProxyMap (PeerProxyMap.java:closeProxy(170)) - s1-NettyServerStreamRpc: Failed to close proxy for peer s0|rpc:localhost:34083|admin:localhost:38787|client:localhost:33075|dataStream:localhost:39011|priority:0|startupRole:FOLLOWER, proxy class: class org.apache.ratis.client.impl.DataStreamClientImpl
org.apache.ratis.thirdparty.io.netty.channel.AbstractChannel$AnnotatedConnectException: Connection refused: localhost/127.0.0.1:39011
Caused by: java.net.ConnectException: Connection refused
	at java.base/sun.nio.ch.SocketChannelImpl.checkConnect(Native Method)
	at java.base/sun.nio.ch.SocketChannelImpl.finishConnect(SocketChannelImpl.java:777)
	at org.apache.ratis.thirdparty.io.netty.channel.socket.nio.NioSocketChannel.doFinishConnect(NioSocketChannel.java:337)
	at org.apache.ratis.thirdparty.io.netty.channel.nio.AbstractNioChannel$AbstractNioUnsafe.finishConnect(AbstractNioChannel.java:334)
	at org.apache.ratis.thirdparty.io.netty.channel.nio.NioEventLoop.processSelectedKey(NioEventLoop.java:776)
	at org.apache.ratis.thirdparty.io.netty.channel.nio.NioEventLoop.processSelectedKeysOptimized(NioEventLoop.java:724)
	at org.apache.ratis.thirdparty.io.netty.channel.nio.NioEventLoop.processSelectedKeys(NioEventLoop.java:650)
	at org.apache.ratis.thirdparty.io.netty.channel.nio.NioEventLoop.run(NioEventLoop.java:562)
	at org.apache.ratis.thirdparty.io.netty.util.concurrent.SingleThreadEventExecutor$4.run(SingleThreadEventExecutor.java:997)
	at org.apache.ratis.thirdparty.io.netty.util.internal.ThreadExecutorMap$2.run(ThreadExecutorMap.java:74)
	at java.base/java.lang.Thread.run(Thread.java:829)
2023-06-29 03:33:44,583 [Thread-678] WARN  util.PeerProxyMap (PeerProxyMap.java:closeProxy(170)) - s0-NettyServerStreamRpc: Failed to close proxy for peer s1|rpc:localhost:33139|admin:localhost:43529|client:localhost:45027|dataStream:localhost:36939|priority:0|startupRole:FOLLOWER, proxy class: class org.apache.ratis.client.impl.DataStreamClientImpl
org.apache.ratis.thirdparty.io.netty.channel.AbstractChannel$AnnotatedConnectException: Connection refused: localhost/127.0.0.1:36939
Caused by: java.net.ConnectException: Connection refused
	at java.base/sun.nio.ch.SocketChannelImpl.checkConnect(Native Method)
	at java.base/sun.nio.ch.SocketChannelImpl.finishConnect(SocketChannelImpl.java:777)
	at org.apache.ratis.thirdparty.io.netty.channel.socket.nio.NioSocketChannel.doFinishConnect(NioSocketChannel.java:337)
	at org.apache.ratis.thirdparty.io.netty.channel.nio.AbstractNioChannel$AbstractNioUnsafe.finishConnect(AbstractNioChannel.java:334)
	at org.apache.ratis.thirdparty.io.netty.channel.nio.NioEventLoop.processSelectedKey(NioEventLoop.java:776)
	at org.apache.ratis.thirdparty.io.netty.channel.nio.NioEventLoop.processSelectedKeysOptimized(NioEventLoop.java:724)
	at org.apache.ratis.thirdparty.io.netty.channel.nio.NioEventLoop.processSelectedKeys(NioEventLoop.java:650)
	at org.apache.ratis.thirdparty.io.netty.channel.nio.NioEventLoop.run(NioEventLoop.java:562)
	at org.apache.ratis.thirdparty.io.netty.util.concurrent.SingleThreadEventExecutor$4.run(SingleThreadEventExecutor.java:997)
	at org.apache.ratis.thirdparty.io.netty.util.internal.ThreadExecutorMap$2.run(ThreadExecutorMap.java:74)
	at java.base/java.lang.Thread.run(Thread.java:829)
2023-06-29 03:33:44,583 [Thread-679] WARN  util.PeerProxyMap (PeerProxyMap.java:closeProxy(170)) - s0-NettyServerStreamRpc: Failed to close proxy for peer s2|rpc:localhost:38471|admin:localhost:33067|client:localhost:37939|dataStream:localhost:44447|priority:0|startupRole:FOLLOWER, proxy class: class org.apache.ratis.client.impl.DataStreamClientImpl
org.apache.ratis.thirdparty.io.netty.channel.AbstractChannel$AnnotatedConnectException: Connection refused: localhost/127.0.0.1:44447
Caused by: java.net.ConnectException: Connection refused
	at java.base/sun.nio.ch.SocketChannelImpl.checkConnect(Native Method)
	at java.base/sun.nio.ch.SocketChannelImpl.finishConnect(SocketChannelImpl.java:777)
	at org.apache.ratis.thirdparty.io.netty.channel.socket.nio.NioSocketChannel.doFinishConnect(NioSocketChannel.java:337)
	at org.apache.ratis.thirdparty.io.netty.channel.nio.AbstractNioChannel$AbstractNioUnsafe.finishConnect(AbstractNioChannel.java:334)
	at org.apache.ratis.thirdparty.io.netty.channel.nio.NioEventLoop.processSelectedKey(NioEventLoop.java:776)
	at org.apache.ratis.thirdparty.io.netty.channel.nio.NioEventLoop.processSelectedKeysOptimized(NioEventLoop.java:724)
	at org.apache.ratis.thirdparty.io.netty.channel.nio.NioEventLoop.processSelectedKeys(NioEventLoop.java:650)
	at org.apache.ratis.thirdparty.io.netty.channel.nio.NioEventLoop.run(NioEventLoop.java:562)
	at org.apache.ratis.thirdparty.io.netty.util.concurrent.SingleThreadEventExecutor$4.run(SingleThreadEventExecutor.java:997)
	at org.apache.ratis.thirdparty.io.netty.util.internal.ThreadExecutorMap$2.run(ThreadExecutorMap.java:74)
	at java.base/java.lang.Thread.run(Thread.java:829)
2023-06-29 03:33:44,584 [Thread-680] WARN  util.PeerProxyMap (PeerProxyMap.java:closeProxy(170)) - s0-NettyServerStreamRpc: Failed to close proxy for peer s1|rpc:localhost:33139|admin:localhost:43529|client:localhost:45027|dataStream:localhost:36939|priority:0|startupRole:FOLLOWER, proxy class: class org.apache.ratis.client.impl.DataStreamClientImpl
org.apache.ratis.thirdparty.io.netty.channel.AbstractChannel$AnnotatedConnectException: Connection refused: localhost/127.0.0.1:36939
Caused by: java.net.ConnectException: Connection refused
	at java.base/sun.nio.ch.SocketChannelImpl.checkConnect(Native Method)
	at java.base/sun.nio.ch.SocketChannelImpl.finishConnect(SocketChannelImpl.java:777)
	at org.apache.ratis.thirdparty.io.netty.channel.socket.nio.NioSocketChannel.doFinishConnect(NioSocketChannel.java:337)
	at org.apache.ratis.thirdparty.io.netty.channel.nio.AbstractNioChannel$AbstractNioUnsafe.finishConnect(AbstractNioChannel.java:334)
	at org.apache.ratis.thirdparty.io.netty.channel.nio.NioEventLoop.processSelectedKey(NioEventLoop.java:776)
	at org.apache.ratis.thirdparty.io.netty.channel.nio.NioEventLoop.processSelectedKeysOptimized(NioEventLoop.java:724)
	at org.apache.ratis.thirdparty.io.netty.channel.nio.NioEventLoop.processSelectedKeys(NioEventLoop.java:650)
	at org.apache.ratis.thirdparty.io.netty.channel.nio.NioEventLoop.run(NioEventLoop.java:562)
	at org.apache.ratis.thirdparty.io.netty.util.concurrent.SingleThreadEventExecutor$4.run(SingleThreadEventExecutor.java:997)
	at org.apache.ratis.thirdparty.io.netty.util.internal.ThreadExecutorMap$2.run(ThreadExecutorMap.java:74)
	at java.base/java.lang.Thread.run(Thread.java:829)
2023-06-29 03:33:44,584 [Thread-676] WARN  util.PeerProxyMap (PeerProxyMap.java:closeProxy(170)) - s1-NettyServerStreamRpc: Failed to close proxy for peer s2|rpc:localhost:38471|admin:localhost:33067|client:localhost:37939|dataStream:localhost:44447|priority:0|startupRole:FOLLOWER, proxy class: class org.apache.ratis.client.impl.DataStreamClientImpl
org.apache.ratis.thirdparty.io.netty.channel.AbstractChannel$AnnotatedConnectException: Connection refused: localhost/127.0.0.1:44447
Caused by: java.net.ConnectException: Connection refused
	at java.base/sun.nio.ch.SocketChannelImpl.checkConnect(Native Method)
	at java.base/sun.nio.ch.SocketChannelImpl.finishConnect(SocketChannelImpl.java:777)
	at org.apache.ratis.thirdparty.io.netty.channel.socket.nio.NioSocketChannel.doFinishConnect(NioSocketChannel.java:337)
	at org.apache.ratis.thirdparty.io.netty.channel.nio.AbstractNioChannel$AbstractNioUnsafe.finishConnect(AbstractNioChannel.java:334)
	at org.apache.ratis.thirdparty.io.netty.channel.nio.NioEventLoop.processSelectedKey(NioEventLoop.java:776)
	at org.apache.ratis.thirdparty.io.netty.channel.nio.NioEventLoop.processSelectedKeysOptimized(NioEventLoop.java:724)
	at org.apache.ratis.thirdparty.io.netty.channel.nio.NioEventLoop.processSelectedKeys(NioEventLoop.java:650)
	at org.apache.ratis.thirdparty.io.netty.channel.nio.NioEventLoop.run(NioEventLoop.java:562)
	at org.apache.ratis.thirdparty.io.netty.util.concurrent.SingleThreadEventExecutor$4.run(SingleThreadEventExecutor.java:997)
	at org.apache.ratis.thirdparty.io.netty.util.internal.ThreadExecutorMap$2.run(ThreadExecutorMap.java:74)
	at java.base/java.lang.Thread.run(Thread.java:829)
2023-06-29 03:33:44,584 [Thread-681] WARN  util.PeerProxyMap (PeerProxyMap.java:closeProxy(170)) - s0-NettyServerStreamRpc: Failed to close proxy for peer s2|rpc:localhost:38471|admin:localhost:33067|client:localhost:37939|dataStream:localhost:44447|priority:0|startupRole:FOLLOWER, proxy class: class org.apache.ratis.client.impl.DataStreamClientImpl
org.apache.ratis.thirdparty.io.netty.channel.AbstractChannel$AnnotatedConnectException: Connection refused: localhost/127.0.0.1:44447
Caused by: java.net.ConnectException: Connection refused
	at java.base/sun.nio.ch.SocketChannelImpl.checkConnect(Native Method)
	at java.base/sun.nio.ch.SocketChannelImpl.finishConnect(SocketChannelImpl.java:777)
	at org.apache.ratis.thirdparty.io.netty.channel.socket.nio.NioSocketChannel.doFinishConnect(NioSocketChannel.java:337)
	at org.apache.ratis.thirdparty.io.netty.channel.nio.AbstractNioChannel$AbstractNioUnsafe.finishConnect(AbstractNioChannel.java:334)
	at org.apache.ratis.thirdparty.io.netty.channel.nio.NioEventLoop.processSelectedKey(NioEventLoop.java:776)
	at org.apache.ratis.thirdparty.io.netty.channel.nio.NioEventLoop.processSelectedKeysOptimized(NioEventLoop.java:724)
	at org.apache.ratis.thirdparty.io.netty.channel.nio.NioEventLoop.processSelectedKeys(NioEventLoop.java:650)
	at org.apache.ratis.thirdparty.io.netty.channel.nio.NioEventLoop.run(NioEventLoop.java:562)
	at org.apache.ratis.thirdparty.io.netty.util.concurrent.SingleThreadEventExecutor$4.run(SingleThreadEventExecutor.java:997)
	at org.apache.ratis.thirdparty.io.netty.util.internal.ThreadExecutorMap$2.run(ThreadExecutorMap.java:74)
	at java.base/java.lang.Thread.run(Thread.java:829)
2023-06-29 03:33:44,584 [Thread-682] WARN  util.PeerProxyMap (PeerProxyMap.java:closeProxy(170)) - s1-NettyServerStreamRpc: Failed to close proxy for peer s0|rpc:localhost:34083|admin:localhost:38787|client:localhost:33075|dataStream:localhost:39011|priority:0|startupRole:FOLLOWER, proxy class: class org.apache.ratis.client.impl.DataStreamClientImpl
org.apache.ratis.thirdparty.io.netty.channel.AbstractChannel$AnnotatedConnectException: Connection refused: localhost/127.0.0.1:39011
Caused by: java.net.ConnectException: Connection refused
	at java.base/sun.nio.ch.SocketChannelImpl.checkConnect(Native Method)
	at java.base/sun.nio.ch.SocketChannelImpl.finishConnect(SocketChannelImpl.java:777)
	at org.apache.ratis.thirdparty.io.netty.channel.socket.nio.NioSocketChannel.doFinishConnect(NioSocketChannel.java:337)
	at org.apache.ratis.thirdparty.io.netty.channel.nio.AbstractNioChannel$AbstractNioUnsafe.finishConnect(AbstractNioChannel.java:334)
	at org.apache.ratis.thirdparty.io.netty.channel.nio.NioEventLoop.processSelectedKey(NioEventLoop.java:776)
	at org.apache.ratis.thirdparty.io.netty.channel.nio.NioEventLoop.processSelectedKeysOptimized(NioEventLoop.java:724)
	at org.apache.ratis.thirdparty.io.netty.channel.nio.NioEventLoop.processSelectedKeys(NioEventLoop.java:650)
	at org.apache.ratis.thirdparty.io.netty.channel.nio.NioEventLoop.run(NioEventLoop.java:562)
	at org.apache.ratis.thirdparty.io.netty.util.concurrent.SingleThreadEventExecutor$4.run(SingleThreadEventExecutor.java:997)
	at org.apache.ratis.thirdparty.io.netty.util.internal.ThreadExecutorMap$2.run(ThreadExecutorMap.java:74)
	at java.base/java.lang.Thread.run(Thread.java:829)
2023-06-29 03:33:44,584 [Thread-684] WARN  util.PeerProxyMap (PeerProxyMap.java:closeProxy(170)) - s1-NettyServerStreamRpc: Failed to close proxy for peer s2|rpc:localhost:38471|admin:localhost:33067|client:localhost:37939|dataStream:localhost:44447|priority:0|startupRole:FOLLOWER, proxy class: class org.apache.ratis.client.impl.DataStreamClientImpl
org.apache.ratis.thirdparty.io.netty.channel.AbstractChannel$AnnotatedConnectException: Connection refused: localhost/127.0.0.1:44447
Caused by: java.net.ConnectException: Connection refused
	at java.base/sun.nio.ch.SocketChannelImpl.checkConnect(Native Method)
	at java.base/sun.nio.ch.SocketChannelImpl.finishConnect(SocketChannelImpl.java:777)
	at org.apache.ratis.thirdparty.io.netty.channel.socket.nio.NioSocketChannel.doFinishConnect(NioSocketChannel.java:337)
	at org.apache.ratis.thirdparty.io.netty.channel.nio.AbstractNioChannel$AbstractNioUnsafe.finishConnect(AbstractNioChannel.java:334)
	at org.apache.ratis.thirdparty.io.netty.channel.nio.NioEventLoop.processSelectedKey(NioEventLoop.java:776)
	at org.apache.ratis.thirdparty.io.netty.channel.nio.NioEventLoop.processSelectedKeysOptimized(NioEventLoop.java:724)
	at org.apache.ratis.thirdparty.io.netty.channel.nio.NioEventLoop.processSelectedKeys(NioEventLoop.java:650)
	at org.apache.ratis.thirdparty.io.netty.channel.nio.NioEventLoop.run(NioEventLoop.java:562)
	at org.apache.ratis.thirdparty.io.netty.util.concurrent.SingleThreadEventExecutor$4.run(SingleThreadEventExecutor.java:997)
	at org.apache.ratis.thirdparty.io.netty.util.internal.ThreadExecutorMap$2.run(ThreadExecutorMap.java:74)
	at java.base/java.lang.Thread.run(Thread.java:829)
2023-06-29 03:33:44,585 [Thread-686] WARN  util.PeerProxyMap (PeerProxyMap.java:closeProxy(170)) - s2-NettyServerStreamRpc: Failed to close proxy for peer s1|rpc:localhost:33139|admin:localhost:43529|client:localhost:45027|dataStream:localhost:36939|priority:0|startupRole:FOLLOWER, proxy class: class org.apache.ratis.client.impl.DataStreamClientImpl
org.apache.ratis.thirdparty.io.netty.channel.AbstractChannel$AnnotatedConnectException: Connection refused: localhost/127.0.0.1:36939
Caused by: java.net.ConnectException: Connection refused
	at java.base/sun.nio.ch.SocketChannelImpl.checkConnect(Native Method)
	at java.base/sun.nio.ch.SocketChannelImpl.finishConnect(SocketChannelImpl.java:777)
	at org.apache.ratis.thirdparty.io.netty.channel.socket.nio.NioSocketChannel.doFinishConnect(NioSocketChannel.java:337)
	at org.apache.ratis.thirdparty.io.netty.channel.nio.AbstractNioChannel$AbstractNioUnsafe.finishConnect(AbstractNioChannel.java:334)
	at org.apache.ratis.thirdparty.io.netty.channel.nio.NioEventLoop.processSelectedKey(NioEventLoop.java:776)
	at org.apache.ratis.thirdparty.io.netty.channel.nio.NioEventLoop.processSelectedKeysOptimized(NioEventLoop.java:724)
	at org.apache.ratis.thirdparty.io.netty.channel.nio.NioEventLoop.processSelectedKeys(NioEventLoop.java:650)
	at org.apache.ratis.thirdparty.io.netty.channel.nio.NioEventLoop.run(NioEventLoop.java:562)
	at org.apache.ratis.thirdparty.io.netty.util.concurrent.SingleThreadEventExecutor$4.run(SingleThreadEventExecutor.java:997)
	at org.apache.ratis.thirdparty.io.netty.util.internal.ThreadExecutorMap$2.run(ThreadExecutorMap.java:74)
	at java.base/java.lang.Thread.run(Thread.java:829)
2023-06-29 03:33:44,585 [Thread-683] WARN  util.PeerProxyMap (PeerProxyMap.java:closeProxy(170)) - s0-NettyServerStreamRpc: Failed to close proxy for peer s1|rpc:localhost:33139|admin:localhost:43529|client:localhost:45027|dataStream:localhost:36939|priority:0|startupRole:FOLLOWER, proxy class: class org.apache.ratis.client.impl.DataStreamClientImpl
org.apache.ratis.thirdparty.io.netty.channel.AbstractChannel$AnnotatedConnectException: Connection refused: localhost/127.0.0.1:36939
Caused by: java.net.ConnectException: Connection refused
	at java.base/sun.nio.ch.SocketChannelImpl.checkConnect(Native Method)
	at java.base/sun.nio.ch.SocketChannelImpl.finishConnect(SocketChannelImpl.java:777)
	at org.apache.ratis.thirdparty.io.netty.channel.socket.nio.NioSocketChannel.doFinishConnect(NioSocketChannel.java:337)
	at org.apache.ratis.thirdparty.io.netty.channel.nio.AbstractNioChannel$AbstractNioUnsafe.finishConnect(AbstractNioChannel.java:334)
	at org.apache.ratis.thirdparty.io.netty.channel.nio.NioEventLoop.processSelectedKey(NioEventLoop.java:776)
	at org.apache.ratis.thirdparty.io.netty.channel.nio.NioEventLoop.processSelectedKeysOptimized(NioEventLoop.java:724)
	at org.apache.ratis.thirdparty.io.netty.channel.nio.NioEventLoop.processSelectedKeys(NioEventLoop.java:650)
	at org.apache.ratis.thirdparty.io.netty.channel.nio.NioEventLoop.run(NioEventLoop.java:562)
	at org.apache.ratis.thirdparty.io.netty.util.concurrent.SingleThreadEventExecutor$4.run(SingleThreadEventExecutor.java:997)
	at org.apache.ratis.thirdparty.io.netty.util.internal.ThreadExecutorMap$2.run(ThreadExecutorMap.java:74)
	at java.base/java.lang.Thread.run(Thread.java:829)
2023-06-29 03:33:44,586 [Thread-688] WARN  util.PeerProxyMap (PeerProxyMap.java:closeProxy(170)) - s0-NettyServerStreamRpc: Failed to close proxy for peer s2|rpc:localhost:38471|admin:localhost:33067|client:localhost:37939|dataStream:localhost:44447|priority:0|startupRole:FOLLOWER, proxy class: class org.apache.ratis.client.impl.DataStreamClientImpl
org.apache.ratis.thirdparty.io.netty.channel.AbstractChannel$AnnotatedConnectException: Connection refused: localhost/127.0.0.1:44447
Caused by: java.net.ConnectException: Connection refused
	at java.base/sun.nio.ch.SocketChannelImpl.checkConnect(Native Method)
	at java.base/sun.nio.ch.SocketChannelImpl.finishConnect(SocketChannelImpl.java:777)
	at org.apache.ratis.thirdparty.io.netty.channel.socket.nio.NioSocketChannel.doFinishConnect(NioSocketChannel.java:337)
	at org.apache.ratis.thirdparty.io.netty.channel.nio.AbstractNioChannel$AbstractNioUnsafe.finishConnect(AbstractNioChannel.java:334)
	at org.apache.ratis.thirdparty.io.netty.channel.nio.NioEventLoop.processSelectedKey(NioEventLoop.java:776)
	at org.apache.ratis.thirdparty.io.netty.channel.nio.NioEventLoop.processSelectedKeysOptimized(NioEventLoop.java:724)
	at org.apache.ratis.thirdparty.io.netty.channel.nio.NioEventLoop.processSelectedKeys(NioEventLoop.java:650)
	at org.apache.ratis.thirdparty.io.netty.channel.nio.NioEventLoop.run(NioEventLoop.java:562)
	at org.apache.ratis.thirdparty.io.netty.util.concurrent.SingleThreadEventExecutor$4.run(SingleThreadEventExecutor.java:997)
	at org.apache.ratis.thirdparty.io.netty.util.internal.ThreadExecutorMap$2.run(ThreadExecutorMap.java:74)
	at java.base/java.lang.Thread.run(Thread.java:829)
2023-06-29 03:33:44,587 [Thread-685] WARN  util.PeerProxyMap (PeerProxyMap.java:closeProxy(170)) - s1-NettyServerStreamRpc: Failed to close proxy for peer s0|rpc:localhost:34083|admin:localhost:38787|client:localhost:33075|dataStream:localhost:39011|priority:0|startupRole:FOLLOWER, proxy class: class org.apache.ratis.client.impl.DataStreamClientImpl
org.apache.ratis.thirdparty.io.netty.channel.AbstractChannel$AnnotatedConnectException: Connection refused: localhost/127.0.0.1:39011
Caused by: java.net.ConnectException: Connection refused
	at java.base/sun.nio.ch.SocketChannelImpl.checkConnect(Native Method)
	at java.base/sun.nio.ch.SocketChannelImpl.finishConnect(SocketChannelImpl.java:777)
	at org.apache.ratis.thirdparty.io.netty.channel.socket.nio.NioSocketChannel.doFinishConnect(NioSocketChannel.java:337)
	at org.apache.ratis.thirdparty.io.netty.channel.nio.AbstractNioChannel$AbstractNioUnsafe.finishConnect(AbstractNioChannel.java:334)
	at org.apache.ratis.thirdparty.io.netty.channel.nio.NioEventLoop.processSelectedKey(NioEventLoop.java:776)
	at org.apache.ratis.thirdparty.io.netty.channel.nio.NioEventLoop.processSelectedKeysOptimized(NioEventLoop.java:724)
	at org.apache.ratis.thirdparty.io.netty.channel.nio.NioEventLoop.processSelectedKeys(NioEventLoop.java:650)
	at org.apache.ratis.thirdparty.io.netty.channel.nio.NioEventLoop.run(NioEventLoop.java:562)
	at org.apache.ratis.thirdparty.io.netty.util.concurrent.SingleThreadEventExecutor$4.run(SingleThreadEventExecutor.java:997)
	at org.apache.ratis.thirdparty.io.netty.util.internal.ThreadExecutorMap$2.run(ThreadExecutorMap.java:74)
	at java.base/java.lang.Thread.run(Thread.java:829)
2023-06-29 03:33:44,587 [Thread-687] WARN  util.PeerProxyMap (PeerProxyMap.java:closeProxy(170)) - s1-NettyServerStreamRpc: Failed to close proxy for peer s2|rpc:localhost:38471|admin:localhost:33067|client:localhost:37939|dataStream:localhost:44447|priority:0|startupRole:FOLLOWER, proxy class: class org.apache.ratis.client.impl.DataStreamClientImpl
org.apache.ratis.thirdparty.io.netty.channel.AbstractChannel$AnnotatedConnectException: Connection refused: localhost/127.0.0.1:44447
Caused by: java.net.ConnectException: Connection refused
	at java.base/sun.nio.ch.SocketChannelImpl.checkConnect(Native Method)
	at java.base/sun.nio.ch.SocketChannelImpl.finishConnect(SocketChannelImpl.java:777)
	at org.apache.ratis.thirdparty.io.netty.channel.socket.nio.NioSocketChannel.doFinishConnect(NioSocketChannel.java:337)
	at org.apache.ratis.thirdparty.io.netty.channel.nio.AbstractNioChannel$AbstractNioUnsafe.finishConnect(AbstractNioChannel.java:334)
	at org.apache.ratis.thirdparty.io.netty.channel.nio.NioEventLoop.processSelectedKey(NioEventLoop.java:776)
	at org.apache.ratis.thirdparty.io.netty.channel.nio.NioEventLoop.processSelectedKeysOptimized(NioEventLoop.java:724)
	at org.apache.ratis.thirdparty.io.netty.channel.nio.NioEventLoop.processSelectedKeys(NioEventLoop.java:650)
	at org.apache.ratis.thirdparty.io.netty.channel.nio.NioEventLoop.run(NioEventLoop.java:562)
	at org.apache.ratis.thirdparty.io.netty.util.concurrent.SingleThreadEventExecutor$4.run(SingleThreadEventExecutor.java:997)
	at org.apache.ratis.thirdparty.io.netty.util.internal.ThreadExecutorMap$2.run(ThreadExecutorMap.java:74)
	at java.base/java.lang.Thread.run(Thread.java:829)
2023-06-29 03:33:44,587 [Thread-674] WARN  util.PeerProxyMap (PeerProxyMap.java:closeProxy(170)) - s2-NettyServerStreamRpc: Failed to close proxy for peer s0|rpc:localhost:34083|admin:localhost:38787|client:localhost:33075|dataStream:localhost:39011|priority:0|startupRole:FOLLOWER, proxy class: class org.apache.ratis.client.impl.DataStreamClientImpl
org.apache.ratis.thirdparty.io.netty.channel.AbstractChannel$AnnotatedConnectException: Connection refused: localhost/127.0.0.1:39011
Caused by: java.net.ConnectException: Connection refused
	at java.base/sun.nio.ch.SocketChannelImpl.checkConnect(Native Method)
	at java.base/sun.nio.ch.SocketChannelImpl.finishConnect(SocketChannelImpl.java:777)
	at org.apache.ratis.thirdparty.io.netty.channel.socket.nio.NioSocketChannel.doFinishConnect(NioSocketChannel.java:337)
	at org.apache.ratis.thirdparty.io.netty.channel.nio.AbstractNioChannel$AbstractNioUnsafe.finishConnect(AbstractNioChannel.java:334)
	at org.apache.ratis.thirdparty.io.netty.channel.nio.NioEventLoop.processSelectedKey(NioEventLoop.java:776)
	at org.apache.ratis.thirdparty.io.netty.channel.nio.NioEventLoop.processSelectedKeysOptimized(NioEventLoop.java:724)
	at org.apache.ratis.thirdparty.io.netty.channel.nio.NioEventLoop.processSelectedKeys(NioEventLoop.java:650)
	at org.apache.ratis.thirdparty.io.netty.channel.nio.NioEventLoop.run(NioEventLoop.java:562)
	at org.apache.ratis.thirdparty.io.netty.util.concurrent.SingleThreadEventExecutor$4.run(SingleThreadEventExecutor.java:997)
	at org.apache.ratis.thirdparty.io.netty.util.internal.ThreadExecutorMap$2.run(ThreadExecutorMap.java:74)
	at java.base/java.lang.Thread.run(Thread.java:829)
2023-06-29 03:33:44,593 [Thread-689] WARN  util.PeerProxyMap (PeerProxyMap.java:closeProxy(170)) - s1-NettyServerStreamRpc: Failed to close proxy for peer s0|rpc:localhost:34083|admin:localhost:38787|client:localhost:33075|dataStream:localhost:39011|priority:0|startupRole:FOLLOWER, proxy class: class org.apache.ratis.client.impl.DataStreamClientImpl
org.apache.ratis.thirdparty.io.netty.channel.AbstractChannel$AnnotatedConnectException: Connection refused: localhost/127.0.0.1:39011
Caused by: java.net.ConnectException: Connection refused
	at java.base/sun.nio.ch.SocketChannelImpl.checkConnect(Native Method)
	at java.base/sun.nio.ch.SocketChannelImpl.finishConnect(SocketChannelImpl.java:777)
	at org.apache.ratis.thirdparty.io.netty.channel.socket.nio.NioSocketChannel.doFinishConnect(NioSocketChannel.java:337)
	at org.apache.ratis.thirdparty.io.netty.channel.nio.AbstractNioChannel$AbstractNioUnsafe.finishConnect(AbstractNioChannel.java:334)
	at org.apache.ratis.thirdparty.io.netty.channel.nio.NioEventLoop.processSelectedKey(NioEventLoop.java:776)
	at org.apache.ratis.thirdparty.io.netty.channel.nio.NioEventLoop.processSelectedKeysOptimized(NioEventLoop.java:724)
	at org.apache.ratis.thirdparty.io.netty.channel.nio.NioEventLoop.processSelectedKeys(NioEventLoop.java:650)
	at org.apache.ratis.thirdparty.io.netty.channel.nio.NioEventLoop.run(NioEventLoop.java:562)
	at org.apache.ratis.thirdparty.io.netty.util.concurrent.SingleThreadEventExecutor$4.run(SingleThreadEventExecutor.java:997)
	at org.apache.ratis.thirdparty.io.netty.util.internal.ThreadExecutorMap$2.run(ThreadExecutorMap.java:74)
	at java.base/java.lang.Thread.run(Thread.java:829)
2023-06-29 03:33:44,593 [Thread-691] WARN  util.PeerProxyMap (PeerProxyMap.java:closeProxy(170)) - s1-NettyServerStreamRpc: Failed to close proxy for peer s2|rpc:localhost:38471|admin:localhost:33067|client:localhost:37939|dataStream:localhost:44447|priority:0|startupRole:FOLLOWER, proxy class: class org.apache.ratis.client.impl.DataStreamClientImpl
org.apache.ratis.thirdparty.io.netty.channel.AbstractChannel$AnnotatedConnectException: Connection refused: localhost/127.0.0.1:44447
Caused by: java.net.ConnectException: Connection refused
	at java.base/sun.nio.ch.SocketChannelImpl.checkConnect(Native Method)
	at java.base/sun.nio.ch.SocketChannelImpl.finishConnect(SocketChannelImpl.java:777)
	at org.apache.ratis.thirdparty.io.netty.channel.socket.nio.NioSocketChannel.doFinishConnect(NioSocketChannel.java:337)
	at org.apache.ratis.thirdparty.io.netty.channel.nio.AbstractNioChannel$AbstractNioUnsafe.finishConnect(AbstractNioChannel.java:334)
	at org.apache.ratis.thirdparty.io.netty.channel.nio.NioEventLoop.processSelectedKey(NioEventLoop.java:776)
	at org.apache.ratis.thirdparty.io.netty.channel.nio.NioEventLoop.processSelectedKeysOptimized(NioEventLoop.java:724)
	at org.apache.ratis.thirdparty.io.netty.channel.nio.NioEventLoop.processSelectedKeys(NioEventLoop.java:650)
	at org.apache.ratis.thirdparty.io.netty.channel.nio.NioEventLoop.run(NioEventLoop.java:562)
	at org.apache.ratis.thirdparty.io.netty.util.concurrent.SingleThreadEventExecutor$4.run(SingleThreadEventExecutor.java:997)
	at org.apache.ratis.thirdparty.io.netty.util.internal.ThreadExecutorMap$2.run(ThreadExecutorMap.java:74)
	at java.base/java.lang.Thread.run(Thread.java:829)
2023-06-29 03:33:44,593 [Thread-690] WARN  util.PeerProxyMap (PeerProxyMap.java:closeProxy(170)) - s2-NettyServerStreamRpc: Failed to close proxy for peer s0|rpc:localhost:34083|admin:localhost:38787|client:localhost:33075|dataStream:localhost:39011|priority:0|startupRole:FOLLOWER, proxy class: class org.apache.ratis.client.impl.DataStreamClientImpl
org.apache.ratis.thirdparty.io.netty.channel.AbstractChannel$AnnotatedConnectException: Connection refused: localhost/127.0.0.1:39011
Caused by: java.net.ConnectException: Connection refused
	at java.base/sun.nio.ch.SocketChannelImpl.checkConnect(Native Method)
	at java.base/sun.nio.ch.SocketChannelImpl.finishConnect(SocketChannelImpl.java:777)
	at org.apache.ratis.thirdparty.io.netty.channel.socket.nio.NioSocketChannel.doFinishConnect(NioSocketChannel.java:337)
	at org.apache.ratis.thirdparty.io.netty.channel.nio.AbstractNioChannel$AbstractNioUnsafe.finishConnect(AbstractNioChannel.java:334)
	at org.apache.ratis.thirdparty.io.netty.channel.nio.NioEventLoop.processSelectedKey(NioEventLoop.java:776)
	at org.apache.ratis.thirdparty.io.netty.channel.nio.NioEventLoop.processSelectedKeysOptimized(NioEventLoop.java:724)
	at org.apache.ratis.thirdparty.io.netty.channel.nio.NioEventLoop.processSelectedKeys(NioEventLoop.java:650)
	at org.apache.ratis.thirdparty.io.netty.channel.nio.NioEventLoop.run(NioEventLoop.java:562)
	at org.apache.ratis.thirdparty.io.netty.util.concurrent.SingleThreadEventExecutor$4.run(SingleThreadEventExecutor.java:997)
	at org.apache.ratis.thirdparty.io.netty.util.internal.ThreadExecutorMap$2.run(ThreadExecutorMap.java:74)
	at java.base/java.lang.Thread.run(Thread.java:829)
2023-06-29 03:33:44,596 [Thread-692] WARN  util.PeerProxyMap (PeerProxyMap.java:closeProxy(170)) - s1-NettyServerStreamRpc: Failed to close proxy for peer s0|rpc:localhost:34083|admin:localhost:38787|client:localhost:33075|dataStream:localhost:39011|priority:0|startupRole:FOLLOWER, proxy class: class org.apache.ratis.client.impl.DataStreamClientImpl
org.apache.ratis.thirdparty.io.netty.channel.AbstractChannel$AnnotatedConnectException: Connection refused: localhost/127.0.0.1:39011
Caused by: java.net.ConnectException: Connection refused
	at java.base/sun.nio.ch.SocketChannelImpl.checkConnect(Native Method)
	at java.base/sun.nio.ch.SocketChannelImpl.finishConnect(SocketChannelImpl.java:777)
	at org.apache.ratis.thirdparty.io.netty.channel.socket.nio.NioSocketChannel.doFinishConnect(NioSocketChannel.java:337)
	at org.apache.ratis.thirdparty.io.netty.channel.nio.AbstractNioChannel$AbstractNioUnsafe.finishConnect(AbstractNioChannel.java:334)
	at org.apache.ratis.thirdparty.io.netty.channel.nio.NioEventLoop.processSelectedKey(NioEventLoop.java:776)
	at org.apache.ratis.thirdparty.io.netty.channel.nio.NioEventLoop.processSelectedKeysOptimized(NioEventLoop.java:724)
	at org.apache.ratis.thirdparty.io.netty.channel.nio.NioEventLoop.processSelectedKeys(NioEventLoop.java:650)
	at org.apache.ratis.thirdparty.io.netty.channel.nio.NioEventLoop.run(NioEventLoop.java:562)
	at org.apache.ratis.thirdparty.io.netty.util.concurrent.SingleThreadEventExecutor$4.run(SingleThreadEventExecutor.java:997)
	at org.apache.ratis.thirdparty.io.netty.util.internal.ThreadExecutorMap$2.run(ThreadExecutorMap.java:74)
	at java.base/java.lang.Thread.run(Thread.java:829)
2023-06-29 03:33:44,596 [Thread-693] WARN  util.PeerProxyMap (PeerProxyMap.java:closeProxy(170)) - s2-NettyServerStreamRpc: Failed to close proxy for peer s1|rpc:localhost:33139|admin:localhost:43529|client:localhost:45027|dataStream:localhost:36939|priority:0|startupRole:FOLLOWER, proxy class: class org.apache.ratis.client.impl.DataStreamClientImpl
org.apache.ratis.thirdparty.io.netty.channel.AbstractChannel$AnnotatedConnectException: Connection refused: localhost/127.0.0.1:36939
Caused by: java.net.ConnectException: Connection refused
	at java.base/sun.nio.ch.SocketChannelImpl.checkConnect(Native Method)
	at java.base/sun.nio.ch.SocketChannelImpl.finishConnect(SocketChannelImpl.java:777)
	at org.apache.ratis.thirdparty.io.netty.channel.socket.nio.NioSocketChannel.doFinishConnect(NioSocketChannel.java:337)
	at org.apache.ratis.thirdparty.io.netty.channel.nio.AbstractNioChannel$AbstractNioUnsafe.finishConnect(AbstractNioChannel.java:334)
	at org.apache.ratis.thirdparty.io.netty.channel.nio.NioEventLoop.processSelectedKey(NioEventLoop.java:776)
	at org.apache.ratis.thirdparty.io.netty.channel.nio.NioEventLoop.processSelectedKeysOptimized(NioEventLoop.java:724)
	at org.apache.ratis.thirdparty.io.netty.channel.nio.NioEventLoop.processSelectedKeys(NioEventLoop.java:650)
	at org.apache.ratis.thirdparty.io.netty.channel.nio.NioEventLoop.run(NioEventLoop.java:562)
	at org.apache.ratis.thirdparty.io.netty.util.concurrent.SingleThreadEventExecutor$4.run(SingleThreadEventExecutor.java:997)
	at org.apache.ratis.thirdparty.io.netty.util.internal.ThreadExecutorMap$2.run(ThreadExecutorMap.java:74)
	at java.base/java.lang.Thread.run(Thread.java:829)
2023-06-29 03:33:44,597 [Thread-694] WARN  util.PeerProxyMap (PeerProxyMap.java:closeProxy(170)) - s1-NettyServerStreamRpc: Failed to close proxy for peer s2|rpc:localhost:38471|admin:localhost:33067|client:localhost:37939|dataStream:localhost:44447|priority:0|startupRole:FOLLOWER, proxy class: class org.apache.ratis.client.impl.DataStreamClientImpl
org.apache.ratis.thirdparty.io.netty.channel.AbstractChannel$AnnotatedConnectException: Connection refused: localhost/127.0.0.1:44447
Caused by: java.net.ConnectException: Connection refused
	at java.base/sun.nio.ch.SocketChannelImpl.checkConnect(Native Method)
	at java.base/sun.nio.ch.SocketChannelImpl.finishConnect(SocketChannelImpl.java:777)
	at org.apache.ratis.thirdparty.io.netty.channel.socket.nio.NioSocketChannel.doFinishConnect(NioSocketChannel.java:337)
	at org.apache.ratis.thirdparty.io.netty.channel.nio.AbstractNioChannel$AbstractNioUnsafe.finishConnect(AbstractNioChannel.java:334)
	at org.apache.ratis.thirdparty.io.netty.channel.nio.NioEventLoop.processSelectedKey(NioEventLoop.java:776)
	at org.apache.ratis.thirdparty.io.netty.channel.nio.NioEventLoop.processSelectedKeysOptimized(NioEventLoop.java:724)
	at org.apache.ratis.thirdparty.io.netty.channel.nio.NioEventLoop.processSelectedKeys(NioEventLoop.java:650)
	at org.apache.ratis.thirdparty.io.netty.channel.nio.NioEventLoop.run(NioEventLoop.java:562)
	at org.apache.ratis.thirdparty.io.netty.util.concurrent.SingleThreadEventExecutor$4.run(SingleThreadEventExecutor.java:997)
	at org.apache.ratis.thirdparty.io.netty.util.internal.ThreadExecutorMap$2.run(ThreadExecutorMap.java:74)
	at java.base/java.lang.Thread.run(Thread.java:829)
2023-06-29 03:33:44,598 [Thread-695] WARN  util.PeerProxyMap (PeerProxyMap.java:closeProxy(170)) - s2-NettyServerStreamRpc: Failed to close proxy for peer s0|rpc:localhost:34083|admin:localhost:38787|client:localhost:33075|dataStream:localhost:39011|priority:0|startupRole:FOLLOWER, proxy class: class org.apache.ratis.client.impl.DataStreamClientImpl
org.apache.ratis.thirdparty.io.netty.channel.AbstractChannel$AnnotatedConnectException: Connection refused: localhost/127.0.0.1:39011
Caused by: java.net.ConnectException: Connection refused
	at java.base/sun.nio.ch.SocketChannelImpl.checkConnect(Native Method)
	at java.base/sun.nio.ch.SocketChannelImpl.finishConnect(SocketChannelImpl.java:777)
	at org.apache.ratis.thirdparty.io.netty.channel.socket.nio.NioSocketChannel.doFinishConnect(NioSocketChannel.java:337)
	at org.apache.ratis.thirdparty.io.netty.channel.nio.AbstractNioChannel$AbstractNioUnsafe.finishConnect(AbstractNioChannel.java:334)
	at org.apache.ratis.thirdparty.io.netty.channel.nio.NioEventLoop.processSelectedKey(NioEventLoop.java:776)
	at org.apache.ratis.thirdparty.io.netty.channel.nio.NioEventLoop.processSelectedKeysOptimized(NioEventLoop.java:724)
	at org.apache.ratis.thirdparty.io.netty.channel.nio.NioEventLoop.processSelectedKeys(NioEventLoop.java:650)
	at org.apache.ratis.thirdparty.io.netty.channel.nio.NioEventLoop.run(NioEventLoop.java:562)
	at org.apache.ratis.thirdparty.io.netty.util.concurrent.SingleThreadEventExecutor$4.run(SingleThreadEventExecutor.java:997)
	at org.apache.ratis.thirdparty.io.netty.util.internal.ThreadExecutorMap$2.run(ThreadExecutorMap.java:74)
	at java.base/java.lang.Thread.run(Thread.java:829)
2023-06-29 03:33:44,598 [Thread-696] WARN  util.PeerProxyMap (PeerProxyMap.java:closeProxy(170)) - s2-NettyServerStreamRpc: Failed to close proxy for peer s1|rpc:localhost:33139|admin:localhost:43529|client:localhost:45027|dataStream:localhost:36939|priority:0|startupRole:FOLLOWER, proxy class: class org.apache.ratis.client.impl.DataStreamClientImpl
org.apache.ratis.thirdparty.io.netty.channel.AbstractChannel$AnnotatedConnectException: Connection refused: localhost/127.0.0.1:36939
Caused by: java.net.ConnectException: Connection refused
	at java.base/sun.nio.ch.SocketChannelImpl.checkConnect(Native Method)
	at java.base/sun.nio.ch.SocketChannelImpl.finishConnect(SocketChannelImpl.java:777)
	at org.apache.ratis.thirdparty.io.netty.channel.socket.nio.NioSocketChannel.doFinishConnect(NioSocketChannel.java:337)
	at org.apache.ratis.thirdparty.io.netty.channel.nio.AbstractNioChannel$AbstractNioUnsafe.finishConnect(AbstractNioChannel.java:334)
	at org.apache.ratis.thirdparty.io.netty.channel.nio.NioEventLoop.processSelectedKey(NioEventLoop.java:776)
	at org.apache.ratis.thirdparty.io.netty.channel.nio.NioEventLoop.processSelectedKeysOptimized(NioEventLoop.java:724)
	at org.apache.ratis.thirdparty.io.netty.channel.nio.NioEventLoop.processSelectedKeys(NioEventLoop.java:650)
	at org.apache.ratis.thirdparty.io.netty.channel.nio.NioEventLoop.run(NioEventLoop.java:562)
	at org.apache.ratis.thirdparty.io.netty.util.concurrent.SingleThreadEventExecutor$4.run(SingleThreadEventExecutor.java:997)
	at org.apache.ratis.thirdparty.io.netty.util.internal.ThreadExecutorMap$2.run(ThreadExecutorMap.java:74)
	at java.base/java.lang.Thread.run(Thread.java:829)
2023-06-29 03:33:44,598 [Thread-697] WARN  util.PeerProxyMap (PeerProxyMap.java:closeProxy(170)) - s2-NettyServerStreamRpc: Failed to close proxy for peer s0|rpc:localhost:34083|admin:localhost:38787|client:localhost:33075|dataStream:localhost:39011|priority:0|startupRole:FOLLOWER, proxy class: class org.apache.ratis.client.impl.DataStreamClientImpl
org.apache.ratis.thirdparty.io.netty.channel.AbstractChannel$AnnotatedConnectException: Connection refused: localhost/127.0.0.1:39011
Caused by: java.net.ConnectException: Connection refused
	at java.base/sun.nio.ch.SocketChannelImpl.checkConnect(Native Method)
	at java.base/sun.nio.ch.SocketChannelImpl.finishConnect(SocketChannelImpl.java:777)
	at org.apache.ratis.thirdparty.io.netty.channel.socket.nio.NioSocketChannel.doFinishConnect(NioSocketChannel.java:337)
	at org.apache.ratis.thirdparty.io.netty.channel.nio.AbstractNioChannel$AbstractNioUnsafe.finishConnect(AbstractNioChannel.java:334)
	at org.apache.ratis.thirdparty.io.netty.channel.nio.NioEventLoop.processSelectedKey(NioEventLoop.java:776)
	at org.apache.ratis.thirdparty.io.netty.channel.nio.NioEventLoop.processSelectedKeysOptimized(NioEventLoop.java:724)
	at org.apache.ratis.thirdparty.io.netty.channel.nio.NioEventLoop.processSelectedKeys(NioEventLoop.java:650)
	at org.apache.ratis.thirdparty.io.netty.channel.nio.NioEventLoop.run(NioEventLoop.java:562)
	at org.apache.ratis.thirdparty.io.netty.util.concurrent.SingleThreadEventExecutor$4.run(SingleThreadEventExecutor.java:997)
	at org.apache.ratis.thirdparty.io.netty.util.internal.ThreadExecutorMap$2.run(ThreadExecutorMap.java:74)
	at java.base/java.lang.Thread.run(Thread.java:829)
2023-06-29 03:33:44,599 [Thread-698] WARN  util.PeerProxyMap (PeerProxyMap.java:closeProxy(170)) - s2-NettyServerStreamRpc: Failed to close proxy for peer s1|rpc:localhost:33139|admin:localhost:43529|client:localhost:45027|dataStream:localhost:36939|priority:0|startupRole:FOLLOWER, proxy class: class org.apache.ratis.client.impl.DataStreamClientImpl
org.apache.ratis.thirdparty.io.netty.channel.AbstractChannel$AnnotatedConnectException: Connection refused: localhost/127.0.0.1:36939
Caused by: java.net.ConnectException: Connection refused
	at java.base/sun.nio.ch.SocketChannelImpl.checkConnect(Native Method)
	at java.base/sun.nio.ch.SocketChannelImpl.finishConnect(SocketChannelImpl.java:777)
	at org.apache.ratis.thirdparty.io.netty.channel.socket.nio.NioSocketChannel.doFinishConnect(NioSocketChannel.java:337)
	at org.apache.ratis.thirdparty.io.netty.channel.nio.AbstractNioChannel$AbstractNioUnsafe.finishConnect(AbstractNioChannel.java:334)
	at org.apache.ratis.thirdparty.io.netty.channel.nio.NioEventLoop.processSelectedKey(NioEventLoop.java:776)
	at org.apache.ratis.thirdparty.io.netty.channel.nio.NioEventLoop.processSelectedKeysOptimized(NioEventLoop.java:724)
	at org.apache.ratis.thirdparty.io.netty.channel.nio.NioEventLoop.processSelectedKeys(NioEventLoop.java:650)
	at org.apache.ratis.thirdparty.io.netty.channel.nio.NioEventLoop.run(NioEventLoop.java:562)
	at org.apache.ratis.thirdparty.io.netty.util.concurrent.SingleThreadEventExecutor$4.run(SingleThreadEventExecutor.java:997)
	at org.apache.ratis.thirdparty.io.netty.util.internal.ThreadExecutorMap$2.run(ThreadExecutorMap.java:74)
	at java.base/java.lang.Thread.run(Thread.java:829)
2023-06-29 03:33:44,599 [Thread-699] WARN  util.PeerProxyMap (PeerProxyMap.java:closeProxy(170)) - s2-NettyServerStreamRpc: Failed to close proxy for peer s0|rpc:localhost:34083|admin:localhost:38787|client:localhost:33075|dataStream:localhost:39011|priority:0|startupRole:FOLLOWER, proxy class: class org.apache.ratis.client.impl.DataStreamClientImpl
org.apache.ratis.thirdparty.io.netty.channel.AbstractChannel$AnnotatedConnectException: Connection refused: localhost/127.0.0.1:39011
Caused by: java.net.ConnectException: Connection refused
	at java.base/sun.nio.ch.SocketChannelImpl.checkConnect(Native Method)
	at java.base/sun.nio.ch.SocketChannelImpl.finishConnect(SocketChannelImpl.java:777)
	at org.apache.ratis.thirdparty.io.netty.channel.socket.nio.NioSocketChannel.doFinishConnect(NioSocketChannel.java:337)
	at org.apache.ratis.thirdparty.io.netty.channel.nio.AbstractNioChannel$AbstractNioUnsafe.finishConnect(AbstractNioChannel.java:334)
	at org.apache.ratis.thirdparty.io.netty.channel.nio.NioEventLoop.processSelectedKey(NioEventLoop.java:776)
	at org.apache.ratis.thirdparty.io.netty.channel.nio.NioEventLoop.processSelectedKeysOptimized(NioEventLoop.java:724)
	at org.apache.ratis.thirdparty.io.netty.channel.nio.NioEventLoop.processSelectedKeys(NioEventLoop.java:650)
	at org.apache.ratis.thirdparty.io.netty.channel.nio.NioEventLoop.run(NioEventLoop.java:562)
	at org.apache.ratis.thirdparty.io.netty.util.concurrent.SingleThreadEventExecutor$4.run(SingleThreadEventExecutor.java:997)
	at org.apache.ratis.thirdparty.io.netty.util.internal.ThreadExecutorMap$2.run(ThreadExecutorMap.java:74)
	at java.base/java.lang.Thread.run(Thread.java:829)
2023-06-29 03:33:44,599 [Thread-700] WARN  util.PeerProxyMap (PeerProxyMap.java:closeProxy(170)) - s2-NettyServerStreamRpc: Failed to close proxy for peer s1|rpc:localhost:33139|admin:localhost:43529|client:localhost:45027|dataStream:localhost:36939|priority:0|startupRole:FOLLOWER, proxy class: class org.apache.ratis.client.impl.DataStreamClientImpl
org.apache.ratis.thirdparty.io.netty.channel.AbstractChannel$AnnotatedConnectException: Connection refused: localhost/127.0.0.1:36939
Caused by: java.net.ConnectException: Connection refused
	at java.base/sun.nio.ch.SocketChannelImpl.checkConnect(Native Method)
	at java.base/sun.nio.ch.SocketChannelImpl.finishConnect(SocketChannelImpl.java:777)
	at org.apache.ratis.thirdparty.io.netty.channel.socket.nio.NioSocketChannel.doFinishConnect(NioSocketChannel.java:337)
	at org.apache.ratis.thirdparty.io.netty.channel.nio.AbstractNioChannel$AbstractNioUnsafe.finishConnect(AbstractNioChannel.java:334)
	at org.apache.ratis.thirdparty.io.netty.channel.nio.NioEventLoop.processSelectedKey(NioEventLoop.java:776)
	at org.apache.ratis.thirdparty.io.netty.channel.nio.NioEventLoop.processSelectedKeysOptimized(NioEventLoop.java:724)
	at org.apache.ratis.thirdparty.io.netty.channel.nio.NioEventLoop.processSelectedKeys(NioEventLoop.java:650)
	at org.apache.ratis.thirdparty.io.netty.channel.nio.NioEventLoop.run(NioEventLoop.java:562)
	at org.apache.ratis.thirdparty.io.netty.util.concurrent.SingleThreadEventExecutor$4.run(SingleThreadEventExecutor.java:997)
	at org.apache.ratis.thirdparty.io.netty.util.internal.ThreadExecutorMap$2.run(ThreadExecutorMap.java:74)
	at java.base/java.lang.Thread.run(Thread.java:829)
2023-06-29 03:33:44,974 [s0-impl-thread1] INFO  segmented.SegmentedRaftLogWorker (SegmentedRaftLogWorker.java:close(242)) - s0@group-09709D41B0DB-SegmentedRaftLogWorker close()
2023-06-29 03:33:44,975 [JvmPauseMonitor1] INFO  util.JvmPauseMonitor (JvmPauseMonitor.java:run(109)) - JvmPauseMonitor-s0: Stopped
2023-06-29 03:33:44,989 [s1-impl-thread1] INFO  segmented.SegmentedRaftLogWorker (SegmentedRaftLogWorker.java:close(242)) - s1@group-09709D41B0DB-SegmentedRaftLogWorker close()
2023-06-29 03:33:44,991 [s2-impl-thread1] INFO  segmented.SegmentedRaftLogWorker (SegmentedRaftLogWorker.java:close(242)) - s2@group-09709D41B0DB-SegmentedRaftLogWorker close()
2023-06-29 03:33:44,991 [JvmPauseMonitor2] INFO  util.JvmPauseMonitor (JvmPauseMonitor.java:run(109)) - JvmPauseMonitor-s1: Stopped
2023-06-29 03:33:44,992 [JvmPauseMonitor3] INFO  util.JvmPauseMonitor (JvmPauseMonitor.java:run(109)) - JvmPauseMonitor-s2: Stopped
2023-06-29 03:33:44,995 [Time-limited test] INFO  impl.MiniRaftCluster (MiniRaftCluster.java:shutdown(855)) - MiniRaftClusterWithRpcTypeGrpcAndDataStreamTypeNetty shutdown completed
]]></system-out>
  </testcase>
  <testcase name="testMultipleStreamsMultipleServersStepDownLeader" classname="org.apache.ratis.datastream.TestNettyDataStreamStarTopologyWithGrpcCluster" time="300.007">
    <error message="test timed out after 300 seconds" type="org.junit.runners.model.TestTimedOutException"><![CDATA[org.junit.runners.model.TestTimedOutException: test timed out after 300 seconds
	at java.base@11.0.19/jdk.internal.misc.Unsafe.park(Native Method)
	at java.base@11.0.19/java.util.concurrent.locks.LockSupport.park(LockSupport.java:194)
	at java.base@11.0.19/java.util.concurrent.CompletableFuture$Signaller.block(CompletableFuture.java:1796)
	at java.base@11.0.19/java.util.concurrent.ForkJoinPool.managedBlock(ForkJoinPool.java:3128)
	at java.base@11.0.19/java.util.concurrent.CompletableFuture.waitingGet(CompletableFuture.java:1823)
	at java.base@11.0.19/java.util.concurrent.CompletableFuture.join(CompletableFuture.java:2043)
	at app//org.apache.ratis.datastream.DataStreamAsyncClusterTests$$Lambda$510/0x0000000100347040.apply(Unknown Source)
	at java.base@11.0.19/java.util.stream.ReferencePipeline$3$1.accept(ReferencePipeline.java:195)
	at java.base@11.0.19/java.util.ArrayList$ArrayListSpliterator.forEachRemaining(ArrayList.java:1655)
	at java.base@11.0.19/java.util.stream.AbstractPipeline.copyInto(AbstractPipeline.java:484)
	at java.base@11.0.19/java.util.stream.AbstractPipeline.wrapAndCopyInto(AbstractPipeline.java:474)
	at java.base@11.0.19/java.util.stream.ReduceOps$ReduceOp.evaluateSequential(ReduceOps.java:913)
	at java.base@11.0.19/java.util.stream.AbstractPipeline.evaluate(AbstractPipeline.java:234)
	at java.base@11.0.19/java.util.stream.ReferencePipeline.reduce(ReferencePipeline.java:558)
	at java.base@11.0.19/java.util.stream.ReferencePipeline.max(ReferencePipeline.java:594)
	at app//org.apache.ratis.datastream.DataStreamAsyncClusterTests.runTestDataStream(DataStreamAsyncClusterTests.java:97)
	at app//org.apache.ratis.datastream.DataStreamAsyncClusterTests.runTestDataStreamStepDownLeader(DataStreamAsyncClusterTests.java:82)
	at app//org.apache.ratis.datastream.DataStreamAsyncClusterTests$$Lambda$951/0x00000001004ad840.accept(Unknown Source)
	at app//org.apache.ratis.server.impl.MiniRaftCluster$Factory$Get.runWithNewCluster(MiniRaftCluster.java:141)
	at app//org.apache.ratis.server.impl.MiniRaftCluster$Factory$Get.runWithNewCluster(MiniRaftCluster.java:121)
	at app//org.apache.ratis.datastream.DataStreamAsyncClusterTests.testMultipleStreamsMultipleServersStepDownLeader(DataStreamAsyncClusterTests.java:78)
	at java.base@11.0.19/jdk.internal.reflect.NativeMethodAccessorImpl.invoke0(Native Method)
	at java.base@11.0.19/jdk.internal.reflect.NativeMethodAccessorImpl.invoke(NativeMethodAccessorImpl.java:62)
	at java.base@11.0.19/jdk.internal.reflect.DelegatingMethodAccessorImpl.invoke(DelegatingMethodAccessorImpl.java:43)
	at java.base@11.0.19/java.lang.reflect.Method.invoke(Method.java:566)
	at app//org.junit.runners.model.FrameworkMethod$1.runReflectiveCall(FrameworkMethod.java:59)
	at app//org.junit.internal.runners.model.ReflectiveCallable.run(ReflectiveCallable.java:12)
	at app//org.junit.runners.model.FrameworkMethod.invokeExplosively(FrameworkMethod.java:56)
	at app//org.junit.internal.runners.statements.InvokeMethod.evaluate(InvokeMethod.java:17)
	at app//org.junit.internal.runners.statements.RunBefores.evaluate(RunBefores.java:26)
	at app//org.junit.internal.runners.statements.RunAfters.evaluate(RunAfters.java:27)
	at app//org.junit.internal.runners.statements.FailOnTimeout$CallableStatement.call(FailOnTimeout.java:299)
	at app//org.junit.internal.runners.statements.FailOnTimeout$CallableStatement.call(FailOnTimeout.java:293)
	at java.base@11.0.19/java.util.concurrent.FutureTask.run(FutureTask.java:264)
	at java.base@11.0.19/java.lang.Thread.run(Thread.java:829)
]]></error>
    <system-out><![CDATA[2023-06-29 03:33:44,996 [main] INFO  util.LogUtils (Slf4jUtils.java:setLogLevel(38)) - Successfully set org.apache.ratis.conf.ConfUtils log level to WARN
2023-06-29 03:33:44,996 [main] INFO  util.LogUtils (Slf4jUtils.java:setLogLevel(38)) - Successfully set org.apache.ratis.util.FileUtils log level to TRACE
2023-06-29 03:33:44,999 [Time-limited test] INFO  impl.MiniRaftCluster (MiniRaftCluster.java:runWithNewCluster(135)) - Running runWithNewCluster
2023-06-29 03:33:44,999 [Time-limited test] INFO  impl.MiniRaftCluster (MiniRaftCluster.java:<init>(306)) - new MiniRaftClusterWithRpcTypeGrpcAndDataStreamTypeNetty with group-C92E7B86EDFC:[s0|rpc:localhost:46689|admin:localhost:46779|client:localhost:37871|dataStream:localhost:46501|priority:0|startupRole:FOLLOWER, s1|rpc:localhost:37585|admin:localhost:35007|client:localhost:43533|dataStream:localhost:44315|priority:0|startupRole:FOLLOWER, s2|rpc:localhost:34717|admin:localhost:33013|client:localhost:41383|dataStream:localhost:35135|priority:0|startupRole:FOLLOWER]
2023-06-29 03:33:44,999 [Time-limited test] INFO  impl.MiniRaftCluster (MiniRaftCluster.java:start(339)) - .............................................................. 
2023-06-29 03:33:44,999 [Time-limited test] INFO  impl.MiniRaftCluster (MiniRaftCluster.java:start(340)) - ... 
2023-06-29 03:33:44,999 [Time-limited test] INFO  impl.MiniRaftCluster (MiniRaftCluster.java:start(341)) - ...     Starting MiniRaftClusterWithRpcTypeGrpcAndDataStreamTypeNetty
2023-06-29 03:33:44,999 [Time-limited test] INFO  impl.MiniRaftCluster (MiniRaftCluster.java:start(342)) - ... 
2023-06-29 03:33:44,999 [Time-limited test] INFO  impl.MiniRaftCluster (MiniRaftCluster.java:start(343)) - .............................................................. 
2023-06-29 03:33:44,999 [Time-limited test] INFO  impl.MiniRaftCluster (MiniRaftCluster.java:initServers(318)) - servers = {}
2023-06-29 03:33:44,999 [Time-limited test] INFO  impl.MiniRaftCluster (MiniRaftCluster.java:newRaftServer(382)) - newRaftServer: s0, group-C92E7B86EDFC:[s0|rpc:localhost:46689|admin:localhost:46779|client:localhost:37871|dataStream:localhost:46501|priority:0|startupRole:FOLLOWER, s1|rpc:localhost:37585|admin:localhost:35007|client:localhost:43533|dataStream:localhost:44315|priority:0|startupRole:FOLLOWER, s2|rpc:localhost:34717|admin:localhost:33013|client:localhost:41383|dataStream:localhost:35135|priority:0|startupRole:FOLLOWER], format? true
2023-06-29 03:33:45,000 [Time-limited test] TRACE util.FileUtils (FileUtils.java:deleteFully(201)) - deleteFully target/test/data/ad2395e4/MiniRaftClusterWithRpcTypeGrpcAndDataStreamTypeNetty17891865/s0
2023-06-29 03:33:45,000 [Time-limited test] TRACE util.FileUtils (FileUtils.java:deleteFully(217)) - deleteFully: target/test/data/ad2395e4/MiniRaftClusterWithRpcTypeGrpcAndDataStreamTypeNetty17891865/s0 does not exist.
2023-06-29 03:33:45,000 [Time-limited test] INFO  impl.MiniRaftCluster (MiniRaftCluster.java:newRaftServer(387)) - Formatted directory target/test/data/ad2395e4/MiniRaftClusterWithRpcTypeGrpcAndDataStreamTypeNetty17891865/s0
2023-06-29 03:33:45,000 [Time-limited test] INFO  server.RaftServer (ConfUtils.java:logGet(46)) - raft.rpc.type = GRPC (default)
2023-06-29 03:33:45,000 [Time-limited test] INFO  grpc.GrpcConfigKeys (ConfUtils.java:logFallback(53)) - raft.grpc.admin.host = null (fallback to raft.grpc.server.host)
2023-06-29 03:33:45,000 [Time-limited test] INFO  grpc.GrpcConfigKeys (ConfUtils.java:logGet(46)) - raft.grpc.admin.port = 46779 (custom)
2023-06-29 03:33:45,000 [Time-limited test] INFO  grpc.GrpcConfigKeys (ConfUtils.java:logFallback(53)) - raft.grpc.client.host = null (fallback to raft.grpc.server.host)
2023-06-29 03:33:45,000 [Time-limited test] INFO  grpc.GrpcConfigKeys (ConfUtils.java:logGet(46)) - raft.grpc.client.port = 37871 (custom)
2023-06-29 03:33:45,000 [Time-limited test] INFO  grpc.GrpcConfigKeys (ConfUtils.java:logGet(46)) - raft.grpc.server.host = null (default)
2023-06-29 03:33:45,000 [Time-limited test] INFO  grpc.GrpcConfigKeys (ConfUtils.java:logGet(46)) - raft.grpc.server.port = 46689 (custom)
2023-06-29 03:33:45,000 [Time-limited test] INFO  server.GrpcService (ConfUtils.java:logGet(46)) - raft.grpc.message.size.max = 64MB (=67108864) (default)
2023-06-29 03:33:45,001 [Time-limited test] INFO  server.RaftServerConfigKeys (ConfUtils.java:logGet(46)) - raft.server.log.appender.buffer.byte-limit = 4MB (=4194304) (default)
2023-06-29 03:33:45,001 [Time-limited test] INFO  server.GrpcService (ConfUtils.java:logGet(46)) - raft.grpc.flow.control.window = 1MB (=1048576) (default)
2023-06-29 03:33:45,001 [Time-limited test] INFO  server.RaftServerConfigKeys (ConfUtils.java:logGet(46)) - raft.server.rpc.request.timeout = 3000ms (default)
2023-06-29 03:33:45,001 [Time-limited test] INFO  grpc.GrpcConfigKeys (ConfUtils.java:logGet(46)) - raft.grpc.server.heartbeat.channel = true (default)
2023-06-29 03:33:45,001 [Time-limited test] INFO  grpc.GrpcConfigKeys (ConfUtils.java:logGet(46)) - raft.grpc.server.async.request.thread.pool.cached = true (default)
2023-06-29 03:33:45,001 [Time-limited test] INFO  grpc.GrpcConfigKeys (ConfUtils.java:logGet(46)) - raft.grpc.server.async.request.thread.pool.size = 32 (default)
2023-06-29 03:33:45,002 [Time-limited test] INFO  impl.DataStreamServerImpl (ConfUtils.java:logGet(46)) - raft.datastream.type = NETTY (custom)
2023-06-29 03:33:45,002 [Time-limited test] INFO  server.RaftServerConfigKeys (ConfUtils.java:logGet(46)) - raft.server.data-stream.async.request.thread.pool.cached = false (default)
2023-06-29 03:33:45,002 [Time-limited test] INFO  server.RaftServerConfigKeys (ConfUtils.java:logGet(46)) - raft.server.data-stream.async.request.thread.pool.size = 32 (default)
2023-06-29 03:33:45,002 [Time-limited test] INFO  server.RaftServerConfigKeys (ConfUtils.java:logGet(46)) - raft.server.data-stream.async.write.thread.pool.size = 16 (default)
2023-06-29 03:33:45,002 [Time-limited test] INFO  netty.NettyConfigKeys$DataStream (ConfUtils.java:logGet(46)) - raft.netty.dataStream.server.channel.inactive.grace-period = 10min (default)
2023-06-29 03:33:45,002 [Time-limited test] INFO  server.RaftServerConfigKeys (ConfUtils.java:logGet(46)) - raft.server.data-stream.client.pool.size = 10 (default)
2023-06-29 03:33:45,002 [Time-limited test] INFO  netty.NettyConfigKeys$DataStream (ConfUtils.java:logGet(46)) - raft.netty.dataStream.server.use-epoll = false (default)
2023-06-29 03:33:45,002 [Time-limited test] INFO  netty.NettyConfigKeys$DataStream (ConfUtils.java:logGet(46)) - raft.netty.dataStream.server.boss-group.size = 0 (default)
2023-06-29 03:33:45,003 [Time-limited test] INFO  netty.NettyConfigKeys$DataStream (ConfUtils.java:logGet(46)) - raft.netty.dataStream.server.worker-group.size = 0 (default)
2023-06-29 03:33:45,003 [Time-limited test] INFO  netty.NettyConfigKeys$DataStream (ConfUtils.java:logGet(46)) - raft.netty.dataStream.server.tls.conf = null (default)
2023-06-29 03:33:45,003 [Time-limited test] INFO  netty.NettyConfigKeys$DataStream (ConfUtils.java:logGet(46)) - raft.netty.dataStream.host = null (default)
2023-06-29 03:33:45,003 [Time-limited test] INFO  netty.NettyConfigKeys$DataStream (ConfUtils.java:logGet(46)) - raft.netty.dataStream.port = 46501 (custom)
2023-06-29 03:33:45,003 [Time-limited test] INFO  server.RaftServerConfigKeys (ConfUtils.java:logGet(46)) - raft.server.threadpool.proxy.cached = true (default)
2023-06-29 03:33:45,003 [Time-limited test] INFO  server.RaftServerConfigKeys (ConfUtils.java:logGet(46)) - raft.server.threadpool.proxy.size = 0 (default)
2023-06-29 03:33:45,003 [Time-limited test] INFO  server.RaftServerConfigKeys (ConfUtils.java:logGet(46)) - raft.server.rpc.slowness.timeout = 60s (default)
2023-06-29 03:33:45,003 [Time-limited test] INFO  server.RaftServerConfigKeys (ConfUtils.java:logGet(46)) - raft.server.leaderelection.leader.step-down.wait-time = 10s (default)
2023-06-29 03:33:45,004 [Time-limited test] INFO  server.RaftServerConfigKeys (ConfUtils.java:logGet(46)) - raft.server.storage.dir = [/home/runner/work/ratis/ratis/ratis-test/target/test/data/ad2395e4/MiniRaftClusterWithRpcTypeGrpcAndDataStreamTypeNetty17891865/s0] (custom)
2023-06-29 03:33:45,004 [s0-NettyServerStreamRpc-bossGroup--thread1] INFO  logging.LoggingHandler (AbstractInternalLogger.java:log(148)) - [id: 0x4282f51d] REGISTERED
2023-06-29 03:33:45,004 [s0-NettyServerStreamRpc-bossGroup--thread1] INFO  logging.LoggingHandler (AbstractInternalLogger.java:log(148)) - [id: 0x4282f51d] BIND: 0.0.0.0/0.0.0.0:46501
2023-06-29 03:33:45,004 [s0-NettyServerStreamRpc-bossGroup--thread1] INFO  logging.LoggingHandler (AbstractInternalLogger.java:log(148)) - [id: 0x4282f51d, L:/0.0.0.0:46501] ACTIVE
2023-06-29 03:33:45,010 [Time-limited test] INFO  server.RaftServer (RaftServerProxy.java:addNew(99)) - s0: addNew group-C92E7B86EDFC:[s0|rpc:localhost:46689|admin:localhost:46779|client:localhost:37871|dataStream:localhost:46501|priority:0|startupRole:FOLLOWER, s1|rpc:localhost:37585|admin:localhost:35007|client:localhost:43533|dataStream:localhost:44315|priority:0|startupRole:FOLLOWER, s2|rpc:localhost:34717|admin:localhost:33013|client:localhost:41383|dataStream:localhost:35135|priority:0|startupRole:FOLLOWER] returns group-C92E7B86EDFC:java.util.concurrent.CompletableFuture@48dc3643[Not completed]
2023-06-29 03:33:45,010 [Time-limited test] INFO  impl.MiniRaftCluster (MiniRaftCluster.java:newRaftServer(382)) - newRaftServer: s1, group-C92E7B86EDFC:[s0|rpc:localhost:46689|admin:localhost:46779|client:localhost:37871|dataStream:localhost:46501|priority:0|startupRole:FOLLOWER, s1|rpc:localhost:37585|admin:localhost:35007|client:localhost:43533|dataStream:localhost:44315|priority:0|startupRole:FOLLOWER, s2|rpc:localhost:34717|admin:localhost:33013|client:localhost:41383|dataStream:localhost:35135|priority:0|startupRole:FOLLOWER], format? true
2023-06-29 03:33:45,010 [Time-limited test] TRACE util.FileUtils (FileUtils.java:deleteFully(201)) - deleteFully target/test/data/ad2395e4/MiniRaftClusterWithRpcTypeGrpcAndDataStreamTypeNetty17891865/s1
2023-06-29 03:33:45,011 [Time-limited test] TRACE util.FileUtils (FileUtils.java:deleteFully(217)) - deleteFully: target/test/data/ad2395e4/MiniRaftClusterWithRpcTypeGrpcAndDataStreamTypeNetty17891865/s1 does not exist.
2023-06-29 03:33:45,011 [Time-limited test] INFO  impl.MiniRaftCluster (MiniRaftCluster.java:newRaftServer(387)) - Formatted directory target/test/data/ad2395e4/MiniRaftClusterWithRpcTypeGrpcAndDataStreamTypeNetty17891865/s1
2023-06-29 03:33:45,011 [Time-limited test] INFO  server.RaftServer (ConfUtils.java:logGet(46)) - raft.rpc.type = GRPC (default)
2023-06-29 03:33:45,011 [Time-limited test] INFO  grpc.GrpcConfigKeys (ConfUtils.java:logFallback(53)) - raft.grpc.admin.host = null (fallback to raft.grpc.server.host)
2023-06-29 03:33:45,011 [Time-limited test] INFO  grpc.GrpcConfigKeys (ConfUtils.java:logGet(46)) - raft.grpc.admin.port = 35007 (custom)
2023-06-29 03:33:45,011 [Time-limited test] INFO  grpc.GrpcConfigKeys (ConfUtils.java:logFallback(53)) - raft.grpc.client.host = null (fallback to raft.grpc.server.host)
2023-06-29 03:33:45,011 [Time-limited test] INFO  grpc.GrpcConfigKeys (ConfUtils.java:logGet(46)) - raft.grpc.client.port = 43533 (custom)
2023-06-29 03:33:45,011 [Time-limited test] INFO  grpc.GrpcConfigKeys (ConfUtils.java:logGet(46)) - raft.grpc.server.host = null (default)
2023-06-29 03:33:45,011 [Time-limited test] INFO  grpc.GrpcConfigKeys (ConfUtils.java:logGet(46)) - raft.grpc.server.port = 37585 (custom)
2023-06-29 03:33:45,011 [Time-limited test] INFO  server.GrpcService (ConfUtils.java:logGet(46)) - raft.grpc.message.size.max = 64MB (=67108864) (default)
2023-06-29 03:33:45,011 [Time-limited test] INFO  server.RaftServerConfigKeys (ConfUtils.java:logGet(46)) - raft.server.log.appender.buffer.byte-limit = 4MB (=4194304) (default)
2023-06-29 03:33:45,011 [Time-limited test] INFO  server.GrpcService (ConfUtils.java:logGet(46)) - raft.grpc.flow.control.window = 1MB (=1048576) (default)
2023-06-29 03:33:45,011 [Time-limited test] INFO  server.RaftServerConfigKeys (ConfUtils.java:logGet(46)) - raft.server.rpc.request.timeout = 3000ms (default)
2023-06-29 03:33:45,011 [Time-limited test] INFO  grpc.GrpcConfigKeys (ConfUtils.java:logGet(46)) - raft.grpc.server.heartbeat.channel = true (default)
2023-06-29 03:33:45,011 [Time-limited test] INFO  grpc.GrpcConfigKeys (ConfUtils.java:logGet(46)) - raft.grpc.server.async.request.thread.pool.cached = true (default)
2023-06-29 03:33:45,012 [Time-limited test] INFO  grpc.GrpcConfigKeys (ConfUtils.java:logGet(46)) - raft.grpc.server.async.request.thread.pool.size = 32 (default)
2023-06-29 03:33:45,013 [Time-limited test] INFO  impl.DataStreamServerImpl (ConfUtils.java:logGet(46)) - raft.datastream.type = NETTY (custom)
2023-06-29 03:33:45,013 [Time-limited test] INFO  server.RaftServerConfigKeys (ConfUtils.java:logGet(46)) - raft.server.data-stream.async.request.thread.pool.cached = false (default)
2023-06-29 03:33:45,013 [Time-limited test] INFO  server.RaftServerConfigKeys (ConfUtils.java:logGet(46)) - raft.server.data-stream.async.request.thread.pool.size = 32 (default)
2023-06-29 03:33:45,013 [Time-limited test] INFO  server.RaftServerConfigKeys (ConfUtils.java:logGet(46)) - raft.server.data-stream.async.write.thread.pool.size = 16 (default)
2023-06-29 03:33:45,013 [Time-limited test] INFO  netty.NettyConfigKeys$DataStream (ConfUtils.java:logGet(46)) - raft.netty.dataStream.server.channel.inactive.grace-period = 10min (default)
2023-06-29 03:33:45,013 [Time-limited test] INFO  server.RaftServerConfigKeys (ConfUtils.java:logGet(46)) - raft.server.data-stream.client.pool.size = 10 (default)
2023-06-29 03:33:45,013 [Time-limited test] INFO  netty.NettyConfigKeys$DataStream (ConfUtils.java:logGet(46)) - raft.netty.dataStream.server.use-epoll = false (default)
2023-06-29 03:33:45,013 [Time-limited test] INFO  netty.NettyConfigKeys$DataStream (ConfUtils.java:logGet(46)) - raft.netty.dataStream.server.boss-group.size = 0 (default)
2023-06-29 03:33:45,013 [Time-limited test] INFO  netty.NettyConfigKeys$DataStream (ConfUtils.java:logGet(46)) - raft.netty.dataStream.server.worker-group.size = 0 (default)
2023-06-29 03:33:45,014 [Time-limited test] INFO  netty.NettyConfigKeys$DataStream (ConfUtils.java:logGet(46)) - raft.netty.dataStream.server.tls.conf = null (default)
2023-06-29 03:33:45,014 [Time-limited test] INFO  netty.NettyConfigKeys$DataStream (ConfUtils.java:logGet(46)) - raft.netty.dataStream.host = null (default)
2023-06-29 03:33:45,014 [Time-limited test] INFO  netty.NettyConfigKeys$DataStream (ConfUtils.java:logGet(46)) - raft.netty.dataStream.port = 44315 (custom)
2023-06-29 03:33:45,014 [s0-groupManagement] INFO  server.RaftServer$Division (RaftServerImpl.java:<init>(250)) - s0: new RaftServerImpl for group-C92E7B86EDFC:[s0|rpc:localhost:46689|admin:localhost:46779|client:localhost:37871|dataStream:localhost:46501|priority:0|startupRole:FOLLOWER, s1|rpc:localhost:37585|admin:localhost:35007|client:localhost:43533|dataStream:localhost:44315|priority:0|startupRole:FOLLOWER, s2|rpc:localhost:34717|admin:localhost:33013|client:localhost:41383|dataStream:localhost:35135|priority:0|startupRole:FOLLOWER] with MultiDataStreamStateMachine:uninitialized
2023-06-29 03:33:45,014 [s0-groupManagement] INFO  server.RaftServerConfigKeys (ConfUtils.java:logGet(46)) - raft.server.rpc.timeout.min = 150ms (default)
2023-06-29 03:33:45,014 [s0-groupManagement] INFO  server.RaftServerConfigKeys (ConfUtils.java:logGet(46)) - raft.server.rpc.timeout.max = 300ms (default)
2023-06-29 03:33:45,014 [s0-groupManagement] INFO  server.RaftServerConfigKeys (ConfUtils.java:logGet(46)) - raft.server.rpc.sleep.time = 25ms (default)
2023-06-29 03:33:45,014 [s0-groupManagement] INFO  server.RaftServerConfigKeys (ConfUtils.java:logGet(46)) - raft.server.rpc.slowness.timeout = 60s (default)
2023-06-29 03:33:45,015 [s0-groupManagement] INFO  server.RaftServerConfigKeys (ConfUtils.java:logGet(46)) - raft.server.leaderelection.leader.step-down.wait-time = 10s (default)
2023-06-29 03:33:45,015 [s0-groupManagement] INFO  server.RaftServerConfigKeys (ConfUtils.java:logGet(46)) - raft.server.sleep.deviation.threshold = 300ms (default)
2023-06-29 03:33:45,015 [s0-groupManagement] INFO  server.RaftServer$Division (ServerState.java:<init>(113)) - s0@group-C92E7B86EDFC: ConfigurationManager, init=-1: peers:[s0|rpc:localhost:46689|admin:localhost:46779|client:localhost:37871|dataStream:localhost:46501|priority:0|startupRole:FOLLOWER, s1|rpc:localhost:37585|admin:localhost:35007|client:localhost:43533|dataStream:localhost:44315|priority:0|startupRole:FOLLOWER, s2|rpc:localhost:34717|admin:localhost:33013|client:localhost:41383|dataStream:localhost:35135|priority:0|startupRole:FOLLOWER]|listeners:[], old=null, confs=<EMPTY_MAP>
2023-06-29 03:33:45,015 [s0-groupManagement] INFO  server.RaftServerConfigKeys (ConfUtils.java:logGet(46)) - raft.server.notification.no-leader.timeout = 60s (default)
2023-06-29 03:33:45,015 [s0-groupManagement] INFO  server.RaftServerConfigKeys (ConfUtils.java:logGet(46)) - raft.server.read.timeout = 10s (default)
2023-06-29 03:33:45,015 [s0-groupManagement] INFO  server.RaftServerConfigKeys (ConfUtils.java:logGet(46)) - raft.server.retrycache.expirytime = 60s (default)
2023-06-29 03:33:45,015 [s0-groupManagement] INFO  server.RaftServerConfigKeys (ConfUtils.java:logGet(46)) - raft.server.retrycache.statistics.expirytime = 100μs (default)
2023-06-29 03:33:45,015 [s0-groupManagement] INFO  server.RaftServerConfigKeys (ConfUtils.java:logGet(46)) - raft.server.read.option = DEFAULT (default)
2023-06-29 03:33:45,016 [s0-groupManagement] INFO  server.RaftServerConfigKeys (ConfUtils.java:logGet(46)) - raft.server.rpc.request.timeout = 3000ms (default)
2023-06-29 03:33:45,016 [s0-groupManagement] INFO  server.RaftServerConfigKeys (ConfUtils.java:logGet(46)) - raft.server.log.appender.install.snapshot.enabled = true (default)
2023-06-29 03:33:45,016 [s0-groupManagement] INFO  server.RaftServerConfigKeys (ConfUtils.java:logGet(46)) - raft.server.threadpool.server.cached = true (default)
2023-06-29 03:33:45,016 [s0-groupManagement] INFO  server.RaftServerConfigKeys (ConfUtils.java:logGet(46)) - raft.server.threadpool.server.size = 0 (default)
2023-06-29 03:33:45,016 [s0-groupManagement] INFO  server.RaftServerConfigKeys (ConfUtils.java:logGet(46)) - raft.server.threadpool.client.cached = true (default)
2023-06-29 03:33:45,016 [s0-groupManagement] INFO  server.RaftServerConfigKeys (ConfUtils.java:logGet(46)) - raft.server.threadpool.client.size = 0 (default)
2023-06-29 03:33:45,022 [Time-limited test] INFO  server.RaftServerConfigKeys (ConfUtils.java:logGet(46)) - raft.server.threadpool.proxy.cached = true (default)
2023-06-29 03:33:45,022 [Time-limited test] INFO  server.RaftServerConfigKeys (ConfUtils.java:logGet(46)) - raft.server.threadpool.proxy.size = 0 (default)
2023-06-29 03:33:45,022 [Time-limited test] INFO  server.RaftServerConfigKeys (ConfUtils.java:logGet(46)) - raft.server.rpc.slowness.timeout = 60s (default)
2023-06-29 03:33:45,022 [Time-limited test] INFO  server.RaftServerConfigKeys (ConfUtils.java:logGet(46)) - raft.server.leaderelection.leader.step-down.wait-time = 10s (default)
2023-06-29 03:33:45,022 [Time-limited test] INFO  server.RaftServerConfigKeys (ConfUtils.java:logGet(46)) - raft.server.storage.dir = [/home/runner/work/ratis/ratis/ratis-test/target/test/data/ad2395e4/MiniRaftClusterWithRpcTypeGrpcAndDataStreamTypeNetty17891865/s1] (custom)
2023-06-29 03:33:45,023 [s1-NettyServerStreamRpc-bossGroup--thread1] INFO  logging.LoggingHandler (AbstractInternalLogger.java:log(148)) - [id: 0xad6a152e] REGISTERED
2023-06-29 03:33:45,023 [s1-NettyServerStreamRpc-bossGroup--thread1] INFO  logging.LoggingHandler (AbstractInternalLogger.java:log(148)) - [id: 0xad6a152e] BIND: 0.0.0.0/0.0.0.0:44315
2023-06-29 03:33:45,023 [s1-NettyServerStreamRpc-bossGroup--thread1] INFO  logging.LoggingHandler (AbstractInternalLogger.java:log(148)) - [id: 0xad6a152e, L:/0.0.0.0:44315] ACTIVE
2023-06-29 03:33:45,024 [Time-limited test] INFO  server.RaftServer (RaftServerProxy.java:addNew(99)) - s1: addNew group-C92E7B86EDFC:[s0|rpc:localhost:46689|admin:localhost:46779|client:localhost:37871|dataStream:localhost:46501|priority:0|startupRole:FOLLOWER, s1|rpc:localhost:37585|admin:localhost:35007|client:localhost:43533|dataStream:localhost:44315|priority:0|startupRole:FOLLOWER, s2|rpc:localhost:34717|admin:localhost:33013|client:localhost:41383|dataStream:localhost:35135|priority:0|startupRole:FOLLOWER] returns group-C92E7B86EDFC:java.util.concurrent.CompletableFuture@124e653f[Not completed]
2023-06-29 03:33:45,025 [s1-groupManagement] INFO  server.RaftServer$Division (RaftServerImpl.java:<init>(250)) - s1: new RaftServerImpl for group-C92E7B86EDFC:[s0|rpc:localhost:46689|admin:localhost:46779|client:localhost:37871|dataStream:localhost:46501|priority:0|startupRole:FOLLOWER, s1|rpc:localhost:37585|admin:localhost:35007|client:localhost:43533|dataStream:localhost:44315|priority:0|startupRole:FOLLOWER, s2|rpc:localhost:34717|admin:localhost:33013|client:localhost:41383|dataStream:localhost:35135|priority:0|startupRole:FOLLOWER] with MultiDataStreamStateMachine:uninitialized
2023-06-29 03:33:45,025 [Time-limited test] INFO  impl.MiniRaftCluster (MiniRaftCluster.java:newRaftServer(382)) - newRaftServer: s2, group-C92E7B86EDFC:[s0|rpc:localhost:46689|admin:localhost:46779|client:localhost:37871|dataStream:localhost:46501|priority:0|startupRole:FOLLOWER, s1|rpc:localhost:37585|admin:localhost:35007|client:localhost:43533|dataStream:localhost:44315|priority:0|startupRole:FOLLOWER, s2|rpc:localhost:34717|admin:localhost:33013|client:localhost:41383|dataStream:localhost:35135|priority:0|startupRole:FOLLOWER], format? true
2023-06-29 03:33:45,025 [Time-limited test] TRACE util.FileUtils (FileUtils.java:deleteFully(201)) - deleteFully target/test/data/ad2395e4/MiniRaftClusterWithRpcTypeGrpcAndDataStreamTypeNetty17891865/s2
2023-06-29 03:33:45,025 [Time-limited test] TRACE util.FileUtils (FileUtils.java:deleteFully(217)) - deleteFully: target/test/data/ad2395e4/MiniRaftClusterWithRpcTypeGrpcAndDataStreamTypeNetty17891865/s2 does not exist.
2023-06-29 03:33:45,025 [Time-limited test] INFO  impl.MiniRaftCluster (MiniRaftCluster.java:newRaftServer(387)) - Formatted directory target/test/data/ad2395e4/MiniRaftClusterWithRpcTypeGrpcAndDataStreamTypeNetty17891865/s2
2023-06-29 03:33:45,025 [Time-limited test] INFO  server.RaftServer (ConfUtils.java:logGet(46)) - raft.rpc.type = GRPC (default)
2023-06-29 03:33:45,025 [Time-limited test] INFO  grpc.GrpcConfigKeys (ConfUtils.java:logFallback(53)) - raft.grpc.admin.host = null (fallback to raft.grpc.server.host)
2023-06-29 03:33:45,025 [Time-limited test] INFO  grpc.GrpcConfigKeys (ConfUtils.java:logGet(46)) - raft.grpc.admin.port = 33013 (custom)
2023-06-29 03:33:45,025 [Time-limited test] INFO  grpc.GrpcConfigKeys (ConfUtils.java:logFallback(53)) - raft.grpc.client.host = null (fallback to raft.grpc.server.host)
2023-06-29 03:33:45,026 [Time-limited test] INFO  grpc.GrpcConfigKeys (ConfUtils.java:logGet(46)) - raft.grpc.client.port = 41383 (custom)
2023-06-29 03:33:45,026 [Time-limited test] INFO  grpc.GrpcConfigKeys (ConfUtils.java:logGet(46)) - raft.grpc.server.host = null (default)
2023-06-29 03:33:45,026 [Time-limited test] INFO  grpc.GrpcConfigKeys (ConfUtils.java:logGet(46)) - raft.grpc.server.port = 34717 (custom)
2023-06-29 03:33:45,026 [Time-limited test] INFO  server.GrpcService (ConfUtils.java:logGet(46)) - raft.grpc.message.size.max = 64MB (=67108864) (default)
2023-06-29 03:33:45,026 [Time-limited test] INFO  server.RaftServerConfigKeys (ConfUtils.java:logGet(46)) - raft.server.log.appender.buffer.byte-limit = 4MB (=4194304) (default)
2023-06-29 03:33:45,026 [Time-limited test] INFO  server.GrpcService (ConfUtils.java:logGet(46)) - raft.grpc.flow.control.window = 1MB (=1048576) (default)
2023-06-29 03:33:45,026 [Time-limited test] INFO  server.RaftServerConfigKeys (ConfUtils.java:logGet(46)) - raft.server.rpc.request.timeout = 3000ms (default)
2023-06-29 03:33:45,026 [Time-limited test] INFO  grpc.GrpcConfigKeys (ConfUtils.java:logGet(46)) - raft.grpc.server.heartbeat.channel = true (default)
2023-06-29 03:33:45,026 [Time-limited test] INFO  grpc.GrpcConfigKeys (ConfUtils.java:logGet(46)) - raft.grpc.server.async.request.thread.pool.cached = true (default)
2023-06-29 03:33:45,026 [Time-limited test] INFO  grpc.GrpcConfigKeys (ConfUtils.java:logGet(46)) - raft.grpc.server.async.request.thread.pool.size = 32 (default)
2023-06-29 03:33:45,027 [Time-limited test] INFO  impl.DataStreamServerImpl (ConfUtils.java:logGet(46)) - raft.datastream.type = NETTY (custom)
2023-06-29 03:33:45,027 [Time-limited test] INFO  server.RaftServerConfigKeys (ConfUtils.java:logGet(46)) - raft.server.data-stream.async.request.thread.pool.cached = false (default)
2023-06-29 03:33:45,027 [Time-limited test] INFO  server.RaftServerConfigKeys (ConfUtils.java:logGet(46)) - raft.server.data-stream.async.request.thread.pool.size = 32 (default)
2023-06-29 03:33:45,027 [Time-limited test] INFO  server.RaftServerConfigKeys (ConfUtils.java:logGet(46)) - raft.server.data-stream.async.write.thread.pool.size = 16 (default)
2023-06-29 03:33:45,027 [Time-limited test] INFO  netty.NettyConfigKeys$DataStream (ConfUtils.java:logGet(46)) - raft.netty.dataStream.server.channel.inactive.grace-period = 10min (default)
2023-06-29 03:33:45,027 [Time-limited test] INFO  server.RaftServerConfigKeys (ConfUtils.java:logGet(46)) - raft.server.data-stream.client.pool.size = 10 (default)
2023-06-29 03:33:45,028 [Time-limited test] INFO  netty.NettyConfigKeys$DataStream (ConfUtils.java:logGet(46)) - raft.netty.dataStream.server.use-epoll = false (default)
2023-06-29 03:33:45,028 [Time-limited test] INFO  netty.NettyConfigKeys$DataStream (ConfUtils.java:logGet(46)) - raft.netty.dataStream.server.boss-group.size = 0 (default)
2023-06-29 03:33:45,028 [Time-limited test] INFO  netty.NettyConfigKeys$DataStream (ConfUtils.java:logGet(46)) - raft.netty.dataStream.server.worker-group.size = 0 (default)
2023-06-29 03:33:45,028 [Time-limited test] INFO  netty.NettyConfigKeys$DataStream (ConfUtils.java:logGet(46)) - raft.netty.dataStream.server.tls.conf = null (default)
2023-06-29 03:33:45,028 [Time-limited test] INFO  netty.NettyConfigKeys$DataStream (ConfUtils.java:logGet(46)) - raft.netty.dataStream.host = null (default)
2023-06-29 03:33:45,028 [Time-limited test] INFO  netty.NettyConfigKeys$DataStream (ConfUtils.java:logGet(46)) - raft.netty.dataStream.port = 35135 (custom)
2023-06-29 03:33:45,029 [s1-groupManagement] INFO  server.RaftServerConfigKeys (ConfUtils.java:logGet(46)) - raft.server.rpc.timeout.min = 150ms (default)
2023-06-29 03:33:45,029 [s1-groupManagement] INFO  server.RaftServerConfigKeys (ConfUtils.java:logGet(46)) - raft.server.rpc.timeout.max = 300ms (default)
2023-06-29 03:33:45,029 [s1-groupManagement] INFO  server.RaftServerConfigKeys (ConfUtils.java:logGet(46)) - raft.server.rpc.sleep.time = 25ms (default)
2023-06-29 03:33:45,029 [s1-groupManagement] INFO  server.RaftServerConfigKeys (ConfUtils.java:logGet(46)) - raft.server.rpc.slowness.timeout = 60s (default)
2023-06-29 03:33:45,029 [s1-groupManagement] INFO  server.RaftServerConfigKeys (ConfUtils.java:logGet(46)) - raft.server.leaderelection.leader.step-down.wait-time = 10s (default)
2023-06-29 03:33:45,029 [s1-groupManagement] INFO  server.RaftServerConfigKeys (ConfUtils.java:logGet(46)) - raft.server.sleep.deviation.threshold = 300ms (default)
2023-06-29 03:33:45,029 [s1-groupManagement] INFO  server.RaftServer$Division (ServerState.java:<init>(113)) - s1@group-C92E7B86EDFC: ConfigurationManager, init=-1: peers:[s0|rpc:localhost:46689|admin:localhost:46779|client:localhost:37871|dataStream:localhost:46501|priority:0|startupRole:FOLLOWER, s1|rpc:localhost:37585|admin:localhost:35007|client:localhost:43533|dataStream:localhost:44315|priority:0|startupRole:FOLLOWER, s2|rpc:localhost:34717|admin:localhost:33013|client:localhost:41383|dataStream:localhost:35135|priority:0|startupRole:FOLLOWER]|listeners:[], old=null, confs=<EMPTY_MAP>
2023-06-29 03:33:45,029 [s1-groupManagement] INFO  server.RaftServerConfigKeys (ConfUtils.java:logGet(46)) - raft.server.notification.no-leader.timeout = 60s (default)
2023-06-29 03:33:45,029 [s1-groupManagement] INFO  server.RaftServerConfigKeys (ConfUtils.java:logGet(46)) - raft.server.read.timeout = 10s (default)
2023-06-29 03:33:45,029 [s1-groupManagement] INFO  server.RaftServerConfigKeys (ConfUtils.java:logGet(46)) - raft.server.retrycache.expirytime = 60s (default)
2023-06-29 03:33:45,029 [s1-groupManagement] INFO  server.RaftServerConfigKeys (ConfUtils.java:logGet(46)) - raft.server.retrycache.statistics.expirytime = 100μs (default)
2023-06-29 03:33:45,029 [s1-groupManagement] INFO  server.RaftServerConfigKeys (ConfUtils.java:logGet(46)) - raft.server.read.option = DEFAULT (default)
2023-06-29 03:33:45,034 [Time-limited test] INFO  server.RaftServerConfigKeys (ConfUtils.java:logGet(46)) - raft.server.threadpool.proxy.cached = true (default)
2023-06-29 03:33:45,034 [Time-limited test] INFO  server.RaftServerConfigKeys (ConfUtils.java:logGet(46)) - raft.server.threadpool.proxy.size = 0 (default)
2023-06-29 03:33:45,034 [Time-limited test] INFO  server.RaftServerConfigKeys (ConfUtils.java:logGet(46)) - raft.server.rpc.slowness.timeout = 60s (default)
2023-06-29 03:33:45,034 [Time-limited test] INFO  server.RaftServerConfigKeys (ConfUtils.java:logGet(46)) - raft.server.leaderelection.leader.step-down.wait-time = 10s (default)
2023-06-29 03:33:45,034 [s2-NettyServerStreamRpc-bossGroup--thread1] INFO  logging.LoggingHandler (AbstractInternalLogger.java:log(148)) - [id: 0xcdbd374d] REGISTERED
2023-06-29 03:33:45,034 [Time-limited test] INFO  server.RaftServerConfigKeys (ConfUtils.java:logGet(46)) - raft.server.storage.dir = [/home/runner/work/ratis/ratis/ratis-test/target/test/data/ad2395e4/MiniRaftClusterWithRpcTypeGrpcAndDataStreamTypeNetty17891865/s2] (custom)
2023-06-29 03:33:45,034 [s2-NettyServerStreamRpc-bossGroup--thread1] INFO  logging.LoggingHandler (AbstractInternalLogger.java:log(148)) - [id: 0xcdbd374d] BIND: 0.0.0.0/0.0.0.0:35135
2023-06-29 03:33:45,034 [s2-NettyServerStreamRpc-bossGroup--thread1] INFO  logging.LoggingHandler (AbstractInternalLogger.java:log(148)) - [id: 0xcdbd374d, L:/0.0.0.0:35135] ACTIVE
2023-06-29 03:33:45,035 [s1-groupManagement] INFO  server.RaftServerConfigKeys (ConfUtils.java:logGet(46)) - raft.server.rpc.request.timeout = 3000ms (default)
2023-06-29 03:33:45,035 [s1-groupManagement] INFO  server.RaftServerConfigKeys (ConfUtils.java:logGet(46)) - raft.server.log.appender.install.snapshot.enabled = true (default)
2023-06-29 03:33:45,035 [s1-groupManagement] INFO  server.RaftServerConfigKeys (ConfUtils.java:logGet(46)) - raft.server.threadpool.server.cached = true (default)
2023-06-29 03:33:45,035 [s1-groupManagement] INFO  server.RaftServerConfigKeys (ConfUtils.java:logGet(46)) - raft.server.threadpool.server.size = 0 (default)
2023-06-29 03:33:45,036 [s1-groupManagement] INFO  server.RaftServerConfigKeys (ConfUtils.java:logGet(46)) - raft.server.threadpool.client.cached = true (default)
2023-06-29 03:33:45,036 [s1-groupManagement] INFO  server.RaftServerConfigKeys (ConfUtils.java:logGet(46)) - raft.server.threadpool.client.size = 0 (default)
2023-06-29 03:33:45,036 [Time-limited test] INFO  server.RaftServer (RaftServerProxy.java:addNew(99)) - s2: addNew group-C92E7B86EDFC:[s0|rpc:localhost:46689|admin:localhost:46779|client:localhost:37871|dataStream:localhost:46501|priority:0|startupRole:FOLLOWER, s1|rpc:localhost:37585|admin:localhost:35007|client:localhost:43533|dataStream:localhost:44315|priority:0|startupRole:FOLLOWER, s2|rpc:localhost:34717|admin:localhost:33013|client:localhost:41383|dataStream:localhost:35135|priority:0|startupRole:FOLLOWER] returns group-C92E7B86EDFC:java.util.concurrent.CompletableFuture@4efeccf7[Not completed]
2023-06-29 03:33:45,036 [s2-groupManagement] INFO  server.RaftServer$Division (RaftServerImpl.java:<init>(250)) - s2: new RaftServerImpl for group-C92E7B86EDFC:[s0|rpc:localhost:46689|admin:localhost:46779|client:localhost:37871|dataStream:localhost:46501|priority:0|startupRole:FOLLOWER, s1|rpc:localhost:37585|admin:localhost:35007|client:localhost:43533|dataStream:localhost:44315|priority:0|startupRole:FOLLOWER, s2|rpc:localhost:34717|admin:localhost:33013|client:localhost:41383|dataStream:localhost:35135|priority:0|startupRole:FOLLOWER] with MultiDataStreamStateMachine:uninitialized
2023-06-29 03:33:45,036 [s0-impl-thread1] INFO  server.RaftServerConfigKeys (ConfUtils.java:logGet(46)) - raft.server.storage.free-space.min = 0MB (=0) (default)
2023-06-29 03:33:45,036 [s2-groupManagement] INFO  server.RaftServerConfigKeys (ConfUtils.java:logGet(46)) - raft.server.rpc.timeout.min = 150ms (default)
2023-06-29 03:33:45,037 [s0-impl-thread1] INFO  server.RaftServerConfigKeys (ConfUtils.java:logGet(46)) - raft.server.log.corruption.policy = EXCEPTION (default)
2023-06-29 03:33:45,037 [s2-groupManagement] INFO  server.RaftServerConfigKeys (ConfUtils.java:logGet(46)) - raft.server.rpc.timeout.max = 300ms (default)
2023-06-29 03:33:45,037 [s2-groupManagement] INFO  server.RaftServerConfigKeys (ConfUtils.java:logGet(46)) - raft.server.rpc.sleep.time = 25ms (default)
2023-06-29 03:33:45,037 [s2-groupManagement] INFO  server.RaftServerConfigKeys (ConfUtils.java:logGet(46)) - raft.server.rpc.slowness.timeout = 60s (default)
2023-06-29 03:33:45,037 [s0-impl-thread1] INFO  server.RaftServerConfigKeys (ConfUtils.java:logGet(46)) - raft.server.storage.dir = [/home/runner/work/ratis/ratis/ratis-test/target/test/data/ad2395e4/MiniRaftClusterWithRpcTypeGrpcAndDataStreamTypeNetty17891865/s0] (custom)
2023-06-29 03:33:45,037 [s2-groupManagement] INFO  server.RaftServerConfigKeys (ConfUtils.java:logGet(46)) - raft.server.leaderelection.leader.step-down.wait-time = 10s (default)
2023-06-29 03:33:45,037 [s0-impl-thread1] INFO  storage.RaftStorageDirectory (RaftStorageDirectoryImpl.java:analyzeStorage(138)) - The storage directory /home/runner/work/ratis/ratis/ratis-test/target/test/data/ad2395e4/MiniRaftClusterWithRpcTypeGrpcAndDataStreamTypeNetty17891865/s0/bb0a1462-c073-47e8-bbdf-c92e7b86edfc does not exist. Creating ...
2023-06-29 03:33:45,037 [s2-groupManagement] INFO  server.RaftServerConfigKeys (ConfUtils.java:logGet(46)) - raft.server.sleep.deviation.threshold = 300ms (default)
2023-06-29 03:33:45,037 [s2-groupManagement] INFO  server.RaftServer$Division (ServerState.java:<init>(113)) - s2@group-C92E7B86EDFC: ConfigurationManager, init=-1: peers:[s0|rpc:localhost:46689|admin:localhost:46779|client:localhost:37871|dataStream:localhost:46501|priority:0|startupRole:FOLLOWER, s1|rpc:localhost:37585|admin:localhost:35007|client:localhost:43533|dataStream:localhost:44315|priority:0|startupRole:FOLLOWER, s2|rpc:localhost:34717|admin:localhost:33013|client:localhost:41383|dataStream:localhost:35135|priority:0|startupRole:FOLLOWER]|listeners:[], old=null, confs=<EMPTY_MAP>
2023-06-29 03:33:45,037 [s2-groupManagement] INFO  server.RaftServerConfigKeys (ConfUtils.java:logGet(46)) - raft.server.notification.no-leader.timeout = 60s (default)
2023-06-29 03:33:45,037 [s2-groupManagement] INFO  server.RaftServerConfigKeys (ConfUtils.java:logGet(46)) - raft.server.read.timeout = 10s (default)
2023-06-29 03:33:45,037 [s0-impl-thread1] TRACE util.FileUtils (LogUtils.java:runAndLog(49)) - Successfully ran Files.createDirectories /home/runner/work/ratis/ratis/ratis-test/target/test/data/ad2395e4/MiniRaftClusterWithRpcTypeGrpcAndDataStreamTypeNetty17891865/s0/bb0a1462-c073-47e8-bbdf-c92e7b86edfc
2023-06-29 03:33:45,037 [s2-groupManagement] INFO  server.RaftServerConfigKeys (ConfUtils.java:logGet(46)) - raft.server.retrycache.expirytime = 60s (default)
2023-06-29 03:33:45,037 [s2-groupManagement] INFO  server.RaftServerConfigKeys (ConfUtils.java:logGet(46)) - raft.server.retrycache.statistics.expirytime = 100μs (default)
2023-06-29 03:33:45,038 [s2-groupManagement] INFO  server.RaftServerConfigKeys (ConfUtils.java:logGet(46)) - raft.server.read.option = DEFAULT (default)
2023-06-29 03:33:45,038 [s0-impl-thread1] INFO  storage.RaftStorageDirectory (RaftStorageDirectoryImpl.java:tryLock(232)) - Lock on /home/runner/work/ratis/ratis/ratis-test/target/test/data/ad2395e4/MiniRaftClusterWithRpcTypeGrpcAndDataStreamTypeNetty17891865/s0/bb0a1462-c073-47e8-bbdf-c92e7b86edfc/in_use.lock acquired by nodename 11425@fv-az33-183
2023-06-29 03:33:45,039 [s0-impl-thread1] TRACE util.FileUtils (LogUtils.java:runAndLog(49)) - Successfully ran Files.createDirectories /home/runner/work/ratis/ratis/ratis-test/target/test/data/ad2395e4/MiniRaftClusterWithRpcTypeGrpcAndDataStreamTypeNetty17891865/s0/bb0a1462-c073-47e8-bbdf-c92e7b86edfc/current
2023-06-29 03:33:45,039 [s0-impl-thread1] TRACE util.FileUtils (LogUtils.java:runAndLog(49)) - Successfully ran Files.createDirectories /home/runner/work/ratis/ratis/ratis-test/target/test/data/ad2395e4/MiniRaftClusterWithRpcTypeGrpcAndDataStreamTypeNetty17891865/s0/bb0a1462-c073-47e8-bbdf-c92e7b86edfc/sm
2023-06-29 03:33:45,039 [s2-groupManagement] INFO  server.RaftServerConfigKeys (ConfUtils.java:logGet(46)) - raft.server.rpc.request.timeout = 3000ms (default)
2023-06-29 03:33:45,039 [s2-groupManagement] INFO  server.RaftServerConfigKeys (ConfUtils.java:logGet(46)) - raft.server.log.appender.install.snapshot.enabled = true (default)
2023-06-29 03:33:45,039 [s2-groupManagement] INFO  server.RaftServerConfigKeys (ConfUtils.java:logGet(46)) - raft.server.threadpool.server.cached = true (default)
2023-06-29 03:33:45,039 [s2-groupManagement] INFO  server.RaftServerConfigKeys (ConfUtils.java:logGet(46)) - raft.server.threadpool.server.size = 0 (default)
2023-06-29 03:33:45,039 [s2-groupManagement] INFO  server.RaftServerConfigKeys (ConfUtils.java:logGet(46)) - raft.server.threadpool.client.cached = true (default)
2023-06-29 03:33:45,039 [s2-groupManagement] INFO  server.RaftServerConfigKeys (ConfUtils.java:logGet(46)) - raft.server.threadpool.client.size = 0 (default)
2023-06-29 03:33:45,039 [s0-impl-thread1] INFO  storage.RaftStorage (RaftStorageImpl.java:format(96)) - Storage directory /home/runner/work/ratis/ratis/ratis-test/target/test/data/ad2395e4/MiniRaftClusterWithRpcTypeGrpcAndDataStreamTypeNetty17891865/s0/bb0a1462-c073-47e8-bbdf-c92e7b86edfc has been successfully formatted.
2023-06-29 03:33:45,040 [s0-impl-thread1] INFO  server.RaftServerConfigKeys (ConfUtils.java:logGet(46)) - raft.server.log.use.memory = false (default)
2023-06-29 03:33:45,040 [s0-impl-thread1] INFO  server.RaftServerConfigKeys (ConfUtils.java:logGet(46)) - raft.server.log.purge.gap = 1024 (default)
2023-06-29 03:33:45,040 [s0-impl-thread1] INFO  server.RaftServerConfigKeys (ConfUtils.java:logGet(46)) - raft.server.log.appender.buffer.byte-limit = 4MB (=4194304) (default)
2023-06-29 03:33:45,040 [s0-impl-thread1] INFO  server.RaftServerConfigKeys (ConfUtils.java:logGet(46)) - raft.server.log.statemachine.data.read.timeout = 1000ms (default)
2023-06-29 03:33:45,040 [s0-impl-thread1] INFO  server.RaftServerConfigKeys (ConfUtils.java:logGet(46)) - raft.server.log.purge.preservation.log.num = 0 (default)
2023-06-29 03:33:45,040 [s0-impl-thread1] INFO  server.RaftServerConfigKeys (ConfUtils.java:logGet(46)) - raft.server.log.segment.size.max = 8MB (=8388608) (default)
2023-06-29 03:33:45,040 [s0-impl-thread1] INFO  server.RaftServerConfigKeys (ConfUtils.java:logGet(46)) - raft.server.log.segment.cache.num.max = 6 (default)
2023-06-29 03:33:45,040 [s0-impl-thread1] INFO  server.RaftServerConfigKeys (ConfUtils.java:logGet(46)) - raft.server.log.segment.cache.size.max = 200MB (=209715200) (default)
2023-06-29 03:33:45,041 [s0-impl-thread1] INFO  server.RaftServerConfigKeys (ConfUtils.java:logGet(46)) - raft.server.log.appender.buffer.byte-limit = 4MB (=4194304) (default)
2023-06-29 03:33:45,041 [s0-impl-thread1] INFO  segmented.SegmentedRaftLogWorker (SegmentedRaftLogWorker.java:<init>(183)) - new s0@group-C92E7B86EDFC-SegmentedRaftLogWorker for RaftStorageImpl:Storage Directory /home/runner/work/ratis/ratis/ratis-test/target/test/data/ad2395e4/MiniRaftClusterWithRpcTypeGrpcAndDataStreamTypeNetty17891865/s0/bb0a1462-c073-47e8-bbdf-c92e7b86edfc
2023-06-29 03:33:45,041 [s0-impl-thread1] INFO  server.RaftServerConfigKeys (ConfUtils.java:logGet(46)) - raft.server.log.queue.byte-limit = 64MB (=67108864) (default)
2023-06-29 03:33:45,041 [s0-impl-thread1] INFO  server.RaftServerConfigKeys (ConfUtils.java:logGet(46)) - raft.server.log.queue.element-limit = 4096 (default)
2023-06-29 03:33:45,041 [s0-impl-thread1] INFO  server.RaftServerConfigKeys (ConfUtils.java:logGet(46)) - raft.server.log.segment.size.max = 8MB (=8388608) (default)
2023-06-29 03:33:45,041 [s0-impl-thread1] INFO  server.RaftServerConfigKeys (ConfUtils.java:logGet(46)) - raft.server.log.preallocated.size = 4MB (=4194304) (default)
2023-06-29 03:33:45,041 [s0-impl-thread1] INFO  server.RaftServerConfigKeys (ConfUtils.java:logGet(46)) - raft.server.log.force.sync.num = 128 (default)
2023-06-29 03:33:45,041 [s0-impl-thread1] INFO  server.RaftServerConfigKeys (ConfUtils.java:logGet(46)) - raft.server.log.statemachine.data.sync = true (default)
2023-06-29 03:33:45,041 [s0-impl-thread1] INFO  server.RaftServerConfigKeys (ConfUtils.java:logGet(46)) - raft.server.log.statemachine.data.sync.timeout = 10s (default)
2023-06-29 03:33:45,041 [s0-impl-thread1] INFO  server.RaftServerConfigKeys (ConfUtils.java:logGet(46)) - raft.server.log.statemachine.data.sync.timeout.retry = -1 (default)
2023-06-29 03:33:45,041 [s0-impl-thread1] INFO  server.RaftServerConfigKeys (ConfUtils.java:logGet(46)) - raft.server.log.write.buffer.size = 64KB (=65536) (default)
2023-06-29 03:33:45,041 [s0-impl-thread1] INFO  server.RaftServerConfigKeys (ConfUtils.java:logGet(46)) - raft.server.log.appender.buffer.byte-limit = 4MB (=4194304) (default)
2023-06-29 03:33:45,041 [s0-impl-thread1] INFO  server.RaftServerConfigKeys (ConfUtils.java:logGet(46)) - raft.server.log.unsafe-flush.enabled = false (default)
2023-06-29 03:33:45,042 [s0-impl-thread1] INFO  server.RaftServerConfigKeys (ConfUtils.java:logGet(46)) - raft.server.log.async-flush.enabled = false (default)
2023-06-29 03:33:45,042 [s0-impl-thread1] INFO  server.RaftServerConfigKeys (ConfUtils.java:logGet(46)) - raft.server.log.statemachine.data.caching.enabled = false (default)
2023-06-29 03:33:45,042 [s0-impl-thread1] INFO  segmented.SegmentedRaftLogWorker (SegmentedRaftLogWorker.java:lambda$new$0(134)) - s0@group-C92E7B86EDFC-SegmentedRaftLogWorker: flushIndex: setUnconditionally 0 -> -1
2023-06-29 03:33:45,042 [s0-impl-thread1] INFO  segmented.SegmentedRaftLogWorker (SegmentedRaftLogWorker.java:lambda$new$0(134)) - s0@group-C92E7B86EDFC-SegmentedRaftLogWorker: safeCacheEvictIndex: setUnconditionally 0 -> -1
2023-06-29 03:33:45,043 [s0-impl-thread1] INFO  server.RaftServer$Division (RaftServerImpl.java:start(384)) - s0@group-C92E7B86EDFC: start as a follower, conf=-1: peers:[s0|rpc:localhost:46689|admin:localhost:46779|client:localhost:37871|dataStream:localhost:46501|priority:0|startupRole:FOLLOWER, s1|rpc:localhost:37585|admin:localhost:35007|client:localhost:43533|dataStream:localhost:44315|priority:0|startupRole:FOLLOWER, s2|rpc:localhost:34717|admin:localhost:33013|client:localhost:41383|dataStream:localhost:35135|priority:0|startupRole:FOLLOWER]|listeners:[], old=null
2023-06-29 03:33:45,043 [s0-impl-thread1] INFO  server.RaftServer$Division (RaftServerImpl.java:setRole(371)) - s0@group-C92E7B86EDFC: changes role from      null to FOLLOWER at term 0 for startAsFollower
2023-06-29 03:33:45,043 [s0-impl-thread1] INFO  impl.RoleInfo (RoleInfo.java:updateAndGet(139)) - s0: start s0@group-C92E7B86EDFC-FollowerState
2023-06-29 03:33:45,043 [s0@group-C92E7B86EDFC-FollowerState] INFO  server.RaftServerConfigKeys (ConfUtils.java:logFallback(53)) - raft.server.rpc.first-election.timeout.min = 150ms (fallback to raft.server.rpc.timeout.min)
2023-06-29 03:33:45,043 [s0-impl-thread1] INFO  util.JmxRegister (JmxRegister.java:tryRegister(44)) - Successfully registered JMX Bean with object name Ratis:service=RaftServer,group=group-C92E7B86EDFC,id=s0
2023-06-29 03:33:45,043 [s0@group-C92E7B86EDFC-FollowerState] INFO  server.RaftServerConfigKeys (ConfUtils.java:logFallback(53)) - raft.server.rpc.first-election.timeout.max = 300ms (fallback to raft.server.rpc.timeout.max)
2023-06-29 03:33:45,043 [s0-impl-thread1] INFO  server.RaftServerConfigKeys (ConfUtils.java:logGet(46)) - raft.server.snapshot.auto.trigger.enabled = false (default)
2023-06-29 03:33:45,043 [s0-impl-thread1] INFO  server.RaftServerConfigKeys (ConfUtils.java:logGet(46)) - raft.server.snapshot.retention.file.num = -1 (default)
2023-06-29 03:33:45,043 [s0-impl-thread1] INFO  server.RaftServerConfigKeys (ConfUtils.java:logGet(46)) - raft.server.log.purge.upto.snapshot.index = false (default)
2023-06-29 03:33:45,044 [Time-limited test] INFO  server.RaftServer (RaftServerProxy.java:startImpl(401)) - s0: start RPC server
2023-06-29 03:33:45,046 [Time-limited test] INFO  server.GrpcService (GrpcService.java:startImpl(302)) - s0: GrpcService started, listening on 37871
2023-06-29 03:33:45,048 [Time-limited test] INFO  server.GrpcService (GrpcService.java:startImpl(302)) - s0: GrpcService started, listening on 46689
2023-06-29 03:33:45,050 [Time-limited test] INFO  server.GrpcService (GrpcService.java:startImpl(302)) - s0: GrpcService started, listening on 46779
2023-06-29 03:33:45,054 [s1-impl-thread1] INFO  server.RaftServerConfigKeys (ConfUtils.java:logGet(46)) - raft.server.storage.free-space.min = 0MB (=0) (default)
2023-06-29 03:33:45,054 [s1-impl-thread1] INFO  server.RaftServerConfigKeys (ConfUtils.java:logGet(46)) - raft.server.log.corruption.policy = EXCEPTION (default)
2023-06-29 03:33:45,054 [s1-impl-thread1] INFO  server.RaftServerConfigKeys (ConfUtils.java:logGet(46)) - raft.server.storage.dir = [/home/runner/work/ratis/ratis/ratis-test/target/test/data/ad2395e4/MiniRaftClusterWithRpcTypeGrpcAndDataStreamTypeNetty17891865/s1] (custom)
2023-06-29 03:33:45,054 [s1-impl-thread1] INFO  storage.RaftStorageDirectory (RaftStorageDirectoryImpl.java:analyzeStorage(138)) - The storage directory /home/runner/work/ratis/ratis/ratis-test/target/test/data/ad2395e4/MiniRaftClusterWithRpcTypeGrpcAndDataStreamTypeNetty17891865/s1/bb0a1462-c073-47e8-bbdf-c92e7b86edfc does not exist. Creating ...
2023-06-29 03:33:45,054 [s1-impl-thread1] TRACE util.FileUtils (LogUtils.java:runAndLog(49)) - Successfully ran Files.createDirectories /home/runner/work/ratis/ratis/ratis-test/target/test/data/ad2395e4/MiniRaftClusterWithRpcTypeGrpcAndDataStreamTypeNetty17891865/s1/bb0a1462-c073-47e8-bbdf-c92e7b86edfc
2023-06-29 03:33:45,055 [JvmPauseMonitor4] INFO  util.JvmPauseMonitor (JvmPauseMonitor.java:run(103)) - JvmPauseMonitor-s0: Started
2023-06-29 03:33:45,056 [s1-impl-thread1] INFO  storage.RaftStorageDirectory (RaftStorageDirectoryImpl.java:tryLock(232)) - Lock on /home/runner/work/ratis/ratis/ratis-test/target/test/data/ad2395e4/MiniRaftClusterWithRpcTypeGrpcAndDataStreamTypeNetty17891865/s1/bb0a1462-c073-47e8-bbdf-c92e7b86edfc/in_use.lock acquired by nodename 11425@fv-az33-183
2023-06-29 03:33:45,056 [s1-impl-thread1] TRACE util.FileUtils (LogUtils.java:runAndLog(49)) - Successfully ran Files.createDirectories /home/runner/work/ratis/ratis/ratis-test/target/test/data/ad2395e4/MiniRaftClusterWithRpcTypeGrpcAndDataStreamTypeNetty17891865/s1/bb0a1462-c073-47e8-bbdf-c92e7b86edfc/current
2023-06-29 03:33:45,056 [s1-impl-thread1] TRACE util.FileUtils (LogUtils.java:runAndLog(49)) - Successfully ran Files.createDirectories /home/runner/work/ratis/ratis/ratis-test/target/test/data/ad2395e4/MiniRaftClusterWithRpcTypeGrpcAndDataStreamTypeNetty17891865/s1/bb0a1462-c073-47e8-bbdf-c92e7b86edfc/sm
2023-06-29 03:33:45,057 [s1-impl-thread1] INFO  storage.RaftStorage (RaftStorageImpl.java:format(96)) - Storage directory /home/runner/work/ratis/ratis/ratis-test/target/test/data/ad2395e4/MiniRaftClusterWithRpcTypeGrpcAndDataStreamTypeNetty17891865/s1/bb0a1462-c073-47e8-bbdf-c92e7b86edfc has been successfully formatted.
2023-06-29 03:33:45,057 [s1-impl-thread1] INFO  server.RaftServerConfigKeys (ConfUtils.java:logGet(46)) - raft.server.log.use.memory = false (default)
2023-06-29 03:33:45,057 [s1-impl-thread1] INFO  server.RaftServerConfigKeys (ConfUtils.java:logGet(46)) - raft.server.log.purge.gap = 1024 (default)
2023-06-29 03:33:45,057 [s1-impl-thread1] INFO  server.RaftServerConfigKeys (ConfUtils.java:logGet(46)) - raft.server.log.appender.buffer.byte-limit = 4MB (=4194304) (default)
2023-06-29 03:33:45,057 [s1-impl-thread1] INFO  server.RaftServerConfigKeys (ConfUtils.java:logGet(46)) - raft.server.log.statemachine.data.read.timeout = 1000ms (default)
2023-06-29 03:33:45,057 [s1-impl-thread1] INFO  server.RaftServerConfigKeys (ConfUtils.java:logGet(46)) - raft.server.log.purge.preservation.log.num = 0 (default)
2023-06-29 03:33:45,058 [s1-impl-thread1] INFO  server.RaftServerConfigKeys (ConfUtils.java:logGet(46)) - raft.server.log.segment.size.max = 8MB (=8388608) (default)
2023-06-29 03:33:45,058 [s1-impl-thread1] INFO  server.RaftServerConfigKeys (ConfUtils.java:logGet(46)) - raft.server.log.segment.cache.num.max = 6 (default)
2023-06-29 03:33:45,058 [s1-impl-thread1] INFO  server.RaftServerConfigKeys (ConfUtils.java:logGet(46)) - raft.server.log.segment.cache.size.max = 200MB (=209715200) (default)
2023-06-29 03:33:45,058 [s1-impl-thread1] INFO  server.RaftServerConfigKeys (ConfUtils.java:logGet(46)) - raft.server.log.appender.buffer.byte-limit = 4MB (=4194304) (default)
2023-06-29 03:33:45,058 [s1-impl-thread1] INFO  segmented.SegmentedRaftLogWorker (SegmentedRaftLogWorker.java:<init>(183)) - new s1@group-C92E7B86EDFC-SegmentedRaftLogWorker for RaftStorageImpl:Storage Directory /home/runner/work/ratis/ratis/ratis-test/target/test/data/ad2395e4/MiniRaftClusterWithRpcTypeGrpcAndDataStreamTypeNetty17891865/s1/bb0a1462-c073-47e8-bbdf-c92e7b86edfc
2023-06-29 03:33:45,058 [s1-impl-thread1] INFO  server.RaftServerConfigKeys (ConfUtils.java:logGet(46)) - raft.server.log.queue.byte-limit = 64MB (=67108864) (default)
2023-06-29 03:33:45,058 [s1-impl-thread1] INFO  server.RaftServerConfigKeys (ConfUtils.java:logGet(46)) - raft.server.log.queue.element-limit = 4096 (default)
2023-06-29 03:33:45,058 [s1-impl-thread1] INFO  server.RaftServerConfigKeys (ConfUtils.java:logGet(46)) - raft.server.log.segment.size.max = 8MB (=8388608) (default)
2023-06-29 03:33:45,058 [s1-impl-thread1] INFO  server.RaftServerConfigKeys (ConfUtils.java:logGet(46)) - raft.server.log.preallocated.size = 4MB (=4194304) (default)
2023-06-29 03:33:45,058 [s1-impl-thread1] INFO  server.RaftServerConfigKeys (ConfUtils.java:logGet(46)) - raft.server.log.force.sync.num = 128 (default)
2023-06-29 03:33:45,058 [s1-impl-thread1] INFO  server.RaftServerConfigKeys (ConfUtils.java:logGet(46)) - raft.server.log.statemachine.data.sync = true (default)
2023-06-29 03:33:45,058 [s1-impl-thread1] INFO  server.RaftServerConfigKeys (ConfUtils.java:logGet(46)) - raft.server.log.statemachine.data.sync.timeout = 10s (default)
2023-06-29 03:33:45,058 [s1-impl-thread1] INFO  server.RaftServerConfigKeys (ConfUtils.java:logGet(46)) - raft.server.log.statemachine.data.sync.timeout.retry = -1 (default)
2023-06-29 03:33:45,058 [s1-impl-thread1] INFO  server.RaftServerConfigKeys (ConfUtils.java:logGet(46)) - raft.server.log.write.buffer.size = 64KB (=65536) (default)
2023-06-29 03:33:45,058 [s1-impl-thread1] INFO  server.RaftServerConfigKeys (ConfUtils.java:logGet(46)) - raft.server.log.appender.buffer.byte-limit = 4MB (=4194304) (default)
2023-06-29 03:33:45,059 [s1-impl-thread1] INFO  server.RaftServerConfigKeys (ConfUtils.java:logGet(46)) - raft.server.log.unsafe-flush.enabled = false (default)
2023-06-29 03:33:45,060 [s1-impl-thread1] INFO  server.RaftServerConfigKeys (ConfUtils.java:logGet(46)) - raft.server.log.async-flush.enabled = false (default)
2023-06-29 03:33:45,060 [s1-impl-thread1] INFO  server.RaftServerConfigKeys (ConfUtils.java:logGet(46)) - raft.server.log.statemachine.data.caching.enabled = false (default)
2023-06-29 03:33:45,060 [s1-impl-thread1] INFO  segmented.SegmentedRaftLogWorker (SegmentedRaftLogWorker.java:lambda$new$0(134)) - s1@group-C92E7B86EDFC-SegmentedRaftLogWorker: flushIndex: setUnconditionally 0 -> -1
2023-06-29 03:33:45,061 [s1-impl-thread1] INFO  segmented.SegmentedRaftLogWorker (SegmentedRaftLogWorker.java:lambda$new$0(134)) - s1@group-C92E7B86EDFC-SegmentedRaftLogWorker: safeCacheEvictIndex: setUnconditionally 0 -> -1
2023-06-29 03:33:45,062 [s1-impl-thread1] INFO  server.RaftServer$Division (RaftServerImpl.java:start(384)) - s1@group-C92E7B86EDFC: start as a follower, conf=-1: peers:[s0|rpc:localhost:46689|admin:localhost:46779|client:localhost:37871|dataStream:localhost:46501|priority:0|startupRole:FOLLOWER, s1|rpc:localhost:37585|admin:localhost:35007|client:localhost:43533|dataStream:localhost:44315|priority:0|startupRole:FOLLOWER, s2|rpc:localhost:34717|admin:localhost:33013|client:localhost:41383|dataStream:localhost:35135|priority:0|startupRole:FOLLOWER]|listeners:[], old=null
2023-06-29 03:33:45,062 [s1-impl-thread1] INFO  server.RaftServer$Division (RaftServerImpl.java:setRole(371)) - s1@group-C92E7B86EDFC: changes role from      null to FOLLOWER at term 0 for startAsFollower
2023-06-29 03:33:45,062 [s1-impl-thread1] INFO  impl.RoleInfo (RoleInfo.java:updateAndGet(139)) - s1: start s1@group-C92E7B86EDFC-FollowerState
2023-06-29 03:33:45,066 [s1-impl-thread1] INFO  util.JmxRegister (JmxRegister.java:tryRegister(44)) - Successfully registered JMX Bean with object name Ratis:service=RaftServer,group=group-C92E7B86EDFC,id=s1
2023-06-29 03:33:45,066 [s1-impl-thread1] INFO  server.RaftServerConfigKeys (ConfUtils.java:logGet(46)) - raft.server.snapshot.auto.trigger.enabled = false (default)
2023-06-29 03:33:45,066 [s1-impl-thread1] INFO  server.RaftServerConfigKeys (ConfUtils.java:logGet(46)) - raft.server.snapshot.retention.file.num = -1 (default)
2023-06-29 03:33:45,066 [s1-impl-thread1] INFO  server.RaftServerConfigKeys (ConfUtils.java:logGet(46)) - raft.server.log.purge.upto.snapshot.index = false (default)
2023-06-29 03:33:45,068 [Time-limited test] INFO  server.RaftServer (RaftServerProxy.java:startImpl(401)) - s1: start RPC server
2023-06-29 03:33:45,071 [Time-limited test] INFO  server.GrpcService (GrpcService.java:startImpl(302)) - s1: GrpcService started, listening on 43533
2023-06-29 03:33:45,072 [Time-limited test] INFO  server.GrpcService (GrpcService.java:startImpl(302)) - s1: GrpcService started, listening on 37585
2023-06-29 03:33:45,073 [Time-limited test] INFO  server.GrpcService (GrpcService.java:startImpl(302)) - s1: GrpcService started, listening on 35007
2023-06-29 03:33:45,073 [s2-impl-thread1] INFO  server.RaftServerConfigKeys (ConfUtils.java:logGet(46)) - raft.server.storage.free-space.min = 0MB (=0) (default)
2023-06-29 03:33:45,073 [s2-impl-thread1] INFO  server.RaftServerConfigKeys (ConfUtils.java:logGet(46)) - raft.server.log.corruption.policy = EXCEPTION (default)
2023-06-29 03:33:45,074 [s2-impl-thread1] INFO  server.RaftServerConfigKeys (ConfUtils.java:logGet(46)) - raft.server.storage.dir = [/home/runner/work/ratis/ratis/ratis-test/target/test/data/ad2395e4/MiniRaftClusterWithRpcTypeGrpcAndDataStreamTypeNetty17891865/s2] (custom)
2023-06-29 03:33:45,074 [s2-impl-thread1] INFO  storage.RaftStorageDirectory (RaftStorageDirectoryImpl.java:analyzeStorage(138)) - The storage directory /home/runner/work/ratis/ratis/ratis-test/target/test/data/ad2395e4/MiniRaftClusterWithRpcTypeGrpcAndDataStreamTypeNetty17891865/s2/bb0a1462-c073-47e8-bbdf-c92e7b86edfc does not exist. Creating ...
2023-06-29 03:33:45,074 [s2-impl-thread1] TRACE util.FileUtils (LogUtils.java:runAndLog(49)) - Successfully ran Files.createDirectories /home/runner/work/ratis/ratis/ratis-test/target/test/data/ad2395e4/MiniRaftClusterWithRpcTypeGrpcAndDataStreamTypeNetty17891865/s2/bb0a1462-c073-47e8-bbdf-c92e7b86edfc
2023-06-29 03:33:45,074 [JvmPauseMonitor5] INFO  util.JvmPauseMonitor (JvmPauseMonitor.java:run(103)) - JvmPauseMonitor-s1: Started
2023-06-29 03:33:45,075 [s2-impl-thread1] INFO  storage.RaftStorageDirectory (RaftStorageDirectoryImpl.java:tryLock(232)) - Lock on /home/runner/work/ratis/ratis/ratis-test/target/test/data/ad2395e4/MiniRaftClusterWithRpcTypeGrpcAndDataStreamTypeNetty17891865/s2/bb0a1462-c073-47e8-bbdf-c92e7b86edfc/in_use.lock acquired by nodename 11425@fv-az33-183
2023-06-29 03:33:45,075 [s2-impl-thread1] TRACE util.FileUtils (LogUtils.java:runAndLog(49)) - Successfully ran Files.createDirectories /home/runner/work/ratis/ratis/ratis-test/target/test/data/ad2395e4/MiniRaftClusterWithRpcTypeGrpcAndDataStreamTypeNetty17891865/s2/bb0a1462-c073-47e8-bbdf-c92e7b86edfc/current
2023-06-29 03:33:45,075 [s2-impl-thread1] TRACE util.FileUtils (LogUtils.java:runAndLog(49)) - Successfully ran Files.createDirectories /home/runner/work/ratis/ratis/ratis-test/target/test/data/ad2395e4/MiniRaftClusterWithRpcTypeGrpcAndDataStreamTypeNetty17891865/s2/bb0a1462-c073-47e8-bbdf-c92e7b86edfc/sm
2023-06-29 03:33:45,076 [s2-impl-thread1] INFO  storage.RaftStorage (RaftStorageImpl.java:format(96)) - Storage directory /home/runner/work/ratis/ratis/ratis-test/target/test/data/ad2395e4/MiniRaftClusterWithRpcTypeGrpcAndDataStreamTypeNetty17891865/s2/bb0a1462-c073-47e8-bbdf-c92e7b86edfc has been successfully formatted.
2023-06-29 03:33:45,076 [s2-impl-thread1] INFO  server.RaftServerConfigKeys (ConfUtils.java:logGet(46)) - raft.server.log.use.memory = false (default)
2023-06-29 03:33:45,076 [s2-impl-thread1] INFO  server.RaftServerConfigKeys (ConfUtils.java:logGet(46)) - raft.server.log.purge.gap = 1024 (default)
2023-06-29 03:33:45,076 [s2-impl-thread1] INFO  server.RaftServerConfigKeys (ConfUtils.java:logGet(46)) - raft.server.log.appender.buffer.byte-limit = 4MB (=4194304) (default)
2023-06-29 03:33:45,076 [s2-impl-thread1] INFO  server.RaftServerConfigKeys (ConfUtils.java:logGet(46)) - raft.server.log.statemachine.data.read.timeout = 1000ms (default)
2023-06-29 03:33:45,076 [s2-impl-thread1] INFO  server.RaftServerConfigKeys (ConfUtils.java:logGet(46)) - raft.server.log.purge.preservation.log.num = 0 (default)
2023-06-29 03:33:45,077 [s2-impl-thread1] INFO  server.RaftServerConfigKeys (ConfUtils.java:logGet(46)) - raft.server.log.segment.size.max = 8MB (=8388608) (default)
2023-06-29 03:33:45,077 [s2-impl-thread1] INFO  server.RaftServerConfigKeys (ConfUtils.java:logGet(46)) - raft.server.log.segment.cache.num.max = 6 (default)
2023-06-29 03:33:45,077 [s2-impl-thread1] INFO  server.RaftServerConfigKeys (ConfUtils.java:logGet(46)) - raft.server.log.segment.cache.size.max = 200MB (=209715200) (default)
2023-06-29 03:33:45,077 [s2-impl-thread1] INFO  server.RaftServerConfigKeys (ConfUtils.java:logGet(46)) - raft.server.log.appender.buffer.byte-limit = 4MB (=4194304) (default)
2023-06-29 03:33:45,077 [s2-impl-thread1] INFO  segmented.SegmentedRaftLogWorker (SegmentedRaftLogWorker.java:<init>(183)) - new s2@group-C92E7B86EDFC-SegmentedRaftLogWorker for RaftStorageImpl:Storage Directory /home/runner/work/ratis/ratis/ratis-test/target/test/data/ad2395e4/MiniRaftClusterWithRpcTypeGrpcAndDataStreamTypeNetty17891865/s2/bb0a1462-c073-47e8-bbdf-c92e7b86edfc
2023-06-29 03:33:45,077 [s2-impl-thread1] INFO  server.RaftServerConfigKeys (ConfUtils.java:logGet(46)) - raft.server.log.queue.byte-limit = 64MB (=67108864) (default)
2023-06-29 03:33:45,077 [s2-impl-thread1] INFO  server.RaftServerConfigKeys (ConfUtils.java:logGet(46)) - raft.server.log.queue.element-limit = 4096 (default)
2023-06-29 03:33:45,077 [s2-impl-thread1] INFO  server.RaftServerConfigKeys (ConfUtils.java:logGet(46)) - raft.server.log.segment.size.max = 8MB (=8388608) (default)
2023-06-29 03:33:45,077 [s2-impl-thread1] INFO  server.RaftServerConfigKeys (ConfUtils.java:logGet(46)) - raft.server.log.preallocated.size = 4MB (=4194304) (default)
2023-06-29 03:33:45,077 [s2-impl-thread1] INFO  server.RaftServerConfigKeys (ConfUtils.java:logGet(46)) - raft.server.log.force.sync.num = 128 (default)
2023-06-29 03:33:45,077 [s2-impl-thread1] INFO  server.RaftServerConfigKeys (ConfUtils.java:logGet(46)) - raft.server.log.statemachine.data.sync = true (default)
2023-06-29 03:33:45,077 [s2-impl-thread1] INFO  server.RaftServerConfigKeys (ConfUtils.java:logGet(46)) - raft.server.log.statemachine.data.sync.timeout = 10s (default)
2023-06-29 03:33:45,077 [s2-impl-thread1] INFO  server.RaftServerConfigKeys (ConfUtils.java:logGet(46)) - raft.server.log.statemachine.data.sync.timeout.retry = -1 (default)
2023-06-29 03:33:45,077 [s2-impl-thread1] INFO  server.RaftServerConfigKeys (ConfUtils.java:logGet(46)) - raft.server.log.write.buffer.size = 64KB (=65536) (default)
2023-06-29 03:33:45,077 [s2-impl-thread1] INFO  server.RaftServerConfigKeys (ConfUtils.java:logGet(46)) - raft.server.log.appender.buffer.byte-limit = 4MB (=4194304) (default)
2023-06-29 03:33:45,078 [s2-impl-thread1] INFO  server.RaftServerConfigKeys (ConfUtils.java:logGet(46)) - raft.server.log.unsafe-flush.enabled = false (default)
2023-06-29 03:33:45,078 [s2-impl-thread1] INFO  server.RaftServerConfigKeys (ConfUtils.java:logGet(46)) - raft.server.log.async-flush.enabled = false (default)
2023-06-29 03:33:45,078 [s2-impl-thread1] INFO  server.RaftServerConfigKeys (ConfUtils.java:logGet(46)) - raft.server.log.statemachine.data.caching.enabled = false (default)
2023-06-29 03:33:45,078 [s2-impl-thread1] INFO  segmented.SegmentedRaftLogWorker (SegmentedRaftLogWorker.java:lambda$new$0(134)) - s2@group-C92E7B86EDFC-SegmentedRaftLogWorker: flushIndex: setUnconditionally 0 -> -1
2023-06-29 03:33:45,078 [s2-impl-thread1] INFO  segmented.SegmentedRaftLogWorker (SegmentedRaftLogWorker.java:lambda$new$0(134)) - s2@group-C92E7B86EDFC-SegmentedRaftLogWorker: safeCacheEvictIndex: setUnconditionally 0 -> -1
2023-06-29 03:33:45,078 [s2-impl-thread1] INFO  server.RaftServer$Division (RaftServerImpl.java:start(384)) - s2@group-C92E7B86EDFC: start as a follower, conf=-1: peers:[s0|rpc:localhost:46689|admin:localhost:46779|client:localhost:37871|dataStream:localhost:46501|priority:0|startupRole:FOLLOWER, s1|rpc:localhost:37585|admin:localhost:35007|client:localhost:43533|dataStream:localhost:44315|priority:0|startupRole:FOLLOWER, s2|rpc:localhost:34717|admin:localhost:33013|client:localhost:41383|dataStream:localhost:35135|priority:0|startupRole:FOLLOWER]|listeners:[], old=null
2023-06-29 03:33:45,078 [s2-impl-thread1] INFO  server.RaftServer$Division (RaftServerImpl.java:setRole(371)) - s2@group-C92E7B86EDFC: changes role from      null to FOLLOWER at term 0 for startAsFollower
2023-06-29 03:33:45,078 [s2-impl-thread1] INFO  impl.RoleInfo (RoleInfo.java:updateAndGet(139)) - s2: start s2@group-C92E7B86EDFC-FollowerState
2023-06-29 03:33:45,079 [s2-impl-thread1] INFO  util.JmxRegister (JmxRegister.java:tryRegister(44)) - Successfully registered JMX Bean with object name Ratis:service=RaftServer,group=group-C92E7B86EDFC,id=s2
2023-06-29 03:33:45,079 [s2-impl-thread1] INFO  server.RaftServerConfigKeys (ConfUtils.java:logGet(46)) - raft.server.snapshot.auto.trigger.enabled = false (default)
2023-06-29 03:33:45,079 [s2-impl-thread1] INFO  server.RaftServerConfigKeys (ConfUtils.java:logGet(46)) - raft.server.snapshot.retention.file.num = -1 (default)
2023-06-29 03:33:45,079 [s2-impl-thread1] INFO  server.RaftServerConfigKeys (ConfUtils.java:logGet(46)) - raft.server.log.purge.upto.snapshot.index = false (default)
2023-06-29 03:33:45,079 [s2@group-C92E7B86EDFC-FollowerState] INFO  server.RaftServerConfigKeys (ConfUtils.java:logFallback(53)) - raft.server.rpc.first-election.timeout.min = 150ms (fallback to raft.server.rpc.timeout.min)
2023-06-29 03:33:45,079 [s2@group-C92E7B86EDFC-FollowerState] INFO  server.RaftServerConfigKeys (ConfUtils.java:logFallback(53)) - raft.server.rpc.first-election.timeout.max = 300ms (fallback to raft.server.rpc.timeout.max)
2023-06-29 03:33:45,079 [Time-limited test] INFO  server.RaftServer (RaftServerProxy.java:startImpl(401)) - s2: start RPC server
2023-06-29 03:33:45,085 [Time-limited test] INFO  server.GrpcService (GrpcService.java:startImpl(302)) - s2: GrpcService started, listening on 41383
2023-06-29 03:33:45,092 [Time-limited test] INFO  server.GrpcService (GrpcService.java:startImpl(302)) - s2: GrpcService started, listening on 34717
2023-06-29 03:33:45,092 [s1@group-C92E7B86EDFC-FollowerState] INFO  server.RaftServerConfigKeys (ConfUtils.java:logFallback(53)) - raft.server.rpc.first-election.timeout.min = 150ms (fallback to raft.server.rpc.timeout.min)
2023-06-29 03:33:45,093 [s1@group-C92E7B86EDFC-FollowerState] INFO  server.RaftServerConfigKeys (ConfUtils.java:logFallback(53)) - raft.server.rpc.first-election.timeout.max = 300ms (fallback to raft.server.rpc.timeout.max)
2023-06-29 03:33:45,097 [Time-limited test] INFO  server.GrpcService (GrpcService.java:startImpl(302)) - s2: GrpcService started, listening on 33013
2023-06-29 03:33:45,098 [JvmPauseMonitor6] INFO  util.JvmPauseMonitor (JvmPauseMonitor.java:run(103)) - JvmPauseMonitor-s2: Started
2023-06-29 03:33:45,104 [Time-limited test] INFO  server.RaftServerConfigKeys (ConfUtils.java:logGet(46)) - raft.server.rpc.timeout.max = 300ms (default)
2023-06-29 03:33:45,105 [Time-limited test] INFO  ratis.RaftTestUtil (RaftTestUtil.java:waitForLeader(100)) - printing ALL groups
  s0:  RUNNING  FOLLOWER s0@group-C92E7B86EDFC:t0, leader=null, voted=, raftlog=Memoized:s0@group-C92E7B86EDFC-SegmentedRaftLog:OPENED:c-1, conf=-1: peers:[s0|rpc:localhost:46689|admin:localhost:46779|client:localhost:37871|dataStream:localhost:46501|priority:0|startupRole:FOLLOWER, s1|rpc:localhost:37585|admin:localhost:35007|client:localhost:43533|dataStream:localhost:44315|priority:0|startupRole:FOLLOWER, s2|rpc:localhost:34717|admin:localhost:33013|client:localhost:41383|dataStream:localhost:35135|priority:0|startupRole:FOLLOWER]|listeners:[], old=null RUNNING
  s1:  RUNNING  FOLLOWER s1@group-C92E7B86EDFC:t0, leader=null, voted=, raftlog=Memoized:s1@group-C92E7B86EDFC-SegmentedRaftLog:OPENED:c-1, conf=-1: peers:[s0|rpc:localhost:46689|admin:localhost:46779|client:localhost:37871|dataStream:localhost:46501|priority:0|startupRole:FOLLOWER, s1|rpc:localhost:37585|admin:localhost:35007|client:localhost:43533|dataStream:localhost:44315|priority:0|startupRole:FOLLOWER, s2|rpc:localhost:34717|admin:localhost:33013|client:localhost:41383|dataStream:localhost:35135|priority:0|startupRole:FOLLOWER]|listeners:[], old=null RUNNING
  s2:  RUNNING  FOLLOWER s2@group-C92E7B86EDFC:t0, leader=null, voted=, raftlog=Memoized:s2@group-C92E7B86EDFC-SegmentedRaftLog:OPENED:c-1, conf=-1: peers:[s0|rpc:localhost:46689|admin:localhost:46779|client:localhost:37871|dataStream:localhost:46501|priority:0|startupRole:FOLLOWER, s1|rpc:localhost:37585|admin:localhost:35007|client:localhost:43533|dataStream:localhost:44315|priority:0|startupRole:FOLLOWER, s2|rpc:localhost:34717|admin:localhost:33013|client:localhost:41383|dataStream:localhost:35135|priority:0|startupRole:FOLLOWER]|listeners:[], old=null RUNNING
2023-06-29 03:33:45,105 [Time-limited test] WARN  ratis.RaftTestUtil (JavaUtils.java:attempt(217)) - FAILED "waitForLeader-null-(expectLeader? true)", attempt #1/100: java.lang.IllegalStateException: No leader yet : printing ALL groups
  s0:  RUNNING  FOLLOWER s0@group-C92E7B86EDFC:t0, leader=null, voted=, raftlog=Memoized:s0@group-C92E7B86EDFC-SegmentedRaftLog:OPENED:c-1, conf=-1: peers:[s0|rpc:localhost:46689|admin:localhost:46779|client:localhost:37871|dataStream:localhost:46501|priority:0|startupRole:FOLLOWER, s1|rpc:localhost:37585|admin:localhost:35007|client:localhost:43533|dataStream:localhost:44315|priority:0|startupRole:FOLLOWER, s2|rpc:localhost:34717|admin:localhost:33013|client:localhost:41383|dataStream:localhost:35135|priority:0|startupRole:FOLLOWER]|listeners:[], old=null RUNNING
  s1:  RUNNING  FOLLOWER s1@group-C92E7B86EDFC:t0, leader=null, voted=, raftlog=Memoized:s1@group-C92E7B86EDFC-SegmentedRaftLog:OPENED:c-1, conf=-1: peers:[s0|rpc:localhost:46689|admin:localhost:46779|client:localhost:37871|dataStream:localhost:46501|priority:0|startupRole:FOLLOWER, s1|rpc:localhost:37585|admin:localhost:35007|client:localhost:43533|dataStream:localhost:44315|priority:0|startupRole:FOLLOWER, s2|rpc:localhost:34717|admin:localhost:33013|client:localhost:41383|dataStream:localhost:35135|priority:0|startupRole:FOLLOWER]|listeners:[], old=null RUNNING
  s2:  RUNNING  FOLLOWER s2@group-C92E7B86EDFC:t0, leader=null, voted=, raftlog=Memoized:s2@group-C92E7B86EDFC-SegmentedRaftLog:OPENED:c-1, conf=-1: peers:[s0|rpc:localhost:46689|admin:localhost:46779|client:localhost:37871|dataStream:localhost:46501|priority:0|startupRole:FOLLOWER, s1|rpc:localhost:37585|admin:localhost:35007|client:localhost:43533|dataStream:localhost:44315|priority:0|startupRole:FOLLOWER, s2|rpc:localhost:34717|admin:localhost:33013|client:localhost:41383|dataStream:localhost:35135|priority:0|startupRole:FOLLOWER]|listeners:[], old=null RUNNING, sleep 450ms and then retry.
java.lang.IllegalStateException: No leader yet : printing ALL groups
  s0:  RUNNING  FOLLOWER s0@group-C92E7B86EDFC:t0, leader=null, voted=, raftlog=Memoized:s0@group-C92E7B86EDFC-SegmentedRaftLog:OPENED:c-1, conf=-1: peers:[s0|rpc:localhost:46689|admin:localhost:46779|client:localhost:37871|dataStream:localhost:46501|priority:0|startupRole:FOLLOWER, s1|rpc:localhost:37585|admin:localhost:35007|client:localhost:43533|dataStream:localhost:44315|priority:0|startupRole:FOLLOWER, s2|rpc:localhost:34717|admin:localhost:33013|client:localhost:41383|dataStream:localhost:35135|priority:0|startupRole:FOLLOWER]|listeners:[], old=null RUNNING
  s1:  RUNNING  FOLLOWER s1@group-C92E7B86EDFC:t0, leader=null, voted=, raftlog=Memoized:s1@group-C92E7B86EDFC-SegmentedRaftLog:OPENED:c-1, conf=-1: peers:[s0|rpc:localhost:46689|admin:localhost:46779|client:localhost:37871|dataStream:localhost:46501|priority:0|startupRole:FOLLOWER, s1|rpc:localhost:37585|admin:localhost:35007|client:localhost:43533|dataStream:localhost:44315|priority:0|startupRole:FOLLOWER, s2|rpc:localhost:34717|admin:localhost:33013|client:localhost:41383|dataStream:localhost:35135|priority:0|startupRole:FOLLOWER]|listeners:[], old=null RUNNING
  s2:  RUNNING  FOLLOWER s2@group-C92E7B86EDFC:t0, leader=null, voted=, raftlog=Memoized:s2@group-C92E7B86EDFC-SegmentedRaftLog:OPENED:c-1, conf=-1: peers:[s0|rpc:localhost:46689|admin:localhost:46779|client:localhost:37871|dataStream:localhost:46501|priority:0|startupRole:FOLLOWER, s1|rpc:localhost:37585|admin:localhost:35007|client:localhost:43533|dataStream:localhost:44315|priority:0|startupRole:FOLLOWER, s2|rpc:localhost:34717|admin:localhost:33013|client:localhost:41383|dataStream:localhost:35135|priority:0|startupRole:FOLLOWER]|listeners:[], old=null RUNNING
	at org.apache.ratis.server.impl.MiniRaftCluster.newIllegalStateExceptionForNoLeaders(MiniRaftCluster.java:581)
	at org.apache.ratis.RaftTestUtil.lambda$waitForLeader$1(RaftTestUtil.java:104)
	at org.apache.ratis.server.impl.MiniRaftCluster.getLeader(MiniRaftCluster.java:615)
	at org.apache.ratis.server.impl.MiniRaftCluster.getLeader(MiniRaftCluster.java:608)
	at org.apache.ratis.RaftTestUtil.lambda$waitForLeader$3(RaftTestUtil.java:112)
	at org.apache.ratis.util.JavaUtils.attempt(JavaUtils.java:211)
	at org.apache.ratis.util.JavaUtils.attemptRepeatedly(JavaUtils.java:197)
	at org.apache.ratis.RaftTestUtil.waitForLeader(RaftTestUtil.java:111)
	at org.apache.ratis.RaftTestUtil.waitForLeader(RaftTestUtil.java:92)
	at org.apache.ratis.RaftTestUtil.waitForLeader(RaftTestUtil.java:87)
	at org.apache.ratis.datastream.DataStreamAsyncClusterTests.runTestDataStream(DataStreamAsyncClusterTests.java:90)
	at org.apache.ratis.datastream.DataStreamAsyncClusterTests.runTestDataStreamStepDownLeader(DataStreamAsyncClusterTests.java:82)
	at org.apache.ratis.server.impl.MiniRaftCluster$Factory$Get.runWithNewCluster(MiniRaftCluster.java:141)
	at org.apache.ratis.server.impl.MiniRaftCluster$Factory$Get.runWithNewCluster(MiniRaftCluster.java:121)
	at org.apache.ratis.datastream.DataStreamAsyncClusterTests.testMultipleStreamsMultipleServersStepDownLeader(DataStreamAsyncClusterTests.java:78)
	at java.base/jdk.internal.reflect.NativeMethodAccessorImpl.invoke0(Native Method)
	at java.base/jdk.internal.reflect.NativeMethodAccessorImpl.invoke(NativeMethodAccessorImpl.java:62)
	at java.base/jdk.internal.reflect.DelegatingMethodAccessorImpl.invoke(DelegatingMethodAccessorImpl.java:43)
	at java.base/java.lang.reflect.Method.invoke(Method.java:566)
	at org.junit.runners.model.FrameworkMethod$1.runReflectiveCall(FrameworkMethod.java:59)
	at org.junit.internal.runners.model.ReflectiveCallable.run(ReflectiveCallable.java:12)
	at org.junit.runners.model.FrameworkMethod.invokeExplosively(FrameworkMethod.java:56)
	at org.junit.internal.runners.statements.InvokeMethod.evaluate(InvokeMethod.java:17)
	at org.junit.internal.runners.statements.RunBefores.evaluate(RunBefores.java:26)
	at org.junit.internal.runners.statements.RunAfters.evaluate(RunAfters.java:27)
	at org.junit.internal.runners.statements.FailOnTimeout$CallableStatement.call(FailOnTimeout.java:299)
	at org.junit.internal.runners.statements.FailOnTimeout$CallableStatement.call(FailOnTimeout.java:293)
	at java.base/java.util.concurrent.FutureTask.run(FutureTask.java:264)
	at java.base/java.lang.Thread.run(Thread.java:829)
2023-06-29 03:33:45,241 [s0@group-C92E7B86EDFC-FollowerState] INFO  impl.FollowerState (FollowerState.java:run(143)) - s0@group-C92E7B86EDFC-FollowerState: change to CANDIDATE, lastRpcElapsedTime:198491795ns, electionTimeout:198ms
2023-06-29 03:33:45,241 [s0@group-C92E7B86EDFC-FollowerState] INFO  impl.RoleInfo (RoleInfo.java:shutdownFollowerState(110)) - s0: shutdown s0@group-C92E7B86EDFC-FollowerState
2023-06-29 03:33:45,241 [s0@group-C92E7B86EDFC-FollowerState] INFO  server.RaftServer$Division (RaftServerImpl.java:setRole(371)) - s0@group-C92E7B86EDFC: changes role from  FOLLOWER to CANDIDATE at term 0 for changeToCandidate
2023-06-29 03:33:45,242 [s0@group-C92E7B86EDFC-FollowerState] INFO  server.RaftServerConfigKeys (ConfUtils.java:logGet(46)) - raft.server.leaderelection.pre-vote = true (default)
2023-06-29 03:33:45,242 [s0@group-C92E7B86EDFC-FollowerState] INFO  impl.RoleInfo (RoleInfo.java:updateAndGet(139)) - s0: start s0@group-C92E7B86EDFC-LeaderElection3
2023-06-29 03:33:45,245 [s0@group-C92E7B86EDFC-LeaderElection3] INFO  impl.LeaderElection (LeaderElection.java:askForVotes(320)) - s0@group-C92E7B86EDFC-LeaderElection3 PRE_VOTE round 0: submit vote requests at term 0 for -1: peers:[s0|rpc:localhost:46689|admin:localhost:46779|client:localhost:37871|dataStream:localhost:46501|priority:0|startupRole:FOLLOWER, s1|rpc:localhost:37585|admin:localhost:35007|client:localhost:43533|dataStream:localhost:44315|priority:0|startupRole:FOLLOWER, s2|rpc:localhost:34717|admin:localhost:33013|client:localhost:41383|dataStream:localhost:35135|priority:0|startupRole:FOLLOWER]|listeners:[], old=null
2023-06-29 03:33:45,245 [s0@group-C92E7B86EDFC-LeaderElection3-1] INFO  server.GrpcServerProtocolClient (GrpcServerProtocolClient.java:<init>(65)) - Build channel for s1
2023-06-29 03:33:45,247 [s0@group-C92E7B86EDFC-LeaderElection3] INFO  server.RaftServerConfigKeys (ConfUtils.java:logFallback(53)) - raft.server.rpc.first-election.timeout.min = 150ms (fallback to raft.server.rpc.timeout.min)
2023-06-29 03:33:45,247 [s0@group-C92E7B86EDFC-LeaderElection3-2] INFO  server.GrpcServerProtocolClient (GrpcServerProtocolClient.java:<init>(65)) - Build channel for s2
2023-06-29 03:33:45,247 [s0@group-C92E7B86EDFC-LeaderElection3] INFO  server.RaftServerConfigKeys (ConfUtils.java:logFallback(53)) - raft.server.rpc.first-election.timeout.max = 300ms (fallback to raft.server.rpc.timeout.max)
2023-06-29 03:33:45,262 [grpc-default-executor-1] INFO  server.RaftServer$Division (RaftServerImpl.java:requestVote(1337)) - s2@group-C92E7B86EDFC: receive requestVote(PRE_VOTE, s0, group-C92E7B86EDFC, 0, (t:0, i:0))
2023-06-29 03:33:45,263 [grpc-default-executor-1] INFO  impl.VoteContext (VoteContext.java:log(49)) - s2@group-C92E7B86EDFC-FOLLOWER: accept PRE_VOTE from s0: our priority 0 <= candidate's priority 0
2023-06-29 03:33:45,263 [grpc-default-executor-1] INFO  server.RaftServer$Division (RaftServerImpl.java:requestVote(1370)) - s2@group-C92E7B86EDFC replies to PRE_VOTE vote request: s0<-s2#0:OK-t0. Peer's state: s2@group-C92E7B86EDFC:t0, leader=null, voted=, raftlog=Memoized:s2@group-C92E7B86EDFC-SegmentedRaftLog:OPENED:c-1, conf=-1: peers:[s0|rpc:localhost:46689|admin:localhost:46779|client:localhost:37871|dataStream:localhost:46501|priority:0|startupRole:FOLLOWER, s1|rpc:localhost:37585|admin:localhost:35007|client:localhost:43533|dataStream:localhost:44315|priority:0|startupRole:FOLLOWER, s2|rpc:localhost:34717|admin:localhost:33013|client:localhost:41383|dataStream:localhost:35135|priority:0|startupRole:FOLLOWER]|listeners:[], old=null
2023-06-29 03:33:45,270 [s0@group-C92E7B86EDFC-LeaderElection3] INFO  impl.LeaderElection (LeaderElection.java:logAndReturn(89)) - s0@group-C92E7B86EDFC-LeaderElection3: PRE_VOTE PASSED received 1 response(s) and 0 exception(s):
2023-06-29 03:33:45,270 [s0@group-C92E7B86EDFC-LeaderElection3] INFO  impl.LeaderElection (LeaderElection.java:logAndReturn(93)) -   Response 0: s0<-s2#0:OK-t0
2023-06-29 03:33:45,270 [s0@group-C92E7B86EDFC-LeaderElection3] INFO  impl.LeaderElection (LeaderElection.java:askForVotes(322)) - s0@group-C92E7B86EDFC-LeaderElection3 PRE_VOTE round 0: result PASSED
2023-06-29 03:33:45,272 [s0@group-C92E7B86EDFC-LeaderElection3] INFO  impl.LeaderElection (LeaderElection.java:askForVotes(320)) - s0@group-C92E7B86EDFC-LeaderElection3 ELECTION round 0: submit vote requests at term 1 for -1: peers:[s0|rpc:localhost:46689|admin:localhost:46779|client:localhost:37871|dataStream:localhost:46501|priority:0|startupRole:FOLLOWER, s1|rpc:localhost:37585|admin:localhost:35007|client:localhost:43533|dataStream:localhost:44315|priority:0|startupRole:FOLLOWER, s2|rpc:localhost:34717|admin:localhost:33013|client:localhost:41383|dataStream:localhost:35135|priority:0|startupRole:FOLLOWER]|listeners:[], old=null
2023-06-29 03:33:45,279 [s2@group-C92E7B86EDFC-FollowerState] INFO  server.RaftServerConfigKeys (ConfUtils.java:logFallback(53)) - raft.server.rpc.first-election.timeout.min = 150ms (fallback to raft.server.rpc.timeout.min)
2023-06-29 03:33:45,279 [s2@group-C92E7B86EDFC-FollowerState] INFO  server.RaftServerConfigKeys (ConfUtils.java:logFallback(53)) - raft.server.rpc.first-election.timeout.max = 300ms (fallback to raft.server.rpc.timeout.max)
2023-06-29 03:33:45,279 [grpc-default-executor-1] INFO  server.RaftServer$Division (RaftServerImpl.java:requestVote(1337)) - s1@group-C92E7B86EDFC: receive requestVote(PRE_VOTE, s0, group-C92E7B86EDFC, 0, (t:0, i:0))
2023-06-29 03:33:45,279 [grpc-default-executor-1] INFO  impl.VoteContext (VoteContext.java:log(49)) - s1@group-C92E7B86EDFC-FOLLOWER: accept PRE_VOTE from s0: our priority 0 <= candidate's priority 0
2023-06-29 03:33:45,280 [grpc-default-executor-1] INFO  server.RaftServer$Division (RaftServerImpl.java:requestVote(1370)) - s1@group-C92E7B86EDFC replies to PRE_VOTE vote request: s0<-s1#0:OK-t0. Peer's state: s1@group-C92E7B86EDFC:t0, leader=null, voted=, raftlog=Memoized:s1@group-C92E7B86EDFC-SegmentedRaftLog:OPENED:c-1, conf=-1: peers:[s0|rpc:localhost:46689|admin:localhost:46779|client:localhost:37871|dataStream:localhost:46501|priority:0|startupRole:FOLLOWER, s1|rpc:localhost:37585|admin:localhost:35007|client:localhost:43533|dataStream:localhost:44315|priority:0|startupRole:FOLLOWER, s2|rpc:localhost:34717|admin:localhost:33013|client:localhost:41383|dataStream:localhost:35135|priority:0|startupRole:FOLLOWER]|listeners:[], old=null
2023-06-29 03:33:45,280 [s0@group-C92E7B86EDFC-LeaderElection3] INFO  server.RaftServerConfigKeys (ConfUtils.java:logFallback(53)) - raft.server.rpc.first-election.timeout.min = 150ms (fallback to raft.server.rpc.timeout.min)
2023-06-29 03:33:45,280 [s0@group-C92E7B86EDFC-LeaderElection3] INFO  server.RaftServerConfigKeys (ConfUtils.java:logFallback(53)) - raft.server.rpc.first-election.timeout.max = 300ms (fallback to raft.server.rpc.timeout.max)
2023-06-29 03:33:45,282 [grpc-default-executor-5] INFO  server.RaftServer$Division (RaftServerImpl.java:requestVote(1337)) - s1@group-C92E7B86EDFC: receive requestVote(ELECTION, s0, group-C92E7B86EDFC, 1, (t:0, i:0))
2023-06-29 03:33:45,283 [grpc-default-executor-5] INFO  impl.VoteContext (VoteContext.java:log(49)) - s1@group-C92E7B86EDFC-FOLLOWER: accept ELECTION from s0: our priority 0 <= candidate's priority 0
2023-06-29 03:33:45,283 [grpc-default-executor-5] INFO  server.RaftServer$Division (RaftServerImpl.java:setRole(371)) - s1@group-C92E7B86EDFC: changes role from  FOLLOWER to FOLLOWER at term 1 for candidate:s0
2023-06-29 03:33:45,283 [grpc-default-executor-5] INFO  impl.RoleInfo (RoleInfo.java:shutdownFollowerState(110)) - s1: shutdown s1@group-C92E7B86EDFC-FollowerState
2023-06-29 03:33:45,283 [grpc-default-executor-5] INFO  impl.RoleInfo (RoleInfo.java:updateAndGet(139)) - s1: start s1@group-C92E7B86EDFC-FollowerState
2023-06-29 03:33:45,283 [s1@group-C92E7B86EDFC-FollowerState] INFO  impl.FollowerState (FollowerState.java:run(152)) - s1@group-C92E7B86EDFC-FollowerState was interrupted
2023-06-29 03:33:45,285 [grpc-default-executor-5] INFO  server.RaftServer$Division (RaftServerImpl.java:requestVote(1370)) - s1@group-C92E7B86EDFC replies to ELECTION vote request: s0<-s1#0:OK-t1. Peer's state: s1@group-C92E7B86EDFC:t1, leader=null, voted=s0, raftlog=Memoized:s1@group-C92E7B86EDFC-SegmentedRaftLog:OPENED:c-1, conf=-1: peers:[s0|rpc:localhost:46689|admin:localhost:46779|client:localhost:37871|dataStream:localhost:46501|priority:0|startupRole:FOLLOWER, s1|rpc:localhost:37585|admin:localhost:35007|client:localhost:43533|dataStream:localhost:44315|priority:0|startupRole:FOLLOWER, s2|rpc:localhost:34717|admin:localhost:33013|client:localhost:41383|dataStream:localhost:35135|priority:0|startupRole:FOLLOWER]|listeners:[], old=null
2023-06-29 03:33:45,285 [grpc-default-executor-1] INFO  server.RaftServer$Division (RaftServerImpl.java:requestVote(1337)) - s2@group-C92E7B86EDFC: receive requestVote(ELECTION, s0, group-C92E7B86EDFC, 1, (t:0, i:0))
2023-06-29 03:33:45,285 [grpc-default-executor-1] INFO  impl.VoteContext (VoteContext.java:log(49)) - s2@group-C92E7B86EDFC-FOLLOWER: accept ELECTION from s0: our priority 0 <= candidate's priority 0
2023-06-29 03:33:45,285 [grpc-default-executor-1] INFO  server.RaftServer$Division (RaftServerImpl.java:setRole(371)) - s2@group-C92E7B86EDFC: changes role from  FOLLOWER to FOLLOWER at term 1 for candidate:s0
2023-06-29 03:33:45,285 [grpc-default-executor-1] INFO  impl.RoleInfo (RoleInfo.java:shutdownFollowerState(110)) - s2: shutdown s2@group-C92E7B86EDFC-FollowerState
2023-06-29 03:33:45,286 [s2@group-C92E7B86EDFC-FollowerState] INFO  impl.FollowerState (FollowerState.java:run(152)) - s2@group-C92E7B86EDFC-FollowerState was interrupted
2023-06-29 03:33:45,287 [s0@group-C92E7B86EDFC-LeaderElection3] INFO  impl.LeaderElection (LeaderElection.java:logAndReturn(89)) - s0@group-C92E7B86EDFC-LeaderElection3: ELECTION PASSED received 1 response(s) and 0 exception(s):
2023-06-29 03:33:45,287 [s0@group-C92E7B86EDFC-LeaderElection3] INFO  impl.LeaderElection (LeaderElection.java:logAndReturn(93)) -   Response 0: s0<-s1#0:OK-t1
2023-06-29 03:33:45,287 [s0@group-C92E7B86EDFC-LeaderElection3] INFO  impl.LeaderElection (LeaderElection.java:askForVotes(322)) - s0@group-C92E7B86EDFC-LeaderElection3 ELECTION round 0: result PASSED
2023-06-29 03:33:45,287 [s0@group-C92E7B86EDFC-LeaderElection3] INFO  impl.RoleInfo (RoleInfo.java:shutdownLeaderElection(130)) - s0: shutdown s0@group-C92E7B86EDFC-LeaderElection3
2023-06-29 03:33:45,287 [s0@group-C92E7B86EDFC-LeaderElection3] INFO  server.RaftServer$Division (RaftServerImpl.java:setRole(371)) - s0@group-C92E7B86EDFC: changes role from CANDIDATE to LEADER at term 1 for changeToLeader
2023-06-29 03:33:45,287 [s0@group-C92E7B86EDFC-LeaderElection3] INFO  server.RaftServer$Division (ServerState.java:setLeader(260)) - s0@group-C92E7B86EDFC: change Leader from null to s0 at term 1 for becomeLeader, leader elected after 272ms
2023-06-29 03:33:45,287 [s0@group-C92E7B86EDFC-LeaderElection3] INFO  server.RaftServerConfigKeys (ConfUtils.java:logGet(46)) - raft.server.staging.catchup.gap = 1000 (default)
2023-06-29 03:33:45,287 [s0@group-C92E7B86EDFC-LeaderElection3] INFO  server.RaftServerConfigKeys (ConfUtils.java:logGet(46)) - raft.server.write.element-limit = 4096 (default)
2023-06-29 03:33:45,287 [s0@group-C92E7B86EDFC-LeaderElection3] INFO  server.RaftServerConfigKeys (ConfUtils.java:logGet(46)) - raft.server.write.byte-limit = 64MB (=67108864) (default)
2023-06-29 03:33:45,287 [s0@group-C92E7B86EDFC-LeaderElection3] INFO  server.RaftServerConfigKeys (ConfUtils.java:logGet(46)) - raft.server.watch.timeout = 10s (default)
2023-06-29 03:33:45,287 [s0@group-C92E7B86EDFC-LeaderElection3] INFO  server.RaftServerConfigKeys (ConfUtils.java:logGet(46)) - raft.server.watch.timeout.denomination = 1s (default)
2023-06-29 03:33:45,287 [s0@group-C92E7B86EDFC-LeaderElection3] INFO  server.RaftServerConfigKeys (ConfUtils.java:logGet(46)) - raft.server.watch.element-limit = 65536 (default)
2023-06-29 03:33:45,287 [s0@group-C92E7B86EDFC-LeaderElection3] INFO  server.RaftServerConfigKeys (ConfUtils.java:logGet(46)) - raft.server.write.element-limit = 4096 (default)
2023-06-29 03:33:45,288 [s0@group-C92E7B86EDFC-LeaderElection3] INFO  server.RaftServerConfigKeys (ConfUtils.java:logGet(46)) - raft.server.write.follower.gap.ratio.max = -1.0 (default)
2023-06-29 03:33:45,288 [s0@group-C92E7B86EDFC-LeaderElection3] INFO  server.RaftServerConfigKeys (ConfUtils.java:logGet(46)) - raft.server.log.appender.snapshot.chunk.size.max = 16MB (=16777216) (default)
2023-06-29 03:33:45,288 [s0@group-C92E7B86EDFC-LeaderElection3] INFO  server.RaftServerConfigKeys (ConfUtils.java:logGet(46)) - raft.server.log.appender.buffer.byte-limit = 4MB (=4194304) (default)
2023-06-29 03:33:45,288 [s0@group-C92E7B86EDFC-LeaderElection3] INFO  server.RaftServerConfigKeys (ConfUtils.java:logGet(46)) - raft.server.log.appender.buffer.element-limit = 0 (default)
2023-06-29 03:33:45,288 [s0@group-C92E7B86EDFC-LeaderElection3] INFO  server.RaftServerConfigKeys (ConfUtils.java:logGet(46)) - raft.server.log.appender.wait-time.min = 10ms (default)
2023-06-29 03:33:45,288 [s0@group-C92E7B86EDFC-LeaderElection3] INFO  grpc.GrpcConfigKeys (ConfUtils.java:logGet(46)) - raft.grpc.server.leader.outstanding.appends.max = 128 (default)
2023-06-29 03:33:45,288 [s0@group-C92E7B86EDFC-LeaderElection3] INFO  server.RaftServerConfigKeys (ConfUtils.java:logGet(46)) - raft.server.rpc.request.timeout = 3000ms (default)
2023-06-29 03:33:45,288 [s0@group-C92E7B86EDFC-LeaderElection3] INFO  grpc.GrpcConfigKeys (ConfUtils.java:logGet(46)) - raft.grpc.server.install_snapshot.request.element-limit = 8 (default)
2023-06-29 03:33:45,288 [s0@group-C92E7B86EDFC-LeaderElection3] INFO  grpc.GrpcConfigKeys (ConfUtils.java:logGet(46)) - raft.grpc.server.install_snapshot.request.timeout = 3000ms (default)
2023-06-29 03:33:45,288 [s0@group-C92E7B86EDFC-LeaderElection3] INFO  server.RaftServerConfigKeys (ConfUtils.java:logGet(46)) - raft.server.log.appender.install.snapshot.enabled = true (default)
2023-06-29 03:33:45,288 [s0@group-C92E7B86EDFC-LeaderElection3] INFO  grpc.GrpcConfigKeys (ConfUtils.java:logGet(46)) - raft.grpc.server.heartbeat.channel = true (default)
2023-06-29 03:33:45,288 [s0@group-C92E7B86EDFC-LeaderElection3] INFO  server.RaftServerConfigKeys (ConfUtils.java:logGet(46)) - raft.server.log.appender.snapshot.chunk.size.max = 16MB (=16777216) (default)
2023-06-29 03:33:45,288 [s0@group-C92E7B86EDFC-LeaderElection3] INFO  server.RaftServerConfigKeys (ConfUtils.java:logGet(46)) - raft.server.log.appender.buffer.byte-limit = 4MB (=4194304) (default)
2023-06-29 03:33:45,288 [s0@group-C92E7B86EDFC-LeaderElection3] INFO  server.RaftServerConfigKeys (ConfUtils.java:logGet(46)) - raft.server.log.appender.buffer.element-limit = 0 (default)
2023-06-29 03:33:45,288 [s0@group-C92E7B86EDFC-LeaderElection3] INFO  server.RaftServerConfigKeys (ConfUtils.java:logGet(46)) - raft.server.log.appender.wait-time.min = 10ms (default)
2023-06-29 03:33:45,289 [s0@group-C92E7B86EDFC-LeaderElection3] INFO  grpc.GrpcConfigKeys (ConfUtils.java:logGet(46)) - raft.grpc.server.leader.outstanding.appends.max = 128 (default)
2023-06-29 03:33:45,289 [s0@group-C92E7B86EDFC-LeaderElection3] INFO  server.RaftServerConfigKeys (ConfUtils.java:logGet(46)) - raft.server.rpc.request.timeout = 3000ms (default)
2023-06-29 03:33:45,289 [s0@group-C92E7B86EDFC-LeaderElection3] INFO  grpc.GrpcConfigKeys (ConfUtils.java:logGet(46)) - raft.grpc.server.install_snapshot.request.element-limit = 8 (default)
2023-06-29 03:33:45,289 [s0@group-C92E7B86EDFC-LeaderElection3] INFO  grpc.GrpcConfigKeys (ConfUtils.java:logGet(46)) - raft.grpc.server.install_snapshot.request.timeout = 3000ms (default)
2023-06-29 03:33:45,289 [s0@group-C92E7B86EDFC-LeaderElection3] INFO  server.RaftServerConfigKeys (ConfUtils.java:logGet(46)) - raft.server.log.appender.install.snapshot.enabled = true (default)
2023-06-29 03:33:45,289 [s0@group-C92E7B86EDFC-LeaderElection3] INFO  grpc.GrpcConfigKeys (ConfUtils.java:logGet(46)) - raft.grpc.server.heartbeat.channel = true (default)
2023-06-29 03:33:45,289 [s0@group-C92E7B86EDFC-LeaderElection3] INFO  impl.RoleInfo (RoleInfo.java:updateAndGet(139)) - s0: start s0@group-C92E7B86EDFC-LeaderStateImpl
2023-06-29 03:33:45,289 [s0@group-C92E7B86EDFC-LeaderElection3] INFO  segmented.SegmentedRaftLogWorker (SegmentedRaftLogWorker.java:startLogSegment(426)) - s0@group-C92E7B86EDFC-SegmentedRaftLogWorker: Starting segment from index:0
2023-06-29 03:33:45,298 [grpc-default-executor-1] INFO  impl.RoleInfo (RoleInfo.java:updateAndGet(139)) - s2: start s2@group-C92E7B86EDFC-FollowerState
2023-06-29 03:33:45,298 [s0@group-C92E7B86EDFC-LeaderElection3] INFO  server.RaftServer$Division (ServerState.java:setRaftConf(377)) - s0@group-C92E7B86EDFC: set configuration 0: peers:[s0|rpc:localhost:46689|admin:localhost:46779|client:localhost:37871|dataStream:localhost:46501|priority:0|startupRole:FOLLOWER, s1|rpc:localhost:37585|admin:localhost:35007|client:localhost:43533|dataStream:localhost:44315|priority:0|startupRole:FOLLOWER, s2|rpc:localhost:34717|admin:localhost:33013|client:localhost:41383|dataStream:localhost:35135|priority:0|startupRole:FOLLOWER]|listeners:[], old=null
2023-06-29 03:33:45,300 [grpc-default-executor-1] INFO  server.RaftServer$Division (RaftServerImpl.java:requestVote(1370)) - s2@group-C92E7B86EDFC replies to ELECTION vote request: s0<-s2#0:OK-t1. Peer's state: s2@group-C92E7B86EDFC:t1, leader=null, voted=s0, raftlog=Memoized:s2@group-C92E7B86EDFC-SegmentedRaftLog:OPENED:c-1, conf=-1: peers:[s0|rpc:localhost:46689|admin:localhost:46779|client:localhost:37871|dataStream:localhost:46501|priority:0|startupRole:FOLLOWER, s1|rpc:localhost:37585|admin:localhost:35007|client:localhost:43533|dataStream:localhost:44315|priority:0|startupRole:FOLLOWER, s2|rpc:localhost:34717|admin:localhost:33013|client:localhost:41383|dataStream:localhost:35135|priority:0|startupRole:FOLLOWER]|listeners:[], old=null
2023-06-29 03:33:45,301 [s0@group-C92E7B86EDFC-SegmentedRaftLogWorker] INFO  segmented.SegmentedRaftLogWorker (SegmentedRaftLogWorker.java:execute(630)) - s0@group-C92E7B86EDFC-SegmentedRaftLogWorker: created new log segment /home/runner/work/ratis/ratis/ratis-test/target/test/data/ad2395e4/MiniRaftClusterWithRpcTypeGrpcAndDataStreamTypeNetty17891865/s0/bb0a1462-c073-47e8-bbdf-c92e7b86edfc/current/log_inprogress_0
2023-06-29 03:33:45,308 [s1-server-thread2] INFO  server.RaftServer$Division (ServerState.java:setLeader(260)) - s1@group-C92E7B86EDFC: change Leader from null to s0 at term 1 for appendEntries, leader elected after 278ms
2023-06-29 03:33:45,315 [s1-server-thread2] INFO  server.RaftServer$Division (ServerState.java:setRaftConf(377)) - s1@group-C92E7B86EDFC: set configuration 0: peers:[s0|rpc:localhost:46689|admin:localhost:46779|client:localhost:37871|dataStream:localhost:46501|priority:0|startupRole:FOLLOWER, s1|rpc:localhost:37585|admin:localhost:35007|client:localhost:43533|dataStream:localhost:44315|priority:0|startupRole:FOLLOWER, s2|rpc:localhost:34717|admin:localhost:33013|client:localhost:41383|dataStream:localhost:35135|priority:0|startupRole:FOLLOWER]|listeners:[], old=null
2023-06-29 03:33:45,315 [s1-server-thread2] INFO  segmented.SegmentedRaftLogWorker (SegmentedRaftLogWorker.java:startLogSegment(426)) - s1@group-C92E7B86EDFC-SegmentedRaftLogWorker: Starting segment from index:0
2023-06-29 03:33:45,318 [s2-server-thread1] INFO  server.RaftServer$Division (ServerState.java:setLeader(260)) - s2@group-C92E7B86EDFC: change Leader from null to s0 at term 1 for appendEntries, leader elected after 280ms
2023-06-29 03:33:45,323 [s1@group-C92E7B86EDFC-SegmentedRaftLogWorker] INFO  segmented.SegmentedRaftLogWorker (SegmentedRaftLogWorker.java:execute(630)) - s1@group-C92E7B86EDFC-SegmentedRaftLogWorker: created new log segment /home/runner/work/ratis/ratis/ratis-test/target/test/data/ad2395e4/MiniRaftClusterWithRpcTypeGrpcAndDataStreamTypeNetty17891865/s1/bb0a1462-c073-47e8-bbdf-c92e7b86edfc/current/log_inprogress_0
2023-06-29 03:33:45,330 [s2-server-thread2] INFO  server.RaftServer$Division (ServerState.java:setRaftConf(377)) - s2@group-C92E7B86EDFC: set configuration 0: peers:[s0|rpc:localhost:46689|admin:localhost:46779|client:localhost:37871|dataStream:localhost:46501|priority:0|startupRole:FOLLOWER, s1|rpc:localhost:37585|admin:localhost:35007|client:localhost:43533|dataStream:localhost:44315|priority:0|startupRole:FOLLOWER, s2|rpc:localhost:34717|admin:localhost:33013|client:localhost:41383|dataStream:localhost:35135|priority:0|startupRole:FOLLOWER]|listeners:[], old=null
2023-06-29 03:33:45,330 [s2-server-thread2] INFO  segmented.SegmentedRaftLogWorker (SegmentedRaftLogWorker.java:startLogSegment(426)) - s2@group-C92E7B86EDFC-SegmentedRaftLogWorker: Starting segment from index:0
2023-06-29 03:33:45,340 [s2@group-C92E7B86EDFC-SegmentedRaftLogWorker] INFO  segmented.SegmentedRaftLogWorker (SegmentedRaftLogWorker.java:execute(630)) - s2@group-C92E7B86EDFC-SegmentedRaftLogWorker: created new log segment /home/runner/work/ratis/ratis/ratis-test/target/test/data/ad2395e4/MiniRaftClusterWithRpcTypeGrpcAndDataStreamTypeNetty17891865/s2/bb0a1462-c073-47e8-bbdf-c92e7b86edfc/current/log_inprogress_0
2023-06-29 03:33:45,556 [Time-limited test] INFO  ratis.RaftTestUtil (RaftTestUtil.java:waitForLeader(119)) - printing ALL groups
  s0:  RUNNING    LEADER s0@group-C92E7B86EDFC:t1, leader=s0, voted=s0, raftlog=Memoized:s0@group-C92E7B86EDFC-SegmentedRaftLog:OPENED:c0, conf=0: peers:[s0|rpc:localhost:46689|admin:localhost:46779|client:localhost:37871|dataStream:localhost:46501|priority:0|startupRole:FOLLOWER, s1|rpc:localhost:37585|admin:localhost:35007|client:localhost:43533|dataStream:localhost:44315|priority:0|startupRole:FOLLOWER, s2|rpc:localhost:34717|admin:localhost:33013|client:localhost:41383|dataStream:localhost:35135|priority:0|startupRole:FOLLOWER]|listeners:[], old=null RUNNING
  s1:  RUNNING  FOLLOWER s1@group-C92E7B86EDFC:t1, leader=s0, voted=s0, raftlog=Memoized:s1@group-C92E7B86EDFC-SegmentedRaftLog:OPENED:c0, conf=0: peers:[s0|rpc:localhost:46689|admin:localhost:46779|client:localhost:37871|dataStream:localhost:46501|priority:0|startupRole:FOLLOWER, s1|rpc:localhost:37585|admin:localhost:35007|client:localhost:43533|dataStream:localhost:44315|priority:0|startupRole:FOLLOWER, s2|rpc:localhost:34717|admin:localhost:33013|client:localhost:41383|dataStream:localhost:35135|priority:0|startupRole:FOLLOWER]|listeners:[], old=null RUNNING
  s2:  RUNNING  FOLLOWER s2@group-C92E7B86EDFC:t1, leader=s0, voted=s0, raftlog=Memoized:s2@group-C92E7B86EDFC-SegmentedRaftLog:OPENED:c0, conf=0: peers:[s0|rpc:localhost:46689|admin:localhost:46779|client:localhost:37871|dataStream:localhost:46501|priority:0|startupRole:FOLLOWER, s1|rpc:localhost:37585|admin:localhost:35007|client:localhost:43533|dataStream:localhost:44315|priority:0|startupRole:FOLLOWER, s2|rpc:localhost:34717|admin:localhost:33013|client:localhost:41383|dataStream:localhost:35135|priority:0|startupRole:FOLLOWER]|listeners:[], old=null RUNNING
2023-06-29 03:33:45,556 [pool-7-thread-3] INFO  server.RaftServerConfigKeys (ConfUtils.java:logGet(46)) - raft.server.rpc.timeout.max = 300ms (default)
2023-06-29 03:33:45,557 [pool-7-thread-6] INFO  server.RaftServerConfigKeys (ConfUtils.java:logGet(46)) - raft.server.rpc.timeout.max = 300ms (default)
2023-06-29 03:33:45,557 [pool-7-thread-7] INFO  server.RaftServerConfigKeys (ConfUtils.java:logGet(46)) - raft.server.rpc.timeout.max = 300ms (default)
2023-06-29 03:33:45,557 [pool-7-thread-8] INFO  server.RaftServerConfigKeys (ConfUtils.java:logGet(46)) - raft.server.rpc.timeout.max = 300ms (default)
2023-06-29 03:33:45,561 [pool-7-thread-5] INFO  server.RaftServerConfigKeys (ConfUtils.java:logGet(46)) - raft.server.rpc.timeout.max = 300ms (default)
2023-06-29 03:33:45,563 [pool-7-thread-7] INFO  ratis.RaftTestUtil (RaftTestUtil.java:waitForLeader(100)) - printing ALL groups
  s0:  RUNNING    LEADER s0@group-C92E7B86EDFC:t1, leader=s0, voted=s0, raftlog=Memoized:s0@group-C92E7B86EDFC-SegmentedRaftLog:OPENED:c0, conf=0: peers:[s0|rpc:localhost:46689|admin:localhost:46779|client:localhost:37871|dataStream:localhost:46501|priority:0|startupRole:FOLLOWER, s1|rpc:localhost:37585|admin:localhost:35007|client:localhost:43533|dataStream:localhost:44315|priority:0|startupRole:FOLLOWER, s2|rpc:localhost:34717|admin:localhost:33013|client:localhost:41383|dataStream:localhost:35135|priority:0|startupRole:FOLLOWER]|listeners:[], old=null RUNNING
  s1:  RUNNING  FOLLOWER s1@group-C92E7B86EDFC:t1, leader=s0, voted=s0, raftlog=Memoized:s1@group-C92E7B86EDFC-SegmentedRaftLog:OPENED:c0, conf=0: peers:[s0|rpc:localhost:46689|admin:localhost:46779|client:localhost:37871|dataStream:localhost:46501|priority:0|startupRole:FOLLOWER, s1|rpc:localhost:37585|admin:localhost:35007|client:localhost:43533|dataStream:localhost:44315|priority:0|startupRole:FOLLOWER, s2|rpc:localhost:34717|admin:localhost:33013|client:localhost:41383|dataStream:localhost:35135|priority:0|startupRole:FOLLOWER]|listeners:[], old=null RUNNING
  s2:  RUNNING  FOLLOWER s2@group-C92E7B86EDFC:t1, leader=s0, voted=s0, raftlog=Memoized:s2@group-C92E7B86EDFC-SegmentedRaftLog:OPENED:c0, conf=0: peers:[s0|rpc:localhost:46689|admin:localhost:46779|client:localhost:37871|dataStream:localhost:46501|priority:0|startupRole:FOLLOWER, s1|rpc:localhost:37585|admin:localhost:35007|client:localhost:43533|dataStream:localhost:44315|priority:0|startupRole:FOLLOWER, s2|rpc:localhost:34717|admin:localhost:33013|client:localhost:41383|dataStream:localhost:35135|priority:0|startupRole:FOLLOWER]|listeners:[], old=null RUNNING
2023-06-29 03:33:45,563 [pool-7-thread-7] INFO  ratis.RaftTestUtil (RaftTestUtil.java:waitForLeader(119)) - printing ALL groups
  s0:  RUNNING    LEADER s0@group-C92E7B86EDFC:t1, leader=s0, voted=s0, raftlog=Memoized:s0@group-C92E7B86EDFC-SegmentedRaftLog:OPENED:c0, conf=0: peers:[s0|rpc:localhost:46689|admin:localhost:46779|client:localhost:37871|dataStream:localhost:46501|priority:0|startupRole:FOLLOWER, s1|rpc:localhost:37585|admin:localhost:35007|client:localhost:43533|dataStream:localhost:44315|priority:0|startupRole:FOLLOWER, s2|rpc:localhost:34717|admin:localhost:33013|client:localhost:41383|dataStream:localhost:35135|priority:0|startupRole:FOLLOWER]|listeners:[], old=null RUNNING
  s1:  RUNNING  FOLLOWER s1@group-C92E7B86EDFC:t1, leader=s0, voted=s0, raftlog=Memoized:s1@group-C92E7B86EDFC-SegmentedRaftLog:OPENED:c0, conf=0: peers:[s0|rpc:localhost:46689|admin:localhost:46779|client:localhost:37871|dataStream:localhost:46501|priority:0|startupRole:FOLLOWER, s1|rpc:localhost:37585|admin:localhost:35007|client:localhost:43533|dataStream:localhost:44315|priority:0|startupRole:FOLLOWER, s2|rpc:localhost:34717|admin:localhost:33013|client:localhost:41383|dataStream:localhost:35135|priority:0|startupRole:FOLLOWER]|listeners:[], old=null RUNNING
  s2:  RUNNING  FOLLOWER s2@group-C92E7B86EDFC:t1, leader=s0, voted=s0, raftlog=Memoized:s2@group-C92E7B86EDFC-SegmentedRaftLog:OPENED:c0, conf=0: peers:[s0|rpc:localhost:46689|admin:localhost:46779|client:localhost:37871|dataStream:localhost:46501|priority:0|startupRole:FOLLOWER, s1|rpc:localhost:37585|admin:localhost:35007|client:localhost:43533|dataStream:localhost:44315|priority:0|startupRole:FOLLOWER, s2|rpc:localhost:34717|admin:localhost:33013|client:localhost:41383|dataStream:localhost:35135|priority:0|startupRole:FOLLOWER]|listeners:[], old=null RUNNING
2023-06-29 03:33:45,563 [pool-7-thread-7] INFO  client.DataStreamClient (ConfUtils.java:logGet(46)) - raft.datastream.type = NETTY (custom)
2023-06-29 03:33:45,563 [pool-7-thread-7] INFO  netty.NettyConfigKeys$DataStream (ConfUtils.java:logGet(46)) - raft.netty.dataStream.client.tls.conf = null (default)
2023-06-29 03:33:45,563 [pool-7-thread-7] INFO  netty.NettyConfigKeys$DataStream (ConfUtils.java:logGet(46)) - raft.netty.dataStream.client.reply.queue.grace-period = 1s (default)
2023-06-29 03:33:45,563 [pool-7-thread-7] INFO  netty.NettyConfigKeys$DataStream (ConfUtils.java:logGet(46)) - raft.netty.dataStream.client.worker-group.share = false (default)
2023-06-29 03:33:45,563 [pool-7-thread-7] INFO  netty.NettyConfigKeys$DataStream (ConfUtils.java:logGet(46)) - raft.netty.dataStream.client.worker-group.size = 4 (default)
2023-06-29 03:33:45,562 [pool-7-thread-6] INFO  ratis.RaftTestUtil (RaftTestUtil.java:waitForLeader(100)) - printing ALL groups
  s0:  RUNNING    LEADER s0@group-C92E7B86EDFC:t1, leader=s0, voted=s0, raftlog=Memoized:s0@group-C92E7B86EDFC-SegmentedRaftLog:OPENED:c0, conf=0: peers:[s0|rpc:localhost:46689|admin:localhost:46779|client:localhost:37871|dataStream:localhost:46501|priority:0|startupRole:FOLLOWER, s1|rpc:localhost:37585|admin:localhost:35007|client:localhost:43533|dataStream:localhost:44315|priority:0|startupRole:FOLLOWER, s2|rpc:localhost:34717|admin:localhost:33013|client:localhost:41383|dataStream:localhost:35135|priority:0|startupRole:FOLLOWER]|listeners:[], old=null RUNNING
  s1:  RUNNING  FOLLOWER s1@group-C92E7B86EDFC:t1, leader=s0, voted=s0, raftlog=Memoized:s1@group-C92E7B86EDFC-SegmentedRaftLog:OPENED:c0, conf=0: peers:[s0|rpc:localhost:46689|admin:localhost:46779|client:localhost:37871|dataStream:localhost:46501|priority:0|startupRole:FOLLOWER, s1|rpc:localhost:37585|admin:localhost:35007|client:localhost:43533|dataStream:localhost:44315|priority:0|startupRole:FOLLOWER, s2|rpc:localhost:34717|admin:localhost:33013|client:localhost:41383|dataStream:localhost:35135|priority:0|startupRole:FOLLOWER]|listeners:[], old=null RUNNING
  s2:  RUNNING  FOLLOWER s2@group-C92E7B86EDFC:t1, leader=s0, voted=s0, raftlog=Memoized:s2@group-C92E7B86EDFC-SegmentedRaftLog:OPENED:c0, conf=0: peers:[s0|rpc:localhost:46689|admin:localhost:46779|client:localhost:37871|dataStream:localhost:46501|priority:0|startupRole:FOLLOWER, s1|rpc:localhost:37585|admin:localhost:35007|client:localhost:43533|dataStream:localhost:44315|priority:0|startupRole:FOLLOWER, s2|rpc:localhost:34717|admin:localhost:33013|client:localhost:41383|dataStream:localhost:35135|priority:0|startupRole:FOLLOWER]|listeners:[], old=null RUNNING
2023-06-29 03:33:45,564 [pool-7-thread-6] INFO  ratis.RaftTestUtil (RaftTestUtil.java:waitForLeader(119)) - printing ALL groups
  s0:  RUNNING    LEADER s0@group-C92E7B86EDFC:t1, leader=s0, voted=s0, raftlog=Memoized:s0@group-C92E7B86EDFC-SegmentedRaftLog:OPENED:c0, conf=0: peers:[s0|rpc:localhost:46689|admin:localhost:46779|client:localhost:37871|dataStream:localhost:46501|priority:0|startupRole:FOLLOWER, s1|rpc:localhost:37585|admin:localhost:35007|client:localhost:43533|dataStream:localhost:44315|priority:0|startupRole:FOLLOWER, s2|rpc:localhost:34717|admin:localhost:33013|client:localhost:41383|dataStream:localhost:35135|priority:0|startupRole:FOLLOWER]|listeners:[], old=null RUNNING
  s1:  RUNNING  FOLLOWER s1@group-C92E7B86EDFC:t1, leader=s0, voted=s0, raftlog=Memoized:s1@group-C92E7B86EDFC-SegmentedRaftLog:OPENED:c0, conf=0: peers:[s0|rpc:localhost:46689|admin:localhost:46779|client:localhost:37871|dataStream:localhost:46501|priority:0|startupRole:FOLLOWER, s1|rpc:localhost:37585|admin:localhost:35007|client:localhost:43533|dataStream:localhost:44315|priority:0|startupRole:FOLLOWER, s2|rpc:localhost:34717|admin:localhost:33013|client:localhost:41383|dataStream:localhost:35135|priority:0|startupRole:FOLLOWER]|listeners:[], old=null RUNNING
  s2:  RUNNING  FOLLOWER s2@group-C92E7B86EDFC:t1, leader=s0, voted=s0, raftlog=Memoized:s2@group-C92E7B86EDFC-SegmentedRaftLog:OPENED:c0, conf=0: peers:[s0|rpc:localhost:46689|admin:localhost:46779|client:localhost:37871|dataStream:localhost:46501|priority:0|startupRole:FOLLOWER, s1|rpc:localhost:37585|admin:localhost:35007|client:localhost:43533|dataStream:localhost:44315|priority:0|startupRole:FOLLOWER, s2|rpc:localhost:34717|admin:localhost:33013|client:localhost:41383|dataStream:localhost:35135|priority:0|startupRole:FOLLOWER]|listeners:[], old=null RUNNING
2023-06-29 03:33:45,564 [pool-7-thread-5] INFO  ratis.RaftTestUtil (RaftTestUtil.java:waitForLeader(100)) - printing ALL groups
  s0:  RUNNING    LEADER s0@group-C92E7B86EDFC:t1, leader=s0, voted=s0, raftlog=Memoized:s0@group-C92E7B86EDFC-SegmentedRaftLog:OPENED:c0, conf=0: peers:[s0|rpc:localhost:46689|admin:localhost:46779|client:localhost:37871|dataStream:localhost:46501|priority:0|startupRole:FOLLOWER, s1|rpc:localhost:37585|admin:localhost:35007|client:localhost:43533|dataStream:localhost:44315|priority:0|startupRole:FOLLOWER, s2|rpc:localhost:34717|admin:localhost:33013|client:localhost:41383|dataStream:localhost:35135|priority:0|startupRole:FOLLOWER]|listeners:[], old=null RUNNING
  s1:  RUNNING  FOLLOWER s1@group-C92E7B86EDFC:t1, leader=s0, voted=s0, raftlog=Memoized:s1@group-C92E7B86EDFC-SegmentedRaftLog:OPENED:c0, conf=0: peers:[s0|rpc:localhost:46689|admin:localhost:46779|client:localhost:37871|dataStream:localhost:46501|priority:0|startupRole:FOLLOWER, s1|rpc:localhost:37585|admin:localhost:35007|client:localhost:43533|dataStream:localhost:44315|priority:0|startupRole:FOLLOWER, s2|rpc:localhost:34717|admin:localhost:33013|client:localhost:41383|dataStream:localhost:35135|priority:0|startupRole:FOLLOWER]|listeners:[], old=null RUNNING
  s2:  RUNNING  FOLLOWER s2@group-C92E7B86EDFC:t1, leader=s0, voted=s0, raftlog=Memoized:s2@group-C92E7B86EDFC-SegmentedRaftLog:OPENED:c0, conf=0: peers:[s0|rpc:localhost:46689|admin:localhost:46779|client:localhost:37871|dataStream:localhost:46501|priority:0|startupRole:FOLLOWER, s1|rpc:localhost:37585|admin:localhost:35007|client:localhost:43533|dataStream:localhost:44315|priority:0|startupRole:FOLLOWER, s2|rpc:localhost:34717|admin:localhost:33013|client:localhost:41383|dataStream:localhost:35135|priority:0|startupRole:FOLLOWER]|listeners:[], old=null RUNNING
2023-06-29 03:33:45,565 [pool-7-thread-5] INFO  ratis.RaftTestUtil (RaftTestUtil.java:waitForLeader(119)) - printing ALL groups
  s0:  RUNNING    LEADER s0@group-C92E7B86EDFC:t1, leader=s0, voted=s0, raftlog=Memoized:s0@group-C92E7B86EDFC-SegmentedRaftLog:OPENED:c0, conf=0: peers:[s0|rpc:localhost:46689|admin:localhost:46779|client:localhost:37871|dataStream:localhost:46501|priority:0|startupRole:FOLLOWER, s1|rpc:localhost:37585|admin:localhost:35007|client:localhost:43533|dataStream:localhost:44315|priority:0|startupRole:FOLLOWER, s2|rpc:localhost:34717|admin:localhost:33013|client:localhost:41383|dataStream:localhost:35135|priority:0|startupRole:FOLLOWER]|listeners:[], old=null RUNNING
  s1:  RUNNING  FOLLOWER s1@group-C92E7B86EDFC:t1, leader=s0, voted=s0, raftlog=Memoized:s1@group-C92E7B86EDFC-SegmentedRaftLog:OPENED:c0, conf=0: peers:[s0|rpc:localhost:46689|admin:localhost:46779|client:localhost:37871|dataStream:localhost:46501|priority:0|startupRole:FOLLOWER, s1|rpc:localhost:37585|admin:localhost:35007|client:localhost:43533|dataStream:localhost:44315|priority:0|startupRole:FOLLOWER, s2|rpc:localhost:34717|admin:localhost:33013|client:localhost:41383|dataStream:localhost:35135|priority:0|startupRole:FOLLOWER]|listeners:[], old=null RUNNING
  s2:  RUNNING  FOLLOWER s2@group-C92E7B86EDFC:t1, leader=s0, voted=s0, raftlog=Memoized:s2@group-C92E7B86EDFC-SegmentedRaftLog:OPENED:c0, conf=0: peers:[s0|rpc:localhost:46689|admin:localhost:46779|client:localhost:37871|dataStream:localhost:46501|priority:0|startupRole:FOLLOWER, s1|rpc:localhost:37585|admin:localhost:35007|client:localhost:43533|dataStream:localhost:44315|priority:0|startupRole:FOLLOWER, s2|rpc:localhost:34717|admin:localhost:33013|client:localhost:41383|dataStream:localhost:35135|priority:0|startupRole:FOLLOWER]|listeners:[], old=null RUNNING
2023-06-29 03:33:45,565 [pool-7-thread-6] INFO  client.DataStreamClient (ConfUtils.java:logGet(46)) - raft.datastream.type = NETTY (custom)
2023-06-29 03:33:45,565 [pool-7-thread-6] INFO  netty.NettyConfigKeys$DataStream (ConfUtils.java:logGet(46)) - raft.netty.dataStream.client.tls.conf = null (default)
2023-06-29 03:33:45,565 [pool-7-thread-6] INFO  netty.NettyConfigKeys$DataStream (ConfUtils.java:logGet(46)) - raft.netty.dataStream.client.reply.queue.grace-period = 1s (default)
2023-06-29 03:33:45,565 [pool-7-thread-5] INFO  client.DataStreamClient (ConfUtils.java:logGet(46)) - raft.datastream.type = NETTY (custom)
2023-06-29 03:33:45,565 [pool-7-thread-6] INFO  netty.NettyConfigKeys$DataStream (ConfUtils.java:logGet(46)) - raft.netty.dataStream.client.worker-group.share = false (default)
2023-06-29 03:33:45,565 [pool-7-thread-5] INFO  netty.NettyConfigKeys$DataStream (ConfUtils.java:logGet(46)) - raft.netty.dataStream.client.tls.conf = null (default)
2023-06-29 03:33:45,565 [pool-7-thread-6] INFO  netty.NettyConfigKeys$DataStream (ConfUtils.java:logGet(46)) - raft.netty.dataStream.client.worker-group.size = 4 (default)
2023-06-29 03:33:45,565 [pool-7-thread-5] INFO  netty.NettyConfigKeys$DataStream (ConfUtils.java:logGet(46)) - raft.netty.dataStream.client.reply.queue.grace-period = 1s (default)
2023-06-29 03:33:45,565 [pool-7-thread-5] INFO  netty.NettyConfigKeys$DataStream (ConfUtils.java:logGet(46)) - raft.netty.dataStream.client.worker-group.share = false (default)
2023-06-29 03:33:45,565 [pool-7-thread-5] INFO  netty.NettyConfigKeys$DataStream (ConfUtils.java:logGet(46)) - raft.netty.dataStream.client.worker-group.size = 4 (default)
2023-06-29 03:33:45,565 [pool-7-thread-3] INFO  ratis.RaftTestUtil (RaftTestUtil.java:waitForLeader(100)) - printing ALL groups
  s0:  RUNNING    LEADER s0@group-C92E7B86EDFC:t1, leader=s0, voted=s0, raftlog=Memoized:s0@group-C92E7B86EDFC-SegmentedRaftLog:OPENED:c0, conf=0: peers:[s0|rpc:localhost:46689|admin:localhost:46779|client:localhost:37871|dataStream:localhost:46501|priority:0|startupRole:FOLLOWER, s1|rpc:localhost:37585|admin:localhost:35007|client:localhost:43533|dataStream:localhost:44315|priority:0|startupRole:FOLLOWER, s2|rpc:localhost:34717|admin:localhost:33013|client:localhost:41383|dataStream:localhost:35135|priority:0|startupRole:FOLLOWER]|listeners:[], old=null RUNNING
  s1:  RUNNING  FOLLOWER s1@group-C92E7B86EDFC:t1, leader=s0, voted=s0, raftlog=Memoized:s1@group-C92E7B86EDFC-SegmentedRaftLog:OPENED:c0, conf=0: peers:[s0|rpc:localhost:46689|admin:localhost:46779|client:localhost:37871|dataStream:localhost:46501|priority:0|startupRole:FOLLOWER, s1|rpc:localhost:37585|admin:localhost:35007|client:localhost:43533|dataStream:localhost:44315|priority:0|startupRole:FOLLOWER, s2|rpc:localhost:34717|admin:localhost:33013|client:localhost:41383|dataStream:localhost:35135|priority:0|startupRole:FOLLOWER]|listeners:[], old=null RUNNING
  s2:  RUNNING  FOLLOWER s2@group-C92E7B86EDFC:t1, leader=s0, voted=s0, raftlog=Memoized:s2@group-C92E7B86EDFC-SegmentedRaftLog:OPENED:c0, conf=0: peers:[s0|rpc:localhost:46689|admin:localhost:46779|client:localhost:37871|dataStream:localhost:46501|priority:0|startupRole:FOLLOWER, s1|rpc:localhost:37585|admin:localhost:35007|client:localhost:43533|dataStream:localhost:44315|priority:0|startupRole:FOLLOWER, s2|rpc:localhost:34717|admin:localhost:33013|client:localhost:41383|dataStream:localhost:35135|priority:0|startupRole:FOLLOWER]|listeners:[], old=null RUNNING
2023-06-29 03:33:45,565 [pool-7-thread-3] INFO  ratis.RaftTestUtil (RaftTestUtil.java:waitForLeader(119)) - printing ALL groups
  s0:  RUNNING    LEADER s0@group-C92E7B86EDFC:t1, leader=s0, voted=s0, raftlog=Memoized:s0@group-C92E7B86EDFC-SegmentedRaftLog:OPENED:c0, conf=0: peers:[s0|rpc:localhost:46689|admin:localhost:46779|client:localhost:37871|dataStream:localhost:46501|priority:0|startupRole:FOLLOWER, s1|rpc:localhost:37585|admin:localhost:35007|client:localhost:43533|dataStream:localhost:44315|priority:0|startupRole:FOLLOWER, s2|rpc:localhost:34717|admin:localhost:33013|client:localhost:41383|dataStream:localhost:35135|priority:0|startupRole:FOLLOWER]|listeners:[], old=null RUNNING
  s1:  RUNNING  FOLLOWER s1@group-C92E7B86EDFC:t1, leader=s0, voted=s0, raftlog=Memoized:s1@group-C92E7B86EDFC-SegmentedRaftLog:OPENED:c0, conf=0: peers:[s0|rpc:localhost:46689|admin:localhost:46779|client:localhost:37871|dataStream:localhost:46501|priority:0|startupRole:FOLLOWER, s1|rpc:localhost:37585|admin:localhost:35007|client:localhost:43533|dataStream:localhost:44315|priority:0|startupRole:FOLLOWER, s2|rpc:localhost:34717|admin:localhost:33013|client:localhost:41383|dataStream:localhost:35135|priority:0|startupRole:FOLLOWER]|listeners:[], old=null RUNNING
  s2:  RUNNING  FOLLOWER s2@group-C92E7B86EDFC:t1, leader=s0, voted=s0, raftlog=Memoized:s2@group-C92E7B86EDFC-SegmentedRaftLog:OPENED:c0, conf=0: peers:[s0|rpc:localhost:46689|admin:localhost:46779|client:localhost:37871|dataStream:localhost:46501|priority:0|startupRole:FOLLOWER, s1|rpc:localhost:37585|admin:localhost:35007|client:localhost:43533|dataStream:localhost:44315|priority:0|startupRole:FOLLOWER, s2|rpc:localhost:34717|admin:localhost:33013|client:localhost:41383|dataStream:localhost:35135|priority:0|startupRole:FOLLOWER]|listeners:[], old=null RUNNING
2023-06-29 03:33:45,565 [pool-7-thread-4] INFO  server.RaftServerConfigKeys (ConfUtils.java:logGet(46)) - raft.server.rpc.timeout.max = 300ms (default)
2023-06-29 03:33:45,572 [pool-7-thread-4] INFO  ratis.RaftTestUtil (RaftTestUtil.java:waitForLeader(100)) - printing ALL groups
  s0:  RUNNING    LEADER s0@group-C92E7B86EDFC:t1, leader=s0, voted=s0, raftlog=Memoized:s0@group-C92E7B86EDFC-SegmentedRaftLog:OPENED:c0, conf=0: peers:[s0|rpc:localhost:46689|admin:localhost:46779|client:localhost:37871|dataStream:localhost:46501|priority:0|startupRole:FOLLOWER, s1|rpc:localhost:37585|admin:localhost:35007|client:localhost:43533|dataStream:localhost:44315|priority:0|startupRole:FOLLOWER, s2|rpc:localhost:34717|admin:localhost:33013|client:localhost:41383|dataStream:localhost:35135|priority:0|startupRole:FOLLOWER]|listeners:[], old=null RUNNING
  s1:  RUNNING  FOLLOWER s1@group-C92E7B86EDFC:t1, leader=s0, voted=s0, raftlog=Memoized:s1@group-C92E7B86EDFC-SegmentedRaftLog:OPENED:c0, conf=0: peers:[s0|rpc:localhost:46689|admin:localhost:46779|client:localhost:37871|dataStream:localhost:46501|priority:0|startupRole:FOLLOWER, s1|rpc:localhost:37585|admin:localhost:35007|client:localhost:43533|dataStream:localhost:44315|priority:0|startupRole:FOLLOWER, s2|rpc:localhost:34717|admin:localhost:33013|client:localhost:41383|dataStream:localhost:35135|priority:0|startupRole:FOLLOWER]|listeners:[], old=null RUNNING
  s2:  RUNNING  FOLLOWER s2@group-C92E7B86EDFC:t1, leader=s0, voted=s0, raftlog=Memoized:s2@group-C92E7B86EDFC-SegmentedRaftLog:OPENED:c0, conf=0: peers:[s0|rpc:localhost:46689|admin:localhost:46779|client:localhost:37871|dataStream:localhost:46501|priority:0|startupRole:FOLLOWER, s1|rpc:localhost:37585|admin:localhost:35007|client:localhost:43533|dataStream:localhost:44315|priority:0|startupRole:FOLLOWER, s2|rpc:localhost:34717|admin:localhost:33013|client:localhost:41383|dataStream:localhost:35135|priority:0|startupRole:FOLLOWER]|listeners:[], old=null RUNNING
2023-06-29 03:33:45,572 [pool-7-thread-4] INFO  ratis.RaftTestUtil (RaftTestUtil.java:waitForLeader(119)) - printing ALL groups
  s0:  RUNNING    LEADER s0@group-C92E7B86EDFC:t1, leader=s0, voted=s0, raftlog=Memoized:s0@group-C92E7B86EDFC-SegmentedRaftLog:OPENED:c0, conf=0: peers:[s0|rpc:localhost:46689|admin:localhost:46779|client:localhost:37871|dataStream:localhost:46501|priority:0|startupRole:FOLLOWER, s1|rpc:localhost:37585|admin:localhost:35007|client:localhost:43533|dataStream:localhost:44315|priority:0|startupRole:FOLLOWER, s2|rpc:localhost:34717|admin:localhost:33013|client:localhost:41383|dataStream:localhost:35135|priority:0|startupRole:FOLLOWER]|listeners:[], old=null RUNNING
  s1:  RUNNING  FOLLOWER s1@group-C92E7B86EDFC:t1, leader=s0, voted=s0, raftlog=Memoized:s1@group-C92E7B86EDFC-SegmentedRaftLog:OPENED:c0, conf=0: peers:[s0|rpc:localhost:46689|admin:localhost:46779|client:localhost:37871|dataStream:localhost:46501|priority:0|startupRole:FOLLOWER, s1|rpc:localhost:37585|admin:localhost:35007|client:localhost:43533|dataStream:localhost:44315|priority:0|startupRole:FOLLOWER, s2|rpc:localhost:34717|admin:localhost:33013|client:localhost:41383|dataStream:localhost:35135|priority:0|startupRole:FOLLOWER]|listeners:[], old=null RUNNING
  s2:  RUNNING  FOLLOWER s2@group-C92E7B86EDFC:t1, leader=s0, voted=s0, raftlog=Memoized:s2@group-C92E7B86EDFC-SegmentedRaftLog:OPENED:c0, conf=0: peers:[s0|rpc:localhost:46689|admin:localhost:46779|client:localhost:37871|dataStream:localhost:46501|priority:0|startupRole:FOLLOWER, s1|rpc:localhost:37585|admin:localhost:35007|client:localhost:43533|dataStream:localhost:44315|priority:0|startupRole:FOLLOWER, s2|rpc:localhost:34717|admin:localhost:33013|client:localhost:41383|dataStream:localhost:35135|priority:0|startupRole:FOLLOWER]|listeners:[], old=null RUNNING
2023-06-29 03:33:45,567 [s1-NettyServerStreamRpc-bossGroup--thread1] INFO  logging.LoggingHandler (AbstractInternalLogger.java:log(148)) - [id: 0xad6a152e, L:/0.0.0.0:44315] READ: [id: 0xdddd034e, L:/127.0.0.1:44315 - R:/127.0.0.1:58024]
2023-06-29 03:33:45,572 [pool-7-thread-4] INFO  client.DataStreamClient (ConfUtils.java:logGet(46)) - raft.datastream.type = NETTY (custom)
2023-06-29 03:33:45,572 [pool-7-thread-4] INFO  netty.NettyConfigKeys$DataStream (ConfUtils.java:logGet(46)) - raft.netty.dataStream.client.tls.conf = null (default)
2023-06-29 03:33:45,572 [pool-7-thread-4] INFO  netty.NettyConfigKeys$DataStream (ConfUtils.java:logGet(46)) - raft.netty.dataStream.client.reply.queue.grace-period = 1s (default)
2023-06-29 03:33:45,572 [pool-7-thread-4] INFO  netty.NettyConfigKeys$DataStream (ConfUtils.java:logGet(46)) - raft.netty.dataStream.client.worker-group.share = false (default)
2023-06-29 03:33:45,572 [pool-7-thread-4] INFO  netty.NettyConfigKeys$DataStream (ConfUtils.java:logGet(46)) - raft.netty.dataStream.client.worker-group.size = 4 (default)
2023-06-29 03:33:45,566 [pool-7-thread-9] INFO  server.RaftServerConfigKeys (ConfUtils.java:logGet(46)) - raft.server.rpc.timeout.max = 300ms (default)
2023-06-29 03:33:45,566 [pool-7-thread-8] INFO  ratis.RaftTestUtil (RaftTestUtil.java:waitForLeader(100)) - printing ALL groups
  s0:  RUNNING    LEADER s0@group-C92E7B86EDFC:t1, leader=s0, voted=s0, raftlog=Memoized:s0@group-C92E7B86EDFC-SegmentedRaftLog:OPENED:c0, conf=0: peers:[s0|rpc:localhost:46689|admin:localhost:46779|client:localhost:37871|dataStream:localhost:46501|priority:0|startupRole:FOLLOWER, s1|rpc:localhost:37585|admin:localhost:35007|client:localhost:43533|dataStream:localhost:44315|priority:0|startupRole:FOLLOWER, s2|rpc:localhost:34717|admin:localhost:33013|client:localhost:41383|dataStream:localhost:35135|priority:0|startupRole:FOLLOWER]|listeners:[], old=null RUNNING
  s1:  RUNNING  FOLLOWER s1@group-C92E7B86EDFC:t1, leader=s0, voted=s0, raftlog=Memoized:s1@group-C92E7B86EDFC-SegmentedRaftLog:OPENED:c0, conf=0: peers:[s0|rpc:localhost:46689|admin:localhost:46779|client:localhost:37871|dataStream:localhost:46501|priority:0|startupRole:FOLLOWER, s1|rpc:localhost:37585|admin:localhost:35007|client:localhost:43533|dataStream:localhost:44315|priority:0|startupRole:FOLLOWER, s2|rpc:localhost:34717|admin:localhost:33013|client:localhost:41383|dataStream:localhost:35135|priority:0|startupRole:FOLLOWER]|listeners:[], old=null RUNNING
  s2:  RUNNING  FOLLOWER s2@group-C92E7B86EDFC:t1, leader=s0, voted=s0, raftlog=Memoized:s2@group-C92E7B86EDFC-SegmentedRaftLog:OPENED:c0, conf=0: peers:[s0|rpc:localhost:46689|admin:localhost:46779|client:localhost:37871|dataStream:localhost:46501|priority:0|startupRole:FOLLOWER, s1|rpc:localhost:37585|admin:localhost:35007|client:localhost:43533|dataStream:localhost:44315|priority:0|startupRole:FOLLOWER, s2|rpc:localhost:34717|admin:localhost:33013|client:localhost:41383|dataStream:localhost:35135|priority:0|startupRole:FOLLOWER]|listeners:[], old=null RUNNING
2023-06-29 03:33:45,573 [s0-NettyServerStreamRpc-bossGroup--thread1] INFO  logging.LoggingHandler (AbstractInternalLogger.java:log(148)) - [id: 0x4282f51d, L:/0.0.0.0:46501] READ: [id: 0x9de3a771, L:/127.0.0.1:46501 - R:/127.0.0.1:35936]
2023-06-29 03:33:45,566 [pool-7-thread-3] INFO  client.DataStreamClient (ConfUtils.java:logGet(46)) - raft.datastream.type = NETTY (custom)
2023-06-29 03:33:45,574 [pool-7-thread-3] INFO  netty.NettyConfigKeys$DataStream (ConfUtils.java:logGet(46)) - raft.netty.dataStream.client.tls.conf = null (default)
2023-06-29 03:33:45,574 [pool-7-thread-3] INFO  netty.NettyConfigKeys$DataStream (ConfUtils.java:logGet(46)) - raft.netty.dataStream.client.reply.queue.grace-period = 1s (default)
2023-06-29 03:33:45,574 [pool-7-thread-3] INFO  netty.NettyConfigKeys$DataStream (ConfUtils.java:logGet(46)) - raft.netty.dataStream.client.worker-group.share = false (default)
2023-06-29 03:33:45,574 [pool-7-thread-3] INFO  netty.NettyConfigKeys$DataStream (ConfUtils.java:logGet(46)) - raft.netty.dataStream.client.worker-group.size = 4 (default)
2023-06-29 03:33:45,574 [pool-7-thread-8] INFO  ratis.RaftTestUtil (RaftTestUtil.java:waitForLeader(119)) - printing ALL groups
  s0:  RUNNING    LEADER s0@group-C92E7B86EDFC:t1, leader=s0, voted=s0, raftlog=Memoized:s0@group-C92E7B86EDFC-SegmentedRaftLog:OPENED:c0, conf=0: peers:[s0|rpc:localhost:46689|admin:localhost:46779|client:localhost:37871|dataStream:localhost:46501|priority:0|startupRole:FOLLOWER, s1|rpc:localhost:37585|admin:localhost:35007|client:localhost:43533|dataStream:localhost:44315|priority:0|startupRole:FOLLOWER, s2|rpc:localhost:34717|admin:localhost:33013|client:localhost:41383|dataStream:localhost:35135|priority:0|startupRole:FOLLOWER]|listeners:[], old=null RUNNING
  s1:  RUNNING  FOLLOWER s1@group-C92E7B86EDFC:t1, leader=s0, voted=s0, raftlog=Memoized:s1@group-C92E7B86EDFC-SegmentedRaftLog:OPENED:c0, conf=0: peers:[s0|rpc:localhost:46689|admin:localhost:46779|client:localhost:37871|dataStream:localhost:46501|priority:0|startupRole:FOLLOWER, s1|rpc:localhost:37585|admin:localhost:35007|client:localhost:43533|dataStream:localhost:44315|priority:0|startupRole:FOLLOWER, s2|rpc:localhost:34717|admin:localhost:33013|client:localhost:41383|dataStream:localhost:35135|priority:0|startupRole:FOLLOWER]|listeners:[], old=null RUNNING
  s2:  RUNNING  FOLLOWER s2@group-C92E7B86EDFC:t1, leader=s0, voted=s0, raftlog=Memoized:s2@group-C92E7B86EDFC-SegmentedRaftLog:OPENED:c0, conf=0: peers:[s0|rpc:localhost:46689|admin:localhost:46779|client:localhost:37871|dataStream:localhost:46501|priority:0|startupRole:FOLLOWER, s1|rpc:localhost:37585|admin:localhost:35007|client:localhost:43533|dataStream:localhost:44315|priority:0|startupRole:FOLLOWER, s2|rpc:localhost:34717|admin:localhost:33013|client:localhost:41383|dataStream:localhost:35135|priority:0|startupRole:FOLLOWER]|listeners:[], old=null RUNNING
2023-06-29 03:33:45,574 [pool-7-thread-8] INFO  client.DataStreamClient (ConfUtils.java:logGet(46)) - raft.datastream.type = NETTY (custom)
2023-06-29 03:33:45,574 [pool-7-thread-8] INFO  netty.NettyConfigKeys$DataStream (ConfUtils.java:logGet(46)) - raft.netty.dataStream.client.tls.conf = null (default)
2023-06-29 03:33:45,574 [pool-7-thread-8] INFO  netty.NettyConfigKeys$DataStream (ConfUtils.java:logGet(46)) - raft.netty.dataStream.client.reply.queue.grace-period = 1s (default)
2023-06-29 03:33:45,574 [pool-7-thread-8] INFO  netty.NettyConfigKeys$DataStream (ConfUtils.java:logGet(46)) - raft.netty.dataStream.client.worker-group.share = false (default)
2023-06-29 03:33:45,574 [pool-7-thread-8] INFO  netty.NettyConfigKeys$DataStream (ConfUtils.java:logGet(46)) - raft.netty.dataStream.client.worker-group.size = 4 (default)
2023-06-29 03:33:45,575 [pool-7-thread-9] INFO  ratis.RaftTestUtil (RaftTestUtil.java:waitForLeader(100)) - printing ALL groups
  s0:  RUNNING    LEADER s0@group-C92E7B86EDFC:t1, leader=s0, voted=s0, raftlog=Memoized:s0@group-C92E7B86EDFC-SegmentedRaftLog:OPENED:c0, conf=0: peers:[s0|rpc:localhost:46689|admin:localhost:46779|client:localhost:37871|dataStream:localhost:46501|priority:0|startupRole:FOLLOWER, s1|rpc:localhost:37585|admin:localhost:35007|client:localhost:43533|dataStream:localhost:44315|priority:0|startupRole:FOLLOWER, s2|rpc:localhost:34717|admin:localhost:33013|client:localhost:41383|dataStream:localhost:35135|priority:0|startupRole:FOLLOWER]|listeners:[], old=null RUNNING
  s1:  RUNNING  FOLLOWER s1@group-C92E7B86EDFC:t1, leader=s0, voted=s0, raftlog=Memoized:s1@group-C92E7B86EDFC-SegmentedRaftLog:OPENED:c0, conf=0: peers:[s0|rpc:localhost:46689|admin:localhost:46779|client:localhost:37871|dataStream:localhost:46501|priority:0|startupRole:FOLLOWER, s1|rpc:localhost:37585|admin:localhost:35007|client:localhost:43533|dataStream:localhost:44315|priority:0|startupRole:FOLLOWER, s2|rpc:localhost:34717|admin:localhost:33013|client:localhost:41383|dataStream:localhost:35135|priority:0|startupRole:FOLLOWER]|listeners:[], old=null RUNNING
  s2:  RUNNING  FOLLOWER s2@group-C92E7B86EDFC:t1, leader=s0, voted=s0, raftlog=Memoized:s2@group-C92E7B86EDFC-SegmentedRaftLog:OPENED:c0, conf=0: peers:[s0|rpc:localhost:46689|admin:localhost:46779|client:localhost:37871|dataStream:localhost:46501|priority:0|startupRole:FOLLOWER, s1|rpc:localhost:37585|admin:localhost:35007|client:localhost:43533|dataStream:localhost:44315|priority:0|startupRole:FOLLOWER, s2|rpc:localhost:34717|admin:localhost:33013|client:localhost:41383|dataStream:localhost:35135|priority:0|startupRole:FOLLOWER]|listeners:[], old=null RUNNING
2023-06-29 03:33:45,575 [pool-7-thread-9] INFO  ratis.RaftTestUtil (RaftTestUtil.java:waitForLeader(119)) - printing ALL groups
  s0:  RUNNING    LEADER s0@group-C92E7B86EDFC:t1, leader=s0, voted=s0, raftlog=Memoized:s0@group-C92E7B86EDFC-SegmentedRaftLog:OPENED:c0, conf=0: peers:[s0|rpc:localhost:46689|admin:localhost:46779|client:localhost:37871|dataStream:localhost:46501|priority:0|startupRole:FOLLOWER, s1|rpc:localhost:37585|admin:localhost:35007|client:localhost:43533|dataStream:localhost:44315|priority:0|startupRole:FOLLOWER, s2|rpc:localhost:34717|admin:localhost:33013|client:localhost:41383|dataStream:localhost:35135|priority:0|startupRole:FOLLOWER]|listeners:[], old=null RUNNING
  s1:  RUNNING  FOLLOWER s1@group-C92E7B86EDFC:t1, leader=s0, voted=s0, raftlog=Memoized:s1@group-C92E7B86EDFC-SegmentedRaftLog:OPENED:c0, conf=0: peers:[s0|rpc:localhost:46689|admin:localhost:46779|client:localhost:37871|dataStream:localhost:46501|priority:0|startupRole:FOLLOWER, s1|rpc:localhost:37585|admin:localhost:35007|client:localhost:43533|dataStream:localhost:44315|priority:0|startupRole:FOLLOWER, s2|rpc:localhost:34717|admin:localhost:33013|client:localhost:41383|dataStream:localhost:35135|priority:0|startupRole:FOLLOWER]|listeners:[], old=null RUNNING
  s2:  RUNNING  FOLLOWER s2@group-C92E7B86EDFC:t1, leader=s0, voted=s0, raftlog=Memoized:s2@group-C92E7B86EDFC-SegmentedRaftLog:OPENED:c0, conf=0: peers:[s0|rpc:localhost:46689|admin:localhost:46779|client:localhost:37871|dataStream:localhost:46501|priority:0|startupRole:FOLLOWER, s1|rpc:localhost:37585|admin:localhost:35007|client:localhost:43533|dataStream:localhost:44315|priority:0|startupRole:FOLLOWER, s2|rpc:localhost:34717|admin:localhost:33013|client:localhost:41383|dataStream:localhost:35135|priority:0|startupRole:FOLLOWER]|listeners:[], old=null RUNNING
2023-06-29 03:33:45,575 [pool-7-thread-9] INFO  client.DataStreamClient (ConfUtils.java:logGet(46)) - raft.datastream.type = NETTY (custom)
2023-06-29 03:33:45,575 [pool-7-thread-9] INFO  netty.NettyConfigKeys$DataStream (ConfUtils.java:logGet(46)) - raft.netty.dataStream.client.tls.conf = null (default)
2023-06-29 03:33:45,576 [pool-7-thread-9] INFO  netty.NettyConfigKeys$DataStream (ConfUtils.java:logGet(46)) - raft.netty.dataStream.client.reply.queue.grace-period = 1s (default)
2023-06-29 03:33:45,576 [pool-7-thread-9] INFO  netty.NettyConfigKeys$DataStream (ConfUtils.java:logGet(46)) - raft.netty.dataStream.client.worker-group.share = false (default)
2023-06-29 03:33:45,576 [pool-7-thread-9] INFO  netty.NettyConfigKeys$DataStream (ConfUtils.java:logGet(46)) - raft.netty.dataStream.client.worker-group.size = 4 (default)
2023-06-29 03:33:45,578 [s2-NettyServerStreamRpc-bossGroup--thread1] INFO  logging.LoggingHandler (AbstractInternalLogger.java:log(148)) - [id: 0xcdbd374d, L:/0.0.0.0:35135] READ: [id: 0xb3ae1484, L:/127.0.0.1:35135 - R:/127.0.0.1:52666]
2023-06-29 03:33:45,583 [pool-7-thread-11] INFO  datastream.DataStreamTestUtils (DataStreamTestUtils.java:writeAndCloseAndAssertReplies(311)) - start Stream377
2023-06-29 03:33:45,585 [s0-NettyServerStreamRpc-bossGroup--thread1] INFO  logging.LoggingHandler (AbstractInternalLogger.java:log(148)) - [id: 0x4282f51d, L:/0.0.0.0:46501] READ COMPLETE
2023-06-29 03:33:45,585 [s0-NettyServerStreamRpc-bossGroup--thread1] INFO  logging.LoggingHandler (AbstractInternalLogger.java:log(148)) - [id: 0x4282f51d, L:/0.0.0.0:46501] READ: [id: 0xa17ce3fa, L:/127.0.0.1:46501 - R:/127.0.0.1:35942]
2023-06-29 03:33:45,589 [s0-NettyServerStreamRpc-workerGroup--thread1] INFO  client.DataStreamClient (ConfUtils.java:logGet(46)) - raft.datastream.type = NETTY (custom)
2023-06-29 03:33:45,590 [s0-NettyServerStreamRpc-workerGroup--thread1] INFO  netty.NettyConfigKeys$DataStream (ConfUtils.java:logGet(46)) - raft.netty.dataStream.client.tls.conf = null (default)
2023-06-29 03:33:45,592 [s0-NettyServerStreamRpc-workerGroup--thread1] INFO  netty.NettyConfigKeys$DataStream (ConfUtils.java:logGet(46)) - raft.netty.dataStream.client.reply.queue.grace-period = 1s (default)
2023-06-29 03:33:45,592 [s0-NettyServerStreamRpc-workerGroup--thread1] INFO  netty.NettyConfigKeys$DataStream (ConfUtils.java:logGet(46)) - raft.netty.dataStream.client.worker-group.share = false (default)
2023-06-29 03:33:45,592 [s0-NettyServerStreamRpc-workerGroup--thread1] INFO  netty.NettyConfigKeys$DataStream (ConfUtils.java:logGet(46)) - raft.netty.dataStream.client.worker-group.size = 4 (default)
2023-06-29 03:33:45,592 [s1-NettyServerStreamRpc-bossGroup--thread1] INFO  logging.LoggingHandler (AbstractInternalLogger.java:log(148)) - [id: 0xad6a152e, L:/0.0.0.0:44315] READ COMPLETE
2023-06-29 03:33:45,593 [s1-NettyServerStreamRpc-workerGroup--thread1] INFO  client.DataStreamClient (ConfUtils.java:logGet(46)) - raft.datastream.type = NETTY (custom)
2023-06-29 03:33:45,593 [s1-NettyServerStreamRpc-workerGroup--thread1] INFO  netty.NettyConfigKeys$DataStream (ConfUtils.java:logGet(46)) - raft.netty.dataStream.client.tls.conf = null (default)
2023-06-29 03:33:45,593 [s1-NettyServerStreamRpc-workerGroup--thread1] INFO  netty.NettyConfigKeys$DataStream (ConfUtils.java:logGet(46)) - raft.netty.dataStream.client.reply.queue.grace-period = 1s (default)
2023-06-29 03:33:45,593 [s1-NettyServerStreamRpc-workerGroup--thread1] INFO  netty.NettyConfigKeys$DataStream (ConfUtils.java:logGet(46)) - raft.netty.dataStream.client.worker-group.share = false (default)
2023-06-29 03:33:45,593 [s1-NettyServerStreamRpc-workerGroup--thread1] INFO  netty.NettyConfigKeys$DataStream (ConfUtils.java:logGet(46)) - raft.netty.dataStream.client.worker-group.size = 4 (default)
2023-06-29 03:33:45,594 [pool-7-thread-10] INFO  datastream.DataStreamTestUtils (DataStreamTestUtils.java:writeAndCloseAndAssertReplies(311)) - start Stream376
2023-06-29 03:33:45,599 [s1-NettyServerStreamRpc-workerGroup--thread1] INFO  client.DataStreamClient (ConfUtils.java:logGet(46)) - raft.datastream.type = NETTY (custom)
2023-06-29 03:33:45,599 [s1-NettyServerStreamRpc-workerGroup--thread1] INFO  netty.NettyConfigKeys$DataStream (ConfUtils.java:logGet(46)) - raft.netty.dataStream.client.tls.conf = null (default)
2023-06-29 03:33:45,599 [s1-NettyServerStreamRpc-workerGroup--thread1] INFO  netty.NettyConfigKeys$DataStream (ConfUtils.java:logGet(46)) - raft.netty.dataStream.client.reply.queue.grace-period = 1s (default)
2023-06-29 03:33:45,599 [s1-NettyServerStreamRpc-workerGroup--thread1] INFO  netty.NettyConfigKeys$DataStream (ConfUtils.java:logGet(46)) - raft.netty.dataStream.client.worker-group.share = false (default)
2023-06-29 03:33:45,599 [s1-NettyServerStreamRpc-workerGroup--thread1] INFO  netty.NettyConfigKeys$DataStream (ConfUtils.java:logGet(46)) - raft.netty.dataStream.client.worker-group.size = 4 (default)
2023-06-29 03:33:45,601 [s1-NettyServerStreamRpc-bossGroup--thread1] INFO  logging.LoggingHandler (AbstractInternalLogger.java:log(148)) - [id: 0xad6a152e, L:/0.0.0.0:44315] READ: [id: 0xba86cefc, L:/127.0.0.1:44315 - R:/127.0.0.1:58030]
2023-06-29 03:33:45,602 [s0-NettyServerStreamRpc-workerGroup--thread1] INFO  client.DataStreamClient (ConfUtils.java:logGet(46)) - raft.datastream.type = NETTY (custom)
2023-06-29 03:33:45,602 [s0-NettyServerStreamRpc-workerGroup--thread1] INFO  netty.NettyConfigKeys$DataStream (ConfUtils.java:logGet(46)) - raft.netty.dataStream.client.tls.conf = null (default)
2023-06-29 03:33:45,602 [s0-NettyServerStreamRpc-workerGroup--thread1] INFO  netty.NettyConfigKeys$DataStream (ConfUtils.java:logGet(46)) - raft.netty.dataStream.client.reply.queue.grace-period = 1s (default)
2023-06-29 03:33:45,602 [s0-NettyServerStreamRpc-workerGroup--thread1] INFO  netty.NettyConfigKeys$DataStream (ConfUtils.java:logGet(46)) - raft.netty.dataStream.client.worker-group.share = false (default)
2023-06-29 03:33:45,602 [s0-NettyServerStreamRpc-workerGroup--thread1] INFO  netty.NettyConfigKeys$DataStream (ConfUtils.java:logGet(46)) - raft.netty.dataStream.client.worker-group.size = 4 (default)
2023-06-29 03:33:45,603 [s0-NettyServerStreamRpc-bossGroup--thread1] INFO  logging.LoggingHandler (AbstractInternalLogger.java:log(148)) - [id: 0x4282f51d, L:/0.0.0.0:46501] READ: [id: 0x7a2aae7c, L:/127.0.0.1:46501 - R:/127.0.0.1:35954]
2023-06-29 03:33:45,605 [s0-NettyServerStreamRpc-bossGroup--thread1] INFO  logging.LoggingHandler (AbstractInternalLogger.java:log(148)) - [id: 0x4282f51d, L:/0.0.0.0:46501] READ: [id: 0x6767038a, L:/127.0.0.1:46501 - R:/127.0.0.1:35970]
2023-06-29 03:33:45,608 [s0-NettyServerStreamRpc-workerGroup--thread3] INFO  client.DataStreamClient (ConfUtils.java:logGet(46)) - raft.datastream.type = NETTY (custom)
2023-06-29 03:33:45,608 [s0-NettyServerStreamRpc-workerGroup--thread3] INFO  netty.NettyConfigKeys$DataStream (ConfUtils.java:logGet(46)) - raft.netty.dataStream.client.tls.conf = null (default)
2023-06-29 03:33:45,608 [s0-NettyServerStreamRpc-workerGroup--thread3] INFO  netty.NettyConfigKeys$DataStream (ConfUtils.java:logGet(46)) - raft.netty.dataStream.client.reply.queue.grace-period = 1s (default)
2023-06-29 03:33:45,609 [s0-NettyServerStreamRpc-workerGroup--thread3] INFO  netty.NettyConfigKeys$DataStream (ConfUtils.java:logGet(46)) - raft.netty.dataStream.client.worker-group.share = false (default)
2023-06-29 03:33:45,609 [s0-NettyServerStreamRpc-workerGroup--thread3] INFO  netty.NettyConfigKeys$DataStream (ConfUtils.java:logGet(46)) - raft.netty.dataStream.client.worker-group.size = 4 (default)
2023-06-29 03:33:45,609 [s0-NettyServerStreamRpc-bossGroup--thread1] INFO  logging.LoggingHandler (AbstractInternalLogger.java:log(148)) - [id: 0x4282f51d, L:/0.0.0.0:46501] READ COMPLETE
2023-06-29 03:33:45,610 [s0-NettyServerStreamRpc-bossGroup--thread1] INFO  logging.LoggingHandler (AbstractInternalLogger.java:log(148)) - [id: 0x4282f51d, L:/0.0.0.0:46501] READ: [id: 0xc96e6219, L:/127.0.0.1:46501 - R:/127.0.0.1:35984]
2023-06-29 03:33:45,610 [s0-NettyServerStreamRpc-bossGroup--thread1] INFO  logging.LoggingHandler (AbstractInternalLogger.java:log(148)) - [id: 0x4282f51d, L:/0.0.0.0:46501] READ: [id: 0x2942cb97, L:/127.0.0.1:46501 - R:/127.0.0.1:35994]
2023-06-29 03:33:45,610 [s0-NettyServerStreamRpc-bossGroup--thread1] INFO  logging.LoggingHandler (AbstractInternalLogger.java:log(148)) - [id: 0x4282f51d, L:/0.0.0.0:46501] READ COMPLETE
2023-06-29 03:33:45,610 [s0-NettyServerStreamRpc-workerGroup--thread4] INFO  client.DataStreamClient (ConfUtils.java:logGet(46)) - raft.datastream.type = NETTY (custom)
2023-06-29 03:33:45,610 [s0-NettyServerStreamRpc-workerGroup--thread4] INFO  netty.NettyConfigKeys$DataStream (ConfUtils.java:logGet(46)) - raft.netty.dataStream.client.tls.conf = null (default)
2023-06-29 03:33:45,610 [s0-NettyServerStreamRpc-workerGroup--thread4] INFO  netty.NettyConfigKeys$DataStream (ConfUtils.java:logGet(46)) - raft.netty.dataStream.client.reply.queue.grace-period = 1s (default)
2023-06-29 03:33:45,611 [s0-NettyServerStreamRpc-workerGroup--thread4] INFO  netty.NettyConfigKeys$DataStream (ConfUtils.java:logGet(46)) - raft.netty.dataStream.client.worker-group.share = false (default)
2023-06-29 03:33:45,611 [s0-NettyServerStreamRpc-workerGroup--thread4] INFO  netty.NettyConfigKeys$DataStream (ConfUtils.java:logGet(46)) - raft.netty.dataStream.client.worker-group.size = 4 (default)
2023-06-29 03:33:45,619 [pool-7-thread-15] INFO  datastream.DataStreamTestUtils (DataStreamTestUtils.java:writeAndCloseAndAssertReplies(311)) - start Stream381
2023-06-29 03:33:45,620 [pool-7-thread-16] INFO  datastream.DataStreamTestUtils (DataStreamTestUtils.java:writeAndCloseAndAssertReplies(311)) - start Stream382
2023-06-29 03:33:45,622 [pool-7-thread-14] INFO  datastream.DataStreamTestUtils (DataStreamTestUtils.java:writeAndCloseAndAssertReplies(311)) - start Stream380
2023-06-29 03:33:45,628 [s2-NettyServerStreamRpc-bossGroup--thread1] INFO  logging.LoggingHandler (AbstractInternalLogger.java:log(148)) - [id: 0xcdbd374d, L:/0.0.0.0:35135] READ COMPLETE
2023-06-29 03:33:45,629 [pool-7-thread-13] INFO  datastream.DataStreamTestUtils (DataStreamTestUtils.java:writeAndCloseAndAssertReplies(311)) - start Stream379
2023-06-29 03:33:45,629 [s2-NettyServerStreamRpc-workerGroup--thread1] INFO  client.DataStreamClient (ConfUtils.java:logGet(46)) - raft.datastream.type = NETTY (custom)
2023-06-29 03:33:45,629 [s2-NettyServerStreamRpc-workerGroup--thread1] INFO  netty.NettyConfigKeys$DataStream (ConfUtils.java:logGet(46)) - raft.netty.dataStream.client.tls.conf = null (default)
2023-06-29 03:33:45,629 [s2-NettyServerStreamRpc-workerGroup--thread1] INFO  netty.NettyConfigKeys$DataStream (ConfUtils.java:logGet(46)) - raft.netty.dataStream.client.reply.queue.grace-period = 1s (default)
2023-06-29 03:33:45,629 [s2-NettyServerStreamRpc-workerGroup--thread1] INFO  netty.NettyConfigKeys$DataStream (ConfUtils.java:logGet(46)) - raft.netty.dataStream.client.worker-group.share = false (default)
2023-06-29 03:33:45,629 [s2-NettyServerStreamRpc-workerGroup--thread1] INFO  netty.NettyConfigKeys$DataStream (ConfUtils.java:logGet(46)) - raft.netty.dataStream.client.worker-group.size = 4 (default)
2023-06-29 03:33:45,638 [pool-7-thread-12] INFO  datastream.DataStreamTestUtils (DataStreamTestUtils.java:writeAndCloseAndAssertReplies(311)) - start Stream378
2023-06-29 03:33:45,650 [s0-NettyServerStreamRpc-bossGroup--thread1] INFO  logging.LoggingHandler (AbstractInternalLogger.java:log(148)) - [id: 0x4282f51d, L:/0.0.0.0:46501] READ: [id: 0xc1e765ca, L:/127.0.0.1:46501 - R:/127.0.0.1:36008]
2023-06-29 03:33:45,650 [s0-NettyServerStreamRpc-bossGroup--thread1] INFO  logging.LoggingHandler (AbstractInternalLogger.java:log(148)) - [id: 0x4282f51d, L:/0.0.0.0:46501] READ COMPLETE
2023-06-29 03:33:45,650 [s2-NettyServerStreamRpc-workerGroup--thread1] INFO  client.DataStreamClient (ConfUtils.java:logGet(46)) - raft.datastream.type = NETTY (custom)
2023-06-29 03:33:45,651 [s0-NettyServerStreamRpc-workerGroup--thread4] INFO  client.DataStreamClient (ConfUtils.java:logGet(46)) - raft.datastream.type = NETTY (custom)
2023-06-29 03:33:45,651 [s2-NettyServerStreamRpc-workerGroup--thread1] INFO  netty.NettyConfigKeys$DataStream (ConfUtils.java:logGet(46)) - raft.netty.dataStream.client.tls.conf = null (default)
2023-06-29 03:33:45,651 [s0-NettyServerStreamRpc-workerGroup--thread4] INFO  netty.NettyConfigKeys$DataStream (ConfUtils.java:logGet(46)) - raft.netty.dataStream.client.tls.conf = null (default)
2023-06-29 03:33:45,651 [s2-NettyServerStreamRpc-workerGroup--thread1] INFO  netty.NettyConfigKeys$DataStream (ConfUtils.java:logGet(46)) - raft.netty.dataStream.client.reply.queue.grace-period = 1s (default)
2023-06-29 03:33:45,651 [s0-NettyServerStreamRpc-workerGroup--thread4] INFO  netty.NettyConfigKeys$DataStream (ConfUtils.java:logGet(46)) - raft.netty.dataStream.client.reply.queue.grace-period = 1s (default)
2023-06-29 03:33:45,651 [s2-NettyServerStreamRpc-workerGroup--thread1] INFO  netty.NettyConfigKeys$DataStream (ConfUtils.java:logGet(46)) - raft.netty.dataStream.client.worker-group.share = false (default)
2023-06-29 03:33:45,651 [s0-NettyServerStreamRpc-workerGroup--thread4] INFO  netty.NettyConfigKeys$DataStream (ConfUtils.java:logGet(46)) - raft.netty.dataStream.client.worker-group.share = false (default)
2023-06-29 03:33:45,651 [s2-NettyServerStreamRpc-workerGroup--thread1] INFO  netty.NettyConfigKeys$DataStream (ConfUtils.java:logGet(46)) - raft.netty.dataStream.client.worker-group.size = 4 (default)
2023-06-29 03:33:45,651 [s0-NettyServerStreamRpc-workerGroup--thread4] INFO  netty.NettyConfigKeys$DataStream (ConfUtils.java:logGet(46)) - raft.netty.dataStream.client.worker-group.size = 4 (default)
2023-06-29 03:33:45,657 [s2-NettyServerStreamRpc-bossGroup--thread1] INFO  logging.LoggingHandler (AbstractInternalLogger.java:log(148)) - [id: 0xcdbd374d, L:/0.0.0.0:35135] READ: [id: 0x26e92d1d, L:/127.0.0.1:35135 - R:/127.0.0.1:52674]
2023-06-29 03:33:45,658 [s1-NettyServerStreamRpc-bossGroup--thread1] INFO  logging.LoggingHandler (AbstractInternalLogger.java:log(148)) - [id: 0xad6a152e, L:/0.0.0.0:44315] READ COMPLETE
2023-06-29 03:33:45,658 [s1-NettyServerStreamRpc-bossGroup--thread1] INFO  logging.LoggingHandler (AbstractInternalLogger.java:log(148)) - [id: 0xad6a152e, L:/0.0.0.0:44315] READ: [id: 0x45575805, L:/127.0.0.1:44315 - R:/127.0.0.1:58044]
2023-06-29 03:33:45,659 [s1-NettyServerStreamRpc-bossGroup--thread1] INFO  logging.LoggingHandler (AbstractInternalLogger.java:log(148)) - [id: 0xad6a152e, L:/0.0.0.0:44315] READ COMPLETE
2023-06-29 03:33:45,662 [s0-NettyServerStreamRpc-workerGroup--thread1] INFO  client.DataStreamClient (ConfUtils.java:logGet(46)) - raft.datastream.type = NETTY (custom)
2023-06-29 03:33:45,662 [s0-NettyServerStreamRpc-workerGroup--thread1] INFO  netty.NettyConfigKeys$DataStream (ConfUtils.java:logGet(46)) - raft.netty.dataStream.client.tls.conf = null (default)
2023-06-29 03:33:45,662 [s0-NettyServerStreamRpc-workerGroup--thread1] INFO  netty.NettyConfigKeys$DataStream (ConfUtils.java:logGet(46)) - raft.netty.dataStream.client.reply.queue.grace-period = 1s (default)
2023-06-29 03:33:45,662 [s0-NettyServerStreamRpc-workerGroup--thread1] INFO  netty.NettyConfigKeys$DataStream (ConfUtils.java:logGet(46)) - raft.netty.dataStream.client.worker-group.share = false (default)
2023-06-29 03:33:45,662 [s0-NettyServerStreamRpc-workerGroup--thread1] INFO  netty.NettyConfigKeys$DataStream (ConfUtils.java:logGet(46)) - raft.netty.dataStream.client.worker-group.size = 4 (default)
2023-06-29 03:33:45,664 [s2-NettyServerStreamRpc-bossGroup--thread1] INFO  logging.LoggingHandler (AbstractInternalLogger.java:log(148)) - [id: 0xcdbd374d, L:/0.0.0.0:35135] READ COMPLETE
2023-06-29 03:33:45,664 [s2-NettyServerStreamRpc-bossGroup--thread1] INFO  logging.LoggingHandler (AbstractInternalLogger.java:log(148)) - [id: 0xcdbd374d, L:/0.0.0.0:35135] READ: [id: 0x6078a782, L:/127.0.0.1:35135 - R:/127.0.0.1:52682]
2023-06-29 03:33:45,665 [s2-NettyServerStreamRpc-bossGroup--thread1] INFO  logging.LoggingHandler (AbstractInternalLogger.java:log(148)) - [id: 0xcdbd374d, L:/0.0.0.0:35135] READ COMPLETE
2023-06-29 03:33:45,665 [s1-NettyServerStreamRpc-bossGroup--thread1] INFO  logging.LoggingHandler (AbstractInternalLogger.java:log(148)) - [id: 0xad6a152e, L:/0.0.0.0:44315] READ: [id: 0xd4da8f0a, L:/127.0.0.1:44315 - R:/127.0.0.1:58050]
2023-06-29 03:33:45,666 [s0-NettyServerStreamRpc-workerGroup--thread3] INFO  client.DataStreamClient (ConfUtils.java:logGet(46)) - raft.datastream.type = NETTY (custom)
2023-06-29 03:33:45,666 [s0-NettyServerStreamRpc-workerGroup--thread3] INFO  netty.NettyConfigKeys$DataStream (ConfUtils.java:logGet(46)) - raft.netty.dataStream.client.tls.conf = null (default)
2023-06-29 03:33:45,666 [s0-NettyServerStreamRpc-workerGroup--thread3] INFO  netty.NettyConfigKeys$DataStream (ConfUtils.java:logGet(46)) - raft.netty.dataStream.client.reply.queue.grace-period = 1s (default)
2023-06-29 03:33:45,666 [s0-NettyServerStreamRpc-workerGroup--thread3] INFO  netty.NettyConfigKeys$DataStream (ConfUtils.java:logGet(46)) - raft.netty.dataStream.client.worker-group.share = false (default)
2023-06-29 03:33:45,666 [s0-NettyServerStreamRpc-workerGroup--thread3] INFO  netty.NettyConfigKeys$DataStream (ConfUtils.java:logGet(46)) - raft.netty.dataStream.client.worker-group.size = 4 (default)
2023-06-29 03:33:45,667 [s2-NettyServerStreamRpc-bossGroup--thread1] INFO  logging.LoggingHandler (AbstractInternalLogger.java:log(148)) - [id: 0xcdbd374d, L:/0.0.0.0:35135] READ: [id: 0x83df8f4c, L:/127.0.0.1:35135 - R:/127.0.0.1:52690]
2023-06-29 03:33:45,668 [s2-NettyServerStreamRpc-bossGroup--thread1] INFO  logging.LoggingHandler (AbstractInternalLogger.java:log(148)) - [id: 0xcdbd374d, L:/0.0.0.0:35135] READ COMPLETE
2023-06-29 03:33:45,670 [s1-NettyServerStreamRpc-bossGroup--thread1] INFO  logging.LoggingHandler (AbstractInternalLogger.java:log(148)) - [id: 0xad6a152e, L:/0.0.0.0:44315] READ COMPLETE
2023-06-29 03:33:45,671 [s1-NettyServerStreamRpc-bossGroup--thread1] INFO  logging.LoggingHandler (AbstractInternalLogger.java:log(148)) - [id: 0xad6a152e, L:/0.0.0.0:44315] READ: [id: 0x1fe9abd0, L:/127.0.0.1:44315 - R:/127.0.0.1:58062]
2023-06-29 03:33:45,671 [s1-NettyServerStreamRpc-bossGroup--thread1] INFO  logging.LoggingHandler (AbstractInternalLogger.java:log(148)) - [id: 0xad6a152e, L:/0.0.0.0:44315] READ COMPLETE
2023-06-29 03:33:45,671 [s2-NettyServerStreamRpc-bossGroup--thread1] INFO  logging.LoggingHandler (AbstractInternalLogger.java:log(148)) - [id: 0xcdbd374d, L:/0.0.0.0:35135] READ: [id: 0x99a4198a, L:/127.0.0.1:35135 - R:/127.0.0.1:52698]
2023-06-29 03:33:45,672 [s2-NettyServerStreamRpc-bossGroup--thread1] INFO  logging.LoggingHandler (AbstractInternalLogger.java:log(148)) - [id: 0xcdbd374d, L:/0.0.0.0:35135] READ COMPLETE
2023-06-29 03:33:45,673 [s1-NettyServerStreamRpc-bossGroup--thread1] INFO  logging.LoggingHandler (AbstractInternalLogger.java:log(148)) - [id: 0xad6a152e, L:/0.0.0.0:44315] READ: [id: 0x53254f59, L:/127.0.0.1:44315 - R:/127.0.0.1:58076]
2023-06-29 03:33:45,673 [s1-NettyServerStreamRpc-bossGroup--thread1] INFO  logging.LoggingHandler (AbstractInternalLogger.java:log(148)) - [id: 0xad6a152e, L:/0.0.0.0:44315] READ COMPLETE
2023-06-29 03:33:45,673 [s0-NettyServerStreamRpc-workerGroup--thread1] INFO  client.DataStreamClient (ConfUtils.java:logGet(46)) - raft.datastream.type = NETTY (custom)
2023-06-29 03:33:45,674 [s0-NettyServerStreamRpc-workerGroup--thread1] INFO  netty.NettyConfigKeys$DataStream (ConfUtils.java:logGet(46)) - raft.netty.dataStream.client.tls.conf = null (default)
2023-06-29 03:33:45,674 [s0-NettyServerStreamRpc-workerGroup--thread1] INFO  netty.NettyConfigKeys$DataStream (ConfUtils.java:logGet(46)) - raft.netty.dataStream.client.reply.queue.grace-period = 1s (default)
2023-06-29 03:33:45,674 [s0-NettyServerStreamRpc-workerGroup--thread1] INFO  netty.NettyConfigKeys$DataStream (ConfUtils.java:logGet(46)) - raft.netty.dataStream.client.worker-group.share = false (default)
2023-06-29 03:33:45,674 [s0-NettyServerStreamRpc-workerGroup--thread1] INFO  netty.NettyConfigKeys$DataStream (ConfUtils.java:logGet(46)) - raft.netty.dataStream.client.worker-group.size = 4 (default)
2023-06-29 03:33:45,678 [s0-NettyServerStreamRpc-workerGroup--thread2] INFO  client.DataStreamClient (ConfUtils.java:logGet(46)) - raft.datastream.type = NETTY (custom)
2023-06-29 03:33:45,678 [s0-NettyServerStreamRpc-workerGroup--thread2] INFO  netty.NettyConfigKeys$DataStream (ConfUtils.java:logGet(46)) - raft.netty.dataStream.client.tls.conf = null (default)
2023-06-29 03:33:45,678 [s0-NettyServerStreamRpc-workerGroup--thread2] INFO  netty.NettyConfigKeys$DataStream (ConfUtils.java:logGet(46)) - raft.netty.dataStream.client.reply.queue.grace-period = 1s (default)
2023-06-29 03:33:45,678 [s0-NettyServerStreamRpc-workerGroup--thread2] INFO  netty.NettyConfigKeys$DataStream (ConfUtils.java:logGet(46)) - raft.netty.dataStream.client.worker-group.share = false (default)
2023-06-29 03:33:45,678 [s0-NettyServerStreamRpc-workerGroup--thread2] INFO  netty.NettyConfigKeys$DataStream (ConfUtils.java:logGet(46)) - raft.netty.dataStream.client.worker-group.size = 4 (default)
2023-06-29 03:33:45,679 [s0-NettyServerStreamRpc-workerGroup--thread3] INFO  client.DataStreamClient (ConfUtils.java:logGet(46)) - raft.datastream.type = NETTY (custom)
2023-06-29 03:33:45,678 [s2-NettyServerStreamRpc-bossGroup--thread1] INFO  logging.LoggingHandler (AbstractInternalLogger.java:log(148)) - [id: 0xcdbd374d, L:/0.0.0.0:35135] READ: [id: 0x260fbea0, L:/127.0.0.1:35135 - R:/127.0.0.1:52712]
2023-06-29 03:33:45,679 [s0-NettyServerStreamRpc-workerGroup--thread3] INFO  netty.NettyConfigKeys$DataStream (ConfUtils.java:logGet(46)) - raft.netty.dataStream.client.tls.conf = null (default)
2023-06-29 03:33:45,679 [s2-NettyServerStreamRpc-bossGroup--thread1] INFO  logging.LoggingHandler (AbstractInternalLogger.java:log(148)) - [id: 0xcdbd374d, L:/0.0.0.0:35135] READ COMPLETE
2023-06-29 03:33:45,679 [s0-NettyServerStreamRpc-workerGroup--thread3] INFO  netty.NettyConfigKeys$DataStream (ConfUtils.java:logGet(46)) - raft.netty.dataStream.client.reply.queue.grace-period = 1s (default)
2023-06-29 03:33:45,680 [s0-NettyServerStreamRpc-workerGroup--thread3] INFO  netty.NettyConfigKeys$DataStream (ConfUtils.java:logGet(46)) - raft.netty.dataStream.client.worker-group.share = false (default)
2023-06-29 03:33:45,680 [s0-NettyServerStreamRpc-workerGroup--thread3] INFO  netty.NettyConfigKeys$DataStream (ConfUtils.java:logGet(46)) - raft.netty.dataStream.client.worker-group.size = 4 (default)
2023-06-29 03:33:45,680 [s1-NettyServerStreamRpc-bossGroup--thread1] INFO  logging.LoggingHandler (AbstractInternalLogger.java:log(148)) - [id: 0xad6a152e, L:/0.0.0.0:44315] READ: [id: 0x9f2017ba, L:/127.0.0.1:44315 - R:/127.0.0.1:58078]
2023-06-29 03:33:45,681 [s1-NettyServerStreamRpc-bossGroup--thread1] INFO  logging.LoggingHandler (AbstractInternalLogger.java:log(148)) - [id: 0xad6a152e, L:/0.0.0.0:44315] READ COMPLETE
2023-06-29 03:33:45,681 [s0-NettyServerStreamRpc-workerGroup--thread3] INFO  client.DataStreamClient (ConfUtils.java:logGet(46)) - raft.datastream.type = NETTY (custom)
2023-06-29 03:33:45,681 [s0-NettyServerStreamRpc-workerGroup--thread3] INFO  netty.NettyConfigKeys$DataStream (ConfUtils.java:logGet(46)) - raft.netty.dataStream.client.tls.conf = null (default)
2023-06-29 03:33:45,681 [s0-NettyServerStreamRpc-workerGroup--thread3] INFO  netty.NettyConfigKeys$DataStream (ConfUtils.java:logGet(46)) - raft.netty.dataStream.client.reply.queue.grace-period = 1s (default)
2023-06-29 03:33:45,681 [s0-NettyServerStreamRpc-workerGroup--thread3] INFO  netty.NettyConfigKeys$DataStream (ConfUtils.java:logGet(46)) - raft.netty.dataStream.client.worker-group.share = false (default)
2023-06-29 03:33:45,681 [s0-NettyServerStreamRpc-workerGroup--thread3] INFO  netty.NettyConfigKeys$DataStream (ConfUtils.java:logGet(46)) - raft.netty.dataStream.client.worker-group.size = 4 (default)
2023-06-29 03:33:45,683 [s2-NettyServerStreamRpc-workerGroup--thread1] INFO  client.DataStreamClient (ConfUtils.java:logGet(46)) - raft.datastream.type = NETTY (custom)
2023-06-29 03:33:45,684 [s2-NettyServerStreamRpc-workerGroup--thread1] INFO  netty.NettyConfigKeys$DataStream (ConfUtils.java:logGet(46)) - raft.netty.dataStream.client.tls.conf = null (default)
2023-06-29 03:33:45,684 [s2-NettyServerStreamRpc-workerGroup--thread1] INFO  netty.NettyConfigKeys$DataStream (ConfUtils.java:logGet(46)) - raft.netty.dataStream.client.reply.queue.grace-period = 1s (default)
2023-06-29 03:33:45,684 [s2-NettyServerStreamRpc-workerGroup--thread1] INFO  netty.NettyConfigKeys$DataStream (ConfUtils.java:logGet(46)) - raft.netty.dataStream.client.worker-group.share = false (default)
2023-06-29 03:33:45,684 [s2-NettyServerStreamRpc-workerGroup--thread1] INFO  netty.NettyConfigKeys$DataStream (ConfUtils.java:logGet(46)) - raft.netty.dataStream.client.worker-group.size = 4 (default)
2023-06-29 03:33:45,685 [s0-NettyServerStreamRpc-bossGroup--thread1] INFO  logging.LoggingHandler (AbstractInternalLogger.java:log(148)) - [id: 0x4282f51d, L:/0.0.0.0:46501] READ: [id: 0x401965a3, L:/127.0.0.1:46501 - R:/127.0.0.1:36014]
2023-06-29 03:33:45,685 [s0-NettyServerStreamRpc-bossGroup--thread1] INFO  logging.LoggingHandler (AbstractInternalLogger.java:log(148)) - [id: 0x4282f51d, L:/0.0.0.0:46501] READ COMPLETE
2023-06-29 03:33:45,685 [s2-NettyServerStreamRpc-workerGroup--thread1] INFO  client.DataStreamClient (ConfUtils.java:logGet(46)) - raft.datastream.type = NETTY (custom)
2023-06-29 03:33:45,685 [s2-NettyServerStreamRpc-workerGroup--thread1] INFO  netty.NettyConfigKeys$DataStream (ConfUtils.java:logGet(46)) - raft.netty.dataStream.client.tls.conf = null (default)
2023-06-29 03:33:45,685 [s2-NettyServerStreamRpc-workerGroup--thread1] INFO  netty.NettyConfigKeys$DataStream (ConfUtils.java:logGet(46)) - raft.netty.dataStream.client.reply.queue.grace-period = 1s (default)
2023-06-29 03:33:45,685 [s2-NettyServerStreamRpc-workerGroup--thread1] INFO  netty.NettyConfigKeys$DataStream (ConfUtils.java:logGet(46)) - raft.netty.dataStream.client.worker-group.share = false (default)
2023-06-29 03:33:45,685 [s2-NettyServerStreamRpc-workerGroup--thread1] INFO  netty.NettyConfigKeys$DataStream (ConfUtils.java:logGet(46)) - raft.netty.dataStream.client.worker-group.size = 4 (default)
2023-06-29 03:33:45,695 [s2-NettyServerStreamRpc-bossGroup--thread1] INFO  logging.LoggingHandler (AbstractInternalLogger.java:log(148)) - [id: 0xcdbd374d, L:/0.0.0.0:35135] READ: [id: 0xd86f9f22, L:/127.0.0.1:35135 - R:/127.0.0.1:52724]
2023-06-29 03:33:45,695 [s2-NettyServerStreamRpc-bossGroup--thread1] INFO  logging.LoggingHandler (AbstractInternalLogger.java:log(148)) - [id: 0xcdbd374d, L:/0.0.0.0:35135] READ COMPLETE
2023-06-29 03:33:45,703 [s1-NettyServerStreamRpc-bossGroup--thread1] INFO  logging.LoggingHandler (AbstractInternalLogger.java:log(148)) - [id: 0xad6a152e, L:/0.0.0.0:44315] READ: [id: 0x3c58d1cf, L:/127.0.0.1:44315 - R:/127.0.0.1:58094]
2023-06-29 03:33:45,703 [s1-NettyServerStreamRpc-bossGroup--thread1] INFO  logging.LoggingHandler (AbstractInternalLogger.java:log(148)) - [id: 0xad6a152e, L:/0.0.0.0:44315] READ COMPLETE
2023-06-29 03:33:45,703 [s0-NettyServerStreamRpc-workerGroup--thread2] INFO  client.DataStreamClient (ConfUtils.java:logGet(46)) - raft.datastream.type = NETTY (custom)
2023-06-29 03:33:45,703 [s0-NettyServerStreamRpc-workerGroup--thread2] INFO  netty.NettyConfigKeys$DataStream (ConfUtils.java:logGet(46)) - raft.netty.dataStream.client.tls.conf = null (default)
2023-06-29 03:33:45,703 [s0-NettyServerStreamRpc-workerGroup--thread2] INFO  netty.NettyConfigKeys$DataStream (ConfUtils.java:logGet(46)) - raft.netty.dataStream.client.reply.queue.grace-period = 1s (default)
2023-06-29 03:33:45,703 [s0-NettyServerStreamRpc-workerGroup--thread2] INFO  netty.NettyConfigKeys$DataStream (ConfUtils.java:logGet(46)) - raft.netty.dataStream.client.worker-group.share = false (default)
2023-06-29 03:33:45,703 [s0-NettyServerStreamRpc-workerGroup--thread2] INFO  netty.NettyConfigKeys$DataStream (ConfUtils.java:logGet(46)) - raft.netty.dataStream.client.worker-group.size = 4 (default)
2023-06-29 03:33:45,706 [s0-NettyServerStreamRpc-workerGroup--thread4] INFO  client.DataStreamClient (ConfUtils.java:logGet(46)) - raft.datastream.type = NETTY (custom)
2023-06-29 03:33:45,706 [s0-NettyServerStreamRpc-workerGroup--thread4] INFO  netty.NettyConfigKeys$DataStream (ConfUtils.java:logGet(46)) - raft.netty.dataStream.client.tls.conf = null (default)
2023-06-29 03:33:45,706 [s0-NettyServerStreamRpc-workerGroup--thread4] INFO  netty.NettyConfigKeys$DataStream (ConfUtils.java:logGet(46)) - raft.netty.dataStream.client.reply.queue.grace-period = 1s (default)
2023-06-29 03:33:45,706 [s0-NettyServerStreamRpc-workerGroup--thread4] INFO  netty.NettyConfigKeys$DataStream (ConfUtils.java:logGet(46)) - raft.netty.dataStream.client.worker-group.share = false (default)
2023-06-29 03:33:45,706 [s0-NettyServerStreamRpc-workerGroup--thread4] INFO  netty.NettyConfigKeys$DataStream (ConfUtils.java:logGet(46)) - raft.netty.dataStream.client.worker-group.size = 4 (default)
2023-06-29 03:33:45,707 [s1-NettyServerStreamRpc-bossGroup--thread1] INFO  logging.LoggingHandler (AbstractInternalLogger.java:log(148)) - [id: 0xad6a152e, L:/0.0.0.0:44315] READ: [id: 0x120551fe, L:/127.0.0.1:44315 - R:/127.0.0.1:58096]
2023-06-29 03:33:45,707 [s1-NettyServerStreamRpc-bossGroup--thread1] INFO  logging.LoggingHandler (AbstractInternalLogger.java:log(148)) - [id: 0xad6a152e, L:/0.0.0.0:44315] READ COMPLETE
2023-06-29 03:33:45,707 [s0-NettyServerStreamRpc-workerGroup--thread4] INFO  client.DataStreamClient (ConfUtils.java:logGet(46)) - raft.datastream.type = NETTY (custom)
2023-06-29 03:33:45,708 [s0-NettyServerStreamRpc-workerGroup--thread4] INFO  netty.NettyConfigKeys$DataStream (ConfUtils.java:logGet(46)) - raft.netty.dataStream.client.tls.conf = null (default)
2023-06-29 03:33:45,708 [s0-NettyServerStreamRpc-workerGroup--thread4] INFO  netty.NettyConfigKeys$DataStream (ConfUtils.java:logGet(46)) - raft.netty.dataStream.client.reply.queue.grace-period = 1s (default)
2023-06-29 03:33:45,708 [s0-NettyServerStreamRpc-workerGroup--thread4] INFO  netty.NettyConfigKeys$DataStream (ConfUtils.java:logGet(46)) - raft.netty.dataStream.client.worker-group.share = false (default)
2023-06-29 03:33:45,708 [s0-NettyServerStreamRpc-workerGroup--thread4] INFO  netty.NettyConfigKeys$DataStream (ConfUtils.java:logGet(46)) - raft.netty.dataStream.client.worker-group.size = 4 (default)
2023-06-29 03:33:45,716 [s1-NettyServerStreamRpc-workerGroup--thread1] INFO  client.DataStreamClient (ConfUtils.java:logGet(46)) - raft.datastream.type = NETTY (custom)
2023-06-29 03:33:45,716 [s1-NettyServerStreamRpc-workerGroup--thread1] INFO  netty.NettyConfigKeys$DataStream (ConfUtils.java:logGet(46)) - raft.netty.dataStream.client.tls.conf = null (default)
2023-06-29 03:33:45,716 [s1-NettyServerStreamRpc-workerGroup--thread1] INFO  netty.NettyConfigKeys$DataStream (ConfUtils.java:logGet(46)) - raft.netty.dataStream.client.reply.queue.grace-period = 1s (default)
2023-06-29 03:33:45,716 [s1-NettyServerStreamRpc-workerGroup--thread1] INFO  netty.NettyConfigKeys$DataStream (ConfUtils.java:logGet(46)) - raft.netty.dataStream.client.worker-group.share = false (default)
2023-06-29 03:33:45,716 [s1-NettyServerStreamRpc-workerGroup--thread1] INFO  netty.NettyConfigKeys$DataStream (ConfUtils.java:logGet(46)) - raft.netty.dataStream.client.worker-group.size = 4 (default)
2023-06-29 03:33:45,717 [s0-NettyServerStreamRpc-bossGroup--thread1] INFO  logging.LoggingHandler (AbstractInternalLogger.java:log(148)) - [id: 0x4282f51d, L:/0.0.0.0:46501] READ: [id: 0xb68ea72a, L:/127.0.0.1:46501 - R:/127.0.0.1:36024]
2023-06-29 03:33:45,717 [s0-NettyServerStreamRpc-bossGroup--thread1] INFO  logging.LoggingHandler (AbstractInternalLogger.java:log(148)) - [id: 0x4282f51d, L:/0.0.0.0:46501] READ COMPLETE
2023-06-29 03:33:45,717 [s1-NettyServerStreamRpc-workerGroup--thread1] INFO  client.DataStreamClient (ConfUtils.java:logGet(46)) - raft.datastream.type = NETTY (custom)
2023-06-29 03:33:45,718 [s1-NettyServerStreamRpc-workerGroup--thread1] INFO  netty.NettyConfigKeys$DataStream (ConfUtils.java:logGet(46)) - raft.netty.dataStream.client.tls.conf = null (default)
2023-06-29 03:33:45,718 [s1-NettyServerStreamRpc-workerGroup--thread1] INFO  netty.NettyConfigKeys$DataStream (ConfUtils.java:logGet(46)) - raft.netty.dataStream.client.reply.queue.grace-period = 1s (default)
2023-06-29 03:33:45,718 [s1-NettyServerStreamRpc-workerGroup--thread1] INFO  netty.NettyConfigKeys$DataStream (ConfUtils.java:logGet(46)) - raft.netty.dataStream.client.worker-group.share = false (default)
2023-06-29 03:33:45,718 [s1-NettyServerStreamRpc-workerGroup--thread1] INFO  netty.NettyConfigKeys$DataStream (ConfUtils.java:logGet(46)) - raft.netty.dataStream.client.worker-group.size = 4 (default)
2023-06-29 03:33:45,720 [s2-NettyServerStreamRpc-bossGroup--thread1] INFO  logging.LoggingHandler (AbstractInternalLogger.java:log(148)) - [id: 0xcdbd374d, L:/0.0.0.0:35135] READ: [id: 0x93cff6dc, L:/127.0.0.1:35135 - R:/127.0.0.1:52738]
2023-06-29 03:33:45,720 [s2-NettyServerStreamRpc-bossGroup--thread1] INFO  logging.LoggingHandler (AbstractInternalLogger.java:log(148)) - [id: 0xcdbd374d, L:/0.0.0.0:35135] READ COMPLETE
2023-06-29 03:33:45,723 [s2-NettyServerStreamRpc-bossGroup--thread1] INFO  logging.LoggingHandler (AbstractInternalLogger.java:log(148)) - [id: 0xcdbd374d, L:/0.0.0.0:35135] READ: [id: 0x92cf39e5, L:/127.0.0.1:35135 - R:/127.0.0.1:52750]
2023-06-29 03:33:45,724 [s2-NettyServerStreamRpc-bossGroup--thread1] INFO  logging.LoggingHandler (AbstractInternalLogger.java:log(148)) - [id: 0xcdbd374d, L:/0.0.0.0:35135] READ COMPLETE
2023-06-29 03:33:45,726 [s1-NettyServerStreamRpc-bossGroup--thread1] INFO  logging.LoggingHandler (AbstractInternalLogger.java:log(148)) - [id: 0xad6a152e, L:/0.0.0.0:44315] READ: [id: 0xaa1a6cce, L:/127.0.0.1:44315 - R:/127.0.0.1:58098]
2023-06-29 03:33:45,726 [s1-NettyServerStreamRpc-bossGroup--thread1] INFO  logging.LoggingHandler (AbstractInternalLogger.java:log(148)) - [id: 0xad6a152e, L:/0.0.0.0:44315] READ COMPLETE
2023-06-29 03:33:45,731 [s0-NettyServerStreamRpc-workerGroup--thread2] INFO  client.DataStreamClient (ConfUtils.java:logGet(46)) - raft.datastream.type = NETTY (custom)
2023-06-29 03:33:45,732 [s0-NettyServerStreamRpc-workerGroup--thread2] INFO  netty.NettyConfigKeys$DataStream (ConfUtils.java:logGet(46)) - raft.netty.dataStream.client.tls.conf = null (default)
2023-06-29 03:33:45,740 [s0-NettyServerStreamRpc-workerGroup--thread2] INFO  netty.NettyConfigKeys$DataStream (ConfUtils.java:logGet(46)) - raft.netty.dataStream.client.reply.queue.grace-period = 1s (default)
2023-06-29 03:33:45,740 [s0-NettyServerStreamRpc-workerGroup--thread2] INFO  netty.NettyConfigKeys$DataStream (ConfUtils.java:logGet(46)) - raft.netty.dataStream.client.worker-group.share = false (default)
2023-06-29 03:33:45,740 [s0-NettyServerStreamRpc-workerGroup--thread2] INFO  netty.NettyConfigKeys$DataStream (ConfUtils.java:logGet(46)) - raft.netty.dataStream.client.worker-group.size = 4 (default)
2023-06-29 03:33:45,741 [s1-NettyServerStreamRpc-bossGroup--thread1] INFO  logging.LoggingHandler (AbstractInternalLogger.java:log(148)) - [id: 0xad6a152e, L:/0.0.0.0:44315] READ: [id: 0x9a3a4984, L:/127.0.0.1:44315 - R:/127.0.0.1:58100]
2023-06-29 03:33:45,741 [s1-NettyServerStreamRpc-bossGroup--thread1] INFO  logging.LoggingHandler (AbstractInternalLogger.java:log(148)) - [id: 0xad6a152e, L:/0.0.0.0:44315] READ COMPLETE
2023-06-29 03:33:45,741 [s0-NettyServerStreamRpc-workerGroup--thread2] INFO  client.DataStreamClient (ConfUtils.java:logGet(46)) - raft.datastream.type = NETTY (custom)
2023-06-29 03:33:45,742 [s0-NettyServerStreamRpc-workerGroup--thread2] INFO  netty.NettyConfigKeys$DataStream (ConfUtils.java:logGet(46)) - raft.netty.dataStream.client.tls.conf = null (default)
2023-06-29 03:33:45,743 [s0-NettyServerStreamRpc-workerGroup--thread2] INFO  netty.NettyConfigKeys$DataStream (ConfUtils.java:logGet(46)) - raft.netty.dataStream.client.reply.queue.grace-period = 1s (default)
2023-06-29 03:33:45,756 [s1-NettyServerStreamRpc-workerGroup--thread1] INFO  client.DataStreamClient (ConfUtils.java:logGet(46)) - raft.datastream.type = NETTY (custom)
2023-06-29 03:33:45,756 [s2-NettyServerStreamRpc-bossGroup--thread1] INFO  logging.LoggingHandler (AbstractInternalLogger.java:log(148)) - [id: 0xcdbd374d, L:/0.0.0.0:35135] READ: [id: 0xda24f967, L:/127.0.0.1:35135 - R:/127.0.0.1:52760]
2023-06-29 03:33:45,756 [s2-NettyServerStreamRpc-bossGroup--thread1] INFO  logging.LoggingHandler (AbstractInternalLogger.java:log(148)) - [id: 0xcdbd374d, L:/0.0.0.0:35135] READ COMPLETE
2023-06-29 03:33:45,758 [s2-NettyServerStreamRpc-workerGroup--thread1] INFO  client.DataStreamClient (ConfUtils.java:logGet(46)) - raft.datastream.type = NETTY (custom)
2023-06-29 03:33:45,758 [s2-NettyServerStreamRpc-workerGroup--thread1] INFO  netty.NettyConfigKeys$DataStream (ConfUtils.java:logGet(46)) - raft.netty.dataStream.client.tls.conf = null (default)
2023-06-29 03:33:45,758 [s2-NettyServerStreamRpc-workerGroup--thread1] INFO  netty.NettyConfigKeys$DataStream (ConfUtils.java:logGet(46)) - raft.netty.dataStream.client.reply.queue.grace-period = 1s (default)
2023-06-29 03:33:45,758 [s2-NettyServerStreamRpc-workerGroup--thread1] INFO  netty.NettyConfigKeys$DataStream (ConfUtils.java:logGet(46)) - raft.netty.dataStream.client.worker-group.share = false (default)
2023-06-29 03:33:45,758 [s2-NettyServerStreamRpc-workerGroup--thread1] INFO  netty.NettyConfigKeys$DataStream (ConfUtils.java:logGet(46)) - raft.netty.dataStream.client.worker-group.size = 4 (default)
2023-06-29 03:33:45,759 [s0-NettyServerStreamRpc-workerGroup--thread2] INFO  netty.NettyConfigKeys$DataStream (ConfUtils.java:logGet(46)) - raft.netty.dataStream.client.worker-group.share = false (default)
2023-06-29 03:33:45,759 [s0-NettyServerStreamRpc-workerGroup--thread2] INFO  netty.NettyConfigKeys$DataStream (ConfUtils.java:logGet(46)) - raft.netty.dataStream.client.worker-group.size = 4 (default)
2023-06-29 03:33:45,756 [s1-NettyServerStreamRpc-workerGroup--thread1] INFO  netty.NettyConfigKeys$DataStream (ConfUtils.java:logGet(46)) - raft.netty.dataStream.client.tls.conf = null (default)
2023-06-29 03:33:45,761 [s1-NettyServerStreamRpc-workerGroup--thread1] INFO  netty.NettyConfigKeys$DataStream (ConfUtils.java:logGet(46)) - raft.netty.dataStream.client.reply.queue.grace-period = 1s (default)
2023-06-29 03:33:45,761 [s1-NettyServerStreamRpc-workerGroup--thread1] INFO  netty.NettyConfigKeys$DataStream (ConfUtils.java:logGet(46)) - raft.netty.dataStream.client.worker-group.share = false (default)
2023-06-29 03:33:45,761 [s1-NettyServerStreamRpc-workerGroup--thread1] INFO  netty.NettyConfigKeys$DataStream (ConfUtils.java:logGet(46)) - raft.netty.dataStream.client.worker-group.size = 4 (default)
2023-06-29 03:33:45,770 [s0-NettyServerStreamRpc-bossGroup--thread1] INFO  logging.LoggingHandler (AbstractInternalLogger.java:log(148)) - [id: 0x4282f51d, L:/0.0.0.0:46501] READ: [id: 0x1de41e4a, L:/127.0.0.1:46501 - R:/127.0.0.1:36028]
2023-06-29 03:33:45,770 [s0-NettyServerStreamRpc-bossGroup--thread1] INFO  logging.LoggingHandler (AbstractInternalLogger.java:log(148)) - [id: 0x4282f51d, L:/0.0.0.0:46501] READ COMPLETE
2023-06-29 03:33:45,770 [s2-NettyServerStreamRpc-workerGroup--thread1] INFO  client.DataStreamClient (ConfUtils.java:logGet(46)) - raft.datastream.type = NETTY (custom)
2023-06-29 03:33:45,771 [s2-NettyServerStreamRpc-workerGroup--thread1] INFO  netty.NettyConfigKeys$DataStream (ConfUtils.java:logGet(46)) - raft.netty.dataStream.client.tls.conf = null (default)
2023-06-29 03:33:45,771 [s2-NettyServerStreamRpc-workerGroup--thread1] INFO  netty.NettyConfigKeys$DataStream (ConfUtils.java:logGet(46)) - raft.netty.dataStream.client.reply.queue.grace-period = 1s (default)
2023-06-29 03:33:45,771 [s2-NettyServerStreamRpc-workerGroup--thread1] INFO  netty.NettyConfigKeys$DataStream (ConfUtils.java:logGet(46)) - raft.netty.dataStream.client.worker-group.share = false (default)
2023-06-29 03:33:45,771 [s2-NettyServerStreamRpc-workerGroup--thread1] INFO  netty.NettyConfigKeys$DataStream (ConfUtils.java:logGet(46)) - raft.netty.dataStream.client.worker-group.size = 4 (default)
2023-06-29 03:33:45,774 [s0-NettyServerStreamRpc-bossGroup--thread1] INFO  logging.LoggingHandler (AbstractInternalLogger.java:log(148)) - [id: 0x4282f51d, L:/0.0.0.0:46501] READ: [id: 0x08696e9f, L:/127.0.0.1:46501 - R:/127.0.0.1:36044]
2023-06-29 03:33:45,774 [s0-NettyServerStreamRpc-bossGroup--thread1] INFO  logging.LoggingHandler (AbstractInternalLogger.java:log(148)) - [id: 0x4282f51d, L:/0.0.0.0:46501] READ COMPLETE
2023-06-29 03:33:45,774 [s1-NettyServerStreamRpc-workerGroup--thread1] INFO  client.DataStreamClient (ConfUtils.java:logGet(46)) - raft.datastream.type = NETTY (custom)
2023-06-29 03:33:45,774 [s1-NettyServerStreamRpc-workerGroup--thread1] INFO  netty.NettyConfigKeys$DataStream (ConfUtils.java:logGet(46)) - raft.netty.dataStream.client.tls.conf = null (default)
2023-06-29 03:33:45,774 [s1-NettyServerStreamRpc-workerGroup--thread1] INFO  netty.NettyConfigKeys$DataStream (ConfUtils.java:logGet(46)) - raft.netty.dataStream.client.reply.queue.grace-period = 1s (default)
2023-06-29 03:33:45,774 [s1-NettyServerStreamRpc-workerGroup--thread1] INFO  netty.NettyConfigKeys$DataStream (ConfUtils.java:logGet(46)) - raft.netty.dataStream.client.worker-group.share = false (default)
2023-06-29 03:33:45,774 [s1-NettyServerStreamRpc-workerGroup--thread1] INFO  netty.NettyConfigKeys$DataStream (ConfUtils.java:logGet(46)) - raft.netty.dataStream.client.worker-group.size = 4 (default)
2023-06-29 03:33:45,777 [s2-NettyServerStreamRpc-bossGroup--thread1] INFO  logging.LoggingHandler (AbstractInternalLogger.java:log(148)) - [id: 0xcdbd374d, L:/0.0.0.0:35135] READ: [id: 0x0cc556ad, L:/127.0.0.1:35135 - R:/127.0.0.1:52764]
2023-06-29 03:33:45,777 [s2-NettyServerStreamRpc-bossGroup--thread1] INFO  logging.LoggingHandler (AbstractInternalLogger.java:log(148)) - [id: 0xcdbd374d, L:/0.0.0.0:35135] READ COMPLETE
2023-06-29 03:33:45,778 [s0-NettyServerStreamRpc-workerGroup--thread4] INFO  client.DataStreamClient (ConfUtils.java:logGet(46)) - raft.datastream.type = NETTY (custom)
2023-06-29 03:33:45,779 [s0-NettyServerStreamRpc-workerGroup--thread4] INFO  netty.NettyConfigKeys$DataStream (ConfUtils.java:logGet(46)) - raft.netty.dataStream.client.tls.conf = null (default)
2023-06-29 03:33:45,779 [s0-NettyServerStreamRpc-workerGroup--thread4] INFO  netty.NettyConfigKeys$DataStream (ConfUtils.java:logGet(46)) - raft.netty.dataStream.client.reply.queue.grace-period = 1s (default)
2023-06-29 03:33:45,779 [s0-NettyServerStreamRpc-workerGroup--thread4] INFO  netty.NettyConfigKeys$DataStream (ConfUtils.java:logGet(46)) - raft.netty.dataStream.client.worker-group.share = false (default)
2023-06-29 03:33:45,779 [s0-NettyServerStreamRpc-workerGroup--thread4] INFO  netty.NettyConfigKeys$DataStream (ConfUtils.java:logGet(46)) - raft.netty.dataStream.client.worker-group.size = 4 (default)
2023-06-29 03:33:45,786 [s2-NettyServerStreamRpc-bossGroup--thread1] INFO  logging.LoggingHandler (AbstractInternalLogger.java:log(148)) - [id: 0xcdbd374d, L:/0.0.0.0:35135] READ: [id: 0x5304300b, L:/127.0.0.1:35135 - R:/127.0.0.1:52772]
2023-06-29 03:33:45,786 [s2-NettyServerStreamRpc-bossGroup--thread1] INFO  logging.LoggingHandler (AbstractInternalLogger.java:log(148)) - [id: 0xcdbd374d, L:/0.0.0.0:35135] READ COMPLETE
2023-06-29 03:33:45,787 [s1-NettyServerStreamRpc-workerGroup--thread1] INFO  client.DataStreamClient (ConfUtils.java:logGet(46)) - raft.datastream.type = NETTY (custom)
2023-06-29 03:33:45,787 [s1-NettyServerStreamRpc-workerGroup--thread1] INFO  netty.NettyConfigKeys$DataStream (ConfUtils.java:logGet(46)) - raft.netty.dataStream.client.tls.conf = null (default)
2023-06-29 03:33:45,787 [s1-NettyServerStreamRpc-workerGroup--thread1] INFO  netty.NettyConfigKeys$DataStream (ConfUtils.java:logGet(46)) - raft.netty.dataStream.client.reply.queue.grace-period = 1s (default)
2023-06-29 03:33:45,787 [s1-NettyServerStreamRpc-workerGroup--thread1] INFO  netty.NettyConfigKeys$DataStream (ConfUtils.java:logGet(46)) - raft.netty.dataStream.client.worker-group.share = false (default)
2023-06-29 03:33:45,787 [s1-NettyServerStreamRpc-workerGroup--thread1] INFO  netty.NettyConfigKeys$DataStream (ConfUtils.java:logGet(46)) - raft.netty.dataStream.client.worker-group.size = 4 (default)
2023-06-29 03:33:45,790 [s1-NettyServerStreamRpc-bossGroup--thread1] INFO  logging.LoggingHandler (AbstractInternalLogger.java:log(148)) - [id: 0xad6a152e, L:/0.0.0.0:44315] READ: [id: 0x50ce083d, L:/127.0.0.1:44315 - R:/127.0.0.1:58108]
2023-06-29 03:33:45,790 [s1-NettyServerStreamRpc-bossGroup--thread1] INFO  logging.LoggingHandler (AbstractInternalLogger.java:log(148)) - [id: 0xad6a152e, L:/0.0.0.0:44315] READ COMPLETE
2023-06-29 03:33:45,791 [s2-NettyServerStreamRpc-workerGroup--thread1] INFO  client.DataStreamClient (ConfUtils.java:logGet(46)) - raft.datastream.type = NETTY (custom)
2023-06-29 03:33:45,791 [s2-NettyServerStreamRpc-workerGroup--thread1] INFO  netty.NettyConfigKeys$DataStream (ConfUtils.java:logGet(46)) - raft.netty.dataStream.client.tls.conf = null (default)
2023-06-29 03:33:45,791 [s2-NettyServerStreamRpc-workerGroup--thread1] INFO  netty.NettyConfigKeys$DataStream (ConfUtils.java:logGet(46)) - raft.netty.dataStream.client.reply.queue.grace-period = 1s (default)
2023-06-29 03:33:45,791 [s2-NettyServerStreamRpc-workerGroup--thread1] INFO  netty.NettyConfigKeys$DataStream (ConfUtils.java:logGet(46)) - raft.netty.dataStream.client.worker-group.share = false (default)
2023-06-29 03:33:45,791 [s2-NettyServerStreamRpc-workerGroup--thread1] INFO  netty.NettyConfigKeys$DataStream (ConfUtils.java:logGet(46)) - raft.netty.dataStream.client.worker-group.size = 4 (default)
2023-06-29 03:33:45,791 [s1-NettyServerStreamRpc-workerGroup--thread1] INFO  client.DataStreamClient (ConfUtils.java:logGet(46)) - raft.datastream.type = NETTY (custom)
2023-06-29 03:33:45,791 [s1-NettyServerStreamRpc-workerGroup--thread1] INFO  netty.NettyConfigKeys$DataStream (ConfUtils.java:logGet(46)) - raft.netty.dataStream.client.tls.conf = null (default)
2023-06-29 03:33:45,791 [s1-NettyServerStreamRpc-workerGroup--thread1] INFO  netty.NettyConfigKeys$DataStream (ConfUtils.java:logGet(46)) - raft.netty.dataStream.client.reply.queue.grace-period = 1s (default)
2023-06-29 03:33:45,791 [s0-NettyServerStreamRpc-bossGroup--thread1] INFO  logging.LoggingHandler (AbstractInternalLogger.java:log(148)) - [id: 0x4282f51d, L:/0.0.0.0:46501] READ: [id: 0x31fe1a1b, L:/127.0.0.1:46501 - R:/127.0.0.1:36048]
2023-06-29 03:33:45,791 [s0-NettyServerStreamRpc-bossGroup--thread1] INFO  logging.LoggingHandler (AbstractInternalLogger.java:log(148)) - [id: 0x4282f51d, L:/0.0.0.0:46501] READ COMPLETE
2023-06-29 03:33:45,791 [s1-NettyServerStreamRpc-workerGroup--thread1] INFO  netty.NettyConfigKeys$DataStream (ConfUtils.java:logGet(46)) - raft.netty.dataStream.client.worker-group.share = false (default)
2023-06-29 03:33:45,791 [s1-NettyServerStreamRpc-workerGroup--thread1] INFO  netty.NettyConfigKeys$DataStream (ConfUtils.java:logGet(46)) - raft.netty.dataStream.client.worker-group.size = 4 (default)
2023-06-29 03:33:45,792 [s0-NettyServerStreamRpc-bossGroup--thread1] INFO  logging.LoggingHandler (AbstractInternalLogger.java:log(148)) - [id: 0x4282f51d, L:/0.0.0.0:46501] READ: [id: 0xb0d24703, L:/127.0.0.1:46501 - R:/127.0.0.1:36056]
2023-06-29 03:33:45,792 [s0-NettyServerStreamRpc-bossGroup--thread1] INFO  logging.LoggingHandler (AbstractInternalLogger.java:log(148)) - [id: 0x4282f51d, L:/0.0.0.0:46501] READ COMPLETE
2023-06-29 03:33:45,794 [s2-NettyServerStreamRpc-workerGroup--thread1] INFO  client.DataStreamClient (ConfUtils.java:logGet(46)) - raft.datastream.type = NETTY (custom)
2023-06-29 03:33:45,794 [s2-NettyServerStreamRpc-workerGroup--thread1] INFO  netty.NettyConfigKeys$DataStream (ConfUtils.java:logGet(46)) - raft.netty.dataStream.client.tls.conf = null (default)
2023-06-29 03:33:45,794 [s2-NettyServerStreamRpc-workerGroup--thread1] INFO  netty.NettyConfigKeys$DataStream (ConfUtils.java:logGet(46)) - raft.netty.dataStream.client.reply.queue.grace-period = 1s (default)
2023-06-29 03:33:45,794 [s2-NettyServerStreamRpc-workerGroup--thread1] INFO  netty.NettyConfigKeys$DataStream (ConfUtils.java:logGet(46)) - raft.netty.dataStream.client.worker-group.share = false (default)
2023-06-29 03:33:45,794 [s2-NettyServerStreamRpc-workerGroup--thread1] INFO  netty.NettyConfigKeys$DataStream (ConfUtils.java:logGet(46)) - raft.netty.dataStream.client.worker-group.size = 4 (default)
2023-06-29 03:33:45,796 [s1-NettyServerStreamRpc-bossGroup--thread1] INFO  logging.LoggingHandler (AbstractInternalLogger.java:log(148)) - [id: 0xad6a152e, L:/0.0.0.0:44315] READ: [id: 0x0c577a05, L:/127.0.0.1:44315 - R:/127.0.0.1:58124]
2023-06-29 03:33:45,796 [s1-NettyServerStreamRpc-bossGroup--thread1] INFO  logging.LoggingHandler (AbstractInternalLogger.java:log(148)) - [id: 0xad6a152e, L:/0.0.0.0:44315] READ COMPLETE
2023-06-29 03:33:45,798 [s0-NettyServerStreamRpc-workerGroup--thread4] INFO  client.DataStreamClient (ConfUtils.java:logGet(46)) - raft.datastream.type = NETTY (custom)
2023-06-29 03:33:45,798 [s0-NettyServerStreamRpc-workerGroup--thread4] INFO  netty.NettyConfigKeys$DataStream (ConfUtils.java:logGet(46)) - raft.netty.dataStream.client.tls.conf = null (default)
2023-06-29 03:33:45,798 [s0-NettyServerStreamRpc-workerGroup--thread4] INFO  netty.NettyConfigKeys$DataStream (ConfUtils.java:logGet(46)) - raft.netty.dataStream.client.reply.queue.grace-period = 1s (default)
2023-06-29 03:33:45,798 [s0-NettyServerStreamRpc-workerGroup--thread4] INFO  netty.NettyConfigKeys$DataStream (ConfUtils.java:logGet(46)) - raft.netty.dataStream.client.worker-group.share = false (default)
2023-06-29 03:33:45,798 [s0-NettyServerStreamRpc-workerGroup--thread4] INFO  netty.NettyConfigKeys$DataStream (ConfUtils.java:logGet(46)) - raft.netty.dataStream.client.worker-group.size = 4 (default)
2023-06-29 03:33:45,802 [s1-NettyServerStreamRpc-bossGroup--thread1] INFO  logging.LoggingHandler (AbstractInternalLogger.java:log(148)) - [id: 0xad6a152e, L:/0.0.0.0:44315] READ: [id: 0xd709381e, L:/127.0.0.1:44315 - R:/127.0.0.1:58140]
2023-06-29 03:33:45,802 [s1-NettyServerStreamRpc-bossGroup--thread1] INFO  logging.LoggingHandler (AbstractInternalLogger.java:log(148)) - [id: 0xad6a152e, L:/0.0.0.0:44315] READ COMPLETE
2023-06-29 03:33:45,807 [s2-NettyServerStreamRpc-workerGroup--thread1] INFO  client.DataStreamClient (ConfUtils.java:logGet(46)) - raft.datastream.type = NETTY (custom)
2023-06-29 03:33:45,807 [s2-NettyServerStreamRpc-workerGroup--thread1] INFO  netty.NettyConfigKeys$DataStream (ConfUtils.java:logGet(46)) - raft.netty.dataStream.client.tls.conf = null (default)
2023-06-29 03:33:45,807 [s2-NettyServerStreamRpc-workerGroup--thread1] INFO  netty.NettyConfigKeys$DataStream (ConfUtils.java:logGet(46)) - raft.netty.dataStream.client.reply.queue.grace-period = 1s (default)
2023-06-29 03:33:45,811 [s2-NettyServerStreamRpc-workerGroup--thread1] INFO  netty.NettyConfigKeys$DataStream (ConfUtils.java:logGet(46)) - raft.netty.dataStream.client.worker-group.share = false (default)
2023-06-29 03:33:45,811 [s2-NettyServerStreamRpc-workerGroup--thread1] INFO  netty.NettyConfigKeys$DataStream (ConfUtils.java:logGet(46)) - raft.netty.dataStream.client.worker-group.size = 4 (default)
2023-06-29 03:33:45,812 [s2-NettyServerStreamRpc-bossGroup--thread1] INFO  logging.LoggingHandler (AbstractInternalLogger.java:log(148)) - [id: 0xcdbd374d, L:/0.0.0.0:35135] READ: [id: 0xbfe83fcf, L:/127.0.0.1:35135 - R:/127.0.0.1:52774]
2023-06-29 03:33:45,812 [s2-NettyServerStreamRpc-bossGroup--thread1] INFO  logging.LoggingHandler (AbstractInternalLogger.java:log(148)) - [id: 0xcdbd374d, L:/0.0.0.0:35135] READ COMPLETE
2023-06-29 03:33:45,812 [s2-NettyServerStreamRpc-bossGroup--thread1] INFO  logging.LoggingHandler (AbstractInternalLogger.java:log(148)) - [id: 0xcdbd374d, L:/0.0.0.0:35135] READ: [id: 0xcad85737, L:/127.0.0.1:35135 - R:/127.0.0.1:52776]
2023-06-29 03:33:45,812 [s2-NettyServerStreamRpc-bossGroup--thread1] INFO  logging.LoggingHandler (AbstractInternalLogger.java:log(148)) - [id: 0xcdbd374d, L:/0.0.0.0:35135] READ COMPLETE
2023-06-29 03:33:45,813 [s1-NettyServerStreamRpc-workerGroup--thread1] INFO  client.DataStreamClient (ConfUtils.java:logGet(46)) - raft.datastream.type = NETTY (custom)
2023-06-29 03:33:45,813 [s1-NettyServerStreamRpc-workerGroup--thread1] INFO  netty.NettyConfigKeys$DataStream (ConfUtils.java:logGet(46)) - raft.netty.dataStream.client.tls.conf = null (default)
2023-06-29 03:33:45,813 [s1-NettyServerStreamRpc-workerGroup--thread1] INFO  netty.NettyConfigKeys$DataStream (ConfUtils.java:logGet(46)) - raft.netty.dataStream.client.reply.queue.grace-period = 1s (default)
2023-06-29 03:33:45,813 [s1-NettyServerStreamRpc-workerGroup--thread1] INFO  netty.NettyConfigKeys$DataStream (ConfUtils.java:logGet(46)) - raft.netty.dataStream.client.worker-group.share = false (default)
2023-06-29 03:33:45,813 [s1-NettyServerStreamRpc-workerGroup--thread1] INFO  netty.NettyConfigKeys$DataStream (ConfUtils.java:logGet(46)) - raft.netty.dataStream.client.worker-group.size = 4 (default)
2023-06-29 03:33:45,814 [s0-NettyServerStreamRpc-workerGroup--thread2] INFO  client.DataStreamClient (ConfUtils.java:logGet(46)) - raft.datastream.type = NETTY (custom)
2023-06-29 03:33:45,814 [s0-NettyServerStreamRpc-workerGroup--thread2] INFO  netty.NettyConfigKeys$DataStream (ConfUtils.java:logGet(46)) - raft.netty.dataStream.client.tls.conf = null (default)
2023-06-29 03:33:45,815 [s0-NettyServerStreamRpc-workerGroup--thread2] INFO  netty.NettyConfigKeys$DataStream (ConfUtils.java:logGet(46)) - raft.netty.dataStream.client.reply.queue.grace-period = 1s (default)
2023-06-29 03:33:45,815 [s0-NettyServerStreamRpc-workerGroup--thread2] INFO  netty.NettyConfigKeys$DataStream (ConfUtils.java:logGet(46)) - raft.netty.dataStream.client.worker-group.share = false (default)
2023-06-29 03:33:45,815 [s0-NettyServerStreamRpc-workerGroup--thread2] INFO  netty.NettyConfigKeys$DataStream (ConfUtils.java:logGet(46)) - raft.netty.dataStream.client.worker-group.size = 4 (default)
2023-06-29 03:33:45,824 [s1-NettyServerStreamRpc-bossGroup--thread1] INFO  logging.LoggingHandler (AbstractInternalLogger.java:log(148)) - [id: 0xad6a152e, L:/0.0.0.0:44315] READ: [id: 0x9ab2622d, L:/127.0.0.1:44315 - R:/127.0.0.1:58144]
2023-06-29 03:33:45,824 [s1-NettyServerStreamRpc-bossGroup--thread1] INFO  logging.LoggingHandler (AbstractInternalLogger.java:log(148)) - [id: 0xad6a152e, L:/0.0.0.0:44315] READ COMPLETE
2023-06-29 03:33:45,824 [s0-NettyServerStreamRpc-workerGroup--thread2] INFO  client.DataStreamClient (ConfUtils.java:logGet(46)) - raft.datastream.type = NETTY (custom)
2023-06-29 03:33:45,824 [s0-NettyServerStreamRpc-workerGroup--thread2] INFO  netty.NettyConfigKeys$DataStream (ConfUtils.java:logGet(46)) - raft.netty.dataStream.client.tls.conf = null (default)
2023-06-29 03:33:45,824 [s0-NettyServerStreamRpc-workerGroup--thread2] INFO  netty.NettyConfigKeys$DataStream (ConfUtils.java:logGet(46)) - raft.netty.dataStream.client.reply.queue.grace-period = 1s (default)
2023-06-29 03:33:45,824 [s0-NettyServerStreamRpc-workerGroup--thread2] INFO  netty.NettyConfigKeys$DataStream (ConfUtils.java:logGet(46)) - raft.netty.dataStream.client.worker-group.share = false (default)
2023-06-29 03:33:45,824 [s0-NettyServerStreamRpc-workerGroup--thread2] INFO  netty.NettyConfigKeys$DataStream (ConfUtils.java:logGet(46)) - raft.netty.dataStream.client.worker-group.size = 4 (default)
2023-06-29 03:33:45,831 [s2-NettyServerStreamRpc-bossGroup--thread1] INFO  logging.LoggingHandler (AbstractInternalLogger.java:log(148)) - [id: 0xcdbd374d, L:/0.0.0.0:35135] READ: [id: 0x90233cbc, L:/127.0.0.1:35135 - R:/127.0.0.1:52792]
2023-06-29 03:33:45,831 [s2-NettyServerStreamRpc-bossGroup--thread1] INFO  logging.LoggingHandler (AbstractInternalLogger.java:log(148)) - [id: 0xcdbd374d, L:/0.0.0.0:35135] READ COMPLETE
2023-06-29 03:33:45,838 [s0-NettyServerStreamRpc-bossGroup--thread1] INFO  logging.LoggingHandler (AbstractInternalLogger.java:log(148)) - [id: 0x4282f51d, L:/0.0.0.0:46501] READ: [id: 0x0ec1246b, L:/127.0.0.1:46501 - R:/127.0.0.1:36072]
2023-06-29 03:33:45,838 [s0-NettyServerStreamRpc-bossGroup--thread1] INFO  logging.LoggingHandler (AbstractInternalLogger.java:log(148)) - [id: 0x4282f51d, L:/0.0.0.0:46501] READ COMPLETE
2023-06-29 03:33:45,838 [s2-NettyServerStreamRpc-workerGroup--thread1] INFO  client.DataStreamClient (ConfUtils.java:logGet(46)) - raft.datastream.type = NETTY (custom)
2023-06-29 03:33:45,838 [s2-NettyServerStreamRpc-workerGroup--thread1] INFO  netty.NettyConfigKeys$DataStream (ConfUtils.java:logGet(46)) - raft.netty.dataStream.client.tls.conf = null (default)
2023-06-29 03:33:45,838 [s2-NettyServerStreamRpc-workerGroup--thread1] INFO  netty.NettyConfigKeys$DataStream (ConfUtils.java:logGet(46)) - raft.netty.dataStream.client.reply.queue.grace-period = 1s (default)
2023-06-29 03:33:45,838 [s2-NettyServerStreamRpc-workerGroup--thread1] INFO  netty.NettyConfigKeys$DataStream (ConfUtils.java:logGet(46)) - raft.netty.dataStream.client.worker-group.share = false (default)
2023-06-29 03:33:45,839 [s2-NettyServerStreamRpc-workerGroup--thread1] INFO  netty.NettyConfigKeys$DataStream (ConfUtils.java:logGet(46)) - raft.netty.dataStream.client.worker-group.size = 4 (default)
2023-06-29 03:33:45,847 [s1-NettyServerStreamRpc-bossGroup--thread1] INFO  logging.LoggingHandler (AbstractInternalLogger.java:log(148)) - [id: 0xad6a152e, L:/0.0.0.0:44315] READ: [id: 0xb1410439, L:/127.0.0.1:44315 - R:/127.0.0.1:58160]
2023-06-29 03:33:45,847 [s1-NettyServerStreamRpc-bossGroup--thread1] INFO  logging.LoggingHandler (AbstractInternalLogger.java:log(148)) - [id: 0xad6a152e, L:/0.0.0.0:44315] READ COMPLETE
2023-06-29 03:33:45,848 [s2-NettyServerStreamRpc-workerGroup--thread1] INFO  client.DataStreamClient (ConfUtils.java:logGet(46)) - raft.datastream.type = NETTY (custom)
2023-06-29 03:33:45,848 [s2-NettyServerStreamRpc-workerGroup--thread1] INFO  netty.NettyConfigKeys$DataStream (ConfUtils.java:logGet(46)) - raft.netty.dataStream.client.tls.conf = null (default)
2023-06-29 03:33:45,848 [s2-NettyServerStreamRpc-workerGroup--thread1] INFO  netty.NettyConfigKeys$DataStream (ConfUtils.java:logGet(46)) - raft.netty.dataStream.client.reply.queue.grace-period = 1s (default)
2023-06-29 03:33:45,848 [s2-NettyServerStreamRpc-workerGroup--thread1] INFO  netty.NettyConfigKeys$DataStream (ConfUtils.java:logGet(46)) - raft.netty.dataStream.client.worker-group.share = false (default)
2023-06-29 03:33:45,848 [s2-NettyServerStreamRpc-workerGroup--thread1] INFO  netty.NettyConfigKeys$DataStream (ConfUtils.java:logGet(46)) - raft.netty.dataStream.client.worker-group.size = 4 (default)
2023-06-29 03:33:45,862 [s1-NettyServerStreamRpc-workerGroup--thread1] INFO  client.DataStreamClient (ConfUtils.java:logGet(46)) - raft.datastream.type = NETTY (custom)
2023-06-29 03:33:45,862 [s1-NettyServerStreamRpc-workerGroup--thread1] INFO  netty.NettyConfigKeys$DataStream (ConfUtils.java:logGet(46)) - raft.netty.dataStream.client.tls.conf = null (default)
2023-06-29 03:33:45,862 [s1-NettyServerStreamRpc-workerGroup--thread1] INFO  netty.NettyConfigKeys$DataStream (ConfUtils.java:logGet(46)) - raft.netty.dataStream.client.reply.queue.grace-period = 1s (default)
2023-06-29 03:33:45,862 [s1-NettyServerStreamRpc-workerGroup--thread1] INFO  netty.NettyConfigKeys$DataStream (ConfUtils.java:logGet(46)) - raft.netty.dataStream.client.worker-group.share = false (default)
2023-06-29 03:33:45,862 [s1-NettyServerStreamRpc-workerGroup--thread1] INFO  netty.NettyConfigKeys$DataStream (ConfUtils.java:logGet(46)) - raft.netty.dataStream.client.worker-group.size = 4 (default)
2023-06-29 03:33:45,862 [s0-NettyServerStreamRpc-bossGroup--thread1] INFO  logging.LoggingHandler (AbstractInternalLogger.java:log(148)) - [id: 0x4282f51d, L:/0.0.0.0:46501] READ: [id: 0xbdf4bfff, L:/127.0.0.1:46501 - R:/127.0.0.1:36088]
2023-06-29 03:33:45,863 [s0-NettyServerStreamRpc-bossGroup--thread1] INFO  logging.LoggingHandler (AbstractInternalLogger.java:log(148)) - [id: 0x4282f51d, L:/0.0.0.0:46501] READ COMPLETE
2023-06-29 03:33:45,890 [s0-NettyServerStreamRpc-bossGroup--thread1] INFO  logging.LoggingHandler (AbstractInternalLogger.java:log(148)) - [id: 0x4282f51d, L:/0.0.0.0:46501] READ: [id: 0x393a7412, L:/127.0.0.1:46501 - R:/127.0.0.1:36104]
2023-06-29 03:33:45,891 [s0-NettyServerStreamRpc-bossGroup--thread1] INFO  logging.LoggingHandler (AbstractInternalLogger.java:log(148)) - [id: 0x4282f51d, L:/0.0.0.0:46501] READ COMPLETE
2023-06-29 03:33:45,891 [s2-NettyServerStreamRpc-workerGroup--thread1] INFO  client.DataStreamClient (ConfUtils.java:logGet(46)) - raft.datastream.type = NETTY (custom)
2023-06-29 03:33:45,891 [s2-NettyServerStreamRpc-workerGroup--thread1] INFO  netty.NettyConfigKeys$DataStream (ConfUtils.java:logGet(46)) - raft.netty.dataStream.client.tls.conf = null (default)
2023-06-29 03:33:45,891 [s2-NettyServerStreamRpc-workerGroup--thread1] INFO  netty.NettyConfigKeys$DataStream (ConfUtils.java:logGet(46)) - raft.netty.dataStream.client.reply.queue.grace-period = 1s (default)
2023-06-29 03:33:45,891 [s2-NettyServerStreamRpc-workerGroup--thread1] INFO  netty.NettyConfigKeys$DataStream (ConfUtils.java:logGet(46)) - raft.netty.dataStream.client.worker-group.share = false (default)
2023-06-29 03:33:45,891 [s2-NettyServerStreamRpc-workerGroup--thread1] INFO  netty.NettyConfigKeys$DataStream (ConfUtils.java:logGet(46)) - raft.netty.dataStream.client.worker-group.size = 4 (default)
2023-06-29 03:33:45,898 [s2-NettyServerStreamRpc-bossGroup--thread1] INFO  logging.LoggingHandler (AbstractInternalLogger.java:log(148)) - [id: 0xcdbd374d, L:/0.0.0.0:35135] READ: [id: 0xa4e4aaa0, L:/127.0.0.1:35135 - R:/127.0.0.1:52798]
2023-06-29 03:33:45,898 [s2-NettyServerStreamRpc-bossGroup--thread1] INFO  logging.LoggingHandler (AbstractInternalLogger.java:log(148)) - [id: 0xcdbd374d, L:/0.0.0.0:35135] READ COMPLETE
2023-06-29 03:33:45,899 [s1-NettyServerStreamRpc-workerGroup--thread1] INFO  client.DataStreamClient (ConfUtils.java:logGet(46)) - raft.datastream.type = NETTY (custom)
2023-06-29 03:33:45,899 [s1-NettyServerStreamRpc-workerGroup--thread1] INFO  netty.NettyConfigKeys$DataStream (ConfUtils.java:logGet(46)) - raft.netty.dataStream.client.tls.conf = null (default)
2023-06-29 03:33:45,899 [s1-NettyServerStreamRpc-workerGroup--thread1] INFO  netty.NettyConfigKeys$DataStream (ConfUtils.java:logGet(46)) - raft.netty.dataStream.client.reply.queue.grace-period = 1s (default)
2023-06-29 03:33:45,899 [s1-NettyServerStreamRpc-workerGroup--thread1] INFO  netty.NettyConfigKeys$DataStream (ConfUtils.java:logGet(46)) - raft.netty.dataStream.client.worker-group.share = false (default)
2023-06-29 03:33:45,899 [s1-NettyServerStreamRpc-workerGroup--thread1] INFO  netty.NettyConfigKeys$DataStream (ConfUtils.java:logGet(46)) - raft.netty.dataStream.client.worker-group.size = 4 (default)
2023-06-29 03:33:45,902 [s1-NettyServerStreamRpc-bossGroup--thread1] INFO  logging.LoggingHandler (AbstractInternalLogger.java:log(148)) - [id: 0xad6a152e, L:/0.0.0.0:44315] READ: [id: 0x53a7a92f, L:/127.0.0.1:44315 - R:/127.0.0.1:58164]
2023-06-29 03:33:45,902 [s1-NettyServerStreamRpc-bossGroup--thread1] INFO  logging.LoggingHandler (AbstractInternalLogger.java:log(148)) - [id: 0xad6a152e, L:/0.0.0.0:44315] READ COMPLETE
2023-06-29 03:33:45,902 [s2-NettyServerStreamRpc-workerGroup--thread1] INFO  client.DataStreamClient (ConfUtils.java:logGet(46)) - raft.datastream.type = NETTY (custom)
2023-06-29 03:33:45,902 [s2-NettyServerStreamRpc-workerGroup--thread1] INFO  netty.NettyConfigKeys$DataStream (ConfUtils.java:logGet(46)) - raft.netty.dataStream.client.tls.conf = null (default)
2023-06-29 03:33:45,902 [s2-NettyServerStreamRpc-workerGroup--thread1] INFO  netty.NettyConfigKeys$DataStream (ConfUtils.java:logGet(46)) - raft.netty.dataStream.client.reply.queue.grace-period = 1s (default)
2023-06-29 03:33:45,902 [s2-NettyServerStreamRpc-workerGroup--thread1] INFO  netty.NettyConfigKeys$DataStream (ConfUtils.java:logGet(46)) - raft.netty.dataStream.client.worker-group.share = false (default)
2023-06-29 03:33:45,903 [s2-NettyServerStreamRpc-workerGroup--thread1] INFO  netty.NettyConfigKeys$DataStream (ConfUtils.java:logGet(46)) - raft.netty.dataStream.client.worker-group.size = 4 (default)
2023-06-29 03:33:45,908 [s0-NettyServerStreamRpc-bossGroup--thread1] INFO  logging.LoggingHandler (AbstractInternalLogger.java:log(148)) - [id: 0x4282f51d, L:/0.0.0.0:46501] READ: [id: 0x7d95c7d2, L:/127.0.0.1:46501 - R:/127.0.0.1:36120]
2023-06-29 03:33:45,908 [s0-NettyServerStreamRpc-bossGroup--thread1] INFO  logging.LoggingHandler (AbstractInternalLogger.java:log(148)) - [id: 0x4282f51d, L:/0.0.0.0:46501] READ COMPLETE
2023-06-29 03:33:45,908 [s2-NettyServerStreamRpc-workerGroup--thread1] INFO  client.DataStreamClient (ConfUtils.java:logGet(46)) - raft.datastream.type = NETTY (custom)
2023-06-29 03:33:45,908 [s2-NettyServerStreamRpc-workerGroup--thread1] INFO  netty.NettyConfigKeys$DataStream (ConfUtils.java:logGet(46)) - raft.netty.dataStream.client.tls.conf = null (default)
2023-06-29 03:33:45,908 [s2-NettyServerStreamRpc-workerGroup--thread1] INFO  netty.NettyConfigKeys$DataStream (ConfUtils.java:logGet(46)) - raft.netty.dataStream.client.reply.queue.grace-period = 1s (default)
2023-06-29 03:33:45,908 [s2-NettyServerStreamRpc-workerGroup--thread1] INFO  netty.NettyConfigKeys$DataStream (ConfUtils.java:logGet(46)) - raft.netty.dataStream.client.worker-group.share = false (default)
2023-06-29 03:33:45,908 [s2-NettyServerStreamRpc-workerGroup--thread1] INFO  netty.NettyConfigKeys$DataStream (ConfUtils.java:logGet(46)) - raft.netty.dataStream.client.worker-group.size = 4 (default)
2023-06-29 03:33:45,910 [s1-NettyServerStreamRpc-workerGroup--thread1] INFO  client.DataStreamClient (ConfUtils.java:logGet(46)) - raft.datastream.type = NETTY (custom)
2023-06-29 03:33:45,910 [s1-NettyServerStreamRpc-workerGroup--thread1] INFO  netty.NettyConfigKeys$DataStream (ConfUtils.java:logGet(46)) - raft.netty.dataStream.client.tls.conf = null (default)
2023-06-29 03:33:45,910 [s1-NettyServerStreamRpc-workerGroup--thread1] INFO  netty.NettyConfigKeys$DataStream (ConfUtils.java:logGet(46)) - raft.netty.dataStream.client.reply.queue.grace-period = 1s (default)
2023-06-29 03:33:45,910 [s1-NettyServerStreamRpc-workerGroup--thread1] INFO  netty.NettyConfigKeys$DataStream (ConfUtils.java:logGet(46)) - raft.netty.dataStream.client.worker-group.share = false (default)
2023-06-29 03:33:45,910 [s1-NettyServerStreamRpc-workerGroup--thread1] INFO  netty.NettyConfigKeys$DataStream (ConfUtils.java:logGet(46)) - raft.netty.dataStream.client.worker-group.size = 4 (default)
2023-06-29 03:33:45,911 [s0-NettyServerStreamRpc-bossGroup--thread1] INFO  logging.LoggingHandler (AbstractInternalLogger.java:log(148)) - [id: 0x4282f51d, L:/0.0.0.0:46501] READ: [id: 0x13a595d3, L:/127.0.0.1:46501 - R:/127.0.0.1:36136]
2023-06-29 03:33:45,911 [s0-NettyServerStreamRpc-bossGroup--thread1] INFO  logging.LoggingHandler (AbstractInternalLogger.java:log(148)) - [id: 0x4282f51d, L:/0.0.0.0:46501] READ COMPLETE
2023-06-29 03:33:45,940 [pool-7-thread-12] INFO  datastream.DataStreamTestUtils (DataStreamTestUtils.java:writeAndCloseAndAssertReplies(320)) - Stream378: bytesWritten=720648
2023-06-29 03:33:45,941 [pool-7-thread-16] INFO  datastream.DataStreamTestUtils (DataStreamTestUtils.java:writeAndCloseAndAssertReplies(320)) - Stream382: bytesWritten=832695
2023-06-29 03:33:45,943 [s1-NettyServerStreamRpc-bossGroup--thread1] INFO  logging.LoggingHandler (AbstractInternalLogger.java:log(148)) - [id: 0xad6a152e, L:/0.0.0.0:44315] READ: [id: 0x788a722b, L:/127.0.0.1:44315 - R:/127.0.0.1:58170]
2023-06-29 03:33:45,943 [s1-NettyServerStreamRpc-bossGroup--thread1] INFO  logging.LoggingHandler (AbstractInternalLogger.java:log(148)) - [id: 0xad6a152e, L:/0.0.0.0:44315] READ COMPLETE
2023-06-29 03:33:45,943 [s2-NettyServerStreamRpc-workerGroup--thread1] INFO  client.DataStreamClient (ConfUtils.java:logGet(46)) - raft.datastream.type = NETTY (custom)
2023-06-29 03:33:45,943 [s2-NettyServerStreamRpc-workerGroup--thread1] INFO  netty.NettyConfigKeys$DataStream (ConfUtils.java:logGet(46)) - raft.netty.dataStream.client.tls.conf = null (default)
2023-06-29 03:33:45,943 [s2-NettyServerStreamRpc-workerGroup--thread1] INFO  netty.NettyConfigKeys$DataStream (ConfUtils.java:logGet(46)) - raft.netty.dataStream.client.reply.queue.grace-period = 1s (default)
2023-06-29 03:33:45,943 [s2-NettyServerStreamRpc-workerGroup--thread1] INFO  netty.NettyConfigKeys$DataStream (ConfUtils.java:logGet(46)) - raft.netty.dataStream.client.worker-group.share = false (default)
2023-06-29 03:33:45,943 [s2-NettyServerStreamRpc-workerGroup--thread1] INFO  netty.NettyConfigKeys$DataStream (ConfUtils.java:logGet(46)) - raft.netty.dataStream.client.worker-group.size = 4 (default)
2023-06-29 03:33:45,947 [pool-7-thread-11] INFO  datastream.DataStreamTestUtils (DataStreamTestUtils.java:writeAndCloseAndAssertReplies(320)) - Stream377: bytesWritten=751887
2023-06-29 03:33:45,972 [s0-NettyServerStreamRpc-bossGroup--thread1] INFO  logging.LoggingHandler (AbstractInternalLogger.java:log(148)) - [id: 0x4282f51d, L:/0.0.0.0:46501] READ: [id: 0x8932fd7b, L:/127.0.0.1:46501 - R:/127.0.0.1:36152]
2023-06-29 03:33:45,973 [s0-NettyServerStreamRpc-bossGroup--thread1] INFO  logging.LoggingHandler (AbstractInternalLogger.java:log(148)) - [id: 0x4282f51d, L:/0.0.0.0:46501] READ COMPLETE
2023-06-29 03:33:45,973 [s2-NettyServerStreamRpc-workerGroup--thread1] INFO  client.DataStreamClient (ConfUtils.java:logGet(46)) - raft.datastream.type = NETTY (custom)
2023-06-29 03:33:45,973 [s2-NettyServerStreamRpc-workerGroup--thread1] INFO  netty.NettyConfigKeys$DataStream (ConfUtils.java:logGet(46)) - raft.netty.dataStream.client.tls.conf = null (default)
2023-06-29 03:33:45,973 [s2-NettyServerStreamRpc-workerGroup--thread1] INFO  netty.NettyConfigKeys$DataStream (ConfUtils.java:logGet(46)) - raft.netty.dataStream.client.reply.queue.grace-period = 1s (default)
2023-06-29 03:33:45,974 [s2-NettyServerStreamRpc-workerGroup--thread1] INFO  netty.NettyConfigKeys$DataStream (ConfUtils.java:logGet(46)) - raft.netty.dataStream.client.worker-group.share = false (default)
2023-06-29 03:33:45,974 [s2-NettyServerStreamRpc-workerGroup--thread1] INFO  netty.NettyConfigKeys$DataStream (ConfUtils.java:logGet(46)) - raft.netty.dataStream.client.worker-group.size = 4 (default)
2023-06-29 03:33:45,976 [s2-NettyServerStreamRpc-bossGroup--thread1] INFO  logging.LoggingHandler (AbstractInternalLogger.java:log(148)) - [id: 0xcdbd374d, L:/0.0.0.0:35135] READ: [id: 0x29e698ec, L:/127.0.0.1:35135 - R:/127.0.0.1:52800]
2023-06-29 03:33:45,977 [s2-NettyServerStreamRpc-bossGroup--thread1] INFO  logging.LoggingHandler (AbstractInternalLogger.java:log(148)) - [id: 0xcdbd374d, L:/0.0.0.0:35135] READ COMPLETE
2023-06-29 03:33:45,979 [s1-NettyServerStreamRpc-workerGroup--thread1] INFO  client.DataStreamClient (ConfUtils.java:logGet(46)) - raft.datastream.type = NETTY (custom)
2023-06-29 03:33:45,979 [s1-NettyServerStreamRpc-workerGroup--thread1] INFO  netty.NettyConfigKeys$DataStream (ConfUtils.java:logGet(46)) - raft.netty.dataStream.client.tls.conf = null (default)
2023-06-29 03:33:45,979 [s1-NettyServerStreamRpc-workerGroup--thread1] INFO  netty.NettyConfigKeys$DataStream (ConfUtils.java:logGet(46)) - raft.netty.dataStream.client.reply.queue.grace-period = 1s (default)
2023-06-29 03:33:45,979 [s1-NettyServerStreamRpc-workerGroup--thread1] INFO  netty.NettyConfigKeys$DataStream (ConfUtils.java:logGet(46)) - raft.netty.dataStream.client.worker-group.share = false (default)
2023-06-29 03:33:45,979 [s1-NettyServerStreamRpc-workerGroup--thread1] INFO  netty.NettyConfigKeys$DataStream (ConfUtils.java:logGet(46)) - raft.netty.dataStream.client.worker-group.size = 4 (default)
2023-06-29 03:33:45,985 [pool-7-thread-15] INFO  datastream.DataStreamTestUtils (DataStreamTestUtils.java:writeAndCloseAndAssertReplies(320)) - Stream381: bytesWritten=745827
2023-06-29 03:33:45,996 [s1-NettyServerStreamRpc-bossGroup--thread1] INFO  logging.LoggingHandler (AbstractInternalLogger.java:log(148)) - [id: 0xad6a152e, L:/0.0.0.0:44315] READ: [id: 0x52032582, L:/127.0.0.1:44315 - R:/127.0.0.1:58186]
2023-06-29 03:33:45,996 [s1-NettyServerStreamRpc-bossGroup--thread1] INFO  logging.LoggingHandler (AbstractInternalLogger.java:log(148)) - [id: 0xad6a152e, L:/0.0.0.0:44315] READ COMPLETE
2023-06-29 03:33:45,996 [s2-NettyServerStreamRpc-workerGroup--thread1] INFO  client.DataStreamClient (ConfUtils.java:logGet(46)) - raft.datastream.type = NETTY (custom)
2023-06-29 03:33:45,996 [s2-NettyServerStreamRpc-workerGroup--thread1] INFO  netty.NettyConfigKeys$DataStream (ConfUtils.java:logGet(46)) - raft.netty.dataStream.client.tls.conf = null (default)
2023-06-29 03:33:45,996 [s2-NettyServerStreamRpc-workerGroup--thread1] INFO  netty.NettyConfigKeys$DataStream (ConfUtils.java:logGet(46)) - raft.netty.dataStream.client.reply.queue.grace-period = 1s (default)
2023-06-29 03:33:45,996 [s2-NettyServerStreamRpc-workerGroup--thread1] INFO  netty.NettyConfigKeys$DataStream (ConfUtils.java:logGet(46)) - raft.netty.dataStream.client.worker-group.share = false (default)
2023-06-29 03:33:45,996 [s2-NettyServerStreamRpc-workerGroup--thread1] INFO  netty.NettyConfigKeys$DataStream (ConfUtils.java:logGet(46)) - raft.netty.dataStream.client.worker-group.size = 4 (default)
2023-06-29 03:33:45,999 [s0-NettyServerStreamRpc-bossGroup--thread1] INFO  logging.LoggingHandler (AbstractInternalLogger.java:log(148)) - [id: 0x4282f51d, L:/0.0.0.0:46501] READ: [id: 0xd53d6c04, L:/127.0.0.1:46501 - R:/127.0.0.1:36160]
2023-06-29 03:33:45,999 [s0-NettyServerStreamRpc-bossGroup--thread1] INFO  logging.LoggingHandler (AbstractInternalLogger.java:log(148)) - [id: 0x4282f51d, L:/0.0.0.0:46501] READ COMPLETE
2023-06-29 03:33:46,000 [s1-NettyServerStreamRpc-workerGroup--thread1] INFO  client.DataStreamClient (ConfUtils.java:logGet(46)) - raft.datastream.type = NETTY (custom)
2023-06-29 03:33:46,000 [s1-NettyServerStreamRpc-workerGroup--thread1] INFO  netty.NettyConfigKeys$DataStream (ConfUtils.java:logGet(46)) - raft.netty.dataStream.client.tls.conf = null (default)
2023-06-29 03:33:46,000 [s1-NettyServerStreamRpc-workerGroup--thread1] INFO  netty.NettyConfigKeys$DataStream (ConfUtils.java:logGet(46)) - raft.netty.dataStream.client.reply.queue.grace-period = 1s (default)
2023-06-29 03:33:46,000 [s1-NettyServerStreamRpc-workerGroup--thread1] INFO  netty.NettyConfigKeys$DataStream (ConfUtils.java:logGet(46)) - raft.netty.dataStream.client.worker-group.share = false (default)
2023-06-29 03:33:46,000 [s1-NettyServerStreamRpc-workerGroup--thread1] INFO  netty.NettyConfigKeys$DataStream (ConfUtils.java:logGet(46)) - raft.netty.dataStream.client.worker-group.size = 4 (default)
2023-06-29 03:33:46,012 [s0-NettyServerStreamRpc-bossGroup--thread1] INFO  logging.LoggingHandler (AbstractInternalLogger.java:log(148)) - [id: 0x4282f51d, L:/0.0.0.0:46501] READ: [id: 0x9081e6f0, L:/127.0.0.1:46501 - R:/127.0.0.1:36176]
2023-06-29 03:33:46,012 [s0-NettyServerStreamRpc-bossGroup--thread1] INFO  logging.LoggingHandler (AbstractInternalLogger.java:log(148)) - [id: 0x4282f51d, L:/0.0.0.0:46501] READ COMPLETE
2023-06-29 03:33:46,012 [s2-NettyServerStreamRpc-workerGroup--thread1] INFO  client.DataStreamClient (ConfUtils.java:logGet(46)) - raft.datastream.type = NETTY (custom)
2023-06-29 03:33:46,012 [s2-NettyServerStreamRpc-workerGroup--thread1] INFO  netty.NettyConfigKeys$DataStream (ConfUtils.java:logGet(46)) - raft.netty.dataStream.client.tls.conf = null (default)
2023-06-29 03:33:46,012 [s2-NettyServerStreamRpc-workerGroup--thread1] INFO  netty.NettyConfigKeys$DataStream (ConfUtils.java:logGet(46)) - raft.netty.dataStream.client.reply.queue.grace-period = 1s (default)
2023-06-29 03:33:46,012 [s2-NettyServerStreamRpc-workerGroup--thread1] INFO  netty.NettyConfigKeys$DataStream (ConfUtils.java:logGet(46)) - raft.netty.dataStream.client.worker-group.share = false (default)
2023-06-29 03:33:46,012 [s2-NettyServerStreamRpc-workerGroup--thread1] INFO  netty.NettyConfigKeys$DataStream (ConfUtils.java:logGet(46)) - raft.netty.dataStream.client.worker-group.size = 4 (default)
2023-06-29 03:33:46,017 [s2-NettyServerStreamRpc-bossGroup--thread1] INFO  logging.LoggingHandler (AbstractInternalLogger.java:log(148)) - [id: 0xcdbd374d, L:/0.0.0.0:35135] READ: [id: 0x380b83cc, L:/127.0.0.1:35135 - R:/127.0.0.1:52812]
2023-06-29 03:33:46,017 [s2-NettyServerStreamRpc-bossGroup--thread1] INFO  logging.LoggingHandler (AbstractInternalLogger.java:log(148)) - [id: 0xcdbd374d, L:/0.0.0.0:35135] READ COMPLETE
2023-06-29 03:33:46,018 [s1-NettyServerStreamRpc-workerGroup--thread1] INFO  client.DataStreamClient (ConfUtils.java:logGet(46)) - raft.datastream.type = NETTY (custom)
2023-06-29 03:33:46,018 [s1-NettyServerStreamRpc-workerGroup--thread1] INFO  netty.NettyConfigKeys$DataStream (ConfUtils.java:logGet(46)) - raft.netty.dataStream.client.tls.conf = null (default)
2023-06-29 03:33:46,018 [s1-NettyServerStreamRpc-workerGroup--thread1] INFO  netty.NettyConfigKeys$DataStream (ConfUtils.java:logGet(46)) - raft.netty.dataStream.client.reply.queue.grace-period = 1s (default)
2023-06-29 03:33:46,018 [s1-NettyServerStreamRpc-workerGroup--thread1] INFO  netty.NettyConfigKeys$DataStream (ConfUtils.java:logGet(46)) - raft.netty.dataStream.client.worker-group.share = false (default)
2023-06-29 03:33:46,018 [s1-NettyServerStreamRpc-workerGroup--thread1] INFO  netty.NettyConfigKeys$DataStream (ConfUtils.java:logGet(46)) - raft.netty.dataStream.client.worker-group.size = 4 (default)
2023-06-29 03:33:46,024 [s1-NettyServerStreamRpc-bossGroup--thread1] INFO  logging.LoggingHandler (AbstractInternalLogger.java:log(148)) - [id: 0xad6a152e, L:/0.0.0.0:44315] READ: [id: 0x5d55c480, L:/127.0.0.1:44315 - R:/127.0.0.1:58196]
2023-06-29 03:33:46,024 [s1-NettyServerStreamRpc-bossGroup--thread1] INFO  logging.LoggingHandler (AbstractInternalLogger.java:log(148)) - [id: 0xad6a152e, L:/0.0.0.0:44315] READ COMPLETE
2023-06-29 03:33:46,025 [s2-NettyServerStreamRpc-workerGroup--thread1] INFO  client.DataStreamClient (ConfUtils.java:logGet(46)) - raft.datastream.type = NETTY (custom)
2023-06-29 03:33:46,025 [s2-NettyServerStreamRpc-workerGroup--thread1] INFO  netty.NettyConfigKeys$DataStream (ConfUtils.java:logGet(46)) - raft.netty.dataStream.client.tls.conf = null (default)
2023-06-29 03:33:46,025 [s2-NettyServerStreamRpc-workerGroup--thread1] INFO  netty.NettyConfigKeys$DataStream (ConfUtils.java:logGet(46)) - raft.netty.dataStream.client.reply.queue.grace-period = 1s (default)
2023-06-29 03:33:46,025 [s2-NettyServerStreamRpc-workerGroup--thread1] INFO  netty.NettyConfigKeys$DataStream (ConfUtils.java:logGet(46)) - raft.netty.dataStream.client.worker-group.share = false (default)
2023-06-29 03:33:46,025 [s2-NettyServerStreamRpc-workerGroup--thread1] INFO  netty.NettyConfigKeys$DataStream (ConfUtils.java:logGet(46)) - raft.netty.dataStream.client.worker-group.size = 4 (default)
2023-06-29 03:33:46,030 [s0-client-thread3] INFO  statemachine.StateMachine (DataStreamTestUtils.java:link(157)) - link SingleDataStream: writeRequest=RaftClientRequest:client-FABABD6CC58C->s0@group-C92E7B86EDFC, cid=378, seq=0, DataStream, Message:<EMPTY>, logEntry=null
2023-06-29 03:33:46,031 [s2-server-thread1] INFO  statemachine.StateMachine (DataStreamTestUtils.java:link(157)) - link SingleDataStream: writeRequest=RaftClientRequest:client-FABABD6CC58C->s0@group-C92E7B86EDFC, cid=378, seq=0, DataStream, Message:<EMPTY>, logEntry=null
2023-06-29 03:33:46,031 [s0-NettyServerStreamRpc-bossGroup--thread1] INFO  logging.LoggingHandler (AbstractInternalLogger.java:log(148)) - [id: 0x4282f51d, L:/0.0.0.0:46501] READ: [id: 0xd6b408ff, L:/127.0.0.1:46501 - R:/127.0.0.1:36182]
2023-06-29 03:33:46,031 [s0-NettyServerStreamRpc-bossGroup--thread1] INFO  logging.LoggingHandler (AbstractInternalLogger.java:log(148)) - [id: 0x4282f51d, L:/0.0.0.0:46501] READ COMPLETE
2023-06-29 03:33:46,031 [s1-server-thread3] INFO  statemachine.StateMachine (DataStreamTestUtils.java:link(157)) - link SingleDataStream: writeRequest=RaftClientRequest:client-FABABD6CC58C->s0@group-C92E7B86EDFC, cid=378, seq=0, DataStream, Message:<EMPTY>, logEntry=null
2023-06-29 03:33:46,031 [s1-NettyServerStreamRpc-workerGroup--thread1] INFO  client.DataStreamClient (ConfUtils.java:logGet(46)) - raft.datastream.type = NETTY (custom)
2023-06-29 03:33:46,032 [s1-NettyServerStreamRpc-workerGroup--thread1] INFO  netty.NettyConfigKeys$DataStream (ConfUtils.java:logGet(46)) - raft.netty.dataStream.client.tls.conf = null (default)
2023-06-29 03:33:46,032 [s1-NettyServerStreamRpc-workerGroup--thread1] INFO  netty.NettyConfigKeys$DataStream (ConfUtils.java:logGet(46)) - raft.netty.dataStream.client.reply.queue.grace-period = 1s (default)
2023-06-29 03:33:46,032 [s1-NettyServerStreamRpc-workerGroup--thread1] INFO  netty.NettyConfigKeys$DataStream (ConfUtils.java:logGet(46)) - raft.netty.dataStream.client.worker-group.share = false (default)
2023-06-29 03:33:46,032 [s1-NettyServerStreamRpc-workerGroup--thread1] INFO  netty.NettyConfigKeys$DataStream (ConfUtils.java:logGet(46)) - raft.netty.dataStream.client.worker-group.size = 4 (default)
2023-06-29 03:33:46,039 [s0-NettyServerStreamRpc-bossGroup--thread1] INFO  logging.LoggingHandler (AbstractInternalLogger.java:log(148)) - [id: 0x4282f51d, L:/0.0.0.0:46501] READ: [id: 0x33a031ce, L:/127.0.0.1:46501 - R:/127.0.0.1:36194]
2023-06-29 03:33:46,039 [s0-NettyServerStreamRpc-bossGroup--thread1] INFO  logging.LoggingHandler (AbstractInternalLogger.java:log(148)) - [id: 0x4282f51d, L:/0.0.0.0:46501] READ COMPLETE
2023-06-29 03:33:46,039 [s2-NettyServerStreamRpc-workerGroup--thread1] INFO  client.DataStreamClient (ConfUtils.java:logGet(46)) - raft.datastream.type = NETTY (custom)
2023-06-29 03:33:46,039 [s2-NettyServerStreamRpc-workerGroup--thread1] INFO  netty.NettyConfigKeys$DataStream (ConfUtils.java:logGet(46)) - raft.netty.dataStream.client.tls.conf = null (default)
2023-06-29 03:33:46,039 [s2-NettyServerStreamRpc-workerGroup--thread1] INFO  netty.NettyConfigKeys$DataStream (ConfUtils.java:logGet(46)) - raft.netty.dataStream.client.reply.queue.grace-period = 1s (default)
2023-06-29 03:33:46,039 [s2-NettyServerStreamRpc-workerGroup--thread1] INFO  netty.NettyConfigKeys$DataStream (ConfUtils.java:logGet(46)) - raft.netty.dataStream.client.worker-group.share = false (default)
2023-06-29 03:33:46,039 [s2-NettyServerStreamRpc-workerGroup--thread1] INFO  netty.NettyConfigKeys$DataStream (ConfUtils.java:logGet(46)) - raft.netty.dataStream.client.worker-group.size = 4 (default)
2023-06-29 03:33:46,046 [s2-NettyServerStreamRpc-bossGroup--thread1] INFO  logging.LoggingHandler (AbstractInternalLogger.java:log(148)) - [id: 0xcdbd374d, L:/0.0.0.0:35135] READ: [id: 0xd2d117f6, L:/127.0.0.1:35135 - R:/127.0.0.1:52820]
2023-06-29 03:33:46,046 [s2-NettyServerStreamRpc-bossGroup--thread1] INFO  logging.LoggingHandler (AbstractInternalLogger.java:log(148)) - [id: 0xcdbd374d, L:/0.0.0.0:35135] READ COMPLETE
2023-06-29 03:33:46,046 [s1-NettyServerStreamRpc-workerGroup--thread1] INFO  client.DataStreamClient (ConfUtils.java:logGet(46)) - raft.datastream.type = NETTY (custom)
2023-06-29 03:33:46,046 [s1-NettyServerStreamRpc-workerGroup--thread1] INFO  netty.NettyConfigKeys$DataStream (ConfUtils.java:logGet(46)) - raft.netty.dataStream.client.tls.conf = null (default)
2023-06-29 03:33:46,046 [s1-NettyServerStreamRpc-workerGroup--thread1] INFO  netty.NettyConfigKeys$DataStream (ConfUtils.java:logGet(46)) - raft.netty.dataStream.client.reply.queue.grace-period = 1s (default)
2023-06-29 03:33:46,047 [s1-NettyServerStreamRpc-workerGroup--thread1] INFO  netty.NettyConfigKeys$DataStream (ConfUtils.java:logGet(46)) - raft.netty.dataStream.client.worker-group.share = false (default)
2023-06-29 03:33:46,047 [s1-NettyServerStreamRpc-workerGroup--thread1] INFO  netty.NettyConfigKeys$DataStream (ConfUtils.java:logGet(46)) - raft.netty.dataStream.client.worker-group.size = 4 (default)
2023-06-29 03:33:46,047 [pool-7-thread-12] INFO  datastream.DataStreamTestUtils (DataStreamTestUtils.java:writeAndCloseAndAssertReplies(311)) - start Stream383
2023-06-29 03:33:46,056 [s0-client-thread3] INFO  statemachine.StateMachine (DataStreamTestUtils.java:link(157)) - link SingleDataStream: writeRequest=RaftClientRequest:client-E9B8430491AA->s0@group-C92E7B86EDFC, cid=382, seq=0, DataStream, Message:<EMPTY>, logEntry=null
2023-06-29 03:33:46,057 [s2-server-thread1] INFO  statemachine.StateMachine (DataStreamTestUtils.java:link(157)) - link SingleDataStream: writeRequest=RaftClientRequest:client-E9B8430491AA->s0@group-C92E7B86EDFC, cid=382, seq=0, DataStream, Message:<EMPTY>, logEntry=null
2023-06-29 03:33:46,062 [s0-client-thread3] INFO  statemachine.StateMachine (DataStreamTestUtils.java:link(157)) - link SingleDataStream: writeRequest=RaftClientRequest:client-E9B8430491AA->s0@group-C92E7B86EDFC, cid=377, seq=0, DataStream, Message:<EMPTY>, logEntry=null
2023-06-29 03:33:46,063 [pool-7-thread-16] INFO  datastream.DataStreamTestUtils (DataStreamTestUtils.java:writeAndCloseAndAssertReplies(311)) - start Stream384
2023-06-29 03:33:46,066 [s1-server-thread3] INFO  statemachine.StateMachine (DataStreamTestUtils.java:link(157)) - link SingleDataStream: writeRequest=RaftClientRequest:client-E9B8430491AA->s0@group-C92E7B86EDFC, cid=382, seq=0, DataStream, Message:<EMPTY>, logEntry=null
2023-06-29 03:33:46,068 [s2-server-thread1] INFO  statemachine.StateMachine (DataStreamTestUtils.java:link(157)) - link SingleDataStream: writeRequest=RaftClientRequest:client-E9B8430491AA->s0@group-C92E7B86EDFC, cid=377, seq=0, DataStream, Message:<EMPTY>, logEntry=null
2023-06-29 03:33:46,073 [s1-NettyServerStreamRpc-bossGroup--thread1] INFO  logging.LoggingHandler (AbstractInternalLogger.java:log(148)) - [id: 0xad6a152e, L:/0.0.0.0:44315] READ: [id: 0xd1637e0e, L:/127.0.0.1:44315 - R:/127.0.0.1:58212]
2023-06-29 03:33:46,073 [s1-NettyServerStreamRpc-bossGroup--thread1] INFO  logging.LoggingHandler (AbstractInternalLogger.java:log(148)) - [id: 0xad6a152e, L:/0.0.0.0:44315] READ COMPLETE
2023-06-29 03:33:46,077 [s1-server-thread3] INFO  statemachine.StateMachine (DataStreamTestUtils.java:link(157)) - link SingleDataStream: writeRequest=RaftClientRequest:client-E9B8430491AA->s0@group-C92E7B86EDFC, cid=377, seq=0, DataStream, Message:<EMPTY>, logEntry=null
2023-06-29 03:33:46,350 [s1@group-C92E7B86EDFC-FollowerState] INFO  impl.FollowerState (FollowerState.java:run(143)) - s1@group-C92E7B86EDFC-FollowerState: change to CANDIDATE, lastRpcElapsedTime:195174906ns, electionTimeout:190ms
2023-06-29 03:33:46,350 [s1@group-C92E7B86EDFC-FollowerState] INFO  impl.RoleInfo (RoleInfo.java:shutdownFollowerState(110)) - s1: shutdown s1@group-C92E7B86EDFC-FollowerState
2023-06-29 03:33:46,350 [s1@group-C92E7B86EDFC-FollowerState] INFO  server.RaftServer$Division (RaftServerImpl.java:setRole(371)) - s1@group-C92E7B86EDFC: changes role from  FOLLOWER to CANDIDATE at term 1 for changeToCandidate
2023-06-29 03:33:46,350 [s1@group-C92E7B86EDFC-FollowerState] INFO  server.RaftServerConfigKeys (ConfUtils.java:logGet(46)) - raft.server.leaderelection.pre-vote = true (default)
2023-06-29 03:33:46,350 [s1@group-C92E7B86EDFC-FollowerState] INFO  impl.RoleInfo (RoleInfo.java:updateAndGet(139)) - s1: start s1@group-C92E7B86EDFC-LeaderElection4
2023-06-29 03:33:46,354 [s0-client-thread3] INFO  statemachine.StateMachine (DataStreamTestUtils.java:link(157)) - link SingleDataStream: writeRequest=RaftClientRequest:client-C6D65EB13F04->s0@group-C92E7B86EDFC, cid=381, seq=0, DataStream, Message:<EMPTY>, logEntry=null
2023-06-29 03:33:46,379 [pool-7-thread-14] INFO  datastream.DataStreamTestUtils (DataStreamTestUtils.java:writeAndCloseAndAssertReplies(320)) - Stream380: bytesWritten=798120
2023-06-29 03:33:48,111 [s0-NettyServerStreamRpc-bossGroup--thread1] INFO  logging.LoggingHandler (AbstractInternalLogger.java:log(148)) - [id: 0x4282f51d, L:/0.0.0.0:46501] READ: [id: 0x3930b38b, L:/127.0.0.1:46501 - R:/127.0.0.1:36202]
2023-06-29 03:33:48,111 [s0-NettyServerStreamRpc-bossGroup--thread1] INFO  logging.LoggingHandler (AbstractInternalLogger.java:log(148)) - [id: 0x4282f51d, L:/0.0.0.0:46501] READ COMPLETE
2023-06-29 03:33:48,118 [s0@group-C92E7B86EDFC-LeaderStateImpl] WARN  server.RaftServer$Division (LeaderStateImpl.java:checkLeadership(1074)) - s0@group-C92E7B86EDFC-LeaderStateImpl: Lost leadership on term: 1. Election timeout: 300ms. In charge for: 2830ms. Conf: 0: peers:[s0|rpc:localhost:46689|admin:localhost:46779|client:localhost:37871|dataStream:localhost:46501|priority:0|startupRole:FOLLOWER, s1|rpc:localhost:37585|admin:localhost:35007|client:localhost:43533|dataStream:localhost:44315|priority:0|startupRole:FOLLOWER, s2|rpc:localhost:34717|admin:localhost:33013|client:localhost:41383|dataStream:localhost:35135|priority:0|startupRole:FOLLOWER]|listeners:[], old=null
2023-06-29 03:33:48,119 [s0@group-C92E7B86EDFC-LeaderStateImpl] WARN  server.RaftServer$Division (LeaderStateImpl.java:lambda$checkLeadership$19(1078)) - Follower s0@group-C92E7B86EDFC->s1(c3,m5,n6, caughtUp=true, lastRpcSendTime=1964, lastRpcResponseTime=1963)
2023-06-29 03:33:48,119 [s0@group-C92E7B86EDFC-LeaderStateImpl] WARN  server.RaftServer$Division (LeaderStateImpl.java:lambda$checkLeadership$19(1078)) - Follower s0@group-C92E7B86EDFC->s2(c3,m5,n6, caughtUp=true, lastRpcSendTime=1974, lastRpcResponseTime=1973)
2023-06-29 03:33:48,119 [s0@group-C92E7B86EDFC-LeaderStateImpl] INFO  server.RaftServer$Division (RaftServerImpl.java:setRole(371)) - s0@group-C92E7B86EDFC: changes role from    LEADER to FOLLOWER at term 1 for StepDownReason:LOST_MAJORITY_HEARTBEATS
2023-06-29 03:33:48,119 [s0@group-C92E7B86EDFC-LeaderStateImpl] INFO  impl.RoleInfo (RoleInfo.java:shutdownLeaderState(93)) - s0: shutdown s0@group-C92E7B86EDFC-LeaderStateImpl
2023-06-29 03:33:48,120 [s1-NettyServerStreamRpc-workerGroup--thread1] INFO  client.DataStreamClient (ConfUtils.java:logGet(46)) - raft.datastream.type = NETTY (custom)
2023-06-29 03:33:48,120 [s1-NettyServerStreamRpc-workerGroup--thread1] INFO  netty.NettyConfigKeys$DataStream (ConfUtils.java:logGet(46)) - raft.netty.dataStream.client.tls.conf = null (default)
2023-06-29 03:33:48,120 [s1-NettyServerStreamRpc-workerGroup--thread1] INFO  netty.NettyConfigKeys$DataStream (ConfUtils.java:logGet(46)) - raft.netty.dataStream.client.reply.queue.grace-period = 1s (default)
2023-06-29 03:33:48,120 [s1-NettyServerStreamRpc-workerGroup--thread1] INFO  netty.NettyConfigKeys$DataStream (ConfUtils.java:logGet(46)) - raft.netty.dataStream.client.worker-group.share = false (default)
2023-06-29 03:33:48,120 [s1-NettyServerStreamRpc-workerGroup--thread1] INFO  netty.NettyConfigKeys$DataStream (ConfUtils.java:logGet(46)) - raft.netty.dataStream.client.worker-group.size = 4 (default)
2023-06-29 03:33:48,122 [s0@group-C92E7B86EDFC-LeaderStateImpl] INFO  impl.PendingRequests (PendingRequests.java:sendNotLeaderResponses(289)) - s0@group-C92E7B86EDFC-PendingRequests: sendNotLeaderResponses
2023-06-29 03:33:48,124 [s2@group-C92E7B86EDFC-FollowerState] INFO  impl.FollowerState (FollowerState.java:run(143)) - s2@group-C92E7B86EDFC-FollowerState: change to CANDIDATE, lastRpcElapsedTime:1978216771ns, electionTimeout:152ms
2023-06-29 03:33:48,124 [s2@group-C92E7B86EDFC-FollowerState] INFO  impl.RoleInfo (RoleInfo.java:shutdownFollowerState(110)) - s2: shutdown s2@group-C92E7B86EDFC-FollowerState
2023-06-29 03:33:48,124 [s2@group-C92E7B86EDFC-FollowerState] INFO  server.RaftServer$Division (RaftServerImpl.java:setRole(371)) - s2@group-C92E7B86EDFC: changes role from  FOLLOWER to CANDIDATE at term 1 for changeToCandidate
2023-06-29 03:33:48,124 [s2@group-C92E7B86EDFC-FollowerState] INFO  server.RaftServerConfigKeys (ConfUtils.java:logGet(46)) - raft.server.leaderelection.pre-vote = true (default)
2023-06-29 03:33:48,124 [s2@group-C92E7B86EDFC-FollowerState] INFO  impl.RoleInfo (RoleInfo.java:updateAndGet(139)) - s2: start s2@group-C92E7B86EDFC-LeaderElection5
2023-06-29 03:33:48,142 [s2-NettyServerStreamRpc-bossGroup--thread1] INFO  logging.LoggingHandler (AbstractInternalLogger.java:log(148)) - [id: 0xcdbd374d, L:/0.0.0.0:35135] READ: [id: 0xd1682e60, L:/127.0.0.1:35135 - R:/127.0.0.1:52830]
2023-06-29 03:33:48,160 [s2-NettyServerStreamRpc-bossGroup--thread1] INFO  logging.LoggingHandler (AbstractInternalLogger.java:log(148)) - [id: 0xcdbd374d, L:/0.0.0.0:35135] READ COMPLETE
2023-06-29 03:33:48,160 [s0@group-C92E7B86EDFC->s1-GrpcLogAppender-LogAppenderDaemon] WARN  server.GrpcLogAppender (GrpcLogAppender.java:mayWait(206)) - s0@group-C92E7B86EDFC->s1-GrpcLogAppender: Wait interrupted by java.lang.InterruptedException
2023-06-29 03:33:48,158 [s1@group-C92E7B86EDFC-LeaderElection4] INFO  server.RaftServer$Division (ServerState.java:setLeader(260)) - s1@group-C92E7B86EDFC: change Leader from s0 to null at term 1 for PRE_VOTE
2023-06-29 03:33:48,162 [s1@group-C92E7B86EDFC-LeaderElection4] INFO  impl.LeaderElection (LeaderElection.java:askForVotes(320)) - s1@group-C92E7B86EDFC-LeaderElection4 PRE_VOTE round 0: submit vote requests at term 1 for 0: peers:[s0|rpc:localhost:46689|admin:localhost:46779|client:localhost:37871|dataStream:localhost:46501|priority:0|startupRole:FOLLOWER, s1|rpc:localhost:37585|admin:localhost:35007|client:localhost:43533|dataStream:localhost:44315|priority:0|startupRole:FOLLOWER, s2|rpc:localhost:34717|admin:localhost:33013|client:localhost:41383|dataStream:localhost:35135|priority:0|startupRole:FOLLOWER]|listeners:[], old=null
2023-06-29 03:33:48,167 [grpc-default-executor-1] INFO  server.GrpcServerProtocolService (GrpcServerProtocolService.java:onCompleted(155)) - s2: Completed APPEND_ENTRIES, lastRequest: s0->s2#17-t1,previous=(t:1, i:3),leaderCommit=3,initializing? true,entries: size=2, first=(t:1, i:4), STATEMACHINELOGENTRY, 377@client-E9B8430491AA
2023-06-29 03:33:48,167 [grpc-default-executor-1] INFO  server.GrpcServerProtocolService (GrpcServerProtocolService.java:lambda$onCompleted$5(157)) - s2: Completed APPEND_ENTRIES, lastReply: null
2023-06-29 03:33:48,156 [s0@group-C92E7B86EDFC-LeaderStateImpl] INFO  server.RaftServer$Division (ServerState.java:setLeader(260)) - s0@group-C92E7B86EDFC: change Leader from s0 to null at term 1 for StepDownReason:LOST_MAJORITY_HEARTBEATS
2023-06-29 03:33:48,167 [s0@group-C92E7B86EDFC-LeaderStateImpl] INFO  impl.RoleInfo (RoleInfo.java:updateAndGet(139)) - s0: start s0@group-C92E7B86EDFC-FollowerState
2023-06-29 03:33:48,148 [JvmPauseMonitor6] WARN  util.JvmPauseMonitor (JvmPauseMonitor.java:detectPause(124)) - JvmPauseMonitor-s2: Detected pause in JVM or host machine approximately 1.543s with 1.878s GC time.
GC pool 'G1 Young Generation' had collection(s): count=2 time=239ms
GC pool 'G1 Old Generation' had collection(s): count=1 time=1639ms
2023-06-29 03:33:48,148 [JvmPauseMonitor5] WARN  util.JvmPauseMonitor (JvmPauseMonitor.java:detectPause(124)) - JvmPauseMonitor-s1: Detected pause in JVM or host machine approximately 1.566s with 1.878s GC time.
GC pool 'G1 Young Generation' had collection(s): count=2 time=239ms
GC pool 'G1 Old Generation' had collection(s): count=1 time=1639ms
2023-06-29 03:33:48,168 [grpc-default-executor-0] INFO  server.GrpcLogAppender (GrpcLogAppender.java:onCompleted(441)) - s0@group-C92E7B86EDFC->s2-AppendLogResponseHandler: follower responses appendEntries COMPLETED
2023-06-29 03:33:48,168 [grpc-default-executor-0] INFO  leader.FollowerInfo (FollowerInfoImpl.java:lambda$new$0(52)) - s0@group-C92E7B86EDFC->s2: decreaseNextIndex nextIndex: updateUnconditionally 6 -> 5
2023-06-29 03:33:48,148 [JvmPauseMonitor4] WARN  util.JvmPauseMonitor (JvmPauseMonitor.java:detectPause(124)) - JvmPauseMonitor-s0: Detected pause in JVM or host machine approximately 1.586s with 1.878s GC time.
GC pool 'G1 Young Generation' had collection(s): count=2 time=239ms
GC pool 'G1 Old Generation' had collection(s): count=1 time=1639ms
2023-06-29 03:33:48,177 [grpc-default-executor-1] INFO  server.GrpcServerProtocolService (GrpcServerProtocolService.java:onCompleted(155)) - s2: Completed APPEND_ENTRIES, lastRequest: null
2023-06-29 03:33:48,177 [grpc-default-executor-1] INFO  server.GrpcServerProtocolService (GrpcServerProtocolService.java:lambda$onCompleted$5(157)) - s2: Completed APPEND_ENTRIES, lastReply: serverReply {
  requestorId: "s0"
  replyId: "s2"
  raftGroupId {
    id: "\273\n\024b\300sG\350\273\337\311.{\206\355\374"
  }
  callId: 18
  success: true
}
term: 1
nextIndex: 6
followerCommit: 3
matchIndex: 18446744073709551615
isHearbeat: true

2023-06-29 03:33:48,178 [grpc-default-executor-3] INFO  server.GrpcServerProtocolService (GrpcServerProtocolService.java:onCompleted(155)) - s1: Completed APPEND_ENTRIES, lastRequest: s0->s1#16-t1,previous=(t:1, i:3),leaderCommit=3,initializing? true,entries: size=2, first=(t:1, i:4), STATEMACHINELOGENTRY, 377@client-E9B8430491AA
2023-06-29 03:33:48,178 [grpc-default-executor-3] INFO  server.GrpcServerProtocolService (GrpcServerProtocolService.java:lambda$onCompleted$5(157)) - s1: Completed APPEND_ENTRIES, lastReply: null
2023-06-29 03:33:48,178 [grpc-default-executor-3] INFO  server.GrpcServerProtocolService (GrpcServerProtocolService.java:onCompleted(155)) - s1: Completed APPEND_ENTRIES, lastRequest: null
2023-06-29 03:33:48,178 [grpc-default-executor-3] INFO  server.GrpcServerProtocolService (GrpcServerProtocolService.java:lambda$onCompleted$5(157)) - s1: Completed APPEND_ENTRIES, lastReply: serverReply {
  requestorId: "s0"
  replyId: "s1"
  raftGroupId {
    id: "\273\n\024b\300sG\350\273\337\311.{\206\355\374"
  }
  callId: 17
  success: true
}
term: 1
nextIndex: 6
followerCommit: 3
matchIndex: 18446744073709551615
isHearbeat: true

2023-06-29 03:33:48,184 [grpc-default-executor-0] INFO  server.GrpcLogAppender (GrpcLogAppender.java:onCompleted(441)) - s0@group-C92E7B86EDFC->s1-AppendLogResponseHandler: follower responses appendEntries COMPLETED
2023-06-29 03:33:48,184 [grpc-default-executor-0] INFO  leader.FollowerInfo (FollowerInfoImpl.java:lambda$new$0(52)) - s0@group-C92E7B86EDFC->s1: decreaseNextIndex nextIndex: updateUnconditionally 6 -> 5
2023-06-29 03:33:48,184 [grpc-default-executor-3] INFO  server.GrpcLogAppender (GrpcLogAppender.java:onCompleted(441)) - s0@group-C92E7B86EDFC->s2-AppendLogResponseHandler: follower responses appendEntries COMPLETED
2023-06-29 03:33:48,185 [grpc-default-executor-4] INFO  server.GrpcLogAppender (GrpcLogAppender.java:onCompleted(441)) - s0@group-C92E7B86EDFC->s1-AppendLogResponseHandler: follower responses appendEntries COMPLETED
2023-06-29 03:33:48,206 [pool-7-thread-10] INFO  datastream.DataStreamTestUtils (DataStreamTestUtils.java:writeAndCloseAndAssertReplies(320)) - Stream376: bytesWritten=751964
2023-06-29 03:33:48,242 [s2@group-C92E7B86EDFC-LeaderElection5] INFO  server.RaftServer$Division (ServerState.java:setLeader(260)) - s2@group-C92E7B86EDFC: change Leader from s0 to null at term 1 for PRE_VOTE
2023-06-29 03:33:48,184 [grpc-default-executor-3] INFO  leader.FollowerInfo (FollowerInfoImpl.java:lambda$new$0(52)) - s0@group-C92E7B86EDFC->s2: decreaseNextIndex nextIndex: updateUnconditionally 5 -> 4
2023-06-29 03:33:48,185 [grpc-default-executor-4] INFO  leader.FollowerInfo (FollowerInfoImpl.java:lambda$new$0(52)) - s0@group-C92E7B86EDFC->s1: decreaseNextIndex nextIndex: updateUnconditionally 5 -> 4
2023-06-29 03:33:48,242 [s2@group-C92E7B86EDFC-LeaderElection5] INFO  impl.LeaderElection (LeaderElection.java:askForVotes(320)) - s2@group-C92E7B86EDFC-LeaderElection5 PRE_VOTE round 0: submit vote requests at term 1 for 0: peers:[s0|rpc:localhost:46689|admin:localhost:46779|client:localhost:37871|dataStream:localhost:46501|priority:0|startupRole:FOLLOWER, s1|rpc:localhost:37585|admin:localhost:35007|client:localhost:43533|dataStream:localhost:44315|priority:0|startupRole:FOLLOWER, s2|rpc:localhost:34717|admin:localhost:33013|client:localhost:41383|dataStream:localhost:35135|priority:0|startupRole:FOLLOWER]|listeners:[], old=null
2023-06-29 03:33:48,251 [s1@group-C92E7B86EDFC-LeaderElection4-1] INFO  server.GrpcServerProtocolClient (GrpcServerProtocolClient.java:<init>(65)) - Build channel for s0
2023-06-29 03:33:48,270 [s1@group-C92E7B86EDFC-LeaderElection4-2] INFO  server.GrpcServerProtocolClient (GrpcServerProtocolClient.java:<init>(65)) - Build channel for s2
2023-06-29 03:33:48,310 [s2@group-C92E7B86EDFC-LeaderElection5-1] INFO  server.GrpcServerProtocolClient (GrpcServerProtocolClient.java:<init>(65)) - Build channel for s0
2023-06-29 03:33:48,366 [s2@group-C92E7B86EDFC-LeaderElection5-2] INFO  server.GrpcServerProtocolClient (GrpcServerProtocolClient.java:<init>(65)) - Build channel for s1
2023-06-29 03:33:48,410 [grpc-default-executor-1] INFO  server.RaftServer$Division (RaftServerImpl.java:requestVote(1337)) - s0@group-C92E7B86EDFC: receive requestVote(PRE_VOTE, s1, group-C92E7B86EDFC, 1, (t:1, i:5))
2023-06-29 03:33:48,410 [grpc-default-executor-1] INFO  impl.VoteContext (VoteContext.java:log(49)) - s0@group-C92E7B86EDFC-FOLLOWER: reject PRE_VOTE from s1: our last entry (t:1, i:6) > candidate's last entry (t:1, i:5)
2023-06-29 03:33:48,410 [grpc-default-executor-1] INFO  server.RaftServer$Division (RaftServerImpl.java:requestVote(1370)) - s0@group-C92E7B86EDFC replies to PRE_VOTE vote request: s1<-s0#0:FAIL-t1. Peer's state: s0@group-C92E7B86EDFC:t1, leader=null, voted=s0, raftlog=Memoized:s0@group-C92E7B86EDFC-SegmentedRaftLog:OPENED:c5, conf=0: peers:[s0|rpc:localhost:46689|admin:localhost:46779|client:localhost:37871|dataStream:localhost:46501|priority:0|startupRole:FOLLOWER, s1|rpc:localhost:37585|admin:localhost:35007|client:localhost:43533|dataStream:localhost:44315|priority:0|startupRole:FOLLOWER, s2|rpc:localhost:34717|admin:localhost:33013|client:localhost:41383|dataStream:localhost:35135|priority:0|startupRole:FOLLOWER]|listeners:[], old=null
2023-06-29 03:33:48,522 [grpc-default-executor-7] INFO  server.RaftServer$Division (RaftServerImpl.java:requestVote(1337)) - s1@group-C92E7B86EDFC: receive requestVote(PRE_VOTE, s2, group-C92E7B86EDFC, 1, (t:1, i:5))
2023-06-29 03:33:48,522 [grpc-default-executor-7] INFO  impl.VoteContext (VoteContext.java:log(49)) - s1@group-C92E7B86EDFC-CANDIDATE: accept PRE_VOTE from s2: our priority 0 <= candidate's priority 0
2023-06-29 03:33:48,522 [grpc-default-executor-7] INFO  server.RaftServer$Division (RaftServerImpl.java:requestVote(1370)) - s1@group-C92E7B86EDFC replies to PRE_VOTE vote request: s2<-s1#0:OK-t1. Peer's state: s1@group-C92E7B86EDFC:t1, leader=null, voted=s0, raftlog=Memoized:s1@group-C92E7B86EDFC-SegmentedRaftLog:OPENED:c3, conf=0: peers:[s0|rpc:localhost:46689|admin:localhost:46779|client:localhost:37871|dataStream:localhost:46501|priority:0|startupRole:FOLLOWER, s1|rpc:localhost:37585|admin:localhost:35007|client:localhost:43533|dataStream:localhost:44315|priority:0|startupRole:FOLLOWER, s2|rpc:localhost:34717|admin:localhost:33013|client:localhost:41383|dataStream:localhost:35135|priority:0|startupRole:FOLLOWER]|listeners:[], old=null
2023-06-29 03:33:48,523 [grpc-default-executor-6] INFO  server.RaftServer$Division (RaftServerImpl.java:requestVote(1337)) - s2@group-C92E7B86EDFC: receive requestVote(PRE_VOTE, s1, group-C92E7B86EDFC, 1, (t:1, i:5))
2023-06-29 03:33:48,523 [grpc-default-executor-6] INFO  impl.VoteContext (VoteContext.java:log(49)) - s2@group-C92E7B86EDFC-CANDIDATE: accept PRE_VOTE from s1: our priority 0 <= candidate's priority 0
2023-06-29 03:33:48,523 [grpc-default-executor-6] INFO  server.RaftServer$Division (RaftServerImpl.java:requestVote(1370)) - s2@group-C92E7B86EDFC replies to PRE_VOTE vote request: s1<-s2#0:OK-t1. Peer's state: s2@group-C92E7B86EDFC:t1, leader=null, voted=s0, raftlog=Memoized:s2@group-C92E7B86EDFC-SegmentedRaftLog:OPENED:c3, conf=0: peers:[s0|rpc:localhost:46689|admin:localhost:46779|client:localhost:37871|dataStream:localhost:46501|priority:0|startupRole:FOLLOWER, s1|rpc:localhost:37585|admin:localhost:35007|client:localhost:43533|dataStream:localhost:44315|priority:0|startupRole:FOLLOWER, s2|rpc:localhost:34717|admin:localhost:33013|client:localhost:41383|dataStream:localhost:35135|priority:0|startupRole:FOLLOWER]|listeners:[], old=null
2023-06-29 03:33:48,523 [s2@group-C92E7B86EDFC-LeaderElection5] INFO  impl.LeaderElection (LeaderElection.java:logAndReturn(89)) - s2@group-C92E7B86EDFC-LeaderElection5: PRE_VOTE TIMEOUT received 0 response(s) and 0 exception(s):
2023-06-29 03:33:48,523 [s2@group-C92E7B86EDFC-LeaderElection5] INFO  impl.LeaderElection (LeaderElection.java:askForVotes(322)) - s2@group-C92E7B86EDFC-LeaderElection5 PRE_VOTE round 0: result TIMEOUT
2023-06-29 03:33:48,523 [s2@group-C92E7B86EDFC-LeaderElection5] INFO  impl.LeaderElection (LeaderElection.java:askForVotes(320)) - s2@group-C92E7B86EDFC-LeaderElection5 PRE_VOTE round 1: submit vote requests at term 1 for 0: peers:[s0|rpc:localhost:46689|admin:localhost:46779|client:localhost:37871|dataStream:localhost:46501|priority:0|startupRole:FOLLOWER, s1|rpc:localhost:37585|admin:localhost:35007|client:localhost:43533|dataStream:localhost:44315|priority:0|startupRole:FOLLOWER, s2|rpc:localhost:34717|admin:localhost:33013|client:localhost:41383|dataStream:localhost:35135|priority:0|startupRole:FOLLOWER]|listeners:[], old=null
2023-06-29 03:33:48,524 [grpc-default-executor-1] INFO  server.RaftServer$Division (RaftServerImpl.java:requestVote(1337)) - s0@group-C92E7B86EDFC: receive requestVote(PRE_VOTE, s2, group-C92E7B86EDFC, 1, (t:1, i:5))
2023-06-29 03:33:48,524 [grpc-default-executor-1] INFO  impl.VoteContext (VoteContext.java:log(49)) - s0@group-C92E7B86EDFC-FOLLOWER: reject PRE_VOTE from s2: our last entry (t:1, i:6) > candidate's last entry (t:1, i:5)
2023-06-29 03:33:48,524 [grpc-default-executor-1] INFO  server.RaftServer$Division (RaftServerImpl.java:requestVote(1370)) - s0@group-C92E7B86EDFC replies to PRE_VOTE vote request: s2<-s0#0:FAIL-t1. Peer's state: s0@group-C92E7B86EDFC:t1, leader=null, voted=s0, raftlog=Memoized:s0@group-C92E7B86EDFC-SegmentedRaftLog:OPENED:c5, conf=0: peers:[s0|rpc:localhost:46689|admin:localhost:46779|client:localhost:37871|dataStream:localhost:46501|priority:0|startupRole:FOLLOWER, s1|rpc:localhost:37585|admin:localhost:35007|client:localhost:43533|dataStream:localhost:44315|priority:0|startupRole:FOLLOWER, s2|rpc:localhost:34717|admin:localhost:33013|client:localhost:41383|dataStream:localhost:35135|priority:0|startupRole:FOLLOWER]|listeners:[], old=null
2023-06-29 03:33:48,525 [s1@group-C92E7B86EDFC-LeaderElection4] INFO  impl.LeaderElection (LeaderElection.java:logAndReturn(89)) - s1@group-C92E7B86EDFC-LeaderElection4: PRE_VOTE PASSED received 2 response(s) and 0 exception(s):
2023-06-29 03:33:48,525 [s1@group-C92E7B86EDFC-LeaderElection4] INFO  impl.LeaderElection (LeaderElection.java:logAndReturn(93)) -   Response 0: s1<-s0#0:FAIL-t1
2023-06-29 03:33:48,525 [s1@group-C92E7B86EDFC-LeaderElection4] INFO  impl.LeaderElection (LeaderElection.java:logAndReturn(93)) -   Response 1: s1<-s2#0:OK-t1
2023-06-29 03:33:48,525 [s1@group-C92E7B86EDFC-LeaderElection4] INFO  impl.LeaderElection (LeaderElection.java:askForVotes(322)) - s1@group-C92E7B86EDFC-LeaderElection4 PRE_VOTE round 0: result PASSED
2023-06-29 03:33:48,528 [s1@group-C92E7B86EDFC-LeaderElection4] INFO  impl.LeaderElection (LeaderElection.java:askForVotes(320)) - s1@group-C92E7B86EDFC-LeaderElection4 ELECTION round 0: submit vote requests at term 2 for 0: peers:[s0|rpc:localhost:46689|admin:localhost:46779|client:localhost:37871|dataStream:localhost:46501|priority:0|startupRole:FOLLOWER, s1|rpc:localhost:37585|admin:localhost:35007|client:localhost:43533|dataStream:localhost:44315|priority:0|startupRole:FOLLOWER, s2|rpc:localhost:34717|admin:localhost:33013|client:localhost:41383|dataStream:localhost:35135|priority:0|startupRole:FOLLOWER]|listeners:[], old=null
2023-06-29 03:33:48,646 [s0@group-C92E7B86EDFC-FollowerState] INFO  impl.FollowerState (FollowerState.java:lostMajorityHeartbeatsRecently(108)) - s0@group-C92E7B86EDFC-FollowerState: Skipping leader election since it stepped down recently (elapsed = 478ms < waitTime = 10s)
2023-06-29 03:33:48,745 [grpc-default-executor-7] INFO  server.RaftServer$Division (RaftServerImpl.java:requestVote(1337)) - s0@group-C92E7B86EDFC: receive requestVote(PRE_VOTE, s2, group-C92E7B86EDFC, 1, (t:1, i:5))
2023-06-29 03:33:48,745 [grpc-default-executor-7] INFO  impl.VoteContext (VoteContext.java:log(49)) - s0@group-C92E7B86EDFC-FOLLOWER: reject PRE_VOTE from s2: our last entry (t:1, i:6) > candidate's last entry (t:1, i:5)
2023-06-29 03:33:48,745 [grpc-default-executor-7] INFO  server.RaftServer$Division (RaftServerImpl.java:requestVote(1370)) - s0@group-C92E7B86EDFC replies to PRE_VOTE vote request: s2<-s0#0:FAIL-t1. Peer's state: s0@group-C92E7B86EDFC:t1, leader=null, voted=s0, raftlog=Memoized:s0@group-C92E7B86EDFC-SegmentedRaftLog:OPENED:c5, conf=0: peers:[s0|rpc:localhost:46689|admin:localhost:46779|client:localhost:37871|dataStream:localhost:46501|priority:0|startupRole:FOLLOWER, s1|rpc:localhost:37585|admin:localhost:35007|client:localhost:43533|dataStream:localhost:44315|priority:0|startupRole:FOLLOWER, s2|rpc:localhost:34717|admin:localhost:33013|client:localhost:41383|dataStream:localhost:35135|priority:0|startupRole:FOLLOWER]|listeners:[], old=null
2023-06-29 03:33:48,745 [grpc-default-executor-6] INFO  server.RaftServer$Division (RaftServerImpl.java:requestVote(1337)) - s2@group-C92E7B86EDFC: receive requestVote(ELECTION, s1, group-C92E7B86EDFC, 2, (t:1, i:5))
2023-06-29 03:33:48,746 [grpc-default-executor-6] INFO  impl.VoteContext (VoteContext.java:log(49)) - s2@group-C92E7B86EDFC-CANDIDATE: accept ELECTION from s1: our priority 0 <= candidate's priority 0
2023-06-29 03:33:48,746 [grpc-default-executor-6] INFO  server.RaftServer$Division (RaftServerImpl.java:setRole(371)) - s2@group-C92E7B86EDFC: changes role from CANDIDATE to FOLLOWER at term 2 for candidate:s1
2023-06-29 03:33:48,746 [grpc-default-executor-6] INFO  impl.RoleInfo (RoleInfo.java:shutdownLeaderElection(130)) - s2: shutdown s2@group-C92E7B86EDFC-LeaderElection5
2023-06-29 03:33:48,746 [grpc-default-executor-6] INFO  impl.RoleInfo (RoleInfo.java:updateAndGet(139)) - s2: start s2@group-C92E7B86EDFC-FollowerState
2023-06-29 03:33:48,747 [s2@group-C92E7B86EDFC-LeaderElection5] INFO  impl.LeaderElection (LeaderElection.java:logAndReturn(89)) - s2@group-C92E7B86EDFC-LeaderElection5: PRE_VOTE REJECTED received 1 response(s) and 0 exception(s):
2023-06-29 03:33:48,747 [s2@group-C92E7B86EDFC-LeaderElection5] INFO  impl.LeaderElection (LeaderElection.java:logAndReturn(93)) -   Response 0: s2<-s0#0:FAIL-t1
2023-06-29 03:33:48,748 [s2@group-C92E7B86EDFC-LeaderElection5] INFO  impl.LeaderElection (LeaderElection.java:askForVotes(322)) - s2@group-C92E7B86EDFC-LeaderElection5 PRE_VOTE round 1: result REJECTED
2023-06-29 03:33:48,791 [grpc-default-executor-4] INFO  server.RaftServer$Division (RaftServerImpl.java:requestVote(1337)) - s1@group-C92E7B86EDFC: receive requestVote(PRE_VOTE, s2, group-C92E7B86EDFC, 1, (t:1, i:5))
2023-06-29 03:33:48,791 [grpc-default-executor-4] INFO  impl.VoteContext (VoteContext.java:log(49)) - s1@group-C92E7B86EDFC-CANDIDATE: accept PRE_VOTE from s2: our priority 0 <= candidate's priority 0
2023-06-29 03:33:48,791 [grpc-default-executor-4] INFO  server.RaftServer$Division (RaftServerImpl.java:requestVote(1370)) - s1@group-C92E7B86EDFC replies to PRE_VOTE vote request: s2<-s1#0:OK-t2. Peer's state: s1@group-C92E7B86EDFC:t2, leader=null, voted=s1, raftlog=Memoized:s1@group-C92E7B86EDFC-SegmentedRaftLog:OPENED:c3, conf=0: peers:[s0|rpc:localhost:46689|admin:localhost:46779|client:localhost:37871|dataStream:localhost:46501|priority:0|startupRole:FOLLOWER, s1|rpc:localhost:37585|admin:localhost:35007|client:localhost:43533|dataStream:localhost:44315|priority:0|startupRole:FOLLOWER, s2|rpc:localhost:34717|admin:localhost:33013|client:localhost:41383|dataStream:localhost:35135|priority:0|startupRole:FOLLOWER]|listeners:[], old=null
2023-06-29 03:33:48,791 [grpc-default-executor-1] INFO  server.RaftServer$Division (RaftServerImpl.java:requestVote(1337)) - s0@group-C92E7B86EDFC: receive requestVote(ELECTION, s1, group-C92E7B86EDFC, 2, (t:1, i:5))
2023-06-29 03:33:48,804 [grpc-default-executor-1] INFO  impl.VoteContext (VoteContext.java:log(49)) - s0@group-C92E7B86EDFC-FOLLOWER: reject ELECTION from s1: our last entry (t:1, i:6) > candidate's last entry (t:1, i:5)
2023-06-29 03:33:48,804 [grpc-default-executor-1] INFO  server.RaftServer$Division (RaftServerImpl.java:setRole(371)) - s0@group-C92E7B86EDFC: changes role from  FOLLOWER to FOLLOWER at term 2 for candidate:s1
2023-06-29 03:33:48,804 [grpc-default-executor-1] INFO  impl.RoleInfo (RoleInfo.java:shutdownFollowerState(110)) - s0: shutdown s0@group-C92E7B86EDFC-FollowerState
2023-06-29 03:33:48,804 [grpc-default-executor-1] INFO  impl.RoleInfo (RoleInfo.java:updateAndGet(139)) - s0: start s0@group-C92E7B86EDFC-FollowerState
2023-06-29 03:33:48,805 [s0@group-C92E7B86EDFC-FollowerState] INFO  impl.FollowerState (FollowerState.java:run(152)) - s0@group-C92E7B86EDFC-FollowerState was interrupted
2023-06-29 03:33:48,803 [grpc-default-executor-6] INFO  server.RaftServer$Division (RaftServerImpl.java:requestVote(1370)) - s2@group-C92E7B86EDFC replies to ELECTION vote request: s1<-s2#0:OK-t2. Peer's state: s2@group-C92E7B86EDFC:t2, leader=null, voted=s1, raftlog=Memoized:s2@group-C92E7B86EDFC-SegmentedRaftLog:OPENED:c3, conf=0: peers:[s0|rpc:localhost:46689|admin:localhost:46779|client:localhost:37871|dataStream:localhost:46501|priority:0|startupRole:FOLLOWER, s1|rpc:localhost:37585|admin:localhost:35007|client:localhost:43533|dataStream:localhost:44315|priority:0|startupRole:FOLLOWER, s2|rpc:localhost:34717|admin:localhost:33013|client:localhost:41383|dataStream:localhost:35135|priority:0|startupRole:FOLLOWER]|listeners:[], old=null
2023-06-29 03:33:48,806 [grpc-default-executor-1] INFO  server.RaftServer$Division (RaftServerImpl.java:requestVote(1370)) - s0@group-C92E7B86EDFC replies to ELECTION vote request: s1<-s0#0:FAIL-t2. Peer's state: s0@group-C92E7B86EDFC:t2, leader=null, voted=null, raftlog=Memoized:s0@group-C92E7B86EDFC-SegmentedRaftLog:OPENED:c5, conf=0: peers:[s0|rpc:localhost:46689|admin:localhost:46779|client:localhost:37871|dataStream:localhost:46501|priority:0|startupRole:FOLLOWER, s1|rpc:localhost:37585|admin:localhost:35007|client:localhost:43533|dataStream:localhost:44315|priority:0|startupRole:FOLLOWER, s2|rpc:localhost:34717|admin:localhost:33013|client:localhost:41383|dataStream:localhost:35135|priority:0|startupRole:FOLLOWER]|listeners:[], old=null
2023-06-29 03:33:48,806 [s1@group-C92E7B86EDFC-LeaderElection4] INFO  impl.LeaderElection (LeaderElection.java:logAndReturn(89)) - s1@group-C92E7B86EDFC-LeaderElection4: ELECTION PASSED received 1 response(s) and 0 exception(s):
2023-06-29 03:33:48,806 [s1@group-C92E7B86EDFC-LeaderElection4] INFO  impl.LeaderElection (LeaderElection.java:logAndReturn(93)) -   Response 0: s1<-s2#0:OK-t2
2023-06-29 03:33:48,806 [s1@group-C92E7B86EDFC-LeaderElection4] INFO  impl.LeaderElection (LeaderElection.java:askForVotes(322)) - s1@group-C92E7B86EDFC-LeaderElection4 ELECTION round 0: result PASSED
2023-06-29 03:33:48,806 [s1@group-C92E7B86EDFC-LeaderElection4] INFO  impl.RoleInfo (RoleInfo.java:shutdownLeaderElection(130)) - s1: shutdown s1@group-C92E7B86EDFC-LeaderElection4
2023-06-29 03:33:48,806 [s1@group-C92E7B86EDFC-LeaderElection4] INFO  server.RaftServer$Division (RaftServerImpl.java:setRole(371)) - s1@group-C92E7B86EDFC: changes role from CANDIDATE to LEADER at term 2 for changeToLeader
2023-06-29 03:33:48,806 [s1@group-C92E7B86EDFC-LeaderElection4] INFO  server.RaftServer$Division (ServerState.java:setLeader(260)) - s1@group-C92E7B86EDFC: change Leader from null to s1 at term 2 for becomeLeader, leader elected after 648ms
2023-06-29 03:33:48,806 [s1@group-C92E7B86EDFC-LeaderElection4] INFO  server.RaftServerConfigKeys (ConfUtils.java:logGet(46)) - raft.server.staging.catchup.gap = 1000 (default)
2023-06-29 03:33:48,806 [s1@group-C92E7B86EDFC-LeaderElection4] INFO  server.RaftServerConfigKeys (ConfUtils.java:logGet(46)) - raft.server.write.element-limit = 4096 (default)
2023-06-29 03:33:48,807 [s1@group-C92E7B86EDFC-LeaderElection4] INFO  server.RaftServerConfigKeys (ConfUtils.java:logGet(46)) - raft.server.write.byte-limit = 64MB (=67108864) (default)
2023-06-29 03:33:48,807 [s1@group-C92E7B86EDFC-LeaderElection4] INFO  server.RaftServerConfigKeys (ConfUtils.java:logGet(46)) - raft.server.watch.timeout = 10s (default)
2023-06-29 03:33:48,807 [s1@group-C92E7B86EDFC-LeaderElection4] INFO  server.RaftServerConfigKeys (ConfUtils.java:logGet(46)) - raft.server.watch.timeout.denomination = 1s (default)
2023-06-29 03:33:48,807 [s1@group-C92E7B86EDFC-LeaderElection4] INFO  server.RaftServerConfigKeys (ConfUtils.java:logGet(46)) - raft.server.watch.element-limit = 65536 (default)
2023-06-29 03:33:48,807 [s1@group-C92E7B86EDFC-LeaderElection4] INFO  server.RaftServerConfigKeys (ConfUtils.java:logGet(46)) - raft.server.write.element-limit = 4096 (default)
2023-06-29 03:33:48,807 [s1@group-C92E7B86EDFC-LeaderElection4] INFO  server.RaftServerConfigKeys (ConfUtils.java:logGet(46)) - raft.server.write.follower.gap.ratio.max = -1.0 (default)
2023-06-29 03:33:48,807 [s1@group-C92E7B86EDFC-LeaderElection4] INFO  server.RaftServerConfigKeys (ConfUtils.java:logGet(46)) - raft.server.log.appender.snapshot.chunk.size.max = 16MB (=16777216) (default)
2023-06-29 03:33:48,807 [s1@group-C92E7B86EDFC-LeaderElection4] INFO  server.RaftServerConfigKeys (ConfUtils.java:logGet(46)) - raft.server.log.appender.buffer.byte-limit = 4MB (=4194304) (default)
2023-06-29 03:33:48,807 [s1@group-C92E7B86EDFC-LeaderElection4] INFO  server.RaftServerConfigKeys (ConfUtils.java:logGet(46)) - raft.server.log.appender.buffer.element-limit = 0 (default)
2023-06-29 03:33:48,807 [s1@group-C92E7B86EDFC-LeaderElection4] INFO  server.RaftServerConfigKeys (ConfUtils.java:logGet(46)) - raft.server.log.appender.wait-time.min = 10ms (default)
2023-06-29 03:33:48,807 [s1@group-C92E7B86EDFC-LeaderElection4] INFO  grpc.GrpcConfigKeys (ConfUtils.java:logGet(46)) - raft.grpc.server.leader.outstanding.appends.max = 128 (default)
2023-06-29 03:33:48,807 [s1@group-C92E7B86EDFC-LeaderElection4] INFO  server.RaftServerConfigKeys (ConfUtils.java:logGet(46)) - raft.server.rpc.request.timeout = 3000ms (default)
2023-06-29 03:33:48,807 [s1@group-C92E7B86EDFC-LeaderElection4] INFO  grpc.GrpcConfigKeys (ConfUtils.java:logGet(46)) - raft.grpc.server.install_snapshot.request.element-limit = 8 (default)
2023-06-29 03:33:48,807 [s1@group-C92E7B86EDFC-LeaderElection4] INFO  grpc.GrpcConfigKeys (ConfUtils.java:logGet(46)) - raft.grpc.server.install_snapshot.request.timeout = 3000ms (default)
2023-06-29 03:33:48,807 [s1@group-C92E7B86EDFC-LeaderElection4] INFO  server.RaftServerConfigKeys (ConfUtils.java:logGet(46)) - raft.server.log.appender.install.snapshot.enabled = true (default)
2023-06-29 03:33:48,807 [s1@group-C92E7B86EDFC-LeaderElection4] INFO  grpc.GrpcConfigKeys (ConfUtils.java:logGet(46)) - raft.grpc.server.heartbeat.channel = true (default)
2023-06-29 03:33:48,808 [s1@group-C92E7B86EDFC-LeaderElection4] INFO  server.RaftServerConfigKeys (ConfUtils.java:logGet(46)) - raft.server.log.appender.snapshot.chunk.size.max = 16MB (=16777216) (default)
2023-06-29 03:33:48,808 [s1@group-C92E7B86EDFC-LeaderElection4] INFO  server.RaftServerConfigKeys (ConfUtils.java:logGet(46)) - raft.server.log.appender.buffer.byte-limit = 4MB (=4194304) (default)
2023-06-29 03:33:48,808 [s1@group-C92E7B86EDFC-LeaderElection4] INFO  server.RaftServerConfigKeys (ConfUtils.java:logGet(46)) - raft.server.log.appender.buffer.element-limit = 0 (default)
2023-06-29 03:33:48,808 [s1@group-C92E7B86EDFC-LeaderElection4] INFO  server.RaftServerConfigKeys (ConfUtils.java:logGet(46)) - raft.server.log.appender.wait-time.min = 10ms (default)
2023-06-29 03:33:48,808 [s1@group-C92E7B86EDFC-LeaderElection4] INFO  grpc.GrpcConfigKeys (ConfUtils.java:logGet(46)) - raft.grpc.server.leader.outstanding.appends.max = 128 (default)
2023-06-29 03:33:48,808 [s1@group-C92E7B86EDFC-LeaderElection4] INFO  server.RaftServerConfigKeys (ConfUtils.java:logGet(46)) - raft.server.rpc.request.timeout = 3000ms (default)
2023-06-29 03:33:48,808 [s1@group-C92E7B86EDFC-LeaderElection4] INFO  grpc.GrpcConfigKeys (ConfUtils.java:logGet(46)) - raft.grpc.server.install_snapshot.request.element-limit = 8 (default)
2023-06-29 03:33:48,808 [s1@group-C92E7B86EDFC-LeaderElection4] INFO  grpc.GrpcConfigKeys (ConfUtils.java:logGet(46)) - raft.grpc.server.install_snapshot.request.timeout = 3000ms (default)
2023-06-29 03:33:48,808 [s1@group-C92E7B86EDFC-LeaderElection4] INFO  server.RaftServerConfigKeys (ConfUtils.java:logGet(46)) - raft.server.log.appender.install.snapshot.enabled = true (default)
2023-06-29 03:33:48,808 [s1@group-C92E7B86EDFC-LeaderElection4] INFO  grpc.GrpcConfigKeys (ConfUtils.java:logGet(46)) - raft.grpc.server.heartbeat.channel = true (default)
2023-06-29 03:33:48,808 [s1@group-C92E7B86EDFC-LeaderElection4] INFO  impl.RoleInfo (RoleInfo.java:updateAndGet(139)) - s1: start s1@group-C92E7B86EDFC-LeaderStateImpl
2023-06-29 03:33:48,808 [s1@group-C92E7B86EDFC-LeaderElection4] INFO  segmented.SegmentedRaftLogWorker (SegmentedRaftLogWorker.java:rollLogSegment(431)) - s1@group-C92E7B86EDFC-SegmentedRaftLogWorker: Rolling segment log-0_5 to index:5
2023-06-29 03:33:48,810 [s1@group-C92E7B86EDFC-LeaderElection4] INFO  server.RaftServer$Division (ServerState.java:setRaftConf(377)) - s1@group-C92E7B86EDFC: set configuration 6: peers:[s0|rpc:localhost:46689|admin:localhost:46779|client:localhost:37871|dataStream:localhost:46501|priority:0|startupRole:FOLLOWER, s1|rpc:localhost:37585|admin:localhost:35007|client:localhost:43533|dataStream:localhost:44315|priority:0|startupRole:FOLLOWER, s2|rpc:localhost:34717|admin:localhost:33013|client:localhost:41383|dataStream:localhost:35135|priority:0|startupRole:FOLLOWER]|listeners:[], old=null
2023-06-29 03:33:48,811 [s1@group-C92E7B86EDFC-SegmentedRaftLogWorker] TRACE util.FileUtils (LogUtils.java:runAndLog(49)) - Successfully ran Atomic Files.move /home/runner/work/ratis/ratis/ratis-test/target/test/data/ad2395e4/MiniRaftClusterWithRpcTypeGrpcAndDataStreamTypeNetty17891865/s1/bb0a1462-c073-47e8-bbdf-c92e7b86edfc/current/log_inprogress_0 to /home/runner/work/ratis/ratis/ratis-test/target/test/data/ad2395e4/MiniRaftClusterWithRpcTypeGrpcAndDataStreamTypeNetty17891865/s1/bb0a1462-c073-47e8-bbdf-c92e7b86edfc/current/log_0-5
2023-06-29 03:33:48,811 [s1@group-C92E7B86EDFC-SegmentedRaftLogWorker] INFO  segmented.SegmentedRaftLogWorker (SegmentedRaftLogWorker.java:execute(587)) - s1@group-C92E7B86EDFC-SegmentedRaftLogWorker: Rolled log segment from /home/runner/work/ratis/ratis/ratis-test/target/test/data/ad2395e4/MiniRaftClusterWithRpcTypeGrpcAndDataStreamTypeNetty17891865/s1/bb0a1462-c073-47e8-bbdf-c92e7b86edfc/current/log_inprogress_0 to /home/runner/work/ratis/ratis/ratis-test/target/test/data/ad2395e4/MiniRaftClusterWithRpcTypeGrpcAndDataStreamTypeNetty17891865/s1/bb0a1462-c073-47e8-bbdf-c92e7b86edfc/current/log_0-5
2023-06-29 03:33:48,880 [s1@group-C92E7B86EDFC-SegmentedRaftLogWorker] INFO  segmented.SegmentedRaftLogWorker (SegmentedRaftLogWorker.java:execute(630)) - s1@group-C92E7B86EDFC-SegmentedRaftLogWorker: created new log segment /home/runner/work/ratis/ratis/ratis-test/target/test/data/ad2395e4/MiniRaftClusterWithRpcTypeGrpcAndDataStreamTypeNetty17891865/s1/bb0a1462-c073-47e8-bbdf-c92e7b86edfc/current/log_inprogress_6
2023-06-29 03:33:48,883 [s2-server-thread2] INFO  server.RaftServer$Division (ServerState.java:setLeader(260)) - s2@group-C92E7B86EDFC: change Leader from null to s1 at term 2 for appendEntries, leader elected after 640ms
2023-06-29 03:33:48,883 [s2-server-thread2] INFO  server.RaftServer$Division (ServerState.java:setRaftConf(377)) - s2@group-C92E7B86EDFC: set configuration 6: peers:[s0|rpc:localhost:46689|admin:localhost:46779|client:localhost:37871|dataStream:localhost:46501|priority:0|startupRole:FOLLOWER, s1|rpc:localhost:37585|admin:localhost:35007|client:localhost:43533|dataStream:localhost:44315|priority:0|startupRole:FOLLOWER, s2|rpc:localhost:34717|admin:localhost:33013|client:localhost:41383|dataStream:localhost:35135|priority:0|startupRole:FOLLOWER]|listeners:[], old=null
2023-06-29 03:33:48,883 [s2-server-thread2] INFO  segmented.SegmentedRaftLogWorker (SegmentedRaftLogWorker.java:rollLogSegment(431)) - s2@group-C92E7B86EDFC-SegmentedRaftLogWorker: Rolling segment log-0_5 to index:5
2023-06-29 03:33:48,885 [s2@group-C92E7B86EDFC-SegmentedRaftLogWorker] TRACE util.FileUtils (LogUtils.java:runAndLog(49)) - Successfully ran Atomic Files.move /home/runner/work/ratis/ratis/ratis-test/target/test/data/ad2395e4/MiniRaftClusterWithRpcTypeGrpcAndDataStreamTypeNetty17891865/s2/bb0a1462-c073-47e8-bbdf-c92e7b86edfc/current/log_inprogress_0 to /home/runner/work/ratis/ratis/ratis-test/target/test/data/ad2395e4/MiniRaftClusterWithRpcTypeGrpcAndDataStreamTypeNetty17891865/s2/bb0a1462-c073-47e8-bbdf-c92e7b86edfc/current/log_0-5
2023-06-29 03:33:48,885 [s2@group-C92E7B86EDFC-SegmentedRaftLogWorker] INFO  segmented.SegmentedRaftLogWorker (SegmentedRaftLogWorker.java:execute(587)) - s2@group-C92E7B86EDFC-SegmentedRaftLogWorker: Rolled log segment from /home/runner/work/ratis/ratis/ratis-test/target/test/data/ad2395e4/MiniRaftClusterWithRpcTypeGrpcAndDataStreamTypeNetty17891865/s2/bb0a1462-c073-47e8-bbdf-c92e7b86edfc/current/log_inprogress_0 to /home/runner/work/ratis/ratis/ratis-test/target/test/data/ad2395e4/MiniRaftClusterWithRpcTypeGrpcAndDataStreamTypeNetty17891865/s2/bb0a1462-c073-47e8-bbdf-c92e7b86edfc/current/log_0-5
2023-06-29 03:33:48,926 [s2@group-C92E7B86EDFC-SegmentedRaftLogWorker] INFO  segmented.SegmentedRaftLogWorker (SegmentedRaftLogWorker.java:execute(630)) - s2@group-C92E7B86EDFC-SegmentedRaftLogWorker: created new log segment /home/runner/work/ratis/ratis/ratis-test/target/test/data/ad2395e4/MiniRaftClusterWithRpcTypeGrpcAndDataStreamTypeNetty17891865/s2/bb0a1462-c073-47e8-bbdf-c92e7b86edfc/current/log_inprogress_6
2023-06-29 03:33:48,964 [s0-server-thread1] INFO  server.RaftServer$Division (ServerState.java:setLeader(260)) - s0@group-C92E7B86EDFC: change Leader from null to s1 at term 2 for appendEntries, leader elected after 808ms
2023-06-29 03:33:48,973 [s0-server-thread2] INFO  server.RaftServer$Division (ServerState.java:setRaftConf(377)) - s0@group-C92E7B86EDFC: set configuration 6: peers:[s0|rpc:localhost:46689|admin:localhost:46779|client:localhost:37871|dataStream:localhost:46501|priority:0|startupRole:FOLLOWER, s1|rpc:localhost:37585|admin:localhost:35007|client:localhost:43533|dataStream:localhost:44315|priority:0|startupRole:FOLLOWER, s2|rpc:localhost:34717|admin:localhost:33013|client:localhost:41383|dataStream:localhost:35135|priority:0|startupRole:FOLLOWER]|listeners:[], old=null
2023-06-29 03:33:48,974 [s0-server-thread2] INFO  segmented.SegmentedRaftLogWorker (SegmentedRaftLogWorker.java:truncate(442)) - s0@group-C92E7B86EDFC-SegmentedRaftLogWorker: Truncating segments toTruncate: (0, 6) isOpen? true, length=375, newEndIndex=5
  toDelete: [], start index 6
2023-06-29 03:33:48,974 [s0-server-thread2] INFO  segmented.SegmentedRaftLogWorker (SegmentedRaftLogWorker.java:startLogSegment(426)) - s0@group-C92E7B86EDFC-SegmentedRaftLogWorker: Starting segment from index:6
2023-06-29 03:33:48,985 [s0@group-C92E7B86EDFC-SegmentedRaftLogWorker] TRACE util.FileUtils (LogUtils.java:runAndLog(49)) - Successfully ran FileOutputStream.getChannel().truncate /home/runner/work/ratis/ratis/ratis-test/target/test/data/ad2395e4/MiniRaftClusterWithRpcTypeGrpcAndDataStreamTypeNetty17891865/s0/bb0a1462-c073-47e8-bbdf-c92e7b86edfc/current/log_inprogress_0 length: 409 -> 375
2023-06-29 03:33:48,985 [s0@group-C92E7B86EDFC-SegmentedRaftLogWorker] TRACE util.FileUtils (LogUtils.java:runAndLog(49)) - Successfully ran Atomic Files.move /home/runner/work/ratis/ratis/ratis-test/target/test/data/ad2395e4/MiniRaftClusterWithRpcTypeGrpcAndDataStreamTypeNetty17891865/s0/bb0a1462-c073-47e8-bbdf-c92e7b86edfc/current/log_inprogress_0 to /home/runner/work/ratis/ratis/ratis-test/target/test/data/ad2395e4/MiniRaftClusterWithRpcTypeGrpcAndDataStreamTypeNetty17891865/s0/bb0a1462-c073-47e8-bbdf-c92e7b86edfc/current/log_0-5
2023-06-29 03:33:48,985 [s0@group-C92E7B86EDFC-SegmentedRaftLogWorker] INFO  segmented.SegmentedRaftLogWorker (SegmentedRaftLogWorker.java:execute(670)) - s0@group-C92E7B86EDFC-SegmentedRaftLogWorker: Truncated log file /home/runner/work/ratis/ratis/ratis-test/target/test/data/ad2395e4/MiniRaftClusterWithRpcTypeGrpcAndDataStreamTypeNetty17891865/s0/bb0a1462-c073-47e8-bbdf-c92e7b86edfc/current/log_inprogress_0 to length 375 and moved it to /home/runner/work/ratis/ratis/ratis-test/target/test/data/ad2395e4/MiniRaftClusterWithRpcTypeGrpcAndDataStreamTypeNetty17891865/s0/bb0a1462-c073-47e8-bbdf-c92e7b86edfc/current/log_0-5
2023-06-29 03:33:48,985 [s0@group-C92E7B86EDFC-SegmentedRaftLogWorker] INFO  segmented.SegmentedRaftLogWorker (SegmentedRaftLogWorker.java:lambda$new$0(134)) - s0@group-C92E7B86EDFC-SegmentedRaftLogWorker: flushIndex: setUnconditionally 6 -> 5
2023-06-29 03:33:48,985 [s0@group-C92E7B86EDFC-SegmentedRaftLogWorker] INFO  segmented.SegmentedRaftLogWorker (SegmentedRaftLogWorker.java:lambda$new$0(134)) - s0@group-C92E7B86EDFC-SegmentedRaftLogWorker: safeCacheEvictIndex: setUnconditionally -1 -> 5
2023-06-29 03:33:49,004 [s0@group-C92E7B86EDFC-SegmentedRaftLogWorker] INFO  segmented.SegmentedRaftLogWorker (SegmentedRaftLogWorker.java:execute(630)) - s0@group-C92E7B86EDFC-SegmentedRaftLogWorker: created new log segment /home/runner/work/ratis/ratis/ratis-test/target/test/data/ad2395e4/MiniRaftClusterWithRpcTypeGrpcAndDataStreamTypeNetty17891865/s0/bb0a1462-c073-47e8-bbdf-c92e7b86edfc/current/log_inprogress_6
2023-06-29 03:33:49,140 [s1-client-thread1] INFO  statemachine.StateMachine (DataStreamTestUtils.java:link(157)) - link null
2023-06-29 03:33:49,169 [s1-client-thread1] INFO  statemachine.StateMachine (DataStreamTestUtils.java:link(157)) - link SingleDataStream: writeRequest=RaftClientRequest:client-C6D65EB13F04->s0@group-C92E7B86EDFC, cid=381, seq=0, DataStream, Message:<EMPTY>, logEntry=null
2023-06-29 03:33:49,170 [s0-server-thread6] INFO  statemachine.StateMachine (DataStreamTestUtils.java:link(157)) - link null
2023-06-29 03:33:49,171 [s0-server-thread6] WARN  server.GrpcServerProtocolService (LogUtils.java:warn(124)) - s0: Failed APPEND_ENTRIES request s1->s0#12-t2,previous=(t:2, i:7),leaderCommit=7,initializing? true,entries: size=1, first=(t:2, i:8), STATEMACHINELOGENTRY, 377@client-E9B8430491AA
java.util.concurrent.CompletionException: java.io.IOException: java.lang.IllegalStateException: Null stream: entry=term: 2
index: 8
stateMachineLogEntry {
  type: DATASTREAM
  clientId: "J\000\\\302\362\322H[\226\355\351\270C\004\221\252"
  callId: 377
}

	at java.base/java.util.concurrent.CompletableFuture.encodeThrowable(CompletableFuture.java:331)
	at java.base/java.util.concurrent.CompletableFuture.completeThrowable(CompletableFuture.java:346)
	at java.base/java.util.concurrent.CompletableFuture$BiRelay.tryFire(CompletableFuture.java:1423)
	at java.base/java.util.concurrent.CompletableFuture$CoCompletion.tryFire(CompletableFuture.java:1144)
	at java.base/java.util.concurrent.CompletableFuture.postComplete(CompletableFuture.java:506)
	at java.base/java.util.concurrent.CompletableFuture.completeExceptionally(CompletableFuture.java:2088)
	at org.apache.ratis.server.raftlog.segmented.SegmentedRaftLog$Task.failed(SegmentedRaftLog.java:105)
	at org.apache.ratis.server.raftlog.segmented.SegmentedRaftLogWorker$WriteLog.failed(SegmentedRaftLogWorker.java:514)
	at org.apache.ratis.server.raftlog.segmented.SegmentedRaftLogWorker.run(SegmentedRaftLogWorker.java:312)
	at java.base/java.util.concurrent.Executors$RunnableAdapter.call(Executors.java:515)
	at java.base/java.util.concurrent.FutureTask.run(FutureTask.java:264)
	at java.base/java.util.concurrent.ThreadPoolExecutor.runWorker(ThreadPoolExecutor.java:1128)
	at java.base/java.util.concurrent.ThreadPoolExecutor$Worker.run(ThreadPoolExecutor.java:628)
	at java.base/java.lang.Thread.run(Thread.java:829)
Caused by: java.io.IOException: java.lang.IllegalStateException: Null stream: entry=term: 2
index: 8
stateMachineLogEntry {
  type: DATASTREAM
  clientId: "J\000\\\302\362\322H[\226\355\351\270C\004\221\252"
  callId: 377
}

	at org.apache.ratis.util.IOUtils.asIOException(IOUtils.java:56)
	at org.apache.ratis.util.IOUtils.toIOException(IOUtils.java:61)
	at org.apache.ratis.util.IOUtils.getFromFuture(IOUtils.java:85)
	at org.apache.ratis.server.raftlog.segmented.SegmentedRaftLogWorker$StateMachineDataPolicy.getFromFuture(SegmentedRaftLogWorker.java:88)
	at org.apache.ratis.server.raftlog.segmented.SegmentedRaftLogWorker$WriteLog.execute(SegmentedRaftLogWorker.java:535)
	at org.apache.ratis.server.raftlog.segmented.SegmentedRaftLogWorker.run(SegmentedRaftLogWorker.java:303)
	... 5 more
Caused by: java.lang.IllegalStateException: Null stream: entry=term: 2
index: 8
stateMachineLogEntry {
  type: DATASTREAM
  clientId: "J\000\\\302\362\322H[\226\355\351\270C\004\221\252"
  callId: 377
}

	at org.apache.ratis.datastream.DataStreamTestUtils$MultiDataStreamStateMachine.link(DataStreamTestUtils.java:159)
	at org.apache.ratis.server.raftlog.segmented.SegmentedRaftLogWorker$WriteLog.<init>(SegmentedRaftLogWorker.java:492)
	at org.apache.ratis.server.raftlog.segmented.SegmentedRaftLogWorker.writeLogEntry(SegmentedRaftLogWorker.java:438)
	at org.apache.ratis.server.raftlog.segmented.SegmentedRaftLog.appendEntryImpl(SegmentedRaftLog.java:409)
	at org.apache.ratis.server.raftlog.RaftLogBase.lambda$appendEntry$10(RaftLogBase.java:330)
	at org.apache.ratis.server.raftlog.RaftLogSequentialOps$Runner.runSequentially(RaftLogSequentialOps.java:78)
	at org.apache.ratis.server.raftlog.RaftLogBase.appendEntry(RaftLogBase.java:330)
	at org.apache.ratis.server.raftlog.segmented.SegmentedRaftLog.appendImpl(SegmentedRaftLog.java:457)
	at org.apache.ratis.server.raftlog.RaftLogBase.lambda$append$11(RaftLogBase.java:337)
	at org.apache.ratis.server.raftlog.RaftLogSequentialOps$Runner.runSequentially(RaftLogSequentialOps.java:69)
	at org.apache.ratis.server.raftlog.RaftLogBase.append(RaftLogBase.java:337)
	at org.apache.ratis.server.impl.RaftServerImpl.appendEntriesAsync(RaftServerImpl.java:1567)
	at org.apache.ratis.server.impl.RaftServerImpl.appendEntriesAsync(RaftServerImpl.java:1431)
	at org.apache.ratis.server.impl.RaftServerProxy.lambda$appendEntriesAsync$26(RaftServerProxy.java:639)
	at org.apache.ratis.util.JavaUtils.callAsUnchecked(JavaUtils.java:117)
	at org.apache.ratis.server.impl.RaftServerImpl.lambda$executeSubmitServerRequestAsync$10(RaftServerImpl.java:859)
	at java.base/java.util.concurrent.CompletableFuture$AsyncSupply.run(CompletableFuture.java:1700)
	... 3 more
2023-06-29 03:33:49,199 [s0-server-thread3] INFO  statemachine.StateMachine (DataStreamTestUtils.java:link(157)) - link null
2023-06-29 03:33:49,206 [grpc-default-executor-10] WARN  server.GrpcServerProtocolService (LogUtils.java:warn(124)) - s0: Failed APPEND_ENTRIES request s1->s0#13-t2,previous=(t:2, i:8),leaderCommit=7,initializing? true,entries: size=1, first=(t:2, i:9), STATEMACHINELOGENTRY, 381@client-C6D65EB13F04
java.util.concurrent.CompletionException: org.apache.ratis.server.raftlog.RaftLogIOException: Log already failed at index 8 for task WriteLog:8: (t:2, i:8), STATEMACHINELOGENTRY, StateMachineLogEntryProto:377@client-E9B8430491AA
	at java.base/java.util.concurrent.CompletableFuture.encodeThrowable(CompletableFuture.java:331)
	at java.base/java.util.concurrent.CompletableFuture.andTree(CompletableFuture.java:1452)
	at java.base/java.util.concurrent.CompletableFuture.allOf(CompletableFuture.java:2337)
	at org.apache.ratis.util.JavaUtils.allOf(JavaUtils.java:278)
	at org.apache.ratis.server.impl.RaftServerImpl.appendEntriesAsync(RaftServerImpl.java:1578)
	at org.apache.ratis.server.impl.RaftServerImpl.appendEntriesAsync(RaftServerImpl.java:1431)
	at org.apache.ratis.server.impl.RaftServerProxy.lambda$appendEntriesAsync$26(RaftServerProxy.java:639)
	at org.apache.ratis.util.JavaUtils.callAsUnchecked(JavaUtils.java:117)
	at org.apache.ratis.server.impl.RaftServerImpl.lambda$executeSubmitServerRequestAsync$10(RaftServerImpl.java:859)
	at java.base/java.util.concurrent.CompletableFuture$AsyncSupply.run(CompletableFuture.java:1700)
	at java.base/java.util.concurrent.ThreadPoolExecutor.runWorker(ThreadPoolExecutor.java:1128)
	at java.base/java.util.concurrent.ThreadPoolExecutor$Worker.run(ThreadPoolExecutor.java:628)
	at java.base/java.lang.Thread.run(Thread.java:829)
Caused by: org.apache.ratis.server.raftlog.RaftLogIOException: Log already failed at index 8 for task WriteLog:8: (t:2, i:8), STATEMACHINELOGENTRY, StateMachineLogEntryProto:377@client-E9B8430491AA
	at org.apache.ratis.server.raftlog.segmented.SegmentedRaftLogWorker.run(SegmentedRaftLogWorker.java:315)
	at java.base/java.util.concurrent.Executors$RunnableAdapter.call(Executors.java:515)
	at java.base/java.util.concurrent.FutureTask.run(FutureTask.java:264)
	... 3 more
Caused by: java.io.IOException: java.lang.IllegalStateException: Null stream: entry=term: 2
index: 8
stateMachineLogEntry {
  type: DATASTREAM
  clientId: "J\000\\\302\362\322H[\226\355\351\270C\004\221\252"
  callId: 377
}

	at org.apache.ratis.util.IOUtils.asIOException(IOUtils.java:56)
	at org.apache.ratis.util.IOUtils.toIOException(IOUtils.java:61)
	at org.apache.ratis.util.IOUtils.getFromFuture(IOUtils.java:85)
	at org.apache.ratis.server.raftlog.segmented.SegmentedRaftLogWorker$StateMachineDataPolicy.getFromFuture(SegmentedRaftLogWorker.java:88)
	at org.apache.ratis.server.raftlog.segmented.SegmentedRaftLogWorker$WriteLog.execute(SegmentedRaftLogWorker.java:535)
	at org.apache.ratis.server.raftlog.segmented.SegmentedRaftLogWorker.run(SegmentedRaftLogWorker.java:303)
	... 5 more
Caused by: java.lang.IllegalStateException: Null stream: entry=term: 2
index: 8
stateMachineLogEntry {
  type: DATASTREAM
  clientId: "J\000\\\302\362\322H[\226\355\351\270C\004\221\252"
  callId: 377
}

	at org.apache.ratis.datastream.DataStreamTestUtils$MultiDataStreamStateMachine.link(DataStreamTestUtils.java:159)
	at org.apache.ratis.server.raftlog.segmented.SegmentedRaftLogWorker$WriteLog.<init>(SegmentedRaftLogWorker.java:492)
	at org.apache.ratis.server.raftlog.segmented.SegmentedRaftLogWorker.writeLogEntry(SegmentedRaftLogWorker.java:438)
	at org.apache.ratis.server.raftlog.segmented.SegmentedRaftLog.appendEntryImpl(SegmentedRaftLog.java:409)
	at org.apache.ratis.server.raftlog.RaftLogBase.lambda$appendEntry$10(RaftLogBase.java:330)
	at org.apache.ratis.server.raftlog.RaftLogSequentialOps$Runner.runSequentially(RaftLogSequentialOps.java:78)
	at org.apache.ratis.server.raftlog.RaftLogBase.appendEntry(RaftLogBase.java:330)
	at org.apache.ratis.server.raftlog.segmented.SegmentedRaftLog.appendImpl(SegmentedRaftLog.java:457)
	at org.apache.ratis.server.raftlog.RaftLogBase.lambda$append$11(RaftLogBase.java:337)
	at org.apache.ratis.server.raftlog.RaftLogSequentialOps$Runner.runSequentially(RaftLogSequentialOps.java:69)
	at org.apache.ratis.server.raftlog.RaftLogBase.append(RaftLogBase.java:337)
	at org.apache.ratis.server.impl.RaftServerImpl.appendEntriesAsync(RaftServerImpl.java:1567)
	at org.apache.ratis.server.impl.RaftServerImpl.appendEntriesAsync(RaftServerImpl.java:1431)
	at org.apache.ratis.server.impl.RaftServerProxy.lambda$appendEntriesAsync$26(RaftServerProxy.java:639)
	at org.apache.ratis.util.JavaUtils.callAsUnchecked(JavaUtils.java:117)
	at org.apache.ratis.server.impl.RaftServerImpl.lambda$executeSubmitServerRequestAsync$10(RaftServerImpl.java:859)
	at java.base/java.util.concurrent.CompletableFuture$AsyncSupply.run(CompletableFuture.java:1700)
	... 3 more
2023-06-29 03:33:49,207 [s2-server-thread1] INFO  statemachine.StateMachine (DataStreamTestUtils.java:link(157)) - link null
2023-06-29 03:33:49,260 [s2-server-thread1] WARN  server.GrpcServerProtocolService (LogUtils.java:warn(124)) - s2: Failed APPEND_ENTRIES request s1->s2#14-t2,previous=(t:2, i:7),leaderCommit=7,initializing? true,entries: size=1, first=(t:2, i:8), STATEMACHINELOGENTRY, 377@client-E9B8430491AA
java.util.concurrent.CompletionException: java.io.IOException: java.lang.IllegalStateException: Null stream: entry=term: 2
index: 8
stateMachineLogEntry {
  type: DATASTREAM
  clientId: "J\000\\\302\362\322H[\226\355\351\270C\004\221\252"
  callId: 377
}

	at java.base/java.util.concurrent.CompletableFuture.encodeThrowable(CompletableFuture.java:331)
	at java.base/java.util.concurrent.CompletableFuture.completeThrowable(CompletableFuture.java:346)
	at java.base/java.util.concurrent.CompletableFuture$BiRelay.tryFire(CompletableFuture.java:1423)
	at java.base/java.util.concurrent.CompletableFuture$CoCompletion.tryFire(CompletableFuture.java:1144)
	at java.base/java.util.concurrent.CompletableFuture.postComplete(CompletableFuture.java:506)
	at java.base/java.util.concurrent.CompletableFuture.completeExceptionally(CompletableFuture.java:2088)
	at org.apache.ratis.server.raftlog.segmented.SegmentedRaftLog$Task.failed(SegmentedRaftLog.java:105)
	at org.apache.ratis.server.raftlog.segmented.SegmentedRaftLogWorker$WriteLog.failed(SegmentedRaftLogWorker.java:514)
	at org.apache.ratis.server.raftlog.segmented.SegmentedRaftLogWorker.run(SegmentedRaftLogWorker.java:312)
	at java.base/java.util.concurrent.Executors$RunnableAdapter.call(Executors.java:515)
	at java.base/java.util.concurrent.FutureTask.run(FutureTask.java:264)
	at java.base/java.util.concurrent.ThreadPoolExecutor.runWorker(ThreadPoolExecutor.java:1128)
	at java.base/java.util.concurrent.ThreadPoolExecutor$Worker.run(ThreadPoolExecutor.java:628)
	at java.base/java.lang.Thread.run(Thread.java:829)
Caused by: java.io.IOException: java.lang.IllegalStateException: Null stream: entry=term: 2
index: 8
stateMachineLogEntry {
  type: DATASTREAM
  clientId: "J\000\\\302\362\322H[\226\355\351\270C\004\221\252"
  callId: 377
}

	at org.apache.ratis.util.IOUtils.asIOException(IOUtils.java:56)
	at org.apache.ratis.util.IOUtils.toIOException(IOUtils.java:61)
	at org.apache.ratis.util.IOUtils.getFromFuture(IOUtils.java:85)
	at org.apache.ratis.server.raftlog.segmented.SegmentedRaftLogWorker$StateMachineDataPolicy.getFromFuture(SegmentedRaftLogWorker.java:88)
	at org.apache.ratis.server.raftlog.segmented.SegmentedRaftLogWorker$WriteLog.execute(SegmentedRaftLogWorker.java:535)
	at org.apache.ratis.server.raftlog.segmented.SegmentedRaftLogWorker.run(SegmentedRaftLogWorker.java:303)
	... 5 more
Caused by: java.lang.IllegalStateException: Null stream: entry=term: 2
index: 8
stateMachineLogEntry {
  type: DATASTREAM
  clientId: "J\000\\\302\362\322H[\226\355\351\270C\004\221\252"
  callId: 377
}

	at org.apache.ratis.datastream.DataStreamTestUtils$MultiDataStreamStateMachine.link(DataStreamTestUtils.java:159)
	at org.apache.ratis.server.raftlog.segmented.SegmentedRaftLogWorker$WriteLog.<init>(SegmentedRaftLogWorker.java:492)
	at org.apache.ratis.server.raftlog.segmented.SegmentedRaftLogWorker.writeLogEntry(SegmentedRaftLogWorker.java:438)
	at org.apache.ratis.server.raftlog.segmented.SegmentedRaftLog.appendEntryImpl(SegmentedRaftLog.java:409)
	at org.apache.ratis.server.raftlog.RaftLogBase.lambda$appendEntry$10(RaftLogBase.java:330)
	at org.apache.ratis.server.raftlog.RaftLogSequentialOps$Runner.runSequentially(RaftLogSequentialOps.java:78)
	at org.apache.ratis.server.raftlog.RaftLogBase.appendEntry(RaftLogBase.java:330)
	at org.apache.ratis.server.raftlog.segmented.SegmentedRaftLog.appendImpl(SegmentedRaftLog.java:457)
	at org.apache.ratis.server.raftlog.RaftLogBase.lambda$append$11(RaftLogBase.java:337)
	at org.apache.ratis.server.raftlog.RaftLogSequentialOps$Runner.runSequentially(RaftLogSequentialOps.java:69)
	at org.apache.ratis.server.raftlog.RaftLogBase.append(RaftLogBase.java:337)
	at org.apache.ratis.server.impl.RaftServerImpl.appendEntriesAsync(RaftServerImpl.java:1567)
	at org.apache.ratis.server.impl.RaftServerImpl.appendEntriesAsync(RaftServerImpl.java:1431)
	at org.apache.ratis.server.impl.RaftServerProxy.lambda$appendEntriesAsync$26(RaftServerProxy.java:639)
	at org.apache.ratis.util.JavaUtils.callAsUnchecked(JavaUtils.java:117)
	at org.apache.ratis.server.impl.RaftServerImpl.lambda$executeSubmitServerRequestAsync$10(RaftServerImpl.java:859)
	at java.base/java.util.concurrent.CompletableFuture$AsyncSupply.run(CompletableFuture.java:1700)
	... 3 more
2023-06-29 03:33:49,306 [s2-server-thread2] INFO  statemachine.StateMachine (DataStreamTestUtils.java:link(157)) - link SingleDataStream: writeRequest=RaftClientRequest:client-C6D65EB13F04->s0@group-C92E7B86EDFC, cid=381, seq=0, DataStream, Message:<EMPTY>, logEntry=null
2023-06-29 03:33:49,326 [s2-server-thread2] WARN  server.GrpcServerProtocolService (LogUtils.java:warn(124)) - s2: Failed APPEND_ENTRIES request s1->s2#15-t2,previous=(t:2, i:8),leaderCommit=7,initializing? true,entries: size=1, first=(t:2, i:9), STATEMACHINELOGENTRY, 381@client-C6D65EB13F04
java.util.concurrent.CompletionException: org.apache.ratis.server.raftlog.RaftLogIOException: Log already failed at index 8 for task WriteLog:8: (t:2, i:8), STATEMACHINELOGENTRY, StateMachineLogEntryProto:377@client-E9B8430491AA
	at java.base/java.util.concurrent.CompletableFuture.encodeThrowable(CompletableFuture.java:331)
	at java.base/java.util.concurrent.CompletableFuture.completeThrowable(CompletableFuture.java:346)
	at java.base/java.util.concurrent.CompletableFuture$BiRelay.tryFire(CompletableFuture.java:1423)
	at java.base/java.util.concurrent.CompletableFuture$CoCompletion.tryFire(CompletableFuture.java:1144)
	at java.base/java.util.concurrent.CompletableFuture.postComplete(CompletableFuture.java:506)
	at java.base/java.util.concurrent.CompletableFuture.completeExceptionally(CompletableFuture.java:2088)
	at org.apache.ratis.server.raftlog.segmented.SegmentedRaftLog$Task.failed(SegmentedRaftLog.java:105)
	at org.apache.ratis.server.raftlog.segmented.SegmentedRaftLogWorker$WriteLog.failed(SegmentedRaftLogWorker.java:514)
	at org.apache.ratis.server.raftlog.segmented.SegmentedRaftLogWorker.run(SegmentedRaftLogWorker.java:312)
	at java.base/java.util.concurrent.Executors$RunnableAdapter.call(Executors.java:515)
	at java.base/java.util.concurrent.FutureTask.run(FutureTask.java:264)
	at java.base/java.util.concurrent.ThreadPoolExecutor.runWorker(ThreadPoolExecutor.java:1128)
	at java.base/java.util.concurrent.ThreadPoolExecutor$Worker.run(ThreadPoolExecutor.java:628)
	at java.base/java.lang.Thread.run(Thread.java:829)
Caused by: org.apache.ratis.server.raftlog.RaftLogIOException: Log already failed at index 8 for task WriteLog:8: (t:2, i:8), STATEMACHINELOGENTRY, StateMachineLogEntryProto:377@client-E9B8430491AA
	at org.apache.ratis.server.raftlog.segmented.SegmentedRaftLogWorker.run(SegmentedRaftLogWorker.java:315)
	... 5 more
Caused by: java.io.IOException: java.lang.IllegalStateException: Null stream: entry=term: 2
index: 8
stateMachineLogEntry {
  type: DATASTREAM
  clientId: "J\000\\\302\362\322H[\226\355\351\270C\004\221\252"
  callId: 377
}

	at org.apache.ratis.util.IOUtils.asIOException(IOUtils.java:56)
	at org.apache.ratis.util.IOUtils.toIOException(IOUtils.java:61)
	at org.apache.ratis.util.IOUtils.getFromFuture(IOUtils.java:85)
	at org.apache.ratis.server.raftlog.segmented.SegmentedRaftLogWorker$StateMachineDataPolicy.getFromFuture(SegmentedRaftLogWorker.java:88)
	at org.apache.ratis.server.raftlog.segmented.SegmentedRaftLogWorker$WriteLog.execute(SegmentedRaftLogWorker.java:535)
	at org.apache.ratis.server.raftlog.segmented.SegmentedRaftLogWorker.run(SegmentedRaftLogWorker.java:303)
	... 5 more
Caused by: java.lang.IllegalStateException: Null stream: entry=term: 2
index: 8
stateMachineLogEntry {
  type: DATASTREAM
  clientId: "J\000\\\302\362\322H[\226\355\351\270C\004\221\252"
  callId: 377
}

	at org.apache.ratis.datastream.DataStreamTestUtils$MultiDataStreamStateMachine.link(DataStreamTestUtils.java:159)
	at org.apache.ratis.server.raftlog.segmented.SegmentedRaftLogWorker$WriteLog.<init>(SegmentedRaftLogWorker.java:492)
	at org.apache.ratis.server.raftlog.segmented.SegmentedRaftLogWorker.writeLogEntry(SegmentedRaftLogWorker.java:438)
	at org.apache.ratis.server.raftlog.segmented.SegmentedRaftLog.appendEntryImpl(SegmentedRaftLog.java:409)
	at org.apache.ratis.server.raftlog.RaftLogBase.lambda$appendEntry$10(RaftLogBase.java:330)
	at org.apache.ratis.server.raftlog.RaftLogSequentialOps$Runner.runSequentially(RaftLogSequentialOps.java:78)
	at org.apache.ratis.server.raftlog.RaftLogBase.appendEntry(RaftLogBase.java:330)
	at org.apache.ratis.server.raftlog.segmented.SegmentedRaftLog.appendImpl(SegmentedRaftLog.java:457)
	at org.apache.ratis.server.raftlog.RaftLogBase.lambda$append$11(RaftLogBase.java:337)
	at org.apache.ratis.server.raftlog.RaftLogSequentialOps$Runner.runSequentially(RaftLogSequentialOps.java:69)
	at org.apache.ratis.server.raftlog.RaftLogBase.append(RaftLogBase.java:337)
	at org.apache.ratis.server.impl.RaftServerImpl.appendEntriesAsync(RaftServerImpl.java:1567)
	at org.apache.ratis.server.impl.RaftServerImpl.appendEntriesAsync(RaftServerImpl.java:1431)
	at org.apache.ratis.server.impl.RaftServerProxy.lambda$appendEntriesAsync$26(RaftServerProxy.java:639)
	at org.apache.ratis.util.JavaUtils.callAsUnchecked(JavaUtils.java:117)
	at org.apache.ratis.server.impl.RaftServerImpl.lambda$executeSubmitServerRequestAsync$10(RaftServerImpl.java:859)
	at java.base/java.util.concurrent.CompletableFuture$AsyncSupply.run(CompletableFuture.java:1700)
	... 3 more
2023-06-29 03:33:49,340 [grpc-default-executor-7] WARN  server.GrpcLogAppender (LogUtils.java:warn(124)) - s1@group-C92E7B86EDFC->s2-AppendLogResponseHandler: Failed appendEntries
java.io.IOException: java.lang.IllegalStateException: Null stream: entry=term: 2
index: 8
stateMachineLogEntry {
  type: DATASTREAM
  clientId: "J\000\\\302\362\322H[\226\355\351\270C\004\221\252"
  callId: 377
}

	at org.apache.ratis.util.IOUtils.asIOException(IOUtils.java:56)
	at org.apache.ratis.util.IOUtils.toIOException(IOUtils.java:61)
	at org.apache.ratis.util.IOUtils.getFromFuture(IOUtils.java:85)
	at org.apache.ratis.server.raftlog.segmented.SegmentedRaftLogWorker$StateMachineDataPolicy.getFromFuture(SegmentedRaftLogWorker.java:88)
	at org.apache.ratis.server.raftlog.segmented.SegmentedRaftLogWorker$WriteLog.execute(SegmentedRaftLogWorker.java:535)
	at org.apache.ratis.server.raftlog.segmented.SegmentedRaftLogWorker.run(SegmentedRaftLogWorker.java:303)
	at java.base/java.util.concurrent.Executors$RunnableAdapter.call(Executors.java:515)
	at java.base/java.util.concurrent.FutureTask.run(FutureTask.java:264)
	at java.base/java.util.concurrent.ThreadPoolExecutor.runWorker(ThreadPoolExecutor.java:1128)
	at java.base/java.util.concurrent.ThreadPoolExecutor$Worker.run(ThreadPoolExecutor.java:628)
	at java.base/java.lang.Thread.run(Thread.java:829)
Caused by: java.lang.IllegalStateException: Null stream: entry=term: 2
index: 8
stateMachineLogEntry {
  type: DATASTREAM
  clientId: "J\000\\\302\362\322H[\226\355\351\270C\004\221\252"
  callId: 377
}

	at org.apache.ratis.datastream.DataStreamTestUtils$MultiDataStreamStateMachine.link(DataStreamTestUtils.java:159)
	at org.apache.ratis.server.raftlog.segmented.SegmentedRaftLogWorker$WriteLog.<init>(SegmentedRaftLogWorker.java:492)
	at org.apache.ratis.server.raftlog.segmented.SegmentedRaftLogWorker.writeLogEntry(SegmentedRaftLogWorker.java:438)
	at org.apache.ratis.server.raftlog.segmented.SegmentedRaftLog.appendEntryImpl(SegmentedRaftLog.java:409)
	at org.apache.ratis.server.raftlog.RaftLogBase.lambda$appendEntry$10(RaftLogBase.java:330)
	at org.apache.ratis.server.raftlog.RaftLogSequentialOps$Runner.runSequentially(RaftLogSequentialOps.java:78)
	at org.apache.ratis.server.raftlog.RaftLogBase.appendEntry(RaftLogBase.java:330)
	at org.apache.ratis.server.raftlog.segmented.SegmentedRaftLog.appendImpl(SegmentedRaftLog.java:457)
	at org.apache.ratis.server.raftlog.RaftLogBase.lambda$append$11(RaftLogBase.java:337)
	at org.apache.ratis.server.raftlog.RaftLogSequentialOps$Runner.runSequentially(RaftLogSequentialOps.java:69)
	at org.apache.ratis.server.raftlog.RaftLogBase.append(RaftLogBase.java:337)
	at org.apache.ratis.server.impl.RaftServerImpl.appendEntriesAsync(RaftServerImpl.java:1567)
	at org.apache.ratis.server.impl.RaftServerImpl.appendEntriesAsync(RaftServerImpl.java:1431)
	at org.apache.ratis.server.impl.RaftServerProxy.lambda$appendEntriesAsync$26(RaftServerProxy.java:639)
	at org.apache.ratis.util.JavaUtils.callAsUnchecked(JavaUtils.java:117)
	at org.apache.ratis.server.impl.RaftServerImpl.lambda$executeSubmitServerRequestAsync$10(RaftServerImpl.java:859)
	at java.base/java.util.concurrent.CompletableFuture$AsyncSupply.run(CompletableFuture.java:1700)
	... 3 more
2023-06-29 03:33:49,537 [grpc-default-executor-7] INFO  leader.FollowerInfo (FollowerInfoImpl.java:lambda$new$0(52)) - s1@group-C92E7B86EDFC->s2: decreaseNextIndex nextIndex: updateUnconditionally 10 -> 8
2023-06-29 03:33:49,328 [grpc-default-executor-0] WARN  server.GrpcLogAppender (LogUtils.java:warn(124)) - s1@group-C92E7B86EDFC->s0-AppendLogResponseHandler: Failed appendEntries
java.io.IOException: java.lang.IllegalStateException: Null stream: entry=term: 2
index: 8
stateMachineLogEntry {
  type: DATASTREAM
  clientId: "J\000\\\302\362\322H[\226\355\351\270C\004\221\252"
  callId: 377
}

	at org.apache.ratis.util.IOUtils.asIOException(IOUtils.java:56)
	at org.apache.ratis.util.IOUtils.toIOException(IOUtils.java:61)
	at org.apache.ratis.util.IOUtils.getFromFuture(IOUtils.java:85)
	at org.apache.ratis.server.raftlog.segmented.SegmentedRaftLogWorker$StateMachineDataPolicy.getFromFuture(SegmentedRaftLogWorker.java:88)
	at org.apache.ratis.server.raftlog.segmented.SegmentedRaftLogWorker$WriteLog.execute(SegmentedRaftLogWorker.java:535)
	at org.apache.ratis.server.raftlog.segmented.SegmentedRaftLogWorker.run(SegmentedRaftLogWorker.java:303)
	at java.base/java.util.concurrent.Executors$RunnableAdapter.call(Executors.java:515)
	at java.base/java.util.concurrent.FutureTask.run(FutureTask.java:264)
	at java.base/java.util.concurrent.ThreadPoolExecutor.runWorker(ThreadPoolExecutor.java:1128)
	at java.base/java.util.concurrent.ThreadPoolExecutor$Worker.run(ThreadPoolExecutor.java:628)
	at java.base/java.lang.Thread.run(Thread.java:829)
Caused by: java.lang.IllegalStateException: Null stream: entry=term: 2
index: 8
stateMachineLogEntry {
  type: DATASTREAM
  clientId: "J\000\\\302\362\322H[\226\355\351\270C\004\221\252"
  callId: 377
}

	at org.apache.ratis.datastream.DataStreamTestUtils$MultiDataStreamStateMachine.link(DataStreamTestUtils.java:159)
	at org.apache.ratis.server.raftlog.segmented.SegmentedRaftLogWorker$WriteLog.<init>(SegmentedRaftLogWorker.java:492)
	at org.apache.ratis.server.raftlog.segmented.SegmentedRaftLogWorker.writeLogEntry(SegmentedRaftLogWorker.java:438)
	at org.apache.ratis.server.raftlog.segmented.SegmentedRaftLog.appendEntryImpl(SegmentedRaftLog.java:409)
	at org.apache.ratis.server.raftlog.RaftLogBase.lambda$appendEntry$10(RaftLogBase.java:330)
	at org.apache.ratis.server.raftlog.RaftLogSequentialOps$Runner.runSequentially(RaftLogSequentialOps.java:78)
	at org.apache.ratis.server.raftlog.RaftLogBase.appendEntry(RaftLogBase.java:330)
	at org.apache.ratis.server.raftlog.segmented.SegmentedRaftLog.appendImpl(SegmentedRaftLog.java:457)
	at org.apache.ratis.server.raftlog.RaftLogBase.lambda$append$11(RaftLogBase.java:337)
	at org.apache.ratis.server.raftlog.RaftLogSequentialOps$Runner.runSequentially(RaftLogSequentialOps.java:69)
	at org.apache.ratis.server.raftlog.RaftLogBase.append(RaftLogBase.java:337)
	at org.apache.ratis.server.impl.RaftServerImpl.appendEntriesAsync(RaftServerImpl.java:1567)
	at org.apache.ratis.server.impl.RaftServerImpl.appendEntriesAsync(RaftServerImpl.java:1431)
	at org.apache.ratis.server.impl.RaftServerProxy.lambda$appendEntriesAsync$26(RaftServerProxy.java:639)
	at org.apache.ratis.util.JavaUtils.callAsUnchecked(JavaUtils.java:117)
	at org.apache.ratis.server.impl.RaftServerImpl.lambda$executeSubmitServerRequestAsync$10(RaftServerImpl.java:859)
	at java.base/java.util.concurrent.CompletableFuture$AsyncSupply.run(CompletableFuture.java:1700)
	... 3 more
2023-06-29 03:33:49,537 [grpc-default-executor-0] INFO  leader.FollowerInfo (FollowerInfoImpl.java:lambda$new$0(52)) - s1@group-C92E7B86EDFC->s0: decreaseNextIndex nextIndex: updateUnconditionally 10 -> 8
2023-06-29 03:33:49,562 [s1-client-thread1] INFO  statemachine.StateMachine (DataStreamTestUtils.java:link(157)) - link SingleDataStream: writeRequest=RaftClientRequest:client-A3187C8C9A8E->s0@group-C92E7B86EDFC, cid=380, seq=0, DataStream, Message:<EMPTY>, logEntry=null
2023-06-29 03:33:49,564 [s0-server-thread6] INFO  statemachine.StateMachine (DataStreamTestUtils.java:link(157)) - link SingleDataStream: writeRequest=RaftClientRequest:client-A3187C8C9A8E->s0@group-C92E7B86EDFC, cid=380, seq=0, DataStream, Message:<EMPTY>, logEntry=null
2023-06-29 03:33:49,564 [s0-server-thread6] WARN  server.GrpcServerProtocolService (LogUtils.java:warn(124)) - s0: Failed APPEND_ENTRIES request s1->s0#19-t2,previous=(t:2, i:7),leaderCommit=7,initializing? true,entries: size=3, first=(t:2, i:8), STATEMACHINELOGENTRY, 377@client-E9B8430491AA
java.util.concurrent.CompletionException: org.apache.ratis.server.raftlog.RaftLogIOException: Log already failed at index 8 for task WriteLog:8: (t:2, i:8), STATEMACHINELOGENTRY, StateMachineLogEntryProto:377@client-E9B8430491AA
	at java.base/java.util.concurrent.CompletableFuture.encodeThrowable(CompletableFuture.java:331)
	at java.base/java.util.concurrent.CompletableFuture.completeThrowable(CompletableFuture.java:346)
	at java.base/java.util.concurrent.CompletableFuture$BiRelay.tryFire(CompletableFuture.java:1423)
	at java.base/java.util.concurrent.CompletableFuture$CoCompletion.tryFire(CompletableFuture.java:1144)
	at java.base/java.util.concurrent.CompletableFuture.postComplete(CompletableFuture.java:506)
	at java.base/java.util.concurrent.CompletableFuture.completeExceptionally(CompletableFuture.java:2088)
	at org.apache.ratis.server.raftlog.segmented.SegmentedRaftLog$Task.failed(SegmentedRaftLog.java:105)
	at org.apache.ratis.server.raftlog.segmented.SegmentedRaftLogWorker$WriteLog.failed(SegmentedRaftLogWorker.java:514)
	at org.apache.ratis.server.raftlog.segmented.SegmentedRaftLogWorker.run(SegmentedRaftLogWorker.java:312)
	at java.base/java.util.concurrent.Executors$RunnableAdapter.call(Executors.java:515)
	at java.base/java.util.concurrent.FutureTask.run(FutureTask.java:264)
	at java.base/java.util.concurrent.ThreadPoolExecutor.runWorker(ThreadPoolExecutor.java:1128)
	at java.base/java.util.concurrent.ThreadPoolExecutor$Worker.run(ThreadPoolExecutor.java:628)
	at java.base/java.lang.Thread.run(Thread.java:829)
Caused by: org.apache.ratis.server.raftlog.RaftLogIOException: Log already failed at index 8 for task WriteLog:8: (t:2, i:8), STATEMACHINELOGENTRY, StateMachineLogEntryProto:377@client-E9B8430491AA
	at org.apache.ratis.server.raftlog.segmented.SegmentedRaftLogWorker.run(SegmentedRaftLogWorker.java:315)
	... 5 more
Caused by: java.io.IOException: java.lang.IllegalStateException: Null stream: entry=term: 2
index: 8
stateMachineLogEntry {
  type: DATASTREAM
  clientId: "J\000\\\302\362\322H[\226\355\351\270C\004\221\252"
  callId: 377
}

	at org.apache.ratis.util.IOUtils.asIOException(IOUtils.java:56)
	at org.apache.ratis.util.IOUtils.toIOException(IOUtils.java:61)
	at org.apache.ratis.util.IOUtils.getFromFuture(IOUtils.java:85)
	at org.apache.ratis.server.raftlog.segmented.SegmentedRaftLogWorker$StateMachineDataPolicy.getFromFuture(SegmentedRaftLogWorker.java:88)
	at org.apache.ratis.server.raftlog.segmented.SegmentedRaftLogWorker$WriteLog.execute(SegmentedRaftLogWorker.java:535)
	at org.apache.ratis.server.raftlog.segmented.SegmentedRaftLogWorker.run(SegmentedRaftLogWorker.java:303)
	... 5 more
Caused by: java.lang.IllegalStateException: Null stream: entry=term: 2
index: 8
stateMachineLogEntry {
  type: DATASTREAM
  clientId: "J\000\\\302\362\322H[\226\355\351\270C\004\221\252"
  callId: 377
}

	at org.apache.ratis.datastream.DataStreamTestUtils$MultiDataStreamStateMachine.link(DataStreamTestUtils.java:159)
	at org.apache.ratis.server.raftlog.segmented.SegmentedRaftLogWorker$WriteLog.<init>(SegmentedRaftLogWorker.java:492)
	at org.apache.ratis.server.raftlog.segmented.SegmentedRaftLogWorker.writeLogEntry(SegmentedRaftLogWorker.java:438)
	at org.apache.ratis.server.raftlog.segmented.SegmentedRaftLog.appendEntryImpl(SegmentedRaftLog.java:409)
	at org.apache.ratis.server.raftlog.RaftLogBase.lambda$appendEntry$10(RaftLogBase.java:330)
	at org.apache.ratis.server.raftlog.RaftLogSequentialOps$Runner.runSequentially(RaftLogSequentialOps.java:78)
	at org.apache.ratis.server.raftlog.RaftLogBase.appendEntry(RaftLogBase.java:330)
	at org.apache.ratis.server.raftlog.segmented.SegmentedRaftLog.appendImpl(SegmentedRaftLog.java:457)
	at org.apache.ratis.server.raftlog.RaftLogBase.lambda$append$11(RaftLogBase.java:337)
	at org.apache.ratis.server.raftlog.RaftLogSequentialOps$Runner.runSequentially(RaftLogSequentialOps.java:69)
	at org.apache.ratis.server.raftlog.RaftLogBase.append(RaftLogBase.java:337)
	at org.apache.ratis.server.impl.RaftServerImpl.appendEntriesAsync(RaftServerImpl.java:1567)
	at org.apache.ratis.server.impl.RaftServerImpl.appendEntriesAsync(RaftServerImpl.java:1431)
	at org.apache.ratis.server.impl.RaftServerProxy.lambda$appendEntriesAsync$26(RaftServerProxy.java:639)
	at org.apache.ratis.util.JavaUtils.callAsUnchecked(JavaUtils.java:117)
	at org.apache.ratis.server.impl.RaftServerImpl.lambda$executeSubmitServerRequestAsync$10(RaftServerImpl.java:859)
	at java.base/java.util.concurrent.CompletableFuture$AsyncSupply.run(CompletableFuture.java:1700)
	... 3 more
2023-06-29 03:33:49,564 [s2-server-thread2] INFO  statemachine.StateMachine (DataStreamTestUtils.java:link(157)) - link SingleDataStream: writeRequest=RaftClientRequest:client-A3187C8C9A8E->s0@group-C92E7B86EDFC, cid=380, seq=0, DataStream, Message:<EMPTY>, logEntry=null
2023-06-29 03:33:49,570 [s2-server-thread2] WARN  server.GrpcServerProtocolService (LogUtils.java:warn(124)) - s2: Failed APPEND_ENTRIES request s1->s2#20-t2,previous=(t:2, i:7),leaderCommit=7,initializing? true,entries: size=3, first=(t:2, i:8), STATEMACHINELOGENTRY, 377@client-E9B8430491AA
java.util.concurrent.CompletionException: org.apache.ratis.server.raftlog.RaftLogIOException: Log already failed at index 8 for task WriteLog:8: (t:2, i:8), STATEMACHINELOGENTRY, StateMachineLogEntryProto:377@client-E9B8430491AA
	at java.base/java.util.concurrent.CompletableFuture.encodeThrowable(CompletableFuture.java:331)
	at java.base/java.util.concurrent.CompletableFuture.completeThrowable(CompletableFuture.java:346)
	at java.base/java.util.concurrent.CompletableFuture$BiRelay.tryFire(CompletableFuture.java:1423)
	at java.base/java.util.concurrent.CompletableFuture$CoCompletion.tryFire(CompletableFuture.java:1144)
	at java.base/java.util.concurrent.CompletableFuture.postComplete(CompletableFuture.java:506)
	at java.base/java.util.concurrent.CompletableFuture.completeExceptionally(CompletableFuture.java:2088)
	at org.apache.ratis.server.raftlog.segmented.SegmentedRaftLog$Task.failed(SegmentedRaftLog.java:105)
	at org.apache.ratis.server.raftlog.segmented.SegmentedRaftLogWorker$WriteLog.failed(SegmentedRaftLogWorker.java:514)
	at org.apache.ratis.server.raftlog.segmented.SegmentedRaftLogWorker.run(SegmentedRaftLogWorker.java:312)
	at java.base/java.util.concurrent.Executors$RunnableAdapter.call(Executors.java:515)
	at java.base/java.util.concurrent.FutureTask.run(FutureTask.java:264)
	at java.base/java.util.concurrent.ThreadPoolExecutor.runWorker(ThreadPoolExecutor.java:1128)
	at java.base/java.util.concurrent.ThreadPoolExecutor$Worker.run(ThreadPoolExecutor.java:628)
	at java.base/java.lang.Thread.run(Thread.java:829)
Caused by: org.apache.ratis.server.raftlog.RaftLogIOException: Log already failed at index 8 for task WriteLog:8: (t:2, i:8), STATEMACHINELOGENTRY, StateMachineLogEntryProto:377@client-E9B8430491AA
	at org.apache.ratis.server.raftlog.segmented.SegmentedRaftLogWorker.run(SegmentedRaftLogWorker.java:315)
	... 5 more
Caused by: java.io.IOException: java.lang.IllegalStateException: Null stream: entry=term: 2
index: 8
stateMachineLogEntry {
  type: DATASTREAM
  clientId: "J\000\\\302\362\322H[\226\355\351\270C\004\221\252"
  callId: 377
}

	at org.apache.ratis.util.IOUtils.asIOException(IOUtils.java:56)
	at org.apache.ratis.util.IOUtils.toIOException(IOUtils.java:61)
	at org.apache.ratis.util.IOUtils.getFromFuture(IOUtils.java:85)
	at org.apache.ratis.server.raftlog.segmented.SegmentedRaftLogWorker$StateMachineDataPolicy.getFromFuture(SegmentedRaftLogWorker.java:88)
	at org.apache.ratis.server.raftlog.segmented.SegmentedRaftLogWorker$WriteLog.execute(SegmentedRaftLogWorker.java:535)
	at org.apache.ratis.server.raftlog.segmented.SegmentedRaftLogWorker.run(SegmentedRaftLogWorker.java:303)
	... 5 more
Caused by: java.lang.IllegalStateException: Null stream: entry=term: 2
index: 8
stateMachineLogEntry {
  type: DATASTREAM
  clientId: "J\000\\\302\362\322H[\226\355\351\270C\004\221\252"
  callId: 377
}

	at org.apache.ratis.datastream.DataStreamTestUtils$MultiDataStreamStateMachine.link(DataStreamTestUtils.java:159)
	at org.apache.ratis.server.raftlog.segmented.SegmentedRaftLogWorker$WriteLog.<init>(SegmentedRaftLogWorker.java:492)
	at org.apache.ratis.server.raftlog.segmented.SegmentedRaftLogWorker.writeLogEntry(SegmentedRaftLogWorker.java:438)
	at org.apache.ratis.server.raftlog.segmented.SegmentedRaftLog.appendEntryImpl(SegmentedRaftLog.java:409)
	at org.apache.ratis.server.raftlog.RaftLogBase.lambda$appendEntry$10(RaftLogBase.java:330)
	at org.apache.ratis.server.raftlog.RaftLogSequentialOps$Runner.runSequentially(RaftLogSequentialOps.java:78)
	at org.apache.ratis.server.raftlog.RaftLogBase.appendEntry(RaftLogBase.java:330)
	at org.apache.ratis.server.raftlog.segmented.SegmentedRaftLog.appendImpl(SegmentedRaftLog.java:457)
	at org.apache.ratis.server.raftlog.RaftLogBase.lambda$append$11(RaftLogBase.java:337)
	at org.apache.ratis.server.raftlog.RaftLogSequentialOps$Runner.runSequentially(RaftLogSequentialOps.java:69)
	at org.apache.ratis.server.raftlog.RaftLogBase.append(RaftLogBase.java:337)
	at org.apache.ratis.server.impl.RaftServerImpl.appendEntriesAsync(RaftServerImpl.java:1567)
	at org.apache.ratis.server.impl.RaftServerImpl.appendEntriesAsync(RaftServerImpl.java:1431)
	at org.apache.ratis.server.impl.RaftServerProxy.lambda$appendEntriesAsync$26(RaftServerProxy.java:639)
	at org.apache.ratis.util.JavaUtils.callAsUnchecked(JavaUtils.java:117)
	at org.apache.ratis.server.impl.RaftServerImpl.lambda$executeSubmitServerRequestAsync$10(RaftServerImpl.java:859)
	at java.base/java.util.concurrent.CompletableFuture$AsyncSupply.run(CompletableFuture.java:1700)
	... 3 more
2023-06-29 03:33:49,580 [grpc-default-executor-8] WARN  server.GrpcLogAppender (LogUtils.java:warn(124)) - s1@group-C92E7B86EDFC->s2-AppendLogResponseHandler: Failed appendEntries
org.apache.ratis.server.raftlog.RaftLogIOException: Log already failed at index 8 for task WriteLog:8: (t:2, i:8), STATEMACHINELOGENTRY, StateMachineLogEntryProto:377@client-E9B8430491AA
	at org.apache.ratis.server.raftlog.segmented.SegmentedRaftLogWorker.run(SegmentedRaftLogWorker.java:315)
	at java.base/java.util.concurrent.Executors$RunnableAdapter.call(Executors.java:515)
	at java.base/java.util.concurrent.FutureTask.run(FutureTask.java:264)
	at java.base/java.util.concurrent.ThreadPoolExecutor.runWorker(ThreadPoolExecutor.java:1128)
	at java.base/java.util.concurrent.ThreadPoolExecutor$Worker.run(ThreadPoolExecutor.java:628)
	at java.base/java.lang.Thread.run(Thread.java:829)
Caused by: java.io.IOException: java.lang.IllegalStateException: Null stream: entry=term: 2
index: 8
stateMachineLogEntry {
  type: DATASTREAM
  clientId: "J\000\\\302\362\322H[\226\355\351\270C\004\221\252"
  callId: 377
}

	at org.apache.ratis.util.IOUtils.asIOException(IOUtils.java:56)
	at org.apache.ratis.util.IOUtils.toIOException(IOUtils.java:61)
	at org.apache.ratis.util.IOUtils.getFromFuture(IOUtils.java:85)
	at org.apache.ratis.server.raftlog.segmented.SegmentedRaftLogWorker$StateMachineDataPolicy.getFromFuture(SegmentedRaftLogWorker.java:88)
	at org.apache.ratis.server.raftlog.segmented.SegmentedRaftLogWorker$WriteLog.execute(SegmentedRaftLogWorker.java:535)
	at org.apache.ratis.server.raftlog.segmented.SegmentedRaftLogWorker.run(SegmentedRaftLogWorker.java:303)
	... 5 more
Caused by: java.lang.IllegalStateException: Null stream: entry=term: 2
index: 8
stateMachineLogEntry {
  type: DATASTREAM
  clientId: "J\000\\\302\362\322H[\226\355\351\270C\004\221\252"
  callId: 377
}

	at org.apache.ratis.datastream.DataStreamTestUtils$MultiDataStreamStateMachine.link(DataStreamTestUtils.java:159)
	at org.apache.ratis.server.raftlog.segmented.SegmentedRaftLogWorker$WriteLog.<init>(SegmentedRaftLogWorker.java:492)
	at org.apache.ratis.server.raftlog.segmented.SegmentedRaftLogWorker.writeLogEntry(SegmentedRaftLogWorker.java:438)
	at org.apache.ratis.server.raftlog.segmented.SegmentedRaftLog.appendEntryImpl(SegmentedRaftLog.java:409)
	at org.apache.ratis.server.raftlog.RaftLogBase.lambda$appendEntry$10(RaftLogBase.java:330)
	at org.apache.ratis.server.raftlog.RaftLogSequentialOps$Runner.runSequentially(RaftLogSequentialOps.java:78)
	at org.apache.ratis.server.raftlog.RaftLogBase.appendEntry(RaftLogBase.java:330)
	at org.apache.ratis.server.raftlog.segmented.SegmentedRaftLog.appendImpl(SegmentedRaftLog.java:457)
	at org.apache.ratis.server.raftlog.RaftLogBase.lambda$append$11(RaftLogBase.java:337)
	at org.apache.ratis.server.raftlog.RaftLogSequentialOps$Runner.runSequentially(RaftLogSequentialOps.java:69)
	at org.apache.ratis.server.raftlog.RaftLogBase.append(RaftLogBase.java:337)
	at org.apache.ratis.server.impl.RaftServerImpl.appendEntriesAsync(RaftServerImpl.java:1567)
	at org.apache.ratis.server.impl.RaftServerImpl.appendEntriesAsync(RaftServerImpl.java:1431)
	at org.apache.ratis.server.impl.RaftServerProxy.lambda$appendEntriesAsync$26(RaftServerProxy.java:639)
	at org.apache.ratis.util.JavaUtils.callAsUnchecked(JavaUtils.java:117)
	at org.apache.ratis.server.impl.RaftServerImpl.lambda$executeSubmitServerRequestAsync$10(RaftServerImpl.java:859)
	at java.base/java.util.concurrent.CompletableFuture$AsyncSupply.run(CompletableFuture.java:1700)
	... 3 more
2023-06-29 03:33:49,580 [grpc-default-executor-8] INFO  leader.FollowerInfo (FollowerInfoImpl.java:lambda$new$0(52)) - s1@group-C92E7B86EDFC->s2: decreaseNextIndex nextIndex: updateUnconditionally 11 -> 8
2023-06-29 03:33:49,598 [s1-client-thread2] INFO  statemachine.StateMachine (DataStreamTestUtils.java:link(157)) - link SingleDataStream: writeRequest=RaftClientRequest:client-EBEB1F61990C->s1@group-C92E7B86EDFC, cid=376, seq=0, DataStream, Message:<EMPTY>, logEntry=null
2023-06-29 03:33:49,603 [s2-server-thread2] INFO  statemachine.StateMachine (DataStreamTestUtils.java:link(157)) - link SingleDataStream: writeRequest=RaftClientRequest:client-EBEB1F61990C->s1@group-C92E7B86EDFC, cid=376, seq=0, DataStream, Message:<EMPTY>, logEntry=null
2023-06-29 03:33:49,603 [s2-server-thread2] WARN  server.GrpcServerProtocolService (LogUtils.java:warn(124)) - s2: Failed APPEND_ENTRIES request s1->s2#21-t2,previous=(t:2, i:7),leaderCommit=7,initializing? true,entries: size=4, first=(t:2, i:8), STATEMACHINELOGENTRY, 377@client-E9B8430491AA
java.util.concurrent.CompletionException: org.apache.ratis.server.raftlog.RaftLogIOException: Log already failed at index 8 for task WriteLog:8: (t:2, i:8), STATEMACHINELOGENTRY, StateMachineLogEntryProto:377@client-E9B8430491AA
	at java.base/java.util.concurrent.CompletableFuture.encodeThrowable(CompletableFuture.java:331)
	at java.base/java.util.concurrent.CompletableFuture.completeThrowable(CompletableFuture.java:346)
	at java.base/java.util.concurrent.CompletableFuture$BiRelay.tryFire(CompletableFuture.java:1423)
	at java.base/java.util.concurrent.CompletableFuture$CoCompletion.tryFire(CompletableFuture.java:1144)
	at java.base/java.util.concurrent.CompletableFuture.postComplete(CompletableFuture.java:506)
	at java.base/java.util.concurrent.CompletableFuture.completeExceptionally(CompletableFuture.java:2088)
	at org.apache.ratis.server.raftlog.segmented.SegmentedRaftLog$Task.failed(SegmentedRaftLog.java:105)
	at org.apache.ratis.server.raftlog.segmented.SegmentedRaftLogWorker$WriteLog.failed(SegmentedRaftLogWorker.java:514)
	at org.apache.ratis.server.raftlog.segmented.SegmentedRaftLogWorker.run(SegmentedRaftLogWorker.java:312)
	at java.base/java.util.concurrent.Executors$RunnableAdapter.call(Executors.java:515)
	at java.base/java.util.concurrent.FutureTask.run(FutureTask.java:264)
	at java.base/java.util.concurrent.ThreadPoolExecutor.runWorker(ThreadPoolExecutor.java:1128)
	at java.base/java.util.concurrent.ThreadPoolExecutor$Worker.run(ThreadPoolExecutor.java:628)
	at java.base/java.lang.Thread.run(Thread.java:829)
Caused by: org.apache.ratis.server.raftlog.RaftLogIOException: Log already failed at index 8 for task WriteLog:8: (t:2, i:8), STATEMACHINELOGENTRY, StateMachineLogEntryProto:377@client-E9B8430491AA
	at org.apache.ratis.server.raftlog.segmented.SegmentedRaftLogWorker.run(SegmentedRaftLogWorker.java:315)
	... 5 more
Caused by: java.io.IOException: java.lang.IllegalStateException: Null stream: entry=term: 2
index: 8
stateMachineLogEntry {
  type: DATASTREAM
  clientId: "J\000\\\302\362\322H[\226\355\351\270C\004\221\252"
  callId: 377
}

	at org.apache.ratis.util.IOUtils.asIOException(IOUtils.java:56)
	at org.apache.ratis.util.IOUtils.toIOException(IOUtils.java:61)
	at org.apache.ratis.util.IOUtils.getFromFuture(IOUtils.java:85)
	at org.apache.ratis.server.raftlog.segmented.SegmentedRaftLogWorker$StateMachineDataPolicy.getFromFuture(SegmentedRaftLogWorker.java:88)
	at org.apache.ratis.server.raftlog.segmented.SegmentedRaftLogWorker$WriteLog.execute(SegmentedRaftLogWorker.java:535)
	at org.apache.ratis.server.raftlog.segmented.SegmentedRaftLogWorker.run(SegmentedRaftLogWorker.java:303)
	... 5 more
Caused by: java.lang.IllegalStateException: Null stream: entry=term: 2
index: 8
stateMachineLogEntry {
  type: DATASTREAM
  clientId: "J\000\\\302\362\322H[\226\355\351\270C\004\221\252"
  callId: 377
}

	at org.apache.ratis.datastream.DataStreamTestUtils$MultiDataStreamStateMachine.link(DataStreamTestUtils.java:159)
	at org.apache.ratis.server.raftlog.segmented.SegmentedRaftLogWorker$WriteLog.<init>(SegmentedRaftLogWorker.java:492)
	at org.apache.ratis.server.raftlog.segmented.SegmentedRaftLogWorker.writeLogEntry(SegmentedRaftLogWorker.java:438)
	at org.apache.ratis.server.raftlog.segmented.SegmentedRaftLog.appendEntryImpl(SegmentedRaftLog.java:409)
	at org.apache.ratis.server.raftlog.RaftLogBase.lambda$appendEntry$10(RaftLogBase.java:330)
	at org.apache.ratis.server.raftlog.RaftLogSequentialOps$Runner.runSequentially(RaftLogSequentialOps.java:78)
	at org.apache.ratis.server.raftlog.RaftLogBase.appendEntry(RaftLogBase.java:330)
	at org.apache.ratis.server.raftlog.segmented.SegmentedRaftLog.appendImpl(SegmentedRaftLog.java:457)
	at org.apache.ratis.server.raftlog.RaftLogBase.lambda$append$11(RaftLogBase.java:337)
	at org.apache.ratis.server.raftlog.RaftLogSequentialOps$Runner.runSequentially(RaftLogSequentialOps.java:69)
	at org.apache.ratis.server.raftlog.RaftLogBase.append(RaftLogBase.java:337)
	at org.apache.ratis.server.impl.RaftServerImpl.appendEntriesAsync(RaftServerImpl.java:1567)
	at org.apache.ratis.server.impl.RaftServerImpl.appendEntriesAsync(RaftServerImpl.java:1431)
	at org.apache.ratis.server.impl.RaftServerProxy.lambda$appendEntriesAsync$26(RaftServerProxy.java:639)
	at org.apache.ratis.util.JavaUtils.callAsUnchecked(JavaUtils.java:117)
	at org.apache.ratis.server.impl.RaftServerImpl.lambda$executeSubmitServerRequestAsync$10(RaftServerImpl.java:859)
	at java.base/java.util.concurrent.CompletableFuture$AsyncSupply.run(CompletableFuture.java:1700)
	... 3 more
2023-06-29 03:33:49,605 [grpc-default-executor-8] WARN  server.GrpcLogAppender (LogUtils.java:warn(124)) - s1@group-C92E7B86EDFC->s0-AppendLogResponseHandler: Failed appendEntries
org.apache.ratis.server.raftlog.RaftLogIOException: Log already failed at index 8 for task WriteLog:8: (t:2, i:8), STATEMACHINELOGENTRY, StateMachineLogEntryProto:377@client-E9B8430491AA
	at org.apache.ratis.server.raftlog.segmented.SegmentedRaftLogWorker.run(SegmentedRaftLogWorker.java:315)
	at java.base/java.util.concurrent.Executors$RunnableAdapter.call(Executors.java:515)
	at java.base/java.util.concurrent.FutureTask.run(FutureTask.java:264)
	at java.base/java.util.concurrent.ThreadPoolExecutor.runWorker(ThreadPoolExecutor.java:1128)
	at java.base/java.util.concurrent.ThreadPoolExecutor$Worker.run(ThreadPoolExecutor.java:628)
	at java.base/java.lang.Thread.run(Thread.java:829)
Caused by: java.io.IOException: java.lang.IllegalStateException: Null stream: entry=term: 2
index: 8
stateMachineLogEntry {
  type: DATASTREAM
  clientId: "J\000\\\302\362\322H[\226\355\351\270C\004\221\252"
  callId: 377
}

	at org.apache.ratis.util.IOUtils.asIOException(IOUtils.java:56)
	at org.apache.ratis.util.IOUtils.toIOException(IOUtils.java:61)
	at org.apache.ratis.util.IOUtils.getFromFuture(IOUtils.java:85)
	at org.apache.ratis.server.raftlog.segmented.SegmentedRaftLogWorker$StateMachineDataPolicy.getFromFuture(SegmentedRaftLogWorker.java:88)
	at org.apache.ratis.server.raftlog.segmented.SegmentedRaftLogWorker$WriteLog.execute(SegmentedRaftLogWorker.java:535)
	at org.apache.ratis.server.raftlog.segmented.SegmentedRaftLogWorker.run(SegmentedRaftLogWorker.java:303)
	... 5 more
Caused by: java.lang.IllegalStateException: Null stream: entry=term: 2
index: 8
stateMachineLogEntry {
  type: DATASTREAM
  clientId: "J\000\\\302\362\322H[\226\355\351\270C\004\221\252"
  callId: 377
}

	at org.apache.ratis.datastream.DataStreamTestUtils$MultiDataStreamStateMachine.link(DataStreamTestUtils.java:159)
	at org.apache.ratis.server.raftlog.segmented.SegmentedRaftLogWorker$WriteLog.<init>(SegmentedRaftLogWorker.java:492)
	at org.apache.ratis.server.raftlog.segmented.SegmentedRaftLogWorker.writeLogEntry(SegmentedRaftLogWorker.java:438)
	at org.apache.ratis.server.raftlog.segmented.SegmentedRaftLog.appendEntryImpl(SegmentedRaftLog.java:409)
	at org.apache.ratis.server.raftlog.RaftLogBase.lambda$appendEntry$10(RaftLogBase.java:330)
	at org.apache.ratis.server.raftlog.RaftLogSequentialOps$Runner.runSequentially(RaftLogSequentialOps.java:78)
	at org.apache.ratis.server.raftlog.RaftLogBase.appendEntry(RaftLogBase.java:330)
	at org.apache.ratis.server.raftlog.segmented.SegmentedRaftLog.appendImpl(SegmentedRaftLog.java:457)
	at org.apache.ratis.server.raftlog.RaftLogBase.lambda$append$11(RaftLogBase.java:337)
	at org.apache.ratis.server.raftlog.RaftLogSequentialOps$Runner.runSequentially(RaftLogSequentialOps.java:69)
	at org.apache.ratis.server.raftlog.RaftLogBase.append(RaftLogBase.java:337)
	at org.apache.ratis.server.impl.RaftServerImpl.appendEntriesAsync(RaftServerImpl.java:1567)
	at org.apache.ratis.server.impl.RaftServerImpl.appendEntriesAsync(RaftServerImpl.java:1431)
	at org.apache.ratis.server.impl.RaftServerProxy.lambda$appendEntriesAsync$26(RaftServerProxy.java:639)
	at org.apache.ratis.util.JavaUtils.callAsUnchecked(JavaUtils.java:117)
	at org.apache.ratis.server.impl.RaftServerImpl.lambda$executeSubmitServerRequestAsync$10(RaftServerImpl.java:859)
	at java.base/java.util.concurrent.CompletableFuture$AsyncSupply.run(CompletableFuture.java:1700)
	... 3 more
2023-06-29 03:33:49,605 [grpc-default-executor-8] INFO  leader.FollowerInfo (FollowerInfoImpl.java:lambda$new$0(52)) - s1@group-C92E7B86EDFC->s0: decreaseNextIndex nextIndex: updateUnconditionally 12 -> 8
2023-06-29 03:33:49,613 [s0-server-thread1] INFO  statemachine.StateMachine (DataStreamTestUtils.java:link(157)) - link SingleDataStream: writeRequest=RaftClientRequest:client-EBEB1F61990C->s1@group-C92E7B86EDFC, cid=376, seq=0, DataStream, Message:<EMPTY>, logEntry=null
2023-06-29 03:33:49,614 [grpc-default-executor-8] WARN  server.GrpcServerProtocolService (LogUtils.java:warn(124)) - s0: Failed APPEND_ENTRIES request s1->s0#22-t2,previous=(t:2, i:7),leaderCommit=7,initializing? true,entries: size=4, first=(t:2, i:8), STATEMACHINELOGENTRY, 377@client-E9B8430491AA
java.util.concurrent.CompletionException: org.apache.ratis.server.raftlog.RaftLogIOException: Log already failed at index 8 for task WriteLog:8: (t:2, i:8), STATEMACHINELOGENTRY, StateMachineLogEntryProto:377@client-E9B8430491AA
	at java.base/java.util.concurrent.CompletableFuture.encodeThrowable(CompletableFuture.java:331)
	at java.base/java.util.concurrent.CompletableFuture.completeThrowable(CompletableFuture.java:346)
	at java.base/java.util.concurrent.CompletableFuture$BiRelay.tryFire(CompletableFuture.java:1423)
	at java.base/java.util.concurrent.CompletableFuture$CoCompletion.tryFire(CompletableFuture.java:1144)
	at java.base/java.util.concurrent.CompletableFuture.postComplete(CompletableFuture.java:506)
	at java.base/java.util.concurrent.CompletableFuture.completeExceptionally(CompletableFuture.java:2088)
	at org.apache.ratis.server.raftlog.segmented.SegmentedRaftLog$Task.failed(SegmentedRaftLog.java:105)
	at org.apache.ratis.server.raftlog.segmented.SegmentedRaftLogWorker$WriteLog.failed(SegmentedRaftLogWorker.java:514)
	at org.apache.ratis.server.raftlog.segmented.SegmentedRaftLogWorker.run(SegmentedRaftLogWorker.java:312)
	at java.base/java.util.concurrent.Executors$RunnableAdapter.call(Executors.java:515)
	at java.base/java.util.concurrent.FutureTask.run(FutureTask.java:264)
	at java.base/java.util.concurrent.ThreadPoolExecutor.runWorker(ThreadPoolExecutor.java:1128)
	at java.base/java.util.concurrent.ThreadPoolExecutor$Worker.run(ThreadPoolExecutor.java:628)
	at java.base/java.lang.Thread.run(Thread.java:829)
Caused by: org.apache.ratis.server.raftlog.RaftLogIOException: Log already failed at index 8 for task WriteLog:8: (t:2, i:8), STATEMACHINELOGENTRY, StateMachineLogEntryProto:377@client-E9B8430491AA
	at org.apache.ratis.server.raftlog.segmented.SegmentedRaftLogWorker.run(SegmentedRaftLogWorker.java:315)
	... 5 more
Caused by: java.io.IOException: java.lang.IllegalStateException: Null stream: entry=term: 2
index: 8
stateMachineLogEntry {
  type: DATASTREAM
  clientId: "J\000\\\302\362\322H[\226\355\351\270C\004\221\252"
  callId: 377
}

	at org.apache.ratis.util.IOUtils.asIOException(IOUtils.java:56)
	at org.apache.ratis.util.IOUtils.toIOException(IOUtils.java:61)
	at org.apache.ratis.util.IOUtils.getFromFuture(IOUtils.java:85)
	at org.apache.ratis.server.raftlog.segmented.SegmentedRaftLogWorker$StateMachineDataPolicy.getFromFuture(SegmentedRaftLogWorker.java:88)
	at org.apache.ratis.server.raftlog.segmented.SegmentedRaftLogWorker$WriteLog.execute(SegmentedRaftLogWorker.java:535)
	at org.apache.ratis.server.raftlog.segmented.SegmentedRaftLogWorker.run(SegmentedRaftLogWorker.java:303)
	... 5 more
Caused by: java.lang.IllegalStateException: Null stream: entry=term: 2
index: 8
stateMachineLogEntry {
  type: DATASTREAM
  clientId: "J\000\\\302\362\322H[\226\355\351\270C\004\221\252"
  callId: 377
}

	at org.apache.ratis.datastream.DataStreamTestUtils$MultiDataStreamStateMachine.link(DataStreamTestUtils.java:159)
	at org.apache.ratis.server.raftlog.segmented.SegmentedRaftLogWorker$WriteLog.<init>(SegmentedRaftLogWorker.java:492)
	at org.apache.ratis.server.raftlog.segmented.SegmentedRaftLogWorker.writeLogEntry(SegmentedRaftLogWorker.java:438)
	at org.apache.ratis.server.raftlog.segmented.SegmentedRaftLog.appendEntryImpl(SegmentedRaftLog.java:409)
	at org.apache.ratis.server.raftlog.RaftLogBase.lambda$appendEntry$10(RaftLogBase.java:330)
	at org.apache.ratis.server.raftlog.RaftLogSequentialOps$Runner.runSequentially(RaftLogSequentialOps.java:78)
	at org.apache.ratis.server.raftlog.RaftLogBase.appendEntry(RaftLogBase.java:330)
	at org.apache.ratis.server.raftlog.segmented.SegmentedRaftLog.appendImpl(SegmentedRaftLog.java:457)
	at org.apache.ratis.server.raftlog.RaftLogBase.lambda$append$11(RaftLogBase.java:337)
	at org.apache.ratis.server.raftlog.RaftLogSequentialOps$Runner.runSequentially(RaftLogSequentialOps.java:69)
	at org.apache.ratis.server.raftlog.RaftLogBase.append(RaftLogBase.java:337)
	at org.apache.ratis.server.impl.RaftServerImpl.appendEntriesAsync(RaftServerImpl.java:1567)
	at org.apache.ratis.server.impl.RaftServerImpl.appendEntriesAsync(RaftServerImpl.java:1431)
	at org.apache.ratis.server.impl.RaftServerProxy.lambda$appendEntriesAsync$26(RaftServerProxy.java:639)
	at org.apache.ratis.util.JavaUtils.callAsUnchecked(JavaUtils.java:117)
	at org.apache.ratis.server.impl.RaftServerImpl.lambda$executeSubmitServerRequestAsync$10(RaftServerImpl.java:859)
	at java.base/java.util.concurrent.CompletableFuture$AsyncSupply.run(CompletableFuture.java:1700)
	... 3 more
2023-06-29 03:33:49,619 [grpc-default-executor-7] WARN  server.GrpcLogAppender (LogUtils.java:warn(124)) - s1@group-C92E7B86EDFC->s2-AppendLogResponseHandler: Failed appendEntries
org.apache.ratis.server.raftlog.RaftLogIOException: Log already failed at index 8 for task WriteLog:8: (t:2, i:8), STATEMACHINELOGENTRY, StateMachineLogEntryProto:377@client-E9B8430491AA
	at org.apache.ratis.server.raftlog.segmented.SegmentedRaftLogWorker.run(SegmentedRaftLogWorker.java:315)
	at java.base/java.util.concurrent.Executors$RunnableAdapter.call(Executors.java:515)
	at java.base/java.util.concurrent.FutureTask.run(FutureTask.java:264)
	at java.base/java.util.concurrent.ThreadPoolExecutor.runWorker(ThreadPoolExecutor.java:1128)
	at java.base/java.util.concurrent.ThreadPoolExecutor$Worker.run(ThreadPoolExecutor.java:628)
	at java.base/java.lang.Thread.run(Thread.java:829)
Caused by: java.io.IOException: java.lang.IllegalStateException: Null stream: entry=term: 2
index: 8
stateMachineLogEntry {
  type: DATASTREAM
  clientId: "J\000\\\302\362\322H[\226\355\351\270C\004\221\252"
  callId: 377
}

	at org.apache.ratis.util.IOUtils.asIOException(IOUtils.java:56)
	at org.apache.ratis.util.IOUtils.toIOException(IOUtils.java:61)
	at org.apache.ratis.util.IOUtils.getFromFuture(IOUtils.java:85)
	at org.apache.ratis.server.raftlog.segmented.SegmentedRaftLogWorker$StateMachineDataPolicy.getFromFuture(SegmentedRaftLogWorker.java:88)
	at org.apache.ratis.server.raftlog.segmented.SegmentedRaftLogWorker$WriteLog.execute(SegmentedRaftLogWorker.java:535)
	at org.apache.ratis.server.raftlog.segmented.SegmentedRaftLogWorker.run(SegmentedRaftLogWorker.java:303)
	... 5 more
Caused by: java.lang.IllegalStateException: Null stream: entry=term: 2
index: 8
stateMachineLogEntry {
  type: DATASTREAM
  clientId: "J\000\\\302\362\322H[\226\355\351\270C\004\221\252"
  callId: 377
}

	at org.apache.ratis.datastream.DataStreamTestUtils$MultiDataStreamStateMachine.link(DataStreamTestUtils.java:159)
	at org.apache.ratis.server.raftlog.segmented.SegmentedRaftLogWorker$WriteLog.<init>(SegmentedRaftLogWorker.java:492)
	at org.apache.ratis.server.raftlog.segmented.SegmentedRaftLogWorker.writeLogEntry(SegmentedRaftLogWorker.java:438)
	at org.apache.ratis.server.raftlog.segmented.SegmentedRaftLog.appendEntryImpl(SegmentedRaftLog.java:409)
	at org.apache.ratis.server.raftlog.RaftLogBase.lambda$appendEntry$10(RaftLogBase.java:330)
	at org.apache.ratis.server.raftlog.RaftLogSequentialOps$Runner.runSequentially(RaftLogSequentialOps.java:78)
	at org.apache.ratis.server.raftlog.RaftLogBase.appendEntry(RaftLogBase.java:330)
	at org.apache.ratis.server.raftlog.segmented.SegmentedRaftLog.appendImpl(SegmentedRaftLog.java:457)
	at org.apache.ratis.server.raftlog.RaftLogBase.lambda$append$11(RaftLogBase.java:337)
	at org.apache.ratis.server.raftlog.RaftLogSequentialOps$Runner.runSequentially(RaftLogSequentialOps.java:69)
	at org.apache.ratis.server.raftlog.RaftLogBase.append(RaftLogBase.java:337)
	at org.apache.ratis.server.impl.RaftServerImpl.appendEntriesAsync(RaftServerImpl.java:1567)
	at org.apache.ratis.server.impl.RaftServerImpl.appendEntriesAsync(RaftServerImpl.java:1431)
	at org.apache.ratis.server.impl.RaftServerProxy.lambda$appendEntriesAsync$26(RaftServerProxy.java:639)
	at org.apache.ratis.util.JavaUtils.callAsUnchecked(JavaUtils.java:117)
	at org.apache.ratis.server.impl.RaftServerImpl.lambda$executeSubmitServerRequestAsync$10(RaftServerImpl.java:859)
	at java.base/java.util.concurrent.CompletableFuture$AsyncSupply.run(CompletableFuture.java:1700)
	... 3 more
2023-06-29 03:33:49,619 [grpc-default-executor-7] INFO  leader.FollowerInfo (FollowerInfoImpl.java:lambda$new$0(52)) - s1@group-C92E7B86EDFC->s2: decreaseNextIndex nextIndex: updateUnconditionally 12 -> 8
2023-06-29 03:33:49,632 [grpc-default-executor-7] WARN  server.GrpcLogAppender (LogUtils.java:warn(124)) - s1@group-C92E7B86EDFC->s0-AppendLogResponseHandler: Failed appendEntries
org.apache.ratis.server.raftlog.RaftLogIOException: Log already failed at index 8 for task WriteLog:8: (t:2, i:8), STATEMACHINELOGENTRY, StateMachineLogEntryProto:377@client-E9B8430491AA
	at org.apache.ratis.server.raftlog.segmented.SegmentedRaftLogWorker.run(SegmentedRaftLogWorker.java:315)
	at java.base/java.util.concurrent.Executors$RunnableAdapter.call(Executors.java:515)
	at java.base/java.util.concurrent.FutureTask.run(FutureTask.java:264)
	at java.base/java.util.concurrent.ThreadPoolExecutor.runWorker(ThreadPoolExecutor.java:1128)
	at java.base/java.util.concurrent.ThreadPoolExecutor$Worker.run(ThreadPoolExecutor.java:628)
	at java.base/java.lang.Thread.run(Thread.java:829)
Caused by: java.io.IOException: java.lang.IllegalStateException: Null stream: entry=term: 2
index: 8
stateMachineLogEntry {
  type: DATASTREAM
  clientId: "J\000\\\302\362\322H[\226\355\351\270C\004\221\252"
  callId: 377
}

	at org.apache.ratis.util.IOUtils.asIOException(IOUtils.java:56)
	at org.apache.ratis.util.IOUtils.toIOException(IOUtils.java:61)
	at org.apache.ratis.util.IOUtils.getFromFuture(IOUtils.java:85)
	at org.apache.ratis.server.raftlog.segmented.SegmentedRaftLogWorker$StateMachineDataPolicy.getFromFuture(SegmentedRaftLogWorker.java:88)
	at org.apache.ratis.server.raftlog.segmented.SegmentedRaftLogWorker$WriteLog.execute(SegmentedRaftLogWorker.java:535)
	at org.apache.ratis.server.raftlog.segmented.SegmentedRaftLogWorker.run(SegmentedRaftLogWorker.java:303)
	... 5 more
Caused by: java.lang.IllegalStateException: Null stream: entry=term: 2
index: 8
stateMachineLogEntry {
  type: DATASTREAM
  clientId: "J\000\\\302\362\322H[\226\355\351\270C\004\221\252"
  callId: 377
}

	at org.apache.ratis.datastream.DataStreamTestUtils$MultiDataStreamStateMachine.link(DataStreamTestUtils.java:159)
	at org.apache.ratis.server.raftlog.segmented.SegmentedRaftLogWorker$WriteLog.<init>(SegmentedRaftLogWorker.java:492)
	at org.apache.ratis.server.raftlog.segmented.SegmentedRaftLogWorker.writeLogEntry(SegmentedRaftLogWorker.java:438)
	at org.apache.ratis.server.raftlog.segmented.SegmentedRaftLog.appendEntryImpl(SegmentedRaftLog.java:409)
	at org.apache.ratis.server.raftlog.RaftLogBase.lambda$appendEntry$10(RaftLogBase.java:330)
	at org.apache.ratis.server.raftlog.RaftLogSequentialOps$Runner.runSequentially(RaftLogSequentialOps.java:78)
	at org.apache.ratis.server.raftlog.RaftLogBase.appendEntry(RaftLogBase.java:330)
	at org.apache.ratis.server.raftlog.segmented.SegmentedRaftLog.appendImpl(SegmentedRaftLog.java:457)
	at org.apache.ratis.server.raftlog.RaftLogBase.lambda$append$11(RaftLogBase.java:337)
	at org.apache.ratis.server.raftlog.RaftLogSequentialOps$Runner.runSequentially(RaftLogSequentialOps.java:69)
	at org.apache.ratis.server.raftlog.RaftLogBase.append(RaftLogBase.java:337)
	at org.apache.ratis.server.impl.RaftServerImpl.appendEntriesAsync(RaftServerImpl.java:1567)
	at org.apache.ratis.server.impl.RaftServerImpl.appendEntriesAsync(RaftServerImpl.java:1431)
	at org.apache.ratis.server.impl.RaftServerProxy.lambda$appendEntriesAsync$26(RaftServerProxy.java:639)
	at org.apache.ratis.util.JavaUtils.callAsUnchecked(JavaUtils.java:117)
	at org.apache.ratis.server.impl.RaftServerImpl.lambda$executeSubmitServerRequestAsync$10(RaftServerImpl.java:859)
	at java.base/java.util.concurrent.CompletableFuture$AsyncSupply.run(CompletableFuture.java:1700)
	... 3 more
2023-06-29 03:33:49,633 [grpc-default-executor-7] INFO  leader.FollowerInfo (FollowerInfoImpl.java:lambda$new$0(52)) - s1@group-C92E7B86EDFC->s0: decreaseNextIndex nextIndex: updateUnconditionally 12 -> 8
2023-06-29 03:33:51,375 [pool-7-thread-12] INFO  datastream.DataStreamTestUtils (DataStreamTestUtils.java:writeAndCloseAndAssertReplies(320)) - Stream383: bytesWritten=3754695
2023-06-29 03:33:51,396 [s1-client-thread2] INFO  statemachine.StateMachine (DataStreamTestUtils.java:link(157)) - link SingleDataStream: writeRequest=RaftClientRequest:client-1DC5253A1C40->s0@group-C92E7B86EDFC, cid=383, seq=0, DataStream, Message:<EMPTY>, logEntry=null
2023-06-29 03:33:51,397 [s2-server-thread2] INFO  statemachine.StateMachine (DataStreamTestUtils.java:link(157)) - link SingleDataStream: writeRequest=RaftClientRequest:client-1DC5253A1C40->s0@group-C92E7B86EDFC, cid=383, seq=0, DataStream, Message:<EMPTY>, logEntry=null
2023-06-29 03:33:51,397 [s0-server-thread6] INFO  statemachine.StateMachine (DataStreamTestUtils.java:link(157)) - link SingleDataStream: writeRequest=RaftClientRequest:client-1DC5253A1C40->s0@group-C92E7B86EDFC, cid=383, seq=0, DataStream, Message:<EMPTY>, logEntry=null
2023-06-29 03:33:51,397 [grpc-default-executor-7] WARN  server.GrpcServerProtocolService (LogUtils.java:warn(124)) - s2: Failed APPEND_ENTRIES request s1->s2#46-t2,previous=(t:2, i:11),leaderCommit=7,initializing? true,entries: size=1, first=(t:2, i:12), STATEMACHINELOGENTRY, 383@client-1DC5253A1C40
java.util.concurrent.CompletionException: org.apache.ratis.server.raftlog.RaftLogIOException: Log already failed at index 8 for task WriteLog:8: (t:2, i:8), STATEMACHINELOGENTRY, StateMachineLogEntryProto:377@client-E9B8430491AA
	at java.base/java.util.concurrent.CompletableFuture.encodeThrowable(CompletableFuture.java:331)
	at java.base/java.util.concurrent.CompletableFuture.completeThrowable(CompletableFuture.java:346)
	at java.base/java.util.concurrent.CompletableFuture$BiRelay.tryFire(CompletableFuture.java:1423)
	at java.base/java.util.concurrent.CompletableFuture$CoCompletion.tryFire(CompletableFuture.java:1144)
	at java.base/java.util.concurrent.CompletableFuture.postComplete(CompletableFuture.java:506)
	at java.base/java.util.concurrent.CompletableFuture.completeExceptionally(CompletableFuture.java:2088)
	at org.apache.ratis.server.raftlog.segmented.SegmentedRaftLog$Task.failed(SegmentedRaftLog.java:105)
	at org.apache.ratis.server.raftlog.segmented.SegmentedRaftLogWorker$WriteLog.failed(SegmentedRaftLogWorker.java:514)
	at org.apache.ratis.server.raftlog.segmented.SegmentedRaftLogWorker.run(SegmentedRaftLogWorker.java:312)
	at java.base/java.util.concurrent.Executors$RunnableAdapter.call(Executors.java:515)
	at java.base/java.util.concurrent.FutureTask.run(FutureTask.java:264)
	at java.base/java.util.concurrent.ThreadPoolExecutor.runWorker(ThreadPoolExecutor.java:1128)
	at java.base/java.util.concurrent.ThreadPoolExecutor$Worker.run(ThreadPoolExecutor.java:628)
	at java.base/java.lang.Thread.run(Thread.java:829)
Caused by: org.apache.ratis.server.raftlog.RaftLogIOException: Log already failed at index 8 for task WriteLog:8: (t:2, i:8), STATEMACHINELOGENTRY, StateMachineLogEntryProto:377@client-E9B8430491AA
	at org.apache.ratis.server.raftlog.segmented.SegmentedRaftLogWorker.run(SegmentedRaftLogWorker.java:315)
	... 5 more
Caused by: java.io.IOException: java.lang.IllegalStateException: Null stream: entry=term: 2
index: 8
stateMachineLogEntry {
  type: DATASTREAM
  clientId: "J\000\\\302\362\322H[\226\355\351\270C\004\221\252"
  callId: 377
}

	at org.apache.ratis.util.IOUtils.asIOException(IOUtils.java:56)
	at org.apache.ratis.util.IOUtils.toIOException(IOUtils.java:61)
	at org.apache.ratis.util.IOUtils.getFromFuture(IOUtils.java:85)
	at org.apache.ratis.server.raftlog.segmented.SegmentedRaftLogWorker$StateMachineDataPolicy.getFromFuture(SegmentedRaftLogWorker.java:88)
	at org.apache.ratis.server.raftlog.segmented.SegmentedRaftLogWorker$WriteLog.execute(SegmentedRaftLogWorker.java:535)
	at org.apache.ratis.server.raftlog.segmented.SegmentedRaftLogWorker.run(SegmentedRaftLogWorker.java:303)
	... 5 more
Caused by: java.lang.IllegalStateException: Null stream: entry=term: 2
index: 8
stateMachineLogEntry {
  type: DATASTREAM
  clientId: "J\000\\\302\362\322H[\226\355\351\270C\004\221\252"
  callId: 377
}

	at org.apache.ratis.datastream.DataStreamTestUtils$MultiDataStreamStateMachine.link(DataStreamTestUtils.java:159)
	at org.apache.ratis.server.raftlog.segmented.SegmentedRaftLogWorker$WriteLog.<init>(SegmentedRaftLogWorker.java:492)
	at org.apache.ratis.server.raftlog.segmented.SegmentedRaftLogWorker.writeLogEntry(SegmentedRaftLogWorker.java:438)
	at org.apache.ratis.server.raftlog.segmented.SegmentedRaftLog.appendEntryImpl(SegmentedRaftLog.java:409)
	at org.apache.ratis.server.raftlog.RaftLogBase.lambda$appendEntry$10(RaftLogBase.java:330)
	at org.apache.ratis.server.raftlog.RaftLogSequentialOps$Runner.runSequentially(RaftLogSequentialOps.java:78)
	at org.apache.ratis.server.raftlog.RaftLogBase.appendEntry(RaftLogBase.java:330)
	at org.apache.ratis.server.raftlog.segmented.SegmentedRaftLog.appendImpl(SegmentedRaftLog.java:457)
	at org.apache.ratis.server.raftlog.RaftLogBase.lambda$append$11(RaftLogBase.java:337)
	at org.apache.ratis.server.raftlog.RaftLogSequentialOps$Runner.runSequentially(RaftLogSequentialOps.java:69)
	at org.apache.ratis.server.raftlog.RaftLogBase.append(RaftLogBase.java:337)
	at org.apache.ratis.server.impl.RaftServerImpl.appendEntriesAsync(RaftServerImpl.java:1567)
	at org.apache.ratis.server.impl.RaftServerImpl.appendEntriesAsync(RaftServerImpl.java:1431)
	at org.apache.ratis.server.impl.RaftServerProxy.lambda$appendEntriesAsync$26(RaftServerProxy.java:639)
	at org.apache.ratis.util.JavaUtils.callAsUnchecked(JavaUtils.java:117)
	at org.apache.ratis.server.impl.RaftServerImpl.lambda$executeSubmitServerRequestAsync$10(RaftServerImpl.java:859)
	at java.base/java.util.concurrent.CompletableFuture$AsyncSupply.run(CompletableFuture.java:1700)
	... 3 more
2023-06-29 03:33:51,401 [grpc-default-executor-8] WARN  server.GrpcServerProtocolService (LogUtils.java:warn(124)) - s0: Failed APPEND_ENTRIES request s1->s0#46-t2,previous=(t:2, i:11),leaderCommit=7,initializing? true,entries: size=1, first=(t:2, i:12), STATEMACHINELOGENTRY, 383@client-1DC5253A1C40
java.util.concurrent.CompletionException: org.apache.ratis.server.raftlog.RaftLogIOException: Log already failed at index 8 for task WriteLog:8: (t:2, i:8), STATEMACHINELOGENTRY, StateMachineLogEntryProto:377@client-E9B8430491AA
	at java.base/java.util.concurrent.CompletableFuture.encodeThrowable(CompletableFuture.java:331)
	at java.base/java.util.concurrent.CompletableFuture.completeThrowable(CompletableFuture.java:346)
	at java.base/java.util.concurrent.CompletableFuture$BiRelay.tryFire(CompletableFuture.java:1423)
	at java.base/java.util.concurrent.CompletableFuture$CoCompletion.tryFire(CompletableFuture.java:1144)
	at java.base/java.util.concurrent.CompletableFuture.postComplete(CompletableFuture.java:506)
	at java.base/java.util.concurrent.CompletableFuture.completeExceptionally(CompletableFuture.java:2088)
	at org.apache.ratis.server.raftlog.segmented.SegmentedRaftLog$Task.failed(SegmentedRaftLog.java:105)
	at org.apache.ratis.server.raftlog.segmented.SegmentedRaftLogWorker$WriteLog.failed(SegmentedRaftLogWorker.java:514)
	at org.apache.ratis.server.raftlog.segmented.SegmentedRaftLogWorker.run(SegmentedRaftLogWorker.java:312)
	at java.base/java.util.concurrent.Executors$RunnableAdapter.call(Executors.java:515)
	at java.base/java.util.concurrent.FutureTask.run(FutureTask.java:264)
	at java.base/java.util.concurrent.ThreadPoolExecutor.runWorker(ThreadPoolExecutor.java:1128)
	at java.base/java.util.concurrent.ThreadPoolExecutor$Worker.run(ThreadPoolExecutor.java:628)
	at java.base/java.lang.Thread.run(Thread.java:829)
Caused by: org.apache.ratis.server.raftlog.RaftLogIOException: Log already failed at index 8 for task WriteLog:8: (t:2, i:8), STATEMACHINELOGENTRY, StateMachineLogEntryProto:377@client-E9B8430491AA
	at org.apache.ratis.server.raftlog.segmented.SegmentedRaftLogWorker.run(SegmentedRaftLogWorker.java:315)
	... 5 more
Caused by: java.io.IOException: java.lang.IllegalStateException: Null stream: entry=term: 2
index: 8
stateMachineLogEntry {
  type: DATASTREAM
  clientId: "J\000\\\302\362\322H[\226\355\351\270C\004\221\252"
  callId: 377
}

	at org.apache.ratis.util.IOUtils.asIOException(IOUtils.java:56)
	at org.apache.ratis.util.IOUtils.toIOException(IOUtils.java:61)
	at org.apache.ratis.util.IOUtils.getFromFuture(IOUtils.java:85)
	at org.apache.ratis.server.raftlog.segmented.SegmentedRaftLogWorker$StateMachineDataPolicy.getFromFuture(SegmentedRaftLogWorker.java:88)
	at org.apache.ratis.server.raftlog.segmented.SegmentedRaftLogWorker$WriteLog.execute(SegmentedRaftLogWorker.java:535)
	at org.apache.ratis.server.raftlog.segmented.SegmentedRaftLogWorker.run(SegmentedRaftLogWorker.java:303)
	... 5 more
Caused by: java.lang.IllegalStateException: Null stream: entry=term: 2
index: 8
stateMachineLogEntry {
  type: DATASTREAM
  clientId: "J\000\\\302\362\322H[\226\355\351\270C\004\221\252"
  callId: 377
}

	at org.apache.ratis.datastream.DataStreamTestUtils$MultiDataStreamStateMachine.link(DataStreamTestUtils.java:159)
	at org.apache.ratis.server.raftlog.segmented.SegmentedRaftLogWorker$WriteLog.<init>(SegmentedRaftLogWorker.java:492)
	at org.apache.ratis.server.raftlog.segmented.SegmentedRaftLogWorker.writeLogEntry(SegmentedRaftLogWorker.java:438)
	at org.apache.ratis.server.raftlog.segmented.SegmentedRaftLog.appendEntryImpl(SegmentedRaftLog.java:409)
	at org.apache.ratis.server.raftlog.RaftLogBase.lambda$appendEntry$10(RaftLogBase.java:330)
	at org.apache.ratis.server.raftlog.RaftLogSequentialOps$Runner.runSequentially(RaftLogSequentialOps.java:78)
	at org.apache.ratis.server.raftlog.RaftLogBase.appendEntry(RaftLogBase.java:330)
	at org.apache.ratis.server.raftlog.segmented.SegmentedRaftLog.appendImpl(SegmentedRaftLog.java:457)
	at org.apache.ratis.server.raftlog.RaftLogBase.lambda$append$11(RaftLogBase.java:337)
	at org.apache.ratis.server.raftlog.RaftLogSequentialOps$Runner.runSequentially(RaftLogSequentialOps.java:69)
	at org.apache.ratis.server.raftlog.RaftLogBase.append(RaftLogBase.java:337)
	at org.apache.ratis.server.impl.RaftServerImpl.appendEntriesAsync(RaftServerImpl.java:1567)
	at org.apache.ratis.server.impl.RaftServerImpl.appendEntriesAsync(RaftServerImpl.java:1431)
	at org.apache.ratis.server.impl.RaftServerProxy.lambda$appendEntriesAsync$26(RaftServerProxy.java:639)
	at org.apache.ratis.util.JavaUtils.callAsUnchecked(JavaUtils.java:117)
	at org.apache.ratis.server.impl.RaftServerImpl.lambda$executeSubmitServerRequestAsync$10(RaftServerImpl.java:859)
	at java.base/java.util.concurrent.CompletableFuture$AsyncSupply.run(CompletableFuture.java:1700)
	... 3 more
2023-06-29 03:33:51,409 [grpc-default-executor-2] WARN  server.GrpcLogAppender (LogUtils.java:warn(124)) - s1@group-C92E7B86EDFC->s2-AppendLogResponseHandler: Failed appendEntries
org.apache.ratis.server.raftlog.RaftLogIOException: Log already failed at index 8 for task WriteLog:8: (t:2, i:8), STATEMACHINELOGENTRY, StateMachineLogEntryProto:377@client-E9B8430491AA
	at org.apache.ratis.server.raftlog.segmented.SegmentedRaftLogWorker.run(SegmentedRaftLogWorker.java:315)
	at java.base/java.util.concurrent.Executors$RunnableAdapter.call(Executors.java:515)
	at java.base/java.util.concurrent.FutureTask.run(FutureTask.java:264)
	at java.base/java.util.concurrent.ThreadPoolExecutor.runWorker(ThreadPoolExecutor.java:1128)
	at java.base/java.util.concurrent.ThreadPoolExecutor$Worker.run(ThreadPoolExecutor.java:628)
	at java.base/java.lang.Thread.run(Thread.java:829)
Caused by: java.io.IOException: java.lang.IllegalStateException: Null stream: entry=term: 2
index: 8
stateMachineLogEntry {
  type: DATASTREAM
  clientId: "J\000\\\302\362\322H[\226\355\351\270C\004\221\252"
  callId: 377
}

	at org.apache.ratis.util.IOUtils.asIOException(IOUtils.java:56)
	at org.apache.ratis.util.IOUtils.toIOException(IOUtils.java:61)
	at org.apache.ratis.util.IOUtils.getFromFuture(IOUtils.java:85)
	at org.apache.ratis.server.raftlog.segmented.SegmentedRaftLogWorker$StateMachineDataPolicy.getFromFuture(SegmentedRaftLogWorker.java:88)
	at org.apache.ratis.server.raftlog.segmented.SegmentedRaftLogWorker$WriteLog.execute(SegmentedRaftLogWorker.java:535)
	at org.apache.ratis.server.raftlog.segmented.SegmentedRaftLogWorker.run(SegmentedRaftLogWorker.java:303)
	... 5 more
Caused by: java.lang.IllegalStateException: Null stream: entry=term: 2
index: 8
stateMachineLogEntry {
  type: DATASTREAM
  clientId: "J\000\\\302\362\322H[\226\355\351\270C\004\221\252"
  callId: 377
}

	at org.apache.ratis.datastream.DataStreamTestUtils$MultiDataStreamStateMachine.link(DataStreamTestUtils.java:159)
	at org.apache.ratis.server.raftlog.segmented.SegmentedRaftLogWorker$WriteLog.<init>(SegmentedRaftLogWorker.java:492)
	at org.apache.ratis.server.raftlog.segmented.SegmentedRaftLogWorker.writeLogEntry(SegmentedRaftLogWorker.java:438)
	at org.apache.ratis.server.raftlog.segmented.SegmentedRaftLog.appendEntryImpl(SegmentedRaftLog.java:409)
	at org.apache.ratis.server.raftlog.RaftLogBase.lambda$appendEntry$10(RaftLogBase.java:330)
	at org.apache.ratis.server.raftlog.RaftLogSequentialOps$Runner.runSequentially(RaftLogSequentialOps.java:78)
	at org.apache.ratis.server.raftlog.RaftLogBase.appendEntry(RaftLogBase.java:330)
	at org.apache.ratis.server.raftlog.segmented.SegmentedRaftLog.appendImpl(SegmentedRaftLog.java:457)
	at org.apache.ratis.server.raftlog.RaftLogBase.lambda$append$11(RaftLogBase.java:337)
	at org.apache.ratis.server.raftlog.RaftLogSequentialOps$Runner.runSequentially(RaftLogSequentialOps.java:69)
	at org.apache.ratis.server.raftlog.RaftLogBase.append(RaftLogBase.java:337)
	at org.apache.ratis.server.impl.RaftServerImpl.appendEntriesAsync(RaftServerImpl.java:1567)
	at org.apache.ratis.server.impl.RaftServerImpl.appendEntriesAsync(RaftServerImpl.java:1431)
	at org.apache.ratis.server.impl.RaftServerProxy.lambda$appendEntriesAsync$26(RaftServerProxy.java:639)
	at org.apache.ratis.util.JavaUtils.callAsUnchecked(JavaUtils.java:117)
	at org.apache.ratis.server.impl.RaftServerImpl.lambda$executeSubmitServerRequestAsync$10(RaftServerImpl.java:859)
	at java.base/java.util.concurrent.CompletableFuture$AsyncSupply.run(CompletableFuture.java:1700)
	... 3 more
2023-06-29 03:33:51,409 [grpc-default-executor-2] INFO  leader.FollowerInfo (FollowerInfoImpl.java:lambda$new$0(52)) - s1@group-C92E7B86EDFC->s2: decreaseNextIndex nextIndex: updateUnconditionally 13 -> 12
2023-06-29 03:33:51,412 [grpc-default-executor-7] WARN  server.GrpcLogAppender (LogUtils.java:warn(124)) - s1@group-C92E7B86EDFC->s0-AppendLogResponseHandler: Failed appendEntries
org.apache.ratis.server.raftlog.RaftLogIOException: Log already failed at index 8 for task WriteLog:8: (t:2, i:8), STATEMACHINELOGENTRY, StateMachineLogEntryProto:377@client-E9B8430491AA
	at org.apache.ratis.server.raftlog.segmented.SegmentedRaftLogWorker.run(SegmentedRaftLogWorker.java:315)
	at java.base/java.util.concurrent.Executors$RunnableAdapter.call(Executors.java:515)
	at java.base/java.util.concurrent.FutureTask.run(FutureTask.java:264)
	at java.base/java.util.concurrent.ThreadPoolExecutor.runWorker(ThreadPoolExecutor.java:1128)
	at java.base/java.util.concurrent.ThreadPoolExecutor$Worker.run(ThreadPoolExecutor.java:628)
	at java.base/java.lang.Thread.run(Thread.java:829)
Caused by: java.io.IOException: java.lang.IllegalStateException: Null stream: entry=term: 2
index: 8
stateMachineLogEntry {
  type: DATASTREAM
  clientId: "J\000\\\302\362\322H[\226\355\351\270C\004\221\252"
  callId: 377
}

	at org.apache.ratis.util.IOUtils.asIOException(IOUtils.java:56)
	at org.apache.ratis.util.IOUtils.toIOException(IOUtils.java:61)
	at org.apache.ratis.util.IOUtils.getFromFuture(IOUtils.java:85)
	at org.apache.ratis.server.raftlog.segmented.SegmentedRaftLogWorker$StateMachineDataPolicy.getFromFuture(SegmentedRaftLogWorker.java:88)
	at org.apache.ratis.server.raftlog.segmented.SegmentedRaftLogWorker$WriteLog.execute(SegmentedRaftLogWorker.java:535)
	at org.apache.ratis.server.raftlog.segmented.SegmentedRaftLogWorker.run(SegmentedRaftLogWorker.java:303)
	... 5 more
Caused by: java.lang.IllegalStateException: Null stream: entry=term: 2
index: 8
stateMachineLogEntry {
  type: DATASTREAM
  clientId: "J\000\\\302\362\322H[\226\355\351\270C\004\221\252"
  callId: 377
}

	at org.apache.ratis.datastream.DataStreamTestUtils$MultiDataStreamStateMachine.link(DataStreamTestUtils.java:159)
	at org.apache.ratis.server.raftlog.segmented.SegmentedRaftLogWorker$WriteLog.<init>(SegmentedRaftLogWorker.java:492)
	at org.apache.ratis.server.raftlog.segmented.SegmentedRaftLogWorker.writeLogEntry(SegmentedRaftLogWorker.java:438)
	at org.apache.ratis.server.raftlog.segmented.SegmentedRaftLog.appendEntryImpl(SegmentedRaftLog.java:409)
	at org.apache.ratis.server.raftlog.RaftLogBase.lambda$appendEntry$10(RaftLogBase.java:330)
	at org.apache.ratis.server.raftlog.RaftLogSequentialOps$Runner.runSequentially(RaftLogSequentialOps.java:78)
	at org.apache.ratis.server.raftlog.RaftLogBase.appendEntry(RaftLogBase.java:330)
	at org.apache.ratis.server.raftlog.segmented.SegmentedRaftLog.appendImpl(SegmentedRaftLog.java:457)
	at org.apache.ratis.server.raftlog.RaftLogBase.lambda$append$11(RaftLogBase.java:337)
	at org.apache.ratis.server.raftlog.RaftLogSequentialOps$Runner.runSequentially(RaftLogSequentialOps.java:69)
	at org.apache.ratis.server.raftlog.RaftLogBase.append(RaftLogBase.java:337)
	at org.apache.ratis.server.impl.RaftServerImpl.appendEntriesAsync(RaftServerImpl.java:1567)
	at org.apache.ratis.server.impl.RaftServerImpl.appendEntriesAsync(RaftServerImpl.java:1431)
	at org.apache.ratis.server.impl.RaftServerProxy.lambda$appendEntriesAsync$26(RaftServerProxy.java:639)
	at org.apache.ratis.util.JavaUtils.callAsUnchecked(JavaUtils.java:117)
	at org.apache.ratis.server.impl.RaftServerImpl.lambda$executeSubmitServerRequestAsync$10(RaftServerImpl.java:859)
	at java.base/java.util.concurrent.CompletableFuture$AsyncSupply.run(CompletableFuture.java:1700)
	... 3 more
2023-06-29 03:33:51,413 [grpc-default-executor-7] INFO  leader.FollowerInfo (FollowerInfoImpl.java:lambda$new$0(52)) - s1@group-C92E7B86EDFC->s0: decreaseNextIndex nextIndex: updateUnconditionally 13 -> 12
2023-06-29 03:33:51,712 [pool-7-thread-13] INFO  datastream.DataStreamTestUtils (DataStreamTestUtils.java:writeAndCloseAndAssertReplies(320)) - Stream379: bytesWritten=3762664
2023-06-29 03:33:51,741 [s1-client-thread2] INFO  statemachine.StateMachine (DataStreamTestUtils.java:link(157)) - link SingleDataStream: writeRequest=RaftClientRequest:client-A884A9B095A7->s2@group-C92E7B86EDFC, cid=379, seq=0, DataStream, Message:<EMPTY>, logEntry=null
2023-06-29 03:33:51,742 [s2-server-thread3] INFO  statemachine.StateMachine (DataStreamTestUtils.java:link(157)) - link SingleDataStream: writeRequest=RaftClientRequest:client-A884A9B095A7->s2@group-C92E7B86EDFC, cid=379, seq=0, DataStream, Message:<EMPTY>, logEntry=null
2023-06-29 03:33:51,742 [s0-server-thread1] INFO  statemachine.StateMachine (DataStreamTestUtils.java:link(157)) - link SingleDataStream: writeRequest=RaftClientRequest:client-A884A9B095A7->s2@group-C92E7B86EDFC, cid=379, seq=0, DataStream, Message:<EMPTY>, logEntry=null
2023-06-29 03:33:51,742 [grpc-default-executor-6] WARN  server.GrpcServerProtocolService (LogUtils.java:warn(124)) - s2: Failed APPEND_ENTRIES request s1->s2#52-t2,previous=(t:2, i:12),leaderCommit=7,initializing? true,entries: size=1, first=(t:2, i:13), STATEMACHINELOGENTRY, 379@client-A884A9B095A7
java.util.concurrent.CompletionException: org.apache.ratis.server.raftlog.RaftLogIOException: Log already failed at index 8 for task WriteLog:8: (t:2, i:8), STATEMACHINELOGENTRY, StateMachineLogEntryProto:377@client-E9B8430491AA
	at java.base/java.util.concurrent.CompletableFuture.encodeThrowable(CompletableFuture.java:331)
	at java.base/java.util.concurrent.CompletableFuture.completeThrowable(CompletableFuture.java:346)
	at java.base/java.util.concurrent.CompletableFuture$BiRelay.tryFire(CompletableFuture.java:1423)
	at java.base/java.util.concurrent.CompletableFuture$CoCompletion.tryFire(CompletableFuture.java:1144)
	at java.base/java.util.concurrent.CompletableFuture.postComplete(CompletableFuture.java:506)
	at java.base/java.util.concurrent.CompletableFuture.completeExceptionally(CompletableFuture.java:2088)
	at org.apache.ratis.server.raftlog.segmented.SegmentedRaftLog$Task.failed(SegmentedRaftLog.java:105)
	at org.apache.ratis.server.raftlog.segmented.SegmentedRaftLogWorker$WriteLog.failed(SegmentedRaftLogWorker.java:514)
	at org.apache.ratis.server.raftlog.segmented.SegmentedRaftLogWorker.run(SegmentedRaftLogWorker.java:312)
	at java.base/java.util.concurrent.Executors$RunnableAdapter.call(Executors.java:515)
	at java.base/java.util.concurrent.FutureTask.run(FutureTask.java:264)
	at java.base/java.util.concurrent.ThreadPoolExecutor.runWorker(ThreadPoolExecutor.java:1128)
	at java.base/java.util.concurrent.ThreadPoolExecutor$Worker.run(ThreadPoolExecutor.java:628)
	at java.base/java.lang.Thread.run(Thread.java:829)
Caused by: org.apache.ratis.server.raftlog.RaftLogIOException: Log already failed at index 8 for task WriteLog:8: (t:2, i:8), STATEMACHINELOGENTRY, StateMachineLogEntryProto:377@client-E9B8430491AA
	at org.apache.ratis.server.raftlog.segmented.SegmentedRaftLogWorker.run(SegmentedRaftLogWorker.java:315)
	... 5 more
Caused by: java.io.IOException: java.lang.IllegalStateException: Null stream: entry=term: 2
index: 8
stateMachineLogEntry {
  type: DATASTREAM
  clientId: "J\000\\\302\362\322H[\226\355\351\270C\004\221\252"
  callId: 377
}

	at org.apache.ratis.util.IOUtils.asIOException(IOUtils.java:56)
	at org.apache.ratis.util.IOUtils.toIOException(IOUtils.java:61)
	at org.apache.ratis.util.IOUtils.getFromFuture(IOUtils.java:85)
	at org.apache.ratis.server.raftlog.segmented.SegmentedRaftLogWorker$StateMachineDataPolicy.getFromFuture(SegmentedRaftLogWorker.java:88)
	at org.apache.ratis.server.raftlog.segmented.SegmentedRaftLogWorker$WriteLog.execute(SegmentedRaftLogWorker.java:535)
	at org.apache.ratis.server.raftlog.segmented.SegmentedRaftLogWorker.run(SegmentedRaftLogWorker.java:303)
	... 5 more
Caused by: java.lang.IllegalStateException: Null stream: entry=term: 2
index: 8
stateMachineLogEntry {
  type: DATASTREAM
  clientId: "J\000\\\302\362\322H[\226\355\351\270C\004\221\252"
  callId: 377
}

	at org.apache.ratis.datastream.DataStreamTestUtils$MultiDataStreamStateMachine.link(DataStreamTestUtils.java:159)
	at org.apache.ratis.server.raftlog.segmented.SegmentedRaftLogWorker$WriteLog.<init>(SegmentedRaftLogWorker.java:492)
	at org.apache.ratis.server.raftlog.segmented.SegmentedRaftLogWorker.writeLogEntry(SegmentedRaftLogWorker.java:438)
	at org.apache.ratis.server.raftlog.segmented.SegmentedRaftLog.appendEntryImpl(SegmentedRaftLog.java:409)
	at org.apache.ratis.server.raftlog.RaftLogBase.lambda$appendEntry$10(RaftLogBase.java:330)
	at org.apache.ratis.server.raftlog.RaftLogSequentialOps$Runner.runSequentially(RaftLogSequentialOps.java:78)
	at org.apache.ratis.server.raftlog.RaftLogBase.appendEntry(RaftLogBase.java:330)
	at org.apache.ratis.server.raftlog.segmented.SegmentedRaftLog.appendImpl(SegmentedRaftLog.java:457)
	at org.apache.ratis.server.raftlog.RaftLogBase.lambda$append$11(RaftLogBase.java:337)
	at org.apache.ratis.server.raftlog.RaftLogSequentialOps$Runner.runSequentially(RaftLogSequentialOps.java:69)
	at org.apache.ratis.server.raftlog.RaftLogBase.append(RaftLogBase.java:337)
	at org.apache.ratis.server.impl.RaftServerImpl.appendEntriesAsync(RaftServerImpl.java:1567)
	at org.apache.ratis.server.impl.RaftServerImpl.appendEntriesAsync(RaftServerImpl.java:1431)
	at org.apache.ratis.server.impl.RaftServerProxy.lambda$appendEntriesAsync$26(RaftServerProxy.java:639)
	at org.apache.ratis.util.JavaUtils.callAsUnchecked(JavaUtils.java:117)
	at org.apache.ratis.server.impl.RaftServerImpl.lambda$executeSubmitServerRequestAsync$10(RaftServerImpl.java:859)
	at java.base/java.util.concurrent.CompletableFuture$AsyncSupply.run(CompletableFuture.java:1700)
	... 3 more
2023-06-29 03:33:51,743 [grpc-default-executor-2] WARN  server.GrpcServerProtocolService (LogUtils.java:warn(124)) - s0: Failed APPEND_ENTRIES request s1->s0#52-t2,previous=(t:2, i:12),leaderCommit=7,initializing? true,entries: size=1, first=(t:2, i:13), STATEMACHINELOGENTRY, 379@client-A884A9B095A7
java.util.concurrent.CompletionException: org.apache.ratis.server.raftlog.RaftLogIOException: Log already failed at index 8 for task WriteLog:8: (t:2, i:8), STATEMACHINELOGENTRY, StateMachineLogEntryProto:377@client-E9B8430491AA
	at java.base/java.util.concurrent.CompletableFuture.encodeThrowable(CompletableFuture.java:331)
	at java.base/java.util.concurrent.CompletableFuture.andTree(CompletableFuture.java:1452)
	at java.base/java.util.concurrent.CompletableFuture.allOf(CompletableFuture.java:2337)
	at org.apache.ratis.util.JavaUtils.allOf(JavaUtils.java:278)
	at org.apache.ratis.server.impl.RaftServerImpl.appendEntriesAsync(RaftServerImpl.java:1578)
	at org.apache.ratis.server.impl.RaftServerImpl.appendEntriesAsync(RaftServerImpl.java:1431)
	at org.apache.ratis.server.impl.RaftServerProxy.lambda$appendEntriesAsync$26(RaftServerProxy.java:639)
	at org.apache.ratis.util.JavaUtils.callAsUnchecked(JavaUtils.java:117)
	at org.apache.ratis.server.impl.RaftServerImpl.lambda$executeSubmitServerRequestAsync$10(RaftServerImpl.java:859)
	at java.base/java.util.concurrent.CompletableFuture$AsyncSupply.run(CompletableFuture.java:1700)
	at java.base/java.util.concurrent.ThreadPoolExecutor.runWorker(ThreadPoolExecutor.java:1128)
	at java.base/java.util.concurrent.ThreadPoolExecutor$Worker.run(ThreadPoolExecutor.java:628)
	at java.base/java.lang.Thread.run(Thread.java:829)
Caused by: org.apache.ratis.server.raftlog.RaftLogIOException: Log already failed at index 8 for task WriteLog:8: (t:2, i:8), STATEMACHINELOGENTRY, StateMachineLogEntryProto:377@client-E9B8430491AA
	at org.apache.ratis.server.raftlog.segmented.SegmentedRaftLogWorker.run(SegmentedRaftLogWorker.java:315)
	at java.base/java.util.concurrent.Executors$RunnableAdapter.call(Executors.java:515)
	at java.base/java.util.concurrent.FutureTask.run(FutureTask.java:264)
	... 3 more
Caused by: java.io.IOException: java.lang.IllegalStateException: Null stream: entry=term: 2
index: 8
stateMachineLogEntry {
  type: DATASTREAM
  clientId: "J\000\\\302\362\322H[\226\355\351\270C\004\221\252"
  callId: 377
}

	at org.apache.ratis.util.IOUtils.asIOException(IOUtils.java:56)
	at org.apache.ratis.util.IOUtils.toIOException(IOUtils.java:61)
	at org.apache.ratis.util.IOUtils.getFromFuture(IOUtils.java:85)
	at org.apache.ratis.server.raftlog.segmented.SegmentedRaftLogWorker$StateMachineDataPolicy.getFromFuture(SegmentedRaftLogWorker.java:88)
	at org.apache.ratis.server.raftlog.segmented.SegmentedRaftLogWorker$WriteLog.execute(SegmentedRaftLogWorker.java:535)
	at org.apache.ratis.server.raftlog.segmented.SegmentedRaftLogWorker.run(SegmentedRaftLogWorker.java:303)
	... 5 more
Caused by: java.lang.IllegalStateException: Null stream: entry=term: 2
index: 8
stateMachineLogEntry {
  type: DATASTREAM
  clientId: "J\000\\\302\362\322H[\226\355\351\270C\004\221\252"
  callId: 377
}

	at org.apache.ratis.datastream.DataStreamTestUtils$MultiDataStreamStateMachine.link(DataStreamTestUtils.java:159)
	at org.apache.ratis.server.raftlog.segmented.SegmentedRaftLogWorker$WriteLog.<init>(SegmentedRaftLogWorker.java:492)
	at org.apache.ratis.server.raftlog.segmented.SegmentedRaftLogWorker.writeLogEntry(SegmentedRaftLogWorker.java:438)
	at org.apache.ratis.server.raftlog.segmented.SegmentedRaftLog.appendEntryImpl(SegmentedRaftLog.java:409)
	at org.apache.ratis.server.raftlog.RaftLogBase.lambda$appendEntry$10(RaftLogBase.java:330)
	at org.apache.ratis.server.raftlog.RaftLogSequentialOps$Runner.runSequentially(RaftLogSequentialOps.java:78)
	at org.apache.ratis.server.raftlog.RaftLogBase.appendEntry(RaftLogBase.java:330)
	at org.apache.ratis.server.raftlog.segmented.SegmentedRaftLog.appendImpl(SegmentedRaftLog.java:457)
	at org.apache.ratis.server.raftlog.RaftLogBase.lambda$append$11(RaftLogBase.java:337)
	at org.apache.ratis.server.raftlog.RaftLogSequentialOps$Runner.runSequentially(RaftLogSequentialOps.java:69)
	at org.apache.ratis.server.raftlog.RaftLogBase.append(RaftLogBase.java:337)
	at org.apache.ratis.server.impl.RaftServerImpl.appendEntriesAsync(RaftServerImpl.java:1567)
	at org.apache.ratis.server.impl.RaftServerImpl.appendEntriesAsync(RaftServerImpl.java:1431)
	at org.apache.ratis.server.impl.RaftServerProxy.lambda$appendEntriesAsync$26(RaftServerProxy.java:639)
	at org.apache.ratis.util.JavaUtils.callAsUnchecked(JavaUtils.java:117)
	at org.apache.ratis.server.impl.RaftServerImpl.lambda$executeSubmitServerRequestAsync$10(RaftServerImpl.java:859)
	at java.base/java.util.concurrent.CompletableFuture$AsyncSupply.run(CompletableFuture.java:1700)
	... 3 more
2023-06-29 03:33:51,755 [grpc-default-executor-6] WARN  server.GrpcLogAppender (LogUtils.java:warn(124)) - s1@group-C92E7B86EDFC->s2-AppendLogResponseHandler: Failed appendEntries
org.apache.ratis.server.raftlog.RaftLogIOException: Log already failed at index 8 for task WriteLog:8: (t:2, i:8), STATEMACHINELOGENTRY, StateMachineLogEntryProto:377@client-E9B8430491AA
	at org.apache.ratis.server.raftlog.segmented.SegmentedRaftLogWorker.run(SegmentedRaftLogWorker.java:315)
	at java.base/java.util.concurrent.Executors$RunnableAdapter.call(Executors.java:515)
	at java.base/java.util.concurrent.FutureTask.run(FutureTask.java:264)
	at java.base/java.util.concurrent.ThreadPoolExecutor.runWorker(ThreadPoolExecutor.java:1128)
	at java.base/java.util.concurrent.ThreadPoolExecutor$Worker.run(ThreadPoolExecutor.java:628)
	at java.base/java.lang.Thread.run(Thread.java:829)
Caused by: java.io.IOException: java.lang.IllegalStateException: Null stream: entry=term: 2
index: 8
stateMachineLogEntry {
  type: DATASTREAM
  clientId: "J\000\\\302\362\322H[\226\355\351\270C\004\221\252"
  callId: 377
}

	at org.apache.ratis.util.IOUtils.asIOException(IOUtils.java:56)
	at org.apache.ratis.util.IOUtils.toIOException(IOUtils.java:61)
	at org.apache.ratis.util.IOUtils.getFromFuture(IOUtils.java:85)
	at org.apache.ratis.server.raftlog.segmented.SegmentedRaftLogWorker$StateMachineDataPolicy.getFromFuture(SegmentedRaftLogWorker.java:88)
	at org.apache.ratis.server.raftlog.segmented.SegmentedRaftLogWorker$WriteLog.execute(SegmentedRaftLogWorker.java:535)
	at org.apache.ratis.server.raftlog.segmented.SegmentedRaftLogWorker.run(SegmentedRaftLogWorker.java:303)
	... 5 more
Caused by: java.lang.IllegalStateException: Null stream: entry=term: 2
index: 8
stateMachineLogEntry {
  type: DATASTREAM
  clientId: "J\000\\\302\362\322H[\226\355\351\270C\004\221\252"
  callId: 377
}

	at org.apache.ratis.datastream.DataStreamTestUtils$MultiDataStreamStateMachine.link(DataStreamTestUtils.java:159)
	at org.apache.ratis.server.raftlog.segmented.SegmentedRaftLogWorker$WriteLog.<init>(SegmentedRaftLogWorker.java:492)
	at org.apache.ratis.server.raftlog.segmented.SegmentedRaftLogWorker.writeLogEntry(SegmentedRaftLogWorker.java:438)
	at org.apache.ratis.server.raftlog.segmented.SegmentedRaftLog.appendEntryImpl(SegmentedRaftLog.java:409)
	at org.apache.ratis.server.raftlog.RaftLogBase.lambda$appendEntry$10(RaftLogBase.java:330)
	at org.apache.ratis.server.raftlog.RaftLogSequentialOps$Runner.runSequentially(RaftLogSequentialOps.java:78)
	at org.apache.ratis.server.raftlog.RaftLogBase.appendEntry(RaftLogBase.java:330)
	at org.apache.ratis.server.raftlog.segmented.SegmentedRaftLog.appendImpl(SegmentedRaftLog.java:457)
	at org.apache.ratis.server.raftlog.RaftLogBase.lambda$append$11(RaftLogBase.java:337)
	at org.apache.ratis.server.raftlog.RaftLogSequentialOps$Runner.runSequentially(RaftLogSequentialOps.java:69)
	at org.apache.ratis.server.raftlog.RaftLogBase.append(RaftLogBase.java:337)
	at org.apache.ratis.server.impl.RaftServerImpl.appendEntriesAsync(RaftServerImpl.java:1567)
	at org.apache.ratis.server.impl.RaftServerImpl.appendEntriesAsync(RaftServerImpl.java:1431)
	at org.apache.ratis.server.impl.RaftServerProxy.lambda$appendEntriesAsync$26(RaftServerProxy.java:639)
	at org.apache.ratis.util.JavaUtils.callAsUnchecked(JavaUtils.java:117)
	at org.apache.ratis.server.impl.RaftServerImpl.lambda$executeSubmitServerRequestAsync$10(RaftServerImpl.java:859)
	at java.base/java.util.concurrent.CompletableFuture$AsyncSupply.run(CompletableFuture.java:1700)
	... 3 more
2023-06-29 03:33:51,759 [grpc-default-executor-6] INFO  leader.FollowerInfo (FollowerInfoImpl.java:lambda$new$0(52)) - s1@group-C92E7B86EDFC->s2: decreaseNextIndex nextIndex: updateUnconditionally 14 -> 13
2023-06-29 03:33:51,761 [grpc-default-executor-6] WARN  server.GrpcLogAppender (LogUtils.java:warn(124)) - s1@group-C92E7B86EDFC->s0-AppendLogResponseHandler: Failed appendEntries
org.apache.ratis.server.raftlog.RaftLogIOException: Log already failed at index 8 for task WriteLog:8: (t:2, i:8), STATEMACHINELOGENTRY, StateMachineLogEntryProto:377@client-E9B8430491AA
	at org.apache.ratis.server.raftlog.segmented.SegmentedRaftLogWorker.run(SegmentedRaftLogWorker.java:315)
	at java.base/java.util.concurrent.Executors$RunnableAdapter.call(Executors.java:515)
	at java.base/java.util.concurrent.FutureTask.run(FutureTask.java:264)
	at java.base/java.util.concurrent.ThreadPoolExecutor.runWorker(ThreadPoolExecutor.java:1128)
	at java.base/java.util.concurrent.ThreadPoolExecutor$Worker.run(ThreadPoolExecutor.java:628)
	at java.base/java.lang.Thread.run(Thread.java:829)
Caused by: java.io.IOException: java.lang.IllegalStateException: Null stream: entry=term: 2
index: 8
stateMachineLogEntry {
  type: DATASTREAM
  clientId: "J\000\\\302\362\322H[\226\355\351\270C\004\221\252"
  callId: 377
}

	at org.apache.ratis.util.IOUtils.asIOException(IOUtils.java:56)
	at org.apache.ratis.util.IOUtils.toIOException(IOUtils.java:61)
	at org.apache.ratis.util.IOUtils.getFromFuture(IOUtils.java:85)
	at org.apache.ratis.server.raftlog.segmented.SegmentedRaftLogWorker$StateMachineDataPolicy.getFromFuture(SegmentedRaftLogWorker.java:88)
	at org.apache.ratis.server.raftlog.segmented.SegmentedRaftLogWorker$WriteLog.execute(SegmentedRaftLogWorker.java:535)
	at org.apache.ratis.server.raftlog.segmented.SegmentedRaftLogWorker.run(SegmentedRaftLogWorker.java:303)
	... 5 more
Caused by: java.lang.IllegalStateException: Null stream: entry=term: 2
index: 8
stateMachineLogEntry {
  type: DATASTREAM
  clientId: "J\000\\\302\362\322H[\226\355\351\270C\004\221\252"
  callId: 377
}

	at org.apache.ratis.datastream.DataStreamTestUtils$MultiDataStreamStateMachine.link(DataStreamTestUtils.java:159)
	at org.apache.ratis.server.raftlog.segmented.SegmentedRaftLogWorker$WriteLog.<init>(SegmentedRaftLogWorker.java:492)
	at org.apache.ratis.server.raftlog.segmented.SegmentedRaftLogWorker.writeLogEntry(SegmentedRaftLogWorker.java:438)
	at org.apache.ratis.server.raftlog.segmented.SegmentedRaftLog.appendEntryImpl(SegmentedRaftLog.java:409)
	at org.apache.ratis.server.raftlog.RaftLogBase.lambda$appendEntry$10(RaftLogBase.java:330)
	at org.apache.ratis.server.raftlog.RaftLogSequentialOps$Runner.runSequentially(RaftLogSequentialOps.java:78)
	at org.apache.ratis.server.raftlog.RaftLogBase.appendEntry(RaftLogBase.java:330)
	at org.apache.ratis.server.raftlog.segmented.SegmentedRaftLog.appendImpl(SegmentedRaftLog.java:457)
	at org.apache.ratis.server.raftlog.RaftLogBase.lambda$append$11(RaftLogBase.java:337)
	at org.apache.ratis.server.raftlog.RaftLogSequentialOps$Runner.runSequentially(RaftLogSequentialOps.java:69)
	at org.apache.ratis.server.raftlog.RaftLogBase.append(RaftLogBase.java:337)
	at org.apache.ratis.server.impl.RaftServerImpl.appendEntriesAsync(RaftServerImpl.java:1567)
	at org.apache.ratis.server.impl.RaftServerImpl.appendEntriesAsync(RaftServerImpl.java:1431)
	at org.apache.ratis.server.impl.RaftServerProxy.lambda$appendEntriesAsync$26(RaftServerProxy.java:639)
	at org.apache.ratis.util.JavaUtils.callAsUnchecked(JavaUtils.java:117)
	at org.apache.ratis.server.impl.RaftServerImpl.lambda$executeSubmitServerRequestAsync$10(RaftServerImpl.java:859)
	at java.base/java.util.concurrent.CompletableFuture$AsyncSupply.run(CompletableFuture.java:1700)
	... 3 more
2023-06-29 03:33:51,761 [grpc-default-executor-6] INFO  leader.FollowerInfo (FollowerInfoImpl.java:lambda$new$0(52)) - s1@group-C92E7B86EDFC->s0: decreaseNextIndex nextIndex: updateUnconditionally 14 -> 13
2023-06-29 03:33:51,766 [pool-7-thread-16] INFO  datastream.DataStreamTestUtils (DataStreamTestUtils.java:writeAndCloseAndAssertReplies(320)) - Stream384: bytesWritten=3768633
2023-06-29 03:33:51,768 [s1-client-thread2] INFO  statemachine.StateMachine (DataStreamTestUtils.java:link(157)) - link SingleDataStream: writeRequest=RaftClientRequest:client-1DC5253A1C40->s0@group-C92E7B86EDFC, cid=384, seq=0, DataStream, Message:<EMPTY>, logEntry=null
2023-06-29 03:33:51,769 [s2-server-thread2] INFO  statemachine.StateMachine (DataStreamTestUtils.java:link(157)) - link SingleDataStream: writeRequest=RaftClientRequest:client-1DC5253A1C40->s0@group-C92E7B86EDFC, cid=384, seq=0, DataStream, Message:<EMPTY>, logEntry=null
2023-06-29 03:33:51,769 [grpc-default-executor-8] WARN  server.GrpcServerProtocolService (LogUtils.java:warn(124)) - s2: Failed APPEND_ENTRIES request s1->s2#54-t2,previous=(t:2, i:12),leaderCommit=7,initializing? true,entries: size=2, first=(t:2, i:13), STATEMACHINELOGENTRY, 379@client-A884A9B095A7
java.util.concurrent.CompletionException: org.apache.ratis.server.raftlog.RaftLogIOException: Log already failed at index 8 for task WriteLog:8: (t:2, i:8), STATEMACHINELOGENTRY, StateMachineLogEntryProto:377@client-E9B8430491AA
	at java.base/java.util.concurrent.CompletableFuture.encodeThrowable(CompletableFuture.java:331)
	at java.base/java.util.concurrent.CompletableFuture.andTree(CompletableFuture.java:1452)
	at java.base/java.util.concurrent.CompletableFuture.allOf(CompletableFuture.java:2337)
	at org.apache.ratis.util.JavaUtils.allOf(JavaUtils.java:278)
	at org.apache.ratis.server.impl.RaftServerImpl.appendEntriesAsync(RaftServerImpl.java:1578)
	at org.apache.ratis.server.impl.RaftServerImpl.appendEntriesAsync(RaftServerImpl.java:1431)
	at org.apache.ratis.server.impl.RaftServerProxy.lambda$appendEntriesAsync$26(RaftServerProxy.java:639)
	at org.apache.ratis.util.JavaUtils.callAsUnchecked(JavaUtils.java:117)
	at org.apache.ratis.server.impl.RaftServerImpl.lambda$executeSubmitServerRequestAsync$10(RaftServerImpl.java:859)
	at java.base/java.util.concurrent.CompletableFuture$AsyncSupply.run(CompletableFuture.java:1700)
	at java.base/java.util.concurrent.ThreadPoolExecutor.runWorker(ThreadPoolExecutor.java:1128)
	at java.base/java.util.concurrent.ThreadPoolExecutor$Worker.run(ThreadPoolExecutor.java:628)
	at java.base/java.lang.Thread.run(Thread.java:829)
Caused by: org.apache.ratis.server.raftlog.RaftLogIOException: Log already failed at index 8 for task WriteLog:8: (t:2, i:8), STATEMACHINELOGENTRY, StateMachineLogEntryProto:377@client-E9B8430491AA
	at org.apache.ratis.server.raftlog.segmented.SegmentedRaftLogWorker.run(SegmentedRaftLogWorker.java:315)
	at java.base/java.util.concurrent.Executors$RunnableAdapter.call(Executors.java:515)
	at java.base/java.util.concurrent.FutureTask.run(FutureTask.java:264)
	... 3 more
Caused by: java.io.IOException: java.lang.IllegalStateException: Null stream: entry=term: 2
index: 8
stateMachineLogEntry {
  type: DATASTREAM
  clientId: "J\000\\\302\362\322H[\226\355\351\270C\004\221\252"
  callId: 377
}

	at org.apache.ratis.util.IOUtils.asIOException(IOUtils.java:56)
	at org.apache.ratis.util.IOUtils.toIOException(IOUtils.java:61)
	at org.apache.ratis.util.IOUtils.getFromFuture(IOUtils.java:85)
	at org.apache.ratis.server.raftlog.segmented.SegmentedRaftLogWorker$StateMachineDataPolicy.getFromFuture(SegmentedRaftLogWorker.java:88)
	at org.apache.ratis.server.raftlog.segmented.SegmentedRaftLogWorker$WriteLog.execute(SegmentedRaftLogWorker.java:535)
	at org.apache.ratis.server.raftlog.segmented.SegmentedRaftLogWorker.run(SegmentedRaftLogWorker.java:303)
	... 5 more
Caused by: java.lang.IllegalStateException: Null stream: entry=term: 2
index: 8
stateMachineLogEntry {
  type: DATASTREAM
  clientId: "J\000\\\302\362\322H[\226\355\351\270C\004\221\252"
  callId: 377
}

	at org.apache.ratis.datastream.DataStreamTestUtils$MultiDataStreamStateMachine.link(DataStreamTestUtils.java:159)
	at org.apache.ratis.server.raftlog.segmented.SegmentedRaftLogWorker$WriteLog.<init>(SegmentedRaftLogWorker.java:492)
	at org.apache.ratis.server.raftlog.segmented.SegmentedRaftLogWorker.writeLogEntry(SegmentedRaftLogWorker.java:438)
	at org.apache.ratis.server.raftlog.segmented.SegmentedRaftLog.appendEntryImpl(SegmentedRaftLog.java:409)
	at org.apache.ratis.server.raftlog.RaftLogBase.lambda$appendEntry$10(RaftLogBase.java:330)
	at org.apache.ratis.server.raftlog.RaftLogSequentialOps$Runner.runSequentially(RaftLogSequentialOps.java:78)
	at org.apache.ratis.server.raftlog.RaftLogBase.appendEntry(RaftLogBase.java:330)
	at org.apache.ratis.server.raftlog.segmented.SegmentedRaftLog.appendImpl(SegmentedRaftLog.java:457)
	at org.apache.ratis.server.raftlog.RaftLogBase.lambda$append$11(RaftLogBase.java:337)
	at org.apache.ratis.server.raftlog.RaftLogSequentialOps$Runner.runSequentially(RaftLogSequentialOps.java:69)
	at org.apache.ratis.server.raftlog.RaftLogBase.append(RaftLogBase.java:337)
	at org.apache.ratis.server.impl.RaftServerImpl.appendEntriesAsync(RaftServerImpl.java:1567)
	at org.apache.ratis.server.impl.RaftServerImpl.appendEntriesAsync(RaftServerImpl.java:1431)
	at org.apache.ratis.server.impl.RaftServerProxy.lambda$appendEntriesAsync$26(RaftServerProxy.java:639)
	at org.apache.ratis.util.JavaUtils.callAsUnchecked(JavaUtils.java:117)
	at org.apache.ratis.server.impl.RaftServerImpl.lambda$executeSubmitServerRequestAsync$10(RaftServerImpl.java:859)
	at java.base/java.util.concurrent.CompletableFuture$AsyncSupply.run(CompletableFuture.java:1700)
	... 3 more
2023-06-29 03:33:51,775 [grpc-default-executor-8] WARN  server.GrpcLogAppender (LogUtils.java:warn(124)) - s1@group-C92E7B86EDFC->s2-AppendLogResponseHandler: Failed appendEntries
org.apache.ratis.server.raftlog.RaftLogIOException: Log already failed at index 8 for task WriteLog:8: (t:2, i:8), STATEMACHINELOGENTRY, StateMachineLogEntryProto:377@client-E9B8430491AA
	at org.apache.ratis.server.raftlog.segmented.SegmentedRaftLogWorker.run(SegmentedRaftLogWorker.java:315)
	at java.base/java.util.concurrent.Executors$RunnableAdapter.call(Executors.java:515)
	at java.base/java.util.concurrent.FutureTask.run(FutureTask.java:264)
	at java.base/java.util.concurrent.ThreadPoolExecutor.runWorker(ThreadPoolExecutor.java:1128)
	at java.base/java.util.concurrent.ThreadPoolExecutor$Worker.run(ThreadPoolExecutor.java:628)
	at java.base/java.lang.Thread.run(Thread.java:829)
Caused by: java.io.IOException: java.lang.IllegalStateException: Null stream: entry=term: 2
index: 8
stateMachineLogEntry {
  type: DATASTREAM
  clientId: "J\000\\\302\362\322H[\226\355\351\270C\004\221\252"
  callId: 377
}

	at org.apache.ratis.util.IOUtils.asIOException(IOUtils.java:56)
	at org.apache.ratis.util.IOUtils.toIOException(IOUtils.java:61)
	at org.apache.ratis.util.IOUtils.getFromFuture(IOUtils.java:85)
	at org.apache.ratis.server.raftlog.segmented.SegmentedRaftLogWorker$StateMachineDataPolicy.getFromFuture(SegmentedRaftLogWorker.java:88)
	at org.apache.ratis.server.raftlog.segmented.SegmentedRaftLogWorker$WriteLog.execute(SegmentedRaftLogWorker.java:535)
	at org.apache.ratis.server.raftlog.segmented.SegmentedRaftLogWorker.run(SegmentedRaftLogWorker.java:303)
	... 5 more
Caused by: java.lang.IllegalStateException: Null stream: entry=term: 2
index: 8
stateMachineLogEntry {
  type: DATASTREAM
  clientId: "J\000\\\302\362\322H[\226\355\351\270C\004\221\252"
  callId: 377
}

	at org.apache.ratis.datastream.DataStreamTestUtils$MultiDataStreamStateMachine.link(DataStreamTestUtils.java:159)
	at org.apache.ratis.server.raftlog.segmented.SegmentedRaftLogWorker$WriteLog.<init>(SegmentedRaftLogWorker.java:492)
	at org.apache.ratis.server.raftlog.segmented.SegmentedRaftLogWorker.writeLogEntry(SegmentedRaftLogWorker.java:438)
	at org.apache.ratis.server.raftlog.segmented.SegmentedRaftLog.appendEntryImpl(SegmentedRaftLog.java:409)
	at org.apache.ratis.server.raftlog.RaftLogBase.lambda$appendEntry$10(RaftLogBase.java:330)
	at org.apache.ratis.server.raftlog.RaftLogSequentialOps$Runner.runSequentially(RaftLogSequentialOps.java:78)
	at org.apache.ratis.server.raftlog.RaftLogBase.appendEntry(RaftLogBase.java:330)
	at org.apache.ratis.server.raftlog.segmented.SegmentedRaftLog.appendImpl(SegmentedRaftLog.java:457)
	at org.apache.ratis.server.raftlog.RaftLogBase.lambda$append$11(RaftLogBase.java:337)
	at org.apache.ratis.server.raftlog.RaftLogSequentialOps$Runner.runSequentially(RaftLogSequentialOps.java:69)
	at org.apache.ratis.server.raftlog.RaftLogBase.append(RaftLogBase.java:337)
	at org.apache.ratis.server.impl.RaftServerImpl.appendEntriesAsync(RaftServerImpl.java:1567)
	at org.apache.ratis.server.impl.RaftServerImpl.appendEntriesAsync(RaftServerImpl.java:1431)
	at org.apache.ratis.server.impl.RaftServerProxy.lambda$appendEntriesAsync$26(RaftServerProxy.java:639)
	at org.apache.ratis.util.JavaUtils.callAsUnchecked(JavaUtils.java:117)
	at org.apache.ratis.server.impl.RaftServerImpl.lambda$executeSubmitServerRequestAsync$10(RaftServerImpl.java:859)
	at java.base/java.util.concurrent.CompletableFuture$AsyncSupply.run(CompletableFuture.java:1700)
	... 3 more
2023-06-29 03:33:51,775 [grpc-default-executor-8] INFO  leader.FollowerInfo (FollowerInfoImpl.java:lambda$new$0(52)) - s1@group-C92E7B86EDFC->s2: decreaseNextIndex nextIndex: updateUnconditionally 15 -> 13
2023-06-29 03:33:51,775 [s0-server-thread6] INFO  statemachine.StateMachine (DataStreamTestUtils.java:link(157)) - link SingleDataStream: writeRequest=RaftClientRequest:client-1DC5253A1C40->s0@group-C92E7B86EDFC, cid=384, seq=0, DataStream, Message:<EMPTY>, logEntry=null
2023-06-29 03:33:51,776 [s0-server-thread6] WARN  server.GrpcServerProtocolService (LogUtils.java:warn(124)) - s0: Failed APPEND_ENTRIES request s1->s0#55-t2,previous=(t:2, i:13),leaderCommit=7,initializing? true,entries: size=1, first=(t:2, i:14), STATEMACHINELOGENTRY, 384@client-1DC5253A1C40
java.util.concurrent.CompletionException: org.apache.ratis.server.raftlog.RaftLogIOException: Log already failed at index 8 for task WriteLog:8: (t:2, i:8), STATEMACHINELOGENTRY, StateMachineLogEntryProto:377@client-E9B8430491AA
	at java.base/java.util.concurrent.CompletableFuture.encodeThrowable(CompletableFuture.java:331)
	at java.base/java.util.concurrent.CompletableFuture.completeThrowable(CompletableFuture.java:346)
	at java.base/java.util.concurrent.CompletableFuture$BiRelay.tryFire(CompletableFuture.java:1423)
	at java.base/java.util.concurrent.CompletableFuture$CoCompletion.tryFire(CompletableFuture.java:1144)
	at java.base/java.util.concurrent.CompletableFuture.postComplete(CompletableFuture.java:506)
	at java.base/java.util.concurrent.CompletableFuture.completeExceptionally(CompletableFuture.java:2088)
	at org.apache.ratis.server.raftlog.segmented.SegmentedRaftLog$Task.failed(SegmentedRaftLog.java:105)
	at org.apache.ratis.server.raftlog.segmented.SegmentedRaftLogWorker$WriteLog.failed(SegmentedRaftLogWorker.java:514)
	at org.apache.ratis.server.raftlog.segmented.SegmentedRaftLogWorker.run(SegmentedRaftLogWorker.java:312)
	at java.base/java.util.concurrent.Executors$RunnableAdapter.call(Executors.java:515)
	at java.base/java.util.concurrent.FutureTask.run(FutureTask.java:264)
	at java.base/java.util.concurrent.ThreadPoolExecutor.runWorker(ThreadPoolExecutor.java:1128)
	at java.base/java.util.concurrent.ThreadPoolExecutor$Worker.run(ThreadPoolExecutor.java:628)
	at java.base/java.lang.Thread.run(Thread.java:829)
Caused by: org.apache.ratis.server.raftlog.RaftLogIOException: Log already failed at index 8 for task WriteLog:8: (t:2, i:8), STATEMACHINELOGENTRY, StateMachineLogEntryProto:377@client-E9B8430491AA
	at org.apache.ratis.server.raftlog.segmented.SegmentedRaftLogWorker.run(SegmentedRaftLogWorker.java:315)
	... 5 more
Caused by: java.io.IOException: java.lang.IllegalStateException: Null stream: entry=term: 2
index: 8
stateMachineLogEntry {
  type: DATASTREAM
  clientId: "J\000\\\302\362\322H[\226\355\351\270C\004\221\252"
  callId: 377
}

	at org.apache.ratis.util.IOUtils.asIOException(IOUtils.java:56)
	at org.apache.ratis.util.IOUtils.toIOException(IOUtils.java:61)
	at org.apache.ratis.util.IOUtils.getFromFuture(IOUtils.java:85)
	at org.apache.ratis.server.raftlog.segmented.SegmentedRaftLogWorker$StateMachineDataPolicy.getFromFuture(SegmentedRaftLogWorker.java:88)
	at org.apache.ratis.server.raftlog.segmented.SegmentedRaftLogWorker$WriteLog.execute(SegmentedRaftLogWorker.java:535)
	at org.apache.ratis.server.raftlog.segmented.SegmentedRaftLogWorker.run(SegmentedRaftLogWorker.java:303)
	... 5 more
Caused by: java.lang.IllegalStateException: Null stream: entry=term: 2
index: 8
stateMachineLogEntry {
  type: DATASTREAM
  clientId: "J\000\\\302\362\322H[\226\355\351\270C\004\221\252"
  callId: 377
}

	at org.apache.ratis.datastream.DataStreamTestUtils$MultiDataStreamStateMachine.link(DataStreamTestUtils.java:159)
	at org.apache.ratis.server.raftlog.segmented.SegmentedRaftLogWorker$WriteLog.<init>(SegmentedRaftLogWorker.java:492)
	at org.apache.ratis.server.raftlog.segmented.SegmentedRaftLogWorker.writeLogEntry(SegmentedRaftLogWorker.java:438)
	at org.apache.ratis.server.raftlog.segmented.SegmentedRaftLog.appendEntryImpl(SegmentedRaftLog.java:409)
	at org.apache.ratis.server.raftlog.RaftLogBase.lambda$appendEntry$10(RaftLogBase.java:330)
	at org.apache.ratis.server.raftlog.RaftLogSequentialOps$Runner.runSequentially(RaftLogSequentialOps.java:78)
	at org.apache.ratis.server.raftlog.RaftLogBase.appendEntry(RaftLogBase.java:330)
	at org.apache.ratis.server.raftlog.segmented.SegmentedRaftLog.appendImpl(SegmentedRaftLog.java:457)
	at org.apache.ratis.server.raftlog.RaftLogBase.lambda$append$11(RaftLogBase.java:337)
	at org.apache.ratis.server.raftlog.RaftLogSequentialOps$Runner.runSequentially(RaftLogSequentialOps.java:69)
	at org.apache.ratis.server.raftlog.RaftLogBase.append(RaftLogBase.java:337)
	at org.apache.ratis.server.impl.RaftServerImpl.appendEntriesAsync(RaftServerImpl.java:1567)
	at org.apache.ratis.server.impl.RaftServerImpl.appendEntriesAsync(RaftServerImpl.java:1431)
	at org.apache.ratis.server.impl.RaftServerProxy.lambda$appendEntriesAsync$26(RaftServerProxy.java:639)
	at org.apache.ratis.util.JavaUtils.callAsUnchecked(JavaUtils.java:117)
	at org.apache.ratis.server.impl.RaftServerImpl.lambda$executeSubmitServerRequestAsync$10(RaftServerImpl.java:859)
	at java.base/java.util.concurrent.CompletableFuture$AsyncSupply.run(CompletableFuture.java:1700)
	... 3 more
2023-06-29 03:33:51,781 [grpc-default-executor-2] WARN  server.GrpcLogAppender (LogUtils.java:warn(124)) - s1@group-C92E7B86EDFC->s0-AppendLogResponseHandler: Failed appendEntries
org.apache.ratis.server.raftlog.RaftLogIOException: Log already failed at index 8 for task WriteLog:8: (t:2, i:8), STATEMACHINELOGENTRY, StateMachineLogEntryProto:377@client-E9B8430491AA
	at org.apache.ratis.server.raftlog.segmented.SegmentedRaftLogWorker.run(SegmentedRaftLogWorker.java:315)
	at java.base/java.util.concurrent.Executors$RunnableAdapter.call(Executors.java:515)
	at java.base/java.util.concurrent.FutureTask.run(FutureTask.java:264)
	at java.base/java.util.concurrent.ThreadPoolExecutor.runWorker(ThreadPoolExecutor.java:1128)
	at java.base/java.util.concurrent.ThreadPoolExecutor$Worker.run(ThreadPoolExecutor.java:628)
	at java.base/java.lang.Thread.run(Thread.java:829)
Caused by: java.io.IOException: java.lang.IllegalStateException: Null stream: entry=term: 2
index: 8
stateMachineLogEntry {
  type: DATASTREAM
  clientId: "J\000\\\302\362\322H[\226\355\351\270C\004\221\252"
  callId: 377
}

	at org.apache.ratis.util.IOUtils.asIOException(IOUtils.java:56)
	at org.apache.ratis.util.IOUtils.toIOException(IOUtils.java:61)
	at org.apache.ratis.util.IOUtils.getFromFuture(IOUtils.java:85)
	at org.apache.ratis.server.raftlog.segmented.SegmentedRaftLogWorker$StateMachineDataPolicy.getFromFuture(SegmentedRaftLogWorker.java:88)
	at org.apache.ratis.server.raftlog.segmented.SegmentedRaftLogWorker$WriteLog.execute(SegmentedRaftLogWorker.java:535)
	at org.apache.ratis.server.raftlog.segmented.SegmentedRaftLogWorker.run(SegmentedRaftLogWorker.java:303)
	... 5 more
Caused by: java.lang.IllegalStateException: Null stream: entry=term: 2
index: 8
stateMachineLogEntry {
  type: DATASTREAM
  clientId: "J\000\\\302\362\322H[\226\355\351\270C\004\221\252"
  callId: 377
}

	at org.apache.ratis.datastream.DataStreamTestUtils$MultiDataStreamStateMachine.link(DataStreamTestUtils.java:159)
	at org.apache.ratis.server.raftlog.segmented.SegmentedRaftLogWorker$WriteLog.<init>(SegmentedRaftLogWorker.java:492)
	at org.apache.ratis.server.raftlog.segmented.SegmentedRaftLogWorker.writeLogEntry(SegmentedRaftLogWorker.java:438)
	at org.apache.ratis.server.raftlog.segmented.SegmentedRaftLog.appendEntryImpl(SegmentedRaftLog.java:409)
	at org.apache.ratis.server.raftlog.RaftLogBase.lambda$appendEntry$10(RaftLogBase.java:330)
	at org.apache.ratis.server.raftlog.RaftLogSequentialOps$Runner.runSequentially(RaftLogSequentialOps.java:78)
	at org.apache.ratis.server.raftlog.RaftLogBase.appendEntry(RaftLogBase.java:330)
	at org.apache.ratis.server.raftlog.segmented.SegmentedRaftLog.appendImpl(SegmentedRaftLog.java:457)
	at org.apache.ratis.server.raftlog.RaftLogBase.lambda$append$11(RaftLogBase.java:337)
	at org.apache.ratis.server.raftlog.RaftLogSequentialOps$Runner.runSequentially(RaftLogSequentialOps.java:69)
	at org.apache.ratis.server.raftlog.RaftLogBase.append(RaftLogBase.java:337)
	at org.apache.ratis.server.impl.RaftServerImpl.appendEntriesAsync(RaftServerImpl.java:1567)
	at org.apache.ratis.server.impl.RaftServerImpl.appendEntriesAsync(RaftServerImpl.java:1431)
	at org.apache.ratis.server.impl.RaftServerProxy.lambda$appendEntriesAsync$26(RaftServerProxy.java:639)
	at org.apache.ratis.util.JavaUtils.callAsUnchecked(JavaUtils.java:117)
	at org.apache.ratis.server.impl.RaftServerImpl.lambda$executeSubmitServerRequestAsync$10(RaftServerImpl.java:859)
	at java.base/java.util.concurrent.CompletableFuture$AsyncSupply.run(CompletableFuture.java:1700)
	... 3 more
2023-06-29 03:33:51,782 [grpc-default-executor-2] INFO  leader.FollowerInfo (FollowerInfoImpl.java:lambda$new$0(52)) - s1@group-C92E7B86EDFC->s0: decreaseNextIndex nextIndex: updateUnconditionally 15 -> 14
2023-06-29 03:33:54,985 [timer6] WARN  grpc.GrpcUtil (GrpcUtil.java:shutdownManagedChannel(223)) - Timed out gracefully shutting down connection: ManagedChannelOrphanWrapper{delegate=ManagedChannelImpl{logId=312, target=localhost:43533}}. 
2023-06-29 03:33:55,102 [Timer-2] INFO  impl.MiniRaftCluster (MiniRaftCluster.java:lambda$start$6(349)) - TIMED-PRINT: printing ALL groups
  s0:  RUNNING  FOLLOWER s0@group-C92E7B86EDFC:t2, leader=s1, voted=null, raftlog=Memoized:s0@group-C92E7B86EDFC-SegmentedRaftLog:OPENED:c7, conf=6: peers:[s0|rpc:localhost:46689|admin:localhost:46779|client:localhost:37871|dataStream:localhost:46501|priority:0|startupRole:FOLLOWER, s1|rpc:localhost:37585|admin:localhost:35007|client:localhost:43533|dataStream:localhost:44315|priority:0|startupRole:FOLLOWER, s2|rpc:localhost:34717|admin:localhost:33013|client:localhost:41383|dataStream:localhost:35135|priority:0|startupRole:FOLLOWER]|listeners:[], old=null RUNNING
  s1:  RUNNING    LEADER s1@group-C92E7B86EDFC:t2, leader=s1, voted=s1, raftlog=Memoized:s1@group-C92E7B86EDFC-SegmentedRaftLog:OPENED:c7, conf=6: peers:[s0|rpc:localhost:46689|admin:localhost:46779|client:localhost:37871|dataStream:localhost:46501|priority:0|startupRole:FOLLOWER, s1|rpc:localhost:37585|admin:localhost:35007|client:localhost:43533|dataStream:localhost:44315|priority:0|startupRole:FOLLOWER, s2|rpc:localhost:34717|admin:localhost:33013|client:localhost:41383|dataStream:localhost:35135|priority:0|startupRole:FOLLOWER]|listeners:[], old=null RUNNING
  s2:  RUNNING  FOLLOWER s2@group-C92E7B86EDFC:t2, leader=s1, voted=s1, raftlog=Memoized:s2@group-C92E7B86EDFC-SegmentedRaftLog:OPENED:c7, conf=6: peers:[s0|rpc:localhost:46689|admin:localhost:46779|client:localhost:37871|dataStream:localhost:46501|priority:0|startupRole:FOLLOWER, s1|rpc:localhost:37585|admin:localhost:35007|client:localhost:43533|dataStream:localhost:44315|priority:0|startupRole:FOLLOWER, s2|rpc:localhost:34717|admin:localhost:33013|client:localhost:41383|dataStream:localhost:35135|priority:0|startupRole:FOLLOWER]|listeners:[], old=null RUNNING
2023-06-29 03:33:55,561 [timer4] WARN  grpc.GrpcUtil (GrpcUtil.java:shutdownManagedChannel(223)) - Timed out gracefully shutting down connection: ManagedChannelOrphanWrapper{delegate=ManagedChannelImpl{logId=345, target=localhost:43533}}. 
2023-06-29 03:33:57,396 [timer1] WARN  grpc.GrpcUtil (GrpcUtil.java:shutdownManagedChannel(223)) - Timed out gracefully shutting down connection: ManagedChannelOrphanWrapper{delegate=ManagedChannelImpl{logId=362, target=localhost:43533}}. 
2023-06-29 03:33:57,740 [timer2] WARN  grpc.GrpcUtil (GrpcUtil.java:shutdownManagedChannel(223)) - Timed out gracefully shutting down connection: ManagedChannelOrphanWrapper{delegate=ManagedChannelImpl{logId=376, target=localhost:43533}}. 
2023-06-29 03:33:57,990 [timer6] WARN  grpc.GrpcUtil (GrpcUtil.java:shutdownManagedChannel(223)) - Timed out gracefully shutting down connection: ManagedChannelOrphanWrapper{delegate=ManagedChannelImpl{logId=333, target=localhost:43533}}. 
2023-06-29 03:34:00,995 [timer6] WARN  grpc.GrpcUtil (GrpcUtil.java:shutdownManagedChannel(223)) - Timed out gracefully shutting down connection: ManagedChannelOrphanWrapper{delegate=ManagedChannelImpl{logId=341, target=localhost:43533}}. 
2023-06-29 03:34:01,103 [timer7] WARN  grpc.GrpcUtil (GrpcUtil.java:shutdownManagedChannel(223)) - Timed out gracefully shutting down connection: ManagedChannelOrphanWrapper{delegate=ManagedChannelImpl{logId=390, target=localhost:43533}}. 
2023-06-29 03:34:03,757 [timer0] WARN  grpc.GrpcUtil (GrpcUtil.java:shutdownManagedChannel(223)) - Timed out gracefully shutting down connection: ManagedChannelOrphanWrapper{delegate=ManagedChannelImpl{logId=418, target=localhost:43533}}. 
2023-06-29 03:34:03,857 [timer1] WARN  grpc.GrpcUtil (GrpcUtil.java:shutdownManagedChannel(223)) - Timed out gracefully shutting down connection: ManagedChannelOrphanWrapper{delegate=ManagedChannelImpl{logId=432, target=localhost:43533}}. 
2023-06-29 03:34:04,027 [timer6] WARN  grpc.GrpcUtil (GrpcUtil.java:shutdownManagedChannel(223)) - Timed out gracefully shutting down connection: ManagedChannelOrphanWrapper{delegate=ManagedChannelImpl{logId=404, target=localhost:43533}}. 
2023-06-29 03:34:05,102 [Timer-2] INFO  impl.MiniRaftCluster (MiniRaftCluster.java:lambda$start$6(349)) - TIMED-PRINT: printing ALL groups
  s0:  RUNNING  FOLLOWER s0@group-C92E7B86EDFC:t2, leader=s1, voted=null, raftlog=Memoized:s0@group-C92E7B86EDFC-SegmentedRaftLog:OPENED:c7, conf=6: peers:[s0|rpc:localhost:46689|admin:localhost:46779|client:localhost:37871|dataStream:localhost:46501|priority:0|startupRole:FOLLOWER, s1|rpc:localhost:37585|admin:localhost:35007|client:localhost:43533|dataStream:localhost:44315|priority:0|startupRole:FOLLOWER, s2|rpc:localhost:34717|admin:localhost:33013|client:localhost:41383|dataStream:localhost:35135|priority:0|startupRole:FOLLOWER]|listeners:[], old=null RUNNING
  s1:  RUNNING    LEADER s1@group-C92E7B86EDFC:t2, leader=s1, voted=s1, raftlog=Memoized:s1@group-C92E7B86EDFC-SegmentedRaftLog:OPENED:c7, conf=6: peers:[s0|rpc:localhost:46689|admin:localhost:46779|client:localhost:37871|dataStream:localhost:46501|priority:0|startupRole:FOLLOWER, s1|rpc:localhost:37585|admin:localhost:35007|client:localhost:43533|dataStream:localhost:44315|priority:0|startupRole:FOLLOWER, s2|rpc:localhost:34717|admin:localhost:33013|client:localhost:41383|dataStream:localhost:35135|priority:0|startupRole:FOLLOWER]|listeners:[], old=null RUNNING
  s2:  RUNNING  FOLLOWER s2@group-C92E7B86EDFC:t2, leader=s1, voted=s1, raftlog=Memoized:s2@group-C92E7B86EDFC-SegmentedRaftLog:OPENED:c7, conf=6: peers:[s0|rpc:localhost:46689|admin:localhost:46779|client:localhost:37871|dataStream:localhost:46501|priority:0|startupRole:FOLLOWER, s1|rpc:localhost:37585|admin:localhost:35007|client:localhost:43533|dataStream:localhost:44315|priority:0|startupRole:FOLLOWER, s2|rpc:localhost:34717|admin:localhost:33013|client:localhost:41383|dataStream:localhost:35135|priority:0|startupRole:FOLLOWER]|listeners:[], old=null RUNNING
2023-06-29 03:34:07,107 [timer3] WARN  grpc.GrpcUtil (GrpcUtil.java:shutdownManagedChannel(223)) - Timed out gracefully shutting down connection: ManagedChannelOrphanWrapper{delegate=ManagedChannelImpl{logId=446, target=localhost:43533}}. 
2023-06-29 03:34:09,761 [timer6] WARN  grpc.GrpcUtil (GrpcUtil.java:shutdownManagedChannel(223)) - Timed out gracefully shutting down connection: ManagedChannelOrphanWrapper{delegate=ManagedChannelImpl{logId=467, target=localhost:43533}}. 
2023-06-29 03:34:09,870 [timer4] WARN  grpc.GrpcUtil (GrpcUtil.java:shutdownManagedChannel(223)) - Timed out gracefully shutting down connection: ManagedChannelOrphanWrapper{delegate=ManagedChannelImpl{logId=488, target=localhost:43533}}. 
2023-06-29 03:34:09,968 [timer0] WARN  grpc.GrpcUtil (GrpcUtil.java:shutdownManagedChannel(223)) - Timed out gracefully shutting down connection: ManagedChannelOrphanWrapper{delegate=ManagedChannelImpl{logId=502, target=localhost:43533}}. 
2023-06-29 03:34:12,764 [timer6] WARN  grpc.GrpcUtil (GrpcUtil.java:shutdownManagedChannel(223)) - Timed out gracefully shutting down connection: ManagedChannelOrphanWrapper{delegate=ManagedChannelImpl{logId=474, target=localhost:43533}}. 
2023-06-29 03:34:13,220 [timer1] WARN  grpc.GrpcUtil (GrpcUtil.java:shutdownManagedChannel(223)) - Timed out gracefully shutting down connection: ManagedChannelOrphanWrapper{delegate=ManagedChannelImpl{logId=530, target=localhost:43533}}. 
2023-06-29 03:34:15,102 [Timer-2] INFO  impl.MiniRaftCluster (MiniRaftCluster.java:lambda$start$6(349)) - TIMED-PRINT: printing ALL groups
  s0:  RUNNING  FOLLOWER s0@group-C92E7B86EDFC:t2, leader=s1, voted=null, raftlog=Memoized:s0@group-C92E7B86EDFC-SegmentedRaftLog:OPENED:c7, conf=6: peers:[s0|rpc:localhost:46689|admin:localhost:46779|client:localhost:37871|dataStream:localhost:46501|priority:0|startupRole:FOLLOWER, s1|rpc:localhost:37585|admin:localhost:35007|client:localhost:43533|dataStream:localhost:44315|priority:0|startupRole:FOLLOWER, s2|rpc:localhost:34717|admin:localhost:33013|client:localhost:41383|dataStream:localhost:35135|priority:0|startupRole:FOLLOWER]|listeners:[], old=null RUNNING
  s1:  RUNNING    LEADER s1@group-C92E7B86EDFC:t2, leader=s1, voted=s1, raftlog=Memoized:s1@group-C92E7B86EDFC-SegmentedRaftLog:OPENED:c7, conf=6: peers:[s0|rpc:localhost:46689|admin:localhost:46779|client:localhost:37871|dataStream:localhost:46501|priority:0|startupRole:FOLLOWER, s1|rpc:localhost:37585|admin:localhost:35007|client:localhost:43533|dataStream:localhost:44315|priority:0|startupRole:FOLLOWER, s2|rpc:localhost:34717|admin:localhost:33013|client:localhost:41383|dataStream:localhost:35135|priority:0|startupRole:FOLLOWER]|listeners:[], old=null RUNNING
  s2:  RUNNING  FOLLOWER s2@group-C92E7B86EDFC:t2, leader=s1, voted=s1, raftlog=Memoized:s2@group-C92E7B86EDFC-SegmentedRaftLog:OPENED:c7, conf=6: peers:[s0|rpc:localhost:46689|admin:localhost:46779|client:localhost:37871|dataStream:localhost:46501|priority:0|startupRole:FOLLOWER, s1|rpc:localhost:37585|admin:localhost:35007|client:localhost:43533|dataStream:localhost:44315|priority:0|startupRole:FOLLOWER, s2|rpc:localhost:34717|admin:localhost:33013|client:localhost:41383|dataStream:localhost:35135|priority:0|startupRole:FOLLOWER]|listeners:[], old=null RUNNING
2023-06-29 03:34:15,766 [timer6] WARN  grpc.GrpcUtil (GrpcUtil.java:shutdownManagedChannel(223)) - Timed out gracefully shutting down connection: ManagedChannelOrphanWrapper{delegate=ManagedChannelImpl{logId=516, target=localhost:43533}}. 
2023-06-29 03:34:15,980 [timer0] WARN  grpc.GrpcUtil (GrpcUtil.java:shutdownManagedChannel(223)) - Timed out gracefully shutting down connection: ManagedChannelOrphanWrapper{delegate=ManagedChannelImpl{logId=558, target=localhost:43533}}. 
2023-06-29 03:34:16,224 [timer1] WARN  grpc.GrpcUtil (GrpcUtil.java:shutdownManagedChannel(223)) - Timed out gracefully shutting down connection: ManagedChannelOrphanWrapper{delegate=ManagedChannelImpl{logId=544, target=localhost:43533}}. 
2023-06-29 03:34:18,886 [timer3] WARN  grpc.GrpcUtil (GrpcUtil.java:shutdownManagedChannel(223)) - Timed out gracefully shutting down connection: ManagedChannelOrphanWrapper{delegate=ManagedChannelImpl{logId=586, target=localhost:43533}}. 
2023-06-29 03:34:18,983 [timer0] WARN  grpc.GrpcUtil (GrpcUtil.java:shutdownManagedChannel(223)) - Timed out gracefully shutting down connection: ManagedChannelOrphanWrapper{delegate=ManagedChannelImpl{logId=572, target=localhost:43533}}. 
2023-06-29 03:34:21,873 [timer6] WARN  grpc.GrpcUtil (GrpcUtil.java:shutdownManagedChannel(223)) - Timed out gracefully shutting down connection: ManagedChannelOrphanWrapper{delegate=ManagedChannelImpl{logId=614, target=localhost:43533}}. 
2023-06-29 03:34:22,002 [timer0] WARN  grpc.GrpcUtil (GrpcUtil.java:shutdownManagedChannel(223)) - Timed out gracefully shutting down connection: ManagedChannelOrphanWrapper{delegate=ManagedChannelImpl{logId=600, target=localhost:43533}}. 
2023-06-29 03:34:24,899 [timer2] WARN  grpc.GrpcUtil (GrpcUtil.java:shutdownManagedChannel(223)) - Timed out gracefully shutting down connection: ManagedChannelOrphanWrapper{delegate=ManagedChannelImpl{logId=642, target=localhost:43533}}. 
2023-06-29 03:34:25,006 [timer5] WARN  grpc.GrpcUtil (GrpcUtil.java:shutdownManagedChannel(223)) - Timed out gracefully shutting down connection: ManagedChannelOrphanWrapper{delegate=ManagedChannelImpl{logId=656, target=localhost:43533}}. 
2023-06-29 03:34:25,007 [timer0] WARN  grpc.GrpcUtil (GrpcUtil.java:shutdownManagedChannel(223)) - Timed out gracefully shutting down connection: ManagedChannelOrphanWrapper{delegate=ManagedChannelImpl{logId=628, target=localhost:43533}}. 
2023-06-29 03:34:25,092 [timer4] WARN  grpc.GrpcUtil (GrpcUtil.java:shutdownManagedChannel(223)) - Timed out gracefully shutting down connection: ManagedChannelOrphanWrapper{delegate=ManagedChannelImpl{logId=670, target=localhost:43533}}. 
2023-06-29 03:34:25,102 [Timer-2] INFO  impl.MiniRaftCluster (MiniRaftCluster.java:lambda$start$6(349)) - TIMED-PRINT: printing ALL groups
  s0:  RUNNING  FOLLOWER s0@group-C92E7B86EDFC:t2, leader=s1, voted=null, raftlog=Memoized:s0@group-C92E7B86EDFC-SegmentedRaftLog:OPENED:c7, conf=6: peers:[s0|rpc:localhost:46689|admin:localhost:46779|client:localhost:37871|dataStream:localhost:46501|priority:0|startupRole:FOLLOWER, s1|rpc:localhost:37585|admin:localhost:35007|client:localhost:43533|dataStream:localhost:44315|priority:0|startupRole:FOLLOWER, s2|rpc:localhost:34717|admin:localhost:33013|client:localhost:41383|dataStream:localhost:35135|priority:0|startupRole:FOLLOWER]|listeners:[], old=null RUNNING
  s1:  RUNNING    LEADER s1@group-C92E7B86EDFC:t2, leader=s1, voted=s1, raftlog=Memoized:s1@group-C92E7B86EDFC-SegmentedRaftLog:OPENED:c7, conf=6: peers:[s0|rpc:localhost:46689|admin:localhost:46779|client:localhost:37871|dataStream:localhost:46501|priority:0|startupRole:FOLLOWER, s1|rpc:localhost:37585|admin:localhost:35007|client:localhost:43533|dataStream:localhost:44315|priority:0|startupRole:FOLLOWER, s2|rpc:localhost:34717|admin:localhost:33013|client:localhost:41383|dataStream:localhost:35135|priority:0|startupRole:FOLLOWER]|listeners:[], old=null RUNNING
  s2:  RUNNING  FOLLOWER s2@group-C92E7B86EDFC:t2, leader=s1, voted=s1, raftlog=Memoized:s2@group-C92E7B86EDFC-SegmentedRaftLog:OPENED:c7, conf=6: peers:[s0|rpc:localhost:46689|admin:localhost:46779|client:localhost:37871|dataStream:localhost:46501|priority:0|startupRole:FOLLOWER, s1|rpc:localhost:37585|admin:localhost:35007|client:localhost:43533|dataStream:localhost:44315|priority:0|startupRole:FOLLOWER, s2|rpc:localhost:34717|admin:localhost:33013|client:localhost:41383|dataStream:localhost:35135|priority:0|startupRole:FOLLOWER]|listeners:[], old=null RUNNING
2023-06-29 03:34:27,990 [timer7] WARN  grpc.GrpcUtil (GrpcUtil.java:shutdownManagedChannel(223)) - Timed out gracefully shutting down connection: ManagedChannelOrphanWrapper{delegate=ManagedChannelImpl{logId=684, target=localhost:43533}}. 
2023-06-29 03:34:30,903 [timer3] WARN  grpc.GrpcUtil (GrpcUtil.java:shutdownManagedChannel(223)) - Timed out gracefully shutting down connection: ManagedChannelOrphanWrapper{delegate=ManagedChannelImpl{logId=698, target=localhost:43533}}. 
2023-06-29 03:34:31,118 [timer1] WARN  grpc.GrpcUtil (GrpcUtil.java:shutdownManagedChannel(223)) - Timed out gracefully shutting down connection: ManagedChannelOrphanWrapper{delegate=ManagedChannelImpl{logId=719, target=localhost:43533}}. 
2023-06-29 03:34:31,201 [timer5] WARN  grpc.GrpcUtil (GrpcUtil.java:shutdownManagedChannel(223)) - Timed out gracefully shutting down connection: ManagedChannelOrphanWrapper{delegate=ManagedChannelImpl{logId=733, target=localhost:43533}}. 
2023-06-29 03:34:34,124 [timer1] WARN  grpc.GrpcUtil (GrpcUtil.java:shutdownManagedChannel(223)) - Timed out gracefully shutting down connection: ManagedChannelOrphanWrapper{delegate=ManagedChannelImpl{logId=746, target=localhost:43533}}. 
2023-06-29 03:34:35,102 [Timer-2] INFO  impl.MiniRaftCluster (MiniRaftCluster.java:lambda$start$6(349)) - TIMED-PRINT: printing ALL groups
  s0:  RUNNING  FOLLOWER s0@group-C92E7B86EDFC:t2, leader=s1, voted=null, raftlog=Memoized:s0@group-C92E7B86EDFC-SegmentedRaftLog:OPENED:c7, conf=6: peers:[s0|rpc:localhost:46689|admin:localhost:46779|client:localhost:37871|dataStream:localhost:46501|priority:0|startupRole:FOLLOWER, s1|rpc:localhost:37585|admin:localhost:35007|client:localhost:43533|dataStream:localhost:44315|priority:0|startupRole:FOLLOWER, s2|rpc:localhost:34717|admin:localhost:33013|client:localhost:41383|dataStream:localhost:35135|priority:0|startupRole:FOLLOWER]|listeners:[], old=null RUNNING
  s1:  RUNNING    LEADER s1@group-C92E7B86EDFC:t2, leader=s1, voted=s1, raftlog=Memoized:s1@group-C92E7B86EDFC-SegmentedRaftLog:OPENED:c7, conf=6: peers:[s0|rpc:localhost:46689|admin:localhost:46779|client:localhost:37871|dataStream:localhost:46501|priority:0|startupRole:FOLLOWER, s1|rpc:localhost:37585|admin:localhost:35007|client:localhost:43533|dataStream:localhost:44315|priority:0|startupRole:FOLLOWER, s2|rpc:localhost:34717|admin:localhost:33013|client:localhost:41383|dataStream:localhost:35135|priority:0|startupRole:FOLLOWER]|listeners:[], old=null RUNNING
  s2:  RUNNING  FOLLOWER s2@group-C92E7B86EDFC:t2, leader=s1, voted=s1, raftlog=Memoized:s2@group-C92E7B86EDFC-SegmentedRaftLog:OPENED:c7, conf=6: peers:[s0|rpc:localhost:46689|admin:localhost:46779|client:localhost:37871|dataStream:localhost:46501|priority:0|startupRole:FOLLOWER, s1|rpc:localhost:37585|admin:localhost:35007|client:localhost:43533|dataStream:localhost:44315|priority:0|startupRole:FOLLOWER, s2|rpc:localhost:34717|admin:localhost:33013|client:localhost:41383|dataStream:localhost:35135|priority:0|startupRole:FOLLOWER]|listeners:[], old=null RUNNING
2023-06-29 03:34:36,906 [timer6] WARN  grpc.GrpcUtil (GrpcUtil.java:shutdownManagedChannel(223)) - Timed out gracefully shutting down connection: ManagedChannelOrphanWrapper{delegate=ManagedChannelImpl{logId=761, target=localhost:43533}}. 
2023-06-29 03:34:36,907 [timer2] WARN  grpc.GrpcUtil (GrpcUtil.java:shutdownManagedChannel(223)) - Timed out gracefully shutting down connection: ManagedChannelOrphanWrapper{delegate=ManagedChannelImpl{logId=767, target=localhost:43533}}. 
2023-06-29 03:34:37,238 [timer7] WARN  grpc.GrpcUtil (GrpcUtil.java:shutdownManagedChannel(223)) - Timed out gracefully shutting down connection: ManagedChannelOrphanWrapper{delegate=ManagedChannelImpl{logId=796, target=localhost:43533}}. 
2023-06-29 03:34:39,909 [timer2] WARN  grpc.GrpcUtil (GrpcUtil.java:shutdownManagedChannel(223)) - Timed out gracefully shutting down connection: ManagedChannelOrphanWrapper{delegate=ManagedChannelImpl{logId=782, target=localhost:43533}}. 
2023-06-29 03:34:40,127 [timer0] WARN  grpc.GrpcUtil (GrpcUtil.java:shutdownManagedChannel(223)) - Timed out gracefully shutting down connection: ManagedChannelOrphanWrapper{delegate=ManagedChannelImpl{logId=810, target=localhost:43533}}. 
2023-06-29 03:34:40,234 [timer1] WARN  grpc.GrpcUtil (GrpcUtil.java:shutdownManagedChannel(223)) - Timed out gracefully shutting down connection: ManagedChannelOrphanWrapper{delegate=ManagedChannelImpl{logId=824, target=localhost:43533}}. 
2023-06-29 03:34:43,016 [timer6] WARN  grpc.GrpcUtil (GrpcUtil.java:shutdownManagedChannel(223)) - Timed out gracefully shutting down connection: ManagedChannelOrphanWrapper{delegate=ManagedChannelImpl{logId=838, target=localhost:43533}}. 
2023-06-29 03:34:45,102 [Timer-2] INFO  impl.MiniRaftCluster (MiniRaftCluster.java:lambda$start$6(349)) - TIMED-PRINT: printing ALL groups
  s0:  RUNNING  FOLLOWER s0@group-C92E7B86EDFC:t2, leader=s1, voted=null, raftlog=Memoized:s0@group-C92E7B86EDFC-SegmentedRaftLog:OPENED:c7, conf=6: peers:[s0|rpc:localhost:46689|admin:localhost:46779|client:localhost:37871|dataStream:localhost:46501|priority:0|startupRole:FOLLOWER, s1|rpc:localhost:37585|admin:localhost:35007|client:localhost:43533|dataStream:localhost:44315|priority:0|startupRole:FOLLOWER, s2|rpc:localhost:34717|admin:localhost:33013|client:localhost:41383|dataStream:localhost:35135|priority:0|startupRole:FOLLOWER]|listeners:[], old=null RUNNING
  s1:  RUNNING    LEADER s1@group-C92E7B86EDFC:t2, leader=s1, voted=s1, raftlog=Memoized:s1@group-C92E7B86EDFC-SegmentedRaftLog:OPENED:c7, conf=6: peers:[s0|rpc:localhost:46689|admin:localhost:46779|client:localhost:37871|dataStream:localhost:46501|priority:0|startupRole:FOLLOWER, s1|rpc:localhost:37585|admin:localhost:35007|client:localhost:43533|dataStream:localhost:44315|priority:0|startupRole:FOLLOWER, s2|rpc:localhost:34717|admin:localhost:33013|client:localhost:41383|dataStream:localhost:35135|priority:0|startupRole:FOLLOWER]|listeners:[], old=null RUNNING
  s2:  RUNNING  FOLLOWER s2@group-C92E7B86EDFC:t2, leader=s1, voted=s1, raftlog=Memoized:s2@group-C92E7B86EDFC-SegmentedRaftLog:OPENED:c7, conf=6: peers:[s0|rpc:localhost:46689|admin:localhost:46779|client:localhost:37871|dataStream:localhost:46501|priority:0|startupRole:FOLLOWER, s1|rpc:localhost:37585|admin:localhost:35007|client:localhost:43533|dataStream:localhost:44315|priority:0|startupRole:FOLLOWER, s2|rpc:localhost:34717|admin:localhost:33013|client:localhost:41383|dataStream:localhost:35135|priority:0|startupRole:FOLLOWER]|listeners:[], old=null RUNNING
2023-06-29 03:34:45,924 [timer3] WARN  grpc.GrpcUtil (GrpcUtil.java:shutdownManagedChannel(223)) - Timed out gracefully shutting down connection: ManagedChannelOrphanWrapper{delegate=ManagedChannelImpl{logId=859, target=localhost:43533}}. 
2023-06-29 03:34:45,927 [timer1] WARN  grpc.GrpcUtil (GrpcUtil.java:shutdownManagedChannel(223)) - Timed out gracefully shutting down connection: ManagedChannelOrphanWrapper{delegate=ManagedChannelImpl{logId=866, target=localhost:43533}}. 
2023-06-29 03:34:46,018 [timer7] WARN  grpc.GrpcUtil (GrpcUtil.java:shutdownManagedChannel(223)) - Timed out gracefully shutting down connection: ManagedChannelOrphanWrapper{delegate=ManagedChannelImpl{logId=880, target=localhost:43533}}. 
2023-06-29 03:34:46,343 [timer5] WARN  grpc.GrpcUtil (GrpcUtil.java:shutdownManagedChannel(223)) - Timed out gracefully shutting down connection: ManagedChannelOrphanWrapper{delegate=ManagedChannelImpl{logId=908, target=localhost:43533}}. 
2023-06-29 03:34:48,929 [timer1] WARN  grpc.GrpcUtil (GrpcUtil.java:shutdownManagedChannel(223)) - Timed out gracefully shutting down connection: ManagedChannelOrphanWrapper{delegate=ManagedChannelImpl{logId=894, target=localhost:43533}}. 
2023-06-29 03:34:52,026 [timer5] WARN  grpc.GrpcUtil (GrpcUtil.java:shutdownManagedChannel(223)) - Timed out gracefully shutting down connection: ManagedChannelOrphanWrapper{delegate=ManagedChannelImpl{logId=922, target=localhost:43533}}. 
2023-06-29 03:34:52,043 [s1-client-thread2] INFO  statemachine.StateMachine (DataStreamTestUtils.java:link(157)) - link null
2023-06-29 03:34:52,044 [s0-server-thread1] INFO  statemachine.StateMachine (DataStreamTestUtils.java:link(157)) - link null
2023-06-29 03:34:52,045 [s0-server-thread6] WARN  server.GrpcServerProtocolService (LogUtils.java:warn(124)) - s0: Failed APPEND_ENTRIES request s1->s0#847-t2,previous=(t:2, i:14),leaderCommit=7,initializing? true,entries: size=1, first=(t:2, i:15), STATEMACHINELOGENTRY, 379@client-A884A9B095A7
java.util.concurrent.CompletionException: org.apache.ratis.server.raftlog.RaftLogIOException: Log already failed at index 8 for task WriteLog:8: (t:2, i:8), STATEMACHINELOGENTRY, StateMachineLogEntryProto:377@client-E9B8430491AA
	at java.base/java.util.concurrent.CompletableFuture.encodeThrowable(CompletableFuture.java:331)
	at java.base/java.util.concurrent.CompletableFuture.andTree(CompletableFuture.java:1452)
	at java.base/java.util.concurrent.CompletableFuture.allOf(CompletableFuture.java:2337)
	at org.apache.ratis.util.JavaUtils.allOf(JavaUtils.java:278)
	at org.apache.ratis.server.impl.RaftServerImpl.appendEntriesAsync(RaftServerImpl.java:1578)
	at org.apache.ratis.server.impl.RaftServerImpl.appendEntriesAsync(RaftServerImpl.java:1431)
	at org.apache.ratis.server.impl.RaftServerProxy.lambda$appendEntriesAsync$26(RaftServerProxy.java:639)
	at org.apache.ratis.util.JavaUtils.callAsUnchecked(JavaUtils.java:117)
	at org.apache.ratis.server.impl.RaftServerImpl.lambda$executeSubmitServerRequestAsync$10(RaftServerImpl.java:859)
	at java.base/java.util.concurrent.CompletableFuture$AsyncSupply.run(CompletableFuture.java:1700)
	at java.base/java.util.concurrent.ThreadPoolExecutor.runWorker(ThreadPoolExecutor.java:1128)
	at java.base/java.util.concurrent.ThreadPoolExecutor$Worker.run(ThreadPoolExecutor.java:628)
	at java.base/java.lang.Thread.run(Thread.java:829)
Caused by: org.apache.ratis.server.raftlog.RaftLogIOException: Log already failed at index 8 for task WriteLog:8: (t:2, i:8), STATEMACHINELOGENTRY, StateMachineLogEntryProto:377@client-E9B8430491AA
	at org.apache.ratis.server.raftlog.segmented.SegmentedRaftLogWorker.run(SegmentedRaftLogWorker.java:315)
	at java.base/java.util.concurrent.Executors$RunnableAdapter.call(Executors.java:515)
	at java.base/java.util.concurrent.FutureTask.run(FutureTask.java:264)
	... 3 more
Caused by: java.io.IOException: java.lang.IllegalStateException: Null stream: entry=term: 2
index: 8
stateMachineLogEntry {
  type: DATASTREAM
  clientId: "J\000\\\302\362\322H[\226\355\351\270C\004\221\252"
  callId: 377
}

	at org.apache.ratis.util.IOUtils.asIOException(IOUtils.java:56)
	at org.apache.ratis.util.IOUtils.toIOException(IOUtils.java:61)
	at org.apache.ratis.util.IOUtils.getFromFuture(IOUtils.java:85)
	at org.apache.ratis.server.raftlog.segmented.SegmentedRaftLogWorker$StateMachineDataPolicy.getFromFuture(SegmentedRaftLogWorker.java:88)
	at org.apache.ratis.server.raftlog.segmented.SegmentedRaftLogWorker$WriteLog.execute(SegmentedRaftLogWorker.java:535)
	at org.apache.ratis.server.raftlog.segmented.SegmentedRaftLogWorker.run(SegmentedRaftLogWorker.java:303)
	... 5 more
Caused by: java.lang.IllegalStateException: Null stream: entry=term: 2
index: 8
stateMachineLogEntry {
  type: DATASTREAM
  clientId: "J\000\\\302\362\322H[\226\355\351\270C\004\221\252"
  callId: 377
}

	at org.apache.ratis.datastream.DataStreamTestUtils$MultiDataStreamStateMachine.link(DataStreamTestUtils.java:159)
	at org.apache.ratis.server.raftlog.segmented.SegmentedRaftLogWorker$WriteLog.<init>(SegmentedRaftLogWorker.java:492)
	at org.apache.ratis.server.raftlog.segmented.SegmentedRaftLogWorker.writeLogEntry(SegmentedRaftLogWorker.java:438)
	at org.apache.ratis.server.raftlog.segmented.SegmentedRaftLog.appendEntryImpl(SegmentedRaftLog.java:409)
	at org.apache.ratis.server.raftlog.RaftLogBase.lambda$appendEntry$10(RaftLogBase.java:330)
	at org.apache.ratis.server.raftlog.RaftLogSequentialOps$Runner.runSequentially(RaftLogSequentialOps.java:78)
	at org.apache.ratis.server.raftlog.RaftLogBase.appendEntry(RaftLogBase.java:330)
	at org.apache.ratis.server.raftlog.segmented.SegmentedRaftLog.appendImpl(SegmentedRaftLog.java:457)
	at org.apache.ratis.server.raftlog.RaftLogBase.lambda$append$11(RaftLogBase.java:337)
	at org.apache.ratis.server.raftlog.RaftLogSequentialOps$Runner.runSequentially(RaftLogSequentialOps.java:69)
	at org.apache.ratis.server.raftlog.RaftLogBase.append(RaftLogBase.java:337)
	at org.apache.ratis.server.impl.RaftServerImpl.appendEntriesAsync(RaftServerImpl.java:1567)
	at org.apache.ratis.server.impl.RaftServerImpl.appendEntriesAsync(RaftServerImpl.java:1431)
	at org.apache.ratis.server.impl.RaftServerProxy.lambda$appendEntriesAsync$26(RaftServerProxy.java:639)
	at org.apache.ratis.util.JavaUtils.callAsUnchecked(JavaUtils.java:117)
	at org.apache.ratis.server.impl.RaftServerImpl.lambda$executeSubmitServerRequestAsync$10(RaftServerImpl.java:859)
	at java.base/java.util.concurrent.CompletableFuture$AsyncSupply.run(CompletableFuture.java:1700)
	... 3 more
2023-06-29 03:34:52,048 [s2-server-thread2] INFO  statemachine.StateMachine (DataStreamTestUtils.java:link(157)) - link null
2023-06-29 03:34:52,049 [grpc-default-executor-7] WARN  server.GrpcServerProtocolService (LogUtils.java:warn(124)) - s2: Failed APPEND_ENTRIES request s1->s2#846-t2,previous=(t:2, i:14),leaderCommit=7,initializing? true,entries: size=1, first=(t:2, i:15), STATEMACHINELOGENTRY, 379@client-A884A9B095A7
java.util.concurrent.CompletionException: org.apache.ratis.server.raftlog.RaftLogIOException: Log already failed at index 8 for task WriteLog:8: (t:2, i:8), STATEMACHINELOGENTRY, StateMachineLogEntryProto:377@client-E9B8430491AA
	at java.base/java.util.concurrent.CompletableFuture.encodeThrowable(CompletableFuture.java:331)
	at java.base/java.util.concurrent.CompletableFuture.completeThrowable(CompletableFuture.java:346)
	at java.base/java.util.concurrent.CompletableFuture$BiRelay.tryFire(CompletableFuture.java:1423)
	at java.base/java.util.concurrent.CompletableFuture$CoCompletion.tryFire(CompletableFuture.java:1144)
	at java.base/java.util.concurrent.CompletableFuture.postComplete(CompletableFuture.java:506)
	at java.base/java.util.concurrent.CompletableFuture.completeExceptionally(CompletableFuture.java:2088)
	at org.apache.ratis.server.raftlog.segmented.SegmentedRaftLog$Task.failed(SegmentedRaftLog.java:105)
	at org.apache.ratis.server.raftlog.segmented.SegmentedRaftLogWorker$WriteLog.failed(SegmentedRaftLogWorker.java:514)
	at org.apache.ratis.server.raftlog.segmented.SegmentedRaftLogWorker.run(SegmentedRaftLogWorker.java:312)
	at java.base/java.util.concurrent.Executors$RunnableAdapter.call(Executors.java:515)
	at java.base/java.util.concurrent.FutureTask.run(FutureTask.java:264)
	at java.base/java.util.concurrent.ThreadPoolExecutor.runWorker(ThreadPoolExecutor.java:1128)
	at java.base/java.util.concurrent.ThreadPoolExecutor$Worker.run(ThreadPoolExecutor.java:628)
	at java.base/java.lang.Thread.run(Thread.java:829)
Caused by: org.apache.ratis.server.raftlog.RaftLogIOException: Log already failed at index 8 for task WriteLog:8: (t:2, i:8), STATEMACHINELOGENTRY, StateMachineLogEntryProto:377@client-E9B8430491AA
	at org.apache.ratis.server.raftlog.segmented.SegmentedRaftLogWorker.run(SegmentedRaftLogWorker.java:315)
	... 5 more
Caused by: java.io.IOException: java.lang.IllegalStateException: Null stream: entry=term: 2
index: 8
stateMachineLogEntry {
  type: DATASTREAM
  clientId: "J\000\\\302\362\322H[\226\355\351\270C\004\221\252"
  callId: 377
}

	at org.apache.ratis.util.IOUtils.asIOException(IOUtils.java:56)
	at org.apache.ratis.util.IOUtils.toIOException(IOUtils.java:61)
	at org.apache.ratis.util.IOUtils.getFromFuture(IOUtils.java:85)
	at org.apache.ratis.server.raftlog.segmented.SegmentedRaftLogWorker$StateMachineDataPolicy.getFromFuture(SegmentedRaftLogWorker.java:88)
	at org.apache.ratis.server.raftlog.segmented.SegmentedRaftLogWorker$WriteLog.execute(SegmentedRaftLogWorker.java:535)
	at org.apache.ratis.server.raftlog.segmented.SegmentedRaftLogWorker.run(SegmentedRaftLogWorker.java:303)
	... 5 more
Caused by: java.lang.IllegalStateException: Null stream: entry=term: 2
index: 8
stateMachineLogEntry {
  type: DATASTREAM
  clientId: "J\000\\\302\362\322H[\226\355\351\270C\004\221\252"
  callId: 377
}

	at org.apache.ratis.datastream.DataStreamTestUtils$MultiDataStreamStateMachine.link(DataStreamTestUtils.java:159)
	at org.apache.ratis.server.raftlog.segmented.SegmentedRaftLogWorker$WriteLog.<init>(SegmentedRaftLogWorker.java:492)
	at org.apache.ratis.server.raftlog.segmented.SegmentedRaftLogWorker.writeLogEntry(SegmentedRaftLogWorker.java:438)
	at org.apache.ratis.server.raftlog.segmented.SegmentedRaftLog.appendEntryImpl(SegmentedRaftLog.java:409)
	at org.apache.ratis.server.raftlog.RaftLogBase.lambda$appendEntry$10(RaftLogBase.java:330)
	at org.apache.ratis.server.raftlog.RaftLogSequentialOps$Runner.runSequentially(RaftLogSequentialOps.java:78)
	at org.apache.ratis.server.raftlog.RaftLogBase.appendEntry(RaftLogBase.java:330)
	at org.apache.ratis.server.raftlog.segmented.SegmentedRaftLog.appendImpl(SegmentedRaftLog.java:457)
	at org.apache.ratis.server.raftlog.RaftLogBase.lambda$append$11(RaftLogBase.java:337)
	at org.apache.ratis.server.raftlog.RaftLogSequentialOps$Runner.runSequentially(RaftLogSequentialOps.java:69)
	at org.apache.ratis.server.raftlog.RaftLogBase.append(RaftLogBase.java:337)
	at org.apache.ratis.server.impl.RaftServerImpl.appendEntriesAsync(RaftServerImpl.java:1567)
	at org.apache.ratis.server.impl.RaftServerImpl.appendEntriesAsync(RaftServerImpl.java:1431)
	at org.apache.ratis.server.impl.RaftServerProxy.lambda$appendEntriesAsync$26(RaftServerProxy.java:639)
	at org.apache.ratis.util.JavaUtils.callAsUnchecked(JavaUtils.java:117)
	at org.apache.ratis.server.impl.RaftServerImpl.lambda$executeSubmitServerRequestAsync$10(RaftServerImpl.java:859)
	at java.base/java.util.concurrent.CompletableFuture$AsyncSupply.run(CompletableFuture.java:1700)
	... 3 more
2023-06-29 03:34:52,055 [grpc-default-executor-7] WARN  server.GrpcLogAppender (LogUtils.java:warn(124)) - s1@group-C92E7B86EDFC->s0-AppendLogResponseHandler: Failed appendEntries
org.apache.ratis.server.raftlog.RaftLogIOException: Log already failed at index 8 for task WriteLog:8: (t:2, i:8), STATEMACHINELOGENTRY, StateMachineLogEntryProto:377@client-E9B8430491AA
	at org.apache.ratis.server.raftlog.segmented.SegmentedRaftLogWorker.run(SegmentedRaftLogWorker.java:315)
	at java.base/java.util.concurrent.Executors$RunnableAdapter.call(Executors.java:515)
	at java.base/java.util.concurrent.FutureTask.run(FutureTask.java:264)
	at java.base/java.util.concurrent.ThreadPoolExecutor.runWorker(ThreadPoolExecutor.java:1128)
	at java.base/java.util.concurrent.ThreadPoolExecutor$Worker.run(ThreadPoolExecutor.java:628)
	at java.base/java.lang.Thread.run(Thread.java:829)
Caused by: java.io.IOException: java.lang.IllegalStateException: Null stream: entry=term: 2
index: 8
stateMachineLogEntry {
  type: DATASTREAM
  clientId: "J\000\\\302\362\322H[\226\355\351\270C\004\221\252"
  callId: 377
}

	at org.apache.ratis.util.IOUtils.asIOException(IOUtils.java:56)
	at org.apache.ratis.util.IOUtils.toIOException(IOUtils.java:61)
	at org.apache.ratis.util.IOUtils.getFromFuture(IOUtils.java:85)
	at org.apache.ratis.server.raftlog.segmented.SegmentedRaftLogWorker$StateMachineDataPolicy.getFromFuture(SegmentedRaftLogWorker.java:88)
	at org.apache.ratis.server.raftlog.segmented.SegmentedRaftLogWorker$WriteLog.execute(SegmentedRaftLogWorker.java:535)
	at org.apache.ratis.server.raftlog.segmented.SegmentedRaftLogWorker.run(SegmentedRaftLogWorker.java:303)
	... 5 more
Caused by: java.lang.IllegalStateException: Null stream: entry=term: 2
index: 8
stateMachineLogEntry {
  type: DATASTREAM
  clientId: "J\000\\\302\362\322H[\226\355\351\270C\004\221\252"
  callId: 377
}

	at org.apache.ratis.datastream.DataStreamTestUtils$MultiDataStreamStateMachine.link(DataStreamTestUtils.java:159)
	at org.apache.ratis.server.raftlog.segmented.SegmentedRaftLogWorker$WriteLog.<init>(SegmentedRaftLogWorker.java:492)
	at org.apache.ratis.server.raftlog.segmented.SegmentedRaftLogWorker.writeLogEntry(SegmentedRaftLogWorker.java:438)
	at org.apache.ratis.server.raftlog.segmented.SegmentedRaftLog.appendEntryImpl(SegmentedRaftLog.java:409)
	at org.apache.ratis.server.raftlog.RaftLogBase.lambda$appendEntry$10(RaftLogBase.java:330)
	at org.apache.ratis.server.raftlog.RaftLogSequentialOps$Runner.runSequentially(RaftLogSequentialOps.java:78)
	at org.apache.ratis.server.raftlog.RaftLogBase.appendEntry(RaftLogBase.java:330)
	at org.apache.ratis.server.raftlog.segmented.SegmentedRaftLog.appendImpl(SegmentedRaftLog.java:457)
	at org.apache.ratis.server.raftlog.RaftLogBase.lambda$append$11(RaftLogBase.java:337)
	at org.apache.ratis.server.raftlog.RaftLogSequentialOps$Runner.runSequentially(RaftLogSequentialOps.java:69)
	at org.apache.ratis.server.raftlog.RaftLogBase.append(RaftLogBase.java:337)
	at org.apache.ratis.server.impl.RaftServerImpl.appendEntriesAsync(RaftServerImpl.java:1567)
	at org.apache.ratis.server.impl.RaftServerImpl.appendEntriesAsync(RaftServerImpl.java:1431)
	at org.apache.ratis.server.impl.RaftServerProxy.lambda$appendEntriesAsync$26(RaftServerProxy.java:639)
	at org.apache.ratis.util.JavaUtils.callAsUnchecked(JavaUtils.java:117)
	at org.apache.ratis.server.impl.RaftServerImpl.lambda$executeSubmitServerRequestAsync$10(RaftServerImpl.java:859)
	at java.base/java.util.concurrent.CompletableFuture$AsyncSupply.run(CompletableFuture.java:1700)
	... 3 more
2023-06-29 03:34:52,055 [grpc-default-executor-7] INFO  leader.FollowerInfo (FollowerInfoImpl.java:lambda$new$0(52)) - s1@group-C92E7B86EDFC->s0: decreaseNextIndex nextIndex: updateUnconditionally 16 -> 15
2023-06-29 03:34:52,058 [grpc-default-executor-7] WARN  server.GrpcLogAppender (LogUtils.java:warn(124)) - s1@group-C92E7B86EDFC->s2-AppendLogResponseHandler: Failed appendEntries
org.apache.ratis.server.raftlog.RaftLogIOException: Log already failed at index 8 for task WriteLog:8: (t:2, i:8), STATEMACHINELOGENTRY, StateMachineLogEntryProto:377@client-E9B8430491AA
	at org.apache.ratis.server.raftlog.segmented.SegmentedRaftLogWorker.run(SegmentedRaftLogWorker.java:315)
	at java.base/java.util.concurrent.Executors$RunnableAdapter.call(Executors.java:515)
	at java.base/java.util.concurrent.FutureTask.run(FutureTask.java:264)
	at java.base/java.util.concurrent.ThreadPoolExecutor.runWorker(ThreadPoolExecutor.java:1128)
	at java.base/java.util.concurrent.ThreadPoolExecutor$Worker.run(ThreadPoolExecutor.java:628)
	at java.base/java.lang.Thread.run(Thread.java:829)
Caused by: java.io.IOException: java.lang.IllegalStateException: Null stream: entry=term: 2
index: 8
stateMachineLogEntry {
  type: DATASTREAM
  clientId: "J\000\\\302\362\322H[\226\355\351\270C\004\221\252"
  callId: 377
}

	at org.apache.ratis.util.IOUtils.asIOException(IOUtils.java:56)
	at org.apache.ratis.util.IOUtils.toIOException(IOUtils.java:61)
	at org.apache.ratis.util.IOUtils.getFromFuture(IOUtils.java:85)
	at org.apache.ratis.server.raftlog.segmented.SegmentedRaftLogWorker$StateMachineDataPolicy.getFromFuture(SegmentedRaftLogWorker.java:88)
	at org.apache.ratis.server.raftlog.segmented.SegmentedRaftLogWorker$WriteLog.execute(SegmentedRaftLogWorker.java:535)
	at org.apache.ratis.server.raftlog.segmented.SegmentedRaftLogWorker.run(SegmentedRaftLogWorker.java:303)
	... 5 more
Caused by: java.lang.IllegalStateException: Null stream: entry=term: 2
index: 8
stateMachineLogEntry {
  type: DATASTREAM
  clientId: "J\000\\\302\362\322H[\226\355\351\270C\004\221\252"
  callId: 377
}

	at org.apache.ratis.datastream.DataStreamTestUtils$MultiDataStreamStateMachine.link(DataStreamTestUtils.java:159)
	at org.apache.ratis.server.raftlog.segmented.SegmentedRaftLogWorker$WriteLog.<init>(SegmentedRaftLogWorker.java:492)
	at org.apache.ratis.server.raftlog.segmented.SegmentedRaftLogWorker.writeLogEntry(SegmentedRaftLogWorker.java:438)
	at org.apache.ratis.server.raftlog.segmented.SegmentedRaftLog.appendEntryImpl(SegmentedRaftLog.java:409)
	at org.apache.ratis.server.raftlog.RaftLogBase.lambda$appendEntry$10(RaftLogBase.java:330)
	at org.apache.ratis.server.raftlog.RaftLogSequentialOps$Runner.runSequentially(RaftLogSequentialOps.java:78)
	at org.apache.ratis.server.raftlog.RaftLogBase.appendEntry(RaftLogBase.java:330)
	at org.apache.ratis.server.raftlog.segmented.SegmentedRaftLog.appendImpl(SegmentedRaftLog.java:457)
	at org.apache.ratis.server.raftlog.RaftLogBase.lambda$append$11(RaftLogBase.java:337)
	at org.apache.ratis.server.raftlog.RaftLogSequentialOps$Runner.runSequentially(RaftLogSequentialOps.java:69)
	at org.apache.ratis.server.raftlog.RaftLogBase.append(RaftLogBase.java:337)
	at org.apache.ratis.server.impl.RaftServerImpl.appendEntriesAsync(RaftServerImpl.java:1567)
	at org.apache.ratis.server.impl.RaftServerImpl.appendEntriesAsync(RaftServerImpl.java:1431)
	at org.apache.ratis.server.impl.RaftServerProxy.lambda$appendEntriesAsync$26(RaftServerProxy.java:639)
	at org.apache.ratis.util.JavaUtils.callAsUnchecked(JavaUtils.java:117)
	at org.apache.ratis.server.impl.RaftServerImpl.lambda$executeSubmitServerRequestAsync$10(RaftServerImpl.java:859)
	at java.base/java.util.concurrent.CompletableFuture$AsyncSupply.run(CompletableFuture.java:1700)
	... 3 more
2023-06-29 03:34:52,059 [grpc-default-executor-7] INFO  leader.FollowerInfo (FollowerInfoImpl.java:lambda$new$0(52)) - s1@group-C92E7B86EDFC->s2: decreaseNextIndex nextIndex: updateUnconditionally 16 -> 15
2023-06-29 03:34:52,126 [timer7] WARN  grpc.GrpcUtil (GrpcUtil.java:shutdownManagedChannel(223)) - Timed out gracefully shutting down connection: ManagedChannelOrphanWrapper{delegate=ManagedChannelImpl{logId=957, target=localhost:43533}}. 
2023-06-29 03:34:52,238 [s1-client-thread2] INFO  statemachine.StateMachine (DataStreamTestUtils.java:link(157)) - link null
2023-06-29 03:34:52,240 [s0-server-thread1] INFO  statemachine.StateMachine (DataStreamTestUtils.java:link(157)) - link null
2023-06-29 03:34:52,240 [s2-server-thread3] INFO  statemachine.StateMachine (DataStreamTestUtils.java:link(157)) - link null
2023-06-29 03:34:52,241 [s2-server-thread2] WARN  server.GrpcServerProtocolService (LogUtils.java:warn(124)) - s2: Failed APPEND_ENTRIES request s1->s2#850-t2,previous=(t:2, i:15),leaderCommit=7,initializing? true,entries: size=1, first=(t:2, i:16), STATEMACHINELOGENTRY, 381@client-C6D65EB13F04
java.util.concurrent.CompletionException: org.apache.ratis.server.raftlog.RaftLogIOException: Log already failed at index 8 for task WriteLog:8: (t:2, i:8), STATEMACHINELOGENTRY, StateMachineLogEntryProto:377@client-E9B8430491AA
	at java.base/java.util.concurrent.CompletableFuture.encodeThrowable(CompletableFuture.java:331)
	at java.base/java.util.concurrent.CompletableFuture.andTree(CompletableFuture.java:1452)
	at java.base/java.util.concurrent.CompletableFuture.allOf(CompletableFuture.java:2337)
	at org.apache.ratis.util.JavaUtils.allOf(JavaUtils.java:278)
	at org.apache.ratis.server.impl.RaftServerImpl.appendEntriesAsync(RaftServerImpl.java:1578)
	at org.apache.ratis.server.impl.RaftServerImpl.appendEntriesAsync(RaftServerImpl.java:1431)
	at org.apache.ratis.server.impl.RaftServerProxy.lambda$appendEntriesAsync$26(RaftServerProxy.java:639)
	at org.apache.ratis.util.JavaUtils.callAsUnchecked(JavaUtils.java:117)
	at org.apache.ratis.server.impl.RaftServerImpl.lambda$executeSubmitServerRequestAsync$10(RaftServerImpl.java:859)
	at java.base/java.util.concurrent.CompletableFuture$AsyncSupply.run(CompletableFuture.java:1700)
	at java.base/java.util.concurrent.ThreadPoolExecutor.runWorker(ThreadPoolExecutor.java:1128)
	at java.base/java.util.concurrent.ThreadPoolExecutor$Worker.run(ThreadPoolExecutor.java:628)
	at java.base/java.lang.Thread.run(Thread.java:829)
Caused by: org.apache.ratis.server.raftlog.RaftLogIOException: Log already failed at index 8 for task WriteLog:8: (t:2, i:8), STATEMACHINELOGENTRY, StateMachineLogEntryProto:377@client-E9B8430491AA
	at org.apache.ratis.server.raftlog.segmented.SegmentedRaftLogWorker.run(SegmentedRaftLogWorker.java:315)
	at java.base/java.util.concurrent.Executors$RunnableAdapter.call(Executors.java:515)
	at java.base/java.util.concurrent.FutureTask.run(FutureTask.java:264)
	... 3 more
Caused by: java.io.IOException: java.lang.IllegalStateException: Null stream: entry=term: 2
index: 8
stateMachineLogEntry {
  type: DATASTREAM
  clientId: "J\000\\\302\362\322H[\226\355\351\270C\004\221\252"
  callId: 377
}

	at org.apache.ratis.util.IOUtils.asIOException(IOUtils.java:56)
	at org.apache.ratis.util.IOUtils.toIOException(IOUtils.java:61)
	at org.apache.ratis.util.IOUtils.getFromFuture(IOUtils.java:85)
	at org.apache.ratis.server.raftlog.segmented.SegmentedRaftLogWorker$StateMachineDataPolicy.getFromFuture(SegmentedRaftLogWorker.java:88)
	at org.apache.ratis.server.raftlog.segmented.SegmentedRaftLogWorker$WriteLog.execute(SegmentedRaftLogWorker.java:535)
	at org.apache.ratis.server.raftlog.segmented.SegmentedRaftLogWorker.run(SegmentedRaftLogWorker.java:303)
	... 5 more
Caused by: java.lang.IllegalStateException: Null stream: entry=term: 2
index: 8
stateMachineLogEntry {
  type: DATASTREAM
  clientId: "J\000\\\302\362\322H[\226\355\351\270C\004\221\252"
  callId: 377
}

	at org.apache.ratis.datastream.DataStreamTestUtils$MultiDataStreamStateMachine.link(DataStreamTestUtils.java:159)
	at org.apache.ratis.server.raftlog.segmented.SegmentedRaftLogWorker$WriteLog.<init>(SegmentedRaftLogWorker.java:492)
	at org.apache.ratis.server.raftlog.segmented.SegmentedRaftLogWorker.writeLogEntry(SegmentedRaftLogWorker.java:438)
	at org.apache.ratis.server.raftlog.segmented.SegmentedRaftLog.appendEntryImpl(SegmentedRaftLog.java:409)
	at org.apache.ratis.server.raftlog.RaftLogBase.lambda$appendEntry$10(RaftLogBase.java:330)
	at org.apache.ratis.server.raftlog.RaftLogSequentialOps$Runner.runSequentially(RaftLogSequentialOps.java:78)
	at org.apache.ratis.server.raftlog.RaftLogBase.appendEntry(RaftLogBase.java:330)
	at org.apache.ratis.server.raftlog.segmented.SegmentedRaftLog.appendImpl(SegmentedRaftLog.java:457)
	at org.apache.ratis.server.raftlog.RaftLogBase.lambda$append$11(RaftLogBase.java:337)
	at org.apache.ratis.server.raftlog.RaftLogSequentialOps$Runner.runSequentially(RaftLogSequentialOps.java:69)
	at org.apache.ratis.server.raftlog.RaftLogBase.append(RaftLogBase.java:337)
	at org.apache.ratis.server.impl.RaftServerImpl.appendEntriesAsync(RaftServerImpl.java:1567)
	at org.apache.ratis.server.impl.RaftServerImpl.appendEntriesAsync(RaftServerImpl.java:1431)
	at org.apache.ratis.server.impl.RaftServerProxy.lambda$appendEntriesAsync$26(RaftServerProxy.java:639)
	at org.apache.ratis.util.JavaUtils.callAsUnchecked(JavaUtils.java:117)
	at org.apache.ratis.server.impl.RaftServerImpl.lambda$executeSubmitServerRequestAsync$10(RaftServerImpl.java:859)
	at java.base/java.util.concurrent.CompletableFuture$AsyncSupply.run(CompletableFuture.java:1700)
	... 3 more
2023-06-29 03:34:52,241 [grpc-default-executor-8] WARN  server.GrpcServerProtocolService (LogUtils.java:warn(124)) - s0: Failed APPEND_ENTRIES request s1->s0#851-t2,previous=(t:2, i:15),leaderCommit=7,initializing? true,entries: size=1, first=(t:2, i:16), STATEMACHINELOGENTRY, 381@client-C6D65EB13F04
java.util.concurrent.CompletionException: org.apache.ratis.server.raftlog.RaftLogIOException: Log already failed at index 8 for task WriteLog:8: (t:2, i:8), STATEMACHINELOGENTRY, StateMachineLogEntryProto:377@client-E9B8430491AA
	at java.base/java.util.concurrent.CompletableFuture.encodeThrowable(CompletableFuture.java:331)
	at java.base/java.util.concurrent.CompletableFuture.andTree(CompletableFuture.java:1452)
	at java.base/java.util.concurrent.CompletableFuture.allOf(CompletableFuture.java:2337)
	at org.apache.ratis.util.JavaUtils.allOf(JavaUtils.java:278)
	at org.apache.ratis.server.impl.RaftServerImpl.appendEntriesAsync(RaftServerImpl.java:1578)
	at org.apache.ratis.server.impl.RaftServerImpl.appendEntriesAsync(RaftServerImpl.java:1431)
	at org.apache.ratis.server.impl.RaftServerProxy.lambda$appendEntriesAsync$26(RaftServerProxy.java:639)
	at org.apache.ratis.util.JavaUtils.callAsUnchecked(JavaUtils.java:117)
	at org.apache.ratis.server.impl.RaftServerImpl.lambda$executeSubmitServerRequestAsync$10(RaftServerImpl.java:859)
	at java.base/java.util.concurrent.CompletableFuture$AsyncSupply.run(CompletableFuture.java:1700)
	at java.base/java.util.concurrent.ThreadPoolExecutor.runWorker(ThreadPoolExecutor.java:1128)
	at java.base/java.util.concurrent.ThreadPoolExecutor$Worker.run(ThreadPoolExecutor.java:628)
	at java.base/java.lang.Thread.run(Thread.java:829)
Caused by: org.apache.ratis.server.raftlog.RaftLogIOException: Log already failed at index 8 for task WriteLog:8: (t:2, i:8), STATEMACHINELOGENTRY, StateMachineLogEntryProto:377@client-E9B8430491AA
	at org.apache.ratis.server.raftlog.segmented.SegmentedRaftLogWorker.run(SegmentedRaftLogWorker.java:315)
	at java.base/java.util.concurrent.Executors$RunnableAdapter.call(Executors.java:515)
	at java.base/java.util.concurrent.FutureTask.run(FutureTask.java:264)
	... 3 more
Caused by: java.io.IOException: java.lang.IllegalStateException: Null stream: entry=term: 2
index: 8
stateMachineLogEntry {
  type: DATASTREAM
  clientId: "J\000\\\302\362\322H[\226\355\351\270C\004\221\252"
  callId: 377
}

	at org.apache.ratis.util.IOUtils.asIOException(IOUtils.java:56)
	at org.apache.ratis.util.IOUtils.toIOException(IOUtils.java:61)
	at org.apache.ratis.util.IOUtils.getFromFuture(IOUtils.java:85)
	at org.apache.ratis.server.raftlog.segmented.SegmentedRaftLogWorker$StateMachineDataPolicy.getFromFuture(SegmentedRaftLogWorker.java:88)
	at org.apache.ratis.server.raftlog.segmented.SegmentedRaftLogWorker$WriteLog.execute(SegmentedRaftLogWorker.java:535)
	at org.apache.ratis.server.raftlog.segmented.SegmentedRaftLogWorker.run(SegmentedRaftLogWorker.java:303)
	... 5 more
Caused by: java.lang.IllegalStateException: Null stream: entry=term: 2
index: 8
stateMachineLogEntry {
  type: DATASTREAM
  clientId: "J\000\\\302\362\322H[\226\355\351\270C\004\221\252"
  callId: 377
}

	at org.apache.ratis.datastream.DataStreamTestUtils$MultiDataStreamStateMachine.link(DataStreamTestUtils.java:159)
	at org.apache.ratis.server.raftlog.segmented.SegmentedRaftLogWorker$WriteLog.<init>(SegmentedRaftLogWorker.java:492)
	at org.apache.ratis.server.raftlog.segmented.SegmentedRaftLogWorker.writeLogEntry(SegmentedRaftLogWorker.java:438)
	at org.apache.ratis.server.raftlog.segmented.SegmentedRaftLog.appendEntryImpl(SegmentedRaftLog.java:409)
	at org.apache.ratis.server.raftlog.RaftLogBase.lambda$appendEntry$10(RaftLogBase.java:330)
	at org.apache.ratis.server.raftlog.RaftLogSequentialOps$Runner.runSequentially(RaftLogSequentialOps.java:78)
	at org.apache.ratis.server.raftlog.RaftLogBase.appendEntry(RaftLogBase.java:330)
	at org.apache.ratis.server.raftlog.segmented.SegmentedRaftLog.appendImpl(SegmentedRaftLog.java:457)
	at org.apache.ratis.server.raftlog.RaftLogBase.lambda$append$11(RaftLogBase.java:337)
	at org.apache.ratis.server.raftlog.RaftLogSequentialOps$Runner.runSequentially(RaftLogSequentialOps.java:69)
	at org.apache.ratis.server.raftlog.RaftLogBase.append(RaftLogBase.java:337)
	at org.apache.ratis.server.impl.RaftServerImpl.appendEntriesAsync(RaftServerImpl.java:1567)
	at org.apache.ratis.server.impl.RaftServerImpl.appendEntriesAsync(RaftServerImpl.java:1431)
	at org.apache.ratis.server.impl.RaftServerProxy.lambda$appendEntriesAsync$26(RaftServerProxy.java:639)
	at org.apache.ratis.util.JavaUtils.callAsUnchecked(JavaUtils.java:117)
	at org.apache.ratis.server.impl.RaftServerImpl.lambda$executeSubmitServerRequestAsync$10(RaftServerImpl.java:859)
	at java.base/java.util.concurrent.CompletableFuture$AsyncSupply.run(CompletableFuture.java:1700)
	... 3 more
2023-06-29 03:34:52,247 [grpc-default-executor-8] WARN  server.GrpcLogAppender (LogUtils.java:warn(124)) - s1@group-C92E7B86EDFC->s2-AppendLogResponseHandler: Failed appendEntries
org.apache.ratis.server.raftlog.RaftLogIOException: Log already failed at index 8 for task WriteLog:8: (t:2, i:8), STATEMACHINELOGENTRY, StateMachineLogEntryProto:377@client-E9B8430491AA
	at org.apache.ratis.server.raftlog.segmented.SegmentedRaftLogWorker.run(SegmentedRaftLogWorker.java:315)
	at java.base/java.util.concurrent.Executors$RunnableAdapter.call(Executors.java:515)
	at java.base/java.util.concurrent.FutureTask.run(FutureTask.java:264)
	at java.base/java.util.concurrent.ThreadPoolExecutor.runWorker(ThreadPoolExecutor.java:1128)
	at java.base/java.util.concurrent.ThreadPoolExecutor$Worker.run(ThreadPoolExecutor.java:628)
	at java.base/java.lang.Thread.run(Thread.java:829)
Caused by: java.io.IOException: java.lang.IllegalStateException: Null stream: entry=term: 2
index: 8
stateMachineLogEntry {
  type: DATASTREAM
  clientId: "J\000\\\302\362\322H[\226\355\351\270C\004\221\252"
  callId: 377
}

	at org.apache.ratis.util.IOUtils.asIOException(IOUtils.java:56)
	at org.apache.ratis.util.IOUtils.toIOException(IOUtils.java:61)
	at org.apache.ratis.util.IOUtils.getFromFuture(IOUtils.java:85)
	at org.apache.ratis.server.raftlog.segmented.SegmentedRaftLogWorker$StateMachineDataPolicy.getFromFuture(SegmentedRaftLogWorker.java:88)
	at org.apache.ratis.server.raftlog.segmented.SegmentedRaftLogWorker$WriteLog.execute(SegmentedRaftLogWorker.java:535)
	at org.apache.ratis.server.raftlog.segmented.SegmentedRaftLogWorker.run(SegmentedRaftLogWorker.java:303)
	... 5 more
Caused by: java.lang.IllegalStateException: Null stream: entry=term: 2
index: 8
stateMachineLogEntry {
  type: DATASTREAM
  clientId: "J\000\\\302\362\322H[\226\355\351\270C\004\221\252"
  callId: 377
}

	at org.apache.ratis.datastream.DataStreamTestUtils$MultiDataStreamStateMachine.link(DataStreamTestUtils.java:159)
	at org.apache.ratis.server.raftlog.segmented.SegmentedRaftLogWorker$WriteLog.<init>(SegmentedRaftLogWorker.java:492)
	at org.apache.ratis.server.raftlog.segmented.SegmentedRaftLogWorker.writeLogEntry(SegmentedRaftLogWorker.java:438)
	at org.apache.ratis.server.raftlog.segmented.SegmentedRaftLog.appendEntryImpl(SegmentedRaftLog.java:409)
	at org.apache.ratis.server.raftlog.RaftLogBase.lambda$appendEntry$10(RaftLogBase.java:330)
	at org.apache.ratis.server.raftlog.RaftLogSequentialOps$Runner.runSequentially(RaftLogSequentialOps.java:78)
	at org.apache.ratis.server.raftlog.RaftLogBase.appendEntry(RaftLogBase.java:330)
	at org.apache.ratis.server.raftlog.segmented.SegmentedRaftLog.appendImpl(SegmentedRaftLog.java:457)
	at org.apache.ratis.server.raftlog.RaftLogBase.lambda$append$11(RaftLogBase.java:337)
	at org.apache.ratis.server.raftlog.RaftLogSequentialOps$Runner.runSequentially(RaftLogSequentialOps.java:69)
	at org.apache.ratis.server.raftlog.RaftLogBase.append(RaftLogBase.java:337)
	at org.apache.ratis.server.impl.RaftServerImpl.appendEntriesAsync(RaftServerImpl.java:1567)
	at org.apache.ratis.server.impl.RaftServerImpl.appendEntriesAsync(RaftServerImpl.java:1431)
	at org.apache.ratis.server.impl.RaftServerProxy.lambda$appendEntriesAsync$26(RaftServerProxy.java:639)
	at org.apache.ratis.util.JavaUtils.callAsUnchecked(JavaUtils.java:117)
	at org.apache.ratis.server.impl.RaftServerImpl.lambda$executeSubmitServerRequestAsync$10(RaftServerImpl.java:859)
	at java.base/java.util.concurrent.CompletableFuture$AsyncSupply.run(CompletableFuture.java:1700)
	... 3 more
2023-06-29 03:34:52,248 [grpc-default-executor-8] INFO  leader.FollowerInfo (FollowerInfoImpl.java:lambda$new$0(52)) - s1@group-C92E7B86EDFC->s2: decreaseNextIndex nextIndex: updateUnconditionally 17 -> 16
2023-06-29 03:34:52,249 [grpc-default-executor-8] WARN  server.GrpcLogAppender (LogUtils.java:warn(124)) - s1@group-C92E7B86EDFC->s0-AppendLogResponseHandler: Failed appendEntries
org.apache.ratis.server.raftlog.RaftLogIOException: Log already failed at index 8 for task WriteLog:8: (t:2, i:8), STATEMACHINELOGENTRY, StateMachineLogEntryProto:377@client-E9B8430491AA
	at org.apache.ratis.server.raftlog.segmented.SegmentedRaftLogWorker.run(SegmentedRaftLogWorker.java:315)
	at java.base/java.util.concurrent.Executors$RunnableAdapter.call(Executors.java:515)
	at java.base/java.util.concurrent.FutureTask.run(FutureTask.java:264)
	at java.base/java.util.concurrent.ThreadPoolExecutor.runWorker(ThreadPoolExecutor.java:1128)
	at java.base/java.util.concurrent.ThreadPoolExecutor$Worker.run(ThreadPoolExecutor.java:628)
	at java.base/java.lang.Thread.run(Thread.java:829)
Caused by: java.io.IOException: java.lang.IllegalStateException: Null stream: entry=term: 2
index: 8
stateMachineLogEntry {
  type: DATASTREAM
  clientId: "J\000\\\302\362\322H[\226\355\351\270C\004\221\252"
  callId: 377
}

	at org.apache.ratis.util.IOUtils.asIOException(IOUtils.java:56)
	at org.apache.ratis.util.IOUtils.toIOException(IOUtils.java:61)
	at org.apache.ratis.util.IOUtils.getFromFuture(IOUtils.java:85)
	at org.apache.ratis.server.raftlog.segmented.SegmentedRaftLogWorker$StateMachineDataPolicy.getFromFuture(SegmentedRaftLogWorker.java:88)
	at org.apache.ratis.server.raftlog.segmented.SegmentedRaftLogWorker$WriteLog.execute(SegmentedRaftLogWorker.java:535)
	at org.apache.ratis.server.raftlog.segmented.SegmentedRaftLogWorker.run(SegmentedRaftLogWorker.java:303)
	... 5 more
Caused by: java.lang.IllegalStateException: Null stream: entry=term: 2
index: 8
stateMachineLogEntry {
  type: DATASTREAM
  clientId: "J\000\\\302\362\322H[\226\355\351\270C\004\221\252"
  callId: 377
}

	at org.apache.ratis.datastream.DataStreamTestUtils$MultiDataStreamStateMachine.link(DataStreamTestUtils.java:159)
	at org.apache.ratis.server.raftlog.segmented.SegmentedRaftLogWorker$WriteLog.<init>(SegmentedRaftLogWorker.java:492)
	at org.apache.ratis.server.raftlog.segmented.SegmentedRaftLogWorker.writeLogEntry(SegmentedRaftLogWorker.java:438)
	at org.apache.ratis.server.raftlog.segmented.SegmentedRaftLog.appendEntryImpl(SegmentedRaftLog.java:409)
	at org.apache.ratis.server.raftlog.RaftLogBase.lambda$appendEntry$10(RaftLogBase.java:330)
	at org.apache.ratis.server.raftlog.RaftLogSequentialOps$Runner.runSequentially(RaftLogSequentialOps.java:78)
	at org.apache.ratis.server.raftlog.RaftLogBase.appendEntry(RaftLogBase.java:330)
	at org.apache.ratis.server.raftlog.segmented.SegmentedRaftLog.appendImpl(SegmentedRaftLog.java:457)
	at org.apache.ratis.server.raftlog.RaftLogBase.lambda$append$11(RaftLogBase.java:337)
	at org.apache.ratis.server.raftlog.RaftLogSequentialOps$Runner.runSequentially(RaftLogSequentialOps.java:69)
	at org.apache.ratis.server.raftlog.RaftLogBase.append(RaftLogBase.java:337)
	at org.apache.ratis.server.impl.RaftServerImpl.appendEntriesAsync(RaftServerImpl.java:1567)
	at org.apache.ratis.server.impl.RaftServerImpl.appendEntriesAsync(RaftServerImpl.java:1431)
	at org.apache.ratis.server.impl.RaftServerProxy.lambda$appendEntriesAsync$26(RaftServerProxy.java:639)
	at org.apache.ratis.util.JavaUtils.callAsUnchecked(JavaUtils.java:117)
	at org.apache.ratis.server.impl.RaftServerImpl.lambda$executeSubmitServerRequestAsync$10(RaftServerImpl.java:859)
	at java.base/java.util.concurrent.CompletableFuture$AsyncSupply.run(CompletableFuture.java:1700)
	... 3 more
2023-06-29 03:34:52,250 [grpc-default-executor-8] INFO  leader.FollowerInfo (FollowerInfoImpl.java:lambda$new$0(52)) - s1@group-C92E7B86EDFC->s0: decreaseNextIndex nextIndex: updateUnconditionally 17 -> 16
2023-06-29 03:34:52,348 [timer0] WARN  grpc.GrpcUtil (GrpcUtil.java:shutdownManagedChannel(223)) - Timed out gracefully shutting down connection: ManagedChannelOrphanWrapper{delegate=ManagedChannelImpl{logId=964, target=localhost:43533}}. 
2023-06-29 03:34:52,457 [s1-client-thread2] INFO  statemachine.StateMachine (DataStreamTestUtils.java:link(157)) - link null
2023-06-29 03:34:52,458 [s2-server-thread2] INFO  statemachine.StateMachine (DataStreamTestUtils.java:link(157)) - link null
2023-06-29 03:34:52,458 [s0-server-thread6] INFO  statemachine.StateMachine (DataStreamTestUtils.java:link(157)) - link null
2023-06-29 03:34:52,458 [grpc-default-executor-6] WARN  server.GrpcServerProtocolService (LogUtils.java:warn(124)) - s2: Failed APPEND_ENTRIES request s1->s2#855-t2,previous=(t:2, i:16),leaderCommit=7,initializing? true,entries: size=1, first=(t:2, i:17), STATEMACHINELOGENTRY, 380@client-A3187C8C9A8E
java.util.concurrent.CompletionException: org.apache.ratis.server.raftlog.RaftLogIOException: Log already failed at index 8 for task WriteLog:8: (t:2, i:8), STATEMACHINELOGENTRY, StateMachineLogEntryProto:377@client-E9B8430491AA
	at java.base/java.util.concurrent.CompletableFuture.encodeThrowable(CompletableFuture.java:331)
	at java.base/java.util.concurrent.CompletableFuture.andTree(CompletableFuture.java:1452)
	at java.base/java.util.concurrent.CompletableFuture.allOf(CompletableFuture.java:2337)
	at org.apache.ratis.util.JavaUtils.allOf(JavaUtils.java:278)
	at org.apache.ratis.server.impl.RaftServerImpl.appendEntriesAsync(RaftServerImpl.java:1578)
	at org.apache.ratis.server.impl.RaftServerImpl.appendEntriesAsync(RaftServerImpl.java:1431)
	at org.apache.ratis.server.impl.RaftServerProxy.lambda$appendEntriesAsync$26(RaftServerProxy.java:639)
	at org.apache.ratis.util.JavaUtils.callAsUnchecked(JavaUtils.java:117)
	at org.apache.ratis.server.impl.RaftServerImpl.lambda$executeSubmitServerRequestAsync$10(RaftServerImpl.java:859)
	at java.base/java.util.concurrent.CompletableFuture$AsyncSupply.run(CompletableFuture.java:1700)
	at java.base/java.util.concurrent.ThreadPoolExecutor.runWorker(ThreadPoolExecutor.java:1128)
	at java.base/java.util.concurrent.ThreadPoolExecutor$Worker.run(ThreadPoolExecutor.java:628)
	at java.base/java.lang.Thread.run(Thread.java:829)
Caused by: org.apache.ratis.server.raftlog.RaftLogIOException: Log already failed at index 8 for task WriteLog:8: (t:2, i:8), STATEMACHINELOGENTRY, StateMachineLogEntryProto:377@client-E9B8430491AA
	at org.apache.ratis.server.raftlog.segmented.SegmentedRaftLogWorker.run(SegmentedRaftLogWorker.java:315)
	at java.base/java.util.concurrent.Executors$RunnableAdapter.call(Executors.java:515)
	at java.base/java.util.concurrent.FutureTask.run(FutureTask.java:264)
	... 3 more
Caused by: java.io.IOException: java.lang.IllegalStateException: Null stream: entry=term: 2
index: 8
stateMachineLogEntry {
  type: DATASTREAM
  clientId: "J\000\\\302\362\322H[\226\355\351\270C\004\221\252"
  callId: 377
}

	at org.apache.ratis.util.IOUtils.asIOException(IOUtils.java:56)
	at org.apache.ratis.util.IOUtils.toIOException(IOUtils.java:61)
	at org.apache.ratis.util.IOUtils.getFromFuture(IOUtils.java:85)
	at org.apache.ratis.server.raftlog.segmented.SegmentedRaftLogWorker$StateMachineDataPolicy.getFromFuture(SegmentedRaftLogWorker.java:88)
	at org.apache.ratis.server.raftlog.segmented.SegmentedRaftLogWorker$WriteLog.execute(SegmentedRaftLogWorker.java:535)
	at org.apache.ratis.server.raftlog.segmented.SegmentedRaftLogWorker.run(SegmentedRaftLogWorker.java:303)
	... 5 more
Caused by: java.lang.IllegalStateException: Null stream: entry=term: 2
index: 8
stateMachineLogEntry {
  type: DATASTREAM
  clientId: "J\000\\\302\362\322H[\226\355\351\270C\004\221\252"
  callId: 377
}

	at org.apache.ratis.datastream.DataStreamTestUtils$MultiDataStreamStateMachine.link(DataStreamTestUtils.java:159)
	at org.apache.ratis.server.raftlog.segmented.SegmentedRaftLogWorker$WriteLog.<init>(SegmentedRaftLogWorker.java:492)
	at org.apache.ratis.server.raftlog.segmented.SegmentedRaftLogWorker.writeLogEntry(SegmentedRaftLogWorker.java:438)
	at org.apache.ratis.server.raftlog.segmented.SegmentedRaftLog.appendEntryImpl(SegmentedRaftLog.java:409)
	at org.apache.ratis.server.raftlog.RaftLogBase.lambda$appendEntry$10(RaftLogBase.java:330)
	at org.apache.ratis.server.raftlog.RaftLogSequentialOps$Runner.runSequentially(RaftLogSequentialOps.java:78)
	at org.apache.ratis.server.raftlog.RaftLogBase.appendEntry(RaftLogBase.java:330)
	at org.apache.ratis.server.raftlog.segmented.SegmentedRaftLog.appendImpl(SegmentedRaftLog.java:457)
	at org.apache.ratis.server.raftlog.RaftLogBase.lambda$append$11(RaftLogBase.java:337)
	at org.apache.ratis.server.raftlog.RaftLogSequentialOps$Runner.runSequentially(RaftLogSequentialOps.java:69)
	at org.apache.ratis.server.raftlog.RaftLogBase.append(RaftLogBase.java:337)
	at org.apache.ratis.server.impl.RaftServerImpl.appendEntriesAsync(RaftServerImpl.java:1567)
	at org.apache.ratis.server.impl.RaftServerImpl.appendEntriesAsync(RaftServerImpl.java:1431)
	at org.apache.ratis.server.impl.RaftServerProxy.lambda$appendEntriesAsync$26(RaftServerProxy.java:639)
	at org.apache.ratis.util.JavaUtils.callAsUnchecked(JavaUtils.java:117)
	at org.apache.ratis.server.impl.RaftServerImpl.lambda$executeSubmitServerRequestAsync$10(RaftServerImpl.java:859)
	at java.base/java.util.concurrent.CompletableFuture$AsyncSupply.run(CompletableFuture.java:1700)
	... 3 more
2023-06-29 03:34:52,460 [s0-server-thread6] WARN  server.GrpcServerProtocolService (LogUtils.java:warn(124)) - s0: Failed APPEND_ENTRIES request s1->s0#856-t2,previous=(t:2, i:16),leaderCommit=7,initializing? true,entries: size=1, first=(t:2, i:17), STATEMACHINELOGENTRY, 380@client-A3187C8C9A8E
java.util.concurrent.CompletionException: org.apache.ratis.server.raftlog.RaftLogIOException: Log already failed at index 8 for task WriteLog:8: (t:2, i:8), STATEMACHINELOGENTRY, StateMachineLogEntryProto:377@client-E9B8430491AA
	at java.base/java.util.concurrent.CompletableFuture.encodeThrowable(CompletableFuture.java:331)
	at java.base/java.util.concurrent.CompletableFuture.completeThrowable(CompletableFuture.java:346)
	at java.base/java.util.concurrent.CompletableFuture$BiRelay.tryFire(CompletableFuture.java:1423)
	at java.base/java.util.concurrent.CompletableFuture$CoCompletion.tryFire(CompletableFuture.java:1144)
	at java.base/java.util.concurrent.CompletableFuture.postComplete(CompletableFuture.java:506)
	at java.base/java.util.concurrent.CompletableFuture.completeExceptionally(CompletableFuture.java:2088)
	at org.apache.ratis.server.raftlog.segmented.SegmentedRaftLog$Task.failed(SegmentedRaftLog.java:105)
	at org.apache.ratis.server.raftlog.segmented.SegmentedRaftLogWorker$WriteLog.failed(SegmentedRaftLogWorker.java:514)
	at org.apache.ratis.server.raftlog.segmented.SegmentedRaftLogWorker.run(SegmentedRaftLogWorker.java:312)
	at java.base/java.util.concurrent.Executors$RunnableAdapter.call(Executors.java:515)
	at java.base/java.util.concurrent.FutureTask.run(FutureTask.java:264)
	at java.base/java.util.concurrent.ThreadPoolExecutor.runWorker(ThreadPoolExecutor.java:1128)
	at java.base/java.util.concurrent.ThreadPoolExecutor$Worker.run(ThreadPoolExecutor.java:628)
	at java.base/java.lang.Thread.run(Thread.java:829)
Caused by: org.apache.ratis.server.raftlog.RaftLogIOException: Log already failed at index 8 for task WriteLog:8: (t:2, i:8), STATEMACHINELOGENTRY, StateMachineLogEntryProto:377@client-E9B8430491AA
	at org.apache.ratis.server.raftlog.segmented.SegmentedRaftLogWorker.run(SegmentedRaftLogWorker.java:315)
	... 5 more
Caused by: java.io.IOException: java.lang.IllegalStateException: Null stream: entry=term: 2
index: 8
stateMachineLogEntry {
  type: DATASTREAM
  clientId: "J\000\\\302\362\322H[\226\355\351\270C\004\221\252"
  callId: 377
}

	at org.apache.ratis.util.IOUtils.asIOException(IOUtils.java:56)
	at org.apache.ratis.util.IOUtils.toIOException(IOUtils.java:61)
	at org.apache.ratis.util.IOUtils.getFromFuture(IOUtils.java:85)
	at org.apache.ratis.server.raftlog.segmented.SegmentedRaftLogWorker$StateMachineDataPolicy.getFromFuture(SegmentedRaftLogWorker.java:88)
	at org.apache.ratis.server.raftlog.segmented.SegmentedRaftLogWorker$WriteLog.execute(SegmentedRaftLogWorker.java:535)
	at org.apache.ratis.server.raftlog.segmented.SegmentedRaftLogWorker.run(SegmentedRaftLogWorker.java:303)
	... 5 more
Caused by: java.lang.IllegalStateException: Null stream: entry=term: 2
index: 8
stateMachineLogEntry {
  type: DATASTREAM
  clientId: "J\000\\\302\362\322H[\226\355\351\270C\004\221\252"
  callId: 377
}

	at org.apache.ratis.datastream.DataStreamTestUtils$MultiDataStreamStateMachine.link(DataStreamTestUtils.java:159)
	at org.apache.ratis.server.raftlog.segmented.SegmentedRaftLogWorker$WriteLog.<init>(SegmentedRaftLogWorker.java:492)
	at org.apache.ratis.server.raftlog.segmented.SegmentedRaftLogWorker.writeLogEntry(SegmentedRaftLogWorker.java:438)
	at org.apache.ratis.server.raftlog.segmented.SegmentedRaftLog.appendEntryImpl(SegmentedRaftLog.java:409)
	at org.apache.ratis.server.raftlog.RaftLogBase.lambda$appendEntry$10(RaftLogBase.java:330)
	at org.apache.ratis.server.raftlog.RaftLogSequentialOps$Runner.runSequentially(RaftLogSequentialOps.java:78)
	at org.apache.ratis.server.raftlog.RaftLogBase.appendEntry(RaftLogBase.java:330)
	at org.apache.ratis.server.raftlog.segmented.SegmentedRaftLog.appendImpl(SegmentedRaftLog.java:457)
	at org.apache.ratis.server.raftlog.RaftLogBase.lambda$append$11(RaftLogBase.java:337)
	at org.apache.ratis.server.raftlog.RaftLogSequentialOps$Runner.runSequentially(RaftLogSequentialOps.java:69)
	at org.apache.ratis.server.raftlog.RaftLogBase.append(RaftLogBase.java:337)
	at org.apache.ratis.server.impl.RaftServerImpl.appendEntriesAsync(RaftServerImpl.java:1567)
	at org.apache.ratis.server.impl.RaftServerImpl.appendEntriesAsync(RaftServerImpl.java:1431)
	at org.apache.ratis.server.impl.RaftServerProxy.lambda$appendEntriesAsync$26(RaftServerProxy.java:639)
	at org.apache.ratis.util.JavaUtils.callAsUnchecked(JavaUtils.java:117)
	at org.apache.ratis.server.impl.RaftServerImpl.lambda$executeSubmitServerRequestAsync$10(RaftServerImpl.java:859)
	at java.base/java.util.concurrent.CompletableFuture$AsyncSupply.run(CompletableFuture.java:1700)
	... 3 more
2023-06-29 03:34:52,469 [grpc-default-executor-8] WARN  server.GrpcLogAppender (LogUtils.java:warn(124)) - s1@group-C92E7B86EDFC->s0-AppendLogResponseHandler: Failed appendEntries
org.apache.ratis.server.raftlog.RaftLogIOException: Log already failed at index 8 for task WriteLog:8: (t:2, i:8), STATEMACHINELOGENTRY, StateMachineLogEntryProto:377@client-E9B8430491AA
	at org.apache.ratis.server.raftlog.segmented.SegmentedRaftLogWorker.run(SegmentedRaftLogWorker.java:315)
	at java.base/java.util.concurrent.Executors$RunnableAdapter.call(Executors.java:515)
	at java.base/java.util.concurrent.FutureTask.run(FutureTask.java:264)
	at java.base/java.util.concurrent.ThreadPoolExecutor.runWorker(ThreadPoolExecutor.java:1128)
	at java.base/java.util.concurrent.ThreadPoolExecutor$Worker.run(ThreadPoolExecutor.java:628)
	at java.base/java.lang.Thread.run(Thread.java:829)
Caused by: java.io.IOException: java.lang.IllegalStateException: Null stream: entry=term: 2
index: 8
stateMachineLogEntry {
  type: DATASTREAM
  clientId: "J\000\\\302\362\322H[\226\355\351\270C\004\221\252"
  callId: 377
}

	at org.apache.ratis.util.IOUtils.asIOException(IOUtils.java:56)
	at org.apache.ratis.util.IOUtils.toIOException(IOUtils.java:61)
	at org.apache.ratis.util.IOUtils.getFromFuture(IOUtils.java:85)
	at org.apache.ratis.server.raftlog.segmented.SegmentedRaftLogWorker$StateMachineDataPolicy.getFromFuture(SegmentedRaftLogWorker.java:88)
	at org.apache.ratis.server.raftlog.segmented.SegmentedRaftLogWorker$WriteLog.execute(SegmentedRaftLogWorker.java:535)
	at org.apache.ratis.server.raftlog.segmented.SegmentedRaftLogWorker.run(SegmentedRaftLogWorker.java:303)
	... 5 more
Caused by: java.lang.IllegalStateException: Null stream: entry=term: 2
index: 8
stateMachineLogEntry {
  type: DATASTREAM
  clientId: "J\000\\\302\362\322H[\226\355\351\270C\004\221\252"
  callId: 377
}

	at org.apache.ratis.datastream.DataStreamTestUtils$MultiDataStreamStateMachine.link(DataStreamTestUtils.java:159)
	at org.apache.ratis.server.raftlog.segmented.SegmentedRaftLogWorker$WriteLog.<init>(SegmentedRaftLogWorker.java:492)
	at org.apache.ratis.server.raftlog.segmented.SegmentedRaftLogWorker.writeLogEntry(SegmentedRaftLogWorker.java:438)
	at org.apache.ratis.server.raftlog.segmented.SegmentedRaftLog.appendEntryImpl(SegmentedRaftLog.java:409)
	at org.apache.ratis.server.raftlog.RaftLogBase.lambda$appendEntry$10(RaftLogBase.java:330)
	at org.apache.ratis.server.raftlog.RaftLogSequentialOps$Runner.runSequentially(RaftLogSequentialOps.java:78)
	at org.apache.ratis.server.raftlog.RaftLogBase.appendEntry(RaftLogBase.java:330)
	at org.apache.ratis.server.raftlog.segmented.SegmentedRaftLog.appendImpl(SegmentedRaftLog.java:457)
	at org.apache.ratis.server.raftlog.RaftLogBase.lambda$append$11(RaftLogBase.java:337)
	at org.apache.ratis.server.raftlog.RaftLogSequentialOps$Runner.runSequentially(RaftLogSequentialOps.java:69)
	at org.apache.ratis.server.raftlog.RaftLogBase.append(RaftLogBase.java:337)
	at org.apache.ratis.server.impl.RaftServerImpl.appendEntriesAsync(RaftServerImpl.java:1567)
	at org.apache.ratis.server.impl.RaftServerImpl.appendEntriesAsync(RaftServerImpl.java:1431)
	at org.apache.ratis.server.impl.RaftServerProxy.lambda$appendEntriesAsync$26(RaftServerProxy.java:639)
	at org.apache.ratis.util.JavaUtils.callAsUnchecked(JavaUtils.java:117)
	at org.apache.ratis.server.impl.RaftServerImpl.lambda$executeSubmitServerRequestAsync$10(RaftServerImpl.java:859)
	at java.base/java.util.concurrent.CompletableFuture$AsyncSupply.run(CompletableFuture.java:1700)
	... 3 more
2023-06-29 03:34:52,469 [grpc-default-executor-8] INFO  leader.FollowerInfo (FollowerInfoImpl.java:lambda$new$0(52)) - s1@group-C92E7B86EDFC->s0: decreaseNextIndex nextIndex: updateUnconditionally 18 -> 17
2023-06-29 03:34:52,476 [grpc-default-executor-6] WARN  server.GrpcLogAppender (LogUtils.java:warn(124)) - s1@group-C92E7B86EDFC->s2-AppendLogResponseHandler: Failed appendEntries
org.apache.ratis.server.raftlog.RaftLogIOException: Log already failed at index 8 for task WriteLog:8: (t:2, i:8), STATEMACHINELOGENTRY, StateMachineLogEntryProto:377@client-E9B8430491AA
	at org.apache.ratis.server.raftlog.segmented.SegmentedRaftLogWorker.run(SegmentedRaftLogWorker.java:315)
	at java.base/java.util.concurrent.Executors$RunnableAdapter.call(Executors.java:515)
	at java.base/java.util.concurrent.FutureTask.run(FutureTask.java:264)
	at java.base/java.util.concurrent.ThreadPoolExecutor.runWorker(ThreadPoolExecutor.java:1128)
	at java.base/java.util.concurrent.ThreadPoolExecutor$Worker.run(ThreadPoolExecutor.java:628)
	at java.base/java.lang.Thread.run(Thread.java:829)
Caused by: java.io.IOException: java.lang.IllegalStateException: Null stream: entry=term: 2
index: 8
stateMachineLogEntry {
  type: DATASTREAM
  clientId: "J\000\\\302\362\322H[\226\355\351\270C\004\221\252"
  callId: 377
}

	at org.apache.ratis.util.IOUtils.asIOException(IOUtils.java:56)
	at org.apache.ratis.util.IOUtils.toIOException(IOUtils.java:61)
	at org.apache.ratis.util.IOUtils.getFromFuture(IOUtils.java:85)
	at org.apache.ratis.server.raftlog.segmented.SegmentedRaftLogWorker$StateMachineDataPolicy.getFromFuture(SegmentedRaftLogWorker.java:88)
	at org.apache.ratis.server.raftlog.segmented.SegmentedRaftLogWorker$WriteLog.execute(SegmentedRaftLogWorker.java:535)
	at org.apache.ratis.server.raftlog.segmented.SegmentedRaftLogWorker.run(SegmentedRaftLogWorker.java:303)
	... 5 more
Caused by: java.lang.IllegalStateException: Null stream: entry=term: 2
index: 8
stateMachineLogEntry {
  type: DATASTREAM
  clientId: "J\000\\\302\362\322H[\226\355\351\270C\004\221\252"
  callId: 377
}

	at org.apache.ratis.datastream.DataStreamTestUtils$MultiDataStreamStateMachine.link(DataStreamTestUtils.java:159)
	at org.apache.ratis.server.raftlog.segmented.SegmentedRaftLogWorker$WriteLog.<init>(SegmentedRaftLogWorker.java:492)
	at org.apache.ratis.server.raftlog.segmented.SegmentedRaftLogWorker.writeLogEntry(SegmentedRaftLogWorker.java:438)
	at org.apache.ratis.server.raftlog.segmented.SegmentedRaftLog.appendEntryImpl(SegmentedRaftLog.java:409)
	at org.apache.ratis.server.raftlog.RaftLogBase.lambda$appendEntry$10(RaftLogBase.java:330)
	at org.apache.ratis.server.raftlog.RaftLogSequentialOps$Runner.runSequentially(RaftLogSequentialOps.java:78)
	at org.apache.ratis.server.raftlog.RaftLogBase.appendEntry(RaftLogBase.java:330)
	at org.apache.ratis.server.raftlog.segmented.SegmentedRaftLog.appendImpl(SegmentedRaftLog.java:457)
	at org.apache.ratis.server.raftlog.RaftLogBase.lambda$append$11(RaftLogBase.java:337)
	at org.apache.ratis.server.raftlog.RaftLogSequentialOps$Runner.runSequentially(RaftLogSequentialOps.java:69)
	at org.apache.ratis.server.raftlog.RaftLogBase.append(RaftLogBase.java:337)
	at org.apache.ratis.server.impl.RaftServerImpl.appendEntriesAsync(RaftServerImpl.java:1567)
	at org.apache.ratis.server.impl.RaftServerImpl.appendEntriesAsync(RaftServerImpl.java:1431)
	at org.apache.ratis.server.impl.RaftServerProxy.lambda$appendEntriesAsync$26(RaftServerProxy.java:639)
	at org.apache.ratis.util.JavaUtils.callAsUnchecked(JavaUtils.java:117)
	at org.apache.ratis.server.impl.RaftServerImpl.lambda$executeSubmitServerRequestAsync$10(RaftServerImpl.java:859)
	at java.base/java.util.concurrent.CompletableFuture$AsyncSupply.run(CompletableFuture.java:1700)
	... 3 more
2023-06-29 03:34:52,477 [grpc-default-executor-6] INFO  leader.FollowerInfo (FollowerInfoImpl.java:lambda$new$0(52)) - s1@group-C92E7B86EDFC->s2: decreaseNextIndex nextIndex: updateUnconditionally 18 -> 17
2023-06-29 03:34:55,030 [timer5] WARN  grpc.GrpcUtil (GrpcUtil.java:shutdownManagedChannel(223)) - Timed out gracefully shutting down connection: ManagedChannelOrphanWrapper{delegate=ManagedChannelImpl{logId=943, target=localhost:43533}}. 
2023-06-29 03:34:55,042 [s1-client-thread2] INFO  statemachine.StateMachine (DataStreamTestUtils.java:link(157)) - link null
2023-06-29 03:34:55,043 [s0-server-thread6] INFO  statemachine.StateMachine (DataStreamTestUtils.java:link(157)) - link null
2023-06-29 03:34:55,043 [s0-server-thread1] WARN  server.GrpcServerProtocolService (LogUtils.java:warn(124)) - s0: Failed APPEND_ENTRIES request s1->s0#891-t2,previous=(t:2, i:17),leaderCommit=7,initializing? true,entries: size=1, first=(t:2, i:18), STATEMACHINELOGENTRY, 383@client-1DC5253A1C40
java.util.concurrent.CompletionException: org.apache.ratis.server.raftlog.RaftLogIOException: Log already failed at index 8 for task WriteLog:8: (t:2, i:8), STATEMACHINELOGENTRY, StateMachineLogEntryProto:377@client-E9B8430491AA
	at java.base/java.util.concurrent.CompletableFuture.encodeThrowable(CompletableFuture.java:331)
	at java.base/java.util.concurrent.CompletableFuture.andTree(CompletableFuture.java:1452)
	at java.base/java.util.concurrent.CompletableFuture.allOf(CompletableFuture.java:2337)
	at org.apache.ratis.util.JavaUtils.allOf(JavaUtils.java:278)
	at org.apache.ratis.server.impl.RaftServerImpl.appendEntriesAsync(RaftServerImpl.java:1578)
	at org.apache.ratis.server.impl.RaftServerImpl.appendEntriesAsync(RaftServerImpl.java:1431)
	at org.apache.ratis.server.impl.RaftServerProxy.lambda$appendEntriesAsync$26(RaftServerProxy.java:639)
	at org.apache.ratis.util.JavaUtils.callAsUnchecked(JavaUtils.java:117)
	at org.apache.ratis.server.impl.RaftServerImpl.lambda$executeSubmitServerRequestAsync$10(RaftServerImpl.java:859)
	at java.base/java.util.concurrent.CompletableFuture$AsyncSupply.run(CompletableFuture.java:1700)
	at java.base/java.util.concurrent.ThreadPoolExecutor.runWorker(ThreadPoolExecutor.java:1128)
	at java.base/java.util.concurrent.ThreadPoolExecutor$Worker.run(ThreadPoolExecutor.java:628)
	at java.base/java.lang.Thread.run(Thread.java:829)
Caused by: org.apache.ratis.server.raftlog.RaftLogIOException: Log already failed at index 8 for task WriteLog:8: (t:2, i:8), STATEMACHINELOGENTRY, StateMachineLogEntryProto:377@client-E9B8430491AA
	at org.apache.ratis.server.raftlog.segmented.SegmentedRaftLogWorker.run(SegmentedRaftLogWorker.java:315)
	at java.base/java.util.concurrent.Executors$RunnableAdapter.call(Executors.java:515)
	at java.base/java.util.concurrent.FutureTask.run(FutureTask.java:264)
	... 3 more
Caused by: java.io.IOException: java.lang.IllegalStateException: Null stream: entry=term: 2
index: 8
stateMachineLogEntry {
  type: DATASTREAM
  clientId: "J\000\\\302\362\322H[\226\355\351\270C\004\221\252"
  callId: 377
}

	at org.apache.ratis.util.IOUtils.asIOException(IOUtils.java:56)
	at org.apache.ratis.util.IOUtils.toIOException(IOUtils.java:61)
	at org.apache.ratis.util.IOUtils.getFromFuture(IOUtils.java:85)
	at org.apache.ratis.server.raftlog.segmented.SegmentedRaftLogWorker$StateMachineDataPolicy.getFromFuture(SegmentedRaftLogWorker.java:88)
	at org.apache.ratis.server.raftlog.segmented.SegmentedRaftLogWorker$WriteLog.execute(SegmentedRaftLogWorker.java:535)
	at org.apache.ratis.server.raftlog.segmented.SegmentedRaftLogWorker.run(SegmentedRaftLogWorker.java:303)
	... 5 more
Caused by: java.lang.IllegalStateException: Null stream: entry=term: 2
index: 8
stateMachineLogEntry {
  type: DATASTREAM
  clientId: "J\000\\\302\362\322H[\226\355\351\270C\004\221\252"
  callId: 377
}

	at org.apache.ratis.datastream.DataStreamTestUtils$MultiDataStreamStateMachine.link(DataStreamTestUtils.java:159)
	at org.apache.ratis.server.raftlog.segmented.SegmentedRaftLogWorker$WriteLog.<init>(SegmentedRaftLogWorker.java:492)
	at org.apache.ratis.server.raftlog.segmented.SegmentedRaftLogWorker.writeLogEntry(SegmentedRaftLogWorker.java:438)
	at org.apache.ratis.server.raftlog.segmented.SegmentedRaftLog.appendEntryImpl(SegmentedRaftLog.java:409)
	at org.apache.ratis.server.raftlog.RaftLogBase.lambda$appendEntry$10(RaftLogBase.java:330)
	at org.apache.ratis.server.raftlog.RaftLogSequentialOps$Runner.runSequentially(RaftLogSequentialOps.java:78)
	at org.apache.ratis.server.raftlog.RaftLogBase.appendEntry(RaftLogBase.java:330)
	at org.apache.ratis.server.raftlog.segmented.SegmentedRaftLog.appendImpl(SegmentedRaftLog.java:457)
	at org.apache.ratis.server.raftlog.RaftLogBase.lambda$append$11(RaftLogBase.java:337)
	at org.apache.ratis.server.raftlog.RaftLogSequentialOps$Runner.runSequentially(RaftLogSequentialOps.java:69)
	at org.apache.ratis.server.raftlog.RaftLogBase.append(RaftLogBase.java:337)
	at org.apache.ratis.server.impl.RaftServerImpl.appendEntriesAsync(RaftServerImpl.java:1567)
	at org.apache.ratis.server.impl.RaftServerImpl.appendEntriesAsync(RaftServerImpl.java:1431)
	at org.apache.ratis.server.impl.RaftServerProxy.lambda$appendEntriesAsync$26(RaftServerProxy.java:639)
	at org.apache.ratis.util.JavaUtils.callAsUnchecked(JavaUtils.java:117)
	at org.apache.ratis.server.impl.RaftServerImpl.lambda$executeSubmitServerRequestAsync$10(RaftServerImpl.java:859)
	at java.base/java.util.concurrent.CompletableFuture$AsyncSupply.run(CompletableFuture.java:1700)
	... 3 more
2023-06-29 03:34:55,043 [s2-server-thread3] INFO  statemachine.StateMachine (DataStreamTestUtils.java:link(157)) - link null
2023-06-29 03:34:55,045 [grpc-default-executor-2] WARN  server.GrpcServerProtocolService (LogUtils.java:warn(124)) - s2: Failed APPEND_ENTRIES request s1->s2#890-t2,previous=(t:2, i:17),leaderCommit=7,initializing? true,entries: size=1, first=(t:2, i:18), STATEMACHINELOGENTRY, 383@client-1DC5253A1C40
java.util.concurrent.CompletionException: org.apache.ratis.server.raftlog.RaftLogIOException: Log already failed at index 8 for task WriteLog:8: (t:2, i:8), STATEMACHINELOGENTRY, StateMachineLogEntryProto:377@client-E9B8430491AA
	at java.base/java.util.concurrent.CompletableFuture.encodeThrowable(CompletableFuture.java:331)
	at java.base/java.util.concurrent.CompletableFuture.completeThrowable(CompletableFuture.java:346)
	at java.base/java.util.concurrent.CompletableFuture$BiRelay.tryFire(CompletableFuture.java:1423)
	at java.base/java.util.concurrent.CompletableFuture$CoCompletion.tryFire(CompletableFuture.java:1144)
	at java.base/java.util.concurrent.CompletableFuture.postComplete(CompletableFuture.java:506)
	at java.base/java.util.concurrent.CompletableFuture.completeExceptionally(CompletableFuture.java:2088)
	at org.apache.ratis.server.raftlog.segmented.SegmentedRaftLog$Task.failed(SegmentedRaftLog.java:105)
	at org.apache.ratis.server.raftlog.segmented.SegmentedRaftLogWorker$WriteLog.failed(SegmentedRaftLogWorker.java:514)
	at org.apache.ratis.server.raftlog.segmented.SegmentedRaftLogWorker.run(SegmentedRaftLogWorker.java:312)
	at java.base/java.util.concurrent.Executors$RunnableAdapter.call(Executors.java:515)
	at java.base/java.util.concurrent.FutureTask.run(FutureTask.java:264)
	at java.base/java.util.concurrent.ThreadPoolExecutor.runWorker(ThreadPoolExecutor.java:1128)
	at java.base/java.util.concurrent.ThreadPoolExecutor$Worker.run(ThreadPoolExecutor.java:628)
	at java.base/java.lang.Thread.run(Thread.java:829)
Caused by: org.apache.ratis.server.raftlog.RaftLogIOException: Log already failed at index 8 for task WriteLog:8: (t:2, i:8), STATEMACHINELOGENTRY, StateMachineLogEntryProto:377@client-E9B8430491AA
	at org.apache.ratis.server.raftlog.segmented.SegmentedRaftLogWorker.run(SegmentedRaftLogWorker.java:315)
	... 5 more
Caused by: java.io.IOException: java.lang.IllegalStateException: Null stream: entry=term: 2
index: 8
stateMachineLogEntry {
  type: DATASTREAM
  clientId: "J\000\\\302\362\322H[\226\355\351\270C\004\221\252"
  callId: 377
}

	at org.apache.ratis.util.IOUtils.asIOException(IOUtils.java:56)
	at org.apache.ratis.util.IOUtils.toIOException(IOUtils.java:61)
	at org.apache.ratis.util.IOUtils.getFromFuture(IOUtils.java:85)
	at org.apache.ratis.server.raftlog.segmented.SegmentedRaftLogWorker$StateMachineDataPolicy.getFromFuture(SegmentedRaftLogWorker.java:88)
	at org.apache.ratis.server.raftlog.segmented.SegmentedRaftLogWorker$WriteLog.execute(SegmentedRaftLogWorker.java:535)
	at org.apache.ratis.server.raftlog.segmented.SegmentedRaftLogWorker.run(SegmentedRaftLogWorker.java:303)
	... 5 more
Caused by: java.lang.IllegalStateException: Null stream: entry=term: 2
index: 8
stateMachineLogEntry {
  type: DATASTREAM
  clientId: "J\000\\\302\362\322H[\226\355\351\270C\004\221\252"
  callId: 377
}

	at org.apache.ratis.datastream.DataStreamTestUtils$MultiDataStreamStateMachine.link(DataStreamTestUtils.java:159)
	at org.apache.ratis.server.raftlog.segmented.SegmentedRaftLogWorker$WriteLog.<init>(SegmentedRaftLogWorker.java:492)
	at org.apache.ratis.server.raftlog.segmented.SegmentedRaftLogWorker.writeLogEntry(SegmentedRaftLogWorker.java:438)
	at org.apache.ratis.server.raftlog.segmented.SegmentedRaftLog.appendEntryImpl(SegmentedRaftLog.java:409)
	at org.apache.ratis.server.raftlog.RaftLogBase.lambda$appendEntry$10(RaftLogBase.java:330)
	at org.apache.ratis.server.raftlog.RaftLogSequentialOps$Runner.runSequentially(RaftLogSequentialOps.java:78)
	at org.apache.ratis.server.raftlog.RaftLogBase.appendEntry(RaftLogBase.java:330)
	at org.apache.ratis.server.raftlog.segmented.SegmentedRaftLog.appendImpl(SegmentedRaftLog.java:457)
	at org.apache.ratis.server.raftlog.RaftLogBase.lambda$append$11(RaftLogBase.java:337)
	at org.apache.ratis.server.raftlog.RaftLogSequentialOps$Runner.runSequentially(RaftLogSequentialOps.java:69)
	at org.apache.ratis.server.raftlog.RaftLogBase.append(RaftLogBase.java:337)
	at org.apache.ratis.server.impl.RaftServerImpl.appendEntriesAsync(RaftServerImpl.java:1567)
	at org.apache.ratis.server.impl.RaftServerImpl.appendEntriesAsync(RaftServerImpl.java:1431)
	at org.apache.ratis.server.impl.RaftServerProxy.lambda$appendEntriesAsync$26(RaftServerProxy.java:639)
	at org.apache.ratis.util.JavaUtils.callAsUnchecked(JavaUtils.java:117)
	at org.apache.ratis.server.impl.RaftServerImpl.lambda$executeSubmitServerRequestAsync$10(RaftServerImpl.java:859)
	at java.base/java.util.concurrent.CompletableFuture$AsyncSupply.run(CompletableFuture.java:1700)
	... 3 more
2023-06-29 03:34:55,052 [grpc-default-executor-7] WARN  server.GrpcLogAppender (LogUtils.java:warn(124)) - s1@group-C92E7B86EDFC->s0-AppendLogResponseHandler: Failed appendEntries
org.apache.ratis.server.raftlog.RaftLogIOException: Log already failed at index 8 for task WriteLog:8: (t:2, i:8), STATEMACHINELOGENTRY, StateMachineLogEntryProto:377@client-E9B8430491AA
	at org.apache.ratis.server.raftlog.segmented.SegmentedRaftLogWorker.run(SegmentedRaftLogWorker.java:315)
	at java.base/java.util.concurrent.Executors$RunnableAdapter.call(Executors.java:515)
	at java.base/java.util.concurrent.FutureTask.run(FutureTask.java:264)
	at java.base/java.util.concurrent.ThreadPoolExecutor.runWorker(ThreadPoolExecutor.java:1128)
	at java.base/java.util.concurrent.ThreadPoolExecutor$Worker.run(ThreadPoolExecutor.java:628)
	at java.base/java.lang.Thread.run(Thread.java:829)
Caused by: java.io.IOException: java.lang.IllegalStateException: Null stream: entry=term: 2
index: 8
stateMachineLogEntry {
  type: DATASTREAM
  clientId: "J\000\\\302\362\322H[\226\355\351\270C\004\221\252"
  callId: 377
}

	at org.apache.ratis.util.IOUtils.asIOException(IOUtils.java:56)
	at org.apache.ratis.util.IOUtils.toIOException(IOUtils.java:61)
	at org.apache.ratis.util.IOUtils.getFromFuture(IOUtils.java:85)
	at org.apache.ratis.server.raftlog.segmented.SegmentedRaftLogWorker$StateMachineDataPolicy.getFromFuture(SegmentedRaftLogWorker.java:88)
	at org.apache.ratis.server.raftlog.segmented.SegmentedRaftLogWorker$WriteLog.execute(SegmentedRaftLogWorker.java:535)
	at org.apache.ratis.server.raftlog.segmented.SegmentedRaftLogWorker.run(SegmentedRaftLogWorker.java:303)
	... 5 more
Caused by: java.lang.IllegalStateException: Null stream: entry=term: 2
index: 8
stateMachineLogEntry {
  type: DATASTREAM
  clientId: "J\000\\\302\362\322H[\226\355\351\270C\004\221\252"
  callId: 377
}

	at org.apache.ratis.datastream.DataStreamTestUtils$MultiDataStreamStateMachine.link(DataStreamTestUtils.java:159)
	at org.apache.ratis.server.raftlog.segmented.SegmentedRaftLogWorker$WriteLog.<init>(SegmentedRaftLogWorker.java:492)
	at org.apache.ratis.server.raftlog.segmented.SegmentedRaftLogWorker.writeLogEntry(SegmentedRaftLogWorker.java:438)
	at org.apache.ratis.server.raftlog.segmented.SegmentedRaftLog.appendEntryImpl(SegmentedRaftLog.java:409)
	at org.apache.ratis.server.raftlog.RaftLogBase.lambda$appendEntry$10(RaftLogBase.java:330)
	at org.apache.ratis.server.raftlog.RaftLogSequentialOps$Runner.runSequentially(RaftLogSequentialOps.java:78)
	at org.apache.ratis.server.raftlog.RaftLogBase.appendEntry(RaftLogBase.java:330)
	at org.apache.ratis.server.raftlog.segmented.SegmentedRaftLog.appendImpl(SegmentedRaftLog.java:457)
	at org.apache.ratis.server.raftlog.RaftLogBase.lambda$append$11(RaftLogBase.java:337)
	at org.apache.ratis.server.raftlog.RaftLogSequentialOps$Runner.runSequentially(RaftLogSequentialOps.java:69)
	at org.apache.ratis.server.raftlog.RaftLogBase.append(RaftLogBase.java:337)
	at org.apache.ratis.server.impl.RaftServerImpl.appendEntriesAsync(RaftServerImpl.java:1567)
	at org.apache.ratis.server.impl.RaftServerImpl.appendEntriesAsync(RaftServerImpl.java:1431)
	at org.apache.ratis.server.impl.RaftServerProxy.lambda$appendEntriesAsync$26(RaftServerProxy.java:639)
	at org.apache.ratis.util.JavaUtils.callAsUnchecked(JavaUtils.java:117)
	at org.apache.ratis.server.impl.RaftServerImpl.lambda$executeSubmitServerRequestAsync$10(RaftServerImpl.java:859)
	at java.base/java.util.concurrent.CompletableFuture$AsyncSupply.run(CompletableFuture.java:1700)
	... 3 more
2023-06-29 03:34:55,052 [grpc-default-executor-7] INFO  leader.FollowerInfo (FollowerInfoImpl.java:lambda$new$0(52)) - s1@group-C92E7B86EDFC->s0: decreaseNextIndex nextIndex: updateUnconditionally 19 -> 18
2023-06-29 03:34:55,055 [grpc-default-executor-2] WARN  server.GrpcLogAppender (LogUtils.java:warn(124)) - s1@group-C92E7B86EDFC->s2-AppendLogResponseHandler: Failed appendEntries
org.apache.ratis.server.raftlog.RaftLogIOException: Log already failed at index 8 for task WriteLog:8: (t:2, i:8), STATEMACHINELOGENTRY, StateMachineLogEntryProto:377@client-E9B8430491AA
	at org.apache.ratis.server.raftlog.segmented.SegmentedRaftLogWorker.run(SegmentedRaftLogWorker.java:315)
	at java.base/java.util.concurrent.Executors$RunnableAdapter.call(Executors.java:515)
	at java.base/java.util.concurrent.FutureTask.run(FutureTask.java:264)
	at java.base/java.util.concurrent.ThreadPoolExecutor.runWorker(ThreadPoolExecutor.java:1128)
	at java.base/java.util.concurrent.ThreadPoolExecutor$Worker.run(ThreadPoolExecutor.java:628)
	at java.base/java.lang.Thread.run(Thread.java:829)
Caused by: java.io.IOException: java.lang.IllegalStateException: Null stream: entry=term: 2
index: 8
stateMachineLogEntry {
  type: DATASTREAM
  clientId: "J\000\\\302\362\322H[\226\355\351\270C\004\221\252"
  callId: 377
}

	at org.apache.ratis.util.IOUtils.asIOException(IOUtils.java:56)
	at org.apache.ratis.util.IOUtils.toIOException(IOUtils.java:61)
	at org.apache.ratis.util.IOUtils.getFromFuture(IOUtils.java:85)
	at org.apache.ratis.server.raftlog.segmented.SegmentedRaftLogWorker$StateMachineDataPolicy.getFromFuture(SegmentedRaftLogWorker.java:88)
	at org.apache.ratis.server.raftlog.segmented.SegmentedRaftLogWorker$WriteLog.execute(SegmentedRaftLogWorker.java:535)
	at org.apache.ratis.server.raftlog.segmented.SegmentedRaftLogWorker.run(SegmentedRaftLogWorker.java:303)
	... 5 more
Caused by: java.lang.IllegalStateException: Null stream: entry=term: 2
index: 8
stateMachineLogEntry {
  type: DATASTREAM
  clientId: "J\000\\\302\362\322H[\226\355\351\270C\004\221\252"
  callId: 377
}

	at org.apache.ratis.datastream.DataStreamTestUtils$MultiDataStreamStateMachine.link(DataStreamTestUtils.java:159)
	at org.apache.ratis.server.raftlog.segmented.SegmentedRaftLogWorker$WriteLog.<init>(SegmentedRaftLogWorker.java:492)
	at org.apache.ratis.server.raftlog.segmented.SegmentedRaftLogWorker.writeLogEntry(SegmentedRaftLogWorker.java:438)
	at org.apache.ratis.server.raftlog.segmented.SegmentedRaftLog.appendEntryImpl(SegmentedRaftLog.java:409)
	at org.apache.ratis.server.raftlog.RaftLogBase.lambda$appendEntry$10(RaftLogBase.java:330)
	at org.apache.ratis.server.raftlog.RaftLogSequentialOps$Runner.runSequentially(RaftLogSequentialOps.java:78)
	at org.apache.ratis.server.raftlog.RaftLogBase.appendEntry(RaftLogBase.java:330)
	at org.apache.ratis.server.raftlog.segmented.SegmentedRaftLog.appendImpl(SegmentedRaftLog.java:457)
	at org.apache.ratis.server.raftlog.RaftLogBase.lambda$append$11(RaftLogBase.java:337)
	at org.apache.ratis.server.raftlog.RaftLogSequentialOps$Runner.runSequentially(RaftLogSequentialOps.java:69)
	at org.apache.ratis.server.raftlog.RaftLogBase.append(RaftLogBase.java:337)
	at org.apache.ratis.server.impl.RaftServerImpl.appendEntriesAsync(RaftServerImpl.java:1567)
	at org.apache.ratis.server.impl.RaftServerImpl.appendEntriesAsync(RaftServerImpl.java:1431)
	at org.apache.ratis.server.impl.RaftServerProxy.lambda$appendEntriesAsync$26(RaftServerProxy.java:639)
	at org.apache.ratis.util.JavaUtils.callAsUnchecked(JavaUtils.java:117)
	at org.apache.ratis.server.impl.RaftServerImpl.lambda$executeSubmitServerRequestAsync$10(RaftServerImpl.java:859)
	at java.base/java.util.concurrent.CompletableFuture$AsyncSupply.run(CompletableFuture.java:1700)
	... 3 more
2023-06-29 03:34:55,055 [grpc-default-executor-2] INFO  leader.FollowerInfo (FollowerInfoImpl.java:lambda$new$0(52)) - s1@group-C92E7B86EDFC->s2: decreaseNextIndex nextIndex: updateUnconditionally 19 -> 18
2023-06-29 03:34:55,102 [Timer-2] INFO  impl.MiniRaftCluster (MiniRaftCluster.java:lambda$start$6(349)) - TIMED-PRINT: printing ALL groups
  s0:  RUNNING  FOLLOWER s0@group-C92E7B86EDFC:t2, leader=s1, voted=null, raftlog=Memoized:s0@group-C92E7B86EDFC-SegmentedRaftLog:OPENED:c7, conf=6: peers:[s0|rpc:localhost:46689|admin:localhost:46779|client:localhost:37871|dataStream:localhost:46501|priority:0|startupRole:FOLLOWER, s1|rpc:localhost:37585|admin:localhost:35007|client:localhost:43533|dataStream:localhost:44315|priority:0|startupRole:FOLLOWER, s2|rpc:localhost:34717|admin:localhost:33013|client:localhost:41383|dataStream:localhost:35135|priority:0|startupRole:FOLLOWER]|listeners:[], old=null RUNNING
  s1:  RUNNING    LEADER s1@group-C92E7B86EDFC:t2, leader=s1, voted=s1, raftlog=Memoized:s1@group-C92E7B86EDFC-SegmentedRaftLog:OPENED:c7, conf=6: peers:[s0|rpc:localhost:46689|admin:localhost:46779|client:localhost:37871|dataStream:localhost:46501|priority:0|startupRole:FOLLOWER, s1|rpc:localhost:37585|admin:localhost:35007|client:localhost:43533|dataStream:localhost:44315|priority:0|startupRole:FOLLOWER, s2|rpc:localhost:34717|admin:localhost:33013|client:localhost:41383|dataStream:localhost:35135|priority:0|startupRole:FOLLOWER]|listeners:[], old=null RUNNING
  s2:  RUNNING  FOLLOWER s2@group-C92E7B86EDFC:t2, leader=s1, voted=s1, raftlog=Memoized:s2@group-C92E7B86EDFC-SegmentedRaftLog:OPENED:c7, conf=6: peers:[s0|rpc:localhost:46689|admin:localhost:46779|client:localhost:37871|dataStream:localhost:46501|priority:0|startupRole:FOLLOWER, s1|rpc:localhost:37585|admin:localhost:35007|client:localhost:43533|dataStream:localhost:44315|priority:0|startupRole:FOLLOWER, s2|rpc:localhost:34717|admin:localhost:33013|client:localhost:41383|dataStream:localhost:35135|priority:0|startupRole:FOLLOWER]|listeners:[], old=null RUNNING
2023-06-29 03:34:55,128 [timer7] WARN  grpc.GrpcUtil (GrpcUtil.java:shutdownManagedChannel(223)) - Timed out gracefully shutting down connection: ManagedChannelOrphanWrapper{delegate=ManagedChannelImpl{logId=978, target=localhost:43533}}. 
2023-06-29 03:34:55,239 [s1-client-thread2] INFO  statemachine.StateMachine (DataStreamTestUtils.java:link(157)) - link null
2023-06-29 03:34:55,239 [s2-server-thread3] INFO  statemachine.StateMachine (DataStreamTestUtils.java:link(157)) - link null
2023-06-29 03:34:55,240 [s0-server-thread1] INFO  statemachine.StateMachine (DataStreamTestUtils.java:link(157)) - link null
2023-06-29 03:34:55,240 [grpc-default-executor-7] WARN  server.GrpcServerProtocolService (LogUtils.java:warn(124)) - s2: Failed APPEND_ENTRIES request s1->s2#895-t2,previous=(t:2, i:18),leaderCommit=7,initializing? true,entries: size=1, first=(t:2, i:19), STATEMACHINELOGENTRY, 376@client-EBEB1F61990C
java.util.concurrent.CompletionException: org.apache.ratis.server.raftlog.RaftLogIOException: Log already failed at index 8 for task WriteLog:8: (t:2, i:8), STATEMACHINELOGENTRY, StateMachineLogEntryProto:377@client-E9B8430491AA
	at java.base/java.util.concurrent.CompletableFuture.encodeThrowable(CompletableFuture.java:331)
	at java.base/java.util.concurrent.CompletableFuture.completeThrowable(CompletableFuture.java:346)
	at java.base/java.util.concurrent.CompletableFuture$BiRelay.tryFire(CompletableFuture.java:1423)
	at java.base/java.util.concurrent.CompletableFuture$CoCompletion.tryFire(CompletableFuture.java:1144)
	at java.base/java.util.concurrent.CompletableFuture.postComplete(CompletableFuture.java:506)
	at java.base/java.util.concurrent.CompletableFuture.completeExceptionally(CompletableFuture.java:2088)
	at org.apache.ratis.server.raftlog.segmented.SegmentedRaftLog$Task.failed(SegmentedRaftLog.java:105)
	at org.apache.ratis.server.raftlog.segmented.SegmentedRaftLogWorker$WriteLog.failed(SegmentedRaftLogWorker.java:514)
	at org.apache.ratis.server.raftlog.segmented.SegmentedRaftLogWorker.run(SegmentedRaftLogWorker.java:312)
	at java.base/java.util.concurrent.Executors$RunnableAdapter.call(Executors.java:515)
	at java.base/java.util.concurrent.FutureTask.run(FutureTask.java:264)
	at java.base/java.util.concurrent.ThreadPoolExecutor.runWorker(ThreadPoolExecutor.java:1128)
	at java.base/java.util.concurrent.ThreadPoolExecutor$Worker.run(ThreadPoolExecutor.java:628)
	at java.base/java.lang.Thread.run(Thread.java:829)
Caused by: org.apache.ratis.server.raftlog.RaftLogIOException: Log already failed at index 8 for task WriteLog:8: (t:2, i:8), STATEMACHINELOGENTRY, StateMachineLogEntryProto:377@client-E9B8430491AA
	at org.apache.ratis.server.raftlog.segmented.SegmentedRaftLogWorker.run(SegmentedRaftLogWorker.java:315)
	... 5 more
Caused by: java.io.IOException: java.lang.IllegalStateException: Null stream: entry=term: 2
index: 8
stateMachineLogEntry {
  type: DATASTREAM
  clientId: "J\000\\\302\362\322H[\226\355\351\270C\004\221\252"
  callId: 377
}

	at org.apache.ratis.util.IOUtils.asIOException(IOUtils.java:56)
	at org.apache.ratis.util.IOUtils.toIOException(IOUtils.java:61)
	at org.apache.ratis.util.IOUtils.getFromFuture(IOUtils.java:85)
	at org.apache.ratis.server.raftlog.segmented.SegmentedRaftLogWorker$StateMachineDataPolicy.getFromFuture(SegmentedRaftLogWorker.java:88)
	at org.apache.ratis.server.raftlog.segmented.SegmentedRaftLogWorker$WriteLog.execute(SegmentedRaftLogWorker.java:535)
	at org.apache.ratis.server.raftlog.segmented.SegmentedRaftLogWorker.run(SegmentedRaftLogWorker.java:303)
	... 5 more
Caused by: java.lang.IllegalStateException: Null stream: entry=term: 2
index: 8
stateMachineLogEntry {
  type: DATASTREAM
  clientId: "J\000\\\302\362\322H[\226\355\351\270C\004\221\252"
  callId: 377
}

	at org.apache.ratis.datastream.DataStreamTestUtils$MultiDataStreamStateMachine.link(DataStreamTestUtils.java:159)
	at org.apache.ratis.server.raftlog.segmented.SegmentedRaftLogWorker$WriteLog.<init>(SegmentedRaftLogWorker.java:492)
	at org.apache.ratis.server.raftlog.segmented.SegmentedRaftLogWorker.writeLogEntry(SegmentedRaftLogWorker.java:438)
	at org.apache.ratis.server.raftlog.segmented.SegmentedRaftLog.appendEntryImpl(SegmentedRaftLog.java:409)
	at org.apache.ratis.server.raftlog.RaftLogBase.lambda$appendEntry$10(RaftLogBase.java:330)
	at org.apache.ratis.server.raftlog.RaftLogSequentialOps$Runner.runSequentially(RaftLogSequentialOps.java:78)
	at org.apache.ratis.server.raftlog.RaftLogBase.appendEntry(RaftLogBase.java:330)
	at org.apache.ratis.server.raftlog.segmented.SegmentedRaftLog.appendImpl(SegmentedRaftLog.java:457)
	at org.apache.ratis.server.raftlog.RaftLogBase.lambda$append$11(RaftLogBase.java:337)
	at org.apache.ratis.server.raftlog.RaftLogSequentialOps$Runner.runSequentially(RaftLogSequentialOps.java:69)
	at org.apache.ratis.server.raftlog.RaftLogBase.append(RaftLogBase.java:337)
	at org.apache.ratis.server.impl.RaftServerImpl.appendEntriesAsync(RaftServerImpl.java:1567)
	at org.apache.ratis.server.impl.RaftServerImpl.appendEntriesAsync(RaftServerImpl.java:1431)
	at org.apache.ratis.server.impl.RaftServerProxy.lambda$appendEntriesAsync$26(RaftServerProxy.java:639)
	at org.apache.ratis.util.JavaUtils.callAsUnchecked(JavaUtils.java:117)
	at org.apache.ratis.server.impl.RaftServerImpl.lambda$executeSubmitServerRequestAsync$10(RaftServerImpl.java:859)
	at java.base/java.util.concurrent.CompletableFuture$AsyncSupply.run(CompletableFuture.java:1700)
	... 3 more
2023-06-29 03:34:55,241 [grpc-default-executor-6] WARN  server.GrpcServerProtocolService (LogUtils.java:warn(124)) - s0: Failed APPEND_ENTRIES request s1->s0#896-t2,previous=(t:2, i:18),leaderCommit=7,initializing? true,entries: size=1, first=(t:2, i:19), STATEMACHINELOGENTRY, 376@client-EBEB1F61990C
java.util.concurrent.CompletionException: org.apache.ratis.server.raftlog.RaftLogIOException: Log already failed at index 8 for task WriteLog:8: (t:2, i:8), STATEMACHINELOGENTRY, StateMachineLogEntryProto:377@client-E9B8430491AA
	at java.base/java.util.concurrent.CompletableFuture.encodeThrowable(CompletableFuture.java:331)
	at java.base/java.util.concurrent.CompletableFuture.completeThrowable(CompletableFuture.java:346)
	at java.base/java.util.concurrent.CompletableFuture$BiRelay.tryFire(CompletableFuture.java:1423)
	at java.base/java.util.concurrent.CompletableFuture$CoCompletion.tryFire(CompletableFuture.java:1144)
	at java.base/java.util.concurrent.CompletableFuture.postComplete(CompletableFuture.java:506)
	at java.base/java.util.concurrent.CompletableFuture.completeExceptionally(CompletableFuture.java:2088)
	at org.apache.ratis.server.raftlog.segmented.SegmentedRaftLog$Task.failed(SegmentedRaftLog.java:105)
	at org.apache.ratis.server.raftlog.segmented.SegmentedRaftLogWorker$WriteLog.failed(SegmentedRaftLogWorker.java:514)
	at org.apache.ratis.server.raftlog.segmented.SegmentedRaftLogWorker.run(SegmentedRaftLogWorker.java:312)
	at java.base/java.util.concurrent.Executors$RunnableAdapter.call(Executors.java:515)
	at java.base/java.util.concurrent.FutureTask.run(FutureTask.java:264)
	at java.base/java.util.concurrent.ThreadPoolExecutor.runWorker(ThreadPoolExecutor.java:1128)
	at java.base/java.util.concurrent.ThreadPoolExecutor$Worker.run(ThreadPoolExecutor.java:628)
	at java.base/java.lang.Thread.run(Thread.java:829)
Caused by: org.apache.ratis.server.raftlog.RaftLogIOException: Log already failed at index 8 for task WriteLog:8: (t:2, i:8), STATEMACHINELOGENTRY, StateMachineLogEntryProto:377@client-E9B8430491AA
	at org.apache.ratis.server.raftlog.segmented.SegmentedRaftLogWorker.run(SegmentedRaftLogWorker.java:315)
	... 5 more
Caused by: java.io.IOException: java.lang.IllegalStateException: Null stream: entry=term: 2
index: 8
stateMachineLogEntry {
  type: DATASTREAM
  clientId: "J\000\\\302\362\322H[\226\355\351\270C\004\221\252"
  callId: 377
}

	at org.apache.ratis.util.IOUtils.asIOException(IOUtils.java:56)
	at org.apache.ratis.util.IOUtils.toIOException(IOUtils.java:61)
	at org.apache.ratis.util.IOUtils.getFromFuture(IOUtils.java:85)
	at org.apache.ratis.server.raftlog.segmented.SegmentedRaftLogWorker$StateMachineDataPolicy.getFromFuture(SegmentedRaftLogWorker.java:88)
	at org.apache.ratis.server.raftlog.segmented.SegmentedRaftLogWorker$WriteLog.execute(SegmentedRaftLogWorker.java:535)
	at org.apache.ratis.server.raftlog.segmented.SegmentedRaftLogWorker.run(SegmentedRaftLogWorker.java:303)
	... 5 more
Caused by: java.lang.IllegalStateException: Null stream: entry=term: 2
index: 8
stateMachineLogEntry {
  type: DATASTREAM
  clientId: "J\000\\\302\362\322H[\226\355\351\270C\004\221\252"
  callId: 377
}

	at org.apache.ratis.datastream.DataStreamTestUtils$MultiDataStreamStateMachine.link(DataStreamTestUtils.java:159)
	at org.apache.ratis.server.raftlog.segmented.SegmentedRaftLogWorker$WriteLog.<init>(SegmentedRaftLogWorker.java:492)
	at org.apache.ratis.server.raftlog.segmented.SegmentedRaftLogWorker.writeLogEntry(SegmentedRaftLogWorker.java:438)
	at org.apache.ratis.server.raftlog.segmented.SegmentedRaftLog.appendEntryImpl(SegmentedRaftLog.java:409)
	at org.apache.ratis.server.raftlog.RaftLogBase.lambda$appendEntry$10(RaftLogBase.java:330)
	at org.apache.ratis.server.raftlog.RaftLogSequentialOps$Runner.runSequentially(RaftLogSequentialOps.java:78)
	at org.apache.ratis.server.raftlog.RaftLogBase.appendEntry(RaftLogBase.java:330)
	at org.apache.ratis.server.raftlog.segmented.SegmentedRaftLog.appendImpl(SegmentedRaftLog.java:457)
	at org.apache.ratis.server.raftlog.RaftLogBase.lambda$append$11(RaftLogBase.java:337)
	at org.apache.ratis.server.raftlog.RaftLogSequentialOps$Runner.runSequentially(RaftLogSequentialOps.java:69)
	at org.apache.ratis.server.raftlog.RaftLogBase.append(RaftLogBase.java:337)
	at org.apache.ratis.server.impl.RaftServerImpl.appendEntriesAsync(RaftServerImpl.java:1567)
	at org.apache.ratis.server.impl.RaftServerImpl.appendEntriesAsync(RaftServerImpl.java:1431)
	at org.apache.ratis.server.impl.RaftServerProxy.lambda$appendEntriesAsync$26(RaftServerProxy.java:639)
	at org.apache.ratis.util.JavaUtils.callAsUnchecked(JavaUtils.java:117)
	at org.apache.ratis.server.impl.RaftServerImpl.lambda$executeSubmitServerRequestAsync$10(RaftServerImpl.java:859)
	at java.base/java.util.concurrent.CompletableFuture$AsyncSupply.run(CompletableFuture.java:1700)
	... 3 more
2023-06-29 03:34:55,248 [grpc-default-executor-2] WARN  server.GrpcLogAppender (LogUtils.java:warn(124)) - s1@group-C92E7B86EDFC->s2-AppendLogResponseHandler: Failed appendEntries
org.apache.ratis.server.raftlog.RaftLogIOException: Log already failed at index 8 for task WriteLog:8: (t:2, i:8), STATEMACHINELOGENTRY, StateMachineLogEntryProto:377@client-E9B8430491AA
	at org.apache.ratis.server.raftlog.segmented.SegmentedRaftLogWorker.run(SegmentedRaftLogWorker.java:315)
	at java.base/java.util.concurrent.Executors$RunnableAdapter.call(Executors.java:515)
	at java.base/java.util.concurrent.FutureTask.run(FutureTask.java:264)
	at java.base/java.util.concurrent.ThreadPoolExecutor.runWorker(ThreadPoolExecutor.java:1128)
	at java.base/java.util.concurrent.ThreadPoolExecutor$Worker.run(ThreadPoolExecutor.java:628)
	at java.base/java.lang.Thread.run(Thread.java:829)
Caused by: java.io.IOException: java.lang.IllegalStateException: Null stream: entry=term: 2
index: 8
stateMachineLogEntry {
  type: DATASTREAM
  clientId: "J\000\\\302\362\322H[\226\355\351\270C\004\221\252"
  callId: 377
}

	at org.apache.ratis.util.IOUtils.asIOException(IOUtils.java:56)
	at org.apache.ratis.util.IOUtils.toIOException(IOUtils.java:61)
	at org.apache.ratis.util.IOUtils.getFromFuture(IOUtils.java:85)
	at org.apache.ratis.server.raftlog.segmented.SegmentedRaftLogWorker$StateMachineDataPolicy.getFromFuture(SegmentedRaftLogWorker.java:88)
	at org.apache.ratis.server.raftlog.segmented.SegmentedRaftLogWorker$WriteLog.execute(SegmentedRaftLogWorker.java:535)
	at org.apache.ratis.server.raftlog.segmented.SegmentedRaftLogWorker.run(SegmentedRaftLogWorker.java:303)
	... 5 more
Caused by: java.lang.IllegalStateException: Null stream: entry=term: 2
index: 8
stateMachineLogEntry {
  type: DATASTREAM
  clientId: "J\000\\\302\362\322H[\226\355\351\270C\004\221\252"
  callId: 377
}

	at org.apache.ratis.datastream.DataStreamTestUtils$MultiDataStreamStateMachine.link(DataStreamTestUtils.java:159)
	at org.apache.ratis.server.raftlog.segmented.SegmentedRaftLogWorker$WriteLog.<init>(SegmentedRaftLogWorker.java:492)
	at org.apache.ratis.server.raftlog.segmented.SegmentedRaftLogWorker.writeLogEntry(SegmentedRaftLogWorker.java:438)
	at org.apache.ratis.server.raftlog.segmented.SegmentedRaftLog.appendEntryImpl(SegmentedRaftLog.java:409)
	at org.apache.ratis.server.raftlog.RaftLogBase.lambda$appendEntry$10(RaftLogBase.java:330)
	at org.apache.ratis.server.raftlog.RaftLogSequentialOps$Runner.runSequentially(RaftLogSequentialOps.java:78)
	at org.apache.ratis.server.raftlog.RaftLogBase.appendEntry(RaftLogBase.java:330)
	at org.apache.ratis.server.raftlog.segmented.SegmentedRaftLog.appendImpl(SegmentedRaftLog.java:457)
	at org.apache.ratis.server.raftlog.RaftLogBase.lambda$append$11(RaftLogBase.java:337)
	at org.apache.ratis.server.raftlog.RaftLogSequentialOps$Runner.runSequentially(RaftLogSequentialOps.java:69)
	at org.apache.ratis.server.raftlog.RaftLogBase.append(RaftLogBase.java:337)
	at org.apache.ratis.server.impl.RaftServerImpl.appendEntriesAsync(RaftServerImpl.java:1567)
	at org.apache.ratis.server.impl.RaftServerImpl.appendEntriesAsync(RaftServerImpl.java:1431)
	at org.apache.ratis.server.impl.RaftServerProxy.lambda$appendEntriesAsync$26(RaftServerProxy.java:639)
	at org.apache.ratis.util.JavaUtils.callAsUnchecked(JavaUtils.java:117)
	at org.apache.ratis.server.impl.RaftServerImpl.lambda$executeSubmitServerRequestAsync$10(RaftServerImpl.java:859)
	at java.base/java.util.concurrent.CompletableFuture$AsyncSupply.run(CompletableFuture.java:1700)
	... 3 more
2023-06-29 03:34:55,248 [grpc-default-executor-2] INFO  leader.FollowerInfo (FollowerInfoImpl.java:lambda$new$0(52)) - s1@group-C92E7B86EDFC->s2: decreaseNextIndex nextIndex: updateUnconditionally 20 -> 19
2023-06-29 03:34:55,250 [grpc-default-executor-7] WARN  server.GrpcLogAppender (LogUtils.java:warn(124)) - s1@group-C92E7B86EDFC->s0-AppendLogResponseHandler: Failed appendEntries
org.apache.ratis.server.raftlog.RaftLogIOException: Log already failed at index 8 for task WriteLog:8: (t:2, i:8), STATEMACHINELOGENTRY, StateMachineLogEntryProto:377@client-E9B8430491AA
	at org.apache.ratis.server.raftlog.segmented.SegmentedRaftLogWorker.run(SegmentedRaftLogWorker.java:315)
	at java.base/java.util.concurrent.Executors$RunnableAdapter.call(Executors.java:515)
	at java.base/java.util.concurrent.FutureTask.run(FutureTask.java:264)
	at java.base/java.util.concurrent.ThreadPoolExecutor.runWorker(ThreadPoolExecutor.java:1128)
	at java.base/java.util.concurrent.ThreadPoolExecutor$Worker.run(ThreadPoolExecutor.java:628)
	at java.base/java.lang.Thread.run(Thread.java:829)
Caused by: java.io.IOException: java.lang.IllegalStateException: Null stream: entry=term: 2
index: 8
stateMachineLogEntry {
  type: DATASTREAM
  clientId: "J\000\\\302\362\322H[\226\355\351\270C\004\221\252"
  callId: 377
}

	at org.apache.ratis.util.IOUtils.asIOException(IOUtils.java:56)
	at org.apache.ratis.util.IOUtils.toIOException(IOUtils.java:61)
	at org.apache.ratis.util.IOUtils.getFromFuture(IOUtils.java:85)
	at org.apache.ratis.server.raftlog.segmented.SegmentedRaftLogWorker$StateMachineDataPolicy.getFromFuture(SegmentedRaftLogWorker.java:88)
	at org.apache.ratis.server.raftlog.segmented.SegmentedRaftLogWorker$WriteLog.execute(SegmentedRaftLogWorker.java:535)
	at org.apache.ratis.server.raftlog.segmented.SegmentedRaftLogWorker.run(SegmentedRaftLogWorker.java:303)
	... 5 more
Caused by: java.lang.IllegalStateException: Null stream: entry=term: 2
index: 8
stateMachineLogEntry {
  type: DATASTREAM
  clientId: "J\000\\\302\362\322H[\226\355\351\270C\004\221\252"
  callId: 377
}

	at org.apache.ratis.datastream.DataStreamTestUtils$MultiDataStreamStateMachine.link(DataStreamTestUtils.java:159)
	at org.apache.ratis.server.raftlog.segmented.SegmentedRaftLogWorker$WriteLog.<init>(SegmentedRaftLogWorker.java:492)
	at org.apache.ratis.server.raftlog.segmented.SegmentedRaftLogWorker.writeLogEntry(SegmentedRaftLogWorker.java:438)
	at org.apache.ratis.server.raftlog.segmented.SegmentedRaftLog.appendEntryImpl(SegmentedRaftLog.java:409)
	at org.apache.ratis.server.raftlog.RaftLogBase.lambda$appendEntry$10(RaftLogBase.java:330)
	at org.apache.ratis.server.raftlog.RaftLogSequentialOps$Runner.runSequentially(RaftLogSequentialOps.java:78)
	at org.apache.ratis.server.raftlog.RaftLogBase.appendEntry(RaftLogBase.java:330)
	at org.apache.ratis.server.raftlog.segmented.SegmentedRaftLog.appendImpl(SegmentedRaftLog.java:457)
	at org.apache.ratis.server.raftlog.RaftLogBase.lambda$append$11(RaftLogBase.java:337)
	at org.apache.ratis.server.raftlog.RaftLogSequentialOps$Runner.runSequentially(RaftLogSequentialOps.java:69)
	at org.apache.ratis.server.raftlog.RaftLogBase.append(RaftLogBase.java:337)
	at org.apache.ratis.server.impl.RaftServerImpl.appendEntriesAsync(RaftServerImpl.java:1567)
	at org.apache.ratis.server.impl.RaftServerImpl.appendEntriesAsync(RaftServerImpl.java:1431)
	at org.apache.ratis.server.impl.RaftServerProxy.lambda$appendEntriesAsync$26(RaftServerProxy.java:639)
	at org.apache.ratis.util.JavaUtils.callAsUnchecked(JavaUtils.java:117)
	at org.apache.ratis.server.impl.RaftServerImpl.lambda$executeSubmitServerRequestAsync$10(RaftServerImpl.java:859)
	at java.base/java.util.concurrent.CompletableFuture$AsyncSupply.run(CompletableFuture.java:1700)
	... 3 more
2023-06-29 03:34:55,250 [grpc-default-executor-7] INFO  leader.FollowerInfo (FollowerInfoImpl.java:lambda$new$0(52)) - s1@group-C92E7B86EDFC->s0: decreaseNextIndex nextIndex: updateUnconditionally 20 -> 19
2023-06-29 03:34:58,036 [timer2] WARN  grpc.GrpcUtil (GrpcUtil.java:shutdownManagedChannel(223)) - Timed out gracefully shutting down connection: ManagedChannelOrphanWrapper{delegate=ManagedChannelImpl{logId=992, target=localhost:43533}}. 
2023-06-29 03:34:58,237 [timer5] WARN  grpc.GrpcUtil (GrpcUtil.java:shutdownManagedChannel(223)) - Timed out gracefully shutting down connection: ManagedChannelOrphanWrapper{delegate=ManagedChannelImpl{logId=1006, target=localhost:43533}}. 
2023-06-29 03:35:01,040 [timer2] WARN  grpc.GrpcUtil (GrpcUtil.java:shutdownManagedChannel(223)) - Timed out gracefully shutting down connection: ManagedChannelOrphanWrapper{delegate=ManagedChannelImpl{logId=1020, target=localhost:43533}}. 
2023-06-29 03:35:01,239 [timer4] WARN  grpc.GrpcUtil (GrpcUtil.java:shutdownManagedChannel(223)) - Timed out gracefully shutting down connection: ManagedChannelOrphanWrapper{delegate=ManagedChannelImpl{logId=1048, target=localhost:43533}}. 
2023-06-29 03:35:04,043 [timer2] WARN  grpc.GrpcUtil (GrpcUtil.java:shutdownManagedChannel(223)) - Timed out gracefully shutting down connection: ManagedChannelOrphanWrapper{delegate=ManagedChannelImpl{logId=1034, target=localhost:43533}}. 
2023-06-29 03:35:04,048 [s1-client-thread2] INFO  statemachine.StateMachine (DataStreamTestUtils.java:link(157)) - link null
2023-06-29 03:35:04,050 [s2-server-thread3] INFO  statemachine.StateMachine (DataStreamTestUtils.java:link(157)) - link null
2023-06-29 03:35:04,050 [grpc-default-executor-8] WARN  server.GrpcServerProtocolService (LogUtils.java:warn(124)) - s2: Failed APPEND_ENTRIES request s1->s2#1012-t2,previous=(t:2, i:19),leaderCommit=7,initializing? true,entries: size=1, first=(t:2, i:20), STATEMACHINELOGENTRY, 377@client-E9B8430491AA
java.util.concurrent.CompletionException: org.apache.ratis.server.raftlog.RaftLogIOException: Log already failed at index 8 for task WriteLog:8: (t:2, i:8), STATEMACHINELOGENTRY, StateMachineLogEntryProto:377@client-E9B8430491AA
	at java.base/java.util.concurrent.CompletableFuture.encodeThrowable(CompletableFuture.java:331)
	at java.base/java.util.concurrent.CompletableFuture.andTree(CompletableFuture.java:1452)
	at java.base/java.util.concurrent.CompletableFuture.allOf(CompletableFuture.java:2337)
	at org.apache.ratis.util.JavaUtils.allOf(JavaUtils.java:278)
	at org.apache.ratis.server.impl.RaftServerImpl.appendEntriesAsync(RaftServerImpl.java:1578)
	at org.apache.ratis.server.impl.RaftServerImpl.appendEntriesAsync(RaftServerImpl.java:1431)
	at org.apache.ratis.server.impl.RaftServerProxy.lambda$appendEntriesAsync$26(RaftServerProxy.java:639)
	at org.apache.ratis.util.JavaUtils.callAsUnchecked(JavaUtils.java:117)
	at org.apache.ratis.server.impl.RaftServerImpl.lambda$executeSubmitServerRequestAsync$10(RaftServerImpl.java:859)
	at java.base/java.util.concurrent.CompletableFuture$AsyncSupply.run(CompletableFuture.java:1700)
	at java.base/java.util.concurrent.ThreadPoolExecutor.runWorker(ThreadPoolExecutor.java:1128)
	at java.base/java.util.concurrent.ThreadPoolExecutor$Worker.run(ThreadPoolExecutor.java:628)
	at java.base/java.lang.Thread.run(Thread.java:829)
Caused by: org.apache.ratis.server.raftlog.RaftLogIOException: Log already failed at index 8 for task WriteLog:8: (t:2, i:8), STATEMACHINELOGENTRY, StateMachineLogEntryProto:377@client-E9B8430491AA
	at org.apache.ratis.server.raftlog.segmented.SegmentedRaftLogWorker.run(SegmentedRaftLogWorker.java:315)
	at java.base/java.util.concurrent.Executors$RunnableAdapter.call(Executors.java:515)
	at java.base/java.util.concurrent.FutureTask.run(FutureTask.java:264)
	... 3 more
Caused by: java.io.IOException: java.lang.IllegalStateException: Null stream: entry=term: 2
index: 8
stateMachineLogEntry {
  type: DATASTREAM
  clientId: "J\000\\\302\362\322H[\226\355\351\270C\004\221\252"
  callId: 377
}

	at org.apache.ratis.util.IOUtils.asIOException(IOUtils.java:56)
	at org.apache.ratis.util.IOUtils.toIOException(IOUtils.java:61)
	at org.apache.ratis.util.IOUtils.getFromFuture(IOUtils.java:85)
	at org.apache.ratis.server.raftlog.segmented.SegmentedRaftLogWorker$StateMachineDataPolicy.getFromFuture(SegmentedRaftLogWorker.java:88)
	at org.apache.ratis.server.raftlog.segmented.SegmentedRaftLogWorker$WriteLog.execute(SegmentedRaftLogWorker.java:535)
	at org.apache.ratis.server.raftlog.segmented.SegmentedRaftLogWorker.run(SegmentedRaftLogWorker.java:303)
	... 5 more
Caused by: java.lang.IllegalStateException: Null stream: entry=term: 2
index: 8
stateMachineLogEntry {
  type: DATASTREAM
  clientId: "J\000\\\302\362\322H[\226\355\351\270C\004\221\252"
  callId: 377
}

	at org.apache.ratis.datastream.DataStreamTestUtils$MultiDataStreamStateMachine.link(DataStreamTestUtils.java:159)
	at org.apache.ratis.server.raftlog.segmented.SegmentedRaftLogWorker$WriteLog.<init>(SegmentedRaftLogWorker.java:492)
	at org.apache.ratis.server.raftlog.segmented.SegmentedRaftLogWorker.writeLogEntry(SegmentedRaftLogWorker.java:438)
	at org.apache.ratis.server.raftlog.segmented.SegmentedRaftLog.appendEntryImpl(SegmentedRaftLog.java:409)
	at org.apache.ratis.server.raftlog.RaftLogBase.lambda$appendEntry$10(RaftLogBase.java:330)
	at org.apache.ratis.server.raftlog.RaftLogSequentialOps$Runner.runSequentially(RaftLogSequentialOps.java:78)
	at org.apache.ratis.server.raftlog.RaftLogBase.appendEntry(RaftLogBase.java:330)
	at org.apache.ratis.server.raftlog.segmented.SegmentedRaftLog.appendImpl(SegmentedRaftLog.java:457)
	at org.apache.ratis.server.raftlog.RaftLogBase.lambda$append$11(RaftLogBase.java:337)
	at org.apache.ratis.server.raftlog.RaftLogSequentialOps$Runner.runSequentially(RaftLogSequentialOps.java:69)
	at org.apache.ratis.server.raftlog.RaftLogBase.append(RaftLogBase.java:337)
	at org.apache.ratis.server.impl.RaftServerImpl.appendEntriesAsync(RaftServerImpl.java:1567)
	at org.apache.ratis.server.impl.RaftServerImpl.appendEntriesAsync(RaftServerImpl.java:1431)
	at org.apache.ratis.server.impl.RaftServerProxy.lambda$appendEntriesAsync$26(RaftServerProxy.java:639)
	at org.apache.ratis.util.JavaUtils.callAsUnchecked(JavaUtils.java:117)
	at org.apache.ratis.server.impl.RaftServerImpl.lambda$executeSubmitServerRequestAsync$10(RaftServerImpl.java:859)
	at java.base/java.util.concurrent.CompletableFuture$AsyncSupply.run(CompletableFuture.java:1700)
	... 3 more
2023-06-29 03:35:04,056 [grpc-default-executor-11] WARN  server.GrpcLogAppender (LogUtils.java:warn(124)) - s1@group-C92E7B86EDFC->s2-AppendLogResponseHandler: Failed appendEntries
org.apache.ratis.server.raftlog.RaftLogIOException: Log already failed at index 8 for task WriteLog:8: (t:2, i:8), STATEMACHINELOGENTRY, StateMachineLogEntryProto:377@client-E9B8430491AA
	at org.apache.ratis.server.raftlog.segmented.SegmentedRaftLogWorker.run(SegmentedRaftLogWorker.java:315)
	at java.base/java.util.concurrent.Executors$RunnableAdapter.call(Executors.java:515)
	at java.base/java.util.concurrent.FutureTask.run(FutureTask.java:264)
	at java.base/java.util.concurrent.ThreadPoolExecutor.runWorker(ThreadPoolExecutor.java:1128)
	at java.base/java.util.concurrent.ThreadPoolExecutor$Worker.run(ThreadPoolExecutor.java:628)
	at java.base/java.lang.Thread.run(Thread.java:829)
Caused by: java.io.IOException: java.lang.IllegalStateException: Null stream: entry=term: 2
index: 8
stateMachineLogEntry {
  type: DATASTREAM
  clientId: "J\000\\\302\362\322H[\226\355\351\270C\004\221\252"
  callId: 377
}

	at org.apache.ratis.util.IOUtils.asIOException(IOUtils.java:56)
	at org.apache.ratis.util.IOUtils.toIOException(IOUtils.java:61)
	at org.apache.ratis.util.IOUtils.getFromFuture(IOUtils.java:85)
	at org.apache.ratis.server.raftlog.segmented.SegmentedRaftLogWorker$StateMachineDataPolicy.getFromFuture(SegmentedRaftLogWorker.java:88)
	at org.apache.ratis.server.raftlog.segmented.SegmentedRaftLogWorker$WriteLog.execute(SegmentedRaftLogWorker.java:535)
	at org.apache.ratis.server.raftlog.segmented.SegmentedRaftLogWorker.run(SegmentedRaftLogWorker.java:303)
	... 5 more
Caused by: java.lang.IllegalStateException: Null stream: entry=term: 2
index: 8
stateMachineLogEntry {
  type: DATASTREAM
  clientId: "J\000\\\302\362\322H[\226\355\351\270C\004\221\252"
  callId: 377
}

	at org.apache.ratis.datastream.DataStreamTestUtils$MultiDataStreamStateMachine.link(DataStreamTestUtils.java:159)
	at org.apache.ratis.server.raftlog.segmented.SegmentedRaftLogWorker$WriteLog.<init>(SegmentedRaftLogWorker.java:492)
	at org.apache.ratis.server.raftlog.segmented.SegmentedRaftLogWorker.writeLogEntry(SegmentedRaftLogWorker.java:438)
	at org.apache.ratis.server.raftlog.segmented.SegmentedRaftLog.appendEntryImpl(SegmentedRaftLog.java:409)
	at org.apache.ratis.server.raftlog.RaftLogBase.lambda$appendEntry$10(RaftLogBase.java:330)
	at org.apache.ratis.server.raftlog.RaftLogSequentialOps$Runner.runSequentially(RaftLogSequentialOps.java:78)
	at org.apache.ratis.server.raftlog.RaftLogBase.appendEntry(RaftLogBase.java:330)
	at org.apache.ratis.server.raftlog.segmented.SegmentedRaftLog.appendImpl(SegmentedRaftLog.java:457)
	at org.apache.ratis.server.raftlog.RaftLogBase.lambda$append$11(RaftLogBase.java:337)
	at org.apache.ratis.server.raftlog.RaftLogSequentialOps$Runner.runSequentially(RaftLogSequentialOps.java:69)
	at org.apache.ratis.server.raftlog.RaftLogBase.append(RaftLogBase.java:337)
	at org.apache.ratis.server.impl.RaftServerImpl.appendEntriesAsync(RaftServerImpl.java:1567)
	at org.apache.ratis.server.impl.RaftServerImpl.appendEntriesAsync(RaftServerImpl.java:1431)
	at org.apache.ratis.server.impl.RaftServerProxy.lambda$appendEntriesAsync$26(RaftServerProxy.java:639)
	at org.apache.ratis.util.JavaUtils.callAsUnchecked(JavaUtils.java:117)
	at org.apache.ratis.server.impl.RaftServerImpl.lambda$executeSubmitServerRequestAsync$10(RaftServerImpl.java:859)
	at java.base/java.util.concurrent.CompletableFuture$AsyncSupply.run(CompletableFuture.java:1700)
	... 3 more
2023-06-29 03:35:04,057 [grpc-default-executor-11] INFO  leader.FollowerInfo (FollowerInfoImpl.java:lambda$new$0(52)) - s1@group-C92E7B86EDFC->s2: decreaseNextIndex nextIndex: updateUnconditionally 21 -> 20
2023-06-29 03:35:04,061 [s0-server-thread1] INFO  statemachine.StateMachine (DataStreamTestUtils.java:link(157)) - link null
2023-06-29 03:35:04,061 [grpc-default-executor-11] WARN  server.GrpcServerProtocolService (LogUtils.java:warn(124)) - s0: Failed APPEND_ENTRIES request s1->s0#1013-t2,previous=(t:2, i:19),leaderCommit=7,initializing? true,entries: size=1, first=(t:2, i:20), STATEMACHINELOGENTRY, 377@client-E9B8430491AA
java.util.concurrent.CompletionException: org.apache.ratis.server.raftlog.RaftLogIOException: Log already failed at index 8 for task WriteLog:8: (t:2, i:8), STATEMACHINELOGENTRY, StateMachineLogEntryProto:377@client-E9B8430491AA
	at java.base/java.util.concurrent.CompletableFuture.encodeThrowable(CompletableFuture.java:331)
	at java.base/java.util.concurrent.CompletableFuture.andTree(CompletableFuture.java:1452)
	at java.base/java.util.concurrent.CompletableFuture.allOf(CompletableFuture.java:2337)
	at org.apache.ratis.util.JavaUtils.allOf(JavaUtils.java:278)
	at org.apache.ratis.server.impl.RaftServerImpl.appendEntriesAsync(RaftServerImpl.java:1578)
	at org.apache.ratis.server.impl.RaftServerImpl.appendEntriesAsync(RaftServerImpl.java:1431)
	at org.apache.ratis.server.impl.RaftServerProxy.lambda$appendEntriesAsync$26(RaftServerProxy.java:639)
	at org.apache.ratis.util.JavaUtils.callAsUnchecked(JavaUtils.java:117)
	at org.apache.ratis.server.impl.RaftServerImpl.lambda$executeSubmitServerRequestAsync$10(RaftServerImpl.java:859)
	at java.base/java.util.concurrent.CompletableFuture$AsyncSupply.run(CompletableFuture.java:1700)
	at java.base/java.util.concurrent.ThreadPoolExecutor.runWorker(ThreadPoolExecutor.java:1128)
	at java.base/java.util.concurrent.ThreadPoolExecutor$Worker.run(ThreadPoolExecutor.java:628)
	at java.base/java.lang.Thread.run(Thread.java:829)
Caused by: org.apache.ratis.server.raftlog.RaftLogIOException: Log already failed at index 8 for task WriteLog:8: (t:2, i:8), STATEMACHINELOGENTRY, StateMachineLogEntryProto:377@client-E9B8430491AA
	at org.apache.ratis.server.raftlog.segmented.SegmentedRaftLogWorker.run(SegmentedRaftLogWorker.java:315)
	at java.base/java.util.concurrent.Executors$RunnableAdapter.call(Executors.java:515)
	at java.base/java.util.concurrent.FutureTask.run(FutureTask.java:264)
	... 3 more
Caused by: java.io.IOException: java.lang.IllegalStateException: Null stream: entry=term: 2
index: 8
stateMachineLogEntry {
  type: DATASTREAM
  clientId: "J\000\\\302\362\322H[\226\355\351\270C\004\221\252"
  callId: 377
}

	at org.apache.ratis.util.IOUtils.asIOException(IOUtils.java:56)
	at org.apache.ratis.util.IOUtils.toIOException(IOUtils.java:61)
	at org.apache.ratis.util.IOUtils.getFromFuture(IOUtils.java:85)
	at org.apache.ratis.server.raftlog.segmented.SegmentedRaftLogWorker$StateMachineDataPolicy.getFromFuture(SegmentedRaftLogWorker.java:88)
	at org.apache.ratis.server.raftlog.segmented.SegmentedRaftLogWorker$WriteLog.execute(SegmentedRaftLogWorker.java:535)
	at org.apache.ratis.server.raftlog.segmented.SegmentedRaftLogWorker.run(SegmentedRaftLogWorker.java:303)
	... 5 more
Caused by: java.lang.IllegalStateException: Null stream: entry=term: 2
index: 8
stateMachineLogEntry {
  type: DATASTREAM
  clientId: "J\000\\\302\362\322H[\226\355\351\270C\004\221\252"
  callId: 377
}

	at org.apache.ratis.datastream.DataStreamTestUtils$MultiDataStreamStateMachine.link(DataStreamTestUtils.java:159)
	at org.apache.ratis.server.raftlog.segmented.SegmentedRaftLogWorker$WriteLog.<init>(SegmentedRaftLogWorker.java:492)
	at org.apache.ratis.server.raftlog.segmented.SegmentedRaftLogWorker.writeLogEntry(SegmentedRaftLogWorker.java:438)
	at org.apache.ratis.server.raftlog.segmented.SegmentedRaftLog.appendEntryImpl(SegmentedRaftLog.java:409)
	at org.apache.ratis.server.raftlog.RaftLogBase.lambda$appendEntry$10(RaftLogBase.java:330)
	at org.apache.ratis.server.raftlog.RaftLogSequentialOps$Runner.runSequentially(RaftLogSequentialOps.java:78)
	at org.apache.ratis.server.raftlog.RaftLogBase.appendEntry(RaftLogBase.java:330)
	at org.apache.ratis.server.raftlog.segmented.SegmentedRaftLog.appendImpl(SegmentedRaftLog.java:457)
	at org.apache.ratis.server.raftlog.RaftLogBase.lambda$append$11(RaftLogBase.java:337)
	at org.apache.ratis.server.raftlog.RaftLogSequentialOps$Runner.runSequentially(RaftLogSequentialOps.java:69)
	at org.apache.ratis.server.raftlog.RaftLogBase.append(RaftLogBase.java:337)
	at org.apache.ratis.server.impl.RaftServerImpl.appendEntriesAsync(RaftServerImpl.java:1567)
	at org.apache.ratis.server.impl.RaftServerImpl.appendEntriesAsync(RaftServerImpl.java:1431)
	at org.apache.ratis.server.impl.RaftServerProxy.lambda$appendEntriesAsync$26(RaftServerProxy.java:639)
	at org.apache.ratis.util.JavaUtils.callAsUnchecked(JavaUtils.java:117)
	at org.apache.ratis.server.impl.RaftServerImpl.lambda$executeSubmitServerRequestAsync$10(RaftServerImpl.java:859)
	at java.base/java.util.concurrent.CompletableFuture$AsyncSupply.run(CompletableFuture.java:1700)
	... 3 more
2023-06-29 03:35:04,070 [grpc-default-executor-11] WARN  server.GrpcLogAppender (LogUtils.java:warn(124)) - s1@group-C92E7B86EDFC->s0-AppendLogResponseHandler: Failed appendEntries
org.apache.ratis.server.raftlog.RaftLogIOException: Log already failed at index 8 for task WriteLog:8: (t:2, i:8), STATEMACHINELOGENTRY, StateMachineLogEntryProto:377@client-E9B8430491AA
	at org.apache.ratis.server.raftlog.segmented.SegmentedRaftLogWorker.run(SegmentedRaftLogWorker.java:315)
	at java.base/java.util.concurrent.Executors$RunnableAdapter.call(Executors.java:515)
	at java.base/java.util.concurrent.FutureTask.run(FutureTask.java:264)
	at java.base/java.util.concurrent.ThreadPoolExecutor.runWorker(ThreadPoolExecutor.java:1128)
	at java.base/java.util.concurrent.ThreadPoolExecutor$Worker.run(ThreadPoolExecutor.java:628)
	at java.base/java.lang.Thread.run(Thread.java:829)
Caused by: java.io.IOException: java.lang.IllegalStateException: Null stream: entry=term: 2
index: 8
stateMachineLogEntry {
  type: DATASTREAM
  clientId: "J\000\\\302\362\322H[\226\355\351\270C\004\221\252"
  callId: 377
}

	at org.apache.ratis.util.IOUtils.asIOException(IOUtils.java:56)
	at org.apache.ratis.util.IOUtils.toIOException(IOUtils.java:61)
	at org.apache.ratis.util.IOUtils.getFromFuture(IOUtils.java:85)
	at org.apache.ratis.server.raftlog.segmented.SegmentedRaftLogWorker$StateMachineDataPolicy.getFromFuture(SegmentedRaftLogWorker.java:88)
	at org.apache.ratis.server.raftlog.segmented.SegmentedRaftLogWorker$WriteLog.execute(SegmentedRaftLogWorker.java:535)
	at org.apache.ratis.server.raftlog.segmented.SegmentedRaftLogWorker.run(SegmentedRaftLogWorker.java:303)
	... 5 more
Caused by: java.lang.IllegalStateException: Null stream: entry=term: 2
index: 8
stateMachineLogEntry {
  type: DATASTREAM
  clientId: "J\000\\\302\362\322H[\226\355\351\270C\004\221\252"
  callId: 377
}

	at org.apache.ratis.datastream.DataStreamTestUtils$MultiDataStreamStateMachine.link(DataStreamTestUtils.java:159)
	at org.apache.ratis.server.raftlog.segmented.SegmentedRaftLogWorker$WriteLog.<init>(SegmentedRaftLogWorker.java:492)
	at org.apache.ratis.server.raftlog.segmented.SegmentedRaftLogWorker.writeLogEntry(SegmentedRaftLogWorker.java:438)
	at org.apache.ratis.server.raftlog.segmented.SegmentedRaftLog.appendEntryImpl(SegmentedRaftLog.java:409)
	at org.apache.ratis.server.raftlog.RaftLogBase.lambda$appendEntry$10(RaftLogBase.java:330)
	at org.apache.ratis.server.raftlog.RaftLogSequentialOps$Runner.runSequentially(RaftLogSequentialOps.java:78)
	at org.apache.ratis.server.raftlog.RaftLogBase.appendEntry(RaftLogBase.java:330)
	at org.apache.ratis.server.raftlog.segmented.SegmentedRaftLog.appendImpl(SegmentedRaftLog.java:457)
	at org.apache.ratis.server.raftlog.RaftLogBase.lambda$append$11(RaftLogBase.java:337)
	at org.apache.ratis.server.raftlog.RaftLogSequentialOps$Runner.runSequentially(RaftLogSequentialOps.java:69)
	at org.apache.ratis.server.raftlog.RaftLogBase.append(RaftLogBase.java:337)
	at org.apache.ratis.server.impl.RaftServerImpl.appendEntriesAsync(RaftServerImpl.java:1567)
	at org.apache.ratis.server.impl.RaftServerImpl.appendEntriesAsync(RaftServerImpl.java:1431)
	at org.apache.ratis.server.impl.RaftServerProxy.lambda$appendEntriesAsync$26(RaftServerProxy.java:639)
	at org.apache.ratis.util.JavaUtils.callAsUnchecked(JavaUtils.java:117)
	at org.apache.ratis.server.impl.RaftServerImpl.lambda$executeSubmitServerRequestAsync$10(RaftServerImpl.java:859)
	at java.base/java.util.concurrent.CompletableFuture$AsyncSupply.run(CompletableFuture.java:1700)
	... 3 more
2023-06-29 03:35:04,071 [grpc-default-executor-11] INFO  leader.FollowerInfo (FollowerInfoImpl.java:lambda$new$0(52)) - s1@group-C92E7B86EDFC->s0: decreaseNextIndex nextIndex: updateUnconditionally 21 -> 20
2023-06-29 03:35:05,103 [Timer-2] INFO  impl.MiniRaftCluster (MiniRaftCluster.java:lambda$start$6(349)) - TIMED-PRINT: printing ALL groups
  s0:  RUNNING  FOLLOWER s0@group-C92E7B86EDFC:t2, leader=s1, voted=null, raftlog=Memoized:s0@group-C92E7B86EDFC-SegmentedRaftLog:OPENED:c7, conf=6: peers:[s0|rpc:localhost:46689|admin:localhost:46779|client:localhost:37871|dataStream:localhost:46501|priority:0|startupRole:FOLLOWER, s1|rpc:localhost:37585|admin:localhost:35007|client:localhost:43533|dataStream:localhost:44315|priority:0|startupRole:FOLLOWER, s2|rpc:localhost:34717|admin:localhost:33013|client:localhost:41383|dataStream:localhost:35135|priority:0|startupRole:FOLLOWER]|listeners:[], old=null RUNNING
  s1:  RUNNING    LEADER s1@group-C92E7B86EDFC:t2, leader=s1, voted=s1, raftlog=Memoized:s1@group-C92E7B86EDFC-SegmentedRaftLog:OPENED:c7, conf=6: peers:[s0|rpc:localhost:46689|admin:localhost:46779|client:localhost:37871|dataStream:localhost:46501|priority:0|startupRole:FOLLOWER, s1|rpc:localhost:37585|admin:localhost:35007|client:localhost:43533|dataStream:localhost:44315|priority:0|startupRole:FOLLOWER, s2|rpc:localhost:34717|admin:localhost:33013|client:localhost:41383|dataStream:localhost:35135|priority:0|startupRole:FOLLOWER]|listeners:[], old=null RUNNING
  s2:  RUNNING  FOLLOWER s2@group-C92E7B86EDFC:t2, leader=s1, voted=s1, raftlog=Memoized:s2@group-C92E7B86EDFC-SegmentedRaftLog:OPENED:c7, conf=6: peers:[s0|rpc:localhost:46689|admin:localhost:46779|client:localhost:37871|dataStream:localhost:46501|priority:0|startupRole:FOLLOWER, s1|rpc:localhost:37585|admin:localhost:35007|client:localhost:43533|dataStream:localhost:44315|priority:0|startupRole:FOLLOWER, s2|rpc:localhost:34717|admin:localhost:33013|client:localhost:41383|dataStream:localhost:35135|priority:0|startupRole:FOLLOWER]|listeners:[], old=null RUNNING
2023-06-29 03:35:07,247 [timer6] WARN  grpc.GrpcUtil (GrpcUtil.java:shutdownManagedChannel(223)) - Timed out gracefully shutting down connection: ManagedChannelOrphanWrapper{delegate=ManagedChannelImpl{logId=1076, target=localhost:43533}}. 
2023-06-29 03:35:07,348 [timer1] WARN  grpc.GrpcUtil (GrpcUtil.java:shutdownManagedChannel(223)) - Timed out gracefully shutting down connection: ManagedChannelOrphanWrapper{delegate=ManagedChannelImpl{logId=1090, target=localhost:43533}}. 
2023-06-29 03:35:10,046 [timer0] WARN  grpc.GrpcUtil (GrpcUtil.java:shutdownManagedChannel(223)) - Timed out gracefully shutting down connection: ManagedChannelOrphanWrapper{delegate=ManagedChannelImpl{logId=1097, target=localhost:43533}}. 
2023-06-29 03:35:10,049 [timer5] WARN  grpc.GrpcUtil (GrpcUtil.java:shutdownManagedChannel(223)) - Timed out gracefully shutting down connection: ManagedChannelOrphanWrapper{delegate=ManagedChannelImpl{logId=1103, target=localhost:43533}}. 
2023-06-29 03:35:10,073 [timer7] WARN  grpc.GrpcUtil (GrpcUtil.java:shutdownManagedChannel(223)) - Timed out gracefully shutting down connection: ManagedChannelOrphanWrapper{delegate=ManagedChannelImpl{logId=1118, target=localhost:43533}}. 
2023-06-29 03:35:10,151 [timer2] WARN  grpc.GrpcUtil (GrpcUtil.java:shutdownManagedChannel(223)) - Timed out gracefully shutting down connection: ManagedChannelOrphanWrapper{delegate=ManagedChannelImpl{logId=1132, target=localhost:43533}}. 
2023-06-29 03:35:15,102 [Timer-2] INFO  impl.MiniRaftCluster (MiniRaftCluster.java:lambda$start$6(349)) - TIMED-PRINT: printing ALL groups
  s0:  RUNNING  FOLLOWER s0@group-C92E7B86EDFC:t2, leader=s1, voted=null, raftlog=Memoized:s0@group-C92E7B86EDFC-SegmentedRaftLog:OPENED:c7, conf=6: peers:[s0|rpc:localhost:46689|admin:localhost:46779|client:localhost:37871|dataStream:localhost:46501|priority:0|startupRole:FOLLOWER, s1|rpc:localhost:37585|admin:localhost:35007|client:localhost:43533|dataStream:localhost:44315|priority:0|startupRole:FOLLOWER, s2|rpc:localhost:34717|admin:localhost:33013|client:localhost:41383|dataStream:localhost:35135|priority:0|startupRole:FOLLOWER]|listeners:[], old=null RUNNING
  s1:  RUNNING    LEADER s1@group-C92E7B86EDFC:t2, leader=s1, voted=s1, raftlog=Memoized:s1@group-C92E7B86EDFC-SegmentedRaftLog:OPENED:c7, conf=6: peers:[s0|rpc:localhost:46689|admin:localhost:46779|client:localhost:37871|dataStream:localhost:46501|priority:0|startupRole:FOLLOWER, s1|rpc:localhost:37585|admin:localhost:35007|client:localhost:43533|dataStream:localhost:44315|priority:0|startupRole:FOLLOWER, s2|rpc:localhost:34717|admin:localhost:33013|client:localhost:41383|dataStream:localhost:35135|priority:0|startupRole:FOLLOWER]|listeners:[], old=null RUNNING
  s2:  RUNNING  FOLLOWER s2@group-C92E7B86EDFC:t2, leader=s1, voted=s1, raftlog=Memoized:s2@group-C92E7B86EDFC-SegmentedRaftLog:OPENED:c7, conf=6: peers:[s0|rpc:localhost:46689|admin:localhost:46779|client:localhost:37871|dataStream:localhost:46501|priority:0|startupRole:FOLLOWER, s1|rpc:localhost:37585|admin:localhost:35007|client:localhost:43533|dataStream:localhost:44315|priority:0|startupRole:FOLLOWER, s2|rpc:localhost:34717|admin:localhost:33013|client:localhost:41383|dataStream:localhost:35135|priority:0|startupRole:FOLLOWER]|listeners:[], old=null RUNNING
2023-06-29 03:35:16,050 [timer4] WARN  grpc.GrpcUtil (GrpcUtil.java:shutdownManagedChannel(223)) - Timed out gracefully shutting down connection: ManagedChannelOrphanWrapper{delegate=ManagedChannelImpl{logId=1146, target=localhost:43533}}. 
2023-06-29 03:35:16,154 [timer7] WARN  grpc.GrpcUtil (GrpcUtil.java:shutdownManagedChannel(223)) - Timed out gracefully shutting down connection: ManagedChannelOrphanWrapper{delegate=ManagedChannelImpl{logId=1173, target=localhost:43533}}. 
2023-06-29 03:35:16,163 [timer0] WARN  grpc.GrpcUtil (GrpcUtil.java:shutdownManagedChannel(223)) - Timed out gracefully shutting down connection: ManagedChannelOrphanWrapper{delegate=ManagedChannelImpl{logId=1188, target=localhost:43533}}. 
2023-06-29 03:35:16,181 [timer1] WARN  grpc.GrpcUtil (GrpcUtil.java:shutdownManagedChannel(223)) - Timed out gracefully shutting down connection: ManagedChannelOrphanWrapper{delegate=ManagedChannelImpl{logId=1202, target=localhost:43533}}. 
2023-06-29 03:35:16,259 [timer2] WARN  grpc.GrpcUtil (GrpcUtil.java:shutdownManagedChannel(223)) - Timed out gracefully shutting down connection: ManagedChannelOrphanWrapper{delegate=ManagedChannelImpl{logId=1216, target=localhost:43533}}. 
2023-06-29 03:35:19,156 [timer7] WARN  grpc.GrpcUtil (GrpcUtil.java:shutdownManagedChannel(223)) - Timed out gracefully shutting down connection: ManagedChannelOrphanWrapper{delegate=ManagedChannelImpl{logId=1181, target=localhost:43533}}. 
2023-06-29 03:35:22,273 [timer1] WARN  grpc.GrpcUtil (GrpcUtil.java:shutdownManagedChannel(223)) - Timed out gracefully shutting down connection: ManagedChannelOrphanWrapper{delegate=ManagedChannelImpl{logId=1237, target=localhost:43533}}. 
2023-06-29 03:35:22,292 [timer4] WARN  grpc.GrpcUtil (GrpcUtil.java:shutdownManagedChannel(223)) - Timed out gracefully shutting down connection: ManagedChannelOrphanWrapper{delegate=ManagedChannelImpl{logId=1251, target=localhost:43533}}. 
2023-06-29 03:35:25,102 [Timer-2] INFO  impl.MiniRaftCluster (MiniRaftCluster.java:lambda$start$6(349)) - TIMED-PRINT: printing ALL groups
  s0:  RUNNING  FOLLOWER s0@group-C92E7B86EDFC:t2, leader=s1, voted=null, raftlog=Memoized:s0@group-C92E7B86EDFC-SegmentedRaftLog:OPENED:c7, conf=6: peers:[s0|rpc:localhost:46689|admin:localhost:46779|client:localhost:37871|dataStream:localhost:46501|priority:0|startupRole:FOLLOWER, s1|rpc:localhost:37585|admin:localhost:35007|client:localhost:43533|dataStream:localhost:44315|priority:0|startupRole:FOLLOWER, s2|rpc:localhost:34717|admin:localhost:33013|client:localhost:41383|dataStream:localhost:35135|priority:0|startupRole:FOLLOWER]|listeners:[], old=null RUNNING
  s1:  RUNNING    LEADER s1@group-C92E7B86EDFC:t2, leader=s1, voted=s1, raftlog=Memoized:s1@group-C92E7B86EDFC-SegmentedRaftLog:OPENED:c7, conf=6: peers:[s0|rpc:localhost:46689|admin:localhost:46779|client:localhost:37871|dataStream:localhost:46501|priority:0|startupRole:FOLLOWER, s1|rpc:localhost:37585|admin:localhost:35007|client:localhost:43533|dataStream:localhost:44315|priority:0|startupRole:FOLLOWER, s2|rpc:localhost:34717|admin:localhost:33013|client:localhost:41383|dataStream:localhost:35135|priority:0|startupRole:FOLLOWER]|listeners:[], old=null RUNNING
  s2:  RUNNING  FOLLOWER s2@group-C92E7B86EDFC:t2, leader=s1, voted=s1, raftlog=Memoized:s2@group-C92E7B86EDFC-SegmentedRaftLog:OPENED:c7, conf=6: peers:[s0|rpc:localhost:46689|admin:localhost:46779|client:localhost:37871|dataStream:localhost:46501|priority:0|startupRole:FOLLOWER, s1|rpc:localhost:37585|admin:localhost:35007|client:localhost:43533|dataStream:localhost:44315|priority:0|startupRole:FOLLOWER, s2|rpc:localhost:34717|admin:localhost:33013|client:localhost:41383|dataStream:localhost:35135|priority:0|startupRole:FOLLOWER]|listeners:[], old=null RUNNING
2023-06-29 03:35:25,159 [timer2] WARN  grpc.GrpcUtil (GrpcUtil.java:shutdownManagedChannel(223)) - Timed out gracefully shutting down connection: ManagedChannelOrphanWrapper{delegate=ManagedChannelImpl{logId=1262, target=localhost:43533}}. 
2023-06-29 03:35:25,168 [timer3] WARN  grpc.GrpcUtil (GrpcUtil.java:shutdownManagedChannel(223)) - Timed out gracefully shutting down connection: ManagedChannelOrphanWrapper{delegate=ManagedChannelImpl{logId=1279, target=localhost:43533}}. 
2023-06-29 03:35:25,264 [timer5] WARN  grpc.GrpcUtil (GrpcUtil.java:shutdownManagedChannel(223)) - Timed out gracefully shutting down connection: ManagedChannelOrphanWrapper{delegate=ManagedChannelImpl{logId=1300, target=localhost:43533}}. 
2023-06-29 03:35:28,169 [timer3] WARN  grpc.GrpcUtil (GrpcUtil.java:shutdownManagedChannel(223)) - Timed out gracefully shutting down connection: ManagedChannelOrphanWrapper{delegate=ManagedChannelImpl{logId=1280, target=localhost:43533}}. 
2023-06-29 03:35:28,386 [timer4] WARN  grpc.GrpcUtil (GrpcUtil.java:shutdownManagedChannel(223)) - Timed out gracefully shutting down connection: ManagedChannelOrphanWrapper{delegate=ManagedChannelImpl{logId=1314, target=localhost:43533}}. 
2023-06-29 03:35:28,399 [timer5] WARN  grpc.GrpcUtil (GrpcUtil.java:shutdownManagedChannel(223)) - Timed out gracefully shutting down connection: ManagedChannelOrphanWrapper{delegate=ManagedChannelImpl{logId=1328, target=localhost:43533}}. 
2023-06-29 03:35:31,269 [timer6] WARN  grpc.GrpcUtil (GrpcUtil.java:shutdownManagedChannel(223)) - Timed out gracefully shutting down connection: ManagedChannelOrphanWrapper{delegate=ManagedChannelImpl{logId=1342, target=localhost:43533}}. 
2023-06-29 03:35:31,277 [timer7] WARN  grpc.GrpcUtil (GrpcUtil.java:shutdownManagedChannel(223)) - Timed out gracefully shutting down connection: ManagedChannelOrphanWrapper{delegate=ManagedChannelImpl{logId=1356, target=localhost:43533}}. 
2023-06-29 03:35:31,372 [timer2] WARN  grpc.GrpcUtil (GrpcUtil.java:shutdownManagedChannel(223)) - Timed out gracefully shutting down connection: ManagedChannelOrphanWrapper{delegate=ManagedChannelImpl{logId=1370, target=localhost:43533}}. 
2023-06-29 03:35:34,373 [timer2] WARN  grpc.GrpcUtil (GrpcUtil.java:shutdownManagedChannel(223)) - Timed out gracefully shutting down connection: ManagedChannelOrphanWrapper{delegate=ManagedChannelImpl{logId=1384, target=localhost:43533}}. 
2023-06-29 03:35:35,103 [Timer-2] INFO  impl.MiniRaftCluster (MiniRaftCluster.java:lambda$start$6(349)) - TIMED-PRINT: printing ALL groups
  s0:  RUNNING  FOLLOWER s0@group-C92E7B86EDFC:t2, leader=s1, voted=null, raftlog=Memoized:s0@group-C92E7B86EDFC-SegmentedRaftLog:OPENED:c7, conf=6: peers:[s0|rpc:localhost:46689|admin:localhost:46779|client:localhost:37871|dataStream:localhost:46501|priority:0|startupRole:FOLLOWER, s1|rpc:localhost:37585|admin:localhost:35007|client:localhost:43533|dataStream:localhost:44315|priority:0|startupRole:FOLLOWER, s2|rpc:localhost:34717|admin:localhost:33013|client:localhost:41383|dataStream:localhost:35135|priority:0|startupRole:FOLLOWER]|listeners:[], old=null RUNNING
  s1:  RUNNING    LEADER s1@group-C92E7B86EDFC:t2, leader=s1, voted=s1, raftlog=Memoized:s1@group-C92E7B86EDFC-SegmentedRaftLog:OPENED:c7, conf=6: peers:[s0|rpc:localhost:46689|admin:localhost:46779|client:localhost:37871|dataStream:localhost:46501|priority:0|startupRole:FOLLOWER, s1|rpc:localhost:37585|admin:localhost:35007|client:localhost:43533|dataStream:localhost:44315|priority:0|startupRole:FOLLOWER, s2|rpc:localhost:34717|admin:localhost:33013|client:localhost:41383|dataStream:localhost:35135|priority:0|startupRole:FOLLOWER]|listeners:[], old=null RUNNING
  s2:  RUNNING  FOLLOWER s2@group-C92E7B86EDFC:t2, leader=s1, voted=s1, raftlog=Memoized:s2@group-C92E7B86EDFC-SegmentedRaftLog:OPENED:c7, conf=6: peers:[s0|rpc:localhost:46689|admin:localhost:46779|client:localhost:37871|dataStream:localhost:46501|priority:0|startupRole:FOLLOWER, s1|rpc:localhost:37585|admin:localhost:35007|client:localhost:43533|dataStream:localhost:44315|priority:0|startupRole:FOLLOWER, s2|rpc:localhost:34717|admin:localhost:33013|client:localhost:41383|dataStream:localhost:35135|priority:0|startupRole:FOLLOWER]|listeners:[], old=null RUNNING
2023-06-29 03:35:37,272 [timer6] WARN  grpc.GrpcUtil (GrpcUtil.java:shutdownManagedChannel(223)) - Timed out gracefully shutting down connection: ManagedChannelOrphanWrapper{delegate=ManagedChannelImpl{logId=1398, target=localhost:43533}}. 
2023-06-29 03:35:37,277 [timer7] WARN  grpc.GrpcUtil (GrpcUtil.java:shutdownManagedChannel(223)) - Timed out gracefully shutting down connection: ManagedChannelOrphanWrapper{delegate=ManagedChannelImpl{logId=1412, target=localhost:43533}}. 
2023-06-29 03:35:37,383 [timer5] WARN  grpc.GrpcUtil (GrpcUtil.java:shutdownManagedChannel(223)) - Timed out gracefully shutting down connection: ManagedChannelOrphanWrapper{delegate=ManagedChannelImpl{logId=1433, target=localhost:43533}}. 
2023-06-29 03:35:40,275 [timer6] WARN  grpc.GrpcUtil (GrpcUtil.java:shutdownManagedChannel(223)) - Timed out gracefully shutting down connection: ManagedChannelOrphanWrapper{delegate=ManagedChannelImpl{logId=1440, target=localhost:43533}}. 
2023-06-29 03:35:40,279 [timer7] WARN  grpc.GrpcUtil (GrpcUtil.java:shutdownManagedChannel(223)) - Timed out gracefully shutting down connection: ManagedChannelOrphanWrapper{delegate=ManagedChannelImpl{logId=1454, target=localhost:43533}}. 
2023-06-29 03:35:43,390 [timer6] WARN  grpc.GrpcUtil (GrpcUtil.java:shutdownManagedChannel(223)) - Timed out gracefully shutting down connection: ManagedChannelOrphanWrapper{delegate=ManagedChannelImpl{logId=1468, target=localhost:43533}}. 
2023-06-29 03:35:45,103 [Timer-2] INFO  impl.MiniRaftCluster (MiniRaftCluster.java:lambda$start$6(349)) - TIMED-PRINT: printing ALL groups
  s0:  RUNNING  FOLLOWER s0@group-C92E7B86EDFC:t2, leader=s1, voted=null, raftlog=Memoized:s0@group-C92E7B86EDFC-SegmentedRaftLog:OPENED:c7, conf=6: peers:[s0|rpc:localhost:46689|admin:localhost:46779|client:localhost:37871|dataStream:localhost:46501|priority:0|startupRole:FOLLOWER, s1|rpc:localhost:37585|admin:localhost:35007|client:localhost:43533|dataStream:localhost:44315|priority:0|startupRole:FOLLOWER, s2|rpc:localhost:34717|admin:localhost:33013|client:localhost:41383|dataStream:localhost:35135|priority:0|startupRole:FOLLOWER]|listeners:[], old=null RUNNING
  s1:  RUNNING    LEADER s1@group-C92E7B86EDFC:t2, leader=s1, voted=s1, raftlog=Memoized:s1@group-C92E7B86EDFC-SegmentedRaftLog:OPENED:c7, conf=6: peers:[s0|rpc:localhost:46689|admin:localhost:46779|client:localhost:37871|dataStream:localhost:46501|priority:0|startupRole:FOLLOWER, s1|rpc:localhost:37585|admin:localhost:35007|client:localhost:43533|dataStream:localhost:44315|priority:0|startupRole:FOLLOWER, s2|rpc:localhost:34717|admin:localhost:33013|client:localhost:41383|dataStream:localhost:35135|priority:0|startupRole:FOLLOWER]|listeners:[], old=null RUNNING
  s2:  RUNNING  FOLLOWER s2@group-C92E7B86EDFC:t2, leader=s1, voted=s1, raftlog=Memoized:s2@group-C92E7B86EDFC-SegmentedRaftLog:OPENED:c7, conf=6: peers:[s0|rpc:localhost:46689|admin:localhost:46779|client:localhost:37871|dataStream:localhost:46501|priority:0|startupRole:FOLLOWER, s1|rpc:localhost:37585|admin:localhost:35007|client:localhost:43533|dataStream:localhost:44315|priority:0|startupRole:FOLLOWER, s2|rpc:localhost:34717|admin:localhost:33013|client:localhost:41383|dataStream:localhost:35135|priority:0|startupRole:FOLLOWER]|listeners:[], old=null RUNNING
2023-06-29 03:35:46,289 [timer3] WARN  grpc.GrpcUtil (GrpcUtil.java:shutdownManagedChannel(223)) - Timed out gracefully shutting down connection: ManagedChannelOrphanWrapper{delegate=ManagedChannelImpl{logId=1495, target=localhost:43533}}. 
2023-06-29 03:35:46,295 [timer4] WARN  grpc.GrpcUtil (GrpcUtil.java:shutdownManagedChannel(223)) - Timed out gracefully shutting down connection: ManagedChannelOrphanWrapper{delegate=ManagedChannelImpl{logId=1503, target=localhost:43533}}. 
2023-06-29 03:35:46,299 [timer5] WARN  grpc.GrpcUtil (GrpcUtil.java:shutdownManagedChannel(223)) - Timed out gracefully shutting down connection: ManagedChannelOrphanWrapper{delegate=ManagedChannelImpl{logId=1510, target=localhost:43533}}. 
2023-06-29 03:35:46,388 [timer7] WARN  grpc.GrpcUtil (GrpcUtil.java:shutdownManagedChannel(223)) - Timed out gracefully shutting down connection: ManagedChannelOrphanWrapper{delegate=ManagedChannelImpl{logId=1525, target=localhost:43533}}. 
2023-06-29 03:35:49,392 [timer0] WARN  grpc.GrpcUtil (GrpcUtil.java:shutdownManagedChannel(223)) - Timed out gracefully shutting down connection: ManagedChannelOrphanWrapper{delegate=ManagedChannelImpl{logId=1538, target=localhost:43533}}. 
2023-06-29 03:35:52,298 [timer3] WARN  grpc.GrpcUtil (GrpcUtil.java:shutdownManagedChannel(223)) - Timed out gracefully shutting down connection: ManagedChannelOrphanWrapper{delegate=ManagedChannelImpl{logId=1552, target=localhost:43533}}. 
2023-06-29 03:35:52,396 [timer5] WARN  grpc.GrpcUtil (GrpcUtil.java:shutdownManagedChannel(223)) - Timed out gracefully shutting down connection: ManagedChannelOrphanWrapper{delegate=ManagedChannelImpl{logId=1566, target=localhost:43533}}. 
2023-06-29 03:35:52,403 [timer6] WARN  grpc.GrpcUtil (GrpcUtil.java:shutdownManagedChannel(223)) - Timed out gracefully shutting down connection: ManagedChannelOrphanWrapper{delegate=ManagedChannelImpl{logId=1587, target=localhost:43533}}. 
2023-06-29 03:35:52,405 [timer7] WARN  grpc.GrpcUtil (GrpcUtil.java:shutdownManagedChannel(223)) - Timed out gracefully shutting down connection: ManagedChannelOrphanWrapper{delegate=ManagedChannelImpl{logId=1594, target=localhost:43533}}. 
2023-06-29 03:35:52,511 [s1-client-thread2] INFO  statemachine.StateMachine (DataStreamTestUtils.java:link(157)) - link null
2023-06-29 03:35:52,512 [s0-server-thread1] INFO  statemachine.StateMachine (DataStreamTestUtils.java:link(157)) - link null
2023-06-29 03:35:52,513 [s2-server-thread3] INFO  statemachine.StateMachine (DataStreamTestUtils.java:link(157)) - link null
2023-06-29 03:35:52,513 [s0-server-thread6] WARN  server.GrpcServerProtocolService (LogUtils.java:warn(124)) - s0: Failed APPEND_ENTRIES request s1->s0#1651-t2,previous=(t:2, i:20),leaderCommit=7,initializing? true,entries: size=1, first=(t:2, i:21), STATEMACHINELOGENTRY, 379@client-A884A9B095A7
java.util.concurrent.CompletionException: org.apache.ratis.server.raftlog.RaftLogIOException: Log already failed at index 8 for task WriteLog:8: (t:2, i:8), STATEMACHINELOGENTRY, StateMachineLogEntryProto:377@client-E9B8430491AA
	at java.base/java.util.concurrent.CompletableFuture.encodeThrowable(CompletableFuture.java:331)
	at java.base/java.util.concurrent.CompletableFuture.andTree(CompletableFuture.java:1452)
	at java.base/java.util.concurrent.CompletableFuture.allOf(CompletableFuture.java:2337)
	at org.apache.ratis.util.JavaUtils.allOf(JavaUtils.java:278)
	at org.apache.ratis.server.impl.RaftServerImpl.appendEntriesAsync(RaftServerImpl.java:1578)
	at org.apache.ratis.server.impl.RaftServerImpl.appendEntriesAsync(RaftServerImpl.java:1431)
	at org.apache.ratis.server.impl.RaftServerProxy.lambda$appendEntriesAsync$26(RaftServerProxy.java:639)
	at org.apache.ratis.util.JavaUtils.callAsUnchecked(JavaUtils.java:117)
	at org.apache.ratis.server.impl.RaftServerImpl.lambda$executeSubmitServerRequestAsync$10(RaftServerImpl.java:859)
	at java.base/java.util.concurrent.CompletableFuture$AsyncSupply.run(CompletableFuture.java:1700)
	at java.base/java.util.concurrent.ThreadPoolExecutor.runWorker(ThreadPoolExecutor.java:1128)
	at java.base/java.util.concurrent.ThreadPoolExecutor$Worker.run(ThreadPoolExecutor.java:628)
	at java.base/java.lang.Thread.run(Thread.java:829)
Caused by: org.apache.ratis.server.raftlog.RaftLogIOException: Log already failed at index 8 for task WriteLog:8: (t:2, i:8), STATEMACHINELOGENTRY, StateMachineLogEntryProto:377@client-E9B8430491AA
	at org.apache.ratis.server.raftlog.segmented.SegmentedRaftLogWorker.run(SegmentedRaftLogWorker.java:315)
	at java.base/java.util.concurrent.Executors$RunnableAdapter.call(Executors.java:515)
	at java.base/java.util.concurrent.FutureTask.run(FutureTask.java:264)
	... 3 more
Caused by: java.io.IOException: java.lang.IllegalStateException: Null stream: entry=term: 2
index: 8
stateMachineLogEntry {
  type: DATASTREAM
  clientId: "J\000\\\302\362\322H[\226\355\351\270C\004\221\252"
  callId: 377
}

	at org.apache.ratis.util.IOUtils.asIOException(IOUtils.java:56)
	at org.apache.ratis.util.IOUtils.toIOException(IOUtils.java:61)
	at org.apache.ratis.util.IOUtils.getFromFuture(IOUtils.java:85)
	at org.apache.ratis.server.raftlog.segmented.SegmentedRaftLogWorker$StateMachineDataPolicy.getFromFuture(SegmentedRaftLogWorker.java:88)
	at org.apache.ratis.server.raftlog.segmented.SegmentedRaftLogWorker$WriteLog.execute(SegmentedRaftLogWorker.java:535)
	at org.apache.ratis.server.raftlog.segmented.SegmentedRaftLogWorker.run(SegmentedRaftLogWorker.java:303)
	... 5 more
Caused by: java.lang.IllegalStateException: Null stream: entry=term: 2
index: 8
stateMachineLogEntry {
  type: DATASTREAM
  clientId: "J\000\\\302\362\322H[\226\355\351\270C\004\221\252"
  callId: 377
}

	at org.apache.ratis.datastream.DataStreamTestUtils$MultiDataStreamStateMachine.link(DataStreamTestUtils.java:159)
	at org.apache.ratis.server.raftlog.segmented.SegmentedRaftLogWorker$WriteLog.<init>(SegmentedRaftLogWorker.java:492)
	at org.apache.ratis.server.raftlog.segmented.SegmentedRaftLogWorker.writeLogEntry(SegmentedRaftLogWorker.java:438)
	at org.apache.ratis.server.raftlog.segmented.SegmentedRaftLog.appendEntryImpl(SegmentedRaftLog.java:409)
	at org.apache.ratis.server.raftlog.RaftLogBase.lambda$appendEntry$10(RaftLogBase.java:330)
	at org.apache.ratis.server.raftlog.RaftLogSequentialOps$Runner.runSequentially(RaftLogSequentialOps.java:78)
	at org.apache.ratis.server.raftlog.RaftLogBase.appendEntry(RaftLogBase.java:330)
	at org.apache.ratis.server.raftlog.segmented.SegmentedRaftLog.appendImpl(SegmentedRaftLog.java:457)
	at org.apache.ratis.server.raftlog.RaftLogBase.lambda$append$11(RaftLogBase.java:337)
	at org.apache.ratis.server.raftlog.RaftLogSequentialOps$Runner.runSequentially(RaftLogSequentialOps.java:69)
	at org.apache.ratis.server.raftlog.RaftLogBase.append(RaftLogBase.java:337)
	at org.apache.ratis.server.impl.RaftServerImpl.appendEntriesAsync(RaftServerImpl.java:1567)
	at org.apache.ratis.server.impl.RaftServerImpl.appendEntriesAsync(RaftServerImpl.java:1431)
	at org.apache.ratis.server.impl.RaftServerProxy.lambda$appendEntriesAsync$26(RaftServerProxy.java:639)
	at org.apache.ratis.util.JavaUtils.callAsUnchecked(JavaUtils.java:117)
	at org.apache.ratis.server.impl.RaftServerImpl.lambda$executeSubmitServerRequestAsync$10(RaftServerImpl.java:859)
	at java.base/java.util.concurrent.CompletableFuture$AsyncSupply.run(CompletableFuture.java:1700)
	... 3 more
2023-06-29 03:35:52,520 [s2-server-thread3] WARN  server.GrpcServerProtocolService (LogUtils.java:warn(124)) - s2: Failed APPEND_ENTRIES request s1->s2#1650-t2,previous=(t:2, i:20),leaderCommit=7,initializing? true,entries: size=1, first=(t:2, i:21), STATEMACHINELOGENTRY, 379@client-A884A9B095A7
java.util.concurrent.CompletionException: org.apache.ratis.server.raftlog.RaftLogIOException: Log already failed at index 8 for task WriteLog:8: (t:2, i:8), STATEMACHINELOGENTRY, StateMachineLogEntryProto:377@client-E9B8430491AA
	at java.base/java.util.concurrent.CompletableFuture.encodeThrowable(CompletableFuture.java:331)
	at java.base/java.util.concurrent.CompletableFuture.completeThrowable(CompletableFuture.java:346)
	at java.base/java.util.concurrent.CompletableFuture$BiRelay.tryFire(CompletableFuture.java:1423)
	at java.base/java.util.concurrent.CompletableFuture$CoCompletion.tryFire(CompletableFuture.java:1144)
	at java.base/java.util.concurrent.CompletableFuture.postComplete(CompletableFuture.java:506)
	at java.base/java.util.concurrent.CompletableFuture.completeExceptionally(CompletableFuture.java:2088)
	at org.apache.ratis.server.raftlog.segmented.SegmentedRaftLog$Task.failed(SegmentedRaftLog.java:105)
	at org.apache.ratis.server.raftlog.segmented.SegmentedRaftLogWorker$WriteLog.failed(SegmentedRaftLogWorker.java:514)
	at org.apache.ratis.server.raftlog.segmented.SegmentedRaftLogWorker.run(SegmentedRaftLogWorker.java:312)
	at java.base/java.util.concurrent.Executors$RunnableAdapter.call(Executors.java:515)
	at java.base/java.util.concurrent.FutureTask.run(FutureTask.java:264)
	at java.base/java.util.concurrent.ThreadPoolExecutor.runWorker(ThreadPoolExecutor.java:1128)
	at java.base/java.util.concurrent.ThreadPoolExecutor$Worker.run(ThreadPoolExecutor.java:628)
	at java.base/java.lang.Thread.run(Thread.java:829)
Caused by: org.apache.ratis.server.raftlog.RaftLogIOException: Log already failed at index 8 for task WriteLog:8: (t:2, i:8), STATEMACHINELOGENTRY, StateMachineLogEntryProto:377@client-E9B8430491AA
	at org.apache.ratis.server.raftlog.segmented.SegmentedRaftLogWorker.run(SegmentedRaftLogWorker.java:315)
	... 5 more
Caused by: java.io.IOException: java.lang.IllegalStateException: Null stream: entry=term: 2
index: 8
stateMachineLogEntry {
  type: DATASTREAM
  clientId: "J\000\\\302\362\322H[\226\355\351\270C\004\221\252"
  callId: 377
}

	at org.apache.ratis.util.IOUtils.asIOException(IOUtils.java:56)
	at org.apache.ratis.util.IOUtils.toIOException(IOUtils.java:61)
	at org.apache.ratis.util.IOUtils.getFromFuture(IOUtils.java:85)
	at org.apache.ratis.server.raftlog.segmented.SegmentedRaftLogWorker$StateMachineDataPolicy.getFromFuture(SegmentedRaftLogWorker.java:88)
	at org.apache.ratis.server.raftlog.segmented.SegmentedRaftLogWorker$WriteLog.execute(SegmentedRaftLogWorker.java:535)
	at org.apache.ratis.server.raftlog.segmented.SegmentedRaftLogWorker.run(SegmentedRaftLogWorker.java:303)
	... 5 more
Caused by: java.lang.IllegalStateException: Null stream: entry=term: 2
index: 8
stateMachineLogEntry {
  type: DATASTREAM
  clientId: "J\000\\\302\362\322H[\226\355\351\270C\004\221\252"
  callId: 377
}

	at org.apache.ratis.datastream.DataStreamTestUtils$MultiDataStreamStateMachine.link(DataStreamTestUtils.java:159)
	at org.apache.ratis.server.raftlog.segmented.SegmentedRaftLogWorker$WriteLog.<init>(SegmentedRaftLogWorker.java:492)
	at org.apache.ratis.server.raftlog.segmented.SegmentedRaftLogWorker.writeLogEntry(SegmentedRaftLogWorker.java:438)
	at org.apache.ratis.server.raftlog.segmented.SegmentedRaftLog.appendEntryImpl(SegmentedRaftLog.java:409)
	at org.apache.ratis.server.raftlog.RaftLogBase.lambda$appendEntry$10(RaftLogBase.java:330)
	at org.apache.ratis.server.raftlog.RaftLogSequentialOps$Runner.runSequentially(RaftLogSequentialOps.java:78)
	at org.apache.ratis.server.raftlog.RaftLogBase.appendEntry(RaftLogBase.java:330)
	at org.apache.ratis.server.raftlog.segmented.SegmentedRaftLog.appendImpl(SegmentedRaftLog.java:457)
	at org.apache.ratis.server.raftlog.RaftLogBase.lambda$append$11(RaftLogBase.java:337)
	at org.apache.ratis.server.raftlog.RaftLogSequentialOps$Runner.runSequentially(RaftLogSequentialOps.java:69)
	at org.apache.ratis.server.raftlog.RaftLogBase.append(RaftLogBase.java:337)
	at org.apache.ratis.server.impl.RaftServerImpl.appendEntriesAsync(RaftServerImpl.java:1567)
	at org.apache.ratis.server.impl.RaftServerImpl.appendEntriesAsync(RaftServerImpl.java:1431)
	at org.apache.ratis.server.impl.RaftServerProxy.lambda$appendEntriesAsync$26(RaftServerProxy.java:639)
	at org.apache.ratis.util.JavaUtils.callAsUnchecked(JavaUtils.java:117)
	at org.apache.ratis.server.impl.RaftServerImpl.lambda$executeSubmitServerRequestAsync$10(RaftServerImpl.java:859)
	at java.base/java.util.concurrent.CompletableFuture$AsyncSupply.run(CompletableFuture.java:1700)
	... 3 more
2023-06-29 03:35:52,524 [grpc-default-executor-8] WARN  server.GrpcLogAppender (LogUtils.java:warn(124)) - s1@group-C92E7B86EDFC->s0-AppendLogResponseHandler: Failed appendEntries
org.apache.ratis.server.raftlog.RaftLogIOException: Log already failed at index 8 for task WriteLog:8: (t:2, i:8), STATEMACHINELOGENTRY, StateMachineLogEntryProto:377@client-E9B8430491AA
	at org.apache.ratis.server.raftlog.segmented.SegmentedRaftLogWorker.run(SegmentedRaftLogWorker.java:315)
	at java.base/java.util.concurrent.Executors$RunnableAdapter.call(Executors.java:515)
	at java.base/java.util.concurrent.FutureTask.run(FutureTask.java:264)
	at java.base/java.util.concurrent.ThreadPoolExecutor.runWorker(ThreadPoolExecutor.java:1128)
	at java.base/java.util.concurrent.ThreadPoolExecutor$Worker.run(ThreadPoolExecutor.java:628)
	at java.base/java.lang.Thread.run(Thread.java:829)
Caused by: java.io.IOException: java.lang.IllegalStateException: Null stream: entry=term: 2
index: 8
stateMachineLogEntry {
  type: DATASTREAM
  clientId: "J\000\\\302\362\322H[\226\355\351\270C\004\221\252"
  callId: 377
}

	at org.apache.ratis.util.IOUtils.asIOException(IOUtils.java:56)
	at org.apache.ratis.util.IOUtils.toIOException(IOUtils.java:61)
	at org.apache.ratis.util.IOUtils.getFromFuture(IOUtils.java:85)
	at org.apache.ratis.server.raftlog.segmented.SegmentedRaftLogWorker$StateMachineDataPolicy.getFromFuture(SegmentedRaftLogWorker.java:88)
	at org.apache.ratis.server.raftlog.segmented.SegmentedRaftLogWorker$WriteLog.execute(SegmentedRaftLogWorker.java:535)
	at org.apache.ratis.server.raftlog.segmented.SegmentedRaftLogWorker.run(SegmentedRaftLogWorker.java:303)
	... 5 more
Caused by: java.lang.IllegalStateException: Null stream: entry=term: 2
index: 8
stateMachineLogEntry {
  type: DATASTREAM
  clientId: "J\000\\\302\362\322H[\226\355\351\270C\004\221\252"
  callId: 377
}

	at org.apache.ratis.datastream.DataStreamTestUtils$MultiDataStreamStateMachine.link(DataStreamTestUtils.java:159)
	at org.apache.ratis.server.raftlog.segmented.SegmentedRaftLogWorker$WriteLog.<init>(SegmentedRaftLogWorker.java:492)
	at org.apache.ratis.server.raftlog.segmented.SegmentedRaftLogWorker.writeLogEntry(SegmentedRaftLogWorker.java:438)
	at org.apache.ratis.server.raftlog.segmented.SegmentedRaftLog.appendEntryImpl(SegmentedRaftLog.java:409)
	at org.apache.ratis.server.raftlog.RaftLogBase.lambda$appendEntry$10(RaftLogBase.java:330)
	at org.apache.ratis.server.raftlog.RaftLogSequentialOps$Runner.runSequentially(RaftLogSequentialOps.java:78)
	at org.apache.ratis.server.raftlog.RaftLogBase.appendEntry(RaftLogBase.java:330)
	at org.apache.ratis.server.raftlog.segmented.SegmentedRaftLog.appendImpl(SegmentedRaftLog.java:457)
	at org.apache.ratis.server.raftlog.RaftLogBase.lambda$append$11(RaftLogBase.java:337)
	at org.apache.ratis.server.raftlog.RaftLogSequentialOps$Runner.runSequentially(RaftLogSequentialOps.java:69)
	at org.apache.ratis.server.raftlog.RaftLogBase.append(RaftLogBase.java:337)
	at org.apache.ratis.server.impl.RaftServerImpl.appendEntriesAsync(RaftServerImpl.java:1567)
	at org.apache.ratis.server.impl.RaftServerImpl.appendEntriesAsync(RaftServerImpl.java:1431)
	at org.apache.ratis.server.impl.RaftServerProxy.lambda$appendEntriesAsync$26(RaftServerProxy.java:639)
	at org.apache.ratis.util.JavaUtils.callAsUnchecked(JavaUtils.java:117)
	at org.apache.ratis.server.impl.RaftServerImpl.lambda$executeSubmitServerRequestAsync$10(RaftServerImpl.java:859)
	at java.base/java.util.concurrent.CompletableFuture$AsyncSupply.run(CompletableFuture.java:1700)
	... 3 more
2023-06-29 03:35:52,524 [grpc-default-executor-8] INFO  leader.FollowerInfo (FollowerInfoImpl.java:lambda$new$0(52)) - s1@group-C92E7B86EDFC->s0: decreaseNextIndex nextIndex: updateUnconditionally 22 -> 21
2023-06-29 03:35:52,531 [grpc-default-executor-8] WARN  server.GrpcLogAppender (LogUtils.java:warn(124)) - s1@group-C92E7B86EDFC->s2-AppendLogResponseHandler: Failed appendEntries
org.apache.ratis.server.raftlog.RaftLogIOException: Log already failed at index 8 for task WriteLog:8: (t:2, i:8), STATEMACHINELOGENTRY, StateMachineLogEntryProto:377@client-E9B8430491AA
	at org.apache.ratis.server.raftlog.segmented.SegmentedRaftLogWorker.run(SegmentedRaftLogWorker.java:315)
	at java.base/java.util.concurrent.Executors$RunnableAdapter.call(Executors.java:515)
	at java.base/java.util.concurrent.FutureTask.run(FutureTask.java:264)
	at java.base/java.util.concurrent.ThreadPoolExecutor.runWorker(ThreadPoolExecutor.java:1128)
	at java.base/java.util.concurrent.ThreadPoolExecutor$Worker.run(ThreadPoolExecutor.java:628)
	at java.base/java.lang.Thread.run(Thread.java:829)
Caused by: java.io.IOException: java.lang.IllegalStateException: Null stream: entry=term: 2
index: 8
stateMachineLogEntry {
  type: DATASTREAM
  clientId: "J\000\\\302\362\322H[\226\355\351\270C\004\221\252"
  callId: 377
}

	at org.apache.ratis.util.IOUtils.asIOException(IOUtils.java:56)
	at org.apache.ratis.util.IOUtils.toIOException(IOUtils.java:61)
	at org.apache.ratis.util.IOUtils.getFromFuture(IOUtils.java:85)
	at org.apache.ratis.server.raftlog.segmented.SegmentedRaftLogWorker$StateMachineDataPolicy.getFromFuture(SegmentedRaftLogWorker.java:88)
	at org.apache.ratis.server.raftlog.segmented.SegmentedRaftLogWorker$WriteLog.execute(SegmentedRaftLogWorker.java:535)
	at org.apache.ratis.server.raftlog.segmented.SegmentedRaftLogWorker.run(SegmentedRaftLogWorker.java:303)
	... 5 more
Caused by: java.lang.IllegalStateException: Null stream: entry=term: 2
index: 8
stateMachineLogEntry {
  type: DATASTREAM
  clientId: "J\000\\\302\362\322H[\226\355\351\270C\004\221\252"
  callId: 377
}

	at org.apache.ratis.datastream.DataStreamTestUtils$MultiDataStreamStateMachine.link(DataStreamTestUtils.java:159)
	at org.apache.ratis.server.raftlog.segmented.SegmentedRaftLogWorker$WriteLog.<init>(SegmentedRaftLogWorker.java:492)
	at org.apache.ratis.server.raftlog.segmented.SegmentedRaftLogWorker.writeLogEntry(SegmentedRaftLogWorker.java:438)
	at org.apache.ratis.server.raftlog.segmented.SegmentedRaftLog.appendEntryImpl(SegmentedRaftLog.java:409)
	at org.apache.ratis.server.raftlog.RaftLogBase.lambda$appendEntry$10(RaftLogBase.java:330)
	at org.apache.ratis.server.raftlog.RaftLogSequentialOps$Runner.runSequentially(RaftLogSequentialOps.java:78)
	at org.apache.ratis.server.raftlog.RaftLogBase.appendEntry(RaftLogBase.java:330)
	at org.apache.ratis.server.raftlog.segmented.SegmentedRaftLog.appendImpl(SegmentedRaftLog.java:457)
	at org.apache.ratis.server.raftlog.RaftLogBase.lambda$append$11(RaftLogBase.java:337)
	at org.apache.ratis.server.raftlog.RaftLogSequentialOps$Runner.runSequentially(RaftLogSequentialOps.java:69)
	at org.apache.ratis.server.raftlog.RaftLogBase.append(RaftLogBase.java:337)
	at org.apache.ratis.server.impl.RaftServerImpl.appendEntriesAsync(RaftServerImpl.java:1567)
	at org.apache.ratis.server.impl.RaftServerImpl.appendEntriesAsync(RaftServerImpl.java:1431)
	at org.apache.ratis.server.impl.RaftServerProxy.lambda$appendEntriesAsync$26(RaftServerProxy.java:639)
	at org.apache.ratis.util.JavaUtils.callAsUnchecked(JavaUtils.java:117)
	at org.apache.ratis.server.impl.RaftServerImpl.lambda$executeSubmitServerRequestAsync$10(RaftServerImpl.java:859)
	at java.base/java.util.concurrent.CompletableFuture$AsyncSupply.run(CompletableFuture.java:1700)
	... 3 more
2023-06-29 03:35:52,531 [grpc-default-executor-8] INFO  leader.FollowerInfo (FollowerInfoImpl.java:lambda$new$0(52)) - s1@group-C92E7B86EDFC->s2: decreaseNextIndex nextIndex: updateUnconditionally 22 -> 21
2023-06-29 03:35:55,104 [Timer-2] INFO  impl.MiniRaftCluster (MiniRaftCluster.java:lambda$start$6(349)) - TIMED-PRINT: printing ALL groups
  s0:  RUNNING  FOLLOWER s0@group-C92E7B86EDFC:t2, leader=s1, voted=null, raftlog=Memoized:s0@group-C92E7B86EDFC-SegmentedRaftLog:OPENED:c7, conf=6: peers:[s0|rpc:localhost:46689|admin:localhost:46779|client:localhost:37871|dataStream:localhost:46501|priority:0|startupRole:FOLLOWER, s1|rpc:localhost:37585|admin:localhost:35007|client:localhost:43533|dataStream:localhost:44315|priority:0|startupRole:FOLLOWER, s2|rpc:localhost:34717|admin:localhost:33013|client:localhost:41383|dataStream:localhost:35135|priority:0|startupRole:FOLLOWER]|listeners:[], old=null RUNNING
  s1:  RUNNING    LEADER s1@group-C92E7B86EDFC:t2, leader=s1, voted=s1, raftlog=Memoized:s1@group-C92E7B86EDFC-SegmentedRaftLog:OPENED:c7, conf=6: peers:[s0|rpc:localhost:46689|admin:localhost:46779|client:localhost:37871|dataStream:localhost:46501|priority:0|startupRole:FOLLOWER, s1|rpc:localhost:37585|admin:localhost:35007|client:localhost:43533|dataStream:localhost:44315|priority:0|startupRole:FOLLOWER, s2|rpc:localhost:34717|admin:localhost:33013|client:localhost:41383|dataStream:localhost:35135|priority:0|startupRole:FOLLOWER]|listeners:[], old=null RUNNING
  s2:  RUNNING  FOLLOWER s2@group-C92E7B86EDFC:t2, leader=s1, voted=s1, raftlog=Memoized:s2@group-C92E7B86EDFC-SegmentedRaftLog:OPENED:c7, conf=6: peers:[s0|rpc:localhost:46689|admin:localhost:46779|client:localhost:37871|dataStream:localhost:46501|priority:0|startupRole:FOLLOWER, s1|rpc:localhost:37585|admin:localhost:35007|client:localhost:43533|dataStream:localhost:44315|priority:0|startupRole:FOLLOWER, s2|rpc:localhost:34717|admin:localhost:33013|client:localhost:41383|dataStream:localhost:35135|priority:0|startupRole:FOLLOWER]|listeners:[], old=null RUNNING
2023-06-29 03:35:55,397 [timer5] WARN  grpc.GrpcUtil (GrpcUtil.java:shutdownManagedChannel(223)) - Timed out gracefully shutting down connection: ManagedChannelOrphanWrapper{delegate=ManagedChannelImpl{logId=1608, target=localhost:43533}}. 
2023-06-29 03:35:55,407 [s1-client-thread2] INFO  statemachine.StateMachine (DataStreamTestUtils.java:link(157)) - link null
2023-06-29 03:35:55,408 [s2-server-thread2] INFO  statemachine.StateMachine (DataStreamTestUtils.java:link(157)) - link null
2023-06-29 03:35:55,408 [s2-server-thread2] WARN  server.GrpcServerProtocolService (LogUtils.java:warn(124)) - s2: Failed APPEND_ENTRIES request s1->s2#1690-t2,previous=(t:2, i:21),leaderCommit=7,initializing? true,entries: size=1, first=(t:2, i:22), STATEMACHINELOGENTRY, 381@client-C6D65EB13F04
java.util.concurrent.CompletionException: org.apache.ratis.server.raftlog.RaftLogIOException: Log already failed at index 8 for task WriteLog:8: (t:2, i:8), STATEMACHINELOGENTRY, StateMachineLogEntryProto:377@client-E9B8430491AA
	at java.base/java.util.concurrent.CompletableFuture.encodeThrowable(CompletableFuture.java:331)
	at java.base/java.util.concurrent.CompletableFuture.completeThrowable(CompletableFuture.java:346)
	at java.base/java.util.concurrent.CompletableFuture$BiRelay.tryFire(CompletableFuture.java:1423)
	at java.base/java.util.concurrent.CompletableFuture$CoCompletion.tryFire(CompletableFuture.java:1144)
	at java.base/java.util.concurrent.CompletableFuture.postComplete(CompletableFuture.java:506)
	at java.base/java.util.concurrent.CompletableFuture.completeExceptionally(CompletableFuture.java:2088)
	at org.apache.ratis.server.raftlog.segmented.SegmentedRaftLog$Task.failed(SegmentedRaftLog.java:105)
	at org.apache.ratis.server.raftlog.segmented.SegmentedRaftLogWorker$WriteLog.failed(SegmentedRaftLogWorker.java:514)
	at org.apache.ratis.server.raftlog.segmented.SegmentedRaftLogWorker.run(SegmentedRaftLogWorker.java:312)
	at java.base/java.util.concurrent.Executors$RunnableAdapter.call(Executors.java:515)
	at java.base/java.util.concurrent.FutureTask.run(FutureTask.java:264)
	at java.base/java.util.concurrent.ThreadPoolExecutor.runWorker(ThreadPoolExecutor.java:1128)
	at java.base/java.util.concurrent.ThreadPoolExecutor$Worker.run(ThreadPoolExecutor.java:628)
	at java.base/java.lang.Thread.run(Thread.java:829)
Caused by: org.apache.ratis.server.raftlog.RaftLogIOException: Log already failed at index 8 for task WriteLog:8: (t:2, i:8), STATEMACHINELOGENTRY, StateMachineLogEntryProto:377@client-E9B8430491AA
	at org.apache.ratis.server.raftlog.segmented.SegmentedRaftLogWorker.run(SegmentedRaftLogWorker.java:315)
	... 5 more
Caused by: java.io.IOException: java.lang.IllegalStateException: Null stream: entry=term: 2
index: 8
stateMachineLogEntry {
  type: DATASTREAM
  clientId: "J\000\\\302\362\322H[\226\355\351\270C\004\221\252"
  callId: 377
}

	at org.apache.ratis.util.IOUtils.asIOException(IOUtils.java:56)
	at org.apache.ratis.util.IOUtils.toIOException(IOUtils.java:61)
	at org.apache.ratis.util.IOUtils.getFromFuture(IOUtils.java:85)
	at org.apache.ratis.server.raftlog.segmented.SegmentedRaftLogWorker$StateMachineDataPolicy.getFromFuture(SegmentedRaftLogWorker.java:88)
	at org.apache.ratis.server.raftlog.segmented.SegmentedRaftLogWorker$WriteLog.execute(SegmentedRaftLogWorker.java:535)
	at org.apache.ratis.server.raftlog.segmented.SegmentedRaftLogWorker.run(SegmentedRaftLogWorker.java:303)
	... 5 more
Caused by: java.lang.IllegalStateException: Null stream: entry=term: 2
index: 8
stateMachineLogEntry {
  type: DATASTREAM
  clientId: "J\000\\\302\362\322H[\226\355\351\270C\004\221\252"
  callId: 377
}

	at org.apache.ratis.datastream.DataStreamTestUtils$MultiDataStreamStateMachine.link(DataStreamTestUtils.java:159)
	at org.apache.ratis.server.raftlog.segmented.SegmentedRaftLogWorker$WriteLog.<init>(SegmentedRaftLogWorker.java:492)
	at org.apache.ratis.server.raftlog.segmented.SegmentedRaftLogWorker.writeLogEntry(SegmentedRaftLogWorker.java:438)
	at org.apache.ratis.server.raftlog.segmented.SegmentedRaftLog.appendEntryImpl(SegmentedRaftLog.java:409)
	at org.apache.ratis.server.raftlog.RaftLogBase.lambda$appendEntry$10(RaftLogBase.java:330)
	at org.apache.ratis.server.raftlog.RaftLogSequentialOps$Runner.runSequentially(RaftLogSequentialOps.java:78)
	at org.apache.ratis.server.raftlog.RaftLogBase.appendEntry(RaftLogBase.java:330)
	at org.apache.ratis.server.raftlog.segmented.SegmentedRaftLog.appendImpl(SegmentedRaftLog.java:457)
	at org.apache.ratis.server.raftlog.RaftLogBase.lambda$append$11(RaftLogBase.java:337)
	at org.apache.ratis.server.raftlog.RaftLogSequentialOps$Runner.runSequentially(RaftLogSequentialOps.java:69)
	at org.apache.ratis.server.raftlog.RaftLogBase.append(RaftLogBase.java:337)
	at org.apache.ratis.server.impl.RaftServerImpl.appendEntriesAsync(RaftServerImpl.java:1567)
	at org.apache.ratis.server.impl.RaftServerImpl.appendEntriesAsync(RaftServerImpl.java:1431)
	at org.apache.ratis.server.impl.RaftServerProxy.lambda$appendEntriesAsync$26(RaftServerProxy.java:639)
	at org.apache.ratis.util.JavaUtils.callAsUnchecked(JavaUtils.java:117)
	at org.apache.ratis.server.impl.RaftServerImpl.lambda$executeSubmitServerRequestAsync$10(RaftServerImpl.java:859)
	at java.base/java.util.concurrent.CompletableFuture$AsyncSupply.run(CompletableFuture.java:1700)
	... 3 more
2023-06-29 03:35:55,412 [grpc-default-executor-11] WARN  server.GrpcLogAppender (LogUtils.java:warn(124)) - s1@group-C92E7B86EDFC->s2-AppendLogResponseHandler: Failed appendEntries
org.apache.ratis.server.raftlog.RaftLogIOException: Log already failed at index 8 for task WriteLog:8: (t:2, i:8), STATEMACHINELOGENTRY, StateMachineLogEntryProto:377@client-E9B8430491AA
	at org.apache.ratis.server.raftlog.segmented.SegmentedRaftLogWorker.run(SegmentedRaftLogWorker.java:315)
	at java.base/java.util.concurrent.Executors$RunnableAdapter.call(Executors.java:515)
	at java.base/java.util.concurrent.FutureTask.run(FutureTask.java:264)
	at java.base/java.util.concurrent.ThreadPoolExecutor.runWorker(ThreadPoolExecutor.java:1128)
	at java.base/java.util.concurrent.ThreadPoolExecutor$Worker.run(ThreadPoolExecutor.java:628)
	at java.base/java.lang.Thread.run(Thread.java:829)
Caused by: java.io.IOException: java.lang.IllegalStateException: Null stream: entry=term: 2
index: 8
stateMachineLogEntry {
  type: DATASTREAM
  clientId: "J\000\\\302\362\322H[\226\355\351\270C\004\221\252"
  callId: 377
}

	at org.apache.ratis.util.IOUtils.asIOException(IOUtils.java:56)
	at org.apache.ratis.util.IOUtils.toIOException(IOUtils.java:61)
	at org.apache.ratis.util.IOUtils.getFromFuture(IOUtils.java:85)
	at org.apache.ratis.server.raftlog.segmented.SegmentedRaftLogWorker$StateMachineDataPolicy.getFromFuture(SegmentedRaftLogWorker.java:88)
	at org.apache.ratis.server.raftlog.segmented.SegmentedRaftLogWorker$WriteLog.execute(SegmentedRaftLogWorker.java:535)
	at org.apache.ratis.server.raftlog.segmented.SegmentedRaftLogWorker.run(SegmentedRaftLogWorker.java:303)
	... 5 more
Caused by: java.lang.IllegalStateException: Null stream: entry=term: 2
index: 8
stateMachineLogEntry {
  type: DATASTREAM
  clientId: "J\000\\\302\362\322H[\226\355\351\270C\004\221\252"
  callId: 377
}

	at org.apache.ratis.datastream.DataStreamTestUtils$MultiDataStreamStateMachine.link(DataStreamTestUtils.java:159)
	at org.apache.ratis.server.raftlog.segmented.SegmentedRaftLogWorker$WriteLog.<init>(SegmentedRaftLogWorker.java:492)
	at org.apache.ratis.server.raftlog.segmented.SegmentedRaftLogWorker.writeLogEntry(SegmentedRaftLogWorker.java:438)
	at org.apache.ratis.server.raftlog.segmented.SegmentedRaftLog.appendEntryImpl(SegmentedRaftLog.java:409)
	at org.apache.ratis.server.raftlog.RaftLogBase.lambda$appendEntry$10(RaftLogBase.java:330)
	at org.apache.ratis.server.raftlog.RaftLogSequentialOps$Runner.runSequentially(RaftLogSequentialOps.java:78)
	at org.apache.ratis.server.raftlog.RaftLogBase.appendEntry(RaftLogBase.java:330)
	at org.apache.ratis.server.raftlog.segmented.SegmentedRaftLog.appendImpl(SegmentedRaftLog.java:457)
	at org.apache.ratis.server.raftlog.RaftLogBase.lambda$append$11(RaftLogBase.java:337)
	at org.apache.ratis.server.raftlog.RaftLogSequentialOps$Runner.runSequentially(RaftLogSequentialOps.java:69)
	at org.apache.ratis.server.raftlog.RaftLogBase.append(RaftLogBase.java:337)
	at org.apache.ratis.server.impl.RaftServerImpl.appendEntriesAsync(RaftServerImpl.java:1567)
	at org.apache.ratis.server.impl.RaftServerImpl.appendEntriesAsync(RaftServerImpl.java:1431)
	at org.apache.ratis.server.impl.RaftServerProxy.lambda$appendEntriesAsync$26(RaftServerProxy.java:639)
	at org.apache.ratis.util.JavaUtils.callAsUnchecked(JavaUtils.java:117)
	at org.apache.ratis.server.impl.RaftServerImpl.lambda$executeSubmitServerRequestAsync$10(RaftServerImpl.java:859)
	at java.base/java.util.concurrent.CompletableFuture$AsyncSupply.run(CompletableFuture.java:1700)
	... 3 more
2023-06-29 03:35:55,412 [grpc-default-executor-11] INFO  leader.FollowerInfo (FollowerInfoImpl.java:lambda$new$0(52)) - s1@group-C92E7B86EDFC->s2: decreaseNextIndex nextIndex: updateUnconditionally 23 -> 22
2023-06-29 03:35:55,414 [s1-client-thread2] INFO  statemachine.StateMachine (DataStreamTestUtils.java:link(157)) - link null
2023-06-29 03:35:55,414 [s0-server-thread1] INFO  statemachine.StateMachine (DataStreamTestUtils.java:link(157)) - link null
2023-06-29 03:35:55,418 [grpc-default-executor-2] WARN  server.GrpcServerProtocolService (LogUtils.java:warn(124)) - s0: Failed APPEND_ENTRIES request s1->s0#1691-t2,previous=(t:2, i:21),leaderCommit=7,initializing? true,entries: size=1, first=(t:2, i:22), STATEMACHINELOGENTRY, 381@client-C6D65EB13F04
java.util.concurrent.CompletionException: org.apache.ratis.server.raftlog.RaftLogIOException: Log already failed at index 8 for task WriteLog:8: (t:2, i:8), STATEMACHINELOGENTRY, StateMachineLogEntryProto:377@client-E9B8430491AA
	at java.base/java.util.concurrent.CompletableFuture.encodeThrowable(CompletableFuture.java:331)
	at java.base/java.util.concurrent.CompletableFuture.completeThrowable(CompletableFuture.java:346)
	at java.base/java.util.concurrent.CompletableFuture$BiRelay.tryFire(CompletableFuture.java:1423)
	at java.base/java.util.concurrent.CompletableFuture$CoCompletion.tryFire(CompletableFuture.java:1144)
	at java.base/java.util.concurrent.CompletableFuture.postComplete(CompletableFuture.java:506)
	at java.base/java.util.concurrent.CompletableFuture.completeExceptionally(CompletableFuture.java:2088)
	at org.apache.ratis.server.raftlog.segmented.SegmentedRaftLog$Task.failed(SegmentedRaftLog.java:105)
	at org.apache.ratis.server.raftlog.segmented.SegmentedRaftLogWorker$WriteLog.failed(SegmentedRaftLogWorker.java:514)
	at org.apache.ratis.server.raftlog.segmented.SegmentedRaftLogWorker.run(SegmentedRaftLogWorker.java:312)
	at java.base/java.util.concurrent.Executors$RunnableAdapter.call(Executors.java:515)
	at java.base/java.util.concurrent.FutureTask.run(FutureTask.java:264)
	at java.base/java.util.concurrent.ThreadPoolExecutor.runWorker(ThreadPoolExecutor.java:1128)
	at java.base/java.util.concurrent.ThreadPoolExecutor$Worker.run(ThreadPoolExecutor.java:628)
	at java.base/java.lang.Thread.run(Thread.java:829)
Caused by: org.apache.ratis.server.raftlog.RaftLogIOException: Log already failed at index 8 for task WriteLog:8: (t:2, i:8), STATEMACHINELOGENTRY, StateMachineLogEntryProto:377@client-E9B8430491AA
	at org.apache.ratis.server.raftlog.segmented.SegmentedRaftLogWorker.run(SegmentedRaftLogWorker.java:315)
	... 5 more
Caused by: java.io.IOException: java.lang.IllegalStateException: Null stream: entry=term: 2
index: 8
stateMachineLogEntry {
  type: DATASTREAM
  clientId: "J\000\\\302\362\322H[\226\355\351\270C\004\221\252"
  callId: 377
}

	at org.apache.ratis.util.IOUtils.asIOException(IOUtils.java:56)
	at org.apache.ratis.util.IOUtils.toIOException(IOUtils.java:61)
	at org.apache.ratis.util.IOUtils.getFromFuture(IOUtils.java:85)
	at org.apache.ratis.server.raftlog.segmented.SegmentedRaftLogWorker$StateMachineDataPolicy.getFromFuture(SegmentedRaftLogWorker.java:88)
	at org.apache.ratis.server.raftlog.segmented.SegmentedRaftLogWorker$WriteLog.execute(SegmentedRaftLogWorker.java:535)
	at org.apache.ratis.server.raftlog.segmented.SegmentedRaftLogWorker.run(SegmentedRaftLogWorker.java:303)
	... 5 more
Caused by: java.lang.IllegalStateException: Null stream: entry=term: 2
index: 8
stateMachineLogEntry {
  type: DATASTREAM
  clientId: "J\000\\\302\362\322H[\226\355\351\270C\004\221\252"
  callId: 377
}

	at org.apache.ratis.datastream.DataStreamTestUtils$MultiDataStreamStateMachine.link(DataStreamTestUtils.java:159)
	at org.apache.ratis.server.raftlog.segmented.SegmentedRaftLogWorker$WriteLog.<init>(SegmentedRaftLogWorker.java:492)
	at org.apache.ratis.server.raftlog.segmented.SegmentedRaftLogWorker.writeLogEntry(SegmentedRaftLogWorker.java:438)
	at org.apache.ratis.server.raftlog.segmented.SegmentedRaftLog.appendEntryImpl(SegmentedRaftLog.java:409)
	at org.apache.ratis.server.raftlog.RaftLogBase.lambda$appendEntry$10(RaftLogBase.java:330)
	at org.apache.ratis.server.raftlog.RaftLogSequentialOps$Runner.runSequentially(RaftLogSequentialOps.java:78)
	at org.apache.ratis.server.raftlog.RaftLogBase.appendEntry(RaftLogBase.java:330)
	at org.apache.ratis.server.raftlog.segmented.SegmentedRaftLog.appendImpl(SegmentedRaftLog.java:457)
	at org.apache.ratis.server.raftlog.RaftLogBase.lambda$append$11(RaftLogBase.java:337)
	at org.apache.ratis.server.raftlog.RaftLogSequentialOps$Runner.runSequentially(RaftLogSequentialOps.java:69)
	at org.apache.ratis.server.raftlog.RaftLogBase.append(RaftLogBase.java:337)
	at org.apache.ratis.server.impl.RaftServerImpl.appendEntriesAsync(RaftServerImpl.java:1567)
	at org.apache.ratis.server.impl.RaftServerImpl.appendEntriesAsync(RaftServerImpl.java:1431)
	at org.apache.ratis.server.impl.RaftServerProxy.lambda$appendEntriesAsync$26(RaftServerProxy.java:639)
	at org.apache.ratis.util.JavaUtils.callAsUnchecked(JavaUtils.java:117)
	at org.apache.ratis.server.impl.RaftServerImpl.lambda$executeSubmitServerRequestAsync$10(RaftServerImpl.java:859)
	at java.base/java.util.concurrent.CompletableFuture$AsyncSupply.run(CompletableFuture.java:1700)
	... 3 more
2023-06-29 03:35:55,420 [s2-server-thread2] INFO  statemachine.StateMachine (DataStreamTestUtils.java:link(157)) - link null
2023-06-29 03:35:55,421 [s2-server-thread2] WARN  server.GrpcServerProtocolService (LogUtils.java:warn(124)) - s2: Failed APPEND_ENTRIES request s1->s2#1691-t2,previous=(t:2, i:21),leaderCommit=7,initializing? true,entries: size=2, first=(t:2, i:22), STATEMACHINELOGENTRY, 381@client-C6D65EB13F04
java.util.concurrent.CompletionException: org.apache.ratis.server.raftlog.RaftLogIOException: Log already failed at index 8 for task WriteLog:8: (t:2, i:8), STATEMACHINELOGENTRY, StateMachineLogEntryProto:377@client-E9B8430491AA
	at java.base/java.util.concurrent.CompletableFuture.encodeThrowable(CompletableFuture.java:331)
	at java.base/java.util.concurrent.CompletableFuture.completeThrowable(CompletableFuture.java:346)
	at java.base/java.util.concurrent.CompletableFuture$BiRelay.tryFire(CompletableFuture.java:1423)
	at java.base/java.util.concurrent.CompletableFuture$CoCompletion.tryFire(CompletableFuture.java:1144)
	at java.base/java.util.concurrent.CompletableFuture.postComplete(CompletableFuture.java:506)
	at java.base/java.util.concurrent.CompletableFuture.completeExceptionally(CompletableFuture.java:2088)
	at org.apache.ratis.server.raftlog.segmented.SegmentedRaftLog$Task.failed(SegmentedRaftLog.java:105)
	at org.apache.ratis.server.raftlog.segmented.SegmentedRaftLogWorker$WriteLog.failed(SegmentedRaftLogWorker.java:514)
	at org.apache.ratis.server.raftlog.segmented.SegmentedRaftLogWorker.run(SegmentedRaftLogWorker.java:312)
	at java.base/java.util.concurrent.Executors$RunnableAdapter.call(Executors.java:515)
	at java.base/java.util.concurrent.FutureTask.run(FutureTask.java:264)
	at java.base/java.util.concurrent.ThreadPoolExecutor.runWorker(ThreadPoolExecutor.java:1128)
	at java.base/java.util.concurrent.ThreadPoolExecutor$Worker.run(ThreadPoolExecutor.java:628)
	at java.base/java.lang.Thread.run(Thread.java:829)
Caused by: org.apache.ratis.server.raftlog.RaftLogIOException: Log already failed at index 8 for task WriteLog:8: (t:2, i:8), STATEMACHINELOGENTRY, StateMachineLogEntryProto:377@client-E9B8430491AA
	at org.apache.ratis.server.raftlog.segmented.SegmentedRaftLogWorker.run(SegmentedRaftLogWorker.java:315)
	... 5 more
Caused by: java.io.IOException: java.lang.IllegalStateException: Null stream: entry=term: 2
index: 8
stateMachineLogEntry {
  type: DATASTREAM
  clientId: "J\000\\\302\362\322H[\226\355\351\270C\004\221\252"
  callId: 377
}

	at org.apache.ratis.util.IOUtils.asIOException(IOUtils.java:56)
	at org.apache.ratis.util.IOUtils.toIOException(IOUtils.java:61)
	at org.apache.ratis.util.IOUtils.getFromFuture(IOUtils.java:85)
	at org.apache.ratis.server.raftlog.segmented.SegmentedRaftLogWorker$StateMachineDataPolicy.getFromFuture(SegmentedRaftLogWorker.java:88)
	at org.apache.ratis.server.raftlog.segmented.SegmentedRaftLogWorker$WriteLog.execute(SegmentedRaftLogWorker.java:535)
	at org.apache.ratis.server.raftlog.segmented.SegmentedRaftLogWorker.run(SegmentedRaftLogWorker.java:303)
	... 5 more
Caused by: java.lang.IllegalStateException: Null stream: entry=term: 2
index: 8
stateMachineLogEntry {
  type: DATASTREAM
  clientId: "J\000\\\302\362\322H[\226\355\351\270C\004\221\252"
  callId: 377
}

	at org.apache.ratis.datastream.DataStreamTestUtils$MultiDataStreamStateMachine.link(DataStreamTestUtils.java:159)
	at org.apache.ratis.server.raftlog.segmented.SegmentedRaftLogWorker$WriteLog.<init>(SegmentedRaftLogWorker.java:492)
	at org.apache.ratis.server.raftlog.segmented.SegmentedRaftLogWorker.writeLogEntry(SegmentedRaftLogWorker.java:438)
	at org.apache.ratis.server.raftlog.segmented.SegmentedRaftLog.appendEntryImpl(SegmentedRaftLog.java:409)
	at org.apache.ratis.server.raftlog.RaftLogBase.lambda$appendEntry$10(RaftLogBase.java:330)
	at org.apache.ratis.server.raftlog.RaftLogSequentialOps$Runner.runSequentially(RaftLogSequentialOps.java:78)
	at org.apache.ratis.server.raftlog.RaftLogBase.appendEntry(RaftLogBase.java:330)
	at org.apache.ratis.server.raftlog.segmented.SegmentedRaftLog.appendImpl(SegmentedRaftLog.java:457)
	at org.apache.ratis.server.raftlog.RaftLogBase.lambda$append$11(RaftLogBase.java:337)
	at org.apache.ratis.server.raftlog.RaftLogSequentialOps$Runner.runSequentially(RaftLogSequentialOps.java:69)
	at org.apache.ratis.server.raftlog.RaftLogBase.append(RaftLogBase.java:337)
	at org.apache.ratis.server.impl.RaftServerImpl.appendEntriesAsync(RaftServerImpl.java:1567)
	at org.apache.ratis.server.impl.RaftServerImpl.appendEntriesAsync(RaftServerImpl.java:1431)
	at org.apache.ratis.server.impl.RaftServerProxy.lambda$appendEntriesAsync$26(RaftServerProxy.java:639)
	at org.apache.ratis.util.JavaUtils.callAsUnchecked(JavaUtils.java:117)
	at org.apache.ratis.server.impl.RaftServerImpl.lambda$executeSubmitServerRequestAsync$10(RaftServerImpl.java:859)
	at java.base/java.util.concurrent.CompletableFuture$AsyncSupply.run(CompletableFuture.java:1700)
	... 3 more
2023-06-29 03:35:55,423 [grpc-default-executor-11] WARN  server.GrpcLogAppender (LogUtils.java:warn(124)) - s1@group-C92E7B86EDFC->s2-AppendLogResponseHandler: Failed appendEntries
org.apache.ratis.server.raftlog.RaftLogIOException: Log already failed at index 8 for task WriteLog:8: (t:2, i:8), STATEMACHINELOGENTRY, StateMachineLogEntryProto:377@client-E9B8430491AA
	at org.apache.ratis.server.raftlog.segmented.SegmentedRaftLogWorker.run(SegmentedRaftLogWorker.java:315)
	at java.base/java.util.concurrent.Executors$RunnableAdapter.call(Executors.java:515)
	at java.base/java.util.concurrent.FutureTask.run(FutureTask.java:264)
	at java.base/java.util.concurrent.ThreadPoolExecutor.runWorker(ThreadPoolExecutor.java:1128)
	at java.base/java.util.concurrent.ThreadPoolExecutor$Worker.run(ThreadPoolExecutor.java:628)
	at java.base/java.lang.Thread.run(Thread.java:829)
Caused by: java.io.IOException: java.lang.IllegalStateException: Null stream: entry=term: 2
index: 8
stateMachineLogEntry {
  type: DATASTREAM
  clientId: "J\000\\\302\362\322H[\226\355\351\270C\004\221\252"
  callId: 377
}

	at org.apache.ratis.util.IOUtils.asIOException(IOUtils.java:56)
	at org.apache.ratis.util.IOUtils.toIOException(IOUtils.java:61)
	at org.apache.ratis.util.IOUtils.getFromFuture(IOUtils.java:85)
	at org.apache.ratis.server.raftlog.segmented.SegmentedRaftLogWorker$StateMachineDataPolicy.getFromFuture(SegmentedRaftLogWorker.java:88)
	at org.apache.ratis.server.raftlog.segmented.SegmentedRaftLogWorker$WriteLog.execute(SegmentedRaftLogWorker.java:535)
	at org.apache.ratis.server.raftlog.segmented.SegmentedRaftLogWorker.run(SegmentedRaftLogWorker.java:303)
	... 5 more
Caused by: java.lang.IllegalStateException: Null stream: entry=term: 2
index: 8
stateMachineLogEntry {
  type: DATASTREAM
  clientId: "J\000\\\302\362\322H[\226\355\351\270C\004\221\252"
  callId: 377
}

	at org.apache.ratis.datastream.DataStreamTestUtils$MultiDataStreamStateMachine.link(DataStreamTestUtils.java:159)
	at org.apache.ratis.server.raftlog.segmented.SegmentedRaftLogWorker$WriteLog.<init>(SegmentedRaftLogWorker.java:492)
	at org.apache.ratis.server.raftlog.segmented.SegmentedRaftLogWorker.writeLogEntry(SegmentedRaftLogWorker.java:438)
	at org.apache.ratis.server.raftlog.segmented.SegmentedRaftLog.appendEntryImpl(SegmentedRaftLog.java:409)
	at org.apache.ratis.server.raftlog.RaftLogBase.lambda$appendEntry$10(RaftLogBase.java:330)
	at org.apache.ratis.server.raftlog.RaftLogSequentialOps$Runner.runSequentially(RaftLogSequentialOps.java:78)
	at org.apache.ratis.server.raftlog.RaftLogBase.appendEntry(RaftLogBase.java:330)
	at org.apache.ratis.server.raftlog.segmented.SegmentedRaftLog.appendImpl(SegmentedRaftLog.java:457)
	at org.apache.ratis.server.raftlog.RaftLogBase.lambda$append$11(RaftLogBase.java:337)
	at org.apache.ratis.server.raftlog.RaftLogSequentialOps$Runner.runSequentially(RaftLogSequentialOps.java:69)
	at org.apache.ratis.server.raftlog.RaftLogBase.append(RaftLogBase.java:337)
	at org.apache.ratis.server.impl.RaftServerImpl.appendEntriesAsync(RaftServerImpl.java:1567)
	at org.apache.ratis.server.impl.RaftServerImpl.appendEntriesAsync(RaftServerImpl.java:1431)
	at org.apache.ratis.server.impl.RaftServerProxy.lambda$appendEntriesAsync$26(RaftServerProxy.java:639)
	at org.apache.ratis.util.JavaUtils.callAsUnchecked(JavaUtils.java:117)
	at org.apache.ratis.server.impl.RaftServerImpl.lambda$executeSubmitServerRequestAsync$10(RaftServerImpl.java:859)
	at java.base/java.util.concurrent.CompletableFuture$AsyncSupply.run(CompletableFuture.java:1700)
	... 3 more
2023-06-29 03:35:55,424 [grpc-default-executor-11] INFO  leader.FollowerInfo (FollowerInfoImpl.java:lambda$new$0(52)) - s1@group-C92E7B86EDFC->s2: decreaseNextIndex nextIndex: updateUnconditionally 24 -> 22
2023-06-29 03:35:55,429 [grpc-default-executor-11] WARN  server.GrpcLogAppender (LogUtils.java:warn(124)) - s1@group-C92E7B86EDFC->s0-AppendLogResponseHandler: Failed appendEntries
org.apache.ratis.server.raftlog.RaftLogIOException: Log already failed at index 8 for task WriteLog:8: (t:2, i:8), STATEMACHINELOGENTRY, StateMachineLogEntryProto:377@client-E9B8430491AA
	at org.apache.ratis.server.raftlog.segmented.SegmentedRaftLogWorker.run(SegmentedRaftLogWorker.java:315)
	at java.base/java.util.concurrent.Executors$RunnableAdapter.call(Executors.java:515)
	at java.base/java.util.concurrent.FutureTask.run(FutureTask.java:264)
	at java.base/java.util.concurrent.ThreadPoolExecutor.runWorker(ThreadPoolExecutor.java:1128)
	at java.base/java.util.concurrent.ThreadPoolExecutor$Worker.run(ThreadPoolExecutor.java:628)
	at java.base/java.lang.Thread.run(Thread.java:829)
Caused by: java.io.IOException: java.lang.IllegalStateException: Null stream: entry=term: 2
index: 8
stateMachineLogEntry {
  type: DATASTREAM
  clientId: "J\000\\\302\362\322H[\226\355\351\270C\004\221\252"
  callId: 377
}

	at org.apache.ratis.util.IOUtils.asIOException(IOUtils.java:56)
	at org.apache.ratis.util.IOUtils.toIOException(IOUtils.java:61)
	at org.apache.ratis.util.IOUtils.getFromFuture(IOUtils.java:85)
	at org.apache.ratis.server.raftlog.segmented.SegmentedRaftLogWorker$StateMachineDataPolicy.getFromFuture(SegmentedRaftLogWorker.java:88)
	at org.apache.ratis.server.raftlog.segmented.SegmentedRaftLogWorker$WriteLog.execute(SegmentedRaftLogWorker.java:535)
	at org.apache.ratis.server.raftlog.segmented.SegmentedRaftLogWorker.run(SegmentedRaftLogWorker.java:303)
	... 5 more
Caused by: java.lang.IllegalStateException: Null stream: entry=term: 2
index: 8
stateMachineLogEntry {
  type: DATASTREAM
  clientId: "J\000\\\302\362\322H[\226\355\351\270C\004\221\252"
  callId: 377
}

	at org.apache.ratis.datastream.DataStreamTestUtils$MultiDataStreamStateMachine.link(DataStreamTestUtils.java:159)
	at org.apache.ratis.server.raftlog.segmented.SegmentedRaftLogWorker$WriteLog.<init>(SegmentedRaftLogWorker.java:492)
	at org.apache.ratis.server.raftlog.segmented.SegmentedRaftLogWorker.writeLogEntry(SegmentedRaftLogWorker.java:438)
	at org.apache.ratis.server.raftlog.segmented.SegmentedRaftLog.appendEntryImpl(SegmentedRaftLog.java:409)
	at org.apache.ratis.server.raftlog.RaftLogBase.lambda$appendEntry$10(RaftLogBase.java:330)
	at org.apache.ratis.server.raftlog.RaftLogSequentialOps$Runner.runSequentially(RaftLogSequentialOps.java:78)
	at org.apache.ratis.server.raftlog.RaftLogBase.appendEntry(RaftLogBase.java:330)
	at org.apache.ratis.server.raftlog.segmented.SegmentedRaftLog.appendImpl(SegmentedRaftLog.java:457)
	at org.apache.ratis.server.raftlog.RaftLogBase.lambda$append$11(RaftLogBase.java:337)
	at org.apache.ratis.server.raftlog.RaftLogSequentialOps$Runner.runSequentially(RaftLogSequentialOps.java:69)
	at org.apache.ratis.server.raftlog.RaftLogBase.append(RaftLogBase.java:337)
	at org.apache.ratis.server.impl.RaftServerImpl.appendEntriesAsync(RaftServerImpl.java:1567)
	at org.apache.ratis.server.impl.RaftServerImpl.appendEntriesAsync(RaftServerImpl.java:1431)
	at org.apache.ratis.server.impl.RaftServerProxy.lambda$appendEntriesAsync$26(RaftServerProxy.java:639)
	at org.apache.ratis.util.JavaUtils.callAsUnchecked(JavaUtils.java:117)
	at org.apache.ratis.server.impl.RaftServerImpl.lambda$executeSubmitServerRequestAsync$10(RaftServerImpl.java:859)
	at java.base/java.util.concurrent.CompletableFuture$AsyncSupply.run(CompletableFuture.java:1700)
	... 3 more
2023-06-29 03:35:55,429 [grpc-default-executor-11] INFO  leader.FollowerInfo (FollowerInfoImpl.java:lambda$new$0(52)) - s1@group-C92E7B86EDFC->s0: decreaseNextIndex nextIndex: updateUnconditionally 24 -> 22
2023-06-29 03:35:55,475 [s0-server-thread6] INFO  statemachine.StateMachine (DataStreamTestUtils.java:link(157)) - link null
2023-06-29 03:35:55,475 [grpc-default-executor-11] WARN  server.GrpcServerProtocolService (LogUtils.java:warn(124)) - s0: Failed APPEND_ENTRIES request s1->s0#1694-t2,previous=(t:2, i:21),leaderCommit=7,initializing? true,entries: size=2, first=(t:2, i:22), STATEMACHINELOGENTRY, 381@client-C6D65EB13F04
java.util.concurrent.CompletionException: org.apache.ratis.server.raftlog.RaftLogIOException: Log already failed at index 8 for task WriteLog:8: (t:2, i:8), STATEMACHINELOGENTRY, StateMachineLogEntryProto:377@client-E9B8430491AA
	at java.base/java.util.concurrent.CompletableFuture.encodeThrowable(CompletableFuture.java:331)
	at java.base/java.util.concurrent.CompletableFuture.completeThrowable(CompletableFuture.java:346)
	at java.base/java.util.concurrent.CompletableFuture$BiRelay.tryFire(CompletableFuture.java:1423)
	at java.base/java.util.concurrent.CompletableFuture$CoCompletion.tryFire(CompletableFuture.java:1144)
	at java.base/java.util.concurrent.CompletableFuture.postComplete(CompletableFuture.java:506)
	at java.base/java.util.concurrent.CompletableFuture.completeExceptionally(CompletableFuture.java:2088)
	at org.apache.ratis.server.raftlog.segmented.SegmentedRaftLog$Task.failed(SegmentedRaftLog.java:105)
	at org.apache.ratis.server.raftlog.segmented.SegmentedRaftLogWorker$WriteLog.failed(SegmentedRaftLogWorker.java:514)
	at org.apache.ratis.server.raftlog.segmented.SegmentedRaftLogWorker.run(SegmentedRaftLogWorker.java:312)
	at java.base/java.util.concurrent.Executors$RunnableAdapter.call(Executors.java:515)
	at java.base/java.util.concurrent.FutureTask.run(FutureTask.java:264)
	at java.base/java.util.concurrent.ThreadPoolExecutor.runWorker(ThreadPoolExecutor.java:1128)
	at java.base/java.util.concurrent.ThreadPoolExecutor$Worker.run(ThreadPoolExecutor.java:628)
	at java.base/java.lang.Thread.run(Thread.java:829)
Caused by: org.apache.ratis.server.raftlog.RaftLogIOException: Log already failed at index 8 for task WriteLog:8: (t:2, i:8), STATEMACHINELOGENTRY, StateMachineLogEntryProto:377@client-E9B8430491AA
	at org.apache.ratis.server.raftlog.segmented.SegmentedRaftLogWorker.run(SegmentedRaftLogWorker.java:315)
	... 5 more
Caused by: java.io.IOException: java.lang.IllegalStateException: Null stream: entry=term: 2
index: 8
stateMachineLogEntry {
  type: DATASTREAM
  clientId: "J\000\\\302\362\322H[\226\355\351\270C\004\221\252"
  callId: 377
}

	at org.apache.ratis.util.IOUtils.asIOException(IOUtils.java:56)
	at org.apache.ratis.util.IOUtils.toIOException(IOUtils.java:61)
	at org.apache.ratis.util.IOUtils.getFromFuture(IOUtils.java:85)
	at org.apache.ratis.server.raftlog.segmented.SegmentedRaftLogWorker$StateMachineDataPolicy.getFromFuture(SegmentedRaftLogWorker.java:88)
	at org.apache.ratis.server.raftlog.segmented.SegmentedRaftLogWorker$WriteLog.execute(SegmentedRaftLogWorker.java:535)
	at org.apache.ratis.server.raftlog.segmented.SegmentedRaftLogWorker.run(SegmentedRaftLogWorker.java:303)
	... 5 more
Caused by: java.lang.IllegalStateException: Null stream: entry=term: 2
index: 8
stateMachineLogEntry {
  type: DATASTREAM
  clientId: "J\000\\\302\362\322H[\226\355\351\270C\004\221\252"
  callId: 377
}

	at org.apache.ratis.datastream.DataStreamTestUtils$MultiDataStreamStateMachine.link(DataStreamTestUtils.java:159)
	at org.apache.ratis.server.raftlog.segmented.SegmentedRaftLogWorker$WriteLog.<init>(SegmentedRaftLogWorker.java:492)
	at org.apache.ratis.server.raftlog.segmented.SegmentedRaftLogWorker.writeLogEntry(SegmentedRaftLogWorker.java:438)
	at org.apache.ratis.server.raftlog.segmented.SegmentedRaftLog.appendEntryImpl(SegmentedRaftLog.java:409)
	at org.apache.ratis.server.raftlog.RaftLogBase.lambda$appendEntry$10(RaftLogBase.java:330)
	at org.apache.ratis.server.raftlog.RaftLogSequentialOps$Runner.runSequentially(RaftLogSequentialOps.java:78)
	at org.apache.ratis.server.raftlog.RaftLogBase.appendEntry(RaftLogBase.java:330)
	at org.apache.ratis.server.raftlog.segmented.SegmentedRaftLog.appendImpl(SegmentedRaftLog.java:457)
	at org.apache.ratis.server.raftlog.RaftLogBase.lambda$append$11(RaftLogBase.java:337)
	at org.apache.ratis.server.raftlog.RaftLogSequentialOps$Runner.runSequentially(RaftLogSequentialOps.java:69)
	at org.apache.ratis.server.raftlog.RaftLogBase.append(RaftLogBase.java:337)
	at org.apache.ratis.server.impl.RaftServerImpl.appendEntriesAsync(RaftServerImpl.java:1567)
	at org.apache.ratis.server.impl.RaftServerImpl.appendEntriesAsync(RaftServerImpl.java:1431)
	at org.apache.ratis.server.impl.RaftServerProxy.lambda$appendEntriesAsync$26(RaftServerProxy.java:639)
	at org.apache.ratis.util.JavaUtils.callAsUnchecked(JavaUtils.java:117)
	at org.apache.ratis.server.impl.RaftServerImpl.lambda$executeSubmitServerRequestAsync$10(RaftServerImpl.java:859)
	at java.base/java.util.concurrent.CompletableFuture$AsyncSupply.run(CompletableFuture.java:1700)
	... 3 more
2023-06-29 03:35:55,479 [grpc-default-executor-11] WARN  server.GrpcLogAppender (LogUtils.java:warn(124)) - s1@group-C92E7B86EDFC->s0-AppendLogResponseHandler: Failed appendEntries
org.apache.ratis.server.raftlog.RaftLogIOException: Log already failed at index 8 for task WriteLog:8: (t:2, i:8), STATEMACHINELOGENTRY, StateMachineLogEntryProto:377@client-E9B8430491AA
	at org.apache.ratis.server.raftlog.segmented.SegmentedRaftLogWorker.run(SegmentedRaftLogWorker.java:315)
	at java.base/java.util.concurrent.Executors$RunnableAdapter.call(Executors.java:515)
	at java.base/java.util.concurrent.FutureTask.run(FutureTask.java:264)
	at java.base/java.util.concurrent.ThreadPoolExecutor.runWorker(ThreadPoolExecutor.java:1128)
	at java.base/java.util.concurrent.ThreadPoolExecutor$Worker.run(ThreadPoolExecutor.java:628)
	at java.base/java.lang.Thread.run(Thread.java:829)
Caused by: java.io.IOException: java.lang.IllegalStateException: Null stream: entry=term: 2
index: 8
stateMachineLogEntry {
  type: DATASTREAM
  clientId: "J\000\\\302\362\322H[\226\355\351\270C\004\221\252"
  callId: 377
}

	at org.apache.ratis.util.IOUtils.asIOException(IOUtils.java:56)
	at org.apache.ratis.util.IOUtils.toIOException(IOUtils.java:61)
	at org.apache.ratis.util.IOUtils.getFromFuture(IOUtils.java:85)
	at org.apache.ratis.server.raftlog.segmented.SegmentedRaftLogWorker$StateMachineDataPolicy.getFromFuture(SegmentedRaftLogWorker.java:88)
	at org.apache.ratis.server.raftlog.segmented.SegmentedRaftLogWorker$WriteLog.execute(SegmentedRaftLogWorker.java:535)
	at org.apache.ratis.server.raftlog.segmented.SegmentedRaftLogWorker.run(SegmentedRaftLogWorker.java:303)
	... 5 more
Caused by: java.lang.IllegalStateException: Null stream: entry=term: 2
index: 8
stateMachineLogEntry {
  type: DATASTREAM
  clientId: "J\000\\\302\362\322H[\226\355\351\270C\004\221\252"
  callId: 377
}

	at org.apache.ratis.datastream.DataStreamTestUtils$MultiDataStreamStateMachine.link(DataStreamTestUtils.java:159)
	at org.apache.ratis.server.raftlog.segmented.SegmentedRaftLogWorker$WriteLog.<init>(SegmentedRaftLogWorker.java:492)
	at org.apache.ratis.server.raftlog.segmented.SegmentedRaftLogWorker.writeLogEntry(SegmentedRaftLogWorker.java:438)
	at org.apache.ratis.server.raftlog.segmented.SegmentedRaftLog.appendEntryImpl(SegmentedRaftLog.java:409)
	at org.apache.ratis.server.raftlog.RaftLogBase.lambda$appendEntry$10(RaftLogBase.java:330)
	at org.apache.ratis.server.raftlog.RaftLogSequentialOps$Runner.runSequentially(RaftLogSequentialOps.java:78)
	at org.apache.ratis.server.raftlog.RaftLogBase.appendEntry(RaftLogBase.java:330)
	at org.apache.ratis.server.raftlog.segmented.SegmentedRaftLog.appendImpl(SegmentedRaftLog.java:457)
	at org.apache.ratis.server.raftlog.RaftLogBase.lambda$append$11(RaftLogBase.java:337)
	at org.apache.ratis.server.raftlog.RaftLogSequentialOps$Runner.runSequentially(RaftLogSequentialOps.java:69)
	at org.apache.ratis.server.raftlog.RaftLogBase.append(RaftLogBase.java:337)
	at org.apache.ratis.server.impl.RaftServerImpl.appendEntriesAsync(RaftServerImpl.java:1567)
	at org.apache.ratis.server.impl.RaftServerImpl.appendEntriesAsync(RaftServerImpl.java:1431)
	at org.apache.ratis.server.impl.RaftServerProxy.lambda$appendEntriesAsync$26(RaftServerProxy.java:639)
	at org.apache.ratis.util.JavaUtils.callAsUnchecked(JavaUtils.java:117)
	at org.apache.ratis.server.impl.RaftServerImpl.lambda$executeSubmitServerRequestAsync$10(RaftServerImpl.java:859)
	at java.base/java.util.concurrent.CompletableFuture$AsyncSupply.run(CompletableFuture.java:1700)
	... 3 more
2023-06-29 03:35:55,479 [grpc-default-executor-11] INFO  leader.FollowerInfo (FollowerInfoImpl.java:lambda$new$0(52)) - s1@group-C92E7B86EDFC->s0: decreaseNextIndex nextIndex: updateUnconditionally 24 -> 22
2023-06-29 03:35:58,306 [timer4] WARN  grpc.GrpcUtil (GrpcUtil.java:shutdownManagedChannel(223)) - Timed out gracefully shutting down connection: ManagedChannelOrphanWrapper{delegate=ManagedChannelImpl{logId=1622, target=localhost:43533}}. 
2023-06-29 03:35:58,510 [timer1] WARN  grpc.GrpcUtil (GrpcUtil.java:shutdownManagedChannel(223)) - Timed out gracefully shutting down connection: ManagedChannelOrphanWrapper{delegate=ManagedChannelImpl{logId=1650, target=localhost:43533}}. 
2023-06-29 03:36:01,307 [timer4] WARN  grpc.GrpcUtil (GrpcUtil.java:shutdownManagedChannel(223)) - Timed out gracefully shutting down connection: ManagedChannelOrphanWrapper{delegate=ManagedChannelImpl{logId=1636, target=localhost:43533}}. 
2023-06-29 03:36:01,312 [s1-client-thread2] INFO  statemachine.StateMachine (DataStreamTestUtils.java:link(157)) - link null
2023-06-29 03:36:01,313 [s0-server-thread1] INFO  statemachine.StateMachine (DataStreamTestUtils.java:link(157)) - link null
2023-06-29 03:36:01,313 [s2-server-thread2] INFO  statemachine.StateMachine (DataStreamTestUtils.java:link(157)) - link null
2023-06-29 03:36:01,313 [s0-server-thread1] WARN  server.GrpcServerProtocolService (LogUtils.java:warn(124)) - s0: Failed APPEND_ENTRIES request s1->s0#1772-t2,previous=(t:2, i:23),leaderCommit=7,initializing? true,entries: size=1, first=(t:2, i:24), STATEMACHINELOGENTRY, 383@client-1DC5253A1C40
java.util.concurrent.CompletionException: org.apache.ratis.server.raftlog.RaftLogIOException: Log already failed at index 8 for task WriteLog:8: (t:2, i:8), STATEMACHINELOGENTRY, StateMachineLogEntryProto:377@client-E9B8430491AA
	at java.base/java.util.concurrent.CompletableFuture.encodeThrowable(CompletableFuture.java:331)
	at java.base/java.util.concurrent.CompletableFuture.completeThrowable(CompletableFuture.java:346)
	at java.base/java.util.concurrent.CompletableFuture$BiRelay.tryFire(CompletableFuture.java:1423)
	at java.base/java.util.concurrent.CompletableFuture$CoCompletion.tryFire(CompletableFuture.java:1144)
	at java.base/java.util.concurrent.CompletableFuture.postComplete(CompletableFuture.java:506)
	at java.base/java.util.concurrent.CompletableFuture.completeExceptionally(CompletableFuture.java:2088)
	at org.apache.ratis.server.raftlog.segmented.SegmentedRaftLog$Task.failed(SegmentedRaftLog.java:105)
	at org.apache.ratis.server.raftlog.segmented.SegmentedRaftLogWorker$WriteLog.failed(SegmentedRaftLogWorker.java:514)
	at org.apache.ratis.server.raftlog.segmented.SegmentedRaftLogWorker.run(SegmentedRaftLogWorker.java:312)
	at java.base/java.util.concurrent.Executors$RunnableAdapter.call(Executors.java:515)
	at java.base/java.util.concurrent.FutureTask.run(FutureTask.java:264)
	at java.base/java.util.concurrent.ThreadPoolExecutor.runWorker(ThreadPoolExecutor.java:1128)
	at java.base/java.util.concurrent.ThreadPoolExecutor$Worker.run(ThreadPoolExecutor.java:628)
	at java.base/java.lang.Thread.run(Thread.java:829)
Caused by: org.apache.ratis.server.raftlog.RaftLogIOException: Log already failed at index 8 for task WriteLog:8: (t:2, i:8), STATEMACHINELOGENTRY, StateMachineLogEntryProto:377@client-E9B8430491AA
	at org.apache.ratis.server.raftlog.segmented.SegmentedRaftLogWorker.run(SegmentedRaftLogWorker.java:315)
	... 5 more
Caused by: java.io.IOException: java.lang.IllegalStateException: Null stream: entry=term: 2
index: 8
stateMachineLogEntry {
  type: DATASTREAM
  clientId: "J\000\\\302\362\322H[\226\355\351\270C\004\221\252"
  callId: 377
}

	at org.apache.ratis.util.IOUtils.asIOException(IOUtils.java:56)
	at org.apache.ratis.util.IOUtils.toIOException(IOUtils.java:61)
	at org.apache.ratis.util.IOUtils.getFromFuture(IOUtils.java:85)
	at org.apache.ratis.server.raftlog.segmented.SegmentedRaftLogWorker$StateMachineDataPolicy.getFromFuture(SegmentedRaftLogWorker.java:88)
	at org.apache.ratis.server.raftlog.segmented.SegmentedRaftLogWorker$WriteLog.execute(SegmentedRaftLogWorker.java:535)
	at org.apache.ratis.server.raftlog.segmented.SegmentedRaftLogWorker.run(SegmentedRaftLogWorker.java:303)
	... 5 more
Caused by: java.lang.IllegalStateException: Null stream: entry=term: 2
index: 8
stateMachineLogEntry {
  type: DATASTREAM
  clientId: "J\000\\\302\362\322H[\226\355\351\270C\004\221\252"
  callId: 377
}

	at org.apache.ratis.datastream.DataStreamTestUtils$MultiDataStreamStateMachine.link(DataStreamTestUtils.java:159)
	at org.apache.ratis.server.raftlog.segmented.SegmentedRaftLogWorker$WriteLog.<init>(SegmentedRaftLogWorker.java:492)
	at org.apache.ratis.server.raftlog.segmented.SegmentedRaftLogWorker.writeLogEntry(SegmentedRaftLogWorker.java:438)
	at org.apache.ratis.server.raftlog.segmented.SegmentedRaftLog.appendEntryImpl(SegmentedRaftLog.java:409)
	at org.apache.ratis.server.raftlog.RaftLogBase.lambda$appendEntry$10(RaftLogBase.java:330)
	at org.apache.ratis.server.raftlog.RaftLogSequentialOps$Runner.runSequentially(RaftLogSequentialOps.java:78)
	at org.apache.ratis.server.raftlog.RaftLogBase.appendEntry(RaftLogBase.java:330)
	at org.apache.ratis.server.raftlog.segmented.SegmentedRaftLog.appendImpl(SegmentedRaftLog.java:457)
	at org.apache.ratis.server.raftlog.RaftLogBase.lambda$append$11(RaftLogBase.java:337)
	at org.apache.ratis.server.raftlog.RaftLogSequentialOps$Runner.runSequentially(RaftLogSequentialOps.java:69)
	at org.apache.ratis.server.raftlog.RaftLogBase.append(RaftLogBase.java:337)
	at org.apache.ratis.server.impl.RaftServerImpl.appendEntriesAsync(RaftServerImpl.java:1567)
	at org.apache.ratis.server.impl.RaftServerImpl.appendEntriesAsync(RaftServerImpl.java:1431)
	at org.apache.ratis.server.impl.RaftServerProxy.lambda$appendEntriesAsync$26(RaftServerProxy.java:639)
	at org.apache.ratis.util.JavaUtils.callAsUnchecked(JavaUtils.java:117)
	at org.apache.ratis.server.impl.RaftServerImpl.lambda$executeSubmitServerRequestAsync$10(RaftServerImpl.java:859)
	at java.base/java.util.concurrent.CompletableFuture$AsyncSupply.run(CompletableFuture.java:1700)
	... 3 more
2023-06-29 03:36:01,313 [grpc-default-executor-11] WARN  server.GrpcServerProtocolService (LogUtils.java:warn(124)) - s2: Failed APPEND_ENTRIES request s1->s2#1770-t2,previous=(t:2, i:23),leaderCommit=7,initializing? true,entries: size=1, first=(t:2, i:24), STATEMACHINELOGENTRY, 383@client-1DC5253A1C40
java.util.concurrent.CompletionException: org.apache.ratis.server.raftlog.RaftLogIOException: Log already failed at index 8 for task WriteLog:8: (t:2, i:8), STATEMACHINELOGENTRY, StateMachineLogEntryProto:377@client-E9B8430491AA
	at java.base/java.util.concurrent.CompletableFuture.encodeThrowable(CompletableFuture.java:331)
	at java.base/java.util.concurrent.CompletableFuture.completeThrowable(CompletableFuture.java:346)
	at java.base/java.util.concurrent.CompletableFuture$BiRelay.tryFire(CompletableFuture.java:1423)
	at java.base/java.util.concurrent.CompletableFuture$CoCompletion.tryFire(CompletableFuture.java:1144)
	at java.base/java.util.concurrent.CompletableFuture.postComplete(CompletableFuture.java:506)
	at java.base/java.util.concurrent.CompletableFuture.completeExceptionally(CompletableFuture.java:2088)
	at org.apache.ratis.server.raftlog.segmented.SegmentedRaftLog$Task.failed(SegmentedRaftLog.java:105)
	at org.apache.ratis.server.raftlog.segmented.SegmentedRaftLogWorker$WriteLog.failed(SegmentedRaftLogWorker.java:514)
	at org.apache.ratis.server.raftlog.segmented.SegmentedRaftLogWorker.run(SegmentedRaftLogWorker.java:312)
	at java.base/java.util.concurrent.Executors$RunnableAdapter.call(Executors.java:515)
	at java.base/java.util.concurrent.FutureTask.run(FutureTask.java:264)
	at java.base/java.util.concurrent.ThreadPoolExecutor.runWorker(ThreadPoolExecutor.java:1128)
	at java.base/java.util.concurrent.ThreadPoolExecutor$Worker.run(ThreadPoolExecutor.java:628)
	at java.base/java.lang.Thread.run(Thread.java:829)
Caused by: org.apache.ratis.server.raftlog.RaftLogIOException: Log already failed at index 8 for task WriteLog:8: (t:2, i:8), STATEMACHINELOGENTRY, StateMachineLogEntryProto:377@client-E9B8430491AA
	at org.apache.ratis.server.raftlog.segmented.SegmentedRaftLogWorker.run(SegmentedRaftLogWorker.java:315)
	... 5 more
Caused by: java.io.IOException: java.lang.IllegalStateException: Null stream: entry=term: 2
index: 8
stateMachineLogEntry {
  type: DATASTREAM
  clientId: "J\000\\\302\362\322H[\226\355\351\270C\004\221\252"
  callId: 377
}

	at org.apache.ratis.util.IOUtils.asIOException(IOUtils.java:56)
	at org.apache.ratis.util.IOUtils.toIOException(IOUtils.java:61)
	at org.apache.ratis.util.IOUtils.getFromFuture(IOUtils.java:85)
	at org.apache.ratis.server.raftlog.segmented.SegmentedRaftLogWorker$StateMachineDataPolicy.getFromFuture(SegmentedRaftLogWorker.java:88)
	at org.apache.ratis.server.raftlog.segmented.SegmentedRaftLogWorker$WriteLog.execute(SegmentedRaftLogWorker.java:535)
	at org.apache.ratis.server.raftlog.segmented.SegmentedRaftLogWorker.run(SegmentedRaftLogWorker.java:303)
	... 5 more
Caused by: java.lang.IllegalStateException: Null stream: entry=term: 2
index: 8
stateMachineLogEntry {
  type: DATASTREAM
  clientId: "J\000\\\302\362\322H[\226\355\351\270C\004\221\252"
  callId: 377
}

	at org.apache.ratis.datastream.DataStreamTestUtils$MultiDataStreamStateMachine.link(DataStreamTestUtils.java:159)
	at org.apache.ratis.server.raftlog.segmented.SegmentedRaftLogWorker$WriteLog.<init>(SegmentedRaftLogWorker.java:492)
	at org.apache.ratis.server.raftlog.segmented.SegmentedRaftLogWorker.writeLogEntry(SegmentedRaftLogWorker.java:438)
	at org.apache.ratis.server.raftlog.segmented.SegmentedRaftLog.appendEntryImpl(SegmentedRaftLog.java:409)
	at org.apache.ratis.server.raftlog.RaftLogBase.lambda$appendEntry$10(RaftLogBase.java:330)
	at org.apache.ratis.server.raftlog.RaftLogSequentialOps$Runner.runSequentially(RaftLogSequentialOps.java:78)
	at org.apache.ratis.server.raftlog.RaftLogBase.appendEntry(RaftLogBase.java:330)
	at org.apache.ratis.server.raftlog.segmented.SegmentedRaftLog.appendImpl(SegmentedRaftLog.java:457)
	at org.apache.ratis.server.raftlog.RaftLogBase.lambda$append$11(RaftLogBase.java:337)
	at org.apache.ratis.server.raftlog.RaftLogSequentialOps$Runner.runSequentially(RaftLogSequentialOps.java:69)
	at org.apache.ratis.server.raftlog.RaftLogBase.append(RaftLogBase.java:337)
	at org.apache.ratis.server.impl.RaftServerImpl.appendEntriesAsync(RaftServerImpl.java:1567)
	at org.apache.ratis.server.impl.RaftServerImpl.appendEntriesAsync(RaftServerImpl.java:1431)
	at org.apache.ratis.server.impl.RaftServerProxy.lambda$appendEntriesAsync$26(RaftServerProxy.java:639)
	at org.apache.ratis.util.JavaUtils.callAsUnchecked(JavaUtils.java:117)
	at org.apache.ratis.server.impl.RaftServerImpl.lambda$executeSubmitServerRequestAsync$10(RaftServerImpl.java:859)
	at java.base/java.util.concurrent.CompletableFuture$AsyncSupply.run(CompletableFuture.java:1700)
	... 3 more
2023-06-29 03:36:01,324 [grpc-default-executor-7] WARN  server.GrpcLogAppender (LogUtils.java:warn(124)) - s1@group-C92E7B86EDFC->s0-AppendLogResponseHandler: Failed appendEntries
org.apache.ratis.server.raftlog.RaftLogIOException: Log already failed at index 8 for task WriteLog:8: (t:2, i:8), STATEMACHINELOGENTRY, StateMachineLogEntryProto:377@client-E9B8430491AA
	at org.apache.ratis.server.raftlog.segmented.SegmentedRaftLogWorker.run(SegmentedRaftLogWorker.java:315)
	at java.base/java.util.concurrent.Executors$RunnableAdapter.call(Executors.java:515)
	at java.base/java.util.concurrent.FutureTask.run(FutureTask.java:264)
	at java.base/java.util.concurrent.ThreadPoolExecutor.runWorker(ThreadPoolExecutor.java:1128)
	at java.base/java.util.concurrent.ThreadPoolExecutor$Worker.run(ThreadPoolExecutor.java:628)
	at java.base/java.lang.Thread.run(Thread.java:829)
Caused by: java.io.IOException: java.lang.IllegalStateException: Null stream: entry=term: 2
index: 8
stateMachineLogEntry {
  type: DATASTREAM
  clientId: "J\000\\\302\362\322H[\226\355\351\270C\004\221\252"
  callId: 377
}

	at org.apache.ratis.util.IOUtils.asIOException(IOUtils.java:56)
	at org.apache.ratis.util.IOUtils.toIOException(IOUtils.java:61)
	at org.apache.ratis.util.IOUtils.getFromFuture(IOUtils.java:85)
	at org.apache.ratis.server.raftlog.segmented.SegmentedRaftLogWorker$StateMachineDataPolicy.getFromFuture(SegmentedRaftLogWorker.java:88)
	at org.apache.ratis.server.raftlog.segmented.SegmentedRaftLogWorker$WriteLog.execute(SegmentedRaftLogWorker.java:535)
	at org.apache.ratis.server.raftlog.segmented.SegmentedRaftLogWorker.run(SegmentedRaftLogWorker.java:303)
	... 5 more
Caused by: java.lang.IllegalStateException: Null stream: entry=term: 2
index: 8
stateMachineLogEntry {
  type: DATASTREAM
  clientId: "J\000\\\302\362\322H[\226\355\351\270C\004\221\252"
  callId: 377
}

	at org.apache.ratis.datastream.DataStreamTestUtils$MultiDataStreamStateMachine.link(DataStreamTestUtils.java:159)
	at org.apache.ratis.server.raftlog.segmented.SegmentedRaftLogWorker$WriteLog.<init>(SegmentedRaftLogWorker.java:492)
	at org.apache.ratis.server.raftlog.segmented.SegmentedRaftLogWorker.writeLogEntry(SegmentedRaftLogWorker.java:438)
	at org.apache.ratis.server.raftlog.segmented.SegmentedRaftLog.appendEntryImpl(SegmentedRaftLog.java:409)
	at org.apache.ratis.server.raftlog.RaftLogBase.lambda$appendEntry$10(RaftLogBase.java:330)
	at org.apache.ratis.server.raftlog.RaftLogSequentialOps$Runner.runSequentially(RaftLogSequentialOps.java:78)
	at org.apache.ratis.server.raftlog.RaftLogBase.appendEntry(RaftLogBase.java:330)
	at org.apache.ratis.server.raftlog.segmented.SegmentedRaftLog.appendImpl(SegmentedRaftLog.java:457)
	at org.apache.ratis.server.raftlog.RaftLogBase.lambda$append$11(RaftLogBase.java:337)
	at org.apache.ratis.server.raftlog.RaftLogSequentialOps$Runner.runSequentially(RaftLogSequentialOps.java:69)
	at org.apache.ratis.server.raftlog.RaftLogBase.append(RaftLogBase.java:337)
	at org.apache.ratis.server.impl.RaftServerImpl.appendEntriesAsync(RaftServerImpl.java:1567)
	at org.apache.ratis.server.impl.RaftServerImpl.appendEntriesAsync(RaftServerImpl.java:1431)
	at org.apache.ratis.server.impl.RaftServerProxy.lambda$appendEntriesAsync$26(RaftServerProxy.java:639)
	at org.apache.ratis.util.JavaUtils.callAsUnchecked(JavaUtils.java:117)
	at org.apache.ratis.server.impl.RaftServerImpl.lambda$executeSubmitServerRequestAsync$10(RaftServerImpl.java:859)
	at java.base/java.util.concurrent.CompletableFuture$AsyncSupply.run(CompletableFuture.java:1700)
	... 3 more
2023-06-29 03:36:01,324 [grpc-default-executor-7] INFO  leader.FollowerInfo (FollowerInfoImpl.java:lambda$new$0(52)) - s1@group-C92E7B86EDFC->s0: decreaseNextIndex nextIndex: updateUnconditionally 25 -> 24
2023-06-29 03:36:01,331 [grpc-default-executor-11] WARN  server.GrpcLogAppender (LogUtils.java:warn(124)) - s1@group-C92E7B86EDFC->s2-AppendLogResponseHandler: Failed appendEntries
org.apache.ratis.server.raftlog.RaftLogIOException: Log already failed at index 8 for task WriteLog:8: (t:2, i:8), STATEMACHINELOGENTRY, StateMachineLogEntryProto:377@client-E9B8430491AA
	at org.apache.ratis.server.raftlog.segmented.SegmentedRaftLogWorker.run(SegmentedRaftLogWorker.java:315)
	at java.base/java.util.concurrent.Executors$RunnableAdapter.call(Executors.java:515)
	at java.base/java.util.concurrent.FutureTask.run(FutureTask.java:264)
	at java.base/java.util.concurrent.ThreadPoolExecutor.runWorker(ThreadPoolExecutor.java:1128)
	at java.base/java.util.concurrent.ThreadPoolExecutor$Worker.run(ThreadPoolExecutor.java:628)
	at java.base/java.lang.Thread.run(Thread.java:829)
Caused by: java.io.IOException: java.lang.IllegalStateException: Null stream: entry=term: 2
index: 8
stateMachineLogEntry {
  type: DATASTREAM
  clientId: "J\000\\\302\362\322H[\226\355\351\270C\004\221\252"
  callId: 377
}

	at org.apache.ratis.util.IOUtils.asIOException(IOUtils.java:56)
	at org.apache.ratis.util.IOUtils.toIOException(IOUtils.java:61)
	at org.apache.ratis.util.IOUtils.getFromFuture(IOUtils.java:85)
	at org.apache.ratis.server.raftlog.segmented.SegmentedRaftLogWorker$StateMachineDataPolicy.getFromFuture(SegmentedRaftLogWorker.java:88)
	at org.apache.ratis.server.raftlog.segmented.SegmentedRaftLogWorker$WriteLog.execute(SegmentedRaftLogWorker.java:535)
	at org.apache.ratis.server.raftlog.segmented.SegmentedRaftLogWorker.run(SegmentedRaftLogWorker.java:303)
	... 5 more
Caused by: java.lang.IllegalStateException: Null stream: entry=term: 2
index: 8
stateMachineLogEntry {
  type: DATASTREAM
  clientId: "J\000\\\302\362\322H[\226\355\351\270C\004\221\252"
  callId: 377
}

	at org.apache.ratis.datastream.DataStreamTestUtils$MultiDataStreamStateMachine.link(DataStreamTestUtils.java:159)
	at org.apache.ratis.server.raftlog.segmented.SegmentedRaftLogWorker$WriteLog.<init>(SegmentedRaftLogWorker.java:492)
	at org.apache.ratis.server.raftlog.segmented.SegmentedRaftLogWorker.writeLogEntry(SegmentedRaftLogWorker.java:438)
	at org.apache.ratis.server.raftlog.segmented.SegmentedRaftLog.appendEntryImpl(SegmentedRaftLog.java:409)
	at org.apache.ratis.server.raftlog.RaftLogBase.lambda$appendEntry$10(RaftLogBase.java:330)
	at org.apache.ratis.server.raftlog.RaftLogSequentialOps$Runner.runSequentially(RaftLogSequentialOps.java:78)
	at org.apache.ratis.server.raftlog.RaftLogBase.appendEntry(RaftLogBase.java:330)
	at org.apache.ratis.server.raftlog.segmented.SegmentedRaftLog.appendImpl(SegmentedRaftLog.java:457)
	at org.apache.ratis.server.raftlog.RaftLogBase.lambda$append$11(RaftLogBase.java:337)
	at org.apache.ratis.server.raftlog.RaftLogSequentialOps$Runner.runSequentially(RaftLogSequentialOps.java:69)
	at org.apache.ratis.server.raftlog.RaftLogBase.append(RaftLogBase.java:337)
	at org.apache.ratis.server.impl.RaftServerImpl.appendEntriesAsync(RaftServerImpl.java:1567)
	at org.apache.ratis.server.impl.RaftServerImpl.appendEntriesAsync(RaftServerImpl.java:1431)
	at org.apache.ratis.server.impl.RaftServerProxy.lambda$appendEntriesAsync$26(RaftServerProxy.java:639)
	at org.apache.ratis.util.JavaUtils.callAsUnchecked(JavaUtils.java:117)
	at org.apache.ratis.server.impl.RaftServerImpl.lambda$executeSubmitServerRequestAsync$10(RaftServerImpl.java:859)
	at java.base/java.util.concurrent.CompletableFuture$AsyncSupply.run(CompletableFuture.java:1700)
	... 3 more
2023-06-29 03:36:01,331 [grpc-default-executor-11] INFO  leader.FollowerInfo (FollowerInfoImpl.java:lambda$new$0(52)) - s1@group-C92E7B86EDFC->s2: decreaseNextIndex nextIndex: updateUnconditionally 25 -> 24
2023-06-29 03:36:01,405 [timer6] WARN  grpc.GrpcUtil (GrpcUtil.java:shutdownManagedChannel(223)) - Timed out gracefully shutting down connection: ManagedChannelOrphanWrapper{delegate=ManagedChannelImpl{logId=1671, target=localhost:43533}}. 
2023-06-29 03:36:01,415 [s1-client-thread2] INFO  statemachine.StateMachine (DataStreamTestUtils.java:link(157)) - link null
2023-06-29 03:36:01,416 [s2-server-thread2] INFO  statemachine.StateMachine (DataStreamTestUtils.java:link(157)) - link null
2023-06-29 03:36:01,416 [grpc-default-executor-11] WARN  server.GrpcServerProtocolService (LogUtils.java:warn(124)) - s2: Failed APPEND_ENTRIES request s1->s2#1773-t2,previous=(t:2, i:24),leaderCommit=7,initializing? true,entries: size=1, first=(t:2, i:25), STATEMACHINELOGENTRY, 376@client-EBEB1F61990C
java.util.concurrent.CompletionException: org.apache.ratis.server.raftlog.RaftLogIOException: Log already failed at index 8 for task WriteLog:8: (t:2, i:8), STATEMACHINELOGENTRY, StateMachineLogEntryProto:377@client-E9B8430491AA
	at java.base/java.util.concurrent.CompletableFuture.encodeThrowable(CompletableFuture.java:331)
	at java.base/java.util.concurrent.CompletableFuture.completeThrowable(CompletableFuture.java:346)
	at java.base/java.util.concurrent.CompletableFuture$BiRelay.tryFire(CompletableFuture.java:1423)
	at java.base/java.util.concurrent.CompletableFuture$CoCompletion.tryFire(CompletableFuture.java:1144)
	at java.base/java.util.concurrent.CompletableFuture.postComplete(CompletableFuture.java:506)
	at java.base/java.util.concurrent.CompletableFuture.completeExceptionally(CompletableFuture.java:2088)
	at org.apache.ratis.server.raftlog.segmented.SegmentedRaftLog$Task.failed(SegmentedRaftLog.java:105)
	at org.apache.ratis.server.raftlog.segmented.SegmentedRaftLogWorker$WriteLog.failed(SegmentedRaftLogWorker.java:514)
	at org.apache.ratis.server.raftlog.segmented.SegmentedRaftLogWorker.run(SegmentedRaftLogWorker.java:312)
	at java.base/java.util.concurrent.Executors$RunnableAdapter.call(Executors.java:515)
	at java.base/java.util.concurrent.FutureTask.run(FutureTask.java:264)
	at java.base/java.util.concurrent.ThreadPoolExecutor.runWorker(ThreadPoolExecutor.java:1128)
	at java.base/java.util.concurrent.ThreadPoolExecutor$Worker.run(ThreadPoolExecutor.java:628)
	at java.base/java.lang.Thread.run(Thread.java:829)
Caused by: org.apache.ratis.server.raftlog.RaftLogIOException: Log already failed at index 8 for task WriteLog:8: (t:2, i:8), STATEMACHINELOGENTRY, StateMachineLogEntryProto:377@client-E9B8430491AA
	at org.apache.ratis.server.raftlog.segmented.SegmentedRaftLogWorker.run(SegmentedRaftLogWorker.java:315)
	... 5 more
Caused by: java.io.IOException: java.lang.IllegalStateException: Null stream: entry=term: 2
index: 8
stateMachineLogEntry {
  type: DATASTREAM
  clientId: "J\000\\\302\362\322H[\226\355\351\270C\004\221\252"
  callId: 377
}

	at org.apache.ratis.util.IOUtils.asIOException(IOUtils.java:56)
	at org.apache.ratis.util.IOUtils.toIOException(IOUtils.java:61)
	at org.apache.ratis.util.IOUtils.getFromFuture(IOUtils.java:85)
	at org.apache.ratis.server.raftlog.segmented.SegmentedRaftLogWorker$StateMachineDataPolicy.getFromFuture(SegmentedRaftLogWorker.java:88)
	at org.apache.ratis.server.raftlog.segmented.SegmentedRaftLogWorker$WriteLog.execute(SegmentedRaftLogWorker.java:535)
	at org.apache.ratis.server.raftlog.segmented.SegmentedRaftLogWorker.run(SegmentedRaftLogWorker.java:303)
	... 5 more
Caused by: java.lang.IllegalStateException: Null stream: entry=term: 2
index: 8
stateMachineLogEntry {
  type: DATASTREAM
  clientId: "J\000\\\302\362\322H[\226\355\351\270C\004\221\252"
  callId: 377
}

	at org.apache.ratis.datastream.DataStreamTestUtils$MultiDataStreamStateMachine.link(DataStreamTestUtils.java:159)
	at org.apache.ratis.server.raftlog.segmented.SegmentedRaftLogWorker$WriteLog.<init>(SegmentedRaftLogWorker.java:492)
	at org.apache.ratis.server.raftlog.segmented.SegmentedRaftLogWorker.writeLogEntry(SegmentedRaftLogWorker.java:438)
	at org.apache.ratis.server.raftlog.segmented.SegmentedRaftLog.appendEntryImpl(SegmentedRaftLog.java:409)
	at org.apache.ratis.server.raftlog.RaftLogBase.lambda$appendEntry$10(RaftLogBase.java:330)
	at org.apache.ratis.server.raftlog.RaftLogSequentialOps$Runner.runSequentially(RaftLogSequentialOps.java:78)
	at org.apache.ratis.server.raftlog.RaftLogBase.appendEntry(RaftLogBase.java:330)
	at org.apache.ratis.server.raftlog.segmented.SegmentedRaftLog.appendImpl(SegmentedRaftLog.java:457)
	at org.apache.ratis.server.raftlog.RaftLogBase.lambda$append$11(RaftLogBase.java:337)
	at org.apache.ratis.server.raftlog.RaftLogSequentialOps$Runner.runSequentially(RaftLogSequentialOps.java:69)
	at org.apache.ratis.server.raftlog.RaftLogBase.append(RaftLogBase.java:337)
	at org.apache.ratis.server.impl.RaftServerImpl.appendEntriesAsync(RaftServerImpl.java:1567)
	at org.apache.ratis.server.impl.RaftServerImpl.appendEntriesAsync(RaftServerImpl.java:1431)
	at org.apache.ratis.server.impl.RaftServerProxy.lambda$appendEntriesAsync$26(RaftServerProxy.java:639)
	at org.apache.ratis.util.JavaUtils.callAsUnchecked(JavaUtils.java:117)
	at org.apache.ratis.server.impl.RaftServerImpl.lambda$executeSubmitServerRequestAsync$10(RaftServerImpl.java:859)
	at java.base/java.util.concurrent.CompletableFuture$AsyncSupply.run(CompletableFuture.java:1700)
	... 3 more
2023-06-29 03:36:01,416 [s0-server-thread1] INFO  statemachine.StateMachine (DataStreamTestUtils.java:link(157)) - link null
2023-06-29 03:36:01,418 [grpc-default-executor-7] WARN  server.GrpcServerProtocolService (LogUtils.java:warn(124)) - s0: Failed APPEND_ENTRIES request s1->s0#1775-t2,previous=(t:2, i:24),leaderCommit=7,initializing? true,entries: size=1, first=(t:2, i:25), STATEMACHINELOGENTRY, 376@client-EBEB1F61990C
java.util.concurrent.CompletionException: org.apache.ratis.server.raftlog.RaftLogIOException: Log already failed at index 8 for task WriteLog:8: (t:2, i:8), STATEMACHINELOGENTRY, StateMachineLogEntryProto:377@client-E9B8430491AA
	at java.base/java.util.concurrent.CompletableFuture.encodeThrowable(CompletableFuture.java:331)
	at java.base/java.util.concurrent.CompletableFuture.completeThrowable(CompletableFuture.java:346)
	at java.base/java.util.concurrent.CompletableFuture$BiRelay.tryFire(CompletableFuture.java:1423)
	at java.base/java.util.concurrent.CompletableFuture$CoCompletion.tryFire(CompletableFuture.java:1144)
	at java.base/java.util.concurrent.CompletableFuture.postComplete(CompletableFuture.java:506)
	at java.base/java.util.concurrent.CompletableFuture.completeExceptionally(CompletableFuture.java:2088)
	at org.apache.ratis.server.raftlog.segmented.SegmentedRaftLog$Task.failed(SegmentedRaftLog.java:105)
	at org.apache.ratis.server.raftlog.segmented.SegmentedRaftLogWorker$WriteLog.failed(SegmentedRaftLogWorker.java:514)
	at org.apache.ratis.server.raftlog.segmented.SegmentedRaftLogWorker.run(SegmentedRaftLogWorker.java:312)
	at java.base/java.util.concurrent.Executors$RunnableAdapter.call(Executors.java:515)
	at java.base/java.util.concurrent.FutureTask.run(FutureTask.java:264)
	at java.base/java.util.concurrent.ThreadPoolExecutor.runWorker(ThreadPoolExecutor.java:1128)
	at java.base/java.util.concurrent.ThreadPoolExecutor$Worker.run(ThreadPoolExecutor.java:628)
	at java.base/java.lang.Thread.run(Thread.java:829)
Caused by: org.apache.ratis.server.raftlog.RaftLogIOException: Log already failed at index 8 for task WriteLog:8: (t:2, i:8), STATEMACHINELOGENTRY, StateMachineLogEntryProto:377@client-E9B8430491AA
	at org.apache.ratis.server.raftlog.segmented.SegmentedRaftLogWorker.run(SegmentedRaftLogWorker.java:315)
	... 5 more
Caused by: java.io.IOException: java.lang.IllegalStateException: Null stream: entry=term: 2
index: 8
stateMachineLogEntry {
  type: DATASTREAM
  clientId: "J\000\\\302\362\322H[\226\355\351\270C\004\221\252"
  callId: 377
}

	at org.apache.ratis.util.IOUtils.asIOException(IOUtils.java:56)
	at org.apache.ratis.util.IOUtils.toIOException(IOUtils.java:61)
	at org.apache.ratis.util.IOUtils.getFromFuture(IOUtils.java:85)
	at org.apache.ratis.server.raftlog.segmented.SegmentedRaftLogWorker$StateMachineDataPolicy.getFromFuture(SegmentedRaftLogWorker.java:88)
	at org.apache.ratis.server.raftlog.segmented.SegmentedRaftLogWorker$WriteLog.execute(SegmentedRaftLogWorker.java:535)
	at org.apache.ratis.server.raftlog.segmented.SegmentedRaftLogWorker.run(SegmentedRaftLogWorker.java:303)
	... 5 more
Caused by: java.lang.IllegalStateException: Null stream: entry=term: 2
index: 8
stateMachineLogEntry {
  type: DATASTREAM
  clientId: "J\000\\\302\362\322H[\226\355\351\270C\004\221\252"
  callId: 377
}

	at org.apache.ratis.datastream.DataStreamTestUtils$MultiDataStreamStateMachine.link(DataStreamTestUtils.java:159)
	at org.apache.ratis.server.raftlog.segmented.SegmentedRaftLogWorker$WriteLog.<init>(SegmentedRaftLogWorker.java:492)
	at org.apache.ratis.server.raftlog.segmented.SegmentedRaftLogWorker.writeLogEntry(SegmentedRaftLogWorker.java:438)
	at org.apache.ratis.server.raftlog.segmented.SegmentedRaftLog.appendEntryImpl(SegmentedRaftLog.java:409)
	at org.apache.ratis.server.raftlog.RaftLogBase.lambda$appendEntry$10(RaftLogBase.java:330)
	at org.apache.ratis.server.raftlog.RaftLogSequentialOps$Runner.runSequentially(RaftLogSequentialOps.java:78)
	at org.apache.ratis.server.raftlog.RaftLogBase.appendEntry(RaftLogBase.java:330)
	at org.apache.ratis.server.raftlog.segmented.SegmentedRaftLog.appendImpl(SegmentedRaftLog.java:457)
	at org.apache.ratis.server.raftlog.RaftLogBase.lambda$append$11(RaftLogBase.java:337)
	at org.apache.ratis.server.raftlog.RaftLogSequentialOps$Runner.runSequentially(RaftLogSequentialOps.java:69)
	at org.apache.ratis.server.raftlog.RaftLogBase.append(RaftLogBase.java:337)
	at org.apache.ratis.server.impl.RaftServerImpl.appendEntriesAsync(RaftServerImpl.java:1567)
	at org.apache.ratis.server.impl.RaftServerImpl.appendEntriesAsync(RaftServerImpl.java:1431)
	at org.apache.ratis.server.impl.RaftServerProxy.lambda$appendEntriesAsync$26(RaftServerProxy.java:639)
	at org.apache.ratis.util.JavaUtils.callAsUnchecked(JavaUtils.java:117)
	at org.apache.ratis.server.impl.RaftServerImpl.lambda$executeSubmitServerRequestAsync$10(RaftServerImpl.java:859)
	at java.base/java.util.concurrent.CompletableFuture$AsyncSupply.run(CompletableFuture.java:1700)
	... 3 more
2023-06-29 03:36:01,423 [grpc-default-executor-7] WARN  server.GrpcLogAppender (LogUtils.java:warn(124)) - s1@group-C92E7B86EDFC->s0-AppendLogResponseHandler: Failed appendEntries
org.apache.ratis.server.raftlog.RaftLogIOException: Log already failed at index 8 for task WriteLog:8: (t:2, i:8), STATEMACHINELOGENTRY, StateMachineLogEntryProto:377@client-E9B8430491AA
	at org.apache.ratis.server.raftlog.segmented.SegmentedRaftLogWorker.run(SegmentedRaftLogWorker.java:315)
	at java.base/java.util.concurrent.Executors$RunnableAdapter.call(Executors.java:515)
	at java.base/java.util.concurrent.FutureTask.run(FutureTask.java:264)
	at java.base/java.util.concurrent.ThreadPoolExecutor.runWorker(ThreadPoolExecutor.java:1128)
	at java.base/java.util.concurrent.ThreadPoolExecutor$Worker.run(ThreadPoolExecutor.java:628)
	at java.base/java.lang.Thread.run(Thread.java:829)
Caused by: java.io.IOException: java.lang.IllegalStateException: Null stream: entry=term: 2
index: 8
stateMachineLogEntry {
  type: DATASTREAM
  clientId: "J\000\\\302\362\322H[\226\355\351\270C\004\221\252"
  callId: 377
}

	at org.apache.ratis.util.IOUtils.asIOException(IOUtils.java:56)
	at org.apache.ratis.util.IOUtils.toIOException(IOUtils.java:61)
	at org.apache.ratis.util.IOUtils.getFromFuture(IOUtils.java:85)
	at org.apache.ratis.server.raftlog.segmented.SegmentedRaftLogWorker$StateMachineDataPolicy.getFromFuture(SegmentedRaftLogWorker.java:88)
	at org.apache.ratis.server.raftlog.segmented.SegmentedRaftLogWorker$WriteLog.execute(SegmentedRaftLogWorker.java:535)
	at org.apache.ratis.server.raftlog.segmented.SegmentedRaftLogWorker.run(SegmentedRaftLogWorker.java:303)
	... 5 more
Caused by: java.lang.IllegalStateException: Null stream: entry=term: 2
index: 8
stateMachineLogEntry {
  type: DATASTREAM
  clientId: "J\000\\\302\362\322H[\226\355\351\270C\004\221\252"
  callId: 377
}

	at org.apache.ratis.datastream.DataStreamTestUtils$MultiDataStreamStateMachine.link(DataStreamTestUtils.java:159)
	at org.apache.ratis.server.raftlog.segmented.SegmentedRaftLogWorker$WriteLog.<init>(SegmentedRaftLogWorker.java:492)
	at org.apache.ratis.server.raftlog.segmented.SegmentedRaftLogWorker.writeLogEntry(SegmentedRaftLogWorker.java:438)
	at org.apache.ratis.server.raftlog.segmented.SegmentedRaftLog.appendEntryImpl(SegmentedRaftLog.java:409)
	at org.apache.ratis.server.raftlog.RaftLogBase.lambda$appendEntry$10(RaftLogBase.java:330)
	at org.apache.ratis.server.raftlog.RaftLogSequentialOps$Runner.runSequentially(RaftLogSequentialOps.java:78)
	at org.apache.ratis.server.raftlog.RaftLogBase.appendEntry(RaftLogBase.java:330)
	at org.apache.ratis.server.raftlog.segmented.SegmentedRaftLog.appendImpl(SegmentedRaftLog.java:457)
	at org.apache.ratis.server.raftlog.RaftLogBase.lambda$append$11(RaftLogBase.java:337)
	at org.apache.ratis.server.raftlog.RaftLogSequentialOps$Runner.runSequentially(RaftLogSequentialOps.java:69)
	at org.apache.ratis.server.raftlog.RaftLogBase.append(RaftLogBase.java:337)
	at org.apache.ratis.server.impl.RaftServerImpl.appendEntriesAsync(RaftServerImpl.java:1567)
	at org.apache.ratis.server.impl.RaftServerImpl.appendEntriesAsync(RaftServerImpl.java:1431)
	at org.apache.ratis.server.impl.RaftServerProxy.lambda$appendEntriesAsync$26(RaftServerProxy.java:639)
	at org.apache.ratis.util.JavaUtils.callAsUnchecked(JavaUtils.java:117)
	at org.apache.ratis.server.impl.RaftServerImpl.lambda$executeSubmitServerRequestAsync$10(RaftServerImpl.java:859)
	at java.base/java.util.concurrent.CompletableFuture$AsyncSupply.run(CompletableFuture.java:1700)
	... 3 more
2023-06-29 03:36:01,423 [grpc-default-executor-7] INFO  leader.FollowerInfo (FollowerInfoImpl.java:lambda$new$0(52)) - s1@group-C92E7B86EDFC->s0: decreaseNextIndex nextIndex: updateUnconditionally 26 -> 25
2023-06-29 03:36:01,424 [grpc-default-executor-11] WARN  server.GrpcLogAppender (LogUtils.java:warn(124)) - s1@group-C92E7B86EDFC->s2-AppendLogResponseHandler: Failed appendEntries
org.apache.ratis.server.raftlog.RaftLogIOException: Log already failed at index 8 for task WriteLog:8: (t:2, i:8), STATEMACHINELOGENTRY, StateMachineLogEntryProto:377@client-E9B8430491AA
	at org.apache.ratis.server.raftlog.segmented.SegmentedRaftLogWorker.run(SegmentedRaftLogWorker.java:315)
	at java.base/java.util.concurrent.Executors$RunnableAdapter.call(Executors.java:515)
	at java.base/java.util.concurrent.FutureTask.run(FutureTask.java:264)
	at java.base/java.util.concurrent.ThreadPoolExecutor.runWorker(ThreadPoolExecutor.java:1128)
	at java.base/java.util.concurrent.ThreadPoolExecutor$Worker.run(ThreadPoolExecutor.java:628)
	at java.base/java.lang.Thread.run(Thread.java:829)
Caused by: java.io.IOException: java.lang.IllegalStateException: Null stream: entry=term: 2
index: 8
stateMachineLogEntry {
  type: DATASTREAM
  clientId: "J\000\\\302\362\322H[\226\355\351\270C\004\221\252"
  callId: 377
}

	at org.apache.ratis.util.IOUtils.asIOException(IOUtils.java:56)
	at org.apache.ratis.util.IOUtils.toIOException(IOUtils.java:61)
	at org.apache.ratis.util.IOUtils.getFromFuture(IOUtils.java:85)
	at org.apache.ratis.server.raftlog.segmented.SegmentedRaftLogWorker$StateMachineDataPolicy.getFromFuture(SegmentedRaftLogWorker.java:88)
	at org.apache.ratis.server.raftlog.segmented.SegmentedRaftLogWorker$WriteLog.execute(SegmentedRaftLogWorker.java:535)
	at org.apache.ratis.server.raftlog.segmented.SegmentedRaftLogWorker.run(SegmentedRaftLogWorker.java:303)
	... 5 more
Caused by: java.lang.IllegalStateException: Null stream: entry=term: 2
index: 8
stateMachineLogEntry {
  type: DATASTREAM
  clientId: "J\000\\\302\362\322H[\226\355\351\270C\004\221\252"
  callId: 377
}

	at org.apache.ratis.datastream.DataStreamTestUtils$MultiDataStreamStateMachine.link(DataStreamTestUtils.java:159)
	at org.apache.ratis.server.raftlog.segmented.SegmentedRaftLogWorker$WriteLog.<init>(SegmentedRaftLogWorker.java:492)
	at org.apache.ratis.server.raftlog.segmented.SegmentedRaftLogWorker.writeLogEntry(SegmentedRaftLogWorker.java:438)
	at org.apache.ratis.server.raftlog.segmented.SegmentedRaftLog.appendEntryImpl(SegmentedRaftLog.java:409)
	at org.apache.ratis.server.raftlog.RaftLogBase.lambda$appendEntry$10(RaftLogBase.java:330)
	at org.apache.ratis.server.raftlog.RaftLogSequentialOps$Runner.runSequentially(RaftLogSequentialOps.java:78)
	at org.apache.ratis.server.raftlog.RaftLogBase.appendEntry(RaftLogBase.java:330)
	at org.apache.ratis.server.raftlog.segmented.SegmentedRaftLog.appendImpl(SegmentedRaftLog.java:457)
	at org.apache.ratis.server.raftlog.RaftLogBase.lambda$append$11(RaftLogBase.java:337)
	at org.apache.ratis.server.raftlog.RaftLogSequentialOps$Runner.runSequentially(RaftLogSequentialOps.java:69)
	at org.apache.ratis.server.raftlog.RaftLogBase.append(RaftLogBase.java:337)
	at org.apache.ratis.server.impl.RaftServerImpl.appendEntriesAsync(RaftServerImpl.java:1567)
	at org.apache.ratis.server.impl.RaftServerImpl.appendEntriesAsync(RaftServerImpl.java:1431)
	at org.apache.ratis.server.impl.RaftServerProxy.lambda$appendEntriesAsync$26(RaftServerProxy.java:639)
	at org.apache.ratis.util.JavaUtils.callAsUnchecked(JavaUtils.java:117)
	at org.apache.ratis.server.impl.RaftServerImpl.lambda$executeSubmitServerRequestAsync$10(RaftServerImpl.java:859)
	at java.base/java.util.concurrent.CompletableFuture$AsyncSupply.run(CompletableFuture.java:1700)
	... 3 more
2023-06-29 03:36:01,424 [grpc-default-executor-11] INFO  leader.FollowerInfo (FollowerInfoImpl.java:lambda$new$0(52)) - s1@group-C92E7B86EDFC->s2: decreaseNextIndex nextIndex: updateUnconditionally 26 -> 25
2023-06-29 03:36:04,406 [timer6] WARN  grpc.GrpcUtil (GrpcUtil.java:shutdownManagedChannel(223)) - Timed out gracefully shutting down connection: ManagedChannelOrphanWrapper{delegate=ManagedChannelImpl{logId=1678, target=localhost:43533}}. 
2023-06-29 03:36:04,519 [timer4] WARN  grpc.GrpcUtil (GrpcUtil.java:shutdownManagedChannel(223)) - Timed out gracefully shutting down connection: ManagedChannelOrphanWrapper{delegate=ManagedChannelImpl{logId=1699, target=localhost:43533}}. 
2023-06-29 03:36:04,627 [s1-client-thread2] INFO  statemachine.StateMachine (DataStreamTestUtils.java:link(157)) - link null
2023-06-29 03:36:04,628 [s2-server-thread3] INFO  statemachine.StateMachine (DataStreamTestUtils.java:link(157)) - link null
2023-06-29 03:36:04,628 [s0-server-thread6] INFO  statemachine.StateMachine (DataStreamTestUtils.java:link(157)) - link null
2023-06-29 03:36:04,628 [s0-server-thread6] WARN  server.GrpcServerProtocolService (LogUtils.java:warn(124)) - s0: Failed APPEND_ENTRIES request s1->s0#1819-t2,previous=(t:2, i:25),leaderCommit=7,initializing? true,entries: size=1, first=(t:2, i:26), STATEMACHINELOGENTRY, 377@client-E9B8430491AA
java.util.concurrent.CompletionException: org.apache.ratis.server.raftlog.RaftLogIOException: Log already failed at index 8 for task WriteLog:8: (t:2, i:8), STATEMACHINELOGENTRY, StateMachineLogEntryProto:377@client-E9B8430491AA
	at java.base/java.util.concurrent.CompletableFuture.encodeThrowable(CompletableFuture.java:331)
	at java.base/java.util.concurrent.CompletableFuture.completeThrowable(CompletableFuture.java:346)
	at java.base/java.util.concurrent.CompletableFuture$BiRelay.tryFire(CompletableFuture.java:1423)
	at java.base/java.util.concurrent.CompletableFuture$CoCompletion.tryFire(CompletableFuture.java:1144)
	at java.base/java.util.concurrent.CompletableFuture.postComplete(CompletableFuture.java:506)
	at java.base/java.util.concurrent.CompletableFuture.completeExceptionally(CompletableFuture.java:2088)
	at org.apache.ratis.server.raftlog.segmented.SegmentedRaftLog$Task.failed(SegmentedRaftLog.java:105)
	at org.apache.ratis.server.raftlog.segmented.SegmentedRaftLogWorker$WriteLog.failed(SegmentedRaftLogWorker.java:514)
	at org.apache.ratis.server.raftlog.segmented.SegmentedRaftLogWorker.run(SegmentedRaftLogWorker.java:312)
	at java.base/java.util.concurrent.Executors$RunnableAdapter.call(Executors.java:515)
	at java.base/java.util.concurrent.FutureTask.run(FutureTask.java:264)
	at java.base/java.util.concurrent.ThreadPoolExecutor.runWorker(ThreadPoolExecutor.java:1128)
	at java.base/java.util.concurrent.ThreadPoolExecutor$Worker.run(ThreadPoolExecutor.java:628)
	at java.base/java.lang.Thread.run(Thread.java:829)
Caused by: org.apache.ratis.server.raftlog.RaftLogIOException: Log already failed at index 8 for task WriteLog:8: (t:2, i:8), STATEMACHINELOGENTRY, StateMachineLogEntryProto:377@client-E9B8430491AA
	at org.apache.ratis.server.raftlog.segmented.SegmentedRaftLogWorker.run(SegmentedRaftLogWorker.java:315)
	... 5 more
Caused by: java.io.IOException: java.lang.IllegalStateException: Null stream: entry=term: 2
index: 8
stateMachineLogEntry {
  type: DATASTREAM
  clientId: "J\000\\\302\362\322H[\226\355\351\270C\004\221\252"
  callId: 377
}

	at org.apache.ratis.util.IOUtils.asIOException(IOUtils.java:56)
	at org.apache.ratis.util.IOUtils.toIOException(IOUtils.java:61)
	at org.apache.ratis.util.IOUtils.getFromFuture(IOUtils.java:85)
	at org.apache.ratis.server.raftlog.segmented.SegmentedRaftLogWorker$StateMachineDataPolicy.getFromFuture(SegmentedRaftLogWorker.java:88)
	at org.apache.ratis.server.raftlog.segmented.SegmentedRaftLogWorker$WriteLog.execute(SegmentedRaftLogWorker.java:535)
	at org.apache.ratis.server.raftlog.segmented.SegmentedRaftLogWorker.run(SegmentedRaftLogWorker.java:303)
	... 5 more
Caused by: java.lang.IllegalStateException: Null stream: entry=term: 2
index: 8
stateMachineLogEntry {
  type: DATASTREAM
  clientId: "J\000\\\302\362\322H[\226\355\351\270C\004\221\252"
  callId: 377
}

	at org.apache.ratis.datastream.DataStreamTestUtils$MultiDataStreamStateMachine.link(DataStreamTestUtils.java:159)
	at org.apache.ratis.server.raftlog.segmented.SegmentedRaftLogWorker$WriteLog.<init>(SegmentedRaftLogWorker.java:492)
	at org.apache.ratis.server.raftlog.segmented.SegmentedRaftLogWorker.writeLogEntry(SegmentedRaftLogWorker.java:438)
	at org.apache.ratis.server.raftlog.segmented.SegmentedRaftLog.appendEntryImpl(SegmentedRaftLog.java:409)
	at org.apache.ratis.server.raftlog.RaftLogBase.lambda$appendEntry$10(RaftLogBase.java:330)
	at org.apache.ratis.server.raftlog.RaftLogSequentialOps$Runner.runSequentially(RaftLogSequentialOps.java:78)
	at org.apache.ratis.server.raftlog.RaftLogBase.appendEntry(RaftLogBase.java:330)
	at org.apache.ratis.server.raftlog.segmented.SegmentedRaftLog.appendImpl(SegmentedRaftLog.java:457)
	at org.apache.ratis.server.raftlog.RaftLogBase.lambda$append$11(RaftLogBase.java:337)
	at org.apache.ratis.server.raftlog.RaftLogSequentialOps$Runner.runSequentially(RaftLogSequentialOps.java:69)
	at org.apache.ratis.server.raftlog.RaftLogBase.append(RaftLogBase.java:337)
	at org.apache.ratis.server.impl.RaftServerImpl.appendEntriesAsync(RaftServerImpl.java:1567)
	at org.apache.ratis.server.impl.RaftServerImpl.appendEntriesAsync(RaftServerImpl.java:1431)
	at org.apache.ratis.server.impl.RaftServerProxy.lambda$appendEntriesAsync$26(RaftServerProxy.java:639)
	at org.apache.ratis.util.JavaUtils.callAsUnchecked(JavaUtils.java:117)
	at org.apache.ratis.server.impl.RaftServerImpl.lambda$executeSubmitServerRequestAsync$10(RaftServerImpl.java:859)
	at java.base/java.util.concurrent.CompletableFuture$AsyncSupply.run(CompletableFuture.java:1700)
	... 3 more
2023-06-29 03:36:04,628 [s2-server-thread3] WARN  server.GrpcServerProtocolService (LogUtils.java:warn(124)) - s2: Failed APPEND_ENTRIES request s1->s2#1817-t2,previous=(t:2, i:25),leaderCommit=7,initializing? true,entries: size=1, first=(t:2, i:26), STATEMACHINELOGENTRY, 377@client-E9B8430491AA
java.util.concurrent.CompletionException: org.apache.ratis.server.raftlog.RaftLogIOException: Log already failed at index 8 for task WriteLog:8: (t:2, i:8), STATEMACHINELOGENTRY, StateMachineLogEntryProto:377@client-E9B8430491AA
	at java.base/java.util.concurrent.CompletableFuture.encodeThrowable(CompletableFuture.java:331)
	at java.base/java.util.concurrent.CompletableFuture.completeThrowable(CompletableFuture.java:346)
	at java.base/java.util.concurrent.CompletableFuture$BiRelay.tryFire(CompletableFuture.java:1423)
	at java.base/java.util.concurrent.CompletableFuture$CoCompletion.tryFire(CompletableFuture.java:1144)
	at java.base/java.util.concurrent.CompletableFuture.postComplete(CompletableFuture.java:506)
	at java.base/java.util.concurrent.CompletableFuture.completeExceptionally(CompletableFuture.java:2088)
	at org.apache.ratis.server.raftlog.segmented.SegmentedRaftLog$Task.failed(SegmentedRaftLog.java:105)
	at org.apache.ratis.server.raftlog.segmented.SegmentedRaftLogWorker$WriteLog.failed(SegmentedRaftLogWorker.java:514)
	at org.apache.ratis.server.raftlog.segmented.SegmentedRaftLogWorker.run(SegmentedRaftLogWorker.java:312)
	at java.base/java.util.concurrent.Executors$RunnableAdapter.call(Executors.java:515)
	at java.base/java.util.concurrent.FutureTask.run(FutureTask.java:264)
	at java.base/java.util.concurrent.ThreadPoolExecutor.runWorker(ThreadPoolExecutor.java:1128)
	at java.base/java.util.concurrent.ThreadPoolExecutor$Worker.run(ThreadPoolExecutor.java:628)
	at java.base/java.lang.Thread.run(Thread.java:829)
Caused by: org.apache.ratis.server.raftlog.RaftLogIOException: Log already failed at index 8 for task WriteLog:8: (t:2, i:8), STATEMACHINELOGENTRY, StateMachineLogEntryProto:377@client-E9B8430491AA
	at org.apache.ratis.server.raftlog.segmented.SegmentedRaftLogWorker.run(SegmentedRaftLogWorker.java:315)
	... 5 more
Caused by: java.io.IOException: java.lang.IllegalStateException: Null stream: entry=term: 2
index: 8
stateMachineLogEntry {
  type: DATASTREAM
  clientId: "J\000\\\302\362\322H[\226\355\351\270C\004\221\252"
  callId: 377
}

	at org.apache.ratis.util.IOUtils.asIOException(IOUtils.java:56)
	at org.apache.ratis.util.IOUtils.toIOException(IOUtils.java:61)
	at org.apache.ratis.util.IOUtils.getFromFuture(IOUtils.java:85)
	at org.apache.ratis.server.raftlog.segmented.SegmentedRaftLogWorker$StateMachineDataPolicy.getFromFuture(SegmentedRaftLogWorker.java:88)
	at org.apache.ratis.server.raftlog.segmented.SegmentedRaftLogWorker$WriteLog.execute(SegmentedRaftLogWorker.java:535)
	at org.apache.ratis.server.raftlog.segmented.SegmentedRaftLogWorker.run(SegmentedRaftLogWorker.java:303)
	... 5 more
Caused by: java.lang.IllegalStateException: Null stream: entry=term: 2
index: 8
stateMachineLogEntry {
  type: DATASTREAM
  clientId: "J\000\\\302\362\322H[\226\355\351\270C\004\221\252"
  callId: 377
}

	at org.apache.ratis.datastream.DataStreamTestUtils$MultiDataStreamStateMachine.link(DataStreamTestUtils.java:159)
	at org.apache.ratis.server.raftlog.segmented.SegmentedRaftLogWorker$WriteLog.<init>(SegmentedRaftLogWorker.java:492)
	at org.apache.ratis.server.raftlog.segmented.SegmentedRaftLogWorker.writeLogEntry(SegmentedRaftLogWorker.java:438)
	at org.apache.ratis.server.raftlog.segmented.SegmentedRaftLog.appendEntryImpl(SegmentedRaftLog.java:409)
	at org.apache.ratis.server.raftlog.RaftLogBase.lambda$appendEntry$10(RaftLogBase.java:330)
	at org.apache.ratis.server.raftlog.RaftLogSequentialOps$Runner.runSequentially(RaftLogSequentialOps.java:78)
	at org.apache.ratis.server.raftlog.RaftLogBase.appendEntry(RaftLogBase.java:330)
	at org.apache.ratis.server.raftlog.segmented.SegmentedRaftLog.appendImpl(SegmentedRaftLog.java:457)
	at org.apache.ratis.server.raftlog.RaftLogBase.lambda$append$11(RaftLogBase.java:337)
	at org.apache.ratis.server.raftlog.RaftLogSequentialOps$Runner.runSequentially(RaftLogSequentialOps.java:69)
	at org.apache.ratis.server.raftlog.RaftLogBase.append(RaftLogBase.java:337)
	at org.apache.ratis.server.impl.RaftServerImpl.appendEntriesAsync(RaftServerImpl.java:1567)
	at org.apache.ratis.server.impl.RaftServerImpl.appendEntriesAsync(RaftServerImpl.java:1431)
	at org.apache.ratis.server.impl.RaftServerProxy.lambda$appendEntriesAsync$26(RaftServerProxy.java:639)
	at org.apache.ratis.util.JavaUtils.callAsUnchecked(JavaUtils.java:117)
	at org.apache.ratis.server.impl.RaftServerImpl.lambda$executeSubmitServerRequestAsync$10(RaftServerImpl.java:859)
	at java.base/java.util.concurrent.CompletableFuture$AsyncSupply.run(CompletableFuture.java:1700)
	... 3 more
2023-06-29 03:36:04,638 [grpc-default-executor-14] WARN  server.GrpcLogAppender (LogUtils.java:warn(124)) - s1@group-C92E7B86EDFC->s0-AppendLogResponseHandler: Failed appendEntries
org.apache.ratis.server.raftlog.RaftLogIOException: Log already failed at index 8 for task WriteLog:8: (t:2, i:8), STATEMACHINELOGENTRY, StateMachineLogEntryProto:377@client-E9B8430491AA
	at org.apache.ratis.server.raftlog.segmented.SegmentedRaftLogWorker.run(SegmentedRaftLogWorker.java:315)
	at java.base/java.util.concurrent.Executors$RunnableAdapter.call(Executors.java:515)
	at java.base/java.util.concurrent.FutureTask.run(FutureTask.java:264)
	at java.base/java.util.concurrent.ThreadPoolExecutor.runWorker(ThreadPoolExecutor.java:1128)
	at java.base/java.util.concurrent.ThreadPoolExecutor$Worker.run(ThreadPoolExecutor.java:628)
	at java.base/java.lang.Thread.run(Thread.java:829)
Caused by: java.io.IOException: java.lang.IllegalStateException: Null stream: entry=term: 2
index: 8
stateMachineLogEntry {
  type: DATASTREAM
  clientId: "J\000\\\302\362\322H[\226\355\351\270C\004\221\252"
  callId: 377
}

	at org.apache.ratis.util.IOUtils.asIOException(IOUtils.java:56)
	at org.apache.ratis.util.IOUtils.toIOException(IOUtils.java:61)
	at org.apache.ratis.util.IOUtils.getFromFuture(IOUtils.java:85)
	at org.apache.ratis.server.raftlog.segmented.SegmentedRaftLogWorker$StateMachineDataPolicy.getFromFuture(SegmentedRaftLogWorker.java:88)
	at org.apache.ratis.server.raftlog.segmented.SegmentedRaftLogWorker$WriteLog.execute(SegmentedRaftLogWorker.java:535)
	at org.apache.ratis.server.raftlog.segmented.SegmentedRaftLogWorker.run(SegmentedRaftLogWorker.java:303)
	... 5 more
Caused by: java.lang.IllegalStateException: Null stream: entry=term: 2
index: 8
stateMachineLogEntry {
  type: DATASTREAM
  clientId: "J\000\\\302\362\322H[\226\355\351\270C\004\221\252"
  callId: 377
}

	at org.apache.ratis.datastream.DataStreamTestUtils$MultiDataStreamStateMachine.link(DataStreamTestUtils.java:159)
	at org.apache.ratis.server.raftlog.segmented.SegmentedRaftLogWorker$WriteLog.<init>(SegmentedRaftLogWorker.java:492)
	at org.apache.ratis.server.raftlog.segmented.SegmentedRaftLogWorker.writeLogEntry(SegmentedRaftLogWorker.java:438)
	at org.apache.ratis.server.raftlog.segmented.SegmentedRaftLog.appendEntryImpl(SegmentedRaftLog.java:409)
	at org.apache.ratis.server.raftlog.RaftLogBase.lambda$appendEntry$10(RaftLogBase.java:330)
	at org.apache.ratis.server.raftlog.RaftLogSequentialOps$Runner.runSequentially(RaftLogSequentialOps.java:78)
	at org.apache.ratis.server.raftlog.RaftLogBase.appendEntry(RaftLogBase.java:330)
	at org.apache.ratis.server.raftlog.segmented.SegmentedRaftLog.appendImpl(SegmentedRaftLog.java:457)
	at org.apache.ratis.server.raftlog.RaftLogBase.lambda$append$11(RaftLogBase.java:337)
	at org.apache.ratis.server.raftlog.RaftLogSequentialOps$Runner.runSequentially(RaftLogSequentialOps.java:69)
	at org.apache.ratis.server.raftlog.RaftLogBase.append(RaftLogBase.java:337)
	at org.apache.ratis.server.impl.RaftServerImpl.appendEntriesAsync(RaftServerImpl.java:1567)
	at org.apache.ratis.server.impl.RaftServerImpl.appendEntriesAsync(RaftServerImpl.java:1431)
	at org.apache.ratis.server.impl.RaftServerProxy.lambda$appendEntriesAsync$26(RaftServerProxy.java:639)
	at org.apache.ratis.util.JavaUtils.callAsUnchecked(JavaUtils.java:117)
	at org.apache.ratis.server.impl.RaftServerImpl.lambda$executeSubmitServerRequestAsync$10(RaftServerImpl.java:859)
	at java.base/java.util.concurrent.CompletableFuture$AsyncSupply.run(CompletableFuture.java:1700)
	... 3 more
2023-06-29 03:36:04,638 [grpc-default-executor-14] INFO  leader.FollowerInfo (FollowerInfoImpl.java:lambda$new$0(52)) - s1@group-C92E7B86EDFC->s0: decreaseNextIndex nextIndex: updateUnconditionally 27 -> 26
2023-06-29 03:36:04,639 [grpc-default-executor-14] WARN  server.GrpcLogAppender (LogUtils.java:warn(124)) - s1@group-C92E7B86EDFC->s2-AppendLogResponseHandler: Failed appendEntries
org.apache.ratis.server.raftlog.RaftLogIOException: Log already failed at index 8 for task WriteLog:8: (t:2, i:8), STATEMACHINELOGENTRY, StateMachineLogEntryProto:377@client-E9B8430491AA
	at org.apache.ratis.server.raftlog.segmented.SegmentedRaftLogWorker.run(SegmentedRaftLogWorker.java:315)
	at java.base/java.util.concurrent.Executors$RunnableAdapter.call(Executors.java:515)
	at java.base/java.util.concurrent.FutureTask.run(FutureTask.java:264)
	at java.base/java.util.concurrent.ThreadPoolExecutor.runWorker(ThreadPoolExecutor.java:1128)
	at java.base/java.util.concurrent.ThreadPoolExecutor$Worker.run(ThreadPoolExecutor.java:628)
	at java.base/java.lang.Thread.run(Thread.java:829)
Caused by: java.io.IOException: java.lang.IllegalStateException: Null stream: entry=term: 2
index: 8
stateMachineLogEntry {
  type: DATASTREAM
  clientId: "J\000\\\302\362\322H[\226\355\351\270C\004\221\252"
  callId: 377
}

	at org.apache.ratis.util.IOUtils.asIOException(IOUtils.java:56)
	at org.apache.ratis.util.IOUtils.toIOException(IOUtils.java:61)
	at org.apache.ratis.util.IOUtils.getFromFuture(IOUtils.java:85)
	at org.apache.ratis.server.raftlog.segmented.SegmentedRaftLogWorker$StateMachineDataPolicy.getFromFuture(SegmentedRaftLogWorker.java:88)
	at org.apache.ratis.server.raftlog.segmented.SegmentedRaftLogWorker$WriteLog.execute(SegmentedRaftLogWorker.java:535)
	at org.apache.ratis.server.raftlog.segmented.SegmentedRaftLogWorker.run(SegmentedRaftLogWorker.java:303)
	... 5 more
Caused by: java.lang.IllegalStateException: Null stream: entry=term: 2
index: 8
stateMachineLogEntry {
  type: DATASTREAM
  clientId: "J\000\\\302\362\322H[\226\355\351\270C\004\221\252"
  callId: 377
}

	at org.apache.ratis.datastream.DataStreamTestUtils$MultiDataStreamStateMachine.link(DataStreamTestUtils.java:159)
	at org.apache.ratis.server.raftlog.segmented.SegmentedRaftLogWorker$WriteLog.<init>(SegmentedRaftLogWorker.java:492)
	at org.apache.ratis.server.raftlog.segmented.SegmentedRaftLogWorker.writeLogEntry(SegmentedRaftLogWorker.java:438)
	at org.apache.ratis.server.raftlog.segmented.SegmentedRaftLog.appendEntryImpl(SegmentedRaftLog.java:409)
	at org.apache.ratis.server.raftlog.RaftLogBase.lambda$appendEntry$10(RaftLogBase.java:330)
	at org.apache.ratis.server.raftlog.RaftLogSequentialOps$Runner.runSequentially(RaftLogSequentialOps.java:78)
	at org.apache.ratis.server.raftlog.RaftLogBase.appendEntry(RaftLogBase.java:330)
	at org.apache.ratis.server.raftlog.segmented.SegmentedRaftLog.appendImpl(SegmentedRaftLog.java:457)
	at org.apache.ratis.server.raftlog.RaftLogBase.lambda$append$11(RaftLogBase.java:337)
	at org.apache.ratis.server.raftlog.RaftLogSequentialOps$Runner.runSequentially(RaftLogSequentialOps.java:69)
	at org.apache.ratis.server.raftlog.RaftLogBase.append(RaftLogBase.java:337)
	at org.apache.ratis.server.impl.RaftServerImpl.appendEntriesAsync(RaftServerImpl.java:1567)
	at org.apache.ratis.server.impl.RaftServerImpl.appendEntriesAsync(RaftServerImpl.java:1431)
	at org.apache.ratis.server.impl.RaftServerProxy.lambda$appendEntriesAsync$26(RaftServerProxy.java:639)
	at org.apache.ratis.util.JavaUtils.callAsUnchecked(JavaUtils.java:117)
	at org.apache.ratis.server.impl.RaftServerImpl.lambda$executeSubmitServerRequestAsync$10(RaftServerImpl.java:859)
	at java.base/java.util.concurrent.CompletableFuture$AsyncSupply.run(CompletableFuture.java:1700)
	... 3 more
2023-06-29 03:36:04,640 [grpc-default-executor-14] INFO  leader.FollowerInfo (FollowerInfoImpl.java:lambda$new$0(52)) - s1@group-C92E7B86EDFC->s2: decreaseNextIndex nextIndex: updateUnconditionally 27 -> 26
2023-06-29 03:36:05,103 [Timer-2] INFO  impl.MiniRaftCluster (MiniRaftCluster.java:lambda$start$6(349)) - TIMED-PRINT: printing ALL groups
  s0:  RUNNING  FOLLOWER s0@group-C92E7B86EDFC:t2, leader=s1, voted=null, raftlog=Memoized:s0@group-C92E7B86EDFC-SegmentedRaftLog:OPENED:c7, conf=6: peers:[s0|rpc:localhost:46689|admin:localhost:46779|client:localhost:37871|dataStream:localhost:46501|priority:0|startupRole:FOLLOWER, s1|rpc:localhost:37585|admin:localhost:35007|client:localhost:43533|dataStream:localhost:44315|priority:0|startupRole:FOLLOWER, s2|rpc:localhost:34717|admin:localhost:33013|client:localhost:41383|dataStream:localhost:35135|priority:0|startupRole:FOLLOWER]|listeners:[], old=null RUNNING
  s1:  RUNNING    LEADER s1@group-C92E7B86EDFC:t2, leader=s1, voted=s1, raftlog=Memoized:s1@group-C92E7B86EDFC-SegmentedRaftLog:OPENED:c7, conf=6: peers:[s0|rpc:localhost:46689|admin:localhost:46779|client:localhost:37871|dataStream:localhost:46501|priority:0|startupRole:FOLLOWER, s1|rpc:localhost:37585|admin:localhost:35007|client:localhost:43533|dataStream:localhost:44315|priority:0|startupRole:FOLLOWER, s2|rpc:localhost:34717|admin:localhost:33013|client:localhost:41383|dataStream:localhost:35135|priority:0|startupRole:FOLLOWER]|listeners:[], old=null RUNNING
  s2:  RUNNING  FOLLOWER s2@group-C92E7B86EDFC:t2, leader=s1, voted=s1, raftlog=Memoized:s2@group-C92E7B86EDFC-SegmentedRaftLog:OPENED:c7, conf=6: peers:[s0|rpc:localhost:46689|admin:localhost:46779|client:localhost:37871|dataStream:localhost:46501|priority:0|startupRole:FOLLOWER, s1|rpc:localhost:37585|admin:localhost:35007|client:localhost:43533|dataStream:localhost:44315|priority:0|startupRole:FOLLOWER, s2|rpc:localhost:34717|admin:localhost:33013|client:localhost:41383|dataStream:localhost:35135|priority:0|startupRole:FOLLOWER]|listeners:[], old=null RUNNING
2023-06-29 03:36:07,415 [timer1] WARN  grpc.GrpcUtil (GrpcUtil.java:shutdownManagedChannel(223)) - Timed out gracefully shutting down connection: ManagedChannelOrphanWrapper{delegate=ManagedChannelImpl{logId=1727, target=localhost:43533}}. 
2023-06-29 03:36:07,514 [timer6] WARN  grpc.GrpcUtil (GrpcUtil.java:shutdownManagedChannel(223)) - Timed out gracefully shutting down connection: ManagedChannelOrphanWrapper{delegate=ManagedChannelImpl{logId=1741, target=localhost:43533}}. 
2023-06-29 03:36:07,520 [timer4] WARN  grpc.GrpcUtil (GrpcUtil.java:shutdownManagedChannel(223)) - Timed out gracefully shutting down connection: ManagedChannelOrphanWrapper{delegate=ManagedChannelImpl{logId=1713, target=localhost:43533}}. 
2023-06-29 03:36:10,409 [timer5] WARN  grpc.GrpcUtil (GrpcUtil.java:shutdownManagedChannel(223)) - Timed out gracefully shutting down connection: ManagedChannelOrphanWrapper{delegate=ManagedChannelImpl{logId=1748, target=localhost:43533}}. 
2023-06-29 03:36:10,514 [timer1] WARN  grpc.GrpcUtil (GrpcUtil.java:shutdownManagedChannel(223)) - Timed out gracefully shutting down connection: ManagedChannelOrphanWrapper{delegate=ManagedChannelImpl{logId=1762, target=localhost:43533}}. 
2023-06-29 03:36:10,629 [timer4] WARN  grpc.GrpcUtil (GrpcUtil.java:shutdownManagedChannel(223)) - Timed out gracefully shutting down connection: ManagedChannelOrphanWrapper{delegate=ManagedChannelImpl{logId=1776, target=localhost:43533}}. 
2023-06-29 03:36:13,621 [timer5] WARN  grpc.GrpcUtil (GrpcUtil.java:shutdownManagedChannel(223)) - Timed out gracefully shutting down connection: ManagedChannelOrphanWrapper{delegate=ManagedChannelImpl{logId=1797, target=localhost:43533}}. 
2023-06-29 03:36:15,103 [Timer-2] INFO  impl.MiniRaftCluster (MiniRaftCluster.java:lambda$start$6(349)) - TIMED-PRINT: printing ALL groups
  s0:  RUNNING  FOLLOWER s0@group-C92E7B86EDFC:t2, leader=s1, voted=null, raftlog=Memoized:s0@group-C92E7B86EDFC-SegmentedRaftLog:OPENED:c7, conf=6: peers:[s0|rpc:localhost:46689|admin:localhost:46779|client:localhost:37871|dataStream:localhost:46501|priority:0|startupRole:FOLLOWER, s1|rpc:localhost:37585|admin:localhost:35007|client:localhost:43533|dataStream:localhost:44315|priority:0|startupRole:FOLLOWER, s2|rpc:localhost:34717|admin:localhost:33013|client:localhost:41383|dataStream:localhost:35135|priority:0|startupRole:FOLLOWER]|listeners:[], old=null RUNNING
  s1:  RUNNING    LEADER s1@group-C92E7B86EDFC:t2, leader=s1, voted=s1, raftlog=Memoized:s1@group-C92E7B86EDFC-SegmentedRaftLog:OPENED:c7, conf=6: peers:[s0|rpc:localhost:46689|admin:localhost:46779|client:localhost:37871|dataStream:localhost:46501|priority:0|startupRole:FOLLOWER, s1|rpc:localhost:37585|admin:localhost:35007|client:localhost:43533|dataStream:localhost:44315|priority:0|startupRole:FOLLOWER, s2|rpc:localhost:34717|admin:localhost:33013|client:localhost:41383|dataStream:localhost:35135|priority:0|startupRole:FOLLOWER]|listeners:[], old=null RUNNING
  s2:  RUNNING  FOLLOWER s2@group-C92E7B86EDFC:t2, leader=s1, voted=s1, raftlog=Memoized:s2@group-C92E7B86EDFC-SegmentedRaftLog:OPENED:c7, conf=6: peers:[s0|rpc:localhost:46689|admin:localhost:46779|client:localhost:37871|dataStream:localhost:46501|priority:0|startupRole:FOLLOWER, s1|rpc:localhost:37585|admin:localhost:35007|client:localhost:43533|dataStream:localhost:44315|priority:0|startupRole:FOLLOWER, s2|rpc:localhost:34717|admin:localhost:33013|client:localhost:41383|dataStream:localhost:35135|priority:0|startupRole:FOLLOWER]|listeners:[], old=null RUNNING
2023-06-29 03:36:16,623 [timer5] WARN  grpc.GrpcUtil (GrpcUtil.java:shutdownManagedChannel(223)) - Timed out gracefully shutting down connection: ManagedChannelOrphanWrapper{delegate=ManagedChannelImpl{logId=1811, target=localhost:43533}}. 
2023-06-29 03:36:16,630 [timer0] WARN  grpc.GrpcUtil (GrpcUtil.java:shutdownManagedChannel(223)) - Timed out gracefully shutting down connection: ManagedChannelOrphanWrapper{delegate=ManagedChannelImpl{logId=1839, target=localhost:43533}}. 
2023-06-29 03:36:16,632 [timer7] WARN  grpc.GrpcUtil (GrpcUtil.java:shutdownManagedChannel(223)) - Timed out gracefully shutting down connection: ManagedChannelOrphanWrapper{delegate=ManagedChannelImpl{logId=1845, target=localhost:43533}}. 
2023-06-29 03:36:19,624 [timer5] WARN  grpc.GrpcUtil (GrpcUtil.java:shutdownManagedChannel(223)) - Timed out gracefully shutting down connection: ManagedChannelOrphanWrapper{delegate=ManagedChannelImpl{logId=1815, target=localhost:43533}}. 
2023-06-29 03:36:19,631 [timer0] WARN  grpc.GrpcUtil (GrpcUtil.java:shutdownManagedChannel(223)) - Timed out gracefully shutting down connection: ManagedChannelOrphanWrapper{delegate=ManagedChannelImpl{logId=1860, target=localhost:43533}}. 
2023-06-29 03:36:22,738 [timer0] WARN  grpc.GrpcUtil (GrpcUtil.java:shutdownManagedChannel(223)) - Timed out gracefully shutting down connection: ManagedChannelOrphanWrapper{delegate=ManagedChannelImpl{logId=1888, target=localhost:43533}}. 
2023-06-29 03:36:25,104 [Timer-2] INFO  impl.MiniRaftCluster (MiniRaftCluster.java:lambda$start$6(349)) - TIMED-PRINT: printing ALL groups
  s0:  RUNNING  FOLLOWER s0@group-C92E7B86EDFC:t2, leader=s1, voted=null, raftlog=Memoized:s0@group-C92E7B86EDFC-SegmentedRaftLog:OPENED:c7, conf=6: peers:[s0|rpc:localhost:46689|admin:localhost:46779|client:localhost:37871|dataStream:localhost:46501|priority:0|startupRole:FOLLOWER, s1|rpc:localhost:37585|admin:localhost:35007|client:localhost:43533|dataStream:localhost:44315|priority:0|startupRole:FOLLOWER, s2|rpc:localhost:34717|admin:localhost:33013|client:localhost:41383|dataStream:localhost:35135|priority:0|startupRole:FOLLOWER]|listeners:[], old=null RUNNING
  s1:  RUNNING    LEADER s1@group-C92E7B86EDFC:t2, leader=s1, voted=s1, raftlog=Memoized:s1@group-C92E7B86EDFC-SegmentedRaftLog:OPENED:c7, conf=6: peers:[s0|rpc:localhost:46689|admin:localhost:46779|client:localhost:37871|dataStream:localhost:46501|priority:0|startupRole:FOLLOWER, s1|rpc:localhost:37585|admin:localhost:35007|client:localhost:43533|dataStream:localhost:44315|priority:0|startupRole:FOLLOWER, s2|rpc:localhost:34717|admin:localhost:33013|client:localhost:41383|dataStream:localhost:35135|priority:0|startupRole:FOLLOWER]|listeners:[], old=null RUNNING
  s2:  RUNNING  FOLLOWER s2@group-C92E7B86EDFC:t2, leader=s1, voted=s1, raftlog=Memoized:s2@group-C92E7B86EDFC-SegmentedRaftLog:OPENED:c7, conf=6: peers:[s0|rpc:localhost:46689|admin:localhost:46779|client:localhost:37871|dataStream:localhost:46501|priority:0|startupRole:FOLLOWER, s1|rpc:localhost:37585|admin:localhost:35007|client:localhost:43533|dataStream:localhost:44315|priority:0|startupRole:FOLLOWER, s2|rpc:localhost:34717|admin:localhost:33013|client:localhost:41383|dataStream:localhost:35135|priority:0|startupRole:FOLLOWER]|listeners:[], old=null RUNNING
2023-06-29 03:36:25,627 [timer4] WARN  grpc.GrpcUtil (GrpcUtil.java:shutdownManagedChannel(223)) - Timed out gracefully shutting down connection: ManagedChannelOrphanWrapper{delegate=ManagedChannelImpl{logId=1902, target=localhost:43533}}. 
2023-06-29 03:36:25,730 [timer3] WARN  grpc.GrpcUtil (GrpcUtil.java:shutdownManagedChannel(223)) - Timed out gracefully shutting down connection: ManagedChannelOrphanWrapper{delegate=ManagedChannelImpl{logId=1930, target=localhost:43533}}. 
2023-06-29 03:36:25,739 [timer0] WARN  grpc.GrpcUtil (GrpcUtil.java:shutdownManagedChannel(223)) - Timed out gracefully shutting down connection: ManagedChannelOrphanWrapper{delegate=ManagedChannelImpl{logId=1890, target=localhost:43533}}. 
2023-06-29 03:36:25,739 [timer2] WARN  grpc.GrpcUtil (GrpcUtil.java:shutdownManagedChannel(223)) - Timed out gracefully shutting down connection: ManagedChannelOrphanWrapper{delegate=ManagedChannelImpl{logId=1944, target=localhost:43533}}. 
2023-06-29 03:36:28,740 [timer0] WARN  grpc.GrpcUtil (GrpcUtil.java:shutdownManagedChannel(223)) - Timed out gracefully shutting down connection: ManagedChannelOrphanWrapper{delegate=ManagedChannelImpl{logId=1916, target=localhost:43533}}. 
2023-06-29 03:36:28,846 [timer2] WARN  grpc.GrpcUtil (GrpcUtil.java:shutdownManagedChannel(223)) - Timed out gracefully shutting down connection: ManagedChannelOrphanWrapper{delegate=ManagedChannelImpl{logId=1958, target=localhost:43533}}. 
2023-06-29 03:36:31,847 [timer2] WARN  grpc.GrpcUtil (GrpcUtil.java:shutdownManagedChannel(223)) - Timed out gracefully shutting down connection: ManagedChannelOrphanWrapper{delegate=ManagedChannelImpl{logId=1972, target=localhost:43533}}. 
2023-06-29 03:36:34,742 [timer4] WARN  grpc.GrpcUtil (GrpcUtil.java:shutdownManagedChannel(223)) - Timed out gracefully shutting down connection: ManagedChannelOrphanWrapper{delegate=ManagedChannelImpl{logId=2007, target=localhost:43533}}. 
2023-06-29 03:36:34,743 [timer3] WARN  grpc.GrpcUtil (GrpcUtil.java:shutdownManagedChannel(223)) - Timed out gracefully shutting down connection: ManagedChannelOrphanWrapper{delegate=ManagedChannelImpl{logId=2013, target=localhost:43533}}. 
2023-06-29 03:36:34,849 [timer2] WARN  grpc.GrpcUtil (GrpcUtil.java:shutdownManagedChannel(223)) - Timed out gracefully shutting down connection: ManagedChannelOrphanWrapper{delegate=ManagedChannelImpl{logId=2000, target=localhost:43533}}. 
2023-06-29 03:36:34,849 [timer0] WARN  grpc.GrpcUtil (GrpcUtil.java:shutdownManagedChannel(223)) - Timed out gracefully shutting down connection: ManagedChannelOrphanWrapper{delegate=ManagedChannelImpl{logId=2028, target=localhost:43533}}. 
2023-06-29 03:36:35,104 [Timer-2] INFO  impl.MiniRaftCluster (MiniRaftCluster.java:lambda$start$6(349)) - TIMED-PRINT: printing ALL groups
  s0:  RUNNING  FOLLOWER s0@group-C92E7B86EDFC:t2, leader=s1, voted=null, raftlog=Memoized:s0@group-C92E7B86EDFC-SegmentedRaftLog:OPENED:c7, conf=6: peers:[s0|rpc:localhost:46689|admin:localhost:46779|client:localhost:37871|dataStream:localhost:46501|priority:0|startupRole:FOLLOWER, s1|rpc:localhost:37585|admin:localhost:35007|client:localhost:43533|dataStream:localhost:44315|priority:0|startupRole:FOLLOWER, s2|rpc:localhost:34717|admin:localhost:33013|client:localhost:41383|dataStream:localhost:35135|priority:0|startupRole:FOLLOWER]|listeners:[], old=null RUNNING
  s1:  RUNNING    LEADER s1@group-C92E7B86EDFC:t2, leader=s1, voted=s1, raftlog=Memoized:s1@group-C92E7B86EDFC-SegmentedRaftLog:OPENED:c7, conf=6: peers:[s0|rpc:localhost:46689|admin:localhost:46779|client:localhost:37871|dataStream:localhost:46501|priority:0|startupRole:FOLLOWER, s1|rpc:localhost:37585|admin:localhost:35007|client:localhost:43533|dataStream:localhost:44315|priority:0|startupRole:FOLLOWER, s2|rpc:localhost:34717|admin:localhost:33013|client:localhost:41383|dataStream:localhost:35135|priority:0|startupRole:FOLLOWER]|listeners:[], old=null RUNNING
  s2:  RUNNING  FOLLOWER s2@group-C92E7B86EDFC:t2, leader=s1, voted=s1, raftlog=Memoized:s2@group-C92E7B86EDFC-SegmentedRaftLog:OPENED:c7, conf=6: peers:[s0|rpc:localhost:46689|admin:localhost:46779|client:localhost:37871|dataStream:localhost:46501|priority:0|startupRole:FOLLOWER, s1|rpc:localhost:37585|admin:localhost:35007|client:localhost:43533|dataStream:localhost:44315|priority:0|startupRole:FOLLOWER, s2|rpc:localhost:34717|admin:localhost:33013|client:localhost:41383|dataStream:localhost:35135|priority:0|startupRole:FOLLOWER]|listeners:[], old=null RUNNING
2023-06-29 03:36:37,851 [timer2] WARN  grpc.GrpcUtil (GrpcUtil.java:shutdownManagedChannel(223)) - Timed out gracefully shutting down connection: ManagedChannelOrphanWrapper{delegate=ManagedChannelImpl{logId=2042, target=localhost:43533}}. 
2023-06-29 03:36:40,849 [timer4] WARN  grpc.GrpcUtil (GrpcUtil.java:shutdownManagedChannel(223)) - Timed out gracefully shutting down connection: ManagedChannelOrphanWrapper{delegate=ManagedChannelImpl{logId=2063, target=localhost:43533}}. 
2023-06-29 03:36:40,856 [timer6] WARN  grpc.GrpcUtil (GrpcUtil.java:shutdownManagedChannel(223)) - Timed out gracefully shutting down connection: ManagedChannelOrphanWrapper{delegate=ManagedChannelImpl{logId=2077, target=localhost:43533}}. 
2023-06-29 03:36:40,956 [timer1] WARN  grpc.GrpcUtil (GrpcUtil.java:shutdownManagedChannel(223)) - Timed out gracefully shutting down connection: ManagedChannelOrphanWrapper{delegate=ManagedChannelImpl{logId=2098, target=localhost:43533}}. 
2023-06-29 03:36:43,854 [timer7] WARN  grpc.GrpcUtil (GrpcUtil.java:shutdownManagedChannel(223)) - Timed out gracefully shutting down connection: ManagedChannelOrphanWrapper{delegate=ManagedChannelImpl{logId=2112, target=localhost:43533}}. 
2023-06-29 03:36:43,957 [timer1] WARN  grpc.GrpcUtil (GrpcUtil.java:shutdownManagedChannel(223)) - Timed out gracefully shutting down connection: ManagedChannelOrphanWrapper{delegate=ManagedChannelImpl{logId=2104, target=localhost:43533}}. 
2023-06-29 03:36:45,104 [Timer-2] INFO  impl.MiniRaftCluster (MiniRaftCluster.java:lambda$start$6(349)) - TIMED-PRINT: printing ALL groups
  s0:  RUNNING  FOLLOWER s0@group-C92E7B86EDFC:t2, leader=s1, voted=null, raftlog=Memoized:s0@group-C92E7B86EDFC-SegmentedRaftLog:OPENED:c7, conf=6: peers:[s0|rpc:localhost:46689|admin:localhost:46779|client:localhost:37871|dataStream:localhost:46501|priority:0|startupRole:FOLLOWER, s1|rpc:localhost:37585|admin:localhost:35007|client:localhost:43533|dataStream:localhost:44315|priority:0|startupRole:FOLLOWER, s2|rpc:localhost:34717|admin:localhost:33013|client:localhost:41383|dataStream:localhost:35135|priority:0|startupRole:FOLLOWER]|listeners:[], old=null RUNNING
  s1:  RUNNING    LEADER s1@group-C92E7B86EDFC:t2, leader=s1, voted=s1, raftlog=Memoized:s1@group-C92E7B86EDFC-SegmentedRaftLog:OPENED:c7, conf=6: peers:[s0|rpc:localhost:46689|admin:localhost:46779|client:localhost:37871|dataStream:localhost:46501|priority:0|startupRole:FOLLOWER, s1|rpc:localhost:37585|admin:localhost:35007|client:localhost:43533|dataStream:localhost:44315|priority:0|startupRole:FOLLOWER, s2|rpc:localhost:34717|admin:localhost:33013|client:localhost:41383|dataStream:localhost:35135|priority:0|startupRole:FOLLOWER]|listeners:[], old=null RUNNING
  s2:  RUNNING  FOLLOWER s2@group-C92E7B86EDFC:t2, leader=s1, voted=s1, raftlog=Memoized:s2@group-C92E7B86EDFC-SegmentedRaftLog:OPENED:c7, conf=6: peers:[s0|rpc:localhost:46689|admin:localhost:46779|client:localhost:37871|dataStream:localhost:46501|priority:0|startupRole:FOLLOWER, s1|rpc:localhost:37585|admin:localhost:35007|client:localhost:43533|dataStream:localhost:44315|priority:0|startupRole:FOLLOWER, s2|rpc:localhost:34717|admin:localhost:33013|client:localhost:41383|dataStream:localhost:35135|priority:0|startupRole:FOLLOWER]|listeners:[], old=null RUNNING
2023-06-29 03:36:46,959 [timer1] WARN  grpc.GrpcUtil (GrpcUtil.java:shutdownManagedChannel(223)) - Timed out gracefully shutting down connection: ManagedChannelOrphanWrapper{delegate=ManagedChannelImpl{logId=2126, target=localhost:43533}}. 
2023-06-29 03:36:46,964 [timer3] WARN  grpc.GrpcUtil (GrpcUtil.java:shutdownManagedChannel(223)) - Timed out gracefully shutting down connection: ManagedChannelOrphanWrapper{delegate=ManagedChannelImpl{logId=2147, target=localhost:43533}}. 
2023-06-29 03:36:49,958 [timer5] WARN  grpc.GrpcUtil (GrpcUtil.java:shutdownManagedChannel(223)) - Timed out gracefully shutting down connection: ManagedChannelOrphanWrapper{delegate=ManagedChannelImpl{logId=2175, target=localhost:43533}}. 
2023-06-29 03:36:49,962 [timer6] WARN  grpc.GrpcUtil (GrpcUtil.java:shutdownManagedChannel(223)) - Timed out gracefully shutting down connection: ManagedChannelOrphanWrapper{delegate=ManagedChannelImpl{logId=2182, target=localhost:43533}}. 
2023-06-29 03:36:49,964 [timer3] WARN  grpc.GrpcUtil (GrpcUtil.java:shutdownManagedChannel(223)) - Timed out gracefully shutting down connection: ManagedChannelOrphanWrapper{delegate=ManagedChannelImpl{logId=2161, target=localhost:43533}}. 
2023-06-29 03:36:50,063 [timer7] WARN  grpc.GrpcUtil (GrpcUtil.java:shutdownManagedChannel(223)) - Timed out gracefully shutting down connection: ManagedChannelOrphanWrapper{delegate=ManagedChannelImpl{logId=2196, target=localhost:43533}}. 
2023-06-29 03:36:53,065 [timer5] WARN  grpc.GrpcUtil (GrpcUtil.java:shutdownManagedChannel(223)) - Timed out gracefully shutting down connection: ManagedChannelOrphanWrapper{delegate=ManagedChannelImpl{logId=2210, target=localhost:43533}}. 
2023-06-29 03:36:53,173 [s1-client-thread2] INFO  statemachine.StateMachine (DataStreamTestUtils.java:link(157)) - link null
2023-06-29 03:36:53,174 [s0-server-thread1] INFO  statemachine.StateMachine (DataStreamTestUtils.java:link(157)) - link null
2023-06-29 03:36:53,174 [s2-server-thread3] INFO  statemachine.StateMachine (DataStreamTestUtils.java:link(157)) - link null
2023-06-29 03:36:53,174 [grpc-default-executor-15] WARN  server.GrpcServerProtocolService (LogUtils.java:warn(124)) - s0: Failed APPEND_ENTRIES request s1->s0#2459-t2,previous=(t:2, i:26),leaderCommit=7,initializing? true,entries: size=1, first=(t:2, i:27), STATEMACHINELOGENTRY, 379@client-A884A9B095A7
java.util.concurrent.CompletionException: org.apache.ratis.server.raftlog.RaftLogIOException: Log already failed at index 8 for task WriteLog:8: (t:2, i:8), STATEMACHINELOGENTRY, StateMachineLogEntryProto:377@client-E9B8430491AA
	at java.base/java.util.concurrent.CompletableFuture.encodeThrowable(CompletableFuture.java:331)
	at java.base/java.util.concurrent.CompletableFuture.completeThrowable(CompletableFuture.java:346)
	at java.base/java.util.concurrent.CompletableFuture$BiRelay.tryFire(CompletableFuture.java:1423)
	at java.base/java.util.concurrent.CompletableFuture$CoCompletion.tryFire(CompletableFuture.java:1144)
	at java.base/java.util.concurrent.CompletableFuture.postComplete(CompletableFuture.java:506)
	at java.base/java.util.concurrent.CompletableFuture.completeExceptionally(CompletableFuture.java:2088)
	at org.apache.ratis.server.raftlog.segmented.SegmentedRaftLog$Task.failed(SegmentedRaftLog.java:105)
	at org.apache.ratis.server.raftlog.segmented.SegmentedRaftLogWorker$WriteLog.failed(SegmentedRaftLogWorker.java:514)
	at org.apache.ratis.server.raftlog.segmented.SegmentedRaftLogWorker.run(SegmentedRaftLogWorker.java:312)
	at java.base/java.util.concurrent.Executors$RunnableAdapter.call(Executors.java:515)
	at java.base/java.util.concurrent.FutureTask.run(FutureTask.java:264)
	at java.base/java.util.concurrent.ThreadPoolExecutor.runWorker(ThreadPoolExecutor.java:1128)
	at java.base/java.util.concurrent.ThreadPoolExecutor$Worker.run(ThreadPoolExecutor.java:628)
	at java.base/java.lang.Thread.run(Thread.java:829)
Caused by: org.apache.ratis.server.raftlog.RaftLogIOException: Log already failed at index 8 for task WriteLog:8: (t:2, i:8), STATEMACHINELOGENTRY, StateMachineLogEntryProto:377@client-E9B8430491AA
	at org.apache.ratis.server.raftlog.segmented.SegmentedRaftLogWorker.run(SegmentedRaftLogWorker.java:315)
	... 5 more
Caused by: java.io.IOException: java.lang.IllegalStateException: Null stream: entry=term: 2
index: 8
stateMachineLogEntry {
  type: DATASTREAM
  clientId: "J\000\\\302\362\322H[\226\355\351\270C\004\221\252"
  callId: 377
}

	at org.apache.ratis.util.IOUtils.asIOException(IOUtils.java:56)
	at org.apache.ratis.util.IOUtils.toIOException(IOUtils.java:61)
	at org.apache.ratis.util.IOUtils.getFromFuture(IOUtils.java:85)
	at org.apache.ratis.server.raftlog.segmented.SegmentedRaftLogWorker$StateMachineDataPolicy.getFromFuture(SegmentedRaftLogWorker.java:88)
	at org.apache.ratis.server.raftlog.segmented.SegmentedRaftLogWorker$WriteLog.execute(SegmentedRaftLogWorker.java:535)
	at org.apache.ratis.server.raftlog.segmented.SegmentedRaftLogWorker.run(SegmentedRaftLogWorker.java:303)
	... 5 more
Caused by: java.lang.IllegalStateException: Null stream: entry=term: 2
index: 8
stateMachineLogEntry {
  type: DATASTREAM
  clientId: "J\000\\\302\362\322H[\226\355\351\270C\004\221\252"
  callId: 377
}

	at org.apache.ratis.datastream.DataStreamTestUtils$MultiDataStreamStateMachine.link(DataStreamTestUtils.java:159)
	at org.apache.ratis.server.raftlog.segmented.SegmentedRaftLogWorker$WriteLog.<init>(SegmentedRaftLogWorker.java:492)
	at org.apache.ratis.server.raftlog.segmented.SegmentedRaftLogWorker.writeLogEntry(SegmentedRaftLogWorker.java:438)
	at org.apache.ratis.server.raftlog.segmented.SegmentedRaftLog.appendEntryImpl(SegmentedRaftLog.java:409)
	at org.apache.ratis.server.raftlog.RaftLogBase.lambda$appendEntry$10(RaftLogBase.java:330)
	at org.apache.ratis.server.raftlog.RaftLogSequentialOps$Runner.runSequentially(RaftLogSequentialOps.java:78)
	at org.apache.ratis.server.raftlog.RaftLogBase.appendEntry(RaftLogBase.java:330)
	at org.apache.ratis.server.raftlog.segmented.SegmentedRaftLog.appendImpl(SegmentedRaftLog.java:457)
	at org.apache.ratis.server.raftlog.RaftLogBase.lambda$append$11(RaftLogBase.java:337)
	at org.apache.ratis.server.raftlog.RaftLogSequentialOps$Runner.runSequentially(RaftLogSequentialOps.java:69)
	at org.apache.ratis.server.raftlog.RaftLogBase.append(RaftLogBase.java:337)
	at org.apache.ratis.server.impl.RaftServerImpl.appendEntriesAsync(RaftServerImpl.java:1567)
	at org.apache.ratis.server.impl.RaftServerImpl.appendEntriesAsync(RaftServerImpl.java:1431)
	at org.apache.ratis.server.impl.RaftServerProxy.lambda$appendEntriesAsync$26(RaftServerProxy.java:639)
	at org.apache.ratis.util.JavaUtils.callAsUnchecked(JavaUtils.java:117)
	at org.apache.ratis.server.impl.RaftServerImpl.lambda$executeSubmitServerRequestAsync$10(RaftServerImpl.java:859)
	at java.base/java.util.concurrent.CompletableFuture$AsyncSupply.run(CompletableFuture.java:1700)
	... 3 more
2023-06-29 03:36:53,177 [grpc-default-executor-2] WARN  server.GrpcServerProtocolService (LogUtils.java:warn(124)) - s2: Failed APPEND_ENTRIES request s1->s2#2457-t2,previous=(t:2, i:26),leaderCommit=7,initializing? true,entries: size=1, first=(t:2, i:27), STATEMACHINELOGENTRY, 379@client-A884A9B095A7
java.util.concurrent.CompletionException: org.apache.ratis.server.raftlog.RaftLogIOException: Log already failed at index 8 for task WriteLog:8: (t:2, i:8), STATEMACHINELOGENTRY, StateMachineLogEntryProto:377@client-E9B8430491AA
	at java.base/java.util.concurrent.CompletableFuture.encodeThrowable(CompletableFuture.java:331)
	at java.base/java.util.concurrent.CompletableFuture.completeThrowable(CompletableFuture.java:346)
	at java.base/java.util.concurrent.CompletableFuture$BiRelay.tryFire(CompletableFuture.java:1423)
	at java.base/java.util.concurrent.CompletableFuture$CoCompletion.tryFire(CompletableFuture.java:1144)
	at java.base/java.util.concurrent.CompletableFuture.postComplete(CompletableFuture.java:506)
	at java.base/java.util.concurrent.CompletableFuture.completeExceptionally(CompletableFuture.java:2088)
	at org.apache.ratis.server.raftlog.segmented.SegmentedRaftLog$Task.failed(SegmentedRaftLog.java:105)
	at org.apache.ratis.server.raftlog.segmented.SegmentedRaftLogWorker$WriteLog.failed(SegmentedRaftLogWorker.java:514)
	at org.apache.ratis.server.raftlog.segmented.SegmentedRaftLogWorker.run(SegmentedRaftLogWorker.java:312)
	at java.base/java.util.concurrent.Executors$RunnableAdapter.call(Executors.java:515)
	at java.base/java.util.concurrent.FutureTask.run(FutureTask.java:264)
	at java.base/java.util.concurrent.ThreadPoolExecutor.runWorker(ThreadPoolExecutor.java:1128)
	at java.base/java.util.concurrent.ThreadPoolExecutor$Worker.run(ThreadPoolExecutor.java:628)
	at java.base/java.lang.Thread.run(Thread.java:829)
Caused by: org.apache.ratis.server.raftlog.RaftLogIOException: Log already failed at index 8 for task WriteLog:8: (t:2, i:8), STATEMACHINELOGENTRY, StateMachineLogEntryProto:377@client-E9B8430491AA
	at org.apache.ratis.server.raftlog.segmented.SegmentedRaftLogWorker.run(SegmentedRaftLogWorker.java:315)
	... 5 more
Caused by: java.io.IOException: java.lang.IllegalStateException: Null stream: entry=term: 2
index: 8
stateMachineLogEntry {
  type: DATASTREAM
  clientId: "J\000\\\302\362\322H[\226\355\351\270C\004\221\252"
  callId: 377
}

	at org.apache.ratis.util.IOUtils.asIOException(IOUtils.java:56)
	at org.apache.ratis.util.IOUtils.toIOException(IOUtils.java:61)
	at org.apache.ratis.util.IOUtils.getFromFuture(IOUtils.java:85)
	at org.apache.ratis.server.raftlog.segmented.SegmentedRaftLogWorker$StateMachineDataPolicy.getFromFuture(SegmentedRaftLogWorker.java:88)
	at org.apache.ratis.server.raftlog.segmented.SegmentedRaftLogWorker$WriteLog.execute(SegmentedRaftLogWorker.java:535)
	at org.apache.ratis.server.raftlog.segmented.SegmentedRaftLogWorker.run(SegmentedRaftLogWorker.java:303)
	... 5 more
Caused by: java.lang.IllegalStateException: Null stream: entry=term: 2
index: 8
stateMachineLogEntry {
  type: DATASTREAM
  clientId: "J\000\\\302\362\322H[\226\355\351\270C\004\221\252"
  callId: 377
}

	at org.apache.ratis.datastream.DataStreamTestUtils$MultiDataStreamStateMachine.link(DataStreamTestUtils.java:159)
	at org.apache.ratis.server.raftlog.segmented.SegmentedRaftLogWorker$WriteLog.<init>(SegmentedRaftLogWorker.java:492)
	at org.apache.ratis.server.raftlog.segmented.SegmentedRaftLogWorker.writeLogEntry(SegmentedRaftLogWorker.java:438)
	at org.apache.ratis.server.raftlog.segmented.SegmentedRaftLog.appendEntryImpl(SegmentedRaftLog.java:409)
	at org.apache.ratis.server.raftlog.RaftLogBase.lambda$appendEntry$10(RaftLogBase.java:330)
	at org.apache.ratis.server.raftlog.RaftLogSequentialOps$Runner.runSequentially(RaftLogSequentialOps.java:78)
	at org.apache.ratis.server.raftlog.RaftLogBase.appendEntry(RaftLogBase.java:330)
	at org.apache.ratis.server.raftlog.segmented.SegmentedRaftLog.appendImpl(SegmentedRaftLog.java:457)
	at org.apache.ratis.server.raftlog.RaftLogBase.lambda$append$11(RaftLogBase.java:337)
	at org.apache.ratis.server.raftlog.RaftLogSequentialOps$Runner.runSequentially(RaftLogSequentialOps.java:69)
	at org.apache.ratis.server.raftlog.RaftLogBase.append(RaftLogBase.java:337)
	at org.apache.ratis.server.impl.RaftServerImpl.appendEntriesAsync(RaftServerImpl.java:1567)
	at org.apache.ratis.server.impl.RaftServerImpl.appendEntriesAsync(RaftServerImpl.java:1431)
	at org.apache.ratis.server.impl.RaftServerProxy.lambda$appendEntriesAsync$26(RaftServerProxy.java:639)
	at org.apache.ratis.util.JavaUtils.callAsUnchecked(JavaUtils.java:117)
	at org.apache.ratis.server.impl.RaftServerImpl.lambda$executeSubmitServerRequestAsync$10(RaftServerImpl.java:859)
	at java.base/java.util.concurrent.CompletableFuture$AsyncSupply.run(CompletableFuture.java:1700)
	... 3 more
2023-06-29 03:36:53,181 [grpc-default-executor-15] WARN  server.GrpcLogAppender (LogUtils.java:warn(124)) - s1@group-C92E7B86EDFC->s0-AppendLogResponseHandler: Failed appendEntries
org.apache.ratis.server.raftlog.RaftLogIOException: Log already failed at index 8 for task WriteLog:8: (t:2, i:8), STATEMACHINELOGENTRY, StateMachineLogEntryProto:377@client-E9B8430491AA
	at org.apache.ratis.server.raftlog.segmented.SegmentedRaftLogWorker.run(SegmentedRaftLogWorker.java:315)
	at java.base/java.util.concurrent.Executors$RunnableAdapter.call(Executors.java:515)
	at java.base/java.util.concurrent.FutureTask.run(FutureTask.java:264)
	at java.base/java.util.concurrent.ThreadPoolExecutor.runWorker(ThreadPoolExecutor.java:1128)
	at java.base/java.util.concurrent.ThreadPoolExecutor$Worker.run(ThreadPoolExecutor.java:628)
	at java.base/java.lang.Thread.run(Thread.java:829)
Caused by: java.io.IOException: java.lang.IllegalStateException: Null stream: entry=term: 2
index: 8
stateMachineLogEntry {
  type: DATASTREAM
  clientId: "J\000\\\302\362\322H[\226\355\351\270C\004\221\252"
  callId: 377
}

	at org.apache.ratis.util.IOUtils.asIOException(IOUtils.java:56)
	at org.apache.ratis.util.IOUtils.toIOException(IOUtils.java:61)
	at org.apache.ratis.util.IOUtils.getFromFuture(IOUtils.java:85)
	at org.apache.ratis.server.raftlog.segmented.SegmentedRaftLogWorker$StateMachineDataPolicy.getFromFuture(SegmentedRaftLogWorker.java:88)
	at org.apache.ratis.server.raftlog.segmented.SegmentedRaftLogWorker$WriteLog.execute(SegmentedRaftLogWorker.java:535)
	at org.apache.ratis.server.raftlog.segmented.SegmentedRaftLogWorker.run(SegmentedRaftLogWorker.java:303)
	... 5 more
Caused by: java.lang.IllegalStateException: Null stream: entry=term: 2
index: 8
stateMachineLogEntry {
  type: DATASTREAM
  clientId: "J\000\\\302\362\322H[\226\355\351\270C\004\221\252"
  callId: 377
}

	at org.apache.ratis.datastream.DataStreamTestUtils$MultiDataStreamStateMachine.link(DataStreamTestUtils.java:159)
	at org.apache.ratis.server.raftlog.segmented.SegmentedRaftLogWorker$WriteLog.<init>(SegmentedRaftLogWorker.java:492)
	at org.apache.ratis.server.raftlog.segmented.SegmentedRaftLogWorker.writeLogEntry(SegmentedRaftLogWorker.java:438)
	at org.apache.ratis.server.raftlog.segmented.SegmentedRaftLog.appendEntryImpl(SegmentedRaftLog.java:409)
	at org.apache.ratis.server.raftlog.RaftLogBase.lambda$appendEntry$10(RaftLogBase.java:330)
	at org.apache.ratis.server.raftlog.RaftLogSequentialOps$Runner.runSequentially(RaftLogSequentialOps.java:78)
	at org.apache.ratis.server.raftlog.RaftLogBase.appendEntry(RaftLogBase.java:330)
	at org.apache.ratis.server.raftlog.segmented.SegmentedRaftLog.appendImpl(SegmentedRaftLog.java:457)
	at org.apache.ratis.server.raftlog.RaftLogBase.lambda$append$11(RaftLogBase.java:337)
	at org.apache.ratis.server.raftlog.RaftLogSequentialOps$Runner.runSequentially(RaftLogSequentialOps.java:69)
	at org.apache.ratis.server.raftlog.RaftLogBase.append(RaftLogBase.java:337)
	at org.apache.ratis.server.impl.RaftServerImpl.appendEntriesAsync(RaftServerImpl.java:1567)
	at org.apache.ratis.server.impl.RaftServerImpl.appendEntriesAsync(RaftServerImpl.java:1431)
	at org.apache.ratis.server.impl.RaftServerProxy.lambda$appendEntriesAsync$26(RaftServerProxy.java:639)
	at org.apache.ratis.util.JavaUtils.callAsUnchecked(JavaUtils.java:117)
	at org.apache.ratis.server.impl.RaftServerImpl.lambda$executeSubmitServerRequestAsync$10(RaftServerImpl.java:859)
	at java.base/java.util.concurrent.CompletableFuture$AsyncSupply.run(CompletableFuture.java:1700)
	... 3 more
2023-06-29 03:36:53,181 [grpc-default-executor-15] INFO  leader.FollowerInfo (FollowerInfoImpl.java:lambda$new$0(52)) - s1@group-C92E7B86EDFC->s0: decreaseNextIndex nextIndex: updateUnconditionally 28 -> 27
2023-06-29 03:36:53,182 [grpc-default-executor-15] WARN  server.GrpcLogAppender (LogUtils.java:warn(124)) - s1@group-C92E7B86EDFC->s2-AppendLogResponseHandler: Failed appendEntries
org.apache.ratis.server.raftlog.RaftLogIOException: Log already failed at index 8 for task WriteLog:8: (t:2, i:8), STATEMACHINELOGENTRY, StateMachineLogEntryProto:377@client-E9B8430491AA
	at org.apache.ratis.server.raftlog.segmented.SegmentedRaftLogWorker.run(SegmentedRaftLogWorker.java:315)
	at java.base/java.util.concurrent.Executors$RunnableAdapter.call(Executors.java:515)
	at java.base/java.util.concurrent.FutureTask.run(FutureTask.java:264)
	at java.base/java.util.concurrent.ThreadPoolExecutor.runWorker(ThreadPoolExecutor.java:1128)
	at java.base/java.util.concurrent.ThreadPoolExecutor$Worker.run(ThreadPoolExecutor.java:628)
	at java.base/java.lang.Thread.run(Thread.java:829)
Caused by: java.io.IOException: java.lang.IllegalStateException: Null stream: entry=term: 2
index: 8
stateMachineLogEntry {
  type: DATASTREAM
  clientId: "J\000\\\302\362\322H[\226\355\351\270C\004\221\252"
  callId: 377
}

	at org.apache.ratis.util.IOUtils.asIOException(IOUtils.java:56)
	at org.apache.ratis.util.IOUtils.toIOException(IOUtils.java:61)
	at org.apache.ratis.util.IOUtils.getFromFuture(IOUtils.java:85)
	at org.apache.ratis.server.raftlog.segmented.SegmentedRaftLogWorker$StateMachineDataPolicy.getFromFuture(SegmentedRaftLogWorker.java:88)
	at org.apache.ratis.server.raftlog.segmented.SegmentedRaftLogWorker$WriteLog.execute(SegmentedRaftLogWorker.java:535)
	at org.apache.ratis.server.raftlog.segmented.SegmentedRaftLogWorker.run(SegmentedRaftLogWorker.java:303)
	... 5 more
Caused by: java.lang.IllegalStateException: Null stream: entry=term: 2
index: 8
stateMachineLogEntry {
  type: DATASTREAM
  clientId: "J\000\\\302\362\322H[\226\355\351\270C\004\221\252"
  callId: 377
}

	at org.apache.ratis.datastream.DataStreamTestUtils$MultiDataStreamStateMachine.link(DataStreamTestUtils.java:159)
	at org.apache.ratis.server.raftlog.segmented.SegmentedRaftLogWorker$WriteLog.<init>(SegmentedRaftLogWorker.java:492)
	at org.apache.ratis.server.raftlog.segmented.SegmentedRaftLogWorker.writeLogEntry(SegmentedRaftLogWorker.java:438)
	at org.apache.ratis.server.raftlog.segmented.SegmentedRaftLog.appendEntryImpl(SegmentedRaftLog.java:409)
	at org.apache.ratis.server.raftlog.RaftLogBase.lambda$appendEntry$10(RaftLogBase.java:330)
	at org.apache.ratis.server.raftlog.RaftLogSequentialOps$Runner.runSequentially(RaftLogSequentialOps.java:78)
	at org.apache.ratis.server.raftlog.RaftLogBase.appendEntry(RaftLogBase.java:330)
	at org.apache.ratis.server.raftlog.segmented.SegmentedRaftLog.appendImpl(SegmentedRaftLog.java:457)
	at org.apache.ratis.server.raftlog.RaftLogBase.lambda$append$11(RaftLogBase.java:337)
	at org.apache.ratis.server.raftlog.RaftLogSequentialOps$Runner.runSequentially(RaftLogSequentialOps.java:69)
	at org.apache.ratis.server.raftlog.RaftLogBase.append(RaftLogBase.java:337)
	at org.apache.ratis.server.impl.RaftServerImpl.appendEntriesAsync(RaftServerImpl.java:1567)
	at org.apache.ratis.server.impl.RaftServerImpl.appendEntriesAsync(RaftServerImpl.java:1431)
	at org.apache.ratis.server.impl.RaftServerProxy.lambda$appendEntriesAsync$26(RaftServerProxy.java:639)
	at org.apache.ratis.util.JavaUtils.callAsUnchecked(JavaUtils.java:117)
	at org.apache.ratis.server.impl.RaftServerImpl.lambda$executeSubmitServerRequestAsync$10(RaftServerImpl.java:859)
	at java.base/java.util.concurrent.CompletableFuture$AsyncSupply.run(CompletableFuture.java:1700)
	... 3 more
2023-06-29 03:36:53,183 [grpc-default-executor-15] INFO  leader.FollowerInfo (FollowerInfoImpl.java:lambda$new$0(52)) - s1@group-C92E7B86EDFC->s2: decreaseNextIndex nextIndex: updateUnconditionally 28 -> 27
2023-06-29 03:36:55,104 [Timer-2] INFO  impl.MiniRaftCluster (MiniRaftCluster.java:lambda$start$6(349)) - TIMED-PRINT: printing ALL groups
  s0:  RUNNING  FOLLOWER s0@group-C92E7B86EDFC:t2, leader=s1, voted=null, raftlog=Memoized:s0@group-C92E7B86EDFC-SegmentedRaftLog:OPENED:c7, conf=6: peers:[s0|rpc:localhost:46689|admin:localhost:46779|client:localhost:37871|dataStream:localhost:46501|priority:0|startupRole:FOLLOWER, s1|rpc:localhost:37585|admin:localhost:35007|client:localhost:43533|dataStream:localhost:44315|priority:0|startupRole:FOLLOWER, s2|rpc:localhost:34717|admin:localhost:33013|client:localhost:41383|dataStream:localhost:35135|priority:0|startupRole:FOLLOWER]|listeners:[], old=null RUNNING
  s1:  RUNNING    LEADER s1@group-C92E7B86EDFC:t2, leader=s1, voted=s1, raftlog=Memoized:s1@group-C92E7B86EDFC-SegmentedRaftLog:OPENED:c7, conf=6: peers:[s0|rpc:localhost:46689|admin:localhost:46779|client:localhost:37871|dataStream:localhost:46501|priority:0|startupRole:FOLLOWER, s1|rpc:localhost:37585|admin:localhost:35007|client:localhost:43533|dataStream:localhost:44315|priority:0|startupRole:FOLLOWER, s2|rpc:localhost:34717|admin:localhost:33013|client:localhost:41383|dataStream:localhost:35135|priority:0|startupRole:FOLLOWER]|listeners:[], old=null RUNNING
  s2:  RUNNING  FOLLOWER s2@group-C92E7B86EDFC:t2, leader=s1, voted=s1, raftlog=Memoized:s2@group-C92E7B86EDFC-SegmentedRaftLog:OPENED:c7, conf=6: peers:[s0|rpc:localhost:46689|admin:localhost:46779|client:localhost:37871|dataStream:localhost:46501|priority:0|startupRole:FOLLOWER, s1|rpc:localhost:37585|admin:localhost:35007|client:localhost:43533|dataStream:localhost:44315|priority:0|startupRole:FOLLOWER, s2|rpc:localhost:34717|admin:localhost:33013|client:localhost:41383|dataStream:localhost:35135|priority:0|startupRole:FOLLOWER]|listeners:[], old=null RUNNING
2023-06-29 03:36:55,965 [timer1] WARN  grpc.GrpcUtil (GrpcUtil.java:shutdownManagedChannel(223)) - Timed out gracefully shutting down connection: ManagedChannelOrphanWrapper{delegate=ManagedChannelImpl{logId=2224, target=localhost:43533}}. 
2023-06-29 03:36:56,070 [timer7] WARN  grpc.GrpcUtil (GrpcUtil.java:shutdownManagedChannel(223)) - Timed out gracefully shutting down connection: ManagedChannelOrphanWrapper{delegate=ManagedChannelImpl{logId=2252, target=localhost:43533}}. 
2023-06-29 03:36:56,072 [timer0] WARN  grpc.GrpcUtil (GrpcUtil.java:shutdownManagedChannel(223)) - Timed out gracefully shutting down connection: ManagedChannelOrphanWrapper{delegate=ManagedChannelImpl{logId=2259, target=localhost:43533}}. 
2023-06-29 03:36:56,170 [timer5] WARN  grpc.GrpcUtil (GrpcUtil.java:shutdownManagedChannel(223)) - Timed out gracefully shutting down connection: ManagedChannelOrphanWrapper{delegate=ManagedChannelImpl{logId=2280, target=localhost:43533}}. 
2023-06-29 03:36:58,966 [timer1] WARN  grpc.GrpcUtil (GrpcUtil.java:shutdownManagedChannel(223)) - Timed out gracefully shutting down connection: ManagedChannelOrphanWrapper{delegate=ManagedChannelImpl{logId=2264, target=localhost:43533}}. 
2023-06-29 03:36:58,971 [s1-client-thread2] INFO  statemachine.StateMachine (DataStreamTestUtils.java:link(157)) - link null
2023-06-29 03:36:58,972 [s0-server-thread6] INFO  statemachine.StateMachine (DataStreamTestUtils.java:link(157)) - link null
2023-06-29 03:36:58,972 [s2-server-thread2] INFO  statemachine.StateMachine (DataStreamTestUtils.java:link(157)) - link null
2023-06-29 03:36:58,973 [s0-server-thread6] WARN  server.GrpcServerProtocolService (LogUtils.java:warn(124)) - s0: Failed APPEND_ENTRIES request s1->s0#2537-t2,previous=(t:2, i:27),leaderCommit=7,initializing? true,entries: size=1, first=(t:2, i:28), STATEMACHINELOGENTRY, 381@client-C6D65EB13F04
java.util.concurrent.CompletionException: org.apache.ratis.server.raftlog.RaftLogIOException: Log already failed at index 8 for task WriteLog:8: (t:2, i:8), STATEMACHINELOGENTRY, StateMachineLogEntryProto:377@client-E9B8430491AA
	at java.base/java.util.concurrent.CompletableFuture.encodeThrowable(CompletableFuture.java:331)
	at java.base/java.util.concurrent.CompletableFuture.completeThrowable(CompletableFuture.java:346)
	at java.base/java.util.concurrent.CompletableFuture$BiRelay.tryFire(CompletableFuture.java:1423)
	at java.base/java.util.concurrent.CompletableFuture$CoCompletion.tryFire(CompletableFuture.java:1144)
	at java.base/java.util.concurrent.CompletableFuture.postComplete(CompletableFuture.java:506)
	at java.base/java.util.concurrent.CompletableFuture.completeExceptionally(CompletableFuture.java:2088)
	at org.apache.ratis.server.raftlog.segmented.SegmentedRaftLog$Task.failed(SegmentedRaftLog.java:105)
	at org.apache.ratis.server.raftlog.segmented.SegmentedRaftLogWorker$WriteLog.failed(SegmentedRaftLogWorker.java:514)
	at org.apache.ratis.server.raftlog.segmented.SegmentedRaftLogWorker.run(SegmentedRaftLogWorker.java:312)
	at java.base/java.util.concurrent.Executors$RunnableAdapter.call(Executors.java:515)
	at java.base/java.util.concurrent.FutureTask.run(FutureTask.java:264)
	at java.base/java.util.concurrent.ThreadPoolExecutor.runWorker(ThreadPoolExecutor.java:1128)
	at java.base/java.util.concurrent.ThreadPoolExecutor$Worker.run(ThreadPoolExecutor.java:628)
	at java.base/java.lang.Thread.run(Thread.java:829)
Caused by: org.apache.ratis.server.raftlog.RaftLogIOException: Log already failed at index 8 for task WriteLog:8: (t:2, i:8), STATEMACHINELOGENTRY, StateMachineLogEntryProto:377@client-E9B8430491AA
	at org.apache.ratis.server.raftlog.segmented.SegmentedRaftLogWorker.run(SegmentedRaftLogWorker.java:315)
	... 5 more
Caused by: java.io.IOException: java.lang.IllegalStateException: Null stream: entry=term: 2
index: 8
stateMachineLogEntry {
  type: DATASTREAM
  clientId: "J\000\\\302\362\322H[\226\355\351\270C\004\221\252"
  callId: 377
}

	at org.apache.ratis.util.IOUtils.asIOException(IOUtils.java:56)
	at org.apache.ratis.util.IOUtils.toIOException(IOUtils.java:61)
	at org.apache.ratis.util.IOUtils.getFromFuture(IOUtils.java:85)
	at org.apache.ratis.server.raftlog.segmented.SegmentedRaftLogWorker$StateMachineDataPolicy.getFromFuture(SegmentedRaftLogWorker.java:88)
	at org.apache.ratis.server.raftlog.segmented.SegmentedRaftLogWorker$WriteLog.execute(SegmentedRaftLogWorker.java:535)
	at org.apache.ratis.server.raftlog.segmented.SegmentedRaftLogWorker.run(SegmentedRaftLogWorker.java:303)
	... 5 more
Caused by: java.lang.IllegalStateException: Null stream: entry=term: 2
index: 8
stateMachineLogEntry {
  type: DATASTREAM
  clientId: "J\000\\\302\362\322H[\226\355\351\270C\004\221\252"
  callId: 377
}

	at org.apache.ratis.datastream.DataStreamTestUtils$MultiDataStreamStateMachine.link(DataStreamTestUtils.java:159)
	at org.apache.ratis.server.raftlog.segmented.SegmentedRaftLogWorker$WriteLog.<init>(SegmentedRaftLogWorker.java:492)
	at org.apache.ratis.server.raftlog.segmented.SegmentedRaftLogWorker.writeLogEntry(SegmentedRaftLogWorker.java:438)
	at org.apache.ratis.server.raftlog.segmented.SegmentedRaftLog.appendEntryImpl(SegmentedRaftLog.java:409)
	at org.apache.ratis.server.raftlog.RaftLogBase.lambda$appendEntry$10(RaftLogBase.java:330)
	at org.apache.ratis.server.raftlog.RaftLogSequentialOps$Runner.runSequentially(RaftLogSequentialOps.java:78)
	at org.apache.ratis.server.raftlog.RaftLogBase.appendEntry(RaftLogBase.java:330)
	at org.apache.ratis.server.raftlog.segmented.SegmentedRaftLog.appendImpl(SegmentedRaftLog.java:457)
	at org.apache.ratis.server.raftlog.RaftLogBase.lambda$append$11(RaftLogBase.java:337)
	at org.apache.ratis.server.raftlog.RaftLogSequentialOps$Runner.runSequentially(RaftLogSequentialOps.java:69)
	at org.apache.ratis.server.raftlog.RaftLogBase.append(RaftLogBase.java:337)
	at org.apache.ratis.server.impl.RaftServerImpl.appendEntriesAsync(RaftServerImpl.java:1567)
	at org.apache.ratis.server.impl.RaftServerImpl.appendEntriesAsync(RaftServerImpl.java:1431)
	at org.apache.ratis.server.impl.RaftServerProxy.lambda$appendEntriesAsync$26(RaftServerProxy.java:639)
	at org.apache.ratis.util.JavaUtils.callAsUnchecked(JavaUtils.java:117)
	at org.apache.ratis.server.impl.RaftServerImpl.lambda$executeSubmitServerRequestAsync$10(RaftServerImpl.java:859)
	at java.base/java.util.concurrent.CompletableFuture$AsyncSupply.run(CompletableFuture.java:1700)
	... 3 more
2023-06-29 03:36:58,973 [s2-server-thread2] WARN  server.GrpcServerProtocolService (LogUtils.java:warn(124)) - s2: Failed APPEND_ENTRIES request s1->s2#2535-t2,previous=(t:2, i:27),leaderCommit=7,initializing? true,entries: size=1, first=(t:2, i:28), STATEMACHINELOGENTRY, 381@client-C6D65EB13F04
java.util.concurrent.CompletionException: org.apache.ratis.server.raftlog.RaftLogIOException: Log already failed at index 8 for task WriteLog:8: (t:2, i:8), STATEMACHINELOGENTRY, StateMachineLogEntryProto:377@client-E9B8430491AA
	at java.base/java.util.concurrent.CompletableFuture.encodeThrowable(CompletableFuture.java:331)
	at java.base/java.util.concurrent.CompletableFuture.completeThrowable(CompletableFuture.java:346)
	at java.base/java.util.concurrent.CompletableFuture$BiRelay.tryFire(CompletableFuture.java:1423)
	at java.base/java.util.concurrent.CompletableFuture$CoCompletion.tryFire(CompletableFuture.java:1144)
	at java.base/java.util.concurrent.CompletableFuture.postComplete(CompletableFuture.java:506)
	at java.base/java.util.concurrent.CompletableFuture.completeExceptionally(CompletableFuture.java:2088)
	at org.apache.ratis.server.raftlog.segmented.SegmentedRaftLog$Task.failed(SegmentedRaftLog.java:105)
	at org.apache.ratis.server.raftlog.segmented.SegmentedRaftLogWorker$WriteLog.failed(SegmentedRaftLogWorker.java:514)
	at org.apache.ratis.server.raftlog.segmented.SegmentedRaftLogWorker.run(SegmentedRaftLogWorker.java:312)
	at java.base/java.util.concurrent.Executors$RunnableAdapter.call(Executors.java:515)
	at java.base/java.util.concurrent.FutureTask.run(FutureTask.java:264)
	at java.base/java.util.concurrent.ThreadPoolExecutor.runWorker(ThreadPoolExecutor.java:1128)
	at java.base/java.util.concurrent.ThreadPoolExecutor$Worker.run(ThreadPoolExecutor.java:628)
	at java.base/java.lang.Thread.run(Thread.java:829)
Caused by: org.apache.ratis.server.raftlog.RaftLogIOException: Log already failed at index 8 for task WriteLog:8: (t:2, i:8), STATEMACHINELOGENTRY, StateMachineLogEntryProto:377@client-E9B8430491AA
	at org.apache.ratis.server.raftlog.segmented.SegmentedRaftLogWorker.run(SegmentedRaftLogWorker.java:315)
	... 5 more
Caused by: java.io.IOException: java.lang.IllegalStateException: Null stream: entry=term: 2
index: 8
stateMachineLogEntry {
  type: DATASTREAM
  clientId: "J\000\\\302\362\322H[\226\355\351\270C\004\221\252"
  callId: 377
}

	at org.apache.ratis.util.IOUtils.asIOException(IOUtils.java:56)
	at org.apache.ratis.util.IOUtils.toIOException(IOUtils.java:61)
	at org.apache.ratis.util.IOUtils.getFromFuture(IOUtils.java:85)
	at org.apache.ratis.server.raftlog.segmented.SegmentedRaftLogWorker$StateMachineDataPolicy.getFromFuture(SegmentedRaftLogWorker.java:88)
	at org.apache.ratis.server.raftlog.segmented.SegmentedRaftLogWorker$WriteLog.execute(SegmentedRaftLogWorker.java:535)
	at org.apache.ratis.server.raftlog.segmented.SegmentedRaftLogWorker.run(SegmentedRaftLogWorker.java:303)
	... 5 more
Caused by: java.lang.IllegalStateException: Null stream: entry=term: 2
index: 8
stateMachineLogEntry {
  type: DATASTREAM
  clientId: "J\000\\\302\362\322H[\226\355\351\270C\004\221\252"
  callId: 377
}

	at org.apache.ratis.datastream.DataStreamTestUtils$MultiDataStreamStateMachine.link(DataStreamTestUtils.java:159)
	at org.apache.ratis.server.raftlog.segmented.SegmentedRaftLogWorker$WriteLog.<init>(SegmentedRaftLogWorker.java:492)
	at org.apache.ratis.server.raftlog.segmented.SegmentedRaftLogWorker.writeLogEntry(SegmentedRaftLogWorker.java:438)
	at org.apache.ratis.server.raftlog.segmented.SegmentedRaftLog.appendEntryImpl(SegmentedRaftLog.java:409)
	at org.apache.ratis.server.raftlog.RaftLogBase.lambda$appendEntry$10(RaftLogBase.java:330)
	at org.apache.ratis.server.raftlog.RaftLogSequentialOps$Runner.runSequentially(RaftLogSequentialOps.java:78)
	at org.apache.ratis.server.raftlog.RaftLogBase.appendEntry(RaftLogBase.java:330)
	at org.apache.ratis.server.raftlog.segmented.SegmentedRaftLog.appendImpl(SegmentedRaftLog.java:457)
	at org.apache.ratis.server.raftlog.RaftLogBase.lambda$append$11(RaftLogBase.java:337)
	at org.apache.ratis.server.raftlog.RaftLogSequentialOps$Runner.runSequentially(RaftLogSequentialOps.java:69)
	at org.apache.ratis.server.raftlog.RaftLogBase.append(RaftLogBase.java:337)
	at org.apache.ratis.server.impl.RaftServerImpl.appendEntriesAsync(RaftServerImpl.java:1567)
	at org.apache.ratis.server.impl.RaftServerImpl.appendEntriesAsync(RaftServerImpl.java:1431)
	at org.apache.ratis.server.impl.RaftServerProxy.lambda$appendEntriesAsync$26(RaftServerProxy.java:639)
	at org.apache.ratis.util.JavaUtils.callAsUnchecked(JavaUtils.java:117)
	at org.apache.ratis.server.impl.RaftServerImpl.lambda$executeSubmitServerRequestAsync$10(RaftServerImpl.java:859)
	at java.base/java.util.concurrent.CompletableFuture$AsyncSupply.run(CompletableFuture.java:1700)
	... 3 more
2023-06-29 03:36:58,981 [grpc-default-executor-11] WARN  server.GrpcLogAppender (LogUtils.java:warn(124)) - s1@group-C92E7B86EDFC->s0-AppendLogResponseHandler: Failed appendEntries
org.apache.ratis.server.raftlog.RaftLogIOException: Log already failed at index 8 for task WriteLog:8: (t:2, i:8), STATEMACHINELOGENTRY, StateMachineLogEntryProto:377@client-E9B8430491AA
	at org.apache.ratis.server.raftlog.segmented.SegmentedRaftLogWorker.run(SegmentedRaftLogWorker.java:315)
	at java.base/java.util.concurrent.Executors$RunnableAdapter.call(Executors.java:515)
	at java.base/java.util.concurrent.FutureTask.run(FutureTask.java:264)
	at java.base/java.util.concurrent.ThreadPoolExecutor.runWorker(ThreadPoolExecutor.java:1128)
	at java.base/java.util.concurrent.ThreadPoolExecutor$Worker.run(ThreadPoolExecutor.java:628)
	at java.base/java.lang.Thread.run(Thread.java:829)
Caused by: java.io.IOException: java.lang.IllegalStateException: Null stream: entry=term: 2
index: 8
stateMachineLogEntry {
  type: DATASTREAM
  clientId: "J\000\\\302\362\322H[\226\355\351\270C\004\221\252"
  callId: 377
}

	at org.apache.ratis.util.IOUtils.asIOException(IOUtils.java:56)
	at org.apache.ratis.util.IOUtils.toIOException(IOUtils.java:61)
	at org.apache.ratis.util.IOUtils.getFromFuture(IOUtils.java:85)
	at org.apache.ratis.server.raftlog.segmented.SegmentedRaftLogWorker$StateMachineDataPolicy.getFromFuture(SegmentedRaftLogWorker.java:88)
	at org.apache.ratis.server.raftlog.segmented.SegmentedRaftLogWorker$WriteLog.execute(SegmentedRaftLogWorker.java:535)
	at org.apache.ratis.server.raftlog.segmented.SegmentedRaftLogWorker.run(SegmentedRaftLogWorker.java:303)
	... 5 more
Caused by: java.lang.IllegalStateException: Null stream: entry=term: 2
index: 8
stateMachineLogEntry {
  type: DATASTREAM
  clientId: "J\000\\\302\362\322H[\226\355\351\270C\004\221\252"
  callId: 377
}

	at org.apache.ratis.datastream.DataStreamTestUtils$MultiDataStreamStateMachine.link(DataStreamTestUtils.java:159)
	at org.apache.ratis.server.raftlog.segmented.SegmentedRaftLogWorker$WriteLog.<init>(SegmentedRaftLogWorker.java:492)
	at org.apache.ratis.server.raftlog.segmented.SegmentedRaftLogWorker.writeLogEntry(SegmentedRaftLogWorker.java:438)
	at org.apache.ratis.server.raftlog.segmented.SegmentedRaftLog.appendEntryImpl(SegmentedRaftLog.java:409)
	at org.apache.ratis.server.raftlog.RaftLogBase.lambda$appendEntry$10(RaftLogBase.java:330)
	at org.apache.ratis.server.raftlog.RaftLogSequentialOps$Runner.runSequentially(RaftLogSequentialOps.java:78)
	at org.apache.ratis.server.raftlog.RaftLogBase.appendEntry(RaftLogBase.java:330)
	at org.apache.ratis.server.raftlog.segmented.SegmentedRaftLog.appendImpl(SegmentedRaftLog.java:457)
	at org.apache.ratis.server.raftlog.RaftLogBase.lambda$append$11(RaftLogBase.java:337)
	at org.apache.ratis.server.raftlog.RaftLogSequentialOps$Runner.runSequentially(RaftLogSequentialOps.java:69)
	at org.apache.ratis.server.raftlog.RaftLogBase.append(RaftLogBase.java:337)
	at org.apache.ratis.server.impl.RaftServerImpl.appendEntriesAsync(RaftServerImpl.java:1567)
	at org.apache.ratis.server.impl.RaftServerImpl.appendEntriesAsync(RaftServerImpl.java:1431)
	at org.apache.ratis.server.impl.RaftServerProxy.lambda$appendEntriesAsync$26(RaftServerProxy.java:639)
	at org.apache.ratis.util.JavaUtils.callAsUnchecked(JavaUtils.java:117)
	at org.apache.ratis.server.impl.RaftServerImpl.lambda$executeSubmitServerRequestAsync$10(RaftServerImpl.java:859)
	at java.base/java.util.concurrent.CompletableFuture$AsyncSupply.run(CompletableFuture.java:1700)
	... 3 more
2023-06-29 03:36:58,981 [grpc-default-executor-11] INFO  leader.FollowerInfo (FollowerInfoImpl.java:lambda$new$0(52)) - s1@group-C92E7B86EDFC->s0: decreaseNextIndex nextIndex: updateUnconditionally 29 -> 28
2023-06-29 03:36:58,986 [grpc-default-executor-11] WARN  server.GrpcLogAppender (LogUtils.java:warn(124)) - s1@group-C92E7B86EDFC->s2-AppendLogResponseHandler: Failed appendEntries
org.apache.ratis.server.raftlog.RaftLogIOException: Log already failed at index 8 for task WriteLog:8: (t:2, i:8), STATEMACHINELOGENTRY, StateMachineLogEntryProto:377@client-E9B8430491AA
	at org.apache.ratis.server.raftlog.segmented.SegmentedRaftLogWorker.run(SegmentedRaftLogWorker.java:315)
	at java.base/java.util.concurrent.Executors$RunnableAdapter.call(Executors.java:515)
	at java.base/java.util.concurrent.FutureTask.run(FutureTask.java:264)
	at java.base/java.util.concurrent.ThreadPoolExecutor.runWorker(ThreadPoolExecutor.java:1128)
	at java.base/java.util.concurrent.ThreadPoolExecutor$Worker.run(ThreadPoolExecutor.java:628)
	at java.base/java.lang.Thread.run(Thread.java:829)
Caused by: java.io.IOException: java.lang.IllegalStateException: Null stream: entry=term: 2
index: 8
stateMachineLogEntry {
  type: DATASTREAM
  clientId: "J\000\\\302\362\322H[\226\355\351\270C\004\221\252"
  callId: 377
}

	at org.apache.ratis.util.IOUtils.asIOException(IOUtils.java:56)
	at org.apache.ratis.util.IOUtils.toIOException(IOUtils.java:61)
	at org.apache.ratis.util.IOUtils.getFromFuture(IOUtils.java:85)
	at org.apache.ratis.server.raftlog.segmented.SegmentedRaftLogWorker$StateMachineDataPolicy.getFromFuture(SegmentedRaftLogWorker.java:88)
	at org.apache.ratis.server.raftlog.segmented.SegmentedRaftLogWorker$WriteLog.execute(SegmentedRaftLogWorker.java:535)
	at org.apache.ratis.server.raftlog.segmented.SegmentedRaftLogWorker.run(SegmentedRaftLogWorker.java:303)
	... 5 more
Caused by: java.lang.IllegalStateException: Null stream: entry=term: 2
index: 8
stateMachineLogEntry {
  type: DATASTREAM
  clientId: "J\000\\\302\362\322H[\226\355\351\270C\004\221\252"
  callId: 377
}

	at org.apache.ratis.datastream.DataStreamTestUtils$MultiDataStreamStateMachine.link(DataStreamTestUtils.java:159)
	at org.apache.ratis.server.raftlog.segmented.SegmentedRaftLogWorker$WriteLog.<init>(SegmentedRaftLogWorker.java:492)
	at org.apache.ratis.server.raftlog.segmented.SegmentedRaftLogWorker.writeLogEntry(SegmentedRaftLogWorker.java:438)
	at org.apache.ratis.server.raftlog.segmented.SegmentedRaftLog.appendEntryImpl(SegmentedRaftLog.java:409)
	at org.apache.ratis.server.raftlog.RaftLogBase.lambda$appendEntry$10(RaftLogBase.java:330)
	at org.apache.ratis.server.raftlog.RaftLogSequentialOps$Runner.runSequentially(RaftLogSequentialOps.java:78)
	at org.apache.ratis.server.raftlog.RaftLogBase.appendEntry(RaftLogBase.java:330)
	at org.apache.ratis.server.raftlog.segmented.SegmentedRaftLog.appendImpl(SegmentedRaftLog.java:457)
	at org.apache.ratis.server.raftlog.RaftLogBase.lambda$append$11(RaftLogBase.java:337)
	at org.apache.ratis.server.raftlog.RaftLogSequentialOps$Runner.runSequentially(RaftLogSequentialOps.java:69)
	at org.apache.ratis.server.raftlog.RaftLogBase.append(RaftLogBase.java:337)
	at org.apache.ratis.server.impl.RaftServerImpl.appendEntriesAsync(RaftServerImpl.java:1567)
	at org.apache.ratis.server.impl.RaftServerImpl.appendEntriesAsync(RaftServerImpl.java:1431)
	at org.apache.ratis.server.impl.RaftServerProxy.lambda$appendEntriesAsync$26(RaftServerProxy.java:639)
	at org.apache.ratis.util.JavaUtils.callAsUnchecked(JavaUtils.java:117)
	at org.apache.ratis.server.impl.RaftServerImpl.lambda$executeSubmitServerRequestAsync$10(RaftServerImpl.java:859)
	at java.base/java.util.concurrent.CompletableFuture$AsyncSupply.run(CompletableFuture.java:1700)
	... 3 more
2023-06-29 03:36:58,986 [grpc-default-executor-11] INFO  leader.FollowerInfo (FollowerInfoImpl.java:lambda$new$0(52)) - s1@group-C92E7B86EDFC->s2: decreaseNextIndex nextIndex: updateUnconditionally 29 -> 28
2023-06-29 03:36:59,071 [s1-client-thread2] INFO  statemachine.StateMachine (DataStreamTestUtils.java:link(157)) - link null
2023-06-29 03:36:59,072 [s2-server-thread2] INFO  statemachine.StateMachine (DataStreamTestUtils.java:link(157)) - link null
2023-06-29 03:36:59,072 [grpc-default-executor-11] WARN  server.GrpcServerProtocolService (LogUtils.java:warn(124)) - s2: Failed APPEND_ENTRIES request s1->s2#2538-t2,previous=(t:2, i:28),leaderCommit=7,initializing? true,entries: size=1, first=(t:2, i:29), STATEMACHINELOGENTRY, 380@client-A3187C8C9A8E
java.util.concurrent.CompletionException: org.apache.ratis.server.raftlog.RaftLogIOException: Log already failed at index 8 for task WriteLog:8: (t:2, i:8), STATEMACHINELOGENTRY, StateMachineLogEntryProto:377@client-E9B8430491AA
	at java.base/java.util.concurrent.CompletableFuture.encodeThrowable(CompletableFuture.java:331)
	at java.base/java.util.concurrent.CompletableFuture.completeThrowable(CompletableFuture.java:346)
	at java.base/java.util.concurrent.CompletableFuture$BiRelay.tryFire(CompletableFuture.java:1423)
	at java.base/java.util.concurrent.CompletableFuture$CoCompletion.tryFire(CompletableFuture.java:1144)
	at java.base/java.util.concurrent.CompletableFuture.postComplete(CompletableFuture.java:506)
	at java.base/java.util.concurrent.CompletableFuture.completeExceptionally(CompletableFuture.java:2088)
	at org.apache.ratis.server.raftlog.segmented.SegmentedRaftLog$Task.failed(SegmentedRaftLog.java:105)
	at org.apache.ratis.server.raftlog.segmented.SegmentedRaftLogWorker$WriteLog.failed(SegmentedRaftLogWorker.java:514)
	at org.apache.ratis.server.raftlog.segmented.SegmentedRaftLogWorker.run(SegmentedRaftLogWorker.java:312)
	at java.base/java.util.concurrent.Executors$RunnableAdapter.call(Executors.java:515)
	at java.base/java.util.concurrent.FutureTask.run(FutureTask.java:264)
	at java.base/java.util.concurrent.ThreadPoolExecutor.runWorker(ThreadPoolExecutor.java:1128)
	at java.base/java.util.concurrent.ThreadPoolExecutor$Worker.run(ThreadPoolExecutor.java:628)
	at java.base/java.lang.Thread.run(Thread.java:829)
Caused by: org.apache.ratis.server.raftlog.RaftLogIOException: Log already failed at index 8 for task WriteLog:8: (t:2, i:8), STATEMACHINELOGENTRY, StateMachineLogEntryProto:377@client-E9B8430491AA
	at org.apache.ratis.server.raftlog.segmented.SegmentedRaftLogWorker.run(SegmentedRaftLogWorker.java:315)
	... 5 more
Caused by: java.io.IOException: java.lang.IllegalStateException: Null stream: entry=term: 2
index: 8
stateMachineLogEntry {
  type: DATASTREAM
  clientId: "J\000\\\302\362\322H[\226\355\351\270C\004\221\252"
  callId: 377
}

	at org.apache.ratis.util.IOUtils.asIOException(IOUtils.java:56)
	at org.apache.ratis.util.IOUtils.toIOException(IOUtils.java:61)
	at org.apache.ratis.util.IOUtils.getFromFuture(IOUtils.java:85)
	at org.apache.ratis.server.raftlog.segmented.SegmentedRaftLogWorker$StateMachineDataPolicy.getFromFuture(SegmentedRaftLogWorker.java:88)
	at org.apache.ratis.server.raftlog.segmented.SegmentedRaftLogWorker$WriteLog.execute(SegmentedRaftLogWorker.java:535)
	at org.apache.ratis.server.raftlog.segmented.SegmentedRaftLogWorker.run(SegmentedRaftLogWorker.java:303)
	... 5 more
Caused by: java.lang.IllegalStateException: Null stream: entry=term: 2
index: 8
stateMachineLogEntry {
  type: DATASTREAM
  clientId: "J\000\\\302\362\322H[\226\355\351\270C\004\221\252"
  callId: 377
}

	at org.apache.ratis.datastream.DataStreamTestUtils$MultiDataStreamStateMachine.link(DataStreamTestUtils.java:159)
	at org.apache.ratis.server.raftlog.segmented.SegmentedRaftLogWorker$WriteLog.<init>(SegmentedRaftLogWorker.java:492)
	at org.apache.ratis.server.raftlog.segmented.SegmentedRaftLogWorker.writeLogEntry(SegmentedRaftLogWorker.java:438)
	at org.apache.ratis.server.raftlog.segmented.SegmentedRaftLog.appendEntryImpl(SegmentedRaftLog.java:409)
	at org.apache.ratis.server.raftlog.RaftLogBase.lambda$appendEntry$10(RaftLogBase.java:330)
	at org.apache.ratis.server.raftlog.RaftLogSequentialOps$Runner.runSequentially(RaftLogSequentialOps.java:78)
	at org.apache.ratis.server.raftlog.RaftLogBase.appendEntry(RaftLogBase.java:330)
	at org.apache.ratis.server.raftlog.segmented.SegmentedRaftLog.appendImpl(SegmentedRaftLog.java:457)
	at org.apache.ratis.server.raftlog.RaftLogBase.lambda$append$11(RaftLogBase.java:337)
	at org.apache.ratis.server.raftlog.RaftLogSequentialOps$Runner.runSequentially(RaftLogSequentialOps.java:69)
	at org.apache.ratis.server.raftlog.RaftLogBase.append(RaftLogBase.java:337)
	at org.apache.ratis.server.impl.RaftServerImpl.appendEntriesAsync(RaftServerImpl.java:1567)
	at org.apache.ratis.server.impl.RaftServerImpl.appendEntriesAsync(RaftServerImpl.java:1431)
	at org.apache.ratis.server.impl.RaftServerProxy.lambda$appendEntriesAsync$26(RaftServerProxy.java:639)
	at org.apache.ratis.util.JavaUtils.callAsUnchecked(JavaUtils.java:117)
	at org.apache.ratis.server.impl.RaftServerImpl.lambda$executeSubmitServerRequestAsync$10(RaftServerImpl.java:859)
	at java.base/java.util.concurrent.CompletableFuture$AsyncSupply.run(CompletableFuture.java:1700)
	... 3 more
2023-06-29 03:36:59,074 [s0-server-thread6] INFO  statemachine.StateMachine (DataStreamTestUtils.java:link(157)) - link null
2023-06-29 03:36:59,075 [grpc-default-executor-7] WARN  server.GrpcServerProtocolService (LogUtils.java:warn(124)) - s0: Failed APPEND_ENTRIES request s1->s0#2540-t2,previous=(t:2, i:28),leaderCommit=7,initializing? true,entries: size=1, first=(t:2, i:29), STATEMACHINELOGENTRY, 380@client-A3187C8C9A8E
java.util.concurrent.CompletionException: org.apache.ratis.server.raftlog.RaftLogIOException: Log already failed at index 8 for task WriteLog:8: (t:2, i:8), STATEMACHINELOGENTRY, StateMachineLogEntryProto:377@client-E9B8430491AA
	at java.base/java.util.concurrent.CompletableFuture.encodeThrowable(CompletableFuture.java:331)
	at java.base/java.util.concurrent.CompletableFuture.andTree(CompletableFuture.java:1452)
	at java.base/java.util.concurrent.CompletableFuture.allOf(CompletableFuture.java:2337)
	at org.apache.ratis.util.JavaUtils.allOf(JavaUtils.java:278)
	at org.apache.ratis.server.impl.RaftServerImpl.appendEntriesAsync(RaftServerImpl.java:1578)
	at org.apache.ratis.server.impl.RaftServerImpl.appendEntriesAsync(RaftServerImpl.java:1431)
	at org.apache.ratis.server.impl.RaftServerProxy.lambda$appendEntriesAsync$26(RaftServerProxy.java:639)
	at org.apache.ratis.util.JavaUtils.callAsUnchecked(JavaUtils.java:117)
	at org.apache.ratis.server.impl.RaftServerImpl.lambda$executeSubmitServerRequestAsync$10(RaftServerImpl.java:859)
	at java.base/java.util.concurrent.CompletableFuture$AsyncSupply.run(CompletableFuture.java:1700)
	at java.base/java.util.concurrent.ThreadPoolExecutor.runWorker(ThreadPoolExecutor.java:1128)
	at java.base/java.util.concurrent.ThreadPoolExecutor$Worker.run(ThreadPoolExecutor.java:628)
	at java.base/java.lang.Thread.run(Thread.java:829)
Caused by: org.apache.ratis.server.raftlog.RaftLogIOException: Log already failed at index 8 for task WriteLog:8: (t:2, i:8), STATEMACHINELOGENTRY, StateMachineLogEntryProto:377@client-E9B8430491AA
	at org.apache.ratis.server.raftlog.segmented.SegmentedRaftLogWorker.run(SegmentedRaftLogWorker.java:315)
	at java.base/java.util.concurrent.Executors$RunnableAdapter.call(Executors.java:515)
	at java.base/java.util.concurrent.FutureTask.run(FutureTask.java:264)
	... 3 more
Caused by: java.io.IOException: java.lang.IllegalStateException: Null stream: entry=term: 2
index: 8
stateMachineLogEntry {
  type: DATASTREAM
  clientId: "J\000\\\302\362\322H[\226\355\351\270C\004\221\252"
  callId: 377
}

	at org.apache.ratis.util.IOUtils.asIOException(IOUtils.java:56)
	at org.apache.ratis.util.IOUtils.toIOException(IOUtils.java:61)
	at org.apache.ratis.util.IOUtils.getFromFuture(IOUtils.java:85)
	at org.apache.ratis.server.raftlog.segmented.SegmentedRaftLogWorker$StateMachineDataPolicy.getFromFuture(SegmentedRaftLogWorker.java:88)
	at org.apache.ratis.server.raftlog.segmented.SegmentedRaftLogWorker$WriteLog.execute(SegmentedRaftLogWorker.java:535)
	at org.apache.ratis.server.raftlog.segmented.SegmentedRaftLogWorker.run(SegmentedRaftLogWorker.java:303)
	... 5 more
Caused by: java.lang.IllegalStateException: Null stream: entry=term: 2
index: 8
stateMachineLogEntry {
  type: DATASTREAM
  clientId: "J\000\\\302\362\322H[\226\355\351\270C\004\221\252"
  callId: 377
}

	at org.apache.ratis.datastream.DataStreamTestUtils$MultiDataStreamStateMachine.link(DataStreamTestUtils.java:159)
	at org.apache.ratis.server.raftlog.segmented.SegmentedRaftLogWorker$WriteLog.<init>(SegmentedRaftLogWorker.java:492)
	at org.apache.ratis.server.raftlog.segmented.SegmentedRaftLogWorker.writeLogEntry(SegmentedRaftLogWorker.java:438)
	at org.apache.ratis.server.raftlog.segmented.SegmentedRaftLog.appendEntryImpl(SegmentedRaftLog.java:409)
	at org.apache.ratis.server.raftlog.RaftLogBase.lambda$appendEntry$10(RaftLogBase.java:330)
	at org.apache.ratis.server.raftlog.RaftLogSequentialOps$Runner.runSequentially(RaftLogSequentialOps.java:78)
	at org.apache.ratis.server.raftlog.RaftLogBase.appendEntry(RaftLogBase.java:330)
	at org.apache.ratis.server.raftlog.segmented.SegmentedRaftLog.appendImpl(SegmentedRaftLog.java:457)
	at org.apache.ratis.server.raftlog.RaftLogBase.lambda$append$11(RaftLogBase.java:337)
	at org.apache.ratis.server.raftlog.RaftLogSequentialOps$Runner.runSequentially(RaftLogSequentialOps.java:69)
	at org.apache.ratis.server.raftlog.RaftLogBase.append(RaftLogBase.java:337)
	at org.apache.ratis.server.impl.RaftServerImpl.appendEntriesAsync(RaftServerImpl.java:1567)
	at org.apache.ratis.server.impl.RaftServerImpl.appendEntriesAsync(RaftServerImpl.java:1431)
	at org.apache.ratis.server.impl.RaftServerProxy.lambda$appendEntriesAsync$26(RaftServerProxy.java:639)
	at org.apache.ratis.util.JavaUtils.callAsUnchecked(JavaUtils.java:117)
	at org.apache.ratis.server.impl.RaftServerImpl.lambda$executeSubmitServerRequestAsync$10(RaftServerImpl.java:859)
	at java.base/java.util.concurrent.CompletableFuture$AsyncSupply.run(CompletableFuture.java:1700)
	... 3 more
2023-06-29 03:36:59,080 [grpc-default-executor-7] WARN  server.GrpcLogAppender (LogUtils.java:warn(124)) - s1@group-C92E7B86EDFC->s2-AppendLogResponseHandler: Failed appendEntries
org.apache.ratis.server.raftlog.RaftLogIOException: Log already failed at index 8 for task WriteLog:8: (t:2, i:8), STATEMACHINELOGENTRY, StateMachineLogEntryProto:377@client-E9B8430491AA
	at org.apache.ratis.server.raftlog.segmented.SegmentedRaftLogWorker.run(SegmentedRaftLogWorker.java:315)
	at java.base/java.util.concurrent.Executors$RunnableAdapter.call(Executors.java:515)
	at java.base/java.util.concurrent.FutureTask.run(FutureTask.java:264)
	at java.base/java.util.concurrent.ThreadPoolExecutor.runWorker(ThreadPoolExecutor.java:1128)
	at java.base/java.util.concurrent.ThreadPoolExecutor$Worker.run(ThreadPoolExecutor.java:628)
	at java.base/java.lang.Thread.run(Thread.java:829)
Caused by: java.io.IOException: java.lang.IllegalStateException: Null stream: entry=term: 2
index: 8
stateMachineLogEntry {
  type: DATASTREAM
  clientId: "J\000\\\302\362\322H[\226\355\351\270C\004\221\252"
  callId: 377
}

	at org.apache.ratis.util.IOUtils.asIOException(IOUtils.java:56)
	at org.apache.ratis.util.IOUtils.toIOException(IOUtils.java:61)
	at org.apache.ratis.util.IOUtils.getFromFuture(IOUtils.java:85)
	at org.apache.ratis.server.raftlog.segmented.SegmentedRaftLogWorker$StateMachineDataPolicy.getFromFuture(SegmentedRaftLogWorker.java:88)
	at org.apache.ratis.server.raftlog.segmented.SegmentedRaftLogWorker$WriteLog.execute(SegmentedRaftLogWorker.java:535)
	at org.apache.ratis.server.raftlog.segmented.SegmentedRaftLogWorker.run(SegmentedRaftLogWorker.java:303)
	... 5 more
Caused by: java.lang.IllegalStateException: Null stream: entry=term: 2
index: 8
stateMachineLogEntry {
  type: DATASTREAM
  clientId: "J\000\\\302\362\322H[\226\355\351\270C\004\221\252"
  callId: 377
}

	at org.apache.ratis.datastream.DataStreamTestUtils$MultiDataStreamStateMachine.link(DataStreamTestUtils.java:159)
	at org.apache.ratis.server.raftlog.segmented.SegmentedRaftLogWorker$WriteLog.<init>(SegmentedRaftLogWorker.java:492)
	at org.apache.ratis.server.raftlog.segmented.SegmentedRaftLogWorker.writeLogEntry(SegmentedRaftLogWorker.java:438)
	at org.apache.ratis.server.raftlog.segmented.SegmentedRaftLog.appendEntryImpl(SegmentedRaftLog.java:409)
	at org.apache.ratis.server.raftlog.RaftLogBase.lambda$appendEntry$10(RaftLogBase.java:330)
	at org.apache.ratis.server.raftlog.RaftLogSequentialOps$Runner.runSequentially(RaftLogSequentialOps.java:78)
	at org.apache.ratis.server.raftlog.RaftLogBase.appendEntry(RaftLogBase.java:330)
	at org.apache.ratis.server.raftlog.segmented.SegmentedRaftLog.appendImpl(SegmentedRaftLog.java:457)
	at org.apache.ratis.server.raftlog.RaftLogBase.lambda$append$11(RaftLogBase.java:337)
	at org.apache.ratis.server.raftlog.RaftLogSequentialOps$Runner.runSequentially(RaftLogSequentialOps.java:69)
	at org.apache.ratis.server.raftlog.RaftLogBase.append(RaftLogBase.java:337)
	at org.apache.ratis.server.impl.RaftServerImpl.appendEntriesAsync(RaftServerImpl.java:1567)
	at org.apache.ratis.server.impl.RaftServerImpl.appendEntriesAsync(RaftServerImpl.java:1431)
	at org.apache.ratis.server.impl.RaftServerProxy.lambda$appendEntriesAsync$26(RaftServerProxy.java:639)
	at org.apache.ratis.util.JavaUtils.callAsUnchecked(JavaUtils.java:117)
	at org.apache.ratis.server.impl.RaftServerImpl.lambda$executeSubmitServerRequestAsync$10(RaftServerImpl.java:859)
	at java.base/java.util.concurrent.CompletableFuture$AsyncSupply.run(CompletableFuture.java:1700)
	... 3 more
2023-06-29 03:36:59,081 [grpc-default-executor-7] INFO  leader.FollowerInfo (FollowerInfoImpl.java:lambda$new$0(52)) - s1@group-C92E7B86EDFC->s2: decreaseNextIndex nextIndex: updateUnconditionally 30 -> 29
2023-06-29 03:36:59,081 [grpc-default-executor-11] WARN  server.GrpcLogAppender (LogUtils.java:warn(124)) - s1@group-C92E7B86EDFC->s0-AppendLogResponseHandler: Failed appendEntries
org.apache.ratis.server.raftlog.RaftLogIOException: Log already failed at index 8 for task WriteLog:8: (t:2, i:8), STATEMACHINELOGENTRY, StateMachineLogEntryProto:377@client-E9B8430491AA
	at org.apache.ratis.server.raftlog.segmented.SegmentedRaftLogWorker.run(SegmentedRaftLogWorker.java:315)
	at java.base/java.util.concurrent.Executors$RunnableAdapter.call(Executors.java:515)
	at java.base/java.util.concurrent.FutureTask.run(FutureTask.java:264)
	at java.base/java.util.concurrent.ThreadPoolExecutor.runWorker(ThreadPoolExecutor.java:1128)
	at java.base/java.util.concurrent.ThreadPoolExecutor$Worker.run(ThreadPoolExecutor.java:628)
	at java.base/java.lang.Thread.run(Thread.java:829)
Caused by: java.io.IOException: java.lang.IllegalStateException: Null stream: entry=term: 2
index: 8
stateMachineLogEntry {
  type: DATASTREAM
  clientId: "J\000\\\302\362\322H[\226\355\351\270C\004\221\252"
  callId: 377
}

	at org.apache.ratis.util.IOUtils.asIOException(IOUtils.java:56)
	at org.apache.ratis.util.IOUtils.toIOException(IOUtils.java:61)
	at org.apache.ratis.util.IOUtils.getFromFuture(IOUtils.java:85)
	at org.apache.ratis.server.raftlog.segmented.SegmentedRaftLogWorker$StateMachineDataPolicy.getFromFuture(SegmentedRaftLogWorker.java:88)
	at org.apache.ratis.server.raftlog.segmented.SegmentedRaftLogWorker$WriteLog.execute(SegmentedRaftLogWorker.java:535)
	at org.apache.ratis.server.raftlog.segmented.SegmentedRaftLogWorker.run(SegmentedRaftLogWorker.java:303)
	... 5 more
Caused by: java.lang.IllegalStateException: Null stream: entry=term: 2
index: 8
stateMachineLogEntry {
  type: DATASTREAM
  clientId: "J\000\\\302\362\322H[\226\355\351\270C\004\221\252"
  callId: 377
}

	at org.apache.ratis.datastream.DataStreamTestUtils$MultiDataStreamStateMachine.link(DataStreamTestUtils.java:159)
	at org.apache.ratis.server.raftlog.segmented.SegmentedRaftLogWorker$WriteLog.<init>(SegmentedRaftLogWorker.java:492)
	at org.apache.ratis.server.raftlog.segmented.SegmentedRaftLogWorker.writeLogEntry(SegmentedRaftLogWorker.java:438)
	at org.apache.ratis.server.raftlog.segmented.SegmentedRaftLog.appendEntryImpl(SegmentedRaftLog.java:409)
	at org.apache.ratis.server.raftlog.RaftLogBase.lambda$appendEntry$10(RaftLogBase.java:330)
	at org.apache.ratis.server.raftlog.RaftLogSequentialOps$Runner.runSequentially(RaftLogSequentialOps.java:78)
	at org.apache.ratis.server.raftlog.RaftLogBase.appendEntry(RaftLogBase.java:330)
	at org.apache.ratis.server.raftlog.segmented.SegmentedRaftLog.appendImpl(SegmentedRaftLog.java:457)
	at org.apache.ratis.server.raftlog.RaftLogBase.lambda$append$11(RaftLogBase.java:337)
	at org.apache.ratis.server.raftlog.RaftLogSequentialOps$Runner.runSequentially(RaftLogSequentialOps.java:69)
	at org.apache.ratis.server.raftlog.RaftLogBase.append(RaftLogBase.java:337)
	at org.apache.ratis.server.impl.RaftServerImpl.appendEntriesAsync(RaftServerImpl.java:1567)
	at org.apache.ratis.server.impl.RaftServerImpl.appendEntriesAsync(RaftServerImpl.java:1431)
	at org.apache.ratis.server.impl.RaftServerProxy.lambda$appendEntriesAsync$26(RaftServerProxy.java:639)
	at org.apache.ratis.util.JavaUtils.callAsUnchecked(JavaUtils.java:117)
	at org.apache.ratis.server.impl.RaftServerImpl.lambda$executeSubmitServerRequestAsync$10(RaftServerImpl.java:859)
	at java.base/java.util.concurrent.CompletableFuture$AsyncSupply.run(CompletableFuture.java:1700)
	... 3 more
2023-06-29 03:36:59,081 [grpc-default-executor-11] INFO  leader.FollowerInfo (FollowerInfoImpl.java:lambda$new$0(52)) - s1@group-C92E7B86EDFC->s0: decreaseNextIndex nextIndex: updateUnconditionally 30 -> 29
2023-06-29 03:36:59,171 [timer7] WARN  grpc.GrpcUtil (GrpcUtil.java:shutdownManagedChannel(223)) - Timed out gracefully shutting down connection: ManagedChannelOrphanWrapper{delegate=ManagedChannelImpl{logId=2294, target=localhost:43533}}. 
2023-06-29 03:37:02,183 [timer5] WARN  grpc.GrpcUtil (GrpcUtil.java:shutdownManagedChannel(223)) - Timed out gracefully shutting down connection: ManagedChannelOrphanWrapper{delegate=ManagedChannelImpl{logId=2322, target=localhost:43533}}. 
2023-06-29 03:37:04,969 [timer2] WARN  grpc.GrpcUtil (GrpcUtil.java:shutdownManagedChannel(223)) - Timed out gracefully shutting down connection: ManagedChannelOrphanWrapper{delegate=ManagedChannelImpl{logId=2336, target=localhost:43533}}. 
2023-06-29 03:37:04,977 [s1-client-thread2] INFO  statemachine.StateMachine (DataStreamTestUtils.java:link(157)) - link null
2023-06-29 03:37:04,977 [s2-server-thread3] INFO  statemachine.StateMachine (DataStreamTestUtils.java:link(157)) - link null
2023-06-29 03:37:04,977 [s0-server-thread6] INFO  statemachine.StateMachine (DataStreamTestUtils.java:link(157)) - link null
2023-06-29 03:37:04,978 [s0-server-thread6] WARN  server.GrpcServerProtocolService (LogUtils.java:warn(124)) - s0: Failed APPEND_ENTRIES request s1->s0#2621-t2,previous=(t:2, i:29),leaderCommit=7,initializing? true,entries: size=1, first=(t:2, i:30), STATEMACHINELOGENTRY, 383@client-1DC5253A1C40
java.util.concurrent.CompletionException: org.apache.ratis.server.raftlog.RaftLogIOException: Log already failed at index 8 for task WriteLog:8: (t:2, i:8), STATEMACHINELOGENTRY, StateMachineLogEntryProto:377@client-E9B8430491AA
	at java.base/java.util.concurrent.CompletableFuture.encodeThrowable(CompletableFuture.java:331)
	at java.base/java.util.concurrent.CompletableFuture.completeThrowable(CompletableFuture.java:346)
	at java.base/java.util.concurrent.CompletableFuture$BiRelay.tryFire(CompletableFuture.java:1423)
	at java.base/java.util.concurrent.CompletableFuture$CoCompletion.tryFire(CompletableFuture.java:1144)
	at java.base/java.util.concurrent.CompletableFuture.postComplete(CompletableFuture.java:506)
	at java.base/java.util.concurrent.CompletableFuture.completeExceptionally(CompletableFuture.java:2088)
	at org.apache.ratis.server.raftlog.segmented.SegmentedRaftLog$Task.failed(SegmentedRaftLog.java:105)
	at org.apache.ratis.server.raftlog.segmented.SegmentedRaftLogWorker$WriteLog.failed(SegmentedRaftLogWorker.java:514)
	at org.apache.ratis.server.raftlog.segmented.SegmentedRaftLogWorker.run(SegmentedRaftLogWorker.java:312)
	at java.base/java.util.concurrent.Executors$RunnableAdapter.call(Executors.java:515)
	at java.base/java.util.concurrent.FutureTask.run(FutureTask.java:264)
	at java.base/java.util.concurrent.ThreadPoolExecutor.runWorker(ThreadPoolExecutor.java:1128)
	at java.base/java.util.concurrent.ThreadPoolExecutor$Worker.run(ThreadPoolExecutor.java:628)
	at java.base/java.lang.Thread.run(Thread.java:829)
Caused by: org.apache.ratis.server.raftlog.RaftLogIOException: Log already failed at index 8 for task WriteLog:8: (t:2, i:8), STATEMACHINELOGENTRY, StateMachineLogEntryProto:377@client-E9B8430491AA
	at org.apache.ratis.server.raftlog.segmented.SegmentedRaftLogWorker.run(SegmentedRaftLogWorker.java:315)
	... 5 more
Caused by: java.io.IOException: java.lang.IllegalStateException: Null stream: entry=term: 2
index: 8
stateMachineLogEntry {
  type: DATASTREAM
  clientId: "J\000\\\302\362\322H[\226\355\351\270C\004\221\252"
  callId: 377
}

	at org.apache.ratis.util.IOUtils.asIOException(IOUtils.java:56)
	at org.apache.ratis.util.IOUtils.toIOException(IOUtils.java:61)
	at org.apache.ratis.util.IOUtils.getFromFuture(IOUtils.java:85)
	at org.apache.ratis.server.raftlog.segmented.SegmentedRaftLogWorker$StateMachineDataPolicy.getFromFuture(SegmentedRaftLogWorker.java:88)
	at org.apache.ratis.server.raftlog.segmented.SegmentedRaftLogWorker$WriteLog.execute(SegmentedRaftLogWorker.java:535)
	at org.apache.ratis.server.raftlog.segmented.SegmentedRaftLogWorker.run(SegmentedRaftLogWorker.java:303)
	... 5 more
Caused by: java.lang.IllegalStateException: Null stream: entry=term: 2
index: 8
stateMachineLogEntry {
  type: DATASTREAM
  clientId: "J\000\\\302\362\322H[\226\355\351\270C\004\221\252"
  callId: 377
}

	at org.apache.ratis.datastream.DataStreamTestUtils$MultiDataStreamStateMachine.link(DataStreamTestUtils.java:159)
	at org.apache.ratis.server.raftlog.segmented.SegmentedRaftLogWorker$WriteLog.<init>(SegmentedRaftLogWorker.java:492)
	at org.apache.ratis.server.raftlog.segmented.SegmentedRaftLogWorker.writeLogEntry(SegmentedRaftLogWorker.java:438)
	at org.apache.ratis.server.raftlog.segmented.SegmentedRaftLog.appendEntryImpl(SegmentedRaftLog.java:409)
	at org.apache.ratis.server.raftlog.RaftLogBase.lambda$appendEntry$10(RaftLogBase.java:330)
	at org.apache.ratis.server.raftlog.RaftLogSequentialOps$Runner.runSequentially(RaftLogSequentialOps.java:78)
	at org.apache.ratis.server.raftlog.RaftLogBase.appendEntry(RaftLogBase.java:330)
	at org.apache.ratis.server.raftlog.segmented.SegmentedRaftLog.appendImpl(SegmentedRaftLog.java:457)
	at org.apache.ratis.server.raftlog.RaftLogBase.lambda$append$11(RaftLogBase.java:337)
	at org.apache.ratis.server.raftlog.RaftLogSequentialOps$Runner.runSequentially(RaftLogSequentialOps.java:69)
	at org.apache.ratis.server.raftlog.RaftLogBase.append(RaftLogBase.java:337)
	at org.apache.ratis.server.impl.RaftServerImpl.appendEntriesAsync(RaftServerImpl.java:1567)
	at org.apache.ratis.server.impl.RaftServerImpl.appendEntriesAsync(RaftServerImpl.java:1431)
	at org.apache.ratis.server.impl.RaftServerProxy.lambda$appendEntriesAsync$26(RaftServerProxy.java:639)
	at org.apache.ratis.util.JavaUtils.callAsUnchecked(JavaUtils.java:117)
	at org.apache.ratis.server.impl.RaftServerImpl.lambda$executeSubmitServerRequestAsync$10(RaftServerImpl.java:859)
	at java.base/java.util.concurrent.CompletableFuture$AsyncSupply.run(CompletableFuture.java:1700)
	... 3 more
2023-06-29 03:37:04,979 [timer4] WARN  grpc.GrpcUtil (GrpcUtil.java:shutdownManagedChannel(223)) - Timed out gracefully shutting down connection: ManagedChannelOrphanWrapper{delegate=ManagedChannelImpl{logId=2350, target=localhost:43533}}. 
2023-06-29 03:37:04,978 [grpc-default-executor-11] WARN  server.GrpcServerProtocolService (LogUtils.java:warn(124)) - s2: Failed APPEND_ENTRIES request s1->s2#2618-t2,previous=(t:2, i:29),leaderCommit=7,initializing? true,entries: size=1, first=(t:2, i:30), STATEMACHINELOGENTRY, 383@client-1DC5253A1C40
java.util.concurrent.CompletionException: org.apache.ratis.server.raftlog.RaftLogIOException: Log already failed at index 8 for task WriteLog:8: (t:2, i:8), STATEMACHINELOGENTRY, StateMachineLogEntryProto:377@client-E9B8430491AA
	at java.base/java.util.concurrent.CompletableFuture.encodeThrowable(CompletableFuture.java:331)
	at java.base/java.util.concurrent.CompletableFuture.completeThrowable(CompletableFuture.java:346)
	at java.base/java.util.concurrent.CompletableFuture$BiRelay.tryFire(CompletableFuture.java:1423)
	at java.base/java.util.concurrent.CompletableFuture$CoCompletion.tryFire(CompletableFuture.java:1144)
	at java.base/java.util.concurrent.CompletableFuture.postComplete(CompletableFuture.java:506)
	at java.base/java.util.concurrent.CompletableFuture.completeExceptionally(CompletableFuture.java:2088)
	at org.apache.ratis.server.raftlog.segmented.SegmentedRaftLog$Task.failed(SegmentedRaftLog.java:105)
	at org.apache.ratis.server.raftlog.segmented.SegmentedRaftLogWorker$WriteLog.failed(SegmentedRaftLogWorker.java:514)
	at org.apache.ratis.server.raftlog.segmented.SegmentedRaftLogWorker.run(SegmentedRaftLogWorker.java:312)
	at java.base/java.util.concurrent.Executors$RunnableAdapter.call(Executors.java:515)
	at java.base/java.util.concurrent.FutureTask.run(FutureTask.java:264)
	at java.base/java.util.concurrent.ThreadPoolExecutor.runWorker(ThreadPoolExecutor.java:1128)
	at java.base/java.util.concurrent.ThreadPoolExecutor$Worker.run(ThreadPoolExecutor.java:628)
	at java.base/java.lang.Thread.run(Thread.java:829)
Caused by: org.apache.ratis.server.raftlog.RaftLogIOException: Log already failed at index 8 for task WriteLog:8: (t:2, i:8), STATEMACHINELOGENTRY, StateMachineLogEntryProto:377@client-E9B8430491AA
	at org.apache.ratis.server.raftlog.segmented.SegmentedRaftLogWorker.run(SegmentedRaftLogWorker.java:315)
	... 5 more
Caused by: java.io.IOException: java.lang.IllegalStateException: Null stream: entry=term: 2
index: 8
stateMachineLogEntry {
  type: DATASTREAM
  clientId: "J\000\\\302\362\322H[\226\355\351\270C\004\221\252"
  callId: 377
}

	at org.apache.ratis.util.IOUtils.asIOException(IOUtils.java:56)
	at org.apache.ratis.util.IOUtils.toIOException(IOUtils.java:61)
	at org.apache.ratis.util.IOUtils.getFromFuture(IOUtils.java:85)
	at org.apache.ratis.server.raftlog.segmented.SegmentedRaftLogWorker$StateMachineDataPolicy.getFromFuture(SegmentedRaftLogWorker.java:88)
	at org.apache.ratis.server.raftlog.segmented.SegmentedRaftLogWorker$WriteLog.execute(SegmentedRaftLogWorker.java:535)
	at org.apache.ratis.server.raftlog.segmented.SegmentedRaftLogWorker.run(SegmentedRaftLogWorker.java:303)
	... 5 more
Caused by: java.lang.IllegalStateException: Null stream: entry=term: 2
index: 8
stateMachineLogEntry {
  type: DATASTREAM
  clientId: "J\000\\\302\362\322H[\226\355\351\270C\004\221\252"
  callId: 377
}

	at org.apache.ratis.datastream.DataStreamTestUtils$MultiDataStreamStateMachine.link(DataStreamTestUtils.java:159)
	at org.apache.ratis.server.raftlog.segmented.SegmentedRaftLogWorker$WriteLog.<init>(SegmentedRaftLogWorker.java:492)
	at org.apache.ratis.server.raftlog.segmented.SegmentedRaftLogWorker.writeLogEntry(SegmentedRaftLogWorker.java:438)
	at org.apache.ratis.server.raftlog.segmented.SegmentedRaftLog.appendEntryImpl(SegmentedRaftLog.java:409)
	at org.apache.ratis.server.raftlog.RaftLogBase.lambda$appendEntry$10(RaftLogBase.java:330)
	at org.apache.ratis.server.raftlog.RaftLogSequentialOps$Runner.runSequentially(RaftLogSequentialOps.java:78)
	at org.apache.ratis.server.raftlog.RaftLogBase.appendEntry(RaftLogBase.java:330)
	at org.apache.ratis.server.raftlog.segmented.SegmentedRaftLog.appendImpl(SegmentedRaftLog.java:457)
	at org.apache.ratis.server.raftlog.RaftLogBase.lambda$append$11(RaftLogBase.java:337)
	at org.apache.ratis.server.raftlog.RaftLogSequentialOps$Runner.runSequentially(RaftLogSequentialOps.java:69)
	at org.apache.ratis.server.raftlog.RaftLogBase.append(RaftLogBase.java:337)
	at org.apache.ratis.server.impl.RaftServerImpl.appendEntriesAsync(RaftServerImpl.java:1567)
	at org.apache.ratis.server.impl.RaftServerImpl.appendEntriesAsync(RaftServerImpl.java:1431)
	at org.apache.ratis.server.impl.RaftServerProxy.lambda$appendEntriesAsync$26(RaftServerProxy.java:639)
	at org.apache.ratis.util.JavaUtils.callAsUnchecked(JavaUtils.java:117)
	at org.apache.ratis.server.impl.RaftServerImpl.lambda$executeSubmitServerRequestAsync$10(RaftServerImpl.java:859)
	at java.base/java.util.concurrent.CompletableFuture$AsyncSupply.run(CompletableFuture.java:1700)
	... 3 more
2023-06-29 03:37:04,989 [grpc-default-executor-7] WARN  server.GrpcLogAppender (LogUtils.java:warn(124)) - s1@group-C92E7B86EDFC->s0-AppendLogResponseHandler: Failed appendEntries
org.apache.ratis.server.raftlog.RaftLogIOException: Log already failed at index 8 for task WriteLog:8: (t:2, i:8), STATEMACHINELOGENTRY, StateMachineLogEntryProto:377@client-E9B8430491AA
	at org.apache.ratis.server.raftlog.segmented.SegmentedRaftLogWorker.run(SegmentedRaftLogWorker.java:315)
	at java.base/java.util.concurrent.Executors$RunnableAdapter.call(Executors.java:515)
	at java.base/java.util.concurrent.FutureTask.run(FutureTask.java:264)
	at java.base/java.util.concurrent.ThreadPoolExecutor.runWorker(ThreadPoolExecutor.java:1128)
	at java.base/java.util.concurrent.ThreadPoolExecutor$Worker.run(ThreadPoolExecutor.java:628)
	at java.base/java.lang.Thread.run(Thread.java:829)
Caused by: java.io.IOException: java.lang.IllegalStateException: Null stream: entry=term: 2
index: 8
stateMachineLogEntry {
  type: DATASTREAM
  clientId: "J\000\\\302\362\322H[\226\355\351\270C\004\221\252"
  callId: 377
}

	at org.apache.ratis.util.IOUtils.asIOException(IOUtils.java:56)
	at org.apache.ratis.util.IOUtils.toIOException(IOUtils.java:61)
	at org.apache.ratis.util.IOUtils.getFromFuture(IOUtils.java:85)
	at org.apache.ratis.server.raftlog.segmented.SegmentedRaftLogWorker$StateMachineDataPolicy.getFromFuture(SegmentedRaftLogWorker.java:88)
	at org.apache.ratis.server.raftlog.segmented.SegmentedRaftLogWorker$WriteLog.execute(SegmentedRaftLogWorker.java:535)
	at org.apache.ratis.server.raftlog.segmented.SegmentedRaftLogWorker.run(SegmentedRaftLogWorker.java:303)
	... 5 more
Caused by: java.lang.IllegalStateException: Null stream: entry=term: 2
index: 8
stateMachineLogEntry {
  type: DATASTREAM
  clientId: "J\000\\\302\362\322H[\226\355\351\270C\004\221\252"
  callId: 377
}

	at org.apache.ratis.datastream.DataStreamTestUtils$MultiDataStreamStateMachine.link(DataStreamTestUtils.java:159)
	at org.apache.ratis.server.raftlog.segmented.SegmentedRaftLogWorker$WriteLog.<init>(SegmentedRaftLogWorker.java:492)
	at org.apache.ratis.server.raftlog.segmented.SegmentedRaftLogWorker.writeLogEntry(SegmentedRaftLogWorker.java:438)
	at org.apache.ratis.server.raftlog.segmented.SegmentedRaftLog.appendEntryImpl(SegmentedRaftLog.java:409)
	at org.apache.ratis.server.raftlog.RaftLogBase.lambda$appendEntry$10(RaftLogBase.java:330)
	at org.apache.ratis.server.raftlog.RaftLogSequentialOps$Runner.runSequentially(RaftLogSequentialOps.java:78)
	at org.apache.ratis.server.raftlog.RaftLogBase.appendEntry(RaftLogBase.java:330)
	at org.apache.ratis.server.raftlog.segmented.SegmentedRaftLog.appendImpl(SegmentedRaftLog.java:457)
	at org.apache.ratis.server.raftlog.RaftLogBase.lambda$append$11(RaftLogBase.java:337)
	at org.apache.ratis.server.raftlog.RaftLogSequentialOps$Runner.runSequentially(RaftLogSequentialOps.java:69)
	at org.apache.ratis.server.raftlog.RaftLogBase.append(RaftLogBase.java:337)
	at org.apache.ratis.server.impl.RaftServerImpl.appendEntriesAsync(RaftServerImpl.java:1567)
	at org.apache.ratis.server.impl.RaftServerImpl.appendEntriesAsync(RaftServerImpl.java:1431)
	at org.apache.ratis.server.impl.RaftServerProxy.lambda$appendEntriesAsync$26(RaftServerProxy.java:639)
	at org.apache.ratis.util.JavaUtils.callAsUnchecked(JavaUtils.java:117)
	at org.apache.ratis.server.impl.RaftServerImpl.lambda$executeSubmitServerRequestAsync$10(RaftServerImpl.java:859)
	at java.base/java.util.concurrent.CompletableFuture$AsyncSupply.run(CompletableFuture.java:1700)
	... 3 more
2023-06-29 03:37:04,989 [grpc-default-executor-7] INFO  leader.FollowerInfo (FollowerInfoImpl.java:lambda$new$0(52)) - s1@group-C92E7B86EDFC->s0: decreaseNextIndex nextIndex: updateUnconditionally 31 -> 30
2023-06-29 03:37:04,990 [grpc-default-executor-7] WARN  server.GrpcLogAppender (LogUtils.java:warn(124)) - s1@group-C92E7B86EDFC->s2-AppendLogResponseHandler: Failed appendEntries
org.apache.ratis.server.raftlog.RaftLogIOException: Log already failed at index 8 for task WriteLog:8: (t:2, i:8), STATEMACHINELOGENTRY, StateMachineLogEntryProto:377@client-E9B8430491AA
	at org.apache.ratis.server.raftlog.segmented.SegmentedRaftLogWorker.run(SegmentedRaftLogWorker.java:315)
	at java.base/java.util.concurrent.Executors$RunnableAdapter.call(Executors.java:515)
	at java.base/java.util.concurrent.FutureTask.run(FutureTask.java:264)
	at java.base/java.util.concurrent.ThreadPoolExecutor.runWorker(ThreadPoolExecutor.java:1128)
	at java.base/java.util.concurrent.ThreadPoolExecutor$Worker.run(ThreadPoolExecutor.java:628)
	at java.base/java.lang.Thread.run(Thread.java:829)
Caused by: java.io.IOException: java.lang.IllegalStateException: Null stream: entry=term: 2
index: 8
stateMachineLogEntry {
  type: DATASTREAM
  clientId: "J\000\\\302\362\322H[\226\355\351\270C\004\221\252"
  callId: 377
}

	at org.apache.ratis.util.IOUtils.asIOException(IOUtils.java:56)
	at org.apache.ratis.util.IOUtils.toIOException(IOUtils.java:61)
	at org.apache.ratis.util.IOUtils.getFromFuture(IOUtils.java:85)
	at org.apache.ratis.server.raftlog.segmented.SegmentedRaftLogWorker$StateMachineDataPolicy.getFromFuture(SegmentedRaftLogWorker.java:88)
	at org.apache.ratis.server.raftlog.segmented.SegmentedRaftLogWorker$WriteLog.execute(SegmentedRaftLogWorker.java:535)
	at org.apache.ratis.server.raftlog.segmented.SegmentedRaftLogWorker.run(SegmentedRaftLogWorker.java:303)
	... 5 more
Caused by: java.lang.IllegalStateException: Null stream: entry=term: 2
index: 8
stateMachineLogEntry {
  type: DATASTREAM
  clientId: "J\000\\\302\362\322H[\226\355\351\270C\004\221\252"
  callId: 377
}

	at org.apache.ratis.datastream.DataStreamTestUtils$MultiDataStreamStateMachine.link(DataStreamTestUtils.java:159)
	at org.apache.ratis.server.raftlog.segmented.SegmentedRaftLogWorker$WriteLog.<init>(SegmentedRaftLogWorker.java:492)
	at org.apache.ratis.server.raftlog.segmented.SegmentedRaftLogWorker.writeLogEntry(SegmentedRaftLogWorker.java:438)
	at org.apache.ratis.server.raftlog.segmented.SegmentedRaftLog.appendEntryImpl(SegmentedRaftLog.java:409)
	at org.apache.ratis.server.raftlog.RaftLogBase.lambda$appendEntry$10(RaftLogBase.java:330)
	at org.apache.ratis.server.raftlog.RaftLogSequentialOps$Runner.runSequentially(RaftLogSequentialOps.java:78)
	at org.apache.ratis.server.raftlog.RaftLogBase.appendEntry(RaftLogBase.java:330)
	at org.apache.ratis.server.raftlog.segmented.SegmentedRaftLog.appendImpl(SegmentedRaftLog.java:457)
	at org.apache.ratis.server.raftlog.RaftLogBase.lambda$append$11(RaftLogBase.java:337)
	at org.apache.ratis.server.raftlog.RaftLogSequentialOps$Runner.runSequentially(RaftLogSequentialOps.java:69)
	at org.apache.ratis.server.raftlog.RaftLogBase.append(RaftLogBase.java:337)
	at org.apache.ratis.server.impl.RaftServerImpl.appendEntriesAsync(RaftServerImpl.java:1567)
	at org.apache.ratis.server.impl.RaftServerImpl.appendEntriesAsync(RaftServerImpl.java:1431)
	at org.apache.ratis.server.impl.RaftServerProxy.lambda$appendEntriesAsync$26(RaftServerProxy.java:639)
	at org.apache.ratis.util.JavaUtils.callAsUnchecked(JavaUtils.java:117)
	at org.apache.ratis.server.impl.RaftServerImpl.lambda$executeSubmitServerRequestAsync$10(RaftServerImpl.java:859)
	at java.base/java.util.concurrent.CompletableFuture$AsyncSupply.run(CompletableFuture.java:1700)
	... 3 more
2023-06-29 03:37:04,990 [grpc-default-executor-7] INFO  leader.FollowerInfo (FollowerInfoImpl.java:lambda$new$0(52)) - s1@group-C92E7B86EDFC->s2: decreaseNextIndex nextIndex: updateUnconditionally 31 -> 30
2023-06-29 03:37:05,070 [timer7] WARN  grpc.GrpcUtil (GrpcUtil.java:shutdownManagedChannel(223)) - Timed out gracefully shutting down connection: ManagedChannelOrphanWrapper{delegate=ManagedChannelImpl{logId=2364, target=localhost:43533}}. 
2023-06-29 03:37:05,095 [s1-client-thread2] INFO  statemachine.StateMachine (DataStreamTestUtils.java:link(157)) - link null
2023-06-29 03:37:05,096 [s2-server-thread3] INFO  statemachine.StateMachine (DataStreamTestUtils.java:link(157)) - link null
2023-06-29 03:37:05,096 [s0-server-thread6] INFO  statemachine.StateMachine (DataStreamTestUtils.java:link(157)) - link null
2023-06-29 03:37:05,096 [s0-server-thread6] WARN  server.GrpcServerProtocolService (LogUtils.java:warn(124)) - s0: Failed APPEND_ENTRIES request s1->s0#2624-t2,previous=(t:2, i:30),leaderCommit=7,initializing? true,entries: size=1, first=(t:2, i:31), STATEMACHINELOGENTRY, 377@client-E9B8430491AA
java.util.concurrent.CompletionException: org.apache.ratis.server.raftlog.RaftLogIOException: Log already failed at index 8 for task WriteLog:8: (t:2, i:8), STATEMACHINELOGENTRY, StateMachineLogEntryProto:377@client-E9B8430491AA
	at java.base/java.util.concurrent.CompletableFuture.encodeThrowable(CompletableFuture.java:331)
	at java.base/java.util.concurrent.CompletableFuture.completeThrowable(CompletableFuture.java:346)
	at java.base/java.util.concurrent.CompletableFuture$BiRelay.tryFire(CompletableFuture.java:1423)
	at java.base/java.util.concurrent.CompletableFuture$CoCompletion.tryFire(CompletableFuture.java:1144)
	at java.base/java.util.concurrent.CompletableFuture.postComplete(CompletableFuture.java:506)
	at java.base/java.util.concurrent.CompletableFuture.completeExceptionally(CompletableFuture.java:2088)
	at org.apache.ratis.server.raftlog.segmented.SegmentedRaftLog$Task.failed(SegmentedRaftLog.java:105)
	at org.apache.ratis.server.raftlog.segmented.SegmentedRaftLogWorker$WriteLog.failed(SegmentedRaftLogWorker.java:514)
	at org.apache.ratis.server.raftlog.segmented.SegmentedRaftLogWorker.run(SegmentedRaftLogWorker.java:312)
	at java.base/java.util.concurrent.Executors$RunnableAdapter.call(Executors.java:515)
	at java.base/java.util.concurrent.FutureTask.run(FutureTask.java:264)
	at java.base/java.util.concurrent.ThreadPoolExecutor.runWorker(ThreadPoolExecutor.java:1128)
	at java.base/java.util.concurrent.ThreadPoolExecutor$Worker.run(ThreadPoolExecutor.java:628)
	at java.base/java.lang.Thread.run(Thread.java:829)
Caused by: org.apache.ratis.server.raftlog.RaftLogIOException: Log already failed at index 8 for task WriteLog:8: (t:2, i:8), STATEMACHINELOGENTRY, StateMachineLogEntryProto:377@client-E9B8430491AA
	at org.apache.ratis.server.raftlog.segmented.SegmentedRaftLogWorker.run(SegmentedRaftLogWorker.java:315)
	... 5 more
Caused by: java.io.IOException: java.lang.IllegalStateException: Null stream: entry=term: 2
index: 8
stateMachineLogEntry {
  type: DATASTREAM
  clientId: "J\000\\\302\362\322H[\226\355\351\270C\004\221\252"
  callId: 377
}

	at org.apache.ratis.util.IOUtils.asIOException(IOUtils.java:56)
	at org.apache.ratis.util.IOUtils.toIOException(IOUtils.java:61)
	at org.apache.ratis.util.IOUtils.getFromFuture(IOUtils.java:85)
	at org.apache.ratis.server.raftlog.segmented.SegmentedRaftLogWorker$StateMachineDataPolicy.getFromFuture(SegmentedRaftLogWorker.java:88)
	at org.apache.ratis.server.raftlog.segmented.SegmentedRaftLogWorker$WriteLog.execute(SegmentedRaftLogWorker.java:535)
	at org.apache.ratis.server.raftlog.segmented.SegmentedRaftLogWorker.run(SegmentedRaftLogWorker.java:303)
	... 5 more
Caused by: java.lang.IllegalStateException: Null stream: entry=term: 2
index: 8
stateMachineLogEntry {
  type: DATASTREAM
  clientId: "J\000\\\302\362\322H[\226\355\351\270C\004\221\252"
  callId: 377
}

	at org.apache.ratis.datastream.DataStreamTestUtils$MultiDataStreamStateMachine.link(DataStreamTestUtils.java:159)
	at org.apache.ratis.server.raftlog.segmented.SegmentedRaftLogWorker$WriteLog.<init>(SegmentedRaftLogWorker.java:492)
	at org.apache.ratis.server.raftlog.segmented.SegmentedRaftLogWorker.writeLogEntry(SegmentedRaftLogWorker.java:438)
	at org.apache.ratis.server.raftlog.segmented.SegmentedRaftLog.appendEntryImpl(SegmentedRaftLog.java:409)
	at org.apache.ratis.server.raftlog.RaftLogBase.lambda$appendEntry$10(RaftLogBase.java:330)
	at org.apache.ratis.server.raftlog.RaftLogSequentialOps$Runner.runSequentially(RaftLogSequentialOps.java:78)
	at org.apache.ratis.server.raftlog.RaftLogBase.appendEntry(RaftLogBase.java:330)
	at org.apache.ratis.server.raftlog.segmented.SegmentedRaftLog.appendImpl(SegmentedRaftLog.java:457)
	at org.apache.ratis.server.raftlog.RaftLogBase.lambda$append$11(RaftLogBase.java:337)
	at org.apache.ratis.server.raftlog.RaftLogSequentialOps$Runner.runSequentially(RaftLogSequentialOps.java:69)
	at org.apache.ratis.server.raftlog.RaftLogBase.append(RaftLogBase.java:337)
	at org.apache.ratis.server.impl.RaftServerImpl.appendEntriesAsync(RaftServerImpl.java:1567)
	at org.apache.ratis.server.impl.RaftServerImpl.appendEntriesAsync(RaftServerImpl.java:1431)
	at org.apache.ratis.server.impl.RaftServerProxy.lambda$appendEntriesAsync$26(RaftServerProxy.java:639)
	at org.apache.ratis.util.JavaUtils.callAsUnchecked(JavaUtils.java:117)
	at org.apache.ratis.server.impl.RaftServerImpl.lambda$executeSubmitServerRequestAsync$10(RaftServerImpl.java:859)
	at java.base/java.util.concurrent.CompletableFuture$AsyncSupply.run(CompletableFuture.java:1700)
	... 3 more
2023-06-29 03:37:05,099 [grpc-default-executor-11] WARN  server.GrpcServerProtocolService (LogUtils.java:warn(124)) - s2: Failed APPEND_ENTRIES request s1->s2#2621-t2,previous=(t:2, i:30),leaderCommit=7,initializing? true,entries: size=1, first=(t:2, i:31), STATEMACHINELOGENTRY, 377@client-E9B8430491AA
java.util.concurrent.CompletionException: org.apache.ratis.server.raftlog.RaftLogIOException: Log already failed at index 8 for task WriteLog:8: (t:2, i:8), STATEMACHINELOGENTRY, StateMachineLogEntryProto:377@client-E9B8430491AA
	at java.base/java.util.concurrent.CompletableFuture.encodeThrowable(CompletableFuture.java:331)
	at java.base/java.util.concurrent.CompletableFuture.completeThrowable(CompletableFuture.java:346)
	at java.base/java.util.concurrent.CompletableFuture$BiRelay.tryFire(CompletableFuture.java:1423)
	at java.base/java.util.concurrent.CompletableFuture$CoCompletion.tryFire(CompletableFuture.java:1144)
	at java.base/java.util.concurrent.CompletableFuture.postComplete(CompletableFuture.java:506)
	at java.base/java.util.concurrent.CompletableFuture.completeExceptionally(CompletableFuture.java:2088)
	at org.apache.ratis.server.raftlog.segmented.SegmentedRaftLog$Task.failed(SegmentedRaftLog.java:105)
	at org.apache.ratis.server.raftlog.segmented.SegmentedRaftLogWorker$WriteLog.failed(SegmentedRaftLogWorker.java:514)
	at org.apache.ratis.server.raftlog.segmented.SegmentedRaftLogWorker.run(SegmentedRaftLogWorker.java:312)
	at java.base/java.util.concurrent.Executors$RunnableAdapter.call(Executors.java:515)
	at java.base/java.util.concurrent.FutureTask.run(FutureTask.java:264)
	at java.base/java.util.concurrent.ThreadPoolExecutor.runWorker(ThreadPoolExecutor.java:1128)
	at java.base/java.util.concurrent.ThreadPoolExecutor$Worker.run(ThreadPoolExecutor.java:628)
	at java.base/java.lang.Thread.run(Thread.java:829)
Caused by: org.apache.ratis.server.raftlog.RaftLogIOException: Log already failed at index 8 for task WriteLog:8: (t:2, i:8), STATEMACHINELOGENTRY, StateMachineLogEntryProto:377@client-E9B8430491AA
	at org.apache.ratis.server.raftlog.segmented.SegmentedRaftLogWorker.run(SegmentedRaftLogWorker.java:315)
	... 5 more
Caused by: java.io.IOException: java.lang.IllegalStateException: Null stream: entry=term: 2
index: 8
stateMachineLogEntry {
  type: DATASTREAM
  clientId: "J\000\\\302\362\322H[\226\355\351\270C\004\221\252"
  callId: 377
}

	at org.apache.ratis.util.IOUtils.asIOException(IOUtils.java:56)
	at org.apache.ratis.util.IOUtils.toIOException(IOUtils.java:61)
	at org.apache.ratis.util.IOUtils.getFromFuture(IOUtils.java:85)
	at org.apache.ratis.server.raftlog.segmented.SegmentedRaftLogWorker$StateMachineDataPolicy.getFromFuture(SegmentedRaftLogWorker.java:88)
	at org.apache.ratis.server.raftlog.segmented.SegmentedRaftLogWorker$WriteLog.execute(SegmentedRaftLogWorker.java:535)
	at org.apache.ratis.server.raftlog.segmented.SegmentedRaftLogWorker.run(SegmentedRaftLogWorker.java:303)
	... 5 more
Caused by: java.lang.IllegalStateException: Null stream: entry=term: 2
index: 8
stateMachineLogEntry {
  type: DATASTREAM
  clientId: "J\000\\\302\362\322H[\226\355\351\270C\004\221\252"
  callId: 377
}

	at org.apache.ratis.datastream.DataStreamTestUtils$MultiDataStreamStateMachine.link(DataStreamTestUtils.java:159)
	at org.apache.ratis.server.raftlog.segmented.SegmentedRaftLogWorker$WriteLog.<init>(SegmentedRaftLogWorker.java:492)
	at org.apache.ratis.server.raftlog.segmented.SegmentedRaftLogWorker.writeLogEntry(SegmentedRaftLogWorker.java:438)
	at org.apache.ratis.server.raftlog.segmented.SegmentedRaftLog.appendEntryImpl(SegmentedRaftLog.java:409)
	at org.apache.ratis.server.raftlog.RaftLogBase.lambda$appendEntry$10(RaftLogBase.java:330)
	at org.apache.ratis.server.raftlog.RaftLogSequentialOps$Runner.runSequentially(RaftLogSequentialOps.java:78)
	at org.apache.ratis.server.raftlog.RaftLogBase.appendEntry(RaftLogBase.java:330)
	at org.apache.ratis.server.raftlog.segmented.SegmentedRaftLog.appendImpl(SegmentedRaftLog.java:457)
	at org.apache.ratis.server.raftlog.RaftLogBase.lambda$append$11(RaftLogBase.java:337)
	at org.apache.ratis.server.raftlog.RaftLogSequentialOps$Runner.runSequentially(RaftLogSequentialOps.java:69)
	at org.apache.ratis.server.raftlog.RaftLogBase.append(RaftLogBase.java:337)
	at org.apache.ratis.server.impl.RaftServerImpl.appendEntriesAsync(RaftServerImpl.java:1567)
	at org.apache.ratis.server.impl.RaftServerImpl.appendEntriesAsync(RaftServerImpl.java:1431)
	at org.apache.ratis.server.impl.RaftServerProxy.lambda$appendEntriesAsync$26(RaftServerProxy.java:639)
	at org.apache.ratis.util.JavaUtils.callAsUnchecked(JavaUtils.java:117)
	at org.apache.ratis.server.impl.RaftServerImpl.lambda$executeSubmitServerRequestAsync$10(RaftServerImpl.java:859)
	at java.base/java.util.concurrent.CompletableFuture$AsyncSupply.run(CompletableFuture.java:1700)
	... 3 more
2023-06-29 03:37:05,101 [grpc-default-executor-11] WARN  server.GrpcLogAppender (LogUtils.java:warn(124)) - s1@group-C92E7B86EDFC->s0-AppendLogResponseHandler: Failed appendEntries
org.apache.ratis.server.raftlog.RaftLogIOException: Log already failed at index 8 for task WriteLog:8: (t:2, i:8), STATEMACHINELOGENTRY, StateMachineLogEntryProto:377@client-E9B8430491AA
	at org.apache.ratis.server.raftlog.segmented.SegmentedRaftLogWorker.run(SegmentedRaftLogWorker.java:315)
	at java.base/java.util.concurrent.Executors$RunnableAdapter.call(Executors.java:515)
	at java.base/java.util.concurrent.FutureTask.run(FutureTask.java:264)
	at java.base/java.util.concurrent.ThreadPoolExecutor.runWorker(ThreadPoolExecutor.java:1128)
	at java.base/java.util.concurrent.ThreadPoolExecutor$Worker.run(ThreadPoolExecutor.java:628)
	at java.base/java.lang.Thread.run(Thread.java:829)
Caused by: java.io.IOException: java.lang.IllegalStateException: Null stream: entry=term: 2
index: 8
stateMachineLogEntry {
  type: DATASTREAM
  clientId: "J\000\\\302\362\322H[\226\355\351\270C\004\221\252"
  callId: 377
}

	at org.apache.ratis.util.IOUtils.asIOException(IOUtils.java:56)
	at org.apache.ratis.util.IOUtils.toIOException(IOUtils.java:61)
	at org.apache.ratis.util.IOUtils.getFromFuture(IOUtils.java:85)
	at org.apache.ratis.server.raftlog.segmented.SegmentedRaftLogWorker$StateMachineDataPolicy.getFromFuture(SegmentedRaftLogWorker.java:88)
	at org.apache.ratis.server.raftlog.segmented.SegmentedRaftLogWorker$WriteLog.execute(SegmentedRaftLogWorker.java:535)
	at org.apache.ratis.server.raftlog.segmented.SegmentedRaftLogWorker.run(SegmentedRaftLogWorker.java:303)
	... 5 more
Caused by: java.lang.IllegalStateException: Null stream: entry=term: 2
index: 8
stateMachineLogEntry {
  type: DATASTREAM
  clientId: "J\000\\\302\362\322H[\226\355\351\270C\004\221\252"
  callId: 377
}

	at org.apache.ratis.datastream.DataStreamTestUtils$MultiDataStreamStateMachine.link(DataStreamTestUtils.java:159)
	at org.apache.ratis.server.raftlog.segmented.SegmentedRaftLogWorker$WriteLog.<init>(SegmentedRaftLogWorker.java:492)
	at org.apache.ratis.server.raftlog.segmented.SegmentedRaftLogWorker.writeLogEntry(SegmentedRaftLogWorker.java:438)
	at org.apache.ratis.server.raftlog.segmented.SegmentedRaftLog.appendEntryImpl(SegmentedRaftLog.java:409)
	at org.apache.ratis.server.raftlog.RaftLogBase.lambda$appendEntry$10(RaftLogBase.java:330)
	at org.apache.ratis.server.raftlog.RaftLogSequentialOps$Runner.runSequentially(RaftLogSequentialOps.java:78)
	at org.apache.ratis.server.raftlog.RaftLogBase.appendEntry(RaftLogBase.java:330)
	at org.apache.ratis.server.raftlog.segmented.SegmentedRaftLog.appendImpl(SegmentedRaftLog.java:457)
	at org.apache.ratis.server.raftlog.RaftLogBase.lambda$append$11(RaftLogBase.java:337)
	at org.apache.ratis.server.raftlog.RaftLogSequentialOps$Runner.runSequentially(RaftLogSequentialOps.java:69)
	at org.apache.ratis.server.raftlog.RaftLogBase.append(RaftLogBase.java:337)
	at org.apache.ratis.server.impl.RaftServerImpl.appendEntriesAsync(RaftServerImpl.java:1567)
	at org.apache.ratis.server.impl.RaftServerImpl.appendEntriesAsync(RaftServerImpl.java:1431)
	at org.apache.ratis.server.impl.RaftServerProxy.lambda$appendEntriesAsync$26(RaftServerProxy.java:639)
	at org.apache.ratis.util.JavaUtils.callAsUnchecked(JavaUtils.java:117)
	at org.apache.ratis.server.impl.RaftServerImpl.lambda$executeSubmitServerRequestAsync$10(RaftServerImpl.java:859)
	at java.base/java.util.concurrent.CompletableFuture$AsyncSupply.run(CompletableFuture.java:1700)
	... 3 more
2023-06-29 03:37:05,101 [grpc-default-executor-11] INFO  leader.FollowerInfo (FollowerInfoImpl.java:lambda$new$0(52)) - s1@group-C92E7B86EDFC->s0: decreaseNextIndex nextIndex: updateUnconditionally 32 -> 31
2023-06-29 03:37:05,102 [grpc-default-executor-11] WARN  server.GrpcLogAppender (LogUtils.java:warn(124)) - s1@group-C92E7B86EDFC->s2-AppendLogResponseHandler: Failed appendEntries
org.apache.ratis.server.raftlog.RaftLogIOException: Log already failed at index 8 for task WriteLog:8: (t:2, i:8), STATEMACHINELOGENTRY, StateMachineLogEntryProto:377@client-E9B8430491AA
	at org.apache.ratis.server.raftlog.segmented.SegmentedRaftLogWorker.run(SegmentedRaftLogWorker.java:315)
	at java.base/java.util.concurrent.Executors$RunnableAdapter.call(Executors.java:515)
	at java.base/java.util.concurrent.FutureTask.run(FutureTask.java:264)
	at java.base/java.util.concurrent.ThreadPoolExecutor.runWorker(ThreadPoolExecutor.java:1128)
	at java.base/java.util.concurrent.ThreadPoolExecutor$Worker.run(ThreadPoolExecutor.java:628)
	at java.base/java.lang.Thread.run(Thread.java:829)
Caused by: java.io.IOException: java.lang.IllegalStateException: Null stream: entry=term: 2
index: 8
stateMachineLogEntry {
  type: DATASTREAM
  clientId: "J\000\\\302\362\322H[\226\355\351\270C\004\221\252"
  callId: 377
}

	at org.apache.ratis.util.IOUtils.asIOException(IOUtils.java:56)
	at org.apache.ratis.util.IOUtils.toIOException(IOUtils.java:61)
	at org.apache.ratis.util.IOUtils.getFromFuture(IOUtils.java:85)
	at org.apache.ratis.server.raftlog.segmented.SegmentedRaftLogWorker$StateMachineDataPolicy.getFromFuture(SegmentedRaftLogWorker.java:88)
	at org.apache.ratis.server.raftlog.segmented.SegmentedRaftLogWorker$WriteLog.execute(SegmentedRaftLogWorker.java:535)
	at org.apache.ratis.server.raftlog.segmented.SegmentedRaftLogWorker.run(SegmentedRaftLogWorker.java:303)
	... 5 more
Caused by: java.lang.IllegalStateException: Null stream: entry=term: 2
index: 8
stateMachineLogEntry {
  type: DATASTREAM
  clientId: "J\000\\\302\362\322H[\226\355\351\270C\004\221\252"
  callId: 377
}

	at org.apache.ratis.datastream.DataStreamTestUtils$MultiDataStreamStateMachine.link(DataStreamTestUtils.java:159)
	at org.apache.ratis.server.raftlog.segmented.SegmentedRaftLogWorker$WriteLog.<init>(SegmentedRaftLogWorker.java:492)
	at org.apache.ratis.server.raftlog.segmented.SegmentedRaftLogWorker.writeLogEntry(SegmentedRaftLogWorker.java:438)
	at org.apache.ratis.server.raftlog.segmented.SegmentedRaftLog.appendEntryImpl(SegmentedRaftLog.java:409)
	at org.apache.ratis.server.raftlog.RaftLogBase.lambda$appendEntry$10(RaftLogBase.java:330)
	at org.apache.ratis.server.raftlog.RaftLogSequentialOps$Runner.runSequentially(RaftLogSequentialOps.java:78)
	at org.apache.ratis.server.raftlog.RaftLogBase.appendEntry(RaftLogBase.java:330)
	at org.apache.ratis.server.raftlog.segmented.SegmentedRaftLog.appendImpl(SegmentedRaftLog.java:457)
	at org.apache.ratis.server.raftlog.RaftLogBase.lambda$append$11(RaftLogBase.java:337)
	at org.apache.ratis.server.raftlog.RaftLogSequentialOps$Runner.runSequentially(RaftLogSequentialOps.java:69)
	at org.apache.ratis.server.raftlog.RaftLogBase.append(RaftLogBase.java:337)
	at org.apache.ratis.server.impl.RaftServerImpl.appendEntriesAsync(RaftServerImpl.java:1567)
	at org.apache.ratis.server.impl.RaftServerImpl.appendEntriesAsync(RaftServerImpl.java:1431)
	at org.apache.ratis.server.impl.RaftServerProxy.lambda$appendEntriesAsync$26(RaftServerProxy.java:639)
	at org.apache.ratis.util.JavaUtils.callAsUnchecked(JavaUtils.java:117)
	at org.apache.ratis.server.impl.RaftServerImpl.lambda$executeSubmitServerRequestAsync$10(RaftServerImpl.java:859)
	at java.base/java.util.concurrent.CompletableFuture$AsyncSupply.run(CompletableFuture.java:1700)
	... 3 more
2023-06-29 03:37:05,102 [grpc-default-executor-11] INFO  leader.FollowerInfo (FollowerInfoImpl.java:lambda$new$0(52)) - s1@group-C92E7B86EDFC->s2: decreaseNextIndex nextIndex: updateUnconditionally 32 -> 31
2023-06-29 03:37:05,104 [Timer-2] INFO  impl.MiniRaftCluster (MiniRaftCluster.java:lambda$start$6(349)) - TIMED-PRINT: printing ALL groups
  s0:  RUNNING  FOLLOWER s0@group-C92E7B86EDFC:t2, leader=s1, voted=null, raftlog=Memoized:s0@group-C92E7B86EDFC-SegmentedRaftLog:OPENED:c7, conf=6: peers:[s0|rpc:localhost:46689|admin:localhost:46779|client:localhost:37871|dataStream:localhost:46501|priority:0|startupRole:FOLLOWER, s1|rpc:localhost:37585|admin:localhost:35007|client:localhost:43533|dataStream:localhost:44315|priority:0|startupRole:FOLLOWER, s2|rpc:localhost:34717|admin:localhost:33013|client:localhost:41383|dataStream:localhost:35135|priority:0|startupRole:FOLLOWER]|listeners:[], old=null RUNNING
  s1:  RUNNING    LEADER s1@group-C92E7B86EDFC:t2, leader=s1, voted=s1, raftlog=Memoized:s1@group-C92E7B86EDFC-SegmentedRaftLog:OPENED:c7, conf=6: peers:[s0|rpc:localhost:46689|admin:localhost:46779|client:localhost:37871|dataStream:localhost:46501|priority:0|startupRole:FOLLOWER, s1|rpc:localhost:37585|admin:localhost:35007|client:localhost:43533|dataStream:localhost:44315|priority:0|startupRole:FOLLOWER, s2|rpc:localhost:34717|admin:localhost:33013|client:localhost:41383|dataStream:localhost:35135|priority:0|startupRole:FOLLOWER]|listeners:[], old=null RUNNING
  s2:  RUNNING  FOLLOWER s2@group-C92E7B86EDFC:t2, leader=s1, voted=s1, raftlog=Memoized:s2@group-C92E7B86EDFC-SegmentedRaftLog:OPENED:c7, conf=6: peers:[s0|rpc:localhost:46689|admin:localhost:46779|client:localhost:37871|dataStream:localhost:46501|priority:0|startupRole:FOLLOWER, s1|rpc:localhost:37585|admin:localhost:35007|client:localhost:43533|dataStream:localhost:44315|priority:0|startupRole:FOLLOWER, s2|rpc:localhost:34717|admin:localhost:33013|client:localhost:41383|dataStream:localhost:35135|priority:0|startupRole:FOLLOWER]|listeners:[], old=null RUNNING
2023-06-29 03:37:05,183 [timer5] WARN  grpc.GrpcUtil (GrpcUtil.java:shutdownManagedChannel(223)) - Timed out gracefully shutting down connection: ManagedChannelOrphanWrapper{delegate=ManagedChannelImpl{logId=2324, target=localhost:43533}}. 
2023-06-29 03:37:05,291 [s1-client-thread2] INFO  statemachine.StateMachine (DataStreamTestUtils.java:link(157)) - link null
2023-06-29 03:37:05,292 [s2-server-thread3] INFO  statemachine.StateMachine (DataStreamTestUtils.java:link(157)) - link null
2023-06-29 03:37:05,292 [grpc-default-executor-7] WARN  server.GrpcServerProtocolService (LogUtils.java:warn(124)) - s2: Failed APPEND_ENTRIES request s1->s2#2626-t2,previous=(t:2, i:31),leaderCommit=7,initializing? true,entries: size=1, first=(t:2, i:32), STATEMACHINELOGENTRY, 376@client-EBEB1F61990C
java.util.concurrent.CompletionException: org.apache.ratis.server.raftlog.RaftLogIOException: Log already failed at index 8 for task WriteLog:8: (t:2, i:8), STATEMACHINELOGENTRY, StateMachineLogEntryProto:377@client-E9B8430491AA
	at java.base/java.util.concurrent.CompletableFuture.encodeThrowable(CompletableFuture.java:331)
	at java.base/java.util.concurrent.CompletableFuture.completeThrowable(CompletableFuture.java:346)
	at java.base/java.util.concurrent.CompletableFuture$BiRelay.tryFire(CompletableFuture.java:1423)
	at java.base/java.util.concurrent.CompletableFuture$CoCompletion.tryFire(CompletableFuture.java:1144)
	at java.base/java.util.concurrent.CompletableFuture.postComplete(CompletableFuture.java:506)
	at java.base/java.util.concurrent.CompletableFuture.completeExceptionally(CompletableFuture.java:2088)
	at org.apache.ratis.server.raftlog.segmented.SegmentedRaftLog$Task.failed(SegmentedRaftLog.java:105)
	at org.apache.ratis.server.raftlog.segmented.SegmentedRaftLogWorker$WriteLog.failed(SegmentedRaftLogWorker.java:514)
	at org.apache.ratis.server.raftlog.segmented.SegmentedRaftLogWorker.run(SegmentedRaftLogWorker.java:312)
	at java.base/java.util.concurrent.Executors$RunnableAdapter.call(Executors.java:515)
	at java.base/java.util.concurrent.FutureTask.run(FutureTask.java:264)
	at java.base/java.util.concurrent.ThreadPoolExecutor.runWorker(ThreadPoolExecutor.java:1128)
	at java.base/java.util.concurrent.ThreadPoolExecutor$Worker.run(ThreadPoolExecutor.java:628)
	at java.base/java.lang.Thread.run(Thread.java:829)
Caused by: org.apache.ratis.server.raftlog.RaftLogIOException: Log already failed at index 8 for task WriteLog:8: (t:2, i:8), STATEMACHINELOGENTRY, StateMachineLogEntryProto:377@client-E9B8430491AA
	at org.apache.ratis.server.raftlog.segmented.SegmentedRaftLogWorker.run(SegmentedRaftLogWorker.java:315)
	... 5 more
Caused by: java.io.IOException: java.lang.IllegalStateException: Null stream: entry=term: 2
index: 8
stateMachineLogEntry {
  type: DATASTREAM
  clientId: "J\000\\\302\362\322H[\226\355\351\270C\004\221\252"
  callId: 377
}

	at org.apache.ratis.util.IOUtils.asIOException(IOUtils.java:56)
	at org.apache.ratis.util.IOUtils.toIOException(IOUtils.java:61)
	at org.apache.ratis.util.IOUtils.getFromFuture(IOUtils.java:85)
	at org.apache.ratis.server.raftlog.segmented.SegmentedRaftLogWorker$StateMachineDataPolicy.getFromFuture(SegmentedRaftLogWorker.java:88)
	at org.apache.ratis.server.raftlog.segmented.SegmentedRaftLogWorker$WriteLog.execute(SegmentedRaftLogWorker.java:535)
	at org.apache.ratis.server.raftlog.segmented.SegmentedRaftLogWorker.run(SegmentedRaftLogWorker.java:303)
	... 5 more
Caused by: java.lang.IllegalStateException: Null stream: entry=term: 2
index: 8
stateMachineLogEntry {
  type: DATASTREAM
  clientId: "J\000\\\302\362\322H[\226\355\351\270C\004\221\252"
  callId: 377
}

	at org.apache.ratis.datastream.DataStreamTestUtils$MultiDataStreamStateMachine.link(DataStreamTestUtils.java:159)
	at org.apache.ratis.server.raftlog.segmented.SegmentedRaftLogWorker$WriteLog.<init>(SegmentedRaftLogWorker.java:492)
	at org.apache.ratis.server.raftlog.segmented.SegmentedRaftLogWorker.writeLogEntry(SegmentedRaftLogWorker.java:438)
	at org.apache.ratis.server.raftlog.segmented.SegmentedRaftLog.appendEntryImpl(SegmentedRaftLog.java:409)
	at org.apache.ratis.server.raftlog.RaftLogBase.lambda$appendEntry$10(RaftLogBase.java:330)
	at org.apache.ratis.server.raftlog.RaftLogSequentialOps$Runner.runSequentially(RaftLogSequentialOps.java:78)
	at org.apache.ratis.server.raftlog.RaftLogBase.appendEntry(RaftLogBase.java:330)
	at org.apache.ratis.server.raftlog.segmented.SegmentedRaftLog.appendImpl(SegmentedRaftLog.java:457)
	at org.apache.ratis.server.raftlog.RaftLogBase.lambda$append$11(RaftLogBase.java:337)
	at org.apache.ratis.server.raftlog.RaftLogSequentialOps$Runner.runSequentially(RaftLogSequentialOps.java:69)
	at org.apache.ratis.server.raftlog.RaftLogBase.append(RaftLogBase.java:337)
	at org.apache.ratis.server.impl.RaftServerImpl.appendEntriesAsync(RaftServerImpl.java:1567)
	at org.apache.ratis.server.impl.RaftServerImpl.appendEntriesAsync(RaftServerImpl.java:1431)
	at org.apache.ratis.server.impl.RaftServerProxy.lambda$appendEntriesAsync$26(RaftServerProxy.java:639)
	at org.apache.ratis.util.JavaUtils.callAsUnchecked(JavaUtils.java:117)
	at org.apache.ratis.server.impl.RaftServerImpl.lambda$executeSubmitServerRequestAsync$10(RaftServerImpl.java:859)
	at java.base/java.util.concurrent.CompletableFuture$AsyncSupply.run(CompletableFuture.java:1700)
	... 3 more
2023-06-29 03:37:05,295 [grpc-default-executor-7] WARN  server.GrpcLogAppender (LogUtils.java:warn(124)) - s1@group-C92E7B86EDFC->s2-AppendLogResponseHandler: Failed appendEntries
org.apache.ratis.server.raftlog.RaftLogIOException: Log already failed at index 8 for task WriteLog:8: (t:2, i:8), STATEMACHINELOGENTRY, StateMachineLogEntryProto:377@client-E9B8430491AA
	at org.apache.ratis.server.raftlog.segmented.SegmentedRaftLogWorker.run(SegmentedRaftLogWorker.java:315)
	at java.base/java.util.concurrent.Executors$RunnableAdapter.call(Executors.java:515)
	at java.base/java.util.concurrent.FutureTask.run(FutureTask.java:264)
	at java.base/java.util.concurrent.ThreadPoolExecutor.runWorker(ThreadPoolExecutor.java:1128)
	at java.base/java.util.concurrent.ThreadPoolExecutor$Worker.run(ThreadPoolExecutor.java:628)
	at java.base/java.lang.Thread.run(Thread.java:829)
Caused by: java.io.IOException: java.lang.IllegalStateException: Null stream: entry=term: 2
index: 8
stateMachineLogEntry {
  type: DATASTREAM
  clientId: "J\000\\\302\362\322H[\226\355\351\270C\004\221\252"
  callId: 377
}

	at org.apache.ratis.util.IOUtils.asIOException(IOUtils.java:56)
	at org.apache.ratis.util.IOUtils.toIOException(IOUtils.java:61)
	at org.apache.ratis.util.IOUtils.getFromFuture(IOUtils.java:85)
	at org.apache.ratis.server.raftlog.segmented.SegmentedRaftLogWorker$StateMachineDataPolicy.getFromFuture(SegmentedRaftLogWorker.java:88)
	at org.apache.ratis.server.raftlog.segmented.SegmentedRaftLogWorker$WriteLog.execute(SegmentedRaftLogWorker.java:535)
	at org.apache.ratis.server.raftlog.segmented.SegmentedRaftLogWorker.run(SegmentedRaftLogWorker.java:303)
	... 5 more
Caused by: java.lang.IllegalStateException: Null stream: entry=term: 2
index: 8
stateMachineLogEntry {
  type: DATASTREAM
  clientId: "J\000\\\302\362\322H[\226\355\351\270C\004\221\252"
  callId: 377
}

	at org.apache.ratis.datastream.DataStreamTestUtils$MultiDataStreamStateMachine.link(DataStreamTestUtils.java:159)
	at org.apache.ratis.server.raftlog.segmented.SegmentedRaftLogWorker$WriteLog.<init>(SegmentedRaftLogWorker.java:492)
	at org.apache.ratis.server.raftlog.segmented.SegmentedRaftLogWorker.writeLogEntry(SegmentedRaftLogWorker.java:438)
	at org.apache.ratis.server.raftlog.segmented.SegmentedRaftLog.appendEntryImpl(SegmentedRaftLog.java:409)
	at org.apache.ratis.server.raftlog.RaftLogBase.lambda$appendEntry$10(RaftLogBase.java:330)
	at org.apache.ratis.server.raftlog.RaftLogSequentialOps$Runner.runSequentially(RaftLogSequentialOps.java:78)
	at org.apache.ratis.server.raftlog.RaftLogBase.appendEntry(RaftLogBase.java:330)
	at org.apache.ratis.server.raftlog.segmented.SegmentedRaftLog.appendImpl(SegmentedRaftLog.java:457)
	at org.apache.ratis.server.raftlog.RaftLogBase.lambda$append$11(RaftLogBase.java:337)
	at org.apache.ratis.server.raftlog.RaftLogSequentialOps$Runner.runSequentially(RaftLogSequentialOps.java:69)
	at org.apache.ratis.server.raftlog.RaftLogBase.append(RaftLogBase.java:337)
	at org.apache.ratis.server.impl.RaftServerImpl.appendEntriesAsync(RaftServerImpl.java:1567)
	at org.apache.ratis.server.impl.RaftServerImpl.appendEntriesAsync(RaftServerImpl.java:1431)
	at org.apache.ratis.server.impl.RaftServerProxy.lambda$appendEntriesAsync$26(RaftServerProxy.java:639)
	at org.apache.ratis.util.JavaUtils.callAsUnchecked(JavaUtils.java:117)
	at org.apache.ratis.server.impl.RaftServerImpl.lambda$executeSubmitServerRequestAsync$10(RaftServerImpl.java:859)
	at java.base/java.util.concurrent.CompletableFuture$AsyncSupply.run(CompletableFuture.java:1700)
	... 3 more
2023-06-29 03:37:05,296 [grpc-default-executor-7] INFO  leader.FollowerInfo (FollowerInfoImpl.java:lambda$new$0(52)) - s1@group-C92E7B86EDFC->s2: decreaseNextIndex nextIndex: updateUnconditionally 33 -> 32
2023-06-29 03:37:05,298 [s0-server-thread6] INFO  statemachine.StateMachine (DataStreamTestUtils.java:link(157)) - link null
2023-06-29 03:37:05,298 [grpc-default-executor-11] WARN  server.GrpcServerProtocolService (LogUtils.java:warn(124)) - s0: Failed APPEND_ENTRIES request s1->s0#2629-t2,previous=(t:2, i:31),leaderCommit=7,initializing? true,entries: size=1, first=(t:2, i:32), STATEMACHINELOGENTRY, 376@client-EBEB1F61990C
java.util.concurrent.CompletionException: org.apache.ratis.server.raftlog.RaftLogIOException: Log already failed at index 8 for task WriteLog:8: (t:2, i:8), STATEMACHINELOGENTRY, StateMachineLogEntryProto:377@client-E9B8430491AA
	at java.base/java.util.concurrent.CompletableFuture.encodeThrowable(CompletableFuture.java:331)
	at java.base/java.util.concurrent.CompletableFuture.completeThrowable(CompletableFuture.java:346)
	at java.base/java.util.concurrent.CompletableFuture$BiRelay.tryFire(CompletableFuture.java:1423)
	at java.base/java.util.concurrent.CompletableFuture$CoCompletion.tryFire(CompletableFuture.java:1144)
	at java.base/java.util.concurrent.CompletableFuture.postComplete(CompletableFuture.java:506)
	at java.base/java.util.concurrent.CompletableFuture.completeExceptionally(CompletableFuture.java:2088)
	at org.apache.ratis.server.raftlog.segmented.SegmentedRaftLog$Task.failed(SegmentedRaftLog.java:105)
	at org.apache.ratis.server.raftlog.segmented.SegmentedRaftLogWorker$WriteLog.failed(SegmentedRaftLogWorker.java:514)
	at org.apache.ratis.server.raftlog.segmented.SegmentedRaftLogWorker.run(SegmentedRaftLogWorker.java:312)
	at java.base/java.util.concurrent.Executors$RunnableAdapter.call(Executors.java:515)
	at java.base/java.util.concurrent.FutureTask.run(FutureTask.java:264)
	at java.base/java.util.concurrent.ThreadPoolExecutor.runWorker(ThreadPoolExecutor.java:1128)
	at java.base/java.util.concurrent.ThreadPoolExecutor$Worker.run(ThreadPoolExecutor.java:628)
	at java.base/java.lang.Thread.run(Thread.java:829)
Caused by: org.apache.ratis.server.raftlog.RaftLogIOException: Log already failed at index 8 for task WriteLog:8: (t:2, i:8), STATEMACHINELOGENTRY, StateMachineLogEntryProto:377@client-E9B8430491AA
	at org.apache.ratis.server.raftlog.segmented.SegmentedRaftLogWorker.run(SegmentedRaftLogWorker.java:315)
	... 5 more
Caused by: java.io.IOException: java.lang.IllegalStateException: Null stream: entry=term: 2
index: 8
stateMachineLogEntry {
  type: DATASTREAM
  clientId: "J\000\\\302\362\322H[\226\355\351\270C\004\221\252"
  callId: 377
}

	at org.apache.ratis.util.IOUtils.asIOException(IOUtils.java:56)
	at org.apache.ratis.util.IOUtils.toIOException(IOUtils.java:61)
	at org.apache.ratis.util.IOUtils.getFromFuture(IOUtils.java:85)
	at org.apache.ratis.server.raftlog.segmented.SegmentedRaftLogWorker$StateMachineDataPolicy.getFromFuture(SegmentedRaftLogWorker.java:88)
	at org.apache.ratis.server.raftlog.segmented.SegmentedRaftLogWorker$WriteLog.execute(SegmentedRaftLogWorker.java:535)
	at org.apache.ratis.server.raftlog.segmented.SegmentedRaftLogWorker.run(SegmentedRaftLogWorker.java:303)
	... 5 more
Caused by: java.lang.IllegalStateException: Null stream: entry=term: 2
index: 8
stateMachineLogEntry {
  type: DATASTREAM
  clientId: "J\000\\\302\362\322H[\226\355\351\270C\004\221\252"
  callId: 377
}

	at org.apache.ratis.datastream.DataStreamTestUtils$MultiDataStreamStateMachine.link(DataStreamTestUtils.java:159)
	at org.apache.ratis.server.raftlog.segmented.SegmentedRaftLogWorker$WriteLog.<init>(SegmentedRaftLogWorker.java:492)
	at org.apache.ratis.server.raftlog.segmented.SegmentedRaftLogWorker.writeLogEntry(SegmentedRaftLogWorker.java:438)
	at org.apache.ratis.server.raftlog.segmented.SegmentedRaftLog.appendEntryImpl(SegmentedRaftLog.java:409)
	at org.apache.ratis.server.raftlog.RaftLogBase.lambda$appendEntry$10(RaftLogBase.java:330)
	at org.apache.ratis.server.raftlog.RaftLogSequentialOps$Runner.runSequentially(RaftLogSequentialOps.java:78)
	at org.apache.ratis.server.raftlog.RaftLogBase.appendEntry(RaftLogBase.java:330)
	at org.apache.ratis.server.raftlog.segmented.SegmentedRaftLog.appendImpl(SegmentedRaftLog.java:457)
	at org.apache.ratis.server.raftlog.RaftLogBase.lambda$append$11(RaftLogBase.java:337)
	at org.apache.ratis.server.raftlog.RaftLogSequentialOps$Runner.runSequentially(RaftLogSequentialOps.java:69)
	at org.apache.ratis.server.raftlog.RaftLogBase.append(RaftLogBase.java:337)
	at org.apache.ratis.server.impl.RaftServerImpl.appendEntriesAsync(RaftServerImpl.java:1567)
	at org.apache.ratis.server.impl.RaftServerImpl.appendEntriesAsync(RaftServerImpl.java:1431)
	at org.apache.ratis.server.impl.RaftServerProxy.lambda$appendEntriesAsync$26(RaftServerProxy.java:639)
	at org.apache.ratis.util.JavaUtils.callAsUnchecked(JavaUtils.java:117)
	at org.apache.ratis.server.impl.RaftServerImpl.lambda$executeSubmitServerRequestAsync$10(RaftServerImpl.java:859)
	at java.base/java.util.concurrent.CompletableFuture$AsyncSupply.run(CompletableFuture.java:1700)
	... 3 more
2023-06-29 03:37:05,302 [grpc-default-executor-11] WARN  server.GrpcLogAppender (LogUtils.java:warn(124)) - s1@group-C92E7B86EDFC->s0-AppendLogResponseHandler: Failed appendEntries
org.apache.ratis.server.raftlog.RaftLogIOException: Log already failed at index 8 for task WriteLog:8: (t:2, i:8), STATEMACHINELOGENTRY, StateMachineLogEntryProto:377@client-E9B8430491AA
	at org.apache.ratis.server.raftlog.segmented.SegmentedRaftLogWorker.run(SegmentedRaftLogWorker.java:315)
	at java.base/java.util.concurrent.Executors$RunnableAdapter.call(Executors.java:515)
	at java.base/java.util.concurrent.FutureTask.run(FutureTask.java:264)
	at java.base/java.util.concurrent.ThreadPoolExecutor.runWorker(ThreadPoolExecutor.java:1128)
	at java.base/java.util.concurrent.ThreadPoolExecutor$Worker.run(ThreadPoolExecutor.java:628)
	at java.base/java.lang.Thread.run(Thread.java:829)
Caused by: java.io.IOException: java.lang.IllegalStateException: Null stream: entry=term: 2
index: 8
stateMachineLogEntry {
  type: DATASTREAM
  clientId: "J\000\\\302\362\322H[\226\355\351\270C\004\221\252"
  callId: 377
}

	at org.apache.ratis.util.IOUtils.asIOException(IOUtils.java:56)
	at org.apache.ratis.util.IOUtils.toIOException(IOUtils.java:61)
	at org.apache.ratis.util.IOUtils.getFromFuture(IOUtils.java:85)
	at org.apache.ratis.server.raftlog.segmented.SegmentedRaftLogWorker$StateMachineDataPolicy.getFromFuture(SegmentedRaftLogWorker.java:88)
	at org.apache.ratis.server.raftlog.segmented.SegmentedRaftLogWorker$WriteLog.execute(SegmentedRaftLogWorker.java:535)
	at org.apache.ratis.server.raftlog.segmented.SegmentedRaftLogWorker.run(SegmentedRaftLogWorker.java:303)
	... 5 more
Caused by: java.lang.IllegalStateException: Null stream: entry=term: 2
index: 8
stateMachineLogEntry {
  type: DATASTREAM
  clientId: "J\000\\\302\362\322H[\226\355\351\270C\004\221\252"
  callId: 377
}

	at org.apache.ratis.datastream.DataStreamTestUtils$MultiDataStreamStateMachine.link(DataStreamTestUtils.java:159)
	at org.apache.ratis.server.raftlog.segmented.SegmentedRaftLogWorker$WriteLog.<init>(SegmentedRaftLogWorker.java:492)
	at org.apache.ratis.server.raftlog.segmented.SegmentedRaftLogWorker.writeLogEntry(SegmentedRaftLogWorker.java:438)
	at org.apache.ratis.server.raftlog.segmented.SegmentedRaftLog.appendEntryImpl(SegmentedRaftLog.java:409)
	at org.apache.ratis.server.raftlog.RaftLogBase.lambda$appendEntry$10(RaftLogBase.java:330)
	at org.apache.ratis.server.raftlog.RaftLogSequentialOps$Runner.runSequentially(RaftLogSequentialOps.java:78)
	at org.apache.ratis.server.raftlog.RaftLogBase.appendEntry(RaftLogBase.java:330)
	at org.apache.ratis.server.raftlog.segmented.SegmentedRaftLog.appendImpl(SegmentedRaftLog.java:457)
	at org.apache.ratis.server.raftlog.RaftLogBase.lambda$append$11(RaftLogBase.java:337)
	at org.apache.ratis.server.raftlog.RaftLogSequentialOps$Runner.runSequentially(RaftLogSequentialOps.java:69)
	at org.apache.ratis.server.raftlog.RaftLogBase.append(RaftLogBase.java:337)
	at org.apache.ratis.server.impl.RaftServerImpl.appendEntriesAsync(RaftServerImpl.java:1567)
	at org.apache.ratis.server.impl.RaftServerImpl.appendEntriesAsync(RaftServerImpl.java:1431)
	at org.apache.ratis.server.impl.RaftServerProxy.lambda$appendEntriesAsync$26(RaftServerProxy.java:639)
	at org.apache.ratis.util.JavaUtils.callAsUnchecked(JavaUtils.java:117)
	at org.apache.ratis.server.impl.RaftServerImpl.lambda$executeSubmitServerRequestAsync$10(RaftServerImpl.java:859)
	at java.base/java.util.concurrent.CompletableFuture$AsyncSupply.run(CompletableFuture.java:1700)
	... 3 more
2023-06-29 03:37:05,302 [grpc-default-executor-11] INFO  leader.FollowerInfo (FollowerInfoImpl.java:lambda$new$0(52)) - s1@group-C92E7B86EDFC->s0: decreaseNextIndex nextIndex: updateUnconditionally 33 -> 32
2023-06-29 03:37:10,975 [timer1] WARN  grpc.GrpcUtil (GrpcUtil.java:shutdownManagedChannel(223)) - Timed out gracefully shutting down connection: ManagedChannelOrphanWrapper{delegate=ManagedChannelImpl{logId=2378, target=localhost:43533}}. 
2023-06-29 03:37:11,093 [timer2] WARN  grpc.GrpcUtil (GrpcUtil.java:shutdownManagedChannel(223)) - Timed out gracefully shutting down connection: ManagedChannelOrphanWrapper{delegate=ManagedChannelImpl{logId=2406, target=localhost:43533}}. 
2023-06-29 03:37:11,177 [timer7] WARN  grpc.GrpcUtil (GrpcUtil.java:shutdownManagedChannel(223)) - Timed out gracefully shutting down connection: ManagedChannelOrphanWrapper{delegate=ManagedChannelImpl{logId=2420, target=localhost:43533}}. 
2023-06-29 03:37:11,289 [timer5] WARN  grpc.GrpcUtil (GrpcUtil.java:shutdownManagedChannel(223)) - Timed out gracefully shutting down connection: ManagedChannelOrphanWrapper{delegate=ManagedChannelImpl{logId=2448, target=localhost:43533}}. 
2023-06-29 03:37:13,976 [timer1] WARN  grpc.GrpcUtil (GrpcUtil.java:shutdownManagedChannel(223)) - Timed out gracefully shutting down connection: ManagedChannelOrphanWrapper{delegate=ManagedChannelImpl{logId=2392, target=localhost:43533}}. 
2023-06-29 03:37:14,093 [timer2] WARN  grpc.GrpcUtil (GrpcUtil.java:shutdownManagedChannel(223)) - Timed out gracefully shutting down connection: ManagedChannelOrphanWrapper{delegate=ManagedChannelImpl{logId=2434, target=localhost:43533}}. 
2023-06-29 03:37:15,104 [Timer-2] INFO  impl.MiniRaftCluster (MiniRaftCluster.java:lambda$start$6(349)) - TIMED-PRINT: printing ALL groups
  s0:  RUNNING  FOLLOWER s0@group-C92E7B86EDFC:t2, leader=s1, voted=null, raftlog=Memoized:s0@group-C92E7B86EDFC-SegmentedRaftLog:OPENED:c7, conf=6: peers:[s0|rpc:localhost:46689|admin:localhost:46779|client:localhost:37871|dataStream:localhost:46501|priority:0|startupRole:FOLLOWER, s1|rpc:localhost:37585|admin:localhost:35007|client:localhost:43533|dataStream:localhost:44315|priority:0|startupRole:FOLLOWER, s2|rpc:localhost:34717|admin:localhost:33013|client:localhost:41383|dataStream:localhost:35135|priority:0|startupRole:FOLLOWER]|listeners:[], old=null RUNNING
  s1:  RUNNING    LEADER s1@group-C92E7B86EDFC:t2, leader=s1, voted=s1, raftlog=Memoized:s1@group-C92E7B86EDFC-SegmentedRaftLog:OPENED:c7, conf=6: peers:[s0|rpc:localhost:46689|admin:localhost:46779|client:localhost:37871|dataStream:localhost:46501|priority:0|startupRole:FOLLOWER, s1|rpc:localhost:37585|admin:localhost:35007|client:localhost:43533|dataStream:localhost:44315|priority:0|startupRole:FOLLOWER, s2|rpc:localhost:34717|admin:localhost:33013|client:localhost:41383|dataStream:localhost:35135|priority:0|startupRole:FOLLOWER]|listeners:[], old=null RUNNING
  s2:  RUNNING  FOLLOWER s2@group-C92E7B86EDFC:t2, leader=s1, voted=s1, raftlog=Memoized:s2@group-C92E7B86EDFC-SegmentedRaftLog:OPENED:c7, conf=6: peers:[s0|rpc:localhost:46689|admin:localhost:46779|client:localhost:37871|dataStream:localhost:46501|priority:0|startupRole:FOLLOWER, s1|rpc:localhost:37585|admin:localhost:35007|client:localhost:43533|dataStream:localhost:44315|priority:0|startupRole:FOLLOWER, s2|rpc:localhost:34717|admin:localhost:33013|client:localhost:41383|dataStream:localhost:35135|priority:0|startupRole:FOLLOWER]|listeners:[], old=null RUNNING
2023-06-29 03:37:17,198 [timer5] WARN  grpc.GrpcUtil (GrpcUtil.java:shutdownManagedChannel(223)) - Timed out gracefully shutting down connection: ManagedChannelOrphanWrapper{delegate=ManagedChannelImpl{logId=2469, target=localhost:43533}}. 
2023-06-29 03:37:17,396 [timer0] WARN  grpc.GrpcUtil (GrpcUtil.java:shutdownManagedChannel(223)) - Timed out gracefully shutting down connection: ManagedChannelOrphanWrapper{delegate=ManagedChannelImpl{logId=2504, target=localhost:43533}}. 
2023-06-29 03:37:20,082 [timer6] WARN  grpc.GrpcUtil (GrpcUtil.java:shutdownManagedChannel(223)) - Timed out gracefully shutting down connection: ManagedChannelOrphanWrapper{delegate=ManagedChannelImpl{logId=2518, target=localhost:43533}}. 
2023-06-29 03:37:20,200 [timer5] WARN  grpc.GrpcUtil (GrpcUtil.java:shutdownManagedChannel(223)) - Timed out gracefully shutting down connection: ManagedChannelOrphanWrapper{delegate=ManagedChannelImpl{logId=2483, target=localhost:43533}}. 
2023-06-29 03:37:20,200 [timer3] WARN  grpc.GrpcUtil (GrpcUtil.java:shutdownManagedChannel(223)) - Timed out gracefully shutting down connection: ManagedChannelOrphanWrapper{delegate=ManagedChannelImpl{logId=2532, target=localhost:43533}}. 
2023-06-29 03:37:23,200 [timer5] WARN  grpc.GrpcUtil (GrpcUtil.java:shutdownManagedChannel(223)) - Timed out gracefully shutting down connection: ManagedChannelOrphanWrapper{delegate=ManagedChannelImpl{logId=2489, target=localhost:43533}}. 
2023-06-29 03:37:23,398 [timer7] WARN  grpc.GrpcUtil (GrpcUtil.java:shutdownManagedChannel(223)) - Timed out gracefully shutting down connection: ManagedChannelOrphanWrapper{delegate=ManagedChannelImpl{logId=2546, target=localhost:43533}}. 
2023-06-29 03:37:23,501 [timer0] WARN  grpc.GrpcUtil (GrpcUtil.java:shutdownManagedChannel(223)) - Timed out gracefully shutting down connection: ManagedChannelOrphanWrapper{delegate=ManagedChannelImpl{logId=2560, target=localhost:43533}}. 
2023-06-29 03:37:25,104 [Timer-2] INFO  impl.MiniRaftCluster (MiniRaftCluster.java:lambda$start$6(349)) - TIMED-PRINT: printing ALL groups
  s0:  RUNNING  FOLLOWER s0@group-C92E7B86EDFC:t2, leader=s1, voted=null, raftlog=Memoized:s0@group-C92E7B86EDFC-SegmentedRaftLog:OPENED:c7, conf=6: peers:[s0|rpc:localhost:46689|admin:localhost:46779|client:localhost:37871|dataStream:localhost:46501|priority:0|startupRole:FOLLOWER, s1|rpc:localhost:37585|admin:localhost:35007|client:localhost:43533|dataStream:localhost:44315|priority:0|startupRole:FOLLOWER, s2|rpc:localhost:34717|admin:localhost:33013|client:localhost:41383|dataStream:localhost:35135|priority:0|startupRole:FOLLOWER]|listeners:[], old=null RUNNING
  s1:  RUNNING    LEADER s1@group-C92E7B86EDFC:t2, leader=s1, voted=s1, raftlog=Memoized:s1@group-C92E7B86EDFC-SegmentedRaftLog:OPENED:c7, conf=6: peers:[s0|rpc:localhost:46689|admin:localhost:46779|client:localhost:37871|dataStream:localhost:46501|priority:0|startupRole:FOLLOWER, s1|rpc:localhost:37585|admin:localhost:35007|client:localhost:43533|dataStream:localhost:44315|priority:0|startupRole:FOLLOWER, s2|rpc:localhost:34717|admin:localhost:33013|client:localhost:41383|dataStream:localhost:35135|priority:0|startupRole:FOLLOWER]|listeners:[], old=null RUNNING
  s2:  RUNNING  FOLLOWER s2@group-C92E7B86EDFC:t2, leader=s1, voted=s1, raftlog=Memoized:s2@group-C92E7B86EDFC-SegmentedRaftLog:OPENED:c7, conf=6: peers:[s0|rpc:localhost:46689|admin:localhost:46779|client:localhost:37871|dataStream:localhost:46501|priority:0|startupRole:FOLLOWER, s1|rpc:localhost:37585|admin:localhost:35007|client:localhost:43533|dataStream:localhost:44315|priority:0|startupRole:FOLLOWER, s2|rpc:localhost:34717|admin:localhost:33013|client:localhost:41383|dataStream:localhost:35135|priority:0|startupRole:FOLLOWER]|listeners:[], old=null RUNNING
2023-06-29 03:37:26,400 [timer7] WARN  grpc.GrpcUtil (GrpcUtil.java:shutdownManagedChannel(223)) - Timed out gracefully shutting down connection: ManagedChannelOrphanWrapper{delegate=ManagedChannelImpl{logId=2595, target=localhost:43533}}. 
2023-06-29 03:37:26,502 [timer0] WARN  grpc.GrpcUtil (GrpcUtil.java:shutdownManagedChannel(223)) - Timed out gracefully shutting down connection: ManagedChannelOrphanWrapper{delegate=ManagedChannelImpl{logId=2574, target=localhost:43533}}. 
2023-06-29 03:37:29,400 [timer1] WARN  grpc.GrpcUtil (GrpcUtil.java:shutdownManagedChannel(223)) - Timed out gracefully shutting down connection: ManagedChannelOrphanWrapper{delegate=ManagedChannelImpl{logId=2616, target=localhost:43533}}. 
2023-06-29 03:37:29,504 [timer0] WARN  grpc.GrpcUtil (GrpcUtil.java:shutdownManagedChannel(223)) - Timed out gracefully shutting down connection: ManagedChannelOrphanWrapper{delegate=ManagedChannelImpl{logId=2601, target=localhost:43533}}. 
2023-06-29 03:37:29,504 [timer2] WARN  grpc.GrpcUtil (GrpcUtil.java:shutdownManagedChannel(223)) - Timed out gracefully shutting down connection: ManagedChannelOrphanWrapper{delegate=ManagedChannelImpl{logId=2630, target=localhost:43533}}. 
2023-06-29 03:37:32,507 [timer4] WARN  grpc.GrpcUtil (GrpcUtil.java:shutdownManagedChannel(223)) - Timed out gracefully shutting down connection: ManagedChannelOrphanWrapper{delegate=ManagedChannelImpl{logId=2644, target=localhost:43533}}. 
2023-06-29 03:37:32,607 [timer0] WARN  grpc.GrpcUtil (GrpcUtil.java:shutdownManagedChannel(223)) - Timed out gracefully shutting down connection: ManagedChannelOrphanWrapper{delegate=ManagedChannelImpl{logId=2658, target=localhost:43533}}. 
2023-06-29 03:37:35,104 [Timer-2] INFO  impl.MiniRaftCluster (MiniRaftCluster.java:lambda$start$6(349)) - TIMED-PRINT: printing ALL groups
  s0:  RUNNING  FOLLOWER s0@group-C92E7B86EDFC:t2, leader=s1, voted=null, raftlog=Memoized:s0@group-C92E7B86EDFC-SegmentedRaftLog:OPENED:c7, conf=6: peers:[s0|rpc:localhost:46689|admin:localhost:46779|client:localhost:37871|dataStream:localhost:46501|priority:0|startupRole:FOLLOWER, s1|rpc:localhost:37585|admin:localhost:35007|client:localhost:43533|dataStream:localhost:44315|priority:0|startupRole:FOLLOWER, s2|rpc:localhost:34717|admin:localhost:33013|client:localhost:41383|dataStream:localhost:35135|priority:0|startupRole:FOLLOWER]|listeners:[], old=null RUNNING
  s1:  RUNNING    LEADER s1@group-C92E7B86EDFC:t2, leader=s1, voted=s1, raftlog=Memoized:s1@group-C92E7B86EDFC-SegmentedRaftLog:OPENED:c7, conf=6: peers:[s0|rpc:localhost:46689|admin:localhost:46779|client:localhost:37871|dataStream:localhost:46501|priority:0|startupRole:FOLLOWER, s1|rpc:localhost:37585|admin:localhost:35007|client:localhost:43533|dataStream:localhost:44315|priority:0|startupRole:FOLLOWER, s2|rpc:localhost:34717|admin:localhost:33013|client:localhost:41383|dataStream:localhost:35135|priority:0|startupRole:FOLLOWER]|listeners:[], old=null RUNNING
  s2:  RUNNING  FOLLOWER s2@group-C92E7B86EDFC:t2, leader=s1, voted=s1, raftlog=Memoized:s2@group-C92E7B86EDFC-SegmentedRaftLog:OPENED:c7, conf=6: peers:[s0|rpc:localhost:46689|admin:localhost:46779|client:localhost:37871|dataStream:localhost:46501|priority:0|startupRole:FOLLOWER, s1|rpc:localhost:37585|admin:localhost:35007|client:localhost:43533|dataStream:localhost:44315|priority:0|startupRole:FOLLOWER, s2|rpc:localhost:34717|admin:localhost:33013|client:localhost:41383|dataStream:localhost:35135|priority:0|startupRole:FOLLOWER]|listeners:[], old=null RUNNING
2023-06-29 03:37:35,508 [timer1] WARN  grpc.GrpcUtil (GrpcUtil.java:shutdownManagedChannel(223)) - Timed out gracefully shutting down connection: ManagedChannelOrphanWrapper{delegate=ManagedChannelImpl{logId=2676, target=localhost:43533}}. 
2023-06-29 03:37:35,511 [timer2] WARN  grpc.GrpcUtil (GrpcUtil.java:shutdownManagedChannel(223)) - Timed out gracefully shutting down connection: ManagedChannelOrphanWrapper{delegate=ManagedChannelImpl{logId=2686, target=localhost:43533}}. 
2023-06-29 03:37:38,514 [timer2] WARN  grpc.GrpcUtil (GrpcUtil.java:shutdownManagedChannel(223)) - Timed out gracefully shutting down connection: ManagedChannelOrphanWrapper{delegate=ManagedChannelImpl{logId=2707, target=localhost:43533}}. 
2023-06-29 03:37:38,609 [timer3] WARN  grpc.GrpcUtil (GrpcUtil.java:shutdownManagedChannel(223)) - Timed out gracefully shutting down connection: ManagedChannelOrphanWrapper{delegate=ManagedChannelImpl{logId=2714, target=localhost:43533}}. 
2023-06-29 03:37:38,719 [timer1] WARN  grpc.GrpcUtil (GrpcUtil.java:shutdownManagedChannel(223)) - Timed out gracefully shutting down connection: ManagedChannelOrphanWrapper{delegate=ManagedChannelImpl{logId=2728, target=localhost:43533}}. 
2023-06-29 03:37:41,518 [timer4] WARN  grpc.GrpcUtil (GrpcUtil.java:shutdownManagedChannel(223)) - Timed out gracefully shutting down connection: ManagedChannelOrphanWrapper{delegate=ManagedChannelImpl{logId=2742, target=localhost:43533}}. 
2023-06-29 03:37:41,617 [timer5] WARN  grpc.GrpcUtil (GrpcUtil.java:shutdownManagedChannel(223)) - Timed out gracefully shutting down connection: ManagedChannelOrphanWrapper{delegate=ManagedChannelImpl{logId=2763, target=localhost:43533}}. 
2023-06-29 03:37:44,611 [timer0] WARN  grpc.GrpcUtil (GrpcUtil.java:shutdownManagedChannel(223)) - Timed out gracefully shutting down connection: ManagedChannelOrphanWrapper{delegate=ManagedChannelImpl{logId=2770, target=localhost:43533}}. 
2023-06-29 03:37:44,621 [timer1] WARN  grpc.GrpcUtil (GrpcUtil.java:shutdownManagedChannel(223)) - Timed out gracefully shutting down connection: ManagedChannelOrphanWrapper{delegate=ManagedChannelImpl{logId=2784, target=localhost:43533}}. 
2023-06-29 03:37:44,717 [timer3] WARN  grpc.GrpcUtil (GrpcUtil.java:shutdownManagedChannel(223)) - Timed out gracefully shutting down connection: ManagedChannelOrphanWrapper{delegate=ManagedChannelImpl{logId=2798, target=localhost:43533}}. 
2023-06-29 03:37:44,827 [timer4] WARN  grpc.GrpcUtil (GrpcUtil.java:shutdownManagedChannel(223)) - Timed out gracefully shutting down connection: ManagedChannelOrphanWrapper{delegate=ManagedChannelImpl{logId=2812, target=localhost:43533}}. 
2023-06-29 03:37:45,105 [Timer-2] INFO  impl.MiniRaftCluster (MiniRaftCluster.java:lambda$start$6(349)) - TIMED-PRINT: printing ALL groups
  s0:  RUNNING  FOLLOWER s0@group-C92E7B86EDFC:t2, leader=s1, voted=null, raftlog=Memoized:s0@group-C92E7B86EDFC-SegmentedRaftLog:OPENED:c7, conf=6: peers:[s0|rpc:localhost:46689|admin:localhost:46779|client:localhost:37871|dataStream:localhost:46501|priority:0|startupRole:FOLLOWER, s1|rpc:localhost:37585|admin:localhost:35007|client:localhost:43533|dataStream:localhost:44315|priority:0|startupRole:FOLLOWER, s2|rpc:localhost:34717|admin:localhost:33013|client:localhost:41383|dataStream:localhost:35135|priority:0|startupRole:FOLLOWER]|listeners:[], old=null RUNNING
  s1:  RUNNING    LEADER s1@group-C92E7B86EDFC:t2, leader=s1, voted=s1, raftlog=Memoized:s1@group-C92E7B86EDFC-SegmentedRaftLog:OPENED:c7, conf=6: peers:[s0|rpc:localhost:46689|admin:localhost:46779|client:localhost:37871|dataStream:localhost:46501|priority:0|startupRole:FOLLOWER, s1|rpc:localhost:37585|admin:localhost:35007|client:localhost:43533|dataStream:localhost:44315|priority:0|startupRole:FOLLOWER, s2|rpc:localhost:34717|admin:localhost:33013|client:localhost:41383|dataStream:localhost:35135|priority:0|startupRole:FOLLOWER]|listeners:[], old=null RUNNING
  s2:  RUNNING  FOLLOWER s2@group-C92E7B86EDFC:t2, leader=s1, voted=s1, raftlog=Memoized:s2@group-C92E7B86EDFC-SegmentedRaftLog:OPENED:c7, conf=6: peers:[s0|rpc:localhost:46689|admin:localhost:46779|client:localhost:37871|dataStream:localhost:46501|priority:0|startupRole:FOLLOWER, s1|rpc:localhost:37585|admin:localhost:35007|client:localhost:43533|dataStream:localhost:44315|priority:0|startupRole:FOLLOWER, s2|rpc:localhost:34717|admin:localhost:33013|client:localhost:41383|dataStream:localhost:35135|priority:0|startupRole:FOLLOWER]|listeners:[], old=null RUNNING
2023-06-29 03:37:47,724 [timer5] WARN  grpc.GrpcUtil (GrpcUtil.java:shutdownManagedChannel(223)) - Timed out gracefully shutting down connection: ManagedChannelOrphanWrapper{delegate=ManagedChannelImpl{logId=2833, target=localhost:43533}}. 
2023-06-29 03:37:50,613 [timer2] WARN  grpc.GrpcUtil (GrpcUtil.java:shutdownManagedChannel(223)) - Timed out gracefully shutting down connection: ManagedChannelOrphanWrapper{delegate=ManagedChannelImpl{logId=2840, target=localhost:43533}}. 
2023-06-29 03:37:50,829 [timer1] WARN  grpc.GrpcUtil (GrpcUtil.java:shutdownManagedChannel(223)) - Timed out gracefully shutting down connection: ManagedChannelOrphanWrapper{delegate=ManagedChannelImpl{logId=2865, target=localhost:43533}}. 
2023-06-29 03:37:50,934 [timer4] WARN  grpc.GrpcUtil (GrpcUtil.java:shutdownManagedChannel(223)) - Timed out gracefully shutting down connection: ManagedChannelOrphanWrapper{delegate=ManagedChannelImpl{logId=2882, target=localhost:43533}}. 
2023-06-29 03:37:53,614 [timer2] WARN  grpc.GrpcUtil (GrpcUtil.java:shutdownManagedChannel(223)) - Timed out gracefully shutting down connection: ManagedChannelOrphanWrapper{delegate=ManagedChannelImpl{logId=2861, target=localhost:43533}}. 
2023-06-29 03:37:53,622 [s1-client-thread2] INFO  statemachine.StateMachine (DataStreamTestUtils.java:link(157)) - link null
2023-06-29 03:37:53,623 [s2-server-thread3] INFO  statemachine.StateMachine (DataStreamTestUtils.java:link(157)) - link null
2023-06-29 03:37:53,623 [s0-server-thread6] INFO  statemachine.StateMachine (DataStreamTestUtils.java:link(157)) - link null
2023-06-29 03:37:53,624 [grpc-default-executor-2] WARN  server.GrpcServerProtocolService (LogUtils.java:warn(124)) - s2: Failed APPEND_ENTRIES request s1->s2#3263-t2,previous=(t:2, i:32),leaderCommit=7,initializing? true,entries: size=1, first=(t:2, i:33), STATEMACHINELOGENTRY, 379@client-A884A9B095A7
java.util.concurrent.CompletionException: org.apache.ratis.server.raftlog.RaftLogIOException: Log already failed at index 8 for task WriteLog:8: (t:2, i:8), STATEMACHINELOGENTRY, StateMachineLogEntryProto:377@client-E9B8430491AA
	at java.base/java.util.concurrent.CompletableFuture.encodeThrowable(CompletableFuture.java:331)
	at java.base/java.util.concurrent.CompletableFuture.completeThrowable(CompletableFuture.java:346)
	at java.base/java.util.concurrent.CompletableFuture$BiRelay.tryFire(CompletableFuture.java:1423)
	at java.base/java.util.concurrent.CompletableFuture$CoCompletion.tryFire(CompletableFuture.java:1144)
	at java.base/java.util.concurrent.CompletableFuture.postComplete(CompletableFuture.java:506)
	at java.base/java.util.concurrent.CompletableFuture.completeExceptionally(CompletableFuture.java:2088)
	at org.apache.ratis.server.raftlog.segmented.SegmentedRaftLog$Task.failed(SegmentedRaftLog.java:105)
	at org.apache.ratis.server.raftlog.segmented.SegmentedRaftLogWorker$WriteLog.failed(SegmentedRaftLogWorker.java:514)
	at org.apache.ratis.server.raftlog.segmented.SegmentedRaftLogWorker.run(SegmentedRaftLogWorker.java:312)
	at java.base/java.util.concurrent.Executors$RunnableAdapter.call(Executors.java:515)
	at java.base/java.util.concurrent.FutureTask.run(FutureTask.java:264)
	at java.base/java.util.concurrent.ThreadPoolExecutor.runWorker(ThreadPoolExecutor.java:1128)
	at java.base/java.util.concurrent.ThreadPoolExecutor$Worker.run(ThreadPoolExecutor.java:628)
	at java.base/java.lang.Thread.run(Thread.java:829)
Caused by: org.apache.ratis.server.raftlog.RaftLogIOException: Log already failed at index 8 for task WriteLog:8: (t:2, i:8), STATEMACHINELOGENTRY, StateMachineLogEntryProto:377@client-E9B8430491AA
	at org.apache.ratis.server.raftlog.segmented.SegmentedRaftLogWorker.run(SegmentedRaftLogWorker.java:315)
	... 5 more
Caused by: java.io.IOException: java.lang.IllegalStateException: Null stream: entry=term: 2
index: 8
stateMachineLogEntry {
  type: DATASTREAM
  clientId: "J\000\\\302\362\322H[\226\355\351\270C\004\221\252"
  callId: 377
}

	at org.apache.ratis.util.IOUtils.asIOException(IOUtils.java:56)
	at org.apache.ratis.util.IOUtils.toIOException(IOUtils.java:61)
	at org.apache.ratis.util.IOUtils.getFromFuture(IOUtils.java:85)
	at org.apache.ratis.server.raftlog.segmented.SegmentedRaftLogWorker$StateMachineDataPolicy.getFromFuture(SegmentedRaftLogWorker.java:88)
	at org.apache.ratis.server.raftlog.segmented.SegmentedRaftLogWorker$WriteLog.execute(SegmentedRaftLogWorker.java:535)
	at org.apache.ratis.server.raftlog.segmented.SegmentedRaftLogWorker.run(SegmentedRaftLogWorker.java:303)
	... 5 more
Caused by: java.lang.IllegalStateException: Null stream: entry=term: 2
index: 8
stateMachineLogEntry {
  type: DATASTREAM
  clientId: "J\000\\\302\362\322H[\226\355\351\270C\004\221\252"
  callId: 377
}

	at org.apache.ratis.datastream.DataStreamTestUtils$MultiDataStreamStateMachine.link(DataStreamTestUtils.java:159)
	at org.apache.ratis.server.raftlog.segmented.SegmentedRaftLogWorker$WriteLog.<init>(SegmentedRaftLogWorker.java:492)
	at org.apache.ratis.server.raftlog.segmented.SegmentedRaftLogWorker.writeLogEntry(SegmentedRaftLogWorker.java:438)
	at org.apache.ratis.server.raftlog.segmented.SegmentedRaftLog.appendEntryImpl(SegmentedRaftLog.java:409)
	at org.apache.ratis.server.raftlog.RaftLogBase.lambda$appendEntry$10(RaftLogBase.java:330)
	at org.apache.ratis.server.raftlog.RaftLogSequentialOps$Runner.runSequentially(RaftLogSequentialOps.java:78)
	at org.apache.ratis.server.raftlog.RaftLogBase.appendEntry(RaftLogBase.java:330)
	at org.apache.ratis.server.raftlog.segmented.SegmentedRaftLog.appendImpl(SegmentedRaftLog.java:457)
	at org.apache.ratis.server.raftlog.RaftLogBase.lambda$append$11(RaftLogBase.java:337)
	at org.apache.ratis.server.raftlog.RaftLogSequentialOps$Runner.runSequentially(RaftLogSequentialOps.java:69)
	at org.apache.ratis.server.raftlog.RaftLogBase.append(RaftLogBase.java:337)
	at org.apache.ratis.server.impl.RaftServerImpl.appendEntriesAsync(RaftServerImpl.java:1567)
	at org.apache.ratis.server.impl.RaftServerImpl.appendEntriesAsync(RaftServerImpl.java:1431)
	at org.apache.ratis.server.impl.RaftServerProxy.lambda$appendEntriesAsync$26(RaftServerProxy.java:639)
	at org.apache.ratis.util.JavaUtils.callAsUnchecked(JavaUtils.java:117)
	at org.apache.ratis.server.impl.RaftServerImpl.lambda$executeSubmitServerRequestAsync$10(RaftServerImpl.java:859)
	at java.base/java.util.concurrent.CompletableFuture$AsyncSupply.run(CompletableFuture.java:1700)
	... 3 more
2023-06-29 03:37:53,629 [grpc-default-executor-2] WARN  server.GrpcLogAppender (LogUtils.java:warn(124)) - s1@group-C92E7B86EDFC->s2-AppendLogResponseHandler: Failed appendEntries
org.apache.ratis.server.raftlog.RaftLogIOException: Log already failed at index 8 for task WriteLog:8: (t:2, i:8), STATEMACHINELOGENTRY, StateMachineLogEntryProto:377@client-E9B8430491AA
	at org.apache.ratis.server.raftlog.segmented.SegmentedRaftLogWorker.run(SegmentedRaftLogWorker.java:315)
	at java.base/java.util.concurrent.Executors$RunnableAdapter.call(Executors.java:515)
	at java.base/java.util.concurrent.FutureTask.run(FutureTask.java:264)
	at java.base/java.util.concurrent.ThreadPoolExecutor.runWorker(ThreadPoolExecutor.java:1128)
	at java.base/java.util.concurrent.ThreadPoolExecutor$Worker.run(ThreadPoolExecutor.java:628)
	at java.base/java.lang.Thread.run(Thread.java:829)
Caused by: java.io.IOException: java.lang.IllegalStateException: Null stream: entry=term: 2
index: 8
stateMachineLogEntry {
  type: DATASTREAM
  clientId: "J\000\\\302\362\322H[\226\355\351\270C\004\221\252"
  callId: 377
}

	at org.apache.ratis.util.IOUtils.asIOException(IOUtils.java:56)
	at org.apache.ratis.util.IOUtils.toIOException(IOUtils.java:61)
	at org.apache.ratis.util.IOUtils.getFromFuture(IOUtils.java:85)
	at org.apache.ratis.server.raftlog.segmented.SegmentedRaftLogWorker$StateMachineDataPolicy.getFromFuture(SegmentedRaftLogWorker.java:88)
	at org.apache.ratis.server.raftlog.segmented.SegmentedRaftLogWorker$WriteLog.execute(SegmentedRaftLogWorker.java:535)
	at org.apache.ratis.server.raftlog.segmented.SegmentedRaftLogWorker.run(SegmentedRaftLogWorker.java:303)
	... 5 more
Caused by: java.lang.IllegalStateException: Null stream: entry=term: 2
index: 8
stateMachineLogEntry {
  type: DATASTREAM
  clientId: "J\000\\\302\362\322H[\226\355\351\270C\004\221\252"
  callId: 377
}

	at org.apache.ratis.datastream.DataStreamTestUtils$MultiDataStreamStateMachine.link(DataStreamTestUtils.java:159)
	at org.apache.ratis.server.raftlog.segmented.SegmentedRaftLogWorker$WriteLog.<init>(SegmentedRaftLogWorker.java:492)
	at org.apache.ratis.server.raftlog.segmented.SegmentedRaftLogWorker.writeLogEntry(SegmentedRaftLogWorker.java:438)
	at org.apache.ratis.server.raftlog.segmented.SegmentedRaftLog.appendEntryImpl(SegmentedRaftLog.java:409)
	at org.apache.ratis.server.raftlog.RaftLogBase.lambda$appendEntry$10(RaftLogBase.java:330)
	at org.apache.ratis.server.raftlog.RaftLogSequentialOps$Runner.runSequentially(RaftLogSequentialOps.java:78)
	at org.apache.ratis.server.raftlog.RaftLogBase.appendEntry(RaftLogBase.java:330)
	at org.apache.ratis.server.raftlog.segmented.SegmentedRaftLog.appendImpl(SegmentedRaftLog.java:457)
	at org.apache.ratis.server.raftlog.RaftLogBase.lambda$append$11(RaftLogBase.java:337)
	at org.apache.ratis.server.raftlog.RaftLogSequentialOps$Runner.runSequentially(RaftLogSequentialOps.java:69)
	at org.apache.ratis.server.raftlog.RaftLogBase.append(RaftLogBase.java:337)
	at org.apache.ratis.server.impl.RaftServerImpl.appendEntriesAsync(RaftServerImpl.java:1567)
	at org.apache.ratis.server.impl.RaftServerImpl.appendEntriesAsync(RaftServerImpl.java:1431)
	at org.apache.ratis.server.impl.RaftServerProxy.lambda$appendEntriesAsync$26(RaftServerProxy.java:639)
	at org.apache.ratis.util.JavaUtils.callAsUnchecked(JavaUtils.java:117)
	at org.apache.ratis.server.impl.RaftServerImpl.lambda$executeSubmitServerRequestAsync$10(RaftServerImpl.java:859)
	at java.base/java.util.concurrent.CompletableFuture$AsyncSupply.run(CompletableFuture.java:1700)
	... 3 more
2023-06-29 03:37:53,629 [grpc-default-executor-2] INFO  leader.FollowerInfo (FollowerInfoImpl.java:lambda$new$0(52)) - s1@group-C92E7B86EDFC->s2: decreaseNextIndex nextIndex: updateUnconditionally 34 -> 33
2023-06-29 03:37:53,629 [grpc-default-executor-15] WARN  server.GrpcServerProtocolService (LogUtils.java:warn(124)) - s0: Failed APPEND_ENTRIES request s1->s0#3266-t2,previous=(t:2, i:32),leaderCommit=7,initializing? true,entries: size=1, first=(t:2, i:33), STATEMACHINELOGENTRY, 379@client-A884A9B095A7
java.util.concurrent.CompletionException: org.apache.ratis.server.raftlog.RaftLogIOException: Log already failed at index 8 for task WriteLog:8: (t:2, i:8), STATEMACHINELOGENTRY, StateMachineLogEntryProto:377@client-E9B8430491AA
	at java.base/java.util.concurrent.CompletableFuture.encodeThrowable(CompletableFuture.java:331)
	at java.base/java.util.concurrent.CompletableFuture.completeThrowable(CompletableFuture.java:346)
	at java.base/java.util.concurrent.CompletableFuture$BiRelay.tryFire(CompletableFuture.java:1423)
	at java.base/java.util.concurrent.CompletableFuture$CoCompletion.tryFire(CompletableFuture.java:1144)
	at java.base/java.util.concurrent.CompletableFuture.postComplete(CompletableFuture.java:506)
	at java.base/java.util.concurrent.CompletableFuture.completeExceptionally(CompletableFuture.java:2088)
	at org.apache.ratis.server.raftlog.segmented.SegmentedRaftLog$Task.failed(SegmentedRaftLog.java:105)
	at org.apache.ratis.server.raftlog.segmented.SegmentedRaftLogWorker$WriteLog.failed(SegmentedRaftLogWorker.java:514)
	at org.apache.ratis.server.raftlog.segmented.SegmentedRaftLogWorker.run(SegmentedRaftLogWorker.java:312)
	at java.base/java.util.concurrent.Executors$RunnableAdapter.call(Executors.java:515)
	at java.base/java.util.concurrent.FutureTask.run(FutureTask.java:264)
	at java.base/java.util.concurrent.ThreadPoolExecutor.runWorker(ThreadPoolExecutor.java:1128)
	at java.base/java.util.concurrent.ThreadPoolExecutor$Worker.run(ThreadPoolExecutor.java:628)
	at java.base/java.lang.Thread.run(Thread.java:829)
Caused by: org.apache.ratis.server.raftlog.RaftLogIOException: Log already failed at index 8 for task WriteLog:8: (t:2, i:8), STATEMACHINELOGENTRY, StateMachineLogEntryProto:377@client-E9B8430491AA
	at org.apache.ratis.server.raftlog.segmented.SegmentedRaftLogWorker.run(SegmentedRaftLogWorker.java:315)
	... 5 more
Caused by: java.io.IOException: java.lang.IllegalStateException: Null stream: entry=term: 2
index: 8
stateMachineLogEntry {
  type: DATASTREAM
  clientId: "J\000\\\302\362\322H[\226\355\351\270C\004\221\252"
  callId: 377
}

	at org.apache.ratis.util.IOUtils.asIOException(IOUtils.java:56)
	at org.apache.ratis.util.IOUtils.toIOException(IOUtils.java:61)
	at org.apache.ratis.util.IOUtils.getFromFuture(IOUtils.java:85)
	at org.apache.ratis.server.raftlog.segmented.SegmentedRaftLogWorker$StateMachineDataPolicy.getFromFuture(SegmentedRaftLogWorker.java:88)
	at org.apache.ratis.server.raftlog.segmented.SegmentedRaftLogWorker$WriteLog.execute(SegmentedRaftLogWorker.java:535)
	at org.apache.ratis.server.raftlog.segmented.SegmentedRaftLogWorker.run(SegmentedRaftLogWorker.java:303)
	... 5 more
Caused by: java.lang.IllegalStateException: Null stream: entry=term: 2
index: 8
stateMachineLogEntry {
  type: DATASTREAM
  clientId: "J\000\\\302\362\322H[\226\355\351\270C\004\221\252"
  callId: 377
}

	at org.apache.ratis.datastream.DataStreamTestUtils$MultiDataStreamStateMachine.link(DataStreamTestUtils.java:159)
	at org.apache.ratis.server.raftlog.segmented.SegmentedRaftLogWorker$WriteLog.<init>(SegmentedRaftLogWorker.java:492)
	at org.apache.ratis.server.raftlog.segmented.SegmentedRaftLogWorker.writeLogEntry(SegmentedRaftLogWorker.java:438)
	at org.apache.ratis.server.raftlog.segmented.SegmentedRaftLog.appendEntryImpl(SegmentedRaftLog.java:409)
	at org.apache.ratis.server.raftlog.RaftLogBase.lambda$appendEntry$10(RaftLogBase.java:330)
	at org.apache.ratis.server.raftlog.RaftLogSequentialOps$Runner.runSequentially(RaftLogSequentialOps.java:78)
	at org.apache.ratis.server.raftlog.RaftLogBase.appendEntry(RaftLogBase.java:330)
	at org.apache.ratis.server.raftlog.segmented.SegmentedRaftLog.appendImpl(SegmentedRaftLog.java:457)
	at org.apache.ratis.server.raftlog.RaftLogBase.lambda$append$11(RaftLogBase.java:337)
	at org.apache.ratis.server.raftlog.RaftLogSequentialOps$Runner.runSequentially(RaftLogSequentialOps.java:69)
	at org.apache.ratis.server.raftlog.RaftLogBase.append(RaftLogBase.java:337)
	at org.apache.ratis.server.impl.RaftServerImpl.appendEntriesAsync(RaftServerImpl.java:1567)
	at org.apache.ratis.server.impl.RaftServerImpl.appendEntriesAsync(RaftServerImpl.java:1431)
	at org.apache.ratis.server.impl.RaftServerProxy.lambda$appendEntriesAsync$26(RaftServerProxy.java:639)
	at org.apache.ratis.util.JavaUtils.callAsUnchecked(JavaUtils.java:117)
	at org.apache.ratis.server.impl.RaftServerImpl.lambda$executeSubmitServerRequestAsync$10(RaftServerImpl.java:859)
	at java.base/java.util.concurrent.CompletableFuture$AsyncSupply.run(CompletableFuture.java:1700)
	... 3 more
2023-06-29 03:37:53,641 [grpc-default-executor-15] WARN  server.GrpcLogAppender (LogUtils.java:warn(124)) - s1@group-C92E7B86EDFC->s0-AppendLogResponseHandler: Failed appendEntries
org.apache.ratis.server.raftlog.RaftLogIOException: Log already failed at index 8 for task WriteLog:8: (t:2, i:8), STATEMACHINELOGENTRY, StateMachineLogEntryProto:377@client-E9B8430491AA
	at org.apache.ratis.server.raftlog.segmented.SegmentedRaftLogWorker.run(SegmentedRaftLogWorker.java:315)
	at java.base/java.util.concurrent.Executors$RunnableAdapter.call(Executors.java:515)
	at java.base/java.util.concurrent.FutureTask.run(FutureTask.java:264)
	at java.base/java.util.concurrent.ThreadPoolExecutor.runWorker(ThreadPoolExecutor.java:1128)
	at java.base/java.util.concurrent.ThreadPoolExecutor$Worker.run(ThreadPoolExecutor.java:628)
	at java.base/java.lang.Thread.run(Thread.java:829)
Caused by: java.io.IOException: java.lang.IllegalStateException: Null stream: entry=term: 2
index: 8
stateMachineLogEntry {
  type: DATASTREAM
  clientId: "J\000\\\302\362\322H[\226\355\351\270C\004\221\252"
  callId: 377
}

	at org.apache.ratis.util.IOUtils.asIOException(IOUtils.java:56)
	at org.apache.ratis.util.IOUtils.toIOException(IOUtils.java:61)
	at org.apache.ratis.util.IOUtils.getFromFuture(IOUtils.java:85)
	at org.apache.ratis.server.raftlog.segmented.SegmentedRaftLogWorker$StateMachineDataPolicy.getFromFuture(SegmentedRaftLogWorker.java:88)
	at org.apache.ratis.server.raftlog.segmented.SegmentedRaftLogWorker$WriteLog.execute(SegmentedRaftLogWorker.java:535)
	at org.apache.ratis.server.raftlog.segmented.SegmentedRaftLogWorker.run(SegmentedRaftLogWorker.java:303)
	... 5 more
Caused by: java.lang.IllegalStateException: Null stream: entry=term: 2
index: 8
stateMachineLogEntry {
  type: DATASTREAM
  clientId: "J\000\\\302\362\322H[\226\355\351\270C\004\221\252"
  callId: 377
}

	at org.apache.ratis.datastream.DataStreamTestUtils$MultiDataStreamStateMachine.link(DataStreamTestUtils.java:159)
	at org.apache.ratis.server.raftlog.segmented.SegmentedRaftLogWorker$WriteLog.<init>(SegmentedRaftLogWorker.java:492)
	at org.apache.ratis.server.raftlog.segmented.SegmentedRaftLogWorker.writeLogEntry(SegmentedRaftLogWorker.java:438)
	at org.apache.ratis.server.raftlog.segmented.SegmentedRaftLog.appendEntryImpl(SegmentedRaftLog.java:409)
	at org.apache.ratis.server.raftlog.RaftLogBase.lambda$appendEntry$10(RaftLogBase.java:330)
	at org.apache.ratis.server.raftlog.RaftLogSequentialOps$Runner.runSequentially(RaftLogSequentialOps.java:78)
	at org.apache.ratis.server.raftlog.RaftLogBase.appendEntry(RaftLogBase.java:330)
	at org.apache.ratis.server.raftlog.segmented.SegmentedRaftLog.appendImpl(SegmentedRaftLog.java:457)
	at org.apache.ratis.server.raftlog.RaftLogBase.lambda$append$11(RaftLogBase.java:337)
	at org.apache.ratis.server.raftlog.RaftLogSequentialOps$Runner.runSequentially(RaftLogSequentialOps.java:69)
	at org.apache.ratis.server.raftlog.RaftLogBase.append(RaftLogBase.java:337)
	at org.apache.ratis.server.impl.RaftServerImpl.appendEntriesAsync(RaftServerImpl.java:1567)
	at org.apache.ratis.server.impl.RaftServerImpl.appendEntriesAsync(RaftServerImpl.java:1431)
	at org.apache.ratis.server.impl.RaftServerProxy.lambda$appendEntriesAsync$26(RaftServerProxy.java:639)
	at org.apache.ratis.util.JavaUtils.callAsUnchecked(JavaUtils.java:117)
	at org.apache.ratis.server.impl.RaftServerImpl.lambda$executeSubmitServerRequestAsync$10(RaftServerImpl.java:859)
	at java.base/java.util.concurrent.CompletableFuture$AsyncSupply.run(CompletableFuture.java:1700)
	... 3 more
2023-06-29 03:37:53,642 [grpc-default-executor-15] INFO  leader.FollowerInfo (FollowerInfoImpl.java:lambda$new$0(52)) - s1@group-C92E7B86EDFC->s0: decreaseNextIndex nextIndex: updateUnconditionally 34 -> 33
2023-06-29 03:37:53,730 [timer0] WARN  grpc.GrpcUtil (GrpcUtil.java:shutdownManagedChannel(223)) - Timed out gracefully shutting down connection: ManagedChannelOrphanWrapper{delegate=ManagedChannelImpl{logId=2896, target=localhost:43533}}. 
2023-06-29 03:37:55,104 [Timer-2] INFO  impl.MiniRaftCluster (MiniRaftCluster.java:lambda$start$6(349)) - TIMED-PRINT: printing ALL groups
  s0:  RUNNING  FOLLOWER s0@group-C92E7B86EDFC:t2, leader=s1, voted=null, raftlog=Memoized:s0@group-C92E7B86EDFC-SegmentedRaftLog:OPENED:c7, conf=6: peers:[s0|rpc:localhost:46689|admin:localhost:46779|client:localhost:37871|dataStream:localhost:46501|priority:0|startupRole:FOLLOWER, s1|rpc:localhost:37585|admin:localhost:35007|client:localhost:43533|dataStream:localhost:44315|priority:0|startupRole:FOLLOWER, s2|rpc:localhost:34717|admin:localhost:33013|client:localhost:41383|dataStream:localhost:35135|priority:0|startupRole:FOLLOWER]|listeners:[], old=null RUNNING
  s1:  RUNNING    LEADER s1@group-C92E7B86EDFC:t2, leader=s1, voted=s1, raftlog=Memoized:s1@group-C92E7B86EDFC-SegmentedRaftLog:OPENED:c7, conf=6: peers:[s0|rpc:localhost:46689|admin:localhost:46779|client:localhost:37871|dataStream:localhost:46501|priority:0|startupRole:FOLLOWER, s1|rpc:localhost:37585|admin:localhost:35007|client:localhost:43533|dataStream:localhost:44315|priority:0|startupRole:FOLLOWER, s2|rpc:localhost:34717|admin:localhost:33013|client:localhost:41383|dataStream:localhost:35135|priority:0|startupRole:FOLLOWER]|listeners:[], old=null RUNNING
  s2:  RUNNING  FOLLOWER s2@group-C92E7B86EDFC:t2, leader=s1, voted=s1, raftlog=Memoized:s2@group-C92E7B86EDFC-SegmentedRaftLog:OPENED:c7, conf=6: peers:[s0|rpc:localhost:46689|admin:localhost:46779|client:localhost:37871|dataStream:localhost:46501|priority:0|startupRole:FOLLOWER, s1|rpc:localhost:37585|admin:localhost:35007|client:localhost:43533|dataStream:localhost:44315|priority:0|startupRole:FOLLOWER, s2|rpc:localhost:34717|admin:localhost:33013|client:localhost:41383|dataStream:localhost:35135|priority:0|startupRole:FOLLOWER]|listeners:[], old=null RUNNING
2023-06-29 03:37:56,832 [timer5] WARN  grpc.GrpcUtil (GrpcUtil.java:shutdownManagedChannel(223)) - Timed out gracefully shutting down connection: ManagedChannelOrphanWrapper{delegate=ManagedChannelImpl{logId=2910, target=localhost:43533}}. 
2023-06-29 03:37:59,621 [timer0] WARN  grpc.GrpcUtil (GrpcUtil.java:shutdownManagedChannel(223)) - Timed out gracefully shutting down connection: ManagedChannelOrphanWrapper{delegate=ManagedChannelImpl{logId=2938, target=localhost:43533}}. 
2023-06-29 03:37:59,722 [timer4] WARN  grpc.GrpcUtil (GrpcUtil.java:shutdownManagedChannel(223)) - Timed out gracefully shutting down connection: ManagedChannelOrphanWrapper{delegate=ManagedChannelImpl{logId=2952, target=localhost:43533}}. 
2023-06-29 03:37:59,731 [timer2] WARN  grpc.GrpcUtil (GrpcUtil.java:shutdownManagedChannel(223)) - Timed out gracefully shutting down connection: ManagedChannelOrphanWrapper{delegate=ManagedChannelImpl{logId=2965, target=localhost:43533}}. 
2023-06-29 03:37:59,830 [s1-client-thread2] INFO  statemachine.StateMachine (DataStreamTestUtils.java:link(157)) - link null
2023-06-29 03:37:59,830 [s2-server-thread3] INFO  statemachine.StateMachine (DataStreamTestUtils.java:link(157)) - link null
2023-06-29 03:37:59,831 [s0-server-thread6] INFO  statemachine.StateMachine (DataStreamTestUtils.java:link(157)) - link null
2023-06-29 03:37:59,831 [s2-server-thread3] WARN  server.GrpcServerProtocolService (LogUtils.java:warn(124)) - s2: Failed APPEND_ENTRIES request s1->s2#3346-t2,previous=(t:2, i:33),leaderCommit=7,initializing? true,entries: size=1, first=(t:2, i:34), STATEMACHINELOGENTRY, 380@client-A3187C8C9A8E
java.util.concurrent.CompletionException: org.apache.ratis.server.raftlog.RaftLogIOException: Log already failed at index 8 for task WriteLog:8: (t:2, i:8), STATEMACHINELOGENTRY, StateMachineLogEntryProto:377@client-E9B8430491AA
	at java.base/java.util.concurrent.CompletableFuture.encodeThrowable(CompletableFuture.java:331)
	at java.base/java.util.concurrent.CompletableFuture.completeThrowable(CompletableFuture.java:346)
	at java.base/java.util.concurrent.CompletableFuture$BiRelay.tryFire(CompletableFuture.java:1423)
	at java.base/java.util.concurrent.CompletableFuture$CoCompletion.tryFire(CompletableFuture.java:1144)
	at java.base/java.util.concurrent.CompletableFuture.postComplete(CompletableFuture.java:506)
	at java.base/java.util.concurrent.CompletableFuture.completeExceptionally(CompletableFuture.java:2088)
	at org.apache.ratis.server.raftlog.segmented.SegmentedRaftLog$Task.failed(SegmentedRaftLog.java:105)
	at org.apache.ratis.server.raftlog.segmented.SegmentedRaftLogWorker$WriteLog.failed(SegmentedRaftLogWorker.java:514)
	at org.apache.ratis.server.raftlog.segmented.SegmentedRaftLogWorker.run(SegmentedRaftLogWorker.java:312)
	at java.base/java.util.concurrent.Executors$RunnableAdapter.call(Executors.java:515)
	at java.base/java.util.concurrent.FutureTask.run(FutureTask.java:264)
	at java.base/java.util.concurrent.ThreadPoolExecutor.runWorker(ThreadPoolExecutor.java:1128)
	at java.base/java.util.concurrent.ThreadPoolExecutor$Worker.run(ThreadPoolExecutor.java:628)
	at java.base/java.lang.Thread.run(Thread.java:829)
Caused by: org.apache.ratis.server.raftlog.RaftLogIOException: Log already failed at index 8 for task WriteLog:8: (t:2, i:8), STATEMACHINELOGENTRY, StateMachineLogEntryProto:377@client-E9B8430491AA
	at org.apache.ratis.server.raftlog.segmented.SegmentedRaftLogWorker.run(SegmentedRaftLogWorker.java:315)
	... 5 more
Caused by: java.io.IOException: java.lang.IllegalStateException: Null stream: entry=term: 2
index: 8
stateMachineLogEntry {
  type: DATASTREAM
  clientId: "J\000\\\302\362\322H[\226\355\351\270C\004\221\252"
  callId: 377
}

	at org.apache.ratis.util.IOUtils.asIOException(IOUtils.java:56)
	at org.apache.ratis.util.IOUtils.toIOException(IOUtils.java:61)
	at org.apache.ratis.util.IOUtils.getFromFuture(IOUtils.java:85)
	at org.apache.ratis.server.raftlog.segmented.SegmentedRaftLogWorker$StateMachineDataPolicy.getFromFuture(SegmentedRaftLogWorker.java:88)
	at org.apache.ratis.server.raftlog.segmented.SegmentedRaftLogWorker$WriteLog.execute(SegmentedRaftLogWorker.java:535)
	at org.apache.ratis.server.raftlog.segmented.SegmentedRaftLogWorker.run(SegmentedRaftLogWorker.java:303)
	... 5 more
Caused by: java.lang.IllegalStateException: Null stream: entry=term: 2
index: 8
stateMachineLogEntry {
  type: DATASTREAM
  clientId: "J\000\\\302\362\322H[\226\355\351\270C\004\221\252"
  callId: 377
}

	at org.apache.ratis.datastream.DataStreamTestUtils$MultiDataStreamStateMachine.link(DataStreamTestUtils.java:159)
	at org.apache.ratis.server.raftlog.segmented.SegmentedRaftLogWorker$WriteLog.<init>(SegmentedRaftLogWorker.java:492)
	at org.apache.ratis.server.raftlog.segmented.SegmentedRaftLogWorker.writeLogEntry(SegmentedRaftLogWorker.java:438)
	at org.apache.ratis.server.raftlog.segmented.SegmentedRaftLog.appendEntryImpl(SegmentedRaftLog.java:409)
	at org.apache.ratis.server.raftlog.RaftLogBase.lambda$appendEntry$10(RaftLogBase.java:330)
	at org.apache.ratis.server.raftlog.RaftLogSequentialOps$Runner.runSequentially(RaftLogSequentialOps.java:78)
	at org.apache.ratis.server.raftlog.RaftLogBase.appendEntry(RaftLogBase.java:330)
	at org.apache.ratis.server.raftlog.segmented.SegmentedRaftLog.appendImpl(SegmentedRaftLog.java:457)
	at org.apache.ratis.server.raftlog.RaftLogBase.lambda$append$11(RaftLogBase.java:337)
	at org.apache.ratis.server.raftlog.RaftLogSequentialOps$Runner.runSequentially(RaftLogSequentialOps.java:69)
	at org.apache.ratis.server.raftlog.RaftLogBase.append(RaftLogBase.java:337)
	at org.apache.ratis.server.impl.RaftServerImpl.appendEntriesAsync(RaftServerImpl.java:1567)
	at org.apache.ratis.server.impl.RaftServerImpl.appendEntriesAsync(RaftServerImpl.java:1431)
	at org.apache.ratis.server.impl.RaftServerProxy.lambda$appendEntriesAsync$26(RaftServerProxy.java:639)
	at org.apache.ratis.util.JavaUtils.callAsUnchecked(JavaUtils.java:117)
	at org.apache.ratis.server.impl.RaftServerImpl.lambda$executeSubmitServerRequestAsync$10(RaftServerImpl.java:859)
	at java.base/java.util.concurrent.CompletableFuture$AsyncSupply.run(CompletableFuture.java:1700)
	... 3 more
2023-06-29 03:37:59,832 [grpc-default-executor-16] WARN  server.GrpcServerProtocolService (LogUtils.java:warn(124)) - s0: Failed APPEND_ENTRIES request s1->s0#3349-t2,previous=(t:2, i:33),leaderCommit=7,initializing? true,entries: size=1, first=(t:2, i:34), STATEMACHINELOGENTRY, 380@client-A3187C8C9A8E
java.util.concurrent.CompletionException: org.apache.ratis.server.raftlog.RaftLogIOException: Log already failed at index 8 for task WriteLog:8: (t:2, i:8), STATEMACHINELOGENTRY, StateMachineLogEntryProto:377@client-E9B8430491AA
	at java.base/java.util.concurrent.CompletableFuture.encodeThrowable(CompletableFuture.java:331)
	at java.base/java.util.concurrent.CompletableFuture.completeThrowable(CompletableFuture.java:346)
	at java.base/java.util.concurrent.CompletableFuture$BiRelay.tryFire(CompletableFuture.java:1423)
	at java.base/java.util.concurrent.CompletableFuture$CoCompletion.tryFire(CompletableFuture.java:1144)
	at java.base/java.util.concurrent.CompletableFuture.postComplete(CompletableFuture.java:506)
	at java.base/java.util.concurrent.CompletableFuture.completeExceptionally(CompletableFuture.java:2088)
	at org.apache.ratis.server.raftlog.segmented.SegmentedRaftLog$Task.failed(SegmentedRaftLog.java:105)
	at org.apache.ratis.server.raftlog.segmented.SegmentedRaftLogWorker$WriteLog.failed(SegmentedRaftLogWorker.java:514)
	at org.apache.ratis.server.raftlog.segmented.SegmentedRaftLogWorker.run(SegmentedRaftLogWorker.java:312)
	at java.base/java.util.concurrent.Executors$RunnableAdapter.call(Executors.java:515)
	at java.base/java.util.concurrent.FutureTask.run(FutureTask.java:264)
	at java.base/java.util.concurrent.ThreadPoolExecutor.runWorker(ThreadPoolExecutor.java:1128)
	at java.base/java.util.concurrent.ThreadPoolExecutor$Worker.run(ThreadPoolExecutor.java:628)
	at java.base/java.lang.Thread.run(Thread.java:829)
Caused by: org.apache.ratis.server.raftlog.RaftLogIOException: Log already failed at index 8 for task WriteLog:8: (t:2, i:8), STATEMACHINELOGENTRY, StateMachineLogEntryProto:377@client-E9B8430491AA
	at org.apache.ratis.server.raftlog.segmented.SegmentedRaftLogWorker.run(SegmentedRaftLogWorker.java:315)
	... 5 more
Caused by: java.io.IOException: java.lang.IllegalStateException: Null stream: entry=term: 2
index: 8
stateMachineLogEntry {
  type: DATASTREAM
  clientId: "J\000\\\302\362\322H[\226\355\351\270C\004\221\252"
  callId: 377
}

	at org.apache.ratis.util.IOUtils.asIOException(IOUtils.java:56)
	at org.apache.ratis.util.IOUtils.toIOException(IOUtils.java:61)
	at org.apache.ratis.util.IOUtils.getFromFuture(IOUtils.java:85)
	at org.apache.ratis.server.raftlog.segmented.SegmentedRaftLogWorker$StateMachineDataPolicy.getFromFuture(SegmentedRaftLogWorker.java:88)
	at org.apache.ratis.server.raftlog.segmented.SegmentedRaftLogWorker$WriteLog.execute(SegmentedRaftLogWorker.java:535)
	at org.apache.ratis.server.raftlog.segmented.SegmentedRaftLogWorker.run(SegmentedRaftLogWorker.java:303)
	... 5 more
Caused by: java.lang.IllegalStateException: Null stream: entry=term: 2
index: 8
stateMachineLogEntry {
  type: DATASTREAM
  clientId: "J\000\\\302\362\322H[\226\355\351\270C\004\221\252"
  callId: 377
}

	at org.apache.ratis.datastream.DataStreamTestUtils$MultiDataStreamStateMachine.link(DataStreamTestUtils.java:159)
	at org.apache.ratis.server.raftlog.segmented.SegmentedRaftLogWorker$WriteLog.<init>(SegmentedRaftLogWorker.java:492)
	at org.apache.ratis.server.raftlog.segmented.SegmentedRaftLogWorker.writeLogEntry(SegmentedRaftLogWorker.java:438)
	at org.apache.ratis.server.raftlog.segmented.SegmentedRaftLog.appendEntryImpl(SegmentedRaftLog.java:409)
	at org.apache.ratis.server.raftlog.RaftLogBase.lambda$appendEntry$10(RaftLogBase.java:330)
	at org.apache.ratis.server.raftlog.RaftLogSequentialOps$Runner.runSequentially(RaftLogSequentialOps.java:78)
	at org.apache.ratis.server.raftlog.RaftLogBase.appendEntry(RaftLogBase.java:330)
	at org.apache.ratis.server.raftlog.segmented.SegmentedRaftLog.appendImpl(SegmentedRaftLog.java:457)
	at org.apache.ratis.server.raftlog.RaftLogBase.lambda$append$11(RaftLogBase.java:337)
	at org.apache.ratis.server.raftlog.RaftLogSequentialOps$Runner.runSequentially(RaftLogSequentialOps.java:69)
	at org.apache.ratis.server.raftlog.RaftLogBase.append(RaftLogBase.java:337)
	at org.apache.ratis.server.impl.RaftServerImpl.appendEntriesAsync(RaftServerImpl.java:1567)
	at org.apache.ratis.server.impl.RaftServerImpl.appendEntriesAsync(RaftServerImpl.java:1431)
	at org.apache.ratis.server.impl.RaftServerProxy.lambda$appendEntriesAsync$26(RaftServerProxy.java:639)
	at org.apache.ratis.util.JavaUtils.callAsUnchecked(JavaUtils.java:117)
	at org.apache.ratis.server.impl.RaftServerImpl.lambda$executeSubmitServerRequestAsync$10(RaftServerImpl.java:859)
	at java.base/java.util.concurrent.CompletableFuture$AsyncSupply.run(CompletableFuture.java:1700)
	... 3 more
2023-06-29 03:37:59,837 [grpc-default-executor-11] WARN  server.GrpcLogAppender (LogUtils.java:warn(124)) - s1@group-C92E7B86EDFC->s2-AppendLogResponseHandler: Failed appendEntries
org.apache.ratis.server.raftlog.RaftLogIOException: Log already failed at index 8 for task WriteLog:8: (t:2, i:8), STATEMACHINELOGENTRY, StateMachineLogEntryProto:377@client-E9B8430491AA
	at org.apache.ratis.server.raftlog.segmented.SegmentedRaftLogWorker.run(SegmentedRaftLogWorker.java:315)
	at java.base/java.util.concurrent.Executors$RunnableAdapter.call(Executors.java:515)
	at java.base/java.util.concurrent.FutureTask.run(FutureTask.java:264)
	at java.base/java.util.concurrent.ThreadPoolExecutor.runWorker(ThreadPoolExecutor.java:1128)
	at java.base/java.util.concurrent.ThreadPoolExecutor$Worker.run(ThreadPoolExecutor.java:628)
	at java.base/java.lang.Thread.run(Thread.java:829)
Caused by: java.io.IOException: java.lang.IllegalStateException: Null stream: entry=term: 2
index: 8
stateMachineLogEntry {
  type: DATASTREAM
  clientId: "J\000\\\302\362\322H[\226\355\351\270C\004\221\252"
  callId: 377
}

	at org.apache.ratis.util.IOUtils.asIOException(IOUtils.java:56)
	at org.apache.ratis.util.IOUtils.toIOException(IOUtils.java:61)
	at org.apache.ratis.util.IOUtils.getFromFuture(IOUtils.java:85)
	at org.apache.ratis.server.raftlog.segmented.SegmentedRaftLogWorker$StateMachineDataPolicy.getFromFuture(SegmentedRaftLogWorker.java:88)
	at org.apache.ratis.server.raftlog.segmented.SegmentedRaftLogWorker$WriteLog.execute(SegmentedRaftLogWorker.java:535)
	at org.apache.ratis.server.raftlog.segmented.SegmentedRaftLogWorker.run(SegmentedRaftLogWorker.java:303)
	... 5 more
Caused by: java.lang.IllegalStateException: Null stream: entry=term: 2
index: 8
stateMachineLogEntry {
  type: DATASTREAM
  clientId: "J\000\\\302\362\322H[\226\355\351\270C\004\221\252"
  callId: 377
}

	at org.apache.ratis.datastream.DataStreamTestUtils$MultiDataStreamStateMachine.link(DataStreamTestUtils.java:159)
	at org.apache.ratis.server.raftlog.segmented.SegmentedRaftLogWorker$WriteLog.<init>(SegmentedRaftLogWorker.java:492)
	at org.apache.ratis.server.raftlog.segmented.SegmentedRaftLogWorker.writeLogEntry(SegmentedRaftLogWorker.java:438)
	at org.apache.ratis.server.raftlog.segmented.SegmentedRaftLog.appendEntryImpl(SegmentedRaftLog.java:409)
	at org.apache.ratis.server.raftlog.RaftLogBase.lambda$appendEntry$10(RaftLogBase.java:330)
	at org.apache.ratis.server.raftlog.RaftLogSequentialOps$Runner.runSequentially(RaftLogSequentialOps.java:78)
	at org.apache.ratis.server.raftlog.RaftLogBase.appendEntry(RaftLogBase.java:330)
	at org.apache.ratis.server.raftlog.segmented.SegmentedRaftLog.appendImpl(SegmentedRaftLog.java:457)
	at org.apache.ratis.server.raftlog.RaftLogBase.lambda$append$11(RaftLogBase.java:337)
	at org.apache.ratis.server.raftlog.RaftLogSequentialOps$Runner.runSequentially(RaftLogSequentialOps.java:69)
	at org.apache.ratis.server.raftlog.RaftLogBase.append(RaftLogBase.java:337)
	at org.apache.ratis.server.impl.RaftServerImpl.appendEntriesAsync(RaftServerImpl.java:1567)
	at org.apache.ratis.server.impl.RaftServerImpl.appendEntriesAsync(RaftServerImpl.java:1431)
	at org.apache.ratis.server.impl.RaftServerProxy.lambda$appendEntriesAsync$26(RaftServerProxy.java:639)
	at org.apache.ratis.util.JavaUtils.callAsUnchecked(JavaUtils.java:117)
	at org.apache.ratis.server.impl.RaftServerImpl.lambda$executeSubmitServerRequestAsync$10(RaftServerImpl.java:859)
	at java.base/java.util.concurrent.CompletableFuture$AsyncSupply.run(CompletableFuture.java:1700)
	... 3 more
2023-06-29 03:37:59,837 [grpc-default-executor-11] INFO  leader.FollowerInfo (FollowerInfoImpl.java:lambda$new$0(52)) - s1@group-C92E7B86EDFC->s2: decreaseNextIndex nextIndex: updateUnconditionally 35 -> 34
2023-06-29 03:37:59,837 [grpc-default-executor-2] WARN  server.GrpcLogAppender (LogUtils.java:warn(124)) - s1@group-C92E7B86EDFC->s0-AppendLogResponseHandler: Failed appendEntries
org.apache.ratis.server.raftlog.RaftLogIOException: Log already failed at index 8 for task WriteLog:8: (t:2, i:8), STATEMACHINELOGENTRY, StateMachineLogEntryProto:377@client-E9B8430491AA
	at org.apache.ratis.server.raftlog.segmented.SegmentedRaftLogWorker.run(SegmentedRaftLogWorker.java:315)
	at java.base/java.util.concurrent.Executors$RunnableAdapter.call(Executors.java:515)
	at java.base/java.util.concurrent.FutureTask.run(FutureTask.java:264)
	at java.base/java.util.concurrent.ThreadPoolExecutor.runWorker(ThreadPoolExecutor.java:1128)
	at java.base/java.util.concurrent.ThreadPoolExecutor$Worker.run(ThreadPoolExecutor.java:628)
	at java.base/java.lang.Thread.run(Thread.java:829)
Caused by: java.io.IOException: java.lang.IllegalStateException: Null stream: entry=term: 2
index: 8
stateMachineLogEntry {
  type: DATASTREAM
  clientId: "J\000\\\302\362\322H[\226\355\351\270C\004\221\252"
  callId: 377
}

	at org.apache.ratis.util.IOUtils.asIOException(IOUtils.java:56)
	at org.apache.ratis.util.IOUtils.toIOException(IOUtils.java:61)
	at org.apache.ratis.util.IOUtils.getFromFuture(IOUtils.java:85)
	at org.apache.ratis.server.raftlog.segmented.SegmentedRaftLogWorker$StateMachineDataPolicy.getFromFuture(SegmentedRaftLogWorker.java:88)
	at org.apache.ratis.server.raftlog.segmented.SegmentedRaftLogWorker$WriteLog.execute(SegmentedRaftLogWorker.java:535)
	at org.apache.ratis.server.raftlog.segmented.SegmentedRaftLogWorker.run(SegmentedRaftLogWorker.java:303)
	... 5 more
Caused by: java.lang.IllegalStateException: Null stream: entry=term: 2
index: 8
stateMachineLogEntry {
  type: DATASTREAM
  clientId: "J\000\\\302\362\322H[\226\355\351\270C\004\221\252"
  callId: 377
}

	at org.apache.ratis.datastream.DataStreamTestUtils$MultiDataStreamStateMachine.link(DataStreamTestUtils.java:159)
	at org.apache.ratis.server.raftlog.segmented.SegmentedRaftLogWorker$WriteLog.<init>(SegmentedRaftLogWorker.java:492)
	at org.apache.ratis.server.raftlog.segmented.SegmentedRaftLogWorker.writeLogEntry(SegmentedRaftLogWorker.java:438)
	at org.apache.ratis.server.raftlog.segmented.SegmentedRaftLog.appendEntryImpl(SegmentedRaftLog.java:409)
	at org.apache.ratis.server.raftlog.RaftLogBase.lambda$appendEntry$10(RaftLogBase.java:330)
	at org.apache.ratis.server.raftlog.RaftLogSequentialOps$Runner.runSequentially(RaftLogSequentialOps.java:78)
	at org.apache.ratis.server.raftlog.RaftLogBase.appendEntry(RaftLogBase.java:330)
	at org.apache.ratis.server.raftlog.segmented.SegmentedRaftLog.appendImpl(SegmentedRaftLog.java:457)
	at org.apache.ratis.server.raftlog.RaftLogBase.lambda$append$11(RaftLogBase.java:337)
	at org.apache.ratis.server.raftlog.RaftLogSequentialOps$Runner.runSequentially(RaftLogSequentialOps.java:69)
	at org.apache.ratis.server.raftlog.RaftLogBase.append(RaftLogBase.java:337)
	at org.apache.ratis.server.impl.RaftServerImpl.appendEntriesAsync(RaftServerImpl.java:1567)
	at org.apache.ratis.server.impl.RaftServerImpl.appendEntriesAsync(RaftServerImpl.java:1431)
	at org.apache.ratis.server.impl.RaftServerProxy.lambda$appendEntriesAsync$26(RaftServerProxy.java:639)
	at org.apache.ratis.util.JavaUtils.callAsUnchecked(JavaUtils.java:117)
	at org.apache.ratis.server.impl.RaftServerImpl.lambda$executeSubmitServerRequestAsync$10(RaftServerImpl.java:859)
	at java.base/java.util.concurrent.CompletableFuture$AsyncSupply.run(CompletableFuture.java:1700)
	... 3 more
2023-06-29 03:37:59,838 [grpc-default-executor-2] INFO  leader.FollowerInfo (FollowerInfoImpl.java:lambda$new$0(52)) - s1@group-C92E7B86EDFC->s0: decreaseNextIndex nextIndex: updateUnconditionally 35 -> 34
2023-06-29 03:38:02,622 [timer0] WARN  grpc.GrpcUtil (GrpcUtil.java:shutdownManagedChannel(223)) - Timed out gracefully shutting down connection: ManagedChannelOrphanWrapper{delegate=ManagedChannelImpl{logId=2980, target=localhost:43533}}. 
2023-06-29 03:38:02,625 [s1-client-thread2] INFO  statemachine.StateMachine (DataStreamTestUtils.java:link(157)) - link null
2023-06-29 03:38:02,626 [s2-server-thread3] INFO  statemachine.StateMachine (DataStreamTestUtils.java:link(157)) - link null
2023-06-29 03:38:02,626 [s0-server-thread1] INFO  statemachine.StateMachine (DataStreamTestUtils.java:link(157)) - link null
2023-06-29 03:38:02,626 [grpc-default-executor-2] WARN  server.GrpcServerProtocolService (LogUtils.java:warn(124)) - s2: Failed APPEND_ENTRIES request s1->s2#3385-t2,previous=(t:2, i:34),leaderCommit=7,initializing? true,entries: size=1, first=(t:2, i:35), STATEMACHINELOGENTRY, 381@client-C6D65EB13F04
java.util.concurrent.CompletionException: org.apache.ratis.server.raftlog.RaftLogIOException: Log already failed at index 8 for task WriteLog:8: (t:2, i:8), STATEMACHINELOGENTRY, StateMachineLogEntryProto:377@client-E9B8430491AA
	at java.base/java.util.concurrent.CompletableFuture.encodeThrowable(CompletableFuture.java:331)
	at java.base/java.util.concurrent.CompletableFuture.completeThrowable(CompletableFuture.java:346)
	at java.base/java.util.concurrent.CompletableFuture$BiRelay.tryFire(CompletableFuture.java:1423)
	at java.base/java.util.concurrent.CompletableFuture$CoCompletion.tryFire(CompletableFuture.java:1144)
	at java.base/java.util.concurrent.CompletableFuture.postComplete(CompletableFuture.java:506)
	at java.base/java.util.concurrent.CompletableFuture.completeExceptionally(CompletableFuture.java:2088)
	at org.apache.ratis.server.raftlog.segmented.SegmentedRaftLog$Task.failed(SegmentedRaftLog.java:105)
	at org.apache.ratis.server.raftlog.segmented.SegmentedRaftLogWorker$WriteLog.failed(SegmentedRaftLogWorker.java:514)
	at org.apache.ratis.server.raftlog.segmented.SegmentedRaftLogWorker.run(SegmentedRaftLogWorker.java:312)
	at java.base/java.util.concurrent.Executors$RunnableAdapter.call(Executors.java:515)
	at java.base/java.util.concurrent.FutureTask.run(FutureTask.java:264)
	at java.base/java.util.concurrent.ThreadPoolExecutor.runWorker(ThreadPoolExecutor.java:1128)
	at java.base/java.util.concurrent.ThreadPoolExecutor$Worker.run(ThreadPoolExecutor.java:628)
	at java.base/java.lang.Thread.run(Thread.java:829)
Caused by: org.apache.ratis.server.raftlog.RaftLogIOException: Log already failed at index 8 for task WriteLog:8: (t:2, i:8), STATEMACHINELOGENTRY, StateMachineLogEntryProto:377@client-E9B8430491AA
	at org.apache.ratis.server.raftlog.segmented.SegmentedRaftLogWorker.run(SegmentedRaftLogWorker.java:315)
	... 5 more
Caused by: java.io.IOException: java.lang.IllegalStateException: Null stream: entry=term: 2
index: 8
stateMachineLogEntry {
  type: DATASTREAM
  clientId: "J\000\\\302\362\322H[\226\355\351\270C\004\221\252"
  callId: 377
}

	at org.apache.ratis.util.IOUtils.asIOException(IOUtils.java:56)
	at org.apache.ratis.util.IOUtils.toIOException(IOUtils.java:61)
	at org.apache.ratis.util.IOUtils.getFromFuture(IOUtils.java:85)
	at org.apache.ratis.server.raftlog.segmented.SegmentedRaftLogWorker$StateMachineDataPolicy.getFromFuture(SegmentedRaftLogWorker.java:88)
	at org.apache.ratis.server.raftlog.segmented.SegmentedRaftLogWorker$WriteLog.execute(SegmentedRaftLogWorker.java:535)
	at org.apache.ratis.server.raftlog.segmented.SegmentedRaftLogWorker.run(SegmentedRaftLogWorker.java:303)
	... 5 more
Caused by: java.lang.IllegalStateException: Null stream: entry=term: 2
index: 8
stateMachineLogEntry {
  type: DATASTREAM
  clientId: "J\000\\\302\362\322H[\226\355\351\270C\004\221\252"
  callId: 377
}

	at org.apache.ratis.datastream.DataStreamTestUtils$MultiDataStreamStateMachine.link(DataStreamTestUtils.java:159)
	at org.apache.ratis.server.raftlog.segmented.SegmentedRaftLogWorker$WriteLog.<init>(SegmentedRaftLogWorker.java:492)
	at org.apache.ratis.server.raftlog.segmented.SegmentedRaftLogWorker.writeLogEntry(SegmentedRaftLogWorker.java:438)
	at org.apache.ratis.server.raftlog.segmented.SegmentedRaftLog.appendEntryImpl(SegmentedRaftLog.java:409)
	at org.apache.ratis.server.raftlog.RaftLogBase.lambda$appendEntry$10(RaftLogBase.java:330)
	at org.apache.ratis.server.raftlog.RaftLogSequentialOps$Runner.runSequentially(RaftLogSequentialOps.java:78)
	at org.apache.ratis.server.raftlog.RaftLogBase.appendEntry(RaftLogBase.java:330)
	at org.apache.ratis.server.raftlog.segmented.SegmentedRaftLog.appendImpl(SegmentedRaftLog.java:457)
	at org.apache.ratis.server.raftlog.RaftLogBase.lambda$append$11(RaftLogBase.java:337)
	at org.apache.ratis.server.raftlog.RaftLogSequentialOps$Runner.runSequentially(RaftLogSequentialOps.java:69)
	at org.apache.ratis.server.raftlog.RaftLogBase.append(RaftLogBase.java:337)
	at org.apache.ratis.server.impl.RaftServerImpl.appendEntriesAsync(RaftServerImpl.java:1567)
	at org.apache.ratis.server.impl.RaftServerImpl.appendEntriesAsync(RaftServerImpl.java:1431)
	at org.apache.ratis.server.impl.RaftServerProxy.lambda$appendEntriesAsync$26(RaftServerProxy.java:639)
	at org.apache.ratis.util.JavaUtils.callAsUnchecked(JavaUtils.java:117)
	at org.apache.ratis.server.impl.RaftServerImpl.lambda$executeSubmitServerRequestAsync$10(RaftServerImpl.java:859)
	at java.base/java.util.concurrent.CompletableFuture$AsyncSupply.run(CompletableFuture.java:1700)
	... 3 more
2023-06-29 03:38:02,631 [grpc-default-executor-17] WARN  server.GrpcServerProtocolService (LogUtils.java:warn(124)) - s0: Failed APPEND_ENTRIES request s1->s0#3388-t2,previous=(t:2, i:34),leaderCommit=7,initializing? true,entries: size=1, first=(t:2, i:35), STATEMACHINELOGENTRY, 381@client-C6D65EB13F04
java.util.concurrent.CompletionException: org.apache.ratis.server.raftlog.RaftLogIOException: Log already failed at index 8 for task WriteLog:8: (t:2, i:8), STATEMACHINELOGENTRY, StateMachineLogEntryProto:377@client-E9B8430491AA
	at java.base/java.util.concurrent.CompletableFuture.encodeThrowable(CompletableFuture.java:331)
	at java.base/java.util.concurrent.CompletableFuture.completeThrowable(CompletableFuture.java:346)
	at java.base/java.util.concurrent.CompletableFuture$BiRelay.tryFire(CompletableFuture.java:1423)
	at java.base/java.util.concurrent.CompletableFuture$CoCompletion.tryFire(CompletableFuture.java:1144)
	at java.base/java.util.concurrent.CompletableFuture.postComplete(CompletableFuture.java:506)
	at java.base/java.util.concurrent.CompletableFuture.completeExceptionally(CompletableFuture.java:2088)
	at org.apache.ratis.server.raftlog.segmented.SegmentedRaftLog$Task.failed(SegmentedRaftLog.java:105)
	at org.apache.ratis.server.raftlog.segmented.SegmentedRaftLogWorker$WriteLog.failed(SegmentedRaftLogWorker.java:514)
	at org.apache.ratis.server.raftlog.segmented.SegmentedRaftLogWorker.run(SegmentedRaftLogWorker.java:312)
	at java.base/java.util.concurrent.Executors$RunnableAdapter.call(Executors.java:515)
	at java.base/java.util.concurrent.FutureTask.run(FutureTask.java:264)
	at java.base/java.util.concurrent.ThreadPoolExecutor.runWorker(ThreadPoolExecutor.java:1128)
	at java.base/java.util.concurrent.ThreadPoolExecutor$Worker.run(ThreadPoolExecutor.java:628)
	at java.base/java.lang.Thread.run(Thread.java:829)
Caused by: org.apache.ratis.server.raftlog.RaftLogIOException: Log already failed at index 8 for task WriteLog:8: (t:2, i:8), STATEMACHINELOGENTRY, StateMachineLogEntryProto:377@client-E9B8430491AA
	at org.apache.ratis.server.raftlog.segmented.SegmentedRaftLogWorker.run(SegmentedRaftLogWorker.java:315)
	... 5 more
Caused by: java.io.IOException: java.lang.IllegalStateException: Null stream: entry=term: 2
index: 8
stateMachineLogEntry {
  type: DATASTREAM
  clientId: "J\000\\\302\362\322H[\226\355\351\270C\004\221\252"
  callId: 377
}

	at org.apache.ratis.util.IOUtils.asIOException(IOUtils.java:56)
	at org.apache.ratis.util.IOUtils.toIOException(IOUtils.java:61)
	at org.apache.ratis.util.IOUtils.getFromFuture(IOUtils.java:85)
	at org.apache.ratis.server.raftlog.segmented.SegmentedRaftLogWorker$StateMachineDataPolicy.getFromFuture(SegmentedRaftLogWorker.java:88)
	at org.apache.ratis.server.raftlog.segmented.SegmentedRaftLogWorker$WriteLog.execute(SegmentedRaftLogWorker.java:535)
	at org.apache.ratis.server.raftlog.segmented.SegmentedRaftLogWorker.run(SegmentedRaftLogWorker.java:303)
	... 5 more
Caused by: java.lang.IllegalStateException: Null stream: entry=term: 2
index: 8
stateMachineLogEntry {
  type: DATASTREAM
  clientId: "J\000\\\302\362\322H[\226\355\351\270C\004\221\252"
  callId: 377
}

	at org.apache.ratis.datastream.DataStreamTestUtils$MultiDataStreamStateMachine.link(DataStreamTestUtils.java:159)
	at org.apache.ratis.server.raftlog.segmented.SegmentedRaftLogWorker$WriteLog.<init>(SegmentedRaftLogWorker.java:492)
	at org.apache.ratis.server.raftlog.segmented.SegmentedRaftLogWorker.writeLogEntry(SegmentedRaftLogWorker.java:438)
	at org.apache.ratis.server.raftlog.segmented.SegmentedRaftLog.appendEntryImpl(SegmentedRaftLog.java:409)
	at org.apache.ratis.server.raftlog.RaftLogBase.lambda$appendEntry$10(RaftLogBase.java:330)
	at org.apache.ratis.server.raftlog.RaftLogSequentialOps$Runner.runSequentially(RaftLogSequentialOps.java:78)
	at org.apache.ratis.server.raftlog.RaftLogBase.appendEntry(RaftLogBase.java:330)
	at org.apache.ratis.server.raftlog.segmented.SegmentedRaftLog.appendImpl(SegmentedRaftLog.java:457)
	at org.apache.ratis.server.raftlog.RaftLogBase.lambda$append$11(RaftLogBase.java:337)
	at org.apache.ratis.server.raftlog.RaftLogSequentialOps$Runner.runSequentially(RaftLogSequentialOps.java:69)
	at org.apache.ratis.server.raftlog.RaftLogBase.append(RaftLogBase.java:337)
	at org.apache.ratis.server.impl.RaftServerImpl.appendEntriesAsync(RaftServerImpl.java:1567)
	at org.apache.ratis.server.impl.RaftServerImpl.appendEntriesAsync(RaftServerImpl.java:1431)
	at org.apache.ratis.server.impl.RaftServerProxy.lambda$appendEntriesAsync$26(RaftServerProxy.java:639)
	at org.apache.ratis.util.JavaUtils.callAsUnchecked(JavaUtils.java:117)
	at org.apache.ratis.server.impl.RaftServerImpl.lambda$executeSubmitServerRequestAsync$10(RaftServerImpl.java:859)
	at java.base/java.util.concurrent.CompletableFuture$AsyncSupply.run(CompletableFuture.java:1700)
	... 3 more
2023-06-29 03:38:02,637 [grpc-default-executor-17] WARN  server.GrpcLogAppender (LogUtils.java:warn(124)) - s1@group-C92E7B86EDFC->s0-AppendLogResponseHandler: Failed appendEntries
org.apache.ratis.server.raftlog.RaftLogIOException: Log already failed at index 8 for task WriteLog:8: (t:2, i:8), STATEMACHINELOGENTRY, StateMachineLogEntryProto:377@client-E9B8430491AA
	at org.apache.ratis.server.raftlog.segmented.SegmentedRaftLogWorker.run(SegmentedRaftLogWorker.java:315)
	at java.base/java.util.concurrent.Executors$RunnableAdapter.call(Executors.java:515)
	at java.base/java.util.concurrent.FutureTask.run(FutureTask.java:264)
	at java.base/java.util.concurrent.ThreadPoolExecutor.runWorker(ThreadPoolExecutor.java:1128)
	at java.base/java.util.concurrent.ThreadPoolExecutor$Worker.run(ThreadPoolExecutor.java:628)
	at java.base/java.lang.Thread.run(Thread.java:829)
Caused by: java.io.IOException: java.lang.IllegalStateException: Null stream: entry=term: 2
index: 8
stateMachineLogEntry {
  type: DATASTREAM
  clientId: "J\000\\\302\362\322H[\226\355\351\270C\004\221\252"
  callId: 377
}

	at org.apache.ratis.util.IOUtils.asIOException(IOUtils.java:56)
	at org.apache.ratis.util.IOUtils.toIOException(IOUtils.java:61)
	at org.apache.ratis.util.IOUtils.getFromFuture(IOUtils.java:85)
	at org.apache.ratis.server.raftlog.segmented.SegmentedRaftLogWorker$StateMachineDataPolicy.getFromFuture(SegmentedRaftLogWorker.java:88)
	at org.apache.ratis.server.raftlog.segmented.SegmentedRaftLogWorker$WriteLog.execute(SegmentedRaftLogWorker.java:535)
	at org.apache.ratis.server.raftlog.segmented.SegmentedRaftLogWorker.run(SegmentedRaftLogWorker.java:303)
	... 5 more
Caused by: java.lang.IllegalStateException: Null stream: entry=term: 2
index: 8
stateMachineLogEntry {
  type: DATASTREAM
  clientId: "J\000\\\302\362\322H[\226\355\351\270C\004\221\252"
  callId: 377
}

	at org.apache.ratis.datastream.DataStreamTestUtils$MultiDataStreamStateMachine.link(DataStreamTestUtils.java:159)
	at org.apache.ratis.server.raftlog.segmented.SegmentedRaftLogWorker$WriteLog.<init>(SegmentedRaftLogWorker.java:492)
	at org.apache.ratis.server.raftlog.segmented.SegmentedRaftLogWorker.writeLogEntry(SegmentedRaftLogWorker.java:438)
	at org.apache.ratis.server.raftlog.segmented.SegmentedRaftLog.appendEntryImpl(SegmentedRaftLog.java:409)
	at org.apache.ratis.server.raftlog.RaftLogBase.lambda$appendEntry$10(RaftLogBase.java:330)
	at org.apache.ratis.server.raftlog.RaftLogSequentialOps$Runner.runSequentially(RaftLogSequentialOps.java:78)
	at org.apache.ratis.server.raftlog.RaftLogBase.appendEntry(RaftLogBase.java:330)
	at org.apache.ratis.server.raftlog.segmented.SegmentedRaftLog.appendImpl(SegmentedRaftLog.java:457)
	at org.apache.ratis.server.raftlog.RaftLogBase.lambda$append$11(RaftLogBase.java:337)
	at org.apache.ratis.server.raftlog.RaftLogSequentialOps$Runner.runSequentially(RaftLogSequentialOps.java:69)
	at org.apache.ratis.server.raftlog.RaftLogBase.append(RaftLogBase.java:337)
	at org.apache.ratis.server.impl.RaftServerImpl.appendEntriesAsync(RaftServerImpl.java:1567)
	at org.apache.ratis.server.impl.RaftServerImpl.appendEntriesAsync(RaftServerImpl.java:1431)
	at org.apache.ratis.server.impl.RaftServerProxy.lambda$appendEntriesAsync$26(RaftServerProxy.java:639)
	at org.apache.ratis.util.JavaUtils.callAsUnchecked(JavaUtils.java:117)
	at org.apache.ratis.server.impl.RaftServerImpl.lambda$executeSubmitServerRequestAsync$10(RaftServerImpl.java:859)
	at java.base/java.util.concurrent.CompletableFuture$AsyncSupply.run(CompletableFuture.java:1700)
	... 3 more
2023-06-29 03:38:02,637 [grpc-default-executor-17] INFO  leader.FollowerInfo (FollowerInfoImpl.java:lambda$new$0(52)) - s1@group-C92E7B86EDFC->s0: decreaseNextIndex nextIndex: updateUnconditionally 36 -> 35
2023-06-29 03:38:02,638 [grpc-default-executor-2] WARN  server.GrpcLogAppender (LogUtils.java:warn(124)) - s1@group-C92E7B86EDFC->s2-AppendLogResponseHandler: Failed appendEntries
org.apache.ratis.server.raftlog.RaftLogIOException: Log already failed at index 8 for task WriteLog:8: (t:2, i:8), STATEMACHINELOGENTRY, StateMachineLogEntryProto:377@client-E9B8430491AA
	at org.apache.ratis.server.raftlog.segmented.SegmentedRaftLogWorker.run(SegmentedRaftLogWorker.java:315)
	at java.base/java.util.concurrent.Executors$RunnableAdapter.call(Executors.java:515)
	at java.base/java.util.concurrent.FutureTask.run(FutureTask.java:264)
	at java.base/java.util.concurrent.ThreadPoolExecutor.runWorker(ThreadPoolExecutor.java:1128)
	at java.base/java.util.concurrent.ThreadPoolExecutor$Worker.run(ThreadPoolExecutor.java:628)
	at java.base/java.lang.Thread.run(Thread.java:829)
Caused by: java.io.IOException: java.lang.IllegalStateException: Null stream: entry=term: 2
index: 8
stateMachineLogEntry {
  type: DATASTREAM
  clientId: "J\000\\\302\362\322H[\226\355\351\270C\004\221\252"
  callId: 377
}

	at org.apache.ratis.util.IOUtils.asIOException(IOUtils.java:56)
	at org.apache.ratis.util.IOUtils.toIOException(IOUtils.java:61)
	at org.apache.ratis.util.IOUtils.getFromFuture(IOUtils.java:85)
	at org.apache.ratis.server.raftlog.segmented.SegmentedRaftLogWorker$StateMachineDataPolicy.getFromFuture(SegmentedRaftLogWorker.java:88)
	at org.apache.ratis.server.raftlog.segmented.SegmentedRaftLogWorker$WriteLog.execute(SegmentedRaftLogWorker.java:535)
	at org.apache.ratis.server.raftlog.segmented.SegmentedRaftLogWorker.run(SegmentedRaftLogWorker.java:303)
	... 5 more
Caused by: java.lang.IllegalStateException: Null stream: entry=term: 2
index: 8
stateMachineLogEntry {
  type: DATASTREAM
  clientId: "J\000\\\302\362\322H[\226\355\351\270C\004\221\252"
  callId: 377
}

	at org.apache.ratis.datastream.DataStreamTestUtils$MultiDataStreamStateMachine.link(DataStreamTestUtils.java:159)
	at org.apache.ratis.server.raftlog.segmented.SegmentedRaftLogWorker$WriteLog.<init>(SegmentedRaftLogWorker.java:492)
	at org.apache.ratis.server.raftlog.segmented.SegmentedRaftLogWorker.writeLogEntry(SegmentedRaftLogWorker.java:438)
	at org.apache.ratis.server.raftlog.segmented.SegmentedRaftLog.appendEntryImpl(SegmentedRaftLog.java:409)
	at org.apache.ratis.server.raftlog.RaftLogBase.lambda$appendEntry$10(RaftLogBase.java:330)
	at org.apache.ratis.server.raftlog.RaftLogSequentialOps$Runner.runSequentially(RaftLogSequentialOps.java:78)
	at org.apache.ratis.server.raftlog.RaftLogBase.appendEntry(RaftLogBase.java:330)
	at org.apache.ratis.server.raftlog.segmented.SegmentedRaftLog.appendImpl(SegmentedRaftLog.java:457)
	at org.apache.ratis.server.raftlog.RaftLogBase.lambda$append$11(RaftLogBase.java:337)
	at org.apache.ratis.server.raftlog.RaftLogSequentialOps$Runner.runSequentially(RaftLogSequentialOps.java:69)
	at org.apache.ratis.server.raftlog.RaftLogBase.append(RaftLogBase.java:337)
	at org.apache.ratis.server.impl.RaftServerImpl.appendEntriesAsync(RaftServerImpl.java:1567)
	at org.apache.ratis.server.impl.RaftServerImpl.appendEntriesAsync(RaftServerImpl.java:1431)
	at org.apache.ratis.server.impl.RaftServerProxy.lambda$appendEntriesAsync$26(RaftServerProxy.java:639)
	at org.apache.ratis.util.JavaUtils.callAsUnchecked(JavaUtils.java:117)
	at org.apache.ratis.server.impl.RaftServerImpl.lambda$executeSubmitServerRequestAsync$10(RaftServerImpl.java:859)
	at java.base/java.util.concurrent.CompletableFuture$AsyncSupply.run(CompletableFuture.java:1700)
	... 3 more
2023-06-29 03:38:02,638 [grpc-default-executor-2] INFO  leader.FollowerInfo (FollowerInfoImpl.java:lambda$new$0(52)) - s1@group-C92E7B86EDFC->s2: decreaseNextIndex nextIndex: updateUnconditionally 36 -> 35
2023-06-29 03:38:02,732 [timer2] WARN  grpc.GrpcUtil (GrpcUtil.java:shutdownManagedChannel(223)) - Timed out gracefully shutting down connection: ManagedChannelOrphanWrapper{delegate=ManagedChannelImpl{logId=2959, target=localhost:43533}}. 
2023-06-29 03:38:05,104 [Timer-2] INFO  impl.MiniRaftCluster (MiniRaftCluster.java:lambda$start$6(349)) - TIMED-PRINT: printing ALL groups
  s0:  RUNNING  FOLLOWER s0@group-C92E7B86EDFC:t2, leader=s1, voted=null, raftlog=Memoized:s0@group-C92E7B86EDFC-SegmentedRaftLog:OPENED:c7, conf=6: peers:[s0|rpc:localhost:46689|admin:localhost:46779|client:localhost:37871|dataStream:localhost:46501|priority:0|startupRole:FOLLOWER, s1|rpc:localhost:37585|admin:localhost:35007|client:localhost:43533|dataStream:localhost:44315|priority:0|startupRole:FOLLOWER, s2|rpc:localhost:34717|admin:localhost:33013|client:localhost:41383|dataStream:localhost:35135|priority:0|startupRole:FOLLOWER]|listeners:[], old=null RUNNING
  s1:  RUNNING    LEADER s1@group-C92E7B86EDFC:t2, leader=s1, voted=s1, raftlog=Memoized:s1@group-C92E7B86EDFC-SegmentedRaftLog:OPENED:c7, conf=6: peers:[s0|rpc:localhost:46689|admin:localhost:46779|client:localhost:37871|dataStream:localhost:46501|priority:0|startupRole:FOLLOWER, s1|rpc:localhost:37585|admin:localhost:35007|client:localhost:43533|dataStream:localhost:44315|priority:0|startupRole:FOLLOWER, s2|rpc:localhost:34717|admin:localhost:33013|client:localhost:41383|dataStream:localhost:35135|priority:0|startupRole:FOLLOWER]|listeners:[], old=null RUNNING
  s2:  RUNNING  FOLLOWER s2@group-C92E7B86EDFC:t2, leader=s1, voted=s1, raftlog=Memoized:s2@group-C92E7B86EDFC-SegmentedRaftLog:OPENED:c7, conf=6: peers:[s0|rpc:localhost:46689|admin:localhost:46779|client:localhost:37871|dataStream:localhost:46501|priority:0|startupRole:FOLLOWER, s1|rpc:localhost:37585|admin:localhost:35007|client:localhost:43533|dataStream:localhost:44315|priority:0|startupRole:FOLLOWER, s2|rpc:localhost:34717|admin:localhost:33013|client:localhost:41383|dataStream:localhost:35135|priority:0|startupRole:FOLLOWER]|listeners:[], old=null RUNNING
2023-06-29 03:38:05,624 [timer0] WARN  grpc.GrpcUtil (GrpcUtil.java:shutdownManagedChannel(223)) - Timed out gracefully shutting down connection: ManagedChannelOrphanWrapper{delegate=ManagedChannelImpl{logId=2994, target=localhost:43533}}. 
2023-06-29 03:38:05,729 [timer5] WARN  grpc.GrpcUtil (GrpcUtil.java:shutdownManagedChannel(223)) - Timed out gracefully shutting down connection: ManagedChannelOrphanWrapper{delegate=ManagedChannelImpl{logId=3008, target=localhost:43533}}. 
2023-06-29 03:38:05,731 [s1-client-thread2] INFO  statemachine.StateMachine (DataStreamTestUtils.java:link(157)) - link null
2023-06-29 03:38:05,732 [s0-server-thread1] INFO  statemachine.StateMachine (DataStreamTestUtils.java:link(157)) - link null
2023-06-29 03:38:05,732 [grpc-default-executor-16] WARN  server.GrpcServerProtocolService (LogUtils.java:warn(124)) - s0: Failed APPEND_ENTRIES request s1->s0#3431-t2,previous=(t:2, i:35),leaderCommit=7,initializing? true,entries: size=1, first=(t:2, i:36), STATEMACHINELOGENTRY, 376@client-EBEB1F61990C
java.util.concurrent.CompletionException: org.apache.ratis.server.raftlog.RaftLogIOException: Log already failed at index 8 for task WriteLog:8: (t:2, i:8), STATEMACHINELOGENTRY, StateMachineLogEntryProto:377@client-E9B8430491AA
	at java.base/java.util.concurrent.CompletableFuture.encodeThrowable(CompletableFuture.java:331)
	at java.base/java.util.concurrent.CompletableFuture.completeThrowable(CompletableFuture.java:346)
	at java.base/java.util.concurrent.CompletableFuture$BiRelay.tryFire(CompletableFuture.java:1423)
	at java.base/java.util.concurrent.CompletableFuture$CoCompletion.tryFire(CompletableFuture.java:1144)
	at java.base/java.util.concurrent.CompletableFuture.postComplete(CompletableFuture.java:506)
	at java.base/java.util.concurrent.CompletableFuture.completeExceptionally(CompletableFuture.java:2088)
	at org.apache.ratis.server.raftlog.segmented.SegmentedRaftLog$Task.failed(SegmentedRaftLog.java:105)
	at org.apache.ratis.server.raftlog.segmented.SegmentedRaftLogWorker$WriteLog.failed(SegmentedRaftLogWorker.java:514)
	at org.apache.ratis.server.raftlog.segmented.SegmentedRaftLogWorker.run(SegmentedRaftLogWorker.java:312)
	at java.base/java.util.concurrent.Executors$RunnableAdapter.call(Executors.java:515)
	at java.base/java.util.concurrent.FutureTask.run(FutureTask.java:264)
	at java.base/java.util.concurrent.ThreadPoolExecutor.runWorker(ThreadPoolExecutor.java:1128)
	at java.base/java.util.concurrent.ThreadPoolExecutor$Worker.run(ThreadPoolExecutor.java:628)
	at java.base/java.lang.Thread.run(Thread.java:829)
Caused by: org.apache.ratis.server.raftlog.RaftLogIOException: Log already failed at index 8 for task WriteLog:8: (t:2, i:8), STATEMACHINELOGENTRY, StateMachineLogEntryProto:377@client-E9B8430491AA
	at org.apache.ratis.server.raftlog.segmented.SegmentedRaftLogWorker.run(SegmentedRaftLogWorker.java:315)
	... 5 more
Caused by: java.io.IOException: java.lang.IllegalStateException: Null stream: entry=term: 2
index: 8
stateMachineLogEntry {
  type: DATASTREAM
  clientId: "J\000\\\302\362\322H[\226\355\351\270C\004\221\252"
  callId: 377
}

	at org.apache.ratis.util.IOUtils.asIOException(IOUtils.java:56)
	at org.apache.ratis.util.IOUtils.toIOException(IOUtils.java:61)
	at org.apache.ratis.util.IOUtils.getFromFuture(IOUtils.java:85)
	at org.apache.ratis.server.raftlog.segmented.SegmentedRaftLogWorker$StateMachineDataPolicy.getFromFuture(SegmentedRaftLogWorker.java:88)
	at org.apache.ratis.server.raftlog.segmented.SegmentedRaftLogWorker$WriteLog.execute(SegmentedRaftLogWorker.java:535)
	at org.apache.ratis.server.raftlog.segmented.SegmentedRaftLogWorker.run(SegmentedRaftLogWorker.java:303)
	... 5 more
Caused by: java.lang.IllegalStateException: Null stream: entry=term: 2
index: 8
stateMachineLogEntry {
  type: DATASTREAM
  clientId: "J\000\\\302\362\322H[\226\355\351\270C\004\221\252"
  callId: 377
}

	at org.apache.ratis.datastream.DataStreamTestUtils$MultiDataStreamStateMachine.link(DataStreamTestUtils.java:159)
	at org.apache.ratis.server.raftlog.segmented.SegmentedRaftLogWorker$WriteLog.<init>(SegmentedRaftLogWorker.java:492)
	at org.apache.ratis.server.raftlog.segmented.SegmentedRaftLogWorker.writeLogEntry(SegmentedRaftLogWorker.java:438)
	at org.apache.ratis.server.raftlog.segmented.SegmentedRaftLog.appendEntryImpl(SegmentedRaftLog.java:409)
	at org.apache.ratis.server.raftlog.RaftLogBase.lambda$appendEntry$10(RaftLogBase.java:330)
	at org.apache.ratis.server.raftlog.RaftLogSequentialOps$Runner.runSequentially(RaftLogSequentialOps.java:78)
	at org.apache.ratis.server.raftlog.RaftLogBase.appendEntry(RaftLogBase.java:330)
	at org.apache.ratis.server.raftlog.segmented.SegmentedRaftLog.appendImpl(SegmentedRaftLog.java:457)
	at org.apache.ratis.server.raftlog.RaftLogBase.lambda$append$11(RaftLogBase.java:337)
	at org.apache.ratis.server.raftlog.RaftLogSequentialOps$Runner.runSequentially(RaftLogSequentialOps.java:69)
	at org.apache.ratis.server.raftlog.RaftLogBase.append(RaftLogBase.java:337)
	at org.apache.ratis.server.impl.RaftServerImpl.appendEntriesAsync(RaftServerImpl.java:1567)
	at org.apache.ratis.server.impl.RaftServerImpl.appendEntriesAsync(RaftServerImpl.java:1431)
	at org.apache.ratis.server.impl.RaftServerProxy.lambda$appendEntriesAsync$26(RaftServerProxy.java:639)
	at org.apache.ratis.util.JavaUtils.callAsUnchecked(JavaUtils.java:117)
	at org.apache.ratis.server.impl.RaftServerImpl.lambda$executeSubmitServerRequestAsync$10(RaftServerImpl.java:859)
	at java.base/java.util.concurrent.CompletableFuture$AsyncSupply.run(CompletableFuture.java:1700)
	... 3 more
2023-06-29 03:38:05,734 [s2-server-thread3] INFO  statemachine.StateMachine (DataStreamTestUtils.java:link(157)) - link null
2023-06-29 03:38:05,735 [grpc-default-executor-2] WARN  server.GrpcServerProtocolService (LogUtils.java:warn(124)) - s2: Failed APPEND_ENTRIES request s1->s2#3428-t2,previous=(t:2, i:35),leaderCommit=7,initializing? true,entries: size=1, first=(t:2, i:36), STATEMACHINELOGENTRY, 376@client-EBEB1F61990C
java.util.concurrent.CompletionException: org.apache.ratis.server.raftlog.RaftLogIOException: Log already failed at index 8 for task WriteLog:8: (t:2, i:8), STATEMACHINELOGENTRY, StateMachineLogEntryProto:377@client-E9B8430491AA
	at java.base/java.util.concurrent.CompletableFuture.encodeThrowable(CompletableFuture.java:331)
	at java.base/java.util.concurrent.CompletableFuture.completeThrowable(CompletableFuture.java:346)
	at java.base/java.util.concurrent.CompletableFuture$BiRelay.tryFire(CompletableFuture.java:1423)
	at java.base/java.util.concurrent.CompletableFuture$CoCompletion.tryFire(CompletableFuture.java:1144)
	at java.base/java.util.concurrent.CompletableFuture.postComplete(CompletableFuture.java:506)
	at java.base/java.util.concurrent.CompletableFuture.completeExceptionally(CompletableFuture.java:2088)
	at org.apache.ratis.server.raftlog.segmented.SegmentedRaftLog$Task.failed(SegmentedRaftLog.java:105)
	at org.apache.ratis.server.raftlog.segmented.SegmentedRaftLogWorker$WriteLog.failed(SegmentedRaftLogWorker.java:514)
	at org.apache.ratis.server.raftlog.segmented.SegmentedRaftLogWorker.run(SegmentedRaftLogWorker.java:312)
	at java.base/java.util.concurrent.Executors$RunnableAdapter.call(Executors.java:515)
	at java.base/java.util.concurrent.FutureTask.run(FutureTask.java:264)
	at java.base/java.util.concurrent.ThreadPoolExecutor.runWorker(ThreadPoolExecutor.java:1128)
	at java.base/java.util.concurrent.ThreadPoolExecutor$Worker.run(ThreadPoolExecutor.java:628)
	at java.base/java.lang.Thread.run(Thread.java:829)
Caused by: org.apache.ratis.server.raftlog.RaftLogIOException: Log already failed at index 8 for task WriteLog:8: (t:2, i:8), STATEMACHINELOGENTRY, StateMachineLogEntryProto:377@client-E9B8430491AA
	at org.apache.ratis.server.raftlog.segmented.SegmentedRaftLogWorker.run(SegmentedRaftLogWorker.java:315)
	... 5 more
Caused by: java.io.IOException: java.lang.IllegalStateException: Null stream: entry=term: 2
index: 8
stateMachineLogEntry {
  type: DATASTREAM
  clientId: "J\000\\\302\362\322H[\226\355\351\270C\004\221\252"
  callId: 377
}

	at org.apache.ratis.util.IOUtils.asIOException(IOUtils.java:56)
	at org.apache.ratis.util.IOUtils.toIOException(IOUtils.java:61)
	at org.apache.ratis.util.IOUtils.getFromFuture(IOUtils.java:85)
	at org.apache.ratis.server.raftlog.segmented.SegmentedRaftLogWorker$StateMachineDataPolicy.getFromFuture(SegmentedRaftLogWorker.java:88)
	at org.apache.ratis.server.raftlog.segmented.SegmentedRaftLogWorker$WriteLog.execute(SegmentedRaftLogWorker.java:535)
	at org.apache.ratis.server.raftlog.segmented.SegmentedRaftLogWorker.run(SegmentedRaftLogWorker.java:303)
	... 5 more
Caused by: java.lang.IllegalStateException: Null stream: entry=term: 2
index: 8
stateMachineLogEntry {
  type: DATASTREAM
  clientId: "J\000\\\302\362\322H[\226\355\351\270C\004\221\252"
  callId: 377
}

	at org.apache.ratis.datastream.DataStreamTestUtils$MultiDataStreamStateMachine.link(DataStreamTestUtils.java:159)
	at org.apache.ratis.server.raftlog.segmented.SegmentedRaftLogWorker$WriteLog.<init>(SegmentedRaftLogWorker.java:492)
	at org.apache.ratis.server.raftlog.segmented.SegmentedRaftLogWorker.writeLogEntry(SegmentedRaftLogWorker.java:438)
	at org.apache.ratis.server.raftlog.segmented.SegmentedRaftLog.appendEntryImpl(SegmentedRaftLog.java:409)
	at org.apache.ratis.server.raftlog.RaftLogBase.lambda$appendEntry$10(RaftLogBase.java:330)
	at org.apache.ratis.server.raftlog.RaftLogSequentialOps$Runner.runSequentially(RaftLogSequentialOps.java:78)
	at org.apache.ratis.server.raftlog.RaftLogBase.appendEntry(RaftLogBase.java:330)
	at org.apache.ratis.server.raftlog.segmented.SegmentedRaftLog.appendImpl(SegmentedRaftLog.java:457)
	at org.apache.ratis.server.raftlog.RaftLogBase.lambda$append$11(RaftLogBase.java:337)
	at org.apache.ratis.server.raftlog.RaftLogSequentialOps$Runner.runSequentially(RaftLogSequentialOps.java:69)
	at org.apache.ratis.server.raftlog.RaftLogBase.append(RaftLogBase.java:337)
	at org.apache.ratis.server.impl.RaftServerImpl.appendEntriesAsync(RaftServerImpl.java:1567)
	at org.apache.ratis.server.impl.RaftServerImpl.appendEntriesAsync(RaftServerImpl.java:1431)
	at org.apache.ratis.server.impl.RaftServerProxy.lambda$appendEntriesAsync$26(RaftServerProxy.java:639)
	at org.apache.ratis.util.JavaUtils.callAsUnchecked(JavaUtils.java:117)
	at org.apache.ratis.server.impl.RaftServerImpl.lambda$executeSubmitServerRequestAsync$10(RaftServerImpl.java:859)
	at java.base/java.util.concurrent.CompletableFuture$AsyncSupply.run(CompletableFuture.java:1700)
	... 3 more
2023-06-29 03:38:05,737 [grpc-default-executor-16] WARN  server.GrpcLogAppender (LogUtils.java:warn(124)) - s1@group-C92E7B86EDFC->s0-AppendLogResponseHandler: Failed appendEntries
org.apache.ratis.server.raftlog.RaftLogIOException: Log already failed at index 8 for task WriteLog:8: (t:2, i:8), STATEMACHINELOGENTRY, StateMachineLogEntryProto:377@client-E9B8430491AA
	at org.apache.ratis.server.raftlog.segmented.SegmentedRaftLogWorker.run(SegmentedRaftLogWorker.java:315)
	at java.base/java.util.concurrent.Executors$RunnableAdapter.call(Executors.java:515)
	at java.base/java.util.concurrent.FutureTask.run(FutureTask.java:264)
	at java.base/java.util.concurrent.ThreadPoolExecutor.runWorker(ThreadPoolExecutor.java:1128)
	at java.base/java.util.concurrent.ThreadPoolExecutor$Worker.run(ThreadPoolExecutor.java:628)
	at java.base/java.lang.Thread.run(Thread.java:829)
Caused by: java.io.IOException: java.lang.IllegalStateException: Null stream: entry=term: 2
index: 8
stateMachineLogEntry {
  type: DATASTREAM
  clientId: "J\000\\\302\362\322H[\226\355\351\270C\004\221\252"
  callId: 377
}

	at org.apache.ratis.util.IOUtils.asIOException(IOUtils.java:56)
	at org.apache.ratis.util.IOUtils.toIOException(IOUtils.java:61)
	at org.apache.ratis.util.IOUtils.getFromFuture(IOUtils.java:85)
	at org.apache.ratis.server.raftlog.segmented.SegmentedRaftLogWorker$StateMachineDataPolicy.getFromFuture(SegmentedRaftLogWorker.java:88)
	at org.apache.ratis.server.raftlog.segmented.SegmentedRaftLogWorker$WriteLog.execute(SegmentedRaftLogWorker.java:535)
	at org.apache.ratis.server.raftlog.segmented.SegmentedRaftLogWorker.run(SegmentedRaftLogWorker.java:303)
	... 5 more
Caused by: java.lang.IllegalStateException: Null stream: entry=term: 2
index: 8
stateMachineLogEntry {
  type: DATASTREAM
  clientId: "J\000\\\302\362\322H[\226\355\351\270C\004\221\252"
  callId: 377
}

	at org.apache.ratis.datastream.DataStreamTestUtils$MultiDataStreamStateMachine.link(DataStreamTestUtils.java:159)
	at org.apache.ratis.server.raftlog.segmented.SegmentedRaftLogWorker$WriteLog.<init>(SegmentedRaftLogWorker.java:492)
	at org.apache.ratis.server.raftlog.segmented.SegmentedRaftLogWorker.writeLogEntry(SegmentedRaftLogWorker.java:438)
	at org.apache.ratis.server.raftlog.segmented.SegmentedRaftLog.appendEntryImpl(SegmentedRaftLog.java:409)
	at org.apache.ratis.server.raftlog.RaftLogBase.lambda$appendEntry$10(RaftLogBase.java:330)
	at org.apache.ratis.server.raftlog.RaftLogSequentialOps$Runner.runSequentially(RaftLogSequentialOps.java:78)
	at org.apache.ratis.server.raftlog.RaftLogBase.appendEntry(RaftLogBase.java:330)
	at org.apache.ratis.server.raftlog.segmented.SegmentedRaftLog.appendImpl(SegmentedRaftLog.java:457)
	at org.apache.ratis.server.raftlog.RaftLogBase.lambda$append$11(RaftLogBase.java:337)
	at org.apache.ratis.server.raftlog.RaftLogSequentialOps$Runner.runSequentially(RaftLogSequentialOps.java:69)
	at org.apache.ratis.server.raftlog.RaftLogBase.append(RaftLogBase.java:337)
	at org.apache.ratis.server.impl.RaftServerImpl.appendEntriesAsync(RaftServerImpl.java:1567)
	at org.apache.ratis.server.impl.RaftServerImpl.appendEntriesAsync(RaftServerImpl.java:1431)
	at org.apache.ratis.server.impl.RaftServerProxy.lambda$appendEntriesAsync$26(RaftServerProxy.java:639)
	at org.apache.ratis.util.JavaUtils.callAsUnchecked(JavaUtils.java:117)
	at org.apache.ratis.server.impl.RaftServerImpl.lambda$executeSubmitServerRequestAsync$10(RaftServerImpl.java:859)
	at java.base/java.util.concurrent.CompletableFuture$AsyncSupply.run(CompletableFuture.java:1700)
	... 3 more
2023-06-29 03:38:05,737 [grpc-default-executor-16] INFO  leader.FollowerInfo (FollowerInfoImpl.java:lambda$new$0(52)) - s1@group-C92E7B86EDFC->s0: decreaseNextIndex nextIndex: updateUnconditionally 37 -> 36
2023-06-29 03:38:05,741 [grpc-default-executor-2] WARN  server.GrpcLogAppender (LogUtils.java:warn(124)) - s1@group-C92E7B86EDFC->s2-AppendLogResponseHandler: Failed appendEntries
org.apache.ratis.server.raftlog.RaftLogIOException: Log already failed at index 8 for task WriteLog:8: (t:2, i:8), STATEMACHINELOGENTRY, StateMachineLogEntryProto:377@client-E9B8430491AA
	at org.apache.ratis.server.raftlog.segmented.SegmentedRaftLogWorker.run(SegmentedRaftLogWorker.java:315)
	at java.base/java.util.concurrent.Executors$RunnableAdapter.call(Executors.java:515)
	at java.base/java.util.concurrent.FutureTask.run(FutureTask.java:264)
	at java.base/java.util.concurrent.ThreadPoolExecutor.runWorker(ThreadPoolExecutor.java:1128)
	at java.base/java.util.concurrent.ThreadPoolExecutor$Worker.run(ThreadPoolExecutor.java:628)
	at java.base/java.lang.Thread.run(Thread.java:829)
Caused by: java.io.IOException: java.lang.IllegalStateException: Null stream: entry=term: 2
index: 8
stateMachineLogEntry {
  type: DATASTREAM
  clientId: "J\000\\\302\362\322H[\226\355\351\270C\004\221\252"
  callId: 377
}

	at org.apache.ratis.util.IOUtils.asIOException(IOUtils.java:56)
	at org.apache.ratis.util.IOUtils.toIOException(IOUtils.java:61)
	at org.apache.ratis.util.IOUtils.getFromFuture(IOUtils.java:85)
	at org.apache.ratis.server.raftlog.segmented.SegmentedRaftLogWorker$StateMachineDataPolicy.getFromFuture(SegmentedRaftLogWorker.java:88)
	at org.apache.ratis.server.raftlog.segmented.SegmentedRaftLogWorker$WriteLog.execute(SegmentedRaftLogWorker.java:535)
	at org.apache.ratis.server.raftlog.segmented.SegmentedRaftLogWorker.run(SegmentedRaftLogWorker.java:303)
	... 5 more
Caused by: java.lang.IllegalStateException: Null stream: entry=term: 2
index: 8
stateMachineLogEntry {
  type: DATASTREAM
  clientId: "J\000\\\302\362\322H[\226\355\351\270C\004\221\252"
  callId: 377
}

	at org.apache.ratis.datastream.DataStreamTestUtils$MultiDataStreamStateMachine.link(DataStreamTestUtils.java:159)
	at org.apache.ratis.server.raftlog.segmented.SegmentedRaftLogWorker$WriteLog.<init>(SegmentedRaftLogWorker.java:492)
	at org.apache.ratis.server.raftlog.segmented.SegmentedRaftLogWorker.writeLogEntry(SegmentedRaftLogWorker.java:438)
	at org.apache.ratis.server.raftlog.segmented.SegmentedRaftLog.appendEntryImpl(SegmentedRaftLog.java:409)
	at org.apache.ratis.server.raftlog.RaftLogBase.lambda$appendEntry$10(RaftLogBase.java:330)
	at org.apache.ratis.server.raftlog.RaftLogSequentialOps$Runner.runSequentially(RaftLogSequentialOps.java:78)
	at org.apache.ratis.server.raftlog.RaftLogBase.appendEntry(RaftLogBase.java:330)
	at org.apache.ratis.server.raftlog.segmented.SegmentedRaftLog.appendImpl(SegmentedRaftLog.java:457)
	at org.apache.ratis.server.raftlog.RaftLogBase.lambda$append$11(RaftLogBase.java:337)
	at org.apache.ratis.server.raftlog.RaftLogSequentialOps$Runner.runSequentially(RaftLogSequentialOps.java:69)
	at org.apache.ratis.server.raftlog.RaftLogBase.append(RaftLogBase.java:337)
	at org.apache.ratis.server.impl.RaftServerImpl.appendEntriesAsync(RaftServerImpl.java:1567)
	at org.apache.ratis.server.impl.RaftServerImpl.appendEntriesAsync(RaftServerImpl.java:1431)
	at org.apache.ratis.server.impl.RaftServerProxy.lambda$appendEntriesAsync$26(RaftServerProxy.java:639)
	at org.apache.ratis.util.JavaUtils.callAsUnchecked(JavaUtils.java:117)
	at org.apache.ratis.server.impl.RaftServerImpl.lambda$executeSubmitServerRequestAsync$10(RaftServerImpl.java:859)
	at java.base/java.util.concurrent.CompletableFuture$AsyncSupply.run(CompletableFuture.java:1700)
	... 3 more
2023-06-29 03:38:05,741 [grpc-default-executor-2] INFO  leader.FollowerInfo (FollowerInfoImpl.java:lambda$new$0(52)) - s1@group-C92E7B86EDFC->s2: decreaseNextIndex nextIndex: updateUnconditionally 37 -> 36
2023-06-29 03:38:05,829 [timer6] WARN  grpc.GrpcUtil (GrpcUtil.java:shutdownManagedChannel(223)) - Timed out gracefully shutting down connection: ManagedChannelOrphanWrapper{delegate=ManagedChannelImpl{logId=3022, target=localhost:43533}}. 
2023-06-29 03:38:08,625 [timer0] WARN  grpc.GrpcUtil (GrpcUtil.java:shutdownManagedChannel(223)) - Timed out gracefully shutting down connection: ManagedChannelOrphanWrapper{delegate=ManagedChannelImpl{logId=3036, target=localhost:43533}}. 
2023-06-29 03:38:08,728 [timer4] WARN  grpc.GrpcUtil (GrpcUtil.java:shutdownManagedChannel(223)) - Timed out gracefully shutting down connection: ManagedChannelOrphanWrapper{delegate=ManagedChannelImpl{logId=3050, target=localhost:43533}}. 
2023-06-29 03:38:11,626 [timer0] WARN  grpc.GrpcUtil (GrpcUtil.java:shutdownManagedChannel(223)) - Timed out gracefully shutting down connection: ManagedChannelOrphanWrapper{delegate=ManagedChannelImpl{logId=3064, target=localhost:43533}}. 
2023-06-29 03:38:11,730 [timer4] WARN  grpc.GrpcUtil (GrpcUtil.java:shutdownManagedChannel(223)) - Timed out gracefully shutting down connection: ManagedChannelOrphanWrapper{delegate=ManagedChannelImpl{logId=3078, target=localhost:43533}}. 
2023-06-29 03:38:11,734 [s1-client-thread2] INFO  statemachine.StateMachine (DataStreamTestUtils.java:link(157)) - link null
2023-06-29 03:38:11,735 [s0-server-thread6] INFO  statemachine.StateMachine (DataStreamTestUtils.java:link(157)) - link null
2023-06-29 03:38:11,736 [grpc-default-executor-2] WARN  server.GrpcServerProtocolService (LogUtils.java:warn(124)) - s0: Failed APPEND_ENTRIES request s1->s0#3511-t2,previous=(t:2, i:36),leaderCommit=7,initializing? true,entries: size=1, first=(t:2, i:37), STATEMACHINELOGENTRY, 383@client-1DC5253A1C40
java.util.concurrent.CompletionException: org.apache.ratis.server.raftlog.RaftLogIOException: Log already failed at index 8 for task WriteLog:8: (t:2, i:8), STATEMACHINELOGENTRY, StateMachineLogEntryProto:377@client-E9B8430491AA
	at java.base/java.util.concurrent.CompletableFuture.encodeThrowable(CompletableFuture.java:331)
	at java.base/java.util.concurrent.CompletableFuture.completeThrowable(CompletableFuture.java:346)
	at java.base/java.util.concurrent.CompletableFuture$BiRelay.tryFire(CompletableFuture.java:1423)
	at java.base/java.util.concurrent.CompletableFuture$CoCompletion.tryFire(CompletableFuture.java:1144)
	at java.base/java.util.concurrent.CompletableFuture.postComplete(CompletableFuture.java:506)
	at java.base/java.util.concurrent.CompletableFuture.completeExceptionally(CompletableFuture.java:2088)
	at org.apache.ratis.server.raftlog.segmented.SegmentedRaftLog$Task.failed(SegmentedRaftLog.java:105)
	at org.apache.ratis.server.raftlog.segmented.SegmentedRaftLogWorker$WriteLog.failed(SegmentedRaftLogWorker.java:514)
	at org.apache.ratis.server.raftlog.segmented.SegmentedRaftLogWorker.run(SegmentedRaftLogWorker.java:312)
	at java.base/java.util.concurrent.Executors$RunnableAdapter.call(Executors.java:515)
	at java.base/java.util.concurrent.FutureTask.run(FutureTask.java:264)
	at java.base/java.util.concurrent.ThreadPoolExecutor.runWorker(ThreadPoolExecutor.java:1128)
	at java.base/java.util.concurrent.ThreadPoolExecutor$Worker.run(ThreadPoolExecutor.java:628)
	at java.base/java.lang.Thread.run(Thread.java:829)
Caused by: org.apache.ratis.server.raftlog.RaftLogIOException: Log already failed at index 8 for task WriteLog:8: (t:2, i:8), STATEMACHINELOGENTRY, StateMachineLogEntryProto:377@client-E9B8430491AA
	at org.apache.ratis.server.raftlog.segmented.SegmentedRaftLogWorker.run(SegmentedRaftLogWorker.java:315)
	... 5 more
Caused by: java.io.IOException: java.lang.IllegalStateException: Null stream: entry=term: 2
index: 8
stateMachineLogEntry {
  type: DATASTREAM
  clientId: "J\000\\\302\362\322H[\226\355\351\270C\004\221\252"
  callId: 377
}

	at org.apache.ratis.util.IOUtils.asIOException(IOUtils.java:56)
	at org.apache.ratis.util.IOUtils.toIOException(IOUtils.java:61)
	at org.apache.ratis.util.IOUtils.getFromFuture(IOUtils.java:85)
	at org.apache.ratis.server.raftlog.segmented.SegmentedRaftLogWorker$StateMachineDataPolicy.getFromFuture(SegmentedRaftLogWorker.java:88)
	at org.apache.ratis.server.raftlog.segmented.SegmentedRaftLogWorker$WriteLog.execute(SegmentedRaftLogWorker.java:535)
	at org.apache.ratis.server.raftlog.segmented.SegmentedRaftLogWorker.run(SegmentedRaftLogWorker.java:303)
	... 5 more
Caused by: java.lang.IllegalStateException: Null stream: entry=term: 2
index: 8
stateMachineLogEntry {
  type: DATASTREAM
  clientId: "J\000\\\302\362\322H[\226\355\351\270C\004\221\252"
  callId: 377
}

	at org.apache.ratis.datastream.DataStreamTestUtils$MultiDataStreamStateMachine.link(DataStreamTestUtils.java:159)
	at org.apache.ratis.server.raftlog.segmented.SegmentedRaftLogWorker$WriteLog.<init>(SegmentedRaftLogWorker.java:492)
	at org.apache.ratis.server.raftlog.segmented.SegmentedRaftLogWorker.writeLogEntry(SegmentedRaftLogWorker.java:438)
	at org.apache.ratis.server.raftlog.segmented.SegmentedRaftLog.appendEntryImpl(SegmentedRaftLog.java:409)
	at org.apache.ratis.server.raftlog.RaftLogBase.lambda$appendEntry$10(RaftLogBase.java:330)
	at org.apache.ratis.server.raftlog.RaftLogSequentialOps$Runner.runSequentially(RaftLogSequentialOps.java:78)
	at org.apache.ratis.server.raftlog.RaftLogBase.appendEntry(RaftLogBase.java:330)
	at org.apache.ratis.server.raftlog.segmented.SegmentedRaftLog.appendImpl(SegmentedRaftLog.java:457)
	at org.apache.ratis.server.raftlog.RaftLogBase.lambda$append$11(RaftLogBase.java:337)
	at org.apache.ratis.server.raftlog.RaftLogSequentialOps$Runner.runSequentially(RaftLogSequentialOps.java:69)
	at org.apache.ratis.server.raftlog.RaftLogBase.append(RaftLogBase.java:337)
	at org.apache.ratis.server.impl.RaftServerImpl.appendEntriesAsync(RaftServerImpl.java:1567)
	at org.apache.ratis.server.impl.RaftServerImpl.appendEntriesAsync(RaftServerImpl.java:1431)
	at org.apache.ratis.server.impl.RaftServerProxy.lambda$appendEntriesAsync$26(RaftServerProxy.java:639)
	at org.apache.ratis.util.JavaUtils.callAsUnchecked(JavaUtils.java:117)
	at org.apache.ratis.server.impl.RaftServerImpl.lambda$executeSubmitServerRequestAsync$10(RaftServerImpl.java:859)
	at java.base/java.util.concurrent.CompletableFuture$AsyncSupply.run(CompletableFuture.java:1700)
	... 3 more
2023-06-29 03:38:11,737 [s2-server-thread2] INFO  statemachine.StateMachine (DataStreamTestUtils.java:link(157)) - link null
2023-06-29 03:38:11,736 [s1-client-thread2] INFO  statemachine.StateMachine (DataStreamTestUtils.java:link(157)) - link null
2023-06-29 03:38:11,745 [s2-server-thread2] WARN  server.GrpcServerProtocolService (LogUtils.java:warn(124)) - s2: Failed APPEND_ENTRIES request s1->s2#3508-t2,previous=(t:2, i:36),leaderCommit=7,initializing? true,entries: size=1, first=(t:2, i:37), STATEMACHINELOGENTRY, 383@client-1DC5253A1C40
java.util.concurrent.CompletionException: org.apache.ratis.server.raftlog.RaftLogIOException: Log already failed at index 8 for task WriteLog:8: (t:2, i:8), STATEMACHINELOGENTRY, StateMachineLogEntryProto:377@client-E9B8430491AA
	at java.base/java.util.concurrent.CompletableFuture.encodeThrowable(CompletableFuture.java:331)
	at java.base/java.util.concurrent.CompletableFuture.completeThrowable(CompletableFuture.java:346)
	at java.base/java.util.concurrent.CompletableFuture$BiRelay.tryFire(CompletableFuture.java:1423)
	at java.base/java.util.concurrent.CompletableFuture$CoCompletion.tryFire(CompletableFuture.java:1144)
	at java.base/java.util.concurrent.CompletableFuture.postComplete(CompletableFuture.java:506)
	at java.base/java.util.concurrent.CompletableFuture.completeExceptionally(CompletableFuture.java:2088)
	at org.apache.ratis.server.raftlog.segmented.SegmentedRaftLog$Task.failed(SegmentedRaftLog.java:105)
	at org.apache.ratis.server.raftlog.segmented.SegmentedRaftLogWorker$WriteLog.failed(SegmentedRaftLogWorker.java:514)
	at org.apache.ratis.server.raftlog.segmented.SegmentedRaftLogWorker.run(SegmentedRaftLogWorker.java:312)
	at java.base/java.util.concurrent.Executors$RunnableAdapter.call(Executors.java:515)
	at java.base/java.util.concurrent.FutureTask.run(FutureTask.java:264)
	at java.base/java.util.concurrent.ThreadPoolExecutor.runWorker(ThreadPoolExecutor.java:1128)
	at java.base/java.util.concurrent.ThreadPoolExecutor$Worker.run(ThreadPoolExecutor.java:628)
	at java.base/java.lang.Thread.run(Thread.java:829)
Caused by: org.apache.ratis.server.raftlog.RaftLogIOException: Log already failed at index 8 for task WriteLog:8: (t:2, i:8), STATEMACHINELOGENTRY, StateMachineLogEntryProto:377@client-E9B8430491AA
	at org.apache.ratis.server.raftlog.segmented.SegmentedRaftLogWorker.run(SegmentedRaftLogWorker.java:315)
	... 5 more
Caused by: java.io.IOException: java.lang.IllegalStateException: Null stream: entry=term: 2
index: 8
stateMachineLogEntry {
  type: DATASTREAM
  clientId: "J\000\\\302\362\322H[\226\355\351\270C\004\221\252"
  callId: 377
}

	at org.apache.ratis.util.IOUtils.asIOException(IOUtils.java:56)
	at org.apache.ratis.util.IOUtils.toIOException(IOUtils.java:61)
	at org.apache.ratis.util.IOUtils.getFromFuture(IOUtils.java:85)
	at org.apache.ratis.server.raftlog.segmented.SegmentedRaftLogWorker$StateMachineDataPolicy.getFromFuture(SegmentedRaftLogWorker.java:88)
	at org.apache.ratis.server.raftlog.segmented.SegmentedRaftLogWorker$WriteLog.execute(SegmentedRaftLogWorker.java:535)
	at org.apache.ratis.server.raftlog.segmented.SegmentedRaftLogWorker.run(SegmentedRaftLogWorker.java:303)
	... 5 more
Caused by: java.lang.IllegalStateException: Null stream: entry=term: 2
index: 8
stateMachineLogEntry {
  type: DATASTREAM
  clientId: "J\000\\\302\362\322H[\226\355\351\270C\004\221\252"
  callId: 377
}

	at org.apache.ratis.datastream.DataStreamTestUtils$MultiDataStreamStateMachine.link(DataStreamTestUtils.java:159)
	at org.apache.ratis.server.raftlog.segmented.SegmentedRaftLogWorker$WriteLog.<init>(SegmentedRaftLogWorker.java:492)
	at org.apache.ratis.server.raftlog.segmented.SegmentedRaftLogWorker.writeLogEntry(SegmentedRaftLogWorker.java:438)
	at org.apache.ratis.server.raftlog.segmented.SegmentedRaftLog.appendEntryImpl(SegmentedRaftLog.java:409)
	at org.apache.ratis.server.raftlog.RaftLogBase.lambda$appendEntry$10(RaftLogBase.java:330)
	at org.apache.ratis.server.raftlog.RaftLogSequentialOps$Runner.runSequentially(RaftLogSequentialOps.java:78)
	at org.apache.ratis.server.raftlog.RaftLogBase.appendEntry(RaftLogBase.java:330)
	at org.apache.ratis.server.raftlog.segmented.SegmentedRaftLog.appendImpl(SegmentedRaftLog.java:457)
	at org.apache.ratis.server.raftlog.RaftLogBase.lambda$append$11(RaftLogBase.java:337)
	at org.apache.ratis.server.raftlog.RaftLogSequentialOps$Runner.runSequentially(RaftLogSequentialOps.java:69)
	at org.apache.ratis.server.raftlog.RaftLogBase.append(RaftLogBase.java:337)
	at org.apache.ratis.server.impl.RaftServerImpl.appendEntriesAsync(RaftServerImpl.java:1567)
	at org.apache.ratis.server.impl.RaftServerImpl.appendEntriesAsync(RaftServerImpl.java:1431)
	at org.apache.ratis.server.impl.RaftServerProxy.lambda$appendEntriesAsync$26(RaftServerProxy.java:639)
	at org.apache.ratis.util.JavaUtils.callAsUnchecked(JavaUtils.java:117)
	at org.apache.ratis.server.impl.RaftServerImpl.lambda$executeSubmitServerRequestAsync$10(RaftServerImpl.java:859)
	at java.base/java.util.concurrent.CompletableFuture$AsyncSupply.run(CompletableFuture.java:1700)
	... 3 more
2023-06-29 03:38:11,753 [grpc-default-executor-2] WARN  server.GrpcLogAppender (LogUtils.java:warn(124)) - s1@group-C92E7B86EDFC->s2-AppendLogResponseHandler: Failed appendEntries
org.apache.ratis.server.raftlog.RaftLogIOException: Log already failed at index 8 for task WriteLog:8: (t:2, i:8), STATEMACHINELOGENTRY, StateMachineLogEntryProto:377@client-E9B8430491AA
	at org.apache.ratis.server.raftlog.segmented.SegmentedRaftLogWorker.run(SegmentedRaftLogWorker.java:315)
	at java.base/java.util.concurrent.Executors$RunnableAdapter.call(Executors.java:515)
	at java.base/java.util.concurrent.FutureTask.run(FutureTask.java:264)
	at java.base/java.util.concurrent.ThreadPoolExecutor.runWorker(ThreadPoolExecutor.java:1128)
	at java.base/java.util.concurrent.ThreadPoolExecutor$Worker.run(ThreadPoolExecutor.java:628)
	at java.base/java.lang.Thread.run(Thread.java:829)
Caused by: java.io.IOException: java.lang.IllegalStateException: Null stream: entry=term: 2
index: 8
stateMachineLogEntry {
  type: DATASTREAM
  clientId: "J\000\\\302\362\322H[\226\355\351\270C\004\221\252"
  callId: 377
}

	at org.apache.ratis.util.IOUtils.asIOException(IOUtils.java:56)
	at org.apache.ratis.util.IOUtils.toIOException(IOUtils.java:61)
	at org.apache.ratis.util.IOUtils.getFromFuture(IOUtils.java:85)
	at org.apache.ratis.server.raftlog.segmented.SegmentedRaftLogWorker$StateMachineDataPolicy.getFromFuture(SegmentedRaftLogWorker.java:88)
	at org.apache.ratis.server.raftlog.segmented.SegmentedRaftLogWorker$WriteLog.execute(SegmentedRaftLogWorker.java:535)
	at org.apache.ratis.server.raftlog.segmented.SegmentedRaftLogWorker.run(SegmentedRaftLogWorker.java:303)
	... 5 more
Caused by: java.lang.IllegalStateException: Null stream: entry=term: 2
index: 8
stateMachineLogEntry {
  type: DATASTREAM
  clientId: "J\000\\\302\362\322H[\226\355\351\270C\004\221\252"
  callId: 377
}

	at org.apache.ratis.datastream.DataStreamTestUtils$MultiDataStreamStateMachine.link(DataStreamTestUtils.java:159)
	at org.apache.ratis.server.raftlog.segmented.SegmentedRaftLogWorker$WriteLog.<init>(SegmentedRaftLogWorker.java:492)
	at org.apache.ratis.server.raftlog.segmented.SegmentedRaftLogWorker.writeLogEntry(SegmentedRaftLogWorker.java:438)
	at org.apache.ratis.server.raftlog.segmented.SegmentedRaftLog.appendEntryImpl(SegmentedRaftLog.java:409)
	at org.apache.ratis.server.raftlog.RaftLogBase.lambda$appendEntry$10(RaftLogBase.java:330)
	at org.apache.ratis.server.raftlog.RaftLogSequentialOps$Runner.runSequentially(RaftLogSequentialOps.java:78)
	at org.apache.ratis.server.raftlog.RaftLogBase.appendEntry(RaftLogBase.java:330)
	at org.apache.ratis.server.raftlog.segmented.SegmentedRaftLog.appendImpl(SegmentedRaftLog.java:457)
	at org.apache.ratis.server.raftlog.RaftLogBase.lambda$append$11(RaftLogBase.java:337)
	at org.apache.ratis.server.raftlog.RaftLogSequentialOps$Runner.runSequentially(RaftLogSequentialOps.java:69)
	at org.apache.ratis.server.raftlog.RaftLogBase.append(RaftLogBase.java:337)
	at org.apache.ratis.server.impl.RaftServerImpl.appendEntriesAsync(RaftServerImpl.java:1567)
	at org.apache.ratis.server.impl.RaftServerImpl.appendEntriesAsync(RaftServerImpl.java:1431)
	at org.apache.ratis.server.impl.RaftServerProxy.lambda$appendEntriesAsync$26(RaftServerProxy.java:639)
	at org.apache.ratis.util.JavaUtils.callAsUnchecked(JavaUtils.java:117)
	at org.apache.ratis.server.impl.RaftServerImpl.lambda$executeSubmitServerRequestAsync$10(RaftServerImpl.java:859)
	at java.base/java.util.concurrent.CompletableFuture$AsyncSupply.run(CompletableFuture.java:1700)
	... 3 more
2023-06-29 03:38:11,753 [grpc-default-executor-2] INFO  leader.FollowerInfo (FollowerInfoImpl.java:lambda$new$0(52)) - s1@group-C92E7B86EDFC->s2: decreaseNextIndex nextIndex: updateUnconditionally 39 -> 37
2023-06-29 03:38:11,755 [grpc-default-executor-17] WARN  server.GrpcLogAppender (LogUtils.java:warn(124)) - s1@group-C92E7B86EDFC->s0-AppendLogResponseHandler: Failed appendEntries
org.apache.ratis.server.raftlog.RaftLogIOException: Log already failed at index 8 for task WriteLog:8: (t:2, i:8), STATEMACHINELOGENTRY, StateMachineLogEntryProto:377@client-E9B8430491AA
	at org.apache.ratis.server.raftlog.segmented.SegmentedRaftLogWorker.run(SegmentedRaftLogWorker.java:315)
	at java.base/java.util.concurrent.Executors$RunnableAdapter.call(Executors.java:515)
	at java.base/java.util.concurrent.FutureTask.run(FutureTask.java:264)
	at java.base/java.util.concurrent.ThreadPoolExecutor.runWorker(ThreadPoolExecutor.java:1128)
	at java.base/java.util.concurrent.ThreadPoolExecutor$Worker.run(ThreadPoolExecutor.java:628)
	at java.base/java.lang.Thread.run(Thread.java:829)
Caused by: java.io.IOException: java.lang.IllegalStateException: Null stream: entry=term: 2
index: 8
stateMachineLogEntry {
  type: DATASTREAM
  clientId: "J\000\\\302\362\322H[\226\355\351\270C\004\221\252"
  callId: 377
}

	at org.apache.ratis.util.IOUtils.asIOException(IOUtils.java:56)
	at org.apache.ratis.util.IOUtils.toIOException(IOUtils.java:61)
	at org.apache.ratis.util.IOUtils.getFromFuture(IOUtils.java:85)
	at org.apache.ratis.server.raftlog.segmented.SegmentedRaftLogWorker$StateMachineDataPolicy.getFromFuture(SegmentedRaftLogWorker.java:88)
	at org.apache.ratis.server.raftlog.segmented.SegmentedRaftLogWorker$WriteLog.execute(SegmentedRaftLogWorker.java:535)
	at org.apache.ratis.server.raftlog.segmented.SegmentedRaftLogWorker.run(SegmentedRaftLogWorker.java:303)
	... 5 more
Caused by: java.lang.IllegalStateException: Null stream: entry=term: 2
index: 8
stateMachineLogEntry {
  type: DATASTREAM
  clientId: "J\000\\\302\362\322H[\226\355\351\270C\004\221\252"
  callId: 377
}

	at org.apache.ratis.datastream.DataStreamTestUtils$MultiDataStreamStateMachine.link(DataStreamTestUtils.java:159)
	at org.apache.ratis.server.raftlog.segmented.SegmentedRaftLogWorker$WriteLog.<init>(SegmentedRaftLogWorker.java:492)
	at org.apache.ratis.server.raftlog.segmented.SegmentedRaftLogWorker.writeLogEntry(SegmentedRaftLogWorker.java:438)
	at org.apache.ratis.server.raftlog.segmented.SegmentedRaftLog.appendEntryImpl(SegmentedRaftLog.java:409)
	at org.apache.ratis.server.raftlog.RaftLogBase.lambda$appendEntry$10(RaftLogBase.java:330)
	at org.apache.ratis.server.raftlog.RaftLogSequentialOps$Runner.runSequentially(RaftLogSequentialOps.java:78)
	at org.apache.ratis.server.raftlog.RaftLogBase.appendEntry(RaftLogBase.java:330)
	at org.apache.ratis.server.raftlog.segmented.SegmentedRaftLog.appendImpl(SegmentedRaftLog.java:457)
	at org.apache.ratis.server.raftlog.RaftLogBase.lambda$append$11(RaftLogBase.java:337)
	at org.apache.ratis.server.raftlog.RaftLogSequentialOps$Runner.runSequentially(RaftLogSequentialOps.java:69)
	at org.apache.ratis.server.raftlog.RaftLogBase.append(RaftLogBase.java:337)
	at org.apache.ratis.server.impl.RaftServerImpl.appendEntriesAsync(RaftServerImpl.java:1567)
	at org.apache.ratis.server.impl.RaftServerImpl.appendEntriesAsync(RaftServerImpl.java:1431)
	at org.apache.ratis.server.impl.RaftServerProxy.lambda$appendEntriesAsync$26(RaftServerProxy.java:639)
	at org.apache.ratis.util.JavaUtils.callAsUnchecked(JavaUtils.java:117)
	at org.apache.ratis.server.impl.RaftServerImpl.lambda$executeSubmitServerRequestAsync$10(RaftServerImpl.java:859)
	at java.base/java.util.concurrent.CompletableFuture$AsyncSupply.run(CompletableFuture.java:1700)
	... 3 more
2023-06-29 03:38:11,755 [grpc-default-executor-17] INFO  leader.FollowerInfo (FollowerInfoImpl.java:lambda$new$0(52)) - s1@group-C92E7B86EDFC->s0: decreaseNextIndex nextIndex: updateUnconditionally 39 -> 37
2023-06-29 03:38:11,766 [s0-server-thread1] INFO  statemachine.StateMachine (DataStreamTestUtils.java:link(157)) - link null
2023-06-29 03:38:11,767 [s0-server-thread1] WARN  server.GrpcServerProtocolService (LogUtils.java:warn(124)) - s0: Failed APPEND_ENTRIES request s1->s0#3514-t2,previous=(t:2, i:36),leaderCommit=7,initializing? true,entries: size=2, first=(t:2, i:37), STATEMACHINELOGENTRY, 383@client-1DC5253A1C40
java.util.concurrent.CompletionException: org.apache.ratis.server.raftlog.RaftLogIOException: Log already failed at index 8 for task WriteLog:8: (t:2, i:8), STATEMACHINELOGENTRY, StateMachineLogEntryProto:377@client-E9B8430491AA
	at java.base/java.util.concurrent.CompletableFuture.encodeThrowable(CompletableFuture.java:331)
	at java.base/java.util.concurrent.CompletableFuture.completeThrowable(CompletableFuture.java:346)
	at java.base/java.util.concurrent.CompletableFuture$BiRelay.tryFire(CompletableFuture.java:1423)
	at java.base/java.util.concurrent.CompletableFuture$CoCompletion.tryFire(CompletableFuture.java:1144)
	at java.base/java.util.concurrent.CompletableFuture.postComplete(CompletableFuture.java:506)
	at java.base/java.util.concurrent.CompletableFuture.completeExceptionally(CompletableFuture.java:2088)
	at org.apache.ratis.server.raftlog.segmented.SegmentedRaftLog$Task.failed(SegmentedRaftLog.java:105)
	at org.apache.ratis.server.raftlog.segmented.SegmentedRaftLogWorker$WriteLog.failed(SegmentedRaftLogWorker.java:514)
	at org.apache.ratis.server.raftlog.segmented.SegmentedRaftLogWorker.run(SegmentedRaftLogWorker.java:312)
	at java.base/java.util.concurrent.Executors$RunnableAdapter.call(Executors.java:515)
	at java.base/java.util.concurrent.FutureTask.run(FutureTask.java:264)
	at java.base/java.util.concurrent.ThreadPoolExecutor.runWorker(ThreadPoolExecutor.java:1128)
	at java.base/java.util.concurrent.ThreadPoolExecutor$Worker.run(ThreadPoolExecutor.java:628)
	at java.base/java.lang.Thread.run(Thread.java:829)
Caused by: org.apache.ratis.server.raftlog.RaftLogIOException: Log already failed at index 8 for task WriteLog:8: (t:2, i:8), STATEMACHINELOGENTRY, StateMachineLogEntryProto:377@client-E9B8430491AA
	at org.apache.ratis.server.raftlog.segmented.SegmentedRaftLogWorker.run(SegmentedRaftLogWorker.java:315)
	... 5 more
Caused by: java.io.IOException: java.lang.IllegalStateException: Null stream: entry=term: 2
index: 8
stateMachineLogEntry {
  type: DATASTREAM
  clientId: "J\000\\\302\362\322H[\226\355\351\270C\004\221\252"
  callId: 377
}

	at org.apache.ratis.util.IOUtils.asIOException(IOUtils.java:56)
	at org.apache.ratis.util.IOUtils.toIOException(IOUtils.java:61)
	at org.apache.ratis.util.IOUtils.getFromFuture(IOUtils.java:85)
	at org.apache.ratis.server.raftlog.segmented.SegmentedRaftLogWorker$StateMachineDataPolicy.getFromFuture(SegmentedRaftLogWorker.java:88)
	at org.apache.ratis.server.raftlog.segmented.SegmentedRaftLogWorker$WriteLog.execute(SegmentedRaftLogWorker.java:535)
	at org.apache.ratis.server.raftlog.segmented.SegmentedRaftLogWorker.run(SegmentedRaftLogWorker.java:303)
	... 5 more
Caused by: java.lang.IllegalStateException: Null stream: entry=term: 2
index: 8
stateMachineLogEntry {
  type: DATASTREAM
  clientId: "J\000\\\302\362\322H[\226\355\351\270C\004\221\252"
  callId: 377
}

	at org.apache.ratis.datastream.DataStreamTestUtils$MultiDataStreamStateMachine.link(DataStreamTestUtils.java:159)
	at org.apache.ratis.server.raftlog.segmented.SegmentedRaftLogWorker$WriteLog.<init>(SegmentedRaftLogWorker.java:492)
	at org.apache.ratis.server.raftlog.segmented.SegmentedRaftLogWorker.writeLogEntry(SegmentedRaftLogWorker.java:438)
	at org.apache.ratis.server.raftlog.segmented.SegmentedRaftLog.appendEntryImpl(SegmentedRaftLog.java:409)
	at org.apache.ratis.server.raftlog.RaftLogBase.lambda$appendEntry$10(RaftLogBase.java:330)
	at org.apache.ratis.server.raftlog.RaftLogSequentialOps$Runner.runSequentially(RaftLogSequentialOps.java:78)
	at org.apache.ratis.server.raftlog.RaftLogBase.appendEntry(RaftLogBase.java:330)
	at org.apache.ratis.server.raftlog.segmented.SegmentedRaftLog.appendImpl(SegmentedRaftLog.java:457)
	at org.apache.ratis.server.raftlog.RaftLogBase.lambda$append$11(RaftLogBase.java:337)
	at org.apache.ratis.server.raftlog.RaftLogSequentialOps$Runner.runSequentially(RaftLogSequentialOps.java:69)
	at org.apache.ratis.server.raftlog.RaftLogBase.append(RaftLogBase.java:337)
	at org.apache.ratis.server.impl.RaftServerImpl.appendEntriesAsync(RaftServerImpl.java:1567)
	at org.apache.ratis.server.impl.RaftServerImpl.appendEntriesAsync(RaftServerImpl.java:1431)
	at org.apache.ratis.server.impl.RaftServerProxy.lambda$appendEntriesAsync$26(RaftServerProxy.java:639)
	at org.apache.ratis.util.JavaUtils.callAsUnchecked(JavaUtils.java:117)
	at org.apache.ratis.server.impl.RaftServerImpl.lambda$executeSubmitServerRequestAsync$10(RaftServerImpl.java:859)
	at java.base/java.util.concurrent.CompletableFuture$AsyncSupply.run(CompletableFuture.java:1700)
	... 3 more
2023-06-29 03:38:11,768 [s2-server-thread3] INFO  statemachine.StateMachine (DataStreamTestUtils.java:link(157)) - link null
2023-06-29 03:38:11,768 [grpc-default-executor-2] WARN  server.GrpcServerProtocolService (LogUtils.java:warn(124)) - s2: Failed APPEND_ENTRIES request s1->s2#3511-t2,previous=(t:2, i:36),leaderCommit=7,initializing? true,entries: size=2, first=(t:2, i:37), STATEMACHINELOGENTRY, 383@client-1DC5253A1C40
java.util.concurrent.CompletionException: org.apache.ratis.server.raftlog.RaftLogIOException: Log already failed at index 8 for task WriteLog:8: (t:2, i:8), STATEMACHINELOGENTRY, StateMachineLogEntryProto:377@client-E9B8430491AA
	at java.base/java.util.concurrent.CompletableFuture.encodeThrowable(CompletableFuture.java:331)
	at java.base/java.util.concurrent.CompletableFuture.completeThrowable(CompletableFuture.java:346)
	at java.base/java.util.concurrent.CompletableFuture$BiRelay.tryFire(CompletableFuture.java:1423)
	at java.base/java.util.concurrent.CompletableFuture$CoCompletion.tryFire(CompletableFuture.java:1144)
	at java.base/java.util.concurrent.CompletableFuture.postComplete(CompletableFuture.java:506)
	at java.base/java.util.concurrent.CompletableFuture.completeExceptionally(CompletableFuture.java:2088)
	at org.apache.ratis.server.raftlog.segmented.SegmentedRaftLog$Task.failed(SegmentedRaftLog.java:105)
	at org.apache.ratis.server.raftlog.segmented.SegmentedRaftLogWorker$WriteLog.failed(SegmentedRaftLogWorker.java:514)
	at org.apache.ratis.server.raftlog.segmented.SegmentedRaftLogWorker.run(SegmentedRaftLogWorker.java:312)
	at java.base/java.util.concurrent.Executors$RunnableAdapter.call(Executors.java:515)
	at java.base/java.util.concurrent.FutureTask.run(FutureTask.java:264)
	at java.base/java.util.concurrent.ThreadPoolExecutor.runWorker(ThreadPoolExecutor.java:1128)
	at java.base/java.util.concurrent.ThreadPoolExecutor$Worker.run(ThreadPoolExecutor.java:628)
	at java.base/java.lang.Thread.run(Thread.java:829)
Caused by: org.apache.ratis.server.raftlog.RaftLogIOException: Log already failed at index 8 for task WriteLog:8: (t:2, i:8), STATEMACHINELOGENTRY, StateMachineLogEntryProto:377@client-E9B8430491AA
	at org.apache.ratis.server.raftlog.segmented.SegmentedRaftLogWorker.run(SegmentedRaftLogWorker.java:315)
	... 5 more
Caused by: java.io.IOException: java.lang.IllegalStateException: Null stream: entry=term: 2
index: 8
stateMachineLogEntry {
  type: DATASTREAM
  clientId: "J\000\\\302\362\322H[\226\355\351\270C\004\221\252"
  callId: 377
}

	at org.apache.ratis.util.IOUtils.asIOException(IOUtils.java:56)
	at org.apache.ratis.util.IOUtils.toIOException(IOUtils.java:61)
	at org.apache.ratis.util.IOUtils.getFromFuture(IOUtils.java:85)
	at org.apache.ratis.server.raftlog.segmented.SegmentedRaftLogWorker$StateMachineDataPolicy.getFromFuture(SegmentedRaftLogWorker.java:88)
	at org.apache.ratis.server.raftlog.segmented.SegmentedRaftLogWorker$WriteLog.execute(SegmentedRaftLogWorker.java:535)
	at org.apache.ratis.server.raftlog.segmented.SegmentedRaftLogWorker.run(SegmentedRaftLogWorker.java:303)
	... 5 more
Caused by: java.lang.IllegalStateException: Null stream: entry=term: 2
index: 8
stateMachineLogEntry {
  type: DATASTREAM
  clientId: "J\000\\\302\362\322H[\226\355\351\270C\004\221\252"
  callId: 377
}

	at org.apache.ratis.datastream.DataStreamTestUtils$MultiDataStreamStateMachine.link(DataStreamTestUtils.java:159)
	at org.apache.ratis.server.raftlog.segmented.SegmentedRaftLogWorker$WriteLog.<init>(SegmentedRaftLogWorker.java:492)
	at org.apache.ratis.server.raftlog.segmented.SegmentedRaftLogWorker.writeLogEntry(SegmentedRaftLogWorker.java:438)
	at org.apache.ratis.server.raftlog.segmented.SegmentedRaftLog.appendEntryImpl(SegmentedRaftLog.java:409)
	at org.apache.ratis.server.raftlog.RaftLogBase.lambda$appendEntry$10(RaftLogBase.java:330)
	at org.apache.ratis.server.raftlog.RaftLogSequentialOps$Runner.runSequentially(RaftLogSequentialOps.java:78)
	at org.apache.ratis.server.raftlog.RaftLogBase.appendEntry(RaftLogBase.java:330)
	at org.apache.ratis.server.raftlog.segmented.SegmentedRaftLog.appendImpl(SegmentedRaftLog.java:457)
	at org.apache.ratis.server.raftlog.RaftLogBase.lambda$append$11(RaftLogBase.java:337)
	at org.apache.ratis.server.raftlog.RaftLogSequentialOps$Runner.runSequentially(RaftLogSequentialOps.java:69)
	at org.apache.ratis.server.raftlog.RaftLogBase.append(RaftLogBase.java:337)
	at org.apache.ratis.server.impl.RaftServerImpl.appendEntriesAsync(RaftServerImpl.java:1567)
	at org.apache.ratis.server.impl.RaftServerImpl.appendEntriesAsync(RaftServerImpl.java:1431)
	at org.apache.ratis.server.impl.RaftServerProxy.lambda$appendEntriesAsync$26(RaftServerProxy.java:639)
	at org.apache.ratis.util.JavaUtils.callAsUnchecked(JavaUtils.java:117)
	at org.apache.ratis.server.impl.RaftServerImpl.lambda$executeSubmitServerRequestAsync$10(RaftServerImpl.java:859)
	at java.base/java.util.concurrent.CompletableFuture$AsyncSupply.run(CompletableFuture.java:1700)
	... 3 more
2023-06-29 03:38:11,771 [grpc-default-executor-17] WARN  server.GrpcLogAppender (LogUtils.java:warn(124)) - s1@group-C92E7B86EDFC->s0-AppendLogResponseHandler: Failed appendEntries
org.apache.ratis.server.raftlog.RaftLogIOException: Log already failed at index 8 for task WriteLog:8: (t:2, i:8), STATEMACHINELOGENTRY, StateMachineLogEntryProto:377@client-E9B8430491AA
	at org.apache.ratis.server.raftlog.segmented.SegmentedRaftLogWorker.run(SegmentedRaftLogWorker.java:315)
	at java.base/java.util.concurrent.Executors$RunnableAdapter.call(Executors.java:515)
	at java.base/java.util.concurrent.FutureTask.run(FutureTask.java:264)
	at java.base/java.util.concurrent.ThreadPoolExecutor.runWorker(ThreadPoolExecutor.java:1128)
	at java.base/java.util.concurrent.ThreadPoolExecutor$Worker.run(ThreadPoolExecutor.java:628)
	at java.base/java.lang.Thread.run(Thread.java:829)
Caused by: java.io.IOException: java.lang.IllegalStateException: Null stream: entry=term: 2
index: 8
stateMachineLogEntry {
  type: DATASTREAM
  clientId: "J\000\\\302\362\322H[\226\355\351\270C\004\221\252"
  callId: 377
}

	at org.apache.ratis.util.IOUtils.asIOException(IOUtils.java:56)
	at org.apache.ratis.util.IOUtils.toIOException(IOUtils.java:61)
	at org.apache.ratis.util.IOUtils.getFromFuture(IOUtils.java:85)
	at org.apache.ratis.server.raftlog.segmented.SegmentedRaftLogWorker$StateMachineDataPolicy.getFromFuture(SegmentedRaftLogWorker.java:88)
	at org.apache.ratis.server.raftlog.segmented.SegmentedRaftLogWorker$WriteLog.execute(SegmentedRaftLogWorker.java:535)
	at org.apache.ratis.server.raftlog.segmented.SegmentedRaftLogWorker.run(SegmentedRaftLogWorker.java:303)
	... 5 more
Caused by: java.lang.IllegalStateException: Null stream: entry=term: 2
index: 8
stateMachineLogEntry {
  type: DATASTREAM
  clientId: "J\000\\\302\362\322H[\226\355\351\270C\004\221\252"
  callId: 377
}

	at org.apache.ratis.datastream.DataStreamTestUtils$MultiDataStreamStateMachine.link(DataStreamTestUtils.java:159)
	at org.apache.ratis.server.raftlog.segmented.SegmentedRaftLogWorker$WriteLog.<init>(SegmentedRaftLogWorker.java:492)
	at org.apache.ratis.server.raftlog.segmented.SegmentedRaftLogWorker.writeLogEntry(SegmentedRaftLogWorker.java:438)
	at org.apache.ratis.server.raftlog.segmented.SegmentedRaftLog.appendEntryImpl(SegmentedRaftLog.java:409)
	at org.apache.ratis.server.raftlog.RaftLogBase.lambda$appendEntry$10(RaftLogBase.java:330)
	at org.apache.ratis.server.raftlog.RaftLogSequentialOps$Runner.runSequentially(RaftLogSequentialOps.java:78)
	at org.apache.ratis.server.raftlog.RaftLogBase.appendEntry(RaftLogBase.java:330)
	at org.apache.ratis.server.raftlog.segmented.SegmentedRaftLog.appendImpl(SegmentedRaftLog.java:457)
	at org.apache.ratis.server.raftlog.RaftLogBase.lambda$append$11(RaftLogBase.java:337)
	at org.apache.ratis.server.raftlog.RaftLogSequentialOps$Runner.runSequentially(RaftLogSequentialOps.java:69)
	at org.apache.ratis.server.raftlog.RaftLogBase.append(RaftLogBase.java:337)
	at org.apache.ratis.server.impl.RaftServerImpl.appendEntriesAsync(RaftServerImpl.java:1567)
	at org.apache.ratis.server.impl.RaftServerImpl.appendEntriesAsync(RaftServerImpl.java:1431)
	at org.apache.ratis.server.impl.RaftServerProxy.lambda$appendEntriesAsync$26(RaftServerProxy.java:639)
	at org.apache.ratis.util.JavaUtils.callAsUnchecked(JavaUtils.java:117)
	at org.apache.ratis.server.impl.RaftServerImpl.lambda$executeSubmitServerRequestAsync$10(RaftServerImpl.java:859)
	at java.base/java.util.concurrent.CompletableFuture$AsyncSupply.run(CompletableFuture.java:1700)
	... 3 more
2023-06-29 03:38:11,771 [grpc-default-executor-17] INFO  leader.FollowerInfo (FollowerInfoImpl.java:lambda$new$0(52)) - s1@group-C92E7B86EDFC->s0: decreaseNextIndex nextIndex: updateUnconditionally 39 -> 37
2023-06-29 03:38:11,772 [grpc-default-executor-17] WARN  server.GrpcLogAppender (LogUtils.java:warn(124)) - s1@group-C92E7B86EDFC->s2-AppendLogResponseHandler: Failed appendEntries
org.apache.ratis.server.raftlog.RaftLogIOException: Log already failed at index 8 for task WriteLog:8: (t:2, i:8), STATEMACHINELOGENTRY, StateMachineLogEntryProto:377@client-E9B8430491AA
	at org.apache.ratis.server.raftlog.segmented.SegmentedRaftLogWorker.run(SegmentedRaftLogWorker.java:315)
	at java.base/java.util.concurrent.Executors$RunnableAdapter.call(Executors.java:515)
	at java.base/java.util.concurrent.FutureTask.run(FutureTask.java:264)
	at java.base/java.util.concurrent.ThreadPoolExecutor.runWorker(ThreadPoolExecutor.java:1128)
	at java.base/java.util.concurrent.ThreadPoolExecutor$Worker.run(ThreadPoolExecutor.java:628)
	at java.base/java.lang.Thread.run(Thread.java:829)
Caused by: java.io.IOException: java.lang.IllegalStateException: Null stream: entry=term: 2
index: 8
stateMachineLogEntry {
  type: DATASTREAM
  clientId: "J\000\\\302\362\322H[\226\355\351\270C\004\221\252"
  callId: 377
}

	at org.apache.ratis.util.IOUtils.asIOException(IOUtils.java:56)
	at org.apache.ratis.util.IOUtils.toIOException(IOUtils.java:61)
	at org.apache.ratis.util.IOUtils.getFromFuture(IOUtils.java:85)
	at org.apache.ratis.server.raftlog.segmented.SegmentedRaftLogWorker$StateMachineDataPolicy.getFromFuture(SegmentedRaftLogWorker.java:88)
	at org.apache.ratis.server.raftlog.segmented.SegmentedRaftLogWorker$WriteLog.execute(SegmentedRaftLogWorker.java:535)
	at org.apache.ratis.server.raftlog.segmented.SegmentedRaftLogWorker.run(SegmentedRaftLogWorker.java:303)
	... 5 more
Caused by: java.lang.IllegalStateException: Null stream: entry=term: 2
index: 8
stateMachineLogEntry {
  type: DATASTREAM
  clientId: "J\000\\\302\362\322H[\226\355\351\270C\004\221\252"
  callId: 377
}

	at org.apache.ratis.datastream.DataStreamTestUtils$MultiDataStreamStateMachine.link(DataStreamTestUtils.java:159)
	at org.apache.ratis.server.raftlog.segmented.SegmentedRaftLogWorker$WriteLog.<init>(SegmentedRaftLogWorker.java:492)
	at org.apache.ratis.server.raftlog.segmented.SegmentedRaftLogWorker.writeLogEntry(SegmentedRaftLogWorker.java:438)
	at org.apache.ratis.server.raftlog.segmented.SegmentedRaftLog.appendEntryImpl(SegmentedRaftLog.java:409)
	at org.apache.ratis.server.raftlog.RaftLogBase.lambda$appendEntry$10(RaftLogBase.java:330)
	at org.apache.ratis.server.raftlog.RaftLogSequentialOps$Runner.runSequentially(RaftLogSequentialOps.java:78)
	at org.apache.ratis.server.raftlog.RaftLogBase.appendEntry(RaftLogBase.java:330)
	at org.apache.ratis.server.raftlog.segmented.SegmentedRaftLog.appendImpl(SegmentedRaftLog.java:457)
	at org.apache.ratis.server.raftlog.RaftLogBase.lambda$append$11(RaftLogBase.java:337)
	at org.apache.ratis.server.raftlog.RaftLogSequentialOps$Runner.runSequentially(RaftLogSequentialOps.java:69)
	at org.apache.ratis.server.raftlog.RaftLogBase.append(RaftLogBase.java:337)
	at org.apache.ratis.server.impl.RaftServerImpl.appendEntriesAsync(RaftServerImpl.java:1567)
	at org.apache.ratis.server.impl.RaftServerImpl.appendEntriesAsync(RaftServerImpl.java:1431)
	at org.apache.ratis.server.impl.RaftServerProxy.lambda$appendEntriesAsync$26(RaftServerProxy.java:639)
	at org.apache.ratis.util.JavaUtils.callAsUnchecked(JavaUtils.java:117)
	at org.apache.ratis.server.impl.RaftServerImpl.lambda$executeSubmitServerRequestAsync$10(RaftServerImpl.java:859)
	at java.base/java.util.concurrent.CompletableFuture$AsyncSupply.run(CompletableFuture.java:1700)
	... 3 more
2023-06-29 03:38:11,772 [grpc-default-executor-17] INFO  leader.FollowerInfo (FollowerInfoImpl.java:lambda$new$0(52)) - s1@group-C92E7B86EDFC->s2: decreaseNextIndex nextIndex: updateUnconditionally 39 -> 37
2023-06-29 03:38:14,729 [timer5] WARN  grpc.GrpcUtil (GrpcUtil.java:shutdownManagedChannel(223)) - Timed out gracefully shutting down connection: ManagedChannelOrphanWrapper{delegate=ManagedChannelImpl{logId=3105, target=localhost:43533}}. 
2023-06-29 03:38:14,734 [timer4] WARN  grpc.GrpcUtil (GrpcUtil.java:shutdownManagedChannel(223)) - Timed out gracefully shutting down connection: ManagedChannelOrphanWrapper{delegate=ManagedChannelImpl{logId=3113, target=localhost:43533}}. 
2023-06-29 03:38:15,105 [Timer-2] INFO  impl.MiniRaftCluster (MiniRaftCluster.java:lambda$start$6(349)) - TIMED-PRINT: printing ALL groups
  s0:  RUNNING  FOLLOWER s0@group-C92E7B86EDFC:t2, leader=s1, voted=null, raftlog=Memoized:s0@group-C92E7B86EDFC-SegmentedRaftLog:OPENED:c7, conf=6: peers:[s0|rpc:localhost:46689|admin:localhost:46779|client:localhost:37871|dataStream:localhost:46501|priority:0|startupRole:FOLLOWER, s1|rpc:localhost:37585|admin:localhost:35007|client:localhost:43533|dataStream:localhost:44315|priority:0|startupRole:FOLLOWER, s2|rpc:localhost:34717|admin:localhost:33013|client:localhost:41383|dataStream:localhost:35135|priority:0|startupRole:FOLLOWER]|listeners:[], old=null RUNNING
  s1:  RUNNING    LEADER s1@group-C92E7B86EDFC:t2, leader=s1, voted=s1, raftlog=Memoized:s1@group-C92E7B86EDFC-SegmentedRaftLog:OPENED:c7, conf=6: peers:[s0|rpc:localhost:46689|admin:localhost:46779|client:localhost:37871|dataStream:localhost:46501|priority:0|startupRole:FOLLOWER, s1|rpc:localhost:37585|admin:localhost:35007|client:localhost:43533|dataStream:localhost:44315|priority:0|startupRole:FOLLOWER, s2|rpc:localhost:34717|admin:localhost:33013|client:localhost:41383|dataStream:localhost:35135|priority:0|startupRole:FOLLOWER]|listeners:[], old=null RUNNING
  s2:  RUNNING  FOLLOWER s2@group-C92E7B86EDFC:t2, leader=s1, voted=s1, raftlog=Memoized:s2@group-C92E7B86EDFC-SegmentedRaftLog:OPENED:c7, conf=6: peers:[s0|rpc:localhost:46689|admin:localhost:46779|client:localhost:37871|dataStream:localhost:46501|priority:0|startupRole:FOLLOWER, s1|rpc:localhost:37585|admin:localhost:35007|client:localhost:43533|dataStream:localhost:44315|priority:0|startupRole:FOLLOWER, s2|rpc:localhost:34717|admin:localhost:33013|client:localhost:41383|dataStream:localhost:35135|priority:0|startupRole:FOLLOWER]|listeners:[], old=null RUNNING
2023-06-29 03:38:17,731 [timer0] WARN  grpc.GrpcUtil (GrpcUtil.java:shutdownManagedChannel(223)) - Timed out gracefully shutting down connection: ManagedChannelOrphanWrapper{delegate=ManagedChannelImpl{logId=3140, target=localhost:43533}}. 
2023-06-29 03:38:17,733 [timer7] WARN  grpc.GrpcUtil (GrpcUtil.java:shutdownManagedChannel(223)) - Timed out gracefully shutting down connection: ManagedChannelOrphanWrapper{delegate=ManagedChannelImpl{logId=3148, target=localhost:43533}}. 
2023-06-29 03:38:17,835 [timer1] WARN  grpc.GrpcUtil (GrpcUtil.java:shutdownManagedChannel(223)) - Timed out gracefully shutting down connection: ManagedChannelOrphanWrapper{delegate=ManagedChannelImpl{logId=3162, target=localhost:43533}}. 
2023-06-29 03:38:20,732 [timer0] WARN  grpc.GrpcUtil (GrpcUtil.java:shutdownManagedChannel(223)) - Timed out gracefully shutting down connection: ManagedChannelOrphanWrapper{delegate=ManagedChannelImpl{logId=3134, target=localhost:43533}}. 
2023-06-29 03:38:23,837 [timer5] WARN  grpc.GrpcUtil (GrpcUtil.java:shutdownManagedChannel(223)) - Timed out gracefully shutting down connection: ManagedChannelOrphanWrapper{delegate=ManagedChannelImpl{logId=3183, target=localhost:43533}}. 
2023-06-29 03:38:23,846 [timer7] WARN  grpc.GrpcUtil (GrpcUtil.java:shutdownManagedChannel(223)) - Timed out gracefully shutting down connection: ManagedChannelOrphanWrapper{delegate=ManagedChannelImpl{logId=3204, target=localhost:43533}}. 
2023-06-29 03:38:23,941 [timer2] WARN  grpc.GrpcUtil (GrpcUtil.java:shutdownManagedChannel(223)) - Timed out gracefully shutting down connection: ManagedChannelOrphanWrapper{delegate=ManagedChannelImpl{logId=3225, target=localhost:43533}}. 
2023-06-29 03:38:25,105 [Timer-2] INFO  impl.MiniRaftCluster (MiniRaftCluster.java:lambda$start$6(349)) - TIMED-PRINT: printing ALL groups
  s0:  RUNNING  FOLLOWER s0@group-C92E7B86EDFC:t2, leader=s1, voted=null, raftlog=Memoized:s0@group-C92E7B86EDFC-SegmentedRaftLog:OPENED:c7, conf=6: peers:[s0|rpc:localhost:46689|admin:localhost:46779|client:localhost:37871|dataStream:localhost:46501|priority:0|startupRole:FOLLOWER, s1|rpc:localhost:37585|admin:localhost:35007|client:localhost:43533|dataStream:localhost:44315|priority:0|startupRole:FOLLOWER, s2|rpc:localhost:34717|admin:localhost:33013|client:localhost:41383|dataStream:localhost:35135|priority:0|startupRole:FOLLOWER]|listeners:[], old=null RUNNING
  s1:  RUNNING    LEADER s1@group-C92E7B86EDFC:t2, leader=s1, voted=s1, raftlog=Memoized:s1@group-C92E7B86EDFC-SegmentedRaftLog:OPENED:c7, conf=6: peers:[s0|rpc:localhost:46689|admin:localhost:46779|client:localhost:37871|dataStream:localhost:46501|priority:0|startupRole:FOLLOWER, s1|rpc:localhost:37585|admin:localhost:35007|client:localhost:43533|dataStream:localhost:44315|priority:0|startupRole:FOLLOWER, s2|rpc:localhost:34717|admin:localhost:33013|client:localhost:41383|dataStream:localhost:35135|priority:0|startupRole:FOLLOWER]|listeners:[], old=null RUNNING
  s2:  RUNNING  FOLLOWER s2@group-C92E7B86EDFC:t2, leader=s1, voted=s1, raftlog=Memoized:s2@group-C92E7B86EDFC-SegmentedRaftLog:OPENED:c7, conf=6: peers:[s0|rpc:localhost:46689|admin:localhost:46779|client:localhost:37871|dataStream:localhost:46501|priority:0|startupRole:FOLLOWER, s1|rpc:localhost:37585|admin:localhost:35007|client:localhost:43533|dataStream:localhost:44315|priority:0|startupRole:FOLLOWER, s2|rpc:localhost:34717|admin:localhost:33013|client:localhost:41383|dataStream:localhost:35135|priority:0|startupRole:FOLLOWER]|listeners:[], old=null RUNNING
2023-06-29 03:38:26,838 [timer3] WARN  grpc.GrpcUtil (GrpcUtil.java:shutdownManagedChannel(223)) - Timed out gracefully shutting down connection: ManagedChannelOrphanWrapper{delegate=ManagedChannelImpl{logId=3246, target=localhost:43533}}. 
2023-06-29 03:38:26,847 [timer7] WARN  grpc.GrpcUtil (GrpcUtil.java:shutdownManagedChannel(223)) - Timed out gracefully shutting down connection: ManagedChannelOrphanWrapper{delegate=ManagedChannelImpl{logId=3208, target=localhost:43533}}. 
2023-06-29 03:38:26,942 [timer2] WARN  grpc.GrpcUtil (GrpcUtil.java:shutdownManagedChannel(223)) - Timed out gracefully shutting down connection: ManagedChannelOrphanWrapper{delegate=ManagedChannelImpl{logId=3232, target=localhost:43533}}. 
2023-06-29 03:38:32,844 [timer7] WARN  grpc.GrpcUtil (GrpcUtil.java:shutdownManagedChannel(223)) - Timed out gracefully shutting down connection: ManagedChannelOrphanWrapper{delegate=ManagedChannelImpl{logId=3260, target=localhost:43533}}. 
2023-06-29 03:38:32,854 [timer4] WARN  grpc.GrpcUtil (GrpcUtil.java:shutdownManagedChannel(223)) - Timed out gracefully shutting down connection: ManagedChannelOrphanWrapper{delegate=ManagedChannelImpl{logId=3281, target=localhost:43533}}. 
2023-06-29 03:38:32,856 [timer5] WARN  grpc.GrpcUtil (GrpcUtil.java:shutdownManagedChannel(223)) - Timed out gracefully shutting down connection: ManagedChannelOrphanWrapper{delegate=ManagedChannelImpl{logId=3288, target=localhost:43533}}. 
2023-06-29 03:38:32,946 [timer1] WARN  grpc.GrpcUtil (GrpcUtil.java:shutdownManagedChannel(223)) - Timed out gracefully shutting down connection: ManagedChannelOrphanWrapper{delegate=ManagedChannelImpl{logId=3302, target=localhost:43533}}. 
2023-06-29 03:38:32,953 [timer2] WARN  grpc.GrpcUtil (GrpcUtil.java:shutdownManagedChannel(223)) - Timed out gracefully shutting down connection: ManagedChannelOrphanWrapper{delegate=ManagedChannelImpl{logId=3316, target=localhost:43533}}. 
2023-06-29 03:38:33,047 [timer3] WARN  grpc.GrpcUtil (GrpcUtil.java:shutdownManagedChannel(223)) - Timed out gracefully shutting down connection: ManagedChannelOrphanWrapper{delegate=ManagedChannelImpl{logId=3330, target=localhost:43533}}. 
2023-06-29 03:38:35,105 [Timer-2] INFO  impl.MiniRaftCluster (MiniRaftCluster.java:lambda$start$6(349)) - TIMED-PRINT: printing ALL groups
  s0:  RUNNING  FOLLOWER s0@group-C92E7B86EDFC:t2, leader=s1, voted=null, raftlog=Memoized:s0@group-C92E7B86EDFC-SegmentedRaftLog:OPENED:c7, conf=6: peers:[s0|rpc:localhost:46689|admin:localhost:46779|client:localhost:37871|dataStream:localhost:46501|priority:0|startupRole:FOLLOWER, s1|rpc:localhost:37585|admin:localhost:35007|client:localhost:43533|dataStream:localhost:44315|priority:0|startupRole:FOLLOWER, s2|rpc:localhost:34717|admin:localhost:33013|client:localhost:41383|dataStream:localhost:35135|priority:0|startupRole:FOLLOWER]|listeners:[], old=null RUNNING
  s1:  RUNNING    LEADER s1@group-C92E7B86EDFC:t2, leader=s1, voted=s1, raftlog=Memoized:s1@group-C92E7B86EDFC-SegmentedRaftLog:OPENED:c7, conf=6: peers:[s0|rpc:localhost:46689|admin:localhost:46779|client:localhost:37871|dataStream:localhost:46501|priority:0|startupRole:FOLLOWER, s1|rpc:localhost:37585|admin:localhost:35007|client:localhost:43533|dataStream:localhost:44315|priority:0|startupRole:FOLLOWER, s2|rpc:localhost:34717|admin:localhost:33013|client:localhost:41383|dataStream:localhost:35135|priority:0|startupRole:FOLLOWER]|listeners:[], old=null RUNNING
  s2:  RUNNING  FOLLOWER s2@group-C92E7B86EDFC:t2, leader=s1, voted=s1, raftlog=Memoized:s2@group-C92E7B86EDFC-SegmentedRaftLog:OPENED:c7, conf=6: peers:[s0|rpc:localhost:46689|admin:localhost:46779|client:localhost:37871|dataStream:localhost:46501|priority:0|startupRole:FOLLOWER, s1|rpc:localhost:37585|admin:localhost:35007|client:localhost:43533|dataStream:localhost:44315|priority:0|startupRole:FOLLOWER, s2|rpc:localhost:34717|admin:localhost:33013|client:localhost:41383|dataStream:localhost:35135|priority:0|startupRole:FOLLOWER]|listeners:[], old=null RUNNING
2023-06-29 03:38:38,951 [timer5] WARN  grpc.GrpcUtil (GrpcUtil.java:shutdownManagedChannel(223)) - Timed out gracefully shutting down connection: ManagedChannelOrphanWrapper{delegate=ManagedChannelImpl{logId=3344, target=localhost:43533}}. 
2023-06-29 03:38:39,050 [timer0] WARN  grpc.GrpcUtil (GrpcUtil.java:shutdownManagedChannel(223)) - Timed out gracefully shutting down connection: ManagedChannelOrphanWrapper{delegate=ManagedChannelImpl{logId=3377, target=localhost:43533}}. 
2023-06-29 03:38:39,053 [timer1] WARN  grpc.GrpcUtil (GrpcUtil.java:shutdownManagedChannel(223)) - Timed out gracefully shutting down connection: ManagedChannelOrphanWrapper{delegate=ManagedChannelImpl{logId=3386, target=localhost:43533}}. 
2023-06-29 03:38:39,057 [timer2] WARN  grpc.GrpcUtil (GrpcUtil.java:shutdownManagedChannel(223)) - Timed out gracefully shutting down connection: ManagedChannelOrphanWrapper{delegate=ManagedChannelImpl{logId=3400, target=localhost:43533}}. 
2023-06-29 03:38:41,952 [timer5] WARN  grpc.GrpcUtil (GrpcUtil.java:shutdownManagedChannel(223)) - Timed out gracefully shutting down connection: ManagedChannelOrphanWrapper{delegate=ManagedChannelImpl{logId=3365, target=localhost:43533}}. 
2023-06-29 03:38:44,955 [timer5] WARN  grpc.GrpcUtil (GrpcUtil.java:shutdownManagedChannel(223)) - Timed out gracefully shutting down connection: ManagedChannelOrphanWrapper{delegate=ManagedChannelImpl{logId=3414, target=localhost:43533}}. 
]]></system-out>
  </testcase>
  <testcase name="testStreamWrites" classname="org.apache.ratis.datastream.TestNettyDataStreamStarTopologyWithGrpcCluster" time="4.021">
    <system-out><![CDATA[
2023-06-29 03:38:45,006 org.junit.runners.model.TestTimedOutException: test timed out after 300 seconds
	at java.base@11.0.19/jdk.internal.misc.Unsafe.park(Native Method)
	at java.base@11.0.19/java.util.concurrent.locks.LockSupport.park(LockSupport.java:194)
	at java.base@11.0.19/java.util.concurrent.CompletableFuture$Signaller.block(CompletableFuture.java:1796)
	at java.base@11.0.19/java.util.concurrent.ForkJoinPool.managedBlock(ForkJoinPool.java:3128)
	at java.base@11.0.19/java.util.concurrent.CompletableFuture.waitingGet(CompletableFuture.java:1823)
	at java.base@11.0.19/java.util.concurrent.CompletableFuture.join(CompletableFuture.java:2043)
	at app//org.apache.ratis.datastream.DataStreamAsyncClusterTests$$Lambda$510/0x0000000100347040.apply(Unknown Source)
	at java.base@11.0.19/java.util.stream.ReferencePipeline$3$1.accept(ReferencePipeline.java:195)
	at java.base@11.0.19/java.util.ArrayList$ArrayListSpliterator.forEachRemaining(ArrayList.java:1655)
	at java.base@11.0.19/java.util.stream.AbstractPipeline.copyInto(AbstractPipeline.java:484)
	at java.base@11.0.19/java.util.stream.AbstractPipeline.wrapAndCopyInto(AbstractPipeline.java:474)
	at java.base@11.0.19/java.util.stream.ReduceOps$ReduceOp.evaluateSequential(ReduceOps.java:913)
	at java.base@11.0.19/java.util.stream.AbstractPipeline.evaluate(AbstractPipeline.java:234)
	at java.base@11.0.19/java.util.stream.ReferencePipeline.reduce(ReferencePipeline.java:558)
	at java.base@11.0.19/java.util.stream.ReferencePipeline.max(ReferencePipeline.java:594)
	at app//org.apache.ratis.datastream.DataStreamAsyncClusterTests.runTestDataStream(DataStreamAsyncClusterTests.java:97)
	at app//org.apache.ratis.datastream.DataStreamAsyncClusterTests.runTestDataStreamStepDownLeader(DataStreamAsyncClusterTests.java:82)
	at app//org.apache.ratis.datastream.DataStreamAsyncClusterTests$$Lambda$951/0x00000001004ad840.accept(Unknown Source)
	at app//org.apache.ratis.server.impl.MiniRaftCluster$Factory$Get.runWithNewCluster(MiniRaftCluster.java:141)
	at app//org.apache.ratis.server.impl.MiniRaftCluster$Factory$Get.runWithNewCluster(MiniRaftCluster.java:121)
	at app//org.apache.ratis.datastream.DataStreamAsyncClusterTests.testMultipleStreamsMultipleServersStepDownLeader(DataStreamAsyncClusterTests.java:78)
	at java.base@11.0.19/jdk.internal.reflect.NativeMethodAccessorImpl.invoke0(Native Method)
	at java.base@11.0.19/jdk.internal.reflect.NativeMethodAccessorImpl.invoke(NativeMethodAccessorImpl.java:62)
	at java.base@11.0.19/jdk.internal.reflect.DelegatingMethodAccessorImpl.invoke(DelegatingMethodAccessorImpl.java:43)
	at java.base@11.0.19/java.lang.reflect.Method.invoke(Method.java:566)
	at app//org.junit.runners.model.FrameworkMethod$1.runReflectiveCall(FrameworkMethod.java:59)
	at app//org.junit.internal.runners.model.ReflectiveCallable.run(ReflectiveCallable.java:12)
	at app//org.junit.runners.model.FrameworkMethod.invokeExplosively(FrameworkMethod.java:56)
	at app//org.junit.internal.runners.statements.InvokeMethod.evaluate(InvokeMethod.java:17)
	at app//org.junit.internal.runners.statements.RunBefores.evaluate(RunBefores.java:26)
	at app//org.junit.internal.runners.statements.RunAfters.evaluate(RunAfters.java:27)
	at app//org.junit.internal.runners.statements.FailOnTimeout$CallableStatement.call(FailOnTimeout.java:299)
	at app//org.junit.internal.runners.statements.FailOnTimeout$CallableStatement.call(FailOnTimeout.java:293)
	at java.base@11.0.19/java.util.concurrent.FutureTask.run(FutureTask.java:264)
	at java.base@11.0.19/java.lang.Thread.run(Thread.java:829)
2023-06-29 03:38:45,108 [Timer-2] INFO  impl.MiniRaftCluster (MiniRaftCluster.java:lambda$start$6(349)) - TIMED-PRINT: printing ALL groups
  s0:  RUNNING  FOLLOWER s0@group-C92E7B86EDFC:t2, leader=s1, voted=null, raftlog=Memoized:s0@group-C92E7B86EDFC-SegmentedRaftLog:OPENED:c7, conf=6: peers:[s0|rpc:localhost:46689|admin:localhost:46779|client:localhost:37871|dataStream:localhost:46501|priority:0|startupRole:FOLLOWER, s1|rpc:localhost:37585|admin:localhost:35007|client:localhost:43533|dataStream:localhost:44315|priority:0|startupRole:FOLLOWER, s2|rpc:localhost:34717|admin:localhost:33013|client:localhost:41383|dataStream:localhost:35135|priority:0|startupRole:FOLLOWER]|listeners:[], old=null RUNNING
  s1:  RUNNING    LEADER s1@group-C92E7B86EDFC:t2, leader=s1, voted=s1, raftlog=Memoized:s1@group-C92E7B86EDFC-SegmentedRaftLog:OPENED:c7, conf=6: peers:[s0|rpc:localhost:46689|admin:localhost:46779|client:localhost:37871|dataStream:localhost:46501|priority:0|startupRole:FOLLOWER, s1|rpc:localhost:37585|admin:localhost:35007|client:localhost:43533|dataStream:localhost:44315|priority:0|startupRole:FOLLOWER, s2|rpc:localhost:34717|admin:localhost:33013|client:localhost:41383|dataStream:localhost:35135|priority:0|startupRole:FOLLOWER]|listeners:[], old=null RUNNING
  s2:  RUNNING  FOLLOWER s2@group-C92E7B86EDFC:t2, leader=s1, voted=s1, raftlog=Memoized:s2@group-C92E7B86EDFC-SegmentedRaftLog:OPENED:c7, conf=6: peers:[s0|rpc:localhost:46689|admin:localhost:46779|client:localhost:37871|dataStream:localhost:46501|priority:0|startupRole:FOLLOWER, s1|rpc:localhost:37585|admin:localhost:35007|client:localhost:43533|dataStream:localhost:44315|priority:0|startupRole:FOLLOWER, s2|rpc:localhost:34717|admin:localhost:33013|client:localhost:41383|dataStream:localhost:35135|priority:0|startupRole:FOLLOWER]|listeners:[], old=null RUNNING
2023-06-29 03:38:45,108 [timer7] WARN  grpc.GrpcUtil (GrpcUtil.java:shutdownManagedChannel(223)) - Timed out gracefully shutting down connection: ManagedChannelOrphanWrapper{delegate=ManagedChannelImpl{logId=3428, target=localhost:43533}}. 
2023-06-29 03:38:45,158 [timer2] WARN  grpc.GrpcUtil (GrpcUtil.java:shutdownManagedChannel(223)) - Timed out gracefully shutting down connection: ManagedChannelOrphanWrapper{delegate=ManagedChannelImpl{logId=3448, target=localhost:43533}}. 
2023-06-29 03:38:45,163 [timer3] WARN  grpc.GrpcUtil (GrpcUtil.java:shutdownManagedChannel(223)) - Timed out gracefully shutting down connection: ManagedChannelOrphanWrapper{delegate=ManagedChannelImpl{logId=3463, target=localhost:43533}}. 
2023-06-29 03:38:45,165 [timer4] WARN  grpc.GrpcUtil (GrpcUtil.java:shutdownManagedChannel(223)) - Timed out gracefully shutting down connection: ManagedChannelOrphanWrapper{delegate=ManagedChannelImpl{logId=3470, target=localhost:43533}}. 
"main" prio=5 Id=1 RUNNABLE
	at java.management@11.0.19/sun.management.ThreadImpl.dumpThreads0(Native Method)
	at java.management@11.0.19/sun.management.ThreadImpl.dumpAllThreads(ThreadImpl.java:521)
	at java.management@11.0.19/sun.management.ThreadImpl.dumpAllThreads(ThreadImpl.java:509)
	at app//org.apache.ratis.util.JavaUtils.dumpAllThreads(JavaUtils.java:261)
	at app//org.apache.ratis.JUnitRunListener.testFailure(JUnitRunListener.java:65)
	at app//org.junit.runner.notification.SynchronizedRunListener.testFailure(SynchronizedRunListener.java:94)
	-  locked org.apache.maven.surefire.common.junit4.Notifier@fa4c865
	at app//org.junit.runner.notification.RunNotifier$6.notifyListener(RunNotifier.java:177)
	at app//org.junit.runner.notification.RunNotifier$SafeNotifier.run(RunNotifier.java:72)
	...


"Reference Handler" daemon prio=10 Id=2 RUNNABLE
	at java.base@11.0.19/java.lang.ref.Reference.waitForReferencePendingList(Native Method)
	at java.base@11.0.19/java.lang.ref.Reference.processPendingReferences(Reference.java:241)
	at java.base@11.0.19/java.lang.ref.Reference$ReferenceHandler.run(Reference.java:213)


"Finalizer" daemon prio=8 Id=3 WAITING on java.lang.ref.ReferenceQueue$Lock@3bd82cf5
	at java.base@11.0.19/java.lang.Object.wait(Native Method)
	-  waiting on java.lang.ref.ReferenceQueue$Lock@3bd82cf5
	at java.base@11.0.19/java.lang.ref.ReferenceQueue.remove(ReferenceQueue.java:155)
	at java.base@11.0.19/java.lang.ref.ReferenceQueue.remove(ReferenceQueue.java:176)
	at java.base@11.0.19/java.lang.ref.Finalizer$FinalizerThread.run(Finalizer.java:170)


"Signal Dispatcher" daemon prio=9 Id=4 RUNNABLE


"Common-Cleaner" daemon prio=8 Id=9 TIMED_WAITING on java.lang.ref.ReferenceQueue$Lock@20d525
	at java.base@11.0.19/java.lang.Object.wait(Native Method)
	-  waiting on java.lang.ref.ReferenceQueue$Lock@20d525
	at java.base@11.0.19/java.lang.ref.ReferenceQueue.remove(ReferenceQueue.java:155)
	at java.base@11.0.19/jdk.internal.ref.CleanerImpl.run(CleanerImpl.java:148)
	at java.base@11.0.19/java.lang.Thread.run(Thread.java:829)
	at java.base@11.0.19/jdk.internal.misc.InnocuousThread.run(InnocuousThread.java:161)


"surefire-forkedjvm-stream-flusher" daemon prio=5 Id=10 TIMED_WAITING on java.util.concurrent.locks.AbstractQueuedSynchronizer$ConditionObject@6200f9cb
	at java.base@11.0.19/jdk.internal.misc.Unsafe.park(Native Method)
	-  waiting on java.util.concurrent.locks.AbstractQueuedSynchronizer$ConditionObject@6200f9cb
	at java.base@11.0.19/java.util.concurrent.locks.LockSupport.parkNanos(LockSupport.java:234)
	at java.base@11.0.19/java.util.concurrent.locks.AbstractQueuedSynchronizer$ConditionObject.awaitNanos(AbstractQueuedSynchronizer.java:2123)
	at java.base@11.0.19/java.util.concurrent.ScheduledThreadPoolExecutor$DelayedWorkQueue.take(ScheduledThreadPoolExecutor.java:1182)
	at java.base@11.0.19/java.util.concurrent.ScheduledThreadPoolExecutor$DelayedWorkQueue.take(ScheduledThreadPoolExecutor.java:899)
	at java.base@11.0.19/java.util.concurrent.ThreadPoolExecutor.getTask(ThreadPoolExecutor.java:1054)
	at java.base@11.0.19/java.util.concurrent.ThreadPoolExecutor.runWorker(ThreadPoolExecutor.java:1114)
	at java.base@11.0.19/java.util.concurrent.ThreadPoolExecutor$Worker.run(ThreadPoolExecutor.java:628)
	...


"surefire-forkedjvm-command-thread" daemon prio=5 Id=12 RUNNABLE (in native)
	at java.base@11.0.19/java.io.FileInputStream.readBytes(Native Method)
	at java.base@11.0.19/java.io.FileInputStream.read(FileInputStream.java:279)
	at java.base@11.0.19/java.io.BufferedInputStream.read1(BufferedInputStream.java:290)
	at java.base@11.0.19/java.io.BufferedInputStream.read(BufferedInputStream.java:351)
	-  locked java.io.BufferedInputStream@2002fc1d
	at java.base@11.0.19/java.io.BufferedInputStream.fill(BufferedInputStream.java:252)
	at java.base@11.0.19/java.io.BufferedInputStream.read1(BufferedInputStream.java:292)
	at java.base@11.0.19/java.io.BufferedInputStream.read(BufferedInputStream.java:351)
	-  locked java.io.BufferedInputStream@69453e37
	at app//org.apache.maven.surefire.api.util.internal.Channels$3.readImpl(Channels.java:169)
	...


"grpc-default-boss-ELG-1-1" daemon prio=5 Id=22 RUNNABLE (in native)
	at app//org.apache.ratis.thirdparty.io.netty.channel.epoll.Native.epollWait(Native Method)
	at app//org.apache.ratis.thirdparty.io.netty.channel.epoll.Native.epollWait(Native.java:209)
	at app//org.apache.ratis.thirdparty.io.netty.channel.epoll.Native.epollWait(Native.java:202)
	at app//org.apache.ratis.thirdparty.io.netty.channel.epoll.EpollEventLoop.epollWaitNoTimerChange(EpollEventLoop.java:306)
	at app//org.apache.ratis.thirdparty.io.netty.channel.epoll.EpollEventLoop.run(EpollEventLoop.java:363)
	at app//org.apache.ratis.thirdparty.io.netty.util.concurrent.SingleThreadEventExecutor$4.run(SingleThreadEventExecutor.java:997)
	at app//org.apache.ratis.thirdparty.io.netty.util.internal.ThreadExecutorMap$2.run(ThreadExecutorMap.java:74)
	at app//org.apache.ratis.thirdparty.io.netty.util.concurrent.FastThreadLocalRunnable.run(FastThreadLocalRunnable.java:30)
	...


"pool-2-thread-1" prio=5 Id=27 WAITING on java.util.concurrent.locks.AbstractQueuedSynchronizer$ConditionObject@6f4a47c7
	at java.base@11.0.19/jdk.internal.misc.Unsafe.park(Native Method)
	-  waiting on java.util.concurrent.locks.AbstractQueuedSynchronizer$ConditionObject@6f4a47c7
	at java.base@11.0.19/java.util.concurrent.locks.LockSupport.park(LockSupport.java:194)
	at java.base@11.0.19/java.util.concurrent.locks.AbstractQueuedSynchronizer$ConditionObject.await(AbstractQueuedSynchronizer.java:2081)
	at java.base@11.0.19/java.util.concurrent.LinkedBlockingQueue.take(LinkedBlockingQueue.java:433)
	at java.base@11.0.19/java.util.concurrent.ThreadPoolExecutor.getTask(ThreadPoolExecutor.java:1054)
	at java.base@11.0.19/java.util.concurrent.ThreadPoolExecutor.runWorker(ThreadPoolExecutor.java:1114)
	at java.base@11.0.19/java.util.concurrent.ThreadPoolExecutor$Worker.run(ThreadPoolExecutor.java:628)
	at java.base@11.0.19/java.lang.Thread.run(Thread.java:829)


"pool-2-thread-2" prio=5 Id=28 WAITING on java.util.concurrent.locks.AbstractQueuedSynchronizer$ConditionObject@6f4a47c7
	at java.base@11.0.19/jdk.internal.misc.Unsafe.park(Native Method)
	-  waiting on java.util.concurrent.locks.AbstractQueuedSynchronizer$ConditionObject@6f4a47c7
	at java.base@11.0.19/java.util.concurrent.locks.LockSupport.park(LockSupport.java:194)
	at java.base@11.0.19/java.util.concurrent.locks.AbstractQueuedSynchronizer$ConditionObject.await(AbstractQueuedSynchronizer.java:2081)
	at java.base@11.0.19/java.util.concurrent.LinkedBlockingQueue.take(LinkedBlockingQueue.java:433)
	at java.base@11.0.19/java.util.concurrent.ThreadPoolExecutor.getTask(ThreadPoolExecutor.java:1054)
	at java.base@11.0.19/java.util.concurrent.ThreadPoolExecutor.runWorker(ThreadPoolExecutor.java:1114)
	at java.base@11.0.19/java.util.concurrent.ThreadPoolExecutor$Worker.run(ThreadPoolExecutor.java:628)
	at java.base@11.0.19/java.lang.Thread.run(Thread.java:829)


"pool-2-thread-3" prio=5 Id=29 WAITING on java.util.concurrent.locks.AbstractQueuedSynchronizer$ConditionObject@6f4a47c7
	at java.base@11.0.19/jdk.internal.misc.Unsafe.park(Native Method)
	-  waiting on java.util.concurrent.locks.AbstractQueuedSynchronizer$ConditionObject@6f4a47c7
	at java.base@11.0.19/java.util.concurrent.locks.LockSupport.park(LockSupport.java:194)
	at java.base@11.0.19/java.util.concurrent.locks.AbstractQueuedSynchronizer$ConditionObject.await(AbstractQueuedSynchronizer.java:2081)
	at java.base@11.0.19/java.util.concurrent.LinkedBlockingQueue.take(LinkedBlockingQueue.java:433)
	at java.base@11.0.19/java.util.concurrent.ThreadPoolExecutor.getTask(ThreadPoolExecutor.java:1054)
	at java.base@11.0.19/java.util.concurrent.ThreadPoolExecutor.runWorker(ThreadPoolExecutor.java:1114)
	at java.base@11.0.19/java.util.concurrent.ThreadPoolExecutor$Worker.run(ThreadPoolExecutor.java:628)
	at java.base@11.0.19/java.lang.Thread.run(Thread.java:829)


"pool-2-thread-4" prio=5 Id=30 WAITING on java.util.concurrent.locks.AbstractQueuedSynchronizer$ConditionObject@6f4a47c7
	at java.base@11.0.19/jdk.internal.misc.Unsafe.park(Native Method)
	-  waiting on java.util.concurrent.locks.AbstractQueuedSynchronizer$ConditionObject@6f4a47c7
	at java.base@11.0.19/java.util.concurrent.locks.LockSupport.park(LockSupport.java:194)
	at java.base@11.0.19/java.util.concurrent.locks.AbstractQueuedSynchronizer$ConditionObject.await(AbstractQueuedSynchronizer.java:2081)
	at java.base@11.0.19/java.util.concurrent.LinkedBlockingQueue.take(LinkedBlockingQueue.java:433)
	at java.base@11.0.19/java.util.concurrent.ThreadPoolExecutor.getTask(ThreadPoolExecutor.java:1054)
	at java.base@11.0.19/java.util.concurrent.ThreadPoolExecutor.runWorker(ThreadPoolExecutor.java:1114)
	at java.base@11.0.19/java.util.concurrent.ThreadPoolExecutor$Worker.run(ThreadPoolExecutor.java:628)
	at java.base@11.0.19/java.lang.Thread.run(Thread.java:829)


"pool-2-thread-5" prio=5 Id=31 WAITING on java.util.concurrent.locks.AbstractQueuedSynchronizer$ConditionObject@6f4a47c7
	at java.base@11.0.19/jdk.internal.misc.Unsafe.park(Native Method)
	-  waiting on java.util.concurrent.locks.AbstractQueuedSynchronizer$ConditionObject@6f4a47c7
	at java.base@11.0.19/java.util.concurrent.locks.LockSupport.park(LockSupport.java:194)
	at java.base@11.0.19/java.util.concurrent.locks.AbstractQueuedSynchronizer$ConditionObject.await(AbstractQueuedSynchronizer.java:2081)
	at java.base@11.0.19/java.util.concurrent.LinkedBlockingQueue.take(LinkedBlockingQueue.java:433)
	at java.base@11.0.19/java.util.concurrent.ThreadPoolExecutor.getTask(ThreadPoolExecutor.java:1054)
	at java.base@11.0.19/java.util.concurrent.ThreadPoolExecutor.runWorker(ThreadPoolExecutor.java:1114)
	at java.base@11.0.19/java.util.concurrent.ThreadPoolExecutor$Worker.run(ThreadPoolExecutor.java:628)
	at java.base@11.0.19/java.lang.Thread.run(Thread.java:829)


"pool-2-thread-7" prio=5 Id=33 WAITING on java.util.concurrent.locks.AbstractQueuedSynchronizer$ConditionObject@6f4a47c7
	at java.base@11.0.19/jdk.internal.misc.Unsafe.park(Native Method)
	-  waiting on java.util.concurrent.locks.AbstractQueuedSynchronizer$ConditionObject@6f4a47c7
	at java.base@11.0.19/java.util.concurrent.locks.LockSupport.park(LockSupport.java:194)
	at java.base@11.0.19/java.util.concurrent.locks.AbstractQueuedSynchronizer$ConditionObject.await(AbstractQueuedSynchronizer.java:2081)
	at java.base@11.0.19/java.util.concurrent.LinkedBlockingQueue.take(LinkedBlockingQueue.java:433)
	at java.base@11.0.19/java.util.concurrent.ThreadPoolExecutor.getTask(ThreadPoolExecutor.java:1054)
	at java.base@11.0.19/java.util.concurrent.ThreadPoolExecutor.runWorker(ThreadPoolExecutor.java:1114)
	at java.base@11.0.19/java.util.concurrent.ThreadPoolExecutor$Worker.run(ThreadPoolExecutor.java:628)
	at java.base@11.0.19/java.lang.Thread.run(Thread.java:829)


"pool-2-thread-8" prio=5 Id=34 WAITING on java.util.concurrent.locks.AbstractQueuedSynchronizer$ConditionObject@6f4a47c7
	at java.base@11.0.19/jdk.internal.misc.Unsafe.park(Native Method)
	-  waiting on java.util.concurrent.locks.AbstractQueuedSynchronizer$ConditionObject@6f4a47c7
	at java.base@11.0.19/java.util.concurrent.locks.LockSupport.park(LockSupport.java:194)
	at java.base@11.0.19/java.util.concurrent.locks.AbstractQueuedSynchronizer$ConditionObject.await(AbstractQueuedSynchronizer.java:2081)
	at java.base@11.0.19/java.util.concurrent.LinkedBlockingQueue.take(LinkedBlockingQueue.java:433)
	at java.base@11.0.19/java.util.concurrent.ThreadPoolExecutor.getTask(ThreadPoolExecutor.java:1054)
	at java.base@11.0.19/java.util.concurrent.ThreadPoolExecutor.runWorker(ThreadPoolExecutor.java:1114)
	at java.base@11.0.19/java.util.concurrent.ThreadPoolExecutor$Worker.run(ThreadPoolExecutor.java:628)
	at java.base@11.0.19/java.lang.Thread.run(Thread.java:829)


"pool-2-thread-6" prio=5 Id=32 WAITING on java.util.concurrent.locks.AbstractQueuedSynchronizer$ConditionObject@6f4a47c7
	at java.base@11.0.19/jdk.internal.misc.Unsafe.park(Native Method)
	-  waiting on java.util.concurrent.locks.AbstractQueuedSynchronizer$ConditionObject@6f4a47c7
	at java.base@11.0.19/java.util.concurrent.locks.LockSupport.park(LockSupport.java:194)
	at java.base@11.0.19/java.util.concurrent.locks.AbstractQueuedSynchronizer$ConditionObject.await(AbstractQueuedSynchronizer.java:2081)
	at java.base@11.0.19/java.util.concurrent.LinkedBlockingQueue.take(LinkedBlockingQueue.java:433)
	at java.base@11.0.19/java.util.concurrent.ThreadPoolExecutor.getTask(ThreadPoolExecutor.java:1054)
	at java.base@11.0.19/java.util.concurrent.ThreadPoolExecutor.runWorker(ThreadPoolExecutor.java:1114)
	at java.base@11.0.19/java.util.concurrent.ThreadPoolExecutor$Worker.run(ThreadPoolExecutor.java:628)
	at java.base@11.0.19/java.lang.Thread.run(Thread.java:829)


"pool-2-thread-9" prio=5 Id=35 WAITING on java.util.concurrent.locks.AbstractQueuedSynchronizer$ConditionObject@6f4a47c7
	at java.base@11.0.19/jdk.internal.misc.Unsafe.park(Native Method)
	-  waiting on java.util.concurrent.locks.AbstractQueuedSynchronizer$ConditionObject@6f4a47c7
	at java.base@11.0.19/java.util.concurrent.locks.LockSupport.park(LockSupport.java:194)
	at java.base@11.0.19/java.util.concurrent.locks.AbstractQueuedSynchronizer$ConditionObject.await(AbstractQueuedSynchronizer.java:2081)
	at java.base@11.0.19/java.util.concurrent.LinkedBlockingQueue.take(LinkedBlockingQueue.java:433)
	at java.base@11.0.19/java.util.concurrent.ThreadPoolExecutor.getTask(ThreadPoolExecutor.java:1054)
	at java.base@11.0.19/java.util.concurrent.ThreadPoolExecutor.runWorker(ThreadPoolExecutor.java:1114)
	at java.base@11.0.19/java.util.concurrent.ThreadPoolExecutor$Worker.run(ThreadPoolExecutor.java:628)
	at java.base@11.0.19/java.lang.Thread.run(Thread.java:829)


"timer3" daemon prio=5 Id=47 TIMED_WAITING on java.util.concurrent.CountDownLatch$Sync@ae13544
	at java.base@11.0.19/jdk.internal.misc.Unsafe.park(Native Method)
	-  waiting on java.util.concurrent.CountDownLatch$Sync@ae13544
	at java.base@11.0.19/java.util.concurrent.locks.LockSupport.parkNanos(LockSupport.java:234)
	at java.base@11.0.19/java.util.concurrent.locks.AbstractQueuedSynchronizer.doAcquireSharedNanos(AbstractQueuedSynchronizer.java:1079)
	at java.base@11.0.19/java.util.concurrent.locks.AbstractQueuedSynchronizer.tryAcquireSharedNanos(AbstractQueuedSynchronizer.java:1369)
	at java.base@11.0.19/java.util.concurrent.CountDownLatch.await(CountDownLatch.java:278)
	at app//org.apache.ratis.thirdparty.io.grpc.internal.ManagedChannelImpl.awaitTermination(ManagedChannelImpl.java:906)
	at app//org.apache.ratis.thirdparty.io.grpc.internal.ForwardingManagedChannel.awaitTermination(ForwardingManagedChannel.java:57)
	at app//org.apache.ratis.grpc.GrpcUtil.shutdownManagedChannel(GrpcUtil.java:222)
	...


"timer4" daemon prio=5 Id=48 TIMED_WAITING on java.util.concurrent.CountDownLatch$Sync@3d34d211
	at java.base@11.0.19/jdk.internal.misc.Unsafe.park(Native Method)
	-  waiting on java.util.concurrent.CountDownLatch$Sync@3d34d211
	at java.base@11.0.19/java.util.concurrent.locks.LockSupport.parkNanos(LockSupport.java:234)
	at java.base@11.0.19/java.util.concurrent.locks.AbstractQueuedSynchronizer.doAcquireSharedNanos(AbstractQueuedSynchronizer.java:1079)
	at java.base@11.0.19/java.util.concurrent.locks.AbstractQueuedSynchronizer.tryAcquireSharedNanos(AbstractQueuedSynchronizer.java:1369)
	at java.base@11.0.19/java.util.concurrent.CountDownLatch.await(CountDownLatch.java:278)
	at app//org.apache.ratis.thirdparty.io.grpc.internal.ManagedChannelImpl.awaitTermination(ManagedChannelImpl.java:906)
	at app//org.apache.ratis.thirdparty.io.grpc.internal.ForwardingManagedChannel.awaitTermination(ForwardingManagedChannel.java:57)
	at app//org.apache.ratis.grpc.GrpcUtil.shutdownManagedChannel(GrpcUtil.java:222)
	...


"pool-2-thread-11" prio=5 Id=52 WAITING on java.util.concurrent.locks.AbstractQueuedSynchronizer$ConditionObject@6f4a47c7
	at java.base@11.0.19/jdk.internal.misc.Unsafe.park(Native Method)
	-  waiting on java.util.concurrent.locks.AbstractQueuedSynchronizer$ConditionObject@6f4a47c7
	at java.base@11.0.19/java.util.concurrent.locks.LockSupport.park(LockSupport.java:194)
	at java.base@11.0.19/java.util.concurrent.locks.AbstractQueuedSynchronizer$ConditionObject.await(AbstractQueuedSynchronizer.java:2081)
	at java.base@11.0.19/java.util.concurrent.LinkedBlockingQueue.take(LinkedBlockingQueue.java:433)
	at java.base@11.0.19/java.util.concurrent.ThreadPoolExecutor.getTask(ThreadPoolExecutor.java:1054)
	at java.base@11.0.19/java.util.concurrent.ThreadPoolExecutor.runWorker(ThreadPoolExecutor.java:1114)
	at java.base@11.0.19/java.util.concurrent.ThreadPoolExecutor$Worker.run(ThreadPoolExecutor.java:628)
	at java.base@11.0.19/java.lang.Thread.run(Thread.java:829)


"timer5" daemon prio=5 Id=53 TIMED_WAITING on java.util.TaskQueue@7dc0f706
	at java.base@11.0.19/java.lang.Object.wait(Native Method)
	-  waiting on java.util.TaskQueue@7dc0f706
	at java.base@11.0.19/java.util.TimerThread.mainLoop(Timer.java:553)
	at java.base@11.0.19/java.util.TimerThread.run(Timer.java:506)


"pool-2-thread-12" prio=5 Id=54 WAITING on java.util.concurrent.locks.AbstractQueuedSynchronizer$ConditionObject@6f4a47c7
	at java.base@11.0.19/jdk.internal.misc.Unsafe.park(Native Method)
	-  waiting on java.util.concurrent.locks.AbstractQueuedSynchronizer$ConditionObject@6f4a47c7
	at java.base@11.0.19/java.util.concurrent.locks.LockSupport.park(LockSupport.java:194)
	at java.base@11.0.19/java.util.concurrent.locks.AbstractQueuedSynchronizer$ConditionObject.await(AbstractQueuedSynchronizer.java:2081)
	at java.base@11.0.19/java.util.concurrent.LinkedBlockingQueue.take(LinkedBlockingQueue.java:433)
	at java.base@11.0.19/java.util.concurrent.ThreadPoolExecutor.getTask(ThreadPoolExecutor.java:1054)
	at java.base@11.0.19/java.util.concurrent.ThreadPoolExecutor.runWorker(ThreadPoolExecutor.java:1114)
	at java.base@11.0.19/java.util.concurrent.ThreadPoolExecutor$Worker.run(ThreadPoolExecutor.java:628)
	at java.base@11.0.19/java.lang.Thread.run(Thread.java:829)


"timer6" daemon prio=5 Id=55 TIMED_WAITING on java.util.TaskQueue@4009e306
	at java.base@11.0.19/java.lang.Object.wait(Native Method)
	-  waiting on java.util.TaskQueue@4009e306
	at java.base@11.0.19/java.util.TimerThread.mainLoop(Timer.java:553)
	at java.base@11.0.19/java.util.TimerThread.run(Timer.java:506)


"pool-2-thread-13" prio=5 Id=56 WAITING on java.util.concurrent.locks.AbstractQueuedSynchronizer$ConditionObject@6f4a47c7
	at java.base@11.0.19/jdk.internal.misc.Unsafe.park(Native Method)
	-  waiting on java.util.concurrent.locks.AbstractQueuedSynchronizer$ConditionObject@6f4a47c7
	at java.base@11.0.19/java.util.concurrent.locks.LockSupport.park(LockSupport.java:194)
	at java.base@11.0.19/java.util.concurrent.locks.AbstractQueuedSynchronizer$ConditionObject.await(AbstractQueuedSynchronizer.java:2081)
	at java.base@11.0.19/java.util.concurrent.LinkedBlockingQueue.take(LinkedBlockingQueue.java:433)
	at java.base@11.0.19/java.util.concurrent.ThreadPoolExecutor.getTask(ThreadPoolExecutor.java:1054)
	at java.base@11.0.19/java.util.concurrent.ThreadPoolExecutor.runWorker(ThreadPoolExecutor.java:1114)
	at java.base@11.0.19/java.util.concurrent.ThreadPoolExecutor$Worker.run(ThreadPoolExecutor.java:628)
	at java.base@11.0.19/java.lang.Thread.run(Thread.java:829)


"timer7" daemon prio=5 Id=57 TIMED_WAITING on java.util.concurrent.CountDownLatch$Sync@43c1b556
	at java.base@11.0.19/jdk.internal.misc.Unsafe.park(Native Method)
	-  waiting on java.util.concurrent.CountDownLatch$Sync@43c1b556
	at java.base@11.0.19/java.util.concurrent.locks.LockSupport.parkNanos(LockSupport.java:234)
	at java.base@11.0.19/java.util.concurrent.locks.AbstractQueuedSynchronizer.doAcquireSharedNanos(AbstractQueuedSynchronizer.java:1079)
	at java.base@11.0.19/java.util.concurrent.locks.AbstractQueuedSynchronizer.tryAcquireSharedNanos(AbstractQueuedSynchronizer.java:1369)
	at java.base@11.0.19/java.util.concurrent.CountDownLatch.await(CountDownLatch.java:278)
	at app//org.apache.ratis.thirdparty.io.grpc.internal.ManagedChannelImpl.awaitTermination(ManagedChannelImpl.java:906)
	at app//org.apache.ratis.thirdparty.io.grpc.internal.ForwardingManagedChannel.awaitTermination(ForwardingManagedChannel.java:57)
	at app//org.apache.ratis.grpc.GrpcUtil.shutdownManagedChannel(GrpcUtil.java:222)
	...


"pool-2-thread-14" prio=5 Id=58 WAITING on java.util.concurrent.locks.AbstractQueuedSynchronizer$ConditionObject@6f4a47c7
	at java.base@11.0.19/jdk.internal.misc.Unsafe.park(Native Method)
	-  waiting on java.util.concurrent.locks.AbstractQueuedSynchronizer$ConditionObject@6f4a47c7
	at java.base@11.0.19/java.util.concurrent.locks.LockSupport.park(LockSupport.java:194)
	at java.base@11.0.19/java.util.concurrent.locks.AbstractQueuedSynchronizer$ConditionObject.await(AbstractQueuedSynchronizer.java:2081)
	at java.base@11.0.19/java.util.concurrent.LinkedBlockingQueue.take(LinkedBlockingQueue.java:433)
	at java.base@11.0.19/java.util.concurrent.ThreadPoolExecutor.getTask(ThreadPoolExecutor.java:1054)
	at java.base@11.0.19/java.util.concurrent.ThreadPoolExecutor.runWorker(ThreadPoolExecutor.java:1114)
	at java.base@11.0.19/java.util.concurrent.ThreadPoolExecutor$Worker.run(ThreadPoolExecutor.java:628)
	at java.base@11.0.19/java.lang.Thread.run(Thread.java:829)


"timer0" daemon prio=5 Id=59 TIMED_WAITING on java.util.TaskQueue@587e5365
	at java.base@11.0.19/java.lang.Object.wait(Native Method)
	-  waiting on java.util.TaskQueue@587e5365
	at java.base@11.0.19/java.util.TimerThread.mainLoop(Timer.java:553)
	at java.base@11.0.19/java.util.TimerThread.run(Timer.java:506)


"pool-2-thread-15" prio=5 Id=60 WAITING on java.util.concurrent.locks.AbstractQueuedSynchronizer$ConditionObject@6f4a47c7
	at java.base@11.0.19/jdk.internal.misc.Unsafe.park(Native Method)
	-  waiting on java.util.concurrent.locks.AbstractQueuedSynchronizer$ConditionObject@6f4a47c7
	at java.base@11.0.19/java.util.concurrent.locks.LockSupport.park(LockSupport.java:194)
	at java.base@11.0.19/java.util.concurrent.locks.AbstractQueuedSynchronizer$ConditionObject.await(AbstractQueuedSynchronizer.java:2081)
	at java.base@11.0.19/java.util.concurrent.LinkedBlockingQueue.take(LinkedBlockingQueue.java:433)
	at java.base@11.0.19/java.util.concurrent.ThreadPoolExecutor.getTask(ThreadPoolExecutor.java:1054)
	at java.base@11.0.19/java.util.concurrent.ThreadPoolExecutor.runWorker(ThreadPoolExecutor.java:1114)
	at java.base@11.0.19/java.util.concurrent.ThreadPoolExecutor$Worker.run(ThreadPoolExecutor.java:628)
	at java.base@11.0.19/java.lang.Thread.run(Thread.java:829)


"timer2" daemon prio=5 Id=46 TIMED_WAITING on java.util.concurrent.CountDownLatch$Sync@22fcf7ab
	at java.base@11.0.19/jdk.internal.misc.Unsafe.park(Native Method)
	-  waiting on java.util.concurrent.CountDownLatch$Sync@22fcf7ab
	at java.base@11.0.19/java.util.concurrent.locks.LockSupport.parkNanos(LockSupport.java:234)
	at java.base@11.0.19/java.util.concurrent.locks.AbstractQueuedSynchronizer.doAcquireSharedNanos(AbstractQueuedSynchronizer.java:1079)
	at java.base@11.0.19/java.util.concurrent.locks.AbstractQueuedSynchronizer.tryAcquireSharedNanos(AbstractQueuedSynchronizer.java:1369)
	at java.base@11.0.19/java.util.concurrent.CountDownLatch.await(CountDownLatch.java:278)
	at app//org.apache.ratis.thirdparty.io.grpc.internal.ManagedChannelImpl.awaitTermination(ManagedChannelImpl.java:906)
	at app//org.apache.ratis.thirdparty.io.grpc.internal.ForwardingManagedChannel.awaitTermination(ForwardingManagedChannel.java:57)
	at app//org.apache.ratis.grpc.GrpcUtil.shutdownManagedChannel(GrpcUtil.java:222)
	...


"pool-2-thread-16" prio=5 Id=61 WAITING on java.util.concurrent.locks.AbstractQueuedSynchronizer$ConditionObject@6f4a47c7
	at java.base@11.0.19/jdk.internal.misc.Unsafe.park(Native Method)
	-  waiting on java.util.concurrent.locks.AbstractQueuedSynchronizer$ConditionObject@6f4a47c7
	at java.base@11.0.19/java.util.concurrent.locks.LockSupport.park(LockSupport.java:194)
	at java.base@11.0.19/java.util.concurrent.locks.AbstractQueuedSynchronizer$ConditionObject.await(AbstractQueuedSynchronizer.java:2081)
	at java.base@11.0.19/java.util.concurrent.LinkedBlockingQueue.take(LinkedBlockingQueue.java:433)
	at java.base@11.0.19/java.util.concurrent.ThreadPoolExecutor.getTask(ThreadPoolExecutor.java:1054)
	at java.base@11.0.19/java.util.concurrent.ThreadPoolExecutor.runWorker(ThreadPoolExecutor.java:1114)
	at java.base@11.0.19/java.util.concurrent.ThreadPoolExecutor$Worker.run(ThreadPoolExecutor.java:628)
	at java.base@11.0.19/java.lang.Thread.run(Thread.java:829)


"timer1" daemon prio=5 Id=45 TIMED_WAITING on java.util.TaskQueue@2de23121
	at java.base@11.0.19/java.lang.Object.wait(Native Method)
	-  waiting on java.util.TaskQueue@2de23121
	at java.base@11.0.19/java.util.TimerThread.mainLoop(Timer.java:553)
	at java.base@11.0.19/java.util.TimerThread.run(Timer.java:506)


"pool-2-thread-10" prio=5 Id=50 WAITING on java.util.concurrent.locks.AbstractQueuedSynchronizer$ConditionObject@6f4a47c7
	at java.base@11.0.19/jdk.internal.misc.Unsafe.park(Native Method)
	-  waiting on java.util.concurrent.locks.AbstractQueuedSynchronizer$ConditionObject@6f4a47c7
	at java.base@11.0.19/java.util.concurrent.locks.LockSupport.park(LockSupport.java:194)
	at java.base@11.0.19/java.util.concurrent.locks.AbstractQueuedSynchronizer$ConditionObject.await(AbstractQueuedSynchronizer.java:2081)
	at java.base@11.0.19/java.util.concurrent.LinkedBlockingQueue.take(LinkedBlockingQueue.java:433)
	at java.base@11.0.19/java.util.concurrent.ThreadPoolExecutor.getTask(ThreadPoolExecutor.java:1054)
	at java.base@11.0.19/java.util.concurrent.ThreadPoolExecutor.runWorker(ThreadPoolExecutor.java:1114)
	at java.base@11.0.19/java.util.concurrent.ThreadPoolExecutor$Worker.run(ThreadPoolExecutor.java:628)
	at java.base@11.0.19/java.lang.Thread.run(Thread.java:829)


"s0-DataStreamManagement-request--thread1" daemon prio=5 Id=62 WAITING on java.util.concurrent.locks.AbstractQueuedSynchronizer$ConditionObject@63475ace
	at java.base@11.0.19/jdk.internal.misc.Unsafe.park(Native Method)
	-  waiting on java.util.concurrent.locks.AbstractQueuedSynchronizer$ConditionObject@63475ace
	at java.base@11.0.19/java.util.concurrent.locks.LockSupport.park(LockSupport.java:194)
	at java.base@11.0.19/java.util.concurrent.locks.AbstractQueuedSynchronizer$ConditionObject.await(AbstractQueuedSynchronizer.java:2081)
	at java.base@11.0.19/java.util.concurrent.LinkedBlockingQueue.take(LinkedBlockingQueue.java:433)
	at java.base@11.0.19/java.util.concurrent.ThreadPoolExecutor.getTask(ThreadPoolExecutor.java:1054)
	at java.base@11.0.19/java.util.concurrent.ThreadPoolExecutor.runWorker(ThreadPoolExecutor.java:1114)
	at java.base@11.0.19/java.util.concurrent.ThreadPoolExecutor$Worker.run(ThreadPoolExecutor.java:628)
	at java.base@11.0.19/java.lang.Thread.run(Thread.java:829)


"s0-DataStreamManagement-request--thread2" daemon prio=5 Id=63 WAITING on java.util.concurrent.locks.AbstractQueuedSynchronizer$ConditionObject@63475ace
	at java.base@11.0.19/jdk.internal.misc.Unsafe.park(Native Method)
	-  waiting on java.util.concurrent.locks.AbstractQueuedSynchronizer$ConditionObject@63475ace
	at java.base@11.0.19/java.util.concurrent.locks.LockSupport.park(LockSupport.java:194)
	at java.base@11.0.19/java.util.concurrent.locks.AbstractQueuedSynchronizer$ConditionObject.await(AbstractQueuedSynchronizer.java:2081)
	at java.base@11.0.19/java.util.concurrent.LinkedBlockingQueue.take(LinkedBlockingQueue.java:433)
	at java.base@11.0.19/java.util.concurrent.ThreadPoolExecutor.getTask(ThreadPoolExecutor.java:1054)
	at java.base@11.0.19/java.util.concurrent.ThreadPoolExecutor.runWorker(ThreadPoolExecutor.java:1114)
	at java.base@11.0.19/java.util.concurrent.ThreadPoolExecutor$Worker.run(ThreadPoolExecutor.java:628)
	at java.base@11.0.19/java.lang.Thread.run(Thread.java:829)


"s0-DataStreamManagement-request--thread3" daemon prio=5 Id=64 WAITING on java.util.concurrent.locks.AbstractQueuedSynchronizer$ConditionObject@63475ace
	at java.base@11.0.19/jdk.internal.misc.Unsafe.park(Native Method)
	-  waiting on java.util.concurrent.locks.AbstractQueuedSynchronizer$ConditionObject@63475ace
	at java.base@11.0.19/java.util.concurrent.locks.LockSupport.park(LockSupport.java:194)
	at java.base@11.0.19/java.util.concurrent.locks.AbstractQueuedSynchronizer$ConditionObject.await(AbstractQueuedSynchronizer.java:2081)
	at java.base@11.0.19/java.util.concurrent.LinkedBlockingQueue.take(LinkedBlockingQueue.java:433)
	at java.base@11.0.19/java.util.concurrent.ThreadPoolExecutor.getTask(ThreadPoolExecutor.java:1054)
	at java.base@11.0.19/java.util.concurrent.ThreadPoolExecutor.runWorker(ThreadPoolExecutor.java:1114)
	at java.base@11.0.19/java.util.concurrent.ThreadPoolExecutor$Worker.run(ThreadPoolExecutor.java:628)
	at java.base@11.0.19/java.lang.Thread.run(Thread.java:829)


"s0-DataStreamManagement-request--thread4" daemon prio=5 Id=65 WAITING on java.util.concurrent.locks.AbstractQueuedSynchronizer$ConditionObject@63475ace
	at java.base@11.0.19/jdk.internal.misc.Unsafe.park(Native Method)
	-  waiting on java.util.concurrent.locks.AbstractQueuedSynchronizer$ConditionObject@63475ace
	at java.base@11.0.19/java.util.concurrent.locks.LockSupport.park(LockSupport.java:194)
	at java.base@11.0.19/java.util.concurrent.locks.AbstractQueuedSynchronizer$ConditionObject.await(AbstractQueuedSynchronizer.java:2081)
	at java.base@11.0.19/java.util.concurrent.LinkedBlockingQueue.take(LinkedBlockingQueue.java:433)
	at java.base@11.0.19/java.util.concurrent.ThreadPoolExecutor.getTask(ThreadPoolExecutor.java:1054)
	at java.base@11.0.19/java.util.concurrent.ThreadPoolExecutor.runWorker(ThreadPoolExecutor.java:1114)
	at java.base@11.0.19/java.util.concurrent.ThreadPoolExecutor$Worker.run(ThreadPoolExecutor.java:628)
	at java.base@11.0.19/java.lang.Thread.run(Thread.java:829)


"s0-DataStreamManagement-request--thread7" daemon prio=5 Id=68 WAITING on java.util.concurrent.locks.AbstractQueuedSynchronizer$ConditionObject@63475ace
	at java.base@11.0.19/jdk.internal.misc.Unsafe.park(Native Method)
	-  waiting on java.util.concurrent.locks.AbstractQueuedSynchronizer$ConditionObject@63475ace
	at java.base@11.0.19/java.util.concurrent.locks.LockSupport.park(LockSupport.java:194)
	at java.base@11.0.19/java.util.concurrent.locks.AbstractQueuedSynchronizer$ConditionObject.await(AbstractQueuedSynchronizer.java:2081)
	at java.base@11.0.19/java.util.concurrent.LinkedBlockingQueue.take(LinkedBlockingQueue.java:433)
	at java.base@11.0.19/java.util.concurrent.ThreadPoolExecutor.getTask(ThreadPoolExecutor.java:1054)
	at java.base@11.0.19/java.util.concurrent.ThreadPoolExecutor.runWorker(ThreadPoolExecutor.java:1114)
	at java.base@11.0.19/java.util.concurrent.ThreadPoolExecutor$Worker.run(ThreadPoolExecutor.java:628)
	at java.base@11.0.19/java.lang.Thread.run(Thread.java:829)


"s0-DataStreamManagement-request--thread9" daemon prio=5 Id=70 WAITING on java.util.concurrent.locks.AbstractQueuedSynchronizer$ConditionObject@63475ace
	at java.base@11.0.19/jdk.internal.misc.Unsafe.park(Native Method)
	-  waiting on java.util.concurrent.locks.AbstractQueuedSynchronizer$ConditionObject@63475ace
	at java.base@11.0.19/java.util.concurrent.locks.LockSupport.park(LockSupport.java:194)
	at java.base@11.0.19/java.util.concurrent.locks.AbstractQueuedSynchronizer$ConditionObject.await(AbstractQueuedSynchronizer.java:2081)
	at java.base@11.0.19/java.util.concurrent.LinkedBlockingQueue.take(LinkedBlockingQueue.java:433)
	at java.base@11.0.19/java.util.concurrent.ThreadPoolExecutor.getTask(ThreadPoolExecutor.java:1054)
	at java.base@11.0.19/java.util.concurrent.ThreadPoolExecutor.runWorker(ThreadPoolExecutor.java:1114)
	at java.base@11.0.19/java.util.concurrent.ThreadPoolExecutor$Worker.run(ThreadPoolExecutor.java:628)
	at java.base@11.0.19/java.lang.Thread.run(Thread.java:829)


"s0-DataStreamManagement-request--thread10" daemon prio=5 Id=71 WAITING on java.util.concurrent.locks.AbstractQueuedSynchronizer$ConditionObject@63475ace
	at java.base@11.0.19/jdk.internal.misc.Unsafe.park(Native Method)
	-  waiting on java.util.concurrent.locks.AbstractQueuedSynchronizer$ConditionObject@63475ace
	at java.base@11.0.19/java.util.concurrent.locks.LockSupport.park(LockSupport.java:194)
	at java.base@11.0.19/java.util.concurrent.locks.AbstractQueuedSynchronizer$ConditionObject.await(AbstractQueuedSynchronizer.java:2081)
	at java.base@11.0.19/java.util.concurrent.LinkedBlockingQueue.take(LinkedBlockingQueue.java:433)
	at java.base@11.0.19/java.util.concurrent.ThreadPoolExecutor.getTask(ThreadPoolExecutor.java:1054)
	at java.base@11.0.19/java.util.concurrent.ThreadPoolExecutor.runWorker(ThreadPoolExecutor.java:1114)
	at java.base@11.0.19/java.util.concurrent.ThreadPoolExecutor$Worker.run(ThreadPoolExecutor.java:628)
	at java.base@11.0.19/java.lang.Thread.run(Thread.java:829)


"s0-DataStreamManagement-request--thread12" daemon prio=5 Id=73 WAITING on java.util.concurrent.locks.AbstractQueuedSynchronizer$ConditionObject@63475ace
	at java.base@11.0.19/jdk.internal.misc.Unsafe.park(Native Method)
	-  waiting on java.util.concurrent.locks.AbstractQueuedSynchronizer$ConditionObject@63475ace
	at java.base@11.0.19/java.util.concurrent.locks.LockSupport.park(LockSupport.java:194)
	at java.base@11.0.19/java.util.concurrent.locks.AbstractQueuedSynchronizer$ConditionObject.await(AbstractQueuedSynchronizer.java:2081)
	at java.base@11.0.19/java.util.concurrent.LinkedBlockingQueue.take(LinkedBlockingQueue.java:433)
	at java.base@11.0.19/java.util.concurrent.ThreadPoolExecutor.getTask(ThreadPoolExecutor.java:1054)
	at java.base@11.0.19/java.util.concurrent.ThreadPoolExecutor.runWorker(ThreadPoolExecutor.java:1114)
	at java.base@11.0.19/java.util.concurrent.ThreadPoolExecutor$Worker.run(ThreadPoolExecutor.java:628)
	at java.base@11.0.19/java.lang.Thread.run(Thread.java:829)


"s0-DataStreamManagement-request--thread14" daemon prio=5 Id=75 WAITING on java.util.concurrent.locks.AbstractQueuedSynchronizer$ConditionObject@63475ace
	at java.base@11.0.19/jdk.internal.misc.Unsafe.park(Native Method)
	-  waiting on java.util.concurrent.locks.AbstractQueuedSynchronizer$ConditionObject@63475ace
	at java.base@11.0.19/java.util.concurrent.locks.LockSupport.park(LockSupport.java:194)
	at java.base@11.0.19/java.util.concurrent.locks.AbstractQueuedSynchronizer$ConditionObject.await(AbstractQueuedSynchronizer.java:2081)
	at java.base@11.0.19/java.util.concurrent.LinkedBlockingQueue.take(LinkedBlockingQueue.java:433)
	at java.base@11.0.19/java.util.concurrent.ThreadPoolExecutor.getTask(ThreadPoolExecutor.java:1054)
	at java.base@11.0.19/java.util.concurrent.ThreadPoolExecutor.runWorker(ThreadPoolExecutor.java:1114)
	at java.base@11.0.19/java.util.concurrent.ThreadPoolExecutor$Worker.run(ThreadPoolExecutor.java:628)
	at java.base@11.0.19/java.lang.Thread.run(Thread.java:829)


"s0-DataStreamManagement-request--thread16" daemon prio=5 Id=77 WAITING on java.util.concurrent.locks.AbstractQueuedSynchronizer$ConditionObject@63475ace
	at java.base@11.0.19/jdk.internal.misc.Unsafe.park(Native Method)
	-  waiting on java.util.concurrent.locks.AbstractQueuedSynchronizer$ConditionObject@63475ace
	at java.base@11.0.19/java.util.concurrent.locks.LockSupport.park(LockSupport.java:194)
	at java.base@11.0.19/java.util.concurrent.locks.AbstractQueuedSynchronizer$ConditionObject.await(AbstractQueuedSynchronizer.java:2081)
	at java.base@11.0.19/java.util.concurrent.LinkedBlockingQueue.take(LinkedBlockingQueue.java:433)
	at java.base@11.0.19/java.util.concurrent.ThreadPoolExecutor.getTask(ThreadPoolExecutor.java:1054)
	at java.base@11.0.19/java.util.concurrent.ThreadPoolExecutor.runWorker(ThreadPoolExecutor.java:1114)
	at java.base@11.0.19/java.util.concurrent.ThreadPoolExecutor$Worker.run(ThreadPoolExecutor.java:628)
	at java.base@11.0.19/java.lang.Thread.run(Thread.java:829)


"s0-DataStreamManagement-request--thread18" daemon prio=5 Id=79 WAITING on java.util.concurrent.locks.AbstractQueuedSynchronizer$ConditionObject@63475ace
	at java.base@11.0.19/jdk.internal.misc.Unsafe.park(Native Method)
	-  waiting on java.util.concurrent.locks.AbstractQueuedSynchronizer$ConditionObject@63475ace
	at java.base@11.0.19/java.util.concurrent.locks.LockSupport.park(LockSupport.java:194)
	at java.base@11.0.19/java.util.concurrent.locks.AbstractQueuedSynchronizer$ConditionObject.await(AbstractQueuedSynchronizer.java:2081)
	at java.base@11.0.19/java.util.concurrent.LinkedBlockingQueue.take(LinkedBlockingQueue.java:433)
	at java.base@11.0.19/java.util.concurrent.ThreadPoolExecutor.getTask(ThreadPoolExecutor.java:1054)
	at java.base@11.0.19/java.util.concurrent.ThreadPoolExecutor.runWorker(ThreadPoolExecutor.java:1114)
	at java.base@11.0.19/java.util.concurrent.ThreadPoolExecutor$Worker.run(ThreadPoolExecutor.java:628)
	at java.base@11.0.19/java.lang.Thread.run(Thread.java:829)


"s0-DataStreamManagement-request--thread8" daemon prio=5 Id=69 WAITING on java.util.concurrent.locks.AbstractQueuedSynchronizer$ConditionObject@63475ace
	at java.base@11.0.19/jdk.internal.misc.Unsafe.park(Native Method)
	-  waiting on java.util.concurrent.locks.AbstractQueuedSynchronizer$ConditionObject@63475ace
	at java.base@11.0.19/java.util.concurrent.locks.LockSupport.park(LockSupport.java:194)
	at java.base@11.0.19/java.util.concurrent.locks.AbstractQueuedSynchronizer$ConditionObject.await(AbstractQueuedSynchronizer.java:2081)
	at java.base@11.0.19/java.util.concurrent.LinkedBlockingQueue.take(LinkedBlockingQueue.java:433)
	at java.base@11.0.19/java.util.concurrent.ThreadPoolExecutor.getTask(ThreadPoolExecutor.java:1054)
	at java.base@11.0.19/java.util.concurrent.ThreadPoolExecutor.runWorker(ThreadPoolExecutor.java:1114)
	at java.base@11.0.19/java.util.concurrent.ThreadPoolExecutor$Worker.run(ThreadPoolExecutor.java:628)
	at java.base@11.0.19/java.lang.Thread.run(Thread.java:829)


"s0-DataStreamManagement-request--thread23" daemon prio=5 Id=84 WAITING on java.util.concurrent.locks.AbstractQueuedSynchronizer$ConditionObject@63475ace
	at java.base@11.0.19/jdk.internal.misc.Unsafe.park(Native Method)
	-  waiting on java.util.concurrent.locks.AbstractQueuedSynchronizer$ConditionObject@63475ace
	at java.base@11.0.19/java.util.concurrent.locks.LockSupport.park(LockSupport.java:194)
	at java.base@11.0.19/java.util.concurrent.locks.AbstractQueuedSynchronizer$ConditionObject.await(AbstractQueuedSynchronizer.java:2081)
	at java.base@11.0.19/java.util.concurrent.LinkedBlockingQueue.take(LinkedBlockingQueue.java:433)
	at java.base@11.0.19/java.util.concurrent.ThreadPoolExecutor.getTask(ThreadPoolExecutor.java:1054)
	at java.base@11.0.19/java.util.concurrent.ThreadPoolExecutor.runWorker(ThreadPoolExecutor.java:1114)
	at java.base@11.0.19/java.util.concurrent.ThreadPoolExecutor$Worker.run(ThreadPoolExecutor.java:628)
	at java.base@11.0.19/java.lang.Thread.run(Thread.java:829)


"s0-DataStreamManagement-request--thread6" daemon prio=5 Id=67 WAITING on java.util.concurrent.locks.AbstractQueuedSynchronizer$ConditionObject@63475ace
	at java.base@11.0.19/jdk.internal.misc.Unsafe.park(Native Method)
	-  waiting on java.util.concurrent.locks.AbstractQueuedSynchronizer$ConditionObject@63475ace
	at java.base@11.0.19/java.util.concurrent.locks.LockSupport.park(LockSupport.java:194)
	at java.base@11.0.19/java.util.concurrent.locks.AbstractQueuedSynchronizer$ConditionObject.await(AbstractQueuedSynchronizer.java:2081)
	at java.base@11.0.19/java.util.concurrent.LinkedBlockingQueue.take(LinkedBlockingQueue.java:433)
	at java.base@11.0.19/java.util.concurrent.ThreadPoolExecutor.getTask(ThreadPoolExecutor.java:1054)
	at java.base@11.0.19/java.util.concurrent.ThreadPoolExecutor.runWorker(ThreadPoolExecutor.java:1114)
	at java.base@11.0.19/java.util.concurrent.ThreadPoolExecutor$Worker.run(ThreadPoolExecutor.java:628)
	at java.base@11.0.19/java.lang.Thread.run(Thread.java:829)


"s0-DataStreamManagement-request--thread5" daemon prio=5 Id=66 WAITING on java.util.concurrent.locks.AbstractQueuedSynchronizer$ConditionObject@63475ace
	at java.base@11.0.19/jdk.internal.misc.Unsafe.park(Native Method)
	-  waiting on java.util.concurrent.locks.AbstractQueuedSynchronizer$ConditionObject@63475ace
	at java.base@11.0.19/java.util.concurrent.locks.LockSupport.park(LockSupport.java:194)
	at java.base@11.0.19/java.util.concurrent.locks.AbstractQueuedSynchronizer$ConditionObject.await(AbstractQueuedSynchronizer.java:2081)
	at java.base@11.0.19/java.util.concurrent.LinkedBlockingQueue.take(LinkedBlockingQueue.java:433)
	at java.base@11.0.19/java.util.concurrent.ThreadPoolExecutor.getTask(ThreadPoolExecutor.java:1054)
	at java.base@11.0.19/java.util.concurrent.ThreadPoolExecutor.runWorker(ThreadPoolExecutor.java:1114)
	at java.base@11.0.19/java.util.concurrent.ThreadPoolExecutor$Worker.run(ThreadPoolExecutor.java:628)
	at java.base@11.0.19/java.lang.Thread.run(Thread.java:829)


"s0-DataStreamManagement-request--thread24" daemon prio=5 Id=85 WAITING on java.util.concurrent.locks.AbstractQueuedSynchronizer$ConditionObject@63475ace
	at java.base@11.0.19/jdk.internal.misc.Unsafe.park(Native Method)
	-  waiting on java.util.concurrent.locks.AbstractQueuedSynchronizer$ConditionObject@63475ace
	at java.base@11.0.19/java.util.concurrent.locks.LockSupport.park(LockSupport.java:194)
	at java.base@11.0.19/java.util.concurrent.locks.AbstractQueuedSynchronizer$ConditionObject.await(AbstractQueuedSynchronizer.java:2081)
	at java.base@11.0.19/java.util.concurrent.LinkedBlockingQueue.take(LinkedBlockingQueue.java:433)
	at java.base@11.0.19/java.util.concurrent.ThreadPoolExecutor.getTask(ThreadPoolExecutor.java:1054)
	at java.base@11.0.19/java.util.concurrent.ThreadPoolExecutor.runWorker(ThreadPoolExecutor.java:1114)
	at java.base@11.0.19/java.util.concurrent.ThreadPoolExecutor$Worker.run(ThreadPoolExecutor.java:628)
	at java.base@11.0.19/java.lang.Thread.run(Thread.java:829)


"s0-DataStreamManagement-request--thread26" daemon prio=5 Id=87 WAITING on java.util.concurrent.locks.AbstractQueuedSynchronizer$ConditionObject@63475ace
	at java.base@11.0.19/jdk.internal.misc.Unsafe.park(Native Method)
	-  waiting on java.util.concurrent.locks.AbstractQueuedSynchronizer$ConditionObject@63475ace
	at java.base@11.0.19/java.util.concurrent.locks.LockSupport.park(LockSupport.java:194)
	at java.base@11.0.19/java.util.concurrent.locks.AbstractQueuedSynchronizer$ConditionObject.await(AbstractQueuedSynchronizer.java:2081)
	at java.base@11.0.19/java.util.concurrent.LinkedBlockingQueue.take(LinkedBlockingQueue.java:433)
	at java.base@11.0.19/java.util.concurrent.ThreadPoolExecutor.getTask(ThreadPoolExecutor.java:1054)
	at java.base@11.0.19/java.util.concurrent.ThreadPoolExecutor.runWorker(ThreadPoolExecutor.java:1114)
	at java.base@11.0.19/java.util.concurrent.ThreadPoolExecutor$Worker.run(ThreadPoolExecutor.java:628)
	at java.base@11.0.19/java.lang.Thread.run(Thread.java:829)


"s0-DataStreamManagement-request--thread28" daemon prio=5 Id=89 WAITING on java.util.concurrent.locks.AbstractQueuedSynchronizer$ConditionObject@63475ace
	at java.base@11.0.19/jdk.internal.misc.Unsafe.park(Native Method)
	-  waiting on java.util.concurrent.locks.AbstractQueuedSynchronizer$ConditionObject@63475ace
	at java.base@11.0.19/java.util.concurrent.locks.LockSupport.park(LockSupport.java:194)
	at java.base@11.0.19/java.util.concurrent.locks.AbstractQueuedSynchronizer$ConditionObject.await(AbstractQueuedSynchronizer.java:2081)
	at java.base@11.0.19/java.util.concurrent.LinkedBlockingQueue.take(LinkedBlockingQueue.java:433)
	at java.base@11.0.19/java.util.concurrent.ThreadPoolExecutor.getTask(ThreadPoolExecutor.java:1054)
	at java.base@11.0.19/java.util.concurrent.ThreadPoolExecutor.runWorker(ThreadPoolExecutor.java:1114)
	at java.base@11.0.19/java.util.concurrent.ThreadPoolExecutor$Worker.run(ThreadPoolExecutor.java:628)
	at java.base@11.0.19/java.lang.Thread.run(Thread.java:829)


"s0-DataStreamManagement-request--thread30" daemon prio=5 Id=91 WAITING on java.util.concurrent.locks.AbstractQueuedSynchronizer$ConditionObject@63475ace
	at java.base@11.0.19/jdk.internal.misc.Unsafe.park(Native Method)
	-  waiting on java.util.concurrent.locks.AbstractQueuedSynchronizer$ConditionObject@63475ace
	at java.base@11.0.19/java.util.concurrent.locks.LockSupport.park(LockSupport.java:194)
	at java.base@11.0.19/java.util.concurrent.locks.AbstractQueuedSynchronizer$ConditionObject.await(AbstractQueuedSynchronizer.java:2081)
	at java.base@11.0.19/java.util.concurrent.LinkedBlockingQueue.take(LinkedBlockingQueue.java:433)
	at java.base@11.0.19/java.util.concurrent.ThreadPoolExecutor.getTask(ThreadPoolExecutor.java:1054)
	at java.base@11.0.19/java.util.concurrent.ThreadPoolExecutor.runWorker(ThreadPoolExecutor.java:1114)
	at java.base@11.0.19/java.util.concurrent.ThreadPoolExecutor$Worker.run(ThreadPoolExecutor.java:628)
	at java.base@11.0.19/java.lang.Thread.run(Thread.java:829)


"s0-DataStreamManagement-request--thread22" daemon prio=5 Id=83 WAITING on java.util.concurrent.locks.AbstractQueuedSynchronizer$ConditionObject@63475ace
	at java.base@11.0.19/jdk.internal.misc.Unsafe.park(Native Method)
	-  waiting on java.util.concurrent.locks.AbstractQueuedSynchronizer$ConditionObject@63475ace
	at java.base@11.0.19/java.util.concurrent.locks.LockSupport.park(LockSupport.java:194)
	at java.base@11.0.19/java.util.concurrent.locks.AbstractQueuedSynchronizer$ConditionObject.await(AbstractQueuedSynchronizer.java:2081)
	at java.base@11.0.19/java.util.concurrent.LinkedBlockingQueue.take(LinkedBlockingQueue.java:433)
	at java.base@11.0.19/java.util.concurrent.ThreadPoolExecutor.getTask(ThreadPoolExecutor.java:1054)
	at java.base@11.0.19/java.util.concurrent.ThreadPoolExecutor.runWorker(ThreadPoolExecutor.java:1114)
	at java.base@11.0.19/java.util.concurrent.ThreadPoolExecutor$Worker.run(ThreadPoolExecutor.java:628)
	at java.base@11.0.19/java.lang.Thread.run(Thread.java:829)


"s0-DataStreamManagement-request--thread21" daemon prio=5 Id=82 WAITING on java.util.concurrent.locks.AbstractQueuedSynchronizer$ConditionObject@63475ace
	at java.base@11.0.19/jdk.internal.misc.Unsafe.park(Native Method)
	-  waiting on java.util.concurrent.locks.AbstractQueuedSynchronizer$ConditionObject@63475ace
	at java.base@11.0.19/java.util.concurrent.locks.LockSupport.park(LockSupport.java:194)
	at java.base@11.0.19/java.util.concurrent.locks.AbstractQueuedSynchronizer$ConditionObject.await(AbstractQueuedSynchronizer.java:2081)
	at java.base@11.0.19/java.util.concurrent.LinkedBlockingQueue.take(LinkedBlockingQueue.java:433)
	at java.base@11.0.19/java.util.concurrent.ThreadPoolExecutor.getTask(ThreadPoolExecutor.java:1054)
	at java.base@11.0.19/java.util.concurrent.ThreadPoolExecutor.runWorker(ThreadPoolExecutor.java:1114)
	at java.base@11.0.19/java.util.concurrent.ThreadPoolExecutor$Worker.run(ThreadPoolExecutor.java:628)
	at java.base@11.0.19/java.lang.Thread.run(Thread.java:829)


"s0-DataStreamManagement-request--thread20" daemon prio=5 Id=81 WAITING on java.util.concurrent.locks.AbstractQueuedSynchronizer$ConditionObject@63475ace
	at java.base@11.0.19/jdk.internal.misc.Unsafe.park(Native Method)
	-  waiting on java.util.concurrent.locks.AbstractQueuedSynchronizer$ConditionObject@63475ace
	at java.base@11.0.19/java.util.concurrent.locks.LockSupport.park(LockSupport.java:194)
	at java.base@11.0.19/java.util.concurrent.locks.AbstractQueuedSynchronizer$ConditionObject.await(AbstractQueuedSynchronizer.java:2081)
	at java.base@11.0.19/java.util.concurrent.LinkedBlockingQueue.take(LinkedBlockingQueue.java:433)
	at java.base@11.0.19/java.util.concurrent.ThreadPoolExecutor.getTask(ThreadPoolExecutor.java:1054)
	at java.base@11.0.19/java.util.concurrent.ThreadPoolExecutor.runWorker(ThreadPoolExecutor.java:1114)
	at java.base@11.0.19/java.util.concurrent.ThreadPoolExecutor$Worker.run(ThreadPoolExecutor.java:628)
	at java.base@11.0.19/java.lang.Thread.run(Thread.java:829)


"s0-DataStreamManagement-request--thread19" daemon prio=5 Id=80 WAITING on java.util.concurrent.locks.AbstractQueuedSynchronizer$ConditionObject@63475ace
	at java.base@11.0.19/jdk.internal.misc.Unsafe.park(Native Method)
	-  waiting on java.util.concurrent.locks.AbstractQueuedSynchronizer$ConditionObject@63475ace
	at java.base@11.0.19/java.util.concurrent.locks.LockSupport.park(LockSupport.java:194)
	at java.base@11.0.19/java.util.concurrent.locks.AbstractQueuedSynchronizer$ConditionObject.await(AbstractQueuedSynchronizer.java:2081)
	at java.base@11.0.19/java.util.concurrent.LinkedBlockingQueue.take(LinkedBlockingQueue.java:433)
	at java.base@11.0.19/java.util.concurrent.ThreadPoolExecutor.getTask(ThreadPoolExecutor.java:1054)
	at java.base@11.0.19/java.util.concurrent.ThreadPoolExecutor.runWorker(ThreadPoolExecutor.java:1114)
	at java.base@11.0.19/java.util.concurrent.ThreadPoolExecutor$Worker.run(ThreadPoolExecutor.java:628)
	at java.base@11.0.19/java.lang.Thread.run(Thread.java:829)


"s0-DataStreamManagement-request--thread17" daemon prio=5 Id=78 WAITING on java.util.concurrent.locks.AbstractQueuedSynchronizer$ConditionObject@63475ace
	at java.base@11.0.19/jdk.internal.misc.Unsafe.park(Native Method)
	-  waiting on java.util.concurrent.locks.AbstractQueuedSynchronizer$ConditionObject@63475ace
	at java.base@11.0.19/java.util.concurrent.locks.LockSupport.park(LockSupport.java:194)
	at java.base@11.0.19/java.util.concurrent.locks.AbstractQueuedSynchronizer$ConditionObject.await(AbstractQueuedSynchronizer.java:2081)
	at java.base@11.0.19/java.util.concurrent.LinkedBlockingQueue.take(LinkedBlockingQueue.java:433)
	at java.base@11.0.19/java.util.concurrent.ThreadPoolExecutor.getTask(ThreadPoolExecutor.java:1054)
	at java.base@11.0.19/java.util.concurrent.ThreadPoolExecutor.runWorker(ThreadPoolExecutor.java:1114)
	at java.base@11.0.19/java.util.concurrent.ThreadPoolExecutor$Worker.run(ThreadPoolExecutor.java:628)
	at java.base@11.0.19/java.lang.Thread.run(Thread.java:829)


"s0-DataStreamManagement-request--thread15" daemon prio=5 Id=76 WAITING on java.util.concurrent.locks.AbstractQueuedSynchronizer$ConditionObject@63475ace
	at java.base@11.0.19/jdk.internal.misc.Unsafe.park(Native Method)
	-  waiting on java.util.concurrent.locks.AbstractQueuedSynchronizer$ConditionObject@63475ace
	at java.base@11.0.19/java.util.concurrent.locks.LockSupport.park(LockSupport.java:194)
	at java.base@11.0.19/java.util.concurrent.locks.AbstractQueuedSynchronizer$ConditionObject.await(AbstractQueuedSynchronizer.java:2081)
	at java.base@11.0.19/java.util.concurrent.LinkedBlockingQueue.take(LinkedBlockingQueue.java:433)
	at java.base@11.0.19/java.util.concurrent.ThreadPoolExecutor.getTask(ThreadPoolExecutor.java:1054)
	at java.base@11.0.19/java.util.concurrent.ThreadPoolExecutor.runWorker(ThreadPoolExecutor.java:1114)
	at java.base@11.0.19/java.util.concurrent.ThreadPoolExecutor$Worker.run(ThreadPoolExecutor.java:628)
	at java.base@11.0.19/java.lang.Thread.run(Thread.java:829)


"s0-DataStreamManagement-request--thread13" daemon prio=5 Id=74 WAITING on java.util.concurrent.locks.AbstractQueuedSynchronizer$ConditionObject@63475ace
	at java.base@11.0.19/jdk.internal.misc.Unsafe.park(Native Method)
	-  waiting on java.util.concurrent.locks.AbstractQueuedSynchronizer$ConditionObject@63475ace
	at java.base@11.0.19/java.util.concurrent.locks.LockSupport.park(LockSupport.java:194)
	at java.base@11.0.19/java.util.concurrent.locks.AbstractQueuedSynchronizer$ConditionObject.await(AbstractQueuedSynchronizer.java:2081)
	at java.base@11.0.19/java.util.concurrent.LinkedBlockingQueue.take(LinkedBlockingQueue.java:433)
	at java.base@11.0.19/java.util.concurrent.ThreadPoolExecutor.getTask(ThreadPoolExecutor.java:1054)
	at java.base@11.0.19/java.util.concurrent.ThreadPoolExecutor.runWorker(ThreadPoolExecutor.java:1114)
	at java.base@11.0.19/java.util.concurrent.ThreadPoolExecutor$Worker.run(ThreadPoolExecutor.java:628)
	at java.base@11.0.19/java.lang.Thread.run(Thread.java:829)


"s0-DataStreamManagement-request--thread11" daemon prio=5 Id=72 WAITING on java.util.concurrent.locks.AbstractQueuedSynchronizer$ConditionObject@63475ace
	at java.base@11.0.19/jdk.internal.misc.Unsafe.park(Native Method)
	-  waiting on java.util.concurrent.locks.AbstractQueuedSynchronizer$ConditionObject@63475ace
	at java.base@11.0.19/java.util.concurrent.locks.LockSupport.park(LockSupport.java:194)
	at java.base@11.0.19/java.util.concurrent.locks.AbstractQueuedSynchronizer$ConditionObject.await(AbstractQueuedSynchronizer.java:2081)
	at java.base@11.0.19/java.util.concurrent.LinkedBlockingQueue.take(LinkedBlockingQueue.java:433)
	at java.base@11.0.19/java.util.concurrent.ThreadPoolExecutor.getTask(ThreadPoolExecutor.java:1054)
	at java.base@11.0.19/java.util.concurrent.ThreadPoolExecutor.runWorker(ThreadPoolExecutor.java:1114)
	at java.base@11.0.19/java.util.concurrent.ThreadPoolExecutor$Worker.run(ThreadPoolExecutor.java:628)
	at java.base@11.0.19/java.lang.Thread.run(Thread.java:829)


"s0-DataStreamManagement-request--thread32" daemon prio=5 Id=93 WAITING on java.util.concurrent.locks.AbstractQueuedSynchronizer$ConditionObject@63475ace
	at java.base@11.0.19/jdk.internal.misc.Unsafe.park(Native Method)
	-  waiting on java.util.concurrent.locks.AbstractQueuedSynchronizer$ConditionObject@63475ace
	at java.base@11.0.19/java.util.concurrent.locks.LockSupport.park(LockSupport.java:194)
	at java.base@11.0.19/java.util.concurrent.locks.AbstractQueuedSynchronizer$ConditionObject.await(AbstractQueuedSynchronizer.java:2081)
	at java.base@11.0.19/java.util.concurrent.LinkedBlockingQueue.take(LinkedBlockingQueue.java:433)
	at java.base@11.0.19/java.util.concurrent.ThreadPoolExecutor.getTask(ThreadPoolExecutor.java:1054)
	at java.base@11.0.19/java.util.concurrent.ThreadPoolExecutor.runWorker(ThreadPoolExecutor.java:1114)
	at java.base@11.0.19/java.util.concurrent.ThreadPoolExecutor$Worker.run(ThreadPoolExecutor.java:628)
	at java.base@11.0.19/java.lang.Thread.run(Thread.java:829)


"s0-DataStreamManagement-request--thread31" daemon prio=5 Id=92 WAITING on java.util.concurrent.locks.AbstractQueuedSynchronizer$ConditionObject@63475ace
	at java.base@11.0.19/jdk.internal.misc.Unsafe.park(Native Method)
	-  waiting on java.util.concurrent.locks.AbstractQueuedSynchronizer$ConditionObject@63475ace
	at java.base@11.0.19/java.util.concurrent.locks.LockSupport.park(LockSupport.java:194)
	at java.base@11.0.19/java.util.concurrent.locks.AbstractQueuedSynchronizer$ConditionObject.await(AbstractQueuedSynchronizer.java:2081)
	at java.base@11.0.19/java.util.concurrent.LinkedBlockingQueue.take(LinkedBlockingQueue.java:433)
	at java.base@11.0.19/java.util.concurrent.ThreadPoolExecutor.getTask(ThreadPoolExecutor.java:1054)
	at java.base@11.0.19/java.util.concurrent.ThreadPoolExecutor.runWorker(ThreadPoolExecutor.java:1114)
	at java.base@11.0.19/java.util.concurrent.ThreadPoolExecutor$Worker.run(ThreadPoolExecutor.java:628)
	at java.base@11.0.19/java.lang.Thread.run(Thread.java:829)


"s0-DataStreamManagement-request--thread29" daemon prio=5 Id=90 WAITING on java.util.concurrent.locks.AbstractQueuedSynchronizer$ConditionObject@63475ace
	at java.base@11.0.19/jdk.internal.misc.Unsafe.park(Native Method)
	-  waiting on java.util.concurrent.locks.AbstractQueuedSynchronizer$ConditionObject@63475ace
	at java.base@11.0.19/java.util.concurrent.locks.LockSupport.park(LockSupport.java:194)
	at java.base@11.0.19/java.util.concurrent.locks.AbstractQueuedSynchronizer$ConditionObject.await(AbstractQueuedSynchronizer.java:2081)
	at java.base@11.0.19/java.util.concurrent.LinkedBlockingQueue.take(LinkedBlockingQueue.java:433)
	at java.base@11.0.19/java.util.concurrent.ThreadPoolExecutor.getTask(ThreadPoolExecutor.java:1054)
	at java.base@11.0.19/java.util.concurrent.ThreadPoolExecutor.runWorker(ThreadPoolExecutor.java:1114)
	at java.base@11.0.19/java.util.concurrent.ThreadPoolExecutor$Worker.run(ThreadPoolExecutor.java:628)
	at java.base@11.0.19/java.lang.Thread.run(Thread.java:829)


"s0-DataStreamManagement-request--thread27" daemon prio=5 Id=88 WAITING on java.util.concurrent.locks.AbstractQueuedSynchronizer$ConditionObject@63475ace
	at java.base@11.0.19/jdk.internal.misc.Unsafe.park(Native Method)
	-  waiting on java.util.concurrent.locks.AbstractQueuedSynchronizer$ConditionObject@63475ace
	at java.base@11.0.19/java.util.concurrent.locks.LockSupport.park(LockSupport.java:194)
	at java.base@11.0.19/java.util.concurrent.locks.AbstractQueuedSynchronizer$ConditionObject.await(AbstractQueuedSynchronizer.java:2081)
	at java.base@11.0.19/java.util.concurrent.LinkedBlockingQueue.take(LinkedBlockingQueue.java:433)
	at java.base@11.0.19/java.util.concurrent.ThreadPoolExecutor.getTask(ThreadPoolExecutor.java:1054)
	at java.base@11.0.19/java.util.concurrent.ThreadPoolExecutor.runWorker(ThreadPoolExecutor.java:1114)
	at java.base@11.0.19/java.util.concurrent.ThreadPoolExecutor$Worker.run(ThreadPoolExecutor.java:628)
	at java.base@11.0.19/java.lang.Thread.run(Thread.java:829)


"s0-DataStreamManagement-request--thread25" daemon prio=5 Id=86 WAITING on java.util.concurrent.locks.AbstractQueuedSynchronizer$ConditionObject@63475ace
	at java.base@11.0.19/jdk.internal.misc.Unsafe.park(Native Method)
	-  waiting on java.util.concurrent.locks.AbstractQueuedSynchronizer$ConditionObject@63475ace
	at java.base@11.0.19/java.util.concurrent.locks.LockSupport.park(LockSupport.java:194)
	at java.base@11.0.19/java.util.concurrent.locks.AbstractQueuedSynchronizer$ConditionObject.await(AbstractQueuedSynchronizer.java:2081)
	at java.base@11.0.19/java.util.concurrent.LinkedBlockingQueue.take(LinkedBlockingQueue.java:433)
	at java.base@11.0.19/java.util.concurrent.ThreadPoolExecutor.getTask(ThreadPoolExecutor.java:1054)
	at java.base@11.0.19/java.util.concurrent.ThreadPoolExecutor.runWorker(ThreadPoolExecutor.java:1114)
	at java.base@11.0.19/java.util.concurrent.ThreadPoolExecutor$Worker.run(ThreadPoolExecutor.java:628)
	at java.base@11.0.19/java.lang.Thread.run(Thread.java:829)


"s0-DataStreamManagement-write--thread1" daemon prio=5 Id=94 WAITING on java.util.concurrent.locks.AbstractQueuedSynchronizer$ConditionObject@4988d8b8
	at java.base@11.0.19/jdk.internal.misc.Unsafe.park(Native Method)
	-  waiting on java.util.concurrent.locks.AbstractQueuedSynchronizer$ConditionObject@4988d8b8
	at java.base@11.0.19/java.util.concurrent.locks.LockSupport.park(LockSupport.java:194)
	at java.base@11.0.19/java.util.concurrent.locks.AbstractQueuedSynchronizer$ConditionObject.await(AbstractQueuedSynchronizer.java:2081)
	at java.base@11.0.19/java.util.concurrent.LinkedBlockingQueue.take(LinkedBlockingQueue.java:433)
	at java.base@11.0.19/java.util.concurrent.ThreadPoolExecutor.getTask(ThreadPoolExecutor.java:1054)
	at java.base@11.0.19/java.util.concurrent.ThreadPoolExecutor.runWorker(ThreadPoolExecutor.java:1114)
	at java.base@11.0.19/java.util.concurrent.ThreadPoolExecutor$Worker.run(ThreadPoolExecutor.java:628)
	at java.base@11.0.19/java.lang.Thread.run(Thread.java:829)


"s0-DataStreamManagement-write--thread2" daemon prio=5 Id=95 WAITING on java.util.concurrent.locks.AbstractQueuedSynchronizer$ConditionObject@4988d8b8
	at java.base@11.0.19/jdk.internal.misc.Unsafe.park(Native Method)
	-  waiting on java.util.concurrent.locks.AbstractQueuedSynchronizer$ConditionObject@4988d8b8
	at java.base@11.0.19/java.util.concurrent.locks.LockSupport.park(LockSupport.java:194)
	at java.base@11.0.19/java.util.concurrent.locks.AbstractQueuedSynchronizer$ConditionObject.await(AbstractQueuedSynchronizer.java:2081)
	at java.base@11.0.19/java.util.concurrent.LinkedBlockingQueue.take(LinkedBlockingQueue.java:433)
	at java.base@11.0.19/java.util.concurrent.ThreadPoolExecutor.getTask(ThreadPoolExecutor.java:1054)
	at java.base@11.0.19/java.util.concurrent.ThreadPoolExecutor.runWorker(ThreadPoolExecutor.java:1114)
	at java.base@11.0.19/java.util.concurrent.ThreadPoolExecutor$Worker.run(ThreadPoolExecutor.java:628)
	at java.base@11.0.19/java.lang.Thread.run(Thread.java:829)


"s0-DataStreamManagement-write--thread3" daemon prio=5 Id=96 WAITING on java.util.concurrent.locks.AbstractQueuedSynchronizer$ConditionObject@4988d8b8
	at java.base@11.0.19/jdk.internal.misc.Unsafe.park(Native Method)
	-  waiting on java.util.concurrent.locks.AbstractQueuedSynchronizer$ConditionObject@4988d8b8
	at java.base@11.0.19/java.util.concurrent.locks.LockSupport.park(LockSupport.java:194)
	at java.base@11.0.19/java.util.concurrent.locks.AbstractQueuedSynchronizer$ConditionObject.await(AbstractQueuedSynchronizer.java:2081)
	at java.base@11.0.19/java.util.concurrent.LinkedBlockingQueue.take(LinkedBlockingQueue.java:433)
	at java.base@11.0.19/java.util.concurrent.ThreadPoolExecutor.getTask(ThreadPoolExecutor.java:1054)
	at java.base@11.0.19/java.util.concurrent.ThreadPoolExecutor.runWorker(ThreadPoolExecutor.java:1114)
	at java.base@11.0.19/java.util.concurrent.ThreadPoolExecutor$Worker.run(ThreadPoolExecutor.java:628)
	at java.base@11.0.19/java.lang.Thread.run(Thread.java:829)


"s0-DataStreamManagement-write--thread4" daemon prio=5 Id=97 WAITING on java.util.concurrent.locks.AbstractQueuedSynchronizer$ConditionObject@4988d8b8
	at java.base@11.0.19/jdk.internal.misc.Unsafe.park(Native Method)
	-  waiting on java.util.concurrent.locks.AbstractQueuedSynchronizer$ConditionObject@4988d8b8
	at java.base@11.0.19/java.util.concurrent.locks.LockSupport.park(LockSupport.java:194)
	at java.base@11.0.19/java.util.concurrent.locks.AbstractQueuedSynchronizer$ConditionObject.await(AbstractQueuedSynchronizer.java:2081)
	at java.base@11.0.19/java.util.concurrent.LinkedBlockingQueue.take(LinkedBlockingQueue.java:433)
	at java.base@11.0.19/java.util.concurrent.ThreadPoolExecutor.getTask(ThreadPoolExecutor.java:1054)
	at java.base@11.0.19/java.util.concurrent.ThreadPoolExecutor.runWorker(ThreadPoolExecutor.java:1114)
	at java.base@11.0.19/java.util.concurrent.ThreadPoolExecutor$Worker.run(ThreadPoolExecutor.java:628)
	at java.base@11.0.19/java.lang.Thread.run(Thread.java:829)


"s0-DataStreamManagement-write--thread7" daemon prio=5 Id=100 WAITING on java.util.concurrent.locks.AbstractQueuedSynchronizer$ConditionObject@4988d8b8
	at java.base@11.0.19/jdk.internal.misc.Unsafe.park(Native Method)
	-  waiting on java.util.concurrent.locks.AbstractQueuedSynchronizer$ConditionObject@4988d8b8
	at java.base@11.0.19/java.util.concurrent.locks.LockSupport.park(LockSupport.java:194)
	at java.base@11.0.19/java.util.concurrent.locks.AbstractQueuedSynchronizer$ConditionObject.await(AbstractQueuedSynchronizer.java:2081)
	at java.base@11.0.19/java.util.concurrent.LinkedBlockingQueue.take(LinkedBlockingQueue.java:433)
	at java.base@11.0.19/java.util.concurrent.ThreadPoolExecutor.getTask(ThreadPoolExecutor.java:1054)
	at java.base@11.0.19/java.util.concurrent.ThreadPoolExecutor.runWorker(ThreadPoolExecutor.java:1114)
	at java.base@11.0.19/java.util.concurrent.ThreadPoolExecutor$Worker.run(ThreadPoolExecutor.java:628)
	at java.base@11.0.19/java.lang.Thread.run(Thread.java:829)


"s0-DataStreamManagement-write--thread6" daemon prio=5 Id=99 WAITING on java.util.concurrent.locks.AbstractQueuedSynchronizer$ConditionObject@4988d8b8
	at java.base@11.0.19/jdk.internal.misc.Unsafe.park(Native Method)
	-  waiting on java.util.concurrent.locks.AbstractQueuedSynchronizer$ConditionObject@4988d8b8
	at java.base@11.0.19/java.util.concurrent.locks.LockSupport.park(LockSupport.java:194)
	at java.base@11.0.19/java.util.concurrent.locks.AbstractQueuedSynchronizer$ConditionObject.await(AbstractQueuedSynchronizer.java:2081)
	at java.base@11.0.19/java.util.concurrent.LinkedBlockingQueue.take(LinkedBlockingQueue.java:433)
	at java.base@11.0.19/java.util.concurrent.ThreadPoolExecutor.getTask(ThreadPoolExecutor.java:1054)
	at java.base@11.0.19/java.util.concurrent.ThreadPoolExecutor.runWorker(ThreadPoolExecutor.java:1114)
	at java.base@11.0.19/java.util.concurrent.ThreadPoolExecutor$Worker.run(ThreadPoolExecutor.java:628)
	at java.base@11.0.19/java.lang.Thread.run(Thread.java:829)


"s0-DataStreamManagement-write--thread5" daemon prio=5 Id=98 WAITING on java.util.concurrent.locks.AbstractQueuedSynchronizer$ConditionObject@4988d8b8
	at java.base@11.0.19/jdk.internal.misc.Unsafe.park(Native Method)
	-  waiting on java.util.concurrent.locks.AbstractQueuedSynchronizer$ConditionObject@4988d8b8
	at java.base@11.0.19/java.util.concurrent.locks.LockSupport.park(LockSupport.java:194)
	at java.base@11.0.19/java.util.concurrent.locks.AbstractQueuedSynchronizer$ConditionObject.await(AbstractQueuedSynchronizer.java:2081)
	at java.base@11.0.19/java.util.concurrent.LinkedBlockingQueue.take(LinkedBlockingQueue.java:433)
	at java.base@11.0.19/java.util.concurrent.ThreadPoolExecutor.getTask(ThreadPoolExecutor.java:1054)
	at java.base@11.0.19/java.util.concurrent.ThreadPoolExecutor.runWorker(ThreadPoolExecutor.java:1114)
	at java.base@11.0.19/java.util.concurrent.ThreadPoolExecutor$Worker.run(ThreadPoolExecutor.java:628)
	at java.base@11.0.19/java.lang.Thread.run(Thread.java:829)


"s0-DataStreamManagement-write--thread9" daemon prio=5 Id=102 WAITING on java.util.concurrent.locks.AbstractQueuedSynchronizer$ConditionObject@4988d8b8
	at java.base@11.0.19/jdk.internal.misc.Unsafe.park(Native Method)
	-  waiting on java.util.concurrent.locks.AbstractQueuedSynchronizer$ConditionObject@4988d8b8
	at java.base@11.0.19/java.util.concurrent.locks.LockSupport.park(LockSupport.java:194)
	at java.base@11.0.19/java.util.concurrent.locks.AbstractQueuedSynchronizer$ConditionObject.await(AbstractQueuedSynchronizer.java:2081)
	at java.base@11.0.19/java.util.concurrent.LinkedBlockingQueue.take(LinkedBlockingQueue.java:433)
	at java.base@11.0.19/java.util.concurrent.ThreadPoolExecutor.getTask(ThreadPoolExecutor.java:1054)
	at java.base@11.0.19/java.util.concurrent.ThreadPoolExecutor.runWorker(ThreadPoolExecutor.java:1114)
	at java.base@11.0.19/java.util.concurrent.ThreadPoolExecutor$Worker.run(ThreadPoolExecutor.java:628)
	at java.base@11.0.19/java.lang.Thread.run(Thread.java:829)


"s0-DataStreamManagement-write--thread8" daemon prio=5 Id=101 WAITING on java.util.concurrent.locks.AbstractQueuedSynchronizer$ConditionObject@4988d8b8
	at java.base@11.0.19/jdk.internal.misc.Unsafe.park(Native Method)
	-  waiting on java.util.concurrent.locks.AbstractQueuedSynchronizer$ConditionObject@4988d8b8
	at java.base@11.0.19/java.util.concurrent.locks.LockSupport.park(LockSupport.java:194)
	at java.base@11.0.19/java.util.concurrent.locks.AbstractQueuedSynchronizer$ConditionObject.await(AbstractQueuedSynchronizer.java:2081)
	at java.base@11.0.19/java.util.concurrent.LinkedBlockingQueue.take(LinkedBlockingQueue.java:433)
	at java.base@11.0.19/java.util.concurrent.ThreadPoolExecutor.getTask(ThreadPoolExecutor.java:1054)
	at java.base@11.0.19/java.util.concurrent.ThreadPoolExecutor.runWorker(ThreadPoolExecutor.java:1114)
	at java.base@11.0.19/java.util.concurrent.ThreadPoolExecutor$Worker.run(ThreadPoolExecutor.java:628)
	at java.base@11.0.19/java.lang.Thread.run(Thread.java:829)


"s0-DataStreamManagement-write--thread14" daemon prio=5 Id=107 WAITING on java.util.concurrent.locks.AbstractQueuedSynchronizer$ConditionObject@4988d8b8
	at java.base@11.0.19/jdk.internal.misc.Unsafe.park(Native Method)
	-  waiting on java.util.concurrent.locks.AbstractQueuedSynchronizer$ConditionObject@4988d8b8
	at java.base@11.0.19/java.util.concurrent.locks.LockSupport.park(LockSupport.java:194)
	at java.base@11.0.19/java.util.concurrent.locks.AbstractQueuedSynchronizer$ConditionObject.await(AbstractQueuedSynchronizer.java:2081)
	at java.base@11.0.19/java.util.concurrent.LinkedBlockingQueue.take(LinkedBlockingQueue.java:433)
	at java.base@11.0.19/java.util.concurrent.ThreadPoolExecutor.getTask(ThreadPoolExecutor.java:1054)
	at java.base@11.0.19/java.util.concurrent.ThreadPoolExecutor.runWorker(ThreadPoolExecutor.java:1114)
	at java.base@11.0.19/java.util.concurrent.ThreadPoolExecutor$Worker.run(ThreadPoolExecutor.java:628)
	at java.base@11.0.19/java.lang.Thread.run(Thread.java:829)


"s0-DataStreamManagement-write--thread13" daemon prio=5 Id=106 WAITING on java.util.concurrent.locks.AbstractQueuedSynchronizer$ConditionObject@4988d8b8
	at java.base@11.0.19/jdk.internal.misc.Unsafe.park(Native Method)
	-  waiting on java.util.concurrent.locks.AbstractQueuedSynchronizer$ConditionObject@4988d8b8
	at java.base@11.0.19/java.util.concurrent.locks.LockSupport.park(LockSupport.java:194)
	at java.base@11.0.19/java.util.concurrent.locks.AbstractQueuedSynchronizer$ConditionObject.await(AbstractQueuedSynchronizer.java:2081)
	at java.base@11.0.19/java.util.concurrent.LinkedBlockingQueue.take(LinkedBlockingQueue.java:433)
	at java.base@11.0.19/java.util.concurrent.ThreadPoolExecutor.getTask(ThreadPoolExecutor.java:1054)
	at java.base@11.0.19/java.util.concurrent.ThreadPoolExecutor.runWorker(ThreadPoolExecutor.java:1114)
	at java.base@11.0.19/java.util.concurrent.ThreadPoolExecutor$Worker.run(ThreadPoolExecutor.java:628)
	at java.base@11.0.19/java.lang.Thread.run(Thread.java:829)


"s0-DataStreamManagement-write--thread12" daemon prio=5 Id=105 WAITING on java.util.concurrent.locks.AbstractQueuedSynchronizer$ConditionObject@4988d8b8
	at java.base@11.0.19/jdk.internal.misc.Unsafe.park(Native Method)
	-  waiting on java.util.concurrent.locks.AbstractQueuedSynchronizer$ConditionObject@4988d8b8
	at java.base@11.0.19/java.util.concurrent.locks.LockSupport.park(LockSupport.java:194)
	at java.base@11.0.19/java.util.concurrent.locks.AbstractQueuedSynchronizer$ConditionObject.await(AbstractQueuedSynchronizer.java:2081)
	at java.base@11.0.19/java.util.concurrent.LinkedBlockingQueue.take(LinkedBlockingQueue.java:433)
	at java.base@11.0.19/java.util.concurrent.ThreadPoolExecutor.getTask(ThreadPoolExecutor.java:1054)
	at java.base@11.0.19/java.util.concurrent.ThreadPoolExecutor.runWorker(ThreadPoolExecutor.java:1114)
	at java.base@11.0.19/java.util.concurrent.ThreadPoolExecutor$Worker.run(ThreadPoolExecutor.java:628)
	at java.base@11.0.19/java.lang.Thread.run(Thread.java:829)


"s0-DataStreamManagement-write--thread11" daemon prio=5 Id=104 WAITING on java.util.concurrent.locks.AbstractQueuedSynchronizer$ConditionObject@4988d8b8
	at java.base@11.0.19/jdk.internal.misc.Unsafe.park(Native Method)
	-  waiting on java.util.concurrent.locks.AbstractQueuedSynchronizer$ConditionObject@4988d8b8
	at java.base@11.0.19/java.util.concurrent.locks.LockSupport.park(LockSupport.java:194)
	at java.base@11.0.19/java.util.concurrent.locks.AbstractQueuedSynchronizer$ConditionObject.await(AbstractQueuedSynchronizer.java:2081)
	at java.base@11.0.19/java.util.concurrent.LinkedBlockingQueue.take(LinkedBlockingQueue.java:433)
	at java.base@11.0.19/java.util.concurrent.ThreadPoolExecutor.getTask(ThreadPoolExecutor.java:1054)
	at java.base@11.0.19/java.util.concurrent.ThreadPoolExecutor.runWorker(ThreadPoolExecutor.java:1114)
	at java.base@11.0.19/java.util.concurrent.ThreadPoolExecutor$Worker.run(ThreadPoolExecutor.java:628)
	at java.base@11.0.19/java.lang.Thread.run(Thread.java:829)


"s0-DataStreamManagement-write--thread10" daemon prio=5 Id=103 WAITING on java.util.concurrent.locks.AbstractQueuedSynchronizer$ConditionObject@4988d8b8
	at java.base@11.0.19/jdk.internal.misc.Unsafe.park(Native Method)
	-  waiting on java.util.concurrent.locks.AbstractQueuedSynchronizer$ConditionObject@4988d8b8
	at java.base@11.0.19/java.util.concurrent.locks.LockSupport.park(LockSupport.java:194)
	at java.base@11.0.19/java.util.concurrent.locks.AbstractQueuedSynchronizer$ConditionObject.await(AbstractQueuedSynchronizer.java:2081)
	at java.base@11.0.19/java.util.concurrent.LinkedBlockingQueue.take(LinkedBlockingQueue.java:433)
	at java.base@11.0.19/java.util.concurrent.ThreadPoolExecutor.getTask(ThreadPoolExecutor.java:1054)
	at java.base@11.0.19/java.util.concurrent.ThreadPoolExecutor.runWorker(ThreadPoolExecutor.java:1114)
	at java.base@11.0.19/java.util.concurrent.ThreadPoolExecutor$Worker.run(ThreadPoolExecutor.java:628)
	at java.base@11.0.19/java.lang.Thread.run(Thread.java:829)


"s0-DataStreamManagement-write--thread16" daemon prio=5 Id=109 WAITING on java.util.concurrent.locks.AbstractQueuedSynchronizer$ConditionObject@4988d8b8
	at java.base@11.0.19/jdk.internal.misc.Unsafe.park(Native Method)
	-  waiting on java.util.concurrent.locks.AbstractQueuedSynchronizer$ConditionObject@4988d8b8
	at java.base@11.0.19/java.util.concurrent.locks.LockSupport.park(LockSupport.java:194)
	at java.base@11.0.19/java.util.concurrent.locks.AbstractQueuedSynchronizer$ConditionObject.await(AbstractQueuedSynchronizer.java:2081)
	at java.base@11.0.19/java.util.concurrent.LinkedBlockingQueue.take(LinkedBlockingQueue.java:433)
	at java.base@11.0.19/java.util.concurrent.ThreadPoolExecutor.getTask(ThreadPoolExecutor.java:1054)
	at java.base@11.0.19/java.util.concurrent.ThreadPoolExecutor.runWorker(ThreadPoolExecutor.java:1114)
	at java.base@11.0.19/java.util.concurrent.ThreadPoolExecutor$Worker.run(ThreadPoolExecutor.java:628)
	at java.base@11.0.19/java.lang.Thread.run(Thread.java:829)


"s0-DataStreamManagement-write--thread15" daemon prio=5 Id=108 WAITING on java.util.concurrent.locks.AbstractQueuedSynchronizer$ConditionObject@4988d8b8
	at java.base@11.0.19/jdk.internal.misc.Unsafe.park(Native Method)
	-  waiting on java.util.concurrent.locks.AbstractQueuedSynchronizer$ConditionObject@4988d8b8
	at java.base@11.0.19/java.util.concurrent.locks.LockSupport.park(LockSupport.java:194)
	at java.base@11.0.19/java.util.concurrent.locks.AbstractQueuedSynchronizer$ConditionObject.await(AbstractQueuedSynchronizer.java:2081)
	at java.base@11.0.19/java.util.concurrent.LinkedBlockingQueue.take(LinkedBlockingQueue.java:433)
	at java.base@11.0.19/java.util.concurrent.ThreadPoolExecutor.getTask(ThreadPoolExecutor.java:1054)
	at java.base@11.0.19/java.util.concurrent.ThreadPoolExecutor.runWorker(ThreadPoolExecutor.java:1114)
	at java.base@11.0.19/java.util.concurrent.ThreadPoolExecutor$Worker.run(ThreadPoolExecutor.java:628)
	at java.base@11.0.19/java.lang.Thread.run(Thread.java:829)


"grpc-default-worker-ELG-3-1" daemon prio=5 Id=110 RUNNABLE (in native)
	at app//org.apache.ratis.thirdparty.io.netty.channel.epoll.Native.epollWait0(Native Method)
	at app//org.apache.ratis.thirdparty.io.netty.channel.epoll.Native.epollWait(Native.java:182)
	at app//org.apache.ratis.thirdparty.io.netty.channel.epoll.EpollEventLoop.epollWait(EpollEventLoop.java:302)
	at app//org.apache.ratis.thirdparty.io.netty.channel.epoll.EpollEventLoop.run(EpollEventLoop.java:366)
	at app//org.apache.ratis.thirdparty.io.netty.util.concurrent.SingleThreadEventExecutor$4.run(SingleThreadEventExecutor.java:997)
	at app//org.apache.ratis.thirdparty.io.netty.util.internal.ThreadExecutorMap$2.run(ThreadExecutorMap.java:74)
	at app//org.apache.ratis.thirdparty.io.netty.util.concurrent.FastThreadLocalRunnable.run(FastThreadLocalRunnable.java:30)
	at java.base@11.0.19/java.lang.Thread.run(Thread.java:829)


"grpc-default-worker-ELG-3-2" daemon prio=5 Id=111 RUNNABLE (in native)
	at app//org.apache.ratis.thirdparty.io.netty.channel.epoll.Native.epollWait0(Native Method)
	at app//org.apache.ratis.thirdparty.io.netty.channel.epoll.Native.epollWait(Native.java:182)
	at app//org.apache.ratis.thirdparty.io.netty.channel.epoll.EpollEventLoop.epollWait(EpollEventLoop.java:302)
	at app//org.apache.ratis.thirdparty.io.netty.channel.epoll.EpollEventLoop.run(EpollEventLoop.java:366)
	at app//org.apache.ratis.thirdparty.io.netty.util.concurrent.SingleThreadEventExecutor$4.run(SingleThreadEventExecutor.java:997)
	at app//org.apache.ratis.thirdparty.io.netty.util.internal.ThreadExecutorMap$2.run(ThreadExecutorMap.java:74)
	at app//org.apache.ratis.thirdparty.io.netty.util.concurrent.FastThreadLocalRunnable.run(FastThreadLocalRunnable.java:30)
	at java.base@11.0.19/java.lang.Thread.run(Thread.java:829)


"grpc-shared-destroyer-0" daemon prio=5 Id=160 WAITING on java.util.concurrent.locks.AbstractQueuedSynchronizer$ConditionObject@c0c2f8d
	at java.base@11.0.19/jdk.internal.misc.Unsafe.park(Native Method)
	-  waiting on java.util.concurrent.locks.AbstractQueuedSynchronizer$ConditionObject@c0c2f8d
	at java.base@11.0.19/java.util.concurrent.locks.LockSupport.park(LockSupport.java:194)
	at java.base@11.0.19/java.util.concurrent.locks.AbstractQueuedSynchronizer$ConditionObject.await(AbstractQueuedSynchronizer.java:2081)
	at java.base@11.0.19/java.util.concurrent.ScheduledThreadPoolExecutor$DelayedWorkQueue.take(ScheduledThreadPoolExecutor.java:1170)
	at java.base@11.0.19/java.util.concurrent.ScheduledThreadPoolExecutor$DelayedWorkQueue.take(ScheduledThreadPoolExecutor.java:899)
	at java.base@11.0.19/java.util.concurrent.ThreadPoolExecutor.getTask(ThreadPoolExecutor.java:1054)
	at java.base@11.0.19/java.util.concurrent.ThreadPoolExecutor.runWorker(ThreadPoolExecutor.java:1114)
	at java.base@11.0.19/java.util.concurrent.ThreadPoolExecutor$Worker.run(ThreadPoolExecutor.java:628)
	...


"grpc-default-executor-2" daemon prio=5 Id=201 TIMED_WAITING on java.util.concurrent.SynchronousQueue$TransferStack@305b7c14
	at java.base@11.0.19/jdk.internal.misc.Unsafe.park(Native Method)
	-  waiting on java.util.concurrent.SynchronousQueue$TransferStack@305b7c14
	at java.base@11.0.19/java.util.concurrent.locks.LockSupport.parkNanos(LockSupport.java:234)
	at java.base@11.0.19/java.util.concurrent.SynchronousQueue$TransferStack.awaitFulfill(SynchronousQueue.java:462)
	at java.base@11.0.19/java.util.concurrent.SynchronousQueue$TransferStack.transfer(SynchronousQueue.java:361)
	at java.base@11.0.19/java.util.concurrent.SynchronousQueue.poll(SynchronousQueue.java:937)
	at java.base@11.0.19/java.util.concurrent.ThreadPoolExecutor.getTask(ThreadPoolExecutor.java:1053)
	at java.base@11.0.19/java.util.concurrent.ThreadPoolExecutor.runWorker(ThreadPoolExecutor.java:1114)
	at java.base@11.0.19/java.util.concurrent.ThreadPoolExecutor$Worker.run(ThreadPoolExecutor.java:628)
	...


"pool-5-thread-1" prio=5 Id=211 WAITING on java.util.concurrent.locks.AbstractQueuedSynchronizer$ConditionObject@6913c1fb
	at java.base@11.0.19/jdk.internal.misc.Unsafe.park(Native Method)
	-  waiting on java.util.concurrent.locks.AbstractQueuedSynchronizer$ConditionObject@6913c1fb
	at java.base@11.0.19/java.util.concurrent.locks.LockSupport.park(LockSupport.java:194)
	at java.base@11.0.19/java.util.concurrent.locks.AbstractQueuedSynchronizer$ConditionObject.await(AbstractQueuedSynchronizer.java:2081)
	at java.base@11.0.19/java.util.concurrent.LinkedBlockingQueue.take(LinkedBlockingQueue.java:433)
	at java.base@11.0.19/java.util.concurrent.ThreadPoolExecutor.getTask(ThreadPoolExecutor.java:1054)
	at java.base@11.0.19/java.util.concurrent.ThreadPoolExecutor.runWorker(ThreadPoolExecutor.java:1114)
	at java.base@11.0.19/java.util.concurrent.ThreadPoolExecutor$Worker.run(ThreadPoolExecutor.java:628)
	at java.base@11.0.19/java.lang.Thread.run(Thread.java:829)


"pool-5-thread-2" prio=5 Id=212 WAITING on java.util.concurrent.locks.AbstractQueuedSynchronizer$ConditionObject@6913c1fb
	at java.base@11.0.19/jdk.internal.misc.Unsafe.park(Native Method)
	-  waiting on java.util.concurrent.locks.AbstractQueuedSynchronizer$ConditionObject@6913c1fb
	at java.base@11.0.19/java.util.concurrent.locks.LockSupport.park(LockSupport.java:194)
	at java.base@11.0.19/java.util.concurrent.locks.AbstractQueuedSynchronizer$ConditionObject.await(AbstractQueuedSynchronizer.java:2081)
	at java.base@11.0.19/java.util.concurrent.LinkedBlockingQueue.take(LinkedBlockingQueue.java:433)
	at java.base@11.0.19/java.util.concurrent.ThreadPoolExecutor.getTask(ThreadPoolExecutor.java:1054)
	at java.base@11.0.19/java.util.concurrent.ThreadPoolExecutor.runWorker(ThreadPoolExecutor.java:1114)
	at java.base@11.0.19/java.util.concurrent.ThreadPoolExecutor$Worker.run(ThreadPoolExecutor.java:628)
	at java.base@11.0.19/java.lang.Thread.run(Thread.java:829)


"pool-5-thread-3" prio=5 Id=213 WAITING on java.util.concurrent.locks.AbstractQueuedSynchronizer$ConditionObject@6913c1fb
	at java.base@11.0.19/jdk.internal.misc.Unsafe.park(Native Method)
	-  waiting on java.util.concurrent.locks.AbstractQueuedSynchronizer$ConditionObject@6913c1fb
	at java.base@11.0.19/java.util.concurrent.locks.LockSupport.park(LockSupport.java:194)
	at java.base@11.0.19/java.util.concurrent.locks.AbstractQueuedSynchronizer$ConditionObject.await(AbstractQueuedSynchronizer.java:2081)
	at java.base@11.0.19/java.util.concurrent.LinkedBlockingQueue.take(LinkedBlockingQueue.java:433)
	at java.base@11.0.19/java.util.concurrent.ThreadPoolExecutor.getTask(ThreadPoolExecutor.java:1054)
	at java.base@11.0.19/java.util.concurrent.ThreadPoolExecutor.runWorker(ThreadPoolExecutor.java:1114)
	at java.base@11.0.19/java.util.concurrent.ThreadPoolExecutor$Worker.run(ThreadPoolExecutor.java:628)
	at java.base@11.0.19/java.lang.Thread.run(Thread.java:829)


"pool-5-thread-4" prio=5 Id=214 WAITING on java.util.concurrent.locks.AbstractQueuedSynchronizer$ConditionObject@6913c1fb
	at java.base@11.0.19/jdk.internal.misc.Unsafe.park(Native Method)
	-  waiting on java.util.concurrent.locks.AbstractQueuedSynchronizer$ConditionObject@6913c1fb
	at java.base@11.0.19/java.util.concurrent.locks.LockSupport.park(LockSupport.java:194)
	at java.base@11.0.19/java.util.concurrent.locks.AbstractQueuedSynchronizer$ConditionObject.await(AbstractQueuedSynchronizer.java:2081)
	at java.base@11.0.19/java.util.concurrent.LinkedBlockingQueue.take(LinkedBlockingQueue.java:433)
	at java.base@11.0.19/java.util.concurrent.ThreadPoolExecutor.getTask(ThreadPoolExecutor.java:1054)
	at java.base@11.0.19/java.util.concurrent.ThreadPoolExecutor.runWorker(ThreadPoolExecutor.java:1114)
	at java.base@11.0.19/java.util.concurrent.ThreadPoolExecutor$Worker.run(ThreadPoolExecutor.java:628)
	at java.base@11.0.19/java.lang.Thread.run(Thread.java:829)


"pool-5-thread-5" prio=5 Id=215 WAITING on java.util.concurrent.locks.AbstractQueuedSynchronizer$ConditionObject@6913c1fb
	at java.base@11.0.19/jdk.internal.misc.Unsafe.park(Native Method)
	-  waiting on java.util.concurrent.locks.AbstractQueuedSynchronizer$ConditionObject@6913c1fb
	at java.base@11.0.19/java.util.concurrent.locks.LockSupport.park(LockSupport.java:194)
	at java.base@11.0.19/java.util.concurrent.locks.AbstractQueuedSynchronizer$ConditionObject.await(AbstractQueuedSynchronizer.java:2081)
	at java.base@11.0.19/java.util.concurrent.LinkedBlockingQueue.take(LinkedBlockingQueue.java:433)
	at java.base@11.0.19/java.util.concurrent.ThreadPoolExecutor.getTask(ThreadPoolExecutor.java:1054)
	at java.base@11.0.19/java.util.concurrent.ThreadPoolExecutor.runWorker(ThreadPoolExecutor.java:1114)
	at java.base@11.0.19/java.util.concurrent.ThreadPoolExecutor$Worker.run(ThreadPoolExecutor.java:628)
	at java.base@11.0.19/java.lang.Thread.run(Thread.java:829)


"pool-5-thread-6" prio=5 Id=216 WAITING on java.util.concurrent.locks.AbstractQueuedSynchronizer$ConditionObject@6913c1fb
	at java.base@11.0.19/jdk.internal.misc.Unsafe.park(Native Method)
	-  waiting on java.util.concurrent.locks.AbstractQueuedSynchronizer$ConditionObject@6913c1fb
	at java.base@11.0.19/java.util.concurrent.locks.LockSupport.park(LockSupport.java:194)
	at java.base@11.0.19/java.util.concurrent.locks.AbstractQueuedSynchronizer$ConditionObject.await(AbstractQueuedSynchronizer.java:2081)
	at java.base@11.0.19/java.util.concurrent.LinkedBlockingQueue.take(LinkedBlockingQueue.java:433)
	at java.base@11.0.19/java.util.concurrent.ThreadPoolExecutor.getTask(ThreadPoolExecutor.java:1054)
	at java.base@11.0.19/java.util.concurrent.ThreadPoolExecutor.runWorker(ThreadPoolExecutor.java:1114)
	at java.base@11.0.19/java.util.concurrent.ThreadPoolExecutor$Worker.run(ThreadPoolExecutor.java:628)
	at java.base@11.0.19/java.lang.Thread.run(Thread.java:829)


"pool-5-thread-7" prio=5 Id=217 WAITING on java.util.concurrent.locks.AbstractQueuedSynchronizer$ConditionObject@6913c1fb
	at java.base@11.0.19/jdk.internal.misc.Unsafe.park(Native Method)
	-  waiting on java.util.concurrent.locks.AbstractQueuedSynchronizer$ConditionObject@6913c1fb
	at java.base@11.0.19/java.util.concurrent.locks.LockSupport.park(LockSupport.java:194)
	at java.base@11.0.19/java.util.concurrent.locks.AbstractQueuedSynchronizer$ConditionObject.await(AbstractQueuedSynchronizer.java:2081)
	at java.base@11.0.19/java.util.concurrent.LinkedBlockingQueue.take(LinkedBlockingQueue.java:433)
	at java.base@11.0.19/java.util.concurrent.ThreadPoolExecutor.getTask(ThreadPoolExecutor.java:1054)
	at java.base@11.0.19/java.util.concurrent.ThreadPoolExecutor.runWorker(ThreadPoolExecutor.java:1114)
	at java.base@11.0.19/java.util.concurrent.ThreadPoolExecutor$Worker.run(ThreadPoolExecutor.java:628)
	at java.base@11.0.19/java.lang.Thread.run(Thread.java:829)


"pool-5-thread-8" prio=5 Id=218 WAITING on java.util.concurrent.locks.AbstractQueuedSynchronizer$ConditionObject@6913c1fb
	at java.base@11.0.19/jdk.internal.misc.Unsafe.park(Native Method)
	-  waiting on java.util.concurrent.locks.AbstractQueuedSynchronizer$ConditionObject@6913c1fb
	at java.base@11.0.19/java.util.concurrent.locks.LockSupport.park(LockSupport.java:194)
	at java.base@11.0.19/java.util.concurrent.locks.AbstractQueuedSynchronizer$ConditionObject.await(AbstractQueuedSynchronizer.java:2081)
	at java.base@11.0.19/java.util.concurrent.LinkedBlockingQueue.take(LinkedBlockingQueue.java:433)
	at java.base@11.0.19/java.util.concurrent.ThreadPoolExecutor.getTask(ThreadPoolExecutor.java:1054)
	at java.base@11.0.19/java.util.concurrent.ThreadPoolExecutor.runWorker(ThreadPoolExecutor.java:1114)
	at java.base@11.0.19/java.util.concurrent.ThreadPoolExecutor$Worker.run(ThreadPoolExecutor.java:628)
	at java.base@11.0.19/java.lang.Thread.run(Thread.java:829)


"pool-5-thread-9" prio=5 Id=219 WAITING on java.util.concurrent.locks.AbstractQueuedSynchronizer$ConditionObject@6913c1fb
	at java.base@11.0.19/jdk.internal.misc.Unsafe.park(Native Method)
	-  waiting on java.util.concurrent.locks.AbstractQueuedSynchronizer$ConditionObject@6913c1fb
	at java.base@11.0.19/java.util.concurrent.locks.LockSupport.park(LockSupport.java:194)
	at java.base@11.0.19/java.util.concurrent.locks.AbstractQueuedSynchronizer$ConditionObject.await(AbstractQueuedSynchronizer.java:2081)
	at java.base@11.0.19/java.util.concurrent.LinkedBlockingQueue.take(LinkedBlockingQueue.java:433)
	at java.base@11.0.19/java.util.concurrent.ThreadPoolExecutor.getTask(ThreadPoolExecutor.java:1054)
	at java.base@11.0.19/java.util.concurrent.ThreadPoolExecutor.runWorker(ThreadPoolExecutor.java:1114)
	at java.base@11.0.19/java.util.concurrent.ThreadPoolExecutor$Worker.run(ThreadPoolExecutor.java:628)
	at java.base@11.0.19/java.lang.Thread.run(Thread.java:829)


"pool-5-thread-10" prio=5 Id=223 WAITING on java.util.concurrent.locks.AbstractQueuedSynchronizer$ConditionObject@6913c1fb
	at java.base@11.0.19/jdk.internal.misc.Unsafe.park(Native Method)
	-  waiting on java.util.concurrent.locks.AbstractQueuedSynchronizer$ConditionObject@6913c1fb
	at java.base@11.0.19/java.util.concurrent.locks.LockSupport.park(LockSupport.java:194)
	at java.base@11.0.19/java.util.concurrent.locks.AbstractQueuedSynchronizer$ConditionObject.await(AbstractQueuedSynchronizer.java:2081)
	at java.base@11.0.19/java.util.concurrent.LinkedBlockingQueue.take(LinkedBlockingQueue.java:433)
	at java.base@11.0.19/java.util.concurrent.ThreadPoolExecutor.getTask(ThreadPoolExecutor.java:1054)
	at java.base@11.0.19/java.util.concurrent.ThreadPoolExecutor.runWorker(ThreadPoolExecutor.java:1114)
	at java.base@11.0.19/java.util.concurrent.ThreadPoolExecutor$Worker.run(ThreadPoolExecutor.java:628)
	at java.base@11.0.19/java.lang.Thread.run(Thread.java:829)


"pool-5-thread-11" prio=5 Id=225 WAITING on java.util.concurrent.locks.AbstractQueuedSynchronizer$ConditionObject@6913c1fb
	at java.base@11.0.19/jdk.internal.misc.Unsafe.park(Native Method)
	-  waiting on java.util.concurrent.locks.AbstractQueuedSynchronizer$ConditionObject@6913c1fb
	at java.base@11.0.19/java.util.concurrent.locks.LockSupport.park(LockSupport.java:194)
	at java.base@11.0.19/java.util.concurrent.locks.AbstractQueuedSynchronizer$ConditionObject.await(AbstractQueuedSynchronizer.java:2081)
	at java.base@11.0.19/java.util.concurrent.LinkedBlockingQueue.take(LinkedBlockingQueue.java:433)
	at java.base@11.0.19/java.util.concurrent.ThreadPoolExecutor.getTask(ThreadPoolExecutor.java:1054)
	at java.base@11.0.19/java.util.concurrent.ThreadPoolExecutor.runWorker(ThreadPoolExecutor.java:1114)
	at java.base@11.0.19/java.util.concurrent.ThreadPoolExecutor$Worker.run(ThreadPoolExecutor.java:628)
	at java.base@11.0.19/java.lang.Thread.run(Thread.java:829)


"pool-5-thread-12" prio=5 Id=226 WAITING on java.util.concurrent.locks.AbstractQueuedSynchronizer$ConditionObject@6913c1fb
	at java.base@11.0.19/jdk.internal.misc.Unsafe.park(Native Method)
	-  waiting on java.util.concurrent.locks.AbstractQueuedSynchronizer$ConditionObject@6913c1fb
	at java.base@11.0.19/java.util.concurrent.locks.LockSupport.park(LockSupport.java:194)
	at java.base@11.0.19/java.util.concurrent.locks.AbstractQueuedSynchronizer$ConditionObject.await(AbstractQueuedSynchronizer.java:2081)
	at java.base@11.0.19/java.util.concurrent.LinkedBlockingQueue.take(LinkedBlockingQueue.java:433)
	at java.base@11.0.19/java.util.concurrent.ThreadPoolExecutor.getTask(ThreadPoolExecutor.java:1054)
	at java.base@11.0.19/java.util.concurrent.ThreadPoolExecutor.runWorker(ThreadPoolExecutor.java:1114)
	at java.base@11.0.19/java.util.concurrent.ThreadPoolExecutor$Worker.run(ThreadPoolExecutor.java:628)
	at java.base@11.0.19/java.lang.Thread.run(Thread.java:829)


"pool-5-thread-13" prio=5 Id=227 WAITING on java.util.concurrent.locks.AbstractQueuedSynchronizer$ConditionObject@6913c1fb
	at java.base@11.0.19/jdk.internal.misc.Unsafe.park(Native Method)
	-  waiting on java.util.concurrent.locks.AbstractQueuedSynchronizer$ConditionObject@6913c1fb
	at java.base@11.0.19/java.util.concurrent.locks.LockSupport.park(LockSupport.java:194)
	at java.base@11.0.19/java.util.concurrent.locks.AbstractQueuedSynchronizer$ConditionObject.await(AbstractQueuedSynchronizer.java:2081)
	at java.base@11.0.19/java.util.concurrent.LinkedBlockingQueue.take(LinkedBlockingQueue.java:433)
	at java.base@11.0.19/java.util.concurrent.ThreadPoolExecutor.getTask(ThreadPoolExecutor.java:1054)
	at java.base@11.0.19/java.util.concurrent.ThreadPoolExecutor.runWorker(ThreadPoolExecutor.java:1114)
	at java.base@11.0.19/java.util.concurrent.ThreadPoolExecutor$Worker.run(ThreadPoolExecutor.java:628)
	at java.base@11.0.19/java.lang.Thread.run(Thread.java:829)


"pool-5-thread-14" prio=5 Id=228 WAITING on java.util.concurrent.locks.AbstractQueuedSynchronizer$ConditionObject@6913c1fb
	at java.base@11.0.19/jdk.internal.misc.Unsafe.park(Native Method)
	-  waiting on java.util.concurrent.locks.AbstractQueuedSynchronizer$ConditionObject@6913c1fb
	at java.base@11.0.19/java.util.concurrent.locks.LockSupport.park(LockSupport.java:194)
	at java.base@11.0.19/java.util.concurrent.locks.AbstractQueuedSynchronizer$ConditionObject.await(AbstractQueuedSynchronizer.java:2081)
	at java.base@11.0.19/java.util.concurrent.LinkedBlockingQueue.take(LinkedBlockingQueue.java:433)
	at java.base@11.0.19/java.util.concurrent.ThreadPoolExecutor.getTask(ThreadPoolExecutor.java:1054)
	at java.base@11.0.19/java.util.concurrent.ThreadPoolExecutor.runWorker(ThreadPoolExecutor.java:1114)
	at java.base@11.0.19/java.util.concurrent.ThreadPoolExecutor$Worker.run(ThreadPoolExecutor.java:628)
	at java.base@11.0.19/java.lang.Thread.run(Thread.java:829)


"pool-5-thread-15" prio=5 Id=229 WAITING on java.util.concurrent.locks.AbstractQueuedSynchronizer$ConditionObject@6913c1fb
	at java.base@11.0.19/jdk.internal.misc.Unsafe.park(Native Method)
	-  waiting on java.util.concurrent.locks.AbstractQueuedSynchronizer$ConditionObject@6913c1fb
	at java.base@11.0.19/java.util.concurrent.locks.LockSupport.park(LockSupport.java:194)
	at java.base@11.0.19/java.util.concurrent.locks.AbstractQueuedSynchronizer$ConditionObject.await(AbstractQueuedSynchronizer.java:2081)
	at java.base@11.0.19/java.util.concurrent.LinkedBlockingQueue.take(LinkedBlockingQueue.java:433)
	at java.base@11.0.19/java.util.concurrent.ThreadPoolExecutor.getTask(ThreadPoolExecutor.java:1054)
	at java.base@11.0.19/java.util.concurrent.ThreadPoolExecutor.runWorker(ThreadPoolExecutor.java:1114)
	at java.base@11.0.19/java.util.concurrent.ThreadPoolExecutor$Worker.run(ThreadPoolExecutor.java:628)
	at java.base@11.0.19/java.lang.Thread.run(Thread.java:829)


"pool-5-thread-16" prio=5 Id=230 WAITING on java.util.concurrent.locks.AbstractQueuedSynchronizer$ConditionObject@6913c1fb
	at java.base@11.0.19/jdk.internal.misc.Unsafe.park(Native Method)
	-  waiting on java.util.concurrent.locks.AbstractQueuedSynchronizer$ConditionObject@6913c1fb
	at java.base@11.0.19/java.util.concurrent.locks.LockSupport.park(LockSupport.java:194)
	at java.base@11.0.19/java.util.concurrent.locks.AbstractQueuedSynchronizer$ConditionObject.await(AbstractQueuedSynchronizer.java:2081)
	at java.base@11.0.19/java.util.concurrent.LinkedBlockingQueue.take(LinkedBlockingQueue.java:433)
	at java.base@11.0.19/java.util.concurrent.ThreadPoolExecutor.getTask(ThreadPoolExecutor.java:1054)
	at java.base@11.0.19/java.util.concurrent.ThreadPoolExecutor.runWorker(ThreadPoolExecutor.java:1114)
	at java.base@11.0.19/java.util.concurrent.ThreadPoolExecutor$Worker.run(ThreadPoolExecutor.java:628)
	at java.base@11.0.19/java.lang.Thread.run(Thread.java:829)


"NettyClientStreamRpc-workerGroup--thread1" daemon prio=5 Id=233 RUNNABLE (in native)
	at java.base@11.0.19/sun.nio.ch.EPoll.wait(Native Method)
	at java.base@11.0.19/sun.nio.ch.EPollSelectorImpl.doSelect(EPollSelectorImpl.java:120)
	at java.base@11.0.19/sun.nio.ch.SelectorImpl.lockAndDoSelect(SelectorImpl.java:124)
	-  locked org.apache.ratis.thirdparty.io.netty.channel.nio.SelectedSelectionKeySet@66d18979
	-  locked sun.nio.ch.EPollSelectorImpl@bccb269
	at java.base@11.0.19/sun.nio.ch.SelectorImpl.select(SelectorImpl.java:141)
	at app//org.apache.ratis.thirdparty.io.netty.channel.nio.SelectedSelectionKeySetSelector.select(SelectedSelectionKeySetSelector.java:68)
	at app//org.apache.ratis.thirdparty.io.netty.channel.nio.NioEventLoop.select(NioEventLoop.java:879)
	at app//org.apache.ratis.thirdparty.io.netty.channel.nio.NioEventLoop.run(NioEventLoop.java:526)
	at app//org.apache.ratis.thirdparty.io.netty.util.concurrent.SingleThreadEventExecutor$4.run(SingleThreadEventExecutor.java:997)
	...


"NettyClientStreamRpc-workerGroup--thread1" daemon prio=5 Id=238 RUNNABLE (in native)
	at java.base@11.0.19/sun.nio.ch.EPoll.wait(Native Method)
	at java.base@11.0.19/sun.nio.ch.EPollSelectorImpl.doSelect(EPollSelectorImpl.java:120)
	at java.base@11.0.19/sun.nio.ch.SelectorImpl.lockAndDoSelect(SelectorImpl.java:124)
	-  locked org.apache.ratis.thirdparty.io.netty.channel.nio.SelectedSelectionKeySet@609cd4d8
	-  locked sun.nio.ch.EPollSelectorImpl@17f7cd29
	at java.base@11.0.19/sun.nio.ch.SelectorImpl.select(SelectorImpl.java:141)
	at app//org.apache.ratis.thirdparty.io.netty.channel.nio.SelectedSelectionKeySetSelector.select(SelectedSelectionKeySetSelector.java:68)
	at app//org.apache.ratis.thirdparty.io.netty.channel.nio.NioEventLoop.select(NioEventLoop.java:879)
	at app//org.apache.ratis.thirdparty.io.netty.channel.nio.NioEventLoop.run(NioEventLoop.java:526)
	at app//org.apache.ratis.thirdparty.io.netty.util.concurrent.SingleThreadEventExecutor$4.run(SingleThreadEventExecutor.java:997)
	...


"NettyClientStreamRpc-workerGroup--thread1" daemon prio=5 Id=240 RUNNABLE (in native)
	at java.base@11.0.19/sun.nio.ch.EPoll.wait(Native Method)
	at java.base@11.0.19/sun.nio.ch.EPollSelectorImpl.doSelect(EPollSelectorImpl.java:120)
	at java.base@11.0.19/sun.nio.ch.SelectorImpl.lockAndDoSelect(SelectorImpl.java:124)
	-  locked org.apache.ratis.thirdparty.io.netty.channel.nio.SelectedSelectionKeySet@7d8704ef
	-  locked sun.nio.ch.EPollSelectorImpl@13b6aecc
	at java.base@11.0.19/sun.nio.ch.SelectorImpl.select(SelectorImpl.java:141)
	at app//org.apache.ratis.thirdparty.io.netty.channel.nio.SelectedSelectionKeySetSelector.select(SelectedSelectionKeySetSelector.java:68)
	at app//org.apache.ratis.thirdparty.io.netty.channel.nio.NioEventLoop.select(NioEventLoop.java:879)
	at app//org.apache.ratis.thirdparty.io.netty.channel.nio.NioEventLoop.run(NioEventLoop.java:526)
	at app//org.apache.ratis.thirdparty.io.netty.util.concurrent.SingleThreadEventExecutor$4.run(SingleThreadEventExecutor.java:997)
	...


"s1-DataStreamManagement-request--thread1" daemon prio=5 Id=241 WAITING on java.util.concurrent.locks.AbstractQueuedSynchronizer$ConditionObject@158a8276
	at java.base@11.0.19/jdk.internal.misc.Unsafe.park(Native Method)
	-  waiting on java.util.concurrent.locks.AbstractQueuedSynchronizer$ConditionObject@158a8276
	at java.base@11.0.19/java.util.concurrent.locks.LockSupport.park(LockSupport.java:194)
	at java.base@11.0.19/java.util.concurrent.locks.AbstractQueuedSynchronizer$ConditionObject.await(AbstractQueuedSynchronizer.java:2081)
	at java.base@11.0.19/java.util.concurrent.LinkedBlockingQueue.take(LinkedBlockingQueue.java:433)
	at java.base@11.0.19/java.util.concurrent.ThreadPoolExecutor.getTask(ThreadPoolExecutor.java:1054)
	at java.base@11.0.19/java.util.concurrent.ThreadPoolExecutor.runWorker(ThreadPoolExecutor.java:1114)
	at java.base@11.0.19/java.util.concurrent.ThreadPoolExecutor$Worker.run(ThreadPoolExecutor.java:628)
	at java.base@11.0.19/java.lang.Thread.run(Thread.java:829)


"s1-DataStreamManagement-request--thread2" daemon prio=5 Id=242 WAITING on java.util.concurrent.locks.AbstractQueuedSynchronizer$ConditionObject@158a8276
	at java.base@11.0.19/jdk.internal.misc.Unsafe.park(Native Method)
	-  waiting on java.util.concurrent.locks.AbstractQueuedSynchronizer$ConditionObject@158a8276
	at java.base@11.0.19/java.util.concurrent.locks.LockSupport.park(LockSupport.java:194)
	at java.base@11.0.19/java.util.concurrent.locks.AbstractQueuedSynchronizer$ConditionObject.await(AbstractQueuedSynchronizer.java:2081)
	at java.base@11.0.19/java.util.concurrent.LinkedBlockingQueue.take(LinkedBlockingQueue.java:433)
	at java.base@11.0.19/java.util.concurrent.ThreadPoolExecutor.getTask(ThreadPoolExecutor.java:1054)
	at java.base@11.0.19/java.util.concurrent.ThreadPoolExecutor.runWorker(ThreadPoolExecutor.java:1114)
	at java.base@11.0.19/java.util.concurrent.ThreadPoolExecutor$Worker.run(ThreadPoolExecutor.java:628)
	at java.base@11.0.19/java.lang.Thread.run(Thread.java:829)


"NettyClientStreamRpc-workerGroup--thread1" daemon prio=5 Id=243 RUNNABLE (in native)
	at java.base@11.0.19/sun.nio.ch.EPoll.wait(Native Method)
	at java.base@11.0.19/sun.nio.ch.EPollSelectorImpl.doSelect(EPollSelectorImpl.java:120)
	at java.base@11.0.19/sun.nio.ch.SelectorImpl.lockAndDoSelect(SelectorImpl.java:124)
	-  locked org.apache.ratis.thirdparty.io.netty.channel.nio.SelectedSelectionKeySet@3c3d9b6b
	-  locked sun.nio.ch.EPollSelectorImpl@79d8407f
	at java.base@11.0.19/sun.nio.ch.SelectorImpl.select(SelectorImpl.java:141)
	at app//org.apache.ratis.thirdparty.io.netty.channel.nio.SelectedSelectionKeySetSelector.select(SelectedSelectionKeySetSelector.java:68)
	at app//org.apache.ratis.thirdparty.io.netty.channel.nio.NioEventLoop.select(NioEventLoop.java:879)
	at app//org.apache.ratis.thirdparty.io.netty.channel.nio.NioEventLoop.run(NioEventLoop.java:526)
	at app//org.apache.ratis.thirdparty.io.netty.util.concurrent.SingleThreadEventExecutor$4.run(SingleThreadEventExecutor.java:997)
	...


"s1-DataStreamManagement-request--thread3" daemon prio=5 Id=244 WAITING on java.util.concurrent.locks.AbstractQueuedSynchronizer$ConditionObject@158a8276
	at java.base@11.0.19/jdk.internal.misc.Unsafe.park(Native Method)
	-  waiting on java.util.concurrent.locks.AbstractQueuedSynchronizer$ConditionObject@158a8276
	at java.base@11.0.19/java.util.concurrent.locks.LockSupport.park(LockSupport.java:194)
	at java.base@11.0.19/java.util.concurrent.locks.AbstractQueuedSynchronizer$ConditionObject.await(AbstractQueuedSynchronizer.java:2081)
	at java.base@11.0.19/java.util.concurrent.LinkedBlockingQueue.take(LinkedBlockingQueue.java:433)
	at java.base@11.0.19/java.util.concurrent.ThreadPoolExecutor.getTask(ThreadPoolExecutor.java:1054)
	at java.base@11.0.19/java.util.concurrent.ThreadPoolExecutor.runWorker(ThreadPoolExecutor.java:1114)
	at java.base@11.0.19/java.util.concurrent.ThreadPoolExecutor$Worker.run(ThreadPoolExecutor.java:628)
	at java.base@11.0.19/java.lang.Thread.run(Thread.java:829)


"s2-DataStreamManagement-request--thread1" daemon prio=5 Id=260 WAITING on java.util.concurrent.locks.AbstractQueuedSynchronizer$ConditionObject@5fbe4146
	at java.base@11.0.19/jdk.internal.misc.Unsafe.park(Native Method)
	-  waiting on java.util.concurrent.locks.AbstractQueuedSynchronizer$ConditionObject@5fbe4146
	at java.base@11.0.19/java.util.concurrent.locks.LockSupport.park(LockSupport.java:194)
	at java.base@11.0.19/java.util.concurrent.locks.AbstractQueuedSynchronizer$ConditionObject.await(AbstractQueuedSynchronizer.java:2081)
	at java.base@11.0.19/java.util.concurrent.LinkedBlockingQueue.take(LinkedBlockingQueue.java:433)
	at java.base@11.0.19/java.util.concurrent.ThreadPoolExecutor.getTask(ThreadPoolExecutor.java:1054)
	at java.base@11.0.19/java.util.concurrent.ThreadPoolExecutor.runWorker(ThreadPoolExecutor.java:1114)
	at java.base@11.0.19/java.util.concurrent.ThreadPoolExecutor$Worker.run(ThreadPoolExecutor.java:628)
	at java.base@11.0.19/java.lang.Thread.run(Thread.java:829)


"s2-DataStreamManagement-request--thread2" daemon prio=5 Id=261 WAITING on java.util.concurrent.locks.AbstractQueuedSynchronizer$ConditionObject@5fbe4146
	at java.base@11.0.19/jdk.internal.misc.Unsafe.park(Native Method)
	-  waiting on java.util.concurrent.locks.AbstractQueuedSynchronizer$ConditionObject@5fbe4146
	at java.base@11.0.19/java.util.concurrent.locks.LockSupport.park(LockSupport.java:194)
	at java.base@11.0.19/java.util.concurrent.locks.AbstractQueuedSynchronizer$ConditionObject.await(AbstractQueuedSynchronizer.java:2081)
	at java.base@11.0.19/java.util.concurrent.LinkedBlockingQueue.take(LinkedBlockingQueue.java:433)
	at java.base@11.0.19/java.util.concurrent.ThreadPoolExecutor.getTask(ThreadPoolExecutor.java:1054)
	at java.base@11.0.19/java.util.concurrent.ThreadPoolExecutor.runWorker(ThreadPoolExecutor.java:1114)
	at java.base@11.0.19/java.util.concurrent.ThreadPoolExecutor$Worker.run(ThreadPoolExecutor.java:628)
	at java.base@11.0.19/java.lang.Thread.run(Thread.java:829)


"s2-DataStreamManagement-request--thread4" daemon prio=5 Id=263 WAITING on java.util.concurrent.locks.AbstractQueuedSynchronizer$ConditionObject@5fbe4146
	at java.base@11.0.19/jdk.internal.misc.Unsafe.park(Native Method)
	-  waiting on java.util.concurrent.locks.AbstractQueuedSynchronizer$ConditionObject@5fbe4146
	at java.base@11.0.19/java.util.concurrent.locks.LockSupport.park(LockSupport.java:194)
	at java.base@11.0.19/java.util.concurrent.locks.AbstractQueuedSynchronizer$ConditionObject.await(AbstractQueuedSynchronizer.java:2081)
	at java.base@11.0.19/java.util.concurrent.LinkedBlockingQueue.take(LinkedBlockingQueue.java:433)
	at java.base@11.0.19/java.util.concurrent.ThreadPoolExecutor.getTask(ThreadPoolExecutor.java:1054)
	at java.base@11.0.19/java.util.concurrent.ThreadPoolExecutor.runWorker(ThreadPoolExecutor.java:1114)
	at java.base@11.0.19/java.util.concurrent.ThreadPoolExecutor$Worker.run(ThreadPoolExecutor.java:628)
	at java.base@11.0.19/java.lang.Thread.run(Thread.java:829)


"s1-DataStreamManagement-request--thread4" daemon prio=5 Id=246 WAITING on java.util.concurrent.locks.AbstractQueuedSynchronizer$ConditionObject@158a8276
	at java.base@11.0.19/jdk.internal.misc.Unsafe.park(Native Method)
	-  waiting on java.util.concurrent.locks.AbstractQueuedSynchronizer$ConditionObject@158a8276
	at java.base@11.0.19/java.util.concurrent.locks.LockSupport.park(LockSupport.java:194)
	at java.base@11.0.19/java.util.concurrent.locks.AbstractQueuedSynchronizer$ConditionObject.await(AbstractQueuedSynchronizer.java:2081)
	at java.base@11.0.19/java.util.concurrent.LinkedBlockingQueue.take(LinkedBlockingQueue.java:433)
	at java.base@11.0.19/java.util.concurrent.ThreadPoolExecutor.getTask(ThreadPoolExecutor.java:1054)
	at java.base@11.0.19/java.util.concurrent.ThreadPoolExecutor.runWorker(ThreadPoolExecutor.java:1114)
	at java.base@11.0.19/java.util.concurrent.ThreadPoolExecutor$Worker.run(ThreadPoolExecutor.java:628)
	at java.base@11.0.19/java.lang.Thread.run(Thread.java:829)


"s2-DataStreamManagement-request--thread3" daemon prio=5 Id=262 WAITING on java.util.concurrent.locks.AbstractQueuedSynchronizer$ConditionObject@5fbe4146
	at java.base@11.0.19/jdk.internal.misc.Unsafe.park(Native Method)
	-  waiting on java.util.concurrent.locks.AbstractQueuedSynchronizer$ConditionObject@5fbe4146
	at java.base@11.0.19/java.util.concurrent.locks.LockSupport.park(LockSupport.java:194)
	at java.base@11.0.19/java.util.concurrent.locks.AbstractQueuedSynchronizer$ConditionObject.await(AbstractQueuedSynchronizer.java:2081)
	at java.base@11.0.19/java.util.concurrent.LinkedBlockingQueue.take(LinkedBlockingQueue.java:433)
	at java.base@11.0.19/java.util.concurrent.ThreadPoolExecutor.getTask(ThreadPoolExecutor.java:1054)
	at java.base@11.0.19/java.util.concurrent.ThreadPoolExecutor.runWorker(ThreadPoolExecutor.java:1114)
	at java.base@11.0.19/java.util.concurrent.ThreadPoolExecutor$Worker.run(ThreadPoolExecutor.java:628)
	at java.base@11.0.19/java.lang.Thread.run(Thread.java:829)


"NettyClientStreamRpc-workerGroup--thread1" daemon prio=5 Id=258 RUNNABLE (in native)
	at java.base@11.0.19/sun.nio.ch.EPoll.wait(Native Method)
	at java.base@11.0.19/sun.nio.ch.EPollSelectorImpl.doSelect(EPollSelectorImpl.java:120)
	at java.base@11.0.19/sun.nio.ch.SelectorImpl.lockAndDoSelect(SelectorImpl.java:124)
	-  locked org.apache.ratis.thirdparty.io.netty.channel.nio.SelectedSelectionKeySet@1e66f1f5
	-  locked sun.nio.ch.EPollSelectorImpl@4e50c791
	at java.base@11.0.19/sun.nio.ch.SelectorImpl.select(SelectorImpl.java:141)
	at app//org.apache.ratis.thirdparty.io.netty.channel.nio.SelectedSelectionKeySetSelector.select(SelectedSelectionKeySetSelector.java:68)
	at app//org.apache.ratis.thirdparty.io.netty.channel.nio.NioEventLoop.select(NioEventLoop.java:879)
	at app//org.apache.ratis.thirdparty.io.netty.channel.nio.NioEventLoop.run(NioEventLoop.java:526)
	at app//org.apache.ratis.thirdparty.io.netty.util.concurrent.SingleThreadEventExecutor$4.run(SingleThreadEventExecutor.java:997)
	...


"NettyClientStreamRpc-workerGroup--thread1" daemon prio=5 Id=257 RUNNABLE (in native)
	at java.base@11.0.19/sun.nio.ch.EPoll.wait(Native Method)
	at java.base@11.0.19/sun.nio.ch.EPollSelectorImpl.doSelect(EPollSelectorImpl.java:120)
	at java.base@11.0.19/sun.nio.ch.SelectorImpl.lockAndDoSelect(SelectorImpl.java:124)
	-  locked org.apache.ratis.thirdparty.io.netty.channel.nio.SelectedSelectionKeySet@7530ad9c
	-  locked sun.nio.ch.EPollSelectorImpl@58a9760d
	at java.base@11.0.19/sun.nio.ch.SelectorImpl.select(SelectorImpl.java:141)
	at app//org.apache.ratis.thirdparty.io.netty.channel.nio.SelectedSelectionKeySetSelector.select(SelectedSelectionKeySetSelector.java:68)
	at app//org.apache.ratis.thirdparty.io.netty.channel.nio.NioEventLoop.select(NioEventLoop.java:879)
	at app//org.apache.ratis.thirdparty.io.netty.channel.nio.NioEventLoop.run(NioEventLoop.java:526)
	at app//org.apache.ratis.thirdparty.io.netty.util.concurrent.SingleThreadEventExecutor$4.run(SingleThreadEventExecutor.java:997)
	...


"NettyClientStreamRpc-workerGroup--thread1" daemon prio=5 Id=255 RUNNABLE (in native)
	at java.base@11.0.19/sun.nio.ch.EPoll.wait(Native Method)
	at java.base@11.0.19/sun.nio.ch.EPollSelectorImpl.doSelect(EPollSelectorImpl.java:120)
	at java.base@11.0.19/sun.nio.ch.SelectorImpl.lockAndDoSelect(SelectorImpl.java:124)
	-  locked org.apache.ratis.thirdparty.io.netty.channel.nio.SelectedSelectionKeySet@71e9ddb4
	-  locked sun.nio.ch.EPollSelectorImpl@394df057
	at java.base@11.0.19/sun.nio.ch.SelectorImpl.select(SelectorImpl.java:141)
	at app//org.apache.ratis.thirdparty.io.netty.channel.nio.SelectedSelectionKeySetSelector.select(SelectedSelectionKeySetSelector.java:68)
	at app//org.apache.ratis.thirdparty.io.netty.channel.nio.NioEventLoop.select(NioEventLoop.java:879)
	at app//org.apache.ratis.thirdparty.io.netty.channel.nio.NioEventLoop.run(NioEventLoop.java:526)
	at app//org.apache.ratis.thirdparty.io.netty.util.concurrent.SingleThreadEventExecutor$4.run(SingleThreadEventExecutor.java:997)
	...


"NettyClientStreamRpc-workerGroup--thread1" daemon prio=5 Id=254 RUNNABLE (in native)
	at java.base@11.0.19/sun.nio.ch.EPoll.wait(Native Method)
	at java.base@11.0.19/sun.nio.ch.EPollSelectorImpl.doSelect(EPollSelectorImpl.java:120)
	at java.base@11.0.19/sun.nio.ch.SelectorImpl.lockAndDoSelect(SelectorImpl.java:124)
	-  locked org.apache.ratis.thirdparty.io.netty.channel.nio.SelectedSelectionKeySet@4961f6af
	-  locked sun.nio.ch.EPollSelectorImpl@5aebe890
	at java.base@11.0.19/sun.nio.ch.SelectorImpl.select(SelectorImpl.java:141)
	at app//org.apache.ratis.thirdparty.io.netty.channel.nio.SelectedSelectionKeySetSelector.select(SelectedSelectionKeySetSelector.java:68)
	at app//org.apache.ratis.thirdparty.io.netty.channel.nio.NioEventLoop.select(NioEventLoop.java:879)
	at app//org.apache.ratis.thirdparty.io.netty.channel.nio.NioEventLoop.run(NioEventLoop.java:526)
	at app//org.apache.ratis.thirdparty.io.netty.util.concurrent.SingleThreadEventExecutor$4.run(SingleThreadEventExecutor.java:997)
	...


"s0-DataStreamManagement-request--thread2" daemon prio=5 Id=251 WAITING on java.util.concurrent.locks.AbstractQueuedSynchronizer$ConditionObject@65d09a04
	at java.base@11.0.19/jdk.internal.misc.Unsafe.park(Native Method)
	-  waiting on java.util.concurrent.locks.AbstractQueuedSynchronizer$ConditionObject@65d09a04
	at java.base@11.0.19/java.util.concurrent.locks.LockSupport.park(LockSupport.java:194)
	at java.base@11.0.19/java.util.concurrent.locks.AbstractQueuedSynchronizer$ConditionObject.await(AbstractQueuedSynchronizer.java:2081)
	at java.base@11.0.19/java.util.concurrent.LinkedBlockingQueue.take(LinkedBlockingQueue.java:433)
	at java.base@11.0.19/java.util.concurrent.ThreadPoolExecutor.getTask(ThreadPoolExecutor.java:1054)
	at java.base@11.0.19/java.util.concurrent.ThreadPoolExecutor.runWorker(ThreadPoolExecutor.java:1114)
	at java.base@11.0.19/java.util.concurrent.ThreadPoolExecutor$Worker.run(ThreadPoolExecutor.java:628)
	at java.base@11.0.19/java.lang.Thread.run(Thread.java:829)


"s0-DataStreamManagement-request--thread4" daemon prio=5 Id=272 WAITING on java.util.concurrent.locks.AbstractQueuedSynchronizer$ConditionObject@65d09a04
	at java.base@11.0.19/jdk.internal.misc.Unsafe.park(Native Method)
	-  waiting on java.util.concurrent.locks.AbstractQueuedSynchronizer$ConditionObject@65d09a04
	at java.base@11.0.19/java.util.concurrent.locks.LockSupport.park(LockSupport.java:194)
	at java.base@11.0.19/java.util.concurrent.locks.AbstractQueuedSynchronizer$ConditionObject.await(AbstractQueuedSynchronizer.java:2081)
	at java.base@11.0.19/java.util.concurrent.LinkedBlockingQueue.take(LinkedBlockingQueue.java:433)
	at java.base@11.0.19/java.util.concurrent.ThreadPoolExecutor.getTask(ThreadPoolExecutor.java:1054)
	at java.base@11.0.19/java.util.concurrent.ThreadPoolExecutor.runWorker(ThreadPoolExecutor.java:1114)
	at java.base@11.0.19/java.util.concurrent.ThreadPoolExecutor$Worker.run(ThreadPoolExecutor.java:628)
	at java.base@11.0.19/java.lang.Thread.run(Thread.java:829)


"s0-DataStreamManagement-request--thread1" daemon prio=5 Id=250 WAITING on java.util.concurrent.locks.AbstractQueuedSynchronizer$ConditionObject@65d09a04
	at java.base@11.0.19/jdk.internal.misc.Unsafe.park(Native Method)
	-  waiting on java.util.concurrent.locks.AbstractQueuedSynchronizer$ConditionObject@65d09a04
	at java.base@11.0.19/java.util.concurrent.locks.LockSupport.park(LockSupport.java:194)
	at java.base@11.0.19/java.util.concurrent.locks.AbstractQueuedSynchronizer$ConditionObject.await(AbstractQueuedSynchronizer.java:2081)
	at java.base@11.0.19/java.util.concurrent.LinkedBlockingQueue.take(LinkedBlockingQueue.java:433)
	at java.base@11.0.19/java.util.concurrent.ThreadPoolExecutor.getTask(ThreadPoolExecutor.java:1054)
	at java.base@11.0.19/java.util.concurrent.ThreadPoolExecutor.runWorker(ThreadPoolExecutor.java:1114)
	at java.base@11.0.19/java.util.concurrent.ThreadPoolExecutor$Worker.run(ThreadPoolExecutor.java:628)
	at java.base@11.0.19/java.lang.Thread.run(Thread.java:829)


"s0-DataStreamManagement-request--thread6" daemon prio=5 Id=274 WAITING on java.util.concurrent.locks.AbstractQueuedSynchronizer$ConditionObject@65d09a04
	at java.base@11.0.19/jdk.internal.misc.Unsafe.park(Native Method)
	-  waiting on java.util.concurrent.locks.AbstractQueuedSynchronizer$ConditionObject@65d09a04
	at java.base@11.0.19/java.util.concurrent.locks.LockSupport.park(LockSupport.java:194)
	at java.base@11.0.19/java.util.concurrent.locks.AbstractQueuedSynchronizer$ConditionObject.await(AbstractQueuedSynchronizer.java:2081)
	at java.base@11.0.19/java.util.concurrent.LinkedBlockingQueue.take(LinkedBlockingQueue.java:433)
	at java.base@11.0.19/java.util.concurrent.ThreadPoolExecutor.getTask(ThreadPoolExecutor.java:1054)
	at java.base@11.0.19/java.util.concurrent.ThreadPoolExecutor.runWorker(ThreadPoolExecutor.java:1114)
	at java.base@11.0.19/java.util.concurrent.ThreadPoolExecutor$Worker.run(ThreadPoolExecutor.java:628)
	at java.base@11.0.19/java.lang.Thread.run(Thread.java:829)


"s0-DataStreamManagement-request--thread5" daemon prio=5 Id=273 WAITING on java.util.concurrent.locks.AbstractQueuedSynchronizer$ConditionObject@65d09a04
	at java.base@11.0.19/jdk.internal.misc.Unsafe.park(Native Method)
	-  waiting on java.util.concurrent.locks.AbstractQueuedSynchronizer$ConditionObject@65d09a04
	at java.base@11.0.19/java.util.concurrent.locks.LockSupport.park(LockSupport.java:194)
	at java.base@11.0.19/java.util.concurrent.locks.AbstractQueuedSynchronizer$ConditionObject.await(AbstractQueuedSynchronizer.java:2081)
	at java.base@11.0.19/java.util.concurrent.LinkedBlockingQueue.take(LinkedBlockingQueue.java:433)
	at java.base@11.0.19/java.util.concurrent.ThreadPoolExecutor.getTask(ThreadPoolExecutor.java:1054)
	at java.base@11.0.19/java.util.concurrent.ThreadPoolExecutor.runWorker(ThreadPoolExecutor.java:1114)
	at java.base@11.0.19/java.util.concurrent.ThreadPoolExecutor$Worker.run(ThreadPoolExecutor.java:628)
	at java.base@11.0.19/java.lang.Thread.run(Thread.java:829)


"s0-DataStreamManagement-request--thread3" daemon prio=5 Id=271 WAITING on java.util.concurrent.locks.AbstractQueuedSynchronizer$ConditionObject@65d09a04
	at java.base@11.0.19/jdk.internal.misc.Unsafe.park(Native Method)
	-  waiting on java.util.concurrent.locks.AbstractQueuedSynchronizer$ConditionObject@65d09a04
	at java.base@11.0.19/java.util.concurrent.locks.LockSupport.park(LockSupport.java:194)
	at java.base@11.0.19/java.util.concurrent.locks.AbstractQueuedSynchronizer$ConditionObject.await(AbstractQueuedSynchronizer.java:2081)
	at java.base@11.0.19/java.util.concurrent.LinkedBlockingQueue.take(LinkedBlockingQueue.java:433)
	at java.base@11.0.19/java.util.concurrent.ThreadPoolExecutor.getTask(ThreadPoolExecutor.java:1054)
	at java.base@11.0.19/java.util.concurrent.ThreadPoolExecutor.runWorker(ThreadPoolExecutor.java:1114)
	at java.base@11.0.19/java.util.concurrent.ThreadPoolExecutor$Worker.run(ThreadPoolExecutor.java:628)
	at java.base@11.0.19/java.lang.Thread.run(Thread.java:829)


"NettyClientStreamRpc-workerGroup--thread1" daemon prio=5 Id=270 RUNNABLE (in native)
	at java.base@11.0.19/sun.nio.ch.EPoll.wait(Native Method)
	at java.base@11.0.19/sun.nio.ch.EPollSelectorImpl.doSelect(EPollSelectorImpl.java:120)
	at java.base@11.0.19/sun.nio.ch.SelectorImpl.lockAndDoSelect(SelectorImpl.java:124)
	-  locked org.apache.ratis.thirdparty.io.netty.channel.nio.SelectedSelectionKeySet@33c911a1
	-  locked sun.nio.ch.EPollSelectorImpl@75db5df9
	at java.base@11.0.19/sun.nio.ch.SelectorImpl.select(SelectorImpl.java:141)
	at app//org.apache.ratis.thirdparty.io.netty.channel.nio.SelectedSelectionKeySetSelector.select(SelectedSelectionKeySetSelector.java:68)
	at app//org.apache.ratis.thirdparty.io.netty.channel.nio.NioEventLoop.select(NioEventLoop.java:879)
	at app//org.apache.ratis.thirdparty.io.netty.channel.nio.NioEventLoop.run(NioEventLoop.java:526)
	at app//org.apache.ratis.thirdparty.io.netty.util.concurrent.SingleThreadEventExecutor$4.run(SingleThreadEventExecutor.java:997)
	...


"s1-DataStreamManagement-request--thread6" daemon prio=5 Id=269 WAITING on java.util.concurrent.locks.AbstractQueuedSynchronizer$ConditionObject@158a8276
	at java.base@11.0.19/jdk.internal.misc.Unsafe.park(Native Method)
	-  waiting on java.util.concurrent.locks.AbstractQueuedSynchronizer$ConditionObject@158a8276
	at java.base@11.0.19/java.util.concurrent.locks.LockSupport.park(LockSupport.java:194)
	at java.base@11.0.19/java.util.concurrent.locks.AbstractQueuedSynchronizer$ConditionObject.await(AbstractQueuedSynchronizer.java:2081)
	at java.base@11.0.19/java.util.concurrent.LinkedBlockingQueue.take(LinkedBlockingQueue.java:433)
	at java.base@11.0.19/java.util.concurrent.ThreadPoolExecutor.getTask(ThreadPoolExecutor.java:1054)
	at java.base@11.0.19/java.util.concurrent.ThreadPoolExecutor.runWorker(ThreadPoolExecutor.java:1114)
	at java.base@11.0.19/java.util.concurrent.ThreadPoolExecutor$Worker.run(ThreadPoolExecutor.java:628)
	at java.base@11.0.19/java.lang.Thread.run(Thread.java:829)


"NettyClientStreamRpc-workerGroup--thread1" daemon prio=5 Id=277 RUNNABLE (in native)
	at java.base@11.0.19/sun.nio.ch.EPoll.wait(Native Method)
	at java.base@11.0.19/sun.nio.ch.EPollSelectorImpl.doSelect(EPollSelectorImpl.java:120)
	at java.base@11.0.19/sun.nio.ch.SelectorImpl.lockAndDoSelect(SelectorImpl.java:124)
	-  locked org.apache.ratis.thirdparty.io.netty.channel.nio.SelectedSelectionKeySet@707194ba
	-  locked sun.nio.ch.EPollSelectorImpl@1190200a
	at java.base@11.0.19/sun.nio.ch.SelectorImpl.select(SelectorImpl.java:141)
	at app//org.apache.ratis.thirdparty.io.netty.channel.nio.SelectedSelectionKeySetSelector.select(SelectedSelectionKeySetSelector.java:68)
	at app//org.apache.ratis.thirdparty.io.netty.channel.nio.NioEventLoop.select(NioEventLoop.java:879)
	at app//org.apache.ratis.thirdparty.io.netty.channel.nio.NioEventLoop.run(NioEventLoop.java:526)
	at app//org.apache.ratis.thirdparty.io.netty.util.concurrent.SingleThreadEventExecutor$4.run(SingleThreadEventExecutor.java:997)
	...


"NettyClientStreamRpc-workerGroup--thread1" daemon prio=5 Id=268 RUNNABLE (in native)
	at java.base@11.0.19/sun.nio.ch.EPoll.wait(Native Method)
	at java.base@11.0.19/sun.nio.ch.EPollSelectorImpl.doSelect(EPollSelectorImpl.java:120)
	at java.base@11.0.19/sun.nio.ch.SelectorImpl.lockAndDoSelect(SelectorImpl.java:124)
	-  locked org.apache.ratis.thirdparty.io.netty.channel.nio.SelectedSelectionKeySet@6a2f6f80
	-  locked sun.nio.ch.EPollSelectorImpl@45b4c3a9
	at java.base@11.0.19/sun.nio.ch.SelectorImpl.select(SelectorImpl.java:141)
	at app//org.apache.ratis.thirdparty.io.netty.channel.nio.SelectedSelectionKeySetSelector.select(SelectedSelectionKeySetSelector.java:68)
	at app//org.apache.ratis.thirdparty.io.netty.channel.nio.NioEventLoop.select(NioEventLoop.java:879)
	at app//org.apache.ratis.thirdparty.io.netty.channel.nio.NioEventLoop.run(NioEventLoop.java:526)
	at app//org.apache.ratis.thirdparty.io.netty.util.concurrent.SingleThreadEventExecutor$4.run(SingleThreadEventExecutor.java:997)
	...


"s1-DataStreamManagement-request--thread5" daemon prio=5 Id=267 WAITING on java.util.concurrent.locks.AbstractQueuedSynchronizer$ConditionObject@158a8276
	at java.base@11.0.19/jdk.internal.misc.Unsafe.park(Native Method)
	-  waiting on java.util.concurrent.locks.AbstractQueuedSynchronizer$ConditionObject@158a8276
	at java.base@11.0.19/java.util.concurrent.locks.LockSupport.park(LockSupport.java:194)
	at java.base@11.0.19/java.util.concurrent.locks.AbstractQueuedSynchronizer$ConditionObject.await(AbstractQueuedSynchronizer.java:2081)
	at java.base@11.0.19/java.util.concurrent.LinkedBlockingQueue.take(LinkedBlockingQueue.java:433)
	at java.base@11.0.19/java.util.concurrent.ThreadPoolExecutor.getTask(ThreadPoolExecutor.java:1054)
	at java.base@11.0.19/java.util.concurrent.ThreadPoolExecutor.runWorker(ThreadPoolExecutor.java:1114)
	at java.base@11.0.19/java.util.concurrent.ThreadPoolExecutor$Worker.run(ThreadPoolExecutor.java:628)
	at java.base@11.0.19/java.lang.Thread.run(Thread.java:829)


"NettyClientStreamRpc-workerGroup--thread1" daemon prio=5 Id=265 RUNNABLE (in native)
	at java.base@11.0.19/sun.nio.ch.EPoll.wait(Native Method)
	at java.base@11.0.19/sun.nio.ch.EPollSelectorImpl.doSelect(EPollSelectorImpl.java:120)
	at java.base@11.0.19/sun.nio.ch.SelectorImpl.lockAndDoSelect(SelectorImpl.java:124)
	-  locked org.apache.ratis.thirdparty.io.netty.channel.nio.SelectedSelectionKeySet@399c4be1
	-  locked sun.nio.ch.EPollSelectorImpl@291caca8
	at java.base@11.0.19/sun.nio.ch.SelectorImpl.select(SelectorImpl.java:141)
	at app//org.apache.ratis.thirdparty.io.netty.channel.nio.SelectedSelectionKeySetSelector.select(SelectedSelectionKeySetSelector.java:68)
	at app//org.apache.ratis.thirdparty.io.netty.channel.nio.NioEventLoop.select(NioEventLoop.java:879)
	at app//org.apache.ratis.thirdparty.io.netty.channel.nio.NioEventLoop.run(NioEventLoop.java:526)
	at app//org.apache.ratis.thirdparty.io.netty.util.concurrent.SingleThreadEventExecutor$4.run(SingleThreadEventExecutor.java:997)
	...


"NettyClientStreamRpc-workerGroup--thread1" daemon prio=5 Id=264 RUNNABLE (in native)
	at java.base@11.0.19/sun.nio.ch.EPoll.wait(Native Method)
	at java.base@11.0.19/sun.nio.ch.EPollSelectorImpl.doSelect(EPollSelectorImpl.java:120)
	at java.base@11.0.19/sun.nio.ch.SelectorImpl.lockAndDoSelect(SelectorImpl.java:124)
	-  locked org.apache.ratis.thirdparty.io.netty.channel.nio.SelectedSelectionKeySet@385e9564
	-  locked sun.nio.ch.EPollSelectorImpl@5b94b04d
	at java.base@11.0.19/sun.nio.ch.SelectorImpl.select(SelectorImpl.java:141)
	at app//org.apache.ratis.thirdparty.io.netty.channel.nio.SelectedSelectionKeySetSelector.select(SelectedSelectionKeySetSelector.java:68)
	at app//org.apache.ratis.thirdparty.io.netty.channel.nio.NioEventLoop.select(NioEventLoop.java:879)
	at app//org.apache.ratis.thirdparty.io.netty.channel.nio.NioEventLoop.run(NioEventLoop.java:526)
	at app//org.apache.ratis.thirdparty.io.netty.util.concurrent.SingleThreadEventExecutor$4.run(SingleThreadEventExecutor.java:997)
	...


"s0-DataStreamManagement-request--thread12" daemon prio=5 Id=286 WAITING on java.util.concurrent.locks.AbstractQueuedSynchronizer$ConditionObject@65d09a04
	at java.base@11.0.19/jdk.internal.misc.Unsafe.park(Native Method)
	-  waiting on java.util.concurrent.locks.AbstractQueuedSynchronizer$ConditionObject@65d09a04
	at java.base@11.0.19/java.util.concurrent.locks.LockSupport.park(LockSupport.java:194)
	at java.base@11.0.19/java.util.concurrent.locks.AbstractQueuedSynchronizer$ConditionObject.await(AbstractQueuedSynchronizer.java:2081)
	at java.base@11.0.19/java.util.concurrent.LinkedBlockingQueue.take(LinkedBlockingQueue.java:433)
	at java.base@11.0.19/java.util.concurrent.ThreadPoolExecutor.getTask(ThreadPoolExecutor.java:1054)
	at java.base@11.0.19/java.util.concurrent.ThreadPoolExecutor.runWorker(ThreadPoolExecutor.java:1114)
	at java.base@11.0.19/java.util.concurrent.ThreadPoolExecutor$Worker.run(ThreadPoolExecutor.java:628)
	at java.base@11.0.19/java.lang.Thread.run(Thread.java:829)


"NettyClientStreamRpc-workerGroup--thread1" daemon prio=5 Id=289 RUNNABLE (in native)
	at java.base@11.0.19/sun.nio.ch.EPoll.wait(Native Method)
	at java.base@11.0.19/sun.nio.ch.EPollSelectorImpl.doSelect(EPollSelectorImpl.java:120)
	at java.base@11.0.19/sun.nio.ch.SelectorImpl.lockAndDoSelect(SelectorImpl.java:124)
	-  locked org.apache.ratis.thirdparty.io.netty.channel.nio.SelectedSelectionKeySet@8c3b9d
	-  locked sun.nio.ch.EPollSelectorImpl@4c39bec8
	at java.base@11.0.19/sun.nio.ch.SelectorImpl.select(SelectorImpl.java:141)
	at app//org.apache.ratis.thirdparty.io.netty.channel.nio.SelectedSelectionKeySetSelector.select(SelectedSelectionKeySetSelector.java:68)
	at app//org.apache.ratis.thirdparty.io.netty.channel.nio.NioEventLoop.select(NioEventLoop.java:879)
	at app//org.apache.ratis.thirdparty.io.netty.channel.nio.NioEventLoop.run(NioEventLoop.java:526)
	at app//org.apache.ratis.thirdparty.io.netty.util.concurrent.SingleThreadEventExecutor$4.run(SingleThreadEventExecutor.java:997)
	...


"s1-DataStreamManagement-request--thread8" daemon prio=5 Id=285 WAITING on java.util.concurrent.locks.AbstractQueuedSynchronizer$ConditionObject@158a8276
	at java.base@11.0.19/jdk.internal.misc.Unsafe.park(Native Method)
	-  waiting on java.util.concurrent.locks.AbstractQueuedSynchronizer$ConditionObject@158a8276
	at java.base@11.0.19/java.util.concurrent.locks.LockSupport.park(LockSupport.java:194)
	at java.base@11.0.19/java.util.concurrent.locks.AbstractQueuedSynchronizer$ConditionObject.await(AbstractQueuedSynchronizer.java:2081)
	at java.base@11.0.19/java.util.concurrent.LinkedBlockingQueue.take(LinkedBlockingQueue.java:433)
	at java.base@11.0.19/java.util.concurrent.ThreadPoolExecutor.getTask(ThreadPoolExecutor.java:1054)
	at java.base@11.0.19/java.util.concurrent.ThreadPoolExecutor.runWorker(ThreadPoolExecutor.java:1114)
	at java.base@11.0.19/java.util.concurrent.ThreadPoolExecutor$Worker.run(ThreadPoolExecutor.java:628)
	at java.base@11.0.19/java.lang.Thread.run(Thread.java:829)


"s0-DataStreamManagement-request--thread11" daemon prio=5 Id=284 WAITING on java.util.concurrent.locks.AbstractQueuedSynchronizer$ConditionObject@65d09a04
	at java.base@11.0.19/jdk.internal.misc.Unsafe.park(Native Method)
	-  waiting on java.util.concurrent.locks.AbstractQueuedSynchronizer$ConditionObject@65d09a04
	at java.base@11.0.19/java.util.concurrent.locks.LockSupport.park(LockSupport.java:194)
	at java.base@11.0.19/java.util.concurrent.locks.AbstractQueuedSynchronizer$ConditionObject.await(AbstractQueuedSynchronizer.java:2081)
	at java.base@11.0.19/java.util.concurrent.LinkedBlockingQueue.take(LinkedBlockingQueue.java:433)
	at java.base@11.0.19/java.util.concurrent.ThreadPoolExecutor.getTask(ThreadPoolExecutor.java:1054)
	at java.base@11.0.19/java.util.concurrent.ThreadPoolExecutor.runWorker(ThreadPoolExecutor.java:1114)
	at java.base@11.0.19/java.util.concurrent.ThreadPoolExecutor$Worker.run(ThreadPoolExecutor.java:628)
	at java.base@11.0.19/java.lang.Thread.run(Thread.java:829)


"s0-DataStreamManagement-request--thread14" daemon prio=5 Id=291 WAITING on java.util.concurrent.locks.AbstractQueuedSynchronizer$ConditionObject@65d09a04
	at java.base@11.0.19/jdk.internal.misc.Unsafe.park(Native Method)
	-  waiting on java.util.concurrent.locks.AbstractQueuedSynchronizer$ConditionObject@65d09a04
	at java.base@11.0.19/java.util.concurrent.locks.LockSupport.park(LockSupport.java:194)
	at java.base@11.0.19/java.util.concurrent.locks.AbstractQueuedSynchronizer$ConditionObject.await(AbstractQueuedSynchronizer.java:2081)
	at java.base@11.0.19/java.util.concurrent.LinkedBlockingQueue.take(LinkedBlockingQueue.java:433)
	at java.base@11.0.19/java.util.concurrent.ThreadPoolExecutor.getTask(ThreadPoolExecutor.java:1054)
	at java.base@11.0.19/java.util.concurrent.ThreadPoolExecutor.runWorker(ThreadPoolExecutor.java:1114)
	at java.base@11.0.19/java.util.concurrent.ThreadPoolExecutor$Worker.run(ThreadPoolExecutor.java:628)
	at java.base@11.0.19/java.lang.Thread.run(Thread.java:829)


"NettyClientStreamRpc-workerGroup--thread1" daemon prio=5 Id=283 RUNNABLE (in native)
	at java.base@11.0.19/sun.nio.ch.EPoll.wait(Native Method)
	at java.base@11.0.19/sun.nio.ch.EPollSelectorImpl.doSelect(EPollSelectorImpl.java:120)
	at java.base@11.0.19/sun.nio.ch.SelectorImpl.lockAndDoSelect(SelectorImpl.java:124)
	-  locked org.apache.ratis.thirdparty.io.netty.channel.nio.SelectedSelectionKeySet@f79e
	-  locked sun.nio.ch.EPollSelectorImpl@7ee8290b
	at java.base@11.0.19/sun.nio.ch.SelectorImpl.select(SelectorImpl.java:141)
	at app//org.apache.ratis.thirdparty.io.netty.channel.nio.SelectedSelectionKeySetSelector.select(SelectedSelectionKeySetSelector.java:68)
	at app//org.apache.ratis.thirdparty.io.netty.channel.nio.NioEventLoop.select(NioEventLoop.java:879)
	at app//org.apache.ratis.thirdparty.io.netty.channel.nio.NioEventLoop.run(NioEventLoop.java:526)
	at app//org.apache.ratis.thirdparty.io.netty.util.concurrent.SingleThreadEventExecutor$4.run(SingleThreadEventExecutor.java:997)
	...


"s0-DataStreamManagement-request--thread10" daemon prio=5 Id=282 WAITING on java.util.concurrent.locks.AbstractQueuedSynchronizer$ConditionObject@65d09a04
	at java.base@11.0.19/jdk.internal.misc.Unsafe.park(Native Method)
	-  waiting on java.util.concurrent.locks.AbstractQueuedSynchronizer$ConditionObject@65d09a04
	at java.base@11.0.19/java.util.concurrent.locks.LockSupport.park(LockSupport.java:194)
	at java.base@11.0.19/java.util.concurrent.locks.AbstractQueuedSynchronizer$ConditionObject.await(AbstractQueuedSynchronizer.java:2081)
	at java.base@11.0.19/java.util.concurrent.LinkedBlockingQueue.take(LinkedBlockingQueue.java:433)
	at java.base@11.0.19/java.util.concurrent.ThreadPoolExecutor.getTask(ThreadPoolExecutor.java:1054)
	at java.base@11.0.19/java.util.concurrent.ThreadPoolExecutor.runWorker(ThreadPoolExecutor.java:1114)
	at java.base@11.0.19/java.util.concurrent.ThreadPoolExecutor$Worker.run(ThreadPoolExecutor.java:628)
	at java.base@11.0.19/java.lang.Thread.run(Thread.java:829)


"NettyClientStreamRpc-workerGroup--thread1" daemon prio=5 Id=281 RUNNABLE (in native)
	at java.base@11.0.19/sun.nio.ch.EPoll.wait(Native Method)
	at java.base@11.0.19/sun.nio.ch.EPollSelectorImpl.doSelect(EPollSelectorImpl.java:120)
	at java.base@11.0.19/sun.nio.ch.SelectorImpl.lockAndDoSelect(SelectorImpl.java:124)
	-  locked org.apache.ratis.thirdparty.io.netty.channel.nio.SelectedSelectionKeySet@1f59a598
	-  locked sun.nio.ch.EPollSelectorImpl@1e178745
	at java.base@11.0.19/sun.nio.ch.SelectorImpl.select(SelectorImpl.java:141)
	at app//org.apache.ratis.thirdparty.io.netty.channel.nio.SelectedSelectionKeySetSelector.select(SelectedSelectionKeySetSelector.java:68)
	at app//org.apache.ratis.thirdparty.io.netty.channel.nio.NioEventLoop.select(NioEventLoop.java:879)
	at app//org.apache.ratis.thirdparty.io.netty.channel.nio.NioEventLoop.run(NioEventLoop.java:526)
	at app//org.apache.ratis.thirdparty.io.netty.util.concurrent.SingleThreadEventExecutor$4.run(SingleThreadEventExecutor.java:997)
	...


"s0-DataStreamManagement-request--thread9" daemon prio=5 Id=280 WAITING on java.util.concurrent.locks.AbstractQueuedSynchronizer$ConditionObject@65d09a04
	at java.base@11.0.19/jdk.internal.misc.Unsafe.park(Native Method)
	-  waiting on java.util.concurrent.locks.AbstractQueuedSynchronizer$ConditionObject@65d09a04
	at java.base@11.0.19/java.util.concurrent.locks.LockSupport.park(LockSupport.java:194)
	at java.base@11.0.19/java.util.concurrent.locks.AbstractQueuedSynchronizer$ConditionObject.await(AbstractQueuedSynchronizer.java:2081)
	at java.base@11.0.19/java.util.concurrent.LinkedBlockingQueue.take(LinkedBlockingQueue.java:433)
	at java.base@11.0.19/java.util.concurrent.ThreadPoolExecutor.getTask(ThreadPoolExecutor.java:1054)
	at java.base@11.0.19/java.util.concurrent.ThreadPoolExecutor.runWorker(ThreadPoolExecutor.java:1114)
	at java.base@11.0.19/java.util.concurrent.ThreadPoolExecutor$Worker.run(ThreadPoolExecutor.java:628)
	at java.base@11.0.19/java.lang.Thread.run(Thread.java:829)


"s0-DataStreamManagement-request--thread18" daemon prio=5 Id=297 WAITING on java.util.concurrent.locks.AbstractQueuedSynchronizer$ConditionObject@65d09a04
	at java.base@11.0.19/jdk.internal.misc.Unsafe.park(Native Method)
	-  waiting on java.util.concurrent.locks.AbstractQueuedSynchronizer$ConditionObject@65d09a04
	at java.base@11.0.19/java.util.concurrent.locks.LockSupport.park(LockSupport.java:194)
	at java.base@11.0.19/java.util.concurrent.locks.AbstractQueuedSynchronizer$ConditionObject.await(AbstractQueuedSynchronizer.java:2081)
	at java.base@11.0.19/java.util.concurrent.LinkedBlockingQueue.take(LinkedBlockingQueue.java:433)
	at java.base@11.0.19/java.util.concurrent.ThreadPoolExecutor.getTask(ThreadPoolExecutor.java:1054)
	at java.base@11.0.19/java.util.concurrent.ThreadPoolExecutor.runWorker(ThreadPoolExecutor.java:1114)
	at java.base@11.0.19/java.util.concurrent.ThreadPoolExecutor$Worker.run(ThreadPoolExecutor.java:628)
	at java.base@11.0.19/java.lang.Thread.run(Thread.java:829)


"NettyClientStreamRpc-workerGroup--thread1" daemon prio=5 Id=279 RUNNABLE (in native)
	at java.base@11.0.19/sun.nio.ch.EPoll.wait(Native Method)
	at java.base@11.0.19/sun.nio.ch.EPollSelectorImpl.doSelect(EPollSelectorImpl.java:120)
	at java.base@11.0.19/sun.nio.ch.SelectorImpl.lockAndDoSelect(SelectorImpl.java:124)
	-  locked org.apache.ratis.thirdparty.io.netty.channel.nio.SelectedSelectionKeySet@192c3f1e
	-  locked sun.nio.ch.EPollSelectorImpl@26b3fd41
	at java.base@11.0.19/sun.nio.ch.SelectorImpl.select(SelectorImpl.java:141)
	at app//org.apache.ratis.thirdparty.io.netty.channel.nio.SelectedSelectionKeySetSelector.select(SelectedSelectionKeySetSelector.java:68)
	at app//org.apache.ratis.thirdparty.io.netty.channel.nio.NioEventLoop.select(NioEventLoop.java:879)
	at app//org.apache.ratis.thirdparty.io.netty.channel.nio.NioEventLoop.run(NioEventLoop.java:526)
	at app//org.apache.ratis.thirdparty.io.netty.util.concurrent.SingleThreadEventExecutor$4.run(SingleThreadEventExecutor.java:997)
	...


"s1-DataStreamManagement-request--thread7" daemon prio=5 Id=278 WAITING on java.util.concurrent.locks.AbstractQueuedSynchronizer$ConditionObject@158a8276
	at java.base@11.0.19/jdk.internal.misc.Unsafe.park(Native Method)
	-  waiting on java.util.concurrent.locks.AbstractQueuedSynchronizer$ConditionObject@158a8276
	at java.base@11.0.19/java.util.concurrent.locks.LockSupport.park(LockSupport.java:194)
	at java.base@11.0.19/java.util.concurrent.locks.AbstractQueuedSynchronizer$ConditionObject.await(AbstractQueuedSynchronizer.java:2081)
	at java.base@11.0.19/java.util.concurrent.LinkedBlockingQueue.take(LinkedBlockingQueue.java:433)
	at java.base@11.0.19/java.util.concurrent.ThreadPoolExecutor.getTask(ThreadPoolExecutor.java:1054)
	at java.base@11.0.19/java.util.concurrent.ThreadPoolExecutor.runWorker(ThreadPoolExecutor.java:1114)
	at java.base@11.0.19/java.util.concurrent.ThreadPoolExecutor$Worker.run(ThreadPoolExecutor.java:628)
	at java.base@11.0.19/java.lang.Thread.run(Thread.java:829)


"s0-DataStreamManagement-request--thread8" daemon prio=5 Id=276 WAITING on java.util.concurrent.locks.AbstractQueuedSynchronizer$ConditionObject@65d09a04
	at java.base@11.0.19/jdk.internal.misc.Unsafe.park(Native Method)
	-  waiting on java.util.concurrent.locks.AbstractQueuedSynchronizer$ConditionObject@65d09a04
	at java.base@11.0.19/java.util.concurrent.locks.LockSupport.park(LockSupport.java:194)
	at java.base@11.0.19/java.util.concurrent.locks.AbstractQueuedSynchronizer$ConditionObject.await(AbstractQueuedSynchronizer.java:2081)
	at java.base@11.0.19/java.util.concurrent.LinkedBlockingQueue.take(LinkedBlockingQueue.java:433)
	at java.base@11.0.19/java.util.concurrent.ThreadPoolExecutor.getTask(ThreadPoolExecutor.java:1054)
	at java.base@11.0.19/java.util.concurrent.ThreadPoolExecutor.runWorker(ThreadPoolExecutor.java:1114)
	at java.base@11.0.19/java.util.concurrent.ThreadPoolExecutor$Worker.run(ThreadPoolExecutor.java:628)
	at java.base@11.0.19/java.lang.Thread.run(Thread.java:829)


"s0-DataStreamManagement-request--thread7" daemon prio=5 Id=275 WAITING on java.util.concurrent.locks.AbstractQueuedSynchronizer$ConditionObject@65d09a04
	at java.base@11.0.19/jdk.internal.misc.Unsafe.park(Native Method)
	-  waiting on java.util.concurrent.locks.AbstractQueuedSynchronizer$ConditionObject@65d09a04
	at java.base@11.0.19/java.util.concurrent.locks.LockSupport.park(LockSupport.java:194)
	at java.base@11.0.19/java.util.concurrent.locks.AbstractQueuedSynchronizer$ConditionObject.await(AbstractQueuedSynchronizer.java:2081)
	at java.base@11.0.19/java.util.concurrent.LinkedBlockingQueue.take(LinkedBlockingQueue.java:433)
	at java.base@11.0.19/java.util.concurrent.ThreadPoolExecutor.getTask(ThreadPoolExecutor.java:1054)
	at java.base@11.0.19/java.util.concurrent.ThreadPoolExecutor.runWorker(ThreadPoolExecutor.java:1114)
	at java.base@11.0.19/java.util.concurrent.ThreadPoolExecutor$Worker.run(ThreadPoolExecutor.java:628)
	at java.base@11.0.19/java.lang.Thread.run(Thread.java:829)


"s1-DataStreamManagement-request--thread11" daemon prio=5 Id=300 WAITING on java.util.concurrent.locks.AbstractQueuedSynchronizer$ConditionObject@158a8276
	at java.base@11.0.19/jdk.internal.misc.Unsafe.park(Native Method)
	-  waiting on java.util.concurrent.locks.AbstractQueuedSynchronizer$ConditionObject@158a8276
	at java.base@11.0.19/java.util.concurrent.locks.LockSupport.park(LockSupport.java:194)
	at java.base@11.0.19/java.util.concurrent.locks.AbstractQueuedSynchronizer$ConditionObject.await(AbstractQueuedSynchronizer.java:2081)
	at java.base@11.0.19/java.util.concurrent.LinkedBlockingQueue.take(LinkedBlockingQueue.java:433)
	at java.base@11.0.19/java.util.concurrent.ThreadPoolExecutor.getTask(ThreadPoolExecutor.java:1054)
	at java.base@11.0.19/java.util.concurrent.ThreadPoolExecutor.runWorker(ThreadPoolExecutor.java:1114)
	at java.base@11.0.19/java.util.concurrent.ThreadPoolExecutor$Worker.run(ThreadPoolExecutor.java:628)
	at java.base@11.0.19/java.lang.Thread.run(Thread.java:829)


"s0-DataStreamManagement-request--thread20" daemon prio=5 Id=299 WAITING on java.util.concurrent.locks.AbstractQueuedSynchronizer$ConditionObject@65d09a04
	at java.base@11.0.19/jdk.internal.misc.Unsafe.park(Native Method)
	-  waiting on java.util.concurrent.locks.AbstractQueuedSynchronizer$ConditionObject@65d09a04
	at java.base@11.0.19/java.util.concurrent.locks.LockSupport.park(LockSupport.java:194)
	at java.base@11.0.19/java.util.concurrent.locks.AbstractQueuedSynchronizer$ConditionObject.await(AbstractQueuedSynchronizer.java:2081)
	at java.base@11.0.19/java.util.concurrent.LinkedBlockingQueue.take(LinkedBlockingQueue.java:433)
	at java.base@11.0.19/java.util.concurrent.ThreadPoolExecutor.getTask(ThreadPoolExecutor.java:1054)
	at java.base@11.0.19/java.util.concurrent.ThreadPoolExecutor.runWorker(ThreadPoolExecutor.java:1114)
	at java.base@11.0.19/java.util.concurrent.ThreadPoolExecutor$Worker.run(ThreadPoolExecutor.java:628)
	at java.base@11.0.19/java.lang.Thread.run(Thread.java:829)


"s0-DataStreamManagement-request--thread19" daemon prio=5 Id=298 WAITING on java.util.concurrent.locks.AbstractQueuedSynchronizer$ConditionObject@65d09a04
	at java.base@11.0.19/jdk.internal.misc.Unsafe.park(Native Method)
	-  waiting on java.util.concurrent.locks.AbstractQueuedSynchronizer$ConditionObject@65d09a04
	at java.base@11.0.19/java.util.concurrent.locks.LockSupport.park(LockSupport.java:194)
	at java.base@11.0.19/java.util.concurrent.locks.AbstractQueuedSynchronizer$ConditionObject.await(AbstractQueuedSynchronizer.java:2081)
	at java.base@11.0.19/java.util.concurrent.LinkedBlockingQueue.take(LinkedBlockingQueue.java:433)
	at java.base@11.0.19/java.util.concurrent.ThreadPoolExecutor.getTask(ThreadPoolExecutor.java:1054)
	at java.base@11.0.19/java.util.concurrent.ThreadPoolExecutor.runWorker(ThreadPoolExecutor.java:1114)
	at java.base@11.0.19/java.util.concurrent.ThreadPoolExecutor$Worker.run(ThreadPoolExecutor.java:628)
	at java.base@11.0.19/java.lang.Thread.run(Thread.java:829)


"s1-DataStreamManagement-request--thread10" daemon prio=5 Id=296 WAITING on java.util.concurrent.locks.AbstractQueuedSynchronizer$ConditionObject@158a8276
	at java.base@11.0.19/jdk.internal.misc.Unsafe.park(Native Method)
	-  waiting on java.util.concurrent.locks.AbstractQueuedSynchronizer$ConditionObject@158a8276
	at java.base@11.0.19/java.util.concurrent.locks.LockSupport.park(LockSupport.java:194)
	at java.base@11.0.19/java.util.concurrent.locks.AbstractQueuedSynchronizer$ConditionObject.await(AbstractQueuedSynchronizer.java:2081)
	at java.base@11.0.19/java.util.concurrent.LinkedBlockingQueue.take(LinkedBlockingQueue.java:433)
	at java.base@11.0.19/java.util.concurrent.ThreadPoolExecutor.getTask(ThreadPoolExecutor.java:1054)
	at java.base@11.0.19/java.util.concurrent.ThreadPoolExecutor.runWorker(ThreadPoolExecutor.java:1114)
	at java.base@11.0.19/java.util.concurrent.ThreadPoolExecutor$Worker.run(ThreadPoolExecutor.java:628)
	at java.base@11.0.19/java.lang.Thread.run(Thread.java:829)


"s0-DataStreamManagement-request--thread17" daemon prio=5 Id=295 WAITING on java.util.concurrent.locks.AbstractQueuedSynchronizer$ConditionObject@65d09a04
	at java.base@11.0.19/jdk.internal.misc.Unsafe.park(Native Method)
	-  waiting on java.util.concurrent.locks.AbstractQueuedSynchronizer$ConditionObject@65d09a04
	at java.base@11.0.19/java.util.concurrent.locks.LockSupport.park(LockSupport.java:194)
	at java.base@11.0.19/java.util.concurrent.locks.AbstractQueuedSynchronizer$ConditionObject.await(AbstractQueuedSynchronizer.java:2081)
	at java.base@11.0.19/java.util.concurrent.LinkedBlockingQueue.take(LinkedBlockingQueue.java:433)
	at java.base@11.0.19/java.util.concurrent.ThreadPoolExecutor.getTask(ThreadPoolExecutor.java:1054)
	at java.base@11.0.19/java.util.concurrent.ThreadPoolExecutor.runWorker(ThreadPoolExecutor.java:1114)
	at java.base@11.0.19/java.util.concurrent.ThreadPoolExecutor$Worker.run(ThreadPoolExecutor.java:628)
	at java.base@11.0.19/java.lang.Thread.run(Thread.java:829)


"s1-DataStreamManagement-request--thread9" daemon prio=5 Id=294 WAITING on java.util.concurrent.locks.AbstractQueuedSynchronizer$ConditionObject@158a8276
	at java.base@11.0.19/jdk.internal.misc.Unsafe.park(Native Method)
	-  waiting on java.util.concurrent.locks.AbstractQueuedSynchronizer$ConditionObject@158a8276
	at java.base@11.0.19/java.util.concurrent.locks.LockSupport.park(LockSupport.java:194)
	at java.base@11.0.19/java.util.concurrent.locks.AbstractQueuedSynchronizer$ConditionObject.await(AbstractQueuedSynchronizer.java:2081)
	at java.base@11.0.19/java.util.concurrent.LinkedBlockingQueue.take(LinkedBlockingQueue.java:433)
	at java.base@11.0.19/java.util.concurrent.ThreadPoolExecutor.getTask(ThreadPoolExecutor.java:1054)
	at java.base@11.0.19/java.util.concurrent.ThreadPoolExecutor.runWorker(ThreadPoolExecutor.java:1114)
	at java.base@11.0.19/java.util.concurrent.ThreadPoolExecutor$Worker.run(ThreadPoolExecutor.java:628)
	at java.base@11.0.19/java.lang.Thread.run(Thread.java:829)


"s0-DataStreamManagement-request--thread16" daemon prio=5 Id=293 WAITING on java.util.concurrent.locks.AbstractQueuedSynchronizer$ConditionObject@65d09a04
	at java.base@11.0.19/jdk.internal.misc.Unsafe.park(Native Method)
	-  waiting on java.util.concurrent.locks.AbstractQueuedSynchronizer$ConditionObject@65d09a04
	at java.base@11.0.19/java.util.concurrent.locks.LockSupport.park(LockSupport.java:194)
	at java.base@11.0.19/java.util.concurrent.locks.AbstractQueuedSynchronizer$ConditionObject.await(AbstractQueuedSynchronizer.java:2081)
	at java.base@11.0.19/java.util.concurrent.LinkedBlockingQueue.take(LinkedBlockingQueue.java:433)
	at java.base@11.0.19/java.util.concurrent.ThreadPoolExecutor.getTask(ThreadPoolExecutor.java:1054)
	at java.base@11.0.19/java.util.concurrent.ThreadPoolExecutor.runWorker(ThreadPoolExecutor.java:1114)
	at java.base@11.0.19/java.util.concurrent.ThreadPoolExecutor$Worker.run(ThreadPoolExecutor.java:628)
	at java.base@11.0.19/java.lang.Thread.run(Thread.java:829)


"s0-DataStreamManagement-request--thread15" daemon prio=5 Id=292 WAITING on java.util.concurrent.locks.AbstractQueuedSynchronizer$ConditionObject@65d09a04
	at java.base@11.0.19/jdk.internal.misc.Unsafe.park(Native Method)
	-  waiting on java.util.concurrent.locks.AbstractQueuedSynchronizer$ConditionObject@65d09a04
	at java.base@11.0.19/java.util.concurrent.locks.LockSupport.park(LockSupport.java:194)
	at java.base@11.0.19/java.util.concurrent.locks.AbstractQueuedSynchronizer$ConditionObject.await(AbstractQueuedSynchronizer.java:2081)
	at java.base@11.0.19/java.util.concurrent.LinkedBlockingQueue.take(LinkedBlockingQueue.java:433)
	at java.base@11.0.19/java.util.concurrent.ThreadPoolExecutor.getTask(ThreadPoolExecutor.java:1054)
	at java.base@11.0.19/java.util.concurrent.ThreadPoolExecutor.runWorker(ThreadPoolExecutor.java:1114)
	at java.base@11.0.19/java.util.concurrent.ThreadPoolExecutor$Worker.run(ThreadPoolExecutor.java:628)
	at java.base@11.0.19/java.lang.Thread.run(Thread.java:829)


"s0-DataStreamManagement-request--thread13" daemon prio=5 Id=290 WAITING on java.util.concurrent.locks.AbstractQueuedSynchronizer$ConditionObject@65d09a04
	at java.base@11.0.19/jdk.internal.misc.Unsafe.park(Native Method)
	-  waiting on java.util.concurrent.locks.AbstractQueuedSynchronizer$ConditionObject@65d09a04
	at java.base@11.0.19/java.util.concurrent.locks.LockSupport.park(LockSupport.java:194)
	at java.base@11.0.19/java.util.concurrent.locks.AbstractQueuedSynchronizer$ConditionObject.await(AbstractQueuedSynchronizer.java:2081)
	at java.base@11.0.19/java.util.concurrent.LinkedBlockingQueue.take(LinkedBlockingQueue.java:433)
	at java.base@11.0.19/java.util.concurrent.ThreadPoolExecutor.getTask(ThreadPoolExecutor.java:1054)
	at java.base@11.0.19/java.util.concurrent.ThreadPoolExecutor.runWorker(ThreadPoolExecutor.java:1114)
	at java.base@11.0.19/java.util.concurrent.ThreadPoolExecutor$Worker.run(ThreadPoolExecutor.java:628)
	at java.base@11.0.19/java.lang.Thread.run(Thread.java:829)


"s2-DataStreamManagement-request--thread5" daemon prio=5 Id=288 WAITING on java.util.concurrent.locks.AbstractQueuedSynchronizer$ConditionObject@5fbe4146
	at java.base@11.0.19/jdk.internal.misc.Unsafe.park(Native Method)
	-  waiting on java.util.concurrent.locks.AbstractQueuedSynchronizer$ConditionObject@5fbe4146
	at java.base@11.0.19/java.util.concurrent.locks.LockSupport.park(LockSupport.java:194)
	at java.base@11.0.19/java.util.concurrent.locks.AbstractQueuedSynchronizer$ConditionObject.await(AbstractQueuedSynchronizer.java:2081)
	at java.base@11.0.19/java.util.concurrent.LinkedBlockingQueue.take(LinkedBlockingQueue.java:433)
	at java.base@11.0.19/java.util.concurrent.ThreadPoolExecutor.getTask(ThreadPoolExecutor.java:1054)
	at java.base@11.0.19/java.util.concurrent.ThreadPoolExecutor.runWorker(ThreadPoolExecutor.java:1114)
	at java.base@11.0.19/java.util.concurrent.ThreadPoolExecutor$Worker.run(ThreadPoolExecutor.java:628)
	at java.base@11.0.19/java.lang.Thread.run(Thread.java:829)


"s1-DataStreamManagement-request--thread15" daemon prio=5 Id=304 WAITING on java.util.concurrent.locks.AbstractQueuedSynchronizer$ConditionObject@158a8276
	at java.base@11.0.19/jdk.internal.misc.Unsafe.park(Native Method)
	-  waiting on java.util.concurrent.locks.AbstractQueuedSynchronizer$ConditionObject@158a8276
	at java.base@11.0.19/java.util.concurrent.locks.LockSupport.park(LockSupport.java:194)
	at java.base@11.0.19/java.util.concurrent.locks.AbstractQueuedSynchronizer$ConditionObject.await(AbstractQueuedSynchronizer.java:2081)
	at java.base@11.0.19/java.util.concurrent.LinkedBlockingQueue.take(LinkedBlockingQueue.java:433)
	at java.base@11.0.19/java.util.concurrent.ThreadPoolExecutor.getTask(ThreadPoolExecutor.java:1054)
	at java.base@11.0.19/java.util.concurrent.ThreadPoolExecutor.runWorker(ThreadPoolExecutor.java:1114)
	at java.base@11.0.19/java.util.concurrent.ThreadPoolExecutor$Worker.run(ThreadPoolExecutor.java:628)
	at java.base@11.0.19/java.lang.Thread.run(Thread.java:829)


"s2-DataStreamManagement-request--thread6" daemon prio=5 Id=306 WAITING on java.util.concurrent.locks.AbstractQueuedSynchronizer$ConditionObject@5fbe4146
	at java.base@11.0.19/jdk.internal.misc.Unsafe.park(Native Method)
	-  waiting on java.util.concurrent.locks.AbstractQueuedSynchronizer$ConditionObject@5fbe4146
	at java.base@11.0.19/java.util.concurrent.locks.LockSupport.park(LockSupport.java:194)
	at java.base@11.0.19/java.util.concurrent.locks.AbstractQueuedSynchronizer$ConditionObject.await(AbstractQueuedSynchronizer.java:2081)
	at java.base@11.0.19/java.util.concurrent.LinkedBlockingQueue.take(LinkedBlockingQueue.java:433)
	at java.base@11.0.19/java.util.concurrent.ThreadPoolExecutor.getTask(ThreadPoolExecutor.java:1054)
	at java.base@11.0.19/java.util.concurrent.ThreadPoolExecutor.runWorker(ThreadPoolExecutor.java:1114)
	at java.base@11.0.19/java.util.concurrent.ThreadPoolExecutor$Worker.run(ThreadPoolExecutor.java:628)
	at java.base@11.0.19/java.lang.Thread.run(Thread.java:829)


"s2-DataStreamManagement-request--thread9" daemon prio=5 Id=313 WAITING on java.util.concurrent.locks.AbstractQueuedSynchronizer$ConditionObject@5fbe4146
	at java.base@11.0.19/jdk.internal.misc.Unsafe.park(Native Method)
	-  waiting on java.util.concurrent.locks.AbstractQueuedSynchronizer$ConditionObject@5fbe4146
	at java.base@11.0.19/java.util.concurrent.locks.LockSupport.park(LockSupport.java:194)
	at java.base@11.0.19/java.util.concurrent.locks.AbstractQueuedSynchronizer$ConditionObject.await(AbstractQueuedSynchronizer.java:2081)
	at java.base@11.0.19/java.util.concurrent.LinkedBlockingQueue.take(LinkedBlockingQueue.java:433)
	at java.base@11.0.19/java.util.concurrent.ThreadPoolExecutor.getTask(ThreadPoolExecutor.java:1054)
	at java.base@11.0.19/java.util.concurrent.ThreadPoolExecutor.runWorker(ThreadPoolExecutor.java:1114)
	at java.base@11.0.19/java.util.concurrent.ThreadPoolExecutor$Worker.run(ThreadPoolExecutor.java:628)
	at java.base@11.0.19/java.lang.Thread.run(Thread.java:829)


"s2-DataStreamManagement-request--thread10" daemon prio=5 Id=314 WAITING on java.util.concurrent.locks.AbstractQueuedSynchronizer$ConditionObject@5fbe4146
	at java.base@11.0.19/jdk.internal.misc.Unsafe.park(Native Method)
	-  waiting on java.util.concurrent.locks.AbstractQueuedSynchronizer$ConditionObject@5fbe4146
	at java.base@11.0.19/java.util.concurrent.locks.LockSupport.park(LockSupport.java:194)
	at java.base@11.0.19/java.util.concurrent.locks.AbstractQueuedSynchronizer$ConditionObject.await(AbstractQueuedSynchronizer.java:2081)
	at java.base@11.0.19/java.util.concurrent.LinkedBlockingQueue.take(LinkedBlockingQueue.java:433)
	at java.base@11.0.19/java.util.concurrent.ThreadPoolExecutor.getTask(ThreadPoolExecutor.java:1054)
	at java.base@11.0.19/java.util.concurrent.ThreadPoolExecutor.runWorker(ThreadPoolExecutor.java:1114)
	at java.base@11.0.19/java.util.concurrent.ThreadPoolExecutor$Worker.run(ThreadPoolExecutor.java:628)
	at java.base@11.0.19/java.lang.Thread.run(Thread.java:829)


"NettyClientStreamRpc-workerGroup--thread1" daemon prio=5 Id=316 RUNNABLE (in native)
	at java.base@11.0.19/sun.nio.ch.EPoll.wait(Native Method)
	at java.base@11.0.19/sun.nio.ch.EPollSelectorImpl.doSelect(EPollSelectorImpl.java:120)
	at java.base@11.0.19/sun.nio.ch.SelectorImpl.lockAndDoSelect(SelectorImpl.java:124)
	-  locked org.apache.ratis.thirdparty.io.netty.channel.nio.SelectedSelectionKeySet@7494f96a
	-  locked sun.nio.ch.EPollSelectorImpl@561b6512
	at java.base@11.0.19/sun.nio.ch.SelectorImpl.select(SelectorImpl.java:141)
	at app//org.apache.ratis.thirdparty.io.netty.channel.nio.SelectedSelectionKeySetSelector.select(SelectedSelectionKeySetSelector.java:68)
	at app//org.apache.ratis.thirdparty.io.netty.channel.nio.NioEventLoop.select(NioEventLoop.java:879)
	at app//org.apache.ratis.thirdparty.io.netty.channel.nio.NioEventLoop.run(NioEventLoop.java:526)
	at app//org.apache.ratis.thirdparty.io.netty.util.concurrent.SingleThreadEventExecutor$4.run(SingleThreadEventExecutor.java:997)
	...


"NettyClientStreamRpc-workerGroup--thread1" daemon prio=5 Id=319 RUNNABLE (in native)
	at java.base@11.0.19/sun.nio.ch.EPoll.wait(Native Method)
	at java.base@11.0.19/sun.nio.ch.EPollSelectorImpl.doSelect(EPollSelectorImpl.java:120)
	at java.base@11.0.19/sun.nio.ch.SelectorImpl.lockAndDoSelect(SelectorImpl.java:124)
	-  locked org.apache.ratis.thirdparty.io.netty.channel.nio.SelectedSelectionKeySet@2e377400
	-  locked sun.nio.ch.EPollSelectorImpl@1757cd72
	at java.base@11.0.19/sun.nio.ch.SelectorImpl.select(SelectorImpl.java:141)
	at app//org.apache.ratis.thirdparty.io.netty.channel.nio.SelectedSelectionKeySetSelector.select(SelectedSelectionKeySetSelector.java:68)
	at app//org.apache.ratis.thirdparty.io.netty.channel.nio.NioEventLoop.select(NioEventLoop.java:879)
	at app//org.apache.ratis.thirdparty.io.netty.channel.nio.NioEventLoop.run(NioEventLoop.java:526)
	at app//org.apache.ratis.thirdparty.io.netty.util.concurrent.SingleThreadEventExecutor$4.run(SingleThreadEventExecutor.java:997)
	...


"NettyClientStreamRpc-workerGroup--thread1" daemon prio=5 Id=322 RUNNABLE (in native)
	at java.base@11.0.19/sun.nio.ch.EPoll.wait(Native Method)
	at java.base@11.0.19/sun.nio.ch.EPollSelectorImpl.doSelect(EPollSelectorImpl.java:120)
	at java.base@11.0.19/sun.nio.ch.SelectorImpl.lockAndDoSelect(SelectorImpl.java:124)
	-  locked org.apache.ratis.thirdparty.io.netty.channel.nio.SelectedSelectionKeySet@445b295b
	-  locked sun.nio.ch.EPollSelectorImpl@49e5f737
	at java.base@11.0.19/sun.nio.ch.SelectorImpl.select(SelectorImpl.java:141)
	at app//org.apache.ratis.thirdparty.io.netty.channel.nio.SelectedSelectionKeySetSelector.select(SelectedSelectionKeySetSelector.java:68)
	at app//org.apache.ratis.thirdparty.io.netty.channel.nio.NioEventLoop.select(NioEventLoop.java:879)
	at app//org.apache.ratis.thirdparty.io.netty.channel.nio.NioEventLoop.run(NioEventLoop.java:526)
	at app//org.apache.ratis.thirdparty.io.netty.util.concurrent.SingleThreadEventExecutor$4.run(SingleThreadEventExecutor.java:997)
	...


"s2-DataStreamManagement-request--thread14" daemon prio=5 Id=325 WAITING on java.util.concurrent.locks.AbstractQueuedSynchronizer$ConditionObject@5fbe4146
	at java.base@11.0.19/jdk.internal.misc.Unsafe.park(Native Method)
	-  waiting on java.util.concurrent.locks.AbstractQueuedSynchronizer$ConditionObject@5fbe4146
	at java.base@11.0.19/java.util.concurrent.locks.LockSupport.park(LockSupport.java:194)
	at java.base@11.0.19/java.util.concurrent.locks.AbstractQueuedSynchronizer$ConditionObject.await(AbstractQueuedSynchronizer.java:2081)
	at java.base@11.0.19/java.util.concurrent.LinkedBlockingQueue.take(LinkedBlockingQueue.java:433)
	at java.base@11.0.19/java.util.concurrent.ThreadPoolExecutor.getTask(ThreadPoolExecutor.java:1054)
	at java.base@11.0.19/java.util.concurrent.ThreadPoolExecutor.runWorker(ThreadPoolExecutor.java:1114)
	at java.base@11.0.19/java.util.concurrent.ThreadPoolExecutor$Worker.run(ThreadPoolExecutor.java:628)
	at java.base@11.0.19/java.lang.Thread.run(Thread.java:829)


"s1-DataStreamManagement-request--thread14" daemon prio=5 Id=303 WAITING on java.util.concurrent.locks.AbstractQueuedSynchronizer$ConditionObject@158a8276
	at java.base@11.0.19/jdk.internal.misc.Unsafe.park(Native Method)
	-  waiting on java.util.concurrent.locks.AbstractQueuedSynchronizer$ConditionObject@158a8276
	at java.base@11.0.19/java.util.concurrent.locks.LockSupport.park(LockSupport.java:194)
	at java.base@11.0.19/java.util.concurrent.locks.AbstractQueuedSynchronizer$ConditionObject.await(AbstractQueuedSynchronizer.java:2081)
	at java.base@11.0.19/java.util.concurrent.LinkedBlockingQueue.take(LinkedBlockingQueue.java:433)
	at java.base@11.0.19/java.util.concurrent.ThreadPoolExecutor.getTask(ThreadPoolExecutor.java:1054)
	at java.base@11.0.19/java.util.concurrent.ThreadPoolExecutor.runWorker(ThreadPoolExecutor.java:1114)
	at java.base@11.0.19/java.util.concurrent.ThreadPoolExecutor$Worker.run(ThreadPoolExecutor.java:628)
	at java.base@11.0.19/java.lang.Thread.run(Thread.java:829)


"s1-DataStreamManagement-request--thread13" daemon prio=5 Id=302 WAITING on java.util.concurrent.locks.AbstractQueuedSynchronizer$ConditionObject@158a8276
	at java.base@11.0.19/jdk.internal.misc.Unsafe.park(Native Method)
	-  waiting on java.util.concurrent.locks.AbstractQueuedSynchronizer$ConditionObject@158a8276
	at java.base@11.0.19/java.util.concurrent.locks.LockSupport.park(LockSupport.java:194)
	at java.base@11.0.19/java.util.concurrent.locks.AbstractQueuedSynchronizer$ConditionObject.await(AbstractQueuedSynchronizer.java:2081)
	at java.base@11.0.19/java.util.concurrent.LinkedBlockingQueue.take(LinkedBlockingQueue.java:433)
	at java.base@11.0.19/java.util.concurrent.ThreadPoolExecutor.getTask(ThreadPoolExecutor.java:1054)
	at java.base@11.0.19/java.util.concurrent.ThreadPoolExecutor.runWorker(ThreadPoolExecutor.java:1114)
	at java.base@11.0.19/java.util.concurrent.ThreadPoolExecutor$Worker.run(ThreadPoolExecutor.java:628)
	at java.base@11.0.19/java.lang.Thread.run(Thread.java:829)


"s1-DataStreamManagement-request--thread12" daemon prio=5 Id=301 WAITING on java.util.concurrent.locks.AbstractQueuedSynchronizer$ConditionObject@158a8276
	at java.base@11.0.19/jdk.internal.misc.Unsafe.park(Native Method)
	-  waiting on java.util.concurrent.locks.AbstractQueuedSynchronizer$ConditionObject@158a8276
	at java.base@11.0.19/java.util.concurrent.locks.LockSupport.park(LockSupport.java:194)
	at java.base@11.0.19/java.util.concurrent.locks.AbstractQueuedSynchronizer$ConditionObject.await(AbstractQueuedSynchronizer.java:2081)
	at java.base@11.0.19/java.util.concurrent.LinkedBlockingQueue.take(LinkedBlockingQueue.java:433)
	at java.base@11.0.19/java.util.concurrent.ThreadPoolExecutor.getTask(ThreadPoolExecutor.java:1054)
	at java.base@11.0.19/java.util.concurrent.ThreadPoolExecutor.runWorker(ThreadPoolExecutor.java:1114)
	at java.base@11.0.19/java.util.concurrent.ThreadPoolExecutor$Worker.run(ThreadPoolExecutor.java:628)
	at java.base@11.0.19/java.lang.Thread.run(Thread.java:829)


"s0-DataStreamManagement-request--thread22" daemon prio=5 Id=324 WAITING on java.util.concurrent.locks.AbstractQueuedSynchronizer$ConditionObject@65d09a04
	at java.base@11.0.19/jdk.internal.misc.Unsafe.park(Native Method)
	-  waiting on java.util.concurrent.locks.AbstractQueuedSynchronizer$ConditionObject@65d09a04
	at java.base@11.0.19/java.util.concurrent.locks.LockSupport.park(LockSupport.java:194)
	at java.base@11.0.19/java.util.concurrent.locks.AbstractQueuedSynchronizer$ConditionObject.await(AbstractQueuedSynchronizer.java:2081)
	at java.base@11.0.19/java.util.concurrent.LinkedBlockingQueue.take(LinkedBlockingQueue.java:433)
	at java.base@11.0.19/java.util.concurrent.ThreadPoolExecutor.getTask(ThreadPoolExecutor.java:1054)
	at java.base@11.0.19/java.util.concurrent.ThreadPoolExecutor.runWorker(ThreadPoolExecutor.java:1114)
	at java.base@11.0.19/java.util.concurrent.ThreadPoolExecutor$Worker.run(ThreadPoolExecutor.java:628)
	at java.base@11.0.19/java.lang.Thread.run(Thread.java:829)


"NettyClientStreamRpc-workerGroup--thread1" daemon prio=5 Id=323 RUNNABLE (in native)
	at java.base@11.0.19/sun.nio.ch.EPoll.wait(Native Method)
	at java.base@11.0.19/sun.nio.ch.EPollSelectorImpl.doSelect(EPollSelectorImpl.java:120)
	at java.base@11.0.19/sun.nio.ch.SelectorImpl.lockAndDoSelect(SelectorImpl.java:124)
	-  locked org.apache.ratis.thirdparty.io.netty.channel.nio.SelectedSelectionKeySet@5c671d7f
	-  locked sun.nio.ch.EPollSelectorImpl@757277dc
	at java.base@11.0.19/sun.nio.ch.SelectorImpl.select(SelectorImpl.java:141)
	at app//org.apache.ratis.thirdparty.io.netty.channel.nio.SelectedSelectionKeySetSelector.select(SelectedSelectionKeySetSelector.java:68)
	at app//org.apache.ratis.thirdparty.io.netty.channel.nio.NioEventLoop.select(NioEventLoop.java:879)
	at app//org.apache.ratis.thirdparty.io.netty.channel.nio.NioEventLoop.run(NioEventLoop.java:526)
	at app//org.apache.ratis.thirdparty.io.netty.util.concurrent.SingleThreadEventExecutor$4.run(SingleThreadEventExecutor.java:997)
	...


"s2-DataStreamManagement-request--thread13" daemon prio=5 Id=320 WAITING on java.util.concurrent.locks.AbstractQueuedSynchronizer$ConditionObject@5fbe4146
	at java.base@11.0.19/jdk.internal.misc.Unsafe.park(Native Method)
	-  waiting on java.util.concurrent.locks.AbstractQueuedSynchronizer$ConditionObject@5fbe4146
	at java.base@11.0.19/java.util.concurrent.locks.LockSupport.park(LockSupport.java:194)
	at java.base@11.0.19/java.util.concurrent.locks.AbstractQueuedSynchronizer$ConditionObject.await(AbstractQueuedSynchronizer.java:2081)
	at java.base@11.0.19/java.util.concurrent.LinkedBlockingQueue.take(LinkedBlockingQueue.java:433)
	at java.base@11.0.19/java.util.concurrent.ThreadPoolExecutor.getTask(ThreadPoolExecutor.java:1054)
	at java.base@11.0.19/java.util.concurrent.ThreadPoolExecutor.runWorker(ThreadPoolExecutor.java:1114)
	at java.base@11.0.19/java.util.concurrent.ThreadPoolExecutor$Worker.run(ThreadPoolExecutor.java:628)
	at java.base@11.0.19/java.lang.Thread.run(Thread.java:829)


"s2-DataStreamManagement-request--thread16" daemon prio=5 Id=329 WAITING on java.util.concurrent.locks.AbstractQueuedSynchronizer$ConditionObject@5fbe4146
	at java.base@11.0.19/jdk.internal.misc.Unsafe.park(Native Method)
	-  waiting on java.util.concurrent.locks.AbstractQueuedSynchronizer$ConditionObject@5fbe4146
	at java.base@11.0.19/java.util.concurrent.locks.LockSupport.park(LockSupport.java:194)
	at java.base@11.0.19/java.util.concurrent.locks.AbstractQueuedSynchronizer$ConditionObject.await(AbstractQueuedSynchronizer.java:2081)
	at java.base@11.0.19/java.util.concurrent.LinkedBlockingQueue.take(LinkedBlockingQueue.java:433)
	at java.base@11.0.19/java.util.concurrent.ThreadPoolExecutor.getTask(ThreadPoolExecutor.java:1054)
	at java.base@11.0.19/java.util.concurrent.ThreadPoolExecutor.runWorker(ThreadPoolExecutor.java:1114)
	at java.base@11.0.19/java.util.concurrent.ThreadPoolExecutor$Worker.run(ThreadPoolExecutor.java:628)
	at java.base@11.0.19/java.lang.Thread.run(Thread.java:829)


"NettyClientStreamRpc-workerGroup--thread1" daemon prio=5 Id=318 RUNNABLE (in native)
	at java.base@11.0.19/sun.nio.ch.EPoll.wait(Native Method)
	at java.base@11.0.19/sun.nio.ch.EPollSelectorImpl.doSelect(EPollSelectorImpl.java:120)
	at java.base@11.0.19/sun.nio.ch.SelectorImpl.lockAndDoSelect(SelectorImpl.java:124)
	-  locked org.apache.ratis.thirdparty.io.netty.channel.nio.SelectedSelectionKeySet@687e99d8
	-  locked sun.nio.ch.EPollSelectorImpl@e4487af
	at java.base@11.0.19/sun.nio.ch.SelectorImpl.select(SelectorImpl.java:141)
	at app//org.apache.ratis.thirdparty.io.netty.channel.nio.SelectedSelectionKeySetSelector.select(SelectedSelectionKeySetSelector.java:68)
	at app//org.apache.ratis.thirdparty.io.netty.channel.nio.NioEventLoop.select(NioEventLoop.java:879)
	at app//org.apache.ratis.thirdparty.io.netty.channel.nio.NioEventLoop.run(NioEventLoop.java:526)
	at app//org.apache.ratis.thirdparty.io.netty.util.concurrent.SingleThreadEventExecutor$4.run(SingleThreadEventExecutor.java:997)
	...


"s2-DataStreamManagement-request--thread12" daemon prio=5 Id=317 WAITING on java.util.concurrent.locks.AbstractQueuedSynchronizer$ConditionObject@5fbe4146
	at java.base@11.0.19/jdk.internal.misc.Unsafe.park(Native Method)
	-  waiting on java.util.concurrent.locks.AbstractQueuedSynchronizer$ConditionObject@5fbe4146
	at java.base@11.0.19/java.util.concurrent.locks.LockSupport.park(LockSupport.java:194)
	at java.base@11.0.19/java.util.concurrent.locks.AbstractQueuedSynchronizer$ConditionObject.await(AbstractQueuedSynchronizer.java:2081)
	at java.base@11.0.19/java.util.concurrent.LinkedBlockingQueue.take(LinkedBlockingQueue.java:433)
	at java.base@11.0.19/java.util.concurrent.ThreadPoolExecutor.getTask(ThreadPoolExecutor.java:1054)
	at java.base@11.0.19/java.util.concurrent.ThreadPoolExecutor.runWorker(ThreadPoolExecutor.java:1114)
	at java.base@11.0.19/java.util.concurrent.ThreadPoolExecutor$Worker.run(ThreadPoolExecutor.java:628)
	at java.base@11.0.19/java.lang.Thread.run(Thread.java:829)


"s2-DataStreamManagement-request--thread11" daemon prio=5 Id=315 WAITING on java.util.concurrent.locks.AbstractQueuedSynchronizer$ConditionObject@5fbe4146
	at java.base@11.0.19/jdk.internal.misc.Unsafe.park(Native Method)
	-  waiting on java.util.concurrent.locks.AbstractQueuedSynchronizer$ConditionObject@5fbe4146
	at java.base@11.0.19/java.util.concurrent.locks.LockSupport.park(LockSupport.java:194)
	at java.base@11.0.19/java.util.concurrent.locks.AbstractQueuedSynchronizer$ConditionObject.await(AbstractQueuedSynchronizer.java:2081)
	at java.base@11.0.19/java.util.concurrent.LinkedBlockingQueue.take(LinkedBlockingQueue.java:433)
	at java.base@11.0.19/java.util.concurrent.ThreadPoolExecutor.getTask(ThreadPoolExecutor.java:1054)
	at java.base@11.0.19/java.util.concurrent.ThreadPoolExecutor.runWorker(ThreadPoolExecutor.java:1114)
	at java.base@11.0.19/java.util.concurrent.ThreadPoolExecutor$Worker.run(ThreadPoolExecutor.java:628)
	at java.base@11.0.19/java.lang.Thread.run(Thread.java:829)


"s2-DataStreamManagement-request--thread8" daemon prio=5 Id=311 WAITING on java.util.concurrent.locks.AbstractQueuedSynchronizer$ConditionObject@5fbe4146
	at java.base@11.0.19/jdk.internal.misc.Unsafe.park(Native Method)
	-  waiting on java.util.concurrent.locks.AbstractQueuedSynchronizer$ConditionObject@5fbe4146
	at java.base@11.0.19/java.util.concurrent.locks.LockSupport.park(LockSupport.java:194)
	at java.base@11.0.19/java.util.concurrent.locks.AbstractQueuedSynchronizer$ConditionObject.await(AbstractQueuedSynchronizer.java:2081)
	at java.base@11.0.19/java.util.concurrent.LinkedBlockingQueue.take(LinkedBlockingQueue.java:433)
	at java.base@11.0.19/java.util.concurrent.ThreadPoolExecutor.getTask(ThreadPoolExecutor.java:1054)
	at java.base@11.0.19/java.util.concurrent.ThreadPoolExecutor.runWorker(ThreadPoolExecutor.java:1114)
	at java.base@11.0.19/java.util.concurrent.ThreadPoolExecutor$Worker.run(ThreadPoolExecutor.java:628)
	at java.base@11.0.19/java.lang.Thread.run(Thread.java:829)


"s1-DataStreamManagement-request--thread16" daemon prio=5 Id=308 WAITING on java.util.concurrent.locks.AbstractQueuedSynchronizer$ConditionObject@158a8276
	at java.base@11.0.19/jdk.internal.misc.Unsafe.park(Native Method)
	-  waiting on java.util.concurrent.locks.AbstractQueuedSynchronizer$ConditionObject@158a8276
	at java.base@11.0.19/java.util.concurrent.locks.LockSupport.park(LockSupport.java:194)
	at java.base@11.0.19/java.util.concurrent.locks.AbstractQueuedSynchronizer$ConditionObject.await(AbstractQueuedSynchronizer.java:2081)
	at java.base@11.0.19/java.util.concurrent.LinkedBlockingQueue.take(LinkedBlockingQueue.java:433)
	at java.base@11.0.19/java.util.concurrent.ThreadPoolExecutor.getTask(ThreadPoolExecutor.java:1054)
	at java.base@11.0.19/java.util.concurrent.ThreadPoolExecutor.runWorker(ThreadPoolExecutor.java:1114)
	at java.base@11.0.19/java.util.concurrent.ThreadPoolExecutor$Worker.run(ThreadPoolExecutor.java:628)
	at java.base@11.0.19/java.lang.Thread.run(Thread.java:829)


"NettyClientStreamRpc-workerGroup--thread1" daemon prio=5 Id=309 RUNNABLE (in native)
	at java.base@11.0.19/sun.nio.ch.EPoll.wait(Native Method)
	at java.base@11.0.19/sun.nio.ch.EPollSelectorImpl.doSelect(EPollSelectorImpl.java:120)
	at java.base@11.0.19/sun.nio.ch.SelectorImpl.lockAndDoSelect(SelectorImpl.java:124)
	-  locked org.apache.ratis.thirdparty.io.netty.channel.nio.SelectedSelectionKeySet@6aaceffd
	-  locked sun.nio.ch.EPollSelectorImpl@c86b9e3
	at java.base@11.0.19/sun.nio.ch.SelectorImpl.select(SelectorImpl.java:141)
	at app//org.apache.ratis.thirdparty.io.netty.channel.nio.SelectedSelectionKeySetSelector.select(SelectedSelectionKeySetSelector.java:68)
	at app//org.apache.ratis.thirdparty.io.netty.channel.nio.NioEventLoop.select(NioEventLoop.java:879)
	at app//org.apache.ratis.thirdparty.io.netty.channel.nio.NioEventLoop.run(NioEventLoop.java:526)
	at app//org.apache.ratis.thirdparty.io.netty.util.concurrent.SingleThreadEventExecutor$4.run(SingleThreadEventExecutor.java:997)
	...


"s2-DataStreamManagement-request--thread7" daemon prio=5 Id=307 WAITING on java.util.concurrent.locks.AbstractQueuedSynchronizer$ConditionObject@5fbe4146
	at java.base@11.0.19/jdk.internal.misc.Unsafe.park(Native Method)
	-  waiting on java.util.concurrent.locks.AbstractQueuedSynchronizer$ConditionObject@5fbe4146
	at java.base@11.0.19/java.util.concurrent.locks.LockSupport.park(LockSupport.java:194)
	at java.base@11.0.19/java.util.concurrent.locks.AbstractQueuedSynchronizer$ConditionObject.await(AbstractQueuedSynchronizer.java:2081)
	at java.base@11.0.19/java.util.concurrent.LinkedBlockingQueue.take(LinkedBlockingQueue.java:433)
	at java.base@11.0.19/java.util.concurrent.ThreadPoolExecutor.getTask(ThreadPoolExecutor.java:1054)
	at java.base@11.0.19/java.util.concurrent.ThreadPoolExecutor.runWorker(ThreadPoolExecutor.java:1114)
	at java.base@11.0.19/java.util.concurrent.ThreadPoolExecutor$Worker.run(ThreadPoolExecutor.java:628)
	at java.base@11.0.19/java.lang.Thread.run(Thread.java:829)


"s2-DataStreamManagement-request--thread19" daemon prio=5 Id=334 WAITING on java.util.concurrent.locks.AbstractQueuedSynchronizer$ConditionObject@5fbe4146
	at java.base@11.0.19/jdk.internal.misc.Unsafe.park(Native Method)
	-  waiting on java.util.concurrent.locks.AbstractQueuedSynchronizer$ConditionObject@5fbe4146
	at java.base@11.0.19/java.util.concurrent.locks.LockSupport.park(LockSupport.java:194)
	at java.base@11.0.19/java.util.concurrent.locks.AbstractQueuedSynchronizer$ConditionObject.await(AbstractQueuedSynchronizer.java:2081)
	at java.base@11.0.19/java.util.concurrent.LinkedBlockingQueue.take(LinkedBlockingQueue.java:433)
	at java.base@11.0.19/java.util.concurrent.ThreadPoolExecutor.getTask(ThreadPoolExecutor.java:1054)
	at java.base@11.0.19/java.util.concurrent.ThreadPoolExecutor.runWorker(ThreadPoolExecutor.java:1114)
	at java.base@11.0.19/java.util.concurrent.ThreadPoolExecutor$Worker.run(ThreadPoolExecutor.java:628)
	at java.base@11.0.19/java.lang.Thread.run(Thread.java:829)


"s0-DataStreamManagement-request--thread21" daemon prio=5 Id=305 WAITING on java.util.concurrent.locks.AbstractQueuedSynchronizer$ConditionObject@65d09a04
	at java.base@11.0.19/jdk.internal.misc.Unsafe.park(Native Method)
	-  waiting on java.util.concurrent.locks.AbstractQueuedSynchronizer$ConditionObject@65d09a04
	at java.base@11.0.19/java.util.concurrent.locks.LockSupport.park(LockSupport.java:194)
	at java.base@11.0.19/java.util.concurrent.locks.AbstractQueuedSynchronizer$ConditionObject.await(AbstractQueuedSynchronizer.java:2081)
	at java.base@11.0.19/java.util.concurrent.LinkedBlockingQueue.take(LinkedBlockingQueue.java:433)
	at java.base@11.0.19/java.util.concurrent.ThreadPoolExecutor.getTask(ThreadPoolExecutor.java:1054)
	at java.base@11.0.19/java.util.concurrent.ThreadPoolExecutor.runWorker(ThreadPoolExecutor.java:1114)
	at java.base@11.0.19/java.util.concurrent.ThreadPoolExecutor$Worker.run(ThreadPoolExecutor.java:628)
	at java.base@11.0.19/java.lang.Thread.run(Thread.java:829)


"s0-DataStreamManagement-request--thread24" daemon prio=5 Id=337 WAITING on java.util.concurrent.locks.AbstractQueuedSynchronizer$ConditionObject@65d09a04
	at java.base@11.0.19/jdk.internal.misc.Unsafe.park(Native Method)
	-  waiting on java.util.concurrent.locks.AbstractQueuedSynchronizer$ConditionObject@65d09a04
	at java.base@11.0.19/java.util.concurrent.locks.LockSupport.park(LockSupport.java:194)
	at java.base@11.0.19/java.util.concurrent.locks.AbstractQueuedSynchronizer$ConditionObject.await(AbstractQueuedSynchronizer.java:2081)
	at java.base@11.0.19/java.util.concurrent.LinkedBlockingQueue.take(LinkedBlockingQueue.java:433)
	at java.base@11.0.19/java.util.concurrent.ThreadPoolExecutor.getTask(ThreadPoolExecutor.java:1054)
	at java.base@11.0.19/java.util.concurrent.ThreadPoolExecutor.runWorker(ThreadPoolExecutor.java:1114)
	at java.base@11.0.19/java.util.concurrent.ThreadPoolExecutor$Worker.run(ThreadPoolExecutor.java:628)
	at java.base@11.0.19/java.lang.Thread.run(Thread.java:829)


"s0-DataStreamManagement-request--thread26" daemon prio=5 Id=339 WAITING on java.util.concurrent.locks.AbstractQueuedSynchronizer$ConditionObject@65d09a04
	at java.base@11.0.19/jdk.internal.misc.Unsafe.park(Native Method)
	-  waiting on java.util.concurrent.locks.AbstractQueuedSynchronizer$ConditionObject@65d09a04
	at java.base@11.0.19/java.util.concurrent.locks.LockSupport.park(LockSupport.java:194)
	at java.base@11.0.19/java.util.concurrent.locks.AbstractQueuedSynchronizer$ConditionObject.await(AbstractQueuedSynchronizer.java:2081)
	at java.base@11.0.19/java.util.concurrent.LinkedBlockingQueue.take(LinkedBlockingQueue.java:433)
	at java.base@11.0.19/java.util.concurrent.ThreadPoolExecutor.getTask(ThreadPoolExecutor.java:1054)
	at java.base@11.0.19/java.util.concurrent.ThreadPoolExecutor.runWorker(ThreadPoolExecutor.java:1114)
	at java.base@11.0.19/java.util.concurrent.ThreadPoolExecutor$Worker.run(ThreadPoolExecutor.java:628)
	at java.base@11.0.19/java.lang.Thread.run(Thread.java:829)


"s1-DataStreamManagement-request--thread18" daemon prio=5 Id=341 WAITING on java.util.concurrent.locks.AbstractQueuedSynchronizer$ConditionObject@158a8276
	at java.base@11.0.19/jdk.internal.misc.Unsafe.park(Native Method)
	-  waiting on java.util.concurrent.locks.AbstractQueuedSynchronizer$ConditionObject@158a8276
	at java.base@11.0.19/java.util.concurrent.locks.LockSupport.park(LockSupport.java:194)
	at java.base@11.0.19/java.util.concurrent.locks.AbstractQueuedSynchronizer$ConditionObject.await(AbstractQueuedSynchronizer.java:2081)
	at java.base@11.0.19/java.util.concurrent.LinkedBlockingQueue.take(LinkedBlockingQueue.java:433)
	at java.base@11.0.19/java.util.concurrent.ThreadPoolExecutor.getTask(ThreadPoolExecutor.java:1054)
	at java.base@11.0.19/java.util.concurrent.ThreadPoolExecutor.runWorker(ThreadPoolExecutor.java:1114)
	at java.base@11.0.19/java.util.concurrent.ThreadPoolExecutor$Worker.run(ThreadPoolExecutor.java:628)
	at java.base@11.0.19/java.lang.Thread.run(Thread.java:829)


"s1-DataStreamManagement-request--thread19" daemon prio=5 Id=345 WAITING on java.util.concurrent.locks.AbstractQueuedSynchronizer$ConditionObject@158a8276
	at java.base@11.0.19/jdk.internal.misc.Unsafe.park(Native Method)
	-  waiting on java.util.concurrent.locks.AbstractQueuedSynchronizer$ConditionObject@158a8276
	at java.base@11.0.19/java.util.concurrent.locks.LockSupport.park(LockSupport.java:194)
	at java.base@11.0.19/java.util.concurrent.locks.AbstractQueuedSynchronizer$ConditionObject.await(AbstractQueuedSynchronizer.java:2081)
	at java.base@11.0.19/java.util.concurrent.LinkedBlockingQueue.take(LinkedBlockingQueue.java:433)
	at java.base@11.0.19/java.util.concurrent.ThreadPoolExecutor.getTask(ThreadPoolExecutor.java:1054)
	at java.base@11.0.19/java.util.concurrent.ThreadPoolExecutor.runWorker(ThreadPoolExecutor.java:1114)
	at java.base@11.0.19/java.util.concurrent.ThreadPoolExecutor$Worker.run(ThreadPoolExecutor.java:628)
	at java.base@11.0.19/java.lang.Thread.run(Thread.java:829)


"s0-DataStreamManagement-request--thread27" daemon prio=5 Id=340 WAITING on java.util.concurrent.locks.AbstractQueuedSynchronizer$ConditionObject@65d09a04
	at java.base@11.0.19/jdk.internal.misc.Unsafe.park(Native Method)
	-  waiting on java.util.concurrent.locks.AbstractQueuedSynchronizer$ConditionObject@65d09a04
	at java.base@11.0.19/java.util.concurrent.locks.LockSupport.park(LockSupport.java:194)
	at java.base@11.0.19/java.util.concurrent.locks.AbstractQueuedSynchronizer$ConditionObject.await(AbstractQueuedSynchronizer.java:2081)
	at java.base@11.0.19/java.util.concurrent.LinkedBlockingQueue.take(LinkedBlockingQueue.java:433)
	at java.base@11.0.19/java.util.concurrent.ThreadPoolExecutor.getTask(ThreadPoolExecutor.java:1054)
	at java.base@11.0.19/java.util.concurrent.ThreadPoolExecutor.runWorker(ThreadPoolExecutor.java:1114)
	at java.base@11.0.19/java.util.concurrent.ThreadPoolExecutor$Worker.run(ThreadPoolExecutor.java:628)
	at java.base@11.0.19/java.lang.Thread.run(Thread.java:829)


"s0-DataStreamManagement-request--thread25" daemon prio=5 Id=338 WAITING on java.util.concurrent.locks.AbstractQueuedSynchronizer$ConditionObject@65d09a04
	at java.base@11.0.19/jdk.internal.misc.Unsafe.park(Native Method)
	-  waiting on java.util.concurrent.locks.AbstractQueuedSynchronizer$ConditionObject@65d09a04
	at java.base@11.0.19/java.util.concurrent.locks.LockSupport.park(LockSupport.java:194)
	at java.base@11.0.19/java.util.concurrent.locks.AbstractQueuedSynchronizer$ConditionObject.await(AbstractQueuedSynchronizer.java:2081)
	at java.base@11.0.19/java.util.concurrent.LinkedBlockingQueue.take(LinkedBlockingQueue.java:433)
	at java.base@11.0.19/java.util.concurrent.ThreadPoolExecutor.getTask(ThreadPoolExecutor.java:1054)
	at java.base@11.0.19/java.util.concurrent.ThreadPoolExecutor.runWorker(ThreadPoolExecutor.java:1114)
	at java.base@11.0.19/java.util.concurrent.ThreadPoolExecutor$Worker.run(ThreadPoolExecutor.java:628)
	at java.base@11.0.19/java.lang.Thread.run(Thread.java:829)


"s2-DataStreamManagement-request--thread21" daemon prio=5 Id=336 WAITING on java.util.concurrent.locks.AbstractQueuedSynchronizer$ConditionObject@5fbe4146
	at java.base@11.0.19/jdk.internal.misc.Unsafe.park(Native Method)
	-  waiting on java.util.concurrent.locks.AbstractQueuedSynchronizer$ConditionObject@5fbe4146
	at java.base@11.0.19/java.util.concurrent.locks.LockSupport.park(LockSupport.java:194)
	at java.base@11.0.19/java.util.concurrent.locks.AbstractQueuedSynchronizer$ConditionObject.await(AbstractQueuedSynchronizer.java:2081)
	at java.base@11.0.19/java.util.concurrent.LinkedBlockingQueue.take(LinkedBlockingQueue.java:433)
	at java.base@11.0.19/java.util.concurrent.ThreadPoolExecutor.getTask(ThreadPoolExecutor.java:1054)
	at java.base@11.0.19/java.util.concurrent.ThreadPoolExecutor.runWorker(ThreadPoolExecutor.java:1114)
	at java.base@11.0.19/java.util.concurrent.ThreadPoolExecutor$Worker.run(ThreadPoolExecutor.java:628)
	at java.base@11.0.19/java.lang.Thread.run(Thread.java:829)


"s2-DataStreamManagement-request--thread20" daemon prio=5 Id=335 WAITING on java.util.concurrent.locks.AbstractQueuedSynchronizer$ConditionObject@5fbe4146
	at java.base@11.0.19/jdk.internal.misc.Unsafe.park(Native Method)
	-  waiting on java.util.concurrent.locks.AbstractQueuedSynchronizer$ConditionObject@5fbe4146
	at java.base@11.0.19/java.util.concurrent.locks.LockSupport.park(LockSupport.java:194)
	at java.base@11.0.19/java.util.concurrent.locks.AbstractQueuedSynchronizer$ConditionObject.await(AbstractQueuedSynchronizer.java:2081)
	at java.base@11.0.19/java.util.concurrent.LinkedBlockingQueue.take(LinkedBlockingQueue.java:433)
	at java.base@11.0.19/java.util.concurrent.ThreadPoolExecutor.getTask(ThreadPoolExecutor.java:1054)
	at java.base@11.0.19/java.util.concurrent.ThreadPoolExecutor.runWorker(ThreadPoolExecutor.java:1114)
	at java.base@11.0.19/java.util.concurrent.ThreadPoolExecutor$Worker.run(ThreadPoolExecutor.java:628)
	at java.base@11.0.19/java.lang.Thread.run(Thread.java:829)


"NettyClientStreamRpc-workerGroup--thread1" daemon prio=5 Id=333 RUNNABLE (in native)
	at java.base@11.0.19/sun.nio.ch.EPoll.wait(Native Method)
	at java.base@11.0.19/sun.nio.ch.EPollSelectorImpl.doSelect(EPollSelectorImpl.java:120)
	at java.base@11.0.19/sun.nio.ch.SelectorImpl.lockAndDoSelect(SelectorImpl.java:124)
	-  locked org.apache.ratis.thirdparty.io.netty.channel.nio.SelectedSelectionKeySet@10aa41f2
	-  locked sun.nio.ch.EPollSelectorImpl@3af9c5b7
	at java.base@11.0.19/sun.nio.ch.SelectorImpl.select(SelectorImpl.java:141)
	at app//org.apache.ratis.thirdparty.io.netty.channel.nio.SelectedSelectionKeySetSelector.select(SelectedSelectionKeySetSelector.java:68)
	at app//org.apache.ratis.thirdparty.io.netty.channel.nio.NioEventLoop.select(NioEventLoop.java:879)
	at app//org.apache.ratis.thirdparty.io.netty.channel.nio.NioEventLoop.run(NioEventLoop.java:526)
	at app//org.apache.ratis.thirdparty.io.netty.util.concurrent.SingleThreadEventExecutor$4.run(SingleThreadEventExecutor.java:997)
	...


"NettyClientStreamRpc-workerGroup--thread1" daemon prio=5 Id=332 RUNNABLE (in native)
	at java.base@11.0.19/sun.nio.ch.EPoll.wait(Native Method)
	at java.base@11.0.19/sun.nio.ch.EPollSelectorImpl.doSelect(EPollSelectorImpl.java:120)
	at java.base@11.0.19/sun.nio.ch.SelectorImpl.lockAndDoSelect(SelectorImpl.java:124)
	-  locked org.apache.ratis.thirdparty.io.netty.channel.nio.SelectedSelectionKeySet@37271612
	-  locked sun.nio.ch.EPollSelectorImpl@ed7f8b4
	at java.base@11.0.19/sun.nio.ch.SelectorImpl.select(SelectorImpl.java:141)
	at app//org.apache.ratis.thirdparty.io.netty.channel.nio.SelectedSelectionKeySetSelector.select(SelectedSelectionKeySetSelector.java:68)
	at app//org.apache.ratis.thirdparty.io.netty.channel.nio.NioEventLoop.select(NioEventLoop.java:879)
	at app//org.apache.ratis.thirdparty.io.netty.channel.nio.NioEventLoop.run(NioEventLoop.java:526)
	at app//org.apache.ratis.thirdparty.io.netty.util.concurrent.SingleThreadEventExecutor$4.run(SingleThreadEventExecutor.java:997)
	...


"s2-DataStreamManagement-request--thread18" daemon prio=5 Id=331 WAITING on java.util.concurrent.locks.AbstractQueuedSynchronizer$ConditionObject@5fbe4146
	at java.base@11.0.19/jdk.internal.misc.Unsafe.park(Native Method)
	-  waiting on java.util.concurrent.locks.AbstractQueuedSynchronizer$ConditionObject@5fbe4146
	at java.base@11.0.19/java.util.concurrent.locks.LockSupport.park(LockSupport.java:194)
	at java.base@11.0.19/java.util.concurrent.locks.AbstractQueuedSynchronizer$ConditionObject.await(AbstractQueuedSynchronizer.java:2081)
	at java.base@11.0.19/java.util.concurrent.LinkedBlockingQueue.take(LinkedBlockingQueue.java:433)
	at java.base@11.0.19/java.util.concurrent.ThreadPoolExecutor.getTask(ThreadPoolExecutor.java:1054)
	at java.base@11.0.19/java.util.concurrent.ThreadPoolExecutor.runWorker(ThreadPoolExecutor.java:1114)
	at java.base@11.0.19/java.util.concurrent.ThreadPoolExecutor$Worker.run(ThreadPoolExecutor.java:628)
	at java.base@11.0.19/java.lang.Thread.run(Thread.java:829)


"s2-DataStreamManagement-request--thread17" daemon prio=5 Id=330 WAITING on java.util.concurrent.locks.AbstractQueuedSynchronizer$ConditionObject@5fbe4146
	at java.base@11.0.19/jdk.internal.misc.Unsafe.park(Native Method)
	-  waiting on java.util.concurrent.locks.AbstractQueuedSynchronizer$ConditionObject@5fbe4146
	at java.base@11.0.19/java.util.concurrent.locks.LockSupport.park(LockSupport.java:194)
	at java.base@11.0.19/java.util.concurrent.locks.AbstractQueuedSynchronizer$ConditionObject.await(AbstractQueuedSynchronizer.java:2081)
	at java.base@11.0.19/java.util.concurrent.LinkedBlockingQueue.take(LinkedBlockingQueue.java:433)
	at java.base@11.0.19/java.util.concurrent.ThreadPoolExecutor.getTask(ThreadPoolExecutor.java:1054)
	at java.base@11.0.19/java.util.concurrent.ThreadPoolExecutor.runWorker(ThreadPoolExecutor.java:1114)
	at java.base@11.0.19/java.util.concurrent.ThreadPoolExecutor$Worker.run(ThreadPoolExecutor.java:628)
	at java.base@11.0.19/java.lang.Thread.run(Thread.java:829)


"s2-DataStreamManagement-request--thread15" daemon prio=5 Id=328 WAITING on java.util.concurrent.locks.AbstractQueuedSynchronizer$ConditionObject@5fbe4146
	at java.base@11.0.19/jdk.internal.misc.Unsafe.park(Native Method)
	-  waiting on java.util.concurrent.locks.AbstractQueuedSynchronizer$ConditionObject@5fbe4146
	at java.base@11.0.19/java.util.concurrent.locks.LockSupport.park(LockSupport.java:194)
	at java.base@11.0.19/java.util.concurrent.locks.AbstractQueuedSynchronizer$ConditionObject.await(AbstractQueuedSynchronizer.java:2081)
	at java.base@11.0.19/java.util.concurrent.LinkedBlockingQueue.take(LinkedBlockingQueue.java:433)
	at java.base@11.0.19/java.util.concurrent.ThreadPoolExecutor.getTask(ThreadPoolExecutor.java:1054)
	at java.base@11.0.19/java.util.concurrent.ThreadPoolExecutor.runWorker(ThreadPoolExecutor.java:1114)
	at java.base@11.0.19/java.util.concurrent.ThreadPoolExecutor$Worker.run(ThreadPoolExecutor.java:628)
	at java.base@11.0.19/java.lang.Thread.run(Thread.java:829)


"NettyClientStreamRpc-workerGroup--thread1" daemon prio=5 Id=352 RUNNABLE (in native)
	at java.base@11.0.19/sun.nio.ch.EPoll.wait(Native Method)
	at java.base@11.0.19/sun.nio.ch.EPollSelectorImpl.doSelect(EPollSelectorImpl.java:120)
	at java.base@11.0.19/sun.nio.ch.SelectorImpl.lockAndDoSelect(SelectorImpl.java:124)
	-  locked org.apache.ratis.thirdparty.io.netty.channel.nio.SelectedSelectionKeySet@4c309d4d
	-  locked sun.nio.ch.EPollSelectorImpl@38102d01
	at java.base@11.0.19/sun.nio.ch.SelectorImpl.select(SelectorImpl.java:141)
	at app//org.apache.ratis.thirdparty.io.netty.channel.nio.SelectedSelectionKeySetSelector.select(SelectedSelectionKeySetSelector.java:68)
	at app//org.apache.ratis.thirdparty.io.netty.channel.nio.NioEventLoop.select(NioEventLoop.java:879)
	at app//org.apache.ratis.thirdparty.io.netty.channel.nio.NioEventLoop.run(NioEventLoop.java:526)
	at app//org.apache.ratis.thirdparty.io.netty.util.concurrent.SingleThreadEventExecutor$4.run(SingleThreadEventExecutor.java:997)
	...


"s1-DataStreamManagement-request--thread17" daemon prio=5 Id=327 WAITING on java.util.concurrent.locks.AbstractQueuedSynchronizer$ConditionObject@158a8276
	at java.base@11.0.19/jdk.internal.misc.Unsafe.park(Native Method)
	-  waiting on java.util.concurrent.locks.AbstractQueuedSynchronizer$ConditionObject@158a8276
	at java.base@11.0.19/java.util.concurrent.locks.LockSupport.park(LockSupport.java:194)
	at java.base@11.0.19/java.util.concurrent.locks.AbstractQueuedSynchronizer$ConditionObject.await(AbstractQueuedSynchronizer.java:2081)
	at java.base@11.0.19/java.util.concurrent.LinkedBlockingQueue.take(LinkedBlockingQueue.java:433)
	at java.base@11.0.19/java.util.concurrent.ThreadPoolExecutor.getTask(ThreadPoolExecutor.java:1054)
	at java.base@11.0.19/java.util.concurrent.ThreadPoolExecutor.runWorker(ThreadPoolExecutor.java:1114)
	at java.base@11.0.19/java.util.concurrent.ThreadPoolExecutor$Worker.run(ThreadPoolExecutor.java:628)
	at java.base@11.0.19/java.lang.Thread.run(Thread.java:829)


"s1-DataStreamManagement-request--thread22" daemon prio=5 Id=355 WAITING on java.util.concurrent.locks.AbstractQueuedSynchronizer$ConditionObject@158a8276
	at java.base@11.0.19/jdk.internal.misc.Unsafe.park(Native Method)
	-  waiting on java.util.concurrent.locks.AbstractQueuedSynchronizer$ConditionObject@158a8276
	at java.base@11.0.19/java.util.concurrent.locks.LockSupport.park(LockSupport.java:194)
	at java.base@11.0.19/java.util.concurrent.locks.AbstractQueuedSynchronizer$ConditionObject.await(AbstractQueuedSynchronizer.java:2081)
	at java.base@11.0.19/java.util.concurrent.LinkedBlockingQueue.take(LinkedBlockingQueue.java:433)
	at java.base@11.0.19/java.util.concurrent.ThreadPoolExecutor.getTask(ThreadPoolExecutor.java:1054)
	at java.base@11.0.19/java.util.concurrent.ThreadPoolExecutor.runWorker(ThreadPoolExecutor.java:1114)
	at java.base@11.0.19/java.util.concurrent.ThreadPoolExecutor$Worker.run(ThreadPoolExecutor.java:628)
	at java.base@11.0.19/java.lang.Thread.run(Thread.java:829)


"NettyClientStreamRpc-workerGroup--thread1" daemon prio=5 Id=357 RUNNABLE (in native)
	at java.base@11.0.19/sun.nio.ch.EPoll.wait(Native Method)
	at java.base@11.0.19/sun.nio.ch.EPollSelectorImpl.doSelect(EPollSelectorImpl.java:120)
	at java.base@11.0.19/sun.nio.ch.SelectorImpl.lockAndDoSelect(SelectorImpl.java:124)
	-  locked org.apache.ratis.thirdparty.io.netty.channel.nio.SelectedSelectionKeySet@37883b97
	-  locked sun.nio.ch.EPollSelectorImpl@6ab778a
	at java.base@11.0.19/sun.nio.ch.SelectorImpl.select(SelectorImpl.java:141)
	at app//org.apache.ratis.thirdparty.io.netty.channel.nio.SelectedSelectionKeySetSelector.select(SelectedSelectionKeySetSelector.java:68)
	at app//org.apache.ratis.thirdparty.io.netty.channel.nio.NioEventLoop.select(NioEventLoop.java:879)
	at app//org.apache.ratis.thirdparty.io.netty.channel.nio.NioEventLoop.run(NioEventLoop.java:526)
	at app//org.apache.ratis.thirdparty.io.netty.util.concurrent.SingleThreadEventExecutor$4.run(SingleThreadEventExecutor.java:997)
	...


"s0-DataStreamManagement-request--thread23" daemon prio=5 Id=326 WAITING on java.util.concurrent.locks.AbstractQueuedSynchronizer$ConditionObject@65d09a04
	at java.base@11.0.19/jdk.internal.misc.Unsafe.park(Native Method)
	-  waiting on java.util.concurrent.locks.AbstractQueuedSynchronizer$ConditionObject@65d09a04
	at java.base@11.0.19/java.util.concurrent.locks.LockSupport.park(LockSupport.java:194)
	at java.base@11.0.19/java.util.concurrent.locks.AbstractQueuedSynchronizer$ConditionObject.await(AbstractQueuedSynchronizer.java:2081)
	at java.base@11.0.19/java.util.concurrent.LinkedBlockingQueue.take(LinkedBlockingQueue.java:433)
	at java.base@11.0.19/java.util.concurrent.ThreadPoolExecutor.getTask(ThreadPoolExecutor.java:1054)
	at java.base@11.0.19/java.util.concurrent.ThreadPoolExecutor.runWorker(ThreadPoolExecutor.java:1114)
	at java.base@11.0.19/java.util.concurrent.ThreadPoolExecutor$Worker.run(ThreadPoolExecutor.java:628)
	at java.base@11.0.19/java.lang.Thread.run(Thread.java:829)


"NettyClientStreamRpc-workerGroup--thread1" daemon prio=5 Id=359 RUNNABLE (in native)
	at java.base@11.0.19/sun.nio.ch.EPoll.wait(Native Method)
	at java.base@11.0.19/sun.nio.ch.EPollSelectorImpl.doSelect(EPollSelectorImpl.java:120)
	at java.base@11.0.19/sun.nio.ch.SelectorImpl.lockAndDoSelect(SelectorImpl.java:124)
	-  locked org.apache.ratis.thirdparty.io.netty.channel.nio.SelectedSelectionKeySet@4e3958e7
	-  locked sun.nio.ch.EPollSelectorImpl@77f80c04
	at java.base@11.0.19/sun.nio.ch.SelectorImpl.select(SelectorImpl.java:141)
	at app//org.apache.ratis.thirdparty.io.netty.channel.nio.SelectedSelectionKeySetSelector.select(SelectedSelectionKeySetSelector.java:68)
	at app//org.apache.ratis.thirdparty.io.netty.channel.nio.NioEventLoop.select(NioEventLoop.java:879)
	at app//org.apache.ratis.thirdparty.io.netty.channel.nio.NioEventLoop.run(NioEventLoop.java:526)
	at app//org.apache.ratis.thirdparty.io.netty.util.concurrent.SingleThreadEventExecutor$4.run(SingleThreadEventExecutor.java:997)
	...


"s1-DataStreamManagement-request--thread24" daemon prio=5 Id=358 WAITING on java.util.concurrent.locks.AbstractQueuedSynchronizer$ConditionObject@158a8276
	at java.base@11.0.19/jdk.internal.misc.Unsafe.park(Native Method)
	-  waiting on java.util.concurrent.locks.AbstractQueuedSynchronizer$ConditionObject@158a8276
	at java.base@11.0.19/java.util.concurrent.locks.LockSupport.park(LockSupport.java:194)
	at java.base@11.0.19/java.util.concurrent.locks.AbstractQueuedSynchronizer$ConditionObject.await(AbstractQueuedSynchronizer.java:2081)
	at java.base@11.0.19/java.util.concurrent.LinkedBlockingQueue.take(LinkedBlockingQueue.java:433)
	at java.base@11.0.19/java.util.concurrent.ThreadPoolExecutor.getTask(ThreadPoolExecutor.java:1054)
	at java.base@11.0.19/java.util.concurrent.ThreadPoolExecutor.runWorker(ThreadPoolExecutor.java:1114)
	at java.base@11.0.19/java.util.concurrent.ThreadPoolExecutor$Worker.run(ThreadPoolExecutor.java:628)
	at java.base@11.0.19/java.lang.Thread.run(Thread.java:829)


"s1-DataStreamManagement-request--thread23" daemon prio=5 Id=356 WAITING on java.util.concurrent.locks.AbstractQueuedSynchronizer$ConditionObject@158a8276
	at java.base@11.0.19/jdk.internal.misc.Unsafe.park(Native Method)
	-  waiting on java.util.concurrent.locks.AbstractQueuedSynchronizer$ConditionObject@158a8276
	at java.base@11.0.19/java.util.concurrent.locks.LockSupport.park(LockSupport.java:194)
	at java.base@11.0.19/java.util.concurrent.locks.AbstractQueuedSynchronizer$ConditionObject.await(AbstractQueuedSynchronizer.java:2081)
	at java.base@11.0.19/java.util.concurrent.LinkedBlockingQueue.take(LinkedBlockingQueue.java:433)
	at java.base@11.0.19/java.util.concurrent.ThreadPoolExecutor.getTask(ThreadPoolExecutor.java:1054)
	at java.base@11.0.19/java.util.concurrent.ThreadPoolExecutor.runWorker(ThreadPoolExecutor.java:1114)
	at java.base@11.0.19/java.util.concurrent.ThreadPoolExecutor$Worker.run(ThreadPoolExecutor.java:628)
	at java.base@11.0.19/java.lang.Thread.run(Thread.java:829)


"NettyClientStreamRpc-workerGroup--thread1" daemon prio=5 Id=354 RUNNABLE (in native)
	at java.base@11.0.19/sun.nio.ch.EPoll.wait(Native Method)
	at java.base@11.0.19/sun.nio.ch.EPollSelectorImpl.doSelect(EPollSelectorImpl.java:120)
	at java.base@11.0.19/sun.nio.ch.SelectorImpl.lockAndDoSelect(SelectorImpl.java:124)
	-  locked org.apache.ratis.thirdparty.io.netty.channel.nio.SelectedSelectionKeySet@1dac5ef
	-  locked sun.nio.ch.EPollSelectorImpl@5c90e579
	at java.base@11.0.19/sun.nio.ch.SelectorImpl.select(SelectorImpl.java:141)
	at app//org.apache.ratis.thirdparty.io.netty.channel.nio.SelectedSelectionKeySetSelector.select(SelectedSelectionKeySetSelector.java:68)
	at app//org.apache.ratis.thirdparty.io.netty.channel.nio.NioEventLoop.select(NioEventLoop.java:879)
	at app//org.apache.ratis.thirdparty.io.netty.channel.nio.NioEventLoop.run(NioEventLoop.java:526)
	at app//org.apache.ratis.thirdparty.io.netty.util.concurrent.SingleThreadEventExecutor$4.run(SingleThreadEventExecutor.java:997)
	...


"s2-DataStreamManagement-request--thread24" daemon prio=5 Id=353 WAITING on java.util.concurrent.locks.AbstractQueuedSynchronizer$ConditionObject@5fbe4146
	at java.base@11.0.19/jdk.internal.misc.Unsafe.park(Native Method)
	-  waiting on java.util.concurrent.locks.AbstractQueuedSynchronizer$ConditionObject@5fbe4146
	at java.base@11.0.19/java.util.concurrent.locks.LockSupport.park(LockSupport.java:194)
	at java.base@11.0.19/java.util.concurrent.locks.AbstractQueuedSynchronizer$ConditionObject.await(AbstractQueuedSynchronizer.java:2081)
	at java.base@11.0.19/java.util.concurrent.LinkedBlockingQueue.take(LinkedBlockingQueue.java:433)
	at java.base@11.0.19/java.util.concurrent.ThreadPoolExecutor.getTask(ThreadPoolExecutor.java:1054)
	at java.base@11.0.19/java.util.concurrent.ThreadPoolExecutor.runWorker(ThreadPoolExecutor.java:1114)
	at java.base@11.0.19/java.util.concurrent.ThreadPoolExecutor$Worker.run(ThreadPoolExecutor.java:628)
	at java.base@11.0.19/java.lang.Thread.run(Thread.java:829)


"s2-DataStreamManagement-request--thread23" daemon prio=5 Id=351 WAITING on java.util.concurrent.locks.AbstractQueuedSynchronizer$ConditionObject@5fbe4146
	at java.base@11.0.19/jdk.internal.misc.Unsafe.park(Native Method)
	-  waiting on java.util.concurrent.locks.AbstractQueuedSynchronizer$ConditionObject@5fbe4146
	at java.base@11.0.19/java.util.concurrent.locks.LockSupport.park(LockSupport.java:194)
	at java.base@11.0.19/java.util.concurrent.locks.AbstractQueuedSynchronizer$ConditionObject.await(AbstractQueuedSynchronizer.java:2081)
	at java.base@11.0.19/java.util.concurrent.LinkedBlockingQueue.take(LinkedBlockingQueue.java:433)
	at java.base@11.0.19/java.util.concurrent.ThreadPoolExecutor.getTask(ThreadPoolExecutor.java:1054)
	at java.base@11.0.19/java.util.concurrent.ThreadPoolExecutor.runWorker(ThreadPoolExecutor.java:1114)
	at java.base@11.0.19/java.util.concurrent.ThreadPoolExecutor$Worker.run(ThreadPoolExecutor.java:628)
	at java.base@11.0.19/java.lang.Thread.run(Thread.java:829)


"s2-DataStreamManagement-request--thread22" daemon prio=5 Id=350 WAITING on java.util.concurrent.locks.AbstractQueuedSynchronizer$ConditionObject@5fbe4146
	at java.base@11.0.19/jdk.internal.misc.Unsafe.park(Native Method)
	-  waiting on java.util.concurrent.locks.AbstractQueuedSynchronizer$ConditionObject@5fbe4146
	at java.base@11.0.19/java.util.concurrent.locks.LockSupport.park(LockSupport.java:194)
	at java.base@11.0.19/java.util.concurrent.locks.AbstractQueuedSynchronizer$ConditionObject.await(AbstractQueuedSynchronizer.java:2081)
	at java.base@11.0.19/java.util.concurrent.LinkedBlockingQueue.take(LinkedBlockingQueue.java:433)
	at java.base@11.0.19/java.util.concurrent.ThreadPoolExecutor.getTask(ThreadPoolExecutor.java:1054)
	at java.base@11.0.19/java.util.concurrent.ThreadPoolExecutor.runWorker(ThreadPoolExecutor.java:1114)
	at java.base@11.0.19/java.util.concurrent.ThreadPoolExecutor$Worker.run(ThreadPoolExecutor.java:628)
	at java.base@11.0.19/java.lang.Thread.run(Thread.java:829)


"s1-DataStreamManagement-request--thread21" daemon prio=5 Id=349 WAITING on java.util.concurrent.locks.AbstractQueuedSynchronizer$ConditionObject@158a8276
	at java.base@11.0.19/jdk.internal.misc.Unsafe.park(Native Method)
	-  waiting on java.util.concurrent.locks.AbstractQueuedSynchronizer$ConditionObject@158a8276
	at java.base@11.0.19/java.util.concurrent.locks.LockSupport.park(LockSupport.java:194)
	at java.base@11.0.19/java.util.concurrent.locks.AbstractQueuedSynchronizer$ConditionObject.await(AbstractQueuedSynchronizer.java:2081)
	at java.base@11.0.19/java.util.concurrent.LinkedBlockingQueue.take(LinkedBlockingQueue.java:433)
	at java.base@11.0.19/java.util.concurrent.ThreadPoolExecutor.getTask(ThreadPoolExecutor.java:1054)
	at java.base@11.0.19/java.util.concurrent.ThreadPoolExecutor.runWorker(ThreadPoolExecutor.java:1114)
	at java.base@11.0.19/java.util.concurrent.ThreadPoolExecutor$Worker.run(ThreadPoolExecutor.java:628)
	at java.base@11.0.19/java.lang.Thread.run(Thread.java:829)


"s0-DataStreamManagement-request--thread32" daemon prio=5 Id=348 WAITING on java.util.concurrent.locks.AbstractQueuedSynchronizer$ConditionObject@65d09a04
	at java.base@11.0.19/jdk.internal.misc.Unsafe.park(Native Method)
	-  waiting on java.util.concurrent.locks.AbstractQueuedSynchronizer$ConditionObject@65d09a04
	at java.base@11.0.19/java.util.concurrent.locks.LockSupport.park(LockSupport.java:194)
	at java.base@11.0.19/java.util.concurrent.locks.AbstractQueuedSynchronizer$ConditionObject.await(AbstractQueuedSynchronizer.java:2081)
	at java.base@11.0.19/java.util.concurrent.LinkedBlockingQueue.take(LinkedBlockingQueue.java:433)
	at java.base@11.0.19/java.util.concurrent.ThreadPoolExecutor.getTask(ThreadPoolExecutor.java:1054)
	at java.base@11.0.19/java.util.concurrent.ThreadPoolExecutor.runWorker(ThreadPoolExecutor.java:1114)
	at java.base@11.0.19/java.util.concurrent.ThreadPoolExecutor$Worker.run(ThreadPoolExecutor.java:628)
	at java.base@11.0.19/java.lang.Thread.run(Thread.java:829)


"s1-DataStreamManagement-request--thread20" daemon prio=5 Id=347 WAITING on java.util.concurrent.locks.AbstractQueuedSynchronizer$ConditionObject@158a8276
	at java.base@11.0.19/jdk.internal.misc.Unsafe.park(Native Method)
	-  waiting on java.util.concurrent.locks.AbstractQueuedSynchronizer$ConditionObject@158a8276
	at java.base@11.0.19/java.util.concurrent.locks.LockSupport.park(LockSupport.java:194)
	at java.base@11.0.19/java.util.concurrent.locks.AbstractQueuedSynchronizer$ConditionObject.await(AbstractQueuedSynchronizer.java:2081)
	at java.base@11.0.19/java.util.concurrent.LinkedBlockingQueue.take(LinkedBlockingQueue.java:433)
	at java.base@11.0.19/java.util.concurrent.ThreadPoolExecutor.getTask(ThreadPoolExecutor.java:1054)
	at java.base@11.0.19/java.util.concurrent.ThreadPoolExecutor.runWorker(ThreadPoolExecutor.java:1114)
	at java.base@11.0.19/java.util.concurrent.ThreadPoolExecutor$Worker.run(ThreadPoolExecutor.java:628)
	at java.base@11.0.19/java.lang.Thread.run(Thread.java:829)


"s0-DataStreamManagement-request--thread31" daemon prio=5 Id=346 WAITING on java.util.concurrent.locks.AbstractQueuedSynchronizer$ConditionObject@65d09a04
	at java.base@11.0.19/jdk.internal.misc.Unsafe.park(Native Method)
	-  waiting on java.util.concurrent.locks.AbstractQueuedSynchronizer$ConditionObject@65d09a04
	at java.base@11.0.19/java.util.concurrent.locks.LockSupport.park(LockSupport.java:194)
	at java.base@11.0.19/java.util.concurrent.locks.AbstractQueuedSynchronizer$ConditionObject.await(AbstractQueuedSynchronizer.java:2081)
	at java.base@11.0.19/java.util.concurrent.LinkedBlockingQueue.take(LinkedBlockingQueue.java:433)
	at java.base@11.0.19/java.util.concurrent.ThreadPoolExecutor.getTask(ThreadPoolExecutor.java:1054)
	at java.base@11.0.19/java.util.concurrent.ThreadPoolExecutor.runWorker(ThreadPoolExecutor.java:1114)
	at java.base@11.0.19/java.util.concurrent.ThreadPoolExecutor$Worker.run(ThreadPoolExecutor.java:628)
	at java.base@11.0.19/java.lang.Thread.run(Thread.java:829)


"s0-DataStreamManagement-request--thread30" daemon prio=5 Id=344 WAITING on java.util.concurrent.locks.AbstractQueuedSynchronizer$ConditionObject@65d09a04
	at java.base@11.0.19/jdk.internal.misc.Unsafe.park(Native Method)
	-  waiting on java.util.concurrent.locks.AbstractQueuedSynchronizer$ConditionObject@65d09a04
	at java.base@11.0.19/java.util.concurrent.locks.LockSupport.park(LockSupport.java:194)
	at java.base@11.0.19/java.util.concurrent.locks.AbstractQueuedSynchronizer$ConditionObject.await(AbstractQueuedSynchronizer.java:2081)
	at java.base@11.0.19/java.util.concurrent.LinkedBlockingQueue.take(LinkedBlockingQueue.java:433)
	at java.base@11.0.19/java.util.concurrent.ThreadPoolExecutor.getTask(ThreadPoolExecutor.java:1054)
	at java.base@11.0.19/java.util.concurrent.ThreadPoolExecutor.runWorker(ThreadPoolExecutor.java:1114)
	at java.base@11.0.19/java.util.concurrent.ThreadPoolExecutor$Worker.run(ThreadPoolExecutor.java:628)
	at java.base@11.0.19/java.lang.Thread.run(Thread.java:829)


"s0-DataStreamManagement-request--thread29" daemon prio=5 Id=343 WAITING on java.util.concurrent.locks.AbstractQueuedSynchronizer$ConditionObject@65d09a04
	at java.base@11.0.19/jdk.internal.misc.Unsafe.park(Native Method)
	-  waiting on java.util.concurrent.locks.AbstractQueuedSynchronizer$ConditionObject@65d09a04
	at java.base@11.0.19/java.util.concurrent.locks.LockSupport.park(LockSupport.java:194)
	at java.base@11.0.19/java.util.concurrent.locks.AbstractQueuedSynchronizer$ConditionObject.await(AbstractQueuedSynchronizer.java:2081)
	at java.base@11.0.19/java.util.concurrent.LinkedBlockingQueue.take(LinkedBlockingQueue.java:433)
	at java.base@11.0.19/java.util.concurrent.ThreadPoolExecutor.getTask(ThreadPoolExecutor.java:1054)
	at java.base@11.0.19/java.util.concurrent.ThreadPoolExecutor.runWorker(ThreadPoolExecutor.java:1114)
	at java.base@11.0.19/java.util.concurrent.ThreadPoolExecutor$Worker.run(ThreadPoolExecutor.java:628)
	at java.base@11.0.19/java.lang.Thread.run(Thread.java:829)


"s0-DataStreamManagement-request--thread28" daemon prio=5 Id=342 WAITING on java.util.concurrent.locks.AbstractQueuedSynchronizer$ConditionObject@65d09a04
	at java.base@11.0.19/jdk.internal.misc.Unsafe.park(Native Method)
	-  waiting on java.util.concurrent.locks.AbstractQueuedSynchronizer$ConditionObject@65d09a04
	at java.base@11.0.19/java.util.concurrent.locks.LockSupport.park(LockSupport.java:194)
	at java.base@11.0.19/java.util.concurrent.locks.AbstractQueuedSynchronizer$ConditionObject.await(AbstractQueuedSynchronizer.java:2081)
	at java.base@11.0.19/java.util.concurrent.LinkedBlockingQueue.take(LinkedBlockingQueue.java:433)
	at java.base@11.0.19/java.util.concurrent.ThreadPoolExecutor.getTask(ThreadPoolExecutor.java:1054)
	at java.base@11.0.19/java.util.concurrent.ThreadPoolExecutor.runWorker(ThreadPoolExecutor.java:1114)
	at java.base@11.0.19/java.util.concurrent.ThreadPoolExecutor$Worker.run(ThreadPoolExecutor.java:628)
	at java.base@11.0.19/java.lang.Thread.run(Thread.java:829)


"s1-DataStreamManagement-request--thread26" daemon prio=5 Id=367 WAITING on java.util.concurrent.locks.AbstractQueuedSynchronizer$ConditionObject@158a8276
	at java.base@11.0.19/jdk.internal.misc.Unsafe.park(Native Method)
	-  waiting on java.util.concurrent.locks.AbstractQueuedSynchronizer$ConditionObject@158a8276
	at java.base@11.0.19/java.util.concurrent.locks.LockSupport.park(LockSupport.java:194)
	at java.base@11.0.19/java.util.concurrent.locks.AbstractQueuedSynchronizer$ConditionObject.await(AbstractQueuedSynchronizer.java:2081)
	at java.base@11.0.19/java.util.concurrent.LinkedBlockingQueue.take(LinkedBlockingQueue.java:433)
	at java.base@11.0.19/java.util.concurrent.ThreadPoolExecutor.getTask(ThreadPoolExecutor.java:1054)
	at java.base@11.0.19/java.util.concurrent.ThreadPoolExecutor.runWorker(ThreadPoolExecutor.java:1114)
	at java.base@11.0.19/java.util.concurrent.ThreadPoolExecutor$Worker.run(ThreadPoolExecutor.java:628)
	at java.base@11.0.19/java.lang.Thread.run(Thread.java:829)


"s2-DataStreamManagement-request--thread29" daemon prio=5 Id=366 WAITING on java.util.concurrent.locks.AbstractQueuedSynchronizer$ConditionObject@5fbe4146
	at java.base@11.0.19/jdk.internal.misc.Unsafe.park(Native Method)
	-  waiting on java.util.concurrent.locks.AbstractQueuedSynchronizer$ConditionObject@5fbe4146
	at java.base@11.0.19/java.util.concurrent.locks.LockSupport.park(LockSupport.java:194)
	at java.base@11.0.19/java.util.concurrent.locks.AbstractQueuedSynchronizer$ConditionObject.await(AbstractQueuedSynchronizer.java:2081)
	at java.base@11.0.19/java.util.concurrent.LinkedBlockingQueue.take(LinkedBlockingQueue.java:433)
	at java.base@11.0.19/java.util.concurrent.ThreadPoolExecutor.getTask(ThreadPoolExecutor.java:1054)
	at java.base@11.0.19/java.util.concurrent.ThreadPoolExecutor.runWorker(ThreadPoolExecutor.java:1114)
	at java.base@11.0.19/java.util.concurrent.ThreadPoolExecutor$Worker.run(ThreadPoolExecutor.java:628)
	at java.base@11.0.19/java.lang.Thread.run(Thread.java:829)


"s2-DataStreamManagement-request--thread30" daemon prio=5 Id=369 WAITING on java.util.concurrent.locks.AbstractQueuedSynchronizer$ConditionObject@5fbe4146
	at java.base@11.0.19/jdk.internal.misc.Unsafe.park(Native Method)
	-  waiting on java.util.concurrent.locks.AbstractQueuedSynchronizer$ConditionObject@5fbe4146
	at java.base@11.0.19/java.util.concurrent.locks.LockSupport.park(LockSupport.java:194)
	at java.base@11.0.19/java.util.concurrent.locks.AbstractQueuedSynchronizer$ConditionObject.await(AbstractQueuedSynchronizer.java:2081)
	at java.base@11.0.19/java.util.concurrent.LinkedBlockingQueue.take(LinkedBlockingQueue.java:433)
	at java.base@11.0.19/java.util.concurrent.ThreadPoolExecutor.getTask(ThreadPoolExecutor.java:1054)
	at java.base@11.0.19/java.util.concurrent.ThreadPoolExecutor.runWorker(ThreadPoolExecutor.java:1114)
	at java.base@11.0.19/java.util.concurrent.ThreadPoolExecutor$Worker.run(ThreadPoolExecutor.java:628)
	at java.base@11.0.19/java.lang.Thread.run(Thread.java:829)


"s1-DataStreamManagement-request--thread25" daemon prio=5 Id=365 WAITING on java.util.concurrent.locks.AbstractQueuedSynchronizer$ConditionObject@158a8276
	at java.base@11.0.19/jdk.internal.misc.Unsafe.park(Native Method)
	-  waiting on java.util.concurrent.locks.AbstractQueuedSynchronizer$ConditionObject@158a8276
	at java.base@11.0.19/java.util.concurrent.locks.LockSupport.park(LockSupport.java:194)
	at java.base@11.0.19/java.util.concurrent.locks.AbstractQueuedSynchronizer$ConditionObject.await(AbstractQueuedSynchronizer.java:2081)
	at java.base@11.0.19/java.util.concurrent.LinkedBlockingQueue.take(LinkedBlockingQueue.java:433)
	at java.base@11.0.19/java.util.concurrent.ThreadPoolExecutor.getTask(ThreadPoolExecutor.java:1054)
	at java.base@11.0.19/java.util.concurrent.ThreadPoolExecutor.runWorker(ThreadPoolExecutor.java:1114)
	at java.base@11.0.19/java.util.concurrent.ThreadPoolExecutor$Worker.run(ThreadPoolExecutor.java:628)
	at java.base@11.0.19/java.lang.Thread.run(Thread.java:829)


"s2-DataStreamManagement-request--thread31" daemon prio=5 Id=372 WAITING on java.util.concurrent.locks.AbstractQueuedSynchronizer$ConditionObject@5fbe4146
	at java.base@11.0.19/jdk.internal.misc.Unsafe.park(Native Method)
	-  waiting on java.util.concurrent.locks.AbstractQueuedSynchronizer$ConditionObject@5fbe4146
	at java.base@11.0.19/java.util.concurrent.locks.LockSupport.park(LockSupport.java:194)
	at java.base@11.0.19/java.util.concurrent.locks.AbstractQueuedSynchronizer$ConditionObject.await(AbstractQueuedSynchronizer.java:2081)
	at java.base@11.0.19/java.util.concurrent.LinkedBlockingQueue.take(LinkedBlockingQueue.java:433)
	at java.base@11.0.19/java.util.concurrent.ThreadPoolExecutor.getTask(ThreadPoolExecutor.java:1054)
	at java.base@11.0.19/java.util.concurrent.ThreadPoolExecutor.runWorker(ThreadPoolExecutor.java:1114)
	at java.base@11.0.19/java.util.concurrent.ThreadPoolExecutor$Worker.run(ThreadPoolExecutor.java:628)
	at java.base@11.0.19/java.lang.Thread.run(Thread.java:829)


"s2-DataStreamManagement-request--thread28" daemon prio=5 Id=364 WAITING on java.util.concurrent.locks.AbstractQueuedSynchronizer$ConditionObject@5fbe4146
	at java.base@11.0.19/jdk.internal.misc.Unsafe.park(Native Method)
	-  waiting on java.util.concurrent.locks.AbstractQueuedSynchronizer$ConditionObject@5fbe4146
	at java.base@11.0.19/java.util.concurrent.locks.LockSupport.park(LockSupport.java:194)
	at java.base@11.0.19/java.util.concurrent.locks.AbstractQueuedSynchronizer$ConditionObject.await(AbstractQueuedSynchronizer.java:2081)
	at java.base@11.0.19/java.util.concurrent.LinkedBlockingQueue.take(LinkedBlockingQueue.java:433)
	at java.base@11.0.19/java.util.concurrent.ThreadPoolExecutor.getTask(ThreadPoolExecutor.java:1054)
	at java.base@11.0.19/java.util.concurrent.ThreadPoolExecutor.runWorker(ThreadPoolExecutor.java:1114)
	at java.base@11.0.19/java.util.concurrent.ThreadPoolExecutor$Worker.run(ThreadPoolExecutor.java:628)
	at java.base@11.0.19/java.lang.Thread.run(Thread.java:829)


"s2-DataStreamManagement-request--thread32" daemon prio=5 Id=373 WAITING on java.util.concurrent.locks.AbstractQueuedSynchronizer$ConditionObject@5fbe4146
	at java.base@11.0.19/jdk.internal.misc.Unsafe.park(Native Method)
	-  waiting on java.util.concurrent.locks.AbstractQueuedSynchronizer$ConditionObject@5fbe4146
	at java.base@11.0.19/java.util.concurrent.locks.LockSupport.park(LockSupport.java:194)
	at java.base@11.0.19/java.util.concurrent.locks.AbstractQueuedSynchronizer$ConditionObject.await(AbstractQueuedSynchronizer.java:2081)
	at java.base@11.0.19/java.util.concurrent.LinkedBlockingQueue.take(LinkedBlockingQueue.java:433)
	at java.base@11.0.19/java.util.concurrent.ThreadPoolExecutor.getTask(ThreadPoolExecutor.java:1054)
	at java.base@11.0.19/java.util.concurrent.ThreadPoolExecutor.runWorker(ThreadPoolExecutor.java:1114)
	at java.base@11.0.19/java.util.concurrent.ThreadPoolExecutor$Worker.run(ThreadPoolExecutor.java:628)
	at java.base@11.0.19/java.lang.Thread.run(Thread.java:829)


"s2-DataStreamManagement-request--thread27" daemon prio=5 Id=363 WAITING on java.util.concurrent.locks.AbstractQueuedSynchronizer$ConditionObject@5fbe4146
	at java.base@11.0.19/jdk.internal.misc.Unsafe.park(Native Method)
	-  waiting on java.util.concurrent.locks.AbstractQueuedSynchronizer$ConditionObject@5fbe4146
	at java.base@11.0.19/java.util.concurrent.locks.LockSupport.park(LockSupport.java:194)
	at java.base@11.0.19/java.util.concurrent.locks.AbstractQueuedSynchronizer$ConditionObject.await(AbstractQueuedSynchronizer.java:2081)
	at java.base@11.0.19/java.util.concurrent.LinkedBlockingQueue.take(LinkedBlockingQueue.java:433)
	at java.base@11.0.19/java.util.concurrent.ThreadPoolExecutor.getTask(ThreadPoolExecutor.java:1054)
	at java.base@11.0.19/java.util.concurrent.ThreadPoolExecutor.runWorker(ThreadPoolExecutor.java:1114)
	at java.base@11.0.19/java.util.concurrent.ThreadPoolExecutor$Worker.run(ThreadPoolExecutor.java:628)
	at java.base@11.0.19/java.lang.Thread.run(Thread.java:829)


"s2-DataStreamManagement-request--thread26" daemon prio=5 Id=362 WAITING on java.util.concurrent.locks.AbstractQueuedSynchronizer$ConditionObject@5fbe4146
	at java.base@11.0.19/jdk.internal.misc.Unsafe.park(Native Method)
	-  waiting on java.util.concurrent.locks.AbstractQueuedSynchronizer$ConditionObject@5fbe4146
	at java.base@11.0.19/java.util.concurrent.locks.LockSupport.park(LockSupport.java:194)
	at java.base@11.0.19/java.util.concurrent.locks.AbstractQueuedSynchronizer$ConditionObject.await(AbstractQueuedSynchronizer.java:2081)
	at java.base@11.0.19/java.util.concurrent.LinkedBlockingQueue.take(LinkedBlockingQueue.java:433)
	at java.base@11.0.19/java.util.concurrent.ThreadPoolExecutor.getTask(ThreadPoolExecutor.java:1054)
	at java.base@11.0.19/java.util.concurrent.ThreadPoolExecutor.runWorker(ThreadPoolExecutor.java:1114)
	at java.base@11.0.19/java.util.concurrent.ThreadPoolExecutor$Worker.run(ThreadPoolExecutor.java:628)
	at java.base@11.0.19/java.lang.Thread.run(Thread.java:829)


"NettyClientStreamRpc-workerGroup--thread1" daemon prio=5 Id=361 RUNNABLE (in native)
	at java.base@11.0.19/sun.nio.ch.EPoll.wait(Native Method)
	at java.base@11.0.19/sun.nio.ch.EPollSelectorImpl.doSelect(EPollSelectorImpl.java:120)
	at java.base@11.0.19/sun.nio.ch.SelectorImpl.lockAndDoSelect(SelectorImpl.java:124)
	-  locked org.apache.ratis.thirdparty.io.netty.channel.nio.SelectedSelectionKeySet@58ea606c
	-  locked sun.nio.ch.EPollSelectorImpl@6f45df59
	at java.base@11.0.19/sun.nio.ch.SelectorImpl.select(SelectorImpl.java:141)
	at app//org.apache.ratis.thirdparty.io.netty.channel.nio.SelectedSelectionKeySetSelector.select(SelectedSelectionKeySetSelector.java:68)
	at app//org.apache.ratis.thirdparty.io.netty.channel.nio.NioEventLoop.select(NioEventLoop.java:879)
	at app//org.apache.ratis.thirdparty.io.netty.channel.nio.NioEventLoop.run(NioEventLoop.java:526)
	at app//org.apache.ratis.thirdparty.io.netty.util.concurrent.SingleThreadEventExecutor$4.run(SingleThreadEventExecutor.java:997)
	...


"s2-DataStreamManagement-request--thread25" daemon prio=5 Id=360 WAITING on java.util.concurrent.locks.AbstractQueuedSynchronizer$ConditionObject@5fbe4146
	at java.base@11.0.19/jdk.internal.misc.Unsafe.park(Native Method)
	-  waiting on java.util.concurrent.locks.AbstractQueuedSynchronizer$ConditionObject@5fbe4146
	at java.base@11.0.19/java.util.concurrent.locks.LockSupport.park(LockSupport.java:194)
	at java.base@11.0.19/java.util.concurrent.locks.AbstractQueuedSynchronizer$ConditionObject.await(AbstractQueuedSynchronizer.java:2081)
	at java.base@11.0.19/java.util.concurrent.LinkedBlockingQueue.take(LinkedBlockingQueue.java:433)
	at java.base@11.0.19/java.util.concurrent.ThreadPoolExecutor.getTask(ThreadPoolExecutor.java:1054)
	at java.base@11.0.19/java.util.concurrent.ThreadPoolExecutor.runWorker(ThreadPoolExecutor.java:1114)
	at java.base@11.0.19/java.util.concurrent.ThreadPoolExecutor$Worker.run(ThreadPoolExecutor.java:628)
	at java.base@11.0.19/java.lang.Thread.run(Thread.java:829)


"s1-DataStreamManagement-request--thread30" daemon prio=5 Id=375 WAITING on java.util.concurrent.locks.AbstractQueuedSynchronizer$ConditionObject@158a8276
	at java.base@11.0.19/jdk.internal.misc.Unsafe.park(Native Method)
	-  waiting on java.util.concurrent.locks.AbstractQueuedSynchronizer$ConditionObject@158a8276
	at java.base@11.0.19/java.util.concurrent.locks.LockSupport.park(LockSupport.java:194)
	at java.base@11.0.19/java.util.concurrent.locks.AbstractQueuedSynchronizer$ConditionObject.await(AbstractQueuedSynchronizer.java:2081)
	at java.base@11.0.19/java.util.concurrent.LinkedBlockingQueue.take(LinkedBlockingQueue.java:433)
	at java.base@11.0.19/java.util.concurrent.ThreadPoolExecutor.getTask(ThreadPoolExecutor.java:1054)
	at java.base@11.0.19/java.util.concurrent.ThreadPoolExecutor.runWorker(ThreadPoolExecutor.java:1114)
	at java.base@11.0.19/java.util.concurrent.ThreadPoolExecutor$Worker.run(ThreadPoolExecutor.java:628)
	at java.base@11.0.19/java.lang.Thread.run(Thread.java:829)


"s1-DataStreamManagement-request--thread29" daemon prio=5 Id=374 WAITING on java.util.concurrent.locks.AbstractQueuedSynchronizer$ConditionObject@158a8276
	at java.base@11.0.19/jdk.internal.misc.Unsafe.park(Native Method)
	-  waiting on java.util.concurrent.locks.AbstractQueuedSynchronizer$ConditionObject@158a8276
	at java.base@11.0.19/java.util.concurrent.locks.LockSupport.park(LockSupport.java:194)
	at java.base@11.0.19/java.util.concurrent.locks.AbstractQueuedSynchronizer$ConditionObject.await(AbstractQueuedSynchronizer.java:2081)
	at java.base@11.0.19/java.util.concurrent.LinkedBlockingQueue.take(LinkedBlockingQueue.java:433)
	at java.base@11.0.19/java.util.concurrent.ThreadPoolExecutor.getTask(ThreadPoolExecutor.java:1054)
	at java.base@11.0.19/java.util.concurrent.ThreadPoolExecutor.runWorker(ThreadPoolExecutor.java:1114)
	at java.base@11.0.19/java.util.concurrent.ThreadPoolExecutor$Worker.run(ThreadPoolExecutor.java:628)
	at java.base@11.0.19/java.lang.Thread.run(Thread.java:829)


"s1-DataStreamManagement-request--thread32" daemon prio=5 Id=377 WAITING on java.util.concurrent.locks.AbstractQueuedSynchronizer$ConditionObject@158a8276
	at java.base@11.0.19/jdk.internal.misc.Unsafe.park(Native Method)
	-  waiting on java.util.concurrent.locks.AbstractQueuedSynchronizer$ConditionObject@158a8276
	at java.base@11.0.19/java.util.concurrent.locks.LockSupport.park(LockSupport.java:194)
	at java.base@11.0.19/java.util.concurrent.locks.AbstractQueuedSynchronizer$ConditionObject.await(AbstractQueuedSynchronizer.java:2081)
	at java.base@11.0.19/java.util.concurrent.LinkedBlockingQueue.take(LinkedBlockingQueue.java:433)
	at java.base@11.0.19/java.util.concurrent.ThreadPoolExecutor.getTask(ThreadPoolExecutor.java:1054)
	at java.base@11.0.19/java.util.concurrent.ThreadPoolExecutor.runWorker(ThreadPoolExecutor.java:1114)
	at java.base@11.0.19/java.util.concurrent.ThreadPoolExecutor$Worker.run(ThreadPoolExecutor.java:628)
	at java.base@11.0.19/java.lang.Thread.run(Thread.java:829)


"NettyClientStreamRpc-workerGroup--thread1" daemon prio=5 Id=378 RUNNABLE (in native)
	at java.base@11.0.19/sun.nio.ch.EPoll.wait(Native Method)
	at java.base@11.0.19/sun.nio.ch.EPollSelectorImpl.doSelect(EPollSelectorImpl.java:120)
	at java.base@11.0.19/sun.nio.ch.SelectorImpl.lockAndDoSelect(SelectorImpl.java:124)
	-  locked org.apache.ratis.thirdparty.io.netty.channel.nio.SelectedSelectionKeySet@38e79ae3
	-  locked sun.nio.ch.EPollSelectorImpl@63070bab
	at java.base@11.0.19/sun.nio.ch.SelectorImpl.select(SelectorImpl.java:141)
	at app//org.apache.ratis.thirdparty.io.netty.channel.nio.SelectedSelectionKeySetSelector.select(SelectedSelectionKeySetSelector.java:68)
	at app//org.apache.ratis.thirdparty.io.netty.channel.nio.NioEventLoop.select(NioEventLoop.java:879)
	at app//org.apache.ratis.thirdparty.io.netty.channel.nio.NioEventLoop.run(NioEventLoop.java:526)
	at app//org.apache.ratis.thirdparty.io.netty.util.concurrent.SingleThreadEventExecutor$4.run(SingleThreadEventExecutor.java:997)
	...


"s1-DataStreamManagement-request--thread28" daemon prio=5 Id=371 WAITING on java.util.concurrent.locks.AbstractQueuedSynchronizer$ConditionObject@158a8276
	at java.base@11.0.19/jdk.internal.misc.Unsafe.park(Native Method)
	-  waiting on java.util.concurrent.locks.AbstractQueuedSynchronizer$ConditionObject@158a8276
	at java.base@11.0.19/java.util.concurrent.locks.LockSupport.park(LockSupport.java:194)
	at java.base@11.0.19/java.util.concurrent.locks.AbstractQueuedSynchronizer$ConditionObject.await(AbstractQueuedSynchronizer.java:2081)
	at java.base@11.0.19/java.util.concurrent.LinkedBlockingQueue.take(LinkedBlockingQueue.java:433)
	at java.base@11.0.19/java.util.concurrent.ThreadPoolExecutor.getTask(ThreadPoolExecutor.java:1054)
	at java.base@11.0.19/java.util.concurrent.ThreadPoolExecutor.runWorker(ThreadPoolExecutor.java:1114)
	at java.base@11.0.19/java.util.concurrent.ThreadPoolExecutor$Worker.run(ThreadPoolExecutor.java:628)
	at java.base@11.0.19/java.lang.Thread.run(Thread.java:829)


"s1-DataStreamManagement-request--thread27" daemon prio=5 Id=370 WAITING on java.util.concurrent.locks.AbstractQueuedSynchronizer$ConditionObject@158a8276
	at java.base@11.0.19/jdk.internal.misc.Unsafe.park(Native Method)
	-  waiting on java.util.concurrent.locks.AbstractQueuedSynchronizer$ConditionObject@158a8276
	at java.base@11.0.19/java.util.concurrent.locks.LockSupport.park(LockSupport.java:194)
	at java.base@11.0.19/java.util.concurrent.locks.AbstractQueuedSynchronizer$ConditionObject.await(AbstractQueuedSynchronizer.java:2081)
	at java.base@11.0.19/java.util.concurrent.LinkedBlockingQueue.take(LinkedBlockingQueue.java:433)
	at java.base@11.0.19/java.util.concurrent.ThreadPoolExecutor.getTask(ThreadPoolExecutor.java:1054)
	at java.base@11.0.19/java.util.concurrent.ThreadPoolExecutor.runWorker(ThreadPoolExecutor.java:1114)
	at java.base@11.0.19/java.util.concurrent.ThreadPoolExecutor$Worker.run(ThreadPoolExecutor.java:628)
	at java.base@11.0.19/java.lang.Thread.run(Thread.java:829)


"NettyClientStreamRpc-workerGroup--thread1" daemon prio=5 Id=368 RUNNABLE (in native)
	at java.base@11.0.19/sun.nio.ch.EPoll.wait(Native Method)
	at java.base@11.0.19/sun.nio.ch.EPollSelectorImpl.doSelect(EPollSelectorImpl.java:120)
	at java.base@11.0.19/sun.nio.ch.SelectorImpl.lockAndDoSelect(SelectorImpl.java:124)
	-  locked org.apache.ratis.thirdparty.io.netty.channel.nio.SelectedSelectionKeySet@68e5eea7
	-  locked sun.nio.ch.EPollSelectorImpl@291b4bf5
	at java.base@11.0.19/sun.nio.ch.SelectorImpl.select(SelectorImpl.java:141)
	at app//org.apache.ratis.thirdparty.io.netty.channel.nio.SelectedSelectionKeySetSelector.select(SelectedSelectionKeySetSelector.java:68)
	at app//org.apache.ratis.thirdparty.io.netty.channel.nio.NioEventLoop.select(NioEventLoop.java:879)
	at app//org.apache.ratis.thirdparty.io.netty.channel.nio.NioEventLoop.run(NioEventLoop.java:526)
	at app//org.apache.ratis.thirdparty.io.netty.util.concurrent.SingleThreadEventExecutor$4.run(SingleThreadEventExecutor.java:997)
	...


"NettyClientStreamRpc-workerGroup--thread1" daemon prio=5 Id=381 RUNNABLE (in native)
	at java.base@11.0.19/sun.nio.ch.EPoll.wait(Native Method)
	at java.base@11.0.19/sun.nio.ch.EPollSelectorImpl.doSelect(EPollSelectorImpl.java:120)
	at java.base@11.0.19/sun.nio.ch.SelectorImpl.lockAndDoSelect(SelectorImpl.java:124)
	-  locked org.apache.ratis.thirdparty.io.netty.channel.nio.SelectedSelectionKeySet@2d2ffcb7
	-  locked sun.nio.ch.EPollSelectorImpl@762ef0ea
	at java.base@11.0.19/sun.nio.ch.SelectorImpl.select(SelectorImpl.java:141)
	at app//org.apache.ratis.thirdparty.io.netty.channel.nio.SelectedSelectionKeySetSelector.select(SelectedSelectionKeySetSelector.java:68)
	at app//org.apache.ratis.thirdparty.io.netty.channel.nio.NioEventLoop.select(NioEventLoop.java:879)
	at app//org.apache.ratis.thirdparty.io.netty.channel.nio.NioEventLoop.run(NioEventLoop.java:526)
	at app//org.apache.ratis.thirdparty.io.netty.util.concurrent.SingleThreadEventExecutor$4.run(SingleThreadEventExecutor.java:997)
	...


"NettyClientStreamRpc-workerGroup--thread1" daemon prio=5 Id=380 RUNNABLE (in native)
	at java.base@11.0.19/sun.nio.ch.EPoll.wait(Native Method)
	at java.base@11.0.19/sun.nio.ch.EPollSelectorImpl.doSelect(EPollSelectorImpl.java:120)
	at java.base@11.0.19/sun.nio.ch.SelectorImpl.lockAndDoSelect(SelectorImpl.java:124)
	-  locked org.apache.ratis.thirdparty.io.netty.channel.nio.SelectedSelectionKeySet@31f9b85e
	-  locked sun.nio.ch.EPollSelectorImpl@424e1977
	at java.base@11.0.19/sun.nio.ch.SelectorImpl.select(SelectorImpl.java:141)
	at app//org.apache.ratis.thirdparty.io.netty.channel.nio.SelectedSelectionKeySetSelector.select(SelectedSelectionKeySetSelector.java:68)
	at app//org.apache.ratis.thirdparty.io.netty.channel.nio.NioEventLoop.select(NioEventLoop.java:879)
	at app//org.apache.ratis.thirdparty.io.netty.channel.nio.NioEventLoop.run(NioEventLoop.java:526)
	at app//org.apache.ratis.thirdparty.io.netty.util.concurrent.SingleThreadEventExecutor$4.run(SingleThreadEventExecutor.java:997)
	...


"NettyClientStreamRpc-workerGroup--thread1" daemon prio=5 Id=379 RUNNABLE (in native)
	at java.base@11.0.19/sun.nio.ch.EPoll.wait(Native Method)
	at java.base@11.0.19/sun.nio.ch.EPollSelectorImpl.doSelect(EPollSelectorImpl.java:120)
	at java.base@11.0.19/sun.nio.ch.SelectorImpl.lockAndDoSelect(SelectorImpl.java:124)
	-  locked org.apache.ratis.thirdparty.io.netty.channel.nio.SelectedSelectionKeySet@10d68fcd
	-  locked sun.nio.ch.EPollSelectorImpl@117e949d
	at java.base@11.0.19/sun.nio.ch.SelectorImpl.select(SelectorImpl.java:141)
	at app//org.apache.ratis.thirdparty.io.netty.channel.nio.SelectedSelectionKeySetSelector.select(SelectedSelectionKeySetSelector.java:68)
	at app//org.apache.ratis.thirdparty.io.netty.channel.nio.NioEventLoop.select(NioEventLoop.java:879)
	at app//org.apache.ratis.thirdparty.io.netty.channel.nio.NioEventLoop.run(NioEventLoop.java:526)
	at app//org.apache.ratis.thirdparty.io.netty.util.concurrent.SingleThreadEventExecutor$4.run(SingleThreadEventExecutor.java:997)
	...


"s1-DataStreamManagement-request--thread31" daemon prio=5 Id=376 WAITING on java.util.concurrent.locks.AbstractQueuedSynchronizer$ConditionObject@158a8276
	at java.base@11.0.19/jdk.internal.misc.Unsafe.park(Native Method)
	-  waiting on java.util.concurrent.locks.AbstractQueuedSynchronizer$ConditionObject@158a8276
	at java.base@11.0.19/java.util.concurrent.locks.LockSupport.park(LockSupport.java:194)
	at java.base@11.0.19/java.util.concurrent.locks.AbstractQueuedSynchronizer$ConditionObject.await(AbstractQueuedSynchronizer.java:2081)
	at java.base@11.0.19/java.util.concurrent.LinkedBlockingQueue.take(LinkedBlockingQueue.java:433)
	at java.base@11.0.19/java.util.concurrent.ThreadPoolExecutor.getTask(ThreadPoolExecutor.java:1054)
	at java.base@11.0.19/java.util.concurrent.ThreadPoolExecutor.runWorker(ThreadPoolExecutor.java:1114)
	at java.base@11.0.19/java.util.concurrent.ThreadPoolExecutor$Worker.run(ThreadPoolExecutor.java:628)
	at java.base@11.0.19/java.lang.Thread.run(Thread.java:829)


"NettyClientStreamRpc-workerGroup--thread1" daemon prio=5 Id=384 RUNNABLE (in native)
	at java.base@11.0.19/sun.nio.ch.EPoll.wait(Native Method)
	at java.base@11.0.19/sun.nio.ch.EPollSelectorImpl.doSelect(EPollSelectorImpl.java:120)
	at java.base@11.0.19/sun.nio.ch.SelectorImpl.lockAndDoSelect(SelectorImpl.java:124)
	-  locked org.apache.ratis.thirdparty.io.netty.channel.nio.SelectedSelectionKeySet@6db9f5a4
	-  locked sun.nio.ch.EPollSelectorImpl@5f8edcc5
	at java.base@11.0.19/sun.nio.ch.SelectorImpl.select(SelectorImpl.java:141)
	at app//org.apache.ratis.thirdparty.io.netty.channel.nio.SelectedSelectionKeySetSelector.select(SelectedSelectionKeySetSelector.java:68)
	at app//org.apache.ratis.thirdparty.io.netty.channel.nio.NioEventLoop.select(NioEventLoop.java:879)
	at app//org.apache.ratis.thirdparty.io.netty.channel.nio.NioEventLoop.run(NioEventLoop.java:526)
	at app//org.apache.ratis.thirdparty.io.netty.util.concurrent.SingleThreadEventExecutor$4.run(SingleThreadEventExecutor.java:997)
	...


"NettyClientStreamRpc-workerGroup--thread1" daemon prio=5 Id=383 RUNNABLE (in native)
	at java.base@11.0.19/sun.nio.ch.EPoll.wait(Native Method)
	at java.base@11.0.19/sun.nio.ch.EPollSelectorImpl.doSelect(EPollSelectorImpl.java:120)
	at java.base@11.0.19/sun.nio.ch.SelectorImpl.lockAndDoSelect(SelectorImpl.java:124)
	-  locked org.apache.ratis.thirdparty.io.netty.channel.nio.SelectedSelectionKeySet@7b02881e
	-  locked sun.nio.ch.EPollSelectorImpl@1ebd319f
	at java.base@11.0.19/sun.nio.ch.SelectorImpl.select(SelectorImpl.java:141)
	at app//org.apache.ratis.thirdparty.io.netty.channel.nio.SelectedSelectionKeySetSelector.select(SelectedSelectionKeySetSelector.java:68)
	at app//org.apache.ratis.thirdparty.io.netty.channel.nio.NioEventLoop.select(NioEventLoop.java:879)
	at app//org.apache.ratis.thirdparty.io.netty.channel.nio.NioEventLoop.run(NioEventLoop.java:526)
	at app//org.apache.ratis.thirdparty.io.netty.util.concurrent.SingleThreadEventExecutor$4.run(SingleThreadEventExecutor.java:997)
	...


"NettyClientStreamRpc-workerGroup--thread1" daemon prio=5 Id=382 RUNNABLE (in native)
	at java.base@11.0.19/sun.nio.ch.EPoll.wait(Native Method)
	at java.base@11.0.19/sun.nio.ch.EPollSelectorImpl.doSelect(EPollSelectorImpl.java:120)
	at java.base@11.0.19/sun.nio.ch.SelectorImpl.lockAndDoSelect(SelectorImpl.java:124)
	-  locked org.apache.ratis.thirdparty.io.netty.channel.nio.SelectedSelectionKeySet@3c0be339
	-  locked sun.nio.ch.EPollSelectorImpl@15ca7889
	at java.base@11.0.19/sun.nio.ch.SelectorImpl.select(SelectorImpl.java:141)
	at app//org.apache.ratis.thirdparty.io.netty.channel.nio.SelectedSelectionKeySetSelector.select(SelectedSelectionKeySetSelector.java:68)
	at app//org.apache.ratis.thirdparty.io.netty.channel.nio.NioEventLoop.select(NioEventLoop.java:879)
	at app//org.apache.ratis.thirdparty.io.netty.channel.nio.NioEventLoop.run(NioEventLoop.java:526)
	at app//org.apache.ratis.thirdparty.io.netty.util.concurrent.SingleThreadEventExecutor$4.run(SingleThreadEventExecutor.java:997)
	...


"NettyClientStreamRpc-workerGroup--thread1" daemon prio=5 Id=385 RUNNABLE (in native)
	at java.base@11.0.19/sun.nio.ch.EPoll.wait(Native Method)
	at java.base@11.0.19/sun.nio.ch.EPollSelectorImpl.doSelect(EPollSelectorImpl.java:120)
	at java.base@11.0.19/sun.nio.ch.SelectorImpl.lockAndDoSelect(SelectorImpl.java:124)
	-  locked org.apache.ratis.thirdparty.io.netty.channel.nio.SelectedSelectionKeySet@7a675056
	-  locked sun.nio.ch.EPollSelectorImpl@d21a74c
	at java.base@11.0.19/sun.nio.ch.SelectorImpl.select(SelectorImpl.java:141)
	at app//org.apache.ratis.thirdparty.io.netty.channel.nio.SelectedSelectionKeySetSelector.select(SelectedSelectionKeySetSelector.java:68)
	at app//org.apache.ratis.thirdparty.io.netty.channel.nio.NioEventLoop.select(NioEventLoop.java:879)
	at app//org.apache.ratis.thirdparty.io.netty.channel.nio.NioEventLoop.run(NioEventLoop.java:526)
	at app//org.apache.ratis.thirdparty.io.netty.util.concurrent.SingleThreadEventExecutor$4.run(SingleThreadEventExecutor.java:997)
	...


"s1-DataStreamManagement-write--thread1" daemon prio=5 Id=386 WAITING on java.util.concurrent.locks.AbstractQueuedSynchronizer$ConditionObject@6e509ffa
	at java.base@11.0.19/jdk.internal.misc.Unsafe.park(Native Method)
	-  waiting on java.util.concurrent.locks.AbstractQueuedSynchronizer$ConditionObject@6e509ffa
	at java.base@11.0.19/java.util.concurrent.locks.LockSupport.park(LockSupport.java:194)
	at java.base@11.0.19/java.util.concurrent.locks.AbstractQueuedSynchronizer$ConditionObject.await(AbstractQueuedSynchronizer.java:2081)
	at java.base@11.0.19/java.util.concurrent.LinkedBlockingQueue.take(LinkedBlockingQueue.java:433)
	at java.base@11.0.19/java.util.concurrent.ThreadPoolExecutor.getTask(ThreadPoolExecutor.java:1054)
	at java.base@11.0.19/java.util.concurrent.ThreadPoolExecutor.runWorker(ThreadPoolExecutor.java:1114)
	at java.base@11.0.19/java.util.concurrent.ThreadPoolExecutor$Worker.run(ThreadPoolExecutor.java:628)
	at java.base@11.0.19/java.lang.Thread.run(Thread.java:829)


"s1-DataStreamManagement-write--thread2" daemon prio=5 Id=387 WAITING on java.util.concurrent.locks.AbstractQueuedSynchronizer$ConditionObject@6e509ffa
	at java.base@11.0.19/jdk.internal.misc.Unsafe.park(Native Method)
	-  waiting on java.util.concurrent.locks.AbstractQueuedSynchronizer$ConditionObject@6e509ffa
	at java.base@11.0.19/java.util.concurrent.locks.LockSupport.park(LockSupport.java:194)
	at java.base@11.0.19/java.util.concurrent.locks.AbstractQueuedSynchronizer$ConditionObject.await(AbstractQueuedSynchronizer.java:2081)
	at java.base@11.0.19/java.util.concurrent.LinkedBlockingQueue.take(LinkedBlockingQueue.java:433)
	at java.base@11.0.19/java.util.concurrent.ThreadPoolExecutor.getTask(ThreadPoolExecutor.java:1054)
	at java.base@11.0.19/java.util.concurrent.ThreadPoolExecutor.runWorker(ThreadPoolExecutor.java:1114)
	at java.base@11.0.19/java.util.concurrent.ThreadPoolExecutor$Worker.run(ThreadPoolExecutor.java:628)
	at java.base@11.0.19/java.lang.Thread.run(Thread.java:829)


"s1-DataStreamManagement-write--thread4" daemon prio=5 Id=390 WAITING on java.util.concurrent.locks.AbstractQueuedSynchronizer$ConditionObject@6e509ffa
	at java.base@11.0.19/jdk.internal.misc.Unsafe.park(Native Method)
	-  waiting on java.util.concurrent.locks.AbstractQueuedSynchronizer$ConditionObject@6e509ffa
	at java.base@11.0.19/java.util.concurrent.locks.LockSupport.park(LockSupport.java:194)
	at java.base@11.0.19/java.util.concurrent.locks.AbstractQueuedSynchronizer$ConditionObject.await(AbstractQueuedSynchronizer.java:2081)
	at java.base@11.0.19/java.util.concurrent.LinkedBlockingQueue.take(LinkedBlockingQueue.java:433)
	at java.base@11.0.19/java.util.concurrent.ThreadPoolExecutor.getTask(ThreadPoolExecutor.java:1054)
	at java.base@11.0.19/java.util.concurrent.ThreadPoolExecutor.runWorker(ThreadPoolExecutor.java:1114)
	at java.base@11.0.19/java.util.concurrent.ThreadPoolExecutor$Worker.run(ThreadPoolExecutor.java:628)
	at java.base@11.0.19/java.lang.Thread.run(Thread.java:829)


"s1-DataStreamManagement-write--thread6" daemon prio=5 Id=392 WAITING on java.util.concurrent.locks.AbstractQueuedSynchronizer$ConditionObject@6e509ffa
	at java.base@11.0.19/jdk.internal.misc.Unsafe.park(Native Method)
	-  waiting on java.util.concurrent.locks.AbstractQueuedSynchronizer$ConditionObject@6e509ffa
	at java.base@11.0.19/java.util.concurrent.locks.LockSupport.park(LockSupport.java:194)
	at java.base@11.0.19/java.util.concurrent.locks.AbstractQueuedSynchronizer$ConditionObject.await(AbstractQueuedSynchronizer.java:2081)
	at java.base@11.0.19/java.util.concurrent.LinkedBlockingQueue.take(LinkedBlockingQueue.java:433)
	at java.base@11.0.19/java.util.concurrent.ThreadPoolExecutor.getTask(ThreadPoolExecutor.java:1054)
	at java.base@11.0.19/java.util.concurrent.ThreadPoolExecutor.runWorker(ThreadPoolExecutor.java:1114)
	at java.base@11.0.19/java.util.concurrent.ThreadPoolExecutor$Worker.run(ThreadPoolExecutor.java:628)
	at java.base@11.0.19/java.lang.Thread.run(Thread.java:829)


"s0-DataStreamManagement-write--thread1" daemon prio=5 Id=393 WAITING on java.util.concurrent.locks.AbstractQueuedSynchronizer$ConditionObject@2898ac89
	at java.base@11.0.19/jdk.internal.misc.Unsafe.park(Native Method)
	-  waiting on java.util.concurrent.locks.AbstractQueuedSynchronizer$ConditionObject@2898ac89
	at java.base@11.0.19/java.util.concurrent.locks.LockSupport.park(LockSupport.java:194)
	at java.base@11.0.19/java.util.concurrent.locks.AbstractQueuedSynchronizer$ConditionObject.await(AbstractQueuedSynchronizer.java:2081)
	at java.base@11.0.19/java.util.concurrent.LinkedBlockingQueue.take(LinkedBlockingQueue.java:433)
	at java.base@11.0.19/java.util.concurrent.ThreadPoolExecutor.getTask(ThreadPoolExecutor.java:1054)
	at java.base@11.0.19/java.util.concurrent.ThreadPoolExecutor.runWorker(ThreadPoolExecutor.java:1114)
	at java.base@11.0.19/java.util.concurrent.ThreadPoolExecutor$Worker.run(ThreadPoolExecutor.java:628)
	at java.base@11.0.19/java.lang.Thread.run(Thread.java:829)


"s0-DataStreamManagement-write--thread2" daemon prio=5 Id=395 WAITING on java.util.concurrent.locks.AbstractQueuedSynchronizer$ConditionObject@2898ac89
	at java.base@11.0.19/jdk.internal.misc.Unsafe.park(Native Method)
	-  waiting on java.util.concurrent.locks.AbstractQueuedSynchronizer$ConditionObject@2898ac89
	at java.base@11.0.19/java.util.concurrent.locks.LockSupport.park(LockSupport.java:194)
	at java.base@11.0.19/java.util.concurrent.locks.AbstractQueuedSynchronizer$ConditionObject.await(AbstractQueuedSynchronizer.java:2081)
	at java.base@11.0.19/java.util.concurrent.LinkedBlockingQueue.take(LinkedBlockingQueue.java:433)
	at java.base@11.0.19/java.util.concurrent.ThreadPoolExecutor.getTask(ThreadPoolExecutor.java:1054)
	at java.base@11.0.19/java.util.concurrent.ThreadPoolExecutor.runWorker(ThreadPoolExecutor.java:1114)
	at java.base@11.0.19/java.util.concurrent.ThreadPoolExecutor$Worker.run(ThreadPoolExecutor.java:628)
	at java.base@11.0.19/java.lang.Thread.run(Thread.java:829)


"NettyClientStreamRpc-workerGroup--thread1" daemon prio=5 Id=397 RUNNABLE (in native)
	at java.base@11.0.19/sun.nio.ch.EPoll.wait(Native Method)
	at java.base@11.0.19/sun.nio.ch.EPollSelectorImpl.doSelect(EPollSelectorImpl.java:120)
	at java.base@11.0.19/sun.nio.ch.SelectorImpl.lockAndDoSelect(SelectorImpl.java:124)
	-  locked org.apache.ratis.thirdparty.io.netty.channel.nio.SelectedSelectionKeySet@683dbc2c
	-  locked sun.nio.ch.EPollSelectorImpl@68267da0
	at java.base@11.0.19/sun.nio.ch.SelectorImpl.select(SelectorImpl.java:141)
	at app//org.apache.ratis.thirdparty.io.netty.channel.nio.SelectedSelectionKeySetSelector.select(SelectedSelectionKeySetSelector.java:68)
	at app//org.apache.ratis.thirdparty.io.netty.channel.nio.NioEventLoop.select(NioEventLoop.java:879)
	at app//org.apache.ratis.thirdparty.io.netty.channel.nio.NioEventLoop.run(NioEventLoop.java:526)
	at app//org.apache.ratis.thirdparty.io.netty.util.concurrent.SingleThreadEventExecutor$4.run(SingleThreadEventExecutor.java:997)
	...


"s0-DataStreamManagement-write--thread3" daemon prio=5 Id=398 WAITING on java.util.concurrent.locks.AbstractQueuedSynchronizer$ConditionObject@2898ac89
	at java.base@11.0.19/jdk.internal.misc.Unsafe.park(Native Method)
	-  waiting on java.util.concurrent.locks.AbstractQueuedSynchronizer$ConditionObject@2898ac89
	at java.base@11.0.19/java.util.concurrent.locks.LockSupport.park(LockSupport.java:194)
	at java.base@11.0.19/java.util.concurrent.locks.AbstractQueuedSynchronizer$ConditionObject.await(AbstractQueuedSynchronizer.java:2081)
	at java.base@11.0.19/java.util.concurrent.LinkedBlockingQueue.take(LinkedBlockingQueue.java:433)
	at java.base@11.0.19/java.util.concurrent.ThreadPoolExecutor.getTask(ThreadPoolExecutor.java:1054)
	at java.base@11.0.19/java.util.concurrent.ThreadPoolExecutor.runWorker(ThreadPoolExecutor.java:1114)
	at java.base@11.0.19/java.util.concurrent.ThreadPoolExecutor$Worker.run(ThreadPoolExecutor.java:628)
	at java.base@11.0.19/java.lang.Thread.run(Thread.java:829)


"s2-DataStreamManagement-write--thread2" daemon prio=5 Id=396 WAITING on java.util.concurrent.locks.AbstractQueuedSynchronizer$ConditionObject@2638011
	at java.base@11.0.19/jdk.internal.misc.Unsafe.park(Native Method)
	-  waiting on java.util.concurrent.locks.AbstractQueuedSynchronizer$ConditionObject@2638011
	at java.base@11.0.19/java.util.concurrent.locks.LockSupport.park(LockSupport.java:194)
	at java.base@11.0.19/java.util.concurrent.locks.AbstractQueuedSynchronizer$ConditionObject.await(AbstractQueuedSynchronizer.java:2081)
	at java.base@11.0.19/java.util.concurrent.LinkedBlockingQueue.take(LinkedBlockingQueue.java:433)
	at java.base@11.0.19/java.util.concurrent.ThreadPoolExecutor.getTask(ThreadPoolExecutor.java:1054)
	at java.base@11.0.19/java.util.concurrent.ThreadPoolExecutor.runWorker(ThreadPoolExecutor.java:1114)
	at java.base@11.0.19/java.util.concurrent.ThreadPoolExecutor$Worker.run(ThreadPoolExecutor.java:628)
	at java.base@11.0.19/java.lang.Thread.run(Thread.java:829)


"s1-DataStreamManagement-write--thread7" daemon prio=5 Id=394 WAITING on java.util.concurrent.locks.AbstractQueuedSynchronizer$ConditionObject@6e509ffa
	at java.base@11.0.19/jdk.internal.misc.Unsafe.park(Native Method)
	-  waiting on java.util.concurrent.locks.AbstractQueuedSynchronizer$ConditionObject@6e509ffa
	at java.base@11.0.19/java.util.concurrent.locks.LockSupport.park(LockSupport.java:194)
	at java.base@11.0.19/java.util.concurrent.locks.AbstractQueuedSynchronizer$ConditionObject.await(AbstractQueuedSynchronizer.java:2081)
	at java.base@11.0.19/java.util.concurrent.LinkedBlockingQueue.take(LinkedBlockingQueue.java:433)
	at java.base@11.0.19/java.util.concurrent.ThreadPoolExecutor.getTask(ThreadPoolExecutor.java:1054)
	at java.base@11.0.19/java.util.concurrent.ThreadPoolExecutor.runWorker(ThreadPoolExecutor.java:1114)
	at java.base@11.0.19/java.util.concurrent.ThreadPoolExecutor$Worker.run(ThreadPoolExecutor.java:628)
	at java.base@11.0.19/java.lang.Thread.run(Thread.java:829)


"s1-DataStreamManagement-write--thread5" daemon prio=5 Id=391 WAITING on java.util.concurrent.locks.AbstractQueuedSynchronizer$ConditionObject@6e509ffa
	at java.base@11.0.19/jdk.internal.misc.Unsafe.park(Native Method)
	-  waiting on java.util.concurrent.locks.AbstractQueuedSynchronizer$ConditionObject@6e509ffa
	at java.base@11.0.19/java.util.concurrent.locks.LockSupport.park(LockSupport.java:194)
	at java.base@11.0.19/java.util.concurrent.locks.AbstractQueuedSynchronizer$ConditionObject.await(AbstractQueuedSynchronizer.java:2081)
	at java.base@11.0.19/java.util.concurrent.LinkedBlockingQueue.take(LinkedBlockingQueue.java:433)
	at java.base@11.0.19/java.util.concurrent.ThreadPoolExecutor.getTask(ThreadPoolExecutor.java:1054)
	at java.base@11.0.19/java.util.concurrent.ThreadPoolExecutor.runWorker(ThreadPoolExecutor.java:1114)
	at java.base@11.0.19/java.util.concurrent.ThreadPoolExecutor$Worker.run(ThreadPoolExecutor.java:628)
	at java.base@11.0.19/java.lang.Thread.run(Thread.java:829)


"s1-DataStreamManagement-write--thread3" daemon prio=5 Id=389 WAITING on java.util.concurrent.locks.AbstractQueuedSynchronizer$ConditionObject@6e509ffa
	at java.base@11.0.19/jdk.internal.misc.Unsafe.park(Native Method)
	-  waiting on java.util.concurrent.locks.AbstractQueuedSynchronizer$ConditionObject@6e509ffa
	at java.base@11.0.19/java.util.concurrent.locks.LockSupport.park(LockSupport.java:194)
	at java.base@11.0.19/java.util.concurrent.locks.AbstractQueuedSynchronizer$ConditionObject.await(AbstractQueuedSynchronizer.java:2081)
	at java.base@11.0.19/java.util.concurrent.LinkedBlockingQueue.take(LinkedBlockingQueue.java:433)
	at java.base@11.0.19/java.util.concurrent.ThreadPoolExecutor.getTask(ThreadPoolExecutor.java:1054)
	at java.base@11.0.19/java.util.concurrent.ThreadPoolExecutor.runWorker(ThreadPoolExecutor.java:1114)
	at java.base@11.0.19/java.util.concurrent.ThreadPoolExecutor$Worker.run(ThreadPoolExecutor.java:628)
	at java.base@11.0.19/java.lang.Thread.run(Thread.java:829)


"s2-DataStreamManagement-write--thread1" daemon prio=5 Id=388 WAITING on java.util.concurrent.locks.AbstractQueuedSynchronizer$ConditionObject@2638011
	at java.base@11.0.19/jdk.internal.misc.Unsafe.park(Native Method)
	-  waiting on java.util.concurrent.locks.AbstractQueuedSynchronizer$ConditionObject@2638011
	at java.base@11.0.19/java.util.concurrent.locks.LockSupport.park(LockSupport.java:194)
	at java.base@11.0.19/java.util.concurrent.locks.AbstractQueuedSynchronizer$ConditionObject.await(AbstractQueuedSynchronizer.java:2081)
	at java.base@11.0.19/java.util.concurrent.LinkedBlockingQueue.take(LinkedBlockingQueue.java:433)
	at java.base@11.0.19/java.util.concurrent.ThreadPoolExecutor.getTask(ThreadPoolExecutor.java:1054)
	at java.base@11.0.19/java.util.concurrent.ThreadPoolExecutor.runWorker(ThreadPoolExecutor.java:1114)
	at java.base@11.0.19/java.util.concurrent.ThreadPoolExecutor$Worker.run(ThreadPoolExecutor.java:628)
	at java.base@11.0.19/java.lang.Thread.run(Thread.java:829)


"s2-DataStreamManagement-write--thread4" daemon prio=5 Id=406 WAITING on java.util.concurrent.locks.AbstractQueuedSynchronizer$ConditionObject@2638011
	at java.base@11.0.19/jdk.internal.misc.Unsafe.park(Native Method)
	-  waiting on java.util.concurrent.locks.AbstractQueuedSynchronizer$ConditionObject@2638011
	at java.base@11.0.19/java.util.concurrent.locks.LockSupport.park(LockSupport.java:194)
	at java.base@11.0.19/java.util.concurrent.locks.AbstractQueuedSynchronizer$ConditionObject.await(AbstractQueuedSynchronizer.java:2081)
	at java.base@11.0.19/java.util.concurrent.LinkedBlockingQueue.take(LinkedBlockingQueue.java:433)
	at java.base@11.0.19/java.util.concurrent.ThreadPoolExecutor.getTask(ThreadPoolExecutor.java:1054)
	at java.base@11.0.19/java.util.concurrent.ThreadPoolExecutor.runWorker(ThreadPoolExecutor.java:1114)
	at java.base@11.0.19/java.util.concurrent.ThreadPoolExecutor$Worker.run(ThreadPoolExecutor.java:628)
	at java.base@11.0.19/java.lang.Thread.run(Thread.java:829)


"s2-DataStreamManagement-write--thread6" daemon prio=5 Id=408 WAITING on java.util.concurrent.locks.AbstractQueuedSynchronizer$ConditionObject@2638011
	at java.base@11.0.19/jdk.internal.misc.Unsafe.park(Native Method)
	-  waiting on java.util.concurrent.locks.AbstractQueuedSynchronizer$ConditionObject@2638011
	at java.base@11.0.19/java.util.concurrent.locks.LockSupport.park(LockSupport.java:194)
	at java.base@11.0.19/java.util.concurrent.locks.AbstractQueuedSynchronizer$ConditionObject.await(AbstractQueuedSynchronizer.java:2081)
	at java.base@11.0.19/java.util.concurrent.LinkedBlockingQueue.take(LinkedBlockingQueue.java:433)
	at java.base@11.0.19/java.util.concurrent.ThreadPoolExecutor.getTask(ThreadPoolExecutor.java:1054)
	at java.base@11.0.19/java.util.concurrent.ThreadPoolExecutor.runWorker(ThreadPoolExecutor.java:1114)
	at java.base@11.0.19/java.util.concurrent.ThreadPoolExecutor$Worker.run(ThreadPoolExecutor.java:628)
	at java.base@11.0.19/java.lang.Thread.run(Thread.java:829)


"s2-DataStreamManagement-write--thread5" daemon prio=5 Id=407 WAITING on java.util.concurrent.locks.AbstractQueuedSynchronizer$ConditionObject@2638011
	at java.base@11.0.19/jdk.internal.misc.Unsafe.park(Native Method)
	-  waiting on java.util.concurrent.locks.AbstractQueuedSynchronizer$ConditionObject@2638011
	at java.base@11.0.19/java.util.concurrent.locks.LockSupport.park(LockSupport.java:194)
	at java.base@11.0.19/java.util.concurrent.locks.AbstractQueuedSynchronizer$ConditionObject.await(AbstractQueuedSynchronizer.java:2081)
	at java.base@11.0.19/java.util.concurrent.LinkedBlockingQueue.take(LinkedBlockingQueue.java:433)
	at java.base@11.0.19/java.util.concurrent.ThreadPoolExecutor.getTask(ThreadPoolExecutor.java:1054)
	at java.base@11.0.19/java.util.concurrent.ThreadPoolExecutor.runWorker(ThreadPoolExecutor.java:1114)
	at java.base@11.0.19/java.util.concurrent.ThreadPoolExecutor$Worker.run(ThreadPoolExecutor.java:628)
	at java.base@11.0.19/java.lang.Thread.run(Thread.java:829)


"s1-DataStreamManagement-write--thread10" daemon prio=5 Id=405 WAITING on java.util.concurrent.locks.AbstractQueuedSynchronizer$ConditionObject@6e509ffa
	at java.base@11.0.19/jdk.internal.misc.Unsafe.park(Native Method)
	-  waiting on java.util.concurrent.locks.AbstractQueuedSynchronizer$ConditionObject@6e509ffa
	at java.base@11.0.19/java.util.concurrent.locks.LockSupport.park(LockSupport.java:194)
	at java.base@11.0.19/java.util.concurrent.locks.AbstractQueuedSynchronizer$ConditionObject.await(AbstractQueuedSynchronizer.java:2081)
	at java.base@11.0.19/java.util.concurrent.LinkedBlockingQueue.take(LinkedBlockingQueue.java:433)
	at java.base@11.0.19/java.util.concurrent.ThreadPoolExecutor.getTask(ThreadPoolExecutor.java:1054)
	at java.base@11.0.19/java.util.concurrent.ThreadPoolExecutor.runWorker(ThreadPoolExecutor.java:1114)
	at java.base@11.0.19/java.util.concurrent.ThreadPoolExecutor$Worker.run(ThreadPoolExecutor.java:628)
	at java.base@11.0.19/java.lang.Thread.run(Thread.java:829)


"s1-DataStreamManagement-write--thread9" daemon prio=5 Id=404 WAITING on java.util.concurrent.locks.AbstractQueuedSynchronizer$ConditionObject@6e509ffa
	at java.base@11.0.19/jdk.internal.misc.Unsafe.park(Native Method)
	-  waiting on java.util.concurrent.locks.AbstractQueuedSynchronizer$ConditionObject@6e509ffa
	at java.base@11.0.19/java.util.concurrent.locks.LockSupport.park(LockSupport.java:194)
	at java.base@11.0.19/java.util.concurrent.locks.AbstractQueuedSynchronizer$ConditionObject.await(AbstractQueuedSynchronizer.java:2081)
	at java.base@11.0.19/java.util.concurrent.LinkedBlockingQueue.take(LinkedBlockingQueue.java:433)
	at java.base@11.0.19/java.util.concurrent.ThreadPoolExecutor.getTask(ThreadPoolExecutor.java:1054)
	at java.base@11.0.19/java.util.concurrent.ThreadPoolExecutor.runWorker(ThreadPoolExecutor.java:1114)
	at java.base@11.0.19/java.util.concurrent.ThreadPoolExecutor$Worker.run(ThreadPoolExecutor.java:628)
	at java.base@11.0.19/java.lang.Thread.run(Thread.java:829)


"s1-DataStreamManagement-write--thread8" daemon prio=5 Id=403 WAITING on java.util.concurrent.locks.AbstractQueuedSynchronizer$ConditionObject@6e509ffa
	at java.base@11.0.19/jdk.internal.misc.Unsafe.park(Native Method)
	-  waiting on java.util.concurrent.locks.AbstractQueuedSynchronizer$ConditionObject@6e509ffa
	at java.base@11.0.19/java.util.concurrent.locks.LockSupport.park(LockSupport.java:194)
	at java.base@11.0.19/java.util.concurrent.locks.AbstractQueuedSynchronizer$ConditionObject.await(AbstractQueuedSynchronizer.java:2081)
	at java.base@11.0.19/java.util.concurrent.LinkedBlockingQueue.take(LinkedBlockingQueue.java:433)
	at java.base@11.0.19/java.util.concurrent.ThreadPoolExecutor.getTask(ThreadPoolExecutor.java:1054)
	at java.base@11.0.19/java.util.concurrent.ThreadPoolExecutor.runWorker(ThreadPoolExecutor.java:1114)
	at java.base@11.0.19/java.util.concurrent.ThreadPoolExecutor$Worker.run(ThreadPoolExecutor.java:628)
	at java.base@11.0.19/java.lang.Thread.run(Thread.java:829)


"s2-DataStreamManagement-write--thread3" daemon prio=5 Id=402 WAITING on java.util.concurrent.locks.AbstractQueuedSynchronizer$ConditionObject@2638011
	at java.base@11.0.19/jdk.internal.misc.Unsafe.park(Native Method)
	-  waiting on java.util.concurrent.locks.AbstractQueuedSynchronizer$ConditionObject@2638011
	at java.base@11.0.19/java.util.concurrent.locks.LockSupport.park(LockSupport.java:194)
	at java.base@11.0.19/java.util.concurrent.locks.AbstractQueuedSynchronizer$ConditionObject.await(AbstractQueuedSynchronizer.java:2081)
	at java.base@11.0.19/java.util.concurrent.LinkedBlockingQueue.take(LinkedBlockingQueue.java:433)
	at java.base@11.0.19/java.util.concurrent.ThreadPoolExecutor.getTask(ThreadPoolExecutor.java:1054)
	at java.base@11.0.19/java.util.concurrent.ThreadPoolExecutor.runWorker(ThreadPoolExecutor.java:1114)
	at java.base@11.0.19/java.util.concurrent.ThreadPoolExecutor$Worker.run(ThreadPoolExecutor.java:628)
	at java.base@11.0.19/java.lang.Thread.run(Thread.java:829)


"s0-DataStreamManagement-write--thread4" daemon prio=5 Id=401 WAITING on java.util.concurrent.locks.AbstractQueuedSynchronizer$ConditionObject@2898ac89
	at java.base@11.0.19/jdk.internal.misc.Unsafe.park(Native Method)
	-  waiting on java.util.concurrent.locks.AbstractQueuedSynchronizer$ConditionObject@2898ac89
	at java.base@11.0.19/java.util.concurrent.locks.LockSupport.park(LockSupport.java:194)
	at java.base@11.0.19/java.util.concurrent.locks.AbstractQueuedSynchronizer$ConditionObject.await(AbstractQueuedSynchronizer.java:2081)
	at java.base@11.0.19/java.util.concurrent.LinkedBlockingQueue.take(LinkedBlockingQueue.java:433)
	at java.base@11.0.19/java.util.concurrent.ThreadPoolExecutor.getTask(ThreadPoolExecutor.java:1054)
	at java.base@11.0.19/java.util.concurrent.ThreadPoolExecutor.runWorker(ThreadPoolExecutor.java:1114)
	at java.base@11.0.19/java.util.concurrent.ThreadPoolExecutor$Worker.run(ThreadPoolExecutor.java:628)
	at java.base@11.0.19/java.lang.Thread.run(Thread.java:829)


"NettyClientStreamRpc-workerGroup--thread1" daemon prio=5 Id=400 RUNNABLE (in native)
	at java.base@11.0.19/sun.nio.ch.EPoll.wait(Native Method)
	at java.base@11.0.19/sun.nio.ch.EPollSelectorImpl.doSelect(EPollSelectorImpl.java:120)
	at java.base@11.0.19/sun.nio.ch.SelectorImpl.lockAndDoSelect(SelectorImpl.java:124)
	-  locked org.apache.ratis.thirdparty.io.netty.channel.nio.SelectedSelectionKeySet@6ff29830
	-  locked sun.nio.ch.EPollSelectorImpl@6a2b953e
	at java.base@11.0.19/sun.nio.ch.SelectorImpl.select(SelectorImpl.java:141)
	at app//org.apache.ratis.thirdparty.io.netty.channel.nio.SelectedSelectionKeySetSelector.select(SelectedSelectionKeySetSelector.java:68)
	at app//org.apache.ratis.thirdparty.io.netty.channel.nio.NioEventLoop.select(NioEventLoop.java:879)
	at app//org.apache.ratis.thirdparty.io.netty.channel.nio.NioEventLoop.run(NioEventLoop.java:526)
	at app//org.apache.ratis.thirdparty.io.netty.util.concurrent.SingleThreadEventExecutor$4.run(SingleThreadEventExecutor.java:997)
	...


"s0-DataStreamManagement-write--thread5" daemon prio=5 Id=415 WAITING on java.util.concurrent.locks.AbstractQueuedSynchronizer$ConditionObject@2898ac89
	at java.base@11.0.19/jdk.internal.misc.Unsafe.park(Native Method)
	-  waiting on java.util.concurrent.locks.AbstractQueuedSynchronizer$ConditionObject@2898ac89
	at java.base@11.0.19/java.util.concurrent.locks.LockSupport.park(LockSupport.java:194)
	at java.base@11.0.19/java.util.concurrent.locks.AbstractQueuedSynchronizer$ConditionObject.await(AbstractQueuedSynchronizer.java:2081)
	at java.base@11.0.19/java.util.concurrent.LinkedBlockingQueue.take(LinkedBlockingQueue.java:433)
	at java.base@11.0.19/java.util.concurrent.ThreadPoolExecutor.getTask(ThreadPoolExecutor.java:1054)
	at java.base@11.0.19/java.util.concurrent.ThreadPoolExecutor.runWorker(ThreadPoolExecutor.java:1114)
	at java.base@11.0.19/java.util.concurrent.ThreadPoolExecutor$Worker.run(ThreadPoolExecutor.java:628)
	at java.base@11.0.19/java.lang.Thread.run(Thread.java:829)


"s2-DataStreamManagement-write--thread8" daemon prio=5 Id=414 WAITING on java.util.concurrent.locks.AbstractQueuedSynchronizer$ConditionObject@2638011
	at java.base@11.0.19/jdk.internal.misc.Unsafe.park(Native Method)
	-  waiting on java.util.concurrent.locks.AbstractQueuedSynchronizer$ConditionObject@2638011
	at java.base@11.0.19/java.util.concurrent.locks.LockSupport.park(LockSupport.java:194)
	at java.base@11.0.19/java.util.concurrent.locks.AbstractQueuedSynchronizer$ConditionObject.await(AbstractQueuedSynchronizer.java:2081)
	at java.base@11.0.19/java.util.concurrent.LinkedBlockingQueue.take(LinkedBlockingQueue.java:433)
	at java.base@11.0.19/java.util.concurrent.ThreadPoolExecutor.getTask(ThreadPoolExecutor.java:1054)
	at java.base@11.0.19/java.util.concurrent.ThreadPoolExecutor.runWorker(ThreadPoolExecutor.java:1114)
	at java.base@11.0.19/java.util.concurrent.ThreadPoolExecutor$Worker.run(ThreadPoolExecutor.java:628)
	at java.base@11.0.19/java.lang.Thread.run(Thread.java:829)


"s1-DataStreamManagement-write--thread14" daemon prio=5 Id=413 WAITING on java.util.concurrent.locks.AbstractQueuedSynchronizer$ConditionObject@6e509ffa
	at java.base@11.0.19/jdk.internal.misc.Unsafe.park(Native Method)
	-  waiting on java.util.concurrent.locks.AbstractQueuedSynchronizer$ConditionObject@6e509ffa
	at java.base@11.0.19/java.util.concurrent.locks.LockSupport.park(LockSupport.java:194)
	at java.base@11.0.19/java.util.concurrent.locks.AbstractQueuedSynchronizer$ConditionObject.await(AbstractQueuedSynchronizer.java:2081)
	at java.base@11.0.19/java.util.concurrent.LinkedBlockingQueue.take(LinkedBlockingQueue.java:433)
	at java.base@11.0.19/java.util.concurrent.ThreadPoolExecutor.getTask(ThreadPoolExecutor.java:1054)
	at java.base@11.0.19/java.util.concurrent.ThreadPoolExecutor.runWorker(ThreadPoolExecutor.java:1114)
	at java.base@11.0.19/java.util.concurrent.ThreadPoolExecutor$Worker.run(ThreadPoolExecutor.java:628)
	at java.base@11.0.19/java.lang.Thread.run(Thread.java:829)


"s1-DataStreamManagement-write--thread13" daemon prio=5 Id=412 WAITING on java.util.concurrent.locks.AbstractQueuedSynchronizer$ConditionObject@6e509ffa
	at java.base@11.0.19/jdk.internal.misc.Unsafe.park(Native Method)
	-  waiting on java.util.concurrent.locks.AbstractQueuedSynchronizer$ConditionObject@6e509ffa
	at java.base@11.0.19/java.util.concurrent.locks.LockSupport.park(LockSupport.java:194)
	at java.base@11.0.19/java.util.concurrent.locks.AbstractQueuedSynchronizer$ConditionObject.await(AbstractQueuedSynchronizer.java:2081)
	at java.base@11.0.19/java.util.concurrent.LinkedBlockingQueue.take(LinkedBlockingQueue.java:433)
	at java.base@11.0.19/java.util.concurrent.ThreadPoolExecutor.getTask(ThreadPoolExecutor.java:1054)
	at java.base@11.0.19/java.util.concurrent.ThreadPoolExecutor.runWorker(ThreadPoolExecutor.java:1114)
	at java.base@11.0.19/java.util.concurrent.ThreadPoolExecutor$Worker.run(ThreadPoolExecutor.java:628)
	at java.base@11.0.19/java.lang.Thread.run(Thread.java:829)


"s1-DataStreamManagement-write--thread12" daemon prio=5 Id=411 WAITING on java.util.concurrent.locks.AbstractQueuedSynchronizer$ConditionObject@6e509ffa
	at java.base@11.0.19/jdk.internal.misc.Unsafe.park(Native Method)
	-  waiting on java.util.concurrent.locks.AbstractQueuedSynchronizer$ConditionObject@6e509ffa
	at java.base@11.0.19/java.util.concurrent.locks.LockSupport.park(LockSupport.java:194)
	at java.base@11.0.19/java.util.concurrent.locks.AbstractQueuedSynchronizer$ConditionObject.await(AbstractQueuedSynchronizer.java:2081)
	at java.base@11.0.19/java.util.concurrent.LinkedBlockingQueue.take(LinkedBlockingQueue.java:433)
	at java.base@11.0.19/java.util.concurrent.ThreadPoolExecutor.getTask(ThreadPoolExecutor.java:1054)
	at java.base@11.0.19/java.util.concurrent.ThreadPoolExecutor.runWorker(ThreadPoolExecutor.java:1114)
	at java.base@11.0.19/java.util.concurrent.ThreadPoolExecutor$Worker.run(ThreadPoolExecutor.java:628)
	at java.base@11.0.19/java.lang.Thread.run(Thread.java:829)


"s2-DataStreamManagement-write--thread7" daemon prio=5 Id=410 WAITING on java.util.concurrent.locks.AbstractQueuedSynchronizer$ConditionObject@2638011
	at java.base@11.0.19/jdk.internal.misc.Unsafe.park(Native Method)
	-  waiting on java.util.concurrent.locks.AbstractQueuedSynchronizer$ConditionObject@2638011
	at java.base@11.0.19/java.util.concurrent.locks.LockSupport.park(LockSupport.java:194)
	at java.base@11.0.19/java.util.concurrent.locks.AbstractQueuedSynchronizer$ConditionObject.await(AbstractQueuedSynchronizer.java:2081)
	at java.base@11.0.19/java.util.concurrent.LinkedBlockingQueue.take(LinkedBlockingQueue.java:433)
	at java.base@11.0.19/java.util.concurrent.ThreadPoolExecutor.getTask(ThreadPoolExecutor.java:1054)
	at java.base@11.0.19/java.util.concurrent.ThreadPoolExecutor.runWorker(ThreadPoolExecutor.java:1114)
	at java.base@11.0.19/java.util.concurrent.ThreadPoolExecutor$Worker.run(ThreadPoolExecutor.java:628)
	at java.base@11.0.19/java.lang.Thread.run(Thread.java:829)


"s1-DataStreamManagement-write--thread11" daemon prio=5 Id=409 WAITING on java.util.concurrent.locks.AbstractQueuedSynchronizer$ConditionObject@6e509ffa
	at java.base@11.0.19/jdk.internal.misc.Unsafe.park(Native Method)
	-  waiting on java.util.concurrent.locks.AbstractQueuedSynchronizer$ConditionObject@6e509ffa
	at java.base@11.0.19/java.util.concurrent.locks.LockSupport.park(LockSupport.java:194)
	at java.base@11.0.19/java.util.concurrent.locks.AbstractQueuedSynchronizer$ConditionObject.await(AbstractQueuedSynchronizer.java:2081)
	at java.base@11.0.19/java.util.concurrent.LinkedBlockingQueue.take(LinkedBlockingQueue.java:433)
	at java.base@11.0.19/java.util.concurrent.ThreadPoolExecutor.getTask(ThreadPoolExecutor.java:1054)
	at java.base@11.0.19/java.util.concurrent.ThreadPoolExecutor.runWorker(ThreadPoolExecutor.java:1114)
	at java.base@11.0.19/java.util.concurrent.ThreadPoolExecutor$Worker.run(ThreadPoolExecutor.java:628)
	at java.base@11.0.19/java.lang.Thread.run(Thread.java:829)


"s0-DataStreamManagement-write--thread7" daemon prio=5 Id=421 WAITING on java.util.concurrent.locks.AbstractQueuedSynchronizer$ConditionObject@2898ac89
	at java.base@11.0.19/jdk.internal.misc.Unsafe.park(Native Method)
	-  waiting on java.util.concurrent.locks.AbstractQueuedSynchronizer$ConditionObject@2898ac89
	at java.base@11.0.19/java.util.concurrent.locks.LockSupport.park(LockSupport.java:194)
	at java.base@11.0.19/java.util.concurrent.locks.AbstractQueuedSynchronizer$ConditionObject.await(AbstractQueuedSynchronizer.java:2081)
	at java.base@11.0.19/java.util.concurrent.LinkedBlockingQueue.take(LinkedBlockingQueue.java:433)
	at java.base@11.0.19/java.util.concurrent.ThreadPoolExecutor.getTask(ThreadPoolExecutor.java:1054)
	at java.base@11.0.19/java.util.concurrent.ThreadPoolExecutor.runWorker(ThreadPoolExecutor.java:1114)
	at java.base@11.0.19/java.util.concurrent.ThreadPoolExecutor$Worker.run(ThreadPoolExecutor.java:628)
	at java.base@11.0.19/java.lang.Thread.run(Thread.java:829)


"s2-DataStreamManagement-write--thread11" daemon prio=5 Id=423 WAITING on java.util.concurrent.locks.AbstractQueuedSynchronizer$ConditionObject@2638011
	at java.base@11.0.19/jdk.internal.misc.Unsafe.park(Native Method)
	-  waiting on java.util.concurrent.locks.AbstractQueuedSynchronizer$ConditionObject@2638011
	at java.base@11.0.19/java.util.concurrent.locks.LockSupport.park(LockSupport.java:194)
	at java.base@11.0.19/java.util.concurrent.locks.AbstractQueuedSynchronizer$ConditionObject.await(AbstractQueuedSynchronizer.java:2081)
	at java.base@11.0.19/java.util.concurrent.LinkedBlockingQueue.take(LinkedBlockingQueue.java:433)
	at java.base@11.0.19/java.util.concurrent.ThreadPoolExecutor.getTask(ThreadPoolExecutor.java:1054)
	at java.base@11.0.19/java.util.concurrent.ThreadPoolExecutor.runWorker(ThreadPoolExecutor.java:1114)
	at java.base@11.0.19/java.util.concurrent.ThreadPoolExecutor$Worker.run(ThreadPoolExecutor.java:628)
	at java.base@11.0.19/java.lang.Thread.run(Thread.java:829)


"s1-DataStreamManagement-write--thread16" daemon prio=5 Id=420 WAITING on java.util.concurrent.locks.AbstractQueuedSynchronizer$ConditionObject@6e509ffa
	at java.base@11.0.19/jdk.internal.misc.Unsafe.park(Native Method)
	-  waiting on java.util.concurrent.locks.AbstractQueuedSynchronizer$ConditionObject@6e509ffa
	at java.base@11.0.19/java.util.concurrent.locks.LockSupport.park(LockSupport.java:194)
	at java.base@11.0.19/java.util.concurrent.locks.AbstractQueuedSynchronizer$ConditionObject.await(AbstractQueuedSynchronizer.java:2081)
	at java.base@11.0.19/java.util.concurrent.LinkedBlockingQueue.take(LinkedBlockingQueue.java:433)
	at java.base@11.0.19/java.util.concurrent.ThreadPoolExecutor.getTask(ThreadPoolExecutor.java:1054)
	at java.base@11.0.19/java.util.concurrent.ThreadPoolExecutor.runWorker(ThreadPoolExecutor.java:1114)
	at java.base@11.0.19/java.util.concurrent.ThreadPoolExecutor$Worker.run(ThreadPoolExecutor.java:628)
	at java.base@11.0.19/java.lang.Thread.run(Thread.java:829)


"s1-DataStreamManagement-write--thread15" daemon prio=5 Id=419 WAITING on java.util.concurrent.locks.AbstractQueuedSynchronizer$ConditionObject@6e509ffa
	at java.base@11.0.19/jdk.internal.misc.Unsafe.park(Native Method)
	-  waiting on java.util.concurrent.locks.AbstractQueuedSynchronizer$ConditionObject@6e509ffa
	at java.base@11.0.19/java.util.concurrent.locks.LockSupport.park(LockSupport.java:194)
	at java.base@11.0.19/java.util.concurrent.locks.AbstractQueuedSynchronizer$ConditionObject.await(AbstractQueuedSynchronizer.java:2081)
	at java.base@11.0.19/java.util.concurrent.LinkedBlockingQueue.take(LinkedBlockingQueue.java:433)
	at java.base@11.0.19/java.util.concurrent.ThreadPoolExecutor.getTask(ThreadPoolExecutor.java:1054)
	at java.base@11.0.19/java.util.concurrent.ThreadPoolExecutor.runWorker(ThreadPoolExecutor.java:1114)
	at java.base@11.0.19/java.util.concurrent.ThreadPoolExecutor$Worker.run(ThreadPoolExecutor.java:628)
	at java.base@11.0.19/java.lang.Thread.run(Thread.java:829)


"s2-DataStreamManagement-write--thread9" daemon prio=5 Id=418 WAITING on java.util.concurrent.locks.AbstractQueuedSynchronizer$ConditionObject@2638011
	at java.base@11.0.19/jdk.internal.misc.Unsafe.park(Native Method)
	-  waiting on java.util.concurrent.locks.AbstractQueuedSynchronizer$ConditionObject@2638011
	at java.base@11.0.19/java.util.concurrent.locks.LockSupport.park(LockSupport.java:194)
	at java.base@11.0.19/java.util.concurrent.locks.AbstractQueuedSynchronizer$ConditionObject.await(AbstractQueuedSynchronizer.java:2081)
	at java.base@11.0.19/java.util.concurrent.LinkedBlockingQueue.take(LinkedBlockingQueue.java:433)
	at java.base@11.0.19/java.util.concurrent.ThreadPoolExecutor.getTask(ThreadPoolExecutor.java:1054)
	at java.base@11.0.19/java.util.concurrent.ThreadPoolExecutor.runWorker(ThreadPoolExecutor.java:1114)
	at java.base@11.0.19/java.util.concurrent.ThreadPoolExecutor$Worker.run(ThreadPoolExecutor.java:628)
	at java.base@11.0.19/java.lang.Thread.run(Thread.java:829)


"s0-DataStreamManagement-write--thread6" daemon prio=5 Id=417 WAITING on java.util.concurrent.locks.AbstractQueuedSynchronizer$ConditionObject@2898ac89
	at java.base@11.0.19/jdk.internal.misc.Unsafe.park(Native Method)
	-  waiting on java.util.concurrent.locks.AbstractQueuedSynchronizer$ConditionObject@2898ac89
	at java.base@11.0.19/java.util.concurrent.locks.LockSupport.park(LockSupport.java:194)
	at java.base@11.0.19/java.util.concurrent.locks.AbstractQueuedSynchronizer$ConditionObject.await(AbstractQueuedSynchronizer.java:2081)
	at java.base@11.0.19/java.util.concurrent.LinkedBlockingQueue.take(LinkedBlockingQueue.java:433)
	at java.base@11.0.19/java.util.concurrent.ThreadPoolExecutor.getTask(ThreadPoolExecutor.java:1054)
	at java.base@11.0.19/java.util.concurrent.ThreadPoolExecutor.runWorker(ThreadPoolExecutor.java:1114)
	at java.base@11.0.19/java.util.concurrent.ThreadPoolExecutor$Worker.run(ThreadPoolExecutor.java:628)
	at java.base@11.0.19/java.lang.Thread.run(Thread.java:829)


"NettyClientStreamRpc-workerGroup--thread1" daemon prio=5 Id=416 RUNNABLE (in native)
	at java.base@11.0.19/sun.nio.ch.EPoll.wait(Native Method)
	at java.base@11.0.19/sun.nio.ch.EPollSelectorImpl.doSelect(EPollSelectorImpl.java:120)
	at java.base@11.0.19/sun.nio.ch.SelectorImpl.lockAndDoSelect(SelectorImpl.java:124)
	-  locked org.apache.ratis.thirdparty.io.netty.channel.nio.SelectedSelectionKeySet@313b2ea6
	-  locked sun.nio.ch.EPollSelectorImpl@2f465398
	at java.base@11.0.19/sun.nio.ch.SelectorImpl.select(SelectorImpl.java:141)
	at app//org.apache.ratis.thirdparty.io.netty.channel.nio.SelectedSelectionKeySetSelector.select(SelectedSelectionKeySetSelector.java:68)
	at app//org.apache.ratis.thirdparty.io.netty.channel.nio.NioEventLoop.select(NioEventLoop.java:879)
	at app//org.apache.ratis.thirdparty.io.netty.channel.nio.NioEventLoop.run(NioEventLoop.java:526)
	at app//org.apache.ratis.thirdparty.io.netty.util.concurrent.SingleThreadEventExecutor$4.run(SingleThreadEventExecutor.java:997)
	...


"s2-DataStreamManagement-write--thread12" daemon prio=5 Id=425 WAITING on java.util.concurrent.locks.AbstractQueuedSynchronizer$ConditionObject@2638011
	at java.base@11.0.19/jdk.internal.misc.Unsafe.park(Native Method)
	-  waiting on java.util.concurrent.locks.AbstractQueuedSynchronizer$ConditionObject@2638011
	at java.base@11.0.19/java.util.concurrent.locks.LockSupport.park(LockSupport.java:194)
	at java.base@11.0.19/java.util.concurrent.locks.AbstractQueuedSynchronizer$ConditionObject.await(AbstractQueuedSynchronizer.java:2081)
	at java.base@11.0.19/java.util.concurrent.LinkedBlockingQueue.take(LinkedBlockingQueue.java:433)
	at java.base@11.0.19/java.util.concurrent.ThreadPoolExecutor.getTask(ThreadPoolExecutor.java:1054)
	at java.base@11.0.19/java.util.concurrent.ThreadPoolExecutor.runWorker(ThreadPoolExecutor.java:1114)
	at java.base@11.0.19/java.util.concurrent.ThreadPoolExecutor$Worker.run(ThreadPoolExecutor.java:628)
	at java.base@11.0.19/java.lang.Thread.run(Thread.java:829)


"s0-DataStreamManagement-write--thread8" daemon prio=5 Id=424 WAITING on java.util.concurrent.locks.AbstractQueuedSynchronizer$ConditionObject@2898ac89
	at java.base@11.0.19/jdk.internal.misc.Unsafe.park(Native Method)
	-  waiting on java.util.concurrent.locks.AbstractQueuedSynchronizer$ConditionObject@2898ac89
	at java.base@11.0.19/java.util.concurrent.locks.LockSupport.park(LockSupport.java:194)
	at java.base@11.0.19/java.util.concurrent.locks.AbstractQueuedSynchronizer$ConditionObject.await(AbstractQueuedSynchronizer.java:2081)
	at java.base@11.0.19/java.util.concurrent.LinkedBlockingQueue.take(LinkedBlockingQueue.java:433)
	at java.base@11.0.19/java.util.concurrent.ThreadPoolExecutor.getTask(ThreadPoolExecutor.java:1054)
	at java.base@11.0.19/java.util.concurrent.ThreadPoolExecutor.runWorker(ThreadPoolExecutor.java:1114)
	at java.base@11.0.19/java.util.concurrent.ThreadPoolExecutor$Worker.run(ThreadPoolExecutor.java:628)
	at java.base@11.0.19/java.lang.Thread.run(Thread.java:829)


"s2-DataStreamManagement-write--thread10" daemon prio=5 Id=422 WAITING on java.util.concurrent.locks.AbstractQueuedSynchronizer$ConditionObject@2638011
	at java.base@11.0.19/jdk.internal.misc.Unsafe.park(Native Method)
	-  waiting on java.util.concurrent.locks.AbstractQueuedSynchronizer$ConditionObject@2638011
	at java.base@11.0.19/java.util.concurrent.locks.LockSupport.park(LockSupport.java:194)
	at java.base@11.0.19/java.util.concurrent.locks.AbstractQueuedSynchronizer$ConditionObject.await(AbstractQueuedSynchronizer.java:2081)
	at java.base@11.0.19/java.util.concurrent.LinkedBlockingQueue.take(LinkedBlockingQueue.java:433)
	at java.base@11.0.19/java.util.concurrent.ThreadPoolExecutor.getTask(ThreadPoolExecutor.java:1054)
	at java.base@11.0.19/java.util.concurrent.ThreadPoolExecutor.runWorker(ThreadPoolExecutor.java:1114)
	at java.base@11.0.19/java.util.concurrent.ThreadPoolExecutor$Worker.run(ThreadPoolExecutor.java:628)
	at java.base@11.0.19/java.lang.Thread.run(Thread.java:829)


"s2-DataStreamManagement-write--thread13" daemon prio=5 Id=427 WAITING on java.util.concurrent.locks.AbstractQueuedSynchronizer$ConditionObject@2638011
	at java.base@11.0.19/jdk.internal.misc.Unsafe.park(Native Method)
	-  waiting on java.util.concurrent.locks.AbstractQueuedSynchronizer$ConditionObject@2638011
	at java.base@11.0.19/java.util.concurrent.locks.LockSupport.park(LockSupport.java:194)
	at java.base@11.0.19/java.util.concurrent.locks.AbstractQueuedSynchronizer$ConditionObject.await(AbstractQueuedSynchronizer.java:2081)
	at java.base@11.0.19/java.util.concurrent.LinkedBlockingQueue.take(LinkedBlockingQueue.java:433)
	at java.base@11.0.19/java.util.concurrent.ThreadPoolExecutor.getTask(ThreadPoolExecutor.java:1054)
	at java.base@11.0.19/java.util.concurrent.ThreadPoolExecutor.runWorker(ThreadPoolExecutor.java:1114)
	at java.base@11.0.19/java.util.concurrent.ThreadPoolExecutor$Worker.run(ThreadPoolExecutor.java:628)
	at java.base@11.0.19/java.lang.Thread.run(Thread.java:829)


"s0-DataStreamManagement-write--thread9" daemon prio=5 Id=426 WAITING on java.util.concurrent.locks.AbstractQueuedSynchronizer$ConditionObject@2898ac89
	at java.base@11.0.19/jdk.internal.misc.Unsafe.park(Native Method)
	-  waiting on java.util.concurrent.locks.AbstractQueuedSynchronizer$ConditionObject@2898ac89
	at java.base@11.0.19/java.util.concurrent.locks.LockSupport.park(LockSupport.java:194)
	at java.base@11.0.19/java.util.concurrent.locks.AbstractQueuedSynchronizer$ConditionObject.await(AbstractQueuedSynchronizer.java:2081)
	at java.base@11.0.19/java.util.concurrent.LinkedBlockingQueue.take(LinkedBlockingQueue.java:433)
	at java.base@11.0.19/java.util.concurrent.ThreadPoolExecutor.getTask(ThreadPoolExecutor.java:1054)
	at java.base@11.0.19/java.util.concurrent.ThreadPoolExecutor.runWorker(ThreadPoolExecutor.java:1114)
	at java.base@11.0.19/java.util.concurrent.ThreadPoolExecutor$Worker.run(ThreadPoolExecutor.java:628)
	at java.base@11.0.19/java.lang.Thread.run(Thread.java:829)


"s2-DataStreamManagement-write--thread14" daemon prio=5 Id=428 WAITING on java.util.concurrent.locks.AbstractQueuedSynchronizer$ConditionObject@2638011
	at java.base@11.0.19/jdk.internal.misc.Unsafe.park(Native Method)
	-  waiting on java.util.concurrent.locks.AbstractQueuedSynchronizer$ConditionObject@2638011
	at java.base@11.0.19/java.util.concurrent.locks.LockSupport.park(LockSupport.java:194)
	at java.base@11.0.19/java.util.concurrent.locks.AbstractQueuedSynchronizer$ConditionObject.await(AbstractQueuedSynchronizer.java:2081)
	at java.base@11.0.19/java.util.concurrent.LinkedBlockingQueue.take(LinkedBlockingQueue.java:433)
	at java.base@11.0.19/java.util.concurrent.ThreadPoolExecutor.getTask(ThreadPoolExecutor.java:1054)
	at java.base@11.0.19/java.util.concurrent.ThreadPoolExecutor.runWorker(ThreadPoolExecutor.java:1114)
	at java.base@11.0.19/java.util.concurrent.ThreadPoolExecutor$Worker.run(ThreadPoolExecutor.java:628)
	at java.base@11.0.19/java.lang.Thread.run(Thread.java:829)


"s2-DataStreamManagement-write--thread15" daemon prio=5 Id=430 WAITING on java.util.concurrent.locks.AbstractQueuedSynchronizer$ConditionObject@2638011
	at java.base@11.0.19/jdk.internal.misc.Unsafe.park(Native Method)
	-  waiting on java.util.concurrent.locks.AbstractQueuedSynchronizer$ConditionObject@2638011
	at java.base@11.0.19/java.util.concurrent.locks.LockSupport.park(LockSupport.java:194)
	at java.base@11.0.19/java.util.concurrent.locks.AbstractQueuedSynchronizer$ConditionObject.await(AbstractQueuedSynchronizer.java:2081)
	at java.base@11.0.19/java.util.concurrent.LinkedBlockingQueue.take(LinkedBlockingQueue.java:433)
	at java.base@11.0.19/java.util.concurrent.ThreadPoolExecutor.getTask(ThreadPoolExecutor.java:1054)
	at java.base@11.0.19/java.util.concurrent.ThreadPoolExecutor.runWorker(ThreadPoolExecutor.java:1114)
	at java.base@11.0.19/java.util.concurrent.ThreadPoolExecutor$Worker.run(ThreadPoolExecutor.java:628)
	at java.base@11.0.19/java.lang.Thread.run(Thread.java:829)


"s2-DataStreamManagement-write--thread16" daemon prio=5 Id=433 WAITING on java.util.concurrent.locks.AbstractQueuedSynchronizer$ConditionObject@2638011
	at java.base@11.0.19/jdk.internal.misc.Unsafe.park(Native Method)
	-  waiting on java.util.concurrent.locks.AbstractQueuedSynchronizer$ConditionObject@2638011
	at java.base@11.0.19/java.util.concurrent.locks.LockSupport.park(LockSupport.java:194)
	at java.base@11.0.19/java.util.concurrent.locks.AbstractQueuedSynchronizer$ConditionObject.await(AbstractQueuedSynchronizer.java:2081)
	at java.base@11.0.19/java.util.concurrent.LinkedBlockingQueue.take(LinkedBlockingQueue.java:433)
	at java.base@11.0.19/java.util.concurrent.ThreadPoolExecutor.getTask(ThreadPoolExecutor.java:1054)
	at java.base@11.0.19/java.util.concurrent.ThreadPoolExecutor.runWorker(ThreadPoolExecutor.java:1114)
	at java.base@11.0.19/java.util.concurrent.ThreadPoolExecutor$Worker.run(ThreadPoolExecutor.java:628)
	at java.base@11.0.19/java.lang.Thread.run(Thread.java:829)


"s0-DataStreamManagement-write--thread12" daemon prio=5 Id=434 WAITING on java.util.concurrent.locks.AbstractQueuedSynchronizer$ConditionObject@2898ac89
	at java.base@11.0.19/jdk.internal.misc.Unsafe.park(Native Method)
	-  waiting on java.util.concurrent.locks.AbstractQueuedSynchronizer$ConditionObject@2898ac89
	at java.base@11.0.19/java.util.concurrent.locks.LockSupport.park(LockSupport.java:194)
	at java.base@11.0.19/java.util.concurrent.locks.AbstractQueuedSynchronizer$ConditionObject.await(AbstractQueuedSynchronizer.java:2081)
	at java.base@11.0.19/java.util.concurrent.LinkedBlockingQueue.take(LinkedBlockingQueue.java:433)
	at java.base@11.0.19/java.util.concurrent.ThreadPoolExecutor.getTask(ThreadPoolExecutor.java:1054)
	at java.base@11.0.19/java.util.concurrent.ThreadPoolExecutor.runWorker(ThreadPoolExecutor.java:1114)
	at java.base@11.0.19/java.util.concurrent.ThreadPoolExecutor$Worker.run(ThreadPoolExecutor.java:628)
	at java.base@11.0.19/java.lang.Thread.run(Thread.java:829)


"s0-DataStreamManagement-write--thread13" daemon prio=5 Id=435 WAITING on java.util.concurrent.locks.AbstractQueuedSynchronizer$ConditionObject@2898ac89
	at java.base@11.0.19/jdk.internal.misc.Unsafe.park(Native Method)
	-  waiting on java.util.concurrent.locks.AbstractQueuedSynchronizer$ConditionObject@2898ac89
	at java.base@11.0.19/java.util.concurrent.locks.LockSupport.park(LockSupport.java:194)
	at java.base@11.0.19/java.util.concurrent.locks.AbstractQueuedSynchronizer$ConditionObject.await(AbstractQueuedSynchronizer.java:2081)
	at java.base@11.0.19/java.util.concurrent.LinkedBlockingQueue.take(LinkedBlockingQueue.java:433)
	at java.base@11.0.19/java.util.concurrent.ThreadPoolExecutor.getTask(ThreadPoolExecutor.java:1054)
	at java.base@11.0.19/java.util.concurrent.ThreadPoolExecutor.runWorker(ThreadPoolExecutor.java:1114)
	at java.base@11.0.19/java.util.concurrent.ThreadPoolExecutor$Worker.run(ThreadPoolExecutor.java:628)
	at java.base@11.0.19/java.lang.Thread.run(Thread.java:829)


"s0-DataStreamManagement-write--thread14" daemon prio=5 Id=436 WAITING on java.util.concurrent.locks.AbstractQueuedSynchronizer$ConditionObject@2898ac89
	at java.base@11.0.19/jdk.internal.misc.Unsafe.park(Native Method)
	-  waiting on java.util.concurrent.locks.AbstractQueuedSynchronizer$ConditionObject@2898ac89
	at java.base@11.0.19/java.util.concurrent.locks.LockSupport.park(LockSupport.java:194)
	at java.base@11.0.19/java.util.concurrent.locks.AbstractQueuedSynchronizer$ConditionObject.await(AbstractQueuedSynchronizer.java:2081)
	at java.base@11.0.19/java.util.concurrent.LinkedBlockingQueue.take(LinkedBlockingQueue.java:433)
	at java.base@11.0.19/java.util.concurrent.ThreadPoolExecutor.getTask(ThreadPoolExecutor.java:1054)
	at java.base@11.0.19/java.util.concurrent.ThreadPoolExecutor.runWorker(ThreadPoolExecutor.java:1114)
	at java.base@11.0.19/java.util.concurrent.ThreadPoolExecutor$Worker.run(ThreadPoolExecutor.java:628)
	at java.base@11.0.19/java.lang.Thread.run(Thread.java:829)


"s0-DataStreamManagement-write--thread10" daemon prio=5 Id=429 WAITING on java.util.concurrent.locks.AbstractQueuedSynchronizer$ConditionObject@2898ac89
	at java.base@11.0.19/jdk.internal.misc.Unsafe.park(Native Method)
	-  waiting on java.util.concurrent.locks.AbstractQueuedSynchronizer$ConditionObject@2898ac89
	at java.base@11.0.19/java.util.concurrent.locks.LockSupport.park(LockSupport.java:194)
	at java.base@11.0.19/java.util.concurrent.locks.AbstractQueuedSynchronizer$ConditionObject.await(AbstractQueuedSynchronizer.java:2081)
	at java.base@11.0.19/java.util.concurrent.LinkedBlockingQueue.take(LinkedBlockingQueue.java:433)
	at java.base@11.0.19/java.util.concurrent.ThreadPoolExecutor.getTask(ThreadPoolExecutor.java:1054)
	at java.base@11.0.19/java.util.concurrent.ThreadPoolExecutor.runWorker(ThreadPoolExecutor.java:1114)
	at java.base@11.0.19/java.util.concurrent.ThreadPoolExecutor$Worker.run(ThreadPoolExecutor.java:628)
	at java.base@11.0.19/java.lang.Thread.run(Thread.java:829)


"s0-DataStreamManagement-write--thread16" daemon prio=5 Id=438 WAITING on java.util.concurrent.locks.AbstractQueuedSynchronizer$ConditionObject@2898ac89
	at java.base@11.0.19/jdk.internal.misc.Unsafe.park(Native Method)
	-  waiting on java.util.concurrent.locks.AbstractQueuedSynchronizer$ConditionObject@2898ac89
	at java.base@11.0.19/java.util.concurrent.locks.LockSupport.park(LockSupport.java:194)
	at java.base@11.0.19/java.util.concurrent.locks.AbstractQueuedSynchronizer$ConditionObject.await(AbstractQueuedSynchronizer.java:2081)
	at java.base@11.0.19/java.util.concurrent.LinkedBlockingQueue.take(LinkedBlockingQueue.java:433)
	at java.base@11.0.19/java.util.concurrent.ThreadPoolExecutor.getTask(ThreadPoolExecutor.java:1054)
	at java.base@11.0.19/java.util.concurrent.ThreadPoolExecutor.runWorker(ThreadPoolExecutor.java:1114)
	at java.base@11.0.19/java.util.concurrent.ThreadPoolExecutor$Worker.run(ThreadPoolExecutor.java:628)
	at java.base@11.0.19/java.lang.Thread.run(Thread.java:829)


"s0-DataStreamManagement-write--thread15" daemon prio=5 Id=437 WAITING on java.util.concurrent.locks.AbstractQueuedSynchronizer$ConditionObject@2898ac89
	at java.base@11.0.19/jdk.internal.misc.Unsafe.park(Native Method)
	-  waiting on java.util.concurrent.locks.AbstractQueuedSynchronizer$ConditionObject@2898ac89
	at java.base@11.0.19/java.util.concurrent.locks.LockSupport.park(LockSupport.java:194)
	at java.base@11.0.19/java.util.concurrent.locks.AbstractQueuedSynchronizer$ConditionObject.await(AbstractQueuedSynchronizer.java:2081)
	at java.base@11.0.19/java.util.concurrent.LinkedBlockingQueue.take(LinkedBlockingQueue.java:433)
	at java.base@11.0.19/java.util.concurrent.ThreadPoolExecutor.getTask(ThreadPoolExecutor.java:1054)
	at java.base@11.0.19/java.util.concurrent.ThreadPoolExecutor.runWorker(ThreadPoolExecutor.java:1114)
	at java.base@11.0.19/java.util.concurrent.ThreadPoolExecutor$Worker.run(ThreadPoolExecutor.java:628)
	at java.base@11.0.19/java.lang.Thread.run(Thread.java:829)


"s0-DataStreamManagement-write--thread11" daemon prio=5 Id=432 WAITING on java.util.concurrent.locks.AbstractQueuedSynchronizer$ConditionObject@2898ac89
	at java.base@11.0.19/jdk.internal.misc.Unsafe.park(Native Method)
	-  waiting on java.util.concurrent.locks.AbstractQueuedSynchronizer$ConditionObject@2898ac89
	at java.base@11.0.19/java.util.concurrent.locks.LockSupport.park(LockSupport.java:194)
	at java.base@11.0.19/java.util.concurrent.locks.AbstractQueuedSynchronizer$ConditionObject.await(AbstractQueuedSynchronizer.java:2081)
	at java.base@11.0.19/java.util.concurrent.LinkedBlockingQueue.take(LinkedBlockingQueue.java:433)
	at java.base@11.0.19/java.util.concurrent.ThreadPoolExecutor.getTask(ThreadPoolExecutor.java:1054)
	at java.base@11.0.19/java.util.concurrent.ThreadPoolExecutor.runWorker(ThreadPoolExecutor.java:1114)
	at java.base@11.0.19/java.util.concurrent.ThreadPoolExecutor$Worker.run(ThreadPoolExecutor.java:628)
	at java.base@11.0.19/java.lang.Thread.run(Thread.java:829)


"NettyClientStreamRpc-workerGroup--thread1" daemon prio=5 Id=431 RUNNABLE (in native)
	at java.base@11.0.19/sun.nio.ch.EPoll.wait(Native Method)
	at java.base@11.0.19/sun.nio.ch.EPollSelectorImpl.doSelect(EPollSelectorImpl.java:120)
	at java.base@11.0.19/sun.nio.ch.SelectorImpl.lockAndDoSelect(SelectorImpl.java:124)
	-  locked org.apache.ratis.thirdparty.io.netty.channel.nio.SelectedSelectionKeySet@548e6d58
	-  locked sun.nio.ch.EPollSelectorImpl@623a8092
	at java.base@11.0.19/sun.nio.ch.SelectorImpl.select(SelectorImpl.java:141)
	at app//org.apache.ratis.thirdparty.io.netty.channel.nio.SelectedSelectionKeySetSelector.select(SelectedSelectionKeySetSelector.java:68)
	at app//org.apache.ratis.thirdparty.io.netty.channel.nio.NioEventLoop.select(NioEventLoop.java:879)
	at app//org.apache.ratis.thirdparty.io.netty.channel.nio.NioEventLoop.run(NioEventLoop.java:526)
	at app//org.apache.ratis.thirdparty.io.netty.util.concurrent.SingleThreadEventExecutor$4.run(SingleThreadEventExecutor.java:997)
	...


"NettyClientStreamRpc-workerGroup--thread1" daemon prio=5 Id=441 RUNNABLE (in native)
	at java.base@11.0.19/sun.nio.ch.EPoll.wait(Native Method)
	at java.base@11.0.19/sun.nio.ch.EPollSelectorImpl.doSelect(EPollSelectorImpl.java:120)
	at java.base@11.0.19/sun.nio.ch.SelectorImpl.lockAndDoSelect(SelectorImpl.java:124)
	-  locked org.apache.ratis.thirdparty.io.netty.channel.nio.SelectedSelectionKeySet@a1cdc6d
	-  locked sun.nio.ch.EPollSelectorImpl@175b9425
	at java.base@11.0.19/sun.nio.ch.SelectorImpl.select(SelectorImpl.java:141)
	at app//org.apache.ratis.thirdparty.io.netty.channel.nio.SelectedSelectionKeySetSelector.select(SelectedSelectionKeySetSelector.java:68)
	at app//org.apache.ratis.thirdparty.io.netty.channel.nio.NioEventLoop.select(NioEventLoop.java:879)
	at app//org.apache.ratis.thirdparty.io.netty.channel.nio.NioEventLoop.run(NioEventLoop.java:526)
	at app//org.apache.ratis.thirdparty.io.netty.util.concurrent.SingleThreadEventExecutor$4.run(SingleThreadEventExecutor.java:997)
	...


"NettyClientStreamRpc-workerGroup--thread1" daemon prio=5 Id=442 RUNNABLE (in native)
	at java.base@11.0.19/sun.nio.ch.EPoll.wait(Native Method)
	at java.base@11.0.19/sun.nio.ch.EPollSelectorImpl.doSelect(EPollSelectorImpl.java:120)
	at java.base@11.0.19/sun.nio.ch.SelectorImpl.lockAndDoSelect(SelectorImpl.java:124)
	-  locked org.apache.ratis.thirdparty.io.netty.channel.nio.SelectedSelectionKeySet@3098cf3b
	-  locked sun.nio.ch.EPollSelectorImpl@610f7aa
	at java.base@11.0.19/sun.nio.ch.SelectorImpl.select(SelectorImpl.java:141)
	at app//org.apache.ratis.thirdparty.io.netty.channel.nio.SelectedSelectionKeySetSelector.select(SelectedSelectionKeySetSelector.java:68)
	at app//org.apache.ratis.thirdparty.io.netty.channel.nio.NioEventLoop.select(NioEventLoop.java:879)
	at app//org.apache.ratis.thirdparty.io.netty.channel.nio.NioEventLoop.run(NioEventLoop.java:526)
	at app//org.apache.ratis.thirdparty.io.netty.util.concurrent.SingleThreadEventExecutor$4.run(SingleThreadEventExecutor.java:997)
	...


"NettyClientStreamRpc-workerGroup--thread1" daemon prio=5 Id=443 RUNNABLE (in native)
	at java.base@11.0.19/sun.nio.ch.EPoll.wait(Native Method)
	at java.base@11.0.19/sun.nio.ch.EPollSelectorImpl.doSelect(EPollSelectorImpl.java:120)
	at java.base@11.0.19/sun.nio.ch.SelectorImpl.lockAndDoSelect(SelectorImpl.java:124)
	-  locked org.apache.ratis.thirdparty.io.netty.channel.nio.SelectedSelectionKeySet@6a03bcb1
	-  locked sun.nio.ch.EPollSelectorImpl@21b2e768
	at java.base@11.0.19/sun.nio.ch.SelectorImpl.select(SelectorImpl.java:141)
	at app//org.apache.ratis.thirdparty.io.netty.channel.nio.SelectedSelectionKeySetSelector.select(SelectedSelectionKeySetSelector.java:68)
	at app//org.apache.ratis.thirdparty.io.netty.channel.nio.NioEventLoop.select(NioEventLoop.java:879)
	at app//org.apache.ratis.thirdparty.io.netty.channel.nio.NioEventLoop.run(NioEventLoop.java:526)
	at app//org.apache.ratis.thirdparty.io.netty.util.concurrent.SingleThreadEventExecutor$4.run(SingleThreadEventExecutor.java:997)
	...


"NettyClientStreamRpc-workerGroup--thread1" daemon prio=5 Id=444 RUNNABLE (in native)
	at java.base@11.0.19/sun.nio.ch.EPoll.wait(Native Method)
	at java.base@11.0.19/sun.nio.ch.EPollSelectorImpl.doSelect(EPollSelectorImpl.java:120)
	at java.base@11.0.19/sun.nio.ch.SelectorImpl.lockAndDoSelect(SelectorImpl.java:124)
	-  locked org.apache.ratis.thirdparty.io.netty.channel.nio.SelectedSelectionKeySet@57250572
	-  locked sun.nio.ch.EPollSelectorImpl@5609159b
	at java.base@11.0.19/sun.nio.ch.SelectorImpl.select(SelectorImpl.java:141)
	at app//org.apache.ratis.thirdparty.io.netty.channel.nio.SelectedSelectionKeySetSelector.select(SelectedSelectionKeySetSelector.java:68)
	at app//org.apache.ratis.thirdparty.io.netty.channel.nio.NioEventLoop.select(NioEventLoop.java:879)
	at app//org.apache.ratis.thirdparty.io.netty.channel.nio.NioEventLoop.run(NioEventLoop.java:526)
	at app//org.apache.ratis.thirdparty.io.netty.util.concurrent.SingleThreadEventExecutor$4.run(SingleThreadEventExecutor.java:997)
	...


"NettyClientStreamRpc-workerGroup--thread1" daemon prio=5 Id=445 RUNNABLE (in native)
	at java.base@11.0.19/sun.nio.ch.EPoll.wait(Native Method)
	at java.base@11.0.19/sun.nio.ch.EPollSelectorImpl.doSelect(EPollSelectorImpl.java:120)
	at java.base@11.0.19/sun.nio.ch.SelectorImpl.lockAndDoSelect(SelectorImpl.java:124)
	-  locked org.apache.ratis.thirdparty.io.netty.channel.nio.SelectedSelectionKeySet@2118cddf
	-  locked sun.nio.ch.EPollSelectorImpl@17a7f733
	at java.base@11.0.19/sun.nio.ch.SelectorImpl.select(SelectorImpl.java:141)
	at app//org.apache.ratis.thirdparty.io.netty.channel.nio.SelectedSelectionKeySetSelector.select(SelectedSelectionKeySetSelector.java:68)
	at app//org.apache.ratis.thirdparty.io.netty.channel.nio.NioEventLoop.select(NioEventLoop.java:879)
	at app//org.apache.ratis.thirdparty.io.netty.channel.nio.NioEventLoop.run(NioEventLoop.java:526)
	at app//org.apache.ratis.thirdparty.io.netty.util.concurrent.SingleThreadEventExecutor$4.run(SingleThreadEventExecutor.java:997)
	...


"NettyClientStreamRpc-workerGroup--thread1" daemon prio=5 Id=446 RUNNABLE (in native)
	at java.base@11.0.19/sun.nio.ch.EPoll.wait(Native Method)
	at java.base@11.0.19/sun.nio.ch.EPollSelectorImpl.doSelect(EPollSelectorImpl.java:120)
	at java.base@11.0.19/sun.nio.ch.SelectorImpl.lockAndDoSelect(SelectorImpl.java:124)
	-  locked org.apache.ratis.thirdparty.io.netty.channel.nio.SelectedSelectionKeySet@68567e20
	-  locked sun.nio.ch.EPollSelectorImpl@76ed1b7c
	at java.base@11.0.19/sun.nio.ch.SelectorImpl.select(SelectorImpl.java:141)
	at app//org.apache.ratis.thirdparty.io.netty.channel.nio.SelectedSelectionKeySetSelector.select(SelectedSelectionKeySetSelector.java:68)
	at app//org.apache.ratis.thirdparty.io.netty.channel.nio.NioEventLoop.select(NioEventLoop.java:879)
	at app//org.apache.ratis.thirdparty.io.netty.channel.nio.NioEventLoop.run(NioEventLoop.java:526)
	at app//org.apache.ratis.thirdparty.io.netty.util.concurrent.SingleThreadEventExecutor$4.run(SingleThreadEventExecutor.java:997)
	...


"NettyClientStreamRpc-workerGroup--thread1" daemon prio=5 Id=447 RUNNABLE (in native)
	at java.base@11.0.19/sun.nio.ch.EPoll.wait(Native Method)
	at java.base@11.0.19/sun.nio.ch.EPollSelectorImpl.doSelect(EPollSelectorImpl.java:120)
	at java.base@11.0.19/sun.nio.ch.SelectorImpl.lockAndDoSelect(SelectorImpl.java:124)
	-  locked org.apache.ratis.thirdparty.io.netty.channel.nio.SelectedSelectionKeySet@11fc564b
	-  locked sun.nio.ch.EPollSelectorImpl@394a2528
	at java.base@11.0.19/sun.nio.ch.SelectorImpl.select(SelectorImpl.java:141)
	at app//org.apache.ratis.thirdparty.io.netty.channel.nio.SelectedSelectionKeySetSelector.select(SelectedSelectionKeySetSelector.java:68)
	at app//org.apache.ratis.thirdparty.io.netty.channel.nio.NioEventLoop.select(NioEventLoop.java:879)
	at app//org.apache.ratis.thirdparty.io.netty.channel.nio.NioEventLoop.run(NioEventLoop.java:526)
	at app//org.apache.ratis.thirdparty.io.netty.util.concurrent.SingleThreadEventExecutor$4.run(SingleThreadEventExecutor.java:997)
	...


"NettyClientStreamRpc-workerGroup--thread1" daemon prio=5 Id=448 RUNNABLE (in native)
	at java.base@11.0.19/sun.nio.ch.EPoll.wait(Native Method)
	at java.base@11.0.19/sun.nio.ch.EPollSelectorImpl.doSelect(EPollSelectorImpl.java:120)
	at java.base@11.0.19/sun.nio.ch.SelectorImpl.lockAndDoSelect(SelectorImpl.java:124)
	-  locked org.apache.ratis.thirdparty.io.netty.channel.nio.SelectedSelectionKeySet@6236eb5f
	-  locked sun.nio.ch.EPollSelectorImpl@7c1e2a9e
	at java.base@11.0.19/sun.nio.ch.SelectorImpl.select(SelectorImpl.java:141)
	at app//org.apache.ratis.thirdparty.io.netty.channel.nio.SelectedSelectionKeySetSelector.select(SelectedSelectionKeySetSelector.java:68)
	at app//org.apache.ratis.thirdparty.io.netty.channel.nio.NioEventLoop.select(NioEventLoop.java:879)
	at app//org.apache.ratis.thirdparty.io.netty.channel.nio.NioEventLoop.run(NioEventLoop.java:526)
	at app//org.apache.ratis.thirdparty.io.netty.util.concurrent.SingleThreadEventExecutor$4.run(SingleThreadEventExecutor.java:997)
	...


"NettyClientStreamRpc-workerGroup--thread1" daemon prio=5 Id=449 RUNNABLE (in native)
	at java.base@11.0.19/sun.nio.ch.EPoll.wait(Native Method)
	at java.base@11.0.19/sun.nio.ch.EPollSelectorImpl.doSelect(EPollSelectorImpl.java:120)
	at java.base@11.0.19/sun.nio.ch.SelectorImpl.lockAndDoSelect(SelectorImpl.java:124)
	-  locked org.apache.ratis.thirdparty.io.netty.channel.nio.SelectedSelectionKeySet@fa36558
	-  locked sun.nio.ch.EPollSelectorImpl@672872e1
	at java.base@11.0.19/sun.nio.ch.SelectorImpl.select(SelectorImpl.java:141)
	at app//org.apache.ratis.thirdparty.io.netty.channel.nio.SelectedSelectionKeySetSelector.select(SelectedSelectionKeySetSelector.java:68)
	at app//org.apache.ratis.thirdparty.io.netty.channel.nio.NioEventLoop.select(NioEventLoop.java:879)
	at app//org.apache.ratis.thirdparty.io.netty.channel.nio.NioEventLoop.run(NioEventLoop.java:526)
	at app//org.apache.ratis.thirdparty.io.netty.util.concurrent.SingleThreadEventExecutor$4.run(SingleThreadEventExecutor.java:997)
	...


"NettyClientStreamRpc-workerGroup--thread2" daemon prio=5 Id=529 RUNNABLE (in native)
	at java.base@11.0.19/sun.nio.ch.EPoll.wait(Native Method)
	at java.base@11.0.19/sun.nio.ch.EPollSelectorImpl.doSelect(EPollSelectorImpl.java:120)
	at java.base@11.0.19/sun.nio.ch.SelectorImpl.lockAndDoSelect(SelectorImpl.java:124)
	-  locked org.apache.ratis.thirdparty.io.netty.channel.nio.SelectedSelectionKeySet@32910148
	-  locked sun.nio.ch.EPollSelectorImpl@3f56875e
	at java.base@11.0.19/sun.nio.ch.SelectorImpl.select(SelectorImpl.java:141)
	at app//org.apache.ratis.thirdparty.io.netty.channel.nio.SelectedSelectionKeySetSelector.select(SelectedSelectionKeySetSelector.java:68)
	at app//org.apache.ratis.thirdparty.io.netty.channel.nio.NioEventLoop.select(NioEventLoop.java:879)
	at app//org.apache.ratis.thirdparty.io.netty.channel.nio.NioEventLoop.run(NioEventLoop.java:526)
	at app//org.apache.ratis.thirdparty.io.netty.util.concurrent.SingleThreadEventExecutor$4.run(SingleThreadEventExecutor.java:997)
	...


"NettyClientStreamRpc-workerGroup--thread2" daemon prio=5 Id=537 RUNNABLE (in native)
	at java.base@11.0.19/sun.nio.ch.EPoll.wait(Native Method)
	at java.base@11.0.19/sun.nio.ch.EPollSelectorImpl.doSelect(EPollSelectorImpl.java:120)
	at java.base@11.0.19/sun.nio.ch.SelectorImpl.lockAndDoSelect(SelectorImpl.java:124)
	-  locked org.apache.ratis.thirdparty.io.netty.channel.nio.SelectedSelectionKeySet@2b4bac49
	-  locked sun.nio.ch.EPollSelectorImpl@fd07cbb
	at java.base@11.0.19/sun.nio.ch.SelectorImpl.select(SelectorImpl.java:141)
	at app//org.apache.ratis.thirdparty.io.netty.channel.nio.SelectedSelectionKeySetSelector.select(SelectedSelectionKeySetSelector.java:68)
	at app//org.apache.ratis.thirdparty.io.netty.channel.nio.NioEventLoop.select(NioEventLoop.java:879)
	at app//org.apache.ratis.thirdparty.io.netty.channel.nio.NioEventLoop.run(NioEventLoop.java:526)
	at app//org.apache.ratis.thirdparty.io.netty.util.concurrent.SingleThreadEventExecutor$4.run(SingleThreadEventExecutor.java:997)
	...


"NettyClientStreamRpc-workerGroup--thread2" daemon prio=5 Id=554 RUNNABLE (in native)
	at java.base@11.0.19/sun.nio.ch.EPoll.wait(Native Method)
	at java.base@11.0.19/sun.nio.ch.EPollSelectorImpl.doSelect(EPollSelectorImpl.java:120)
	at java.base@11.0.19/sun.nio.ch.SelectorImpl.lockAndDoSelect(SelectorImpl.java:124)
	-  locked org.apache.ratis.thirdparty.io.netty.channel.nio.SelectedSelectionKeySet@3571b748
	-  locked sun.nio.ch.EPollSelectorImpl@3e96bacf
	at java.base@11.0.19/sun.nio.ch.SelectorImpl.select(SelectorImpl.java:141)
	at app//org.apache.ratis.thirdparty.io.netty.channel.nio.SelectedSelectionKeySetSelector.select(SelectedSelectionKeySetSelector.java:68)
	at app//org.apache.ratis.thirdparty.io.netty.channel.nio.NioEventLoop.select(NioEventLoop.java:879)
	at app//org.apache.ratis.thirdparty.io.netty.channel.nio.NioEventLoop.run(NioEventLoop.java:526)
	at app//org.apache.ratis.thirdparty.io.netty.util.concurrent.SingleThreadEventExecutor$4.run(SingleThreadEventExecutor.java:997)
	...


"NettyClientStreamRpc-workerGroup--thread2" daemon prio=5 Id=569 RUNNABLE (in native)
	at java.base@11.0.19/sun.nio.ch.EPoll.wait(Native Method)
	at java.base@11.0.19/sun.nio.ch.EPollSelectorImpl.doSelect(EPollSelectorImpl.java:120)
	at java.base@11.0.19/sun.nio.ch.SelectorImpl.lockAndDoSelect(SelectorImpl.java:124)
	-  locked org.apache.ratis.thirdparty.io.netty.channel.nio.SelectedSelectionKeySet@484970b0
	-  locked sun.nio.ch.EPollSelectorImpl@4470f8a6
	at java.base@11.0.19/sun.nio.ch.SelectorImpl.select(SelectorImpl.java:141)
	at app//org.apache.ratis.thirdparty.io.netty.channel.nio.SelectedSelectionKeySetSelector.select(SelectedSelectionKeySetSelector.java:68)
	at app//org.apache.ratis.thirdparty.io.netty.channel.nio.NioEventLoop.select(NioEventLoop.java:879)
	at app//org.apache.ratis.thirdparty.io.netty.channel.nio.NioEventLoop.run(NioEventLoop.java:526)
	at app//org.apache.ratis.thirdparty.io.netty.util.concurrent.SingleThreadEventExecutor$4.run(SingleThreadEventExecutor.java:997)
	...


"NettyClientStreamRpc-workerGroup--thread2" daemon prio=5 Id=578 RUNNABLE (in native)
	at java.base@11.0.19/sun.nio.ch.EPoll.wait(Native Method)
	at java.base@11.0.19/sun.nio.ch.EPollSelectorImpl.doSelect(EPollSelectorImpl.java:120)
	at java.base@11.0.19/sun.nio.ch.SelectorImpl.lockAndDoSelect(SelectorImpl.java:124)
	-  locked org.apache.ratis.thirdparty.io.netty.channel.nio.SelectedSelectionKeySet@7c83dc97
	-  locked sun.nio.ch.EPollSelectorImpl@7748410a
	at java.base@11.0.19/sun.nio.ch.SelectorImpl.select(SelectorImpl.java:141)
	at app//org.apache.ratis.thirdparty.io.netty.channel.nio.SelectedSelectionKeySetSelector.select(SelectedSelectionKeySetSelector.java:68)
	at app//org.apache.ratis.thirdparty.io.netty.channel.nio.NioEventLoop.select(NioEventLoop.java:879)
	at app//org.apache.ratis.thirdparty.io.netty.channel.nio.NioEventLoop.run(NioEventLoop.java:526)
	at app//org.apache.ratis.thirdparty.io.netty.util.concurrent.SingleThreadEventExecutor$4.run(SingleThreadEventExecutor.java:997)
	...


"NettyClientStreamRpc-workerGroup--thread2" daemon prio=5 Id=579 RUNNABLE (in native)
	at java.base@11.0.19/sun.nio.ch.EPoll.wait(Native Method)
	at java.base@11.0.19/sun.nio.ch.EPollSelectorImpl.doSelect(EPollSelectorImpl.java:120)
	at java.base@11.0.19/sun.nio.ch.SelectorImpl.lockAndDoSelect(SelectorImpl.java:124)
	-  locked org.apache.ratis.thirdparty.io.netty.channel.nio.SelectedSelectionKeySet@740773a3
	-  locked sun.nio.ch.EPollSelectorImpl@37f1104d
	at java.base@11.0.19/sun.nio.ch.SelectorImpl.select(SelectorImpl.java:141)
	at app//org.apache.ratis.thirdparty.io.netty.channel.nio.SelectedSelectionKeySetSelector.select(SelectedSelectionKeySetSelector.java:68)
	at app//org.apache.ratis.thirdparty.io.netty.channel.nio.NioEventLoop.select(NioEventLoop.java:879)
	at app//org.apache.ratis.thirdparty.io.netty.channel.nio.NioEventLoop.run(NioEventLoop.java:526)
	at app//org.apache.ratis.thirdparty.io.netty.util.concurrent.SingleThreadEventExecutor$4.run(SingleThreadEventExecutor.java:997)
	...


"NettyClientStreamRpc-workerGroup--thread2" daemon prio=5 Id=553 RUNNABLE (in native)
	at java.base@11.0.19/sun.nio.ch.EPoll.wait(Native Method)
	at java.base@11.0.19/sun.nio.ch.EPollSelectorImpl.doSelect(EPollSelectorImpl.java:120)
	at java.base@11.0.19/sun.nio.ch.SelectorImpl.lockAndDoSelect(SelectorImpl.java:124)
	-  locked org.apache.ratis.thirdparty.io.netty.channel.nio.SelectedSelectionKeySet@55740540
	-  locked sun.nio.ch.EPollSelectorImpl@60015ef5
	at java.base@11.0.19/sun.nio.ch.SelectorImpl.select(SelectorImpl.java:141)
	at app//org.apache.ratis.thirdparty.io.netty.channel.nio.SelectedSelectionKeySetSelector.select(SelectedSelectionKeySetSelector.java:68)
	at app//org.apache.ratis.thirdparty.io.netty.channel.nio.NioEventLoop.select(NioEventLoop.java:879)
	at app//org.apache.ratis.thirdparty.io.netty.channel.nio.NioEventLoop.run(NioEventLoop.java:526)
	at app//org.apache.ratis.thirdparty.io.netty.util.concurrent.SingleThreadEventExecutor$4.run(SingleThreadEventExecutor.java:997)
	...


"NettyClientStreamRpc-workerGroup--thread2" daemon prio=5 Id=552 RUNNABLE (in native)
	at java.base@11.0.19/sun.nio.ch.EPoll.wait(Native Method)
	at java.base@11.0.19/sun.nio.ch.EPollSelectorImpl.doSelect(EPollSelectorImpl.java:120)
	at java.base@11.0.19/sun.nio.ch.SelectorImpl.lockAndDoSelect(SelectorImpl.java:124)
	-  locked org.apache.ratis.thirdparty.io.netty.channel.nio.SelectedSelectionKeySet@2f54a33d
	-  locked sun.nio.ch.EPollSelectorImpl@1018bde2
	at java.base@11.0.19/sun.nio.ch.SelectorImpl.select(SelectorImpl.java:141)
	at app//org.apache.ratis.thirdparty.io.netty.channel.nio.SelectedSelectionKeySetSelector.select(SelectedSelectionKeySetSelector.java:68)
	at app//org.apache.ratis.thirdparty.io.netty.channel.nio.NioEventLoop.select(NioEventLoop.java:879)
	at app//org.apache.ratis.thirdparty.io.netty.channel.nio.NioEventLoop.run(NioEventLoop.java:526)
	at app//org.apache.ratis.thirdparty.io.netty.util.concurrent.SingleThreadEventExecutor$4.run(SingleThreadEventExecutor.java:997)
	...


"NettyClientStreamRpc-workerGroup--thread2" daemon prio=5 Id=551 RUNNABLE (in native)
	at java.base@11.0.19/sun.nio.ch.EPoll.wait(Native Method)
	at java.base@11.0.19/sun.nio.ch.EPollSelectorImpl.doSelect(EPollSelectorImpl.java:120)
	at java.base@11.0.19/sun.nio.ch.SelectorImpl.lockAndDoSelect(SelectorImpl.java:124)
	-  locked org.apache.ratis.thirdparty.io.netty.channel.nio.SelectedSelectionKeySet@65b3f4a4
	-  locked sun.nio.ch.EPollSelectorImpl@f2ff811
	at java.base@11.0.19/sun.nio.ch.SelectorImpl.select(SelectorImpl.java:141)
	at app//org.apache.ratis.thirdparty.io.netty.channel.nio.SelectedSelectionKeySetSelector.select(SelectedSelectionKeySetSelector.java:68)
	at app//org.apache.ratis.thirdparty.io.netty.channel.nio.NioEventLoop.select(NioEventLoop.java:879)
	at app//org.apache.ratis.thirdparty.io.netty.channel.nio.NioEventLoop.run(NioEventLoop.java:526)
	at app//org.apache.ratis.thirdparty.io.netty.util.concurrent.SingleThreadEventExecutor$4.run(SingleThreadEventExecutor.java:997)
	...


"NettyClientStreamRpc-workerGroup--thread2" daemon prio=5 Id=550 RUNNABLE (in native)
	at java.base@11.0.19/sun.nio.ch.EPoll.wait(Native Method)
	at java.base@11.0.19/sun.nio.ch.EPollSelectorImpl.doSelect(EPollSelectorImpl.java:120)
	at java.base@11.0.19/sun.nio.ch.SelectorImpl.lockAndDoSelect(SelectorImpl.java:124)
	-  locked org.apache.ratis.thirdparty.io.netty.channel.nio.SelectedSelectionKeySet@568ff82
	-  locked sun.nio.ch.EPollSelectorImpl@50caa560
	at java.base@11.0.19/sun.nio.ch.SelectorImpl.select(SelectorImpl.java:141)
	at app//org.apache.ratis.thirdparty.io.netty.channel.nio.SelectedSelectionKeySetSelector.select(SelectedSelectionKeySetSelector.java:68)
	at app//org.apache.ratis.thirdparty.io.netty.channel.nio.NioEventLoop.select(NioEventLoop.java:879)
	at app//org.apache.ratis.thirdparty.io.netty.channel.nio.NioEventLoop.run(NioEventLoop.java:526)
	at app//org.apache.ratis.thirdparty.io.netty.util.concurrent.SingleThreadEventExecutor$4.run(SingleThreadEventExecutor.java:997)
	...


"NettyClientStreamRpc-workerGroup--thread2" daemon prio=5 Id=549 RUNNABLE (in native)
	at java.base@11.0.19/sun.nio.ch.EPoll.wait(Native Method)
	at java.base@11.0.19/sun.nio.ch.EPollSelectorImpl.doSelect(EPollSelectorImpl.java:120)
	at java.base@11.0.19/sun.nio.ch.SelectorImpl.lockAndDoSelect(SelectorImpl.java:124)
	-  locked org.apache.ratis.thirdparty.io.netty.channel.nio.SelectedSelectionKeySet@2a266d09
	-  locked sun.nio.ch.EPollSelectorImpl@5ab9e72c
	at java.base@11.0.19/sun.nio.ch.SelectorImpl.select(SelectorImpl.java:141)
	at app//org.apache.ratis.thirdparty.io.netty.channel.nio.SelectedSelectionKeySetSelector.select(SelectedSelectionKeySetSelector.java:68)
	at app//org.apache.ratis.thirdparty.io.netty.channel.nio.NioEventLoop.select(NioEventLoop.java:879)
	at app//org.apache.ratis.thirdparty.io.netty.channel.nio.NioEventLoop.run(NioEventLoop.java:526)
	at app//org.apache.ratis.thirdparty.io.netty.util.concurrent.SingleThreadEventExecutor$4.run(SingleThreadEventExecutor.java:997)
	...


"NettyClientStreamRpc-workerGroup--thread2" daemon prio=5 Id=548 RUNNABLE (in native)
	at java.base@11.0.19/sun.nio.ch.EPoll.wait(Native Method)
	at java.base@11.0.19/sun.nio.ch.EPollSelectorImpl.doSelect(EPollSelectorImpl.java:120)
	at java.base@11.0.19/sun.nio.ch.SelectorImpl.lockAndDoSelect(SelectorImpl.java:124)
	-  locked org.apache.ratis.thirdparty.io.netty.channel.nio.SelectedSelectionKeySet@186f8716
	-  locked sun.nio.ch.EPollSelectorImpl@1d8bd0de
	at java.base@11.0.19/sun.nio.ch.SelectorImpl.select(SelectorImpl.java:141)
	at app//org.apache.ratis.thirdparty.io.netty.channel.nio.SelectedSelectionKeySetSelector.select(SelectedSelectionKeySetSelector.java:68)
	at app//org.apache.ratis.thirdparty.io.netty.channel.nio.NioEventLoop.select(NioEventLoop.java:879)
	at app//org.apache.ratis.thirdparty.io.netty.channel.nio.NioEventLoop.run(NioEventLoop.java:526)
	at app//org.apache.ratis.thirdparty.io.netty.util.concurrent.SingleThreadEventExecutor$4.run(SingleThreadEventExecutor.java:997)
	...


"NettyClientStreamRpc-workerGroup--thread2" daemon prio=5 Id=547 RUNNABLE (in native)
	at java.base@11.0.19/sun.nio.ch.EPoll.wait(Native Method)
	at java.base@11.0.19/sun.nio.ch.EPollSelectorImpl.doSelect(EPollSelectorImpl.java:120)
	at java.base@11.0.19/sun.nio.ch.SelectorImpl.lockAndDoSelect(SelectorImpl.java:124)
	-  locked org.apache.ratis.thirdparty.io.netty.channel.nio.SelectedSelectionKeySet@45ca843
	-  locked sun.nio.ch.EPollSelectorImpl@11c9af63
	at java.base@11.0.19/sun.nio.ch.SelectorImpl.select(SelectorImpl.java:141)
	at app//org.apache.ratis.thirdparty.io.netty.channel.nio.SelectedSelectionKeySetSelector.select(SelectedSelectionKeySetSelector.java:68)
	at app//org.apache.ratis.thirdparty.io.netty.channel.nio.NioEventLoop.select(NioEventLoop.java:879)
	at app//org.apache.ratis.thirdparty.io.netty.channel.nio.NioEventLoop.run(NioEventLoop.java:526)
	at app//org.apache.ratis.thirdparty.io.netty.util.concurrent.SingleThreadEventExecutor$4.run(SingleThreadEventExecutor.java:997)
	...


"NettyClientStreamRpc-workerGroup--thread2" daemon prio=5 Id=546 RUNNABLE (in native)
	at java.base@11.0.19/sun.nio.ch.EPoll.wait(Native Method)
	at java.base@11.0.19/sun.nio.ch.EPollSelectorImpl.doSelect(EPollSelectorImpl.java:120)
	at java.base@11.0.19/sun.nio.ch.SelectorImpl.lockAndDoSelect(SelectorImpl.java:124)
	-  locked org.apache.ratis.thirdparty.io.netty.channel.nio.SelectedSelectionKeySet@757acd7b
	-  locked sun.nio.ch.EPollSelectorImpl@36b4fe2a
	at java.base@11.0.19/sun.nio.ch.SelectorImpl.select(SelectorImpl.java:141)
	at app//org.apache.ratis.thirdparty.io.netty.channel.nio.SelectedSelectionKeySetSelector.select(SelectedSelectionKeySetSelector.java:68)
	at app//org.apache.ratis.thirdparty.io.netty.channel.nio.NioEventLoop.select(NioEventLoop.java:879)
	at app//org.apache.ratis.thirdparty.io.netty.channel.nio.NioEventLoop.run(NioEventLoop.java:526)
	at app//org.apache.ratis.thirdparty.io.netty.util.concurrent.SingleThreadEventExecutor$4.run(SingleThreadEventExecutor.java:997)
	...


"NettyClientStreamRpc-workerGroup--thread2" daemon prio=5 Id=545 RUNNABLE (in native)
	at java.base@11.0.19/sun.nio.ch.EPoll.wait(Native Method)
	at java.base@11.0.19/sun.nio.ch.EPollSelectorImpl.doSelect(EPollSelectorImpl.java:120)
	at java.base@11.0.19/sun.nio.ch.SelectorImpl.lockAndDoSelect(SelectorImpl.java:124)
	-  locked org.apache.ratis.thirdparty.io.netty.channel.nio.SelectedSelectionKeySet@574b560f
	-  locked sun.nio.ch.EPollSelectorImpl@ba54932
	at java.base@11.0.19/sun.nio.ch.SelectorImpl.select(SelectorImpl.java:141)
	at app//org.apache.ratis.thirdparty.io.netty.channel.nio.SelectedSelectionKeySetSelector.select(SelectedSelectionKeySetSelector.java:68)
	at app//org.apache.ratis.thirdparty.io.netty.channel.nio.NioEventLoop.select(NioEventLoop.java:879)
	at app//org.apache.ratis.thirdparty.io.netty.channel.nio.NioEventLoop.run(NioEventLoop.java:526)
	at app//org.apache.ratis.thirdparty.io.netty.util.concurrent.SingleThreadEventExecutor$4.run(SingleThreadEventExecutor.java:997)
	...


"NettyClientStreamRpc-workerGroup--thread2" daemon prio=5 Id=544 RUNNABLE (in native)
	at java.base@11.0.19/sun.nio.ch.EPoll.wait(Native Method)
	at java.base@11.0.19/sun.nio.ch.EPollSelectorImpl.doSelect(EPollSelectorImpl.java:120)
	at java.base@11.0.19/sun.nio.ch.SelectorImpl.lockAndDoSelect(SelectorImpl.java:124)
	-  locked org.apache.ratis.thirdparty.io.netty.channel.nio.SelectedSelectionKeySet@28975c28
	-  locked sun.nio.ch.EPollSelectorImpl@3943a2be
	at java.base@11.0.19/sun.nio.ch.SelectorImpl.select(SelectorImpl.java:141)
	at app//org.apache.ratis.thirdparty.io.netty.channel.nio.SelectedSelectionKeySetSelector.select(SelectedSelectionKeySetSelector.java:68)
	at app//org.apache.ratis.thirdparty.io.netty.channel.nio.NioEventLoop.select(NioEventLoop.java:879)
	at app//org.apache.ratis.thirdparty.io.netty.channel.nio.NioEventLoop.run(NioEventLoop.java:526)
	at app//org.apache.ratis.thirdparty.io.netty.util.concurrent.SingleThreadEventExecutor$4.run(SingleThreadEventExecutor.java:997)
	...


"NettyClientStreamRpc-workerGroup--thread2" daemon prio=5 Id=543 RUNNABLE (in native)
	at java.base@11.0.19/sun.nio.ch.EPoll.wait(Native Method)
	at java.base@11.0.19/sun.nio.ch.EPollSelectorImpl.doSelect(EPollSelectorImpl.java:120)
	at java.base@11.0.19/sun.nio.ch.SelectorImpl.lockAndDoSelect(SelectorImpl.java:124)
	-  locked org.apache.ratis.thirdparty.io.netty.channel.nio.SelectedSelectionKeySet@343570b7
	-  locked sun.nio.ch.EPollSelectorImpl@157853da
	at java.base@11.0.19/sun.nio.ch.SelectorImpl.select(SelectorImpl.java:141)
	at app//org.apache.ratis.thirdparty.io.netty.channel.nio.SelectedSelectionKeySetSelector.select(SelectedSelectionKeySetSelector.java:68)
	at app//org.apache.ratis.thirdparty.io.netty.channel.nio.NioEventLoop.select(NioEventLoop.java:879)
	at app//org.apache.ratis.thirdparty.io.netty.channel.nio.NioEventLoop.run(NioEventLoop.java:526)
	at app//org.apache.ratis.thirdparty.io.netty.util.concurrent.SingleThreadEventExecutor$4.run(SingleThreadEventExecutor.java:997)
	...


"NettyClientStreamRpc-workerGroup--thread2" daemon prio=5 Id=542 RUNNABLE (in native)
	at java.base@11.0.19/sun.nio.ch.EPoll.wait(Native Method)
	at java.base@11.0.19/sun.nio.ch.EPollSelectorImpl.doSelect(EPollSelectorImpl.java:120)
	at java.base@11.0.19/sun.nio.ch.SelectorImpl.lockAndDoSelect(SelectorImpl.java:124)
	-  locked org.apache.ratis.thirdparty.io.netty.channel.nio.SelectedSelectionKeySet@71c3b41
	-  locked sun.nio.ch.EPollSelectorImpl@236e3f4e
	at java.base@11.0.19/sun.nio.ch.SelectorImpl.select(SelectorImpl.java:141)
	at app//org.apache.ratis.thirdparty.io.netty.channel.nio.SelectedSelectionKeySetSelector.select(SelectedSelectionKeySetSelector.java:68)
	at app//org.apache.ratis.thirdparty.io.netty.channel.nio.NioEventLoop.select(NioEventLoop.java:879)
	at app//org.apache.ratis.thirdparty.io.netty.channel.nio.NioEventLoop.run(NioEventLoop.java:526)
	at app//org.apache.ratis.thirdparty.io.netty.util.concurrent.SingleThreadEventExecutor$4.run(SingleThreadEventExecutor.java:997)
	...


"NettyClientStreamRpc-workerGroup--thread2" daemon prio=5 Id=541 RUNNABLE (in native)
	at java.base@11.0.19/sun.nio.ch.EPoll.wait(Native Method)
	at java.base@11.0.19/sun.nio.ch.EPollSelectorImpl.doSelect(EPollSelectorImpl.java:120)
	at java.base@11.0.19/sun.nio.ch.SelectorImpl.lockAndDoSelect(SelectorImpl.java:124)
	-  locked org.apache.ratis.thirdparty.io.netty.channel.nio.SelectedSelectionKeySet@3cc1435c
	-  locked sun.nio.ch.EPollSelectorImpl@6bf0219d
	at java.base@11.0.19/sun.nio.ch.SelectorImpl.select(SelectorImpl.java:141)
	at app//org.apache.ratis.thirdparty.io.netty.channel.nio.SelectedSelectionKeySetSelector.select(SelectedSelectionKeySetSelector.java:68)
	at app//org.apache.ratis.thirdparty.io.netty.channel.nio.NioEventLoop.select(NioEventLoop.java:879)
	at app//org.apache.ratis.thirdparty.io.netty.channel.nio.NioEventLoop.run(NioEventLoop.java:526)
	at app//org.apache.ratis.thirdparty.io.netty.util.concurrent.SingleThreadEventExecutor$4.run(SingleThreadEventExecutor.java:997)
	...


"NettyClientStreamRpc-workerGroup--thread2" daemon prio=5 Id=540 RUNNABLE (in native)
	at java.base@11.0.19/sun.nio.ch.EPoll.wait(Native Method)
	at java.base@11.0.19/sun.nio.ch.EPollSelectorImpl.doSelect(EPollSelectorImpl.java:120)
	at java.base@11.0.19/sun.nio.ch.SelectorImpl.lockAndDoSelect(SelectorImpl.java:124)
	-  locked org.apache.ratis.thirdparty.io.netty.channel.nio.SelectedSelectionKeySet@dd0c991
	-  locked sun.nio.ch.EPollSelectorImpl@5f16132a
	at java.base@11.0.19/sun.nio.ch.SelectorImpl.select(SelectorImpl.java:141)
	at app//org.apache.ratis.thirdparty.io.netty.channel.nio.SelectedSelectionKeySetSelector.select(SelectedSelectionKeySetSelector.java:68)
	at app//org.apache.ratis.thirdparty.io.netty.channel.nio.NioEventLoop.select(NioEventLoop.java:879)
	at app//org.apache.ratis.thirdparty.io.netty.channel.nio.NioEventLoop.run(NioEventLoop.java:526)
	at app//org.apache.ratis.thirdparty.io.netty.util.concurrent.SingleThreadEventExecutor$4.run(SingleThreadEventExecutor.java:997)
	...


"NettyClientStreamRpc-workerGroup--thread2" daemon prio=5 Id=539 RUNNABLE (in native)
	at java.base@11.0.19/sun.nio.ch.EPoll.wait(Native Method)
	at java.base@11.0.19/sun.nio.ch.EPollSelectorImpl.doSelect(EPollSelectorImpl.java:120)
	at java.base@11.0.19/sun.nio.ch.SelectorImpl.lockAndDoSelect(SelectorImpl.java:124)
	-  locked org.apache.ratis.thirdparty.io.netty.channel.nio.SelectedSelectionKeySet@69fb6037
	-  locked sun.nio.ch.EPollSelectorImpl@36d585c
	at java.base@11.0.19/sun.nio.ch.SelectorImpl.select(SelectorImpl.java:141)
	at app//org.apache.ratis.thirdparty.io.netty.channel.nio.SelectedSelectionKeySetSelector.select(SelectedSelectionKeySetSelector.java:68)
	at app//org.apache.ratis.thirdparty.io.netty.channel.nio.NioEventLoop.select(NioEventLoop.java:879)
	at app//org.apache.ratis.thirdparty.io.netty.channel.nio.NioEventLoop.run(NioEventLoop.java:526)
	at app//org.apache.ratis.thirdparty.io.netty.util.concurrent.SingleThreadEventExecutor$4.run(SingleThreadEventExecutor.java:997)
	...


"NettyClientStreamRpc-workerGroup--thread2" daemon prio=5 Id=538 RUNNABLE (in native)
	at java.base@11.0.19/sun.nio.ch.EPoll.wait(Native Method)
	at java.base@11.0.19/sun.nio.ch.EPollSelectorImpl.doSelect(EPollSelectorImpl.java:120)
	at java.base@11.0.19/sun.nio.ch.SelectorImpl.lockAndDoSelect(SelectorImpl.java:124)
	-  locked org.apache.ratis.thirdparty.io.netty.channel.nio.SelectedSelectionKeySet@87a85e1
	-  locked sun.nio.ch.EPollSelectorImpl@671a5887
	at java.base@11.0.19/sun.nio.ch.SelectorImpl.select(SelectorImpl.java:141)
	at app//org.apache.ratis.thirdparty.io.netty.channel.nio.SelectedSelectionKeySetSelector.select(SelectedSelectionKeySetSelector.java:68)
	at app//org.apache.ratis.thirdparty.io.netty.channel.nio.NioEventLoop.select(NioEventLoop.java:879)
	at app//org.apache.ratis.thirdparty.io.netty.channel.nio.NioEventLoop.run(NioEventLoop.java:526)
	at app//org.apache.ratis.thirdparty.io.netty.util.concurrent.SingleThreadEventExecutor$4.run(SingleThreadEventExecutor.java:997)
	...


"NettyClientStreamRpc-workerGroup--thread2" daemon prio=5 Id=586 RUNNABLE (in native)
	at java.base@11.0.19/sun.nio.ch.EPoll.wait(Native Method)
	at java.base@11.0.19/sun.nio.ch.EPollSelectorImpl.doSelect(EPollSelectorImpl.java:120)
	at java.base@11.0.19/sun.nio.ch.SelectorImpl.lockAndDoSelect(SelectorImpl.java:124)
	-  locked org.apache.ratis.thirdparty.io.netty.channel.nio.SelectedSelectionKeySet@5552768b
	-  locked sun.nio.ch.EPollSelectorImpl@3c947bc5
	at java.base@11.0.19/sun.nio.ch.SelectorImpl.select(SelectorImpl.java:141)
	at app//org.apache.ratis.thirdparty.io.netty.channel.nio.SelectedSelectionKeySetSelector.select(SelectedSelectionKeySetSelector.java:68)
	at app//org.apache.ratis.thirdparty.io.netty.channel.nio.NioEventLoop.select(NioEventLoop.java:879)
	at app//org.apache.ratis.thirdparty.io.netty.channel.nio.NioEventLoop.run(NioEventLoop.java:526)
	at app//org.apache.ratis.thirdparty.io.netty.util.concurrent.SingleThreadEventExecutor$4.run(SingleThreadEventExecutor.java:997)
	...


"NettyClientStreamRpc-workerGroup--thread2" daemon prio=5 Id=585 RUNNABLE (in native)
	at java.base@11.0.19/sun.nio.ch.EPoll.wait(Native Method)
	at java.base@11.0.19/sun.nio.ch.EPollSelectorImpl.doSelect(EPollSelectorImpl.java:120)
	at java.base@11.0.19/sun.nio.ch.SelectorImpl.lockAndDoSelect(SelectorImpl.java:124)
	-  locked org.apache.ratis.thirdparty.io.netty.channel.nio.SelectedSelectionKeySet@609db43b
	-  locked sun.nio.ch.EPollSelectorImpl@55f616cf
	at java.base@11.0.19/sun.nio.ch.SelectorImpl.select(SelectorImpl.java:141)
	at app//org.apache.ratis.thirdparty.io.netty.channel.nio.SelectedSelectionKeySetSelector.select(SelectedSelectionKeySetSelector.java:68)
	at app//org.apache.ratis.thirdparty.io.netty.channel.nio.NioEventLoop.select(NioEventLoop.java:879)
	at app//org.apache.ratis.thirdparty.io.netty.channel.nio.NioEventLoop.run(NioEventLoop.java:526)
	at app//org.apache.ratis.thirdparty.io.netty.util.concurrent.SingleThreadEventExecutor$4.run(SingleThreadEventExecutor.java:997)
	...


"NettyClientStreamRpc-workerGroup--thread2" daemon prio=5 Id=584 RUNNABLE (in native)
	at java.base@11.0.19/sun.nio.ch.EPoll.wait(Native Method)
	at java.base@11.0.19/sun.nio.ch.EPollSelectorImpl.doSelect(EPollSelectorImpl.java:120)
	at java.base@11.0.19/sun.nio.ch.SelectorImpl.lockAndDoSelect(SelectorImpl.java:124)
	-  locked org.apache.ratis.thirdparty.io.netty.channel.nio.SelectedSelectionKeySet@1356d4d4
	-  locked sun.nio.ch.EPollSelectorImpl@c03cf28
	at java.base@11.0.19/sun.nio.ch.SelectorImpl.select(SelectorImpl.java:141)
	at app//org.apache.ratis.thirdparty.io.netty.channel.nio.SelectedSelectionKeySetSelector.select(SelectedSelectionKeySetSelector.java:68)
	at app//org.apache.ratis.thirdparty.io.netty.channel.nio.NioEventLoop.select(NioEventLoop.java:879)
	at app//org.apache.ratis.thirdparty.io.netty.channel.nio.NioEventLoop.run(NioEventLoop.java:526)
	at app//org.apache.ratis.thirdparty.io.netty.util.concurrent.SingleThreadEventExecutor$4.run(SingleThreadEventExecutor.java:997)
	...


"NettyClientStreamRpc-workerGroup--thread2" daemon prio=5 Id=583 RUNNABLE (in native)
	at java.base@11.0.19/sun.nio.ch.EPoll.wait(Native Method)
	at java.base@11.0.19/sun.nio.ch.EPollSelectorImpl.doSelect(EPollSelectorImpl.java:120)
	at java.base@11.0.19/sun.nio.ch.SelectorImpl.lockAndDoSelect(SelectorImpl.java:124)
	-  locked org.apache.ratis.thirdparty.io.netty.channel.nio.SelectedSelectionKeySet@1329eff
	-  locked sun.nio.ch.EPollSelectorImpl@6497b078
	at java.base@11.0.19/sun.nio.ch.SelectorImpl.select(SelectorImpl.java:141)
	at app//org.apache.ratis.thirdparty.io.netty.channel.nio.SelectedSelectionKeySetSelector.select(SelectedSelectionKeySetSelector.java:68)
	at app//org.apache.ratis.thirdparty.io.netty.channel.nio.NioEventLoop.select(NioEventLoop.java:879)
	at app//org.apache.ratis.thirdparty.io.netty.channel.nio.NioEventLoop.run(NioEventLoop.java:526)
	at app//org.apache.ratis.thirdparty.io.netty.util.concurrent.SingleThreadEventExecutor$4.run(SingleThreadEventExecutor.java:997)
	...


"NettyClientStreamRpc-workerGroup--thread2" daemon prio=5 Id=582 RUNNABLE (in native)
	at java.base@11.0.19/sun.nio.ch.EPoll.wait(Native Method)
	at java.base@11.0.19/sun.nio.ch.EPollSelectorImpl.doSelect(EPollSelectorImpl.java:120)
	at java.base@11.0.19/sun.nio.ch.SelectorImpl.lockAndDoSelect(SelectorImpl.java:124)
	-  locked org.apache.ratis.thirdparty.io.netty.channel.nio.SelectedSelectionKeySet@41c2284a
	-  locked sun.nio.ch.EPollSelectorImpl@53aad5d5
	at java.base@11.0.19/sun.nio.ch.SelectorImpl.select(SelectorImpl.java:141)
	at app//org.apache.ratis.thirdparty.io.netty.channel.nio.SelectedSelectionKeySetSelector.select(SelectedSelectionKeySetSelector.java:68)
	at app//org.apache.ratis.thirdparty.io.netty.channel.nio.NioEventLoop.select(NioEventLoop.java:879)
	at app//org.apache.ratis.thirdparty.io.netty.channel.nio.NioEventLoop.run(NioEventLoop.java:526)
	at app//org.apache.ratis.thirdparty.io.netty.util.concurrent.SingleThreadEventExecutor$4.run(SingleThreadEventExecutor.java:997)
	...


"NettyClientStreamRpc-workerGroup--thread2" daemon prio=5 Id=581 RUNNABLE (in native)
	at java.base@11.0.19/sun.nio.ch.EPoll.wait(Native Method)
	at java.base@11.0.19/sun.nio.ch.EPollSelectorImpl.doSelect(EPollSelectorImpl.java:120)
	at java.base@11.0.19/sun.nio.ch.SelectorImpl.lockAndDoSelect(SelectorImpl.java:124)
	-  locked org.apache.ratis.thirdparty.io.netty.channel.nio.SelectedSelectionKeySet@46fa7c39
	-  locked sun.nio.ch.EPollSelectorImpl@1fb700ee
	at java.base@11.0.19/sun.nio.ch.SelectorImpl.select(SelectorImpl.java:141)
	at app//org.apache.ratis.thirdparty.io.netty.channel.nio.SelectedSelectionKeySetSelector.select(SelectedSelectionKeySetSelector.java:68)
	at app//org.apache.ratis.thirdparty.io.netty.channel.nio.NioEventLoop.select(NioEventLoop.java:879)
	at app//org.apache.ratis.thirdparty.io.netty.channel.nio.NioEventLoop.run(NioEventLoop.java:526)
	at app//org.apache.ratis.thirdparty.io.netty.util.concurrent.SingleThreadEventExecutor$4.run(SingleThreadEventExecutor.java:997)
	...


"NettyClientStreamRpc-workerGroup--thread2" daemon prio=5 Id=580 RUNNABLE (in native)
	at java.base@11.0.19/sun.nio.ch.EPoll.wait(Native Method)
	at java.base@11.0.19/sun.nio.ch.EPollSelectorImpl.doSelect(EPollSelectorImpl.java:120)
	at java.base@11.0.19/sun.nio.ch.SelectorImpl.lockAndDoSelect(SelectorImpl.java:124)
	-  locked org.apache.ratis.thirdparty.io.netty.channel.nio.SelectedSelectionKeySet@4f67eb2a
	-  locked sun.nio.ch.EPollSelectorImpl@4a668b6e
	at java.base@11.0.19/sun.nio.ch.SelectorImpl.select(SelectorImpl.java:141)
	at app//org.apache.ratis.thirdparty.io.netty.channel.nio.SelectedSelectionKeySetSelector.select(SelectedSelectionKeySetSelector.java:68)
	at app//org.apache.ratis.thirdparty.io.netty.channel.nio.NioEventLoop.select(NioEventLoop.java:879)
	at app//org.apache.ratis.thirdparty.io.netty.channel.nio.NioEventLoop.run(NioEventLoop.java:526)
	at app//org.apache.ratis.thirdparty.io.netty.util.concurrent.SingleThreadEventExecutor$4.run(SingleThreadEventExecutor.java:997)
	...


"NettyClientStreamRpc-workerGroup--thread2" daemon prio=5 Id=577 RUNNABLE (in native)
	at java.base@11.0.19/sun.nio.ch.EPoll.wait(Native Method)
	at java.base@11.0.19/sun.nio.ch.EPollSelectorImpl.doSelect(EPollSelectorImpl.java:120)
	at java.base@11.0.19/sun.nio.ch.SelectorImpl.lockAndDoSelect(SelectorImpl.java:124)
	-  locked org.apache.ratis.thirdparty.io.netty.channel.nio.SelectedSelectionKeySet@5f683daf
	-  locked sun.nio.ch.EPollSelectorImpl@78ffe6dc
	at java.base@11.0.19/sun.nio.ch.SelectorImpl.select(SelectorImpl.java:141)
	at app//org.apache.ratis.thirdparty.io.netty.channel.nio.SelectedSelectionKeySetSelector.select(SelectedSelectionKeySetSelector.java:68)
	at app//org.apache.ratis.thirdparty.io.netty.channel.nio.NioEventLoop.select(NioEventLoop.java:879)
	at app//org.apache.ratis.thirdparty.io.netty.channel.nio.NioEventLoop.run(NioEventLoop.java:526)
	at app//org.apache.ratis.thirdparty.io.netty.util.concurrent.SingleThreadEventExecutor$4.run(SingleThreadEventExecutor.java:997)
	...


"NettyClientStreamRpc-workerGroup--thread2" daemon prio=5 Id=576 RUNNABLE (in native)
	at java.base@11.0.19/sun.nio.ch.EPoll.wait(Native Method)
	at java.base@11.0.19/sun.nio.ch.EPollSelectorImpl.doSelect(EPollSelectorImpl.java:120)
	at java.base@11.0.19/sun.nio.ch.SelectorImpl.lockAndDoSelect(SelectorImpl.java:124)
	-  locked org.apache.ratis.thirdparty.io.netty.channel.nio.SelectedSelectionKeySet@8317c52
	-  locked sun.nio.ch.EPollSelectorImpl@76f2bbc1
	at java.base@11.0.19/sun.nio.ch.SelectorImpl.select(SelectorImpl.java:141)
	at app//org.apache.ratis.thirdparty.io.netty.channel.nio.SelectedSelectionKeySetSelector.select(SelectedSelectionKeySetSelector.java:68)
	at app//org.apache.ratis.thirdparty.io.netty.channel.nio.NioEventLoop.select(NioEventLoop.java:879)
	at app//org.apache.ratis.thirdparty.io.netty.channel.nio.NioEventLoop.run(NioEventLoop.java:526)
	at app//org.apache.ratis.thirdparty.io.netty.util.concurrent.SingleThreadEventExecutor$4.run(SingleThreadEventExecutor.java:997)
	...


"NettyClientStreamRpc-workerGroup--thread2" daemon prio=5 Id=575 RUNNABLE (in native)
	at java.base@11.0.19/sun.nio.ch.EPoll.wait(Native Method)
	at java.base@11.0.19/sun.nio.ch.EPollSelectorImpl.doSelect(EPollSelectorImpl.java:120)
	at java.base@11.0.19/sun.nio.ch.SelectorImpl.lockAndDoSelect(SelectorImpl.java:124)
	-  locked org.apache.ratis.thirdparty.io.netty.channel.nio.SelectedSelectionKeySet@68e965f5
	-  locked sun.nio.ch.EPollSelectorImpl@6f27a732
	at java.base@11.0.19/sun.nio.ch.SelectorImpl.select(SelectorImpl.java:141)
	at app//org.apache.ratis.thirdparty.io.netty.channel.nio.SelectedSelectionKeySetSelector.select(SelectedSelectionKeySetSelector.java:68)
	at app//org.apache.ratis.thirdparty.io.netty.channel.nio.NioEventLoop.select(NioEventLoop.java:879)
	at app//org.apache.ratis.thirdparty.io.netty.channel.nio.NioEventLoop.run(NioEventLoop.java:526)
	at app//org.apache.ratis.thirdparty.io.netty.util.concurrent.SingleThreadEventExecutor$4.run(SingleThreadEventExecutor.java:997)
	...


"NettyClientStreamRpc-workerGroup--thread2" daemon prio=5 Id=574 RUNNABLE (in native)
	at java.base@11.0.19/sun.nio.ch.EPoll.wait(Native Method)
	at java.base@11.0.19/sun.nio.ch.EPollSelectorImpl.doSelect(EPollSelectorImpl.java:120)
	at java.base@11.0.19/sun.nio.ch.SelectorImpl.lockAndDoSelect(SelectorImpl.java:124)
	-  locked org.apache.ratis.thirdparty.io.netty.channel.nio.SelectedSelectionKeySet@6c779568
	-  locked sun.nio.ch.EPollSelectorImpl@f381794
	at java.base@11.0.19/sun.nio.ch.SelectorImpl.select(SelectorImpl.java:141)
	at app//org.apache.ratis.thirdparty.io.netty.channel.nio.SelectedSelectionKeySetSelector.select(SelectedSelectionKeySetSelector.java:68)
	at app//org.apache.ratis.thirdparty.io.netty.channel.nio.NioEventLoop.select(NioEventLoop.java:879)
	at app//org.apache.ratis.thirdparty.io.netty.channel.nio.NioEventLoop.run(NioEventLoop.java:526)
	at app//org.apache.ratis.thirdparty.io.netty.util.concurrent.SingleThreadEventExecutor$4.run(SingleThreadEventExecutor.java:997)
	...


"NettyClientStreamRpc-workerGroup--thread2" daemon prio=5 Id=573 RUNNABLE (in native)
	at java.base@11.0.19/sun.nio.ch.EPoll.wait(Native Method)
	at java.base@11.0.19/sun.nio.ch.EPollSelectorImpl.doSelect(EPollSelectorImpl.java:120)
	at java.base@11.0.19/sun.nio.ch.SelectorImpl.lockAndDoSelect(SelectorImpl.java:124)
	-  locked org.apache.ratis.thirdparty.io.netty.channel.nio.SelectedSelectionKeySet@2cdd0d4b
	-  locked sun.nio.ch.EPollSelectorImpl@7e9131d5
	at java.base@11.0.19/sun.nio.ch.SelectorImpl.select(SelectorImpl.java:141)
	at app//org.apache.ratis.thirdparty.io.netty.channel.nio.SelectedSelectionKeySetSelector.select(SelectedSelectionKeySetSelector.java:68)
	at app//org.apache.ratis.thirdparty.io.netty.channel.nio.NioEventLoop.select(NioEventLoop.java:879)
	at app//org.apache.ratis.thirdparty.io.netty.channel.nio.NioEventLoop.run(NioEventLoop.java:526)
	at app//org.apache.ratis.thirdparty.io.netty.util.concurrent.SingleThreadEventExecutor$4.run(SingleThreadEventExecutor.java:997)
	...


"NettyClientStreamRpc-workerGroup--thread2" daemon prio=5 Id=572 RUNNABLE (in native)
	at java.base@11.0.19/sun.nio.ch.EPoll.wait(Native Method)
	at java.base@11.0.19/sun.nio.ch.EPollSelectorImpl.doSelect(EPollSelectorImpl.java:120)
	at java.base@11.0.19/sun.nio.ch.SelectorImpl.lockAndDoSelect(SelectorImpl.java:124)
	-  locked org.apache.ratis.thirdparty.io.netty.channel.nio.SelectedSelectionKeySet@2e1d27ba
	-  locked sun.nio.ch.EPollSelectorImpl@61d6015a
	at java.base@11.0.19/sun.nio.ch.SelectorImpl.select(SelectorImpl.java:141)
	at app//org.apache.ratis.thirdparty.io.netty.channel.nio.SelectedSelectionKeySetSelector.select(SelectedSelectionKeySetSelector.java:68)
	at app//org.apache.ratis.thirdparty.io.netty.channel.nio.NioEventLoop.select(NioEventLoop.java:879)
	at app//org.apache.ratis.thirdparty.io.netty.channel.nio.NioEventLoop.run(NioEventLoop.java:526)
	at app//org.apache.ratis.thirdparty.io.netty.util.concurrent.SingleThreadEventExecutor$4.run(SingleThreadEventExecutor.java:997)
	...


"NettyClientStreamRpc-workerGroup--thread2" daemon prio=5 Id=571 RUNNABLE (in native)
	at java.base@11.0.19/sun.nio.ch.EPoll.wait(Native Method)
	at java.base@11.0.19/sun.nio.ch.EPollSelectorImpl.doSelect(EPollSelectorImpl.java:120)
	at java.base@11.0.19/sun.nio.ch.SelectorImpl.lockAndDoSelect(SelectorImpl.java:124)
	-  locked org.apache.ratis.thirdparty.io.netty.channel.nio.SelectedSelectionKeySet@2525ff7e
	-  locked sun.nio.ch.EPollSelectorImpl@524d6d96
	at java.base@11.0.19/sun.nio.ch.SelectorImpl.select(SelectorImpl.java:141)
	at app//org.apache.ratis.thirdparty.io.netty.channel.nio.SelectedSelectionKeySetSelector.select(SelectedSelectionKeySetSelector.java:68)
	at app//org.apache.ratis.thirdparty.io.netty.channel.nio.NioEventLoop.select(NioEventLoop.java:879)
	at app//org.apache.ratis.thirdparty.io.netty.channel.nio.NioEventLoop.run(NioEventLoop.java:526)
	at app//org.apache.ratis.thirdparty.io.netty.util.concurrent.SingleThreadEventExecutor$4.run(SingleThreadEventExecutor.java:997)
	...


"NettyClientStreamRpc-workerGroup--thread2" daemon prio=5 Id=570 RUNNABLE (in native)
	at java.base@11.0.19/sun.nio.ch.EPoll.wait(Native Method)
	at java.base@11.0.19/sun.nio.ch.EPollSelectorImpl.doSelect(EPollSelectorImpl.java:120)
	at java.base@11.0.19/sun.nio.ch.SelectorImpl.lockAndDoSelect(SelectorImpl.java:124)
	-  locked org.apache.ratis.thirdparty.io.netty.channel.nio.SelectedSelectionKeySet@152aa092
	-  locked sun.nio.ch.EPollSelectorImpl@44a7bfbc
	at java.base@11.0.19/sun.nio.ch.SelectorImpl.select(SelectorImpl.java:141)
	at app//org.apache.ratis.thirdparty.io.netty.channel.nio.SelectedSelectionKeySetSelector.select(SelectedSelectionKeySetSelector.java:68)
	at app//org.apache.ratis.thirdparty.io.netty.channel.nio.NioEventLoop.select(NioEventLoop.java:879)
	at app//org.apache.ratis.thirdparty.io.netty.channel.nio.NioEventLoop.run(NioEventLoop.java:526)
	at app//org.apache.ratis.thirdparty.io.netty.util.concurrent.SingleThreadEventExecutor$4.run(SingleThreadEventExecutor.java:997)
	...


"NettyClientStreamRpc-workerGroup--thread2" daemon prio=5 Id=623 RUNNABLE (in native)
	at java.base@11.0.19/sun.nio.ch.EPoll.wait(Native Method)
	at java.base@11.0.19/sun.nio.ch.EPollSelectorImpl.doSelect(EPollSelectorImpl.java:120)
	at java.base@11.0.19/sun.nio.ch.SelectorImpl.lockAndDoSelect(SelectorImpl.java:124)
	-  locked org.apache.ratis.thirdparty.io.netty.channel.nio.SelectedSelectionKeySet@4ef37659
	-  locked sun.nio.ch.EPollSelectorImpl@776b83cc
	at java.base@11.0.19/sun.nio.ch.SelectorImpl.select(SelectorImpl.java:141)
	at app//org.apache.ratis.thirdparty.io.netty.channel.nio.SelectedSelectionKeySetSelector.select(SelectedSelectionKeySetSelector.java:68)
	at app//org.apache.ratis.thirdparty.io.netty.channel.nio.NioEventLoop.select(NioEventLoop.java:879)
	at app//org.apache.ratis.thirdparty.io.netty.channel.nio.NioEventLoop.run(NioEventLoop.java:526)
	at app//org.apache.ratis.thirdparty.io.netty.util.concurrent.SingleThreadEventExecutor$4.run(SingleThreadEventExecutor.java:997)
	...


"NettyClientStreamRpc-workerGroup--thread2" daemon prio=5 Id=637 RUNNABLE (in native)
	at java.base@11.0.19/sun.nio.ch.EPoll.wait(Native Method)
	at java.base@11.0.19/sun.nio.ch.EPollSelectorImpl.doSelect(EPollSelectorImpl.java:120)
	at java.base@11.0.19/sun.nio.ch.SelectorImpl.lockAndDoSelect(SelectorImpl.java:124)
	-  locked org.apache.ratis.thirdparty.io.netty.channel.nio.SelectedSelectionKeySet@37858383
	-  locked sun.nio.ch.EPollSelectorImpl@4e268090
	at java.base@11.0.19/sun.nio.ch.SelectorImpl.select(SelectorImpl.java:141)
	at app//org.apache.ratis.thirdparty.io.netty.channel.nio.SelectedSelectionKeySetSelector.select(SelectedSelectionKeySetSelector.java:68)
	at app//org.apache.ratis.thirdparty.io.netty.channel.nio.NioEventLoop.select(NioEventLoop.java:879)
	at app//org.apache.ratis.thirdparty.io.netty.channel.nio.NioEventLoop.run(NioEventLoop.java:526)
	at app//org.apache.ratis.thirdparty.io.netty.util.concurrent.SingleThreadEventExecutor$4.run(SingleThreadEventExecutor.java:997)
	...


"NettyClientStreamRpc-workerGroup--thread3" daemon prio=5 Id=590 RUNNABLE (in native)
	at java.base@11.0.19/sun.nio.ch.EPoll.wait(Native Method)
	at java.base@11.0.19/sun.nio.ch.EPollSelectorImpl.doSelect(EPollSelectorImpl.java:120)
	at java.base@11.0.19/sun.nio.ch.SelectorImpl.lockAndDoSelect(SelectorImpl.java:124)
	-  locked org.apache.ratis.thirdparty.io.netty.channel.nio.SelectedSelectionKeySet@1bb266b3
	-  locked sun.nio.ch.EPollSelectorImpl@306cf3ea
	at java.base@11.0.19/sun.nio.ch.SelectorImpl.select(SelectorImpl.java:141)
	at app//org.apache.ratis.thirdparty.io.netty.channel.nio.SelectedSelectionKeySetSelector.select(SelectedSelectionKeySetSelector.java:68)
	at app//org.apache.ratis.thirdparty.io.netty.channel.nio.NioEventLoop.select(NioEventLoop.java:879)
	at app//org.apache.ratis.thirdparty.io.netty.channel.nio.NioEventLoop.run(NioEventLoop.java:526)
	at app//org.apache.ratis.thirdparty.io.netty.util.concurrent.SingleThreadEventExecutor$4.run(SingleThreadEventExecutor.java:997)
	...


"NettyClientStreamRpc-workerGroup--thread3" daemon prio=5 Id=655 RUNNABLE (in native)
	at java.base@11.0.19/sun.nio.ch.EPoll.wait(Native Method)
	at java.base@11.0.19/sun.nio.ch.EPollSelectorImpl.doSelect(EPollSelectorImpl.java:120)
	at java.base@11.0.19/sun.nio.ch.SelectorImpl.lockAndDoSelect(SelectorImpl.java:124)
	-  locked org.apache.ratis.thirdparty.io.netty.channel.nio.SelectedSelectionKeySet@2beee7ff
	-  locked sun.nio.ch.EPollSelectorImpl@5136d012
	at java.base@11.0.19/sun.nio.ch.SelectorImpl.select(SelectorImpl.java:141)
	at app//org.apache.ratis.thirdparty.io.netty.channel.nio.SelectedSelectionKeySetSelector.select(SelectedSelectionKeySetSelector.java:68)
	at app//org.apache.ratis.thirdparty.io.netty.channel.nio.NioEventLoop.select(NioEventLoop.java:879)
	at app//org.apache.ratis.thirdparty.io.netty.channel.nio.NioEventLoop.run(NioEventLoop.java:526)
	at app//org.apache.ratis.thirdparty.io.netty.util.concurrent.SingleThreadEventExecutor$4.run(SingleThreadEventExecutor.java:997)
	...


"NettyClientStreamRpc-workerGroup--thread3" daemon prio=5 Id=654 RUNNABLE (in native)
	at java.base@11.0.19/sun.nio.ch.EPoll.wait(Native Method)
	at java.base@11.0.19/sun.nio.ch.EPollSelectorImpl.doSelect(EPollSelectorImpl.java:120)
	at java.base@11.0.19/sun.nio.ch.SelectorImpl.lockAndDoSelect(SelectorImpl.java:124)
	-  locked org.apache.ratis.thirdparty.io.netty.channel.nio.SelectedSelectionKeySet@5939a379
	-  locked sun.nio.ch.EPollSelectorImpl@e1de817
	at java.base@11.0.19/sun.nio.ch.SelectorImpl.select(SelectorImpl.java:141)
	at app//org.apache.ratis.thirdparty.io.netty.channel.nio.SelectedSelectionKeySetSelector.select(SelectedSelectionKeySetSelector.java:68)
	at app//org.apache.ratis.thirdparty.io.netty.channel.nio.NioEventLoop.select(NioEventLoop.java:879)
	at app//org.apache.ratis.thirdparty.io.netty.channel.nio.NioEventLoop.run(NioEventLoop.java:526)
	at app//org.apache.ratis.thirdparty.io.netty.util.concurrent.SingleThreadEventExecutor$4.run(SingleThreadEventExecutor.java:997)
	...


"NettyClientStreamRpc-workerGroup--thread3" daemon prio=5 Id=653 RUNNABLE (in native)
	at java.base@11.0.19/sun.nio.ch.EPoll.wait(Native Method)
	at java.base@11.0.19/sun.nio.ch.EPollSelectorImpl.doSelect(EPollSelectorImpl.java:120)
	at java.base@11.0.19/sun.nio.ch.SelectorImpl.lockAndDoSelect(SelectorImpl.java:124)
	-  locked org.apache.ratis.thirdparty.io.netty.channel.nio.SelectedSelectionKeySet@52102734
	-  locked sun.nio.ch.EPollSelectorImpl@3541cb24
	at java.base@11.0.19/sun.nio.ch.SelectorImpl.select(SelectorImpl.java:141)
	at app//org.apache.ratis.thirdparty.io.netty.channel.nio.SelectedSelectionKeySetSelector.select(SelectedSelectionKeySetSelector.java:68)
	at app//org.apache.ratis.thirdparty.io.netty.channel.nio.NioEventLoop.select(NioEventLoop.java:879)
	at app//org.apache.ratis.thirdparty.io.netty.channel.nio.NioEventLoop.run(NioEventLoop.java:526)
	at app//org.apache.ratis.thirdparty.io.netty.util.concurrent.SingleThreadEventExecutor$4.run(SingleThreadEventExecutor.java:997)
	...


"NettyClientStreamRpc-workerGroup--thread3" daemon prio=5 Id=652 RUNNABLE (in native)
	at java.base@11.0.19/sun.nio.ch.EPoll.wait(Native Method)
	at java.base@11.0.19/sun.nio.ch.EPollSelectorImpl.doSelect(EPollSelectorImpl.java:120)
	at java.base@11.0.19/sun.nio.ch.SelectorImpl.lockAndDoSelect(SelectorImpl.java:124)
	-  locked org.apache.ratis.thirdparty.io.netty.channel.nio.SelectedSelectionKeySet@2177849e
	-  locked sun.nio.ch.EPollSelectorImpl@40cb8df7
	at java.base@11.0.19/sun.nio.ch.SelectorImpl.select(SelectorImpl.java:141)
	at app//org.apache.ratis.thirdparty.io.netty.channel.nio.SelectedSelectionKeySetSelector.select(SelectedSelectionKeySetSelector.java:68)
	at app//org.apache.ratis.thirdparty.io.netty.channel.nio.NioEventLoop.select(NioEventLoop.java:879)
	at app//org.apache.ratis.thirdparty.io.netty.channel.nio.NioEventLoop.run(NioEventLoop.java:526)
	at app//org.apache.ratis.thirdparty.io.netty.util.concurrent.SingleThreadEventExecutor$4.run(SingleThreadEventExecutor.java:997)
	...


"NettyClientStreamRpc-workerGroup--thread3" daemon prio=5 Id=651 RUNNABLE (in native)
	at java.base@11.0.19/sun.nio.ch.EPoll.wait(Native Method)
	at java.base@11.0.19/sun.nio.ch.EPollSelectorImpl.doSelect(EPollSelectorImpl.java:120)
	at java.base@11.0.19/sun.nio.ch.SelectorImpl.lockAndDoSelect(SelectorImpl.java:124)
	-  locked org.apache.ratis.thirdparty.io.netty.channel.nio.SelectedSelectionKeySet@13b13b5d
	-  locked sun.nio.ch.EPollSelectorImpl@2892dae4
	at java.base@11.0.19/sun.nio.ch.SelectorImpl.select(SelectorImpl.java:141)
	at app//org.apache.ratis.thirdparty.io.netty.channel.nio.SelectedSelectionKeySetSelector.select(SelectedSelectionKeySetSelector.java:68)
	at app//org.apache.ratis.thirdparty.io.netty.channel.nio.NioEventLoop.select(NioEventLoop.java:879)
	at app//org.apache.ratis.thirdparty.io.netty.channel.nio.NioEventLoop.run(NioEventLoop.java:526)
	at app//org.apache.ratis.thirdparty.io.netty.util.concurrent.SingleThreadEventExecutor$4.run(SingleThreadEventExecutor.java:997)
	...


"NettyClientStreamRpc-workerGroup--thread3" daemon prio=5 Id=650 RUNNABLE (in native)
	at java.base@11.0.19/sun.nio.ch.EPoll.wait(Native Method)
	at java.base@11.0.19/sun.nio.ch.EPollSelectorImpl.doSelect(EPollSelectorImpl.java:120)
	at java.base@11.0.19/sun.nio.ch.SelectorImpl.lockAndDoSelect(SelectorImpl.java:124)
	-  locked org.apache.ratis.thirdparty.io.netty.channel.nio.SelectedSelectionKeySet@355ce81c
	-  locked sun.nio.ch.EPollSelectorImpl@29647f75
	at java.base@11.0.19/sun.nio.ch.SelectorImpl.select(SelectorImpl.java:141)
	at app//org.apache.ratis.thirdparty.io.netty.channel.nio.SelectedSelectionKeySetSelector.select(SelectedSelectionKeySetSelector.java:68)
	at app//org.apache.ratis.thirdparty.io.netty.channel.nio.NioEventLoop.select(NioEventLoop.java:879)
	at app//org.apache.ratis.thirdparty.io.netty.channel.nio.NioEventLoop.run(NioEventLoop.java:526)
	at app//org.apache.ratis.thirdparty.io.netty.util.concurrent.SingleThreadEventExecutor$4.run(SingleThreadEventExecutor.java:997)
	...


"NettyClientStreamRpc-workerGroup--thread3" daemon prio=5 Id=649 RUNNABLE (in native)
	at java.base@11.0.19/sun.nio.ch.EPoll.wait(Native Method)
	at java.base@11.0.19/sun.nio.ch.EPollSelectorImpl.doSelect(EPollSelectorImpl.java:120)
	at java.base@11.0.19/sun.nio.ch.SelectorImpl.lockAndDoSelect(SelectorImpl.java:124)
	-  locked org.apache.ratis.thirdparty.io.netty.channel.nio.SelectedSelectionKeySet@3315d2d7
	-  locked sun.nio.ch.EPollSelectorImpl@d6e7bab
	at java.base@11.0.19/sun.nio.ch.SelectorImpl.select(SelectorImpl.java:141)
	at app//org.apache.ratis.thirdparty.io.netty.channel.nio.SelectedSelectionKeySetSelector.select(SelectedSelectionKeySetSelector.java:68)
	at app//org.apache.ratis.thirdparty.io.netty.channel.nio.NioEventLoop.select(NioEventLoop.java:879)
	at app//org.apache.ratis.thirdparty.io.netty.channel.nio.NioEventLoop.run(NioEventLoop.java:526)
	at app//org.apache.ratis.thirdparty.io.netty.util.concurrent.SingleThreadEventExecutor$4.run(SingleThreadEventExecutor.java:997)
	...


"NettyClientStreamRpc-workerGroup--thread3" daemon prio=5 Id=648 RUNNABLE (in native)
	at java.base@11.0.19/sun.nio.ch.EPoll.wait(Native Method)
	at java.base@11.0.19/sun.nio.ch.EPollSelectorImpl.doSelect(EPollSelectorImpl.java:120)
	at java.base@11.0.19/sun.nio.ch.SelectorImpl.lockAndDoSelect(SelectorImpl.java:124)
	-  locked org.apache.ratis.thirdparty.io.netty.channel.nio.SelectedSelectionKeySet@5fa07e12
	-  locked sun.nio.ch.EPollSelectorImpl@55b53d44
	at java.base@11.0.19/sun.nio.ch.SelectorImpl.select(SelectorImpl.java:141)
	at app//org.apache.ratis.thirdparty.io.netty.channel.nio.SelectedSelectionKeySetSelector.select(SelectedSelectionKeySetSelector.java:68)
	at app//org.apache.ratis.thirdparty.io.netty.channel.nio.NioEventLoop.select(NioEventLoop.java:879)
	at app//org.apache.ratis.thirdparty.io.netty.channel.nio.NioEventLoop.run(NioEventLoop.java:526)
	at app//org.apache.ratis.thirdparty.io.netty.util.concurrent.SingleThreadEventExecutor$4.run(SingleThreadEventExecutor.java:997)
	...


"NettyClientStreamRpc-workerGroup--thread3" daemon prio=5 Id=647 RUNNABLE (in native)
	at java.base@11.0.19/sun.nio.ch.EPoll.wait(Native Method)
	at java.base@11.0.19/sun.nio.ch.EPollSelectorImpl.doSelect(EPollSelectorImpl.java:120)
	at java.base@11.0.19/sun.nio.ch.SelectorImpl.lockAndDoSelect(SelectorImpl.java:124)
	-  locked org.apache.ratis.thirdparty.io.netty.channel.nio.SelectedSelectionKeySet@482bce4f
	-  locked sun.nio.ch.EPollSelectorImpl@366647c2
	at java.base@11.0.19/sun.nio.ch.SelectorImpl.select(SelectorImpl.java:141)
	at app//org.apache.ratis.thirdparty.io.netty.channel.nio.SelectedSelectionKeySetSelector.select(SelectedSelectionKeySetSelector.java:68)
	at app//org.apache.ratis.thirdparty.io.netty.channel.nio.NioEventLoop.select(NioEventLoop.java:879)
	at app//org.apache.ratis.thirdparty.io.netty.channel.nio.NioEventLoop.run(NioEventLoop.java:526)
	at app//org.apache.ratis.thirdparty.io.netty.util.concurrent.SingleThreadEventExecutor$4.run(SingleThreadEventExecutor.java:997)
	...


"NettyClientStreamRpc-workerGroup--thread3" daemon prio=5 Id=646 RUNNABLE (in native)
	at java.base@11.0.19/sun.nio.ch.EPoll.wait(Native Method)
	at java.base@11.0.19/sun.nio.ch.EPollSelectorImpl.doSelect(EPollSelectorImpl.java:120)
	at java.base@11.0.19/sun.nio.ch.SelectorImpl.lockAndDoSelect(SelectorImpl.java:124)
	-  locked org.apache.ratis.thirdparty.io.netty.channel.nio.SelectedSelectionKeySet@6a6afff2
	-  locked sun.nio.ch.EPollSelectorImpl@1649b0e6
	at java.base@11.0.19/sun.nio.ch.SelectorImpl.select(SelectorImpl.java:141)
	at app//org.apache.ratis.thirdparty.io.netty.channel.nio.SelectedSelectionKeySetSelector.select(SelectedSelectionKeySetSelector.java:68)
	at app//org.apache.ratis.thirdparty.io.netty.channel.nio.NioEventLoop.select(NioEventLoop.java:879)
	at app//org.apache.ratis.thirdparty.io.netty.channel.nio.NioEventLoop.run(NioEventLoop.java:526)
	at app//org.apache.ratis.thirdparty.io.netty.util.concurrent.SingleThreadEventExecutor$4.run(SingleThreadEventExecutor.java:997)
	...


"NettyClientStreamRpc-workerGroup--thread4" daemon prio=5 Id=667 RUNNABLE (in native)
	at java.base@11.0.19/sun.nio.ch.EPoll.wait(Native Method)
	at java.base@11.0.19/sun.nio.ch.EPollSelectorImpl.doSelect(EPollSelectorImpl.java:120)
	at java.base@11.0.19/sun.nio.ch.SelectorImpl.lockAndDoSelect(SelectorImpl.java:124)
	-  locked org.apache.ratis.thirdparty.io.netty.channel.nio.SelectedSelectionKeySet@865dd6
	-  locked sun.nio.ch.EPollSelectorImpl@4da4253
	at java.base@11.0.19/sun.nio.ch.SelectorImpl.select(SelectorImpl.java:141)
	at app//org.apache.ratis.thirdparty.io.netty.channel.nio.SelectedSelectionKeySetSelector.select(SelectedSelectionKeySetSelector.java:68)
	at app//org.apache.ratis.thirdparty.io.netty.channel.nio.NioEventLoop.select(NioEventLoop.java:879)
	at app//org.apache.ratis.thirdparty.io.netty.channel.nio.NioEventLoop.run(NioEventLoop.java:526)
	at app//org.apache.ratis.thirdparty.io.netty.util.concurrent.SingleThreadEventExecutor$4.run(SingleThreadEventExecutor.java:997)
	...


"NettyClientStreamRpc-workerGroup--thread3" daemon prio=5 Id=645 RUNNABLE (in native)
	at java.base@11.0.19/sun.nio.ch.EPoll.wait(Native Method)
	at java.base@11.0.19/sun.nio.ch.EPollSelectorImpl.doSelect(EPollSelectorImpl.java:120)
	at java.base@11.0.19/sun.nio.ch.SelectorImpl.lockAndDoSelect(SelectorImpl.java:124)
	-  locked org.apache.ratis.thirdparty.io.netty.channel.nio.SelectedSelectionKeySet@3972a855
	-  locked sun.nio.ch.EPollSelectorImpl@62e7f11d
	at java.base@11.0.19/sun.nio.ch.SelectorImpl.select(SelectorImpl.java:141)
	at app//org.apache.ratis.thirdparty.io.netty.channel.nio.SelectedSelectionKeySetSelector.select(SelectedSelectionKeySetSelector.java:68)
	at app//org.apache.ratis.thirdparty.io.netty.channel.nio.NioEventLoop.select(NioEventLoop.java:879)
	at app//org.apache.ratis.thirdparty.io.netty.channel.nio.NioEventLoop.run(NioEventLoop.java:526)
	at app//org.apache.ratis.thirdparty.io.netty.util.concurrent.SingleThreadEventExecutor$4.run(SingleThreadEventExecutor.java:997)
	...


"NettyClientStreamRpc-workerGroup--thread3" daemon prio=5 Id=644 RUNNABLE (in native)
	at java.base@11.0.19/sun.nio.ch.EPoll.wait(Native Method)
	at java.base@11.0.19/sun.nio.ch.EPollSelectorImpl.doSelect(EPollSelectorImpl.java:120)
	at java.base@11.0.19/sun.nio.ch.SelectorImpl.lockAndDoSelect(SelectorImpl.java:124)
	-  locked org.apache.ratis.thirdparty.io.netty.channel.nio.SelectedSelectionKeySet@503d687a
	-  locked sun.nio.ch.EPollSelectorImpl@6a370f4
	at java.base@11.0.19/sun.nio.ch.SelectorImpl.select(SelectorImpl.java:141)
	at app//org.apache.ratis.thirdparty.io.netty.channel.nio.SelectedSelectionKeySetSelector.select(SelectedSelectionKeySetSelector.java:68)
	at app//org.apache.ratis.thirdparty.io.netty.channel.nio.NioEventLoop.select(NioEventLoop.java:879)
	at app//org.apache.ratis.thirdparty.io.netty.channel.nio.NioEventLoop.run(NioEventLoop.java:526)
	at app//org.apache.ratis.thirdparty.io.netty.util.concurrent.SingleThreadEventExecutor$4.run(SingleThreadEventExecutor.java:997)
	...


"NettyClientStreamRpc-workerGroup--thread3" daemon prio=5 Id=643 RUNNABLE (in native)
	at java.base@11.0.19/sun.nio.ch.EPoll.wait(Native Method)
	at java.base@11.0.19/sun.nio.ch.EPollSelectorImpl.doSelect(EPollSelectorImpl.java:120)
	at java.base@11.0.19/sun.nio.ch.SelectorImpl.lockAndDoSelect(SelectorImpl.java:124)
	-  locked org.apache.ratis.thirdparty.io.netty.channel.nio.SelectedSelectionKeySet@2abf4075
	-  locked sun.nio.ch.EPollSelectorImpl@770d3326
	at java.base@11.0.19/sun.nio.ch.SelectorImpl.select(SelectorImpl.java:141)
	at app//org.apache.ratis.thirdparty.io.netty.channel.nio.SelectedSelectionKeySetSelector.select(SelectedSelectionKeySetSelector.java:68)
	at app//org.apache.ratis.thirdparty.io.netty.channel.nio.NioEventLoop.select(NioEventLoop.java:879)
	at app//org.apache.ratis.thirdparty.io.netty.channel.nio.NioEventLoop.run(NioEventLoop.java:526)
	at app//org.apache.ratis.thirdparty.io.netty.util.concurrent.SingleThreadEventExecutor$4.run(SingleThreadEventExecutor.java:997)
	...


"NettyClientStreamRpc-workerGroup--thread3" daemon prio=5 Id=642 RUNNABLE (in native)
	at java.base@11.0.19/sun.nio.ch.EPoll.wait(Native Method)
	at java.base@11.0.19/sun.nio.ch.EPollSelectorImpl.doSelect(EPollSelectorImpl.java:120)
	at java.base@11.0.19/sun.nio.ch.SelectorImpl.lockAndDoSelect(SelectorImpl.java:124)
	-  locked org.apache.ratis.thirdparty.io.netty.channel.nio.SelectedSelectionKeySet@4cc8eb05
	-  locked sun.nio.ch.EPollSelectorImpl@51f116b8
	at java.base@11.0.19/sun.nio.ch.SelectorImpl.select(SelectorImpl.java:141)
	at app//org.apache.ratis.thirdparty.io.netty.channel.nio.SelectedSelectionKeySetSelector.select(SelectedSelectionKeySetSelector.java:68)
	at app//org.apache.ratis.thirdparty.io.netty.channel.nio.NioEventLoop.select(NioEventLoop.java:879)
	at app//org.apache.ratis.thirdparty.io.netty.channel.nio.NioEventLoop.run(NioEventLoop.java:526)
	at app//org.apache.ratis.thirdparty.io.netty.util.concurrent.SingleThreadEventExecutor$4.run(SingleThreadEventExecutor.java:997)
	...


"NettyClientStreamRpc-workerGroup--thread3" daemon prio=5 Id=641 RUNNABLE (in native)
	at java.base@11.0.19/sun.nio.ch.EPoll.wait(Native Method)
	at java.base@11.0.19/sun.nio.ch.EPollSelectorImpl.doSelect(EPollSelectorImpl.java:120)
	at java.base@11.0.19/sun.nio.ch.SelectorImpl.lockAndDoSelect(SelectorImpl.java:124)
	-  locked org.apache.ratis.thirdparty.io.netty.channel.nio.SelectedSelectionKeySet@19d481b
	-  locked sun.nio.ch.EPollSelectorImpl@1f97cf0d
	at java.base@11.0.19/sun.nio.ch.SelectorImpl.select(SelectorImpl.java:141)
	at app//org.apache.ratis.thirdparty.io.netty.channel.nio.SelectedSelectionKeySetSelector.select(SelectedSelectionKeySetSelector.java:68)
	at app//org.apache.ratis.thirdparty.io.netty.channel.nio.NioEventLoop.select(NioEventLoop.java:879)
	at app//org.apache.ratis.thirdparty.io.netty.channel.nio.NioEventLoop.run(NioEventLoop.java:526)
	at app//org.apache.ratis.thirdparty.io.netty.util.concurrent.SingleThreadEventExecutor$4.run(SingleThreadEventExecutor.java:997)
	...


"NettyClientStreamRpc-workerGroup--thread4" daemon prio=5 Id=639 RUNNABLE (in native)
	at java.base@11.0.19/sun.nio.ch.EPoll.wait(Native Method)
	at java.base@11.0.19/sun.nio.ch.EPollSelectorImpl.doSelect(EPollSelectorImpl.java:120)
	at java.base@11.0.19/sun.nio.ch.SelectorImpl.lockAndDoSelect(SelectorImpl.java:124)
	-  locked org.apache.ratis.thirdparty.io.netty.channel.nio.SelectedSelectionKeySet@140c9f39
	-  locked sun.nio.ch.EPollSelectorImpl@4d910fd6
	at java.base@11.0.19/sun.nio.ch.SelectorImpl.select(SelectorImpl.java:141)
	at app//org.apache.ratis.thirdparty.io.netty.channel.nio.SelectedSelectionKeySetSelector.select(SelectedSelectionKeySetSelector.java:68)
	at app//org.apache.ratis.thirdparty.io.netty.channel.nio.NioEventLoop.select(NioEventLoop.java:879)
	at app//org.apache.ratis.thirdparty.io.netty.channel.nio.NioEventLoop.run(NioEventLoop.java:526)
	at app//org.apache.ratis.thirdparty.io.netty.util.concurrent.SingleThreadEventExecutor$4.run(SingleThreadEventExecutor.java:997)
	...


"NettyClientStreamRpc-workerGroup--thread3" daemon prio=5 Id=640 RUNNABLE (in native)
	at java.base@11.0.19/sun.nio.ch.EPoll.wait(Native Method)
	at java.base@11.0.19/sun.nio.ch.EPollSelectorImpl.doSelect(EPollSelectorImpl.java:120)
	at java.base@11.0.19/sun.nio.ch.SelectorImpl.lockAndDoSelect(SelectorImpl.java:124)
	-  locked org.apache.ratis.thirdparty.io.netty.channel.nio.SelectedSelectionKeySet@26275bef
	-  locked sun.nio.ch.EPollSelectorImpl@7690781
	at java.base@11.0.19/sun.nio.ch.SelectorImpl.select(SelectorImpl.java:141)
	at app//org.apache.ratis.thirdparty.io.netty.channel.nio.SelectedSelectionKeySetSelector.select(SelectedSelectionKeySetSelector.java:68)
	at app//org.apache.ratis.thirdparty.io.netty.channel.nio.NioEventLoop.select(NioEventLoop.java:879)
	at app//org.apache.ratis.thirdparty.io.netty.channel.nio.NioEventLoop.run(NioEventLoop.java:526)
	at app//org.apache.ratis.thirdparty.io.netty.util.concurrent.SingleThreadEventExecutor$4.run(SingleThreadEventExecutor.java:997)
	...


"NettyClientStreamRpc-workerGroup--thread2" daemon prio=5 Id=636 RUNNABLE (in native)
	at java.base@11.0.19/sun.nio.ch.EPoll.wait(Native Method)
	at java.base@11.0.19/sun.nio.ch.EPollSelectorImpl.doSelect(EPollSelectorImpl.java:120)
	at java.base@11.0.19/sun.nio.ch.SelectorImpl.lockAndDoSelect(SelectorImpl.java:124)
	-  locked org.apache.ratis.thirdparty.io.netty.channel.nio.SelectedSelectionKeySet@77eca502
	-  locked sun.nio.ch.EPollSelectorImpl@3246fb96
	at java.base@11.0.19/sun.nio.ch.SelectorImpl.select(SelectorImpl.java:141)
	at app//org.apache.ratis.thirdparty.io.netty.channel.nio.SelectedSelectionKeySetSelector.select(SelectedSelectionKeySetSelector.java:68)
	at app//org.apache.ratis.thirdparty.io.netty.channel.nio.NioEventLoop.select(NioEventLoop.java:879)
	at app//org.apache.ratis.thirdparty.io.netty.channel.nio.NioEventLoop.run(NioEventLoop.java:526)
	at app//org.apache.ratis.thirdparty.io.netty.util.concurrent.SingleThreadEventExecutor$4.run(SingleThreadEventExecutor.java:997)
	...


"NettyClientStreamRpc-workerGroup--thread2" daemon prio=5 Id=635 RUNNABLE (in native)
	at java.base@11.0.19/sun.nio.ch.EPoll.wait(Native Method)
	at java.base@11.0.19/sun.nio.ch.EPollSelectorImpl.doSelect(EPollSelectorImpl.java:120)
	at java.base@11.0.19/sun.nio.ch.SelectorImpl.lockAndDoSelect(SelectorImpl.java:124)
	-  locked org.apache.ratis.thirdparty.io.netty.channel.nio.SelectedSelectionKeySet@2e222612
	-  locked sun.nio.ch.EPollSelectorImpl@61386958
	at java.base@11.0.19/sun.nio.ch.SelectorImpl.select(SelectorImpl.java:141)
	at app//org.apache.ratis.thirdparty.io.netty.channel.nio.SelectedSelectionKeySetSelector.select(SelectedSelectionKeySetSelector.java:68)
	at app//org.apache.ratis.thirdparty.io.netty.channel.nio.NioEventLoop.select(NioEventLoop.java:879)
	at app//org.apache.ratis.thirdparty.io.netty.channel.nio.NioEventLoop.run(NioEventLoop.java:526)
	at app//org.apache.ratis.thirdparty.io.netty.util.concurrent.SingleThreadEventExecutor$4.run(SingleThreadEventExecutor.java:997)
	...


"NettyClientStreamRpc-workerGroup--thread2" daemon prio=5 Id=634 RUNNABLE (in native)
	at java.base@11.0.19/sun.nio.ch.EPoll.wait(Native Method)
	at java.base@11.0.19/sun.nio.ch.EPollSelectorImpl.doSelect(EPollSelectorImpl.java:120)
	at java.base@11.0.19/sun.nio.ch.SelectorImpl.lockAndDoSelect(SelectorImpl.java:124)
	-  locked org.apache.ratis.thirdparty.io.netty.channel.nio.SelectedSelectionKeySet@73ee04c8
	-  locked sun.nio.ch.EPollSelectorImpl@7671cb68
	at java.base@11.0.19/sun.nio.ch.SelectorImpl.select(SelectorImpl.java:141)
	at app//org.apache.ratis.thirdparty.io.netty.channel.nio.SelectedSelectionKeySetSelector.select(SelectedSelectionKeySetSelector.java:68)
	at app//org.apache.ratis.thirdparty.io.netty.channel.nio.NioEventLoop.select(NioEventLoop.java:879)
	at app//org.apache.ratis.thirdparty.io.netty.channel.nio.NioEventLoop.run(NioEventLoop.java:526)
	at app//org.apache.ratis.thirdparty.io.netty.util.concurrent.SingleThreadEventExecutor$4.run(SingleThreadEventExecutor.java:997)
	...


"NettyClientStreamRpc-workerGroup--thread2" daemon prio=5 Id=633 RUNNABLE (in native)
	at java.base@11.0.19/sun.nio.ch.EPoll.wait(Native Method)
	at java.base@11.0.19/sun.nio.ch.EPollSelectorImpl.doSelect(EPollSelectorImpl.java:120)
	at java.base@11.0.19/sun.nio.ch.SelectorImpl.lockAndDoSelect(SelectorImpl.java:124)
	-  locked org.apache.ratis.thirdparty.io.netty.channel.nio.SelectedSelectionKeySet@49dc7102
	-  locked sun.nio.ch.EPollSelectorImpl@6b8ca3c8
	at java.base@11.0.19/sun.nio.ch.SelectorImpl.select(SelectorImpl.java:141)
	at app//org.apache.ratis.thirdparty.io.netty.channel.nio.SelectedSelectionKeySetSelector.select(SelectedSelectionKeySetSelector.java:68)
	at app//org.apache.ratis.thirdparty.io.netty.channel.nio.NioEventLoop.select(NioEventLoop.java:879)
	at app//org.apache.ratis.thirdparty.io.netty.channel.nio.NioEventLoop.run(NioEventLoop.java:526)
	at app//org.apache.ratis.thirdparty.io.netty.util.concurrent.SingleThreadEventExecutor$4.run(SingleThreadEventExecutor.java:997)
	...


"NettyClientStreamRpc-workerGroup--thread2" daemon prio=5 Id=632 RUNNABLE (in native)
	at java.base@11.0.19/sun.nio.ch.EPoll.wait(Native Method)
	at java.base@11.0.19/sun.nio.ch.EPollSelectorImpl.doSelect(EPollSelectorImpl.java:120)
	at java.base@11.0.19/sun.nio.ch.SelectorImpl.lockAndDoSelect(SelectorImpl.java:124)
	-  locked org.apache.ratis.thirdparty.io.netty.channel.nio.SelectedSelectionKeySet@68c72235
	-  locked sun.nio.ch.EPollSelectorImpl@10959ece
	at java.base@11.0.19/sun.nio.ch.SelectorImpl.select(SelectorImpl.java:141)
	at app//org.apache.ratis.thirdparty.io.netty.channel.nio.SelectedSelectionKeySetSelector.select(SelectedSelectionKeySetSelector.java:68)
	at app//org.apache.ratis.thirdparty.io.netty.channel.nio.NioEventLoop.select(NioEventLoop.java:879)
	at app//org.apache.ratis.thirdparty.io.netty.channel.nio.NioEventLoop.run(NioEventLoop.java:526)
	at app//org.apache.ratis.thirdparty.io.netty.util.concurrent.SingleThreadEventExecutor$4.run(SingleThreadEventExecutor.java:997)
	...


"NettyClientStreamRpc-workerGroup--thread2" daemon prio=5 Id=631 RUNNABLE (in native)
	at java.base@11.0.19/sun.nio.ch.EPoll.wait(Native Method)
	at java.base@11.0.19/sun.nio.ch.EPollSelectorImpl.doSelect(EPollSelectorImpl.java:120)
	at java.base@11.0.19/sun.nio.ch.SelectorImpl.lockAndDoSelect(SelectorImpl.java:124)
	-  locked org.apache.ratis.thirdparty.io.netty.channel.nio.SelectedSelectionKeySet@3a6bb9bf
	-  locked sun.nio.ch.EPollSelectorImpl@34f7cfd9
	at java.base@11.0.19/sun.nio.ch.SelectorImpl.select(SelectorImpl.java:141)
	at app//org.apache.ratis.thirdparty.io.netty.channel.nio.SelectedSelectionKeySetSelector.select(SelectedSelectionKeySetSelector.java:68)
	at app//org.apache.ratis.thirdparty.io.netty.channel.nio.NioEventLoop.select(NioEventLoop.java:879)
	at app//org.apache.ratis.thirdparty.io.netty.channel.nio.NioEventLoop.run(NioEventLoop.java:526)
	at app//org.apache.ratis.thirdparty.io.netty.util.concurrent.SingleThreadEventExecutor$4.run(SingleThreadEventExecutor.java:997)
	...


"NettyClientStreamRpc-workerGroup--thread2" daemon prio=5 Id=630 RUNNABLE (in native)
	at java.base@11.0.19/sun.nio.ch.EPoll.wait(Native Method)
	at java.base@11.0.19/sun.nio.ch.EPollSelectorImpl.doSelect(EPollSelectorImpl.java:120)
	at java.base@11.0.19/sun.nio.ch.SelectorImpl.lockAndDoSelect(SelectorImpl.java:124)
	-  locked org.apache.ratis.thirdparty.io.netty.channel.nio.SelectedSelectionKeySet@65f095f8
	-  locked sun.nio.ch.EPollSelectorImpl@59af0466
	at java.base@11.0.19/sun.nio.ch.SelectorImpl.select(SelectorImpl.java:141)
	at app//org.apache.ratis.thirdparty.io.netty.channel.nio.SelectedSelectionKeySetSelector.select(SelectedSelectionKeySetSelector.java:68)
	at app//org.apache.ratis.thirdparty.io.netty.channel.nio.NioEventLoop.select(NioEventLoop.java:879)
	at app//org.apache.ratis.thirdparty.io.netty.channel.nio.NioEventLoop.run(NioEventLoop.java:526)
	at app//org.apache.ratis.thirdparty.io.netty.util.concurrent.SingleThreadEventExecutor$4.run(SingleThreadEventExecutor.java:997)
	...


"NettyClientStreamRpc-workerGroup--thread2" daemon prio=5 Id=629 RUNNABLE (in native)
	at java.base@11.0.19/sun.nio.ch.EPoll.wait(Native Method)
	at java.base@11.0.19/sun.nio.ch.EPollSelectorImpl.doSelect(EPollSelectorImpl.java:120)
	at java.base@11.0.19/sun.nio.ch.SelectorImpl.lockAndDoSelect(SelectorImpl.java:124)
	-  locked org.apache.ratis.thirdparty.io.netty.channel.nio.SelectedSelectionKeySet@3e6ef8ad
	-  locked sun.nio.ch.EPollSelectorImpl@346d61be
	at java.base@11.0.19/sun.nio.ch.SelectorImpl.select(SelectorImpl.java:141)
	at app//org.apache.ratis.thirdparty.io.netty.channel.nio.SelectedSelectionKeySetSelector.select(SelectedSelectionKeySetSelector.java:68)
	at app//org.apache.ratis.thirdparty.io.netty.channel.nio.NioEventLoop.select(NioEventLoop.java:879)
	at app//org.apache.ratis.thirdparty.io.netty.channel.nio.NioEventLoop.run(NioEventLoop.java:526)
	at app//org.apache.ratis.thirdparty.io.netty.util.concurrent.SingleThreadEventExecutor$4.run(SingleThreadEventExecutor.java:997)
	...


"NettyClientStreamRpc-workerGroup--thread2" daemon prio=5 Id=628 RUNNABLE (in native)
	at java.base@11.0.19/sun.nio.ch.EPoll.wait(Native Method)
	at java.base@11.0.19/sun.nio.ch.EPollSelectorImpl.doSelect(EPollSelectorImpl.java:120)
	at java.base@11.0.19/sun.nio.ch.SelectorImpl.lockAndDoSelect(SelectorImpl.java:124)
	-  locked org.apache.ratis.thirdparty.io.netty.channel.nio.SelectedSelectionKeySet@55536d9e
	-  locked sun.nio.ch.EPollSelectorImpl@747edf66
	at java.base@11.0.19/sun.nio.ch.SelectorImpl.select(SelectorImpl.java:141)
	at app//org.apache.ratis.thirdparty.io.netty.channel.nio.SelectedSelectionKeySetSelector.select(SelectedSelectionKeySetSelector.java:68)
	at app//org.apache.ratis.thirdparty.io.netty.channel.nio.NioEventLoop.select(NioEventLoop.java:879)
	at app//org.apache.ratis.thirdparty.io.netty.channel.nio.NioEventLoop.run(NioEventLoop.java:526)
	at app//org.apache.ratis.thirdparty.io.netty.util.concurrent.SingleThreadEventExecutor$4.run(SingleThreadEventExecutor.java:997)
	...


"NettyClientStreamRpc-workerGroup--thread2" daemon prio=5 Id=627 RUNNABLE (in native)
	at java.base@11.0.19/sun.nio.ch.EPoll.wait(Native Method)
	at java.base@11.0.19/sun.nio.ch.EPollSelectorImpl.doSelect(EPollSelectorImpl.java:120)
	at java.base@11.0.19/sun.nio.ch.SelectorImpl.lockAndDoSelect(SelectorImpl.java:124)
	-  locked org.apache.ratis.thirdparty.io.netty.channel.nio.SelectedSelectionKeySet@3d1cfad4
	-  locked sun.nio.ch.EPollSelectorImpl@62230c58
	at java.base@11.0.19/sun.nio.ch.SelectorImpl.select(SelectorImpl.java:141)
	at app//org.apache.ratis.thirdparty.io.netty.channel.nio.SelectedSelectionKeySetSelector.select(SelectedSelectionKeySetSelector.java:68)
	at app//org.apache.ratis.thirdparty.io.netty.channel.nio.NioEventLoop.select(NioEventLoop.java:879)
	at app//org.apache.ratis.thirdparty.io.netty.channel.nio.NioEventLoop.run(NioEventLoop.java:526)
	at app//org.apache.ratis.thirdparty.io.netty.util.concurrent.SingleThreadEventExecutor$4.run(SingleThreadEventExecutor.java:997)
	...


"NettyClientStreamRpc-workerGroup--thread2" daemon prio=5 Id=626 RUNNABLE (in native)
	at java.base@11.0.19/sun.nio.ch.EPoll.wait(Native Method)
	at java.base@11.0.19/sun.nio.ch.EPollSelectorImpl.doSelect(EPollSelectorImpl.java:120)
	at java.base@11.0.19/sun.nio.ch.SelectorImpl.lockAndDoSelect(SelectorImpl.java:124)
	-  locked org.apache.ratis.thirdparty.io.netty.channel.nio.SelectedSelectionKeySet@2cd2a21f
	-  locked sun.nio.ch.EPollSelectorImpl@2e55dd0c
	at java.base@11.0.19/sun.nio.ch.SelectorImpl.select(SelectorImpl.java:141)
	at app//org.apache.ratis.thirdparty.io.netty.channel.nio.SelectedSelectionKeySetSelector.select(SelectedSelectionKeySetSelector.java:68)
	at app//org.apache.ratis.thirdparty.io.netty.channel.nio.NioEventLoop.select(NioEventLoop.java:879)
	at app//org.apache.ratis.thirdparty.io.netty.channel.nio.NioEventLoop.run(NioEventLoop.java:526)
	at app//org.apache.ratis.thirdparty.io.netty.util.concurrent.SingleThreadEventExecutor$4.run(SingleThreadEventExecutor.java:997)
	...


"NettyClientStreamRpc-workerGroup--thread2" daemon prio=5 Id=625 RUNNABLE (in native)
	at java.base@11.0.19/sun.nio.ch.EPoll.wait(Native Method)
	at java.base@11.0.19/sun.nio.ch.EPollSelectorImpl.doSelect(EPollSelectorImpl.java:120)
	at java.base@11.0.19/sun.nio.ch.SelectorImpl.lockAndDoSelect(SelectorImpl.java:124)
	-  locked org.apache.ratis.thirdparty.io.netty.channel.nio.SelectedSelectionKeySet@74455848
	-  locked sun.nio.ch.EPollSelectorImpl@e7edb54
	at java.base@11.0.19/sun.nio.ch.SelectorImpl.select(SelectorImpl.java:141)
	at app//org.apache.ratis.thirdparty.io.netty.channel.nio.SelectedSelectionKeySetSelector.select(SelectedSelectionKeySetSelector.java:68)
	at app//org.apache.ratis.thirdparty.io.netty.channel.nio.NioEventLoop.select(NioEventLoop.java:879)
	at app//org.apache.ratis.thirdparty.io.netty.channel.nio.NioEventLoop.run(NioEventLoop.java:526)
	at app//org.apache.ratis.thirdparty.io.netty.util.concurrent.SingleThreadEventExecutor$4.run(SingleThreadEventExecutor.java:997)
	...


"NettyClientStreamRpc-workerGroup--thread2" daemon prio=5 Id=624 RUNNABLE (in native)
	at java.base@11.0.19/sun.nio.ch.EPoll.wait(Native Method)
	at java.base@11.0.19/sun.nio.ch.EPollSelectorImpl.doSelect(EPollSelectorImpl.java:120)
	at java.base@11.0.19/sun.nio.ch.SelectorImpl.lockAndDoSelect(SelectorImpl.java:124)
	-  locked org.apache.ratis.thirdparty.io.netty.channel.nio.SelectedSelectionKeySet@378542de
	-  locked sun.nio.ch.EPollSelectorImpl@3738449f
	at java.base@11.0.19/sun.nio.ch.SelectorImpl.select(SelectorImpl.java:141)
	at app//org.apache.ratis.thirdparty.io.netty.channel.nio.SelectedSelectionKeySetSelector.select(SelectedSelectionKeySetSelector.java:68)
	at app//org.apache.ratis.thirdparty.io.netty.channel.nio.NioEventLoop.select(NioEventLoop.java:879)
	at app//org.apache.ratis.thirdparty.io.netty.channel.nio.NioEventLoop.run(NioEventLoop.java:526)
	at app//org.apache.ratis.thirdparty.io.netty.util.concurrent.SingleThreadEventExecutor$4.run(SingleThreadEventExecutor.java:997)
	...


"NettyClientStreamRpc-workerGroup--thread3" daemon prio=5 Id=619 RUNNABLE (in native)
	at java.base@11.0.19/sun.nio.ch.EPoll.wait(Native Method)
	at java.base@11.0.19/sun.nio.ch.EPollSelectorImpl.doSelect(EPollSelectorImpl.java:120)
	at java.base@11.0.19/sun.nio.ch.SelectorImpl.lockAndDoSelect(SelectorImpl.java:124)
	-  locked org.apache.ratis.thirdparty.io.netty.channel.nio.SelectedSelectionKeySet@69e1dd28
	-  locked sun.nio.ch.EPollSelectorImpl@11bd0f3b
	at java.base@11.0.19/sun.nio.ch.SelectorImpl.select(SelectorImpl.java:141)
	at app//org.apache.ratis.thirdparty.io.netty.channel.nio.SelectedSelectionKeySetSelector.select(SelectedSelectionKeySetSelector.java:68)
	at app//org.apache.ratis.thirdparty.io.netty.channel.nio.NioEventLoop.select(NioEventLoop.java:879)
	at app//org.apache.ratis.thirdparty.io.netty.channel.nio.NioEventLoop.run(NioEventLoop.java:526)
	at app//org.apache.ratis.thirdparty.io.netty.util.concurrent.SingleThreadEventExecutor$4.run(SingleThreadEventExecutor.java:997)
	...


"NettyClientStreamRpc-workerGroup--thread3" daemon prio=5 Id=614 RUNNABLE (in native)
	at java.base@11.0.19/sun.nio.ch.EPoll.wait(Native Method)
	at java.base@11.0.19/sun.nio.ch.EPollSelectorImpl.doSelect(EPollSelectorImpl.java:120)
	at java.base@11.0.19/sun.nio.ch.SelectorImpl.lockAndDoSelect(SelectorImpl.java:124)
	-  locked org.apache.ratis.thirdparty.io.netty.channel.nio.SelectedSelectionKeySet@c333c60
	-  locked sun.nio.ch.EPollSelectorImpl@79da8dc5
	at java.base@11.0.19/sun.nio.ch.SelectorImpl.select(SelectorImpl.java:141)
	at app//org.apache.ratis.thirdparty.io.netty.channel.nio.SelectedSelectionKeySetSelector.select(SelectedSelectionKeySetSelector.java:68)
	at app//org.apache.ratis.thirdparty.io.netty.channel.nio.NioEventLoop.select(NioEventLoop.java:879)
	at app//org.apache.ratis.thirdparty.io.netty.channel.nio.NioEventLoop.run(NioEventLoop.java:526)
	at app//org.apache.ratis.thirdparty.io.netty.util.concurrent.SingleThreadEventExecutor$4.run(SingleThreadEventExecutor.java:997)
	...


"NettyClientStreamRpc-workerGroup--thread3" daemon prio=5 Id=613 RUNNABLE (in native)
	at java.base@11.0.19/sun.nio.ch.EPoll.wait(Native Method)
	at java.base@11.0.19/sun.nio.ch.EPollSelectorImpl.doSelect(EPollSelectorImpl.java:120)
	at java.base@11.0.19/sun.nio.ch.SelectorImpl.lockAndDoSelect(SelectorImpl.java:124)
	-  locked org.apache.ratis.thirdparty.io.netty.channel.nio.SelectedSelectionKeySet@1eb5174b
	-  locked sun.nio.ch.EPollSelectorImpl@67080771
	at java.base@11.0.19/sun.nio.ch.SelectorImpl.select(SelectorImpl.java:141)
	at app//org.apache.ratis.thirdparty.io.netty.channel.nio.SelectedSelectionKeySetSelector.select(SelectedSelectionKeySetSelector.java:68)
	at app//org.apache.ratis.thirdparty.io.netty.channel.nio.NioEventLoop.select(NioEventLoop.java:879)
	at app//org.apache.ratis.thirdparty.io.netty.channel.nio.NioEventLoop.run(NioEventLoop.java:526)
	at app//org.apache.ratis.thirdparty.io.netty.util.concurrent.SingleThreadEventExecutor$4.run(SingleThreadEventExecutor.java:997)
	...


"NettyClientStreamRpc-workerGroup--thread3" daemon prio=5 Id=612 RUNNABLE (in native)
	at java.base@11.0.19/sun.nio.ch.EPoll.wait(Native Method)
	at java.base@11.0.19/sun.nio.ch.EPollSelectorImpl.doSelect(EPollSelectorImpl.java:120)
	at java.base@11.0.19/sun.nio.ch.SelectorImpl.lockAndDoSelect(SelectorImpl.java:124)
	-  locked org.apache.ratis.thirdparty.io.netty.channel.nio.SelectedSelectionKeySet@72cde7cc
	-  locked sun.nio.ch.EPollSelectorImpl@5fd4f8f5
	at java.base@11.0.19/sun.nio.ch.SelectorImpl.select(SelectorImpl.java:141)
	at app//org.apache.ratis.thirdparty.io.netty.channel.nio.SelectedSelectionKeySetSelector.select(SelectedSelectionKeySetSelector.java:68)
	at app//org.apache.ratis.thirdparty.io.netty.channel.nio.NioEventLoop.select(NioEventLoop.java:879)
	at app//org.apache.ratis.thirdparty.io.netty.channel.nio.NioEventLoop.run(NioEventLoop.java:526)
	at app//org.apache.ratis.thirdparty.io.netty.util.concurrent.SingleThreadEventExecutor$4.run(SingleThreadEventExecutor.java:997)
	...


"NettyClientStreamRpc-workerGroup--thread3" daemon prio=5 Id=611 RUNNABLE (in native)
	at java.base@11.0.19/sun.nio.ch.EPoll.wait(Native Method)
	at java.base@11.0.19/sun.nio.ch.EPollSelectorImpl.doSelect(EPollSelectorImpl.java:120)
	at java.base@11.0.19/sun.nio.ch.SelectorImpl.lockAndDoSelect(SelectorImpl.java:124)
	-  locked org.apache.ratis.thirdparty.io.netty.channel.nio.SelectedSelectionKeySet@696da30b
	-  locked sun.nio.ch.EPollSelectorImpl@4e7912d8
	at java.base@11.0.19/sun.nio.ch.SelectorImpl.select(SelectorImpl.java:141)
	at app//org.apache.ratis.thirdparty.io.netty.channel.nio.SelectedSelectionKeySetSelector.select(SelectedSelectionKeySetSelector.java:68)
	at app//org.apache.ratis.thirdparty.io.netty.channel.nio.NioEventLoop.select(NioEventLoop.java:879)
	at app//org.apache.ratis.thirdparty.io.netty.channel.nio.NioEventLoop.run(NioEventLoop.java:526)
	at app//org.apache.ratis.thirdparty.io.netty.util.concurrent.SingleThreadEventExecutor$4.run(SingleThreadEventExecutor.java:997)
	...


"NettyClientStreamRpc-workerGroup--thread3" daemon prio=5 Id=610 RUNNABLE (in native)
	at java.base@11.0.19/sun.nio.ch.EPoll.wait(Native Method)
	at java.base@11.0.19/sun.nio.ch.EPollSelectorImpl.doSelect(EPollSelectorImpl.java:120)
	at java.base@11.0.19/sun.nio.ch.SelectorImpl.lockAndDoSelect(SelectorImpl.java:124)
	-  locked org.apache.ratis.thirdparty.io.netty.channel.nio.SelectedSelectionKeySet@53976f5c
	-  locked sun.nio.ch.EPollSelectorImpl@2bfc268b
	at java.base@11.0.19/sun.nio.ch.SelectorImpl.select(SelectorImpl.java:141)
	at app//org.apache.ratis.thirdparty.io.netty.channel.nio.SelectedSelectionKeySetSelector.select(SelectedSelectionKeySetSelector.java:68)
	at app//org.apache.ratis.thirdparty.io.netty.channel.nio.NioEventLoop.select(NioEventLoop.java:879)
	at app//org.apache.ratis.thirdparty.io.netty.channel.nio.NioEventLoop.run(NioEventLoop.java:526)
	at app//org.apache.ratis.thirdparty.io.netty.util.concurrent.SingleThreadEventExecutor$4.run(SingleThreadEventExecutor.java:997)
	...


"NettyClientStreamRpc-workerGroup--thread3" daemon prio=5 Id=609 RUNNABLE (in native)
	at java.base@11.0.19/sun.nio.ch.EPoll.wait(Native Method)
	at java.base@11.0.19/sun.nio.ch.EPollSelectorImpl.doSelect(EPollSelectorImpl.java:120)
	at java.base@11.0.19/sun.nio.ch.SelectorImpl.lockAndDoSelect(SelectorImpl.java:124)
	-  locked org.apache.ratis.thirdparty.io.netty.channel.nio.SelectedSelectionKeySet@2f8dad04
	-  locked sun.nio.ch.EPollSelectorImpl@29e495ff
	at java.base@11.0.19/sun.nio.ch.SelectorImpl.select(SelectorImpl.java:141)
	at app//org.apache.ratis.thirdparty.io.netty.channel.nio.SelectedSelectionKeySetSelector.select(SelectedSelectionKeySetSelector.java:68)
	at app//org.apache.ratis.thirdparty.io.netty.channel.nio.NioEventLoop.select(NioEventLoop.java:879)
	at app//org.apache.ratis.thirdparty.io.netty.channel.nio.NioEventLoop.run(NioEventLoop.java:526)
	at app//org.apache.ratis.thirdparty.io.netty.util.concurrent.SingleThreadEventExecutor$4.run(SingleThreadEventExecutor.java:997)
	...


"NettyClientStreamRpc-workerGroup--thread3" daemon prio=5 Id=608 RUNNABLE (in native)
	at java.base@11.0.19/sun.nio.ch.EPoll.wait(Native Method)
	at java.base@11.0.19/sun.nio.ch.EPollSelectorImpl.doSelect(EPollSelectorImpl.java:120)
	at java.base@11.0.19/sun.nio.ch.SelectorImpl.lockAndDoSelect(SelectorImpl.java:124)
	-  locked org.apache.ratis.thirdparty.io.netty.channel.nio.SelectedSelectionKeySet@41e1e210
	-  locked sun.nio.ch.EPollSelectorImpl@be35cd9
	at java.base@11.0.19/sun.nio.ch.SelectorImpl.select(SelectorImpl.java:141)
	at app//org.apache.ratis.thirdparty.io.netty.channel.nio.SelectedSelectionKeySetSelector.select(SelectedSelectionKeySetSelector.java:68)
	at app//org.apache.ratis.thirdparty.io.netty.channel.nio.NioEventLoop.select(NioEventLoop.java:879)
	at app//org.apache.ratis.thirdparty.io.netty.channel.nio.NioEventLoop.run(NioEventLoop.java:526)
	at app//org.apache.ratis.thirdparty.io.netty.util.concurrent.SingleThreadEventExecutor$4.run(SingleThreadEventExecutor.java:997)
	...


"NettyClientStreamRpc-workerGroup--thread3" daemon prio=5 Id=607 RUNNABLE (in native)
	at java.base@11.0.19/sun.nio.ch.EPoll.wait(Native Method)
	at java.base@11.0.19/sun.nio.ch.EPollSelectorImpl.doSelect(EPollSelectorImpl.java:120)
	at java.base@11.0.19/sun.nio.ch.SelectorImpl.lockAndDoSelect(SelectorImpl.java:124)
	-  locked org.apache.ratis.thirdparty.io.netty.channel.nio.SelectedSelectionKeySet@4944252c
	-  locked sun.nio.ch.EPollSelectorImpl@44821a96
	at java.base@11.0.19/sun.nio.ch.SelectorImpl.select(SelectorImpl.java:141)
	at app//org.apache.ratis.thirdparty.io.netty.channel.nio.SelectedSelectionKeySetSelector.select(SelectedSelectionKeySetSelector.java:68)
	at app//org.apache.ratis.thirdparty.io.netty.channel.nio.NioEventLoop.select(NioEventLoop.java:879)
	at app//org.apache.ratis.thirdparty.io.netty.channel.nio.NioEventLoop.run(NioEventLoop.java:526)
	at app//org.apache.ratis.thirdparty.io.netty.util.concurrent.SingleThreadEventExecutor$4.run(SingleThreadEventExecutor.java:997)
	...


"NettyClientStreamRpc-workerGroup--thread3" daemon prio=5 Id=606 RUNNABLE (in native)
	at java.base@11.0.19/sun.nio.ch.EPoll.wait(Native Method)
	at java.base@11.0.19/sun.nio.ch.EPollSelectorImpl.doSelect(EPollSelectorImpl.java:120)
	at java.base@11.0.19/sun.nio.ch.SelectorImpl.lockAndDoSelect(SelectorImpl.java:124)
	-  locked org.apache.ratis.thirdparty.io.netty.channel.nio.SelectedSelectionKeySet@a3d8174
	-  locked sun.nio.ch.EPollSelectorImpl@1ba9117e
	at java.base@11.0.19/sun.nio.ch.SelectorImpl.select(SelectorImpl.java:141)
	at app//org.apache.ratis.thirdparty.io.netty.channel.nio.SelectedSelectionKeySetSelector.select(SelectedSelectionKeySetSelector.java:68)
	at app//org.apache.ratis.thirdparty.io.netty.channel.nio.NioEventLoop.select(NioEventLoop.java:879)
	at app//org.apache.ratis.thirdparty.io.netty.channel.nio.NioEventLoop.run(NioEventLoop.java:526)
	at app//org.apache.ratis.thirdparty.io.netty.util.concurrent.SingleThreadEventExecutor$4.run(SingleThreadEventExecutor.java:997)
	...


"NettyClientStreamRpc-workerGroup--thread3" daemon prio=5 Id=605 RUNNABLE (in native)
	at java.base@11.0.19/sun.nio.ch.EPoll.wait(Native Method)
	at java.base@11.0.19/sun.nio.ch.EPollSelectorImpl.doSelect(EPollSelectorImpl.java:120)
	at java.base@11.0.19/sun.nio.ch.SelectorImpl.lockAndDoSelect(SelectorImpl.java:124)
	-  locked org.apache.ratis.thirdparty.io.netty.channel.nio.SelectedSelectionKeySet@732c2a62
	-  locked sun.nio.ch.EPollSelectorImpl@272ed83b
	at java.base@11.0.19/sun.nio.ch.SelectorImpl.select(SelectorImpl.java:141)
	at app//org.apache.ratis.thirdparty.io.netty.channel.nio.SelectedSelectionKeySetSelector.select(SelectedSelectionKeySetSelector.java:68)
	at app//org.apache.ratis.thirdparty.io.netty.channel.nio.NioEventLoop.select(NioEventLoop.java:879)
	at app//org.apache.ratis.thirdparty.io.netty.channel.nio.NioEventLoop.run(NioEventLoop.java:526)
	at app//org.apache.ratis.thirdparty.io.netty.util.concurrent.SingleThreadEventExecutor$4.run(SingleThreadEventExecutor.java:997)
	...


"NettyClientStreamRpc-workerGroup--thread3" daemon prio=5 Id=604 RUNNABLE (in native)
	at java.base@11.0.19/sun.nio.ch.EPoll.wait(Native Method)
	at java.base@11.0.19/sun.nio.ch.EPollSelectorImpl.doSelect(EPollSelectorImpl.java:120)
	at java.base@11.0.19/sun.nio.ch.SelectorImpl.lockAndDoSelect(SelectorImpl.java:124)
	-  locked org.apache.ratis.thirdparty.io.netty.channel.nio.SelectedSelectionKeySet@41fecb8b
	-  locked sun.nio.ch.EPollSelectorImpl@120f102b
	at java.base@11.0.19/sun.nio.ch.SelectorImpl.select(SelectorImpl.java:141)
	at app//org.apache.ratis.thirdparty.io.netty.channel.nio.SelectedSelectionKeySetSelector.select(SelectedSelectionKeySetSelector.java:68)
	at app//org.apache.ratis.thirdparty.io.netty.channel.nio.NioEventLoop.select(NioEventLoop.java:879)
	at app//org.apache.ratis.thirdparty.io.netty.channel.nio.NioEventLoop.run(NioEventLoop.java:526)
	at app//org.apache.ratis.thirdparty.io.netty.util.concurrent.SingleThreadEventExecutor$4.run(SingleThreadEventExecutor.java:997)
	...


"NettyClientStreamRpc-workerGroup--thread3" daemon prio=5 Id=603 RUNNABLE (in native)
	at java.base@11.0.19/sun.nio.ch.EPoll.wait(Native Method)
	at java.base@11.0.19/sun.nio.ch.EPollSelectorImpl.doSelect(EPollSelectorImpl.java:120)
	at java.base@11.0.19/sun.nio.ch.SelectorImpl.lockAndDoSelect(SelectorImpl.java:124)
	-  locked org.apache.ratis.thirdparty.io.netty.channel.nio.SelectedSelectionKeySet@625732
	-  locked sun.nio.ch.EPollSelectorImpl@51dcb805
	at java.base@11.0.19/sun.nio.ch.SelectorImpl.select(SelectorImpl.java:141)
	at app//org.apache.ratis.thirdparty.io.netty.channel.nio.SelectedSelectionKeySetSelector.select(SelectedSelectionKeySetSelector.java:68)
	at app//org.apache.ratis.thirdparty.io.netty.channel.nio.NioEventLoop.select(NioEventLoop.java:879)
	at app//org.apache.ratis.thirdparty.io.netty.channel.nio.NioEventLoop.run(NioEventLoop.java:526)
	at app//org.apache.ratis.thirdparty.io.netty.util.concurrent.SingleThreadEventExecutor$4.run(SingleThreadEventExecutor.java:997)
	...


"NettyClientStreamRpc-workerGroup--thread3" daemon prio=5 Id=602 RUNNABLE (in native)
	at java.base@11.0.19/sun.nio.ch.EPoll.wait(Native Method)
	at java.base@11.0.19/sun.nio.ch.EPollSelectorImpl.doSelect(EPollSelectorImpl.java:120)
	at java.base@11.0.19/sun.nio.ch.SelectorImpl.lockAndDoSelect(SelectorImpl.java:124)
	-  locked org.apache.ratis.thirdparty.io.netty.channel.nio.SelectedSelectionKeySet@66498326
	-  locked sun.nio.ch.EPollSelectorImpl@cad498c
	at java.base@11.0.19/sun.nio.ch.SelectorImpl.select(SelectorImpl.java:141)
	at app//org.apache.ratis.thirdparty.io.netty.channel.nio.SelectedSelectionKeySetSelector.select(SelectedSelectionKeySetSelector.java:68)
	at app//org.apache.ratis.thirdparty.io.netty.channel.nio.NioEventLoop.select(NioEventLoop.java:879)
	at app//org.apache.ratis.thirdparty.io.netty.channel.nio.NioEventLoop.run(NioEventLoop.java:526)
	at app//org.apache.ratis.thirdparty.io.netty.util.concurrent.SingleThreadEventExecutor$4.run(SingleThreadEventExecutor.java:997)
	...


"NettyClientStreamRpc-workerGroup--thread3" daemon prio=5 Id=601 RUNNABLE (in native)
	at java.base@11.0.19/sun.nio.ch.EPoll.wait(Native Method)
	at java.base@11.0.19/sun.nio.ch.EPollSelectorImpl.doSelect(EPollSelectorImpl.java:120)
	at java.base@11.0.19/sun.nio.ch.SelectorImpl.lockAndDoSelect(SelectorImpl.java:124)
	-  locked org.apache.ratis.thirdparty.io.netty.channel.nio.SelectedSelectionKeySet@1e6454ec
	-  locked sun.nio.ch.EPollSelectorImpl@2accdbb5
	at java.base@11.0.19/sun.nio.ch.SelectorImpl.select(SelectorImpl.java:141)
	at app//org.apache.ratis.thirdparty.io.netty.channel.nio.SelectedSelectionKeySetSelector.select(SelectedSelectionKeySetSelector.java:68)
	at app//org.apache.ratis.thirdparty.io.netty.channel.nio.NioEventLoop.select(NioEventLoop.java:879)
	at app//org.apache.ratis.thirdparty.io.netty.channel.nio.NioEventLoop.run(NioEventLoop.java:526)
	at app//org.apache.ratis.thirdparty.io.netty.util.concurrent.SingleThreadEventExecutor$4.run(SingleThreadEventExecutor.java:997)
	...


"NettyClientStreamRpc-workerGroup--thread3" daemon prio=5 Id=600 RUNNABLE (in native)
	at java.base@11.0.19/sun.nio.ch.EPoll.wait(Native Method)
	at java.base@11.0.19/sun.nio.ch.EPollSelectorImpl.doSelect(EPollSelectorImpl.java:120)
	at java.base@11.0.19/sun.nio.ch.SelectorImpl.lockAndDoSelect(SelectorImpl.java:124)
	-  locked org.apache.ratis.thirdparty.io.netty.channel.nio.SelectedSelectionKeySet@b62d79
	-  locked sun.nio.ch.EPollSelectorImpl@6631f5ca
	at java.base@11.0.19/sun.nio.ch.SelectorImpl.select(SelectorImpl.java:141)
	at app//org.apache.ratis.thirdparty.io.netty.channel.nio.SelectedSelectionKeySetSelector.select(SelectedSelectionKeySetSelector.java:68)
	at app//org.apache.ratis.thirdparty.io.netty.channel.nio.NioEventLoop.select(NioEventLoop.java:879)
	at app//org.apache.ratis.thirdparty.io.netty.channel.nio.NioEventLoop.run(NioEventLoop.java:526)
	at app//org.apache.ratis.thirdparty.io.netty.util.concurrent.SingleThreadEventExecutor$4.run(SingleThreadEventExecutor.java:997)
	...


"NettyClientStreamRpc-workerGroup--thread3" daemon prio=5 Id=599 RUNNABLE (in native)
	at java.base@11.0.19/sun.nio.ch.EPoll.wait(Native Method)
	at java.base@11.0.19/sun.nio.ch.EPollSelectorImpl.doSelect(EPollSelectorImpl.java:120)
	at java.base@11.0.19/sun.nio.ch.SelectorImpl.lockAndDoSelect(SelectorImpl.java:124)
	-  locked org.apache.ratis.thirdparty.io.netty.channel.nio.SelectedSelectionKeySet@5ace1ed4
	-  locked sun.nio.ch.EPollSelectorImpl@1613674b
	at java.base@11.0.19/sun.nio.ch.SelectorImpl.select(SelectorImpl.java:141)
	at app//org.apache.ratis.thirdparty.io.netty.channel.nio.SelectedSelectionKeySetSelector.select(SelectedSelectionKeySetSelector.java:68)
	at app//org.apache.ratis.thirdparty.io.netty.channel.nio.NioEventLoop.select(NioEventLoop.java:879)
	at app//org.apache.ratis.thirdparty.io.netty.channel.nio.NioEventLoop.run(NioEventLoop.java:526)
	at app//org.apache.ratis.thirdparty.io.netty.util.concurrent.SingleThreadEventExecutor$4.run(SingleThreadEventExecutor.java:997)
	...


"NettyClientStreamRpc-workerGroup--thread3" daemon prio=5 Id=598 RUNNABLE (in native)
	at java.base@11.0.19/sun.nio.ch.EPoll.wait(Native Method)
	at java.base@11.0.19/sun.nio.ch.EPollSelectorImpl.doSelect(EPollSelectorImpl.java:120)
	at java.base@11.0.19/sun.nio.ch.SelectorImpl.lockAndDoSelect(SelectorImpl.java:124)
	-  locked org.apache.ratis.thirdparty.io.netty.channel.nio.SelectedSelectionKeySet@27ff5d15
	-  locked sun.nio.ch.EPollSelectorImpl@4e096385
	at java.base@11.0.19/sun.nio.ch.SelectorImpl.select(SelectorImpl.java:141)
	at app//org.apache.ratis.thirdparty.io.netty.channel.nio.SelectedSelectionKeySetSelector.select(SelectedSelectionKeySetSelector.java:68)
	at app//org.apache.ratis.thirdparty.io.netty.channel.nio.NioEventLoop.select(NioEventLoop.java:879)
	at app//org.apache.ratis.thirdparty.io.netty.channel.nio.NioEventLoop.run(NioEventLoop.java:526)
	at app//org.apache.ratis.thirdparty.io.netty.util.concurrent.SingleThreadEventExecutor$4.run(SingleThreadEventExecutor.java:997)
	...


"NettyClientStreamRpc-workerGroup--thread3" daemon prio=5 Id=597 RUNNABLE (in native)
	at java.base@11.0.19/sun.nio.ch.EPoll.wait(Native Method)
	at java.base@11.0.19/sun.nio.ch.EPollSelectorImpl.doSelect(EPollSelectorImpl.java:120)
	at java.base@11.0.19/sun.nio.ch.SelectorImpl.lockAndDoSelect(SelectorImpl.java:124)
	-  locked org.apache.ratis.thirdparty.io.netty.channel.nio.SelectedSelectionKeySet@649bec2e
	-  locked sun.nio.ch.EPollSelectorImpl@693fe6c9
	at java.base@11.0.19/sun.nio.ch.SelectorImpl.select(SelectorImpl.java:141)
	at app//org.apache.ratis.thirdparty.io.netty.channel.nio.SelectedSelectionKeySetSelector.select(SelectedSelectionKeySetSelector.java:68)
	at app//org.apache.ratis.thirdparty.io.netty.channel.nio.NioEventLoop.select(NioEventLoop.java:879)
	at app//org.apache.ratis.thirdparty.io.netty.channel.nio.NioEventLoop.run(NioEventLoop.java:526)
	at app//org.apache.ratis.thirdparty.io.netty.util.concurrent.SingleThreadEventExecutor$4.run(SingleThreadEventExecutor.java:997)
	...


"NettyClientStreamRpc-workerGroup--thread4" daemon prio=5 Id=668 RUNNABLE (in native)
	at java.base@11.0.19/sun.nio.ch.EPoll.wait(Native Method)
	at java.base@11.0.19/sun.nio.ch.EPollSelectorImpl.doSelect(EPollSelectorImpl.java:120)
	at java.base@11.0.19/sun.nio.ch.SelectorImpl.lockAndDoSelect(SelectorImpl.java:124)
	-  locked org.apache.ratis.thirdparty.io.netty.channel.nio.SelectedSelectionKeySet@34f5090e
	-  locked sun.nio.ch.EPollSelectorImpl@31e5415e
	at java.base@11.0.19/sun.nio.ch.SelectorImpl.select(SelectorImpl.java:141)
	at app//org.apache.ratis.thirdparty.io.netty.channel.nio.SelectedSelectionKeySetSelector.select(SelectedSelectionKeySetSelector.java:68)
	at app//org.apache.ratis.thirdparty.io.netty.channel.nio.NioEventLoop.select(NioEventLoop.java:879)
	at app//org.apache.ratis.thirdparty.io.netty.channel.nio.NioEventLoop.run(NioEventLoop.java:526)
	at app//org.apache.ratis.thirdparty.io.netty.util.concurrent.SingleThreadEventExecutor$4.run(SingleThreadEventExecutor.java:997)
	...


"NettyClientStreamRpc-workerGroup--thread4" daemon prio=5 Id=666 RUNNABLE (in native)
	at java.base@11.0.19/sun.nio.ch.EPoll.wait(Native Method)
	at java.base@11.0.19/sun.nio.ch.EPollSelectorImpl.doSelect(EPollSelectorImpl.java:120)
	at java.base@11.0.19/sun.nio.ch.SelectorImpl.lockAndDoSelect(SelectorImpl.java:124)
	-  locked org.apache.ratis.thirdparty.io.netty.channel.nio.SelectedSelectionKeySet@a2431d0
	-  locked sun.nio.ch.EPollSelectorImpl@1cbb87f3
	at java.base@11.0.19/sun.nio.ch.SelectorImpl.select(SelectorImpl.java:141)
	at app//org.apache.ratis.thirdparty.io.netty.channel.nio.SelectedSelectionKeySetSelector.select(SelectedSelectionKeySetSelector.java:68)
	at app//org.apache.ratis.thirdparty.io.netty.channel.nio.NioEventLoop.select(NioEventLoop.java:879)
	at app//org.apache.ratis.thirdparty.io.netty.channel.nio.NioEventLoop.run(NioEventLoop.java:526)
	at app//org.apache.ratis.thirdparty.io.netty.util.concurrent.SingleThreadEventExecutor$4.run(SingleThreadEventExecutor.java:997)
	...


"NettyClientStreamRpc-workerGroup--thread4" daemon prio=5 Id=665 RUNNABLE (in native)
	at java.base@11.0.19/sun.nio.ch.EPoll.wait(Native Method)
	at java.base@11.0.19/sun.nio.ch.EPollSelectorImpl.doSelect(EPollSelectorImpl.java:120)
	at java.base@11.0.19/sun.nio.ch.SelectorImpl.lockAndDoSelect(SelectorImpl.java:124)
	-  locked org.apache.ratis.thirdparty.io.netty.channel.nio.SelectedSelectionKeySet@1a4013
	-  locked sun.nio.ch.EPollSelectorImpl@1b6e1eff
	at java.base@11.0.19/sun.nio.ch.SelectorImpl.select(SelectorImpl.java:141)
	at app//org.apache.ratis.thirdparty.io.netty.channel.nio.SelectedSelectionKeySetSelector.select(SelectedSelectionKeySetSelector.java:68)
	at app//org.apache.ratis.thirdparty.io.netty.channel.nio.NioEventLoop.select(NioEventLoop.java:879)
	at app//org.apache.ratis.thirdparty.io.netty.channel.nio.NioEventLoop.run(NioEventLoop.java:526)
	at app//org.apache.ratis.thirdparty.io.netty.util.concurrent.SingleThreadEventExecutor$4.run(SingleThreadEventExecutor.java:997)
	...


"NettyClientStreamRpc-workerGroup--thread4" daemon prio=5 Id=664 RUNNABLE (in native)
	at java.base@11.0.19/sun.nio.ch.EPoll.wait(Native Method)
	at java.base@11.0.19/sun.nio.ch.EPollSelectorImpl.doSelect(EPollSelectorImpl.java:120)
	at java.base@11.0.19/sun.nio.ch.SelectorImpl.lockAndDoSelect(SelectorImpl.java:124)
	-  locked org.apache.ratis.thirdparty.io.netty.channel.nio.SelectedSelectionKeySet@306f16f3
	-  locked sun.nio.ch.EPollSelectorImpl@702b8b12
	at java.base@11.0.19/sun.nio.ch.SelectorImpl.select(SelectorImpl.java:141)
	at app//org.apache.ratis.thirdparty.io.netty.channel.nio.SelectedSelectionKeySetSelector.select(SelectedSelectionKeySetSelector.java:68)
	at app//org.apache.ratis.thirdparty.io.netty.channel.nio.NioEventLoop.select(NioEventLoop.java:879)
	at app//org.apache.ratis.thirdparty.io.netty.channel.nio.NioEventLoop.run(NioEventLoop.java:526)
	at app//org.apache.ratis.thirdparty.io.netty.util.concurrent.SingleThreadEventExecutor$4.run(SingleThreadEventExecutor.java:997)
	...


"NettyClientStreamRpc-workerGroup--thread4" daemon prio=5 Id=663 RUNNABLE (in native)
	at java.base@11.0.19/sun.nio.ch.EPoll.wait(Native Method)
	at java.base@11.0.19/sun.nio.ch.EPollSelectorImpl.doSelect(EPollSelectorImpl.java:120)
	at java.base@11.0.19/sun.nio.ch.SelectorImpl.lockAndDoSelect(SelectorImpl.java:124)
	-  locked org.apache.ratis.thirdparty.io.netty.channel.nio.SelectedSelectionKeySet@22e357dc
	-  locked sun.nio.ch.EPollSelectorImpl@49912c99
	at java.base@11.0.19/sun.nio.ch.SelectorImpl.select(SelectorImpl.java:141)
	at app//org.apache.ratis.thirdparty.io.netty.channel.nio.SelectedSelectionKeySetSelector.select(SelectedSelectionKeySetSelector.java:68)
	at app//org.apache.ratis.thirdparty.io.netty.channel.nio.NioEventLoop.select(NioEventLoop.java:879)
	at app//org.apache.ratis.thirdparty.io.netty.channel.nio.NioEventLoop.run(NioEventLoop.java:526)
	at app//org.apache.ratis.thirdparty.io.netty.util.concurrent.SingleThreadEventExecutor$4.run(SingleThreadEventExecutor.java:997)
	...


"NettyClientStreamRpc-workerGroup--thread3" daemon prio=5 Id=685 RUNNABLE (in native)
	at java.base@11.0.19/sun.nio.ch.EPoll.wait(Native Method)
	at java.base@11.0.19/sun.nio.ch.EPollSelectorImpl.doSelect(EPollSelectorImpl.java:120)
	at java.base@11.0.19/sun.nio.ch.SelectorImpl.lockAndDoSelect(SelectorImpl.java:124)
	-  locked org.apache.ratis.thirdparty.io.netty.channel.nio.SelectedSelectionKeySet@10163d6
	-  locked sun.nio.ch.EPollSelectorImpl@2dde1bff
	at java.base@11.0.19/sun.nio.ch.SelectorImpl.select(SelectorImpl.java:141)
	at app//org.apache.ratis.thirdparty.io.netty.channel.nio.SelectedSelectionKeySetSelector.select(SelectedSelectionKeySetSelector.java:68)
	at app//org.apache.ratis.thirdparty.io.netty.channel.nio.NioEventLoop.select(NioEventLoop.java:879)
	at app//org.apache.ratis.thirdparty.io.netty.channel.nio.NioEventLoop.run(NioEventLoop.java:526)
	at app//org.apache.ratis.thirdparty.io.netty.util.concurrent.SingleThreadEventExecutor$4.run(SingleThreadEventExecutor.java:997)
	...


"NettyClientStreamRpc-workerGroup--thread4" daemon prio=5 Id=662 RUNNABLE (in native)
	at java.base@11.0.19/sun.nio.ch.EPoll.wait(Native Method)
	at java.base@11.0.19/sun.nio.ch.EPollSelectorImpl.doSelect(EPollSelectorImpl.java:120)
	at java.base@11.0.19/sun.nio.ch.SelectorImpl.lockAndDoSelect(SelectorImpl.java:124)
	-  locked org.apache.ratis.thirdparty.io.netty.channel.nio.SelectedSelectionKeySet@15bbf42f
	-  locked sun.nio.ch.EPollSelectorImpl@550ee7e5
	at java.base@11.0.19/sun.nio.ch.SelectorImpl.select(SelectorImpl.java:141)
	at app//org.apache.ratis.thirdparty.io.netty.channel.nio.SelectedSelectionKeySetSelector.select(SelectedSelectionKeySetSelector.java:68)
	at app//org.apache.ratis.thirdparty.io.netty.channel.nio.NioEventLoop.select(NioEventLoop.java:879)
	at app//org.apache.ratis.thirdparty.io.netty.channel.nio.NioEventLoop.run(NioEventLoop.java:526)
	at app//org.apache.ratis.thirdparty.io.netty.util.concurrent.SingleThreadEventExecutor$4.run(SingleThreadEventExecutor.java:997)
	...


"NettyClientStreamRpc-workerGroup--thread4" daemon prio=5 Id=661 RUNNABLE (in native)
	at java.base@11.0.19/sun.nio.ch.EPoll.wait(Native Method)
	at java.base@11.0.19/sun.nio.ch.EPollSelectorImpl.doSelect(EPollSelectorImpl.java:120)
	at java.base@11.0.19/sun.nio.ch.SelectorImpl.lockAndDoSelect(SelectorImpl.java:124)
	-  locked org.apache.ratis.thirdparty.io.netty.channel.nio.SelectedSelectionKeySet@5f9b2141
	-  locked sun.nio.ch.EPollSelectorImpl@247d8ae
	at java.base@11.0.19/sun.nio.ch.SelectorImpl.select(SelectorImpl.java:141)
	at app//org.apache.ratis.thirdparty.io.netty.channel.nio.SelectedSelectionKeySetSelector.select(SelectedSelectionKeySetSelector.java:68)
	at app//org.apache.ratis.thirdparty.io.netty.channel.nio.NioEventLoop.select(NioEventLoop.java:879)
	at app//org.apache.ratis.thirdparty.io.netty.channel.nio.NioEventLoop.run(NioEventLoop.java:526)
	at app//org.apache.ratis.thirdparty.io.netty.util.concurrent.SingleThreadEventExecutor$4.run(SingleThreadEventExecutor.java:997)
	...


"NettyClientStreamRpc-workerGroup--thread4" daemon prio=5 Id=660 RUNNABLE (in native)
	at java.base@11.0.19/sun.nio.ch.EPoll.wait(Native Method)
	at java.base@11.0.19/sun.nio.ch.EPollSelectorImpl.doSelect(EPollSelectorImpl.java:120)
	at java.base@11.0.19/sun.nio.ch.SelectorImpl.lockAndDoSelect(SelectorImpl.java:124)
	-  locked org.apache.ratis.thirdparty.io.netty.channel.nio.SelectedSelectionKeySet@48974e45
	-  locked sun.nio.ch.EPollSelectorImpl@6a84a97d
	at java.base@11.0.19/sun.nio.ch.SelectorImpl.select(SelectorImpl.java:141)
	at app//org.apache.ratis.thirdparty.io.netty.channel.nio.SelectedSelectionKeySetSelector.select(SelectedSelectionKeySetSelector.java:68)
	at app//org.apache.ratis.thirdparty.io.netty.channel.nio.NioEventLoop.select(NioEventLoop.java:879)
	at app//org.apache.ratis.thirdparty.io.netty.channel.nio.NioEventLoop.run(NioEventLoop.java:526)
	at app//org.apache.ratis.thirdparty.io.netty.util.concurrent.SingleThreadEventExecutor$4.run(SingleThreadEventExecutor.java:997)
	...


"NettyClientStreamRpc-workerGroup--thread4" daemon prio=5 Id=659 RUNNABLE (in native)
	at java.base@11.0.19/sun.nio.ch.EPoll.wait(Native Method)
	at java.base@11.0.19/sun.nio.ch.EPollSelectorImpl.doSelect(EPollSelectorImpl.java:120)
	at java.base@11.0.19/sun.nio.ch.SelectorImpl.lockAndDoSelect(SelectorImpl.java:124)
	-  locked org.apache.ratis.thirdparty.io.netty.channel.nio.SelectedSelectionKeySet@6c130c45
	-  locked sun.nio.ch.EPollSelectorImpl@50ad3bc1
	at java.base@11.0.19/sun.nio.ch.SelectorImpl.select(SelectorImpl.java:141)
	at app//org.apache.ratis.thirdparty.io.netty.channel.nio.SelectedSelectionKeySetSelector.select(SelectedSelectionKeySetSelector.java:68)
	at app//org.apache.ratis.thirdparty.io.netty.channel.nio.NioEventLoop.select(NioEventLoop.java:879)
	at app//org.apache.ratis.thirdparty.io.netty.channel.nio.NioEventLoop.run(NioEventLoop.java:526)
	at app//org.apache.ratis.thirdparty.io.netty.util.concurrent.SingleThreadEventExecutor$4.run(SingleThreadEventExecutor.java:997)
	...


"NettyClientStreamRpc-workerGroup--thread4" daemon prio=5 Id=658 RUNNABLE (in native)
	at java.base@11.0.19/sun.nio.ch.EPoll.wait(Native Method)
	at java.base@11.0.19/sun.nio.ch.EPollSelectorImpl.doSelect(EPollSelectorImpl.java:120)
	at java.base@11.0.19/sun.nio.ch.SelectorImpl.lockAndDoSelect(SelectorImpl.java:124)
	-  locked org.apache.ratis.thirdparty.io.netty.channel.nio.SelectedSelectionKeySet@223aa2f7
	-  locked sun.nio.ch.EPollSelectorImpl@6d3a388c
	at java.base@11.0.19/sun.nio.ch.SelectorImpl.select(SelectorImpl.java:141)
	at app//org.apache.ratis.thirdparty.io.netty.channel.nio.SelectedSelectionKeySetSelector.select(SelectedSelectionKeySetSelector.java:68)
	at app//org.apache.ratis.thirdparty.io.netty.channel.nio.NioEventLoop.select(NioEventLoop.java:879)
	at app//org.apache.ratis.thirdparty.io.netty.channel.nio.NioEventLoop.run(NioEventLoop.java:526)
	at app//org.apache.ratis.thirdparty.io.netty.util.concurrent.SingleThreadEventExecutor$4.run(SingleThreadEventExecutor.java:997)
	...


"NettyClientStreamRpc-workerGroup--thread3" daemon prio=5 Id=686 RUNNABLE (in native)
	at java.base@11.0.19/sun.nio.ch.EPoll.wait(Native Method)
	at java.base@11.0.19/sun.nio.ch.EPollSelectorImpl.doSelect(EPollSelectorImpl.java:120)
	at java.base@11.0.19/sun.nio.ch.SelectorImpl.lockAndDoSelect(SelectorImpl.java:124)
	-  locked org.apache.ratis.thirdparty.io.netty.channel.nio.SelectedSelectionKeySet@193f604a
	-  locked sun.nio.ch.EPollSelectorImpl@20f5239f
	at java.base@11.0.19/sun.nio.ch.SelectorImpl.select(SelectorImpl.java:141)
	at app//org.apache.ratis.thirdparty.io.netty.channel.nio.SelectedSelectionKeySetSelector.select(SelectedSelectionKeySetSelector.java:68)
	at app//org.apache.ratis.thirdparty.io.netty.channel.nio.NioEventLoop.select(NioEventLoop.java:879)
	at app//org.apache.ratis.thirdparty.io.netty.channel.nio.NioEventLoop.run(NioEventLoop.java:526)
	at app//org.apache.ratis.thirdparty.io.netty.util.concurrent.SingleThreadEventExecutor$4.run(SingleThreadEventExecutor.java:997)
	...


"NettyClientStreamRpc-workerGroup--thread3" daemon prio=5 Id=684 RUNNABLE (in native)
	at java.base@11.0.19/sun.nio.ch.EPoll.wait(Native Method)
	at java.base@11.0.19/sun.nio.ch.EPollSelectorImpl.doSelect(EPollSelectorImpl.java:120)
	at java.base@11.0.19/sun.nio.ch.SelectorImpl.lockAndDoSelect(SelectorImpl.java:124)
	-  locked org.apache.ratis.thirdparty.io.netty.channel.nio.SelectedSelectionKeySet@57af006c
	-  locked sun.nio.ch.EPollSelectorImpl@6bedbc4d
	at java.base@11.0.19/sun.nio.ch.SelectorImpl.select(SelectorImpl.java:141)
	at app//org.apache.ratis.thirdparty.io.netty.channel.nio.SelectedSelectionKeySetSelector.select(SelectedSelectionKeySetSelector.java:68)
	at app//org.apache.ratis.thirdparty.io.netty.channel.nio.NioEventLoop.select(NioEventLoop.java:879)
	at app//org.apache.ratis.thirdparty.io.netty.channel.nio.NioEventLoop.run(NioEventLoop.java:526)
	at app//org.apache.ratis.thirdparty.io.netty.util.concurrent.SingleThreadEventExecutor$4.run(SingleThreadEventExecutor.java:997)
	...


"NettyClientStreamRpc-workerGroup--thread3" daemon prio=5 Id=683 RUNNABLE (in native)
	at java.base@11.0.19/sun.nio.ch.EPoll.wait(Native Method)
	at java.base@11.0.19/sun.nio.ch.EPollSelectorImpl.doSelect(EPollSelectorImpl.java:120)
	at java.base@11.0.19/sun.nio.ch.SelectorImpl.lockAndDoSelect(SelectorImpl.java:124)
	-  locked org.apache.ratis.thirdparty.io.netty.channel.nio.SelectedSelectionKeySet@932bc4a
	-  locked sun.nio.ch.EPollSelectorImpl@d29f28
	at java.base@11.0.19/sun.nio.ch.SelectorImpl.select(SelectorImpl.java:141)
	at app//org.apache.ratis.thirdparty.io.netty.channel.nio.SelectedSelectionKeySetSelector.select(SelectedSelectionKeySetSelector.java:68)
	at app//org.apache.ratis.thirdparty.io.netty.channel.nio.NioEventLoop.select(NioEventLoop.java:879)
	at app//org.apache.ratis.thirdparty.io.netty.channel.nio.NioEventLoop.run(NioEventLoop.java:526)
	at app//org.apache.ratis.thirdparty.io.netty.util.concurrent.SingleThreadEventExecutor$4.run(SingleThreadEventExecutor.java:997)
	...


"NettyClientStreamRpc-workerGroup--thread3" daemon prio=5 Id=682 RUNNABLE (in native)
	at java.base@11.0.19/sun.nio.ch.EPoll.wait(Native Method)
	at java.base@11.0.19/sun.nio.ch.EPollSelectorImpl.doSelect(EPollSelectorImpl.java:120)
	at java.base@11.0.19/sun.nio.ch.SelectorImpl.lockAndDoSelect(SelectorImpl.java:124)
	-  locked org.apache.ratis.thirdparty.io.netty.channel.nio.SelectedSelectionKeySet@2fd1433e
	-  locked sun.nio.ch.EPollSelectorImpl@29d89d5d
	at java.base@11.0.19/sun.nio.ch.SelectorImpl.select(SelectorImpl.java:141)
	at app//org.apache.ratis.thirdparty.io.netty.channel.nio.SelectedSelectionKeySetSelector.select(SelectedSelectionKeySetSelector.java:68)
	at app//org.apache.ratis.thirdparty.io.netty.channel.nio.NioEventLoop.select(NioEventLoop.java:879)
	at app//org.apache.ratis.thirdparty.io.netty.channel.nio.NioEventLoop.run(NioEventLoop.java:526)
	at app//org.apache.ratis.thirdparty.io.netty.util.concurrent.SingleThreadEventExecutor$4.run(SingleThreadEventExecutor.java:997)
	...


"NettyClientStreamRpc-workerGroup--thread3" daemon prio=5 Id=681 RUNNABLE (in native)
	at java.base@11.0.19/sun.nio.ch.EPoll.wait(Native Method)
	at java.base@11.0.19/sun.nio.ch.EPollSelectorImpl.doSelect(EPollSelectorImpl.java:120)
	at java.base@11.0.19/sun.nio.ch.SelectorImpl.lockAndDoSelect(SelectorImpl.java:124)
	-  locked org.apache.ratis.thirdparty.io.netty.channel.nio.SelectedSelectionKeySet@3514a4c0
	-  locked sun.nio.ch.EPollSelectorImpl@212b5695
	at java.base@11.0.19/sun.nio.ch.SelectorImpl.select(SelectorImpl.java:141)
	at app//org.apache.ratis.thirdparty.io.netty.channel.nio.SelectedSelectionKeySetSelector.select(SelectedSelectionKeySetSelector.java:68)
	at app//org.apache.ratis.thirdparty.io.netty.channel.nio.NioEventLoop.select(NioEventLoop.java:879)
	at app//org.apache.ratis.thirdparty.io.netty.channel.nio.NioEventLoop.run(NioEventLoop.java:526)
	at app//org.apache.ratis.thirdparty.io.netty.util.concurrent.SingleThreadEventExecutor$4.run(SingleThreadEventExecutor.java:997)
	...


"NettyClientStreamRpc-workerGroup--thread3" daemon prio=5 Id=680 RUNNABLE (in native)
	at java.base@11.0.19/sun.nio.ch.EPoll.wait(Native Method)
	at java.base@11.0.19/sun.nio.ch.EPollSelectorImpl.doSelect(EPollSelectorImpl.java:120)
	at java.base@11.0.19/sun.nio.ch.SelectorImpl.lockAndDoSelect(SelectorImpl.java:124)
	-  locked org.apache.ratis.thirdparty.io.netty.channel.nio.SelectedSelectionKeySet@446293d
	-  locked sun.nio.ch.EPollSelectorImpl@69997e9d
	at java.base@11.0.19/sun.nio.ch.SelectorImpl.select(SelectorImpl.java:141)
	at app//org.apache.ratis.thirdparty.io.netty.channel.nio.SelectedSelectionKeySetSelector.select(SelectedSelectionKeySetSelector.java:68)
	at app//org.apache.ratis.thirdparty.io.netty.channel.nio.NioEventLoop.select(NioEventLoop.java:879)
	at app//org.apache.ratis.thirdparty.io.netty.channel.nio.NioEventLoop.run(NioEventLoop.java:526)
	at app//org.apache.ratis.thirdparty.io.netty.util.concurrent.SingleThreadEventExecutor$4.run(SingleThreadEventExecutor.java:997)
	...


"NettyClientStreamRpc-workerGroup--thread3" daemon prio=5 Id=679 RUNNABLE (in native)
	at java.base@11.0.19/sun.nio.ch.EPoll.wait(Native Method)
	at java.base@11.0.19/sun.nio.ch.EPollSelectorImpl.doSelect(EPollSelectorImpl.java:120)
	at java.base@11.0.19/sun.nio.ch.SelectorImpl.lockAndDoSelect(SelectorImpl.java:124)
	-  locked org.apache.ratis.thirdparty.io.netty.channel.nio.SelectedSelectionKeySet@793be5ca
	-  locked sun.nio.ch.EPollSelectorImpl@2df9b86
	at java.base@11.0.19/sun.nio.ch.SelectorImpl.select(SelectorImpl.java:141)
	at app//org.apache.ratis.thirdparty.io.netty.channel.nio.SelectedSelectionKeySetSelector.select(SelectedSelectionKeySetSelector.java:68)
	at app//org.apache.ratis.thirdparty.io.netty.channel.nio.NioEventLoop.select(NioEventLoop.java:879)
	at app//org.apache.ratis.thirdparty.io.netty.channel.nio.NioEventLoop.run(NioEventLoop.java:526)
	at app//org.apache.ratis.thirdparty.io.netty.util.concurrent.SingleThreadEventExecutor$4.run(SingleThreadEventExecutor.java:997)
	...


"NettyClientStreamRpc-workerGroup--thread3" daemon prio=5 Id=678 RUNNABLE (in native)
	at java.base@11.0.19/sun.nio.ch.EPoll.wait(Native Method)
	at java.base@11.0.19/sun.nio.ch.EPollSelectorImpl.doSelect(EPollSelectorImpl.java:120)
	at java.base@11.0.19/sun.nio.ch.SelectorImpl.lockAndDoSelect(SelectorImpl.java:124)
	-  locked org.apache.ratis.thirdparty.io.netty.channel.nio.SelectedSelectionKeySet@37654521
	-  locked sun.nio.ch.EPollSelectorImpl@15aab8c6
	at java.base@11.0.19/sun.nio.ch.SelectorImpl.select(SelectorImpl.java:141)
	at app//org.apache.ratis.thirdparty.io.netty.channel.nio.SelectedSelectionKeySetSelector.select(SelectedSelectionKeySetSelector.java:68)
	at app//org.apache.ratis.thirdparty.io.netty.channel.nio.NioEventLoop.select(NioEventLoop.java:879)
	at app//org.apache.ratis.thirdparty.io.netty.channel.nio.NioEventLoop.run(NioEventLoop.java:526)
	at app//org.apache.ratis.thirdparty.io.netty.util.concurrent.SingleThreadEventExecutor$4.run(SingleThreadEventExecutor.java:997)
	...


"NettyClientStreamRpc-workerGroup--thread3" daemon prio=5 Id=677 RUNNABLE (in native)
	at java.base@11.0.19/sun.nio.ch.EPoll.wait(Native Method)
	at java.base@11.0.19/sun.nio.ch.EPollSelectorImpl.doSelect(EPollSelectorImpl.java:120)
	at java.base@11.0.19/sun.nio.ch.SelectorImpl.lockAndDoSelect(SelectorImpl.java:124)
	-  locked org.apache.ratis.thirdparty.io.netty.channel.nio.SelectedSelectionKeySet@33990a0c
	-  locked sun.nio.ch.EPollSelectorImpl@4de4b452
	at java.base@11.0.19/sun.nio.ch.SelectorImpl.select(SelectorImpl.java:141)
	at app//org.apache.ratis.thirdparty.io.netty.channel.nio.SelectedSelectionKeySetSelector.select(SelectedSelectionKeySetSelector.java:68)
	at app//org.apache.ratis.thirdparty.io.netty.channel.nio.NioEventLoop.select(NioEventLoop.java:879)
	at app//org.apache.ratis.thirdparty.io.netty.channel.nio.NioEventLoop.run(NioEventLoop.java:526)
	at app//org.apache.ratis.thirdparty.io.netty.util.concurrent.SingleThreadEventExecutor$4.run(SingleThreadEventExecutor.java:997)
	...


"NettyClientStreamRpc-workerGroup--thread3" daemon prio=5 Id=676 RUNNABLE (in native)
	at java.base@11.0.19/sun.nio.ch.EPoll.wait(Native Method)
	at java.base@11.0.19/sun.nio.ch.EPollSelectorImpl.doSelect(EPollSelectorImpl.java:120)
	at java.base@11.0.19/sun.nio.ch.SelectorImpl.lockAndDoSelect(SelectorImpl.java:124)
	-  locked org.apache.ratis.thirdparty.io.netty.channel.nio.SelectedSelectionKeySet@50b5ac82
	-  locked sun.nio.ch.EPollSelectorImpl@101952da
	at java.base@11.0.19/sun.nio.ch.SelectorImpl.select(SelectorImpl.java:141)
	at app//org.apache.ratis.thirdparty.io.netty.channel.nio.SelectedSelectionKeySetSelector.select(SelectedSelectionKeySetSelector.java:68)
	at app//org.apache.ratis.thirdparty.io.netty.channel.nio.NioEventLoop.select(NioEventLoop.java:879)
	at app//org.apache.ratis.thirdparty.io.netty.channel.nio.NioEventLoop.run(NioEventLoop.java:526)
	at app//org.apache.ratis.thirdparty.io.netty.util.concurrent.SingleThreadEventExecutor$4.run(SingleThreadEventExecutor.java:997)
	...


"NettyClientStreamRpc-workerGroup--thread4" daemon prio=5 Id=675 RUNNABLE (in native)
	at java.base@11.0.19/sun.nio.ch.EPoll.wait(Native Method)
	at java.base@11.0.19/sun.nio.ch.EPollSelectorImpl.doSelect(EPollSelectorImpl.java:120)
	at java.base@11.0.19/sun.nio.ch.SelectorImpl.lockAndDoSelect(SelectorImpl.java:124)
	-  locked org.apache.ratis.thirdparty.io.netty.channel.nio.SelectedSelectionKeySet@6babf3bf
	-  locked sun.nio.ch.EPollSelectorImpl@3059cbc
	at java.base@11.0.19/sun.nio.ch.SelectorImpl.select(SelectorImpl.java:141)
	at app//org.apache.ratis.thirdparty.io.netty.channel.nio.SelectedSelectionKeySetSelector.select(SelectedSelectionKeySetSelector.java:68)
	at app//org.apache.ratis.thirdparty.io.netty.channel.nio.NioEventLoop.select(NioEventLoop.java:879)
	at app//org.apache.ratis.thirdparty.io.netty.channel.nio.NioEventLoop.run(NioEventLoop.java:526)
	at app//org.apache.ratis.thirdparty.io.netty.util.concurrent.SingleThreadEventExecutor$4.run(SingleThreadEventExecutor.java:997)
	...


"NettyClientStreamRpc-workerGroup--thread3" daemon prio=5 Id=674 RUNNABLE (in native)
	at java.base@11.0.19/sun.nio.ch.EPoll.wait(Native Method)
	at java.base@11.0.19/sun.nio.ch.EPollSelectorImpl.doSelect(EPollSelectorImpl.java:120)
	at java.base@11.0.19/sun.nio.ch.SelectorImpl.lockAndDoSelect(SelectorImpl.java:124)
	-  locked org.apache.ratis.thirdparty.io.netty.channel.nio.SelectedSelectionKeySet@7ea9e1e2
	-  locked sun.nio.ch.EPollSelectorImpl@24fcf36f
	at java.base@11.0.19/sun.nio.ch.SelectorImpl.select(SelectorImpl.java:141)
	at app//org.apache.ratis.thirdparty.io.netty.channel.nio.SelectedSelectionKeySetSelector.select(SelectedSelectionKeySetSelector.java:68)
	at app//org.apache.ratis.thirdparty.io.netty.channel.nio.NioEventLoop.select(NioEventLoop.java:879)
	at app//org.apache.ratis.thirdparty.io.netty.channel.nio.NioEventLoop.run(NioEventLoop.java:526)
	at app//org.apache.ratis.thirdparty.io.netty.util.concurrent.SingleThreadEventExecutor$4.run(SingleThreadEventExecutor.java:997)
	...


"NettyClientStreamRpc-workerGroup--thread3" daemon prio=5 Id=673 RUNNABLE (in native)
	at java.base@11.0.19/sun.nio.ch.EPoll.wait(Native Method)
	at java.base@11.0.19/sun.nio.ch.EPollSelectorImpl.doSelect(EPollSelectorImpl.java:120)
	at java.base@11.0.19/sun.nio.ch.SelectorImpl.lockAndDoSelect(SelectorImpl.java:124)
	-  locked org.apache.ratis.thirdparty.io.netty.channel.nio.SelectedSelectionKeySet@10feca44
	-  locked sun.nio.ch.EPollSelectorImpl@3fb1549b
	at java.base@11.0.19/sun.nio.ch.SelectorImpl.select(SelectorImpl.java:141)
	at app//org.apache.ratis.thirdparty.io.netty.channel.nio.SelectedSelectionKeySetSelector.select(SelectedSelectionKeySetSelector.java:68)
	at app//org.apache.ratis.thirdparty.io.netty.channel.nio.NioEventLoop.select(NioEventLoop.java:879)
	at app//org.apache.ratis.thirdparty.io.netty.channel.nio.NioEventLoop.run(NioEventLoop.java:526)
	at app//org.apache.ratis.thirdparty.io.netty.util.concurrent.SingleThreadEventExecutor$4.run(SingleThreadEventExecutor.java:997)
	...


"NettyClientStreamRpc-workerGroup--thread4" daemon prio=5 Id=672 RUNNABLE (in native)
	at java.base@11.0.19/sun.nio.ch.EPoll.wait(Native Method)
	at java.base@11.0.19/sun.nio.ch.EPollSelectorImpl.doSelect(EPollSelectorImpl.java:120)
	at java.base@11.0.19/sun.nio.ch.SelectorImpl.lockAndDoSelect(SelectorImpl.java:124)
	-  locked org.apache.ratis.thirdparty.io.netty.channel.nio.SelectedSelectionKeySet@ea6147e
	-  locked sun.nio.ch.EPollSelectorImpl@4d02f94e
	at java.base@11.0.19/sun.nio.ch.SelectorImpl.select(SelectorImpl.java:141)
	at app//org.apache.ratis.thirdparty.io.netty.channel.nio.SelectedSelectionKeySetSelector.select(SelectedSelectionKeySetSelector.java:68)
	at app//org.apache.ratis.thirdparty.io.netty.channel.nio.NioEventLoop.select(NioEventLoop.java:879)
	at app//org.apache.ratis.thirdparty.io.netty.channel.nio.NioEventLoop.run(NioEventLoop.java:526)
	at app//org.apache.ratis.thirdparty.io.netty.util.concurrent.SingleThreadEventExecutor$4.run(SingleThreadEventExecutor.java:997)
	...


"NettyClientStreamRpc-workerGroup--thread3" daemon prio=5 Id=687 RUNNABLE (in native)
	at java.base@11.0.19/sun.nio.ch.EPoll.wait(Native Method)
	at java.base@11.0.19/sun.nio.ch.EPollSelectorImpl.doSelect(EPollSelectorImpl.java:120)
	at java.base@11.0.19/sun.nio.ch.SelectorImpl.lockAndDoSelect(SelectorImpl.java:124)
	-  locked org.apache.ratis.thirdparty.io.netty.channel.nio.SelectedSelectionKeySet@2b48a640
	-  locked sun.nio.ch.EPollSelectorImpl@1e683a3e
	at java.base@11.0.19/sun.nio.ch.SelectorImpl.select(SelectorImpl.java:141)
	at app//org.apache.ratis.thirdparty.io.netty.channel.nio.SelectedSelectionKeySetSelector.select(SelectedSelectionKeySetSelector.java:68)
	at app//org.apache.ratis.thirdparty.io.netty.channel.nio.NioEventLoop.select(NioEventLoop.java:879)
	at app//org.apache.ratis.thirdparty.io.netty.channel.nio.NioEventLoop.run(NioEventLoop.java:526)
	at app//org.apache.ratis.thirdparty.io.netty.util.concurrent.SingleThreadEventExecutor$4.run(SingleThreadEventExecutor.java:997)
	...


"NettyClientStreamRpc-workerGroup--thread4" daemon prio=5 Id=688 RUNNABLE (in native)
	at java.base@11.0.19/sun.nio.ch.EPoll.wait(Native Method)
	at java.base@11.0.19/sun.nio.ch.EPollSelectorImpl.doSelect(EPollSelectorImpl.java:120)
	at java.base@11.0.19/sun.nio.ch.SelectorImpl.lockAndDoSelect(SelectorImpl.java:124)
	-  locked org.apache.ratis.thirdparty.io.netty.channel.nio.SelectedSelectionKeySet@2053d869
	-  locked sun.nio.ch.EPollSelectorImpl@7a419da4
	at java.base@11.0.19/sun.nio.ch.SelectorImpl.select(SelectorImpl.java:141)
	at app//org.apache.ratis.thirdparty.io.netty.channel.nio.SelectedSelectionKeySetSelector.select(SelectedSelectionKeySetSelector.java:68)
	at app//org.apache.ratis.thirdparty.io.netty.channel.nio.NioEventLoop.select(NioEventLoop.java:879)
	at app//org.apache.ratis.thirdparty.io.netty.channel.nio.NioEventLoop.run(NioEventLoop.java:526)
	at app//org.apache.ratis.thirdparty.io.netty.util.concurrent.SingleThreadEventExecutor$4.run(SingleThreadEventExecutor.java:997)
	...


"NettyClientStreamRpc-workerGroup--thread4" daemon prio=5 Id=691 RUNNABLE (in native)
	at java.base@11.0.19/sun.nio.ch.EPoll.wait(Native Method)
	at java.base@11.0.19/sun.nio.ch.EPollSelectorImpl.doSelect(EPollSelectorImpl.java:120)
	at java.base@11.0.19/sun.nio.ch.SelectorImpl.lockAndDoSelect(SelectorImpl.java:124)
	-  locked org.apache.ratis.thirdparty.io.netty.channel.nio.SelectedSelectionKeySet@14555e0a
	-  locked sun.nio.ch.EPollSelectorImpl@4bb33f74
	at java.base@11.0.19/sun.nio.ch.SelectorImpl.select(SelectorImpl.java:141)
	at app//org.apache.ratis.thirdparty.io.netty.channel.nio.SelectedSelectionKeySetSelector.select(SelectedSelectionKeySetSelector.java:68)
	at app//org.apache.ratis.thirdparty.io.netty.channel.nio.NioEventLoop.select(NioEventLoop.java:879)
	at app//org.apache.ratis.thirdparty.io.netty.channel.nio.NioEventLoop.run(NioEventLoop.java:526)
	at app//org.apache.ratis.thirdparty.io.netty.util.concurrent.SingleThreadEventExecutor$4.run(SingleThreadEventExecutor.java:997)
	...


"NettyClientStreamRpc-workerGroup--thread4" daemon prio=5 Id=690 RUNNABLE (in native)
	at java.base@11.0.19/sun.nio.ch.EPoll.wait(Native Method)
	at java.base@11.0.19/sun.nio.ch.EPollSelectorImpl.doSelect(EPollSelectorImpl.java:120)
	at java.base@11.0.19/sun.nio.ch.SelectorImpl.lockAndDoSelect(SelectorImpl.java:124)
	-  locked org.apache.ratis.thirdparty.io.netty.channel.nio.SelectedSelectionKeySet@759d26fb
	-  locked sun.nio.ch.EPollSelectorImpl@3c73951
	at java.base@11.0.19/sun.nio.ch.SelectorImpl.select(SelectorImpl.java:141)
	at app//org.apache.ratis.thirdparty.io.netty.channel.nio.SelectedSelectionKeySetSelector.select(SelectedSelectionKeySetSelector.java:68)
	at app//org.apache.ratis.thirdparty.io.netty.channel.nio.NioEventLoop.select(NioEventLoop.java:879)
	at app//org.apache.ratis.thirdparty.io.netty.channel.nio.NioEventLoop.run(NioEventLoop.java:526)
	at app//org.apache.ratis.thirdparty.io.netty.util.concurrent.SingleThreadEventExecutor$4.run(SingleThreadEventExecutor.java:997)
	...


"NettyClientStreamRpc-workerGroup--thread4" daemon prio=5 Id=689 RUNNABLE (in native)
	at java.base@11.0.19/sun.nio.ch.EPoll.wait(Native Method)
	at java.base@11.0.19/sun.nio.ch.EPollSelectorImpl.doSelect(EPollSelectorImpl.java:120)
	at java.base@11.0.19/sun.nio.ch.SelectorImpl.lockAndDoSelect(SelectorImpl.java:124)
	-  locked org.apache.ratis.thirdparty.io.netty.channel.nio.SelectedSelectionKeySet@3d5c822d
	-  locked sun.nio.ch.EPollSelectorImpl@6f46426d
	at java.base@11.0.19/sun.nio.ch.SelectorImpl.select(SelectorImpl.java:141)
	at app//org.apache.ratis.thirdparty.io.netty.channel.nio.SelectedSelectionKeySetSelector.select(SelectedSelectionKeySetSelector.java:68)
	at app//org.apache.ratis.thirdparty.io.netty.channel.nio.NioEventLoop.select(NioEventLoop.java:879)
	at app//org.apache.ratis.thirdparty.io.netty.channel.nio.NioEventLoop.run(NioEventLoop.java:526)
	at app//org.apache.ratis.thirdparty.io.netty.util.concurrent.SingleThreadEventExecutor$4.run(SingleThreadEventExecutor.java:997)
	...


"NettyClientStreamRpc-workerGroup--thread3" daemon prio=5 Id=692 RUNNABLE (in native)
	at java.base@11.0.19/sun.nio.ch.EPoll.wait(Native Method)
	at java.base@11.0.19/sun.nio.ch.EPollSelectorImpl.doSelect(EPollSelectorImpl.java:120)
	at java.base@11.0.19/sun.nio.ch.SelectorImpl.lockAndDoSelect(SelectorImpl.java:124)
	-  locked org.apache.ratis.thirdparty.io.netty.channel.nio.SelectedSelectionKeySet@73700b80
	-  locked sun.nio.ch.EPollSelectorImpl@49c7b90e
	at java.base@11.0.19/sun.nio.ch.SelectorImpl.select(SelectorImpl.java:141)
	at app//org.apache.ratis.thirdparty.io.netty.channel.nio.SelectedSelectionKeySetSelector.select(SelectedSelectionKeySetSelector.java:68)
	at app//org.apache.ratis.thirdparty.io.netty.channel.nio.NioEventLoop.select(NioEventLoop.java:879)
	at app//org.apache.ratis.thirdparty.io.netty.channel.nio.NioEventLoop.run(NioEventLoop.java:526)
	at app//org.apache.ratis.thirdparty.io.netty.util.concurrent.SingleThreadEventExecutor$4.run(SingleThreadEventExecutor.java:997)
	...


"NettyClientStreamRpc-workerGroup--thread3" daemon prio=5 Id=693 RUNNABLE (in native)
	at java.base@11.0.19/sun.nio.ch.EPoll.wait(Native Method)
	at java.base@11.0.19/sun.nio.ch.EPollSelectorImpl.doSelect(EPollSelectorImpl.java:120)
	at java.base@11.0.19/sun.nio.ch.SelectorImpl.lockAndDoSelect(SelectorImpl.java:124)
	-  locked org.apache.ratis.thirdparty.io.netty.channel.nio.SelectedSelectionKeySet@10d307f1
	-  locked sun.nio.ch.EPollSelectorImpl@4d5b6aac
	at java.base@11.0.19/sun.nio.ch.SelectorImpl.select(SelectorImpl.java:141)
	at app//org.apache.ratis.thirdparty.io.netty.channel.nio.SelectedSelectionKeySetSelector.select(SelectedSelectionKeySetSelector.java:68)
	at app//org.apache.ratis.thirdparty.io.netty.channel.nio.NioEventLoop.select(NioEventLoop.java:879)
	at app//org.apache.ratis.thirdparty.io.netty.channel.nio.NioEventLoop.run(NioEventLoop.java:526)
	at app//org.apache.ratis.thirdparty.io.netty.util.concurrent.SingleThreadEventExecutor$4.run(SingleThreadEventExecutor.java:997)
	...


"NettyClientStreamRpc-workerGroup--thread4" daemon prio=5 Id=694 RUNNABLE (in native)
	at java.base@11.0.19/sun.nio.ch.EPoll.wait(Native Method)
	at java.base@11.0.19/sun.nio.ch.EPollSelectorImpl.doSelect(EPollSelectorImpl.java:120)
	at java.base@11.0.19/sun.nio.ch.SelectorImpl.lockAndDoSelect(SelectorImpl.java:124)
	-  locked org.apache.ratis.thirdparty.io.netty.channel.nio.SelectedSelectionKeySet@3e84448c
	-  locked sun.nio.ch.EPollSelectorImpl@4a7f959b
	at java.base@11.0.19/sun.nio.ch.SelectorImpl.select(SelectorImpl.java:141)
	at app//org.apache.ratis.thirdparty.io.netty.channel.nio.SelectedSelectionKeySetSelector.select(SelectedSelectionKeySetSelector.java:68)
	at app//org.apache.ratis.thirdparty.io.netty.channel.nio.NioEventLoop.select(NioEventLoop.java:879)
	at app//org.apache.ratis.thirdparty.io.netty.channel.nio.NioEventLoop.run(NioEventLoop.java:526)
	at app//org.apache.ratis.thirdparty.io.netty.util.concurrent.SingleThreadEventExecutor$4.run(SingleThreadEventExecutor.java:997)
	...


"NettyClientStreamRpc-workerGroup--thread4" daemon prio=5 Id=695 RUNNABLE (in native)
	at java.base@11.0.19/sun.nio.ch.EPoll.wait(Native Method)
	at java.base@11.0.19/sun.nio.ch.EPollSelectorImpl.doSelect(EPollSelectorImpl.java:120)
	at java.base@11.0.19/sun.nio.ch.SelectorImpl.lockAndDoSelect(SelectorImpl.java:124)
	-  locked org.apache.ratis.thirdparty.io.netty.channel.nio.SelectedSelectionKeySet@429bffaa
	-  locked sun.nio.ch.EPollSelectorImpl@5403f35f
	at java.base@11.0.19/sun.nio.ch.SelectorImpl.select(SelectorImpl.java:141)
	at app//org.apache.ratis.thirdparty.io.netty.channel.nio.SelectedSelectionKeySetSelector.select(SelectedSelectionKeySetSelector.java:68)
	at app//org.apache.ratis.thirdparty.io.netty.channel.nio.NioEventLoop.select(NioEventLoop.java:879)
	at app//org.apache.ratis.thirdparty.io.netty.channel.nio.NioEventLoop.run(NioEventLoop.java:526)
	at app//org.apache.ratis.thirdparty.io.netty.util.concurrent.SingleThreadEventExecutor$4.run(SingleThreadEventExecutor.java:997)
	...


"NettyClientStreamRpc-workerGroup--thread4" daemon prio=5 Id=696 RUNNABLE (in native)
	at java.base@11.0.19/sun.nio.ch.EPoll.wait(Native Method)
	at java.base@11.0.19/sun.nio.ch.EPollSelectorImpl.doSelect(EPollSelectorImpl.java:120)
	at java.base@11.0.19/sun.nio.ch.SelectorImpl.lockAndDoSelect(SelectorImpl.java:124)
	-  locked org.apache.ratis.thirdparty.io.netty.channel.nio.SelectedSelectionKeySet@483f6d77
	-  locked sun.nio.ch.EPollSelectorImpl@7e5afaa6
	at java.base@11.0.19/sun.nio.ch.SelectorImpl.select(SelectorImpl.java:141)
	at app//org.apache.ratis.thirdparty.io.netty.channel.nio.SelectedSelectionKeySetSelector.select(SelectedSelectionKeySetSelector.java:68)
	at app//org.apache.ratis.thirdparty.io.netty.channel.nio.NioEventLoop.select(NioEventLoop.java:879)
	at app//org.apache.ratis.thirdparty.io.netty.channel.nio.NioEventLoop.run(NioEventLoop.java:526)
	at app//org.apache.ratis.thirdparty.io.netty.util.concurrent.SingleThreadEventExecutor$4.run(SingleThreadEventExecutor.java:997)
	...


"NettyClientStreamRpc-workerGroup--thread4" daemon prio=5 Id=697 RUNNABLE (in native)
	at java.base@11.0.19/sun.nio.ch.EPoll.wait(Native Method)
	at java.base@11.0.19/sun.nio.ch.EPollSelectorImpl.doSelect(EPollSelectorImpl.java:120)
	at java.base@11.0.19/sun.nio.ch.SelectorImpl.lockAndDoSelect(SelectorImpl.java:124)
	-  locked org.apache.ratis.thirdparty.io.netty.channel.nio.SelectedSelectionKeySet@63a12c68
	-  locked sun.nio.ch.EPollSelectorImpl@28f3b248
	at java.base@11.0.19/sun.nio.ch.SelectorImpl.select(SelectorImpl.java:141)
	at app//org.apache.ratis.thirdparty.io.netty.channel.nio.SelectedSelectionKeySetSelector.select(SelectedSelectionKeySetSelector.java:68)
	at app//org.apache.ratis.thirdparty.io.netty.channel.nio.NioEventLoop.select(NioEventLoop.java:879)
	at app//org.apache.ratis.thirdparty.io.netty.channel.nio.NioEventLoop.run(NioEventLoop.java:526)
	at app//org.apache.ratis.thirdparty.io.netty.util.concurrent.SingleThreadEventExecutor$4.run(SingleThreadEventExecutor.java:997)
	...


"NettyClientStreamRpc-workerGroup--thread4" daemon prio=5 Id=698 RUNNABLE (in native)
	at java.base@11.0.19/sun.nio.ch.EPoll.wait(Native Method)
	at java.base@11.0.19/sun.nio.ch.EPollSelectorImpl.doSelect(EPollSelectorImpl.java:120)
	at java.base@11.0.19/sun.nio.ch.SelectorImpl.lockAndDoSelect(SelectorImpl.java:124)
	-  locked org.apache.ratis.thirdparty.io.netty.channel.nio.SelectedSelectionKeySet@1b1426f4
	-  locked sun.nio.ch.EPollSelectorImpl@32b260fa
	at java.base@11.0.19/sun.nio.ch.SelectorImpl.select(SelectorImpl.java:141)
	at app//org.apache.ratis.thirdparty.io.netty.channel.nio.SelectedSelectionKeySetSelector.select(SelectedSelectionKeySetSelector.java:68)
	at app//org.apache.ratis.thirdparty.io.netty.channel.nio.NioEventLoop.select(NioEventLoop.java:879)
	at app//org.apache.ratis.thirdparty.io.netty.channel.nio.NioEventLoop.run(NioEventLoop.java:526)
	at app//org.apache.ratis.thirdparty.io.netty.util.concurrent.SingleThreadEventExecutor$4.run(SingleThreadEventExecutor.java:997)
	...


"NettyClientStreamRpc-workerGroup--thread4" daemon prio=5 Id=699 RUNNABLE (in native)
	at java.base@11.0.19/sun.nio.ch.EPoll.wait(Native Method)
	at java.base@11.0.19/sun.nio.ch.EPollSelectorImpl.doSelect(EPollSelectorImpl.java:120)
	at java.base@11.0.19/sun.nio.ch.SelectorImpl.lockAndDoSelect(SelectorImpl.java:124)
	-  locked org.apache.ratis.thirdparty.io.netty.channel.nio.SelectedSelectionKeySet@581ac8a8
	-  locked sun.nio.ch.EPollSelectorImpl@6d4e5011
	at java.base@11.0.19/sun.nio.ch.SelectorImpl.select(SelectorImpl.java:141)
	at app//org.apache.ratis.thirdparty.io.netty.channel.nio.SelectedSelectionKeySetSelector.select(SelectedSelectionKeySetSelector.java:68)
	at app//org.apache.ratis.thirdparty.io.netty.channel.nio.NioEventLoop.select(NioEventLoop.java:879)
	at app//org.apache.ratis.thirdparty.io.netty.channel.nio.NioEventLoop.run(NioEventLoop.java:526)
	at app//org.apache.ratis.thirdparty.io.netty.util.concurrent.SingleThreadEventExecutor$4.run(SingleThreadEventExecutor.java:997)
	...


"NettyClientStreamRpc-workerGroup--thread4" daemon prio=5 Id=703 RUNNABLE (in native)
	at java.base@11.0.19/sun.nio.ch.EPoll.wait(Native Method)
	at java.base@11.0.19/sun.nio.ch.EPollSelectorImpl.doSelect(EPollSelectorImpl.java:120)
	at java.base@11.0.19/sun.nio.ch.SelectorImpl.lockAndDoSelect(SelectorImpl.java:124)
	-  locked org.apache.ratis.thirdparty.io.netty.channel.nio.SelectedSelectionKeySet@57d7f8ca
	-  locked sun.nio.ch.EPollSelectorImpl@76c3e77a
	at java.base@11.0.19/sun.nio.ch.SelectorImpl.select(SelectorImpl.java:141)
	at app//org.apache.ratis.thirdparty.io.netty.channel.nio.SelectedSelectionKeySetSelector.select(SelectedSelectionKeySetSelector.java:68)
	at app//org.apache.ratis.thirdparty.io.netty.channel.nio.NioEventLoop.select(NioEventLoop.java:879)
	at app//org.apache.ratis.thirdparty.io.netty.channel.nio.NioEventLoop.run(NioEventLoop.java:526)
	at app//org.apache.ratis.thirdparty.io.netty.util.concurrent.SingleThreadEventExecutor$4.run(SingleThreadEventExecutor.java:997)
	...


"NettyClientStreamRpc-workerGroup--thread4" daemon prio=5 Id=702 RUNNABLE (in native)
	at java.base@11.0.19/sun.nio.ch.EPoll.wait(Native Method)
	at java.base@11.0.19/sun.nio.ch.EPollSelectorImpl.doSelect(EPollSelectorImpl.java:120)
	at java.base@11.0.19/sun.nio.ch.SelectorImpl.lockAndDoSelect(SelectorImpl.java:124)
	-  locked org.apache.ratis.thirdparty.io.netty.channel.nio.SelectedSelectionKeySet@78123e82
	-  locked sun.nio.ch.EPollSelectorImpl@67c33749
	at java.base@11.0.19/sun.nio.ch.SelectorImpl.select(SelectorImpl.java:141)
	at app//org.apache.ratis.thirdparty.io.netty.channel.nio.SelectedSelectionKeySetSelector.select(SelectedSelectionKeySetSelector.java:68)
	at app//org.apache.ratis.thirdparty.io.netty.channel.nio.NioEventLoop.select(NioEventLoop.java:879)
	at app//org.apache.ratis.thirdparty.io.netty.channel.nio.NioEventLoop.run(NioEventLoop.java:526)
	at app//org.apache.ratis.thirdparty.io.netty.util.concurrent.SingleThreadEventExecutor$4.run(SingleThreadEventExecutor.java:997)
	...


"NettyClientStreamRpc-workerGroup--thread4" daemon prio=5 Id=704 RUNNABLE (in native)
	at java.base@11.0.19/sun.nio.ch.EPoll.wait(Native Method)
	at java.base@11.0.19/sun.nio.ch.EPollSelectorImpl.doSelect(EPollSelectorImpl.java:120)
	at java.base@11.0.19/sun.nio.ch.SelectorImpl.lockAndDoSelect(SelectorImpl.java:124)
	-  locked org.apache.ratis.thirdparty.io.netty.channel.nio.SelectedSelectionKeySet@fba92d3
	-  locked sun.nio.ch.EPollSelectorImpl@662b4c69
	at java.base@11.0.19/sun.nio.ch.SelectorImpl.select(SelectorImpl.java:141)
	at app//org.apache.ratis.thirdparty.io.netty.channel.nio.SelectedSelectionKeySetSelector.select(SelectedSelectionKeySetSelector.java:68)
	at app//org.apache.ratis.thirdparty.io.netty.channel.nio.NioEventLoop.select(NioEventLoop.java:879)
	at app//org.apache.ratis.thirdparty.io.netty.channel.nio.NioEventLoop.run(NioEventLoop.java:526)
	at app//org.apache.ratis.thirdparty.io.netty.util.concurrent.SingleThreadEventExecutor$4.run(SingleThreadEventExecutor.java:997)
	...


"NettyClientStreamRpc-workerGroup--thread4" daemon prio=5 Id=705 RUNNABLE (in native)
	at java.base@11.0.19/sun.nio.ch.EPoll.wait(Native Method)
	at java.base@11.0.19/sun.nio.ch.EPollSelectorImpl.doSelect(EPollSelectorImpl.java:120)
	at java.base@11.0.19/sun.nio.ch.SelectorImpl.lockAndDoSelect(SelectorImpl.java:124)
	-  locked org.apache.ratis.thirdparty.io.netty.channel.nio.SelectedSelectionKeySet@fa49800
	-  locked sun.nio.ch.EPollSelectorImpl@71238fc2
	at java.base@11.0.19/sun.nio.ch.SelectorImpl.select(SelectorImpl.java:141)
	at app//org.apache.ratis.thirdparty.io.netty.channel.nio.SelectedSelectionKeySetSelector.select(SelectedSelectionKeySetSelector.java:68)
	at app//org.apache.ratis.thirdparty.io.netty.channel.nio.NioEventLoop.select(NioEventLoop.java:879)
	at app//org.apache.ratis.thirdparty.io.netty.channel.nio.NioEventLoop.run(NioEventLoop.java:526)
	at app//org.apache.ratis.thirdparty.io.netty.util.concurrent.SingleThreadEventExecutor$4.run(SingleThreadEventExecutor.java:997)
	...


"NettyClientStreamRpc-workerGroup--thread4" daemon prio=5 Id=728 RUNNABLE (in native)
	at java.base@11.0.19/sun.nio.ch.EPoll.wait(Native Method)
	at java.base@11.0.19/sun.nio.ch.EPollSelectorImpl.doSelect(EPollSelectorImpl.java:120)
	at java.base@11.0.19/sun.nio.ch.SelectorImpl.lockAndDoSelect(SelectorImpl.java:124)
	-  locked org.apache.ratis.thirdparty.io.netty.channel.nio.SelectedSelectionKeySet@2a54a73f
	-  locked sun.nio.ch.EPollSelectorImpl@16a0ee18
	at java.base@11.0.19/sun.nio.ch.SelectorImpl.select(SelectorImpl.java:141)
	at app//org.apache.ratis.thirdparty.io.netty.channel.nio.SelectedSelectionKeySetSelector.select(SelectedSelectionKeySetSelector.java:68)
	at app//org.apache.ratis.thirdparty.io.netty.channel.nio.NioEventLoop.select(NioEventLoop.java:879)
	at app//org.apache.ratis.thirdparty.io.netty.channel.nio.NioEventLoop.run(NioEventLoop.java:526)
	at app//org.apache.ratis.thirdparty.io.netty.util.concurrent.SingleThreadEventExecutor$4.run(SingleThreadEventExecutor.java:997)
	...


"NettyClientStreamRpc-workerGroup--thread4" daemon prio=5 Id=727 RUNNABLE (in native)
	at java.base@11.0.19/sun.nio.ch.EPoll.wait(Native Method)
	at java.base@11.0.19/sun.nio.ch.EPollSelectorImpl.doSelect(EPollSelectorImpl.java:120)
	at java.base@11.0.19/sun.nio.ch.SelectorImpl.lockAndDoSelect(SelectorImpl.java:124)
	-  locked org.apache.ratis.thirdparty.io.netty.channel.nio.SelectedSelectionKeySet@3d6f0054
	-  locked sun.nio.ch.EPollSelectorImpl@505fc5a4
	at java.base@11.0.19/sun.nio.ch.SelectorImpl.select(SelectorImpl.java:141)
	at app//org.apache.ratis.thirdparty.io.netty.channel.nio.SelectedSelectionKeySetSelector.select(SelectedSelectionKeySetSelector.java:68)
	at app//org.apache.ratis.thirdparty.io.netty.channel.nio.NioEventLoop.select(NioEventLoop.java:879)
	at app//org.apache.ratis.thirdparty.io.netty.channel.nio.NioEventLoop.run(NioEventLoop.java:526)
	at app//org.apache.ratis.thirdparty.io.netty.util.concurrent.SingleThreadEventExecutor$4.run(SingleThreadEventExecutor.java:997)
	...


"NettyClientStreamRpc-workerGroup--thread4" daemon prio=5 Id=725 RUNNABLE (in native)
	at java.base@11.0.19/sun.nio.ch.EPoll.wait(Native Method)
	at java.base@11.0.19/sun.nio.ch.EPollSelectorImpl.doSelect(EPollSelectorImpl.java:120)
	at java.base@11.0.19/sun.nio.ch.SelectorImpl.lockAndDoSelect(SelectorImpl.java:124)
	-  locked org.apache.ratis.thirdparty.io.netty.channel.nio.SelectedSelectionKeySet@5fbdfdcf
	-  locked sun.nio.ch.EPollSelectorImpl@4efc180e
	at java.base@11.0.19/sun.nio.ch.SelectorImpl.select(SelectorImpl.java:141)
	at app//org.apache.ratis.thirdparty.io.netty.channel.nio.SelectedSelectionKeySetSelector.select(SelectedSelectionKeySetSelector.java:68)
	at app//org.apache.ratis.thirdparty.io.netty.channel.nio.NioEventLoop.select(NioEventLoop.java:879)
	at app//org.apache.ratis.thirdparty.io.netty.channel.nio.NioEventLoop.run(NioEventLoop.java:526)
	at app//org.apache.ratis.thirdparty.io.netty.util.concurrent.SingleThreadEventExecutor$4.run(SingleThreadEventExecutor.java:997)
	...


"NettyClientStreamRpc-workerGroup--thread4" daemon prio=5 Id=724 RUNNABLE (in native)
	at java.base@11.0.19/sun.nio.ch.EPoll.wait(Native Method)
	at java.base@11.0.19/sun.nio.ch.EPollSelectorImpl.doSelect(EPollSelectorImpl.java:120)
	at java.base@11.0.19/sun.nio.ch.SelectorImpl.lockAndDoSelect(SelectorImpl.java:124)
	-  locked org.apache.ratis.thirdparty.io.netty.channel.nio.SelectedSelectionKeySet@bd4dc25
	-  locked sun.nio.ch.EPollSelectorImpl@25084a1e
	at java.base@11.0.19/sun.nio.ch.SelectorImpl.select(SelectorImpl.java:141)
	at app//org.apache.ratis.thirdparty.io.netty.channel.nio.SelectedSelectionKeySetSelector.select(SelectedSelectionKeySetSelector.java:68)
	at app//org.apache.ratis.thirdparty.io.netty.channel.nio.NioEventLoop.select(NioEventLoop.java:879)
	at app//org.apache.ratis.thirdparty.io.netty.channel.nio.NioEventLoop.run(NioEventLoop.java:526)
	at app//org.apache.ratis.thirdparty.io.netty.util.concurrent.SingleThreadEventExecutor$4.run(SingleThreadEventExecutor.java:997)
	...


"NettyClientStreamRpc-workerGroup--thread4" daemon prio=5 Id=723 RUNNABLE (in native)
	at java.base@11.0.19/sun.nio.ch.EPoll.wait(Native Method)
	at java.base@11.0.19/sun.nio.ch.EPollSelectorImpl.doSelect(EPollSelectorImpl.java:120)
	at java.base@11.0.19/sun.nio.ch.SelectorImpl.lockAndDoSelect(SelectorImpl.java:124)
	-  locked org.apache.ratis.thirdparty.io.netty.channel.nio.SelectedSelectionKeySet@156b88f5
	-  locked sun.nio.ch.EPollSelectorImpl@3bf9ce3e
	at java.base@11.0.19/sun.nio.ch.SelectorImpl.select(SelectorImpl.java:141)
	at app//org.apache.ratis.thirdparty.io.netty.channel.nio.SelectedSelectionKeySetSelector.select(SelectedSelectionKeySetSelector.java:68)
	at app//org.apache.ratis.thirdparty.io.netty.channel.nio.NioEventLoop.select(NioEventLoop.java:879)
	at app//org.apache.ratis.thirdparty.io.netty.channel.nio.NioEventLoop.run(NioEventLoop.java:526)
	at app//org.apache.ratis.thirdparty.io.netty.util.concurrent.SingleThreadEventExecutor$4.run(SingleThreadEventExecutor.java:997)
	...


"NettyClientStreamRpc-workerGroup--thread4" daemon prio=5 Id=722 RUNNABLE (in native)
	at java.base@11.0.19/sun.nio.ch.EPoll.wait(Native Method)
	at java.base@11.0.19/sun.nio.ch.EPollSelectorImpl.doSelect(EPollSelectorImpl.java:120)
	at java.base@11.0.19/sun.nio.ch.SelectorImpl.lockAndDoSelect(SelectorImpl.java:124)
	-  locked org.apache.ratis.thirdparty.io.netty.channel.nio.SelectedSelectionKeySet@16610890
	-  locked sun.nio.ch.EPollSelectorImpl@71def8f8
	at java.base@11.0.19/sun.nio.ch.SelectorImpl.select(SelectorImpl.java:141)
	at app//org.apache.ratis.thirdparty.io.netty.channel.nio.SelectedSelectionKeySetSelector.select(SelectedSelectionKeySetSelector.java:68)
	at app//org.apache.ratis.thirdparty.io.netty.channel.nio.NioEventLoop.select(NioEventLoop.java:879)
	at app//org.apache.ratis.thirdparty.io.netty.channel.nio.NioEventLoop.run(NioEventLoop.java:526)
	at app//org.apache.ratis.thirdparty.io.netty.util.concurrent.SingleThreadEventExecutor$4.run(SingleThreadEventExecutor.java:997)
	...


"NettyClientStreamRpc-workerGroup--thread4" daemon prio=5 Id=721 RUNNABLE (in native)
	at java.base@11.0.19/sun.nio.ch.EPoll.wait(Native Method)
	at java.base@11.0.19/sun.nio.ch.EPollSelectorImpl.doSelect(EPollSelectorImpl.java:120)
	at java.base@11.0.19/sun.nio.ch.SelectorImpl.lockAndDoSelect(SelectorImpl.java:124)
	-  locked org.apache.ratis.thirdparty.io.netty.channel.nio.SelectedSelectionKeySet@383bfa16
	-  locked sun.nio.ch.EPollSelectorImpl@4d465b11
	at java.base@11.0.19/sun.nio.ch.SelectorImpl.select(SelectorImpl.java:141)
	at app//org.apache.ratis.thirdparty.io.netty.channel.nio.SelectedSelectionKeySetSelector.select(SelectedSelectionKeySetSelector.java:68)
	at app//org.apache.ratis.thirdparty.io.netty.channel.nio.NioEventLoop.select(NioEventLoop.java:879)
	at app//org.apache.ratis.thirdparty.io.netty.channel.nio.NioEventLoop.run(NioEventLoop.java:526)
	at app//org.apache.ratis.thirdparty.io.netty.util.concurrent.SingleThreadEventExecutor$4.run(SingleThreadEventExecutor.java:997)
	...


"NettyClientStreamRpc-workerGroup--thread4" daemon prio=5 Id=720 RUNNABLE (in native)
	at java.base@11.0.19/sun.nio.ch.EPoll.wait(Native Method)
	at java.base@11.0.19/sun.nio.ch.EPollSelectorImpl.doSelect(EPollSelectorImpl.java:120)
	at java.base@11.0.19/sun.nio.ch.SelectorImpl.lockAndDoSelect(SelectorImpl.java:124)
	-  locked org.apache.ratis.thirdparty.io.netty.channel.nio.SelectedSelectionKeySet@53fdffa1
	-  locked sun.nio.ch.EPollSelectorImpl@5562c41e
	at java.base@11.0.19/sun.nio.ch.SelectorImpl.select(SelectorImpl.java:141)
	at app//org.apache.ratis.thirdparty.io.netty.channel.nio.SelectedSelectionKeySetSelector.select(SelectedSelectionKeySetSelector.java:68)
	at app//org.apache.ratis.thirdparty.io.netty.channel.nio.NioEventLoop.select(NioEventLoop.java:879)
	at app//org.apache.ratis.thirdparty.io.netty.channel.nio.NioEventLoop.run(NioEventLoop.java:526)
	at app//org.apache.ratis.thirdparty.io.netty.util.concurrent.SingleThreadEventExecutor$4.run(SingleThreadEventExecutor.java:997)
	...


"NettyClientStreamRpc-workerGroup--thread4" daemon prio=5 Id=719 RUNNABLE (in native)
	at java.base@11.0.19/sun.nio.ch.EPoll.wait(Native Method)
	at java.base@11.0.19/sun.nio.ch.EPollSelectorImpl.doSelect(EPollSelectorImpl.java:120)
	at java.base@11.0.19/sun.nio.ch.SelectorImpl.lockAndDoSelect(SelectorImpl.java:124)
	-  locked org.apache.ratis.thirdparty.io.netty.channel.nio.SelectedSelectionKeySet@32ee6fee
	-  locked sun.nio.ch.EPollSelectorImpl@4d0f2471
	at java.base@11.0.19/sun.nio.ch.SelectorImpl.select(SelectorImpl.java:141)
	at app//org.apache.ratis.thirdparty.io.netty.channel.nio.SelectedSelectionKeySetSelector.select(SelectedSelectionKeySetSelector.java:68)
	at app//org.apache.ratis.thirdparty.io.netty.channel.nio.NioEventLoop.select(NioEventLoop.java:879)
	at app//org.apache.ratis.thirdparty.io.netty.channel.nio.NioEventLoop.run(NioEventLoop.java:526)
	at app//org.apache.ratis.thirdparty.io.netty.util.concurrent.SingleThreadEventExecutor$4.run(SingleThreadEventExecutor.java:997)
	...


"NettyClientStreamRpc-workerGroup--thread4" daemon prio=5 Id=718 RUNNABLE (in native)
	at java.base@11.0.19/sun.nio.ch.EPoll.wait(Native Method)
	at java.base@11.0.19/sun.nio.ch.EPollSelectorImpl.doSelect(EPollSelectorImpl.java:120)
	at java.base@11.0.19/sun.nio.ch.SelectorImpl.lockAndDoSelect(SelectorImpl.java:124)
	-  locked org.apache.ratis.thirdparty.io.netty.channel.nio.SelectedSelectionKeySet@7133da86
	-  locked sun.nio.ch.EPollSelectorImpl@3232a28a
	at java.base@11.0.19/sun.nio.ch.SelectorImpl.select(SelectorImpl.java:141)
	at app//org.apache.ratis.thirdparty.io.netty.channel.nio.SelectedSelectionKeySetSelector.select(SelectedSelectionKeySetSelector.java:68)
	at app//org.apache.ratis.thirdparty.io.netty.channel.nio.NioEventLoop.select(NioEventLoop.java:879)
	at app//org.apache.ratis.thirdparty.io.netty.channel.nio.NioEventLoop.run(NioEventLoop.java:526)
	at app//org.apache.ratis.thirdparty.io.netty.util.concurrent.SingleThreadEventExecutor$4.run(SingleThreadEventExecutor.java:997)
	...


"NettyClientStreamRpc-workerGroup--thread4" daemon prio=5 Id=717 RUNNABLE (in native)
	at java.base@11.0.19/sun.nio.ch.EPoll.wait(Native Method)
	at java.base@11.0.19/sun.nio.ch.EPollSelectorImpl.doSelect(EPollSelectorImpl.java:120)
	at java.base@11.0.19/sun.nio.ch.SelectorImpl.lockAndDoSelect(SelectorImpl.java:124)
	-  locked org.apache.ratis.thirdparty.io.netty.channel.nio.SelectedSelectionKeySet@73e22a3d
	-  locked sun.nio.ch.EPollSelectorImpl@47faa49c
	at java.base@11.0.19/sun.nio.ch.SelectorImpl.select(SelectorImpl.java:141)
	at app//org.apache.ratis.thirdparty.io.netty.channel.nio.SelectedSelectionKeySetSelector.select(SelectedSelectionKeySetSelector.java:68)
	at app//org.apache.ratis.thirdparty.io.netty.channel.nio.NioEventLoop.select(NioEventLoop.java:879)
	at app//org.apache.ratis.thirdparty.io.netty.channel.nio.NioEventLoop.run(NioEventLoop.java:526)
	at app//org.apache.ratis.thirdparty.io.netty.util.concurrent.SingleThreadEventExecutor$4.run(SingleThreadEventExecutor.java:997)
	...


"NettyClientStreamRpc-workerGroup--thread4" daemon prio=5 Id=716 RUNNABLE (in native)
	at java.base@11.0.19/sun.nio.ch.EPoll.wait(Native Method)
	at java.base@11.0.19/sun.nio.ch.EPollSelectorImpl.doSelect(EPollSelectorImpl.java:120)
	at java.base@11.0.19/sun.nio.ch.SelectorImpl.lockAndDoSelect(SelectorImpl.java:124)
	-  locked org.apache.ratis.thirdparty.io.netty.channel.nio.SelectedSelectionKeySet@28f2a10f
	-  locked sun.nio.ch.EPollSelectorImpl@f736069
	at java.base@11.0.19/sun.nio.ch.SelectorImpl.select(SelectorImpl.java:141)
	at app//org.apache.ratis.thirdparty.io.netty.channel.nio.SelectedSelectionKeySetSelector.select(SelectedSelectionKeySetSelector.java:68)
	at app//org.apache.ratis.thirdparty.io.netty.channel.nio.NioEventLoop.select(NioEventLoop.java:879)
	at app//org.apache.ratis.thirdparty.io.netty.channel.nio.NioEventLoop.run(NioEventLoop.java:526)
	at app//org.apache.ratis.thirdparty.io.netty.util.concurrent.SingleThreadEventExecutor$4.run(SingleThreadEventExecutor.java:997)
	...


"NettyClientStreamRpc-workerGroup--thread4" daemon prio=5 Id=715 RUNNABLE (in native)
	at java.base@11.0.19/sun.nio.ch.EPoll.wait(Native Method)
	at java.base@11.0.19/sun.nio.ch.EPollSelectorImpl.doSelect(EPollSelectorImpl.java:120)
	at java.base@11.0.19/sun.nio.ch.SelectorImpl.lockAndDoSelect(SelectorImpl.java:124)
	-  locked org.apache.ratis.thirdparty.io.netty.channel.nio.SelectedSelectionKeySet@6da21078
	-  locked sun.nio.ch.EPollSelectorImpl@7fee8714
	at java.base@11.0.19/sun.nio.ch.SelectorImpl.select(SelectorImpl.java:141)
	at app//org.apache.ratis.thirdparty.io.netty.channel.nio.SelectedSelectionKeySetSelector.select(SelectedSelectionKeySetSelector.java:68)
	at app//org.apache.ratis.thirdparty.io.netty.channel.nio.NioEventLoop.select(NioEventLoop.java:879)
	at app//org.apache.ratis.thirdparty.io.netty.channel.nio.NioEventLoop.run(NioEventLoop.java:526)
	at app//org.apache.ratis.thirdparty.io.netty.util.concurrent.SingleThreadEventExecutor$4.run(SingleThreadEventExecutor.java:997)
	...


"NettyClientStreamRpc-workerGroup--thread4" daemon prio=5 Id=714 RUNNABLE (in native)
	at java.base@11.0.19/sun.nio.ch.EPoll.wait(Native Method)
	at java.base@11.0.19/sun.nio.ch.EPollSelectorImpl.doSelect(EPollSelectorImpl.java:120)
	at java.base@11.0.19/sun.nio.ch.SelectorImpl.lockAndDoSelect(SelectorImpl.java:124)
	-  locked org.apache.ratis.thirdparty.io.netty.channel.nio.SelectedSelectionKeySet@4229bb3f
	-  locked sun.nio.ch.EPollSelectorImpl@56cdfb3b
	at java.base@11.0.19/sun.nio.ch.SelectorImpl.select(SelectorImpl.java:141)
	at app//org.apache.ratis.thirdparty.io.netty.channel.nio.SelectedSelectionKeySetSelector.select(SelectedSelectionKeySetSelector.java:68)
	at app//org.apache.ratis.thirdparty.io.netty.channel.nio.NioEventLoop.select(NioEventLoop.java:879)
	at app//org.apache.ratis.thirdparty.io.netty.channel.nio.NioEventLoop.run(NioEventLoop.java:526)
	at app//org.apache.ratis.thirdparty.io.netty.util.concurrent.SingleThreadEventExecutor$4.run(SingleThreadEventExecutor.java:997)
	...


"NettyClientStreamRpc-workerGroup--thread4" daemon prio=5 Id=713 RUNNABLE (in native)
	at java.base@11.0.19/sun.nio.ch.EPoll.wait(Native Method)
	at java.base@11.0.19/sun.nio.ch.EPollSelectorImpl.doSelect(EPollSelectorImpl.java:120)
	at java.base@11.0.19/sun.nio.ch.SelectorImpl.lockAndDoSelect(SelectorImpl.java:124)
	-  locked org.apache.ratis.thirdparty.io.netty.channel.nio.SelectedSelectionKeySet@2b91004a
	-  locked sun.nio.ch.EPollSelectorImpl@20ccf40b
	at java.base@11.0.19/sun.nio.ch.SelectorImpl.select(SelectorImpl.java:141)
	at app//org.apache.ratis.thirdparty.io.netty.channel.nio.SelectedSelectionKeySetSelector.select(SelectedSelectionKeySetSelector.java:68)
	at app//org.apache.ratis.thirdparty.io.netty.channel.nio.NioEventLoop.select(NioEventLoop.java:879)
	at app//org.apache.ratis.thirdparty.io.netty.channel.nio.NioEventLoop.run(NioEventLoop.java:526)
	at app//org.apache.ratis.thirdparty.io.netty.util.concurrent.SingleThreadEventExecutor$4.run(SingleThreadEventExecutor.java:997)
	...


"NettyClientStreamRpc-workerGroup--thread4" daemon prio=5 Id=712 RUNNABLE (in native)
	at java.base@11.0.19/sun.nio.ch.EPoll.wait(Native Method)
	at java.base@11.0.19/sun.nio.ch.EPollSelectorImpl.doSelect(EPollSelectorImpl.java:120)
	at java.base@11.0.19/sun.nio.ch.SelectorImpl.lockAndDoSelect(SelectorImpl.java:124)
	-  locked org.apache.ratis.thirdparty.io.netty.channel.nio.SelectedSelectionKeySet@2fb3536e
	-  locked sun.nio.ch.EPollSelectorImpl@169e6180
	at java.base@11.0.19/sun.nio.ch.SelectorImpl.select(SelectorImpl.java:141)
	at app//org.apache.ratis.thirdparty.io.netty.channel.nio.SelectedSelectionKeySetSelector.select(SelectedSelectionKeySetSelector.java:68)
	at app//org.apache.ratis.thirdparty.io.netty.channel.nio.NioEventLoop.select(NioEventLoop.java:879)
	at app//org.apache.ratis.thirdparty.io.netty.channel.nio.NioEventLoop.run(NioEventLoop.java:526)
	at app//org.apache.ratis.thirdparty.io.netty.util.concurrent.SingleThreadEventExecutor$4.run(SingleThreadEventExecutor.java:997)
	...


"NettyClientStreamRpc-workerGroup--thread4" daemon prio=5 Id=711 RUNNABLE (in native)
	at java.base@11.0.19/sun.nio.ch.EPoll.wait(Native Method)
	at java.base@11.0.19/sun.nio.ch.EPollSelectorImpl.doSelect(EPollSelectorImpl.java:120)
	at java.base@11.0.19/sun.nio.ch.SelectorImpl.lockAndDoSelect(SelectorImpl.java:124)
	-  locked org.apache.ratis.thirdparty.io.netty.channel.nio.SelectedSelectionKeySet@35aea049
	-  locked sun.nio.ch.EPollSelectorImpl@7205765b
	at java.base@11.0.19/sun.nio.ch.SelectorImpl.select(SelectorImpl.java:141)
	at app//org.apache.ratis.thirdparty.io.netty.channel.nio.SelectedSelectionKeySetSelector.select(SelectedSelectionKeySetSelector.java:68)
	at app//org.apache.ratis.thirdparty.io.netty.channel.nio.NioEventLoop.select(NioEventLoop.java:879)
	at app//org.apache.ratis.thirdparty.io.netty.channel.nio.NioEventLoop.run(NioEventLoop.java:526)
	at app//org.apache.ratis.thirdparty.io.netty.util.concurrent.SingleThreadEventExecutor$4.run(SingleThreadEventExecutor.java:997)
	...


"NettyClientStreamRpc-workerGroup--thread4" daemon prio=5 Id=710 RUNNABLE (in native)
	at java.base@11.0.19/sun.nio.ch.EPoll.wait(Native Method)
	at java.base@11.0.19/sun.nio.ch.EPollSelectorImpl.doSelect(EPollSelectorImpl.java:120)
	at java.base@11.0.19/sun.nio.ch.SelectorImpl.lockAndDoSelect(SelectorImpl.java:124)
	-  locked org.apache.ratis.thirdparty.io.netty.channel.nio.SelectedSelectionKeySet@47987356
	-  locked sun.nio.ch.EPollSelectorImpl@22ef9844
	at java.base@11.0.19/sun.nio.ch.SelectorImpl.select(SelectorImpl.java:141)
	at app//org.apache.ratis.thirdparty.io.netty.channel.nio.SelectedSelectionKeySetSelector.select(SelectedSelectionKeySetSelector.java:68)
	at app//org.apache.ratis.thirdparty.io.netty.channel.nio.NioEventLoop.select(NioEventLoop.java:879)
	at app//org.apache.ratis.thirdparty.io.netty.channel.nio.NioEventLoop.run(NioEventLoop.java:526)
	at app//org.apache.ratis.thirdparty.io.netty.util.concurrent.SingleThreadEventExecutor$4.run(SingleThreadEventExecutor.java:997)
	...


"NettyClientStreamRpc-workerGroup--thread4" daemon prio=5 Id=709 RUNNABLE (in native)
	at java.base@11.0.19/sun.nio.ch.EPoll.wait(Native Method)
	at java.base@11.0.19/sun.nio.ch.EPollSelectorImpl.doSelect(EPollSelectorImpl.java:120)
	at java.base@11.0.19/sun.nio.ch.SelectorImpl.lockAndDoSelect(SelectorImpl.java:124)
	-  locked org.apache.ratis.thirdparty.io.netty.channel.nio.SelectedSelectionKeySet@6283d8b8
	-  locked sun.nio.ch.EPollSelectorImpl@3b6ddd1d
	at java.base@11.0.19/sun.nio.ch.SelectorImpl.select(SelectorImpl.java:141)
	at app//org.apache.ratis.thirdparty.io.netty.channel.nio.SelectedSelectionKeySetSelector.select(SelectedSelectionKeySetSelector.java:68)
	at app//org.apache.ratis.thirdparty.io.netty.channel.nio.NioEventLoop.select(NioEventLoop.java:879)
	at app//org.apache.ratis.thirdparty.io.netty.channel.nio.NioEventLoop.run(NioEventLoop.java:526)
	at app//org.apache.ratis.thirdparty.io.netty.util.concurrent.SingleThreadEventExecutor$4.run(SingleThreadEventExecutor.java:997)
	...


"NettyClientStreamRpc-workerGroup--thread4" daemon prio=5 Id=734 RUNNABLE (in native)
	at java.base@11.0.19/sun.nio.ch.EPoll.wait(Native Method)
	at java.base@11.0.19/sun.nio.ch.EPollSelectorImpl.doSelect(EPollSelectorImpl.java:120)
	at java.base@11.0.19/sun.nio.ch.SelectorImpl.lockAndDoSelect(SelectorImpl.java:124)
	-  locked org.apache.ratis.thirdparty.io.netty.channel.nio.SelectedSelectionKeySet@3f6b0be5
	-  locked sun.nio.ch.EPollSelectorImpl@611889f4
	at java.base@11.0.19/sun.nio.ch.SelectorImpl.select(SelectorImpl.java:141)
	at app//org.apache.ratis.thirdparty.io.netty.channel.nio.SelectedSelectionKeySetSelector.select(SelectedSelectionKeySetSelector.java:68)
	at app//org.apache.ratis.thirdparty.io.netty.channel.nio.NioEventLoop.select(NioEventLoop.java:879)
	at app//org.apache.ratis.thirdparty.io.netty.channel.nio.NioEventLoop.run(NioEventLoop.java:526)
	at app//org.apache.ratis.thirdparty.io.netty.util.concurrent.SingleThreadEventExecutor$4.run(SingleThreadEventExecutor.java:997)
	...


"NettyClientStreamRpc-workerGroup--thread4" daemon prio=5 Id=733 RUNNABLE (in native)
	at java.base@11.0.19/sun.nio.ch.EPoll.wait(Native Method)
	at java.base@11.0.19/sun.nio.ch.EPollSelectorImpl.doSelect(EPollSelectorImpl.java:120)
	at java.base@11.0.19/sun.nio.ch.SelectorImpl.lockAndDoSelect(SelectorImpl.java:124)
	-  locked org.apache.ratis.thirdparty.io.netty.channel.nio.SelectedSelectionKeySet@1da2cb77
	-  locked sun.nio.ch.EPollSelectorImpl@48f278eb
	at java.base@11.0.19/sun.nio.ch.SelectorImpl.select(SelectorImpl.java:141)
	at app//org.apache.ratis.thirdparty.io.netty.channel.nio.SelectedSelectionKeySetSelector.select(SelectedSelectionKeySetSelector.java:68)
	at app//org.apache.ratis.thirdparty.io.netty.channel.nio.NioEventLoop.select(NioEventLoop.java:879)
	at app//org.apache.ratis.thirdparty.io.netty.channel.nio.NioEventLoop.run(NioEventLoop.java:526)
	at app//org.apache.ratis.thirdparty.io.netty.util.concurrent.SingleThreadEventExecutor$4.run(SingleThreadEventExecutor.java:997)
	...


"NettyClientStreamRpc-workerGroup--thread4" daemon prio=5 Id=732 RUNNABLE (in native)
	at java.base@11.0.19/sun.nio.ch.EPoll.wait(Native Method)
	at java.base@11.0.19/sun.nio.ch.EPollSelectorImpl.doSelect(EPollSelectorImpl.java:120)
	at java.base@11.0.19/sun.nio.ch.SelectorImpl.lockAndDoSelect(SelectorImpl.java:124)
	-  locked org.apache.ratis.thirdparty.io.netty.channel.nio.SelectedSelectionKeySet@2f217633
	-  locked sun.nio.ch.EPollSelectorImpl@a530d0a
	at java.base@11.0.19/sun.nio.ch.SelectorImpl.select(SelectorImpl.java:141)
	at app//org.apache.ratis.thirdparty.io.netty.channel.nio.SelectedSelectionKeySetSelector.select(SelectedSelectionKeySetSelector.java:68)
	at app//org.apache.ratis.thirdparty.io.netty.channel.nio.NioEventLoop.select(NioEventLoop.java:879)
	at app//org.apache.ratis.thirdparty.io.netty.channel.nio.NioEventLoop.run(NioEventLoop.java:526)
	at app//org.apache.ratis.thirdparty.io.netty.util.concurrent.SingleThreadEventExecutor$4.run(SingleThreadEventExecutor.java:997)
	...


"NettyClientStreamRpc-workerGroup--thread4" daemon prio=5 Id=731 RUNNABLE (in native)
	at java.base@11.0.19/sun.nio.ch.EPoll.wait(Native Method)
	at java.base@11.0.19/sun.nio.ch.EPollSelectorImpl.doSelect(EPollSelectorImpl.java:120)
	at java.base@11.0.19/sun.nio.ch.SelectorImpl.lockAndDoSelect(SelectorImpl.java:124)
	-  locked org.apache.ratis.thirdparty.io.netty.channel.nio.SelectedSelectionKeySet@1a18644
	-  locked sun.nio.ch.EPollSelectorImpl@5acf93bb
	at java.base@11.0.19/sun.nio.ch.SelectorImpl.select(SelectorImpl.java:141)
	at app//org.apache.ratis.thirdparty.io.netty.channel.nio.SelectedSelectionKeySetSelector.select(SelectedSelectionKeySetSelector.java:68)
	at app//org.apache.ratis.thirdparty.io.netty.channel.nio.NioEventLoop.select(NioEventLoop.java:879)
	at app//org.apache.ratis.thirdparty.io.netty.channel.nio.NioEventLoop.run(NioEventLoop.java:526)
	at app//org.apache.ratis.thirdparty.io.netty.util.concurrent.SingleThreadEventExecutor$4.run(SingleThreadEventExecutor.java:997)
	...


"NettyClientStreamRpc-workerGroup--thread4" daemon prio=5 Id=730 RUNNABLE (in native)
	at java.base@11.0.19/sun.nio.ch.EPoll.wait(Native Method)
	at java.base@11.0.19/sun.nio.ch.EPollSelectorImpl.doSelect(EPollSelectorImpl.java:120)
	at java.base@11.0.19/sun.nio.ch.SelectorImpl.lockAndDoSelect(SelectorImpl.java:124)
	-  locked org.apache.ratis.thirdparty.io.netty.channel.nio.SelectedSelectionKeySet@7e7be63f
	-  locked sun.nio.ch.EPollSelectorImpl@6cd28fa7
	at java.base@11.0.19/sun.nio.ch.SelectorImpl.select(SelectorImpl.java:141)
	at app//org.apache.ratis.thirdparty.io.netty.channel.nio.SelectedSelectionKeySetSelector.select(SelectedSelectionKeySetSelector.java:68)
	at app//org.apache.ratis.thirdparty.io.netty.channel.nio.NioEventLoop.select(NioEventLoop.java:879)
	at app//org.apache.ratis.thirdparty.io.netty.channel.nio.NioEventLoop.run(NioEventLoop.java:526)
	at app//org.apache.ratis.thirdparty.io.netty.util.concurrent.SingleThreadEventExecutor$4.run(SingleThreadEventExecutor.java:997)
	...


"Time-limited test" daemon prio=5 Id=778 WAITING on java.util.concurrent.CompletableFuture$Signaller@614ca7df
	at java.base@11.0.19/jdk.internal.misc.Unsafe.park(Native Method)
	-  waiting on java.util.concurrent.CompletableFuture$Signaller@614ca7df
	at java.base@11.0.19/java.util.concurrent.locks.LockSupport.park(LockSupport.java:194)
	at java.base@11.0.19/java.util.concurrent.CompletableFuture$Signaller.block(CompletableFuture.java:1796)
	at java.base@11.0.19/java.util.concurrent.ForkJoinPool.managedBlock(ForkJoinPool.java:3128)
	at java.base@11.0.19/java.util.concurrent.CompletableFuture.waitingGet(CompletableFuture.java:1823)
	at java.base@11.0.19/java.util.concurrent.CompletableFuture.join(CompletableFuture.java:2043)
	at app//org.apache.ratis.datastream.DataStreamAsyncClusterTests$$Lambda$510/0x0000000100347040.apply(Unknown Source)
	at java.base@11.0.19/java.util.stream.ReferencePipeline$3$1.accept(ReferencePipeline.java:195)
	...


"s0-NettyServerStreamRpc-bossGroup--thread1" daemon prio=5 Id=779 RUNNABLE (in native)
	at java.base@11.0.19/sun.nio.ch.EPoll.wait(Native Method)
	at java.base@11.0.19/sun.nio.ch.EPollSelectorImpl.doSelect(EPollSelectorImpl.java:120)
	at java.base@11.0.19/sun.nio.ch.SelectorImpl.lockAndDoSelect(SelectorImpl.java:124)
	-  locked org.apache.ratis.thirdparty.io.netty.channel.nio.SelectedSelectionKeySet@4738a206
	-  locked sun.nio.ch.EPollSelectorImpl@66d3eec0
	at java.base@11.0.19/sun.nio.ch.SelectorImpl.select(SelectorImpl.java:141)
	at app//org.apache.ratis.thirdparty.io.netty.channel.nio.SelectedSelectionKeySetSelector.select(SelectedSelectionKeySetSelector.java:68)
	at app//org.apache.ratis.thirdparty.io.netty.channel.nio.NioEventLoop.select(NioEventLoop.java:879)
	at app//org.apache.ratis.thirdparty.io.netty.channel.nio.NioEventLoop.run(NioEventLoop.java:526)
	at app//org.apache.ratis.thirdparty.io.netty.util.concurrent.SingleThreadEventExecutor$4.run(SingleThreadEventExecutor.java:997)
	...


"s0-groupManagement" daemon prio=5 Id=781 WAITING on java.util.concurrent.locks.AbstractQueuedSynchronizer$ConditionObject@1e04fa0a
	at java.base@11.0.19/jdk.internal.misc.Unsafe.park(Native Method)
	-  waiting on java.util.concurrent.locks.AbstractQueuedSynchronizer$ConditionObject@1e04fa0a
	at java.base@11.0.19/java.util.concurrent.locks.LockSupport.park(LockSupport.java:194)
	at java.base@11.0.19/java.util.concurrent.locks.AbstractQueuedSynchronizer$ConditionObject.await(AbstractQueuedSynchronizer.java:2081)
	at java.base@11.0.19/java.util.concurrent.LinkedBlockingQueue.take(LinkedBlockingQueue.java:433)
	at java.base@11.0.19/java.util.concurrent.ThreadPoolExecutor.getTask(ThreadPoolExecutor.java:1054)
	at java.base@11.0.19/java.util.concurrent.ThreadPoolExecutor.runWorker(ThreadPoolExecutor.java:1114)
	at java.base@11.0.19/java.util.concurrent.ThreadPoolExecutor$Worker.run(ThreadPoolExecutor.java:628)
	at java.base@11.0.19/java.lang.Thread.run(Thread.java:829)


"s1-NettyServerStreamRpc-bossGroup--thread1" daemon prio=5 Id=782 RUNNABLE (in native)
	at java.base@11.0.19/sun.nio.ch.EPoll.wait(Native Method)
	at java.base@11.0.19/sun.nio.ch.EPollSelectorImpl.doSelect(EPollSelectorImpl.java:120)
	at java.base@11.0.19/sun.nio.ch.SelectorImpl.lockAndDoSelect(SelectorImpl.java:124)
	-  locked org.apache.ratis.thirdparty.io.netty.channel.nio.SelectedSelectionKeySet@1af2d44a
	-  locked sun.nio.ch.EPollSelectorImpl@18d87d80
	at java.base@11.0.19/sun.nio.ch.SelectorImpl.select(SelectorImpl.java:141)
	at app//org.apache.ratis.thirdparty.io.netty.channel.nio.SelectedSelectionKeySetSelector.select(SelectedSelectionKeySetSelector.java:68)
	at app//org.apache.ratis.thirdparty.io.netty.channel.nio.NioEventLoop.select(NioEventLoop.java:879)
	at app//org.apache.ratis.thirdparty.io.netty.channel.nio.NioEventLoop.run(NioEventLoop.java:526)
	at app//org.apache.ratis.thirdparty.io.netty.util.concurrent.SingleThreadEventExecutor$4.run(SingleThreadEventExecutor.java:997)
	...


"s1-groupManagement" daemon prio=5 Id=784 WAITING on java.util.concurrent.locks.AbstractQueuedSynchronizer$ConditionObject@618425b5
	at java.base@11.0.19/jdk.internal.misc.Unsafe.park(Native Method)
	-  waiting on java.util.concurrent.locks.AbstractQueuedSynchronizer$ConditionObject@618425b5
	at java.base@11.0.19/java.util.concurrent.locks.LockSupport.park(LockSupport.java:194)
	at java.base@11.0.19/java.util.concurrent.locks.AbstractQueuedSynchronizer$ConditionObject.await(AbstractQueuedSynchronizer.java:2081)
	at java.base@11.0.19/java.util.concurrent.LinkedBlockingQueue.take(LinkedBlockingQueue.java:433)
	at java.base@11.0.19/java.util.concurrent.ThreadPoolExecutor.getTask(ThreadPoolExecutor.java:1054)
	at java.base@11.0.19/java.util.concurrent.ThreadPoolExecutor.runWorker(ThreadPoolExecutor.java:1114)
	at java.base@11.0.19/java.util.concurrent.ThreadPoolExecutor$Worker.run(ThreadPoolExecutor.java:628)
	at java.base@11.0.19/java.lang.Thread.run(Thread.java:829)


"s2-NettyServerStreamRpc-bossGroup--thread1" daemon prio=5 Id=785 RUNNABLE (in native)
	at java.base@11.0.19/sun.nio.ch.EPoll.wait(Native Method)
	at java.base@11.0.19/sun.nio.ch.EPollSelectorImpl.doSelect(EPollSelectorImpl.java:120)
	at java.base@11.0.19/sun.nio.ch.SelectorImpl.lockAndDoSelect(SelectorImpl.java:124)
	-  locked org.apache.ratis.thirdparty.io.netty.channel.nio.SelectedSelectionKeySet@58695725
	-  locked sun.nio.ch.EPollSelectorImpl@543588e6
	at java.base@11.0.19/sun.nio.ch.SelectorImpl.select(SelectorImpl.java:141)
	at app//org.apache.ratis.thirdparty.io.netty.channel.nio.SelectedSelectionKeySetSelector.select(SelectedSelectionKeySetSelector.java:68)
	at app//org.apache.ratis.thirdparty.io.netty.channel.nio.NioEventLoop.select(NioEventLoop.java:879)
	at app//org.apache.ratis.thirdparty.io.netty.channel.nio.NioEventLoop.run(NioEventLoop.java:526)
	at app//org.apache.ratis.thirdparty.io.netty.util.concurrent.SingleThreadEventExecutor$4.run(SingleThreadEventExecutor.java:997)
	...


"s2-groupManagement" daemon prio=5 Id=787 WAITING on java.util.concurrent.locks.AbstractQueuedSynchronizer$ConditionObject@f5acb9d
	at java.base@11.0.19/jdk.internal.misc.Unsafe.park(Native Method)
	-  waiting on java.util.concurrent.locks.AbstractQueuedSynchronizer$ConditionObject@f5acb9d
	at java.base@11.0.19/java.util.concurrent.locks.LockSupport.park(LockSupport.java:194)
	at java.base@11.0.19/java.util.concurrent.locks.AbstractQueuedSynchronizer$ConditionObject.await(AbstractQueuedSynchronizer.java:2081)
	at java.base@11.0.19/java.util.concurrent.LinkedBlockingQueue.take(LinkedBlockingQueue.java:433)
	at java.base@11.0.19/java.util.concurrent.ThreadPoolExecutor.getTask(ThreadPoolExecutor.java:1054)
	at java.base@11.0.19/java.util.concurrent.ThreadPoolExecutor.runWorker(ThreadPoolExecutor.java:1114)
	at java.base@11.0.19/java.util.concurrent.ThreadPoolExecutor$Worker.run(ThreadPoolExecutor.java:628)
	at java.base@11.0.19/java.lang.Thread.run(Thread.java:829)


"s0@group-C92E7B86EDFC-SegmentedRaftLogWorker" daemon prio=5 Id=788 TIMED_WAITING on java.util.concurrent.locks.AbstractQueuedSynchronizer$ConditionObject@4fb3ee4e
	at java.base@11.0.19/jdk.internal.misc.Unsafe.park(Native Method)
	-  waiting on java.util.concurrent.locks.AbstractQueuedSynchronizer$ConditionObject@4fb3ee4e
	at java.base@11.0.19/java.util.concurrent.locks.LockSupport.parkNanos(LockSupport.java:234)
	at java.base@11.0.19/java.util.concurrent.locks.AbstractQueuedSynchronizer$ConditionObject.awaitNanos(AbstractQueuedSynchronizer.java:2123)
	at app//org.apache.ratis.util.DataBlockingQueue.poll(DataBlockingQueue.java:148)
	at app//org.apache.ratis.server.raftlog.segmented.SegmentedRaftLogWorker.run(SegmentedRaftLogWorker.java:295)
	at app//org.apache.ratis.server.raftlog.segmented.SegmentedRaftLogWorker$$Lambda$354/0x00000001002fb840.run(Unknown Source)
	at java.base@11.0.19/java.util.concurrent.Executors$RunnableAdapter.call(Executors.java:515)
	at java.base@11.0.19/java.util.concurrent.FutureTask.run(FutureTask.java:264)
	...

	Number of locked synchronizers = 1
	- java.util.concurrent.ThreadPoolExecutor$Worker@21fcde93


"s0@group-C92E7B86EDFC-StateMachineUpdater" daemon prio=5 Id=790 TIMED_WAITING on java.util.concurrent.locks.AbstractQueuedSynchronizer$ConditionObject@5d7148e2
	at java.base@11.0.19/jdk.internal.misc.Unsafe.park(Native Method)
	-  waiting on java.util.concurrent.locks.AbstractQueuedSynchronizer$ConditionObject@5d7148e2
	at java.base@11.0.19/java.util.concurrent.locks.LockSupport.parkNanos(LockSupport.java:234)
	at java.base@11.0.19/java.util.concurrent.locks.AbstractQueuedSynchronizer$ConditionObject.await(AbstractQueuedSynchronizer.java:2211)
	at app//org.apache.ratis.util.AwaitForSignal.await(AwaitForSignal.java:62)
	at app//org.apache.ratis.server.impl.StateMachineUpdater.waitForCommit(StateMachineUpdater.java:208)
	at app//org.apache.ratis.server.impl.StateMachineUpdater.run(StateMachineUpdater.java:177)
	at java.base@11.0.19/java.lang.Thread.run(Thread.java:829)


"JvmPauseMonitor4" daemon prio=5 Id=791 TIMED_WAITING
	at java.base@11.0.19/java.lang.Thread.sleep(Native Method)
	at java.base@11.0.19/java.lang.Thread.sleep(Thread.java:334)
	at java.base@11.0.19/java.util.concurrent.TimeUnit.sleep(TimeUnit.java:446)
	at app//org.apache.ratis.util.TimeDuration.sleep(TimeDuration.java:325)
	at app//org.apache.ratis.util.TimeDuration.sleep(TimeDuration.java:310)
	at app//org.apache.ratis.util.JvmPauseMonitor.detectPause(JvmPauseMonitor.java:117)
	at app//org.apache.ratis.util.JvmPauseMonitor.run(JvmPauseMonitor.java:106)
	at app//org.apache.ratis.util.JvmPauseMonitor$$Lambda$379/0x0000000100307040.run(Unknown Source)
	...


"s1@group-C92E7B86EDFC-SegmentedRaftLogWorker" daemon prio=5 Id=792 TIMED_WAITING on java.util.concurrent.locks.AbstractQueuedSynchronizer$ConditionObject@25fb8912
	at java.base@11.0.19/jdk.internal.misc.Unsafe.park(Native Method)
	-  waiting on java.util.concurrent.locks.AbstractQueuedSynchronizer$ConditionObject@25fb8912
	at java.base@11.0.19/java.util.concurrent.locks.LockSupport.parkNanos(LockSupport.java:234)
	at java.base@11.0.19/java.util.concurrent.locks.AbstractQueuedSynchronizer$ConditionObject.awaitNanos(AbstractQueuedSynchronizer.java:2123)
	at app//org.apache.ratis.util.DataBlockingQueue.poll(DataBlockingQueue.java:148)
	at app//org.apache.ratis.server.raftlog.segmented.SegmentedRaftLogWorker.run(SegmentedRaftLogWorker.java:295)
	at app//org.apache.ratis.server.raftlog.segmented.SegmentedRaftLogWorker$$Lambda$354/0x00000001002fb840.run(Unknown Source)
	at java.base@11.0.19/java.util.concurrent.Executors$RunnableAdapter.call(Executors.java:515)
	at java.base@11.0.19/java.util.concurrent.FutureTask.run(FutureTask.java:264)
	...

	Number of locked synchronizers = 1
	- java.util.concurrent.ThreadPoolExecutor$Worker@1fa4846d


"s1@group-C92E7B86EDFC-StateMachineUpdater" daemon prio=5 Id=794 TIMED_WAITING on java.util.concurrent.locks.AbstractQueuedSynchronizer$ConditionObject@7c24b813
	at java.base@11.0.19/jdk.internal.misc.Unsafe.park(Native Method)
	-  waiting on java.util.concurrent.locks.AbstractQueuedSynchronizer$ConditionObject@7c24b813
	at java.base@11.0.19/java.util.concurrent.locks.LockSupport.parkNanos(LockSupport.java:234)
	at java.base@11.0.19/java.util.concurrent.locks.AbstractQueuedSynchronizer$ConditionObject.await(AbstractQueuedSynchronizer.java:2211)
	at app//org.apache.ratis.util.AwaitForSignal.await(AwaitForSignal.java:62)
	at app//org.apache.ratis.server.impl.StateMachineUpdater.waitForCommit(StateMachineUpdater.java:208)
	at app//org.apache.ratis.server.impl.StateMachineUpdater.run(StateMachineUpdater.java:177)
	at java.base@11.0.19/java.lang.Thread.run(Thread.java:829)


"JvmPauseMonitor5" daemon prio=5 Id=795 TIMED_WAITING
	at java.base@11.0.19/java.lang.Thread.sleep(Native Method)
	at java.base@11.0.19/java.lang.Thread.sleep(Thread.java:334)
	at java.base@11.0.19/java.util.concurrent.TimeUnit.sleep(TimeUnit.java:446)
	at app//org.apache.ratis.util.TimeDuration.sleep(TimeDuration.java:325)
	at app//org.apache.ratis.util.TimeDuration.sleep(TimeDuration.java:310)
	at app//org.apache.ratis.util.JvmPauseMonitor.detectPause(JvmPauseMonitor.java:117)
	at app//org.apache.ratis.util.JvmPauseMonitor.run(JvmPauseMonitor.java:106)
	at app//org.apache.ratis.util.JvmPauseMonitor$$Lambda$379/0x0000000100307040.run(Unknown Source)
	...


"s2@group-C92E7B86EDFC-SegmentedRaftLogWorker" daemon prio=5 Id=796 TIMED_WAITING on java.util.concurrent.locks.AbstractQueuedSynchronizer$ConditionObject@2c35e847
	at java.base@11.0.19/jdk.internal.misc.Unsafe.park(Native Method)
	-  waiting on java.util.concurrent.locks.AbstractQueuedSynchronizer$ConditionObject@2c35e847
	at java.base@11.0.19/java.util.concurrent.locks.LockSupport.parkNanos(LockSupport.java:234)
	at java.base@11.0.19/java.util.concurrent.locks.AbstractQueuedSynchronizer$ConditionObject.awaitNanos(AbstractQueuedSynchronizer.java:2123)
	at app//org.apache.ratis.util.DataBlockingQueue.poll(DataBlockingQueue.java:148)
	at app//org.apache.ratis.server.raftlog.segmented.SegmentedRaftLogWorker.run(SegmentedRaftLogWorker.java:295)
	at app//org.apache.ratis.server.raftlog.segmented.SegmentedRaftLogWorker$$Lambda$354/0x00000001002fb840.run(Unknown Source)
	at java.base@11.0.19/java.util.concurrent.Executors$RunnableAdapter.call(Executors.java:515)
	at java.base@11.0.19/java.util.concurrent.FutureTask.run(FutureTask.java:264)
	...

	Number of locked synchronizers = 1
	- java.util.concurrent.ThreadPoolExecutor$Worker@4743aab3


"s2@group-C92E7B86EDFC-StateMachineUpdater" daemon prio=5 Id=798 TIMED_WAITING on java.util.concurrent.locks.AbstractQueuedSynchronizer$ConditionObject@7bd4937b
	at java.base@11.0.19/jdk.internal.misc.Unsafe.park(Native Method)
	-  waiting on java.util.concurrent.locks.AbstractQueuedSynchronizer$ConditionObject@7bd4937b
	at java.base@11.0.19/java.util.concurrent.locks.LockSupport.parkNanos(LockSupport.java:234)
	at java.base@11.0.19/java.util.concurrent.locks.AbstractQueuedSynchronizer$ConditionObject.await(AbstractQueuedSynchronizer.java:2211)
	at app//org.apache.ratis.util.AwaitForSignal.await(AwaitForSignal.java:62)
	at app//org.apache.ratis.server.impl.StateMachineUpdater.waitForCommit(StateMachineUpdater.java:208)
	at app//org.apache.ratis.server.impl.StateMachineUpdater.run(StateMachineUpdater.java:177)
	at java.base@11.0.19/java.lang.Thread.run(Thread.java:829)


"JvmPauseMonitor6" daemon prio=5 Id=799 TIMED_WAITING
	at java.base@11.0.19/java.lang.Thread.sleep(Native Method)
	at java.base@11.0.19/java.lang.Thread.sleep(Thread.java:334)
	at java.base@11.0.19/java.util.concurrent.TimeUnit.sleep(TimeUnit.java:446)
	at app//org.apache.ratis.util.TimeDuration.sleep(TimeDuration.java:325)
	at app//org.apache.ratis.util.TimeDuration.sleep(TimeDuration.java:310)
	at app//org.apache.ratis.util.JvmPauseMonitor.detectPause(JvmPauseMonitor.java:117)
	at app//org.apache.ratis.util.JvmPauseMonitor.run(JvmPauseMonitor.java:106)
	at app//org.apache.ratis.util.JvmPauseMonitor$$Lambda$379/0x0000000100307040.run(Unknown Source)
	...


"Timer-2" daemon prio=5 Id=800 TIMED_WAITING on java.util.TaskQueue@21e360a
	at java.base@11.0.19/java.lang.Object.wait(Native Method)
	-  waiting on java.util.TaskQueue@21e360a
	at java.base@11.0.19/java.util.TimerThread.mainLoop(Timer.java:553)
	at java.base@11.0.19/java.util.TimerThread.run(Timer.java:506)


"s2-server-thread2" daemon prio=5 Id=814 TIMED_WAITING on java.util.concurrent.SynchronousQueue$TransferStack@5ba3f27a
	at java.base@11.0.19/jdk.internal.misc.Unsafe.park(Native Method)
	-  waiting on java.util.concurrent.SynchronousQueue$TransferStack@5ba3f27a
	at java.base@11.0.19/java.util.concurrent.locks.LockSupport.parkNanos(LockSupport.java:234)
	at java.base@11.0.19/java.util.concurrent.SynchronousQueue$TransferStack.awaitFulfill(SynchronousQueue.java:462)
	at java.base@11.0.19/java.util.concurrent.SynchronousQueue$TransferStack.transfer(SynchronousQueue.java:361)
	at java.base@11.0.19/java.util.concurrent.SynchronousQueue.poll(SynchronousQueue.java:937)
	at java.base@11.0.19/java.util.concurrent.ThreadPoolExecutor.getTask(ThreadPoolExecutor.java:1053)
	at java.base@11.0.19/java.util.concurrent.ThreadPoolExecutor.runWorker(ThreadPoolExecutor.java:1114)
	at java.base@11.0.19/java.util.concurrent.ThreadPoolExecutor$Worker.run(ThreadPoolExecutor.java:628)
	...


"pool-7-thread-1" prio=5 Id=816 WAITING on java.util.concurrent.CompletableFuture$Signaller@58d75e99
	at java.base@11.0.19/jdk.internal.misc.Unsafe.park(Native Method)
	-  waiting on java.util.concurrent.CompletableFuture$Signaller@58d75e99
	at java.base@11.0.19/java.util.concurrent.locks.LockSupport.park(LockSupport.java:194)
	at java.base@11.0.19/java.util.concurrent.CompletableFuture$Signaller.block(CompletableFuture.java:1796)
	at java.base@11.0.19/java.util.concurrent.ForkJoinPool.managedBlock(ForkJoinPool.java:3128)
	at java.base@11.0.19/java.util.concurrent.CompletableFuture.waitingGet(CompletableFuture.java:1823)
	at java.base@11.0.19/java.util.concurrent.CompletableFuture.join(CompletableFuture.java:2043)
	at app//org.apache.ratis.datastream.DataStreamAsyncClusterTests$$Lambda$515/0x0000000100348c40.apply(Unknown Source)
	at java.base@11.0.19/java.util.stream.ReferencePipeline$3$1.accept(ReferencePipeline.java:195)
	...

	Number of locked synchronizers = 1
	- java.util.concurrent.ThreadPoolExecutor$Worker@47937b33


"pool-7-thread-2" prio=5 Id=817 WAITING on java.util.concurrent.CompletableFuture$Signaller@74751b3
	at java.base@11.0.19/jdk.internal.misc.Unsafe.park(Native Method)
	-  waiting on java.util.concurrent.CompletableFuture$Signaller@74751b3
	at java.base@11.0.19/java.util.concurrent.locks.LockSupport.park(LockSupport.java:194)
	at java.base@11.0.19/java.util.concurrent.CompletableFuture$Signaller.block(CompletableFuture.java:1796)
	at java.base@11.0.19/java.util.concurrent.ForkJoinPool.managedBlock(ForkJoinPool.java:3128)
	at java.base@11.0.19/java.util.concurrent.CompletableFuture.waitingGet(CompletableFuture.java:1823)
	at java.base@11.0.19/java.util.concurrent.CompletableFuture.join(CompletableFuture.java:2043)
	at app//org.apache.ratis.datastream.DataStreamAsyncClusterTests$$Lambda$515/0x0000000100348c40.apply(Unknown Source)
	at java.base@11.0.19/java.util.stream.ReferencePipeline$3$1.accept(ReferencePipeline.java:195)
	...

	Number of locked synchronizers = 1
	- java.util.concurrent.ThreadPoolExecutor$Worker@1c6d57b3


"pool-7-thread-3" prio=5 Id=818 WAITING on java.util.concurrent.CompletableFuture$Signaller@741a8937
	at java.base@11.0.19/jdk.internal.misc.Unsafe.park(Native Method)
	-  waiting on java.util.concurrent.CompletableFuture$Signaller@741a8937
	at java.base@11.0.19/java.util.concurrent.locks.LockSupport.park(LockSupport.java:194)
	at java.base@11.0.19/java.util.concurrent.CompletableFuture$Signaller.block(CompletableFuture.java:1796)
	at java.base@11.0.19/java.util.concurrent.ForkJoinPool.managedBlock(ForkJoinPool.java:3128)
	at java.base@11.0.19/java.util.concurrent.CompletableFuture.waitingGet(CompletableFuture.java:1823)
	at java.base@11.0.19/java.util.concurrent.CompletableFuture.join(CompletableFuture.java:2043)
	at app//org.apache.ratis.datastream.DataStreamAsyncClusterTests$$Lambda$601/0x000000010039ec40.apply(Unknown Source)
	at java.base@11.0.19/java.util.stream.ReferencePipeline$3$1.accept(ReferencePipeline.java:195)
	...

	Number of locked synchronizers = 1
	- java.util.concurrent.ThreadPoolExecutor$Worker@65ee1c36


"pool-7-thread-5" prio=5 Id=820 WAITING on java.util.concurrent.CompletableFuture$Signaller@306e95ec
	at java.base@11.0.19/jdk.internal.misc.Unsafe.park(Native Method)
	-  waiting on java.util.concurrent.CompletableFuture$Signaller@306e95ec
	at java.base@11.0.19/java.util.concurrent.locks.LockSupport.park(LockSupport.java:194)
	at java.base@11.0.19/java.util.concurrent.CompletableFuture$Signaller.block(CompletableFuture.java:1796)
	at java.base@11.0.19/java.util.concurrent.ForkJoinPool.managedBlock(ForkJoinPool.java:3128)
	at java.base@11.0.19/java.util.concurrent.CompletableFuture.waitingGet(CompletableFuture.java:1823)
	at java.base@11.0.19/java.util.concurrent.CompletableFuture.join(CompletableFuture.java:2043)
	at app//org.apache.ratis.datastream.DataStreamAsyncClusterTests$$Lambda$601/0x000000010039ec40.apply(Unknown Source)
	at java.base@11.0.19/java.util.stream.ReferencePipeline$3$1.accept(ReferencePipeline.java:195)
	...

	Number of locked synchronizers = 1
	- java.util.concurrent.ThreadPoolExecutor$Worker@6b29eefb


"pool-7-thread-6" prio=5 Id=821 WAITING on java.util.concurrent.CompletableFuture$Signaller@52af26ee
	at java.base@11.0.19/jdk.internal.misc.Unsafe.park(Native Method)
	-  waiting on java.util.concurrent.CompletableFuture$Signaller@52af26ee
	at java.base@11.0.19/java.util.concurrent.locks.LockSupport.park(LockSupport.java:194)
	at java.base@11.0.19/java.util.concurrent.CompletableFuture$Signaller.block(CompletableFuture.java:1796)
	at java.base@11.0.19/java.util.concurrent.ForkJoinPool.managedBlock(ForkJoinPool.java:3128)
	at java.base@11.0.19/java.util.concurrent.CompletableFuture.waitingGet(CompletableFuture.java:1823)
	at java.base@11.0.19/java.util.concurrent.CompletableFuture.join(CompletableFuture.java:2043)
	at app//org.apache.ratis.datastream.DataStreamAsyncClusterTests$$Lambda$601/0x000000010039ec40.apply(Unknown Source)
	at java.base@11.0.19/java.util.stream.ReferencePipeline$3$1.accept(ReferencePipeline.java:195)
	...

	Number of locked synchronizers = 1
	- java.util.concurrent.ThreadPoolExecutor$Worker@6f167746


"pool-7-thread-7" prio=5 Id=822 WAITING on java.util.concurrent.CompletableFuture$Signaller@6fd83fc1
	at java.base@11.0.19/jdk.internal.misc.Unsafe.park(Native Method)
	-  waiting on java.util.concurrent.CompletableFuture$Signaller@6fd83fc1
	at java.base@11.0.19/java.util.concurrent.locks.LockSupport.park(LockSupport.java:194)
	at java.base@11.0.19/java.util.concurrent.CompletableFuture$Signaller.block(CompletableFuture.java:1796)
	at java.base@11.0.19/java.util.concurrent.ForkJoinPool.managedBlock(ForkJoinPool.java:3128)
	at java.base@11.0.19/java.util.concurrent.CompletableFuture.waitingGet(CompletableFuture.java:1823)
	at java.base@11.0.19/java.util.concurrent.CompletableFuture.join(CompletableFuture.java:2043)
	at app//org.apache.ratis.datastream.DataStreamAsyncClusterTests$$Lambda$601/0x000000010039ec40.apply(Unknown Source)
	at java.base@11.0.19/java.util.stream.ReferencePipeline$3$1.accept(ReferencePipeline.java:195)
	...

	Number of locked synchronizers = 1
	- java.util.concurrent.ThreadPoolExecutor$Worker@2a14e4c0


"pool-7-thread-8" prio=5 Id=823 WAITING on java.util.concurrent.CompletableFuture$Signaller@4f2b503c
	at java.base@11.0.19/jdk.internal.misc.Unsafe.park(Native Method)
	-  waiting on java.util.concurrent.CompletableFuture$Signaller@4f2b503c
	at java.base@11.0.19/java.util.concurrent.locks.LockSupport.park(LockSupport.java:194)
	at java.base@11.0.19/java.util.concurrent.CompletableFuture$Signaller.block(CompletableFuture.java:1796)
	at java.base@11.0.19/java.util.concurrent.ForkJoinPool.managedBlock(ForkJoinPool.java:3128)
	at java.base@11.0.19/java.util.concurrent.CompletableFuture.waitingGet(CompletableFuture.java:1823)
	at java.base@11.0.19/java.util.concurrent.CompletableFuture.join(CompletableFuture.java:2043)
	at app//org.apache.ratis.datastream.DataStreamAsyncClusterTests$$Lambda$601/0x000000010039ec40.apply(Unknown Source)
	at java.base@11.0.19/java.util.stream.ReferencePipeline$3$1.accept(ReferencePipeline.java:195)
	...

	Number of locked synchronizers = 1
	- java.util.concurrent.ThreadPoolExecutor$Worker@3f0e5218


"pool-7-thread-4" prio=5 Id=819 WAITING on java.util.concurrent.CompletableFuture$Signaller@bae7dc0
	at java.base@11.0.19/jdk.internal.misc.Unsafe.park(Native Method)
	-  waiting on java.util.concurrent.CompletableFuture$Signaller@bae7dc0
	at java.base@11.0.19/java.util.concurrent.locks.LockSupport.park(LockSupport.java:194)
	at java.base@11.0.19/java.util.concurrent.CompletableFuture$Signaller.block(CompletableFuture.java:1796)
	at java.base@11.0.19/java.util.concurrent.ForkJoinPool.managedBlock(ForkJoinPool.java:3128)
	at java.base@11.0.19/java.util.concurrent.CompletableFuture.waitingGet(CompletableFuture.java:1823)
	at java.base@11.0.19/java.util.concurrent.CompletableFuture.join(CompletableFuture.java:2043)
	at app//org.apache.ratis.datastream.DataStreamAsyncClusterTests$$Lambda$601/0x000000010039ec40.apply(Unknown Source)
	at java.base@11.0.19/java.util.stream.ReferencePipeline$3$1.accept(ReferencePipeline.java:195)
	...

	Number of locked synchronizers = 1
	- java.util.concurrent.ThreadPoolExecutor$Worker@26299250


"pool-7-thread-9" prio=5 Id=824 WAITING on java.util.concurrent.CompletableFuture$Signaller@209da20d
	at java.base@11.0.19/jdk.internal.misc.Unsafe.park(Native Method)
	-  waiting on java.util.concurrent.CompletableFuture$Signaller@209da20d
	at java.base@11.0.19/java.util.concurrent.locks.LockSupport.park(LockSupport.java:194)
	at java.base@11.0.19/java.util.concurrent.CompletableFuture$Signaller.block(CompletableFuture.java:1796)
	at java.base@11.0.19/java.util.concurrent.ForkJoinPool.managedBlock(ForkJoinPool.java:3128)
	at java.base@11.0.19/java.util.concurrent.CompletableFuture.waitingGet(CompletableFuture.java:1823)
	at java.base@11.0.19/java.util.concurrent.CompletableFuture.join(CompletableFuture.java:2043)
	at app//org.apache.ratis.datastream.DataStreamAsyncClusterTests$$Lambda$601/0x000000010039ec40.apply(Unknown Source)
	at java.base@11.0.19/java.util.stream.ReferencePipeline$3$1.accept(ReferencePipeline.java:195)
	...

	Number of locked synchronizers = 1
	- java.util.concurrent.ThreadPoolExecutor$Worker@28ee78e5


"NettyClientStreamRpc-workerGroup--thread1" prio=5 Id=825 RUNNABLE (in native)
	at java.base@11.0.19/sun.nio.ch.EPoll.wait(Native Method)
	at java.base@11.0.19/sun.nio.ch.EPollSelectorImpl.doSelect(EPollSelectorImpl.java:120)
	at java.base@11.0.19/sun.nio.ch.SelectorImpl.lockAndDoSelect(SelectorImpl.java:124)
	-  locked org.apache.ratis.thirdparty.io.netty.channel.nio.SelectedSelectionKeySet@e15b7e8
	-  locked sun.nio.ch.EPollSelectorImpl@1b2abca6
	at java.base@11.0.19/sun.nio.ch.SelectorImpl.select(SelectorImpl.java:141)
	at app//org.apache.ratis.thirdparty.io.netty.channel.nio.SelectedSelectionKeySetSelector.select(SelectedSelectionKeySetSelector.java:68)
	at app//org.apache.ratis.thirdparty.io.netty.channel.nio.NioEventLoop.select(NioEventLoop.java:879)
	at app//org.apache.ratis.thirdparty.io.netty.channel.nio.NioEventLoop.run(NioEventLoop.java:526)
	at app//org.apache.ratis.thirdparty.io.netty.util.concurrent.SingleThreadEventExecutor$4.run(SingleThreadEventExecutor.java:997)
	...


"NettyClientStreamRpc-workerGroup--thread1" prio=5 Id=827 RUNNABLE (in native)
	at java.base@11.0.19/sun.nio.ch.EPoll.wait(Native Method)
	at java.base@11.0.19/sun.nio.ch.EPollSelectorImpl.doSelect(EPollSelectorImpl.java:120)
	at java.base@11.0.19/sun.nio.ch.SelectorImpl.lockAndDoSelect(SelectorImpl.java:124)
	-  locked org.apache.ratis.thirdparty.io.netty.channel.nio.SelectedSelectionKeySet@6392827e
	-  locked sun.nio.ch.EPollSelectorImpl@2ed2d9cb
	at java.base@11.0.19/sun.nio.ch.SelectorImpl.select(SelectorImpl.java:141)
	at app//org.apache.ratis.thirdparty.io.netty.channel.nio.SelectedSelectionKeySetSelector.select(SelectedSelectionKeySetSelector.java:68)
	at app//org.apache.ratis.thirdparty.io.netty.channel.nio.NioEventLoop.select(NioEventLoop.java:879)
	at app//org.apache.ratis.thirdparty.io.netty.channel.nio.NioEventLoop.run(NioEventLoop.java:526)
	at app//org.apache.ratis.thirdparty.io.netty.util.concurrent.SingleThreadEventExecutor$4.run(SingleThreadEventExecutor.java:997)
	...


"NettyClientStreamRpc-workerGroup--thread1" prio=5 Id=826 RUNNABLE (in native)
	at java.base@11.0.19/sun.nio.ch.EPoll.wait(Native Method)
	at java.base@11.0.19/sun.nio.ch.EPollSelectorImpl.doSelect(EPollSelectorImpl.java:120)
	at java.base@11.0.19/sun.nio.ch.SelectorImpl.lockAndDoSelect(SelectorImpl.java:124)
	-  locked org.apache.ratis.thirdparty.io.netty.channel.nio.SelectedSelectionKeySet@d5b810e
	-  locked sun.nio.ch.EPollSelectorImpl@43dac38f
	at java.base@11.0.19/sun.nio.ch.SelectorImpl.select(SelectorImpl.java:141)
	at app//org.apache.ratis.thirdparty.io.netty.channel.nio.SelectedSelectionKeySetSelector.select(SelectedSelectionKeySetSelector.java:68)
	at app//org.apache.ratis.thirdparty.io.netty.channel.nio.NioEventLoop.select(NioEventLoop.java:879)
	at app//org.apache.ratis.thirdparty.io.netty.channel.nio.NioEventLoop.run(NioEventLoop.java:526)
	at app//org.apache.ratis.thirdparty.io.netty.util.concurrent.SingleThreadEventExecutor$4.run(SingleThreadEventExecutor.java:997)
	...


"NettyClientStreamRpc-workerGroup--thread1" prio=5 Id=835 RUNNABLE (in native)
	at java.base@11.0.19/sun.nio.ch.EPoll.wait(Native Method)
	at java.base@11.0.19/sun.nio.ch.EPollSelectorImpl.doSelect(EPollSelectorImpl.java:120)
	at java.base@11.0.19/sun.nio.ch.SelectorImpl.lockAndDoSelect(SelectorImpl.java:124)
	-  locked org.apache.ratis.thirdparty.io.netty.channel.nio.SelectedSelectionKeySet@342c38f8
	-  locked sun.nio.ch.EPollSelectorImpl@c88a337
	at java.base@11.0.19/sun.nio.ch.SelectorImpl.select(SelectorImpl.java:141)
	at app//org.apache.ratis.thirdparty.io.netty.channel.nio.SelectedSelectionKeySetSelector.select(SelectedSelectionKeySetSelector.java:68)
	at app//org.apache.ratis.thirdparty.io.netty.channel.nio.NioEventLoop.select(NioEventLoop.java:879)
	at app//org.apache.ratis.thirdparty.io.netty.channel.nio.NioEventLoop.run(NioEventLoop.java:526)
	at app//org.apache.ratis.thirdparty.io.netty.util.concurrent.SingleThreadEventExecutor$4.run(SingleThreadEventExecutor.java:997)
	...


"NettyClientStreamRpc-workerGroup--thread1" prio=5 Id=834 RUNNABLE (in native)
	at java.base@11.0.19/sun.nio.ch.EPoll.wait(Native Method)
	at java.base@11.0.19/sun.nio.ch.EPollSelectorImpl.doSelect(EPollSelectorImpl.java:120)
	at java.base@11.0.19/sun.nio.ch.SelectorImpl.lockAndDoSelect(SelectorImpl.java:124)
	-  locked org.apache.ratis.thirdparty.io.netty.channel.nio.SelectedSelectionKeySet@5d0a1059
	-  locked sun.nio.ch.EPollSelectorImpl@485966cc
	at java.base@11.0.19/sun.nio.ch.SelectorImpl.select(SelectorImpl.java:141)
	at app//org.apache.ratis.thirdparty.io.netty.channel.nio.SelectedSelectionKeySetSelector.select(SelectedSelectionKeySetSelector.java:68)
	at app//org.apache.ratis.thirdparty.io.netty.channel.nio.NioEventLoop.select(NioEventLoop.java:879)
	at app//org.apache.ratis.thirdparty.io.netty.channel.nio.NioEventLoop.run(NioEventLoop.java:526)
	at app//org.apache.ratis.thirdparty.io.netty.util.concurrent.SingleThreadEventExecutor$4.run(SingleThreadEventExecutor.java:997)
	...


"NettyClientStreamRpc-workerGroup--thread1" prio=5 Id=833 RUNNABLE (in native)
	at java.base@11.0.19/sun.nio.ch.EPoll.wait(Native Method)
	at java.base@11.0.19/sun.nio.ch.EPollSelectorImpl.doSelect(EPollSelectorImpl.java:120)
	at java.base@11.0.19/sun.nio.ch.SelectorImpl.lockAndDoSelect(SelectorImpl.java:124)
	-  locked org.apache.ratis.thirdparty.io.netty.channel.nio.SelectedSelectionKeySet@1de76cc7
	-  locked sun.nio.ch.EPollSelectorImpl@54bff557
	at java.base@11.0.19/sun.nio.ch.SelectorImpl.select(SelectorImpl.java:141)
	at app//org.apache.ratis.thirdparty.io.netty.channel.nio.SelectedSelectionKeySetSelector.select(SelectedSelectionKeySetSelector.java:68)
	at app//org.apache.ratis.thirdparty.io.netty.channel.nio.NioEventLoop.select(NioEventLoop.java:879)
	at app//org.apache.ratis.thirdparty.io.netty.channel.nio.NioEventLoop.run(NioEventLoop.java:526)
	at app//org.apache.ratis.thirdparty.io.netty.util.concurrent.SingleThreadEventExecutor$4.run(SingleThreadEventExecutor.java:997)
	...


"pool-7-thread-11" prio=5 Id=832 WAITING on java.util.concurrent.CompletableFuture$Signaller@593aaf41
	at java.base@11.0.19/jdk.internal.misc.Unsafe.park(Native Method)
	-  waiting on java.util.concurrent.CompletableFuture$Signaller@593aaf41
	at java.base@11.0.19/java.util.concurrent.locks.LockSupport.park(LockSupport.java:194)
	at java.base@11.0.19/java.util.concurrent.CompletableFuture$Signaller.block(CompletableFuture.java:1796)
	at java.base@11.0.19/java.util.concurrent.ForkJoinPool.managedBlock(ForkJoinPool.java:3128)
	at java.base@11.0.19/java.util.concurrent.CompletableFuture.waitingGet(CompletableFuture.java:1823)
	at java.base@11.0.19/java.util.concurrent.CompletableFuture.join(CompletableFuture.java:2043)
	at app//org.apache.ratis.datastream.DataStreamAsyncClusterTests.lambda$runTestDataStream$5(DataStreamAsyncClusterTests.java:157)
	at app//org.apache.ratis.datastream.DataStreamAsyncClusterTests$$Lambda$595/0x0000000100398440.get(Unknown Source)
	...

	Number of locked synchronizers = 1
	- java.util.concurrent.ThreadPoolExecutor$Worker@6bc72ea6


"s0-NettyServerStreamRpc-workerGroup--thread1" daemon prio=5 Id=831 RUNNABLE (in native)
	at java.base@11.0.19/sun.nio.ch.EPoll.wait(Native Method)
	at java.base@11.0.19/sun.nio.ch.EPollSelectorImpl.doSelect(EPollSelectorImpl.java:120)
	at java.base@11.0.19/sun.nio.ch.SelectorImpl.lockAndDoSelect(SelectorImpl.java:124)
	-  locked org.apache.ratis.thirdparty.io.netty.channel.nio.SelectedSelectionKeySet@5a56cdac
	-  locked sun.nio.ch.EPollSelectorImpl@7c711375
	at java.base@11.0.19/sun.nio.ch.SelectorImpl.select(SelectorImpl.java:141)
	at app//org.apache.ratis.thirdparty.io.netty.channel.nio.SelectedSelectionKeySetSelector.select(SelectedSelectionKeySetSelector.java:68)
	at app//org.apache.ratis.thirdparty.io.netty.channel.nio.NioEventLoop.select(NioEventLoop.java:879)
	at app//org.apache.ratis.thirdparty.io.netty.channel.nio.NioEventLoop.run(NioEventLoop.java:526)
	at app//org.apache.ratis.thirdparty.io.netty.util.concurrent.SingleThreadEventExecutor$4.run(SingleThreadEventExecutor.java:997)
	...


"NettyClientStreamRpc-workerGroup--thread1" prio=5 Id=830 RUNNABLE (in native)
	at java.base@11.0.19/sun.nio.ch.EPoll.wait(Native Method)
	at java.base@11.0.19/sun.nio.ch.EPollSelectorImpl.doSelect(EPollSelectorImpl.java:120)
	at java.base@11.0.19/sun.nio.ch.SelectorImpl.lockAndDoSelect(SelectorImpl.java:124)
	-  locked org.apache.ratis.thirdparty.io.netty.channel.nio.SelectedSelectionKeySet@57cf54e1
	-  locked sun.nio.ch.EPollSelectorImpl@5b03b9fe
	at java.base@11.0.19/sun.nio.ch.SelectorImpl.select(SelectorImpl.java:141)
	at app//org.apache.ratis.thirdparty.io.netty.channel.nio.SelectedSelectionKeySetSelector.select(SelectedSelectionKeySetSelector.java:68)
	at app//org.apache.ratis.thirdparty.io.netty.channel.nio.NioEventLoop.select(NioEventLoop.java:879)
	at app//org.apache.ratis.thirdparty.io.netty.channel.nio.NioEventLoop.run(NioEventLoop.java:526)
	at app//org.apache.ratis.thirdparty.io.netty.util.concurrent.SingleThreadEventExecutor$4.run(SingleThreadEventExecutor.java:997)
	...


"s1-NettyServerStreamRpc-workerGroup--thread1" daemon prio=5 Id=829 RUNNABLE (in native)
	at java.base@11.0.19/sun.nio.ch.EPoll.wait(Native Method)
	at java.base@11.0.19/sun.nio.ch.EPollSelectorImpl.doSelect(EPollSelectorImpl.java:120)
	at java.base@11.0.19/sun.nio.ch.SelectorImpl.lockAndDoSelect(SelectorImpl.java:124)
	-  locked org.apache.ratis.thirdparty.io.netty.channel.nio.SelectedSelectionKeySet@37d4349f
	-  locked sun.nio.ch.EPollSelectorImpl@434a63ab
	at java.base@11.0.19/sun.nio.ch.SelectorImpl.select(SelectorImpl.java:141)
	at app//org.apache.ratis.thirdparty.io.netty.channel.nio.SelectedSelectionKeySetSelector.select(SelectedSelectionKeySetSelector.java:68)
	at app//org.apache.ratis.thirdparty.io.netty.channel.nio.NioEventLoop.select(NioEventLoop.java:879)
	at app//org.apache.ratis.thirdparty.io.netty.channel.nio.NioEventLoop.run(NioEventLoop.java:526)
	at app//org.apache.ratis.thirdparty.io.netty.util.concurrent.SingleThreadEventExecutor$4.run(SingleThreadEventExecutor.java:997)
	...


"pool-7-thread-10" prio=5 Id=828 WAITING on java.util.concurrent.CompletableFuture$Signaller@6e0f5f7f
	at java.base@11.0.19/jdk.internal.misc.Unsafe.park(Native Method)
	-  waiting on java.util.concurrent.CompletableFuture$Signaller@6e0f5f7f
	at java.base@11.0.19/java.util.concurrent.locks.LockSupport.park(LockSupport.java:194)
	at java.base@11.0.19/java.util.concurrent.CompletableFuture$Signaller.block(CompletableFuture.java:1796)
	at java.base@11.0.19/java.util.concurrent.ForkJoinPool.managedBlock(ForkJoinPool.java:3128)
	at java.base@11.0.19/java.util.concurrent.CompletableFuture.waitingGet(CompletableFuture.java:1823)
	at java.base@11.0.19/java.util.concurrent.CompletableFuture.join(CompletableFuture.java:2043)
	at app//org.apache.ratis.datastream.DataStreamAsyncClusterTests.lambda$runTestDataStream$5(DataStreamAsyncClusterTests.java:157)
	at app//org.apache.ratis.datastream.DataStreamAsyncClusterTests$$Lambda$595/0x0000000100398440.get(Unknown Source)
	...

	Number of locked synchronizers = 1
	- java.util.concurrent.ThreadPoolExecutor$Worker@12b8c35c


"NettyClientStreamRpc-workerGroup--thread1" daemon prio=5 Id=844 RUNNABLE (in native)
	at java.base@11.0.19/sun.nio.ch.EPoll.wait(Native Method)
	at java.base@11.0.19/sun.nio.ch.EPollSelectorImpl.doSelect(EPollSelectorImpl.java:120)
	at java.base@11.0.19/sun.nio.ch.SelectorImpl.lockAndDoSelect(SelectorImpl.java:124)
	-  locked org.apache.ratis.thirdparty.io.netty.channel.nio.SelectedSelectionKeySet@2805d709
	-  locked sun.nio.ch.EPollSelectorImpl@3ee37e5a
	at java.base@11.0.19/sun.nio.ch.SelectorImpl.select(SelectorImpl.java:141)
	at app//org.apache.ratis.thirdparty.io.netty.channel.nio.SelectedSelectionKeySetSelector.select(SelectedSelectionKeySetSelector.java:68)
	at app//org.apache.ratis.thirdparty.io.netty.channel.nio.NioEventLoop.select(NioEventLoop.java:879)
	at app//org.apache.ratis.thirdparty.io.netty.channel.nio.NioEventLoop.run(NioEventLoop.java:526)
	at app//org.apache.ratis.thirdparty.io.netty.util.concurrent.SingleThreadEventExecutor$4.run(SingleThreadEventExecutor.java:997)
	...


"NettyClientStreamRpc-workerGroup--thread1" daemon prio=5 Id=843 RUNNABLE (in native)
	at java.base@11.0.19/sun.nio.ch.EPoll.wait(Native Method)
	at java.base@11.0.19/sun.nio.ch.EPollSelectorImpl.doSelect(EPollSelectorImpl.java:120)
	at java.base@11.0.19/sun.nio.ch.SelectorImpl.lockAndDoSelect(SelectorImpl.java:124)
	-  locked org.apache.ratis.thirdparty.io.netty.channel.nio.SelectedSelectionKeySet@2ea41516
	-  locked sun.nio.ch.EPollSelectorImpl@3a44431a
	at java.base@11.0.19/sun.nio.ch.SelectorImpl.select(SelectorImpl.java:141)
	at app//org.apache.ratis.thirdparty.io.netty.channel.nio.SelectedSelectionKeySetSelector.select(SelectedSelectionKeySetSelector.java:68)
	at app//org.apache.ratis.thirdparty.io.netty.channel.nio.NioEventLoop.select(NioEventLoop.java:879)
	at app//org.apache.ratis.thirdparty.io.netty.channel.nio.NioEventLoop.run(NioEventLoop.java:526)
	at app//org.apache.ratis.thirdparty.io.netty.util.concurrent.SingleThreadEventExecutor$4.run(SingleThreadEventExecutor.java:997)
	...


"s0-NettyServerStreamRpc-workerGroup--thread2" daemon prio=5 Id=842 RUNNABLE (in native)
	at java.base@11.0.19/sun.nio.ch.EPoll.wait(Native Method)
	at java.base@11.0.19/sun.nio.ch.EPollSelectorImpl.doSelect(EPollSelectorImpl.java:120)
	at java.base@11.0.19/sun.nio.ch.SelectorImpl.lockAndDoSelect(SelectorImpl.java:124)
	-  locked org.apache.ratis.thirdparty.io.netty.channel.nio.SelectedSelectionKeySet@3c7f66c4
	-  locked sun.nio.ch.EPollSelectorImpl@194bcebf
	at java.base@11.0.19/sun.nio.ch.SelectorImpl.select(SelectorImpl.java:141)
	at app//org.apache.ratis.thirdparty.io.netty.channel.nio.SelectedSelectionKeySetSelector.select(SelectedSelectionKeySetSelector.java:68)
	at app//org.apache.ratis.thirdparty.io.netty.channel.nio.NioEventLoop.select(NioEventLoop.java:879)
	at app//org.apache.ratis.thirdparty.io.netty.channel.nio.NioEventLoop.run(NioEventLoop.java:526)
	at app//org.apache.ratis.thirdparty.io.netty.util.concurrent.SingleThreadEventExecutor$4.run(SingleThreadEventExecutor.java:997)
	...


"s0-NettyServerStreamRpc-workerGroup--thread3" daemon prio=5 Id=848 RUNNABLE (in native)
	at java.base@11.0.19/sun.nio.ch.EPoll.wait(Native Method)
	at java.base@11.0.19/sun.nio.ch.EPollSelectorImpl.doSelect(EPollSelectorImpl.java:120)
	at java.base@11.0.19/sun.nio.ch.SelectorImpl.lockAndDoSelect(SelectorImpl.java:124)
	-  locked org.apache.ratis.thirdparty.io.netty.channel.nio.SelectedSelectionKeySet@17497425
	-  locked sun.nio.ch.EPollSelectorImpl@f0da945
	at java.base@11.0.19/sun.nio.ch.SelectorImpl.select(SelectorImpl.java:141)
	at app//org.apache.ratis.thirdparty.io.netty.channel.nio.SelectedSelectionKeySetSelector.select(SelectedSelectionKeySetSelector.java:68)
	at app//org.apache.ratis.thirdparty.io.netty.channel.nio.NioEventLoop.select(NioEventLoop.java:879)
	at app//org.apache.ratis.thirdparty.io.netty.channel.nio.NioEventLoop.run(NioEventLoop.java:526)
	at app//org.apache.ratis.thirdparty.io.netty.util.concurrent.SingleThreadEventExecutor$4.run(SingleThreadEventExecutor.java:997)
	...


"s0-NettyServerStreamRpc-workerGroup--thread4" daemon prio=5 Id=849 RUNNABLE (in native)
	at java.base@11.0.19/sun.nio.ch.EPoll.wait(Native Method)
	at java.base@11.0.19/sun.nio.ch.EPollSelectorImpl.doSelect(EPollSelectorImpl.java:120)
	at java.base@11.0.19/sun.nio.ch.SelectorImpl.lockAndDoSelect(SelectorImpl.java:124)
	-  locked org.apache.ratis.thirdparty.io.netty.channel.nio.SelectedSelectionKeySet@4803b726
	-  locked sun.nio.ch.EPollSelectorImpl@ffaa6af
	at java.base@11.0.19/sun.nio.ch.SelectorImpl.select(SelectorImpl.java:141)
	at app//org.apache.ratis.thirdparty.io.netty.channel.nio.SelectedSelectionKeySetSelector.select(SelectedSelectionKeySetSelector.java:68)
	at app//org.apache.ratis.thirdparty.io.netty.channel.nio.NioEventLoop.select(NioEventLoop.java:879)
	at app//org.apache.ratis.thirdparty.io.netty.channel.nio.NioEventLoop.run(NioEventLoop.java:526)
	at app//org.apache.ratis.thirdparty.io.netty.util.concurrent.SingleThreadEventExecutor$4.run(SingleThreadEventExecutor.java:997)
	...


"pool-7-thread-16" prio=5 Id=841 WAITING on java.util.concurrent.CompletableFuture$Signaller@53ce1329
	at java.base@11.0.19/jdk.internal.misc.Unsafe.park(Native Method)
	-  waiting on java.util.concurrent.CompletableFuture$Signaller@53ce1329
	at java.base@11.0.19/java.util.concurrent.locks.LockSupport.park(LockSupport.java:194)
	at java.base@11.0.19/java.util.concurrent.CompletableFuture$Signaller.block(CompletableFuture.java:1796)
	at java.base@11.0.19/java.util.concurrent.ForkJoinPool.managedBlock(ForkJoinPool.java:3128)
	at java.base@11.0.19/java.util.concurrent.CompletableFuture.waitingGet(CompletableFuture.java:1823)
	at java.base@11.0.19/java.util.concurrent.CompletableFuture.join(CompletableFuture.java:2043)
	at app//org.apache.ratis.datastream.DataStreamAsyncClusterTests.lambda$runTestDataStream$5(DataStreamAsyncClusterTests.java:157)
	at app//org.apache.ratis.datastream.DataStreamAsyncClusterTests$$Lambda$595/0x0000000100398440.get(Unknown Source)
	...

	Number of locked synchronizers = 1
	- java.util.concurrent.ThreadPoolExecutor$Worker@70a5e739


"pool-7-thread-15" prio=5 Id=840 WAITING on java.util.concurrent.CompletableFuture$Signaller@316bcf94
	at java.base@11.0.19/jdk.internal.misc.Unsafe.park(Native Method)
	-  waiting on java.util.concurrent.CompletableFuture$Signaller@316bcf94
	at java.base@11.0.19/java.util.concurrent.locks.LockSupport.park(LockSupport.java:194)
	at java.base@11.0.19/java.util.concurrent.CompletableFuture$Signaller.block(CompletableFuture.java:1796)
	at java.base@11.0.19/java.util.concurrent.ForkJoinPool.managedBlock(ForkJoinPool.java:3128)
	at java.base@11.0.19/java.util.concurrent.CompletableFuture.waitingGet(CompletableFuture.java:1823)
	at java.base@11.0.19/java.util.concurrent.CompletableFuture.join(CompletableFuture.java:2043)
	at app//org.apache.ratis.datastream.DataStreamAsyncClusterTests.lambda$runTestDataStream$5(DataStreamAsyncClusterTests.java:157)
	at app//org.apache.ratis.datastream.DataStreamAsyncClusterTests$$Lambda$595/0x0000000100398440.get(Unknown Source)
	...

	Number of locked synchronizers = 1
	- java.util.concurrent.ThreadPoolExecutor$Worker@58a48c68


"pool-7-thread-14" prio=5 Id=839 WAITING on java.util.concurrent.CompletableFuture$Signaller@6404f418
	at java.base@11.0.19/jdk.internal.misc.Unsafe.park(Native Method)
	-  waiting on java.util.concurrent.CompletableFuture$Signaller@6404f418
	at java.base@11.0.19/java.util.concurrent.locks.LockSupport.park(LockSupport.java:194)
	at java.base@11.0.19/java.util.concurrent.CompletableFuture$Signaller.block(CompletableFuture.java:1796)
	at java.base@11.0.19/java.util.concurrent.ForkJoinPool.managedBlock(ForkJoinPool.java:3128)
	at java.base@11.0.19/java.util.concurrent.CompletableFuture.waitingGet(CompletableFuture.java:1823)
	at java.base@11.0.19/java.util.concurrent.CompletableFuture.join(CompletableFuture.java:2043)
	at app//org.apache.ratis.datastream.DataStreamAsyncClusterTests.lambda$runTestDataStream$5(DataStreamAsyncClusterTests.java:157)
	at app//org.apache.ratis.datastream.DataStreamAsyncClusterTests$$Lambda$595/0x0000000100398440.get(Unknown Source)
	...

	Number of locked synchronizers = 1
	- java.util.concurrent.ThreadPoolExecutor$Worker@2f8412f9


"pool-7-thread-13" prio=5 Id=838 WAITING on java.util.concurrent.CompletableFuture$Signaller@3e11f9e9
	at java.base@11.0.19/jdk.internal.misc.Unsafe.park(Native Method)
	-  waiting on java.util.concurrent.CompletableFuture$Signaller@3e11f9e9
	at java.base@11.0.19/java.util.concurrent.locks.LockSupport.park(LockSupport.java:194)
	at java.base@11.0.19/java.util.concurrent.CompletableFuture$Signaller.block(CompletableFuture.java:1796)
	at java.base@11.0.19/java.util.concurrent.ForkJoinPool.managedBlock(ForkJoinPool.java:3128)
	at java.base@11.0.19/java.util.concurrent.CompletableFuture.waitingGet(CompletableFuture.java:1823)
	at java.base@11.0.19/java.util.concurrent.CompletableFuture.join(CompletableFuture.java:2043)
	at app//org.apache.ratis.datastream.DataStreamAsyncClusterTests.lambda$runTestDataStream$5(DataStreamAsyncClusterTests.java:157)
	at app//org.apache.ratis.datastream.DataStreamAsyncClusterTests$$Lambda$595/0x0000000100398440.get(Unknown Source)
	...

	Number of locked synchronizers = 1
	- java.util.concurrent.ThreadPoolExecutor$Worker@20d8356b


"s2-NettyServerStreamRpc-workerGroup--thread1" daemon prio=5 Id=837 RUNNABLE (in native)
	at java.base@11.0.19/sun.nio.ch.EPoll.wait(Native Method)
	at java.base@11.0.19/sun.nio.ch.EPollSelectorImpl.doSelect(EPollSelectorImpl.java:120)
	at java.base@11.0.19/sun.nio.ch.SelectorImpl.lockAndDoSelect(SelectorImpl.java:124)
	-  locked org.apache.ratis.thirdparty.io.netty.channel.nio.SelectedSelectionKeySet@1de5f259
	-  locked sun.nio.ch.EPollSelectorImpl@729d991e
	at java.base@11.0.19/sun.nio.ch.SelectorImpl.select(SelectorImpl.java:141)
	at app//org.apache.ratis.thirdparty.io.netty.channel.nio.SelectedSelectionKeySetSelector.select(SelectedSelectionKeySetSelector.java:68)
	at app//org.apache.ratis.thirdparty.io.netty.channel.nio.NioEventLoop.select(NioEventLoop.java:879)
	at app//org.apache.ratis.thirdparty.io.netty.channel.nio.NioEventLoop.run(NioEventLoop.java:526)
	at app//org.apache.ratis.thirdparty.io.netty.util.concurrent.SingleThreadEventExecutor$4.run(SingleThreadEventExecutor.java:997)
	...


"pool-7-thread-12" prio=5 Id=836 WAITING on java.util.concurrent.CompletableFuture$Signaller@31fa1761
	at java.base@11.0.19/jdk.internal.misc.Unsafe.park(Native Method)
	-  waiting on java.util.concurrent.CompletableFuture$Signaller@31fa1761
	at java.base@11.0.19/java.util.concurrent.locks.LockSupport.park(LockSupport.java:194)
	at java.base@11.0.19/java.util.concurrent.CompletableFuture$Signaller.block(CompletableFuture.java:1796)
	at java.base@11.0.19/java.util.concurrent.ForkJoinPool.managedBlock(ForkJoinPool.java:3128)
	at java.base@11.0.19/java.util.concurrent.CompletableFuture.waitingGet(CompletableFuture.java:1823)
	at java.base@11.0.19/java.util.concurrent.CompletableFuture.join(CompletableFuture.java:2043)
	at app//org.apache.ratis.datastream.DataStreamAsyncClusterTests.lambda$runTestDataStream$5(DataStreamAsyncClusterTests.java:157)
	at app//org.apache.ratis.datastream.DataStreamAsyncClusterTests$$Lambda$595/0x0000000100398440.get(Unknown Source)
	...

	Number of locked synchronizers = 1
	- java.util.concurrent.ThreadPoolExecutor$Worker@20f914a


"NettyClientStreamRpc-workerGroup--thread1" daemon prio=5 Id=852 RUNNABLE (in native)
	at java.base@11.0.19/sun.nio.ch.EPoll.wait(Native Method)
	at java.base@11.0.19/sun.nio.ch.EPollSelectorImpl.doSelect(EPollSelectorImpl.java:120)
	at java.base@11.0.19/sun.nio.ch.SelectorImpl.lockAndDoSelect(SelectorImpl.java:124)
	-  locked org.apache.ratis.thirdparty.io.netty.channel.nio.SelectedSelectionKeySet@957e06
	-  locked sun.nio.ch.EPollSelectorImpl@32502377
	at java.base@11.0.19/sun.nio.ch.SelectorImpl.select(SelectorImpl.java:141)
	at app//org.apache.ratis.thirdparty.io.netty.channel.nio.SelectedSelectionKeySetSelector.select(SelectedSelectionKeySetSelector.java:68)
	at app//org.apache.ratis.thirdparty.io.netty.channel.nio.NioEventLoop.select(NioEventLoop.java:879)
	at app//org.apache.ratis.thirdparty.io.netty.channel.nio.NioEventLoop.run(NioEventLoop.java:526)
	at app//org.apache.ratis.thirdparty.io.netty.util.concurrent.SingleThreadEventExecutor$4.run(SingleThreadEventExecutor.java:997)
	...


"NettyClientStreamRpc-workerGroup--thread1" daemon prio=5 Id=851 RUNNABLE (in native)
	at java.base@11.0.19/sun.nio.ch.EPoll.wait(Native Method)
	at java.base@11.0.19/sun.nio.ch.EPollSelectorImpl.doSelect(EPollSelectorImpl.java:120)
	at java.base@11.0.19/sun.nio.ch.SelectorImpl.lockAndDoSelect(SelectorImpl.java:124)
	-  locked org.apache.ratis.thirdparty.io.netty.channel.nio.SelectedSelectionKeySet@2c1b194a
	-  locked sun.nio.ch.EPollSelectorImpl@4dbb42b7
	at java.base@11.0.19/sun.nio.ch.SelectorImpl.select(SelectorImpl.java:141)
	at app//org.apache.ratis.thirdparty.io.netty.channel.nio.SelectedSelectionKeySetSelector.select(SelectedSelectionKeySetSelector.java:68)
	at app//org.apache.ratis.thirdparty.io.netty.channel.nio.NioEventLoop.select(NioEventLoop.java:879)
	at app//org.apache.ratis.thirdparty.io.netty.channel.nio.NioEventLoop.run(NioEventLoop.java:526)
	at app//org.apache.ratis.thirdparty.io.netty.util.concurrent.SingleThreadEventExecutor$4.run(SingleThreadEventExecutor.java:997)
	...


"NettyClientStreamRpc-workerGroup--thread1" daemon prio=5 Id=850 RUNNABLE (in native)
	at java.base@11.0.19/sun.nio.ch.EPoll.wait(Native Method)
	at java.base@11.0.19/sun.nio.ch.EPollSelectorImpl.doSelect(EPollSelectorImpl.java:120)
	at java.base@11.0.19/sun.nio.ch.SelectorImpl.lockAndDoSelect(SelectorImpl.java:124)
	-  locked org.apache.ratis.thirdparty.io.netty.channel.nio.SelectedSelectionKeySet@66f57048
	-  locked sun.nio.ch.EPollSelectorImpl@550dbc7a
	at java.base@11.0.19/sun.nio.ch.SelectorImpl.select(SelectorImpl.java:141)
	at app//org.apache.ratis.thirdparty.io.netty.channel.nio.SelectedSelectionKeySetSelector.select(SelectedSelectionKeySetSelector.java:68)
	at app//org.apache.ratis.thirdparty.io.netty.channel.nio.NioEventLoop.select(NioEventLoop.java:879)
	at app//org.apache.ratis.thirdparty.io.netty.channel.nio.NioEventLoop.run(NioEventLoop.java:526)
	at app//org.apache.ratis.thirdparty.io.netty.util.concurrent.SingleThreadEventExecutor$4.run(SingleThreadEventExecutor.java:997)
	...


"NettyClientStreamRpc-workerGroup--thread1" daemon prio=5 Id=847 RUNNABLE (in native)
	at java.base@11.0.19/sun.nio.ch.EPoll.wait(Native Method)
	at java.base@11.0.19/sun.nio.ch.EPollSelectorImpl.doSelect(EPollSelectorImpl.java:120)
	at java.base@11.0.19/sun.nio.ch.SelectorImpl.lockAndDoSelect(SelectorImpl.java:124)
	-  locked org.apache.ratis.thirdparty.io.netty.channel.nio.SelectedSelectionKeySet@21282ed8
	-  locked sun.nio.ch.EPollSelectorImpl@36916eb0
	at java.base@11.0.19/sun.nio.ch.SelectorImpl.select(SelectorImpl.java:141)
	at app//org.apache.ratis.thirdparty.io.netty.channel.nio.SelectedSelectionKeySetSelector.select(SelectedSelectionKeySetSelector.java:68)
	at app//org.apache.ratis.thirdparty.io.netty.channel.nio.NioEventLoop.select(NioEventLoop.java:879)
	at app//org.apache.ratis.thirdparty.io.netty.channel.nio.NioEventLoop.run(NioEventLoop.java:526)
	at app//org.apache.ratis.thirdparty.io.netty.util.concurrent.SingleThreadEventExecutor$4.run(SingleThreadEventExecutor.java:997)
	...


"s1-NettyServerStreamRpc-workerGroup--thread2" daemon prio=5 Id=846 RUNNABLE (in native)
	at java.base@11.0.19/sun.nio.ch.EPoll.wait(Native Method)
	at java.base@11.0.19/sun.nio.ch.EPollSelectorImpl.doSelect(EPollSelectorImpl.java:120)
	at java.base@11.0.19/sun.nio.ch.SelectorImpl.lockAndDoSelect(SelectorImpl.java:124)
	-  locked org.apache.ratis.thirdparty.io.netty.channel.nio.SelectedSelectionKeySet@7bab3f1a
	-  locked sun.nio.ch.EPollSelectorImpl@437da279
	at java.base@11.0.19/sun.nio.ch.SelectorImpl.select(SelectorImpl.java:141)
	at app//org.apache.ratis.thirdparty.io.netty.channel.nio.SelectedSelectionKeySetSelector.select(SelectedSelectionKeySetSelector.java:68)
	at app//org.apache.ratis.thirdparty.io.netty.channel.nio.NioEventLoop.select(NioEventLoop.java:879)
	at app//org.apache.ratis.thirdparty.io.netty.channel.nio.NioEventLoop.run(NioEventLoop.java:526)
	at app//org.apache.ratis.thirdparty.io.netty.util.concurrent.SingleThreadEventExecutor$4.run(SingleThreadEventExecutor.java:997)
	...


"s1-NettyServerStreamRpc-workerGroup--thread3" daemon prio=5 Id=858 RUNNABLE (in native)
	at java.base@11.0.19/sun.nio.ch.EPoll.wait(Native Method)
	at java.base@11.0.19/sun.nio.ch.EPollSelectorImpl.doSelect(EPollSelectorImpl.java:120)
	at java.base@11.0.19/sun.nio.ch.SelectorImpl.lockAndDoSelect(SelectorImpl.java:124)
	-  locked org.apache.ratis.thirdparty.io.netty.channel.nio.SelectedSelectionKeySet@23c30a20
	-  locked sun.nio.ch.EPollSelectorImpl@1e1a0406
	at java.base@11.0.19/sun.nio.ch.SelectorImpl.select(SelectorImpl.java:141)
	at app//org.apache.ratis.thirdparty.io.netty.channel.nio.SelectedSelectionKeySetSelector.select(SelectedSelectionKeySetSelector.java:68)
	at app//org.apache.ratis.thirdparty.io.netty.channel.nio.NioEventLoop.select(NioEventLoop.java:879)
	at app//org.apache.ratis.thirdparty.io.netty.channel.nio.NioEventLoop.run(NioEventLoop.java:526)
	at app//org.apache.ratis.thirdparty.io.netty.util.concurrent.SingleThreadEventExecutor$4.run(SingleThreadEventExecutor.java:997)
	...


"NettyClientStreamRpc-workerGroup--thread1" daemon prio=5 Id=845 RUNNABLE (in native)
	at java.base@11.0.19/sun.nio.ch.EPoll.wait(Native Method)
	at java.base@11.0.19/sun.nio.ch.EPollSelectorImpl.doSelect(EPollSelectorImpl.java:120)
	at java.base@11.0.19/sun.nio.ch.SelectorImpl.lockAndDoSelect(SelectorImpl.java:124)
	-  locked org.apache.ratis.thirdparty.io.netty.channel.nio.SelectedSelectionKeySet@3cebbb30
	-  locked sun.nio.ch.EPollSelectorImpl@12aba8be
	at java.base@11.0.19/sun.nio.ch.SelectorImpl.select(SelectorImpl.java:141)
	at app//org.apache.ratis.thirdparty.io.netty.channel.nio.SelectedSelectionKeySetSelector.select(SelectedSelectionKeySetSelector.java:68)
	at app//org.apache.ratis.thirdparty.io.netty.channel.nio.NioEventLoop.select(NioEventLoop.java:879)
	at app//org.apache.ratis.thirdparty.io.netty.channel.nio.NioEventLoop.run(NioEventLoop.java:526)
	at app//org.apache.ratis.thirdparty.io.netty.util.concurrent.SingleThreadEventExecutor$4.run(SingleThreadEventExecutor.java:997)
	...


"s1-DataStreamManagement-request--thread2" daemon prio=5 Id=860 WAITING on java.util.concurrent.locks.AbstractQueuedSynchronizer$ConditionObject@290222c1
	at java.base@11.0.19/jdk.internal.misc.Unsafe.park(Native Method)
	-  waiting on java.util.concurrent.locks.AbstractQueuedSynchronizer$ConditionObject@290222c1
	at java.base@11.0.19/java.util.concurrent.locks.LockSupport.park(LockSupport.java:194)
	at java.base@11.0.19/java.util.concurrent.locks.AbstractQueuedSynchronizer$ConditionObject.await(AbstractQueuedSynchronizer.java:2081)
	at java.base@11.0.19/java.util.concurrent.LinkedBlockingQueue.take(LinkedBlockingQueue.java:433)
	at java.base@11.0.19/java.util.concurrent.ThreadPoolExecutor.getTask(ThreadPoolExecutor.java:1054)
	at java.base@11.0.19/java.util.concurrent.ThreadPoolExecutor.runWorker(ThreadPoolExecutor.java:1114)
	at java.base@11.0.19/java.util.concurrent.ThreadPoolExecutor$Worker.run(ThreadPoolExecutor.java:628)
	at java.base@11.0.19/java.lang.Thread.run(Thread.java:829)


"s1-DataStreamManagement-request--thread1" daemon prio=5 Id=859 WAITING on java.util.concurrent.locks.AbstractQueuedSynchronizer$ConditionObject@290222c1
	at java.base@11.0.19/jdk.internal.misc.Unsafe.park(Native Method)
	-  waiting on java.util.concurrent.locks.AbstractQueuedSynchronizer$ConditionObject@290222c1
	at java.base@11.0.19/java.util.concurrent.locks.LockSupport.park(LockSupport.java:194)
	at java.base@11.0.19/java.util.concurrent.locks.AbstractQueuedSynchronizer$ConditionObject.await(AbstractQueuedSynchronizer.java:2081)
	at java.base@11.0.19/java.util.concurrent.LinkedBlockingQueue.take(LinkedBlockingQueue.java:433)
	at java.base@11.0.19/java.util.concurrent.ThreadPoolExecutor.getTask(ThreadPoolExecutor.java:1054)
	at java.base@11.0.19/java.util.concurrent.ThreadPoolExecutor.runWorker(ThreadPoolExecutor.java:1114)
	at java.base@11.0.19/java.util.concurrent.ThreadPoolExecutor$Worker.run(ThreadPoolExecutor.java:628)
	at java.base@11.0.19/java.lang.Thread.run(Thread.java:829)


"s1-DataStreamManagement-request--thread5" daemon prio=5 Id=863 WAITING on java.util.concurrent.locks.AbstractQueuedSynchronizer$ConditionObject@290222c1
	at java.base@11.0.19/jdk.internal.misc.Unsafe.park(Native Method)
	-  waiting on java.util.concurrent.locks.AbstractQueuedSynchronizer$ConditionObject@290222c1
	at java.base@11.0.19/java.util.concurrent.locks.LockSupport.park(LockSupport.java:194)
	at java.base@11.0.19/java.util.concurrent.locks.AbstractQueuedSynchronizer$ConditionObject.await(AbstractQueuedSynchronizer.java:2081)
	at java.base@11.0.19/java.util.concurrent.LinkedBlockingQueue.take(LinkedBlockingQueue.java:433)
	at java.base@11.0.19/java.util.concurrent.ThreadPoolExecutor.getTask(ThreadPoolExecutor.java:1054)
	at java.base@11.0.19/java.util.concurrent.ThreadPoolExecutor.runWorker(ThreadPoolExecutor.java:1114)
	at java.base@11.0.19/java.util.concurrent.ThreadPoolExecutor$Worker.run(ThreadPoolExecutor.java:628)
	at java.base@11.0.19/java.lang.Thread.run(Thread.java:829)


"s0-DataStreamManagement-request--thread2" daemon prio=5 Id=857 WAITING on java.util.concurrent.locks.AbstractQueuedSynchronizer$ConditionObject@67f639d3
	at java.base@11.0.19/jdk.internal.misc.Unsafe.park(Native Method)
	-  waiting on java.util.concurrent.locks.AbstractQueuedSynchronizer$ConditionObject@67f639d3
	at java.base@11.0.19/java.util.concurrent.locks.LockSupport.park(LockSupport.java:194)
	at java.base@11.0.19/java.util.concurrent.locks.AbstractQueuedSynchronizer$ConditionObject.await(AbstractQueuedSynchronizer.java:2081)
	at java.base@11.0.19/java.util.concurrent.LinkedBlockingQueue.take(LinkedBlockingQueue.java:433)
	at java.base@11.0.19/java.util.concurrent.ThreadPoolExecutor.getTask(ThreadPoolExecutor.java:1054)
	at java.base@11.0.19/java.util.concurrent.ThreadPoolExecutor.runWorker(ThreadPoolExecutor.java:1114)
	at java.base@11.0.19/java.util.concurrent.ThreadPoolExecutor$Worker.run(ThreadPoolExecutor.java:628)
	at java.base@11.0.19/java.lang.Thread.run(Thread.java:829)


"s0-DataStreamManagement-request--thread1" daemon prio=5 Id=856 WAITING on java.util.concurrent.locks.AbstractQueuedSynchronizer$ConditionObject@67f639d3
	at java.base@11.0.19/jdk.internal.misc.Unsafe.park(Native Method)
	-  waiting on java.util.concurrent.locks.AbstractQueuedSynchronizer$ConditionObject@67f639d3
	at java.base@11.0.19/java.util.concurrent.locks.LockSupport.park(LockSupport.java:194)
	at java.base@11.0.19/java.util.concurrent.locks.AbstractQueuedSynchronizer$ConditionObject.await(AbstractQueuedSynchronizer.java:2081)
	at java.base@11.0.19/java.util.concurrent.LinkedBlockingQueue.take(LinkedBlockingQueue.java:433)
	at java.base@11.0.19/java.util.concurrent.ThreadPoolExecutor.getTask(ThreadPoolExecutor.java:1054)
	at java.base@11.0.19/java.util.concurrent.ThreadPoolExecutor.runWorker(ThreadPoolExecutor.java:1114)
	at java.base@11.0.19/java.util.concurrent.ThreadPoolExecutor$Worker.run(ThreadPoolExecutor.java:628)
	at java.base@11.0.19/java.lang.Thread.run(Thread.java:829)


"s2-NettyServerStreamRpc-workerGroup--thread2" daemon prio=5 Id=855 RUNNABLE (in native)
	at java.base@11.0.19/sun.nio.ch.EPoll.wait(Native Method)
	at java.base@11.0.19/sun.nio.ch.EPollSelectorImpl.doSelect(EPollSelectorImpl.java:120)
	at java.base@11.0.19/sun.nio.ch.SelectorImpl.lockAndDoSelect(SelectorImpl.java:124)
	-  locked org.apache.ratis.thirdparty.io.netty.channel.nio.SelectedSelectionKeySet@6253c26
	-  locked sun.nio.ch.EPollSelectorImpl@49049a04
	at java.base@11.0.19/sun.nio.ch.SelectorImpl.select(SelectorImpl.java:141)
	at app//org.apache.ratis.thirdparty.io.netty.channel.nio.SelectedSelectionKeySetSelector.select(SelectedSelectionKeySetSelector.java:68)
	at app//org.apache.ratis.thirdparty.io.netty.channel.nio.NioEventLoop.select(NioEventLoop.java:879)
	at app//org.apache.ratis.thirdparty.io.netty.channel.nio.NioEventLoop.run(NioEventLoop.java:526)
	at app//org.apache.ratis.thirdparty.io.netty.util.concurrent.SingleThreadEventExecutor$4.run(SingleThreadEventExecutor.java:997)
	...


"s2-NettyServerStreamRpc-workerGroup--thread3" daemon prio=5 Id=869 RUNNABLE (in native)
	at java.base@11.0.19/sun.nio.ch.EPoll.wait(Native Method)
	at java.base@11.0.19/sun.nio.ch.EPollSelectorImpl.doSelect(EPollSelectorImpl.java:120)
	at java.base@11.0.19/sun.nio.ch.SelectorImpl.lockAndDoSelect(SelectorImpl.java:124)
	-  locked org.apache.ratis.thirdparty.io.netty.channel.nio.SelectedSelectionKeySet@71a8adcf
	-  locked sun.nio.ch.EPollSelectorImpl@27462a88
	at java.base@11.0.19/sun.nio.ch.SelectorImpl.select(SelectorImpl.java:141)
	at app//org.apache.ratis.thirdparty.io.netty.channel.nio.SelectedSelectionKeySetSelector.select(SelectedSelectionKeySetSelector.java:68)
	at app//org.apache.ratis.thirdparty.io.netty.channel.nio.NioEventLoop.select(NioEventLoop.java:879)
	at app//org.apache.ratis.thirdparty.io.netty.channel.nio.NioEventLoop.run(NioEventLoop.java:526)
	at app//org.apache.ratis.thirdparty.io.netty.util.concurrent.SingleThreadEventExecutor$4.run(SingleThreadEventExecutor.java:997)
	...


"NettyClientStreamRpc-workerGroup--thread1" daemon prio=5 Id=854 RUNNABLE (in native)
	at java.base@11.0.19/sun.nio.ch.EPoll.wait(Native Method)
	at java.base@11.0.19/sun.nio.ch.EPollSelectorImpl.doSelect(EPollSelectorImpl.java:120)
	at java.base@11.0.19/sun.nio.ch.SelectorImpl.lockAndDoSelect(SelectorImpl.java:124)
	-  locked org.apache.ratis.thirdparty.io.netty.channel.nio.SelectedSelectionKeySet@82de64a
	-  locked sun.nio.ch.EPollSelectorImpl@659499f1
	at java.base@11.0.19/sun.nio.ch.SelectorImpl.select(SelectorImpl.java:141)
	at app//org.apache.ratis.thirdparty.io.netty.channel.nio.SelectedSelectionKeySetSelector.select(SelectedSelectionKeySetSelector.java:68)
	at app//org.apache.ratis.thirdparty.io.netty.channel.nio.NioEventLoop.select(NioEventLoop.java:879)
	at app//org.apache.ratis.thirdparty.io.netty.channel.nio.NioEventLoop.run(NioEventLoop.java:526)
	at app//org.apache.ratis.thirdparty.io.netty.util.concurrent.SingleThreadEventExecutor$4.run(SingleThreadEventExecutor.java:997)
	...


"NettyClientStreamRpc-workerGroup--thread1" daemon prio=5 Id=853 RUNNABLE (in native)
	at java.base@11.0.19/sun.nio.ch.EPoll.wait(Native Method)
	at java.base@11.0.19/sun.nio.ch.EPollSelectorImpl.doSelect(EPollSelectorImpl.java:120)
	at java.base@11.0.19/sun.nio.ch.SelectorImpl.lockAndDoSelect(SelectorImpl.java:124)
	-  locked org.apache.ratis.thirdparty.io.netty.channel.nio.SelectedSelectionKeySet@51e69659
	-  locked sun.nio.ch.EPollSelectorImpl@47e2e487
	at java.base@11.0.19/sun.nio.ch.SelectorImpl.select(SelectorImpl.java:141)
	at app//org.apache.ratis.thirdparty.io.netty.channel.nio.SelectedSelectionKeySetSelector.select(SelectedSelectionKeySetSelector.java:68)
	at app//org.apache.ratis.thirdparty.io.netty.channel.nio.NioEventLoop.select(NioEventLoop.java:879)
	at app//org.apache.ratis.thirdparty.io.netty.channel.nio.NioEventLoop.run(NioEventLoop.java:526)
	at app//org.apache.ratis.thirdparty.io.netty.util.concurrent.SingleThreadEventExecutor$4.run(SingleThreadEventExecutor.java:997)
	...


"s0-DataStreamManagement-request--thread5" daemon prio=5 Id=875 WAITING on java.util.concurrent.locks.AbstractQueuedSynchronizer$ConditionObject@67f639d3
	at java.base@11.0.19/jdk.internal.misc.Unsafe.park(Native Method)
	-  waiting on java.util.concurrent.locks.AbstractQueuedSynchronizer$ConditionObject@67f639d3
	at java.base@11.0.19/java.util.concurrent.locks.LockSupport.park(LockSupport.java:194)
	at java.base@11.0.19/java.util.concurrent.locks.AbstractQueuedSynchronizer$ConditionObject.await(AbstractQueuedSynchronizer.java:2081)
	at java.base@11.0.19/java.util.concurrent.LinkedBlockingQueue.take(LinkedBlockingQueue.java:433)
	at java.base@11.0.19/java.util.concurrent.ThreadPoolExecutor.getTask(ThreadPoolExecutor.java:1054)
	at java.base@11.0.19/java.util.concurrent.ThreadPoolExecutor.runWorker(ThreadPoolExecutor.java:1114)
	at java.base@11.0.19/java.util.concurrent.ThreadPoolExecutor$Worker.run(ThreadPoolExecutor.java:628)
	at java.base@11.0.19/java.lang.Thread.run(Thread.java:829)


"s2-NettyServerStreamRpc-workerGroup--thread4" daemon prio=5 Id=874 RUNNABLE (in native)
	at java.base@11.0.19/sun.nio.ch.EPoll.wait(Native Method)
	at java.base@11.0.19/sun.nio.ch.EPollSelectorImpl.doSelect(EPollSelectorImpl.java:120)
	at java.base@11.0.19/sun.nio.ch.SelectorImpl.lockAndDoSelect(SelectorImpl.java:124)
	-  locked org.apache.ratis.thirdparty.io.netty.channel.nio.SelectedSelectionKeySet@201a4587
	-  locked sun.nio.ch.EPollSelectorImpl@61001b64
	at java.base@11.0.19/sun.nio.ch.SelectorImpl.select(SelectorImpl.java:141)
	at app//org.apache.ratis.thirdparty.io.netty.channel.nio.SelectedSelectionKeySetSelector.select(SelectedSelectionKeySetSelector.java:68)
	at app//org.apache.ratis.thirdparty.io.netty.channel.nio.NioEventLoop.select(NioEventLoop.java:879)
	at app//org.apache.ratis.thirdparty.io.netty.channel.nio.NioEventLoop.run(NioEventLoop.java:526)
	at app//org.apache.ratis.thirdparty.io.netty.util.concurrent.SingleThreadEventExecutor$4.run(SingleThreadEventExecutor.java:997)
	...


"NettyClientStreamRpc-workerGroup--thread1" daemon prio=5 Id=873 RUNNABLE (in native)
	at java.base@11.0.19/sun.nio.ch.EPoll.wait(Native Method)
	at java.base@11.0.19/sun.nio.ch.EPollSelectorImpl.doSelect(EPollSelectorImpl.java:120)
	at java.base@11.0.19/sun.nio.ch.SelectorImpl.lockAndDoSelect(SelectorImpl.java:124)
	-  locked org.apache.ratis.thirdparty.io.netty.channel.nio.SelectedSelectionKeySet@4310d43
	-  locked sun.nio.ch.EPollSelectorImpl@54a7079e
	at java.base@11.0.19/sun.nio.ch.SelectorImpl.select(SelectorImpl.java:141)
	at app//org.apache.ratis.thirdparty.io.netty.channel.nio.SelectedSelectionKeySetSelector.select(SelectedSelectionKeySetSelector.java:68)
	at app//org.apache.ratis.thirdparty.io.netty.channel.nio.NioEventLoop.select(NioEventLoop.java:879)
	at app//org.apache.ratis.thirdparty.io.netty.channel.nio.NioEventLoop.run(NioEventLoop.java:526)
	at app//org.apache.ratis.thirdparty.io.netty.util.concurrent.SingleThreadEventExecutor$4.run(SingleThreadEventExecutor.java:997)
	...


"s2-DataStreamManagement-request--thread2" daemon prio=5 Id=872 WAITING on java.util.concurrent.locks.AbstractQueuedSynchronizer$ConditionObject@26e356f0
	at java.base@11.0.19/jdk.internal.misc.Unsafe.park(Native Method)
	-  waiting on java.util.concurrent.locks.AbstractQueuedSynchronizer$ConditionObject@26e356f0
	at java.base@11.0.19/java.util.concurrent.locks.LockSupport.park(LockSupport.java:194)
	at java.base@11.0.19/java.util.concurrent.locks.AbstractQueuedSynchronizer$ConditionObject.await(AbstractQueuedSynchronizer.java:2081)
	at java.base@11.0.19/java.util.concurrent.LinkedBlockingQueue.take(LinkedBlockingQueue.java:433)
	at java.base@11.0.19/java.util.concurrent.ThreadPoolExecutor.getTask(ThreadPoolExecutor.java:1054)
	at java.base@11.0.19/java.util.concurrent.ThreadPoolExecutor.runWorker(ThreadPoolExecutor.java:1114)
	at java.base@11.0.19/java.util.concurrent.ThreadPoolExecutor$Worker.run(ThreadPoolExecutor.java:628)
	at java.base@11.0.19/java.lang.Thread.run(Thread.java:829)


"s1-NettyServerStreamRpc-workerGroup--thread4" daemon prio=5 Id=871 RUNNABLE (in native)
	at java.base@11.0.19/sun.nio.ch.EPoll.wait(Native Method)
	at java.base@11.0.19/sun.nio.ch.EPollSelectorImpl.doSelect(EPollSelectorImpl.java:120)
	at java.base@11.0.19/sun.nio.ch.SelectorImpl.lockAndDoSelect(SelectorImpl.java:124)
	-  locked org.apache.ratis.thirdparty.io.netty.channel.nio.SelectedSelectionKeySet@47d9a273
	-  locked sun.nio.ch.EPollSelectorImpl@4b8ee4de
	at java.base@11.0.19/sun.nio.ch.SelectorImpl.select(SelectorImpl.java:141)
	at app//org.apache.ratis.thirdparty.io.netty.channel.nio.SelectedSelectionKeySetSelector.select(SelectedSelectionKeySetSelector.java:68)
	at app//org.apache.ratis.thirdparty.io.netty.channel.nio.NioEventLoop.select(NioEventLoop.java:879)
	at app//org.apache.ratis.thirdparty.io.netty.channel.nio.NioEventLoop.run(NioEventLoop.java:526)
	at app//org.apache.ratis.thirdparty.io.netty.util.concurrent.SingleThreadEventExecutor$4.run(SingleThreadEventExecutor.java:997)
	...


"s2-DataStreamManagement-request--thread1" daemon prio=5 Id=870 WAITING on java.util.concurrent.locks.AbstractQueuedSynchronizer$ConditionObject@26e356f0
	at java.base@11.0.19/jdk.internal.misc.Unsafe.park(Native Method)
	-  waiting on java.util.concurrent.locks.AbstractQueuedSynchronizer$ConditionObject@26e356f0
	at java.base@11.0.19/java.util.concurrent.locks.LockSupport.park(LockSupport.java:194)
	at java.base@11.0.19/java.util.concurrent.locks.AbstractQueuedSynchronizer$ConditionObject.await(AbstractQueuedSynchronizer.java:2081)
	at java.base@11.0.19/java.util.concurrent.LinkedBlockingQueue.take(LinkedBlockingQueue.java:433)
	at java.base@11.0.19/java.util.concurrent.ThreadPoolExecutor.getTask(ThreadPoolExecutor.java:1054)
	at java.base@11.0.19/java.util.concurrent.ThreadPoolExecutor.runWorker(ThreadPoolExecutor.java:1114)
	at java.base@11.0.19/java.util.concurrent.ThreadPoolExecutor$Worker.run(ThreadPoolExecutor.java:628)
	at java.base@11.0.19/java.lang.Thread.run(Thread.java:829)


"s2-DataStreamManagement-request--thread5" daemon prio=5 Id=879 WAITING on java.util.concurrent.locks.AbstractQueuedSynchronizer$ConditionObject@26e356f0
	at java.base@11.0.19/jdk.internal.misc.Unsafe.park(Native Method)
	-  waiting on java.util.concurrent.locks.AbstractQueuedSynchronizer$ConditionObject@26e356f0
	at java.base@11.0.19/java.util.concurrent.locks.LockSupport.park(LockSupport.java:194)
	at java.base@11.0.19/java.util.concurrent.locks.AbstractQueuedSynchronizer$ConditionObject.await(AbstractQueuedSynchronizer.java:2081)
	at java.base@11.0.19/java.util.concurrent.LinkedBlockingQueue.take(LinkedBlockingQueue.java:433)
	at java.base@11.0.19/java.util.concurrent.ThreadPoolExecutor.getTask(ThreadPoolExecutor.java:1054)
	at java.base@11.0.19/java.util.concurrent.ThreadPoolExecutor.runWorker(ThreadPoolExecutor.java:1114)
	at java.base@11.0.19/java.util.concurrent.ThreadPoolExecutor$Worker.run(ThreadPoolExecutor.java:628)
	at java.base@11.0.19/java.lang.Thread.run(Thread.java:829)


"s0-DataStreamManagement-request--thread4" daemon prio=5 Id=868 WAITING on java.util.concurrent.locks.AbstractQueuedSynchronizer$ConditionObject@67f639d3
	at java.base@11.0.19/jdk.internal.misc.Unsafe.park(Native Method)
	-  waiting on java.util.concurrent.locks.AbstractQueuedSynchronizer$ConditionObject@67f639d3
	at java.base@11.0.19/java.util.concurrent.locks.LockSupport.park(LockSupport.java:194)
	at java.base@11.0.19/java.util.concurrent.locks.AbstractQueuedSynchronizer$ConditionObject.await(AbstractQueuedSynchronizer.java:2081)
	at java.base@11.0.19/java.util.concurrent.LinkedBlockingQueue.take(LinkedBlockingQueue.java:433)
	at java.base@11.0.19/java.util.concurrent.ThreadPoolExecutor.getTask(ThreadPoolExecutor.java:1054)
	at java.base@11.0.19/java.util.concurrent.ThreadPoolExecutor.runWorker(ThreadPoolExecutor.java:1114)
	at java.base@11.0.19/java.util.concurrent.ThreadPoolExecutor$Worker.run(ThreadPoolExecutor.java:628)
	at java.base@11.0.19/java.lang.Thread.run(Thread.java:829)


"NettyClientStreamRpc-workerGroup--thread1" daemon prio=5 Id=867 RUNNABLE (in native)
	at java.base@11.0.19/sun.nio.ch.EPoll.wait(Native Method)
	at java.base@11.0.19/sun.nio.ch.EPollSelectorImpl.doSelect(EPollSelectorImpl.java:120)
	at java.base@11.0.19/sun.nio.ch.SelectorImpl.lockAndDoSelect(SelectorImpl.java:124)
	-  locked org.apache.ratis.thirdparty.io.netty.channel.nio.SelectedSelectionKeySet@27f981c6
	-  locked sun.nio.ch.EPollSelectorImpl@1b11171f
	at java.base@11.0.19/sun.nio.ch.SelectorImpl.select(SelectorImpl.java:141)
	at app//org.apache.ratis.thirdparty.io.netty.channel.nio.SelectedSelectionKeySetSelector.select(SelectedSelectionKeySetSelector.java:68)
	at app//org.apache.ratis.thirdparty.io.netty.channel.nio.NioEventLoop.select(NioEventLoop.java:879)
	at app//org.apache.ratis.thirdparty.io.netty.channel.nio.NioEventLoop.run(NioEventLoop.java:526)
	at app//org.apache.ratis.thirdparty.io.netty.util.concurrent.SingleThreadEventExecutor$4.run(SingleThreadEventExecutor.java:997)
	...


"s0-DataStreamManagement-request--thread3" daemon prio=5 Id=866 WAITING on java.util.concurrent.locks.AbstractQueuedSynchronizer$ConditionObject@67f639d3
	at java.base@11.0.19/jdk.internal.misc.Unsafe.park(Native Method)
	-  waiting on java.util.concurrent.locks.AbstractQueuedSynchronizer$ConditionObject@67f639d3
	at java.base@11.0.19/java.util.concurrent.locks.LockSupport.park(LockSupport.java:194)
	at java.base@11.0.19/java.util.concurrent.locks.AbstractQueuedSynchronizer$ConditionObject.await(AbstractQueuedSynchronizer.java:2081)
	at java.base@11.0.19/java.util.concurrent.LinkedBlockingQueue.take(LinkedBlockingQueue.java:433)
	at java.base@11.0.19/java.util.concurrent.ThreadPoolExecutor.getTask(ThreadPoolExecutor.java:1054)
	at java.base@11.0.19/java.util.concurrent.ThreadPoolExecutor.runWorker(ThreadPoolExecutor.java:1114)
	at java.base@11.0.19/java.util.concurrent.ThreadPoolExecutor$Worker.run(ThreadPoolExecutor.java:628)
	at java.base@11.0.19/java.lang.Thread.run(Thread.java:829)


"s1-DataStreamManagement-request--thread7" daemon prio=5 Id=865 WAITING on java.util.concurrent.locks.AbstractQueuedSynchronizer$ConditionObject@290222c1
	at java.base@11.0.19/jdk.internal.misc.Unsafe.park(Native Method)
	-  waiting on java.util.concurrent.locks.AbstractQueuedSynchronizer$ConditionObject@290222c1
	at java.base@11.0.19/java.util.concurrent.locks.LockSupport.park(LockSupport.java:194)
	at java.base@11.0.19/java.util.concurrent.locks.AbstractQueuedSynchronizer$ConditionObject.await(AbstractQueuedSynchronizer.java:2081)
	at java.base@11.0.19/java.util.concurrent.LinkedBlockingQueue.take(LinkedBlockingQueue.java:433)
	at java.base@11.0.19/java.util.concurrent.ThreadPoolExecutor.getTask(ThreadPoolExecutor.java:1054)
	at java.base@11.0.19/java.util.concurrent.ThreadPoolExecutor.runWorker(ThreadPoolExecutor.java:1114)
	at java.base@11.0.19/java.util.concurrent.ThreadPoolExecutor$Worker.run(ThreadPoolExecutor.java:628)
	at java.base@11.0.19/java.lang.Thread.run(Thread.java:829)


"s1-DataStreamManagement-request--thread6" daemon prio=5 Id=864 WAITING on java.util.concurrent.locks.AbstractQueuedSynchronizer$ConditionObject@290222c1
	at java.base@11.0.19/jdk.internal.misc.Unsafe.park(Native Method)
	-  waiting on java.util.concurrent.locks.AbstractQueuedSynchronizer$ConditionObject@290222c1
	at java.base@11.0.19/java.util.concurrent.locks.LockSupport.park(LockSupport.java:194)
	at java.base@11.0.19/java.util.concurrent.locks.AbstractQueuedSynchronizer$ConditionObject.await(AbstractQueuedSynchronizer.java:2081)
	at java.base@11.0.19/java.util.concurrent.LinkedBlockingQueue.take(LinkedBlockingQueue.java:433)
	at java.base@11.0.19/java.util.concurrent.ThreadPoolExecutor.getTask(ThreadPoolExecutor.java:1054)
	at java.base@11.0.19/java.util.concurrent.ThreadPoolExecutor.runWorker(ThreadPoolExecutor.java:1114)
	at java.base@11.0.19/java.util.concurrent.ThreadPoolExecutor$Worker.run(ThreadPoolExecutor.java:628)
	at java.base@11.0.19/java.lang.Thread.run(Thread.java:829)


"s1-DataStreamManagement-request--thread4" daemon prio=5 Id=862 WAITING on java.util.concurrent.locks.AbstractQueuedSynchronizer$ConditionObject@290222c1
	at java.base@11.0.19/jdk.internal.misc.Unsafe.park(Native Method)
	-  waiting on java.util.concurrent.locks.AbstractQueuedSynchronizer$ConditionObject@290222c1
	at java.base@11.0.19/java.util.concurrent.locks.LockSupport.park(LockSupport.java:194)
	at java.base@11.0.19/java.util.concurrent.locks.AbstractQueuedSynchronizer$ConditionObject.await(AbstractQueuedSynchronizer.java:2081)
	at java.base@11.0.19/java.util.concurrent.LinkedBlockingQueue.take(LinkedBlockingQueue.java:433)
	at java.base@11.0.19/java.util.concurrent.ThreadPoolExecutor.getTask(ThreadPoolExecutor.java:1054)
	at java.base@11.0.19/java.util.concurrent.ThreadPoolExecutor.runWorker(ThreadPoolExecutor.java:1114)
	at java.base@11.0.19/java.util.concurrent.ThreadPoolExecutor$Worker.run(ThreadPoolExecutor.java:628)
	at java.base@11.0.19/java.lang.Thread.run(Thread.java:829)


"s1-DataStreamManagement-request--thread3" daemon prio=5 Id=861 WAITING on java.util.concurrent.locks.AbstractQueuedSynchronizer$ConditionObject@290222c1
	at java.base@11.0.19/jdk.internal.misc.Unsafe.park(Native Method)
	-  waiting on java.util.concurrent.locks.AbstractQueuedSynchronizer$ConditionObject@290222c1
	at java.base@11.0.19/java.util.concurrent.locks.LockSupport.park(LockSupport.java:194)
	at java.base@11.0.19/java.util.concurrent.locks.AbstractQueuedSynchronizer$ConditionObject.await(AbstractQueuedSynchronizer.java:2081)
	at java.base@11.0.19/java.util.concurrent.LinkedBlockingQueue.take(LinkedBlockingQueue.java:433)
	at java.base@11.0.19/java.util.concurrent.ThreadPoolExecutor.getTask(ThreadPoolExecutor.java:1054)
	at java.base@11.0.19/java.util.concurrent.ThreadPoolExecutor.runWorker(ThreadPoolExecutor.java:1114)
	at java.base@11.0.19/java.util.concurrent.ThreadPoolExecutor$Worker.run(ThreadPoolExecutor.java:628)
	at java.base@11.0.19/java.lang.Thread.run(Thread.java:829)


"NettyClientStreamRpc-workerGroup--thread1" daemon prio=5 Id=886 RUNNABLE (in native)
	at java.base@11.0.19/sun.nio.ch.EPoll.wait(Native Method)
	at java.base@11.0.19/sun.nio.ch.EPollSelectorImpl.doSelect(EPollSelectorImpl.java:120)
	at java.base@11.0.19/sun.nio.ch.SelectorImpl.lockAndDoSelect(SelectorImpl.java:124)
	-  locked org.apache.ratis.thirdparty.io.netty.channel.nio.SelectedSelectionKeySet@1151e434
	-  locked sun.nio.ch.EPollSelectorImpl@2dc54ad4
	at java.base@11.0.19/sun.nio.ch.SelectorImpl.select(SelectorImpl.java:141)
	at app//org.apache.ratis.thirdparty.io.netty.channel.nio.SelectedSelectionKeySetSelector.select(SelectedSelectionKeySetSelector.java:68)
	at app//org.apache.ratis.thirdparty.io.netty.channel.nio.NioEventLoop.select(NioEventLoop.java:879)
	at app//org.apache.ratis.thirdparty.io.netty.channel.nio.NioEventLoop.run(NioEventLoop.java:526)
	at app//org.apache.ratis.thirdparty.io.netty.util.concurrent.SingleThreadEventExecutor$4.run(SingleThreadEventExecutor.java:997)
	...


"s1-DataStreamManagement-request--thread9" daemon prio=5 Id=885 WAITING on java.util.concurrent.locks.AbstractQueuedSynchronizer$ConditionObject@290222c1
	at java.base@11.0.19/jdk.internal.misc.Unsafe.park(Native Method)
	-  waiting on java.util.concurrent.locks.AbstractQueuedSynchronizer$ConditionObject@290222c1
	at java.base@11.0.19/java.util.concurrent.locks.LockSupport.park(LockSupport.java:194)
	at java.base@11.0.19/java.util.concurrent.locks.AbstractQueuedSynchronizer$ConditionObject.await(AbstractQueuedSynchronizer.java:2081)
	at java.base@11.0.19/java.util.concurrent.LinkedBlockingQueue.take(LinkedBlockingQueue.java:433)
	at java.base@11.0.19/java.util.concurrent.ThreadPoolExecutor.getTask(ThreadPoolExecutor.java:1054)
	at java.base@11.0.19/java.util.concurrent.ThreadPoolExecutor.runWorker(ThreadPoolExecutor.java:1114)
	at java.base@11.0.19/java.util.concurrent.ThreadPoolExecutor$Worker.run(ThreadPoolExecutor.java:628)
	at java.base@11.0.19/java.lang.Thread.run(Thread.java:829)


"s0-DataStreamManagement-request--thread8" daemon prio=5 Id=884 WAITING on java.util.concurrent.locks.AbstractQueuedSynchronizer$ConditionObject@67f639d3
	at java.base@11.0.19/jdk.internal.misc.Unsafe.park(Native Method)
	-  waiting on java.util.concurrent.locks.AbstractQueuedSynchronizer$ConditionObject@67f639d3
	at java.base@11.0.19/java.util.concurrent.locks.LockSupport.park(LockSupport.java:194)
	at java.base@11.0.19/java.util.concurrent.locks.AbstractQueuedSynchronizer$ConditionObject.await(AbstractQueuedSynchronizer.java:2081)
	at java.base@11.0.19/java.util.concurrent.LinkedBlockingQueue.take(LinkedBlockingQueue.java:433)
	at java.base@11.0.19/java.util.concurrent.ThreadPoolExecutor.getTask(ThreadPoolExecutor.java:1054)
	at java.base@11.0.19/java.util.concurrent.ThreadPoolExecutor.runWorker(ThreadPoolExecutor.java:1114)
	at java.base@11.0.19/java.util.concurrent.ThreadPoolExecutor$Worker.run(ThreadPoolExecutor.java:628)
	at java.base@11.0.19/java.lang.Thread.run(Thread.java:829)


"s0-DataStreamManagement-request--thread9" daemon prio=5 Id=887 WAITING on java.util.concurrent.locks.AbstractQueuedSynchronizer$ConditionObject@67f639d3
	at java.base@11.0.19/jdk.internal.misc.Unsafe.park(Native Method)
	-  waiting on java.util.concurrent.locks.AbstractQueuedSynchronizer$ConditionObject@67f639d3
	at java.base@11.0.19/java.util.concurrent.locks.LockSupport.park(LockSupport.java:194)
	at java.base@11.0.19/java.util.concurrent.locks.AbstractQueuedSynchronizer$ConditionObject.await(AbstractQueuedSynchronizer.java:2081)
	at java.base@11.0.19/java.util.concurrent.LinkedBlockingQueue.take(LinkedBlockingQueue.java:433)
	at java.base@11.0.19/java.util.concurrent.ThreadPoolExecutor.getTask(ThreadPoolExecutor.java:1054)
	at java.base@11.0.19/java.util.concurrent.ThreadPoolExecutor.runWorker(ThreadPoolExecutor.java:1114)
	at java.base@11.0.19/java.util.concurrent.ThreadPoolExecutor$Worker.run(ThreadPoolExecutor.java:628)
	at java.base@11.0.19/java.lang.Thread.run(Thread.java:829)


"s2-DataStreamManagement-request--thread8" daemon prio=5 Id=890 WAITING on java.util.concurrent.locks.AbstractQueuedSynchronizer$ConditionObject@26e356f0
	at java.base@11.0.19/jdk.internal.misc.Unsafe.park(Native Method)
	-  waiting on java.util.concurrent.locks.AbstractQueuedSynchronizer$ConditionObject@26e356f0
	at java.base@11.0.19/java.util.concurrent.locks.LockSupport.park(LockSupport.java:194)
	at java.base@11.0.19/java.util.concurrent.locks.AbstractQueuedSynchronizer$ConditionObject.await(AbstractQueuedSynchronizer.java:2081)
	at java.base@11.0.19/java.util.concurrent.LinkedBlockingQueue.take(LinkedBlockingQueue.java:433)
	at java.base@11.0.19/java.util.concurrent.ThreadPoolExecutor.getTask(ThreadPoolExecutor.java:1054)
	at java.base@11.0.19/java.util.concurrent.ThreadPoolExecutor.runWorker(ThreadPoolExecutor.java:1114)
	at java.base@11.0.19/java.util.concurrent.ThreadPoolExecutor$Worker.run(ThreadPoolExecutor.java:628)
	at java.base@11.0.19/java.lang.Thread.run(Thread.java:829)


"s0-DataStreamManagement-request--thread7" daemon prio=5 Id=883 WAITING on java.util.concurrent.locks.AbstractQueuedSynchronizer$ConditionObject@67f639d3
	at java.base@11.0.19/jdk.internal.misc.Unsafe.park(Native Method)
	-  waiting on java.util.concurrent.locks.AbstractQueuedSynchronizer$ConditionObject@67f639d3
	at java.base@11.0.19/java.util.concurrent.locks.LockSupport.park(LockSupport.java:194)
	at java.base@11.0.19/java.util.concurrent.locks.AbstractQueuedSynchronizer$ConditionObject.await(AbstractQueuedSynchronizer.java:2081)
	at java.base@11.0.19/java.util.concurrent.LinkedBlockingQueue.take(LinkedBlockingQueue.java:433)
	at java.base@11.0.19/java.util.concurrent.ThreadPoolExecutor.getTask(ThreadPoolExecutor.java:1054)
	at java.base@11.0.19/java.util.concurrent.ThreadPoolExecutor.runWorker(ThreadPoolExecutor.java:1114)
	at java.base@11.0.19/java.util.concurrent.ThreadPoolExecutor$Worker.run(ThreadPoolExecutor.java:628)
	at java.base@11.0.19/java.lang.Thread.run(Thread.java:829)


"s2-DataStreamManagement-request--thread10" daemon prio=5 Id=896 WAITING on java.util.concurrent.locks.AbstractQueuedSynchronizer$ConditionObject@26e356f0
	at java.base@11.0.19/jdk.internal.misc.Unsafe.park(Native Method)
	-  waiting on java.util.concurrent.locks.AbstractQueuedSynchronizer$ConditionObject@26e356f0
	at java.base@11.0.19/java.util.concurrent.locks.LockSupport.park(LockSupport.java:194)
	at java.base@11.0.19/java.util.concurrent.locks.AbstractQueuedSynchronizer$ConditionObject.await(AbstractQueuedSynchronizer.java:2081)
	at java.base@11.0.19/java.util.concurrent.LinkedBlockingQueue.take(LinkedBlockingQueue.java:433)
	at java.base@11.0.19/java.util.concurrent.ThreadPoolExecutor.getTask(ThreadPoolExecutor.java:1054)
	at java.base@11.0.19/java.util.concurrent.ThreadPoolExecutor.runWorker(ThreadPoolExecutor.java:1114)
	at java.base@11.0.19/java.util.concurrent.ThreadPoolExecutor$Worker.run(ThreadPoolExecutor.java:628)
	at java.base@11.0.19/java.lang.Thread.run(Thread.java:829)


"NettyClientStreamRpc-workerGroup--thread1" daemon prio=5 Id=898 RUNNABLE (in native)
	at java.base@11.0.19/sun.nio.ch.EPoll.wait(Native Method)
	at java.base@11.0.19/sun.nio.ch.EPollSelectorImpl.doSelect(EPollSelectorImpl.java:120)
	at java.base@11.0.19/sun.nio.ch.SelectorImpl.lockAndDoSelect(SelectorImpl.java:124)
	-  locked org.apache.ratis.thirdparty.io.netty.channel.nio.SelectedSelectionKeySet@4659191b
	-  locked sun.nio.ch.EPollSelectorImpl@55634720
	at java.base@11.0.19/sun.nio.ch.SelectorImpl.select(SelectorImpl.java:141)
	at app//org.apache.ratis.thirdparty.io.netty.channel.nio.SelectedSelectionKeySetSelector.select(SelectedSelectionKeySetSelector.java:68)
	at app//org.apache.ratis.thirdparty.io.netty.channel.nio.NioEventLoop.select(NioEventLoop.java:879)
	at app//org.apache.ratis.thirdparty.io.netty.channel.nio.NioEventLoop.run(NioEventLoop.java:526)
	at app//org.apache.ratis.thirdparty.io.netty.util.concurrent.SingleThreadEventExecutor$4.run(SingleThreadEventExecutor.java:997)
	...


"s1-DataStreamManagement-request--thread8" daemon prio=5 Id=882 WAITING on java.util.concurrent.locks.AbstractQueuedSynchronizer$ConditionObject@290222c1
	at java.base@11.0.19/jdk.internal.misc.Unsafe.park(Native Method)
	-  waiting on java.util.concurrent.locks.AbstractQueuedSynchronizer$ConditionObject@290222c1
	at java.base@11.0.19/java.util.concurrent.locks.LockSupport.park(LockSupport.java:194)
	at java.base@11.0.19/java.util.concurrent.locks.AbstractQueuedSynchronizer$ConditionObject.await(AbstractQueuedSynchronizer.java:2081)
	at java.base@11.0.19/java.util.concurrent.LinkedBlockingQueue.take(LinkedBlockingQueue.java:433)
	at java.base@11.0.19/java.util.concurrent.ThreadPoolExecutor.getTask(ThreadPoolExecutor.java:1054)
	at java.base@11.0.19/java.util.concurrent.ThreadPoolExecutor.runWorker(ThreadPoolExecutor.java:1114)
	at java.base@11.0.19/java.util.concurrent.ThreadPoolExecutor$Worker.run(ThreadPoolExecutor.java:628)
	at java.base@11.0.19/java.lang.Thread.run(Thread.java:829)


"s1-DataStreamManagement-request--thread13" daemon prio=5 Id=903 WAITING on java.util.concurrent.locks.AbstractQueuedSynchronizer$ConditionObject@290222c1
	at java.base@11.0.19/jdk.internal.misc.Unsafe.park(Native Method)
	-  waiting on java.util.concurrent.locks.AbstractQueuedSynchronizer$ConditionObject@290222c1
	at java.base@11.0.19/java.util.concurrent.locks.LockSupport.park(LockSupport.java:194)
	at java.base@11.0.19/java.util.concurrent.locks.AbstractQueuedSynchronizer$ConditionObject.await(AbstractQueuedSynchronizer.java:2081)
	at java.base@11.0.19/java.util.concurrent.LinkedBlockingQueue.take(LinkedBlockingQueue.java:433)
	at java.base@11.0.19/java.util.concurrent.ThreadPoolExecutor.getTask(ThreadPoolExecutor.java:1054)
	at java.base@11.0.19/java.util.concurrent.ThreadPoolExecutor.runWorker(ThreadPoolExecutor.java:1114)
	at java.base@11.0.19/java.util.concurrent.ThreadPoolExecutor$Worker.run(ThreadPoolExecutor.java:628)
	at java.base@11.0.19/java.lang.Thread.run(Thread.java:829)


"s2-DataStreamManagement-request--thread7" daemon prio=5 Id=881 WAITING on java.util.concurrent.locks.AbstractQueuedSynchronizer$ConditionObject@26e356f0
	at java.base@11.0.19/jdk.internal.misc.Unsafe.park(Native Method)
	-  waiting on java.util.concurrent.locks.AbstractQueuedSynchronizer$ConditionObject@26e356f0
	at java.base@11.0.19/java.util.concurrent.locks.LockSupport.park(LockSupport.java:194)
	at java.base@11.0.19/java.util.concurrent.locks.AbstractQueuedSynchronizer$ConditionObject.await(AbstractQueuedSynchronizer.java:2081)
	at java.base@11.0.19/java.util.concurrent.LinkedBlockingQueue.take(LinkedBlockingQueue.java:433)
	at java.base@11.0.19/java.util.concurrent.ThreadPoolExecutor.getTask(ThreadPoolExecutor.java:1054)
	at java.base@11.0.19/java.util.concurrent.ThreadPoolExecutor.runWorker(ThreadPoolExecutor.java:1114)
	at java.base@11.0.19/java.util.concurrent.ThreadPoolExecutor$Worker.run(ThreadPoolExecutor.java:628)
	at java.base@11.0.19/java.lang.Thread.run(Thread.java:829)


"s2-DataStreamManagement-request--thread6" daemon prio=5 Id=880 WAITING on java.util.concurrent.locks.AbstractQueuedSynchronizer$ConditionObject@26e356f0
	at java.base@11.0.19/jdk.internal.misc.Unsafe.park(Native Method)
	-  waiting on java.util.concurrent.locks.AbstractQueuedSynchronizer$ConditionObject@26e356f0
	at java.base@11.0.19/java.util.concurrent.locks.LockSupport.park(LockSupport.java:194)
	at java.base@11.0.19/java.util.concurrent.locks.AbstractQueuedSynchronizer$ConditionObject.await(AbstractQueuedSynchronizer.java:2081)
	at java.base@11.0.19/java.util.concurrent.LinkedBlockingQueue.take(LinkedBlockingQueue.java:433)
	at java.base@11.0.19/java.util.concurrent.ThreadPoolExecutor.getTask(ThreadPoolExecutor.java:1054)
	at java.base@11.0.19/java.util.concurrent.ThreadPoolExecutor.runWorker(ThreadPoolExecutor.java:1114)
	at java.base@11.0.19/java.util.concurrent.ThreadPoolExecutor$Worker.run(ThreadPoolExecutor.java:628)
	at java.base@11.0.19/java.lang.Thread.run(Thread.java:829)


"s2-DataStreamManagement-request--thread4" daemon prio=5 Id=878 WAITING on java.util.concurrent.locks.AbstractQueuedSynchronizer$ConditionObject@26e356f0
	at java.base@11.0.19/jdk.internal.misc.Unsafe.park(Native Method)
	-  waiting on java.util.concurrent.locks.AbstractQueuedSynchronizer$ConditionObject@26e356f0
	at java.base@11.0.19/java.util.concurrent.locks.LockSupport.park(LockSupport.java:194)
	at java.base@11.0.19/java.util.concurrent.locks.AbstractQueuedSynchronizer$ConditionObject.await(AbstractQueuedSynchronizer.java:2081)
	at java.base@11.0.19/java.util.concurrent.LinkedBlockingQueue.take(LinkedBlockingQueue.java:433)
	at java.base@11.0.19/java.util.concurrent.ThreadPoolExecutor.getTask(ThreadPoolExecutor.java:1054)
	at java.base@11.0.19/java.util.concurrent.ThreadPoolExecutor.runWorker(ThreadPoolExecutor.java:1114)
	at java.base@11.0.19/java.util.concurrent.ThreadPoolExecutor$Worker.run(ThreadPoolExecutor.java:628)
	at java.base@11.0.19/java.lang.Thread.run(Thread.java:829)


"s2-DataStreamManagement-request--thread12" daemon prio=5 Id=906 WAITING on java.util.concurrent.locks.AbstractQueuedSynchronizer$ConditionObject@26e356f0
	at java.base@11.0.19/jdk.internal.misc.Unsafe.park(Native Method)
	-  waiting on java.util.concurrent.locks.AbstractQueuedSynchronizer$ConditionObject@26e356f0
	at java.base@11.0.19/java.util.concurrent.locks.LockSupport.park(LockSupport.java:194)
	at java.base@11.0.19/java.util.concurrent.locks.AbstractQueuedSynchronizer$ConditionObject.await(AbstractQueuedSynchronizer.java:2081)
	at java.base@11.0.19/java.util.concurrent.LinkedBlockingQueue.take(LinkedBlockingQueue.java:433)
	at java.base@11.0.19/java.util.concurrent.ThreadPoolExecutor.getTask(ThreadPoolExecutor.java:1054)
	at java.base@11.0.19/java.util.concurrent.ThreadPoolExecutor.runWorker(ThreadPoolExecutor.java:1114)
	at java.base@11.0.19/java.util.concurrent.ThreadPoolExecutor$Worker.run(ThreadPoolExecutor.java:628)
	at java.base@11.0.19/java.lang.Thread.run(Thread.java:829)


"s0-DataStreamManagement-request--thread6" daemon prio=5 Id=877 WAITING on java.util.concurrent.locks.AbstractQueuedSynchronizer$ConditionObject@67f639d3
	at java.base@11.0.19/jdk.internal.misc.Unsafe.park(Native Method)
	-  waiting on java.util.concurrent.locks.AbstractQueuedSynchronizer$ConditionObject@67f639d3
	at java.base@11.0.19/java.util.concurrent.locks.LockSupport.park(LockSupport.java:194)
	at java.base@11.0.19/java.util.concurrent.locks.AbstractQueuedSynchronizer$ConditionObject.await(AbstractQueuedSynchronizer.java:2081)
	at java.base@11.0.19/java.util.concurrent.LinkedBlockingQueue.take(LinkedBlockingQueue.java:433)
	at java.base@11.0.19/java.util.concurrent.ThreadPoolExecutor.getTask(ThreadPoolExecutor.java:1054)
	at java.base@11.0.19/java.util.concurrent.ThreadPoolExecutor.runWorker(ThreadPoolExecutor.java:1114)
	at java.base@11.0.19/java.util.concurrent.ThreadPoolExecutor$Worker.run(ThreadPoolExecutor.java:628)
	at java.base@11.0.19/java.lang.Thread.run(Thread.java:829)


"s2-DataStreamManagement-request--thread3" daemon prio=5 Id=876 WAITING on java.util.concurrent.locks.AbstractQueuedSynchronizer$ConditionObject@26e356f0
	at java.base@11.0.19/jdk.internal.misc.Unsafe.park(Native Method)
	-  waiting on java.util.concurrent.locks.AbstractQueuedSynchronizer$ConditionObject@26e356f0
	at java.base@11.0.19/java.util.concurrent.locks.LockSupport.park(LockSupport.java:194)
	at java.base@11.0.19/java.util.concurrent.locks.AbstractQueuedSynchronizer$ConditionObject.await(AbstractQueuedSynchronizer.java:2081)
	at java.base@11.0.19/java.util.concurrent.LinkedBlockingQueue.take(LinkedBlockingQueue.java:433)
	at java.base@11.0.19/java.util.concurrent.ThreadPoolExecutor.getTask(ThreadPoolExecutor.java:1054)
	at java.base@11.0.19/java.util.concurrent.ThreadPoolExecutor.runWorker(ThreadPoolExecutor.java:1114)
	at java.base@11.0.19/java.util.concurrent.ThreadPoolExecutor$Worker.run(ThreadPoolExecutor.java:628)
	at java.base@11.0.19/java.lang.Thread.run(Thread.java:829)


"NettyClientStreamRpc-workerGroup--thread1" daemon prio=5 Id=908 RUNNABLE (in native)
	at java.base@11.0.19/sun.nio.ch.EPoll.wait(Native Method)
	at java.base@11.0.19/sun.nio.ch.EPollSelectorImpl.doSelect(EPollSelectorImpl.java:120)
	at java.base@11.0.19/sun.nio.ch.SelectorImpl.lockAndDoSelect(SelectorImpl.java:124)
	-  locked org.apache.ratis.thirdparty.io.netty.channel.nio.SelectedSelectionKeySet@4b0d79fc
	-  locked sun.nio.ch.EPollSelectorImpl@4c1909a3
	at java.base@11.0.19/sun.nio.ch.SelectorImpl.select(SelectorImpl.java:141)
	at app//org.apache.ratis.thirdparty.io.netty.channel.nio.SelectedSelectionKeySetSelector.select(SelectedSelectionKeySetSelector.java:68)
	at app//org.apache.ratis.thirdparty.io.netty.channel.nio.NioEventLoop.select(NioEventLoop.java:879)
	at app//org.apache.ratis.thirdparty.io.netty.channel.nio.NioEventLoop.run(NioEventLoop.java:526)
	at app//org.apache.ratis.thirdparty.io.netty.util.concurrent.SingleThreadEventExecutor$4.run(SingleThreadEventExecutor.java:997)
	...


"s2-DataStreamManagement-request--thread13" daemon prio=5 Id=907 WAITING on java.util.concurrent.locks.AbstractQueuedSynchronizer$ConditionObject@26e356f0
	at java.base@11.0.19/jdk.internal.misc.Unsafe.park(Native Method)
	-  waiting on java.util.concurrent.locks.AbstractQueuedSynchronizer$ConditionObject@26e356f0
	at java.base@11.0.19/java.util.concurrent.locks.LockSupport.park(LockSupport.java:194)
	at java.base@11.0.19/java.util.concurrent.locks.AbstractQueuedSynchronizer$ConditionObject.await(AbstractQueuedSynchronizer.java:2081)
	at java.base@11.0.19/java.util.concurrent.LinkedBlockingQueue.take(LinkedBlockingQueue.java:433)
	at java.base@11.0.19/java.util.concurrent.ThreadPoolExecutor.getTask(ThreadPoolExecutor.java:1054)
	at java.base@11.0.19/java.util.concurrent.ThreadPoolExecutor.runWorker(ThreadPoolExecutor.java:1114)
	at java.base@11.0.19/java.util.concurrent.ThreadPoolExecutor$Worker.run(ThreadPoolExecutor.java:628)
	at java.base@11.0.19/java.lang.Thread.run(Thread.java:829)


"s1-DataStreamManagement-request--thread15" daemon prio=5 Id=905 WAITING on java.util.concurrent.locks.AbstractQueuedSynchronizer$ConditionObject@290222c1
	at java.base@11.0.19/jdk.internal.misc.Unsafe.park(Native Method)
	-  waiting on java.util.concurrent.locks.AbstractQueuedSynchronizer$ConditionObject@290222c1
	at java.base@11.0.19/java.util.concurrent.locks.LockSupport.park(LockSupport.java:194)
	at java.base@11.0.19/java.util.concurrent.locks.AbstractQueuedSynchronizer$ConditionObject.await(AbstractQueuedSynchronizer.java:2081)
	at java.base@11.0.19/java.util.concurrent.LinkedBlockingQueue.take(LinkedBlockingQueue.java:433)
	at java.base@11.0.19/java.util.concurrent.ThreadPoolExecutor.getTask(ThreadPoolExecutor.java:1054)
	at java.base@11.0.19/java.util.concurrent.ThreadPoolExecutor.runWorker(ThreadPoolExecutor.java:1114)
	at java.base@11.0.19/java.util.concurrent.ThreadPoolExecutor$Worker.run(ThreadPoolExecutor.java:628)
	at java.base@11.0.19/java.lang.Thread.run(Thread.java:829)


"s1-DataStreamManagement-request--thread14" daemon prio=5 Id=904 WAITING on java.util.concurrent.locks.AbstractQueuedSynchronizer$ConditionObject@290222c1
	at java.base@11.0.19/jdk.internal.misc.Unsafe.park(Native Method)
	-  waiting on java.util.concurrent.locks.AbstractQueuedSynchronizer$ConditionObject@290222c1
	at java.base@11.0.19/java.util.concurrent.locks.LockSupport.park(LockSupport.java:194)
	at java.base@11.0.19/java.util.concurrent.locks.AbstractQueuedSynchronizer$ConditionObject.await(AbstractQueuedSynchronizer.java:2081)
	at java.base@11.0.19/java.util.concurrent.LinkedBlockingQueue.take(LinkedBlockingQueue.java:433)
	at java.base@11.0.19/java.util.concurrent.ThreadPoolExecutor.getTask(ThreadPoolExecutor.java:1054)
	at java.base@11.0.19/java.util.concurrent.ThreadPoolExecutor.runWorker(ThreadPoolExecutor.java:1114)
	at java.base@11.0.19/java.util.concurrent.ThreadPoolExecutor$Worker.run(ThreadPoolExecutor.java:628)
	at java.base@11.0.19/java.lang.Thread.run(Thread.java:829)


"s1-DataStreamManagement-request--thread12" daemon prio=5 Id=902 WAITING on java.util.concurrent.locks.AbstractQueuedSynchronizer$ConditionObject@290222c1
	at java.base@11.0.19/jdk.internal.misc.Unsafe.park(Native Method)
	-  waiting on java.util.concurrent.locks.AbstractQueuedSynchronizer$ConditionObject@290222c1
	at java.base@11.0.19/java.util.concurrent.locks.LockSupport.park(LockSupport.java:194)
	at java.base@11.0.19/java.util.concurrent.locks.AbstractQueuedSynchronizer$ConditionObject.await(AbstractQueuedSynchronizer.java:2081)
	at java.base@11.0.19/java.util.concurrent.LinkedBlockingQueue.take(LinkedBlockingQueue.java:433)
	at java.base@11.0.19/java.util.concurrent.ThreadPoolExecutor.getTask(ThreadPoolExecutor.java:1054)
	at java.base@11.0.19/java.util.concurrent.ThreadPoolExecutor.runWorker(ThreadPoolExecutor.java:1114)
	at java.base@11.0.19/java.util.concurrent.ThreadPoolExecutor$Worker.run(ThreadPoolExecutor.java:628)
	at java.base@11.0.19/java.lang.Thread.run(Thread.java:829)


"NettyClientStreamRpc-workerGroup--thread1" daemon prio=5 Id=901 RUNNABLE (in native)
	at java.base@11.0.19/sun.nio.ch.EPoll.wait(Native Method)
	at java.base@11.0.19/sun.nio.ch.EPollSelectorImpl.doSelect(EPollSelectorImpl.java:120)
	at java.base@11.0.19/sun.nio.ch.SelectorImpl.lockAndDoSelect(SelectorImpl.java:124)
	-  locked org.apache.ratis.thirdparty.io.netty.channel.nio.SelectedSelectionKeySet@428640fa
	-  locked sun.nio.ch.EPollSelectorImpl@d9345cd
	at java.base@11.0.19/sun.nio.ch.SelectorImpl.select(SelectorImpl.java:141)
	at app//org.apache.ratis.thirdparty.io.netty.channel.nio.SelectedSelectionKeySetSelector.select(SelectedSelectionKeySetSelector.java:68)
	at app//org.apache.ratis.thirdparty.io.netty.channel.nio.NioEventLoop.select(NioEventLoop.java:879)
	at app//org.apache.ratis.thirdparty.io.netty.channel.nio.NioEventLoop.run(NioEventLoop.java:526)
	at app//org.apache.ratis.thirdparty.io.netty.util.concurrent.SingleThreadEventExecutor$4.run(SingleThreadEventExecutor.java:997)
	...


"s0-DataStreamManagement-request--thread14" daemon prio=5 Id=900 WAITING on java.util.concurrent.locks.AbstractQueuedSynchronizer$ConditionObject@67f639d3
	at java.base@11.0.19/jdk.internal.misc.Unsafe.park(Native Method)
	-  waiting on java.util.concurrent.locks.AbstractQueuedSynchronizer$ConditionObject@67f639d3
	at java.base@11.0.19/java.util.concurrent.locks.LockSupport.park(LockSupport.java:194)
	at java.base@11.0.19/java.util.concurrent.locks.AbstractQueuedSynchronizer$ConditionObject.await(AbstractQueuedSynchronizer.java:2081)
	at java.base@11.0.19/java.util.concurrent.LinkedBlockingQueue.take(LinkedBlockingQueue.java:433)
	at java.base@11.0.19/java.util.concurrent.ThreadPoolExecutor.getTask(ThreadPoolExecutor.java:1054)
	at java.base@11.0.19/java.util.concurrent.ThreadPoolExecutor.runWorker(ThreadPoolExecutor.java:1114)
	at java.base@11.0.19/java.util.concurrent.ThreadPoolExecutor$Worker.run(ThreadPoolExecutor.java:628)
	at java.base@11.0.19/java.lang.Thread.run(Thread.java:829)


"s2-DataStreamManagement-request--thread11" daemon prio=5 Id=899 WAITING on java.util.concurrent.locks.AbstractQueuedSynchronizer$ConditionObject@26e356f0
	at java.base@11.0.19/jdk.internal.misc.Unsafe.park(Native Method)
	-  waiting on java.util.concurrent.locks.AbstractQueuedSynchronizer$ConditionObject@26e356f0
	at java.base@11.0.19/java.util.concurrent.locks.LockSupport.park(LockSupport.java:194)
	at java.base@11.0.19/java.util.concurrent.locks.AbstractQueuedSynchronizer$ConditionObject.await(AbstractQueuedSynchronizer.java:2081)
	at java.base@11.0.19/java.util.concurrent.LinkedBlockingQueue.take(LinkedBlockingQueue.java:433)
	at java.base@11.0.19/java.util.concurrent.ThreadPoolExecutor.getTask(ThreadPoolExecutor.java:1054)
	at java.base@11.0.19/java.util.concurrent.ThreadPoolExecutor.runWorker(ThreadPoolExecutor.java:1114)
	at java.base@11.0.19/java.util.concurrent.ThreadPoolExecutor$Worker.run(ThreadPoolExecutor.java:628)
	at java.base@11.0.19/java.lang.Thread.run(Thread.java:829)


"s2-DataStreamManagement-request--thread16" daemon prio=5 Id=914 WAITING on java.util.concurrent.locks.AbstractQueuedSynchronizer$ConditionObject@26e356f0
	at java.base@11.0.19/jdk.internal.misc.Unsafe.park(Native Method)
	-  waiting on java.util.concurrent.locks.AbstractQueuedSynchronizer$ConditionObject@26e356f0
	at java.base@11.0.19/java.util.concurrent.locks.LockSupport.park(LockSupport.java:194)
	at java.base@11.0.19/java.util.concurrent.locks.AbstractQueuedSynchronizer$ConditionObject.await(AbstractQueuedSynchronizer.java:2081)
	at java.base@11.0.19/java.util.concurrent.LinkedBlockingQueue.take(LinkedBlockingQueue.java:433)
	at java.base@11.0.19/java.util.concurrent.ThreadPoolExecutor.getTask(ThreadPoolExecutor.java:1054)
	at java.base@11.0.19/java.util.concurrent.ThreadPoolExecutor.runWorker(ThreadPoolExecutor.java:1114)
	at java.base@11.0.19/java.util.concurrent.ThreadPoolExecutor$Worker.run(ThreadPoolExecutor.java:628)
	at java.base@11.0.19/java.lang.Thread.run(Thread.java:829)


"s0-DataStreamManagement-request--thread13" daemon prio=5 Id=897 WAITING on java.util.concurrent.locks.AbstractQueuedSynchronizer$ConditionObject@67f639d3
	at java.base@11.0.19/jdk.internal.misc.Unsafe.park(Native Method)
	-  waiting on java.util.concurrent.locks.AbstractQueuedSynchronizer$ConditionObject@67f639d3
	at java.base@11.0.19/java.util.concurrent.locks.LockSupport.park(LockSupport.java:194)
	at java.base@11.0.19/java.util.concurrent.locks.AbstractQueuedSynchronizer$ConditionObject.await(AbstractQueuedSynchronizer.java:2081)
	at java.base@11.0.19/java.util.concurrent.LinkedBlockingQueue.take(LinkedBlockingQueue.java:433)
	at java.base@11.0.19/java.util.concurrent.ThreadPoolExecutor.getTask(ThreadPoolExecutor.java:1054)
	at java.base@11.0.19/java.util.concurrent.ThreadPoolExecutor.runWorker(ThreadPoolExecutor.java:1114)
	at java.base@11.0.19/java.util.concurrent.ThreadPoolExecutor$Worker.run(ThreadPoolExecutor.java:628)
	at java.base@11.0.19/java.lang.Thread.run(Thread.java:829)


"s2-DataStreamManagement-request--thread9" daemon prio=5 Id=895 WAITING on java.util.concurrent.locks.AbstractQueuedSynchronizer$ConditionObject@26e356f0
	at java.base@11.0.19/jdk.internal.misc.Unsafe.park(Native Method)
	-  waiting on java.util.concurrent.locks.AbstractQueuedSynchronizer$ConditionObject@26e356f0
	at java.base@11.0.19/java.util.concurrent.locks.LockSupport.park(LockSupport.java:194)
	at java.base@11.0.19/java.util.concurrent.locks.AbstractQueuedSynchronizer$ConditionObject.await(AbstractQueuedSynchronizer.java:2081)
	at java.base@11.0.19/java.util.concurrent.LinkedBlockingQueue.take(LinkedBlockingQueue.java:433)
	at java.base@11.0.19/java.util.concurrent.ThreadPoolExecutor.getTask(ThreadPoolExecutor.java:1054)
	at java.base@11.0.19/java.util.concurrent.ThreadPoolExecutor.runWorker(ThreadPoolExecutor.java:1114)
	at java.base@11.0.19/java.util.concurrent.ThreadPoolExecutor$Worker.run(ThreadPoolExecutor.java:628)
	at java.base@11.0.19/java.lang.Thread.run(Thread.java:829)


"NettyClientStreamRpc-workerGroup--thread1" daemon prio=5 Id=894 RUNNABLE (in native)
	at java.base@11.0.19/sun.nio.ch.EPoll.wait(Native Method)
	at java.base@11.0.19/sun.nio.ch.EPollSelectorImpl.doSelect(EPollSelectorImpl.java:120)
	at java.base@11.0.19/sun.nio.ch.SelectorImpl.lockAndDoSelect(SelectorImpl.java:124)
	-  locked org.apache.ratis.thirdparty.io.netty.channel.nio.SelectedSelectionKeySet@2d710f1a
	-  locked sun.nio.ch.EPollSelectorImpl@29215f06
	at java.base@11.0.19/sun.nio.ch.SelectorImpl.select(SelectorImpl.java:141)
	at app//org.apache.ratis.thirdparty.io.netty.channel.nio.SelectedSelectionKeySetSelector.select(SelectedSelectionKeySetSelector.java:68)
	at app//org.apache.ratis.thirdparty.io.netty.channel.nio.NioEventLoop.select(NioEventLoop.java:879)
	at app//org.apache.ratis.thirdparty.io.netty.channel.nio.NioEventLoop.run(NioEventLoop.java:526)
	at app//org.apache.ratis.thirdparty.io.netty.util.concurrent.SingleThreadEventExecutor$4.run(SingleThreadEventExecutor.java:997)
	...


"s0-DataStreamManagement-request--thread12" daemon prio=5 Id=893 WAITING on java.util.concurrent.locks.AbstractQueuedSynchronizer$ConditionObject@67f639d3
	at java.base@11.0.19/jdk.internal.misc.Unsafe.park(Native Method)
	-  waiting on java.util.concurrent.locks.AbstractQueuedSynchronizer$ConditionObject@67f639d3
	at java.base@11.0.19/java.util.concurrent.locks.LockSupport.park(LockSupport.java:194)
	at java.base@11.0.19/java.util.concurrent.locks.AbstractQueuedSynchronizer$ConditionObject.await(AbstractQueuedSynchronizer.java:2081)
	at java.base@11.0.19/java.util.concurrent.LinkedBlockingQueue.take(LinkedBlockingQueue.java:433)
	at java.base@11.0.19/java.util.concurrent.ThreadPoolExecutor.getTask(ThreadPoolExecutor.java:1054)
	at java.base@11.0.19/java.util.concurrent.ThreadPoolExecutor.runWorker(ThreadPoolExecutor.java:1114)
	at java.base@11.0.19/java.util.concurrent.ThreadPoolExecutor$Worker.run(ThreadPoolExecutor.java:628)
	at java.base@11.0.19/java.lang.Thread.run(Thread.java:829)


"s0-DataStreamManagement-request--thread16" daemon prio=5 Id=919 WAITING on java.util.concurrent.locks.AbstractQueuedSynchronizer$ConditionObject@67f639d3
	at java.base@11.0.19/jdk.internal.misc.Unsafe.park(Native Method)
	-  waiting on java.util.concurrent.locks.AbstractQueuedSynchronizer$ConditionObject@67f639d3
	at java.base@11.0.19/java.util.concurrent.locks.LockSupport.park(LockSupport.java:194)
	at java.base@11.0.19/java.util.concurrent.locks.AbstractQueuedSynchronizer$ConditionObject.await(AbstractQueuedSynchronizer.java:2081)
	at java.base@11.0.19/java.util.concurrent.LinkedBlockingQueue.take(LinkedBlockingQueue.java:433)
	at java.base@11.0.19/java.util.concurrent.ThreadPoolExecutor.getTask(ThreadPoolExecutor.java:1054)
	at java.base@11.0.19/java.util.concurrent.ThreadPoolExecutor.runWorker(ThreadPoolExecutor.java:1114)
	at java.base@11.0.19/java.util.concurrent.ThreadPoolExecutor$Worker.run(ThreadPoolExecutor.java:628)
	at java.base@11.0.19/java.lang.Thread.run(Thread.java:829)


"NettyClientStreamRpc-workerGroup--thread1" daemon prio=5 Id=923 RUNNABLE (in native)
	at java.base@11.0.19/sun.nio.ch.EPoll.wait(Native Method)
	at java.base@11.0.19/sun.nio.ch.EPollSelectorImpl.doSelect(EPollSelectorImpl.java:120)
	at java.base@11.0.19/sun.nio.ch.SelectorImpl.lockAndDoSelect(SelectorImpl.java:124)
	-  locked org.apache.ratis.thirdparty.io.netty.channel.nio.SelectedSelectionKeySet@59505b48
	-  locked sun.nio.ch.EPollSelectorImpl@4efac082
	at java.base@11.0.19/sun.nio.ch.SelectorImpl.select(SelectorImpl.java:141)
	at app//org.apache.ratis.thirdparty.io.netty.channel.nio.SelectedSelectionKeySetSelector.select(SelectedSelectionKeySetSelector.java:68)
	at app//org.apache.ratis.thirdparty.io.netty.channel.nio.NioEventLoop.select(NioEventLoop.java:879)
	at app//org.apache.ratis.thirdparty.io.netty.channel.nio.NioEventLoop.run(NioEventLoop.java:526)
	at app//org.apache.ratis.thirdparty.io.netty.util.concurrent.SingleThreadEventExecutor$4.run(SingleThreadEventExecutor.java:997)
	...


"s0-DataStreamManagement-request--thread11" daemon prio=5 Id=892 WAITING on java.util.concurrent.locks.AbstractQueuedSynchronizer$ConditionObject@67f639d3
	at java.base@11.0.19/jdk.internal.misc.Unsafe.park(Native Method)
	-  waiting on java.util.concurrent.locks.AbstractQueuedSynchronizer$ConditionObject@67f639d3
	at java.base@11.0.19/java.util.concurrent.locks.LockSupport.park(LockSupport.java:194)
	at java.base@11.0.19/java.util.concurrent.locks.AbstractQueuedSynchronizer$ConditionObject.await(AbstractQueuedSynchronizer.java:2081)
	at java.base@11.0.19/java.util.concurrent.LinkedBlockingQueue.take(LinkedBlockingQueue.java:433)
	at java.base@11.0.19/java.util.concurrent.ThreadPoolExecutor.getTask(ThreadPoolExecutor.java:1054)
	at java.base@11.0.19/java.util.concurrent.ThreadPoolExecutor.runWorker(ThreadPoolExecutor.java:1114)
	at java.base@11.0.19/java.util.concurrent.ThreadPoolExecutor$Worker.run(ThreadPoolExecutor.java:628)
	at java.base@11.0.19/java.lang.Thread.run(Thread.java:829)


"s0-DataStreamManagement-request--thread19" daemon prio=5 Id=926 WAITING on java.util.concurrent.locks.AbstractQueuedSynchronizer$ConditionObject@67f639d3
	at java.base@11.0.19/jdk.internal.misc.Unsafe.park(Native Method)
	-  waiting on java.util.concurrent.locks.AbstractQueuedSynchronizer$ConditionObject@67f639d3
	at java.base@11.0.19/java.util.concurrent.locks.LockSupport.park(LockSupport.java:194)
	at java.base@11.0.19/java.util.concurrent.locks.AbstractQueuedSynchronizer$ConditionObject.await(AbstractQueuedSynchronizer.java:2081)
	at java.base@11.0.19/java.util.concurrent.LinkedBlockingQueue.take(LinkedBlockingQueue.java:433)
	at java.base@11.0.19/java.util.concurrent.ThreadPoolExecutor.getTask(ThreadPoolExecutor.java:1054)
	at java.base@11.0.19/java.util.concurrent.ThreadPoolExecutor.runWorker(ThreadPoolExecutor.java:1114)
	at java.base@11.0.19/java.util.concurrent.ThreadPoolExecutor$Worker.run(ThreadPoolExecutor.java:628)
	at java.base@11.0.19/java.lang.Thread.run(Thread.java:829)


"s1-DataStreamManagement-request--thread11" daemon prio=5 Id=891 WAITING on java.util.concurrent.locks.AbstractQueuedSynchronizer$ConditionObject@290222c1
	at java.base@11.0.19/jdk.internal.misc.Unsafe.park(Native Method)
	-  waiting on java.util.concurrent.locks.AbstractQueuedSynchronizer$ConditionObject@290222c1
	at java.base@11.0.19/java.util.concurrent.locks.LockSupport.park(LockSupport.java:194)
	at java.base@11.0.19/java.util.concurrent.locks.AbstractQueuedSynchronizer$ConditionObject.await(AbstractQueuedSynchronizer.java:2081)
	at java.base@11.0.19/java.util.concurrent.LinkedBlockingQueue.take(LinkedBlockingQueue.java:433)
	at java.base@11.0.19/java.util.concurrent.ThreadPoolExecutor.getTask(ThreadPoolExecutor.java:1054)
	at java.base@11.0.19/java.util.concurrent.ThreadPoolExecutor.runWorker(ThreadPoolExecutor.java:1114)
	at java.base@11.0.19/java.util.concurrent.ThreadPoolExecutor$Worker.run(ThreadPoolExecutor.java:628)
	at java.base@11.0.19/java.lang.Thread.run(Thread.java:829)


"s0-DataStreamManagement-request--thread10" daemon prio=5 Id=889 WAITING on java.util.concurrent.locks.AbstractQueuedSynchronizer$ConditionObject@67f639d3
	at java.base@11.0.19/jdk.internal.misc.Unsafe.park(Native Method)
	-  waiting on java.util.concurrent.locks.AbstractQueuedSynchronizer$ConditionObject@67f639d3
	at java.base@11.0.19/java.util.concurrent.locks.LockSupport.park(LockSupport.java:194)
	at java.base@11.0.19/java.util.concurrent.locks.AbstractQueuedSynchronizer$ConditionObject.await(AbstractQueuedSynchronizer.java:2081)
	at java.base@11.0.19/java.util.concurrent.LinkedBlockingQueue.take(LinkedBlockingQueue.java:433)
	at java.base@11.0.19/java.util.concurrent.ThreadPoolExecutor.getTask(ThreadPoolExecutor.java:1054)
	at java.base@11.0.19/java.util.concurrent.ThreadPoolExecutor.runWorker(ThreadPoolExecutor.java:1114)
	at java.base@11.0.19/java.util.concurrent.ThreadPoolExecutor$Worker.run(ThreadPoolExecutor.java:628)
	at java.base@11.0.19/java.lang.Thread.run(Thread.java:829)


"s1-DataStreamManagement-request--thread10" daemon prio=5 Id=888 WAITING on java.util.concurrent.locks.AbstractQueuedSynchronizer$ConditionObject@290222c1
	at java.base@11.0.19/jdk.internal.misc.Unsafe.park(Native Method)
	-  waiting on java.util.concurrent.locks.AbstractQueuedSynchronizer$ConditionObject@290222c1
	at java.base@11.0.19/java.util.concurrent.locks.LockSupport.park(LockSupport.java:194)
	at java.base@11.0.19/java.util.concurrent.locks.AbstractQueuedSynchronizer$ConditionObject.await(AbstractQueuedSynchronizer.java:2081)
	at java.base@11.0.19/java.util.concurrent.LinkedBlockingQueue.take(LinkedBlockingQueue.java:433)
	at java.base@11.0.19/java.util.concurrent.ThreadPoolExecutor.getTask(ThreadPoolExecutor.java:1054)
	at java.base@11.0.19/java.util.concurrent.ThreadPoolExecutor.runWorker(ThreadPoolExecutor.java:1114)
	at java.base@11.0.19/java.util.concurrent.ThreadPoolExecutor$Worker.run(ThreadPoolExecutor.java:628)
	at java.base@11.0.19/java.lang.Thread.run(Thread.java:829)


"s1-DataStreamManagement-request--thread19" daemon prio=5 Id=930 WAITING on java.util.concurrent.locks.AbstractQueuedSynchronizer$ConditionObject@290222c1
	at java.base@11.0.19/jdk.internal.misc.Unsafe.park(Native Method)
	-  waiting on java.util.concurrent.locks.AbstractQueuedSynchronizer$ConditionObject@290222c1
	at java.base@11.0.19/java.util.concurrent.locks.LockSupport.park(LockSupport.java:194)
	at java.base@11.0.19/java.util.concurrent.locks.AbstractQueuedSynchronizer$ConditionObject.await(AbstractQueuedSynchronizer.java:2081)
	at java.base@11.0.19/java.util.concurrent.LinkedBlockingQueue.take(LinkedBlockingQueue.java:433)
	at java.base@11.0.19/java.util.concurrent.ThreadPoolExecutor.getTask(ThreadPoolExecutor.java:1054)
	at java.base@11.0.19/java.util.concurrent.ThreadPoolExecutor.runWorker(ThreadPoolExecutor.java:1114)
	at java.base@11.0.19/java.util.concurrent.ThreadPoolExecutor$Worker.run(ThreadPoolExecutor.java:628)
	at java.base@11.0.19/java.lang.Thread.run(Thread.java:829)


"s1-DataStreamManagement-request--thread21" daemon prio=5 Id=932 WAITING on java.util.concurrent.locks.AbstractQueuedSynchronizer$ConditionObject@290222c1
	at java.base@11.0.19/jdk.internal.misc.Unsafe.park(Native Method)
	-  waiting on java.util.concurrent.locks.AbstractQueuedSynchronizer$ConditionObject@290222c1
	at java.base@11.0.19/java.util.concurrent.locks.LockSupport.park(LockSupport.java:194)
	at java.base@11.0.19/java.util.concurrent.locks.AbstractQueuedSynchronizer$ConditionObject.await(AbstractQueuedSynchronizer.java:2081)
	at java.base@11.0.19/java.util.concurrent.LinkedBlockingQueue.take(LinkedBlockingQueue.java:433)
	at java.base@11.0.19/java.util.concurrent.ThreadPoolExecutor.getTask(ThreadPoolExecutor.java:1054)
	at java.base@11.0.19/java.util.concurrent.ThreadPoolExecutor.runWorker(ThreadPoolExecutor.java:1114)
	at java.base@11.0.19/java.util.concurrent.ThreadPoolExecutor$Worker.run(ThreadPoolExecutor.java:628)
	at java.base@11.0.19/java.lang.Thread.run(Thread.java:829)


"NettyClientStreamRpc-workerGroup--thread1" daemon prio=5 Id=934 RUNNABLE (in native)
	at java.base@11.0.19/sun.nio.ch.EPoll.wait(Native Method)
	at java.base@11.0.19/sun.nio.ch.EPollSelectorImpl.doSelect(EPollSelectorImpl.java:120)
	at java.base@11.0.19/sun.nio.ch.SelectorImpl.lockAndDoSelect(SelectorImpl.java:124)
	-  locked org.apache.ratis.thirdparty.io.netty.channel.nio.SelectedSelectionKeySet@6bd61f98
	-  locked sun.nio.ch.EPollSelectorImpl@48aca48b
	at java.base@11.0.19/sun.nio.ch.SelectorImpl.select(SelectorImpl.java:141)
	at app//org.apache.ratis.thirdparty.io.netty.channel.nio.SelectedSelectionKeySetSelector.select(SelectedSelectionKeySetSelector.java:68)
	at app//org.apache.ratis.thirdparty.io.netty.channel.nio.NioEventLoop.select(NioEventLoop.java:879)
	at app//org.apache.ratis.thirdparty.io.netty.channel.nio.NioEventLoop.run(NioEventLoop.java:526)
	at app//org.apache.ratis.thirdparty.io.netty.util.concurrent.SingleThreadEventExecutor$4.run(SingleThreadEventExecutor.java:997)
	...


"s1-DataStreamManagement-request--thread24" daemon prio=5 Id=936 WAITING on java.util.concurrent.locks.AbstractQueuedSynchronizer$ConditionObject@290222c1
	at java.base@11.0.19/jdk.internal.misc.Unsafe.park(Native Method)
	-  waiting on java.util.concurrent.locks.AbstractQueuedSynchronizer$ConditionObject@290222c1
	at java.base@11.0.19/java.util.concurrent.locks.LockSupport.park(LockSupport.java:194)
	at java.base@11.0.19/java.util.concurrent.locks.AbstractQueuedSynchronizer$ConditionObject.await(AbstractQueuedSynchronizer.java:2081)
	at java.base@11.0.19/java.util.concurrent.LinkedBlockingQueue.take(LinkedBlockingQueue.java:433)
	at java.base@11.0.19/java.util.concurrent.ThreadPoolExecutor.getTask(ThreadPoolExecutor.java:1054)
	at java.base@11.0.19/java.util.concurrent.ThreadPoolExecutor.runWorker(ThreadPoolExecutor.java:1114)
	at java.base@11.0.19/java.util.concurrent.ThreadPoolExecutor$Worker.run(ThreadPoolExecutor.java:628)
	at java.base@11.0.19/java.lang.Thread.run(Thread.java:829)


"s1-DataStreamManagement-request--thread23" daemon prio=5 Id=935 WAITING on java.util.concurrent.locks.AbstractQueuedSynchronizer$ConditionObject@290222c1
	at java.base@11.0.19/jdk.internal.misc.Unsafe.park(Native Method)
	-  waiting on java.util.concurrent.locks.AbstractQueuedSynchronizer$ConditionObject@290222c1
	at java.base@11.0.19/java.util.concurrent.locks.LockSupport.park(LockSupport.java:194)
	at java.base@11.0.19/java.util.concurrent.locks.AbstractQueuedSynchronizer$ConditionObject.await(AbstractQueuedSynchronizer.java:2081)
	at java.base@11.0.19/java.util.concurrent.LinkedBlockingQueue.take(LinkedBlockingQueue.java:433)
	at java.base@11.0.19/java.util.concurrent.ThreadPoolExecutor.getTask(ThreadPoolExecutor.java:1054)
	at java.base@11.0.19/java.util.concurrent.ThreadPoolExecutor.runWorker(ThreadPoolExecutor.java:1114)
	at java.base@11.0.19/java.util.concurrent.ThreadPoolExecutor$Worker.run(ThreadPoolExecutor.java:628)
	at java.base@11.0.19/java.lang.Thread.run(Thread.java:829)


"s1-DataStreamManagement-request--thread22" daemon prio=5 Id=933 WAITING on java.util.concurrent.locks.AbstractQueuedSynchronizer$ConditionObject@290222c1
	at java.base@11.0.19/jdk.internal.misc.Unsafe.park(Native Method)
	-  waiting on java.util.concurrent.locks.AbstractQueuedSynchronizer$ConditionObject@290222c1
	at java.base@11.0.19/java.util.concurrent.locks.LockSupport.park(LockSupport.java:194)
	at java.base@11.0.19/java.util.concurrent.locks.AbstractQueuedSynchronizer$ConditionObject.await(AbstractQueuedSynchronizer.java:2081)
	at java.base@11.0.19/java.util.concurrent.LinkedBlockingQueue.take(LinkedBlockingQueue.java:433)
	at java.base@11.0.19/java.util.concurrent.ThreadPoolExecutor.getTask(ThreadPoolExecutor.java:1054)
	at java.base@11.0.19/java.util.concurrent.ThreadPoolExecutor.runWorker(ThreadPoolExecutor.java:1114)
	at java.base@11.0.19/java.util.concurrent.ThreadPoolExecutor$Worker.run(ThreadPoolExecutor.java:628)
	at java.base@11.0.19/java.lang.Thread.run(Thread.java:829)


"s1-DataStreamManagement-request--thread20" daemon prio=5 Id=931 WAITING on java.util.concurrent.locks.AbstractQueuedSynchronizer$ConditionObject@290222c1
	at java.base@11.0.19/jdk.internal.misc.Unsafe.park(Native Method)
	-  waiting on java.util.concurrent.locks.AbstractQueuedSynchronizer$ConditionObject@290222c1
	at java.base@11.0.19/java.util.concurrent.locks.LockSupport.park(LockSupport.java:194)
	at java.base@11.0.19/java.util.concurrent.locks.AbstractQueuedSynchronizer$ConditionObject.await(AbstractQueuedSynchronizer.java:2081)
	at java.base@11.0.19/java.util.concurrent.LinkedBlockingQueue.take(LinkedBlockingQueue.java:433)
	at java.base@11.0.19/java.util.concurrent.ThreadPoolExecutor.getTask(ThreadPoolExecutor.java:1054)
	at java.base@11.0.19/java.util.concurrent.ThreadPoolExecutor.runWorker(ThreadPoolExecutor.java:1114)
	at java.base@11.0.19/java.util.concurrent.ThreadPoolExecutor$Worker.run(ThreadPoolExecutor.java:628)
	at java.base@11.0.19/java.lang.Thread.run(Thread.java:829)


"s0-DataStreamManagement-request--thread21" daemon prio=5 Id=929 WAITING on java.util.concurrent.locks.AbstractQueuedSynchronizer$ConditionObject@67f639d3
	at java.base@11.0.19/jdk.internal.misc.Unsafe.park(Native Method)
	-  waiting on java.util.concurrent.locks.AbstractQueuedSynchronizer$ConditionObject@67f639d3
	at java.base@11.0.19/java.util.concurrent.locks.LockSupport.park(LockSupport.java:194)
	at java.base@11.0.19/java.util.concurrent.locks.AbstractQueuedSynchronizer$ConditionObject.await(AbstractQueuedSynchronizer.java:2081)
	at java.base@11.0.19/java.util.concurrent.LinkedBlockingQueue.take(LinkedBlockingQueue.java:433)
	at java.base@11.0.19/java.util.concurrent.ThreadPoolExecutor.getTask(ThreadPoolExecutor.java:1054)
	at java.base@11.0.19/java.util.concurrent.ThreadPoolExecutor.runWorker(ThreadPoolExecutor.java:1114)
	at java.base@11.0.19/java.util.concurrent.ThreadPoolExecutor$Worker.run(ThreadPoolExecutor.java:628)
	at java.base@11.0.19/java.lang.Thread.run(Thread.java:829)


"s0-DataStreamManagement-request--thread20" daemon prio=5 Id=928 WAITING on java.util.concurrent.locks.AbstractQueuedSynchronizer$ConditionObject@67f639d3
	at java.base@11.0.19/jdk.internal.misc.Unsafe.park(Native Method)
	-  waiting on java.util.concurrent.locks.AbstractQueuedSynchronizer$ConditionObject@67f639d3
	at java.base@11.0.19/java.util.concurrent.locks.LockSupport.park(LockSupport.java:194)
	at java.base@11.0.19/java.util.concurrent.locks.AbstractQueuedSynchronizer$ConditionObject.await(AbstractQueuedSynchronizer.java:2081)
	at java.base@11.0.19/java.util.concurrent.LinkedBlockingQueue.take(LinkedBlockingQueue.java:433)
	at java.base@11.0.19/java.util.concurrent.ThreadPoolExecutor.getTask(ThreadPoolExecutor.java:1054)
	at java.base@11.0.19/java.util.concurrent.ThreadPoolExecutor.runWorker(ThreadPoolExecutor.java:1114)
	at java.base@11.0.19/java.util.concurrent.ThreadPoolExecutor$Worker.run(ThreadPoolExecutor.java:628)
	at java.base@11.0.19/java.lang.Thread.run(Thread.java:829)


"s2-DataStreamManagement-request--thread20" daemon prio=5 Id=927 WAITING on java.util.concurrent.locks.AbstractQueuedSynchronizer$ConditionObject@26e356f0
	at java.base@11.0.19/jdk.internal.misc.Unsafe.park(Native Method)
	-  waiting on java.util.concurrent.locks.AbstractQueuedSynchronizer$ConditionObject@26e356f0
	at java.base@11.0.19/java.util.concurrent.locks.LockSupport.park(LockSupport.java:194)
	at java.base@11.0.19/java.util.concurrent.locks.AbstractQueuedSynchronizer$ConditionObject.await(AbstractQueuedSynchronizer.java:2081)
	at java.base@11.0.19/java.util.concurrent.LinkedBlockingQueue.take(LinkedBlockingQueue.java:433)
	at java.base@11.0.19/java.util.concurrent.ThreadPoolExecutor.getTask(ThreadPoolExecutor.java:1054)
	at java.base@11.0.19/java.util.concurrent.ThreadPoolExecutor.runWorker(ThreadPoolExecutor.java:1114)
	at java.base@11.0.19/java.util.concurrent.ThreadPoolExecutor$Worker.run(ThreadPoolExecutor.java:628)
	at java.base@11.0.19/java.lang.Thread.run(Thread.java:829)


"NettyClientStreamRpc-workerGroup--thread1" daemon prio=5 Id=925 RUNNABLE (in native)
	at java.base@11.0.19/sun.nio.ch.EPoll.wait(Native Method)
	at java.base@11.0.19/sun.nio.ch.EPollSelectorImpl.doSelect(EPollSelectorImpl.java:120)
	at java.base@11.0.19/sun.nio.ch.SelectorImpl.lockAndDoSelect(SelectorImpl.java:124)
	-  locked org.apache.ratis.thirdparty.io.netty.channel.nio.SelectedSelectionKeySet@13fd2ccd
	-  locked sun.nio.ch.EPollSelectorImpl@b9b00e0
	at java.base@11.0.19/sun.nio.ch.SelectorImpl.select(SelectorImpl.java:141)
	at app//org.apache.ratis.thirdparty.io.netty.channel.nio.SelectedSelectionKeySetSelector.select(SelectedSelectionKeySetSelector.java:68)
	at app//org.apache.ratis.thirdparty.io.netty.channel.nio.NioEventLoop.select(NioEventLoop.java:879)
	at app//org.apache.ratis.thirdparty.io.netty.channel.nio.NioEventLoop.run(NioEventLoop.java:526)
	at app//org.apache.ratis.thirdparty.io.netty.util.concurrent.SingleThreadEventExecutor$4.run(SingleThreadEventExecutor.java:997)
	...


"s0-DataStreamManagement-request--thread18" daemon prio=5 Id=924 WAITING on java.util.concurrent.locks.AbstractQueuedSynchronizer$ConditionObject@67f639d3
	at java.base@11.0.19/jdk.internal.misc.Unsafe.park(Native Method)
	-  waiting on java.util.concurrent.locks.AbstractQueuedSynchronizer$ConditionObject@67f639d3
	at java.base@11.0.19/java.util.concurrent.locks.LockSupport.park(LockSupport.java:194)
	at java.base@11.0.19/java.util.concurrent.locks.AbstractQueuedSynchronizer$ConditionObject.await(AbstractQueuedSynchronizer.java:2081)
	at java.base@11.0.19/java.util.concurrent.LinkedBlockingQueue.take(LinkedBlockingQueue.java:433)
	at java.base@11.0.19/java.util.concurrent.ThreadPoolExecutor.getTask(ThreadPoolExecutor.java:1054)
	at java.base@11.0.19/java.util.concurrent.ThreadPoolExecutor.runWorker(ThreadPoolExecutor.java:1114)
	at java.base@11.0.19/java.util.concurrent.ThreadPoolExecutor$Worker.run(ThreadPoolExecutor.java:628)
	at java.base@11.0.19/java.lang.Thread.run(Thread.java:829)


"s0-DataStreamManagement-request--thread17" daemon prio=5 Id=922 WAITING on java.util.concurrent.locks.AbstractQueuedSynchronizer$ConditionObject@67f639d3
	at java.base@11.0.19/jdk.internal.misc.Unsafe.park(Native Method)
	-  waiting on java.util.concurrent.locks.AbstractQueuedSynchronizer$ConditionObject@67f639d3
	at java.base@11.0.19/java.util.concurrent.locks.LockSupport.park(LockSupport.java:194)
	at java.base@11.0.19/java.util.concurrent.locks.AbstractQueuedSynchronizer$ConditionObject.await(AbstractQueuedSynchronizer.java:2081)
	at java.base@11.0.19/java.util.concurrent.LinkedBlockingQueue.take(LinkedBlockingQueue.java:433)
	at java.base@11.0.19/java.util.concurrent.ThreadPoolExecutor.getTask(ThreadPoolExecutor.java:1054)
	at java.base@11.0.19/java.util.concurrent.ThreadPoolExecutor.runWorker(ThreadPoolExecutor.java:1114)
	at java.base@11.0.19/java.util.concurrent.ThreadPoolExecutor$Worker.run(ThreadPoolExecutor.java:628)
	at java.base@11.0.19/java.lang.Thread.run(Thread.java:829)


"s2-DataStreamManagement-request--thread19" daemon prio=5 Id=921 WAITING on java.util.concurrent.locks.AbstractQueuedSynchronizer$ConditionObject@26e356f0
	at java.base@11.0.19/jdk.internal.misc.Unsafe.park(Native Method)
	-  waiting on java.util.concurrent.locks.AbstractQueuedSynchronizer$ConditionObject@26e356f0
	at java.base@11.0.19/java.util.concurrent.locks.LockSupport.park(LockSupport.java:194)
	at java.base@11.0.19/java.util.concurrent.locks.AbstractQueuedSynchronizer$ConditionObject.await(AbstractQueuedSynchronizer.java:2081)
	at java.base@11.0.19/java.util.concurrent.LinkedBlockingQueue.take(LinkedBlockingQueue.java:433)
	at java.base@11.0.19/java.util.concurrent.ThreadPoolExecutor.getTask(ThreadPoolExecutor.java:1054)
	at java.base@11.0.19/java.util.concurrent.ThreadPoolExecutor.runWorker(ThreadPoolExecutor.java:1114)
	at java.base@11.0.19/java.util.concurrent.ThreadPoolExecutor$Worker.run(ThreadPoolExecutor.java:628)
	at java.base@11.0.19/java.lang.Thread.run(Thread.java:829)


"s1-DataStreamManagement-request--thread18" daemon prio=5 Id=920 WAITING on java.util.concurrent.locks.AbstractQueuedSynchronizer$ConditionObject@290222c1
	at java.base@11.0.19/jdk.internal.misc.Unsafe.park(Native Method)
	-  waiting on java.util.concurrent.locks.AbstractQueuedSynchronizer$ConditionObject@290222c1
	at java.base@11.0.19/java.util.concurrent.locks.LockSupport.park(LockSupport.java:194)
	at java.base@11.0.19/java.util.concurrent.locks.AbstractQueuedSynchronizer$ConditionObject.await(AbstractQueuedSynchronizer.java:2081)
	at java.base@11.0.19/java.util.concurrent.LinkedBlockingQueue.take(LinkedBlockingQueue.java:433)
	at java.base@11.0.19/java.util.concurrent.ThreadPoolExecutor.getTask(ThreadPoolExecutor.java:1054)
	at java.base@11.0.19/java.util.concurrent.ThreadPoolExecutor.runWorker(ThreadPoolExecutor.java:1114)
	at java.base@11.0.19/java.util.concurrent.ThreadPoolExecutor$Worker.run(ThreadPoolExecutor.java:628)
	at java.base@11.0.19/java.lang.Thread.run(Thread.java:829)


"s1-DataStreamManagement-request--thread25" daemon prio=5 Id=940 WAITING on java.util.concurrent.locks.AbstractQueuedSynchronizer$ConditionObject@290222c1
	at java.base@11.0.19/jdk.internal.misc.Unsafe.park(Native Method)
	-  waiting on java.util.concurrent.locks.AbstractQueuedSynchronizer$ConditionObject@290222c1
	at java.base@11.0.19/java.util.concurrent.locks.LockSupport.park(LockSupport.java:194)
	at java.base@11.0.19/java.util.concurrent.locks.AbstractQueuedSynchronizer$ConditionObject.await(AbstractQueuedSynchronizer.java:2081)
	at java.base@11.0.19/java.util.concurrent.LinkedBlockingQueue.take(LinkedBlockingQueue.java:433)
	at java.base@11.0.19/java.util.concurrent.ThreadPoolExecutor.getTask(ThreadPoolExecutor.java:1054)
	at java.base@11.0.19/java.util.concurrent.ThreadPoolExecutor.runWorker(ThreadPoolExecutor.java:1114)
	at java.base@11.0.19/java.util.concurrent.ThreadPoolExecutor$Worker.run(ThreadPoolExecutor.java:628)
	at java.base@11.0.19/java.lang.Thread.run(Thread.java:829)


"s1-DataStreamManagement-request--thread26" daemon prio=5 Id=941 WAITING on java.util.concurrent.locks.AbstractQueuedSynchronizer$ConditionObject@290222c1
	at java.base@11.0.19/jdk.internal.misc.Unsafe.park(Native Method)
	-  waiting on java.util.concurrent.locks.AbstractQueuedSynchronizer$ConditionObject@290222c1
	at java.base@11.0.19/java.util.concurrent.locks.LockSupport.park(LockSupport.java:194)
	at java.base@11.0.19/java.util.concurrent.locks.AbstractQueuedSynchronizer$ConditionObject.await(AbstractQueuedSynchronizer.java:2081)
	at java.base@11.0.19/java.util.concurrent.LinkedBlockingQueue.take(LinkedBlockingQueue.java:433)
	at java.base@11.0.19/java.util.concurrent.ThreadPoolExecutor.getTask(ThreadPoolExecutor.java:1054)
	at java.base@11.0.19/java.util.concurrent.ThreadPoolExecutor.runWorker(ThreadPoolExecutor.java:1114)
	at java.base@11.0.19/java.util.concurrent.ThreadPoolExecutor$Worker.run(ThreadPoolExecutor.java:628)
	at java.base@11.0.19/java.lang.Thread.run(Thread.java:829)


"s1-DataStreamManagement-request--thread17" daemon prio=5 Id=918 WAITING on java.util.concurrent.locks.AbstractQueuedSynchronizer$ConditionObject@290222c1
	at java.base@11.0.19/jdk.internal.misc.Unsafe.park(Native Method)
	-  waiting on java.util.concurrent.locks.AbstractQueuedSynchronizer$ConditionObject@290222c1
	at java.base@11.0.19/java.util.concurrent.locks.LockSupport.park(LockSupport.java:194)
	at java.base@11.0.19/java.util.concurrent.locks.AbstractQueuedSynchronizer$ConditionObject.await(AbstractQueuedSynchronizer.java:2081)
	at java.base@11.0.19/java.util.concurrent.LinkedBlockingQueue.take(LinkedBlockingQueue.java:433)
	at java.base@11.0.19/java.util.concurrent.ThreadPoolExecutor.getTask(ThreadPoolExecutor.java:1054)
	at java.base@11.0.19/java.util.concurrent.ThreadPoolExecutor.runWorker(ThreadPoolExecutor.java:1114)
	at java.base@11.0.19/java.util.concurrent.ThreadPoolExecutor$Worker.run(ThreadPoolExecutor.java:628)
	at java.base@11.0.19/java.lang.Thread.run(Thread.java:829)


"NettyClientStreamRpc-workerGroup--thread1" daemon prio=5 Id=917 RUNNABLE (in native)
	at java.base@11.0.19/sun.nio.ch.EPoll.wait(Native Method)
	at java.base@11.0.19/sun.nio.ch.EPollSelectorImpl.doSelect(EPollSelectorImpl.java:120)
	at java.base@11.0.19/sun.nio.ch.SelectorImpl.lockAndDoSelect(SelectorImpl.java:124)
	-  locked org.apache.ratis.thirdparty.io.netty.channel.nio.SelectedSelectionKeySet@506ae4d4
	-  locked sun.nio.ch.EPollSelectorImpl@7d4f9aae
	at java.base@11.0.19/sun.nio.ch.SelectorImpl.select(SelectorImpl.java:141)
	at app//org.apache.ratis.thirdparty.io.netty.channel.nio.SelectedSelectionKeySetSelector.select(SelectedSelectionKeySetSelector.java:68)
	at app//org.apache.ratis.thirdparty.io.netty.channel.nio.NioEventLoop.select(NioEventLoop.java:879)
	at app//org.apache.ratis.thirdparty.io.netty.channel.nio.NioEventLoop.run(NioEventLoop.java:526)
	at app//org.apache.ratis.thirdparty.io.netty.util.concurrent.SingleThreadEventExecutor$4.run(SingleThreadEventExecutor.java:997)
	...


"s2-DataStreamManagement-request--thread18" daemon prio=5 Id=916 WAITING on java.util.concurrent.locks.AbstractQueuedSynchronizer$ConditionObject@26e356f0
	at java.base@11.0.19/jdk.internal.misc.Unsafe.park(Native Method)
	-  waiting on java.util.concurrent.locks.AbstractQueuedSynchronizer$ConditionObject@26e356f0
	at java.base@11.0.19/java.util.concurrent.locks.LockSupport.park(LockSupport.java:194)
	at java.base@11.0.19/java.util.concurrent.locks.AbstractQueuedSynchronizer$ConditionObject.await(AbstractQueuedSynchronizer.java:2081)
	at java.base@11.0.19/java.util.concurrent.LinkedBlockingQueue.take(LinkedBlockingQueue.java:433)
	at java.base@11.0.19/java.util.concurrent.ThreadPoolExecutor.getTask(ThreadPoolExecutor.java:1054)
	at java.base@11.0.19/java.util.concurrent.ThreadPoolExecutor.runWorker(ThreadPoolExecutor.java:1114)
	at java.base@11.0.19/java.util.concurrent.ThreadPoolExecutor$Worker.run(ThreadPoolExecutor.java:628)
	at java.base@11.0.19/java.lang.Thread.run(Thread.java:829)


"s2-DataStreamManagement-request--thread17" daemon prio=5 Id=915 WAITING on java.util.concurrent.locks.AbstractQueuedSynchronizer$ConditionObject@26e356f0
	at java.base@11.0.19/jdk.internal.misc.Unsafe.park(Native Method)
	-  waiting on java.util.concurrent.locks.AbstractQueuedSynchronizer$ConditionObject@26e356f0
	at java.base@11.0.19/java.util.concurrent.locks.LockSupport.park(LockSupport.java:194)
	at java.base@11.0.19/java.util.concurrent.locks.AbstractQueuedSynchronizer$ConditionObject.await(AbstractQueuedSynchronizer.java:2081)
	at java.base@11.0.19/java.util.concurrent.LinkedBlockingQueue.take(LinkedBlockingQueue.java:433)
	at java.base@11.0.19/java.util.concurrent.ThreadPoolExecutor.getTask(ThreadPoolExecutor.java:1054)
	at java.base@11.0.19/java.util.concurrent.ThreadPoolExecutor.runWorker(ThreadPoolExecutor.java:1114)
	at java.base@11.0.19/java.util.concurrent.ThreadPoolExecutor$Worker.run(ThreadPoolExecutor.java:628)
	at java.base@11.0.19/java.lang.Thread.run(Thread.java:829)


"s0-DataStreamManagement-request--thread15" daemon prio=5 Id=913 WAITING on java.util.concurrent.locks.AbstractQueuedSynchronizer$ConditionObject@67f639d3
	at java.base@11.0.19/jdk.internal.misc.Unsafe.park(Native Method)
	-  waiting on java.util.concurrent.locks.AbstractQueuedSynchronizer$ConditionObject@67f639d3
	at java.base@11.0.19/java.util.concurrent.locks.LockSupport.park(LockSupport.java:194)
	at java.base@11.0.19/java.util.concurrent.locks.AbstractQueuedSynchronizer$ConditionObject.await(AbstractQueuedSynchronizer.java:2081)
	at java.base@11.0.19/java.util.concurrent.LinkedBlockingQueue.take(LinkedBlockingQueue.java:433)
	at java.base@11.0.19/java.util.concurrent.ThreadPoolExecutor.getTask(ThreadPoolExecutor.java:1054)
	at java.base@11.0.19/java.util.concurrent.ThreadPoolExecutor.runWorker(ThreadPoolExecutor.java:1114)
	at java.base@11.0.19/java.util.concurrent.ThreadPoolExecutor$Worker.run(ThreadPoolExecutor.java:628)
	at java.base@11.0.19/java.lang.Thread.run(Thread.java:829)


"s1-DataStreamManagement-request--thread16" daemon prio=5 Id=912 WAITING on java.util.concurrent.locks.AbstractQueuedSynchronizer$ConditionObject@290222c1
	at java.base@11.0.19/jdk.internal.misc.Unsafe.park(Native Method)
	-  waiting on java.util.concurrent.locks.AbstractQueuedSynchronizer$ConditionObject@290222c1
	at java.base@11.0.19/java.util.concurrent.locks.LockSupport.park(LockSupport.java:194)
	at java.base@11.0.19/java.util.concurrent.locks.AbstractQueuedSynchronizer$ConditionObject.await(AbstractQueuedSynchronizer.java:2081)
	at java.base@11.0.19/java.util.concurrent.LinkedBlockingQueue.take(LinkedBlockingQueue.java:433)
	at java.base@11.0.19/java.util.concurrent.ThreadPoolExecutor.getTask(ThreadPoolExecutor.java:1054)
	at java.base@11.0.19/java.util.concurrent.ThreadPoolExecutor.runWorker(ThreadPoolExecutor.java:1114)
	at java.base@11.0.19/java.util.concurrent.ThreadPoolExecutor$Worker.run(ThreadPoolExecutor.java:628)
	at java.base@11.0.19/java.lang.Thread.run(Thread.java:829)


"s2-DataStreamManagement-request--thread15" daemon prio=5 Id=911 WAITING on java.util.concurrent.locks.AbstractQueuedSynchronizer$ConditionObject@26e356f0
	at java.base@11.0.19/jdk.internal.misc.Unsafe.park(Native Method)
	-  waiting on java.util.concurrent.locks.AbstractQueuedSynchronizer$ConditionObject@26e356f0
	at java.base@11.0.19/java.util.concurrent.locks.LockSupport.park(LockSupport.java:194)
	at java.base@11.0.19/java.util.concurrent.locks.AbstractQueuedSynchronizer$ConditionObject.await(AbstractQueuedSynchronizer.java:2081)
	at java.base@11.0.19/java.util.concurrent.LinkedBlockingQueue.take(LinkedBlockingQueue.java:433)
	at java.base@11.0.19/java.util.concurrent.ThreadPoolExecutor.getTask(ThreadPoolExecutor.java:1054)
	at java.base@11.0.19/java.util.concurrent.ThreadPoolExecutor.runWorker(ThreadPoolExecutor.java:1114)
	at java.base@11.0.19/java.util.concurrent.ThreadPoolExecutor$Worker.run(ThreadPoolExecutor.java:628)
	at java.base@11.0.19/java.lang.Thread.run(Thread.java:829)


"NettyClientStreamRpc-workerGroup--thread1" daemon prio=5 Id=910 RUNNABLE (in native)
	at java.base@11.0.19/sun.nio.ch.EPoll.wait(Native Method)
	at java.base@11.0.19/sun.nio.ch.EPollSelectorImpl.doSelect(EPollSelectorImpl.java:120)
	at java.base@11.0.19/sun.nio.ch.SelectorImpl.lockAndDoSelect(SelectorImpl.java:124)
	-  locked org.apache.ratis.thirdparty.io.netty.channel.nio.SelectedSelectionKeySet@72e5a8e
	-  locked sun.nio.ch.EPollSelectorImpl@54e1c68b
	at java.base@11.0.19/sun.nio.ch.SelectorImpl.select(SelectorImpl.java:141)
	at app//org.apache.ratis.thirdparty.io.netty.channel.nio.SelectedSelectionKeySetSelector.select(SelectedSelectionKeySetSelector.java:68)
	at app//org.apache.ratis.thirdparty.io.netty.channel.nio.NioEventLoop.select(NioEventLoop.java:879)
	at app//org.apache.ratis.thirdparty.io.netty.channel.nio.NioEventLoop.run(NioEventLoop.java:526)
	at app//org.apache.ratis.thirdparty.io.netty.util.concurrent.SingleThreadEventExecutor$4.run(SingleThreadEventExecutor.java:997)
	...


"s2-DataStreamManagement-request--thread14" daemon prio=5 Id=909 WAITING on java.util.concurrent.locks.AbstractQueuedSynchronizer$ConditionObject@26e356f0
	at java.base@11.0.19/jdk.internal.misc.Unsafe.park(Native Method)
	-  waiting on java.util.concurrent.locks.AbstractQueuedSynchronizer$ConditionObject@26e356f0
	at java.base@11.0.19/java.util.concurrent.locks.LockSupport.park(LockSupport.java:194)
	at java.base@11.0.19/java.util.concurrent.locks.AbstractQueuedSynchronizer$ConditionObject.await(AbstractQueuedSynchronizer.java:2081)
	at java.base@11.0.19/java.util.concurrent.LinkedBlockingQueue.take(LinkedBlockingQueue.java:433)
	at java.base@11.0.19/java.util.concurrent.ThreadPoolExecutor.getTask(ThreadPoolExecutor.java:1054)
	at java.base@11.0.19/java.util.concurrent.ThreadPoolExecutor.runWorker(ThreadPoolExecutor.java:1114)
	at java.base@11.0.19/java.util.concurrent.ThreadPoolExecutor$Worker.run(ThreadPoolExecutor.java:628)
	at java.base@11.0.19/java.lang.Thread.run(Thread.java:829)


"s0-DataStreamManagement-request--thread26" daemon prio=5 Id=949 WAITING on java.util.concurrent.locks.AbstractQueuedSynchronizer$ConditionObject@67f639d3
	at java.base@11.0.19/jdk.internal.misc.Unsafe.park(Native Method)
	-  waiting on java.util.concurrent.locks.AbstractQueuedSynchronizer$ConditionObject@67f639d3
	at java.base@11.0.19/java.util.concurrent.locks.LockSupport.park(LockSupport.java:194)
	at java.base@11.0.19/java.util.concurrent.locks.AbstractQueuedSynchronizer$ConditionObject.await(AbstractQueuedSynchronizer.java:2081)
	at java.base@11.0.19/java.util.concurrent.LinkedBlockingQueue.take(LinkedBlockingQueue.java:433)
	at java.base@11.0.19/java.util.concurrent.ThreadPoolExecutor.getTask(ThreadPoolExecutor.java:1054)
	at java.base@11.0.19/java.util.concurrent.ThreadPoolExecutor.runWorker(ThreadPoolExecutor.java:1114)
	at java.base@11.0.19/java.util.concurrent.ThreadPoolExecutor$Worker.run(ThreadPoolExecutor.java:628)
	at java.base@11.0.19/java.lang.Thread.run(Thread.java:829)


"s1-DataStreamManagement-request--thread29" daemon prio=5 Id=948 WAITING on java.util.concurrent.locks.AbstractQueuedSynchronizer$ConditionObject@290222c1
	at java.base@11.0.19/jdk.internal.misc.Unsafe.park(Native Method)
	-  waiting on java.util.concurrent.locks.AbstractQueuedSynchronizer$ConditionObject@290222c1
	at java.base@11.0.19/java.util.concurrent.locks.LockSupport.park(LockSupport.java:194)
	at java.base@11.0.19/java.util.concurrent.locks.AbstractQueuedSynchronizer$ConditionObject.await(AbstractQueuedSynchronizer.java:2081)
	at java.base@11.0.19/java.util.concurrent.LinkedBlockingQueue.take(LinkedBlockingQueue.java:433)
	at java.base@11.0.19/java.util.concurrent.ThreadPoolExecutor.getTask(ThreadPoolExecutor.java:1054)
	at java.base@11.0.19/java.util.concurrent.ThreadPoolExecutor.runWorker(ThreadPoolExecutor.java:1114)
	at java.base@11.0.19/java.util.concurrent.ThreadPoolExecutor$Worker.run(ThreadPoolExecutor.java:628)
	at java.base@11.0.19/java.lang.Thread.run(Thread.java:829)


"s1-DataStreamManagement-request--thread30" daemon prio=5 Id=950 WAITING on java.util.concurrent.locks.AbstractQueuedSynchronizer$ConditionObject@290222c1
	at java.base@11.0.19/jdk.internal.misc.Unsafe.park(Native Method)
	-  waiting on java.util.concurrent.locks.AbstractQueuedSynchronizer$ConditionObject@290222c1
	at java.base@11.0.19/java.util.concurrent.locks.LockSupport.park(LockSupport.java:194)
	at java.base@11.0.19/java.util.concurrent.locks.AbstractQueuedSynchronizer$ConditionObject.await(AbstractQueuedSynchronizer.java:2081)
	at java.base@11.0.19/java.util.concurrent.LinkedBlockingQueue.take(LinkedBlockingQueue.java:433)
	at java.base@11.0.19/java.util.concurrent.ThreadPoolExecutor.getTask(ThreadPoolExecutor.java:1054)
	at java.base@11.0.19/java.util.concurrent.ThreadPoolExecutor.runWorker(ThreadPoolExecutor.java:1114)
	at java.base@11.0.19/java.util.concurrent.ThreadPoolExecutor$Worker.run(ThreadPoolExecutor.java:628)
	at java.base@11.0.19/java.lang.Thread.run(Thread.java:829)


"s0-DataStreamManagement-request--thread25" daemon prio=5 Id=947 WAITING on java.util.concurrent.locks.AbstractQueuedSynchronizer$ConditionObject@67f639d3
	at java.base@11.0.19/jdk.internal.misc.Unsafe.park(Native Method)
	-  waiting on java.util.concurrent.locks.AbstractQueuedSynchronizer$ConditionObject@67f639d3
	at java.base@11.0.19/java.util.concurrent.locks.LockSupport.park(LockSupport.java:194)
	at java.base@11.0.19/java.util.concurrent.locks.AbstractQueuedSynchronizer$ConditionObject.await(AbstractQueuedSynchronizer.java:2081)
	at java.base@11.0.19/java.util.concurrent.LinkedBlockingQueue.take(LinkedBlockingQueue.java:433)
	at java.base@11.0.19/java.util.concurrent.ThreadPoolExecutor.getTask(ThreadPoolExecutor.java:1054)
	at java.base@11.0.19/java.util.concurrent.ThreadPoolExecutor.runWorker(ThreadPoolExecutor.java:1114)
	at java.base@11.0.19/java.util.concurrent.ThreadPoolExecutor$Worker.run(ThreadPoolExecutor.java:628)
	at java.base@11.0.19/java.lang.Thread.run(Thread.java:829)


"s0-DataStreamManagement-request--thread27" daemon prio=5 Id=953 WAITING on java.util.concurrent.locks.AbstractQueuedSynchronizer$ConditionObject@67f639d3
	at java.base@11.0.19/jdk.internal.misc.Unsafe.park(Native Method)
	-  waiting on java.util.concurrent.locks.AbstractQueuedSynchronizer$ConditionObject@67f639d3
	at java.base@11.0.19/java.util.concurrent.locks.LockSupport.park(LockSupport.java:194)
	at java.base@11.0.19/java.util.concurrent.locks.AbstractQueuedSynchronizer$ConditionObject.await(AbstractQueuedSynchronizer.java:2081)
	at java.base@11.0.19/java.util.concurrent.LinkedBlockingQueue.take(LinkedBlockingQueue.java:433)
	at java.base@11.0.19/java.util.concurrent.ThreadPoolExecutor.getTask(ThreadPoolExecutor.java:1054)
	at java.base@11.0.19/java.util.concurrent.ThreadPoolExecutor.runWorker(ThreadPoolExecutor.java:1114)
	at java.base@11.0.19/java.util.concurrent.ThreadPoolExecutor$Worker.run(ThreadPoolExecutor.java:628)
	at java.base@11.0.19/java.lang.Thread.run(Thread.java:829)


"s0-DataStreamManagement-request--thread28" daemon prio=5 Id=955 WAITING on java.util.concurrent.locks.AbstractQueuedSynchronizer$ConditionObject@67f639d3
	at java.base@11.0.19/jdk.internal.misc.Unsafe.park(Native Method)
	-  waiting on java.util.concurrent.locks.AbstractQueuedSynchronizer$ConditionObject@67f639d3
	at java.base@11.0.19/java.util.concurrent.locks.LockSupport.park(LockSupport.java:194)
	at java.base@11.0.19/java.util.concurrent.locks.AbstractQueuedSynchronizer$ConditionObject.await(AbstractQueuedSynchronizer.java:2081)
	at java.base@11.0.19/java.util.concurrent.LinkedBlockingQueue.take(LinkedBlockingQueue.java:433)
	at java.base@11.0.19/java.util.concurrent.ThreadPoolExecutor.getTask(ThreadPoolExecutor.java:1054)
	at java.base@11.0.19/java.util.concurrent.ThreadPoolExecutor.runWorker(ThreadPoolExecutor.java:1114)
	at java.base@11.0.19/java.util.concurrent.ThreadPoolExecutor$Worker.run(ThreadPoolExecutor.java:628)
	at java.base@11.0.19/java.lang.Thread.run(Thread.java:829)


"s1-DataStreamManagement-request--thread32" daemon prio=5 Id=957 WAITING on java.util.concurrent.locks.AbstractQueuedSynchronizer$ConditionObject@290222c1
	at java.base@11.0.19/jdk.internal.misc.Unsafe.park(Native Method)
	-  waiting on java.util.concurrent.locks.AbstractQueuedSynchronizer$ConditionObject@290222c1
	at java.base@11.0.19/java.util.concurrent.locks.LockSupport.park(LockSupport.java:194)
	at java.base@11.0.19/java.util.concurrent.locks.AbstractQueuedSynchronizer$ConditionObject.await(AbstractQueuedSynchronizer.java:2081)
	at java.base@11.0.19/java.util.concurrent.LinkedBlockingQueue.take(LinkedBlockingQueue.java:433)
	at java.base@11.0.19/java.util.concurrent.ThreadPoolExecutor.getTask(ThreadPoolExecutor.java:1054)
	at java.base@11.0.19/java.util.concurrent.ThreadPoolExecutor.runWorker(ThreadPoolExecutor.java:1114)
	at java.base@11.0.19/java.util.concurrent.ThreadPoolExecutor$Worker.run(ThreadPoolExecutor.java:628)
	at java.base@11.0.19/java.lang.Thread.run(Thread.java:829)


"s0-DataStreamManagement-request--thread24" daemon prio=5 Id=946 WAITING on java.util.concurrent.locks.AbstractQueuedSynchronizer$ConditionObject@67f639d3
	at java.base@11.0.19/jdk.internal.misc.Unsafe.park(Native Method)
	-  waiting on java.util.concurrent.locks.AbstractQueuedSynchronizer$ConditionObject@67f639d3
	at java.base@11.0.19/java.util.concurrent.locks.LockSupport.park(LockSupport.java:194)
	at java.base@11.0.19/java.util.concurrent.locks.AbstractQueuedSynchronizer$ConditionObject.await(AbstractQueuedSynchronizer.java:2081)
	at java.base@11.0.19/java.util.concurrent.LinkedBlockingQueue.take(LinkedBlockingQueue.java:433)
	at java.base@11.0.19/java.util.concurrent.ThreadPoolExecutor.getTask(ThreadPoolExecutor.java:1054)
	at java.base@11.0.19/java.util.concurrent.ThreadPoolExecutor.runWorker(ThreadPoolExecutor.java:1114)
	at java.base@11.0.19/java.util.concurrent.ThreadPoolExecutor$Worker.run(ThreadPoolExecutor.java:628)
	at java.base@11.0.19/java.lang.Thread.run(Thread.java:829)


"s0-DataStreamManagement-request--thread30" daemon prio=5 Id=958 WAITING on java.util.concurrent.locks.AbstractQueuedSynchronizer$ConditionObject@67f639d3
	at java.base@11.0.19/jdk.internal.misc.Unsafe.park(Native Method)
	-  waiting on java.util.concurrent.locks.AbstractQueuedSynchronizer$ConditionObject@67f639d3
	at java.base@11.0.19/java.util.concurrent.locks.LockSupport.park(LockSupport.java:194)
	at java.base@11.0.19/java.util.concurrent.locks.AbstractQueuedSynchronizer$ConditionObject.await(AbstractQueuedSynchronizer.java:2081)
	at java.base@11.0.19/java.util.concurrent.LinkedBlockingQueue.take(LinkedBlockingQueue.java:433)
	at java.base@11.0.19/java.util.concurrent.ThreadPoolExecutor.getTask(ThreadPoolExecutor.java:1054)
	at java.base@11.0.19/java.util.concurrent.ThreadPoolExecutor.runWorker(ThreadPoolExecutor.java:1114)
	at java.base@11.0.19/java.util.concurrent.ThreadPoolExecutor$Worker.run(ThreadPoolExecutor.java:628)
	at java.base@11.0.19/java.lang.Thread.run(Thread.java:829)


"s0-DataStreamManagement-request--thread31" daemon prio=5 Id=959 WAITING on java.util.concurrent.locks.AbstractQueuedSynchronizer$ConditionObject@67f639d3
	at java.base@11.0.19/jdk.internal.misc.Unsafe.park(Native Method)
	-  waiting on java.util.concurrent.locks.AbstractQueuedSynchronizer$ConditionObject@67f639d3
	at java.base@11.0.19/java.util.concurrent.locks.LockSupport.park(LockSupport.java:194)
	at java.base@11.0.19/java.util.concurrent.locks.AbstractQueuedSynchronizer$ConditionObject.await(AbstractQueuedSynchronizer.java:2081)
	at java.base@11.0.19/java.util.concurrent.LinkedBlockingQueue.take(LinkedBlockingQueue.java:433)
	at java.base@11.0.19/java.util.concurrent.ThreadPoolExecutor.getTask(ThreadPoolExecutor.java:1054)
	at java.base@11.0.19/java.util.concurrent.ThreadPoolExecutor.runWorker(ThreadPoolExecutor.java:1114)
	at java.base@11.0.19/java.util.concurrent.ThreadPoolExecutor$Worker.run(ThreadPoolExecutor.java:628)
	at java.base@11.0.19/java.lang.Thread.run(Thread.java:829)


"s0-DataStreamManagement-request--thread23" daemon prio=5 Id=945 WAITING on java.util.concurrent.locks.AbstractQueuedSynchronizer$ConditionObject@67f639d3
	at java.base@11.0.19/jdk.internal.misc.Unsafe.park(Native Method)
	-  waiting on java.util.concurrent.locks.AbstractQueuedSynchronizer$ConditionObject@67f639d3
	at java.base@11.0.19/java.util.concurrent.locks.LockSupport.park(LockSupport.java:194)
	at java.base@11.0.19/java.util.concurrent.locks.AbstractQueuedSynchronizer$ConditionObject.await(AbstractQueuedSynchronizer.java:2081)
	at java.base@11.0.19/java.util.concurrent.LinkedBlockingQueue.take(LinkedBlockingQueue.java:433)
	at java.base@11.0.19/java.util.concurrent.ThreadPoolExecutor.getTask(ThreadPoolExecutor.java:1054)
	at java.base@11.0.19/java.util.concurrent.ThreadPoolExecutor.runWorker(ThreadPoolExecutor.java:1114)
	at java.base@11.0.19/java.util.concurrent.ThreadPoolExecutor$Worker.run(ThreadPoolExecutor.java:628)
	at java.base@11.0.19/java.lang.Thread.run(Thread.java:829)


"s1-DataStreamManagement-request--thread28" daemon prio=5 Id=944 WAITING on java.util.concurrent.locks.AbstractQueuedSynchronizer$ConditionObject@290222c1
	at java.base@11.0.19/jdk.internal.misc.Unsafe.park(Native Method)
	-  waiting on java.util.concurrent.locks.AbstractQueuedSynchronizer$ConditionObject@290222c1
	at java.base@11.0.19/java.util.concurrent.locks.LockSupport.park(LockSupport.java:194)
	at java.base@11.0.19/java.util.concurrent.locks.AbstractQueuedSynchronizer$ConditionObject.await(AbstractQueuedSynchronizer.java:2081)
	at java.base@11.0.19/java.util.concurrent.LinkedBlockingQueue.take(LinkedBlockingQueue.java:433)
	at java.base@11.0.19/java.util.concurrent.ThreadPoolExecutor.getTask(ThreadPoolExecutor.java:1054)
	at java.base@11.0.19/java.util.concurrent.ThreadPoolExecutor.runWorker(ThreadPoolExecutor.java:1114)
	at java.base@11.0.19/java.util.concurrent.ThreadPoolExecutor$Worker.run(ThreadPoolExecutor.java:628)
	at java.base@11.0.19/java.lang.Thread.run(Thread.java:829)


"s1-DataStreamManagement-request--thread27" daemon prio=5 Id=943 WAITING on java.util.concurrent.locks.AbstractQueuedSynchronizer$ConditionObject@290222c1
	at java.base@11.0.19/jdk.internal.misc.Unsafe.park(Native Method)
	-  waiting on java.util.concurrent.locks.AbstractQueuedSynchronizer$ConditionObject@290222c1
	at java.base@11.0.19/java.util.concurrent.locks.LockSupport.park(LockSupport.java:194)
	at java.base@11.0.19/java.util.concurrent.locks.AbstractQueuedSynchronizer$ConditionObject.await(AbstractQueuedSynchronizer.java:2081)
	at java.base@11.0.19/java.util.concurrent.LinkedBlockingQueue.take(LinkedBlockingQueue.java:433)
	at java.base@11.0.19/java.util.concurrent.ThreadPoolExecutor.getTask(ThreadPoolExecutor.java:1054)
	at java.base@11.0.19/java.util.concurrent.ThreadPoolExecutor.runWorker(ThreadPoolExecutor.java:1114)
	at java.base@11.0.19/java.util.concurrent.ThreadPoolExecutor$Worker.run(ThreadPoolExecutor.java:628)
	at java.base@11.0.19/java.lang.Thread.run(Thread.java:829)


"s2-DataStreamManagement-request--thread22" daemon prio=5 Id=942 WAITING on java.util.concurrent.locks.AbstractQueuedSynchronizer$ConditionObject@26e356f0
	at java.base@11.0.19/jdk.internal.misc.Unsafe.park(Native Method)
	-  waiting on java.util.concurrent.locks.AbstractQueuedSynchronizer$ConditionObject@26e356f0
	at java.base@11.0.19/java.util.concurrent.locks.LockSupport.park(LockSupport.java:194)
	at java.base@11.0.19/java.util.concurrent.locks.AbstractQueuedSynchronizer$ConditionObject.await(AbstractQueuedSynchronizer.java:2081)
	at java.base@11.0.19/java.util.concurrent.LinkedBlockingQueue.take(LinkedBlockingQueue.java:433)
	at java.base@11.0.19/java.util.concurrent.ThreadPoolExecutor.getTask(ThreadPoolExecutor.java:1054)
	at java.base@11.0.19/java.util.concurrent.ThreadPoolExecutor.runWorker(ThreadPoolExecutor.java:1114)
	at java.base@11.0.19/java.util.concurrent.ThreadPoolExecutor$Worker.run(ThreadPoolExecutor.java:628)
	at java.base@11.0.19/java.lang.Thread.run(Thread.java:829)


"s0-DataStreamManagement-request--thread22" daemon prio=5 Id=939 WAITING on java.util.concurrent.locks.AbstractQueuedSynchronizer$ConditionObject@67f639d3
	at java.base@11.0.19/jdk.internal.misc.Unsafe.park(Native Method)
	-  waiting on java.util.concurrent.locks.AbstractQueuedSynchronizer$ConditionObject@67f639d3
	at java.base@11.0.19/java.util.concurrent.locks.LockSupport.park(LockSupport.java:194)
	at java.base@11.0.19/java.util.concurrent.locks.AbstractQueuedSynchronizer$ConditionObject.await(AbstractQueuedSynchronizer.java:2081)
	at java.base@11.0.19/java.util.concurrent.LinkedBlockingQueue.take(LinkedBlockingQueue.java:433)
	at java.base@11.0.19/java.util.concurrent.ThreadPoolExecutor.getTask(ThreadPoolExecutor.java:1054)
	at java.base@11.0.19/java.util.concurrent.ThreadPoolExecutor.runWorker(ThreadPoolExecutor.java:1114)
	at java.base@11.0.19/java.util.concurrent.ThreadPoolExecutor$Worker.run(ThreadPoolExecutor.java:628)
	at java.base@11.0.19/java.lang.Thread.run(Thread.java:829)


"s2-DataStreamManagement-request--thread21" daemon prio=5 Id=938 WAITING on java.util.concurrent.locks.AbstractQueuedSynchronizer$ConditionObject@26e356f0
	at java.base@11.0.19/jdk.internal.misc.Unsafe.park(Native Method)
	-  waiting on java.util.concurrent.locks.AbstractQueuedSynchronizer$ConditionObject@26e356f0
	at java.base@11.0.19/java.util.concurrent.locks.LockSupport.park(LockSupport.java:194)
	at java.base@11.0.19/java.util.concurrent.locks.AbstractQueuedSynchronizer$ConditionObject.await(AbstractQueuedSynchronizer.java:2081)
	at java.base@11.0.19/java.util.concurrent.LinkedBlockingQueue.take(LinkedBlockingQueue.java:433)
	at java.base@11.0.19/java.util.concurrent.ThreadPoolExecutor.getTask(ThreadPoolExecutor.java:1054)
	at java.base@11.0.19/java.util.concurrent.ThreadPoolExecutor.runWorker(ThreadPoolExecutor.java:1114)
	at java.base@11.0.19/java.util.concurrent.ThreadPoolExecutor$Worker.run(ThreadPoolExecutor.java:628)
	at java.base@11.0.19/java.lang.Thread.run(Thread.java:829)


"NettyClientStreamRpc-workerGroup--thread1" daemon prio=5 Id=937 RUNNABLE (in native)
	at java.base@11.0.19/sun.nio.ch.EPoll.wait(Native Method)
	at java.base@11.0.19/sun.nio.ch.EPollSelectorImpl.doSelect(EPollSelectorImpl.java:120)
	at java.base@11.0.19/sun.nio.ch.SelectorImpl.lockAndDoSelect(SelectorImpl.java:124)
	-  locked org.apache.ratis.thirdparty.io.netty.channel.nio.SelectedSelectionKeySet@53aac487
	-  locked sun.nio.ch.EPollSelectorImpl@52b1beb6
	at java.base@11.0.19/sun.nio.ch.SelectorImpl.select(SelectorImpl.java:141)
	at app//org.apache.ratis.thirdparty.io.netty.channel.nio.SelectedSelectionKeySetSelector.select(SelectedSelectionKeySetSelector.java:68)
	at app//org.apache.ratis.thirdparty.io.netty.channel.nio.NioEventLoop.select(NioEventLoop.java:879)
	at app//org.apache.ratis.thirdparty.io.netty.channel.nio.NioEventLoop.run(NioEventLoop.java:526)
	at app//org.apache.ratis.thirdparty.io.netty.util.concurrent.SingleThreadEventExecutor$4.run(SingleThreadEventExecutor.java:997)
	...


"s2-DataStreamManagement-request--thread26" daemon prio=5 Id=962 WAITING on java.util.concurrent.locks.AbstractQueuedSynchronizer$ConditionObject@26e356f0
	at java.base@11.0.19/jdk.internal.misc.Unsafe.park(Native Method)
	-  waiting on java.util.concurrent.locks.AbstractQueuedSynchronizer$ConditionObject@26e356f0
	at java.base@11.0.19/java.util.concurrent.locks.LockSupport.park(LockSupport.java:194)
	at java.base@11.0.19/java.util.concurrent.locks.AbstractQueuedSynchronizer$ConditionObject.await(AbstractQueuedSynchronizer.java:2081)
	at java.base@11.0.19/java.util.concurrent.LinkedBlockingQueue.take(LinkedBlockingQueue.java:433)
	at java.base@11.0.19/java.util.concurrent.ThreadPoolExecutor.getTask(ThreadPoolExecutor.java:1054)
	at java.base@11.0.19/java.util.concurrent.ThreadPoolExecutor.runWorker(ThreadPoolExecutor.java:1114)
	at java.base@11.0.19/java.util.concurrent.ThreadPoolExecutor$Worker.run(ThreadPoolExecutor.java:628)
	at java.base@11.0.19/java.lang.Thread.run(Thread.java:829)


"s2-DataStreamManagement-request--thread27" daemon prio=5 Id=963 WAITING on java.util.concurrent.locks.AbstractQueuedSynchronizer$ConditionObject@26e356f0
	at java.base@11.0.19/jdk.internal.misc.Unsafe.park(Native Method)
	-  waiting on java.util.concurrent.locks.AbstractQueuedSynchronizer$ConditionObject@26e356f0
	at java.base@11.0.19/java.util.concurrent.locks.LockSupport.park(LockSupport.java:194)
	at java.base@11.0.19/java.util.concurrent.locks.AbstractQueuedSynchronizer$ConditionObject.await(AbstractQueuedSynchronizer.java:2081)
	at java.base@11.0.19/java.util.concurrent.LinkedBlockingQueue.take(LinkedBlockingQueue.java:433)
	at java.base@11.0.19/java.util.concurrent.ThreadPoolExecutor.getTask(ThreadPoolExecutor.java:1054)
	at java.base@11.0.19/java.util.concurrent.ThreadPoolExecutor.runWorker(ThreadPoolExecutor.java:1114)
	at java.base@11.0.19/java.util.concurrent.ThreadPoolExecutor$Worker.run(ThreadPoolExecutor.java:628)
	at java.base@11.0.19/java.lang.Thread.run(Thread.java:829)


"NettyClientStreamRpc-workerGroup--thread1" daemon prio=5 Id=965 RUNNABLE (in native)
	at java.base@11.0.19/sun.nio.ch.EPoll.wait(Native Method)
	at java.base@11.0.19/sun.nio.ch.EPollSelectorImpl.doSelect(EPollSelectorImpl.java:120)
	at java.base@11.0.19/sun.nio.ch.SelectorImpl.lockAndDoSelect(SelectorImpl.java:124)
	-  locked org.apache.ratis.thirdparty.io.netty.channel.nio.SelectedSelectionKeySet@273e7444
	-  locked sun.nio.ch.EPollSelectorImpl@7db12bb6
	at java.base@11.0.19/sun.nio.ch.SelectorImpl.select(SelectorImpl.java:141)
	at app//org.apache.ratis.thirdparty.io.netty.channel.nio.SelectedSelectionKeySetSelector.select(SelectedSelectionKeySetSelector.java:68)
	at app//org.apache.ratis.thirdparty.io.netty.channel.nio.NioEventLoop.select(NioEventLoop.java:879)
	at app//org.apache.ratis.thirdparty.io.netty.channel.nio.NioEventLoop.run(NioEventLoop.java:526)
	at app//org.apache.ratis.thirdparty.io.netty.util.concurrent.SingleThreadEventExecutor$4.run(SingleThreadEventExecutor.java:997)
	...


"s2-DataStreamManagement-request--thread25" daemon prio=5 Id=961 WAITING on java.util.concurrent.locks.AbstractQueuedSynchronizer$ConditionObject@26e356f0
	at java.base@11.0.19/jdk.internal.misc.Unsafe.park(Native Method)
	-  waiting on java.util.concurrent.locks.AbstractQueuedSynchronizer$ConditionObject@26e356f0
	at java.base@11.0.19/java.util.concurrent.locks.LockSupport.park(LockSupport.java:194)
	at java.base@11.0.19/java.util.concurrent.locks.AbstractQueuedSynchronizer$ConditionObject.await(AbstractQueuedSynchronizer.java:2081)
	at java.base@11.0.19/java.util.concurrent.LinkedBlockingQueue.take(LinkedBlockingQueue.java:433)
	at java.base@11.0.19/java.util.concurrent.ThreadPoolExecutor.getTask(ThreadPoolExecutor.java:1054)
	at java.base@11.0.19/java.util.concurrent.ThreadPoolExecutor.runWorker(ThreadPoolExecutor.java:1114)
	at java.base@11.0.19/java.util.concurrent.ThreadPoolExecutor$Worker.run(ThreadPoolExecutor.java:628)
	at java.base@11.0.19/java.lang.Thread.run(Thread.java:829)


"s0-DataStreamManagement-request--thread32" daemon prio=5 Id=960 WAITING on java.util.concurrent.locks.AbstractQueuedSynchronizer$ConditionObject@67f639d3
	at java.base@11.0.19/jdk.internal.misc.Unsafe.park(Native Method)
	-  waiting on java.util.concurrent.locks.AbstractQueuedSynchronizer$ConditionObject@67f639d3
	at java.base@11.0.19/java.util.concurrent.locks.LockSupport.park(LockSupport.java:194)
	at java.base@11.0.19/java.util.concurrent.locks.AbstractQueuedSynchronizer$ConditionObject.await(AbstractQueuedSynchronizer.java:2081)
	at java.base@11.0.19/java.util.concurrent.LinkedBlockingQueue.take(LinkedBlockingQueue.java:433)
	at java.base@11.0.19/java.util.concurrent.ThreadPoolExecutor.getTask(ThreadPoolExecutor.java:1054)
	at java.base@11.0.19/java.util.concurrent.ThreadPoolExecutor.runWorker(ThreadPoolExecutor.java:1114)
	at java.base@11.0.19/java.util.concurrent.ThreadPoolExecutor$Worker.run(ThreadPoolExecutor.java:628)
	at java.base@11.0.19/java.lang.Thread.run(Thread.java:829)


"s0-DataStreamManagement-request--thread29" daemon prio=5 Id=956 WAITING on java.util.concurrent.locks.AbstractQueuedSynchronizer$ConditionObject@67f639d3
	at java.base@11.0.19/jdk.internal.misc.Unsafe.park(Native Method)
	-  waiting on java.util.concurrent.locks.AbstractQueuedSynchronizer$ConditionObject@67f639d3
	at java.base@11.0.19/java.util.concurrent.locks.LockSupport.park(LockSupport.java:194)
	at java.base@11.0.19/java.util.concurrent.locks.AbstractQueuedSynchronizer$ConditionObject.await(AbstractQueuedSynchronizer.java:2081)
	at java.base@11.0.19/java.util.concurrent.LinkedBlockingQueue.take(LinkedBlockingQueue.java:433)
	at java.base@11.0.19/java.util.concurrent.ThreadPoolExecutor.getTask(ThreadPoolExecutor.java:1054)
	at java.base@11.0.19/java.util.concurrent.ThreadPoolExecutor.runWorker(ThreadPoolExecutor.java:1114)
	at java.base@11.0.19/java.util.concurrent.ThreadPoolExecutor$Worker.run(ThreadPoolExecutor.java:628)
	at java.base@11.0.19/java.lang.Thread.run(Thread.java:829)


"s2-DataStreamManagement-request--thread24" daemon prio=5 Id=954 WAITING on java.util.concurrent.locks.AbstractQueuedSynchronizer$ConditionObject@26e356f0
	at java.base@11.0.19/jdk.internal.misc.Unsafe.park(Native Method)
	-  waiting on java.util.concurrent.locks.AbstractQueuedSynchronizer$ConditionObject@26e356f0
	at java.base@11.0.19/java.util.concurrent.locks.LockSupport.park(LockSupport.java:194)
	at java.base@11.0.19/java.util.concurrent.locks.AbstractQueuedSynchronizer$ConditionObject.await(AbstractQueuedSynchronizer.java:2081)
	at java.base@11.0.19/java.util.concurrent.LinkedBlockingQueue.take(LinkedBlockingQueue.java:433)
	at java.base@11.0.19/java.util.concurrent.ThreadPoolExecutor.getTask(ThreadPoolExecutor.java:1054)
	at java.base@11.0.19/java.util.concurrent.ThreadPoolExecutor.runWorker(ThreadPoolExecutor.java:1114)
	at java.base@11.0.19/java.util.concurrent.ThreadPoolExecutor$Worker.run(ThreadPoolExecutor.java:628)
	at java.base@11.0.19/java.lang.Thread.run(Thread.java:829)


"s2-DataStreamManagement-request--thread30" daemon prio=5 Id=967 WAITING on java.util.concurrent.locks.AbstractQueuedSynchronizer$ConditionObject@26e356f0
	at java.base@11.0.19/jdk.internal.misc.Unsafe.park(Native Method)
	-  waiting on java.util.concurrent.locks.AbstractQueuedSynchronizer$ConditionObject@26e356f0
	at java.base@11.0.19/java.util.concurrent.locks.LockSupport.park(LockSupport.java:194)
	at java.base@11.0.19/java.util.concurrent.locks.AbstractQueuedSynchronizer$ConditionObject.await(AbstractQueuedSynchronizer.java:2081)
	at java.base@11.0.19/java.util.concurrent.LinkedBlockingQueue.take(LinkedBlockingQueue.java:433)
	at java.base@11.0.19/java.util.concurrent.ThreadPoolExecutor.getTask(ThreadPoolExecutor.java:1054)
	at java.base@11.0.19/java.util.concurrent.ThreadPoolExecutor.runWorker(ThreadPoolExecutor.java:1114)
	at java.base@11.0.19/java.util.concurrent.ThreadPoolExecutor$Worker.run(ThreadPoolExecutor.java:628)
	at java.base@11.0.19/java.lang.Thread.run(Thread.java:829)


"s1-DataStreamManagement-request--thread31" daemon prio=5 Id=952 WAITING on java.util.concurrent.locks.AbstractQueuedSynchronizer$ConditionObject@290222c1
	at java.base@11.0.19/jdk.internal.misc.Unsafe.park(Native Method)
	-  waiting on java.util.concurrent.locks.AbstractQueuedSynchronizer$ConditionObject@290222c1
	at java.base@11.0.19/java.util.concurrent.locks.LockSupport.park(LockSupport.java:194)
	at java.base@11.0.19/java.util.concurrent.locks.AbstractQueuedSynchronizer$ConditionObject.await(AbstractQueuedSynchronizer.java:2081)
	at java.base@11.0.19/java.util.concurrent.LinkedBlockingQueue.take(LinkedBlockingQueue.java:433)
	at java.base@11.0.19/java.util.concurrent.ThreadPoolExecutor.getTask(ThreadPoolExecutor.java:1054)
	at java.base@11.0.19/java.util.concurrent.ThreadPoolExecutor.runWorker(ThreadPoolExecutor.java:1114)
	at java.base@11.0.19/java.util.concurrent.ThreadPoolExecutor$Worker.run(ThreadPoolExecutor.java:628)
	at java.base@11.0.19/java.lang.Thread.run(Thread.java:829)


"s2-DataStreamManagement-request--thread23" daemon prio=5 Id=951 WAITING on java.util.concurrent.locks.AbstractQueuedSynchronizer$ConditionObject@26e356f0
	at java.base@11.0.19/jdk.internal.misc.Unsafe.park(Native Method)
	-  waiting on java.util.concurrent.locks.AbstractQueuedSynchronizer$ConditionObject@26e356f0
	at java.base@11.0.19/java.util.concurrent.locks.LockSupport.park(LockSupport.java:194)
	at java.base@11.0.19/java.util.concurrent.locks.AbstractQueuedSynchronizer$ConditionObject.await(AbstractQueuedSynchronizer.java:2081)
	at java.base@11.0.19/java.util.concurrent.LinkedBlockingQueue.take(LinkedBlockingQueue.java:433)
	at java.base@11.0.19/java.util.concurrent.ThreadPoolExecutor.getTask(ThreadPoolExecutor.java:1054)
	at java.base@11.0.19/java.util.concurrent.ThreadPoolExecutor.runWorker(ThreadPoolExecutor.java:1114)
	at java.base@11.0.19/java.util.concurrent.ThreadPoolExecutor$Worker.run(ThreadPoolExecutor.java:628)
	at java.base@11.0.19/java.lang.Thread.run(Thread.java:829)


"s2-DataStreamManagement-request--thread31" daemon prio=5 Id=968 WAITING on java.util.concurrent.locks.AbstractQueuedSynchronizer$ConditionObject@26e356f0
	at java.base@11.0.19/jdk.internal.misc.Unsafe.park(Native Method)
	-  waiting on java.util.concurrent.locks.AbstractQueuedSynchronizer$ConditionObject@26e356f0
	at java.base@11.0.19/java.util.concurrent.locks.LockSupport.park(LockSupport.java:194)
	at java.base@11.0.19/java.util.concurrent.locks.AbstractQueuedSynchronizer$ConditionObject.await(AbstractQueuedSynchronizer.java:2081)
	at java.base@11.0.19/java.util.concurrent.LinkedBlockingQueue.take(LinkedBlockingQueue.java:433)
	at java.base@11.0.19/java.util.concurrent.ThreadPoolExecutor.getTask(ThreadPoolExecutor.java:1054)
	at java.base@11.0.19/java.util.concurrent.ThreadPoolExecutor.runWorker(ThreadPoolExecutor.java:1114)
	at java.base@11.0.19/java.util.concurrent.ThreadPoolExecutor$Worker.run(ThreadPoolExecutor.java:628)
	at java.base@11.0.19/java.lang.Thread.run(Thread.java:829)


"s2-DataStreamManagement-request--thread29" daemon prio=5 Id=966 WAITING on java.util.concurrent.locks.AbstractQueuedSynchronizer$ConditionObject@26e356f0
	at java.base@11.0.19/jdk.internal.misc.Unsafe.park(Native Method)
	-  waiting on java.util.concurrent.locks.AbstractQueuedSynchronizer$ConditionObject@26e356f0
	at java.base@11.0.19/java.util.concurrent.locks.LockSupport.park(LockSupport.java:194)
	at java.base@11.0.19/java.util.concurrent.locks.AbstractQueuedSynchronizer$ConditionObject.await(AbstractQueuedSynchronizer.java:2081)
	at java.base@11.0.19/java.util.concurrent.LinkedBlockingQueue.take(LinkedBlockingQueue.java:433)
	at java.base@11.0.19/java.util.concurrent.ThreadPoolExecutor.getTask(ThreadPoolExecutor.java:1054)
	at java.base@11.0.19/java.util.concurrent.ThreadPoolExecutor.runWorker(ThreadPoolExecutor.java:1114)
	at java.base@11.0.19/java.util.concurrent.ThreadPoolExecutor$Worker.run(ThreadPoolExecutor.java:628)
	at java.base@11.0.19/java.lang.Thread.run(Thread.java:829)


"s2-DataStreamManagement-request--thread28" daemon prio=5 Id=964 WAITING on java.util.concurrent.locks.AbstractQueuedSynchronizer$ConditionObject@26e356f0
	at java.base@11.0.19/jdk.internal.misc.Unsafe.park(Native Method)
	-  waiting on java.util.concurrent.locks.AbstractQueuedSynchronizer$ConditionObject@26e356f0
	at java.base@11.0.19/java.util.concurrent.locks.LockSupport.park(LockSupport.java:194)
	at java.base@11.0.19/java.util.concurrent.locks.AbstractQueuedSynchronizer$ConditionObject.await(AbstractQueuedSynchronizer.java:2081)
	at java.base@11.0.19/java.util.concurrent.LinkedBlockingQueue.take(LinkedBlockingQueue.java:433)
	at java.base@11.0.19/java.util.concurrent.ThreadPoolExecutor.getTask(ThreadPoolExecutor.java:1054)
	at java.base@11.0.19/java.util.concurrent.ThreadPoolExecutor.runWorker(ThreadPoolExecutor.java:1114)
	at java.base@11.0.19/java.util.concurrent.ThreadPoolExecutor$Worker.run(ThreadPoolExecutor.java:628)
	at java.base@11.0.19/java.lang.Thread.run(Thread.java:829)


"NettyClientStreamRpc-workerGroup--thread1" daemon prio=5 Id=970 RUNNABLE (in native)
	at java.base@11.0.19/sun.nio.ch.EPoll.wait(Native Method)
	at java.base@11.0.19/sun.nio.ch.EPollSelectorImpl.doSelect(EPollSelectorImpl.java:120)
	at java.base@11.0.19/sun.nio.ch.SelectorImpl.lockAndDoSelect(SelectorImpl.java:124)
	-  locked org.apache.ratis.thirdparty.io.netty.channel.nio.SelectedSelectionKeySet@783a467b
	-  locked sun.nio.ch.EPollSelectorImpl@272113c4
	at java.base@11.0.19/sun.nio.ch.SelectorImpl.select(SelectorImpl.java:141)
	at app//org.apache.ratis.thirdparty.io.netty.channel.nio.SelectedSelectionKeySetSelector.select(SelectedSelectionKeySetSelector.java:68)
	at app//org.apache.ratis.thirdparty.io.netty.channel.nio.NioEventLoop.select(NioEventLoop.java:879)
	at app//org.apache.ratis.thirdparty.io.netty.channel.nio.NioEventLoop.run(NioEventLoop.java:526)
	at app//org.apache.ratis.thirdparty.io.netty.util.concurrent.SingleThreadEventExecutor$4.run(SingleThreadEventExecutor.java:997)
	...


"s2-DataStreamManagement-request--thread32" daemon prio=5 Id=969 WAITING on java.util.concurrent.locks.AbstractQueuedSynchronizer$ConditionObject@26e356f0
	at java.base@11.0.19/jdk.internal.misc.Unsafe.park(Native Method)
	-  waiting on java.util.concurrent.locks.AbstractQueuedSynchronizer$ConditionObject@26e356f0
	at java.base@11.0.19/java.util.concurrent.locks.LockSupport.park(LockSupport.java:194)
	at java.base@11.0.19/java.util.concurrent.locks.AbstractQueuedSynchronizer$ConditionObject.await(AbstractQueuedSynchronizer.java:2081)
	at java.base@11.0.19/java.util.concurrent.LinkedBlockingQueue.take(LinkedBlockingQueue.java:433)
	at java.base@11.0.19/java.util.concurrent.ThreadPoolExecutor.getTask(ThreadPoolExecutor.java:1054)
	at java.base@11.0.19/java.util.concurrent.ThreadPoolExecutor.runWorker(ThreadPoolExecutor.java:1114)
	at java.base@11.0.19/java.util.concurrent.ThreadPoolExecutor$Worker.run(ThreadPoolExecutor.java:628)
	at java.base@11.0.19/java.lang.Thread.run(Thread.java:829)


"NettyClientStreamRpc-workerGroup--thread1" daemon prio=5 Id=972 RUNNABLE (in native)
	at java.base@11.0.19/sun.nio.ch.EPoll.wait(Native Method)
	at java.base@11.0.19/sun.nio.ch.EPollSelectorImpl.doSelect(EPollSelectorImpl.java:120)
	at java.base@11.0.19/sun.nio.ch.SelectorImpl.lockAndDoSelect(SelectorImpl.java:124)
	-  locked org.apache.ratis.thirdparty.io.netty.channel.nio.SelectedSelectionKeySet@73e9cf30
	-  locked sun.nio.ch.EPollSelectorImpl@771a660
	at java.base@11.0.19/sun.nio.ch.SelectorImpl.select(SelectorImpl.java:141)
	at app//org.apache.ratis.thirdparty.io.netty.channel.nio.SelectedSelectionKeySetSelector.select(SelectedSelectionKeySetSelector.java:68)
	at app//org.apache.ratis.thirdparty.io.netty.channel.nio.NioEventLoop.select(NioEventLoop.java:879)
	at app//org.apache.ratis.thirdparty.io.netty.channel.nio.NioEventLoop.run(NioEventLoop.java:526)
	at app//org.apache.ratis.thirdparty.io.netty.util.concurrent.SingleThreadEventExecutor$4.run(SingleThreadEventExecutor.java:997)
	...


"NettyClientStreamRpc-workerGroup--thread1" daemon prio=5 Id=971 RUNNABLE (in native)
	at java.base@11.0.19/sun.nio.ch.EPoll.wait(Native Method)
	at java.base@11.0.19/sun.nio.ch.EPollSelectorImpl.doSelect(EPollSelectorImpl.java:120)
	at java.base@11.0.19/sun.nio.ch.SelectorImpl.lockAndDoSelect(SelectorImpl.java:124)
	-  locked org.apache.ratis.thirdparty.io.netty.channel.nio.SelectedSelectionKeySet@2d52216b
	-  locked sun.nio.ch.EPollSelectorImpl@242b836
	at java.base@11.0.19/sun.nio.ch.SelectorImpl.select(SelectorImpl.java:141)
	at app//org.apache.ratis.thirdparty.io.netty.channel.nio.SelectedSelectionKeySetSelector.select(SelectedSelectionKeySetSelector.java:68)
	at app//org.apache.ratis.thirdparty.io.netty.channel.nio.NioEventLoop.select(NioEventLoop.java:879)
	at app//org.apache.ratis.thirdparty.io.netty.channel.nio.NioEventLoop.run(NioEventLoop.java:526)
	at app//org.apache.ratis.thirdparty.io.netty.util.concurrent.SingleThreadEventExecutor$4.run(SingleThreadEventExecutor.java:997)
	...


"NettyClientStreamRpc-workerGroup--thread1" daemon prio=5 Id=974 RUNNABLE (in native)
	at java.base@11.0.19/sun.nio.ch.EPoll.wait(Native Method)
	at java.base@11.0.19/sun.nio.ch.EPollSelectorImpl.doSelect(EPollSelectorImpl.java:120)
	at java.base@11.0.19/sun.nio.ch.SelectorImpl.lockAndDoSelect(SelectorImpl.java:124)
	-  locked org.apache.ratis.thirdparty.io.netty.channel.nio.SelectedSelectionKeySet@3f6f6701
	-  locked sun.nio.ch.EPollSelectorImpl@3527942a
	at java.base@11.0.19/sun.nio.ch.SelectorImpl.select(SelectorImpl.java:141)
	at app//org.apache.ratis.thirdparty.io.netty.channel.nio.SelectedSelectionKeySetSelector.select(SelectedSelectionKeySetSelector.java:68)
	at app//org.apache.ratis.thirdparty.io.netty.channel.nio.NioEventLoop.select(NioEventLoop.java:879)
	at app//org.apache.ratis.thirdparty.io.netty.channel.nio.NioEventLoop.run(NioEventLoop.java:526)
	at app//org.apache.ratis.thirdparty.io.netty.util.concurrent.SingleThreadEventExecutor$4.run(SingleThreadEventExecutor.java:997)
	...


"NettyClientStreamRpc-workerGroup--thread1" daemon prio=5 Id=973 RUNNABLE (in native)
	at java.base@11.0.19/sun.nio.ch.EPoll.wait(Native Method)
	at java.base@11.0.19/sun.nio.ch.EPollSelectorImpl.doSelect(EPollSelectorImpl.java:120)
	at java.base@11.0.19/sun.nio.ch.SelectorImpl.lockAndDoSelect(SelectorImpl.java:124)
	-  locked org.apache.ratis.thirdparty.io.netty.channel.nio.SelectedSelectionKeySet@942a29c
	-  locked sun.nio.ch.EPollSelectorImpl@1ed6388a
	at java.base@11.0.19/sun.nio.ch.SelectorImpl.select(SelectorImpl.java:141)
	at app//org.apache.ratis.thirdparty.io.netty.channel.nio.SelectedSelectionKeySetSelector.select(SelectedSelectionKeySetSelector.java:68)
	at app//org.apache.ratis.thirdparty.io.netty.channel.nio.NioEventLoop.select(NioEventLoop.java:879)
	at app//org.apache.ratis.thirdparty.io.netty.channel.nio.NioEventLoop.run(NioEventLoop.java:526)
	at app//org.apache.ratis.thirdparty.io.netty.util.concurrent.SingleThreadEventExecutor$4.run(SingleThreadEventExecutor.java:997)
	...


"NettyClientStreamRpc-workerGroup--thread1" daemon prio=5 Id=976 RUNNABLE (in native)
	at java.base@11.0.19/sun.nio.ch.EPoll.wait(Native Method)
	at java.base@11.0.19/sun.nio.ch.EPollSelectorImpl.doSelect(EPollSelectorImpl.java:120)
	at java.base@11.0.19/sun.nio.ch.SelectorImpl.lockAndDoSelect(SelectorImpl.java:124)
	-  locked org.apache.ratis.thirdparty.io.netty.channel.nio.SelectedSelectionKeySet@5a45133e
	-  locked sun.nio.ch.EPollSelectorImpl@534a5a98
	at java.base@11.0.19/sun.nio.ch.SelectorImpl.select(SelectorImpl.java:141)
	at app//org.apache.ratis.thirdparty.io.netty.channel.nio.SelectedSelectionKeySetSelector.select(SelectedSelectionKeySetSelector.java:68)
	at app//org.apache.ratis.thirdparty.io.netty.channel.nio.NioEventLoop.select(NioEventLoop.java:879)
	at app//org.apache.ratis.thirdparty.io.netty.channel.nio.NioEventLoop.run(NioEventLoop.java:526)
	at app//org.apache.ratis.thirdparty.io.netty.util.concurrent.SingleThreadEventExecutor$4.run(SingleThreadEventExecutor.java:997)
	...


"NettyClientStreamRpc-workerGroup--thread1" daemon prio=5 Id=977 RUNNABLE (in native)
	at java.base@11.0.19/sun.nio.ch.EPoll.wait(Native Method)
	at java.base@11.0.19/sun.nio.ch.EPollSelectorImpl.doSelect(EPollSelectorImpl.java:120)
	at java.base@11.0.19/sun.nio.ch.SelectorImpl.lockAndDoSelect(SelectorImpl.java:124)
	-  locked org.apache.ratis.thirdparty.io.netty.channel.nio.SelectedSelectionKeySet@4f80542f
	-  locked sun.nio.ch.EPollSelectorImpl@60bd273d
	at java.base@11.0.19/sun.nio.ch.SelectorImpl.select(SelectorImpl.java:141)
	at app//org.apache.ratis.thirdparty.io.netty.channel.nio.SelectedSelectionKeySetSelector.select(SelectedSelectionKeySetSelector.java:68)
	at app//org.apache.ratis.thirdparty.io.netty.channel.nio.NioEventLoop.select(NioEventLoop.java:879)
	at app//org.apache.ratis.thirdparty.io.netty.channel.nio.NioEventLoop.run(NioEventLoop.java:526)
	at app//org.apache.ratis.thirdparty.io.netty.util.concurrent.SingleThreadEventExecutor$4.run(SingleThreadEventExecutor.java:997)
	...


"NettyClientStreamRpc-workerGroup--thread1" daemon prio=5 Id=975 RUNNABLE (in native)
	at java.base@11.0.19/sun.nio.ch.EPoll.wait(Native Method)
	at java.base@11.0.19/sun.nio.ch.EPollSelectorImpl.doSelect(EPollSelectorImpl.java:120)
	at java.base@11.0.19/sun.nio.ch.SelectorImpl.lockAndDoSelect(SelectorImpl.java:124)
	-  locked org.apache.ratis.thirdparty.io.netty.channel.nio.SelectedSelectionKeySet@121314f7
	-  locked sun.nio.ch.EPollSelectorImpl@130c12b7
	at java.base@11.0.19/sun.nio.ch.SelectorImpl.select(SelectorImpl.java:141)
	at app//org.apache.ratis.thirdparty.io.netty.channel.nio.SelectedSelectionKeySetSelector.select(SelectedSelectionKeySetSelector.java:68)
	at app//org.apache.ratis.thirdparty.io.netty.channel.nio.NioEventLoop.select(NioEventLoop.java:879)
	at app//org.apache.ratis.thirdparty.io.netty.channel.nio.NioEventLoop.run(NioEventLoop.java:526)
	at app//org.apache.ratis.thirdparty.io.netty.util.concurrent.SingleThreadEventExecutor$4.run(SingleThreadEventExecutor.java:997)
	...


"NettyClientStreamRpc-workerGroup--thread1" daemon prio=5 Id=979 RUNNABLE (in native)
	at java.base@11.0.19/sun.nio.ch.EPoll.wait(Native Method)
	at java.base@11.0.19/sun.nio.ch.EPollSelectorImpl.doSelect(EPollSelectorImpl.java:120)
	at java.base@11.0.19/sun.nio.ch.SelectorImpl.lockAndDoSelect(SelectorImpl.java:124)
	-  locked org.apache.ratis.thirdparty.io.netty.channel.nio.SelectedSelectionKeySet@5e600dd5
	-  locked sun.nio.ch.EPollSelectorImpl@576d5deb
	at java.base@11.0.19/sun.nio.ch.SelectorImpl.select(SelectorImpl.java:141)
	at app//org.apache.ratis.thirdparty.io.netty.channel.nio.SelectedSelectionKeySetSelector.select(SelectedSelectionKeySetSelector.java:68)
	at app//org.apache.ratis.thirdparty.io.netty.channel.nio.NioEventLoop.select(NioEventLoop.java:879)
	at app//org.apache.ratis.thirdparty.io.netty.channel.nio.NioEventLoop.run(NioEventLoop.java:526)
	at app//org.apache.ratis.thirdparty.io.netty.util.concurrent.SingleThreadEventExecutor$4.run(SingleThreadEventExecutor.java:997)
	...


"NettyClientStreamRpc-workerGroup--thread1" daemon prio=5 Id=978 RUNNABLE (in native)
	at java.base@11.0.19/sun.nio.ch.EPoll.wait(Native Method)
	at java.base@11.0.19/sun.nio.ch.EPollSelectorImpl.doSelect(EPollSelectorImpl.java:120)
	at java.base@11.0.19/sun.nio.ch.SelectorImpl.lockAndDoSelect(SelectorImpl.java:124)
	-  locked org.apache.ratis.thirdparty.io.netty.channel.nio.SelectedSelectionKeySet@5d534f5d
	-  locked sun.nio.ch.EPollSelectorImpl@2e3967ea
	at java.base@11.0.19/sun.nio.ch.SelectorImpl.select(SelectorImpl.java:141)
	at app//org.apache.ratis.thirdparty.io.netty.channel.nio.SelectedSelectionKeySetSelector.select(SelectedSelectionKeySetSelector.java:68)
	at app//org.apache.ratis.thirdparty.io.netty.channel.nio.NioEventLoop.select(NioEventLoop.java:879)
	at app//org.apache.ratis.thirdparty.io.netty.channel.nio.NioEventLoop.run(NioEventLoop.java:526)
	at app//org.apache.ratis.thirdparty.io.netty.util.concurrent.SingleThreadEventExecutor$4.run(SingleThreadEventExecutor.java:997)
	...


"NettyClientStreamRpc-workerGroup--thread1" daemon prio=5 Id=980 RUNNABLE (in native)
	at java.base@11.0.19/sun.nio.ch.EPoll.wait(Native Method)
	at java.base@11.0.19/sun.nio.ch.EPollSelectorImpl.doSelect(EPollSelectorImpl.java:120)
	at java.base@11.0.19/sun.nio.ch.SelectorImpl.lockAndDoSelect(SelectorImpl.java:124)
	-  locked org.apache.ratis.thirdparty.io.netty.channel.nio.SelectedSelectionKeySet@70e9c95d
	-  locked sun.nio.ch.EPollSelectorImpl@4d5650ae
	at java.base@11.0.19/sun.nio.ch.SelectorImpl.select(SelectorImpl.java:141)
	at app//org.apache.ratis.thirdparty.io.netty.channel.nio.SelectedSelectionKeySetSelector.select(SelectedSelectionKeySetSelector.java:68)
	at app//org.apache.ratis.thirdparty.io.netty.channel.nio.NioEventLoop.select(NioEventLoop.java:879)
	at app//org.apache.ratis.thirdparty.io.netty.channel.nio.NioEventLoop.run(NioEventLoop.java:526)
	at app//org.apache.ratis.thirdparty.io.netty.util.concurrent.SingleThreadEventExecutor$4.run(SingleThreadEventExecutor.java:997)
	...


"NettyClientStreamRpc-workerGroup--thread1" daemon prio=5 Id=981 RUNNABLE (in native)
	at java.base@11.0.19/sun.nio.ch.EPoll.wait(Native Method)
	at java.base@11.0.19/sun.nio.ch.EPollSelectorImpl.doSelect(EPollSelectorImpl.java:120)
	at java.base@11.0.19/sun.nio.ch.SelectorImpl.lockAndDoSelect(SelectorImpl.java:124)
	-  locked org.apache.ratis.thirdparty.io.netty.channel.nio.SelectedSelectionKeySet@a38c7fe
	-  locked sun.nio.ch.EPollSelectorImpl@6fdbe764
	at java.base@11.0.19/sun.nio.ch.SelectorImpl.select(SelectorImpl.java:141)
	at app//org.apache.ratis.thirdparty.io.netty.channel.nio.SelectedSelectionKeySetSelector.select(SelectedSelectionKeySetSelector.java:68)
	at app//org.apache.ratis.thirdparty.io.netty.channel.nio.NioEventLoop.select(NioEventLoop.java:879)
	at app//org.apache.ratis.thirdparty.io.netty.channel.nio.NioEventLoop.run(NioEventLoop.java:526)
	at app//org.apache.ratis.thirdparty.io.netty.util.concurrent.SingleThreadEventExecutor$4.run(SingleThreadEventExecutor.java:997)
	...


"s0-DataStreamManagement-write--thread1" daemon prio=5 Id=984 WAITING on java.util.concurrent.locks.AbstractQueuedSynchronizer$ConditionObject@51c668e3
	at java.base@11.0.19/jdk.internal.misc.Unsafe.park(Native Method)
	-  waiting on java.util.concurrent.locks.AbstractQueuedSynchronizer$ConditionObject@51c668e3
	at java.base@11.0.19/java.util.concurrent.locks.LockSupport.park(LockSupport.java:194)
	at java.base@11.0.19/java.util.concurrent.locks.AbstractQueuedSynchronizer$ConditionObject.await(AbstractQueuedSynchronizer.java:2081)
	at java.base@11.0.19/java.util.concurrent.LinkedBlockingQueue.take(LinkedBlockingQueue.java:433)
	at java.base@11.0.19/java.util.concurrent.ThreadPoolExecutor.getTask(ThreadPoolExecutor.java:1054)
	at java.base@11.0.19/java.util.concurrent.ThreadPoolExecutor.runWorker(ThreadPoolExecutor.java:1114)
	at java.base@11.0.19/java.util.concurrent.ThreadPoolExecutor$Worker.run(ThreadPoolExecutor.java:628)
	at java.base@11.0.19/java.lang.Thread.run(Thread.java:829)


"NettyClientStreamRpc-workerGroup--thread1" daemon prio=5 Id=983 RUNNABLE (in native)
	at java.base@11.0.19/sun.nio.ch.EPoll.wait(Native Method)
	at java.base@11.0.19/sun.nio.ch.EPollSelectorImpl.doSelect(EPollSelectorImpl.java:120)
	at java.base@11.0.19/sun.nio.ch.SelectorImpl.lockAndDoSelect(SelectorImpl.java:124)
	-  locked org.apache.ratis.thirdparty.io.netty.channel.nio.SelectedSelectionKeySet@2e6a8155
	-  locked sun.nio.ch.EPollSelectorImpl@6221a451
	at java.base@11.0.19/sun.nio.ch.SelectorImpl.select(SelectorImpl.java:141)
	at app//org.apache.ratis.thirdparty.io.netty.channel.nio.SelectedSelectionKeySetSelector.select(SelectedSelectionKeySetSelector.java:68)
	at app//org.apache.ratis.thirdparty.io.netty.channel.nio.NioEventLoop.select(NioEventLoop.java:879)
	at app//org.apache.ratis.thirdparty.io.netty.channel.nio.NioEventLoop.run(NioEventLoop.java:526)
	at app//org.apache.ratis.thirdparty.io.netty.util.concurrent.SingleThreadEventExecutor$4.run(SingleThreadEventExecutor.java:997)
	...


"NettyClientStreamRpc-workerGroup--thread1" daemon prio=5 Id=982 RUNNABLE (in native)
	at java.base@11.0.19/sun.nio.ch.EPoll.wait(Native Method)
	at java.base@11.0.19/sun.nio.ch.EPollSelectorImpl.doSelect(EPollSelectorImpl.java:120)
	at java.base@11.0.19/sun.nio.ch.SelectorImpl.lockAndDoSelect(SelectorImpl.java:124)
	-  locked org.apache.ratis.thirdparty.io.netty.channel.nio.SelectedSelectionKeySet@52719fb6
	-  locked sun.nio.ch.EPollSelectorImpl@3012646b
	at java.base@11.0.19/sun.nio.ch.SelectorImpl.select(SelectorImpl.java:141)
	at app//org.apache.ratis.thirdparty.io.netty.channel.nio.SelectedSelectionKeySetSelector.select(SelectedSelectionKeySetSelector.java:68)
	at app//org.apache.ratis.thirdparty.io.netty.channel.nio.NioEventLoop.select(NioEventLoop.java:879)
	at app//org.apache.ratis.thirdparty.io.netty.channel.nio.NioEventLoop.run(NioEventLoop.java:526)
	at app//org.apache.ratis.thirdparty.io.netty.util.concurrent.SingleThreadEventExecutor$4.run(SingleThreadEventExecutor.java:997)
	...


"NettyClientStreamRpc-workerGroup--thread1" daemon prio=5 Id=988 RUNNABLE (in native)
	at java.base@11.0.19/sun.nio.ch.EPoll.wait(Native Method)
	at java.base@11.0.19/sun.nio.ch.EPollSelectorImpl.doSelect(EPollSelectorImpl.java:120)
	at java.base@11.0.19/sun.nio.ch.SelectorImpl.lockAndDoSelect(SelectorImpl.java:124)
	-  locked org.apache.ratis.thirdparty.io.netty.channel.nio.SelectedSelectionKeySet@4a883b15
	-  locked sun.nio.ch.EPollSelectorImpl@25641d39
	at java.base@11.0.19/sun.nio.ch.SelectorImpl.select(SelectorImpl.java:141)
	at app//org.apache.ratis.thirdparty.io.netty.channel.nio.SelectedSelectionKeySetSelector.select(SelectedSelectionKeySetSelector.java:68)
	at app//org.apache.ratis.thirdparty.io.netty.channel.nio.NioEventLoop.select(NioEventLoop.java:879)
	at app//org.apache.ratis.thirdparty.io.netty.channel.nio.NioEventLoop.run(NioEventLoop.java:526)
	at app//org.apache.ratis.thirdparty.io.netty.util.concurrent.SingleThreadEventExecutor$4.run(SingleThreadEventExecutor.java:997)
	...


"s1-DataStreamManagement-write--thread1" daemon prio=5 Id=987 WAITING on java.util.concurrent.locks.AbstractQueuedSynchronizer$ConditionObject@7b36aa0c
	at java.base@11.0.19/jdk.internal.misc.Unsafe.park(Native Method)
	-  waiting on java.util.concurrent.locks.AbstractQueuedSynchronizer$ConditionObject@7b36aa0c
	at java.base@11.0.19/java.util.concurrent.locks.LockSupport.park(LockSupport.java:194)
	at java.base@11.0.19/java.util.concurrent.locks.AbstractQueuedSynchronizer$ConditionObject.await(AbstractQueuedSynchronizer.java:2081)
	at java.base@11.0.19/java.util.concurrent.LinkedBlockingQueue.take(LinkedBlockingQueue.java:433)
	at java.base@11.0.19/java.util.concurrent.ThreadPoolExecutor.getTask(ThreadPoolExecutor.java:1054)
	at java.base@11.0.19/java.util.concurrent.ThreadPoolExecutor.runWorker(ThreadPoolExecutor.java:1114)
	at java.base@11.0.19/java.util.concurrent.ThreadPoolExecutor$Worker.run(ThreadPoolExecutor.java:628)
	at java.base@11.0.19/java.lang.Thread.run(Thread.java:829)


"s2-DataStreamManagement-write--thread1" daemon prio=5 Id=986 WAITING on java.util.concurrent.locks.AbstractQueuedSynchronizer$ConditionObject@5824a83d
	at java.base@11.0.19/jdk.internal.misc.Unsafe.park(Native Method)
	-  waiting on java.util.concurrent.locks.AbstractQueuedSynchronizer$ConditionObject@5824a83d
	at java.base@11.0.19/java.util.concurrent.locks.LockSupport.park(LockSupport.java:194)
	at java.base@11.0.19/java.util.concurrent.locks.AbstractQueuedSynchronizer$ConditionObject.await(AbstractQueuedSynchronizer.java:2081)
	at java.base@11.0.19/java.util.concurrent.LinkedBlockingQueue.take(LinkedBlockingQueue.java:433)
	at java.base@11.0.19/java.util.concurrent.ThreadPoolExecutor.getTask(ThreadPoolExecutor.java:1054)
	at java.base@11.0.19/java.util.concurrent.ThreadPoolExecutor.runWorker(ThreadPoolExecutor.java:1114)
	at java.base@11.0.19/java.util.concurrent.ThreadPoolExecutor$Worker.run(ThreadPoolExecutor.java:628)
	at java.base@11.0.19/java.lang.Thread.run(Thread.java:829)


"s0-DataStreamManagement-write--thread2" daemon prio=5 Id=985 WAITING on java.util.concurrent.locks.AbstractQueuedSynchronizer$ConditionObject@51c668e3
	at java.base@11.0.19/jdk.internal.misc.Unsafe.park(Native Method)
	-  waiting on java.util.concurrent.locks.AbstractQueuedSynchronizer$ConditionObject@51c668e3
	at java.base@11.0.19/java.util.concurrent.locks.LockSupport.park(LockSupport.java:194)
	at java.base@11.0.19/java.util.concurrent.locks.AbstractQueuedSynchronizer$ConditionObject.await(AbstractQueuedSynchronizer.java:2081)
	at java.base@11.0.19/java.util.concurrent.LinkedBlockingQueue.take(LinkedBlockingQueue.java:433)
	at java.base@11.0.19/java.util.concurrent.ThreadPoolExecutor.getTask(ThreadPoolExecutor.java:1054)
	at java.base@11.0.19/java.util.concurrent.ThreadPoolExecutor.runWorker(ThreadPoolExecutor.java:1114)
	at java.base@11.0.19/java.util.concurrent.ThreadPoolExecutor$Worker.run(ThreadPoolExecutor.java:628)
	at java.base@11.0.19/java.lang.Thread.run(Thread.java:829)


"NettyClientStreamRpc-workerGroup--thread1" daemon prio=5 Id=994 RUNNABLE (in native)
	at java.base@11.0.19/sun.nio.ch.EPoll.wait(Native Method)
	at java.base@11.0.19/sun.nio.ch.EPollSelectorImpl.doSelect(EPollSelectorImpl.java:120)
	at java.base@11.0.19/sun.nio.ch.SelectorImpl.lockAndDoSelect(SelectorImpl.java:124)
	-  locked org.apache.ratis.thirdparty.io.netty.channel.nio.SelectedSelectionKeySet@537f60bf
	-  locked sun.nio.ch.EPollSelectorImpl@5677323c
	at java.base@11.0.19/sun.nio.ch.SelectorImpl.select(SelectorImpl.java:141)
	at app//org.apache.ratis.thirdparty.io.netty.channel.nio.SelectedSelectionKeySetSelector.select(SelectedSelectionKeySetSelector.java:68)
	at app//org.apache.ratis.thirdparty.io.netty.channel.nio.NioEventLoop.select(NioEventLoop.java:879)
	at app//org.apache.ratis.thirdparty.io.netty.channel.nio.NioEventLoop.run(NioEventLoop.java:526)
	at app//org.apache.ratis.thirdparty.io.netty.util.concurrent.SingleThreadEventExecutor$4.run(SingleThreadEventExecutor.java:997)
	...


"s0-DataStreamManagement-write--thread6" daemon prio=5 Id=995 WAITING on java.util.concurrent.locks.AbstractQueuedSynchronizer$ConditionObject@51c668e3
	at java.base@11.0.19/jdk.internal.misc.Unsafe.park(Native Method)
	-  waiting on java.util.concurrent.locks.AbstractQueuedSynchronizer$ConditionObject@51c668e3
	at java.base@11.0.19/java.util.concurrent.locks.LockSupport.park(LockSupport.java:194)
	at java.base@11.0.19/java.util.concurrent.locks.AbstractQueuedSynchronizer$ConditionObject.await(AbstractQueuedSynchronizer.java:2081)
	at java.base@11.0.19/java.util.concurrent.LinkedBlockingQueue.take(LinkedBlockingQueue.java:433)
	at java.base@11.0.19/java.util.concurrent.ThreadPoolExecutor.getTask(ThreadPoolExecutor.java:1054)
	at java.base@11.0.19/java.util.concurrent.ThreadPoolExecutor.runWorker(ThreadPoolExecutor.java:1114)
	at java.base@11.0.19/java.util.concurrent.ThreadPoolExecutor$Worker.run(ThreadPoolExecutor.java:628)
	at java.base@11.0.19/java.lang.Thread.run(Thread.java:829)


"s2-DataStreamManagement-write--thread2" daemon prio=5 Id=993 WAITING on java.util.concurrent.locks.AbstractQueuedSynchronizer$ConditionObject@5824a83d
	at java.base@11.0.19/jdk.internal.misc.Unsafe.park(Native Method)
	-  waiting on java.util.concurrent.locks.AbstractQueuedSynchronizer$ConditionObject@5824a83d
	at java.base@11.0.19/java.util.concurrent.locks.LockSupport.park(LockSupport.java:194)
	at java.base@11.0.19/java.util.concurrent.locks.AbstractQueuedSynchronizer$ConditionObject.await(AbstractQueuedSynchronizer.java:2081)
	at java.base@11.0.19/java.util.concurrent.LinkedBlockingQueue.take(LinkedBlockingQueue.java:433)
	at java.base@11.0.19/java.util.concurrent.ThreadPoolExecutor.getTask(ThreadPoolExecutor.java:1054)
	at java.base@11.0.19/java.util.concurrent.ThreadPoolExecutor.runWorker(ThreadPoolExecutor.java:1114)
	at java.base@11.0.19/java.util.concurrent.ThreadPoolExecutor$Worker.run(ThreadPoolExecutor.java:628)
	at java.base@11.0.19/java.lang.Thread.run(Thread.java:829)


"s1-DataStreamManagement-write--thread2" daemon prio=5 Id=992 WAITING on java.util.concurrent.locks.AbstractQueuedSynchronizer$ConditionObject@7b36aa0c
	at java.base@11.0.19/jdk.internal.misc.Unsafe.park(Native Method)
	-  waiting on java.util.concurrent.locks.AbstractQueuedSynchronizer$ConditionObject@7b36aa0c
	at java.base@11.0.19/java.util.concurrent.locks.LockSupport.park(LockSupport.java:194)
	at java.base@11.0.19/java.util.concurrent.locks.AbstractQueuedSynchronizer$ConditionObject.await(AbstractQueuedSynchronizer.java:2081)
	at java.base@11.0.19/java.util.concurrent.LinkedBlockingQueue.take(LinkedBlockingQueue.java:433)
	at java.base@11.0.19/java.util.concurrent.ThreadPoolExecutor.getTask(ThreadPoolExecutor.java:1054)
	at java.base@11.0.19/java.util.concurrent.ThreadPoolExecutor.runWorker(ThreadPoolExecutor.java:1114)
	at java.base@11.0.19/java.util.concurrent.ThreadPoolExecutor$Worker.run(ThreadPoolExecutor.java:628)
	at java.base@11.0.19/java.lang.Thread.run(Thread.java:829)


"s0-DataStreamManagement-write--thread5" daemon prio=5 Id=991 WAITING on java.util.concurrent.locks.AbstractQueuedSynchronizer$ConditionObject@51c668e3
	at java.base@11.0.19/jdk.internal.misc.Unsafe.park(Native Method)
	-  waiting on java.util.concurrent.locks.AbstractQueuedSynchronizer$ConditionObject@51c668e3
	at java.base@11.0.19/java.util.concurrent.locks.LockSupport.park(LockSupport.java:194)
	at java.base@11.0.19/java.util.concurrent.locks.AbstractQueuedSynchronizer$ConditionObject.await(AbstractQueuedSynchronizer.java:2081)
	at java.base@11.0.19/java.util.concurrent.LinkedBlockingQueue.take(LinkedBlockingQueue.java:433)
	at java.base@11.0.19/java.util.concurrent.ThreadPoolExecutor.getTask(ThreadPoolExecutor.java:1054)
	at java.base@11.0.19/java.util.concurrent.ThreadPoolExecutor.runWorker(ThreadPoolExecutor.java:1114)
	at java.base@11.0.19/java.util.concurrent.ThreadPoolExecutor$Worker.run(ThreadPoolExecutor.java:628)
	at java.base@11.0.19/java.lang.Thread.run(Thread.java:829)


"s0-DataStreamManagement-write--thread8" daemon prio=5 Id=998 WAITING on java.util.concurrent.locks.AbstractQueuedSynchronizer$ConditionObject@51c668e3
	at java.base@11.0.19/jdk.internal.misc.Unsafe.park(Native Method)
	-  waiting on java.util.concurrent.locks.AbstractQueuedSynchronizer$ConditionObject@51c668e3
	at java.base@11.0.19/java.util.concurrent.locks.LockSupport.park(LockSupport.java:194)
	at java.base@11.0.19/java.util.concurrent.locks.AbstractQueuedSynchronizer$ConditionObject.await(AbstractQueuedSynchronizer.java:2081)
	at java.base@11.0.19/java.util.concurrent.LinkedBlockingQueue.take(LinkedBlockingQueue.java:433)
	at java.base@11.0.19/java.util.concurrent.ThreadPoolExecutor.getTask(ThreadPoolExecutor.java:1054)
	at java.base@11.0.19/java.util.concurrent.ThreadPoolExecutor.runWorker(ThreadPoolExecutor.java:1114)
	at java.base@11.0.19/java.util.concurrent.ThreadPoolExecutor$Worker.run(ThreadPoolExecutor.java:628)
	at java.base@11.0.19/java.lang.Thread.run(Thread.java:829)


"s0-DataStreamManagement-write--thread4" daemon prio=5 Id=990 WAITING on java.util.concurrent.locks.AbstractQueuedSynchronizer$ConditionObject@51c668e3
	at java.base@11.0.19/jdk.internal.misc.Unsafe.park(Native Method)
	-  waiting on java.util.concurrent.locks.AbstractQueuedSynchronizer$ConditionObject@51c668e3
	at java.base@11.0.19/java.util.concurrent.locks.LockSupport.park(LockSupport.java:194)
	at java.base@11.0.19/java.util.concurrent.locks.AbstractQueuedSynchronizer$ConditionObject.await(AbstractQueuedSynchronizer.java:2081)
	at java.base@11.0.19/java.util.concurrent.LinkedBlockingQueue.take(LinkedBlockingQueue.java:433)
	at java.base@11.0.19/java.util.concurrent.ThreadPoolExecutor.getTask(ThreadPoolExecutor.java:1054)
	at java.base@11.0.19/java.util.concurrent.ThreadPoolExecutor.runWorker(ThreadPoolExecutor.java:1114)
	at java.base@11.0.19/java.util.concurrent.ThreadPoolExecutor$Worker.run(ThreadPoolExecutor.java:628)
	at java.base@11.0.19/java.lang.Thread.run(Thread.java:829)


"s1-DataStreamManagement-write--thread3" daemon prio=5 Id=1001 WAITING on java.util.concurrent.locks.AbstractQueuedSynchronizer$ConditionObject@7b36aa0c
	at java.base@11.0.19/jdk.internal.misc.Unsafe.park(Native Method)
	-  waiting on java.util.concurrent.locks.AbstractQueuedSynchronizer$ConditionObject@7b36aa0c
	at java.base@11.0.19/java.util.concurrent.locks.LockSupport.park(LockSupport.java:194)
	at java.base@11.0.19/java.util.concurrent.locks.AbstractQueuedSynchronizer$ConditionObject.await(AbstractQueuedSynchronizer.java:2081)
	at java.base@11.0.19/java.util.concurrent.LinkedBlockingQueue.take(LinkedBlockingQueue.java:433)
	at java.base@11.0.19/java.util.concurrent.ThreadPoolExecutor.getTask(ThreadPoolExecutor.java:1054)
	at java.base@11.0.19/java.util.concurrent.ThreadPoolExecutor.runWorker(ThreadPoolExecutor.java:1114)
	at java.base@11.0.19/java.util.concurrent.ThreadPoolExecutor$Worker.run(ThreadPoolExecutor.java:628)
	at java.base@11.0.19/java.lang.Thread.run(Thread.java:829)


"s0-DataStreamManagement-write--thread3" daemon prio=5 Id=989 WAITING on java.util.concurrent.locks.AbstractQueuedSynchronizer$ConditionObject@51c668e3
	at java.base@11.0.19/jdk.internal.misc.Unsafe.park(Native Method)
	-  waiting on java.util.concurrent.locks.AbstractQueuedSynchronizer$ConditionObject@51c668e3
	at java.base@11.0.19/java.util.concurrent.locks.LockSupport.park(LockSupport.java:194)
	at java.base@11.0.19/java.util.concurrent.locks.AbstractQueuedSynchronizer$ConditionObject.await(AbstractQueuedSynchronizer.java:2081)
	at java.base@11.0.19/java.util.concurrent.LinkedBlockingQueue.take(LinkedBlockingQueue.java:433)
	at java.base@11.0.19/java.util.concurrent.ThreadPoolExecutor.getTask(ThreadPoolExecutor.java:1054)
	at java.base@11.0.19/java.util.concurrent.ThreadPoolExecutor.runWorker(ThreadPoolExecutor.java:1114)
	at java.base@11.0.19/java.util.concurrent.ThreadPoolExecutor$Worker.run(ThreadPoolExecutor.java:628)
	at java.base@11.0.19/java.lang.Thread.run(Thread.java:829)


"s0-DataStreamManagement-write--thread11" daemon prio=5 Id=1004 WAITING on java.util.concurrent.locks.AbstractQueuedSynchronizer$ConditionObject@51c668e3
	at java.base@11.0.19/jdk.internal.misc.Unsafe.park(Native Method)
	-  waiting on java.util.concurrent.locks.AbstractQueuedSynchronizer$ConditionObject@51c668e3
	at java.base@11.0.19/java.util.concurrent.locks.LockSupport.park(LockSupport.java:194)
	at java.base@11.0.19/java.util.concurrent.locks.AbstractQueuedSynchronizer$ConditionObject.await(AbstractQueuedSynchronizer.java:2081)
	at java.base@11.0.19/java.util.concurrent.LinkedBlockingQueue.take(LinkedBlockingQueue.java:433)
	at java.base@11.0.19/java.util.concurrent.ThreadPoolExecutor.getTask(ThreadPoolExecutor.java:1054)
	at java.base@11.0.19/java.util.concurrent.ThreadPoolExecutor.runWorker(ThreadPoolExecutor.java:1114)
	at java.base@11.0.19/java.util.concurrent.ThreadPoolExecutor$Worker.run(ThreadPoolExecutor.java:628)
	at java.base@11.0.19/java.lang.Thread.run(Thread.java:829)


"s0-DataStreamManagement-write--thread12" daemon prio=5 Id=1005 WAITING on java.util.concurrent.locks.AbstractQueuedSynchronizer$ConditionObject@51c668e3
	at java.base@11.0.19/jdk.internal.misc.Unsafe.park(Native Method)
	-  waiting on java.util.concurrent.locks.AbstractQueuedSynchronizer$ConditionObject@51c668e3
	at java.base@11.0.19/java.util.concurrent.locks.LockSupport.park(LockSupport.java:194)
	at java.base@11.0.19/java.util.concurrent.locks.AbstractQueuedSynchronizer$ConditionObject.await(AbstractQueuedSynchronizer.java:2081)
	at java.base@11.0.19/java.util.concurrent.LinkedBlockingQueue.take(LinkedBlockingQueue.java:433)
	at java.base@11.0.19/java.util.concurrent.ThreadPoolExecutor.getTask(ThreadPoolExecutor.java:1054)
	at java.base@11.0.19/java.util.concurrent.ThreadPoolExecutor.runWorker(ThreadPoolExecutor.java:1114)
	at java.base@11.0.19/java.util.concurrent.ThreadPoolExecutor$Worker.run(ThreadPoolExecutor.java:628)
	at java.base@11.0.19/java.lang.Thread.run(Thread.java:829)


"s0-DataStreamManagement-write--thread13" daemon prio=5 Id=1006 WAITING on java.util.concurrent.locks.AbstractQueuedSynchronizer$ConditionObject@51c668e3
	at java.base@11.0.19/jdk.internal.misc.Unsafe.park(Native Method)
	-  waiting on java.util.concurrent.locks.AbstractQueuedSynchronizer$ConditionObject@51c668e3
	at java.base@11.0.19/java.util.concurrent.locks.LockSupport.park(LockSupport.java:194)
	at java.base@11.0.19/java.util.concurrent.locks.AbstractQueuedSynchronizer$ConditionObject.await(AbstractQueuedSynchronizer.java:2081)
	at java.base@11.0.19/java.util.concurrent.LinkedBlockingQueue.take(LinkedBlockingQueue.java:433)
	at java.base@11.0.19/java.util.concurrent.ThreadPoolExecutor.getTask(ThreadPoolExecutor.java:1054)
	at java.base@11.0.19/java.util.concurrent.ThreadPoolExecutor.runWorker(ThreadPoolExecutor.java:1114)
	at java.base@11.0.19/java.util.concurrent.ThreadPoolExecutor$Worker.run(ThreadPoolExecutor.java:628)
	at java.base@11.0.19/java.lang.Thread.run(Thread.java:829)


"s0-DataStreamManagement-write--thread14" daemon prio=5 Id=1007 WAITING on java.util.concurrent.locks.AbstractQueuedSynchronizer$ConditionObject@51c668e3
	at java.base@11.0.19/jdk.internal.misc.Unsafe.park(Native Method)
	-  waiting on java.util.concurrent.locks.AbstractQueuedSynchronizer$ConditionObject@51c668e3
	at java.base@11.0.19/java.util.concurrent.locks.LockSupport.park(LockSupport.java:194)
	at java.base@11.0.19/java.util.concurrent.locks.AbstractQueuedSynchronizer$ConditionObject.await(AbstractQueuedSynchronizer.java:2081)
	at java.base@11.0.19/java.util.concurrent.LinkedBlockingQueue.take(LinkedBlockingQueue.java:433)
	at java.base@11.0.19/java.util.concurrent.ThreadPoolExecutor.getTask(ThreadPoolExecutor.java:1054)
	at java.base@11.0.19/java.util.concurrent.ThreadPoolExecutor.runWorker(ThreadPoolExecutor.java:1114)
	at java.base@11.0.19/java.util.concurrent.ThreadPoolExecutor$Worker.run(ThreadPoolExecutor.java:628)
	at java.base@11.0.19/java.lang.Thread.run(Thread.java:829)


"s0-DataStreamManagement-write--thread15" daemon prio=5 Id=1008 WAITING on java.util.concurrent.locks.AbstractQueuedSynchronizer$ConditionObject@51c668e3
	at java.base@11.0.19/jdk.internal.misc.Unsafe.park(Native Method)
	-  waiting on java.util.concurrent.locks.AbstractQueuedSynchronizer$ConditionObject@51c668e3
	at java.base@11.0.19/java.util.concurrent.locks.LockSupport.park(LockSupport.java:194)
	at java.base@11.0.19/java.util.concurrent.locks.AbstractQueuedSynchronizer$ConditionObject.await(AbstractQueuedSynchronizer.java:2081)
	at java.base@11.0.19/java.util.concurrent.LinkedBlockingQueue.take(LinkedBlockingQueue.java:433)
	at java.base@11.0.19/java.util.concurrent.ThreadPoolExecutor.getTask(ThreadPoolExecutor.java:1054)
	at java.base@11.0.19/java.util.concurrent.ThreadPoolExecutor.runWorker(ThreadPoolExecutor.java:1114)
	at java.base@11.0.19/java.util.concurrent.ThreadPoolExecutor$Worker.run(ThreadPoolExecutor.java:628)
	at java.base@11.0.19/java.lang.Thread.run(Thread.java:829)


"s0-DataStreamManagement-write--thread16" daemon prio=5 Id=1009 WAITING on java.util.concurrent.locks.AbstractQueuedSynchronizer$ConditionObject@51c668e3
	at java.base@11.0.19/jdk.internal.misc.Unsafe.park(Native Method)
	-  waiting on java.util.concurrent.locks.AbstractQueuedSynchronizer$ConditionObject@51c668e3
	at java.base@11.0.19/java.util.concurrent.locks.LockSupport.park(LockSupport.java:194)
	at java.base@11.0.19/java.util.concurrent.locks.AbstractQueuedSynchronizer$ConditionObject.await(AbstractQueuedSynchronizer.java:2081)
	at java.base@11.0.19/java.util.concurrent.LinkedBlockingQueue.take(LinkedBlockingQueue.java:433)
	at java.base@11.0.19/java.util.concurrent.ThreadPoolExecutor.getTask(ThreadPoolExecutor.java:1054)
	at java.base@11.0.19/java.util.concurrent.ThreadPoolExecutor.runWorker(ThreadPoolExecutor.java:1114)
	at java.base@11.0.19/java.util.concurrent.ThreadPoolExecutor$Worker.run(ThreadPoolExecutor.java:628)
	at java.base@11.0.19/java.lang.Thread.run(Thread.java:829)


"s1-DataStreamManagement-write--thread5" daemon prio=5 Id=1010 WAITING on java.util.concurrent.locks.AbstractQueuedSynchronizer$ConditionObject@7b36aa0c
	at java.base@11.0.19/jdk.internal.misc.Unsafe.park(Native Method)
	-  waiting on java.util.concurrent.locks.AbstractQueuedSynchronizer$ConditionObject@7b36aa0c
	at java.base@11.0.19/java.util.concurrent.locks.LockSupport.park(LockSupport.java:194)
	at java.base@11.0.19/java.util.concurrent.locks.AbstractQueuedSynchronizer$ConditionObject.await(AbstractQueuedSynchronizer.java:2081)
	at java.base@11.0.19/java.util.concurrent.LinkedBlockingQueue.take(LinkedBlockingQueue.java:433)
	at java.base@11.0.19/java.util.concurrent.ThreadPoolExecutor.getTask(ThreadPoolExecutor.java:1054)
	at java.base@11.0.19/java.util.concurrent.ThreadPoolExecutor.runWorker(ThreadPoolExecutor.java:1114)
	at java.base@11.0.19/java.util.concurrent.ThreadPoolExecutor$Worker.run(ThreadPoolExecutor.java:628)
	at java.base@11.0.19/java.lang.Thread.run(Thread.java:829)


"s0-DataStreamManagement-write--thread10" daemon prio=5 Id=1003 WAITING on java.util.concurrent.locks.AbstractQueuedSynchronizer$ConditionObject@51c668e3
	at java.base@11.0.19/jdk.internal.misc.Unsafe.park(Native Method)
	-  waiting on java.util.concurrent.locks.AbstractQueuedSynchronizer$ConditionObject@51c668e3
	at java.base@11.0.19/java.util.concurrent.locks.LockSupport.park(LockSupport.java:194)
	at java.base@11.0.19/java.util.concurrent.locks.AbstractQueuedSynchronizer$ConditionObject.await(AbstractQueuedSynchronizer.java:2081)
	at java.base@11.0.19/java.util.concurrent.LinkedBlockingQueue.take(LinkedBlockingQueue.java:433)
	at java.base@11.0.19/java.util.concurrent.ThreadPoolExecutor.getTask(ThreadPoolExecutor.java:1054)
	at java.base@11.0.19/java.util.concurrent.ThreadPoolExecutor.runWorker(ThreadPoolExecutor.java:1114)
	at java.base@11.0.19/java.util.concurrent.ThreadPoolExecutor$Worker.run(ThreadPoolExecutor.java:628)
	at java.base@11.0.19/java.lang.Thread.run(Thread.java:829)


"s1-DataStreamManagement-write--thread4" daemon prio=5 Id=1002 WAITING on java.util.concurrent.locks.AbstractQueuedSynchronizer$ConditionObject@7b36aa0c
	at java.base@11.0.19/jdk.internal.misc.Unsafe.park(Native Method)
	-  waiting on java.util.concurrent.locks.AbstractQueuedSynchronizer$ConditionObject@7b36aa0c
	at java.base@11.0.19/java.util.concurrent.locks.LockSupport.park(LockSupport.java:194)
	at java.base@11.0.19/java.util.concurrent.locks.AbstractQueuedSynchronizer$ConditionObject.await(AbstractQueuedSynchronizer.java:2081)
	at java.base@11.0.19/java.util.concurrent.LinkedBlockingQueue.take(LinkedBlockingQueue.java:433)
	at java.base@11.0.19/java.util.concurrent.ThreadPoolExecutor.getTask(ThreadPoolExecutor.java:1054)
	at java.base@11.0.19/java.util.concurrent.ThreadPoolExecutor.runWorker(ThreadPoolExecutor.java:1114)
	at java.base@11.0.19/java.util.concurrent.ThreadPoolExecutor$Worker.run(ThreadPoolExecutor.java:628)
	at java.base@11.0.19/java.lang.Thread.run(Thread.java:829)


"s2-DataStreamManagement-write--thread3" daemon prio=5 Id=1000 WAITING on java.util.concurrent.locks.AbstractQueuedSynchronizer$ConditionObject@5824a83d
	at java.base@11.0.19/jdk.internal.misc.Unsafe.park(Native Method)
	-  waiting on java.util.concurrent.locks.AbstractQueuedSynchronizer$ConditionObject@5824a83d
	at java.base@11.0.19/java.util.concurrent.locks.LockSupport.park(LockSupport.java:194)
	at java.base@11.0.19/java.util.concurrent.locks.AbstractQueuedSynchronizer$ConditionObject.await(AbstractQueuedSynchronizer.java:2081)
	at java.base@11.0.19/java.util.concurrent.LinkedBlockingQueue.take(LinkedBlockingQueue.java:433)
	at java.base@11.0.19/java.util.concurrent.ThreadPoolExecutor.getTask(ThreadPoolExecutor.java:1054)
	at java.base@11.0.19/java.util.concurrent.ThreadPoolExecutor.runWorker(ThreadPoolExecutor.java:1114)
	at java.base@11.0.19/java.util.concurrent.ThreadPoolExecutor$Worker.run(ThreadPoolExecutor.java:628)
	at java.base@11.0.19/java.lang.Thread.run(Thread.java:829)


"s0-DataStreamManagement-write--thread9" daemon prio=5 Id=999 WAITING on java.util.concurrent.locks.AbstractQueuedSynchronizer$ConditionObject@51c668e3
	at java.base@11.0.19/jdk.internal.misc.Unsafe.park(Native Method)
	-  waiting on java.util.concurrent.locks.AbstractQueuedSynchronizer$ConditionObject@51c668e3
	at java.base@11.0.19/java.util.concurrent.locks.LockSupport.park(LockSupport.java:194)
	at java.base@11.0.19/java.util.concurrent.locks.AbstractQueuedSynchronizer$ConditionObject.await(AbstractQueuedSynchronizer.java:2081)
	at java.base@11.0.19/java.util.concurrent.LinkedBlockingQueue.take(LinkedBlockingQueue.java:433)
	at java.base@11.0.19/java.util.concurrent.ThreadPoolExecutor.getTask(ThreadPoolExecutor.java:1054)
	at java.base@11.0.19/java.util.concurrent.ThreadPoolExecutor.runWorker(ThreadPoolExecutor.java:1114)
	at java.base@11.0.19/java.util.concurrent.ThreadPoolExecutor$Worker.run(ThreadPoolExecutor.java:628)
	at java.base@11.0.19/java.lang.Thread.run(Thread.java:829)


"s1-DataStreamManagement-write--thread9" daemon prio=5 Id=1017 WAITING on java.util.concurrent.locks.AbstractQueuedSynchronizer$ConditionObject@7b36aa0c
	at java.base@11.0.19/jdk.internal.misc.Unsafe.park(Native Method)
	-  waiting on java.util.concurrent.locks.AbstractQueuedSynchronizer$ConditionObject@7b36aa0c
	at java.base@11.0.19/java.util.concurrent.locks.LockSupport.park(LockSupport.java:194)
	at java.base@11.0.19/java.util.concurrent.locks.AbstractQueuedSynchronizer$ConditionObject.await(AbstractQueuedSynchronizer.java:2081)
	at java.base@11.0.19/java.util.concurrent.LinkedBlockingQueue.take(LinkedBlockingQueue.java:433)
	at java.base@11.0.19/java.util.concurrent.ThreadPoolExecutor.getTask(ThreadPoolExecutor.java:1054)
	at java.base@11.0.19/java.util.concurrent.ThreadPoolExecutor.runWorker(ThreadPoolExecutor.java:1114)
	at java.base@11.0.19/java.util.concurrent.ThreadPoolExecutor$Worker.run(ThreadPoolExecutor.java:628)
	at java.base@11.0.19/java.lang.Thread.run(Thread.java:829)


"s2-DataStreamManagement-write--thread6" daemon prio=5 Id=1018 WAITING on java.util.concurrent.locks.AbstractQueuedSynchronizer$ConditionObject@5824a83d
	at java.base@11.0.19/jdk.internal.misc.Unsafe.park(Native Method)
	-  waiting on java.util.concurrent.locks.AbstractQueuedSynchronizer$ConditionObject@5824a83d
	at java.base@11.0.19/java.util.concurrent.locks.LockSupport.park(LockSupport.java:194)
	at java.base@11.0.19/java.util.concurrent.locks.AbstractQueuedSynchronizer$ConditionObject.await(AbstractQueuedSynchronizer.java:2081)
	at java.base@11.0.19/java.util.concurrent.LinkedBlockingQueue.take(LinkedBlockingQueue.java:433)
	at java.base@11.0.19/java.util.concurrent.ThreadPoolExecutor.getTask(ThreadPoolExecutor.java:1054)
	at java.base@11.0.19/java.util.concurrent.ThreadPoolExecutor.runWorker(ThreadPoolExecutor.java:1114)
	at java.base@11.0.19/java.util.concurrent.ThreadPoolExecutor$Worker.run(ThreadPoolExecutor.java:628)
	at java.base@11.0.19/java.lang.Thread.run(Thread.java:829)


"s0-DataStreamManagement-write--thread7" daemon prio=5 Id=997 WAITING on java.util.concurrent.locks.AbstractQueuedSynchronizer$ConditionObject@51c668e3
	at java.base@11.0.19/jdk.internal.misc.Unsafe.park(Native Method)
	-  waiting on java.util.concurrent.locks.AbstractQueuedSynchronizer$ConditionObject@51c668e3
	at java.base@11.0.19/java.util.concurrent.locks.LockSupport.park(LockSupport.java:194)
	at java.base@11.0.19/java.util.concurrent.locks.AbstractQueuedSynchronizer$ConditionObject.await(AbstractQueuedSynchronizer.java:2081)
	at java.base@11.0.19/java.util.concurrent.LinkedBlockingQueue.take(LinkedBlockingQueue.java:433)
	at java.base@11.0.19/java.util.concurrent.ThreadPoolExecutor.getTask(ThreadPoolExecutor.java:1054)
	at java.base@11.0.19/java.util.concurrent.ThreadPoolExecutor.runWorker(ThreadPoolExecutor.java:1114)
	at java.base@11.0.19/java.util.concurrent.ThreadPoolExecutor$Worker.run(ThreadPoolExecutor.java:628)
	at java.base@11.0.19/java.lang.Thread.run(Thread.java:829)


"NettyClientStreamRpc-workerGroup--thread1" daemon prio=5 Id=996 RUNNABLE (in native)
	at java.base@11.0.19/sun.nio.ch.EPoll.wait(Native Method)
	at java.base@11.0.19/sun.nio.ch.EPollSelectorImpl.doSelect(EPollSelectorImpl.java:120)
	at java.base@11.0.19/sun.nio.ch.SelectorImpl.lockAndDoSelect(SelectorImpl.java:124)
	-  locked org.apache.ratis.thirdparty.io.netty.channel.nio.SelectedSelectionKeySet@18df8434
	-  locked sun.nio.ch.EPollSelectorImpl@65c7a252
	at java.base@11.0.19/sun.nio.ch.SelectorImpl.select(SelectorImpl.java:141)
	at app//org.apache.ratis.thirdparty.io.netty.channel.nio.SelectedSelectionKeySetSelector.select(SelectedSelectionKeySetSelector.java:68)
	at app//org.apache.ratis.thirdparty.io.netty.channel.nio.NioEventLoop.select(NioEventLoop.java:879)
	at app//org.apache.ratis.thirdparty.io.netty.channel.nio.NioEventLoop.run(NioEventLoop.java:526)
	at app//org.apache.ratis.thirdparty.io.netty.util.concurrent.SingleThreadEventExecutor$4.run(SingleThreadEventExecutor.java:997)
	...


"s2-DataStreamManagement-write--thread7" daemon prio=5 Id=1020 WAITING on java.util.concurrent.locks.AbstractQueuedSynchronizer$ConditionObject@5824a83d
	at java.base@11.0.19/jdk.internal.misc.Unsafe.park(Native Method)
	-  waiting on java.util.concurrent.locks.AbstractQueuedSynchronizer$ConditionObject@5824a83d
	at java.base@11.0.19/java.util.concurrent.locks.LockSupport.park(LockSupport.java:194)
	at java.base@11.0.19/java.util.concurrent.locks.AbstractQueuedSynchronizer$ConditionObject.await(AbstractQueuedSynchronizer.java:2081)
	at java.base@11.0.19/java.util.concurrent.LinkedBlockingQueue.take(LinkedBlockingQueue.java:433)
	at java.base@11.0.19/java.util.concurrent.ThreadPoolExecutor.getTask(ThreadPoolExecutor.java:1054)
	at java.base@11.0.19/java.util.concurrent.ThreadPoolExecutor.runWorker(ThreadPoolExecutor.java:1114)
	at java.base@11.0.19/java.util.concurrent.ThreadPoolExecutor$Worker.run(ThreadPoolExecutor.java:628)
	at java.base@11.0.19/java.lang.Thread.run(Thread.java:829)


"s1-DataStreamManagement-write--thread10" daemon prio=5 Id=1019 WAITING on java.util.concurrent.locks.AbstractQueuedSynchronizer$ConditionObject@7b36aa0c
	at java.base@11.0.19/jdk.internal.misc.Unsafe.park(Native Method)
	-  waiting on java.util.concurrent.locks.AbstractQueuedSynchronizer$ConditionObject@7b36aa0c
	at java.base@11.0.19/java.util.concurrent.locks.LockSupport.park(LockSupport.java:194)
	at java.base@11.0.19/java.util.concurrent.locks.AbstractQueuedSynchronizer$ConditionObject.await(AbstractQueuedSynchronizer.java:2081)
	at java.base@11.0.19/java.util.concurrent.LinkedBlockingQueue.take(LinkedBlockingQueue.java:433)
	at java.base@11.0.19/java.util.concurrent.ThreadPoolExecutor.getTask(ThreadPoolExecutor.java:1054)
	at java.base@11.0.19/java.util.concurrent.ThreadPoolExecutor.runWorker(ThreadPoolExecutor.java:1114)
	at java.base@11.0.19/java.util.concurrent.ThreadPoolExecutor$Worker.run(ThreadPoolExecutor.java:628)
	at java.base@11.0.19/java.lang.Thread.run(Thread.java:829)


"s2-DataStreamManagement-write--thread5" daemon prio=5 Id=1016 WAITING on java.util.concurrent.locks.AbstractQueuedSynchronizer$ConditionObject@5824a83d
	at java.base@11.0.19/jdk.internal.misc.Unsafe.park(Native Method)
	-  waiting on java.util.concurrent.locks.AbstractQueuedSynchronizer$ConditionObject@5824a83d
	at java.base@11.0.19/java.util.concurrent.locks.LockSupport.park(LockSupport.java:194)
	at java.base@11.0.19/java.util.concurrent.locks.AbstractQueuedSynchronizer$ConditionObject.await(AbstractQueuedSynchronizer.java:2081)
	at java.base@11.0.19/java.util.concurrent.LinkedBlockingQueue.take(LinkedBlockingQueue.java:433)
	at java.base@11.0.19/java.util.concurrent.ThreadPoolExecutor.getTask(ThreadPoolExecutor.java:1054)
	at java.base@11.0.19/java.util.concurrent.ThreadPoolExecutor.runWorker(ThreadPoolExecutor.java:1114)
	at java.base@11.0.19/java.util.concurrent.ThreadPoolExecutor$Worker.run(ThreadPoolExecutor.java:628)
	at java.base@11.0.19/java.lang.Thread.run(Thread.java:829)


"s1-DataStreamManagement-write--thread8" daemon prio=5 Id=1015 WAITING on java.util.concurrent.locks.AbstractQueuedSynchronizer$ConditionObject@7b36aa0c
	at java.base@11.0.19/jdk.internal.misc.Unsafe.park(Native Method)
	-  waiting on java.util.concurrent.locks.AbstractQueuedSynchronizer$ConditionObject@7b36aa0c
	at java.base@11.0.19/java.util.concurrent.locks.LockSupport.park(LockSupport.java:194)
	at java.base@11.0.19/java.util.concurrent.locks.AbstractQueuedSynchronizer$ConditionObject.await(AbstractQueuedSynchronizer.java:2081)
	at java.base@11.0.19/java.util.concurrent.LinkedBlockingQueue.take(LinkedBlockingQueue.java:433)
	at java.base@11.0.19/java.util.concurrent.ThreadPoolExecutor.getTask(ThreadPoolExecutor.java:1054)
	at java.base@11.0.19/java.util.concurrent.ThreadPoolExecutor.runWorker(ThreadPoolExecutor.java:1114)
	at java.base@11.0.19/java.util.concurrent.ThreadPoolExecutor$Worker.run(ThreadPoolExecutor.java:628)
	at java.base@11.0.19/java.lang.Thread.run(Thread.java:829)


"s2-DataStreamManagement-write--thread4" daemon prio=5 Id=1014 WAITING on java.util.concurrent.locks.AbstractQueuedSynchronizer$ConditionObject@5824a83d
	at java.base@11.0.19/jdk.internal.misc.Unsafe.park(Native Method)
	-  waiting on java.util.concurrent.locks.AbstractQueuedSynchronizer$ConditionObject@5824a83d
	at java.base@11.0.19/java.util.concurrent.locks.LockSupport.park(LockSupport.java:194)
	at java.base@11.0.19/java.util.concurrent.locks.AbstractQueuedSynchronizer$ConditionObject.await(AbstractQueuedSynchronizer.java:2081)
	at java.base@11.0.19/java.util.concurrent.LinkedBlockingQueue.take(LinkedBlockingQueue.java:433)
	at java.base@11.0.19/java.util.concurrent.ThreadPoolExecutor.getTask(ThreadPoolExecutor.java:1054)
	at java.base@11.0.19/java.util.concurrent.ThreadPoolExecutor.runWorker(ThreadPoolExecutor.java:1114)
	at java.base@11.0.19/java.util.concurrent.ThreadPoolExecutor$Worker.run(ThreadPoolExecutor.java:628)
	at java.base@11.0.19/java.lang.Thread.run(Thread.java:829)


"s2-DataStreamManagement-write--thread9" daemon prio=5 Id=1025 WAITING on java.util.concurrent.locks.AbstractQueuedSynchronizer$ConditionObject@5824a83d
	at java.base@11.0.19/jdk.internal.misc.Unsafe.park(Native Method)
	-  waiting on java.util.concurrent.locks.AbstractQueuedSynchronizer$ConditionObject@5824a83d
	at java.base@11.0.19/java.util.concurrent.locks.LockSupport.park(LockSupport.java:194)
	at java.base@11.0.19/java.util.concurrent.locks.AbstractQueuedSynchronizer$ConditionObject.await(AbstractQueuedSynchronizer.java:2081)
	at java.base@11.0.19/java.util.concurrent.LinkedBlockingQueue.take(LinkedBlockingQueue.java:433)
	at java.base@11.0.19/java.util.concurrent.ThreadPoolExecutor.getTask(ThreadPoolExecutor.java:1054)
	at java.base@11.0.19/java.util.concurrent.ThreadPoolExecutor.runWorker(ThreadPoolExecutor.java:1114)
	at java.base@11.0.19/java.util.concurrent.ThreadPoolExecutor$Worker.run(ThreadPoolExecutor.java:628)
	at java.base@11.0.19/java.lang.Thread.run(Thread.java:829)


"s2-DataStreamManagement-write--thread11" daemon prio=5 Id=1027 WAITING on java.util.concurrent.locks.AbstractQueuedSynchronizer$ConditionObject@5824a83d
	at java.base@11.0.19/jdk.internal.misc.Unsafe.park(Native Method)
	-  waiting on java.util.concurrent.locks.AbstractQueuedSynchronizer$ConditionObject@5824a83d
	at java.base@11.0.19/java.util.concurrent.locks.LockSupport.park(LockSupport.java:194)
	at java.base@11.0.19/java.util.concurrent.locks.AbstractQueuedSynchronizer$ConditionObject.await(AbstractQueuedSynchronizer.java:2081)
	at java.base@11.0.19/java.util.concurrent.LinkedBlockingQueue.take(LinkedBlockingQueue.java:433)
	at java.base@11.0.19/java.util.concurrent.ThreadPoolExecutor.getTask(ThreadPoolExecutor.java:1054)
	at java.base@11.0.19/java.util.concurrent.ThreadPoolExecutor.runWorker(ThreadPoolExecutor.java:1114)
	at java.base@11.0.19/java.util.concurrent.ThreadPoolExecutor$Worker.run(ThreadPoolExecutor.java:628)
	at java.base@11.0.19/java.lang.Thread.run(Thread.java:829)


"s1-DataStreamManagement-write--thread7" daemon prio=5 Id=1013 WAITING on java.util.concurrent.locks.AbstractQueuedSynchronizer$ConditionObject@7b36aa0c
	at java.base@11.0.19/jdk.internal.misc.Unsafe.park(Native Method)
	-  waiting on java.util.concurrent.locks.AbstractQueuedSynchronizer$ConditionObject@7b36aa0c
	at java.base@11.0.19/java.util.concurrent.locks.LockSupport.park(LockSupport.java:194)
	at java.base@11.0.19/java.util.concurrent.locks.AbstractQueuedSynchronizer$ConditionObject.await(AbstractQueuedSynchronizer.java:2081)
	at java.base@11.0.19/java.util.concurrent.LinkedBlockingQueue.take(LinkedBlockingQueue.java:433)
	at java.base@11.0.19/java.util.concurrent.ThreadPoolExecutor.getTask(ThreadPoolExecutor.java:1054)
	at java.base@11.0.19/java.util.concurrent.ThreadPoolExecutor.runWorker(ThreadPoolExecutor.java:1114)
	at java.base@11.0.19/java.util.concurrent.ThreadPoolExecutor$Worker.run(ThreadPoolExecutor.java:628)
	at java.base@11.0.19/java.lang.Thread.run(Thread.java:829)


"s1-DataStreamManagement-write--thread6" daemon prio=5 Id=1012 WAITING on java.util.concurrent.locks.AbstractQueuedSynchronizer$ConditionObject@7b36aa0c
	at java.base@11.0.19/jdk.internal.misc.Unsafe.park(Native Method)
	-  waiting on java.util.concurrent.locks.AbstractQueuedSynchronizer$ConditionObject@7b36aa0c
	at java.base@11.0.19/java.util.concurrent.locks.LockSupport.park(LockSupport.java:194)
	at java.base@11.0.19/java.util.concurrent.locks.AbstractQueuedSynchronizer$ConditionObject.await(AbstractQueuedSynchronizer.java:2081)
	at java.base@11.0.19/java.util.concurrent.LinkedBlockingQueue.take(LinkedBlockingQueue.java:433)
	at java.base@11.0.19/java.util.concurrent.ThreadPoolExecutor.getTask(ThreadPoolExecutor.java:1054)
	at java.base@11.0.19/java.util.concurrent.ThreadPoolExecutor.runWorker(ThreadPoolExecutor.java:1114)
	at java.base@11.0.19/java.util.concurrent.ThreadPoolExecutor$Worker.run(ThreadPoolExecutor.java:628)
	at java.base@11.0.19/java.lang.Thread.run(Thread.java:829)


"NettyClientStreamRpc-workerGroup--thread1" daemon prio=5 Id=1011 RUNNABLE (in native)
	at java.base@11.0.19/sun.nio.ch.EPoll.wait(Native Method)
	at java.base@11.0.19/sun.nio.ch.EPollSelectorImpl.doSelect(EPollSelectorImpl.java:120)
	at java.base@11.0.19/sun.nio.ch.SelectorImpl.lockAndDoSelect(SelectorImpl.java:124)
	-  locked org.apache.ratis.thirdparty.io.netty.channel.nio.SelectedSelectionKeySet@4d154ccd
	-  locked sun.nio.ch.EPollSelectorImpl@229c6181
	at java.base@11.0.19/sun.nio.ch.SelectorImpl.select(SelectorImpl.java:141)
	at app//org.apache.ratis.thirdparty.io.netty.channel.nio.SelectedSelectionKeySetSelector.select(SelectedSelectionKeySetSelector.java:68)
	at app//org.apache.ratis.thirdparty.io.netty.channel.nio.NioEventLoop.select(NioEventLoop.java:879)
	at app//org.apache.ratis.thirdparty.io.netty.channel.nio.NioEventLoop.run(NioEventLoop.java:526)
	at app//org.apache.ratis.thirdparty.io.netty.util.concurrent.SingleThreadEventExecutor$4.run(SingleThreadEventExecutor.java:997)
	...


"s2-DataStreamManagement-write--thread13" daemon prio=5 Id=1029 WAITING on java.util.concurrent.locks.AbstractQueuedSynchronizer$ConditionObject@5824a83d
	at java.base@11.0.19/jdk.internal.misc.Unsafe.park(Native Method)
	-  waiting on java.util.concurrent.locks.AbstractQueuedSynchronizer$ConditionObject@5824a83d
	at java.base@11.0.19/java.util.concurrent.locks.LockSupport.park(LockSupport.java:194)
	at java.base@11.0.19/java.util.concurrent.locks.AbstractQueuedSynchronizer$ConditionObject.await(AbstractQueuedSynchronizer.java:2081)
	at java.base@11.0.19/java.util.concurrent.LinkedBlockingQueue.take(LinkedBlockingQueue.java:433)
	at java.base@11.0.19/java.util.concurrent.ThreadPoolExecutor.getTask(ThreadPoolExecutor.java:1054)
	at java.base@11.0.19/java.util.concurrent.ThreadPoolExecutor.runWorker(ThreadPoolExecutor.java:1114)
	at java.base@11.0.19/java.util.concurrent.ThreadPoolExecutor$Worker.run(ThreadPoolExecutor.java:628)
	at java.base@11.0.19/java.lang.Thread.run(Thread.java:829)


"s2-DataStreamManagement-write--thread12" daemon prio=5 Id=1028 WAITING on java.util.concurrent.locks.AbstractQueuedSynchronizer$ConditionObject@5824a83d
	at java.base@11.0.19/jdk.internal.misc.Unsafe.park(Native Method)
	-  waiting on java.util.concurrent.locks.AbstractQueuedSynchronizer$ConditionObject@5824a83d
	at java.base@11.0.19/java.util.concurrent.locks.LockSupport.park(LockSupport.java:194)
	at java.base@11.0.19/java.util.concurrent.locks.AbstractQueuedSynchronizer$ConditionObject.await(AbstractQueuedSynchronizer.java:2081)
	at java.base@11.0.19/java.util.concurrent.LinkedBlockingQueue.take(LinkedBlockingQueue.java:433)
	at java.base@11.0.19/java.util.concurrent.ThreadPoolExecutor.getTask(ThreadPoolExecutor.java:1054)
	at java.base@11.0.19/java.util.concurrent.ThreadPoolExecutor.runWorker(ThreadPoolExecutor.java:1114)
	at java.base@11.0.19/java.util.concurrent.ThreadPoolExecutor$Worker.run(ThreadPoolExecutor.java:628)
	at java.base@11.0.19/java.lang.Thread.run(Thread.java:829)


"s2-DataStreamManagement-write--thread10" daemon prio=5 Id=1026 WAITING on java.util.concurrent.locks.AbstractQueuedSynchronizer$ConditionObject@5824a83d
	at java.base@11.0.19/jdk.internal.misc.Unsafe.park(Native Method)
	-  waiting on java.util.concurrent.locks.AbstractQueuedSynchronizer$ConditionObject@5824a83d
	at java.base@11.0.19/java.util.concurrent.locks.LockSupport.park(LockSupport.java:194)
	at java.base@11.0.19/java.util.concurrent.locks.AbstractQueuedSynchronizer$ConditionObject.await(AbstractQueuedSynchronizer.java:2081)
	at java.base@11.0.19/java.util.concurrent.LinkedBlockingQueue.take(LinkedBlockingQueue.java:433)
	at java.base@11.0.19/java.util.concurrent.ThreadPoolExecutor.getTask(ThreadPoolExecutor.java:1054)
	at java.base@11.0.19/java.util.concurrent.ThreadPoolExecutor.runWorker(ThreadPoolExecutor.java:1114)
	at java.base@11.0.19/java.util.concurrent.ThreadPoolExecutor$Worker.run(ThreadPoolExecutor.java:628)
	at java.base@11.0.19/java.lang.Thread.run(Thread.java:829)


"s1-DataStreamManagement-write--thread12" daemon prio=5 Id=1024 WAITING on java.util.concurrent.locks.AbstractQueuedSynchronizer$ConditionObject@7b36aa0c
	at java.base@11.0.19/jdk.internal.misc.Unsafe.park(Native Method)
	-  waiting on java.util.concurrent.locks.AbstractQueuedSynchronizer$ConditionObject@7b36aa0c
	at java.base@11.0.19/java.util.concurrent.locks.LockSupport.park(LockSupport.java:194)
	at java.base@11.0.19/java.util.concurrent.locks.AbstractQueuedSynchronizer$ConditionObject.await(AbstractQueuedSynchronizer.java:2081)
	at java.base@11.0.19/java.util.concurrent.LinkedBlockingQueue.take(LinkedBlockingQueue.java:433)
	at java.base@11.0.19/java.util.concurrent.ThreadPoolExecutor.getTask(ThreadPoolExecutor.java:1054)
	at java.base@11.0.19/java.util.concurrent.ThreadPoolExecutor.runWorker(ThreadPoolExecutor.java:1114)
	at java.base@11.0.19/java.util.concurrent.ThreadPoolExecutor$Worker.run(ThreadPoolExecutor.java:628)
	at java.base@11.0.19/java.lang.Thread.run(Thread.java:829)


"s1-DataStreamManagement-write--thread13" daemon prio=5 Id=1031 WAITING on java.util.concurrent.locks.AbstractQueuedSynchronizer$ConditionObject@7b36aa0c
	at java.base@11.0.19/jdk.internal.misc.Unsafe.park(Native Method)
	-  waiting on java.util.concurrent.locks.AbstractQueuedSynchronizer$ConditionObject@7b36aa0c
	at java.base@11.0.19/java.util.concurrent.locks.LockSupport.park(LockSupport.java:194)
	at java.base@11.0.19/java.util.concurrent.locks.AbstractQueuedSynchronizer$ConditionObject.await(AbstractQueuedSynchronizer.java:2081)
	at java.base@11.0.19/java.util.concurrent.LinkedBlockingQueue.take(LinkedBlockingQueue.java:433)
	at java.base@11.0.19/java.util.concurrent.ThreadPoolExecutor.getTask(ThreadPoolExecutor.java:1054)
	at java.base@11.0.19/java.util.concurrent.ThreadPoolExecutor.runWorker(ThreadPoolExecutor.java:1114)
	at java.base@11.0.19/java.util.concurrent.ThreadPoolExecutor$Worker.run(ThreadPoolExecutor.java:628)
	at java.base@11.0.19/java.lang.Thread.run(Thread.java:829)


"NettyClientStreamRpc-workerGroup--thread1" daemon prio=5 Id=1023 RUNNABLE (in native)
	at java.base@11.0.19/sun.nio.ch.EPoll.wait(Native Method)
	at java.base@11.0.19/sun.nio.ch.EPollSelectorImpl.doSelect(EPollSelectorImpl.java:120)
	at java.base@11.0.19/sun.nio.ch.SelectorImpl.lockAndDoSelect(SelectorImpl.java:124)
	-  locked org.apache.ratis.thirdparty.io.netty.channel.nio.SelectedSelectionKeySet@4686afc2
	-  locked sun.nio.ch.EPollSelectorImpl@1e0b4072
	at java.base@11.0.19/sun.nio.ch.SelectorImpl.select(SelectorImpl.java:141)
	at app//org.apache.ratis.thirdparty.io.netty.channel.nio.SelectedSelectionKeySetSelector.select(SelectedSelectionKeySetSelector.java:68)
	at app//org.apache.ratis.thirdparty.io.netty.channel.nio.NioEventLoop.select(NioEventLoop.java:879)
	at app//org.apache.ratis.thirdparty.io.netty.channel.nio.NioEventLoop.run(NioEventLoop.java:526)
	at app//org.apache.ratis.thirdparty.io.netty.util.concurrent.SingleThreadEventExecutor$4.run(SingleThreadEventExecutor.java:997)
	...


"s1-DataStreamManagement-write--thread11" daemon prio=5 Id=1022 WAITING on java.util.concurrent.locks.AbstractQueuedSynchronizer$ConditionObject@7b36aa0c
	at java.base@11.0.19/jdk.internal.misc.Unsafe.park(Native Method)
	-  waiting on java.util.concurrent.locks.AbstractQueuedSynchronizer$ConditionObject@7b36aa0c
	at java.base@11.0.19/java.util.concurrent.locks.LockSupport.park(LockSupport.java:194)
	at java.base@11.0.19/java.util.concurrent.locks.AbstractQueuedSynchronizer$ConditionObject.await(AbstractQueuedSynchronizer.java:2081)
	at java.base@11.0.19/java.util.concurrent.LinkedBlockingQueue.take(LinkedBlockingQueue.java:433)
	at java.base@11.0.19/java.util.concurrent.ThreadPoolExecutor.getTask(ThreadPoolExecutor.java:1054)
	at java.base@11.0.19/java.util.concurrent.ThreadPoolExecutor.runWorker(ThreadPoolExecutor.java:1114)
	at java.base@11.0.19/java.util.concurrent.ThreadPoolExecutor$Worker.run(ThreadPoolExecutor.java:628)
	at java.base@11.0.19/java.lang.Thread.run(Thread.java:829)


"s2-DataStreamManagement-write--thread8" daemon prio=5 Id=1021 WAITING on java.util.concurrent.locks.AbstractQueuedSynchronizer$ConditionObject@5824a83d
	at java.base@11.0.19/jdk.internal.misc.Unsafe.park(Native Method)
	-  waiting on java.util.concurrent.locks.AbstractQueuedSynchronizer$ConditionObject@5824a83d
	at java.base@11.0.19/java.util.concurrent.locks.LockSupport.park(LockSupport.java:194)
	at java.base@11.0.19/java.util.concurrent.locks.AbstractQueuedSynchronizer$ConditionObject.await(AbstractQueuedSynchronizer.java:2081)
	at java.base@11.0.19/java.util.concurrent.LinkedBlockingQueue.take(LinkedBlockingQueue.java:433)
	at java.base@11.0.19/java.util.concurrent.ThreadPoolExecutor.getTask(ThreadPoolExecutor.java:1054)
	at java.base@11.0.19/java.util.concurrent.ThreadPoolExecutor.runWorker(ThreadPoolExecutor.java:1114)
	at java.base@11.0.19/java.util.concurrent.ThreadPoolExecutor$Worker.run(ThreadPoolExecutor.java:628)
	at java.base@11.0.19/java.lang.Thread.run(Thread.java:829)


"s1-DataStreamManagement-write--thread16" daemon prio=5 Id=1036 WAITING on java.util.concurrent.locks.AbstractQueuedSynchronizer$ConditionObject@7b36aa0c
	at java.base@11.0.19/jdk.internal.misc.Unsafe.park(Native Method)
	-  waiting on java.util.concurrent.locks.AbstractQueuedSynchronizer$ConditionObject@7b36aa0c
	at java.base@11.0.19/java.util.concurrent.locks.LockSupport.park(LockSupport.java:194)
	at java.base@11.0.19/java.util.concurrent.locks.AbstractQueuedSynchronizer$ConditionObject.await(AbstractQueuedSynchronizer.java:2081)
	at java.base@11.0.19/java.util.concurrent.LinkedBlockingQueue.take(LinkedBlockingQueue.java:433)
	at java.base@11.0.19/java.util.concurrent.ThreadPoolExecutor.getTask(ThreadPoolExecutor.java:1054)
	at java.base@11.0.19/java.util.concurrent.ThreadPoolExecutor.runWorker(ThreadPoolExecutor.java:1114)
	at java.base@11.0.19/java.util.concurrent.ThreadPoolExecutor$Worker.run(ThreadPoolExecutor.java:628)
	at java.base@11.0.19/java.lang.Thread.run(Thread.java:829)


"s1-DataStreamManagement-write--thread15" daemon prio=5 Id=1035 WAITING on java.util.concurrent.locks.AbstractQueuedSynchronizer$ConditionObject@7b36aa0c
	at java.base@11.0.19/jdk.internal.misc.Unsafe.park(Native Method)
	-  waiting on java.util.concurrent.locks.AbstractQueuedSynchronizer$ConditionObject@7b36aa0c
	at java.base@11.0.19/java.util.concurrent.locks.LockSupport.park(LockSupport.java:194)
	at java.base@11.0.19/java.util.concurrent.locks.AbstractQueuedSynchronizer$ConditionObject.await(AbstractQueuedSynchronizer.java:2081)
	at java.base@11.0.19/java.util.concurrent.LinkedBlockingQueue.take(LinkedBlockingQueue.java:433)
	at java.base@11.0.19/java.util.concurrent.ThreadPoolExecutor.getTask(ThreadPoolExecutor.java:1054)
	at java.base@11.0.19/java.util.concurrent.ThreadPoolExecutor.runWorker(ThreadPoolExecutor.java:1114)
	at java.base@11.0.19/java.util.concurrent.ThreadPoolExecutor$Worker.run(ThreadPoolExecutor.java:628)
	at java.base@11.0.19/java.lang.Thread.run(Thread.java:829)


"NettyClientStreamRpc-workerGroup--thread1" daemon prio=5 Id=1034 RUNNABLE (in native)
	at java.base@11.0.19/sun.nio.ch.EPoll.wait(Native Method)
	at java.base@11.0.19/sun.nio.ch.EPollSelectorImpl.doSelect(EPollSelectorImpl.java:120)
	at java.base@11.0.19/sun.nio.ch.SelectorImpl.lockAndDoSelect(SelectorImpl.java:124)
	-  locked org.apache.ratis.thirdparty.io.netty.channel.nio.SelectedSelectionKeySet@791f145a
	-  locked sun.nio.ch.EPollSelectorImpl@38cee291
	at java.base@11.0.19/sun.nio.ch.SelectorImpl.select(SelectorImpl.java:141)
	at app//org.apache.ratis.thirdparty.io.netty.channel.nio.SelectedSelectionKeySetSelector.select(SelectedSelectionKeySetSelector.java:68)
	at app//org.apache.ratis.thirdparty.io.netty.channel.nio.NioEventLoop.select(NioEventLoop.java:879)
	at app//org.apache.ratis.thirdparty.io.netty.channel.nio.NioEventLoop.run(NioEventLoop.java:526)
	at app//org.apache.ratis.thirdparty.io.netty.util.concurrent.SingleThreadEventExecutor$4.run(SingleThreadEventExecutor.java:997)
	...


"s1-DataStreamManagement-write--thread14" daemon prio=5 Id=1033 WAITING on java.util.concurrent.locks.AbstractQueuedSynchronizer$ConditionObject@7b36aa0c
	at java.base@11.0.19/jdk.internal.misc.Unsafe.park(Native Method)
	-  waiting on java.util.concurrent.locks.AbstractQueuedSynchronizer$ConditionObject@7b36aa0c
	at java.base@11.0.19/java.util.concurrent.locks.LockSupport.park(LockSupport.java:194)
	at java.base@11.0.19/java.util.concurrent.locks.AbstractQueuedSynchronizer$ConditionObject.await(AbstractQueuedSynchronizer.java:2081)
	at java.base@11.0.19/java.util.concurrent.LinkedBlockingQueue.take(LinkedBlockingQueue.java:433)
	at java.base@11.0.19/java.util.concurrent.ThreadPoolExecutor.getTask(ThreadPoolExecutor.java:1054)
	at java.base@11.0.19/java.util.concurrent.ThreadPoolExecutor.runWorker(ThreadPoolExecutor.java:1114)
	at java.base@11.0.19/java.util.concurrent.ThreadPoolExecutor$Worker.run(ThreadPoolExecutor.java:628)
	at java.base@11.0.19/java.lang.Thread.run(Thread.java:829)


"NettyClientStreamRpc-workerGroup--thread1" daemon prio=5 Id=1032 RUNNABLE (in native)
	at java.base@11.0.19/sun.nio.ch.EPoll.wait(Native Method)
	at java.base@11.0.19/sun.nio.ch.EPollSelectorImpl.doSelect(EPollSelectorImpl.java:120)
	at java.base@11.0.19/sun.nio.ch.SelectorImpl.lockAndDoSelect(SelectorImpl.java:124)
	-  locked org.apache.ratis.thirdparty.io.netty.channel.nio.SelectedSelectionKeySet@4b45a2f5
	-  locked sun.nio.ch.EPollSelectorImpl@f09733f
	at java.base@11.0.19/sun.nio.ch.SelectorImpl.select(SelectorImpl.java:141)
	at app//org.apache.ratis.thirdparty.io.netty.channel.nio.SelectedSelectionKeySetSelector.select(SelectedSelectionKeySetSelector.java:68)
	at app//org.apache.ratis.thirdparty.io.netty.channel.nio.NioEventLoop.select(NioEventLoop.java:879)
	at app//org.apache.ratis.thirdparty.io.netty.channel.nio.NioEventLoop.run(NioEventLoop.java:526)
	at app//org.apache.ratis.thirdparty.io.netty.util.concurrent.SingleThreadEventExecutor$4.run(SingleThreadEventExecutor.java:997)
	...


"s2-DataStreamManagement-write--thread14" daemon prio=5 Id=1030 WAITING on java.util.concurrent.locks.AbstractQueuedSynchronizer$ConditionObject@5824a83d
	at java.base@11.0.19/jdk.internal.misc.Unsafe.park(Native Method)
	-  waiting on java.util.concurrent.locks.AbstractQueuedSynchronizer$ConditionObject@5824a83d
	at java.base@11.0.19/java.util.concurrent.locks.LockSupport.park(LockSupport.java:194)
	at java.base@11.0.19/java.util.concurrent.locks.AbstractQueuedSynchronizer$ConditionObject.await(AbstractQueuedSynchronizer.java:2081)
	at java.base@11.0.19/java.util.concurrent.LinkedBlockingQueue.take(LinkedBlockingQueue.java:433)
	at java.base@11.0.19/java.util.concurrent.ThreadPoolExecutor.getTask(ThreadPoolExecutor.java:1054)
	at java.base@11.0.19/java.util.concurrent.ThreadPoolExecutor.runWorker(ThreadPoolExecutor.java:1114)
	at java.base@11.0.19/java.util.concurrent.ThreadPoolExecutor$Worker.run(ThreadPoolExecutor.java:628)
	at java.base@11.0.19/java.lang.Thread.run(Thread.java:829)


"s2-DataStreamManagement-write--thread16" daemon prio=5 Id=1039 WAITING on java.util.concurrent.locks.AbstractQueuedSynchronizer$ConditionObject@5824a83d
	at java.base@11.0.19/jdk.internal.misc.Unsafe.park(Native Method)
	-  waiting on java.util.concurrent.locks.AbstractQueuedSynchronizer$ConditionObject@5824a83d
	at java.base@11.0.19/java.util.concurrent.locks.LockSupport.park(LockSupport.java:194)
	at java.base@11.0.19/java.util.concurrent.locks.AbstractQueuedSynchronizer$ConditionObject.await(AbstractQueuedSynchronizer.java:2081)
	at java.base@11.0.19/java.util.concurrent.LinkedBlockingQueue.take(LinkedBlockingQueue.java:433)
	at java.base@11.0.19/java.util.concurrent.ThreadPoolExecutor.getTask(ThreadPoolExecutor.java:1054)
	at java.base@11.0.19/java.util.concurrent.ThreadPoolExecutor.runWorker(ThreadPoolExecutor.java:1114)
	at java.base@11.0.19/java.util.concurrent.ThreadPoolExecutor$Worker.run(ThreadPoolExecutor.java:628)
	at java.base@11.0.19/java.lang.Thread.run(Thread.java:829)


"NettyClientStreamRpc-workerGroup--thread1" daemon prio=5 Id=1038 RUNNABLE (in native)
	at java.base@11.0.19/sun.nio.ch.EPoll.wait(Native Method)
	at java.base@11.0.19/sun.nio.ch.EPollSelectorImpl.doSelect(EPollSelectorImpl.java:120)
	at java.base@11.0.19/sun.nio.ch.SelectorImpl.lockAndDoSelect(SelectorImpl.java:124)
	-  locked org.apache.ratis.thirdparty.io.netty.channel.nio.SelectedSelectionKeySet@e350b40
	-  locked sun.nio.ch.EPollSelectorImpl@41a0aa7d
	at java.base@11.0.19/sun.nio.ch.SelectorImpl.select(SelectorImpl.java:141)
	at app//org.apache.ratis.thirdparty.io.netty.channel.nio.SelectedSelectionKeySetSelector.select(SelectedSelectionKeySetSelector.java:68)
	at app//org.apache.ratis.thirdparty.io.netty.channel.nio.NioEventLoop.select(NioEventLoop.java:879)
	at app//org.apache.ratis.thirdparty.io.netty.channel.nio.NioEventLoop.run(NioEventLoop.java:526)
	at app//org.apache.ratis.thirdparty.io.netty.util.concurrent.SingleThreadEventExecutor$4.run(SingleThreadEventExecutor.java:997)
	...


"s2-DataStreamManagement-write--thread15" daemon prio=5 Id=1037 WAITING on java.util.concurrent.locks.AbstractQueuedSynchronizer$ConditionObject@5824a83d
	at java.base@11.0.19/jdk.internal.misc.Unsafe.park(Native Method)
	-  waiting on java.util.concurrent.locks.AbstractQueuedSynchronizer$ConditionObject@5824a83d
	at java.base@11.0.19/java.util.concurrent.locks.LockSupport.park(LockSupport.java:194)
	at java.base@11.0.19/java.util.concurrent.locks.AbstractQueuedSynchronizer$ConditionObject.await(AbstractQueuedSynchronizer.java:2081)
	at java.base@11.0.19/java.util.concurrent.LinkedBlockingQueue.take(LinkedBlockingQueue.java:433)
	at java.base@11.0.19/java.util.concurrent.ThreadPoolExecutor.getTask(ThreadPoolExecutor.java:1054)
	at java.base@11.0.19/java.util.concurrent.ThreadPoolExecutor.runWorker(ThreadPoolExecutor.java:1114)
	at java.base@11.0.19/java.util.concurrent.ThreadPoolExecutor$Worker.run(ThreadPoolExecutor.java:628)
	at java.base@11.0.19/java.lang.Thread.run(Thread.java:829)


"NettyClientStreamRpc-workerGroup--thread1" daemon prio=5 Id=1041 RUNNABLE (in native)
	at java.base@11.0.19/sun.nio.ch.EPoll.wait(Native Method)
	at java.base@11.0.19/sun.nio.ch.EPollSelectorImpl.doSelect(EPollSelectorImpl.java:120)
	at java.base@11.0.19/sun.nio.ch.SelectorImpl.lockAndDoSelect(SelectorImpl.java:124)
	-  locked org.apache.ratis.thirdparty.io.netty.channel.nio.SelectedSelectionKeySet@2794eab6
	-  locked sun.nio.ch.EPollSelectorImpl@6340e5f0
	at java.base@11.0.19/sun.nio.ch.SelectorImpl.select(SelectorImpl.java:141)
	at app//org.apache.ratis.thirdparty.io.netty.channel.nio.SelectedSelectionKeySetSelector.select(SelectedSelectionKeySetSelector.java:68)
	at app//org.apache.ratis.thirdparty.io.netty.channel.nio.NioEventLoop.select(NioEventLoop.java:879)
	at app//org.apache.ratis.thirdparty.io.netty.channel.nio.NioEventLoop.run(NioEventLoop.java:526)
	at app//org.apache.ratis.thirdparty.io.netty.util.concurrent.SingleThreadEventExecutor$4.run(SingleThreadEventExecutor.java:997)
	...


"NettyClientStreamRpc-workerGroup--thread1" daemon prio=5 Id=1040 RUNNABLE (in native)
	at java.base@11.0.19/sun.nio.ch.EPoll.wait(Native Method)
	at java.base@11.0.19/sun.nio.ch.EPollSelectorImpl.doSelect(EPollSelectorImpl.java:120)
	at java.base@11.0.19/sun.nio.ch.SelectorImpl.lockAndDoSelect(SelectorImpl.java:124)
	-  locked org.apache.ratis.thirdparty.io.netty.channel.nio.SelectedSelectionKeySet@45099dd3
	-  locked sun.nio.ch.EPollSelectorImpl@13e344d
	at java.base@11.0.19/sun.nio.ch.SelectorImpl.select(SelectorImpl.java:141)
	at app//org.apache.ratis.thirdparty.io.netty.channel.nio.SelectedSelectionKeySetSelector.select(SelectedSelectionKeySetSelector.java:68)
	at app//org.apache.ratis.thirdparty.io.netty.channel.nio.NioEventLoop.select(NioEventLoop.java:879)
	at app//org.apache.ratis.thirdparty.io.netty.channel.nio.NioEventLoop.run(NioEventLoop.java:526)
	at app//org.apache.ratis.thirdparty.io.netty.util.concurrent.SingleThreadEventExecutor$4.run(SingleThreadEventExecutor.java:997)
	...


"NettyClientStreamRpc-workerGroup--thread1" daemon prio=5 Id=1044 RUNNABLE (in native)
	at java.base@11.0.19/sun.nio.ch.EPoll.wait(Native Method)
	at java.base@11.0.19/sun.nio.ch.EPollSelectorImpl.doSelect(EPollSelectorImpl.java:120)
	at java.base@11.0.19/sun.nio.ch.SelectorImpl.lockAndDoSelect(SelectorImpl.java:124)
	-  locked org.apache.ratis.thirdparty.io.netty.channel.nio.SelectedSelectionKeySet@1ffaf86
	-  locked sun.nio.ch.EPollSelectorImpl@6574a52c
	at java.base@11.0.19/sun.nio.ch.SelectorImpl.select(SelectorImpl.java:141)
	at app//org.apache.ratis.thirdparty.io.netty.channel.nio.SelectedSelectionKeySetSelector.select(SelectedSelectionKeySetSelector.java:68)
	at app//org.apache.ratis.thirdparty.io.netty.channel.nio.NioEventLoop.select(NioEventLoop.java:879)
	at app//org.apache.ratis.thirdparty.io.netty.channel.nio.NioEventLoop.run(NioEventLoop.java:526)
	at app//org.apache.ratis.thirdparty.io.netty.util.concurrent.SingleThreadEventExecutor$4.run(SingleThreadEventExecutor.java:997)
	...


"null-request--thread1" daemon prio=5 Id=1047 TIMED_WAITING on java.util.concurrent.locks.AbstractQueuedSynchronizer$ConditionObject@6c1a5b54
	at java.base@11.0.19/jdk.internal.misc.Unsafe.park(Native Method)
	-  waiting on java.util.concurrent.locks.AbstractQueuedSynchronizer$ConditionObject@6c1a5b54
	at java.base@11.0.19/java.util.concurrent.locks.LockSupport.parkNanos(LockSupport.java:234)
	at java.base@11.0.19/java.util.concurrent.locks.AbstractQueuedSynchronizer$ConditionObject.awaitNanos(AbstractQueuedSynchronizer.java:2123)
	at java.base@11.0.19/java.util.concurrent.LinkedBlockingQueue.poll(LinkedBlockingQueue.java:458)
	at java.base@11.0.19/java.util.concurrent.ThreadPoolExecutor.getTask(ThreadPoolExecutor.java:1053)
	at java.base@11.0.19/java.util.concurrent.ThreadPoolExecutor.runWorker(ThreadPoolExecutor.java:1114)
	at java.base@11.0.19/java.util.concurrent.ThreadPoolExecutor$Worker.run(ThreadPoolExecutor.java:628)
	at java.base@11.0.19/java.lang.Thread.run(Thread.java:829)


"NettyClientStreamRpc-workerGroup--thread1" daemon prio=5 Id=1045 RUNNABLE (in native)
	at java.base@11.0.19/sun.nio.ch.EPoll.wait(Native Method)
	at java.base@11.0.19/sun.nio.ch.EPollSelectorImpl.doSelect(EPollSelectorImpl.java:120)
	at java.base@11.0.19/sun.nio.ch.SelectorImpl.lockAndDoSelect(SelectorImpl.java:124)
	-  locked org.apache.ratis.thirdparty.io.netty.channel.nio.SelectedSelectionKeySet@1c7696c6
	-  locked sun.nio.ch.EPollSelectorImpl@60099951
	at java.base@11.0.19/sun.nio.ch.SelectorImpl.select(SelectorImpl.java:141)
	at app//org.apache.ratis.thirdparty.io.netty.channel.nio.SelectedSelectionKeySetSelector.select(SelectedSelectionKeySetSelector.java:68)
	at app//org.apache.ratis.thirdparty.io.netty.channel.nio.NioEventLoop.select(NioEventLoop.java:879)
	at app//org.apache.ratis.thirdparty.io.netty.channel.nio.NioEventLoop.run(NioEventLoop.java:526)
	at app//org.apache.ratis.thirdparty.io.netty.util.concurrent.SingleThreadEventExecutor$4.run(SingleThreadEventExecutor.java:997)
	...


"NettyClientStreamRpc-workerGroup--thread1" daemon prio=5 Id=1048 RUNNABLE (in native)
	at java.base@11.0.19/sun.nio.ch.EPoll.wait(Native Method)
	at java.base@11.0.19/sun.nio.ch.EPollSelectorImpl.doSelect(EPollSelectorImpl.java:120)
	at java.base@11.0.19/sun.nio.ch.SelectorImpl.lockAndDoSelect(SelectorImpl.java:124)
	-  locked org.apache.ratis.thirdparty.io.netty.channel.nio.SelectedSelectionKeySet@20140db9
	-  locked sun.nio.ch.EPollSelectorImpl@1e6a3214
	at java.base@11.0.19/sun.nio.ch.SelectorImpl.select(SelectorImpl.java:141)
	at app//org.apache.ratis.thirdparty.io.netty.channel.nio.SelectedSelectionKeySetSelector.select(SelectedSelectionKeySetSelector.java:68)
	at app//org.apache.ratis.thirdparty.io.netty.channel.nio.NioEventLoop.select(NioEventLoop.java:879)
	at app//org.apache.ratis.thirdparty.io.netty.channel.nio.NioEventLoop.run(NioEventLoop.java:526)
	at app//org.apache.ratis.thirdparty.io.netty.util.concurrent.SingleThreadEventExecutor$4.run(SingleThreadEventExecutor.java:997)
	...


"NettyClientStreamRpc-workerGroup--thread1" daemon prio=5 Id=1049 RUNNABLE (in native)
	at java.base@11.0.19/sun.nio.ch.EPoll.wait(Native Method)
	at java.base@11.0.19/sun.nio.ch.EPollSelectorImpl.doSelect(EPollSelectorImpl.java:120)
	at java.base@11.0.19/sun.nio.ch.SelectorImpl.lockAndDoSelect(SelectorImpl.java:124)
	-  locked org.apache.ratis.thirdparty.io.netty.channel.nio.SelectedSelectionKeySet@368247b9
	-  locked sun.nio.ch.EPollSelectorImpl@1a6d8329
	at java.base@11.0.19/sun.nio.ch.SelectorImpl.select(SelectorImpl.java:141)
	at app//org.apache.ratis.thirdparty.io.netty.channel.nio.SelectedSelectionKeySetSelector.select(SelectedSelectionKeySetSelector.java:68)
	at app//org.apache.ratis.thirdparty.io.netty.channel.nio.NioEventLoop.select(NioEventLoop.java:879)
	at app//org.apache.ratis.thirdparty.io.netty.channel.nio.NioEventLoop.run(NioEventLoop.java:526)
	at app//org.apache.ratis.thirdparty.io.netty.util.concurrent.SingleThreadEventExecutor$4.run(SingleThreadEventExecutor.java:997)
	...


"NettyClientStreamRpc-workerGroup--thread1" daemon prio=5 Id=1051 RUNNABLE (in native)
	at java.base@11.0.19/sun.nio.ch.EPoll.wait(Native Method)
	at java.base@11.0.19/sun.nio.ch.EPollSelectorImpl.doSelect(EPollSelectorImpl.java:120)
	at java.base@11.0.19/sun.nio.ch.SelectorImpl.lockAndDoSelect(SelectorImpl.java:124)
	-  locked org.apache.ratis.thirdparty.io.netty.channel.nio.SelectedSelectionKeySet@1a942c18
	-  locked sun.nio.ch.EPollSelectorImpl@55a147cc
	at java.base@11.0.19/sun.nio.ch.SelectorImpl.select(SelectorImpl.java:141)
	at app//org.apache.ratis.thirdparty.io.netty.channel.nio.SelectedSelectionKeySetSelector.select(SelectedSelectionKeySetSelector.java:68)
	at app//org.apache.ratis.thirdparty.io.netty.channel.nio.NioEventLoop.select(NioEventLoop.java:879)
	at app//org.apache.ratis.thirdparty.io.netty.channel.nio.NioEventLoop.run(NioEventLoop.java:526)
	at app//org.apache.ratis.thirdparty.io.netty.util.concurrent.SingleThreadEventExecutor$4.run(SingleThreadEventExecutor.java:997)
	...


"NettyClientStreamRpc-workerGroup--thread1" daemon prio=5 Id=1052 RUNNABLE (in native)
	at java.base@11.0.19/sun.nio.ch.EPoll.wait(Native Method)
	at java.base@11.0.19/sun.nio.ch.EPollSelectorImpl.doSelect(EPollSelectorImpl.java:120)
	at java.base@11.0.19/sun.nio.ch.SelectorImpl.lockAndDoSelect(SelectorImpl.java:124)
	-  locked org.apache.ratis.thirdparty.io.netty.channel.nio.SelectedSelectionKeySet@71ba6d4e
	-  locked sun.nio.ch.EPollSelectorImpl@738dc9b
	at java.base@11.0.19/sun.nio.ch.SelectorImpl.select(SelectorImpl.java:141)
	at app//org.apache.ratis.thirdparty.io.netty.channel.nio.SelectedSelectionKeySetSelector.select(SelectedSelectionKeySetSelector.java:68)
	at app//org.apache.ratis.thirdparty.io.netty.channel.nio.NioEventLoop.select(NioEventLoop.java:879)
	at app//org.apache.ratis.thirdparty.io.netty.channel.nio.NioEventLoop.run(NioEventLoop.java:526)
	at app//org.apache.ratis.thirdparty.io.netty.util.concurrent.SingleThreadEventExecutor$4.run(SingleThreadEventExecutor.java:997)
	...


"NettyClientStreamRpc-workerGroup--thread1" daemon prio=5 Id=1053 RUNNABLE (in native)
	at java.base@11.0.19/sun.nio.ch.EPoll.wait(Native Method)
	at java.base@11.0.19/sun.nio.ch.EPollSelectorImpl.doSelect(EPollSelectorImpl.java:120)
	at java.base@11.0.19/sun.nio.ch.SelectorImpl.lockAndDoSelect(SelectorImpl.java:124)
	-  locked org.apache.ratis.thirdparty.io.netty.channel.nio.SelectedSelectionKeySet@3c77d488
	-  locked sun.nio.ch.EPollSelectorImpl@63376bed
	at java.base@11.0.19/sun.nio.ch.SelectorImpl.select(SelectorImpl.java:141)
	at app//org.apache.ratis.thirdparty.io.netty.channel.nio.SelectedSelectionKeySetSelector.select(SelectedSelectionKeySetSelector.java:68)
	at app//org.apache.ratis.thirdparty.io.netty.channel.nio.NioEventLoop.select(NioEventLoop.java:879)
	at app//org.apache.ratis.thirdparty.io.netty.channel.nio.NioEventLoop.run(NioEventLoop.java:526)
	at app//org.apache.ratis.thirdparty.io.netty.util.concurrent.SingleThreadEventExecutor$4.run(SingleThreadEventExecutor.java:997)
	...


"NettyClientStreamRpc-workerGroup--thread1" daemon prio=5 Id=1054 RUNNABLE (in native)
	at java.base@11.0.19/sun.nio.ch.EPoll.wait(Native Method)
	at java.base@11.0.19/sun.nio.ch.EPollSelectorImpl.doSelect(EPollSelectorImpl.java:120)
	at java.base@11.0.19/sun.nio.ch.SelectorImpl.lockAndDoSelect(SelectorImpl.java:124)
	-  locked org.apache.ratis.thirdparty.io.netty.channel.nio.SelectedSelectionKeySet@4145bad8
	-  locked sun.nio.ch.EPollSelectorImpl@d86a6f
	at java.base@11.0.19/sun.nio.ch.SelectorImpl.select(SelectorImpl.java:141)
	at app//org.apache.ratis.thirdparty.io.netty.channel.nio.SelectedSelectionKeySetSelector.select(SelectedSelectionKeySetSelector.java:68)
	at app//org.apache.ratis.thirdparty.io.netty.channel.nio.NioEventLoop.select(NioEventLoop.java:879)
	at app//org.apache.ratis.thirdparty.io.netty.channel.nio.NioEventLoop.run(NioEventLoop.java:526)
	at app//org.apache.ratis.thirdparty.io.netty.util.concurrent.SingleThreadEventExecutor$4.run(SingleThreadEventExecutor.java:997)
	...


"NettyClientStreamRpc-workerGroup--thread1" daemon prio=5 Id=1055 RUNNABLE (in native)
	at java.base@11.0.19/sun.nio.ch.EPoll.wait(Native Method)
	at java.base@11.0.19/sun.nio.ch.EPollSelectorImpl.doSelect(EPollSelectorImpl.java:120)
	at java.base@11.0.19/sun.nio.ch.SelectorImpl.lockAndDoSelect(SelectorImpl.java:124)
	-  locked org.apache.ratis.thirdparty.io.netty.channel.nio.SelectedSelectionKeySet@2892d68
	-  locked sun.nio.ch.EPollSelectorImpl@5ab956d7
	at java.base@11.0.19/sun.nio.ch.SelectorImpl.select(SelectorImpl.java:141)
	at app//org.apache.ratis.thirdparty.io.netty.channel.nio.SelectedSelectionKeySetSelector.select(SelectedSelectionKeySetSelector.java:68)
	at app//org.apache.ratis.thirdparty.io.netty.channel.nio.NioEventLoop.select(NioEventLoop.java:879)
	at app//org.apache.ratis.thirdparty.io.netty.channel.nio.NioEventLoop.run(NioEventLoop.java:526)
	at app//org.apache.ratis.thirdparty.io.netty.util.concurrent.SingleThreadEventExecutor$4.run(SingleThreadEventExecutor.java:997)
	...


"NettyClientStreamRpc-workerGroup--thread1" daemon prio=5 Id=1056 RUNNABLE (in native)
	at java.base@11.0.19/sun.nio.ch.EPoll.wait(Native Method)
	at java.base@11.0.19/sun.nio.ch.EPollSelectorImpl.doSelect(EPollSelectorImpl.java:120)
	at java.base@11.0.19/sun.nio.ch.SelectorImpl.lockAndDoSelect(SelectorImpl.java:124)
	-  locked org.apache.ratis.thirdparty.io.netty.channel.nio.SelectedSelectionKeySet@3646a422
	-  locked sun.nio.ch.EPollSelectorImpl@750e2b97
	at java.base@11.0.19/sun.nio.ch.SelectorImpl.select(SelectorImpl.java:141)
	at app//org.apache.ratis.thirdparty.io.netty.channel.nio.SelectedSelectionKeySetSelector.select(SelectedSelectionKeySetSelector.java:68)
	at app//org.apache.ratis.thirdparty.io.netty.channel.nio.NioEventLoop.select(NioEventLoop.java:879)
	at app//org.apache.ratis.thirdparty.io.netty.channel.nio.NioEventLoop.run(NioEventLoop.java:526)
	at app//org.apache.ratis.thirdparty.io.netty.util.concurrent.SingleThreadEventExecutor$4.run(SingleThreadEventExecutor.java:997)
	...


"NettyClientStreamRpc-workerGroup--thread1" daemon prio=5 Id=1058 RUNNABLE (in native)
	at java.base@11.0.19/sun.nio.ch.EPoll.wait(Native Method)
	at java.base@11.0.19/sun.nio.ch.EPollSelectorImpl.doSelect(EPollSelectorImpl.java:120)
	at java.base@11.0.19/sun.nio.ch.SelectorImpl.lockAndDoSelect(SelectorImpl.java:124)
	-  locked org.apache.ratis.thirdparty.io.netty.channel.nio.SelectedSelectionKeySet@3e27aa33
	-  locked sun.nio.ch.EPollSelectorImpl@2e385cce
	at java.base@11.0.19/sun.nio.ch.SelectorImpl.select(SelectorImpl.java:141)
	at app//org.apache.ratis.thirdparty.io.netty.channel.nio.SelectedSelectionKeySetSelector.select(SelectedSelectionKeySetSelector.java:68)
	at app//org.apache.ratis.thirdparty.io.netty.channel.nio.NioEventLoop.select(NioEventLoop.java:879)
	at app//org.apache.ratis.thirdparty.io.netty.channel.nio.NioEventLoop.run(NioEventLoop.java:526)
	at app//org.apache.ratis.thirdparty.io.netty.util.concurrent.SingleThreadEventExecutor$4.run(SingleThreadEventExecutor.java:997)
	...


"s2-client-thread1" daemon prio=5 Id=1065 TIMED_WAITING on java.util.concurrent.SynchronousQueue$TransferStack@2ddc9a9f
	at java.base@11.0.19/jdk.internal.misc.Unsafe.park(Native Method)
	-  waiting on java.util.concurrent.SynchronousQueue$TransferStack@2ddc9a9f
	at java.base@11.0.19/java.util.concurrent.locks.LockSupport.parkNanos(LockSupport.java:234)
	at java.base@11.0.19/java.util.concurrent.SynchronousQueue$TransferStack.awaitFulfill(SynchronousQueue.java:462)
	at java.base@11.0.19/java.util.concurrent.SynchronousQueue$TransferStack.transfer(SynchronousQueue.java:361)
	at java.base@11.0.19/java.util.concurrent.SynchronousQueue.poll(SynchronousQueue.java:937)
	at java.base@11.0.19/java.util.concurrent.ThreadPoolExecutor.getTask(ThreadPoolExecutor.java:1053)
	at java.base@11.0.19/java.util.concurrent.ThreadPoolExecutor.runWorker(ThreadPoolExecutor.java:1114)
	at java.base@11.0.19/java.util.concurrent.ThreadPoolExecutor$Worker.run(ThreadPoolExecutor.java:628)
	...


"null-request--thread1" daemon prio=5 Id=1070 TIMED_WAITING on java.util.concurrent.locks.AbstractQueuedSynchronizer$ConditionObject@298a5e20
	at java.base@11.0.19/jdk.internal.misc.Unsafe.park(Native Method)
	-  waiting on java.util.concurrent.locks.AbstractQueuedSynchronizer$ConditionObject@298a5e20
	at java.base@11.0.19/java.util.concurrent.locks.LockSupport.parkNanos(LockSupport.java:234)
	at java.base@11.0.19/java.util.concurrent.locks.AbstractQueuedSynchronizer$ConditionObject.awaitNanos(AbstractQueuedSynchronizer.java:2123)
	at java.base@11.0.19/java.util.concurrent.LinkedBlockingQueue.poll(LinkedBlockingQueue.java:458)
	at java.base@11.0.19/java.util.concurrent.ThreadPoolExecutor.getTask(ThreadPoolExecutor.java:1053)
	at java.base@11.0.19/java.util.concurrent.ThreadPoolExecutor.runWorker(ThreadPoolExecutor.java:1114)
	at java.base@11.0.19/java.util.concurrent.ThreadPoolExecutor$Worker.run(ThreadPoolExecutor.java:628)
	at java.base@11.0.19/java.lang.Thread.run(Thread.java:829)


"grpc-default-executor-7" daemon prio=5 Id=1069 TIMED_WAITING on java.util.concurrent.SynchronousQueue$TransferStack@305b7c14
	at java.base@11.0.19/jdk.internal.misc.Unsafe.park(Native Method)
	-  waiting on java.util.concurrent.SynchronousQueue$TransferStack@305b7c14
	at java.base@11.0.19/java.util.concurrent.locks.LockSupport.parkNanos(LockSupport.java:234)
	at java.base@11.0.19/java.util.concurrent.SynchronousQueue$TransferStack.awaitFulfill(SynchronousQueue.java:462)
	at java.base@11.0.19/java.util.concurrent.SynchronousQueue$TransferStack.transfer(SynchronousQueue.java:361)
	at java.base@11.0.19/java.util.concurrent.SynchronousQueue.poll(SynchronousQueue.java:937)
	at java.base@11.0.19/java.util.concurrent.ThreadPoolExecutor.getTask(ThreadPoolExecutor.java:1053)
	at java.base@11.0.19/java.util.concurrent.ThreadPoolExecutor.runWorker(ThreadPoolExecutor.java:1114)
	at java.base@11.0.19/java.util.concurrent.ThreadPoolExecutor$Worker.run(ThreadPoolExecutor.java:628)
	...


"s2@group-C92E7B86EDFC-FollowerState" daemon prio=5 Id=1076 TIMED_WAITING
	at java.base@11.0.19/java.lang.Thread.sleep(Native Method)
	at java.base@11.0.19/java.lang.Thread.sleep(Thread.java:334)
	at java.base@11.0.19/java.util.concurrent.TimeUnit.sleep(TimeUnit.java:446)
	at app//org.apache.ratis.util.TimeDuration.sleep(TimeDuration.java:325)
	at app//org.apache.ratis.util.TimeDuration.sleep(TimeDuration.java:310)
	at app//org.apache.ratis.server.impl.FollowerState.run(FollowerState.java:128)


"s0@group-C92E7B86EDFC-FollowerState" daemon prio=5 Id=1079 TIMED_WAITING
	at java.base@11.0.19/java.lang.Thread.sleep(Native Method)
	at java.base@11.0.19/java.lang.Thread.sleep(Thread.java:334)
	at java.base@11.0.19/java.util.concurrent.TimeUnit.sleep(TimeUnit.java:446)
	at app//org.apache.ratis.util.TimeDuration.sleep(TimeDuration.java:325)
	at app//org.apache.ratis.util.TimeDuration.sleep(TimeDuration.java:310)
	at app//org.apache.ratis.server.impl.FollowerState.run(FollowerState.java:128)


"s1@group-C92E7B86EDFC-LeaderStateImpl" daemon prio=5 Id=1080 TIMED_WAITING on java.util.concurrent.locks.AbstractQueuedSynchronizer$ConditionObject@2a7f1f10
	at java.base@11.0.19/jdk.internal.misc.Unsafe.park(Native Method)
	-  waiting on java.util.concurrent.locks.AbstractQueuedSynchronizer$ConditionObject@2a7f1f10
	at java.base@11.0.19/java.util.concurrent.locks.LockSupport.parkNanos(LockSupport.java:234)
	at java.base@11.0.19/java.util.concurrent.locks.AbstractQueuedSynchronizer$ConditionObject.awaitNanos(AbstractQueuedSynchronizer.java:2123)
	at java.base@11.0.19/java.util.concurrent.ArrayBlockingQueue.poll(ArrayBlockingQueue.java:432)
	at app//org.apache.ratis.server.impl.LeaderStateImpl$EventQueue.poll(LeaderStateImpl.java:164)
	at app//org.apache.ratis.server.impl.LeaderStateImpl$EventProcessor.run(LeaderStateImpl.java:702)


"s1@group-C92E7B86EDFC->s0-GrpcLogAppender-LogAppenderDaemon" daemon prio=5 Id=1081 TIMED_WAITING on java.util.concurrent.locks.AbstractQueuedSynchronizer$ConditionObject@46cdf8bd
	at java.base@11.0.19/jdk.internal.misc.Unsafe.park(Native Method)
	-  waiting on java.util.concurrent.locks.AbstractQueuedSynchronizer$ConditionObject@46cdf8bd
	at java.base@11.0.19/java.util.concurrent.locks.LockSupport.parkNanos(LockSupport.java:234)
	at java.base@11.0.19/java.util.concurrent.locks.AbstractQueuedSynchronizer$ConditionObject.await(AbstractQueuedSynchronizer.java:2211)
	at app//org.apache.ratis.util.AwaitForSignal.await(AwaitForSignal.java:62)
	at app//org.apache.ratis.grpc.server.GrpcLogAppender.mayWait(GrpcLogAppender.java:203)
	at app//org.apache.ratis.grpc.server.GrpcLogAppender.run(GrpcLogAppender.java:154)
	at app//org.apache.ratis.server.leader.LogAppenderDaemon.run(LogAppenderDaemon.java:78)
	at app//org.apache.ratis.server.leader.LogAppenderDaemon$$Lambda$860/0x0000000100491840.run(Unknown Source)
	...


"s1@group-C92E7B86EDFC->s2-GrpcLogAppender-LogAppenderDaemon" daemon prio=5 Id=1082 TIMED_WAITING on java.util.concurrent.locks.AbstractQueuedSynchronizer$ConditionObject@f0c8a99
	at java.base@11.0.19/jdk.internal.misc.Unsafe.park(Native Method)
	-  waiting on java.util.concurrent.locks.AbstractQueuedSynchronizer$ConditionObject@f0c8a99
	at java.base@11.0.19/java.util.concurrent.locks.LockSupport.parkNanos(LockSupport.java:234)
	at java.base@11.0.19/java.util.concurrent.locks.AbstractQueuedSynchronizer$ConditionObject.await(AbstractQueuedSynchronizer.java:2211)
	at app//org.apache.ratis.util.AwaitForSignal.await(AwaitForSignal.java:62)
	at app//org.apache.ratis.grpc.server.GrpcLogAppender.mayWait(GrpcLogAppender.java:203)
	at app//org.apache.ratis.grpc.server.GrpcLogAppender.run(GrpcLogAppender.java:154)
	at app//org.apache.ratis.server.leader.LogAppenderDaemon.run(LogAppenderDaemon.java:78)
	at app//org.apache.ratis.server.leader.LogAppenderDaemon$$Lambda$860/0x0000000100491840.run(Unknown Source)
	...


"s0-server-thread1" daemon prio=5 Id=1083 TIMED_WAITING on java.util.concurrent.SynchronousQueue$TransferStack@740cae06
	at java.base@11.0.19/jdk.internal.misc.Unsafe.park(Native Method)
	-  waiting on java.util.concurrent.SynchronousQueue$TransferStack@740cae06
	at java.base@11.0.19/java.util.concurrent.locks.LockSupport.parkNanos(LockSupport.java:234)
	at java.base@11.0.19/java.util.concurrent.SynchronousQueue$TransferStack.awaitFulfill(SynchronousQueue.java:462)
	at java.base@11.0.19/java.util.concurrent.SynchronousQueue$TransferStack.transfer(SynchronousQueue.java:361)
	at java.base@11.0.19/java.util.concurrent.SynchronousQueue.poll(SynchronousQueue.java:937)
	at java.base@11.0.19/java.util.concurrent.ThreadPoolExecutor.getTask(ThreadPoolExecutor.java:1053)
	at java.base@11.0.19/java.util.concurrent.ThreadPoolExecutor.runWorker(ThreadPoolExecutor.java:1114)
	at java.base@11.0.19/java.util.concurrent.ThreadPoolExecutor$Worker.run(ThreadPoolExecutor.java:628)
	...


"s0-server-thread6" daemon prio=5 Id=1088 TIMED_WAITING on java.util.concurrent.SynchronousQueue$TransferStack@740cae06
	at java.base@11.0.19/jdk.internal.misc.Unsafe.park(Native Method)
	-  waiting on java.util.concurrent.SynchronousQueue$TransferStack@740cae06
	at java.base@11.0.19/java.util.concurrent.locks.LockSupport.parkNanos(LockSupport.java:234)
	at java.base@11.0.19/java.util.concurrent.SynchronousQueue$TransferStack.awaitFulfill(SynchronousQueue.java:462)
	at java.base@11.0.19/java.util.concurrent.SynchronousQueue$TransferStack.transfer(SynchronousQueue.java:361)
	at java.base@11.0.19/java.util.concurrent.SynchronousQueue.poll(SynchronousQueue.java:937)
	at java.base@11.0.19/java.util.concurrent.ThreadPoolExecutor.getTask(ThreadPoolExecutor.java:1053)
	at java.base@11.0.19/java.util.concurrent.ThreadPoolExecutor.runWorker(ThreadPoolExecutor.java:1114)
	at java.base@11.0.19/java.util.concurrent.ThreadPoolExecutor$Worker.run(ThreadPoolExecutor.java:628)
	...


"s2-server-thread3" daemon prio=5 Id=1090 TIMED_WAITING on java.util.concurrent.SynchronousQueue$TransferStack@5ba3f27a
	at java.base@11.0.19/jdk.internal.misc.Unsafe.park(Native Method)
	-  waiting on java.util.concurrent.SynchronousQueue$TransferStack@5ba3f27a
	at java.base@11.0.19/java.util.concurrent.locks.LockSupport.parkNanos(LockSupport.java:234)
	at java.base@11.0.19/java.util.concurrent.SynchronousQueue$TransferStack.awaitFulfill(SynchronousQueue.java:462)
	at java.base@11.0.19/java.util.concurrent.SynchronousQueue$TransferStack.transfer(SynchronousQueue.java:361)
	at java.base@11.0.19/java.util.concurrent.SynchronousQueue.poll(SynchronousQueue.java:937)
	at java.base@11.0.19/java.util.concurrent.ThreadPoolExecutor.getTask(ThreadPoolExecutor.java:1053)
	at java.base@11.0.19/java.util.concurrent.ThreadPoolExecutor.runWorker(ThreadPoolExecutor.java:1114)
	at java.base@11.0.19/java.util.concurrent.ThreadPoolExecutor$Worker.run(ThreadPoolExecutor.java:628)
	...


"s1-client-thread2" daemon prio=5 Id=1093 TIMED_WAITING on java.util.concurrent.SynchronousQueue$TransferStack@26d9b808
	at java.base@11.0.19/jdk.internal.misc.Unsafe.park(Native Method)
	-  waiting on java.util.concurrent.SynchronousQueue$TransferStack@26d9b808
	at java.base@11.0.19/java.util.concurrent.locks.LockSupport.parkNanos(LockSupport.java:234)
	at java.base@11.0.19/java.util.concurrent.SynchronousQueue$TransferStack.awaitFulfill(SynchronousQueue.java:462)
	at java.base@11.0.19/java.util.concurrent.SynchronousQueue$TransferStack.transfer(SynchronousQueue.java:361)
	at java.base@11.0.19/java.util.concurrent.SynchronousQueue.poll(SynchronousQueue.java:937)
	at java.base@11.0.19/java.util.concurrent.ThreadPoolExecutor.getTask(ThreadPoolExecutor.java:1053)
	at java.base@11.0.19/java.util.concurrent.ThreadPoolExecutor.runWorker(ThreadPoolExecutor.java:1114)
	at java.base@11.0.19/java.util.concurrent.ThreadPoolExecutor$Worker.run(ThreadPoolExecutor.java:628)
	...


"grpc-default-executor-11" daemon prio=5 Id=1094 TIMED_WAITING on java.util.concurrent.SynchronousQueue$TransferStack@305b7c14
	at java.base@11.0.19/jdk.internal.misc.Unsafe.park(Native Method)
	-  waiting on java.util.concurrent.SynchronousQueue$TransferStack@305b7c14
	at java.base@11.0.19/java.util.concurrent.locks.LockSupport.parkNanos(LockSupport.java:234)
	at java.base@11.0.19/java.util.concurrent.SynchronousQueue$TransferStack.awaitFulfill(SynchronousQueue.java:462)
	at java.base@11.0.19/java.util.concurrent.SynchronousQueue$TransferStack.transfer(SynchronousQueue.java:361)
	at java.base@11.0.19/java.util.concurrent.SynchronousQueue.poll(SynchronousQueue.java:937)
	at java.base@11.0.19/java.util.concurrent.ThreadPoolExecutor.getTask(ThreadPoolExecutor.java:1053)
	at java.base@11.0.19/java.util.concurrent.ThreadPoolExecutor.runWorker(ThreadPoolExecutor.java:1114)
	at java.base@11.0.19/java.util.concurrent.ThreadPoolExecutor$Worker.run(ThreadPoolExecutor.java:628)
	...


"grpc-default-executor-15" daemon prio=5 Id=1099 TIMED_WAITING on java.util.concurrent.SynchronousQueue$TransferStack@305b7c14
	at java.base@11.0.19/jdk.internal.misc.Unsafe.park(Native Method)
	-  waiting on java.util.concurrent.SynchronousQueue$TransferStack@305b7c14
	at java.base@11.0.19/java.util.concurrent.locks.LockSupport.parkNanos(LockSupport.java:234)
	at java.base@11.0.19/java.util.concurrent.SynchronousQueue$TransferStack.awaitFulfill(SynchronousQueue.java:462)
	at java.base@11.0.19/java.util.concurrent.SynchronousQueue$TransferStack.transfer(SynchronousQueue.java:361)
	at java.base@11.0.19/java.util.concurrent.SynchronousQueue.poll(SynchronousQueue.java:937)
	at java.base@11.0.19/java.util.concurrent.ThreadPoolExecutor.getTask(ThreadPoolExecutor.java:1053)
	at java.base@11.0.19/java.util.concurrent.ThreadPoolExecutor.runWorker(ThreadPoolExecutor.java:1114)
	at java.base@11.0.19/java.util.concurrent.ThreadPoolExecutor$Worker.run(ThreadPoolExecutor.java:628)
	...


"s0-client-thread4" daemon prio=5 Id=1100 TIMED_WAITING on java.util.concurrent.SynchronousQueue$TransferStack@f78a47e
	at java.base@11.0.19/jdk.internal.misc.Unsafe.park(Native Method)
	-  waiting on java.util.concurrent.SynchronousQueue$TransferStack@f78a47e
	at java.base@11.0.19/java.util.concurrent.locks.LockSupport.parkNanos(LockSupport.java:234)
	at java.base@11.0.19/java.util.concurrent.SynchronousQueue$TransferStack.awaitFulfill(SynchronousQueue.java:462)
	at java.base@11.0.19/java.util.concurrent.SynchronousQueue$TransferStack.transfer(SynchronousQueue.java:361)
	at java.base@11.0.19/java.util.concurrent.SynchronousQueue.poll(SynchronousQueue.java:937)
	at java.base@11.0.19/java.util.concurrent.ThreadPoolExecutor.getTask(ThreadPoolExecutor.java:1053)
	at java.base@11.0.19/java.util.concurrent.ThreadPoolExecutor.runWorker(ThreadPoolExecutor.java:1114)
	at java.base@11.0.19/java.util.concurrent.ThreadPoolExecutor$Worker.run(ThreadPoolExecutor.java:628)
	...


"grpc-default-executor-16" daemon prio=5 Id=1101 TIMED_WAITING on java.util.concurrent.SynchronousQueue$TransferStack@305b7c14
	at java.base@11.0.19/jdk.internal.misc.Unsafe.park(Native Method)
	-  waiting on java.util.concurrent.SynchronousQueue$TransferStack@305b7c14
	at java.base@11.0.19/java.util.concurrent.locks.LockSupport.parkNanos(LockSupport.java:234)
	at java.base@11.0.19/java.util.concurrent.SynchronousQueue$TransferStack.awaitFulfill(SynchronousQueue.java:462)
	at java.base@11.0.19/java.util.concurrent.SynchronousQueue$TransferStack.transfer(SynchronousQueue.java:361)
	at java.base@11.0.19/java.util.concurrent.SynchronousQueue.poll(SynchronousQueue.java:937)
	at java.base@11.0.19/java.util.concurrent.ThreadPoolExecutor.getTask(ThreadPoolExecutor.java:1053)
	at java.base@11.0.19/java.util.concurrent.ThreadPoolExecutor.runWorker(ThreadPoolExecutor.java:1114)
	at java.base@11.0.19/java.util.concurrent.ThreadPoolExecutor$Worker.run(ThreadPoolExecutor.java:628)
	...


"grpc-default-executor-17" daemon prio=5 Id=1102 TIMED_WAITING on java.util.concurrent.SynchronousQueue$TransferStack@305b7c14
	at java.base@11.0.19/jdk.internal.misc.Unsafe.park(Native Method)
	-  waiting on java.util.concurrent.SynchronousQueue$TransferStack@305b7c14
	at java.base@11.0.19/java.util.concurrent.locks.LockSupport.parkNanos(LockSupport.java:234)
	at java.base@11.0.19/java.util.concurrent.SynchronousQueue$TransferStack.awaitFulfill(SynchronousQueue.java:462)
	at java.base@11.0.19/java.util.concurrent.SynchronousQueue$TransferStack.transfer(SynchronousQueue.java:361)
	at java.base@11.0.19/java.util.concurrent.SynchronousQueue.poll(SynchronousQueue.java:937)
	at java.base@11.0.19/java.util.concurrent.ThreadPoolExecutor.getTask(ThreadPoolExecutor.java:1053)
	at java.base@11.0.19/java.util.concurrent.ThreadPoolExecutor.runWorker(ThreadPoolExecutor.java:1114)
	at java.base@11.0.19/java.util.concurrent.ThreadPoolExecutor$Worker.run(ThreadPoolExecutor.java:628)
	...


"s2-client-thread3" daemon prio=5 Id=1103 TIMED_WAITING on java.util.concurrent.SynchronousQueue$TransferStack@2ddc9a9f
	at java.base@11.0.19/jdk.internal.misc.Unsafe.park(Native Method)
	-  waiting on java.util.concurrent.SynchronousQueue$TransferStack@2ddc9a9f
	at java.base@11.0.19/java.util.concurrent.locks.LockSupport.parkNanos(LockSupport.java:234)
	at java.base@11.0.19/java.util.concurrent.SynchronousQueue$TransferStack.awaitFulfill(SynchronousQueue.java:462)
	at java.base@11.0.19/java.util.concurrent.SynchronousQueue$TransferStack.transfer(SynchronousQueue.java:361)
	at java.base@11.0.19/java.util.concurrent.SynchronousQueue.poll(SynchronousQueue.java:937)
	at java.base@11.0.19/java.util.concurrent.ThreadPoolExecutor.getTask(ThreadPoolExecutor.java:1053)
	at java.base@11.0.19/java.util.concurrent.ThreadPoolExecutor.runWorker(ThreadPoolExecutor.java:1114)
	at java.base@11.0.19/java.util.concurrent.ThreadPoolExecutor$Worker.run(ThreadPoolExecutor.java:628)
	...


2023-06-29 03:38:45,272 [main] INFO  util.LogUtils (Slf4jUtils.java:setLogLevel(38)) - Successfully set org.apache.ratis.conf.ConfUtils log level to WARN
2023-06-29 03:38:45,272 [main] INFO  util.LogUtils (Slf4jUtils.java:setLogLevel(38)) - Successfully set org.apache.ratis.util.FileUtils log level to TRACE
2023-06-29 03:38:45,274 [Time-limited test] INFO  impl.MiniRaftCluster (MiniRaftCluster.java:runWithNewCluster(135)) - Running runWithNewCluster
2023-06-29 03:38:45,275 [Time-limited test] INFO  impl.MiniRaftCluster (MiniRaftCluster.java:<init>(306)) - new MiniRaftClusterWithRpcTypeGrpcAndDataStreamTypeNetty with group-1C20FCBBD8ED:[s0|rpc:localhost:40241|admin:localhost:35799|client:localhost:41353|dataStream:localhost:36013|priority:0|startupRole:FOLLOWER, s1|rpc:localhost:37015|admin:localhost:33405|client:localhost:33487|dataStream:localhost:33909|priority:0|startupRole:FOLLOWER, s2|rpc:localhost:44999|admin:localhost:38575|client:localhost:37017|dataStream:localhost:43099|priority:0|startupRole:FOLLOWER]
2023-06-29 03:38:45,275 [Time-limited test] INFO  impl.MiniRaftCluster (MiniRaftCluster.java:start(339)) - .............................................................. 
2023-06-29 03:38:45,275 [Time-limited test] INFO  impl.MiniRaftCluster (MiniRaftCluster.java:start(340)) - ... 
2023-06-29 03:38:45,275 [Time-limited test] INFO  impl.MiniRaftCluster (MiniRaftCluster.java:start(341)) - ...     Starting MiniRaftClusterWithRpcTypeGrpcAndDataStreamTypeNetty
2023-06-29 03:38:45,275 [Time-limited test] INFO  impl.MiniRaftCluster (MiniRaftCluster.java:start(342)) - ... 
2023-06-29 03:38:45,275 [Time-limited test] INFO  impl.MiniRaftCluster (MiniRaftCluster.java:start(343)) - .............................................................. 
2023-06-29 03:38:45,275 [Time-limited test] INFO  impl.MiniRaftCluster (MiniRaftCluster.java:initServers(318)) - servers = {}
2023-06-29 03:38:45,278 [Time-limited test] INFO  impl.MiniRaftCluster (MiniRaftCluster.java:newRaftServer(382)) - newRaftServer: s0, group-1C20FCBBD8ED:[s0|rpc:localhost:40241|admin:localhost:35799|client:localhost:41353|dataStream:localhost:36013|priority:0|startupRole:FOLLOWER, s1|rpc:localhost:37015|admin:localhost:33405|client:localhost:33487|dataStream:localhost:33909|priority:0|startupRole:FOLLOWER, s2|rpc:localhost:44999|admin:localhost:38575|client:localhost:37017|dataStream:localhost:43099|priority:0|startupRole:FOLLOWER], format? true
2023-06-29 03:38:45,278 [Time-limited test] TRACE util.FileUtils (FileUtils.java:deleteFully(201)) - deleteFully target/test/data/ad2395e4/MiniRaftClusterWithRpcTypeGrpcAndDataStreamTypeNettyfa43ccb9/s0
2023-06-29 03:38:45,278 [Time-limited test] TRACE util.FileUtils (FileUtils.java:deleteFully(217)) - deleteFully: target/test/data/ad2395e4/MiniRaftClusterWithRpcTypeGrpcAndDataStreamTypeNettyfa43ccb9/s0 does not exist.
2023-06-29 03:38:45,278 [Time-limited test] INFO  impl.MiniRaftCluster (MiniRaftCluster.java:newRaftServer(387)) - Formatted directory target/test/data/ad2395e4/MiniRaftClusterWithRpcTypeGrpcAndDataStreamTypeNettyfa43ccb9/s0
2023-06-29 03:38:45,278 [Time-limited test] INFO  server.RaftServer (ConfUtils.java:logGet(46)) - raft.rpc.type = GRPC (default)
2023-06-29 03:38:45,279 [Time-limited test] INFO  grpc.GrpcConfigKeys (ConfUtils.java:logFallback(53)) - raft.grpc.admin.host = null (fallback to raft.grpc.server.host)
2023-06-29 03:38:45,279 [Time-limited test] INFO  grpc.GrpcConfigKeys (ConfUtils.java:logGet(46)) - raft.grpc.admin.port = 35799 (custom)
2023-06-29 03:38:45,280 [Time-limited test] INFO  grpc.GrpcConfigKeys (ConfUtils.java:logFallback(53)) - raft.grpc.client.host = null (fallback to raft.grpc.server.host)
2023-06-29 03:38:45,280 [Time-limited test] INFO  grpc.GrpcConfigKeys (ConfUtils.java:logGet(46)) - raft.grpc.client.port = 41353 (custom)
2023-06-29 03:38:45,280 [Time-limited test] INFO  grpc.GrpcConfigKeys (ConfUtils.java:logGet(46)) - raft.grpc.server.host = null (default)
2023-06-29 03:38:45,280 [Time-limited test] INFO  grpc.GrpcConfigKeys (ConfUtils.java:logGet(46)) - raft.grpc.server.port = 40241 (custom)
2023-06-29 03:38:45,280 [Time-limited test] INFO  server.GrpcService (ConfUtils.java:logGet(46)) - raft.grpc.message.size.max = 64MB (=67108864) (default)
2023-06-29 03:38:45,280 [Time-limited test] INFO  server.RaftServerConfigKeys (ConfUtils.java:logGet(46)) - raft.server.log.appender.buffer.byte-limit = 4MB (=4194304) (default)
2023-06-29 03:38:45,280 [Time-limited test] INFO  server.GrpcService (ConfUtils.java:logGet(46)) - raft.grpc.flow.control.window = 1MB (=1048576) (default)
2023-06-29 03:38:45,280 [Time-limited test] INFO  server.RaftServerConfigKeys (ConfUtils.java:logGet(46)) - raft.server.rpc.request.timeout = 3000ms (default)
2023-06-29 03:38:45,280 [Time-limited test] INFO  grpc.GrpcConfigKeys (ConfUtils.java:logGet(46)) - raft.grpc.server.heartbeat.channel = true (default)
2023-06-29 03:38:45,280 [Time-limited test] INFO  grpc.GrpcConfigKeys (ConfUtils.java:logGet(46)) - raft.grpc.server.async.request.thread.pool.cached = true (default)
2023-06-29 03:38:45,280 [Time-limited test] INFO  grpc.GrpcConfigKeys (ConfUtils.java:logGet(46)) - raft.grpc.server.async.request.thread.pool.size = 32 (default)
2023-06-29 03:38:45,281 [Time-limited test] INFO  impl.DataStreamServerImpl (ConfUtils.java:logGet(46)) - raft.datastream.type = NETTY (custom)
2023-06-29 03:38:45,281 [Time-limited test] INFO  server.RaftServerConfigKeys (ConfUtils.java:logGet(46)) - raft.server.data-stream.async.request.thread.pool.cached = false (default)
2023-06-29 03:38:45,281 [Time-limited test] INFO  server.RaftServerConfigKeys (ConfUtils.java:logGet(46)) - raft.server.data-stream.async.request.thread.pool.size = 32 (default)
2023-06-29 03:38:45,281 [Time-limited test] INFO  server.RaftServerConfigKeys (ConfUtils.java:logGet(46)) - raft.server.data-stream.async.write.thread.pool.size = 16 (default)
2023-06-29 03:38:45,281 [Time-limited test] INFO  netty.NettyConfigKeys$DataStream (ConfUtils.java:logGet(46)) - raft.netty.dataStream.server.channel.inactive.grace-period = 10min (default)
2023-06-29 03:38:45,281 [Time-limited test] INFO  server.RaftServerConfigKeys (ConfUtils.java:logGet(46)) - raft.server.data-stream.client.pool.size = 10 (default)
2023-06-29 03:38:45,282 [Time-limited test] INFO  netty.NettyConfigKeys$DataStream (ConfUtils.java:logGet(46)) - raft.netty.dataStream.server.use-epoll = false (default)
2023-06-29 03:38:45,282 [Time-limited test] INFO  netty.NettyConfigKeys$DataStream (ConfUtils.java:logGet(46)) - raft.netty.dataStream.server.boss-group.size = 0 (default)
2023-06-29 03:38:45,282 [Time-limited test] INFO  netty.NettyConfigKeys$DataStream (ConfUtils.java:logGet(46)) - raft.netty.dataStream.server.worker-group.size = 0 (default)
2023-06-29 03:38:45,282 [Time-limited test] INFO  netty.NettyConfigKeys$DataStream (ConfUtils.java:logGet(46)) - raft.netty.dataStream.server.tls.conf = null (default)
2023-06-29 03:38:45,282 [Time-limited test] INFO  netty.NettyConfigKeys$DataStream (ConfUtils.java:logGet(46)) - raft.netty.dataStream.host = null (default)
2023-06-29 03:38:45,282 [Time-limited test] INFO  netty.NettyConfigKeys$DataStream (ConfUtils.java:logGet(46)) - raft.netty.dataStream.port = 36013 (custom)
2023-06-29 03:38:45,286 [Time-limited test] INFO  server.RaftServerConfigKeys (ConfUtils.java:logGet(46)) - raft.server.threadpool.proxy.cached = true (default)
2023-06-29 03:38:45,286 [Time-limited test] INFO  server.RaftServerConfigKeys (ConfUtils.java:logGet(46)) - raft.server.threadpool.proxy.size = 0 (default)
2023-06-29 03:38:45,286 [Time-limited test] INFO  server.RaftServerConfigKeys (ConfUtils.java:logGet(46)) - raft.server.rpc.slowness.timeout = 60s (default)
2023-06-29 03:38:45,286 [Time-limited test] INFO  server.RaftServerConfigKeys (ConfUtils.java:logGet(46)) - raft.server.leaderelection.leader.step-down.wait-time = 10s (default)
2023-06-29 03:38:45,286 [Time-limited test] INFO  server.RaftServerConfigKeys (ConfUtils.java:logGet(46)) - raft.server.storage.dir = [/home/runner/work/ratis/ratis/ratis-test/target/test/data/ad2395e4/MiniRaftClusterWithRpcTypeGrpcAndDataStreamTypeNettyfa43ccb9/s0] (custom)
2023-06-29 03:38:45,286 [s0-NettyServerStreamRpc-bossGroup--thread1] INFO  logging.LoggingHandler (AbstractInternalLogger.java:log(148)) - [id: 0x68b0ec71] REGISTERED
2023-06-29 03:38:45,287 [s0-NettyServerStreamRpc-bossGroup--thread1] INFO  logging.LoggingHandler (AbstractInternalLogger.java:log(148)) - [id: 0x68b0ec71] BIND: 0.0.0.0/0.0.0.0:36013
2023-06-29 03:38:45,287 [s0-NettyServerStreamRpc-bossGroup--thread1] INFO  logging.LoggingHandler (AbstractInternalLogger.java:log(148)) - [id: 0x68b0ec71, L:/0.0.0.0:36013] ACTIVE
2023-06-29 03:38:45,290 [Time-limited test] INFO  server.RaftServer (RaftServerProxy.java:addNew(99)) - s0: addNew group-1C20FCBBD8ED:[s0|rpc:localhost:40241|admin:localhost:35799|client:localhost:41353|dataStream:localhost:36013|priority:0|startupRole:FOLLOWER, s1|rpc:localhost:37015|admin:localhost:33405|client:localhost:33487|dataStream:localhost:33909|priority:0|startupRole:FOLLOWER, s2|rpc:localhost:44999|admin:localhost:38575|client:localhost:37017|dataStream:localhost:43099|priority:0|startupRole:FOLLOWER] returns group-1C20FCBBD8ED:java.util.concurrent.CompletableFuture@27cd5ec7[Not completed]
2023-06-29 03:38:45,290 [Time-limited test] INFO  impl.MiniRaftCluster (MiniRaftCluster.java:newRaftServer(382)) - newRaftServer: s1, group-1C20FCBBD8ED:[s0|rpc:localhost:40241|admin:localhost:35799|client:localhost:41353|dataStream:localhost:36013|priority:0|startupRole:FOLLOWER, s1|rpc:localhost:37015|admin:localhost:33405|client:localhost:33487|dataStream:localhost:33909|priority:0|startupRole:FOLLOWER, s2|rpc:localhost:44999|admin:localhost:38575|client:localhost:37017|dataStream:localhost:43099|priority:0|startupRole:FOLLOWER], format? true
2023-06-29 03:38:45,290 [Time-limited test] TRACE util.FileUtils (FileUtils.java:deleteFully(201)) - deleteFully target/test/data/ad2395e4/MiniRaftClusterWithRpcTypeGrpcAndDataStreamTypeNettyfa43ccb9/s1
2023-06-29 03:38:45,291 [Time-limited test] TRACE util.FileUtils (FileUtils.java:deleteFully(217)) - deleteFully: target/test/data/ad2395e4/MiniRaftClusterWithRpcTypeGrpcAndDataStreamTypeNettyfa43ccb9/s1 does not exist.
2023-06-29 03:38:45,291 [Time-limited test] INFO  impl.MiniRaftCluster (MiniRaftCluster.java:newRaftServer(387)) - Formatted directory target/test/data/ad2395e4/MiniRaftClusterWithRpcTypeGrpcAndDataStreamTypeNettyfa43ccb9/s1
2023-06-29 03:38:45,291 [Time-limited test] INFO  server.RaftServer (ConfUtils.java:logGet(46)) - raft.rpc.type = GRPC (default)
2023-06-29 03:38:45,291 [Time-limited test] INFO  grpc.GrpcConfigKeys (ConfUtils.java:logFallback(53)) - raft.grpc.admin.host = null (fallback to raft.grpc.server.host)
2023-06-29 03:38:45,291 [Time-limited test] INFO  grpc.GrpcConfigKeys (ConfUtils.java:logGet(46)) - raft.grpc.admin.port = 33405 (custom)
2023-06-29 03:38:45,291 [Time-limited test] INFO  grpc.GrpcConfigKeys (ConfUtils.java:logFallback(53)) - raft.grpc.client.host = null (fallback to raft.grpc.server.host)
2023-06-29 03:38:45,291 [Time-limited test] INFO  grpc.GrpcConfigKeys (ConfUtils.java:logGet(46)) - raft.grpc.client.port = 33487 (custom)
2023-06-29 03:38:45,291 [Time-limited test] INFO  grpc.GrpcConfigKeys (ConfUtils.java:logGet(46)) - raft.grpc.server.host = null (default)
2023-06-29 03:38:45,291 [Time-limited test] INFO  grpc.GrpcConfigKeys (ConfUtils.java:logGet(46)) - raft.grpc.server.port = 37015 (custom)
2023-06-29 03:38:45,291 [Time-limited test] INFO  server.GrpcService (ConfUtils.java:logGet(46)) - raft.grpc.message.size.max = 64MB (=67108864) (default)
2023-06-29 03:38:45,291 [Time-limited test] INFO  server.RaftServerConfigKeys (ConfUtils.java:logGet(46)) - raft.server.log.appender.buffer.byte-limit = 4MB (=4194304) (default)
2023-06-29 03:38:45,291 [Time-limited test] INFO  server.GrpcService (ConfUtils.java:logGet(46)) - raft.grpc.flow.control.window = 1MB (=1048576) (default)
2023-06-29 03:38:45,291 [Time-limited test] INFO  server.RaftServerConfigKeys (ConfUtils.java:logGet(46)) - raft.server.rpc.request.timeout = 3000ms (default)
2023-06-29 03:38:45,291 [Time-limited test] INFO  grpc.GrpcConfigKeys (ConfUtils.java:logGet(46)) - raft.grpc.server.heartbeat.channel = true (default)
2023-06-29 03:38:45,291 [Time-limited test] INFO  grpc.GrpcConfigKeys (ConfUtils.java:logGet(46)) - raft.grpc.server.async.request.thread.pool.cached = true (default)
2023-06-29 03:38:45,291 [Time-limited test] INFO  grpc.GrpcConfigKeys (ConfUtils.java:logGet(46)) - raft.grpc.server.async.request.thread.pool.size = 32 (default)
2023-06-29 03:38:45,292 [Time-limited test] INFO  impl.DataStreamServerImpl (ConfUtils.java:logGet(46)) - raft.datastream.type = NETTY (custom)
2023-06-29 03:38:45,292 [Time-limited test] INFO  server.RaftServerConfigKeys (ConfUtils.java:logGet(46)) - raft.server.data-stream.async.request.thread.pool.cached = false (default)
2023-06-29 03:38:45,292 [Time-limited test] INFO  server.RaftServerConfigKeys (ConfUtils.java:logGet(46)) - raft.server.data-stream.async.request.thread.pool.size = 32 (default)
2023-06-29 03:38:45,292 [Time-limited test] INFO  server.RaftServerConfigKeys (ConfUtils.java:logGet(46)) - raft.server.data-stream.async.write.thread.pool.size = 16 (default)
2023-06-29 03:38:45,292 [Time-limited test] INFO  netty.NettyConfigKeys$DataStream (ConfUtils.java:logGet(46)) - raft.netty.dataStream.server.channel.inactive.grace-period = 10min (default)
2023-06-29 03:38:45,292 [Time-limited test] INFO  server.RaftServerConfigKeys (ConfUtils.java:logGet(46)) - raft.server.data-stream.client.pool.size = 10 (default)
2023-06-29 03:38:45,292 [Time-limited test] INFO  netty.NettyConfigKeys$DataStream (ConfUtils.java:logGet(46)) - raft.netty.dataStream.server.use-epoll = false (default)
2023-06-29 03:38:45,293 [Time-limited test] INFO  netty.NettyConfigKeys$DataStream (ConfUtils.java:logGet(46)) - raft.netty.dataStream.server.boss-group.size = 0 (default)
2023-06-29 03:38:45,293 [Time-limited test] INFO  netty.NettyConfigKeys$DataStream (ConfUtils.java:logGet(46)) - raft.netty.dataStream.server.worker-group.size = 0 (default)
2023-06-29 03:38:45,293 [Time-limited test] INFO  netty.NettyConfigKeys$DataStream (ConfUtils.java:logGet(46)) - raft.netty.dataStream.server.tls.conf = null (default)
2023-06-29 03:38:45,293 [Time-limited test] INFO  netty.NettyConfigKeys$DataStream (ConfUtils.java:logGet(46)) - raft.netty.dataStream.host = null (default)
2023-06-29 03:38:45,293 [Time-limited test] INFO  netty.NettyConfigKeys$DataStream (ConfUtils.java:logGet(46)) - raft.netty.dataStream.port = 33909 (custom)
2023-06-29 03:38:45,295 [s0-groupManagement] INFO  server.RaftServer$Division (RaftServerImpl.java:<init>(250)) - s0: new RaftServerImpl for group-1C20FCBBD8ED:[s0|rpc:localhost:40241|admin:localhost:35799|client:localhost:41353|dataStream:localhost:36013|priority:0|startupRole:FOLLOWER, s1|rpc:localhost:37015|admin:localhost:33405|client:localhost:33487|dataStream:localhost:33909|priority:0|startupRole:FOLLOWER, s2|rpc:localhost:44999|admin:localhost:38575|client:localhost:37017|dataStream:localhost:43099|priority:0|startupRole:FOLLOWER] with MultiDataStreamStateMachine:uninitialized
2023-06-29 03:38:45,295 [s0-groupManagement] INFO  server.RaftServerConfigKeys (ConfUtils.java:logGet(46)) - raft.server.rpc.timeout.min = 150ms (default)
2023-06-29 03:38:45,295 [s0-groupManagement] INFO  server.RaftServerConfigKeys (ConfUtils.java:logGet(46)) - raft.server.rpc.timeout.max = 300ms (default)
2023-06-29 03:38:45,295 [s0-groupManagement] INFO  server.RaftServerConfigKeys (ConfUtils.java:logGet(46)) - raft.server.rpc.sleep.time = 25ms (default)
2023-06-29 03:38:45,295 [s0-groupManagement] INFO  server.RaftServerConfigKeys (ConfUtils.java:logGet(46)) - raft.server.rpc.slowness.timeout = 60s (default)
2023-06-29 03:38:45,295 [s0-groupManagement] INFO  server.RaftServerConfigKeys (ConfUtils.java:logGet(46)) - raft.server.leaderelection.leader.step-down.wait-time = 10s (default)
2023-06-29 03:38:45,295 [s0-groupManagement] INFO  server.RaftServerConfigKeys (ConfUtils.java:logGet(46)) - raft.server.sleep.deviation.threshold = 300ms (default)
2023-06-29 03:38:45,295 [s0-groupManagement] INFO  server.RaftServer$Division (ServerState.java:<init>(113)) - s0@group-1C20FCBBD8ED: ConfigurationManager, init=-1: peers:[s0|rpc:localhost:40241|admin:localhost:35799|client:localhost:41353|dataStream:localhost:36013|priority:0|startupRole:FOLLOWER, s1|rpc:localhost:37015|admin:localhost:33405|client:localhost:33487|dataStream:localhost:33909|priority:0|startupRole:FOLLOWER, s2|rpc:localhost:44999|admin:localhost:38575|client:localhost:37017|dataStream:localhost:43099|priority:0|startupRole:FOLLOWER]|listeners:[], old=null, confs=<EMPTY_MAP>
2023-06-29 03:38:45,295 [s0-groupManagement] INFO  server.RaftServerConfigKeys (ConfUtils.java:logGet(46)) - raft.server.notification.no-leader.timeout = 60s (default)
2023-06-29 03:38:45,295 [s0-groupManagement] INFO  server.RaftServerConfigKeys (ConfUtils.java:logGet(46)) - raft.server.read.timeout = 10s (default)
2023-06-29 03:38:45,295 [s0-groupManagement] INFO  server.RaftServerConfigKeys (ConfUtils.java:logGet(46)) - raft.server.retrycache.expirytime = 60s (default)
2023-06-29 03:38:45,295 [s0-groupManagement] INFO  server.RaftServerConfigKeys (ConfUtils.java:logGet(46)) - raft.server.retrycache.statistics.expirytime = 100μs (default)
2023-06-29 03:38:45,295 [s0-groupManagement] INFO  server.RaftServerConfigKeys (ConfUtils.java:logGet(46)) - raft.server.read.option = DEFAULT (default)
2023-06-29 03:38:45,296 [s0-groupManagement] INFO  server.RaftServerConfigKeys (ConfUtils.java:logGet(46)) - raft.server.rpc.request.timeout = 3000ms (default)
2023-06-29 03:38:45,296 [s0-groupManagement] INFO  server.RaftServerConfigKeys (ConfUtils.java:logGet(46)) - raft.server.log.appender.install.snapshot.enabled = true (default)
2023-06-29 03:38:45,296 [s0-groupManagement] INFO  server.RaftServerConfigKeys (ConfUtils.java:logGet(46)) - raft.server.threadpool.server.cached = true (default)
2023-06-29 03:38:45,296 [s0-groupManagement] INFO  server.RaftServerConfigKeys (ConfUtils.java:logGet(46)) - raft.server.threadpool.server.size = 0 (default)
2023-06-29 03:38:45,296 [s0-groupManagement] INFO  server.RaftServerConfigKeys (ConfUtils.java:logGet(46)) - raft.server.threadpool.client.cached = true (default)
2023-06-29 03:38:45,296 [s0-groupManagement] INFO  server.RaftServerConfigKeys (ConfUtils.java:logGet(46)) - raft.server.threadpool.client.size = 0 (default)
2023-06-29 03:38:45,296 [Time-limited test] INFO  server.RaftServerConfigKeys (ConfUtils.java:logGet(46)) - raft.server.threadpool.proxy.cached = true (default)
2023-06-29 03:38:45,296 [Time-limited test] INFO  server.RaftServerConfigKeys (ConfUtils.java:logGet(46)) - raft.server.threadpool.proxy.size = 0 (default)
2023-06-29 03:38:45,296 [Time-limited test] INFO  server.RaftServerConfigKeys (ConfUtils.java:logGet(46)) - raft.server.rpc.slowness.timeout = 60s (default)
2023-06-29 03:38:45,296 [Time-limited test] INFO  server.RaftServerConfigKeys (ConfUtils.java:logGet(46)) - raft.server.leaderelection.leader.step-down.wait-time = 10s (default)
2023-06-29 03:38:45,297 [Time-limited test] INFO  server.RaftServerConfigKeys (ConfUtils.java:logGet(46)) - raft.server.storage.dir = [/home/runner/work/ratis/ratis/ratis-test/target/test/data/ad2395e4/MiniRaftClusterWithRpcTypeGrpcAndDataStreamTypeNettyfa43ccb9/s1] (custom)
2023-06-29 03:38:45,297 [s1-NettyServerStreamRpc-bossGroup--thread1] INFO  logging.LoggingHandler (AbstractInternalLogger.java:log(148)) - [id: 0x014d7be8] REGISTERED
2023-06-29 03:38:45,297 [s1-NettyServerStreamRpc-bossGroup--thread1] INFO  logging.LoggingHandler (AbstractInternalLogger.java:log(148)) - [id: 0x014d7be8] BIND: 0.0.0.0/0.0.0.0:33909
2023-06-29 03:38:45,297 [s1-NettyServerStreamRpc-bossGroup--thread1] INFO  logging.LoggingHandler (AbstractInternalLogger.java:log(148)) - [id: 0x014d7be8, L:/0.0.0.0:33909] ACTIVE
2023-06-29 03:38:45,297 [Time-limited test] INFO  server.RaftServer (RaftServerProxy.java:addNew(99)) - s1: addNew group-1C20FCBBD8ED:[s0|rpc:localhost:40241|admin:localhost:35799|client:localhost:41353|dataStream:localhost:36013|priority:0|startupRole:FOLLOWER, s1|rpc:localhost:37015|admin:localhost:33405|client:localhost:33487|dataStream:localhost:33909|priority:0|startupRole:FOLLOWER, s2|rpc:localhost:44999|admin:localhost:38575|client:localhost:37017|dataStream:localhost:43099|priority:0|startupRole:FOLLOWER] returns group-1C20FCBBD8ED:java.util.concurrent.CompletableFuture@20834b86[Not completed]
2023-06-29 03:38:45,298 [Time-limited test] INFO  impl.MiniRaftCluster (MiniRaftCluster.java:newRaftServer(382)) - newRaftServer: s2, group-1C20FCBBD8ED:[s0|rpc:localhost:40241|admin:localhost:35799|client:localhost:41353|dataStream:localhost:36013|priority:0|startupRole:FOLLOWER, s1|rpc:localhost:37015|admin:localhost:33405|client:localhost:33487|dataStream:localhost:33909|priority:0|startupRole:FOLLOWER, s2|rpc:localhost:44999|admin:localhost:38575|client:localhost:37017|dataStream:localhost:43099|priority:0|startupRole:FOLLOWER], format? true
2023-06-29 03:38:45,298 [Time-limited test] TRACE util.FileUtils (FileUtils.java:deleteFully(201)) - deleteFully target/test/data/ad2395e4/MiniRaftClusterWithRpcTypeGrpcAndDataStreamTypeNettyfa43ccb9/s2
2023-06-29 03:38:45,298 [Time-limited test] TRACE util.FileUtils (FileUtils.java:deleteFully(217)) - deleteFully: target/test/data/ad2395e4/MiniRaftClusterWithRpcTypeGrpcAndDataStreamTypeNettyfa43ccb9/s2 does not exist.
2023-06-29 03:38:45,298 [Time-limited test] INFO  impl.MiniRaftCluster (MiniRaftCluster.java:newRaftServer(387)) - Formatted directory target/test/data/ad2395e4/MiniRaftClusterWithRpcTypeGrpcAndDataStreamTypeNettyfa43ccb9/s2
2023-06-29 03:38:45,298 [Time-limited test] INFO  server.RaftServer (ConfUtils.java:logGet(46)) - raft.rpc.type = GRPC (default)
2023-06-29 03:38:45,298 [Time-limited test] INFO  grpc.GrpcConfigKeys (ConfUtils.java:logFallback(53)) - raft.grpc.admin.host = null (fallback to raft.grpc.server.host)
2023-06-29 03:38:45,298 [Time-limited test] INFO  grpc.GrpcConfigKeys (ConfUtils.java:logGet(46)) - raft.grpc.admin.port = 38575 (custom)
2023-06-29 03:38:45,298 [Time-limited test] INFO  grpc.GrpcConfigKeys (ConfUtils.java:logFallback(53)) - raft.grpc.client.host = null (fallback to raft.grpc.server.host)
2023-06-29 03:38:45,298 [Time-limited test] INFO  grpc.GrpcConfigKeys (ConfUtils.java:logGet(46)) - raft.grpc.client.port = 37017 (custom)
2023-06-29 03:38:45,298 [Time-limited test] INFO  grpc.GrpcConfigKeys (ConfUtils.java:logGet(46)) - raft.grpc.server.host = null (default)
2023-06-29 03:38:45,298 [Time-limited test] INFO  grpc.GrpcConfigKeys (ConfUtils.java:logGet(46)) - raft.grpc.server.port = 44999 (custom)
2023-06-29 03:38:45,298 [Time-limited test] INFO  server.GrpcService (ConfUtils.java:logGet(46)) - raft.grpc.message.size.max = 64MB (=67108864) (default)
2023-06-29 03:38:45,298 [Time-limited test] INFO  server.RaftServerConfigKeys (ConfUtils.java:logGet(46)) - raft.server.log.appender.buffer.byte-limit = 4MB (=4194304) (default)
2023-06-29 03:38:45,298 [Time-limited test] INFO  server.GrpcService (ConfUtils.java:logGet(46)) - raft.grpc.flow.control.window = 1MB (=1048576) (default)
2023-06-29 03:38:45,298 [Time-limited test] INFO  server.RaftServerConfigKeys (ConfUtils.java:logGet(46)) - raft.server.rpc.request.timeout = 3000ms (default)
2023-06-29 03:38:45,298 [Time-limited test] INFO  grpc.GrpcConfigKeys (ConfUtils.java:logGet(46)) - raft.grpc.server.heartbeat.channel = true (default)
2023-06-29 03:38:45,298 [Time-limited test] INFO  grpc.GrpcConfigKeys (ConfUtils.java:logGet(46)) - raft.grpc.server.async.request.thread.pool.cached = true (default)
2023-06-29 03:38:45,298 [Time-limited test] INFO  grpc.GrpcConfigKeys (ConfUtils.java:logGet(46)) - raft.grpc.server.async.request.thread.pool.size = 32 (default)
2023-06-29 03:38:45,299 [Time-limited test] INFO  impl.DataStreamServerImpl (ConfUtils.java:logGet(46)) - raft.datastream.type = NETTY (custom)
2023-06-29 03:38:45,299 [Time-limited test] INFO  server.RaftServerConfigKeys (ConfUtils.java:logGet(46)) - raft.server.data-stream.async.request.thread.pool.cached = false (default)
2023-06-29 03:38:45,299 [Time-limited test] INFO  server.RaftServerConfigKeys (ConfUtils.java:logGet(46)) - raft.server.data-stream.async.request.thread.pool.size = 32 (default)
2023-06-29 03:38:45,299 [Time-limited test] INFO  server.RaftServerConfigKeys (ConfUtils.java:logGet(46)) - raft.server.data-stream.async.write.thread.pool.size = 16 (default)
2023-06-29 03:38:45,299 [Time-limited test] INFO  netty.NettyConfigKeys$DataStream (ConfUtils.java:logGet(46)) - raft.netty.dataStream.server.channel.inactive.grace-period = 10min (default)
2023-06-29 03:38:45,299 [Time-limited test] INFO  server.RaftServerConfigKeys (ConfUtils.java:logGet(46)) - raft.server.data-stream.client.pool.size = 10 (default)
2023-06-29 03:38:45,300 [Time-limited test] INFO  netty.NettyConfigKeys$DataStream (ConfUtils.java:logGet(46)) - raft.netty.dataStream.server.use-epoll = false (default)
2023-06-29 03:38:45,300 [Time-limited test] INFO  netty.NettyConfigKeys$DataStream (ConfUtils.java:logGet(46)) - raft.netty.dataStream.server.boss-group.size = 0 (default)
2023-06-29 03:38:45,300 [Time-limited test] INFO  netty.NettyConfigKeys$DataStream (ConfUtils.java:logGet(46)) - raft.netty.dataStream.server.worker-group.size = 0 (default)
2023-06-29 03:38:45,300 [Time-limited test] INFO  netty.NettyConfigKeys$DataStream (ConfUtils.java:logGet(46)) - raft.netty.dataStream.server.tls.conf = null (default)
2023-06-29 03:38:45,300 [Time-limited test] INFO  netty.NettyConfigKeys$DataStream (ConfUtils.java:logGet(46)) - raft.netty.dataStream.host = null (default)
2023-06-29 03:38:45,300 [Time-limited test] INFO  netty.NettyConfigKeys$DataStream (ConfUtils.java:logGet(46)) - raft.netty.dataStream.port = 43099 (custom)
2023-06-29 03:38:45,301 [s1-groupManagement] INFO  server.RaftServer$Division (RaftServerImpl.java:<init>(250)) - s1: new RaftServerImpl for group-1C20FCBBD8ED:[s0|rpc:localhost:40241|admin:localhost:35799|client:localhost:41353|dataStream:localhost:36013|priority:0|startupRole:FOLLOWER, s1|rpc:localhost:37015|admin:localhost:33405|client:localhost:33487|dataStream:localhost:33909|priority:0|startupRole:FOLLOWER, s2|rpc:localhost:44999|admin:localhost:38575|client:localhost:37017|dataStream:localhost:43099|priority:0|startupRole:FOLLOWER] with MultiDataStreamStateMachine:uninitialized
2023-06-29 03:38:45,301 [s1-groupManagement] INFO  server.RaftServerConfigKeys (ConfUtils.java:logGet(46)) - raft.server.rpc.timeout.min = 150ms (default)
2023-06-29 03:38:45,301 [s1-groupManagement] INFO  server.RaftServerConfigKeys (ConfUtils.java:logGet(46)) - raft.server.rpc.timeout.max = 300ms (default)
2023-06-29 03:38:45,301 [s1-groupManagement] INFO  server.RaftServerConfigKeys (ConfUtils.java:logGet(46)) - raft.server.rpc.sleep.time = 25ms (default)
2023-06-29 03:38:45,301 [s1-groupManagement] INFO  server.RaftServerConfigKeys (ConfUtils.java:logGet(46)) - raft.server.rpc.slowness.timeout = 60s (default)
2023-06-29 03:38:45,301 [s1-groupManagement] INFO  server.RaftServerConfigKeys (ConfUtils.java:logGet(46)) - raft.server.leaderelection.leader.step-down.wait-time = 10s (default)
2023-06-29 03:38:45,301 [s1-groupManagement] INFO  server.RaftServerConfigKeys (ConfUtils.java:logGet(46)) - raft.server.sleep.deviation.threshold = 300ms (default)
2023-06-29 03:38:45,301 [s1-groupManagement] INFO  server.RaftServer$Division (ServerState.java:<init>(113)) - s1@group-1C20FCBBD8ED: ConfigurationManager, init=-1: peers:[s0|rpc:localhost:40241|admin:localhost:35799|client:localhost:41353|dataStream:localhost:36013|priority:0|startupRole:FOLLOWER, s1|rpc:localhost:37015|admin:localhost:33405|client:localhost:33487|dataStream:localhost:33909|priority:0|startupRole:FOLLOWER, s2|rpc:localhost:44999|admin:localhost:38575|client:localhost:37017|dataStream:localhost:43099|priority:0|startupRole:FOLLOWER]|listeners:[], old=null, confs=<EMPTY_MAP>
2023-06-29 03:38:45,301 [s1-groupManagement] INFO  server.RaftServerConfigKeys (ConfUtils.java:logGet(46)) - raft.server.notification.no-leader.timeout = 60s (default)
2023-06-29 03:38:45,301 [s1-groupManagement] INFO  server.RaftServerConfigKeys (ConfUtils.java:logGet(46)) - raft.server.read.timeout = 10s (default)
2023-06-29 03:38:45,301 [s1-groupManagement] INFO  server.RaftServerConfigKeys (ConfUtils.java:logGet(46)) - raft.server.retrycache.expirytime = 60s (default)
2023-06-29 03:38:45,301 [s1-groupManagement] INFO  server.RaftServerConfigKeys (ConfUtils.java:logGet(46)) - raft.server.retrycache.statistics.expirytime = 100μs (default)
2023-06-29 03:38:45,302 [s1-groupManagement] INFO  server.RaftServerConfigKeys (ConfUtils.java:logGet(46)) - raft.server.read.option = DEFAULT (default)
2023-06-29 03:38:45,303 [s1-groupManagement] INFO  server.RaftServerConfigKeys (ConfUtils.java:logGet(46)) - raft.server.rpc.request.timeout = 3000ms (default)
2023-06-29 03:38:45,303 [s1-groupManagement] INFO  server.RaftServerConfigKeys (ConfUtils.java:logGet(46)) - raft.server.log.appender.install.snapshot.enabled = true (default)
2023-06-29 03:38:45,303 [s1-groupManagement] INFO  server.RaftServerConfigKeys (ConfUtils.java:logGet(46)) - raft.server.threadpool.server.cached = true (default)
2023-06-29 03:38:45,303 [s1-groupManagement] INFO  server.RaftServerConfigKeys (ConfUtils.java:logGet(46)) - raft.server.threadpool.server.size = 0 (default)
2023-06-29 03:38:45,303 [s1-groupManagement] INFO  server.RaftServerConfigKeys (ConfUtils.java:logGet(46)) - raft.server.threadpool.client.cached = true (default)
2023-06-29 03:38:45,303 [s1-groupManagement] INFO  server.RaftServerConfigKeys (ConfUtils.java:logGet(46)) - raft.server.threadpool.client.size = 0 (default)
2023-06-29 03:38:45,303 [Time-limited test] INFO  server.RaftServerConfigKeys (ConfUtils.java:logGet(46)) - raft.server.threadpool.proxy.cached = true (default)
2023-06-29 03:38:45,303 [Time-limited test] INFO  server.RaftServerConfigKeys (ConfUtils.java:logGet(46)) - raft.server.threadpool.proxy.size = 0 (default)
2023-06-29 03:38:45,303 [Time-limited test] INFO  server.RaftServerConfigKeys (ConfUtils.java:logGet(46)) - raft.server.rpc.slowness.timeout = 60s (default)
2023-06-29 03:38:45,303 [Time-limited test] INFO  server.RaftServerConfigKeys (ConfUtils.java:logGet(46)) - raft.server.leaderelection.leader.step-down.wait-time = 10s (default)
2023-06-29 03:38:45,303 [Time-limited test] INFO  server.RaftServerConfigKeys (ConfUtils.java:logGet(46)) - raft.server.storage.dir = [/home/runner/work/ratis/ratis/ratis-test/target/test/data/ad2395e4/MiniRaftClusterWithRpcTypeGrpcAndDataStreamTypeNettyfa43ccb9/s2] (custom)
2023-06-29 03:38:45,303 [s2-NettyServerStreamRpc-bossGroup--thread1] INFO  logging.LoggingHandler (AbstractInternalLogger.java:log(148)) - [id: 0x331d6e34] REGISTERED
2023-06-29 03:38:45,303 [s2-NettyServerStreamRpc-bossGroup--thread1] INFO  logging.LoggingHandler (AbstractInternalLogger.java:log(148)) - [id: 0x331d6e34] BIND: 0.0.0.0/0.0.0.0:43099
2023-06-29 03:38:45,304 [s2-NettyServerStreamRpc-bossGroup--thread1] INFO  logging.LoggingHandler (AbstractInternalLogger.java:log(148)) - [id: 0x331d6e34, L:/0.0.0.0:43099] ACTIVE
2023-06-29 03:38:45,304 [Time-limited test] INFO  server.RaftServer (RaftServerProxy.java:addNew(99)) - s2: addNew group-1C20FCBBD8ED:[s0|rpc:localhost:40241|admin:localhost:35799|client:localhost:41353|dataStream:localhost:36013|priority:0|startupRole:FOLLOWER, s1|rpc:localhost:37015|admin:localhost:33405|client:localhost:33487|dataStream:localhost:33909|priority:0|startupRole:FOLLOWER, s2|rpc:localhost:44999|admin:localhost:38575|client:localhost:37017|dataStream:localhost:43099|priority:0|startupRole:FOLLOWER] returns group-1C20FCBBD8ED:java.util.concurrent.CompletableFuture@4a224193[Not completed]
2023-06-29 03:38:45,304 [s0-impl-thread1] INFO  server.RaftServerConfigKeys (ConfUtils.java:logGet(46)) - raft.server.storage.free-space.min = 0MB (=0) (default)
2023-06-29 03:38:45,304 [s0-impl-thread1] INFO  server.RaftServerConfigKeys (ConfUtils.java:logGet(46)) - raft.server.log.corruption.policy = EXCEPTION (default)
2023-06-29 03:38:45,305 [s0-impl-thread1] INFO  server.RaftServerConfigKeys (ConfUtils.java:logGet(46)) - raft.server.storage.dir = [/home/runner/work/ratis/ratis/ratis-test/target/test/data/ad2395e4/MiniRaftClusterWithRpcTypeGrpcAndDataStreamTypeNettyfa43ccb9/s0] (custom)
2023-06-29 03:38:45,305 [s0-impl-thread1] INFO  storage.RaftStorageDirectory (RaftStorageDirectoryImpl.java:analyzeStorage(138)) - The storage directory /home/runner/work/ratis/ratis/ratis-test/target/test/data/ad2395e4/MiniRaftClusterWithRpcTypeGrpcAndDataStreamTypeNettyfa43ccb9/s0/0f78e9d4-4aaf-459b-85ff-1c20fcbbd8ed does not exist. Creating ...
2023-06-29 03:38:45,305 [s0-impl-thread1] TRACE util.FileUtils (LogUtils.java:runAndLog(49)) - Successfully ran Files.createDirectories /home/runner/work/ratis/ratis/ratis-test/target/test/data/ad2395e4/MiniRaftClusterWithRpcTypeGrpcAndDataStreamTypeNettyfa43ccb9/s0/0f78e9d4-4aaf-459b-85ff-1c20fcbbd8ed
2023-06-29 03:38:45,305 [s2-groupManagement] INFO  server.RaftServer$Division (RaftServerImpl.java:<init>(250)) - s2: new RaftServerImpl for group-1C20FCBBD8ED:[s0|rpc:localhost:40241|admin:localhost:35799|client:localhost:41353|dataStream:localhost:36013|priority:0|startupRole:FOLLOWER, s1|rpc:localhost:37015|admin:localhost:33405|client:localhost:33487|dataStream:localhost:33909|priority:0|startupRole:FOLLOWER, s2|rpc:localhost:44999|admin:localhost:38575|client:localhost:37017|dataStream:localhost:43099|priority:0|startupRole:FOLLOWER] with MultiDataStreamStateMachine:uninitialized
2023-06-29 03:38:45,305 [s2-groupManagement] INFO  server.RaftServerConfigKeys (ConfUtils.java:logGet(46)) - raft.server.rpc.timeout.min = 150ms (default)
2023-06-29 03:38:45,306 [s2-groupManagement] INFO  server.RaftServerConfigKeys (ConfUtils.java:logGet(46)) - raft.server.rpc.timeout.max = 300ms (default)
2023-06-29 03:38:45,306 [s2-groupManagement] INFO  server.RaftServerConfigKeys (ConfUtils.java:logGet(46)) - raft.server.rpc.sleep.time = 25ms (default)
2023-06-29 03:38:45,306 [s2-groupManagement] INFO  server.RaftServerConfigKeys (ConfUtils.java:logGet(46)) - raft.server.rpc.slowness.timeout = 60s (default)
2023-06-29 03:38:45,306 [s2-groupManagement] INFO  server.RaftServerConfigKeys (ConfUtils.java:logGet(46)) - raft.server.leaderelection.leader.step-down.wait-time = 10s (default)
2023-06-29 03:38:45,306 [s2-groupManagement] INFO  server.RaftServerConfigKeys (ConfUtils.java:logGet(46)) - raft.server.sleep.deviation.threshold = 300ms (default)
2023-06-29 03:38:45,306 [s2-groupManagement] INFO  server.RaftServer$Division (ServerState.java:<init>(113)) - s2@group-1C20FCBBD8ED: ConfigurationManager, init=-1: peers:[s0|rpc:localhost:40241|admin:localhost:35799|client:localhost:41353|dataStream:localhost:36013|priority:0|startupRole:FOLLOWER, s1|rpc:localhost:37015|admin:localhost:33405|client:localhost:33487|dataStream:localhost:33909|priority:0|startupRole:FOLLOWER, s2|rpc:localhost:44999|admin:localhost:38575|client:localhost:37017|dataStream:localhost:43099|priority:0|startupRole:FOLLOWER]|listeners:[], old=null, confs=<EMPTY_MAP>
2023-06-29 03:38:45,306 [s2-groupManagement] INFO  server.RaftServerConfigKeys (ConfUtils.java:logGet(46)) - raft.server.notification.no-leader.timeout = 60s (default)
2023-06-29 03:38:45,306 [s2-groupManagement] INFO  server.RaftServerConfigKeys (ConfUtils.java:logGet(46)) - raft.server.read.timeout = 10s (default)
2023-06-29 03:38:45,306 [s2-groupManagement] INFO  server.RaftServerConfigKeys (ConfUtils.java:logGet(46)) - raft.server.retrycache.expirytime = 60s (default)
2023-06-29 03:38:45,306 [s2-groupManagement] INFO  server.RaftServerConfigKeys (ConfUtils.java:logGet(46)) - raft.server.retrycache.statistics.expirytime = 100μs (default)
2023-06-29 03:38:45,306 [s2-groupManagement] INFO  server.RaftServerConfigKeys (ConfUtils.java:logGet(46)) - raft.server.read.option = DEFAULT (default)
2023-06-29 03:38:45,306 [s0-impl-thread1] INFO  storage.RaftStorageDirectory (RaftStorageDirectoryImpl.java:tryLock(232)) - Lock on /home/runner/work/ratis/ratis/ratis-test/target/test/data/ad2395e4/MiniRaftClusterWithRpcTypeGrpcAndDataStreamTypeNettyfa43ccb9/s0/0f78e9d4-4aaf-459b-85ff-1c20fcbbd8ed/in_use.lock acquired by nodename 11425@fv-az33-183
2023-06-29 03:38:45,306 [s0-impl-thread1] TRACE util.FileUtils (LogUtils.java:runAndLog(49)) - Successfully ran Files.createDirectories /home/runner/work/ratis/ratis/ratis-test/target/test/data/ad2395e4/MiniRaftClusterWithRpcTypeGrpcAndDataStreamTypeNettyfa43ccb9/s0/0f78e9d4-4aaf-459b-85ff-1c20fcbbd8ed/current
2023-06-29 03:38:45,306 [s0-impl-thread1] TRACE util.FileUtils (LogUtils.java:runAndLog(49)) - Successfully ran Files.createDirectories /home/runner/work/ratis/ratis/ratis-test/target/test/data/ad2395e4/MiniRaftClusterWithRpcTypeGrpcAndDataStreamTypeNettyfa43ccb9/s0/0f78e9d4-4aaf-459b-85ff-1c20fcbbd8ed/sm
2023-06-29 03:38:45,307 [s0-impl-thread1] INFO  storage.RaftStorage (RaftStorageImpl.java:format(96)) - Storage directory /home/runner/work/ratis/ratis/ratis-test/target/test/data/ad2395e4/MiniRaftClusterWithRpcTypeGrpcAndDataStreamTypeNettyfa43ccb9/s0/0f78e9d4-4aaf-459b-85ff-1c20fcbbd8ed has been successfully formatted.
2023-06-29 03:38:45,307 [s0-impl-thread1] INFO  server.RaftServerConfigKeys (ConfUtils.java:logGet(46)) - raft.server.log.use.memory = false (default)
2023-06-29 03:38:45,307 [s2-groupManagement] INFO  server.RaftServerConfigKeys (ConfUtils.java:logGet(46)) - raft.server.rpc.request.timeout = 3000ms (default)
2023-06-29 03:38:45,307 [s0-impl-thread1] INFO  server.RaftServerConfigKeys (ConfUtils.java:logGet(46)) - raft.server.log.purge.gap = 1024 (default)
2023-06-29 03:38:45,307 [s2-groupManagement] INFO  server.RaftServerConfigKeys (ConfUtils.java:logGet(46)) - raft.server.log.appender.install.snapshot.enabled = true (default)
2023-06-29 03:38:45,307 [s0-impl-thread1] INFO  server.RaftServerConfigKeys (ConfUtils.java:logGet(46)) - raft.server.log.appender.buffer.byte-limit = 4MB (=4194304) (default)
2023-06-29 03:38:45,307 [s2-groupManagement] INFO  server.RaftServerConfigKeys (ConfUtils.java:logGet(46)) - raft.server.threadpool.server.cached = true (default)
2023-06-29 03:38:45,307 [s0-impl-thread1] INFO  server.RaftServerConfigKeys (ConfUtils.java:logGet(46)) - raft.server.log.statemachine.data.read.timeout = 1000ms (default)
2023-06-29 03:38:45,307 [s2-groupManagement] INFO  server.RaftServerConfigKeys (ConfUtils.java:logGet(46)) - raft.server.threadpool.server.size = 0 (default)
2023-06-29 03:38:45,308 [s0-impl-thread1] INFO  server.RaftServerConfigKeys (ConfUtils.java:logGet(46)) - raft.server.log.purge.preservation.log.num = 0 (default)
2023-06-29 03:38:45,308 [s2-groupManagement] INFO  server.RaftServerConfigKeys (ConfUtils.java:logGet(46)) - raft.server.threadpool.client.cached = true (default)
2023-06-29 03:38:45,308 [s2-groupManagement] INFO  server.RaftServerConfigKeys (ConfUtils.java:logGet(46)) - raft.server.threadpool.client.size = 0 (default)
2023-06-29 03:38:45,308 [s0-impl-thread1] INFO  server.RaftServerConfigKeys (ConfUtils.java:logGet(46)) - raft.server.log.segment.size.max = 8MB (=8388608) (default)
2023-06-29 03:38:45,308 [s0-impl-thread1] INFO  server.RaftServerConfigKeys (ConfUtils.java:logGet(46)) - raft.server.log.segment.cache.num.max = 6 (default)
2023-06-29 03:38:45,308 [s0-impl-thread1] INFO  server.RaftServerConfigKeys (ConfUtils.java:logGet(46)) - raft.server.log.segment.cache.size.max = 200MB (=209715200) (default)
2023-06-29 03:38:45,308 [s0-impl-thread1] INFO  server.RaftServerConfigKeys (ConfUtils.java:logGet(46)) - raft.server.log.appender.buffer.byte-limit = 4MB (=4194304) (default)
2023-06-29 03:38:45,308 [s0-impl-thread1] INFO  segmented.SegmentedRaftLogWorker (SegmentedRaftLogWorker.java:<init>(183)) - new s0@group-1C20FCBBD8ED-SegmentedRaftLogWorker for RaftStorageImpl:Storage Directory /home/runner/work/ratis/ratis/ratis-test/target/test/data/ad2395e4/MiniRaftClusterWithRpcTypeGrpcAndDataStreamTypeNettyfa43ccb9/s0/0f78e9d4-4aaf-459b-85ff-1c20fcbbd8ed
2023-06-29 03:38:45,308 [s0-impl-thread1] INFO  server.RaftServerConfigKeys (ConfUtils.java:logGet(46)) - raft.server.log.queue.byte-limit = 64MB (=67108864) (default)
2023-06-29 03:38:45,308 [s0-impl-thread1] INFO  server.RaftServerConfigKeys (ConfUtils.java:logGet(46)) - raft.server.log.queue.element-limit = 4096 (default)
2023-06-29 03:38:45,308 [s0-impl-thread1] INFO  server.RaftServerConfigKeys (ConfUtils.java:logGet(46)) - raft.server.log.segment.size.max = 8MB (=8388608) (default)
2023-06-29 03:38:45,308 [s0-impl-thread1] INFO  server.RaftServerConfigKeys (ConfUtils.java:logGet(46)) - raft.server.log.preallocated.size = 4MB (=4194304) (default)
2023-06-29 03:38:45,308 [s0-impl-thread1] INFO  server.RaftServerConfigKeys (ConfUtils.java:logGet(46)) - raft.server.log.force.sync.num = 128 (default)
2023-06-29 03:38:45,308 [s0-impl-thread1] INFO  server.RaftServerConfigKeys (ConfUtils.java:logGet(46)) - raft.server.log.statemachine.data.sync = true (default)
2023-06-29 03:38:45,308 [s0-impl-thread1] INFO  server.RaftServerConfigKeys (ConfUtils.java:logGet(46)) - raft.server.log.statemachine.data.sync.timeout = 10s (default)
2023-06-29 03:38:45,308 [s0-impl-thread1] INFO  server.RaftServerConfigKeys (ConfUtils.java:logGet(46)) - raft.server.log.statemachine.data.sync.timeout.retry = -1 (default)
2023-06-29 03:38:45,308 [s0-impl-thread1] INFO  server.RaftServerConfigKeys (ConfUtils.java:logGet(46)) - raft.server.log.write.buffer.size = 64KB (=65536) (default)
2023-06-29 03:38:45,308 [s0-impl-thread1] INFO  server.RaftServerConfigKeys (ConfUtils.java:logGet(46)) - raft.server.log.appender.buffer.byte-limit = 4MB (=4194304) (default)
2023-06-29 03:38:45,309 [s0-impl-thread1] INFO  server.RaftServerConfigKeys (ConfUtils.java:logGet(46)) - raft.server.log.unsafe-flush.enabled = false (default)
2023-06-29 03:38:45,309 [s0-impl-thread1] INFO  server.RaftServerConfigKeys (ConfUtils.java:logGet(46)) - raft.server.log.async-flush.enabled = false (default)
2023-06-29 03:38:45,309 [s0-impl-thread1] INFO  server.RaftServerConfigKeys (ConfUtils.java:logGet(46)) - raft.server.log.statemachine.data.caching.enabled = false (default)
2023-06-29 03:38:45,309 [s0-impl-thread1] INFO  segmented.SegmentedRaftLogWorker (SegmentedRaftLogWorker.java:lambda$new$0(134)) - s0@group-1C20FCBBD8ED-SegmentedRaftLogWorker: flushIndex: setUnconditionally 0 -> -1
2023-06-29 03:38:45,309 [s0-impl-thread1] INFO  segmented.SegmentedRaftLogWorker (SegmentedRaftLogWorker.java:lambda$new$0(134)) - s0@group-1C20FCBBD8ED-SegmentedRaftLogWorker: safeCacheEvictIndex: setUnconditionally 0 -> -1
2023-06-29 03:38:45,309 [s0-impl-thread1] INFO  server.RaftServer$Division (RaftServerImpl.java:start(384)) - s0@group-1C20FCBBD8ED: start as a follower, conf=-1: peers:[s0|rpc:localhost:40241|admin:localhost:35799|client:localhost:41353|dataStream:localhost:36013|priority:0|startupRole:FOLLOWER, s1|rpc:localhost:37015|admin:localhost:33405|client:localhost:33487|dataStream:localhost:33909|priority:0|startupRole:FOLLOWER, s2|rpc:localhost:44999|admin:localhost:38575|client:localhost:37017|dataStream:localhost:43099|priority:0|startupRole:FOLLOWER]|listeners:[], old=null
2023-06-29 03:38:45,309 [s0-impl-thread1] INFO  server.RaftServer$Division (RaftServerImpl.java:setRole(371)) - s0@group-1C20FCBBD8ED: changes role from      null to FOLLOWER at term 0 for startAsFollower
2023-06-29 03:38:45,309 [s0-impl-thread1] INFO  impl.RoleInfo (RoleInfo.java:updateAndGet(139)) - s0: start s0@group-1C20FCBBD8ED-FollowerState
2023-06-29 03:38:45,310 [s0-impl-thread1] INFO  util.JmxRegister (JmxRegister.java:tryRegister(44)) - Successfully registered JMX Bean with object name Ratis:service=RaftServer,group=group-1C20FCBBD8ED,id=s0
2023-06-29 03:38:45,310 [s0-impl-thread1] INFO  server.RaftServerConfigKeys (ConfUtils.java:logGet(46)) - raft.server.snapshot.auto.trigger.enabled = false (default)
2023-06-29 03:38:45,310 [s0-impl-thread1] INFO  server.RaftServerConfigKeys (ConfUtils.java:logGet(46)) - raft.server.snapshot.retention.file.num = -1 (default)
2023-06-29 03:38:45,310 [s0-impl-thread1] INFO  server.RaftServerConfigKeys (ConfUtils.java:logGet(46)) - raft.server.log.purge.upto.snapshot.index = false (default)
2023-06-29 03:38:45,310 [s0@group-1C20FCBBD8ED-FollowerState] INFO  server.RaftServerConfigKeys (ConfUtils.java:logFallback(53)) - raft.server.rpc.first-election.timeout.min = 150ms (fallback to raft.server.rpc.timeout.min)
2023-06-29 03:38:45,310 [s0@group-1C20FCBBD8ED-FollowerState] INFO  server.RaftServerConfigKeys (ConfUtils.java:logFallback(53)) - raft.server.rpc.first-election.timeout.max = 300ms (fallback to raft.server.rpc.timeout.max)
2023-06-29 03:38:45,310 [Time-limited test] INFO  server.RaftServer (RaftServerProxy.java:startImpl(401)) - s0: start RPC server
2023-06-29 03:38:45,322 [Time-limited test] INFO  server.GrpcService (GrpcService.java:startImpl(302)) - s0: GrpcService started, listening on 41353
2023-06-29 03:38:45,324 [Time-limited test] INFO  server.GrpcService (GrpcService.java:startImpl(302)) - s0: GrpcService started, listening on 40241
2023-06-29 03:38:45,327 [Time-limited test] INFO  server.GrpcService (GrpcService.java:startImpl(302)) - s0: GrpcService started, listening on 35799
2023-06-29 03:38:45,330 [s1-impl-thread1] INFO  server.RaftServerConfigKeys (ConfUtils.java:logGet(46)) - raft.server.storage.free-space.min = 0MB (=0) (default)
2023-06-29 03:38:45,330 [s1-impl-thread1] INFO  server.RaftServerConfigKeys (ConfUtils.java:logGet(46)) - raft.server.log.corruption.policy = EXCEPTION (default)
2023-06-29 03:38:45,330 [s1-impl-thread1] INFO  server.RaftServerConfigKeys (ConfUtils.java:logGet(46)) - raft.server.storage.dir = [/home/runner/work/ratis/ratis/ratis-test/target/test/data/ad2395e4/MiniRaftClusterWithRpcTypeGrpcAndDataStreamTypeNettyfa43ccb9/s1] (custom)
2023-06-29 03:38:45,330 [s1-impl-thread1] INFO  storage.RaftStorageDirectory (RaftStorageDirectoryImpl.java:analyzeStorage(138)) - The storage directory /home/runner/work/ratis/ratis/ratis-test/target/test/data/ad2395e4/MiniRaftClusterWithRpcTypeGrpcAndDataStreamTypeNettyfa43ccb9/s1/0f78e9d4-4aaf-459b-85ff-1c20fcbbd8ed does not exist. Creating ...
2023-06-29 03:38:45,330 [s1-impl-thread1] TRACE util.FileUtils (LogUtils.java:runAndLog(49)) - Successfully ran Files.createDirectories /home/runner/work/ratis/ratis/ratis-test/target/test/data/ad2395e4/MiniRaftClusterWithRpcTypeGrpcAndDataStreamTypeNettyfa43ccb9/s1/0f78e9d4-4aaf-459b-85ff-1c20fcbbd8ed
2023-06-29 03:38:45,331 [JvmPauseMonitor7] INFO  util.JvmPauseMonitor (JvmPauseMonitor.java:run(103)) - JvmPauseMonitor-s0: Started
2023-06-29 03:38:45,331 [s1-impl-thread1] INFO  storage.RaftStorageDirectory (RaftStorageDirectoryImpl.java:tryLock(232)) - Lock on /home/runner/work/ratis/ratis/ratis-test/target/test/data/ad2395e4/MiniRaftClusterWithRpcTypeGrpcAndDataStreamTypeNettyfa43ccb9/s1/0f78e9d4-4aaf-459b-85ff-1c20fcbbd8ed/in_use.lock acquired by nodename 11425@fv-az33-183
2023-06-29 03:38:45,331 [s1-impl-thread1] TRACE util.FileUtils (LogUtils.java:runAndLog(49)) - Successfully ran Files.createDirectories /home/runner/work/ratis/ratis/ratis-test/target/test/data/ad2395e4/MiniRaftClusterWithRpcTypeGrpcAndDataStreamTypeNettyfa43ccb9/s1/0f78e9d4-4aaf-459b-85ff-1c20fcbbd8ed/current
2023-06-29 03:38:45,331 [s1-impl-thread1] TRACE util.FileUtils (LogUtils.java:runAndLog(49)) - Successfully ran Files.createDirectories /home/runner/work/ratis/ratis/ratis-test/target/test/data/ad2395e4/MiniRaftClusterWithRpcTypeGrpcAndDataStreamTypeNettyfa43ccb9/s1/0f78e9d4-4aaf-459b-85ff-1c20fcbbd8ed/sm
2023-06-29 03:38:45,332 [s1-impl-thread1] INFO  storage.RaftStorage (RaftStorageImpl.java:format(96)) - Storage directory /home/runner/work/ratis/ratis/ratis-test/target/test/data/ad2395e4/MiniRaftClusterWithRpcTypeGrpcAndDataStreamTypeNettyfa43ccb9/s1/0f78e9d4-4aaf-459b-85ff-1c20fcbbd8ed has been successfully formatted.
2023-06-29 03:38:45,332 [s1-impl-thread1] INFO  server.RaftServerConfigKeys (ConfUtils.java:logGet(46)) - raft.server.log.use.memory = false (default)
2023-06-29 03:38:45,332 [s1-impl-thread1] INFO  server.RaftServerConfigKeys (ConfUtils.java:logGet(46)) - raft.server.log.purge.gap = 1024 (default)
2023-06-29 03:38:45,332 [s1-impl-thread1] INFO  server.RaftServerConfigKeys (ConfUtils.java:logGet(46)) - raft.server.log.appender.buffer.byte-limit = 4MB (=4194304) (default)
2023-06-29 03:38:45,332 [s1-impl-thread1] INFO  server.RaftServerConfigKeys (ConfUtils.java:logGet(46)) - raft.server.log.statemachine.data.read.timeout = 1000ms (default)
2023-06-29 03:38:45,332 [s1-impl-thread1] INFO  server.RaftServerConfigKeys (ConfUtils.java:logGet(46)) - raft.server.log.purge.preservation.log.num = 0 (default)
2023-06-29 03:38:45,333 [s1-impl-thread1] INFO  server.RaftServerConfigKeys (ConfUtils.java:logGet(46)) - raft.server.log.segment.size.max = 8MB (=8388608) (default)
2023-06-29 03:38:45,333 [s1-impl-thread1] INFO  server.RaftServerConfigKeys (ConfUtils.java:logGet(46)) - raft.server.log.segment.cache.num.max = 6 (default)
2023-06-29 03:38:45,333 [s1-impl-thread1] INFO  server.RaftServerConfigKeys (ConfUtils.java:logGet(46)) - raft.server.log.segment.cache.size.max = 200MB (=209715200) (default)
2023-06-29 03:38:45,333 [s1-impl-thread1] INFO  server.RaftServerConfigKeys (ConfUtils.java:logGet(46)) - raft.server.log.appender.buffer.byte-limit = 4MB (=4194304) (default)
2023-06-29 03:38:45,333 [s1-impl-thread1] INFO  segmented.SegmentedRaftLogWorker (SegmentedRaftLogWorker.java:<init>(183)) - new s1@group-1C20FCBBD8ED-SegmentedRaftLogWorker for RaftStorageImpl:Storage Directory /home/runner/work/ratis/ratis/ratis-test/target/test/data/ad2395e4/MiniRaftClusterWithRpcTypeGrpcAndDataStreamTypeNettyfa43ccb9/s1/0f78e9d4-4aaf-459b-85ff-1c20fcbbd8ed
2023-06-29 03:38:45,333 [s1-impl-thread1] INFO  server.RaftServerConfigKeys (ConfUtils.java:logGet(46)) - raft.server.log.queue.byte-limit = 64MB (=67108864) (default)
2023-06-29 03:38:45,333 [s1-impl-thread1] INFO  server.RaftServerConfigKeys (ConfUtils.java:logGet(46)) - raft.server.log.queue.element-limit = 4096 (default)
2023-06-29 03:38:45,333 [s1-impl-thread1] INFO  server.RaftServerConfigKeys (ConfUtils.java:logGet(46)) - raft.server.log.segment.size.max = 8MB (=8388608) (default)
2023-06-29 03:38:45,333 [s1-impl-thread1] INFO  server.RaftServerConfigKeys (ConfUtils.java:logGet(46)) - raft.server.log.preallocated.size = 4MB (=4194304) (default)
2023-06-29 03:38:45,333 [s1-impl-thread1] INFO  server.RaftServerConfigKeys (ConfUtils.java:logGet(46)) - raft.server.log.force.sync.num = 128 (default)
2023-06-29 03:38:45,333 [s1-impl-thread1] INFO  server.RaftServerConfigKeys (ConfUtils.java:logGet(46)) - raft.server.log.statemachine.data.sync = true (default)
2023-06-29 03:38:45,333 [s1-impl-thread1] INFO  server.RaftServerConfigKeys (ConfUtils.java:logGet(46)) - raft.server.log.statemachine.data.sync.timeout = 10s (default)
2023-06-29 03:38:45,333 [s1-impl-thread1] INFO  server.RaftServerConfigKeys (ConfUtils.java:logGet(46)) - raft.server.log.statemachine.data.sync.timeout.retry = -1 (default)
2023-06-29 03:38:45,333 [s1-impl-thread1] INFO  server.RaftServerConfigKeys (ConfUtils.java:logGet(46)) - raft.server.log.write.buffer.size = 64KB (=65536) (default)
2023-06-29 03:38:45,333 [s1-impl-thread1] INFO  server.RaftServerConfigKeys (ConfUtils.java:logGet(46)) - raft.server.log.appender.buffer.byte-limit = 4MB (=4194304) (default)
2023-06-29 03:38:45,334 [s1-impl-thread1] INFO  server.RaftServerConfigKeys (ConfUtils.java:logGet(46)) - raft.server.log.unsafe-flush.enabled = false (default)
2023-06-29 03:38:45,334 [s1-impl-thread1] INFO  server.RaftServerConfigKeys (ConfUtils.java:logGet(46)) - raft.server.log.async-flush.enabled = false (default)
2023-06-29 03:38:45,334 [s1-impl-thread1] INFO  server.RaftServerConfigKeys (ConfUtils.java:logGet(46)) - raft.server.log.statemachine.data.caching.enabled = false (default)
2023-06-29 03:38:45,334 [s1-impl-thread1] INFO  segmented.SegmentedRaftLogWorker (SegmentedRaftLogWorker.java:lambda$new$0(134)) - s1@group-1C20FCBBD8ED-SegmentedRaftLogWorker: flushIndex: setUnconditionally 0 -> -1
2023-06-29 03:38:45,334 [s1-impl-thread1] INFO  segmented.SegmentedRaftLogWorker (SegmentedRaftLogWorker.java:lambda$new$0(134)) - s1@group-1C20FCBBD8ED-SegmentedRaftLogWorker: safeCacheEvictIndex: setUnconditionally 0 -> -1
2023-06-29 03:38:45,334 [s1-impl-thread1] INFO  server.RaftServer$Division (RaftServerImpl.java:start(384)) - s1@group-1C20FCBBD8ED: start as a follower, conf=-1: peers:[s0|rpc:localhost:40241|admin:localhost:35799|client:localhost:41353|dataStream:localhost:36013|priority:0|startupRole:FOLLOWER, s1|rpc:localhost:37015|admin:localhost:33405|client:localhost:33487|dataStream:localhost:33909|priority:0|startupRole:FOLLOWER, s2|rpc:localhost:44999|admin:localhost:38575|client:localhost:37017|dataStream:localhost:43099|priority:0|startupRole:FOLLOWER]|listeners:[], old=null
2023-06-29 03:38:45,334 [s1-impl-thread1] INFO  server.RaftServer$Division (RaftServerImpl.java:setRole(371)) - s1@group-1C20FCBBD8ED: changes role from      null to FOLLOWER at term 0 for startAsFollower
2023-06-29 03:38:45,334 [s1-impl-thread1] INFO  impl.RoleInfo (RoleInfo.java:updateAndGet(139)) - s1: start s1@group-1C20FCBBD8ED-FollowerState
2023-06-29 03:38:45,334 [s1-impl-thread1] INFO  util.JmxRegister (JmxRegister.java:tryRegister(44)) - Successfully registered JMX Bean with object name Ratis:service=RaftServer,group=group-1C20FCBBD8ED,id=s1
2023-06-29 03:38:45,335 [s1-impl-thread1] INFO  server.RaftServerConfigKeys (ConfUtils.java:logGet(46)) - raft.server.snapshot.auto.trigger.enabled = false (default)
2023-06-29 03:38:45,335 [s1-impl-thread1] INFO  server.RaftServerConfigKeys (ConfUtils.java:logGet(46)) - raft.server.snapshot.retention.file.num = -1 (default)
2023-06-29 03:38:45,335 [s1-impl-thread1] INFO  server.RaftServerConfigKeys (ConfUtils.java:logGet(46)) - raft.server.log.purge.upto.snapshot.index = false (default)
2023-06-29 03:38:45,335 [s1@group-1C20FCBBD8ED-FollowerState] INFO  server.RaftServerConfigKeys (ConfUtils.java:logFallback(53)) - raft.server.rpc.first-election.timeout.min = 150ms (fallback to raft.server.rpc.timeout.min)
2023-06-29 03:38:45,335 [s1@group-1C20FCBBD8ED-FollowerState] INFO  server.RaftServerConfigKeys (ConfUtils.java:logFallback(53)) - raft.server.rpc.first-election.timeout.max = 300ms (fallback to raft.server.rpc.timeout.max)
2023-06-29 03:38:45,338 [Time-limited test] INFO  server.RaftServer (RaftServerProxy.java:startImpl(401)) - s1: start RPC server
2023-06-29 03:38:45,346 [Time-limited test] INFO  server.GrpcService (GrpcService.java:startImpl(302)) - s1: GrpcService started, listening on 33487
2023-06-29 03:38:45,348 [Time-limited test] INFO  server.GrpcService (GrpcService.java:startImpl(302)) - s1: GrpcService started, listening on 37015
2023-06-29 03:38:45,351 [Time-limited test] INFO  server.GrpcService (GrpcService.java:startImpl(302)) - s1: GrpcService started, listening on 33405
2023-06-29 03:38:45,354 [s2-impl-thread1] INFO  server.RaftServerConfigKeys (ConfUtils.java:logGet(46)) - raft.server.storage.free-space.min = 0MB (=0) (default)
2023-06-29 03:38:45,354 [JvmPauseMonitor8] INFO  util.JvmPauseMonitor (JvmPauseMonitor.java:run(103)) - JvmPauseMonitor-s1: Started
2023-06-29 03:38:45,354 [s2-impl-thread1] INFO  server.RaftServerConfigKeys (ConfUtils.java:logGet(46)) - raft.server.log.corruption.policy = EXCEPTION (default)
2023-06-29 03:38:45,354 [s2-impl-thread1] INFO  server.RaftServerConfigKeys (ConfUtils.java:logGet(46)) - raft.server.storage.dir = [/home/runner/work/ratis/ratis/ratis-test/target/test/data/ad2395e4/MiniRaftClusterWithRpcTypeGrpcAndDataStreamTypeNettyfa43ccb9/s2] (custom)
2023-06-29 03:38:45,354 [s2-impl-thread1] INFO  storage.RaftStorageDirectory (RaftStorageDirectoryImpl.java:analyzeStorage(138)) - The storage directory /home/runner/work/ratis/ratis/ratis-test/target/test/data/ad2395e4/MiniRaftClusterWithRpcTypeGrpcAndDataStreamTypeNettyfa43ccb9/s2/0f78e9d4-4aaf-459b-85ff-1c20fcbbd8ed does not exist. Creating ...
2023-06-29 03:38:45,354 [s2-impl-thread1] TRACE util.FileUtils (LogUtils.java:runAndLog(49)) - Successfully ran Files.createDirectories /home/runner/work/ratis/ratis/ratis-test/target/test/data/ad2395e4/MiniRaftClusterWithRpcTypeGrpcAndDataStreamTypeNettyfa43ccb9/s2/0f78e9d4-4aaf-459b-85ff-1c20fcbbd8ed
2023-06-29 03:38:45,355 [s2-impl-thread1] INFO  storage.RaftStorageDirectory (RaftStorageDirectoryImpl.java:tryLock(232)) - Lock on /home/runner/work/ratis/ratis/ratis-test/target/test/data/ad2395e4/MiniRaftClusterWithRpcTypeGrpcAndDataStreamTypeNettyfa43ccb9/s2/0f78e9d4-4aaf-459b-85ff-1c20fcbbd8ed/in_use.lock acquired by nodename 11425@fv-az33-183
2023-06-29 03:38:45,355 [s2-impl-thread1] TRACE util.FileUtils (LogUtils.java:runAndLog(49)) - Successfully ran Files.createDirectories /home/runner/work/ratis/ratis/ratis-test/target/test/data/ad2395e4/MiniRaftClusterWithRpcTypeGrpcAndDataStreamTypeNettyfa43ccb9/s2/0f78e9d4-4aaf-459b-85ff-1c20fcbbd8ed/current
2023-06-29 03:38:45,355 [s2-impl-thread1] TRACE util.FileUtils (LogUtils.java:runAndLog(49)) - Successfully ran Files.createDirectories /home/runner/work/ratis/ratis/ratis-test/target/test/data/ad2395e4/MiniRaftClusterWithRpcTypeGrpcAndDataStreamTypeNettyfa43ccb9/s2/0f78e9d4-4aaf-459b-85ff-1c20fcbbd8ed/sm
2023-06-29 03:38:45,356 [s2-impl-thread1] INFO  storage.RaftStorage (RaftStorageImpl.java:format(96)) - Storage directory /home/runner/work/ratis/ratis/ratis-test/target/test/data/ad2395e4/MiniRaftClusterWithRpcTypeGrpcAndDataStreamTypeNettyfa43ccb9/s2/0f78e9d4-4aaf-459b-85ff-1c20fcbbd8ed has been successfully formatted.
2023-06-29 03:38:45,356 [s2-impl-thread1] INFO  server.RaftServerConfigKeys (ConfUtils.java:logGet(46)) - raft.server.log.use.memory = false (default)
2023-06-29 03:38:45,356 [s2-impl-thread1] INFO  server.RaftServerConfigKeys (ConfUtils.java:logGet(46)) - raft.server.log.purge.gap = 1024 (default)
2023-06-29 03:38:45,356 [s2-impl-thread1] INFO  server.RaftServerConfigKeys (ConfUtils.java:logGet(46)) - raft.server.log.appender.buffer.byte-limit = 4MB (=4194304) (default)
2023-06-29 03:38:45,356 [s2-impl-thread1] INFO  server.RaftServerConfigKeys (ConfUtils.java:logGet(46)) - raft.server.log.statemachine.data.read.timeout = 1000ms (default)
2023-06-29 03:38:45,356 [s2-impl-thread1] INFO  server.RaftServerConfigKeys (ConfUtils.java:logGet(46)) - raft.server.log.purge.preservation.log.num = 0 (default)
2023-06-29 03:38:45,356 [s2-impl-thread1] INFO  server.RaftServerConfigKeys (ConfUtils.java:logGet(46)) - raft.server.log.segment.size.max = 8MB (=8388608) (default)
2023-06-29 03:38:45,357 [s2-impl-thread1] INFO  server.RaftServerConfigKeys (ConfUtils.java:logGet(46)) - raft.server.log.segment.cache.num.max = 6 (default)
2023-06-29 03:38:45,357 [s2-impl-thread1] INFO  server.RaftServerConfigKeys (ConfUtils.java:logGet(46)) - raft.server.log.segment.cache.size.max = 200MB (=209715200) (default)
2023-06-29 03:38:45,357 [s2-impl-thread1] INFO  server.RaftServerConfigKeys (ConfUtils.java:logGet(46)) - raft.server.log.appender.buffer.byte-limit = 4MB (=4194304) (default)
2023-06-29 03:38:45,357 [s2-impl-thread1] INFO  segmented.SegmentedRaftLogWorker (SegmentedRaftLogWorker.java:<init>(183)) - new s2@group-1C20FCBBD8ED-SegmentedRaftLogWorker for RaftStorageImpl:Storage Directory /home/runner/work/ratis/ratis/ratis-test/target/test/data/ad2395e4/MiniRaftClusterWithRpcTypeGrpcAndDataStreamTypeNettyfa43ccb9/s2/0f78e9d4-4aaf-459b-85ff-1c20fcbbd8ed
2023-06-29 03:38:45,357 [s2-impl-thread1] INFO  server.RaftServerConfigKeys (ConfUtils.java:logGet(46)) - raft.server.log.queue.byte-limit = 64MB (=67108864) (default)
2023-06-29 03:38:45,357 [s2-impl-thread1] INFO  server.RaftServerConfigKeys (ConfUtils.java:logGet(46)) - raft.server.log.queue.element-limit = 4096 (default)
2023-06-29 03:38:45,357 [s2-impl-thread1] INFO  server.RaftServerConfigKeys (ConfUtils.java:logGet(46)) - raft.server.log.segment.size.max = 8MB (=8388608) (default)
2023-06-29 03:38:45,357 [s2-impl-thread1] INFO  server.RaftServerConfigKeys (ConfUtils.java:logGet(46)) - raft.server.log.preallocated.size = 4MB (=4194304) (default)
2023-06-29 03:38:45,357 [s2-impl-thread1] INFO  server.RaftServerConfigKeys (ConfUtils.java:logGet(46)) - raft.server.log.force.sync.num = 128 (default)
2023-06-29 03:38:45,357 [s2-impl-thread1] INFO  server.RaftServerConfigKeys (ConfUtils.java:logGet(46)) - raft.server.log.statemachine.data.sync = true (default)
2023-06-29 03:38:45,357 [s2-impl-thread1] INFO  server.RaftServerConfigKeys (ConfUtils.java:logGet(46)) - raft.server.log.statemachine.data.sync.timeout = 10s (default)
2023-06-29 03:38:45,357 [s2-impl-thread1] INFO  server.RaftServerConfigKeys (ConfUtils.java:logGet(46)) - raft.server.log.statemachine.data.sync.timeout.retry = -1 (default)
2023-06-29 03:38:45,357 [s2-impl-thread1] INFO  server.RaftServerConfigKeys (ConfUtils.java:logGet(46)) - raft.server.log.write.buffer.size = 64KB (=65536) (default)
2023-06-29 03:38:45,357 [s2-impl-thread1] INFO  server.RaftServerConfigKeys (ConfUtils.java:logGet(46)) - raft.server.log.appender.buffer.byte-limit = 4MB (=4194304) (default)
2023-06-29 03:38:45,357 [s2-impl-thread1] INFO  server.RaftServerConfigKeys (ConfUtils.java:logGet(46)) - raft.server.log.unsafe-flush.enabled = false (default)
2023-06-29 03:38:45,357 [s2-impl-thread1] INFO  server.RaftServerConfigKeys (ConfUtils.java:logGet(46)) - raft.server.log.async-flush.enabled = false (default)
2023-06-29 03:38:45,357 [s2-impl-thread1] INFO  server.RaftServerConfigKeys (ConfUtils.java:logGet(46)) - raft.server.log.statemachine.data.caching.enabled = false (default)
2023-06-29 03:38:45,358 [s2-impl-thread1] INFO  segmented.SegmentedRaftLogWorker (SegmentedRaftLogWorker.java:lambda$new$0(134)) - s2@group-1C20FCBBD8ED-SegmentedRaftLogWorker: flushIndex: setUnconditionally 0 -> -1
2023-06-29 03:38:45,358 [s2-impl-thread1] INFO  segmented.SegmentedRaftLogWorker (SegmentedRaftLogWorker.java:lambda$new$0(134)) - s2@group-1C20FCBBD8ED-SegmentedRaftLogWorker: safeCacheEvictIndex: setUnconditionally 0 -> -1
2023-06-29 03:38:45,358 [s2-impl-thread1] INFO  server.RaftServer$Division (RaftServerImpl.java:start(384)) - s2@group-1C20FCBBD8ED: start as a follower, conf=-1: peers:[s0|rpc:localhost:40241|admin:localhost:35799|client:localhost:41353|dataStream:localhost:36013|priority:0|startupRole:FOLLOWER, s1|rpc:localhost:37015|admin:localhost:33405|client:localhost:33487|dataStream:localhost:33909|priority:0|startupRole:FOLLOWER, s2|rpc:localhost:44999|admin:localhost:38575|client:localhost:37017|dataStream:localhost:43099|priority:0|startupRole:FOLLOWER]|listeners:[], old=null
2023-06-29 03:38:45,358 [s2-impl-thread1] INFO  server.RaftServer$Division (RaftServerImpl.java:setRole(371)) - s2@group-1C20FCBBD8ED: changes role from      null to FOLLOWER at term 0 for startAsFollower
2023-06-29 03:38:45,358 [s2-impl-thread1] INFO  impl.RoleInfo (RoleInfo.java:updateAndGet(139)) - s2: start s2@group-1C20FCBBD8ED-FollowerState
2023-06-29 03:38:45,358 [s2-impl-thread1] INFO  util.JmxRegister (JmxRegister.java:tryRegister(44)) - Successfully registered JMX Bean with object name Ratis:service=RaftServer,group=group-1C20FCBBD8ED,id=s2
2023-06-29 03:38:45,358 [s2-impl-thread1] INFO  server.RaftServerConfigKeys (ConfUtils.java:logGet(46)) - raft.server.snapshot.auto.trigger.enabled = false (default)
2023-06-29 03:38:45,358 [s2-impl-thread1] INFO  server.RaftServerConfigKeys (ConfUtils.java:logGet(46)) - raft.server.snapshot.retention.file.num = -1 (default)
2023-06-29 03:38:45,358 [s2-impl-thread1] INFO  server.RaftServerConfigKeys (ConfUtils.java:logGet(46)) - raft.server.log.purge.upto.snapshot.index = false (default)
2023-06-29 03:38:45,358 [s2@group-1C20FCBBD8ED-FollowerState] INFO  server.RaftServerConfigKeys (ConfUtils.java:logFallback(53)) - raft.server.rpc.first-election.timeout.min = 150ms (fallback to raft.server.rpc.timeout.min)
2023-06-29 03:38:45,358 [s2@group-1C20FCBBD8ED-FollowerState] INFO  server.RaftServerConfigKeys (ConfUtils.java:logFallback(53)) - raft.server.rpc.first-election.timeout.max = 300ms (fallback to raft.server.rpc.timeout.max)
2023-06-29 03:38:45,362 [Time-limited test] INFO  server.RaftServer (RaftServerProxy.java:startImpl(401)) - s2: start RPC server
2023-06-29 03:38:45,363 [Time-limited test] INFO  server.GrpcService (GrpcService.java:startImpl(302)) - s2: GrpcService started, listening on 37017
2023-06-29 03:38:45,365 [Time-limited test] INFO  server.GrpcService (GrpcService.java:startImpl(302)) - s2: GrpcService started, listening on 44999
2023-06-29 03:38:45,367 [Time-limited test] INFO  server.GrpcService (GrpcService.java:startImpl(302)) - s2: GrpcService started, listening on 38575
2023-06-29 03:38:45,367 [JvmPauseMonitor9] INFO  util.JvmPauseMonitor (JvmPauseMonitor.java:run(103)) - JvmPauseMonitor-s2: Started
2023-06-29 03:38:45,370 [Time-limited test] INFO  server.RaftServerConfigKeys (ConfUtils.java:logGet(46)) - raft.server.rpc.timeout.max = 300ms (default)
2023-06-29 03:38:45,370 [Time-limited test] INFO  ratis.RaftTestUtil (RaftTestUtil.java:waitForLeader(100)) - printing ALL groups
  s0:  RUNNING  FOLLOWER s0@group-1C20FCBBD8ED:t0, leader=null, voted=, raftlog=Memoized:s0@group-1C20FCBBD8ED-SegmentedRaftLog:OPENED:c-1, conf=-1: peers:[s0|rpc:localhost:40241|admin:localhost:35799|client:localhost:41353|dataStream:localhost:36013|priority:0|startupRole:FOLLOWER, s1|rpc:localhost:37015|admin:localhost:33405|client:localhost:33487|dataStream:localhost:33909|priority:0|startupRole:FOLLOWER, s2|rpc:localhost:44999|admin:localhost:38575|client:localhost:37017|dataStream:localhost:43099|priority:0|startupRole:FOLLOWER]|listeners:[], old=null RUNNING
  s1:  RUNNING  FOLLOWER s1@group-1C20FCBBD8ED:t0, leader=null, voted=, raftlog=Memoized:s1@group-1C20FCBBD8ED-SegmentedRaftLog:OPENED:c-1, conf=-1: peers:[s0|rpc:localhost:40241|admin:localhost:35799|client:localhost:41353|dataStream:localhost:36013|priority:0|startupRole:FOLLOWER, s1|rpc:localhost:37015|admin:localhost:33405|client:localhost:33487|dataStream:localhost:33909|priority:0|startupRole:FOLLOWER, s2|rpc:localhost:44999|admin:localhost:38575|client:localhost:37017|dataStream:localhost:43099|priority:0|startupRole:FOLLOWER]|listeners:[], old=null RUNNING
  s2:  RUNNING  FOLLOWER s2@group-1C20FCBBD8ED:t0, leader=null, voted=, raftlog=Memoized:s2@group-1C20FCBBD8ED-SegmentedRaftLog:OPENED:c-1, conf=-1: peers:[s0|rpc:localhost:40241|admin:localhost:35799|client:localhost:41353|dataStream:localhost:36013|priority:0|startupRole:FOLLOWER, s1|rpc:localhost:37015|admin:localhost:33405|client:localhost:33487|dataStream:localhost:33909|priority:0|startupRole:FOLLOWER, s2|rpc:localhost:44999|admin:localhost:38575|client:localhost:37017|dataStream:localhost:43099|priority:0|startupRole:FOLLOWER]|listeners:[], old=null RUNNING
2023-06-29 03:38:45,370 [Time-limited test] WARN  ratis.RaftTestUtil (JavaUtils.java:attempt(217)) - FAILED "waitForLeader-null-(expectLeader? true)", attempt #1/100: java.lang.IllegalStateException: No leader yet : printing ALL groups
  s0:  RUNNING  FOLLOWER s0@group-1C20FCBBD8ED:t0, leader=null, voted=, raftlog=Memoized:s0@group-1C20FCBBD8ED-SegmentedRaftLog:OPENED:c-1, conf=-1: peers:[s0|rpc:localhost:40241|admin:localhost:35799|client:localhost:41353|dataStream:localhost:36013|priority:0|startupRole:FOLLOWER, s1|rpc:localhost:37015|admin:localhost:33405|client:localhost:33487|dataStream:localhost:33909|priority:0|startupRole:FOLLOWER, s2|rpc:localhost:44999|admin:localhost:38575|client:localhost:37017|dataStream:localhost:43099|priority:0|startupRole:FOLLOWER]|listeners:[], old=null RUNNING
  s1:  RUNNING  FOLLOWER s1@group-1C20FCBBD8ED:t0, leader=null, voted=, raftlog=Memoized:s1@group-1C20FCBBD8ED-SegmentedRaftLog:OPENED:c-1, conf=-1: peers:[s0|rpc:localhost:40241|admin:localhost:35799|client:localhost:41353|dataStream:localhost:36013|priority:0|startupRole:FOLLOWER, s1|rpc:localhost:37015|admin:localhost:33405|client:localhost:33487|dataStream:localhost:33909|priority:0|startupRole:FOLLOWER, s2|rpc:localhost:44999|admin:localhost:38575|client:localhost:37017|dataStream:localhost:43099|priority:0|startupRole:FOLLOWER]|listeners:[], old=null RUNNING
  s2:  RUNNING  FOLLOWER s2@group-1C20FCBBD8ED:t0, leader=null, voted=, raftlog=Memoized:s2@group-1C20FCBBD8ED-SegmentedRaftLog:OPENED:c-1, conf=-1: peers:[s0|rpc:localhost:40241|admin:localhost:35799|client:localhost:41353|dataStream:localhost:36013|priority:0|startupRole:FOLLOWER, s1|rpc:localhost:37015|admin:localhost:33405|client:localhost:33487|dataStream:localhost:33909|priority:0|startupRole:FOLLOWER, s2|rpc:localhost:44999|admin:localhost:38575|client:localhost:37017|dataStream:localhost:43099|priority:0|startupRole:FOLLOWER]|listeners:[], old=null RUNNING, sleep 450ms and then retry.
java.lang.IllegalStateException: No leader yet : printing ALL groups
  s0:  RUNNING  FOLLOWER s0@group-1C20FCBBD8ED:t0, leader=null, voted=, raftlog=Memoized:s0@group-1C20FCBBD8ED-SegmentedRaftLog:OPENED:c-1, conf=-1: peers:[s0|rpc:localhost:40241|admin:localhost:35799|client:localhost:41353|dataStream:localhost:36013|priority:0|startupRole:FOLLOWER, s1|rpc:localhost:37015|admin:localhost:33405|client:localhost:33487|dataStream:localhost:33909|priority:0|startupRole:FOLLOWER, s2|rpc:localhost:44999|admin:localhost:38575|client:localhost:37017|dataStream:localhost:43099|priority:0|startupRole:FOLLOWER]|listeners:[], old=null RUNNING
  s1:  RUNNING  FOLLOWER s1@group-1C20FCBBD8ED:t0, leader=null, voted=, raftlog=Memoized:s1@group-1C20FCBBD8ED-SegmentedRaftLog:OPENED:c-1, conf=-1: peers:[s0|rpc:localhost:40241|admin:localhost:35799|client:localhost:41353|dataStream:localhost:36013|priority:0|startupRole:FOLLOWER, s1|rpc:localhost:37015|admin:localhost:33405|client:localhost:33487|dataStream:localhost:33909|priority:0|startupRole:FOLLOWER, s2|rpc:localhost:44999|admin:localhost:38575|client:localhost:37017|dataStream:localhost:43099|priority:0|startupRole:FOLLOWER]|listeners:[], old=null RUNNING
  s2:  RUNNING  FOLLOWER s2@group-1C20FCBBD8ED:t0, leader=null, voted=, raftlog=Memoized:s2@group-1C20FCBBD8ED-SegmentedRaftLog:OPENED:c-1, conf=-1: peers:[s0|rpc:localhost:40241|admin:localhost:35799|client:localhost:41353|dataStream:localhost:36013|priority:0|startupRole:FOLLOWER, s1|rpc:localhost:37015|admin:localhost:33405|client:localhost:33487|dataStream:localhost:33909|priority:0|startupRole:FOLLOWER, s2|rpc:localhost:44999|admin:localhost:38575|client:localhost:37017|dataStream:localhost:43099|priority:0|startupRole:FOLLOWER]|listeners:[], old=null RUNNING
	at org.apache.ratis.server.impl.MiniRaftCluster.newIllegalStateExceptionForNoLeaders(MiniRaftCluster.java:581)
	at org.apache.ratis.RaftTestUtil.lambda$waitForLeader$1(RaftTestUtil.java:104)
	at org.apache.ratis.server.impl.MiniRaftCluster.getLeader(MiniRaftCluster.java:615)
	at org.apache.ratis.server.impl.MiniRaftCluster.getLeader(MiniRaftCluster.java:608)
	at org.apache.ratis.RaftTestUtil.lambda$waitForLeader$3(RaftTestUtil.java:112)
	at org.apache.ratis.util.JavaUtils.attempt(JavaUtils.java:211)
	at org.apache.ratis.util.JavaUtils.attemptRepeatedly(JavaUtils.java:197)
	at org.apache.ratis.RaftTestUtil.waitForLeader(RaftTestUtil.java:111)
	at org.apache.ratis.RaftTestUtil.waitForLeader(RaftTestUtil.java:92)
	at org.apache.ratis.RaftTestUtil.waitForLeader(RaftTestUtil.java:87)
	at org.apache.ratis.datastream.DataStreamClusterTests.testStreamWrites(DataStreamClusterTests.java:66)
	at org.apache.ratis.server.impl.MiniRaftCluster$Factory$Get.runWithNewCluster(MiniRaftCluster.java:141)
	at org.apache.ratis.server.impl.MiniRaftCluster$Factory$Get.runWithNewCluster(MiniRaftCluster.java:121)
	at org.apache.ratis.datastream.DataStreamClusterTests.testStreamWrites(DataStreamClusterTests.java:62)
	at java.base/jdk.internal.reflect.NativeMethodAccessorImpl.invoke0(Native Method)
	at java.base/jdk.internal.reflect.NativeMethodAccessorImpl.invoke(NativeMethodAccessorImpl.java:62)
	at java.base/jdk.internal.reflect.DelegatingMethodAccessorImpl.invoke(DelegatingMethodAccessorImpl.java:43)
	at java.base/java.lang.reflect.Method.invoke(Method.java:566)
	at org.junit.runners.model.FrameworkMethod$1.runReflectiveCall(FrameworkMethod.java:59)
	at org.junit.internal.runners.model.ReflectiveCallable.run(ReflectiveCallable.java:12)
	at org.junit.runners.model.FrameworkMethod.invokeExplosively(FrameworkMethod.java:56)
	at org.junit.internal.runners.statements.InvokeMethod.evaluate(InvokeMethod.java:17)
	at org.junit.internal.runners.statements.RunBefores.evaluate(RunBefores.java:26)
	at org.junit.internal.runners.statements.RunAfters.evaluate(RunAfters.java:27)
	at org.junit.internal.runners.statements.FailOnTimeout$CallableStatement.call(FailOnTimeout.java:299)
	at org.junit.internal.runners.statements.FailOnTimeout$CallableStatement.call(FailOnTimeout.java:293)
	at java.base/java.util.concurrent.FutureTask.run(FutureTask.java:264)
	at java.base/java.lang.Thread.run(Thread.java:829)
2023-06-29 03:38:45,474 [s0@group-1C20FCBBD8ED-FollowerState] INFO  impl.FollowerState (FollowerState.java:run(143)) - s0@group-1C20FCBBD8ED-FollowerState: change to CANDIDATE, lastRpcElapsedTime:165018176ns, electionTimeout:164ms
2023-06-29 03:38:45,475 [s0@group-1C20FCBBD8ED-FollowerState] INFO  impl.RoleInfo (RoleInfo.java:shutdownFollowerState(110)) - s0: shutdown s0@group-1C20FCBBD8ED-FollowerState
2023-06-29 03:38:45,475 [s0@group-1C20FCBBD8ED-FollowerState] INFO  server.RaftServer$Division (RaftServerImpl.java:setRole(371)) - s0@group-1C20FCBBD8ED: changes role from  FOLLOWER to CANDIDATE at term 0 for changeToCandidate
2023-06-29 03:38:45,476 [s0@group-1C20FCBBD8ED-FollowerState] INFO  server.RaftServerConfigKeys (ConfUtils.java:logGet(46)) - raft.server.leaderelection.pre-vote = true (default)
2023-06-29 03:38:45,476 [s0@group-1C20FCBBD8ED-FollowerState] INFO  impl.RoleInfo (RoleInfo.java:updateAndGet(139)) - s0: start s0@group-1C20FCBBD8ED-LeaderElection6
2023-06-29 03:38:45,479 [s0@group-1C20FCBBD8ED-LeaderElection6] INFO  impl.LeaderElection (LeaderElection.java:askForVotes(320)) - s0@group-1C20FCBBD8ED-LeaderElection6 PRE_VOTE round 0: submit vote requests at term 0 for -1: peers:[s0|rpc:localhost:40241|admin:localhost:35799|client:localhost:41353|dataStream:localhost:36013|priority:0|startupRole:FOLLOWER, s1|rpc:localhost:37015|admin:localhost:33405|client:localhost:33487|dataStream:localhost:33909|priority:0|startupRole:FOLLOWER, s2|rpc:localhost:44999|admin:localhost:38575|client:localhost:37017|dataStream:localhost:43099|priority:0|startupRole:FOLLOWER]|listeners:[], old=null
2023-06-29 03:38:45,480 [s0@group-1C20FCBBD8ED-LeaderElection6] INFO  server.RaftServerConfigKeys (ConfUtils.java:logFallback(53)) - raft.server.rpc.first-election.timeout.min = 150ms (fallback to raft.server.rpc.timeout.min)
2023-06-29 03:38:45,480 [s0@group-1C20FCBBD8ED-LeaderElection6-1] INFO  server.GrpcServerProtocolClient (GrpcServerProtocolClient.java:<init>(65)) - Build channel for s1
2023-06-29 03:38:45,480 [s0@group-1C20FCBBD8ED-LeaderElection6] INFO  server.RaftServerConfigKeys (ConfUtils.java:logFallback(53)) - raft.server.rpc.first-election.timeout.max = 300ms (fallback to raft.server.rpc.timeout.max)
2023-06-29 03:38:45,480 [s0@group-1C20FCBBD8ED-LeaderElection6-2] INFO  server.GrpcServerProtocolClient (GrpcServerProtocolClient.java:<init>(65)) - Build channel for s2
2023-06-29 03:38:45,486 [grpc-default-executor-16] INFO  server.RaftServer$Division (RaftServerImpl.java:requestVote(1337)) - s2@group-1C20FCBBD8ED: receive requestVote(PRE_VOTE, s0, group-1C20FCBBD8ED, 0, (t:0, i:0))
2023-06-29 03:38:45,486 [grpc-default-executor-16] INFO  impl.VoteContext (VoteContext.java:log(49)) - s2@group-1C20FCBBD8ED-FOLLOWER: accept PRE_VOTE from s0: our priority 0 <= candidate's priority 0
2023-06-29 03:38:45,486 [grpc-default-executor-16] INFO  server.RaftServer$Division (RaftServerImpl.java:requestVote(1370)) - s2@group-1C20FCBBD8ED replies to PRE_VOTE vote request: s0<-s2#0:OK-t0. Peer's state: s2@group-1C20FCBBD8ED:t0, leader=null, voted=, raftlog=Memoized:s2@group-1C20FCBBD8ED-SegmentedRaftLog:OPENED:c-1, conf=-1: peers:[s0|rpc:localhost:40241|admin:localhost:35799|client:localhost:41353|dataStream:localhost:36013|priority:0|startupRole:FOLLOWER, s1|rpc:localhost:37015|admin:localhost:33405|client:localhost:33487|dataStream:localhost:33909|priority:0|startupRole:FOLLOWER, s2|rpc:localhost:44999|admin:localhost:38575|client:localhost:37017|dataStream:localhost:43099|priority:0|startupRole:FOLLOWER]|listeners:[], old=null
2023-06-29 03:38:45,487 [s0@group-1C20FCBBD8ED-LeaderElection6] INFO  impl.LeaderElection (LeaderElection.java:logAndReturn(89)) - s0@group-1C20FCBBD8ED-LeaderElection6: PRE_VOTE PASSED received 1 response(s) and 0 exception(s):
2023-06-29 03:38:45,487 [s0@group-1C20FCBBD8ED-LeaderElection6] INFO  impl.LeaderElection (LeaderElection.java:logAndReturn(93)) -   Response 0: s0<-s2#0:OK-t0
2023-06-29 03:38:45,487 [s0@group-1C20FCBBD8ED-LeaderElection6] INFO  impl.LeaderElection (LeaderElection.java:askForVotes(322)) - s0@group-1C20FCBBD8ED-LeaderElection6 PRE_VOTE round 0: result PASSED
2023-06-29 03:38:45,487 [grpc-default-executor-16] INFO  server.RaftServer$Division (RaftServerImpl.java:requestVote(1337)) - s1@group-1C20FCBBD8ED: receive requestVote(PRE_VOTE, s0, group-1C20FCBBD8ED, 0, (t:0, i:0))
2023-06-29 03:38:45,487 [grpc-default-executor-16] INFO  impl.VoteContext (VoteContext.java:log(49)) - s1@group-1C20FCBBD8ED-FOLLOWER: accept PRE_VOTE from s0: our priority 0 <= candidate's priority 0
2023-06-29 03:38:45,487 [grpc-default-executor-16] INFO  server.RaftServer$Division (RaftServerImpl.java:requestVote(1370)) - s1@group-1C20FCBBD8ED replies to PRE_VOTE vote request: s0<-s1#0:OK-t0. Peer's state: s1@group-1C20FCBBD8ED:t0, leader=null, voted=, raftlog=Memoized:s1@group-1C20FCBBD8ED-SegmentedRaftLog:OPENED:c-1, conf=-1: peers:[s0|rpc:localhost:40241|admin:localhost:35799|client:localhost:41353|dataStream:localhost:36013|priority:0|startupRole:FOLLOWER, s1|rpc:localhost:37015|admin:localhost:33405|client:localhost:33487|dataStream:localhost:33909|priority:0|startupRole:FOLLOWER, s2|rpc:localhost:44999|admin:localhost:38575|client:localhost:37017|dataStream:localhost:43099|priority:0|startupRole:FOLLOWER]|listeners:[], old=null
2023-06-29 03:38:45,488 [s0@group-1C20FCBBD8ED-LeaderElection6] INFO  impl.LeaderElection (LeaderElection.java:askForVotes(320)) - s0@group-1C20FCBBD8ED-LeaderElection6 ELECTION round 0: submit vote requests at term 1 for -1: peers:[s0|rpc:localhost:40241|admin:localhost:35799|client:localhost:41353|dataStream:localhost:36013|priority:0|startupRole:FOLLOWER, s1|rpc:localhost:37015|admin:localhost:33405|client:localhost:33487|dataStream:localhost:33909|priority:0|startupRole:FOLLOWER, s2|rpc:localhost:44999|admin:localhost:38575|client:localhost:37017|dataStream:localhost:43099|priority:0|startupRole:FOLLOWER]|listeners:[], old=null
2023-06-29 03:38:45,490 [s0@group-1C20FCBBD8ED-LeaderElection6] INFO  server.RaftServerConfigKeys (ConfUtils.java:logFallback(53)) - raft.server.rpc.first-election.timeout.min = 150ms (fallback to raft.server.rpc.timeout.min)
2023-06-29 03:38:45,490 [s0@group-1C20FCBBD8ED-LeaderElection6] INFO  server.RaftServerConfigKeys (ConfUtils.java:logFallback(53)) - raft.server.rpc.first-election.timeout.max = 300ms (fallback to raft.server.rpc.timeout.max)
2023-06-29 03:38:45,491 [grpc-default-executor-16] INFO  server.RaftServer$Division (RaftServerImpl.java:requestVote(1337)) - s1@group-1C20FCBBD8ED: receive requestVote(ELECTION, s0, group-1C20FCBBD8ED, 1, (t:0, i:0))
2023-06-29 03:38:45,491 [grpc-default-executor-16] INFO  impl.VoteContext (VoteContext.java:log(49)) - s1@group-1C20FCBBD8ED-FOLLOWER: accept ELECTION from s0: our priority 0 <= candidate's priority 0
2023-06-29 03:38:45,491 [grpc-default-executor-16] INFO  server.RaftServer$Division (RaftServerImpl.java:setRole(371)) - s1@group-1C20FCBBD8ED: changes role from  FOLLOWER to FOLLOWER at term 1 for candidate:s0
2023-06-29 03:38:45,491 [grpc-default-executor-16] INFO  impl.RoleInfo (RoleInfo.java:shutdownFollowerState(110)) - s1: shutdown s1@group-1C20FCBBD8ED-FollowerState
2023-06-29 03:38:45,494 [s1@group-1C20FCBBD8ED-FollowerState] INFO  impl.FollowerState (FollowerState.java:run(152)) - s1@group-1C20FCBBD8ED-FollowerState was interrupted
2023-06-29 03:38:45,494 [grpc-default-executor-16] INFO  impl.RoleInfo (RoleInfo.java:updateAndGet(139)) - s1: start s1@group-1C20FCBBD8ED-FollowerState
2023-06-29 03:38:45,498 [grpc-default-executor-16] INFO  server.RaftServer$Division (RaftServerImpl.java:requestVote(1370)) - s1@group-1C20FCBBD8ED replies to ELECTION vote request: s0<-s1#0:OK-t1. Peer's state: s1@group-1C20FCBBD8ED:t1, leader=null, voted=s0, raftlog=Memoized:s1@group-1C20FCBBD8ED-SegmentedRaftLog:OPENED:c-1, conf=-1: peers:[s0|rpc:localhost:40241|admin:localhost:35799|client:localhost:41353|dataStream:localhost:36013|priority:0|startupRole:FOLLOWER, s1|rpc:localhost:37015|admin:localhost:33405|client:localhost:33487|dataStream:localhost:33909|priority:0|startupRole:FOLLOWER, s2|rpc:localhost:44999|admin:localhost:38575|client:localhost:37017|dataStream:localhost:43099|priority:0|startupRole:FOLLOWER]|listeners:[], old=null
2023-06-29 03:38:45,498 [grpc-default-executor-2] INFO  server.RaftServer$Division (RaftServerImpl.java:requestVote(1337)) - s2@group-1C20FCBBD8ED: receive requestVote(ELECTION, s0, group-1C20FCBBD8ED, 1, (t:0, i:0))
2023-06-29 03:38:45,500 [grpc-default-executor-2] INFO  impl.VoteContext (VoteContext.java:log(49)) - s2@group-1C20FCBBD8ED-FOLLOWER: accept ELECTION from s0: our priority 0 <= candidate's priority 0
2023-06-29 03:38:45,500 [s0@group-1C20FCBBD8ED-LeaderElection6] INFO  impl.LeaderElection (LeaderElection.java:logAndReturn(89)) - s0@group-1C20FCBBD8ED-LeaderElection6: ELECTION PASSED received 1 response(s) and 0 exception(s):
2023-06-29 03:38:45,500 [s0@group-1C20FCBBD8ED-LeaderElection6] INFO  impl.LeaderElection (LeaderElection.java:logAndReturn(93)) -   Response 0: s0<-s1#0:OK-t1
2023-06-29 03:38:45,500 [s0@group-1C20FCBBD8ED-LeaderElection6] INFO  impl.LeaderElection (LeaderElection.java:askForVotes(322)) - s0@group-1C20FCBBD8ED-LeaderElection6 ELECTION round 0: result PASSED
2023-06-29 03:38:45,500 [s0@group-1C20FCBBD8ED-LeaderElection6] INFO  impl.RoleInfo (RoleInfo.java:shutdownLeaderElection(130)) - s0: shutdown s0@group-1C20FCBBD8ED-LeaderElection6
2023-06-29 03:38:45,500 [s0@group-1C20FCBBD8ED-LeaderElection6] INFO  server.RaftServer$Division (RaftServerImpl.java:setRole(371)) - s0@group-1C20FCBBD8ED: changes role from CANDIDATE to LEADER at term 1 for changeToLeader
2023-06-29 03:38:45,500 [s0@group-1C20FCBBD8ED-LeaderElection6] INFO  server.RaftServer$Division (ServerState.java:setLeader(260)) - s0@group-1C20FCBBD8ED: change Leader from null to s0 at term 1 for becomeLeader, leader elected after 204ms
2023-06-29 03:38:45,500 [s0@group-1C20FCBBD8ED-LeaderElection6] INFO  server.RaftServerConfigKeys (ConfUtils.java:logGet(46)) - raft.server.staging.catchup.gap = 1000 (default)
2023-06-29 03:38:45,500 [s0@group-1C20FCBBD8ED-LeaderElection6] INFO  server.RaftServerConfigKeys (ConfUtils.java:logGet(46)) - raft.server.write.element-limit = 4096 (default)
2023-06-29 03:38:45,500 [s0@group-1C20FCBBD8ED-LeaderElection6] INFO  server.RaftServerConfigKeys (ConfUtils.java:logGet(46)) - raft.server.write.byte-limit = 64MB (=67108864) (default)
2023-06-29 03:38:45,500 [s0@group-1C20FCBBD8ED-LeaderElection6] INFO  server.RaftServerConfigKeys (ConfUtils.java:logGet(46)) - raft.server.watch.timeout = 10s (default)
2023-06-29 03:38:45,500 [s0@group-1C20FCBBD8ED-LeaderElection6] INFO  server.RaftServerConfigKeys (ConfUtils.java:logGet(46)) - raft.server.watch.timeout.denomination = 1s (default)
2023-06-29 03:38:45,500 [s0@group-1C20FCBBD8ED-LeaderElection6] INFO  server.RaftServerConfigKeys (ConfUtils.java:logGet(46)) - raft.server.watch.element-limit = 65536 (default)
2023-06-29 03:38:45,500 [s0@group-1C20FCBBD8ED-LeaderElection6] INFO  server.RaftServerConfigKeys (ConfUtils.java:logGet(46)) - raft.server.write.element-limit = 4096 (default)
2023-06-29 03:38:45,500 [s0@group-1C20FCBBD8ED-LeaderElection6] INFO  server.RaftServerConfigKeys (ConfUtils.java:logGet(46)) - raft.server.write.follower.gap.ratio.max = -1.0 (default)
2023-06-29 03:38:45,501 [s0@group-1C20FCBBD8ED-LeaderElection6] INFO  server.RaftServerConfigKeys (ConfUtils.java:logGet(46)) - raft.server.log.appender.snapshot.chunk.size.max = 16MB (=16777216) (default)
2023-06-29 03:38:45,501 [s0@group-1C20FCBBD8ED-LeaderElection6] INFO  server.RaftServerConfigKeys (ConfUtils.java:logGet(46)) - raft.server.log.appender.buffer.byte-limit = 4MB (=4194304) (default)
2023-06-29 03:38:45,501 [s0@group-1C20FCBBD8ED-LeaderElection6] INFO  server.RaftServerConfigKeys (ConfUtils.java:logGet(46)) - raft.server.log.appender.buffer.element-limit = 0 (default)
2023-06-29 03:38:45,501 [s0@group-1C20FCBBD8ED-LeaderElection6] INFO  server.RaftServerConfigKeys (ConfUtils.java:logGet(46)) - raft.server.log.appender.wait-time.min = 10ms (default)
2023-06-29 03:38:45,501 [s0@group-1C20FCBBD8ED-LeaderElection6] INFO  grpc.GrpcConfigKeys (ConfUtils.java:logGet(46)) - raft.grpc.server.leader.outstanding.appends.max = 128 (default)
2023-06-29 03:38:45,501 [s0@group-1C20FCBBD8ED-LeaderElection6] INFO  server.RaftServerConfigKeys (ConfUtils.java:logGet(46)) - raft.server.rpc.request.timeout = 3000ms (default)
2023-06-29 03:38:45,501 [s0@group-1C20FCBBD8ED-LeaderElection6] INFO  grpc.GrpcConfigKeys (ConfUtils.java:logGet(46)) - raft.grpc.server.install_snapshot.request.element-limit = 8 (default)
2023-06-29 03:38:45,501 [s0@group-1C20FCBBD8ED-LeaderElection6] INFO  grpc.GrpcConfigKeys (ConfUtils.java:logGet(46)) - raft.grpc.server.install_snapshot.request.timeout = 3000ms (default)
2023-06-29 03:38:45,501 [s0@group-1C20FCBBD8ED-LeaderElection6] INFO  server.RaftServerConfigKeys (ConfUtils.java:logGet(46)) - raft.server.log.appender.install.snapshot.enabled = true (default)
2023-06-29 03:38:45,501 [s0@group-1C20FCBBD8ED-LeaderElection6] INFO  grpc.GrpcConfigKeys (ConfUtils.java:logGet(46)) - raft.grpc.server.heartbeat.channel = true (default)
2023-06-29 03:38:45,501 [s0@group-1C20FCBBD8ED-LeaderElection6] INFO  server.RaftServerConfigKeys (ConfUtils.java:logGet(46)) - raft.server.log.appender.snapshot.chunk.size.max = 16MB (=16777216) (default)
2023-06-29 03:38:45,501 [s0@group-1C20FCBBD8ED-LeaderElection6] INFO  server.RaftServerConfigKeys (ConfUtils.java:logGet(46)) - raft.server.log.appender.buffer.byte-limit = 4MB (=4194304) (default)
2023-06-29 03:38:45,501 [s0@group-1C20FCBBD8ED-LeaderElection6] INFO  server.RaftServerConfigKeys (ConfUtils.java:logGet(46)) - raft.server.log.appender.buffer.element-limit = 0 (default)
2023-06-29 03:38:45,501 [s0@group-1C20FCBBD8ED-LeaderElection6] INFO  server.RaftServerConfigKeys (ConfUtils.java:logGet(46)) - raft.server.log.appender.wait-time.min = 10ms (default)
2023-06-29 03:38:45,501 [s0@group-1C20FCBBD8ED-LeaderElection6] INFO  grpc.GrpcConfigKeys (ConfUtils.java:logGet(46)) - raft.grpc.server.leader.outstanding.appends.max = 128 (default)
2023-06-29 03:38:45,501 [s0@group-1C20FCBBD8ED-LeaderElection6] INFO  server.RaftServerConfigKeys (ConfUtils.java:logGet(46)) - raft.server.rpc.request.timeout = 3000ms (default)
2023-06-29 03:38:45,501 [s0@group-1C20FCBBD8ED-LeaderElection6] INFO  grpc.GrpcConfigKeys (ConfUtils.java:logGet(46)) - raft.grpc.server.install_snapshot.request.element-limit = 8 (default)
2023-06-29 03:38:45,501 [s0@group-1C20FCBBD8ED-LeaderElection6] INFO  grpc.GrpcConfigKeys (ConfUtils.java:logGet(46)) - raft.grpc.server.install_snapshot.request.timeout = 3000ms (default)
2023-06-29 03:38:45,502 [s0@group-1C20FCBBD8ED-LeaderElection6] INFO  server.RaftServerConfigKeys (ConfUtils.java:logGet(46)) - raft.server.log.appender.install.snapshot.enabled = true (default)
2023-06-29 03:38:45,502 [s0@group-1C20FCBBD8ED-LeaderElection6] INFO  grpc.GrpcConfigKeys (ConfUtils.java:logGet(46)) - raft.grpc.server.heartbeat.channel = true (default)
2023-06-29 03:38:45,502 [s0@group-1C20FCBBD8ED-LeaderElection6] INFO  impl.RoleInfo (RoleInfo.java:updateAndGet(139)) - s0: start s0@group-1C20FCBBD8ED-LeaderStateImpl
2023-06-29 03:38:45,502 [s0@group-1C20FCBBD8ED-LeaderElection6] INFO  segmented.SegmentedRaftLogWorker (SegmentedRaftLogWorker.java:startLogSegment(426)) - s0@group-1C20FCBBD8ED-SegmentedRaftLogWorker: Starting segment from index:0
2023-06-29 03:38:45,500 [grpc-default-executor-2] INFO  server.RaftServer$Division (RaftServerImpl.java:setRole(371)) - s2@group-1C20FCBBD8ED: changes role from  FOLLOWER to FOLLOWER at term 1 for candidate:s0
2023-06-29 03:38:45,506 [grpc-default-executor-2] INFO  impl.RoleInfo (RoleInfo.java:shutdownFollowerState(110)) - s2: shutdown s2@group-1C20FCBBD8ED-FollowerState
2023-06-29 03:38:45,506 [s2@group-1C20FCBBD8ED-FollowerState] INFO  impl.FollowerState (FollowerState.java:run(152)) - s2@group-1C20FCBBD8ED-FollowerState was interrupted
2023-06-29 03:38:45,509 [s0@group-1C20FCBBD8ED-SegmentedRaftLogWorker] INFO  segmented.SegmentedRaftLogWorker (SegmentedRaftLogWorker.java:execute(630)) - s0@group-1C20FCBBD8ED-SegmentedRaftLogWorker: created new log segment /home/runner/work/ratis/ratis/ratis-test/target/test/data/ad2395e4/MiniRaftClusterWithRpcTypeGrpcAndDataStreamTypeNettyfa43ccb9/s0/0f78e9d4-4aaf-459b-85ff-1c20fcbbd8ed/current/log_inprogress_0
2023-06-29 03:38:45,519 [grpc-default-executor-2] INFO  impl.RoleInfo (RoleInfo.java:updateAndGet(139)) - s2: start s2@group-1C20FCBBD8ED-FollowerState
2023-06-29 03:38:45,522 [s0@group-1C20FCBBD8ED-LeaderElection6] INFO  server.RaftServer$Division (ServerState.java:setRaftConf(377)) - s0@group-1C20FCBBD8ED: set configuration 0: peers:[s0|rpc:localhost:40241|admin:localhost:35799|client:localhost:41353|dataStream:localhost:36013|priority:0|startupRole:FOLLOWER, s1|rpc:localhost:37015|admin:localhost:33405|client:localhost:33487|dataStream:localhost:33909|priority:0|startupRole:FOLLOWER, s2|rpc:localhost:44999|admin:localhost:38575|client:localhost:37017|dataStream:localhost:43099|priority:0|startupRole:FOLLOWER]|listeners:[], old=null
2023-06-29 03:38:45,523 [grpc-default-executor-2] INFO  server.RaftServer$Division (RaftServerImpl.java:requestVote(1370)) - s2@group-1C20FCBBD8ED replies to ELECTION vote request: s0<-s2#0:OK-t1. Peer's state: s2@group-1C20FCBBD8ED:t1, leader=null, voted=s0, raftlog=Memoized:s2@group-1C20FCBBD8ED-SegmentedRaftLog:OPENED:c-1, conf=-1: peers:[s0|rpc:localhost:40241|admin:localhost:35799|client:localhost:41353|dataStream:localhost:36013|priority:0|startupRole:FOLLOWER, s1|rpc:localhost:37015|admin:localhost:33405|client:localhost:33487|dataStream:localhost:33909|priority:0|startupRole:FOLLOWER, s2|rpc:localhost:44999|admin:localhost:38575|client:localhost:37017|dataStream:localhost:43099|priority:0|startupRole:FOLLOWER]|listeners:[], old=null
2023-06-29 03:38:45,526 [s2-server-thread1] INFO  server.RaftServer$Division (ServerState.java:setLeader(260)) - s2@group-1C20FCBBD8ED: change Leader from null to s0 at term 1 for appendEntries, leader elected after 219ms
2023-06-29 03:38:45,534 [s2-server-thread2] INFO  server.RaftServer$Division (ServerState.java:setRaftConf(377)) - s2@group-1C20FCBBD8ED: set configuration 0: peers:[s0|rpc:localhost:40241|admin:localhost:35799|client:localhost:41353|dataStream:localhost:36013|priority:0|startupRole:FOLLOWER, s1|rpc:localhost:37015|admin:localhost:33405|client:localhost:33487|dataStream:localhost:33909|priority:0|startupRole:FOLLOWER, s2|rpc:localhost:44999|admin:localhost:38575|client:localhost:37017|dataStream:localhost:43099|priority:0|startupRole:FOLLOWER]|listeners:[], old=null
2023-06-29 03:38:45,534 [s2-server-thread2] INFO  segmented.SegmentedRaftLogWorker (SegmentedRaftLogWorker.java:startLogSegment(426)) - s2@group-1C20FCBBD8ED-SegmentedRaftLogWorker: Starting segment from index:0
2023-06-29 03:38:45,541 [s1-server-thread1] INFO  server.RaftServer$Division (ServerState.java:setLeader(260)) - s1@group-1C20FCBBD8ED: change Leader from null to s0 at term 1 for appendEntries, leader elected after 239ms
2023-06-29 03:38:45,546 [s2@group-1C20FCBBD8ED-SegmentedRaftLogWorker] INFO  segmented.SegmentedRaftLogWorker (SegmentedRaftLogWorker.java:execute(630)) - s2@group-1C20FCBBD8ED-SegmentedRaftLogWorker: created new log segment /home/runner/work/ratis/ratis/ratis-test/target/test/data/ad2395e4/MiniRaftClusterWithRpcTypeGrpcAndDataStreamTypeNettyfa43ccb9/s2/0f78e9d4-4aaf-459b-85ff-1c20fcbbd8ed/current/log_inprogress_0
2023-06-29 03:38:45,546 [s1-server-thread2] INFO  server.RaftServer$Division (ServerState.java:setRaftConf(377)) - s1@group-1C20FCBBD8ED: set configuration 0: peers:[s0|rpc:localhost:40241|admin:localhost:35799|client:localhost:41353|dataStream:localhost:36013|priority:0|startupRole:FOLLOWER, s1|rpc:localhost:37015|admin:localhost:33405|client:localhost:33487|dataStream:localhost:33909|priority:0|startupRole:FOLLOWER, s2|rpc:localhost:44999|admin:localhost:38575|client:localhost:37017|dataStream:localhost:43099|priority:0|startupRole:FOLLOWER]|listeners:[], old=null
2023-06-29 03:38:45,546 [s1-server-thread2] INFO  segmented.SegmentedRaftLogWorker (SegmentedRaftLogWorker.java:startLogSegment(426)) - s1@group-1C20FCBBD8ED-SegmentedRaftLogWorker: Starting segment from index:0
2023-06-29 03:38:45,554 [s1@group-1C20FCBBD8ED-SegmentedRaftLogWorker] INFO  segmented.SegmentedRaftLogWorker (SegmentedRaftLogWorker.java:execute(630)) - s1@group-1C20FCBBD8ED-SegmentedRaftLogWorker: created new log segment /home/runner/work/ratis/ratis/ratis-test/target/test/data/ad2395e4/MiniRaftClusterWithRpcTypeGrpcAndDataStreamTypeNettyfa43ccb9/s1/0f78e9d4-4aaf-459b-85ff-1c20fcbbd8ed/current/log_inprogress_0
2023-06-29 03:38:45,820 [Time-limited test] INFO  ratis.RaftTestUtil (RaftTestUtil.java:waitForLeader(119)) - printing ALL groups
  s0:  RUNNING    LEADER s0@group-1C20FCBBD8ED:t1, leader=s0, voted=s0, raftlog=Memoized:s0@group-1C20FCBBD8ED-SegmentedRaftLog:OPENED:c0, conf=0: peers:[s0|rpc:localhost:40241|admin:localhost:35799|client:localhost:41353|dataStream:localhost:36013|priority:0|startupRole:FOLLOWER, s1|rpc:localhost:37015|admin:localhost:33405|client:localhost:33487|dataStream:localhost:33909|priority:0|startupRole:FOLLOWER, s2|rpc:localhost:44999|admin:localhost:38575|client:localhost:37017|dataStream:localhost:43099|priority:0|startupRole:FOLLOWER]|listeners:[], old=null RUNNING
  s1:  RUNNING  FOLLOWER s1@group-1C20FCBBD8ED:t1, leader=s0, voted=s0, raftlog=Memoized:s1@group-1C20FCBBD8ED-SegmentedRaftLog:OPENED:c0, conf=0: peers:[s0|rpc:localhost:40241|admin:localhost:35799|client:localhost:41353|dataStream:localhost:36013|priority:0|startupRole:FOLLOWER, s1|rpc:localhost:37015|admin:localhost:33405|client:localhost:33487|dataStream:localhost:33909|priority:0|startupRole:FOLLOWER, s2|rpc:localhost:44999|admin:localhost:38575|client:localhost:37017|dataStream:localhost:43099|priority:0|startupRole:FOLLOWER]|listeners:[], old=null RUNNING
  s2:  RUNNING  FOLLOWER s2@group-1C20FCBBD8ED:t1, leader=s0, voted=s0, raftlog=Memoized:s2@group-1C20FCBBD8ED-SegmentedRaftLog:OPENED:c0, conf=0: peers:[s0|rpc:localhost:40241|admin:localhost:35799|client:localhost:41353|dataStream:localhost:36013|priority:0|startupRole:FOLLOWER, s1|rpc:localhost:37015|admin:localhost:33405|client:localhost:33487|dataStream:localhost:33909|priority:0|startupRole:FOLLOWER, s2|rpc:localhost:44999|admin:localhost:38575|client:localhost:37017|dataStream:localhost:43099|priority:0|startupRole:FOLLOWER]|listeners:[], old=null RUNNING
2023-06-29 03:38:45,821 [Time-limited test] INFO  client.DataStreamClient (ConfUtils.java:logGet(46)) - raft.datastream.type = NETTY (custom)
2023-06-29 03:38:45,821 [Time-limited test] INFO  netty.NettyConfigKeys$DataStream (ConfUtils.java:logGet(46)) - raft.netty.dataStream.client.tls.conf = null (default)
2023-06-29 03:38:45,821 [Time-limited test] INFO  netty.NettyConfigKeys$DataStream (ConfUtils.java:logGet(46)) - raft.netty.dataStream.client.reply.queue.grace-period = 1s (default)
2023-06-29 03:38:45,821 [Time-limited test] INFO  netty.NettyConfigKeys$DataStream (ConfUtils.java:logGet(46)) - raft.netty.dataStream.client.worker-group.share = false (default)
2023-06-29 03:38:45,821 [Time-limited test] INFO  netty.NettyConfigKeys$DataStream (ConfUtils.java:logGet(46)) - raft.netty.dataStream.client.worker-group.size = 4 (default)
2023-06-29 03:38:45,823 [s2-NettyServerStreamRpc-bossGroup--thread1] INFO  logging.LoggingHandler (AbstractInternalLogger.java:log(148)) - [id: 0x331d6e34, L:/0.0.0.0:43099] READ: [id: 0x8d0769f8, L:/127.0.0.1:43099 - R:/127.0.0.1:46508]
2023-06-29 03:38:45,823 [s2-NettyServerStreamRpc-bossGroup--thread1] INFO  logging.LoggingHandler (AbstractInternalLogger.java:log(148)) - [id: 0x331d6e34, L:/0.0.0.0:43099] READ COMPLETE
2023-06-29 03:38:45,824 [s2-NettyServerStreamRpc-workerGroup--thread1] INFO  client.DataStreamClient (ConfUtils.java:logGet(46)) - raft.datastream.type = NETTY (custom)
2023-06-29 03:38:45,824 [s2-NettyServerStreamRpc-workerGroup--thread1] INFO  netty.NettyConfigKeys$DataStream (ConfUtils.java:logGet(46)) - raft.netty.dataStream.client.tls.conf = null (default)
2023-06-29 03:38:45,824 [s2-NettyServerStreamRpc-workerGroup--thread1] INFO  netty.NettyConfigKeys$DataStream (ConfUtils.java:logGet(46)) - raft.netty.dataStream.client.reply.queue.grace-period = 1s (default)
2023-06-29 03:38:45,824 [s2-NettyServerStreamRpc-workerGroup--thread1] INFO  netty.NettyConfigKeys$DataStream (ConfUtils.java:logGet(46)) - raft.netty.dataStream.client.worker-group.share = false (default)
2023-06-29 03:38:45,824 [s2-NettyServerStreamRpc-workerGroup--thread1] INFO  netty.NettyConfigKeys$DataStream (ConfUtils.java:logGet(46)) - raft.netty.dataStream.client.worker-group.size = 4 (default)
2023-06-29 03:38:45,825 [s0-NettyServerStreamRpc-bossGroup--thread1] INFO  logging.LoggingHandler (AbstractInternalLogger.java:log(148)) - [id: 0x68b0ec71, L:/0.0.0.0:36013] READ: [id: 0x05232f4b, L:/127.0.0.1:36013 - R:/127.0.0.1:54760]
2023-06-29 03:38:45,825 [s0-NettyServerStreamRpc-bossGroup--thread1] INFO  logging.LoggingHandler (AbstractInternalLogger.java:log(148)) - [id: 0x68b0ec71, L:/0.0.0.0:36013] READ COMPLETE
2023-06-29 03:38:45,825 [s2-NettyServerStreamRpc-workerGroup--thread1] INFO  client.DataStreamClient (ConfUtils.java:logGet(46)) - raft.datastream.type = NETTY (custom)
2023-06-29 03:38:45,825 [s2-NettyServerStreamRpc-workerGroup--thread1] INFO  netty.NettyConfigKeys$DataStream (ConfUtils.java:logGet(46)) - raft.netty.dataStream.client.tls.conf = null (default)
2023-06-29 03:38:45,825 [s2-NettyServerStreamRpc-workerGroup--thread1] INFO  netty.NettyConfigKeys$DataStream (ConfUtils.java:logGet(46)) - raft.netty.dataStream.client.reply.queue.grace-period = 1s (default)
2023-06-29 03:38:45,826 [s2-NettyServerStreamRpc-workerGroup--thread1] INFO  netty.NettyConfigKeys$DataStream (ConfUtils.java:logGet(46)) - raft.netty.dataStream.client.worker-group.share = false (default)
2023-06-29 03:38:45,826 [s2-NettyServerStreamRpc-workerGroup--thread1] INFO  netty.NettyConfigKeys$DataStream (ConfUtils.java:logGet(46)) - raft.netty.dataStream.client.worker-group.size = 4 (default)
2023-06-29 03:38:45,830 [s1-NettyServerStreamRpc-bossGroup--thread1] INFO  logging.LoggingHandler (AbstractInternalLogger.java:log(148)) - [id: 0x014d7be8, L:/0.0.0.0:33909] READ: [id: 0x47a52f6a, L:/127.0.0.1:33909 - R:/127.0.0.1:57148]
2023-06-29 03:38:45,830 [s1-NettyServerStreamRpc-bossGroup--thread1] INFO  logging.LoggingHandler (AbstractInternalLogger.java:log(148)) - [id: 0x014d7be8, L:/0.0.0.0:33909] READ COMPLETE
2023-06-29 03:38:45,878 [s0-client-thread1] INFO  statemachine.StateMachine (DataStreamTestUtils.java:link(157)) - link SingleDataStream: writeRequest=RaftClientRequest:client-E602DAC5F9D6->s2@group-1C20FCBBD8ED, cid=482, seq=0, DataStream, Message:<EMPTY>, logEntry=null
2023-06-29 03:38:45,879 [s1-server-thread4] INFO  statemachine.StateMachine (DataStreamTestUtils.java:link(157)) - link SingleDataStream: writeRequest=RaftClientRequest:client-E602DAC5F9D6->s2@group-1C20FCBBD8ED, cid=482, seq=0, DataStream, Message:<EMPTY>, logEntry=null
2023-06-29 03:38:45,879 [s2-server-thread2] INFO  statemachine.StateMachine (DataStreamTestUtils.java:link(157)) - link SingleDataStream: writeRequest=RaftClientRequest:client-E602DAC5F9D6->s2@group-1C20FCBBD8ED, cid=482, seq=0, DataStream, Message:<EMPTY>, logEntry=null
2023-06-29 03:38:45,898 [Time-limited test] TRACE util.FileUtils (LogUtils.java:runAndLog(49)) - Successfully ran Files.createDirectories target/test/data/ad2395e4/TestNettyDataStreamStarTopologyWithGrpcCluster/testStreamWrites
2023-06-29 03:38:45,965 [Time-limited test] INFO  client.DataStreamClient (ConfUtils.java:logGet(46)) - raft.datastream.type = NETTY (custom)
2023-06-29 03:38:45,965 [Time-limited test] INFO  netty.NettyConfigKeys$DataStream (ConfUtils.java:logGet(46)) - raft.netty.dataStream.client.tls.conf = null (default)
2023-06-29 03:38:45,965 [Time-limited test] INFO  netty.NettyConfigKeys$DataStream (ConfUtils.java:logGet(46)) - raft.netty.dataStream.client.reply.queue.grace-period = 1s (default)
2023-06-29 03:38:45,966 [Time-limited test] INFO  netty.NettyConfigKeys$DataStream (ConfUtils.java:logGet(46)) - raft.netty.dataStream.client.worker-group.share = false (default)
2023-06-29 03:38:45,966 [Time-limited test] INFO  netty.NettyConfigKeys$DataStream (ConfUtils.java:logGet(46)) - raft.netty.dataStream.client.worker-group.size = 4 (default)
2023-06-29 03:38:45,971 [s1-NettyServerStreamRpc-bossGroup--thread1] INFO  logging.LoggingHandler (AbstractInternalLogger.java:log(148)) - [id: 0x014d7be8, L:/0.0.0.0:33909] READ: [id: 0x6d9f91df, L:/127.0.0.1:33909 - R:/127.0.0.1:57152]
2023-06-29 03:38:45,972 [s1-NettyServerStreamRpc-bossGroup--thread1] INFO  logging.LoggingHandler (AbstractInternalLogger.java:log(148)) - [id: 0x014d7be8, L:/0.0.0.0:33909] READ COMPLETE
2023-06-29 03:38:45,973 [s1-NettyServerStreamRpc-workerGroup--thread2] INFO  client.DataStreamClient (ConfUtils.java:logGet(46)) - raft.datastream.type = NETTY (custom)
2023-06-29 03:38:45,973 [s1-NettyServerStreamRpc-workerGroup--thread2] INFO  netty.NettyConfigKeys$DataStream (ConfUtils.java:logGet(46)) - raft.netty.dataStream.client.tls.conf = null (default)
2023-06-29 03:38:45,973 [s1-NettyServerStreamRpc-workerGroup--thread2] INFO  netty.NettyConfigKeys$DataStream (ConfUtils.java:logGet(46)) - raft.netty.dataStream.client.reply.queue.grace-period = 1s (default)
2023-06-29 03:38:45,973 [s1-NettyServerStreamRpc-workerGroup--thread2] INFO  netty.NettyConfigKeys$DataStream (ConfUtils.java:logGet(46)) - raft.netty.dataStream.client.worker-group.share = false (default)
2023-06-29 03:38:45,973 [s1-NettyServerStreamRpc-workerGroup--thread2] INFO  netty.NettyConfigKeys$DataStream (ConfUtils.java:logGet(46)) - raft.netty.dataStream.client.worker-group.size = 4 (default)
2023-06-29 03:38:45,974 [s0-NettyServerStreamRpc-bossGroup--thread1] INFO  logging.LoggingHandler (AbstractInternalLogger.java:log(148)) - [id: 0x68b0ec71, L:/0.0.0.0:36013] READ: [id: 0x34b4aaca, L:/127.0.0.1:36013 - R:/127.0.0.1:54772]
2023-06-29 03:38:45,974 [s1-NettyServerStreamRpc-workerGroup--thread2] INFO  client.DataStreamClient (ConfUtils.java:logGet(46)) - raft.datastream.type = NETTY (custom)
2023-06-29 03:38:45,974 [s1-NettyServerStreamRpc-workerGroup--thread2] INFO  netty.NettyConfigKeys$DataStream (ConfUtils.java:logGet(46)) - raft.netty.dataStream.client.tls.conf = null (default)
2023-06-29 03:38:45,974 [s1-NettyServerStreamRpc-workerGroup--thread2] INFO  netty.NettyConfigKeys$DataStream (ConfUtils.java:logGet(46)) - raft.netty.dataStream.client.reply.queue.grace-period = 1s (default)
2023-06-29 03:38:45,974 [s1-NettyServerStreamRpc-workerGroup--thread2] INFO  netty.NettyConfigKeys$DataStream (ConfUtils.java:logGet(46)) - raft.netty.dataStream.client.worker-group.share = false (default)
2023-06-29 03:38:45,975 [s1-NettyServerStreamRpc-workerGroup--thread2] INFO  netty.NettyConfigKeys$DataStream (ConfUtils.java:logGet(46)) - raft.netty.dataStream.client.worker-group.size = 4 (default)
2023-06-29 03:38:45,975 [s0-NettyServerStreamRpc-bossGroup--thread1] INFO  logging.LoggingHandler (AbstractInternalLogger.java:log(148)) - [id: 0x68b0ec71, L:/0.0.0.0:36013] READ COMPLETE
2023-06-29 03:38:45,975 [s2-NettyServerStreamRpc-bossGroup--thread1] INFO  logging.LoggingHandler (AbstractInternalLogger.java:log(148)) - [id: 0x331d6e34, L:/0.0.0.0:43099] READ: [id: 0x2f2ba2dc, L:/127.0.0.1:43099 - R:/127.0.0.1:46518]
2023-06-29 03:38:45,976 [s2-NettyServerStreamRpc-bossGroup--thread1] INFO  logging.LoggingHandler (AbstractInternalLogger.java:log(148)) - [id: 0x331d6e34, L:/0.0.0.0:43099] READ COMPLETE
2023-06-29 03:38:46,099 [Time-limited test] INFO  datastream.TestNettyDataStreamStarTopologyWithGrpcCluster (DataStreamClusterTests.java:runTestWriteFile(112)) - 0: writeAsyncDefaultFileRegion elapsed 127ms
2023-06-29 03:38:46,107 [s0-client-thread1] INFO  statemachine.StateMachine (DataStreamTestUtils.java:link(157)) - link SingleDataStream: writeRequest=RaftClientRequest:client-6D14BACC19FD->s1@group-1C20FCBBD8ED, cid=486, seq=0, DataStream, Message:<EMPTY>, logEntry=null
2023-06-29 03:38:46,108 [s1-server-thread4] INFO  statemachine.StateMachine (DataStreamTestUtils.java:link(157)) - link SingleDataStream: writeRequest=RaftClientRequest:client-6D14BACC19FD->s1@group-1C20FCBBD8ED, cid=486, seq=0, DataStream, Message:<EMPTY>, logEntry=null
2023-06-29 03:38:46,108 [s2-server-thread2] INFO  statemachine.StateMachine (DataStreamTestUtils.java:link(157)) - link SingleDataStream: writeRequest=RaftClientRequest:client-6D14BACC19FD->s1@group-1C20FCBBD8ED, cid=486, seq=0, DataStream, Message:<EMPTY>, logEntry=null
2023-06-29 03:38:46,130 [Time-limited test] INFO  client.DataStreamClient (ConfUtils.java:logGet(46)) - raft.datastream.type = NETTY (custom)
2023-06-29 03:38:46,130 [Time-limited test] INFO  netty.NettyConfigKeys$DataStream (ConfUtils.java:logGet(46)) - raft.netty.dataStream.client.tls.conf = null (default)
2023-06-29 03:38:46,130 [Time-limited test] INFO  netty.NettyConfigKeys$DataStream (ConfUtils.java:logGet(46)) - raft.netty.dataStream.client.reply.queue.grace-period = 1s (default)
2023-06-29 03:38:46,130 [Time-limited test] INFO  netty.NettyConfigKeys$DataStream (ConfUtils.java:logGet(46)) - raft.netty.dataStream.client.worker-group.share = false (default)
2023-06-29 03:38:46,130 [Time-limited test] INFO  netty.NettyConfigKeys$DataStream (ConfUtils.java:logGet(46)) - raft.netty.dataStream.client.worker-group.size = 4 (default)
2023-06-29 03:38:46,131 [s2-NettyServerStreamRpc-bossGroup--thread1] INFO  logging.LoggingHandler (AbstractInternalLogger.java:log(148)) - [id: 0x331d6e34, L:/0.0.0.0:43099] READ: [id: 0x0c49c53e, L:/127.0.0.1:43099 - R:/127.0.0.1:46528]
2023-06-29 03:38:46,134 [s2-NettyServerStreamRpc-bossGroup--thread1] INFO  logging.LoggingHandler (AbstractInternalLogger.java:log(148)) - [id: 0x331d6e34, L:/0.0.0.0:43099] READ COMPLETE
2023-06-29 03:38:46,134 [s2-NettyServerStreamRpc-workerGroup--thread3] INFO  client.DataStreamClient (ConfUtils.java:logGet(46)) - raft.datastream.type = NETTY (custom)
2023-06-29 03:38:46,134 [s2-NettyServerStreamRpc-workerGroup--thread3] INFO  netty.NettyConfigKeys$DataStream (ConfUtils.java:logGet(46)) - raft.netty.dataStream.client.tls.conf = null (default)
2023-06-29 03:38:46,134 [s2-NettyServerStreamRpc-workerGroup--thread3] INFO  netty.NettyConfigKeys$DataStream (ConfUtils.java:logGet(46)) - raft.netty.dataStream.client.reply.queue.grace-period = 1s (default)
2023-06-29 03:38:46,134 [s2-NettyServerStreamRpc-workerGroup--thread3] INFO  netty.NettyConfigKeys$DataStream (ConfUtils.java:logGet(46)) - raft.netty.dataStream.client.worker-group.share = false (default)
2023-06-29 03:38:46,134 [s2-NettyServerStreamRpc-workerGroup--thread3] INFO  netty.NettyConfigKeys$DataStream (ConfUtils.java:logGet(46)) - raft.netty.dataStream.client.worker-group.size = 4 (default)
2023-06-29 03:38:46,138 [s0-NettyServerStreamRpc-bossGroup--thread1] INFO  logging.LoggingHandler (AbstractInternalLogger.java:log(148)) - [id: 0x68b0ec71, L:/0.0.0.0:36013] READ: [id: 0x795d3b94, L:/127.0.0.1:36013 - R:/127.0.0.1:54784]
2023-06-29 03:38:46,138 [s2-NettyServerStreamRpc-workerGroup--thread3] INFO  client.DataStreamClient (ConfUtils.java:logGet(46)) - raft.datastream.type = NETTY (custom)
2023-06-29 03:38:46,138 [s2-NettyServerStreamRpc-workerGroup--thread3] INFO  netty.NettyConfigKeys$DataStream (ConfUtils.java:logGet(46)) - raft.netty.dataStream.client.tls.conf = null (default)
2023-06-29 03:38:46,138 [s2-NettyServerStreamRpc-workerGroup--thread3] INFO  netty.NettyConfigKeys$DataStream (ConfUtils.java:logGet(46)) - raft.netty.dataStream.client.reply.queue.grace-period = 1s (default)
2023-06-29 03:38:46,138 [s2-NettyServerStreamRpc-workerGroup--thread3] INFO  netty.NettyConfigKeys$DataStream (ConfUtils.java:logGet(46)) - raft.netty.dataStream.client.worker-group.share = false (default)
2023-06-29 03:38:46,138 [s2-NettyServerStreamRpc-workerGroup--thread3] INFO  netty.NettyConfigKeys$DataStream (ConfUtils.java:logGet(46)) - raft.netty.dataStream.client.worker-group.size = 4 (default)
2023-06-29 03:38:46,139 [s0-NettyServerStreamRpc-bossGroup--thread1] INFO  logging.LoggingHandler (AbstractInternalLogger.java:log(148)) - [id: 0x68b0ec71, L:/0.0.0.0:36013] READ COMPLETE
2023-06-29 03:38:46,140 [s1-NettyServerStreamRpc-bossGroup--thread1] INFO  logging.LoggingHandler (AbstractInternalLogger.java:log(148)) - [id: 0x014d7be8, L:/0.0.0.0:33909] READ: [id: 0xc8710416, L:/127.0.0.1:33909 - R:/127.0.0.1:57158]
2023-06-29 03:38:46,141 [s1-NettyServerStreamRpc-bossGroup--thread1] INFO  logging.LoggingHandler (AbstractInternalLogger.java:log(148)) - [id: 0x014d7be8, L:/0.0.0.0:33909] READ COMPLETE
2023-06-29 03:38:46,705 [Time-limited test] INFO  datastream.TestNettyDataStreamStarTopologyWithGrpcCluster (DataStreamClusterTests.java:runTestWriteFile(112)) - 0: transferToWritableByteChannel elapsed 573ms
2023-06-29 03:38:46,712 [s0-client-thread1] INFO  statemachine.StateMachine (DataStreamTestUtils.java:link(157)) - link SingleDataStream: writeRequest=RaftClientRequest:client-E50BB7C55978->s2@group-1C20FCBBD8ED, cid=490, seq=0, DataStream, Message:<EMPTY>, logEntry=null
2023-06-29 03:38:46,713 [s2-server-thread1] INFO  statemachine.StateMachine (DataStreamTestUtils.java:link(157)) - link SingleDataStream: writeRequest=RaftClientRequest:client-E50BB7C55978->s2@group-1C20FCBBD8ED, cid=490, seq=0, DataStream, Message:<EMPTY>, logEntry=null
2023-06-29 03:38:46,713 [s1-server-thread1] INFO  statemachine.StateMachine (DataStreamTestUtils.java:link(157)) - link SingleDataStream: writeRequest=RaftClientRequest:client-E50BB7C55978->s2@group-1C20FCBBD8ED, cid=490, seq=0, DataStream, Message:<EMPTY>, logEntry=null
2023-06-29 03:38:46,739 [Time-limited test] INFO  client.DataStreamClient (ConfUtils.java:logGet(46)) - raft.datastream.type = NETTY (custom)
2023-06-29 03:38:46,739 [Time-limited test] INFO  netty.NettyConfigKeys$DataStream (ConfUtils.java:logGet(46)) - raft.netty.dataStream.client.tls.conf = null (default)
2023-06-29 03:38:46,739 [Time-limited test] INFO  netty.NettyConfigKeys$DataStream (ConfUtils.java:logGet(46)) - raft.netty.dataStream.client.reply.queue.grace-period = 1s (default)
2023-06-29 03:38:46,740 [Time-limited test] INFO  netty.NettyConfigKeys$DataStream (ConfUtils.java:logGet(46)) - raft.netty.dataStream.client.worker-group.share = false (default)
2023-06-29 03:38:46,740 [Time-limited test] INFO  netty.NettyConfigKeys$DataStream (ConfUtils.java:logGet(46)) - raft.netty.dataStream.client.worker-group.size = 4 (default)
2023-06-29 03:38:46,741 [s0-NettyServerStreamRpc-bossGroup--thread1] INFO  logging.LoggingHandler (AbstractInternalLogger.java:log(148)) - [id: 0x68b0ec71, L:/0.0.0.0:36013] READ: [id: 0x3cc17431, L:/127.0.0.1:36013 - R:/127.0.0.1:54790]
2023-06-29 03:38:46,741 [s0-NettyServerStreamRpc-bossGroup--thread1] INFO  logging.LoggingHandler (AbstractInternalLogger.java:log(148)) - [id: 0x68b0ec71, L:/0.0.0.0:36013] READ COMPLETE
2023-06-29 03:38:46,745 [s0-NettyServerStreamRpc-workerGroup--thread4] INFO  client.DataStreamClient (ConfUtils.java:logGet(46)) - raft.datastream.type = NETTY (custom)
2023-06-29 03:38:46,745 [s0-NettyServerStreamRpc-workerGroup--thread4] INFO  netty.NettyConfigKeys$DataStream (ConfUtils.java:logGet(46)) - raft.netty.dataStream.client.tls.conf = null (default)
2023-06-29 03:38:46,745 [s0-NettyServerStreamRpc-workerGroup--thread4] INFO  netty.NettyConfigKeys$DataStream (ConfUtils.java:logGet(46)) - raft.netty.dataStream.client.reply.queue.grace-period = 1s (default)
2023-06-29 03:38:46,745 [s0-NettyServerStreamRpc-workerGroup--thread4] INFO  netty.NettyConfigKeys$DataStream (ConfUtils.java:logGet(46)) - raft.netty.dataStream.client.worker-group.share = false (default)
2023-06-29 03:38:46,745 [s0-NettyServerStreamRpc-workerGroup--thread4] INFO  netty.NettyConfigKeys$DataStream (ConfUtils.java:logGet(46)) - raft.netty.dataStream.client.worker-group.size = 4 (default)
2023-06-29 03:38:46,750 [s1-NettyServerStreamRpc-bossGroup--thread1] INFO  logging.LoggingHandler (AbstractInternalLogger.java:log(148)) - [id: 0x014d7be8, L:/0.0.0.0:33909] READ: [id: 0x06170e48, L:/127.0.0.1:33909 - R:/127.0.0.1:57166]
2023-06-29 03:38:46,751 [s0-NettyServerStreamRpc-workerGroup--thread4] INFO  client.DataStreamClient (ConfUtils.java:logGet(46)) - raft.datastream.type = NETTY (custom)
2023-06-29 03:38:46,751 [s0-NettyServerStreamRpc-workerGroup--thread4] INFO  netty.NettyConfigKeys$DataStream (ConfUtils.java:logGet(46)) - raft.netty.dataStream.client.tls.conf = null (default)
2023-06-29 03:38:46,751 [s0-NettyServerStreamRpc-workerGroup--thread4] INFO  netty.NettyConfigKeys$DataStream (ConfUtils.java:logGet(46)) - raft.netty.dataStream.client.reply.queue.grace-period = 1s (default)
2023-06-29 03:38:46,751 [s0-NettyServerStreamRpc-workerGroup--thread4] INFO  netty.NettyConfigKeys$DataStream (ConfUtils.java:logGet(46)) - raft.netty.dataStream.client.worker-group.share = false (default)
2023-06-29 03:38:46,751 [s0-NettyServerStreamRpc-workerGroup--thread4] INFO  netty.NettyConfigKeys$DataStream (ConfUtils.java:logGet(46)) - raft.netty.dataStream.client.worker-group.size = 4 (default)
2023-06-29 03:38:46,752 [s1-NettyServerStreamRpc-bossGroup--thread1] INFO  logging.LoggingHandler (AbstractInternalLogger.java:log(148)) - [id: 0x014d7be8, L:/0.0.0.0:33909] READ COMPLETE
2023-06-29 03:38:46,753 [s2-NettyServerStreamRpc-bossGroup--thread1] INFO  logging.LoggingHandler (AbstractInternalLogger.java:log(148)) - [id: 0x331d6e34, L:/0.0.0.0:43099] READ: [id: 0x4db5e5b3, L:/127.0.0.1:43099 - R:/127.0.0.1:46532]
2023-06-29 03:38:46,768 [s2-NettyServerStreamRpc-bossGroup--thread1] INFO  logging.LoggingHandler (AbstractInternalLogger.java:log(148)) - [id: 0x331d6e34, L:/0.0.0.0:43099] READ COMPLETE
2023-06-29 03:38:46,854 [Time-limited test] INFO  datastream.TestNettyDataStreamStarTopologyWithGrpcCluster (DataStreamClusterTests.java:runTestWriteFile(112)) - 1: writeAsyncDefaultFileRegion elapsed 113ms
2023-06-29 03:38:46,863 [s0-client-thread1] INFO  statemachine.StateMachine (DataStreamTestUtils.java:link(157)) - link SingleDataStream: writeRequest=RaftClientRequest:client-3C33FB184BEE->s0@group-1C20FCBBD8ED, cid=494, seq=0, DataStream, Message:<EMPTY>, logEntry=null
2023-06-29 03:38:46,864 [s2-server-thread2] INFO  statemachine.StateMachine (DataStreamTestUtils.java:link(157)) - link SingleDataStream: writeRequest=RaftClientRequest:client-3C33FB184BEE->s0@group-1C20FCBBD8ED, cid=494, seq=0, DataStream, Message:<EMPTY>, logEntry=null
2023-06-29 03:38:46,864 [s1-server-thread4] INFO  statemachine.StateMachine (DataStreamTestUtils.java:link(157)) - link SingleDataStream: writeRequest=RaftClientRequest:client-3C33FB184BEE->s0@group-1C20FCBBD8ED, cid=494, seq=0, DataStream, Message:<EMPTY>, logEntry=null
2023-06-29 03:38:46,892 [Time-limited test] INFO  client.DataStreamClient (ConfUtils.java:logGet(46)) - raft.datastream.type = NETTY (custom)
2023-06-29 03:38:46,892 [Time-limited test] INFO  netty.NettyConfigKeys$DataStream (ConfUtils.java:logGet(46)) - raft.netty.dataStream.client.tls.conf = null (default)
2023-06-29 03:38:46,892 [Time-limited test] INFO  netty.NettyConfigKeys$DataStream (ConfUtils.java:logGet(46)) - raft.netty.dataStream.client.reply.queue.grace-period = 1s (default)
2023-06-29 03:38:46,892 [Time-limited test] INFO  netty.NettyConfigKeys$DataStream (ConfUtils.java:logGet(46)) - raft.netty.dataStream.client.worker-group.share = false (default)
2023-06-29 03:38:46,892 [Time-limited test] INFO  netty.NettyConfigKeys$DataStream (ConfUtils.java:logGet(46)) - raft.netty.dataStream.client.worker-group.size = 4 (default)
2023-06-29 03:38:46,893 [s0-NettyServerStreamRpc-bossGroup--thread1] INFO  logging.LoggingHandler (AbstractInternalLogger.java:log(148)) - [id: 0x68b0ec71, L:/0.0.0.0:36013] READ: [id: 0xd7957fdd, L:/127.0.0.1:36013 - R:/127.0.0.1:54792]
2023-06-29 03:38:46,894 [s0-NettyServerStreamRpc-bossGroup--thread1] INFO  logging.LoggingHandler (AbstractInternalLogger.java:log(148)) - [id: 0x68b0ec71, L:/0.0.0.0:36013] READ COMPLETE
2023-06-29 03:38:46,895 [s0-NettyServerStreamRpc-workerGroup--thread1] INFO  client.DataStreamClient (ConfUtils.java:logGet(46)) - raft.datastream.type = NETTY (custom)
2023-06-29 03:38:46,895 [s0-NettyServerStreamRpc-workerGroup--thread1] INFO  netty.NettyConfigKeys$DataStream (ConfUtils.java:logGet(46)) - raft.netty.dataStream.client.tls.conf = null (default)
2023-06-29 03:38:46,895 [s0-NettyServerStreamRpc-workerGroup--thread1] INFO  netty.NettyConfigKeys$DataStream (ConfUtils.java:logGet(46)) - raft.netty.dataStream.client.reply.queue.grace-period = 1s (default)
2023-06-29 03:38:46,895 [s0-NettyServerStreamRpc-workerGroup--thread1] INFO  netty.NettyConfigKeys$DataStream (ConfUtils.java:logGet(46)) - raft.netty.dataStream.client.worker-group.share = false (default)
2023-06-29 03:38:46,895 [s0-NettyServerStreamRpc-workerGroup--thread1] INFO  netty.NettyConfigKeys$DataStream (ConfUtils.java:logGet(46)) - raft.netty.dataStream.client.worker-group.size = 4 (default)
2023-06-29 03:38:46,896 [s1-NettyServerStreamRpc-bossGroup--thread1] INFO  logging.LoggingHandler (AbstractInternalLogger.java:log(148)) - [id: 0x014d7be8, L:/0.0.0.0:33909] READ: [id: 0x41934f29, L:/127.0.0.1:33909 - R:/127.0.0.1:57178]
2023-06-29 03:38:46,896 [s1-NettyServerStreamRpc-bossGroup--thread1] INFO  logging.LoggingHandler (AbstractInternalLogger.java:log(148)) - [id: 0x014d7be8, L:/0.0.0.0:33909] READ COMPLETE
2023-06-29 03:38:46,896 [s0-NettyServerStreamRpc-workerGroup--thread1] INFO  client.DataStreamClient (ConfUtils.java:logGet(46)) - raft.datastream.type = NETTY (custom)
2023-06-29 03:38:46,896 [s0-NettyServerStreamRpc-workerGroup--thread1] INFO  netty.NettyConfigKeys$DataStream (ConfUtils.java:logGet(46)) - raft.netty.dataStream.client.tls.conf = null (default)
2023-06-29 03:38:46,896 [s0-NettyServerStreamRpc-workerGroup--thread1] INFO  netty.NettyConfigKeys$DataStream (ConfUtils.java:logGet(46)) - raft.netty.dataStream.client.reply.queue.grace-period = 1s (default)
2023-06-29 03:38:46,896 [s0-NettyServerStreamRpc-workerGroup--thread1] INFO  netty.NettyConfigKeys$DataStream (ConfUtils.java:logGet(46)) - raft.netty.dataStream.client.worker-group.share = false (default)
2023-06-29 03:38:46,896 [s0-NettyServerStreamRpc-workerGroup--thread1] INFO  netty.NettyConfigKeys$DataStream (ConfUtils.java:logGet(46)) - raft.netty.dataStream.client.worker-group.size = 4 (default)
2023-06-29 03:38:46,899 [s2-NettyServerStreamRpc-bossGroup--thread1] INFO  logging.LoggingHandler (AbstractInternalLogger.java:log(148)) - [id: 0x331d6e34, L:/0.0.0.0:43099] READ: [id: 0x79cde342, L:/127.0.0.1:43099 - R:/127.0.0.1:46534]
2023-06-29 03:38:46,899 [s2-NettyServerStreamRpc-bossGroup--thread1] INFO  logging.LoggingHandler (AbstractInternalLogger.java:log(148)) - [id: 0x331d6e34, L:/0.0.0.0:43099] READ COMPLETE
2023-06-29 03:38:47,480 [Time-limited test] INFO  datastream.TestNettyDataStreamStarTopologyWithGrpcCluster (DataStreamClusterTests.java:runTestWriteFile(112)) - 1: transferToWritableByteChannel elapsed 585ms
2023-06-29 03:38:47,484 [s0-client-thread1] INFO  statemachine.StateMachine (DataStreamTestUtils.java:link(157)) - link SingleDataStream: writeRequest=RaftClientRequest:client-2C8F5118B4BE->s0@group-1C20FCBBD8ED, cid=498, seq=0, DataStream, Message:<EMPTY>, logEntry=null
2023-06-29 03:38:47,485 [s2-server-thread1] INFO  statemachine.StateMachine (DataStreamTestUtils.java:link(157)) - link SingleDataStream: writeRequest=RaftClientRequest:client-2C8F5118B4BE->s0@group-1C20FCBBD8ED, cid=498, seq=0, DataStream, Message:<EMPTY>, logEntry=null
2023-06-29 03:38:47,485 [s1-server-thread1] INFO  statemachine.StateMachine (DataStreamTestUtils.java:link(157)) - link SingleDataStream: writeRequest=RaftClientRequest:client-2C8F5118B4BE->s0@group-1C20FCBBD8ED, cid=498, seq=0, DataStream, Message:<EMPTY>, logEntry=null
2023-06-29 03:38:47,517 [Time-limited test] INFO  client.DataStreamClient (ConfUtils.java:logGet(46)) - raft.datastream.type = NETTY (custom)
2023-06-29 03:38:47,517 [Time-limited test] INFO  netty.NettyConfigKeys$DataStream (ConfUtils.java:logGet(46)) - raft.netty.dataStream.client.tls.conf = null (default)
2023-06-29 03:38:47,517 [Time-limited test] INFO  netty.NettyConfigKeys$DataStream (ConfUtils.java:logGet(46)) - raft.netty.dataStream.client.reply.queue.grace-period = 1s (default)
2023-06-29 03:38:47,518 [Time-limited test] INFO  netty.NettyConfigKeys$DataStream (ConfUtils.java:logGet(46)) - raft.netty.dataStream.client.worker-group.share = false (default)
2023-06-29 03:38:47,518 [Time-limited test] INFO  netty.NettyConfigKeys$DataStream (ConfUtils.java:logGet(46)) - raft.netty.dataStream.client.worker-group.size = 4 (default)
2023-06-29 03:38:47,519 [s1-NettyServerStreamRpc-bossGroup--thread1] INFO  logging.LoggingHandler (AbstractInternalLogger.java:log(148)) - [id: 0x014d7be8, L:/0.0.0.0:33909] READ: [id: 0x9677d486, L:/127.0.0.1:33909 - R:/127.0.0.1:57192]
2023-06-29 03:38:47,519 [s1-NettyServerStreamRpc-bossGroup--thread1] INFO  logging.LoggingHandler (AbstractInternalLogger.java:log(148)) - [id: 0x014d7be8, L:/0.0.0.0:33909] READ COMPLETE
2023-06-29 03:38:47,520 [s1-NettyServerStreamRpc-workerGroup--thread2] INFO  client.DataStreamClient (ConfUtils.java:logGet(46)) - raft.datastream.type = NETTY (custom)
2023-06-29 03:38:47,520 [s1-NettyServerStreamRpc-workerGroup--thread2] INFO  netty.NettyConfigKeys$DataStream (ConfUtils.java:logGet(46)) - raft.netty.dataStream.client.tls.conf = null (default)
2023-06-29 03:38:47,520 [s1-NettyServerStreamRpc-workerGroup--thread2] INFO  netty.NettyConfigKeys$DataStream (ConfUtils.java:logGet(46)) - raft.netty.dataStream.client.reply.queue.grace-period = 1s (default)
2023-06-29 03:38:47,520 [s1-NettyServerStreamRpc-workerGroup--thread2] INFO  netty.NettyConfigKeys$DataStream (ConfUtils.java:logGet(46)) - raft.netty.dataStream.client.worker-group.share = false (default)
2023-06-29 03:38:47,520 [s1-NettyServerStreamRpc-workerGroup--thread2] INFO  netty.NettyConfigKeys$DataStream (ConfUtils.java:logGet(46)) - raft.netty.dataStream.client.worker-group.size = 4 (default)
2023-06-29 03:38:47,521 [s0-NettyServerStreamRpc-bossGroup--thread1] INFO  logging.LoggingHandler (AbstractInternalLogger.java:log(148)) - [id: 0x68b0ec71, L:/0.0.0.0:36013] READ: [id: 0xa9fc304d, L:/127.0.0.1:36013 - R:/127.0.0.1:54794]
2023-06-29 03:38:47,521 [s0-NettyServerStreamRpc-bossGroup--thread1] INFO  logging.LoggingHandler (AbstractInternalLogger.java:log(148)) - [id: 0x68b0ec71, L:/0.0.0.0:36013] READ COMPLETE
2023-06-29 03:38:47,521 [s1-NettyServerStreamRpc-workerGroup--thread2] INFO  client.DataStreamClient (ConfUtils.java:logGet(46)) - raft.datastream.type = NETTY (custom)
2023-06-29 03:38:47,521 [s1-NettyServerStreamRpc-workerGroup--thread2] INFO  netty.NettyConfigKeys$DataStream (ConfUtils.java:logGet(46)) - raft.netty.dataStream.client.tls.conf = null (default)
2023-06-29 03:38:47,521 [s1-NettyServerStreamRpc-workerGroup--thread2] INFO  netty.NettyConfigKeys$DataStream (ConfUtils.java:logGet(46)) - raft.netty.dataStream.client.reply.queue.grace-period = 1s (default)
2023-06-29 03:38:47,521 [s1-NettyServerStreamRpc-workerGroup--thread2] INFO  netty.NettyConfigKeys$DataStream (ConfUtils.java:logGet(46)) - raft.netty.dataStream.client.worker-group.share = false (default)
2023-06-29 03:38:47,521 [s1-NettyServerStreamRpc-workerGroup--thread2] INFO  netty.NettyConfigKeys$DataStream (ConfUtils.java:logGet(46)) - raft.netty.dataStream.client.worker-group.size = 4 (default)
2023-06-29 03:38:47,524 [s2-NettyServerStreamRpc-bossGroup--thread1] INFO  logging.LoggingHandler (AbstractInternalLogger.java:log(148)) - [id: 0x331d6e34, L:/0.0.0.0:43099] READ: [id: 0x899a6156, L:/127.0.0.1:43099 - R:/127.0.0.1:46548]
2023-06-29 03:38:47,524 [s2-NettyServerStreamRpc-bossGroup--thread1] INFO  logging.LoggingHandler (AbstractInternalLogger.java:log(148)) - [id: 0x331d6e34, L:/0.0.0.0:43099] READ COMPLETE
2023-06-29 03:38:47,624 [Time-limited test] INFO  datastream.TestNettyDataStreamStarTopologyWithGrpcCluster (DataStreamClusterTests.java:runTestWriteFile(112)) - 2: writeAsyncDefaultFileRegion elapsed 105ms
2023-06-29 03:38:47,629 [s0-client-thread1] INFO  statemachine.StateMachine (DataStreamTestUtils.java:link(157)) - link SingleDataStream: writeRequest=RaftClientRequest:client-A3A8BCF21B6C->s1@group-1C20FCBBD8ED, cid=502, seq=0, DataStream, Message:<EMPTY>, logEntry=null
2023-06-29 03:38:47,630 [s2-server-thread2] INFO  statemachine.StateMachine (DataStreamTestUtils.java:link(157)) - link SingleDataStream: writeRequest=RaftClientRequest:client-A3A8BCF21B6C->s1@group-1C20FCBBD8ED, cid=502, seq=0, DataStream, Message:<EMPTY>, logEntry=null
2023-06-29 03:38:47,630 [s1-server-thread4] INFO  statemachine.StateMachine (DataStreamTestUtils.java:link(157)) - link SingleDataStream: writeRequest=RaftClientRequest:client-A3A8BCF21B6C->s1@group-1C20FCBBD8ED, cid=502, seq=0, DataStream, Message:<EMPTY>, logEntry=null
2023-06-29 03:38:47,655 [Time-limited test] INFO  client.DataStreamClient (ConfUtils.java:logGet(46)) - raft.datastream.type = NETTY (custom)
2023-06-29 03:38:47,655 [Time-limited test] INFO  netty.NettyConfigKeys$DataStream (ConfUtils.java:logGet(46)) - raft.netty.dataStream.client.tls.conf = null (default)
2023-06-29 03:38:47,655 [Time-limited test] INFO  netty.NettyConfigKeys$DataStream (ConfUtils.java:logGet(46)) - raft.netty.dataStream.client.reply.queue.grace-period = 1s (default)
2023-06-29 03:38:47,655 [Time-limited test] INFO  netty.NettyConfigKeys$DataStream (ConfUtils.java:logGet(46)) - raft.netty.dataStream.client.worker-group.share = false (default)
2023-06-29 03:38:47,655 [Time-limited test] INFO  netty.NettyConfigKeys$DataStream (ConfUtils.java:logGet(46)) - raft.netty.dataStream.client.worker-group.size = 4 (default)
2023-06-29 03:38:47,673 [s1-NettyServerStreamRpc-bossGroup--thread1] INFO  logging.LoggingHandler (AbstractInternalLogger.java:log(148)) - [id: 0x014d7be8, L:/0.0.0.0:33909] READ: [id: 0x8a576855, L:/127.0.0.1:33909 - R:/127.0.0.1:57194]
2023-06-29 03:38:47,673 [s1-NettyServerStreamRpc-bossGroup--thread1] INFO  logging.LoggingHandler (AbstractInternalLogger.java:log(148)) - [id: 0x014d7be8, L:/0.0.0.0:33909] READ COMPLETE
2023-06-29 03:38:47,674 [s1-NettyServerStreamRpc-workerGroup--thread3] INFO  client.DataStreamClient (ConfUtils.java:logGet(46)) - raft.datastream.type = NETTY (custom)
2023-06-29 03:38:47,674 [s1-NettyServerStreamRpc-workerGroup--thread3] INFO  netty.NettyConfigKeys$DataStream (ConfUtils.java:logGet(46)) - raft.netty.dataStream.client.tls.conf = null (default)
2023-06-29 03:38:47,674 [s1-NettyServerStreamRpc-workerGroup--thread3] INFO  netty.NettyConfigKeys$DataStream (ConfUtils.java:logGet(46)) - raft.netty.dataStream.client.reply.queue.grace-period = 1s (default)
2023-06-29 03:38:47,674 [s1-NettyServerStreamRpc-workerGroup--thread3] INFO  netty.NettyConfigKeys$DataStream (ConfUtils.java:logGet(46)) - raft.netty.dataStream.client.worker-group.share = false (default)
2023-06-29 03:38:47,674 [s1-NettyServerStreamRpc-workerGroup--thread3] INFO  netty.NettyConfigKeys$DataStream (ConfUtils.java:logGet(46)) - raft.netty.dataStream.client.worker-group.size = 4 (default)
2023-06-29 03:38:47,675 [s0-NettyServerStreamRpc-bossGroup--thread1] INFO  logging.LoggingHandler (AbstractInternalLogger.java:log(148)) - [id: 0x68b0ec71, L:/0.0.0.0:36013] READ: [id: 0xffb125b4, L:/127.0.0.1:36013 - R:/127.0.0.1:54810]
2023-06-29 03:38:47,675 [s1-NettyServerStreamRpc-workerGroup--thread3] INFO  client.DataStreamClient (ConfUtils.java:logGet(46)) - raft.datastream.type = NETTY (custom)
2023-06-29 03:38:47,675 [s0-NettyServerStreamRpc-bossGroup--thread1] INFO  logging.LoggingHandler (AbstractInternalLogger.java:log(148)) - [id: 0x68b0ec71, L:/0.0.0.0:36013] READ COMPLETE
2023-06-29 03:38:47,675 [s1-NettyServerStreamRpc-workerGroup--thread3] INFO  netty.NettyConfigKeys$DataStream (ConfUtils.java:logGet(46)) - raft.netty.dataStream.client.tls.conf = null (default)
2023-06-29 03:38:47,675 [s1-NettyServerStreamRpc-workerGroup--thread3] INFO  netty.NettyConfigKeys$DataStream (ConfUtils.java:logGet(46)) - raft.netty.dataStream.client.reply.queue.grace-period = 1s (default)
2023-06-29 03:38:47,675 [s1-NettyServerStreamRpc-workerGroup--thread3] INFO  netty.NettyConfigKeys$DataStream (ConfUtils.java:logGet(46)) - raft.netty.dataStream.client.worker-group.share = false (default)
2023-06-29 03:38:47,676 [s1-NettyServerStreamRpc-workerGroup--thread3] INFO  netty.NettyConfigKeys$DataStream (ConfUtils.java:logGet(46)) - raft.netty.dataStream.client.worker-group.size = 4 (default)
2023-06-29 03:38:47,676 [s2-NettyServerStreamRpc-bossGroup--thread1] INFO  logging.LoggingHandler (AbstractInternalLogger.java:log(148)) - [id: 0x331d6e34, L:/0.0.0.0:43099] READ: [id: 0xdbd3885d, L:/127.0.0.1:43099 - R:/127.0.0.1:46556]
2023-06-29 03:38:47,676 [s2-NettyServerStreamRpc-bossGroup--thread1] INFO  logging.LoggingHandler (AbstractInternalLogger.java:log(148)) - [id: 0x331d6e34, L:/0.0.0.0:43099] READ COMPLETE
2023-06-29 03:38:48,170 [timer3] WARN  grpc.GrpcUtil (GrpcUtil.java:shutdownManagedChannel(223)) - Timed out gracefully shutting down connection: ManagedChannelOrphanWrapper{delegate=ManagedChannelImpl{logId=3484, target=localhost:43533}}. 
2023-06-29 03:38:48,267 [Time-limited test] INFO  datastream.TestNettyDataStreamStarTopologyWithGrpcCluster (DataStreamClusterTests.java:runTestWriteFile(112)) - 2: transferToWritableByteChannel elapsed 593ms
2023-06-29 03:38:48,271 [s0-client-thread1] INFO  statemachine.StateMachine (DataStreamTestUtils.java:link(157)) - link SingleDataStream: writeRequest=RaftClientRequest:client-D0274F86D561->s1@group-1C20FCBBD8ED, cid=506, seq=0, DataStream, Message:<EMPTY>, logEntry=null
2023-06-29 03:38:48,272 [s2-server-thread2] INFO  statemachine.StateMachine (DataStreamTestUtils.java:link(157)) - link SingleDataStream: writeRequest=RaftClientRequest:client-D0274F86D561->s1@group-1C20FCBBD8ED, cid=506, seq=0, DataStream, Message:<EMPTY>, logEntry=null
2023-06-29 03:38:48,272 [s1-server-thread4] INFO  statemachine.StateMachine (DataStreamTestUtils.java:link(157)) - link SingleDataStream: writeRequest=RaftClientRequest:client-D0274F86D561->s1@group-1C20FCBBD8ED, cid=506, seq=0, DataStream, Message:<EMPTY>, logEntry=null
2023-06-29 03:38:48,298 [Time-limited test] INFO  impl.MiniRaftCluster (MiniRaftCluster.java:shutdown(831)) - ************************************************************** 
2023-06-29 03:38:48,299 [Time-limited test] INFO  impl.MiniRaftCluster (MiniRaftCluster.java:shutdown(832)) - *** 
2023-06-29 03:38:48,299 [Time-limited test] INFO  impl.MiniRaftCluster (MiniRaftCluster.java:shutdown(833)) - ***     Stopping MiniRaftClusterWithRpcTypeGrpcAndDataStreamTypeNetty
2023-06-29 03:38:48,299 [Time-limited test] INFO  impl.MiniRaftCluster (MiniRaftCluster.java:shutdown(834)) - *** 
2023-06-29 03:38:48,299 [Time-limited test] INFO  impl.MiniRaftCluster (MiniRaftCluster.java:shutdown(835)) - ************************************************************** 
2023-06-29 03:38:48,299 [Time-limited test] INFO  impl.MiniRaftCluster (MiniRaftCluster.java:shutdown(836)) - printing ALL groups
  s0:  RUNNING    LEADER s0@group-1C20FCBBD8ED:t1, leader=s0, voted=s0, raftlog=Memoized:s0@group-1C20FCBBD8ED-SegmentedRaftLog:OPENED:c14, conf=0: peers:[s0|rpc:localhost:40241|admin:localhost:35799|client:localhost:41353|dataStream:localhost:36013|priority:0|startupRole:FOLLOWER, s1|rpc:localhost:37015|admin:localhost:33405|client:localhost:33487|dataStream:localhost:33909|priority:0|startupRole:FOLLOWER, s2|rpc:localhost:44999|admin:localhost:38575|client:localhost:37017|dataStream:localhost:43099|priority:0|startupRole:FOLLOWER]|listeners:[], old=null RUNNING
  s1:  RUNNING  FOLLOWER s1@group-1C20FCBBD8ED:t1, leader=s0, voted=s0, raftlog=Memoized:s1@group-1C20FCBBD8ED-SegmentedRaftLog:OPENED:c13, conf=0: peers:[s0|rpc:localhost:40241|admin:localhost:35799|client:localhost:41353|dataStream:localhost:36013|priority:0|startupRole:FOLLOWER, s1|rpc:localhost:37015|admin:localhost:33405|client:localhost:33487|dataStream:localhost:33909|priority:0|startupRole:FOLLOWER, s2|rpc:localhost:44999|admin:localhost:38575|client:localhost:37017|dataStream:localhost:43099|priority:0|startupRole:FOLLOWER]|listeners:[], old=null RUNNING
  s2:  RUNNING  FOLLOWER s2@group-1C20FCBBD8ED:t1, leader=s0, voted=s0, raftlog=Memoized:s2@group-1C20FCBBD8ED-SegmentedRaftLog:OPENED:c13, conf=0: peers:[s0|rpc:localhost:40241|admin:localhost:35799|client:localhost:41353|dataStream:localhost:36013|priority:0|startupRole:FOLLOWER, s1|rpc:localhost:37015|admin:localhost:33405|client:localhost:33487|dataStream:localhost:33909|priority:0|startupRole:FOLLOWER, s2|rpc:localhost:44999|admin:localhost:38575|client:localhost:37017|dataStream:localhost:43099|priority:0|startupRole:FOLLOWER]|listeners:[], old=null RUNNING
2023-06-29 03:38:48,299 [MiniRaftCluster-5] INFO  server.RaftServer (RaftServerProxy.java:lambda$close$7(417)) - s0: close
2023-06-29 03:38:48,299 [MiniRaftCluster-6] INFO  server.RaftServer (RaftServerProxy.java:lambda$close$7(417)) - s1: close
2023-06-29 03:38:48,302 [MiniRaftCluster-5] INFO  server.GrpcService (GrpcService.java:closeImpl(311)) - s0: shutdown server org.apache.ratis.grpc.server.GrpcClientProtocolService now
2023-06-29 03:38:48,303 [s0-impl-thread1] INFO  server.RaftServer$Division (RaftServerImpl.java:lambda$close$3(508)) - s0@group-1C20FCBBD8ED: shutdown
2023-06-29 03:38:48,303 [s0-impl-thread1] INFO  util.JmxRegister (JmxRegister.java:unregister(73)) - Successfully un-registered JMX Bean with object name Ratis:service=RaftServer,group=group-1C20FCBBD8ED,id=s0
2023-06-29 03:38:48,303 [s0-impl-thread1] INFO  impl.RoleInfo (RoleInfo.java:shutdownLeaderState(93)) - s0: shutdown s0@group-1C20FCBBD8ED-LeaderStateImpl
2023-06-29 03:38:48,303 [MiniRaftCluster-7] INFO  server.RaftServer (RaftServerProxy.java:lambda$close$7(417)) - s2: close
2023-06-29 03:38:48,303 [s0-impl-thread1] INFO  impl.PendingRequests (PendingRequests.java:sendNotLeaderResponses(289)) - s0@group-1C20FCBBD8ED-PendingRequests: sendNotLeaderResponses
2023-06-29 03:38:48,303 [s0@group-1C20FCBBD8ED->s1-GrpcLogAppender-LogAppenderDaemon] WARN  server.GrpcLogAppender (GrpcLogAppender.java:mayWait(206)) - s0@group-1C20FCBBD8ED->s1-GrpcLogAppender: Wait interrupted by java.lang.InterruptedException
2023-06-29 03:38:48,303 [s1-impl-thread1] INFO  server.RaftServer$Division (RaftServerImpl.java:lambda$close$3(508)) - s1@group-1C20FCBBD8ED: shutdown
2023-06-29 03:38:48,303 [s1-impl-thread1] INFO  util.JmxRegister (JmxRegister.java:unregister(73)) - Successfully un-registered JMX Bean with object name Ratis:service=RaftServer,group=group-1C20FCBBD8ED,id=s1
2023-06-29 03:38:48,303 [s1-impl-thread1] INFO  impl.RoleInfo (RoleInfo.java:shutdownFollowerState(110)) - s1: shutdown s1@group-1C20FCBBD8ED-FollowerState
2023-06-29 03:38:48,303 [s0@group-1C20FCBBD8ED->s2-GrpcLogAppender-LogAppenderDaemon] WARN  server.GrpcLogAppender (GrpcLogAppender.java:mayWait(206)) - s0@group-1C20FCBBD8ED->s2-GrpcLogAppender: Wait interrupted by java.lang.InterruptedException
2023-06-29 03:38:48,303 [s1-impl-thread1] INFO  impl.StateMachineUpdater (StateMachineUpdater.java:stopAndJoin(154)) - s1@group-1C20FCBBD8ED-StateMachineUpdater: set stopIndex = 13
2023-06-29 03:38:48,303 [s1@group-1C20FCBBD8ED-FollowerState] INFO  impl.FollowerState (FollowerState.java:run(152)) - s1@group-1C20FCBBD8ED-FollowerState was interrupted
2023-06-29 03:38:48,303 [grpc-default-executor-11] INFO  server.GrpcServerProtocolService (GrpcServerProtocolService.java:onCompleted(155)) - s1: Completed APPEND_ENTRIES, lastRequest: s0->s1#63-t1,previous=(t:1, i:13),leaderCommit=13,initializing? true,entries: size=1, first=(t:1, i:14), METADATAENTRY(c:13)
2023-06-29 03:38:48,304 [s1-impl-thread1] INFO  server.RaftServer$Division (ServerState.java:close(415)) - s1@group-1C20FCBBD8ED: applyIndex: 13
2023-06-29 03:38:48,304 [grpc-default-executor-11] INFO  server.GrpcServerProtocolService (GrpcServerProtocolService.java:lambda$onCompleted$5(157)) - s1: Completed APPEND_ENTRIES, lastReply: null
2023-06-29 03:38:48,304 [MiniRaftCluster-6] INFO  server.GrpcService (GrpcService.java:closeImpl(311)) - s1: shutdown server org.apache.ratis.grpc.server.GrpcClientProtocolService now
2023-06-29 03:38:48,304 [grpc-default-executor-17] INFO  server.GrpcServerProtocolService (GrpcServerProtocolService.java:onCompleted(155)) - s2: Completed APPEND_ENTRIES, lastRequest: null
2023-06-29 03:38:48,304 [grpc-default-executor-11] INFO  server.GrpcServerProtocolService (GrpcServerProtocolService.java:onCompleted(155)) - s1: Completed APPEND_ENTRIES, lastRequest: null
2023-06-29 03:38:48,304 [grpc-default-executor-17] INFO  server.GrpcServerProtocolService (GrpcServerProtocolService.java:lambda$onCompleted$5(157)) - s2: Completed APPEND_ENTRIES, lastReply: serverReply {
  requestorId: "s0"
  replyId: "s2"
  raftGroupId {
    id: "\017x\351\324J\257E\233\205\377\034 \374\273\330\355"
  }
  callId: 59
  success: true
}
term: 1
nextIndex: 13
followerCommit: 12
matchIndex: 18446744073709551615
isHearbeat: true

2023-06-29 03:38:48,304 [grpc-default-executor-11] INFO  server.GrpcServerProtocolService (GrpcServerProtocolService.java:lambda$onCompleted$5(157)) - s1: Completed APPEND_ENTRIES, lastReply: serverReply {
  requestorId: "s0"
  replyId: "s1"
  raftGroupId {
    id: "\017x\351\324J\257E\233\205\377\034 \374\273\330\355"
  }
  callId: 61
  success: true
}
term: 1
nextIndex: 13
followerCommit: 12
matchIndex: 18446744073709551615
isHearbeat: true

2023-06-29 03:38:48,304 [grpc-default-executor-2] INFO  server.GrpcLogAppender (GrpcLogAppender.java:onCompleted(441)) - s0@group-1C20FCBBD8ED->s1-AppendLogResponseHandler: follower responses appendEntries COMPLETED
2023-06-29 03:38:48,304 [grpc-default-executor-2] INFO  leader.FollowerInfo (FollowerInfoImpl.java:lambda$new$0(52)) - s0@group-1C20FCBBD8ED->s1: decreaseNextIndex nextIndex: updateUnconditionally 15 -> 14
2023-06-29 03:38:48,303 [grpc-default-executor-7] INFO  server.GrpcServerProtocolService (GrpcServerProtocolService.java:onCompleted(155)) - s2: Completed APPEND_ENTRIES, lastRequest: s0->s2#61-t1,previous=(t:1, i:13),leaderCommit=13,initializing? true,entries: size=1, first=(t:1, i:14), METADATAENTRY(c:13)
2023-06-29 03:38:48,304 [grpc-default-executor-7] INFO  server.GrpcServerProtocolService (GrpcServerProtocolService.java:lambda$onCompleted$5(157)) - s2: Completed APPEND_ENTRIES, lastReply: null
2023-06-29 03:38:48,304 [grpc-default-executor-16] INFO  server.GrpcLogAppender (GrpcLogAppender.java:onCompleted(441)) - s0@group-1C20FCBBD8ED->s2-AppendLogResponseHandler: follower responses appendEntries COMPLETED
2023-06-29 03:38:48,304 [grpc-default-executor-11] INFO  server.GrpcLogAppender (GrpcLogAppender.java:onCompleted(441)) - s0@group-1C20FCBBD8ED->s2-AppendLogResponseHandler: follower responses appendEntries COMPLETED
2023-06-29 03:38:48,304 [grpc-default-executor-16] INFO  leader.FollowerInfo (FollowerInfoImpl.java:lambda$new$0(52)) - s0@group-1C20FCBBD8ED->s2: decreaseNextIndex nextIndex: updateUnconditionally 15 -> 14
2023-06-29 03:38:48,305 [grpc-default-executor-2] INFO  server.GrpcLogAppender (GrpcLogAppender.java:onCompleted(441)) - s0@group-1C20FCBBD8ED->s1-AppendLogResponseHandler: follower responses appendEntries COMPLETED
2023-06-29 03:38:48,305 [grpc-default-executor-11] INFO  leader.FollowerInfo (FollowerInfoImpl.java:lambda$new$0(52)) - s0@group-1C20FCBBD8ED->s2: decreaseNextIndex nextIndex: updateUnconditionally 14 -> 13
2023-06-29 03:38:48,305 [grpc-default-executor-2] INFO  leader.FollowerInfo (FollowerInfoImpl.java:lambda$new$0(52)) - s0@group-1C20FCBBD8ED->s1: decreaseNextIndex nextIndex: updateUnconditionally 14 -> 13
2023-06-29 03:38:48,309 [Thread-1288] INFO  server.GrpcServerProtocolClient (GrpcServerProtocolClient.java:close(103)) - s1 Close channels
2023-06-29 03:38:48,312 [Thread-1289] INFO  server.GrpcServerProtocolClient (GrpcServerProtocolClient.java:close(103)) - s2 Close channels
2023-06-29 03:38:48,312 [MiniRaftCluster-5] INFO  server.GrpcService (GrpcService.java:closeImpl(320)) - s0: shutdown server org.apache.ratis.grpc.server.GrpcClientProtocolService successfully
2023-06-29 03:38:48,312 [MiniRaftCluster-5] INFO  server.GrpcService (GrpcService.java:closeImpl(311)) - s0: shutdown server GrpcServerProtocolService now
2023-06-29 03:38:48,315 [MiniRaftCluster-7] INFO  server.GrpcService (GrpcService.java:closeImpl(311)) - s2: shutdown server org.apache.ratis.grpc.server.GrpcClientProtocolService now
2023-06-29 03:38:48,315 [s2-impl-thread1] INFO  server.RaftServer$Division (RaftServerImpl.java:lambda$close$3(508)) - s2@group-1C20FCBBD8ED: shutdown
2023-06-29 03:38:48,315 [s2-impl-thread1] INFO  util.JmxRegister (JmxRegister.java:unregister(73)) - Successfully un-registered JMX Bean with object name Ratis:service=RaftServer,group=group-1C20FCBBD8ED,id=s2
2023-06-29 03:38:48,315 [s2-impl-thread1] INFO  impl.RoleInfo (RoleInfo.java:shutdownFollowerState(110)) - s2: shutdown s2@group-1C20FCBBD8ED-FollowerState
2023-06-29 03:38:48,315 [s2-impl-thread1] INFO  impl.StateMachineUpdater (StateMachineUpdater.java:stopAndJoin(154)) - s2@group-1C20FCBBD8ED-StateMachineUpdater: set stopIndex = 13
2023-06-29 03:38:48,315 [s2@group-1C20FCBBD8ED-FollowerState] INFO  impl.FollowerState (FollowerState.java:run(152)) - s2@group-1C20FCBBD8ED-FollowerState was interrupted
2023-06-29 03:38:48,315 [s2-impl-thread1] INFO  server.RaftServer$Division (ServerState.java:close(415)) - s2@group-1C20FCBBD8ED: applyIndex: 13
2023-06-29 03:38:48,315 [MiniRaftCluster-6] INFO  server.GrpcService (GrpcService.java:closeImpl(320)) - s1: shutdown server org.apache.ratis.grpc.server.GrpcClientProtocolService successfully
2023-06-29 03:38:48,315 [MiniRaftCluster-7] INFO  server.GrpcService (GrpcService.java:closeImpl(320)) - s2: shutdown server org.apache.ratis.grpc.server.GrpcClientProtocolService successfully
2023-06-29 03:38:48,315 [MiniRaftCluster-6] INFO  server.GrpcService (GrpcService.java:closeImpl(311)) - s1: shutdown server GrpcServerProtocolService now
2023-06-29 03:38:48,315 [MiniRaftCluster-7] INFO  server.GrpcService (GrpcService.java:closeImpl(311)) - s2: shutdown server GrpcServerProtocolService now
2023-06-29 03:38:48,318 [MiniRaftCluster-5] INFO  server.GrpcService (GrpcService.java:closeImpl(320)) - s0: shutdown server GrpcServerProtocolService successfully
2023-06-29 03:38:48,318 [MiniRaftCluster-5] INFO  server.GrpcService (GrpcService.java:closeImpl(311)) - s0: shutdown server org.apache.ratis.grpc.server.GrpcAdminProtocolService now
2023-06-29 03:38:48,320 [MiniRaftCluster-6] INFO  server.GrpcService (GrpcService.java:closeImpl(320)) - s1: shutdown server GrpcServerProtocolService successfully
2023-06-29 03:38:48,320 [MiniRaftCluster-6] INFO  server.GrpcService (GrpcService.java:closeImpl(311)) - s1: shutdown server org.apache.ratis.grpc.server.GrpcAdminProtocolService now
2023-06-29 03:38:48,327 [MiniRaftCluster-7] INFO  server.GrpcService (GrpcService.java:closeImpl(320)) - s2: shutdown server GrpcServerProtocolService successfully
2023-06-29 03:38:48,327 [MiniRaftCluster-7] INFO  server.GrpcService (GrpcService.java:closeImpl(311)) - s2: shutdown server org.apache.ratis.grpc.server.GrpcAdminProtocolService now
2023-06-29 03:38:48,334 [s0-impl-thread1] INFO  impl.StateMachineUpdater (StateMachineUpdater.java:stopAndJoin(154)) - s0@group-1C20FCBBD8ED-StateMachineUpdater: set stopIndex = 14
2023-06-29 03:38:48,335 [MiniRaftCluster-5] INFO  server.GrpcService (GrpcService.java:closeImpl(320)) - s0: shutdown server org.apache.ratis.grpc.server.GrpcAdminProtocolService successfully
2023-06-29 03:38:48,335 [s0-NettyServerStreamRpc-bossGroup--thread1] INFO  logging.LoggingHandler (AbstractInternalLogger.java:log(148)) - [id: 0x68b0ec71, L:/0.0.0.0:36013] CLOSE
2023-06-29 03:38:48,335 [s0-NettyServerStreamRpc-bossGroup--thread1] INFO  logging.LoggingHandler (AbstractInternalLogger.java:log(148)) - [id: 0x68b0ec71, L:0.0.0.0/0.0.0.0:36013] INACTIVE
2023-06-29 03:38:48,335 [s0-NettyServerStreamRpc-bossGroup--thread1] INFO  logging.LoggingHandler (AbstractInternalLogger.java:log(148)) - [id: 0x68b0ec71, L:0.0.0.0/0.0.0.0:36013] UNREGISTERED
2023-06-29 03:38:48,336 [MiniRaftCluster-6] INFO  server.GrpcService (GrpcService.java:closeImpl(320)) - s1: shutdown server org.apache.ratis.grpc.server.GrpcAdminProtocolService successfully
2023-06-29 03:38:48,337 [s0-impl-thread1] INFO  server.RaftServer$Division (ServerState.java:close(415)) - s0@group-1C20FCBBD8ED: applyIndex: 14
2023-06-29 03:38:48,337 [MiniRaftCluster-7] INFO  server.GrpcService (GrpcService.java:closeImpl(320)) - s2: shutdown server org.apache.ratis.grpc.server.GrpcAdminProtocolService successfully
2023-06-29 03:38:48,337 [s2-NettyServerStreamRpc-bossGroup--thread1] INFO  logging.LoggingHandler (AbstractInternalLogger.java:log(148)) - [id: 0x331d6e34, L:/0.0.0.0:43099] CLOSE
2023-06-29 03:38:48,338 [s2-NettyServerStreamRpc-bossGroup--thread1] INFO  logging.LoggingHandler (AbstractInternalLogger.java:log(148)) - [id: 0x331d6e34, L:0.0.0.0/0.0.0.0:43099] INACTIVE
2023-06-29 03:38:48,338 [s2-NettyServerStreamRpc-bossGroup--thread1] INFO  logging.LoggingHandler (AbstractInternalLogger.java:log(148)) - [id: 0x331d6e34, L:0.0.0.0/0.0.0.0:43099] UNREGISTERED
2023-06-29 03:38:48,338 [s1-NettyServerStreamRpc-bossGroup--thread1] INFO  logging.LoggingHandler (AbstractInternalLogger.java:log(148)) - [id: 0x014d7be8, L:/0.0.0.0:33909] CLOSE
2023-06-29 03:38:48,338 [s1-NettyServerStreamRpc-bossGroup--thread1] INFO  logging.LoggingHandler (AbstractInternalLogger.java:log(148)) - [id: 0x014d7be8, L:0.0.0.0/0.0.0.0:33909] INACTIVE
2023-06-29 03:38:48,338 [s1-NettyServerStreamRpc-bossGroup--thread1] INFO  logging.LoggingHandler (AbstractInternalLogger.java:log(148)) - [id: 0x014d7be8, L:0.0.0.0/0.0.0.0:33909] UNREGISTERED
2023-06-29 03:38:48,339 [NettyClientStreamRpc-workerGroup--thread1] WARN  client.NettyClientStreamRpc (NettyClientStreamRpc.java:scheduleReconnect(206)) - Connection-localhost/127.0.0.1:36013: channel is inactive; schedule reconnecting to localhost/127.0.0.1:36013 in 100ms
2023-06-29 03:38:48,339 [NettyClientStreamRpc-workerGroup--thread1] WARN  client.NettyClientStreamRpc (NettyClientStreamRpc.java:scheduleReconnect(206)) - Connection-localhost/127.0.0.1:36013: channel is inactive; schedule reconnecting to localhost/127.0.0.1:36013 in 100ms
2023-06-29 03:38:48,339 [NettyClientStreamRpc-workerGroup--thread1] WARN  client.NettyClientStreamRpc (NettyClientStreamRpc.java:scheduleReconnect(206)) - Connection-localhost/127.0.0.1:36013: channel is inactive; schedule reconnecting to localhost/127.0.0.1:36013 in 100ms
2023-06-29 03:38:48,339 [NettyClientStreamRpc-workerGroup--thread1] WARN  client.NettyClientStreamRpc (NettyClientStreamRpc.java:scheduleReconnect(206)) - Connection-localhost/127.0.0.1:36013: channel is inactive; schedule reconnecting to localhost/127.0.0.1:36013 in 100ms
2023-06-29 03:38:48,340 [NettyClientStreamRpc-workerGroup--thread1] WARN  client.NettyClientStreamRpc (NettyClientStreamRpc.java:scheduleReconnect(206)) - Connection-localhost/127.0.0.1:36013: channel is inactive; schedule reconnecting to localhost/127.0.0.1:36013 in 100ms
2023-06-29 03:38:48,342 [NettyClientStreamRpc-workerGroup--thread1] WARN  client.NettyClientStreamRpc (NettyClientStreamRpc.java:scheduleReconnect(206)) - Connection-localhost/127.0.0.1:33909: channel is inactive; schedule reconnecting to localhost/127.0.0.1:33909 in 100ms
2023-06-29 03:38:48,342 [NettyClientStreamRpc-workerGroup--thread1] WARN  client.NettyClientStreamRpc (NettyClientStreamRpc.java:scheduleReconnect(206)) - Connection-localhost/127.0.0.1:33909: channel is inactive; schedule reconnecting to localhost/127.0.0.1:33909 in 100ms
2023-06-29 03:38:48,342 [NettyClientStreamRpc-workerGroup--thread1] WARN  client.NettyClientStreamRpc (NettyClientStreamRpc.java:scheduleReconnect(206)) - Connection-localhost/127.0.0.1:33909: channel is inactive; schedule reconnecting to localhost/127.0.0.1:33909 in 100ms
2023-06-29 03:38:48,347 [NettyClientStreamRpc-workerGroup--thread1] WARN  client.NettyClientStreamRpc (NettyClientStreamRpc.java:scheduleReconnect(206)) - Connection-localhost/127.0.0.1:43099: channel is inactive; schedule reconnecting to localhost/127.0.0.1:43099 in 100ms
2023-06-29 03:38:48,347 [NettyClientStreamRpc-workerGroup--thread1] WARN  client.NettyClientStreamRpc (NettyClientStreamRpc.java:scheduleReconnect(206)) - Connection-localhost/127.0.0.1:43099: channel is inactive; schedule reconnecting to localhost/127.0.0.1:43099 in 100ms
2023-06-29 03:38:48,347 [NettyClientStreamRpc-workerGroup--thread1] WARN  client.NettyClientStreamRpc (NettyClientStreamRpc.java:scheduleReconnect(206)) - Connection-localhost/127.0.0.1:43099: channel is inactive; schedule reconnecting to localhost/127.0.0.1:43099 in 100ms
2023-06-29 03:38:48,348 [NettyClientStreamRpc-workerGroup--thread1] WARN  client.NettyClientStreamRpc (NettyClientStreamRpc.java:scheduleReconnect(206)) - Connection-localhost/127.0.0.1:43099: channel is inactive; schedule reconnecting to localhost/127.0.0.1:43099 in 100ms
2023-06-29 03:38:48,348 [NettyClientStreamRpc-workerGroup--thread1] WARN  client.NettyClientStreamRpc (NettyClientStreamRpc.java:scheduleReconnect(206)) - Connection-localhost/127.0.0.1:43099: channel is inactive; schedule reconnecting to localhost/127.0.0.1:43099 in 100ms
2023-06-29 03:38:48,349 [NettyClientStreamRpc-workerGroup--thread1] WARN  client.NettyClientStreamRpc (NettyClientStreamRpc.java:scheduleReconnect(206)) - Connection-localhost/127.0.0.1:33909: channel is inactive; schedule reconnecting to localhost/127.0.0.1:33909 in 100ms
2023-06-29 03:38:48,361 [NettyClientStreamRpc-workerGroup--thread3] WARN  client.NettyClientStreamRpc (NettyClientStreamRpc.java:scheduleReconnect(206)) - Connection-localhost/127.0.0.1:36013: org.apache.ratis.netty.client.NettyClientStreamRpc$Connection$1@5cb847da failed; schedule reconnecting to localhost/127.0.0.1:36013 in 100ms
2023-06-29 03:38:48,361 [NettyClientStreamRpc-workerGroup--thread3] WARN  client.NettyClientStreamRpc (NettyClientStreamRpc.java:scheduleReconnect(208)) - 
org.apache.ratis.thirdparty.io.netty.channel.AbstractChannel$AnnotatedConnectException: Connection refused: localhost/127.0.0.1:36013
Caused by: java.net.ConnectException: Connection refused
	at java.base/sun.nio.ch.SocketChannelImpl.checkConnect(Native Method)
	at java.base/sun.nio.ch.SocketChannelImpl.finishConnect(SocketChannelImpl.java:777)
	at org.apache.ratis.thirdparty.io.netty.channel.socket.nio.NioSocketChannel.doFinishConnect(NioSocketChannel.java:337)
	at org.apache.ratis.thirdparty.io.netty.channel.nio.AbstractNioChannel$AbstractNioUnsafe.finishConnect(AbstractNioChannel.java:334)
	at org.apache.ratis.thirdparty.io.netty.channel.nio.NioEventLoop.processSelectedKey(NioEventLoop.java:776)
	at org.apache.ratis.thirdparty.io.netty.channel.nio.NioEventLoop.processSelectedKeysOptimized(NioEventLoop.java:724)
	at org.apache.ratis.thirdparty.io.netty.channel.nio.NioEventLoop.processSelectedKeys(NioEventLoop.java:650)
	at org.apache.ratis.thirdparty.io.netty.channel.nio.NioEventLoop.run(NioEventLoop.java:562)
	at org.apache.ratis.thirdparty.io.netty.util.concurrent.SingleThreadEventExecutor$4.run(SingleThreadEventExecutor.java:997)
	at org.apache.ratis.thirdparty.io.netty.util.internal.ThreadExecutorMap$2.run(ThreadExecutorMap.java:74)
	at java.base/java.lang.Thread.run(Thread.java:829)
2023-06-29 03:38:48,361 [Thread-1343] WARN  util.PeerProxyMap (PeerProxyMap.java:closeProxy(170)) - s1-NettyServerStreamRpc: Failed to close proxy for peer s0|rpc:localhost:40241|admin:localhost:35799|client:localhost:41353|dataStream:localhost:36013|priority:0|startupRole:FOLLOWER, proxy class: class org.apache.ratis.client.impl.DataStreamClientImpl
org.apache.ratis.thirdparty.io.netty.channel.AbstractChannel$AnnotatedConnectException: Connection refused: localhost/127.0.0.1:36013
Caused by: java.net.ConnectException: Connection refused
	at java.base/sun.nio.ch.SocketChannelImpl.checkConnect(Native Method)
	at java.base/sun.nio.ch.SocketChannelImpl.finishConnect(SocketChannelImpl.java:777)
	at org.apache.ratis.thirdparty.io.netty.channel.socket.nio.NioSocketChannel.doFinishConnect(NioSocketChannel.java:337)
	at org.apache.ratis.thirdparty.io.netty.channel.nio.AbstractNioChannel$AbstractNioUnsafe.finishConnect(AbstractNioChannel.java:334)
	at org.apache.ratis.thirdparty.io.netty.channel.nio.NioEventLoop.processSelectedKey(NioEventLoop.java:776)
	at org.apache.ratis.thirdparty.io.netty.channel.nio.NioEventLoop.processSelectedKeysOptimized(NioEventLoop.java:724)
	at org.apache.ratis.thirdparty.io.netty.channel.nio.NioEventLoop.processSelectedKeys(NioEventLoop.java:650)
	at org.apache.ratis.thirdparty.io.netty.channel.nio.NioEventLoop.run(NioEventLoop.java:562)
	at org.apache.ratis.thirdparty.io.netty.util.concurrent.SingleThreadEventExecutor$4.run(SingleThreadEventExecutor.java:997)
	at org.apache.ratis.thirdparty.io.netty.util.internal.ThreadExecutorMap$2.run(ThreadExecutorMap.java:74)
	at java.base/java.lang.Thread.run(Thread.java:829)
2023-06-29 03:38:48,363 [NettyClientStreamRpc-workerGroup--thread3] WARN  client.NettyClientStreamRpc (NettyClientStreamRpc.java:scheduleReconnect(206)) - Connection-localhost/127.0.0.1:43099: org.apache.ratis.netty.client.NettyClientStreamRpc$Connection$1@53b05c7c failed; schedule reconnecting to localhost/127.0.0.1:43099 in 100ms
2023-06-29 03:38:48,363 [Thread-1347] WARN  util.PeerProxyMap (PeerProxyMap.java:closeProxy(170)) - s1-NettyServerStreamRpc: Failed to close proxy for peer s2|rpc:localhost:44999|admin:localhost:38575|client:localhost:37017|dataStream:localhost:43099|priority:0|startupRole:FOLLOWER, proxy class: class org.apache.ratis.client.impl.DataStreamClientImpl
org.apache.ratis.thirdparty.io.netty.channel.AbstractChannel$AnnotatedConnectException: Connection refused: localhost/127.0.0.1:43099
Caused by: java.net.ConnectException: Connection refused
	at java.base/sun.nio.ch.SocketChannelImpl.checkConnect(Native Method)
	at java.base/sun.nio.ch.SocketChannelImpl.finishConnect(SocketChannelImpl.java:777)
	at org.apache.ratis.thirdparty.io.netty.channel.socket.nio.NioSocketChannel.doFinishConnect(NioSocketChannel.java:337)
	at org.apache.ratis.thirdparty.io.netty.channel.nio.AbstractNioChannel$AbstractNioUnsafe.finishConnect(AbstractNioChannel.java:334)
	at org.apache.ratis.thirdparty.io.netty.channel.nio.NioEventLoop.processSelectedKey(NioEventLoop.java:776)
	at org.apache.ratis.thirdparty.io.netty.channel.nio.NioEventLoop.processSelectedKeysOptimized(NioEventLoop.java:724)
	at org.apache.ratis.thirdparty.io.netty.channel.nio.NioEventLoop.processSelectedKeys(NioEventLoop.java:650)
	at org.apache.ratis.thirdparty.io.netty.channel.nio.NioEventLoop.run(NioEventLoop.java:562)
	at org.apache.ratis.thirdparty.io.netty.util.concurrent.SingleThreadEventExecutor$4.run(SingleThreadEventExecutor.java:997)
	at org.apache.ratis.thirdparty.io.netty.util.internal.ThreadExecutorMap$2.run(ThreadExecutorMap.java:74)
	at java.base/java.lang.Thread.run(Thread.java:829)
2023-06-29 03:38:48,363 [NettyClientStreamRpc-workerGroup--thread3] WARN  client.NettyClientStreamRpc (NettyClientStreamRpc.java:scheduleReconnect(208)) - 
org.apache.ratis.thirdparty.io.netty.channel.AbstractChannel$AnnotatedConnectException: Connection refused: localhost/127.0.0.1:43099
Caused by: java.net.ConnectException: Connection refused
	at java.base/sun.nio.ch.SocketChannelImpl.checkConnect(Native Method)
	at java.base/sun.nio.ch.SocketChannelImpl.finishConnect(SocketChannelImpl.java:777)
	at org.apache.ratis.thirdparty.io.netty.channel.socket.nio.NioSocketChannel.doFinishConnect(NioSocketChannel.java:337)
	at org.apache.ratis.thirdparty.io.netty.channel.nio.AbstractNioChannel$AbstractNioUnsafe.finishConnect(AbstractNioChannel.java:334)
	at org.apache.ratis.thirdparty.io.netty.channel.nio.NioEventLoop.processSelectedKey(NioEventLoop.java:776)
	at org.apache.ratis.thirdparty.io.netty.channel.nio.NioEventLoop.processSelectedKeysOptimized(NioEventLoop.java:724)
	at org.apache.ratis.thirdparty.io.netty.channel.nio.NioEventLoop.processSelectedKeys(NioEventLoop.java:650)
	at org.apache.ratis.thirdparty.io.netty.channel.nio.NioEventLoop.run(NioEventLoop.java:562)
	at org.apache.ratis.thirdparty.io.netty.util.concurrent.SingleThreadEventExecutor$4.run(SingleThreadEventExecutor.java:997)
	at org.apache.ratis.thirdparty.io.netty.util.internal.ThreadExecutorMap$2.run(ThreadExecutorMap.java:74)
	at java.base/java.lang.Thread.run(Thread.java:829)
2023-06-29 03:38:48,370 [Thread-1366] WARN  util.PeerProxyMap (PeerProxyMap.java:closeProxy(170)) - s0-NettyServerStreamRpc: Failed to close proxy for peer s1|rpc:localhost:37015|admin:localhost:33405|client:localhost:33487|dataStream:localhost:33909|priority:0|startupRole:FOLLOWER, proxy class: class org.apache.ratis.client.impl.DataStreamClientImpl
org.apache.ratis.thirdparty.io.netty.channel.AbstractChannel$AnnotatedConnectException: Connection refused: localhost/127.0.0.1:33909
Caused by: java.net.ConnectException: Connection refused
	at java.base/sun.nio.ch.SocketChannelImpl.checkConnect(Native Method)
	at java.base/sun.nio.ch.SocketChannelImpl.finishConnect(SocketChannelImpl.java:777)
	at org.apache.ratis.thirdparty.io.netty.channel.socket.nio.NioSocketChannel.doFinishConnect(NioSocketChannel.java:337)
	at org.apache.ratis.thirdparty.io.netty.channel.nio.AbstractNioChannel$AbstractNioUnsafe.finishConnect(AbstractNioChannel.java:334)
	at org.apache.ratis.thirdparty.io.netty.channel.nio.NioEventLoop.processSelectedKey(NioEventLoop.java:776)
	at org.apache.ratis.thirdparty.io.netty.channel.nio.NioEventLoop.processSelectedKeysOptimized(NioEventLoop.java:724)
	at org.apache.ratis.thirdparty.io.netty.channel.nio.NioEventLoop.processSelectedKeys(NioEventLoop.java:650)
	at org.apache.ratis.thirdparty.io.netty.channel.nio.NioEventLoop.run(NioEventLoop.java:562)
	at org.apache.ratis.thirdparty.io.netty.util.concurrent.SingleThreadEventExecutor$4.run(SingleThreadEventExecutor.java:997)
	at org.apache.ratis.thirdparty.io.netty.util.internal.ThreadExecutorMap$2.run(ThreadExecutorMap.java:74)
	at java.base/java.lang.Thread.run(Thread.java:829)
2023-06-29 03:38:48,370 [NettyClientStreamRpc-workerGroup--thread3] WARN  client.NettyClientStreamRpc (NettyClientStreamRpc.java:scheduleReconnect(206)) - Connection-localhost/127.0.0.1:33909: org.apache.ratis.netty.client.NettyClientStreamRpc$Connection$1@7b1aaa10 failed; schedule reconnecting to localhost/127.0.0.1:33909 in 100ms
2023-06-29 03:38:48,372 [NettyClientStreamRpc-workerGroup--thread3] WARN  client.NettyClientStreamRpc (NettyClientStreamRpc.java:scheduleReconnect(208)) - 
org.apache.ratis.thirdparty.io.netty.channel.AbstractChannel$AnnotatedConnectException: Connection refused: localhost/127.0.0.1:33909
Caused by: java.net.ConnectException: Connection refused
	at java.base/sun.nio.ch.SocketChannelImpl.checkConnect(Native Method)
	at java.base/sun.nio.ch.SocketChannelImpl.finishConnect(SocketChannelImpl.java:777)
	at org.apache.ratis.thirdparty.io.netty.channel.socket.nio.NioSocketChannel.doFinishConnect(NioSocketChannel.java:337)
	at org.apache.ratis.thirdparty.io.netty.channel.nio.AbstractNioChannel$AbstractNioUnsafe.finishConnect(AbstractNioChannel.java:334)
	at org.apache.ratis.thirdparty.io.netty.channel.nio.NioEventLoop.processSelectedKey(NioEventLoop.java:776)
	at org.apache.ratis.thirdparty.io.netty.channel.nio.NioEventLoop.processSelectedKeysOptimized(NioEventLoop.java:724)
	at org.apache.ratis.thirdparty.io.netty.channel.nio.NioEventLoop.processSelectedKeys(NioEventLoop.java:650)
	at org.apache.ratis.thirdparty.io.netty.channel.nio.NioEventLoop.run(NioEventLoop.java:562)
	at org.apache.ratis.thirdparty.io.netty.util.concurrent.SingleThreadEventExecutor$4.run(SingleThreadEventExecutor.java:997)
	at org.apache.ratis.thirdparty.io.netty.util.internal.ThreadExecutorMap$2.run(ThreadExecutorMap.java:74)
	at java.base/java.lang.Thread.run(Thread.java:829)
2023-06-29 03:38:48,374 [NettyClientStreamRpc-workerGroup--thread3] WARN  client.NettyClientStreamRpc (NettyClientStreamRpc.java:scheduleReconnect(206)) - Connection-localhost/127.0.0.1:36013: org.apache.ratis.netty.client.NettyClientStreamRpc$Connection$1@379c4f98 failed; schedule reconnecting to localhost/127.0.0.1:36013 in 100ms
2023-06-29 03:38:48,374 [Thread-1374] WARN  util.PeerProxyMap (PeerProxyMap.java:closeProxy(170)) - s1-NettyServerStreamRpc: Failed to close proxy for peer s0|rpc:localhost:40241|admin:localhost:35799|client:localhost:41353|dataStream:localhost:36013|priority:0|startupRole:FOLLOWER, proxy class: class org.apache.ratis.client.impl.DataStreamClientImpl
org.apache.ratis.thirdparty.io.netty.channel.AbstractChannel$AnnotatedConnectException: Connection refused: localhost/127.0.0.1:36013
Caused by: java.net.ConnectException: Connection refused
	at java.base/sun.nio.ch.SocketChannelImpl.checkConnect(Native Method)
	at java.base/sun.nio.ch.SocketChannelImpl.finishConnect(SocketChannelImpl.java:777)
	at org.apache.ratis.thirdparty.io.netty.channel.socket.nio.NioSocketChannel.doFinishConnect(NioSocketChannel.java:337)
	at org.apache.ratis.thirdparty.io.netty.channel.nio.AbstractNioChannel$AbstractNioUnsafe.finishConnect(AbstractNioChannel.java:334)
	at org.apache.ratis.thirdparty.io.netty.channel.nio.NioEventLoop.processSelectedKey(NioEventLoop.java:776)
	at org.apache.ratis.thirdparty.io.netty.channel.nio.NioEventLoop.processSelectedKeysOptimized(NioEventLoop.java:724)
	at org.apache.ratis.thirdparty.io.netty.channel.nio.NioEventLoop.processSelectedKeys(NioEventLoop.java:650)
	at org.apache.ratis.thirdparty.io.netty.channel.nio.NioEventLoop.run(NioEventLoop.java:562)
	at org.apache.ratis.thirdparty.io.netty.util.concurrent.SingleThreadEventExecutor$4.run(SingleThreadEventExecutor.java:997)
	at org.apache.ratis.thirdparty.io.netty.util.internal.ThreadExecutorMap$2.run(ThreadExecutorMap.java:74)
	at java.base/java.lang.Thread.run(Thread.java:829)
2023-06-29 03:38:48,374 [NettyClientStreamRpc-workerGroup--thread3] WARN  client.NettyClientStreamRpc (NettyClientStreamRpc.java:scheduleReconnect(208)) - 
org.apache.ratis.thirdparty.io.netty.channel.AbstractChannel$AnnotatedConnectException: Connection refused: localhost/127.0.0.1:36013
Caused by: java.net.ConnectException: Connection refused
	at java.base/sun.nio.ch.SocketChannelImpl.checkConnect(Native Method)
	at java.base/sun.nio.ch.SocketChannelImpl.finishConnect(SocketChannelImpl.java:777)
	at org.apache.ratis.thirdparty.io.netty.channel.socket.nio.NioSocketChannel.doFinishConnect(NioSocketChannel.java:337)
	at org.apache.ratis.thirdparty.io.netty.channel.nio.AbstractNioChannel$AbstractNioUnsafe.finishConnect(AbstractNioChannel.java:334)
	at org.apache.ratis.thirdparty.io.netty.channel.nio.NioEventLoop.processSelectedKey(NioEventLoop.java:776)
	at org.apache.ratis.thirdparty.io.netty.channel.nio.NioEventLoop.processSelectedKeysOptimized(NioEventLoop.java:724)
	at org.apache.ratis.thirdparty.io.netty.channel.nio.NioEventLoop.processSelectedKeys(NioEventLoop.java:650)
	at org.apache.ratis.thirdparty.io.netty.channel.nio.NioEventLoop.run(NioEventLoop.java:562)
	at org.apache.ratis.thirdparty.io.netty.util.concurrent.SingleThreadEventExecutor$4.run(SingleThreadEventExecutor.java:997)
	at org.apache.ratis.thirdparty.io.netty.util.internal.ThreadExecutorMap$2.run(ThreadExecutorMap.java:74)
	at java.base/java.lang.Thread.run(Thread.java:829)
2023-06-29 03:38:48,380 [NettyClientStreamRpc-workerGroup--thread3] WARN  client.NettyClientStreamRpc (NettyClientStreamRpc.java:scheduleReconnect(206)) - Connection-localhost/127.0.0.1:43099: org.apache.ratis.netty.client.NettyClientStreamRpc$Connection$1@728c5be8 failed; schedule reconnecting to localhost/127.0.0.1:43099 in 100ms
2023-06-29 03:38:48,380 [NettyClientStreamRpc-workerGroup--thread3] WARN  client.NettyClientStreamRpc (NettyClientStreamRpc.java:scheduleReconnect(208)) - 
org.apache.ratis.thirdparty.io.netty.channel.AbstractChannel$AnnotatedConnectException: Connection refused: localhost/127.0.0.1:43099
Caused by: java.net.ConnectException: Connection refused
	at java.base/sun.nio.ch.SocketChannelImpl.checkConnect(Native Method)
	at java.base/sun.nio.ch.SocketChannelImpl.finishConnect(SocketChannelImpl.java:777)
	at org.apache.ratis.thirdparty.io.netty.channel.socket.nio.NioSocketChannel.doFinishConnect(NioSocketChannel.java:337)
	at org.apache.ratis.thirdparty.io.netty.channel.nio.AbstractNioChannel$AbstractNioUnsafe.finishConnect(AbstractNioChannel.java:334)
	at org.apache.ratis.thirdparty.io.netty.channel.nio.NioEventLoop.processSelectedKey(NioEventLoop.java:776)
	at org.apache.ratis.thirdparty.io.netty.channel.nio.NioEventLoop.processSelectedKeysOptimized(NioEventLoop.java:724)
	at org.apache.ratis.thirdparty.io.netty.channel.nio.NioEventLoop.processSelectedKeys(NioEventLoop.java:650)
	at org.apache.ratis.thirdparty.io.netty.channel.nio.NioEventLoop.run(NioEventLoop.java:562)
	at org.apache.ratis.thirdparty.io.netty.util.concurrent.SingleThreadEventExecutor$4.run(SingleThreadEventExecutor.java:997)
	at org.apache.ratis.thirdparty.io.netty.util.internal.ThreadExecutorMap$2.run(ThreadExecutorMap.java:74)
	at java.base/java.lang.Thread.run(Thread.java:829)
2023-06-29 03:38:48,380 [Thread-1367] WARN  util.PeerProxyMap (PeerProxyMap.java:closeProxy(170)) - s0-NettyServerStreamRpc: Failed to close proxy for peer s2|rpc:localhost:44999|admin:localhost:38575|client:localhost:37017|dataStream:localhost:43099|priority:0|startupRole:FOLLOWER, proxy class: class org.apache.ratis.client.impl.DataStreamClientImpl
org.apache.ratis.thirdparty.io.netty.channel.AbstractChannel$AnnotatedConnectException: Connection refused: localhost/127.0.0.1:43099
Caused by: java.net.ConnectException: Connection refused
	at java.base/sun.nio.ch.SocketChannelImpl.checkConnect(Native Method)
	at java.base/sun.nio.ch.SocketChannelImpl.finishConnect(SocketChannelImpl.java:777)
	at org.apache.ratis.thirdparty.io.netty.channel.socket.nio.NioSocketChannel.doFinishConnect(NioSocketChannel.java:337)
	at org.apache.ratis.thirdparty.io.netty.channel.nio.AbstractNioChannel$AbstractNioUnsafe.finishConnect(AbstractNioChannel.java:334)
	at org.apache.ratis.thirdparty.io.netty.channel.nio.NioEventLoop.processSelectedKey(NioEventLoop.java:776)
	at org.apache.ratis.thirdparty.io.netty.channel.nio.NioEventLoop.processSelectedKeysOptimized(NioEventLoop.java:724)
	at org.apache.ratis.thirdparty.io.netty.channel.nio.NioEventLoop.processSelectedKeys(NioEventLoop.java:650)
	at org.apache.ratis.thirdparty.io.netty.channel.nio.NioEventLoop.run(NioEventLoop.java:562)
	at org.apache.ratis.thirdparty.io.netty.util.concurrent.SingleThreadEventExecutor$4.run(SingleThreadEventExecutor.java:997)
	at org.apache.ratis.thirdparty.io.netty.util.internal.ThreadExecutorMap$2.run(ThreadExecutorMap.java:74)
	at java.base/java.lang.Thread.run(Thread.java:829)
2023-06-29 03:38:48,382 [Thread-1391] WARN  util.PeerProxyMap (PeerProxyMap.java:closeProxy(170)) - s2-NettyServerStreamRpc: Failed to close proxy for peer s1|rpc:localhost:37015|admin:localhost:33405|client:localhost:33487|dataStream:localhost:33909|priority:0|startupRole:FOLLOWER, proxy class: class org.apache.ratis.client.impl.DataStreamClientImpl
org.apache.ratis.thirdparty.io.netty.channel.AbstractChannel$AnnotatedConnectException: Connection refused: localhost/127.0.0.1:33909
Caused by: java.net.ConnectException: Connection refused
	at java.base/sun.nio.ch.SocketChannelImpl.checkConnect(Native Method)
	at java.base/sun.nio.ch.SocketChannelImpl.finishConnect(SocketChannelImpl.java:777)
	at org.apache.ratis.thirdparty.io.netty.channel.socket.nio.NioSocketChannel.doFinishConnect(NioSocketChannel.java:337)
	at org.apache.ratis.thirdparty.io.netty.channel.nio.AbstractNioChannel$AbstractNioUnsafe.finishConnect(AbstractNioChannel.java:334)
	at org.apache.ratis.thirdparty.io.netty.channel.nio.NioEventLoop.processSelectedKey(NioEventLoop.java:776)
	at org.apache.ratis.thirdparty.io.netty.channel.nio.NioEventLoop.processSelectedKeysOptimized(NioEventLoop.java:724)
	at org.apache.ratis.thirdparty.io.netty.channel.nio.NioEventLoop.processSelectedKeys(NioEventLoop.java:650)
	at org.apache.ratis.thirdparty.io.netty.channel.nio.NioEventLoop.run(NioEventLoop.java:562)
	at org.apache.ratis.thirdparty.io.netty.util.concurrent.SingleThreadEventExecutor$4.run(SingleThreadEventExecutor.java:997)
	at org.apache.ratis.thirdparty.io.netty.util.internal.ThreadExecutorMap$2.run(ThreadExecutorMap.java:74)
	at java.base/java.lang.Thread.run(Thread.java:829)
2023-06-29 03:38:48,389 [NettyClientStreamRpc-workerGroup--thread3] WARN  client.NettyClientStreamRpc (NettyClientStreamRpc.java:scheduleReconnect(206)) - Connection-localhost/127.0.0.1:43099: org.apache.ratis.netty.client.NettyClientStreamRpc$Connection$1@531e6674 failed; schedule reconnecting to localhost/127.0.0.1:43099 in 100ms
2023-06-29 03:38:48,389 [NettyClientStreamRpc-workerGroup--thread3] WARN  client.NettyClientStreamRpc (NettyClientStreamRpc.java:scheduleReconnect(208)) - 
org.apache.ratis.thirdparty.io.netty.channel.AbstractChannel$AnnotatedConnectException: Connection refused: localhost/127.0.0.1:43099
Caused by: java.net.ConnectException: Connection refused
	at java.base/sun.nio.ch.SocketChannelImpl.checkConnect(Native Method)
	at java.base/sun.nio.ch.SocketChannelImpl.finishConnect(SocketChannelImpl.java:777)
	at org.apache.ratis.thirdparty.io.netty.channel.socket.nio.NioSocketChannel.doFinishConnect(NioSocketChannel.java:337)
	at org.apache.ratis.thirdparty.io.netty.channel.nio.AbstractNioChannel$AbstractNioUnsafe.finishConnect(AbstractNioChannel.java:334)
	at org.apache.ratis.thirdparty.io.netty.channel.nio.NioEventLoop.processSelectedKey(NioEventLoop.java:776)
	at org.apache.ratis.thirdparty.io.netty.channel.nio.NioEventLoop.processSelectedKeysOptimized(NioEventLoop.java:724)
	at org.apache.ratis.thirdparty.io.netty.channel.nio.NioEventLoop.processSelectedKeys(NioEventLoop.java:650)
	at org.apache.ratis.thirdparty.io.netty.channel.nio.NioEventLoop.run(NioEventLoop.java:562)
	at org.apache.ratis.thirdparty.io.netty.util.concurrent.SingleThreadEventExecutor$4.run(SingleThreadEventExecutor.java:997)
	at org.apache.ratis.thirdparty.io.netty.util.internal.ThreadExecutorMap$2.run(ThreadExecutorMap.java:74)
	at java.base/java.lang.Thread.run(Thread.java:829)
2023-06-29 03:38:48,388 [Thread-1386] WARN  util.PeerProxyMap (PeerProxyMap.java:closeProxy(170)) - s2-NettyServerStreamRpc: Failed to close proxy for peer s0|rpc:localhost:40241|admin:localhost:35799|client:localhost:41353|dataStream:localhost:36013|priority:0|startupRole:FOLLOWER, proxy class: class org.apache.ratis.client.impl.DataStreamClientImpl
org.apache.ratis.thirdparty.io.netty.channel.AbstractChannel$AnnotatedConnectException: Connection refused: localhost/127.0.0.1:36013
Caused by: java.net.ConnectException: Connection refused
	at java.base/sun.nio.ch.SocketChannelImpl.checkConnect(Native Method)
	at java.base/sun.nio.ch.SocketChannelImpl.finishConnect(SocketChannelImpl.java:777)
	at org.apache.ratis.thirdparty.io.netty.channel.socket.nio.NioSocketChannel.doFinishConnect(NioSocketChannel.java:337)
	at org.apache.ratis.thirdparty.io.netty.channel.nio.AbstractNioChannel$AbstractNioUnsafe.finishConnect(AbstractNioChannel.java:334)
	at org.apache.ratis.thirdparty.io.netty.channel.nio.NioEventLoop.processSelectedKey(NioEventLoop.java:776)
	at org.apache.ratis.thirdparty.io.netty.channel.nio.NioEventLoop.processSelectedKeysOptimized(NioEventLoop.java:724)
	at org.apache.ratis.thirdparty.io.netty.channel.nio.NioEventLoop.processSelectedKeys(NioEventLoop.java:650)
	at org.apache.ratis.thirdparty.io.netty.channel.nio.NioEventLoop.run(NioEventLoop.java:562)
	at org.apache.ratis.thirdparty.io.netty.util.concurrent.SingleThreadEventExecutor$4.run(SingleThreadEventExecutor.java:997)
	at org.apache.ratis.thirdparty.io.netty.util.internal.ThreadExecutorMap$2.run(ThreadExecutorMap.java:74)
	at java.base/java.lang.Thread.run(Thread.java:829)
2023-06-29 03:38:48,388 [NettyClientStreamRpc-workerGroup--thread3] WARN  client.NettyClientStreamRpc (NettyClientStreamRpc.java:scheduleReconnect(206)) - Connection-localhost/127.0.0.1:36013: org.apache.ratis.netty.client.NettyClientStreamRpc$Connection$1@6c194d73 failed; schedule reconnecting to localhost/127.0.0.1:36013 in 100ms
2023-06-29 03:38:48,420 [NettyClientStreamRpc-workerGroup--thread3] WARN  client.NettyClientStreamRpc (NettyClientStreamRpc.java:scheduleReconnect(208)) - 
org.apache.ratis.thirdparty.io.netty.channel.AbstractChannel$AnnotatedConnectException: Connection refused: localhost/127.0.0.1:36013
Caused by: java.net.ConnectException: Connection refused
	at java.base/sun.nio.ch.SocketChannelImpl.checkConnect(Native Method)
	at java.base/sun.nio.ch.SocketChannelImpl.finishConnect(SocketChannelImpl.java:777)
	at org.apache.ratis.thirdparty.io.netty.channel.socket.nio.NioSocketChannel.doFinishConnect(NioSocketChannel.java:337)
	at org.apache.ratis.thirdparty.io.netty.channel.nio.AbstractNioChannel$AbstractNioUnsafe.finishConnect(AbstractNioChannel.java:334)
	at org.apache.ratis.thirdparty.io.netty.channel.nio.NioEventLoop.processSelectedKey(NioEventLoop.java:776)
	at org.apache.ratis.thirdparty.io.netty.channel.nio.NioEventLoop.processSelectedKeysOptimized(NioEventLoop.java:724)
	at org.apache.ratis.thirdparty.io.netty.channel.nio.NioEventLoop.processSelectedKeys(NioEventLoop.java:650)
	at org.apache.ratis.thirdparty.io.netty.channel.nio.NioEventLoop.run(NioEventLoop.java:562)
	at org.apache.ratis.thirdparty.io.netty.util.concurrent.SingleThreadEventExecutor$4.run(SingleThreadEventExecutor.java:997)
	at org.apache.ratis.thirdparty.io.netty.util.internal.ThreadExecutorMap$2.run(ThreadExecutorMap.java:74)
	at java.base/java.lang.Thread.run(Thread.java:829)
2023-06-29 03:38:48,382 [NettyClientStreamRpc-workerGroup--thread3] WARN  client.NettyClientStreamRpc (NettyClientStreamRpc.java:scheduleReconnect(206)) - Connection-localhost/127.0.0.1:33909: org.apache.ratis.netty.client.NettyClientStreamRpc$Connection$1@7e0abfc3 failed; schedule reconnecting to localhost/127.0.0.1:33909 in 100ms
2023-06-29 03:38:48,421 [NettyClientStreamRpc-workerGroup--thread3] WARN  client.NettyClientStreamRpc (NettyClientStreamRpc.java:scheduleReconnect(208)) - 
org.apache.ratis.thirdparty.io.netty.channel.AbstractChannel$AnnotatedConnectException: Connection refused: localhost/127.0.0.1:33909
Caused by: java.net.ConnectException: Connection refused
	at java.base/sun.nio.ch.SocketChannelImpl.checkConnect(Native Method)
	at java.base/sun.nio.ch.SocketChannelImpl.finishConnect(SocketChannelImpl.java:777)
	at org.apache.ratis.thirdparty.io.netty.channel.socket.nio.NioSocketChannel.doFinishConnect(NioSocketChannel.java:337)
	at org.apache.ratis.thirdparty.io.netty.channel.nio.AbstractNioChannel$AbstractNioUnsafe.finishConnect(AbstractNioChannel.java:334)
	at org.apache.ratis.thirdparty.io.netty.channel.nio.NioEventLoop.processSelectedKey(NioEventLoop.java:776)
	at org.apache.ratis.thirdparty.io.netty.channel.nio.NioEventLoop.processSelectedKeysOptimized(NioEventLoop.java:724)
	at org.apache.ratis.thirdparty.io.netty.channel.nio.NioEventLoop.processSelectedKeys(NioEventLoop.java:650)
	at org.apache.ratis.thirdparty.io.netty.channel.nio.NioEventLoop.run(NioEventLoop.java:562)
	at org.apache.ratis.thirdparty.io.netty.util.concurrent.SingleThreadEventExecutor$4.run(SingleThreadEventExecutor.java:997)
	at org.apache.ratis.thirdparty.io.netty.util.internal.ThreadExecutorMap$2.run(ThreadExecutorMap.java:74)
	at java.base/java.lang.Thread.run(Thread.java:829)
2023-06-29 03:38:48,408 [NettyClientStreamRpc-workerGroup--thread3] WARN  client.NettyClientStreamRpc (NettyClientStreamRpc.java:scheduleReconnect(206)) - Connection-localhost/127.0.0.1:43099: org.apache.ratis.netty.client.NettyClientStreamRpc$Connection$1@64e643a5 failed; schedule reconnecting to localhost/127.0.0.1:43099 in 100ms
2023-06-29 03:38:48,421 [NettyClientStreamRpc-workerGroup--thread3] WARN  client.NettyClientStreamRpc (NettyClientStreamRpc.java:scheduleReconnect(208)) - 
org.apache.ratis.thirdparty.io.netty.channel.AbstractChannel$AnnotatedConnectException: Connection refused: localhost/127.0.0.1:43099
Caused by: java.net.ConnectException: Connection refused
	at java.base/sun.nio.ch.SocketChannelImpl.checkConnect(Native Method)
	at java.base/sun.nio.ch.SocketChannelImpl.finishConnect(SocketChannelImpl.java:777)
	at org.apache.ratis.thirdparty.io.netty.channel.socket.nio.NioSocketChannel.doFinishConnect(NioSocketChannel.java:337)
	at org.apache.ratis.thirdparty.io.netty.channel.nio.AbstractNioChannel$AbstractNioUnsafe.finishConnect(AbstractNioChannel.java:334)
	at org.apache.ratis.thirdparty.io.netty.channel.nio.NioEventLoop.processSelectedKey(NioEventLoop.java:776)
	at org.apache.ratis.thirdparty.io.netty.channel.nio.NioEventLoop.processSelectedKeysOptimized(NioEventLoop.java:724)
	at org.apache.ratis.thirdparty.io.netty.channel.nio.NioEventLoop.processSelectedKeys(NioEventLoop.java:650)
	at org.apache.ratis.thirdparty.io.netty.channel.nio.NioEventLoop.run(NioEventLoop.java:562)
	at org.apache.ratis.thirdparty.io.netty.util.concurrent.SingleThreadEventExecutor$4.run(SingleThreadEventExecutor.java:997)
	at org.apache.ratis.thirdparty.io.netty.util.internal.ThreadExecutorMap$2.run(ThreadExecutorMap.java:74)
	at java.base/java.lang.Thread.run(Thread.java:829)
2023-06-29 03:38:48,408 [Thread-1397] WARN  util.PeerProxyMap (PeerProxyMap.java:closeProxy(170)) - s0-NettyServerStreamRpc: Failed to close proxy for peer s2|rpc:localhost:44999|admin:localhost:38575|client:localhost:37017|dataStream:localhost:43099|priority:0|startupRole:FOLLOWER, proxy class: class org.apache.ratis.client.impl.DataStreamClientImpl
org.apache.ratis.thirdparty.io.netty.channel.AbstractChannel$AnnotatedConnectException: Connection refused: localhost/127.0.0.1:43099
Caused by: java.net.ConnectException: Connection refused
	at java.base/sun.nio.ch.SocketChannelImpl.checkConnect(Native Method)
	at java.base/sun.nio.ch.SocketChannelImpl.finishConnect(SocketChannelImpl.java:777)
	at org.apache.ratis.thirdparty.io.netty.channel.socket.nio.NioSocketChannel.doFinishConnect(NioSocketChannel.java:337)
	at org.apache.ratis.thirdparty.io.netty.channel.nio.AbstractNioChannel$AbstractNioUnsafe.finishConnect(AbstractNioChannel.java:334)
	at org.apache.ratis.thirdparty.io.netty.channel.nio.NioEventLoop.processSelectedKey(NioEventLoop.java:776)
	at org.apache.ratis.thirdparty.io.netty.channel.nio.NioEventLoop.processSelectedKeysOptimized(NioEventLoop.java:724)
	at org.apache.ratis.thirdparty.io.netty.channel.nio.NioEventLoop.processSelectedKeys(NioEventLoop.java:650)
	at org.apache.ratis.thirdparty.io.netty.channel.nio.NioEventLoop.run(NioEventLoop.java:562)
	at org.apache.ratis.thirdparty.io.netty.util.concurrent.SingleThreadEventExecutor$4.run(SingleThreadEventExecutor.java:997)
	at org.apache.ratis.thirdparty.io.netty.util.internal.ThreadExecutorMap$2.run(ThreadExecutorMap.java:74)
	at java.base/java.lang.Thread.run(Thread.java:829)
2023-06-29 03:38:48,391 [Thread-1376] WARN  util.PeerProxyMap (PeerProxyMap.java:closeProxy(170)) - s1-NettyServerStreamRpc: Failed to close proxy for peer s2|rpc:localhost:44999|admin:localhost:38575|client:localhost:37017|dataStream:localhost:43099|priority:0|startupRole:FOLLOWER, proxy class: class org.apache.ratis.client.impl.DataStreamClientImpl
org.apache.ratis.thirdparty.io.netty.channel.AbstractChannel$AnnotatedConnectException: Connection refused: localhost/127.0.0.1:43099
Caused by: java.net.ConnectException: Connection refused
	at java.base/sun.nio.ch.SocketChannelImpl.checkConnect(Native Method)
	at java.base/sun.nio.ch.SocketChannelImpl.finishConnect(SocketChannelImpl.java:777)
	at org.apache.ratis.thirdparty.io.netty.channel.socket.nio.NioSocketChannel.doFinishConnect(NioSocketChannel.java:337)
	at org.apache.ratis.thirdparty.io.netty.channel.nio.AbstractNioChannel$AbstractNioUnsafe.finishConnect(AbstractNioChannel.java:334)
	at org.apache.ratis.thirdparty.io.netty.channel.nio.NioEventLoop.processSelectedKey(NioEventLoop.java:776)
	at org.apache.ratis.thirdparty.io.netty.channel.nio.NioEventLoop.processSelectedKeysOptimized(NioEventLoop.java:724)
	at org.apache.ratis.thirdparty.io.netty.channel.nio.NioEventLoop.processSelectedKeys(NioEventLoop.java:650)
	at org.apache.ratis.thirdparty.io.netty.channel.nio.NioEventLoop.run(NioEventLoop.java:562)
	at org.apache.ratis.thirdparty.io.netty.util.concurrent.SingleThreadEventExecutor$4.run(SingleThreadEventExecutor.java:997)
	at org.apache.ratis.thirdparty.io.netty.util.internal.ThreadExecutorMap$2.run(ThreadExecutorMap.java:74)
	at java.base/java.lang.Thread.run(Thread.java:829)
2023-06-29 03:38:48,422 [Thread-1396] WARN  util.PeerProxyMap (PeerProxyMap.java:closeProxy(170)) - s0-NettyServerStreamRpc: Failed to close proxy for peer s1|rpc:localhost:37015|admin:localhost:33405|client:localhost:33487|dataStream:localhost:33909|priority:0|startupRole:FOLLOWER, proxy class: class org.apache.ratis.client.impl.DataStreamClientImpl
org.apache.ratis.thirdparty.io.netty.channel.AbstractChannel$AnnotatedConnectException: Connection refused: localhost/127.0.0.1:33909
Caused by: java.net.ConnectException: Connection refused
	at java.base/sun.nio.ch.SocketChannelImpl.checkConnect(Native Method)
	at java.base/sun.nio.ch.SocketChannelImpl.finishConnect(SocketChannelImpl.java:777)
	at org.apache.ratis.thirdparty.io.netty.channel.socket.nio.NioSocketChannel.doFinishConnect(NioSocketChannel.java:337)
	at org.apache.ratis.thirdparty.io.netty.channel.nio.AbstractNioChannel$AbstractNioUnsafe.finishConnect(AbstractNioChannel.java:334)
	at org.apache.ratis.thirdparty.io.netty.channel.nio.NioEventLoop.processSelectedKey(NioEventLoop.java:776)
	at org.apache.ratis.thirdparty.io.netty.channel.nio.NioEventLoop.processSelectedKeysOptimized(NioEventLoop.java:724)
	at org.apache.ratis.thirdparty.io.netty.channel.nio.NioEventLoop.processSelectedKeys(NioEventLoop.java:650)
	at org.apache.ratis.thirdparty.io.netty.channel.nio.NioEventLoop.run(NioEventLoop.java:562)
	at org.apache.ratis.thirdparty.io.netty.util.concurrent.SingleThreadEventExecutor$4.run(SingleThreadEventExecutor.java:997)
	at org.apache.ratis.thirdparty.io.netty.util.internal.ThreadExecutorMap$2.run(ThreadExecutorMap.java:74)
	at java.base/java.lang.Thread.run(Thread.java:829)
2023-06-29 03:38:48,423 [NettyClientStreamRpc-workerGroup--thread3] WARN  client.NettyClientStreamRpc (NettyClientStreamRpc.java:scheduleReconnect(206)) - Connection-localhost/127.0.0.1:33909: org.apache.ratis.netty.client.NettyClientStreamRpc$Connection$1@679c7447 failed; schedule reconnecting to localhost/127.0.0.1:33909 in 100ms
2023-06-29 03:38:48,425 [NettyClientStreamRpc-workerGroup--thread3] WARN  client.NettyClientStreamRpc (NettyClientStreamRpc.java:scheduleReconnect(208)) - 
org.apache.ratis.thirdparty.io.netty.channel.AbstractChannel$AnnotatedConnectException: Connection refused: localhost/127.0.0.1:33909
Caused by: java.net.ConnectException: Connection refused
	at java.base/sun.nio.ch.SocketChannelImpl.checkConnect(Native Method)
	at java.base/sun.nio.ch.SocketChannelImpl.finishConnect(SocketChannelImpl.java:777)
	at org.apache.ratis.thirdparty.io.netty.channel.socket.nio.NioSocketChannel.doFinishConnect(NioSocketChannel.java:337)
	at org.apache.ratis.thirdparty.io.netty.channel.nio.AbstractNioChannel$AbstractNioUnsafe.finishConnect(AbstractNioChannel.java:334)
	at org.apache.ratis.thirdparty.io.netty.channel.nio.NioEventLoop.processSelectedKey(NioEventLoop.java:776)
	at org.apache.ratis.thirdparty.io.netty.channel.nio.NioEventLoop.processSelectedKeysOptimized(NioEventLoop.java:724)
	at org.apache.ratis.thirdparty.io.netty.channel.nio.NioEventLoop.processSelectedKeys(NioEventLoop.java:650)
	at org.apache.ratis.thirdparty.io.netty.channel.nio.NioEventLoop.run(NioEventLoop.java:562)
	at org.apache.ratis.thirdparty.io.netty.util.concurrent.SingleThreadEventExecutor$4.run(SingleThreadEventExecutor.java:997)
	at org.apache.ratis.thirdparty.io.netty.util.internal.ThreadExecutorMap$2.run(ThreadExecutorMap.java:74)
	at java.base/java.lang.Thread.run(Thread.java:829)
2023-06-29 03:38:48,426 [Thread-1400] WARN  util.PeerProxyMap (PeerProxyMap.java:closeProxy(170)) - s2-NettyServerStreamRpc: Failed to close proxy for peer s0|rpc:localhost:40241|admin:localhost:35799|client:localhost:41353|dataStream:localhost:36013|priority:0|startupRole:FOLLOWER, proxy class: class org.apache.ratis.client.impl.DataStreamClientImpl
org.apache.ratis.thirdparty.io.netty.channel.AbstractChannel$AnnotatedConnectException: Connection refused: localhost/127.0.0.1:36013
Caused by: java.net.ConnectException: Connection refused
	at java.base/sun.nio.ch.SocketChannelImpl.checkConnect(Native Method)
	at java.base/sun.nio.ch.SocketChannelImpl.finishConnect(SocketChannelImpl.java:777)
	at org.apache.ratis.thirdparty.io.netty.channel.socket.nio.NioSocketChannel.doFinishConnect(NioSocketChannel.java:337)
	at org.apache.ratis.thirdparty.io.netty.channel.nio.AbstractNioChannel$AbstractNioUnsafe.finishConnect(AbstractNioChannel.java:334)
	at org.apache.ratis.thirdparty.io.netty.channel.nio.NioEventLoop.processSelectedKey(NioEventLoop.java:776)
	at org.apache.ratis.thirdparty.io.netty.channel.nio.NioEventLoop.processSelectedKeysOptimized(NioEventLoop.java:724)
	at org.apache.ratis.thirdparty.io.netty.channel.nio.NioEventLoop.processSelectedKeys(NioEventLoop.java:650)
	at org.apache.ratis.thirdparty.io.netty.channel.nio.NioEventLoop.run(NioEventLoop.java:562)
	at org.apache.ratis.thirdparty.io.netty.util.concurrent.SingleThreadEventExecutor$4.run(SingleThreadEventExecutor.java:997)
	at org.apache.ratis.thirdparty.io.netty.util.internal.ThreadExecutorMap$2.run(ThreadExecutorMap.java:74)
	at java.base/java.lang.Thread.run(Thread.java:829)
2023-06-29 03:38:48,434 [NettyClientStreamRpc-workerGroup--thread3] WARN  client.NettyClientStreamRpc (NettyClientStreamRpc.java:scheduleReconnect(206)) - Connection-localhost/127.0.0.1:36013: org.apache.ratis.netty.client.NettyClientStreamRpc$Connection$1@6db43dad failed; schedule reconnecting to localhost/127.0.0.1:36013 in 100ms
2023-06-29 03:38:48,435 [NettyClientStreamRpc-workerGroup--thread3] WARN  client.NettyClientStreamRpc (NettyClientStreamRpc.java:scheduleReconnect(208)) - 
org.apache.ratis.thirdparty.io.netty.channel.AbstractChannel$AnnotatedConnectException: Connection refused: localhost/127.0.0.1:36013
Caused by: java.net.ConnectException: Connection refused
	at java.base/sun.nio.ch.SocketChannelImpl.checkConnect(Native Method)
	at java.base/sun.nio.ch.SocketChannelImpl.finishConnect(SocketChannelImpl.java:777)
	at org.apache.ratis.thirdparty.io.netty.channel.socket.nio.NioSocketChannel.doFinishConnect(NioSocketChannel.java:337)
	at org.apache.ratis.thirdparty.io.netty.channel.nio.AbstractNioChannel$AbstractNioUnsafe.finishConnect(AbstractNioChannel.java:334)
	at org.apache.ratis.thirdparty.io.netty.channel.nio.NioEventLoop.processSelectedKey(NioEventLoop.java:776)
	at org.apache.ratis.thirdparty.io.netty.channel.nio.NioEventLoop.processSelectedKeysOptimized(NioEventLoop.java:724)
	at org.apache.ratis.thirdparty.io.netty.channel.nio.NioEventLoop.processSelectedKeys(NioEventLoop.java:650)
	at org.apache.ratis.thirdparty.io.netty.channel.nio.NioEventLoop.run(NioEventLoop.java:562)
	at org.apache.ratis.thirdparty.io.netty.util.concurrent.SingleThreadEventExecutor$4.run(SingleThreadEventExecutor.java:997)
	at org.apache.ratis.thirdparty.io.netty.util.internal.ThreadExecutorMap$2.run(ThreadExecutorMap.java:74)
	at java.base/java.lang.Thread.run(Thread.java:829)
2023-06-29 03:38:48,436 [Thread-1405] WARN  util.PeerProxyMap (PeerProxyMap.java:closeProxy(170)) - s2-NettyServerStreamRpc: Failed to close proxy for peer s1|rpc:localhost:37015|admin:localhost:33405|client:localhost:33487|dataStream:localhost:33909|priority:0|startupRole:FOLLOWER, proxy class: class org.apache.ratis.client.impl.DataStreamClientImpl
org.apache.ratis.thirdparty.io.netty.channel.AbstractChannel$AnnotatedConnectException: Connection refused: localhost/127.0.0.1:33909
Caused by: java.net.ConnectException: Connection refused
	at java.base/sun.nio.ch.SocketChannelImpl.checkConnect(Native Method)
	at java.base/sun.nio.ch.SocketChannelImpl.finishConnect(SocketChannelImpl.java:777)
	at org.apache.ratis.thirdparty.io.netty.channel.socket.nio.NioSocketChannel.doFinishConnect(NioSocketChannel.java:337)
	at org.apache.ratis.thirdparty.io.netty.channel.nio.AbstractNioChannel$AbstractNioUnsafe.finishConnect(AbstractNioChannel.java:334)
	at org.apache.ratis.thirdparty.io.netty.channel.nio.NioEventLoop.processSelectedKey(NioEventLoop.java:776)
	at org.apache.ratis.thirdparty.io.netty.channel.nio.NioEventLoop.processSelectedKeysOptimized(NioEventLoop.java:724)
	at org.apache.ratis.thirdparty.io.netty.channel.nio.NioEventLoop.processSelectedKeys(NioEventLoop.java:650)
	at org.apache.ratis.thirdparty.io.netty.channel.nio.NioEventLoop.run(NioEventLoop.java:562)
	at org.apache.ratis.thirdparty.io.netty.util.concurrent.SingleThreadEventExecutor$4.run(SingleThreadEventExecutor.java:997)
	at org.apache.ratis.thirdparty.io.netty.util.internal.ThreadExecutorMap$2.run(ThreadExecutorMap.java:74)
	at java.base/java.lang.Thread.run(Thread.java:829)
2023-06-29 03:38:48,436 [NettyClientStreamRpc-workerGroup--thread3] WARN  client.NettyClientStreamRpc (NettyClientStreamRpc.java:scheduleReconnect(206)) - Connection-localhost/127.0.0.1:33909: org.apache.ratis.netty.client.NettyClientStreamRpc$Connection$1@38014e88 failed; schedule reconnecting to localhost/127.0.0.1:33909 in 100ms
2023-06-29 03:38:48,442 [NettyClientStreamRpc-workerGroup--thread3] WARN  client.NettyClientStreamRpc (NettyClientStreamRpc.java:scheduleReconnect(208)) - 
org.apache.ratis.thirdparty.io.netty.channel.AbstractChannel$AnnotatedConnectException: Connection refused: localhost/127.0.0.1:33909
Caused by: java.net.ConnectException: Connection refused
	at java.base/sun.nio.ch.SocketChannelImpl.checkConnect(Native Method)
	at java.base/sun.nio.ch.SocketChannelImpl.finishConnect(SocketChannelImpl.java:777)
	at org.apache.ratis.thirdparty.io.netty.channel.socket.nio.NioSocketChannel.doFinishConnect(NioSocketChannel.java:337)
	at org.apache.ratis.thirdparty.io.netty.channel.nio.AbstractNioChannel$AbstractNioUnsafe.finishConnect(AbstractNioChannel.java:334)
	at org.apache.ratis.thirdparty.io.netty.channel.nio.NioEventLoop.processSelectedKey(NioEventLoop.java:776)
	at org.apache.ratis.thirdparty.io.netty.channel.nio.NioEventLoop.processSelectedKeysOptimized(NioEventLoop.java:724)
	at org.apache.ratis.thirdparty.io.netty.channel.nio.NioEventLoop.processSelectedKeys(NioEventLoop.java:650)
	at org.apache.ratis.thirdparty.io.netty.channel.nio.NioEventLoop.run(NioEventLoop.java:562)
	at org.apache.ratis.thirdparty.io.netty.util.concurrent.SingleThreadEventExecutor$4.run(SingleThreadEventExecutor.java:997)
	at org.apache.ratis.thirdparty.io.netty.util.internal.ThreadExecutorMap$2.run(ThreadExecutorMap.java:74)
	at java.base/java.lang.Thread.run(Thread.java:829)
2023-06-29 03:38:48,446 [NettyClientStreamRpc-workerGroup--thread3] WARN  client.NettyClientStreamRpc (NettyClientStreamRpc.java:scheduleReconnect(206)) - Connection-localhost/127.0.0.1:36013: org.apache.ratis.netty.client.NettyClientStreamRpc$Connection$1@1458ed34 failed; schedule reconnecting to localhost/127.0.0.1:36013 in 100ms
2023-06-29 03:38:48,446 [NettyClientStreamRpc-workerGroup--thread3] WARN  client.NettyClientStreamRpc (NettyClientStreamRpc.java:scheduleReconnect(208)) - 
org.apache.ratis.thirdparty.io.netty.channel.AbstractChannel$AnnotatedConnectException: Connection refused: localhost/127.0.0.1:36013
Caused by: java.net.ConnectException: Connection refused
	at java.base/sun.nio.ch.SocketChannelImpl.checkConnect(Native Method)
	at java.base/sun.nio.ch.SocketChannelImpl.finishConnect(SocketChannelImpl.java:777)
	at org.apache.ratis.thirdparty.io.netty.channel.socket.nio.NioSocketChannel.doFinishConnect(NioSocketChannel.java:337)
	at org.apache.ratis.thirdparty.io.netty.channel.nio.AbstractNioChannel$AbstractNioUnsafe.finishConnect(AbstractNioChannel.java:334)
	at org.apache.ratis.thirdparty.io.netty.channel.nio.NioEventLoop.processSelectedKey(NioEventLoop.java:776)
	at org.apache.ratis.thirdparty.io.netty.channel.nio.NioEventLoop.processSelectedKeysOptimized(NioEventLoop.java:724)
	at org.apache.ratis.thirdparty.io.netty.channel.nio.NioEventLoop.processSelectedKeys(NioEventLoop.java:650)
	at org.apache.ratis.thirdparty.io.netty.channel.nio.NioEventLoop.run(NioEventLoop.java:562)
	at org.apache.ratis.thirdparty.io.netty.util.concurrent.SingleThreadEventExecutor$4.run(SingleThreadEventExecutor.java:997)
	at org.apache.ratis.thirdparty.io.netty.util.internal.ThreadExecutorMap$2.run(ThreadExecutorMap.java:74)
	at java.base/java.lang.Thread.run(Thread.java:829)
2023-06-29 03:38:48,446 [Thread-1413] WARN  util.PeerProxyMap (PeerProxyMap.java:closeProxy(170)) - s1-NettyServerStreamRpc: Failed to close proxy for peer s0|rpc:localhost:40241|admin:localhost:35799|client:localhost:41353|dataStream:localhost:36013|priority:0|startupRole:FOLLOWER, proxy class: class org.apache.ratis.client.impl.DataStreamClientImpl
org.apache.ratis.thirdparty.io.netty.channel.AbstractChannel$AnnotatedConnectException: Connection refused: localhost/127.0.0.1:36013
Caused by: java.net.ConnectException: Connection refused
	at java.base/sun.nio.ch.SocketChannelImpl.checkConnect(Native Method)
	at java.base/sun.nio.ch.SocketChannelImpl.finishConnect(SocketChannelImpl.java:777)
	at org.apache.ratis.thirdparty.io.netty.channel.socket.nio.NioSocketChannel.doFinishConnect(NioSocketChannel.java:337)
	at org.apache.ratis.thirdparty.io.netty.channel.nio.AbstractNioChannel$AbstractNioUnsafe.finishConnect(AbstractNioChannel.java:334)
	at org.apache.ratis.thirdparty.io.netty.channel.nio.NioEventLoop.processSelectedKey(NioEventLoop.java:776)
	at org.apache.ratis.thirdparty.io.netty.channel.nio.NioEventLoop.processSelectedKeysOptimized(NioEventLoop.java:724)
	at org.apache.ratis.thirdparty.io.netty.channel.nio.NioEventLoop.processSelectedKeys(NioEventLoop.java:650)
	at org.apache.ratis.thirdparty.io.netty.channel.nio.NioEventLoop.run(NioEventLoop.java:562)
	at org.apache.ratis.thirdparty.io.netty.util.concurrent.SingleThreadEventExecutor$4.run(SingleThreadEventExecutor.java:997)
	at org.apache.ratis.thirdparty.io.netty.util.internal.ThreadExecutorMap$2.run(ThreadExecutorMap.java:74)
	at java.base/java.lang.Thread.run(Thread.java:829)
2023-06-29 03:38:48,455 [NettyClientStreamRpc-workerGroup--thread3] WARN  client.NettyClientStreamRpc (NettyClientStreamRpc.java:scheduleReconnect(206)) - Connection-localhost/127.0.0.1:43099: org.apache.ratis.netty.client.NettyClientStreamRpc$Connection$1@55aab0e6 failed; schedule reconnecting to localhost/127.0.0.1:43099 in 100ms
2023-06-29 03:38:48,455 [NettyClientStreamRpc-workerGroup--thread3] WARN  client.NettyClientStreamRpc (NettyClientStreamRpc.java:scheduleReconnect(208)) - 
org.apache.ratis.thirdparty.io.netty.channel.AbstractChannel$AnnotatedConnectException: Connection refused: localhost/127.0.0.1:43099
Caused by: java.net.ConnectException: Connection refused
	at java.base/sun.nio.ch.SocketChannelImpl.checkConnect(Native Method)
	at java.base/sun.nio.ch.SocketChannelImpl.finishConnect(SocketChannelImpl.java:777)
	at org.apache.ratis.thirdparty.io.netty.channel.socket.nio.NioSocketChannel.doFinishConnect(NioSocketChannel.java:337)
	at org.apache.ratis.thirdparty.io.netty.channel.nio.AbstractNioChannel$AbstractNioUnsafe.finishConnect(AbstractNioChannel.java:334)
	at org.apache.ratis.thirdparty.io.netty.channel.nio.NioEventLoop.processSelectedKey(NioEventLoop.java:776)
	at org.apache.ratis.thirdparty.io.netty.channel.nio.NioEventLoop.processSelectedKeysOptimized(NioEventLoop.java:724)
	at org.apache.ratis.thirdparty.io.netty.channel.nio.NioEventLoop.processSelectedKeys(NioEventLoop.java:650)
	at org.apache.ratis.thirdparty.io.netty.channel.nio.NioEventLoop.run(NioEventLoop.java:562)
	at org.apache.ratis.thirdparty.io.netty.util.concurrent.SingleThreadEventExecutor$4.run(SingleThreadEventExecutor.java:997)
	at org.apache.ratis.thirdparty.io.netty.util.internal.ThreadExecutorMap$2.run(ThreadExecutorMap.java:74)
	at java.base/java.lang.Thread.run(Thread.java:829)
2023-06-29 03:38:48,455 [Thread-1416] WARN  util.PeerProxyMap (PeerProxyMap.java:closeProxy(170)) - s1-NettyServerStreamRpc: Failed to close proxy for peer s2|rpc:localhost:44999|admin:localhost:38575|client:localhost:37017|dataStream:localhost:43099|priority:0|startupRole:FOLLOWER, proxy class: class org.apache.ratis.client.impl.DataStreamClientImpl
org.apache.ratis.thirdparty.io.netty.channel.AbstractChannel$AnnotatedConnectException: Connection refused: localhost/127.0.0.1:43099
Caused by: java.net.ConnectException: Connection refused
	at java.base/sun.nio.ch.SocketChannelImpl.checkConnect(Native Method)
	at java.base/sun.nio.ch.SocketChannelImpl.finishConnect(SocketChannelImpl.java:777)
	at org.apache.ratis.thirdparty.io.netty.channel.socket.nio.NioSocketChannel.doFinishConnect(NioSocketChannel.java:337)
	at org.apache.ratis.thirdparty.io.netty.channel.nio.AbstractNioChannel$AbstractNioUnsafe.finishConnect(AbstractNioChannel.java:334)
	at org.apache.ratis.thirdparty.io.netty.channel.nio.NioEventLoop.processSelectedKey(NioEventLoop.java:776)
	at org.apache.ratis.thirdparty.io.netty.channel.nio.NioEventLoop.processSelectedKeysOptimized(NioEventLoop.java:724)
	at org.apache.ratis.thirdparty.io.netty.channel.nio.NioEventLoop.processSelectedKeys(NioEventLoop.java:650)
	at org.apache.ratis.thirdparty.io.netty.channel.nio.NioEventLoop.run(NioEventLoop.java:562)
	at org.apache.ratis.thirdparty.io.netty.util.concurrent.SingleThreadEventExecutor$4.run(SingleThreadEventExecutor.java:997)
	at org.apache.ratis.thirdparty.io.netty.util.internal.ThreadExecutorMap$2.run(ThreadExecutorMap.java:74)
	at java.base/java.lang.Thread.run(Thread.java:829)
2023-06-29 03:38:49,277 [s0-impl-thread1] INFO  segmented.SegmentedRaftLogWorker (SegmentedRaftLogWorker.java:close(242)) - s0@group-1C20FCBBD8ED-SegmentedRaftLogWorker close()
2023-06-29 03:38:49,278 [JvmPauseMonitor7] INFO  util.JvmPauseMonitor (JvmPauseMonitor.java:run(109)) - JvmPauseMonitor-s0: Stopped
2023-06-29 03:38:49,285 [s2-impl-thread1] INFO  segmented.SegmentedRaftLogWorker (SegmentedRaftLogWorker.java:close(242)) - s2@group-1C20FCBBD8ED-SegmentedRaftLogWorker close()
2023-06-29 03:38:49,286 [s1-impl-thread1] INFO  segmented.SegmentedRaftLogWorker (SegmentedRaftLogWorker.java:close(242)) - s1@group-1C20FCBBD8ED-SegmentedRaftLogWorker close()
2023-06-29 03:38:49,287 [JvmPauseMonitor9] INFO  util.JvmPauseMonitor (JvmPauseMonitor.java:run(109)) - JvmPauseMonitor-s2: Stopped
2023-06-29 03:38:49,287 [JvmPauseMonitor8] INFO  util.JvmPauseMonitor (JvmPauseMonitor.java:run(109)) - JvmPauseMonitor-s1: Stopped
2023-06-29 03:38:49,290 [Time-limited test] INFO  impl.MiniRaftCluster (MiniRaftCluster.java:shutdown(855)) - MiniRaftClusterWithRpcTypeGrpcAndDataStreamTypeNetty shutdown completed
]]></system-out>
  </testcase>
</testsuite>