<?xml version="1.0" encoding="UTF-8"?>
<testsuite xmlns:xsi="http://www.w3.org/2001/XMLSchema-instance" xsi:noNamespaceSchemaLocation="https://maven.apache.org/surefire/maven-surefire-plugin/xsd/surefire-test-report.xsd" name="org.apache.ratis.grpc.TestReadOnlyRequestWithGrpc" time="12.18" tests="6" errors="1" skipped="0" failures="0">
  <properties>
    <property name="awt.toolkit" value="sun.awt.X11.XToolkit"/>
    <property name="java.specification.version" value="11"/>
    <property name="sun.cpu.isalist" value=""/>
    <property name="sun.jnu.encoding" value="UTF-8"/>
    <property name="java.class.path" value="/home/runner/work/ratis/ratis/ratis-test/target/test-classes:/home/runner/work/ratis/ratis/ratis-test/target/classes:/home/runner/work/ratis/ratis/ratis-common/target/classes:/home/runner/.m2/repository/org/apache/ratis/ratis-thirdparty-misc/1.0.2/ratis-thirdparty-misc-1.0.2.jar:/home/runner/work/ratis/ratis/ratis-proto/target/ratis-proto-3.0.0-SNAPSHOT.jar:/home/runner/work/ratis/ratis/ratis-common/target/test-classes:/home/runner/work/ratis/ratis/ratis-client/target/classes:/home/runner/work/ratis/ratis/ratis-server/target/classes:/home/runner/work/ratis/ratis/ratis-server-api/target/classes:/home/runner/work/ratis/ratis/ratis-metrics-api/target/classes:/home/runner/work/ratis/ratis/ratis-server/target/test-classes:/home/runner/work/ratis/ratis/ratis-metrics-default/target/classes:/home/runner/work/ratis/ratis/ratis-netty/target/classes:/home/runner/work/ratis/ratis/ratis-netty/target/test-classes:/home/runner/work/ratis/ratis/ratis-grpc/target/classes:/home/runner/work/ratis/ratis/ratis-grpc/target/test-classes:/home/runner/.m2/repository/org/slf4j/slf4j-api/1.7.29/slf4j-api-1.7.29.jar:/home/runner/.m2/repository/org/slf4j/slf4j-log4j12/1.7.29/slf4j-log4j12-1.7.29.jar:/home/runner/.m2/repository/log4j/log4j/1.2.17/log4j-1.2.17.jar:/home/runner/.m2/repository/junit/junit/4.13.2/junit-4.13.2.jar:/home/runner/.m2/repository/org/hamcrest/hamcrest-core/1.3/hamcrest-core-1.3.jar:/home/runner/.m2/repository/org/mockito/mockito-core/4.3.1/mockito-core-4.3.1.jar:/home/runner/.m2/repository/net/bytebuddy/byte-buddy/1.12.7/byte-buddy-1.12.7.jar:/home/runner/.m2/repository/net/bytebuddy/byte-buddy-agent/1.12.7/byte-buddy-agent-1.12.7.jar:/home/runner/.m2/repository/org/objenesis/objenesis/3.2/objenesis-3.2.jar:/home/runner/work/ratis/ratis/ratis-shell/target/classes:/home/runner/.m2/repository/commons-cli/commons-cli/1.5.0/commons-cli-1.5.0.jar:/home/runner/.m2/repository/org/slf4j/slf4j-simple/1.7.29/slf4j-simple-1.7.29.jar:/home/runner/.m2/repository/org/reflections/reflections/0.10.2/reflections-0.10.2.jar:/home/runner/.m2/repository/org/javassist/javassist/3.28.0-GA/javassist-3.28.0-GA.jar:/home/runner/.m2/repository/com/google/code/findbugs/jsr305/3.0.2/jsr305-3.0.2.jar:"/>
    <property name="java.vm.vendor" value="Eclipse Adoptium"/>
    <property name="sun.arch.data.model" value="64"/>
    <property name="java.vendor.url" value="https://adoptium.net/"/>
    <property name="user.timezone" value=""/>
    <property name="java.vm.specification.version" value="11"/>
    <property name="os.name" value="Linux"/>
    <property name="sun.java.launcher" value="SUN_STANDARD"/>
    <property name="sun.boot.library.path" value="/usr/lib/jvm/temurin-11-jdk-amd64/lib"/>
    <property name="sun.java.command" value="/home/runner/work/ratis/ratis/ratis-test/target/surefire/surefirebooter7233585618044912924.jar /home/runner/work/ratis/ratis/ratis-test/target/surefire 2022-10-20T09-00-45_069-jvmRun1 surefire5160792796868294689tmp surefire_208389112600923416594tmp"/>
    <property name="jdk.debug" value="release"/>
    <property name="surefire.test.class.path" value="/home/runner/work/ratis/ratis/ratis-test/target/test-classes:/home/runner/work/ratis/ratis/ratis-test/target/classes:/home/runner/work/ratis/ratis/ratis-common/target/classes:/home/runner/.m2/repository/org/apache/ratis/ratis-thirdparty-misc/1.0.2/ratis-thirdparty-misc-1.0.2.jar:/home/runner/work/ratis/ratis/ratis-proto/target/ratis-proto-3.0.0-SNAPSHOT.jar:/home/runner/work/ratis/ratis/ratis-common/target/test-classes:/home/runner/work/ratis/ratis/ratis-client/target/classes:/home/runner/work/ratis/ratis/ratis-server/target/classes:/home/runner/work/ratis/ratis/ratis-server-api/target/classes:/home/runner/work/ratis/ratis/ratis-metrics-api/target/classes:/home/runner/work/ratis/ratis/ratis-server/target/test-classes:/home/runner/work/ratis/ratis/ratis-metrics-default/target/classes:/home/runner/work/ratis/ratis/ratis-netty/target/classes:/home/runner/work/ratis/ratis/ratis-netty/target/test-classes:/home/runner/work/ratis/ratis/ratis-grpc/target/classes:/home/runner/work/ratis/ratis/ratis-grpc/target/test-classes:/home/runner/.m2/repository/org/slf4j/slf4j-api/1.7.29/slf4j-api-1.7.29.jar:/home/runner/.m2/repository/org/slf4j/slf4j-log4j12/1.7.29/slf4j-log4j12-1.7.29.jar:/home/runner/.m2/repository/log4j/log4j/1.2.17/log4j-1.2.17.jar:/home/runner/.m2/repository/junit/junit/4.13.2/junit-4.13.2.jar:/home/runner/.m2/repository/org/hamcrest/hamcrest-core/1.3/hamcrest-core-1.3.jar:/home/runner/.m2/repository/org/mockito/mockito-core/4.3.1/mockito-core-4.3.1.jar:/home/runner/.m2/repository/net/bytebuddy/byte-buddy/1.12.7/byte-buddy-1.12.7.jar:/home/runner/.m2/repository/net/bytebuddy/byte-buddy-agent/1.12.7/byte-buddy-agent-1.12.7.jar:/home/runner/.m2/repository/org/objenesis/objenesis/3.2/objenesis-3.2.jar:/home/runner/work/ratis/ratis/ratis-shell/target/classes:/home/runner/.m2/repository/commons-cli/commons-cli/1.5.0/commons-cli-1.5.0.jar:/home/runner/.m2/repository/org/slf4j/slf4j-simple/1.7.29/slf4j-simple-1.7.29.jar:/home/runner/.m2/repository/org/reflections/reflections/0.10.2/reflections-0.10.2.jar:/home/runner/.m2/repository/org/javassist/javassist/3.28.0-GA/javassist-3.28.0-GA.jar:/home/runner/.m2/repository/com/google/code/findbugs/jsr305/3.0.2/jsr305-3.0.2.jar:"/>
    <property name="sun.cpu.endian" value="little"/>
    <property name="user.home" value="/home/runner"/>
    <property name="user.language" value="en"/>
    <property name="java.specification.vendor" value="Oracle Corporation"/>
    <property name="java.version.date" value="2022-08-12"/>
    <property name="java.home" value="/usr/lib/jvm/temurin-11-jdk-amd64"/>
    <property name="file.separator" value="/"/>
    <property name="basedir" value="/home/runner/work/ratis/ratis/ratis-test"/>
    <property name="java.vm.compressedOopsMode" value="32-bit"/>
    <property name="line.separator" value="&#10;"/>
    <property name="java.specification.name" value="Java Platform API Specification"/>
    <property name="java.vm.specification.vendor" value="Oracle Corporation"/>
    <property name="java.awt.graphicsenv" value="sun.awt.X11GraphicsEnvironment"/>
    <property name="surefire.real.class.path" value="/home/runner/work/ratis/ratis/ratis-test/target/surefire/surefirebooter7233585618044912924.jar"/>
    <property name="sun.management.compiler" value="HotSpot 64-Bit Tiered Compilers"/>
    <property name="java.runtime.version" value="11.0.16.1+1"/>
    <property name="user.name" value="runner"/>
    <property name="java.net.preferIPv4Stack" value="true"/>
    <property name="path.separator" value=":"/>
    <property name="os.version" value="5.15.0-1020-azure"/>
    <property name="java.runtime.name" value="OpenJDK Runtime Environment"/>
    <property name="file.encoding" value="UTF-8"/>
    <property name="java.vm.name" value="OpenJDK 64-Bit Server VM"/>
    <property name="java.vendor.version" value="Temurin-11.0.16.1+1"/>
    <property name="localRepository" value="/home/runner/.m2/repository"/>
    <property name="java.vendor.url.bug" value="https://github.com/adoptium/adoptium-support/issues"/>
    <property name="java.io.tmpdir" value="/tmp"/>
    <property name="java.version" value="11.0.16.1"/>
    <property name="user.dir" value="/home/runner/work/ratis/ratis/ratis-test"/>
    <property name="os.arch" value="amd64"/>
    <property name="ratis.tmp.dir" value="/home/runner/work/ratis/ratis/ratis-test/target/tmp"/>
    <property name="java.vm.specification.name" value="Java Virtual Machine Specification"/>
    <property name="java.awt.printerjob" value="sun.print.PSPrinterJob"/>
    <property name="ratis.log.dir" value="/home/runner/work/ratis/ratis/ratis-test/target/log"/>
    <property name="sun.os.patch.level" value="unknown"/>
    <property name="java.library.path" value="/usr/java/packages/lib:/usr/lib64:/lib64:/lib:/usr/lib"/>
    <property name="java.vm.info" value="mixed mode"/>
    <property name="java.vendor" value="Eclipse Adoptium"/>
    <property name="java.vm.version" value="11.0.16.1+1"/>
    <property name="sun.io.unicode.encoding" value="UnicodeLittle"/>
    <property name="java.class.version" value="55.0"/>
  </properties>
  <testcase name="testFollowerLinearizableReadFailWhenLeaderDown" classname="org.apache.ratis.grpc.TestReadOnlyRequestWithGrpc" time="3.191"/>
  <testcase name="testFollowerLinearizableRead" classname="org.apache.ratis.grpc.TestReadOnlyRequestWithGrpc" time="1.85"/>
  <testcase name="testFollowerLinearizableReadParallel" classname="org.apache.ratis.grpc.TestReadOnlyRequestWithGrpc" time="3.841"/>
  <testcase name="testLinearizableRead" classname="org.apache.ratis.grpc.TestReadOnlyRequestWithGrpc" time="1.557"/>
  <testcase name="testLinearizableReadTimeout" classname="org.apache.ratis.grpc.TestReadOnlyRequestWithGrpc" time="0.63"/>
  <testcase name="testFollowerLinearizableReadRetryWhenLeaderDown" classname="org.apache.ratis.grpc.TestReadOnlyRequestWithGrpc" time="1.02">
    <error message="Failed RaftClientRequest:client-59C2816C993F-&gt;s1@group-C41D8CAA0102, cid=66, seq=0, RO, QUERY for 3 attempts with ExceptionDependentRetry(maxAttempts=2147483647; defaultPolicy=NoRetry; map={org.apache.ratis.protocol.exceptions.ReadIndexException-&gt;RetryForeverWithSleep(sleepTime = 100ms)})" type="org.apache.ratis.protocol.exceptions.RaftRetryFailureException">org.apache.ratis.protocol.exceptions.RaftRetryFailureException: Failed RaftClientRequest:client-59C2816C993F->s1@group-C41D8CAA0102, cid=66, seq=0, RO, QUERY for 3 attempts with ExceptionDependentRetry(maxAttempts=2147483647; defaultPolicy=NoRetry; map={org.apache.ratis.protocol.exceptions.ReadIndexException->RetryForeverWithSleep(sleepTime = 100ms)})
	at org.apache.ratis.client.impl.RaftClientImpl.noMoreRetries(RaftClientImpl.java:306)
	at org.apache.ratis.client.impl.BlockingImpl.sendRequestWithRetry(BlockingImpl.java:119)
	at org.apache.ratis.client.impl.BlockingImpl.send(BlockingImpl.java:85)
	at org.apache.ratis.client.impl.BlockingImpl.sendReadOnly(BlockingImpl.java:64)
	at org.apache.ratis.client.api.BlockingApi.sendReadOnly(BlockingApi.java:45)
	at org.apache.ratis.ReadOnlyRequestTests.testFollowerLinearizableReadRetryWhenLeaderDown(ReadOnlyRequestTests.java:242)
	at org.apache.ratis.server.impl.MiniRaftCluster$Factory$Get.runWithNewCluster(MiniRaftCluster.java:141)
	at org.apache.ratis.server.impl.MiniRaftCluster$Factory$Get.runWithNewCluster(MiniRaftCluster.java:121)
	at org.apache.ratis.ReadOnlyRequestTests.testFollowerLinearizableReadRetryWhenLeaderDown(ReadOnlyRequestTests.java:218)
	at java.base/jdk.internal.reflect.NativeMethodAccessorImpl.invoke0(Native Method)
	at java.base/jdk.internal.reflect.NativeMethodAccessorImpl.invoke(NativeMethodAccessorImpl.java:62)
	at java.base/jdk.internal.reflect.DelegatingMethodAccessorImpl.invoke(DelegatingMethodAccessorImpl.java:43)
	at java.base/java.lang.reflect.Method.invoke(Method.java:566)
	at org.junit.runners.model.FrameworkMethod$1.runReflectiveCall(FrameworkMethod.java:59)
	at org.junit.internal.runners.model.ReflectiveCallable.run(ReflectiveCallable.java:12)
	at org.junit.runners.model.FrameworkMethod.invokeExplosively(FrameworkMethod.java:56)
	at org.junit.internal.runners.statements.InvokeMethod.evaluate(InvokeMethod.java:17)
	at org.junit.internal.runners.statements.RunBefores.evaluate(RunBefores.java:26)
	at org.junit.internal.runners.statements.RunAfters.evaluate(RunAfters.java:27)
	at org.junit.internal.runners.statements.FailOnTimeout$CallableStatement.call(FailOnTimeout.java:299)
	at org.junit.internal.runners.statements.FailOnTimeout$CallableStatement.call(FailOnTimeout.java:293)
	at java.base/java.util.concurrent.FutureTask.run(FutureTask.java:264)
	at java.base/java.lang.Thread.run(Thread.java:829)
Caused by: java.io.IOException: java.lang.NullPointerException
	at org.apache.ratis.util.IOUtils.asIOException(IOUtils.java:56)
	at org.apache.ratis.grpc.GrpcUtil.tryUnwrapException(GrpcUtil.java:121)
	at org.apache.ratis.grpc.GrpcUtil.unwrapException(GrpcUtil.java:91)
	at org.apache.ratis.grpc.GrpcUtil.unwrapIOException(GrpcUtil.java:152)
	at org.apache.ratis.grpc.client.GrpcClientRpc$1.onError(GrpcClientRpc.java:156)
	at org.apache.ratis.thirdparty.io.grpc.stub.ClientCalls$StreamObserverToCallListenerAdapter.onClose(ClientCalls.java:487)
	at org.apache.ratis.thirdparty.io.grpc.PartialForwardingClientCallListener.onClose(PartialForwardingClientCallListener.java:39)
	at org.apache.ratis.thirdparty.io.grpc.ForwardingClientCallListener.onClose(ForwardingClientCallListener.java:23)
	at org.apache.ratis.grpc.metrics.intercept.client.MetricClientCallListener.onClose(MetricClientCallListener.java:47)
	at org.apache.ratis.thirdparty.io.grpc.internal.ClientCallImpl.closeObserver(ClientCallImpl.java:562)
	at org.apache.ratis.thirdparty.io.grpc.internal.ClientCallImpl.access$300(ClientCallImpl.java:70)
	at org.apache.ratis.thirdparty.io.grpc.internal.ClientCallImpl$ClientStreamListenerImpl$1StreamClosed.runInternal(ClientCallImpl.java:743)
	at org.apache.ratis.thirdparty.io.grpc.internal.ClientCallImpl$ClientStreamListenerImpl$1StreamClosed.runInContext(ClientCallImpl.java:722)
	at org.apache.ratis.thirdparty.io.grpc.internal.ContextRunnable.run(ContextRunnable.java:37)
	at org.apache.ratis.thirdparty.io.grpc.internal.SerializingExecutor.run(SerializingExecutor.java:133)
	at java.base/java.util.concurrent.ThreadPoolExecutor.runWorker(ThreadPoolExecutor.java:1128)
	at java.base/java.util.concurrent.ThreadPoolExecutor$Worker.run(ThreadPoolExecutor.java:628)
	... 1 more
Caused by: java.lang.NullPointerException
	at java.base/jdk.internal.reflect.NativeConstructorAccessorImpl.newInstance0(Native Method)
	at java.base/jdk.internal.reflect.NativeConstructorAccessorImpl.newInstance(NativeConstructorAccessorImpl.java:62)
	at java.base/jdk.internal.reflect.DelegatingConstructorAccessorImpl.newInstance(DelegatingConstructorAccessorImpl.java:45)
	at java.base/java.lang.reflect.Constructor.newInstance(Constructor.java:490)
	at org.apache.ratis.util.ReflectionUtils.instantiateException(ReflectionUtils.java:250)
	at org.apache.ratis.util.ReflectionUtils.instantiateException(ReflectionUtils.java:255)
	at org.apache.ratis.grpc.GrpcUtil.tryUnwrapException(GrpcUtil.java:120)
	... 16 more
Caused by: org.apache.ratis.thirdparty.io.grpc.StatusRuntimeException: INTERNAL
	at org.apache.ratis.thirdparty.io.grpc.Status.asRuntimeException(Status.java:535)
	... 13 more
	Suppressed: java.lang.IllegalStateException: Failed to cast to class java.io.IOException, object=java.lang.NullPointerException
	at org.apache.ratis.client.impl.ClientProtoUtils.toRaftRpcRequestProtoBuilder(ClientProtoUtils.java:115)
	at org.apache.ratis.server.impl.ServerProtoUtils.toReadIndexRequestProto(ServerProtoUtils.java:115)
	at org.apache.ratis.server.impl.RaftServerImpl.sendReadIndexAsync(RaftServerImpl.java:924)
	at org.apache.ratis.server.impl.RaftServerImpl.readAsync(RaftServerImpl.java:947)
	at org.apache.ratis.server.impl.RaftServerImpl.submitClientRequestAsync(RaftServerImpl.java:836)
	at org.apache.ratis.server.impl.RaftServerImpl.lambda$executeSubmitClientRequestAsync$12(RaftServerImpl.java:819)
	at org.apache.ratis.util.JavaUtils.callAsUnchecked(JavaUtils.java:117)
	at org.apache.ratis.server.impl.RaftServerImpl.lambda$executeSubmitClientRequestAsync$13(RaftServerImpl.java:819)
	at java.base/java.util.concurrent.CompletableFuture$AsyncSupply.run(CompletableFuture.java:1700)
	at java.base/java.util.concurrent.ThreadPoolExecutor.runWorker(ThreadPoolExecutor.java:1128)
	at java.base/java.util.concurrent.ThreadPoolExecutor$Worker.run(ThreadPoolExecutor.java:628)
	at java.base/java.lang.Thread.run(Thread.java:829)

		at org.apache.ratis.util.IOUtils.readObject(IOUtils.java:237)
		at org.apache.ratis.util.IOUtils.bytes2Object(IOUtils.java:214)
		at org.apache.ratis.grpc.GrpcUtil.tryUnwrapException(GrpcUtil.java:109)
		at org.apache.ratis.grpc.GrpcUtil.unwrapException(GrpcUtil.java:91)
		at org.apache.ratis.grpc.GrpcUtil.unwrapIOException(GrpcUtil.java:152)
		at org.apache.ratis.grpc.client.GrpcClientRpc$1.onError(GrpcClientRpc.java:156)
		... 13 more
	Caused by: java.lang.ClassCastException: Cannot cast java.lang.NullPointerException to java.io.IOException
		at java.base/java.lang.Class.cast(Class.java:3605)
		at org.apache.ratis.util.IOUtils.readObject(IOUtils.java:234)
		... 18 more
</error>
    <system-out><![CDATA[2022-10-20 09:08:55,360 [main] INFO  util.LogUtils (Log4jUtils.java:setLogLevel(32)) - Set org.apache.ratis.conf.ConfUtils log level to WARN
2022-10-20 09:08:55,360 [main] INFO  util.LogUtils (Log4jUtils.java:setLogLevel(32)) - Set org.apache.ratis.util.FileUtils log level to TRACE
2022-10-20 09:08:55,360 [main] INFO  util.LogUtils (Log4jUtils.java:setLogLevel(32)) - Set org.apache.ratis.server.RaftServer$Division log level to DEBUG
2022-10-20 09:08:55,362 [Time-limited test] INFO  impl.MiniRaftCluster (MiniRaftCluster.java:runWithNewCluster(135)) - Running runWithNewCluster
2022-10-20 09:08:55,363 [Time-limited test] INFO  impl.MiniRaftCluster (MiniRaftCluster.java:<init>(306)) - new MiniRaftClusterWithGrpc with group-C41D8CAA0102:[s0|rpc:localhost:36667|admin:localhost:33201|client:localhost:41025|dataStream:localhost:46795|priority:0|startupRole:FOLLOWER, s1|rpc:localhost:45635|admin:localhost:35171|client:localhost:42115|dataStream:localhost:43227|priority:0|startupRole:FOLLOWER, s2|rpc:localhost:42077|admin:localhost:32787|client:localhost:44759|dataStream:localhost:46559|priority:0|startupRole:FOLLOWER]
2022-10-20 09:08:55,363 [Time-limited test] INFO  impl.MiniRaftCluster (MiniRaftCluster.java:start(339)) - .............................................................. 
2022-10-20 09:08:55,363 [Time-limited test] INFO  impl.MiniRaftCluster (MiniRaftCluster.java:start(340)) - ... 
2022-10-20 09:08:55,363 [Time-limited test] INFO  impl.MiniRaftCluster (MiniRaftCluster.java:start(341)) - ...     Starting MiniRaftClusterWithGrpc
2022-10-20 09:08:55,363 [Time-limited test] INFO  impl.MiniRaftCluster (MiniRaftCluster.java:start(342)) - ... 
2022-10-20 09:08:55,363 [Time-limited test] INFO  impl.MiniRaftCluster (MiniRaftCluster.java:start(343)) - .............................................................. 
2022-10-20 09:08:55,363 [Time-limited test] INFO  impl.MiniRaftCluster (MiniRaftCluster.java:initServers(318)) - servers = {}
2022-10-20 09:08:55,363 [Time-limited test] INFO  impl.MiniRaftCluster (MiniRaftCluster.java:newRaftServer(382)) - newRaftServer: s0, group-C41D8CAA0102:[s0|rpc:localhost:36667|admin:localhost:33201|client:localhost:41025|dataStream:localhost:46795|priority:0|startupRole:FOLLOWER, s1|rpc:localhost:45635|admin:localhost:35171|client:localhost:42115|dataStream:localhost:43227|priority:0|startupRole:FOLLOWER, s2|rpc:localhost:42077|admin:localhost:32787|client:localhost:44759|dataStream:localhost:46559|priority:0|startupRole:FOLLOWER], format? true
2022-10-20 09:08:55,363 [Time-limited test] TRACE util.FileUtils (FileUtils.java:deleteFully(168)) - deleteFully target/test/data/9aa86c5e/MiniRaftClusterWithGrpc2d911a57/s0
2022-10-20 09:08:55,364 [Time-limited test] TRACE util.FileUtils (FileUtils.java:deleteFully(184)) - deleteFully: target/test/data/9aa86c5e/MiniRaftClusterWithGrpc2d911a57/s0 does not exist.
2022-10-20 09:08:55,364 [Time-limited test] INFO  impl.MiniRaftCluster (MiniRaftCluster.java:newRaftServer(387)) - Formatted directory target/test/data/9aa86c5e/MiniRaftClusterWithGrpc2d911a57/s0
2022-10-20 09:08:55,364 [Time-limited test] INFO  server.RaftServer (ConfUtils.java:logGet(46)) - raft.rpc.type = GRPC (default)
2022-10-20 09:08:55,364 [Time-limited test] INFO  grpc.GrpcConfigKeys (ConfUtils.java:logFallback(53)) - raft.grpc.admin.host = null (fallback to raft.grpc.server.host)
2022-10-20 09:08:55,364 [Time-limited test] INFO  grpc.GrpcConfigKeys (ConfUtils.java:logGet(46)) - raft.grpc.admin.port = 33201 (custom)
2022-10-20 09:08:55,364 [Time-limited test] INFO  grpc.GrpcConfigKeys (ConfUtils.java:logFallback(53)) - raft.grpc.client.host = null (fallback to raft.grpc.server.host)
2022-10-20 09:08:55,365 [Time-limited test] INFO  grpc.GrpcConfigKeys (ConfUtils.java:logGet(46)) - raft.grpc.client.port = 41025 (custom)
2022-10-20 09:08:55,365 [Time-limited test] INFO  grpc.GrpcConfigKeys (ConfUtils.java:logGet(46)) - raft.grpc.server.host = null (default)
2022-10-20 09:08:55,365 [Time-limited test] INFO  grpc.GrpcConfigKeys (ConfUtils.java:logGet(46)) - raft.grpc.server.port = 36667 (custom)
2022-10-20 09:08:55,365 [Time-limited test] INFO  server.GrpcService (ConfUtils.java:logGet(46)) - raft.grpc.message.size.max = 64MB (=67108864) (default)
2022-10-20 09:08:55,365 [Time-limited test] INFO  server.RaftServerConfigKeys (ConfUtils.java:logGet(46)) - raft.server.log.appender.buffer.byte-limit = 4MB (=4194304) (default)
2022-10-20 09:08:55,365 [Time-limited test] INFO  server.GrpcService (ConfUtils.java:logGet(46)) - raft.grpc.flow.control.window = 1MB (=1048576) (default)
2022-10-20 09:08:55,365 [Time-limited test] INFO  server.RaftServerConfigKeys (ConfUtils.java:logGet(46)) - raft.server.rpc.request.timeout = 3000ms (default)
2022-10-20 09:08:55,365 [Time-limited test] INFO  grpc.GrpcConfigKeys (ConfUtils.java:logGet(46)) - raft.grpc.server.heartbeat.channel = true (default)
2022-10-20 09:08:55,365 [Time-limited test] INFO  grpc.GrpcConfigKeys (ConfUtils.java:logGet(46)) - raft.grpc.server.async.request.thread.pool.cached = true (default)
2022-10-20 09:08:55,365 [Time-limited test] INFO  grpc.GrpcConfigKeys (ConfUtils.java:logGet(46)) - raft.grpc.server.async.request.thread.pool.size = 32 (default)
2022-10-20 09:08:55,367 [Time-limited test] INFO  impl.DataStreamServerImpl (ConfUtils.java:logGet(46)) - raft.datastream.type = DISABLED (default)
2022-10-20 09:08:55,367 [Time-limited test] INFO  server.RaftServerConfigKeys (ConfUtils.java:logGet(46)) - raft.server.threadpool.proxy.cached = true (default)
2022-10-20 09:08:55,367 [Time-limited test] INFO  server.RaftServerConfigKeys (ConfUtils.java:logGet(46)) - raft.server.threadpool.proxy.size = 0 (default)
2022-10-20 09:08:55,368 [Time-limited test] INFO  server.RaftServerConfigKeys (ConfUtils.java:logGet(46)) - raft.server.rpc.slowness.timeout = 60s (default)
2022-10-20 09:08:55,368 [Time-limited test] INFO  server.RaftServerConfigKeys (ConfUtils.java:logGet(46)) - raft.server.leaderelection.leader.step-down.wait-time = 10s (default)
2022-10-20 09:08:55,368 [Time-limited test] INFO  server.RaftServerConfigKeys (ConfUtils.java:logGet(46)) - raft.server.storage.dir = [/home/runner/work/ratis/ratis/ratis-test/target/test/data/9aa86c5e/MiniRaftClusterWithGrpc2d911a57/s0] (custom)
2022-10-20 09:08:55,368 [Time-limited test] INFO  server.RaftServer (RaftServerProxy.java:addNew(99)) - s0: addNew group-C41D8CAA0102:[s0|rpc:localhost:36667|admin:localhost:33201|client:localhost:41025|dataStream:localhost:46795|priority:0|startupRole:FOLLOWER, s1|rpc:localhost:45635|admin:localhost:35171|client:localhost:42115|dataStream:localhost:43227|priority:0|startupRole:FOLLOWER, s2|rpc:localhost:42077|admin:localhost:32787|client:localhost:44759|dataStream:localhost:46559|priority:0|startupRole:FOLLOWER] returns group-C41D8CAA0102:java.util.concurrent.CompletableFuture@7ea5088b[Not completed]
2022-10-20 09:08:55,369 [Time-limited test] INFO  impl.MiniRaftCluster (MiniRaftCluster.java:newRaftServer(382)) - newRaftServer: s1, group-C41D8CAA0102:[s0|rpc:localhost:36667|admin:localhost:33201|client:localhost:41025|dataStream:localhost:46795|priority:0|startupRole:FOLLOWER, s1|rpc:localhost:45635|admin:localhost:35171|client:localhost:42115|dataStream:localhost:43227|priority:0|startupRole:FOLLOWER, s2|rpc:localhost:42077|admin:localhost:32787|client:localhost:44759|dataStream:localhost:46559|priority:0|startupRole:FOLLOWER], format? true
2022-10-20 09:08:55,369 [Time-limited test] TRACE util.FileUtils (FileUtils.java:deleteFully(168)) - deleteFully target/test/data/9aa86c5e/MiniRaftClusterWithGrpc2d911a57/s1
2022-10-20 09:08:55,369 [Time-limited test] TRACE util.FileUtils (FileUtils.java:deleteFully(184)) - deleteFully: target/test/data/9aa86c5e/MiniRaftClusterWithGrpc2d911a57/s1 does not exist.
2022-10-20 09:08:55,369 [Time-limited test] INFO  impl.MiniRaftCluster (MiniRaftCluster.java:newRaftServer(387)) - Formatted directory target/test/data/9aa86c5e/MiniRaftClusterWithGrpc2d911a57/s1
2022-10-20 09:08:55,369 [Time-limited test] INFO  server.RaftServer (ConfUtils.java:logGet(46)) - raft.rpc.type = GRPC (default)
2022-10-20 09:08:55,369 [Time-limited test] INFO  grpc.GrpcConfigKeys (ConfUtils.java:logFallback(53)) - raft.grpc.admin.host = null (fallback to raft.grpc.server.host)
2022-10-20 09:08:55,369 [Time-limited test] INFO  grpc.GrpcConfigKeys (ConfUtils.java:logGet(46)) - raft.grpc.admin.port = 35171 (custom)
2022-10-20 09:08:55,369 [Time-limited test] INFO  grpc.GrpcConfigKeys (ConfUtils.java:logFallback(53)) - raft.grpc.client.host = null (fallback to raft.grpc.server.host)
2022-10-20 09:08:55,370 [Time-limited test] INFO  grpc.GrpcConfigKeys (ConfUtils.java:logGet(46)) - raft.grpc.client.port = 42115 (custom)
2022-10-20 09:08:55,370 [Time-limited test] INFO  grpc.GrpcConfigKeys (ConfUtils.java:logGet(46)) - raft.grpc.server.host = null (default)
2022-10-20 09:08:55,370 [Time-limited test] INFO  grpc.GrpcConfigKeys (ConfUtils.java:logGet(46)) - raft.grpc.server.port = 45635 (custom)
2022-10-20 09:08:55,370 [Time-limited test] INFO  server.GrpcService (ConfUtils.java:logGet(46)) - raft.grpc.message.size.max = 64MB (=67108864) (default)
2022-10-20 09:08:55,370 [Time-limited test] INFO  server.RaftServerConfigKeys (ConfUtils.java:logGet(46)) - raft.server.log.appender.buffer.byte-limit = 4MB (=4194304) (default)
2022-10-20 09:08:55,370 [Time-limited test] INFO  server.GrpcService (ConfUtils.java:logGet(46)) - raft.grpc.flow.control.window = 1MB (=1048576) (default)
2022-10-20 09:08:55,370 [Time-limited test] INFO  server.RaftServerConfigKeys (ConfUtils.java:logGet(46)) - raft.server.rpc.request.timeout = 3000ms (default)
2022-10-20 09:08:55,370 [Time-limited test] INFO  grpc.GrpcConfigKeys (ConfUtils.java:logGet(46)) - raft.grpc.server.heartbeat.channel = true (default)
2022-10-20 09:08:55,370 [Time-limited test] INFO  grpc.GrpcConfigKeys (ConfUtils.java:logGet(46)) - raft.grpc.server.async.request.thread.pool.cached = true (default)
2022-10-20 09:08:55,370 [Time-limited test] INFO  grpc.GrpcConfigKeys (ConfUtils.java:logGet(46)) - raft.grpc.server.async.request.thread.pool.size = 32 (default)
2022-10-20 09:08:55,372 [Time-limited test] INFO  impl.DataStreamServerImpl (ConfUtils.java:logGet(46)) - raft.datastream.type = DISABLED (default)
2022-10-20 09:08:55,372 [Time-limited test] INFO  server.RaftServerConfigKeys (ConfUtils.java:logGet(46)) - raft.server.threadpool.proxy.cached = true (default)
2022-10-20 09:08:55,372 [Time-limited test] INFO  server.RaftServerConfigKeys (ConfUtils.java:logGet(46)) - raft.server.threadpool.proxy.size = 0 (default)
2022-10-20 09:08:55,372 [Time-limited test] INFO  server.RaftServerConfigKeys (ConfUtils.java:logGet(46)) - raft.server.rpc.slowness.timeout = 60s (default)
2022-10-20 09:08:55,372 [Time-limited test] INFO  server.RaftServerConfigKeys (ConfUtils.java:logGet(46)) - raft.server.leaderelection.leader.step-down.wait-time = 10s (default)
2022-10-20 09:08:55,373 [Time-limited test] INFO  server.RaftServerConfigKeys (ConfUtils.java:logGet(46)) - raft.server.storage.dir = [/home/runner/work/ratis/ratis/ratis-test/target/test/data/9aa86c5e/MiniRaftClusterWithGrpc2d911a57/s1] (custom)
2022-10-20 09:08:55,373 [pool-18-thread-1] INFO  server.RaftServer$Division (RaftServerImpl.java:<init>(198)) - s0: new RaftServerImpl for group-C41D8CAA0102:[s0|rpc:localhost:36667|admin:localhost:33201|client:localhost:41025|dataStream:localhost:46795|priority:0|startupRole:FOLLOWER, s1|rpc:localhost:45635|admin:localhost:35171|client:localhost:42115|dataStream:localhost:43227|priority:0|startupRole:FOLLOWER, s2|rpc:localhost:42077|admin:localhost:32787|client:localhost:44759|dataStream:localhost:46559|priority:0|startupRole:FOLLOWER] with CounterStateMachine:uninitialized
2022-10-20 09:08:55,373 [pool-18-thread-1] INFO  server.RaftServerConfigKeys (ConfUtils.java:logGet(46)) - raft.server.rpc.timeout.min = 150ms (default)
2022-10-20 09:08:55,373 [pool-18-thread-1] INFO  server.RaftServerConfigKeys (ConfUtils.java:logGet(46)) - raft.server.rpc.timeout.max = 300ms (default)
2022-10-20 09:08:55,373 [pool-18-thread-1] INFO  server.RaftServerConfigKeys (ConfUtils.java:logGet(46)) - raft.server.rpc.sleep.time = 25ms (default)
2022-10-20 09:08:55,373 [pool-18-thread-1] INFO  server.RaftServerConfigKeys (ConfUtils.java:logGet(46)) - raft.server.rpc.slowness.timeout = 60s (default)
2022-10-20 09:08:55,374 [pool-18-thread-1] INFO  server.RaftServerConfigKeys (ConfUtils.java:logGet(46)) - raft.server.leaderelection.leader.step-down.wait-time = 10s (default)
2022-10-20 09:08:55,374 [pool-18-thread-1] INFO  server.RaftServerConfigKeys (ConfUtils.java:logGet(46)) - raft.server.sleep.deviation.threshold = 300ms (default)
2022-10-20 09:08:55,374 [pool-18-thread-1] INFO  server.RaftServer$Division (ServerState.java:<init>(113)) - s0@group-C41D8CAA0102: ConfigurationManager, init=-1: peers:[s0|rpc:localhost:36667|admin:localhost:33201|client:localhost:41025|dataStream:localhost:46795|priority:0|startupRole:FOLLOWER, s1|rpc:localhost:45635|admin:localhost:35171|client:localhost:42115|dataStream:localhost:43227|priority:0|startupRole:FOLLOWER, s2|rpc:localhost:42077|admin:localhost:32787|client:localhost:44759|dataStream:localhost:46559|priority:0|startupRole:FOLLOWER]|listeners:[], old=null, confs=<EMPTY_MAP>
2022-10-20 09:08:55,374 [pool-18-thread-1] INFO  server.RaftServerConfigKeys (ConfUtils.java:logGet(46)) - raft.server.notification.no-leader.timeout = 60s (default)
2022-10-20 09:08:55,374 [pool-18-thread-1] INFO  server.RaftServerConfigKeys (ConfUtils.java:logGet(46)) - raft.server.read.timeout = 10s (default)
2022-10-20 09:08:55,374 [pool-18-thread-1] INFO  server.RaftServerConfigKeys (ConfUtils.java:logGet(46)) - raft.server.retrycache.expirytime = 60s (default)
2022-10-20 09:08:55,374 [pool-18-thread-1] INFO  server.RaftServerConfigKeys (ConfUtils.java:logGet(46)) - raft.server.retrycache.statistics.expirytime = 100μs (default)
2022-10-20 09:08:55,374 [pool-18-thread-1] INFO  server.RaftServerConfigKeys (ConfUtils.java:logGet(46)) - raft.server.read.option = LINEARIZABLE (custom)
2022-10-20 09:08:55,376 [pool-18-thread-1] INFO  server.RaftServerConfigKeys (ConfUtils.java:logGet(46)) - raft.server.log.appender.install.snapshot.enabled = true (default)
2022-10-20 09:08:55,376 [pool-18-thread-1] INFO  server.RaftServerConfigKeys (ConfUtils.java:logGet(46)) - raft.server.threadpool.server.cached = true (default)
2022-10-20 09:08:55,376 [pool-18-thread-1] INFO  server.RaftServerConfigKeys (ConfUtils.java:logGet(46)) - raft.server.threadpool.server.size = 0 (default)
2022-10-20 09:08:55,376 [pool-18-thread-1] INFO  server.RaftServerConfigKeys (ConfUtils.java:logGet(46)) - raft.server.threadpool.client.cached = true (default)
2022-10-20 09:08:55,376 [pool-18-thread-1] INFO  server.RaftServerConfigKeys (ConfUtils.java:logGet(46)) - raft.server.threadpool.client.size = 0 (default)
2022-10-20 09:08:55,378 [Time-limited test] INFO  server.RaftServer (RaftServerProxy.java:addNew(99)) - s1: addNew group-C41D8CAA0102:[s0|rpc:localhost:36667|admin:localhost:33201|client:localhost:41025|dataStream:localhost:46795|priority:0|startupRole:FOLLOWER, s1|rpc:localhost:45635|admin:localhost:35171|client:localhost:42115|dataStream:localhost:43227|priority:0|startupRole:FOLLOWER, s2|rpc:localhost:42077|admin:localhost:32787|client:localhost:44759|dataStream:localhost:46559|priority:0|startupRole:FOLLOWER] returns group-C41D8CAA0102:java.util.concurrent.CompletableFuture@472f6a1d[Not completed]
2022-10-20 09:08:55,378 [Time-limited test] INFO  impl.MiniRaftCluster (MiniRaftCluster.java:newRaftServer(382)) - newRaftServer: s2, group-C41D8CAA0102:[s0|rpc:localhost:36667|admin:localhost:33201|client:localhost:41025|dataStream:localhost:46795|priority:0|startupRole:FOLLOWER, s1|rpc:localhost:45635|admin:localhost:35171|client:localhost:42115|dataStream:localhost:43227|priority:0|startupRole:FOLLOWER, s2|rpc:localhost:42077|admin:localhost:32787|client:localhost:44759|dataStream:localhost:46559|priority:0|startupRole:FOLLOWER], format? true
2022-10-20 09:08:55,378 [Time-limited test] TRACE util.FileUtils (FileUtils.java:deleteFully(168)) - deleteFully target/test/data/9aa86c5e/MiniRaftClusterWithGrpc2d911a57/s2
2022-10-20 09:08:55,379 [Time-limited test] TRACE util.FileUtils (FileUtils.java:deleteFully(184)) - deleteFully: target/test/data/9aa86c5e/MiniRaftClusterWithGrpc2d911a57/s2 does not exist.
2022-10-20 09:08:55,379 [Time-limited test] INFO  impl.MiniRaftCluster (MiniRaftCluster.java:newRaftServer(387)) - Formatted directory target/test/data/9aa86c5e/MiniRaftClusterWithGrpc2d911a57/s2
2022-10-20 09:08:55,379 [Time-limited test] INFO  server.RaftServer (ConfUtils.java:logGet(46)) - raft.rpc.type = GRPC (default)
2022-10-20 09:08:55,379 [Time-limited test] INFO  grpc.GrpcConfigKeys (ConfUtils.java:logFallback(53)) - raft.grpc.admin.host = null (fallback to raft.grpc.server.host)
2022-10-20 09:08:55,379 [Time-limited test] INFO  grpc.GrpcConfigKeys (ConfUtils.java:logGet(46)) - raft.grpc.admin.port = 32787 (custom)
2022-10-20 09:08:55,380 [Time-limited test] INFO  grpc.GrpcConfigKeys (ConfUtils.java:logFallback(53)) - raft.grpc.client.host = null (fallback to raft.grpc.server.host)
2022-10-20 09:08:55,380 [Time-limited test] INFO  grpc.GrpcConfigKeys (ConfUtils.java:logGet(46)) - raft.grpc.client.port = 44759 (custom)
2022-10-20 09:08:55,380 [Time-limited test] INFO  grpc.GrpcConfigKeys (ConfUtils.java:logGet(46)) - raft.grpc.server.host = null (default)
2022-10-20 09:08:55,380 [Time-limited test] INFO  grpc.GrpcConfigKeys (ConfUtils.java:logGet(46)) - raft.grpc.server.port = 42077 (custom)
2022-10-20 09:08:55,380 [Time-limited test] INFO  server.GrpcService (ConfUtils.java:logGet(46)) - raft.grpc.message.size.max = 64MB (=67108864) (default)
2022-10-20 09:08:55,380 [Time-limited test] INFO  server.RaftServerConfigKeys (ConfUtils.java:logGet(46)) - raft.server.log.appender.buffer.byte-limit = 4MB (=4194304) (default)
2022-10-20 09:08:55,380 [Time-limited test] INFO  server.GrpcService (ConfUtils.java:logGet(46)) - raft.grpc.flow.control.window = 1MB (=1048576) (default)
2022-10-20 09:08:55,380 [Time-limited test] INFO  server.RaftServerConfigKeys (ConfUtils.java:logGet(46)) - raft.server.rpc.request.timeout = 3000ms (default)
2022-10-20 09:08:55,380 [Time-limited test] INFO  grpc.GrpcConfigKeys (ConfUtils.java:logGet(46)) - raft.grpc.server.heartbeat.channel = true (default)
2022-10-20 09:08:55,380 [Time-limited test] INFO  grpc.GrpcConfigKeys (ConfUtils.java:logGet(46)) - raft.grpc.server.async.request.thread.pool.cached = true (default)
2022-10-20 09:08:55,380 [Time-limited test] INFO  grpc.GrpcConfigKeys (ConfUtils.java:logGet(46)) - raft.grpc.server.async.request.thread.pool.size = 32 (default)
2022-10-20 09:08:55,382 [Time-limited test] INFO  impl.DataStreamServerImpl (ConfUtils.java:logGet(46)) - raft.datastream.type = DISABLED (default)
2022-10-20 09:08:55,382 [Time-limited test] INFO  server.RaftServerConfigKeys (ConfUtils.java:logGet(46)) - raft.server.threadpool.proxy.cached = true (default)
2022-10-20 09:08:55,382 [Time-limited test] INFO  server.RaftServerConfigKeys (ConfUtils.java:logGet(46)) - raft.server.threadpool.proxy.size = 0 (default)
2022-10-20 09:08:55,382 [Time-limited test] INFO  server.RaftServerConfigKeys (ConfUtils.java:logGet(46)) - raft.server.rpc.slowness.timeout = 60s (default)
2022-10-20 09:08:55,382 [Time-limited test] INFO  server.RaftServerConfigKeys (ConfUtils.java:logGet(46)) - raft.server.leaderelection.leader.step-down.wait-time = 10s (default)
2022-10-20 09:08:55,382 [Time-limited test] INFO  server.RaftServerConfigKeys (ConfUtils.java:logGet(46)) - raft.server.storage.dir = [/home/runner/work/ratis/ratis/ratis-test/target/test/data/9aa86c5e/MiniRaftClusterWithGrpc2d911a57/s2] (custom)
2022-10-20 09:08:55,383 [pool-19-thread-1] INFO  server.RaftServer$Division (RaftServerImpl.java:<init>(198)) - s1: new RaftServerImpl for group-C41D8CAA0102:[s0|rpc:localhost:36667|admin:localhost:33201|client:localhost:41025|dataStream:localhost:46795|priority:0|startupRole:FOLLOWER, s1|rpc:localhost:45635|admin:localhost:35171|client:localhost:42115|dataStream:localhost:43227|priority:0|startupRole:FOLLOWER, s2|rpc:localhost:42077|admin:localhost:32787|client:localhost:44759|dataStream:localhost:46559|priority:0|startupRole:FOLLOWER] with CounterStateMachine:uninitialized
2022-10-20 09:08:55,383 [pool-19-thread-1] INFO  server.RaftServerConfigKeys (ConfUtils.java:logGet(46)) - raft.server.rpc.timeout.min = 150ms (default)
2022-10-20 09:08:55,383 [pool-19-thread-1] INFO  server.RaftServerConfigKeys (ConfUtils.java:logGet(46)) - raft.server.rpc.timeout.max = 300ms (default)
2022-10-20 09:08:55,383 [pool-19-thread-1] INFO  server.RaftServerConfigKeys (ConfUtils.java:logGet(46)) - raft.server.rpc.sleep.time = 25ms (default)
2022-10-20 09:08:55,383 [pool-19-thread-1] INFO  server.RaftServerConfigKeys (ConfUtils.java:logGet(46)) - raft.server.rpc.slowness.timeout = 60s (default)
2022-10-20 09:08:55,383 [pool-19-thread-1] INFO  server.RaftServerConfigKeys (ConfUtils.java:logGet(46)) - raft.server.leaderelection.leader.step-down.wait-time = 10s (default)
2022-10-20 09:08:55,383 [pool-19-thread-1] INFO  server.RaftServerConfigKeys (ConfUtils.java:logGet(46)) - raft.server.sleep.deviation.threshold = 300ms (default)
2022-10-20 09:08:55,383 [pool-19-thread-1] INFO  server.RaftServer$Division (ServerState.java:<init>(113)) - s1@group-C41D8CAA0102: ConfigurationManager, init=-1: peers:[s0|rpc:localhost:36667|admin:localhost:33201|client:localhost:41025|dataStream:localhost:46795|priority:0|startupRole:FOLLOWER, s1|rpc:localhost:45635|admin:localhost:35171|client:localhost:42115|dataStream:localhost:43227|priority:0|startupRole:FOLLOWER, s2|rpc:localhost:42077|admin:localhost:32787|client:localhost:44759|dataStream:localhost:46559|priority:0|startupRole:FOLLOWER]|listeners:[], old=null, confs=<EMPTY_MAP>
2022-10-20 09:08:55,383 [pool-19-thread-1] INFO  server.RaftServerConfigKeys (ConfUtils.java:logGet(46)) - raft.server.notification.no-leader.timeout = 60s (default)
2022-10-20 09:08:55,383 [pool-19-thread-1] INFO  server.RaftServerConfigKeys (ConfUtils.java:logGet(46)) - raft.server.read.timeout = 10s (default)
2022-10-20 09:08:55,383 [pool-19-thread-1] INFO  server.RaftServerConfigKeys (ConfUtils.java:logGet(46)) - raft.server.retrycache.expirytime = 60s (default)
2022-10-20 09:08:55,383 [pool-19-thread-1] INFO  server.RaftServerConfigKeys (ConfUtils.java:logGet(46)) - raft.server.retrycache.statistics.expirytime = 100μs (default)
2022-10-20 09:08:55,383 [pool-19-thread-1] INFO  server.RaftServerConfigKeys (ConfUtils.java:logGet(46)) - raft.server.read.option = LINEARIZABLE (custom)
2022-10-20 09:08:55,385 [pool-19-thread-1] INFO  server.RaftServerConfigKeys (ConfUtils.java:logGet(46)) - raft.server.log.appender.install.snapshot.enabled = true (default)
2022-10-20 09:08:55,385 [pool-19-thread-1] INFO  server.RaftServerConfigKeys (ConfUtils.java:logGet(46)) - raft.server.threadpool.server.cached = true (default)
2022-10-20 09:08:55,385 [pool-19-thread-1] INFO  server.RaftServerConfigKeys (ConfUtils.java:logGet(46)) - raft.server.threadpool.server.size = 0 (default)
2022-10-20 09:08:55,385 [pool-19-thread-1] INFO  server.RaftServerConfigKeys (ConfUtils.java:logGet(46)) - raft.server.threadpool.client.cached = true (default)
2022-10-20 09:08:55,385 [pool-19-thread-1] INFO  server.RaftServerConfigKeys (ConfUtils.java:logGet(46)) - raft.server.threadpool.client.size = 0 (default)
2022-10-20 09:08:55,385 [Time-limited test] INFO  server.RaftServer (RaftServerProxy.java:addNew(99)) - s2: addNew group-C41D8CAA0102:[s0|rpc:localhost:36667|admin:localhost:33201|client:localhost:41025|dataStream:localhost:46795|priority:0|startupRole:FOLLOWER, s1|rpc:localhost:45635|admin:localhost:35171|client:localhost:42115|dataStream:localhost:43227|priority:0|startupRole:FOLLOWER, s2|rpc:localhost:42077|admin:localhost:32787|client:localhost:44759|dataStream:localhost:46559|priority:0|startupRole:FOLLOWER] returns group-C41D8CAA0102:java.util.concurrent.CompletableFuture@2bc1a4c2[Not completed]
2022-10-20 09:08:55,385 [pool-20-thread-1] INFO  server.RaftServer$Division (RaftServerImpl.java:<init>(198)) - s2: new RaftServerImpl for group-C41D8CAA0102:[s0|rpc:localhost:36667|admin:localhost:33201|client:localhost:41025|dataStream:localhost:46795|priority:0|startupRole:FOLLOWER, s1|rpc:localhost:45635|admin:localhost:35171|client:localhost:42115|dataStream:localhost:43227|priority:0|startupRole:FOLLOWER, s2|rpc:localhost:42077|admin:localhost:32787|client:localhost:44759|dataStream:localhost:46559|priority:0|startupRole:FOLLOWER] with CounterStateMachine:uninitialized
2022-10-20 09:08:55,386 [pool-20-thread-1] INFO  server.RaftServerConfigKeys (ConfUtils.java:logGet(46)) - raft.server.rpc.timeout.min = 150ms (default)
2022-10-20 09:08:55,386 [s0-impl-thread1] INFO  server.RaftServerConfigKeys (ConfUtils.java:logGet(46)) - raft.server.storage.free-space.min = 0MB (=0) (default)
2022-10-20 09:08:55,386 [pool-20-thread-1] INFO  server.RaftServerConfigKeys (ConfUtils.java:logGet(46)) - raft.server.rpc.timeout.max = 300ms (default)
2022-10-20 09:08:55,386 [s0-impl-thread1] INFO  server.RaftServerConfigKeys (ConfUtils.java:logGet(46)) - raft.server.log.corruption.policy = EXCEPTION (default)
2022-10-20 09:08:55,386 [s0-impl-thread1] INFO  server.RaftServerConfigKeys (ConfUtils.java:logGet(46)) - raft.server.storage.dir = [/home/runner/work/ratis/ratis/ratis-test/target/test/data/9aa86c5e/MiniRaftClusterWithGrpc2d911a57/s0] (custom)
2022-10-20 09:08:55,386 [s0-impl-thread1] INFO  storage.RaftStorageDirectory (RaftStorageDirectoryImpl.java:analyzeStorage(138)) - The storage directory /home/runner/work/ratis/ratis/ratis-test/target/test/data/9aa86c5e/MiniRaftClusterWithGrpc2d911a57/s0/983d8f7e-9c0a-4e13-bb27-c41d8caa0102 does not exist. Creating ...
2022-10-20 09:08:55,387 [s0-impl-thread1] TRACE util.FileUtils (LogUtils.java:runAndLog(49)) - Successfully ran Files.createDirectories /home/runner/work/ratis/ratis/ratis-test/target/test/data/9aa86c5e/MiniRaftClusterWithGrpc2d911a57/s0/983d8f7e-9c0a-4e13-bb27-c41d8caa0102
2022-10-20 09:08:55,387 [pool-20-thread-1] INFO  server.RaftServerConfigKeys (ConfUtils.java:logGet(46)) - raft.server.rpc.sleep.time = 25ms (default)
2022-10-20 09:08:55,387 [pool-20-thread-1] INFO  server.RaftServerConfigKeys (ConfUtils.java:logGet(46)) - raft.server.rpc.slowness.timeout = 60s (default)
2022-10-20 09:08:55,387 [pool-20-thread-1] INFO  server.RaftServerConfigKeys (ConfUtils.java:logGet(46)) - raft.server.leaderelection.leader.step-down.wait-time = 10s (default)
2022-10-20 09:08:55,387 [pool-20-thread-1] INFO  server.RaftServerConfigKeys (ConfUtils.java:logGet(46)) - raft.server.sleep.deviation.threshold = 300ms (default)
2022-10-20 09:08:55,387 [pool-20-thread-1] INFO  server.RaftServer$Division (ServerState.java:<init>(113)) - s2@group-C41D8CAA0102: ConfigurationManager, init=-1: peers:[s0|rpc:localhost:36667|admin:localhost:33201|client:localhost:41025|dataStream:localhost:46795|priority:0|startupRole:FOLLOWER, s1|rpc:localhost:45635|admin:localhost:35171|client:localhost:42115|dataStream:localhost:43227|priority:0|startupRole:FOLLOWER, s2|rpc:localhost:42077|admin:localhost:32787|client:localhost:44759|dataStream:localhost:46559|priority:0|startupRole:FOLLOWER]|listeners:[], old=null, confs=<EMPTY_MAP>
2022-10-20 09:08:55,388 [pool-20-thread-1] INFO  server.RaftServerConfigKeys (ConfUtils.java:logGet(46)) - raft.server.notification.no-leader.timeout = 60s (default)
2022-10-20 09:08:55,388 [pool-20-thread-1] INFO  server.RaftServerConfigKeys (ConfUtils.java:logGet(46)) - raft.server.read.timeout = 10s (default)
2022-10-20 09:08:55,388 [pool-20-thread-1] INFO  server.RaftServerConfigKeys (ConfUtils.java:logGet(46)) - raft.server.retrycache.expirytime = 60s (default)
2022-10-20 09:08:55,388 [pool-20-thread-1] INFO  server.RaftServerConfigKeys (ConfUtils.java:logGet(46)) - raft.server.retrycache.statistics.expirytime = 100μs (default)
2022-10-20 09:08:55,388 [pool-20-thread-1] INFO  server.RaftServerConfigKeys (ConfUtils.java:logGet(46)) - raft.server.read.option = LINEARIZABLE (custom)
2022-10-20 09:08:55,388 [s0-impl-thread1] INFO  storage.RaftStorageDirectory (RaftStorageDirectoryImpl.java:tryLock(232)) - Lock on /home/runner/work/ratis/ratis/ratis-test/target/test/data/9aa86c5e/MiniRaftClusterWithGrpc2d911a57/s0/983d8f7e-9c0a-4e13-bb27-c41d8caa0102/in_use.lock acquired by nodename 13361@fv-az205-415
2022-10-20 09:08:55,389 [s0-impl-thread1] TRACE util.FileUtils (LogUtils.java:runAndLog(49)) - Successfully ran Files.createDirectories /home/runner/work/ratis/ratis/ratis-test/target/test/data/9aa86c5e/MiniRaftClusterWithGrpc2d911a57/s0/983d8f7e-9c0a-4e13-bb27-c41d8caa0102/current
2022-10-20 09:08:55,389 [s0-impl-thread1] TRACE util.FileUtils (LogUtils.java:runAndLog(49)) - Successfully ran Files.createDirectories /home/runner/work/ratis/ratis/ratis-test/target/test/data/9aa86c5e/MiniRaftClusterWithGrpc2d911a57/s0/983d8f7e-9c0a-4e13-bb27-c41d8caa0102/sm
2022-10-20 09:08:55,390 [s0-impl-thread1] INFO  storage.RaftStorage (RaftStorageImpl.java:format(96)) - Storage directory /home/runner/work/ratis/ratis/ratis-test/target/test/data/9aa86c5e/MiniRaftClusterWithGrpc2d911a57/s0/983d8f7e-9c0a-4e13-bb27-c41d8caa0102 has been successfully formatted.
2022-10-20 09:08:55,390 [s0-impl-thread1] INFO  server.RaftServerConfigKeys (ConfUtils.java:logGet(46)) - raft.server.log.use.memory = false (default)
2022-10-20 09:08:55,391 [s0-impl-thread1] INFO  server.RaftServerConfigKeys (ConfUtils.java:logGet(46)) - raft.server.log.purge.gap = 1024 (default)
2022-10-20 09:08:55,391 [s0-impl-thread1] INFO  server.RaftServerConfigKeys (ConfUtils.java:logGet(46)) - raft.server.log.appender.buffer.byte-limit = 4MB (=4194304) (default)
2022-10-20 09:08:55,391 [s0-impl-thread1] INFO  server.RaftServerConfigKeys (ConfUtils.java:logGet(46)) - raft.server.log.statemachine.data.read.timeout = 1000ms (default)
2022-10-20 09:08:55,391 [s0-impl-thread1] INFO  server.RaftServerConfigKeys (ConfUtils.java:logGet(46)) - raft.server.log.purge.preservation.log.num = 0 (default)
2022-10-20 09:08:55,392 [s0-impl-thread1] INFO  server.RaftServerConfigKeys (ConfUtils.java:logGet(46)) - raft.server.log.segment.size.max = 8MB (=8388608) (default)
2022-10-20 09:08:55,392 [s0-impl-thread1] INFO  server.RaftServerConfigKeys (ConfUtils.java:logGet(46)) - raft.server.log.segment.cache.num.max = 6 (default)
2022-10-20 09:08:55,392 [s0-impl-thread1] INFO  server.RaftServerConfigKeys (ConfUtils.java:logGet(46)) - raft.server.log.segment.cache.size.max = 200MB (=209715200) (default)
2022-10-20 09:08:55,392 [s0-impl-thread1] INFO  segmented.SegmentedRaftLogWorker (SegmentedRaftLogWorker.java:<init>(184)) - new s0@group-C41D8CAA0102-SegmentedRaftLogWorker for RaftStorageImpl:Storage Directory /home/runner/work/ratis/ratis/ratis-test/target/test/data/9aa86c5e/MiniRaftClusterWithGrpc2d911a57/s0/983d8f7e-9c0a-4e13-bb27-c41d8caa0102
2022-10-20 09:08:55,393 [s0-impl-thread1] INFO  server.RaftServerConfigKeys (ConfUtils.java:logGet(46)) - raft.server.log.queue.byte-limit = 64MB (=67108864) (default)
2022-10-20 09:08:55,393 [s0-impl-thread1] INFO  server.RaftServerConfigKeys (ConfUtils.java:logGet(46)) - raft.server.log.queue.element-limit = 4096 (default)
2022-10-20 09:08:55,393 [s0-impl-thread1] INFO  server.RaftServerConfigKeys (ConfUtils.java:logGet(46)) - raft.server.log.segment.size.max = 8MB (=8388608) (default)
2022-10-20 09:08:55,393 [s0-impl-thread1] INFO  server.RaftServerConfigKeys (ConfUtils.java:logGet(46)) - raft.server.log.preallocated.size = 4MB (=4194304) (default)
2022-10-20 09:08:55,393 [s0-impl-thread1] INFO  server.RaftServerConfigKeys (ConfUtils.java:logGet(46)) - raft.server.log.force.sync.num = 128 (default)
2022-10-20 09:08:55,393 [s0-impl-thread1] INFO  server.RaftServerConfigKeys (ConfUtils.java:logGet(46)) - raft.server.log.statemachine.data.sync = true (default)
2022-10-20 09:08:55,393 [s0-impl-thread1] INFO  server.RaftServerConfigKeys (ConfUtils.java:logGet(46)) - raft.server.log.statemachine.data.sync.timeout = 10s (default)
2022-10-20 09:08:55,393 [s0-impl-thread1] INFO  server.RaftServerConfigKeys (ConfUtils.java:logGet(46)) - raft.server.log.statemachine.data.sync.timeout.retry = -1 (default)
2022-10-20 09:08:55,393 [s0-impl-thread1] INFO  server.RaftServerConfigKeys (ConfUtils.java:logGet(46)) - raft.server.log.write.buffer.size = 64KB (=65536) (default)
2022-10-20 09:08:55,393 [s0-impl-thread1] INFO  server.RaftServerConfigKeys (ConfUtils.java:logGet(46)) - raft.server.log.appender.buffer.byte-limit = 4MB (=4194304) (default)
2022-10-20 09:08:55,394 [s0-impl-thread1] INFO  server.RaftServerConfigKeys (ConfUtils.java:logGet(46)) - raft.server.log.unsafe-flush.enabled = false (default)
2022-10-20 09:08:55,394 [s0-impl-thread1] INFO  server.RaftServerConfigKeys (ConfUtils.java:logGet(46)) - raft.server.log.async-flush.enabled = false (default)
2022-10-20 09:08:55,394 [s0-impl-thread1] INFO  server.RaftServerConfigKeys (ConfUtils.java:logGet(46)) - raft.server.log.statemachine.data.caching.enabled = false (default)
2022-10-20 09:08:55,394 [s0-impl-thread1] INFO  segmented.SegmentedRaftLogWorker (SegmentedRaftLogWorker.java:lambda$new$0(134)) - s0@group-C41D8CAA0102-SegmentedRaftLogWorker: flushIndex: setUnconditionally 0 -> -1
2022-10-20 09:08:55,394 [s0-impl-thread1] INFO  segmented.SegmentedRaftLogWorker (SegmentedRaftLogWorker.java:lambda$new$0(134)) - s0@group-C41D8CAA0102-SegmentedRaftLogWorker: safeCacheEvictIndex: setUnconditionally 0 -> -1
2022-10-20 09:08:55,395 [pool-20-thread-1] INFO  server.RaftServerConfigKeys (ConfUtils.java:logGet(46)) - raft.server.log.appender.install.snapshot.enabled = true (default)
2022-10-20 09:08:55,395 [pool-20-thread-1] INFO  server.RaftServerConfigKeys (ConfUtils.java:logGet(46)) - raft.server.threadpool.server.cached = true (default)
2022-10-20 09:08:55,395 [pool-20-thread-1] INFO  server.RaftServerConfigKeys (ConfUtils.java:logGet(46)) - raft.server.threadpool.server.size = 0 (default)
2022-10-20 09:08:55,395 [pool-20-thread-1] INFO  server.RaftServerConfigKeys (ConfUtils.java:logGet(46)) - raft.server.threadpool.client.cached = true (default)
2022-10-20 09:08:55,395 [pool-20-thread-1] INFO  server.RaftServerConfigKeys (ConfUtils.java:logGet(46)) - raft.server.threadpool.client.size = 0 (default)
2022-10-20 09:08:55,395 [s0-impl-thread1] INFO  server.RaftServer$Division (RaftServerImpl.java:start(338)) - s0@group-C41D8CAA0102: start as a follower, conf=-1: peers:[s0|rpc:localhost:36667|admin:localhost:33201|client:localhost:41025|dataStream:localhost:46795|priority:0|startupRole:FOLLOWER, s1|rpc:localhost:45635|admin:localhost:35171|client:localhost:42115|dataStream:localhost:43227|priority:0|startupRole:FOLLOWER, s2|rpc:localhost:42077|admin:localhost:32787|client:localhost:44759|dataStream:localhost:46559|priority:0|startupRole:FOLLOWER]|listeners:[], old=null
2022-10-20 09:08:55,396 [s0-impl-thread1] INFO  server.RaftServer$Division (RaftServerImpl.java:setRole(325)) - s0@group-C41D8CAA0102: changes role from      null to FOLLOWER at term 0 for startAsFollower
2022-10-20 09:08:55,396 [s0-impl-thread1] INFO  impl.RoleInfo (RoleInfo.java:updateAndGet(139)) - s0: start s0@group-C41D8CAA0102-FollowerState
2022-10-20 09:08:55,396 [s0-impl-thread1] INFO  util.JmxRegister (JmxRegister.java:tryRegister(44)) - Successfully registered JMX Bean with object name Ratis:service=RaftServer,group=group-C41D8CAA0102,id=s0
2022-10-20 09:08:55,396 [s0-impl-thread1] INFO  server.RaftServerConfigKeys (ConfUtils.java:logGet(46)) - raft.server.snapshot.auto.trigger.enabled = false (default)
2022-10-20 09:08:55,396 [s0-impl-thread1] INFO  server.RaftServerConfigKeys (ConfUtils.java:logGet(46)) - raft.server.snapshot.retention.file.num = -1 (default)
2022-10-20 09:08:55,396 [s0-impl-thread1] INFO  server.RaftServerConfigKeys (ConfUtils.java:logGet(46)) - raft.server.log.purge.upto.snapshot.index = false (default)
2022-10-20 09:08:55,397 [s0@group-C41D8CAA0102-FollowerState] INFO  server.RaftServerConfigKeys (ConfUtils.java:logFallback(53)) - raft.server.rpc.first-election.timeout.min = 150ms (fallback to raft.server.rpc.timeout.min)
2022-10-20 09:08:55,397 [s0@group-C41D8CAA0102-FollowerState] INFO  server.RaftServerConfigKeys (ConfUtils.java:logFallback(53)) - raft.server.rpc.first-election.timeout.max = 300ms (fallback to raft.server.rpc.timeout.max)
2022-10-20 09:08:55,398 [Time-limited test] INFO  server.RaftServer (RaftServerProxy.java:startImpl(396)) - s0: start RPC server
2022-10-20 09:08:55,399 [Time-limited test] INFO  server.GrpcService (GrpcService.java:startImpl(310)) - s0: GrpcService started, listening on 41025
2022-10-20 09:08:55,402 [Time-limited test] INFO  server.GrpcService (GrpcService.java:startImpl(310)) - s0: GrpcService started, listening on 36667
2022-10-20 09:08:55,402 [Time-limited test] INFO  server.GrpcService (GrpcService.java:startImpl(310)) - s0: GrpcService started, listening on 33201
2022-10-20 09:08:55,406 [s1-impl-thread1] INFO  server.RaftServerConfigKeys (ConfUtils.java:logGet(46)) - raft.server.storage.free-space.min = 0MB (=0) (default)
2022-10-20 09:08:55,406 [s1-impl-thread1] INFO  server.RaftServerConfigKeys (ConfUtils.java:logGet(46)) - raft.server.log.corruption.policy = EXCEPTION (default)
2022-10-20 09:08:55,406 [s1-impl-thread1] INFO  server.RaftServerConfigKeys (ConfUtils.java:logGet(46)) - raft.server.storage.dir = [/home/runner/work/ratis/ratis/ratis-test/target/test/data/9aa86c5e/MiniRaftClusterWithGrpc2d911a57/s1] (custom)
2022-10-20 09:08:55,407 [s1-impl-thread1] INFO  storage.RaftStorageDirectory (RaftStorageDirectoryImpl.java:analyzeStorage(138)) - The storage directory /home/runner/work/ratis/ratis/ratis-test/target/test/data/9aa86c5e/MiniRaftClusterWithGrpc2d911a57/s1/983d8f7e-9c0a-4e13-bb27-c41d8caa0102 does not exist. Creating ...
2022-10-20 09:08:55,407 [s1-impl-thread1] TRACE util.FileUtils (LogUtils.java:runAndLog(49)) - Successfully ran Files.createDirectories /home/runner/work/ratis/ratis/ratis-test/target/test/data/9aa86c5e/MiniRaftClusterWithGrpc2d911a57/s1/983d8f7e-9c0a-4e13-bb27-c41d8caa0102
2022-10-20 09:08:55,408 [JvmPauseMonitor15] INFO  util.JvmPauseMonitor (JvmPauseMonitor.java:run(105)) - JvmPauseMonitor-s0: Started
2022-10-20 09:08:55,408 [s1-impl-thread1] INFO  storage.RaftStorageDirectory (RaftStorageDirectoryImpl.java:tryLock(232)) - Lock on /home/runner/work/ratis/ratis/ratis-test/target/test/data/9aa86c5e/MiniRaftClusterWithGrpc2d911a57/s1/983d8f7e-9c0a-4e13-bb27-c41d8caa0102/in_use.lock acquired by nodename 13361@fv-az205-415
2022-10-20 09:08:55,408 [s1-impl-thread1] TRACE util.FileUtils (LogUtils.java:runAndLog(49)) - Successfully ran Files.createDirectories /home/runner/work/ratis/ratis/ratis-test/target/test/data/9aa86c5e/MiniRaftClusterWithGrpc2d911a57/s1/983d8f7e-9c0a-4e13-bb27-c41d8caa0102/current
2022-10-20 09:08:55,409 [s1-impl-thread1] TRACE util.FileUtils (LogUtils.java:runAndLog(49)) - Successfully ran Files.createDirectories /home/runner/work/ratis/ratis/ratis-test/target/test/data/9aa86c5e/MiniRaftClusterWithGrpc2d911a57/s1/983d8f7e-9c0a-4e13-bb27-c41d8caa0102/sm
2022-10-20 09:08:55,410 [s1-impl-thread1] INFO  storage.RaftStorage (RaftStorageImpl.java:format(96)) - Storage directory /home/runner/work/ratis/ratis/ratis-test/target/test/data/9aa86c5e/MiniRaftClusterWithGrpc2d911a57/s1/983d8f7e-9c0a-4e13-bb27-c41d8caa0102 has been successfully formatted.
2022-10-20 09:08:55,410 [s1-impl-thread1] INFO  server.RaftServerConfigKeys (ConfUtils.java:logGet(46)) - raft.server.log.use.memory = false (default)
2022-10-20 09:08:55,410 [s1-impl-thread1] INFO  server.RaftServerConfigKeys (ConfUtils.java:logGet(46)) - raft.server.log.purge.gap = 1024 (default)
2022-10-20 09:08:55,411 [s1-impl-thread1] INFO  server.RaftServerConfigKeys (ConfUtils.java:logGet(46)) - raft.server.log.appender.buffer.byte-limit = 4MB (=4194304) (default)
2022-10-20 09:08:55,411 [s1-impl-thread1] INFO  server.RaftServerConfigKeys (ConfUtils.java:logGet(46)) - raft.server.log.statemachine.data.read.timeout = 1000ms (default)
2022-10-20 09:08:55,411 [s1-impl-thread1] INFO  server.RaftServerConfigKeys (ConfUtils.java:logGet(46)) - raft.server.log.purge.preservation.log.num = 0 (default)
2022-10-20 09:08:55,412 [s1-impl-thread1] INFO  server.RaftServerConfigKeys (ConfUtils.java:logGet(46)) - raft.server.log.segment.size.max = 8MB (=8388608) (default)
2022-10-20 09:08:55,412 [s1-impl-thread1] INFO  server.RaftServerConfigKeys (ConfUtils.java:logGet(46)) - raft.server.log.segment.cache.num.max = 6 (default)
2022-10-20 09:08:55,412 [s1-impl-thread1] INFO  server.RaftServerConfigKeys (ConfUtils.java:logGet(46)) - raft.server.log.segment.cache.size.max = 200MB (=209715200) (default)
2022-10-20 09:08:55,412 [s1-impl-thread1] INFO  segmented.SegmentedRaftLogWorker (SegmentedRaftLogWorker.java:<init>(184)) - new s1@group-C41D8CAA0102-SegmentedRaftLogWorker for RaftStorageImpl:Storage Directory /home/runner/work/ratis/ratis/ratis-test/target/test/data/9aa86c5e/MiniRaftClusterWithGrpc2d911a57/s1/983d8f7e-9c0a-4e13-bb27-c41d8caa0102
2022-10-20 09:08:55,412 [s1-impl-thread1] INFO  server.RaftServerConfigKeys (ConfUtils.java:logGet(46)) - raft.server.log.queue.byte-limit = 64MB (=67108864) (default)
2022-10-20 09:08:55,412 [s1-impl-thread1] INFO  server.RaftServerConfigKeys (ConfUtils.java:logGet(46)) - raft.server.log.queue.element-limit = 4096 (default)
2022-10-20 09:08:55,412 [s1-impl-thread1] INFO  server.RaftServerConfigKeys (ConfUtils.java:logGet(46)) - raft.server.log.segment.size.max = 8MB (=8388608) (default)
2022-10-20 09:08:55,412 [s1-impl-thread1] INFO  server.RaftServerConfigKeys (ConfUtils.java:logGet(46)) - raft.server.log.preallocated.size = 4MB (=4194304) (default)
2022-10-20 09:08:55,412 [s1-impl-thread1] INFO  server.RaftServerConfigKeys (ConfUtils.java:logGet(46)) - raft.server.log.force.sync.num = 128 (default)
2022-10-20 09:08:55,413 [s1-impl-thread1] INFO  server.RaftServerConfigKeys (ConfUtils.java:logGet(46)) - raft.server.log.statemachine.data.sync = true (default)
2022-10-20 09:08:55,413 [s1-impl-thread1] INFO  server.RaftServerConfigKeys (ConfUtils.java:logGet(46)) - raft.server.log.statemachine.data.sync.timeout = 10s (default)
2022-10-20 09:08:55,413 [s1-impl-thread1] INFO  server.RaftServerConfigKeys (ConfUtils.java:logGet(46)) - raft.server.log.statemachine.data.sync.timeout.retry = -1 (default)
2022-10-20 09:08:55,413 [s1-impl-thread1] INFO  server.RaftServerConfigKeys (ConfUtils.java:logGet(46)) - raft.server.log.write.buffer.size = 64KB (=65536) (default)
2022-10-20 09:08:55,413 [s1-impl-thread1] INFO  server.RaftServerConfigKeys (ConfUtils.java:logGet(46)) - raft.server.log.appender.buffer.byte-limit = 4MB (=4194304) (default)
2022-10-20 09:08:55,413 [s1-impl-thread1] INFO  server.RaftServerConfigKeys (ConfUtils.java:logGet(46)) - raft.server.log.unsafe-flush.enabled = false (default)
2022-10-20 09:08:55,413 [s1-impl-thread1] INFO  server.RaftServerConfigKeys (ConfUtils.java:logGet(46)) - raft.server.log.async-flush.enabled = false (default)
2022-10-20 09:08:55,413 [s1-impl-thread1] INFO  server.RaftServerConfigKeys (ConfUtils.java:logGet(46)) - raft.server.log.statemachine.data.caching.enabled = false (default)
2022-10-20 09:08:55,413 [s1-impl-thread1] INFO  segmented.SegmentedRaftLogWorker (SegmentedRaftLogWorker.java:lambda$new$0(134)) - s1@group-C41D8CAA0102-SegmentedRaftLogWorker: flushIndex: setUnconditionally 0 -> -1
2022-10-20 09:08:55,413 [s1-impl-thread1] INFO  segmented.SegmentedRaftLogWorker (SegmentedRaftLogWorker.java:lambda$new$0(134)) - s1@group-C41D8CAA0102-SegmentedRaftLogWorker: safeCacheEvictIndex: setUnconditionally 0 -> -1
2022-10-20 09:08:55,415 [s1-impl-thread1] INFO  server.RaftServer$Division (RaftServerImpl.java:start(338)) - s1@group-C41D8CAA0102: start as a follower, conf=-1: peers:[s0|rpc:localhost:36667|admin:localhost:33201|client:localhost:41025|dataStream:localhost:46795|priority:0|startupRole:FOLLOWER, s1|rpc:localhost:45635|admin:localhost:35171|client:localhost:42115|dataStream:localhost:43227|priority:0|startupRole:FOLLOWER, s2|rpc:localhost:42077|admin:localhost:32787|client:localhost:44759|dataStream:localhost:46559|priority:0|startupRole:FOLLOWER]|listeners:[], old=null
2022-10-20 09:08:55,415 [s1-impl-thread1] INFO  server.RaftServer$Division (RaftServerImpl.java:setRole(325)) - s1@group-C41D8CAA0102: changes role from      null to FOLLOWER at term 0 for startAsFollower
2022-10-20 09:08:55,415 [s1-impl-thread1] INFO  impl.RoleInfo (RoleInfo.java:updateAndGet(139)) - s1: start s1@group-C41D8CAA0102-FollowerState
2022-10-20 09:08:55,415 [s1-impl-thread1] INFO  util.JmxRegister (JmxRegister.java:tryRegister(44)) - Successfully registered JMX Bean with object name Ratis:service=RaftServer,group=group-C41D8CAA0102,id=s1
2022-10-20 09:08:55,415 [s1-impl-thread1] INFO  server.RaftServerConfigKeys (ConfUtils.java:logGet(46)) - raft.server.snapshot.auto.trigger.enabled = false (default)
2022-10-20 09:08:55,415 [s1-impl-thread1] INFO  server.RaftServerConfigKeys (ConfUtils.java:logGet(46)) - raft.server.snapshot.retention.file.num = -1 (default)
2022-10-20 09:08:55,415 [s1-impl-thread1] INFO  server.RaftServerConfigKeys (ConfUtils.java:logGet(46)) - raft.server.log.purge.upto.snapshot.index = false (default)
2022-10-20 09:08:55,416 [s1@group-C41D8CAA0102-FollowerState] INFO  server.RaftServerConfigKeys (ConfUtils.java:logFallback(53)) - raft.server.rpc.first-election.timeout.min = 150ms (fallback to raft.server.rpc.timeout.min)
2022-10-20 09:08:55,416 [s1@group-C41D8CAA0102-FollowerState] INFO  server.RaftServerConfigKeys (ConfUtils.java:logFallback(53)) - raft.server.rpc.first-election.timeout.max = 300ms (fallback to raft.server.rpc.timeout.max)
2022-10-20 09:08:55,416 [Time-limited test] INFO  server.RaftServer (RaftServerProxy.java:startImpl(396)) - s1: start RPC server
2022-10-20 09:08:55,417 [Time-limited test] INFO  server.GrpcService (GrpcService.java:startImpl(310)) - s1: GrpcService started, listening on 42115
2022-10-20 09:08:55,418 [Time-limited test] INFO  server.GrpcService (GrpcService.java:startImpl(310)) - s1: GrpcService started, listening on 45635
2022-10-20 09:08:55,418 [Time-limited test] INFO  server.GrpcService (GrpcService.java:startImpl(310)) - s1: GrpcService started, listening on 35171
2022-10-20 09:08:55,419 [JvmPauseMonitor16] INFO  util.JvmPauseMonitor (JvmPauseMonitor.java:run(105)) - JvmPauseMonitor-s1: Started
2022-10-20 09:08:55,419 [s2-impl-thread1] INFO  server.RaftServerConfigKeys (ConfUtils.java:logGet(46)) - raft.server.storage.free-space.min = 0MB (=0) (default)
2022-10-20 09:08:55,419 [s2-impl-thread1] INFO  server.RaftServerConfigKeys (ConfUtils.java:logGet(46)) - raft.server.log.corruption.policy = EXCEPTION (default)
2022-10-20 09:08:55,419 [s2-impl-thread1] INFO  server.RaftServerConfigKeys (ConfUtils.java:logGet(46)) - raft.server.storage.dir = [/home/runner/work/ratis/ratis/ratis-test/target/test/data/9aa86c5e/MiniRaftClusterWithGrpc2d911a57/s2] (custom)
2022-10-20 09:08:55,419 [s2-impl-thread1] INFO  storage.RaftStorageDirectory (RaftStorageDirectoryImpl.java:analyzeStorage(138)) - The storage directory /home/runner/work/ratis/ratis/ratis-test/target/test/data/9aa86c5e/MiniRaftClusterWithGrpc2d911a57/s2/983d8f7e-9c0a-4e13-bb27-c41d8caa0102 does not exist. Creating ...
2022-10-20 09:08:55,420 [s2-impl-thread1] TRACE util.FileUtils (LogUtils.java:runAndLog(49)) - Successfully ran Files.createDirectories /home/runner/work/ratis/ratis/ratis-test/target/test/data/9aa86c5e/MiniRaftClusterWithGrpc2d911a57/s2/983d8f7e-9c0a-4e13-bb27-c41d8caa0102
2022-10-20 09:08:55,421 [s2-impl-thread1] INFO  storage.RaftStorageDirectory (RaftStorageDirectoryImpl.java:tryLock(232)) - Lock on /home/runner/work/ratis/ratis/ratis-test/target/test/data/9aa86c5e/MiniRaftClusterWithGrpc2d911a57/s2/983d8f7e-9c0a-4e13-bb27-c41d8caa0102/in_use.lock acquired by nodename 13361@fv-az205-415
2022-10-20 09:08:55,421 [s2-impl-thread1] TRACE util.FileUtils (LogUtils.java:runAndLog(49)) - Successfully ran Files.createDirectories /home/runner/work/ratis/ratis/ratis-test/target/test/data/9aa86c5e/MiniRaftClusterWithGrpc2d911a57/s2/983d8f7e-9c0a-4e13-bb27-c41d8caa0102/current
2022-10-20 09:08:55,421 [s2-impl-thread1] TRACE util.FileUtils (LogUtils.java:runAndLog(49)) - Successfully ran Files.createDirectories /home/runner/work/ratis/ratis/ratis-test/target/test/data/9aa86c5e/MiniRaftClusterWithGrpc2d911a57/s2/983d8f7e-9c0a-4e13-bb27-c41d8caa0102/sm
2022-10-20 09:08:55,422 [s2-impl-thread1] INFO  storage.RaftStorage (RaftStorageImpl.java:format(96)) - Storage directory /home/runner/work/ratis/ratis/ratis-test/target/test/data/9aa86c5e/MiniRaftClusterWithGrpc2d911a57/s2/983d8f7e-9c0a-4e13-bb27-c41d8caa0102 has been successfully formatted.
2022-10-20 09:08:55,423 [s2-impl-thread1] INFO  server.RaftServerConfigKeys (ConfUtils.java:logGet(46)) - raft.server.log.use.memory = false (default)
2022-10-20 09:08:55,423 [s2-impl-thread1] INFO  server.RaftServerConfigKeys (ConfUtils.java:logGet(46)) - raft.server.log.purge.gap = 1024 (default)
2022-10-20 09:08:55,423 [s2-impl-thread1] INFO  server.RaftServerConfigKeys (ConfUtils.java:logGet(46)) - raft.server.log.appender.buffer.byte-limit = 4MB (=4194304) (default)
2022-10-20 09:08:55,423 [s2-impl-thread1] INFO  server.RaftServerConfigKeys (ConfUtils.java:logGet(46)) - raft.server.log.statemachine.data.read.timeout = 1000ms (default)
2022-10-20 09:08:55,423 [s2-impl-thread1] INFO  server.RaftServerConfigKeys (ConfUtils.java:logGet(46)) - raft.server.log.purge.preservation.log.num = 0 (default)
2022-10-20 09:08:55,424 [s2-impl-thread1] INFO  server.RaftServerConfigKeys (ConfUtils.java:logGet(46)) - raft.server.log.segment.size.max = 8MB (=8388608) (default)
2022-10-20 09:08:55,425 [s2-impl-thread1] INFO  server.RaftServerConfigKeys (ConfUtils.java:logGet(46)) - raft.server.log.segment.cache.num.max = 6 (default)
2022-10-20 09:08:55,425 [s2-impl-thread1] INFO  server.RaftServerConfigKeys (ConfUtils.java:logGet(46)) - raft.server.log.segment.cache.size.max = 200MB (=209715200) (default)
2022-10-20 09:08:55,425 [s2-impl-thread1] INFO  segmented.SegmentedRaftLogWorker (SegmentedRaftLogWorker.java:<init>(184)) - new s2@group-C41D8CAA0102-SegmentedRaftLogWorker for RaftStorageImpl:Storage Directory /home/runner/work/ratis/ratis/ratis-test/target/test/data/9aa86c5e/MiniRaftClusterWithGrpc2d911a57/s2/983d8f7e-9c0a-4e13-bb27-c41d8caa0102
2022-10-20 09:08:55,425 [s2-impl-thread1] INFO  server.RaftServerConfigKeys (ConfUtils.java:logGet(46)) - raft.server.log.queue.byte-limit = 64MB (=67108864) (default)
2022-10-20 09:08:55,425 [s2-impl-thread1] INFO  server.RaftServerConfigKeys (ConfUtils.java:logGet(46)) - raft.server.log.queue.element-limit = 4096 (default)
2022-10-20 09:08:55,425 [s2-impl-thread1] INFO  server.RaftServerConfigKeys (ConfUtils.java:logGet(46)) - raft.server.log.segment.size.max = 8MB (=8388608) (default)
2022-10-20 09:08:55,425 [s2-impl-thread1] INFO  server.RaftServerConfigKeys (ConfUtils.java:logGet(46)) - raft.server.log.preallocated.size = 4MB (=4194304) (default)
2022-10-20 09:08:55,425 [s2-impl-thread1] INFO  server.RaftServerConfigKeys (ConfUtils.java:logGet(46)) - raft.server.log.force.sync.num = 128 (default)
2022-10-20 09:08:55,425 [s2-impl-thread1] INFO  server.RaftServerConfigKeys (ConfUtils.java:logGet(46)) - raft.server.log.statemachine.data.sync = true (default)
2022-10-20 09:08:55,425 [s2-impl-thread1] INFO  server.RaftServerConfigKeys (ConfUtils.java:logGet(46)) - raft.server.log.statemachine.data.sync.timeout = 10s (default)
2022-10-20 09:08:55,425 [s2-impl-thread1] INFO  server.RaftServerConfigKeys (ConfUtils.java:logGet(46)) - raft.server.log.statemachine.data.sync.timeout.retry = -1 (default)
2022-10-20 09:08:55,426 [s2-impl-thread1] INFO  server.RaftServerConfigKeys (ConfUtils.java:logGet(46)) - raft.server.log.write.buffer.size = 64KB (=65536) (default)
2022-10-20 09:08:55,426 [s2-impl-thread1] INFO  server.RaftServerConfigKeys (ConfUtils.java:logGet(46)) - raft.server.log.appender.buffer.byte-limit = 4MB (=4194304) (default)
2022-10-20 09:08:55,426 [s2-impl-thread1] INFO  server.RaftServerConfigKeys (ConfUtils.java:logGet(46)) - raft.server.log.unsafe-flush.enabled = false (default)
2022-10-20 09:08:55,426 [s2-impl-thread1] INFO  server.RaftServerConfigKeys (ConfUtils.java:logGet(46)) - raft.server.log.async-flush.enabled = false (default)
2022-10-20 09:08:55,426 [s2-impl-thread1] INFO  server.RaftServerConfigKeys (ConfUtils.java:logGet(46)) - raft.server.log.statemachine.data.caching.enabled = false (default)
2022-10-20 09:08:55,426 [s2-impl-thread1] INFO  segmented.SegmentedRaftLogWorker (SegmentedRaftLogWorker.java:lambda$new$0(134)) - s2@group-C41D8CAA0102-SegmentedRaftLogWorker: flushIndex: setUnconditionally 0 -> -1
2022-10-20 09:08:55,426 [s2-impl-thread1] INFO  segmented.SegmentedRaftLogWorker (SegmentedRaftLogWorker.java:lambda$new$0(134)) - s2@group-C41D8CAA0102-SegmentedRaftLogWorker: safeCacheEvictIndex: setUnconditionally 0 -> -1
2022-10-20 09:08:55,426 [s2-impl-thread1] INFO  server.RaftServer$Division (RaftServerImpl.java:start(338)) - s2@group-C41D8CAA0102: start as a follower, conf=-1: peers:[s0|rpc:localhost:36667|admin:localhost:33201|client:localhost:41025|dataStream:localhost:46795|priority:0|startupRole:FOLLOWER, s1|rpc:localhost:45635|admin:localhost:35171|client:localhost:42115|dataStream:localhost:43227|priority:0|startupRole:FOLLOWER, s2|rpc:localhost:42077|admin:localhost:32787|client:localhost:44759|dataStream:localhost:46559|priority:0|startupRole:FOLLOWER]|listeners:[], old=null
2022-10-20 09:08:55,427 [s2-impl-thread1] INFO  server.RaftServer$Division (RaftServerImpl.java:setRole(325)) - s2@group-C41D8CAA0102: changes role from      null to FOLLOWER at term 0 for startAsFollower
2022-10-20 09:08:55,427 [s2-impl-thread1] INFO  impl.RoleInfo (RoleInfo.java:updateAndGet(139)) - s2: start s2@group-C41D8CAA0102-FollowerState
2022-10-20 09:08:55,427 [s2-impl-thread1] INFO  util.JmxRegister (JmxRegister.java:tryRegister(44)) - Successfully registered JMX Bean with object name Ratis:service=RaftServer,group=group-C41D8CAA0102,id=s2
2022-10-20 09:08:55,427 [s2-impl-thread1] INFO  server.RaftServerConfigKeys (ConfUtils.java:logGet(46)) - raft.server.snapshot.auto.trigger.enabled = false (default)
2022-10-20 09:08:55,427 [s2-impl-thread1] INFO  server.RaftServerConfigKeys (ConfUtils.java:logGet(46)) - raft.server.snapshot.retention.file.num = -1 (default)
2022-10-20 09:08:55,427 [s2-impl-thread1] INFO  server.RaftServerConfigKeys (ConfUtils.java:logGet(46)) - raft.server.log.purge.upto.snapshot.index = false (default)
2022-10-20 09:08:55,428 [s2@group-C41D8CAA0102-FollowerState] INFO  server.RaftServerConfigKeys (ConfUtils.java:logFallback(53)) - raft.server.rpc.first-election.timeout.min = 150ms (fallback to raft.server.rpc.timeout.min)
2022-10-20 09:08:55,428 [s2@group-C41D8CAA0102-FollowerState] INFO  server.RaftServerConfigKeys (ConfUtils.java:logFallback(53)) - raft.server.rpc.first-election.timeout.max = 300ms (fallback to raft.server.rpc.timeout.max)
2022-10-20 09:08:55,428 [Time-limited test] INFO  server.RaftServer (RaftServerProxy.java:startImpl(396)) - s2: start RPC server
2022-10-20 09:08:55,428 [Time-limited test] INFO  server.GrpcService (GrpcService.java:startImpl(310)) - s2: GrpcService started, listening on 44759
2022-10-20 09:08:55,429 [Time-limited test] INFO  server.GrpcService (GrpcService.java:startImpl(310)) - s2: GrpcService started, listening on 42077
2022-10-20 09:08:55,430 [Time-limited test] INFO  server.GrpcService (GrpcService.java:startImpl(310)) - s2: GrpcService started, listening on 32787
2022-10-20 09:08:55,430 [JvmPauseMonitor17] INFO  util.JvmPauseMonitor (JvmPauseMonitor.java:run(105)) - JvmPauseMonitor-s2: Started
2022-10-20 09:08:55,440 [Time-limited test] INFO  server.RaftServerConfigKeys (ConfUtils.java:logGet(46)) - raft.server.rpc.timeout.max = 300ms (default)
2022-10-20 09:08:55,441 [Time-limited test] INFO  ratis.RaftTestUtil (RaftTestUtil.java:waitForLeader(100)) - printing ALL groups
  s0:  RUNNING  FOLLOWER s0@group-C41D8CAA0102:t0, leader=null, voted=, raftlog=Memoized:s0@group-C41D8CAA0102-SegmentedRaftLog:OPENED:c-1, conf=-1: peers:[s0|rpc:localhost:36667|admin:localhost:33201|client:localhost:41025|dataStream:localhost:46795|priority:0|startupRole:FOLLOWER, s1|rpc:localhost:45635|admin:localhost:35171|client:localhost:42115|dataStream:localhost:43227|priority:0|startupRole:FOLLOWER, s2|rpc:localhost:42077|admin:localhost:32787|client:localhost:44759|dataStream:localhost:46559|priority:0|startupRole:FOLLOWER]|listeners:[], old=null RUNNING
  s1:  RUNNING  FOLLOWER s1@group-C41D8CAA0102:t0, leader=null, voted=, raftlog=Memoized:s1@group-C41D8CAA0102-SegmentedRaftLog:OPENED:c-1, conf=-1: peers:[s0|rpc:localhost:36667|admin:localhost:33201|client:localhost:41025|dataStream:localhost:46795|priority:0|startupRole:FOLLOWER, s1|rpc:localhost:45635|admin:localhost:35171|client:localhost:42115|dataStream:localhost:43227|priority:0|startupRole:FOLLOWER, s2|rpc:localhost:42077|admin:localhost:32787|client:localhost:44759|dataStream:localhost:46559|priority:0|startupRole:FOLLOWER]|listeners:[], old=null RUNNING
  s2:  RUNNING  FOLLOWER s2@group-C41D8CAA0102:t0, leader=null, voted=, raftlog=Memoized:s2@group-C41D8CAA0102-SegmentedRaftLog:OPENED:c-1, conf=-1: peers:[s0|rpc:localhost:36667|admin:localhost:33201|client:localhost:41025|dataStream:localhost:46795|priority:0|startupRole:FOLLOWER, s1|rpc:localhost:45635|admin:localhost:35171|client:localhost:42115|dataStream:localhost:43227|priority:0|startupRole:FOLLOWER, s2|rpc:localhost:42077|admin:localhost:32787|client:localhost:44759|dataStream:localhost:46559|priority:0|startupRole:FOLLOWER]|listeners:[], old=null RUNNING
2022-10-20 09:08:55,441 [Time-limited test] WARN  ratis.RaftTestUtil (JavaUtils.java:attempt(217)) - FAILED "waitForLeader-null-(expectLeader? true)", attempt #1/100: java.lang.IllegalStateException: No leader yet : printing ALL groups
  s0:  RUNNING  FOLLOWER s0@group-C41D8CAA0102:t0, leader=null, voted=, raftlog=Memoized:s0@group-C41D8CAA0102-SegmentedRaftLog:OPENED:c-1, conf=-1: peers:[s0|rpc:localhost:36667|admin:localhost:33201|client:localhost:41025|dataStream:localhost:46795|priority:0|startupRole:FOLLOWER, s1|rpc:localhost:45635|admin:localhost:35171|client:localhost:42115|dataStream:localhost:43227|priority:0|startupRole:FOLLOWER, s2|rpc:localhost:42077|admin:localhost:32787|client:localhost:44759|dataStream:localhost:46559|priority:0|startupRole:FOLLOWER]|listeners:[], old=null RUNNING
  s1:  RUNNING  FOLLOWER s1@group-C41D8CAA0102:t0, leader=null, voted=, raftlog=Memoized:s1@group-C41D8CAA0102-SegmentedRaftLog:OPENED:c-1, conf=-1: peers:[s0|rpc:localhost:36667|admin:localhost:33201|client:localhost:41025|dataStream:localhost:46795|priority:0|startupRole:FOLLOWER, s1|rpc:localhost:45635|admin:localhost:35171|client:localhost:42115|dataStream:localhost:43227|priority:0|startupRole:FOLLOWER, s2|rpc:localhost:42077|admin:localhost:32787|client:localhost:44759|dataStream:localhost:46559|priority:0|startupRole:FOLLOWER]|listeners:[], old=null RUNNING
  s2:  RUNNING  FOLLOWER s2@group-C41D8CAA0102:t0, leader=null, voted=, raftlog=Memoized:s2@group-C41D8CAA0102-SegmentedRaftLog:OPENED:c-1, conf=-1: peers:[s0|rpc:localhost:36667|admin:localhost:33201|client:localhost:41025|dataStream:localhost:46795|priority:0|startupRole:FOLLOWER, s1|rpc:localhost:45635|admin:localhost:35171|client:localhost:42115|dataStream:localhost:43227|priority:0|startupRole:FOLLOWER, s2|rpc:localhost:42077|admin:localhost:32787|client:localhost:44759|dataStream:localhost:46559|priority:0|startupRole:FOLLOWER]|listeners:[], old=null RUNNING, sleep 450ms and then retry.
java.lang.IllegalStateException: No leader yet : printing ALL groups
  s0:  RUNNING  FOLLOWER s0@group-C41D8CAA0102:t0, leader=null, voted=, raftlog=Memoized:s0@group-C41D8CAA0102-SegmentedRaftLog:OPENED:c-1, conf=-1: peers:[s0|rpc:localhost:36667|admin:localhost:33201|client:localhost:41025|dataStream:localhost:46795|priority:0|startupRole:FOLLOWER, s1|rpc:localhost:45635|admin:localhost:35171|client:localhost:42115|dataStream:localhost:43227|priority:0|startupRole:FOLLOWER, s2|rpc:localhost:42077|admin:localhost:32787|client:localhost:44759|dataStream:localhost:46559|priority:0|startupRole:FOLLOWER]|listeners:[], old=null RUNNING
  s1:  RUNNING  FOLLOWER s1@group-C41D8CAA0102:t0, leader=null, voted=, raftlog=Memoized:s1@group-C41D8CAA0102-SegmentedRaftLog:OPENED:c-1, conf=-1: peers:[s0|rpc:localhost:36667|admin:localhost:33201|client:localhost:41025|dataStream:localhost:46795|priority:0|startupRole:FOLLOWER, s1|rpc:localhost:45635|admin:localhost:35171|client:localhost:42115|dataStream:localhost:43227|priority:0|startupRole:FOLLOWER, s2|rpc:localhost:42077|admin:localhost:32787|client:localhost:44759|dataStream:localhost:46559|priority:0|startupRole:FOLLOWER]|listeners:[], old=null RUNNING
  s2:  RUNNING  FOLLOWER s2@group-C41D8CAA0102:t0, leader=null, voted=, raftlog=Memoized:s2@group-C41D8CAA0102-SegmentedRaftLog:OPENED:c-1, conf=-1: peers:[s0|rpc:localhost:36667|admin:localhost:33201|client:localhost:41025|dataStream:localhost:46795|priority:0|startupRole:FOLLOWER, s1|rpc:localhost:45635|admin:localhost:35171|client:localhost:42115|dataStream:localhost:43227|priority:0|startupRole:FOLLOWER, s2|rpc:localhost:42077|admin:localhost:32787|client:localhost:44759|dataStream:localhost:46559|priority:0|startupRole:FOLLOWER]|listeners:[], old=null RUNNING
	at org.apache.ratis.server.impl.MiniRaftCluster.newIllegalStateExceptionForNoLeaders(MiniRaftCluster.java:581)
	at org.apache.ratis.RaftTestUtil.lambda$waitForLeader$1(RaftTestUtil.java:104)
	at org.apache.ratis.server.impl.MiniRaftCluster.getLeader(MiniRaftCluster.java:615)
	at org.apache.ratis.server.impl.MiniRaftCluster.getLeader(MiniRaftCluster.java:608)
	at org.apache.ratis.RaftTestUtil.lambda$waitForLeader$3(RaftTestUtil.java:112)
	at org.apache.ratis.util.JavaUtils.attempt(JavaUtils.java:211)
	at org.apache.ratis.util.JavaUtils.attemptRepeatedly(JavaUtils.java:197)
	at org.apache.ratis.RaftTestUtil.waitForLeader(RaftTestUtil.java:111)
	at org.apache.ratis.RaftTestUtil.waitForLeader(RaftTestUtil.java:92)
	at org.apache.ratis.RaftTestUtil.waitForLeader(RaftTestUtil.java:87)
	at org.apache.ratis.ReadOnlyRequestTests.testFollowerLinearizableReadRetryWhenLeaderDown(ReadOnlyRequestTests.java:230)
	at org.apache.ratis.server.impl.MiniRaftCluster$Factory$Get.runWithNewCluster(MiniRaftCluster.java:141)
	at org.apache.ratis.server.impl.MiniRaftCluster$Factory$Get.runWithNewCluster(MiniRaftCluster.java:121)
	at org.apache.ratis.ReadOnlyRequestTests.testFollowerLinearizableReadRetryWhenLeaderDown(ReadOnlyRequestTests.java:218)
	at java.base/jdk.internal.reflect.NativeMethodAccessorImpl.invoke0(Native Method)
	at java.base/jdk.internal.reflect.NativeMethodAccessorImpl.invoke(NativeMethodAccessorImpl.java:62)
	at java.base/jdk.internal.reflect.DelegatingMethodAccessorImpl.invoke(DelegatingMethodAccessorImpl.java:43)
	at java.base/java.lang.reflect.Method.invoke(Method.java:566)
	at org.junit.runners.model.FrameworkMethod$1.runReflectiveCall(FrameworkMethod.java:59)
	at org.junit.internal.runners.model.ReflectiveCallable.run(ReflectiveCallable.java:12)
	at org.junit.runners.model.FrameworkMethod.invokeExplosively(FrameworkMethod.java:56)
	at org.junit.internal.runners.statements.InvokeMethod.evaluate(InvokeMethod.java:17)
	at org.junit.internal.runners.statements.RunBefores.evaluate(RunBefores.java:26)
	at org.junit.internal.runners.statements.RunAfters.evaluate(RunAfters.java:27)
	at org.junit.internal.runners.statements.FailOnTimeout$CallableStatement.call(FailOnTimeout.java:299)
	at org.junit.internal.runners.statements.FailOnTimeout$CallableStatement.call(FailOnTimeout.java:293)
	at java.base/java.util.concurrent.FutureTask.run(FutureTask.java:264)
	at java.base/java.lang.Thread.run(Thread.java:829)
2022-10-20 09:08:55,593 [s1@group-C41D8CAA0102-FollowerState] INFO  impl.FollowerState (FollowerState.java:run(143)) - s1@group-C41D8CAA0102-FollowerState: change to CANDIDATE, lastRpcElapsedTime:178423989ns, electionTimeout:177ms
2022-10-20 09:08:55,593 [s1@group-C41D8CAA0102-FollowerState] INFO  impl.RoleInfo (RoleInfo.java:shutdownFollowerState(110)) - s1: shutdown s1@group-C41D8CAA0102-FollowerState
2022-10-20 09:08:55,594 [s1@group-C41D8CAA0102-FollowerState] INFO  server.RaftServer$Division (RaftServerImpl.java:setRole(325)) - s1@group-C41D8CAA0102: changes role from  FOLLOWER to CANDIDATE at term 0 for changeToCandidate
2022-10-20 09:08:55,595 [s1@group-C41D8CAA0102-FollowerState] INFO  server.RaftServerConfigKeys (ConfUtils.java:logGet(46)) - raft.server.leaderelection.pre-vote = true (default)
2022-10-20 09:08:55,595 [s1@group-C41D8CAA0102-FollowerState] INFO  impl.RoleInfo (RoleInfo.java:updateAndGet(139)) - s1: start s1@group-C41D8CAA0102-LeaderElection9
2022-10-20 09:08:55,599 [s1@group-C41D8CAA0102-LeaderElection9] INFO  impl.LeaderElection (LeaderElection.java:askForVotes(309)) - s1@group-C41D8CAA0102-LeaderElection9 PRE_VOTE round 0: submit vote requests at term 0 for -1: peers:[s0|rpc:localhost:36667|admin:localhost:33201|client:localhost:41025|dataStream:localhost:46795|priority:0|startupRole:FOLLOWER, s1|rpc:localhost:45635|admin:localhost:35171|client:localhost:42115|dataStream:localhost:43227|priority:0|startupRole:FOLLOWER, s2|rpc:localhost:42077|admin:localhost:32787|client:localhost:44759|dataStream:localhost:46559|priority:0|startupRole:FOLLOWER]|listeners:[], old=null
2022-10-20 09:08:55,600 [s1@group-C41D8CAA0102-LeaderElection9-1] INFO  server.GrpcServerProtocolClient (GrpcServerProtocolClient.java:<init>(63)) - Build channel for s0
2022-10-20 09:08:55,600 [s1@group-C41D8CAA0102-LeaderElection9] INFO  server.RaftServerConfigKeys (ConfUtils.java:logFallback(53)) - raft.server.rpc.first-election.timeout.min = 150ms (fallback to raft.server.rpc.timeout.min)
2022-10-20 09:08:55,600 [s1@group-C41D8CAA0102-LeaderElection9] INFO  server.RaftServerConfigKeys (ConfUtils.java:logFallback(53)) - raft.server.rpc.first-election.timeout.max = 300ms (fallback to raft.server.rpc.timeout.max)
2022-10-20 09:08:55,600 [s1@group-C41D8CAA0102-LeaderElection9-2] INFO  server.GrpcServerProtocolClient (GrpcServerProtocolClient.java:<init>(63)) - Build channel for s2
2022-10-20 09:08:55,604 [s0@group-C41D8CAA0102-FollowerState] INFO  impl.FollowerState (FollowerState.java:run(143)) - s0@group-C41D8CAA0102-FollowerState: change to CANDIDATE, lastRpcElapsedTime:208296539ns, electionTimeout:207ms
2022-10-20 09:08:55,604 [s0@group-C41D8CAA0102-FollowerState] INFO  impl.RoleInfo (RoleInfo.java:shutdownFollowerState(110)) - s0: shutdown s0@group-C41D8CAA0102-FollowerState
2022-10-20 09:08:55,604 [s0@group-C41D8CAA0102-FollowerState] INFO  server.RaftServer$Division (RaftServerImpl.java:setRole(325)) - s0@group-C41D8CAA0102: changes role from  FOLLOWER to CANDIDATE at term 0 for changeToCandidate
2022-10-20 09:08:55,604 [s0@group-C41D8CAA0102-FollowerState] INFO  server.RaftServerConfigKeys (ConfUtils.java:logGet(46)) - raft.server.leaderelection.pre-vote = true (default)
2022-10-20 09:08:55,604 [s0@group-C41D8CAA0102-FollowerState] INFO  impl.RoleInfo (RoleInfo.java:updateAndGet(139)) - s0: start s0@group-C41D8CAA0102-LeaderElection10
2022-10-20 09:08:55,606 [s0@group-C41D8CAA0102-LeaderElection10] INFO  impl.LeaderElection (LeaderElection.java:askForVotes(309)) - s0@group-C41D8CAA0102-LeaderElection10 PRE_VOTE round 0: submit vote requests at term 0 for -1: peers:[s0|rpc:localhost:36667|admin:localhost:33201|client:localhost:41025|dataStream:localhost:46795|priority:0|startupRole:FOLLOWER, s1|rpc:localhost:45635|admin:localhost:35171|client:localhost:42115|dataStream:localhost:43227|priority:0|startupRole:FOLLOWER, s2|rpc:localhost:42077|admin:localhost:32787|client:localhost:44759|dataStream:localhost:46559|priority:0|startupRole:FOLLOWER]|listeners:[], old=null
2022-10-20 09:08:55,611 [grpc-default-executor-9] INFO  server.RaftServer$Division (RaftServerImpl.java:requestVote(1291)) - s2@group-C41D8CAA0102: receive requestVote(PRE_VOTE, s1, group-C41D8CAA0102, 0, (t:0, i:0))
2022-10-20 09:08:55,611 [grpc-default-executor-9] INFO  impl.VoteContext (VoteContext.java:log(49)) - s2@group-C41D8CAA0102-FOLLOWER: accept PRE_VOTE from s1: our priority 0 <= candidate's priority 0
2022-10-20 09:08:55,611 [grpc-default-executor-9] INFO  server.RaftServer$Division (RaftServerImpl.java:requestVote(1324)) - s2@group-C41D8CAA0102 replies to PRE_VOTE vote request: s1<-s2#0:OK-t0. Peer's state: s2@group-C41D8CAA0102:t0, leader=null, voted=, raftlog=Memoized:s2@group-C41D8CAA0102-SegmentedRaftLog:OPENED:c-1, conf=-1: peers:[s0|rpc:localhost:36667|admin:localhost:33201|client:localhost:41025|dataStream:localhost:46795|priority:0|startupRole:FOLLOWER, s1|rpc:localhost:45635|admin:localhost:35171|client:localhost:42115|dataStream:localhost:43227|priority:0|startupRole:FOLLOWER, s2|rpc:localhost:42077|admin:localhost:32787|client:localhost:44759|dataStream:localhost:46559|priority:0|startupRole:FOLLOWER]|listeners:[], old=null
2022-10-20 09:08:55,612 [s1@group-C41D8CAA0102-LeaderElection9] INFO  impl.LeaderElection (LeaderElection.java:logAndReturn(89)) - s1@group-C41D8CAA0102-LeaderElection9: PRE_VOTE PASSED received 1 response(s) and 0 exception(s):
2022-10-20 09:08:55,612 [s1@group-C41D8CAA0102-LeaderElection9] INFO  impl.LeaderElection (LeaderElection.java:logAndReturn(93)) -   Response 0: s1<-s2#0:OK-t0
2022-10-20 09:08:55,612 [s1@group-C41D8CAA0102-LeaderElection9] INFO  impl.LeaderElection (LeaderElection.java:askForVotes(311)) - s1@group-C41D8CAA0102-LeaderElection9 PRE_VOTE round 0: result PASSED
2022-10-20 09:08:55,613 [grpc-default-executor-9] INFO  server.RaftServer$Division (RaftServerImpl.java:requestVote(1291)) - s0@group-C41D8CAA0102: receive requestVote(PRE_VOTE, s1, group-C41D8CAA0102, 0, (t:0, i:0))
2022-10-20 09:08:55,614 [grpc-default-executor-9] INFO  impl.VoteContext (VoteContext.java:log(49)) - s0@group-C41D8CAA0102-CANDIDATE: accept PRE_VOTE from s1: our priority 0 <= candidate's priority 0
2022-10-20 09:08:55,614 [grpc-default-executor-9] INFO  server.RaftServer$Division (RaftServerImpl.java:requestVote(1324)) - s0@group-C41D8CAA0102 replies to PRE_VOTE vote request: s1<-s0#0:OK-t0. Peer's state: s0@group-C41D8CAA0102:t0, leader=null, voted=, raftlog=Memoized:s0@group-C41D8CAA0102-SegmentedRaftLog:OPENED:c-1, conf=-1: peers:[s0|rpc:localhost:36667|admin:localhost:33201|client:localhost:41025|dataStream:localhost:46795|priority:0|startupRole:FOLLOWER, s1|rpc:localhost:45635|admin:localhost:35171|client:localhost:42115|dataStream:localhost:43227|priority:0|startupRole:FOLLOWER, s2|rpc:localhost:42077|admin:localhost:32787|client:localhost:44759|dataStream:localhost:46559|priority:0|startupRole:FOLLOWER]|listeners:[], old=null
2022-10-20 09:08:55,614 [s1@group-C41D8CAA0102-LeaderElection9] INFO  impl.LeaderElection (LeaderElection.java:askForVotes(309)) - s1@group-C41D8CAA0102-LeaderElection9 ELECTION round 0: submit vote requests at term 1 for -1: peers:[s0|rpc:localhost:36667|admin:localhost:33201|client:localhost:41025|dataStream:localhost:46795|priority:0|startupRole:FOLLOWER, s1|rpc:localhost:45635|admin:localhost:35171|client:localhost:42115|dataStream:localhost:43227|priority:0|startupRole:FOLLOWER, s2|rpc:localhost:42077|admin:localhost:32787|client:localhost:44759|dataStream:localhost:46559|priority:0|startupRole:FOLLOWER]|listeners:[], old=null
2022-10-20 09:08:55,615 [s1@group-C41D8CAA0102-LeaderElection9] INFO  server.RaftServerConfigKeys (ConfUtils.java:logFallback(53)) - raft.server.rpc.first-election.timeout.min = 150ms (fallback to raft.server.rpc.timeout.min)
2022-10-20 09:08:55,615 [s1@group-C41D8CAA0102-LeaderElection9] INFO  server.RaftServerConfigKeys (ConfUtils.java:logFallback(53)) - raft.server.rpc.first-election.timeout.max = 300ms (fallback to raft.server.rpc.timeout.max)
2022-10-20 09:08:55,618 [s0@group-C41D8CAA0102-LeaderElection10-1] INFO  server.GrpcServerProtocolClient (GrpcServerProtocolClient.java:<init>(63)) - Build channel for s1
2022-10-20 09:08:55,619 [grpc-default-executor-9] INFO  server.RaftServer$Division (RaftServerImpl.java:requestVote(1291)) - s2@group-C41D8CAA0102: receive requestVote(ELECTION, s1, group-C41D8CAA0102, 1, (t:0, i:0))
2022-10-20 09:08:55,619 [grpc-default-executor-9] INFO  impl.VoteContext (VoteContext.java:log(49)) - s2@group-C41D8CAA0102-FOLLOWER: accept ELECTION from s1: our priority 0 <= candidate's priority 0
2022-10-20 09:08:55,619 [grpc-default-executor-9] INFO  server.RaftServer$Division (RaftServerImpl.java:setRole(325)) - s2@group-C41D8CAA0102: changes role from  FOLLOWER to FOLLOWER at term 1 for candidate:s1
2022-10-20 09:08:55,619 [grpc-default-executor-9] INFO  impl.RoleInfo (RoleInfo.java:shutdownFollowerState(110)) - s2: shutdown s2@group-C41D8CAA0102-FollowerState
2022-10-20 09:08:55,619 [s2@group-C41D8CAA0102-FollowerState] INFO  impl.FollowerState (FollowerState.java:run(152)) - s2@group-C41D8CAA0102-FollowerState was interrupted
2022-10-20 09:08:55,620 [grpc-default-executor-6] INFO  server.RaftServer$Division (RaftServerImpl.java:requestVote(1291)) - s0@group-C41D8CAA0102: receive requestVote(ELECTION, s1, group-C41D8CAA0102, 1, (t:0, i:0))
2022-10-20 09:08:55,620 [grpc-default-executor-6] INFO  impl.VoteContext (VoteContext.java:log(49)) - s0@group-C41D8CAA0102-CANDIDATE: accept ELECTION from s1: our priority 0 <= candidate's priority 0
2022-10-20 09:08:55,620 [grpc-default-executor-6] INFO  server.RaftServer$Division (RaftServerImpl.java:setRole(325)) - s0@group-C41D8CAA0102: changes role from CANDIDATE to FOLLOWER at term 1 for candidate:s1
2022-10-20 09:08:55,620 [s0@group-C41D8CAA0102-LeaderElection10] INFO  server.RaftServerConfigKeys (ConfUtils.java:logFallback(53)) - raft.server.rpc.first-election.timeout.min = 150ms (fallback to raft.server.rpc.timeout.min)
2022-10-20 09:08:55,620 [s0@group-C41D8CAA0102-LeaderElection10] INFO  server.RaftServerConfigKeys (ConfUtils.java:logFallback(53)) - raft.server.rpc.first-election.timeout.max = 300ms (fallback to raft.server.rpc.timeout.max)
2022-10-20 09:08:55,620 [s0@group-C41D8CAA0102-LeaderElection10] INFO  impl.LeaderElection (LeaderElection.java:logAndReturn(89)) - s0@group-C41D8CAA0102-LeaderElection10: PRE_VOTE REJECTED received 0 response(s) and 0 exception(s):
2022-10-20 09:08:55,620 [s0@group-C41D8CAA0102-LeaderElection10] INFO  impl.LeaderElection (LeaderElection.java:askForVotes(311)) - s0@group-C41D8CAA0102-LeaderElection10 PRE_VOTE round 0: result REJECTED
2022-10-20 09:08:55,620 [s0@group-C41D8CAA0102-LeaderElection10-2] INFO  server.GrpcServerProtocolClient (GrpcServerProtocolClient.java:<init>(63)) - Build channel for s2
2022-10-20 09:08:55,620 [grpc-default-executor-6] INFO  impl.RoleInfo (RoleInfo.java:shutdownLeaderElection(130)) - s0: shutdown s0@group-C41D8CAA0102-LeaderElection10
2022-10-20 09:08:55,620 [grpc-default-executor-6] INFO  impl.RoleInfo (RoleInfo.java:updateAndGet(139)) - s0: start s0@group-C41D8CAA0102-FollowerState
2022-10-20 09:08:55,626 [grpc-default-executor-9] INFO  impl.RoleInfo (RoleInfo.java:updateAndGet(139)) - s2: start s2@group-C41D8CAA0102-FollowerState
2022-10-20 09:08:55,627 [s0@group-C41D8CAA0102-FollowerState] INFO  server.RaftServerConfigKeys (ConfUtils.java:logFallback(53)) - raft.server.rpc.first-election.timeout.min = 150ms (fallback to raft.server.rpc.timeout.min)
2022-10-20 09:08:55,627 [s0@group-C41D8CAA0102-FollowerState] INFO  server.RaftServerConfigKeys (ConfUtils.java:logFallback(53)) - raft.server.rpc.first-election.timeout.max = 300ms (fallback to raft.server.rpc.timeout.max)
2022-10-20 09:08:55,628 [grpc-default-executor-6] INFO  server.RaftServer$Division (RaftServerImpl.java:requestVote(1324)) - s0@group-C41D8CAA0102 replies to ELECTION vote request: s1<-s0#0:OK-t1. Peer's state: s0@group-C41D8CAA0102:t1, leader=null, voted=s1, raftlog=Memoized:s0@group-C41D8CAA0102-SegmentedRaftLog:OPENED:c-1, conf=-1: peers:[s0|rpc:localhost:36667|admin:localhost:33201|client:localhost:41025|dataStream:localhost:46795|priority:0|startupRole:FOLLOWER, s1|rpc:localhost:45635|admin:localhost:35171|client:localhost:42115|dataStream:localhost:43227|priority:0|startupRole:FOLLOWER, s2|rpc:localhost:42077|admin:localhost:32787|client:localhost:44759|dataStream:localhost:46559|priority:0|startupRole:FOLLOWER]|listeners:[], old=null
2022-10-20 09:08:55,629 [s1@group-C41D8CAA0102-LeaderElection9] INFO  impl.LeaderElection (LeaderElection.java:logAndReturn(89)) - s1@group-C41D8CAA0102-LeaderElection9: ELECTION PASSED received 1 response(s) and 0 exception(s):
2022-10-20 09:08:55,629 [s1@group-C41D8CAA0102-LeaderElection9] INFO  impl.LeaderElection (LeaderElection.java:logAndReturn(93)) -   Response 0: s1<-s0#0:OK-t1
2022-10-20 09:08:55,629 [s1@group-C41D8CAA0102-LeaderElection9] INFO  impl.LeaderElection (LeaderElection.java:askForVotes(311)) - s1@group-C41D8CAA0102-LeaderElection9 ELECTION round 0: result PASSED
2022-10-20 09:08:55,629 [s1@group-C41D8CAA0102-LeaderElection9] INFO  impl.RoleInfo (RoleInfo.java:shutdownLeaderElection(130)) - s1: shutdown s1@group-C41D8CAA0102-LeaderElection9
2022-10-20 09:08:55,630 [s1@group-C41D8CAA0102-LeaderElection9] INFO  server.RaftServer$Division (RaftServerImpl.java:setRole(325)) - s1@group-C41D8CAA0102: changes role from CANDIDATE to LEADER at term 1 for changeToLeader
2022-10-20 09:08:55,630 [s1@group-C41D8CAA0102-LeaderElection9] INFO  server.RaftServer$Division (ServerState.java:setLeader(259)) - s1@group-C41D8CAA0102: change Leader from null to s1 at term 1 for becomeLeader, leader elected after 246ms
2022-10-20 09:08:55,630 [s1@group-C41D8CAA0102-LeaderElection9] INFO  server.RaftServerConfigKeys (ConfUtils.java:logGet(46)) - raft.server.staging.catchup.gap = 1000 (default)
2022-10-20 09:08:55,630 [s1@group-C41D8CAA0102-LeaderElection9] INFO  server.RaftServerConfigKeys (ConfUtils.java:logGet(46)) - raft.server.write.element-limit = 4096 (default)
2022-10-20 09:08:55,630 [s1@group-C41D8CAA0102-LeaderElection9] INFO  server.RaftServerConfigKeys (ConfUtils.java:logGet(46)) - raft.server.write.byte-limit = 64MB (=67108864) (default)
2022-10-20 09:08:55,630 [s1@group-C41D8CAA0102-LeaderElection9] INFO  server.RaftServerConfigKeys (ConfUtils.java:logGet(46)) - raft.server.watch.timeout = 10s (default)
2022-10-20 09:08:55,630 [s1@group-C41D8CAA0102-LeaderElection9] INFO  server.RaftServerConfigKeys (ConfUtils.java:logGet(46)) - raft.server.watch.timeout.denomination = 1s (default)
2022-10-20 09:08:55,630 [s1@group-C41D8CAA0102-LeaderElection9] INFO  server.RaftServerConfigKeys (ConfUtils.java:logGet(46)) - raft.server.watch.element-limit = 65536 (default)
2022-10-20 09:08:55,631 [s1@group-C41D8CAA0102-LeaderElection9] INFO  server.RaftServerConfigKeys (ConfUtils.java:logGet(46)) - raft.server.write.element-limit = 4096 (default)
2022-10-20 09:08:55,631 [s1@group-C41D8CAA0102-LeaderElection9] INFO  server.RaftServerConfigKeys (ConfUtils.java:logGet(46)) - raft.server.write.follower.gap.ratio.max = -1.0 (default)
2022-10-20 09:08:55,632 [grpc-default-executor-9] INFO  server.RaftServer$Division (RaftServerImpl.java:requestVote(1324)) - s2@group-C41D8CAA0102 replies to ELECTION vote request: s1<-s2#0:OK-t1. Peer's state: s2@group-C41D8CAA0102:t1, leader=null, voted=s1, raftlog=Memoized:s2@group-C41D8CAA0102-SegmentedRaftLog:OPENED:c-1, conf=-1: peers:[s0|rpc:localhost:36667|admin:localhost:33201|client:localhost:41025|dataStream:localhost:46795|priority:0|startupRole:FOLLOWER, s1|rpc:localhost:45635|admin:localhost:35171|client:localhost:42115|dataStream:localhost:43227|priority:0|startupRole:FOLLOWER, s2|rpc:localhost:42077|admin:localhost:32787|client:localhost:44759|dataStream:localhost:46559|priority:0|startupRole:FOLLOWER]|listeners:[], old=null
2022-10-20 09:08:55,634 [s1@group-C41D8CAA0102-LeaderElection9] INFO  server.RaftServerConfigKeys (ConfUtils.java:logGet(46)) - raft.server.log.appender.snapshot.chunk.size.max = 16MB (=16777216) (default)
2022-10-20 09:08:55,634 [s1@group-C41D8CAA0102-LeaderElection9] INFO  server.RaftServerConfigKeys (ConfUtils.java:logGet(46)) - raft.server.log.appender.buffer.byte-limit = 4MB (=4194304) (default)
2022-10-20 09:08:55,634 [s1@group-C41D8CAA0102-LeaderElection9] INFO  server.RaftServerConfigKeys (ConfUtils.java:logGet(46)) - raft.server.log.appender.buffer.element-limit = 0 (default)
2022-10-20 09:08:55,635 [s1@group-C41D8CAA0102-LeaderElection9] INFO  grpc.GrpcConfigKeys (ConfUtils.java:logGet(46)) - raft.grpc.server.leader.outstanding.appends.max = 128 (default)
2022-10-20 09:08:55,635 [s1@group-C41D8CAA0102-LeaderElection9] INFO  server.RaftServerConfigKeys (ConfUtils.java:logGet(46)) - raft.server.rpc.request.timeout = 3000ms (default)
2022-10-20 09:08:55,635 [s1@group-C41D8CAA0102-LeaderElection9] INFO  server.RaftServerConfigKeys (ConfUtils.java:logGet(46)) - raft.server.log.appender.install.snapshot.enabled = true (default)
2022-10-20 09:08:55,635 [s1@group-C41D8CAA0102-LeaderElection9] INFO  grpc.GrpcConfigKeys (ConfUtils.java:logGet(46)) - raft.grpc.server.heartbeat.channel = true (default)
2022-10-20 09:08:55,635 [s1@group-C41D8CAA0102-LeaderElection9] INFO  server.RaftServerConfigKeys (ConfUtils.java:logGet(46)) - raft.server.log.appender.wait-time.min = 10ms (default)
2022-10-20 09:08:55,636 [s1@group-C41D8CAA0102-LeaderElection9] INFO  server.RaftServerConfigKeys (ConfUtils.java:logGet(46)) - raft.server.log.appender.snapshot.chunk.size.max = 16MB (=16777216) (default)
2022-10-20 09:08:55,636 [s1@group-C41D8CAA0102-LeaderElection9] INFO  server.RaftServerConfigKeys (ConfUtils.java:logGet(46)) - raft.server.log.appender.buffer.byte-limit = 4MB (=4194304) (default)
2022-10-20 09:08:55,636 [s1@group-C41D8CAA0102-LeaderElection9] INFO  server.RaftServerConfigKeys (ConfUtils.java:logGet(46)) - raft.server.log.appender.buffer.element-limit = 0 (default)
2022-10-20 09:08:55,636 [s1@group-C41D8CAA0102-LeaderElection9] INFO  grpc.GrpcConfigKeys (ConfUtils.java:logGet(46)) - raft.grpc.server.leader.outstanding.appends.max = 128 (default)
2022-10-20 09:08:55,636 [s1@group-C41D8CAA0102-LeaderElection9] INFO  server.RaftServerConfigKeys (ConfUtils.java:logGet(46)) - raft.server.rpc.request.timeout = 3000ms (default)
2022-10-20 09:08:55,636 [s1@group-C41D8CAA0102-LeaderElection9] INFO  server.RaftServerConfigKeys (ConfUtils.java:logGet(46)) - raft.server.log.appender.install.snapshot.enabled = true (default)
2022-10-20 09:08:55,636 [s1@group-C41D8CAA0102-LeaderElection9] INFO  grpc.GrpcConfigKeys (ConfUtils.java:logGet(46)) - raft.grpc.server.heartbeat.channel = true (default)
2022-10-20 09:08:55,636 [s1@group-C41D8CAA0102-LeaderElection9] INFO  server.RaftServerConfigKeys (ConfUtils.java:logGet(46)) - raft.server.log.appender.wait-time.min = 10ms (default)
2022-10-20 09:08:55,636 [s1@group-C41D8CAA0102-LeaderElection9] INFO  impl.RoleInfo (RoleInfo.java:updateAndGet(139)) - s1: start s1@group-C41D8CAA0102-LeaderStateImpl
2022-10-20 09:08:55,636 [s1@group-C41D8CAA0102-LeaderElection9] INFO  segmented.SegmentedRaftLogWorker (SegmentedRaftLogWorker.java:startLogSegment(431)) - s1@group-C41D8CAA0102-SegmentedRaftLogWorker: Starting segment from index:0
2022-10-20 09:08:55,643 [grpc-default-executor-9] INFO  server.RaftServer$Division (RaftServerImpl.java:requestVote(1291)) - s2@group-C41D8CAA0102: receive requestVote(PRE_VOTE, s0, group-C41D8CAA0102, 0, (t:0, i:0))
2022-10-20 09:08:55,643 [grpc-default-executor-9] INFO  impl.VoteContext (VoteContext.java:log(49)) - s2@group-C41D8CAA0102-FOLLOWER: accept PRE_VOTE from s0: our priority 0 <= candidate's priority 0
2022-10-20 09:08:55,643 [grpc-default-executor-9] INFO  server.RaftServer$Division (RaftServerImpl.java:requestVote(1324)) - s2@group-C41D8CAA0102 replies to PRE_VOTE vote request: s0<-s2#0:OK-t1. Peer's state: s2@group-C41D8CAA0102:t1, leader=null, voted=s1, raftlog=Memoized:s2@group-C41D8CAA0102-SegmentedRaftLog:OPENED:c-1, conf=-1: peers:[s0|rpc:localhost:36667|admin:localhost:33201|client:localhost:41025|dataStream:localhost:46795|priority:0|startupRole:FOLLOWER, s1|rpc:localhost:45635|admin:localhost:35171|client:localhost:42115|dataStream:localhost:43227|priority:0|startupRole:FOLLOWER, s2|rpc:localhost:42077|admin:localhost:32787|client:localhost:44759|dataStream:localhost:46559|priority:0|startupRole:FOLLOWER]|listeners:[], old=null
2022-10-20 09:08:55,645 [grpc-default-executor-9] INFO  server.RaftServer$Division (RaftServerImpl.java:requestVote(1291)) - s1@group-C41D8CAA0102: receive requestVote(PRE_VOTE, s0, group-C41D8CAA0102, 0, (t:0, i:0))
2022-10-20 09:08:55,648 [s1@group-C41D8CAA0102-SegmentedRaftLogWorker] INFO  segmented.SegmentedRaftLogWorker (SegmentedRaftLogWorker.java:execute(635)) - s1@group-C41D8CAA0102-SegmentedRaftLogWorker: created new log segment /home/runner/work/ratis/ratis/ratis-test/target/test/data/9aa86c5e/MiniRaftClusterWithGrpc2d911a57/s1/983d8f7e-9c0a-4e13-bb27-c41d8caa0102/current/log_inprogress_0
2022-10-20 09:08:55,670 [s2@group-C41D8CAA0102-FollowerState] INFO  server.RaftServerConfigKeys (ConfUtils.java:logFallback(53)) - raft.server.rpc.first-election.timeout.min = 150ms (fallback to raft.server.rpc.timeout.min)
2022-10-20 09:08:55,670 [s2@group-C41D8CAA0102-FollowerState] INFO  server.RaftServerConfigKeys (ConfUtils.java:logFallback(53)) - raft.server.rpc.first-election.timeout.max = 300ms (fallback to raft.server.rpc.timeout.max)
2022-10-20 09:08:55,672 [s0-server-thread2] INFO  server.RaftServer$Division (ServerState.java:setLeader(259)) - s0@group-C41D8CAA0102: change Leader from null to s1 at term 1 for appendEntries, leader elected after 298ms
2022-10-20 09:08:55,674 [s1@group-C41D8CAA0102-LeaderElection9] INFO  server.RaftServer$Division (ServerState.java:setRaftConf(376)) - s1@group-C41D8CAA0102: set configuration 0: peers:[s0|rpc:localhost:36667|admin:localhost:33201|client:localhost:41025|dataStream:localhost:46795|priority:0|startupRole:FOLLOWER, s1|rpc:localhost:45635|admin:localhost:35171|client:localhost:42115|dataStream:localhost:43227|priority:0|startupRole:FOLLOWER, s2|rpc:localhost:42077|admin:localhost:32787|client:localhost:44759|dataStream:localhost:46559|priority:0|startupRole:FOLLOWER]|listeners:[], old=null
2022-10-20 09:08:55,682 [grpc-default-executor-9] INFO  impl.VoteContext (VoteContext.java:log(49)) - s1@group-C41D8CAA0102-LEADER: reject PRE_VOTE from s0: this server is the leader and still has leadership
2022-10-20 09:08:55,683 [grpc-default-executor-9] INFO  server.RaftServer$Division (RaftServerImpl.java:requestVote(1324)) - s1@group-C41D8CAA0102 replies to PRE_VOTE vote request: s0<-s1#0:FAIL-t1. Peer's state: s1@group-C41D8CAA0102:t1, leader=s1, voted=s1, raftlog=Memoized:s1@group-C41D8CAA0102-SegmentedRaftLog:OPENED:c-1, conf=0: peers:[s0|rpc:localhost:36667|admin:localhost:33201|client:localhost:41025|dataStream:localhost:46795|priority:0|startupRole:FOLLOWER, s1|rpc:localhost:45635|admin:localhost:35171|client:localhost:42115|dataStream:localhost:43227|priority:0|startupRole:FOLLOWER, s2|rpc:localhost:42077|admin:localhost:32787|client:localhost:44759|dataStream:localhost:46559|priority:0|startupRole:FOLLOWER]|listeners:[], old=null
2022-10-20 09:08:55,684 [s0-server-thread1] DEBUG server.RaftServer$Division (RaftServerImpl.java:logAppendEntries(1418)) - s0@group-C41D8CAA0102: receive appendEntries(s1, 1, null, -1, true, commits:[s1:c-1, s0:c-1, s2:c-1], cId:1, entries: [(t:1, i:0), CONFIGURATIONENTRY(current:id: "s0"
address: "localhost:36667"
dataStreamAddress: "localhost:46795"
clientAddress: "localhost:41025"
adminAddress: "localhost:33201"
startupRole: FOLLOWER
,id: "s1"
address: "localhost:45635"
dataStreamAddress: "localhost:43227"
clientAddress: "localhost:42115"
adminAddress: "localhost:35171"
startupRole: FOLLOWER
,id: "s2"
address: "localhost:42077"
dataStreamAddress: "localhost:46559"
clientAddress: "localhost:44759"
adminAddress: "localhost:32787"
startupRole: FOLLOWER
, old:)]
2022-10-20 09:08:55,687 [s0-server-thread1] INFO  server.RaftServer$Division (ServerState.java:setRaftConf(376)) - s0@group-C41D8CAA0102: set configuration 0: peers:[s0|rpc:localhost:36667|admin:localhost:33201|client:localhost:41025|dataStream:localhost:46795|priority:0|startupRole:FOLLOWER, s1|rpc:localhost:45635|admin:localhost:35171|client:localhost:42115|dataStream:localhost:43227|priority:0|startupRole:FOLLOWER, s2|rpc:localhost:42077|admin:localhost:32787|client:localhost:44759|dataStream:localhost:46559|priority:0|startupRole:FOLLOWER]|listeners:[], old=null
2022-10-20 09:08:55,687 [s0-server-thread1] INFO  segmented.SegmentedRaftLogWorker (SegmentedRaftLogWorker.java:startLogSegment(431)) - s0@group-C41D8CAA0102-SegmentedRaftLogWorker: Starting segment from index:0
2022-10-20 09:08:55,709 [s0@group-C41D8CAA0102-SegmentedRaftLogWorker] INFO  segmented.SegmentedRaftLogWorker (SegmentedRaftLogWorker.java:execute(635)) - s0@group-C41D8CAA0102-SegmentedRaftLogWorker: created new log segment /home/runner/work/ratis/ratis/ratis-test/target/test/data/9aa86c5e/MiniRaftClusterWithGrpc2d911a57/s0/983d8f7e-9c0a-4e13-bb27-c41d8caa0102/current/log_inprogress_0
2022-10-20 09:08:55,716 [s0-server-thread3] DEBUG server.RaftServer$Division (RaftServerImpl.java:logAppendEntries(1418)) - s0@group-C41D8CAA0102: succeeded to handle AppendEntries. Reply: s1<-s0#1:OK-t1,SUCCESS,nextIndex=1,followerCommit=-1,matchIndex=0
2022-10-20 09:08:55,717 [s2-server-thread1] INFO  server.RaftServer$Division (ServerState.java:setLeader(259)) - s2@group-C41D8CAA0102: change Leader from null to s1 at term 1 for appendEntries, leader elected after 328ms
2022-10-20 09:08:55,723 [s2-server-thread1] DEBUG server.RaftServer$Division (RaftServerImpl.java:logAppendEntries(1418)) - s2@group-C41D8CAA0102: receive appendEntries(s1, 1, null, 0, true, commits:[s1:c0, s0:c-1, s2:c-1], cId:1, entries: [(t:1, i:0), CONFIGURATIONENTRY(current:id: "s0"
address: "localhost:36667"
dataStreamAddress: "localhost:46795"
clientAddress: "localhost:41025"
adminAddress: "localhost:33201"
startupRole: FOLLOWER
,id: "s1"
address: "localhost:45635"
dataStreamAddress: "localhost:43227"
clientAddress: "localhost:42115"
adminAddress: "localhost:35171"
startupRole: FOLLOWER
,id: "s2"
address: "localhost:42077"
dataStreamAddress: "localhost:46559"
clientAddress: "localhost:44759"
adminAddress: "localhost:32787"
startupRole: FOLLOWER
, old:)]
2022-10-20 09:08:55,724 [s2-server-thread1] INFO  server.RaftServer$Division (ServerState.java:setRaftConf(376)) - s2@group-C41D8CAA0102: set configuration 0: peers:[s0|rpc:localhost:36667|admin:localhost:33201|client:localhost:41025|dataStream:localhost:46795|priority:0|startupRole:FOLLOWER, s1|rpc:localhost:45635|admin:localhost:35171|client:localhost:42115|dataStream:localhost:43227|priority:0|startupRole:FOLLOWER, s2|rpc:localhost:42077|admin:localhost:32787|client:localhost:44759|dataStream:localhost:46559|priority:0|startupRole:FOLLOWER]|listeners:[], old=null
2022-10-20 09:08:55,724 [s2-server-thread1] INFO  segmented.SegmentedRaftLogWorker (SegmentedRaftLogWorker.java:startLogSegment(431)) - s2@group-C41D8CAA0102-SegmentedRaftLogWorker: Starting segment from index:0
2022-10-20 09:08:55,737 [s2@group-C41D8CAA0102-SegmentedRaftLogWorker] INFO  segmented.SegmentedRaftLogWorker (SegmentedRaftLogWorker.java:execute(635)) - s2@group-C41D8CAA0102-SegmentedRaftLogWorker: created new log segment /home/runner/work/ratis/ratis/ratis-test/target/test/data/9aa86c5e/MiniRaftClusterWithGrpc2d911a57/s2/983d8f7e-9c0a-4e13-bb27-c41d8caa0102/current/log_inprogress_0
2022-10-20 09:08:55,747 [s2-server-thread3] DEBUG server.RaftServer$Division (RaftServerImpl.java:logAppendEntries(1418)) - s2@group-C41D8CAA0102: succeeded to handle AppendEntries. Reply: s1<-s2#1:OK-t1,SUCCESS,nextIndex=1,followerCommit=0,matchIndex=0
2022-10-20 09:08:55,893 [Time-limited test] INFO  ratis.RaftTestUtil (RaftTestUtil.java:waitForLeader(119)) - printing ALL groups
  s0:  RUNNING  FOLLOWER s0@group-C41D8CAA0102:t1, leader=s1, voted=s1, raftlog=Memoized:s0@group-C41D8CAA0102-SegmentedRaftLog:OPENED:c0, conf=0: peers:[s0|rpc:localhost:36667|admin:localhost:33201|client:localhost:41025|dataStream:localhost:46795|priority:0|startupRole:FOLLOWER, s1|rpc:localhost:45635|admin:localhost:35171|client:localhost:42115|dataStream:localhost:43227|priority:0|startupRole:FOLLOWER, s2|rpc:localhost:42077|admin:localhost:32787|client:localhost:44759|dataStream:localhost:46559|priority:0|startupRole:FOLLOWER]|listeners:[], old=null RUNNING
  s1:  RUNNING    LEADER s1@group-C41D8CAA0102:t1, leader=s1, voted=s1, raftlog=Memoized:s1@group-C41D8CAA0102-SegmentedRaftLog:OPENED:c0, conf=0: peers:[s0|rpc:localhost:36667|admin:localhost:33201|client:localhost:41025|dataStream:localhost:46795|priority:0|startupRole:FOLLOWER, s1|rpc:localhost:45635|admin:localhost:35171|client:localhost:42115|dataStream:localhost:43227|priority:0|startupRole:FOLLOWER, s2|rpc:localhost:42077|admin:localhost:32787|client:localhost:44759|dataStream:localhost:46559|priority:0|startupRole:FOLLOWER]|listeners:[], old=null RUNNING
  s2:  RUNNING  FOLLOWER s2@group-C41D8CAA0102:t1, leader=s1, voted=s1, raftlog=Memoized:s2@group-C41D8CAA0102-SegmentedRaftLog:OPENED:c0, conf=0: peers:[s0|rpc:localhost:36667|admin:localhost:33201|client:localhost:41025|dataStream:localhost:46795|priority:0|startupRole:FOLLOWER, s1|rpc:localhost:45635|admin:localhost:35171|client:localhost:42115|dataStream:localhost:43227|priority:0|startupRole:FOLLOWER, s2|rpc:localhost:42077|admin:localhost:32787|client:localhost:44759|dataStream:localhost:46559|priority:0|startupRole:FOLLOWER]|listeners:[], old=null RUNNING
2022-10-20 09:08:55,908 [s1-client-thread1] DEBUG server.RaftServer$Division (RaftServerImpl.java:submitClientRequestAsync(827)) - s1@group-C41D8CAA0102: receive client request(RaftClientRequest:client-59C2816C993F->s1@group-C41D8CAA0102, cid=63, seq=0, RW, Message:494e4352454d454e54)
2022-10-20 09:08:55,909 [s1-client-thread1] DEBUG server.RaftServer$Division (LeaderStateImpl.java:addPendingRequest(410)) - s1@group-C41D8CAA0102-LeaderStateImpl: addPendingRequest at RaftClientRequest:client-59C2816C993F->s1@group-C41D8CAA0102, cid=63, seq=0, RW, Message:494e4352454d454e54, entry=(t:1, i:1), STATEMACHINELOGENTRY, 63@client-59C2816C993F
2022-10-20 09:08:55,910 [s0-server-thread2] DEBUG server.RaftServer$Division (RaftServerImpl.java:logAppendEntries(1418)) - s0@group-C41D8CAA0102: receive appendEntries(s1, 1, (t:1, i:0), 0, true, commits:[s1:c0, s0:c0, s2:c0], cId:6, entries: [(t:1, i:1), STATEMACHINELOGENTRY, 63@client-59C2816C993F]
2022-10-20 09:08:55,911 [s0-server-thread2] DEBUG server.RaftServer$Division (RaftServerImpl.java:logAppendEntries(1418)) - s0@group-C41D8CAA0102: succeeded to handle AppendEntries. Reply: s1<-s0#6:OK-t1,SUCCESS,nextIndex=2,followerCommit=0,matchIndex=1
2022-10-20 09:08:55,913 [s2-server-thread3] DEBUG server.RaftServer$Division (RaftServerImpl.java:logAppendEntries(1418)) - s2@group-C41D8CAA0102: receive appendEntries(s1, 1, (t:1, i:0), 0, true, commits:[s1:c0, s0:c0, s2:c0], cId:10, entries: [(t:1, i:1), STATEMACHINELOGENTRY, 63@client-59C2816C993F]
2022-10-20 09:08:55,913 [s1@group-C41D8CAA0102-StateMachineUpdater] INFO  statemachine.StateMachine (ReadOnlyRequestTests.java:applyTransaction(304)) - receive command: INCREMENT
2022-10-20 09:08:55,914 [s2-server-thread3] DEBUG server.RaftServer$Division (RaftServerImpl.java:logAppendEntries(1418)) - s2@group-C41D8CAA0102: succeeded to handle AppendEntries. Reply: s1<-s2#10:OK-t1,SUCCESS,nextIndex=2,followerCommit=0,matchIndex=1
2022-10-20 09:08:55,916 [s0-server-thread2] DEBUG server.RaftServer$Division (RaftServerImpl.java:logAppendEntries(1418)) - s0@group-C41D8CAA0102: receive appendEntries(s1, 1, (t:1, i:1), 1, true, commits:[s1:c1, s0:c0, s2:c0], cId:7, entries: [(t:1, i:2), METADATAENTRY(c:1)]
2022-10-20 09:08:55,918 [s2-server-thread3] DEBUG server.RaftServer$Division (RaftServerImpl.java:logAppendEntries(1418)) - s2@group-C41D8CAA0102: receive appendEntries(s1, 1, (t:1, i:1), 1, true, commits:[s1:c1, s0:c0, s2:c0], cId:11, entries: [(t:1, i:2), METADATAENTRY(c:1)]
2022-10-20 09:08:55,918 [s0-server-thread2] DEBUG server.RaftServer$Division (RaftServerImpl.java:logAppendEntries(1418)) - s0@group-C41D8CAA0102: succeeded to handle AppendEntries. Reply: s1<-s0#7:OK-t1,SUCCESS,nextIndex=3,followerCommit=1,matchIndex=2
2022-10-20 09:08:55,918 [s0@group-C41D8CAA0102-StateMachineUpdater] INFO  statemachine.StateMachine (ReadOnlyRequestTests.java:applyTransaction(304)) - receive command: INCREMENT
2022-10-20 09:08:55,919 [s2-server-thread3] DEBUG server.RaftServer$Division (RaftServerImpl.java:logAppendEntries(1418)) - s2@group-C41D8CAA0102: succeeded to handle AppendEntries. Reply: s1<-s2#11:OK-t1,SUCCESS,nextIndex=3,followerCommit=1,matchIndex=2
2022-10-20 09:08:55,920 [s2@group-C41D8CAA0102-StateMachineUpdater] INFO  statemachine.StateMachine (ReadOnlyRequestTests.java:applyTransaction(304)) - receive command: INCREMENT
2022-10-20 09:08:55,921 [s1-client-thread1] DEBUG server.RaftServer$Division (RaftServerImpl.java:submitClientRequestAsync(827)) - s1@group-C41D8CAA0102: receive client request(RaftClientRequest:client-59C2816C993F->s1@group-C41D8CAA0102, cid=64, seq=0, RO, Message:5155455259)
2022-10-20 09:08:56,007 [s1-server-thread1] INFO  server.RaftServer$Division (RaftServerImpl.java:stepDownLeaderAsync(1169)) - s1@group-C41D8CAA0102 receive stepDown leader request TransferLeadershipRequest:client-59C2816C993F->s1@group-C41D8CAA0102, cid=65, seq=0, RO, null
2022-10-20 09:08:56,007 [s1@group-C41D8CAA0102-LeaderStateImpl] INFO  server.RaftServer$Division (RaftServerImpl.java:setRole(325)) - s1@group-C41D8CAA0102: changes role from    LEADER to FOLLOWER at term 1 for StepDownReason:FORCE
2022-10-20 09:08:56,007 [s1@group-C41D8CAA0102-LeaderStateImpl] INFO  impl.RoleInfo (RoleInfo.java:shutdownLeaderState(93)) - s1: shutdown s1@group-C41D8CAA0102-LeaderStateImpl
2022-10-20 09:08:56,008 [s1@group-C41D8CAA0102-LeaderStateImpl] INFO  impl.PendingRequests (PendingRequests.java:sendNotLeaderResponses(282)) - s1@group-C41D8CAA0102-PendingRequests: sendNotLeaderResponses
2022-10-20 09:08:56,008 [s1@group-C41D8CAA0102->s0-GrpcLogAppender-LogAppenderDaemon] WARN  server.GrpcLogAppender (GrpcLogAppender.java:mayWait(199)) - s1@group-C41D8CAA0102->s0-GrpcLogAppender: Wait interrupted by java.lang.InterruptedException
2022-10-20 09:08:56,008 [s1@group-C41D8CAA0102->s2-GrpcLogAppender-LogAppenderDaemon] WARN  server.GrpcLogAppender (GrpcLogAppender.java:mayWait(199)) - s1@group-C41D8CAA0102->s2-GrpcLogAppender: Wait interrupted by java.lang.InterruptedException
2022-10-20 09:08:56,008 [grpc-default-executor-12] INFO  server.GrpcServerProtocolService (GrpcServerProtocolService.java:onCompleted(143)) - s0: Completed APPEND_ENTRIES, lastRequest: s1->s0#7-t1,previous=(t:1, i:1),leaderCommit=1,initializing? true,entries: size=1, first=(t:1, i:2), METADATAENTRY(c:1)
2022-10-20 09:08:56,009 [grpc-default-executor-0] INFO  server.GrpcServerProtocolService (GrpcServerProtocolService.java:onCompleted(143)) - s2: Completed APPEND_ENTRIES, lastRequest: s1->s2#11-t1,previous=(t:1, i:1),leaderCommit=1,initializing? true,entries: size=1, first=(t:1, i:2), METADATAENTRY(c:1)
2022-10-20 09:08:56,010 [s1@group-C41D8CAA0102-LeaderStateImpl] INFO  impl.RoleInfo (RoleInfo.java:updateAndGet(139)) - s1: start s1@group-C41D8CAA0102-FollowerState
2022-10-20 09:08:56,010 [grpc-default-executor-6] INFO  server.GrpcServerProtocolService (GrpcServerProtocolService.java:onCompleted(143)) - s0: Completed APPEND_ENTRIES, lastRequest: null
2022-10-20 09:08:56,009 [grpc-default-executor-13] INFO  server.GrpcLogAppender (GrpcLogAppender.java:onCompleted(413)) - s1@group-C41D8CAA0102->s0-AppendLogResponseHandler: follower responses appendEntries COMPLETED
2022-10-20 09:08:56,011 [s1@group-C41D8CAA0102-LeaderStateImpl] INFO  impl.PendingStepDown (PendingStepDown.java:complete(55)) - Successfully step down leader at s1@group-C41D8CAA0102-LeaderStateImpl for request TransferLeadershipRequest:client-59C2816C993F->s1@group-C41D8CAA0102, cid=65, seq=0, RO, null
2022-10-20 09:08:56,011 [grpc-default-executor-13] INFO  leader.FollowerInfo (FollowerInfoImpl.java:lambda$new$0(48)) - s1@group-C41D8CAA0102->s0: nextIndex: updateUnconditionally 3 -> 2
2022-10-20 09:08:56,012 [grpc-default-executor-13] INFO  server.GrpcLogAppender (GrpcLogAppender.java:onCompleted(413)) - s1@group-C41D8CAA0102->s0-AppendLogResponseHandler: follower responses appendEntries COMPLETED
2022-10-20 09:08:56,012 [grpc-default-executor-13] INFO  leader.FollowerInfo (FollowerInfoImpl.java:lambda$new$0(48)) - s1@group-C41D8CAA0102->s0: nextIndex: updateUnconditionally 2 -> 1
2022-10-20 09:08:56,009 [grpc-default-executor-12] INFO  server.GrpcServerProtocolService (GrpcServerProtocolService.java:onCompleted(143)) - s2: Completed APPEND_ENTRIES, lastRequest: null
2022-10-20 09:08:56,012 [grpc-default-executor-0] INFO  server.GrpcLogAppender (GrpcLogAppender.java:onCompleted(413)) - s1@group-C41D8CAA0102->s2-AppendLogResponseHandler: follower responses appendEntries COMPLETED
2022-10-20 09:08:56,012 [grpc-default-executor-0] INFO  leader.FollowerInfo (FollowerInfoImpl.java:lambda$new$0(48)) - s1@group-C41D8CAA0102->s2: nextIndex: updateUnconditionally 3 -> 2
2022-10-20 09:08:56,013 [grpc-default-executor-0] INFO  server.GrpcLogAppender (GrpcLogAppender.java:onCompleted(413)) - s1@group-C41D8CAA0102->s2-AppendLogResponseHandler: follower responses appendEntries COMPLETED
2022-10-20 09:08:56,013 [grpc-default-executor-0] INFO  leader.FollowerInfo (FollowerInfoImpl.java:lambda$new$0(48)) - s1@group-C41D8CAA0102->s2: nextIndex: updateUnconditionally 2 -> 1
2022-10-20 09:08:56,023 [s1-client-thread1] DEBUG server.RaftServer$Division (RaftServerImpl.java:submitClientRequestAsync(827)) - s1@group-C41D8CAA0102: receive client request(RaftClientRequest:client-59C2816C993F->s1@group-C41D8CAA0102, cid=66, seq=0, RO, Message:5155455259)
2022-10-20 09:08:56,023 [s1-client-thread1] INFO  server.GrpcServerProtocolClient (GrpcServerProtocolClient.java:<init>(63)) - Build channel for s1
2022-10-20 09:08:56,035 [null-request--thread1] INFO  server.GrpcClientProtocolService (GrpcClientProtocolService.java:lambda$processClientRequest$0(284)) - Failed RaftClientRequest:client-59C2816C993F->s1@group-C41D8CAA0102, cid=66, seq=0, RO, Message:5155455259, reply=RaftClientReply:client-59C2816C993F->s1@group-C41D8CAA0102, cid=66, FAILED org.apache.ratis.protocol.exceptions.ReadIndexException: s1: Failed to get read index from the leader: serverReply {
  requestorId: "s1"
  replyId: "s1"
  raftGroupId {
    id: "\230=\217~\234\nN\023\273\'\304\035\214\252\001\002"
  }
}
readIndex: 18446744073709551615
, logIndex=0, commits[s1:c2, s0:c2, s2:c2]
2022-10-20 09:08:56,151 [s1-client-thread1] DEBUG server.RaftServer$Division (RaftServerImpl.java:submitClientRequestAsync(827)) - s1@group-C41D8CAA0102: receive client request(RaftClientRequest:client-59C2816C993F->s1@group-C41D8CAA0102, cid=66, seq=0, RO, Message:5155455259)
2022-10-20 09:08:56,154 [null-request--thread1] INFO  server.GrpcClientProtocolService (GrpcClientProtocolService.java:lambda$processClientRequest$0(284)) - Failed RaftClientRequest:client-59C2816C993F->s1@group-C41D8CAA0102, cid=66, seq=0, RO, Message:5155455259, reply=RaftClientReply:client-59C2816C993F->s1@group-C41D8CAA0102, cid=66, FAILED org.apache.ratis.protocol.exceptions.ReadIndexException: s1: Failed to get read index from the leader: serverReply {
  requestorId: "s1"
  replyId: "s1"
  raftGroupId {
    id: "\230=\217~\234\nN\023\273\'\304\035\214\252\001\002"
  }
}
readIndex: 18446744073709551615
, logIndex=0, commits[s1:c2, s0:c2, s2:c2]
2022-10-20 09:08:56,243 [s0@group-C41D8CAA0102-FollowerState] INFO  impl.FollowerState (FollowerState.java:run(143)) - s0@group-C41D8CAA0102-FollowerState: change to CANDIDATE, lastRpcElapsedTime:243724073ns, electionTimeout:230ms
2022-10-20 09:08:56,243 [s0@group-C41D8CAA0102-FollowerState] INFO  impl.RoleInfo (RoleInfo.java:shutdownFollowerState(110)) - s0: shutdown s0@group-C41D8CAA0102-FollowerState
2022-10-20 09:08:56,243 [s0@group-C41D8CAA0102-FollowerState] INFO  server.RaftServer$Division (RaftServerImpl.java:setRole(325)) - s0@group-C41D8CAA0102: changes role from  FOLLOWER to CANDIDATE at term 1 for changeToCandidate
2022-10-20 09:08:56,243 [s0@group-C41D8CAA0102-FollowerState] INFO  server.RaftServerConfigKeys (ConfUtils.java:logGet(46)) - raft.server.leaderelection.pre-vote = true (default)
2022-10-20 09:08:56,243 [s0@group-C41D8CAA0102-FollowerState] INFO  impl.RoleInfo (RoleInfo.java:updateAndGet(139)) - s0: start s0@group-C41D8CAA0102-LeaderElection11
2022-10-20 09:08:56,244 [s0@group-C41D8CAA0102-LeaderElection11] INFO  server.RaftServer$Division (ServerState.java:setLeader(259)) - s0@group-C41D8CAA0102: change Leader from s1 to null at term 1 for PRE_VOTE
2022-10-20 09:08:56,244 [s0@group-C41D8CAA0102-LeaderElection11] INFO  impl.LeaderElection (LeaderElection.java:askForVotes(309)) - s0@group-C41D8CAA0102-LeaderElection11 PRE_VOTE round 0: submit vote requests at term 1 for 0: peers:[s0|rpc:localhost:36667|admin:localhost:33201|client:localhost:41025|dataStream:localhost:46795|priority:0|startupRole:FOLLOWER, s1|rpc:localhost:45635|admin:localhost:35171|client:localhost:42115|dataStream:localhost:43227|priority:0|startupRole:FOLLOWER, s2|rpc:localhost:42077|admin:localhost:32787|client:localhost:44759|dataStream:localhost:46559|priority:0|startupRole:FOLLOWER]|listeners:[], old=null
2022-10-20 09:08:56,247 [grpc-default-executor-0] INFO  server.RaftServer$Division (RaftServerImpl.java:requestVote(1291)) - s1@group-C41D8CAA0102: receive requestVote(PRE_VOTE, s0, group-C41D8CAA0102, 1, (t:1, i:2))
2022-10-20 09:08:56,247 [grpc-default-executor-0] INFO  impl.VoteContext (VoteContext.java:log(49)) - s1@group-C41D8CAA0102-FOLLOWER: accept PRE_VOTE from s0: our priority 0 <= candidate's priority 0
2022-10-20 09:08:56,247 [grpc-default-executor-0] INFO  server.RaftServer$Division (RaftServerImpl.java:requestVote(1324)) - s1@group-C41D8CAA0102 replies to PRE_VOTE vote request: s0<-s1#0:OK-t1. Peer's state: s1@group-C41D8CAA0102:t1, leader=s1, voted=s1, raftlog=Memoized:s1@group-C41D8CAA0102-SegmentedRaftLog:OPENED:c2, conf=0: peers:[s0|rpc:localhost:36667|admin:localhost:33201|client:localhost:41025|dataStream:localhost:46795|priority:0|startupRole:FOLLOWER, s1|rpc:localhost:45635|admin:localhost:35171|client:localhost:42115|dataStream:localhost:43227|priority:0|startupRole:FOLLOWER, s2|rpc:localhost:42077|admin:localhost:32787|client:localhost:44759|dataStream:localhost:46559|priority:0|startupRole:FOLLOWER]|listeners:[], old=null
2022-10-20 09:08:56,251 [s0@group-C41D8CAA0102-LeaderElection11] INFO  impl.LeaderElection (LeaderElection.java:logAndReturn(89)) - s0@group-C41D8CAA0102-LeaderElection11: PRE_VOTE PASSED received 1 response(s) and 0 exception(s):
2022-10-20 09:08:56,251 [s0@group-C41D8CAA0102-LeaderElection11] INFO  impl.LeaderElection (LeaderElection.java:logAndReturn(93)) -   Response 0: s0<-s1#0:OK-t1
2022-10-20 09:08:56,251 [s0@group-C41D8CAA0102-LeaderElection11] INFO  impl.LeaderElection (LeaderElection.java:askForVotes(311)) - s0@group-C41D8CAA0102-LeaderElection11 PRE_VOTE round 0: result PASSED
2022-10-20 09:08:56,252 [grpc-default-executor-0] INFO  server.RaftServer$Division (RaftServerImpl.java:requestVote(1291)) - s2@group-C41D8CAA0102: receive requestVote(PRE_VOTE, s0, group-C41D8CAA0102, 1, (t:1, i:2))
2022-10-20 09:08:56,252 [grpc-default-executor-0] INFO  impl.VoteContext (VoteContext.java:log(49)) - s2@group-C41D8CAA0102-FOLLOWER: accept PRE_VOTE from s0: our priority 0 <= candidate's priority 0
2022-10-20 09:08:56,252 [grpc-default-executor-0] INFO  server.RaftServer$Division (RaftServerImpl.java:requestVote(1324)) - s2@group-C41D8CAA0102 replies to PRE_VOTE vote request: s0<-s2#0:OK-t1. Peer's state: s2@group-C41D8CAA0102:t1, leader=s1, voted=s1, raftlog=Memoized:s2@group-C41D8CAA0102-SegmentedRaftLog:OPENED:c2, conf=0: peers:[s0|rpc:localhost:36667|admin:localhost:33201|client:localhost:41025|dataStream:localhost:46795|priority:0|startupRole:FOLLOWER, s1|rpc:localhost:45635|admin:localhost:35171|client:localhost:42115|dataStream:localhost:43227|priority:0|startupRole:FOLLOWER, s2|rpc:localhost:42077|admin:localhost:32787|client:localhost:44759|dataStream:localhost:46559|priority:0|startupRole:FOLLOWER]|listeners:[], old=null
2022-10-20 09:08:56,253 [s0@group-C41D8CAA0102-LeaderElection11] INFO  impl.LeaderElection (LeaderElection.java:askForVotes(309)) - s0@group-C41D8CAA0102-LeaderElection11 ELECTION round 0: submit vote requests at term 2 for 0: peers:[s0|rpc:localhost:36667|admin:localhost:33201|client:localhost:41025|dataStream:localhost:46795|priority:0|startupRole:FOLLOWER, s1|rpc:localhost:45635|admin:localhost:35171|client:localhost:42115|dataStream:localhost:43227|priority:0|startupRole:FOLLOWER, s2|rpc:localhost:42077|admin:localhost:32787|client:localhost:44759|dataStream:localhost:46559|priority:0|startupRole:FOLLOWER]|listeners:[], old=null
2022-10-20 09:08:56,256 [grpc-default-executor-0] INFO  server.RaftServer$Division (RaftServerImpl.java:requestVote(1291)) - s1@group-C41D8CAA0102: receive requestVote(ELECTION, s0, group-C41D8CAA0102, 2, (t:1, i:2))
2022-10-20 09:08:56,256 [grpc-default-executor-0] INFO  impl.VoteContext (VoteContext.java:log(49)) - s1@group-C41D8CAA0102-FOLLOWER: accept ELECTION from s0: our priority 0 <= candidate's priority 0
2022-10-20 09:08:56,256 [grpc-default-executor-0] INFO  server.RaftServer$Division (ServerState.java:setLeader(259)) - s1@group-C41D8CAA0102: change Leader from s1 to null at term 2 for updateCurrentTerm
2022-10-20 09:08:56,256 [grpc-default-executor-0] INFO  server.RaftServer$Division (RaftServerImpl.java:setRole(325)) - s1@group-C41D8CAA0102: changes role from  FOLLOWER to FOLLOWER at term 2 for candidate:s0
2022-10-20 09:08:56,256 [grpc-default-executor-0] INFO  impl.RoleInfo (RoleInfo.java:shutdownFollowerState(110)) - s1: shutdown s1@group-C41D8CAA0102-FollowerState
2022-10-20 09:08:56,256 [grpc-default-executor-0] INFO  impl.RoleInfo (RoleInfo.java:updateAndGet(139)) - s1: start s1@group-C41D8CAA0102-FollowerState
2022-10-20 09:08:56,256 [s1@group-C41D8CAA0102-FollowerState] INFO  impl.FollowerState (FollowerState.java:run(152)) - s1@group-C41D8CAA0102-FollowerState was interrupted
2022-10-20 09:08:56,257 [grpc-default-executor-12] INFO  server.RaftServer$Division (RaftServerImpl.java:requestVote(1291)) - s2@group-C41D8CAA0102: receive requestVote(ELECTION, s0, group-C41D8CAA0102, 2, (t:1, i:2))
2022-10-20 09:08:56,257 [grpc-default-executor-12] INFO  impl.VoteContext (VoteContext.java:log(49)) - s2@group-C41D8CAA0102-FOLLOWER: accept ELECTION from s0: our priority 0 <= candidate's priority 0
2022-10-20 09:08:56,258 [grpc-default-executor-12] INFO  server.RaftServer$Division (ServerState.java:setLeader(259)) - s2@group-C41D8CAA0102: change Leader from s1 to null at term 2 for updateCurrentTerm
2022-10-20 09:08:56,258 [grpc-default-executor-12] INFO  server.RaftServer$Division (RaftServerImpl.java:setRole(325)) - s2@group-C41D8CAA0102: changes role from  FOLLOWER to FOLLOWER at term 2 for candidate:s0
2022-10-20 09:08:56,258 [grpc-default-executor-12] INFO  impl.RoleInfo (RoleInfo.java:shutdownFollowerState(110)) - s2: shutdown s2@group-C41D8CAA0102-FollowerState
2022-10-20 09:08:56,258 [grpc-default-executor-12] INFO  impl.RoleInfo (RoleInfo.java:updateAndGet(139)) - s2: start s2@group-C41D8CAA0102-FollowerState
2022-10-20 09:08:56,258 [s2@group-C41D8CAA0102-FollowerState] INFO  impl.FollowerState (FollowerState.java:run(152)) - s2@group-C41D8CAA0102-FollowerState was interrupted
2022-10-20 09:08:56,263 [grpc-default-executor-12] INFO  server.RaftServer$Division (RaftServerImpl.java:requestVote(1324)) - s2@group-C41D8CAA0102 replies to ELECTION vote request: s0<-s2#0:OK-t2. Peer's state: s2@group-C41D8CAA0102:t2, leader=null, voted=s0, raftlog=Memoized:s2@group-C41D8CAA0102-SegmentedRaftLog:OPENED:c2, conf=0: peers:[s0|rpc:localhost:36667|admin:localhost:33201|client:localhost:41025|dataStream:localhost:46795|priority:0|startupRole:FOLLOWER, s1|rpc:localhost:45635|admin:localhost:35171|client:localhost:42115|dataStream:localhost:43227|priority:0|startupRole:FOLLOWER, s2|rpc:localhost:42077|admin:localhost:32787|client:localhost:44759|dataStream:localhost:46559|priority:0|startupRole:FOLLOWER]|listeners:[], old=null
2022-10-20 09:08:56,263 [grpc-default-executor-0] INFO  server.RaftServer$Division (RaftServerImpl.java:requestVote(1324)) - s1@group-C41D8CAA0102 replies to ELECTION vote request: s0<-s1#0:OK-t2. Peer's state: s1@group-C41D8CAA0102:t2, leader=null, voted=s0, raftlog=Memoized:s1@group-C41D8CAA0102-SegmentedRaftLog:OPENED:c2, conf=0: peers:[s0|rpc:localhost:36667|admin:localhost:33201|client:localhost:41025|dataStream:localhost:46795|priority:0|startupRole:FOLLOWER, s1|rpc:localhost:45635|admin:localhost:35171|client:localhost:42115|dataStream:localhost:43227|priority:0|startupRole:FOLLOWER, s2|rpc:localhost:42077|admin:localhost:32787|client:localhost:44759|dataStream:localhost:46559|priority:0|startupRole:FOLLOWER]|listeners:[], old=null
2022-10-20 09:08:56,265 [s0@group-C41D8CAA0102-LeaderElection11] INFO  impl.LeaderElection (LeaderElection.java:logAndReturn(89)) - s0@group-C41D8CAA0102-LeaderElection11: ELECTION PASSED received 1 response(s) and 0 exception(s):
2022-10-20 09:08:56,265 [s0@group-C41D8CAA0102-LeaderElection11] INFO  impl.LeaderElection (LeaderElection.java:logAndReturn(93)) -   Response 0: s0<-s2#0:OK-t2
2022-10-20 09:08:56,265 [s0@group-C41D8CAA0102-LeaderElection11] INFO  impl.LeaderElection (LeaderElection.java:askForVotes(311)) - s0@group-C41D8CAA0102-LeaderElection11 ELECTION round 0: result PASSED
2022-10-20 09:08:56,265 [s0@group-C41D8CAA0102-LeaderElection11] INFO  impl.RoleInfo (RoleInfo.java:shutdownLeaderElection(130)) - s0: shutdown s0@group-C41D8CAA0102-LeaderElection11
2022-10-20 09:08:56,265 [s0@group-C41D8CAA0102-LeaderElection11] INFO  server.RaftServer$Division (RaftServerImpl.java:setRole(325)) - s0@group-C41D8CAA0102: changes role from CANDIDATE to LEADER at term 2 for changeToLeader
2022-10-20 09:08:56,265 [s0@group-C41D8CAA0102-LeaderElection11] INFO  server.RaftServer$Division (ServerState.java:setLeader(259)) - s0@group-C41D8CAA0102: change Leader from null to s0 at term 2 for becomeLeader, leader elected after 21ms
2022-10-20 09:08:56,266 [s0@group-C41D8CAA0102-LeaderElection11] INFO  server.RaftServerConfigKeys (ConfUtils.java:logGet(46)) - raft.server.staging.catchup.gap = 1000 (default)
2022-10-20 09:08:56,266 [s0@group-C41D8CAA0102-LeaderElection11] INFO  server.RaftServerConfigKeys (ConfUtils.java:logGet(46)) - raft.server.write.element-limit = 4096 (default)
2022-10-20 09:08:56,266 [s0@group-C41D8CAA0102-LeaderElection11] INFO  server.RaftServerConfigKeys (ConfUtils.java:logGet(46)) - raft.server.write.byte-limit = 64MB (=67108864) (default)
2022-10-20 09:08:56,266 [s0@group-C41D8CAA0102-LeaderElection11] INFO  server.RaftServerConfigKeys (ConfUtils.java:logGet(46)) - raft.server.watch.timeout = 10s (default)
2022-10-20 09:08:56,266 [s0@group-C41D8CAA0102-LeaderElection11] INFO  server.RaftServerConfigKeys (ConfUtils.java:logGet(46)) - raft.server.watch.timeout.denomination = 1s (default)
2022-10-20 09:08:56,266 [s0@group-C41D8CAA0102-LeaderElection11] INFO  server.RaftServerConfigKeys (ConfUtils.java:logGet(46)) - raft.server.watch.element-limit = 65536 (default)
2022-10-20 09:08:56,266 [s0@group-C41D8CAA0102-LeaderElection11] INFO  server.RaftServerConfigKeys (ConfUtils.java:logGet(46)) - raft.server.write.element-limit = 4096 (default)
2022-10-20 09:08:56,266 [s0@group-C41D8CAA0102-LeaderElection11] INFO  server.RaftServerConfigKeys (ConfUtils.java:logGet(46)) - raft.server.write.follower.gap.ratio.max = -1.0 (default)
2022-10-20 09:08:56,267 [s0@group-C41D8CAA0102-LeaderElection11] INFO  server.RaftServerConfigKeys (ConfUtils.java:logGet(46)) - raft.server.log.appender.snapshot.chunk.size.max = 16MB (=16777216) (default)
2022-10-20 09:08:56,267 [s0@group-C41D8CAA0102-LeaderElection11] INFO  server.RaftServerConfigKeys (ConfUtils.java:logGet(46)) - raft.server.log.appender.buffer.byte-limit = 4MB (=4194304) (default)
2022-10-20 09:08:56,267 [s0@group-C41D8CAA0102-LeaderElection11] INFO  server.RaftServerConfigKeys (ConfUtils.java:logGet(46)) - raft.server.log.appender.buffer.element-limit = 0 (default)
2022-10-20 09:08:56,267 [s0@group-C41D8CAA0102-LeaderElection11] INFO  grpc.GrpcConfigKeys (ConfUtils.java:logGet(46)) - raft.grpc.server.leader.outstanding.appends.max = 128 (default)
2022-10-20 09:08:56,267 [s0@group-C41D8CAA0102-LeaderElection11] INFO  server.RaftServerConfigKeys (ConfUtils.java:logGet(46)) - raft.server.rpc.request.timeout = 3000ms (default)
2022-10-20 09:08:56,267 [s0@group-C41D8CAA0102-LeaderElection11] INFO  server.RaftServerConfigKeys (ConfUtils.java:logGet(46)) - raft.server.log.appender.install.snapshot.enabled = true (default)
2022-10-20 09:08:56,267 [s0@group-C41D8CAA0102-LeaderElection11] INFO  grpc.GrpcConfigKeys (ConfUtils.java:logGet(46)) - raft.grpc.server.heartbeat.channel = true (default)
2022-10-20 09:08:56,267 [s0@group-C41D8CAA0102-LeaderElection11] INFO  server.RaftServerConfigKeys (ConfUtils.java:logGet(46)) - raft.server.log.appender.wait-time.min = 10ms (default)
2022-10-20 09:08:56,268 [s0@group-C41D8CAA0102-LeaderElection11] INFO  server.RaftServerConfigKeys (ConfUtils.java:logGet(46)) - raft.server.log.appender.snapshot.chunk.size.max = 16MB (=16777216) (default)
2022-10-20 09:08:56,268 [s0@group-C41D8CAA0102-LeaderElection11] INFO  server.RaftServerConfigKeys (ConfUtils.java:logGet(46)) - raft.server.log.appender.buffer.byte-limit = 4MB (=4194304) (default)
2022-10-20 09:08:56,268 [s0@group-C41D8CAA0102-LeaderElection11] INFO  server.RaftServerConfigKeys (ConfUtils.java:logGet(46)) - raft.server.log.appender.buffer.element-limit = 0 (default)
2022-10-20 09:08:56,268 [s0@group-C41D8CAA0102-LeaderElection11] INFO  grpc.GrpcConfigKeys (ConfUtils.java:logGet(46)) - raft.grpc.server.leader.outstanding.appends.max = 128 (default)
2022-10-20 09:08:56,268 [s0@group-C41D8CAA0102-LeaderElection11] INFO  server.RaftServerConfigKeys (ConfUtils.java:logGet(46)) - raft.server.rpc.request.timeout = 3000ms (default)
2022-10-20 09:08:56,268 [s0@group-C41D8CAA0102-LeaderElection11] INFO  server.RaftServerConfigKeys (ConfUtils.java:logGet(46)) - raft.server.log.appender.install.snapshot.enabled = true (default)
2022-10-20 09:08:56,268 [s0@group-C41D8CAA0102-LeaderElection11] INFO  grpc.GrpcConfigKeys (ConfUtils.java:logGet(46)) - raft.grpc.server.heartbeat.channel = true (default)
2022-10-20 09:08:56,268 [s0@group-C41D8CAA0102-LeaderElection11] INFO  server.RaftServerConfigKeys (ConfUtils.java:logGet(46)) - raft.server.log.appender.wait-time.min = 10ms (default)
2022-10-20 09:08:56,269 [s0@group-C41D8CAA0102-LeaderElection11] INFO  impl.RoleInfo (RoleInfo.java:updateAndGet(139)) - s0: start s0@group-C41D8CAA0102-LeaderStateImpl
2022-10-20 09:08:56,269 [s0@group-C41D8CAA0102-LeaderElection11] INFO  segmented.SegmentedRaftLogWorker (SegmentedRaftLogWorker.java:rollLogSegment(436)) - s0@group-C41D8CAA0102-SegmentedRaftLogWorker: Rolling segment log-0_2 to index:2
2022-10-20 09:08:56,270 [s1-client-thread1] DEBUG server.RaftServer$Division (RaftServerImpl.java:submitClientRequestAsync(827)) - s1@group-C41D8CAA0102: receive client request(RaftClientRequest:client-59C2816C993F->s1@group-C41D8CAA0102, cid=66, seq=0, RO, Message:5155455259)
2022-10-20 09:08:56,272 [s0@group-C41D8CAA0102-LeaderElection11] INFO  server.RaftServer$Division (ServerState.java:setRaftConf(376)) - s0@group-C41D8CAA0102: set configuration 3: peers:[s0|rpc:localhost:36667|admin:localhost:33201|client:localhost:41025|dataStream:localhost:46795|priority:0|startupRole:FOLLOWER, s1|rpc:localhost:45635|admin:localhost:35171|client:localhost:42115|dataStream:localhost:43227|priority:0|startupRole:FOLLOWER, s2|rpc:localhost:42077|admin:localhost:32787|client:localhost:44759|dataStream:localhost:46559|priority:0|startupRole:FOLLOWER]|listeners:[], old=null
2022-10-20 09:08:56,275 [s0@group-C41D8CAA0102-SegmentedRaftLogWorker] TRACE util.FileUtils (LogUtils.java:runAndLog(49)) - Successfully ran Atomic Files.move /home/runner/work/ratis/ratis/ratis-test/target/test/data/9aa86c5e/MiniRaftClusterWithGrpc2d911a57/s0/983d8f7e-9c0a-4e13-bb27-c41d8caa0102/current/log_inprogress_0 to /home/runner/work/ratis/ratis/ratis-test/target/test/data/9aa86c5e/MiniRaftClusterWithGrpc2d911a57/s0/983d8f7e-9c0a-4e13-bb27-c41d8caa0102/current/log_0-2
2022-10-20 09:08:56,276 [s0@group-C41D8CAA0102-SegmentedRaftLogWorker] INFO  segmented.SegmentedRaftLogWorker (SegmentedRaftLogWorker.java:execute(592)) - s0@group-C41D8CAA0102-SegmentedRaftLogWorker: Rolled log segment from /home/runner/work/ratis/ratis/ratis-test/target/test/data/9aa86c5e/MiniRaftClusterWithGrpc2d911a57/s0/983d8f7e-9c0a-4e13-bb27-c41d8caa0102/current/log_inprogress_0 to /home/runner/work/ratis/ratis/ratis-test/target/test/data/9aa86c5e/MiniRaftClusterWithGrpc2d911a57/s0/983d8f7e-9c0a-4e13-bb27-c41d8caa0102/current/log_0-2
2022-10-20 09:08:56,284 [s1-server-thread1] DEBUG server.RaftServer$Division (RaftServerImpl.java:logAppendEntries(1418)) - s1@group-C41D8CAA0102: receive appendEntries(s0, 2, (t:1, i:2), 2, true, commits:[s0:c2, s1:c2, s2:c2], cId:1, entries: [(t:2, i:3), CONFIGURATIONENTRY(current:id: "s0"
address: "localhost:36667"
dataStreamAddress: "localhost:46795"
clientAddress: "localhost:41025"
adminAddress: "localhost:33201"
startupRole: FOLLOWER
,id: "s1"
address: "localhost:45635"
dataStreamAddress: "localhost:43227"
clientAddress: "localhost:42115"
adminAddress: "localhost:35171"
startupRole: FOLLOWER
,id: "s2"
address: "localhost:42077"
dataStreamAddress: "localhost:46559"
clientAddress: "localhost:44759"
adminAddress: "localhost:32787"
startupRole: FOLLOWER
, old:)]
2022-10-20 09:08:56,284 [s1-server-thread1] INFO  server.RaftServer$Division (ServerState.java:setLeader(259)) - s1@group-C41D8CAA0102: change Leader from null to s0 at term 2 for appendEntries, leader elected after 28ms
2022-10-20 09:08:56,285 [s1-server-thread1] INFO  server.RaftServer$Division (ServerState.java:setRaftConf(376)) - s1@group-C41D8CAA0102: set configuration 3: peers:[s0|rpc:localhost:36667|admin:localhost:33201|client:localhost:41025|dataStream:localhost:46795|priority:0|startupRole:FOLLOWER, s1|rpc:localhost:45635|admin:localhost:35171|client:localhost:42115|dataStream:localhost:43227|priority:0|startupRole:FOLLOWER, s2|rpc:localhost:42077|admin:localhost:32787|client:localhost:44759|dataStream:localhost:46559|priority:0|startupRole:FOLLOWER]|listeners:[], old=null
2022-10-20 09:08:56,285 [s1-server-thread1] INFO  segmented.SegmentedRaftLogWorker (SegmentedRaftLogWorker.java:rollLogSegment(436)) - s1@group-C41D8CAA0102-SegmentedRaftLogWorker: Rolling segment log-0_2 to index:2
2022-10-20 09:08:56,287 [s1@group-C41D8CAA0102-SegmentedRaftLogWorker] TRACE util.FileUtils (LogUtils.java:runAndLog(49)) - Successfully ran Atomic Files.move /home/runner/work/ratis/ratis/ratis-test/target/test/data/9aa86c5e/MiniRaftClusterWithGrpc2d911a57/s1/983d8f7e-9c0a-4e13-bb27-c41d8caa0102/current/log_inprogress_0 to /home/runner/work/ratis/ratis/ratis-test/target/test/data/9aa86c5e/MiniRaftClusterWithGrpc2d911a57/s1/983d8f7e-9c0a-4e13-bb27-c41d8caa0102/current/log_0-2
2022-10-20 09:08:56,287 [s1@group-C41D8CAA0102-SegmentedRaftLogWorker] INFO  segmented.SegmentedRaftLogWorker (SegmentedRaftLogWorker.java:execute(592)) - s1@group-C41D8CAA0102-SegmentedRaftLogWorker: Rolled log segment from /home/runner/work/ratis/ratis/ratis-test/target/test/data/9aa86c5e/MiniRaftClusterWithGrpc2d911a57/s1/983d8f7e-9c0a-4e13-bb27-c41d8caa0102/current/log_inprogress_0 to /home/runner/work/ratis/ratis/ratis-test/target/test/data/9aa86c5e/MiniRaftClusterWithGrpc2d911a57/s1/983d8f7e-9c0a-4e13-bb27-c41d8caa0102/current/log_0-2
2022-10-20 09:08:56,306 [s1@group-C41D8CAA0102-SegmentedRaftLogWorker] INFO  segmented.SegmentedRaftLogWorker (SegmentedRaftLogWorker.java:execute(635)) - s1@group-C41D8CAA0102-SegmentedRaftLogWorker: created new log segment /home/runner/work/ratis/ratis/ratis-test/target/test/data/9aa86c5e/MiniRaftClusterWithGrpc2d911a57/s1/983d8f7e-9c0a-4e13-bb27-c41d8caa0102/current/log_inprogress_3
2022-10-20 09:08:56,307 [s1-server-thread2] DEBUG server.RaftServer$Division (RaftServerImpl.java:logAppendEntries(1418)) - s1@group-C41D8CAA0102: succeeded to handle AppendEntries. Reply: s0<-s1#1:OK-t2,SUCCESS,nextIndex=4,followerCommit=2,matchIndex=3
2022-10-20 09:08:56,308 [s0@group-C41D8CAA0102-SegmentedRaftLogWorker] INFO  segmented.SegmentedRaftLogWorker (SegmentedRaftLogWorker.java:execute(635)) - s0@group-C41D8CAA0102-SegmentedRaftLogWorker: created new log segment /home/runner/work/ratis/ratis/ratis-test/target/test/data/9aa86c5e/MiniRaftClusterWithGrpc2d911a57/s0/983d8f7e-9c0a-4e13-bb27-c41d8caa0102/current/log_inprogress_3
2022-10-20 09:08:56,311 [s2-server-thread3] INFO  server.RaftServer$Division (ServerState.java:setLeader(259)) - s2@group-C41D8CAA0102: change Leader from null to s0 at term 2 for appendEntries, leader elected after 53ms
2022-10-20 09:08:56,312 [s2-server-thread2] DEBUG server.RaftServer$Division (RaftServerImpl.java:logAppendEntries(1418)) - s2@group-C41D8CAA0102: receive appendEntries(s0, 2, (t:1, i:2), 2, true, commits:[s0:c2, s1:c2, s2:c2], cId:1, entries: [(t:2, i:3), CONFIGURATIONENTRY(current:id: "s0"
address: "localhost:36667"
dataStreamAddress: "localhost:46795"
clientAddress: "localhost:41025"
adminAddress: "localhost:33201"
startupRole: FOLLOWER
,id: "s1"
address: "localhost:45635"
dataStreamAddress: "localhost:43227"
clientAddress: "localhost:42115"
adminAddress: "localhost:35171"
startupRole: FOLLOWER
,id: "s2"
address: "localhost:42077"
dataStreamAddress: "localhost:46559"
clientAddress: "localhost:44759"
adminAddress: "localhost:32787"
startupRole: FOLLOWER
, old:)]
2022-10-20 09:08:56,312 [s2-server-thread2] INFO  server.RaftServer$Division (ServerState.java:setRaftConf(376)) - s2@group-C41D8CAA0102: set configuration 3: peers:[s0|rpc:localhost:36667|admin:localhost:33201|client:localhost:41025|dataStream:localhost:46795|priority:0|startupRole:FOLLOWER, s1|rpc:localhost:45635|admin:localhost:35171|client:localhost:42115|dataStream:localhost:43227|priority:0|startupRole:FOLLOWER, s2|rpc:localhost:42077|admin:localhost:32787|client:localhost:44759|dataStream:localhost:46559|priority:0|startupRole:FOLLOWER]|listeners:[], old=null
2022-10-20 09:08:56,313 [s2-server-thread2] INFO  segmented.SegmentedRaftLogWorker (SegmentedRaftLogWorker.java:rollLogSegment(436)) - s2@group-C41D8CAA0102-SegmentedRaftLogWorker: Rolling segment log-0_2 to index:2
2022-10-20 09:08:56,315 [s1-server-thread1] DEBUG server.RaftServer$Division (RaftServerImpl.java:logAppendEntries(1418)) - s1@group-C41D8CAA0102: receive appendEntries(s0, 2, (t:2, i:3), 3, true, commits:[s0:c3, s1:c2, s2:c2], cId:3, entries: [(t:2, i:4), METADATAENTRY(c:3)]
2022-10-20 09:08:56,316 [s2@group-C41D8CAA0102-SegmentedRaftLogWorker] TRACE util.FileUtils (LogUtils.java:runAndLog(49)) - Successfully ran Atomic Files.move /home/runner/work/ratis/ratis/ratis-test/target/test/data/9aa86c5e/MiniRaftClusterWithGrpc2d911a57/s2/983d8f7e-9c0a-4e13-bb27-c41d8caa0102/current/log_inprogress_0 to /home/runner/work/ratis/ratis/ratis-test/target/test/data/9aa86c5e/MiniRaftClusterWithGrpc2d911a57/s2/983d8f7e-9c0a-4e13-bb27-c41d8caa0102/current/log_0-2
2022-10-20 09:08:56,316 [s2@group-C41D8CAA0102-SegmentedRaftLogWorker] INFO  segmented.SegmentedRaftLogWorker (SegmentedRaftLogWorker.java:execute(592)) - s2@group-C41D8CAA0102-SegmentedRaftLogWorker: Rolled log segment from /home/runner/work/ratis/ratis/ratis-test/target/test/data/9aa86c5e/MiniRaftClusterWithGrpc2d911a57/s2/983d8f7e-9c0a-4e13-bb27-c41d8caa0102/current/log_inprogress_0 to /home/runner/work/ratis/ratis/ratis-test/target/test/data/9aa86c5e/MiniRaftClusterWithGrpc2d911a57/s2/983d8f7e-9c0a-4e13-bb27-c41d8caa0102/current/log_0-2
2022-10-20 09:08:56,326 [s1-server-thread1] DEBUG server.RaftServer$Division (RaftServerImpl.java:logAppendEntries(1418)) - s1@group-C41D8CAA0102: succeeded to handle AppendEntries. Reply: s0<-s1#3:OK-t2,SUCCESS,nextIndex=5,followerCommit=3,matchIndex=4
2022-10-20 09:08:56,329 [Time-limited test] INFO  impl.MiniRaftCluster (MiniRaftCluster.java:runWithNewCluster(143)) - printing ALL groups
  s0:  RUNNING    LEADER s0@group-C41D8CAA0102:t2, leader=s0, voted=s0, raftlog=Memoized:s0@group-C41D8CAA0102-SegmentedRaftLog:OPENED:c3, conf=3: peers:[s0|rpc:localhost:36667|admin:localhost:33201|client:localhost:41025|dataStream:localhost:46795|priority:0|startupRole:FOLLOWER, s1|rpc:localhost:45635|admin:localhost:35171|client:localhost:42115|dataStream:localhost:43227|priority:0|startupRole:FOLLOWER, s2|rpc:localhost:42077|admin:localhost:32787|client:localhost:44759|dataStream:localhost:46559|priority:0|startupRole:FOLLOWER]|listeners:[], old=null RUNNING
  s1:  RUNNING  FOLLOWER s1@group-C41D8CAA0102:t2, leader=s0, voted=s0, raftlog=Memoized:s1@group-C41D8CAA0102-SegmentedRaftLog:OPENED:c3, conf=3: peers:[s0|rpc:localhost:36667|admin:localhost:33201|client:localhost:41025|dataStream:localhost:46795|priority:0|startupRole:FOLLOWER, s1|rpc:localhost:45635|admin:localhost:35171|client:localhost:42115|dataStream:localhost:43227|priority:0|startupRole:FOLLOWER, s2|rpc:localhost:42077|admin:localhost:32787|client:localhost:44759|dataStream:localhost:46559|priority:0|startupRole:FOLLOWER]|listeners:[], old=null RUNNING
  s2:  RUNNING  FOLLOWER s2@group-C41D8CAA0102:t2, leader=s0, voted=s0, raftlog=Memoized:s2@group-C41D8CAA0102-SegmentedRaftLog:OPENED:c2, conf=3: peers:[s0|rpc:localhost:36667|admin:localhost:33201|client:localhost:41025|dataStream:localhost:46795|priority:0|startupRole:FOLLOWER, s1|rpc:localhost:45635|admin:localhost:35171|client:localhost:42115|dataStream:localhost:43227|priority:0|startupRole:FOLLOWER, s2|rpc:localhost:42077|admin:localhost:32787|client:localhost:44759|dataStream:localhost:46559|priority:0|startupRole:FOLLOWER]|listeners:[], old=null RUNNING
2022-10-20 09:08:56,329 [Time-limited test] ERROR impl.MiniRaftCluster (MiniRaftCluster.java:runWithNewCluster(144)) - Failed org.apache.ratis.server.impl.MiniRaftCluster$Factory$Get.runWithNewCluster(MiniRaftCluster.java:121)
org.apache.ratis.protocol.exceptions.RaftRetryFailureException: Failed RaftClientRequest:client-59C2816C993F->s1@group-C41D8CAA0102, cid=66, seq=0, RO, QUERY for 3 attempts with ExceptionDependentRetry(maxAttempts=2147483647; defaultPolicy=NoRetry; map={org.apache.ratis.protocol.exceptions.ReadIndexException->RetryForeverWithSleep(sleepTime = 100ms)})
	at org.apache.ratis.client.impl.RaftClientImpl.noMoreRetries(RaftClientImpl.java:306)
	at org.apache.ratis.client.impl.BlockingImpl.sendRequestWithRetry(BlockingImpl.java:119)
	at org.apache.ratis.client.impl.BlockingImpl.send(BlockingImpl.java:85)
	at org.apache.ratis.client.impl.BlockingImpl.sendReadOnly(BlockingImpl.java:64)
	at org.apache.ratis.client.api.BlockingApi.sendReadOnly(BlockingApi.java:45)
	at org.apache.ratis.ReadOnlyRequestTests.testFollowerLinearizableReadRetryWhenLeaderDown(ReadOnlyRequestTests.java:242)
	at org.apache.ratis.server.impl.MiniRaftCluster$Factory$Get.runWithNewCluster(MiniRaftCluster.java:141)
	at org.apache.ratis.server.impl.MiniRaftCluster$Factory$Get.runWithNewCluster(MiniRaftCluster.java:121)
	at org.apache.ratis.ReadOnlyRequestTests.testFollowerLinearizableReadRetryWhenLeaderDown(ReadOnlyRequestTests.java:218)
	at java.base/jdk.internal.reflect.NativeMethodAccessorImpl.invoke0(Native Method)
	at java.base/jdk.internal.reflect.NativeMethodAccessorImpl.invoke(NativeMethodAccessorImpl.java:62)
	at java.base/jdk.internal.reflect.DelegatingMethodAccessorImpl.invoke(DelegatingMethodAccessorImpl.java:43)
	at java.base/java.lang.reflect.Method.invoke(Method.java:566)
	at org.junit.runners.model.FrameworkMethod$1.runReflectiveCall(FrameworkMethod.java:59)
	at org.junit.internal.runners.model.ReflectiveCallable.run(ReflectiveCallable.java:12)
	at org.junit.runners.model.FrameworkMethod.invokeExplosively(FrameworkMethod.java:56)
	at org.junit.internal.runners.statements.InvokeMethod.evaluate(InvokeMethod.java:17)
	at org.junit.internal.runners.statements.RunBefores.evaluate(RunBefores.java:26)
	at org.junit.internal.runners.statements.RunAfters.evaluate(RunAfters.java:27)
	at org.junit.internal.runners.statements.FailOnTimeout$CallableStatement.call(FailOnTimeout.java:299)
	at org.junit.internal.runners.statements.FailOnTimeout$CallableStatement.call(FailOnTimeout.java:293)
	at java.base/java.util.concurrent.FutureTask.run(FutureTask.java:264)
	at java.base/java.lang.Thread.run(Thread.java:829)
Caused by: java.io.IOException: java.lang.NullPointerException
	at org.apache.ratis.util.IOUtils.asIOException(IOUtils.java:56)
	at org.apache.ratis.grpc.GrpcUtil.tryUnwrapException(GrpcUtil.java:121)
	at org.apache.ratis.grpc.GrpcUtil.unwrapException(GrpcUtil.java:91)
	at org.apache.ratis.grpc.GrpcUtil.unwrapIOException(GrpcUtil.java:152)
	at org.apache.ratis.grpc.client.GrpcClientRpc$1.onError(GrpcClientRpc.java:156)
	at org.apache.ratis.thirdparty.io.grpc.stub.ClientCalls$StreamObserverToCallListenerAdapter.onClose(ClientCalls.java:487)
	at org.apache.ratis.thirdparty.io.grpc.PartialForwardingClientCallListener.onClose(PartialForwardingClientCallListener.java:39)
	at org.apache.ratis.thirdparty.io.grpc.ForwardingClientCallListener.onClose(ForwardingClientCallListener.java:23)
	at org.apache.ratis.grpc.metrics.intercept.client.MetricClientCallListener.onClose(MetricClientCallListener.java:47)
	at org.apache.ratis.thirdparty.io.grpc.internal.ClientCallImpl.closeObserver(ClientCallImpl.java:562)
	at org.apache.ratis.thirdparty.io.grpc.internal.ClientCallImpl.access$300(ClientCallImpl.java:70)
	at org.apache.ratis.thirdparty.io.grpc.internal.ClientCallImpl$ClientStreamListenerImpl$1StreamClosed.runInternal(ClientCallImpl.java:743)
	at org.apache.ratis.thirdparty.io.grpc.internal.ClientCallImpl$ClientStreamListenerImpl$1StreamClosed.runInContext(ClientCallImpl.java:722)
	at org.apache.ratis.thirdparty.io.grpc.internal.ContextRunnable.run(ContextRunnable.java:37)
	at org.apache.ratis.thirdparty.io.grpc.internal.SerializingExecutor.run(SerializingExecutor.java:133)
	at java.base/java.util.concurrent.ThreadPoolExecutor.runWorker(ThreadPoolExecutor.java:1128)
	at java.base/java.util.concurrent.ThreadPoolExecutor$Worker.run(ThreadPoolExecutor.java:628)
	... 1 more
Caused by: java.lang.NullPointerException
	at java.base/jdk.internal.reflect.NativeConstructorAccessorImpl.newInstance0(Native Method)
	at java.base/jdk.internal.reflect.NativeConstructorAccessorImpl.newInstance(NativeConstructorAccessorImpl.java:62)
	at java.base/jdk.internal.reflect.DelegatingConstructorAccessorImpl.newInstance(DelegatingConstructorAccessorImpl.java:45)
	at java.base/java.lang.reflect.Constructor.newInstance(Constructor.java:490)
	at org.apache.ratis.util.ReflectionUtils.instantiateException(ReflectionUtils.java:250)
	at org.apache.ratis.util.ReflectionUtils.instantiateException(ReflectionUtils.java:255)
	at org.apache.ratis.grpc.GrpcUtil.tryUnwrapException(GrpcUtil.java:120)
	... 16 more
Caused by: org.apache.ratis.thirdparty.io.grpc.StatusRuntimeException: INTERNAL
	at org.apache.ratis.thirdparty.io.grpc.Status.asRuntimeException(Status.java:535)
	... 13 more
	Suppressed: java.lang.IllegalStateException: Failed to cast to class java.io.IOException, object=java.lang.NullPointerException
	at org.apache.ratis.client.impl.ClientProtoUtils.toRaftRpcRequestProtoBuilder(ClientProtoUtils.java:115)
	at org.apache.ratis.server.impl.ServerProtoUtils.toReadIndexRequestProto(ServerProtoUtils.java:115)
	at org.apache.ratis.server.impl.RaftServerImpl.sendReadIndexAsync(RaftServerImpl.java:924)
	at org.apache.ratis.server.impl.RaftServerImpl.readAsync(RaftServerImpl.java:947)
	at org.apache.ratis.server.impl.RaftServerImpl.submitClientRequestAsync(RaftServerImpl.java:836)
	at org.apache.ratis.server.impl.RaftServerImpl.lambda$executeSubmitClientRequestAsync$12(RaftServerImpl.java:819)
	at org.apache.ratis.util.JavaUtils.callAsUnchecked(JavaUtils.java:117)
	at org.apache.ratis.server.impl.RaftServerImpl.lambda$executeSubmitClientRequestAsync$13(RaftServerImpl.java:819)
	at java.base/java.util.concurrent.CompletableFuture$AsyncSupply.run(CompletableFuture.java:1700)
	at java.base/java.util.concurrent.ThreadPoolExecutor.runWorker(ThreadPoolExecutor.java:1128)
	at java.base/java.util.concurrent.ThreadPoolExecutor$Worker.run(ThreadPoolExecutor.java:628)
	at java.base/java.lang.Thread.run(Thread.java:829)

		at org.apache.ratis.util.IOUtils.readObject(IOUtils.java:237)
		at org.apache.ratis.util.IOUtils.bytes2Object(IOUtils.java:214)
		at org.apache.ratis.grpc.GrpcUtil.tryUnwrapException(GrpcUtil.java:109)
		at org.apache.ratis.grpc.GrpcUtil.unwrapException(GrpcUtil.java:91)
		at org.apache.ratis.grpc.GrpcUtil.unwrapIOException(GrpcUtil.java:152)
		at org.apache.ratis.grpc.client.GrpcClientRpc$1.onError(GrpcClientRpc.java:156)
		... 13 more
	Caused by: java.lang.ClassCastException: Cannot cast java.lang.NullPointerException to java.io.IOException
		at java.base/java.lang.Class.cast(Class.java:3605)
		at org.apache.ratis.util.IOUtils.readObject(IOUtils.java:234)
		... 18 more
2022-10-20 09:08:56,333 [Time-limited test] INFO  impl.MiniRaftCluster (MiniRaftCluster.java:shutdown(831)) - ************************************************************** 
2022-10-20 09:08:56,333 [Time-limited test] INFO  impl.MiniRaftCluster (MiniRaftCluster.java:shutdown(832)) - *** 
2022-10-20 09:08:56,334 [Time-limited test] INFO  impl.MiniRaftCluster (MiniRaftCluster.java:shutdown(833)) - ***     Stopping MiniRaftClusterWithGrpc
2022-10-20 09:08:56,334 [Time-limited test] INFO  impl.MiniRaftCluster (MiniRaftCluster.java:shutdown(834)) - *** 
2022-10-20 09:08:56,334 [Time-limited test] INFO  impl.MiniRaftCluster (MiniRaftCluster.java:shutdown(835)) - ************************************************************** 
2022-10-20 09:08:56,334 [Time-limited test] INFO  impl.MiniRaftCluster (MiniRaftCluster.java:shutdown(836)) - printing ALL groups
  s0:  RUNNING    LEADER s0@group-C41D8CAA0102:t2, leader=s0, voted=s0, raftlog=Memoized:s0@group-C41D8CAA0102-SegmentedRaftLog:OPENED:c4, conf=3: peers:[s0|rpc:localhost:36667|admin:localhost:33201|client:localhost:41025|dataStream:localhost:46795|priority:0|startupRole:FOLLOWER, s1|rpc:localhost:45635|admin:localhost:35171|client:localhost:42115|dataStream:localhost:43227|priority:0|startupRole:FOLLOWER, s2|rpc:localhost:42077|admin:localhost:32787|client:localhost:44759|dataStream:localhost:46559|priority:0|startupRole:FOLLOWER]|listeners:[], old=null RUNNING
  s1:  RUNNING  FOLLOWER s1@group-C41D8CAA0102:t2, leader=s0, voted=s0, raftlog=Memoized:s1@group-C41D8CAA0102-SegmentedRaftLog:OPENED:c3, conf=3: peers:[s0|rpc:localhost:36667|admin:localhost:33201|client:localhost:41025|dataStream:localhost:46795|priority:0|startupRole:FOLLOWER, s1|rpc:localhost:45635|admin:localhost:35171|client:localhost:42115|dataStream:localhost:43227|priority:0|startupRole:FOLLOWER, s2|rpc:localhost:42077|admin:localhost:32787|client:localhost:44759|dataStream:localhost:46559|priority:0|startupRole:FOLLOWER]|listeners:[], old=null RUNNING
  s2:  RUNNING  FOLLOWER s2@group-C41D8CAA0102:t2, leader=s0, voted=s0, raftlog=Memoized:s2@group-C41D8CAA0102-SegmentedRaftLog:OPENED:c2, conf=3: peers:[s0|rpc:localhost:36667|admin:localhost:33201|client:localhost:41025|dataStream:localhost:46795|priority:0|startupRole:FOLLOWER, s1|rpc:localhost:45635|admin:localhost:35171|client:localhost:42115|dataStream:localhost:43227|priority:0|startupRole:FOLLOWER, s2|rpc:localhost:42077|admin:localhost:32787|client:localhost:44759|dataStream:localhost:46559|priority:0|startupRole:FOLLOWER]|listeners:[], old=null RUNNING
2022-10-20 09:08:56,331 [s2@group-C41D8CAA0102-SegmentedRaftLogWorker] INFO  segmented.SegmentedRaftLogWorker (SegmentedRaftLogWorker.java:execute(635)) - s2@group-C41D8CAA0102-SegmentedRaftLogWorker: created new log segment /home/runner/work/ratis/ratis/ratis-test/target/test/data/9aa86c5e/MiniRaftClusterWithGrpc2d911a57/s2/983d8f7e-9c0a-4e13-bb27-c41d8caa0102/current/log_inprogress_3
2022-10-20 09:08:56,330 [s2-server-thread3] DEBUG server.RaftServer$Division (RaftServerImpl.java:logAppendEntries(1418)) - s2@group-C41D8CAA0102: receive appendEntries(s0, 2, (t:2, i:3), 3, true, commits:[s0:c3, s1:c2, s2:c2], cId:5, entries: [(t:2, i:4), METADATAENTRY(c:3)]
2022-10-20 09:08:56,335 [s2-server-thread3] DEBUG server.RaftServer$Division (RaftServerImpl.java:logAppendEntries(1418)) - s2@group-C41D8CAA0102: succeeded to handle AppendEntries. Reply: s0<-s2#1:OK-t2,SUCCESS,nextIndex=4,followerCommit=2,matchIndex=3
2022-10-20 09:08:56,336 [s2-server-thread1] DEBUG server.RaftServer$Division (RaftServerImpl.java:logAppendEntries(1418)) - s2@group-C41D8CAA0102: succeeded to handle AppendEntries. Reply: s0<-s2#5:OK-t2,SUCCESS,nextIndex=5,followerCommit=3,matchIndex=4
2022-10-20 09:08:56,336 [MiniRaftCluster-31] INFO  server.RaftServer (RaftServerProxy.java:lambda$close$7(412)) - s0: close
2022-10-20 09:08:56,337 [MiniRaftCluster-32] INFO  server.RaftServer (RaftServerProxy.java:lambda$close$7(412)) - s1: close
2022-10-20 09:08:56,344 [s0-impl-thread1] INFO  server.RaftServer$Division (RaftServerImpl.java:lambda$close$4(462)) - s0@group-C41D8CAA0102: shutdown
2022-10-20 09:08:56,345 [s0-impl-thread1] INFO  util.JmxRegister (JmxRegister.java:unregister(73)) - Successfully un-registered JMX Bean with object name Ratis:service=RaftServer,group=group-C41D8CAA0102,id=s0
2022-10-20 09:08:56,345 [s0-impl-thread1] INFO  impl.RoleInfo (RoleInfo.java:shutdownLeaderState(93)) - s0: shutdown s0@group-C41D8CAA0102-LeaderStateImpl
2022-10-20 09:08:56,345 [s0-impl-thread1] INFO  impl.PendingRequests (PendingRequests.java:sendNotLeaderResponses(282)) - s0@group-C41D8CAA0102-PendingRequests: sendNotLeaderResponses
2022-10-20 09:08:56,345 [s0@group-C41D8CAA0102->s1-GrpcLogAppender-LogAppenderDaemon] WARN  server.GrpcLogAppender (GrpcLogAppender.java:mayWait(199)) - s0@group-C41D8CAA0102->s1-GrpcLogAppender: Wait interrupted by java.lang.InterruptedException
2022-10-20 09:08:56,344 [MiniRaftCluster-31] INFO  server.GrpcService (GrpcService.java:closeImpl(319)) - s0: shutdown server org.apache.ratis.grpc.server.GrpcClientProtocolService now
2022-10-20 09:08:56,347 [grpc-default-executor-0] INFO  server.GrpcServerProtocolService (GrpcServerProtocolService.java:onCompleted(143)) - s1: Completed APPEND_ENTRIES, lastRequest: null
2022-10-20 09:08:56,347 [grpc-default-executor-9] INFO  server.GrpcServerProtocolService (GrpcServerProtocolService.java:onCompleted(143)) - s1: Completed APPEND_ENTRIES, lastRequest: s0->s1#3-t2,previous=(t:2, i:3),leaderCommit=3,initializing? true,entries: size=1, first=(t:2, i:4), METADATAENTRY(c:3)
2022-10-20 09:08:56,348 [grpc-default-executor-12] INFO  server.GrpcServerProtocolService (GrpcServerProtocolService.java:onCompleted(143)) - s2: Completed APPEND_ENTRIES, lastRequest: s0->s2#5-t2,previous=(t:2, i:3),leaderCommit=3,initializing? true,entries: size=1, first=(t:2, i:4), METADATAENTRY(c:3)
2022-10-20 09:08:56,347 [grpc-default-executor-13] INFO  server.GrpcServerProtocolService (GrpcServerProtocolService.java:onCompleted(143)) - s2: Completed APPEND_ENTRIES, lastRequest: null
2022-10-20 09:08:56,350 [grpc-default-executor-11] INFO  server.GrpcLogAppender (GrpcLogAppender.java:onCompleted(413)) - s0@group-C41D8CAA0102->s2-AppendLogResponseHandler: follower responses appendEntries COMPLETED
2022-10-20 09:08:56,350 [MiniRaftCluster-31] INFO  server.GrpcServerProtocolClient (GrpcServerProtocolClient.java:close(111)) - s1 Close channels
2022-10-20 09:08:56,351 [grpc-default-executor-13] INFO  server.GrpcLogAppender (GrpcLogAppender.java:onCompleted(413)) - s0@group-C41D8CAA0102->s1-AppendLogResponseHandler: follower responses appendEntries COMPLETED
2022-10-20 09:08:56,351 [grpc-default-executor-13] WARN  server.GrpcLogAppender (GrpcLogAppender.java:resetClient(136)) - s0@group-C41D8CAA0102->s1-GrpcLogAppender: Failed to getClient for s1
org.apache.ratis.protocol.exceptions.AlreadyClosedException: s0 is already CLOSED
	at org.apache.ratis.util.PeerProxyMap$PeerAndProxy.getProxy(PeerProxyMap.java:61)
	at org.apache.ratis.util.PeerProxyMap.getProxy(PeerProxyMap.java:115)
	at org.apache.ratis.grpc.server.GrpcLogAppender.getClient(GrpcLogAppender.java:115)
	at org.apache.ratis.grpc.server.GrpcLogAppender.resetClient(GrpcLogAppender.java:120)
	at org.apache.ratis.grpc.server.GrpcLogAppender.access$500(GrpcLogAppender.java:57)
	at org.apache.ratis.grpc.server.GrpcLogAppender$AppendLogResponseHandler.onCompleted(GrpcLogAppender.java:414)
	at org.apache.ratis.thirdparty.io.grpc.stub.ClientCalls$StreamObserverToCallListenerAdapter.onClose(ClientCalls.java:485)
	at org.apache.ratis.thirdparty.io.grpc.internal.DelayedClientCall$DelayedListener$3.run(DelayedClientCall.java:468)
	at org.apache.ratis.thirdparty.io.grpc.internal.DelayedClientCall$DelayedListener.delayOrExecute(DelayedClientCall.java:432)
	at org.apache.ratis.thirdparty.io.grpc.internal.DelayedClientCall$DelayedListener.onClose(DelayedClientCall.java:465)
	at org.apache.ratis.thirdparty.io.grpc.internal.ClientCallImpl.closeObserver(ClientCallImpl.java:562)
	at org.apache.ratis.thirdparty.io.grpc.internal.ClientCallImpl.access$300(ClientCallImpl.java:70)
	at org.apache.ratis.thirdparty.io.grpc.internal.ClientCallImpl$ClientStreamListenerImpl$1StreamClosed.runInternal(ClientCallImpl.java:743)
	at org.apache.ratis.thirdparty.io.grpc.internal.ClientCallImpl$ClientStreamListenerImpl$1StreamClosed.runInContext(ClientCallImpl.java:722)
	at org.apache.ratis.thirdparty.io.grpc.internal.ContextRunnable.run(ContextRunnable.java:37)
	at org.apache.ratis.thirdparty.io.grpc.internal.SerializingExecutor.run(SerializingExecutor.java:133)
	at java.base/java.util.concurrent.ThreadPoolExecutor.runWorker(ThreadPoolExecutor.java:1128)
	at java.base/java.util.concurrent.ThreadPoolExecutor$Worker.run(ThreadPoolExecutor.java:628)
	at java.base/java.lang.Thread.run(Thread.java:829)
2022-10-20 09:08:56,347 [s0-impl-thread1] INFO  impl.StateMachineUpdater (StateMachineUpdater.java:stopAndJoin(154)) - s0@group-C41D8CAA0102-StateMachineUpdater: set stopIndex = 4
2022-10-20 09:08:56,354 [s0-impl-thread1] INFO  server.RaftServer$Division (ServerState.java:close(412)) - s0@group-C41D8CAA0102: applyIndex: 4
2022-10-20 09:08:56,350 [grpc-default-executor-11] INFO  leader.FollowerInfo (FollowerInfoImpl.java:lambda$new$0(48)) - s0@group-C41D8CAA0102->s2: nextIndex: updateUnconditionally 5 -> 4
2022-10-20 09:08:56,354 [s0@group-C41D8CAA0102-SegmentedRaftLogWorker] INFO  segmented.SegmentedRaftLogWorker (SegmentedRaftLogWorker.java:run(333)) - s0@group-C41D8CAA0102-SegmentedRaftLogWorker was interrupted, exiting. There are 0 tasks remaining in the queue.
2022-10-20 09:08:56,354 [MiniRaftCluster-31] INFO  server.GrpcServerProtocolClient (GrpcServerProtocolClient.java:close(111)) - s2 Close channels
2022-10-20 09:08:56,355 [s0-impl-thread1] INFO  segmented.SegmentedRaftLogWorker (SegmentedRaftLogWorker.java:close(246)) - s0@group-C41D8CAA0102-SegmentedRaftLogWorker close()
2022-10-20 09:08:56,355 [grpc-default-executor-9] INFO  server.GrpcLogAppender (GrpcLogAppender.java:onCompleted(413)) - s0@group-C41D8CAA0102->s1-AppendLogResponseHandler: follower responses appendEntries COMPLETED
2022-10-20 09:08:56,356 [grpc-default-executor-9] WARN  server.GrpcLogAppender (GrpcLogAppender.java:resetClient(136)) - s0@group-C41D8CAA0102->s1-GrpcLogAppender: Failed to getClient for s1
org.apache.ratis.protocol.exceptions.AlreadyClosedException: s0 is already CLOSED
	at org.apache.ratis.util.PeerProxyMap$PeerAndProxy.getProxy(PeerProxyMap.java:61)
	at org.apache.ratis.util.PeerProxyMap.getProxy(PeerProxyMap.java:115)
	at org.apache.ratis.grpc.server.GrpcLogAppender.getClient(GrpcLogAppender.java:115)
	at org.apache.ratis.grpc.server.GrpcLogAppender.resetClient(GrpcLogAppender.java:120)
	at org.apache.ratis.grpc.server.GrpcLogAppender.access$500(GrpcLogAppender.java:57)
	at org.apache.ratis.grpc.server.GrpcLogAppender$AppendLogResponseHandler.onCompleted(GrpcLogAppender.java:414)
	at org.apache.ratis.thirdparty.io.grpc.stub.ClientCalls$StreamObserverToCallListenerAdapter.onClose(ClientCalls.java:485)
	at org.apache.ratis.thirdparty.io.grpc.internal.ClientCallImpl.closeObserver(ClientCallImpl.java:562)
	at org.apache.ratis.thirdparty.io.grpc.internal.ClientCallImpl.access$300(ClientCallImpl.java:70)
	at org.apache.ratis.thirdparty.io.grpc.internal.ClientCallImpl$ClientStreamListenerImpl$1StreamClosed.runInternal(ClientCallImpl.java:743)
	at org.apache.ratis.thirdparty.io.grpc.internal.ClientCallImpl$ClientStreamListenerImpl$1StreamClosed.runInContext(ClientCallImpl.java:722)
	at org.apache.ratis.thirdparty.io.grpc.internal.ContextRunnable.run(ContextRunnable.java:37)
	at org.apache.ratis.thirdparty.io.grpc.internal.SerializingExecutor.run(SerializingExecutor.java:133)
	at java.base/java.util.concurrent.ThreadPoolExecutor.runWorker(ThreadPoolExecutor.java:1128)
	at java.base/java.util.concurrent.ThreadPoolExecutor$Worker.run(ThreadPoolExecutor.java:628)
	at java.base/java.lang.Thread.run(Thread.java:829)
2022-10-20 09:08:56,356 [grpc-default-executor-12] INFO  server.GrpcLogAppender (GrpcLogAppender.java:onCompleted(413)) - s0@group-C41D8CAA0102->s2-AppendLogResponseHandler: follower responses appendEntries COMPLETED
2022-10-20 09:08:56,356 [grpc-default-executor-12] WARN  server.GrpcLogAppender (GrpcLogAppender.java:resetClient(136)) - s0@group-C41D8CAA0102->s2-GrpcLogAppender: Failed to getClient for s2
org.apache.ratis.protocol.exceptions.AlreadyClosedException: s0 is already CLOSED
	at org.apache.ratis.util.PeerProxyMap$PeerAndProxy.getProxy(PeerProxyMap.java:61)
	at org.apache.ratis.util.PeerProxyMap.getProxy(PeerProxyMap.java:115)
	at org.apache.ratis.grpc.server.GrpcLogAppender.getClient(GrpcLogAppender.java:115)
	at org.apache.ratis.grpc.server.GrpcLogAppender.resetClient(GrpcLogAppender.java:120)
	at org.apache.ratis.grpc.server.GrpcLogAppender.access$500(GrpcLogAppender.java:57)
	at org.apache.ratis.grpc.server.GrpcLogAppender$AppendLogResponseHandler.onCompleted(GrpcLogAppender.java:414)
	at org.apache.ratis.thirdparty.io.grpc.stub.ClientCalls$StreamObserverToCallListenerAdapter.onClose(ClientCalls.java:485)
	at org.apache.ratis.thirdparty.io.grpc.internal.DelayedClientCall$DelayedListener$3.run(DelayedClientCall.java:468)
	at org.apache.ratis.thirdparty.io.grpc.internal.DelayedClientCall$DelayedListener.delayOrExecute(DelayedClientCall.java:432)
	at org.apache.ratis.thirdparty.io.grpc.internal.DelayedClientCall$DelayedListener.onClose(DelayedClientCall.java:465)
	at org.apache.ratis.thirdparty.io.grpc.internal.ClientCallImpl.closeObserver(ClientCallImpl.java:562)
	at org.apache.ratis.thirdparty.io.grpc.internal.ClientCallImpl.access$300(ClientCallImpl.java:70)
	at org.apache.ratis.thirdparty.io.grpc.internal.ClientCallImpl$ClientStreamListenerImpl$1StreamClosed.runInternal(ClientCallImpl.java:743)
	at org.apache.ratis.thirdparty.io.grpc.internal.ClientCallImpl$ClientStreamListenerImpl$1StreamClosed.runInContext(ClientCallImpl.java:722)
	at org.apache.ratis.thirdparty.io.grpc.internal.ContextRunnable.run(ContextRunnable.java:37)
	at org.apache.ratis.thirdparty.io.grpc.internal.SerializingExecutor.run(SerializingExecutor.java:133)
	at java.base/java.util.concurrent.ThreadPoolExecutor.runWorker(ThreadPoolExecutor.java:1128)
	at java.base/java.util.concurrent.ThreadPoolExecutor$Worker.run(ThreadPoolExecutor.java:628)
	at java.base/java.lang.Thread.run(Thread.java:829)
2022-10-20 09:08:56,356 [s1-impl-thread1] INFO  server.RaftServer$Division (RaftServerImpl.java:lambda$close$4(462)) - s1@group-C41D8CAA0102: shutdown
2022-10-20 09:08:56,357 [s1-impl-thread1] INFO  util.JmxRegister (JmxRegister.java:unregister(73)) - Successfully un-registered JMX Bean with object name Ratis:service=RaftServer,group=group-C41D8CAA0102,id=s1
2022-10-20 09:08:56,357 [MiniRaftCluster-31] INFO  server.GrpcService (GrpcService.java:closeImpl(328)) - s0: shutdown server org.apache.ratis.grpc.server.GrpcClientProtocolService successfully
2022-10-20 09:08:56,358 [MiniRaftCluster-31] INFO  server.GrpcService (GrpcService.java:closeImpl(319)) - s0: shutdown server GrpcServerProtocolService now
2022-10-20 09:08:56,356 [MiniRaftCluster-32] INFO  server.GrpcService (GrpcService.java:closeImpl(319)) - s1: shutdown server org.apache.ratis.grpc.server.GrpcClientProtocolService now
2022-10-20 09:08:56,359 [MiniRaftCluster-31] INFO  server.GrpcService (GrpcService.java:closeImpl(328)) - s0: shutdown server GrpcServerProtocolService successfully
2022-10-20 09:08:56,357 [s1-impl-thread1] INFO  impl.RoleInfo (RoleInfo.java:shutdownFollowerState(110)) - s1: shutdown s1@group-C41D8CAA0102-FollowerState
2022-10-20 09:08:56,360 [s1-impl-thread1] INFO  impl.StateMachineUpdater (StateMachineUpdater.java:stopAndJoin(154)) - s1@group-C41D8CAA0102-StateMachineUpdater: set stopIndex = 3
2022-10-20 09:08:56,359 [MiniRaftCluster-31] INFO  server.GrpcService (GrpcService.java:closeImpl(319)) - s0: shutdown server org.apache.ratis.grpc.server.GrpcAdminProtocolService now
2022-10-20 09:08:56,360 [s1@group-C41D8CAA0102-FollowerState] INFO  impl.FollowerState (FollowerState.java:run(152)) - s1@group-C41D8CAA0102-FollowerState was interrupted
2022-10-20 09:08:56,360 [MiniRaftCluster-33] INFO  server.RaftServer (RaftServerProxy.java:lambda$close$7(412)) - s2: close
2022-10-20 09:08:56,362 [ForkJoinPool.commonPool-worker-3] INFO  server.GrpcServerProtocolClient (GrpcServerProtocolClient.java:close(111)) - s0 Close channels
2022-10-20 09:08:56,361 [MiniRaftCluster-31] INFO  server.GrpcService (GrpcService.java:closeImpl(328)) - s0: shutdown server org.apache.ratis.grpc.server.GrpcAdminProtocolService successfully
2022-10-20 09:08:56,360 [s1-impl-thread1] INFO  server.RaftServer$Division (ServerState.java:close(412)) - s1@group-C41D8CAA0102: applyIndex: 3
2022-10-20 09:08:56,363 [ForkJoinPool.commonPool-worker-3] INFO  server.GrpcServerProtocolClient (GrpcServerProtocolClient.java:close(111)) - s1 Close channels
2022-10-20 09:08:56,363 [s1@group-C41D8CAA0102-SegmentedRaftLogWorker] INFO  segmented.SegmentedRaftLogWorker (SegmentedRaftLogWorker.java:run(333)) - s1@group-C41D8CAA0102-SegmentedRaftLogWorker was interrupted, exiting. There are 0 tasks remaining in the queue.
2022-10-20 09:08:56,363 [JvmPauseMonitor15] INFO  util.JvmPauseMonitor (JvmPauseMonitor.java:run(111)) - JvmPauseMonitor-s0: Stopped
2022-10-20 09:08:56,363 [s2-impl-thread1] INFO  server.RaftServer$Division (RaftServerImpl.java:lambda$close$4(462)) - s2@group-C41D8CAA0102: shutdown
2022-10-20 09:08:56,363 [s2-impl-thread1] INFO  util.JmxRegister (JmxRegister.java:unregister(73)) - Successfully un-registered JMX Bean with object name Ratis:service=RaftServer,group=group-C41D8CAA0102,id=s2
2022-10-20 09:08:56,363 [s2-impl-thread1] INFO  impl.RoleInfo (RoleInfo.java:shutdownFollowerState(110)) - s2: shutdown s2@group-C41D8CAA0102-FollowerState
2022-10-20 09:08:56,363 [s2-impl-thread1] INFO  impl.StateMachineUpdater (StateMachineUpdater.java:stopAndJoin(154)) - s2@group-C41D8CAA0102-StateMachineUpdater: set stopIndex = 3
2022-10-20 09:08:56,363 [s2@group-C41D8CAA0102-FollowerState] INFO  impl.FollowerState (FollowerState.java:run(152)) - s2@group-C41D8CAA0102-FollowerState was interrupted
2022-10-20 09:08:56,364 [s2-impl-thread1] INFO  server.RaftServer$Division (ServerState.java:close(412)) - s2@group-C41D8CAA0102: applyIndex: 3
2022-10-20 09:08:56,364 [s2@group-C41D8CAA0102-SegmentedRaftLogWorker] INFO  segmented.SegmentedRaftLogWorker (SegmentedRaftLogWorker.java:run(333)) - s2@group-C41D8CAA0102-SegmentedRaftLogWorker was interrupted, exiting. There are 0 tasks remaining in the queue.
2022-10-20 09:08:56,364 [MiniRaftCluster-33] INFO  server.GrpcService (GrpcService.java:closeImpl(319)) - s2: shutdown server org.apache.ratis.grpc.server.GrpcClientProtocolService now
2022-10-20 09:08:56,365 [ForkJoinPool.commonPool-worker-3] INFO  server.GrpcServerProtocolClient (GrpcServerProtocolClient.java:close(111)) - s2 Close channels
2022-10-20 09:08:56,365 [s1-impl-thread1] INFO  segmented.SegmentedRaftLogWorker (SegmentedRaftLogWorker.java:close(246)) - s1@group-C41D8CAA0102-SegmentedRaftLogWorker close()
2022-10-20 09:08:56,367 [MiniRaftCluster-32] INFO  server.GrpcService (GrpcService.java:closeImpl(328)) - s1: shutdown server org.apache.ratis.grpc.server.GrpcClientProtocolService successfully
2022-10-20 09:08:56,367 [MiniRaftCluster-32] INFO  server.GrpcService (GrpcService.java:closeImpl(319)) - s1: shutdown server GrpcServerProtocolService now
2022-10-20 09:08:56,368 [s2-impl-thread1] INFO  segmented.SegmentedRaftLogWorker (SegmentedRaftLogWorker.java:close(246)) - s2@group-C41D8CAA0102-SegmentedRaftLogWorker close()
2022-10-20 09:08:56,368 [MiniRaftCluster-33] INFO  server.GrpcService (GrpcService.java:closeImpl(328)) - s2: shutdown server org.apache.ratis.grpc.server.GrpcClientProtocolService successfully
2022-10-20 09:08:56,368 [MiniRaftCluster-33] INFO  server.GrpcService (GrpcService.java:closeImpl(319)) - s2: shutdown server GrpcServerProtocolService now
2022-10-20 09:08:56,369 [MiniRaftCluster-32] INFO  server.GrpcService (GrpcService.java:closeImpl(328)) - s1: shutdown server GrpcServerProtocolService successfully
2022-10-20 09:08:56,369 [MiniRaftCluster-32] INFO  server.GrpcService (GrpcService.java:closeImpl(319)) - s1: shutdown server org.apache.ratis.grpc.server.GrpcAdminProtocolService now
2022-10-20 09:08:56,369 [MiniRaftCluster-33] INFO  server.GrpcService (GrpcService.java:closeImpl(328)) - s2: shutdown server GrpcServerProtocolService successfully
2022-10-20 09:08:56,369 [MiniRaftCluster-33] INFO  server.GrpcService (GrpcService.java:closeImpl(319)) - s2: shutdown server org.apache.ratis.grpc.server.GrpcAdminProtocolService now
2022-10-20 09:08:56,370 [MiniRaftCluster-32] INFO  server.GrpcService (GrpcService.java:closeImpl(328)) - s1: shutdown server org.apache.ratis.grpc.server.GrpcAdminProtocolService successfully
2022-10-20 09:08:56,371 [JvmPauseMonitor16] INFO  util.JvmPauseMonitor (JvmPauseMonitor.java:run(111)) - JvmPauseMonitor-s1: Stopped
2022-10-20 09:08:56,372 [MiniRaftCluster-33] INFO  server.GrpcService (GrpcService.java:closeImpl(328)) - s2: shutdown server org.apache.ratis.grpc.server.GrpcAdminProtocolService successfully
2022-10-20 09:08:56,372 [JvmPauseMonitor17] INFO  util.JvmPauseMonitor (JvmPauseMonitor.java:run(111)) - JvmPauseMonitor-s2: Stopped
2022-10-20 09:08:56,372 [Time-limited test] INFO  impl.MiniRaftCluster (MiniRaftCluster.java:shutdown(855)) - MiniRaftClusterWithGrpc shutdown completed
]]></system-out>
  </testcase>
</testsuite>