<?xml version="1.0" encoding="UTF-8"?>
<testsuite xmlns:xsi="http://www.w3.org/2001/XMLSchema-instance" xsi:noNamespaceSchemaLocation="https://maven.apache.org/surefire/maven-surefire-plugin/xsd/surefire-test-report.xsd" name="org.apache.ratis.grpc.TestRaftServerWithGrpc" time="28.753" tests="10" errors="0" skipped="0" failures="1">
  <properties>
    <property name="awt.toolkit" value="sun.awt.X11.XToolkit"/>
    <property name="file.encoding.pkg" value="sun.io"/>
    <property name="java.specification.version" value="1.8"/>
    <property name="sun.cpu.isalist" value=""/>
    <property name="sun.jnu.encoding" value="UTF-8"/>
    <property name="java.class.path" value="/home/runner/work/ratis/ratis/ratis-test/target/test-classes:/home/runner/work/ratis/ratis/ratis-test/target/classes:/home/runner/work/ratis/ratis/ratis-common/target/classes:/home/runner/.m2/repository/org/apache/ratis/ratis-thirdparty-misc/1.0.1/ratis-thirdparty-misc-1.0.1.jar:/home/runner/work/ratis/ratis/ratis-proto/target/ratis-proto-3.0.0-SNAPSHOT.jar:/home/runner/work/ratis/ratis/ratis-common/target/test-classes:/home/runner/work/ratis/ratis/ratis-client/target/classes:/home/runner/work/ratis/ratis/ratis-server/target/classes:/home/runner/work/ratis/ratis/ratis-server-api/target/classes:/home/runner/work/ratis/ratis/ratis-metrics/target/classes:/home/runner/work/ratis/ratis/ratis-server/target/test-classes:/home/runner/work/ratis/ratis/ratis-netty/target/classes:/home/runner/work/ratis/ratis/ratis-netty/target/test-classes:/home/runner/work/ratis/ratis/ratis-grpc/target/classes:/home/runner/work/ratis/ratis/ratis-grpc/target/test-classes:/home/runner/.m2/repository/org/slf4j/slf4j-api/1.7.29/slf4j-api-1.7.29.jar:/home/runner/.m2/repository/org/slf4j/slf4j-log4j12/1.7.29/slf4j-log4j12-1.7.29.jar:/home/runner/.m2/repository/log4j/log4j/1.2.17/log4j-1.2.17.jar:/home/runner/.m2/repository/junit/junit/4.13.2/junit-4.13.2.jar:/home/runner/.m2/repository/org/hamcrest/hamcrest-core/1.3/hamcrest-core-1.3.jar:/home/runner/.m2/repository/org/mockito/mockito-core/4.3.1/mockito-core-4.3.1.jar:/home/runner/.m2/repository/net/bytebuddy/byte-buddy/1.12.7/byte-buddy-1.12.7.jar:/home/runner/.m2/repository/net/bytebuddy/byte-buddy-agent/1.12.7/byte-buddy-agent-1.12.7.jar:/home/runner/.m2/repository/org/objenesis/objenesis/3.2/objenesis-3.2.jar:/home/runner/work/ratis/ratis/ratis-shell/target/classes:/home/runner/.m2/repository/commons-cli/commons-cli/1.5.0/commons-cli-1.5.0.jar:/home/runner/.m2/repository/org/slf4j/slf4j-simple/1.7.29/slf4j-simple-1.7.29.jar:/home/runner/.m2/repository/org/reflections/reflections/0.10.2/reflections-0.10.2.jar:/home/runner/.m2/repository/org/javassist/javassist/3.28.0-GA/javassist-3.28.0-GA.jar:/home/runner/.m2/repository/com/google/code/findbugs/jsr305/3.0.2/jsr305-3.0.2.jar:"/>
    <property name="java.vm.vendor" value="Temurin"/>
    <property name="sun.arch.data.model" value="64"/>
    <property name="java.vendor.url" value="https://adoptium.net/"/>
    <property name="user.timezone" value=""/>
    <property name="java.vm.specification.version" value="1.8"/>
    <property name="os.name" value="Linux"/>
    <property name="sun.java.launcher" value="SUN_STANDARD"/>
    <property name="sun.boot.library.path" value="/usr/lib/jvm/temurin-8-jdk-amd64/jre/lib/amd64"/>
    <property name="sun.java.command" value="/home/runner/work/ratis/ratis/ratis-test/target/surefire/surefirebooter98749494412998912.jar /home/runner/work/ratis/ratis/ratis-test/target/surefire 2022-08-16T16-25-58_994-jvmRun1 surefire3061641042836617688tmp surefire_137130566765411085821tmp"/>
    <property name="surefire.test.class.path" value="/home/runner/work/ratis/ratis/ratis-test/target/test-classes:/home/runner/work/ratis/ratis/ratis-test/target/classes:/home/runner/work/ratis/ratis/ratis-common/target/classes:/home/runner/.m2/repository/org/apache/ratis/ratis-thirdparty-misc/1.0.1/ratis-thirdparty-misc-1.0.1.jar:/home/runner/work/ratis/ratis/ratis-proto/target/ratis-proto-3.0.0-SNAPSHOT.jar:/home/runner/work/ratis/ratis/ratis-common/target/test-classes:/home/runner/work/ratis/ratis/ratis-client/target/classes:/home/runner/work/ratis/ratis/ratis-server/target/classes:/home/runner/work/ratis/ratis/ratis-server-api/target/classes:/home/runner/work/ratis/ratis/ratis-metrics/target/classes:/home/runner/work/ratis/ratis/ratis-server/target/test-classes:/home/runner/work/ratis/ratis/ratis-netty/target/classes:/home/runner/work/ratis/ratis/ratis-netty/target/test-classes:/home/runner/work/ratis/ratis/ratis-grpc/target/classes:/home/runner/work/ratis/ratis/ratis-grpc/target/test-classes:/home/runner/.m2/repository/org/slf4j/slf4j-api/1.7.29/slf4j-api-1.7.29.jar:/home/runner/.m2/repository/org/slf4j/slf4j-log4j12/1.7.29/slf4j-log4j12-1.7.29.jar:/home/runner/.m2/repository/log4j/log4j/1.2.17/log4j-1.2.17.jar:/home/runner/.m2/repository/junit/junit/4.13.2/junit-4.13.2.jar:/home/runner/.m2/repository/org/hamcrest/hamcrest-core/1.3/hamcrest-core-1.3.jar:/home/runner/.m2/repository/org/mockito/mockito-core/4.3.1/mockito-core-4.3.1.jar:/home/runner/.m2/repository/net/bytebuddy/byte-buddy/1.12.7/byte-buddy-1.12.7.jar:/home/runner/.m2/repository/net/bytebuddy/byte-buddy-agent/1.12.7/byte-buddy-agent-1.12.7.jar:/home/runner/.m2/repository/org/objenesis/objenesis/3.2/objenesis-3.2.jar:/home/runner/work/ratis/ratis/ratis-shell/target/classes:/home/runner/.m2/repository/commons-cli/commons-cli/1.5.0/commons-cli-1.5.0.jar:/home/runner/.m2/repository/org/slf4j/slf4j-simple/1.7.29/slf4j-simple-1.7.29.jar:/home/runner/.m2/repository/org/reflections/reflections/0.10.2/reflections-0.10.2.jar:/home/runner/.m2/repository/org/javassist/javassist/3.28.0-GA/javassist-3.28.0-GA.jar:/home/runner/.m2/repository/com/google/code/findbugs/jsr305/3.0.2/jsr305-3.0.2.jar:"/>
    <property name="sun.cpu.endian" value="little"/>
    <property name="user.home" value="/home/runner"/>
    <property name="user.language" value="en"/>
    <property name="java.specification.vendor" value="Oracle Corporation"/>
    <property name="java.home" value="/usr/lib/jvm/temurin-8-jdk-amd64/jre"/>
    <property name="basedir" value="/home/runner/work/ratis/ratis/ratis-test"/>
    <property name="file.separator" value="/"/>
    <property name="line.separator" value="&#10;"/>
    <property name="java.vm.specification.vendor" value="Oracle Corporation"/>
    <property name="java.specification.name" value="Java Platform API Specification"/>
    <property name="java.awt.graphicsenv" value="sun.awt.X11GraphicsEnvironment"/>
    <property name="surefire.real.class.path" value="/home/runner/work/ratis/ratis/ratis-test/target/surefire/surefirebooter98749494412998912.jar"/>
    <property name="sun.boot.class.path" value="/usr/lib/jvm/temurin-8-jdk-amd64/jre/lib/resources.jar:/usr/lib/jvm/temurin-8-jdk-amd64/jre/lib/rt.jar:/usr/lib/jvm/temurin-8-jdk-amd64/jre/lib/sunrsasign.jar:/usr/lib/jvm/temurin-8-jdk-amd64/jre/lib/jsse.jar:/usr/lib/jvm/temurin-8-jdk-amd64/jre/lib/jce.jar:/usr/lib/jvm/temurin-8-jdk-amd64/jre/lib/charsets.jar:/usr/lib/jvm/temurin-8-jdk-amd64/jre/lib/jfr.jar:/usr/lib/jvm/temurin-8-jdk-amd64/jre/classes"/>
    <property name="sun.management.compiler" value="HotSpot 64-Bit Tiered Compilers"/>
    <property name="java.runtime.version" value="1.8.0_332-b09"/>
    <property name="java.net.preferIPv4Stack" value="true"/>
    <property name="user.name" value="runner"/>
    <property name="path.separator" value=":"/>
    <property name="os.version" value="5.4.0-1086-azure"/>
    <property name="java.endorsed.dirs" value="/usr/lib/jvm/temurin-8-jdk-amd64/jre/lib/endorsed"/>
    <property name="java.runtime.name" value="OpenJDK Runtime Environment"/>
    <property name="file.encoding" value="UTF-8"/>
    <property name="java.vm.name" value="OpenJDK 64-Bit Server VM"/>
    <property name="localRepository" value="/home/runner/.m2/repository"/>
    <property name="java.vendor.url.bug" value="https://github.com/adoptium/adoptium-support/issues"/>
    <property name="java.io.tmpdir" value="/tmp"/>
    <property name="java.version" value="1.8.0_332"/>
    <property name="user.dir" value="/home/runner/work/ratis/ratis/ratis-test"/>
    <property name="os.arch" value="amd64"/>
    <property name="ratis.tmp.dir" value="/home/runner/work/ratis/ratis/ratis-test/target/tmp"/>
    <property name="java.vm.specification.name" value="Java Virtual Machine Specification"/>
    <property name="java.awt.printerjob" value="sun.print.PSPrinterJob"/>
    <property name="ratis.log.dir" value="/home/runner/work/ratis/ratis/ratis-test/target/log"/>
    <property name="sun.os.patch.level" value="unknown"/>
    <property name="java.library.path" value="/usr/java/packages/lib/amd64:/usr/lib64:/lib64:/lib:/usr/lib"/>
    <property name="java.vm.info" value="mixed mode"/>
    <property name="java.vendor" value="Temurin"/>
    <property name="java.vm.version" value="25.332-b09"/>
    <property name="java.ext.dirs" value="/usr/lib/jvm/temurin-8-jdk-amd64/jre/lib/ext:/usr/java/packages/lib/ext"/>
    <property name="sun.io.unicode.encoding" value="UnicodeLittle"/>
    <property name="java.class.version" value="52.0"/>
  </properties>
  <testcase name="testRaftClientMetrics[0]" classname="org.apache.ratis.grpc.TestRaftServerWithGrpc" time="1.765">
    <failure type="java.lang.AssertionError">java.lang.AssertionError
	at org.junit.Assert.fail(Assert.java:87)
	at org.junit.Assert.assertTrue(Assert.java:42)
	at org.junit.Assert.assertTrue(Assert.java:53)
	at org.apache.ratis.grpc.TestRaftServerWithGrpc.testRaftClientRequestMetrics(TestRaftServerWithGrpc.java:317)
	at org.apache.ratis.server.impl.MiniRaftCluster$Factory$Get.runWithNewCluster(MiniRaftCluster.java:138)
	at org.apache.ratis.server.impl.MiniRaftCluster$Factory$Get.runWithNewCluster(MiniRaftCluster.java:118)
	at org.apache.ratis.grpc.TestRaftServerWithGrpc.testRaftClientMetrics(TestRaftServerWithGrpc.java:216)
	at sun.reflect.NativeMethodAccessorImpl.invoke0(Native Method)
	at sun.reflect.NativeMethodAccessorImpl.invoke(NativeMethodAccessorImpl.java:62)
	at sun.reflect.DelegatingMethodAccessorImpl.invoke(DelegatingMethodAccessorImpl.java:43)
	at java.lang.reflect.Method.invoke(Method.java:498)
	at org.junit.runners.model.FrameworkMethod$1.runReflectiveCall(FrameworkMethod.java:59)
	at org.junit.internal.runners.model.ReflectiveCallable.run(ReflectiveCallable.java:12)
	at org.junit.runners.model.FrameworkMethod.invokeExplosively(FrameworkMethod.java:56)
	at org.junit.internal.runners.statements.InvokeMethod.evaluate(InvokeMethod.java:17)
	at org.junit.internal.runners.statements.RunBefores.evaluate(RunBefores.java:26)
	at org.junit.internal.runners.statements.RunAfters.evaluate(RunAfters.java:27)
	at org.junit.internal.runners.statements.FailOnTimeout$CallableStatement.call(FailOnTimeout.java:299)
	at org.junit.internal.runners.statements.FailOnTimeout$CallableStatement.call(FailOnTimeout.java:293)
	at java.util.concurrent.FutureTask.run(FutureTask.java:266)
	at java.lang.Thread.run(Thread.java:750)
</failure>
    <system-out><![CDATA[2022-08-16 16:31:39,266 [main] INFO  util.LogUtils (Log4jUtils.java:setLogLevel(32)) - Set org.apache.ratis.conf.ConfUtils log level to WARN
2022-08-16 16:31:39,268 [main] INFO  util.LogUtils (Log4jUtils.java:setLogLevel(32)) - Set org.apache.ratis.util.FileUtils log level to TRACE
2022-08-16 16:31:39,272 [main] INFO  util.LogUtils (Log4jUtils.java:setLogLevel(32)) - Set org.apache.ratis.grpc.client.GrpcClientProtocolClient log level to ALL
2022-08-16 16:31:39,290 [Time-limited test] INFO  impl.MiniRaftCluster (MiniRaftCluster.java:runWithNewCluster(132)) - Running runWithNewCluster
2022-08-16 16:31:39,333 [Time-limited test] INFO  impl.MiniRaftCluster (MiniRaftCluster.java:<init>(303)) - new MiniRaftClusterWithGrpc with group-AA788A0054ED:[s0|rpc:localhost:45523|admin:localhost:40279|client:localhost:45189|dataStream:localhost:37929|priority:0|startupRole:FOLLOWER, s1|rpc:localhost:32919|admin:localhost:39801|client:localhost:43707|dataStream:localhost:33791|priority:0|startupRole:FOLLOWER, s2|rpc:localhost:35999|admin:localhost:41679|client:localhost:37231|dataStream:localhost:35553|priority:0|startupRole:FOLLOWER]
2022-08-16 16:31:39,334 [Time-limited test] INFO  impl.MiniRaftCluster (MiniRaftCluster.java:start(336)) - .............................................................. 
2022-08-16 16:31:39,334 [Time-limited test] INFO  impl.MiniRaftCluster (MiniRaftCluster.java:start(337)) - ... 
2022-08-16 16:31:39,334 [Time-limited test] INFO  impl.MiniRaftCluster (MiniRaftCluster.java:start(338)) - ...     Starting MiniRaftClusterWithGrpc
2022-08-16 16:31:39,334 [Time-limited test] INFO  impl.MiniRaftCluster (MiniRaftCluster.java:start(339)) - ... 
2022-08-16 16:31:39,334 [Time-limited test] INFO  impl.MiniRaftCluster (MiniRaftCluster.java:start(340)) - .............................................................. 
2022-08-16 16:31:39,334 [Time-limited test] INFO  impl.MiniRaftCluster (MiniRaftCluster.java:initServers(315)) - servers = {}
2022-08-16 16:31:39,340 [Time-limited test] INFO  impl.MiniRaftCluster (MiniRaftCluster.java:newRaftServer(379)) - newRaftServer: s0, group-AA788A0054ED:[s0|rpc:localhost:45523|admin:localhost:40279|client:localhost:45189|dataStream:localhost:37929|priority:0|startupRole:FOLLOWER, s1|rpc:localhost:32919|admin:localhost:39801|client:localhost:43707|dataStream:localhost:33791|priority:0|startupRole:FOLLOWER, s2|rpc:localhost:35999|admin:localhost:41679|client:localhost:37231|dataStream:localhost:35553|priority:0|startupRole:FOLLOWER], format? true
2022-08-16 16:31:39,342 [Time-limited test] TRACE util.FileUtils (FileUtils.java:deleteFully(162)) - deleteFully target/test/data/5f10b85c/MiniRaftClusterWithGrpc5003972a/s0
2022-08-16 16:31:39,344 [Time-limited test] TRACE util.FileUtils (FileUtils.java:deleteFully(178)) - deleteFully: target/test/data/5f10b85c/MiniRaftClusterWithGrpc5003972a/s0 does not exist.
2022-08-16 16:31:39,344 [Time-limited test] INFO  impl.MiniRaftCluster (MiniRaftCluster.java:newRaftServer(384)) - Formatted directory target/test/data/5f10b85c/MiniRaftClusterWithGrpc5003972a/s0
2022-08-16 16:31:39,368 [Time-limited test] INFO  server.RaftServer (ConfUtils.java:logGet(46)) - raft.rpc.type = GRPC (default)
2022-08-16 16:31:39,418 [Time-limited test] INFO  grpc.GrpcConfigKeys (ConfUtils.java:logFallback(53)) - raft.grpc.admin.host = null (fallback to raft.grpc.server.host)
2022-08-16 16:31:39,421 [Time-limited test] INFO  grpc.GrpcConfigKeys (ConfUtils.java:logGet(46)) - raft.grpc.admin.port = 40279 (custom)
2022-08-16 16:31:39,421 [Time-limited test] INFO  grpc.GrpcConfigKeys (ConfUtils.java:logFallback(53)) - raft.grpc.client.host = null (fallback to raft.grpc.server.host)
2022-08-16 16:31:39,422 [Time-limited test] INFO  grpc.GrpcConfigKeys (ConfUtils.java:logGet(46)) - raft.grpc.client.port = 45189 (custom)
2022-08-16 16:31:39,422 [Time-limited test] INFO  grpc.GrpcConfigKeys (ConfUtils.java:logGet(46)) - raft.grpc.server.host = null (default)
2022-08-16 16:31:39,423 [Time-limited test] INFO  grpc.GrpcConfigKeys (ConfUtils.java:logGet(46)) - raft.grpc.server.port = 45523 (custom)
2022-08-16 16:31:39,423 [Time-limited test] INFO  server.GrpcService (ConfUtils.java:logGet(46)) - raft.grpc.message.size.max = 64MB (=67108864) (default)
2022-08-16 16:31:39,425 [Time-limited test] INFO  server.RaftServerConfigKeys (ConfUtils.java:logGet(46)) - raft.server.log.appender.buffer.byte-limit = 4MB (=4194304) (default)
2022-08-16 16:31:39,426 [Time-limited test] INFO  server.GrpcService (ConfUtils.java:logGet(46)) - raft.grpc.flow.control.window = 1MB (=1048576) (default)
2022-08-16 16:31:39,427 [Time-limited test] INFO  server.RaftServerConfigKeys (ConfUtils.java:logGet(46)) - raft.server.rpc.request.timeout = 3000ms (default)
2022-08-16 16:31:39,444 [Time-limited test] INFO  grpc.GrpcConfigKeys (ConfUtils.java:logGet(46)) - raft.grpc.server.heartbeat.channel = false (custom)
2022-08-16 16:31:39,447 [Time-limited test] INFO  grpc.GrpcConfigKeys (ConfUtils.java:logGet(46)) - raft.grpc.server.async.request.thread.pool.cached = true (default)
2022-08-16 16:31:39,448 [Time-limited test] INFO  grpc.GrpcConfigKeys (ConfUtils.java:logGet(46)) - raft.grpc.server.async.request.thread.pool.size = 32 (default)
2022-08-16 16:31:39,617 [Time-limited test] INFO  impl.DataStreamServerImpl (ConfUtils.java:logGet(46)) - raft.datastream.type = DISABLED (default)
2022-08-16 16:31:39,621 [Time-limited test] INFO  server.RaftServerConfigKeys (ConfUtils.java:logGet(46)) - raft.server.threadpool.proxy.cached = true (default)
2022-08-16 16:31:39,622 [Time-limited test] INFO  server.RaftServerConfigKeys (ConfUtils.java:logGet(46)) - raft.server.threadpool.proxy.size = 0 (default)
2022-08-16 16:31:39,623 [Time-limited test] INFO  server.RaftServerConfigKeys (ConfUtils.java:logGet(46)) - raft.server.rpc.slowness.timeout = 60s (default)
2022-08-16 16:31:39,623 [Time-limited test] INFO  server.RaftServerConfigKeys (ConfUtils.java:logGet(46)) - raft.server.leaderelection.leader.step-down.wait-time = 10s (default)
2022-08-16 16:31:39,630 [Time-limited test] INFO  server.RaftServerConfigKeys (ConfUtils.java:logGet(46)) - raft.server.storage.dir = [/home/runner/work/ratis/ratis/ratis-test/target/test/data/5f10b85c/MiniRaftClusterWithGrpc5003972a/s0] (custom)
2022-08-16 16:31:39,641 [Time-limited test] INFO  server.RaftServer (RaftServerProxy.java:addNew(96)) - s0: addNew group-AA788A0054ED:[s0|rpc:localhost:45523|admin:localhost:40279|client:localhost:45189|dataStream:localhost:37929|priority:0|startupRole:FOLLOWER, s1|rpc:localhost:32919|admin:localhost:39801|client:localhost:43707|dataStream:localhost:33791|priority:0|startupRole:FOLLOWER, s2|rpc:localhost:35999|admin:localhost:41679|client:localhost:37231|dataStream:localhost:35553|priority:0|startupRole:FOLLOWER] returns group-AA788A0054ED:java.util.concurrent.CompletableFuture@5e04de1[Not completed]
2022-08-16 16:31:39,641 [Time-limited test] INFO  impl.MiniRaftCluster (MiniRaftCluster.java:newRaftServer(379)) - newRaftServer: s1, group-AA788A0054ED:[s0|rpc:localhost:45523|admin:localhost:40279|client:localhost:45189|dataStream:localhost:37929|priority:0|startupRole:FOLLOWER, s1|rpc:localhost:32919|admin:localhost:39801|client:localhost:43707|dataStream:localhost:33791|priority:0|startupRole:FOLLOWER, s2|rpc:localhost:35999|admin:localhost:41679|client:localhost:37231|dataStream:localhost:35553|priority:0|startupRole:FOLLOWER], format? true
2022-08-16 16:31:39,641 [Time-limited test] TRACE util.FileUtils (FileUtils.java:deleteFully(162)) - deleteFully target/test/data/5f10b85c/MiniRaftClusterWithGrpc5003972a/s1
2022-08-16 16:31:39,641 [Time-limited test] TRACE util.FileUtils (FileUtils.java:deleteFully(178)) - deleteFully: target/test/data/5f10b85c/MiniRaftClusterWithGrpc5003972a/s1 does not exist.
2022-08-16 16:31:39,641 [Time-limited test] INFO  impl.MiniRaftCluster (MiniRaftCluster.java:newRaftServer(384)) - Formatted directory target/test/data/5f10b85c/MiniRaftClusterWithGrpc5003972a/s1
2022-08-16 16:31:39,642 [Time-limited test] INFO  server.RaftServer (ConfUtils.java:logGet(46)) - raft.rpc.type = GRPC (default)
2022-08-16 16:31:39,643 [Time-limited test] INFO  grpc.GrpcConfigKeys (ConfUtils.java:logFallback(53)) - raft.grpc.admin.host = null (fallback to raft.grpc.server.host)
2022-08-16 16:31:39,643 [Time-limited test] INFO  grpc.GrpcConfigKeys (ConfUtils.java:logGet(46)) - raft.grpc.admin.port = 39801 (custom)
2022-08-16 16:31:39,643 [Time-limited test] INFO  grpc.GrpcConfigKeys (ConfUtils.java:logFallback(53)) - raft.grpc.client.host = null (fallback to raft.grpc.server.host)
2022-08-16 16:31:39,644 [Time-limited test] INFO  grpc.GrpcConfigKeys (ConfUtils.java:logGet(46)) - raft.grpc.client.port = 43707 (custom)
2022-08-16 16:31:39,644 [Time-limited test] INFO  grpc.GrpcConfigKeys (ConfUtils.java:logGet(46)) - raft.grpc.server.host = null (default)
2022-08-16 16:31:39,644 [Time-limited test] INFO  grpc.GrpcConfigKeys (ConfUtils.java:logGet(46)) - raft.grpc.server.port = 32919 (custom)
2022-08-16 16:31:39,645 [Time-limited test] INFO  server.GrpcService (ConfUtils.java:logGet(46)) - raft.grpc.message.size.max = 64MB (=67108864) (default)
2022-08-16 16:31:39,646 [Time-limited test] INFO  server.RaftServerConfigKeys (ConfUtils.java:logGet(46)) - raft.server.log.appender.buffer.byte-limit = 4MB (=4194304) (default)
2022-08-16 16:31:39,646 [Time-limited test] INFO  server.GrpcService (ConfUtils.java:logGet(46)) - raft.grpc.flow.control.window = 1MB (=1048576) (default)
2022-08-16 16:31:39,647 [Time-limited test] INFO  server.RaftServerConfigKeys (ConfUtils.java:logGet(46)) - raft.server.rpc.request.timeout = 3000ms (default)
2022-08-16 16:31:39,647 [Time-limited test] INFO  grpc.GrpcConfigKeys (ConfUtils.java:logGet(46)) - raft.grpc.server.heartbeat.channel = false (custom)
2022-08-16 16:31:39,647 [Time-limited test] INFO  grpc.GrpcConfigKeys (ConfUtils.java:logGet(46)) - raft.grpc.server.async.request.thread.pool.cached = true (default)
2022-08-16 16:31:39,647 [Time-limited test] INFO  grpc.GrpcConfigKeys (ConfUtils.java:logGet(46)) - raft.grpc.server.async.request.thread.pool.size = 32 (default)
2022-08-16 16:31:39,652 [Time-limited test] INFO  impl.DataStreamServerImpl (ConfUtils.java:logGet(46)) - raft.datastream.type = DISABLED (default)
2022-08-16 16:31:39,652 [Time-limited test] INFO  server.RaftServerConfigKeys (ConfUtils.java:logGet(46)) - raft.server.threadpool.proxy.cached = true (default)
2022-08-16 16:31:39,653 [Time-limited test] INFO  server.RaftServerConfigKeys (ConfUtils.java:logGet(46)) - raft.server.threadpool.proxy.size = 0 (default)
2022-08-16 16:31:39,654 [Time-limited test] INFO  server.RaftServerConfigKeys (ConfUtils.java:logGet(46)) - raft.server.rpc.slowness.timeout = 60s (default)
2022-08-16 16:31:39,654 [Time-limited test] INFO  server.RaftServerConfigKeys (ConfUtils.java:logGet(46)) - raft.server.leaderelection.leader.step-down.wait-time = 10s (default)
2022-08-16 16:31:39,654 [Time-limited test] INFO  server.RaftServerConfigKeys (ConfUtils.java:logGet(46)) - raft.server.storage.dir = [/home/runner/work/ratis/ratis/ratis-test/target/test/data/5f10b85c/MiniRaftClusterWithGrpc5003972a/s1] (custom)
2022-08-16 16:31:39,669 [Time-limited test] INFO  server.RaftServer (RaftServerProxy.java:addNew(96)) - s1: addNew group-AA788A0054ED:[s0|rpc:localhost:45523|admin:localhost:40279|client:localhost:45189|dataStream:localhost:37929|priority:0|startupRole:FOLLOWER, s1|rpc:localhost:32919|admin:localhost:39801|client:localhost:43707|dataStream:localhost:33791|priority:0|startupRole:FOLLOWER, s2|rpc:localhost:35999|admin:localhost:41679|client:localhost:37231|dataStream:localhost:35553|priority:0|startupRole:FOLLOWER] returns group-AA788A0054ED:java.util.concurrent.CompletableFuture@65dd5687[Not completed]
2022-08-16 16:31:39,669 [pool-1-thread-1] INFO  server.RaftServerConfigKeys (ConfUtils.java:logGet(46)) - raft.server.log.segment.size.max = 8MB (=8388608) (default)
2022-08-16 16:31:39,669 [Time-limited test] INFO  impl.MiniRaftCluster (MiniRaftCluster.java:newRaftServer(379)) - newRaftServer: s2, group-AA788A0054ED:[s0|rpc:localhost:45523|admin:localhost:40279|client:localhost:45189|dataStream:localhost:37929|priority:0|startupRole:FOLLOWER, s1|rpc:localhost:32919|admin:localhost:39801|client:localhost:43707|dataStream:localhost:33791|priority:0|startupRole:FOLLOWER, s2|rpc:localhost:35999|admin:localhost:41679|client:localhost:37231|dataStream:localhost:35553|priority:0|startupRole:FOLLOWER], format? true
2022-08-16 16:31:39,670 [Time-limited test] TRACE util.FileUtils (FileUtils.java:deleteFully(162)) - deleteFully target/test/data/5f10b85c/MiniRaftClusterWithGrpc5003972a/s2
2022-08-16 16:31:39,670 [Time-limited test] TRACE util.FileUtils (FileUtils.java:deleteFully(178)) - deleteFully: target/test/data/5f10b85c/MiniRaftClusterWithGrpc5003972a/s2 does not exist.
2022-08-16 16:31:39,670 [Time-limited test] INFO  impl.MiniRaftCluster (MiniRaftCluster.java:newRaftServer(384)) - Formatted directory target/test/data/5f10b85c/MiniRaftClusterWithGrpc5003972a/s2
2022-08-16 16:31:39,670 [pool-1-thread-1] INFO  server.RaftServerConfigKeys (ConfUtils.java:logGet(46)) - raft.server.log.preallocated.size = 4MB (=4194304) (default)
2022-08-16 16:31:39,670 [Time-limited test] INFO  server.RaftServer (ConfUtils.java:logGet(46)) - raft.rpc.type = GRPC (default)
2022-08-16 16:31:39,670 [Time-limited test] INFO  grpc.GrpcConfigKeys (ConfUtils.java:logFallback(53)) - raft.grpc.admin.host = null (fallback to raft.grpc.server.host)
2022-08-16 16:31:39,671 [Time-limited test] INFO  grpc.GrpcConfigKeys (ConfUtils.java:logGet(46)) - raft.grpc.admin.port = 41679 (custom)
2022-08-16 16:31:39,671 [pool-1-thread-1] INFO  server.RaftServerConfigKeys (ConfUtils.java:logGet(46)) - raft.server.log.write.buffer.size = 64KB (=65536) (default)
2022-08-16 16:31:39,671 [Time-limited test] INFO  grpc.GrpcConfigKeys (ConfUtils.java:logFallback(53)) - raft.grpc.client.host = null (fallback to raft.grpc.server.host)
2022-08-16 16:31:39,673 [Time-limited test] INFO  grpc.GrpcConfigKeys (ConfUtils.java:logGet(46)) - raft.grpc.client.port = 37231 (custom)
2022-08-16 16:31:39,673 [Time-limited test] INFO  grpc.GrpcConfigKeys (ConfUtils.java:logGet(46)) - raft.grpc.server.host = null (default)
2022-08-16 16:31:39,673 [Time-limited test] INFO  grpc.GrpcConfigKeys (ConfUtils.java:logGet(46)) - raft.grpc.server.port = 35999 (custom)
2022-08-16 16:31:39,674 [Time-limited test] INFO  server.GrpcService (ConfUtils.java:logGet(46)) - raft.grpc.message.size.max = 64MB (=67108864) (default)
2022-08-16 16:31:39,674 [Time-limited test] INFO  server.RaftServerConfigKeys (ConfUtils.java:logGet(46)) - raft.server.log.appender.buffer.byte-limit = 4MB (=4194304) (default)
2022-08-16 16:31:39,674 [Time-limited test] INFO  server.GrpcService (ConfUtils.java:logGet(46)) - raft.grpc.flow.control.window = 1MB (=1048576) (default)
2022-08-16 16:31:39,674 [Time-limited test] INFO  server.RaftServerConfigKeys (ConfUtils.java:logGet(46)) - raft.server.rpc.request.timeout = 3000ms (default)
2022-08-16 16:31:39,674 [Time-limited test] INFO  grpc.GrpcConfigKeys (ConfUtils.java:logGet(46)) - raft.grpc.server.heartbeat.channel = false (custom)
2022-08-16 16:31:39,674 [Time-limited test] INFO  grpc.GrpcConfigKeys (ConfUtils.java:logGet(46)) - raft.grpc.server.async.request.thread.pool.cached = true (default)
2022-08-16 16:31:39,674 [Time-limited test] INFO  grpc.GrpcConfigKeys (ConfUtils.java:logGet(46)) - raft.grpc.server.async.request.thread.pool.size = 32 (default)
2022-08-16 16:31:39,676 [Time-limited test] INFO  impl.DataStreamServerImpl (ConfUtils.java:logGet(46)) - raft.datastream.type = DISABLED (default)
2022-08-16 16:31:39,676 [Time-limited test] INFO  server.RaftServerConfigKeys (ConfUtils.java:logGet(46)) - raft.server.threadpool.proxy.cached = true (default)
2022-08-16 16:31:39,676 [Time-limited test] INFO  server.RaftServerConfigKeys (ConfUtils.java:logGet(46)) - raft.server.threadpool.proxy.size = 0 (default)
2022-08-16 16:31:39,677 [pool-1-thread-1] INFO  server.RaftServer$Division (RaftServerImpl.java:<init>(192)) - s0: new RaftServerImpl for group-AA788A0054ED:[s0|rpc:localhost:45523|admin:localhost:40279|client:localhost:45189|dataStream:localhost:37929|priority:0|startupRole:FOLLOWER, s1|rpc:localhost:32919|admin:localhost:39801|client:localhost:43707|dataStream:localhost:33791|priority:0|startupRole:FOLLOWER, s2|rpc:localhost:35999|admin:localhost:41679|client:localhost:37231|dataStream:localhost:35553|priority:0|startupRole:FOLLOWER] with SimpleStateMachine4Testing:uninitialized
2022-08-16 16:31:39,677 [Time-limited test] INFO  server.RaftServerConfigKeys (ConfUtils.java:logGet(46)) - raft.server.rpc.slowness.timeout = 60s (default)
2022-08-16 16:31:39,678 [Time-limited test] INFO  server.RaftServerConfigKeys (ConfUtils.java:logGet(46)) - raft.server.leaderelection.leader.step-down.wait-time = 10s (default)
2022-08-16 16:31:39,678 [Time-limited test] INFO  server.RaftServerConfigKeys (ConfUtils.java:logGet(46)) - raft.server.storage.dir = [/home/runner/work/ratis/ratis/ratis-test/target/test/data/5f10b85c/MiniRaftClusterWithGrpc5003972a/s2] (custom)
2022-08-16 16:31:39,678 [pool-1-thread-1] INFO  server.RaftServerConfigKeys (ConfUtils.java:logGet(46)) - raft.server.rpc.timeout.min = 150ms (default)
2022-08-16 16:31:39,679 [pool-1-thread-1] INFO  server.RaftServerConfigKeys (ConfUtils.java:logGet(46)) - raft.server.rpc.timeout.max = 300ms (default)
2022-08-16 16:31:39,679 [pool-1-thread-1] INFO  server.RaftServerConfigKeys (ConfUtils.java:logGet(46)) - raft.server.rpc.sleep.time = 25ms (default)
2022-08-16 16:31:39,679 [pool-1-thread-1] INFO  server.RaftServerConfigKeys (ConfUtils.java:logGet(46)) - raft.server.rpc.slowness.timeout = 60s (default)
2022-08-16 16:31:39,679 [pool-1-thread-1] INFO  server.RaftServerConfigKeys (ConfUtils.java:logGet(46)) - raft.server.leaderelection.leader.step-down.wait-time = 10s (default)
2022-08-16 16:31:39,679 [pool-1-thread-1] INFO  server.RaftServerConfigKeys (ConfUtils.java:logGet(46)) - raft.server.sleep.deviation.threshold = 300ms (default)
2022-08-16 16:31:39,681 [pool-2-thread-1] INFO  server.RaftServerConfigKeys (ConfUtils.java:logGet(46)) - raft.server.log.segment.size.max = 8MB (=8388608) (default)
2022-08-16 16:31:39,681 [pool-2-thread-1] INFO  server.RaftServerConfigKeys (ConfUtils.java:logGet(46)) - raft.server.log.preallocated.size = 4MB (=4194304) (default)
2022-08-16 16:31:39,681 [pool-2-thread-1] INFO  server.RaftServerConfigKeys (ConfUtils.java:logGet(46)) - raft.server.log.write.buffer.size = 64KB (=65536) (default)
2022-08-16 16:31:39,682 [pool-2-thread-1] INFO  server.RaftServer$Division (RaftServerImpl.java:<init>(192)) - s1: new RaftServerImpl for group-AA788A0054ED:[s0|rpc:localhost:45523|admin:localhost:40279|client:localhost:45189|dataStream:localhost:37929|priority:0|startupRole:FOLLOWER, s1|rpc:localhost:32919|admin:localhost:39801|client:localhost:43707|dataStream:localhost:33791|priority:0|startupRole:FOLLOWER, s2|rpc:localhost:35999|admin:localhost:41679|client:localhost:37231|dataStream:localhost:35553|priority:0|startupRole:FOLLOWER] with SimpleStateMachine4Testing:uninitialized
2022-08-16 16:31:39,682 [pool-2-thread-1] INFO  server.RaftServerConfigKeys (ConfUtils.java:logGet(46)) - raft.server.rpc.timeout.min = 150ms (default)
2022-08-16 16:31:39,682 [pool-2-thread-1] INFO  server.RaftServerConfigKeys (ConfUtils.java:logGet(46)) - raft.server.rpc.timeout.max = 300ms (default)
2022-08-16 16:31:39,682 [pool-2-thread-1] INFO  server.RaftServerConfigKeys (ConfUtils.java:logGet(46)) - raft.server.rpc.sleep.time = 25ms (default)
2022-08-16 16:31:39,683 [pool-2-thread-1] INFO  server.RaftServerConfigKeys (ConfUtils.java:logGet(46)) - raft.server.rpc.slowness.timeout = 60s (default)
2022-08-16 16:31:39,683 [pool-2-thread-1] INFO  server.RaftServerConfigKeys (ConfUtils.java:logGet(46)) - raft.server.leaderelection.leader.step-down.wait-time = 10s (default)
2022-08-16 16:31:39,683 [pool-2-thread-1] INFO  server.RaftServerConfigKeys (ConfUtils.java:logGet(46)) - raft.server.sleep.deviation.threshold = 300ms (default)
2022-08-16 16:31:39,685 [pool-1-thread-1] INFO  server.RaftServer$Division (ServerState.java:<init>(118)) - s0@group-AA788A0054ED: ConfigurationManager, init=-1: peers:[s0|rpc:localhost:45523|admin:localhost:40279|client:localhost:45189|dataStream:localhost:37929|priority:0|startupRole:FOLLOWER, s1|rpc:localhost:32919|admin:localhost:39801|client:localhost:43707|dataStream:localhost:33791|priority:0|startupRole:FOLLOWER, s2|rpc:localhost:35999|admin:localhost:41679|client:localhost:37231|dataStream:localhost:35553|priority:0|startupRole:FOLLOWER]|listeners:[], old=null, confs=<EMPTY_MAP>
2022-08-16 16:31:39,685 [pool-1-thread-1] INFO  server.RaftServerConfigKeys (ConfUtils.java:logGet(46)) - raft.server.storage.dir = [/home/runner/work/ratis/ratis/ratis-test/target/test/data/5f10b85c/MiniRaftClusterWithGrpc5003972a/s0] (custom)
2022-08-16 16:31:39,685 [pool-2-thread-1] INFO  server.RaftServer$Division (ServerState.java:<init>(118)) - s1@group-AA788A0054ED: ConfigurationManager, init=-1: peers:[s0|rpc:localhost:45523|admin:localhost:40279|client:localhost:45189|dataStream:localhost:37929|priority:0|startupRole:FOLLOWER, s1|rpc:localhost:32919|admin:localhost:39801|client:localhost:43707|dataStream:localhost:33791|priority:0|startupRole:FOLLOWER, s2|rpc:localhost:35999|admin:localhost:41679|client:localhost:37231|dataStream:localhost:35553|priority:0|startupRole:FOLLOWER]|listeners:[], old=null, confs=<EMPTY_MAP>
2022-08-16 16:31:39,688 [pool-2-thread-1] INFO  server.RaftServerConfigKeys (ConfUtils.java:logGet(46)) - raft.server.storage.dir = [/home/runner/work/ratis/ratis/ratis-test/target/test/data/5f10b85c/MiniRaftClusterWithGrpc5003972a/s1] (custom)
2022-08-16 16:31:39,691 [pool-1-thread-1] INFO  server.RaftServerConfigKeys (ConfUtils.java:logGet(46)) - raft.server.log.corruption.policy = EXCEPTION (default)
2022-08-16 16:31:39,691 [pool-2-thread-1] INFO  server.RaftServerConfigKeys (ConfUtils.java:logGet(46)) - raft.server.log.corruption.policy = EXCEPTION (default)
2022-08-16 16:31:39,691 [pool-1-thread-1] INFO  server.RaftServerConfigKeys (ConfUtils.java:logGet(46)) - raft.server.storage.free-space.min = 0MB (=0) (default)
2022-08-16 16:31:39,691 [pool-2-thread-1] INFO  server.RaftServerConfigKeys (ConfUtils.java:logGet(46)) - raft.server.storage.free-space.min = 0MB (=0) (default)
2022-08-16 16:31:39,692 [Time-limited test] INFO  server.RaftServer (RaftServerProxy.java:addNew(96)) - s2: addNew group-AA788A0054ED:[s0|rpc:localhost:45523|admin:localhost:40279|client:localhost:45189|dataStream:localhost:37929|priority:0|startupRole:FOLLOWER, s1|rpc:localhost:32919|admin:localhost:39801|client:localhost:43707|dataStream:localhost:33791|priority:0|startupRole:FOLLOWER, s2|rpc:localhost:35999|admin:localhost:41679|client:localhost:37231|dataStream:localhost:35553|priority:0|startupRole:FOLLOWER] returns group-AA788A0054ED:java.util.concurrent.CompletableFuture@30b1b8ff[Not completed]
2022-08-16 16:31:39,696 [pool-2-thread-1] INFO  server.RaftServerConfigKeys (ConfUtils.java:logGet(46)) - raft.server.notification.no-leader.timeout = 60s (default)
2022-08-16 16:31:39,697 [pool-1-thread-1] INFO  server.RaftServerConfigKeys (ConfUtils.java:logGet(46)) - raft.server.notification.no-leader.timeout = 60s (default)
2022-08-16 16:31:39,700 [pool-1-thread-1] INFO  server.RaftServerConfigKeys (ConfUtils.java:logGet(46)) - raft.server.retrycache.expirytime = 60s (default)
2022-08-16 16:31:39,700 [pool-1-thread-1] INFO  server.RaftServerConfigKeys (ConfUtils.java:logGet(46)) - raft.server.retrycache.statistics.expirytime = 100μs (default)
2022-08-16 16:31:39,703 [pool-3-thread-1] INFO  server.RaftServerConfigKeys (ConfUtils.java:logGet(46)) - raft.server.log.segment.size.max = 8MB (=8388608) (default)
2022-08-16 16:31:39,703 [pool-3-thread-1] INFO  server.RaftServerConfigKeys (ConfUtils.java:logGet(46)) - raft.server.log.preallocated.size = 4MB (=4194304) (default)
2022-08-16 16:31:39,703 [pool-3-thread-1] INFO  server.RaftServerConfigKeys (ConfUtils.java:logGet(46)) - raft.server.log.write.buffer.size = 64KB (=65536) (default)
2022-08-16 16:31:39,703 [pool-3-thread-1] INFO  server.RaftServer$Division (RaftServerImpl.java:<init>(192)) - s2: new RaftServerImpl for group-AA788A0054ED:[s0|rpc:localhost:45523|admin:localhost:40279|client:localhost:45189|dataStream:localhost:37929|priority:0|startupRole:FOLLOWER, s1|rpc:localhost:32919|admin:localhost:39801|client:localhost:43707|dataStream:localhost:33791|priority:0|startupRole:FOLLOWER, s2|rpc:localhost:35999|admin:localhost:41679|client:localhost:37231|dataStream:localhost:35553|priority:0|startupRole:FOLLOWER] with SimpleStateMachine4Testing:uninitialized
2022-08-16 16:31:39,703 [pool-3-thread-1] INFO  server.RaftServerConfigKeys (ConfUtils.java:logGet(46)) - raft.server.rpc.timeout.min = 150ms (default)
2022-08-16 16:31:39,703 [pool-3-thread-1] INFO  server.RaftServerConfigKeys (ConfUtils.java:logGet(46)) - raft.server.rpc.timeout.max = 300ms (default)
2022-08-16 16:31:39,703 [pool-3-thread-1] INFO  server.RaftServerConfigKeys (ConfUtils.java:logGet(46)) - raft.server.rpc.sleep.time = 25ms (default)
2022-08-16 16:31:39,704 [pool-3-thread-1] INFO  server.RaftServerConfigKeys (ConfUtils.java:logGet(46)) - raft.server.rpc.slowness.timeout = 60s (default)
2022-08-16 16:31:39,704 [pool-3-thread-1] INFO  server.RaftServerConfigKeys (ConfUtils.java:logGet(46)) - raft.server.leaderelection.leader.step-down.wait-time = 10s (default)
2022-08-16 16:31:39,705 [pool-3-thread-1] INFO  server.RaftServerConfigKeys (ConfUtils.java:logGet(46)) - raft.server.sleep.deviation.threshold = 300ms (default)
2022-08-16 16:31:39,705 [pool-3-thread-1] INFO  server.RaftServer$Division (ServerState.java:<init>(118)) - s2@group-AA788A0054ED: ConfigurationManager, init=-1: peers:[s0|rpc:localhost:45523|admin:localhost:40279|client:localhost:45189|dataStream:localhost:37929|priority:0|startupRole:FOLLOWER, s1|rpc:localhost:32919|admin:localhost:39801|client:localhost:43707|dataStream:localhost:33791|priority:0|startupRole:FOLLOWER, s2|rpc:localhost:35999|admin:localhost:41679|client:localhost:37231|dataStream:localhost:35553|priority:0|startupRole:FOLLOWER]|listeners:[], old=null, confs=<EMPTY_MAP>
2022-08-16 16:31:39,705 [pool-3-thread-1] INFO  server.RaftServerConfigKeys (ConfUtils.java:logGet(46)) - raft.server.storage.dir = [/home/runner/work/ratis/ratis/ratis-test/target/test/data/5f10b85c/MiniRaftClusterWithGrpc5003972a/s2] (custom)
2022-08-16 16:31:39,705 [pool-3-thread-1] INFO  server.RaftServerConfigKeys (ConfUtils.java:logGet(46)) - raft.server.log.corruption.policy = EXCEPTION (default)
2022-08-16 16:31:39,706 [pool-3-thread-1] INFO  server.RaftServerConfigKeys (ConfUtils.java:logGet(46)) - raft.server.storage.free-space.min = 0MB (=0) (default)
2022-08-16 16:31:39,706 [pool-3-thread-1] INFO  server.RaftServerConfigKeys (ConfUtils.java:logGet(46)) - raft.server.notification.no-leader.timeout = 60s (default)
2022-08-16 16:31:39,699 [pool-2-thread-1] INFO  server.RaftServerConfigKeys (ConfUtils.java:logGet(46)) - raft.server.retrycache.expirytime = 60s (default)
2022-08-16 16:31:39,708 [pool-3-thread-1] INFO  server.RaftServerConfigKeys (ConfUtils.java:logGet(46)) - raft.server.retrycache.expirytime = 60s (default)
2022-08-16 16:31:39,708 [pool-2-thread-1] INFO  server.RaftServerConfigKeys (ConfUtils.java:logGet(46)) - raft.server.retrycache.statistics.expirytime = 100μs (default)
2022-08-16 16:31:39,709 [pool-3-thread-1] INFO  server.RaftServerConfigKeys (ConfUtils.java:logGet(46)) - raft.server.retrycache.statistics.expirytime = 100μs (default)
2022-08-16 16:31:39,723 [pool-1-thread-1] INFO  metrics.MetricRegistries (MetricRegistriesLoader.java:load(64)) - Loaded MetricRegistries class org.apache.ratis.metrics.impl.MetricRegistriesImpl
2022-08-16 16:31:39,780 [pool-3-thread-1] INFO  server.RaftServerConfigKeys (ConfUtils.java:logGet(46)) - raft.server.log.appender.install.snapshot.enabled = true (default)
2022-08-16 16:31:39,781 [pool-2-thread-1] INFO  server.RaftServerConfigKeys (ConfUtils.java:logGet(46)) - raft.server.log.appender.install.snapshot.enabled = true (default)
2022-08-16 16:31:39,781 [pool-2-thread-1] INFO  server.RaftServerConfigKeys (ConfUtils.java:logGet(46)) - raft.server.threadpool.server.cached = true (default)
2022-08-16 16:31:39,780 [pool-1-thread-1] INFO  server.RaftServerConfigKeys (ConfUtils.java:logGet(46)) - raft.server.log.appender.install.snapshot.enabled = true (default)
2022-08-16 16:31:39,782 [pool-1-thread-1] INFO  server.RaftServerConfigKeys (ConfUtils.java:logGet(46)) - raft.server.threadpool.server.cached = true (default)
2022-08-16 16:31:39,782 [pool-1-thread-1] INFO  server.RaftServerConfigKeys (ConfUtils.java:logGet(46)) - raft.server.threadpool.server.size = 0 (default)
2022-08-16 16:31:39,782 [pool-1-thread-1] INFO  server.RaftServerConfigKeys (ConfUtils.java:logGet(46)) - raft.server.threadpool.client.cached = true (default)
2022-08-16 16:31:39,783 [pool-1-thread-1] INFO  server.RaftServerConfigKeys (ConfUtils.java:logGet(46)) - raft.server.threadpool.client.size = 0 (default)
2022-08-16 16:31:39,783 [pool-2-thread-1] INFO  server.RaftServerConfigKeys (ConfUtils.java:logGet(46)) - raft.server.threadpool.server.size = 0 (default)
2022-08-16 16:31:39,783 [pool-2-thread-1] INFO  server.RaftServerConfigKeys (ConfUtils.java:logGet(46)) - raft.server.threadpool.client.cached = true (default)
2022-08-16 16:31:39,783 [pool-2-thread-1] INFO  server.RaftServerConfigKeys (ConfUtils.java:logGet(46)) - raft.server.threadpool.client.size = 0 (default)
2022-08-16 16:31:39,783 [pool-3-thread-1] INFO  server.RaftServerConfigKeys (ConfUtils.java:logGet(46)) - raft.server.threadpool.server.cached = true (default)
2022-08-16 16:31:39,783 [pool-3-thread-1] INFO  server.RaftServerConfigKeys (ConfUtils.java:logGet(46)) - raft.server.threadpool.server.size = 0 (default)
2022-08-16 16:31:39,784 [s0-impl-thread1] INFO  storage.RaftStorageDirectory (RaftStorageDirectoryImpl.java:analyzeStorage(137)) - The storage directory /home/runner/work/ratis/ratis/ratis-test/target/test/data/5f10b85c/MiniRaftClusterWithGrpc5003972a/s0/101ab5c0-0020-4632-8073-aa788a0054ed does not exist. Creating ...
2022-08-16 16:31:39,784 [pool-3-thread-1] INFO  server.RaftServerConfigKeys (ConfUtils.java:logGet(46)) - raft.server.threadpool.client.cached = true (default)
2022-08-16 16:31:39,785 [pool-3-thread-1] INFO  server.RaftServerConfigKeys (ConfUtils.java:logGet(46)) - raft.server.threadpool.client.size = 0 (default)
2022-08-16 16:31:39,785 [s0-impl-thread1] TRACE util.FileUtils (LogUtils.java:runAndLog(49)) - Successfully ran Files.createDirectories /home/runner/work/ratis/ratis/ratis-test/target/test/data/5f10b85c/MiniRaftClusterWithGrpc5003972a/s0/101ab5c0-0020-4632-8073-aa788a0054ed
2022-08-16 16:31:39,788 [s0-impl-thread1] INFO  storage.RaftStorageDirectory (RaftStorageDirectoryImpl.java:tryLock(231)) - Lock on /home/runner/work/ratis/ratis/ratis-test/target/test/data/5f10b85c/MiniRaftClusterWithGrpc5003972a/s0/101ab5c0-0020-4632-8073-aa788a0054ed/in_use.lock acquired by nodename 21594@fv-az459-523.1d4eecmzj5luvpyspzf3bgtdve.dx.internal.cloudapp.net
2022-08-16 16:31:39,789 [s0-impl-thread1] TRACE util.FileUtils (LogUtils.java:runAndLog(49)) - Successfully ran Files.createDirectories /home/runner/work/ratis/ratis/ratis-test/target/test/data/5f10b85c/MiniRaftClusterWithGrpc5003972a/s0/101ab5c0-0020-4632-8073-aa788a0054ed/current
2022-08-16 16:31:39,790 [s0-impl-thread1] TRACE util.FileUtils (LogUtils.java:runAndLog(49)) - Successfully ran Files.createDirectories /home/runner/work/ratis/ratis/ratis-test/target/test/data/5f10b85c/MiniRaftClusterWithGrpc5003972a/s0/101ab5c0-0020-4632-8073-aa788a0054ed/sm
2022-08-16 16:31:39,796 [s0-impl-thread1] INFO  storage.RaftStorage (RaftStorageImpl.java:format(96)) - Storage directory /home/runner/work/ratis/ratis/ratis-test/target/test/data/5f10b85c/MiniRaftClusterWithGrpc5003972a/s0/101ab5c0-0020-4632-8073-aa788a0054ed has been successfully formatted.
2022-08-16 16:31:39,797 [s0-impl-thread1] INFO  statemachine.SimpleStateMachine4Testing (SimpleStateMachine4Testing.java:initialize(212)) - Initializing SimpleStateMachine4Testing:uninitialized
2022-08-16 16:31:39,798 [s0-impl-thread1] INFO  statemachine.SimpleStateMachine4Testing (SimpleStateMachine4Testing.java:loadSnapshot(306)) - The snapshot file null does not exist
2022-08-16 16:31:39,799 [s0-impl-thread1] INFO  server.RaftServerConfigKeys (ConfUtils.java:logGet(46)) - raft.server.log.use.memory = false (default)
2022-08-16 16:31:39,805 [s0-impl-thread1] INFO  server.RaftServerConfigKeys (ConfUtils.java:logGet(46)) - raft.server.log.purge.gap = 1024 (default)
2022-08-16 16:31:39,805 [s0-impl-thread1] INFO  server.RaftServerConfigKeys (ConfUtils.java:logGet(46)) - raft.server.log.appender.buffer.byte-limit = 4MB (=4194304) (default)
2022-08-16 16:31:39,806 [s0-impl-thread1] INFO  server.RaftServerConfigKeys (ConfUtils.java:logGet(46)) - raft.server.log.statemachine.data.read.timeout = 1000ms (default)
2022-08-16 16:31:39,807 [s0-impl-thread1] INFO  server.RaftServerConfigKeys (ConfUtils.java:logGet(46)) - raft.server.log.purge.preservation.log.num = 0 (default)
2022-08-16 16:31:39,808 [s0-impl-thread1] INFO  server.RaftServerConfigKeys (ConfUtils.java:logGet(46)) - raft.server.log.segment.size.max = 8MB (=8388608) (default)
2022-08-16 16:31:39,813 [s0-impl-thread1] INFO  server.RaftServerConfigKeys (ConfUtils.java:logGet(46)) - raft.server.log.segment.cache.num.max = 6 (default)
2022-08-16 16:31:39,813 [s0-impl-thread1] INFO  server.RaftServerConfigKeys (ConfUtils.java:logGet(46)) - raft.server.log.segment.cache.size.max = 200MB (=209715200) (default)
2022-08-16 16:31:39,816 [s0-impl-thread1] INFO  segmented.SegmentedRaftLogWorker (SegmentedRaftLogWorker.java:<init>(191)) - new s0@group-AA788A0054ED-SegmentedRaftLogWorker for RaftStorageImpl:Storage Directory /home/runner/work/ratis/ratis/ratis-test/target/test/data/5f10b85c/MiniRaftClusterWithGrpc5003972a/s0/101ab5c0-0020-4632-8073-aa788a0054ed
2022-08-16 16:31:39,817 [s0-impl-thread1] INFO  server.RaftServerConfigKeys (ConfUtils.java:logGet(46)) - raft.server.log.queue.byte-limit = 64MB (=67108864) (default)
2022-08-16 16:31:39,817 [s0-impl-thread1] INFO  server.RaftServerConfigKeys (ConfUtils.java:logGet(46)) - raft.server.log.queue.element-limit = 4096 (default)
2022-08-16 16:31:39,818 [s0-impl-thread1] INFO  server.RaftServerConfigKeys (ConfUtils.java:logGet(46)) - raft.server.log.segment.size.max = 8MB (=8388608) (default)
2022-08-16 16:31:39,818 [s0-impl-thread1] INFO  server.RaftServerConfigKeys (ConfUtils.java:logGet(46)) - raft.server.log.preallocated.size = 4MB (=4194304) (default)
2022-08-16 16:31:39,819 [s0-impl-thread1] INFO  server.RaftServerConfigKeys (ConfUtils.java:logGet(46)) - raft.server.log.force.sync.num = 128 (default)
2022-08-16 16:31:39,819 [s0-impl-thread1] INFO  server.RaftServerConfigKeys (ConfUtils.java:logGet(46)) - raft.server.log.statemachine.data.sync = true (default)
2022-08-16 16:31:39,819 [s0-impl-thread1] INFO  server.RaftServerConfigKeys (ConfUtils.java:logGet(46)) - raft.server.log.statemachine.data.sync.timeout = 10s (default)
2022-08-16 16:31:39,820 [s0-impl-thread1] INFO  server.RaftServerConfigKeys (ConfUtils.java:logGet(46)) - raft.server.log.statemachine.data.sync.timeout.retry = -1 (default)
2022-08-16 16:31:39,827 [s0-impl-thread1] INFO  server.RaftServerConfigKeys (ConfUtils.java:logGet(46)) - raft.server.log.write.buffer.size = 64KB (=65536) (default)
2022-08-16 16:31:39,828 [s0-impl-thread1] INFO  server.RaftServerConfigKeys (ConfUtils.java:logGet(46)) - raft.server.log.unsafe-flush.enabled = false (default)
2022-08-16 16:31:39,828 [s0-impl-thread1] INFO  server.RaftServerConfigKeys (ConfUtils.java:logGet(46)) - raft.server.log.async-flush.enabled = false (default)
2022-08-16 16:31:39,829 [s0-impl-thread1] INFO  server.RaftServerConfigKeys (ConfUtils.java:logGet(46)) - raft.server.log.statemachine.data.caching.enabled = false (default)
2022-08-16 16:31:39,834 [s0-impl-thread1] INFO  segmented.SegmentedRaftLogWorker (SegmentedRaftLogWorker.java:lambda$new$0(136)) - s0@group-AA788A0054ED-SegmentedRaftLogWorker: flushIndex: setUnconditionally 0 -> -1
2022-08-16 16:31:39,834 [s0-impl-thread1] INFO  segmented.SegmentedRaftLogWorker (SegmentedRaftLogWorker.java:lambda$new$0(136)) - s0@group-AA788A0054ED-SegmentedRaftLogWorker: safeCacheEvictIndex: setUnconditionally 0 -> -1
2022-08-16 16:31:39,835 [s0-impl-thread1] INFO  server.RaftServer$Division (RaftServerImpl.java:start(314)) - s0@group-AA788A0054ED: start as a follower, conf=-1: peers:[s0|rpc:localhost:45523|admin:localhost:40279|client:localhost:45189|dataStream:localhost:37929|priority:0|startupRole:FOLLOWER, s1|rpc:localhost:32919|admin:localhost:39801|client:localhost:43707|dataStream:localhost:33791|priority:0|startupRole:FOLLOWER, s2|rpc:localhost:35999|admin:localhost:41679|client:localhost:37231|dataStream:localhost:35553|priority:0|startupRole:FOLLOWER]|listeners:[], old=null
2022-08-16 16:31:39,835 [s0-impl-thread1] INFO  server.RaftServer$Division (RaftServerImpl.java:setRole(301)) - s0@group-AA788A0054ED: changes role from      null to FOLLOWER at term 0 for startAsFollower
2022-08-16 16:31:39,836 [s0-impl-thread1] INFO  impl.RoleInfo (RoleInfo.java:updateAndGet(139)) - s0: start s0@group-AA788A0054ED-FollowerState
2022-08-16 16:31:39,837 [s0-impl-thread1] INFO  util.JmxRegister (JmxRegister.java:tryRegister(44)) - Successfully registered JMX Bean with object name Ratis:service=RaftServer,group=group-AA788A0054ED,id=s0
2022-08-16 16:31:39,839 [s0-impl-thread1] INFO  server.RaftServerConfigKeys (ConfUtils.java:logGet(46)) - raft.server.snapshot.auto.trigger.enabled = false (default)
2022-08-16 16:31:39,840 [s0-impl-thread1] INFO  server.RaftServerConfigKeys (ConfUtils.java:logGet(46)) - raft.server.snapshot.retention.file.num = -1 (default)
2022-08-16 16:31:39,840 [s0-impl-thread1] INFO  server.RaftServerConfigKeys (ConfUtils.java:logGet(46)) - raft.server.log.purge.upto.snapshot.index = false (default)
2022-08-16 16:31:39,842 [Time-limited test] INFO  server.RaftServer (RaftServerProxy.java:startImpl(387)) - s0: start RPC server
2022-08-16 16:31:39,878 [Time-limited test] INFO  server.GrpcService (GrpcService.java:startImpl(270)) - s0: GrpcService started, listening on 45189
2022-08-16 16:31:39,879 [Time-limited test] INFO  server.GrpcService (GrpcService.java:startImpl(270)) - s0: GrpcService started, listening on 45523
2022-08-16 16:31:39,880 [Time-limited test] INFO  server.GrpcService (GrpcService.java:startImpl(270)) - s0: GrpcService started, listening on 40279
2022-08-16 16:31:39,881 [s1-impl-thread1] INFO  storage.RaftStorageDirectory (RaftStorageDirectoryImpl.java:analyzeStorage(137)) - The storage directory /home/runner/work/ratis/ratis/ratis-test/target/test/data/5f10b85c/MiniRaftClusterWithGrpc5003972a/s1/101ab5c0-0020-4632-8073-aa788a0054ed does not exist. Creating ...
2022-08-16 16:31:39,882 [s1-impl-thread1] TRACE util.FileUtils (LogUtils.java:runAndLog(49)) - Successfully ran Files.createDirectories /home/runner/work/ratis/ratis/ratis-test/target/test/data/5f10b85c/MiniRaftClusterWithGrpc5003972a/s1/101ab5c0-0020-4632-8073-aa788a0054ed
2022-08-16 16:31:39,882 [org.apache.ratis.util.JvmPauseMonitor$$Lambda$295/483911351@add4805] INFO  util.JvmPauseMonitor (JvmPauseMonitor.java:run(103)) - JvmPauseMonitor-s0: Started
2022-08-16 16:31:39,883 [s1-impl-thread1] INFO  storage.RaftStorageDirectory (RaftStorageDirectoryImpl.java:tryLock(231)) - Lock on /home/runner/work/ratis/ratis/ratis-test/target/test/data/5f10b85c/MiniRaftClusterWithGrpc5003972a/s1/101ab5c0-0020-4632-8073-aa788a0054ed/in_use.lock acquired by nodename 21594@fv-az459-523.1d4eecmzj5luvpyspzf3bgtdve.dx.internal.cloudapp.net
2022-08-16 16:31:39,884 [s1-impl-thread1] TRACE util.FileUtils (LogUtils.java:runAndLog(49)) - Successfully ran Files.createDirectories /home/runner/work/ratis/ratis/ratis-test/target/test/data/5f10b85c/MiniRaftClusterWithGrpc5003972a/s1/101ab5c0-0020-4632-8073-aa788a0054ed/current
2022-08-16 16:31:39,884 [s1-impl-thread1] TRACE util.FileUtils (LogUtils.java:runAndLog(49)) - Successfully ran Files.createDirectories /home/runner/work/ratis/ratis/ratis-test/target/test/data/5f10b85c/MiniRaftClusterWithGrpc5003972a/s1/101ab5c0-0020-4632-8073-aa788a0054ed/sm
2022-08-16 16:31:39,887 [s1-impl-thread1] INFO  storage.RaftStorage (RaftStorageImpl.java:format(96)) - Storage directory /home/runner/work/ratis/ratis/ratis-test/target/test/data/5f10b85c/MiniRaftClusterWithGrpc5003972a/s1/101ab5c0-0020-4632-8073-aa788a0054ed has been successfully formatted.
2022-08-16 16:31:39,887 [s1-impl-thread1] INFO  statemachine.SimpleStateMachine4Testing (SimpleStateMachine4Testing.java:initialize(212)) - Initializing SimpleStateMachine4Testing:uninitialized
2022-08-16 16:31:39,887 [s1-impl-thread1] INFO  statemachine.SimpleStateMachine4Testing (SimpleStateMachine4Testing.java:loadSnapshot(306)) - The snapshot file null does not exist
2022-08-16 16:31:39,887 [s1-impl-thread1] INFO  server.RaftServerConfigKeys (ConfUtils.java:logGet(46)) - raft.server.log.use.memory = false (default)
2022-08-16 16:31:39,887 [s1-impl-thread1] INFO  server.RaftServerConfigKeys (ConfUtils.java:logGet(46)) - raft.server.log.purge.gap = 1024 (default)
2022-08-16 16:31:39,887 [s1-impl-thread1] INFO  server.RaftServerConfigKeys (ConfUtils.java:logGet(46)) - raft.server.log.appender.buffer.byte-limit = 4MB (=4194304) (default)
2022-08-16 16:31:39,887 [s1-impl-thread1] INFO  server.RaftServerConfigKeys (ConfUtils.java:logGet(46)) - raft.server.log.statemachine.data.read.timeout = 1000ms (default)
2022-08-16 16:31:39,887 [s1-impl-thread1] INFO  server.RaftServerConfigKeys (ConfUtils.java:logGet(46)) - raft.server.log.purge.preservation.log.num = 0 (default)
2022-08-16 16:31:39,888 [s1-impl-thread1] INFO  server.RaftServerConfigKeys (ConfUtils.java:logGet(46)) - raft.server.log.segment.size.max = 8MB (=8388608) (default)
2022-08-16 16:31:39,888 [s1-impl-thread1] INFO  server.RaftServerConfigKeys (ConfUtils.java:logGet(46)) - raft.server.log.segment.cache.num.max = 6 (default)
2022-08-16 16:31:39,888 [s1-impl-thread1] INFO  server.RaftServerConfigKeys (ConfUtils.java:logGet(46)) - raft.server.log.segment.cache.size.max = 200MB (=209715200) (default)
2022-08-16 16:31:39,888 [s1-impl-thread1] INFO  segmented.SegmentedRaftLogWorker (SegmentedRaftLogWorker.java:<init>(191)) - new s1@group-AA788A0054ED-SegmentedRaftLogWorker for RaftStorageImpl:Storage Directory /home/runner/work/ratis/ratis/ratis-test/target/test/data/5f10b85c/MiniRaftClusterWithGrpc5003972a/s1/101ab5c0-0020-4632-8073-aa788a0054ed
2022-08-16 16:31:39,888 [s1-impl-thread1] INFO  server.RaftServerConfigKeys (ConfUtils.java:logGet(46)) - raft.server.log.queue.byte-limit = 64MB (=67108864) (default)
2022-08-16 16:31:39,889 [s1-impl-thread1] INFO  server.RaftServerConfigKeys (ConfUtils.java:logGet(46)) - raft.server.log.queue.element-limit = 4096 (default)
2022-08-16 16:31:39,889 [s1-impl-thread1] INFO  server.RaftServerConfigKeys (ConfUtils.java:logGet(46)) - raft.server.log.segment.size.max = 8MB (=8388608) (default)
2022-08-16 16:31:39,889 [s1-impl-thread1] INFO  server.RaftServerConfigKeys (ConfUtils.java:logGet(46)) - raft.server.log.preallocated.size = 4MB (=4194304) (default)
2022-08-16 16:31:39,889 [s1-impl-thread1] INFO  server.RaftServerConfigKeys (ConfUtils.java:logGet(46)) - raft.server.log.force.sync.num = 128 (default)
2022-08-16 16:31:39,889 [s1-impl-thread1] INFO  server.RaftServerConfigKeys (ConfUtils.java:logGet(46)) - raft.server.log.statemachine.data.sync = true (default)
2022-08-16 16:31:39,889 [s1-impl-thread1] INFO  server.RaftServerConfigKeys (ConfUtils.java:logGet(46)) - raft.server.log.statemachine.data.sync.timeout = 10s (default)
2022-08-16 16:31:39,889 [s1-impl-thread1] INFO  server.RaftServerConfigKeys (ConfUtils.java:logGet(46)) - raft.server.log.statemachine.data.sync.timeout.retry = -1 (default)
2022-08-16 16:31:39,890 [s1-impl-thread1] INFO  server.RaftServerConfigKeys (ConfUtils.java:logGet(46)) - raft.server.log.write.buffer.size = 64KB (=65536) (default)
2022-08-16 16:31:39,890 [s1-impl-thread1] INFO  server.RaftServerConfigKeys (ConfUtils.java:logGet(46)) - raft.server.log.unsafe-flush.enabled = false (default)
2022-08-16 16:31:39,890 [s1-impl-thread1] INFO  server.RaftServerConfigKeys (ConfUtils.java:logGet(46)) - raft.server.log.async-flush.enabled = false (default)
2022-08-16 16:31:39,890 [s1-impl-thread1] INFO  server.RaftServerConfigKeys (ConfUtils.java:logGet(46)) - raft.server.log.statemachine.data.caching.enabled = false (default)
2022-08-16 16:31:39,891 [s1-impl-thread1] INFO  segmented.SegmentedRaftLogWorker (SegmentedRaftLogWorker.java:lambda$new$0(136)) - s1@group-AA788A0054ED-SegmentedRaftLogWorker: flushIndex: setUnconditionally 0 -> -1
2022-08-16 16:31:39,891 [s1-impl-thread1] INFO  segmented.SegmentedRaftLogWorker (SegmentedRaftLogWorker.java:lambda$new$0(136)) - s1@group-AA788A0054ED-SegmentedRaftLogWorker: safeCacheEvictIndex: setUnconditionally 0 -> -1
2022-08-16 16:31:39,892 [s1-impl-thread1] INFO  server.RaftServer$Division (RaftServerImpl.java:start(314)) - s1@group-AA788A0054ED: start as a follower, conf=-1: peers:[s0|rpc:localhost:45523|admin:localhost:40279|client:localhost:45189|dataStream:localhost:37929|priority:0|startupRole:FOLLOWER, s1|rpc:localhost:32919|admin:localhost:39801|client:localhost:43707|dataStream:localhost:33791|priority:0|startupRole:FOLLOWER, s2|rpc:localhost:35999|admin:localhost:41679|client:localhost:37231|dataStream:localhost:35553|priority:0|startupRole:FOLLOWER]|listeners:[], old=null
2022-08-16 16:31:39,893 [s1-impl-thread1] INFO  server.RaftServer$Division (RaftServerImpl.java:setRole(301)) - s1@group-AA788A0054ED: changes role from      null to FOLLOWER at term 0 for startAsFollower
2022-08-16 16:31:39,893 [s1-impl-thread1] INFO  impl.RoleInfo (RoleInfo.java:updateAndGet(139)) - s1: start s1@group-AA788A0054ED-FollowerState
2022-08-16 16:31:39,893 [s1-impl-thread1] INFO  util.JmxRegister (JmxRegister.java:tryRegister(44)) - Successfully registered JMX Bean with object name Ratis:service=RaftServer,group=group-AA788A0054ED,id=s1
2022-08-16 16:31:39,893 [s1-impl-thread1] INFO  server.RaftServerConfigKeys (ConfUtils.java:logGet(46)) - raft.server.snapshot.auto.trigger.enabled = false (default)
2022-08-16 16:31:39,893 [s1-impl-thread1] INFO  server.RaftServerConfigKeys (ConfUtils.java:logGet(46)) - raft.server.snapshot.retention.file.num = -1 (default)
2022-08-16 16:31:39,893 [s1-impl-thread1] INFO  server.RaftServerConfigKeys (ConfUtils.java:logGet(46)) - raft.server.log.purge.upto.snapshot.index = false (default)
2022-08-16 16:31:39,896 [Time-limited test] INFO  server.RaftServer (RaftServerProxy.java:startImpl(387)) - s1: start RPC server
2022-08-16 16:31:39,897 [Time-limited test] INFO  server.GrpcService (GrpcService.java:startImpl(270)) - s1: GrpcService started, listening on 43707
2022-08-16 16:31:39,897 [Time-limited test] INFO  server.GrpcService (GrpcService.java:startImpl(270)) - s1: GrpcService started, listening on 32919
2022-08-16 16:31:39,898 [Time-limited test] INFO  server.GrpcService (GrpcService.java:startImpl(270)) - s1: GrpcService started, listening on 39801
2022-08-16 16:31:39,898 [org.apache.ratis.util.JvmPauseMonitor$$Lambda$295/483911351@5119e20] INFO  util.JvmPauseMonitor (JvmPauseMonitor.java:run(103)) - JvmPauseMonitor-s1: Started
2022-08-16 16:31:39,898 [s2-impl-thread1] INFO  storage.RaftStorageDirectory (RaftStorageDirectoryImpl.java:analyzeStorage(137)) - The storage directory /home/runner/work/ratis/ratis/ratis-test/target/test/data/5f10b85c/MiniRaftClusterWithGrpc5003972a/s2/101ab5c0-0020-4632-8073-aa788a0054ed does not exist. Creating ...
2022-08-16 16:31:39,898 [s2-impl-thread1] TRACE util.FileUtils (LogUtils.java:runAndLog(49)) - Successfully ran Files.createDirectories /home/runner/work/ratis/ratis/ratis-test/target/test/data/5f10b85c/MiniRaftClusterWithGrpc5003972a/s2/101ab5c0-0020-4632-8073-aa788a0054ed
2022-08-16 16:31:39,900 [s2-impl-thread1] INFO  storage.RaftStorageDirectory (RaftStorageDirectoryImpl.java:tryLock(231)) - Lock on /home/runner/work/ratis/ratis/ratis-test/target/test/data/5f10b85c/MiniRaftClusterWithGrpc5003972a/s2/101ab5c0-0020-4632-8073-aa788a0054ed/in_use.lock acquired by nodename 21594@fv-az459-523.1d4eecmzj5luvpyspzf3bgtdve.dx.internal.cloudapp.net
2022-08-16 16:31:39,900 [s2-impl-thread1] TRACE util.FileUtils (LogUtils.java:runAndLog(49)) - Successfully ran Files.createDirectories /home/runner/work/ratis/ratis/ratis-test/target/test/data/5f10b85c/MiniRaftClusterWithGrpc5003972a/s2/101ab5c0-0020-4632-8073-aa788a0054ed/current
2022-08-16 16:31:39,900 [s2-impl-thread1] TRACE util.FileUtils (LogUtils.java:runAndLog(49)) - Successfully ran Files.createDirectories /home/runner/work/ratis/ratis/ratis-test/target/test/data/5f10b85c/MiniRaftClusterWithGrpc5003972a/s2/101ab5c0-0020-4632-8073-aa788a0054ed/sm
2022-08-16 16:31:39,903 [s2-impl-thread1] INFO  storage.RaftStorage (RaftStorageImpl.java:format(96)) - Storage directory /home/runner/work/ratis/ratis/ratis-test/target/test/data/5f10b85c/MiniRaftClusterWithGrpc5003972a/s2/101ab5c0-0020-4632-8073-aa788a0054ed has been successfully formatted.
2022-08-16 16:31:39,903 [s2-impl-thread1] INFO  statemachine.SimpleStateMachine4Testing (SimpleStateMachine4Testing.java:initialize(212)) - Initializing SimpleStateMachine4Testing:uninitialized
2022-08-16 16:31:39,903 [s2-impl-thread1] INFO  statemachine.SimpleStateMachine4Testing (SimpleStateMachine4Testing.java:loadSnapshot(306)) - The snapshot file null does not exist
2022-08-16 16:31:39,903 [s2-impl-thread1] INFO  server.RaftServerConfigKeys (ConfUtils.java:logGet(46)) - raft.server.log.use.memory = false (default)
2022-08-16 16:31:39,904 [s2-impl-thread1] INFO  server.RaftServerConfigKeys (ConfUtils.java:logGet(46)) - raft.server.log.purge.gap = 1024 (default)
2022-08-16 16:31:39,904 [s2-impl-thread1] INFO  server.RaftServerConfigKeys (ConfUtils.java:logGet(46)) - raft.server.log.appender.buffer.byte-limit = 4MB (=4194304) (default)
2022-08-16 16:31:39,904 [s2-impl-thread1] INFO  server.RaftServerConfigKeys (ConfUtils.java:logGet(46)) - raft.server.log.statemachine.data.read.timeout = 1000ms (default)
2022-08-16 16:31:39,904 [s2-impl-thread1] INFO  server.RaftServerConfigKeys (ConfUtils.java:logGet(46)) - raft.server.log.purge.preservation.log.num = 0 (default)
2022-08-16 16:31:39,904 [s2-impl-thread1] INFO  server.RaftServerConfigKeys (ConfUtils.java:logGet(46)) - raft.server.log.segment.size.max = 8MB (=8388608) (default)
2022-08-16 16:31:39,904 [s2-impl-thread1] INFO  server.RaftServerConfigKeys (ConfUtils.java:logGet(46)) - raft.server.log.segment.cache.num.max = 6 (default)
2022-08-16 16:31:39,905 [s2-impl-thread1] INFO  server.RaftServerConfigKeys (ConfUtils.java:logGet(46)) - raft.server.log.segment.cache.size.max = 200MB (=209715200) (default)
2022-08-16 16:31:39,905 [s2-impl-thread1] INFO  segmented.SegmentedRaftLogWorker (SegmentedRaftLogWorker.java:<init>(191)) - new s2@group-AA788A0054ED-SegmentedRaftLogWorker for RaftStorageImpl:Storage Directory /home/runner/work/ratis/ratis/ratis-test/target/test/data/5f10b85c/MiniRaftClusterWithGrpc5003972a/s2/101ab5c0-0020-4632-8073-aa788a0054ed
2022-08-16 16:31:39,905 [s2-impl-thread1] INFO  server.RaftServerConfigKeys (ConfUtils.java:logGet(46)) - raft.server.log.queue.byte-limit = 64MB (=67108864) (default)
2022-08-16 16:31:39,905 [s2-impl-thread1] INFO  server.RaftServerConfigKeys (ConfUtils.java:logGet(46)) - raft.server.log.queue.element-limit = 4096 (default)
2022-08-16 16:31:39,905 [s2-impl-thread1] INFO  server.RaftServerConfigKeys (ConfUtils.java:logGet(46)) - raft.server.log.segment.size.max = 8MB (=8388608) (default)
2022-08-16 16:31:39,905 [s2-impl-thread1] INFO  server.RaftServerConfigKeys (ConfUtils.java:logGet(46)) - raft.server.log.preallocated.size = 4MB (=4194304) (default)
2022-08-16 16:31:39,905 [s2-impl-thread1] INFO  server.RaftServerConfigKeys (ConfUtils.java:logGet(46)) - raft.server.log.force.sync.num = 128 (default)
2022-08-16 16:31:39,905 [s2-impl-thread1] INFO  server.RaftServerConfigKeys (ConfUtils.java:logGet(46)) - raft.server.log.statemachine.data.sync = true (default)
2022-08-16 16:31:39,905 [s2-impl-thread1] INFO  server.RaftServerConfigKeys (ConfUtils.java:logGet(46)) - raft.server.log.statemachine.data.sync.timeout = 10s (default)
2022-08-16 16:31:39,905 [s2-impl-thread1] INFO  server.RaftServerConfigKeys (ConfUtils.java:logGet(46)) - raft.server.log.statemachine.data.sync.timeout.retry = -1 (default)
2022-08-16 16:31:39,906 [s2-impl-thread1] INFO  server.RaftServerConfigKeys (ConfUtils.java:logGet(46)) - raft.server.log.write.buffer.size = 64KB (=65536) (default)
2022-08-16 16:31:39,906 [s2-impl-thread1] INFO  server.RaftServerConfigKeys (ConfUtils.java:logGet(46)) - raft.server.log.unsafe-flush.enabled = false (default)
2022-08-16 16:31:39,906 [s2-impl-thread1] INFO  server.RaftServerConfigKeys (ConfUtils.java:logGet(46)) - raft.server.log.async-flush.enabled = false (default)
2022-08-16 16:31:39,906 [s2-impl-thread1] INFO  server.RaftServerConfigKeys (ConfUtils.java:logGet(46)) - raft.server.log.statemachine.data.caching.enabled = false (default)
2022-08-16 16:31:39,907 [s2-impl-thread1] INFO  segmented.SegmentedRaftLogWorker (SegmentedRaftLogWorker.java:lambda$new$0(136)) - s2@group-AA788A0054ED-SegmentedRaftLogWorker: flushIndex: setUnconditionally 0 -> -1
2022-08-16 16:31:39,907 [s2-impl-thread1] INFO  segmented.SegmentedRaftLogWorker (SegmentedRaftLogWorker.java:lambda$new$0(136)) - s2@group-AA788A0054ED-SegmentedRaftLogWorker: safeCacheEvictIndex: setUnconditionally 0 -> -1
2022-08-16 16:31:39,908 [s2-impl-thread1] INFO  server.RaftServer$Division (RaftServerImpl.java:start(314)) - s2@group-AA788A0054ED: start as a follower, conf=-1: peers:[s0|rpc:localhost:45523|admin:localhost:40279|client:localhost:45189|dataStream:localhost:37929|priority:0|startupRole:FOLLOWER, s1|rpc:localhost:32919|admin:localhost:39801|client:localhost:43707|dataStream:localhost:33791|priority:0|startupRole:FOLLOWER, s2|rpc:localhost:35999|admin:localhost:41679|client:localhost:37231|dataStream:localhost:35553|priority:0|startupRole:FOLLOWER]|listeners:[], old=null
2022-08-16 16:31:39,908 [s2-impl-thread1] INFO  server.RaftServer$Division (RaftServerImpl.java:setRole(301)) - s2@group-AA788A0054ED: changes role from      null to FOLLOWER at term 0 for startAsFollower
2022-08-16 16:31:39,908 [s2-impl-thread1] INFO  impl.RoleInfo (RoleInfo.java:updateAndGet(139)) - s2: start s2@group-AA788A0054ED-FollowerState
2022-08-16 16:31:39,909 [s2-impl-thread1] INFO  util.JmxRegister (JmxRegister.java:tryRegister(44)) - Successfully registered JMX Bean with object name Ratis:service=RaftServer,group=group-AA788A0054ED,id=s2
2022-08-16 16:31:39,909 [s2-impl-thread1] INFO  server.RaftServerConfigKeys (ConfUtils.java:logGet(46)) - raft.server.snapshot.auto.trigger.enabled = false (default)
2022-08-16 16:31:39,909 [s2-impl-thread1] INFO  server.RaftServerConfigKeys (ConfUtils.java:logGet(46)) - raft.server.snapshot.retention.file.num = -1 (default)
2022-08-16 16:31:39,909 [s2-impl-thread1] INFO  server.RaftServerConfigKeys (ConfUtils.java:logGet(46)) - raft.server.log.purge.upto.snapshot.index = false (default)
2022-08-16 16:31:39,916 [Time-limited test] INFO  server.RaftServer (RaftServerProxy.java:startImpl(387)) - s2: start RPC server
2022-08-16 16:31:39,917 [Time-limited test] INFO  server.GrpcService (GrpcService.java:startImpl(270)) - s2: GrpcService started, listening on 37231
2022-08-16 16:31:39,918 [Time-limited test] INFO  server.GrpcService (GrpcService.java:startImpl(270)) - s2: GrpcService started, listening on 35999
2022-08-16 16:31:39,918 [Time-limited test] INFO  server.GrpcService (GrpcService.java:startImpl(270)) - s2: GrpcService started, listening on 41679
2022-08-16 16:31:39,920 [org.apache.ratis.util.JvmPauseMonitor$$Lambda$295/483911351@65ec63e7] INFO  util.JvmPauseMonitor (JvmPauseMonitor.java:run(103)) - JvmPauseMonitor-s2: Started
2022-08-16 16:31:39,923 [Time-limited test] INFO  server.RaftServerConfigKeys (ConfUtils.java:logGet(46)) - raft.server.rpc.timeout.max = 300ms (default)
2022-08-16 16:31:39,925 [Time-limited test] INFO  ratis.RaftTestUtil (RaftTestUtil.java:waitForLeader(100)) - printing ALL groups
  s0:  RUNNING  FOLLOWER s0@group-AA788A0054ED:t0, leader=null, voted=, raftlog=Memoized:s0@group-AA788A0054ED-SegmentedRaftLog:OPENED:c-1, conf=-1: peers:[s0|rpc:localhost:45523|admin:localhost:40279|client:localhost:45189|dataStream:localhost:37929|priority:0|startupRole:FOLLOWER, s1|rpc:localhost:32919|admin:localhost:39801|client:localhost:43707|dataStream:localhost:33791|priority:0|startupRole:FOLLOWER, s2|rpc:localhost:35999|admin:localhost:41679|client:localhost:37231|dataStream:localhost:35553|priority:0|startupRole:FOLLOWER]|listeners:[], old=null RUNNING
  s1:  RUNNING  FOLLOWER s1@group-AA788A0054ED:t0, leader=null, voted=, raftlog=Memoized:s1@group-AA788A0054ED-SegmentedRaftLog:OPENED:c-1, conf=-1: peers:[s0|rpc:localhost:45523|admin:localhost:40279|client:localhost:45189|dataStream:localhost:37929|priority:0|startupRole:FOLLOWER, s1|rpc:localhost:32919|admin:localhost:39801|client:localhost:43707|dataStream:localhost:33791|priority:0|startupRole:FOLLOWER, s2|rpc:localhost:35999|admin:localhost:41679|client:localhost:37231|dataStream:localhost:35553|priority:0|startupRole:FOLLOWER]|listeners:[], old=null RUNNING
  s2:  RUNNING  FOLLOWER s2@group-AA788A0054ED:t0, leader=null, voted=, raftlog=Memoized:s2@group-AA788A0054ED-SegmentedRaftLog:OPENED:c-1, conf=-1: peers:[s0|rpc:localhost:45523|admin:localhost:40279|client:localhost:45189|dataStream:localhost:37929|priority:0|startupRole:FOLLOWER, s1|rpc:localhost:32919|admin:localhost:39801|client:localhost:43707|dataStream:localhost:33791|priority:0|startupRole:FOLLOWER, s2|rpc:localhost:35999|admin:localhost:41679|client:localhost:37231|dataStream:localhost:35553|priority:0|startupRole:FOLLOWER]|listeners:[], old=null RUNNING
2022-08-16 16:31:39,935 [Time-limited test] WARN  ratis.RaftTestUtil (JavaUtils.java:attempt(172)) - FAILED "waitForLeader-null-(expectLeader? true)", attempt #1/100: java.lang.IllegalStateException: No leader yet : printing ALL groups
  s0:  RUNNING  FOLLOWER s0@group-AA788A0054ED:t0, leader=null, voted=, raftlog=Memoized:s0@group-AA788A0054ED-SegmentedRaftLog:OPENED:c-1, conf=-1: peers:[s0|rpc:localhost:45523|admin:localhost:40279|client:localhost:45189|dataStream:localhost:37929|priority:0|startupRole:FOLLOWER, s1|rpc:localhost:32919|admin:localhost:39801|client:localhost:43707|dataStream:localhost:33791|priority:0|startupRole:FOLLOWER, s2|rpc:localhost:35999|admin:localhost:41679|client:localhost:37231|dataStream:localhost:35553|priority:0|startupRole:FOLLOWER]|listeners:[], old=null RUNNING
  s1:  RUNNING  FOLLOWER s1@group-AA788A0054ED:t0, leader=null, voted=, raftlog=Memoized:s1@group-AA788A0054ED-SegmentedRaftLog:OPENED:c-1, conf=-1: peers:[s0|rpc:localhost:45523|admin:localhost:40279|client:localhost:45189|dataStream:localhost:37929|priority:0|startupRole:FOLLOWER, s1|rpc:localhost:32919|admin:localhost:39801|client:localhost:43707|dataStream:localhost:33791|priority:0|startupRole:FOLLOWER, s2|rpc:localhost:35999|admin:localhost:41679|client:localhost:37231|dataStream:localhost:35553|priority:0|startupRole:FOLLOWER]|listeners:[], old=null RUNNING
  s2:  RUNNING  FOLLOWER s2@group-AA788A0054ED:t0, leader=null, voted=, raftlog=Memoized:s2@group-AA788A0054ED-SegmentedRaftLog:OPENED:c-1, conf=-1: peers:[s0|rpc:localhost:45523|admin:localhost:40279|client:localhost:45189|dataStream:localhost:37929|priority:0|startupRole:FOLLOWER, s1|rpc:localhost:32919|admin:localhost:39801|client:localhost:43707|dataStream:localhost:33791|priority:0|startupRole:FOLLOWER, s2|rpc:localhost:35999|admin:localhost:41679|client:localhost:37231|dataStream:localhost:35553|priority:0|startupRole:FOLLOWER]|listeners:[], old=null RUNNING, sleep 450ms and then retry.
java.lang.IllegalStateException: No leader yet : printing ALL groups
  s0:  RUNNING  FOLLOWER s0@group-AA788A0054ED:t0, leader=null, voted=, raftlog=Memoized:s0@group-AA788A0054ED-SegmentedRaftLog:OPENED:c-1, conf=-1: peers:[s0|rpc:localhost:45523|admin:localhost:40279|client:localhost:45189|dataStream:localhost:37929|priority:0|startupRole:FOLLOWER, s1|rpc:localhost:32919|admin:localhost:39801|client:localhost:43707|dataStream:localhost:33791|priority:0|startupRole:FOLLOWER, s2|rpc:localhost:35999|admin:localhost:41679|client:localhost:37231|dataStream:localhost:35553|priority:0|startupRole:FOLLOWER]|listeners:[], old=null RUNNING
  s1:  RUNNING  FOLLOWER s1@group-AA788A0054ED:t0, leader=null, voted=, raftlog=Memoized:s1@group-AA788A0054ED-SegmentedRaftLog:OPENED:c-1, conf=-1: peers:[s0|rpc:localhost:45523|admin:localhost:40279|client:localhost:45189|dataStream:localhost:37929|priority:0|startupRole:FOLLOWER, s1|rpc:localhost:32919|admin:localhost:39801|client:localhost:43707|dataStream:localhost:33791|priority:0|startupRole:FOLLOWER, s2|rpc:localhost:35999|admin:localhost:41679|client:localhost:37231|dataStream:localhost:35553|priority:0|startupRole:FOLLOWER]|listeners:[], old=null RUNNING
  s2:  RUNNING  FOLLOWER s2@group-AA788A0054ED:t0, leader=null, voted=, raftlog=Memoized:s2@group-AA788A0054ED-SegmentedRaftLog:OPENED:c-1, conf=-1: peers:[s0|rpc:localhost:45523|admin:localhost:40279|client:localhost:45189|dataStream:localhost:37929|priority:0|startupRole:FOLLOWER, s1|rpc:localhost:32919|admin:localhost:39801|client:localhost:43707|dataStream:localhost:33791|priority:0|startupRole:FOLLOWER, s2|rpc:localhost:35999|admin:localhost:41679|client:localhost:37231|dataStream:localhost:35553|priority:0|startupRole:FOLLOWER]|listeners:[], old=null RUNNING
	at org.apache.ratis.server.impl.MiniRaftCluster.newIllegalStateExceptionForNoLeaders(MiniRaftCluster.java:577)
	at org.apache.ratis.RaftTestUtil.lambda$waitForLeader$1(RaftTestUtil.java:104)
	at org.apache.ratis.server.impl.MiniRaftCluster.getLeader(MiniRaftCluster.java:611)
	at org.apache.ratis.server.impl.MiniRaftCluster.getLeader(MiniRaftCluster.java:604)
	at org.apache.ratis.RaftTestUtil.lambda$waitForLeader$3(RaftTestUtil.java:112)
	at org.apache.ratis.util.JavaUtils.attempt(JavaUtils.java:166)
	at org.apache.ratis.util.JavaUtils.attemptRepeatedly(JavaUtils.java:152)
	at org.apache.ratis.RaftTestUtil.waitForLeader(RaftTestUtil.java:111)
	at org.apache.ratis.RaftTestUtil.waitForLeader(RaftTestUtil.java:92)
	at org.apache.ratis.RaftTestUtil.waitForLeader(RaftTestUtil.java:87)
	at org.apache.ratis.grpc.TestRaftServerWithGrpc.testRaftClientRequestMetrics(TestRaftServerWithGrpc.java:311)
	at org.apache.ratis.server.impl.MiniRaftCluster$Factory$Get.runWithNewCluster(MiniRaftCluster.java:138)
	at org.apache.ratis.server.impl.MiniRaftCluster$Factory$Get.runWithNewCluster(MiniRaftCluster.java:118)
	at org.apache.ratis.grpc.TestRaftServerWithGrpc.testRaftClientMetrics(TestRaftServerWithGrpc.java:216)
	at sun.reflect.NativeMethodAccessorImpl.invoke0(Native Method)
	at sun.reflect.NativeMethodAccessorImpl.invoke(NativeMethodAccessorImpl.java:62)
	at sun.reflect.DelegatingMethodAccessorImpl.invoke(DelegatingMethodAccessorImpl.java:43)
	at java.lang.reflect.Method.invoke(Method.java:498)
	at org.junit.runners.model.FrameworkMethod$1.runReflectiveCall(FrameworkMethod.java:59)
	at org.junit.internal.runners.model.ReflectiveCallable.run(ReflectiveCallable.java:12)
	at org.junit.runners.model.FrameworkMethod.invokeExplosively(FrameworkMethod.java:56)
	at org.junit.internal.runners.statements.InvokeMethod.evaluate(InvokeMethod.java:17)
	at org.junit.internal.runners.statements.RunBefores.evaluate(RunBefores.java:26)
	at org.junit.internal.runners.statements.RunAfters.evaluate(RunAfters.java:27)
	at org.junit.internal.runners.statements.FailOnTimeout$CallableStatement.call(FailOnTimeout.java:299)
	at org.junit.internal.runners.statements.FailOnTimeout$CallableStatement.call(FailOnTimeout.java:293)
	at java.util.concurrent.FutureTask.run(FutureTask.java:266)
	at java.lang.Thread.run(Thread.java:750)
2022-08-16 16:31:40,104 [s1@group-AA788A0054ED-FollowerState] INFO  impl.FollowerState (FollowerState.java:run(143)) - s1@group-AA788A0054ED-FollowerState: change to CANDIDATE, lastRpcElapsedTime:211103999ns, electionTimeout:207ms
2022-08-16 16:31:40,105 [s1@group-AA788A0054ED-FollowerState] INFO  impl.RoleInfo (RoleInfo.java:shutdownFollowerState(110)) - s1: shutdown s1@group-AA788A0054ED-FollowerState
2022-08-16 16:31:40,105 [s1@group-AA788A0054ED-FollowerState] INFO  server.RaftServer$Division (RaftServerImpl.java:setRole(301)) - s1@group-AA788A0054ED: changes role from  FOLLOWER to CANDIDATE at term 0 for changeToCandidate
2022-08-16 16:31:40,107 [s1@group-AA788A0054ED-FollowerState] INFO  server.RaftServerConfigKeys (ConfUtils.java:logGet(46)) - raft.server.leaderelection.pre-vote = true (default)
2022-08-16 16:31:40,108 [s1@group-AA788A0054ED-FollowerState] INFO  impl.RoleInfo (RoleInfo.java:updateAndGet(139)) - s1: start s1@group-AA788A0054ED-LeaderElection1
2022-08-16 16:31:40,109 [s1@group-AA788A0054ED-LeaderElection1] INFO  impl.LeaderElection (LeaderElection.java:askForVotes(310)) - s1@group-AA788A0054ED-LeaderElection1 PRE_VOTE round 0: submit vote requests at term 0 for -1: peers:[s0|rpc:localhost:45523|admin:localhost:40279|client:localhost:45189|dataStream:localhost:37929|priority:0|startupRole:FOLLOWER, s1|rpc:localhost:32919|admin:localhost:39801|client:localhost:43707|dataStream:localhost:33791|priority:0|startupRole:FOLLOWER, s2|rpc:localhost:35999|admin:localhost:41679|client:localhost:37231|dataStream:localhost:35553|priority:0|startupRole:FOLLOWER]|listeners:[], old=null
2022-08-16 16:31:40,145 [s0@group-AA788A0054ED-FollowerState] INFO  impl.FollowerState (FollowerState.java:run(143)) - s0@group-AA788A0054ED-FollowerState: change to CANDIDATE, lastRpcElapsedTime:309046235ns, electionTimeout:291ms
2022-08-16 16:31:40,145 [s0@group-AA788A0054ED-FollowerState] INFO  impl.RoleInfo (RoleInfo.java:shutdownFollowerState(110)) - s0: shutdown s0@group-AA788A0054ED-FollowerState
2022-08-16 16:31:40,146 [s0@group-AA788A0054ED-FollowerState] INFO  server.RaftServer$Division (RaftServerImpl.java:setRole(301)) - s0@group-AA788A0054ED: changes role from  FOLLOWER to CANDIDATE at term 0 for changeToCandidate
2022-08-16 16:31:40,146 [s0@group-AA788A0054ED-FollowerState] INFO  server.RaftServerConfigKeys (ConfUtils.java:logGet(46)) - raft.server.leaderelection.pre-vote = true (default)
2022-08-16 16:31:40,146 [s0@group-AA788A0054ED-FollowerState] INFO  impl.RoleInfo (RoleInfo.java:updateAndGet(139)) - s0: start s0@group-AA788A0054ED-LeaderElection2
2022-08-16 16:31:40,147 [s0@group-AA788A0054ED-LeaderElection2] INFO  impl.LeaderElection (LeaderElection.java:askForVotes(310)) - s0@group-AA788A0054ED-LeaderElection2 PRE_VOTE round 0: submit vote requests at term 0 for -1: peers:[s0|rpc:localhost:45523|admin:localhost:40279|client:localhost:45189|dataStream:localhost:37929|priority:0|startupRole:FOLLOWER, s1|rpc:localhost:32919|admin:localhost:39801|client:localhost:43707|dataStream:localhost:33791|priority:0|startupRole:FOLLOWER, s2|rpc:localhost:35999|admin:localhost:41679|client:localhost:37231|dataStream:localhost:35553|priority:0|startupRole:FOLLOWER]|listeners:[], old=null
2022-08-16 16:31:40,182 [s0@group-AA788A0054ED-LeaderElection2-1] INFO  server.GrpcServerProtocolClient (GrpcServerProtocolClient.java:<init>(63)) - Build channel for s1
2022-08-16 16:31:40,186 [s0@group-AA788A0054ED-LeaderElection2-2] INFO  server.GrpcServerProtocolClient (GrpcServerProtocolClient.java:<init>(63)) - Build channel for s2
2022-08-16 16:31:40,187 [s1@group-AA788A0054ED-LeaderElection1-1] INFO  server.GrpcServerProtocolClient (GrpcServerProtocolClient.java:<init>(63)) - Build channel for s0
2022-08-16 16:31:40,188 [s1@group-AA788A0054ED-LeaderElection1-2] INFO  server.GrpcServerProtocolClient (GrpcServerProtocolClient.java:<init>(63)) - Build channel for s2
2022-08-16 16:31:40,191 [s2@group-AA788A0054ED-FollowerState] INFO  impl.FollowerState (FollowerState.java:run(143)) - s2@group-AA788A0054ED-FollowerState: change to CANDIDATE, lastRpcElapsedTime:283382616ns, electionTimeout:279ms
2022-08-16 16:31:40,192 [s2@group-AA788A0054ED-FollowerState] INFO  impl.RoleInfo (RoleInfo.java:shutdownFollowerState(110)) - s2: shutdown s2@group-AA788A0054ED-FollowerState
2022-08-16 16:31:40,192 [s2@group-AA788A0054ED-FollowerState] INFO  server.RaftServer$Division (RaftServerImpl.java:setRole(301)) - s2@group-AA788A0054ED: changes role from  FOLLOWER to CANDIDATE at term 0 for changeToCandidate
2022-08-16 16:31:40,192 [s2@group-AA788A0054ED-FollowerState] INFO  server.RaftServerConfigKeys (ConfUtils.java:logGet(46)) - raft.server.leaderelection.pre-vote = true (default)
2022-08-16 16:31:40,192 [s2@group-AA788A0054ED-FollowerState] INFO  impl.RoleInfo (RoleInfo.java:updateAndGet(139)) - s2: start s2@group-AA788A0054ED-LeaderElection3
2022-08-16 16:31:40,197 [s2@group-AA788A0054ED-LeaderElection3] INFO  impl.LeaderElection (LeaderElection.java:askForVotes(310)) - s2@group-AA788A0054ED-LeaderElection3 PRE_VOTE round 0: submit vote requests at term 0 for -1: peers:[s0|rpc:localhost:45523|admin:localhost:40279|client:localhost:45189|dataStream:localhost:37929|priority:0|startupRole:FOLLOWER, s1|rpc:localhost:32919|admin:localhost:39801|client:localhost:43707|dataStream:localhost:33791|priority:0|startupRole:FOLLOWER, s2|rpc:localhost:35999|admin:localhost:41679|client:localhost:37231|dataStream:localhost:35553|priority:0|startupRole:FOLLOWER]|listeners:[], old=null
2022-08-16 16:31:40,197 [s2@group-AA788A0054ED-LeaderElection3-1] INFO  server.GrpcServerProtocolClient (GrpcServerProtocolClient.java:<init>(63)) - Build channel for s0
2022-08-16 16:31:40,197 [s2@group-AA788A0054ED-LeaderElection3-2] INFO  server.GrpcServerProtocolClient (GrpcServerProtocolClient.java:<init>(63)) - Build channel for s1
2022-08-16 16:31:40,378 [s2@group-AA788A0054ED-LeaderElection3] INFO  impl.LeaderElection (LeaderElection.java:logAndReturn(90)) - s2@group-AA788A0054ED-LeaderElection3: PRE_VOTE TIMEOUT received 0 response(s) and 0 exception(s):
2022-08-16 16:31:40,378 [s2@group-AA788A0054ED-LeaderElection3] INFO  impl.LeaderElection (LeaderElection.java:askForVotes(312)) - s2@group-AA788A0054ED-LeaderElection3 PRE_VOTE round 0: result TIMEOUT
2022-08-16 16:31:40,378 [s2@group-AA788A0054ED-LeaderElection3] INFO  impl.LeaderElection (LeaderElection.java:askForVotes(310)) - s2@group-AA788A0054ED-LeaderElection3 PRE_VOTE round 1: submit vote requests at term 0 for -1: peers:[s0|rpc:localhost:45523|admin:localhost:40279|client:localhost:45189|dataStream:localhost:37929|priority:0|startupRole:FOLLOWER, s1|rpc:localhost:32919|admin:localhost:39801|client:localhost:43707|dataStream:localhost:33791|priority:0|startupRole:FOLLOWER, s2|rpc:localhost:35999|admin:localhost:41679|client:localhost:37231|dataStream:localhost:35553|priority:0|startupRole:FOLLOWER]|listeners:[], old=null
2022-08-16 16:31:40,388 [Time-limited test] WARN  ratis.RaftTestUtil (JavaUtils.java:attempt(172)) - FAILED "waitForLeader-null-(expectLeader? true)", attempt #2/100: java.lang.IllegalStateException: No leader yet : printing ALL groups
  s0:  RUNNING CANDIDATE s0@group-AA788A0054ED:t0, leader=null, voted=, raftlog=Memoized:s0@group-AA788A0054ED-SegmentedRaftLog:OPENED:c-1, conf=-1: peers:[s0|rpc:localhost:45523|admin:localhost:40279|client:localhost:45189|dataStream:localhost:37929|priority:0|startupRole:FOLLOWER, s1|rpc:localhost:32919|admin:localhost:39801|client:localhost:43707|dataStream:localhost:33791|priority:0|startupRole:FOLLOWER, s2|rpc:localhost:35999|admin:localhost:41679|client:localhost:37231|dataStream:localhost:35553|priority:0|startupRole:FOLLOWER]|listeners:[], old=null RUNNING
  s1:  RUNNING CANDIDATE s1@group-AA788A0054ED:t0, leader=null, voted=, raftlog=Memoized:s1@group-AA788A0054ED-SegmentedRaftLog:OPENED:c-1, conf=-1: peers:[s0|rpc:localhost:45523|admin:localhost:40279|client:localhost:45189|dataStream:localhost:37929|priority:0|startupRole:FOLLOWER, s1|rpc:localhost:32919|admin:localhost:39801|client:localhost:43707|dataStream:localhost:33791|priority:0|startupRole:FOLLOWER, s2|rpc:localhost:35999|admin:localhost:41679|client:localhost:37231|dataStream:localhost:35553|priority:0|startupRole:FOLLOWER]|listeners:[], old=null RUNNING
  s2:  RUNNING CANDIDATE s2@group-AA788A0054ED:t0, leader=null, voted=, raftlog=Memoized:s2@group-AA788A0054ED-SegmentedRaftLog:OPENED:c-1, conf=-1: peers:[s0|rpc:localhost:45523|admin:localhost:40279|client:localhost:45189|dataStream:localhost:37929|priority:0|startupRole:FOLLOWER, s1|rpc:localhost:32919|admin:localhost:39801|client:localhost:43707|dataStream:localhost:33791|priority:0|startupRole:FOLLOWER, s2|rpc:localhost:35999|admin:localhost:41679|client:localhost:37231|dataStream:localhost:35553|priority:0|startupRole:FOLLOWER]|listeners:[], old=null RUNNING, sleep 450ms and then retry.
java.lang.IllegalStateException: No leader yet : printing ALL groups
  s0:  RUNNING CANDIDATE s0@group-AA788A0054ED:t0, leader=null, voted=, raftlog=Memoized:s0@group-AA788A0054ED-SegmentedRaftLog:OPENED:c-1, conf=-1: peers:[s0|rpc:localhost:45523|admin:localhost:40279|client:localhost:45189|dataStream:localhost:37929|priority:0|startupRole:FOLLOWER, s1|rpc:localhost:32919|admin:localhost:39801|client:localhost:43707|dataStream:localhost:33791|priority:0|startupRole:FOLLOWER, s2|rpc:localhost:35999|admin:localhost:41679|client:localhost:37231|dataStream:localhost:35553|priority:0|startupRole:FOLLOWER]|listeners:[], old=null RUNNING
  s1:  RUNNING CANDIDATE s1@group-AA788A0054ED:t0, leader=null, voted=, raftlog=Memoized:s1@group-AA788A0054ED-SegmentedRaftLog:OPENED:c-1, conf=-1: peers:[s0|rpc:localhost:45523|admin:localhost:40279|client:localhost:45189|dataStream:localhost:37929|priority:0|startupRole:FOLLOWER, s1|rpc:localhost:32919|admin:localhost:39801|client:localhost:43707|dataStream:localhost:33791|priority:0|startupRole:FOLLOWER, s2|rpc:localhost:35999|admin:localhost:41679|client:localhost:37231|dataStream:localhost:35553|priority:0|startupRole:FOLLOWER]|listeners:[], old=null RUNNING
  s2:  RUNNING CANDIDATE s2@group-AA788A0054ED:t0, leader=null, voted=, raftlog=Memoized:s2@group-AA788A0054ED-SegmentedRaftLog:OPENED:c-1, conf=-1: peers:[s0|rpc:localhost:45523|admin:localhost:40279|client:localhost:45189|dataStream:localhost:37929|priority:0|startupRole:FOLLOWER, s1|rpc:localhost:32919|admin:localhost:39801|client:localhost:43707|dataStream:localhost:33791|priority:0|startupRole:FOLLOWER, s2|rpc:localhost:35999|admin:localhost:41679|client:localhost:37231|dataStream:localhost:35553|priority:0|startupRole:FOLLOWER]|listeners:[], old=null RUNNING
	at org.apache.ratis.server.impl.MiniRaftCluster.newIllegalStateExceptionForNoLeaders(MiniRaftCluster.java:577)
	at org.apache.ratis.RaftTestUtil.lambda$waitForLeader$1(RaftTestUtil.java:104)
	at org.apache.ratis.server.impl.MiniRaftCluster.getLeader(MiniRaftCluster.java:611)
	at org.apache.ratis.server.impl.MiniRaftCluster.getLeader(MiniRaftCluster.java:604)
	at org.apache.ratis.RaftTestUtil.lambda$waitForLeader$3(RaftTestUtil.java:112)
	at org.apache.ratis.util.JavaUtils.attempt(JavaUtils.java:166)
	at org.apache.ratis.util.JavaUtils.attemptRepeatedly(JavaUtils.java:152)
	at org.apache.ratis.RaftTestUtil.waitForLeader(RaftTestUtil.java:111)
	at org.apache.ratis.RaftTestUtil.waitForLeader(RaftTestUtil.java:92)
	at org.apache.ratis.RaftTestUtil.waitForLeader(RaftTestUtil.java:87)
	at org.apache.ratis.grpc.TestRaftServerWithGrpc.testRaftClientRequestMetrics(TestRaftServerWithGrpc.java:311)
	at org.apache.ratis.server.impl.MiniRaftCluster$Factory$Get.runWithNewCluster(MiniRaftCluster.java:138)
	at org.apache.ratis.server.impl.MiniRaftCluster$Factory$Get.runWithNewCluster(MiniRaftCluster.java:118)
	at org.apache.ratis.grpc.TestRaftServerWithGrpc.testRaftClientMetrics(TestRaftServerWithGrpc.java:216)
	at sun.reflect.NativeMethodAccessorImpl.invoke0(Native Method)
	at sun.reflect.NativeMethodAccessorImpl.invoke(NativeMethodAccessorImpl.java:62)
	at sun.reflect.DelegatingMethodAccessorImpl.invoke(DelegatingMethodAccessorImpl.java:43)
	at java.lang.reflect.Method.invoke(Method.java:498)
	at org.junit.runners.model.FrameworkMethod$1.runReflectiveCall(FrameworkMethod.java:59)
	at org.junit.internal.runners.model.ReflectiveCallable.run(ReflectiveCallable.java:12)
	at org.junit.runners.model.FrameworkMethod.invokeExplosively(FrameworkMethod.java:56)
	at org.junit.internal.runners.statements.InvokeMethod.evaluate(InvokeMethod.java:17)
	at org.junit.internal.runners.statements.RunBefores.evaluate(RunBefores.java:26)
	at org.junit.internal.runners.statements.RunAfters.evaluate(RunAfters.java:27)
	at org.junit.internal.runners.statements.FailOnTimeout$CallableStatement.call(FailOnTimeout.java:299)
	at org.junit.internal.runners.statements.FailOnTimeout$CallableStatement.call(FailOnTimeout.java:293)
	at java.util.concurrent.FutureTask.run(FutureTask.java:266)
	at java.lang.Thread.run(Thread.java:750)
2022-08-16 16:31:40,399 [s0@group-AA788A0054ED-LeaderElection2] INFO  impl.LeaderElection (LeaderElection.java:logAndReturn(90)) - s0@group-AA788A0054ED-LeaderElection2: PRE_VOTE TIMEOUT received 0 response(s) and 0 exception(s):
2022-08-16 16:31:40,399 [s0@group-AA788A0054ED-LeaderElection2] INFO  impl.LeaderElection (LeaderElection.java:askForVotes(312)) - s0@group-AA788A0054ED-LeaderElection2 PRE_VOTE round 0: result TIMEOUT
2022-08-16 16:31:40,399 [s0@group-AA788A0054ED-LeaderElection2] INFO  impl.LeaderElection (LeaderElection.java:askForVotes(310)) - s0@group-AA788A0054ED-LeaderElection2 PRE_VOTE round 1: submit vote requests at term 0 for -1: peers:[s0|rpc:localhost:45523|admin:localhost:40279|client:localhost:45189|dataStream:localhost:37929|priority:0|startupRole:FOLLOWER, s1|rpc:localhost:32919|admin:localhost:39801|client:localhost:43707|dataStream:localhost:33791|priority:0|startupRole:FOLLOWER, s2|rpc:localhost:35999|admin:localhost:41679|client:localhost:37231|dataStream:localhost:35553|priority:0|startupRole:FOLLOWER]|listeners:[], old=null
2022-08-16 16:31:40,437 [grpc-default-executor-3] INFO  server.RaftServer$Division (RaftServerImpl.java:requestVote(1198)) - s2@group-AA788A0054ED: receive requestVote(PRE_VOTE, s1, group-AA788A0054ED, 0, (t:0, i:0))
2022-08-16 16:31:40,437 [grpc-default-executor-2] INFO  server.RaftServer$Division (RaftServerImpl.java:requestVote(1198)) - s0@group-AA788A0054ED: receive requestVote(PRE_VOTE, s2, group-AA788A0054ED, 0, (t:0, i:0))
2022-08-16 16:31:40,438 [grpc-default-executor-2] INFO  impl.VoteContext (VoteContext.java:log(48)) - s0@group-AA788A0054ED-CANDIDATE: accept PRE_VOTE from s2: our priority 0 <= candidate's priority 0
2022-08-16 16:31:40,440 [grpc-default-executor-5] INFO  server.RaftServer$Division (RaftServerImpl.java:requestVote(1198)) - s0@group-AA788A0054ED: receive requestVote(PRE_VOTE, s2, group-AA788A0054ED, 0, (t:0, i:0))
2022-08-16 16:31:40,441 [grpc-default-executor-1] INFO  server.RaftServer$Division (RaftServerImpl.java:requestVote(1198)) - s1@group-AA788A0054ED: receive requestVote(PRE_VOTE, s0, group-AA788A0054ED, 0, (t:0, i:0))
2022-08-16 16:31:40,442 [grpc-default-executor-1] INFO  impl.VoteContext (VoteContext.java:log(48)) - s1@group-AA788A0054ED-CANDIDATE: accept PRE_VOTE from s0: our priority 0 <= candidate's priority 0
2022-08-16 16:31:40,442 [grpc-default-executor-0] INFO  server.RaftServer$Division (RaftServerImpl.java:requestVote(1198)) - s1@group-AA788A0054ED: receive requestVote(PRE_VOTE, s0, group-AA788A0054ED, 0, (t:0, i:0))
2022-08-16 16:31:40,442 [grpc-default-executor-3] INFO  impl.VoteContext (VoteContext.java:log(48)) - s2@group-AA788A0054ED-CANDIDATE: accept PRE_VOTE from s1: our priority 0 <= candidate's priority 0
2022-08-16 16:31:40,443 [grpc-default-executor-3] INFO  server.RaftServer$Division (RaftServerImpl.java:requestVote(1231)) - s2@group-AA788A0054ED replies to PRE_VOTE vote request: s1<-s2#0:OK-t0. Peer's state: s2@group-AA788A0054ED:t0, leader=null, voted=, raftlog=Memoized:s2@group-AA788A0054ED-SegmentedRaftLog:OPENED:c-1, conf=-1: peers:[s0|rpc:localhost:45523|admin:localhost:40279|client:localhost:45189|dataStream:localhost:37929|priority:0|startupRole:FOLLOWER, s1|rpc:localhost:32919|admin:localhost:39801|client:localhost:43707|dataStream:localhost:33791|priority:0|startupRole:FOLLOWER, s2|rpc:localhost:35999|admin:localhost:41679|client:localhost:37231|dataStream:localhost:35553|priority:0|startupRole:FOLLOWER]|listeners:[], old=null
2022-08-16 16:31:40,444 [grpc-default-executor-1] INFO  server.RaftServer$Division (RaftServerImpl.java:requestVote(1231)) - s1@group-AA788A0054ED replies to PRE_VOTE vote request: s0<-s1#0:OK-t0. Peer's state: s1@group-AA788A0054ED:t0, leader=null, voted=, raftlog=Memoized:s1@group-AA788A0054ED-SegmentedRaftLog:OPENED:c-1, conf=-1: peers:[s0|rpc:localhost:45523|admin:localhost:40279|client:localhost:45189|dataStream:localhost:37929|priority:0|startupRole:FOLLOWER, s1|rpc:localhost:32919|admin:localhost:39801|client:localhost:43707|dataStream:localhost:33791|priority:0|startupRole:FOLLOWER, s2|rpc:localhost:35999|admin:localhost:41679|client:localhost:37231|dataStream:localhost:35553|priority:0|startupRole:FOLLOWER]|listeners:[], old=null
2022-08-16 16:31:40,445 [grpc-default-executor-0] INFO  impl.VoteContext (VoteContext.java:log(48)) - s1@group-AA788A0054ED-CANDIDATE: accept PRE_VOTE from s0: our priority 0 <= candidate's priority 0
2022-08-16 16:31:40,445 [grpc-default-executor-0] INFO  server.RaftServer$Division (RaftServerImpl.java:requestVote(1231)) - s1@group-AA788A0054ED replies to PRE_VOTE vote request: s0<-s1#0:OK-t0. Peer's state: s1@group-AA788A0054ED:t0, leader=null, voted=, raftlog=Memoized:s1@group-AA788A0054ED-SegmentedRaftLog:OPENED:c-1, conf=-1: peers:[s0|rpc:localhost:45523|admin:localhost:40279|client:localhost:45189|dataStream:localhost:37929|priority:0|startupRole:FOLLOWER, s1|rpc:localhost:32919|admin:localhost:39801|client:localhost:43707|dataStream:localhost:33791|priority:0|startupRole:FOLLOWER, s2|rpc:localhost:35999|admin:localhost:41679|client:localhost:37231|dataStream:localhost:35553|priority:0|startupRole:FOLLOWER]|listeners:[], old=null
2022-08-16 16:31:40,445 [grpc-default-executor-2] INFO  server.RaftServer$Division (RaftServerImpl.java:requestVote(1231)) - s0@group-AA788A0054ED replies to PRE_VOTE vote request: s2<-s0#0:OK-t0. Peer's state: s0@group-AA788A0054ED:t0, leader=null, voted=, raftlog=Memoized:s0@group-AA788A0054ED-SegmentedRaftLog:OPENED:c-1, conf=-1: peers:[s0|rpc:localhost:45523|admin:localhost:40279|client:localhost:45189|dataStream:localhost:37929|priority:0|startupRole:FOLLOWER, s1|rpc:localhost:32919|admin:localhost:39801|client:localhost:43707|dataStream:localhost:33791|priority:0|startupRole:FOLLOWER, s2|rpc:localhost:35999|admin:localhost:41679|client:localhost:37231|dataStream:localhost:35553|priority:0|startupRole:FOLLOWER]|listeners:[], old=null
2022-08-16 16:31:40,445 [grpc-default-executor-5] INFO  impl.VoteContext (VoteContext.java:log(48)) - s0@group-AA788A0054ED-CANDIDATE: accept PRE_VOTE from s2: our priority 0 <= candidate's priority 0
2022-08-16 16:31:40,445 [grpc-default-executor-5] INFO  server.RaftServer$Division (RaftServerImpl.java:requestVote(1231)) - s0@group-AA788A0054ED replies to PRE_VOTE vote request: s2<-s0#0:OK-t0. Peer's state: s0@group-AA788A0054ED:t0, leader=null, voted=, raftlog=Memoized:s0@group-AA788A0054ED-SegmentedRaftLog:OPENED:c-1, conf=-1: peers:[s0|rpc:localhost:45523|admin:localhost:40279|client:localhost:45189|dataStream:localhost:37929|priority:0|startupRole:FOLLOWER, s1|rpc:localhost:32919|admin:localhost:39801|client:localhost:43707|dataStream:localhost:33791|priority:0|startupRole:FOLLOWER, s2|rpc:localhost:35999|admin:localhost:41679|client:localhost:37231|dataStream:localhost:35553|priority:0|startupRole:FOLLOWER]|listeners:[], old=null
2022-08-16 16:31:40,447 [grpc-default-executor-4] INFO  server.RaftServer$Division (RaftServerImpl.java:requestVote(1198)) - s1@group-AA788A0054ED: receive requestVote(PRE_VOTE, s2, group-AA788A0054ED, 0, (t:0, i:0))
2022-08-16 16:31:40,447 [grpc-default-executor-4] INFO  impl.VoteContext (VoteContext.java:log(48)) - s1@group-AA788A0054ED-CANDIDATE: accept PRE_VOTE from s2: our priority 0 <= candidate's priority 0
2022-08-16 16:31:40,447 [grpc-default-executor-4] INFO  server.RaftServer$Division (RaftServerImpl.java:requestVote(1231)) - s1@group-AA788A0054ED replies to PRE_VOTE vote request: s2<-s1#0:OK-t0. Peer's state: s1@group-AA788A0054ED:t0, leader=null, voted=, raftlog=Memoized:s1@group-AA788A0054ED-SegmentedRaftLog:OPENED:c-1, conf=-1: peers:[s0|rpc:localhost:45523|admin:localhost:40279|client:localhost:45189|dataStream:localhost:37929|priority:0|startupRole:FOLLOWER, s1|rpc:localhost:32919|admin:localhost:39801|client:localhost:43707|dataStream:localhost:33791|priority:0|startupRole:FOLLOWER, s2|rpc:localhost:35999|admin:localhost:41679|client:localhost:37231|dataStream:localhost:35553|priority:0|startupRole:FOLLOWER]|listeners:[], old=null
2022-08-16 16:31:40,447 [grpc-default-executor-4] INFO  server.RaftServer$Division (RaftServerImpl.java:requestVote(1198)) - s1@group-AA788A0054ED: receive requestVote(PRE_VOTE, s2, group-AA788A0054ED, 0, (t:0, i:0))
2022-08-16 16:31:40,447 [grpc-default-executor-4] INFO  impl.VoteContext (VoteContext.java:log(48)) - s1@group-AA788A0054ED-CANDIDATE: accept PRE_VOTE from s2: our priority 0 <= candidate's priority 0
2022-08-16 16:31:40,448 [grpc-default-executor-4] INFO  server.RaftServer$Division (RaftServerImpl.java:requestVote(1231)) - s1@group-AA788A0054ED replies to PRE_VOTE vote request: s2<-s1#0:OK-t0. Peer's state: s1@group-AA788A0054ED:t0, leader=null, voted=, raftlog=Memoized:s1@group-AA788A0054ED-SegmentedRaftLog:OPENED:c-1, conf=-1: peers:[s0|rpc:localhost:45523|admin:localhost:40279|client:localhost:45189|dataStream:localhost:37929|priority:0|startupRole:FOLLOWER, s1|rpc:localhost:32919|admin:localhost:39801|client:localhost:43707|dataStream:localhost:33791|priority:0|startupRole:FOLLOWER, s2|rpc:localhost:35999|admin:localhost:41679|client:localhost:37231|dataStream:localhost:35553|priority:0|startupRole:FOLLOWER]|listeners:[], old=null
2022-08-16 16:31:40,448 [grpc-default-executor-4] INFO  server.RaftServer$Division (RaftServerImpl.java:requestVote(1198)) - s0@group-AA788A0054ED: receive requestVote(PRE_VOTE, s1, group-AA788A0054ED, 0, (t:0, i:0))
2022-08-16 16:31:40,448 [grpc-default-executor-4] INFO  impl.VoteContext (VoteContext.java:log(48)) - s0@group-AA788A0054ED-CANDIDATE: accept PRE_VOTE from s1: our priority 0 <= candidate's priority 0
2022-08-16 16:31:40,448 [grpc-default-executor-4] INFO  server.RaftServer$Division (RaftServerImpl.java:requestVote(1231)) - s0@group-AA788A0054ED replies to PRE_VOTE vote request: s1<-s0#0:OK-t0. Peer's state: s0@group-AA788A0054ED:t0, leader=null, voted=, raftlog=Memoized:s0@group-AA788A0054ED-SegmentedRaftLog:OPENED:c-1, conf=-1: peers:[s0|rpc:localhost:45523|admin:localhost:40279|client:localhost:45189|dataStream:localhost:37929|priority:0|startupRole:FOLLOWER, s1|rpc:localhost:32919|admin:localhost:39801|client:localhost:43707|dataStream:localhost:33791|priority:0|startupRole:FOLLOWER, s2|rpc:localhost:35999|admin:localhost:41679|client:localhost:37231|dataStream:localhost:35553|priority:0|startupRole:FOLLOWER]|listeners:[], old=null
2022-08-16 16:31:40,449 [grpc-default-executor-2] INFO  server.RaftServer$Division (RaftServerImpl.java:requestVote(1198)) - s2@group-AA788A0054ED: receive requestVote(PRE_VOTE, s0, group-AA788A0054ED, 0, (t:0, i:0))
2022-08-16 16:31:40,450 [grpc-default-executor-2] INFO  impl.VoteContext (VoteContext.java:log(48)) - s2@group-AA788A0054ED-CANDIDATE: accept PRE_VOTE from s0: our priority 0 <= candidate's priority 0
2022-08-16 16:31:40,450 [grpc-default-executor-2] INFO  server.RaftServer$Division (RaftServerImpl.java:requestVote(1231)) - s2@group-AA788A0054ED replies to PRE_VOTE vote request: s0<-s2#0:OK-t0. Peer's state: s2@group-AA788A0054ED:t0, leader=null, voted=, raftlog=Memoized:s2@group-AA788A0054ED-SegmentedRaftLog:OPENED:c-1, conf=-1: peers:[s0|rpc:localhost:45523|admin:localhost:40279|client:localhost:45189|dataStream:localhost:37929|priority:0|startupRole:FOLLOWER, s1|rpc:localhost:32919|admin:localhost:39801|client:localhost:43707|dataStream:localhost:33791|priority:0|startupRole:FOLLOWER, s2|rpc:localhost:35999|admin:localhost:41679|client:localhost:37231|dataStream:localhost:35553|priority:0|startupRole:FOLLOWER]|listeners:[], old=null
2022-08-16 16:31:40,450 [grpc-default-executor-4] INFO  server.RaftServer$Division (RaftServerImpl.java:requestVote(1198)) - s2@group-AA788A0054ED: receive requestVote(PRE_VOTE, s0, group-AA788A0054ED, 0, (t:0, i:0))
2022-08-16 16:31:40,450 [grpc-default-executor-4] INFO  impl.VoteContext (VoteContext.java:log(48)) - s2@group-AA788A0054ED-CANDIDATE: accept PRE_VOTE from s0: our priority 0 <= candidate's priority 0
2022-08-16 16:31:40,450 [grpc-default-executor-4] INFO  server.RaftServer$Division (RaftServerImpl.java:requestVote(1231)) - s2@group-AA788A0054ED replies to PRE_VOTE vote request: s0<-s2#0:OK-t0. Peer's state: s2@group-AA788A0054ED:t0, leader=null, voted=, raftlog=Memoized:s2@group-AA788A0054ED-SegmentedRaftLog:OPENED:c-1, conf=-1: peers:[s0|rpc:localhost:45523|admin:localhost:40279|client:localhost:45189|dataStream:localhost:37929|priority:0|startupRole:FOLLOWER, s1|rpc:localhost:32919|admin:localhost:39801|client:localhost:43707|dataStream:localhost:33791|priority:0|startupRole:FOLLOWER, s2|rpc:localhost:35999|admin:localhost:41679|client:localhost:37231|dataStream:localhost:35553|priority:0|startupRole:FOLLOWER]|listeners:[], old=null
2022-08-16 16:31:40,458 [s1@group-AA788A0054ED-LeaderElection1] INFO  impl.LeaderElection (LeaderElection.java:logAndReturn(90)) - s1@group-AA788A0054ED-LeaderElection1: PRE_VOTE PASSED received 1 response(s) and 0 exception(s):
2022-08-16 16:31:40,458 [s1@group-AA788A0054ED-LeaderElection1] INFO  impl.LeaderElection (LeaderElection.java:logAndReturn(94)) -   Response 0: s1<-s0#0:OK-t0
2022-08-16 16:31:40,458 [s1@group-AA788A0054ED-LeaderElection1] INFO  impl.LeaderElection (LeaderElection.java:askForVotes(312)) - s1@group-AA788A0054ED-LeaderElection1 PRE_VOTE round 0: result PASSED
2022-08-16 16:31:40,460 [s1@group-AA788A0054ED-LeaderElection1] INFO  impl.LeaderElection (LeaderElection.java:askForVotes(310)) - s1@group-AA788A0054ED-LeaderElection1 ELECTION round 0: submit vote requests at term 1 for -1: peers:[s0|rpc:localhost:45523|admin:localhost:40279|client:localhost:45189|dataStream:localhost:37929|priority:0|startupRole:FOLLOWER, s1|rpc:localhost:32919|admin:localhost:39801|client:localhost:43707|dataStream:localhost:33791|priority:0|startupRole:FOLLOWER, s2|rpc:localhost:35999|admin:localhost:41679|client:localhost:37231|dataStream:localhost:35553|priority:0|startupRole:FOLLOWER]|listeners:[], old=null
2022-08-16 16:31:40,463 [s0@group-AA788A0054ED-LeaderElection2] INFO  impl.LeaderElection (LeaderElection.java:logAndReturn(90)) - s0@group-AA788A0054ED-LeaderElection2: PRE_VOTE PASSED received 1 response(s) and 0 exception(s):
2022-08-16 16:31:40,463 [s0@group-AA788A0054ED-LeaderElection2] INFO  impl.LeaderElection (LeaderElection.java:logAndReturn(94)) -   Response 0: s0<-s2#0:OK-t0
2022-08-16 16:31:40,463 [s0@group-AA788A0054ED-LeaderElection2] INFO  impl.LeaderElection (LeaderElection.java:askForVotes(312)) - s0@group-AA788A0054ED-LeaderElection2 PRE_VOTE round 1: result PASSED
2022-08-16 16:31:40,464 [s2@group-AA788A0054ED-LeaderElection3] INFO  impl.LeaderElection (LeaderElection.java:logAndReturn(90)) - s2@group-AA788A0054ED-LeaderElection3: PRE_VOTE PASSED received 1 response(s) and 0 exception(s):
2022-08-16 16:31:40,464 [s2@group-AA788A0054ED-LeaderElection3] INFO  impl.LeaderElection (LeaderElection.java:logAndReturn(94)) -   Response 0: s2<-s1#0:OK-t0
2022-08-16 16:31:40,465 [s2@group-AA788A0054ED-LeaderElection3] INFO  impl.LeaderElection (LeaderElection.java:askForVotes(312)) - s2@group-AA788A0054ED-LeaderElection3 PRE_VOTE round 1: result PASSED
2022-08-16 16:31:40,465 [s0@group-AA788A0054ED-LeaderElection2] INFO  impl.LeaderElection (LeaderElection.java:askForVotes(310)) - s0@group-AA788A0054ED-LeaderElection2 ELECTION round 0: submit vote requests at term 1 for -1: peers:[s0|rpc:localhost:45523|admin:localhost:40279|client:localhost:45189|dataStream:localhost:37929|priority:0|startupRole:FOLLOWER, s1|rpc:localhost:32919|admin:localhost:39801|client:localhost:43707|dataStream:localhost:33791|priority:0|startupRole:FOLLOWER, s2|rpc:localhost:35999|admin:localhost:41679|client:localhost:37231|dataStream:localhost:35553|priority:0|startupRole:FOLLOWER]|listeners:[], old=null
2022-08-16 16:31:40,466 [s2@group-AA788A0054ED-LeaderElection3] INFO  impl.LeaderElection (LeaderElection.java:askForVotes(310)) - s2@group-AA788A0054ED-LeaderElection3 ELECTION round 0: submit vote requests at term 1 for -1: peers:[s0|rpc:localhost:45523|admin:localhost:40279|client:localhost:45189|dataStream:localhost:37929|priority:0|startupRole:FOLLOWER, s1|rpc:localhost:32919|admin:localhost:39801|client:localhost:43707|dataStream:localhost:33791|priority:0|startupRole:FOLLOWER, s2|rpc:localhost:35999|admin:localhost:41679|client:localhost:37231|dataStream:localhost:35553|priority:0|startupRole:FOLLOWER]|listeners:[], old=null
2022-08-16 16:31:40,466 [grpc-default-executor-4] INFO  server.RaftServer$Division (RaftServerImpl.java:requestVote(1198)) - s0@group-AA788A0054ED: receive requestVote(ELECTION, s1, group-AA788A0054ED, 1, (t:0, i:0))
2022-08-16 16:31:40,467 [grpc-default-executor-4] INFO  impl.VoteContext (VoteContext.java:log(48)) - s0@group-AA788A0054ED-CANDIDATE: reject ELECTION from s1: already has voted for s0 at current term 1
2022-08-16 16:31:40,467 [grpc-default-executor-4] INFO  server.RaftServer$Division (RaftServerImpl.java:requestVote(1231)) - s0@group-AA788A0054ED replies to ELECTION vote request: s1<-s0#0:FAIL-t1. Peer's state: s0@group-AA788A0054ED:t1, leader=null, voted=s0, raftlog=Memoized:s0@group-AA788A0054ED-SegmentedRaftLog:OPENED:c-1, conf=-1: peers:[s0|rpc:localhost:45523|admin:localhost:40279|client:localhost:45189|dataStream:localhost:37929|priority:0|startupRole:FOLLOWER, s1|rpc:localhost:32919|admin:localhost:39801|client:localhost:43707|dataStream:localhost:33791|priority:0|startupRole:FOLLOWER, s2|rpc:localhost:35999|admin:localhost:41679|client:localhost:37231|dataStream:localhost:35553|priority:0|startupRole:FOLLOWER]|listeners:[], old=null
2022-08-16 16:31:40,468 [grpc-default-executor-4] INFO  server.RaftServer$Division (RaftServerImpl.java:requestVote(1198)) - s2@group-AA788A0054ED: receive requestVote(ELECTION, s1, group-AA788A0054ED, 1, (t:0, i:0))
2022-08-16 16:31:40,468 [grpc-default-executor-4] INFO  impl.VoteContext (VoteContext.java:log(48)) - s2@group-AA788A0054ED-CANDIDATE: reject ELECTION from s1: already has voted for s2 at current term 1
2022-08-16 16:31:40,468 [grpc-default-executor-4] INFO  server.RaftServer$Division (RaftServerImpl.java:requestVote(1231)) - s2@group-AA788A0054ED replies to ELECTION vote request: s1<-s2#0:FAIL-t1. Peer's state: s2@group-AA788A0054ED:t1, leader=null, voted=s2, raftlog=Memoized:s2@group-AA788A0054ED-SegmentedRaftLog:OPENED:c-1, conf=-1: peers:[s0|rpc:localhost:45523|admin:localhost:40279|client:localhost:45189|dataStream:localhost:37929|priority:0|startupRole:FOLLOWER, s1|rpc:localhost:32919|admin:localhost:39801|client:localhost:43707|dataStream:localhost:33791|priority:0|startupRole:FOLLOWER, s2|rpc:localhost:35999|admin:localhost:41679|client:localhost:37231|dataStream:localhost:35553|priority:0|startupRole:FOLLOWER]|listeners:[], old=null
2022-08-16 16:31:40,471 [grpc-default-executor-4] INFO  server.RaftServer$Division (RaftServerImpl.java:requestVote(1198)) - s2@group-AA788A0054ED: receive requestVote(ELECTION, s0, group-AA788A0054ED, 1, (t:0, i:0))
2022-08-16 16:31:40,471 [grpc-default-executor-4] INFO  impl.VoteContext (VoteContext.java:log(48)) - s2@group-AA788A0054ED-CANDIDATE: reject ELECTION from s0: already has voted for s2 at current term 1
2022-08-16 16:31:40,472 [grpc-default-executor-4] INFO  server.RaftServer$Division (RaftServerImpl.java:requestVote(1231)) - s2@group-AA788A0054ED replies to ELECTION vote request: s0<-s2#0:FAIL-t1. Peer's state: s2@group-AA788A0054ED:t1, leader=null, voted=s2, raftlog=Memoized:s2@group-AA788A0054ED-SegmentedRaftLog:OPENED:c-1, conf=-1: peers:[s0|rpc:localhost:45523|admin:localhost:40279|client:localhost:45189|dataStream:localhost:37929|priority:0|startupRole:FOLLOWER, s1|rpc:localhost:32919|admin:localhost:39801|client:localhost:43707|dataStream:localhost:33791|priority:0|startupRole:FOLLOWER, s2|rpc:localhost:35999|admin:localhost:41679|client:localhost:37231|dataStream:localhost:35553|priority:0|startupRole:FOLLOWER]|listeners:[], old=null
2022-08-16 16:31:40,472 [grpc-default-executor-2] INFO  server.RaftServer$Division (RaftServerImpl.java:requestVote(1198)) - s1@group-AA788A0054ED: receive requestVote(ELECTION, s0, group-AA788A0054ED, 1, (t:0, i:0))
2022-08-16 16:31:40,472 [grpc-default-executor-2] INFO  impl.VoteContext (VoteContext.java:log(48)) - s1@group-AA788A0054ED-CANDIDATE: reject ELECTION from s0: already has voted for s1 at current term 1
2022-08-16 16:31:40,472 [grpc-default-executor-2] INFO  server.RaftServer$Division (RaftServerImpl.java:requestVote(1231)) - s1@group-AA788A0054ED replies to ELECTION vote request: s0<-s1#0:FAIL-t1. Peer's state: s1@group-AA788A0054ED:t1, leader=null, voted=s1, raftlog=Memoized:s1@group-AA788A0054ED-SegmentedRaftLog:OPENED:c-1, conf=-1: peers:[s0|rpc:localhost:45523|admin:localhost:40279|client:localhost:45189|dataStream:localhost:37929|priority:0|startupRole:FOLLOWER, s1|rpc:localhost:32919|admin:localhost:39801|client:localhost:43707|dataStream:localhost:33791|priority:0|startupRole:FOLLOWER, s2|rpc:localhost:35999|admin:localhost:41679|client:localhost:37231|dataStream:localhost:35553|priority:0|startupRole:FOLLOWER]|listeners:[], old=null
2022-08-16 16:31:40,473 [grpc-default-executor-4] INFO  server.RaftServer$Division (RaftServerImpl.java:requestVote(1198)) - s0@group-AA788A0054ED: receive requestVote(ELECTION, s2, group-AA788A0054ED, 1, (t:0, i:0))
2022-08-16 16:31:40,473 [grpc-default-executor-4] INFO  impl.VoteContext (VoteContext.java:log(48)) - s0@group-AA788A0054ED-CANDIDATE: reject ELECTION from s2: already has voted for s0 at current term 1
2022-08-16 16:31:40,473 [grpc-default-executor-4] INFO  server.RaftServer$Division (RaftServerImpl.java:requestVote(1231)) - s0@group-AA788A0054ED replies to ELECTION vote request: s2<-s0#0:FAIL-t1. Peer's state: s0@group-AA788A0054ED:t1, leader=null, voted=s0, raftlog=Memoized:s0@group-AA788A0054ED-SegmentedRaftLog:OPENED:c-1, conf=-1: peers:[s0|rpc:localhost:45523|admin:localhost:40279|client:localhost:45189|dataStream:localhost:37929|priority:0|startupRole:FOLLOWER, s1|rpc:localhost:32919|admin:localhost:39801|client:localhost:43707|dataStream:localhost:33791|priority:0|startupRole:FOLLOWER, s2|rpc:localhost:35999|admin:localhost:41679|client:localhost:37231|dataStream:localhost:35553|priority:0|startupRole:FOLLOWER]|listeners:[], old=null
2022-08-16 16:31:40,472 [s1@group-AA788A0054ED-LeaderElection1] INFO  impl.LeaderElection (LeaderElection.java:logAndReturn(90)) - s1@group-AA788A0054ED-LeaderElection1: ELECTION REJECTED received 2 response(s) and 0 exception(s):
2022-08-16 16:31:40,473 [s1@group-AA788A0054ED-LeaderElection1] INFO  impl.LeaderElection (LeaderElection.java:logAndReturn(94)) -   Response 0: s1<-s0#0:FAIL-t1
2022-08-16 16:31:40,473 [s1@group-AA788A0054ED-LeaderElection1] INFO  impl.LeaderElection (LeaderElection.java:logAndReturn(94)) -   Response 1: s1<-s2#0:FAIL-t1
2022-08-16 16:31:40,473 [s1@group-AA788A0054ED-LeaderElection1] INFO  impl.LeaderElection (LeaderElection.java:askForVotes(312)) - s1@group-AA788A0054ED-LeaderElection1 ELECTION round 0: result REJECTED
2022-08-16 16:31:40,474 [s1@group-AA788A0054ED-LeaderElection1] INFO  server.RaftServer$Division (RaftServerImpl.java:setRole(301)) - s1@group-AA788A0054ED: changes role from CANDIDATE to FOLLOWER at term 1 for REJECTED
2022-08-16 16:31:40,474 [s1@group-AA788A0054ED-LeaderElection1] INFO  impl.RoleInfo (RoleInfo.java:shutdownLeaderElection(130)) - s1: shutdown s1@group-AA788A0054ED-LeaderElection1
2022-08-16 16:31:40,474 [s1@group-AA788A0054ED-LeaderElection1] INFO  impl.RoleInfo (RoleInfo.java:updateAndGet(139)) - s1: start s1@group-AA788A0054ED-FollowerState
2022-08-16 16:31:40,477 [s0@group-AA788A0054ED-LeaderElection2] INFO  impl.LeaderElection (LeaderElection.java:logAndReturn(90)) - s0@group-AA788A0054ED-LeaderElection2: ELECTION REJECTED received 2 response(s) and 0 exception(s):
2022-08-16 16:31:40,477 [s0@group-AA788A0054ED-LeaderElection2] INFO  impl.LeaderElection (LeaderElection.java:logAndReturn(94)) -   Response 0: s0<-s1#0:FAIL-t1
2022-08-16 16:31:40,477 [s0@group-AA788A0054ED-LeaderElection2] INFO  impl.LeaderElection (LeaderElection.java:logAndReturn(94)) -   Response 1: s0<-s2#0:FAIL-t1
2022-08-16 16:31:40,477 [s0@group-AA788A0054ED-LeaderElection2] INFO  impl.LeaderElection (LeaderElection.java:askForVotes(312)) - s0@group-AA788A0054ED-LeaderElection2 ELECTION round 0: result REJECTED
2022-08-16 16:31:40,477 [s0@group-AA788A0054ED-LeaderElection2] INFO  server.RaftServer$Division (RaftServerImpl.java:setRole(301)) - s0@group-AA788A0054ED: changes role from CANDIDATE to FOLLOWER at term 1 for REJECTED
2022-08-16 16:31:40,477 [s0@group-AA788A0054ED-LeaderElection2] INFO  impl.RoleInfo (RoleInfo.java:shutdownLeaderElection(130)) - s0: shutdown s0@group-AA788A0054ED-LeaderElection2
2022-08-16 16:31:40,477 [s0@group-AA788A0054ED-LeaderElection2] INFO  impl.RoleInfo (RoleInfo.java:updateAndGet(139)) - s0: start s0@group-AA788A0054ED-FollowerState
2022-08-16 16:31:40,479 [grpc-default-executor-2] INFO  server.RaftServer$Division (RaftServerImpl.java:requestVote(1198)) - s1@group-AA788A0054ED: receive requestVote(ELECTION, s2, group-AA788A0054ED, 1, (t:0, i:0))
2022-08-16 16:31:40,479 [grpc-default-executor-2] INFO  impl.VoteContext (VoteContext.java:log(48)) - s1@group-AA788A0054ED-FOLLOWER: reject ELECTION from s2: already has voted for s1 at current term 1
2022-08-16 16:31:40,479 [grpc-default-executor-2] INFO  server.RaftServer$Division (RaftServerImpl.java:requestVote(1231)) - s1@group-AA788A0054ED replies to ELECTION vote request: s2<-s1#0:FAIL-t1. Peer's state: s1@group-AA788A0054ED:t1, leader=null, voted=s1, raftlog=Memoized:s1@group-AA788A0054ED-SegmentedRaftLog:OPENED:c-1, conf=-1: peers:[s0|rpc:localhost:45523|admin:localhost:40279|client:localhost:45189|dataStream:localhost:37929|priority:0|startupRole:FOLLOWER, s1|rpc:localhost:32919|admin:localhost:39801|client:localhost:43707|dataStream:localhost:33791|priority:0|startupRole:FOLLOWER, s2|rpc:localhost:35999|admin:localhost:41679|client:localhost:37231|dataStream:localhost:35553|priority:0|startupRole:FOLLOWER]|listeners:[], old=null
2022-08-16 16:31:40,480 [s2@group-AA788A0054ED-LeaderElection3] INFO  impl.LeaderElection (LeaderElection.java:logAndReturn(90)) - s2@group-AA788A0054ED-LeaderElection3: ELECTION REJECTED received 2 response(s) and 0 exception(s):
2022-08-16 16:31:40,480 [s2@group-AA788A0054ED-LeaderElection3] INFO  impl.LeaderElection (LeaderElection.java:logAndReturn(94)) -   Response 0: s2<-s0#0:FAIL-t1
2022-08-16 16:31:40,480 [s2@group-AA788A0054ED-LeaderElection3] INFO  impl.LeaderElection (LeaderElection.java:logAndReturn(94)) -   Response 1: s2<-s1#0:FAIL-t1
2022-08-16 16:31:40,480 [s2@group-AA788A0054ED-LeaderElection3] INFO  impl.LeaderElection (LeaderElection.java:askForVotes(312)) - s2@group-AA788A0054ED-LeaderElection3 ELECTION round 0: result REJECTED
2022-08-16 16:31:40,480 [s2@group-AA788A0054ED-LeaderElection3] INFO  server.RaftServer$Division (RaftServerImpl.java:setRole(301)) - s2@group-AA788A0054ED: changes role from CANDIDATE to FOLLOWER at term 1 for REJECTED
2022-08-16 16:31:40,481 [s2@group-AA788A0054ED-LeaderElection3] INFO  impl.RoleInfo (RoleInfo.java:shutdownLeaderElection(130)) - s2: shutdown s2@group-AA788A0054ED-LeaderElection3
2022-08-16 16:31:40,481 [s2@group-AA788A0054ED-LeaderElection3] INFO  impl.RoleInfo (RoleInfo.java:updateAndGet(139)) - s2: start s2@group-AA788A0054ED-FollowerState
2022-08-16 16:31:40,640 [s1@group-AA788A0054ED-FollowerState] INFO  impl.FollowerState (FollowerState.java:run(143)) - s1@group-AA788A0054ED-FollowerState: change to CANDIDATE, lastRpcElapsedTime:165745213ns, electionTimeout:163ms
2022-08-16 16:31:40,640 [s1@group-AA788A0054ED-FollowerState] INFO  impl.RoleInfo (RoleInfo.java:shutdownFollowerState(110)) - s1: shutdown s1@group-AA788A0054ED-FollowerState
2022-08-16 16:31:40,641 [s1@group-AA788A0054ED-FollowerState] INFO  server.RaftServer$Division (RaftServerImpl.java:setRole(301)) - s1@group-AA788A0054ED: changes role from  FOLLOWER to CANDIDATE at term 1 for changeToCandidate
2022-08-16 16:31:40,641 [s1@group-AA788A0054ED-FollowerState] INFO  server.RaftServerConfigKeys (ConfUtils.java:logGet(46)) - raft.server.leaderelection.pre-vote = true (default)
2022-08-16 16:31:40,641 [s1@group-AA788A0054ED-FollowerState] INFO  impl.RoleInfo (RoleInfo.java:updateAndGet(139)) - s1: start s1@group-AA788A0054ED-LeaderElection4
2022-08-16 16:31:40,642 [s1@group-AA788A0054ED-LeaderElection4] INFO  impl.LeaderElection (LeaderElection.java:askForVotes(310)) - s1@group-AA788A0054ED-LeaderElection4 PRE_VOTE round 0: submit vote requests at term 1 for -1: peers:[s0|rpc:localhost:45523|admin:localhost:40279|client:localhost:45189|dataStream:localhost:37929|priority:0|startupRole:FOLLOWER, s1|rpc:localhost:32919|admin:localhost:39801|client:localhost:43707|dataStream:localhost:33791|priority:0|startupRole:FOLLOWER, s2|rpc:localhost:35999|admin:localhost:41679|client:localhost:37231|dataStream:localhost:35553|priority:0|startupRole:FOLLOWER]|listeners:[], old=null
2022-08-16 16:31:40,645 [grpc-default-executor-2] INFO  server.RaftServer$Division (RaftServerImpl.java:requestVote(1198)) - s0@group-AA788A0054ED: receive requestVote(PRE_VOTE, s1, group-AA788A0054ED, 1, (t:0, i:0))
2022-08-16 16:31:40,645 [grpc-default-executor-2] INFO  impl.VoteContext (VoteContext.java:log(48)) - s0@group-AA788A0054ED-FOLLOWER: accept PRE_VOTE from s1: our priority 0 <= candidate's priority 0
2022-08-16 16:31:40,647 [grpc-default-executor-2] INFO  server.RaftServer$Division (RaftServerImpl.java:requestVote(1231)) - s0@group-AA788A0054ED replies to PRE_VOTE vote request: s1<-s0#0:OK-t1. Peer's state: s0@group-AA788A0054ED:t1, leader=null, voted=s0, raftlog=Memoized:s0@group-AA788A0054ED-SegmentedRaftLog:OPENED:c-1, conf=-1: peers:[s0|rpc:localhost:45523|admin:localhost:40279|client:localhost:45189|dataStream:localhost:37929|priority:0|startupRole:FOLLOWER, s1|rpc:localhost:32919|admin:localhost:39801|client:localhost:43707|dataStream:localhost:33791|priority:0|startupRole:FOLLOWER, s2|rpc:localhost:35999|admin:localhost:41679|client:localhost:37231|dataStream:localhost:35553|priority:0|startupRole:FOLLOWER]|listeners:[], old=null
2022-08-16 16:31:40,647 [grpc-default-executor-4] INFO  server.RaftServer$Division (RaftServerImpl.java:requestVote(1198)) - s2@group-AA788A0054ED: receive requestVote(PRE_VOTE, s1, group-AA788A0054ED, 1, (t:0, i:0))
2022-08-16 16:31:40,648 [grpc-default-executor-4] INFO  impl.VoteContext (VoteContext.java:log(48)) - s2@group-AA788A0054ED-FOLLOWER: accept PRE_VOTE from s1: our priority 0 <= candidate's priority 0
2022-08-16 16:31:40,648 [grpc-default-executor-4] INFO  server.RaftServer$Division (RaftServerImpl.java:requestVote(1231)) - s2@group-AA788A0054ED replies to PRE_VOTE vote request: s1<-s2#0:OK-t1. Peer's state: s2@group-AA788A0054ED:t1, leader=null, voted=s2, raftlog=Memoized:s2@group-AA788A0054ED-SegmentedRaftLog:OPENED:c-1, conf=-1: peers:[s0|rpc:localhost:45523|admin:localhost:40279|client:localhost:45189|dataStream:localhost:37929|priority:0|startupRole:FOLLOWER, s1|rpc:localhost:32919|admin:localhost:39801|client:localhost:43707|dataStream:localhost:33791|priority:0|startupRole:FOLLOWER, s2|rpc:localhost:35999|admin:localhost:41679|client:localhost:37231|dataStream:localhost:35553|priority:0|startupRole:FOLLOWER]|listeners:[], old=null
2022-08-16 16:31:40,653 [s1@group-AA788A0054ED-LeaderElection4] INFO  impl.LeaderElection (LeaderElection.java:logAndReturn(90)) - s1@group-AA788A0054ED-LeaderElection4: PRE_VOTE PASSED received 1 response(s) and 0 exception(s):
2022-08-16 16:31:40,653 [s1@group-AA788A0054ED-LeaderElection4] INFO  impl.LeaderElection (LeaderElection.java:logAndReturn(94)) -   Response 0: s1<-s2#0:OK-t1
2022-08-16 16:31:40,653 [s1@group-AA788A0054ED-LeaderElection4] INFO  impl.LeaderElection (LeaderElection.java:askForVotes(312)) - s1@group-AA788A0054ED-LeaderElection4 PRE_VOTE round 0: result PASSED
2022-08-16 16:31:40,656 [s1@group-AA788A0054ED-LeaderElection4] INFO  impl.LeaderElection (LeaderElection.java:askForVotes(310)) - s1@group-AA788A0054ED-LeaderElection4 ELECTION round 0: submit vote requests at term 2 for -1: peers:[s0|rpc:localhost:45523|admin:localhost:40279|client:localhost:45189|dataStream:localhost:37929|priority:0|startupRole:FOLLOWER, s1|rpc:localhost:32919|admin:localhost:39801|client:localhost:43707|dataStream:localhost:33791|priority:0|startupRole:FOLLOWER, s2|rpc:localhost:35999|admin:localhost:41679|client:localhost:37231|dataStream:localhost:35553|priority:0|startupRole:FOLLOWER]|listeners:[], old=null
2022-08-16 16:31:40,660 [grpc-default-executor-4] INFO  server.RaftServer$Division (RaftServerImpl.java:requestVote(1198)) - s0@group-AA788A0054ED: receive requestVote(ELECTION, s1, group-AA788A0054ED, 2, (t:0, i:0))
2022-08-16 16:31:40,660 [grpc-default-executor-4] INFO  impl.VoteContext (VoteContext.java:log(48)) - s0@group-AA788A0054ED-FOLLOWER: accept ELECTION from s1: our priority 0 <= candidate's priority 0
2022-08-16 16:31:40,660 [grpc-default-executor-4] INFO  server.RaftServer$Division (RaftServerImpl.java:setRole(301)) - s0@group-AA788A0054ED: changes role from  FOLLOWER to FOLLOWER at term 2 for candidate:s1
2022-08-16 16:31:40,660 [grpc-default-executor-4] INFO  impl.RoleInfo (RoleInfo.java:shutdownFollowerState(110)) - s0: shutdown s0@group-AA788A0054ED-FollowerState
2022-08-16 16:31:40,662 [grpc-default-executor-4] INFO  impl.RoleInfo (RoleInfo.java:updateAndGet(139)) - s0: start s0@group-AA788A0054ED-FollowerState
2022-08-16 16:31:40,662 [s0@group-AA788A0054ED-FollowerState] INFO  impl.FollowerState (FollowerState.java:run(152)) - s0@group-AA788A0054ED-FollowerState was interrupted
2022-08-16 16:31:40,664 [grpc-default-executor-2] INFO  server.RaftServer$Division (RaftServerImpl.java:requestVote(1198)) - s2@group-AA788A0054ED: receive requestVote(ELECTION, s1, group-AA788A0054ED, 2, (t:0, i:0))
2022-08-16 16:31:40,664 [grpc-default-executor-2] INFO  impl.VoteContext (VoteContext.java:log(48)) - s2@group-AA788A0054ED-FOLLOWER: accept ELECTION from s1: our priority 0 <= candidate's priority 0
2022-08-16 16:31:40,664 [grpc-default-executor-4] INFO  server.RaftServer$Division (RaftServerImpl.java:requestVote(1231)) - s0@group-AA788A0054ED replies to ELECTION vote request: s1<-s0#0:OK-t2. Peer's state: s0@group-AA788A0054ED:t2, leader=null, voted=s1, raftlog=Memoized:s0@group-AA788A0054ED-SegmentedRaftLog:OPENED:c-1, conf=-1: peers:[s0|rpc:localhost:45523|admin:localhost:40279|client:localhost:45189|dataStream:localhost:37929|priority:0|startupRole:FOLLOWER, s1|rpc:localhost:32919|admin:localhost:39801|client:localhost:43707|dataStream:localhost:33791|priority:0|startupRole:FOLLOWER, s2|rpc:localhost:35999|admin:localhost:41679|client:localhost:37231|dataStream:localhost:35553|priority:0|startupRole:FOLLOWER]|listeners:[], old=null
2022-08-16 16:31:40,664 [grpc-default-executor-2] INFO  server.RaftServer$Division (RaftServerImpl.java:setRole(301)) - s2@group-AA788A0054ED: changes role from  FOLLOWER to FOLLOWER at term 2 for candidate:s1
2022-08-16 16:31:40,664 [grpc-default-executor-2] INFO  impl.RoleInfo (RoleInfo.java:shutdownFollowerState(110)) - s2: shutdown s2@group-AA788A0054ED-FollowerState
2022-08-16 16:31:40,664 [grpc-default-executor-2] INFO  impl.RoleInfo (RoleInfo.java:updateAndGet(139)) - s2: start s2@group-AA788A0054ED-FollowerState
2022-08-16 16:31:40,664 [s2@group-AA788A0054ED-FollowerState] INFO  impl.FollowerState (FollowerState.java:run(152)) - s2@group-AA788A0054ED-FollowerState was interrupted
2022-08-16 16:31:40,666 [s1@group-AA788A0054ED-LeaderElection4] INFO  impl.LeaderElection (LeaderElection.java:logAndReturn(90)) - s1@group-AA788A0054ED-LeaderElection4: ELECTION PASSED received 1 response(s) and 0 exception(s):
2022-08-16 16:31:40,666 [s1@group-AA788A0054ED-LeaderElection4] INFO  impl.LeaderElection (LeaderElection.java:logAndReturn(94)) -   Response 0: s1<-s0#0:OK-t2
2022-08-16 16:31:40,666 [s1@group-AA788A0054ED-LeaderElection4] INFO  impl.LeaderElection (LeaderElection.java:askForVotes(312)) - s1@group-AA788A0054ED-LeaderElection4 ELECTION round 0: result PASSED
2022-08-16 16:31:40,666 [s1@group-AA788A0054ED-LeaderElection4] INFO  impl.RoleInfo (RoleInfo.java:shutdownLeaderElection(130)) - s1: shutdown s1@group-AA788A0054ED-LeaderElection4
2022-08-16 16:31:40,666 [s1@group-AA788A0054ED-LeaderElection4] INFO  server.RaftServer$Division (RaftServerImpl.java:setRole(301)) - s1@group-AA788A0054ED: changes role from CANDIDATE to LEADER at term 2 for changeToLeader
2022-08-16 16:31:40,667 [s1@group-AA788A0054ED-LeaderElection4] INFO  server.RaftServer$Division (ServerState.java:setLeader(313)) - s1@group-AA788A0054ED: change Leader from null to s1 at term 2 for becomeLeader, leader elected after 970ms
2022-08-16 16:31:40,667 [grpc-default-executor-2] INFO  server.RaftServer$Division (RaftServerImpl.java:requestVote(1231)) - s2@group-AA788A0054ED replies to ELECTION vote request: s1<-s2#0:OK-t2. Peer's state: s2@group-AA788A0054ED:t2, leader=null, voted=s1, raftlog=Memoized:s2@group-AA788A0054ED-SegmentedRaftLog:OPENED:c-1, conf=-1: peers:[s0|rpc:localhost:45523|admin:localhost:40279|client:localhost:45189|dataStream:localhost:37929|priority:0|startupRole:FOLLOWER, s1|rpc:localhost:32919|admin:localhost:39801|client:localhost:43707|dataStream:localhost:33791|priority:0|startupRole:FOLLOWER, s2|rpc:localhost:35999|admin:localhost:41679|client:localhost:37231|dataStream:localhost:35553|priority:0|startupRole:FOLLOWER]|listeners:[], old=null
2022-08-16 16:31:40,671 [s1@group-AA788A0054ED-LeaderElection4] INFO  server.RaftServerConfigKeys (ConfUtils.java:logGet(46)) - raft.server.staging.catchup.gap = 1000 (default)
2022-08-16 16:31:40,675 [s1@group-AA788A0054ED-LeaderElection4] INFO  server.RaftServerConfigKeys (ConfUtils.java:logGet(46)) - raft.server.write.element-limit = 4096 (default)
2022-08-16 16:31:40,675 [s1@group-AA788A0054ED-LeaderElection4] INFO  server.RaftServerConfigKeys (ConfUtils.java:logGet(46)) - raft.server.write.byte-limit = 64MB (=67108864) (default)
2022-08-16 16:31:40,680 [s1@group-AA788A0054ED-LeaderElection4] INFO  server.RaftServerConfigKeys (ConfUtils.java:logGet(46)) - raft.server.watch.timeout = 10s (default)
2022-08-16 16:31:40,680 [s1@group-AA788A0054ED-LeaderElection4] INFO  server.RaftServerConfigKeys (ConfUtils.java:logGet(46)) - raft.server.watch.timeout.denomination = 1s (default)
2022-08-16 16:31:40,680 [s1@group-AA788A0054ED-LeaderElection4] INFO  server.RaftServerConfigKeys (ConfUtils.java:logGet(46)) - raft.server.watch.element-limit = 65536 (default)
2022-08-16 16:31:40,684 [s1@group-AA788A0054ED-LeaderElection4] INFO  server.RaftServerConfigKeys (ConfUtils.java:logGet(46)) - raft.server.write.element-limit = 4096 (default)
2022-08-16 16:31:40,686 [s1@group-AA788A0054ED-LeaderElection4] INFO  server.RaftServerConfigKeys (ConfUtils.java:logGet(46)) - raft.server.write.follower.gap.ratio.max = -1.0 (default)
2022-08-16 16:31:40,693 [s1@group-AA788A0054ED-LeaderElection4] INFO  server.RaftServerConfigKeys (ConfUtils.java:logGet(46)) - raft.server.log.appender.snapshot.chunk.size.max = 16MB (=16777216) (default)
2022-08-16 16:31:40,693 [s1@group-AA788A0054ED-LeaderElection4] INFO  server.RaftServerConfigKeys (ConfUtils.java:logGet(46)) - raft.server.log.appender.buffer.byte-limit = 4MB (=4194304) (default)
2022-08-16 16:31:40,694 [s1@group-AA788A0054ED-LeaderElection4] INFO  server.RaftServerConfigKeys (ConfUtils.java:logGet(46)) - raft.server.log.appender.buffer.element-limit = 0 (default)
2022-08-16 16:31:40,696 [s1@group-AA788A0054ED-LeaderElection4] INFO  grpc.GrpcConfigKeys (ConfUtils.java:logGet(46)) - raft.grpc.server.leader.outstanding.appends.max = 128 (default)
2022-08-16 16:31:40,696 [s1@group-AA788A0054ED-LeaderElection4] INFO  server.RaftServerConfigKeys (ConfUtils.java:logGet(46)) - raft.server.rpc.request.timeout = 3000ms (default)
2022-08-16 16:31:40,696 [s1@group-AA788A0054ED-LeaderElection4] INFO  server.RaftServerConfigKeys (ConfUtils.java:logGet(46)) - raft.server.log.appender.install.snapshot.enabled = true (default)
2022-08-16 16:31:40,696 [s1@group-AA788A0054ED-LeaderElection4] INFO  grpc.GrpcConfigKeys (ConfUtils.java:logGet(46)) - raft.grpc.server.heartbeat.channel = false (custom)
2022-08-16 16:31:40,699 [s1@group-AA788A0054ED-LeaderElection4] INFO  server.RaftServerConfigKeys (ConfUtils.java:logGet(46)) - raft.server.log.appender.snapshot.chunk.size.max = 16MB (=16777216) (default)
2022-08-16 16:31:40,699 [s1@group-AA788A0054ED-LeaderElection4] INFO  server.RaftServerConfigKeys (ConfUtils.java:logGet(46)) - raft.server.log.appender.buffer.byte-limit = 4MB (=4194304) (default)
2022-08-16 16:31:40,699 [s1@group-AA788A0054ED-LeaderElection4] INFO  server.RaftServerConfigKeys (ConfUtils.java:logGet(46)) - raft.server.log.appender.buffer.element-limit = 0 (default)
2022-08-16 16:31:40,699 [s1@group-AA788A0054ED-LeaderElection4] INFO  grpc.GrpcConfigKeys (ConfUtils.java:logGet(46)) - raft.grpc.server.leader.outstanding.appends.max = 128 (default)
2022-08-16 16:31:40,699 [s1@group-AA788A0054ED-LeaderElection4] INFO  server.RaftServerConfigKeys (ConfUtils.java:logGet(46)) - raft.server.rpc.request.timeout = 3000ms (default)
2022-08-16 16:31:40,699 [s1@group-AA788A0054ED-LeaderElection4] INFO  server.RaftServerConfigKeys (ConfUtils.java:logGet(46)) - raft.server.log.appender.install.snapshot.enabled = true (default)
2022-08-16 16:31:40,699 [s1@group-AA788A0054ED-LeaderElection4] INFO  grpc.GrpcConfigKeys (ConfUtils.java:logGet(46)) - raft.grpc.server.heartbeat.channel = false (custom)
2022-08-16 16:31:40,700 [s1@group-AA788A0054ED-LeaderElection4] INFO  impl.RoleInfo (RoleInfo.java:updateAndGet(139)) - s1: start s1@group-AA788A0054ED-LeaderStateImpl
2022-08-16 16:31:40,713 [s1@group-AA788A0054ED-LeaderElection4] INFO  segmented.SegmentedRaftLogWorker (SegmentedRaftLogWorker.java:startLogSegment(452)) - s1@group-AA788A0054ED-SegmentedRaftLogWorker: Starting segment from index:0
2022-08-16 16:31:40,733 [s1@group-AA788A0054ED-LeaderElection4] INFO  server.RaftServer$Division (ServerState.java:setRaftConf(429)) - s1@group-AA788A0054ED: set configuration 0: peers:[s0|rpc:localhost:45523|admin:localhost:40279|client:localhost:45189|dataStream:localhost:37929|priority:0|startupRole:FOLLOWER, s1|rpc:localhost:32919|admin:localhost:39801|client:localhost:43707|dataStream:localhost:33791|priority:0|startupRole:FOLLOWER, s2|rpc:localhost:35999|admin:localhost:41679|client:localhost:37231|dataStream:localhost:35553|priority:0|startupRole:FOLLOWER]|listeners:[], old=null
2022-08-16 16:31:40,751 [s2-server-thread1] INFO  server.RaftServer$Division (ServerState.java:setLeader(313)) - s2@group-AA788A0054ED: change Leader from null to s1 at term 2 for appendEntries, leader elected after 1045ms
2022-08-16 16:31:40,756 [s0-server-thread1] INFO  server.RaftServer$Division (ServerState.java:setLeader(313)) - s0@group-AA788A0054ED: change Leader from null to s1 at term 2 for appendEntries, leader elected after 1058ms
2022-08-16 16:31:40,781 [s2-server-thread3] INFO  server.RaftServer$Division (ServerState.java:setRaftConf(429)) - s2@group-AA788A0054ED: set configuration 0: peers:[s0|rpc:localhost:45523|admin:localhost:40279|client:localhost:45189|dataStream:localhost:37929|priority:0|startupRole:FOLLOWER, s1|rpc:localhost:32919|admin:localhost:39801|client:localhost:43707|dataStream:localhost:33791|priority:0|startupRole:FOLLOWER, s2|rpc:localhost:35999|admin:localhost:41679|client:localhost:37231|dataStream:localhost:35553|priority:0|startupRole:FOLLOWER]|listeners:[], old=null
2022-08-16 16:31:40,784 [s2-server-thread3] INFO  segmented.SegmentedRaftLogWorker (SegmentedRaftLogWorker.java:startLogSegment(452)) - s2@group-AA788A0054ED-SegmentedRaftLogWorker: Starting segment from index:0
2022-08-16 16:31:40,786 [s0-server-thread1] INFO  server.RaftServer$Division (ServerState.java:setRaftConf(429)) - s0@group-AA788A0054ED: set configuration 0: peers:[s0|rpc:localhost:45523|admin:localhost:40279|client:localhost:45189|dataStream:localhost:37929|priority:0|startupRole:FOLLOWER, s1|rpc:localhost:32919|admin:localhost:39801|client:localhost:43707|dataStream:localhost:33791|priority:0|startupRole:FOLLOWER, s2|rpc:localhost:35999|admin:localhost:41679|client:localhost:37231|dataStream:localhost:35553|priority:0|startupRole:FOLLOWER]|listeners:[], old=null
2022-08-16 16:31:40,786 [s0-server-thread1] INFO  segmented.SegmentedRaftLogWorker (SegmentedRaftLogWorker.java:startLogSegment(452)) - s0@group-AA788A0054ED-SegmentedRaftLogWorker: Starting segment from index:0
2022-08-16 16:31:40,833 [s2@group-AA788A0054ED-SegmentedRaftLogWorker] INFO  segmented.SegmentedRaftLogWorker (SegmentedRaftLogWorker.java:execute(656)) - s2@group-AA788A0054ED-SegmentedRaftLogWorker: created new log segment /home/runner/work/ratis/ratis/ratis-test/target/test/data/5f10b85c/MiniRaftClusterWithGrpc5003972a/s2/101ab5c0-0020-4632-8073-aa788a0054ed/current/log_inprogress_0
2022-08-16 16:31:40,833 [s1@group-AA788A0054ED-SegmentedRaftLogWorker] INFO  segmented.SegmentedRaftLogWorker (SegmentedRaftLogWorker.java:execute(656)) - s1@group-AA788A0054ED-SegmentedRaftLogWorker: created new log segment /home/runner/work/ratis/ratis/ratis-test/target/test/data/5f10b85c/MiniRaftClusterWithGrpc5003972a/s1/101ab5c0-0020-4632-8073-aa788a0054ed/current/log_inprogress_0
2022-08-16 16:31:40,833 [s0@group-AA788A0054ED-SegmentedRaftLogWorker] INFO  segmented.SegmentedRaftLogWorker (SegmentedRaftLogWorker.java:execute(656)) - s0@group-AA788A0054ED-SegmentedRaftLogWorker: created new log segment /home/runner/work/ratis/ratis/ratis-test/target/test/data/5f10b85c/MiniRaftClusterWithGrpc5003972a/s0/101ab5c0-0020-4632-8073-aa788a0054ed/current/log_inprogress_0
2022-08-16 16:31:40,841 [Time-limited test] INFO  ratis.RaftTestUtil (RaftTestUtil.java:waitForLeader(119)) - printing ALL groups
  s0:  RUNNING  FOLLOWER s0@group-AA788A0054ED:t2, leader=s1, voted=s1, raftlog=Memoized:s0@group-AA788A0054ED-SegmentedRaftLog:OPENED:c-1, conf=0: peers:[s0|rpc:localhost:45523|admin:localhost:40279|client:localhost:45189|dataStream:localhost:37929|priority:0|startupRole:FOLLOWER, s1|rpc:localhost:32919|admin:localhost:39801|client:localhost:43707|dataStream:localhost:33791|priority:0|startupRole:FOLLOWER, s2|rpc:localhost:35999|admin:localhost:41679|client:localhost:37231|dataStream:localhost:35553|priority:0|startupRole:FOLLOWER]|listeners:[], old=null RUNNING
  s1:  RUNNING    LEADER s1@group-AA788A0054ED:t2, leader=s1, voted=s1, raftlog=Memoized:s1@group-AA788A0054ED-SegmentedRaftLog:OPENED:c0, conf=0: peers:[s0|rpc:localhost:45523|admin:localhost:40279|client:localhost:45189|dataStream:localhost:37929|priority:0|startupRole:FOLLOWER, s1|rpc:localhost:32919|admin:localhost:39801|client:localhost:43707|dataStream:localhost:33791|priority:0|startupRole:FOLLOWER, s2|rpc:localhost:35999|admin:localhost:41679|client:localhost:37231|dataStream:localhost:35553|priority:0|startupRole:FOLLOWER]|listeners:[], old=null RUNNING
  s2:  RUNNING  FOLLOWER s2@group-AA788A0054ED:t2, leader=s1, voted=s1, raftlog=Memoized:s2@group-AA788A0054ED-SegmentedRaftLog:OPENED:c-1, conf=0: peers:[s0|rpc:localhost:45523|admin:localhost:40279|client:localhost:45189|dataStream:localhost:37929|priority:0|startupRole:FOLLOWER, s1|rpc:localhost:32919|admin:localhost:39801|client:localhost:43707|dataStream:localhost:33791|priority:0|startupRole:FOLLOWER, s2|rpc:localhost:35999|admin:localhost:41679|client:localhost:37231|dataStream:localhost:35553|priority:0|startupRole:FOLLOWER]|listeners:[], old=null RUNNING
2022-08-16 16:31:40,868 [Time-limited test] DEBUG client.GrpcClientProtocolClient (ConfUtils.java:logGet(46)) - raft.grpc.flow.control.window = 1MB (=1048576) (default)
2022-08-16 16:31:40,868 [Time-limited test] DEBUG client.GrpcClientProtocolClient (ConfUtils.java:logGet(46)) - raft.grpc.message.size.max = 64MB (=67108864) (default)
2022-08-16 16:31:40,935 [grpc-default-executor-4] TRACE client.GrpcClientProtocolClient (GrpcClientProtocolClient.java:onNext(321)) - client-1AFD54BE041F->s0: receive RaftClientReply:client-1AFD54BE041F->s0@group-AA788A0054ED, cid=0, FAILED org.apache.ratis.protocol.exceptions.NotLeaderException: Server s0@group-AA788A0054ED is not the leader s1|rpc:localhost:32919|admin:localhost:39801|client:localhost:43707|dataStream:localhost:33791|priority:0|startupRole:FOLLOWER, logIndex=0, commits[s0:c-1, s1:c0, s2:c-1]
2022-08-16 16:31:40,945 [timer0] DEBUG client.GrpcClientProtocolClient (ConfUtils.java:logGet(46)) - raft.grpc.flow.control.window = 1MB (=1048576) (default)
2022-08-16 16:31:40,945 [timer0] DEBUG client.GrpcClientProtocolClient (ConfUtils.java:logGet(46)) - raft.grpc.message.size.max = 64MB (=67108864) (default)
2022-08-16 16:31:40,956 [grpc-default-executor-2] TRACE client.GrpcClientProtocolClient (GrpcClientProtocolClient.java:onNext(321)) - client-1AFD54BE041F->s1: receive RaftClientReply:client-1AFD54BE041F->s1@group-AA788A0054ED, cid=0, SUCCESS, logIndex=0, commits[s1:c0, s0:c0, s2:c0]
2022-08-16 16:31:40,980 [s1@group-AA788A0054ED-StateMachineUpdater] INFO  statemachine.SimpleStateMachine4Testing (SimpleStateMachine4Testing.java:put(204)) - s1: put 1, testing -> (t:2, i:1), STATEMACHINELOGENTRY, 1@client-1AFD54BE041F
2022-08-16 16:31:40,984 [s2@group-AA788A0054ED-StateMachineUpdater] INFO  statemachine.SimpleStateMachine4Testing (SimpleStateMachine4Testing.java:put(204)) - s2: put 1, testing -> (t:2, i:1), STATEMACHINELOGENTRY, 1@client-1AFD54BE041F
2022-08-16 16:31:40,985 [s0@group-AA788A0054ED-StateMachineUpdater] INFO  statemachine.SimpleStateMachine4Testing (SimpleStateMachine4Testing.java:put(204)) - s0: put 1, testing -> (t:2, i:1), STATEMACHINELOGENTRY, 1@client-1AFD54BE041F
2022-08-16 16:31:40,987 [grpc-default-executor-2] TRACE client.GrpcClientProtocolClient (GrpcClientProtocolClient.java:onNext(321)) - client-1AFD54BE041F->s1: receive RaftClientReply:client-1AFD54BE041F->s1@group-AA788A0054ED, cid=1, SUCCESS, logIndex=1, commits[s1:c1, s0:c0, s2:c0]
2022-08-16 16:31:40,990 [Time-limited test] INFO  impl.MiniRaftCluster (MiniRaftCluster.java:shutdown(827)) - ************************************************************** 
2022-08-16 16:31:40,990 [Time-limited test] INFO  impl.MiniRaftCluster (MiniRaftCluster.java:shutdown(828)) - *** 
2022-08-16 16:31:40,990 [Time-limited test] INFO  impl.MiniRaftCluster (MiniRaftCluster.java:shutdown(829)) - ***     Stopping MiniRaftClusterWithGrpc
2022-08-16 16:31:40,990 [Time-limited test] INFO  impl.MiniRaftCluster (MiniRaftCluster.java:shutdown(830)) - *** 
2022-08-16 16:31:40,991 [Time-limited test] INFO  impl.MiniRaftCluster (MiniRaftCluster.java:shutdown(831)) - ************************************************************** 
2022-08-16 16:31:40,991 [Time-limited test] INFO  impl.MiniRaftCluster (MiniRaftCluster.java:shutdown(832)) - printing ALL groups
  s0:  RUNNING  FOLLOWER s0@group-AA788A0054ED:t2, leader=s1, voted=s1, raftlog=Memoized:s0@group-AA788A0054ED-SegmentedRaftLog:OPENED:c1, conf=0: peers:[s0|rpc:localhost:45523|admin:localhost:40279|client:localhost:45189|dataStream:localhost:37929|priority:0|startupRole:FOLLOWER, s1|rpc:localhost:32919|admin:localhost:39801|client:localhost:43707|dataStream:localhost:33791|priority:0|startupRole:FOLLOWER, s2|rpc:localhost:35999|admin:localhost:41679|client:localhost:37231|dataStream:localhost:35553|priority:0|startupRole:FOLLOWER]|listeners:[], old=null RUNNING
  s1:  RUNNING    LEADER s1@group-AA788A0054ED:t2, leader=s1, voted=s1, raftlog=Memoized:s1@group-AA788A0054ED-SegmentedRaftLog:OPENED:c2, conf=0: peers:[s0|rpc:localhost:45523|admin:localhost:40279|client:localhost:45189|dataStream:localhost:37929|priority:0|startupRole:FOLLOWER, s1|rpc:localhost:32919|admin:localhost:39801|client:localhost:43707|dataStream:localhost:33791|priority:0|startupRole:FOLLOWER, s2|rpc:localhost:35999|admin:localhost:41679|client:localhost:37231|dataStream:localhost:35553|priority:0|startupRole:FOLLOWER]|listeners:[], old=null RUNNING
  s2:  RUNNING  FOLLOWER s2@group-AA788A0054ED:t2, leader=s1, voted=s1, raftlog=Memoized:s2@group-AA788A0054ED-SegmentedRaftLog:OPENED:c1, conf=0: peers:[s0|rpc:localhost:45523|admin:localhost:40279|client:localhost:45189|dataStream:localhost:37929|priority:0|startupRole:FOLLOWER, s1|rpc:localhost:32919|admin:localhost:39801|client:localhost:43707|dataStream:localhost:33791|priority:0|startupRole:FOLLOWER, s2|rpc:localhost:35999|admin:localhost:41679|client:localhost:37231|dataStream:localhost:35553|priority:0|startupRole:FOLLOWER]|listeners:[], old=null RUNNING
2022-08-16 16:31:40,997 [java.util.concurrent.ThreadPoolExecutor$Worker@332c3be2[State = -1, empty queue]] INFO  server.RaftServer (RaftServerProxy.java:lambda$close$6(403)) - s0: close
2022-08-16 16:31:40,997 [java.util.concurrent.ThreadPoolExecutor$Worker@332c3be2[State = -1, empty queue]] INFO  server.GrpcService (GrpcService.java:closeImpl(279)) - s0: shutdown server org.apache.ratis.grpc.server.GrpcClientProtocolService now
2022-08-16 16:31:40,997 [s0-impl-thread1] INFO  server.RaftServer$Division (RaftServerImpl.java:lambda$close$4(438)) - s0@group-AA788A0054ED: shutdown
2022-08-16 16:31:40,998 [s0-impl-thread1] INFO  util.JmxRegister (JmxRegister.java:unregister(73)) - Successfully un-registered JMX Bean with object name Ratis:service=RaftServer,group=group-AA788A0054ED,id=s0
2022-08-16 16:31:40,998 [s0-impl-thread1] INFO  impl.RoleInfo (RoleInfo.java:shutdownFollowerState(110)) - s0: shutdown s0@group-AA788A0054ED-FollowerState
2022-08-16 16:31:40,998 [s0-impl-thread1] INFO  impl.StateMachineUpdater (StateMachineUpdater.java:stopAndJoin(153)) - s0@group-AA788A0054ED-StateMachineUpdater: set stopIndex = 1
2022-08-16 16:31:40,998 [s0@group-AA788A0054ED-FollowerState] INFO  impl.FollowerState (FollowerState.java:run(152)) - s0@group-AA788A0054ED-FollowerState was interrupted
2022-08-16 16:31:40,998 [s0-impl-thread1] INFO  server.RaftServer$Division (ServerState.java:close(465)) - s0@group-AA788A0054ED: closes. applyIndex: 1
2022-08-16 16:31:40,999 [s0@group-AA788A0054ED-SegmentedRaftLogWorker] INFO  segmented.SegmentedRaftLogWorker (SegmentedRaftLogWorker.java:run(345)) - s0@group-AA788A0054ED-SegmentedRaftLogWorker was interrupted, exiting. There are 0 tasks remaining in the queue.
2022-08-16 16:31:41,000 [java.util.concurrent.ThreadPoolExecutor$Worker@5ad1d830[State = -1, empty queue]] INFO  server.RaftServer (RaftServerProxy.java:lambda$close$6(403)) - s1: close
2022-08-16 16:31:41,000 [java.util.concurrent.ThreadPoolExecutor$Worker@5ad1d830[State = -1, empty queue]] INFO  server.GrpcService (GrpcService.java:closeImpl(279)) - s1: shutdown server org.apache.ratis.grpc.server.GrpcClientProtocolService now
2022-08-16 16:31:41,000 [s1-impl-thread1] INFO  server.RaftServer$Division (RaftServerImpl.java:lambda$close$4(438)) - s1@group-AA788A0054ED: shutdown
2022-08-16 16:31:41,001 [s1-impl-thread1] INFO  util.JmxRegister (JmxRegister.java:unregister(73)) - Successfully un-registered JMX Bean with object name Ratis:service=RaftServer,group=group-AA788A0054ED,id=s1
2022-08-16 16:31:41,001 [s1-impl-thread1] INFO  impl.RoleInfo (RoleInfo.java:shutdownLeaderState(93)) - s1: shutdown s1@group-AA788A0054ED-LeaderStateImpl
2022-08-16 16:31:41,001 [s1@group-AA788A0054ED->s2-GrpcLogAppender-LogAppenderDaemon] WARN  server.GrpcLogAppender (GrpcLogAppender.java:mayWait(191)) - s1@group-AA788A0054ED->s2-GrpcLogAppender: Wait interrupted by java.lang.InterruptedException
2022-08-16 16:31:41,001 [s1@group-AA788A0054ED->s0-GrpcLogAppender-LogAppenderDaemon] WARN  server.GrpcLogAppender (GrpcLogAppender.java:mayWait(191)) - s1@group-AA788A0054ED->s0-GrpcLogAppender: Wait interrupted by java.lang.InterruptedException
2022-08-16 16:31:41,002 [grpc-default-executor-2] INFO  server.GrpcServerProtocolService (GrpcServerProtocolService.java:onCompleted(145)) - s0: Completed APPEND_ENTRIES, lastRequest: s1->s0#13-t2,previous=(t:2, i:1),leaderCommit=1,initializing? true,entries: size=1, first=(t:2, i:2), METADATAENTRY(c:1)
2022-08-16 16:31:41,003 [grpc-default-executor-4] INFO  server.GrpcServerProtocolService (GrpcServerProtocolService.java:onCompleted(145)) - s2: Completed APPEND_ENTRIES, lastRequest: s1->s2#12-t2,previous=(t:2, i:1),leaderCommit=1,initializing? true,entries: size=1, first=(t:2, i:2), METADATAENTRY(c:1)
2022-08-16 16:31:41,003 [java.util.concurrent.ThreadPoolExecutor$Worker@60df5b6e[State = -1, empty queue]] INFO  server.RaftServer (RaftServerProxy.java:lambda$close$6(403)) - s2: close
2022-08-16 16:31:41,003 [s2-impl-thread1] INFO  server.RaftServer$Division (RaftServerImpl.java:lambda$close$4(438)) - s2@group-AA788A0054ED: shutdown
2022-08-16 16:31:41,003 [s2-impl-thread1] INFO  util.JmxRegister (JmxRegister.java:unregister(73)) - Successfully un-registered JMX Bean with object name Ratis:service=RaftServer,group=group-AA788A0054ED,id=s2
2022-08-16 16:31:41,003 [s2-impl-thread1] INFO  impl.RoleInfo (RoleInfo.java:shutdownFollowerState(110)) - s2: shutdown s2@group-AA788A0054ED-FollowerState
2022-08-16 16:31:41,003 [s2-impl-thread1] INFO  impl.StateMachineUpdater (StateMachineUpdater.java:stopAndJoin(153)) - s2@group-AA788A0054ED-StateMachineUpdater: set stopIndex = 1
2022-08-16 16:31:41,004 [s2@group-AA788A0054ED-FollowerState] INFO  impl.FollowerState (FollowerState.java:run(152)) - s2@group-AA788A0054ED-FollowerState was interrupted
2022-08-16 16:31:41,004 [s2-impl-thread1] INFO  server.RaftServer$Division (ServerState.java:close(465)) - s2@group-AA788A0054ED: closes. applyIndex: 1
2022-08-16 16:31:41,004 [s2@group-AA788A0054ED-SegmentedRaftLogWorker] INFO  segmented.SegmentedRaftLogWorker (SegmentedRaftLogWorker.java:run(345)) - s2@group-AA788A0054ED-SegmentedRaftLogWorker was interrupted, exiting. There are 0 tasks remaining in the queue.
2022-08-16 16:31:41,004 [grpc-default-executor-0] INFO  server.GrpcLogAppender (GrpcLogAppender.java:onCompleted(402)) - s1@group-AA788A0054ED->s0-AppendLogResponseHandler: follower responses appendEntries COMPLETED
2022-08-16 16:31:41,005 [grpc-default-executor-0] WARN  server.GrpcLogAppender (GrpcLogAppender.java:resetClient(129)) - s1@group-AA788A0054ED->s0-GrpcLogAppender: Failed to getClient for s0
org.apache.ratis.protocol.exceptions.AlreadyClosedException: s1 is already CLOSED
	at org.apache.ratis.util.PeerProxyMap$PeerAndProxy.getProxy(PeerProxyMap.java:61)
	at org.apache.ratis.util.PeerProxyMap.getProxy(PeerProxyMap.java:115)
	at org.apache.ratis.grpc.server.GrpcLogAppender.getClient(GrpcLogAppender.java:108)
	at org.apache.ratis.grpc.server.GrpcLogAppender.resetClient(GrpcLogAppender.java:113)
	at org.apache.ratis.grpc.server.GrpcLogAppender.access$500(GrpcLogAppender.java:57)
	at org.apache.ratis.grpc.server.GrpcLogAppender$AppendLogResponseHandler.onCompleted(GrpcLogAppender.java:403)
	at org.apache.ratis.thirdparty.io.grpc.stub.ClientCalls$StreamObserverToCallListenerAdapter.onClose(ClientCalls.java:477)
	at org.apache.ratis.thirdparty.io.grpc.internal.ClientCallImpl.closeObserver(ClientCallImpl.java:562)
	at org.apache.ratis.thirdparty.io.grpc.internal.ClientCallImpl.access$300(ClientCallImpl.java:70)
	at org.apache.ratis.thirdparty.io.grpc.internal.ClientCallImpl$ClientStreamListenerImpl$1StreamClosed.runInternal(ClientCallImpl.java:743)
	at org.apache.ratis.thirdparty.io.grpc.internal.ClientCallImpl$ClientStreamListenerImpl$1StreamClosed.runInContext(ClientCallImpl.java:722)
	at org.apache.ratis.thirdparty.io.grpc.internal.ContextRunnable.run(ContextRunnable.java:37)
	at org.apache.ratis.thirdparty.io.grpc.internal.SerializingExecutor.run(SerializingExecutor.java:133)
	at java.util.concurrent.ThreadPoolExecutor.runWorker(ThreadPoolExecutor.java:1149)
	at java.util.concurrent.ThreadPoolExecutor$Worker.run(ThreadPoolExecutor.java:624)
	at java.lang.Thread.run(Thread.java:750)
2022-08-16 16:31:41,001 [s1-impl-thread1] INFO  impl.PendingRequests (PendingRequests.java:sendNotLeaderResponses(282)) - s1@group-AA788A0054ED-PendingRequests: sendNotLeaderResponses
2022-08-16 16:31:41,006 [s1-impl-thread1] INFO  impl.StateMachineUpdater (StateMachineUpdater.java:stopAndJoin(153)) - s1@group-AA788A0054ED-StateMachineUpdater: set stopIndex = 2
2022-08-16 16:31:41,006 [grpc-default-executor-2] INFO  server.GrpcLogAppender (GrpcLogAppender.java:onCompleted(402)) - s1@group-AA788A0054ED->s2-AppendLogResponseHandler: follower responses appendEntries COMPLETED
2022-08-16 16:31:41,008 [grpc-default-executor-2] INFO  leader.FollowerInfo (FollowerInfoImpl.java:lambda$new$0(48)) - s1@group-AA788A0054ED->s2: nextIndex: updateUnconditionally 3 -> 2
2022-08-16 16:31:41,008 [s1-impl-thread1] INFO  server.RaftServer$Division (ServerState.java:close(465)) - s1@group-AA788A0054ED: closes. applyIndex: 2
2022-08-16 16:31:41,008 [s1@group-AA788A0054ED-SegmentedRaftLogWorker] INFO  segmented.SegmentedRaftLogWorker (SegmentedRaftLogWorker.java:run(345)) - s1@group-AA788A0054ED-SegmentedRaftLogWorker was interrupted, exiting. There are 0 tasks remaining in the queue.
2022-08-16 16:31:41,005 [java.util.concurrent.ThreadPoolExecutor$Worker@60df5b6e[State = -1, empty queue]] INFO  server.GrpcService (GrpcService.java:closeImpl(279)) - s2: shutdown server org.apache.ratis.grpc.server.GrpcClientProtocolService now
2022-08-16 16:31:41,005 [s2-impl-thread1] INFO  segmented.SegmentedRaftLogWorker (SegmentedRaftLogWorker.java:close(255)) - s2@group-AA788A0054ED-SegmentedRaftLogWorker close()
2022-08-16 16:31:41,003 [java.util.concurrent.ThreadPoolExecutor$Worker@5ad1d830[State = -1, empty queue]] INFO  server.GrpcServerProtocolClient (GrpcServerProtocolClient.java:close(110)) - s0 Close channels
2022-08-16 16:31:41,003 [ForkJoinPool.commonPool-worker-1] INFO  server.GrpcServerProtocolClient (GrpcServerProtocolClient.java:close(110)) - s1 Close channels
2022-08-16 16:31:41,010 [java.util.concurrent.ThreadPoolExecutor$Worker@5ad1d830[State = -1, empty queue]] INFO  server.GrpcServerProtocolClient (GrpcServerProtocolClient.java:close(110)) - s2 Close channels
2022-08-16 16:31:41,010 [ForkJoinPool.commonPool-worker-1] INFO  server.GrpcServerProtocolClient (GrpcServerProtocolClient.java:close(110)) - s2 Close channels
2022-08-16 16:31:41,011 [java.util.concurrent.ThreadPoolExecutor$Worker@5ad1d830[State = -1, empty queue]] INFO  server.GrpcService (GrpcService.java:closeImpl(288)) - s1: shutdown server org.apache.ratis.grpc.server.GrpcClientProtocolService successfully
2022-08-16 16:31:41,011 [java.util.concurrent.ThreadPoolExecutor$Worker@5ad1d830[State = -1, empty queue]] INFO  server.GrpcService (GrpcService.java:closeImpl(279)) - s1: shutdown server GrpcServerProtocolService now
2022-08-16 16:31:41,009 [s1-impl-thread1] INFO  segmented.SegmentedRaftLogWorker (SegmentedRaftLogWorker.java:close(255)) - s1@group-AA788A0054ED-SegmentedRaftLogWorker close()
2022-08-16 16:31:41,008 [s0-impl-thread1] INFO  segmented.SegmentedRaftLogWorker (SegmentedRaftLogWorker.java:close(255)) - s0@group-AA788A0054ED-SegmentedRaftLogWorker close()
2022-08-16 16:31:41,012 [java.util.concurrent.ThreadPoolExecutor$Worker@60df5b6e[State = -1, empty queue]] INFO  server.GrpcServerProtocolClient (GrpcServerProtocolClient.java:close(110)) - s0 Close channels
2022-08-16 16:31:41,013 [java.util.concurrent.ThreadPoolExecutor$Worker@60df5b6e[State = -1, empty queue]] INFO  server.GrpcServerProtocolClient (GrpcServerProtocolClient.java:close(110)) - s1 Close channels
2022-08-16 16:31:41,014 [java.util.concurrent.ThreadPoolExecutor$Worker@60df5b6e[State = -1, empty queue]] INFO  server.GrpcService (GrpcService.java:closeImpl(288)) - s2: shutdown server org.apache.ratis.grpc.server.GrpcClientProtocolService successfully
2022-08-16 16:31:41,014 [java.util.concurrent.ThreadPoolExecutor$Worker@60df5b6e[State = -1, empty queue]] INFO  server.GrpcService (GrpcService.java:closeImpl(279)) - s2: shutdown server GrpcServerProtocolService now
2022-08-16 16:31:41,015 [java.util.concurrent.ThreadPoolExecutor$Worker@332c3be2[State = -1, empty queue]] INFO  server.GrpcService (GrpcService.java:closeImpl(288)) - s0: shutdown server org.apache.ratis.grpc.server.GrpcClientProtocolService successfully
2022-08-16 16:31:41,015 [java.util.concurrent.ThreadPoolExecutor$Worker@332c3be2[State = -1, empty queue]] INFO  server.GrpcService (GrpcService.java:closeImpl(279)) - s0: shutdown server GrpcServerProtocolService now
2022-08-16 16:31:41,016 [java.util.concurrent.ThreadPoolExecutor$Worker@5ad1d830[State = -1, empty queue]] INFO  server.GrpcService (GrpcService.java:closeImpl(288)) - s1: shutdown server GrpcServerProtocolService successfully
2022-08-16 16:31:41,016 [java.util.concurrent.ThreadPoolExecutor$Worker@332c3be2[State = -1, empty queue]] INFO  server.GrpcService (GrpcService.java:closeImpl(288)) - s0: shutdown server GrpcServerProtocolService successfully
2022-08-16 16:31:41,016 [java.util.concurrent.ThreadPoolExecutor$Worker@5ad1d830[State = -1, empty queue]] INFO  server.GrpcService (GrpcService.java:closeImpl(279)) - s1: shutdown server org.apache.ratis.grpc.server.GrpcAdminProtocolService now
2022-08-16 16:31:41,016 [java.util.concurrent.ThreadPoolExecutor$Worker@60df5b6e[State = -1, empty queue]] INFO  server.GrpcService (GrpcService.java:closeImpl(288)) - s2: shutdown server GrpcServerProtocolService successfully
2022-08-16 16:31:41,016 [java.util.concurrent.ThreadPoolExecutor$Worker@332c3be2[State = -1, empty queue]] INFO  server.GrpcService (GrpcService.java:closeImpl(279)) - s0: shutdown server org.apache.ratis.grpc.server.GrpcAdminProtocolService now
2022-08-16 16:31:41,016 [java.util.concurrent.ThreadPoolExecutor$Worker@5ad1d830[State = -1, empty queue]] INFO  server.GrpcService (GrpcService.java:closeImpl(288)) - s1: shutdown server org.apache.ratis.grpc.server.GrpcAdminProtocolService successfully
2022-08-16 16:31:41,016 [java.util.concurrent.ThreadPoolExecutor$Worker@332c3be2[State = -1, empty queue]] INFO  server.GrpcService (GrpcService.java:closeImpl(288)) - s0: shutdown server org.apache.ratis.grpc.server.GrpcAdminProtocolService successfully
2022-08-16 16:31:41,017 [java.util.concurrent.ThreadPoolExecutor$Worker@60df5b6e[State = -1, empty queue]] INFO  server.GrpcService (GrpcService.java:closeImpl(279)) - s2: shutdown server org.apache.ratis.grpc.server.GrpcAdminProtocolService now
2022-08-16 16:31:41,017 [org.apache.ratis.util.JvmPauseMonitor$$Lambda$295/483911351@5119e20] INFO  util.JvmPauseMonitor (JvmPauseMonitor.java:run(109)) - JvmPauseMonitor-s1: Stopped
2022-08-16 16:31:41,017 [org.apache.ratis.util.JvmPauseMonitor$$Lambda$295/483911351@add4805] INFO  util.JvmPauseMonitor (JvmPauseMonitor.java:run(109)) - JvmPauseMonitor-s0: Stopped
2022-08-16 16:31:41,018 [java.util.concurrent.ThreadPoolExecutor$Worker@60df5b6e[State = -1, empty queue]] INFO  server.GrpcService (GrpcService.java:closeImpl(288)) - s2: shutdown server org.apache.ratis.grpc.server.GrpcAdminProtocolService successfully
2022-08-16 16:31:41,018 [org.apache.ratis.util.JvmPauseMonitor$$Lambda$295/483911351@65ec63e7] INFO  util.JvmPauseMonitor (JvmPauseMonitor.java:run(109)) - JvmPauseMonitor-s2: Stopped
2022-08-16 16:31:41,019 [Time-limited test] INFO  impl.MiniRaftCluster (MiniRaftCluster.java:shutdown(850)) - MiniRaftClusterWithGrpc shutdown completed
]]></system-out>
    <system-err><![CDATA[SLF4J: Class path contains multiple SLF4J bindings.
SLF4J: Found binding in [jar:file:/home/runner/.m2/repository/org/slf4j/slf4j-log4j12/1.7.29/slf4j-log4j12-1.7.29.jar!/org/slf4j/impl/StaticLoggerBinder.class]
SLF4J: Found binding in [jar:file:/home/runner/.m2/repository/org/slf4j/slf4j-simple/1.7.29/slf4j-simple-1.7.29.jar!/org/slf4j/impl/StaticLoggerBinder.class]
SLF4J: See http://www.slf4j.org/codes.html#multiple_bindings for an explanation.
SLF4J: Actual binding is of type [org.slf4j.impl.Log4jLoggerFactory]
]]></system-err>
  </testcase>
  <testcase name="testRaftServerMetrics[0]" classname="org.apache.ratis.grpc.TestRaftServerWithGrpc" time="0.727"/>
  <testcase name="testUnsupportedMethods[0]" classname="org.apache.ratis.grpc.TestRaftServerWithGrpc" time="0.498"/>
  <testcase name="testServerRestartOnException[0]" classname="org.apache.ratis.grpc.TestRaftServerWithGrpc" time="4.515"/>
  <testcase name="testLeaderRestart[0]" classname="org.apache.ratis.grpc.TestRaftServerWithGrpc" time="5.501"/>
  <testcase name="testRaftClientMetrics[1]" classname="org.apache.ratis.grpc.TestRaftServerWithGrpc" time="4.712"/>
  <testcase name="testRaftServerMetrics[1]" classname="org.apache.ratis.grpc.TestRaftServerWithGrpc" time="1.02"/>
  <testcase name="testUnsupportedMethods[1]" classname="org.apache.ratis.grpc.TestRaftServerWithGrpc" time="0.482"/>
  <testcase name="testServerRestartOnException[1]" classname="org.apache.ratis.grpc.TestRaftServerWithGrpc" time="4.509"/>
  <testcase name="testLeaderRestart[1]" classname="org.apache.ratis.grpc.TestRaftServerWithGrpc" time="4.896"/>
</testsuite>